TRXV5
3
4
4
9
string Extension=J
integer IsArchMeasurement=1
integer IsSpherical=1
string Generator=SPM
string GeneratorVersion=1.3.1 Dev
double ArchRadius=0.449999988079071
integer FrequencyAxisIndex=0
integer AzimuthAxisIndex=1
integer ElevationAxisIndex=2
Frequency
5 201 800000000 900000000 LIN
Azimuth
7 8 0 2.74889357189107 LIN
Elevation
7 15 -2.74889357189107 2.74889357189107 LIN
Polar H Real Part
13
Polar H Imaginary Part
14
Polar V Real Part
13
Polar V Imaginary Part
14
Polar H Magnitude (dB)
12 0xC0000002 0 1
Polar H Phase
7 0xC0000003 0 1
Polar V Magnitude (dB)
12 0xC0000002 2 3
Polar V Phase
7 0xC0000003 2 3
0.0897197803894662 -0.0305430146010635 0.281181612028596 0.270790795430769
-0.0177514106033124 -0.0507302848566933 0.302478767755014 0.228769503982181
-0.0989560043432274 0.0137268938826234 0.071058032878436 0.599988419664858
-0.0688661659066618 0.047527220461072 0.213113046407362 0.878088500259321
-0.0132758445711703 -0.00220048916302531 0.305723782262745 0.784123182094077
-0.0510739545621917 -0.0670583289149948 0.232310649622074 0.55535334315365
-0.0644869378914495 -0.0651874006231475 0.102548464414701 0.248813992016575
-0.041289950133613 -0.0410985443170958 0.0111786586111143 -0.0596838662288844
-0.0224591418653334 -0.0387627637826398 -0.131429266195588 -0.337642766537048
0.009958364113545 -0.0647530794842592 -0.244369260602149 -0.552741267786805
0.0594533178691891 -0.00590640935703877 -0.360757563192004 -0.707687652524307
0.0548831168233221 0.0793948439290785 -0.387322918486747 -0.651352970654185
-0.00719323622922698 0.0206522204543955 -0.322159850697017 -0.492631090506641
-0.00410100546178479 -0.0581989770290973 -0.288551348061013 -0.245596350808815
0.112333498184032 -0.0611130114386794 -0.356577189067792 -0.12738404782774
0.0366505856037665 -0.00614199530315222 0.265898858548236 0.298708098541443
-0.00611799189528544 -0.0130692040087566 0.313079593873511 0.229564424648105
-0.068595512877244 -0.00277541435729235 -0.0140723797951681 0.598870073175414
-0.0743523177552373 0.00942804984798135 0.111124009089513 0.929418564305146
-0.0399278177101717 -0.00206932148415972 0.247862998693939 0.826611573879615
-0.0550408141702318 -0.0396615028641324 0.201676445162117 0.556705485731159
-0.0541245408336399 -0.0321117873999971 0.0907317997399833 0.228854612868084
-0.0315388932696016 -0.0146216581153124 0.000776428178252188 -0.0835005985429682
-0.0126100873481879 -0.00715777323575868 -0.150392983146427 -0.352535483580611
0.00592693222862702 -0.0377605794726563 -0.275779847728314 -0.542717317765441
0.0404420526057809 -0.000554044036171149 -0.399913394157472 -0.656886418030225
0.0478603854682528 0.0521240273281265 -0.432701216989009 -0.586126656596562
0.0151169136664486 0.00476724734353272 -0.370564243724954 -0.449428454893973
0.00720243314033436 -0.0337881703250635 -0.30345177011025 -0.228815242118574
0.0687323869640844 -0.0329170418320769 -0.366336692423836 -0.104958853631036
-0.0311416460104032 0.0162102260017104 0.261076944666336 0.315664673875016
-0.00629196294110797 0.0335038028532164 0.322065132827487 0.231057975036284
-0.0318128127352744 -0.00920396560858158 -0.0667887369522753 0.590080623510062
-0.0710515401845474 -0.0332708712217794 0.0393642821608637 0.953528483796923
-0.0706380557327058 -0.00570878980346307 0.2058160460158 0.850588629879558
-0.065632774775651 -0.0062776091799098 0.183901404542699 0.557562228622896
-0.044876585201595 0.00951863405164662 0.0864377155515852 0.217799431613444
-0.0192462417111368 0.0187510507961109 -0.00441139778280947 -0.0924022437399966
0.00171710135053823 0.0285739844285258 -0.163870830849447 -0.354500070112223
0.004308945656031 -0.00384377769189241 -0.297578067455881 -0.530877977951596
0.0194889123409301 0.0113254801753644 -0.424241560008578 -0.622330600305059
0.0335542160883523 0.0252831821124191 -0.458841209202476 -0.543804236553407
0.0335584147387672 -0.017360962610867 -0.396336043043473 -0.42126205607061
0.0243800574670648 -0.0086895751087918 -0.314478421850663 -0.215537604300338
0.0205636357660144 0.00234221409760911 -0.372385496682851 -0.0900688796191735
-0.102574560863481 0.0363164207316046 0.270091774741276 0.319492679687715
-0.0124861256407552 0.0790177809560785 0.325223802319664 0.229303198933839
0.00378535654663836 -0.0106103321120233 -0.0810660232134287 0.585471719254267
-0.0662617181680061 -0.0698792587037271 0.0188603990711422 0.954154070583025
-0.102470103288704 -0.00826323177023363 0.187719479408968 0.853921620455897
-0.0783687812020247 0.0295608647062796 0.175935444026787 0.559794804865192
-0.035670469900735 0.0521209781424747 0.0866138906872294 0.217875132044344
-0.00518008928669307 0.0543577898137634 -0.00222572361874833 -0.0886830962646868
0.016571440652115 0.0659156821670217 -0.160972318101096 -0.351960731923911
0.00347195633617096 0.0291510275635091 -0.300703657480149 -0.520464789694071
-0.00113210703918513 0.0243195471911108 -0.4350352297968 -0.605285359010993
0.0171994371889142 -0.00241447781764775 -0.470343287981014 -0.532322527422621
0.0499670764464231 -0.0391516822048959 -0.399346843048533 -0.417382242937268
0.0420240176340068 0.0150934562853608 -0.317444566143295 -0.203435796986162
-0.0276333971297494 0.0368134455637565 -0.376413107634427 -0.0854592067339144
-0.158611103113526 0.0585671005115843 0.292788105060151 0.30463323321906
-0.0129075830376617 0.113305324625644 0.317474113831679 0.225154145392434
0.0307547544279501 -0.014054709513075 -0.0513576848654691 0.589387927343128
-0.0650262282214426 -0.0986206192867234 0.0497848553901244 0.929749694659689
-0.127649357087148 -0.00526188314875557 0.202298281139092 0.842137851680667
-0.0872792090101353 0.0626345779670557 0.180534474105715 0.563493450176238
-0.0277213888748132 0.0902857911957048 0.0956422316953328 0.231094384680713
0.00742349150216272 0.0853070299846581 0.00740959161604668 -0.0705637481327398
0.0283172104446492 0.100128943254887 -0.149932371117046 -0.339977030755071
-0.000157404968858202 0.0600619913402785 -0.290611570862725 -0.515917570755216
-0.0211374866211969 0.0358700576498467 -0.432313957017767 -0.613028216469043
0.00382006248001392 -0.028972972024113 -0.466077735345345 -0.557512811845903
0.0680637837328619 -0.0571161424892186 -0.380315246770435 -0.435540630515594
0.0541271142603454 0.0373270368942708 -0.315428158352209 -0.200048952619116
-0.0719069782632953 0.0647966528226042 -0.374226193277189 -0.0942215335541369
-0.185096995603062 0.0809855049938864 0.320841922393269 0.272565416324067
-0.00453145984371915 0.129217065644172 0.305681567735054 0.220457451150841
0.0435600766989841 -0.0235709289780592 0.0144029801050613 0.592661248944114
-0.0715113706490188 -0.111778261454016 0.125955676763376 0.891018502325912
-0.142247962860949 0.00512320069640135 0.241439724392774 0.810584397191307
-0.0894876206803316 0.0879986168888417 0.200040876214986 0.567122048184818
-0.0197236455761642 0.116255143113087 0.108982660609787 0.25279098519038
0.015789883404512 0.108293793684649 0.0215675182600828 -0.0396839895902236
0.0362178316966195 0.126335516657832 -0.128005367381918 -0.320732866181687
-0.00641914270046679 0.0821048859522613 -0.267330807420493 -0.513130270235062
-0.0395007819094914 0.0401446189365133 -0.414466329725311 -0.638356054856133
-0.000478029930729554 -0.0506585623422508 -0.441275678831415 -0.612686916086609
0.0866038717233648 -0.0642748087470298 -0.339057295020608 -0.474921262139234
0.0567239460798759 0.0583414346991001 -0.307480306254127 -0.201144342489475
-0.110271496846142 0.0779830453976202 -0.370529481423921 -0.111418335149286
-0.181400539256654 0.0953055538555084 0.343685475434004 0.233473844064432
0.00884196850620154 0.124284207957821 0.296881330945662 0.21774014980004
0.0416370670463346 -0.033120921598594 0.103884952952876 0.582616306392916
-0.0807017604935364 -0.108498018031543 0.219553191424092 0.825289293749627
-0.142533441794246 0.0191866817705974 0.292812228547444 0.77019296377144
-0.084306534131295 0.099741415299309 0.229302189131532 0.569220411147083
-0.0150631635231319 0.123465048029669 0.128280544529115 0.281047914457915
0.0199125245142911 0.118833019128075 0.0391332087835373 -0.00302172864537945
0.0359378035020873 0.139510803471923 -0.103878426153374 -0.293837954053237
-0.0147325606938723 0.0927644058127958 -0.237695076999146 -0.514507313517522
-0.0503353236916231 0.0385519318777796 -0.382969021326932 -0.682691668944761
0.00456814971904418 -0.0642618064932477 -0.391691044672681 -0.690139120546637
0.101532995472719 -0.0581758615305509 -0.275532800356589 -0.524161158967059
0.0458809368402981 0.0725576709914669 -0.295330942892726 -0.205075573422903
-0.134654570426026 0.0725078893956406 -0.360021637688521 -0.136665099154856
-0.152857468134313 0.094705371578473 0.360181987229293 0.191400103990641
0.0159428292449136 0.099503256396446 0.294026550682164 0.215883943869509
0.024208461872759 -0.0377469013197418 0.197470326751385 0.55596142284678
-0.0885875426415227 -0.0883270785146187 0.310275993874015 0.744695303054462
-0.129748720680036 0.0308953599862455 0.345294398428274 0.714924934740448
-0.0748599717497835 0.0960215099625251 0.265681072330126 0.569387524012507
-0.0129156729902706 0.116616436896768 0.151778964856245 0.308289771549405
0.0197760627585936 0.114830607542975 0.0563941690582616 0.0350510462635609
0.0292640872696175 0.136893726114961 -0.0783837727105463 -0.265381213014982
-0.0226793911348247 0.0888625560571766 -0.199842316874618 -0.515120957317097
-0.051360698253636 0.0302255175259077 -0.339340139885388 -0.733928317912146
0.0173783239223843 -0.0640280545332285 -0.316025472401324 -0.777674492176788
0.104417496816559 -0.0408587326989104 -0.189210799116926 -0.565439363915735
0.0262813734618655 0.0733945089148265 -0.284724802158761 -0.206898327890957
-0.136308562006413 0.0513873159219804 -0.346832230859692 -0.16729334569405
0.0887614744743432 -0.0317805843136265 0.285352700751073 0.269604776460958
-0.0182601485895692 -0.0509893038023019 0.306640839143532 0.228397548525418
-0.099403765847492 0.0146687049584155 0.07935280090542 0.604421426133054
-0.0690704474932336 0.0472926442527511 0.223954820098059 0.880314860972503
-0.013779517909936 -0.00298542213789881 0.318342407294882 0.783403044118804
-0.0530742373939249 -0.0657528072284993 0.241848650208413 0.556573213245181
-0.0658281882699334 -0.0628321934911571 0.107255766739379 0.25040172314538
-0.0419280878447546 -0.0409852179591073 0.0110012179787197 -0.0591957309400668
-0.023151290280312 -0.0373163593234073 -0.136150394606616 -0.336753688117121
0.00803954216454264 -0.0656989897560998 -0.253464408019149 -0.552468036277132
0.0591527601301179 -0.00602977685353002 -0.374151371921725 -0.707954820463365
0.0573897897615097 0.0786573121470797 -0.397039916797695 -0.651491956573973
-0.00736576890826028 0.0197742017317453 -0.330500027978378 -0.49066410107849
-0.00511896419762888 -0.0586116057323203 -0.294390007045723 -0.245114255840428
0.113428621908562 -0.0623392090793644 -0.359094856312277 -0.12498140750801
0.0373809310398626 -0.00584927663096492 0.271332873492215 0.297763668173255
-0.00574540196143344 -0.012567037075015 0.317272714414548 0.228750410382114
-0.0691569798708814 -0.00183747451088551 -0.00408026079056759 0.604508346533373
-0.0747679710195063 0.00965458005780752 0.122636158733561 0.930275861244855
-0.0393987358881404 -0.00227059282196188 0.259337880469783 0.827514738759787
-0.0555509836938146 -0.0386701636264993 0.211704479723221 0.557706802801122
-0.0545044044921874 -0.031076245592853 0.0952473149551909 0.22887399518128
-0.0315893307999855 -0.012447667315396 -0.000283019844264602 -0.0820928035629239
-0.011693510826751 -0.00706881018323218 -0.157046302068889 -0.350669138773777
0.00419811376504064 -0.0378356882374009 -0.285461660935142 -0.540666315845289
0.040778204771471 0.000269422549322519 -0.412608360706758 -0.657236426939366
0.0488950016366125 0.0510295074593075 -0.442863627569815 -0.584021396907485
0.0138553395004197 0.00517981780607828 -0.378106043414768 -0.446852625134696
0.00725148063252212 -0.0330960704692957 -0.309783638031045 -0.228627078314421
0.0675205986937234 -0.0339309596767408 -0.370051091480569 -0.0994208658615141
-0.031592179171149 0.0177996381453137 0.266934081657098 0.315076213606255
-0.00547086402388359 0.0342031523825267 0.326016796074795 0.230692315760273
-0.0320990769688209 -0.00808600257412853 -0.0577294021647452 0.595905103346072
-0.0733847603070451 -0.0322307494001768 0.0532892341433837 0.957764949444026
-0.0722938459705082 -0.00431249089038933 0.217543401195064 0.850606043606188
-0.065675103294319 -0.00436181210491538 0.192218057304717 0.557754836934731
-0.044224977245337 0.00993008385792484 0.0898340493825 0.218094595004276
-0.0191209749720511 0.0203916353487823 -0.0052442651046683 -0.0919930819926043
0.00238783535413707 0.0298908404597318 -0.168418661590327 -0.355269184456389
0.00301873117839644 -0.00368912011640675 -0.304884452791923 -0.529039920570295
0.019619483569538 0.0112352671395255 -0.435204589803374 -0.620684951291723
0.0337165493336884 0.0241887319262854 -0.469352031604578 -0.54243445624378
0.0322501167057177 -0.0178361494619503 -0.403768245938034 -0.418246032149122
0.0250285285150064 -0.00896634108515948 -0.320112464782648 -0.212983348154672
0.0203610462636446 0.00121369204406555 -0.374458585808838 -0.0856487009519364
-0.10266152786235 0.0379578784104642 0.275081481935183 0.318086612853852
-0.0122454091342318 0.0790129736622807 0.327724551507773 0.228468110726798
0.00181493225366833 -0.0100126870555719 -0.0718887535078884 0.591927091041872
-0.0681039664225589 -0.0702489715277389 0.029999014351157 0.958690208933139
-0.103312430106273 -0.0058478876443294 0.199618884078707 0.855013034925682
-0.0780346910880415 0.0310588783976741 0.184776468071224 0.560730102447187
-0.0350153151890759 0.053228448673794 0.09200818036626 0.218343698256493
-0.00349234207731063 0.0548350036221338 -0.00303288388623603 -0.0883693058701443
0.0182475382648265 0.066075029052119 -0.167059330844351 -0.351371139207971
0.00271934783363455 0.0288278677292526 -0.309251104611458 -0.519085996480885
-0.000881952661171519 0.0241126451004515 -0.445796960608738 -0.603062579211993
0.0172872119916976 -0.003623871459058 -0.480753730251789 -0.527719739842935
0.0491925995157347 -0.0404583483351218 -0.40755254367986 -0.414060829302188
0.0425173498880266 0.01398753753208 -0.323914540316213 -0.203171891448677
-0.0261372168563601 0.037026633194045 -0.378059201180886 -0.0831684656824094
-0.158199899684289 0.0597344673681253 0.296716030532141 0.303588375383844
-0.0114810774529081 0.11356596367799 0.320144173933342 0.224207213160883
0.0299134962034133 -0.0148156544921295 -0.0427462525405932 0.595359695155245
-0.0665554196334101 -0.0978707914706935 0.0616064581066912 0.937415247246687
-0.128116471665997 -0.00282731260746802 0.213656229596652 0.843978339584384
-0.0874549887332112 0.0639204245675117 0.189194462366325 0.564535521177889
-0.0255149884045637 0.0911950138511248 0.0994532617742877 0.230603249636993
0.00858422114080014 0.0860855137860006 0.00653989442680772 -0.0697412201169205
0.0305404819138267 0.100418599885877 -0.154000457152146 -0.340336430369777
0.000277609877295894 0.0596246698066215 -0.299470325514124 -0.51325036572841
-0.0208325948932728 0.035531542973084 -0.441363924419858 -0.609552084567932
0.00352116684605021 -0.0287222319931995 -0.474905893755946 -0.554088239320316
0.0669227433122739 -0.0574512457581902 -0.388829564715195 -0.432836432660981
0.0543621941638576 0.0365057589742484 -0.320659100566353 -0.198865323010319
-0.0712409317463792 0.0653223610635675 -0.378049167634674 -0.0910534002483632
-0.184523641534866 0.0815269994702633 0.323671381068717 0.271358292605855
-0.00278765591007715 0.129316938725478 0.30940897730344 0.219936315661727
0.0430595309879478 -0.0238900208901039 0.0222272394434814 0.597215889642919
-0.0735323099347564 -0.110310342007828 0.138262607523539 0.896671523310953
-0.141700593868721 0.00674429993832443 0.251906565534256 0.812019564070064
-0.0881307632904866 0.0895559296048296 0.209128627637803 0.568876782457977
-0.0185549531414326 0.116237252876541 0.113989251307583 0.25378981767562
0.0172816195574608 0.107829982625804 0.0205105750799464 -0.0398362652867976
0.0371335222960108 0.125977329637593 -0.132903711851329 -0.320415443947301
-0.00532096865131635 0.0827772138390314 -0.2755458769477 -0.51204176786483
-0.0384473413960617 0.040744315187289 -0.426817152865114 -0.637310882289924
-0.00168641904759911 -0.0505577032660167 -0.451957512055791 -0.610168838823668
0.0849666854584388 -0.0655661742950938 -0.348913587214088 -0.473138375667038
0.0564512078887081 0.0577354392239004 -0.313052862474775 -0.200692294660082
-0.109645161627489 0.0779907201692147 -0.372653233073283 -0.109369850445312
-0.179273684384846 0.0968748955458331 0.34701895841324 0.230777698110542
0.0107211118974637 0.123289168332356 0.30097394148777 0.217654023089257
0.0412597595357569 -0.033744438320749 0.112991335390525 0.586550277243128
-0.0842936339164702 -0.107151241197774 0.232104686360239 0.829359415708769
-0.14166556218141 0.0207264379925371 0.303552477858213 0.768705362156424
-0.0829060154040543 0.100892027255247 0.239267575013864 0.569330609580583
-0.0125959775915917 0.125312556215448 0.134042693833828 0.280394286542654
0.02275711039841 0.118543917295239 0.0394623089518516 -0.00349008836699471
0.0391174472174099 0.138716684784025 -0.107880248794744 -0.294503970426053
-0.01401875096727 0.0929294149029457 -0.245501040309448 -0.514592699268741
-0.0498528561817578 0.0385132207345232 -0.396442356017828 -0.680226599614146
0.00413828212442674 -0.0641893683144099 -0.402210224186921 -0.688803691435397
0.0996442996612129 -0.0586898309880909 -0.283934613492021 -0.522512703223441
0.0467327638500179 0.0712734044292036 -0.300381486484272 -0.203819107938469
-0.132795268310393 0.0739417494973266 -0.362632158359455 -0.133931058599667
-0.151502659442997 0.0960684508799891 0.362010736864117 0.187731675347323
0.0164009936780689 0.100168001822326 0.298364467957826 0.215652226518881
0.02434989626304 -0.0375784582943832 0.205525647196557 0.556730337010568
-0.0909731714672245 -0.086997173208013 0.322481079077554 0.745236981338378
-0.128804724956136 0.0314186045340354 0.356306521829226 0.712919305504953
-0.0737885689210213 0.097089740992128 0.276345861069657 0.568910708290076
-0.0109068647004125 0.117262154539897 0.157559283336551 0.308330969242008
0.021186425801765 0.114081379460674 0.0579483614160643 0.034731544332139
0.0326256774500611 0.137642011591043 -0.0833268115457551 -0.265231870429151
-0.0210696257998469 0.0905947894421076 -0.208981503110292 -0.51544570927626
-0.0517801049510503 0.0314855098585744 -0.349941823934178 -0.734454375727684
0.0161692681174871 -0.064025832522692 -0.327074469246121 -0.776865411916472
0.103422693683148 -0.0411191722109174 -0.198853295505645 -0.567580076112081
0.0267975734595709 0.0719769150836632 -0.28957510108766 -0.206335247410468
-0.135466405708382 0.0527299015676503 -0.350193381290389 -0.164222185043611
0.0877685968511942 -0.0333361325390823 0.28967172524698 0.26765098632567
-0.0182251090432762 -0.0496209323729594 0.312298176863073 0.227310868561874
-0.0981400763849956 0.0170346299408252 0.0906558138389454 0.605990404700924
-0.0683266790108691 0.0486078514669287 0.236330894161049 0.880747470259699
-0.0139932094776722 -0.00309176887672905 0.328849567786131 0.783573094080633
-0.0542074363905376 -0.0642899942474219 0.252673869573335 0.554119324791427
-0.0671455544070927 -0.0619805516791765 0.112382900874171 0.249141980344415
-0.0431431088931494 -0.040304282178948 0.00925014746199574 -0.0587573238337222
-0.0225969985755308 -0.036721196516145 -0.141567076666576 -0.336352295633082
0.0074450771426849 -0.0658121167084603 -0.263386767666335 -0.551176922978538
0.0590707548722412 -0.00720349511204122 -0.387002378345558 -0.70509048738578
0.0571300945216548 0.0774851172501834 -0.410143650286818 -0.648646505559009
-0.0075135634003525 0.0201027976710239 -0.339975503780221 -0.489593402576176
-0.00534642704512371 -0.0586917040798147 -0.301533943867888 -0.242298366436563
0.112808178210948 -0.0645348380656625 -0.363092270723613 -0.120639685294606
0.0366515712665709 -0.00539290643746672 0.275538386767233 0.296279716671071
-0.00630521097083851 -0.0124311171099896 0.321290709908929 0.229140831540524
-0.0690656185587797 -0.000128718637742824 0.00368322931964691 0.609381639236828
-0.0766352080089929 0.0105668352725794 0.136848194132029 0.937035142188859
-0.0416417679098453 -0.00165943846861318 0.270777608933823 0.827508468424138
-0.0567952578113338 -0.0372781714836983 0.221210473583666 0.556394989780099
-0.0552211419117018 -0.0296616079988678 0.0986977847532364 0.228884139080906
-0.0321922354552961 -0.0132642944395602 -0.0019092849324585 -0.0813871827420509
-0.012102116162768 -0.00645331558937874 -0.161873632673056 -0.349729283597679
0.00393238461911953 -0.0375409587972019 -0.293832926046906 -0.541489805113605
0.0407504064522138 -0.0016966349158485 -0.423273957758004 -0.655703536699789
0.0494637231550914 0.0500021225384326 -0.453623742978313 -0.582241057240868
0.0137216956757979 0.00381369210664237 -0.38601263546787 -0.445123041914531
0.00685929881986729 -0.0336563684815853 -0.31523094537253 -0.226903702698448
0.0673920013161327 -0.035503925681298 -0.371038214530403 -0.0961016140525844
-0.0315687499861566 0.017567473796326 0.272699786320857 0.31376214178208
-0.0050066651975284 0.0341559679182543 0.329938745026092 0.229403156271308
-0.0333708372141429 -0.00742169377922471 -0.048733246669877 0.601143905004954
-0.0748584074680606 -0.0318273824130654 0.0650861782701126 0.961934764015153
-0.0726602767808503 -0.0033912969319314 0.230756706489265 0.851494555288741
-0.0661178414355975 -0.00390447273764583 0.20079413429636 0.55849462495965
-0.0440701957416453 0.0113433724373361 0.0944750491305911 0.218300257262241
-0.0191513947854716 0.0197393944687165 -0.00643647111204339 -0.0918644671886202
0.003827147379003 0.0295728035461121 -0.174308024393451 -0.353788599266601
0.00298528565868612 -0.00403994458333238 -0.314964408790857 -0.527308962934638
0.0200103085555435 0.0103808031726521 -0.446380083052534 -0.617557312691007
0.0353924751518596 0.0226015091385584 -0.480738911055429 -0.537351629935422
0.0315589907958025 -0.0181672634898799 -0.411853335877555 -0.415016363404397
0.0240107704228093 -0.00925548246176336 -0.324943542050584 -0.21068593681751
0.0208006230053655 7.91692026193298E-05 -0.377044563360686 -0.0821457764440135
-0.101295435294088 0.0393306407534271 0.279150325404838 0.315470013011091
-0.0107977628968803 0.0784958488346502 0.33092473874161 0.228823319647114
0.00263229903823982 -0.00957720909676225 -0.0617806370574535 0.596547380034017
-0.069794538014709 -0.0681280585469415 0.0456912417531558 0.962947302441037
-0.103652452263366 -0.0061257780632829 0.213044000546499 0.857851165231697
-0.0775201893868812 0.0333633196115184 0.193949470825228 0.560368946005811
-0.0336200755167475 0.0546081592351284 0.0956433283891806 0.218614989689166
-0.00363131639170771 0.0548166622178704 -0.00382267567695959 -0.0874427362414315
0.0198696987320306 0.0669473726747727 -0.171796542779869 -0.350347094838696
0.00324203968619165 0.0299710259301572 -0.317462879637934 -0.516116752089212
-0.000806706298148489 0.0241647258123912 -0.456898366962239 -0.60000251410601
0.0173614737517692 -0.00449624173420615 -0.48933770095883 -0.524617754003349
0.0480681032291027 -0.0400787067780949 -0.416190669974807 -0.409550966521251
0.0422299438705355 0.0134870818735649 -0.329330491726563 -0.20167390544473
-0.0262106852761701 0.036638701352533 -0.381105254161122 -0.0782401960644838
-0.156508006979004 0.0619770792674309 0.301621784408829 0.300605499949681
-0.010928111290884 0.112814048197646 0.324277524080959 0.225546676511236
0.029585243483871 -0.0140896544941857 -0.0337803463999568 0.600169284411432
-0.06851468557774 -0.0970204253961812 0.0758270794937463 0.94152823804878
-0.12912291329591 -0.00123542220147902 0.226557327306977 0.84514131621674
-0.0855185063443518 0.0667431704462519 0.199540461739583 0.56384780281869
-0.0233862585533904 0.092079408872651 0.103251546652458 0.230382342377277
0.00927771756631571 0.0865814196731573 0.00508598337120307 -0.0680657148879447
0.0326702747650178 0.100217353204954 -0.160390286258102 -0.339360163293503
0.00085323653543197 0.0609161862117785 -0.307548720914797 -0.512370913863652
-0.020467052807009 0.0347799468080738 -0.455028488574615 -0.60667774373651
0.00364941123510206 -0.0287921225900299 -0.484903056105164 -0.551433965332222
0.066088877724934 -0.058421609421203 -0.398852668690097 -0.429890279701152
0.055303521558415 0.0351516499494028 -0.326797416906367 -0.19691252693269
-0.0702275098579896 0.0658018396051713 -0.378368214665483 -0.0864761263741876
-0.18443308640424 0.0833234313054819 0.328407911649848 0.270823614962416
-0.00035781337946331 0.128539292924058 0.312919794321301 0.218700069036381
0.0425081153672344 -0.0239397273178643 0.0322905617874837 0.603252127694398
-0.0752828172056813 -0.110646669458989 0.149815316725543 0.897413698948856
-0.141676936059307 0.00946013629998225 0.264347663981423 0.812291200696972
-0.0872994763989934 0.0914883023639639 0.218978502743255 0.567567485150502
-0.0160815634334369 0.117761753636456 0.117188924144932 0.252175406191537
0.0197155341443123 0.108097319860835 0.0204387775962583 -0.0390774179184104
0.0409602826937276 0.125505868190862 -0.137664030673562 -0.319195978085254
-0.00453525331600381 0.0831295657073499 -0.283895655331547 -0.511975637971867
-0.0384285134209265 0.0418366567790161 -0.436448007501001 -0.634112474810793
-0.00153499448899649 -0.0518607810339303 -0.463531451133846 -0.605498966967504
0.0832566749216036 -0.0666709662410393 -0.357742548589078 -0.471419105936966
0.0566277449511143 0.0563038100172382 -0.316868739179696 -0.198949291394932
-0.107809047844923 0.0792999219003227 -0.375614663566768 -0.105033142594588
-0.178828188154024 0.0986773687530345 0.350461013261638 0.227802612575903
0.0117628929889312 0.122528335629621 0.304710236319658 0.216885440279009
0.0397339561669028 -0.0346904380094088 0.121728294217697 0.590136991508018
-0.0863058958275905 -0.105397206370926 0.24440220210423 0.831048823758321
-0.142908079975974 0.0230745072714716 0.31551147481167 0.767263013713596
-0.0811316938261228 0.10294348434745 0.2485380968418 0.570013266768895
-0.00988217786781677 0.126499701531579 0.138207032360851 0.280205836639197
0.0244468300639135 0.118250754240973 0.0395229835086362 -0.00250502419844602
0.0414355546325476 0.139365631088876 -0.11239246207704 -0.294124290502974
-0.0131095063976994 0.0945051947113688 -0.253146920008887 -0.513763621238423
-0.0496926791053127 0.0382349535227593 -0.407960876429922 -0.679099046543522
0.00255489246536708 -0.0647538186448196 -0.414275251426212 -0.686705399449377
0.0978708238326021 -0.0603212490811193 -0.293210345846918 -0.521522536658
0.0472123211553373 0.0705709917039813 -0.306019082899027 -0.202570283793944
-0.132297926094554 0.0750364693152045 -0.365545290427897 -0.129226845408185
-0.150425021078968 0.0975966136639756 0.365238997698154 0.184867371849987
0.0180127693544788 0.100301751159773 0.303838706381497 0.213764744559179
0.0223356378847928 -0.0370776134234911 0.215741580855311 0.558139215732627
-0.0928230127281264 -0.0862787439208773 0.333640974583095 0.746489341048676
-0.128640821376139 0.0335153520459898 0.367042701090688 0.712429304778089
-0.07250475082182 0.0992530608788775 0.286299320911258 0.566169247798206
-0.00870304232289022 0.117337771574174 0.163390636054143 0.30801803342567
0.0228563811150958 0.114232863845234 0.058609352625264 0.0351486408867616
0.034949302366975 0.13733539073051 -0.0855824067257872 -0.265499459504093
-0.0207127032394644 0.090168489966141 -0.217185995808009 -0.515453217888058
-0.0508300893776278 0.0314613656224198 -0.362359581010724 -0.732915863803561
0.0153832306430245 -0.0641539431285773 -0.33893081488865 -0.776293805501719
0.101969141213692 -0.0426860579005968 -0.208458185690842 -0.56760551728742
0.0280612657075753 0.0714269766225366 -0.294284587074643 -0.205474897673149
-0.135300055346308 0.053146740643246 -0.353363181415944 -0.160404466253938
0.0882596852953521 -0.0329715254399805 0.293552825492576 0.264784489040397
-0.0193529662952439 -0.0492971414670032 0.31691157291576 0.225004281041457
-0.0983619209472942 0.0175630247520887 0.0981269818455828 0.609888841678704
-0.0690451820123834 0.0491123547713674 0.249869062735022 0.879642336881445
-0.015402035706126 -0.00475032010156599 0.342202417249584 0.781511505172661
-0.0542023971624959 -0.0630955344088231 0.262363726294132 0.551725201058228
-0.0682806682468889 -0.0594173631655488 0.116993431889002 0.249543592806207
-0.0427864775702652 -0.0387977221006325 0.00860868337844792 -0.0586683773775551
-0.0233391173485274 -0.0362906558401931 -0.146168554238433 -0.333721849288015
0.00490334956671987 -0.065753219821781 -0.272003423460781 -0.551047281531868
0.0582614057304166 -0.00805062107358055 -0.400721504854369 -0.701119654915314
0.0587964260612361 0.0756406988720462 -0.421763396919494 -0.6439527113862
-0.00760639643748307 0.0194255592348968 -0.348956095933038 -0.487570848322159
-0.00648420227900597 -0.0582016533952473 -0.306490124921648 -0.241007234765532
0.110687993026553 -0.0665644229953499 -0.366543164652596 -0.11558980048673
0.0370088240608716 -0.00628969891029925 0.279428365260202 0.292827300814979
-0.00515860318538188 -0.0123010669485927 0.32543044637667 0.226774754617863
-0.0694274639388435 0.00150520877063053 0.0143180556969714 0.611216923160613
-0.0762382987154684 0.011765520941808 0.150646378251739 0.936026227864266
-0.042252670326106 -0.00142745476274781 0.283772396162236 0.825557571780917
-0.0575768643087455 -0.0364984053189186 0.2306222793966 0.555832470416402
-0.0557546750495631 -0.0281745734751825 0.103289638760551 0.229697320173474
-0.0328882361021649 -0.0129634032100438 -0.00300811959368438 -0.0810094168634189
-0.0120859467531758 -0.00554325545108249 -0.167073529700098 -0.349176249969023
0.00145514766070703 -0.0366545825243025 -0.303725849995162 -0.537320597033223
0.0397103360222578 -0.00214126791067662 -0.435909502616833 -0.650447080025291
0.0500730538632093 0.048936191451484 -0.462543009961561 -0.576422334827209
0.0129975751344497 0.00390562848041057 -0.39515004111264 -0.442184595027682
0.00611998244823547 -0.0331452561083074 -0.321047908105569 -0.224619445541025
0.0677524076724599 -0.0370749900721986 -0.372945468710589 -0.0930001249975505
-0.0306128720060255 0.0189141741364371 0.276704373890857 0.3108339499219
-0.00506834706505754 0.0332866658932981 0.331382725229006 0.227075430968788
-0.0340673362976837 -0.00738544316804729 -0.0400127774791117 0.607731904962817
-0.0751893361865746 -0.0311074939078419 0.0803088043884019 0.962943629131604
-0.074224045187278 -0.00329774124158695 0.241827067700648 0.850333968056806
-0.0656231899172123 -0.00110738334719715 0.209413150704287 0.556297817191904
-0.0432253568084965 0.0130704779540461 0.0976880509228755 0.218574236180567
-0.0188722408402232 0.0205410330935226 -0.00810287193784598 -0.0906778774591
0.00407517011616 0.0303424125084097 -0.179480958531611 -0.351762972827182
0.00375186371088872 -0.00264309552161269 -0.323068427241144 -0.525259225443759
0.0207944096387715 0.00999656553646008 -0.459597923092362 -0.612483901518597
0.0354845142050145 0.0212372823914908 -0.490701187157451 -0.532212613111542
0.0300540932532817 -0.0189600914600503 -0.419014554332267 -0.411047670333399
0.0239396752841182 -0.00926698956102164 -0.3315727974527 -0.210456745007017
0.0206640694846088 -0.000537596349303178 -0.379200968960431 -0.0782842616465376
-0.101243849335575 0.0401122694375485 0.284214333487619 0.311871889401393
-0.0103908417782754 0.0787806169412033 0.335929523890419 0.226312244527127
0.00143862441741071 -0.0102223514554446 -0.0544728217658808 0.602570040953634
-0.0711936149786519 -0.068084708226358 0.0580404625804939 0.965307455946639
-0.103729950852738 -0.00353270100203478 0.224313472276312 0.856440238922935
-0.077726394412642 0.0344532972170017 0.201895011263493 0.559915247627099
-0.0321086370644051 0.05517003065368 0.0998023281086638 0.218602714143795
-0.00208013599661666 0.0549917804156221 -0.00475696986488534 -0.0869603543910257
0.0199766518006482 0.0658927189147868 -0.178025385946247 -0.348981605877278
0.00258539142289366 0.030662688828207 -0.326616808395329 -0.51455910262626
0.00016309139381316 0.0247724810653525 -0.470470503296306 -0.595834194284429
0.0172460856103609 -0.00477859649689009 -0.50044241631359 -0.51999943868785
0.0474676835760856 -0.0419580356230709 -0.425251898735445 -0.407291395854998
0.0425625118549492 0.0130287405443667 -0.334461020947314 -0.198082172748652
-0.0251848973333864 0.0368255948446784 -0.382231858131615 -0.0742615476211469
-0.155741346216887 0.0633253476101699 0.305826810186546 0.297022371960335
-0.00780157161474406 0.111904365359449 0.326839327608033 0.22217293515773
0.0295614635066284 -0.0136321169807345 -0.0236613052151197 0.604229843505759
-0.0716208645090598 -0.0958329449225091 0.0897018510207316 0.94464818342315
-0.129200074830694 0.000801830683539742 0.237136247529499 0.845441544372163
-0.0841324749835412 0.0686025550820678 0.209012131579443 0.563463211286269
-0.0220842457284986 0.0930323408483897 0.108720141074375 0.230652165217617
0.0110137852468594 0.0853413236765774 0.00490944521496212 -0.0683379453269596
0.0345590942739312 0.0999620751710281 -0.165361819146794 -0.335669141447837
0.00129663930457678 0.0603541815793781 -0.317854209851123 -0.509432624594127
-0.0197543125258696 0.0354427365370409 -0.46451995306627 -0.601576192017377
0.00314823103004306 -0.0303792925809257 -0.49590472225537 -0.545704016159005
0.0641776985917637 -0.0599641268798324 -0.405917976546249 -0.427390378396934
0.0550442836041932 0.034416053015917 -0.330524015209694 -0.194807317059591
-0.0698371969286531 0.0660416476290752 -0.381068737671813 -0.0821377105292756
-0.181670925448016 0.0856183825463097 0.3320739797091 0.266727132065486
0.000810293285055198 0.128009255325794 0.316805515262968 0.218053703854331
0.0422045072944361 -0.0245258618915667 0.0420050875669445 0.603045549719425
-0.0780660286439034 -0.10811973961942 0.163391261499719 0.899438718366275
-0.141770972131431 0.0103220173679202 0.275610677411096 0.811936625381284
-0.085087465629156 0.093421843385451 0.227305913133612 0.565797886404762
-0.0137750220736425 0.117832092940181 0.122096124704062 0.252135030434121
0.0214308489502165 0.108064294707163 0.0207460027571435 -0.0391618528461826
0.0434232721958557 0.124068101181682 -0.142810965512307 -0.317811471323179
-0.00370045340154093 0.0842721084489894 -0.293776853932053 -0.509635167799908
-0.0378400963608321 0.04161938937855 -0.449935278455001 -0.630338621884897
-0.00151181941711295 -0.0518476325910246 -0.473535358242481 -0.603865298650859
0.0821985918941993 -0.0671984433598382 -0.366836733205457 -0.468161772394575
0.0576799688873901 0.0554333070029193 -0.322132742780258 -0.197632156797957
-0.107139480158586 0.0797762114716206 -0.377231293109692 -0.100749896014956
-0.177944282431479 0.0993065018349465 0.354947393323151 0.224254119363663
0.0126294026733825 0.120523143581227 0.306960247618399 0.215480051090965
0.0390915409825387 -0.0339739819616405 0.132951616022532 0.589635390828882
-0.088780465234815 -0.104686726543403 0.257611816274988 0.830555042593409
-0.141645682778599 0.024627500349676 0.327193566772564 0.766287616193923
-0.0802200758751254 0.104133751502537 0.258645464022446 0.567402475269142
-0.00834026787834544 0.126704601588818 0.144502863420473 0.278803007101919
0.0263745100208032 0.11791988733357 0.0408520897361732 -0.0020358484708842
0.0437689425499613 0.138318614386353 -0.116514995990287 -0.293491258322292
-0.011004121747476 0.0962588998065383 -0.262153483250612 -0.511480513397679
-0.049103297894393 0.0401404842810969 -0.421267717735385 -0.674564477436009
0.00255823171147374 -0.0659877273363426 -0.427701846672854 -0.683538203069547
0.0962425085087129 -0.0609648951168012 -0.303522071367731 -0.519904200771225
0.0480062448395428 0.0689897446304832 -0.310507485879685 -0.202105652458312
-0.130254645613864 0.0762654462705564 -0.368697969471304 -0.126170776256748
-0.150011389220736 0.0986313783442027 0.368817368213795 0.182645309128561
0.0194592515322558 0.0985724775955294 0.306758966994553 0.21168412057773
0.0222765243264391 -0.0372836615927479 0.2255640846181 0.558775545431967
-0.0954127493404588 -0.084587038234173 0.344938235441277 0.74597985248154
-0.127866830834734 0.0357571986906159 0.378449504232304 0.709404964751753
-0.0699242560767653 0.10030172812919 0.29640166371184 0.561901668797389
-0.00822034160688307 0.117775532714494 0.167491657772387 0.306122692049427
0.0242434281858467 0.113317112572285 0.0598168629181959 0.0347389699000561
0.037234288077486 0.137679212472133 -0.0901491351750706 -0.264591405404282
-0.0192076278019625 0.0915350523792346 -0.225655356026731 -0.513454696012135
-0.0506807351738451 0.0316598949155993 -0.373740228196028 -0.730630572225528
0.0152165494350807 -0.0652380564487935 -0.351935196585834 -0.773855005270225
0.101410827415831 -0.0441420026881846 -0.218435503936832 -0.566993278437546
0.0285182466479109 0.0697742162831556 -0.299152604299465 -0.205594476713544
-0.133580947253263 0.0550035366351347 -0.356483213150578 -0.157095142136832
0.087029080759122 -0.0336520956293002 0.296311907692836 0.261469062850191
-0.0190815407474345 -0.0490770762840021 0.318579496838655 0.223564544746626
-0.0974573128183882 0.0196878166887751 0.110589876171687 0.609023988567827
-0.0685123151021614 0.0489823839541594 0.262728531454554 0.876732589424067
-0.0159047850643638 -0.0040363372129738 0.351814038244682 0.777149292143509
-0.0555310629099558 -0.0603480039286161 0.271422913651258 0.549057243289927
-0.0684413671604836 -0.0570727233633425 0.121069163853447 0.248525767986657
-0.043890698333729 -0.0391490486679453 0.00766390741908275 -0.0572459969800343
-0.0233128810235677 -0.0362983953868088 -0.151351558396783 -0.332444882370348
0.00332474496169088 -0.0653638850117159 -0.281419869453221 -0.547222343871996
0.0580817436098826 -0.0099520396514329 -0.41259862698257 -0.696594658316162
0.0605882161404915 0.0739120647856567 -0.431770763340075 -0.639296346812677
-0.00803542004754257 0.0198727448248334 -0.355793530976087 -0.483628147299728
-0.00656669533872516 -0.0571074481152197 -0.311345091345177 -0.239045316638652
0.10957924175855 -0.0681251615011578 -0.366221874573622 -0.111482252557636
0.0364080599292998 -0.00628735258005862 0.283319198735409 0.289614690940671
-0.00520896172615515 -0.0120476626640269 0.328335531713299 0.223870949274993
-0.0691736693771646 0.00246088796114426 0.0242818568260594 0.61491708471478
-0.0773224914448078 0.0130901935055146 0.164810020770395 0.936769812879816
-0.0422609570349291 -0.00133848054645457 0.296294859974141 0.822811591232228
-0.0583883991130712 -0.0346558751205595 0.240288617112311 0.552412221950447
-0.0558093627355111 -0.0265006151689968 0.107474806936838 0.227935790757063
-0.0321296606604177 -0.0126479973886517 -0.00439972765845148 -0.0792681760265078
-0.0113344626448635 -0.00552316116464905 -0.172632431133382 -0.345231348275936
0.00139269165930053 -0.0359504768563689 -0.311351455326178 -0.534144399096599
0.0399589500523774 -0.00272344721973397 -0.447381054458551 -0.647556669566191
0.050551413172141 0.0481749816852419 -0.474450686755212 -0.57265160913248
0.0128180395702046 0.00373963976412853 -0.402074612692054 -0.43684990840251
0.00574259599362574 -0.0331044830867127 -0.32550706152531 -0.223131560013479
0.0662617861296915 -0.0379336213616973 -0.374786326409063 -0.0886453087076646
-0.030418414344779 0.0184943007246404 0.280956987375921 0.305677946003565
-0.00376865229134935 0.0340901842614294 0.335694762109658 0.226056794116346
-0.0332940361381903 -0.00519218100069937 -0.0297324012790326 0.609355514207511
-0.0765582902849767 -0.0291442448418892 0.0932954298497554 0.964782275677788
-0.073116547576455 -0.00285734854997105 0.253657449252384 0.848509246345179
-0.0656758713453396 -0.000216177153924225 0.219742695373229 0.55427697199258
-0.0431195381933642 0.0145524310572278 0.101278444593768 0.21816816147153
-0.017570098862451 0.0212118067157462 -0.00937922774489328 -0.0892076792156082
0.00450882117410871 0.0301400845904777 -0.184447353986652 -0.350003253254565
0.00178505238685334 -0.00277069107314113 -0.333329972152756 -0.520072521190357
0.0202829205715777 0.0102205665307209 -0.470264582065413 -0.606179996836496
0.0353463541357702 0.020578957472945 -0.498960920955315 -0.526362550346888
0.0308282252254294 -0.0190223722871723 -0.427808599379542 -0.407018996025875
0.0239435774550139 -0.0105194255946894 -0.336628756204026 -0.205686004030364
0.0202601659318921 -0.000535873908701559 -0.380623100402449 -0.0736079573998245
-0.10057120139095 0.0423057005439384 0.288349285504098 0.310256391073338
-0.00789144863140276 0.0771688163527396 0.338085980067612 0.224867278848594
0.00186555421847753 -0.00919468363000575 -0.0441465073264915 0.605890903976134
-0.0733073422166549 -0.0663986452580735 0.0721587724539443 0.96644529526551
-0.104290061918655 -0.00292405373356747 0.238207881325182 0.853610639393306
-0.075895352418663 0.0358430243643705 0.210913937781531 0.556856023710662
-0.0315452658385944 0.0562347214759682 0.102699182462017 0.218035114483578
-0.0018697894050498 0.0552920539429752 -0.0066537337003596 -0.0854700549086213
0.0229660903854223 0.0663359360947474 -0.182784515228451 -0.346678406464932
0.00383365765521787 0.0315859901605955 -0.335776339082133 -0.50965739536857
0.00103954984705078 0.0237652538995419 -0.479436650108882 -0.588747862958119
0.0174590067633107 -0.00540501414320687 -0.509872006855639 -0.514884111241162
0.0454573008770201 -0.0418169253749105 -0.429834699914032 -0.400547631548538
0.0412399560740531 0.0119814696283096 -0.338459275477005 -0.195616473035738
-0.0245179040754909 0.0362824937311693 -0.383865332005772 -0.0700247494864576
-0.154836693208591 0.06445553949057 0.310158304311193 0.29446696486647
-0.00779231157487984 0.111416816730877 0.331407706363122 0.221169810177142
0.0283203997490738 -0.0148973717006641 -0.0132923456711276 0.607257866118865
-0.0727266120381572 -0.0941727327122073 0.104641987466378 0.942681114178396
-0.128409436279502 0.0023250901240109 0.250094147809495 0.841197481823451
-0.0834636113725158 0.0699996256836876 0.217199108478762 0.56013569142057
-0.0203198827335842 0.0939364396520284 0.111638721544952 0.229383750787454
0.0127608827213662 0.0853092537681046 0.00493463899807719 -0.067380109665783
0.0370688452353252 0.0983661841909131 -0.170741589070203 -0.335057141229521
0.00249682738896635 0.060672998914093 -0.325110229984166 -0.506001040177785
-0.0188660885069974 0.0358092041659305 -0.475862042843342 -0.59604392428657
0.00313626261946201 -0.0300283615246418 -0.504684946352659 -0.539413167991308
0.0621304763475382 -0.0601054677253392 -0.414594752862455 -0.421529978428573
0.0546171519381621 0.0332503689221259 -0.335987381560808 -0.191328305413478
-0.0679797370017668 0.0657682503377437 -0.381110026163258 -0.0776169450259336
-0.180317705822267 0.0875553553754802 0.335297368701336 0.262547699821129
0.00215074335715007 0.126513020773124 0.319555620781111 0.215671740801537
0.0409297251138231 -0.0242990039121069 0.0511478688671044 0.607063444921387
-0.0800022098379821 -0.107119318653409 0.177812754546552 0.89927098908317
-0.142153162691205 0.0131780934122341 0.287457458443728 0.809887985686638
-0.0836810348207809 0.0944207175538475 0.236491295573041 0.563391422289744
-0.0114542362199103 0.11896665630953 0.125864539639919 0.251488176136925
0.023307743505464 0.108108489734778 0.0208760588483869 -0.0388732597274919
0.0458573563017706 0.123341619015459 -0.148407714025016 -0.316286602969762
-0.00195885330055697 0.0848708739924555 -0.300960573877591 -0.505838355139828
-0.0371478964110748 0.0419625302013137 -0.459567155399133 -0.62441874331986
-0.00281479942908804 -0.0514089917445871 -0.483395988137668 -0.595087971096727
0.079595354438536 -0.0674402902036477 -0.373478213147053 -0.463456095363775
0.0569508645180601 0.053863369215709 -0.327312562106244 -0.195154692804661
-0.105729572696652 0.080781263020174 -0.378547714167898 -0.0951866724676042
-0.174903982588967 0.101307979895618 0.357932314498234 0.220866548517138
0.0155442148375569 0.120525026555614 0.310863404614469 0.212703924869254
0.0374981158936343 -0.0349539301305839 0.1416019580622 0.59188534531069
-0.0901724171437233 -0.101873867490181 0.269961407738376 0.828488229389733
-0.142246877065901 0.0267831495899265 0.337480257036452 0.763092756173339
-0.078221436391916 0.106105760748334 0.267321634204018 0.563226837597091
-0.00545369017916141 0.127267455624723 0.149016796826239 0.277750436841612
0.0281614880821653 0.116475705471854 0.0400620249380279 -0.00288620806532211
0.0467921159345101 0.13715108275021 -0.120825409749357 -0.291222170319948
-0.00929417183655194 0.0955116983790982 -0.270137824632876 -0.508615784571202
-0.0484116479449577 0.0400126302111232 -0.430197081037544 -0.669367575911189
0.000685966647794085 -0.0655498280614719 -0.436072080327417 -0.678749670800014
0.0943142063523499 -0.0620009129923112 -0.312635866780893 -0.515944379970039
0.048008436030426 0.0687209691945875 -0.314022607403635 -0.199285339919696
-0.129008914735635 0.0766897126412544 -0.368866099043599 -0.121077294015755
-0.147375345978841 0.100321014068216 0.370732218600619 0.177203654506483
0.0211131102454785 0.0975401465566716 0.310028907729076 0.209636522381243
0.0206251754678122 -0.0375207013091045 0.234304052776905 0.558979702095273
-0.0963905509737576 -0.0822955026541007 0.357789129855735 0.74155005456766
-0.127507104313547 0.0384181709938037 0.39066015267974 0.707029760144591
-0.068488016827338 0.10115645079596 0.306980572733637 0.560031428496406
-0.00450259433269447 0.118819697105106 0.173489496983801 0.304429146305579
0.0274569075362286 0.112184759730399 0.0599683284515656 0.0347452452363446
0.039340598636971 0.13648123709733 -0.0943219707781522 -0.263980286523438
-0.0186347331563376 0.0930873617450234 -0.232922657561459 -0.510420817940435
-0.0500896394453405 0.0321640468308331 -0.387099984237485 -0.724349192531367
0.0140015695735269 -0.0649366928947187 -0.36506984104785 -0.768444048011753
0.0996986599478938 -0.0438383014680765 -0.228010558828438 -0.564574651608069
0.0280826353108254 0.0694959024696753 -0.303676380641447 -0.20178982335975
-0.132296699512873 0.0554044498413472 -0.358190857072398 -0.152250465057101
0.0860643343547919 -0.034322695937787 0.299619729591387 0.258339179608435
-0.0193725556329215 -0.04814240593978 0.323369715390425 0.220538590676025
-0.09649705618855 0.0213326432776611 0.118835576780763 0.610065872822106
-0.0683722614502282 0.0502694474545522 0.275746972613763 0.873868179001735
-0.0167534442174825 -0.00405261714728998 0.363849375828066 0.77048579852052
-0.0564599971840555 -0.0594913642228045 0.279349114931891 0.542474033175026
-0.0688199877482727 -0.0553078195840898 0.124794905829072 0.245891488380488
-0.0440184058677109 -0.03732319908561 0.00752253042846941 -0.0565913269563208
-0.0243409478227544 -0.0354810895152625 -0.157343567879587 -0.328709565799399
0.00256418683174466 -0.0639617887886806 -0.289035276661578 -0.542068584716877
0.05812590881464 -0.0106014376455312 -0.422866729959947 -0.691603543408057
0.0618182662455659 0.071954623257644 -0.441359954862352 -0.634491523843999
-0.00752624555884453 0.0194647168898514 -0.362756047969176 -0.477936791201367
-0.00717279040567111 -0.0574576009969945 -0.317539653072712 -0.237394670554944
0.108287195630364 -0.0695434798043195 -0.367204545142159 -0.108012560566514
0.036663654447026 -0.00660307281279666 0.286021822345358 0.285321638467655
-0.00508610378806459 -0.0123267173281047 0.331129149467076 0.221025557560831
-0.0688109803572041 0.00451065465560254 0.0339088773067685 0.616669964175351
-0.0770345054406821 0.0137111068880474 0.178310164343525 0.93388649054768
-0.0428005195405065 -0.00111473327420164 0.307140506774729 0.817778714364422
-0.0582525164516626 -0.0326859056640912 0.247969274782099 0.54803374936723
-0.0563951074993207 -0.0248052816121721 0.110782824478802 0.227218628368507
-0.0324646808514055 -0.0116356103325702 -0.00459219909888097 -0.0787866905091303
-0.0107910008024181 -0.00522613088262558 -0.177806710890829 -0.343979770072677
0.000578423188125128 -0.0353648186527233 -0.31962465059476 -0.528252688127388
0.0401466285681195 -0.00308280740892712 -0.460274597746754 -0.638844943158724
0.0525683293514839 0.0459444742785891 -0.482326132269438 -0.564089819250856
0.0116847553214164 0.00394667628753033 -0.408807136696603 -0.43095009678166
0.0062473577670059 -0.0332925185345408 -0.331665409466231 -0.219193078937173
0.0647467097944843 -0.0389999334364128 -0.375825415851266 -0.0842530135538004
-0.0300975231543397 0.0190125966574737 0.283320830524255 0.303841116687518
-0.00315976974743544 0.0333980301283415 0.339175042332599 0.223104409678832
-0.0337980217304581 -0.00531947062445604 -0.0201029607267201 0.610754230203674
-0.0767901946450329 -0.0284210134036631 0.108143363630619 0.963968104452468
-0.0741247654873797 -0.00103883875358253 0.266231870375755 0.845297185804472
-0.0655026417409889 0.000661770872053774 0.227163253977263 0.55060405007841
-0.0429881423235803 0.0154046384178 0.105193028143599 0.216358158591715
-0.0166543711550197 0.0219382207444497 -0.00984209366155196 -0.088774193990496
0.00548261570213789 0.0303382028262949 -0.189806316810494 -0.344579903956886
0.00111520651171297 -0.00216846290052575 -0.340798863787591 -0.514807088011052
0.0198512669678396 0.00878147958154569 -0.481195766841756 -0.599945615880381
0.0360893120334704 0.0199225160828265 -0.507770976116977 -0.519336792300675
0.0285985228956791 -0.0187206185563134 -0.433338664843557 -0.400559507249269
0.0235442156017733 -0.0101900896029352 -0.339996535091601 -0.203596637272016
0.0193617005359275 -0.00231272946979505 -0.381306211036149 -0.0692755818615436
-0.0982393182340036 0.0419651759061171 0.292241865814523 0.304497376082406
-0.00609289092052941 0.0777786461124479 0.341208806186584 0.222492404719717
0.00138129116542393 -0.00929484713895436 -0.0340947211024875 0.6076770193272
-0.0742773100184988 -0.0656533399733233 0.08556811859486 0.966301649245238
-0.103595597522627 -0.00218419846523837 0.246574658774882 0.849804813158378
-0.0751502515292421 0.0368581311966354 0.218289168188797 0.553038497096169
-0.0299783202545375 0.0576726554364739 0.106132584542652 0.215677816754535
-0.000894989127617449 0.0547563337545501 -0.00653491596233566 -0.0846630627479676
0.0239904338771616 0.0662779857587136 -0.18833446706704 -0.342706888923549
0.00313525918024785 0.0314707356338629 -0.343773431012594 -0.505349693614882
0.000349096801720454 0.0230758025283532 -0.487731780413888 -0.582021428038371
0.0172542241479606 -0.00671107233118734 -0.517813243189574 -0.508733883781139
0.0447088401665633 -0.0421091426193329 -0.438281042657267 -0.393645257638768
0.0414772915569617 0.0111340965746492 -0.344756432439928 -0.191769895946662
-0.0248831314775844 0.0366930199088782 -0.383260672811619 -0.0654084767127794
-0.152830810788011 0.0662213669685696 0.313612174197799 0.289168330105387
-0.0055974461532902 0.111124114826067 0.33375147648254 0.217748953224643
0.0274627622804344 -0.0148153266804254 -0.00403237112225885 0.608657338251606
-0.0749671258168016 -0.0927505746735657 0.11802856313923 0.943608805444407
-0.129142164053012 0.00298011814527915 0.260177071042269 0.838230346534093
-0.0820430858468524 0.0712372174349238 0.225984153476073 0.556471845673933
-0.0186334393931783 0.093635389823451 0.113677621176471 0.228170881966846
0.0150394189501088 0.0857458102940207 0.00416755984939849 -0.0671292108561324
0.0388160376528966 0.0978877826696146 -0.175154627894712 -0.330724974161028
0.00296573719305135 0.0604517397757907 -0.332434259879515 -0.501035135600155
-0.0187906113370586 0.0364587242106645 -0.485968042131301 -0.589225499370969
0.00243680003471992 -0.0305876999847537 -0.513689183608118 -0.532055019128516
0.0606280610228228 -0.0615347002462359 -0.422328933434355 -0.415348934428862
0.0545268879343291 0.0326261548446055 -0.340444141624449 -0.189115134823968
-0.0667017113921944 0.0667346306637775 -0.382294376963631 -0.0734741492052511
-0.178048187516956 0.0890612013458592 0.338435981834967 0.257206385777108
0.00415706399446307 0.126258448574697 0.322935602544641 0.212526676555267
0.0399614279046645 -0.0237944535803742 0.0615975190974915 0.608309810659006
-0.0829069023139503 -0.104875845665316 0.191154637324149 0.898163716859021
-0.141970249809268 0.015013027342736 0.299162749036572 0.80592386725557
-0.0816466807101873 0.0963816508285475 0.24529126468683 0.559349101125185
-0.00918320050300234 0.11839683473878 0.130327827319003 0.249846491396504
0.025039641116454 0.106161605547278 0.0206165609292394 -0.0379632499892878
0.0481967455637584 0.122450358001879 -0.15218232955226 -0.313220656013631
-0.00136520779503625 0.0845930820842496 -0.308973812402442 -0.501457125648867
-0.0355500841490583 0.0420482756680197 -0.470652024408423 -0.617941932420953
-0.00371464932906133 -0.0513360560937656 -0.492785303618908 -0.590396568048716
0.0782700751023341 -0.0686711759195241 -0.382264699444581 -0.458444707690512
0.0572535571747909 0.052547771947612 -0.329981450897348 -0.190328196007216
-0.103967970767489 0.0805649715018922 -0.379015367620912 -0.0912399864982528
-0.172671092404948 0.102626754058408 0.360118226328168 0.216354404886378
0.0167389899968389 0.120099303886896 0.314886725450006 0.210772372494043
0.03602507974682 -0.0342908194304271 0.152547866348702 0.592119127952624
-0.0921715948914641 -0.100374033127358 0.282333155728217 0.824934486467033
-0.14119644917106 0.0286480572504599 0.348681111571938 0.758891133159629
-0.0757271501625252 0.107562867561868 0.275826080150723 0.558589545222448
-0.00267382071474883 0.127653719110249 0.152526851512642 0.274911832932897
0.0307846843646845 0.116402556425132 0.0410026291583105 -0.00269872027465317
0.0490920067523042 0.136023273457881 -0.124625676752444 -0.28798287659815
-0.00870398515560463 0.0958694474212123 -0.276961237325817 -0.503616732399752
-0.0472124231841067 0.0404622212263184 -0.44153416562505 -0.663316308774701
0.000379638866689604 -0.0659368412463214 -0.446647768223092 -0.671717319490435
0.0931389589889784 -0.0635086190578487 -0.321031895823711 -0.51240418741371
0.0477322350769882 0.0669033634306594 -0.318450273351001 -0.196629734208274
-0.127445300161407 0.0772413350335962 -0.369783522502252 -0.116981706684662
-0.146119895225841 0.100746537480925 0.371905543364923 0.173391794170921
0.0217479779422318 0.0966569437855855 0.313533481518699 0.207179306807826
0.0197938039753734 -0.0368566166235853 0.243548642036594 0.556892486800186
-0.0974639251146004 -0.0797705781059403 0.369403389651379 0.738597635813609
-0.127447115937278 0.0392573147503053 0.400636635470537 0.701045280254044
-0.0657645320125302 0.103583066894246 0.314012716174034 0.55379989413855
-0.00284771617066884 0.119497355624962 0.177688488120169 0.300571004026137
0.0290287735706507 0.112305357818608 0.0617952104780548 0.0345271246680382
0.0427575160965853 0.135194917497862 -0.0985630211577703 -0.2623841866074
-0.0168294992341651 0.0925157904379378 -0.241272785176594 -0.507695804729142
-0.0492464452980961 0.0335882835377189 -0.396316267842061 -0.719066294176536
0.012229356232703 -0.0657770471540347 -0.377132096232725 -0.764521606944021
0.0976682526113901 -0.04471246156147 -0.236439125430858 -0.560322023746826
0.0289516255049295 0.0690735839693935 -0.306078609852061 -0.200947783889703
-0.130824396034421 0.0559959939371273 -0.359364003185281 -0.147062749363088
0.0857205340148823 -0.035243800941136 0.301371089168516 0.25287109456675
-0.0197247286302519 -0.0477711514513884 0.324731929476087 0.217158085180861
-0.0958071871275844 0.0225374099617668 0.130106232606908 0.607941770996855
-0.0677396756139208 0.0504679247194361 0.287902377837417 0.869783641588181
-0.0168564953247657 -0.00313233799014035 0.372805606645311 0.765680673845978
-0.0568463115278249 -0.0577414452330493 0.285771442045366 0.537128493886567
-0.0695217448639037 -0.0532685343004081 0.129594049738743 0.245538502473166
-0.0450832384386957 -0.0364864264168155 0.00718985414975358 -0.0561948955664744
-0.0235706773587896 -0.034606808771119 -0.160725551789536 -0.327373266823415
0.00118930192003288 -0.0636039287819951 -0.298294322195888 -0.53770203457702
0.0573288957443639 -0.0122938694246194 -0.435526987024798 -0.6828880529971
0.0615352424640855 0.0705734646276605 -0.450021633010765 -0.626933629120223
-0.00850202756398769 0.0197273353171552 -0.369743449810369 -0.473363290172099
-0.00730281162510476 -0.0565473424485797 -0.320821125649108 -0.233057771854539
0.106527927851693 -0.0706684600801474 -0.366845367596894 -0.103770279313312
0.0363175564650352 -0.00599579601359353 0.289901290185968 0.282477051721791
-0.00481277594290156 -0.0110199653772687 0.333788606892477 0.218991679368071
-0.0684796690603761 0.00431942690125658 0.043124800138524 0.616682857560512
-0.077487372550929 0.0139548371508377 0.191530248831875 0.931084210225125
-0.0427738721343974 -0.00103892295476998 0.316598721287688 0.812023033282577
-0.058469627986155 -0.0312504394719608 0.254395067596074 0.544682183978482
-0.0556803575972316 -0.0230268302948688 0.11428984794948 0.224860341412072
-0.032558073482056 -0.0100921611865403 -0.00517277656595544 -0.0775908930669613
-0.0109307249991603 -0.00554985715466446 -0.182694849357118 -0.339515586071621
-0.00125624401955588 -0.0343592984382724 -0.32803922698816 -0.524006208561092
0.0392985207981672 -0.00396859860230508 -0.467147236794663 -0.630979305513606
0.0528142577925827 0.0442465948690766 -0.489769988780145 -0.558421032335304
0.0111118577265363 0.00328158912810637 -0.415368834317916 -0.426254755513303
0.00555654999904831 -0.0325688643481367 -0.335065207701315 -0.214888218019267
0.0638728888603744 -0.0395901039002388 -0.374966737090207 -0.0798147212537255
-0.0294876713280052 0.0194709373333082 0.285941600527978 0.298808659401676
-0.0015903758453108 0.0333997874848461 0.340367698328256 0.219689017780909
-0.0334100913589282 -0.00436079365051624 -0.010034674315262 0.611238654107993
-0.0788870337526655 -0.0263519433654995 0.12137553008541 0.961516575813769
-0.0736343778887461 -0.00115532897780315 0.275940721659352 0.838737896316629
-0.0649485560422025 0.00211998492352525 0.2346540695979 0.547156049135765
-0.0421703183988741 0.0167363378706619 0.108487312991913 0.214911955267687
-0.0166529483888546 0.0220151688867738 -0.0103564547005138 -0.0873765504927195
0.00656715971375826 0.0296388579487577 -0.193755832105478 -0.341184803187948
0.00138414145374637 -0.00177513949105615 -0.348582043720826 -0.509857262956791
0.0203074609358418 0.00801004424904653 -0.489945397891055 -0.591698277069614
0.0364620222097477 0.0190035413371248 -0.513492981381217 -0.510717277586906
0.0270465763405879 -0.0191598293265971 -0.437925403171401 -0.393548126956179
0.0232452016717543 -0.0105224100950682 -0.343553112412027 -0.20015319823144
0.0199623258559299 -0.0021503248871447 -0.380229702067158 -0.0646553139144033
-0.0973703792883831 0.0431562617814048 0.293970971074308 0.3009749321462
-0.00546115125260828 0.07792064760899 0.343439097510774 0.218159342031185
0.00032646913869528 -0.00904865415392044 -0.0228609682797157 0.610377275427953
-0.0753791492379348 -0.063359967102451 0.0983309434685321 0.96318413190319
-0.10421210393723 -0.000345869296354564 0.25862837474028 0.845124263465207
-0.0742895885288605 0.038630367723458 0.226790952496394 0.54940176648272
-0.0287974845670323 0.0577808389150213 0.109840915603906 0.215280772881464
0.000259909301610116 0.0550697865486254 -0.00699905522603964 -0.0833999790900445
0.0251160852824174 0.0650169992648379 -0.192814394787601 -0.339315088912382
0.00398500982305863 0.0317997680705589 -0.350641505012133 -0.499190751456735
0.00016041079942393 0.0232824476895582 -0.497657656816805 -0.574373937052565
0.0165604992397954 -0.00710883175069987 -0.52537314768526 -0.500192603704961
0.0433999713411679 -0.0420580010168566 -0.444546936768284 -0.389082071960951
0.0415653206796271 0.0107139026845571 -0.347126886718441 -0.188052592609618
-0.0236675785799206 0.0348213034275089 -0.383473586008382 -0.0606465436521315
-0.150285379735026 0.0670577500247305 0.314605099977198 0.28580640093782
-0.00438266221776916 0.110286316717296 0.336003901754406 0.215284197860512
0.0268558796693122 -0.0146926645676747 0.00560861238404332 0.611406070883165
-0.0764731557331168 -0.0896761137247084 0.131072119222542 0.940062600622663
-0.128497799018078 0.00561889527610972 0.271179883059989 0.83302340425145
-0.0794694475073398 0.0717643918591176 0.232660557028711 0.552331732782358
-0.0161220072029911 0.0948226777227244 0.118708037764923 0.226585248333222
0.0158244745149328 0.0847484046916082 0.00370290961405215 -0.0659967484693549
0.0400635849311032 0.0971075023849664 -0.179255154522718 -0.327851074203889
0.00329463382118561 0.0619727298263939 -0.338535158311472 -0.494905944083892
-0.0177559641089619 0.0359658655435846 -0.492982284589078 -0.581461494653037
0.00244560013253305 -0.0311443326961778 -0.520562699462521 -0.526275125801918
0.058346350748129 -0.060605005316811 -0.428097272423633 -0.409816488500608
0.0540306750751489 0.0315835116657629 -0.342287783777951 -0.185467900158234
-0.065800606103738 0.0659677536654571 -0.383850883739509 -0.0679720311652843
-0.176342277230092 0.0903499706596514 0.340865401054421 0.254064324738238
0.00664820193242988 0.124113298146727 0.324691052655628 0.210412512073506
0.0398408268948662 -0.0251437825557225 0.0716694072805982 0.607262460788523
-0.0829406371901256 -0.102706185536327 0.204257520877205 0.894151196991133
-0.14130573694503 0.0176940704278277 0.308686558886352 0.798961268222567
-0.0793846959813539 0.0963216326763752 0.251916177220093 0.555028826857521
-0.00685465323018045 0.118372081588456 0.133690000493744 0.247338621779619
0.0262118022423403 0.106338603530212 0.0199577567646219 -0.0371989061584525
0.05062317510319 0.121556582184453 -0.155545722834084 -0.31141992673402
0.00036976291590532 0.0848947403394014 -0.315823944926339 -0.496284643052772
-0.0348609634432688 0.0421961551713706 -0.478475017772856 -0.610252143567272
-0.00522873993032545 -0.0523274402222235 -0.501607036236731 -0.581282406831928
0.0762251072393841 -0.0690385695750723 -0.389237855468251 -0.451843933458667
0.0567178094256675 0.050888001052985 -0.335057693779963 -0.187797451785106
-0.101323457488497 0.0814738803863679 -0.378118822352725 -0.0871837806587131
-0.171274346916551 0.103412465044633 0.360871196877931 0.212142981150429
0.0179618679459811 0.117101551573331 0.316125496914381 0.207809542763916
0.0354552784299348 -0.0347746592678784 0.161087895592647 0.590687797364266
-0.0932606762397542 -0.0979729405038769 0.293321232343764 0.822302953331213
-0.139786564826776 0.0309863079994366 0.360096748470481 0.75215273338857
-0.0735970032919032 0.107676293482358 0.282390933188512 0.553209033144957
-0.000855366883598309 0.126796001076322 0.155179919915568 0.272692823430365
0.0317765750483199 0.114761868804679 0.0414044990080538 -0.00196260461691135
0.0513691512776228 0.134380195224627 -0.129224433344171 -0.286309618092046
-0.00780125793552221 0.096417689827218 -0.284994728610155 -0.500446586198103
-0.0464983934317611 0.0399683348343169 -0.449990561405451 -0.657327572818632
-0.00115181527887996 -0.0663714017504659 -0.455790333550496 -0.664429001856241
0.0908475803333061 -0.0639465990669125 -0.328085078730712 -0.507906586116659
0.0482782505855239 0.065553287943697 -0.320333853262286 -0.193297198009942
-0.125579205485688 0.0780285558483691 -0.371784783041864 -0.112227979911499
-0.144359281810116 0.101016295909031 0.373038460240437 0.16918616612993
0.0229434437241227 0.0953003528009381 0.31644226953778 0.20486384384045
0.0189202690527523 -0.0368944103181133 0.250521816184442 0.554123422245104
-0.0988700776934048 -0.0779548372756821 0.379447564232505 0.731879723092996
-0.125461681469272 0.0408808548484284 0.408729359018983 0.691723433739639
-0.0645768229542045 0.104036778255039 0.320799681723559 0.547761915343296
4.09818008882644E-05 0.11937217944613 0.180696539803338 0.297704153846481
0.0309952722465759 0.110737115441183 0.0620218721732468 0.0343873332274351
0.0445985015877369 0.132764780647845 -0.10155248055961 -0.259685309544984
-0.0153527147213136 0.0923953319630423 -0.247734391984859 -0.504547461981588
-0.0491342469983422 0.0329703951952727 -0.40606282489019 -0.710416458109654
0.011492515419231 -0.0656720306470296 -0.386096271443544 -0.756157461025364
0.0958084421423108 -0.045524971446066 -0.245456528793272 -0.557818556000011
0.0290690585497055 0.0675273403272011 -0.310359089602874 -0.197810583132582
-0.129850579567633 0.0571867718344474 -0.360158877813778 -0.142297499403179
0.0833023688493067 -0.0351364796345201 0.303472430146848 0.249809068844898
-0.019929280579282 -0.0473962114931726 0.325949822815287 0.214546865924401
-0.09476036059941 0.0232089696519562 0.137629764182899 0.605530851026016
-0.0685835427914531 0.0513124144211801 0.299482774697098 0.862731352541241
-0.0185889334337975 -0.003374536358639 0.382287363174432 0.756179194375429
-0.0577000074487521 -0.0558929251381901 0.292339232046571 0.53277615232878
-0.0692613805601632 -0.0512943487760232 0.132726292690328 0.242669766535015
-0.0448605663448026 -0.0352074680553738 0.00608653796510709 -0.0549076947311614
-0.0245142745470684 -0.0337477493408162 -0.165248693431324 -0.323123006797113
-0.000419819325782812 -0.0621136707221955 -0.304448438686287 -0.533037008317216
0.0567191684355515 -0.012606667176832 -0.443272428821629 -0.675293317970261
0.06317270580523 0.0692171410079312 -0.458895327244202 -0.61978631052712
-0.00848645093186683 0.0204027947767631 -0.37686952292852 -0.467728199615052
-0.00711733417073901 -0.0551720401186587 -0.324399105992934 -0.229741730050597
0.105842441880282 -0.0719735250191041 -0.367391980863785 -0.0992729373705991
0.0358512220120233 -0.00643152678335008 0.291360664764049 0.276619685110296
-0.0059131467323073 -0.010830435257483 0.336102973456883 0.216522960064283
-0.0679821452238083 0.00583920551333894 0.0532024006183218 0.614578327332789
-0.0774590395651646 0.015257897063173 0.202504727281672 0.925798978278999
-0.0438208847267976 -0.00059742797775276 0.327172400486854 0.80575642195495
-0.0581225866516907 -0.0293664563441808 0.262559323307733 0.538677056798527
-0.0557235413206565 -0.0214293662908253 0.118223264327505 0.223479386298892
-0.0318320411827544 -0.0098145641154803 -0.00675297336662629 -0.0764777376706413
-0.0110825896732673 -0.00505419047177329 -0.185883059044064 -0.334925994127871
-0.00108453752781589 -0.0332974268418833 -0.334861911718955 -0.518370834342501
0.0380992190885719 -0.00471588358394988 -0.476176510521166 -0.622499444066627
0.052711052101633 0.0435277026961801 -0.497993114331725 -0.551203645219714
0.0117013982297192 0.00344277439939943 -0.420827033708623 -0.419163897519645
0.00586527341050537 -0.032808470018597 -0.337924608257954 -0.212613142268894
0.0625847611618823 -0.0408567932662484 -0.374763963610268 -0.0762550236217343
-0.0294520912523179 0.0192109846590688 0.288397495062748 0.294921342427735
-0.00190505650935779 0.0320819528200722 0.341641032329547 0.217160496872484
-0.0340468297635635 -0.00338459223893967 -0.000801293005789799 0.612799398938385
-0.0782956415803325 -0.0253114405778685 0.133804468228525 0.955328151338475
-0.0745665434562284 -0.000254957178935437 0.285007979419173 0.833059399174806
-0.0640694122070992 0.00452042321787842 0.241379420002707 0.541384128171841
-0.0406354045259246 0.0175482402532325 0.111922247336666 0.212919262084003
-0.0161725197898393 0.0220073131388286 -0.010691281923829 -0.0862907185704431
0.00738959428340135 0.0303569726059367 -0.197700695596254 -0.338675087724005
0.00109451434691104 -0.00122231898645524 -0.353817268453161 -0.504484287433475
0.0206844545745984 0.00805445846951977 -0.495460430872346 -0.582779814304286
0.0362715389504272 0.0165475680736039 -0.521790563745013 -0.503074396368518
0.0271877216111166 -0.0193160052472264 -0.444288688116195 -0.388247922267636
0.0231032948582883 -0.0108608240729697 -0.34767465292546 -0.196969306311474
0.0193813472455559 -0.0028540321068879 -0.379917311545631 -0.0597785537063341
-0.0963451742736007 0.0430834378822778 0.29720337553097 0.297324837873944
-0.00448813710090155 0.0755262250591048 0.344336586427629 0.215549778767369
-0.000230427344842396 -0.0085161186558182 -0.0138671350985089 0.61038990013068
-0.0767132897551297 -0.0616483038470046 0.11175008461044 0.96075484618964
-0.103981101611545 0.00106992578514908 0.268728876008152 0.841311143191435
-0.0727893161578603 0.0404490424909244 0.234148216675169 0.545391535660389
-0.0271745015300299 0.0581043150719842 0.112446131394369 0.212403083187397
0.00151157238986477 0.0544636930625098 -0.00779102650300461 -0.0821634166153455
0.0263753117019695 0.0640656530683489 -0.196635335426881 -0.335539357533522
0.00363112888936134 0.0313054323667622 -0.356769311320887 -0.492322785738339
0.0015596446021426 0.0225607361840714 -0.505886690225299 -0.564479951246252
0.017218246822132 -0.00748765644522814 -0.530706183141226 -0.491704799148401
0.041570513596224 -0.0426351745294278 -0.44809753643504 -0.383051200912146
0.0412858592868971 0.00860779930338745 -0.349553025748351 -0.186040812776459
-0.0237147122701632 0.0352211806578139 -0.382838211485344 -0.0569314193727854
-0.148769092066745 0.0688205639057021 0.318377451246014 0.281932667869373
-0.00273692157863184 0.109082744808569 0.336841487101415 0.21404960958535
0.0269611136534848 -0.0140257860716488 0.0163560390643771 0.610365309738824
-0.0772025174701147 -0.0884536630449464 0.144143591242617 0.937218841345269
-0.12746988006299 0.00638022804096685 0.279983625555991 0.829211827689411
-0.0790514349861463 0.0738039515805445 0.239491429130907 0.549791617193301
-0.014975317429853 0.0944951753301057 0.120670244540552 0.224007081957347
0.0164811460342515 0.0839715762123418 0.00374357368723116 -0.0656854285118228
0.0421680349183968 0.0953424344071031 -0.182539982379872 -0.324353724765354
0.00473640927500014 0.0611418480514545 -0.345648549137439 -0.489122247473354
-0.0170587179983841 0.0364615329255373 -0.501403086827383 -0.573808911441279
0.00179414116192055 -0.0310214076499504 -0.527493494035985 -0.516202412019341
0.0561352305655137 -0.0610734825438395 -0.431401220057383 -0.402700591259528
0.0544027474342624 0.0300621792911776 -0.346074678729113 -0.181700839459501
-0.0650403654188894 0.065910068496104 -0.382192802058918 -0.0646356773230291
-0.173041144250634 0.0909855256535452 0.340911844716433 0.248644648983322
0.00713962760729563 0.123064799844327 0.326559995548927 0.20855409089807
0.0383286829525869 -0.0241338897179388 0.0808201612509619 0.607028355690857
-0.0852113460651656 -0.100870531793093 0.215741607396848 0.887981919259673
-0.140706872935367 0.0188384578526843 0.318906100074304 0.793333257891362
-0.0769162940380159 0.0969982308153157 0.258890828356997 0.549334650710101
-0.0043417528443646 0.118319622029296 0.136997487968225 0.244563632189955
0.0278363898629465 0.105029796864541 0.0206610948053667 -0.0365202194535431
0.0514008371167024 0.119460421042419 -0.160069645283993 -0.306804820040437
0.000973568875537928 0.0844063398318287 -0.322900388467446 -0.491419765059878
-0.0331968763393157 0.0419809867773572 -0.4860052654674 -0.603148042112843
-0.00532879231742657 -0.051931591568782 -0.507392710973115 -0.573725662646039
0.0735704708179714 -0.0693156677335221 -0.393620736683524 -0.446657973909736
0.057335328996121 0.0497228083567676 -0.336454191672213 -0.184104132799199
-0.0999226553510472 0.0811580119835461 -0.379155070379327 -0.0817776762845638
-0.168049723376299 0.104236382304561 0.360603634220249 0.20796413254007
0.0186663053821517 0.116937305301798 0.319221274917303 0.206058883749808
0.0346669043446771 -0.0350072864229615 0.168895803282963 0.588112881879379
-0.0945312472637539 -0.0964106005997279 0.301898581722326 0.815534203407079
-0.139994470849999 0.032786570347428 0.368022419003418 0.748659507184159
-0.0702190276572471 0.108752625089205 0.291615367884024 0.548876184133529
0.00193217891308055 0.126043874824425 0.158464000020191 0.269634447324122
0.0331774593520372 0.113552639142086 0.0421711964310471 -0.00166900520272166
0.0541754369285893 0.133353553483733 -0.13236337448781 -0.285078761775518
-0.00595011313070891 0.0967470712797199 -0.290432371723667 -0.494964809071336
-0.0460884634614491 0.0416872508344982 -0.457929880866007 -0.649431887631963
-0.0012867995237755 -0.0653894166085439 -0.464615556116481 -0.657567042728618
0.0885054380306477 -0.0645549267872775 -0.334233234224015 -0.501597193585238
0.0482891730765495 0.064685098658654 -0.322521245830078 -0.190351564640063
-0.123755745776858 0.0785092039718329 -0.371418666024007 -0.108084139777852
-0.141865446163395 0.10101715512515 0.372320735623319 0.165605992497552
0.0230555068764251 0.0938800896710053 0.317669365584617 0.20281821265145
0.0186052310212449 -0.036385812832103 0.259284065385553 0.550632288741833
-0.100592751538147 -0.0759500769011219 0.388261139486984 0.725194976831002
-0.125218879776851 0.0428076982802749 0.417810270812063 0.686042752182756
-0.0615863038239064 0.10463469269179 0.326772829373042 0.541911301210627
0.00226811927433024 0.118157519423072 0.184835660216058 0.294057363454971
0.0328443744664327 0.110609319535963 0.062421104966603 0.0333620573871719
0.0469202826278203 0.13249975324392 -0.103991426351707 -0.258509418477087
-0.0141486242952549 0.0934808680733507 -0.255813931899834 -0.497826514252395
-0.0463051491496339 0.0331606470884669 -0.414215193782189 -0.705317660791909
0.0104688404598918 -0.0650217068338137 -0.396241663418124 -0.750479257533939
0.0941092553095485 -0.0463810029506515 -0.25317193301248 -0.553696267176818
0.0296792115600849 0.0664269998422338 -0.31245984610942 -0.195330667204535
-0.126742425943684 0.0577163984965163 -0.360348608496597 -0.138063109644173
0.0830071229062015 -0.0350430475563794 0.304036559196099 0.245580858178397
-0.0203271870810657 -0.0461974143081482 0.327828052582672 0.212747434751093
-0.0942068219735136 0.0257022297210301 0.145203638467513 0.603543691590581
-0.0671008761819649 0.0523475560428585 0.308193194973811 0.858509614450655
-0.0181966576547722 -0.0028166057322027 0.389756591705726 0.748811805029893
-0.0569786997927024 -0.0535531422568082 0.29760671737932 0.526259632579467
-0.0694226991695548 -0.0497185644601258 0.135420510286227 0.240350347498955
-0.0444164538093223 -0.0340602833728407 0.00557499431079268 -0.0542118151413685
-0.0240201420891383 -0.0334290309965142 -0.167791049019343 -0.31904461156156
-0.00193022657673148 -0.0620573785947665 -0.310769608571885 -0.526908804247389
0.0564316176562133 -0.0132606371299422 -0.451648061833686 -0.668512716255876
0.0625907757035484 0.0676152377837783 -0.464353910865032 -0.614256717078556
-0.00813690041994886 0.0195245427165676 -0.382474546651599 -0.461007859915215
-0.00746875389853496 -0.055622538030554 -0.326996060763511 -0.227590637798153
0.103592561508041 -0.0731200138965423 -0.366941971560558 -0.0949656372019041
0.0352764584095529 -0.00580660505160997 0.29273977410161 0.273349041050112
-0.00503417854736155 -0.0112797921786605 0.335834468359586 0.21490849277986
-0.0670696989906487 0.00683054135876398 0.061572760885903 0.613706375455382
-0.0776470050476734 0.0164962913052662 0.214793799974099 0.919773253293675
-0.0440217400581798 -0.000594110047645926 0.334590378468655 0.797791960272501
-0.0579702235292429 -0.0277093560479015 0.267554184936231 0.533105083259809
-0.0558149303061639 -0.0199497817432597 0.120292770073392 0.222098465023714
-0.0321042367177782 -0.00895313422951873 -0.0071553846488526 -0.0753616809515158
-0.00972099254420144 -0.00413461930377595 -0.188690495615244 -0.33109299328036
-0.00221159870087633 -0.0325619871549664 -0.340440171313037 -0.513081530255458
0.0378806493532559 -0.00594425209062624 -0.484066403298787 -0.613834741011366
0.0537738742800293 0.0419945515970636 -0.502610062529232 -0.543207644100395
0.0100906954480195 0.00319750146758136 -0.425315350624394 -0.41437034857895
0.00446622381575743 -0.0322841716871932 -0.340976262048867 -0.209352783427742
0.0617397304871954 -0.0421617936133155 -0.372929238929399 -0.0721529365336935
-0.0284472353630171 0.0197191239428412 0.289881109536844 0.289620083399545
-0.00120953424481404 0.0325264774632834 0.344747606402898 0.215090078195527
-0.0328178597989299 -0.00257800425542157 0.00728035584652127 0.610982902238967
-0.0789512567575864 -0.0231041847760619 0.145760021184423 0.952010092574326
-0.0740131889903943 0.000321872010693938 0.293618722793027 0.827088479724294
-0.0631113787817375 0.00613876460986568 0.247782337374584 0.536206602826496
-0.0401469299803924 0.0191269160385092 0.114736725354743 0.211375917607361
-0.0155505372272301 0.0223386134913452 -0.0119433130540201 -0.0840041375344513
0.00771287785970284 0.029771474524786 -0.200028530380876 -0.333864519335961
-3.20413855870796E-05 -0.000869468882577133 -0.359382804509034 -0.497401607089433
0.0201422896156972 0.00763123394703091 -0.503015158042943 -0.575924572818333
0.03641956136742 0.0162326319497979 -0.52553115089423 -0.495841139308572
0.0259250971256715 -0.019931406716758 -0.447257653254793 -0.38201267960416
0.02267239291877 -0.0112808232281848 -0.349865271987419 -0.192955596911494
0.0189613662572963 -0.00316191075065908 -0.378140285956508 -0.0580751283437103
-0.0954100598281964 0.0439117903280346 0.298477097973376 0.29263537042872
-0.00349473340410957 0.0753628771251319 0.344656184343164 0.212772681679071
4.1373092573696E-05 -0.00787186287787862 -0.00497281669291343 0.610507706587246
-0.0773760267901044 -0.0606849499792624 0.123893693065269 0.955417847691471
-0.103923763730405 0.00236710579162583 0.277710395773256 0.834183029952364
-0.0715110583285724 0.0413019573318399 0.24036629609748 0.540247019674586
-0.0253089480156548 0.0597102528100559 0.114621017486272 0.210402855635999
0.00157065914294408 0.0547343817917609 -0.0080516647776781 -0.081353879001583
0.0274304959265614 0.0637464255674085 -0.198553345544273 -0.331636490538406
0.0048308895042116 0.0324093476271691 -0.361929736572935 -0.488333051404269
0.00102294453807964 0.0225140296573832 -0.512385224418129 -0.55671110651999
0.0160937905268073 -0.00773233568678689 -0.534448815976539 -0.484471691751696
0.0396798035732754 -0.0429733643387829 -0.451313204038009 -0.376296622729966
0.0406391187938915 0.00894550555991618 -0.35209471922588 -0.182160372608609
-0.0232897483203648 0.034719601287544 -0.382445012110812 -0.0534678031205615
-0.147152713735871 0.0687879391604552 0.319792004089731 0.277822439503683
-0.00223417141933751 0.107670481611702 0.337569517095299 0.211499026931896
0.0260807205152491 -0.0147305496303474 0.0238685131347422 0.610054247327532
-0.0785606813936196 -0.0870205456354443 0.154923732374415 0.932847581499992
-0.127691126385989 0.0086546695342823 0.289643551597 0.821009362432761
-0.0757544930877414 0.07374653210529 0.245438434675472 0.542989906996857
-0.0134002291613994 0.0942207426142105 0.122893295504501 0.222243978188588
0.018436797037395 0.0831942425172934 0.00252892021163377 -0.0643088411260042
0.0442553701406846 0.0947481529069246 -0.18576735436418 -0.321635434068781
0.00558691131406022 0.0622858493131546 -0.351154653777472 -0.483465628958941
-0.0166314149172065 0.0349480734696024 -0.507946994975906 -0.565697892929557
0.00139656355197444 -0.030377809150432 -0.530362384183274 -0.507434338990601
0.0565541823097992 -0.0603124394818049 -0.436990823173168 -0.398697762770629
0.053086603430782 0.0292219791930894 -0.349888545022791 -0.178671673119971
-0.0640956879156244 0.065862946633216 -0.380371851299795 -0.0605657017057903
-0.171434545378191 0.0914315494853976 0.343168874516985 0.245423495558413
0.0073437510957107 0.120902545389119 0.326311539887264 0.206149015020435
0.0369127560288924 -0.0242791596685899 0.0880265812396292 0.606159575323273
-0.0857567227469988 -0.0985539140187835 0.224267832226037 0.883907394110552
-0.139712194586445 0.0200841664817501 0.326744833210663 0.788953922946532
-0.0748543948693113 0.0985677054284538 0.262859968061778 0.545008209940315
-0.00146409573102736 0.117121794321745 0.138423141336677 0.242486597485952
0.0303595369098448 0.103387200614316 0.0199373641807407 -0.0362510162115952
0.0543663642313965 0.117796381208343 -0.162229621980202 -0.304361203344748
0.0017510166074697 0.0841956565287581 -0.327371129887985 -0.484883904360122
-0.0332978452162632 0.042424859703648 -0.492831276319295 -0.592938962840224
-0.00631420096427531 -0.0519410960589018 -0.512787956776225 -0.56540864789761
0.0717036398306094 -0.0690247867099491 -0.399526362668306 -0.441615278735323
0.0565282166006268 0.0486327947077536 -0.338800118809507 -0.181281691169783
-0.0985031845462996 0.0812119255130166 -0.376948635657289 -0.0788965586614714
-0.165863459738241 0.104472409539339 0.361082875142801 0.202264032044935
0.0200990352408862 0.114347019564991 0.319081625251051 0.203212289204416
0.0340658665842999 -0.0339723088846236 0.17764559696537 0.585423197124984
-0.0964826818827804 -0.0940549204257782 0.312734181290732 0.809536306361976
-0.138052780029198 0.0335708186998729 0.375826033720378 0.739075135490688
-0.0682392682081286 0.108770744804157 0.295782943064839 0.542851163258542
0.00330869236445532 0.125585838416219 0.161981846266255 0.266611589417513
0.0356207144216974 0.112689341311516 0.0417475120087822 -0.00264301509196687
0.0555774943239231 0.129997274226869 -0.135074946459845 -0.281344592741347
-0.00487324787218523 0.0955914918475876 -0.296711985045319 -0.48944982863167
-0.0445043075957818 0.0411222760798222 -0.464434123841205 -0.640528500997107
-0.0028720655243563 -0.0654320278232286 -0.470704380857415 -0.649861672964792
0.0865674921663407 -0.0640720359038322 -0.339853232414291 -0.496012307829405
0.0483228669834772 0.0634843501111599 -0.325805059233525 -0.188008627486777
-0.121468534189685 0.0780918260848942 -0.370751153425168 -0.104083955292662
-0.139722018701434 0.101941172887847 0.372254778587878 0.161721957842405
0.0241046100840532 0.0924890144851077 0.318800197372228 0.20016747228027
0.0173072187298841 -0.0364710083193131 0.266397743543198 0.546761194578329
-0.0998523078036932 -0.0731933044631023 0.39633427084807 0.719952745867112
-0.123755254717782 0.04354520934277 0.42323231426852 0.680650370121633
-0.0590419363702536 0.105139022366531 0.334277260605352 0.534006056704205
0.00381854427537488 0.117776149236167 0.188295960979023 0.290900712619598
0.03422736326502 0.108769541825493 0.0633860663129901 0.0328813662429942
0.0484639079781996 0.130386969746906 -0.106437475769737 -0.256414151648778
-0.0123894795711243 0.0937299604298953 -0.259973920461502 -0.493644226678832
-0.046303361643916 0.0342320839373726 -0.423016119127532 -0.694472744437744
0.0102997455298792 -0.0658485536766866 -0.403085028328976 -0.742680814827492
0.092248732863184 -0.0473765301304411 -0.260903829542252 -0.547100268427582
0.0295590997641983 0.0651986213488271 -0.314038173722667 -0.19248814423783
-0.125469374097022 0.0574365240511907 -0.360698964780262 -0.135295131340754
0.0819515932099627 -0.0354860110392679 0.304365981187336 0.24268678912853
-0.0192193089031107 -0.0453101826231461 0.330138930005976 0.211098732771249
-0.0928921763723486 0.0260012178889202 0.152641072538936 0.601032543914454
-0.067687488120551 0.0527522438552651 0.315545589730043 0.851058306682407
-0.0191136141989557 -0.00332691434129428 0.39460508432562 0.74430887056006
-0.0579924265189411 -0.0530953112653782 0.304361656815298 0.519834861747924
-0.0697340115871602 -0.0473302469523444 0.137519391943191 0.238200440331109
-0.0446627225645277 -0.0337520062538481 0.00511609232071594 -0.0528455083883099
-0.0235370688514782 -0.0322323633168999 -0.17016553624172 -0.316359359445235
-0.00282420958495527 -0.0601037678335242 -0.316467382177742 -0.522738698961159
0.0555764244948795 -0.0140535773210143 -0.458895350372078 -0.66115791665691
0.0637612827134996 0.0658374835078687 -0.470362184667358 -0.605052456520219
-0.00883437796769027 0.0192375092862029 -0.385899272213812 -0.457401287285886
-0.00890732753511578 -0.0552120790836418 -0.331052032753542 -0.224854829746463
0.101060635316937 -0.0730277365143595 -0.366156399316935 -0.092556970963649
0.0343989199973034 -0.00744456666942148 0.292953946116166 0.269746322563842
-0.00450443971224594 -0.0118627046247464 0.335128049312683 0.211029885248334
-0.0663192007704901 0.00748624050902892 0.0694651208407133 0.612086681512861
-0.0769160425751286 0.0167301234760209 0.222383050871618 0.91462176222904
-0.0441406532009039 0.000132722545934716 0.340362416537163 0.791009269447314
-0.0578427537195945 -0.0269698154901042 0.273325492432521 0.527580978980252
-0.0545960718922139 -0.0181567407028565 0.122932330558404 0.220469528278924
-0.0319513334163264 -0.00900416268434138 -0.00682734373009327 -0.0745094300515272
-0.00964588962933561 -0.00361948235450645 -0.191183771009349 -0.327735564232071
-0.00279954324499252 -0.0323751591775299 -0.346111543996641 -0.506752879237928
0.0385869023441174 -0.0055932280807858 -0.490406980658495 -0.607480916545619
0.0530345166343927 0.0410120141275329 -0.506590187110925 -0.534991160348204
0.00983691965897594 0.00273604912489423 -0.429392549493922 -0.409360046118639
0.00459858330561406 -0.0320382575050851 -0.343192574383203 -0.205223459966711
0.0608115494301241 -0.0414337171718839 -0.37353551045477 -0.0688806110605269
-0.0272470471871016 0.0193808943882705 0.289987923246078 0.286160266510303
-0.000674657692524925 0.0318740559349122 0.345160610319917 0.215021976028019
-0.0329301660736272 -0.00176331311020966 0.0167772743324405 0.611615467699272
-0.0798313994268375 -0.0230555451207031 0.155742709160969 0.945908392055802
-0.0749556605263243 0.00132965704302597 0.30116456154187 0.821812014973111
-0.0626140852116358 0.00574290163818479 0.250422628558427 0.53126659311999
-0.0400272811973498 0.0193677206450228 0.117310517584815 0.209513264024122
-0.0152211483972541 0.0229903436882859 -0.0125218915127398 -0.0847523487029652
0.00925236141345139 0.0298693689854519 -0.203215056784432 -0.329593093715201
0.000595440030958933 -0.000205018958732005 -0.364481088367866 -0.490652015739611
0.0196194305704236 0.00723788112290246 -0.508560609812909 -0.567243952549032
0.0357462890373705 0.0150078172698596 -0.53004526987587 -0.488783539415282
0.0251600167045429 -0.020229484817311 -0.451485054844323 -0.37565120880751
0.0223284306334861 -0.0108388540777398 -0.351889038776659 -0.189574446167874
0.0185958079736382 -0.00372155222469883 -0.378163270349277 -0.0549913537212275
-0.0935901037939376 0.0439582763886645 0.298548489860102 0.290371805928913
-0.00278706776078919 0.0745969758462867 0.345624023318196 0.212151452322825
0.000209448907067804 -0.00751756948657921 0.00275977580772479 0.608525205056871
-0.0787311834531594 -0.0586628893807981 0.134456997958757 0.950955100141272
-0.103819193568016 0.00259602485548552 0.283886976557446 0.828025504260465
-0.0702722633753634 0.041365834580887 0.241564704757156 0.535701365820034
-0.0246919249892433 0.0596036829031924 0.116188035351238 0.209844500094564
0.00288508188032329 0.054845937952022 -0.0092140905682038 -0.0804155711541756
0.0284997802189061 0.0623884127047352 -0.202081482019721 -0.3286269458149
0.00419730091660139 0.0323209530288083 -0.366055525320751 -0.482220990412876
0.00104414510006204 0.0228222461102185 -0.517810581238466 -0.549656451526059
0.0168551747367023 -0.0081767975330123 -0.53911497857644 -0.476890278159348
0.0387654478690413 -0.042257035468215 -0.455374138294431 -0.371501911054143
0.0394790797352537 0.00864421416134426 -0.353762491049941 -0.177830819424045
-0.0232475443661683 0.0344142714286371 -0.381255542260394 -0.0502862268029538
-0.145415916292528 0.0695767211889352 0.320099481318517 0.273854152996159
4.82918118938393E-05 0.105388736306691 0.337376919428406 0.20896515774875
0.0249613989413288 -0.0145734790834827 0.0316176553826191 0.608892713342589
-0.0797088248744157 -0.0853439820390565 0.161347822035739 0.929187723739964
-0.126463578414225 0.00988575134797554 0.295926383823641 0.816349897230462
-0.0750160135660633 0.0739430783114525 0.250378376624957 0.540155935725031
-0.0111835637653233 0.0936076643078872 0.125460773963925 0.220902420072522
0.0190901735251154 0.0831047014085576 0.00290788125116103 -0.0625283087878968
0.0451307971072061 0.0930851697155229 -0.188858001842903 -0.316712185560017
0.00542866671012339 0.061388809837911 -0.354902273839281 -0.47761160935833
-0.0163376258537654 0.0356244607130898 -0.510857589249545 -0.557354928860783
0.00075557485471716 -0.0315074679223699 -0.538327829325812 -0.50119096266186
0.053059569536656 -0.0612100786337873 -0.439612726659721 -0.390850063581069
0.0527802533669069 0.028675029057224 -0.349201060563712 -0.176002114375545
-0.0628550425926219 0.0647926012970175 -0.38029649463132 -0.0581348392063906
-0.168893116083871 0.091939577440305 0.343245889715982 0.2406557643625
0.00870059593285214 0.11924415820594 0.328573484537633 0.204198534168733
0.0371689928705478 -0.0238499659158934 0.0972438700240345 0.603603135464723
-0.086588690990861 -0.0965279654692282 0.234741236597446 0.8783115574704
-0.139527665793047 0.0215781558055592 0.333237206069612 0.782445043811302
-0.0730933777868482 0.0988456894886454 0.26982786148815 0.539442095582668
-0.000112585466106718 0.116952877839001 0.141287400403118 0.240567538510767
0.0313488960156949 0.103013298950539 0.0204759053740716 -0.0351402661914276
0.0553051723490016 0.11652391719141 -0.165293681658483 -0.301686432260546
0.00284599911683856 0.0833401371261046 -0.331607585692334 -0.479804298568675
-0.0322789636870697 0.0426224997163344 -0.498946386416806 -0.586119701527691
-0.00682189776070186 -0.0517469288677434 -0.517449150247361 -0.558282518690624
0.0704991498321693 -0.0693640259563764 -0.404105925774027 -0.436322203670946
0.0559555482749021 0.0475319778246534 -0.339861569025522 -0.179333514476754
-0.0968351687677562 0.0812771117743896 -0.375777939217556 -0.0759558874739015
-0.163861218532551 0.105146160608437 0.361855056851923 0.200660112858998
0.0201900728377551 0.113715296481197 0.320357363157686 0.201571983423993
0.0333091202861673 -0.0342140345386249 0.184677020189095 0.58288000500804
-0.0967130305464058 -0.091213884757974 0.32080065512958 0.804923044772876
-0.136938206719109 0.0348535017219774 0.379661304980683 0.733292422277872
-0.066159828912127 0.109541702392182 0.301913459152006 0.537412241892864
0.00609422085141629 0.12517883370892 0.164763848461022 0.26465278998355
0.0361105104509094 0.112218133497542 0.0423278440760408 -0.00243637502873166
0.0571870219206883 0.129765728965419 -0.137386181797248 -0.278962368956921
-0.00398918428663476 0.095922383453265 -0.30080260775129 -0.484126897888034
-0.0438422602326901 0.0424151229587579 -0.468422950629281 -0.631322703396772
-0.00352252818776369 -0.0636457853168022 -0.476812222627888 -0.640642903769838
0.0851412098170243 -0.0637668513581547 -0.344881418577453 -0.490513230459508
0.0484595086628901 0.0625405600742436 -0.326525150781882 -0.185689751855099
-0.120429510735549 0.0782635193525705 -0.369657790837459 -0.101936166119051
-0.137820026996391 0.101257623793872 0.372279436118313 0.158490969421078
0.0251359162982938 0.0911586696716699 0.318671393827628 0.198059154164513
0.0163901533664002 -0.036508166990125 0.271920833891542 0.544104293093277
-0.101167943770524 -0.0713864542515297 0.401620665303816 0.713840499641668
-0.12296684533908 0.0442896080965252 0.428040323738073 0.673070064297919
-0.0576998385211517 0.105253156043842 0.339501547153811 0.529111195822239
0.00597528012217754 0.117320811053913 0.191370719876283 0.287897285322949
0.035216119184149 0.108044659330971 0.0644580185449868 0.0332192110419846
0.050866010740734 0.12994488061441 -0.108389265000583 -0.254396332580542
-0.011435148533556 0.0938025947224728 -0.265443794208932 -0.490064088607876
-0.0462579534094785 0.034631679047378 -0.427538263751088 -0.688762280566799
0.00856739257838202 -0.0655304706057784 -0.410395938303346 -0.736141362709118
0.0894785488926049 -0.0476628824796632 -0.265039682503806 -0.544302641411824
0.0294038268720728 0.0639581205182909 -0.316126396302968 -0.191304622921095
-0.123733327981245 0.0572477193714946 -0.359899411988317 -0.129898055969591
0.0702346468524292 -0.062973280719805 0.36325717047632 0.141176939898582
-0.029746296542493 -0.0381264599190879 0.381282571357204 0.102305744637379
-0.0731701933821421 0.0565617665189792 0.334342121960193 0.518545018136275
-0.0416379358616846 0.0756698917037864 0.564100537124156 0.709097281123285
-0.0138497407614919 0.0104410637959316 0.601690402144551 0.583772692174314
-0.0664581060603427 -0.0234739009372109 0.454467007072934 0.393405463386599
-0.0789797204356513 -0.0208571187858483 0.21124690926791 0.181328131540733
-0.0520878721637061 -0.0176275384274259 -0.0106842227451953 -0.051751737373109
-0.0319644133784852 -0.0229936948584894 -0.256939188740397 -0.244505663009764
-0.0216113246562864 -0.0535357166645134 -0.455630798014224 -0.3953553473573
0.0483794504256855 -0.0314829616743105 -0.633678624420453 -0.473731644686101
0.0807200264785208 0.0425431601039082 -0.627083861260504 -0.430119755793858
-0.0040700536668152 0.0229192841638442 -0.503083688852181 -0.315355128463513
-0.0214517489977571 -0.0470895245953508 -0.382500194384054 -0.11470454092969
0.07666891000389 -0.0999434055902945 -0.372530085342073 0.0163587609274199
0.0349914560434545 -0.0192456706755251 0.36147585212696 0.168265195927166
-0.00460607481146875 -0.0109120542667295 0.3866114171749 0.0998514198859248
-0.05552329257759 0.0307570957464929 0.257271923344595 0.557051094845353
-0.0643531250034021 0.0476682990814353 0.497496306856901 0.798829926178441
-0.0364507230169107 0.0218882347456988 0.566949072398771 0.645257919885147
-0.0583790242652834 0.000176428095544738 0.426261600145693 0.409523473113309
-0.0566177858931349 0.00249372881356268 0.191165649073278 0.16700585206942
-0.032219524652854 0.00149081832993492 -0.0295849388231204 -0.0673333791446424
-0.00986750117052 -0.000861328499423695 -0.279927992108799 -0.248744447870836
-0.0133294295888648 -0.0266209595822548 -0.479325885590672 -0.372411820496936
0.0344734651970928 -0.0193533180846733 -0.64858161664419 -0.415767447536097
0.0638706269605566 0.0217351359342458 -0.640846394311107 -0.353384727318898
0.00784443444999108 0.00165663203634431 -0.52875153294614 -0.254710276621611
-0.003420354748896 -0.030102188914619 -0.390231892536377 -0.0937778602049245
0.0467884347287385 -0.0583395836307819 -0.370846698061248 0.0399583678267868
-0.0165256787779874 0.0272433021319735 0.364233594573964 0.181786932997764
0.0142555014907227 0.0293161761697829 0.392347850341066 0.0988575598245238
-0.0266670538863835 0.0120580142774976 0.207345938671329 0.574546531985989
-0.0801636524754571 0.0115374599320944 0.444105528181297 0.851301186142375
-0.0653189629209827 0.0332439932956426 0.539253978075854 0.683913325472598
-0.0530481542733847 0.0327280823236168 0.407566385708497 0.419660642820962
-0.0304471626793228 0.0339263125819057 0.18001955441047 0.15956588506607
-0.00739031306560701 0.0250897187757225 -0.0377273755230838 -0.0751563804852909
0.017238982609302 0.0241803052871837 -0.293180425001837 -0.24695888832715
-0.000683892760348383 0.00314379428839688 -0.492667100267196 -0.353514894902082
0.0215474129530973 -0.00105805374401086 -0.65367335568125 -0.373731968931009
0.0397219637338705 0.00297630795649039 -0.646664996421386 -0.30048940168187
0.01642844167489 -0.0235430226806799 -0.541428084855743 -0.217442747979982
0.0198300590950998 -0.0158997945323559 -0.391165309094654 -0.075065973164803
0.018111409493843 -0.00962535892178237 -0.369120603514742 0.05562421547559
-0.0714623333947507 0.0717111364155914 0.374100337382795 0.179007627883045
0.0254943368969751 0.0702260535145898 0.391641046624028 0.0961262656955413
0.00203614610553953 -0.0045296261257483 0.192921786573165 0.579948227194946
-0.0902683703495579 -0.0227183831233317 0.427070536553026 0.863209307857597
-0.091243436515752 0.0436312066371056 0.525199888458993 0.694474665031011
-0.048701238648478 0.0667978943249195 0.39977864490398 0.425357054316429
-0.00321030606775523 0.0669928670361903 0.180197291428472 0.157903494716264
0.0190680158069877 0.0493481523520661 -0.0340030015717899 -0.0715502863260817
0.0461713903751113 0.0487402402543886 -0.292219812966172 -0.244561985074225
0.0134324177501488 0.0317249111525212 -0.492422374204157 -0.345479119197426
0.00953148076614283 0.0185079374412187 -0.654505220440785 -0.356081675282317
0.014270573745425 -0.0132365917517506 -0.651157755097537 -0.286969360065222
0.0224427089441878 -0.0496522073544567 -0.543473271205277 -0.210773948555106
0.0428186077564848 -0.00351900706673425 -0.389630277054301 -0.0654749004821774
-0.00960135250622332 0.0391792847493806 -0.367794270496226 0.0612423800479255
-0.112222153953768 0.113164150444169 0.38972626334116 0.1548996341437
0.0390835731917039 0.0993525575387287 0.382869635110186 0.0931852911442147
0.023602543552839 -0.0196009284584718 0.220703757126344 0.571268738348004
-0.100930559690394 -0.046802779407118 0.451031675488463 0.829655923073682
-0.110767189918939 0.0567536918689354 0.532854861983 0.67994980435448
-0.0430520156398487 0.0997600681990245 0.405576006910865 0.424012008526315
0.020668252298533 0.095765788964805 0.191059969245874 0.164514491231272
0.0433127056697072 0.0709763890717823 -0.0190482738446647 -0.0598204756444377
0.0713658437032089 0.071301390331074 -0.275717856021362 -0.240268659272863
0.0235058584295784 0.0593767170172651 -0.48031521895234 -0.34339421382378
-0.00340564689862876 0.0370159005001997 -0.653606698513566 -0.363631554074761
-0.0071751179296439 -0.0297327015630997 -0.656193230896538 -0.312188976224039
0.0312398280986006 -0.0702978474368523 -0.537641751866462 -0.235504678761242
0.0613685120197392 0.0120208365147059 -0.384913374885901 -0.0644962823465678
-0.0382695910622089 0.0799986264715967 -0.367327970302388 0.05338473471779
-0.128189488995258 0.141494194802378 0.401287524266211 0.116072297968112
0.052333404244774 0.108575420324015 0.370260353801079 0.0925107972412457
0.0313390447197696 -0.0344485008440746 0.281831584047714 0.54812873389684
-0.112381474481431 -0.0552474752356136 0.504166294153954 0.762228983694912
-0.118443156540226 0.0715134935185464 0.55718583536544 0.635807820144809
-0.0334768667444877 0.121838371871511 0.4228786172733 0.420315210037594
0.0384722947940732 0.114361349043119 0.211664884965942 0.177425443625569
0.0603831393038422 0.0865076897358905 0.00574427268680746 -0.0399628069728624
0.0883653950181824 0.0915376448259841 -0.249710541565001 -0.232037527287279
0.0277638180951263 0.0803838242497425 -0.460244009397584 -0.354369188100697
-0.0157625505681451 0.048118873265869 -0.648992119316365 -0.394419283458898
-0.0206907936830212 -0.0459756882877859 -0.65373279450759 -0.36911179164901
0.0434665497446865 -0.084333542960764 -0.515791912025768 -0.287751490491208
0.0701477132406246 0.0288395925449253 -0.37689285050053 -0.0696320407996933
-0.0672730051866788 0.104482138336108 -0.371014702184196 0.0370077651653795
-0.119922515510131 0.152371441692683 0.406769204114868 0.070941715570187
0.0617280603554654 0.0989006305738941 0.361637763568363 0.0929248880513298
0.0248341610812765 -0.0428891246780612 0.358139488921616 0.501149755240886
-0.118321417738975 -0.0477295263071794 0.564858880747598 0.665398817300788
-0.111667064472695 0.0822527675445401 0.587182253316927 0.573363065602739
-0.0240920079204072 0.129468787043044 0.452127533846882 0.40788816976486
0.047612300204811 0.119451681494674 0.240599569060508 0.192184304730241
0.0686617242873227 0.0922953369151271 0.0360441420382544 -0.0154187540440742
0.0940863188446439 0.103181638241588 -0.216746271875973 -0.219715390815961
0.025925308562379 0.0938980147694683 -0.43310616973679 -0.36812079419216
-0.0259922861371851 0.0510424615943322 -0.636310985274079 -0.446538381364512
-0.0218590166459818 -0.0586977568803627 -0.640401577813981 -0.457684700432687
0.0582099553763638 -0.0842427905340285 -0.479917826491215 -0.358718542494878
0.0662280629340841 0.0449958937846501 -0.365949867948861 -0.0806865735089458
-0.0890523033438546 0.109159105401439 -0.371337874130681 0.0118659492332122
-0.0963579140794822 0.140509783050755 0.401665853460608 0.0294801663193241
0.0570327822696248 0.0762164156353302 0.36078519090793 0.089714960807279
0.00804916057109734 -0.0388455033396496 0.431683413093995 0.436882626134586
-0.115220732753851 -0.0285946013360931 0.612589018302185 0.551944196590515
-0.0951047149271591 0.0860632075617593 0.613840544318212 0.501825268482628
-0.0167467879249727 0.123251221258818 0.486158839574879 0.388654265477904
0.0450107624787764 0.112793344937743 0.273678575152779 0.205028769901926
0.0657346346603588 0.0896516572968868 0.0691401270277025 0.00926577298535766
0.0880218781816416 0.104872577398304 -0.182639240639426 -0.205973358972289
0.0174482255022714 0.0933653552947625 -0.39972266305215 -0.383803423445781
-0.0307824209463133 0.0455526307860161 -0.614690209813669 -0.513696745814282
-0.0119466628666205 -0.0631303207699762 -0.607595587760092 -0.569284706621888
0.0689005025349482 -0.0698025015364081 -0.420574400238759 -0.433723172034386
0.049772295561274 0.0526371160904107 -0.356777343239881 -0.0885444975264155
-0.0996518562056636 0.0910784214014016 -0.371410357752677 -0.0173346108313704
0.0695521332247051 -0.0618514631938377 0.362393784450818 0.137834990023577
-0.0296779857261781 -0.0382917306531729 0.381298088233123 0.102219614064437
-0.0725378325066463 0.0565931876748463 0.33854219742854 0.514050196436754
-0.0413142813489763 0.0771450803583338 0.567776369690321 0.70221419196924
-0.0138660840304105 0.00989297567005636 0.604091194835408 0.577173026316346
-0.0657532465982969 -0.0224978763133525 0.454956054872775 0.387988734042468
-0.0785390430545327 -0.0194859286195364 0.213091230472619 0.1785377085348
-0.0517158576955395 -0.0180040848997759 -0.0109555748947552 -0.0504828130212909
-0.0316557856707149 -0.0232064317994096 -0.258245564867836 -0.242170634105532
-0.0231771983869273 -0.0518230487839011 -0.45690807480696 -0.389946180197255
0.0474274485655924 -0.032114046035564 -0.636278151489184 -0.465232212748512
0.0801571728716031 0.0414245570675157 -0.628821770407633 -0.422447547229472
-0.00443290418425799 0.0229597363204851 -0.506070973612677 -0.309536177948373
-0.0221765683779129 -0.0461158604546055 -0.38281361507246 -0.111633466016303
0.0738999919529055 -0.0999368329394739 -0.371620718807787 0.0181092606074541
0.0344495765432351 -0.0185360927910268 0.360941620482047 0.166301367915789
-0.00382021031414669 -0.0109452881966771 0.387562894228958 0.0993806236249682
-0.0551153151544914 0.0310802948390428 0.263661584232717 0.553719438483453
-0.0639140531646268 0.0495001222691632 0.502491290522547 0.791499138597589
-0.0368312192041029 0.0224640100284101 0.568661278361952 0.637948810744757
-0.0574631135267191 0.000294480208347329 0.427665410506522 0.403705848592489
-0.0560883772958879 0.00316457126424851 0.191840985416395 0.16634715742778
-0.0315763538451768 0.00182754022435533 -0.0298488408322462 -0.0670668207533042
-0.00855829889288987 -0.00106668658676149 -0.280767555370471 -0.245778348587453
-0.0138148115252243 -0.0251042441629578 -0.479309632885771 -0.366189196650623
0.033574087064171 -0.019506692966341 -0.649792932042271 -0.405623195892278
0.0630938085875734 0.0204573296548344 -0.642350806345136 -0.346765177235734
0.0079865905830484 0.00190540930472655 -0.529390926266834 -0.250311595668745
-0.00286580276724782 -0.0293824784344361 -0.390236532120798 -0.089381234812569
0.0457549686939355 -0.0584670498830315 -0.369035161749026 0.0428846811176153
-0.0158178536041468 0.0264527925912337 0.363904646714486 0.178298426172741
0.0142514633588582 0.027522248100477 0.392454100468585 0.097155029858122
-0.0262572109365685 0.0110222145646663 0.212456369075839 0.571462272106829
-0.0789646953066772 0.0123046832849192 0.449336522693325 0.845243551208639
-0.0652131157829575 0.0336025954257265 0.539013719111222 0.676122896413448
-0.0523085698864153 0.0322029555215513 0.408825361999806 0.414973071140922
-0.0294354067435113 0.0342927827005811 0.181617634134013 0.157217959603622
-0.00659358237754465 0.0251970709416184 -0.0383680920528535 -0.0735153484860784
0.017955858058518 0.0235657598805275 -0.29445981222357 -0.243656478121853
-0.000558950374943305 0.00365230251010021 -0.492830605946892 -0.348219344401301
0.020343154664974 -0.00103293664585156 -0.654561683837599 -0.364690770253291
0.0393305283994081 0.00296297934203838 -0.647168016426517 -0.294910180262365
0.0156081054757178 -0.0235200710888783 -0.542033301996169 -0.213432349591699
0.0199613635952068 -0.0155691106520226 -0.393339282932453 -0.0721446223933857
0.0178700350189142 -0.0101226438826948 -0.367318959090792 0.0581099935448194
-0.0704790732749516 0.0715470896802087 0.373296111358915 0.176263637927293
0.0263194604172447 0.0687739427121465 0.391307705287872 0.0944489928395953
0.00233312376227159 -0.00487084665204185 0.199082971425713 0.575737830828863
-0.0908572646970914 -0.0207345127422797 0.433108149663053 0.856240713681172
-0.0915745680939767 0.0442525951326507 0.527287366900892 0.687694418386214
-0.0471657014242157 0.067587670124653 0.400493858937773 0.419163358478274
-0.00174609229860155 0.0661197613451725 0.180579559564162 0.156974449955118
0.0190525286684862 0.0488509809124978 -0.0347065859158188 -0.0700927683185228
0.047338248832201 0.0479542662830306 -0.29287514899495 -0.24160801621028
0.0134329788038516 0.0324236629288029 -0.493274985125468 -0.338499554432205
0.0093326622505283 0.0186357740151607 -0.655913511740859 -0.347981724225554
0.0146768828452666 -0.0138226898889169 -0.650764146010422 -0.279972994697977
0.0217910337797532 -0.0488830442118992 -0.544856047345139 -0.207107816859165
0.0417566439768395 -0.00283661237755239 -0.390791517831148 -0.0622823012396512
-0.0100168519725915 0.0380653356753677 -0.366205175707421 0.0629025379114982
-0.111141781098125 0.111958133341673 0.389001601640564 0.15161764908623
0.0390821699625461 0.098558747085416 0.382716772199576 0.0919719013407167
0.0232791156875944 -0.0194815683758867 0.225804708352555 0.568722743788809
-0.101531833848561 -0.0441629546747307 0.455927433549547 0.823232794036541
-0.110007073352294 0.0576041737098546 0.535788819557535 0.672520018688731
-0.0410764131107526 0.0997906289102163 0.406396530150398 0.421094572222137
0.0221321237690452 0.0948512262288203 0.191936416212395 0.162383374059602
0.0439166739017566 0.0699369035198668 -0.0187110157358836 -0.0583859694948921
0.0717284431881852 0.0714533524904372 -0.276790616280588 -0.235191665149766
0.0243345415998505 0.0579725700104331 -0.481793739004908 -0.336987704667488
-0.00281134895134579 0.0363855298532735 -0.653075565116984 -0.356890973709085
-0.00839857460651382 -0.0286093596362775 -0.654857410457679 -0.303964952523524
0.0294574932881828 -0.0700207866703621 -0.538816421890672 -0.230117570409671
0.0594698354109877 0.0115379102961095 -0.385887037865733 -0.0611126198079066
-0.0385789062342643 0.0790999950961268 -0.366724149766181 0.055664905298916
-0.126251206084421 0.14078279987654 0.399191387633082 0.113074904162683
0.0521185358016346 0.107348179224055 0.370968599709808 0.0920673164001661
0.0312372394093083 -0.0341373015817258 0.285421428739261 0.543532013027051
-0.11151642944708 -0.0524558797716624 0.509400020791297 0.755943412117286
-0.117516667055293 0.0717142011867598 0.559868506498386 0.628893636676336
-0.0315452047135577 0.120691868115343 0.425099709016768 0.414425107167902
0.0401567375880099 0.113146373402069 0.212193304805411 0.174811304528791
0.0607749240154019 0.0848376899878796 0.00680848613337918 -0.0397870874961996
0.0894965473105899 0.0898431184361866 -0.250338634402601 -0.229432818334092
0.0294961357460117 0.0805963236127204 -0.461504924390506 -0.348934619493982
-0.0158528114478046 0.0481133016043149 -0.64976756226026 -0.387813513714251
-0.0218779608537489 -0.0452706570980623 -0.656022117966333 -0.362302298700005
0.0425346227786974 -0.0828751702863091 -0.51838734477718 -0.28131684522996
0.0691292360224735 0.0281131444563526 -0.377771707970538 -0.0682902394422556
-0.0657650839931214 0.10438486447042 -0.367750792545472 0.0404244565741261
-0.117835510957164 0.151283668750505 0.405138109626549 0.0687036658775244
0.0610093330277319 0.097696295814924 0.362483702297643 0.0917377012147137
0.0239434114899491 -0.040477423209541 0.3644766457283 0.497469607181677
-0.118240336727108 -0.0460728262599469 0.566356828180075 0.657376040363293
-0.111963662595186 0.083839418693112 0.589763157795339 0.566327410997074
-0.0210216981406504 0.128442473424007 0.452482156196007 0.400978633318904
0.049075643806961 0.118285689719282 0.241270231940504 0.189057124084072
0.0688568416389483 0.0912384923940348 0.0377020132138929 -0.0159677381142556
0.094417146549045 0.100204070563638 -0.217767321087797 -0.21699764250628
0.0264466205429303 0.093362530836501 -0.432936469222672 -0.362282095631332
-0.0255278056496889 0.0513470695132928 -0.637299251615128 -0.439181628148792
-0.0227943707118496 -0.0584807132230405 -0.64384901262439 -0.451677195775726
0.0568909861159857 -0.0830864183822985 -0.479947721985035 -0.352894798787028
0.0653719704908899 0.0441378645598698 -0.366631021293633 -0.0797064425177436
-0.0881037606823359 0.107942148567676 -0.369126281349263 0.015048808236796
-0.0947932185141785 0.138868687816733 0.399809215921494 0.0268950132386966
0.0569037431565395 0.0751779188700997 0.361567837819336 0.0884175066956306
0.00810777850468275 -0.039039017355845 0.435068871107681 0.432698171709563
-0.114663535045647 -0.025863065077081 0.61520627029572 0.545300120640729
-0.0946209223639387 0.0871372680169231 0.614694256579846 0.494853890533553
-0.0145673372111497 0.122868785405102 0.485979480458305 0.382173587639469
0.0474480386370931 0.111514792137461 0.27378558619262 0.200990340991147
0.0663929876052924 0.0878405459903722 0.0700783665889666 0.00900739223726523
0.0889035917800147 0.102090392754386 -0.183435065883642 -0.203125443501273
0.0182942391946028 0.0930965802663799 -0.40115784647537 -0.378198799328129
-0.0305379822859698 0.04462242044769 -0.61784789126132 -0.505139808621535
-0.0118779998060486 -0.0627776860177345 -0.609101210696653 -0.561095462632735
0.0673813654192761 -0.0694183111181894 -0.422813630778354 -0.428664631608748
0.0489378803099179 0.0515035861689298 -0.357178483682394 -0.0868760825516098
-0.0980708912518606 0.0895994357253698 -0.369923943566441 -0.0160191555618554
0.0688463431270557 -0.0615967944282737 0.360766717999419 0.135094193448635
-0.0290494464859663 -0.0371935160749646 0.382147569897428 0.099933129721117
-0.0710420256626102 0.0569203589892809 0.342517644936335 0.510722440768721
-0.0404172648098397 0.0775158704507352 0.571352584083483 0.693813093295517
-0.0142591992481057 0.0100020727188629 0.604530346711115 0.569898197750295
-0.0644649694192261 -0.0221957160503487 0.456114111120863 0.382564537916424
-0.0782527919728371 -0.0172376219927591 0.213657539686875 0.17546302306887
-0.0501360101249261 -0.0165968396805847 -0.0108929495167948 -0.0510035862901247
-0.0314987917998412 -0.0224679744117337 -0.259235274193658 -0.237495854954957
-0.0235116952667056 -0.0507433831680188 -0.460088789206074 -0.385292024146511
0.0466985881744955 -0.0318676984269454 -0.639334718536284 -0.458824873216485
0.0804208425760877 0.0396273305089577 -0.629165853699512 -0.417428539997363
-0.00487647915781188 0.0228761926438804 -0.506181423136964 -0.305440797243057
-0.0220009467284909 -0.0458503458729193 -0.385185121534763 -0.108782909081832
0.0728847622661663 -0.100455330483088 -0.369164184333113 0.0197833933501816
0.0347992428649582 -0.0192433498908355 0.358171569250985 0.162258213670918
-0.00307819855496431 -0.0101139741228041 0.387796278261912 0.0992232456008656
-0.0538196611229083 0.0313291698736328 0.268903531082098 0.550286018274474
-0.0636985959840356 0.0482661351246905 0.50561008907643 0.785498457354793
-0.0364096145546877 0.0220053981360039 0.570084765180491 0.632184811435639
-0.0570658491963328 0.00141096473509241 0.428373829567982 0.399118354818347
-0.0541092893710069 0.00375464540787006 0.19305025981998 0.163792702293504
-0.0310762339760974 0.00157452891559474 -0.029748142859379 -0.0649593767413092
-0.00911823086358488 7.80333943133232E-05 -0.281311371156539 -0.242858361060064
-0.0135341389191221 -0.0250050230951125 -0.481480315368547 -0.362325319421589
0.0336932784895902 -0.0194197941333547 -0.650711781062457 -0.400108985360349
0.0625804053107899 0.0193559749133774 -0.643061654912787 -0.339641992944226
0.00782729966784619 0.00195598211852879 -0.531262907644585 -0.245275594242268
-0.00345435776384968 -0.0289395732245745 -0.390003805976661 -0.0869930960757043
0.0452378764932238 -0.0582420695788574 -0.367937983197906 0.0433844764639724
-0.0155398102978147 0.0258887477488464 0.363481927192801 0.176324759915541
0.0137592524690851 0.027286496798899 0.392713821809068 0.0968374115031785
-0.026092044964186 0.011368636167838 0.217297177155082 0.568342001481202
-0.0786073678707901 0.013835542401735 0.45517564738762 0.836416504494333
-0.0645065379934195 0.0330844244288962 0.542877841393118 0.671104310601847
-0.0509167592832397 0.0335920149562585 0.410359343750136 0.409192716426117
-0.0272730919534782 0.0340781144004937 0.182086506409028 0.155336101268507
-0.00639103372193231 0.0250501551055266 -0.0380197692230448 -0.0723797793205556
0.0190209003430163 0.0232150834637453 -0.294851787306675 -0.241395056198257
-0.000428398705635307 0.00382567616442739 -0.495182428452069 -0.341962924472672
0.0203335169439163 -0.000869834473559388 -0.655555180842788 -0.357356053880425
0.0381347638241203 0.00225718614311321 -0.648362438227075 -0.289379187546051
0.0150320157864625 -0.0219640763323048 -0.542095443644054 -0.207762276607886
0.0191503421453764 -0.0154704628398399 -0.391933048735112 -0.0690575353166224
0.0172043568382616 -0.0102864396729132 -0.365565998761178 0.058597031034311
-0.0694702439219804 0.0718763173096315 0.373179943955555 0.173819305887852
0.0265844497307734 0.0667444816161057 0.390130522333997 0.0952054779817926
0.00220283959528329 -0.00449226895694028 0.204044225739329 0.572368876594332
-0.0911415870449485 -0.0195651910523146 0.439485839777454 0.847943497686316
-0.0909617187626114 0.0443656730078208 0.528731183306268 0.681302894594176
-0.0466870946417249 0.0673372284559025 0.40193748546182 0.416295702441608
-0.00173222387930215 0.0661492945883102 0.182058701438907 0.154133315637363
0.0200723193412131 0.0488690637146034 -0.034128456940195 -0.0701773607227569
0.0478656418621196 0.0470697882770577 -0.293010300953509 -0.238774164233235
0.013220349844223 0.0327203277863872 -0.495138238945899 -0.333379835199191
0.0092744873334469 0.0181683498236402 -0.657118192342343 -0.340760874498517
0.0142586843376952 -0.0131318009758552 -0.651317789736592 -0.274942862645684
0.0208201748881524 -0.0482713386092275 -0.545072445045923 -0.200089471106594
0.0418567839505701 -0.00266734462061046 -0.391192828349646 -0.0595058224528199
-0.0098867918072552 0.0379499812645092 -0.364777337661018 0.0631188182149641
-0.109797164337411 0.111034987364819 0.386941403993241 0.149167187443068
0.0392224912353147 0.0955981573588165 0.381743673548197 0.0918488136617213
0.0217469810941739 -0.0197963265311098 0.232041504901843 0.565662706164759
-0.100990135421293 -0.0423504569280652 0.462333437079821 0.816382333371076
-0.109411168046642 0.0583686261420258 0.538540591403905 0.66466364574802
-0.0396335064300903 0.0988835509544809 0.408137656983469 0.416306717309846
0.0233548242678306 0.0937264829136573 0.192063473244092 0.160995654474045
0.0439629917597419 0.069067758731375 -0.0183308166796385 -0.0577826472429695
0.0722871915506275 0.0697627441372775 -0.277926592404168 -0.231303404335581
0.0250720620329978 0.0586975381553345 -0.483794823210499 -0.333933875045765
-0.00284344668742053 0.0362139070671882 -0.653779531167445 -0.348743703699767
-0.00809724816633488 -0.0289842849423017 -0.656161497447108 -0.299249338091392
0.0289212178670404 -0.0691093993101272 -0.537443722095184 -0.224705104693874
0.0588425728782468 0.0113445884312736 -0.386391971688451 -0.0597260274529362
-0.0381500238736243 0.0777547251043423 -0.365423590646306 0.0575550638177424
-0.124846239493914 0.140973265331148 0.398542532374413 0.109890145578464
0.0531370387348624 0.104904508873826 0.370169859814632 0.0910514069638193
0.0303419964126976 -0.0340584627708274 0.290901290206103 0.540479554426955
-0.111580404213474 -0.0507184281196071 0.5134989857347 0.748101413361486
-0.115766758839833 0.0724662513119304 0.561651579864561 0.622088427783938
-0.0297922795763828 0.119386267958609 0.425605581381658 0.411104323378911
0.0411687156220145 0.111903399748862 0.212292081703792 0.173383921460693
0.061567262959601 0.0837660492586659 0.00667908941631343 -0.0389316431261005
0.0894824472198987 0.0881053492961113 -0.250958302799466 -0.225824650204562
0.0296225570976139 0.0795523396908036 -0.46316199753148 -0.342850181627846
-0.0145856027577462 0.0479069872073331 -0.650103221830261 -0.380136018436151
-0.0221575293125861 -0.0444725207868856 -0.656971021193062 -0.355376458113787
0.0411465236225462 -0.0822991945975174 -0.519571930724063 -0.277575259506387
0.0681945098371817 0.026924233375304 -0.378921537381312 -0.0662940971248399
-0.0646780403081258 0.10274539571601 -0.365545290612309 0.0398604916775083
-0.11668296020547 0.150465702413626 0.402378962458376 0.0670084521534672
0.0607626360308498 0.0955057282039717 0.362333398811707 0.0903887875839583
0.0231184675886622 -0.041446382013981 0.367822750573377 0.49269338862723
-0.117225014112833 -0.0440119791418524 0.570071189095677 0.651799757159048
-0.110420252503134 0.0834523336745983 0.590316421398572 0.561424130422874
-0.0201922195817642 0.128155636217876 0.454273619057356 0.396997312811801
0.0502378010142325 0.116295403240707 0.241957213384818 0.187360217174325
0.0697942410320872 0.0893598573028117 0.0369531511238616 -0.0160862213036606
0.0952106874573121 0.0986989335525747 -0.217926714673281 -0.214688419875535
0.0272626078008414 0.0929425040491794 -0.435162271579146 -0.357294853387514
-0.0253885121045427 0.0506579086070362 -0.639215155738181 -0.43314415361346
-0.0238668147494969 -0.0575620093191459 -0.644377243401113 -0.447037037413192
0.0556302319300017 -0.0826053279761412 -0.483060326687612 -0.349481069028291
0.0651865354471265 0.0432738082948701 -0.367217454644566 -0.0761968541466099
-0.0866954455627003 0.107598150236556 -0.366934703722194 0.0150817406908374
-0.0943349721356031 0.13839809359344 0.398339370867318 0.0254790096968285
0.056111486297078 0.0739287241221846 0.361662821877693 0.0882486575522604
0.00757798236719417 -0.0378268460761996 0.438566493829207 0.427173106210305
-0.114471561139457 -0.0248097297799984 0.617776472608976 0.538401437213241
-0.0933692080799382 0.0871877508039153 0.616652575091799 0.490401476092717
-0.0122583789543272 0.121983916597976 0.486566616238896 0.376816725081606
0.048569548549459 0.110675775883304 0.275529663219506 0.198435628299223
0.0674291018409605 0.0871193333542159 0.0698596679664949 0.00865825727672235
0.0894248315171591 0.100861322952631 -0.183575160881944 -0.201195569768848
0.0191671314698176 0.0925077446128799 -0.403208893001808 -0.372763381864124
-0.0296401695815955 0.044756726632266 -0.61594417180661 -0.49847077401116
-0.0121773963914738 -0.0616899160411611 -0.611777952730306 -0.553612518840707
0.066198685732279 -0.0687640393091642 -0.424698632836812 -0.423760341157402
0.0490626985447534 0.0515609158389677 -0.357464558659131 -0.086300553032638
-0.0971323404547058 0.0886491778026226 -0.367935154882792 -0.0135213486225515
0.0680681927223196 -0.0605233858986819 0.360893674584226 0.13328199650741
-0.0292321226410308 -0.0371085046570741 0.381541236077917 0.100203022646685
-0.0699966685541231 0.057211050982706 0.34755625547371 0.507165559268517
-0.0407607160611938 0.0767525647775916 0.573952133178084 0.687322404768038
-0.0150233307703521 0.0102780781546962 0.60581946069035 0.563487964671985
-0.0637493643094632 -0.020480324116101 0.456128011380308 0.378230237137343
-0.0775271447658544 -0.0162061701417681 0.215840325518315 0.17341993757187
-0.0512100305295873 -0.0155993339854658 -0.00951466759104619 -0.0494339077272561
-0.0305311589411975 -0.0220346759654351 -0.258839118870018 -0.235158026051353
-0.0230245267856019 -0.048686095176411 -0.461072437683766 -0.379799856447154
0.0461572998425633 -0.0327602037856464 -0.641579230139822 -0.452303491100354
0.0796608948155409 0.0392420940614608 -0.630775780556593 -0.411548655737337
-0.00443301123844753 0.0238178191735565 -0.507469034478351 -0.301790071774347
-0.0221734823864987 -0.0444785410218987 -0.385708814991928 -0.105755163979464
0.0714721156752637 -0.0987066368623457 -0.36827825276316 0.0214699206605863
0.0343465847380229 -0.0181599019713218 0.358910713553843 0.159950851575918
-0.00400764573938632 -0.010819759331532 0.388423224283028 0.0994517410165226
-0.0532013775391833 0.0320546515071389 0.274012325956343 0.547121836785369
-0.0630134368541332 0.049372732349234 0.510475560236588 0.778092952000615
-0.037585427819996 0.022137444603071 0.570227367792082 0.628179044692817
-0.0561158048588534 0.00174602692163184 0.43004574447365 0.394340183041307
-0.05407066873548 0.00521928210354378 0.194345497468052 0.162100589814546
-0.0303164691698044 0.00181463880717702 -0.029274934465587 -0.0645669693511833
-0.00884977565061739 -0.000616326501369842 -0.280925600181813 -0.240215371300619
-0.0139954072313601 -0.0242701662812499 -0.483829371318109 -0.35575241055883
0.0323721100162802 -0.0189739176466661 -0.652812183920222 -0.393209174027636
0.0623704921433156 0.0186714518731272 -0.643573176759167 -0.334506467989284
0.00769264483005553 0.00262508480524571 -0.531468327216643 -0.241384217244216
-0.00367499404872463 -0.029159523378855 -0.390629978500851 -0.0858295862810468
0.0436588713854163 -0.0582243353503526 -0.366566827452853 0.0438061404166837
-0.0159230490143117 0.0261369352999892 0.363022333318385 0.17333479871298
0.0139154923507789 0.0271269696533953 0.391557068091889 0.0981723923572342
-0.0256308725607889 0.0117785378233418 0.223667900809115 0.565555290505692
-0.0785349390097922 0.0147934228005371 0.459108989704302 0.83166078350066
-0.065102925532662 0.034200784569291 0.544856431757369 0.666257834725415
-0.0507407672086785 0.0328758998753333 0.41083965523372 0.406698171214102
-0.0263609004514386 0.0344866654034385 0.183532321241292 0.153161573963128
-0.00514738818863298 0.0252512963139729 -0.0376362345595808 -0.07145081380639
0.0192238915619242 0.0231662313877819 -0.295261412109504 -0.238044546119941
-0.000686424887635057 0.00415634009722218 -0.496441891375773 -0.338795945812731
0.0200412457319041 -0.00217255110915707 -0.65630613959901 -0.351305068327123
0.038454522946345 0.00105595428369337 -0.648659970629331 -0.282895189246191
0.0148870987122107 -0.0230199671781963 -0.542924783450803 -0.202988908811181
0.0186061007581458 -0.0156834973164406 -0.394635378163916 -0.0667984171435481
0.0157886883430647 -0.0105923249404858 -0.364007562291027 0.0590253900765524
-0.0687107138146024 0.0708437160046335 0.371905702697475 0.171618339713446
0.0261033831666392 0.0656678225104669 0.390261672506852 0.0946831427135135
0.00165802184828147 -0.00410877481789591 0.209945660799763 0.570823398786429
-0.089248617052017 -0.0171435779624809 0.443818689727638 0.843896074207137
-0.0905550794020698 0.0454032567685739 0.530399506410845 0.675919798368177
-0.0460219654534126 0.0671263357764367 0.404108316972075 0.411920449007603
0.00115538976980986 0.065821918186147 0.18332550156583 0.152301291779237
0.0207569721675386 0.0475457620503889 -0.033854884882023 -0.0681484138676985
0.0484010977652417 0.0463084605004684 -0.292402738521025 -0.23544529562257
0.0144102599468803 0.0325070432300645 -0.494976214383292 -0.327680464009336
0.00884745954863058 0.0180113011222924 -0.65754247410385 -0.334538989014356
0.0129762878610022 -0.0135048692413292 -0.653240331099878 -0.2696950796087
0.0193479339122585 -0.0472710300772003 -0.545851661454878 -0.197212398634184
0.0409231793412686 -0.00317031424679229 -0.392950906267127 -0.056039402338304
-0.0101045039782328 0.037578958572373 -0.363258705507399 0.0642632469283748
-0.108455714019642 0.11117685164682 0.384882266958954 0.14593719829554
0.0396476969121806 0.0949119264243038 0.381549199775667 0.0906685927305838
0.0222965695270375 -0.019882936829389 0.237088184846371 0.562748505429541
-0.100519106740253 -0.0411253932230844 0.465259617355988 0.811629256259628
-0.108355722096363 0.0588821255647516 0.540472797016341 0.660180534644615
-0.0387370496600753 0.0981461229765373 0.409184430151617 0.412666833709535
0.0243639333377235 0.0932751138265378 0.192743364762534 0.158619288229206
0.0448857464603769 0.06847296303393 -0.0186916789344814 -0.0586065421457508
0.0722891360745774 0.0681916813390971 -0.278537088569088 -0.229707711756215
0.0257281069556168 0.0582566011666985 -0.484588956744119 -0.328783135006284
-0.00296465949881056 0.0351561190353469 -0.655542506436828 -0.343451729621219
-0.00841449283756916 -0.0289289303754467 -0.655948992333501 -0.293838618676413
0.0274770704674153 -0.067943496302145 -0.538807248658343 -0.221220546825375
0.05832428256997 0.0102685002589918 -0.387032853285609 -0.0575071838595546
-0.0374950136874943 0.0770936646225152 -0.363780394878623 0.0587050346455443
-0.123859437930187 0.139420321651104 0.398509482134733 0.108138825836931
0.0524206161558502 0.104098996255514 0.371550538653281 0.0904748590982752
0.0299647312134833 -0.0326952733182974 0.295565426966546 0.537998688749619
-0.110722532399372 -0.0496821988080371 0.515932734118896 0.744034845558116
-0.115437973118138 0.0729865177003537 0.563721192759208 0.618172582882058
-0.0279742243629552 0.119605008560302 0.426812795967367 0.406012429143422
0.0429412913538161 0.110631473779023 0.21394954567511 0.170644416357718
0.0626562708596122 0.0831444811526653 0.00721465284502529 -0.0391512277165425
0.0901261460878992 0.0861818933272039 -0.251542799893166 -0.223287283770544
0.0304177944902697 0.0798066192649208 -0.462958603854267 -0.33796505578896
-0.0144967115935449 0.0480259977524866 -0.649777084396692 -0.374853037595033
-0.0222122195147074 -0.0435990408406322 -0.656663827059501 -0.352227765523241
0.0401393449745693 -0.0809467747402337 -0.519590908977317 -0.274605984879974
0.0676011490625418 0.0264924104180168 -0.378529958108229 -0.0635648470058921
-0.0644105888055611 0.102041600411231 -0.366158125531825 0.0411066768952737
-0.114942080400361 0.149349423088694 0.401304005607509 0.0652785277530054
0.0603546060256453 0.0941969945028116 0.362762134089887 0.0910241636970702
0.0221944637568412 -0.041435862160584 0.371343227685607 0.489600429687029
-0.116660001038534 -0.0415362644002386 0.573517176230944 0.644505795647963
-0.108543657173256 0.0838818876344506 0.590988373651438 0.55585100907875
-0.0182194575500251 0.126262337697037 0.454069077750322 0.392584816738108
0.0513980764231934 0.115934451799323 0.243138886606587 0.184378290712225
0.0702026207309058 0.0879909474297535 0.0383465478657059 -0.0162044229614063
0.0958983812320247 0.0961712955558413 -0.218784915328867 -0.212439530830546
0.0285530244692782 0.0926961290564763 -0.436416467748674 -0.353469820101211
-0.0249040257480669 0.0513269481431176 -0.640420366123735 -0.42761259822229
-0.0244563939612845 -0.0561070149628764 -0.641893399013603 -0.439547010357929
0.0545177954573905 -0.0807374186601176 -0.483541926565767 -0.344619138486133
0.0642036774390211 0.0420621874811918 -0.367736558506844 -0.0753340247417231
-0.0860672360353568 0.106640277097062 -0.365815488166541 0.017933673732821
-0.0926708414027531 0.137840712952455 0.39769418280047 0.0247878055305193
0.0560859795055009 0.0735928498339425 0.362401131778256 0.0873667089512005
0.00720329563944318 -0.0373732902451654 0.440585773599109 0.423046891770516
-0.113769207100076 -0.0237256157846375 0.620386273645641 0.53327225155031
-0.0919741330468333 0.0873666293970019 0.617086941374417 0.485180387619796
-0.0118165547752347 0.121814645579084 0.48854149784908 0.371778794602867
0.049356489109261 0.110353634727121 0.274761592007567 0.19554624764073
0.0674366798555575 0.0852267814405007 0.0701886316861381 0.00838209741173552
0.0904043640407944 0.097725796676014 -0.185762107359917 -0.20016701013627
0.0205630318729362 0.0930723493391065 -0.405076674888529 -0.370041192764303
-0.0294327393385678 0.0440603827448473 -0.618877048235196 -0.492422622098955
-0.0126714677784768 -0.0613140612701775 -0.61416900401321 -0.547383845011757
0.0635912926154162 -0.0680544430567697 -0.427195302121116 -0.419392665694356
0.0478461833620888 0.0505514274934338 -0.359018345063927 -0.0848129100958537
-0.096291878082169 0.0885040733189161 -0.365386940459899 -0.0117671087233829
0.0680502945280303 -0.0603649297667043 0.359223660901222 0.133209428124975
-0.0282088273334256 -0.0376790187230921 0.382431605337822 0.0997366744655441
-0.0690273150812588 0.0571938932131152 0.350909407556818 0.505430730327904
-0.0406444798602191 0.0774738709794625 0.577515979315574 0.683588274763146
-0.0154600786771695 0.0100247698319858 0.607348527951203 0.559467887167448
-0.0637054408753928 -0.0208443958017524 0.458079665447071 0.375064845116043
-0.0752193646876768 -0.0145113215633318 0.216666534669769 0.172365858248366
-0.0498683095556658 -0.0159583382554916 -0.0103678161903471 -0.0490560821011027
-0.0301059291194591 -0.0220899230924799 -0.259316070202978 -0.232569477976815
-0.0232406966038889 -0.0479793573589747 -0.463057284496574 -0.376777968834285
0.0437799837945385 -0.0321426596060215 -0.642766061286288 -0.448244844948866
0.0793039374953783 0.0370977283466285 -0.632210099316331 -0.406366359069561
-0.0046283577590421 0.0236054562609591 -0.508581950654215 -0.297394327628634
-0.0219501045757369 -0.0444993015137323 -0.386636992541361 -0.104688419604625
0.071207461334648 -0.0985035012784803 -0.367930741102594 0.0222006784880527
0.0334033238128592 -0.0176605766259266 0.359575340772122 0.159664343990567
-0.00365567696679162 -0.0114709796950071 0.386820899105287 0.0992609236895504
-0.0522392050276633 0.0311588460025064 0.27884867886869 0.54566769600719
-0.06237351243478 0.0502247744755021 0.512420973447191 0.774479732154692
-0.0378670077073574 0.023295693362092 0.572835213329903 0.622235815730808
-0.054984543671914 0.00234864479640315 0.432500690721628 0.390182480230161
-0.0530649697480619 0.00535524901773586 0.195719248826614 0.160019731661392
-0.0304282106012252 0.00279321815247938 -0.0290370913670391 -0.0639213473934607
-0.00759836240793794 -0.00114527719949702 -0.282004702567632 -0.236628516642389
-0.014486358471376 -0.023167755145334 -0.484023406266173 -0.353578622651864
0.0322594942297443 -0.0198360695034767 -0.653520165425833 -0.388559340077323
0.0617454443345185 0.018535629655017 -0.643971925532155 -0.329850215460334
0.0070888589182382 0.00370318530295193 -0.53179728077415 -0.239781897617212
-0.00338216661117444 -0.0292799673934466 -0.392162724262902 -0.0832971373335421
0.0425848581959083 -0.0577478905983716 -0.365273979309888 0.0454501587999464
-0.0153469225468659 0.026335026378047 0.361745820557714 0.171705702698514
0.0135869978229997 0.0259490943251342 0.391612643587988 0.0983691632756981
-0.0253432369173659 0.0115147243428464 0.227925291689097 0.563503638100678
-0.0772785590438452 0.0159559923344315 0.462638305649495 0.827775335029162
-0.0649673566193517 0.0345915863022711 0.543704429712398 0.662582431397585
-0.0494180336206652 0.0326156324207954 0.411264775847234 0.402093962185174
-0.0252835848415851 0.0349007531987421 0.184733537338284 0.152063083638034
-0.00503599874147345 0.025624036190746 -0.0376371706450857 -0.0704118073737741
0.0197154117683649 0.0220046532922877 -0.296320927470522 -0.234139835278101
-0.000369627104160174 0.00497398517549398 -0.496781798552605 -0.332674873477285
0.0200903039765846 -0.00142170078400972 -0.656546762124456 -0.346444465628691
0.037423235994851 0.00139645275291186 -0.649154934205075 -0.279469728625228
0.0131890346078175 -0.0218009749839349 -0.542771755004139 -0.201460309268487
0.0181641960990508 -0.0157189588655378 -0.394397621488808 -0.0656007949835214
0.01561790569155 -0.00975730885209222 -0.362452247411668 0.0607456254707011
-0.0690070680813633 0.0709949066340735 0.371515161546718 0.168663667769268
0.0263748602867253 0.064599705855884 0.392634746425412 0.0934897288154337
0.00269649271751388 -0.00395840668897126 0.214981246720547 0.567766009056569
-0.0900692396621034 -0.015913890159868 0.446378552702391 0.838209499146142
-0.0901741127351185 0.0465195862227905 0.534466324706919 0.673439654096464
-0.0440918787366281 0.0668301397448941 0.404928125369043 0.407398227859985
0.00146221657025622 0.0662932059680922 0.183998806891236 0.150975973476155
0.0213303510622437 0.04778861008495 -0.0339683048286942 -0.0678102715052927
0.0479419189719234 0.0451303397611001 -0.293171224485082 -0.233162814343541
0.0147883688201768 0.0324869090626861 -0.49618950217083 -0.323242122770039
0.00896125870404167 0.0179514237522822 -0.659393766081539 -0.327720166176159
0.0125951118237814 -0.0126292774222714 -0.653135794766329 -0.266721896331813
0.0185382822490431 -0.0470042334164568 -0.546434279027774 -0.193290954603739
0.0402951365457035 -0.00328705636598471 -0.392683637796235 -0.0563811496735429
-0.0112529876043959 0.0379630179516011 -0.362180073438328 0.0647883443213021
-0.106655252012793 0.110904210087289 0.385064351220447 0.144608841563997
0.0390557039818886 0.0927233407907892 0.381238966517842 0.0909341768927503
0.0235178325384922 -0.0194090530665177 0.241633299201133 0.558903548403056
-0.100323435429944 -0.0392604824533553 0.470205641569617 0.807863823336035
-0.108154708568586 0.0593609835226131 0.542341999739477 0.657060543421142
-0.0365820964363164 0.0977680652642609 0.410157700280927 0.409651558426945
0.0260842107655604 0.0925836816444518 0.19402769857411 0.156828355328903
0.0456746079529472 0.0674909872747363 -0.0169560768611328 -0.0572225217980888
0.0739897308461278 0.0664057216418503 -0.279155829393838 -0.2265962324214
0.0256951982760133 0.0579395307177789 -0.484846925814625 -0.324761843096808
-0.00248696808567885 0.0354723216117522 -0.655567306761725 -0.339424037163771
-0.00986385835635355 -0.0288446809456718 -0.657740425537141 -0.288972681819376
0.0270180906790445 -0.0675910968396713 -0.539664900427757 -0.216879983540854
0.0582197637753735 0.0103252198270907 -0.386945638991995 -0.055549975794625
-0.0376291331933944 0.0773159813100668 -0.36194542427269 0.0582890640744226
-0.122966014659597 0.138899304987829 0.396606204861331 0.107347924672019
0.0515893624651455 0.102203645059793 0.370454609947811 0.0901689396576124
0.0292290886292848 -0.0331323981382015 0.301198870811226 0.535997930004747
-0.111036247990683 -0.0479869851976351 0.519943326640703 0.738420955852227
-0.113557513303837 0.0742468504137371 0.565229400761813 0.613857764332301
-0.0264030478568254 0.118445875501016 0.428576158916044 0.400773743214352
0.0437319185985608 0.110182444513515 0.214424866306147 0.168746771429331
0.0616202164909026 0.082066791665191 0.00809533382602635 -0.0387757149308208
0.0910117934963432 0.084657582317373 -0.25314824678854 -0.22148764820249
0.0315007363322148 0.0799161746311391 -0.464144465520431 -0.335346184852047
-0.0134079472827298 0.0478659559063595 -0.650601476290537 -0.370206900627968
-0.0224005651671355 -0.0438812903138878 -0.657368029277153 -0.345929573727588
0.0388641450852239 -0.0799472586913572 -0.520752120898968 -0.270127113147697
0.0677771994780092 0.0263103459944072 -0.37903723174127 -0.0623470049427194
-0.0642381979424389 0.102143841046393 -0.363945832092052 0.0416557868136614
-0.114790366808418 0.148150913810326 0.399727963830038 0.0652675305948774
0.0596885377965634 0.0917917861679513 0.36317665534544 0.0908299681763898
0.0220822509407907 -0.0408047695389362 0.375800717935985 0.486141384439834
-0.117566560227757 -0.0402067240935554 0.576292250706735 0.641391135118484
-0.106978837645302 0.0844785624208718 0.591993431690636 0.552788679307319
-0.0162119277281527 0.126108785508633 0.455337629545817 0.389491995269782
0.0522607019633831 0.115057644164615 0.243749369110349 0.18256539685052
0.0698712463420457 0.0877359628938659 0.0390879308328299 -0.0155382633995065
0.0967405079519334 0.0960121991017104 -0.219759334538733 -0.211273092352984
0.0290496048196689 0.092366225424116 -0.436708199495327 -0.350955177886041
-0.0245762406158062 0.0514992133411439 -0.640329197960644 -0.421706951728229
-0.024945223032191 -0.0560298165375254 -0.645027986521981 -0.436492398358525
0.0536577737454267 -0.0800935516091262 -0.485748706574355 -0.340569113924627
0.0630880886244533 0.0423717727936194 -0.368649503937205 -0.0744641157657203
-0.0856030808020622 0.10637151796074 -0.36506769281768 0.0179059742054589
-0.0924493033264142 0.136253217960963 0.39680708246707 0.0246023799620516
0.0558185793296667 0.0718876942801982 0.363240442179227 0.0868639075211871
0.00743260097213137 -0.0370072927994071 0.444169295186515 0.42033714382368
-0.113169218652979 -0.0213678874401406 0.62290021260717 0.528586936911095
-0.0911351921695167 0.0875260803321956 0.618056430350858 0.480914363571734
-0.0103625817669349 0.119654310849473 0.488457912375456 0.368002198844415
0.0501487031720462 0.108366528616999 0.276441393388922 0.192879843466718
0.0675709596617843 0.0850190824730266 0.0712279936011272 0.00827605197831558
0.0898348534177149 0.0967464983887222 -0.185510111705246 -0.197580816888243
0.0206535533566586 0.0926302406119866 -0.406340018193265 -0.365801518919303
-0.0291635580778035 0.0441857952591371 -0.620063007984307 -0.486759338168497
-0.0130662383146676 -0.0604178587912512 -0.613783276179929 -0.543390992729013
0.0631505755000831 -0.0671717125897703 -0.429541179238715 -0.415300573489171
0.0472663319851467 0.0498589281600593 -0.359165167416722 -0.0838649198632145
-0.0954095907955272 0.0886132004982024 -0.365350944201652 -0.0110944406574835
0.0670634418301881 -0.0594331983076423 0.360560901699279 0.130425372470022
-0.0282123993501526 -0.0372196761675109 0.383019788896084 0.100389759979633
-0.0677982328517059 0.0567448119528703 0.353291790283731 0.502577506828673
-0.0396740492249073 0.0777683707854695 0.579777001861084 0.680649064246611
-0.0167138554858104 0.0110118212888727 0.607970010408118 0.55860188798423
-0.0627919706384521 -0.0206669956398834 0.457551755881974 0.370207514505944
-0.0749716101266619 -0.0143582673823644 0.217823669110957 0.170029026374188
-0.0498613545472623 -0.0144672810531464 -0.00989234244308917 -0.0481070831258415
-0.0293374472155514 -0.0230198070871725 -0.260115131186738 -0.232020007805417
-0.0242425466665405 -0.0476182778824661 -0.463985465478883 -0.372440008238471
0.0444585641674836 -0.0329473095128635 -0.64483697969226 -0.44249940489331
0.0782712030858178 0.0370571861044595 -0.635009515285361 -0.404224440499667
-0.00487462305202649 0.0244449542922683 -0.5090807121864 -0.296492433309966
-0.0212185349387122 -0.0445552722071079 -0.389416295061762 -0.103944918418047
0.0689049867413495 -0.0982071819029485 -0.367743955086382 0.0221585239451049
0.0336193488184688 -0.0184008413680156 0.357220778701498 0.158837022720384
-0.00358466700469382 -0.0113686118606151 0.386979657606696 0.0988440759684076
-0.0508178741575822 0.031948013017648 0.281317395841315 0.543907976080459
-0.0614415502887276 0.0509019803497441 0.515934100769849 0.771639695084023
-0.0382302177522342 0.0231530143607618 0.573949286367873 0.619937497561528
-0.0541908287226132 0.00259383461365871 0.431077926920751 0.38786008330363
-0.0521823352647656 0.00621563497473629 0.197113620663624 0.158598130635513
-0.0292984562004286 0.00279105145506558 -0.0284626820886527 -0.0631936606174126
-0.0071789539747211 -0.00118355292760362 -0.283296106213983 -0.236164408997515
-0.0144885651288492 -0.0225727717936095 -0.485495552900321 -0.350536577131448
0.0310686122523389 -0.0202381541185359 -0.656269078226616 -0.383300466584617
0.0609056720187466 0.018170623907137 -0.645150733348669 -0.326493311146947
0.00654307636217677 0.00376843748178952 -0.53396947919048 -0.235432069866216
-0.00391994866628667 -0.0282644677620107 -0.393602814452209 -0.0832488516250569
0.0411103805579382 -0.0574477540992732 -0.364157096231248 0.0453413919544027
-0.0155674453247599 0.0262117697424312 0.362586054788409 0.171948324504407
0.0142107541819776 0.0258060924573351 0.392460404144985 0.0981981468344389
-0.024688129661195 0.012423912300595 0.232961032004841 0.561848138228911
-0.0786969965904659 0.0164317079363133 0.466617078870083 0.825593481627706
-0.0648699024165716 0.0351675646266817 0.547322646404338 0.661382707859875
-0.0480000469270467 0.03247743234596 0.411583434014349 0.400873739787757
-0.0253783134038703 0.0351344543585597 0.185530830295232 0.151634594192156
-0.00559698192952236 0.025092929130458 -0.0368007773955712 -0.0693787473754407
0.0206902571540938 0.0214068426241405 -0.296496444511902 -0.233285150919253
6.78140887966673E-05 0.00539137760235403 -0.498152341375663 -0.33054879636644
0.0194769985110852 -0.00158896200092979 -0.65805185213767 -0.344588217878169
0.037926522039954 0.00156008345463386 -0.650986504243386 -0.278157074628418
0.0129059550712859 -0.0206289962989257 -0.544671480524025 -0.198012098674971
0.0185791176283111 -0.014960142634137 -0.394649445153381 -0.0643518263953981
0.0149308364044418 -0.0103210906821977 -0.363115382540776 0.0604091590741527
-0.0687078043462158 0.0702479610456757 0.371799902682245 0.167628653507397
0.0264693554176667 0.0640707596657745 0.390877697272589 0.0951131075689796
0.00166957094686054 -0.00464860599633211 0.219408189330308 0.566642266823343
-0.0893742448788766 -0.0163013518344135 0.451118795569576 0.835062182581566
-0.0903747545313563 0.046729568741875 0.534931380623147 0.671967703718325
-0.042703458708409 0.0664883231966178 0.404009708597497 0.406103895401457
0.00251578908106808 0.0653417080475989 0.184593740538207 0.150058293786253
0.0216395046474287 0.0477014961276635 -0.0326781183211142 -0.0667819589569891
0.0485437010119272 0.044406358508125 -0.295183287337092 -0.231336114702561
0.0145870326461747 0.0324168552515172 -0.499166044537145 -0.321530615074735
0.00912179908652696 0.0175051509271609 -0.660109396763478 -0.324440265991308
0.0120408409796291 -0.0135443829544946 -0.652851708462751 -0.262556145767414
0.018601640788927 -0.0462933336968846 -0.546622677395524 -0.191672461965429
0.0395944928544476 -0.0032713731662397 -0.394555989305511 -0.0549399642942037
-0.0113531264429355 0.0365336675511818 -0.361835378295638 0.065782371630642
-0.106577527361647 0.110692750762628 0.384881585733323 0.144974372556388
0.0387012821616021 0.092037191864893 0.383279033099611 0.092346417817501
0.0222340061362829 -0.0192854180238372 0.246122675026835 0.55840270998116
-0.0990717339650173 -0.037395984976957 0.472221365982257 0.803597158394809
-0.108436679271579 0.0598136838318986 0.543687028190745 0.654776014443691
-0.0355226795221599 0.0977280865991944 0.410816839285448 0.406580395167217
0.0272645810916228 0.0919338583970634 0.195251142879305 0.155776742260059
0.0456149951994836 0.0667764007657933 -0.0176094613170429 -0.0559284774223077
0.0744918606288362 0.0647043471314161 -0.279189551168584 -0.225510941985609
0.0257721007122554 0.0587651159221479 -0.486576872198806 -0.321615527430433
-0.00234821507892048 0.0356900676690808 -0.656985208619421 -0.334457040592427
-0.00978100712669126 -0.0277831299179216 -0.655600404370851 -0.28610542813164
0.0258222190060026 -0.0661506673739518 -0.539940475652343 -0.215758919687758
0.0568465245420048 0.01063871943172 -0.38714509690729 -0.0552362853174531
-0.0375476818126249 0.0771962215336604 -0.361063225580964 0.0585624448009398
-0.121717132878591 0.138148127741004 0.395135903901313 0.107128015248342
0.0519224137625567 0.101579512098545 0.37264725139112 0.0916276656000256
0.0291152097039796 -0.0331205644367144 0.302457124338093 0.53361611844079
-0.110474016469009 -0.0461053383254775 0.52361690589917 0.735001463092983
-0.114237329652994 0.0750763891227229 0.567864231752949 0.610676338893704
-0.0262383934076094 0.118202624328381 0.428792832220262 0.400621644439404
0.0446258983814199 0.109324928999528 0.215156059037486 0.167519148031884
0.0627237107127407 0.0809558141839479 0.00821898812223022 -0.0386106089639894
0.0910914329437712 0.0833961905351829 -0.252837862101417 -0.219976525210042
0.0318493011751764 0.0801762884531563 -0.465691832342721 -0.330544783301565
-0.0137983999516029 0.0464720911746236 -0.653316227020997 -0.367185753332949
-0.0227659839510883 -0.0431581965484152 -0.659570663767283 -0.344470253939918
0.0387869791560679 -0.0786288772260404 -0.522923651465905 -0.266600002993366
0.0660331926437173 0.0264761966340256 -0.3807615732558 -0.0630240121260463
-0.0636128571012551 0.101761856147367 -0.363181615683969 0.0416201968575675
-0.112894489433043 0.147097622337895 0.398247621756994 0.0640150766339073
0.0592610879055759 0.090938695376806 0.363560287927631 0.0903785034677336
0.0225645900565363 -0.0403148701795578 0.376771463776584 0.484762511881814
-0.1157390138388 -0.0388820468627387 0.580023830446827 0.638072025659487
-0.106857923700429 0.0852073199270658 0.59587678582463 0.548602313482003
-0.0156541138485106 0.125279140270443 0.4557611867653 0.387133445591626
0.0543089579231036 0.114181328120319 0.2444829854151 0.181222278783801
0.0703136626358048 0.0867315688913624 0.0380728424408499 -0.016090461350155
0.0976378932156379 0.0937790560058395 -0.22079634964244 -0.210108014953596
0.0297834164302187 0.0919865303454958 -0.4383784937242 -0.347220050992897
-0.0240752109677281 0.0509844255575078 -0.64031625861174 -0.418320121346591
-0.0249360282556842 -0.0552314822231367 -0.647435347196169 -0.432595954496909
0.0525963323953848 -0.0788417369778751 -0.486595071219037 -0.33891473560479
0.0627895436540455 0.0422919552544015 -0.368540372494067 -0.0739197622923278
-0.0853333590087196 0.105538890117783 -0.364412935596556 0.0176125302094178
-0.091567548456145 0.135185187966028 0.395706750023242 0.0239343428617089
0.0554432352457986 0.0714984445933022 0.364641636244576 0.0874731823221363
0.00805535715607463 -0.0362131671372806 0.447903908182763 0.417267731315985
-0.112515569383243 -0.0203977706231387 0.624632370174655 0.526213051714264
-0.0900381971969798 0.0880672708805038 0.620128046036303 0.478699643652278
-0.0093947106015613 0.118919849272318 0.488986281273321 0.364499432121126
0.0518196523198897 0.107723884566155 0.276386881539173 0.192326015733717
0.0687363938428174 0.0837544492226018 0.0719893710497722 0.00690552585084997
0.0913634129767075 0.0954445249290301 -0.186100959581452 -0.196493885574305
0.0220313312336632 0.0935099058069111 -0.407247469691948 -0.364299446770322
-0.0283245386149393 0.0446132106738026 -0.622428848402374 -0.484161434648983
-0.0145705140817426 -0.0600172006550792 -0.616871408223301 -0.537511723383244
0.0630193442220778 -0.0667988838730634 -0.431690519882239 -0.412727342786605
0.0467089510598382 0.0498584597382457 -0.360464762455853 -0.0838988083567946
-0.0959008040856176 0.0877078637822025 -0.364709075734058 -0.0105896161431347
0.0665789256618884 -0.0596035356530067 0.359153382824807 0.131440127927447
-0.0275058059036882 -0.0373006047154284 0.384380637301749 0.102319063908337
-0.06718531166903 0.0559545734339601 0.355951347907127 0.501359671679157
-0.0399611690821169 0.0779034623023357 0.580760626023925 0.677129586649918
-0.0167207717301568 0.0109487807401236 0.609639312006254 0.556020627139617
-0.0620373177550967 -0.0199641743341353 0.459308115374467 0.368618111855068
-0.0740404052733291 -0.0132335715033207 0.218565766341238 0.16864732612232
-0.0502426454249225 -0.0150245137692406 -0.0101989115510653 -0.0471956390098129
-0.0290129492318329 -0.0220966207638574 -0.261036863975071 -0.230727039204512
-0.0234315700517239 -0.0461972117049144 -0.46415518166317 -0.370697083394206
0.0429803184174749 -0.0322462347350411 -0.646674563563003 -0.437607312131892
0.0781705570350381 0.0361785239570028 -0.635386907071475 -0.401817738468606
-0.00449698502388416 0.0247723455614195 -0.51189309103811 -0.294223349659765
-0.0214969600932972 -0.0430307000826913 -0.389751850869437 -0.102039716652471
0.0679269431674148 -0.0972284594143543 -0.366460561402794 0.0231632767925028
0.0339961996766795 -0.0177952671567312 0.358003180989302 0.157193169082116
-0.00364334480151376 -0.0114995201733062 0.389138261972415 0.100636438252034
-0.0501703506937811 0.0311748957769174 0.285546937969223 0.541577663683702
-0.061169219456735 0.0511099042345317 0.519153023205779 0.768423809364833
-0.0386276268826941 0.0232886484664695 0.575821928046247 0.617595579958251
-0.0542814843749401 0.00228033525066774 0.432569631783347 0.38691559852829
-0.0510113319373928 0.00746194715369278 0.197604101423302 0.158271561620768
-0.0296497602578566 0.00359245946252161 -0.0284694258924183 -0.0617444115666479
-0.00697870541887445 -0.00121206276980145 -0.283651467397334 -0.233607272746123
-0.0147225885933094 -0.0215675295094241 -0.486091141749055 -0.347213607018861
0.0307233456540755 -0.0197589726492841 -0.65690175989434 -0.379668495543684
0.0610699029410909 0.0180041391934004 -0.646706722825895 -0.325416404762643
0.00699152133463814 0.00340043386277427 -0.535466246495683 -0.234065816695381
-0.00363418869869288 -0.0270278776224867 -0.396053242182962 -0.0820810586002943
0.0405469829409033 -0.0565009446360533 -0.363743669745679 0.0461358053273166
-0.0157592744141278 0.0266353155287549 0.361387135943961 0.170093051489401
0.0131197412788992 0.0258714434260132 0.393251403353527 0.0982823910473712
-0.0244716690444112 0.0118066228391992 0.235914541142753 0.560832248061905
-0.0774952175937838 0.017773391945254 0.468892760416447 0.820980023355966
-0.0647130773296031 0.034416661978651 0.549567563423244 0.657708237431182
-0.0476615147977899 0.0325752697644195 0.412974308401494 0.397520616484326
-0.0240126579261272 0.0351219706419581 0.185623292788572 0.150428640471167
-0.00437566892336065 0.0254903642179602 -0.0372117060380094 -0.0682611939465624
0.0209023175880439 0.020810803376431 -0.296003628025041 -0.231665201278984
-0.000129210180496657 0.00563499174974581 -0.499547213258745 -0.327431223613822
0.0188001386376061 -0.00109878751219634 -0.660987481341609 -0.340086999216921
0.0375363912895428 0.00104192787578662 -0.652138064171818 -0.27407247704619
0.0127621014868731 -0.0204032391335582 -0.544827518739433 -0.195506107936597
0.0175415901289304 -0.0149079919761443 -0.398128810024967 -0.062698698764213
0.0144628378730863 -0.010036144658149 -0.362323648821574 0.061293418054128
-0.0674649030617533 0.0706058524503855 0.371485012208564 0.167306255358768
0.0258998793937878 0.0637129764008612 0.393384815168283 0.0960342370679383
0.00251412383079707 -0.00399488349622116 0.223234617902072 0.56521406092581
-0.0896134037637983 -0.0145335733460916 0.45376488873689 0.834191709135246
-0.0904482316044151 0.0470812329471814 0.538537399580412 0.670353251580185
-0.0428735317958472 0.0663465190039345 0.405169374371407 0.405641206870371
0.0033107920368651 0.0652545772956122 0.185662515682894 0.148836312524032
0.0219990784501275 0.0469083838242395 -0.0326572516000639 -0.0667234949540517
0.0496107171281664 0.0431293808444567 -0.294939803440553 -0.229737322688507
0.0153959425975806 0.0334852619770056 -0.49834147543626 -0.318047727478386
0.00840391661745537 0.0173588244139117 -0.661791848743231 -0.322310613829545
0.0124830487359138 -0.0132242296938542 -0.655519412835687 -0.261791096908046
0.0188258021263046 -0.0447941615301184 -0.547438601132867 -0.189338081209041
0.0399118843129234 -0.00274366712803037 -0.395622302622636 -0.0529452471743338
-0.0116530207286517 0.0367083293084877 -0.360879321947992 0.0662315130713578
-0.105404958278823 0.108763356311803 0.384282261143516 0.142834780597633
0.0383983129863219 0.0901343110947666 0.382870681418517 0.0915327880304412
0.0222698017712646 -0.0201180222716431 0.249720957328924 0.558203598772116
-0.0999301326240665 -0.0370969646283407 0.476798799903462 0.800123389002163
-0.107462053296523 0.0609814656861142 0.54462817990754 0.653760559101028
-0.034335993684483 0.0964967757727919 0.411938018960673 0.405067828838374
0.028138199544411 0.0914679660142795 0.194755781568386 0.15586978376376
0.0460201344779345 0.0659761991519559 -0.0168700435878632 -0.0559783318890652
0.0747909192763459 0.0645676759539624 -0.280862395491004 -0.22448412069124
0.0258699693420086 0.0587574652726994 -0.486903251915398 -0.31872494703806
-0.00199660223486074 0.0361836045669118 -0.657209166399764 -0.33020196812795
-0.00999694833574565 -0.0277017201039839 -0.659994416689459 -0.282339213116266
0.0258684239177737 -0.0653020006484413 -0.541037057001829 -0.213880271618862
0.0560391284387302 0.0104742833071992 -0.389973016053459 -0.053195004066807
-0.0373659495965358 0.0762204088954943 -0.361407893590441 0.0584224434720487
-0.120353734302142 0.137646837000322 0.394892685200988 0.104519416620002
0.0514076341523478 0.099821350214 0.372455559619327 0.0928775537600097
0.0293459169499083 -0.0327936577724236 0.308576141562151 0.530925804189776
-0.109718832481456 -0.0448927894751879 0.523814233756113 0.732640092893326
-0.11318462597041 0.074935945988078 0.568395025147638 0.609530645073865
-0.0249955578582811 0.11687850033229 0.430510780172522 0.397665131277492
0.0459499318900308 0.108324835709806 0.216328149552153 0.166833306537674
0.0630707511870327 0.0798606734149863 0.00951570262369853 -0.0388871695014295
0.0925788035172238 0.0822144689120151 -0.253844513333653 -0.217979405258231
0.032808743679834 0.0788293715757903 -0.466736327804148 -0.328862102319317
-0.0131483932123015 0.0473545033380424 -0.653684940580423 -0.362455020400041
-0.0226561721922705 -0.0421577159938622 -0.659968952233017 -0.340757085409966
0.038946781637392 -0.0780221230583892 -0.524182724280286 -0.264258633674348
0.0655447440454735 0.0259809044162219 -0.381769315394514 -0.0603538927485224
-0.0631457271412669 0.100161133441081 -0.362962236671622 0.0430827567411093
-0.112934028980943 0.145853830259268 0.399566408617264 0.0637968016770526
0.0590420282347486 0.0904170740159482 0.365394496365504 0.0910554765271853
0.0214357257451732 -0.0399266954632292 0.383190590892142 0.484023126010729
-0.116289296151335 -0.0382217261651837 0.581743620391105 0.635406985198932
-0.106025128130143 0.0859943551651654 0.596968065688854 0.547091544068088
-0.014023540935622 0.124273041316805 0.458610856109784 0.384196054544904
0.0543721421260287 0.113635874643968 0.245025558222257 0.178995099963816
0.0714624040657023 0.0855458840947461 0.0401547332692095 -0.01645363934041
0.0984664983258353 0.0932410606599549 -0.220775730125959 -0.208920422150105
0.0301919147671324 0.0912173869242864 -0.441157407628826 -0.343774391229235
-0.0238448319518661 0.0505015147029594 -0.643144633578746 -0.415452258987842
-0.0243268040490753 -0.0555965220846 -0.648241721025436 -0.430196983309663
0.051760140037754 -0.0787627010334714 -0.489365072840652 -0.336373862539453
0.0621094784814868 0.041622176660076 -0.370901680243741 -0.0739530804608054
-0.0853818096161291 0.104767668611206 -0.363678291132635 0.0198734839960503
-0.0911050572388884 0.134987645045857 0.394083820818097 0.0235871609761175
0.0554079966896559 0.0700969355099452 0.365623649040742 0.0875835366361551
0.00695061849692727 -0.0369991980501725 0.45006994897849 0.417817109640782
-0.111718133209589 -0.0186579902549663 0.628617937220154 0.524208988655487
-0.0899438422009292 0.0885710265481278 0.621403872354341 0.476967381423232
-0.00838307757443837 0.118748862923265 0.490564561575079 0.363256788351699
0.0527016574804545 0.10704128998707 0.275759030961879 0.190877634002041
0.06874288889317 0.0827566478454256 0.0723064798256813 0.00695912396648063
0.0917292413092716 0.0940360630545331 -0.187577545103246 -0.196682218118678
0.0224630376558642 0.0913636565199243 -0.407468275144492 -0.361166616032593
-0.0285768240443104 0.0445863785199467 -0.621873576359087 -0.481469038171072
-0.0144859388362442 -0.0589979940766636 -0.619788242816876 -0.537645888643721
0.0625530459724227 -0.065031519970481 -0.432986309121797 -0.411114413790373
0.0459056422473297 0.0494857711092936 -0.361080112798854 -0.0835907481107416
-0.0946948110652122 0.0870743291025681 -0.364624446184552 -0.00935743844688262
0.0665169686964899 -0.0582362964654204 0.359076891808133 0.130129395210018
-0.0270900800422014 -0.0371588145331043 0.384690589485409 0.100082893190491
-0.0655541306417172 0.0567066989697343 0.360925241918842 0.499356101892495
-0.0397262448565903 0.0788001813709943 0.585202396078396 0.674055191651283
-0.0171413715643205 0.0110238027491283 0.609992710901684 0.553128659333166
-0.0617218711664366 -0.0195073886814192 0.459642096309385 0.367205427930267
-0.0733189666346299 -0.0124918724683617 0.220082879742806 0.169387579953474
-0.0494443674781467 -0.0147888239964102 -0.0100255852300737 -0.0471006778730781
-0.0274237824943018 -0.0220857458099207 -0.261614263371559 -0.228829729216107
-0.023681260987123 -0.0455772624225925 -0.467668197465992 -0.367565454753134
0.0425626356269498 -0.0328137876609542 -0.649391299234006 -0.435442634639064
0.0774109594633772 0.0357184214556641 -0.640138288080181 -0.398530499613589
-0.00545806191158844 0.0243160481232266 -0.513986593811069 -0.292429478048083
-0.0209435425808556 -0.0429687062611414 -0.391463679938526 -0.101480034614138
0.0668632704961202 -0.0969308991121676 -0.367869488047314 0.0232280113241101
0.0336006798031367 -0.0173088479855456 0.357987728202349 0.156492001881864
-0.00318415638174222 -0.0118386121704513 0.39058184197746 0.101489453889647
-0.0502056179801487 0.0320084938673724 0.288395929703352 0.541765855410444
-0.0602159408418564 0.0528939561363661 0.523587522597231 0.76430103814513
-0.0386661836372322 0.0241817625365977 0.577215529577395 0.616788284396073
-0.0536283209571509 0.00279811437938804 0.434081578902674 0.384923616674542
-0.0494413483114781 0.00823966088439923 0.199261679451007 0.156608556387882
-0.0292156693194956 0.00348367758251112 -0.028153225998961 -0.0611707976725454
-0.00647216114286517 -0.00213892747991622 -0.285523531338035 -0.231383909940392
-0.0142412083016564 -0.0206899026899924 -0.489218550807485 -0.343732167405984
0.0298797694659292 -0.0205009211227104 -0.661139992532447 -0.377039033501756
0.0610925440302774 0.0169559229850966 -0.650926150967451 -0.321817689258442
0.00660907585638856 0.00411388566883622 -0.537724916410569 -0.232380460056246
-0.00396494518426364 -0.0279617251696256 -0.396988028725461 -0.0799053370062856
0.0397621187579242 -0.0563985281976207 -0.364548421501933 0.0471137306940986
-0.0153917013179464 0.0265480950897514 0.36107310144349 0.16925102905692
0.0134582179509236 0.0236256583937365 0.396531671822799 0.0995538212599206
-0.0239671426772932 0.0116365227329732 0.240956481426513 0.56163889904625
-0.0773415544971298 0.0173926940362624 0.47299548656854 0.819406086762379
-0.0652496783136132 0.0352692950680926 0.552540789169605 0.656006867466459
-0.0473087355742645 0.0322660335297857 0.414304650776848 0.398247191110367
-0.0226258514226367 0.0354209208173104 0.188036823875214 0.148831234713805
-0.00392930200868913 0.0253011912958934 -0.0357809094750004 -0.0680847234198965
0.0209221938765688 0.0199128156652194 -0.299329259467296 -0.229592851218906
0.00116659045086665 0.00525376741737955 -0.501453477580172 -0.325332884878033
0.0191901551361951 -0.00161591047125951 -0.663557412815608 -0.33551371081002
0.0365272397657975 0.000881496030494516 -0.655874293944257 -0.272089150630358
0.0125746947756007 -0.019964417731709 -0.547250849156607 -0.193598502283277
0.0177845536901554 -0.0147862191378279 -0.399078556736391 -0.062813703096886
0.014250125106633 -0.00993644010818892 -0.362039222112581 0.0616127396950739
-0.0669126470985522 0.0697749926544277 0.371656071838757 0.165041193529166
0.025305744031536 0.0629951849381171 0.394348699121648 0.0986357748628025
0.00256404949912567 -0.00392385657709048 0.227323120667801 0.565625196412451
-0.0879663132398378 -0.0141996876239954 0.457836297390446 0.829009385415723
-0.0888384915884677 0.0479796681203542 0.540061727221339 0.667014627832105
-0.0409355528372599 0.0657551180707863 0.405893266246757 0.403459813458643
0.00479344765343564 0.06494174360708 0.186189717408587 0.148586924690405
0.0223928367660114 0.0468765594004119 -0.031983460981789 -0.0664602945420979
0.0503422036661801 0.0425820547611534 -0.296487625954819 -0.22695977649254
0.0153730543259316 0.0332103587481962 -0.50144690950623 -0.315129735315157
0.00823502764687874 0.0177896292827772 -0.663051954558054 -0.3187157461376
0.0115501872366134 -0.013586084938294 -0.657658741569834 -0.256998917877444
0.0177669218093542 -0.0440388278652536 -0.550252221659697 -0.186814139856796
0.0390594972406789 -0.00309794682416018 -0.397566787429032 -0.0521886986496418
-0.0110514236556541 0.0365877237580075 -0.360300732194744 0.0667284504755963
-0.105649742071423 0.10949162973287 0.386026390041874 0.142279716655407
0.0383236534259819 0.0894252785127353 0.384046349005995 0.0932528732080502
0.0222968708550388 -0.0191466614519606 0.25665355888353 0.557269518331032
-0.0990599489365687 -0.0365176096811679 0.481003034888804 0.800233474822953
-0.107364121374464 0.0606642851153698 0.545998912524349 0.651659027251406
-0.034614793831703 0.0958180715999151 0.414256206992604 0.403080448171844
0.0289007828256736 0.0915350971496306 0.197282128305964 0.154106810818731
0.0469899227394185 0.0654885195550853 -0.016089985121843 -0.0547164859836373
0.0758065142701445 0.0645325451184386 -0.281533050606547 -0.223268524452292
0.0270147317356286 0.058105146459343 -0.489780439930061 -0.317063477452173
-0.00164578022284667 0.0354084667423782 -0.660306821931872 -0.327039970490541
-0.0100741517074608 -0.0275073684671203 -0.662327467587183 -0.281041112610971
0.0251220254506205 -0.0645475857716599 -0.542708967543077 -0.209865182774103
0.0556858454800416 0.0110573047138076 -0.391636075345392 -0.0522516070700086
-0.037349108183023 0.0760896995164439 -0.362385677421196 0.0592943224648309
-0.119684869723533 0.137130741347746 0.395640633941983 0.10557117833924
0.0511963409908236 0.0987010388700969 0.374153174743357 0.0934194259428376
0.0285139363818022 -0.0321515539448168 0.313074097269148 0.532446920998787
-0.109979472508777 -0.0433901361727896 0.529370365679114 0.731850172544236
-0.112654069419657 0.0751552380401288 0.570604181846696 0.608040087752569
-0.0234991755648922 0.117306099623132 0.431543846431754 0.398601728353236
0.0474521031616783 0.108767402332835 0.217589897016534 0.164758229260136
0.0646213371489537 0.0799564490027795 0.00907173387170319 -0.0386457850672451
0.0925692929892995 0.0808067398011221 -0.255360756155168 -0.217593974904359
0.0330048503819209 0.0783639660393125 -0.468104167031485 -0.3264809845767
-0.014839122655222 0.0470925936558053 -0.656324393368781 -0.360393669940564
-0.0226229576349368 -0.0429838545492027 -0.662341283812522 -0.337596773380621
0.0378871186957468 -0.0770964422995527 -0.525453850809482 -0.263241195132638
0.064605625547533 0.0261791387579175 -0.384421450768667 -0.0616649999682293
-0.0634068389787688 0.101163835555034 -0.361219989067831 0.0438022635135447
-0.113431193390271 0.145261759904809 0.398704784416089 0.0644005336106017
0.0594020338587839 0.0886989479965103 0.365745291389122 0.0921580733089624
0.0217631636266048 -0.0407939489977237 0.386632715534605 0.482302854221451
-0.115053844670893 -0.0360045792911981 0.585089510183351 0.631240606992996
-0.105773908364594 0.0856163979487979 0.599190648316042 0.54537317681338
-0.0131028104384712 0.123582120391889 0.460377825536637 0.382392229158765
0.0560679626091243 0.11308877125683 0.245397670310139 0.178124569767237
0.072321205567528 0.0856620251422527 0.0411978429372016 -0.0163010901949976
0.0987220963216047 0.090707463514841 -0.222462570099893 -0.206876675142918
0.0306969323982517 0.0913727134038336 -0.443089848849812 -0.34227409929198
-0.0245110992376009 0.0504553848948085 -0.64468365827282 -0.411477142130293
-0.0248442444477735 -0.0549156053218465 -0.650943012779496 -0.428244388901164
0.051900491454425 -0.0773417433630665 -0.491014542812277 -0.334384390863423
0.0612249070286095 0.0412664002265096 -0.37259548317374 -0.0717987366210116
-0.0845136380099565 0.105096699242225 -0.362134788725081 0.0197521879537143
-0.0919687075331988 0.135233325539653 0.395458978310162 0.0248213770451983
0.0535952343708945 0.068540641648885 0.366826584972538 0.0894070366938212
0.00598073092211431 -0.0364562229705874 0.454598312924126 0.41447388273118
-0.111621733890265 -0.0178771452348094 0.628667269146142 0.520815470692645
-0.0893834978526701 0.0889437550960086 0.623071501940544 0.475195903000606
-0.00647408014710241 0.118168772553012 0.491715700928264 0.359159307071033
0.0540319183439216 0.106788099693347 0.278085697122397 0.18852748797698
0.0690864992415686 0.0817704119516562 0.072809045455424 0.00727340189342609
0.0922652145087694 0.0932195019823319 -0.187545714953308 -0.195227223539838
0.0237521146153297 0.0920385771270094 -0.410455219786488 -0.359265231563542
-0.0282653442171486 0.0453699927072838 -0.624484586514335 -0.477142116731057
-0.0144390457662701 -0.0583745855515211 -0.620886828852125 -0.534413419858109
0.0615547641837174 -0.0648674012246594 -0.436733068527536 -0.409949294247787
0.0457490063355327 0.0492773268473973 -0.363791640438229 -0.0837679852396683
-0.0945412511454692 0.0865812184184277 -0.364618156087957 -0.00910249245608381
0.0656746131104367 -0.0582281757604165 0.359002084265533 0.129248717155142
-0.02738953122012 -0.0361709958409553 0.387262495014934 0.102148065258723
-0.0658153855314834 0.0562870354549733 0.366479330328691 0.49908686091292
-0.039012014515143 0.0790442143146183 0.588839722544967 0.674409984880076
-0.0187411250623847 0.0123000924938203 0.614574057021276 0.553225186532099
-0.0611561011257775 -0.019771322429498 0.462652682919508 0.365789987182727
-0.0724195063170962 -0.0110369575737061 0.222426732306696 0.167916367440872
-0.0488800681405075 -0.0141824507737087 -0.0092826257570366 -0.0465045814977892
-0.0281333672139026 -0.0220790743367981 -0.263345589940877 -0.228249716300296
-0.0237838277610425 -0.0444662683924297 -0.470780110328424 -0.365113770996736
0.0425895106964825 -0.0324361018793477 -0.653220896749498 -0.433653584663154
0.0779152329559014 0.0348648172961381 -0.643373425175807 -0.396608568615604
-0.00468871417324521 0.0259493603031373 -0.517876471483565 -0.291437004737667
-0.0213411557323539 -0.0423362251630925 -0.395570558413844 -0.100068407309778
0.0657731240679915 -0.0959932012071684 -0.368016096690224 0.0249002164659245
0.0321012580216967 -0.01731593081727 0.359403481118906 0.15577229643397
-0.00322322109402104 -0.0119036379922234 0.393011919970744 0.101471701870819
-0.0487808738675453 0.0319590764720759 0.294957459345875 0.541450651624979
-0.061118030640843 0.0516635598846728 0.527102878376646 0.763609144275128
-0.0388086851986921 0.024200190274525 0.581147997244644 0.616621963336518
-0.0526111471162499 0.00241484956809112 0.436137485806863 0.382838757768011
-0.0495709040839558 0.00903477627563836 0.201094377616325 0.155979970722079
-0.0284889582854005 0.00362054509196595 -0.0285265360379924 -0.0600325016111699
-0.00532822113411877 -0.00281603252768703 -0.287331616615022 -0.229358070343398
-0.0135639232109928 -0.0200306553224418 -0.49180097473222 -0.340676166356223
0.0295720715633149 -0.0196037446163732 -0.662967162095637 -0.374642533457315
0.0604097241923779 0.0174503048073193 -0.653336115830264 -0.318594994604052
0.00645077219137832 0.00531571263231063 -0.54042348656686 -0.230608103978514
-0.00386403908872906 -0.0268980872140862 -0.400288645345994 -0.0785702065711138
0.0395285495297702 -0.055680796446596 -0.363500834885053 0.0468959914130772
-0.0155785896755512 0.0262780682874397 0.362268244490695 0.168655645878964
0.0132457148827881 0.0236847572730286 0.396487328066552 0.100341487007278
-0.0235637126839972 0.0117946147641631 0.244494442370108 0.559997965170496
-0.0769015310396657 0.0188935837385288 0.478495002915928 0.81852534120708
-0.0654133038774934 0.0371804063802229 0.554513009505957 0.655726574279583
-0.0464195535618105 0.0329896041721536 0.418136903276562 0.397071447986131
-0.0212740764051805 0.0363799292447597 0.190233097860887 0.148521342741214
-0.00379709864473659 0.0240908742411024 -0.0362078179243932 -0.0680232648944945
0.0216171431819001 0.0196433186146879 -0.299737707606807 -0.229476320599811
0.000814599376715641 0.00658144846565524 -0.503769187722066 -0.321571185683702
0.0193466004196544 -0.000820055446032645 -0.666281703055298 -0.333549961085077
0.0367461922726439 0.00110736052422366 -0.656252233872875 -0.268760184652146
0.012948019100987 -0.0193096126017185 -0.549567981253 -0.191957762306995
0.0167198328510567 -0.0145781516006959 -0.401461618220869 -0.0609623110753959
0.013605666125336 -0.00915283798069477 -0.364091863270704 0.0634136956781465
-0.0674503531755515 0.0703333111154673 0.371659539842052 0.164957162810849
0.0247629949993889 0.062311619067254 0.397706780410566 0.0979095235736926
0.00261943944231591 -0.00493197980555002 0.232340952544296 0.565457386083828
-0.0885719327036144 -0.0120155576736482 0.464407320903414 0.830898074795033
-0.0900973599290481 0.0478622620208007 0.542881907866961 0.66731375808593
-0.0408952367675564 0.0667594015806821 0.410336322173088 0.401575012429944
0.00698749322741807 0.0653757318486697 0.188011390068911 0.147054459904
0.0232439590728336 0.0467728585357166 -0.0326649562805182 -0.0658938036942546
0.0506168901539557 0.0412854453259821 -0.298051357281119 -0.226051042147128
0.0152286649789688 0.0341697724099227 -0.502252544191688 -0.312025689709463
0.00873172747137803 0.0178982607758135 -0.666210337938175 -0.315686570975328
0.0106587018982329 -0.0128640863409527 -0.659800293669394 -0.255500992294146
0.0183496522529797 -0.0429231160358999 -0.552719924845631 -0.184833712878653
0.0383020925604526 -0.00273532175245136 -0.39857007732398 -0.0518082019573908
-0.0107882832095719 0.0375661002788025 -0.361366520952817 0.0678374524817635
-0.105513988438253 0.108797116935134 0.38557431015203 0.141894913224573
0.038404086205763 0.0882925750863941 0.387643451002947 0.0950206204356777
0.0218063461262127 -0.0192809876028871 0.260654100680546 0.557622985429984
-0.0993945780970003 -0.0351021562631302 0.485136120842354 0.798015742407424
-0.107431301224359 0.0616488970428947 0.551964694376562 0.653067600194011
-0.0327694493559329 0.0967307711597239 0.414959773950643 0.401430931255423
0.0306138122514523 0.090582462361479 0.198404129403795 0.153536333497518
0.0485563518385866 0.065378863906506 -0.0155887528831938 -0.0552565230859746
0.0764528581595016 0.0620761612679793 -0.283817756414655 -0.220891620317111
0.0279749272369978 0.0584538631529799 -0.491923381950915 -0.313707210867679
-0.00177315334588392 0.035403377663489 -0.663949181956848 -0.325788777678862
-0.0106622379798432 -0.0273390267678799 -0.664115750624053 -0.278374210399698
0.0256380769720085 -0.0639163934142208 -0.54694906165616 -0.208597114896797
0.0552201784918624 0.0115817303902877 -0.394849524461945 -0.0519088250735307
-0.0378654360347775 0.0763364075281731 -0.362919768824188 0.0602143955944438
-0.119754637977501 0.136948856879188 0.396287796934791 0.103540309582302
0.0518054121433594 0.0974497963162528 0.376122922363497 0.0932017910169279
0.0279495295598545 -0.0326531748233643 0.316579321789658 0.530869247228318
-0.109262014659811 -0.0425945359938862 0.534592063703737 0.728882461243421
-0.112673829425007 0.0763654981341312 0.574177162607505 0.607649774695748
-0.0230743879237345 0.116357339090733 0.434115909575663 0.396239836052733
0.0483001052849797 0.107606319206462 0.219058859059196 0.165162105204947
0.0648740076053454 0.0792174596480746 0.0100264064835829 -0.0386157785472615
0.0930262789440392 0.0787280292863521 -0.257276920534245 -0.215910406281639
0.033751232347695 0.079130050469422 -0.471068009963778 -0.324588240972583
-0.0134213815583659 0.0477061536939538 -0.659493847908475 -0.357014799750782
-0.0235639006454202 -0.0415994645937178 -0.666464736051234 -0.336875209316743
0.0378369066441066 -0.0764950587560178 -0.528322165517956 -0.259993979169656
0.0641140126638832 0.0264506363645428 -0.385327365804222 -0.0598224464214204
-0.063534438415325 0.100984956843217 -0.363135355810489 0.0441604243124529
-0.112368362901656 0.145899221660633 0.398860538051526 0.0616028178155215
0.0588715052767874 0.0877463231635745 0.368529575508776 0.0925504370572091
0.0213685245252828 -0.0402422649798991 0.390698149736277 0.481308739406125
-0.114760400794262 -0.0348675029034271 0.589545347643232 0.629947976769027
-0.104454336187111 0.0869431616870641 0.601946602021115 0.544996407295775
-0.0119499417765642 0.124160048717109 0.461469585692931 0.382216423253685
0.0558132306450567 0.111717470219264 0.247286296016429 0.176680046185106
0.0727923992546253 0.084588182872816 0.0412090200496166 -0.0164024795610027
0.0989272873657222 0.0900709873014788 -0.223733714034593 -0.206043754386613
0.0319075828572645 0.091992307389543 -0.444160914105732 -0.340131710326937
-0.0233626318377684 0.0504816253999087 -0.647658157267477 -0.409937752476124
-0.0250878653895239 -0.0542468459382747 -0.65363361510412 -0.424049414338697
0.0515501902667519 -0.077028554654587 -0.49403432468158 -0.331044853331956
0.0607151057597936 0.041737676009732 -0.375582713426742 -0.0729920451597187
-0.0847222628114831 0.104646862702095 -0.364191555786908 0.0202432419634619
-0.0907602459705203 0.134187675747151 0.395480668693324 0.0221952806876789
0.0531285595744838 0.0676614323825818 0.369220117227899 0.0889874411567171
0.00710255661705383 -0.0359374898473844 0.458423091544963 0.413767974736785
-0.11120611576837 -0.0170580847487635 0.633141760578036 0.518762409215032
-0.0889845777354048 0.0896592261463561 0.627428722751663 0.473252271134792
-0.00566932107929492 0.117476572113503 0.495045365378066 0.358449221186105
0.05460251677776 0.105189963620842 0.278964386527603 0.188150840641537
0.0700853884822883 0.081131797838069 0.0741451077192851 0.00644346993743922
0.0932007582024088 0.0915004882539751 -0.188974375894294 -0.194519918678831
0.0241242122616551 0.0921395936142478 -0.411012952354924 -0.356745114609777
-0.0273634780311225 0.0451810437419978 -0.627036793903724 -0.475730529343184
-0.0156778992227977 -0.0586484987783827 -0.626925508167576 -0.532106972357669
0.0612371861815972 -0.0642880863107383 -0.440621270908011 -0.407934891513815
0.0450282264561995 0.0490656638228348 -0.365672863082212 -0.0826034292971224
-0.0948554117022835 0.0865289851421909 -0.366665010837842 -0.00806610211831411
0.0652124257769593 -0.0585090106418487 0.360355663736855 0.130064174213061
-0.0278420434658042 -0.0365869702866567 0.390880792591832 0.102042301662185
-0.0645323076183718 0.0556925927073057 0.370717115929149 0.499616506113052
-0.0396496576069241 0.0799613608435586 0.593743274981715 0.672549625263839
-0.0189887196469165 0.0121250672010182 0.61920864148956 0.552163003323577
-0.0608935172087889 -0.0192270466708783 0.465758096894606 0.363951400870537
-0.0715075193488172 -0.0102546188390975 0.223636551520427 0.165884783264857
-0.0492628457404943 -0.0140497554849534 -0.00879701607439427 -0.0460469093901484
-0.0280666581705665 -0.0216415202489523 -0.265156473819186 -0.226175946024437
-0.0238624130147418 -0.0430627359248563 -0.474201403131161 -0.364190414936625
0.0418139147177285 -0.0326632384790274 -0.657087481434397 -0.430905789427302
0.076698687010699 0.0354868396875286 -0.648261492339367 -0.394435043331962
-0.00491187637168528 0.0257026084885955 -0.521653632877131 -0.290486280332986
-0.0216584420036359 -0.0416351203706062 -0.397450834198486 -0.09809310442584
0.0649384183480388 -0.0961946802376451 -0.368754954744345 0.0266699338889241
0.0324774223392004 -0.0181300374804092 0.359870938229704 0.155758970042444
-0.00323343680575883 -0.0124429556124404 0.396834045944228 0.102921806938313
-0.04874423225353 0.0319458291392512 0.299403998297956 0.540516900981662
-0.0601417246212545 0.0533831633214874 0.532688295294317 0.763422242721633
-0.0398240096419155 0.0239513411372751 0.584904883519085 0.615706446159345
-0.0526155448875448 0.00290564660299578 0.439469156451636 0.382055378882551
-0.0478204451339868 0.00906578113192306 0.203088096880472 0.154720582167892
-0.0285838730904827 0.00372845479479002 -0.0269136092656346 -0.0610059127258964
-0.00517303533990105 -0.00205752804930396 -0.28882906745963 -0.228483525908861
-0.0136911366243032 -0.0199375217144063 -0.495319222493187 -0.339804060358056
0.0289392992439716 -0.0188398334927623 -0.668373598565867 -0.370434806070949
0.0599284321747424 0.0160854652723108 -0.65896225931361 -0.316003049891267
0.00603110858203847 0.00509140052499427 -0.544065624846153 -0.227963983528253
-0.00373889572176993 -0.0267534503085594 -0.403223761541015 -0.0774895533596391
0.0390087115998512 -0.0554361622397811 -0.366399704898597 0.0495635900042829
-0.014732111167808 0.0272101382006646 0.36456786724775 0.167644569524129
0.0139280811039437 0.0229894665101847 0.400316044871845 0.100486745816208
-0.0238005232197261 0.0111995842686489 0.251622477517384 0.560463736048595
-0.0774637014132305 0.0206534408858818 0.485979669521161 0.817085141438918
-0.0662145424362733 0.037407192139213 0.557377839723374 0.654667583634354
-0.0455246750295513 0.0327828663315067 0.41957453674625 0.394448895804452
-0.0202869724969164 0.0365681045678766 0.190681103214415 0.146986121234246
-0.0025379042933132 0.0247790832608123 -0.0347963298508383 -0.0672622029077164
0.0224716437713636 0.0193018582482978 -0.302204895511472 -0.228464720464927
0.00117936565412979 0.00701225408317316 -0.506562122299388 -0.320067812798513
0.0178116836815627 -0.00148057231156207 -0.669419686212207 -0.327807372266495
0.0368399745875898 6.60710037089854E-05 -0.660701535998811 -0.267858244677194
0.012121344187582 -0.0191437944496914 -0.552799951685474 -0.189551064640596
0.0166115347936275 -0.0135517778670515 -0.404729928293026 -0.0591782109721469
0.0123805577340241 -0.00897169787972045 -0.364473151804104 0.0632726861798904
-0.0669885679153792 0.0701283829923846 0.374073437578367 0.162870864110673
0.0245771463297161 0.0604540470315483 0.398173620158682 0.0982431457330937
0.00201777830905875 -0.0049406065852285 0.237594275737633 0.567996644497947
-0.0883701742645986 -0.011439954765204 0.467286484570217 0.829857200049771
-0.0898164515247455 0.0500902329142578 0.547478477479961 0.666989647326681
-0.0396323669979305 0.0664612343299932 0.412804778782579 0.400273768596444
0.00701000089775044 0.0657459849823754 0.190126722813686 0.146574179189058
0.0234583630890537 0.0464504962571888 -0.0315381961577577 -0.0651813314221228
0.0511119771685663 0.0405766165739597 -0.299557197722665 -0.226366778195096
0.0151755783647247 0.0329988988571794 -0.507841677794005 -0.310264710130151
0.00885363369545799 0.018884782786314 -0.671554180241496 -0.313698725861358
0.0114564879067368 -0.0137986364484998 -0.665665005816384 -0.253039505826715
0.0175048392685816 -0.0428496140726413 -0.55519170464093 -0.182230772090025
0.0383608823293653 -0.00238315049081036 -0.402767182577052 -0.0506104476738401
-0.0120887708778538 0.0371501380465872 -0.362009858846186 0.0684343226089498
-0.105164005166669 0.108959339180702 0.385985042496373 0.141029679390416
0.0375970639567877 0.0878014174881837 0.390479531678996 0.095420754550507
0.0212894655207274 -0.0191544411801966 0.265481126522546 0.55690101821356
-0.0983577193813164 -0.0341613959668791 0.489598832142429 0.798436884291735
-0.107520444294376 0.0630567765065632 0.554900005370198 0.65149184654245
-0.0320792734071454 0.0956013622926231 0.419491731606142 0.402221047912448
0.0315021015904128 0.0903890275976353 0.199265816149923 0.152538126661964
0.0482847824465451 0.0650665697896334 -0.0158264565399571 -0.0554550880080792
0.0764215172246855 0.0621510372046319 -0.284269415705637 -0.220113527969278
0.0278337310383783 0.058982783945697 -0.494994654024804 -0.31103370318583
-0.00216704524043105 0.0357612549973539 -0.666975850313672 -0.322205095561834
-0.0100120294944371 -0.0269467629494044 -0.669678340804799 -0.27610347456116
0.0255908007851777 -0.0643847775836928 -0.549730844270467 -0.206629719169906
0.0548806816042293 0.0115191735747258 -0.3961329148634 -0.0508538255453857
-0.0380163428165822 0.0759594003334042 -0.363126638858164 0.0612121555931967
-0.120247416158735 0.136767311107259 0.396918684777925 0.102366217769135
0.0516618770629833 0.0975977067290167 0.37880046466384 0.0930797313452799
0.0267438240122975 -0.0324343326038833 0.322063678197242 0.531889375431894
-0.109331517826167 -0.0405239142923389 0.541093866840982 0.728508712192452
-0.112919776453078 0.0774260200859263 0.580718613504752 0.607095105270684
-0.0212845819673181 0.116365073439017 0.437254674646978 0.395512729180952
0.0500122111885752 0.106779267510378 0.220501084519329 0.163416540774561
0.0656486622862468 0.0780866375480583 0.0104339051178633 -0.0377519506055091
0.0936755157336276 0.0782809730756355 -0.258848168197822 -0.214596772699539
0.0349089713630421 0.0800046497226291 -0.473867553423744 -0.322178725555784
-0.0131227068395504 0.0470427806100982 -0.66331485264082 -0.354263239970925
-0.024061776984251 -0.0417723845486259 -0.669375461023863 -0.332266807811376
0.0365953813158592 -0.0756555448038603 -0.531893524654365 -0.257642073215659
0.0633932408991234 0.0262349175040041 -0.389066982670257 -0.0585336565943563
-0.0628501032397194 0.100331090024376 -0.363051750565762 0.044577130738466
-0.112094670612089 0.145423341411381 0.398836660274073 0.0621918660388572
0.0584366967529047 0.087434955892955 0.371026258177512 0.0936693586044661
0.0209030952230271 -0.0406267215629253 0.395471846909334 0.481155739312862
-0.113913513655033 -0.0336166828008337 0.594201202593663 0.628883935850321
-0.105222788414484 0.0874824530344229 0.60629831733549 0.546100483772221
-0.0113551057080301 0.123710790931345 0.464855620578726 0.380370071662355
0.0588446019628899 0.111185871206648 0.248837798201952 0.175803900833176
0.0730106312395102 0.0838528027257064 0.0419624284554125 -0.0164670630182549
0.100082923005857 0.0879860442972787 -0.226611006936668 -0.205900751421946
0.0328117403106165 0.0922173672661505 -0.446999983400607 -0.338043910566213
-0.0230342803621173 0.0510629895156639 -0.651624752762193 -0.407183316926973
-0.0261643109675593 -0.052916047833042 -0.659876547884923 -0.42455298955815
0.0510703053539562 -0.0762896294631413 -0.497990908510226 -0.330182875039221
0.0598986819844657 0.0419596262484437 -0.377473067577726 -0.0711935050647018
-0.0854657224517679 0.10500585547553 -0.364932565308393 0.0226898265949353
-0.0896470862355983 0.133981481880972 0.395658500293989 0.022422635379331
0.0540080837586398 0.0669175552164546 0.372378522339012 0.088411810352409
0.00645224337427273 -0.0358107540387285 0.465218651593276 0.41385133250921
-0.110963219376941 -0.015224962910876 0.638471115624852 0.517956220834995
-0.0886664501940191 0.0909011861001872 0.631040379954369 0.472004983827527
-0.00479697078741151 0.117884360482577 0.497604022301467 0.357712997904569
0.0566953294743986 0.105857658660498 0.281272135332812 0.186026322421385
0.0703750121443437 0.0812660931805533 0.0747998692900169 0.0060093688704595
0.0944836204865486 0.0903134582034111 -0.191847668142851 -0.192901475293838
0.0247876164689292 0.0931371871248288 -0.4149687719243 -0.354735126886848
-0.0282523200015527 0.0457446094175109 -0.631705318741253 -0.473669954751397
-0.0161177240733941 -0.057336318327574 -0.6311088354578 -0.530319673906949
0.0607928687824992 -0.0636607333748896 -0.44385313389076 -0.407300335228717
0.0450450145793449 0.0492189241935129 -0.367152054696346 -0.0819076029955108
-0.0948919095072509 0.0874169435771351 -0.365059009766504 -0.00669050661471197
0.0654065896602487 -0.0582664133054253 0.360896868326942 0.128208896343401
-0.0280179958935147 -0.0370548646990644 0.395611428939714 0.103812068020486
-0.0638283156403162 0.0565411490777329 0.375985476401667 0.497804290653171
-0.0380743230987337 0.0796078177484254 0.599872550546239 0.670422261842273
-0.0186370889566239 0.0129942982097268 0.622700689792379 0.551411178770186
-0.0616093647389991 -0.0184452896643809 0.46922817361925 0.362379700393957
-0.0709127602255867 -0.00869418446908716 0.226312631687599 0.163589983406315
-0.0489761291962809 -0.0141369670557112 -0.00851740907085874 -0.0455674531257195
-0.027287494762057 -0.0221999800400281 -0.267235656504812 -0.225371607124728
-0.0236307759798087 -0.0429046137296443 -0.476906246897006 -0.362703303127519
0.0404700413402252 -0.0327887215204315 -0.662633225807153 -0.426804104879789
0.0769049659080005 0.0345729479402536 -0.652334365725002 -0.392358070217509
-0.00511356255932723 0.0264127185796414 -0.526517208093815 -0.287697545938263
-0.0215064230090723 -0.0412634372141685 -0.40185352164062 -0.0976674262631987
0.0642937815128842 -0.0957645739538944 -0.369994291764404 0.027312982609913
0.0319224023088994 -0.0168850468989493 0.362043653397864 0.15439463339897
-0.00494534012166559 -0.0123333945982802 0.399716353091275 0.103709166738634
-0.0489620952290498 0.031833219335012 0.306567213392759 0.540859941494211
-0.0600262271268921 0.0546062915788473 0.538651275118015 0.763215235663497
-0.0402364576826554 0.0254497163335745 0.590317162455891 0.617013648351325
-0.0522055345144727 0.00256680645930731 0.442327941800397 0.381373449328909
-0.0471370815017755 0.0102857089476021 0.204936256461859 0.153551641046864
-0.0285010269208604 0.00309411820852665 -0.027361028347273 -0.0605124994758488
-0.00582348956501777 -0.00332434875094539 -0.2911650055136 -0.228156987894633
-0.0137720564419022 -0.0183439738738198 -0.499394476360193 -0.336926336415219
0.0286883342248458 -0.0196097331658125 -0.672872405531211 -0.366963160890099
0.0601513216612111 0.0172650003089498 -0.663467579866372 -0.313707353854467
0.00597033012424373 0.00602487675433798 -0.547420812457381 -0.22501652068193
-0.00413744089407224 -0.0263597670502805 -0.406159123127575 -0.0758069709298332
0.0381575280209618 -0.054848050057604 -0.366934965138809 0.0498731191574656
-0.0154270714290698 0.0270635657352226 0.365014602097674 0.167285080023709
0.0129889096356324 0.0225779102054415 0.4026257773335 0.101285973162493
-0.0237449761879417 0.0117387100815471 0.256851327341584 0.562011149959215
-0.0763784442093329 0.0213481873662846 0.491433266799306 0.817458495772954
-0.0649165528817498 0.037279845870198 0.563809668916991 0.655690588918443
-0.0465653727556185 0.0320414610990613 0.422221289344158 0.395134073283932
-0.0195813970523533 0.0359343363043547 0.192936897823101 0.146392714457741
-0.00307397543388606 0.0239537222488418 -0.0353539064711343 -0.0666553386599849
0.0235812212919481 0.0187989032883988 -0.304684793852751 -0.225037505528722
0.000930691964472551 0.00765365063641674 -0.511439745308844 -0.315684362561302
0.0182791965622282 -0.00142539510398876 -0.677244182328898 -0.327134172243637
0.0356971410419207 0.00057333832024048 -0.6667592105452 -0.263925685806566
0.0122511337893487 -0.018697648703977 -0.558063811481746 -0.186874541004267
0.0166623233864016 -0.0135675946817425 -0.407160273177958 -0.0578583404816842
0.0126416321904685 -0.00912809179177496 -0.365800240027345 0.0644861947629295
-0.0667597568446395 0.0699198309214045 0.374879546291497 0.163323627070264
0.0254984905509737 0.0607580250038575 0.401384573015913 0.098984111769319
0.00255669332887515 -0.00504765217238196 0.243404032478028 0.566362796716296
-0.0887269798429218 -0.0102361634386693 0.474653738096926 0.830327278466734
-0.0890270619843748 0.0504081802933301 0.553000283150068 0.665709363505621
-0.0387794851522999 0.0657505135791683 0.416508806644987 0.40138813560359
0.00874731603497447 0.0654117265210561 0.192088841603539 0.145166583808722
0.0246930902998146 0.0458556751016541 -0.0312500417927746 -0.0650700757266043
0.0516917660133511 0.0394276525357021 -0.302726330214885 -0.223918236225591
0.0161085872634553 0.0339221676268305 -0.510766446231666 -0.306802809603022
0.00894929809559598 0.0183342833796329 -0.676682916173923 -0.307075832437213
0.0109848606128856 -0.013092006538533 -0.670177982509858 -0.249127750642065
0.017634773545027 -0.0428262310462549 -0.560101262422801 -0.178654222198949
0.0374989705698218 -0.00207663439915767 -0.405745921348261 -0.048172189399138
-0.0129558985210684 0.0377077830735319 -0.364107003388359 0.0708225789442272
-0.104598812387897 0.109213830093068 0.387926960291434 0.140502696497321
0.0376231235060598 0.086686941716179 0.392510943967729 0.096114307023511
0.0208596776445277 -0.0191706110758812 0.270666339571391 0.558503512158672
-0.0990015893225063 -0.0323377507961486 0.495267710159625 0.79793644716011
-0.107310274174109 0.0637908378039991 0.563396852211683 0.652343735600547
-0.0315936915347335 0.0954075705582499 0.423761314817956 0.400316371558142
0.0330074824876718 0.089864181133948 0.201533676145387 0.151483871128258
0.0488815203517221 0.0646698428089599 -0.0140678002786224 -0.0551437031666314
0.0771509434393246 0.0603413321394425 -0.287597873420736 -0.21928870673674
0.0291666157674916 0.0583752384148246 -0.498290964309763 -0.308421322060486
-0.00300906812003952 0.0353216679219104 -0.672774844008212 -0.317197254033536
-0.0106475141100224 -0.0270806376397042 -0.67305911737503 -0.273070083822346
0.0245366005321205 -0.0627086418238678 -0.553992018286547 -0.204169773547929
0.0546599000354591 0.0111188632547789 -0.400350678173822 -0.0495086616581321
-0.0387976067405535 0.0763682153932625 -0.364058840069075 0.0632641684660474
-0.11953110681505 0.13713435232928 0.398002292610784 0.102235126720182
0.0505658286340215 0.095818059343332 0.382328829665346 0.0940587427524339
0.0270623626034623 -0.0335873119158693 0.328718911290754 0.531684796493168
-0.109488349806764 -0.0404240169395733 0.547175832034657 0.72908279770944
-0.111842443173657 0.0788953396438134 0.585549149105768 0.605996798171915
-0.0207977347232386 0.11606573574005 0.441010227025462 0.394479817686401
0.0518071762442364 0.106408928522336 0.221766145446373 0.162193619118221
0.0665020338558286 0.0784062346459485 0.0117222487235525 -0.0379022243668679
0.0942279651148099 0.0774229550937073 -0.261387813373127 -0.213952204667943
0.0361803847872507 0.0791145688360212 -0.479289790194944 -0.319620420233784
-0.0133000461336613 0.0477193282784713 -0.667409515249853 -0.352417751068788
-0.024059610185599 -0.0407687066522204 -0.675806121988065 -0.330865788746276
0.0359871090684087 -0.0759723250184525 -0.537188606006455 -0.256694929742402
0.0634347033756936 0.026782511082295 -0.390535267639287 -0.0584237666755841
-0.0630830226160815 0.100370131609784 -0.365790078680393 0.0465764166730839
-0.112397055261087 0.145682090311792 0.400932364495185 0.0615946523425856
0.0577098833934963 0.0863349247616687 0.375494959394698 0.0929553084366308
0.0203038441627287 -0.041169454999072 0.400784012439575 0.480962179098433
-0.114532448956364 -0.0321149477084059 0.600517125377403 0.630478579878339
-0.104685151117648 0.0884341879280275 0.613978216449589 0.543634435417676
-0.0101964497373434 0.123266383971926 0.469933334869971 0.379928124644376
0.0606078525912314 0.110996480747717 0.251853242049821 0.173766676446969
0.0749699212110495 0.0837144248874545 0.0430901343155822 -0.0173820962066216
0.101129270778912 0.0878894209282219 -0.227700661831554 -0.204897507005305
0.0344553018014172 0.0920936637078595 -0.450142673190661 -0.336300838405237
-0.0222940747670524 0.0514447948781914 -0.658350626625621 -0.404897183399705
-0.0265311883498056 -0.0524223456685718 -0.66447588362487 -0.420432776560962
0.0509173130932109 -0.0757147169411105 -0.50306482753779 -0.329356958178167
0.0602556059617852 0.0415708522496192 -0.380895299624373 -0.0703663926563384
-0.0840159956451867 0.104312770941836 -0.366676487421347 0.0223400926563815
-0.0901430010980505 0.134471360432894 0.397740355829277 0.0205995520327685
0.0539462956448362 0.0666207143888993 0.375002369799025 0.0888929185770945
0.00641351161877221 -0.0363448535036786 0.469643017825385 0.411012884217134
-0.111115623604236 -0.014632727126223 0.644337131087043 0.515584037513801
-0.0889019101551683 0.0907490717133691 0.636904530796177 0.470866424347311
-0.0035691946368076 0.116963734822192 0.500796376775312 0.355752560168554
0.0583712375041077 0.105229106699025 0.282617701802511 0.184051295051429
0.0714819845164503 0.0798786112478383 0.0751350166350805 0.00527525067351405
0.0950195890975799 0.08910295843191 -0.193640861248336 -0.193941663241189
0.0266679519888304 0.0930627394469051 -0.418838655725093 -0.353608270143064
-0.0266922785239941 0.0463666097274408 -0.636003353142809 -0.4711308832532
-0.0163028839182691 -0.0579247489599238 -0.637603897141494 -0.528835923837092
0.0601586088657461 -0.063817624910407 -0.44956518259297 -0.405479000317065
0.0452457245372208 0.0487942013371065 -0.370095362816815 -0.0822211708816456
-0.0946863724641623 0.0870396183731939 -0.36693683052504 -0.00480132566662843
0.0653417479718933 -0.058429822803291 0.365120999080522 0.127235682511801
-0.0272881404026118 -0.0365818923480781 0.398753801416178 0.101907161515258
-0.0641496759834832 0.0558438634470022 0.383579035725304 0.499505989279509
-0.0372859015192194 0.0812961317363189 0.607748641527242 0.66969672772896
-0.0191136367833267 0.012822534354866 0.628399359634728 0.549936997672397
-0.0617865989446974 -0.0187870793794342 0.472876499224193 0.362302511554952
-0.0703177589612924 -0.00891048429004118 0.22910251429765 0.162193314923705
-0.0484436051446559 -0.0138723661752871 -0.00791475150247553 -0.0451109537090654
-0.0266149378692483 -0.0219909412006789 -0.270423087999208 -0.22382429271762
-0.0251289805659058 -0.0420901045274571 -0.483119067425624 -0.359069162413378
0.0405358463132686 -0.0328110042792047 -0.670896176988782 -0.422559862287082
0.0767643788504674 0.0343554112718029 -0.661507982036819 -0.388996386942556
-0.0048528908147084 0.0275703885957953 -0.530647263090196 -0.283680840199495
-0.0218376043734442 -0.0414087360463823 -0.404478543436401 -0.0958358887938876
0.0633615395485838 -0.0958273704416581 -0.372099581829601 0.0307590825564592
0.0320853045538306 -0.0165356635101195 0.364562322544761 0.152749123029858
-0.00356878634047968 -0.0136736661043406 0.402158745591697 0.103079132056836
-0.0483331252253335 0.0316388912847879 0.311883850773331 0.541128306716242
-0.0586409696563868 0.0543354270636448 0.546762137304068 0.762574118875777
-0.0396325932019679 0.0264900298116367 0.595364372768183 0.614954363923164
-0.0525741660321974 0.00314903925800013 0.447949263048733 0.380344254628669
-0.0460123565948572 0.0101109831715448 0.207965648287444 0.151913277392765
-0.0282403426921488 0.00445949797066854 -0.027131199595917 -0.058937053328202
-0.00534219913513155 -0.00282363674773026 -0.293590825832641 -0.226055501328299
-0.0137659395937507 -0.0191313023564421 -0.502934982591346 -0.334376639421895
0.0280158731564132 -0.0193540536027344 -0.678117645327663 -0.364848519468166
0.0603666623975363 0.0156657211494987 -0.670454706017291 -0.311693056579963
0.00671952919558882 0.00643991969999987 -0.552651338303232 -0.224244595949311
-0.00462854226252813 -0.026150690465482 -0.409480813650014 -0.0731666635419098
0.0372136584753752 -0.0547697086896549 -0.369612633414322 0.0526419482934374
-0.0155242223784775 0.0274034455584899 0.367618790176178 0.165971516807863
0.0135596165298776 0.023528501212629 0.406704756930455 0.101432977413714
-0.0224818057225835 0.0106504117573766 0.262896837766767 0.561563020728562
-0.076639783436096 0.0221425409169605 0.498104716628802 0.817525108714021
-0.0655911932451169 0.0385513286940961 0.571209285014324 0.657960577116507
-0.044442428251056 0.032692297969826 0.427380849668953 0.392417799696301
-0.018906058800307 0.03730373462295 0.196088898277602 0.145717988037828
-0.00277086446333504 0.0256200636076777 -0.0352991732963943 -0.0660821294099214
0.0234806226583333 0.0178426161102689 -0.307170762986474 -0.224360888068078
0.00159470904116536 0.00831215784931832 -0.516347453909816 -0.313352365834988
0.0174335547463366 -0.00226171523304601 -0.681219519979045 -0.323128923509412
0.0364980519630122 0.000105549298006713 -0.673029337134113 -0.260175448257291
0.0133970455037321 -0.0178307670338478 -0.56264228840426 -0.183495282018399
0.0162308891861231 -0.0131784888462728 -0.410330031360062 -0.0554751856488204
0.0123952556103986 -0.00882292939700983 -0.367143118050862 0.0671136086936096
-0.0669464113288291 0.0706857593099265 0.377886564128178 0.163539099413984
0.0259174664604482 0.0598851714002204 0.406446112644955 0.0994962873282418
0.00204501165372454 -0.00388608115193862 0.249444262232309 0.567121621944312
-0.0878387570276067 -0.00963733592208 0.482963225895427 0.829353809057496
-0.0904227718319765 0.0508788362241518 0.560626932733087 0.669953024381954
-0.0380979684579522 0.0658552904224168 0.420311613152823 0.398905886918966
0.00936801911495373 0.0646658774122375 0.194157481703215 0.144079784265458
0.0249843189776472 0.0459226327320936 -0.0302264981901686 -0.0651398384840236
0.0524260399907105 0.0393362550694011 -0.305901756431428 -0.223551426663197
0.0173790353760187 0.0339401760836325 -0.515037007823112 -0.304451993576733
0.00843349680438762 0.0177932802475801 -0.682710158860829 -0.306301641301316
0.0101741045717188 -0.0130040441748343 -0.675310293957696 -0.244896900344055
0.0174194442501261 -0.0418778373093995 -0.563394795955716 -0.177667122212722
0.038505171253056 -0.00203930110616108 -0.408803358669455 -0.0468720880773538
-0.0123849438069469 0.0379438489431031 -0.36435939961545 0.0713539280294053
-0.104548641665374 0.109960171238562 0.390715036111899 0.138085809360035
0.0371533174890644 0.0860478832676367 0.396598768125458 0.0976328872064447
0.0217456241669467 -0.0205353182429443 0.27755947353894 0.558598595021642
-0.0986825677925234 -0.0319411200834598 0.504700051345251 0.797594210602104
-0.107020283234641 0.0647089837766318 0.568272722533046 0.651835380213011
-0.0305612893096394 0.0955018545200677 0.428545181780796 0.400494605503588
0.03458544969637 0.090507642348684 0.203487176003106 0.151063885988143
0.0495495803972274 0.0643683379018322 -0.0138938792357079 -0.0545767246987426
0.078577387259785 0.0595316909113989 -0.290675361157081 -0.217318505075952
0.0296424414479298 0.0591455044501169 -0.503722231420327 -0.305293998955833
-0.000873240353914485 0.0361383392574989 -0.678180804775415 -0.315824102780977
-0.0114149204063206 -0.0267648911432838 -0.67935794077809 -0.269854195368546
0.0247234382809038 -0.0619686088721157 -0.559732281378715 -0.201318654661863
0.0544345667415159 0.011197912580413 -0.402543713603031 -0.0469890933072092
-0.0381340568259984 0.0770249165503919 -0.365718801110098 0.0656665621777903
-0.119176582267624 0.137156266974534 0.399477754029583 0.101071988833539
0.0499926347273355 0.0952286614450239 0.385044932584993 0.0949843896305918
0.0264768277664275 -0.0326347657951957 0.334597684783933 0.532578415597242
-0.108703385465083 -0.0389101594819717 0.553738853899337 0.726451394241453
-0.112196959262542 0.0797813392088787 0.592782528288802 0.606048558425429
-0.0186814480625506 0.116045655297475 0.444659805408832 0.390963540625898
0.0541912614166452 0.105681945010162 0.22527979289807 0.161065382747607
0.067686413630185 0.0772939922545219 0.0115476011377456 -0.0384832550259088
0.0965411228486982 0.0758220484084889 -0.264438201298349 -0.212559054108162
0.036936776413891 0.0795546021067655 -0.483950391283476 -0.316679423956458
-0.0125049556486434 0.0482700847380999 -0.673224365965265 -0.348666608879921
-0.0239293621986212 -0.0402303070599246 -0.68160895502954 -0.328000465091753
0.0359720642955564 -0.0755912536213487 -0.541015126594991 -0.252452158494948
0.063253613934806 0.0260961123444211 -0.39464412930093 -0.0554220560016107
-0.0637227053292161 0.101534030381176 -0.365749159620791 0.0486335386975982
-0.111103213588651 0.146701138705251 0.403035862505573 0.0593195475490117
0.0592129994553111 0.0864092679839505 0.378186823028197 0.0919950645452652
0.0204354472703981 -0.0406202252727335 0.407811101464067 0.479757824666133
-0.114960243510857 -0.0319855276115911 0.607989367979116 0.627985754964351
-0.103977148048274 0.0910726574018768 0.619821278616001 0.542285962070286
-0.00843478887925028 0.123492991808036 0.473497603524092 0.376884874176788
0.0626845226999979 0.110745249115108 0.254582393557118 0.173464500217063
0.0746639696860311 0.0826467432651912 0.0439197366947837 -0.0177748205297587
0.10155799890253 0.0858381025126537 -0.230751520111493 -0.203727146239377
0.035274071584594 0.0923935409568245 -0.455059000351828 -0.334188158077006
-0.022418012102843 0.0523463417568988 -0.66177134205155 -0.398772412806864
-0.0269462992802137 -0.0525943028208713 -0.671082500683911 -0.415681839907319
0.0503346572048006 -0.0754260233838651 -0.508390297951499 -0.327575211105823
0.0604947820499088 0.0412157010096497 -0.384864977919973 -0.0691437831259357
-0.0840252284748102 0.105849450409777 -0.367398226411046 0.0243057399774483
-0.0897543652313166 0.134977170718114 0.398500562815844 0.0198075279419721
0.053801897681507 0.0654492272115457 0.378861474606106 0.0879144262641074
0.00527723883645909 -0.036594410715642 0.475457992392291 0.409597850033992
-0.110342926112057 -0.0135982309486994 0.651203803671355 0.512810506789935
-0.0879690542711852 0.0921302044716137 0.642473514426328 0.469866361093488
-0.00265805955534522 0.116802455109502 0.505718963864782 0.354375442701564
0.0586762317691756 0.103998820124516 0.285464408221724 0.183757102096277
0.0718439280811017 0.0798738665835985 0.076303071369844 0.00480096131236553
0.0962722050262164 0.088233280595642 -0.195957035393534 -0.193433658877224
0.0273229922708039 0.093536969121807 -0.4229805279298 -0.352285725031595
-0.0265913716967876 0.0459576574089085 -0.643050514140238 -0.468261994013196
-0.0158928885376393 -0.0564604375508805 -0.644063716838421 -0.527514484672821
0.059843430893581 -0.0637193782942914 -0.453826116930622 -0.404272438482342
0.0457437046589009 0.0490600769840926 -0.374232750701279 -0.079752992942871
-0.0940953750931033 0.0880311952537041 -0.368994602865519 -0.00490138854534685
0.0654212631283036 -0.0580546474236499 0.366642422381407 0.126379236868627
-0.0278438095732746 -0.0380916193888503 0.402327044365391 0.102175266979785
-0.0620521039173649 0.0566376537012 0.390448578283213 0.496018659391842
-0.0369155162130577 0.0822993916813489 0.615932440888392 0.669980505636593
-0.0197696970765628 0.0143610048836078 0.636749487830045 0.548783186865304
-0.0616509368120411 -0.0185141952063053 0.478067911283585 0.358661445391913
-0.0693429361605582 -0.0081917817215408 0.231180182853763 0.161312390686064
-0.0492978771737141 -0.0125193359024437 -0.00745090247218291 -0.0448372018828063
-0.02802785693942 -0.0234418785766279 -0.274191512801994 -0.222144462440335
-0.0245383308262948 -0.0418425614232369 -0.487887308100824 -0.355939172866144
0.0404195692601856 -0.0329191459896966 -0.677107462046248 -0.419562131572918
0.0779894330113294 0.0338828996231232 -0.667417650222009 -0.386090979815502
-0.00367704635416145 0.027729137976907 -0.535716690307203 -0.283097073788666
-0.0221026534387157 -0.0408094099537342 -0.407977323457737 -0.0923939389821925
0.0622000260533962 -0.0959554554724813 -0.373345534145073 0.0324045629701274
0.0325938711737293 -0.0165786407444088 0.365610774517465 0.152313503148999
-0.00464461424951421 -0.013968771259568 0.407096849656879 0.103063147474419
-0.0480245096102645 0.0318588061728631 0.319173125835467 0.543123824599939
-0.0592837799743106 0.0565259233954403 0.555700195537837 0.763629908540622
-0.0405987419520975 0.0272690430470999 0.602714106917893 0.613615650070955
-0.0532050823722961 0.0027746794370518 0.451676464653923 0.378512017387023
-0.0453336035646643 0.0108987937487105 0.209565275123117 0.150600724456979
-0.0283411656798957 0.00417602584482486 -0.0265168423992051 -0.0592839342766127
-0.004286090051316 -0.00343376570558889 -0.298000826886023 -0.224933226837714
-0.013463098579481 -0.0181409430214899 -0.510187675306696 -0.330310826818703
0.0279563149064915 -0.0200321495061333 -0.68717532969233 -0.358517304483783
0.0596775399502699 0.0156535907084133 -0.677243821990592 -0.307042791408868
0.00607488408597616 0.00696081300424764 -0.558140408670133 -0.221688434103498
-0.00480368498624178 -0.0246793569623559 -0.41307155028401 -0.0717447035457586
0.0366771623319155 -0.0550517723430447 -0.370454345156185 0.0547923418942172
-0.0156263021228954 0.0277262901051149 0.369572418770148 0.163362071386138
0.0128142036989534 0.0218186871956743 0.40990248802114 0.10108701914831
-0.0226219642596823 0.0110684028755792 0.269815302250209 0.563035581154614
-0.0761943293241279 0.0230382045610139 0.50679173323348 0.816859456721681
-0.0655332118762649 0.0401495535560344 0.577150264373464 0.656192557199945
-0.045014992907909 0.0328305205822835 0.432981561965512 0.392170304774985
-0.0174931308046513 0.0372661991868503 0.198081701050847 0.145163317792637
-0.00125759109078089 0.023755908849399 -0.0339904102554533 -0.066454339652058
0.0239266432418855 0.0175615102230112 -0.310768137685134 -0.221171786346256
0.00114993167932122 0.00828814333565108 -0.521411828503746 -0.310856538172969
0.018690933402706 -0.00137464002129325 -0.686783876148514 -0.319309449420621
0.0359031909758939 -0.000136757719265711 -0.679414398465668 -0.257144629765311
0.0124326039955651 -0.0180503963251612 -0.567100085721624 -0.180869203652077
0.0167836673285967 -0.0131334467570273 -0.414494274148671 -0.0538211340329617
0.0113467582560409 -0.00761994405823979 -0.368305152375698 0.0693187770388946
-0.0661518884388425 0.0716980740321038 0.380298742592795 0.160097829315279
0.0251147908032385 0.0598813837905771 0.408882773929712 0.0981428542499905
0.00241536022151159 -0.00524197774591393 0.256707412725256 0.568327428094328
-0.0872257323475323 -0.00819857481573938 0.489500666091119 0.8294633275245
-0.0897173049232532 0.0528386621113907 0.569285277526834 0.669026184923233
-0.0377462988824624 0.0657936869045471 0.42558353700578 0.397805587250579
0.0112732853192664 0.0657471301085245 0.196686040148821 0.142666052300915
0.0262476079803741 0.044929775619532 -0.0321858489374251 -0.0653180842656066
0.0532094824835959 0.0381517787423435 -0.308798312976935 -0.219975631075021
0.0180208117507649 0.0349322607945612 -0.522090106847278 -0.300471311994385
0.00819691575342371 0.0177143150708966 -0.687113372657159 -0.301217234764795
0.0113829502914655 -0.0138155883186951 -0.68187065558658 -0.242523156709251
0.0170107484867586 -0.0418487000370541 -0.568124060278895 -0.173451197531424
0.0376620430772385 -0.00264714763298387 -0.411522319800862 -0.0441598673154104
-0.0122911497121727 0.0388986248478403 -0.365541898347614 0.0749186990758249
-0.104235314657301 0.111320466891038 0.393076141575503 0.137148377311382
0.0372338373048133 0.085308290839991 0.399433273067708 0.094737155475389
0.0201937986559321 -0.020273179950706 0.286279394276672 0.56023374661464
-0.0980217311759198 -0.0302328162487459 0.513539101031942 0.79812108765187
-0.107217044729117 0.0664194985447858 0.57692851242071 0.649518432985867
-0.0294506237563641 0.0954104341702087 0.433389114010353 0.397779766029828
0.0365194099083562 0.0892796556664805 0.206182702400098 0.149109042533528
0.050408335591405 0.0639532468230992 -0.0132540075406074 -0.0554995986026006
0.0789332485173415 0.057859148727977 -0.293546775594476 -0.215080951266795
0.0308911861877454 0.0590992979272898 -0.508987240687402 -0.302705845192949
-0.00147411217380475 0.035698353217703 -0.685303082089019 -0.311056381123184
-0.0105125727957809 -0.0251531934851794 -0.68536063239715 -0.265965093955506
0.0243372173235048 -0.0621384589484472 -0.56355450594926 -0.197825014207402
0.0545762965931656 0.0107289779591079 -0.406997260091696 -0.0438567703725112
-0.0384230949212745 0.0773791137523977 -0.367042575090939 0.0668748144135305
-0.118440562393495 0.139039261661278 0.401630307968639 0.0997473189951773
0.0507420914753749 0.0940382663369274 0.389584950331169 0.0940663217929845
0.0271718493344496 -0.0335857606822073 0.342641260100397 0.531604539532845
-0.109691649235538 -0.038109564020677 0.564928770954644 0.728455724125871
-0.111319727350734 0.0812548522847612 0.600273227102126 0.604727969516475
-0.0178751140086012 0.115412373734207 0.450355754072569 0.391153998460706
0.056146978095817 0.104844771629385 0.227496423430585 0.158921168041729
0.0677848799710457 0.0772578089704377 0.0117372238092216 -0.0382668546540874
0.0967400605384185 0.0745477249297468 -0.267134659781834 -0.210778062024045
0.0373534451442988 0.0803065962391881 -0.486142215238898 -0.313952979842908
-0.0116824829885464 0.0478534755597656 -0.681690806295574 -0.344472126139235
-0.0243749040312451 -0.0405499535045157 -0.688025934894743 -0.324463776828124
0.035283177563493 -0.0744812194476158 -0.547383198550934 -0.248609225809912
0.0629410987718769 0.026110527243846 -0.398872626486622 -0.0540771341642155
-0.0624281320376159 0.101868055090255 -0.36778779611196 0.0507676970311494
-0.11026780701827 0.147200493931137 0.405609918448001 0.0580676498709917
0.057638491274925 0.0844468321311845 0.382605779287429 0.0920676816990868
0.019161335872287 -0.0401859958033866 0.41521650962887 0.478542177041767
-0.113655260963976 -0.0297001487216814 0.618535898300786 0.625718279586063
-0.104506229269213 0.0916155026740649 0.627549860561226 0.542699673266527
-0.00849145203675468 0.122094899229712 0.479433573482389 0.375571719448565
0.0638660518690723 0.109266867077482 0.255937591520096 0.171260588059831
0.0762073098894924 0.0818705139811886 0.0454820995511755 -0.0182935357185814
0.102907589319623 0.0844387081145096 -0.233922083788629 -0.202534432787096
0.035705450350117 0.0921968398938503 -0.460211267763532 -0.331196405427628
-0.0216749086486965 0.0520859328020701 -0.668919726189162 -0.397096636344439
-0.0279665836918865 -0.0521946171069227 -0.678835996425713 -0.414536768809411
0.0503553576008973 -0.0757142460484171 -0.514700300046843 -0.323433794264082
0.0597669775916269 0.0411601361753015 -0.387339005243867 -0.0671946511399779
-0.0846216502136317 0.106267676780099 -0.368606548639581 0.0280218940184712
-0.0897544797842283 0.135481285435038 0.400016625483042 0.0181940886959807
0.0535150694946481 0.0657524627260768 0.38352554837201 0.0889651471606701
0.00580098436469532 -0.0369984207045867 0.48284715448882 0.409155886283397
-0.10993976570059 -0.0123955075531937 0.658402539998742 0.511131913703815
-0.0880236371993296 0.0943257175784537 0.650669059225776 0.46799469136226
-0.00112714299592859 0.115881262543961 0.510503632731222 0.350979847719002
0.0609407854089739 0.103509502060524 0.288082482270647 0.180614166806273
0.0737079611830133 0.0783313677197497 0.0768559192762081 0.0038261850531189
0.0974737141585768 0.0868158459163099 -0.199049127224483 -0.191538552782071
0.0282543830458363 0.0929678118529817 -0.429383119086824 -0.349166763483435
-0.0260475438052342 0.0468088422229501 -0.649739808828722 -0.466534942538283
-0.0172424874137206 -0.0565534864872596 -0.651783273813792 -0.522216404007474
0.0604783687359628 -0.0634042039394043 -0.461584897249345 -0.403458665927931
0.0454702915621192 0.0488244634956581 -0.378239540098704 -0.0787560144907678
-0.0938588692781489 0.0876442379056146 -0.370608680896804 -0.00148403420183493
0.0649258829225974 -0.058309548219092 0.369263109035249 0.12468964407875
-0.0283106079938274 -0.0383160126237787 0.406259183884879 0.101664172238442
-0.0622576955608893 0.0568777971848382 0.39760500050015 0.495873931397648
-0.0355762599528069 0.0831165507324644 0.625375755280041 0.663726676957179
-0.0202269343785651 0.0149927069187087 0.644647100552792 0.544437455218043
-0.0612908887624306 -0.0177125378955955 0.48317553422149 0.355781524392485
-0.068106947207315 -0.00744207023226017 0.234047205369695 0.157961574900069
-0.0487322286108026 -0.0136526386701795 -0.00689498474330329 -0.0440903373993855
-0.028295880909991 -0.0235566410338964 -0.278107501919856 -0.220406140700404
-0.0243328013005437 -0.0409119618268317 -0.494144960555775 -0.353320673426953
0.0398041817038754 -0.0328392713417966 -0.683958503692163 -0.414050616938275
0.0774041104322786 0.0320882241735094 -0.67524503663606 -0.380941397261308
-0.0042614809615773 0.0284360659755067 -0.543092021577966 -0.279143862895147
-0.0225449016776561 -0.0403882176414479 -0.412621183358236 -0.0897149923337522
0.0613388665395595 -0.0944699967474096 -0.37672966782223 0.0343193447887893
0.0327043541042 -0.0156225854521737 0.369410263860447 0.149804137387787
-0.00466767415701599 -0.0139590027806106 0.411077039072675 0.101814975664266
-0.0467414682765861 0.0315811861381226 0.326930238432983 0.540990327086809
-0.0579201275852401 0.0567465932509544 0.564272319343326 0.75844665844536
-0.0413021901241136 0.0281166007876283 0.612670654942229 0.613690488120116
-0.0523186372326767 0.00307746941348265 0.457476768171625 0.376582940217817
-0.0434183137982663 0.011518534221067 0.21217360206665 0.147943855570604
-0.0281585017114605 0.00453692235917651 -0.0262845311918731 -0.0597989084790551
-0.00440860422461224 -0.00410515557490862 -0.300680583808259 -0.220918273432868
-0.0132710546418661 -0.0173690091322108 -0.515751700044003 -0.32595834390719
0.0273181598408338 -0.0199136616879782 -0.694257322622343 -0.354155603441972
0.0602420646543596 0.014837199664803 -0.684329380071794 -0.300984295389037
0.00666371404890925 0.00686273307213135 -0.563010526082322 -0.215460299873902
-0.00446975588749894 -0.0249685495639202 -0.417666650660974 -0.0682962523995931
0.0362036084146662 -0.0552854343992196 -0.37191216061684 0.0588313385057343
-0.0143080594175287 0.0285845768768921 0.373689598237233 0.161784981268465
0.013578991524179 0.0219940855600531 0.414275202142796 0.099645270407472
-0.0220895071729647 0.00930860359696174 0.276922094378274 0.563117127353889
-0.0751827483232122 0.0229327812028758 0.517115011842554 0.81659951660677
-0.0661821567682207 0.0413081157944832 0.588383352579087 0.653147164242702
-0.0452245422022333 0.0328027262278719 0.438109248548238 0.389057197438506
-0.0160141669923614 0.0375923703634468 0.201174595993581 0.142155431501326
-0.00153989790442367 0.0245220624433093 -0.0352110147661809 -0.0660400085872384
0.0234139724152919 0.0160089521339744 -0.314735842244532 -0.218736021979246
0.00241241701771397 0.0087700583142771 -0.526376214172186 -0.30688402201587
0.0179414823703701 -0.00117893010921949 -0.695209176717236 -0.315364477363447
0.0363147117764474 0.000150383935151037 -0.68758702433118 -0.249991410805352
0.0120235222848656 -0.0171972803410725 -0.573195320436135 -0.176869220401867
0.0165585094161618 -0.0128076215289907 -0.417754927603134 -0.0494399827305418
0.0114919098593701 -0.00698094397986895 -0.370251018310405 0.0719811518003995
-0.0667113682939896 0.0724310072050054 0.384199973633045 0.158077025737183
0.0255189678439674 0.0589699672617386 0.411828917186831 0.0976052809158745
0.00268750198971997 -0.00618324491928775 0.264971751135355 0.568265800110265
-0.0870084362709487 -0.00729460372171242 0.503489333667422 0.828605161458774
-0.0899162226843966 0.0538176233849554 0.576642341069377 0.664721140088774
-0.0365512587027233 0.0656659093080553 0.431846689102308 0.396033531573009
0.013611761235861 0.0648216377389669 0.198769584870557 0.142108582712411
0.0268938337249005 0.0453596623405195 -0.031043490341437 -0.0646432427147347
0.0533449053657518 0.036667110119352 -0.313088966383655 -0.21865206868601
0.0194287234637575 0.0349203455336204 -0.526252149255037 -0.297523093277618
0.00885312056424237 0.0193895204759998 -0.693601264264611 -0.296172116659655
0.0113806459808395 -0.0128999867373463 -0.689670390702308 -0.235317598746452
0.0168999061244483 -0.0412543497991814 -0.573789482402514 -0.168888459534649
0.0376424592742879 -0.00220643508875054 -0.414803714604141 -0.0413654985424454
-0.0130577437767373 0.0392170996498252 -0.367587423774658 0.0770898896618523
-0.104260710406874 0.11102704622464 0.396126122371066 0.135739687590194
0.0380048777566956 0.08532685378637 0.404606157312856 0.0946534465794395
0.0209959220847301 -0.0215792689998791 0.292344831809558 0.558105028686777
-0.0978774834413381 -0.0290123286585826 0.52418479844442 0.795490459377716
-0.107050095837959 0.0686101438996046 0.587819636259868 0.649070253749056
-0.0277093313978892 0.0954001270906118 0.437787604978031 0.397200616770038
0.0381606884317557 0.088915950760696 0.208908713129406 0.14775370995973
0.0515364226282596 0.0629081598332621 -0.0139092376995216 -0.0544892525801778
0.0798031665856228 0.0566905994255965 -0.297042534710068 -0.213662128664233
0.0315553625821078 0.0599034830700841 -0.514190144947753 -0.298127702051352
-0.000895879027525019 0.0364675269371369 -0.690292651518394 -0.305367040114352
-0.0111370366268459 -0.0249100369982427 -0.690504060732399 -0.259265369032504
0.0243073498181502 -0.0615585222133461 -0.568962831165352 -0.193165817102394
0.054337236499539 0.0109700269308183 -0.409421546427702 -0.0421766550903926
-0.0376498113544784 0.077842693428776 -0.367364518413718 0.0710496249366258
-0.117407203450589 0.139643266627226 0.405133015788145 0.0955868185908901
0.0513253893754403 0.093460100757435 0.392341350698642 0.0923483058431509
0.0264005805643117 -0.0344520257382176 0.351241375372271 0.530917801428019
-0.108077116672607 -0.0366656242388534 0.572261757746084 0.723336532025769
-0.110960018053977 0.0825346511058061 0.608381916529789 0.602871990426705
-0.0174327079759331 0.115822504740799 0.455874245185292 0.389249511850863
0.0574376986439233 0.103740213115905 0.229840409688144 0.15864665718305
0.0690170567082296 0.0751159145084843 0.0120407314244797 -0.0392722540009626
0.0984072462936001 0.0720984355173839 -0.270810017211862 -0.208677846920656
0.0394660752032382 0.079626914991967 -0.493211111803208 -0.309733316072242
-0.0117497318281211 0.0492077904622246 -0.686409191586223 -0.338795284189623
-0.024835104422534 -0.0388753896768403 -0.695117721724446 -0.317413469251873
0.0348952694803223 -0.0744524612004698 -0.552916786833844 -0.247463047468663
0.0627289856356683 0.0258750149325498 -0.402901831598344 -0.0509983267275781
-0.0628907227263078 0.103558753613067 -0.367620740690631 0.0543070661718279
-0.11070937274381 0.148600810431705 0.4078635931088 0.0558049940604674
0.0581804568478698 0.0841203632309706 0.385828676127916 0.0910665848349884
0.019104032011071 -0.0413604042525864 0.423024469438648 0.476686355651662
-0.114904686415123 -0.0291537041294798 0.625022927288963 0.623874982381704
-0.102819803410066 0.0932268341033567 0.635470509619724 0.539454203913026
-0.00633285010379551 0.121910909961957 0.483471962915772 0.373221931398807
0.0665074474806224 0.108839822489206 0.260163253297663 0.168096872379112
0.0779716985034394 0.0808087437449068 0.0459385371243958 -0.0197378828153753
0.104259176421994 0.0835457408143971 -0.236535446695161 -0.200747728444165
0.0378026136821611 0.0920609623767336 -0.465440307251299 -0.327248399383338
-0.02156521305426 0.0528647993690149 -0.675363055603591 -0.394511010310691
-0.0271398309686605 -0.0509807018814191 -0.686836116232378 -0.410417106326996
0.0492658798991437 -0.0757103343980702 -0.520250524413625 -0.321991088818587
0.0601176818491443 0.041119268163953 -0.390655082417977 -0.0641426117780414
-0.0828545571925062 0.106167727699456 -0.371224051916937 0.0300884597753174
-0.0891202006122813 0.136027104706757 0.401816482164157 0.0156965997907226
0.0536820638377052 0.0642679850801829 0.386838097717079 0.087363004836203
0.0047024461899747 -0.0365428946944546 0.48901455037241 0.405857040526189
-0.110029212268987 -0.0105486266917191 0.66616501112003 0.507808629555128
-0.0872737425679129 0.0961156367977919 0.658339319116082 0.464551932245351
-1.16392601880178E-06 0.116491784913057 0.516699652829631 0.348885394933148
0.0631344555326978 0.102561571387881 0.291037672938612 0.179774159442309
0.0739732697622683 0.0783968769325332 0.0786038904117415 0.00218505837183938
0.0982090820775002 0.0847908364076373 -0.201779935251211 -0.190769705243479
0.0298843181603649 0.092945982309863 -0.433965133759003 -0.345844680871728
-0.0252032844928103 0.0470994435480393 -0.65535790250188 -0.461455945554351
-0.0170859933791118 -0.0553111269061668 -0.660829962227795 -0.520397050132014
0.0592666934589382 -0.0634670904666712 -0.467866685384753 -0.401062039505396
0.0445597766865517 0.0492837141850348 -0.381663023144714 -0.0768153235604932
-0.0943901812183433 0.0889907376039759 -0.372491529747558 0.00212884258988934
0.0642357406175487 -0.0587081552390245 0.373075411779561 0.121119196059859
-0.0286026840667586 -0.0381780349365508 0.411230207788165 0.0988277851900694
-0.0602170732623253 0.0563676978039016 0.404070814504614 0.49368458227287
-0.033649829808899 0.0833820110158175 0.635968991373582 0.661458181185432
-0.020643716668646 0.0144855563058935 0.652326211961764 0.541537446139116
-0.0617581438392018 -0.0178353481314707 0.488391283355762 0.351993847107268
-0.0678906251167329 -0.00689931515648683 0.237297503806704 0.156381887435522
-0.0487769694578153 -0.013252766303683 -0.00665868120727345 -0.0456858304226946
-0.0279898529245443 -0.0225575462096543 -0.281190447978178 -0.217114889882708
-0.0251221054181554 -0.0400998636390374 -0.50046385828647 -0.34888437041999
0.0393226206669928 -0.0337725598451328 -0.693448088825045 -0.407182464026753
0.0782870029542942 0.0320419926009063 -0.68409414808438 -0.375493491950645
-0.00368729606298456 0.0280635091104654 -0.548901004614936 -0.274309468413056
-0.0222816439709093 -0.0391959577793885 -0.416895690033218 -0.0867319954438684
0.0608038353795741 -0.0953310877391371 -0.377308163394895 0.0377410461618789
0.0319525298734246 -0.0168137599200118 0.372236131635886 0.147519180615896
-0.00478052943501049 -0.0143153499932239 0.416102140439478 0.0998868808856604
-0.047722587390814 0.0306857479167266 0.335054839881075 0.540931782582436
-0.0578147462526192 0.0578002334192235 0.574974911376838 0.756109305921808
-0.0412520671065309 0.0280631629002559 0.62204936835998 0.609656468350686
-0.0533430007328405 0.00283633112254689 0.462778593168223 0.373713611319633
-0.0431003700695972 0.0112811363586239 0.215373331719589 0.146086841526046
-0.0278986151182177 0.00446938457730042 -0.0263894871192053 -0.0580633257106241
-0.00507557133510368 -0.00390619331929587 -0.304932021600435 -0.218319030032853
-0.0141082626687835 -0.016685740588038 -0.520768741070296 -0.322151759199893
0.027154405060518 -0.0195737801187497 -0.701651897720186 -0.347136760972218
0.06077762775877 0.0146994104083929 -0.690999821997881 -0.296514002174948
0.00693488816906775 0.00786789072253443 -0.569304537522427 -0.210940532452074
-0.00455894746391421 -0.0250197409415793 -0.420804660779748 -0.0642786089213464
0.0353673047066917 -0.0544467757701391 -0.372926959485436 0.0615999054773937
-0.0147888040041307 0.0284248981409542 0.375881563527592 0.159010905573737
0.0129348112467448 0.0212387841041552 0.418092690448013 0.0984649712234449
-0.0220693896716407 0.0107413789802037 0.287059723937203 0.563674151333937
-0.0759221392956352 0.0245048289656222 0.526860938579945 0.814466780743009
-0.0655798937389625 0.0420332961549327 0.597563393487699 0.649754911597067
-0.0443716338022079 0.0332038388769199 0.443488384158085 0.387439851069932
-0.0139331070203305 0.0374519129196585 0.203944304117914 0.139165370456348
-0.000379953553154939 0.0244559260684263 -0.0350026724165219 -0.0656198103188887
0.0242280349943845 0.0152614188272922 -0.318893834329385 -0.215274649896845
0.00229038785900214 0.00854248347735712 -0.530658553160265 -0.3009373089859
0.0177786391992252 -0.00068847907378243 -0.701783809014297 -0.304979639718308
0.0358931067588165 -0.000552503430362748 -0.693055564192653 -0.243386950316379
0.0128763817662616 -0.0169550717120697 -0.576545460968133 -0.171591206990444
0.0169509329395975 -0.0120684454758667 -0.419615151639108 -0.0474305282440105
0.0117460752672772 -0.00697800228022937 -0.369913173749609 0.0762627475567065
-0.0660025760892453 0.0725418766042958 0.385378950171594 0.154673433977146
0.0251113143945553 0.0566551130580844 0.417088063141728 0.0960734267709422
0.00274185902550683 -0.00552181376618272 0.274063525527735 0.568839247904889
-0.0884896833633884 -0.00632403652696428 0.513726869615335 0.828186610051374
-0.089446638594177 0.0554973458752643 0.588656610646125 0.665185778726054
-0.0364936923685471 0.0657434594799225 0.436495070458461 0.393870147061664
0.0152049509287283 0.0647579302179623 0.201933456560708 0.139567482962173
0.0280246177015934 0.0444452348282772 -0.0298188933755314 -0.0643615739933229
0.0536711159426215 0.0353778553675845 -0.315514922720583 -0.214507675052547
0.0195103537763725 0.0342867326229467 -0.530705981995842 -0.292458926951238
0.00803192178894222 0.0184717627985449 -0.700245734443052 -0.288000511118992
0.0107739654426621 -0.0123598689645039 -0.695283713110414 -0.230533182056259
0.0172106302054767 -0.040997046739806 -0.579942387391569 -0.163811477162174
0.0380339317557308 -0.001706135750054 -0.419948369138862 -0.0377607524779643
-0.0122886622850521 0.0396488137252488 -0.369120565498061 0.0804461286148832
-0.102429459226991 0.111970510659256 0.396758845287568 0.131356806535028
0.0380834543466329 0.0834564836884467 0.407078612100706 0.0924877338425837
0.020563452543811 -0.0219473959062211 0.301472840811679 0.558330526877478
-0.0991859352260569 -0.0283808574421424 0.533436640058503 0.793726023662412
-0.106656975270061 0.0703710105149327 0.595876553333427 0.647068998906808
-0.0269539320072389 0.0953933728325003 0.443721488570605 0.393722437164754
0.0399484777292671 0.0884190619390136 0.212283797572598 0.14574534884931
0.0523730601623792 0.0623087304081614 -0.0133048971215762 -0.0541032320611447
0.0805995108057189 0.0552537999089916 -0.302283468114371 -0.209972700875023
0.0343726471297001 0.0598765903595736 -0.518977196508408 -0.293415215090847
-0.00116625981605351 0.0372652808166918 -0.69814641997312 -0.298622206556627
-0.0111222023201127 -0.0248333749917488 -0.700328816006375 -0.256308250441894
0.0233501980062841 -0.0608176098687139 -0.575087631513387 -0.188340169207509
0.0545509136456586 0.0119278215411121 -0.414129227826987 -0.0390448951138231
-0.0361128778995638 0.0786525836805405 -0.369502091856002 0.0729751561664549
-0.117198992268457 0.140745573921248 0.407210124125658 0.0949844902153213
0.0515873842316902 0.0927367746584134 0.396455376345803 0.090247966585041
0.0255901303735187 -0.0349683404624509 0.358006404138653 0.529175185112836
-0.108949126741888 -0.0355288559782047 0.582527521734813 0.723126094178025
-0.111062833807292 0.0840053297730123 0.619277950835246 0.602390830381397
-0.0155755466901491 0.115745953273257 0.461794371537779 0.385321581074631
0.0587116151138491 0.102802067451574 0.231865597641234 0.156507596475285
0.0703406444184689 0.0752451499400694 0.0133627581370499 -0.0398066633695962
0.0987070811840154 0.0699953537186619 -0.274344864296406 -0.205553284358464
0.0406834866255117 0.0788032488041012 -0.497859207901356 -0.306053131976392
-0.0102115953210197 0.0488705694118318 -0.693386437027637 -0.334572937028608
-0.0250830940771076 -0.0395703514371589 -0.703420610701832 -0.311665496367946
0.034301688390279 -0.0746418170396064 -0.558021584484147 -0.240442708682688
0.0631242326933805 0.0262191090378127 -0.404394029235763 -0.0471816950631603
-0.0621211922801967 0.104122379716878 -0.369807973189752 0.0573713688684929
-0.108356475789025 0.149619583772922 0.408484273102435 0.0517379152902862
0.0582704233852813 0.0828930237395776 0.389547411780719 0.0887762422261418
0.0186806358474046 -0.0419141404235012 0.431494700753359 0.474846820062162
-0.114923405531461 -0.0273594548870033 0.635466929684621 0.620232933085374
-0.102318217554921 0.0953534754149274 0.647594582517721 0.534852360472582
-0.00456434253900515 0.122138059427997 0.489720924468006 0.368529803919236
0.0686451338322422 0.107778543679586 0.261586369930968 0.166097375908149
0.0783027130348823 0.0802161561093447 0.0466572228884821 -0.0200886485363614
0.10580801008633 0.0812172807073904 -0.23999575461301 -0.199158986507272
0.0400575702139139 0.0919611653592989 -0.471080811143102 -0.323000377755572
-0.0205571997628798 0.0537707290847964 -0.683516666638781 -0.387151171229977
-0.0285544489373902 -0.0513848515976795 -0.695903716734711 -0.404127537009381
0.0499578575234561 -0.0755235096447947 -0.524632650318498 -0.317495548783219
0.0605679302766493 0.0405121590077857 -0.395623112580082 -0.0640098910890359
-0.082953695013106 0.108141625457036 -0.370939079943105 0.0333233699285237
-0.087585694304041 0.136067268317256 0.404138029943151 0.0124176632515602
0.05382296011492 0.0632758723501564 0.39110018438419 0.0838786476065293
0.00364170636091932 -0.036750630899611 0.497963964232717 0.403304423848468
-0.110614726032958 -0.00942299799591317 0.675632977924909 0.502095895983561
-0.0860280893520829 0.096857680913363 0.669109777262329 0.461972326004605
0.00175140193715506 0.11645668678176 0.521969496867894 0.344766906032028
0.0656046230514865 0.102125153359676 0.293786915577071 0.174494009472931
0.0756585641073468 0.0768831061564954 0.079372451041635 0.000998162498594542
0.0995281060060575 0.083264546266161 -0.205173941060584 -0.18904009592149
0.0313094411371323 0.0938791740632038 -0.438237621310293 -0.343327998585383
-0.0258104958215059 0.0493624666338863 -0.664460867377058 -0.456676454006093
-0.0184232085731807 -0.0552305502464497 -0.670455241250322 -0.516612006034031
0.059268119172606 -0.0637843631338811 -0.475779451053294 -0.396962308607378
0.0455076189714275 0.0485365776432366 -0.386198229376377 -0.0745761219776459
-0.0931746379187043 0.0899945051290718 -0.373978957274734 0.00495473204926642
0.0640717297896136 -0.0590180936137814 0.374283775156076 0.118554626717143
-0.0289263461532095 -0.0373571094028122 0.415914365492151 0.0958854285594892
-0.0600002382144223 0.056673765874874 0.413782127817472 0.489702540353353
-0.0339063357771367 0.0839330473761812 0.644103274351538 0.655878413936303
-0.0204964757516372 0.0159639244227135 0.661748480708869 0.537418467556972
-0.0624880776487143 -0.0169215472524952 0.495847894034428 0.347346848201151
-0.0658114903946632 -0.0059735043183152 0.240664535644059 0.153203713710955
-0.048737662547905 -0.0121928112190832 -0.00747834265906869 -0.0459819770318899
-0.0277348080786517 -0.0235721349594956 -0.285091760715149 -0.214404091110705
-0.0251525218164329 -0.0396894885004666 -0.506295799768018 -0.343146069947298
0.0388359830033958 -0.0330874148710621 -0.700903315924674 -0.400881370292486
0.0791563961777969 0.0315241142106194 -0.691800961234038 -0.368017280674651
-0.00278978418206682 0.0285772277274193 -0.554429181797844 -0.268828789645518
-0.0229119155648578 -0.0386905939246173 -0.421090710081959 -0.0828226784946877
0.0591379654089345 -0.0945880893915597 -0.377271532244759 0.0437180803894751
0.032410026811395 -0.0162083016204944 0.373993473520597 0.14404761181389
-0.005072582179776 -0.0143521625727482 0.420193962624743 0.0957833134456166
-0.0456343329697812 0.031207515411515 0.344013942728527 0.537272171323532
-0.0560446874207432 0.0589841449889988 0.58586016504681 0.753307053299554
-0.0412698050816805 0.0293470908153192 0.630981691642112 0.606086461977446
-0.0528121636203603 0.00404932372715881 0.467172452320652 0.369520441131458
-0.041561239099447 0.0114410116486464 0.217820871747843 0.143443053437728
-0.0272593805906089 0.00410144170645661 -0.0268486515301167 -0.0579986586460018
-0.00399923835445525 -0.00472454585104516 -0.309426138044392 -0.215365973740941
-0.0135347695832398 -0.0165307301614993 -0.527373350693769 -0.314084976775081
0.0269545545799126 -0.0202081738589742 -0.709122908890659 -0.340397166031478
0.0605793856145951 0.0143116895111824 -0.697671680827492 -0.287926043516478
0.00719710615311869 0.00822978100726085 -0.574210187382429 -0.204295623523794
-0.00422770411074504 -0.0240153735604966 -0.425062643907668 -0.0593663817705772
0.0343127117899116 -0.0540012257809636 -0.373674477007445 0.0659210604751767
-0.0148364995715682 0.0298005965796958 0.379161869112932 0.156781859130019
0.0121762978426255 0.0212129703493226 0.422843426268752 0.0952398964091292
-0.0219944307091497 0.0105290685895258 0.295102778606097 0.561921193005991
-0.0752679666778986 0.025670285893908 0.539246333061008 0.812117611152427
-0.0656331771262329 0.0428199679004429 0.607278715529136 0.648548873517145
-0.0444375672556496 0.0335175900376742 0.449110254740325 0.383204127050575
-0.0130135426386837 0.0364954062158095 0.205614999101451 0.137320845236421
0.000266497160934402 0.0244493683813809 -0.0353974333751888 -0.0649116363593811
0.0246244708862015 0.0150068065054821 -0.321757077332878 -0.211581958926273
0.00272128383392424 0.00991271018942747 -0.536709389601191 -0.294055022185334
0.0169564253901267 -0.00131539929075171 -0.707336683723228 -0.296613020115069
0.036505398838772 -0.000964656651258285 -0.70063245603395 -0.236486034594736
0.0130017816450221 -0.0164581540035276 -0.582434723084449 -0.164854814538297
0.016227296494831 -0.0126891698112872 -0.42653777407141 -0.0418897040130174
0.0106939175773278 -0.00683558520324896 -0.371842310516088 0.0808423680125686
-0.0652957343880311 0.0733846628174937 0.388360930228966 0.150592280101455
0.0255136074661473 0.0572609429448244 0.42052489575915 0.093504574303102
0.0012412255402539 -0.00616381298970563 0.283135899900162 0.56747393244163
-0.0876543724956769 -0.00480856592098367 0.525380239992058 0.825046622002911
-0.0886561281401085 0.0571637185145207 0.598141024368356 0.660026358288674
-0.035540445970436 0.0656593562865195 0.442143090338857 0.389565277463309
0.0174037580856516 0.0641454487726037 0.204020796182572 0.13640943880729
0.0291501067836202 0.0440420976686685 -0.0315471455261619 -0.064054026234184
0.0546061983475439 0.0345984628277684 -0.320380450486603 -0.210476199371118
0.0210925309237877 0.0343718845828955 -0.536155815539089 -0.287300217559963
0.00967942717443752 0.0183241121790411 -0.708631407280943 -0.281142727646483
0.0117763927272239 -0.0126415592958105 -0.701102024539579 -0.220483223873756
0.017101341170952 -0.0403241184740961 -0.58420105398716 -0.158833117210639
0.0377618163036546 -0.00165623809441533 -0.421411130377159 -0.0322581818647774
-0.0120490200884936 0.040495325636789 -0.368150402807762 0.0838451132053236
-0.100781582810315 0.113799190837009 0.400194811230445 0.128447434171341
0.0372537687862282 0.0832211448933491 0.411024174053767 0.0910971900049435
0.0201479992130595 -0.0219777763745461 0.310757103577896 0.556685860171071
-0.0979498424524344 -0.0262572523440342 0.54594046103667 0.789910890765425
-0.105177932419977 0.0714925788767461 0.60586135540391 0.643486304723577
-0.0261891866826411 0.0951819912084108 0.450468285274099 0.390384597230214
0.0429593326566842 0.0871607146250458 0.214245359614269 0.142518926757702
0.0541768814801609 0.0614859211637527 -0.0140563135183225 -0.0552220573512861
0.0816028134104227 0.0535366567458175 -0.305705772465295 -0.20558629012115
0.034766592831434 0.0588609674183013 -0.524613098655189 -0.286968183326613
-7.5505129253757E-05 0.0369953629852685 -0.703820130047751 -0.289109370318844
-0.0121403818133644 -0.0251352495304712 -0.705514172440237 -0.246060850198489
0.0235789024080767 -0.0616702218202574 -0.578892078922005 -0.181850756959143
0.0546866022160456 0.0106242539558245 -0.418082346973871 -0.034430060718112
-0.0369953669657567 0.0797396314978117 -0.369630230537118 0.0782532136898298
-0.115697669143697 0.142039116827588 0.409714033537854 0.0906427870103076
0.0508696255817845 0.0912542403098022 0.400880458034085 0.0883331832203803
0.0257953532561125 -0.0354167686861888 0.367087214775434 0.525807313792861
-0.108951360750879 -0.0334857959287274 0.593515711496404 0.717929354200014
-0.10976841814357 0.0869553671006779 0.630237854883525 0.596965911758741
-0.0144489733814151 0.11567241690782 0.469089353867821 0.381492132026438
0.0612030147096808 0.101433164603991 0.234485038384317 0.153603487265653
0.0719068551791791 0.0740843646886952 0.0135588379140065 -0.0401372065438123
0.099764228527747 0.0694468448647088 -0.277321462586037 -0.202380851986636
0.0416265284691694 0.0786389171079677 -0.504287187623039 -0.299790073331252
-0.0101606100201123 0.0499995635389799 -0.699968041923595 -0.326129332880761
-0.0258330901059695 -0.0385781099252428 -0.710402456086881 -0.30559755616413
0.0339834618352254 -0.073540434721429 -0.563754239350968 -0.235391556088769
0.0636153146256814 0.0260059754178526 -0.40927141089757 -0.0436682109516213
-0.0605724993497071 0.103974377948497 -0.371913422720469 0.0613059814463976
-0.10725303271229 0.150193045486884 0.410219217120428 0.0494407337134314
0.0587843662877828 0.0816159743776134 0.393604478660554 0.0871042672972195
0.0179038625676346 -0.0416218003978733 0.43922060983467 0.471253824692971
-0.114874066530478 -0.0259816812248147 0.643903959020953 0.613522358523674
-0.101184661592012 0.0960228297734635 0.655806159135061 0.529659333306279
-0.00296178537060235 0.122274764609152 0.494359482180911 0.364213432532904
0.0705153754604473 0.106813554974993 0.264839881072468 0.163661447280549
0.0794144567962968 0.0780747315451749 0.0462056185198192 -0.0204789740268779
0.106845420125252 0.0796005775032638 -0.243758856506297 -0.196579764984105
0.0414499521366828 0.0914462799858589 -0.475873998769822 -0.317713728934223
-0.0194307963365239 0.053609328172194 -0.691489525322957 -0.378627409847805
-0.0292471510378125 -0.0500738147109581 -0.703278008757481 -0.396554000567892
0.0486306497459419 -0.0759143720039567 -0.533019077000166 -0.310845387481586
0.0604879465080968 0.0409877579389552 -0.398061642886461 -0.0573637044035974
-0.0816739729788966 0.109036234394484 -0.37249349384126 0.0366321073416705
-0.0868259861434704 0.138052858306898 0.405841941609676 0.00905619695426709
0.053658725999186 0.061625144301142 0.393562056850727 0.0810178921359701
0.00364374509304747 -0.0372622721965514 0.506264857890782 0.396798811493856
-0.110160481850482 -0.008087787692641 0.684625557778849 0.497714431921595
-0.0845175532843446 0.0976879406211545 0.674985282735602 0.455319076797107
0.0034179773087876 0.115336140581183 0.527579765017453 0.340023986067602
0.0684109408303921 0.1004637644928 0.29758044939745 0.171466103138783
0.0766605300815226 0.0759985551957791 0.0799368402228755 -0.000841092809498257
0.100386463915391 0.0813658507652409 -0.207884975648517 -0.186302409303115
0.0339600858218253 0.0938137881450493 -0.443612887166121 -0.337616292207117
-0.0252152450388184 0.0487356650880744 -0.672084968595126 -0.448105775449904
-0.0185444455783148 -0.0547938805380376 -0.679536938445844 -0.508486695886059
0.0589406024918666 -0.0641062105855816 -0.483385512752198 -0.393812466465303
0.045258303084492 0.0485556384329352 -0.387577244806402 -0.0713570102104668
-0.0921235409441002 0.0918505620571956 -0.374116995091385 0.00977266489804201
0.0637632538255642 -0.0591206287948027 0.376607988345611 0.115593092610828
-0.029120661338223 -0.0375365794981973 0.418318918639592 0.0925032498277398
-0.0588040624730392 0.05789514322548 0.423048484591193 0.48522742389096
-0.0323369929598534 0.0847882942403078 0.656513278396839 0.650353788632224
-0.0204159938949776 0.0160440401103139 0.669519059194859 0.53235451053995
-0.061898019479987 -0.016011539139246 0.500268627164975 0.34263141216886
-0.0656364065876845 -0.00398883662133201 0.243316611052792 0.149127707525855
-0.0496193606825332 -0.0115861666559332 -0.00677926453696892 -0.0453805253658729
-0.0290947289373366 -0.0234468003185868 -0.288424937168961 -0.21058945983281
-0.0258025828259907 -0.0383113958328399 -0.511925463485835 -0.335454383378145
0.0371790492352601 -0.0337498546839981 -0.707787941069434 -0.389570727685798
0.0793858340785908 0.0302398170259418 -0.699722479499288 -0.359456135083722
-0.00249421533216067 0.028952485225267 -0.56137692300288 -0.263080446274596
-0.0219996037180335 -0.0379153845239269 -0.42323432316174 -0.0779257543087555
0.0584169092290672 -0.0941347036420212 -0.377915318324494 0.0478853264388961
0.0320683211743512 -0.0160565749505996 0.377532690690557 0.140599215012154
-0.00603879178136384 -0.0150044100452823 0.42382264716504 0.0928736054441085
-0.0453713107941685 0.031915481011952 0.354331853876508 0.533314402086244
-0.0554525655137834 0.0602127222517374 0.597314562929131 0.747250097351599
-0.0407229552689715 0.0298358692167394 0.638690771990655 0.598747528172255
-0.0520192581583566 0.00382121460973344 0.473445802228716 0.364433208009165
-0.0402504410252134 0.0123527483939323 0.220718769022121 0.13993263156847
-0.0271965229466837 0.00409339747613166 -0.0272455306392167 -0.0583958679700009
-0.00493083359864554 -0.00534212813106487 -0.312376140594581 -0.210389677849557
-0.0138689053069748 -0.0154800045355322 -0.532526879824963 -0.309209633191845
0.0262456511456247 -0.0194898461931936 -0.715218033682469 -0.329758675996782
0.0615751351967768 0.0133326001149318 -0.703655781232938 -0.280358660942223
0.00736929803660383 0.00852376560428593 -0.580317555506661 -0.198428570159357
-0.00491957901958584 -0.0239003949855996 -0.428064947184569 -0.0553502079596342
0.0336232746628969 -0.0541472412310781 -0.374616238446338 0.0703501545394503
-0.0148362099729699 0.0300556306316898 0.38154862272167 0.154114138288209
0.0120212441221287 0.0196116325901973 0.42532019264113 0.0921505383405381
-0.022508611835949 0.0102065489710774 0.305728933746199 0.557530736618823
-0.0739039978389429 0.0271766201769897 0.550599805108974 0.80600238355646
-0.0651851681127948 0.0440019341703011 0.617162752768031 0.641278626788114
-0.0433023289221286 0.0331025810523228 0.454256043441024 0.377626749961988
-0.00992181628359355 0.0368928435666932 0.208470023558139 0.134065819049558
5.7022235767739E-05 0.0240877208764248 -0.0353746113452007 -0.0645342893252579
0.0250984621958326 0.0131536484567053 -0.326226293402101 -0.206780915179238
0.00354807908866094 0.00916357695413858 -0.542687269381736 -0.287472277666832
0.0174060422518052 -0.00066450633498575 -0.714242587835163 -0.288745778418735
0.0360519046500652 -0.00104166623218952 -0.705689500767767 -0.227119879659294
0.0126311239179911 -0.0161531192010407 -0.587323650126502 -0.158512093968214
0.016430848378251 -0.0121462327130991 -0.427418864873898 -0.036438481708302
0.0111847832795821 -0.00604323518248128 -0.372310158374923 0.0836046675346183
-0.0637399630344237 0.0743722964308236 0.390333263658597 0.149981619703518
0.02526429170543 0.0559810406365751 0.423989594785079 0.0900571315607436
0.00190014328474891 -0.00672586356945149 0.291720300023564 0.563815961549486
-0.0870846090878218 -0.00432678243966566 0.53572642360644 0.819870176161653
-0.0875142179261756 0.0580096090160465 0.608169953970671 0.653861890165022
-0.0341131116870405 0.0666375273286729 0.44910739808177 0.385582770667025
0.017705112181486 0.0631899566718876 0.205406383516581 0.134615001751714
0.0292490812558837 0.0428949502161352 -0.0309493538210809 -0.064364686742393
0.0554379265034271 0.03365184407305 -0.323569104006969 -0.206531264685548
0.0213581575801193 0.0348277421846464 -0.542470957176868 -0.278947394064907
0.00947546578097095 0.0182311181571205 -0.713685459301199 -0.271140652017559
0.0108585075024166 -0.0127184593288909 -0.706980207929197 -0.21401227056144
0.0158348189620436 -0.0409629507479125 -0.588287664599645 -0.149685106241268
0.037554921100365 -0.00187603087588441 -0.424912873047601 -0.0272158063670441
-0.0120762664576314 0.0413136863984125 -0.369580454676955 0.0892594514737303
-0.0998332070506959 0.114841689900371 0.402381582800793 0.123376103495519
0.0383715540382076 0.0820661827096298 0.41315114537746 0.0867716669523121
0.0188296280582231 -0.0221358888873495 0.319895349010667 0.553308216578897
-0.098049424179577 -0.0251687197232959 0.556191077647251 0.784991152583397
-0.104376439854147 0.0728147107231576 0.613893344849739 0.638076192980287
-0.0246783012577668 0.0949648211157025 0.455673216881388 0.38500205250122
0.0446065464953872 0.0856017927641182 0.216126854827934 0.13927873037819
0.0546945264918598 0.0604813959371961 -0.0130493214771318 -0.0555894132202107
0.0820736772855387 0.0513507606478982 -0.308619805118177 -0.202569528101016
0.0361017344582896 0.0586283075968918 -0.530354408230103 -0.281281542855731
0.000602960075013894 0.0361993943760707 -0.711475301708773 -0.282088729809274
-0.0112315394829941 -0.0247557997306831 -0.71146409262473 -0.238438987547174
0.022616371346119 -0.0607049019583826 -0.582740721022905 -0.174555691973839
0.054295043724973 0.0106324059354707 -0.42010223572042 -0.0287444872305894
-0.0358626373432081 0.0801767640715981 -0.368918361830125 0.0814743865559582
-0.113300488849128 0.142213427647253 0.410676247652819 0.0865950186130025
0.0515165573460655 0.0899845764947974 0.403769610757904 0.085213736347908
0.0253367652015388 -0.0370105479561639 0.376299229442025 0.522685047694952
-0.109353133322464 -0.0321944003162221 0.604497916256413 0.713265266050117
-0.107398462552997 0.0889150187310632 0.639656514957113 0.591168849230952
-0.0126851628805174 0.11541986472893 0.47508031762234 0.376710744901604
0.0631730875997065 0.100244042682673 0.236691386254026 0.15049716184817
0.0728597329171473 0.0731532138261974 0.0143092416458618 -0.0409032175720799
0.101671946398227 0.0670121356022115 -0.280969533228497 -0.198793529997636
0.0430734145427473 0.0791311195897804 -0.508347391647258 -0.293005517382263
-0.00884706561824507 0.0498755388357162 -0.70642540543553 -0.318299852726211
-0.0261489254889747 -0.0375358918715428 -0.715576332469744 -0.297041798291942
0.0333520783520054 -0.074302238461648 -0.570796992119403 -0.230270734594435
0.0633632907126865 0.0255879869334131 -0.411616094833666 -0.0401425960713425
-0.0598391224879389 0.104767731972408 -0.371074915773169 0.0662895992377817
-0.104949285820034 0.151418854873954 0.411128727340129 0.0440458404329182
0.0582323992790497 0.0800241205321363 0.397968680272597 0.0834262882198897
0.0167405706735307 -0.0414479532982914 0.448073372303509 0.468023923767204
-0.11406826589069 -0.0237023815556002 0.655397408508681 0.60749121192167
-0.101202440992054 0.0979612875734806 0.666156355285984 0.523480856222617
-0.000922108725872228 0.121388549325965 0.501689439051929 0.359357611657259
0.0723654896712765 0.105389563620525 0.26680981524122 0.15962519409979
0.0809578407643556 0.077506724831314 0.0483491090153815 -0.0219225968953114
0.107691071407583 0.0774499648576489 -0.247361152399643 -0.192760635797205
0.0431673772465344 0.0918862841519415 -0.480281912754497 -0.313550234586359
-0.0195868780045694 0.0539288804808222 -0.697655493437841 -0.37149110243244
-0.0287391296638567 -0.0491984538060148 -0.710052708420838 -0.387682560956363
0.047549591471339 -0.0758914880083084 -0.539876415850621 -0.305144457539999
0.0610216824820246 0.0400349701203025 -0.400586372776811 -0.0540374736311327
-0.080359540997539 0.109439559804109 -0.374186739916201 0.0410023925776969
-0.0853327507071336 0.138418886538939 0.406481942774342 0.00647352935947091
0.0535975185441962 0.0608900333885737 0.398794796852033 0.0776445548421878
0.0027359840983282 -0.0371707807829707 0.512979779545786 0.392799758779982
-0.108867466563109 -0.0065573109777626 0.693477476065142 0.491054293248962
-0.0833710598474026 0.0991706687245745 0.684508359899239 0.45032677617843
0.00481390383957061 0.113904029663911 0.532985334470314 0.334068979231111
0.0698380069846204 0.0988987663802058 0.29947072955963 0.167903093128374
0.0777338100068232 0.0744507116308975 0.0815543309836958 -0.00184859634192547
0.102638461854516 0.0797024327202865 -0.21082305139059 -0.18418942634001
0.0351841989296882 0.0930744002141898 -0.44981293586515 -0.33338495429126
-0.0236947744659539 0.0480818412011547 -0.681033037317163 -0.44065806983818
-0.0187719738925882 -0.0534934732288916 -0.687776398268475 -0.501975633060343
0.0585770037067952 -0.0646737061637147 -0.488841690692634 -0.387461984589188
0.0454611051596415 0.0475551045012868 -0.391741071345756 -0.0678003401388698
-0.0909390129633695 0.0919234210231287 -0.375721236587117 0.0131685594463793
0.0623657172690569 -0.0587794501836863 0.379290213140409 0.110918061168654
-0.0305281207248903 -0.0378497114999606 0.423169236096895 0.0905269507477953
-0.058417251787231 0.057370167193027 0.432679249271896 0.481706910648224
-0.030368982582163 0.0847751836348986 0.664493937625938 0.643732216481621
-0.0208131856582268 0.0170755833148364 0.678668986626381 0.521370109818222
-0.0624668726022653 -0.0158152468472461 0.504949684154961 0.335808434748305
-0.0644490110972241 -0.00434002021415446 0.245340789911872 0.144153040767782
-0.0496726965817713 -0.0107447132610157 -0.00717841044021074 -0.0444770899117612
-0.0282915212115586 -0.0232209426219611 -0.29101376413269 -0.20576554969976
-0.0258105192648528 -0.0382612628685911 -0.517883308136042 -0.326969625863595
0.0367142396794169 -0.0333961037878987 -0.71584821347606 -0.38195566627155
0.0800287935745938 0.0301044796553782 -0.706960539742799 -0.350715236783838
-0.00198703601791386 0.0294781026487057 -0.565579528718421 -0.255722707768988
-0.0222004362410916 -0.0371233594107434 -0.427002462993065 -0.0740662877461265
0.0565395216273313 -0.0951004042705186 -0.379218601842393 0.0522651557247477
0.032504387844022 -0.0157513188780354 0.378841023072067 0.137120141626526
-0.00547687088264171 -0.0150150811888027 0.425409355766548 0.0894851604008162
-0.0445766887154943 0.0326379221229426 0.362667504434166 0.528616812732286
-0.0542157158915427 0.0606616276824339 0.608693291854174 0.741790489148577
-0.0406605976963677 0.0315769053491481 0.649953033603653 0.591787902424443
-0.0523055473173231 0.00404010870288329 0.479591399862772 0.359117300046682
-0.0397607927092558 0.0124455510577513 0.222395345182969 0.13778103196973
-0.0262386462215983 0.00464847461156908 -0.0270165238959331 -0.0580026034975209
-0.00429283920682055 -0.00674789676712917 -0.317026042608721 -0.204840322893463
-0.0131233053557062 -0.0147382857523815 -0.538313312479971 -0.301413190000541
0.0262141392188619 -0.0201687956177682 -0.722346196232199 -0.321224308666481
0.0611415761274672 0.0126434886981522 -0.711567991185445 -0.268203138781576
0.00773196298478628 0.00841860980578517 -0.585338785014142 -0.191993283401322
-0.00437075775950621 -0.0236537654332983 -0.430203009243604 -0.0491500888101403
0.033090599916902 -0.0538645232502778 -0.374178177565567 0.0752168032090854
-0.0135733796759615 0.0300325354786724 0.382738425480353 0.148571651534087
0.0117024452372667 0.0205276103672686 0.430411518816208 0.0881850205883698
-0.0216826930407566 0.010379800867243 0.315269196732129 0.555234320962836
-0.0725124297529867 0.0277768193768913 0.563024142030814 0.800940250056616
-0.0644634333781896 0.0455485305411498 0.628001902870052 0.635744294971825
-0.0425759007271247 0.033213353198743 0.461607600406542 0.372940209700193
-0.0103420190062344 0.0355479741259167 0.210752818253141 0.130850236433501
0.00145332034320851 0.0233844583381256 -0.035827847831258 -0.0640825737197996
0.0254890569376834 0.012848901110011 -0.32878426909396 -0.202712417009472
0.00443180052254511 0.00934044578034525 -0.548078056643046 -0.281685934155599
0.0170454333619756 -0.00120444957794999 -0.720132222531724 -0.27926019182665
0.0374817730575536 -0.00162789121702422 -0.710647705079635 -0.21705569471243
0.0126901558211546 -0.0157992906485095 -0.592303372587586 -0.150114589064908
0.016326537295099 -0.0120770877129919 -0.430753647167053 -0.0314876870275763
0.0101687186261852 -0.00615065293885345 -0.368921382565866 0.0893546400720367
-0.0629407953207985 0.0755095175720615 0.393283482170262 0.143659726757628
0.0258325020809535 0.0558037166529366 0.427105296864507 0.0862638767729128
0.00181857449348165 -0.0073936944269522 0.301987563233813 0.560537501565677
-0.0862776516745142 -0.00269641689267972 0.548006365866785 0.814073198240585
-0.0872975860342269 0.0591576713761807 0.617974916985098 0.648214197265005
-0.0331433074658473 0.0658407438322956 0.454969765358195 0.381315220708702
0.0195637626898091 0.0623495204192646 0.207769540049504 0.130698958939581
0.0300287397744259 0.0424043772791392 -0.0313575042218232 -0.063788827508503
0.0551536681573169 0.0314236891256732 -0.327067369871606 -0.200923738215806
0.022248658510205 0.0349196894082599 -0.545564815604782 -0.271124191187628
0.00987463805582923 0.0188256035039024 -0.718553584256799 -0.262113798066952
0.0114594519180266 -0.0120231120375547 -0.710641685939207 -0.204530602500006
0.016004533297499 -0.0410504090897483 -0.592644900461533 -0.142857802865935
0.038176248120747 -0.00141498118255238 -0.426343690635835 -0.0225819351501785
-0.0109958170440367 0.0411918613198164 -0.36797286195861 0.0933095924876057
-0.0985134104221264 0.116365841168313 0.404772758853067 0.118938501500894
0.0377008559883175 0.080948183310291 0.417883940079835 0.0839801035367413
0.0186063008411091 -0.0238266720572934 0.328920627311156 0.549750859452072
-0.0985138128277696 -0.024526560429792 0.56762873320143 0.779959975689205
-0.102440045118225 0.0755025814598531 0.625569961753459 0.630187012180621
-0.0234031487945344 0.0951644528205798 0.462306164679163 0.380299116166106
0.046808155356016 0.0845533075586278 0.218819565358257 0.136793806490973
0.0555017765786396 0.0592812408347591 -0.0132873993043863 -0.055227235720789
0.0831158688067532 0.050009200714186 -0.311946142595829 -0.197889790763308
0.0370351740760723 0.058068500289307 -0.534445064241103 -0.273054799889787
0.00103201934017494 0.0367499672562624 -0.71596089942379 -0.272746770081416
-0.0116399849526766 -0.0247169597058731 -0.7161069739761 -0.227666362089872
0.0223119562505404 -0.0604316484920264 -0.587576548076964 -0.167468769154069
0.0545536174856922 0.0105022455770901 -0.420963592119177 -0.0245180717981776
-0.0341237261566704 0.081654566295943 -0.369465618872693 0.0858143880342718
-0.112053250502203 0.144255715069648 0.41253266423993 0.0824411095732903
0.0518429449233257 0.0883508503010394 0.406389693304661 0.0811830379539485
0.0241062344154154 -0.0362171832248538 0.385544999543576 0.518737808508105
-0.107952918680453 -0.030880375133262 0.615566442709922 0.705774781886869
-0.106419907129564 0.0902467515009573 0.647500296140449 0.582190460314984
-0.0112050953581618 0.114899955041367 0.479975480329684 0.371937624409164
0.0659878994153383 0.0986690792750806 0.238355870083842 0.146490176581587
0.0744251048022695 0.0706769401483469 0.0127614591425174 -0.0414138606925056
0.101675171665814 0.0651003204618827 -0.283720086321512 -0.194731687297575
0.0446435632783215 0.0779210293677219 -0.512907961961094 -0.284818963858202
-0.00963611428048407 0.0501409624987534 -0.712881259030618 -0.306060255328165
-0.0260762034326966 -0.0367556353940442 -0.722717367008866 -0.286134747840991
0.0329309354952705 -0.0743286776225256 -0.574285268283013 -0.222137261172588
0.0630086672637607 0.0247867807252423 -0.414374077937729 -0.0351555447616893
-0.0586112579251958 0.10565372188146 -0.370909442731132 0.0701704944445192
-0.104151842506671 0.152667846931212 0.412079823619029 0.039968110487525
0.058492688832558 0.0791163066182086 0.400901567129751 0.0796919401726203
0.0175035726735549 -0.042534969552092 0.454931018353139 0.461786259824403
-0.113996562057642 -0.0236759140280448 0.664446378925823 0.60054406527208
-0.0981975560180461 0.100335680319193 0.675701827352222 0.516481473632415
-0.000404105463210062 0.12141428842275 0.507175508017535 0.355207867268758
0.0748791121114834 0.102754583964165 0.269596363965076 0.155982858623384
0.0817556392434612 0.0759186534291837 0.0477933247432412 -0.023095361697132
0.108717807779034 0.0743559665511078 -0.250327462580936 -0.189233557412504
0.0448443587837039 0.0908873788489696 -0.485663242145976 -0.306334932436178
-0.0183887365740429 0.0546207677250028 -0.704917506531405 -0.362277386660342
-0.0292169855536481 -0.0484770253038748 -0.718185099111549 -0.378562502788636
0.0471348272658099 -0.0766727070613572 -0.546102329551156 -0.298096595204316
0.0609253301921684 0.0390986271242849 -0.403334764777613 -0.0496572297175639
-0.0794673606989291 0.110696333396324 -0.372402639243682 0.0463404206093032
-0.0829858272449359 0.139634487776592 0.40734027118052 0.00168296156996172
0.0542767020028545 0.0600189262836571 0.401947251804331 0.0731769277409864
0.0027601054242585 -0.0375578859075039 0.519985821205386 0.385583174608294
-0.108851753200051 -0.00504295196412172 0.701894049107634 0.481632598139148
-0.0808679493129602 0.101090185991201 0.694265710384416 0.437997401399919
0.00677190960768274 0.114077223882777 0.53828082922316 0.327550032031024
0.0713334118019759 0.0972072680507676 0.302825816430291 0.163189389441066
0.0786901362275687 0.0724009936993396 0.0807664284747353 -0.00355064693928014
0.102921896248966 0.0780722800991753 -0.213659540488325 -0.180627213948971
0.036881691665445 0.0924920100463476 -0.454639503234996 -0.326664940391145
-0.023535898364182 0.0495757113997255 -0.686715876755992 -0.43287805368912
-0.0189566648931066 -0.0526242443089086 -0.696932237033387 -0.490476396131566
0.057324110874327 -0.0644343565082838 -0.495271938539283 -0.38202692927489
0.0464567420702661 0.0480944624992775 -0.394398784235381 -0.0634477935845721
-0.0903499521206936 0.0936614148563154 -0.376283921395442 0.0180278932093673
0.0625411944799222 -0.0593457854223617 0.379672171453656 0.106286828976601
-0.0310435821579899 -0.0378488598383769 0.426038971379173 0.0842909071583946
-0.0571786112778535 0.0571403272344308 0.441382405878945 0.475310961937616
-0.0288908696850237 0.0841796081993575 0.674376567409837 0.634963652749174
-0.0220343840591844 0.0183046142016033 0.68699239796205 0.515519887221919
-0.0618553713143791 -0.0166013466597435 0.509335792328269 0.330543524742438
-0.0630751696286219 -0.00412682239406785 0.247352350083296 0.141076367773481
-0.049323640117498 -0.0106448557990235 -0.00699020252370545 -0.0438810377859027
-0.0287646179361817 -0.0231821302840243 -0.294759470644955 -0.200502264019089
-0.0255221029760331 -0.0376660578547701 -0.522270856856399 -0.320564136239719
0.0361900827616244 -0.0349090310927979 -0.723398963284092 -0.370875375703323
0.0797843481915181 0.0280619577837454 -0.714171228095811 -0.33983816127642
-0.000944184938452421 0.030357589306371 -0.571348630975564 -0.249025762790237
-0.0227361347333936 -0.0365722168981292 -0.429862176908996 -0.0680346165302106
0.0558359484939946 -0.0949923149644823 -0.380076934896714 0.0581869892814906
0.0321803108461961 -0.0164137433527463 0.381418622847202 0.132221238929144
-0.00620037380981589 -0.0148620564187901 0.428690819496803 0.0855192177320607
-0.0451204304697337 0.0312512526966089 0.370567720636653 0.525197806658024
-0.0530690768270336 0.0602705888880733 0.62017287271807 0.733990451515733
-0.0402376564194483 0.0326461615602348 0.659003406737281 0.584277264226497
-0.0525259197260993 0.004146897805754 0.485014489896206 0.352593789790427
-0.0387188276617548 0.0122932258568663 0.224792025885997 0.133646742496649
-0.026505115282147 0.00505948562506762 -0.0265142154518705 -0.0578657738317576
-0.00515896302477777 -0.0062157669957531 -0.318425629090846 -0.200458356910628
-0.0126367799209051 -0.0148830648818906 -0.542244515602556 -0.294113862757282
0.0265236798650394 -0.0201022731870249 -0.72731399989059 -0.310851239934414
0.0610162078158365 0.0116006971015615 -0.715432838435098 -0.258511090997144
0.00825408258119564 0.00828822425962116 -0.589812289346286 -0.182217049298661
-0.004733694135006 -0.0230259298467879 -0.433235871612152 -0.0455674098319413
0.0326346631462775 -0.0529115517468825 -0.374483590278772 0.0802970476988549
-0.0140037628478506 0.0310756686718095 0.38557270414887 0.14469742303762
0.011044442565994 0.0197614460365407 0.432466979617339 0.0848914815247408
-0.0224090273426009 0.0101988331339102 0.324099844526934 0.54916894757963
-0.0716395051425519 0.0283871804488908 0.574531901279492 0.795311039459177
-0.0639871807129005 0.0471305457244086 0.637063925871602 0.6288563144283
-0.0428677788701777 0.0340516634355806 0.465628822610753 0.368604245177021
-0.00805321497272782 0.035774907024669 0.211820591793854 0.127845258158608
0.00161093148236258 0.0234528724845677 -0.0356615210924905 -0.0642109345731296
0.0254618377145655 0.0123716952610808 -0.331111726908039 -0.196740507117792
0.00516543209981836 0.00957094503733293 -0.551062074286843 -0.27109817283432
0.0172389883236264 -0.00125005486648205 -0.725550210951159 -0.267160460235009
0.0367523517497238 -0.00215146553262013 -0.715255562769206 -0.208540626222604
0.0135358884930401 -0.0161725591886979 -0.594069033283639 -0.142390981000888
0.0169610824703205 -0.0120734070293015 -0.432583843372117 -0.0254725019715325
0.0103992402522696 -0.00510238779757671 -0.369173937171795 0.0951883649173211
-0.0619076215340046 0.0761374691670658 0.395528492255958 0.140056944219132
0.02432940267365 0.0548718781307901 0.430446946316414 0.0812627888946658
0.00105981746419338 -0.00723393302951154 0.311002757446954 0.557286582227732
-0.085034639013821 -0.000820089453754721 0.560101432305856 0.807893987238352
-0.0863879876032078 0.0607476240552364 0.626589282283353 0.639653147449658
-0.0330432047251598 0.0655357601811271 0.459028585073283 0.375326639797357
0.0212449656301356 0.0609747575077952 0.210468840302372 0.128403592604795
0.0314644464643317 0.042807579850173 -0.0313758210432674 -0.0632171621461001
0.0557178260056287 0.0308365681246105 -0.32876410396604 -0.195359433092534
0.0231966826362066 0.0349957661901615 -0.548978034997069 -0.264213751839791
0.0108335027637249 0.0181080910930554 -0.724220817152725 -0.251513294093129
0.0111200674255119 -0.0124153779778192 -0.716030646878755 -0.193116544488068
0.0157616353557039 -0.0401105484288153 -0.594943924606116 -0.133333152758901
0.0371280147761734 -0.00130724700836 -0.4285535085713 -0.0176314155026972
-0.0108614421773652 0.041322962120521 -0.369455609660459 0.0985458552800639
-0.0961887958636832 0.116798059239212 0.406095473939959 0.113210895629445
0.0385610273843498 0.0800299057568626 0.420953034601982 0.0793281100831968
0.0185948421740977 -0.0236477098787645 0.337053217400218 0.546318507166657
-0.0973217785884925 -0.0223243704095099 0.579850521656698 0.772744484912127
-0.101643144334296 0.0772564692638632 0.636161293273436 0.623215855456022
-0.0216507002220486 0.0951678740311546 0.466339803866203 0.374731357060788
0.0485741988518239 0.0824155865246397 0.219690898085471 0.134038528598279
0.0559425771941487 0.0582177519669061 -0.0137110071333842 -0.0548905724511926
0.0824053581190155 0.0473070738931123 -0.314466576424439 -0.190858467189848
0.0386515561959799 0.0583983798527713 -0.538387630071304 -0.264650625925709
0.00180560729059202 0.0386047877440508 -0.720550589452639 -0.261504322535136
-0.0115617535959835 -0.0247188097732755 -0.722733987469732 -0.217420311364984
0.0208849457602177 -0.060942703301034 -0.591538938117739 -0.157744837079431
0.0537405439789099 0.0096855329330833 -0.423649420626106 -0.0191331971119908
-0.0328935875738316 0.0808642315617945 -0.368090919336238 0.0901606288203392
-0.109464401043787 0.143987805089916 0.413278862485313 0.0775537286110188
0.0518217505831288 0.0858999328087597 0.410009573461447 0.0776225421438735
0.0226536504684887 -0.0372456797984155 0.393562611060619 0.51405828881088
-0.108868739990808 -0.0294118397088206 0.626248016986973 0.699090953305445
-0.104574579917459 0.0919083703345909 0.657594914234247 0.574775041546914
-0.00956233728698887 0.113941925921467 0.486143824423808 0.364594909140881
0.0676755173334003 0.0970165298980039 0.241973205693498 0.142811715025623
0.0756417344230643 0.0694122252526786 0.0140942570791039 -0.0411441629686544
0.101981930226285 0.062881421652844 -0.286111336169399 -0.190117234816648
0.047104691776932 0.077529030767942 -0.517715370811377 -0.27869903349482
-0.00755669391383842 0.0501667497748539 -0.716018641691648 -0.297020921159708
-0.0260376371339869 -0.0358524439340232 -0.726894670596366 -0.275271730104737
0.0313527854164938 -0.0753116169854805 -0.577610984794467 -0.21214645876353
0.0637395946646016 0.0241287169336151 -0.414029128455473 -0.0301987683626062
-0.0565282256979765 0.106414150873705 -0.369886624116273 0.0740745139158095
-0.101365662350697 0.153597644714981 0.413959538340503 0.0370009568615825
0.0576676725432585 0.0772019136319982 0.403980597196955 0.075481957748057
0.0147769284498739 -0.0436450135650905 0.463679207708525 0.456433955649566
-0.11342714800023 -0.0214175824957042 0.674120960985616 0.592840324880932
-0.0967584345486742 0.102110040655293 0.681070653645791 0.507192207977209
0.00207737359318595 0.121401999330169 0.513864720359599 0.346986869301619
0.0766451522395662 0.100431285674073 0.271509333452156 0.1519106321183
0.0828605346296971 0.0736183214447534 0.047806335864389 -0.0234439558972196
0.10963564506486 0.0726676537132218 -0.25294649953531 -0.185304050381485
0.0471496638174506 0.0908505822652434 -0.490561043986942 -0.298686056204299
-0.0170259153533303 0.0550377136157472 -0.710019069759661 -0.35293739803875
-0.0298440217724021 -0.0475976044156198 -0.723483988046595 -0.36771722967976
0.0459097589205921 -0.0765541455024217 -0.552399206046884 -0.290742056493614
0.061373390438996 0.0387559763976651 -0.406267777169683 -0.0453995320110927
-0.0779445248606033 0.110934540720174 -0.373929597683372 0.0512440892655666
-0.0817426144775782 0.14118116359305 0.408595376650958 -0.00241124518129561
0.0530719514261882 0.0589312918562947 0.405049738356354 0.068490563906328
0.00116197389626665 -0.0367067789959964 0.527044869881318 0.378500229606321
-0.107651439787513 -0.00431816152380524 0.709215052497467 0.474825111898109
-0.080140355991399 0.102496703174695 0.700143864402145 0.431311325364493
0.0085761092929774 0.113390912506939 0.543591158928237 0.319913382705139
0.0744183768683929 0.094347524867036 0.303841511877082 0.158397889892166
0.0793729515122924 0.0718678016554786 0.082403266619028 -0.00576416688753373
0.104617924367875 0.075168672232512 -0.216337059891755 -0.176544643874259
0.0384085008081105 0.0912353263012885 -0.458067253343526 -0.321037516417965
-0.0225879858238311 0.0500624717070946 -0.695094821963277 -0.422065877473401
-0.0206266409981182 -0.0528936764923376 -0.70347363998864 -0.480960356562628
0.0565545534287901 -0.0645238808958474 -0.502166928720999 -0.374973813860977
0.0461280499570696 0.0466865100301943 -0.396897914825172 -0.0587300488052427
-0.0891035206361288 0.0942709447127653 -0.376325982477073 0.0238092106782799
0.0616309362674782 -0.0592988628270889 0.381572869196646 0.10177576683137
-0.0328143159706757 -0.0375484713183872 0.42860264702263 0.0796959751959834
-0.0567565777692802 0.0574906081256761 0.447222360197371 0.469132118688916
-0.0273957194125863 0.0851508119483921 0.682745630475721 0.624901908377693
-0.0210993898472105 0.0186545156206481 0.694091322039801 0.505757030289702
-0.0631284207895475 -0.0149449802740983 0.514981260402594 0.322345780831474
-0.0621163940342572 -0.00360180120159558 0.24833243282277 0.136847819094887
-0.0482148838665406 -0.0101407754149012 -0.00696831231426866 -0.0445182422078829
-0.0292679827390282 -0.0229223577263768 -0.29714980843843 -0.196110083442072
-0.0264110239485895 -0.0359034586033273 -0.527414174240108 -0.311161468658445
0.0348191472149924 -0.0341776132046993 -0.72530247148838 -0.35775622583039
0.0806409574828106 0.0272207451649263 -0.718124951848655 -0.327232285887563
-0.000672630415519154 0.0296194591163117 -0.575119926682125 -0.239562672283753
-0.0226954670022768 -0.0357410782861942 -0.431575469502636 -0.0616913707909379
0.0544914737109091 -0.0938807975872311 -0.376593088467051 0.0623515031807126
0.0320893927359104 -0.0163211935122562 0.381895541104053 0.125768771118571
-0.00708631011263761 -0.0158562320167126 0.43285185425305 0.0796028222796667
-0.0439900345032436 0.0311742247592195 0.379811504603285 0.519117649034531
-0.0511218473042407 0.0611891697838011 0.628332125685591 0.72423876107546
-0.0398464170872324 0.033309923537825 0.666550023743641 0.574249339754877
-0.0515653873636339 0.00521407637249562 0.489695344000709 0.345391488486987
-0.036077425664722 0.0120987667437782 0.225976292619796 0.12930677906512
-0.0264691307490722 0.00455927174035558 -0.027524416951193 -0.0574810948179304
-0.00426166210727884 -0.0064357625344998 -0.320808309552258 -0.194897143027106
-0.012808267616933 -0.014451658143247 -0.545494921117476 -0.284801295720141
0.0255988738324067 -0.0201659949623305 -0.729730910182181 -0.297737598305786
0.061094357218435 0.0102597591891793 -0.720617058897749 -0.247560947863525
0.00861908665215888 0.00847172513366297 -0.592530606222674 -0.173609880992865
-0.00510050097945129 -0.0218277803936477 -0.433137967420946 -0.0378938710663398
0.032143209464876 -0.0522464120014449 -0.372407433485463 0.0854962490236859
-0.0131687718110571 0.0312233038282797 0.38656986149741 0.138971688063543
0.0112460766191843 0.0182760733427398 0.434164869247796 0.0787358661848631
-0.0221747205693526 0.00938495831941732 0.332208066759543 0.545302273020729
-0.0705616638789864 0.029712687361531 0.584681466937699 0.785301345234369
-0.0629852567680153 0.0482104718077394 0.647029582914818 0.618124436783501
-0.0418472369179553 0.0337180534070672 0.471563178242208 0.359992153639665
-0.00698170529683379 0.0352908584736706 0.212562535675387 0.124237036921581
0.00211407179923711 0.0222860656513032 -0.0353822974829853 -0.0632900806983519
0.0253049377745846 0.0115991115837037 -0.334399512250363 -0.190920129807414
0.00531152944498578 0.00997973391523365 -0.556052421092538 -0.264185656347641
0.0184133124463383 -0.0013466834086961 -0.72968553362376 -0.256612149166913
0.0359844439579052 -0.00273495216155828 -0.717651100528676 -0.194858485430604
0.0131178370322949 -0.0158152723760264 -0.59682707006553 -0.133834218344057
0.0164239889163932 -0.0118657991034334 -0.43322988538068 -0.0195084932275246
0.0103514389370984 -0.00498218127488924 -0.368615670220555 0.0991783155126047
-0.0608770542155642 0.0776571340332363 0.396001306694634 0.13440074119885
0.024965273420428 0.0534321565541687 0.433613194218595 0.0764472965971686
0.00101163225021974 -0.00788463935131888 0.318871641546352 0.552125341357184
-0.0849390950691732 -0.000479175190571897 0.57150408203052 0.798317324765635
-0.0858321073820681 0.0626166870128487 0.637096700859085 0.631327445289752
-0.0326909889165356 0.0654851567143421 0.46411582716545 0.36899456471172
0.0230455138625277 0.0585638486703144 0.211007154570321 0.123926448979939
0.0307183690576416 0.0409131797013469 -0.0320106413150503 -0.0626698281219126
0.0557742373677152 0.0292518669308926 -0.331870831153418 -0.189212804355214
0.0242758864608164 0.0336060534665769 -0.553207569591764 -0.254272625981182
0.0105041911033372 0.01929638347023 -0.726207141965534 -0.239118760224639
0.0111835964357498 -0.0132418934407553 -0.719852102910999 -0.181000485590857
0.0161101267516015 -0.0393889007255252 -0.597706675012095 -0.12478776323058
0.0376123614835878 -0.00165381859037262 -0.429124995773759 -0.0109268073006188
-0.00986261928653627 0.0421075349386282 -0.366222262443032 0.102123243139336
-0.0948388097968323 0.117540040227536 0.406577144886832 0.109934314103656
0.0385571811537614 0.0786101700753629 0.423059734388863 0.0737950202989691
0.0168226012103403 -0.023991908501302 0.346053068177355 0.541957044648507
-0.0974561651541326 -0.0214189957374313 0.591643039775121 0.764092725843503
-0.0996360403234121 0.0791991502290319 0.645159437266654 0.613181259543811
-0.0199902795234132 0.0941755911151581 0.472648043591982 0.367901848215138
0.0501808174419594 0.0805764722986698 0.220800202028138 0.12996584911528
0.0566391321879179 0.0562329354974322 -0.0141561139055594 -0.0551048879603028
0.0841377769457824 0.0463357895499346 -0.316018617403401 -0.186335041774037
0.0394797381575374 0.0575184389555822 -0.541207018560191 -0.25663282663032
0.00179072639792265 0.038207025309788 -0.723816119270682 -0.250770216824188
-0.0118510605809583 -0.0232931669742898 -0.724631867555557 -0.206282921351254
0.0193919637607271 -0.0599908956264413 -0.593169998526185 -0.149506512147643
0.0546058343431322 0.00970984472600041 -0.423738793342894 -0.0148345520909278
-0.0319312123119096 0.0817777647805752 -0.366035444902657 0.0958193466320465
-0.107434885582871 0.145467993073533 0.414503298914968 0.0731262742715634
0.0515483348077029 0.0852854279328002 0.41266170399503 0.0736491825218286
0.0215912421403812 -0.0372722650818498 0.401928952289369 0.507570334257472
-0.108254705802875 -0.027759361623165 0.635119394026529 0.690237185796882
-0.103186274212867 0.09305358520616 0.667090724952114 0.565011897290189
-0.00740886698713964 0.113417260327061 0.490062350743725 0.358484121820307
0.0699299723398804 0.0939772056751737 0.242412439694546 0.138657547041971
0.0760632610331532 0.068293210289787 0.0139269589637259 -0.0419924096969372
0.102657882549553 0.0600643213613724 -0.289318618496575 -0.184947659867736
0.0481476426219456 0.0768834554470613 -0.521054694787614 -0.269452209732924
-0.00663409882934424 0.0498887699417507 -0.720932636905049 -0.285968490854025
-0.0262444862000597 -0.0350447996936423 -0.731081780796814 -0.264280168551648
0.0313668608917119 -0.0738949048255104 -0.580985609146611 -0.205849974946708
0.0632658691558448 0.0230227793973099 -0.416661863161099 -0.0244001819862501
-0.0556840343230214 0.106251575524923 -0.368109648243548 0.0789414081521024
-0.0996093319774354 0.153923212121043 0.414479028268723 0.0313882659224198
0.0577634002437345 0.0759957490503672 0.405192794406085 0.0713826654047141
0.0143112188170912 -0.0434703217134634 0.471733687227016 0.446632714987886
-0.113079660997569 -0.0189103353286508 0.683481115321582 0.582006286975802
-0.094561593444895 0.102657029487297 0.689419257394467 0.49744152607464
0.00372256866971651 0.119941526045761 0.516670600847073 0.338279646737501
0.0791406442020034 0.097691913797704 0.27244595606927 0.14779223744023
0.0839744085514619 0.0721125717059296 0.0473376461420693 -0.0256037273904292
0.110228123692181 0.0697861873720659 -0.254362662638683 -0.179720120595828
0.0492050472344399 0.0892597826970844 -0.494229785268504 -0.29140780019112
-0.0160845559864353 0.055338669871914 -0.714504501368494 -0.341892767111049
-0.0301764054711198 -0.0474504292974962 -0.729636665848457 -0.357399533600575
0.0443890555866429 -0.0757431738070907 -0.553539159956186 -0.282453186937717
0.0617171617708642 0.0382194273150592 -0.407097316949523 -0.0403907308074726
-0.0753858620128955 0.112254215686734 -0.371429204531896 0.0546686760013694
-0.0797960196332123 0.141271853467045 0.408669114445627 -0.00719938951814185
0.0535618432543825 0.0575269675958742 0.406621190677431 0.0644238479916436
0.000922044892113755 -0.0375034238633885 0.533518063484719 0.371979390836383
-0.108332185443106 -0.00267501045064359 0.715274892333571 0.465530437826427
-0.0779302714129249 0.102912385661422 0.707776128659761 0.422774207517783
0.00940352622453337 0.112577057179636 0.546572801363837 0.311616645926556
0.0758756810588774 0.0923554189489019 0.304436265361067 0.153915758134723
0.0813104181864161 0.0700810184220307 0.0821682212686322 -0.00779709750250194
0.104001520041426 0.0727900815441007 -0.21886013523579 -0.173114864921085
0.0399422163226137 0.0906560364309991 -0.463333356907384 -0.311679244939006
-0.0211174544678543 0.0505738360916434 -0.698082691707316 -0.414058024331829
-0.0196585808993722 -0.0518707473480248 -0.712238590138521 -0.471388539009632
0.0557940785633955 -0.0652405044661356 -0.506457953129797 -0.3663957965626
0.047457849807755 0.0465549736236087 -0.398771621837067 -0.0540758532199281
-0.0864433515670672 0.0951748053056376 -0.374741545844845 0.0263189333873607
0.0603046057396046 -0.0684320927903528 0.386976723875689 0.05897002870435
-0.0273590236287028 -0.0358930266634983 0.436782507139611 0.0272794846467782
-0.0364818220275652 0.0658982383426045 0.496461464885066 0.402996680372744
0.0023159826112519 0.0933979891187452 0.747247202152664 0.532391007437754
0.00149671703897897 0.0258917484179872 0.748775636307425 0.417524860655975
-0.0467705985208503 -0.00587209359609463 0.541154089194973 0.255325381803647
-0.0566570166397834 0.00344515259353242 0.263354886930791 0.103845593740761
-0.0495007171062419 -0.00560132681175894 -0.011255632992226 -0.0436431564015372
-0.036090024263875 -0.018314162995574 -0.313120027344612 -0.166002979631171
-0.0341023521392213 -0.0254869265337821 -0.554629488991016 -0.263439673330648
0.0259953177408408 -0.0297502103643284 -0.755492524068015 -0.284076192092773
0.0824620270758752 0.0274303225924627 -0.748293012267223 -0.263392342950514
0.00347314613630251 0.0397882825283238 -0.595622956752583 -0.187058424764404
-0.0220414169131106 -0.0274967939066639 -0.437719665866911 -0.0216588981531508
0.0464536883824197 -0.0948382221728381 -0.371031173293427 0.0924611006655151
0.0374841143292444 -0.0213723480487172 0.389058660121467 0.0817334078623222
-0.000872595740207953 -0.0180903365500365 0.437922060479444 0.0276398484168798
-0.0277189882111366 0.041288919427231 0.436375602844811 0.462252762250808
-0.0252854648435119 0.0760969821974771 0.708110139177393 0.635552513150005
-0.0140152655626817 0.0440311138489525 0.730089173474843 0.488307076734169
-0.034510470865047 0.0130709333490519 0.519046121615399 0.278868523589268
-0.0302954501686385 0.0153887892868366 0.239948031607911 0.0991322095336954
-0.025773282200505 0.00647917924366127 -0.0314849528962959 -0.0524565836750051
-0.0100491548384272 -0.00403358156316924 -0.337849949189956 -0.162564622675965
-0.0176489953689698 -0.00540513441692111 -0.570018461249422 -0.233765321633978
0.0182369196506507 -0.0148431873958076 -0.753702214003243 -0.225793302619787
0.0622124507419785 0.0138546072751516 -0.741101518535157 -0.183449644389107
0.0106679335085658 0.017816074875734 -0.60481615314036 -0.118811084098813
-0.00244013826624623 -0.0161688088244944 -0.438337762969188 0.00182521569222397
0.028023411208735 -0.0513789401996207 -0.361383584729527 0.113737591710822
0.00111906119817992 0.0315197539186532 0.394545618112783 0.0889428765070737
0.0222500441428038 0.0135189212319783 0.438963979976508 0.0260115440904053
-0.00943898736174695 0.0169806133386041 0.39339985236123 0.495825638436729
-0.0480648217371385 0.0491471211010697 0.672823351761459 0.703172822757585
-0.0361354580123031 0.0630910500377293 0.715038523700435 0.533028739005682
-0.0213020567693487 0.0412372615269354 0.503314021860961 0.296358987114343
0.0028779223674172 0.0351849973084002 0.224540937037612 0.0965059973176805
0.00332657685329065 0.0225716744540413 -0.0423415005800411 -0.0586172827904115
0.0212108686129374 0.00997509671487388 -0.350178564973277 -0.156579874065715
0.00344560269345667 0.0174827360838237 -0.578381599914135 -0.211728625425999
0.0130467733755732 0.00409772861272817 -0.748042440086418 -0.18521538663995
0.0369554808803844 0.00361026660214445 -0.735152756723166 -0.131672873284719
0.0119823525168002 -0.00737583924396057 -0.608625658283484 -0.076403403054986
0.0195322180185903 -0.00728657233567073 -0.43608461574413 0.0190320951790901
0.0122901580581539 -0.00157225631189182 -0.355121589798233 0.127231798651387
-0.039446927444748 0.0826299158393256 0.40225210179744 0.0792399828307976
0.0397644179694587 0.0461842740279261 0.434792726896982 0.0266801814595632
0.0100028502998863 -0.00296360718855167 0.383569361195323 0.505754496563585
-0.0661876094200245 0.0215514731461481 0.665742047513249 0.715652070870079
-0.0566682966856631 0.0803735961493398 0.706449698819432 0.544896665617978
-0.00786155519418159 0.0711288534035989 0.496355904412464 0.306385105347374
0.0358703403810378 0.0555784266093759 0.221295760384281 0.0954757530011705
0.0341782746368157 0.0360597186257016 -0.0386831386531788 -0.0585331177517333
0.0543572795529183 0.0244557796995774 -0.347825193220938 -0.154026820597803
0.0253401794408925 0.039037177979864 -0.576690885054429 -0.203977534005869
0.00905797301933735 0.0254867302720074 -0.74550226697434 -0.170733099333853
0.0103653273923353 -0.00361745487334555 -0.73343388183949 -0.116526871234999
0.0131796694978785 -0.0321885414092998 -0.60680071796959 -0.067466262326245
0.0404601437843916 -0.00136071525704678 -0.4330003553749 0.0270996796625723
-0.00393457957092666 0.047319281662992 -0.352787796606757 0.131989106083978
-0.0681596168386694 0.126637528957496 0.409789350060417 0.0541640831689609
0.0562795794886533 0.0677025540578376 0.423173301901894 0.0249278437642544
0.0242762276552942 -0.0218397053937113 0.408438718201101 0.492129186972355
-0.0821220694177238 0.00129986796985764 0.67982095213816 0.679659624879545
-0.067711109976405 0.0970677943682888 0.713170908676998 0.525676855867472
0.00687601961936365 0.0973006002412631 0.502121625853405 0.302797076292285
0.066695291661927 0.0728353274740387 0.231229258461051 0.0992459290025938
0.0617472143065756 0.0490183643572188 -0.0194617801797769 -0.0514317142395853
0.0845103404051246 0.0369731378161615 -0.333687047602176 -0.153724602401712
0.0434086433914171 0.0592412331675197 -0.565541303749078 -0.207196912165219
0.00326996075395908 0.0442017325450297 -0.741290018349946 -0.180353762268487
-0.0137088953365826 -0.0111786076525955 -0.738271959354368 -0.140659466243451
0.0161731271640683 -0.0527498692998182 -0.607111251591275 -0.0916806014716393
0.0585588090445152 0.0079878216103962 -0.426502944354042 0.0228539428746151
-0.0215817547534409 0.0884422182455194 -0.351501429571376 0.124780527529643
-0.0767259770082796 0.154666973495013 0.410983140449236 0.0145290925769069
0.0706614983360543 0.0729270921686221 0.412601544049158 0.0247930066415848
0.0271268181197094 -0.0361846418460364 0.46037043718668 0.453323628406816
-0.0938718650996943 -0.00446129212621655 0.718380097262346 0.599625628769223
-0.0698912694189721 0.111039704942762 0.726310148069078 0.476445022923516
0.0229802390432269 0.114933898468766 0.519665984377303 0.291730720616901
0.0870723706117731 0.0833875900325456 0.251310958934753 0.10461240020257
0.0818976898271621 0.0571989175406057 0.00718770038405435 -0.0422284073843994
0.105577117031703 0.0487269595486276 -0.305122604490003 -0.154473817859314
0.0548122372416678 0.0767828006390137 -0.545927940400242 -0.224173884122373
-0.00432201326197753 0.0583276374160712 -0.743432996639586 -0.215866868639567
-0.0314078727541867 -0.0200771754246185 -0.752473857179605 -0.198329365689171
0.0229759095127013 -0.0661869393481307 -0.599131718356859 -0.147728739921227
0.0684880895372473 0.0205878255281895 -0.420113989931148 0.0110640376656697
-0.0428240620972374 0.115510233439924 -0.354549055146125 0.108911039885328
-0.0688971014075799 0.161001410476438 0.407109212034827 -0.0240759433811553
0.075210757257204 0.0629090560085768 0.407532685958313 0.0226874031697642
0.0201307890002707 -0.0430660282409419 0.52078969371581 0.387230880393242
-0.0971949316698547 0.00158779519831408 0.751250956563973 0.489254837100217
-0.0600526024481571 0.11757277563032 0.742204284427003 0.407031242265147
0.0343093188532882 0.117781316397758 0.542529566908587 0.271084671568754
0.0976564438665582 0.0850321392228457 0.281363084214908 0.110223855455363
0.0900035740540999 0.0603559024948529 0.0424408748080745 -0.0299437311428879
0.113872636697955 0.0576319896928973 -0.271031208412041 -0.153782360847699
0.0554162434529039 0.0887580670284406 -0.521915397811986 -0.244549049328069
-0.0125376526426053 0.0642692811298313 -0.73948048776605 -0.272231598129164
-0.0379185966247486 -0.0315910826560264 -0.757534120698464 -0.28879509645198
0.0350350908998766 -0.0710383011174074 -0.581283639529363 -0.227020205357159
0.0676144026720001 0.0350763819556322 -0.412087677259676 -0.00559935057662091
-0.0629451613248845 0.122547449562726 -0.357050094587248 0.0853345241692392
-0.0514367529663743 0.145301718524076 0.395466855158629 -0.059868956570951
0.0669784990359502 0.0446718224670827 0.407513513771498 0.0168724786570637
0.00741576254394125 -0.0375523163813039 0.573553608977352 0.302143801859463
-0.0899082007020495 0.0157991885911024 0.768432381313778 0.367373610824342
-0.0437229686078989 0.113905938758007 0.750745660027785 0.328091775823675
0.0399720256719459 0.109387183481077 0.569855028223447 0.240774899186373
0.0936439852932613 0.0819146389098592 0.314924301979653 0.112627111720469
0.0874214399297836 0.0585242101543903 0.0791654033112649 -0.0162305444308655
0.108879960843133 0.0606728582697541 -0.234052312478003 -0.150836020029237
0.0476965642508051 0.0921947806558424 -0.491135567571957 -0.270645492851896
-0.018745848170847 0.058735515555061 -0.729849994376562 -0.343972767978773
-0.029797883946649 -0.0361877961613546 -0.749260676693175 -0.402190368726084
0.0458883510387351 -0.0613521966556541 -0.542024072729677 -0.317588469713839
0.0536869364410769 0.0448380299786138 -0.403472272305961 -0.0199696313168507
-0.0758753417992919 0.107122493719296 -0.36613927067363 0.0588186519248237
0.0594999446811589 -0.0684277823083887 0.385810679249227 0.0561512973452675
-0.0276738532678564 -0.0353094148134591 0.436258839631781 0.0225785372509173
-0.0351607396996403 0.0651671041843427 0.501999070448084 0.393920515272336
0.00324096251253359 0.0926165728680626 0.751596958959667 0.519476793062407
0.00190018208800007 0.0253490829517916 0.749294542387415 0.407478181130412
-0.0467639801588889 -0.00490724479768228 0.543111024154997 0.244468562258772
-0.0565181846121101 0.00326110898001716 0.263898654886385 0.099645577303809
-0.0491375984513533 -0.00520272800321782 -0.0104706358474505 -0.0427761290108349
-0.0369873647325593 -0.0174771850438972 -0.314205674520091 -0.159746668428908
-0.0339712439394308 -0.0238429879967054 -0.554512461278556 -0.253411539585544
0.0253070410862184 -0.0305394106362944 -0.754392716034336 -0.271622201895361
0.0817167597542915 0.0265779324854705 -0.747964208291 -0.251112617450347
0.00453858109381876 0.0396301480782875 -0.597282149621505 -0.177106819822064
-0.0217442603110597 -0.0270232151791911 -0.438665287786118 -0.0165532757730751
0.0458714809783372 -0.0938024257833308 -0.367815227024301 0.0959607491481507
0.0375966521044062 -0.0207699551237946 0.389140566822712 0.0763392352020181
-0.00190056958124325 -0.0183326666796537 0.438867680450242 0.0231143935044861
-0.026829968420302 0.0400065607992821 0.441862547330308 0.453201080922833
-0.0238002137401253 0.075737470981373 0.713851018647167 0.624142401979325
-0.0144124217188892 0.0448728748249935 0.733153270984204 0.477497383164
-0.0340216489410391 0.0134669976488706 0.520982092601417 0.271507973223511
-0.0297946456681644 0.0155278003338322 0.239353027250304 0.0950683983405979
-0.0259671499710622 0.00675774805076465 -0.0329236614678686 -0.0524796431629319
-0.0102302984561723 -0.00441287455669077 -0.338276761145675 -0.156402135908919
-0.0177206489577597 -0.00488101925439363 -0.571866310034953 -0.222400579431182
0.0173268610201405 -0.0145130259342492 -0.75450790330235 -0.213016677573917
0.0629314388117527 0.0123113568082659 -0.742487053555421 -0.171998615648271
0.0119300788066151 0.0170460411445555 -0.606285052827532 -0.110863999401749
-0.00299991320402483 -0.0167634766395849 -0.438134331148422 0.00747554903186694
0.027685946128677 -0.0514633330710579 -0.359359679665081 0.118414432136623
0.00135026793156559 0.0312230322871718 0.394846849262081 0.0834578657013023
0.0221138966868289 0.012394341060033 0.439658629509092 0.0229226360017275
-0.0100879937918113 0.0167846911639658 0.401307148264395 0.489395538016393
-0.0476537025850439 0.0492299786207281 0.680110110752301 0.689235885142135
-0.0349875827953093 0.0635310231158953 0.718802943884354 0.521100555333753
-0.0209676281465972 0.0410290606556051 0.504526248658088 0.287988430964972
0.00381864024570004 0.0328948114028386 0.224676865780348 0.0908285850673653
0.00382987554826129 0.0205842083177502 -0.042105534713963 -0.0583802842756145
0.0212919257913147 0.00936524396348384 -0.351026214541497 -0.15014009857156
0.00404226333412354 0.0169795371045982 -0.578884507000349 -0.202130286802757
0.0131324952084592 0.00524687105137959 -0.746720411526075 -0.1744318447775
0.0378326654276616 0.00307186866089548 -0.733753257253342 -0.121523383701247
0.0135802349032644 -0.00772658700085048 -0.605297783334109 -0.0687375464736263
0.0189536769258449 -0.00851446943618047 -0.434708394854723 0.0248504168718532
0.011934889114192 -0.00153363584905345 -0.353411897471985 0.131798872847655
-0.0384590569332669 0.0828491331343628 0.40147117151099 0.0745223876266438
0.0394174618074947 0.0439708846095949 0.434567013382698 0.0209387826710581
0.00973365280990382 -0.00372445802082243 0.389907277525493 0.4987951775983
-0.0657967805265118 0.0227943247545034 0.672103890379589 0.705647320383704
-0.0539933896363912 0.0814728629854923 0.710903691457386 0.532968640026673
-0.00601357580131251 0.0704862313741578 0.498522632798691 0.296993620051937
0.0377152306018802 0.0534612915728777 0.221702635988716 0.0913425430521948
0.0348949288913187 0.0351513702054153 -0.0390658144331713 -0.0576084010172513
0.0551307484408539 0.0224724359782668 -0.348988354186868 -0.14852558656207
0.025268317004324 0.0373344626697059 -0.576978046389538 -0.195804793393307
0.00883422385566147 0.0253397229595479 -0.742504100222313 -0.157139943525503
0.0096851423564114 -0.00380766705940132 -0.731984277196343 -0.105133211844551
0.0133291309033569 -0.0310463091413556 -0.607047755101378 -0.0588480705352299
0.0410041795362458 -0.00170793012628181 -0.431050647291835 0.0319975767499378
-0.00235739496700443 0.0476198445500569 -0.349723212292004 0.134511771679447
-0.0661930429697494 0.126945636868009 0.407034629807116 0.0481025044743646
0.0557349481045073 0.0669398849316994 0.424113811027629 0.0200276536825175
0.0232381875482473 -0.0215570717870484 0.414693965173376 0.485616247203362
-0.0812475094972882 0.00465780435143529 0.68863243298113 0.667519560392451
-0.0661565725751001 0.098600164564026 0.717274094565078 0.514742669717204
0.00836561952026407 0.0965462317181177 0.504820421877145 0.296265319353362
0.0666860872815306 0.0700273001267217 0.230730473115215 0.095497211904496
0.0617466437394535 0.0469255155787872 -0.0199344933012691 -0.051952692980941
0.0839339449693323 0.0350601033069295 -0.333245052120725 -0.147233961234004
0.0443783399624684 0.0584146818585562 -0.564725203323077 -0.198139820142784
0.003937783789548 0.0432566245861614 -0.742501936135566 -0.169485924959699
-0.0138831938537197 -0.0105256917420939 -0.74041936946837 -0.130234426989552
0.0155743840422904 -0.0517887664170589 -0.6042097698072 -0.0835387699804622
0.0577420815554599 0.00704388662762746 -0.426669678766581 0.0292249203845441
-0.0213201208775898 0.0883523908957528 -0.34810487993768 0.127330033414643
-0.0745335459644344 0.155071778525947 0.410338073568187 0.0113086176556005
0.068751007005125 0.0709367537385593 0.412299149419532 0.0205876607424429
0.0262973978529636 -0.0367156235127728 0.466052465308208 0.445835838807583
-0.0917587359858532 -0.00256616029867184 0.723548153844704 0.589377929549988
-0.0675103473678636 0.111510865786689 0.73153969599269 0.464146327527374
0.0239068761909973 0.111989150568902 0.52109258699704 0.283589086380457
0.0869939592756141 0.0802324586296302 0.251087828374519 0.100896888329387
0.0819893483872471 0.0552789094236857 0.00840157751715546 -0.0418881661623214
0.105182412959845 0.0466632131466597 -0.304963538147551 -0.149443398032958
0.0559622799060598 0.0753750097715581 -0.545546032140529 -0.215431222453652
-0.00351088100829964 0.0568522376272125 -0.743111078529663 -0.203895747442267
-0.0312650207788277 -0.0206027613043931 -0.751877822439736 -0.185290574011461
0.0230537628337715 -0.0658191468611854 -0.600499646784182 -0.139739243066303
0.0681831330029917 0.0203394280094201 -0.420152081629966 0.0158283934778266
-0.0413635475340574 0.116083471764296 -0.351362137681281 0.111484972068438
-0.0657251154501906 0.161050230520308 0.405136767962283 -0.0285114176507387
0.0734609265563888 0.0615465163815201 0.406709985985729 0.0183964871539955
0.0188050521024046 -0.0422115514143736 0.525434351319317 0.376175316107589
-0.0955696294661494 0.00427872630106609 0.756024421972557 0.477641993547569
-0.0571760375272196 0.117319140352295 0.743852787583939 0.394321917784633
0.035302751292988 0.116430647952022 0.545535320089554 0.263343605093283
0.0989328455200715 0.0825044565179548 0.281866963160241 0.105927678552895
0.0913330142375839 0.0582284620644916 0.0425478509584726 -0.0308174755379108
0.114171173502185 0.0542661551979809 -0.271627374067972 -0.14831900775578
0.0572417900094911 0.0880376013535815 -0.521278465638689 -0.236922871423362
-0.0123657444258008 0.0632953477291331 -0.740922213229973 -0.260932945212474
-0.0364615256090998 -0.0308070234970041 -0.758867077914973 -0.277745115213037
0.0350994107295913 -0.0698866000415029 -0.582175484487127 -0.21886303573902
0.0673970346832915 0.0347563065563554 -0.409905555397108 0.000341616403658685
-0.0600725078506059 0.122976300459574 -0.355876612346549 0.0885218832929506
-0.0489902153950637 0.143785818047331 0.393802108373923 -0.064259354588669
0.066736375216852 0.0442526294236989 0.407138757753246 0.0115028664329705
0.00638952545932694 -0.0373962569549057 0.575575166659175 0.292799673924324
-0.0879493680388472 0.0162330598041553 0.769309393616051 0.355286181962322
-0.0421312915802022 0.114139809515047 0.753733102413249 0.316765045706391
0.0410251390955402 0.107590784153948 0.569057009883328 0.231792620351919
0.0949603753559434 0.0777392975485682 0.31531433751218 0.106741250820951
0.0867310158701481 0.0558356265738919 0.0789006902349788 -0.0177278316674627
0.109617589073663 0.0580685692828167 -0.235144169443646 -0.146444214726161
0.0488516339207169 0.0895503497230154 -0.493685603748489 -0.264376210945524
-0.0189081388031212 0.0598443132740447 -0.732589159295427 -0.33244360254536
-0.0298050918692338 -0.0364344815383415 -0.751915401211495 -0.390889347131987
0.0453061751554479 -0.0611879998161886 -0.545538983580307 -0.307461081148049
0.054084573820353 0.044334053536131 -0.403860239495556 -0.0150836400829703
-0.0729304905529113 0.107111070100202 -0.362472687560077 0.0619303982089563
0.0581690613740222 -0.067716027888125 0.38476044013764 0.0502119643104474
-0.0282144585901332 -0.0352232467214407 0.436167502281704 0.0161067288429804
-0.0337678795947273 0.0637414270834879 0.503882582103058 0.385462301019154
0.00528812835721486 0.0906824635315976 0.754620264567946 0.507641818098382
0.00208005139546423 0.0255820543200114 0.752773116556937 0.394664466312847
-0.0465211726383617 -0.00447585696993417 0.543196776047196 0.237192697153609
-0.0550406842465917 0.00345662667229961 0.262765244684388 0.0951750904798813
-0.0488173589892323 -0.00445117520240854 -0.010561743491495 -0.0420117606193973
-0.0365193248381503 -0.0167468947642025 -0.313614885060829 -0.15360215574289
-0.0345930314732746 -0.0232901498299178 -0.55508079158615 -0.24234376428129
0.0238122648205242 -0.0294337005088525 -0.755690043438684 -0.260266351029481
0.0819864736477854 0.0254805344441357 -0.748858177001068 -0.239588846454193
0.00489932892470275 0.0386552061157074 -0.595472407904193 -0.168272733577731
-0.020878986238553 -0.0257337848965003 -0.437275083888551 -0.0102418907572538
0.0436351937738077 -0.0936048503209729 -0.363233470664662 0.0998470347737384
0.0373440981044709 -0.021379432282356 0.388289949564248 0.0716609680179796
-0.00129140890400808 -0.0168182021224057 0.438857068735695 0.0184612949893569
-0.0262628927904242 0.0397260894336931 0.447773954145051 0.445443581075279
-0.0218200717048056 0.0752998767780433 0.719192429194525 0.611777966187027
-0.0141575886136497 0.0441357015635436 0.737364022218314 0.466319929357593
-0.0341452634206596 0.0139240560282467 0.522814659986763 0.263320802084318
-0.0278115057461169 0.0156692307676024 0.238019804720687 0.0904563184303008
-0.0258197195602483 0.00729544605468958 -0.0324316808947727 -0.0511776214923296
-0.0108213884547212 -0.0053513661389597 -0.336784827603334 -0.148567676116457
-0.0165889175521918 -0.00459498346267307 -0.570744892292022 -0.21605720110196
0.0180218799501594 -0.0143973749308628 -0.752376375649713 -0.202414680844142
0.0621418686614156 0.0118360784497352 -0.740271313922031 -0.160345023324096
0.0122982021254847 0.0165173875710497 -0.605286227617741 -0.101357305237136
-0.00274512148800944 -0.0153355505460638 -0.436915372365198 0.0129401624841529
0.0274877231824421 -0.0501976436575483 -0.357452947717901 0.12134265585584
0.00215595424987481 0.0312750266742368 0.393511183505284 0.0793083605076084
0.0213464840598548 0.0120084727035414 0.439618642461712 0.0168111728035921
-0.0103420085557248 0.0158434935263533 0.404605420939107 0.479765008725645
-0.0455603932587562 0.049649266806952 0.68676485561353 0.677382150489261
-0.0338760092844932 0.0637581323042317 0.721423935982229 0.50897814875341
-0.0206362160363643 0.0398757388277514 0.506438647913332 0.281520891939314
0.00452816508518052 0.0328779755031327 0.224396431320525 0.0876940557437118
0.00526311305803188 0.0200786208708055 -0.0419494809653766 -0.0570311321640955
0.0211289544317432 0.00888275053916233 -0.349032124505358 -0.143754625458819
0.00448561871506202 0.016995028639976 -0.577635732005243 -0.193461906440222
0.0133834564878213 0.00509794906174623 -0.745566620749261 -0.162783146960067
0.0373729901140335 0.00290758049348692 -0.731752663331617 -0.110500087899911
0.0140710454032989 -0.0073443770805312 -0.605210876529149 -0.0603972740821116
0.0187381142731509 -0.0082074496556873 -0.434478066537311 0.0305161761442195
0.0116057232615068 -0.000819576926993588 -0.349587452433299 0.134994204181692
-0.03646132961094 0.0825044013344872 0.398881903391393 0.0709957343200232
0.0385700202084075 0.0437944574438348 0.434240118171169 0.0159597226016747
0.00902384186259832 -0.00358353929747411 0.396516842744276 0.489804157903042
-0.0652087258920395 0.0240205652965551 0.678328241741403 0.691683417969558
-0.0531179621235639 0.0813942699786067 0.714973642494686 0.522007692253142
-0.00603164506641683 0.0694867415127116 0.49959280611029 0.289584480319144
0.0379750064532593 0.0521255361764382 0.220539821676653 0.087783289361053
0.0344871336920419 0.0339672650033421 -0.0376619873016441 -0.0561545912914962
0.0543461958444577 0.0203715814142553 -0.34638427491855 -0.141962712454566
0.0267075116094848 0.03807752632878 -0.573540233761294 -0.184492133123574
0.00943995585182891 0.0257173448038673 -0.741155348128898 -0.14777049709168
0.0106483033457908 -0.00395775788285247 -0.730446947039462 -0.0961246645335569
0.0121714081306512 -0.0317936152862996 -0.604988789633125 -0.0498895272854986
0.0403586779844942 -0.00168464481500286 -0.428655213347845 0.0382356749169164
-0.00252814867054243 0.0467196054749678 -0.345489444919171 0.138146598660502
-0.063161675841595 0.126236189697583 0.405716492558445 0.0430810199526166
0.055096833151058 0.0659331885540207 0.422890536108596 0.0159000655087704
0.0222652051030596 -0.0223344509330387 0.420331514366739 0.476918257314132
-0.0800836580745223 0.00456580975200533 0.693173745082142 0.65487478415874
-0.064703778446681 0.098569128132171 0.720400845804724 0.50127053915489
0.00967056429494463 0.0953435283397384 0.506153350166954 0.286778904042741
0.0680348326339544 0.0678221860951598 0.230758118482537 0.0915147022673167
0.0622187367216738 0.0455342195274928 -0.0202290824768973 -0.0517793888252533
0.0833503292616622 0.0331307201749093 -0.33271483035071 -0.141042710655219
0.045291270072916 0.056641700199339 -0.563781914148327 -0.188978847297915
0.00417005358723194 0.0439815824751818 -0.738351976291976 -0.158381188560999
-0.0133016355760793 -0.010395176880665 -0.737889816053577 -0.11729515484795
0.0145385460442227 -0.0515221828771499 -0.6037417723477 -0.0751513780428293
0.0581148335586084 0.00676393448055199 -0.425446501613381 0.0348714276861206
-0.0196499174258661 0.0878747284330609 -0.345654349288308 0.130259537077654
-0.0712446227593243 0.153668697170461 0.407576938299832 0.00520729165361832
0.0684338008210765 0.0703642465928338 0.411765024484824 0.0159926694023906
0.0252056128946255 -0.0366638817083456 0.470141383949193 0.434892941452939
-0.0911100441255258 -0.00299915344783547 0.727927395640619 0.57566412141405
-0.0641314261249736 0.112210272117447 0.733912569248147 0.451283996287984
0.0253734584537414 0.111602702187122 0.521653220847605 0.275721868595742
0.0894399257952732 0.0776242262230853 0.251816309375339 0.0970035028818933
0.0822184172035359 0.0533693561953845 0.00727885243329264 -0.0428319073193268
0.104323598251363 0.0439986652164757 -0.305316455770964 -0.143258148947826
0.0566426128042785 0.0744915475832076 -0.544067669254159 -0.205052335004722
-0.00285700762712085 0.0582237568977267 -0.74031507814007 -0.193804140091937
-0.0308732829838428 -0.0190371648606685 -0.751307491118267 -0.174988628846532
0.0222842447870571 -0.0659185827324508 -0.598940722423828 -0.131235493533413
0.0674680562071848 0.0191290207285901 -0.418321579210686 0.0217400143526674
-0.038710459998257 0.115458653780994 -0.348300509946091 0.115066628854605
-0.0635132536405802 0.160357932277288 0.402088147271768 -0.0333395728970049
0.0735153003177957 0.0598115310920231 0.406791327258549 0.0140600617444469
0.0172519406015301 -0.0423448563438824 0.528726510716296 0.369427068074541
-0.0945718446298667 0.00441107411830868 0.755978731001456 0.464888076237862
-0.0553244703845085 0.118315372890796 0.747558201282611 0.381221447149651
0.0371158065454709 0.113912452169882 0.5443438050615 0.254395642284131
0.0985565619882713 0.0799733964156316 0.280312278625876 0.100555399868825
0.0902711282885847 0.0571625566499842 0.0422566748089911 -0.0309497911619706
0.113676425647784 0.0516293968590002 -0.271863759746869 -0.14352603019483
0.0579895222955251 0.0854291869715636 -0.521215136562853 -0.230104176778188
-0.011427554428599 0.0633008964746931 -0.740551316888412 -0.249068945232906
-0.0366898774589048 -0.0296784258507093 -0.758650272217082 -0.26558749668041
0.0337202370060548 -0.0694440766078416 -0.582260670872378 -0.209726397810566
0.0673105157406034 0.0336438524868696 -0.409837745884514 0.00375326094622524
-0.0580008834843297 0.123169555249601 -0.352481126415784 0.0921731622013385
-0.047055445331196 0.14327010105153 0.390076216551362 -0.0685005945790062
0.0656860953671539 0.042692122821298 0.406692388280793 0.00621428007915595
0.00516526650655822 -0.0371888531308976 0.578111427928949 0.284517911202057
-0.0871739768807355 0.0180914472439784 0.771428117256125 0.345334698126231
-0.0387370741905158 0.1145430313754 0.753968380067419 0.303611542437874
0.0423140311824123 0.10566975957039 0.570839710094353 0.223153791275779
0.0953765448102479 0.0745096245661572 0.313442089404373 0.102408954829932
0.0875847792479845 0.0539319136498318 0.0782455609902453 -0.0186967817247981
0.108947621138494 0.0551802195010877 -0.235201977665188 -0.141118798860063
0.0500616906655633 0.0880872583038384 -0.492680296074848 -0.256093844698777
-0.0178736925663913 0.0591018220179608 -0.73470276638146 -0.320607638127193
-0.0298256445791813 -0.0356599702326002 -0.752225415800294 -0.379165947848891
0.0438021906512296 -0.0608505652680874 -0.547155186596853 -0.299850895549856
0.0541370038203097 0.0432252926044432 -0.403116328000092 -0.0118324282322953
-0.0715128606078033 0.107717154234321 -0.358125899921573 0.0661643220852429
0.0576306975981622 -0.0673220816963289 0.382755345799013 0.0452070198431767
-0.0289321385785444 -0.0342606264388704 0.436862423558772 0.0128156390361595
-0.0331141709864892 0.0631520304369654 0.505767462614188 0.376833843270003
0.00665488568752974 0.0898568339409199 0.756780392339701 0.496044195534229
0.00275918767802374 0.0265275698296602 0.754356581020414 0.383724976243767
-0.0461882746373379 -0.00404162911277139 0.541617947437521 0.229545999480093
-0.053443129756765 0.00330857889958315 0.262261782308376 0.0910674230226759
-0.0488688159641722 -0.0038406584160259 -0.0106390906295519 -0.0421001186453113
-0.0366629851337008 -0.0168394548090797 -0.313035155419017 -0.146448709650966
-0.0330990525310377 -0.0230372299415644 -0.552578224359391 -0.23489649681541
0.024104087611071 -0.0292999138510626 -0.754934737439807 -0.249271129708434
0.0817773365217758 0.0234069382726198 -0.747063016397711 -0.229083508496211
0.00634182431334709 0.0387221035647827 -0.594485464027378 -0.160584302239157
-0.0216225703862192 -0.0247417841812489 -0.43477575905196 -0.00595171347080941
0.0417400776503928 -0.0913324697857673 -0.361167650403347 0.102740829132783
0.0374258479067983 -0.0207856816074998 0.385788011750364 0.0667824634077024
-0.00171925724374545 -0.0171684339624508 0.437265933874468 0.0129509916759988
-0.0265092064038545 0.0389450720559295 0.449000481277833 0.437639378930383
-0.0208258554697689 0.074584784573961 0.723682644103729 0.598959769107839
-0.0129987566803687 0.0453443938958866 0.737758212765002 0.453619803551914
-0.0330117520847366 0.0142935560569939 0.520114879411645 0.255970497206767
-0.027253120264409 0.0137471806914603 0.237006698122962 0.0869901659611666
-0.0248437671949808 0.00691094684535351 -0.0319845355852772 -0.0513372110630172
-0.0104075975413137 -0.00443155048999993 -0.335703400587394 -0.143989862794963
-0.0164609168287213 -0.00361942395917197 -0.569260979302205 -0.206514291129563
0.0166049473944325 -0.0135951957030029 -0.749532438821416 -0.191247106953972
0.061475931075053 0.0102763905969642 -0.738243532851345 -0.14891831882243
0.0115617974440791 0.0172617591074347 -0.601053082421123 -0.0940417509061736
-0.0019038876786972 -0.0150882483056444 -0.434456330226893 0.0178344126714724
0.0252046067753238 -0.0491816918740544 -0.352683208149368 0.124802516919715
0.00266419356073901 0.0300949622811804 0.390108776803806 0.0757822981861725
0.0204730717853333 0.0117109464492306 0.437023237748156 0.0119424589255675
-0.0107274197575459 0.0159726554573647 0.408628587358937 0.471905922499105
-0.0447030054302337 0.0492688880419654 0.690808675843992 0.664093334726644
-0.032294364026449 0.0643797049088484 0.723518117059859 0.497303260308898
-0.0199899552071134 0.0399339435882149 0.50523149257411 0.27348837933306
0.0053635092271638 0.0306459382109883 0.22340289229589 0.0838426667253294
0.00463996998244248 0.0205745052921287 -0.0415784881327041 -0.0566048274494953
0.0219627009241509 0.00824115938971079 -0.348770837862519 -0.138409052086931
0.00512525666822918 0.0170815974101911 -0.574937543289331 -0.18354970286733
0.0130871482934201 0.00415834803004371 -0.743123940699768 -0.15022961738501
0.0370352731637495 0.00186004974169621 -0.72939207637779 -0.10000243695134
0.0139124100737276 -0.00655789148869187 -0.601672287582982 -0.0527334201110845
0.0191272912187275 -0.0075940215731651 -0.432241432685706 0.0350199780033784
0.012225162292977 -0.00112462737928606 -0.345753285180532 0.136795046346613
-0.0348892928339586 0.0825172320221092 0.397598428080319 0.0657329536254182
0.0390891392910734 0.0430145558159054 0.433794543304693 0.0121628655663321
0.00854678281869219 -0.00452246714731549 0.39900945232202 0.483071073568918
-0.06379697643761 0.0237005704608014 0.681222419172737 0.680542578000705
-0.0508022946677832 0.0821069890536124 0.716434790680558 0.509289095709054
-0.00507746305070426 0.0682916783159733 0.499654636598924 0.281333397383215
0.0385794049307521 0.0491936928474814 0.219718565498894 0.0842856187746261
0.0349106570525815 0.0325238703580801 -0.0376612636206386 -0.055694432173705
0.0536501275978951 0.0197322771717788 -0.347056778917544 -0.136025336119938
0.0262384309960242 0.0375131665331631 -0.570910494790779 -0.176601629713536
0.0101442304157455 0.0256157382722247 -0.739724081152724 -0.137344839930576
0.0115097999623204 -0.00360020225251126 -0.726908818644843 -0.0867290729919036
0.013181807973803 -0.0309516378986981 -0.601630735549131 -0.0423389774046552
0.039966768985006 -0.00209390142837392 -0.428098037941023 0.0422354680979304
-0.00229284567961387 0.0472573261251237 -0.341712092052828 0.140029743891279
-0.0603160886956209 0.125274783007887 0.404110018954797 0.0384601092143042
0.0551247111057844 0.0631131954921822 0.421362655045877 0.0107731260233981
0.0208392753962047 -0.0220622759351566 0.423907209808717 0.467225593855371
-0.0791320072518879 0.00582662526569346 0.696281169220412 0.64375890504753
-0.0624173721084934 0.0993497387215623 0.722067162742909 0.490089121075014
0.0101644654223953 0.094106307807641 0.506729844605023 0.280803662864858
0.0678180024658358 0.0641191966689026 0.229129955934159 0.0885405262118761
0.0619759748440182 0.0441198804762548 -0.0197379006176613 -0.0509817574990716
0.082979249134297 0.0317216668664962 -0.330631272067028 -0.134868691101923
0.0464636451678231 0.0557860891201986 -0.561051655421913 -0.180898087562247
0.0048789532767279 0.0434905209117961 -0.73678450469287 -0.147775648559999
-0.0135373088594141 -0.0101208801811277 -0.733572670748679 -0.108066473583047
0.014713274664168 -0.0505120848655331 -0.601482595137188 -0.0667180722418123
0.0567004708219882 0.00623811587026354 -0.421780254348921 0.0383150008861833
-0.0186737218014757 0.0877445539251404 -0.340086393259876 0.133988794473748
-0.0687429081088076 0.153427772115988 0.405348829484317 0.000724771632216191
0.0680836075381941 0.0679066436978542 0.411778952951762 0.0118473053380647
0.0231780985243744 -0.0363594671758814 0.47341923113488 0.428825814543698
-0.0904252104796258 -0.00087629694453413 0.730161751719476 0.563003999990265
-0.0627728629002109 0.111768630536933 0.733842556948818 0.439663332077313
0.0258446904693278 0.10896076367014 0.520469315698217 0.2682018295218
0.0890219086582238 0.0747290220309739 0.249348985285161 0.0938183895524635
0.0818035280337841 0.0522798602891999 0.00819922114901916 -0.0426444474709666
0.104146482948664 0.0419653021800189 -0.304645728781896 -0.138028608885358
0.0572384431391203 0.0734852697272299 -0.543824900443404 -0.197599220152466
-0.00133639102569668 0.0575262345794837 -0.738089261746647 -0.181568448764565
-0.0296767722400367 -0.019928664403385 -0.748475853800227 -0.163836015021029
0.0214288471801488 -0.0650861445539423 -0.596830690758176 -0.122228037757071
0.0669072175078064 0.0183327644124911 -0.416017027231028 0.0254457963418641
-0.0368982763156874 0.113617229764952 -0.343460531486312 0.117211373152688
-0.0610156778982699 0.158357479948529 0.398680351724633 -0.0375924200128504
0.0719977054423563 0.0589621805290697 0.405654715664553 0.0100505442510945
0.0163365461983449 -0.0423538957005212 0.530300354935674 0.361919610457212
-0.093709564040261 0.00500972213649606 0.754625871298459 0.453955065184593
-0.0521091272451804 0.117249468646776 0.746444823249969 0.368987968747692
0.0375276689113399 0.111858858728065 0.544230257192399 0.246294052154294
0.0994258639161456 0.076318084963932 0.278800862753214 0.096854916524793
0.0899596267299482 0.0546106971434934 0.0423964245673792 -0.0320447343076545
0.112740756053184 0.0495813206176296 -0.270449037156896 -0.138546806780063
0.0586828267659886 0.0847546386110591 -0.52049090957803 -0.220965686148502
-0.00990690209337743 0.0622181666490796 -0.736988726947985 -0.238088303572822
-0.0367423486695002 -0.0276759190489088 -0.755343319258614 -0.254345047804311
0.0323281882685583 -0.0685644293461159 -0.58143110851319 -0.202188126839795
0.0660679040603102 0.0326707577324473 -0.408757340273528 0.00774280355340594
-0.0563755564158728 0.121681380770933 -0.349510740985258 0.0950357939735923
-0.0450773079173329 0.14280570299012 0.387715396946173 -0.0730310616695843
0.0646053196314366 0.0413482852445707 0.406595188226266 0.00222919435032887
0.00347320748102519 -0.0370950223978248 0.578119724839765 0.275442133428809
-0.0863933205461184 0.018094380195902 0.771583410189367 0.333670727096366
-0.0368739117340968 0.113768661694101 0.752803640538409 0.293844699768976
0.0436991727241328 0.103936454717089 0.568899962543255 0.214496232501113
0.0960285437427141 0.0709034481563284 0.312251458732523 0.0983635577298207
0.0880518818482191 0.0523137347264772 0.0781049464840779 -0.0203248739496232
0.108802485657008 0.0533351542742364 -0.235102372699122 -0.137132047746016
0.0509231460253717 0.0868771098099695 -0.490715181358159 -0.247045313090123
-0.0166027512125882 0.0590066321698184 -0.730648641531694 -0.309563185595455
-0.0296911276849418 -0.03515685744795 -0.752451046989614 -0.365472521359324
0.0434643276662212 -0.0596129295188561 -0.546528086493767 -0.28894249912857
0.0543001911797908 0.0427069033688309 -0.401240688542981 -0.00683128000811082
-0.0691896895756711 0.107235744111931 -0.355158355545706 0.0699029910465045
0.0572806273417671 -0.0663188198363765 0.379208656509038 0.0411901976136521
-0.0289263272560714 -0.0325532300483454 0.434636976214459 0.00802555240466107
-0.0333962592948615 0.0625579165923592 0.508498887821808 0.370035231157697
0.0070636985320957 0.0894334852846759 0.756461876453378 0.485080799209879
0.0022372188306437 0.0264189146133443 0.751692858434878 0.372573894260893
-0.0455622041921479 -0.00394514728823787 0.540622426290856 0.222880746798142
-0.0530189881438196 0.00310852620894078 0.259824629866862 0.0870122306650718
-0.0475553950221009 -0.00291062141994746 -0.00995869452918714 -0.0415511202667436
-0.0363326007578792 -0.0167704546431887 -0.312120044771477 -0.141970411288986
-0.0324285845453964 -0.0221131659160702 -0.550548671618793 -0.226867247790353
0.0233672961611291 -0.0284165881859814 -0.752699610483062 -0.23855698760498
0.0807947297736466 0.0229872014209591 -0.743209619778559 -0.219639655366766
0.00684749326532724 0.0383515136357754 -0.592029142549975 -0.153288504486902
-0.0203579250352311 -0.0241057397966161 -0.433034305293346 -0.00163226153406775
0.0415214138944472 -0.0896866526681085 -0.356428754715308 0.106025059974173
0.0371248462852489 -0.0200544587665314 0.382220849504323 0.0633566009104387
-0.00267720167459919 -0.0161358862685967 0.435928709736439 0.00994345785614051
-0.0258876745545927 0.0377962085229562 0.450507232443789 0.43051735884767
-0.0194517581114324 0.0737181418395939 0.722220187622772 0.588052548201566
-0.0130146689118106 0.0442899447652251 0.736123733830899 0.44394128211604
-0.0332672702168631 0.0134568444400048 0.519609291619264 0.248866771147631
-0.0260323123167737 0.0133305927793096 0.235865971386524 0.0836860209702829
-0.0244945320325271 0.00736134918673987 -0.0316800672410985 -0.050900957598862
-0.0113512949528333 -0.00468907944250895 -0.334756202460792 -0.138299941608474
-0.0161971822649908 -0.00379093286784721 -0.567200913708477 -0.198406644613536
0.0167339542482608 -0.0135389303419703 -0.747377846999688 -0.180395027909099
0.0612783569460847 0.0101686287387098 -0.734096334763324 -0.14011203627587
0.0127983094405708 0.0169382581108341 -0.598376698192594 -0.0873300066983699
-0.00165155644903738 -0.0147798112248911 -0.433302551139881 0.0209182760847975
0.0263809906756753 -0.0484591968981647 -0.348863957125569 0.124527831580929
0.00399273304456989 0.030620899229734 0.388746389049263 0.0693342484884265
0.0195567358109547 0.011984485978952 0.436310207383229 0.00971513776166228
-0.0105335059504408 0.0158389473311169 0.412387819991133 0.464581077898282
-0.0435604528136593 0.0492778443007691 0.693878422655726 0.65236024783322
-0.032063032715493 0.0635907790815034 0.723272841541842 0.487027473912569
-0.0200516707594592 0.0393368189124937 0.504595844530851 0.266307896483244
0.00594968169240556 0.0297963721538001 0.221894586572469 0.0807962306345994
0.00466947579142623 0.0200128973278353 -0.0407733797078095 -0.0558655742742958
0.0206218955398717 0.00735433069827316 -0.346097070687472 -0.133676710743054
0.00573294832347695 0.0163034429947218 -0.572885555497105 -0.176094899599338
0.0125369058394009 0.00482204315946756 -0.740772622636238 -0.141569963659058
0.036660759705131 0.00163822454597562 -0.725377870370313 -0.091951346355733
0.0138618888937069 -0.00693064011207327 -0.599008320849787 -0.044456736461313
0.0184905608280989 -0.00785231857554778 -0.430010740745108 0.0378210791857012
0.0127679143002359 -0.000525386055911545 -0.34113263671705 0.139247879250321
-0.0329384316463691 0.0817887112969542 0.396288355749061 0.0607681021538697
0.0373773275467044 0.0425154130844834 0.431033818002339 0.00898095714356157
0.0079426879476287 -0.00422450475762875 0.402727011181607 0.47474492642066
-0.0628757683761851 0.0240323589717584 0.683613468109228 0.66807009057677
-0.0492649745072903 0.0826661256409048 0.716041049406755 0.498728383664795
-0.0042770483633166 0.0677872301565539 0.498316341756793 0.275742646269375
0.0384700362606803 0.0471059414002125 0.218580704013263 0.0816560172312728
0.0347916840276443 0.0327199420911028 -0.0379308333216281 -0.0556155229060362
0.0526629852367727 0.018636057374215 -0.343877793908882 -0.131036085653487
0.0278554434131928 0.0355560169673115 -0.569253371245469 -0.168570484189349
0.0101554979877585 0.0252976265478431 -0.734564763627419 -0.128002670552008
0.0110187349306567 -0.0035742573310584 -0.723290278856673 -0.0786525463154875
0.0130636695736101 -0.0297167072541097 -0.598607661739494 -0.0364378794166655
0.0393662796951896 -0.0014848291302643 -0.424095915387008 0.0462443310920774
-0.00121007567543089 0.0470256396099063 -0.33742948432578 0.142213502140859
-0.0591487186811109 0.124605092152383 0.400079076241153 0.0355041723812118
0.0545986165724633 0.0625832861353024 0.420169449273792 0.00819840970395776
0.0201816461065597 -0.0220282832322556 0.426908511677608 0.460211280775369
-0.0783564319734519 0.00600422515165858 0.698436661321098 0.631138637997444
-0.0602705291720439 0.0981625225199786 0.72268613783072 0.479247551309855
0.0104102300532996 0.0929969041655994 0.505395035378645 0.274446294187433
0.0681550671656075 0.0631937945972732 0.228445426761675 0.0853046722011108
0.0625591405057731 0.0431351147538258 -0.0202757143144041 -0.0515307938178882
0.0821415820989783 0.0296297836961783 -0.328497564604328 -0.130266523924595
0.0466099610548897 0.0547532026750907 -0.559526837617003 -0.174519632192586
0.00554364436101284 0.043074829659383 -0.732866833285781 -0.138754537770973
-0.0125149444752963 -0.00933238114620099 -0.729931958124335 -0.0996915944409972
0.0152487082033179 -0.050265278613655 -0.597636803967955 -0.0609985442655318
0.0563987769516366 0.00697576211247058 -0.420226329483181 0.0412340458337616
-0.0172927997982527 0.086843796551113 -0.336647748554094 0.133589090747221
-0.0658426748986178 0.152287644814061 0.401618110037959 -0.00232132988652408
0.0668154088151057 0.0678201792695 0.409677877523352 0.00767056612665491
0.0218592268746192 -0.0361456474975011 0.474641196885638 0.420463327768751
-0.0894760219657673 -2.05807397498509E-05 0.729562299447973 0.553740852291146
-0.0595445606278549 0.111758320433404 0.733352247564385 0.429204556776138
0.0273399196826111 0.107804613080145 0.519290559720463 0.26256911626974
0.0895339387165809 0.0726812541148768 0.247752750561831 0.0901321655597382
0.0816531764477823 0.0495583252414496 0.0067263311135773 -0.0431753679914924
0.103573267462593 0.0393067458543235 -0.302835323673343 -0.133268220738641
0.0579000802345932 0.0713834579288 -0.541516637964934 -0.18976576957835
-0.00117130892898652 0.0568925215745447 -0.734872937164655 -0.173011032938551
-0.0287935158089602 -0.0185589951938835 -0.743338069394925 -0.156725655064425
0.0208230729217505 -0.0651690085717911 -0.593162687469904 -0.115187941486213
0.0661587375025649 0.0181766204049865 -0.41414394874273 0.0287018848093711
-0.0360338908824196 0.113511680264059 -0.341630119768695 0.118927540502322
-0.05892660157512 0.157119744464066 0.394632113229685 -0.0402435178461519
0.0711214429519244 0.0580603793833745 0.404842997772806 0.00710271245005196
0.0135385250473703 -0.0418435172641344 0.531580267640118 0.353489020871155
-0.0929247937198857 0.00494896011753789 0.758576075734678 0.442256373488924
-0.0507963311096357 0.117163484347544 0.745153119174118 0.360207126280445
0.0391271142021832 0.110439137172799 0.542169062135187 0.238345251821243
0.0991504715727702 0.0738621114324598 0.276952190805173 0.0936654894439393
0.0902025350261969 0.052927352290415 0.0425841190653435 -0.0327109194641378
0.113204416534774 0.0477169304067241 -0.269497759227923 -0.134383295758312
0.0596832948250258 0.082967525475839 -0.516514998700142 -0.21509106474354
-0.00940443909265354 0.0626820591653769 -0.734488787944973 -0.229699326775666
-0.0359425707231727 -0.0277200833391349 -0.753135994224195 -0.244728133293919
0.0317282052336329 -0.0686870240315387 -0.579160342310235 -0.19318156396528
0.0671122565519734 0.0322777423140963 -0.406387299395101 0.010262567699161
-0.0547595205817023 0.121134675315933 -0.345378052572373 0.0976259721444995
-0.0429793698060241 0.141223497859314 0.384196072235842 -0.0747827510377453
0.0634948713881768 0.0406084214810483 0.404352484723577 -0.0012716050505481
0.00331995980472784 -0.0370570119631612 0.576537355100008 0.268594946937745
-0.0842907617825123 0.0188001733633872 0.768494478270978 0.324377894876279
-0.0359800780808597 0.113010838793909 0.751537502250759 0.283787664198499
0.0437737104861368 0.101985435698627 0.565930607962305 0.20834014637048
0.0954971636642991 0.0693205585145719 0.309629601434531 0.0937467877280296
0.0867203574400674 0.0505977163900936 0.0772199027466431 -0.0213004479433943
0.107232088350866 0.0501541280400615 -0.233571732171729 -0.133522651664113
0.0526607524424448 0.0855399651478397 -0.490273041187717 -0.239566770418837
-0.0154529262648577 0.0591018399278586 -0.728323766501638 -0.299162504977176
-0.0290842599460221 -0.0341474870947208 -0.75070352571812 -0.355277681511009
0.0419992031493421 -0.0597934833203124 -0.546474340621913 -0.281081705870029
0.0537679537738384 0.0420787767181686 -0.39833891639504 -0.00430370842795932
-0.0677358616089247 0.106860573755962 -0.352172305830416 0.0730480273028279
0.0572044954590071 -0.0659874575501797 0.376607071406029 0.039591852894733
-0.02909306121333 -0.0319742055430923 0.433134509062596 0.00610913830332404
-0.0327967511082472 0.0616529130962356 0.505912940488405 0.362655853689803
0.00707688643398826 0.0888814019482739 0.756756384774545 0.476513171657565
0.00255736396355667 0.0269680722306405 0.750067873179277 0.364935477000292
-0.0458486788936396 -0.00379881127833058 0.537295146296464 0.217201674025178
-0.0511546567278269 0.00258806594881856 0.257744360737516 0.0838626123461299
-0.047496281656554 -0.00369142605760418 -0.00960152512319635 -0.0415081484545719
-0.0361004328526045 -0.0166020132281323 -0.309535173827349 -0.139232210576037
-0.0322172919684565 -0.0214373949635273 -0.548725650874098 -0.220410870902297
0.0236598331714159 -0.027870314318462 -0.745991698803042 -0.23099639249735
0.0800466797298498 0.0216552771445366 -0.739831767069372 -0.211405924825645
0.00701201573702986 0.0382609692650786 -0.590007860008012 -0.146605347644628
-0.0198663718618643 -0.0243597666947077 -0.430873583600433 0.00197862295052589
0.0414809182430602 -0.0884000028745608 -0.353161212310729 0.107404499893671
0.0382290511857457 -0.0201980440047937 0.379485073929766 0.0595872934828724
-0.00320869563579581 -0.0162476023070105 0.434388842246966 0.00769250419189874
-0.026381103848892 0.0384832812259318 0.451128897599135 0.421879082070403
-0.019248377057332 0.072776820372245 0.722326097235005 0.578962932327339
-0.0117330877034121 0.0446783870817572 0.734980407103629 0.434946762786767
-0.0330902144755869 0.0143478732825513 0.517677268436538 0.244220916770641
-0.0252442922803592 0.0130836156404645 0.234757808140669 0.0793916101393242
-0.0241475685606006 0.00703180242139991 -0.03130612490493 -0.0497627327209958
-0.0103545937174181 -0.0053053041865038 -0.332087275983348 -0.134558748804938
-0.015764099810701 -0.00299838394576344 -0.562925922695222 -0.191932973567961
0.0165672233855198 -0.0131773373399472 -0.743121490436149 -0.173868638645809
0.060863705479178 0.00946350198434984 -0.731139029541957 -0.133264353625675
0.012946175967922 0.0171292159670021 -0.594462014186562 -0.0818433188467506
-0.00128538787011501 -0.0138932221738836 -0.431231981979679 0.0233113578480528
0.0255277072003636 -0.0474036670133628 -0.344864277836703 0.126511968363683
0.00394308590535323 0.0315238404362604 0.386148802388081 0.0658911471014309
0.018130682734413 0.0118706936117463 0.434892786031549 0.00773056110421226
-0.0108937434237784 0.0148673101929321 0.414467431490134 0.456282117692244
-0.0437194501693129 0.0485666638611374 0.694318519215012 0.642520200346942
-0.0318728044157486 0.0632731517887453 0.723128342223827 0.475437134678606
-0.0188649912130829 0.0383249903467698 0.501513942909963 0.261720009618242
0.00722312625768477 0.0285170003640435 0.220330867809475 0.0778053645694972
0.00444451580136312 0.0193941312558881 -0.0398728714510467 -0.0546843813374012
0.0201396521694407 0.00648217663375447 -0.343348914333103 -0.129846835554204
0.00593251676709046 0.0163607188521858 -0.569131376587786 -0.171110946743327
0.0130422821530736 0.00570454784568695 -0.734912073472205 -0.133249081832119
0.0367117550955862 0.00227695929070262 -0.719673908061329 -0.084260569665737
0.0130375136984019 -0.00699138005982887 -0.59474660593831 -0.0413759371093082
0.019024365273355 -0.00728955797456763 -0.42736181146997 0.0419047928720549
0.0118882549496891 -1.16918499933061E-06 -0.338057328378287 0.140791852205248
-0.031488180534331 0.0814523008897237 0.391525304434013 0.0576773877807453
0.0374726457587179 0.0419704933244773 0.429426567892396 0.00644490965183575
0.00647338001779487 -0.00453974721778334 0.403869299846493 0.468782809169459
-0.0612309346332303 0.0240694625277007 0.684083378874024 0.657450715668681
-0.0479726995831293 0.0819326449746484 0.716098814863884 0.488563164825336
-0.00434573577571877 0.0668144814463108 0.497700353060143 0.268727486470974
0.03913030821465 0.0453557337299164 0.217014348572453 0.0787244574160935
0.0358682289390207 0.031264420689738 -0.0368341602641201 -0.0552699492495576
0.0525480353431811 0.017728266600069 -0.341548017926362 -0.125738301740736
0.0286545857564854 0.0341553370715789 -0.56668982682588 -0.163041952576478
0.0103763001417594 0.0243436192178764 -0.730151974478692 -0.120171899458152
0.0114331001539783 -0.00460016780008094 -0.718672654347522 -0.0721745104887724
0.0136381770321926 -0.0298854171590887 -0.594643814688583 -0.0313521643097511
0.0395610787702642 -0.00252600668784864 -0.422367753457977 0.0476888648940485
-0.000821074108797263 0.0468815704291242 -0.335293825331043 0.143500164049595
-0.0562356766953493 0.122830224366303 0.397583159955425 0.0322205865010284
0.0525662213930236 0.0620093234159418 0.418649512236615 0.00549169709098565
0.0189934517953905 -0.0218524688676832 0.428264831787365 0.453875196079134
-0.0772570414997512 0.0061297965252319 0.698432748954567 0.621867752704912
-0.0586119022980603 0.0986867705990204 0.719108887093489 0.46992118924031
0.0119098458109394 0.0910819836163253 0.503236426163636 0.266816242856805
0.0678647398883805 0.0609513001337146 0.22677215504377 0.0833041930655159
0.0626241006232811 0.0410556371411982 -0.0202425918118342 -0.0506259492569973
0.0814136931871577 0.0287531059577583 -0.325904682058811 -0.127361987305607
0.0456972198581844 0.0534448755739031 -0.555735113810641 -0.16708090709987
0.00631250168731171 0.0428613511189312 -0.729035462755226 -0.131690180178297
-0.0131426559970352 -0.00917676461692255 -0.726589012665451 -0.0933963031571861
0.0147299139100911 -0.0493486225789464 -0.595243735101197 -0.0556175036633271
0.0562622409059595 0.00628240881807386 -0.417684111873752 0.0451350729606415
-0.0159314761595943 0.0860798620516174 -0.333156788325299 0.136083931749551
-0.0639220504887415 0.149842773099215 0.398098866892645 -0.00474889123775359
0.0655102177627389 0.0671564545432304 0.408399083080776 0.00503782779102263
0.0206949471899394 -0.0353994826027889 0.477025536779131 0.413146640173145
-0.0881139389445894 0.000583434716008135 0.729727203506364 0.54350128716015
-0.0579263583715168 0.111401158173387 0.732239230444224 0.420458880636409
0.0272690086001012 0.106793306071801 0.518210127176658 0.254831772082491
0.0895959525589397 0.0698407709443457 0.246296062508645 0.087492515256917
0.0812022786825278 0.0492134734098857 0.00692824019704759 -0.0436393270207867
0.101989186573963 0.0380709242633387 -0.300199332644348 -0.129515212781646
0.0573050919673013 0.0693437273905838 -0.539231728499116 -0.18384961321348
0.000234080860063865 0.0561348130707245 -0.730701653833649 -0.166958639958189
-0.0290750668736579 -0.0179913795234686 -0.739956218194219 -0.148740092165876
0.020525550423355 -0.0629573705501656 -0.592397152340049 -0.110306030313003
0.0656612190936994 0.0182599957518052 -0.411702256635523 0.0315395648620347
-0.0340810805509416 0.113169592013461 -0.336849290408414 0.120717209957849
-0.0563649195510451 0.15585365426943 0.39216912912192 -0.0421093628702587
0.0706341417678603 0.057215639943702 0.401840063932712 0.00273243368373952
0.0142252178457763 -0.0420770001899348 0.529904363678336 0.346164032246739
-0.0917751564650916 0.00544116922675748 0.756192799739781 0.436028320972964
-0.048090525018371 0.116046668511935 0.744030570922236 0.35032538091141
0.0398956763805459 0.109035449233587 0.541066402232418 0.233049117947138
0.0992236762466703 0.0713719755975164 0.274913043581343 0.0902809949024293
0.0899027694311315 0.0519252262187292 0.0420489586239962 -0.0344023578417035
0.110622569854596 0.0454936145985992 -0.268591573625619 -0.131419008031187
0.0610968819294844 0.0810877345863572 -0.51405954195947 -0.209690417672204
-0.00791923516853056 0.0624061493444458 -0.731984421266378 -0.221371395037553
-0.0359594344106919 -0.027376371941747 -0.749414251955171 -0.235995524917649
0.0314401098179436 -0.0673895289317814 -0.575862664128353 -0.18857862381207
0.0653966459224024 0.0308816256038042 -0.405036008062059 0.0133092521517657
-0.0531767591296155 0.119780580132037 -0.34175508765814 0.0991810821828545
-0.0412951727189954 0.140020006173572 0.380083318494031 -0.0771849690914255
0.0626261860510958 0.0405397548864086 0.403125189073559 -0.00404209821222522
0.00180245377914384 -0.0364449660879265 0.57573120278827 0.261359983859044
-0.0829608581666256 0.0192464509483327 0.768399118642945 0.316294904069077
-0.0344382916328576 0.111377080700337 0.747563656377415 0.274601134874437
0.044635779575712 0.100556176061191 0.564417656781069 0.201973869445738
0.0952465033328463 0.0668528735449666 0.30795908540901 0.089791179330238
0.0864521684418336 0.0496572161230927 0.0771179034459587 -0.0212884098218679
0.105670511925598 0.0482346152300396 -0.232010526359371 -0.130239358995407
0.0526125045675201 0.0843596729388477 -0.487337008333903 -0.234158443555796
-0.0144938513148246 0.0583705532186426 -0.725324986451451 -0.290692526139929
-0.0285781853509678 -0.0329624240824244 -0.747972806734586 -0.346488142997786
0.0417687722256011 -0.0585156355321471 -0.54488667416839 -0.276769195980198
0.0535553762364836 0.0413610919485398 -0.396632259392404 -0.000624876296642631
-0.0657400744489713 0.106097861428601 -0.348451077650784 0.0730278576406826
0.0568958008242695 -0.0645864122209929 0.375333786522425 0.0356596510122016
-0.0291236510887724 -0.0310597824798141 0.429980089007245 0.00289646733751794
-0.0318414491276105 0.0604834916325877 0.506566668132513 0.357583161841317
0.00902973233228089 0.0874602816996721 0.753209118327815 0.468284729781652
0.00254825474867162 0.0266740013045678 0.745463411247304 0.357251387344494
-0.0452506460681399 -0.00446575959510933 0.534164408457541 0.211981820386067
-0.0499732612009628 0.00317731701029237 0.254901826684349 0.0813184023532012
-0.0472803689360868 -0.00207187037576008 -0.00912885927556083 -0.0417194605571255
-0.0356580761938499 -0.0165482762613724 -0.307308958125104 -0.134900085748949
-0.03169793432087 -0.0206714061584384 -0.54471984327957 -0.214179285655177
0.0219758052038251 -0.0280196305842896 -0.742384670076591 -0.223075136697333
0.0790299348773689 0.0206376357956148 -0.735507470016349 -0.202171949538075
0.0075010081621821 0.0376977316098411 -0.587065770616193 -0.141722014193437
-0.0195211394765562 -0.022854503747179 -0.429208809190211 0.00367929047046596
0.0407069901965957 -0.0864926534109489 -0.349311625858811 0.108646414146733
0.0370159466420102 -0.0193565842145728 0.377539450618919 0.0568861889807302
-0.00329876891524503 -0.0159474947008496 0.431872193350465 0.00474400356488422
-0.0262048578643541 0.03700364306101 0.452568791483622 0.417849975293683
-0.0181990653206831 0.0725181266579243 0.721242874172283 0.568110146679741
-0.0117594459151737 0.0450430915384576 0.732321408224914 0.426933773614565
-0.031700286272866 0.0138708434030526 0.515860234472957 0.236510059257339
-0.0242519766029315 0.0127267537889276 0.231834274089595 0.0774325830728321
-0.0239512003252494 0.00717277903900263 -0.0301904303370712 -0.0489751968886216
-0.0111854183176606 -0.00534793299040841 -0.329297204315548 -0.130200026484513
-0.0153585639164479 -0.00335499255027957 -0.559245888062038 -0.184564241415671
0.0166383553166712 -0.0130243471132994 -0.737164359540144 -0.166314159365817
0.0606102519921801 0.00882178605709275 -0.726238180309438 -0.126445891650983
0.0132456690277658 0.0164778499501386 -0.592619215656333 -0.0765878324417014
-0.00105034887259248 -0.0131499193703862 -0.427964134491791 0.0263314505505673
0.0251627425821126 -0.0455249048309654 -0.340575039357806 0.128282708503819
0.00433907086936031 0.0306052779133545 0.382942664191303 0.0636440174780003
0.018379539707675 0.0132660554060201 0.43135976840287 0.00433014604204587
-0.0105500209779017 0.0147494740418246 0.414479753394935 0.45045701126521
-0.0423498169732377 0.0481733811011681 0.693941809306998 0.632532499099332
-0.0301247680982686 0.0635616760152227 0.721373301846204 0.470101560955782
-0.0183193378178132 0.0392856730828099 0.500015133261578 0.255396694306939
0.00714166778016596 0.0272121517737711 0.218100145303024 0.0755548862640077
0.0047530643763323 0.0188289361096245 -0.0396641401081919 -0.0549086283804222
0.0193766684859938 0.00648371544451394 -0.341334327741625 -0.123415512131765
0.00595062209949768 0.0162602160172396 -0.564631104283778 -0.165505325858365
0.0135361468724594 0.00578553284785102 -0.729807044061334 -0.1294954353776
0.0361441114338919 0.00088968782635002 -0.714797104452929 -0.0776223632626251
0.0141482266712352 -0.00730158736112039 -0.591331798118508 -0.0362112681208254
0.0193763783511258 -0.00754940849422174 -0.424616808815204 0.0435049301508706
0.0119336427546065 0.000190703103333488 -0.335299992041718 0.140381732598352
-0.0294482710450503 0.0797782020091663 0.388866989291908 0.0546402009462293
0.0363625235413529 0.0415661059484212 0.426310603690852 0.0035813398587712
0.00677734918520244 -0.00536087767672471 0.405379541923198 0.461149671838014
-0.0609946098748192 0.0234104383031006 0.68330105049905 0.646816103610174
-0.0465498172562416 0.0812520092037843 0.712650269944061 0.480677885405171
-0.00388870775404325 0.0658873640681793 0.494299307907623 0.263668390177399
0.0389513443175035 0.0441140087240595 0.216231155476188 0.076875263750287
0.0348710812824327 0.0303572918142516 -0.0363817907517123 -0.0548098219305211
0.0511315651801724 0.0170664805088762 -0.338289899142344 -0.122872022086009
0.0279379627561938 0.0347987274662054 -0.562792357121103 -0.158038459001611
0.010408178238009 0.025564061653075 -0.723725465119164 -0.113023296930001
0.0111860612746172 -0.00413367824709819 -0.714455740813128 -0.064846068997775
0.012062621314607 -0.0292916227820664 -0.590176589846536 -0.0289779028788432
0.0395778150116839 -0.00155125941339757 -0.419966576856608 0.0501782197755101
-0.000659110512082393 0.0468540533161255 -0.33006392964782 0.14315084117856
-0.0553489421672755 0.122324451157162 0.394082214835725 0.0291663533449055
0.051327020342504 0.0617297918047606 0.417063983315135 0.00389043282799935
0.0184081697706748 -0.0214595035682113 0.429891071873713 0.447295524925119
-0.0762884763082291 0.00688069758119343 0.698167714133173 0.611711374781522
-0.0566529354639524 0.0984835968776737 0.715842377953509 0.46154678557447
0.0119611772505269 0.090405079569224 0.501148056756795 0.261604621728351
0.0682915964526161 0.0585234048794429 0.224678558336777 0.0798704356366766
0.0612575478093419 0.040540173684786 -0.020087016960113 -0.0506743712279039
0.0803038665466873 0.0267733157785717 -0.323481793333505 -0.123809863797632
0.0462932977341968 0.0527185609056445 -0.550701687735732 -0.163889736353848
0.00710302924461686 0.0428757108207619 -0.723096041461668 -0.126121461619356
-0.0117405547147967 -0.00940837103119435 -0.722393565658863 -0.087312107396748
0.0139836941859924 -0.0487251174839305 -0.591569235153992 -0.0507855207874682
0.0557260485760045 0.00692444216489172 -0.414628853069004 0.0454280057470528
-0.0150431529274543 0.0861177620711399 -0.330079048012505 0.136260444928556
-0.0624599108601597 0.148503828465721 0.394940517425784 -0.00708152868851896
0.0649737844032116 0.0654900038390011 0.4062514642638 0.0027930561093517
0.0201626220629173 -0.0346611969029347 0.474860506219686 0.406113800561738
-0.0870695792869047 0.000376637294945185 0.728332446881084 0.534859275194968
-0.0565130844162547 0.110693544706313 0.730172082965702 0.411108023092005
0.0285086299044134 0.103822599080375 0.515097208427181 0.249864580463798
0.0894137156214625 0.0674649052488443 0.245162795181238 0.0859507235812342
0.0813801754583089 0.0475136569715112 0.00786075024984872 -0.0438000613479139
0.100625295907701 0.0369398882193012 -0.29826734282594 -0.125988759360342
0.0576967732401418 0.0686607376788054 -0.533866962264911 -0.177902573078039
0.000330155281790926 0.056668194944001 -0.725914928284456 -0.160677444698693
-0.0289380303750408 -0.0172175732278196 -0.7350809712576 -0.142178682425723
0.0202697699398475 -0.0628486665388193 -0.587703410099311 -0.103906018802968
0.0657757838258093 0.0176147695228643 -0.409319910049791 0.0337486834904998
-0.0331412911214849 0.11244821898004 -0.332551388300196 0.119929291408881
-0.0544748144749954 0.153477946650165 0.387187300788509 -0.0445054546445737
0.0682011015488108 0.0567767756889352 0.401332921557245 0.00151702411606467
0.0124214161532584 -0.0416846759868424 0.529611615157801 0.341555628696667
-0.0903980633231411 0.00641717325339777 0.754919392396567 0.425202879270296
-0.0464588921533958 0.115722411058016 0.740720862787128 0.342086777478733
0.0400200337831828 0.107003144239117 0.537471180332458 0.227143651983045
0.0981975112823003 0.0687500309829976 0.2739286484435 0.0872643305070989
0.0888961480634834 0.0497217400061071 0.040919371984944 -0.0339597624691379
0.110360214639619 0.0432143656361649 -0.266152086433347 -0.127349335086234
0.0606241324774289 0.0793293177002279 -0.511808173614066 -0.203236864661215
-0.00709531359615211 0.0609869388659606 -0.727814608938168 -0.214915308529672
-0.0341631872493104 -0.0265472410956815 -0.746260229685954 -0.22798774007478
0.0308870137394489 -0.0666157940654638 -0.573703217306275 -0.182131541883292
0.0647871497450047 0.0317485308340106 -0.402288588523945 0.0160592644516971
-0.0522239969131556 0.118390499742383 -0.337765425468089 0.0991463631267439
-0.039661881968243 0.138795374583948 0.376609314550849 -0.0776670416821465
0.0617749350364359 0.0396125614176252 0.401255729787799 -0.00635476204573572
0.00175995323553884 -0.0358169899944065 0.573465237353457 0.255196949928523
-0.0821400370979191 0.0193354386467775 0.763395709130936 0.308896719345847
-0.032468712351522 0.111142800354668 0.746310983374195 0.268280437252582
0.0444900129042599 0.0980652763155849 0.560486840976741 0.197668500267373
0.0950751576941571 0.0637704810108889 0.305496872076876 0.0880766860862961
0.0859538396193718 0.0479574858195767 0.0757202076109589 -0.0223651662399495
0.105118538342026 0.0470612920068778 -0.230743319677929 -0.127402374519023
0.0535839439313076 0.0827762838049499 -0.484362603485006 -0.229192408554019
-0.0135289312467907 0.0580980712350129 -0.71977992626197 -0.283526766084231
-0.028501810442012 -0.0318438127345993 -0.742459492586122 -0.338814310093043
0.0409242892280701 -0.0579335063071384 -0.543095545951441 -0.2709010512152
0.0528647747589563 0.0402976682173468 -0.396429546186649 3.21034934913738E-05
-0.0649576927954015 0.104874641694154 -0.344700749875941 0.073979832115767
0.0568590588749378 -0.0635055071431603 0.371207581345185 0.0339616482734118
-0.0296502318965971 -0.0297800464844312 0.42971257246592 0.00145770648217984
-0.0323359979585704 0.0605484758690048 0.507093873248971 0.352024946994309
0.00834137304737063 0.0860198182448882 0.752029454916925 0.460771372475466
0.0031417981510289 0.0266626401702899 0.741382743675674 0.350115580222118
-0.0452691937172978 -0.00300362179522684 0.530827176007841 0.207165154194073
-0.048896452732062 0.00183035647139113 0.253154586105323 0.0775517006017027
-0.0468029600392604 -0.00319572023548513 -0.00835029988088197 -0.0411696965368663
-0.035696192661362 -0.0165981502378233 -0.304027456452534 -0.132142772256111
-0.0307078337728335 -0.0205269208017216 -0.540081410605883 -0.210147219867901
0.0219199343079227 -0.0268334508307187 -0.737929807767176 -0.216422000643002
0.0788370562507677 0.0197676133974001 -0.732161548828435 -0.19664982856075
0.00815029405712613 0.036801546888064 -0.583820312423046 -0.137839423161125
-0.0182380586996424 -0.0223260130469199 -0.426381305938083 0.00517257769306547
0.0410019128382634 -0.0854528658413445 -0.345647028242498 0.108198927766672
0.038010564153866 -0.0185783157856333 0.374278455441815 0.0549535641042147
-0.00349754840588384 -0.0146365420524505 0.430364437197003 0.00354993820679665
-0.0261977904876682 0.0371090729450216 0.452329444941401 0.410921655564693
-0.017861672017269 0.0713747132639304 0.719514535122002 0.562045799577371
-0.011305764555006 0.0450482194693333 0.729133391508707 0.419414489227292
-0.0322655185723953 0.0134893828677334 0.511240237460902 0.233333210600902
-0.0227292711266901 0.011067748813321 0.230296175832582 0.0755133361348045
-0.0232285522574943 0.00677140530227546 -0.0305720277335303 -0.0491389004468414
-0.0109231623230408 -0.00568836230127345 -0.326189998751442 -0.126733844222129
-0.0150916592724071 -0.00248477172244357 -0.554823991301036 -0.181842510802536
0.0170164155156215 -0.0122265509414807 -0.733183558893164 -0.161488771427218
0.0603171874695097 0.00814595451460058 -0.722104229879799 -0.121835533375102
0.0135874426666117 0.0166365125312007 -0.588240727748114 -0.0734996924713256
-0.00105279258859112 -0.0133500718966637 -0.426092157867238 0.0279941119309508
0.0256348450158862 -0.0446228585261396 -0.337063999253634 0.128324693668963
0.00634369512400691 0.030916983378263 0.379361815507113 0.0616350843133374
0.0185415525207959 0.0119596052047985 0.43055190168046 0.00193131524965706
-0.0110277218348217 0.014753747079343 0.415153396646241 0.446442612474657
-0.0416921088000946 0.047817780878722 0.692519900046965 0.623675994213022
-0.0295767253312397 0.0632479183741287 0.716604876725625 0.460601094980336
-0.0176033809832741 0.0380780429765088 0.497424358330126 0.251826040041862
0.00773515702219062 0.0260068386661405 0.216484422665559 0.0743145384030437
0.00499190312691808 0.0185459771978424 -0.0388359460417504 -0.0540117979365661
0.0196631084573366 0.00637625299540882 -0.338054101749075 -0.121808648025399
0.00694254545139101 0.0157571884864837 -0.560685134365269 -0.160897570583717
0.0138735724917388 0.00568956971521436 -0.724331823062472 -0.123530059132929
0.0362425245659794 0.000876228807011312 -0.711299030522363 -0.0733838116933992
0.0138097823583097 -0.00691497661277984 -0.587596336124913 -0.0341018681240281
0.0196883760592334 -0.00738007162749975 -0.422493440385411 0.045045995586167
0.0129972859670553 0.00124500255434634 -0.33085867980892 0.140757838567207
-0.028683245726415 0.0795462002464231 0.385829524734822 0.0523836277468676
0.0357387690698375 0.0417779253162395 0.425486416652512 0.00247156818692715
0.00530920970518995 -0.00516300485307654 0.404278658853361 0.456607865953257
-0.0598386240130227 0.0238918968930932 0.682292756757375 0.637965666114122
-0.0460928926034366 0.0815727271535235 0.712588382748757 0.473965890655627
-0.00272194425019183 0.0656499357792832 0.491993976765185 0.260063411333136
0.0393193145007781 0.0427417012284615 0.214340308242327 0.0747189198295522
0.0353708931330371 0.0294248273779525 -0.0356647858923651 -0.0552168564253632
0.0511045626920001 0.0161953236234279 -0.335547687414967 -0.119603960872711
0.0279032276975663 0.0338722823616787 -0.559273180974379 -0.151806524639684
0.0111510814273709 0.0242690225673184 -0.72076675882887 -0.107243143605056
0.0112818204806864 -0.00463857285840071 -0.709006147786904 -0.0606302170125524
0.0125703167809219 -0.0286106950291034 -0.586949973970721 -0.0236540114773057
0.0391297732877375 -0.000645771086627788 -0.417730248228954 0.0522604786338315
-0.000518470055282551 0.0474471452888065 -0.326429705190627 0.143315576826464
-0.0530554242391045 0.12036404429788 0.390230640463252 0.0274882738756448
0.0504433919864233 0.0612361415218101 0.414551495972374 0.0017681879038807
0.016745505092916 -0.0226598158679758 0.429292247061706 0.442647407104833
-0.0745769250955098 0.00696288150563296 0.696426267128574 0.603729983518429
-0.0559778243527056 0.097450844776015 0.714957666544793 0.45296753807161
0.0127655614436132 0.0888556358371035 0.499199928297297 0.257878461242385
0.0675282803450725 0.0561001258612849 0.223561190416612 0.0780761478947664
0.0612828785422757 0.0391879622908157 -0.0192836801582807 -0.0503029029887255
0.0798081215861051 0.0257827469255656 -0.320977128427206 -0.120387496660381
0.0464000739278981 0.0515301220590732 -0.546236169453546 -0.156801037512938
0.00719681491552573 0.0424026117757451 -0.720089985540574 -0.120946602435711
-0.0128074421045467 -0.00926815593631599 -0.716785727663655 -0.0810944074536476
0.013960307711059 -0.04792619059459 -0.586033756777668 -0.0481182198449929
0.055853169454919 0.00665331479325163 -0.413093808552293 0.0461543670062266
-0.0136260103593955 0.0856630034467312 -0.326241456390268 0.136092711312056
-0.0605871387413028 0.147244196597734 0.391344276160254 -0.00747886292822387
0.0637480003870638 0.0657813815199068 0.405626016082073 0.00136043070144018
0.0185783722967199 -0.034860129315419 0.476045124275424 0.402881604018421
-0.085719561584346 0.00140845102797364 0.72666224029747 0.524328925510607
-0.0554695586537887 0.109652549089157 0.728113664511524 0.404177693044322
0.0285069083003243 0.103339594039154 0.51344780940966 0.246034908477732
0.0883171993321464 0.0649368856104803 0.242923252463031 0.0829575826479484
0.0805356646572956 0.0461338477424554 0.00761142665814974 -0.0439443621381163
0.0998419914045136 0.0357329844068512 -0.295534240412615 -0.122981881925122
0.0582740290529979 0.0668492471595205 -0.531848559536239 -0.174284743385888
0.00064428737589619 0.0556870176539349 -0.720113971548144 -0.155539703815641
-0.0279802372101115 -0.0162562205216458 -0.731607706334565 -0.138119278211935
0.0196425309936373 -0.0624675445551698 -0.584381331750738 -0.101478182476008
0.0649245569702396 0.0179895188235429 -0.406789391175764 0.0348289824683276
-0.0319356238793992 0.110772402618469 -0.329640397684676 0.120551391202674
-0.0531312246990064 0.152422522467721 0.384498193490866 -0.0454446945992008
0.0680859752927962 0.0555235513065297 0.399161710801572 -0.000348709509861859
0.0119377604076178 -0.0411497310417505 0.528619065332543 0.335205416034656
-0.0894868210490002 0.00692128475527526 0.751948938043674 0.419768346889422
-0.0457907351593091 0.114498463089942 0.737547999582226 0.337010120232256
0.0401049289354572 0.105292069435053 0.535192776366754 0.223139960080501
0.0975689774186241 0.0669243599360064 0.271773321803232 0.085949780585838
0.0890507794234479 0.0480761031551223 0.0400131771837049 -0.0347087219560685
0.109405905752017 0.0421668482559817 -0.263423695988316 -0.124965562028539
0.0613974211882338 0.0784232833278822 -0.507757006205247 -0.200085699097517
-0.00682965466726132 0.0616719430838733 -0.721907417126287 -0.208590667468922
-0.0338672307758942 -0.0264396179845616 -0.741272514717252 -0.225178411105441
0.0299613925360538 -0.0650591853844133 -0.570731049643842 -0.177733946973132
0.0645497548789679 0.0306604161202929 -0.400774607168027 0.0183138247744814
-0.0501692548326337 0.118309324152136 -0.335333899752122 0.100268686440607
-0.0381006624219868 0.136023641357728 0.372896868056555 -0.0789439529984732
0.0601023792283571 0.0399743686132282 0.399830244013436 -0.00776684214560857
0.000954994563226758 -0.0347991779460005 0.573128208987405 0.251801423371216
-0.0817904418871962 0.0194615065389587 0.763242051890357 0.302394410087409
-0.0315442657856847 0.110569261747559 0.743049253696362 0.261316515328712
0.0454218605293993 0.0977565638182059 0.558908974214098 0.191514998485538
0.0946537534025114 0.0623173248465186 0.302806202794438 0.0858064030287432
0.0845781743120658 0.0472137503727473 0.0754559527630306 -0.0239085228019662
0.104499563498915 0.0454992777496049 -0.23011497296683 -0.124620114526988
0.0533715604969963 0.0803642890659354 -0.480437812994851 -0.224189711738861
-0.0129748444536523 0.0581357176471973 -0.715556757456426 -0.276464011702081
-0.0277553213216529 -0.032054417680856 -0.738234559785541 -0.332804991734161
0.0395179604745177 -0.0576536077911373 -0.539495088835291 -0.265235820934456
0.0521466253393954 0.0403120476360617 -0.394372831727909 0.000646882283864247
-0.0636552757017151 0.103516998876222 -0.341651014484762 0.0750336865795588
0.0565509388523578 -0.0624548328686639 0.367646483723782 0.0330042907476225
-0.029054573082263 -0.0294307860594251 0.427265127686887 0.000246316772739142
-0.0314756151529809 0.0583809911028169 0.50242867678886 0.347953187960482
0.00905017280993985 0.0854188870989656 0.748978811303892 0.455204882097279
0.00287990238126492 0.0271018085560361 0.739624375236858 0.344903337449364
-0.0447007505663851 -0.00251006577456129 0.527508412536444 0.203028248587346
-0.0481530279105523 0.00112091212038692 0.251459380931664 0.0760248575905664
-0.0458900117046046 -0.003094778819626 -0.00878645922992739 -0.0411808644164346
-0.0364432403854888 -0.0152049107109916 -0.301080090313739 -0.129381004439956
-0.0312304543206055 -0.0203631707560965 -0.537689068291028 -0.207544446057372
0.0221571670838976 -0.0271673533402939 -0.737243703259811 -0.211934683646919
0.0783242222288628 0.0195897179641633 -0.728229212688669 -0.193562700473293
0.00820303432780943 0.0378612969227695 -0.579816043400299 -0.134710957308467
-0.0173450489010183 -0.0222494379231332 -0.42439191391074 0.00658649082354196
0.0400206592473996 -0.083635127401296 -0.343063071358352 0.110008085350328
0.0382862770509008 -0.018115573167393 0.37165180312278 0.0515669143191484
-0.00349779388037237 -0.0139943368622433 0.429146677352514 0.00257110125979567
-0.0268794497680884 0.0350746805433082 0.452745676459153 0.407854999315959
-0.0165552322719609 0.0703499317546732 0.717396568268262 0.554169761114126
-0.0104300039672475 0.0445124753471633 0.726026497256662 0.413953090675019
-0.0313217576499338 0.0139040452277597 0.510134281620031 0.229523428904906
-0.0229555417048938 0.0108133415690968 0.228323988796232 0.0736452789415716
-0.0236950217376746 0.00784405613641359 -0.0294160343153526 -0.0478228193234314
-0.0114188337830069 -0.00524741042942082 -0.323912942051998 -0.12499071128012
-0.0136068080142169 -0.00281885904437204 -0.551819998305179 -0.179540826878864
0.0173003045032924 -0.0124858093056262 -0.728998018154479 -0.154556809014313
0.0594375577382873 0.00812205926956644 -0.717952476058099 -0.118707239124235
0.0130379444119746 0.0166855281257248 -0.585925242843665 -0.0708108523641996
-0.000707140477659428 -0.0130404793705608 -0.423670457445116 0.0300450391743468
0.0263933371809652 -0.0436927714784185 -0.333224634480892 0.127543913381715
0.00732818194417761 0.0298241203987614 0.375252054205776 0.0585168200500979
0.017102263446173 0.0130513813775557 0.426779065815397 0.00359314240494758
-0.0123996968363498 0.014170540928243 0.415778306080759 0.442206785128344
-0.0414857914695215 0.0476517800557945 0.689545546826827 0.618687676403063
-0.0281660605415857 0.0644641791988939 0.715278937251129 0.45525868928183
-0.0178937822725361 0.037829442112614 0.494927557357255 0.248025344535625
0.00862737879563988 0.0252086627244806 0.214756889882461 0.0718946740549026
0.0053362054623797 0.0186664177836254 -0.0396193361005493 -0.0543970410791474
0.0186349357450984 0.00529403459385543 -0.334179760327119 -0.11898332981385
0.00666027044762878 0.0155343255064226 -0.5579612283134 -0.155755132623854
0.0125806203447407 0.00625872446756125 -0.721942146913439 -0.119099571354361
0.0350700733826413 0.000664672328665614 -0.707739570950737 -0.0693348297676815
0.0142186735936197 -0.00619851709305948 -0.584602387191695 -0.0309630770014801
0.0196254779135336 -0.00721562317364978 -0.421463259548981 0.046433027250681
0.0130736489992581 0.00093379290960589 -0.326915441084659 0.139349293690996
-0.0279906104648531 0.0787478674022121 0.381797264747749 0.0502336638036879
0.0353027909644448 0.0421127160361421 0.422667156617156 0.00135729204348257
0.00529674346186807 -0.00450576933857948 0.405695209696386 0.452111102867207
-0.0593054740031289 0.0240065956441379 0.681048060335569 0.631841311258348
-0.0452362855294782 0.0805575759422167 0.707226608307753 0.468807327546001
-0.00318856963024139 0.0640337152792049 0.489622824231763 0.255474825409926
0.0391719681412799 0.0396028899944994 0.212132544464337 0.0730705260958896
0.0349627063508924 0.0295417165372267 -0.0350449082014866 -0.0549202268645734
0.0500445450209094 0.0160272031621058 -0.332375064706102 -0.11717504988971
0.0278535281047569 0.0337178961140979 -0.554230501957771 -0.150567493050439
0.011294574919668 0.0248175709133712 -0.71610325079882 -0.104757640867362
0.0104382350012592 -0.00430476487752152 -0.704859773349446 -0.0583401004437619
0.0125554015201168 -0.028891676567296 -0.582459033036424 -0.0223354533382865
0.0390739121880129 -0.000579865174994072 -0.416741458764627 0.0538600761050531
0.000672789758556849 0.0469031850393783 -0.323797612054096 0.143007868889229
-0.0514211193636962 0.119827560780215 0.386744424653474 0.024850852965259
0.0500094089487628 0.0613390912457276 0.413614101742245 0.00170435548648075
0.0162729851804754 -0.0220724875539712 0.427497466002067 0.436870708263752
-0.0731395151553329 0.00666128322714091 0.694768281348871 0.595936376876015
-0.0536456236664582 0.0981181781209225 0.713098372772351 0.446449545204068
0.0129063933860272 0.0870062500388079 0.495453261444666 0.255206636853488
0.067603816245854 0.0544555174893748 0.221340745815749 0.0770991681371763
0.0615579718510359 0.0382817439654183 -0.0187320658368576 -0.0511116057638865
0.0785794901784199 0.0251907288473584 -0.317861623761399 -0.118081775907407
0.0469370788018795 0.0511317667968659 -0.544208397011491 -0.155092229029204
0.008113719035135 0.0424374394445342 -0.714898675251815 -0.116897893575192
-0.0114050685665256 -0.00987629473430963 -0.713701976141648 -0.0796651512969574
0.0135357064349038 -0.0473883333621082 -0.583741601635673 -0.0458563435379642
0.0552815428281685 0.00640967385062047 -0.411105154135616 0.0485374009155194
-0.0139311414200569 0.0852181759665237 -0.323836654888009 0.13551271685194
-0.0591549434995655 0.144525497841328 0.386470534241488 -0.00891586604363906
0.061444583179558 0.0641070974888395 0.401922406425097 0.00143323096067742
0.0184005593221924 -0.0342683725221832 0.474692799507937 0.396559613672568
-0.0844309538707457 0.00158301063700562 0.723553482230087 0.520077938792072
-0.0540252979130967 0.10975627461124 0.725267801358672 0.398425687141937
0.0287490883193374 0.100867816692237 0.510000510518364 0.24137208529928
0.0879022170035113 0.0628721203141645 0.241264613061276 0.081762437920912
0.0797310540086783 0.0452451759146876 0.00816500783776019 -0.0435630759603875
0.0983553359258051 0.0344086600182143 -0.293347619705385 -0.12046904976023
0.0594102431334469 0.0665362475511875 -0.528240971278118 -0.170795968967731
0.0013042191711913 0.056075759527029 -0.716092719570596 -0.150476007867793
-0.0270756970928827 -0.0164667731028553 -0.726601306694968 -0.13512813271426
0.0195846598577486 -0.0610714518247847 -0.581191496148127 -0.0980200373825793
0.0640178244301538 0.0172058416460264 -0.406082967598652 0.0351692345917543
-0.0306384019125767 0.110659478046268 -0.326760736915206 0.119818621877529
-0.0513788874892909 0.149768708781762 0.38187195456082 -0.0458116134487078
0.0664775696352043 0.0545379788073983 0.397370679529554 -0.00117265258203406
0.0109705315440344 -0.0389311163535371 0.528172953593204 0.330547195527665
-0.0871804179216586 0.00738982550919712 0.749049241670527 0.410942935438151
-0.0440270292437075 0.115076308265552 0.734737353363197 0.331218961169755
0.0398622091749729 0.103734073265753 0.53154926007163 0.220024497820125
0.0964241065293314 0.0637380110084581 0.269776721934013 0.0844180038267382
0.0881288336702223 0.0475291097232152 0.0401294213960825 -0.034539313951366
0.107849598561592 0.0409407419339137 -0.261386873835752 -0.123398132361294
0.061604877240606 0.07773214028546 -0.505200691393907 -0.195422814940044
-0.00553119443602227 0.0604960723843403 -0.717773769772486 -0.204672831359394
-0.0342735330190821 -0.025511192627438 -0.737924675987432 -0.21930644317007
0.030022457156879 -0.064114671776285 -0.567315432254469 -0.175533078773549
0.0639864031372426 0.0304560410575169 -0.398988771922384 0.0185764801710823
-0.049232675662 0.116717407079911 -0.332506913268735 0.0987967498789674
-0.0377059579957491 0.134343736462383 0.371211064339445 -0.0787558542096112
0.0589291685194524 0.0404330702457789 0.399176182855893 -0.00859222290290385
0.000131591350449252 -0.0345159260684832 0.570560876147202 0.246799476122878
-0.0799276730852386 0.0196964293861265 0.758793464791575 0.296846312425206
-0.0300356837949097 0.109259306827028 0.737922024577774 0.258057405969645
0.0443307591915506 0.0952698427913421 0.553783110049314 0.188660140456853
0.0939108812554766 0.0600045598958965 0.300157140616244 0.084351869799972
0.0856128302674934 0.0455975013533282 0.074677546041793 -0.0253607638354517
0.103674422570167 0.0442023032266927 -0.228212992631149 -0.122122487211244
0.0537836146634089 0.0791889804811323 -0.477859202889531 -0.22163357034071
-0.0121751224082509 0.0577353894621451 -0.711849074143396 -0.27274580653524
-0.0281262114484334 -0.0318108000994306 -0.736635338879443 -0.327048291092008
0.0393297075579364 -0.0561990354531377 -0.537317081801284 -0.260302103369009
0.0517162807934138 0.0404645992951283 -0.393048858709661 0.00159861119897473
-0.0623226980451083 0.102714973811764 -0.340027076998935 0.0741343173087047
0.0573141268940823 -0.0622132708772155 0.365987401123952 0.0323759340312999
-0.0284671695209702 -0.0293568816246695 0.427070381646137 -0.000921772202544404
-0.0326330077408515 0.057775358165398 0.501774077413167 0.345417531272333
0.00905352241688457 0.0847723844221079 0.745911049963913 0.450686773146272
0.00345663766501435 0.0275812903196885 0.736580059026542 0.342331030806093
-0.0442338616842409 -0.00281042748621514 0.525345131703585 0.201367207169318
-0.0473559245370091 0.000512092923302048 0.248726182191892 0.0747046792633552
-0.0462714245865216 -0.00273513617495021 -0.00740946696479611 -0.0415646540497776
-0.0355357270906829 -0.0156259520078783 -0.299610817127181 -0.128062921143721
-0.0301119736543268 -0.0195182385829769 -0.532440114597117 -0.20317125671526
0.0214758606016194 -0.0265005464646237 -0.730857406719806 -0.207765166779529
0.077310902821071 0.0194224090900687 -0.724305389091265 -0.191190781840527
0.00855498337213268 0.0365538962060026 -0.575965332047137 -0.133940537260984
-0.0174208314328898 -0.0218103924344307 -0.424028901619387 0.00681921281377017
0.0401224519868029 -0.0823555260271109 -0.341842624873139 0.108541757841659
0.0390385947048156 -0.0178834545856761 0.368672215944533 0.0516036751952796
-0.00435347290829739 -0.0128715392552591 0.427055987693691 0.00306867771596751
-0.0264817250585517 0.035342367274375 0.449814214419274 0.40266904891491
-0.0166225771657424 0.0703155455740121 0.713907754637142 0.550480580979775
-0.0112021322310598 0.0446574015944121 0.721520841046062 0.409672522499131
-0.0314834633136537 0.0126538778178757 0.505772483906777 0.227771353630837
-0.0231200741830921 0.00919730278994873 0.227055755232868 0.072569470957121
-0.0228248785336881 0.00726996961296899 -0.0285141956557109 -0.0486452386710745
-0.0111325394984999 -0.00493985396534281 -0.320660660703727 -0.123029405098019
-0.0135014337259042 -0.00234038397408749 -0.549168468656893 -0.176240848886541
0.0163646522101842 -0.012514874309081 -0.725038874450464 -0.154435669195868
0.0581740751985443 0.00748980891335796 -0.713791620575701 -0.115579308438676
0.0138421456472335 0.0159889828426013 -0.582647424090777 -0.07010876599301
0.000202491054373862 -0.0123383299487722 -0.423591072424193 0.0287213487063672
0.0265704828208648 -0.0425687562986464 -0.332243188109445 0.12659735656872
0.00789879571981556 0.0295435881321959 0.37311585923604 0.0578712273689172
0.0182389542286005 0.0133382362136453 0.425807649564699 0.00189614185175854
-0.0123407304912259 0.0140470915330044 0.413529851917034 0.438343683573273
-0.0404897232147888 0.0478926719351602 0.689464911867218 0.613407793307084
-0.0279182637954709 0.0639161824913332 0.710568648329128 0.45074078798732
-0.016954250009579 0.0377521100501567 0.492154741423018 0.2436547915243
0.00763860878385244 0.0240957231228403 0.213400054822407 0.0709310037800941
0.00562321157926312 0.0183237463606083 -0.0373510299246918 -0.0540745246487697
0.0189354710215887 0.00532290557041012 -0.331733192627509 -0.116809666285396
0.00719796330599533 0.0147680322991144 -0.553030496828074 -0.155402119718458
0.0138132667217373 0.00566267759501011 -0.717084693027962 -0.115451541831458
0.0353352453167215 -0.000439375950389804 -0.703678924878829 -0.0681448587956033
0.0149378535992419 -0.0059059315022462 -0.581330152049085 -0.0305004779893503
0.0194123328574156 -0.00544665416712592 -0.417505190483597 0.0452092070377089
0.0133780145742158 0.00208754855282722 -0.325402014012711 0.139038075800378
-0.0277343679781432 0.0773461854411262 0.378145569913053 0.0508029770923554
0.0342827653713524 0.0418763851695917 0.420992348445961 0.000580929325918331
0.00438725573762365 -0.00500402213762549 0.404649366033343 0.44823826141585
-0.0581042828867254 0.0240776008392726 0.677808002739473 0.62478760590664
-0.0442572351039439 0.0807615795052275 0.704295375409544 0.46188626175219
-0.00243062447986239 0.0637503209493034 0.486411912454142 0.252885051635046
0.0391550024476876 0.0383330881892496 0.209639367297714 0.0729597967660147
0.0346856740904114 0.0286991644796975 -0.034221108094205 -0.0548093302117161
0.0495024234469225 0.0150155055787163 -0.330384496679323 -0.115929138092142
0.0292123977179359 0.0328626206405691 -0.551793775567315 -0.148634784468502
0.011645666671793 0.0242525747367414 -0.712752527325273 -0.102545740707444
0.0107642234510344 -0.00435425561121099 -0.70200146405714 -0.0556736175206591
0.01333353417933 -0.028884773396319 -0.580070869502826 -0.0222254760392144
0.0392415418311589 -0.000201562457674068 -0.413773745745369 0.0516473181317497
0.00136263086464393 0.0467853803671149 -0.320921174779777 0.141662279490417
-0.050530097140159 0.117225448789148 0.38363296349367 0.0241590039045954
0.0496804074969533 0.0605650404705916 0.411813138801405 0.00165630620495301
0.0153482956212116 -0.0206678257155492 0.428071847849035 0.433607703428411
-0.0737310669292235 0.00661996000572045 0.69305815389354 0.591647599656206
-0.0526783346924005 0.0967026005977887 0.708394467232191 0.443510509390054
0.0128608535462637 0.0863407810159716 0.493462703560565 0.252530245831938
0.0670887792627135 0.0521092184427529 0.219552677777313 0.0764433003869277
0.0606958304859538 0.0375007402931871 -0.018416739843349 -0.0511382433384698
0.076977185479847 0.0256715191750913 -0.314757224796165 -0.11598445833859
0.0474224006722916 0.0506108258503968 -0.540638194335061 -0.153596184452714
0.00754247132068249 0.0424273078444975 -0.710370605142087 -0.115134686033882
-0.0118844201907521 -0.00963038291854484 -0.709519278377116 -0.0773642902009632
0.0136865330709387 -0.0469721175000483 -0.57990979962517 -0.0435113114566361
0.0549191765554479 0.00642412441934471 -0.409951108805186 0.0481200199793104
-0.01264273294157 0.0845843163377373 -0.32187675418622 0.132634161485903
-0.0573541003003296 0.143341838279222 0.384078120022321 -0.00973811639873389
0.0613471042773457 0.064415318762307 0.400331724633737 0.000121085741743892
0.0169379983010872 -0.0340486387988239 0.474191800625486 0.394734577506661
-0.0842540465629577 0.00208422321463456 0.721734866233057 0.513523787007799
-0.0523453380865417 0.108532779403826 0.72016004086671 0.396157100848173
0.0293403914358862 0.100404208697655 0.506560536784489 0.239478757403366
0.0867835564640249 0.0609836349380222 0.238969303081564 0.0818585514934825
0.0792771362009152 0.0444703399563776 0.00790303149826357 -0.0442085455059217
0.0976637577983271 0.0338953645636039 -0.291155951812929 -0.118982914367982
0.0587136480909868 0.0650541608156257 -0.523663742178156 -0.169388189098658
0.000874119776221316 0.0546945714465475 -0.712809866194467 -0.148797418493553
-0.0268082426911313 -0.0163605932110181 -0.722122350082197 -0.130922603745989
0.0195925224771074 -0.0602177391417207 -0.578262674024496 -0.0966696561996626
0.0639205557839029 0.0178720895027119 -0.404346336744925 0.0363943256096525
-0.0299670714956972 0.109204944313164 -0.324498712170427 0.118692631485879
-0.0511037844073035 0.148180511186722 0.379563187645414 -0.0463382230529814
0.0661499749279543 0.0541705215428073 0.394998039792587 -0.000880603810059579
0.00936657365373547 -0.0392756301172187 0.526512365845197 0.327770770769444
-0.0876246773100414 0.00709930477732132 0.745046515184277 0.410515247622625
-0.043928234514596 0.114708402652968 0.731658352508982 0.328742818425311
0.040673979467202 0.102158530872999 0.528670257529678 0.217611714616137
0.0958292008071615 0.0628057620714421 0.266784116577697 0.0838890389462835
0.0879483330770565 0.0472950591939394 0.0404797605284946 -0.0354290849192843
0.105795453111949 0.0409271392148827 -0.260172536530179 -0.121178522235566
0.0612582612906838 0.0761338265260638 -0.501861133696577 -0.193918951277706
-0.00586140123321681 0.0607799613862959 -0.713388785234567 -0.204442192837963
-0.0338824625552236 -0.0238774255714444 -0.733562635139469 -0.217037922087593
0.0299587013109888 -0.0636256421746103 -0.564825328773129 -0.173415548473729
0.0633411293380783 0.0304388690069174 -0.398108674938774 0.0170280454600042
-0.0482326967526145 0.115698748430863 -0.32966995641466 0.0979691997902745
-0.0372433289973885 0.132282295447303 0.367367640058583 -0.077109546217717
0.058290152909696 0.0393021044334145 0.395743324471518 -0.00988343760457876
-0.000506523707745928 -0.0341319544623911 0.566975529567292 0.245826560548873
-0.079880220487241 0.0200723373090151 0.75671602776347 0.294605603807014
-0.0289666626448922 0.108776101638321 0.733821163636684 0.254365267871181
0.0441236650526585 0.0942399183837732 0.552893456855422 0.186432721079883
0.0924908748159764 0.0580119307715837 0.297817701730108 0.082250866321743
0.0840171033397406 0.0457045555675007 0.0753995709462969 -0.0256183583277028
0.101920865313 0.0439975231821437 -0.225433446906052 -0.121610738178751
0.0546619133878172 0.0793164977636715 -0.474995985697567 -0.219498952671648
-0.0119612339475888 0.0575867400271111 -0.707205663427038 -0.269762089171139
-0.02663181568119 -0.0309650410572452 -0.732113088683071 -0.323249262697784
0.0396869878943449 -0.0561139812650674 -0.535881183857876 -0.259601326745369
0.0511232165172923 0.0398960173994388 -0.391567493974661 0.00145080450497131
-0.0607377500908399 0.101584642229224 -0.337127800234915 0.0746002126716693
0.0572594451870894 -0.0616830200402739 0.363888398905916 0.032060192917208
-0.0284985914446364 -0.0282636895587004 0.424789230585249 0.000513891884095051
-0.0332049443258847 0.0569528721629773 0.501759662703465 0.343725401137204
0.00830360522880709 0.0844564839359945 0.742829648257062 0.447427498371549
0.00314214722599404 0.026491069078843 0.731913029333485 0.341515037605686
-0.0438339934910129 -0.00252531793767219 0.522912439351617 0.200544648549098
-0.0466840080186041 0.00061304382251014 0.246937713949824 0.0737930875735657
-0.0455976305310737 -0.00256622576861242 -0.00692546772543467 -0.040518032417155
-0.0359088448799849 -0.0158491615863553 -0.296704762494177 -0.127038618639528
-0.0301027670132849 -0.0188043472825415 -0.530873187104181 -0.202172248141492
0.0215647482719812 -0.0254996023716558 -0.725870418528106 -0.205304081755211
0.0777156558570944 0.0185303986080133 -0.721409459755536 -0.188081175847166
0.00844285140466039 0.0367221797921526 -0.575490175599446 -0.132981545345665
-0.0154824479198536 -0.0202267055488656 -0.422417955401297 0.00620236590344331
0.0410142511525956 -0.0815093279255322 -0.338597389210051 0.106667428770343
0.0394738123650463 -0.0174910987547449 0.365247518354943 0.0504100716338745
-0.00405342588654868 -0.0125842864009375 0.426391234060857 0.00208741554167467
-0.0268466672149296 0.0350873991817384 0.449656074908214 0.401777976395414
-0.0173271104708872 0.0696611871778774 0.712163019186879 0.54675002420457
-0.0100981715455053 0.0439391309980225 0.718592949311354 0.407010902068503
-0.0314674493797839 0.0127077454212418 0.503695599733858 0.228012108342133
-0.0219677243617622 0.00892029277514664 0.22574844980264 0.0718256836192725
-0.0232928854208497 0.00622594206635205 -0.0276387283120294 -0.0485379180000213
-0.0126255085016174 -0.00511702842888693 -0.317813108639955 -0.121336942244708
-0.013749081314002 -0.00148864453007529 -0.544645325943049 -0.174344255456958
0.0160684156297195 -0.0116501163504385 -0.721692720633577 -0.151211223313671
0.0590098672500152 0.00761628969448871 -0.711522057393267 -0.11286429024267
0.0137375888727027 0.0159686563379717 -0.581524104648843 -0.0686539743975591
0.00119658774476232 -0.0123711207880041 -0.422238320040472 0.0298239238981327
0.0262958113677067 -0.041758067846862 -0.330948891750084 0.125135886025953
0.00754342279287913 0.0299116204231659 0.371252809738782 0.0583478383982607
0.0165297320376729 0.0128442103810525 0.425168768576114 0.00360173557317601
-0.013682377845742 0.0141993798782944 0.413972955926027 0.436233190046936
-0.0399418146444061 0.046091912259664 0.684562376582939 0.609632700241111
-0.0283751233207824 0.0626511910543117 0.708002762505827 0.448625444201909
-0.0171312914021217 0.0365688320513667 0.488131636656246 0.245038936507614
0.00823307238130012 0.022040639452551 0.210670419097445 0.0705488399621521
0.00515462902338069 0.017687711903633 -0.0372380165284299 -0.0538249645544696
0.0182747774472181 0.00463763839222728 -0.329356214195469 -0.116116691274008
0.00725068837577922 0.0164879588799791 -0.551016189486505 -0.153736801501914
0.0129163757899001 0.0072242239190583 -0.711164844841576 -0.115492034721692
0.0355317820430864 0.000695172570143839 -0.699546642405607 -0.067909013717909
0.0143338661520126 -0.00615956462031121 -0.579328546851676 -0.0291324486734487
0.0204309020990521 -0.00566595919956392 -0.417613074701958 0.0460320696366731
0.0141983835305096 0.00225330254122874 -0.323580775963337 0.138318906659723
-0.0260071519302593 0.0763951048686245 0.37574369722954 0.049227694811463
0.0332127053271248 0.0412322570692617 0.419135558895224 0.00169838960881988
0.00362130163110008 -0.00465531817232586 0.404629610661347 0.446286051427983
-0.0582883914256827 0.0234884545331617 0.676521996469533 0.622535919790137
-0.0441039289911542 0.0812287333930467 0.701845454774231 0.46139293734201
-0.002749029649563 0.0632771082617921 0.484302985413792 0.252752573169197
0.0387334930934499 0.0372839312571518 0.209063085576396 0.0707188690906762
0.0343758674425011 0.0283377687642058 -0.0333139307177213 -0.0540596612809658
0.0485951409137919 0.014927733978429 -0.326900467394139 -0.114030825389609
0.0286785651382434 0.0337505049487867 -0.547173572323548 -0.147016415672207
0.0115139329693126 0.0246221222150349 -0.709598223412606 -0.101524128113454
0.0112121593811905 -0.00350141030110782 -0.697502842952429 -0.0553713725200362
0.0125068004074633 -0.0273948280972373 -0.57824004408172 -0.0197244450053503
0.0383297417971057 0.000244038505435275 -0.412071295393145 0.0515868774659774
0.0019970136983151 0.0462779106670536 -0.319792967438434 0.139975846417591
-0.0500559889612563 0.11737152670897 0.381560704271905 0.0245575114986906
0.0486704915982714 0.0613766940814944 0.410983842788237 0.00231340778831902
0.0143068969765225 -0.0211381684534477 0.42661223424785 0.432118340663335
-0.0731537652518978 0.00735177632295912 0.690973279647831 0.588165912818779
-0.0525071197664673 0.096201536701615 0.705352663578014 0.440025178641377
0.0128289860964777 0.086108058469206 0.491331162288666 0.250400944453383
0.0658088117752613 0.051494403299838 0.218100666219155 0.0758031004643722
0.059920211090098 0.0374000330983588 -0.0185524449969799 -0.0510931411543734
0.0775299097374075 0.0240498434577746 -0.313473588798764 -0.115419110361605
0.0475479703136006 0.0503172883547289 -0.53856417996356 -0.151857369941682
0.00808734881486571 0.0423865398263594 -0.707982539261148 -0.113880609859825
-0.0111101335616523 -0.00846354665332053 -0.70487884392697 -0.07521443979405
0.0135761938909371 -0.0466029519130802 -0.578828904390748 -0.0428010940123776
0.0545992381071241 0.00703732580171225 -0.407857033644786 0.0481115020514784
-0.0124169952897773 0.0839750013954615 -0.3194806205166 0.132750385406681
-0.0567955519057444 0.140914589562551 0.382093960186718 -0.00899556324936473
0.060099054663531 0.064645057484952 0.400324645267868 0.00145302447984089
0.0163938817040401 -0.03282714659032 0.472692990674649 0.392161102676274
-0.0838751772281602 0.00147256147465271 0.718901189584177 0.510228281508226
-0.0522100316181933 0.107931539657608 0.716174141432985 0.392530473632851
0.0285991613149465 0.0994853412710302 0.504912230582941 0.237812237725922
0.0865921126058388 0.05935074388718 0.237624052689196 0.0803244766569504
0.0791713290791316 0.0441964062711596 0.00838648839834405 -0.0446855263446334
0.0966630804344747 0.0330001203491477 -0.289611127652079 -0.11808805697417
0.058520525113116 0.0653001381633918 -0.520622257623494 -0.168010918368432
0.00191707450578461 0.0545292799906706 -0.70926759029499 -0.146873909560947
-0.0264838007297386 -0.0157051540756004 -0.719233404624614 -0.12954704377583
0.0194631937774504 -0.0594450501685059 -0.575711186105476 -0.0963033274075045
0.0628429356376021 0.018525147511996 -0.404442676628142 0.0348418768312867
-0.0290212363845575 0.108727145753129 -0.32263557858095 0.117164291434038
-0.0506613176177941 0.145967722967556 0.376174848261927 -0.045307504304423
0.0643040456051915 0.0539342846156198 0.394722840078561 -0.000371502683194658
0.00919299506545334 -0.0383566936219416 0.526424926606317 0.327102517397134
-0.0872069625167986 0.00788909917038849 0.743376332354284 0.406400071637045
-0.0434776816140648 0.113557555974066 0.728880755998292 0.325422459772256
0.0400869866061683 0.101152864110619 0.526000984546131 0.216440920224486
0.0956301803971846 0.0605712315049758 0.265352010413315 0.0831056127463367
0.0868018264985667 0.046243617521737 0.040675066231335 -0.03617744687196
0.105233213354474 0.0398768798425622 -0.257879122293904 -0.121250829283056
0.0616823192262963 0.0752251633566112 -0.499170101513379 -0.193404155324628
-0.00547099033441599 0.0601290268789294 -0.710917929149742 -0.201168457310565
-0.0324656986045825 -0.0249387968324143 -0.729349435483063 -0.216348475007757
0.0293896517164033 -0.0631208590748182 -0.563328573675959 -0.173880696574904
0.0634470869033717 0.0313607638470449 -0.397165778136617 0.0167962408506373
-0.0475806501248425 0.115525675964284 -0.32725415028616 0.0973855323771755
-0.0363784182034397 0.130966481958077 0.365931212594086 -0.0773911878491783
0.0575216524263278 0.0392508081688563 0.395751789842439 -0.00908335356037264
-0.00148731170604274 -0.033612843005375 0.567826957453627 0.242875340120758
-0.0792370445616336 0.0198115808985094 0.754947755887024 0.290804119479328
-0.0287447551256678 0.108479855725378 0.733301758675019 0.251405456706371
0.0446427851488667 0.0929409512474994 0.549058022864959 0.185328522524043
0.0929545003569555 0.0574386939330186 0.294627846921563 0.0812032635334112
0.0834556083116544 0.0451135997676378 0.0741545246793745 -0.0260478077821114
0.102038446132492 0.042476457213789 -0.224548258568024 -0.12102079337198
0.0547288036452648 0.0787092532019029 -0.472261160998244 -0.218097382636381
-0.0111205004167437 0.0575534169570721 -0.706113163891165 -0.267856086238346
-0.0268885980073203 -0.03043938073756 -0.727422262105279 -0.322167216826476
0.0389136776016674 -0.0548060729472075 -0.533416412842965 -0.257098292188765
0.0508829053312149 0.0406365430125627 -0.390709613887866 0.00118913149195401
-0.0598157265212396 0.10146036557358 -0.335364546279323 0.0727506618393814
0.0577658887067302 -0.0600717714892544 0.362759863020358 0.0314481651092532
-0.0282065470693909 -0.0276150002139376 0.424867941214459 -0.000149299277217588
-0.0333997676352262 0.0561086458628809 0.499681798582718 0.341691449228973
0.0088597297541393 0.0831873257156943 0.741893939583732 0.444863455512161
0.00335965862304344 0.0276242493084117 0.72947705877951 0.338301843465355
-0.0441685950006465 -0.0026900032408507 0.520199106751985 0.198552429932761
-0.0459296390169866 -0.00039477428309828 0.245762725766553 0.0728396418347116
-0.0456895917604381 -0.00368095321734026 -0.00652488718902645 -0.0413437521828767
-0.0362319026724737 -0.0155873452458984 -0.295444172165644 -0.125017714883088
-0.028778032294805 -0.0184074383125942 -0.5279151548557 -0.201558084354393
0.0232688382263565 -0.0246799002831911 -0.722264415978216 -0.204955234363669
0.0761138687978539 0.0185792231658802 -0.71829871964219 -0.187442244139263
0.00854601673157077 0.036434088785888 -0.573785274800005 -0.131493731681286
-0.015277473158593 -0.0201016104748441 -0.421242502209914 0.00505623680472962
0.0414000494574611 -0.0798029107008305 -0.336903984107168 0.10663380958157
0.0398193514172896 -0.0182630434845946 0.363542688613847 0.0509393275637996
-0.00402160239375148 -0.0119522238045824 0.425225263105535 0.00219933461980884
-0.0277363643173565 0.0347437035902788 0.447851594959861 0.400554119693949
-0.0167861215905915 0.0687701963189432 0.711012333148384 0.544454535962515
-0.00968904878214629 0.0450466228198226 0.717218039928248 0.406514010826872
-0.0310772596113666 0.0133032373425627 0.50107777572462 0.226058210626285
-0.0219356091055753 0.00682838542939315 0.222493419801982 0.0710680874409529
-0.0226397196921582 0.00711263823127116 -0.0275207986762665 -0.0494637619134211
-0.01104258981684 -0.00547533960382195 -0.316148932411099 -0.121183288060834
-0.0135169790675808 -0.00167904597302059 -0.543202315229957 -0.172954196774803
0.0159161098958001 -0.0112429721292248 -0.720075424355397 -0.150146341726214
0.0590556092933819 0.00815878348213442 -0.70844053712901 -0.112948973149276
0.0137080408100031 0.0153998519762754 -0.580299807425482 -0.0684927057656154
0.00222107350697334 -0.0108439397098295 -0.421507214190839 0.0293762516490605
0.0274890634838551 -0.0397354657655478 -0.328591087972766 0.123337952743077
0.00813018061193554 0.0294500593135746 0.369410097709066 0.059277411694105
0.0162033589075732 0.0148528956104771 0.426009006471832 0.00246121326862388
-0.013534281390528 0.014284004220623 0.414017141310755 0.435006671553396
-0.0400800754666421 0.0457619450031612 0.684308039930667 0.605353563441496
-0.0270888280416285 0.0635611917811975 0.7048941159453 0.445635290289108
-0.0185396478703439 0.0372949885908101 0.487210870540276 0.2446144726477
0.0078315759986821 0.0214485845486778 0.209809742187574 0.0697384891306041
0.0048025496257002 0.0175727304124876 -0.0366537669492227 -0.0535274522388844
0.0181971097085315 0.00533218546329529 -0.327438916090443 -0.115632090226204
0.00760185458550681 0.0158181208011712 -0.548892003608709 -0.153243346784313
0.0129724698213049 0.00674480086838976 -0.711261722302215 -0.114508596765331
0.0352619476072585 0.000316190957427281 -0.698666862013724 -0.0654838793343975
0.0142144842786688 -0.0056458588745877 -0.578545298171347 -0.0289512130614393
0.021260958612304 -0.005619386178169 -0.417674927653311 0.0453516606660378
0.0142163168599597 0.00400758025126894 -0.321964865726308 0.136180649559155
-0.0254876957324848 0.076396943465736 0.374969636573972 0.0500857432663483
0.033362126706372 0.0421529863993927 0.420326833852684 0.0027416671572794
0.00285403743754533 -0.0034885399398305 0.404423622933453 0.445355464142466
-0.0580658177129526 0.0245272272120208 0.677232132401642 0.620164660419654
-0.0426550736921672 0.080634390799447 0.699247527268485 0.458326375150124
-0.00285477660567677 0.0625756948732159 0.482527515321623 0.252250404670741
0.0385842156770674 0.0359813623383426 0.207186676601411 0.0714063403706886
0.0333299400972685 0.0286748504308417 -0.0334710936310395 -0.0544006765980972
0.0481112560368628 0.0148583411180568 -0.324505538488004 -0.113802819311615
0.0286276985110512 0.0326918400048064 -0.545549912573935 -0.146551452998029
0.0111251572870365 0.0246863781644417 -0.706280291908728 -0.100954977842393
0.0110687618888255 -0.00450115982236912 -0.697244269312015 -0.0531525692717636
0.0130145064592301 -0.0276432185307544 -0.576218407469305 -0.0198548668251899
0.0388083523300779 0.000194544638311967 -0.412364934311235 0.050742180145641
0.00234462199273741 0.0469778753881306 -0.318442055772358 0.138757460991234
-0.0493696559676582 0.115250375943141 0.37939759907404 0.025524910601728
0.0473062463549185 0.0608503648995797 0.410541327785335 0.00225953637442582
0.0138276301289926 -0.0200668617112691 0.426271235495075 0.430035185207765
-0.0721565201765653 0.00691653348658956 0.690452620766303 0.585530449081456
-0.0516124090616593 0.0960262948199774 0.704456220107744 0.438667310159003
0.0124698141142059 0.0851646122825932 0.489022063866969 0.25140212181949
0.0651384562364232 0.0499261660018127 0.216419517499085 0.0761718348714598
0.0599525698675951 0.0368937258065612 -0.0170295543589924 -0.0512398320538513
0.0767681491757697 0.0235778328479476 -0.310818953993682 -0.114331129531692
0.0469894718627237 0.0491312098602998 -0.53565874253298 -0.151629714450372
0.00768980660453625 0.0425521221013392 -0.705824482083202 -0.112189179720366
-0.0110487019113111 -0.00892826464828374 -0.704104464607437 -0.0744662732445978
0.0139257457131459 -0.0454444294439631 -0.576492443461283 -0.043538463799381
0.054063349561679 0.00722075643415615 -0.408865545816559 0.0473628867634858
-0.0123330459080466 0.0842012069500739 -0.317985050573732 0.132758009433095
-0.0566217826176485 0.139694366220471 0.379485205013775 -0.00872412272208743
0.0599765050131858 0.0644782418077935 0.400580588272426 0.00204844509350832
0.0162415796977654 -0.0333215107002987 0.471171678168296 0.390232957156485
-0.0835516890330065 0.00231175724592896 0.718630484810193 0.507261770684909
-0.0522123090554526 0.107781235709971 0.715896662617958 0.389722185759474
0.028435901970835 0.0981984802528649 0.503493818281988 0.237733685282339
0.0848836834185289 0.0577815099622344 0.236430139131882 0.0798483062805584
0.0785793116049432 0.0435744115071155 0.00892141616810569 -0.0452890077341325
0.0956337014081108 0.0321706531887323 -0.287628299672937 -0.117187116750703
0.0592050678443389 0.0646826228412605 -0.518923047967586 -0.168012502588409
0.00205520116121663 0.0538915927686173 -0.705615921688377 -0.147121001276001
-0.0263186956580345 -0.0168530186102511 -0.717582778499709 -0.127919805199199
0.0199069640470695 -0.0578807026866909 -0.573370071761313 -0.0957421941328212
0.0636257225490935 0.0186974038065004 -0.403796414538195 0.033967860716504
-0.0290979205986719 0.107513710723262 -0.321787128321299 0.116138710144194
-0.0501416214638813 0.145460657254705 0.375066272713807 -0.0441663276493918
0.0635779848388409 0.0545689023284512 0.395169380528023 0.00032924071212191
0.00851520706178524 -0.0377892436110831 0.525193470819813 0.325179011675203
-0.0863157068196785 0.0073228492692617 0.742103080768457 0.403260069771589
-0.0420359296244132 0.112800627320268 0.727311435974454 0.323260431216707
0.0398142412205114 0.100408639781668 0.52505584573155 0.21628591598488
0.094833719522658 0.0605734001052883 0.263254700895161 0.0818055836252359
0.0863188723689177 0.0464827817635974 0.0402319742277922 -0.0361550725151537
0.104629063628938 0.0396292772620198 -0.256155456471496 -0.12008760937761
0.0611073344524194 0.0748022675781703 -0.495559669147738 -0.192512941927355
-0.00504647229169504 0.0601559203991615 -0.706432028421588 -0.201298096375026
-0.0317903852217526 -0.0245151410881848 -0.727245657183012 -0.214584869594589
0.0293434098594758 -0.0621191441945848 -0.560843234382427 -0.171433614828199
0.0618702194583236 0.0313227028488517 -0.39738358501493 0.0166557468061966
-0.0461423749878762 0.114205279501924 -0.327163930351043 0.0956189861144974
-0.0369721709033637 0.129608903554327 0.364037734259025 -0.0760448882396359
0.0565121053523956 0.0399356945372745 0.394891435102223 -0.0101824826229276
-0.00157108204703051 -0.0323502439783741 0.56674118921477 0.243698014598446
-0.0784946129240707 0.0192819903371667 0.753403144410418 0.291036581080228
-0.0271820822155492 0.107594504697101 0.730433229994885 0.24974022686276
0.0438133394366738 0.0923128174978243 0.547769660035927 0.186695580466691
0.0916677311339296 0.0556895708002536 0.294730863193341 0.0821829544161969
0.0832556807695572 0.0444295181396902 0.0737442774326997 -0.0276446462324104
0.100572086742946 0.0418546029695065 -0.223085915832192 -0.12073489927414
0.05426784593403 0.0776795268854579 -0.469110815528166 -0.217571365983152
-0.0102462562626981 0.0567788507881874 -0.70203637732299 -0.267688209004604
-0.0271961259181993 -0.0303877957373405 -0.727122665567816 -0.319000657841018
0.0391789283748448 -0.0551615299950245 -0.531685405552061 -0.256040289794314
0.050052435904035 0.0391092849334987 -0.39014565721757 9.4417432734652E-05
-0.0588158479703901 0.0999100541103247 -0.334027727004197 0.0723760248986928
0.0580052592507878 -0.060477362082102 0.360156162064929 0.0330209356645123
-0.0276903519893359 -0.0265866547467945 0.425412004435076 0.000882310396368628
-0.034886741662849 0.0565059581160768 0.501269105511589 0.342591274642682
0.00885113435979869 0.0814859383210375 0.739910652065991 0.444050110968537
0.00319565173817539 0.0280158309404759 0.730923942491108 0.338772506129861
-0.0434744892746231 -0.00264371634496022 0.519079361421309 0.198867074125799
-0.0461419142395892 -0.00120676286983263 0.243552284525044 0.0731330503799081
-0.0448815677861831 -0.00192039460041724 -0.00597423099405314 -0.0413582111587702
-0.0352619669554734 -0.0150073566306772 -0.293042954076765 -0.125144272711029
-0.0292561758568369 -0.0185449143877011 -0.526824083267404 -0.202159201957769
0.0216170912580077 -0.0239344166260352 -0.722404827319501 -0.204535575574867
0.0767196629103912 0.018286918245686 -0.719124473502736 -0.186516234057584
0.00832704850726098 0.036641681637642 -0.574210650395907 -0.132102242957226
-0.0138083945714336 -0.0191654227934245 -0.423078074771801 0.00557516792167989
0.0417301564559024 -0.0787356929980323 -0.33611355541823 0.105844516455621
0.0403223734593529 -0.0185544603619442 0.362445274376063 0.0532548056595203
-0.00418209950228037 -0.0120477789291703 0.425723798605262 0.00412009702564287
-0.0279002063092422 0.0344550475220556 0.448679247124906 0.40031389903821
-0.0164454390012112 0.0686546743238265 0.710080812984937 0.543231276237974
-0.0105605713512526 0.0446629924845556 0.71677279675695 0.405294477830551
-0.031160726812628 0.0121423904837106 0.499643416092696 0.226378960215215
-0.0224463264724903 0.00665038517761844 0.221888126227396 0.0712199307594597
-0.0227707542685164 0.00679583148605305 -0.0281079623405018 -0.0498219679576577
-0.011011173886529 -0.0046497817663931 -0.314826167423512 -0.120590663681276
-0.013098913576098 -0.00202486899687067 -0.541125299775169 -0.173218632802034
0.0174351417440892 -0.0108319112429359 -0.718636968673151 -0.151406002955375
0.057555324176964 0.00661205315473318 -0.707656514427836 -0.112191641168598
0.0144712259391841 0.0163722754477241 -0.57882421753204 -0.0700205189828128
0.00289319188973327 -0.0105700626825585 -0.421988566013286 0.0275862192986675
0.0277732976561985 -0.0398300858085105 -0.328395797811741 0.123559925440759
0.00888463871176076 0.0288899800684232 0.367824037321232 0.0595883457391211
0.0159742425171934 0.013985419436489 0.425281379138123 0.00486290934299487
-0.0143497611839439 0.0137869779339773 0.414463293469262 0.435163955678
-0.0390425758357487 0.0466832292779885 0.681718348258918 0.604437326794328
-0.0271361647476721 0.0633170754604741 0.704118227592149 0.446876037143314
-0.0166098555438738 0.0370579118049649 0.486551170422842 0.243317100274603
0.0078191027710553 0.0203164676894514 0.209371876923679 0.0696149209829843
0.00493306631018431 0.016805791343609 -0.0363910637425895 -0.0539032766915341
0.0174518150500524 0.00511048160545407 -0.325296248413347 -0.114752432155787
0.00793811871451501 0.0153012991965512 -0.547815943203769 -0.152332869997156
0.0145950459591437 0.00651081052680487 -0.711208910707204 -0.11374297080193
0.0349998575103906 0.000275975862379516 -0.697525523658921 -0.0662210932136373
0.0143830137843958 -0.0056942145636819 -0.577437124323414 -0.0295535171570369
0.0207601461884313 -0.00468214421367831 -0.417108060306224 0.0449041061365721
0.015456124308791 0.00384948073190816 -0.322353047124794 0.134865695659211
-0.0247762803281104 0.074451513389734 0.373099201976768 0.0500033794098192
0.0320276099549219 0.0420570118098078 0.420873301649548 0.00353707364336356
0.00148051489115927 -0.00381896638274263 0.403711260339973 0.444179378329428
-0.0565407870852013 0.0237594093726368 0.674857255774547 0.618890015684063
-0.0423357251519634 0.0810083943890432 0.699175223869476 0.456420391761618
-0.00208451218718263 0.062603321378766 0.480734816000351 0.251259856171649
0.0379782167716743 0.0351213771122895 0.205813149353331 0.0721292223982041
0.0336519503215569 0.0280358113897595 -0.0339531256900863 -0.0548431942481866
0.0491661771103349 0.0142535071371087 -0.324397953156621 -0.113996260620278
0.030536149898192 0.032292590380046 -0.54512873229842 -0.146518966896649
0.0120870470316125 0.0247366473341485 -0.706885911167625 -0.100340548103918
0.0114769408290139 -0.00342431353756795 -0.696260896715234 -0.0542820182362274
0.0138936461454772 -0.0272847805136941 -0.575798872788055 -0.0202413059107317
0.0396023630990801 0.000478790525481589 -0.413661621835118 0.0512830655786773
0.00375504092227931 0.046580506080456 -0.318491338570933 0.136389484474383
-0.0486156776452284 0.113906006337027 0.37732853312082 0.0255635678920919
0.0465282297123364 0.0601032110626534 0.409288769608524 0.00299065678881279
0.0132164440944574 -0.0200314898514179 0.428174189256869 0.429741049890488
-0.0725016151927055 0.00688950060861175 0.688510555246864 0.58529125534782
-0.0514450350298795 0.0968680495604343 0.70391168372646 0.436636420239795
0.0126071584053815 0.0840904121420506 0.487530592448464 0.249603696814996
0.0649684214995513 0.0490145667936727 0.214996209842487 0.0756447844016938
0.0598262235730603 0.0362231299511925 -0.0170938511392212 -0.0519397544283917
0.0750589939018665 0.0246473034156281 -0.309182477478762 -0.114152163145859
0.046844911551011 0.0498274442825402 -0.533877389987998 -0.152794263022105
0.0078282501162785 0.0421486237826448 -0.7054434961135 -0.11305503890106
-0.0106660654808883 -0.0106896567615055 -0.702866419610514 -0.0756518125554131
0.0150475862603732 -0.0457393252451509 -0.575696910389461 -0.044176453485357
0.0539315142601171 0.00828759466448825 -0.408019624952854 0.046518789806342
-0.0114891927531977 0.0837402795497244 -0.318618315597593 0.130377996375206
-0.0562705878007854 0.137703395236198 0.377302161641242 -0.00664139386264706
0.0584107903507465 0.0647449795823828 0.400577747271922 0.00297060390129469
0.0149920365657292 -0.0321931565551309 0.472400208346466 0.391878200837336
-0.0830607592477953 0.00170542074091196 0.717370291038598 0.507435396062691
-0.0509844832542606 0.108594069868949 0.714886495167323 0.388695553361804
0.0277627289953988 0.0981047063655964 0.503203175094708 0.238824582203793
0.0847280707207205 0.0572941192044058 0.234772128206598 0.0802330351064932
0.0779600330061042 0.0432321240868326 0.00859551675695732 -0.0453861162966469
0.0953731672826115 0.0325087085703329 -0.286035013100381 -0.118283272231233
0.0586850284821484 0.0631358746855261 -0.516478227040743 -0.16806261568456
0.00300088521378425 0.0553326509173566 -0.705411297638514 -0.147076457680461
-0.0264194903189676 -0.0164759223567148 -0.717613117880341 -0.129022913599546
0.0211794186973737 -0.0583821064948478 -0.574352243949877 -0.0965203896607743
0.0626978826136241 0.0194467741220797 -0.403980399615207 0.033491225272773
-0.0280230842348797 0.107113412762591 -0.321279697101794 0.114606759761739
-0.0498223551827964 0.144015094497921 0.373444305967803 -0.044308928289788
0.0624663280723315 0.0553085372479408 0.394611902862656 0.00103157576139162
0.00704758309089005 -0.0370129242527619 0.525006097852088 0.32427784876751
-0.0868265081365124 0.00800902956556392 0.743041148585679 0.404157766064708
-0.0414646954918849 0.112947391029239 0.725011308790989 0.322711771245247
0.0384556127032088 0.0994917274560671 0.524291884234165 0.215709768401231
0.0934434178987705 0.0583511745196562 0.262416409655199 0.0828698825915237
0.0849889378212299 0.0461039303637545 0.0408199905765029 -0.0373493464315892
0.104880640390511 0.0393763910147397 -0.255791860326479 -0.120747371894202
0.061498005269765 0.0743620949183156 -0.494751962098913 -0.191739225260845
-0.00479963866909463 0.0598195537518294 -0.707617547029736 -0.19948818113987
-0.032091986653246 -0.024275820446151 -0.726013352951469 -0.214825006455403
0.0292264866770581 -0.061661941235292 -0.56128301416051 -0.171398697412856
0.0623497487518983 0.0318621999776541 -0.397356794834548 0.0143521896265759
-0.046594307245376 0.113543959633672 -0.327170748058151 0.0949808528587153
-0.0355975190110881 0.12912492098424 0.36377806957706 -0.074855019643243
0.0567412339173713 0.0395478604704207 0.395371097646535 -0.00998801765538625
-0.00226828037661205 -0.0321571085495803 0.565880910889783 0.243672869375797
-0.0789919001074142 0.0195270375013707 0.752418276106615 0.288545702819325
-0.0275312958832096 0.107599397347826 0.728782912047103 0.250575668499321
0.0443055335013052 0.0910481352498452 0.547382042171686 0.186434080527223
0.0908465493680725 0.0542792930614562 0.292430746138564 0.0821150257563005
0.0826766080873237 0.044357356016753 0.0738028021896237 -0.0268248369504387
0.100776543415751 0.0425150719479948 -0.222568764672884 -0.120282538411435
0.0543565304725916 0.0775665049303778 -0.468244576098963 -0.218628749381572
-0.0101592834643929 0.0568056825516827 -0.700686594071868 -0.267245960501616
-0.0255662144794441 -0.0298200163064741 -0.723993944163641 -0.319472301202365
0.0390039015103104 -0.0536017582898716 -0.530624506802714 -0.258255746531296
0.0497932968012454 0.0397778955567148 -0.389741236338872 -0.00252361901519357
-0.0588973412041 0.099897263563273 -0.333059283586141 0.0698094908669823
0.0599769131870631 -0.0599416599200202 0.360463088067049 0.0337145603455951
-0.0273795397939518 -0.0266827110128762 0.426173162898689 0.0011312897106909
-0.0338341615847249 0.0562213407343777 0.501644371538368 0.343496405102861
0.0078261997518211 0.0821694209763151 0.741800957793438 0.446786782802998
0.00367600260728878 0.0280133445462519 0.72790772628683 0.33875579820205
-0.0438231867548285 -0.00301346226856515 0.517991293660785 0.200927603656628
-0.0452754609836879 -0.00269851678786808 0.243166153489187 0.0731312495398875
-0.045534457780315 -0.00233927071908728 -0.00558653943181639 -0.0427067620583499
-0.0357549547614263 -0.0147986575960039 -0.293231541783222 -0.126374686438058
-0.0286959222662884 -0.0183780578646016 -0.526353853555041 -0.200780507570293
0.0214202049167963 -0.0241885606681136 -0.721591380211399 -0.204503943861289
0.0762641869076967 0.0178354465119581 -0.718398532444447 -0.186898280043356
0.00875467746365032 0.0365421500630825 -0.575499959476435 -0.132849684094973
-0.0136164489781419 -0.0198622267784732 -0.423490423618201 0.00491367686630801
0.0424509120413291 -0.0776204516707262 -0.335618581560236 0.10424360488048
0.0410118880217691 -0.0183037062856227 0.362010351758355 0.0524876904899524
-0.00341741116694518 -0.0113041984249232 0.426872663038571 0.00442910293781623
-0.0294706043150103 0.0344316237088902 0.45038184079259 0.403246719620656
-0.0167852708349277 0.0674811698742021 0.710694058593777 0.543857726095396
-0.00937603642632905 0.0460286127600543 0.71465840580669 0.406837356629526
-0.0311731013849 0.014032553896459 0.499386902811433 0.225962348456927
-0.0216506000692539 0.00592065733418609 0.221357960442178 0.0713430184141015
-0.0227028458843765 0.0060634807566553 -0.0259089973100178 -0.0498083181679425
-0.0120689708057557 -0.00442121555237224 -0.313983509778603 -0.120073977220751
-0.0113268565681443 -0.00198846861099461 -0.540302270477501 -0.173699442676458
0.0164601211953181 -0.0114467931006843 -0.718260647027176 -0.149296695048223
0.0583400246475259 0.00815943228139894 -0.70742593043524 -0.112705458896771
0.0142544663297102 0.0170972533639555 -0.580726431538921 -0.0701921779105867
0.00305069869358952 -0.0106035886914995 -0.422295605637072 0.0269434442412887
0.0284714333844931 -0.0393469315158581 -0.328077857090349 0.123041816628618
0.00992920255803164 0.0286301795066533 0.365344587991963 0.0593599083366097
0.0166945560135007 0.0148904521796077 0.425886398732816 0.00504541177853332
-0.0147630048520407 0.014407450537183 0.414272632254215 0.434409186103287
-0.040287984571671 0.0463494259849354 0.683162789403577 0.604787876260264
-0.0274179359807948 0.0633087557564015 0.704252148753384 0.447295263375012
-0.017490515559801 0.0358283973079439 0.48503353839767 0.244431481221516
0.0073109005619642 0.0187674269081251 0.207647757097796 0.0707060338091215
0.0053877892361717 0.0169898073971115 -0.0364370136886494 -0.0549173774027591
0.0178301313049484 0.00491211299687056 -0.32515998795147 -0.114222493178931
0.00826999169112943 0.0158683049599076 -0.5468537965489 -0.15292803575261
0.0143978640333232 0.00784086739911857 -0.709020673011436 -0.113305332927401
0.0348190581271586 0.00120579410026499 -0.697581335401192 -0.0669821800426661
0.0155802359480488 -0.00602543570294561 -0.579148071654913 -0.0306560354968397
0.0213695082613572 -0.00423108606262702 -0.419651711261197 0.0439967428794281
0.0159791469382339 0.00463261250320197 -0.321894039594278 0.134794896120952
-0.0242851314206307 0.0744525307898689 0.371920588285672 0.051021526973568
0.0321170601500888 0.0434808543067737 0.421348492737499 0.00452691304161827
0.00201553842951796 -0.0033939447425848 0.404735277595351 0.444654495493837
-0.0569154080655493 0.0236546281101572 0.674329104791237 0.61840622590247
-0.0425783521352889 0.0804409535456179 0.698295417853109 0.458281990881182
-0.00227300484734659 0.0615418946648179 0.480383261033326 0.251850395915971
0.0392497508641354 0.034309641140086 0.205255613641413 0.0715466132502392
0.0347939720378553 0.027537551403799 -0.0322610520900872 -0.0557942016228924
0.0475914774689805 0.0156369987580972 -0.322201865957742 -0.113294156421471
0.0284598765908122 0.0331980202481767 -0.544584614016778 -0.146498402708513
0.0121223448957341 0.0262543342409974 -0.704804793642612 -0.100550441335588
0.0108398034166113 -0.00441314826824171 -0.696635393035336 -0.054361947204197
0.0144211174245618 -0.027211936922797 -0.577301543833086 -0.0226109545218172
0.0397409189147834 0.000960582442253079 -0.41338136591497 0.0500157285323877
0.00363557165892109 0.0471137538659548 -0.318721136392787 0.13523818550714
-0.0472047417156466 0.112965294093253 0.375435415040893 0.0256095236018953
0.0474001100675964 0.0607823997397871 0.409780003575903 0.00562384779801549
0.0124869169692027 -0.0190237254454409 0.427064613329361 0.430521006491011
-0.0720503043795282 0.00619814500060376 0.688466445603047 0.584497039050745
-0.0515837363090882 0.0963705863368422 0.70302937594151 0.437097353289769
0.0121418793822884 0.0842657860498302 0.487235936315209 0.251317994237821
0.0648137578797433 0.0478982646577607 0.214724212956721 0.0757724481435823
0.0602472404663641 0.0364248306667617 -0.0165624525592395 -0.0527980965379286
0.0752533259710317 0.0245741184785531 -0.308713502347594 -0.114810034667367
0.0472528121864867 0.0488124669772132 -0.534368972432635 -0.15203019233001
0.00851821579004428 0.0423421891733944 -0.704072788121483 -0.113093979556728
-0.00984574023960428 -0.00912913898619656 -0.70321228327345 -0.0762337322133157
0.0144154043866046 -0.0448094123635738 -0.577131714392601 -0.0445810551060366
0.0540601318235311 0.00849023156310636 -0.410151673164776 0.0458393620936837
-0.0113435319670244 0.0828958111718747 -0.317140802634437 0.128788256701554
-0.0567874150893902 0.135578389655572 0.377953265956285 -0.00682903217887293
0.0584904680910327 0.0663233249202185 0.401716533258503 0.00416884215265281
0.0140934469176265 -0.032429755186765 0.47381031949399 0.391585578640192
-0.0825325063641234 0.0016732529683155 0.715875326127173 0.506919615719888
-0.0503591818215084 0.107501244160697 0.715254209972006 0.389523802000957
0.0284010341349786 0.0976813458523275 0.502555128898999 0.238496524506249
0.0841559351840926 0.0559968398201982 0.234735747495151 0.08041676344259
0.0782640479207653 0.0427662049294554 0.00908800537181376 -0.0463782455924798
0.0947506429768174 0.032795676404418 -0.285339225371764 -0.117715736467612
0.0594826548431684 0.0641934543850481 -0.517218444867357 -0.168995844854592
0.00227504560860897 0.0546020349611504 -0.706609472526357 -0.147468021337915
-0.0253545366719413 -0.0155633199484439 -0.717340339710182 -0.129995851839102
0.0201068804166244 -0.0568483101570612 -0.573477880749552 -0.0977086554936666
0.0623498989728466 0.0194662550766634 -0.405019118142683 0.033970328497886
-0.0284916045342191 0.107674841642081 -0.320011674905944 0.113857923960916
-0.0500352309174746 0.142065966727492 0.371944275548559 -0.0421545127806293
0.0624709198889849 0.0547764737781799 0.395508505728358 0.00170928588746367
0.00613980934685368 -0.0365849809952605 0.525782424187174 0.324851673198085
-0.0854246762931916 0.0071011202386866 0.741654146381289 0.403667135262619
-0.0419612479653482 0.112485335003932 0.724473201180636 0.323334140306139
0.0400312091426673 0.0992708181185929 0.523388465342986 0.217429376185817
0.0927754090840172 0.0569676499108316 0.261384037916757 0.0827125576124776
0.0864076706299635 0.0455496552720184 0.0406955196784009 -0.0385170735005514
0.10281850687665 0.0394907191203617 -0.253656019304068 -0.119801511867214
0.0611222447683217 0.0741768814853197 -0.492456770343933 -0.192450790772894
-0.00440618334935035 0.0603142101816286 -0.70586314765348 -0.200622691808357
-0.03185447017858 -0.0234380360800382 -0.72473356289276 -0.214606025595602
0.0305316968751901 -0.0618164740981372 -0.562192123831506 -0.172284461970443
0.0615710649942434 0.0319740678892949 -0.397582348513126 0.0129372783031499
-0.0461474711085407 0.11308847288693 -0.325686468511579 0.0936107485481458
-0.0361309789100013 0.128366055272345 0.363255325320528 -0.0730405789321986
0.0560891607713705 0.0397589031636373 0.397036122387011 -0.0086069138828808
-0.00209088080270787 -0.0319472822124505 0.568040121873313 0.242477983964392
-0.0772627609695492 0.0197512717870557 0.753005736448845 0.288949753733884
-0.0272506601928385 0.107373766992807 0.729812880656621 0.250359485719277
0.0432000298948412 0.0918836486042931 0.545223457929475 0.18707049052396
0.089841517969173 0.0539114165545712 0.291918079147061 0.0825539322467951
0.083012834828095 0.0439050678801332 0.0728495791636431 -0.0278132320899505
0.0995341086313062 0.0416913384472104 -0.220963840732757 -0.120603805254431
0.0540728208887702 0.0767178764638818 -0.467628340010264 -0.219251166178616
-0.0107436880093112 0.0567423618035798 -0.701030122339778 -0.267237745417745
-0.0249829300158188 -0.0292817215097183 -0.724300805279384 -0.319751590513832
0.0380778750918142 -0.0530850335757107 -0.531809004499421 -0.256884977571598
0.0506828899503142 0.0400324626978423 -0.392099465545074 -0.00215041875356814
-0.0581401304560963 0.0994253860359141 -0.332556702426746 0.0690666301917129
0.0597029104789136 -0.0596900739592806 0.359495803640943 0.0335824378500333
-0.026152877773068 -0.026432694004394 0.42693577289229 0.00160865619324728
-0.0347694367661497 0.056222194699045 0.502499898423135 0.343180245785279
0.00851757881007957 0.0818791271972784 0.743791544176895 0.446838142107797
0.00331824946292314 0.0284677315679104 0.730799319954902 0.339832283577106
-0.0433069549911788 -0.00291584995020555 0.518366143150226 0.20097577896213
-0.0449733674723622 -0.00346854538207752 0.242107369943687 0.0732974654261244
-0.0454706015855296 -0.00317769782364997 -0.00516326538756895 -0.0428254809441828
-0.0358047416938487 -0.014967192936945 -0.292080787514118 -0.126610301138072
-0.0274260603627885 -0.0181519137238672 -0.52697511699674 -0.203090096606081
0.0222693214496955 -0.0235340785702678 -0.722659383262617 -0.205720879823595
0.0758038687540269 0.0185617556759384 -0.71903604231906 -0.187402639298455
0.00944172205123923 0.0373365257758848 -0.575557419479836 -0.133695354443635
-0.0114480263651227 -0.0194591556637884 -0.425254093348754 0.00495717800377481
0.0439062188357942 -0.0768989291075863 -0.335434802323935 0.103048468696602
0.0418625971116518 -0.0176200128558638 0.362202791782631 0.0535294930759646
-0.00392925272699981 -0.00986692579584343 0.42869582162907 0.00531059553986388
-0.0285741787992912 0.0338262561628326 0.452188394932629 0.401846876183022
-0.016293979828199 0.0678812642508064 0.712146397336728 0.543576052897232
-0.00934131247911237 0.0453144307486135 0.715819482179947 0.408759398733672
-0.0310916854838297 0.013272974125367 0.500099880195153 0.226895073664516
-0.0213852017881657 0.00503025278680643 0.220112714908858 0.0717859280343317
-0.0227578445245181 0.00567182343794823 -0.0257825931017663 -0.0507410535696379
-0.011388210503652 -0.00403616459417236 -0.313656025875605 -0.120664678459792
-0.0118585982145501 -0.00118079560176827 -0.540899387448334 -0.174599842828783
0.0160396155674867 -0.00982917962951559 -0.718746980223089 -0.15169082296108
0.0571034087038155 0.00810907426333663 -0.709958493882938 -0.114112408327262
0.014307586049309 0.0164396446315975 -0.581443380745075 -0.0711809434343957
0.003983757284468 -0.0106407788976813 -0.424007111337587 0.0252413847531985
0.0294026731644759 -0.0388366949962057 -0.328591218118848 0.119851306688536
0.010284643001671 0.0285612811375551 0.365474576126671 0.0602396781641201
0.0162042095620122 0.0149881059060999 0.426100761515439 0.00598206843780058
-0.0153422569917357 0.0141251480808366 0.415639543876857 0.435176917445648
-0.0391116021629323 0.0459570197924132 0.685537769178179 0.606708036042608
-0.0267116924792299 0.063869560893511 0.705704458971638 0.4481910274033
-0.0179115679413928 0.0358503121921328 0.485664259019918 0.244742761700481
0.00739716468631388 0.0187536319093097 0.207346120424941 0.0699965216307777
0.00531794343776876 0.0171388377610413 -0.0360915250904739 -0.0552632170367726
0.0177457141977707 0.00495379255976973 -0.324312236470925 -0.116187290413254
0.00824023382222705 0.015914053279192 -0.546390163067113 -0.153223456821199
0.0136515476578042 0.00713999886235984 -0.711747514938915 -0.115066341122283
0.0342128832568175 0.0009839127889451 -0.69931182768231 -0.0660463665025385
0.0152723694966833 -0.00549190270732764 -0.579664513545595 -0.0313288847359758
0.0223720680729183 -0.00361705819779607 -0.419069853019515 0.0437696016115394
0.0166737672847088 0.00484767771374098 -0.32246086053531 0.13384361985858
-0.0239107584983026 0.0740813442653015 0.371745504177128 0.0531132822919502
0.0320844188754289 0.0426926572844738 0.42224390837729 0.00530007683573842
0.000641115263651505 -0.0036874351330683 0.406032650659759 0.443448903250837
-0.0568554817883217 0.0228090131063087 0.674978746512533 0.619040324650955
-0.0428518958185946 0.079913012827097 0.698640196353324 0.459199264028985
-0.003039249087033 0.0625738412897366 0.48171082118644 0.252272865330175
0.0380292489637505 0.0326911379943536 0.204675395342608 0.0720148939053284
0.0340867182973225 0.0269624306348188 -0.0325360264025328 -0.0560906366699355
0.0476688412745006 0.0150969474067762 -0.321585221301953 -0.113645915594198
0.0288997575322294 0.0328373987830891 -0.544732659288224 -0.146271813993278
0.0123780598279287 0.0252867654427421 -0.707394076558037 -0.101072240520003
0.0111175150015594 -0.0038574778905008 -0.697085617077966 -0.054278017674991
0.0138579126638784 -0.026583364101251 -0.57901234155514 -0.0215285370529119
0.0390601422998984 0.0015465995083384 -0.416673024921438 0.0499097323376668
0.004051987506949 0.0472427662930462 -0.318472391746766 0.135323289537257
-0.0486474115133757 0.111202863727911 0.375805010720348 0.0284303214241144
0.0463376622857558 0.0617761770191553 0.412373839660925 0.00456892874130037
0.0125727476559482 -0.0180739459101848 0.431577886023688 0.43061568896375
-0.0717531807816305 0.00700050411765116 0.690108639444949 0.583772483759678
-0.0504310090915071 0.0963938393983095 0.703381306579689 0.439138252478176
0.0124619837232591 0.0850079003054152 0.487198498476894 0.251589771587548
0.0630971898522847 0.046178947539795 0.214406136659804 0.0763767989036746
0.0600614984829659 0.0361093490972065 -0.016048476402627 -0.0543674948275164
0.0751393438089417 0.0235427592695381 -0.307841192120334 -0.114911069953477
0.0472959039066928 0.0492005874588156 -0.534068535487826 -0.152994608802337
0.00993661269073337 0.0430150353346188 -0.706411082623219 -0.114667085950006
-0.0104338870024839 -0.00922979653929186 -0.705010392419959 -0.0766935174994475
0.0148822215875851 -0.0458963975854119 -0.578254016778186 -0.0455552257685336
0.0544292376048432 0.00937114613271902 -0.410960467958772 0.0439504503604752
-0.0108398918270401 0.0833773156234516 -0.318920910350444 0.128210789524411
-0.0568984859996086 0.135991795840517 0.378065845296539 -0.00537714686612425
0.0575343642925275 0.0657251689933047 0.401831257979544 0.00472202417090313
0.0130080726257379 -0.03073206681061 0.475294691879601 0.391624734960091
-0.0823675316992447 0.00194924282563471 0.718235120608201 0.507592740086337
-0.0508353729977039 0.107525943331651 0.715428989881334 0.390778454292875
0.029351553922042 0.0965769350901993 0.502013750450265 0.23799854686895
0.0837554571820483 0.0548001089354322 0.233903594049026 0.0806394276548711
0.077707064917736 0.0438527573124242 0.00907152195171273 -0.0466885066448327
0.0948823818354637 0.0326473672067396 -0.284499548480621 -0.117391746041137
0.0598467008582027 0.0639610948340459 -0.516686985582375 -0.168143557075313
0.00294799777389989 0.0547047141371949 -0.707373839081786 -0.146808982071995
-0.0253143029088581 -0.016385698598851 -0.71740702825719 -0.130491727797787
0.0196770546034445 -0.0573270793258633 -0.575324026781281 -0.0990509760763575
0.0632751755832835 0.0193995839572872 -0.407732443039306 0.0299118889870355
-0.0275385197183724 0.107166306764175 -0.321522990388774 0.113915434781258
-0.0499801493490281 0.14143302286621 0.371530296018635 -0.0406442734516758
0.0622120865848624 0.0559538427382377 0.397604334350472 0.000948239778468691
0.0060225663913658 -0.0362754728377619 0.526512199429479 0.325106732025631
-0.0849040212612116 0.00778665338291611 0.742993568743723 0.402163017034522
-0.0406529110216021 0.113257609569526 0.727438297932249 0.322444278443343
0.0399371119277331 0.0989697602022639 0.526576147637375 0.21707273537067
0.0918677017071064 0.056250828604903 0.261568244751165 0.083992211190436
0.085736184045667 0.045052791221644 0.0406753433115879 -0.0392701559097946
0.103740739901781 0.0385095571946049 -0.253856025907349 -0.120492084705156
0.0609607321790943 0.0740125274152558 -0.494709395319577 -0.194080157006715
-0.00429230509051814 0.059734309551646 -0.705115020440234 -0.201633087247422
-0.031148202102569 -0.0245749709730715 -0.727268394105166 -0.214241587481661
0.0301906513558238 -0.0605531712009506 -0.563125199060456 -0.175560759051746
0.0625403756075566 0.0326799480858053 -0.400742824548864 0.0130337397501506
-0.0460852500207426 0.112780996430306 -0.326378564432268 0.0927674743678082
-0.0362583268004229 0.125875377323722 0.362310380210138 -0.0726223620445687
0.0553381489020854 0.041010679658223 0.39841097526314 -0.00768956679790622
-0.00244218986648494 -0.0315406515291494 0.569726413476894 0.243975776306786
-0.0770919425754193 0.0195684146737457 0.756210372237592 0.290142564107393
-0.0267969726852085 0.107310022856456 0.733179173354105 0.251520353637577
0.0435590527850399 0.0903636536581062 0.546602757725678 0.187078947945506
0.0900734921688689 0.0532358658311022 0.291495864901638 0.0825876096759659
0.0826694322439134 0.0442646874513215 0.0738557109273374 -0.0287755779015348
0.0990177749204082 0.041557061481599 -0.220736564786386 -0.121537614646078
0.0548435233970904 0.0759326458459526 -0.468068992464651 -0.219992454233043
-0.00954225188049311 0.0567057755993521 -0.699881708765251 -0.269662867425547
-0.025490434734233 -0.0285294212967654 -0.72465943684099 -0.320085865334502
0.0394347417834804 -0.0531625950693774 -0.532266538202758 -0.258744770114667
0.0499738077189967 0.040301651564212 -0.394765161734639 -0.00369998033550754
-0.05759365512982 0.0988863180958234 -0.332238922694598 0.0680372016176963
0.0606618315734365 -0.058571298341768 0.360213561683772 0.0335422673618054
-0.0269447884730655 -0.025630406905004 0.429692893458067 0.00227114375467393
-0.0349976122015093 0.0564010773346493 0.506669933547673 0.34362294046295
0.00842505278873209 0.0825553847166278 0.746108168005211 0.447757837677471
0.00326785364132024 0.0282235714411394 0.73243208607853 0.342934825351899
-0.0436703034391149 -0.00315049041913373 0.517803649735448 0.202133616689775
-0.0453469211789766 -0.00397057032850323 0.243766587767064 0.0729233491960437
-0.0451845653549922 -0.00255378403250806 -0.00508301496703263 -0.0437756063194368
-0.0350417288513365 -0.0149071091297039 -0.292175694977329 -0.127161937043505
-0.0276429497667947 -0.0175463259634424 -0.528394425360587 -0.204017603724836
0.0224152676744124 -0.0227490077554163 -0.724982197499898 -0.204000028145096
0.0756069357631858 0.0183890793313113 -0.720340148457518 -0.187524541281602
0.00742650744209355 0.0369919576320768 -0.578515334968629 -0.135772398923558
-0.0110001127910955 -0.0200340984889503 -0.428455196018814 0.0018933269604606
0.0449953536453674 -0.0759084084477572 -0.337384179109113 0.102705469981526
0.0423685013819224 -0.0178410523427082 0.361986236675403 0.0529669497599893
-0.00343763780393285 -0.0104676311688818 0.430011670194285 0.00663938222889674
-0.0299046860275867 0.0348837421476028 0.455505005424901 0.403803807893539
-0.0174155437193888 0.06873436240051 0.714031478102591 0.545777082098804
-0.00974489301965057 0.0457700615857424 0.719593212732651 0.408387129483617
-0.0322675244617577 0.013035795985183 0.50078938198274 0.229704492727316
-0.0222136772857143 0.00374321200197258 0.220972085604727 0.0716583555873843
-0.0222434742482253 0.0064532459824851 -0.0259191620284582 -0.0510293456732739
-0.0125416539904596 -0.00516189870384676 -0.312697182852639 -0.120983079425008
-0.0119406643637138 -0.0021625758570952 -0.542967921116938 -0.175137223258803
0.0170483658129788 -0.0096560209647306 -0.721795709322401 -0.151611687135915
0.0578347964099495 0.00738081707924082 -0.71313388686757 -0.11466795238415
0.0147415913696876 0.0175777585751433 -0.583250775170673 -0.0714441153760757
0.00520204776792771 -0.0105600417001977 -0.427199146513298 0.0260924112860509
0.0299488782100184 -0.0380615991865295 -0.329415847985087 0.120427596245624
0.0106314082922014 0.0281322937964567 0.365923376210059 0.0609277775537845
0.0166245212842901 0.0155200451519925 0.429520818674084 0.0082311969265274
-0.0159314829127066 0.0142823498132617 0.418555136506927 0.436169446418407
-0.0391245782713718 0.0461379261961393 0.686759502907165 0.606305704248206
-0.027183012793433 0.0643932616111184 0.706201228454872 0.449527395283644
-0.0173876632887395 0.0364423394366422 0.487114193837263 0.247040276038711
0.00717404897686251 0.0173721243934458 0.208149596859209 0.0702688869678458
0.00567055989715249 0.0169849857301268 -0.0353340708137362 -0.0559781475143753
0.0176844756895262 0.0049976457735249 -0.323512132325948 -0.115936258554083
0.0091737318807165 0.0153626684994977 -0.548445085664615 -0.154426756819403
0.0141332795845198 0.00781844747905654 -0.714026137208495 -0.116080657267876
0.0347594140711524 0.000417547642007351 -0.702806191152706 -0.0680439262398515
0.0154171818961178 -0.00490219032177164 -0.580556509188994 -0.0326233898644655
0.0225005855564261 -0.00389653317572125 -0.423448372473266 0.0429305734527345
0.0179550023981942 0.00454605960556318 -0.324035982501244 0.132426054827141
-0.0234069244150917 0.0730035033310932 0.371539004418102 0.0521573453828818
0.0321316703790653 0.0432239026404303 0.425101727083475 0.006115508561587
-0.000126911314187645 -0.00244429932677953 0.408269061437657 0.447547081115638
-0.056617402980288 0.0235832279976291 0.678200104795019 0.619716964300605
-0.0417729068460839 0.0810032407063224 0.70010490095658 0.461340967326584
-0.00385036136790628 0.0610882221358196 0.483373703860875 0.255985492885981
0.0379153809564144 0.0324247730995614 0.205330978179962 0.0723093346055141
0.0344260111193694 0.0270714851507264 -0.0326713522733961 -0.0579359084779113
0.048508116409695 0.0151407706446476 -0.321351440573786 -0.114997803190183
0.0302004729231981 0.0325993878353587 -0.544727490756576 -0.14878046893916
0.0127770761674627 0.0260318432380744 -0.709143005380511 -0.102284003736407
0.012638905353022 -0.00377466548209333 -0.700414027495524 -0.0553856890897496
0.0141965121031972 -0.0263972187135171 -0.579598055259537 -0.0225291874421294
0.0413723499167265 0.00146905488711636 -0.418099795777341 0.0494397883962896
0.0050318193818698 0.0474289483703553 -0.319544510158859 0.134433107160241
-0.0487302808180183 0.110666991330009 0.376126487396612 0.0281990392405733
0.0461462833596384 0.0618093112819979 0.414655698488049 0.00671231068408226
0.0119577489144887 -0.0178093036155668 0.431320451217283 0.432055741837175
-0.0715946415752326 0.00765347750009 0.692561138418116 0.585691575156386
-0.0507975232025873 0.0969222650990035 0.70595642737158 0.440939291701467
0.012430590301007 0.0842860780461111 0.489466466974808 0.252708948098371
0.0636921254016378 0.0455872102006156 0.214289105488564 0.0765229006195501
0.0593977267273402 0.0356125167364491 -0.016228138448164 -0.0545721772097237
0.075003905505018 0.0232524928772928 -0.308621304548006 -0.114791093008923
0.0482675244954599 0.0488093651701115 -0.533716882331064 -0.154401830332532
0.00881804968115027 0.0435055448962325 -0.708016439092658 -0.114315133783742
-0.00958656962411766 -0.00896351137066008 -0.707170536394307 -0.0772043721957753
0.015492122467793 -0.0434901038347933 -0.580654833084417 -0.0470278315461166
0.0544101761951449 0.0097758044402974 -0.414475554190023 0.0446272808305862
-0.010023300234322 0.0835926574755404 -0.319562693880399 0.126950051396209
-0.0563149046442049 0.134282323632337 0.376693957731463 -0.0048156330596697
0.0573602145306901 0.0662095998456873 0.404605081005435 0.0057338177183459
0.013094575371848 -0.0296979972672961 0.479202849922074 0.391037181490564
-0.0821275868410286 0.00188374176503249 0.720861306125992 0.508589565564459
-0.0492762699555634 0.108503366115557 0.718773013982805 0.390812907671233
0.0273759485369542 0.0966703331474991 0.504304599324583 0.240454742244304
0.0835947145386755 0.0540752445345558 0.234353906840811 0.0815217735322454
0.0774226062418469 0.0428496085026954 0.0102077747948262 -0.0473369369666201
0.0951664975427776 0.0316622248296719 -0.285484391734838 -0.118577894619207
0.0591046944624783 0.0640059919891348 -0.519250964921774 -0.171415716318123
0.00344189682892868 0.0543142134919569 -0.709945026675418 -0.147423758962019
-0.0252629685636537 -0.0156551453896269 -0.719703080412647 -0.13298765369549
0.0208193494696415 -0.0559661606052745 -0.576132772845599 -0.0991700762435397
0.0632645467162846 0.0202507073904766 -0.410401211754886 0.0309412901905822
-0.0268045233939858 0.106907571306255 -0.322043358302474 0.11178795432486
-0.0496176730440173 0.140529334322961 0.372107357644327 -0.0409107839816465
0.0612401535083179 0.0556094414173873 0.399561386432741 0.00233377522483931
0.00681737979299111 -0.0346666914340371 0.531049630642576 0.32744755565966
-0.0850839943159027 0.00816663836492854 0.748131472447295 0.4041540423857
-0.0396106040834335 0.112056234872505 0.728363074118853 0.324477947937892
0.039655845635826 0.099509745225777 0.525602764346648 0.217368918710193
0.0929592022965191 0.0562437468954574 0.261957882135486 0.0831961115141613
0.0859742505128162 0.0445016642258327 0.0410120380394099 -0.0392686507580032
0.103670381258676 0.0395969911124019 -0.253609919487983 -0.122117107542382
0.061571227405343 0.0733121325309832 -0.494223194214992 -0.19641162494835
-0.00373145684766052 0.060042071485266 -0.708357599369837 -0.2016217159408
-0.0309675337776545 -0.023155476931185 -0.730684778154634 -0.216472939705259
0.0297559482728083 -0.0604265120262349 -0.564861965078519 -0.175398187738947
0.0623332607440203 0.0322775647115046 -0.402412876982556 0.012522398935052
-0.0452394711338464 0.112476122970673 -0.326883969577607 0.0911106340530782
-0.0370118881014357 0.125343652652889 0.362514967760497 -0.07191038802425
0.0559662854861858 0.0407782719913175 0.400462538661431 -0.00722687355430372
-0.00468499470532716 -0.0309268403581119 0.571294662174288 0.24536193996425
-0.0772737296851008 0.019124611191767 0.757909655556362 0.289605649923223
-0.0266293072924224 0.108125181551173 0.73488047124793 0.252621691091923
0.0441438275658896 0.0896163763315067 0.548382384982687 0.187819973339467
0.0910819602509717 0.0515584842535519 0.290417667149238 0.0833032079657255
0.083095963579645 0.0432440310870993 0.0746079215052164 -0.0298473796163558
0.0992927571699739 0.0420182268914848 -0.222040386128483 -0.121947889937752
0.0547912082668068 0.0766182855198874 -0.468532761726587 -0.220963876477636
-0.00902461655412504 0.057120966644693 -0.702403299254542 -0.27202877770554
-0.0253167954036305 -0.0287505851030809 -0.727472639289564 -0.321784180811212
0.039202070048338 -0.0522457977809148 -0.53466303988554 -0.259116200889732
0.050929175729173 0.0404396624938119 -0.395724539102776 -0.00434810300121629
-0.0568533687013884 0.0979536300130375 -0.333331227344662 0.0671377217671333
0.061825522110091 -0.0596316923110783 0.360201743421322 0.035978293640704
-0.0253310136277455 -0.0253553067329097 0.431747440737755 0.00184045260106381
-0.0360844546539423 0.0558974704983647 0.509444740342735 0.345589627454075
0.00791969857776337 0.0826171361911586 0.751236187808615 0.448717436109653
0.00383594849560984 0.028331372836001 0.737328051588852 0.342716486514012
-0.0441310946502233 -0.00383534977588389 0.52194922787968 0.204076107236468
-0.0447361817514237 -0.00488764359434586 0.242387425943297 0.0733875541813298
-0.0447184032027826 -0.00299229839771834 -0.00484860113556594 -0.0435937676464022
-0.0358410776259315 -0.0151397652568348 -0.293296479467857 -0.127176126125466
-0.0281592160443568 -0.0175260161923813 -0.529807482664342 -0.204353777954145
0.0231417858800108 -0.0231635183947271 -0.729432734331751 -0.204892243009846
0.0755777700707266 0.0186979345948104 -0.725415883345636 -0.187654345698141
0.00925277575873283 0.0365118442082407 -0.582235611944912 -0.136322167936598
-0.0105164748140635 -0.0197862356150857 -0.431845946091726 0.00181350451036436
0.0457526962022599 -0.0760629082624806 -0.338836759111445 0.102371905750003
0.0429193462026149 -0.0179585970706099 0.362479351466512 0.0543324475930182
-0.00278010036929264 -0.0101189439332866 0.432261362580068 0.00602304247527589
-0.0309697928593385 0.0356529229467028 0.458089617988983 0.405252602117625
-0.0164436649095077 0.0682331716662196 0.718375792644151 0.548005279148047
-0.00937051047083489 0.0469678713677934 0.723722260140906 0.410408763135768
-0.0316120690397008 0.0122900671159679 0.502828790337423 0.229649112063929
-0.0219171034985532 0.00335108668424082 0.220638823901304 0.0716915997657161
-0.0233039041614272 0.00661695425777751 -0.0256587055807217 -0.0517044965365041
-0.012160570974208 -0.00489487243497686 -0.314910410024963 -0.121958261358844
-0.0116772265679678 -0.00106698398347237 -0.545253255103041 -0.177223278253146
0.0178281900241584 -0.00935295744411617 -0.724465305385199 -0.152278404442153
0.0577289170095861 0.00744326110109571 -0.716306068911851 -0.114861708863047
0.0148392711020894 0.0169791539573499 -0.587006401418039 -0.0716399397610964
0.00488936674052 -0.00974495470666072 -0.428295650018433 0.0269381088667327
0.0316855512503088 -0.0381221035630178 -0.330290080860439 0.119210702649381
0.0119982299798573 0.027476841966763 0.366032542037014 0.0617785735155385
0.0157171840849743 0.0159514382727283 0.430704432680493 0.00748746025467631
-0.0160875616732622 0.0148156385314083 0.422119017214921 0.439660313830414
-0.0393353963120138 0.0465296489926785 0.692054895941993 0.608504487999587
-0.0258981174755911 0.0646416727246397 0.71109995295147 0.450302843474995
-0.0174472243398024 0.0362013270620064 0.488991829363254 0.246458161601128
0.00711642483248725 0.01648479137158 0.208077841970378 0.0707975095814472
0.00523264011195206 0.0165484395796055 -0.0350348552259124 -0.0570111956306323
0.0170010838731952 0.00523460742428089 -0.324483248613241 -0.115865353140591
0.00983850862529054 0.0158463769988025 -0.550620927585494 -0.156912044152639
0.0145440642835167 0.00838092684980758 -0.716519197601231 -0.115172399651067
0.0359009881086634 0.00130288027255311 -0.706617421589295 -0.0674281808323931
0.0160439517320662 -0.00595214280706805 -0.586527934384015 -0.031703560095651
0.0237899592428148 -0.00342138781113712 -0.426002393198874 0.0429212523057883
0.0184971629701093 0.00497349114041941 -0.324080333967609 0.131630133636227
-0.0237029019229404 0.0730158475456057 0.372697969902254 0.0532723813880224
0.0324360632843285 0.042902180820561 0.426889772482378 0.00734254492901344
-0.000747678584875969 -0.00230366517281266 0.412487126562042 0.447866166588918
-0.0572241143040618 0.0233106261941621 0.682066131005168 0.623097055408302
-0.0416490699751742 0.0815004851215501 0.70491131331806 0.463749060301191
-0.00283554575312677 0.0616222261255645 0.485583967658105 0.256526492906941
0.03680098906598 0.031852682530479 0.205252675033439 0.0726519429067149
0.0340789889994351 0.0275327022991439 -0.031726233946349 -0.0575237090893057
0.0479060170416655 0.0151297467370035 -0.322434303958939 -0.115015506456966
0.0303664040203081 0.0328910337446162 -0.54830410454218 -0.148684635662277
0.0125533588338471 0.0260170685316705 -0.712774356973026 -0.102581497648115
0.0117246169785792 -0.00376123553779422 -0.70474808916053 -0.0560357870827407
0.0148018555434617 -0.0263485375102849 -0.58377318066884 -0.0230601126455501
0.0407728977120361 0.00157157160721008 -0.422093141872513 0.0500439550960263
0.00600715833388966 0.0473192664289361 -0.321698574621517 0.134379124447488
-0.0481126019340102 0.109713968702577 0.376240684020285 0.0299678406584841
0.0462621272689369 0.0625800512525346 0.416753133006325 0.0071931725534621
0.0112666452163752 -0.0185315644207703 0.435448428380596 0.431718868758236
-0.071851886376324 0.00703890472236488 0.694590894738212 0.587966699546078
-0.0506507435318952 0.0959529070319664 0.709239425490441 0.442012999859671
0.0134749224516539 0.0830576264554872 0.491620093262362 0.255659157394789
0.0631695918311553 0.0448154485138393 0.215033574312442 0.0771751522027953
0.0594883122287062 0.0358151283967225 -0.0169022681020799 -0.0546858399453106
0.0743196621779584 0.0238240681256848 -0.308860211855995 -0.115582483665698
0.0478917987444911 0.0491585586351635 -0.53799793151193 -0.154643470684566
0.00973555188448098 0.0431540894748594 -0.711140499657088 -0.11363066508919
-0.00970526208764927 -0.00982372224034445 -0.710818348488123 -0.0768912743168463
0.016045578450541 -0.0448007634360698 -0.58318204969214 -0.0455100446887194
0.055142027406073 0.0101821071994283 -0.417887608228973 0.0449422554104832
-0.00870193479355027 0.084217638461473 -0.320532141490687 0.126350169013408
-0.0555128034908417 0.135292380940846 0.380797641964305 -0.00504206084125305
0.0576726468378236 0.0660860285706888 0.407043761228334 0.00568520762337891
0.0127013805723146 -0.0293195002239863 0.481739253912258 0.393234268621303
-0.0815714434006059 0.00184243420426693 0.725836224264884 0.509443060131364
-0.0494804379586496 0.107921937487188 0.722136278623642 0.392684344867917
0.0282038820750991 0.0969066008483836 0.506042916383867 0.241616135759169
0.0832520919660322 0.0528314373866333 0.235163076225092 0.0821522852924813
0.0780616520236389 0.0428244128662795 0.00966407566189794 -0.0485153271607838
0.0946624438839898 0.0323623967631128 -0.285938754630843 -0.118703724286377
0.0598564952644288 0.0632102735895569 -0.520106898643192 -0.171197149712152
0.00409774146395911 0.0555299475986061 -0.7149511460701 -0.148633057692679
-0.0253314160135487 -0.0163030461083465 -0.724979617598808 -0.131337440989183
0.0210162972992362 -0.0563310911655536 -0.581124876260725 -0.099571376705771
0.0640115520658677 0.0209684904890021 -0.41323830138562 0.0305992924638121
-0.0273109888653305 0.107032456837062 -0.323778110081977 0.11242497891698
-0.0496728809814952 0.139337753028209 0.373759999866259 -0.0402322146042338
0.0608270608828929 0.0568230067119769 0.402520040797436 0.00302884002818533
0.00615033574507756 -0.0354735655103341 0.534978350699096 0.327552431803059
-0.0848425731257155 0.00791055967215445 0.75095646426767 0.404812376977907
-0.0406937592427233 0.113006548604073 0.734517846990668 0.325911577009248
0.0401411878914044 0.0987377230521137 0.52990802153343 0.219249914780022
0.0928283085330057 0.0548717556998213 0.262178960752178 0.0846612791775244
0.0858272509098251 0.0447819954368325 0.040550450885478 -0.0407431123866267
0.102488545418903 0.0387138625544393 -0.254504217601835 -0.122116230665141
0.0621175940302856 0.0737668662751622 -0.497288611346477 -0.196941596655573
-0.00278092922434723 0.0603594188144632 -0.713232252430612 -0.203776726842084
-0.0311604516464513 -0.0238927609533449 -0.733851242516394 -0.216749480042256
0.0310347655901038 -0.0600667306889714 -0.567920358632483 -0.1755237974611
0.0619408662279853 0.0327326393202518 -0.406820883047873 0.0122192259133303
-0.0456207054610471 0.111888858595298 -0.328543180087783 0.0910500331496798
-0.0359487174115758 0.125642384186608 0.363969453034712 -0.0715607703586128
0.0553174140615927 0.0414714933209487 0.402632342953762 -0.00780817694371251
-0.0042787244327756 -0.0287301115826613 0.578607943307487 0.244821251453654
-0.0775126299189213 0.0190227882762858 0.762209411878534 0.291367019732588
-0.0258062933763675 0.107083151468761 0.738340191383846 0.25035614653337
0.0433833829311513 0.0907732585038525 0.551189993862769 0.189376898245165
0.0894767265776796 0.0510355015889714 0.292004023635728 0.0850684207442466
0.0827951803840448 0.0440745886766892 0.0736844224996662 -0.0312964741916352
0.0995215107997167 0.0413390542955969 -0.221939987935924 -0.122973671505072
0.0560845124667767 0.0763042598839875 -0.470462879135821 -0.223180745060057
-0.00914651137227207 0.0574417017607942 -0.707102712270657 -0.270833071407413
-0.024458287461606 -0.0292864502412248 -0.732208633746847 -0.323223958349354
0.0384833906221216 -0.0521262841481687 -0.537155385771051 -0.260795368742422
0.0504024686146737 0.0410015384690088 -0.399784039604865 -0.00608523846214296
-0.0576241740449369 0.0982090312781922 -0.335003864223913 0.0660126221858233
0.0625472023601956 -0.0601527484563668 0.361531556983886 0.0353723355270178
-0.0256723647610172 -0.0255295162151266 0.435128670539222 0.00201665013611607
-0.0362012160937448 0.0562516082628894 0.515856458659326 0.347809660683857
0.00859284507586743 0.0832287340478636 0.757887859692848 0.450605439046363
0.00300041181066199 0.0289500240625115 0.741317857407473 0.343527282733992
-0.0445128790922319 -0.00364038645031864 0.525321961520257 0.204183058412954
-0.0451556730192034 -0.00674178238335758 0.243117490047572 0.0742016319547518
-0.0457906265474637 -0.00275575066566512 -0.00471547548220351 -0.0452621667238769
-0.0364630275726613 -0.0149906914881295 -0.293720389634419 -0.126887083154649
-0.0273389981441977 -0.0173527631441785 -0.53306391022614 -0.206205147147692
0.022908624627041 -0.0222571774621273 -0.733875459793381 -0.204464227292395
0.0761562224254273 0.0189279603930445 -0.729212661617771 -0.188862483046849
0.00917769259061142 0.0379143239799117 -0.584700330366959 -0.135649234060953
-0.0098145873524009 -0.0191356585175892 -0.434575936623917 0.00217302174386384
0.047446705832576 -0.0761035134522373 -0.340164271498726 0.102054686463109
0.0436517833620512 -0.0178892962979561 0.364370933867828 0.0550910118156675
-0.00342036503549047 -0.00995030135104173 0.436253059031091 0.00558121307804737
-0.0313406706857875 0.0351525960888408 0.463778926084795 0.407454286208077
-0.0163691689293258 0.0689090841920632 0.724287045310517 0.548783365214243
-0.0088982237379122 0.0471439971042232 0.728249884431024 0.410789940662194
-0.0327741309298877 0.0126378338850482 0.507599893051562 0.231233002123861
-0.0222328626950248 0.00227086389801978 0.221750530816918 0.0720048088867471
-0.0230638610041105 0.00641311931104067 -0.0249817380184284 -0.0531170576387973
-0.0125800449761359 -0.00501188467776775 -0.315430764871152 -0.121661353945229
-0.011678110680924 -0.000344642979625477 -0.548191080051084 -0.176845174397982
0.0173996835014788 -0.00848430941621975 -0.729230872398346 -0.152115001324338
0.0577811198619244 0.00805042754741749 -0.719689205858575 -0.113683013540049
0.0149165725820236 0.0172343137893895 -0.590785258314572 -0.0703122596273884
0.00619627045414107 -0.0102012648447855 -0.433882179705262 0.0252754362346907
0.032751965148728 -0.0377691970212589 -0.332336843406954 0.120446881319111
0.0119809800294774 0.0266868862299541 0.368703236250942 0.0631390830497828
0.0163018462739209 0.0162241701476228 0.435338164623798 0.0095390938445211
-0.0163223450894777 0.015763426300879 0.426698274993961 0.44120956291486
-0.0381447555066168 0.0469496052351009 0.695507664971435 0.610192853062609
-0.0260423080992452 0.0655073468606783 0.71589591952457 0.451808597918729
-0.0173043403435347 0.0352389318246605 0.491034435687972 0.249046083485336
0.00702181752331136 0.0152832807135657 0.208470321463881 0.0717557371165882
0.00570587815533925 0.0169096266992721 -0.0348967793408534 -0.0575497216756131
0.0175285554165549 0.00494852234009581 -0.326304813858065 -0.116641259371822
0.00871274214665531 0.0169403274667825 -0.554183439798437 -0.15585305131111
0.0154105265453005 0.00818421231910457 -0.721129852889907 -0.113829059562048
0.035464747996624 0.000543460291317095 -0.711620522175504 -0.0674926835811671
0.0150727686499351 -0.00465168221420444 -0.589390984040703 -0.031543854795679
0.0235318824491567 -0.00345614536383041 -0.430135382437577 0.0432429215542135
0.0196065819088031 0.00587257647542747 -0.325970238785006 0.131635204644492
-0.0228443178572986 0.0720658611290574 0.372990771440386 0.0535693615165644
0.0315472041581347 0.0440221710861368 0.430914114335234 0.00778586212164637
-0.000322315986699545 -0.00176520900776263 0.417509907471418 0.450072583636378
-0.0573768332734812 0.0231368923854637 0.68763433081113 0.624650453754943
-0.0412760564576506 0.0821772803960446 0.710403573955345 0.463721285626219
-0.00393886104099336 0.0618973637240658 0.488280427524573 0.258653998638409
0.0368950476953904 0.0310537657620639 0.205689595257395 0.0740389668409791
0.0338438090084486 0.0274165552901538 -0.0317747408281658 -0.0580555111422142
0.0475454789597027 0.0151245663105304 -0.324043884278572 -0.114718557162992
0.0299643363880993 0.0336254716004634 -0.551494135418742 -0.148215389090945
0.0131626193184689 0.0266952885039603 -0.718173984502146 -0.101716463704955
0.011902646979983 -0.00438063915275476 -0.709840729211687 -0.0540812688879593
0.014949187668915 -0.0265623929169043 -0.587551636654893 -0.0225212280473354
0.0412958907219259 0.00184553607565095 -0.426168811962506 0.0496066669270292
0.00639001374208452 0.0473868264475874 -0.322140741756658 0.133743400725809
-0.047432972487037 0.110395580831578 0.37987538011085 0.0294343592736599
0.0462361691441424 0.062628591620106 0.420579722235473 0.00732027900823356
0.0106762320834493 -0.0165699116351882 0.441061437922092 0.436874941295976
-0.0719329148733134 0.0078016748449287 0.702124548174424 0.590709272699659
-0.0493724937777065 0.0979473431288587 0.715083175281419 0.441991420331453
0.0131036366054945 0.0841525857662114 0.493907739060939 0.255586101862811
0.0631061386984226 0.0446947403611601 0.21520461643393 0.0781777572733939
0.0596066547317635 0.0354278649030291 -0.0172246672571239 -0.0551162419454183
0.075001844597501 0.0241122801476098 -0.310214292571271 -0.116879453744358
0.0488829054226568 0.0493358494849641 -0.540784966180455 -0.154273593720133
0.00963753857338521 0.0428694915064156 -0.717025108993417 -0.112486325720047
-0.0102316602648443 -0.00857637643550625 -0.717569050969643 -0.075892621119915
0.0156857035454601 -0.0448797669926613 -0.58890367560191 -0.0461282887763101
0.055958735153917 0.00970892392750331 -0.420518568626894 0.0444275449829264
-0.0089222463097983 0.0833541071152546 -0.323153002247352 0.126033262063921
-0.0562044738508019 0.133313483991308 0.379729335323843 -0.00379707508497278
0.0571540003993919 0.0659118966545861 0.410409169770387 0.00572912759383613
0.0120431237961805 -0.0289354484205133 0.486834178972794 0.395024555901723
-0.0817997989016656 0.00241244174832735 0.731011802448569 0.511408477491389
-0.0494041278278443 0.108966258575736 0.726412433717928 0.39384979907032
0.0286271142608572 0.0973038326001027 0.509422979008561 0.243012969236496
0.0833041600161012 0.0520864161000586 0.235453112383111 0.083748380671143
0.078641999661613 0.0425711905884998 0.00844159840552215 -0.0497431005116307
0.0954221405083635 0.0325846933216242 -0.28696566957686 -0.120164259091173
0.061038700579673 0.0637725378820602 -0.52235229195229 -0.171517007757374
0.0043199168173329 0.0561204392694195 -0.718020750901616 -0.148728427470232
-0.0250535287713454 -0.01626323834576 -0.73019748705882 -0.131409009324937
0.0214043360964917 -0.0567696894260005 -0.585261499778351 -0.0985155319433249
0.0638725745055158 0.0205743715500293 -0.416494581896028 0.0313342783004389
-0.0270428052209224 0.106666893707056 -0.326375661740022 0.112623866008154
-0.0501967709916326 0.138590295819052 0.375766185502631 -0.0394546855995845
0.0613187605748367 0.0565390577511217 0.405116297351675 0.00226524371907322
0.00535653278544546 -0.0342152312416196 0.539278662881703 0.329022603919645
-0.085468680818114 0.00846428992804844 0.757239317348785 0.405782350068141
-0.0405459301152891 0.113054960843222 0.739367132311089 0.327121158749245
0.0403191992281581 0.0991140074039776 0.531872649779924 0.219664776927878
0.0923934643697521 0.0544528409660915 0.26304124723091 0.0853257764023409
0.0857959670616414 0.0444912662310054 0.0413117767719897 -0.0408251915137268
0.103711174446324 0.0393577064482503 -0.255716038895008 -0.122806696577111
0.0632569556359373 0.0741569507897953 -0.501417076827337 -0.196283610147378
-0.0025574456285057 0.0601303720456468 -0.717936494069002 -0.204374635406195
-0.0306566985296785 -0.024036044413369 -0.740211037206815 -0.21776732374047
0.0310797333957246 -0.0597661941776107 -0.572088254370583 -0.176025300255114
0.0628116259923161 0.0323317841684096 -0.410341400884347 0.0113623014869871
-0.0442821443003451 0.11180259752131 -0.330151041554536 0.0909694546706498
-0.0373084166896782 0.124646674985032 0.366042388699199 -0.0711651521845103
0.0547373200054456 0.0405904917325591 0.405893132929419 -0.00799814102941626
-0.00412599834273076 -0.0295535018838411 0.581877203817343 0.245652278701611
-0.0778467703215392 0.0193013731054063 0.769724276679015 0.291516818544948
-0.0259140467212454 0.108687949179782 0.743776583264776 0.252886798104535
0.0441644639057706 0.090519946909242 0.556267341772762 0.189204623452246
0.0887010078687691 0.0503135587552157 0.293460494099882 0.0855795041886811
0.082745317590682 0.0431087308947209 0.0734984021340976 -0.0317168315801051
0.100234631319386 0.0416198601062206 -0.22353902536332 -0.123716251505667
0.0562354947817257 0.0760909486437162 -0.473325968282293 -0.223468477291835
-0.00828420909785748 0.0573984415071749 -0.710467559686068 -0.272829667552971
-0.0250034687152637 -0.0288216152607446 -0.735573763777211 -0.324637381848195
0.0399521745244198 -0.0522793684256132 -0.541522541927585 -0.262263410298376
0.0510296073205739 0.0417548651878991 -0.404006691606272 -0.0066827951485999
-0.0576523164181463 0.0983148761686471 -0.335710271723856 0.0674703858587119
0.0635374826158717 -0.0606255038895241 0.365478165802653 0.0355626875703306
-0.0263010001007487 -0.0252716651042883 0.43968978061977 0.00280126986249357
-0.0375543234287122 0.0557823277798027 0.520756316552466 0.347767005733517
0.0084130681541731 0.0827671677215523 0.764197248937019 0.451659242356432
0.00400692344367369 0.0300090902711436 0.748858616083906 0.344392201661239
-0.0451630387078562 -0.00315285146692355 0.529531483717654 0.205489191859412
-0.0464943769160765 -0.00638991556467728 0.244872870036708 0.0743953934208176
-0.0461327680771113 -0.00262306706603711 -0.00417224064081135 -0.0451221200090575
-0.0359641889262998 -0.0157332267576871 -0.296556652331422 -0.127551643773717
-0.026982517695049 -0.0171945355675785 -0.538052503264452 -0.205525075848996
0.0226406640753599 -0.0236509433864362 -0.74146454018493 -0.204494080525789
0.0769314854168605 0.0187139526050253 -0.735592936135471 -0.187888877908571
0.00947568483333538 0.037134587023111 -0.592291162894721 -0.135283851658129
-0.00866461529909448 -0.0196297633483439 -0.440457236478108 0.0036974396990522
0.0482820909114586 -0.0751839580165782 -0.342061288462291 0.102305903991982
0.045056776194103 -0.0190528779073559 0.366312031764581 0.0556943308065314
-0.00310111558982317 -0.00894442762726019 0.440654330185031 0.00708041251468853
-0.0320748606029454 0.036007926674831 0.470181800964812 0.407856033976645
-0.016592727201108 0.068822104041315 0.731238194424719 0.549856834475731
-0.00922428038689631 0.0473794653558911 0.734447385071808 0.411514073997065
-0.0326227620860404 0.0122134558426172 0.510791988111551 0.231935896668399
-0.0223068967292639 0.00209482303848732 0.222860932758412 0.0718970046194682
-0.0237267518687662 0.00582417634407043 -0.0258703516285515 -0.0536558296786147
-0.0119380444552376 -0.00515860776891027 -0.316807863592198 -0.122705697821224
-0.0112854353744042 -0.00113051498423181 -0.55189043225319 -0.176292909387106
0.0181448619745036 -0.00902247631322501 -0.735953716412542 -0.151510690686198
0.0593610313310699 0.00741931540532253 -0.728058939747236 -0.113433240854294
0.0157816229539229 0.0171507831957453 -0.596533532642511 -0.0708193948195857
0.00665066661835561 -0.00984449732000717 -0.437689570615288 0.0278427673407089
0.0335174572393965 -0.0380283409968915 -0.335535364949587 0.121383275675369
0.0126783055002567 0.0272751163042032 0.370886793163408 0.0627113476614575
0.0164738358186144 0.0159120020282567 0.439135758794679 0.00799456275453367
-0.0175221587296861 0.0157654662820769 0.432808464248608 0.442765707899272
-0.0397513282589119 0.0467026414026758 0.70379705621554 0.612279149578366
-0.0258443022538708 0.0659552031604353 0.722017553246256 0.455572741861755
-0.0175111570902089 0.0362118331302704 0.495915914812213 0.24976138568924
0.00693480208291314 0.0153384427931754 0.21054801090448 0.0708760686355894
0.00431688919005959 0.0167274800994044 -0.0354731989128161 -0.0584215164678215
0.0183107121553177 0.00495945490469925 -0.328200470101589 -0.116546521418363
0.00938446388662248 0.0160201522329089 -0.559184715704199 -0.156844776021951
0.0154823293665064 0.00869355235012601 -0.729186583150042 -0.11459507894231
0.0352812075615338 -0.0002615534572654 -0.719216075178483 -0.0659315419364287
0.0164930321153985 -0.00543103677405991 -0.595652555786253 -0.0301822444712487
0.0247417163377315 -0.00313072353680681 -0.436026162663774 0.0440588908346081
0.0199265252107146 0.00522466174878824 -0.328732514808868 0.132107565839515
-0.0228614869610429 0.0715282371251326 0.374947678840686 0.0547883717956654
0.0318095826904849 0.0440811298387439 0.433871547579224 0.00894462173107275
-0.00134029073047418 -0.00161255084681619 0.421316385147467 0.453272530403801
-0.0572695858568048 0.0239473886828829 0.694076477148688 0.627191530231533
-0.0415307525713916 0.0821415880519742 0.716756407302693 0.465515755915296
-0.00241651879628354 0.0619564340300429 0.491444003745935 0.258873331626414
0.0369255803649508 0.0304304521536121 0.207200561754375 0.0733110298117651
0.0341111018723108 0.0274408505878968 -0.0316884005386673 -0.0601633605298833
0.0479541872329196 0.0145760890606787 -0.326493736746609 -0.115267429291235
0.0312766993778906 0.0335833428637666 -0.555500260238954 -0.148219949425292
0.0134914534008402 0.0265783508764818 -0.725182274484275 -0.100304567361494
0.0125089072266913 -0.00400948921707904 -0.716245658418036 -0.0524661275365363
0.0145891348170544 -0.025751386384466 -0.592072703615243 -0.0215789713173693
0.0422967963818127 0.00266253626896919 -0.429713262165208 0.0513768358424473
0.00762461903205387 0.0483151727545504 -0.325830110036914 0.135330077359121
-0.0479055928203577 0.10856954310014 0.380234490891852 0.0302841213424317
0.0455746600661961 0.0618002186822515 0.423029222427952 0.00779954705928349
0.00985018927552493 -0.0165952402894652 0.445037598327037 0.436957471122718
-0.0716303187489204 0.00778252240380533 0.708464849138159 0.59116963782013
-0.0492587528299709 0.0983471698444838 0.720398059814385 0.444808802354939
0.0133620224173738 0.0837666347026819 0.499612353823354 0.257132775302697
0.0629581801037186 0.0428879051988701 0.217397294057596 0.0778952700051275
0.0598119248728807 0.0359309950216099 -0.0164873100959742 -0.0560661866823356
0.0755979377889535 0.0241235169893248 -0.311985756819695 -0.115903362769285
0.0500732802909325 0.0497938928887452 -0.544700834057319 -0.153327510621281
0.0103565556321396 0.0434464197339141 -0.723627725996634 -0.113110139177484
-0.0102155503520996 -0.00879470949105506 -0.723890121386933 -0.0743597501233589
0.0151712626528192 -0.0448384287632641 -0.593354551315988 -0.0451617022246664
0.0564625827576386 0.0111221727644493 -0.425455831778334 0.0473237491870592
-0.00825710333775539 0.0835885753478098 -0.323892850360127 0.127153857481524
-0.0559274170248379 0.133710600038817 0.384028783151102 -0.00380592010767637
0.0571042263422769 0.0668537457630777 0.414260878114878 0.00640383942048483
0.0122767066918717 -0.0282374980351326 0.493021175966661 0.396474131133532
-0.0824386603869998 0.0031295180966645 0.74013502353136 0.513887360479996
-0.0494810041681324 0.109798391881392 0.732276405345619 0.395125878772553
0.0278429866058936 0.0961181389781934 0.515528410315576 0.2438957889813
0.0824881839585015 0.0523420530887287 0.23754443390153 0.0836103857817807
0.0793687636404113 0.0425241709564945 0.00857012149507814 -0.0505589331796627
0.0958320460258413 0.0321210425206325 -0.28835191630595 -0.119766229425897
0.0615785640944453 0.0642608292828467 -0.528431985624667 -0.171399396884381
0.00507399092683457 0.0561768055966763 -0.723421591834628 -0.147951884646561
-0.0249592177919331 -0.0155577615642543 -0.737395810977348 -0.130949354515042
0.0218553202467685 -0.0566572908207476 -0.59074858761601 -0.0978607222806894
0.0642740434644067 0.0213429543384277 -0.420181235515541 0.0321834880978444
-0.0265774132103436 0.107219773921859 -0.327641195718333 0.112321336205872
-0.0504051605108487 0.138171475037668 0.377223056502819 -0.0393686407703388
0.0612626295726299 0.0573785784070921 0.41043156954725 0.00259838223539669
0.00473884952086948 -0.0335245850786597 0.545000296147056 0.330326059600106
-0.0850418526759378 0.00866399395966978 0.763923715655222 0.406461350324895
-0.0388939684067832 0.115191331092687 0.746215814943559 0.327296515684765
0.0403455944418063 0.0992227350339411 0.537952317763454 0.220381790750669
0.0917094635148583 0.0533650247560723 0.265242070681945 0.0855038521745422
0.087277640923789 0.045253740936554 0.040286366396804 -0.0418961342023219
0.103102444976135 0.0381604617559904 -0.258033388089789 -0.122999212685485
0.0641929618535831 0.0737966692863092 -0.505059807186408 -0.197824421387681
-0.00229695434964507 0.0619592514946485 -0.723467974980356 -0.203182310477333
-0.0320053578147767 -0.0231074262055359 -0.74499654713964 -0.216934637775233
0.0311462937471687 -0.060199485429053 -0.578365042031507 -0.175756954050257
0.0632875797739492 0.0334430747719886 -0.413464223397695 0.01295698239511
-0.0435002481194835 0.111949552975925 -0.333819149609495 0.0914321756359011
-0.0367043118191398 0.123869969606856 0.368151769319067 -0.0720080291097128
0.0550715341606964 0.0415102924190434 0.409799062170258 -0.00791374707312807
-0.00502981394234733 -0.0288184563201256 0.587560517021319 0.246492143253164
-0.0781361715755619 0.0197491394413197 0.775962178667591 0.291355901310466
-0.0249635864089121 0.109493659708716 0.750742982644384 0.251875106009816
0.0446406712482349 0.0916995019132098 0.560379547273094 0.189883619416832
0.0897927947055289 0.0490262413326492 0.295519590817484 0.0859603407334869
0.0838426316773147 0.043393152224917 0.0741265104610017 -0.0323899106126462
0.100872909496982 0.0417339699099945 -0.224351363948141 -0.1248039589367
0.057430571131535 0.0766092467741226 -0.477198972115536 -0.22521529930231
-0.00778451743441277 0.0578926696378251 -0.716236341899356 -0.272674794578232
-0.0252706584347363 -0.0285675919548263 -0.742737062480402 -0.327985829301967
0.0403837619695634 -0.0518819376088064 -0.547595084930996 -0.264349422277892
0.051157108750296 0.0415189648916288 -0.407709485752755 -0.00607793777632019
-0.0565844544388379 0.0979547918027909 -0.339254164568061 0.0673302839447834
0.0636662923789433 -0.0612950712170626 0.367118710681241 0.035876338937555
-0.0251984021641852 -0.024860247408545 0.44435057604659 2.03086439599517E-05
-0.0379448546995702 0.0572687967922576 0.52910664464535 0.348588039867063
0.00908841741372373 0.083563443070208 0.775074297636156 0.451550483106161
0.00446209955119265 0.0308646999920099 0.75645600380515 0.342035718034073
-0.0446448055980298 -0.00273135951470246 0.534368474629675 0.205449198530467
-0.0465970939989859 -0.00832974413623235 0.246504061771781 0.0746736161040931
-0.0462382180013962 -0.00205666693054585 -0.00422146815360017 -0.0457798111649489
-0.0360625267211026 -0.015397627842439 -0.29683880122168 -0.128006865319399
-0.0274159532155281 -0.0166821418883864 -0.543908245960186 -0.204566049405718
0.0238196196060223 -0.0227996160481123 -0.748217081371266 -0.202661047782679
0.0764985266515681 0.0187194211150349 -0.743819478235699 -0.185810312539319
0.00994698833237134 0.0380249987644512 -0.598001486503182 -0.134163710359152
-0.00856566081671582 -0.0195643715552221 -0.442692670072006 0.00552581562702098
0.048314130979557 -0.0755348967004545 -0.343934372774233 0.104422559780372
0.04609945968019 -0.0194924342513817 0.369194951467006 0.0546454614902389
-0.00257249723300588 -0.00952475320859041 0.445296855675869 0.00576599410559537
-0.031147552153211 0.0363910035360234 0.476211766071716 0.409364789230377
-0.0171488907849851 0.0698336848545851 0.740998061301967 0.550770750889458
-0.00883931341850153 0.0485066982794538 0.742647821225164 0.412930085803412
-0.0322718314806116 0.0128670280960666 0.516037022056402 0.230709869657874
-0.0225562278123708 0.0010281627886849 0.223411930758146 0.0721970119562658
-0.0227440594885454 0.00611630929052406 -0.0258300196223137 -0.054608696165283
-0.0121172637715221 -0.00427777510452302 -0.318855808328839 -0.122111424059792
-0.0109943351616193 -0.000976951153569276 -0.558429596183964 -0.175298001826147
0.0179420234057011 -0.0092764584337996 -0.744014970677693 -0.146789237657479
0.0596235563041931 0.00778480059885152 -0.734963687720197 -0.110041084540448
0.0160582872150178 0.0170732272807086 -0.602405725019702 -0.0688201505900211
0.00796801701513283 -0.00958162861376194 -0.441886781793969 0.0282716554204475
0.0345155621587002 -0.0386402342836134 -0.336290416093067 0.122894467944323
0.0128973037067446 0.0268482236297072 0.37321602687785 0.0612403461850336
0.0164973260477247 0.0182335211832368 0.443782100296143 0.00668495780462371
-0.0184161313023957 0.0167766256465478 0.439654881749931 0.443894558317569
-0.0400775020535614 0.0475522689073667 0.711596924791623 0.613054444482802
-0.0242969985556351 0.0666196740605878 0.730944340743284 0.452854224548629
-0.0186139038516492 0.0361996600300159 0.500887072149197 0.250759615728598
0.00563557915004023 0.0145530620508838 0.210554302676897 0.0711731143259427
0.00601787480954242 0.0162703264330144 -0.0361958024756703 -0.0601913250134424
0.0176640246158421 0.00458105061178322 -0.330587366896909 -0.116715612275618
0.0102187644414293 0.0161123493988712 -0.563647640960124 -0.155393363719785
0.0153480160413553 0.00858106987896448 -0.734496617358171 -0.109113427575111
0.0359210321147301 0.000671585739550729 -0.723872246132729 -0.0617789099357425
0.0160857901838366 -0.00490757948725286 -0.600817159496047 -0.0280833632134099
0.025217843366983 -0.00294143016843805 -0.440082209076861 0.0465087022374889
0.0213064270089075 0.00543911739316589 -0.329211155454983 0.135392753842322
-0.0222499455413546 0.071342045439615 0.377150003850536 0.0542930376145175
0.0325096046519186 0.0462606481726009 0.438252324316297 0.00661425969388717
-0.00173933617812803 -0.00149389804345371 0.429291410959338 0.454592261675798
-0.0579784844479138 0.0252675215841238 0.702893911590058 0.62939530980019
-0.0410575663929838 0.0842914429275848 0.723127733663193 0.465510334750014
-0.00328345040676824 0.0620111353518111 0.498188761290634 0.258671491748522
0.0365130531855899 0.0284892924768803 0.208054358577626 0.0746837892710799
0.0350590807411842 0.0273453833407866 -0.0329271021459876 -0.06040328303426
0.0499041009674955 0.0142583295037603 -0.327679786977542 -0.115054743874204
0.0318190388990803 0.0328245550001519 -0.560508984155217 -0.146157575155492
0.0140593253994912 0.0272071171728728 -0.732023252609652 -0.0967038278689618
0.0123698943972653 -0.00452459448267468 -0.723599140908105 -0.0485085982532161
0.0149942493281393 -0.026919362184271 -0.599963445239267 -0.019662635812485
0.0421510658174171 0.00281555197960429 -0.434209243941367 0.0537234426100673
0.00717420559203402 0.0486624939957255 -0.327589754113055 0.136985137278575
-0.0475645937818914 0.108524747722018 0.383112146658674 0.029797029936805
0.0455144036354593 0.0630589412178257 0.429011741408913 0.00791278862979838
0.00983900217108184 -0.0160027007982655 0.455113905598919 0.437377888185946
-0.0718525491682286 0.00791260751970436 0.718346862138466 0.592287654222485
-0.0485768741594984 0.099583745914073 0.730096398415939 0.445167666369227
0.0131024123332673 0.084595140069194 0.504407066161261 0.25720315710378
0.0637600961870287 0.0427745048084815 0.218316861826924 0.0782771651141249
0.0605819498144345 0.0356601969532651 -0.0171654186803934 -0.0574487553120036
0.0758580823031769 0.0236333837803145 -0.314455706596487 -0.115728626331262
0.0506222352791088 0.0493639521703031 -0.551268535368852 -0.152414632976572
0.0106073497984008 0.0439393879521878 -0.729144413794581 -0.109361878877973
-0.0101374795171548 -0.0084047236245689 -0.730073348587795 -0.0728263367702767
0.0163349365168505 -0.0451656777310743 -0.598518506327654 -0.0430737465079152
0.0573539292946701 0.0100153604377639 -0.430157014056495 0.0464479429536679
-0.00736287201751129 0.0840005228108732 -0.327876596017207 0.128770929600282
-0.0555072466028122 0.133618444046246 0.385532420565957 -0.00436437031755255
0.0577455452991452 0.0671065475671059 0.418859305472584 0.00495731086842948
0.0113319450690453 -0.0280449302214511 0.499411389900182 0.397795326440917
-0.0824955768741427 0.00290208681591542 0.748810233072349 0.51378845700144
-0.047276529717359 0.110855432186091 0.742797121426239 0.394094016939343
0.0300611922296206 0.0966989458996883 0.519510485859131 0.243573544737376
0.0824971330835686 0.0506407467485614 0.238851553462737 0.0835146914828508
0.0793552104038557 0.0425129478241713 0.0084987700654405 -0.0512857433506791
0.0961954145590138 0.0320736604007566 -0.290551432266772 -0.119901514526497
0.0620439816938737 0.0638407219962969 -0.532760202255077 -0.170763166330187
0.00487874526018418 0.0566008334680439 -0.731600792961843 -0.146113971121674
-0.0253851459118244 -0.0148413956837812 -0.74336351153784 -0.129228200247145
0.0209159458177091 -0.0576050353815141 -0.595941743730803 -0.0982109691553023
0.0648745373328235 0.0213371071201274 -0.424717136845927 0.0324018883002349
-0.0255391739720762 0.106538225942086 -0.330375193253241 0.114224553262585
-0.0494738794187313 0.138670764841323 0.379816469112566 -0.0410696940619997
0.0622993504106876 0.0578387431099619 0.412412895097354 8.16075975521598E-05
0.00446655571538012 -0.0343129051253303 0.551188613793003 0.329956214695268
-0.0862082284354789 0.00934827900545241 0.773497871322345 0.404439484226251
-0.0379831163641953 0.115016481710211 0.753624453574672 0.323027487653867
0.0413206840985148 0.0986033626328242 0.543292848315004 0.222017206610324
0.0927535983098514 0.0525651409630506 0.267061081393821 0.0855033438760399
0.0881126457770091 0.0444145641373714 0.0412645600277674 -0.0433577076547183
0.105454451483035 0.0382026580092851 -0.259813288142837 -0.122422799240448
0.0642542643651708 0.0740987426913283 -0.509523818472389 -0.196789413267693
-0.00171168176692506 0.0621595445939805 -0.731684575773217 -0.201083306625232
-0.0306104278389152 -0.0235958690372321 -0.75364797683672 -0.214839371398598
0.0311845663262781 -0.0600878028242781 -0.582972423786404 -0.174566832062339
0.0638929329849966 0.033351823685935 -0.41922176560336 0.0135668905350378
-0.0435477246816327 0.113266201921667 -0.335421710567735 0.0926560409413821
-0.0369945283812331 0.124535864177082 0.371465735061314 -0.0729410840030772
0.0550339834619034 0.0419666003844641 0.414391830008837 -0.00942308102156118
-0.00512068362993958 -0.0282888533553645 0.596127315067456 0.243713687362333
-0.07870582956219 0.0203409824529086 0.784904584223857 0.288911619014211
-0.0243813951816126 0.110198290080792 0.760018291744116 0.250929358323983
0.0454371168964592 0.0903068489147052 0.565392902730311 0.188914430176246
0.0902939066260488 0.0488393130561183 0.296807102457631 0.08438441631481
0.0835448830680641 0.0435086715288038 0.0747130701180196 -0.0332862346112791
0.101112057537917 0.0406436146497366 -0.227016890404269 -0.123945104254486
0.0579601513087035 0.0767049942937688 -0.483529874536914 -0.223665186831574
-0.00722110066169689 0.058819421276467 -0.72401768208835 -0.270795352759328
-0.0249033907620805 -0.0284205613607101 -0.750746591340372 -0.324726349387165
0.0400194361882624 -0.0515287463005205 -0.555320279009796 -0.26401926500508
0.0516596463825796 0.0413063591018896 -0.412969525554048 -0.00374303686994052
-0.055813419259786 0.0988413446517012 -0.341858863704204 0.0680808745615814
0.0597742492081386 -0.0719626329410764 0.372569140732607 0.0263615175651241
-0.0228921370285996 -0.0301818886829868 0.447818705104871 -0.0231703001705669
-0.0238692511335491 0.0562324454229378 0.544402372524219 0.315388037711238
0.0321073792415829 0.0798303880677224 0.79117442975182 0.407358145987409
0.0214782006442671 0.0257966010371687 0.779248965880791 0.299872888936167
-0.0368988688991597 -0.00550254330586617 0.547309665419088 0.173854507142313
-0.0449445255952586 -0.00435066775353995 0.254130170848341 0.056050554825446
-0.0461773405950276 0.00018164203040154 -0.00753775945948681 -0.0470618359358637
-0.0373461270550264 -0.0125097817731559 -0.312636479768797 -0.112469310198326
-0.0239895111234028 -0.0172125895390896 -0.571560284701296 -0.181075260177384
0.0267999757927644 -0.0327142046938016 -0.781362705170422 -0.163282304527734
0.0869876828121338 0.000788546484767678 -0.783174229960692 -0.146446861613928
0.0188166201672675 0.0273974353936386 -0.626791471058817 -0.105327049917248
-0.00469199772328956 -0.027215837016242 -0.459719515439808 0.0315466272792269
0.0460019851152823 -0.0853443539850122 -0.3520510591379 0.122325671389462
0.0454817757926005 -0.0280089277733318 0.37162946342768 0.0444809148205491
0.000802393056199615 -0.0162601007805983 0.447508787813811 -0.0160577582176725
-0.0199363441438841 0.0361478524017587 0.496404439117775 0.378460309261297
0.00581413570525876 0.0698477499582124 0.766396918069018 0.507566521371432
0.0107449046487757 0.0449259274261725 0.767545311832519 0.368532195297041
-0.0233323842827516 0.0104339810501867 0.529099906289932 0.202749431315775
-0.0209575482402934 0.00210646303612665 0.229235166838978 0.0572039990036789
-0.0227657243638428 0.00772996975406183 -0.0289875987248489 -0.0531877603538723
-0.0124154408430199 -0.00404649901842996 -0.333901241990044 -0.10625198897956
-0.00599507560421596 -0.00232017689950099 -0.586746694351382 -0.150038899103628
0.0218376257413864 -0.0183109438594132 -0.773954764360048 -0.105848887386286
0.0671717221812708 -0.0099886582814681 -0.768681847293745 -0.0678829979200325
0.0215539175628163 0.00644234637971733 -0.626301213480117 -0.0360735351396184
0.0116681921499363 -0.0188981796882021 -0.458099068661021 0.0554554576839258
0.0330097109829909 -0.0458164507876473 -0.342974710362253 0.139393779603354
0.0181741499392013 0.0196651267505564 0.373102009760382 0.0493787737283659
0.0221034031400321 0.00842581972996587 0.444737840530318 -0.0133416641671253
-0.00850405987626075 0.0160115960592464 0.464415308628116 0.415744616965787
-0.0188645985460989 0.0523779244928042 0.744975020225042 0.57107087214695
-0.00339941441544234 0.0652718767902299 0.75622802761922 0.409831412508009
-0.00784861806437104 0.0327746493406474 0.514369427548609 0.223772415648841
0.00893239738404571 0.0123990631594888 0.21430254701684 0.0572227163733527
0.00557510615422268 0.0159200291810482 -0.039183747545146 -0.0573825038060638
0.0184479671721815 0.00394130487682374 -0.343855023300757 -0.0995077785585989
0.0158177170577813 0.0122428755104371 -0.592311121599737 -0.12861436815121
0.0209015108489527 -0.000245244618425598 -0.764013475305841 -0.0699191898780174
0.0427479451781613 -0.0147383262066659 -0.755059548735588 -0.0203127465630063
0.0200093348903103 -0.016152928028477 -0.623644247260349 0.00557473913271467
0.0293758344328772 -0.0135071870446478 -0.453885297232926 0.0730352395495887
0.0221337992151467 -0.000901819341701148 -0.335638846075019 0.149670174827004
-0.0125850550846171 0.0656749180904103 0.37592948066978 0.0369868631792192
0.0395643611341809 0.0338935721776717 0.436580472096544 -0.0119766133597282
0.00612921424118253 -0.00255114170478815 0.455323023909983 0.428733349116656
-0.0390137674273484 0.0304524089754791 0.737107507388775 0.582937719021522
-0.0165166780849974 0.0837112263582859 0.749060819093381 0.421258869790842
0.0106042129266805 0.0575150458554974 0.509408791241404 0.231337566610141
0.0397429803721078 0.0245846055412004 0.21021138245602 0.0614839608389236
0.0357909211588378 0.024155205644664 -0.037702637520843 -0.0584050075962946
0.0493370377396205 0.00914564500546084 -0.342850642325191 -0.0969991359775286
0.0383569731691124 0.0267050127131271 -0.588041815560131 -0.119474828766061
0.0197119583334867 0.0173478807489239 -0.75872698775481 -0.0544711308474571
0.0187814748022342 -0.0162084734796266 -0.752212507429403 -0.009331153345197
0.0171432894434506 -0.0367356377324848 -0.620509966778273 0.016439865093858
0.0472806960838524 -0.00869690146666081 -0.45046646140692 0.0786599028688887
0.00999835865818681 0.0447467971937446 -0.327762302264596 0.150211475649376
-0.0333632876393506 0.105560268784356 0.378951438881908 0.010898324814757
0.0543703379204795 0.0513288703871477 0.426305773083132 -0.0115661748886744
0.0163473458359987 -0.0188001423346062 0.479934864870053 0.41409341146847
-0.0555955461757819 0.0158231437093706 0.750523539978839 0.546451203382717
-0.0241584593599236 0.0993692437064478 0.753375052473318 0.399800498686732
0.0278114829514389 0.0777796084607455 0.514325988455878 0.229964185413742
0.0683384304648572 0.0360618197329646 0.2184543866205 0.0656716070449058
0.0622575718216276 0.031599310217432 -0.0204462959664256 -0.0565601677815349
0.0773240441506358 0.0163674696113872 -0.328782186588144 -0.0994921552340586
0.0591382921241996 0.0419160378848186 -0.578029974052088 -0.127947715471787
0.0189477123108271 0.0342028944758622 -0.759939938875189 -0.0693302200723102
-0.00318208573346618 -0.0198127384580705 -0.759152011291939 -0.0316648609369698
0.0156561511848048 -0.055723015886459 -0.619899848096924 -0.00634073401472156
0.0620162761397441 -0.000830697092516305 -0.446044410719016 0.0715553505253172
-0.00227689391536612 0.081985240034391 -0.326006236051318 0.140867797476609
-0.0401248193163522 0.129428588111175 0.375917437947121 -0.0234937852735711
0.0652907813974975 0.0539206689570549 0.416530954425914 -0.011184857567592
0.0156889210957365 -0.0314553824467327 0.525079133191034 0.370224607238517
-0.0663105146892061 0.0101723258260485 0.777188278314316 0.464807240961753
-0.0212411373578054 0.110189182651576 0.760126973685836 0.346307621146542
0.0446544380644534 0.089262010168728 0.528714724407809 0.216159079157715
0.0895661618739464 0.0419584618799182 0.237296851596711 0.0697291567616431
0.080322995289824 0.0371019829431812 0.00575241582809787 -0.0520247441412686
0.0977123532798638 0.0233378169362564 -0.305055763011958 -0.105565328050689
0.0715092207044022 0.0553956209296161 -0.562329878300213 -0.147162064838996
0.0149820257326786 0.046446585199974 -0.762530951906385 -0.106344104440122
-0.0189288607677057 -0.0254456079109089 -0.776887180032746 -0.0881679377279938
0.0220801398658496 -0.0681236979153807 -0.621367952490654 -0.0633096818235683
0.071356756529688 0.00954170337192644 -0.441229109118737 0.0566506991154374
-0.0203372705980537 0.106906954048756 -0.328555840170581 0.124914782873454
-0.0341319337906429 0.134080928946978 0.369677410752753 -0.059556093321008
0.0680996121559869 0.0438450937225283 0.410557297983054 -0.0144633932806548
0.00815538566774085 -0.0376688897671494 0.574098190930273 0.298243259109173
-0.0694630075980156 0.0149220417612751 0.797108887935153 0.357537431612591
-0.0131337911435611 0.112522918822102 0.768336473244869 0.276989194819247
0.0557773395885391 0.0898208646970195 0.550290461432578 0.194474485725095
0.0994401872672265 0.0434282927067632 0.266134591928119 0.070779925426264
0.0892925712472466 0.0377843190236994 0.0378402949999278 -0.0451935647564005
0.108418199129104 0.0278972764957967 -0.274193805706184 -0.109918652609949
0.0749233276088166 0.0655762885400809 -0.540093784873711 -0.175619645138316
0.00930167394051298 0.0538517260356011 -0.765346829317957 -0.165313412143237
-0.0244505188544914 -0.031697707438181 -0.790311327096516 -0.178009884578981
0.0332203699719418 -0.0713017872866379 -0.612564133928379 -0.142491465687573
0.071230337209445 0.021875015626253 -0.437214497263941 0.0335314642593521
-0.0389291843313189 0.113803739994998 -0.3329541980467 0.102748733508027
-0.0226318651008742 0.118858736056351 0.359926070172009 -0.090241091743148
0.0610406100382095 0.0288065940271501 0.412108121699312 -0.0267810331849595
-0.0014605339653958 -0.032633961922943 0.612259821116978 0.209860434670594
-0.0612840295241228 0.0239557517170423 0.800663180923189 0.239087332916081
-0.00125626513908496 0.104823118913416 0.769905483931446 0.203526220651246
0.0594479424042119 0.0797462732012644 0.573221007988107 0.159769616798585
0.0968537575199591 0.0391087876935393 0.295692126890435 0.0671388165224728
0.0855396036608456 0.0367194029904077 0.0718946123051279 -0.0376949551696492
0.103527845759054 0.0317171030795785 -0.239387389792819 -0.114530253361762
0.068490076409859 0.0693842561659545 -0.513419949359922 -0.204813176918629
0.00289681584637726 0.0510641165579948 -0.761221440396646 -0.237049768257367
-0.0157369872256815 -0.0368048411433412 -0.794712484155062 -0.289145491047917
0.0430929969345214 -0.0617784797128262 -0.587061612505075 -0.235960465232861
0.0602267647942519 0.0318334688129519 -0.429620410988091 0.0139113270613839
-0.0515079410107663 0.0997127076906518 -0.340482310169886 0.0798204370621391
0.0607227714632427 -0.0728450146764826 0.375828325750222 0.0249904625215328
-0.0228329982410082 -0.0298438753587036 0.453538008168706 -0.0272600288528372
-0.0249035070899973 0.0564047848258513 0.553092878893783 0.31203980103457
0.0329986427237862 0.0798091115689001 0.803037138948281 0.401500969657324
0.0221251999498296 0.0255960403657017 0.790057270097029 0.294133877278681
-0.0375281239530418 -0.00506859916963801 0.553474309976523 0.170772663717846
-0.0469544703490963 -0.00450503972176339 0.255754094549673 0.0550582729136026
-0.0462867691435987 0.000549747058877921 -0.00814102024888873 -0.0483237754253617
-0.0376380208141744 -0.0115356401116869 -0.314664207424899 -0.111608429967673
-0.0240126396278483 -0.0177218533239398 -0.578927431211233 -0.177914440810959
0.0264632089261097 -0.0324029724772958 -0.789087310200973 -0.156539721101589
0.0881835554622722 -0.000991372686692617 -0.792366086702602 -0.139856447788141
0.0194093324295182 0.0278373748752561 -0.632503925349923 -0.101346893817676
-0.00424994434289767 -0.0283931594704534 -0.466084524941435 0.0357013970582422
0.0468892660486693 -0.0865017350974964 -0.355974064012329 0.126556423131947
0.0465750675418722 -0.0299214927781047 0.375279247672191 0.0417919277340607
0.0010203754108579 -0.0162204078769442 0.451476375156864 -0.0211623616176168
-0.0209478873959014 0.0365310573802963 0.505831137364419 0.377423046600767
0.00611502218284861 0.0699512182362425 0.778874955999652 0.504562893140411
0.0121396701598125 0.0457943882094684 0.778195004767587 0.364431585185972
-0.0227719622526751 0.0103262915609083 0.53486423977465 0.200181293643996
-0.0216151817289909 -0.000350660773374345 0.231127146589179 0.0563595734761214
-0.0231627066088356 0.00752255582806243 -0.0299192705154286 -0.0538040806224764
-0.0130079371789107 -0.00382427062757231 -0.336060097124195 -0.10367207497187
-0.00650290502391562 -0.00305395888746068 -0.593915838340734 -0.147252520287886
0.0217711411477348 -0.017719833278103 -0.782807596875251 -0.100974649428969
0.0680811445162056 -0.00952007955819558 -0.777165793374323 -0.0633739162985726
0.0213112610395058 0.00571990551952922 -0.633010562389559 -0.0332108566682342
0.0114621318348051 -0.0197594591267391 -0.464395803233461 0.0591365342046819
0.0341277858594661 -0.0456347269195723 -0.344976839741039 0.143045673666104
0.0194087103955184 0.0192688492130521 0.37604357818278 0.0468415544214983
0.021779967716586 0.00798147191469698 0.448345425606304 -0.0172113265984467
-0.00903131235101958 0.0159356490729154 0.473100807696869 0.41400120200769
-0.018672472412061 0.0527957226597895 0.753443526584634 0.569422297206305
-0.00216264200003656 0.0661574937615796 0.766872483929725 0.408616197709282
-0.00642874435380523 0.033253944865096 0.520460674406006 0.22007711137885
0.00880737373153694 0.011749985997497 0.21626918453426 0.0567184743199988
0.00669142700774705 0.015826709145277 -0.0408116718582116 -0.0580459781108693
0.0185947726817053 0.00351778863940812 -0.348563047846287 -0.0982434217322326
0.0158052283508983 0.0117599724745107 -0.597111009358051 -0.123685632625469
0.0207958323744565 -0.00100031930767501 -0.771223423776466 -0.0621307190034479
0.0432311032730837 -0.0149283329613684 -0.761757026185785 -0.0130103067950754
0.0195117289421945 -0.0163431885395101 -0.627408821044121 0.0121058138851287
0.0300936127057368 -0.014067043006199 -0.459949732534799 0.0780415441012692
0.022185833352559 -0.00028312628559489 -0.334512146254504 0.153792200903853
-0.0114191598034772 0.0662697877975958 0.379073457700989 0.0349013552422391
0.0401644327502746 0.0342233946216581 0.44206157177484 -0.0155225484271382
0.00496920225766303 -0.00171304886801852 0.464968270565199 0.428684707582709
-0.0390811017215653 0.0317880318759875 0.750312280388809 0.583286965488857
-0.0157600458654862 0.0843421888195252 0.761396308813085 0.417262355166872
0.0108433975419981 0.0572053401037897 0.515396345270617 0.229788308452922
0.0406766682519519 0.0236623705950868 0.212189814450902 0.0601232166511897
0.035948951905877 0.0243479697136209 -0.0376298458174551 -0.0589518973924536
0.0505716540261041 0.00908458301012921 -0.345900064633223 -0.0967791127291797
0.0403464100761081 0.0278690490775224 -0.593935489698312 -0.116005015725846
0.0204844407517196 0.0171841642665159 -0.766095766213557 -0.049331489074039
0.0180634599481071 -0.0169475474662625 -0.758651144594474 -0.00119651813588241
0.0163135249615147 -0.0376401428926252 -0.625572849971815 0.0200193779122623
0.0477801128471485 -0.00868981209598427 -0.453889252787978 0.0832989043548998
0.0107143519332728 0.0432805050564785 -0.330958117035409 0.153198642615608
-0.0332287127279657 0.105914028415482 0.380485718142139 0.00799299703725098
0.0556000844255775 0.0511647148985535 0.431553640959037 -0.0144832581408812
0.0154515287019066 -0.0180818251060964 0.48872408261241 0.412442372008508
-0.054693394710603 0.0156376919134323 0.762474551185527 0.545087418785082
-0.0230941702228268 0.0997988233841589 0.761640823825893 0.396436685741608
0.0283715751355054 0.0776525062606924 0.521608335659025 0.226730155824546
0.0686183762489198 0.0351772561105374 0.220652416821207 0.0647467555147118
0.0618064269695292 0.0309634117468645 -0.021750387164915 -0.0572223209066331
0.0776431140672955 0.0152043091630549 -0.331888675483993 -0.0978578007327252
0.0596721760568008 0.0407436540577106 -0.585646536910926 -0.12340804373076
0.0194615330436637 0.0345274745186376 -0.765895922104944 -0.0643313674171627
-0.00398161829444801 -0.0196229742997565 -0.767815862135746 -0.0232275993593788
0.0167758692453208 -0.0562533070330155 -0.627153448357136 -0.00219456470942346
0.0636031824621436 -0.000613328282947079 -0.449678782057039 0.0756074870263244
-0.00189973143499689 0.0822227981890258 -0.327550763107051 0.142832051060202
-0.0399018674284177 0.129406886792523 0.378835177642365 -0.0266263680526907
0.0661659444491446 0.0542058798452619 0.420046191939339 -0.0143870649541011
0.0155869594063654 -0.0313395228964228 0.534997654022003 0.367716574369018
-0.0663301735066835 0.0117940015537071 0.79048788864499 0.460695660581323
-0.0208723659706607 0.110319810373482 0.770565126866061 0.344642575078634
0.0453409036547863 0.088683836451385 0.534602317330174 0.21505060917761
0.0901173515714809 0.0415800532950794 0.24063462124727 0.068910010618699
0.0816907327267954 0.0358322011442344 0.00443903213387638 -0.0529194843637849
0.099647875745902 0.0222949736094756 -0.307850752500834 -0.10328039621524
0.0728388172163269 0.0546910869745448 -0.568751025430802 -0.142543089570656
0.0158637213473832 0.0477542000893007 -0.771311112226832 -0.101669522803424
-0.0187983345521372 -0.024992293962974 -0.783968926192452 -0.0809531449788132
0.0216274186972931 -0.0682139285292034 -0.628141980265671 -0.0582216519811294
0.0718966615951141 0.00881680661646664 -0.447087812572726 0.0592664345167663
-0.01900619599659 0.10690808633452 -0.329635181748436 0.126580975616914
-0.0346018866719447 0.134595936717816 0.372470335496694 -0.0621651303390175
0.0693622855666177 0.0441553045246713 0.41627696873985 -0.0188538152128205
0.00750995395781647 -0.0371881943386968 0.58331962317402 0.296275603512698
-0.0704994879633055 0.0158806933793704 0.807346642660334 0.352386166809853
-0.0124618653802667 0.112657575099586 0.77971890859374 0.273098356889251
0.0568158928883146 0.089018104265789 0.557302516171621 0.190321916254859
0.099894810092502 0.0414544909504003 0.268980389547859 0.0692407715399029
0.0895449324836276 0.0377721097656442 0.0377479317552607 -0.0461224018225828
0.108183443605426 0.0280475293042723 -0.275988959269056 -0.109296708003113
0.0766380980845166 0.0648472218386771 -0.545857579270164 -0.171808567055684
0.0104864908600438 0.0529853154236197 -0.775203520544348 -0.160469872451203
-0.0235134693700738 -0.0322853212181806 -0.800485117874647 -0.172860980574545
0.0323885787153083 -0.0711248548575495 -0.620686782406797 -0.140149606269071
0.0722401013655691 0.0220363253863835 -0.44288864175075 0.037216836814025
-0.0377781180094055 0.113716471579517 -0.334062448523855 0.106400408563142
-0.0231212808385992 0.118545411311223 0.363278604772924 -0.0942407670240462
0.0616760772299261 0.0282017492454769 0.416696120411574 -0.0291911908701631
-0.00239418068239436 -0.031697921660506 0.619792596712762 0.206127488714059
-0.0618814144832931 0.025182596567673 0.811683294111942 0.235173946874015
0.000327456018096564 0.105448479987988 0.779567145740981 0.198009949933596
0.0600578529293847 0.0803349059677369 0.579555629838761 0.156050704465386
0.0970642561024066 0.0382932865794679 0.298025891548724 0.0662844207611907
0.0863976892209231 0.0362121346788769 0.0737245936960844 -0.0392452980368434
0.104722309531345 0.0317289078490728 -0.242307066223637 -0.112975671041066
0.0698377764465311 0.0689034655666627 -0.519966524855366 -0.203040973001794
0.00419010820950099 0.0512597628374113 -0.769462735194814 -0.234337825542668
-0.0158795234826903 -0.036614113388464 -0.802532600564846 -0.287422342471457
0.0436923976135423 -0.0624867322940204 -0.594932644433598 -0.234142212032532
0.0606661968162395 0.0318522123208007 -0.435393982555307 0.0172178000371312
-0.0512105823755219 0.0989836703630686 -0.342021844738355 0.0828303569245396
0.0609466939046003 -0.0729845400609087 0.378447361990392 0.020777553898103
-0.0228272221385274 -0.029655315277149 0.457363550792733 -0.0309762867622222
-0.0240620770811949 0.0571286068285763 0.562819087714823 0.30941454280091
0.0333497092074615 0.080044858762078 0.813514237230331 0.397652909758542
0.0231551487165116 0.0259398638794293 0.7997499142883 0.289403273469238
-0.0379450318163558 -0.00435599660386553 0.560962281964968 0.166687690536055
-0.0468968811025078 -0.00425996385523727 0.257622983248174 0.0526500821853334
-0.0462185013381607 0.000980438557111832 -0.00811373564902815 -0.0487761062837388
-0.0379148277676453 -0.0117272639002697 -0.318982855754643 -0.108633364289473
-0.0236022506310655 -0.0175954907576626 -0.58423022148706 -0.173708493605163
0.0270967946236867 -0.0332292504948774 -0.798874751200253 -0.150054127256602
0.0881719450847829 -0.00124121978139155 -0.799945498410087 -0.133476103448769
0.019908505124296 0.0280628214736464 -0.639033948444102 -0.0961172241537858
-0.00330394342921274 -0.0276424519727909 -0.471038574291473 0.0401195921948164
0.0466581371964341 -0.0879169789213251 -0.35672800062523 0.130225587143727
0.0465955048458962 -0.03028992494506 0.377802554321912 0.0396691890407528
0.00108410701747121 -0.0161624236855459 0.455911040001997 -0.0239313887099847
-0.0208790919912986 0.0374114118919238 0.514625923985373 0.374245042563318
0.00714111100714792 0.0707339748804667 0.788552556647309 0.50047398477845
0.0124041331792383 0.0455722655996384 0.786844565921311 0.360075360631226
-0.0233892237174219 0.00963195763465398 0.53973899674755 0.19804124654407
-0.0229263083522172 0.000192017405031173 0.23323381111348 0.0548661836589336
-0.0236917314391483 0.00795410493161027 -0.0300502223656911 -0.0545383748530298
-0.0124878462350577 -0.00382089760256189 -0.34033292330125 -0.101245866649915
-0.00641025589911182 -0.00311658243292224 -0.599106821692578 -0.14305217060945
0.0231090258900916 -0.018590570080236 -0.789155793471484 -0.093316553674558
0.0679275393476767 -0.0116152032971856 -0.784399295667258 -0.0543410779177807
0.0219408147534827 0.0068094444382621 -0.639301021376606 -0.0268914415122564
0.0129844414586062 -0.0197094357532478 -0.468516956621177 0.0641018062234918
0.0347964792440147 -0.0473394375363299 -0.346239389305888 0.146511746627362
0.0197075825960566 0.0185165616510299 0.379357299855082 0.0437546439192395
0.0218061141108473 0.00829309102956199 0.454715474821748 -0.0193740141801763
-0.00960044871746742 0.0170151913891921 0.480794888604308 0.413155309811217
-0.0177693544898283 0.052757962026292 0.76719274354344 0.565450493778406
-0.00162609038626212 0.0670991230029228 0.779051099685356 0.40484139825693
-0.00699014511112247 0.0325915174877239 0.527389407389691 0.21799992926853
0.00730118840668427 0.0106265766507345 0.218688256630316 0.0563484843287712
0.00596908662101949 0.0156759754801029 -0.0418025659641061 -0.058484451655781
0.0184252960854621 0.00356140728799248 -0.351090357532711 -0.0954249041554682
0.0167860496848464 0.0121289721537528 -0.603008366743387 -0.118476441561953
0.0213657082740368 -0.00111845639273527 -0.780478422169935 -0.0553169654503558
0.0433251152196413 -0.0162354566068664 -0.769160300255073 -0.00586639837176959
0.0198647205389126 -0.0168159605326551 -0.6336303636382 0.0174839645147507
0.0306293991807581 -0.0142012673180788 -0.462518542278336 0.0826941265044759
0.0234119026250296 -0.00160233676166493 -0.336199158179934 0.156411896184405
-0.010479850155747 0.0656685906188214 0.382191679896486 0.0317354936795536
0.0404215989913809 0.0342127481944667 0.446199058277696 -0.0194783248064332
0.00484200560154931 -0.00132994364158359 0.475235954423134 0.427079086143859
-0.0386477549953831 0.0320350867111346 0.760415992683284 0.580621367512373
-0.0149622671437681 0.0846467624852831 0.770260662325152 0.415949673874771
0.0111334434283398 0.0583596055488668 0.522888481752506 0.227273739591392
0.0395440493478748 0.0239304386135306 0.214068093678332 0.0591113138545712
0.0357747364051266 0.0237869363067691 -0.0388294523251241 -0.0593351576894129
0.0500055026113135 0.0087716772275486 -0.348676983222695 -0.0934849485052986
0.0395194380041494 0.0271072230599555 -0.601196564410731 -0.1120358595693
0.0215040116479339 0.0177732656847052 -0.774013706569211 -0.041661079348249
0.0185635604447245 -0.0170051568532399 -0.766247346011358 0.00715693134030505
0.0165038151374632 -0.0372551631518717 -0.631353605531495 0.0275854213721327
0.0485352947052598 -0.00930124487181808 -0.458795927597123 0.0876404651968095
0.0119102170612181 0.043828716815268 -0.331650671937266 0.157122400372002
-0.0327459063496515 0.105528315561394 0.383857002999569 0.00612719572506878
0.0553740438409519 0.0511820820228371 0.435480757088298 -0.0191396208701625
0.0145812289662753 -0.0183743210822629 0.497943487811381 0.411187997073112
-0.0547975079297304 0.0161999516958423 0.774298841573232 0.541215430242316
-0.0212554342475623 0.101640851881128 0.774440181005239 0.391380687489478
0.030648961327372 0.0771382333298866 0.527071414882151 0.223787702891202
0.0691580620506267 0.0342419062695189 0.222349186530426 0.063125721511476
0.0628570838444024 0.030025357418903 -0.0226332812768735 -0.0580813090583631
0.078883713044185 0.0158796608300368 -0.334201859613971 -0.0959968028270851
0.0610491240761058 0.0404783420249983 -0.591344619337037 -0.120233397438152
0.0201321326313433 0.0340729956725999 -0.775706103451263 -0.0563705236713723
-0.00433631362384592 -0.0195543135618716 -0.773819410730141 -0.0172414012695236
0.016869038498687 -0.0560736462855746 -0.634139065557552 0.00277649061376518
0.0646366359591946 -0.00234415641766304 -0.45381388292597 0.079991909103621
-0.00156189738999092 0.0819040728135605 -0.330020582566276 0.147141490755898
-0.0388001942496436 0.129479827830933 0.381854390955612 -0.0286838473857566
0.0671968354006607 0.0545691961695419 0.424530947732241 -0.0184405748764693
0.0151100563849723 -0.03057160961539 0.542878835797786 0.365111598888257
-0.0664669226548843 0.0119271010377704 0.800548164044754 0.457376107618195
-0.0193142617557771 0.111252997515108 0.780465328869428 0.337597950201098
0.0458398205847419 0.0892931386528993 0.542513923515006 0.211455449992173
0.0898942828492685 0.0402546730857576 0.242989635131601 0.0677464862916949
0.0824615917866505 0.0345679946582964 0.00389961255015835 -0.0535560888343031
0.0999401859906771 0.0208300774892361 -0.310320760078037 -0.101948274521623
0.0743944425040956 0.0538765301482101 -0.574592728520771 -0.138613380501863
0.0171433535755204 0.0487831752821456 -0.779418591367571 -0.0944813210997745
-0.0191418131764641 -0.0246912528326622 -0.792817730346913 -0.0752061042170907
0.0215526714523959 -0.0679615384650785 -0.633706743043916 -0.0523211774809402
0.0733734793212997 0.009467720708537 -0.451559930351348 0.063317356968611
-0.0184314980622424 0.107492169725448 -0.332927063331126 0.129694815578794
-0.0330369933992109 0.134753308857808 0.374485367969052 -0.0660573084932856
0.069305535937069 0.0429960062926788 0.419337916709361 -0.022432096754727
0.00665027409064688 -0.0375219577349657 0.592199631761227 0.292568322049165
-0.0696776701278368 0.0172203507630132 0.820075210465806 0.347741525460593
-0.0105712295175458 0.11371777905988 0.788341931432971 0.266685076142025
0.0579150807821187 0.0887131040767901 0.56472738332572 0.18635671639618
0.0996170028215369 0.0409147467884565 0.271309927822981 0.0680062380833814
0.0904783277848392 0.036321599531028 0.0380392123764788 -0.0478971323775746
0.109853152314717 0.0264105513097029 -0.280093532598519 -0.107114249797876
0.0777667976505926 0.0649461031139175 -0.551492929773944 -0.169151265052707
0.0110538988227047 0.0535212113226745 -0.781091956550935 -0.15422707478456
-0.0229736772583095 -0.0316196485007314 -0.80839539531882 -0.165824409691984
0.0323761214927504 -0.0723371529320697 -0.628315256058181 -0.1357201466138
0.0737412361911301 0.0213188064728873 -0.445801407177775 0.0421616387635489
-0.0359081414788262 0.113771579938696 -0.336660703055015 0.107808853027434
-0.0225195637905449 0.119663156628706 0.365415576746627 -0.0969116366422788
0.0620539750714471 0.028290616463565 0.420514914186369 -0.0337359393092172
-0.00325401990031561 -0.0315126205083807 0.628709587845109 0.202087877304619
-0.0612459891188057 0.026424082364303 0.822295262316125 0.226259882192161
0.00185294172825533 0.105622905836874 0.787926045949346 0.191726560127556
0.0618104949338564 0.0800410309636947 0.585034620160002 0.152601975944895
0.0970821851897323 0.0368317088018237 0.301773991795794 0.064493361133041
0.0878738599010689 0.0356666445402523 0.0721451023481748 -0.0415305900401608
0.105683204547067 0.0301099581656824 -0.244934617734617 -0.111275193334884
0.0706915783925632 0.0680956819022901 -0.525140955778256 -0.199815313615293
0.0051968524705561 0.0513982898768034 -0.779631358046151 -0.225635331263952
-0.0162408252848714 -0.0364709625380755 -0.81351800357114 -0.280093271007334
0.0433372394023442 -0.0634029091247512 -0.602383064671227 -0.230417198625968
0.0613745912302784 0.0307686737517331 -0.439914273818291 0.0208583994581407
-0.0503170069866595 0.100359791325256 -0.344454823948212 0.0855411093651871
0.0616682705691064 -0.0756893174712344 0.381319800447605 0.0176049483772378
-0.0229357585676161 -0.0289974508285919 0.45984955769647 -0.0362347290648137
-0.0248095847576673 0.0587916694044301 0.571858370610533 0.304336254091656
0.0362243467478824 0.0795471359791994 0.824994342105699 0.3905278458866
0.0234507295308076 0.0266364614292467 0.808292587067225 0.281635967082526
-0.0387509712050674 -0.00476716656070515 0.567152989712785 0.161510740403278
-0.0473833888642215 -0.0054245441555044 0.259444972798849 0.0508183392245349
-0.0467728065073488 0.001012380448572 -0.00840756910852516 -0.0496374555955809
-0.0382973822106767 -0.0111856716888843 -0.321563167318628 -0.106327586717872
-0.0244063307771779 -0.0166301993460737 -0.589955683234249 -0.167486366322604
0.0267085634437118 -0.0332950313697556 -0.807207113186769 -0.140147963726438
0.0889988947313349 -0.00120606809225319 -0.809689778112444 -0.125446330268869
0.0200953708784929 0.0278453999638296 -0.646542016062694 -0.0892525678313271
-0.00350479269016157 -0.0281352926269938 -0.475222595554576 0.0466057702624309
0.0474213132513729 -0.0880427464358679 -0.357160083459264 0.133555395054207
0.0469831287283226 -0.0320894741888919 0.381846792002533 0.0368578257012326
0.000797406894129552 -0.0172835881302078 0.460799432706492 -0.0299722145721924
-0.0220277813345406 0.0371978288847677 0.524284016433905 0.371606034510565
0.0086475876902102 0.071341781814825 0.801971969035609 0.492893094602755
0.0139137140036781 0.0461358438182699 0.799528769339039 0.352477215394815
-0.023596248162972 0.0114717260335809 0.547181919890741 0.191956576248349
-0.0231449577262172 -0.00029507622661956 0.234833660753583 0.0515696770670691
-0.0225482186414009 0.00861774782643603 -0.0318385043726322 -0.055752147913668
-0.0128378614816505 -0.0040268218718512 -0.342084016547588 -0.0992687558856152
-0.00570883372831933 -0.00266137372987662 -0.60441500738143 -0.135109001396584
0.0227143157516513 -0.0189836905007687 -0.797150517217235 -0.0828443729013643
0.0680289574558303 -0.0112011002578078 -0.791665564224351 -0.0447883014727651
0.0226450337365068 0.00628696722843343 -0.645678437180013 -0.0190955838754977
0.0133081786028147 -0.0200320052630068 -0.473063557786924 0.0709261983337322
0.0351407729572719 -0.048827812842981 -0.347746894728889 0.151110728843054
0.0207020670002057 0.0174262439114676 0.381425849223401 0.0409528289624679
0.0231423688469258 0.00821663009944943 0.457815999082146 -0.0245281759110894
-0.00903849010544385 0.0176484912167358 0.492096837048029 0.412153459930053
-0.0165581807188394 0.0530966571861356 0.778174618763558 0.559702439679527
-0.00135175355982339 0.0666195163035168 0.788048325714143 0.397851302814252
-0.00620468753145329 0.0331930095478357 0.534222616066976 0.212123122036045
0.00652588783025225 0.0104822231491424 0.220083942846216 0.055106786171227
0.00588042236923926 0.0159459166980467 -0.0412164959880167 -0.0597774551530896
0.0182733157296273 0.00282909948777691 -0.353669192072794 -0.0913834206259997
0.0164042190568969 0.0119858416425997 -0.60940308704368 -0.112006950662619
0.0219276900023608 -6.39035306459999E-05 -0.788499153340285 -0.0434366854003723
0.0424529752126359 -0.0156951221531202 -0.774233205118927 0.00554188889569083
0.0203595379266875 -0.0164324067342611 -0.639445017772902 0.024968225417019
0.0316958312434041 -0.0141535845335841 -0.468069861220496 0.0890159721211007
0.024111113828009 -0.00207914730635815 -0.337545223976975 0.160755688433435
-0.0106489834621511 0.0653693117852437 0.384387839500382 0.0285480798516374
0.041529201837924 0.0334094890268897 0.449536017897297 -0.0228406479766538
0.00453886334656861 -0.000617786088092979 0.48496107867777 0.424824463593687
-0.0381338799673883 0.0323581382501945 0.773711930530526 0.573574836235824
-0.0130553136457766 0.0851329570419974 0.782123225121393 0.40697235286246
0.0118475947456274 0.05695366969638 0.528974949661386 0.222218207162668
0.0398153201661505 0.022063422158518 0.216680019141355 0.05731418053193
0.0361617885995249 0.0223771941549451 -0.0392954741960257 -0.0599548585968015
0.0507362054796367 0.00755346988085816 -0.35237431879656 -0.089894119317968
0.0410249585287293 0.0260475097730322 -0.606516832845817 -0.105129367383877
0.0220869707095836 0.017754019323037 -0.780343332007325 -0.0329973140738938
0.0177210192995204 -0.0179137842954717 -0.772307387423392 0.0161016734690808
0.0158124261310519 -0.0375774836802703 -0.638282757746499 0.0344426171710808
0.0495016110607739 -0.00922167576869247 -0.462030610737906 0.0936142219575721
0.0131748582787204 0.0433936036048045 -0.332798424911581 0.160162681046525
-0.0319852963540956 0.105478981960817 0.38662199140351 0.00217006686512953
0.0556881204436333 0.051276734946004 0.439789059901764 -0.0216494806213936
0.0144625213018024 -0.0176055675243232 0.506950560655306 0.407145770206418
-0.0546987773365052 0.0178886884982811 0.788555911556349 0.534045845009548
-0.0197390749490661 0.101583919747575 0.782660912606275 0.38385217197351
0.0303534680939335 0.0776817038024528 0.534873868738782 0.220289930273672
0.0687939770272844 0.0327441610922669 0.225859131874292 0.0607233417478481
0.0645363919421837 0.0301999247236367 -0.0236996933832156 -0.0583109610846498
0.0793662579264143 0.0142930571835704 -0.338007013821807 -0.0931571605941557
0.0611457420654239 0.040201102532809 -0.596792133211759 -0.111507550244893
0.0219655237754855 0.0344983021356311 -0.780801811901413 -0.0471981815070811
-0.00402871367417651 -0.0190426622728324 -0.78123937261814 -0.00834697594679822
0.0164958929755468 -0.0558858153083343 -0.637402698628624 0.0109400472096785
0.0647270345123737 -0.00290498118110348 -0.458862356320007 0.0872149412642555
0.000217204733911174 0.0819161962144032 -0.330090165143699 0.151541254858359
-0.0383890696763453 0.129863634375618 0.384186403620465 -0.0331512392723157
0.0673715749818026 0.0537470072410838 0.428754128530901 -0.0228797233636031
0.0148398906048296 -0.0308900971874997 0.552162242605557 0.362067030104924
-0.0672063167704189 0.0130469700221303 0.811455820106943 0.450705796638758
-0.0181525117188312 0.112366306947836 0.792093151336802 0.331286319279133
0.0483394622735469 0.0885081662193938 0.550556650584206 0.206787252702545
0.0901846052592037 0.0386120013753514 0.245734099477897 0.0655403159699618
0.0828519611690088 0.034765776968054 0.00377381128161251 -0.0548118924906592
0.100474855946667 0.0203702696198292 -0.313727569853451 -0.09862879190528
0.075127762544861 0.0535208042769636 -0.580589279526151 -0.132547536084324
0.0174530339231581 0.048019149738254 -0.785252732416061 -0.0863492640882407
-0.0193811322001369 -0.0241492559786664 -0.801703973012544 -0.065496937264158
0.0209178803356405 -0.0687413365106153 -0.640579389045078 -0.0460076187680357
0.0730977663183808 0.00837090973253084 -0.455392213263964 0.0693770232632731
-0.0167575805995348 0.106652326789354 -0.333254522840474 0.133347767276455
-0.0322882634028894 0.134612604667112 0.376941141355713 -0.0688678451050348
0.0701183139321407 0.0435697271840441 0.423121336284974 -0.0278429140544794
0.00644812934841694 -0.0357877953073337 0.601856249152227 0.287975663121062
-0.0706004533300241 0.0171667259366944 0.828329790521705 0.337911013128614
-0.00876444706838644 0.114129454098262 0.796591542918814 0.258989168501226
0.0591195017000548 0.0892044035519503 0.573372248556396 0.18107192954351
0.100201810885308 0.0396357338275217 0.273694802648534 0.0654350279758394
0.0917585876294249 0.0361449016288823 0.0363026713291039 -0.0487004543344214
0.111000510619126 0.0257051250215792 -0.282411842933388 -0.105421822444992
0.0788999995929099 0.0636229939946124 -0.558388859950541 -0.163536820268125
0.0115097906068188 0.0544119668251457 -0.79028672142312 -0.145954839625592
-0.0240493768506553 -0.0307763583262498 -0.816440104466161 -0.158310624948053
0.0314844243830394 -0.07249151889868 -0.634683619298094 -0.130648617551168
0.0738015529917944 0.0207040307400927 -0.450825719761737 0.0466137984843577
-0.0351850315689316 0.113878306612961 -0.337935776083771 0.112865486392222
-0.021960671315421 0.119035355059697 0.367268412062501 -0.10158906237189
0.0624992165698343 0.0289642619248818 0.424277031499903 -0.0389437142158423
-0.00293067513060176 -0.0318412260929727 0.638510505003439 0.195444637507785
-0.0611516354811289 0.0269121479639926 0.830809705639181 0.218546270718346
0.00374373392250469 0.107294761033318 0.798922173346803 0.182233153029226
0.0628934453933628 0.0793378815414935 0.592782776718936 0.147140928698695
0.0977152026014313 0.0363021616744482 0.304600572814161 0.0621682991331668
0.0888254146613042 0.0348805624637061 0.0717995863774022 -0.0432412294908573
0.106749804343602 0.0284578472514692 -0.246815028870258 -0.109922973877127
0.0725784891007515 0.066986611355332 -0.531329977101413 -0.194008911634628
0.00613332384766443 0.0517100026116393 -0.789685659996101 -0.220291141027559
-0.0167978762689424 -0.0358894147601153 -0.82350081469784 -0.271682138349605
0.0428071300728094 -0.0635383310695241 -0.611796197988583 -0.225771114129223
0.0617223259352368 0.0305150575294101 -0.445364572697314 0.0268931638520263
-0.0486285800011697 0.100281059120551 -0.34675760941879 0.0892748165085803
0.0609557456075289 -0.0768427465037208 0.383368787200958 0.0137316835834841
-0.0235980510444134 -0.02965436706462 0.464672782180627 -0.0425292653091311
-0.0244344044016931 0.0593693406638144 0.580663018183636 0.297625783927603
0.0360221977311414 0.0796000727725607 0.836581541857959 0.380606909830509
0.0243032209404966 0.0264585535744413 0.81772905361057 0.273398339441694
-0.0385463550675521 -0.00444820705220102 0.573143458077347 0.156811159971497
-0.0481266059666579 -0.00530182349770941 0.261962518125684 0.047468447658283
-0.0474459824275262 0.00259843419712354 -0.00904377835712786 -0.0502084097410745
-0.0385707813562948 -0.010861428282006 -0.32390593081013 -0.10193352990741
-0.0241285287239012 -0.0153694259184292 -0.599849711657936 -0.161285613667202
0.0269594931624989 -0.0329287983663564 -0.812797948757815 -0.131493732381576
0.0893586928279799 -0.00294128232056533 -0.815638679156359 -0.114147899558156
0.0210865686093449 0.0273998070305285 -0.652232138483429 -0.0812965000892819
-0.00282118124771793 -0.0288623086309679 -0.479811395144093 0.05305573346451
0.0474072775833015 -0.0896308408052854 -0.359294637732713 0.138556262913058
0.046894517180776 -0.0328096127654911 0.383450600188014 0.0319417944072161
0.00124647205951577 -0.0161237817167725 0.464557863852118 -0.0349813313100016
-0.0217590489905999 0.0396075370920043 0.534331467601687 0.365918390915397
0.00913922454794648 0.0705827362244449 0.814601515599302 0.48631996664082
0.0141089639538583 0.0464106988954559 0.810062416947726 0.344868572212273
-0.0241224992624588 0.0114285560457548 0.55384715305381 0.186860781238547
-0.0251292582233349 0.000355325912357455 0.236320729711641 0.0501232013547046
-0.0227060317456291 0.00888276140228162 -0.0325651318719387 -0.0558892887760519
-0.012720609187455 -0.00363851724165329 -0.345881244091685 -0.0944831524297862
-0.00642329566446432 -0.00258778843926185 -0.610037318040621 -0.12875346696789
0.0229991912681963 -0.0187316751917438 -0.803832369591563 -0.0732576436006206
0.0679788226259011 -0.012243375318988 -0.796134970510726 -0.0341163563841314
0.0228366093248001 0.0057878449129593 -0.651364581769205 -0.00961542009677467
0.0136468671577746 -0.0210989284818253 -0.47585418820902 0.0776734669694161
0.0357899120702818 -0.0480223848853104 -0.3476167375445 0.156079960031655
0.0202554633507402 0.016422288510713 0.385140969816981 0.0373303366367143
0.0239857222076345 0.00871561009956913 0.463085513941925 -0.0313629762510346
-0.009719390625358 0.0184115534501203 0.50145500658109 0.404678261405949
-0.0161934491594702 0.0531374980353579 0.791698366270262 0.551815307355966
0.00146684446771323 0.0675471866072298 0.799022999637337 0.387986060297263
-0.0061623145084928 0.0334097560125137 0.54123202290951 0.207226938935563
0.00664511450204908 0.00986860471173301 0.222047794704469 0.0516785120662028
0.0062885174872672 0.0156888036587194 -0.0441099349897011 -0.0600208024962401
0.0187002919371562 0.00288186497882461 -0.356117092775558 -0.0879503627482157
0.0176548979789115 0.0111015189671692 -0.615954212288593 -0.105356240400209
0.0223125983662229 -0.00114726033837777 -0.791888245698846 -0.033212166849552
0.0431477972194353 -0.0166948824642614 -0.782276720687149 0.012793380058596
0.0199138562273628 -0.0161132233706741 -0.644421844436067 0.0338452500527367
0.032355378508386 -0.0159469323536921 -0.470797505662232 0.0943265515669406
0.0257001759237886 -0.00313377118029638 -0.338777161868119 0.165010367853141
-0.00936197894528679 0.0653909434203149 0.388073516170545 0.0233334514181215
0.0420510963669045 0.0341659996541085 0.452558425568018 -0.0278427429668992
0.00553078918808909 -0.000400776100475335 0.494310016593065 0.419920103910668
-0.0378676687141759 0.0341088559099909 0.78748570559334 0.566881942689632
-0.0122793728259765 0.0861112538153011 0.791194299715855 0.398875780510946
0.0119550313755286 0.0575227828899206 0.536724586707139 0.216736561260025
0.0387499241008169 0.0216873837345244 0.21727899584807 0.0553700222440157
0.0371650910235986 0.0231750120906608 -0.039963405298584 -0.0597370076422532
0.0507843637267933 0.00765969951149862 -0.355384187810059 -0.087123190242978
0.0419800647549657 0.024896401314388 -0.612533580859506 -0.0985968530165662
0.0223354403610278 0.0171268797806709 -0.78918148976402 -0.0206038023157725
0.017554601727446 -0.017707459008989 -0.778274114234951 0.0270344660747381
0.0164267374318054 -0.0376255458878626 -0.641524989240789 0.0432358600067671
0.0500149218227948 -0.010248890125211 -0.464321131194068 0.0995787909940327
0.0136167173930419 0.0434349237366828 -0.332834847519995 0.164888328583517
-0.0311214694646657 0.105406596582156 0.388725009529053 -0.00206615209960955
0.0569340815799084 0.050615426562284 0.442551845020062 -0.0278207562914407
0.0137806863682043 -0.0174830864561167 0.518251981777697 0.402825685970227
-0.0552724915373963 0.0183822852682296 0.79937793058272 0.526870729128765
-0.018381906728559 0.101670400370827 0.792437626635063 0.376810722727905
0.0315610262193541 0.0771219867592947 0.542805823980214 0.214283901286484
0.0687214148659279 0.0315654942376338 0.22776106718342 0.0595730470191638
0.0644928501809307 0.0294699330318807 -0.023949875941325 -0.0590722115003494
0.0796874751484258 0.012262566497415 -0.34127614925162 -0.0885376948903652
0.0619907123979447 0.0394026860561518 -0.602371492766879 -0.105511174773997
0.0226293704825025 0.0336723483687228 -0.787136649976411 -0.0367914005540783
-0.00512307810795458 -0.019292903940103 -0.787869719220667 0.00237102636892178
0.0147145533496315 -0.056509489782531 -0.643122868930766 0.0195200830985923
0.0652444197136803 -0.0028235470172996 -0.461979264023914 0.0927349821777891
0.00087495684943986 0.0811696180510698 -0.330968339982392 0.156042726363751
-0.0376093414148168 0.13012237884708 0.387024078959219 -0.0372496654135494
0.0681847886440783 0.0529296901731357 0.431945340228801 -0.0281286872552233
0.0143410057806445 -0.0305691814331843 0.562636404705787 0.355766809425761
-0.0664014391389645 0.0147454456722373 0.824653385764086 0.442550659977713
-0.0159839040885114 0.113590230603044 0.801259705520268 0.321954879268498
0.0484288940643066 0.087837636754283 0.555539228357241 0.200621980847007
0.0898315190444808 0.0380939705161653 0.247749654779162 0.0632379895619284
0.0842577374118709 0.0338480865138481 0.00250490633300334 -0.0555925894450444
0.101062034574844 0.0183555943317132 -0.31677941642845 -0.096063238801663
0.0776811367718971 0.0528908788878233 -0.586193284759386 -0.127213041879842
0.0192598121567927 0.0480570446349963 -0.793142393698314 -0.0745491331978985
-0.0192225069799005 -0.0247402723900453 -0.807783087258439 -0.0560914255400622
0.0198913245876751 -0.0690566957605344 -0.646956393370799 -0.0389098180954226
0.0744924965625348 0.00773232151981734 -0.458092729262337 0.0746456130537227
-0.0155899693652852 0.107134188053934 -0.3339704145193 0.138453093401655
-0.0314620593164775 0.134645472436485 0.378715101782428 -0.0742031179530217
0.0706363311068412 0.0426799803026894 0.426457166695412 -0.0320443716462739
0.0062732129855027 -0.0354259394670677 0.611134196109989 0.279633574169858
-0.0695159582042967 0.0180079591922226 0.840587517452337 0.329752974775769
-0.00617071055619392 0.11392215598676 0.807535444812006 0.249382879344786
0.0608308870154913 0.0879592410352557 0.577166332908278 0.17519747206751
0.100348330958995 0.0381338364058025 0.276813711473495 0.0624183084109102
0.0925922193403275 0.0353203556019983 0.0362224098900819 -0.0501662193338159
0.111306541727947 0.0235964573141431 -0.285936584484077 -0.102542407507399
0.0808491677913246 0.0628353523907596 -0.564743341109011 -0.157496690043896
0.0136639054167131 0.0537420800942149 -0.798704844731574 -0.134337325573366
-0.0240396328705961 -0.0313976458418479 -0.825834991817036 -0.147151272103893
0.0306923993990595 -0.0727616653627724 -0.640347365859735 -0.121478544642524
0.0741312042760877 0.0202071359557127 -0.453808729381637 0.052528833876158
-0.0326906448649079 0.11465230612856 -0.340012920227061 0.11753756722009
-0.0204008724657275 0.119223533768306 0.368189512618948 -0.103836094475977
0.0626546022648143 0.0274263165290062 0.428029295236879 -0.0450058117684881
-0.00327408209983428 -0.0308383427489532 0.64589462634273 0.186420336127715
-0.0608824578752448 0.0276618559455063 0.839758197205966 0.208025570410185
0.00594745139131196 0.106449893937266 0.806592362818838 0.173555740434718
0.0638219174847605 0.0792726664556051 0.599801658122799 0.139556103328042
0.0975632222666555 0.0346814094314996 0.308013214888177 0.0583846443461424
0.0889897198437196 0.0342207171143992 0.0728845511516824 -0.0444897156724334
0.108286789428114 0.0273785544564528 -0.251097638206191 -0.10741354984926
0.0741638185271646 0.0665093798963307 -0.536424872060852 -0.188967145538185
0.0078691821776304 0.0518151211751373 -0.796855190657721 -0.209467461924528
-0.0163882181360742 -0.0369009943218214 -0.832352810670529 -0.263830906833447
0.0424121790217868 -0.0643573277872823 -0.61938269004661 -0.220262482956214
0.0629592975976732 0.029633699551456 -0.448639478766733 0.0316741311288175
-0.0474661504601392 0.100289699496292 -0.347755701223337 0.0940957377194887
0.060525495344502 -0.0786583391683318 0.385616913584606 0.00937951679278918
-0.0242190094604781 -0.0298414858977353 0.467888745043508 -0.048283744264832
-0.0237257780704897 0.0594554761179173 0.589031205085684 0.288764467491462
0.0368036415253527 0.0803213677477782 0.846310683411485 0.370405572373257
0.0250860613244608 0.0250373471077641 0.825710677566269 0.263368226360197
-0.0384444235539961 -0.00358264189485884 0.579008810444588 0.149092573305123
-0.0492649423614859 -0.00493171028866784 0.26352478819552 0.0440037995675865
-0.0478906848056005 0.00288351697821882 -0.00937761623941455 -0.0508708834014836
-0.0381179399043041 -0.00896658303417602 -0.327224946009281 -0.0992302177861888
-0.0238719372831575 -0.0163249965255192 -0.602518983996468 -0.152898035374633
0.0265691463933928 -0.0336272575524686 -0.821484468150779 -0.117858758985414
0.0890461511896863 -0.00360792361656041 -0.820990501222285 -0.102603919976975
0.0209469193555913 0.0278407293654322 -0.657930557149206 -0.073043949551158
-0.0017503542669948 -0.0289649526229877 -0.483130013761036 0.0611990877120681
0.0470511122556896 -0.0908606378961201 -0.358769075043065 0.144902811534874
0.047065521186829 -0.0337897164424056 0.385951638354575 0.027881139945977
0.000804806085470395 -0.016931057501383 0.467011123729542 -0.0416780111268648
-0.0211857901478242 0.0395661826527427 0.54381648498582 0.359157767940531
0.0104375696290175 0.0709221925453616 0.825500290973218 0.474824231446165
0.0144662749186538 0.0458785458386091 0.818359071114905 0.334896322424914
-0.0243272522832136 0.0111746274835505 0.559715245341614 0.180647413520249
-0.0248044519424574 0.000550473971606283 0.239417116401583 0.0470539443054429
-0.0232888391683899 0.00900715508854699 -0.0327831197945481 -0.05558318383511
-0.0126356788024791 -0.00369874650492695 -0.348349169767978 -0.0909018616232927
-0.00599083568179712 -0.00245277411162361 -0.616925101349158 -0.120922592079218
0.0232228134324477 -0.0191843183222083 -0.809939429149606 -0.06007728179392
0.0676575727256713 -0.0132847643905434 -0.802213634710004 -0.0229284290902894
0.0231125018770616 0.00628070443551716 -0.654567918755643 -0.000897331671182527
0.0140116372912704 -0.0215538656152319 -0.478705694967276 0.0850392334929142
0.0358756029879726 -0.0503145107187741 -0.347728168083918 0.161137097928949
0.0212336190904104 0.0158042970976374 0.386801493605062 0.0321335107147413
0.0241405692645668 0.00811429776767749 0.463878829617514 -0.0382745818245635
-0.00978455939754954 0.0178293697410547 0.510717225242827 0.400116897685015
-0.0153691685649362 0.0536625999612324 0.805750704717741 0.543535610925876
0.00214069385600764 0.0672315193778708 0.807937330884783 0.378051709311391
-0.00535508180270702 0.0333734876514853 0.546553640656047 0.200834521622247
0.0054034874423616 0.00898315392347689 0.224087872633707 0.049673039006771
0.00640079845584282 0.0150238692844209 -0.0443466164929201 -0.0597893325471775
0.0189836450103854 0.00204086247480994 -0.359694096406073 -0.0831644981228266
0.0176617275317761 0.0114788261768706 -0.621340980399153 -0.0970937615313713
0.0231013765807766 -0.00145181432091292 -0.797571561761913 -0.0231841125518407
0.0426964118095176 -0.0176166345518348 -0.786795289538932 0.0264490090080494
0.0197433857032997 -0.0164216219839422 -0.647859881256955 0.0419984417368607
0.0333468357835823 -0.0160533142568615 -0.474007445628036 0.102295533085089
0.0258246674640929 -0.00316949816678293 -0.339156145720808 0.169727696166325
-0.00819923704822107 0.0647164060446612 0.388812241851771 0.0200077370123132
0.0422367196975635 0.0331924385104421 0.456217991463786 -0.033346836776982
0.00513321538643942 -0.000468100083152498 0.503141839342059 0.414258976842495
-0.0372172349341054 0.0339254495199542 0.798896073999561 0.557020755693463
-0.0101362265346777 0.0860547733788806 0.802277261627579 0.389927448980906
0.0130333670281871 0.0573224122632028 0.541849590296414 0.211587022264697
0.0384564754728037 0.0213388414513661 0.220703636138276 0.0531108540978349
0.0379037242904011 0.0223275224646392 -0.0416331260449595 -0.0611920425698335
0.0513924490282804 0.00626076975618878 -0.356507872627708 -0.0818909336281382
0.0426867739495937 0.0251398513307634 -0.617405882359774 -0.0901227008318846
0.0230276795530168 0.0176998524213938 -0.792248043854916 -0.00916358863350334
0.0176133586410318 -0.0176544057789695 -0.780849522322629 0.0384968754152941
0.0155184177148261 -0.0382388111954658 -0.645294143428045 0.0526589043759005
0.050809147002175 -0.0112902100509413 -0.468125913170035 0.106785236814243
0.0160908016075264 0.0425517961569339 -0.332403890862332 0.169340110273259
-0.0298936998689442 0.105564207254551 0.390569113552544 -0.00644948617384873
0.0573632593934853 0.0497140719604528 0.44426246637884 -0.0329471466059126
0.0132861309040559 -0.0164085186874111 0.527607054251803 0.395687803657865
-0.0552312503849817 0.0195687289813282 0.812584517697597 0.518808513238907
-0.0164787197500694 0.102450616034133 0.804759811772117 0.365754189306721
0.0320305898166663 0.0767429594309767 0.548725129118338 0.208928546028701
0.0677188648578327 0.0300890471562023 0.228750127125726 0.0573526902195993
0.06487317461864 0.0284907230179858 -0.0254076695348083 -0.0588374756008561
0.0808831609717082 0.0114203315925576 -0.344270443587828 -0.0845499701269702
0.0634815480029639 0.0384859835515619 -0.605940946181117 -0.0974246896700945
0.0232037286269591 0.0342645534887766 -0.793062095100827 -0.0263408746688404
-0.00483990705560083 -0.0187548790046519 -0.792208862631727 0.0153663595375428
0.0142174856483767 -0.0565851853616932 -0.648128803518275 0.0276866187592192
0.0655766166369397 -0.00455527608083856 -0.464356744333586 0.100971348288221
0.00199535926799672 0.0809095658285877 -0.331709894406512 0.160925511758276
-0.0351364887795096 0.130583265265469 0.388023371465195 -0.0424144686009486
0.0685704287211685 0.0526012282479489 0.436234634450384 -0.0348861967340646
0.0131512197219727 -0.0303267285974277 0.572046741438776 0.347693051598153
-0.0657405916248907 0.0153018934881372 0.835620958917759 0.432701243008781
-0.0140007800276626 0.113392108796688 0.810308172281875 0.311448814125687
0.0500228521961674 0.0862644933324009 0.56265777122882 0.194135247795825
0.0909494764850182 0.0358347194524082 0.250429464793179 0.0603882701369488
0.0850730508836943 0.0316067790709746 0.00103442269130296 -0.0568499757730333
0.102019851687866 0.0164865387751918 -0.31943843093146 -0.0921303925882972
0.0772700198143221 0.0519754612244389 -0.591364021353369 -0.119917545852086
0.0202879010406581 0.047748647281568 -0.797966707001693 -0.0640097825020917
-0.0192423499696874 -0.0240501905137511 -0.812603184680493 -0.0438290529979923
0.0195085850917628 -0.0692796715993518 -0.651080977116406 -0.0297525947994857
0.0754154825297178 0.0061117773226027 -0.461009924333593 0.0824595784145097
-0.0134476981022882 0.106610139549132 -0.332932248763555 0.143463062696135
-0.030107663992405 0.134748813936318 0.378830820395409 -0.0790871249631344
0.0712436932761986 0.0414575264792161 0.429265082596852 -0.038739611863384
0.00496274502878366 -0.0359167715380255 0.619621721145521 0.272627892944537
-0.0697804179566151 0.0192478489248381 0.849723103519269 0.317288216013846
-0.00466004439105475 0.114700157279578 0.816938965606618 0.23784589050319
0.0623375184986121 0.0866315164629936 0.583672640101554 0.166742558386901
0.0997737011597049 0.0363777646220731 0.279215838582067 0.059420299191719
0.0936817792701418 0.0333277259387136 0.0358150256195743 -0.0516136628846059
0.111706974569362 0.0217875309591629 -0.287825402786263 -0.0989799994525345
0.0819987654189122 0.0618082604500939 -0.569724185528997 -0.151858103718825
0.0143972080945763 0.0537692299973683 -0.805627187423746 -0.124453940940126
-0.0242389060351902 -0.0308798227179179 -0.833319065023942 -0.136948318310351
0.0303646205432446 -0.0728552405692334 -0.647503792095119 -0.113784694957762
0.0754083714663178 0.0194315657577084 -0.456192450718944 0.0592547775618763
-0.0322038769021782 0.114481084951001 -0.339563563022279 0.122612186609321
-0.019244786599793 0.118747686237552 0.367722250319804 -0.110055392472443
0.0628551403881394 0.0276630266462068 0.430230372915836 -0.0502154649841355
-0.00520467469502183 -0.0307221815043678 0.653897519615639 0.179334477695485
-0.060945371293083 0.028335487952328 0.847724840928856 0.194842919580992
0.00818128131526685 0.106551587192014 0.813368498863018 0.158956370546911
0.0644956970435304 0.0770457972789437 0.605294704918812 0.130893506311456
0.0978679982824243 0.0322435292072096 0.309837287769038 0.0542425134616942
0.0900124057182883 0.0331861590203978 0.0711057908463659 -0.046355725249899
0.109320683237628 0.0250169807635076 -0.252536332290183 -0.104767459327909
0.0758786712412209 0.066219072533666 -0.543041298726266 -0.183647625449682
0.0080138020624344 0.0512919933007709 -0.804536657597197 -0.19909015316148
-0.0167133843378348 -0.036515682305658 -0.841476083463064 -0.255435329799222
0.0419835756574781 -0.0647568244365608 -0.625153933969649 -0.212257100330059
0.0640486556045541 0.0284319583365396 -0.452071426486458 0.0364174288994371
-0.0458306724995333 0.100863572436743 -0.349165304631771 0.099220965391493
0.0596311226892199 -0.0795156340622435 0.387753673098803 0.00334383154673361
-0.0238039664171917 -0.0298404487696639 0.467565541926309 -0.0551701249406679
-0.023441342486545 0.0603604324385674 0.596727257632906 0.281394573892094
0.0383614947688534 0.0787425592074554 0.857499914114354 0.357571772793684
0.0259976923976152 0.0261204969929463 0.834782216303348 0.249299976837107
-0.0397267384622411 -0.00358490021468359 0.581452320458642 0.139984479894736
-0.0493150085027324 -0.0048446386787426 0.264277069582377 0.0413271914253711
-0.0469749624204776 0.00367400958210287 -0.010696822332155 -0.0520960176395827
-0.038047766684038 -0.00929009428655515 -0.329941936277998 -0.0946666602984872
-0.0243682662754883 -0.0158530775069168 -0.607243711860158 -0.144688222036426
0.0263109448092171 -0.0343793642797692 -0.824978161919347 -0.10461710948667
0.0889392765039718 -0.00579288904855057 -0.827334339557862 -0.0898494463021817
0.0218709331861714 0.026724029719048 -0.662213228789176 -0.062309855349386
-0.00170273200727661 -0.0299359076589618 -0.484555681031405 0.0681348177275984
0.0464360938961195 -0.0921477069067668 -0.358495187824243 0.148276060835185
0.0468864423038732 -0.0355733158682158 0.386810266415393 0.0234965334097454
0.0014663985551445 -0.0166113193190411 0.467207919129956 -0.0471961249458119
-0.0220559396046929 0.0406142396310716 0.553646307532685 0.352576158952408
0.0116168389537722 0.0707382981062441 0.836820639098761 0.463160194546722
0.0170675668514976 0.0460169834887849 0.829162867125751 0.321220265744885
-0.0237153842693536 0.0111557778063167 0.564697424050876 0.17207911513527
-0.0253494213050832 0.000465644634037497 0.239447369814875 0.0441465899346942
-0.022744222436947 0.00896676621949085 -0.0342184159860563 -0.0559394196398872
-0.0125998262760322 -0.00406596708029841 -0.351470111287809 -0.0848919026076622
-0.00533917480106108 -0.00222034488073667 -0.619888297758528 -0.110084356268368
0.0227078122690336 -0.0199153988910652 -0.813836259817965 -0.0460828274031796
0.0682817511417658 -0.0139208349994149 -0.80713265543784 -0.010530201562368
0.0231023578958984 0.0055130811476688 -0.65836891795831 0.00965783284357194
0.0147403935477833 -0.0216999127860469 -0.479456295226352 0.0928502943742533
0.0360049721613311 -0.0505221247781285 -0.346157116129666 0.1658193000911
0.0219487136394886 0.0153232917667614 0.388199906838376 0.0262254189572202
0.0239487320481256 0.00683499820064538 0.466144181475034 -0.0437119701795606
-0.00911734167329356 0.0195610383637727 0.52017244616353 0.392926292159808
-0.0143778382804268 0.0539787710737241 0.816304420456581 0.530767388338751
0.00363582111094238 0.0674430385884981 0.818634908414314 0.367006512403852
-0.00470558279143929 0.0334034244277284 0.55342395303912 0.19385376537608
0.00654333565278464 0.00847768301470677 0.224315834760467 0.0466271055933312
0.00696351957709144 0.015357279966258 -0.0453719527389438 -0.0594939893885177
0.01869567808107 0.00127299226253074 -0.361426799612473 -0.0777402708944427
0.018888521905592 0.0106212815366187 -0.624395294704916 -0.0876277777784691
0.0234892027842135 -0.00102690880365149 -0.802156191846986 -0.00941038615017433
0.04218452399561 -0.0181373876816536 -0.790156561460409 0.0392032140342892
0.0199187884527239 -0.0162728494061483 -0.649110597832722 0.0547052883786566
0.03290640552211 -0.0165537622004333 -0.474359986436095 0.110993863772254
0.0259143238233429 -0.00393816752524778 -0.335956327322871 0.175178706573134
-0.0074559074155324 0.0648910746461848 0.391075954912539 0.0152558647245416
0.0430179917100473 0.0336761123864246 0.458461672821809 -0.0409685565219828
0.00418763393518119 0.000463840220071822 0.512162638596435 0.406551744097016
-0.0375685072511178 0.0342732395561923 0.811056069290983 0.545752089168685
-0.00869655626067713 0.0867677130262349 0.810770981724671 0.378707479106761
0.013996947897834 0.0565462564976333 0.547236295419084 0.202041820755354
0.0383939745330856 0.0196576737152858 0.221711312184613 0.0502934318705098
0.0376085962718193 0.0219739381484078 -0.0433929424675128 -0.0600056563584898
0.0522986630313299 0.00628558022304222 -0.359468115736713 -0.0751748490770242
0.0432434802398993 0.0238485999389976 -0.621006537080124 -0.0787859489294078
0.0238539451313931 0.0166690978480021 -0.796437291557106 0.0033976987080301
0.0177001899091936 -0.0181278081145294 -0.784058712879053 0.0533854955876058
0.0144246555054419 -0.0378512716245331 -0.645920792908923 0.062822095669612
0.0512903668473564 -0.0127703149543702 -0.467941270995666 0.116726733900295
0.0161447182240427 0.0414568238960825 -0.329832941132918 0.174349686211868
-0.0272741203841333 0.105131005606482 0.390830517875291 -0.0121010082042676
0.0585899149312801 0.048585375302721 0.447309826248233 -0.0388565397123466
0.0122046722829947 -0.0161620780871085 0.537183210881549 0.389405892663555
-0.0548772490427459 0.0200504714469263 0.823536312858196 0.506332909259351
-0.0147902123752085 0.102505516413301 0.81199172032624 0.353225459658651
0.0337470749381198 0.075960779274352 0.553678074128076 0.200821283558379
0.0680265421389335 0.0297462528218918 0.230507675583386 0.0541684086951279
0.0664860871414504 0.0273603374099437 -0.0268951025008636 -0.0604089052913866
0.0808435442861926 0.00959571690002054 -0.345317822576096 -0.0793982482072929
0.0646364840451924 0.0372340013376492 -0.611597456802965 -0.0879359380176017
0.0239429044066748 0.0339927768073019 -0.795570961737428 -0.0129411943510372
-0.00466850743656561 -0.0188326068779493 -0.794261146995275 0.0280617496980988
0.0140069802226014 -0.055876390985273 -0.651002961998286 0.0373829370572426
0.0659336023363968 -0.00530005887703645 -0.464752296970271 0.108370946467225
0.00406089277590836 0.0808391915129289 -0.330106471602518 0.165768456139251
-0.0333697881842269 0.129733345712016 0.387340234073673 -0.0473324686105527
0.0694458692415778 0.0508228925411326 0.437012434576544 -0.0398774448625435
0.0120959740275059 -0.0296861837528678 0.582073059840723 0.340305460222626
-0.0661790895401044 0.0155413340579926 0.845815125273482 0.41774687610005
-0.0121447652752505 0.113073135326443 0.81856089091866 0.299060665950681
0.05126876403106 0.0852558428689864 0.568855709468008 0.185897973627334
0.0896677955098281 0.0346542339780271 0.251174020973592 0.0571363509211985
0.0852759409474289 0.0310565055386854 0.000647350405653387 -0.0571717772276612
0.102672414137046 0.0143059192257645 -0.321211296966529 -0.0873630494979822
0.0797848372612059 0.0500675131024944 -0.594685721539471 -0.11115771130856
0.0207893710208607 0.0472032915685957 -0.801953357858463 -0.0510885699302965
-0.0198087826796688 -0.0233338892543154 -0.815956123363428 -0.0294955121091839
0.0185261812627971 -0.0692482342105404 -0.653832247967237 -0.0202379284183286
0.0749948043698399 0.00517409059473307 -0.463237211839732 0.0894395735575951
-0.0128162986768789 0.106183017855928 -0.333127892336296 0.149430961370457
-0.0290091070451967 0.134523788741316 0.37920710312362 -0.0840913575379624
0.0715432430852036 0.0412908480225218 0.4318761575266 -0.0456479967052795
0.00389381341026808 -0.0344142141889248 0.626325569580596 0.261892534233173
-0.0688791253489532 0.0207016706962759 0.856778701305833 0.304199282780091
-0.00217523187384356 0.114858419803949 0.822847264638088 0.22604663715852
0.0636074636234431 0.0858186087916972 0.588752720405893 0.158184507141896
0.101083159181581 0.0339316867959409 0.279696822212295 0.0561737465303785
0.0940304309024479 0.0322700369131874 0.034598675410364 -0.0535239795809259
0.112659030641154 0.0201697768424006 -0.289976615962027 -0.095325272013213
0.0837108349858965 0.0602762504643071 -0.574240513828003 -0.141204818478518
0.0159979007946539 0.0538245394922078 -0.810095081267972 -0.10996747844551
-0.0254005239906392 -0.0300269869679237 -0.838227882011197 -0.124784157042531
0.0297165397683306 -0.072804070578678 -0.652166025500639 -0.105258012728406
0.0753373500065481 0.0183099110067974 -0.4587514174673 0.0663402049021087
-0.0303861521826237 0.114581904618569 -0.338829592259899 0.128365702977487
-0.0190518242478728 0.11799655822883 0.368201005911044 -0.114332735947475
0.0623984528311021 0.0255744584147748 0.431355560143902 -0.0571906899534671
-0.00535426666324156 -0.028886793938575 0.65829486162361 0.167629831226849
-0.0597140485194819 0.0279084813174175 0.852820206846935 0.182562652646106
0.00922996652811244 0.106219405082013 0.819077500281553 0.147561617525353
0.0660721379746718 0.0759826827522578 0.608879082891596 0.121341243771918
0.0979109910977298 0.0303436805210278 0.312490646204846 0.0499657964893545
0.0911295445560175 0.0311187485557997 0.0701339745389636 -0.0482387072208428
0.109170653269894 0.0226213459167143 -0.255367769913504 -0.10082218844635
0.0772397448293045 0.0650693428249238 -0.546339140102127 -0.174992196626507
0.00937567352165164 0.0516413042672464 -0.810698026420425 -0.186891726958036
-0.0170645035814444 -0.0356271380465733 -0.849262205491666 -0.24157652868501
0.0405114038063062 -0.0652344201241558 -0.632018536942498 -0.202986581313209
0.0645193616646536 0.0281120037652537 -0.453408440516521 0.0445549853465012
-0.0443983068463042 0.100836350611439 -0.348035450548773 0.103815128018872
0.058480567508963 -0.0808812563053975 0.388636918138825 -0.00233075253197913
-0.0242499237412733 -0.0289930157668861 0.468473386219764 -0.063242842926202
-0.0238281777657097 0.0613205295662633 0.603155376967492 0.27088545279858
0.0403456699964488 0.077969694090975 0.863846809658431 0.342064803797504
0.0261460456227903 0.0254217699500087 0.841656813211384 0.235753955431994
-0.0398766086576229 -0.0031081978312896 0.585985393634314 0.13146279081457
-0.0510368107817022 -0.00430373618575821 0.264649466513453 0.0379748673330387
-0.0474889151814307 0.00481422465663178 -0.011697625294001 -0.0518035842935323
-0.0386747451184033 -0.0086228465947255 -0.330766810476748 -0.0896051283878582
-0.0241770190474366 -0.0148813981747341 -0.610637298048914 -0.133422082108521
0.0256993197433008 -0.0342270089499929 -0.8292074470063 -0.089299688731616
0.0892417361777919 -0.00656833891216572 -0.830148264143953 -0.0763273672588213
0.0229168714006725 0.0263474666625324 -0.665429728052793 -0.0513749546204216
-0.00130451014280799 -0.0302108326007468 -0.485400028058838 0.0762666448336984
0.0452285680336192 -0.0931143388588423 -0.355172974901539 0.154769737214021
0.0464959355230857 -0.0362713768505586 0.38808688035455 0.0161085864273693
0.00131566658115103 -0.0168574759992948 0.469313041916128 -0.0545385491267891
-0.0211000490286774 0.04121659171366 0.562372136402109 0.34221674980028
0.0124161100215027 0.0704289773594736 0.846069608083325 0.449485726870105
0.0176732492531809 0.0458966597662908 0.834040063802485 0.306978145379003
-0.023992457653906 0.0117077109995338 0.568472350908564 0.160663533365706
-0.0267773708668385 -0.000581360089662239 0.240302666955724 0.0409649179095091
-0.0238129736282853 0.00951775406663847 -0.0347392748088553 -0.0562844794389368
-0.0131247516998946 -0.00337408696677429 -0.351505373196058 -0.0798304795277638
-0.00485272157272641 -0.00179439474611965 -0.622517089601534 -0.101438546722948
0.0232761734039388 -0.020097914613285 -0.815858948342186 -0.0325373035348446
0.0671121987524729 -0.0150770139472024 -0.809047005693146 0.00342929850746084
0.0234380067867943 0.0057546969463244 -0.659516553137652 0.0199018713482983
0.0150097050777085 -0.0222745122654522 -0.480482311216123 0.100217420520721
0.0355735050168434 -0.0521013578151919 -0.344645350131129 0.170358890547901
0.0220628457403711 0.0145174985435505 0.389032982761028 0.0217320591167407
0.0244227653517585 0.00693573408565982 0.466490812405936 -0.0496811099896826
-0.0102004173137845 0.0201515498002189 0.529490528686193 0.384792170843112
-0.0129895723992315 0.053776720595856 0.8262104246424 0.515289191723425
0.00557615820914365 0.0672176643545642 0.827006878634321 0.3530469461021
-0.00451175032253091 0.032966549241819 0.556753490692909 0.184067533160994
0.0038799400981038 0.00816833924301472 0.225678788127906 0.0440559429257188
0.0074560689993038 0.0154902354935391 -0.0463578775505225 -0.0594591218757406
0.0189246887924071 0.000243374254964486 -0.362854026978197 -0.0719599419125758
0.0180831972548646 0.0110959016253601 -0.626347584564405 -0.0757353492198038
0.0241422474781293 -0.0018375541390792 -0.803380899354549 0.00347660391678894
0.0427989190875739 -0.0183027688681862 -0.79097174759356 0.0529401127458855
0.0197551966462322 -0.0162986942645571 -0.650845885071283 0.0636696111229143
0.0324200870428991 -0.0169611468596435 -0.4727692952631 0.119932223438583
0.0268091335803748 -0.00564094999567904 -0.334239217536138 0.180025052794798
-0.00650284664955745 0.0637293324501151 0.39155390626888 0.00871528376696715
0.043481442671849 0.0323859170231788 0.460177314802748 -0.04767540941943
0.00319946824637478 0.00114603788104628 0.52133237051944 0.397821591695634
-0.0362483017555253 0.0345970763778446 0.821264516456174 0.531589456948009
-0.00666528407390822 0.0865187003749473 0.820218761538616 0.366366348181852
0.0151769348983306 0.0564689755391366 0.552414771111512 0.193600755466212
0.0383163712903514 0.0189420482969669 0.223185934688518 0.0479440430834413
0.038376089990913 0.0208897061951846 -0.0448440015987101 -0.0593439344705332
0.0511337526394364 0.00463255185622715 -0.360254505331845 -0.0705572753077813
0.0440540758380993 0.0232492588098955 -0.622956090243359 -0.0692065721208671
0.0248602842918145 0.0169961693162473 -0.79809638748378 0.016964588209121
0.01687757513634 -0.0181848719458398 -0.786077993532651 0.0652320022992997
0.0146385188939631 -0.0379074564864631 -0.648861209227567 0.0735856540100655
0.0509591457166631 -0.0130379133019872 -0.467723761639465 0.12369954705376
0.017241728418391 0.0404879578033094 -0.329683798414826 0.179394525968678
-0.0262197982539955 0.104485223666116 0.391699860178772 -0.0183119844614428
0.0591170758815525 0.0479961902926936 0.447940759477553 -0.0468589837778129
0.0116831649191963 -0.015734410638147 0.544232249329789 0.379780406310473
-0.0541216505559582 0.0214114571127064 0.833416911281014 0.492000387021852
-0.0125195238745092 0.102065144223639 0.819856523472057 0.340314648044357
0.0349516117632781 0.0747492499496234 0.55845069173017 0.191843622517816
0.0680734293480649 0.0278291027922853 0.2316835937899 0.0517428016697771
0.066277599727092 0.0259375810288515 -0.0275941617934696 -0.0595137524222731
0.0815128258332276 0.0079443801130015 -0.346698718176157 -0.0733668622471181
0.0649039290712272 0.0359406931416062 -0.612645612440016 -0.0783622378734536
0.0248753994602955 0.0339765599986105 -0.798227657794522 0.00306368279716355
-0.00473573125501552 -0.0188892110590003 -0.796752614808286 0.0439644993727734
0.0131192537568751 -0.056035190284647 -0.65134524326915 0.0496569128741145
0.0661803645614584 -0.00742043488691136 -0.466306138783202 0.114910381332529
0.00561519265771077 0.0798899551331763 -0.327451212910927 0.171217263328987
-0.0326528864952276 0.128646887839615 0.387577703027248 -0.0525739504451228
0.0697969171933966 0.0505662432472745 0.438077354837207 -0.0474322687878147
0.0123232565621366 -0.0289995908036082 0.587055193291544 0.330204093366553
-0.0652798785071263 0.017376061634602 0.853936861908996 0.404129368778705
-0.00942188384888661 0.113470226969328 0.824139689064978 0.285378057878424
0.0526675214750241 0.0848509527988728 0.572344101063967 0.176538772817734
0.090334413860648 0.0323485966194436 0.252673096192031 0.0536034751955923
0.0860166572411268 0.0287956932269541 -0.000440977301321003 -0.0577520731206305
0.101932535067411 0.0127827795901656 -0.322990826248453 -0.0811613096413412
0.0807855069162107 0.0482907553412517 -0.598053011687523 -0.100977264054157
0.0229248975131744 0.047320535733997 -0.805902454937886 -0.0379479271459794
-0.0200476929523154 -0.022889030072597 -0.819390757803475 -0.0162746440314032
0.0173215902770705 -0.0692533762927327 -0.65620316703835 -0.00831176986885798
0.0762973528071113 0.00426115072858308 -0.463056836014234 0.0978075071230837
-0.0100735112455556 0.106089729890051 -0.331383993864535 0.15302386306343
-0.0271084700728857 0.132750458888342 0.378684902425169 -0.0893744925370061
0.0718521657679615 0.0395305532307613 0.43152093990798 -0.0514268275446646
0.00309748678199273 -0.0333459292417515 0.632974432008291 0.251956303384689
-0.0685216098860942 0.0215811602412666 0.86561546470827 0.289798048887003
9.66095957661874E-05 0.114741732638632 0.82806599977381 0.20985600491131
0.0645884897453942 0.0836693319039706 0.592676972050636 0.148874357580139
0.0997030528053969 0.0323391711182469 0.281729510393235 0.0519977441213665
0.0948214199313704 0.0302529398665193 0.032972455682895 -0.0530456605411611
0.113109874853267 0.017701128166246 -0.290557174036954 -0.0907997591185589
0.0852295239217139 0.0590947231855224 -0.57675981109557 -0.132169545539894
0.0170698750907606 0.0533793073283109 -0.813450356738658 -0.0986363899255405
-0.0245874215330442 -0.0301929260493082 -0.842584501314434 -0.109553850675494
0.0285304840510795 -0.0728866641605612 -0.655826152672465 -0.0949244129127054
0.0763901677788615 0.0169801124891193 -0.459811589049736 0.0741058475998715
-0.0285639577140382 0.113658974847261 -0.337268633893059 0.13329482731487
-0.0164991863799155 0.117592811353533 0.366919013920867 -0.120206454243693
0.0626594991031509 0.0244517330563646 0.432557866242232 -0.0630073701901721
-0.00642189032447225 -0.0292107857224638 0.665200286798932 0.158579182726269
-0.0594816542000832 0.0302896700130894 0.86043568238936 0.16653331125511
0.0118869410622344 0.105807403661397 0.824355577758798 0.132511904861643
0.0670324490003434 0.0739302306877706 0.614171758801635 0.111075722197345
0.0979307077466607 0.0276987066054163 0.313039079357754 0.0457440624807684
0.0907566569961946 0.0291889886988024 0.069035686602757 -0.0498743581070072
0.109861967502335 0.0210250592057477 -0.257256054027933 -0.0976233161657025
0.0789164223250373 0.0625554374121815 -0.550546502163745 -0.166613288939106
0.0113881969848984 0.0510683624032227 -0.814220901467109 -0.174929406810141
-0.0177547365139259 -0.0350554908311789 -0.855269138161784 -0.226411405766268
0.0394901819038802 -0.0648610877842283 -0.637899801444217 -0.193903548939148
0.0648969191365274 0.0265704805221951 -0.456600394510378 0.0511491408571262
-0.0428290521882245 0.10012073423007 -0.346764101624856 0.108114407103881
0.0577290477566796 -0.0819330945321861 0.386963132863366 -0.00807596086229295
-0.0243528635295645 -0.02917641561375 0.468390700037364 -0.0708804817588455
-0.0222897169085126 0.0619801849046335 0.609667204958679 0.258708695555176
0.040749938595156 0.0777131796219754 0.868855178543708 0.32608481514846
0.0272449119886856 0.0245895193151559 0.844499280380886 0.220488782856097
-0.0398867706022523 -0.00259859615475136 0.587572803143941 0.121221031329668
-0.0517086708168038 -0.00387502846690493 0.265334187040732 0.034689673450807
-0.047023352677463 0.00511672344024653 -0.012461564841908 -0.0518328158029876
-0.0377188941380223 -0.00926317839609504 -0.332148439937642 -0.0838444266102194
-0.0237617624297938 -0.0147694299182995 -0.613068535981413 -0.12418288105506
0.0254865372306782 -0.0346225949299404 -0.829535566528631 -0.0751985639846984
0.0887645378763104 -0.00824078847371052 -0.831429081034402 -0.0615492127005096
0.0223628732535228 0.0270069690300564 -0.666347225641123 -0.0408727122429758
-0.00106089598597357 -0.0309471407423005 -0.485026686609093 0.0838088416468222
0.0455200495123383 -0.094533743767005 -0.352710818991174 0.15849193096372
0.0460580619316417 -0.0372086633914234 0.38794284756456 0.0111465440018266
0.00101255913563067 -0.0160317286472975 0.467738552278872 -0.0624007557736653
-0.0205771171533202 0.0416094112102276 0.568626522993235 0.332589233820622
0.0134043457646661 0.0705737702262745 0.853295086731366 0.433490010121007
0.018883670814968 0.0458367096549054 0.840129471236321 0.293705465625262
-0.0246058511451962 0.0116536073920241 0.572513875606896 0.152927465895417
-0.0278530249265699 -0.000165538088491244 0.2402109545747 0.0377593634651298
-0.0227888790305391 0.00991068637712996 -0.0353771636695419 -0.0560505005954299
-0.0128617067791372 -0.00346057220487814 -0.351905081946588 -0.0738099147644782
-0.00488017940442182 -0.000891607732944999 -0.6240091362277 -0.0887831906380433
0.0226549003553649 -0.0191386439361618 -0.816240031426717 -0.0197933937715272
0.0679773954486604 -0.0164886792222466 -0.808095201697903 0.0179012222945528
0.0233912151796072 0.00534941150373708 -0.659933895996163 0.0303259341372484
0.0147346923464682 -0.0227119170060579 -0.479505510560034 0.109391632736647
0.0342199996230542 -0.0527501015989477 -0.340872684790102 0.175799033821192
0.0222441913702101 0.0128369925848493 0.389270189194178 0.0164404454574035
0.0239831117816414 0.00726473117503317 0.465746023316449 -0.0576908409342418
-0.0108540317232802 0.0214874146931958 0.536471892520978 0.374970495072996
-0.0132555634419913 0.0543521192680895 0.83540143340792 0.501886904988551
0.00599367303156464 0.0668310562991662 0.831416457384463 0.338418667480366
-0.00456696896114653 0.0328444390438823 0.558907714104475 0.175012300089118
0.00426524257975854 0.00786752805672627 0.225673963825027 0.0405230031674726
0.0075386971963881 0.0149669975967471 -0.0467967929729938 -0.0589172389544579
0.0187985413588144 -5.54827330436596E-05 -0.363010023159146 -0.0660801254369588
0.0196655453533435 0.0104759536937965 -0.627437730998771 -0.0667633485117925
0.023116394210081 -0.00179619989357403 -0.804751251482885 0.0192650298219507
0.0423918019487956 -0.0190506701385162 -0.789963954568136 0.0646557158873269
0.0192876547331736 -0.017038258348772 -0.64931816607559 0.0742929551025213
0.0336012401558997 -0.0183342328567728 -0.472043785959968 0.126096463543793
0.0264523496468905 -0.00550762337343707 -0.331245416510778 0.184511285897691
-0.00559335647557613 0.0627919484680124 0.391113485314144 0.00395807750235024
0.0436901685759908 0.0316546064991815 0.458728215390322 -0.0550143458336391
0.00365548044919196 0.00200403862539026 0.529691025393265 0.389064877429502
-0.0358989186567484 0.0364655281247687 0.831711880735712 0.516909224287705
-0.00453755743724828 0.0864991146771212 0.825375488523399 0.350734080634594
0.0155545830905348 0.0566027219183122 0.555398161620889 0.184824485009827
0.0372554804427483 0.0176450184858505 0.222929945460919 0.0435904721795763
0.0381824335663679 0.0204377186635497 -0.0442267543104848 -0.0597794360403364
0.051763668697407 0.00404812016637679 -0.360240423777104 -0.0637040915380326
0.0449162761312499 0.0224355227700967 -0.623930466111101 -0.0590152005584114
0.0256055529387362 0.0158284374211738 -0.797058960708264 0.0315561221219161
0.0173630833224129 -0.0185622450881121 -0.784021018015081 0.0789047712994839
0.0143517067608116 -0.0385069087996201 -0.645337072584226 0.0857301141902351
0.0508766124563806 -0.0135532162241847 -0.467307587746869 0.131059155184298
0.0179792826701543 0.0395838932490038 -0.324945918176604 0.185147046079705
-0.0251535702643919 0.103617515629355 0.390970815899933 -0.0233317014951029
0.0592423989901635 0.0473402772341494 0.447656097647785 -0.0535704178298389
0.0113005373132388 -0.0150383314605693 0.552866325823769 0.369207849026142
-0.0540779606805982 0.0214718139002705 0.839924192625404 0.47658047787076
-0.00986953160010135 0.103081003268536 0.82658639904527 0.325451737922712
0.0362046250342387 0.0746286048418217 0.562314885236039 0.182584407596113
0.0677089178952431 0.0267407650973365 0.231992820031425 0.0479904027720502
0.0659507034122098 0.0247380523586314 -0.0292203885344313 -0.0587325878414321
0.0814557518866952 0.00658039159988674 -0.346997269500776 -0.0687587471045003
0.06660263801182 0.0359642560304103 -0.613400631290206 -0.0681255008420924
0.0255824884673816 0.0329227556119825 -0.797956469076761 0.0166974357354289
-0.00504767339327246 -0.0194847170357894 -0.795789517767912 0.0559769233499465
0.0117170026463362 -0.0560310452870442 -0.651513269963522 0.0593738415087788
0.0662150983180548 -0.00720481522964968 -0.464282899775432 0.124017484496265
0.00712382042771065 0.0785020323762393 -0.325470627048036 0.174724813808745
-0.030959681399411 0.128032427345606 0.385665814493784 -0.059813777758845
0.0694780411616815 0.0479451594038503 0.437321328453044 -0.0536769724552249
0.0106530037436995 -0.0275264148779172 0.593210143853126 0.319334658682334
-0.0652344587401973 0.0180384095711842 0.862193408092469 0.387252745596185
-0.00707225706665002 0.112809022741969 0.829169977292837 0.269528907758696
0.0536685938836547 0.0839282832149842 0.575929841077522 0.166325906043143
0.0893436391510785 0.0308310570669991 0.254298017114678 0.0501604626572242
0.0862208438298759 0.0281268037739946 -0.00218050877654494 -0.0583352191293377
0.102564246939085 0.0105135962452209 -0.32302173694354 -0.0767364954126947
0.0811172676758024 0.047125195457939 -0.599478749584779 -0.0911181052933898
0.0234156324105236 0.0456846816679089 -0.805057423911969 -0.0226063123975197
-0.0202776917763395 -0.0227962596879731 -0.818751647574255 -0.00070712430050903
0.0163775745113135 -0.068700121519404 -0.658309384355638 0.00287591155609891
0.0763645204512311 0.00216166754338385 -0.462683757113775 0.105078272459486
-0.00842419538731103 0.104619617097352 -0.328132047369554 0.157768473607349
-0.025290839757141 0.133207306209357 0.377260413119016 -0.0946599103219489
0.0708364434713923 0.0385398339667446 0.432018852097575 -0.05812196683607
0.00231788171567733 -0.0329462499046471 0.637318696356198 0.2404920300646
-0.067874162141169 0.0225482149259872 0.870297750223382 0.274881964400492
0.00146684055019748 0.114456315834441 0.830723148220212 0.196778531630143
0.0656564154397558 0.082719305962387 0.596523216654334 0.137293035365918
0.0998280302657494 0.030577081367656 0.282820429661637 0.0472485838880425
0.0949831548580456 0.0288826858137339 0.0324597733341581 -0.0547297341389292
0.112407996102129 0.0148608803556209 -0.292451785215712 -0.0853908291741505
0.0857263724340484 0.0573440323427671 -0.577449398745995 -0.122567826794679
0.0186811464477197 0.0527119455300743 -0.813486491737521 -0.0833327539845017
-0.0245290501241584 -0.0294429039715631 -0.843531456087396 -0.0952812701872499
0.0265687622814188 -0.0730440926257439 -0.657071638253385 -0.0841005620976215
0.0764199229562293 0.0156103627609068 -0.459222220773919 0.0805626612758012
-0.0260602181474201 0.1129659069913 -0.335099793821835 0.13689149254671
-0.0152800408540448 0.117554380995641 0.364915326748435 -0.124981551866996
0.062246493225713 0.0238231626443528 0.431027413801873 -0.0699132039151362
-0.00703327021076269 -0.0275910404496673 0.66778900044405 0.145954260405516
-0.0589676032081111 0.0308166323964177 0.86268452123916 0.152277852776924
0.0136875029176853 0.105058605564232 0.825172556991822 0.116620711537204
0.0669440775636808 0.073117382856062 0.615750163490685 0.100448187858195
0.0964284389808718 0.0268599334884674 0.313825551172898 0.0408881720880864
0.091072553468976 0.0278143570429001 0.0683711337390072 -0.0515973335781476
0.110534379141552 0.018943860747993 -0.258669987180454 -0.0934232324935431
0.0796176621192248 0.0612754720016861 -0.553471890583888 -0.158459130207109
0.0126191123663489 0.050716944362139 -0.816260703334799 -0.161094801638259
-0.0175702896580626 -0.0346467007821461 -0.85625565076882 -0.211451127841866
0.0388683647518058 -0.0650996176086246 -0.642496063559536 -0.182966402837988
0.0653800911841188 0.0260283805191435 -0.455007508490975 0.0594747442122354
-0.0401757933216944 0.100554833759221 -0.343946955216231 0.112554923680851
0.0560904730016098 -0.0837589650547779 0.38549654593846 -0.0129341303601234
-0.0246148164797625 -0.0287102485369656 0.465807551253876 -0.078436470060175
-0.022213880539548 0.0620540605800193 0.613325620762588 0.248164071601919
0.0414566235338051 0.0764269658116788 0.871809630354983 0.310771749253976
0.0266426638413821 0.0238294112017919 0.845649807607231 0.205363569621148
-0.039938618296676 -0.00115926805756166 0.589297052165071 0.110459974125206
-0.0513036203261037 -0.00421526894732923 0.264523879402268 0.0299669918766636
-0.0467422423196075 0.00675667398189437 -0.0129093841906608 -0.0523434997666929
-0.0381005578168621 -0.00826653433146495 -0.331190529596427 -0.0782537946595943
-0.0234137743072996 -0.0139534051701459 -0.613140558412416 -0.113781003228628
0.0251895067704217 -0.0348136461746899 -0.829337117882956 -0.0615142330455216
0.0877138880619975 -0.0102193197708796 -0.830099852458366 -0.0478230889234082
0.0228301948429945 0.0265451355332044 -0.6652221521258 -0.0304501373109327
-0.000433010986141236 -0.030332187145691 -0.48294430206989 0.0905654883185141
0.0433602948703053 -0.093862562045908 -0.349756514685598 0.163553056269576
0.0452298728309783 -0.0385097135873515 0.386211232473206 0.0052516953100905
-0.000165852223129155 -0.0163800914834628 0.466584654306814 -0.0696276778120399
-0.0201271756714107 0.0421355116233423 0.571414028928726 0.32165193985286
0.0146529658019108 0.0695949897450514 0.858270883215665 0.417728358709521
0.0203348246474108 0.0447652969731921 0.841093281889636 0.27862786050874
-0.0234000051999896 0.0122814311859818 0.573617038977521 0.143528328210574
-0.027278987596313 0.000398097405154519 0.240274827534129 0.0336254404635424
-0.0222279287976598 0.00976399718181645 -0.0367029968442048 -0.0556474957274185
-0.0128077012666232 -0.00334223968086179 -0.352208226070634 -0.067666586064071
-0.00481755397247296 -0.00211709185208361 -0.623576053225329 -0.0788638104067727
0.022710750421536 -0.0197615313310461 -0.815841249612724 -0.00362304941505341
0.066819030344669 -0.0176045445902579 -0.805091493042233 0.0320121634252547
0.0234053473723977 0.00552732912363926 -0.659051732345963 0.0396474676633598
0.0146174396026865 -0.0231321838818234 -0.476647234211907 0.117606422294128
0.0333023088317937 -0.0534623891545442 -0.337017081657831 0.180779605699013
0.0214169748086213 0.0108893864044628 0.387118165934515 0.00892215896606354
0.0239792168845908 0.00551748738970977 0.463887082691817 -0.0639434736048671
-0.00995104740269918 0.0222281504518264 0.541471740258978 0.365485732732902
-0.0123678656678395 0.055171006942073 0.841475900689077 0.485457431570744
0.00795449515301407 0.0659666195666379 0.833073253309523 0.3249454439073
-0.00526941664873411 0.0331870040869053 0.560979242408392 0.166234356436281
0.00370817031068895 0.00745867863748921 0.225455924365856 0.0375380203433606
0.00771659678293905 0.0143312383788596 -0.0479746770438782 -0.0583548251118317
0.0201958883259631 -0.000966839653462715 -0.362036956402172 -0.0602599072671402
0.0200325638024419 0.0109497179946333 -0.627532158427416 -0.0563287969314583
0.0241159119985603 -0.00211332248989028 -0.800625671523212 0.033094906206767
0.0420276996595532 -0.0198489433852279 -0.788146323549745 0.0794410561380297
0.0190514783264294 -0.0161399403162425 -0.648951243603276 0.0846634042100193
0.0335360037948706 -0.0187938978945981 -0.471306590376787 0.134819605825391
0.0266230849715769 -0.0061897829592982 -0.3268358008954 0.188549948236503
-0.00488269208941522 0.0611510135170969 0.389035154357332 -0.00249853410849505
0.0422103167590166 0.030444562616808 0.458068507632729 -0.0607066029267836
0.0023072072200199 0.00231287226013495 0.535413110996478 0.378182196422344
-0.0344711276230107 0.0365060855747042 0.837613991004762 0.499665668804967
-0.00378532874999148 0.0863266615872611 0.828509513555403 0.334212447074992
0.016145956062716 0.0555125339380188 0.555779062143875 0.175962546907442
0.0377576364131736 0.0170067667799063 0.222654884941817 0.0411422057756511
0.0393561669059851 0.0194581239419079 -0.0454546481529604 -0.0587274702542413
0.0501400668021312 0.0021238858852491 -0.360411611360077 -0.0586204005551236
0.0457132643684888 0.0209059045612601 -0.622998546288288 -0.0491792671063658
0.026166897077832 0.0151061556366878 -0.794918199410393 0.0436353214034978
0.0174613392683601 -0.0183676356387394 -0.781752503521362 0.0910134877859177
0.0134376787394882 -0.0383539248033555 -0.645749437503013 0.094825701502146
0.0508237530496127 -0.0149755290035033 -0.465615922827922 0.140140637081233
0.0196514570562856 0.0389896052182344 -0.322375299470772 0.18811451694549
-0.0240270722963957 0.103349004489801 0.388885312534677 -0.0293227934001185
0.0582523920665164 0.0448260339220497 0.446907762494268 -0.0594334601116372
0.0106362840120767 -0.0150475370535228 0.555668532324349 0.359648925742303
-0.0521951736157956 0.0232077195044635 0.847023373898041 0.459898057933456
-0.00778966591760539 0.102664351219954 0.828600214079557 0.310686046954286
0.0367709547656897 0.0730293626381836 0.56296991174244 0.172580363049175
0.0662513351634481 0.0247518684645369 0.232860897395648 0.044419891945666
0.0670787883209417 0.0234934075218204 -0.0294876848122669 -0.0600632069810048
0.0802209135333306 0.00455510624053127 -0.346944465051914 -0.0631084726981033
0.0667659799391313 0.0342900946399084 -0.612349577588529 -0.0581904741205316
0.0274393350344469 0.0322900595517962 -0.795848993003494 0.0297025028086705
-0.00423589870078637 -0.0179317783802437 -0.794265448554222 0.0687952389936226
0.0114589639776684 -0.0555676453869877 -0.648557406280763 0.0688997379277128
0.066779913822607 -0.00883039075634687 -0.462406709797287 0.129935333190182
0.00759233461660848 0.0774502624034271 -0.320827502961241 0.177443934956026
-0.0294656353530167 0.127874587421762 0.384944042372362 -0.0631771044027305
0.0702411675037577 0.0474495864935481 0.436371756071806 -0.0598873729958183
0.0104551467277648 -0.0266108425276278 0.5990697170293 0.308358259828893
-0.0643968051705439 0.0191808411877443 0.864749989062957 0.373241484773873
-0.00513187064563936 0.111989252831829 0.831587239123089 0.254607183692863
0.0545019940423541 0.0820146288008838 0.576836935526936 0.156360821222112
0.0893673789994557 0.0285605319544259 0.254088727606871 0.0461012198181269
0.0861141071141944 0.0262706373196722 -0.00290248226731513 -0.0568978337537623
0.100760019029404 0.00870908480384838 -0.324196933646152 -0.0711454732836742
0.0831234089013299 0.0448236961625118 -0.599850969641655 -0.0815490964485509
0.0248783328446766 0.0463956590203584 -0.805063208354941 -0.0103303758572463
-0.0195369042981712 -0.0216098205893006 -0.818126646568166 0.0113274660452759
0.0155123900380053 -0.0683833053635068 -0.656535975804461 0.011519306532078
0.0756425440213761 0.00180159454740056 -0.46147456760166 0.112704651295623
-0.00744823468194472 0.103087816675447 -0.325661784266844 0.160979960291529
-0.0238143117132842 0.131538744581709 0.374093310907404 -0.100283772504139
0.0714886972066881 0.0365875621271896 0.429959382952198 -0.0648126527054579
0.00213306095231804 -0.0318242897595543 0.640395530299795 0.228855598568105
-0.0676273608146372 0.0227171334606043 0.87277951998122 0.259417705136975
0.00362066622532794 0.113245949561156 0.831247743779928 0.183139974082151
0.0662084179852037 0.08116185628422 0.596993918227494 0.129022010379713
0.0989746006012182 0.0283393783128491 0.283057857633785 0.0425791671497315
0.0942943857900241 0.0265775371106483 0.0312779394804328 -0.0560437713090799
0.111638461325684 0.012756710035741 -0.292542170669761 -0.0811621899968021
0.0868605765073732 0.0548074156857083 -0.578697775247136 -0.113005609215249
0.0197731354417891 0.0520004455074995 -0.814712378399215 -0.0708204980358986
-0.0251542360677829 -0.0275735950104616 -0.843319604444082 -0.0811369993565976
0.0253719794088503 -0.0723975164133939 -0.658270391236284 -0.0730048655462536
0.0769001647514421 0.0140464386154101 -0.458444114908879 0.088093533436118
-0.0246907787184802 0.112059527505304 -0.333351938994786 0.14056178326267
-0.0145443187939851 0.116200727149538 0.363461486494074 -0.129771396383311
0.062546252849331 0.0225491864176266 0.431626234493974 -0.0773086616534905
-0.00637005621158057 -0.0268966605751507 0.668711390158406 0.132287093968703
-0.0586661431351344 0.0322685391355804 0.864235310835577 0.134857390210323
0.0158899706009338 0.104375748572428 0.826164472257776 0.103241213576312
0.0683263952868986 0.0699771482099542 0.615975518389553 0.0891679069811513
0.0959536345902507 0.0246869785396127 0.313452282498636 0.0356020615355122
0.091413460052624 0.0254866329542143 0.0663593769138104 -0.052912773411924
0.108688740441018 0.0169844885488706 -0.258535780553741 -0.0891945787667024
0.0808065479586289 0.0588496731477284 -0.554911745096236 -0.148269143496198
0.0136307875235092 0.0508027240719586 -0.817887929843848 -0.147793413682083
-0.0181517301165208 -0.0341526159175563 -0.859878510286402 -0.198615883061328
0.037888869977161 -0.0647999712454945 -0.644156999667794 -0.173146923006245
0.065513604638822 0.0240461293423569 -0.454562226603984 0.0650936174868005
-0.0393086206736446 0.0989345796261998 -0.342044831952579 0.117239452641245
0.055139536683918 -0.0832239301431169 0.383210930086107 -0.0184935982790525
-0.0241528605163826 -0.0286346366826424 0.463111286152318 -0.0833538004216219
-0.0213500214197477 0.0627407767987918 0.616232052453057 0.237235276041626
0.043217558023357 0.0756665687832495 0.874234864845502 0.292989879653231
0.0274781613636713 0.0236667035798636 0.845007464096587 0.190883493016907
-0.040477697284189 -0.000739812535557972 0.588539619164262 0.102958490431162
-0.0523173448160463 -0.00259946148267067 0.263830236358901 0.0262237742931513
-0.0454099547805991 0.00689584031642886 -0.0132323798266591 -0.0519079933603433
-0.0389347349306374 -0.00827940206594711 -0.330717154235663 -0.0720262937623707
-0.0244478296990719 -0.0133469500086827 -0.612150621223876 -0.103177018084069
0.0250065570981343 -0.0339873061967169 -0.827652394681246 -0.0485893338648853
0.0862478684867856 -0.0107300441624238 -0.827286937992922 -0.0340497546770862
0.0230540532997684 0.0258959184942382 -0.664729173188608 -0.0204629514385467
-0.000532453084358384 -0.0314305026602626 -0.481336278049657 0.099688903690066
0.042913233273599 -0.0936154046855446 -0.344740873354928 0.166611764364492
0.0445531444508847 -0.0385886016108641 0.385126737099649 0.000329813027993025
0.000264824608440056 -0.0167757526597614 0.46377864875025 -0.0745950497503854
-0.020343005225051 0.0430967256621505 0.575916203221446 0.309827857525719
0.0148312335640734 0.0686228046573658 0.861185149506536 0.402115504365669
0.0199511581421947 0.0438942666017435 0.843767528517466 0.264118392616247
-0.0243561534581655 0.0122821990575277 0.573105445882384 0.134936898372028
-0.0281704625426529 0.000360046482249233 0.239493489129892 0.0300365966534895
-0.0219043440746389 0.0112122534699828 -0.0370269622812221 -0.0559859221785114
-0.0128071228844946 -0.00402167230433714 -0.350880720149547 -0.0625330654848934
-0.00421139653928544 -0.00140380589837736 -0.621524031791326 -0.069226126717583
0.0233959563858337 -0.0207491915284431 -0.812322307607971 0.00984122988482774
0.0664219278693893 -0.0179734011124852 -0.800488769097355 0.0432597731497239
0.0233167171625911 0.00526598868824851 -0.655652991595408 0.0515292313809559
0.0144993179591204 -0.0238575221374048 -0.474780729580951 0.125268571411765
0.0335271957516599 -0.0544969244381575 -0.332384801944103 0.182080812438297
0.0215406127743381 0.0108895622987344 0.385973385985023 0.00467888118385367
0.023387277313562 0.00581241994387528 0.4620562064446 -0.0713623214127893
-0.00969187482635319 0.0212558184335136 0.545599070633202 0.354914374266112
-0.0109945660142923 0.0542915603368934 0.842785556194488 0.469304006631412
0.00878224789024818 0.0655287913164893 0.835610094753047 0.308290162436664
-0.00452175708744326 0.0331448650172465 0.562315704381337 0.155882495786716
0.0029702677460709 0.00797838378242242 0.224613015984862 0.0336530018825676
0.00790121025808477 0.0150754146474556 -0.0484562393476249 -0.057130974796264
0.0181609447599797 -0.00183739833470947 -0.360423693418802 -0.0546388694195638
0.0201560426799473 0.00950570802345434 -0.625799838356223 -0.047793134266387
0.0230374305652719 -0.00296780439040674 -0.7968926180576 0.0456170359384595
0.0416504343835025 -0.0198078178167841 -0.782658631401034 0.0914560476001115
0.0191237204628796 -0.0171051084025001 -0.646146853535166 0.0946664616618209
0.0329791664663395 -0.0199594364040477 -0.467085017909801 0.141294412121118
0.0264069149426798 -0.0076417443040769 -0.321869064514154 0.191639023307123
-0.0048196485869691 0.0603976282542417 0.385631070954933 -0.00829077447745557
0.0425114149290705 0.0294550264965354 0.454590432429772 -0.0663115457903436
0.00135994612434076 0.00216125223415304 0.538588219993395 0.366925647269764
-0.0339425603833472 0.0368719016217113 0.839637093434802 0.485514322120587
-0.00199631589072979 0.0850749860122031 0.829295244428998 0.319699407231114
0.0168115841946828 0.0537059404715986 0.557986017711915 0.16693968803705
0.0365378824324186 0.017063276209017 0.222194206167374 0.0367595127322364
0.0388001307484665 0.0190096503605871 -0.0470466313063948 -0.0584480536432199
0.0511321963452054 0.000995386507221372 -0.359539619839591 -0.052793266975574
0.0452987050881308 0.0199221324636268 -0.621647152240815 -0.0392864986441298
0.0264914045362028 0.0147838940695213 -0.791219599089798 0.0578660810402651
0.0169605038472555 -0.0181573777868515 -0.777732281051637 0.103904665174762
0.0121221006427157 -0.0370830884630797 -0.640223932107394 0.103838192097022
0.0515823731699469 -0.0155658539697866 -0.462419143935479 0.14564827058023
0.0197059331431151 0.0374713174737424 -0.318291754120238 0.190587370977555
-0.0234458800791046 0.101407231781283 0.386643726660864 -0.0351989350109071
0.0592770705363608 0.0438314854191718 0.443055914889341 -0.0651228992410963
0.0101949301772905 -0.01333935218607 0.562395166135531 0.347357743176978
-0.0519984027325118 0.0231999831893059 0.848614169915737 0.445037235334786
-0.00629359080565729 0.101134527702474 0.827863515506514 0.295286245621566
0.0369221752116957 0.0718131673581104 0.564807593456658 0.163217172142464
0.0661322176865618 0.0236586183169986 0.232690630916552 0.0408840681708745
0.0659439973576012 0.0225879270007207 -0.0305904904660664 -0.0582963783883905
0.079214857969194 0.00350886364923865 -0.345631164898069 -0.0563496566800977
0.0672919322639617 0.0322546226910888 -0.610915204274701 -0.0482729553230483
0.0276456476012626 0.0320580897001819 -0.79344553373438 0.0426814956540375
-0.00536326800429448 -0.0184878704193687 -0.787726074442059 0.0801609932864962
0.00988834962556041 -0.0551047258906253 -0.645046451872221 0.0796880288389319
0.0666868606899744 -0.00867132849050774 -0.458345065978996 0.13635871534957
0.00969832687313625 0.0764838484014584 -0.31712576171674 0.181679448482205
-0.0279538004442014 0.126179993089439 0.380597522518543 -0.0697644070882022
0.0685565186866696 0.0457536508003778 0.434071940426084 -0.0650323126585968
0.0096440603832337 -0.0260725452327006 0.601573884817343 0.296698368938462
-0.063968091376522 0.0188842640170496 0.865176594176876 0.358133759137555
-0.00299073341412525 0.110999741302145 0.830124009332578 0.241769296323724
0.0557434120277349 0.0811260745317668 0.577249357408987 0.146479271943998
0.0882328376546114 0.0278686056823051 0.253361316888047 0.0422127200250706
0.0863724241455575 0.0250669949988865 -0.00463894339866832 -0.0582384250702949
0.101036352555045 0.0072122304267244 -0.322268847017418 -0.0673193849788004
0.0821135554674916 0.0437000301792634 -0.596577177503649 -0.070853970530124
0.0249657447495102 0.0449558795499555 -0.801266443240283 0.00306065432623951
-0.0207784578234685 -0.0213978867566145 -0.814707922930764 0.0242780764245972
0.0150558373373415 -0.0671160305316587 -0.654575467696281 0.02132719280647
0.0757415400819258 -0.000460757961942036 -0.458113323408805 0.118831065410261
-0.00529183162054937 0.102855466579872 -0.322014770083652 0.163361377614359
-0.0227953258656155 0.130081589266573 0.37076871943416 -0.104586463038895
0.0709380772500976 0.0351953087265316 0.428911572702468 -0.0704079753293401
0.00118637786492361 -0.03090693824118 0.642921078384435 0.216081199441408
-0.0656343340862425 0.0240857670701219 0.871086020829403 0.243069294506439
0.00701544651848467 0.111869982426471 0.830338329286633 0.166699577267793
0.0671394225131684 0.0787739277994621 0.596238826567044 0.118325848927048
0.0971857452583415 0.0262078444632754 0.28185026776053 0.0387886278660141
0.0951322988535688 0.0258059031383379 0.0296358066213898 -0.0561187033606295
0.111262097353487 0.010722881725143 -0.291498393180033 -0.0754662827119731
0.0878289126429914 0.0531854147463912 -0.57761435052356 -0.106335115281433
0.0201591588005037 0.051351039287886 -0.809028477494497 -0.0583359422886968
-0.0259981952659503 -0.0271169631110902 -0.839748815447979 -0.0667371882583493
0.0259358587934175 -0.0723603585623337 -0.657472827403328 -0.0623796390553895
0.0761302069107427 0.0121601845828262 -0.455252890303327 0.0945259926392384
-0.0226790858107799 0.109959650770712 -0.32843943243027 0.143664656393889
-0.0132085150562169 0.114916796661954 0.359258108003183 -0.134638485093135
0.0613639495107739 0.0217147738176231 0.428858344889284 -0.0822355394181224
-0.0072942995232082 -0.0257384881284318 0.667126977334401 0.120010075841974
-0.0574901011477643 0.0327328482423081 0.862376647284723 0.121338799706207
0.0168468416120188 0.102303205709044 0.823596858963277 0.0884007911581019
0.0688681010694062 0.0695426143058117 0.614633075850908 0.0795402651543534
0.0948553374455089 0.0231572334779274 0.312892988271216 0.031556718103997
0.0906856616646304 0.0246287041490174 0.0652053618893906 -0.0539183133009856
0.108266738603637 0.0142712914570684 -0.258584777474947 -0.0857029335583445
0.0810749359860206 0.0572974001221506 -0.554466217917549 -0.139836533668853
0.0152360017191114 0.0493636674769029 -0.816137591877422 -0.132242624934617
-0.0185352160635961 -0.0329690618361401 -0.857649426945873 -0.182527607605575
0.0368170532690325 -0.0647774918147679 -0.645745039631407 -0.163226255063403
0.0660638165500589 0.0225389351866827 -0.452811087514558 0.0725715842751123
-0.0377019544653853 0.0979839442125302 -0.339732995871735 0.120812450769168
0.0535016120415866 -0.0840428068551335 0.37967460256481 -0.0220365491779794
-0.0249002161627056 -0.0278985837552375 0.461492711146006 -0.0884269908227829
-0.020845146379353 0.0624642065537687 0.6153595253735 0.225869874976873
0.0423491038497696 0.0736948367980112 0.87157632096544 0.280225661829956
0.0272945263380678 0.0225773056004498 0.84298680173262 0.180103242342403
-0.0408003306965227 -0.000115471555314071 0.585724196029512 0.0940144577113534
-0.0525110264120476 -0.00154153963516862 0.26177114429695 0.0234411034982341
-0.0454928260982254 0.00729183168775831 -0.0142678914283769 -0.0518440418373501
-0.0388570558749157 -0.00710514739696626 -0.329130097224085 -0.0678505440520796
-0.0235030943147924 -0.0130913619814647 -0.609168751792404 -0.094251172662454
0.0251340319793329 -0.0347698656490942 -0.823738146483822 -0.0361026571738525
0.0862226481603531 -0.0123595671452439 -0.824725616183583 -0.0233465182919466
0.0230816046143148 0.025868134592604 -0.661233527126386 -0.010451681659492
-0.00123145983557558 -0.0304213527858095 -0.476863213020762 0.104748316507584
0.0411573869086429 -0.0947468534296006 -0.341190444302055 0.16876795970908
0.0441146398304883 -0.0398736153490472 0.382510512288124 -0.00341640837312125
0.000540590922218046 -0.0166430830804506 0.461161068655547 -0.0794217139429011
-0.0191463306943698 0.0432015316577002 0.578019461779983 0.298557952657627
0.0155889012582988 0.0684790015763245 0.86015977884754 0.386050178278173
0.0211950412555435 0.0416175601540358 0.841602904193792 0.252205445968369
-0.0237075309848224 0.012460895960822 0.571396608868691 0.125649835258874
-0.0283249571258346 0.000795889139571907 0.23884950461618 0.0275375187359647
-0.0224154920570209 0.0114334140252652 -0.0370969230357723 -0.0548787334025086
-0.0124105254945649 -0.00328522325377342 -0.348974613020505 -0.0578678897912763
-0.00460191545876552 -0.00112846646029272 -0.619551557676805 -0.0609817241374666
0.0232220615357911 -0.0198135715186445 -0.805544387549707 0.0212158349055719
0.0648098481959684 -0.0181850666642139 -0.797299814579559 0.0547313069731935
0.0235150218335806 0.00545357554776877 -0.651669721902689 0.0589450418144713
0.0152682606776804 -0.0239630776961685 -0.471904693856435 0.129934900400296
0.032803402087534 -0.0545709215456084 -0.329178584951624 0.184963432305558
0.0221079229142144 0.00997322671843656 0.382958263304872 -0.00048272749020498
0.0242072218253598 0.00491735562496153 0.459507723909924 -0.0751535052780683
-0.00958198880743009 0.0227118179576866 0.549782223522096 0.344115551421094
-0.0104175185762589 0.0535327653610512 0.847037472953068 0.455743012089777
0.00940849133701535 0.0652102428612845 0.833806338281919 0.295444125865723
-0.00401130555436006 0.032492812533302 0.559431483962026 0.147727192103368
0.00223286284199956 0.00795587099114062 0.224233003424089 0.0310207153637969
0.00760985138332702 0.01394100651792 -0.049789288372002 -0.056729935187064
0.0184813870731967 -0.00139509107016361 -0.358896788848523 -0.0494394109156344
0.0205636464801008 0.00881749995609731 -0.62263055707002 -0.0371879693610688
0.0248908474520737 -0.00301106657758699 -0.792434893553804 0.0566708050885263
0.0402965699004757 -0.0204118919548019 -0.778550428822149 0.101758962125271
0.0192860090575337 -0.0163620461716852 -0.642366409837998 0.10196832620394
0.0325149475830098 -0.019933676341852 -0.463156367787629 0.146224637525415
0.0262098662637587 -0.00867124351595207 -0.318641341017387 0.194047188234202
-0.00363438753777523 0.0595457769880401 0.384866947013282 -0.0127877068131034
0.0429851771265942 0.0284891674388114 0.452144423619985 -0.0708188776211302
0.0025085888847445 0.00368997152873672 0.542117785458308 0.356676907178342
-0.0335292323575911 0.0364605857981273 0.843648115951599 0.468825385706674
-0.000593669319053072 0.0844498211715353 0.827091502082019 0.307562928746986
0.0168219987495201 0.053217748420475 0.556790300120131 0.158687466020776
0.0350261038236134 0.0152020471544743 0.220742097765231 0.0355735752421236
0.0383353599489306 0.0177835906525391 -0.0468933854447998 -0.0576133690497364
0.0501707987160269 0.000520085624028301 -0.356496580386421 -0.0480089494445824
0.0457078379086165 0.0206501151949622 -0.617940185048612 -0.0310670397353533
0.0267197783500879 0.0141713316277994 -0.787562945733074 0.0684385394391237
0.0163977818348172 -0.0192164608214961 -0.773640910389904 0.114140509225501
0.0122799035301617 -0.0369544889677421 -0.637367950796925 0.11092919677658
0.0503850600311764 -0.0173171696043124 -0.456997025958973 0.150576510211974
0.0192337711611544 0.0358744332019782 -0.314646321771163 0.192862317880113
-0.0224569234235259 0.100232854017558 0.382917461791108 -0.0389589924088343
0.0585655999138233 0.04397950277568 0.440802074942477 -0.0697978258764666
0.00900202378481285 -0.0135260635242893 0.562762909281237 0.33775025117672
-0.0511402778966758 0.0245431371532275 0.851529801504038 0.429706684449183
-0.00499376907116899 0.100059100292089 0.826759993775736 0.281754921089533
0.0374585657077384 0.0708914173395827 0.56229425649262 0.154570041510675
0.0644266886833478 0.0227689061515558 0.231783826630515 0.0381554960394569
0.0658663126475086 0.021814499247932 -0.0308810985632843 -0.057679086284707
0.0796002605368453 0.00199880177724168 -0.343204774212963 -0.0525772253900074
0.0677962870393151 0.0305026200294105 -0.608191588200023 -0.0398924538083769
0.028329892737425 0.0310343887616391 -0.787902055075465 0.0523101170458964
-0.00463228708642835 -0.0183458324627854 -0.785398578398629 0.0915349437611095
0.00893517278595331 -0.0545413591722275 -0.642896620694248 0.0874187980243706
0.0657510398408885 -0.0102109066799351 -0.45561002486356 0.142135071580672
0.00953642287670179 0.0746032766527915 -0.314258864185416 0.183150850441171
-0.02737967669461 0.124734219067028 0.378397811155795 -0.0719319876872653
0.0681045901568779 0.0445477278009052 0.431240777090942 -0.0694155656800811
0.00925369249794133 -0.0257377551406082 0.602657388659192 0.286221533966409
-0.0639774275856912 0.0206931660667606 0.865414082538192 0.343764732489899
-0.000545076147289733 0.110189505314654 0.828102528031706 0.227376566191747
0.0558293956363163 0.0793009452587588 0.575591127146515 0.136733743264296
0.0868632917486946 0.0258019948553861 0.251807453088824 0.0393230927369226
0.085126679462552 0.0228619446210371 -0.00517193473276083 -0.0583121024686739
0.100760673911948 0.00499416262014309 -0.320879445949381 -0.0620279641499523
0.0823909045647955 0.0412696426361364 -0.595654374857044 -0.062405286046917
0.0263621800172854 0.0443403416603772 -0.795139730723887 0.0132906587794138
-0.020098561247948 -0.0203853651392687 -0.808545627358145 0.033799069422849
0.0143348010124586 -0.0675200813824699 -0.650369380816112 0.0305094662413928
0.0753502801410259 -0.000444199228857297 -0.454547970418424 0.124366420962536
-0.00462832294120889 0.100794314356189 -0.318065700434909 0.166822048567279
-0.0215142164731052 0.128956219953491 0.36835410776965 -0.107661268760294
0.0703586814197968 0.0348666462754525 0.425418772494564 -0.0748582220035467
0.00156533707148589 -0.030423426354927 0.642607713420288 0.20540937295306
-0.0655453028961026 0.0259983861696299 0.869788293726069 0.22906254361139
0.00725550983184401 0.110982411586783 0.827078371543837 0.155555017288474
0.0663578658531492 0.0763113522516596 0.594038945422748 0.10871106615426
0.097573379281221 0.0251739268571052 0.281501262255046 0.0347653637511131
0.0936963000489192 0.0240836496481439 0.0290812242559271 -0.0563208198966465
0.110977887238044 0.00878104469359016 -0.291367210194631 -0.0731750545461199
0.087456152414816 0.0511257351488097 -0.575879095743996 -0.0951368247512626
0.0221102717588901 0.0503108033855742 -0.806813086963992 -0.0459252953339035
-0.0258500703980678 -0.0265838991644642 -0.835418055065067 -0.0556081737503331
0.0239637506076199 -0.0713959873189491 -0.655258366594165 -0.0540508170762058
0.0754821169175918 0.0119292080156276 -0.452570803249401 0.099743937265096
-0.0221854412088811 0.10914294896838 -0.325179454334581 0.146719694571607
-0.0117582523170437 0.113153424061625 0.354297178993208 -0.136674351666599
0.0607293041674773 0.0204392583855403 0.425017606851995 -0.0876911646816168
-0.00846538716673114 -0.0248280324986978 0.66780323385005 0.112429398883305
-0.0566129342671264 0.0322461569476946 0.857531979677548 0.109111629696924
0.019426833362582 0.102120785232298 0.82037178754734 0.0758621574742013
0.0689849929543866 0.0673400433243017 0.612488289148757 0.0730105777145207
0.0941723194525607 0.0216155529760638 0.312082579750134 0.0288381603708074
0.090828937303662 0.0231867382707346 0.0632329378892577 -0.0547556985275589
0.106918116275214 0.0126902636577079 -0.257747654855756 -0.0813328703760498
0.081462310217985 0.0557165019455994 -0.552684802525017 -0.131189043822245
0.015197578777877 0.0491286419597263 -0.812058046978611 -0.120590290392482
-0.0180771651000945 -0.0327627142119774 -0.85665672288911 -0.173276058823505
0.0363885215137849 -0.0639450367376087 -0.64433237471562 -0.153415683127229
0.0659881389215224 0.0203857129593084 -0.451277676222935 0.0773421850546008
-0.0364155882605639 0.0971641387489031 -0.337173691465601 0.123531696113671
0.0519441070498911 -0.0842923681268566 0.377734548438485 -0.0250492700092924
-0.0250967249205219 -0.0279488346047323 0.457024051544289 -0.0928464925987766
-0.0206385042970021 0.0634320885435952 0.615010723011588 0.21686187971297
0.0430010644466456 0.0728156332347696 0.86955929616411 0.266599807835195
0.0292945461075077 0.0220331209061706 0.838869018153676 0.166856847857594
-0.0401934872347219 -0.000185765094500759 0.582246201357608 0.0850769434938057
-0.0517500197297721 -0.00154811508570263 0.259992247049181 0.0197056179298828
-0.0460174704433127 0.00838836997136347 -0.0142897828459932 -0.0523864711667091
-0.0389305917888043 -0.00704297492742283 -0.326529265785195 -0.0650805016900068
-0.0228171214661272 -0.0129848525666035 -0.605946207493827 -0.0866529802551133
0.0245117909299121 -0.0345755761584844 -0.816551336474711 -0.0261337008751919
0.0857725107196006 -0.0126471914557414 -0.81821517138397 -0.0140960348730977
0.0241429380984404 0.0258814300957196 -0.658457949534834 -0.00437055462559519
-0.000795260642851292 -0.0318224779348946 -0.47366690484094 0.10913267899359
0.0405299955912913 -0.0941003508350122 -0.335930148236457 0.170643406927381
0.0435985548118663 -0.0414042154071588 0.379523292898944 -0.00766189058454533
0.000264103605022818 -0.0165309519429836 0.458280247394738 -0.0844609770917071
-0.0190486565495766 0.0435541675009387 0.57742662513971 0.289347681523299
0.0168803770515947 0.0665696007639436 0.860311796312598 0.372982266772077
0.0210837062572284 0.0431386229936781 0.8376043102623 0.238868219340471
-0.0235629516381751 0.0135107406412513 0.568909742221659 0.117353095843025
-0.0296360686987568 0.000357550836694394 0.237725553123751 0.024941526306469
-0.0216950755138501 0.0109480723142957 -0.0374634952248899 -0.0543560754103134
-0.0127421702389252 -0.00415631279638998 -0.346750679731196 -0.054596814094612
-0.00371202440398376 -0.00179197293880649 -0.615378899571764 -0.0530262553159028
0.0228713199993208 -0.0199475984700214 -0.801407678209463 0.0302273938395606
0.0646455579036718 -0.0187260092348082 -0.792350273925446 0.063222476565837
0.023122663527045 0.0052397377173984 -0.647800953677088 0.0673055929079885
0.0161566602361877 -0.0243769520736817 -0.467306328091038 0.135453723792381
0.031750052268024 -0.0544277442873693 -0.323596403883087 0.187240995990228
0.0206311508901906 0.00886630795248032 0.382134536021921 -0.00393492588491522
0.0231404307204443 0.00526358356727235 0.456331782014738 -0.0787464085625969
-0.0100749175691418 0.0227112602369137 0.549924868679994 0.333810563121818
-0.0093974038637518 0.0528666943144486 0.845227371174198 0.439548669157123
0.0109416548367055 0.0642399473913762 0.831556747842295 0.281919669123766
-0.00356674420977323 0.0320688783016691 0.557912150046556 0.140593005085697
0.00065420462281061 0.00715553145034427 0.223167272134218 0.028855523539395
0.00843809936769657 0.0140043894191099 -0.0491703368049111 -0.056175902623027
0.0180695272065765 -0.00243784323462953 -0.356598057753572 -0.0455674911338336
0.0205667634344608 0.00830138791024731 -0.618674640605967 -0.0287722583475991
0.0246437753259308 -0.00321966819350698 -0.7872529318522 0.0666908125478158
0.0395145331943684 -0.0199609872428355 -0.771467434301133 0.110365470007749
0.0188957308331958 -0.015556297022975 -0.636164760317529 0.109543101341686
0.0325254600233949 -0.0202481862889681 -0.460103572769846 0.150029508327116
0.0260744427632691 -0.0100183233766505 -0.315313269659022 0.195800279338505
-0.00376964454566671 0.0585737445803392 0.381935897091683 -0.0165887126763191
0.0424331775185687 0.0276699182254722 0.450127411262974 -0.0757079170836355
0.00185935825971486 0.00454868614926496 0.543560938589335 0.346157923647101
-0.0335589720130314 0.0361449688177398 0.840659093946407 0.455046514229726
0.00136516006120016 0.0829926015496931 0.824684627996415 0.295059069711848
0.0170672298969177 0.0533495097660226 0.553996595518827 0.149793747745473
0.0348530046406354 0.0156416861148555 0.220545647062636 0.032182829607937
0.0380703122890118 0.0171422575039092 -0.0472354945047964 -0.057390306753027
0.0499937548754356 -0.000591797493890751 -0.354179105411143 -0.0428670291466133
0.0451721490630305 0.0188734349573699 -0.61550782633855 -0.0217868029472086
0.0274057167596147 0.0138853605866298 -0.779239451383468 0.0790935140792715
0.0155830266535279 -0.018669281270724 -0.765440353257353 0.121707031844405
0.0114326539854874 -0.0364036916762802 -0.631545272535776 0.119059673615198
0.0503055924148921 -0.0178999117999255 -0.454103866752043 0.155257046891961
0.0194393396914024 0.0351540149039299 -0.30945607732481 0.195113610034562
-0.0212298079510255 0.0982738549661056 0.380426019748128 -0.0420001400681734
0.0578193305179462 0.0433753212639629 0.438877877784619 -0.0742089452388325
0.00933730679350083 -0.0127815144813078 0.563655444789459 0.32670893059443
-0.0503847423700934 0.0242398799886914 0.849715434022532 0.41470449867493
-0.00348017678025622 0.0989650221996929 0.823805914330607 0.269959333800833
0.0374305690311985 0.0693929839278312 0.562006081218504 0.147720410661648
0.0637342356113545 0.0215241544611599 0.229743404207669 0.0351817142618098
0.0657258753529037 0.0198830128885143 -0.0322928598633431 -0.0569038322997324
0.0787087464386206 0.000300367928142486 -0.341054126280073 -0.0485148244031454
0.0683414135203345 0.0291832465377358 -0.604605497458102 -0.0315455236431591
0.0291529162536576 0.030187622351031 -0.781658815322665 0.0615673897271883
-0.00473010893076464 -0.0180028016854432 -0.779234196604569 0.099270938124858
0.00867416650426325 -0.0534958744699359 -0.636147528527215 0.0945396556717573
0.0646258555247841 -0.0115077079598508 -0.451892236772536 0.147138550670498
0.0102546148814698 0.0730837726228452 -0.309535724007209 0.185828561974344
-0.0255986786963693 0.123190625171222 0.374213661608441 -0.0758574499965185
0.0685254542540919 0.0443266812561821 0.427055068055614 -0.0744190447876173
0.0089776014847089 -0.0248570915745566 0.602757720321095 0.275144667286334
-0.0613401256560595 0.0215777140188199 0.864691693007638 0.329621705330628
0.000117819268964793 0.108271509079933 0.824282402618235 0.213586954872077
0.0559632767133872 0.0769310831291691 0.574748316465036 0.130708983349695
0.0854335331412618 0.0252664645358767 0.251340544047723 0.035408690214598
0.0847519296393321 0.0215663466739399 -0.0058388097737221 -0.0575915319783416
0.100500985920248 0.00418407345366895 -0.318767887249467 -0.0578839836012681
0.082697288317136 0.040600516238753 -0.591886341277818 -0.0551746815941089
0.0275297846290584 0.0424313574098607 -0.790472050362336 0.0231266190552303
-0.0204283270012121 -0.0199773687406794 -0.804242510640984 0.046373502936003
0.0132308300323075 -0.0657483245317568 -0.644788190207825 0.0374998484755565
0.0736540231397272 -0.00244485883375248 -0.451143629466859 0.127874873837615
-0.00353829276990321 0.0988351243462037 -0.314460821888198 0.168089939207619
-0.0205068828009291 0.126810168547164 0.363664084744302 -0.111112518821155
0.069105527274646 0.0329377776434333 0.422745095685703 -0.0780433277412028
0.000317290641878173 -0.0289076266784765 0.64090815056106 0.194753613709674
-0.0642331754349398 0.0257990025156521 0.867232505824005 0.214740974335725
0.00953119560562626 0.109670299506335 0.823459584078525 0.140737182407338
0.0670396362217537 0.0758670259583215 0.591966339548654 0.101566061432989
0.0947880392541787 0.0243083665650891 0.27950741280592 0.0312612304726973
0.0941706989802222 0.022694190165368 0.0263123282191319 -0.0570669877498697
0.108945834693749 0.00653251519607226 -0.289698788220195 -0.0686011040467163
0.0870379593266553 0.0489322189636956 -0.574633771163974 -0.0891911564831117
0.0221831934874747 0.0494736798569813 -0.801971239819729 -0.0357010195634807
-0.0247955464242498 -0.0263647567508422 -0.833242986032545 -0.0459298162537497
0.0229391630229297 -0.0704965142524764 -0.651601662118902 -0.0462925760692652
0.0747740065101287 0.0107028010829797 -0.449725608874907 0.106560688340752
-0.0207387114139485 0.108444977993923 -0.32116912036678 0.148730467808746
-0.0116206016160535 0.111845848337059 0.351493655750377 -0.139930526022639
0.0597999706510778 0.0208039214327691 0.422442423692791 -0.0925788200003242
-0.00746928702448836 -0.0242222727630355 0.666204507185249 0.102111008364445
-0.0561000016019466 0.0343127332226427 0.853824963819026 0.0974316529287384
0.0194196807173555 0.0995420970536872 0.813976666871293 0.0655785252958347
0.0686406483630019 0.0662069344822837 0.609284148857719 0.0638959904837526
0.092952056942257 0.0200596398308254 0.308298019024778 0.0244670272757453
0.0902591247398073 0.0213833718042041 0.0623104211495723 -0.0554582473275106
0.10571480274199 0.00988884581952159 -0.257388764419198 -0.0771836353078952
0.081649529258429 0.0544488800616405 -0.549572762369368 -0.123804564799275
0.0170057242601475 0.0476336094868993 -0.809666957665492 -0.109021592471558
-0.0181299857136677 -0.0316895839752939 -0.852747973570789 -0.160025285926704
0.0347058166521303 -0.0627288543032079 -0.641262246902057 -0.14466476032939
0.0647272244211991 0.0208981636714561 -0.447030506056481 0.0826102282750935
-0.0348464379273078 0.0960646542673842 -0.331699480136574 0.125823853236346
0.0505365540477052 -0.0842503765171429 0.374133176798234 -0.0298321619508213
-0.0242869850914148 -0.0273422686167179 0.453218799340101 -0.096191479729519
-0.019745163378524 0.0633235815329957 0.613357589957934 0.206741204296393
0.0434203421362159 0.0722511824303045 0.865215850670491 0.254894911801771
0.0281322991849839 0.0217290151593263 0.833544084323716 0.156031930084154
-0.0400104795043643 0.00118021571255622 0.581909550863187 0.0802763792589563
-0.0526418029424988 -0.000883560448522669 0.258291307799186 0.0185421797877336
-0.0447130733535942 0.00855904577475733 -0.0137124575875667 -0.052106138157056
-0.0387081961167301 -0.0062927876305893 -0.324366455847245 -0.0606933363952084
-0.0222301664400709 -0.0120469216661424 -0.604679399514627 -0.0780155071938956
0.0237101091912573 -0.0335909753163121 -0.809926630680829 -0.0164766577368736
0.0840929607773163 -0.0140248994688046 -0.812786198127287 -0.0034337535826183
0.024467763663416 0.0262845032424431 -0.654174491127391 0.0025790772962784
0.000599124761439477 -0.0323182330967183 -0.471008687307374 0.11475912089008
0.0396952395570591 -0.0935004236336903 -0.331642740272929 0.170714959053543
0.0432065486791066 -0.0414948904879925 0.375020210158888 -0.0120563887897908
-0.000174010170381204 -0.0167068152696375 0.454617306263666 -0.0886268805162734
-0.0188326239076414 0.0434861121270803 0.577667074681134 0.279986938688521
0.0170645092445042 0.0669305662799257 0.857890870528376 0.359543551147134
0.0216491321414364 0.0417867439576902 0.834901780960255 0.22749448265952
-0.0235283611004638 0.0130427174607819 0.565874096611565 0.110680224352198
-0.0289308156786409 0.00104123877581624 0.234823725509867 0.0232048676240773
-0.0208482702824717 0.0112025792719982 -0.0371181396439605 -0.0536192599364782
-0.013053360796959 -0.00387975088514894 -0.342675497093569 -0.0497196634363852
-0.00386769612097419 -0.0019618905527316 -0.613393564074767 -0.0466729586363545
0.0232887911570645 -0.0212348097129082 -0.795209585374903 0.0381554803580471
0.0634260310292343 -0.0195386404699007 -0.787945342924969 0.0721066547110868
0.0233967266399901 0.00515047881561021 -0.643255899517815 0.0717564650587224
0.0156871668552758 -0.0245974104996486 -0.462462232447298 0.138328620860548
0.0319933310849742 -0.0547403771948163 -0.319248387327206 0.187230515392302
0.0211808614396468 0.00797528211423788 0.376989514160517 -0.00677430498771549
0.0224990955956819 0.00403183372384481 0.45122443432282 -0.0821965773615325
-0.00983747349090454 0.0230137597101683 0.550558419130718 0.325047966311599
-0.00920800742843167 0.0531878607582179 0.843674712423892 0.426081697214439
0.0105969403348407 0.0631478934884951 0.827669476495956 0.270229449143738
-0.0030242969663573 0.0307516841043266 0.553386669926356 0.133635161835814
0.00100443110789675 0.0067328693624305 0.220600742951169 0.0271566797839619
0.00777682542853036 0.0137847302745884 -0.0495060367292973 -0.0550641971904692
0.0170071136017722 -0.00153144359220027 -0.352470035380287 -0.0413739954216177
0.0199682131132626 0.00832328478805935 -0.612316175129246 -0.0228650505133506
0.0241190629318691 -0.00395801394584597 -0.781431526827364 0.0732827268107761
0.0395528998284864 -0.0195697561547496 -0.764165659800235 0.11955366904943
0.0175401406731916 -0.0159428970893843 -0.631976742500889 0.114589470033764
0.0328902692545616 -0.0202969883573228 -0.456051722291676 0.154337279522522
0.0260422537890325 -0.0099448740010071 -0.30963307624078 0.195934188967065
-0.00317580541157389 0.0564680454869714 0.377151473827613 -0.0193359011106918
0.0414538631240428 0.0265078074517831 0.445338003409528 -0.077916779783257
0.0015658419619508 0.00476488991776708 0.544797644855624 0.335671845501539
-0.0323897764237326 0.0367678414655855 0.838176054235692 0.4416314572508
0.00152794772697648 0.081737289459479 0.822707729964481 0.282008990461764
0.0177543193833921 0.0512697211968327 0.551440377236127 0.141970520709919
0.0337965341882099 0.0131854747653344 0.218676450003828 0.0302898078887188
0.0396976232826027 0.0165925147818129 -0.0479727709868684 -0.0563477277482023
0.0493993509281216 -0.00200239770973368 -0.351077871590993 -0.041018764385131
0.0457593851218636 0.0189902076677044 -0.612051912456772 -0.0160958374350235
0.0275052953251468 0.0136356987393476 -0.773523523798222 0.0871149937439975
0.0160564870695762 -0.0185358208222041 -0.760441921243204 0.129142434146077
0.0111275174587424 -0.0365139541860319 -0.626250304305686 0.12245343365442
0.0497520970542175 -0.0176568153270156 -0.449693248548419 0.157808583429209
0.0197028829255894 0.0344561033298047 -0.305801413981847 0.195565371902303
-0.0206517444090519 0.0961214972382303 0.377329082894249 -0.0454438470420113
0.0570890781034313 0.0418772966737892 0.434545535066341 -0.0772437877990711
0.00845690305974163 -0.0118927974054421 0.563882374920043 0.319543432558268
-0.0505024587965558 0.0244439120015945 0.846550777423341 0.403804452665307
-0.00155578999228727 0.0980371161673589 0.819708274211185 0.257554317544681
0.0390100772782127 0.0689007606656282 0.558257384801099 0.140011246836922
0.0627824422602251 0.0207925682009225 0.228503870128667 0.0331443719093285
0.0648299767574133 0.0193554152105483 -0.0327133310942125 -0.0567570852700286
0.0779796002866153 -0.000257991143785601 -0.337752440799441 -0.0448268078859074
0.0674088503557439 0.0288689736057938 -0.600025373255553 -0.0254418454704631
0.0300203208984307 0.0303638949477782 -0.775094511546701 0.0692945747025401
-0.00553200441510002 -0.017135501004392 -0.770991035627493 0.106310848244012
0.00887144998165326 -0.0539537905497605 -0.632068449915554 0.0996239891818673
0.0640063536059406 -0.0116668422070953 -0.447491303568117 0.14922066891672
0.0104246972081035 0.071245802562302 -0.304503691428447 0.186196733965823
-0.026042664855493 0.120512603633326 0.372794406709766 -0.0780027257675026
0.0678681217519399 0.0416452554951526 0.424825403140476 -0.0773618488127317
0.00839000927214795 -0.0241217557349533 0.601320420059161 0.268881208465573
-0.0613064264256303 0.0214161794465908 0.860361291359668 0.317488955466395
0.00137742144267028 0.106865558311308 0.819801691462975 0.203189172792629
0.0558296808025434 0.0756456131717713 0.571060194931829 0.123205033596253
0.0842261709855107 0.0236729450512064 0.249652105862003 0.0329714074829278
0.0849303193813564 0.0207305128932418 -0.00699271477291825 -0.0576383702112124
0.0987418170044523 0.00280997924328688 -0.316388331961062 -0.0548447256361353
0.0823885425071859 0.0383293071155505 -0.587857810349416 -0.0500703905593526
0.0284821398949224 0.0423135502677277 -0.786069467272325 0.0329886437755796
-0.0188799973705396 -0.0192323384539945 -0.7978009665452 0.0528035402362058
0.0124285995834782 -0.0655105454791209 -0.641166103544886 0.044676233769845
0.0746023779658749 -0.00307233674066067 -0.447294701581873 0.131014012512868
-0.00250153317922963 0.098091833142021 -0.309050249774066 0.168875780581201
-0.0200452448286281 0.125347324915075 0.35985753931894 -0.111319036437113
0.0680487392568186 0.033495330740455 0.419469982676473 -0.0816690029133319
0.000470930220206819 -0.0281358757119194 0.638396615015381 0.18863422450857
-0.0642686352466304 0.0264871641892389 0.864153517352255 0.204475608571958
0.0112056783986107 0.107380880217142 0.818498198138757 0.130637070788294
0.0672862456820641 0.0746805020327265 0.589740040194353 0.0936226319356754
0.0938271702103393 0.0236906466749433 0.2770522315964 0.0291112937724399
0.0929862413585653 0.0207704282634498 0.0249875505814263 -0.0577035788659327
0.10864946332645 0.00537110458129187 -0.288155174151167 -0.0664500937531728
0.0874069938200584 0.0478351853069773 -0.569925758867149 -0.0819559515347958
0.0231180764980628 0.0491033874447946 -0.796715841797911 -0.0281349240049331
-0.0239221228518504 -0.0248866813512797 -0.826333498439195 -0.0377220291893603
0.0220307265398698 -0.0688936123119128 -0.647524397505782 -0.0394016186542245
0.0747145922990099 0.00955704652770493 -0.446249217262059 0.108475969550648
-0.020420529759285 0.106487482821684 -0.318798809927489 0.149076434399316
-0.0115360270345301 0.109429110883504 0.347317651984652 -0.140926299413104
0.0585724310108507 0.019662799941563 0.418533234759378 -0.0957459815565365
-0.00870625865683023 -0.0220118156862759 0.661459253551391 0.0922282698535347
-0.0548780595995187 0.0347119825036414 0.849406519246105 0.0845453794613586
0.0221667685529142 0.0978393486391714 0.809035619645037 0.0558432021525687
0.0688565226135422 0.0650971700147645 0.605920926000572 0.0550638715341535
0.0921728246649001 0.0187125046290286 0.306696736318107 0.0208694098772663
0.0900216836218332 0.0201879930354719 0.0619534982017513 -0.0566673627049022
0.105779839762534 0.00818599311903463 -0.255738867950975 -0.0748982391163149
0.0821529812470905 0.052239361885312 -0.548989199551711 -0.117589486656889
0.0179578166808491 0.0478999467785793 -0.803344361895644 -0.101508684154701
-0.0183325330838964 -0.0304000808679912 -0.849135725152421 -0.148868606146816
0.034312547430078 -0.0617035032525962 -0.638487465569051 -0.139366087756286
0.0647297295375229 0.0197195011873136 -0.443374087610073 0.0862948311654249
-0.03480448069455 0.0940866646972913 -0.330075332204002 0.127048882611368
0.0502606976908746 -0.084926996829598 0.371189569547979 -0.0315625249590802
-0.0256733203645243 -0.0266771914900806 0.449097040629811 -0.0995448463857231
-0.0197935701954238 0.0629526961327823 0.611222906105767 0.198695069052877
0.0440185924131341 0.0705970882492446 0.860841387151418 0.243771498913014
0.0285360214758004 0.0211224511279663 0.828883641959108 0.14673219086492
-0.0400058042911628 0.001055533644001 0.577893684498142 0.0744256283945781
-0.0524365280942603 -0.00142023128680963 0.256288433489989 0.016236104734712
-0.0445311759697569 0.00845692138921339 -0.014462516374436 -0.0517542001949688
-0.0377189422473711 -0.00723658753346542 -0.32234691908534 -0.0580419222254191
-0.022995338801188 -0.0115150394953082 -0.598140277010098 -0.0711870218871355
0.023245845480211 -0.0342705412076326 -0.805284143165832 -0.00974483135814225
0.0840994393028007 -0.0131843364928705 -0.806534468045543 0.00401727397001766
0.0244104137044459 0.025968566393944 -0.649185427525823 0.00712990576546472
0.000218329835193747 -0.0322013144806357 -0.466557881488055 0.117138840054703
0.0385309129380791 -0.0939409438759216 -0.3272782595553 0.171355793842177
0.040911820465659 -0.0419567195296162 0.372980232200919 -0.0136270234330775
-0.0009916013602854 -0.0159992681828857 0.449986093992078 -0.0885626457753657
-0.0185556845039517 0.0446191713326712 0.576092563102184 0.27250200934664
0.0165965407715182 0.065961888756272 0.853711050793012 0.349395937881446
0.0223210933303078 0.0409416998928307 0.827413649325139 0.218976791812279
-0.024350644669318 0.0131699987578952 0.562686162528177 0.105480105424993
-0.0295713399949819 0.000557549283264111 0.232813053036527 0.0213571277425975
-0.021596265079533 0.011028855249004 -0.0382229791741346 -0.0530757637680486
-0.0125741175701474 -0.00375523126443163 -0.340602859129379 -0.0471285832204632
-0.00356559072271385 -0.00203390846067076 -0.606728478239099 -0.0399420379332115
0.0226950812566587 -0.0205564680302605 -0.788352480528231 0.0457841496214488
0.0621463428429821 -0.0194994255695511 -0.779703222635069 0.0791856530547543
0.0230777219054113 0.00530637685323961 -0.637347087114162 0.0766321020044698
0.015289366096627 -0.0250910811327774 -0.458118117948774 0.142179219043243
0.0306598906953125 -0.0545536648494247 -0.314936459344908 0.187017280543504
0.0201336915086119 0.00739148057110093 0.374303861076032 -0.0097277247792026
0.0213073331701527 0.00450615948022608 0.44915124290673 -0.0853809463348104
-0.0096798960957424 0.0243497502126641 0.54800517239168 0.317183476461707
-0.0088490334911975 0.0528866761018627 0.84129213828256 0.416778432764422
0.0114527742268601 0.0615212986523404 0.821857998673468 0.261415608426594
-0.00405539541575533 0.0309134964185536 0.553352790428401 0.127740406820369
0.000126870753392939 0.00673468802963296 0.219374978047288 0.0249768939933565
0.00729425854351155 0.014385768856904 -0.0496018599392375 -0.0548389547942269
0.0172550113734604 -0.00275805460815515 -0.350247281464003 -0.038527761726352
0.0205391136303104 0.0080869226034774 -0.609895309110811 -0.0170629379326615
0.0247356151073849 -0.00311045806196501 -0.773936184123025 0.0812291925570537
0.0384692956266359 -0.0203672693658822 -0.757586858282675 0.12405455186037
0.018177655353466 -0.0157108364363515 -0.626295663749285 0.118467845265055
0.0327802382007988 -0.0218351983853639 -0.451659347681519 0.156958189245553
0.0261566833345817 -0.0107012061986859 -0.307303456026565 0.195472284953318
-0.00345086410035029 0.0541781641603666 0.374984141362439 -0.0224512174340641
0.0406606251262206 0.0260587381649759 0.442784623240177 -0.0803591073111206
0.00301136086937047 0.00531587462445376 0.543012484896768 0.330334765463527
-0.0311423996927131 0.0368664728883668 0.837558132582584 0.431376583195935
0.00273085166621949 0.0818453384992098 0.817582957319344 0.270730231705552
0.0174044666009117 0.0512667655806431 0.549216468021363 0.136952228817968
0.0328339244183132 0.0141560175599321 0.217930595577469 0.0287557905343721
0.0380563641669046 0.0160514888915103 -0.0483936831778716 -0.0553471190626842
0.0484125275926281 -0.00246562361217106 -0.347828208144143 -0.0363174218968326
0.0451802831258669 0.0170789816757152 -0.605658692913142 -0.0101732327503818
0.0280531893708062 0.013437433581973 -0.767118362266571 0.0928334155081044
0.0154692514081099 -0.0179860668989373 -0.751623948501244 0.135751870090289
0.0112443879179338 -0.0350477906974918 -0.620603111430001 0.127884124400501
0.0498745714850577 -0.0178673403728711 -0.446413992355386 0.160658789947061
0.0199432619679509 0.0326908231054927 -0.301997975862204 0.195023697325809
-0.0198873460606486 0.0945904930537916 0.373378833656476 -0.0463494866953807
0.0560570570516588 0.0406855627752134 0.432520257098361 -0.0786661376083766
0.00872256996107909 -0.0105779967431819 0.564094298621337 0.308733679007182
-0.0497656499047939 0.0247863239698804 0.84199176020014 0.389643253452139
-0.000611145139121144 0.0969614462055759 0.8163312233426 0.249098982082812
0.0378285425864769 0.0667518807149836 0.55497363655427 0.133532616508986
0.0619671413571639 0.0194193032452215 0.227349564288844 0.0313082375738499
0.064365775168941 0.0176828277167708 -0.0331036660357262 -0.0561380831454635
0.0763471917337189 -0.00169186055075629 -0.335965897293716 -0.0426516329211511
0.0671590032466995 0.0275032668502077 -0.59655301659327 -0.0203122403918936
0.0296520408015971 0.0286142313458194 -0.76856556621856 0.0773708459256421
-0.00412321837872983 -0.0171123248110744 -0.766672050993637 0.113879578126084
0.00813241484142263 -0.0517632080242488 -0.628083751058001 0.105073716157462
0.0634974861028698 -0.0128867347793907 -0.443078319597172 0.152689019912933
0.0110624822890798 0.071120215546013 -0.302377323707216 0.186149896085034
-0.0248107570940769 0.119113713754639 0.366952410936915 -0.0811853898403021
0.0664616718867769 0.0413858727158026 0.421921345939388 -0.0802018883682828
0.00707883045077732 -0.0228272600765895 0.600067962681142 0.258203316097047
-0.0604880868149557 0.0221523067931701 0.854708316291476 0.307174493625385
0.00240023978707496 0.105622932404974 0.815054938332387 0.195705705069099
0.0555450663840252 0.0755186712706554 0.568568615304784 0.11738981666189
0.0832708523394398 0.0214966613987499 0.246947078285408 0.0318424642554895
0.0840558015764359 0.0193400543715343 -0.00747763389324076 -0.0565033495518421
0.0972912113144424 0.000148231353833867 -0.313697875363934 -0.0525678676696858
0.0824474724482282 0.037720026001482 -0.583395535671006 -0.0436108019978983
0.0288725727672185 0.0412198200238759 -0.778175004072559 0.0398469334543832
-0.0194164061952523 -0.0188727220435513 -0.790331350162278 0.0587103205979774
0.0129910935538463 -0.0646225552851855 -0.639367058828924 0.0494311965187292
0.0738153636371554 -0.00263145338432678 -0.443251107532268 0.133483903408388
-0.00315562009752523 0.0962940766505906 -0.307081527487947 0.169672681930693
-0.0192885376449915 0.123000325485718 0.356364546230133 -0.113683369322207
0.0672293367545193 0.0329564242754869 0.416416898578446 -0.0848949644712383
-0.000657533213113527 -0.0275025526045198 0.635153543440452 0.179836269417148
-0.0619376263530341 0.0265361735995327 0.857282542604539 0.193674657617775
0.0115887197875797 0.106417333456265 0.810617273816255 0.122305292374788
0.065739449510066 0.0718246997394216 0.584632250594009 0.0879863626882412
0.0929968988717045 0.0215778277306879 0.275081830818171 0.026539087988533
0.0919243209940013 0.0202366715023318 0.0245729887190727 -0.0566899544354701
0.106475733018419 0.00370457620761528 -0.285497495132451 -0.0630663271319969
0.0871235050143752 0.0468202059341955 -0.56562860626585 -0.0761831012722705
0.0240699762531891 0.0481734243977986 -0.791220189568522 -0.0202117428121018
-0.0237312073835689 -0.0242378884210663 -0.820702232273628 -0.0310877421461276
0.0218503875844861 -0.0681128010808383 -0.644814457608223 -0.0330329754119518
0.074322731195454 0.00940581369301665 -0.442835314991192 0.109562453041953
-0.0192102185311315 0.104993619004313 -0.313397215950028 0.15011806756843
-0.010168662164098 0.108705513641733 0.34383461584584 -0.143634555164627
0.0583460509116958 0.018681946057594 0.415471838338715 -0.098214164983355
-0.0089796844427262 -0.02124171908839 0.658198846188734 0.0853238184291127
-0.0534109419104507 0.0340989707144536 0.842980147304446 0.0750438739242375
0.0219935672289659 0.0969810120638632 0.803510412327123 0.046234021548936
0.0678027870290129 0.0631083212156664 0.601813859414209 0.0505143398238197
0.0897354917302334 0.0182902453292103 0.304709678362114 0.0177992661506225
0.0887116314693516 0.0195841835232457 0.0592088798784964 -0.056959265547104
0.104892373705459 0.00676984251508536 -0.253528860488609 -0.0735305777897242
0.0820255706318041 0.0508569193651634 -0.544369131810049 -0.111671134060635
0.0179209078720616 0.0467940273904137 -0.79926341524955 -0.0942989050108629
-0.0178632636211008 -0.0300610261463577 -0.843062073102945 -0.141664545890884
0.0333401633556875 -0.0610785045732904 -0.636059073240259 -0.130773080732142
0.0629271570645684 0.0183037268052096 -0.440854910580691 0.0885305137787435
-0.0338488289203354 0.0930130435069565 -0.325342474181348 0.127811352863764
0.0483690886986377 -0.0843332443661193 0.368205689326062 -0.0324755207512405
-0.0251436388613583 -0.026499350782711 0.44741565027867 -0.100175199354906
-0.0192023891813828 0.06224526241024 0.608374880931396 0.194379085722229
0.0443368516576185 0.0693249372716913 0.855543835636606 0.235065632820802
0.0288493989441498 0.0206517503896928 0.823327629055778 0.140324707813747
-0.0409065424368199 0.00160275186645516 0.573685286199754 0.0690191922111539
-0.0533713634908372 -0.00187819335398061 0.253184048415127 0.0153310979111875
-0.0435550768523113 0.00883362469845563 -0.0162742283815342 -0.0517564439257374
-0.0389476100352401 -0.00621895253725408 -0.318101958114777 -0.0556144081356337
-0.0224104607082509 -0.0124032762948071 -0.59721654137029 -0.0670874791016195
0.0234578728981723 -0.0338162605947144 -0.797893776190243 -0.00289700173900084
0.0829363616906444 -0.0137467859250958 -0.799901191901859 0.00934822240509375
0.0242428531032425 0.025212887872086 -0.644267552387402 0.011099868624371
-0.000361235448240359 -0.0321565925381352 -0.462452948552006 0.120352062817058
0.0382814130234272 -0.0936223341170879 -0.325067306150317 0.171805798482426
0.040853770441269 -0.0430340266987354 0.368715370574659 -0.0161136321533272
-0.00102677741051249 -0.0164616739094787 0.447922982367194 -0.0917302315961583
-0.0179265399367586 0.0442870843332302 0.574781152548684 0.265270299094533
0.0173613526650683 0.0654279274576371 0.84798330666555 0.340124109973343
0.0224725305648615 0.0404676989682148 0.82210149548559 0.210991937992368
-0.0237294038212331 0.013103167062113 0.559394278613831 0.101526059077456
-0.0308053169619973 0.00090533138813006 0.232031266129016 0.0207724770852615
-0.0198175827252299 0.0116274630188976 -0.0378338553225371 -0.0537761591914057
-0.0125402472697272 -0.00342648832706085 -0.337969332919819 -0.0452318163429366
-0.00302674800484528 -0.00165404659292759 -0.604713177019431 -0.0348970039651976
0.0220416489325271 -0.020186220081761 -0.782009884919864 0.0533753755144956
0.0621366827379645 -0.0194075907324183 -0.772294456035556 0.0845589607336662
0.0231259244201552 0.00438472697703673 -0.633513236957451 0.0805211615187229
0.0148449547839405 -0.0249945232976828 -0.454290805922258 0.145379484993132
0.0310403877825437 -0.0544388540652316 -0.312317807587812 0.186343679905446
0.0201816588947029 0.00629538428500828 0.369610542355626 -0.0116914654301447
0.0210620414683508 0.00423162166714667 0.446092489337073 -0.086033108072068
-0.00915700752933669 0.0244648241594062 0.547691679969462 0.30953871477156
-0.00793053866808066 0.0517908420244126 0.837012127687988 0.405984289948684
0.0128814263633046 0.0609440178519243 0.817258395646406 0.254225867028816
-0.00383008692106109 0.0306865614068366 0.549619065551617 0.122258694337889
4.3201097374656E-05 0.00749937102807911 0.218051490058405 0.0237375146898764
0.00842374271685202 0.0136441214043101 -0.0496180716572625 -0.0543771225929972
0.0163945820026063 -0.00279590709592567 -0.346789573119146 -0.0356112953937817
0.0211142561224407 0.00793895224715889 -0.606114230546133 -0.0128668071280253
0.0243075227129913 -0.00419665625156661 -0.768291746372335 0.0868249140688895
0.039108198173478 -0.0209149179972907 -0.751860204299026 0.128287644554193
0.017436245876498 -0.0146707434850622 -0.620258118342206 0.122804661068112
0.03223136610965 -0.0218364691480549 -0.446203438132942 0.160979787617923
0.0245769354178126 -0.0109550757061915 -0.302928697142148 0.195901723327041
-0.00377333209575243 0.0537722223530988 0.370886133451956 -0.0236425148643868
0.0404315870352347 0.0272274974084549 0.439778729652624 -0.082171834415296
0.00168521790043691 0.00580583949849874 0.542576474694431 0.3241605654239
-0.0307570780497529 0.0359221712107476 0.831416961408458 0.42118542533204
0.00336452076066138 0.0806399460307205 0.812124953524093 0.263889911666388
0.0163694090591684 0.0501550031386238 0.546075617804621 0.131126231132848
0.0313190662047939 0.0134595981925465 0.215806974996768 0.0276857078600569
0.0374022819264342 0.0162107336468286 -0.0488215032611979 -0.0552818624058736
0.0480205238512735 -0.00262506179432172 -0.344982747021832 -0.035712320186647
0.0459056599857845 0.0173614106614111 -0.601343596005875 -0.00624331961040114
0.028282858591313 0.0127183293266446 -0.760571483673204 0.0980319260990928
0.0162939814862071 -0.018952102616976 -0.74702844429965 0.14057089193569
0.0115795316443864 -0.0347308309177068 -0.616545689198636 0.130783137462217
0.0501980717933224 -0.0180016346640593 -0.441756659902603 0.163156841979675
0.0190699405918669 0.0320661122933608 -0.299090778314038 0.194402605074158
-0.0198567431381494 0.0929640509151805 0.370465719740927 -0.0501054382434556
0.0548303525440896 0.0405757111771819 0.429387136428232 -0.0813076781885304
0.00866836953723887 -0.0104576796974309 0.562513600081977 0.303113057454908
-0.0492113181852157 0.0253626088730339 0.838194142146785 0.381057135458788
-0.000265042024273932 0.0954100454242294 0.810109679084204 0.24221857360738
0.0374872914930065 0.0659544172698412 0.551561266964615 0.130243928477866
0.0612583596274736 0.0187482719006051 0.225715479185083 0.0296586906709967
0.0643788471286111 0.0177909429686533 -0.0331316442816809 -0.0567208461377084
0.0757291224259456 -0.00266118996800337 -0.332701781812639 -0.0398416139931682
0.0673841411004128 0.0267029281124345 -0.591433927139327 -0.0156463073280228
0.030168522449783 0.0279231887352119 -0.763426747357666 0.082594274932191
-0.00408487154966904 -0.0159465878076206 -0.759801068847142 0.117184547472564
0.00890657068839036 -0.0520097626248953 -0.622852685869833 0.109271471541564
0.0631218446155033 -0.0128463263048614 -0.440287875997122 0.156296948007226
0.0111953513783716 0.0696567460074246 -0.297847853841765 0.185360737236724
-0.0250088119878905 0.117496554965428 0.3639157447137 -0.0815519801194186
0.0655477598273692 0.0403144140565592 0.419563395592482 -0.081383190219124
0.00795800805044638 -0.021770473724674 0.598721243881984 0.251196159110265
-0.059435445445888 0.0225177892291828 0.852051655931673 0.295688387901394
0.00323839796373214 0.104519117733644 0.808814090541621 0.186526630289202
0.0555937928274574 0.0727890419721561 0.565552306508419 0.112422749913667
0.0820387430832848 0.0219018389694518 0.246483926099533 0.0294726263824899
0.0820518361895189 0.0188452566306418 -0.00764800022445218 -0.0561737232465091
0.097055589340039 -0.000517237522664738 -0.311484125809738 -0.0497382610152677
0.0817130332164252 0.0365818189141688 -0.580105787380909 -0.0391889336532665
0.0285078997502031 0.0408725772687712 -0.771767514763171 0.0456159005497126
-0.0189737152692279 -0.0190126675975801 -0.785896389054166 0.0663598732946681
0.0121727960673874 -0.0634787874341201 -0.634594793127856 0.0531835623038781
0.0725454303173007 -0.00380594941657565 -0.439840340647857 0.136619047946863
-0.00266067965113249 0.094926103666569 -0.30245450117201 0.169508634340072
-0.0193918411029497 0.121496987351574 0.353445266988681 -0.114923546041353
0.066548989885132 0.0308913052774998 0.413558758998777 -0.0859841907189197
-2.62549876109252E-05 -0.0262825311408726 0.634385687500208 0.172637664990163
-0.0625256046053169 0.0271122315577093 0.851852215368201 0.187248879723563
0.0129339588492494 0.103912019072104 0.806352564789939 0.115507901178175
0.0670566589726361 0.0716938362767918 0.580050713652912 0.0814267015173629
0.091123217550402 0.0204158731922405 0.272816304464487 0.0246572234250845
0.0921144393896698 0.0185832723309995 0.0242651184448521 -0.0567989210660924
0.104397181556051 0.00281002784324056 -0.283050615107377 -0.0602922716198985
0.0862217741947343 0.0444251958687575 -0.562729024005669 -0.0716730245329943
0.0235241952750065 0.0470463300201435 -0.784678949454661 -0.01342996598054
-0.0245318170333584 -0.0236873493020579 -0.81267605822265 -0.0232118677020364
0.0221702472071665 -0.0669942657253906 -0.639910096763979 -0.0302211375251376
0.0723285000468367 0.00818372622713848 -0.440079028931609 0.112641985537129
-0.0200154472404305 0.101930146728722 -0.312178384455567 0.149755353929499
-0.0112204370379569 0.108112419059223 0.340432233856604 -0.143444868109579
0.0572370856141452 0.0183220476516513 0.413131797452247 -0.1005063852295
-0.00907149181127244 -0.0209046653736605 0.653565546101292 0.080183452583906
-0.0522715124380299 0.0338259839628992 0.837454598271482 0.0687245422541842
0.022360769138101 0.0956590846516679 0.796275566903339 0.0406711397248728
0.0683548647769368 0.0622979345713789 0.596496790892002 0.0445466026856036
0.0889042548488843 0.0169417039596306 0.301526431589331 0.0162611187270587
0.0886266325177759 0.0188150325060915 0.0588133360939928 -0.0579950506935375
0.10295177238105 0.00627771010430089 -0.252300125797289 -0.0719784405292781
0.080608881418019 0.0496907443227591 -0.542334346513416 -0.108713715832395
0.0191591995603667 0.0456043441568034 -0.793376256589726 -0.0865329548074881
-0.0174002687732772 -0.0293434218590252 -0.837439784361341 -0.134577176302018
0.0341308600802344 -0.0607993056447424 -0.634630138406337 -0.126248313622714
0.0632282103904151 0.0181991370103308 -0.438303041769044 0.0910434092610499
-0.0330370245389565 0.0917037555968518 -0.32232883514325 0.128249836083592
0.048394892561419 -0.0844492663224534 0.364815115697816 -0.035791623944983
-0.0251130207679813 -0.0258115537057671 0.443846665501344 -0.101627524740829
-0.0188880220449785 0.062815872720313 0.606301321960724 0.187851303877516
0.0438901625952041 0.0689651793931914 0.851001461058022 0.228408714728809
0.0284350099148444 0.0206779353788434 0.817229822350286 0.133167848092178
-0.0396771028091146 0.00197670533920596 0.570297643351914 0.0673420612039487
-0.0538244679267534 -0.0014053649271085 0.251581736259297 0.0141130188072902
-0.0436092095515946 0.00904013056735247 -0.0159666483337915 -0.0519700991453538
-0.0379224297247325 -0.00670929698578155 -0.316663930628 -0.0540814053370667
-0.0213925516386215 -0.01199039473222 -0.591875485282215 -0.0644895203969142
0.0229251544557722 -0.0339059142671402 -0.792049115111204 0.00169872566281237
0.0820343060165939 -0.0144766564884867 -0.795818445750776 0.0140823010141559
0.0246420635768906 0.0250562912637816 -0.642634972383471 0.015861011837669
-6.95907779651901E-05 -0.0315077364695028 -0.459018300424694 0.121892418386515
0.0371991183588768 -0.0927706423877801 -0.32075709089009 0.171466550815179
0.0396679736279224 -0.0430069024913724 0.365808492946168 -0.0160960741982812
-0.000560508098795626 -0.015741972887283 0.444113651460747 -0.0929702047043356
-0.0182057964482977 0.044974192195788 0.571576334212924 0.260680243693138
0.0180787701654713 0.0647951739922843 0.84241347420672 0.332916443541685
0.0218163085323039 0.0402160311616859 0.818036192581876 0.203596057143323
-0.0240523647338796 0.0139435482024057 0.556339350919613 0.0985510790002947
-0.0306684965202086 0.00122997968081925 0.229299384567821 0.0191448965526098
-0.0201796699448743 0.0104006343107171 -0.0373624150453682 -0.0525517459340189
-0.0132536613124739 -0.00489183532152252 -0.335184778385827 -0.0432801503863936
-0.00271944554356345 -0.00167860786976865 -0.60098881283805 -0.0312363868518576
0.0226982029056685 -0.0203671480606418 -0.777495888927192 0.0575195109689643
0.0625943361867149 -0.0199369817658588 -0.768602657185248 0.0861372411753855
0.0232881665643967 0.0055428982190136 -0.629086201715291 0.0834980647235305
0.0153783885144688 -0.0251620406014345 -0.453080721863658 0.146479824469588
0.0305330760387273 -0.0544827538665227 -0.309945300735516 0.185867447820976
0.0198037418129904 0.00537560369127336 0.367158669799826 -0.0125287003394536
0.0215871982250831 0.00444545247462559 0.442589615810779 -0.0873082116440987
-0.00944926358264863 0.0249280532095489 0.545729575893525 0.303931829358923
-0.00755927823948218 0.0526781388296353 0.831653699427957 0.398284219691865
0.0126066077111177 0.0599847696069145 0.811462299642083 0.24686861165312
-0.00432894641040817 0.0303595591016521 0.545753097039454 0.119055533510597
-0.0011950966970196 0.00598823802851004 0.215559838192838 0.0236106480919409
0.0081575830496161 0.0125421700996831 -0.0497864729261198 -0.0543295179166704
0.0175007278655763 -0.00434251204477666 -0.34402804233314 -0.0343820189307005
0.0208198727632436 0.0077509841504615 -0.600800860523721 -0.00812998728300416
0.0244242604487518 -0.00441682745308273 -0.762609174658539 0.0905266366740532
0.0390955054230892 -0.0200400529947673 -0.748267416724157 0.130488221045314
0.018105478665996 -0.015159040929689 -0.617028376292799 0.125235381836215
0.0322708010314171 -0.0220773103126907 -0.443923514589097 0.159926342315245
0.0245533169950813 -0.0120603224289357 -0.300507149932748 0.194718002229397
-0.00351601729155384 0.0532444886037492 0.367804283932024 -0.0261781114980492
0.0391273226228986 0.026768894580673 0.435457619185327 -0.083647198340145
0.00170908336289839 0.00652816132503205 0.538739569097743 0.318494752119952
-0.030293528502612 0.0365869796766584 0.829216553441336 0.413771664230353
0.00348721146569489 0.0796002041069736 0.806529696991543 0.258687707341596
0.0170776887520363 0.049717405629608 0.543024747407766 0.128860434661162
0.0314664904297488 0.0142174007542546 0.214581683145931 0.0266340316384403
0.0379261315880793 0.0152271879936387 -0.0482277896971134 -0.0551323097452051
0.0472000561558083 -0.00386869059065241 -0.341932017466519 -0.0332392898135534
0.0451128067885261 0.0164851434117351 -0.596631877482832 -0.00385727841340487
0.0275942426873664 0.0126720181533861 -0.754265488949032 0.102391739356032
0.0160736209341683 -0.0178920950604377 -0.741676862193899 0.143163917475547
0.0120978337102393 -0.0341494338055083 -0.613856996550565 0.13465117153047
0.0488418593236582 -0.0181007436171034 -0.439579212981237 0.165478379056015
0.0196272575174393 0.0319120848556616 -0.295824057827147 0.193991424043273
-0.0204930268737135 0.0916504334987207 0.366449139732398 -0.0492855797831903
0.0543079896036915 0.0397264785365371 0.426382691923945 -0.0815042489948623
0.00819288921927698 -0.00924095860987072 0.558265444481073 0.297458435017647
-0.0476724192848029 0.0257221291857325 0.835531827308649 0.374828138815262
0.000724059047806978 0.0950386318735837 0.80481830184667 0.234715316281733
0.0366764904343777 0.0647477563589513 0.5488381844643 0.125839128224966
0.0586019932941562 0.0191969401460753 0.224960955503565 0.0290541747283947
0.0635221508153747 0.015750881443896 -0.0338934550574255 -0.0558256722325787
0.0739209856974054 -0.00292378090355931 -0.328818443343999 -0.0376951683226412
0.067344877601857 0.0255071348720578 -0.589531407723873 -0.0117333511792085
0.0307916508881013 0.0274260625119461 -0.757737875685804 0.0872848184149192
-0.0054722642944296 -0.0159375690026939 -0.754500586810082 0.122437255435303
0.00885701169324865 -0.0502629498871484 -0.620141412443623 0.110392202506918
0.0627993983384388 -0.0128936211955261 -0.437205413401904 0.156201843615157
0.0103074486991209 0.0686738910867447 -0.295578037747431 0.185070271913197
-0.0242539014687363 0.116792304958075 0.360200422844677 -0.0830222312401061
0.0648535087019391 0.0412215096575745 0.417042470029275 -0.0819303469012726
0.00731055160204222 -0.0203733672837225 0.596186109009679 0.24744902394233
-0.0590909212251926 0.0223258198662322 0.847624390103371 0.28950847324109
0.00446817317450757 0.103033893038933 0.803961800768195 0.181931119398479
0.0546325108338068 0.0719986782984239 0.562289874384698 0.108307289046003
0.080351849291584 0.0213739465288839 0.245202173228663 0.0290032331060441
0.0824597366120641 0.0179254501947808 -0.00865546941743672 -0.0557709845292784
0.0946375296359625 -0.00134112932495229 -0.309310754144881 -0.0478291372987797
0.0804498422160374 0.0347646240957727 -0.574883846351766 -0.0369357457577159
0.0291422543976459 0.0391162826417872 -0.767329196087509 0.0502207872675598
-0.0182287003065384 -0.0181607658731364 -0.780581900022014 0.0686401526415321
0.0126545192827761 -0.0616629396765138 -0.628590116191172 0.0562951210941367
0.0711929984678294 -0.00352551556454034 -0.437787707007522 0.137568819050235
-0.00266543973765616 0.0931372784335173 -0.3011377902126 0.167827343317445
-0.0196486759626098 0.120152839534424 0.350713438072974 -0.115766218353908
0.0655986321083614 0.0311056191361353 0.411376342051186 -0.0871982457304279
-0.000337518194347151 -0.0243968709286698 0.629970319400502 0.165452764325656
-0.0617121447006335 0.0267538094651379 0.84716086839048 0.179021167137359
0.0134659986262837 0.103869956069138 0.800591566087932 0.10963397178939
0.0660378427924176 0.0694070112865163 0.576875790038679 0.0798241029666435
0.090474897231058 0.019916392570373 0.271558446914179 0.0238570356576294
0.0901971359180996 0.018522947729565 0.0240525805168396 -0.0566306057107433
0.103851688534253 0.00229456953988634 -0.280423602272252 -0.0599176100379916
0.0866441597716703 0.0438014233461048 -0.558560115430032 -0.0676546974730293
0.0245392044279126 0.0453449303061163 -0.778592630127115 -0.00835090346873061
-0.0231691895377367 -0.0236549065615393 -0.80968156846963 -0.0190449642378467
0.0221339620444352 -0.066672510559893 -0.638145036022014 -0.0253834616792325
0.0726453995021168 0.00831415613778113 -0.436848801118161 0.113918267959397
-0.0190880648527544 0.100991909405642 -0.308943198444601 0.149588474164241
-0.0114361550800801 0.105011529111601 0.337633241855873 -0.143384208987543
0.0557143995184867 0.0177832249854889 0.410718756557321 -0.100942385836765
-0.00888556373738725 -0.0190885076168002 0.651485429761908 0.0750075074794287
-0.0518192484751079 0.0346902898598484 0.832149111780397 0.0630747980892545
0.0229293250774104 0.0937299782685543 0.790799551543901 0.035005237066055
0.0673055099940648 0.0613589316297466 0.593359434233513 0.0405853930070416
0.087790319472798 0.0155902384638395 0.300760303067066 0.0152486758616209
0.0875489526494099 0.0180332033688737 0.0563253823868204 -0.0582404682059
0.101632236364227 0.00528370228388641 -0.251288814854224 -0.0690783461798609
0.0814146989608011 0.0486427043502985 -0.538768822775164 -0.103770958110163
0.019221868006294 0.0449345256160343 -0.788321050140246 -0.0808157152876992
-0.0170904353778406 -0.0287726080297606 -0.831754978951951 -0.129049601900724
0.0336416760311139 -0.0589656659862714 -0.631542786100349 -0.123194117335866
0.06287279008887 0.0173685077824333 -0.435253516204755 0.090717836942593
-0.0332396585984778 0.0906482427362488 -0.31919985599222 0.128607667181617
0.0465125434428026 -0.0835856993632096 0.362486569285205 -0.0345827502797934
-0.0242954458341965 -0.0255796260212933 0.440893476185817 -0.103149861064045
-0.0194148322200519 0.0627490071371824 0.604100465594096 0.182172584782411
0.0430590237157275 0.0681988673180021 0.846546506314495 0.224053106222144
0.0283256320606772 0.0196539616454041 0.812598509523308 0.131511401772808
-0.039804637146282 0.00180183035861339 0.567017698391464 0.0638938630222585
-0.0535803585545285 -0.00122873564145979 0.249701927596732 0.0129715708163495
-0.0431836908656082 0.00904617331723345 -0.0155700231526184 -0.0525337076940959
-0.0370580736183687 -0.00702033850136268 -0.314553658774556 -0.0524650033688822
-0.0213614748110746 -0.0119902283674681 -0.588694368076641 -0.0606660007381942
0.0236151128278468 -0.0336696554164963 -0.78836908379975 0.0064542371919404
0.0817868302094418 -0.0142882136084268 -0.790499614583963 0.0165374980336756
0.024240026669348 0.0248693127147628 -0.637930578692644 0.0184539944064778
0.000342972815760293 -0.0319953029750635 -0.457293993573483 0.124557300167916
0.0372706270644966 -0.0924611238584978 -0.319395819749878 0.169378608174484
0.0387852813367783 -0.0428990303449745 0.363421126157939 -0.0176117803087801
-0.00167289907388514 -0.0151213250662695 0.442496368000358 -0.0928403593457329
-0.0182052500001692 0.0460457781228372 0.57124174372956 0.254408156496266
0.0178999031222783 0.0639648310018387 0.838797816047862 0.326404846625633
0.0216447614666773 0.039112685189521 0.812930315858593 0.199573026151642
-0.0253767485899744 0.0136233365134381 0.551778441932412 0.0948111041354446
-0.030921430103301 0.000581287386798858 0.228032064725319 0.0188669866425621
-0.0205597104376888 0.0106876704005467 -0.0380284006003429 -0.0535034610069636
-0.0125195698267857 -0.00409023975991281 -0.331910010358133 -0.0431150555938596
-0.0027506795602841 -0.00204623860038409 -0.596093504615028 -0.027630693297913
0.0223512168601228 -0.0207134415674437 -0.77115028076388 0.0606240233314701
0.0609701354455105 -0.0198292591610038 -0.764488889579926 0.090991215629707
0.0237939238284227 0.00527467440743389 -0.62641832649396 0.0852473088629456
0.0154165308129777 -0.0259692849773746 -0.450319485869317 0.147455806020633
0.0295757320023164 -0.0541897637662299 -0.307158797778354 0.184131390461106
0.0189349220518001 0.00523512854090415 0.365752444668172 -0.0148100695918676
0.0208457303625202 0.00372633064878542 0.439428434525631 -0.0870098469745034
-0.00937249368077381 0.0255623728406419 0.544040255848122 0.298676775760899
-0.00789978630285997 0.0508113249030992 0.827712108027954 0.391020251706238
0.0125069862808831 0.0593279433523942 0.807838789083433 0.242323903798512
-0.00392957784261322 0.0308431910402609 0.544254773474438 0.116296606332159
-0.00193841528489205 0.00624105082363177 0.214828201469398 0.0230704245212065
0.00830960940206549 0.0128935093601033 -0.0487626723041921 -0.0539282435293435
0.0162041063333716 -0.00412585512161604 -0.341936437182012 -0.034065815027674
0.0205171176108188 0.00682701249170708 -0.596978447417571 -0.00587784065280716
0.0250992439756049 -0.00510917810335169 -0.75792299535575 0.0947616111226751
0.0379315446631477 -0.0199583306349301 -0.742476898131948 0.134293288531636
0.0178695439277401 -0.0147243542199785 -0.614208193568757 0.125138270972398
0.0328095753036288 -0.0217679326287526 -0.441921332660528 0.161472204493187
0.0246683860933572 -0.0113933581433819 -0.29721564437949 0.19244484330042
-0.00324280553691012 0.0521943660090866 0.364190472016922 -0.0253731035329187
0.0378599281675623 0.026172247563675 0.433724343026777 -0.083571916691791
0.00172565073231927 0.00655300963773609 0.536779360714824 0.312625357854964
-0.0301200425301844 0.0367841052957998 0.824478269971433 0.405476261423399
0.00476871210313913 0.0785810927088565 0.802785754458591 0.253543878993051
0.0169443415586538 0.0496644252320987 0.540455655241281 0.126304958114861
0.0299715271608725 0.0124399398215964 0.212750114754238 0.025985103100498
0.0377550826784953 0.0147909735098879 -0.0477063652842851 -0.0537854230355076
0.0462135584295182 -0.00374158241389178 -0.339599063794349 -0.0327988017261395
0.0451843833241152 0.0154362448191333 -0.593639594312032 -0.0007911862756751
0.0288817544825 0.0117630729047396 -0.750766087262245 0.106801326374623
0.0165157434700084 -0.0175669615219575 -0.737244787349453 0.146088658807346
0.0128253244296223 -0.0332091057458079 -0.609457110591954 0.136333743521632
0.0485947265192855 -0.0187223430140381 -0.435580392299766 0.165359335395257
0.0188234354635506 0.0312012305498688 -0.294094075344182 0.193322231205772
-0.0205494331730253 0.0912078284200604 0.364127091685431 -0.0517876316817154
0.0532911249720225 0.0395830849828758 0.423629458002519 -0.081825654163275
0.00822052665162716 -0.00822807429262065 0.558895999021736 0.293649571287388
-0.0462586019994832 0.0256009599208428 0.829671557577278 0.367311760776772
0.000618070656016502 0.093339814789409 0.800464338452015 0.229565269956919
0.0371043243359054 0.0640543605690782 0.545987735426164 0.123489266836958
0.0585240998859149 0.0175404353365926 0.222979871863913 0.028567557932315
0.0625500790740863 0.0160634009134576 -0.0334925546139224 -0.0555397759464267
0.0732777414806926 -0.00403496034485754 -0.327626831735301 -0.0366677116766439
0.0664891256234596 0.0246608078454891 -0.585478757886138 -0.00883877784684296
0.0299400479484501 0.0267278646234577 -0.753635254545427 0.0901426479161599
-0.00352795714178914 -0.0151576289022144 -0.749303195530613 0.122598612405751
0.0083041186812396 -0.0492716355651998 -0.614416616767718 0.11143573984514
0.0620268976399809 -0.0133438228380348 -0.434448148730798 0.155579330618244
0.0113602062813047 0.0666620357160712 -0.294255631441526 0.183768948409655
-0.0258482974528508 0.114362199017366 0.358178889503315 -0.0827360507914535
0.0631311426608306 0.0411971806089363 0.414069224124746 -0.0830985945582374
0.00757059930939114 -0.0204575130599066 0.593385688872232 0.240933718243923
-0.058468393904567 0.0230334415142843 0.842603818660632 0.283740396073826
0.0050420998981475 0.101236709192333 0.798515358392923 0.177683706225574
0.0542981337439653 0.0712717867720852 0.557379540095226 0.105278173000219
0.0797033348487361 0.0202724092276353 0.242498108475252 0.0273069919578355
0.0812734137390374 0.0169485662340896 -0.00880699964221583 -0.0561423256257256
0.094414147868091 -0.00224531170250952 -0.306935173755189 -0.047622341315598
0.0819756696544754 0.0347492586151344 -0.571432716359898 -0.0336447947638706
0.0291979342858342 0.0392817873487651 -0.762562104478338 0.0525200187933789
-0.0179897780170828 -0.017630936451877 -0.775755365796385 0.0716573889290611
0.0123079583774818 -0.0611431617191006 -0.626015039639896 0.0584981076062513
0.0704525373027044 -0.00399206588965921 -0.434545196671257 0.138835901254032
-0.00305054250982673 0.0916616908693651 -0.298701540007257 0.167573331186995
-0.0202299110760339 0.119042557735258 0.347109542156917 -0.115552105156444
0.0644525969713682 0.0308117667299692 0.409424606354722 -0.0883496430666808
-0.000823406564139631 -0.0242506853980288 0.62616115837649 0.161715125337968
-0.0614213799369011 0.0277196238771679 0.844721581331455 0.174413780540833
0.0134055660029348 0.101847408301249 0.796046196363896 0.10628466289205
0.0652790035570136 0.0686673438419053 0.574696518167661 0.074507445341767
0.0892777870895706 0.0190101506700989 0.269531379105511 0.0230041890196021
0.0901734755781877 0.0170487724714748 0.0222765674045998 -0.0563915230682914
0.102934254027359 0.00189588317529832 -0.280127838673471 -0.0586206898970348
0.0859975299365802 0.042936533220657 -0.556262692472124 -0.0651405302984174
0.0254116066133777 0.0450198417796819 -0.774965186629933 -0.00462934232114711
-0.0223844510906329 -0.0236300145733862 -0.806313312643764 -0.0146887014870252
0.0221138066805722 -0.0658968104775181 -0.635433083350562 -0.0228327813955366
0.0708802944435529 0.00719373956951379 -0.434688399790119 0.115312354123785
-0.018737439315455 0.100038868071434 -0.306764581665156 0.148001035066034
-0.0118934255287291 0.104913851043556 0.33504583011708 -0.142738706250565
0.0542367027600359 0.0185961704270122 0.408060414160091 -0.102116265237041
-0.00837740321690396 -0.0186628000182832 0.648044354641363 0.0717633974141475
-0.051875273499754 0.0334429965203102 0.828001152366623 0.0604325166824524
0.0234934828468653 0.0927687397581908 0.784175584094899 0.0308590274422101
0.066135779646669 0.0600939406193246 0.589540497511898 0.0392129804934377
0.0863483447165912 0.014904344198093 0.298459213719968 0.0143215045606517
0.0871012815736908 0.0165839611321646 0.0567253980685226 -0.0570514779072292
0.099452495376961 0.00418335537065563 -0.2493623215753 -0.0686026679058929
0.0809468200402396 0.047369421126698 -0.534704752308571 -0.103129292612933
0.0197646216924177 0.0444219365869576 -0.784029264161695 -0.0779768982634621
-0.0156239232169826 -0.0280416842957152 -0.828458448869903 -0.125610239123044
0.0326301710515548 -0.058792089438861 -0.628475650302888 -0.119617203572567
0.0624558933342148 0.0167692991393287 -0.433032096401037 0.0922954987641216
-0.0332060032236245 0.0887078037286505 -0.317721167064139 0.126665155990823
0.0465042153830858 -0.0839834315173177 0.360839488290504 -0.0347343044735032
-0.0246425570740457 -0.0245987452282259 0.440284407163372 -0.102833258691774
-0.0190542824024823 0.0634667615284442 0.603261331365408 0.179761646183243
0.0434183177647198 0.0681159865795341 0.842134486548791 0.220394614926288
0.0286835994953182 0.0198579955621851 0.808753018826173 0.127300552520702
-0.0400102464578161 0.00189439381392803 0.564169972912974 0.0624858795453195
-0.0538472880911217 -0.00147112935630397 0.247650846618347 0.0135158676021141
-0.0418685722070278 0.00871010157491113 -0.0160863982049588 -0.0525735449024663
-0.0379157507722242 -0.00624178153647529 -0.312119132837693 -0.052713876262137
-0.0213291105492709 -0.0114533939912896 -0.585368197917467 -0.0597496248106971
0.0238973265765858 -0.0329921420303045 -0.782308513107607 0.00745649267146741
0.081821031595678 -0.0140469323381064 -0.78929615266266 0.0187569245251365
0.0246879443463438 0.0251583317551288 -0.635842878987202 0.0191187976112432
0.000148311840248029 -0.0322574783498468 -0.455574828105632 0.123623921470894
0.0364186149097677 -0.0916162201175322 -0.316960639061689 0.167916570525538
0.0388074460734831 -0.04244927883183 0.362070217162413 -0.0180180292293704
-0.00225967497334915 -0.0146979277229833 0.440547782823252 -0.0926519603699625
-0.0174928135323975 0.0455031327744716 0.566938065112429 0.251372633933194
0.0176717570121424 0.0633668924738047 0.835931339041329 0.324006867337327
0.0227320195233998 0.0390246888271201 0.808399525267145 0.197518634592849
-0.0240665919118664 0.013364509016642 0.550568312260323 0.0929037319640847
-0.0309088697525653 0.00126066810788892 0.226923880413152 0.0191411948871819
-0.0193694078391757 0.0110967709682798 -0.0376918411794802 -0.0536248125862146
-0.0136180135483747 -0.00406302871080777 -0.330711991361843 -0.0420983548068095
-0.00148003387805698 -0.00224499342384575 -0.594522901878098 -0.0261262594631375
0.0227799572816377 -0.0202855324666455 -0.767846888782189 0.0626171748468266
0.0615284601082732 -0.0191582260078838 -0.759333206751758 0.0913325803759924
0.0233575180601294 0.00610306406109209 -0.62518127316652 0.0868937988044049
0.0163830854978935 -0.0258345782088592 -0.449518788202848 0.147487733185823
0.0299311812541393 -0.0544147317729934 -0.306812720093457 0.183596630420715
0.018347702721701 0.00400425478240156 0.362450910554605 -0.0142184740872392
0.0206141125102889 0.0052484834768291 0.438804753111006 -0.08711405744153
-0.00945230603579066 0.0259582703083875 0.543432227823346 0.295916089820869
-0.0081712390612502 0.0507035692060988 0.824552421548094 0.388270382750776
0.0132458046228666 0.0592228208898681 0.803254150726328 0.238705018976109
-0.00451751891338965 0.0304928233889489 0.54189739066133 0.115511337428859
-0.00252382912731838 0.00530023464990475 0.213265415151376 0.0221056383471221
0.00808834177169477 0.0123560810087973 -0.0495219153466328 -0.0534089490246763
0.0154787152217012 -0.00340489441959997 -0.339306976586794 -0.0331074564351231
0.0213797704718149 0.00734376336024421 -0.594229708538462 -0.00434863892777832
0.0254347411472495 -0.00510258208011928 -0.75348119947754 0.0981084640238098
0.0387917132942174 -0.019488410929375 -0.740521945825733 0.136523332586336
0.0183652192509647 -0.0138535696261015 -0.612196465737621 0.127030377703539
0.032162544805362 -0.0214275619420859 -0.439408940228118 0.162991069476711
0.0242959281823203 -0.0120396631253555 -0.297066826394518 0.191092344296953
-0.00491190759034953 0.0514853074092503 0.361759944076361 -0.0252509620507817
0.0380376101971572 0.0250035223126861 0.43215289191645 -0.0837374813291422
0.000645371048661461 0.00800490672599738 0.537595920904523 0.308430361100213
-0.0298293567651006 0.0346790878612709 0.820888775613134 0.402962688432209
0.00519766068191545 0.0780982450102709 0.796461729832943 0.24937132050241
0.0169237146277859 0.0485411160730396 0.537307357672927 0.125146900269939
0.0290687113051025 0.0126859555546705 0.210749102899299 0.0261454995469781
0.037323257214623 0.0145202559127108 -0.0483792317265073 -0.0547305752125806
0.0453971788885974 -0.00510393164143406 -0.338209353377848 -0.0304298488863595
0.0452798435504129 0.0151656083839946 -0.589739451748838 0.00054599128327216
0.028288246899719 0.0124089066579336 -0.746585230067073 0.108319171256402
0.0155885857858125 -0.0179671550116624 -0.735325542285604 0.147160283230474
0.0119563118863075 -0.0326069531817366 -0.60764807818596 0.135524321086424
0.0483782181655121 -0.0179516868778151 -0.434188066140533 0.165902851012477
0.0187204468255695 0.030792347618984 -0.293472034762613 0.19127032069148
-0.020274203280625 0.0890612031978196 0.360289605458539 -0.0497755954311232
0.0528614345543108 0.0401582848951837 0.421350092181323 -0.0805950416521517
0.00776263297140454 -0.00725535389210653 0.557426320373907 0.288979995524584
-0.0478908585876501 0.0254001420500307 0.828101827727512 0.363850683003704
0.00062810224511071 0.0917826991549419 0.794900036923721 0.227268549805625
0.0362655677220155 0.0629458403527854 0.543446112616918 0.1212532676823
0.057105312847798 0.0187276340556708 0.221850235895476 0.0282760105497263
0.0631092229933912 0.0151581239702459 -0.0334997427103763 -0.0544372608971781
0.072598023836447 -0.00373028699859132 -0.326217472778646 -0.037101269059796
0.0665042798216808 0.0252386755633608 -0.581567291282033 -0.00788198227713318
0.0318937375177695 0.026310409850191 -0.750260786079628 0.0905729441742448
-0.00290711912020326 -0.0163000533770603 -0.746974703841305 0.125232905774195
0.00908579936083904 -0.0485115355100747 -0.614102283914367 0.112287426606715
0.0625864175870008 -0.0135256185309566 -0.433968200844184 0.158530809482607
0.00978118114673935 0.0662385745883427 -0.292345997372892 0.181389143310843
-0.0254824568917256 0.112691337391955 0.355074832644426 -0.0824039627208739
0.0616906203858864 0.0402033717616863 0.413225799237174 -0.0821748624753983
0.00717718272090329 -0.0191386418282079 0.592545298406074 0.23933917938813
-0.0574967460132783 0.0229489758297264 0.838316035084232 0.280214430010334
0.00495503915321975 0.101136125479944 0.794509859787075 0.174062660693656
0.0546659799095646 0.0697215072892691 0.556450662875517 0.102214019540377
0.077527524393004 0.0197181230186265 0.241991799647275 0.0278532082448312
0.0811211967138795 0.0166081584260351 -0.00875558394807274 -0.0551492442096903
0.0921624376716059 -0.00276541462343614 -0.304941586179727 -0.0467489715686337
0.0810935302056537 0.0335459479128509 -0.569120229647634 -0.030663304460308
0.0299911305639803 0.0383852765461711 -0.759401472325321 0.0552623636735692
-0.0174195222875627 -0.0176135640674346 -0.773527307777587 0.0734826484995383
0.0130650235856914 -0.0610439024926639 -0.62616699047518 0.060934516545332
0.0701527095850331 -0.00415158436551471 -0.433599243770238 0.138904897903546
-0.00301351777955287 0.0906594782544339 -0.297286696603889 0.166120845761226
-0.0206000258876801 0.117016842585975 0.345563112154868 -0.114894120627741
0.0634069675281024 0.0313097973245953 0.407556428686536 -0.0879149029783156
0.000225119234820697 -0.0233717286128652 0.624511157122591 0.158657387630331
-0.0599433539334506 0.0270091196809921 0.840022165281381 0.170697557991108
0.0136221177495117 0.100679965367597 0.790647597553906 0.102737448033044
0.0649400504887108 0.0686203423238924 0.570870371735988 0.0738357730584024
0.0870267885311242 0.0191362428926753 0.269600979454175 0.0222590652612377
0.0897841349115324 0.0170057235749789 0.0222157284156159 -0.0580805917652585
0.101961583559258 0.000677849427168295 -0.277707048627322 -0.0577286657769974
0.0863067923513806 0.0421973330285227 -0.552983369960974 -0.0632139763705394
0.0247070628102772 0.0451384569825367 -0.772315172672688 -0.00311435585850579
-0.0217501992943652 -0.0231896930119823 -0.80302477760883 -0.0137761358713121
0.0216380679896389 -0.0645901111298221 -0.632401440994565 -0.0209245477513768
0.0708234683314345 0.00703369566397462 -0.433871417450086 0.116252046987436
-0.0196205043033137 0.0991277751350799 -0.305777058380042 0.147286658106299
-0.0119187182898427 0.102729858649107 0.332498499102478 -0.142132959010197
0.0544214326070355 0.0178236537187942 0.40665655601411 -0.101892413360342
-0.00839838077465639 -0.017394512028451 0.645845035044379 0.0691019365983685
-0.0507122646783767 0.0339898165693571 0.82236406776215 0.0576605914261522
0.0230376294047779 0.0919993159225769 0.779763056905647 0.0283412295458
0.0662788976921091 0.0591550626771367 0.58699065455766 0.0353850305583044
0.0851921902616382 0.0148956392284624 0.297796936587531 0.0129755660622801
0.0865263734338215 0.0165923588013134 0.0547191940255031 -0.0582443039693504
0.0987678996336755 0.00425177217905663 -0.248284793522689 -0.0677342125505941
0.0810937598871375 0.0459344761311873 -0.533293967934662 -0.100198866067728
0.0202722673040037 0.0442163502263824 -0.780126091614613 -0.0753307439340335
-0.015324072705765 -0.0290102815089973 -0.826315564055783 -0.122353182347068
0.0333810355141769 -0.0580836307566433 -0.627062088344619 -0.117782252270179
0.0615445844108075 0.0169512476237002 -0.432810077731878 0.0928673085878494
-0.0324510095220149 0.08779699918521 -0.31573156572336 0.125154118920848
0.0464643715801746 -0.0836658212567151 0.358679301510834 -0.0351478008650663
-0.0255065151820758 -0.025712317203864 0.43917719798825 -0.103217123599965
-0.0184430666019106 0.0637158720008879 0.601448836334172 0.176929908309252
0.0432367084803539 0.0680610932973572 0.83880119424404 0.218044262206317
0.0281943082285243 0.0197081027555107 0.805435826406123 0.126868737884431
-0.040259140491811 0.00251786217854828 0.562553805650445 0.0609673809686885
-0.0546047974651972 -0.00182649082960342 0.247498636790876 0.013831670881489
-0.0422341459446677 0.00893575392828688 -0.0160386532908974 -0.0524031478570708
-0.0376910613927223 -0.00611825511399249 -0.310595775162189 -0.0526497265778944
-0.0197979271058807 -0.0114918565621412 -0.583592336291808 -0.0580543093856826
0.0243348157444344 -0.0343179527931801 -0.782122539634772 0.0112825477858557
0.0809870033337721 -0.013670948197589 -0.785980790058776 0.0201926432564852
0.0248570000757511 0.0251723847647681 -0.635455889890908 0.0203716445876896
0.00146818380786427 -0.0325595834781531 -0.453505004374122 0.125115078218968
0.0362154583110648 -0.0914552780358539 -0.316583959493458 0.166948306211954
0.0376842452079393 -0.0429750410604801 0.360557712697941 -0.0177265042157347
-0.00186000698553867 -0.0143798499884551 0.440290803461684 -0.0928220860441393
-0.018500667987242 0.0455680096268405 0.568215053914349 0.248322142607215
0.016915546650287 0.0631465538265316 0.833514476701205 0.317585220361942
0.0226525136755918 0.0381638577575442 0.804731516049344 0.193521807253845
-0.0244362387666184 0.0135609957730291 0.549797634492969 0.0920811625654733
-0.0313934368495432 0.000398237323195882 0.224137016064172 0.0180676076609387
-0.0197733690411666 0.010873302411247 -0.0384793180323051 -0.053676824684647
-0.013818588354589 -0.00432713312246665 -0.329214987314981 -0.0411367032218749
-0.00215531837903545 -0.00158098409683756 -0.591702089139092 -0.0253362040689085
0.0236576970136495 -0.0204582241534152 -0.765278158933939 0.064319889621902
0.0611959463525839 -0.0188544205198454 -0.759992574180518 0.0926974179504922
0.0231044328380236 0.00502345351898795 -0.623510600480625 0.0877145311922805
0.0156808575869143 -0.0265692402166707 -0.447869796883385 0.148426866191929
0.0289431793056441 -0.0543510458608142 -0.305096887773375 0.181946816402996
0.0181020046335011 0.0033511707982889 0.361025490804082 -0.0136950604702861
0.0201063415705051 0.00562574782553278 0.437119358963384 -0.0870704379013691
-0.0088217914825019 0.0262858201424956 0.542429340811787 0.292394452162015
-0.00786882078456583 0.0507988559024965 0.821410315078351 0.383132844624669
0.0126660935454488 0.0588599899774153 0.801778916123804 0.237360204551742
-0.00440927285242275 0.0303825746076159 0.538641615923873 0.114429545108155
-0.00277613681860171 0.00636940404822911 0.212204932895756 0.0224069785475204
0.00811726124207273 0.0125450268311668 -0.0504312447935753 -0.0538779286226298
0.0155637464208326 -0.00491808539853129 -0.338558757466011 -0.0331914040868829
0.0210971110905626 0.00634543252715401 -0.593446723973731 -0.00308956641720968
0.0258892010775636 -0.00447050145339287 -0.75082233381333 0.0974679793764528
0.0388115232527312 -0.0198463553077142 -0.738151525821298 0.138626446255477
0.0183833235498418 -0.0141642804214383 -0.610568530882322 0.127383349597579
0.0324660259516098 -0.0221519445093129 -0.438703252227651 0.162090456553145
0.0232247045688893 -0.011396653264531 -0.294883862738091 0.190080144778929
-0.00544086933922954 0.0501772146020709 0.361236957976618 -0.0249954608143014
0.0378831823234307 0.0266545020788229 0.431027646132404 -0.0839374906187657
0.00164629872948002 0.00849181122786127 0.536240386371624 0.305359468693151
-0.0284575223832302 0.0357821837602246 0.816575308343646 0.398515875728954
0.00458137439951755 0.0773264747283047 0.795236285408374 0.247618913216012
0.0156595581512078 0.0482707605518344 0.537854210736927 0.123354089516097
0.0279671929320328 0.0124852744980224 0.211151816706091 0.0257530630578382
0.0360351855518939 0.0138737276174723 -0.0492020810199555 -0.054100840546615
0.0455318489234328 -0.00493062934385261 -0.336483871743417 -0.0306837987356552
0.0460935137733113 0.0150166027317628 -0.587526249022068 0.00282498700973346
0.0275744896331755 0.0108636555018799 -0.745594072826351 0.10956305843732
0.0156814314854919 -0.0179020912299343 -0.732129916778356 0.148735021910163
0.0126883724931698 -0.0313887423671074 -0.605853103411198 0.134732347192706
0.0492069645482984 -0.019270671889404 -0.434245985122917 0.165635533118083
0.0183504697682203 0.0301160385466333 -0.291827989725369 0.190060423547001
-0.0220858185280371 0.0879045952098647 0.359280839916508 -0.0496049371863661
0.0521132810693455 0.0398104837945107 0.421412072463429 -0.0812226638316679
0.00893545945466477 -0.00690731355512871 0.555147564091748 0.285835737248478
-0.0466505144581601 0.0257369210522268 0.823896878155315 0.359063078361938
0.00138215818036589 0.0922480938888874 0.792811510076971 0.225297860004993
0.0357607865938073 0.0637073251035846 0.541752974444333 0.120618156662541
0.0555546197430237 0.0173708926909715 0.220297188583264 0.0283385561938823
0.0622202742211548 0.0143320383799059 -0.0352255681120339 -0.0545739733508078
0.0716850919775104 -0.00464241292876309 -0.32349930268559 -0.0363769257758104
0.0660472209238511 0.0236665872740661 -0.579786570623159 -0.00656636295353945
0.0313388442720846 0.0259452449512229 -0.746987870840814 0.0913438183732588
-0.00264500817351477 -0.0156625288738311 -0.745524027797231 0.126028471913315
0.00963297596934903 -0.0488620576214582 -0.613386187503102 0.114838727362504
0.0623953046163673 -0.012685921113923 -0.431734674218805 0.156978185656429
0.0100133325412699 0.0657211060955619 -0.29207138277832 0.181239597912513
-0.025747857834382 0.111995853685386 0.353789567412716 -0.0827224743573632
0.0621146962031837 0.0406306941398202 0.413359454570895 -0.0830987771334323
0.0070917223428373 -0.0183311757889151 0.59062027577685 0.235517260007901
-0.0573732201555025 0.0226812487698166 0.834954477893059 0.276995151594686
0.00537752867108992 0.100951161937254 0.791780767933549 0.171699791695373
0.0531759567882181 0.0698637570203654 0.554103797066381 0.100740867641583
0.0779831655404662 0.0210631942685987 0.241331586866391 0.0274455840099938
0.0808419873269136 0.0165366455164386 -0.009384435009876 -0.0565143778249852
0.0910486854203313 -0.00286296007594035 -0.304283910131274 -0.0468236349511424
0.0804522052041899 0.0327508684389393 -0.56799980687267 -0.0295920902315086
0.0303797934618366 0.0378848551460145 -0.756222896554296 0.0567243622678346
-0.0166470911560358 -0.0175591801530121 -0.771705204299861 0.0742480058856572
0.0125423378804062 -0.059599194134666 -0.624418601885454 0.0600626469257557
0.0697046433469019 -0.00432967775031187 -0.433262827501615 0.13837865035206
-0.00359488702809824 0.0900716683699857 -0.297422067293572 0.164793800704113
-0.0217673210697145 0.115423901743315 0.343123626137989 -0.114493757179842
0.0617509935460741 0.0307122586162125 0.408004577283448 -0.0871620577746049
0.000957201313345965 -0.0219314919821439 0.624676537729446 0.156608873844141
-0.0594315206371604 0.0275625192559009 0.83622176952883 0.168879733699285
0.0133730599834662 0.100462439710603 0.787862123433085 0.101841461614722
0.0641354364902166 0.0677659177365798 0.570961375169515 0.0722446990498027
0.0861661500346565 0.0190907610009146 0.26869201866096 0.022309696272258
0.0892347277615644 0.0164079713971339 0.0207821851911752 -0.0573404226349801
0.100367966143487 0.000268623831114742 -0.276983537108987 -0.0580676642923847
0.0857317903539417 0.0415900488810688 -0.551616469204984 -0.0618671346934688
0.0254750722332871 0.043642851458935 -0.770253540929418 -0.00128853598903567
-0.0220509330102929 -0.0218457221842816 -0.800708922272026 -0.0109622338744962
0.0215259226735583 -0.0646533323498439 -0.631807089278888 -0.0195377165296667
0.070769836488596 0.00663577354625811 -0.431471248979862 0.115179720348652
-0.0193405918963258 0.0978988533458131 -0.305610804598237 0.145220905275079
-0.0128109157145687 0.10103507656306 0.331632303666723 -0.141956220665244
0.0528908197889845 0.0180353246192331 0.406840667092979 -0.101962809355037
-0.00757967312964394 -0.0165501958826148 0.643916208963506 0.0663412202075635
-0.0511887169405776 0.0344972648654298 0.819039107176452 0.0551503313342785
0.0232601577312311 0.0912512604507325 0.777308417786455 0.0278696163371462
0.0648914856523629 0.0592231097507735 0.586565318302372 0.0359259905056535
0.0835986682913509 0.0149104745748734 0.296709082555046 0.0130683979015674
0.0862573582795819 0.0160025504482217 0.0533934105827778 -0.0581488489858289
0.0990703763049785 0.00330270408860958 -0.247283902960667 -0.0683018351640411
0.0800122887654615 0.0456918560201346 -0.532083965932738 -0.0989472502079444
0.0198370034359977 0.042112816899843 -0.778293881610691 -0.0749803818395547
-0.0153831353437081 -0.0281489660933653 -0.824636510645444 -0.121885528426116
0.0331812734494873 -0.0573001078731498 -0.625682195667361 -0.116198299806241
0.0606003171850744 0.0167938311879163 -0.431852158153578 0.0930198909286021
-0.0330133829266933 0.0868064654659313 -0.314509630771369 0.124467478742316
0.0289835347202983 -0.0874598533448121 0.3635630046055 -0.105864445376577
-0.0290278513057671 -0.0223446880924323 0.427381415433359 -0.188127218295644
-0.00168974932020314 0.0613559415490627 0.630017407525229 0.0646992910857373
0.0645571805386236 0.0484796504713186 0.878468000850951 0.0677657438763441
0.0383684569275906 0.00363795534219671 0.828940843636495 -0.0254103696688355
-0.0370962002259182 0.00251666726055334 0.569538358869601 -0.0431816216037893
-0.0516620355307546 0.00811791622244671 0.245217530391963 -0.0338528335012341
-0.0390313212626198 0.0149991588738464 -0.0261167332500404 -0.0495409464956449
-0.0403435745657417 -1.89636361826381E-05 -0.320909194858332 0.00653378030336171
-0.0269530813449232 -0.00954923712581988 -0.601744024709262 0.056526853012044
0.00740389166141313 -0.0396702222613919 -0.779938093156959 0.167939110490523
0.0654390375617301 -0.0370352836341089 -0.785884438234878 0.181296882458325
0.0221279870174925 0.0141890543886693 -0.636685311127768 0.149785749579208
-0.0116492057573391 -0.0366546170637913 -0.43210740552198 0.223080408499537
0.0133162000797523 -0.0971860335255398 -0.285495896707733 0.231773613683153
0.0286881860306175 -0.0475032687028989 0.365756533864238 -0.0876658620187677
-0.00511571311015445 -0.0181003338947687 0.430443492504784 -0.177648051767464
-0.00368460831155635 0.0446721114537117 0.611982644207132 0.141782504297435
0.0407372893359883 0.050288242856157 0.88908778257301 0.16849682245706
0.0367216940712845 0.0235562279931081 0.840323906786272 0.0427157427815815
-0.0189858438519471 0.010085253497888 0.562646370155697 -0.00850792435127098
-0.0298902435134094 0.00576981533670661 0.224547253551121 -0.0230603445424338
-0.0180936374752342 0.0136489730729138 -0.0482757728086003 -0.0457335290348868
-0.0161507849326097 -0.00169817986689691 -0.336456829949735 0.0206153276971218
-0.00722081329503773 -0.0036862957432089 -0.601932530099568 0.0919597760225969
0.00955405102822443 -0.0262931299201526 -0.753907051570631 0.219816316490479
0.0452024198937865 -0.0374234147094079 -0.742709646636394 0.249295564398936
0.0179270405658825 -0.00355351220980381 -0.610003029987602 0.215230831635662
0.00422894161803287 -0.032637896287308 -0.418723123281296 0.245143311154564
0.0128993521088668 -0.058933160331938 -0.272576343021896 0.242835475798902
0.0184828289924536 0.000296742881280943 0.364753180516131 -0.0835880226675298
0.0194420427468114 -0.00284103814751942 0.429105881968137 -0.168417834119507
0.00092611408805909 0.0251513176560938 0.595058427440323 0.19116464512573
0.0145110758603107 0.0445823350933073 0.889973878470582 0.235944865533942
0.0332294897620049 0.0449518644506666 0.841749168741903 0.0874796061526791
0.00330062246735026 0.0236712346784477 0.556123337922316 0.0155858692582549
-0.000738673935888811 0.00569346257003072 0.21319726765737 -0.0143476696909801
0.00911883967504678 0.0100906248796977 -0.0602949024048871 -0.0442299826714726
0.011242272752852 -0.00719524513527435 -0.343844948454195 0.0312038769628687
0.0162309512488818 0.000770662788914349 -0.598855674398974 0.1152981703664
0.014155830813817 -0.0104089600311648 -0.734149892194834 0.250749423049528
0.0240746608799628 -0.0325362174553107 -0.713701213670961 0.28910760975759
0.00858368386834363 -0.0214052613078502 -0.588840170944747 0.254468968848146
0.0211620931321003 -0.031838374993375 -0.409650725636612 0.257628366070925
0.0156610566077012 -0.0154333951843574 -0.262237920129438 0.247742754133655
0.00504428296134631 0.0476392770052863 0.360488227406192 -0.0932022627547234
0.0405722380648136 0.014789273017437 0.42188452947322 -0.163206088044719
0.00738927353793024 0.00634153555725005 0.594246769596716 0.205020291372677
-0.0088003378784885 0.0348335815959361 0.888177154420814 0.246582410833605
0.0282007860063713 0.0638820181609918 0.836576811365901 0.101086095495457
0.0265129880392626 0.0372260896010624 0.555407104345117 0.0263822553318697
0.0302994979336639 0.00585531693494328 0.212558739123006 -0.00870283846023959
0.0381165069184905 0.00670137394347974 -0.0583739096887863 -0.0444705449494133
0.039697857489756 -0.0135657393705127 -0.342356524312661 0.0319555954550944
0.0411503468035339 0.00494604659963115 -0.594428836986411 0.120331891791099
0.0197297180045995 0.00399936663927383 -0.726043201879485 0.258906752682805
0.00221918586165796 -0.0265445219989038 -0.705278872182511 0.299175007353366
-0.000437645841057901 -0.0366437201608777 -0.582368262221423 0.261904383501053
0.0371864164845391 -0.0307084855879483 -0.403101002753952 0.260979954484258
0.0179493206134791 0.0260422503035912 -0.259248873965727 0.243211294949953
-0.00446113192558692 0.0865122541609847 0.349942937626449 -0.116273958200565
0.056877196267172 0.0236733643165473 0.414223133148186 -0.158886223436664
0.0105633674605643 -0.010475963235833 0.611552538849243 0.18214295982908
-0.027934894135139 0.0282099480399793 0.888901245783403 0.206638026097751
0.0280908769206606 0.0792093421223529 0.829971859841121 0.0795770471659821
0.048581572735047 0.0470490520046123 0.560453942030615 0.023587726204452
0.0578072854450709 0.00430366412765455 0.223718063748082 -0.00663202090567752
0.0624748447637628 0.00405202450357465 -0.0438220525686498 -0.0484367877054242
0.0649715330154183 -0.0172357122776439 -0.33238473975477 0.0236983676266866
0.0627535648768327 0.00859337054122045 -0.58951769111606 0.108431199367299
0.0253458002278767 0.0172140128095153 -0.731732637045659 0.244558051783431
-0.0159501640349283 -0.0215215817736223 -0.720997903544656 0.278117917467579
-0.00663055046495824 -0.050853256586076 -0.592177803145651 0.240866411646052
0.0518652241782275 -0.0291644252846006 -0.405093911871025 0.251999474178516
0.0171229084835111 0.0632918821358724 -0.26144272795837 0.232831919908613
-0.00444158501793098 0.108247605698658 0.337893740867037 -0.148209666775277
0.065857889843872 0.022469695847065 0.404584905512196 -0.156393046976409
0.00836067288750097 -0.0210031335929079 0.63590987102492 0.123565763171027
-0.0390906388317929 0.0270824100628182 0.884028594819731 0.120348900473152
0.0321103345043899 0.0853563005777154 0.819922978193772 0.0261893126184327
0.0665514583238333 0.0502374157056554 0.570318159688232 0.00540735556562356
0.0787035915584703 0.00309891005288049 0.242668030963744 -0.00811385356853637
0.0811049299216995 0.00211303487300194 -0.019801839077176 -0.0532343108948754
0.0844826646680312 -0.0195569334257428 -0.315319600128177 0.0100172645709716
0.0787946267088529 0.0151256981706031 -0.581002340223784 0.0831536415338427
0.0261386784127725 0.028556052237193 -0.748839574261359 0.208543764501932
-0.0283793061881986 -0.0219500969263956 -0.758350896148031 0.231565366487951
-0.00465890062447842 -0.064926014659695 -0.614354825643939 0.188944303150827
0.0613928693788372 -0.0213995077350917 -0.409267110435575 0.233342972138802
0.00793947033022683 0.0886017731867765 -0.269927221402441 0.21695963209293
0.00145086589378154 0.112803594757419 0.320393153048108 -0.178137442757995
0.0638287415246475 0.0140247552587283 0.397399176180385 -0.162680174047232
-0.000577368039166873 -0.0235122803854831 0.654430508594002 0.0360837254520862
-0.0412237242645809 0.0310776599913274 0.863599585254396 0.00970570407206092
0.0389493852422255 0.0830843689888647 0.802509221320685 -0.0434211853478318
0.076090000735709 0.0464036110995852 0.57995067917365 -0.0262365218271164
0.0872557715513486 -0.000331737759217731 0.268934369002878 -0.0180275349460583
0.088038880113864 5.42169691821175E-05 0.0106749947543796 -0.0592669594428666
0.0941917692667385 -0.0186544763530771 -0.289234442713349 -0.00566804189688455
0.0856763695199043 0.0216440097856185 -0.571595418586793 0.0467416346270851
0.0227800161913289 0.0340201648705951 -0.772580082255063 0.151563518169314
-0.0329848864285542 -0.0273444655832163 -0.806455391154157 0.149716416482155
0.00464787478266735 -0.0705214452493522 -0.638954295667708 0.110249592025115
0.0643074788189684 -0.0110411867489377 -0.415610102935923 0.209511566783657
-0.00566430892186686 0.0987485859301582 -0.281549361652457 0.198743425274457
0.00553536587195087 0.0968729890950373 0.305635128812973 -0.204291030107889
0.0532260294209778 0.00361891208054667 0.394526774121087 -0.176917891811807
-0.00842486575387136 -0.0178266533392499 0.657449926604581 -0.0568851327039504
-0.0332008851312303 0.0340127784721813 0.829895870478971 -0.0991423425168178
0.0457704260587543 0.0721667133165208 0.778718738333372 -0.113928977078262
0.0740808242165974 0.0365211473547976 0.588573635122033 -0.0666383681195619
0.0842644842634743 -0.00395974030774892 0.295405013640746 -0.0317527543547765
0.0851027162926529 0.000255297463498643 0.0418103241922639 -0.066780446231272
0.0923049312255297 -0.0140635415097346 -0.261849722723053 -0.0214205789088677
0.0809048766378826 0.0264931558505287 -0.557819252511224 0.00512453463268212
0.0182433053637081 0.0323018666988618 -0.796029837205805 0.0832730237222169
-0.0280132674186512 -0.0351153482211621 -0.849590870946331 0.0453321318907252
0.0160667413787502 -0.0670694008643632 -0.652953878508388 0.0119407773220835
0.0571567291218297 7.42431403855937E-05 -0.418307527529975 0.184528158610218
-0.0207624360834325 0.0906541379171148 -0.293783452354486 0.180462318655644
0.0285290034777099 -0.0875804054766502 0.362866235571023 -0.10644077505596
-0.0291877581194546 -0.0223303474788063 0.428723708508058 -0.187495265702481
-0.00211108019457874 0.0612795808635984 0.629788782304398 0.0641266352762297
0.0641690102631927 0.0482110386322004 0.877411282463709 0.0664143689811831
0.0387646166334011 0.00322878833184793 0.827570664987482 -0.0283156202317225
-0.0358887635975967 0.00324402662898342 0.568369038790769 -0.0450790781131486
-0.0520827846857052 0.0083804341376579 0.244647958430553 -0.0338284965881708
-0.0389784545794402 0.015259189471168 -0.026271521703758 -0.0495080518067243
-0.0406889262433964 -0.000203319934059002 -0.319992543535397 0.00614851517642685
-0.0261948306076221 -0.0103687090593065 -0.599977569134688 0.0601367739029652
0.0079726750740565 -0.0391087804963135 -0.779035792664295 0.169114354219191
0.0656760565647961 -0.0369669023863118 -0.784844350684748 0.182196369155879
0.0230133052170961 0.0143120122932265 -0.638318630436084 0.150442701532345
-0.0112016882135453 -0.0375066739663344 -0.431917749999778 0.224171118213166
0.0131770113421695 -0.0965926878736363 -0.285295227875387 0.231103766770259
0.029240797049248 -0.0481363123938724 0.363441729639273 -0.0865223027633984
-0.00414836995639798 -0.0177553863267442 0.430010057094596 -0.176827556984687
-0.00328240355779205 0.0454144424183592 0.610672845437948 0.141509709787882
0.0406320354290048 0.0502266327945155 0.888656121330295 0.167721790740959
0.0369241011121798 0.0236755684093705 0.840838305266326 0.0429570373275859
-0.0198931701685213 0.0106161418289129 0.563496191373438 -0.010196976599191
-0.0308190606873719 0.00593822176922633 0.224327964193285 -0.0231831565257247
-0.0172776504315905 0.0131578322579367 -0.0486664273153178 -0.0460304651393428
-0.0172795620944678 -0.00276022550880617 -0.336443430115937 0.021042794818726
-0.00659223837776648 -0.00416675862466643 -0.60158125128943 0.0925740838256126
0.00974019122985446 -0.0260624041620996 -0.754979566216467 0.220795412809434
0.0461899247333463 -0.0379145945732429 -0.742605650242273 0.249543974334395
0.0182709080156228 -0.00339188101032856 -0.612329944062619 0.21664093891816
0.00412268914314391 -0.0329716127978323 -0.41921915410419 0.246174246628343
0.0130738802255303 -0.0584701786136113 -0.272117952611039 0.242992411546665
0.0179555271600886 -0.000381418283067623 0.363434122638857 -0.0828798946813293
0.019756722323834 -0.00310405702237754 0.427803060129316 -0.168519975536488
0.000976447854947314 0.0257534895396859 0.595284463892403 0.188433255272842
0.0155671513711513 0.0442040529868644 0.890388100639221 0.234060417853358
0.0331210908584251 0.0444412284114182 0.841605770055604 0.086647110402137
0.00273815403061391 0.023211356651997 0.555409112802726 0.0161166323253555
-0.00187515914359622 0.00586317986334799 0.213370663063692 -0.0138903486464763
0.0089029689019014 0.0106105393353824 -0.0590105504889856 -0.0441555518986152
0.010348195568045 -0.00718357956534277 -0.343707994883506 0.0308780758709959
0.0165494475379642 0.00019409595841411 -0.598944050854499 0.115757477146663
0.0142288998604767 -0.011346713020766 -0.734377198975928 0.251805875631028
0.0230508866358728 -0.0330726122519416 -0.710713106507032 0.291738309524145
0.00895014306624758 -0.0204461387761404 -0.591268123576091 0.254138410317074
0.0211464416530638 -0.0321068055255438 -0.410052679393117 0.259034153125147
0.0154822133688425 -0.0156837157318516 -0.263137532829514 0.247170785062231
0.00403739029655399 0.0467162597216255 0.358464054769546 -0.0934372475164828
0.0401082828644989 0.0141651173781759 0.423386095287701 -0.162094799589317
0.00811141390158802 0.00721365020294535 0.594545245514364 0.203214194195026
-0.00883982280713191 0.0355197934999544 0.88853096821403 0.246340568379862
0.0285069321838196 0.0644426677090793 0.836277198754234 0.0994372254690443
0.0264474874454077 0.0364626344090866 0.553507543259804 0.0267425624527004
0.0301011210128139 0.00625114406257312 0.211597495530823 -0.00799802175930571
0.0374615622703707 0.00716632408579023 -0.0589470637298166 -0.0443995874756784
0.0392711462989552 -0.0130265328548497 -0.344068302745356 0.0309927249110681
0.0416043714352939 0.00477430720414545 -0.593395514450631 0.12026575359326
0.0195076551700202 0.0029639898200407 -0.724865041745359 0.261619114137486
0.00258073110461388 -0.0268121544211869 -0.706782194456197 0.300092128357561
-0.000221939251431883 -0.0363949524553136 -0.583210859566462 0.2628633688596
0.0374593678562002 -0.0312866662941395 -0.405004132782068 0.262231495049623
0.0182966542817106 0.0259646367583628 -0.259714342294432 0.242803506890781
-0.00481435908646933 0.0862852899991874 0.350124921709401 -0.116930148910874
0.056382289076127 0.0245950706208146 0.415820520481548 -0.157374430473487
0.0120747889885705 -0.00910890421132021 0.611073123623682 0.180686196607746
-0.0270840659395844 0.0283316247920775 0.889726631503802 0.205055671873625
0.0283509964031942 0.078738310236192 0.829478584410791 0.0784869978683409
0.0481464305384141 0.0473122564893477 0.559627004408867 0.0233933050421911
0.0586558015653644 0.00562011141154613 0.222634328839926 -0.00577930612767494
0.0616615776283513 0.00354405788200533 -0.0435738109787138 -0.0476401523128267
0.0645597254583689 -0.0167750194393147 -0.331730362202799 0.0242201993663138
0.0620014326614642 0.0085160477104163 -0.587359921791447 0.109211187070606
0.0251298528466798 0.0163761572830208 -0.729939269787153 0.245985392931147
-0.0157957017805809 -0.0225247099543646 -0.724103055616657 0.279281846892574
-0.00567314163283794 -0.050967949841336 -0.593160020348381 0.240268398437691
0.051830451012958 -0.0281729232037178 -0.405094840234238 0.253248381177477
0.0164502020957597 0.0625733174538057 -0.262496162990471 0.231571843886623
-0.00558323093535002 0.107612069926712 0.336698928326892 -0.147629426916152
0.0654380267531474 0.0238160160563308 0.403850459780235 -0.157265574712551
0.0082933131782594 -0.019351597786274 0.637999321948017 0.122049860866858
-0.0386889587123233 0.0275833514434939 0.884183692433532 0.119095014971522
0.0328194808096842 0.0855790492789767 0.816685853291933 0.0246900592678958
0.0658998225573148 0.0504506437207317 0.568192148506475 0.00470456830546903
0.077939368097186 0.00296989729795708 0.242583086412714 -0.00869231004978507
0.0797330841305044 0.00190449426239474 -0.0208780740691141 -0.0534885234428108
0.0833003052736718 -0.0197989404605002 -0.314852614294308 0.0101366715798452
0.0787945161518761 0.0148517216488491 -0.581336831422881 0.0838858077995379
0.0264962674283851 0.0273511939270309 -0.74652536796313 0.209989106237295
-0.0281502325160166 -0.0220394730280259 -0.758798480230385 0.230654402910903
-0.00440308232555495 -0.0632959124573085 -0.615632754088293 0.188143480864073
0.0622953049584345 -0.0217774571636119 -0.410439859328093 0.233731311844751
0.00773599453119361 0.0884738404066575 -0.270447273546021 0.216521485923742
0.000518541992327697 0.111839264489169 0.321329019821791 -0.17840048532936
0.0639303273100265 0.0152310731301757 0.39835399507961 -0.16189706237823
0.000444286716447931 -0.0225556737683358 0.655676679198694 0.038072268114819
-0.0407917779608414 0.0306383670165599 0.865623286936018 0.00879701215004883
0.0392263384490391 0.0822347361798864 0.800800386055955 -0.0432869502868806
0.0748925264210908 0.0450242229022842 0.580768149868175 -0.0276292030686095
0.0870767418759757 -0.000780772217335106 0.268855779591133 -0.0176361151107173
0.0875121817557159 0.000641969544196201 0.0103502832635098 -0.060141442616069
0.0926780304648835 -0.0185688143176187 -0.289630938224664 -0.00570504290921705
0.0854868260492621 0.0214569497934848 -0.570091711972005 0.0478094011343602
0.0230252145321494 0.0333354792010778 -0.772266846758358 0.153339784295063
-0.0333451839374253 -0.0276524839098651 -0.805975751250822 0.151242574021265
0.00506025308599868 -0.0701892468719782 -0.638650449590799 0.111143220595217
0.0642459844933247 -0.0107906927725243 -0.415588018331545 0.209488661301387
-0.00622815334037672 0.098718167205781 -0.281407676922784 0.197304597001993
0.00499408433380368 0.0967556975169901 0.304115785111539 -0.203922268399033
0.0524949262136127 0.00410617824287123 0.395592760520939 -0.177894600823104
-0.0074698285884357 -0.0166353223093225 0.657380623941933 -0.0588233206418115
-0.0330459686502173 0.0347369528826067 0.828607915101624 -0.101532437204502
0.0458145744047446 0.0717026589964478 0.776891476550062 -0.115558862708028
0.0746705050455704 0.0370113687641792 0.590625066408419 -0.0681457792686092
0.0836207574089784 -0.00456415319444266 0.295492519447609 -0.0316199077859423
0.0851953443076186 -0.000472600778091988 0.0415553653712376 -0.0672374724955733
0.0916122437284933 -0.0144583039545706 -0.26123361626952 -0.0225748554263672
0.0803948216037942 0.0264562441850103 -0.55774520955139 0.0061134559996185
0.017426356033008 0.0323179679551476 -0.793886370899264 0.0824678535704292
-0.0270131521848269 -0.0356148277773386 -0.8501396205054 0.0483103740111038
0.0174365366664235 -0.0673229755094878 -0.653059158165499 0.0130075898671278
0.0558724124031808 -0.000673563269923738 -0.419190631714736 0.186280320476119
-0.0211415836652313 0.08969675055853 -0.294002413640654 0.179477000059714
0.0288104807279153 -0.0879650835727267 0.363591800690763 -0.106393495838774
-0.0294127002240571 -0.0231264890073414 0.428408024714848 -0.187802089367312
-0.000839704490729981 0.0610195603305285 0.630753192764386 0.0614312461353805
0.065005111733729 0.0483854665961493 0.878577987862263 0.0649909804786601
0.0385369521236424 0.00308321961737892 0.826365114686163 -0.0282851303615095
-0.0377224946384489 0.00308734640821959 0.571352228106919 -0.0453863061894953
-0.052374001906264 0.00868134021452493 0.245746573136012 -0.034088541323952
-0.0398147554676792 0.014637335638852 -0.0267646333104297 -0.0503837476656088
-0.040108757627439 -0.000448945438617376 -0.31904391018079 0.00550735377014243
-0.0266544565341977 -0.0103338777254053 -0.600496900018971 0.0597955719413579
0.00808302166438482 -0.0395427393153674 -0.782092553955228 0.170499507078171
0.0658829070834132 -0.0369056385531297 -0.786148412062058 0.183807041118162
0.0228622017358496 0.0141899599928179 -0.640317455545841 0.151682435046272
-0.0110200750764877 -0.0381630547696229 -0.431585296601547 0.225336183465543
0.0129028953267975 -0.0970377811365609 -0.286549720957356 0.231664041757333
0.0283125130881176 -0.0475258244989831 0.364831167123359 -0.0896980469885181
-0.00470638901003555 -0.0168338017912463 0.4315665208877 -0.178362864996141
-0.00315132808479125 0.0460181450927979 0.613642539067634 0.138001793757648
0.0409916629436246 0.0505005507245991 0.887437464796618 0.167581638470741
0.0369862366396185 0.0221944500968709 0.840651355232967 0.0432748524726992
-0.0196994251379943 0.0105020630043918 0.563782348115743 -0.00917017222494354
-0.0304895849866251 0.00680600112430288 0.225033473999088 -0.0224600801594459
-0.0176025997035837 0.0136303043481362 -0.0487682167881499 -0.0466988477912456
-0.0170035215363151 -0.00222483575573408 -0.337239847535049 0.0205182765916196
-0.0067221326829251 -0.00442838695309171 -0.602480101920997 0.094827163314385
0.0100989403970055 -0.0261248031167224 -0.753459192013932 0.22201753005474
0.0450836439300722 -0.0378583498068651 -0.745067577705055 0.252899941872435
0.0182994081441395 -0.00308522501202276 -0.613246731580402 0.218110004241982
0.00511526366485148 -0.0338538090367188 -0.420758127257874 0.246845358134261
0.0129564785977035 -0.0582260213754285 -0.272232352213157 0.242430830829384
0.0165861968379486 -0.000909499061005927 0.363833320052797 -0.0831271863347449
0.0194578557902203 -0.00192553991766449 0.430405101373727 -0.168676822627605
0.00124551542463832 0.0265483416652373 0.596904811605401 0.187660429071811
0.0150851875888294 0.0446927922449427 0.890568309920162 0.230990250491065
0.033425999363799 0.0447002229238603 0.841367391259976 0.0864156418333086
0.00307678262477372 0.0234041476582695 0.557761073704951 0.0153901787841196
-0.00216612850854262 0.00566058129677863 0.213473248895141 -0.0141183543023509
0.00950929545929429 0.00996371153235986 -0.0598618653204264 -0.0444264101561052
0.00973813797305128 -0.00791891385659408 -0.343052272569082 0.0305259171606881
0.01749805103706 4.23707808883921E-05 -0.59925223199792 0.116337996376761
0.0147195999272783 -0.011992938246774 -0.734337871276141 0.254262888820779
0.0230125964601427 -0.0329267162591806 -0.714285931525829 0.29365643529832
0.00948628770681428 -0.0207831773006396 -0.591217923487528 0.255862696189035
0.0213002774302965 -0.0318802774884445 -0.410364028709486 0.257727665417887
0.0160538126737252 -0.0156711752136961 -0.263513575411235 0.245996744236104
0.00291666612443314 0.0468283035990898 0.358405615766114 -0.0938829045150385
0.0406862525188788 0.0145046703731584 0.424816896440479 -0.160884553620136
0.00817230627793217 0.00790778992613873 0.594087506341712 0.203250396727814
-0.0090226435796827 0.0348763712215018 0.88765634675246 0.245873635491888
0.0286168509765652 0.0634769923645362 0.837436701402379 0.0985141121931622
0.025814977618796 0.0370109589636574 0.55548252260217 0.026697182634708
0.0293789412916944 0.00602141333757152 0.211905995696965 -0.00812856577713769
0.037419395105883 0.00708183679002909 -0.058151379170014 -0.0440640931291432
0.0380410961040477 -0.0135759281207014 -0.343574663183547 0.0310367444388559
0.0412408379535772 0.00405702784859309 -0.593719085180564 0.122137338945641
0.0205630600440344 0.0026846773509417 -0.725792535423357 0.262893219097485
0.00202359968274375 -0.0271709220761831 -0.705999344266236 0.301731047382104
-0.000641246492814128 -0.0364671167408613 -0.583321083086638 0.264198065476852
0.0367361486947316 -0.0321537618406529 -0.403978757582556 0.262733609270711
0.018063574231068 0.025486972529297 -0.261045328463419 0.242796193929168
-0.00550087668538415 0.0852057016342472 0.350451840430549 -0.117689021758857
0.0556630305193757 0.0240555188387878 0.414205030177759 -0.158479015444565
0.011208536877594 -0.00863712307888036 0.61205643034963 0.17882510182955
-0.0275400039034403 0.0286136491327984 0.889055163146991 0.202728351838013
0.0276244398407867 0.0785858599538776 0.829683716869233 0.0767010569219139
0.0479535872189346 0.0468917241702112 0.561339796157631 0.0229480215323602
0.0571730169226099 0.00556697300114545 0.223147049664162 -0.00509834248151887
0.0620807730778451 0.00392644589955663 -0.0442305825511247 -0.0490317794881462
0.0639769157177989 -0.0177496980641817 -0.332802671010296 0.0242686792667044
0.0628617447346297 0.00822064871630625 -0.589485639395168 0.111616043926874
0.0252807527239719 0.0170297151903526 -0.731153170827324 0.24617878231764
-0.0155165569150082 -0.021647746805272 -0.724033410204294 0.280779720798476
-0.00561612015817268 -0.0512829864703955 -0.594929766681857 0.242425584951863
0.0511862295568235 -0.0291241879015299 -0.407302079783796 0.253592993177748
0.0157237184245337 0.0621074886025729 -0.263939183760431 0.233421120761011
-0.00686766820592248 0.107843616494541 0.337302354525546 -0.147026528101559
0.0646072336164836 0.0240891951360765 0.405876872247671 -0.157381043672121
0.00882068167480373 -0.0198765540925498 0.636120489001837 0.119409381978574
-0.0391530762774217 0.0271801203315776 0.884575961931735 0.119261289793989
0.032657711121411 0.08499147017326 0.818921319818805 0.0245416433155389
0.0649328419976857 0.0494730047194931 0.569293415331941 0.00307337311146038
0.076791508667088 0.00278832271551157 0.243091756117299 -0.00799092396385045
0.0798224851958913 0.0015961778156543 -0.0209319994099934 -0.0538192188940951
0.083031088616131 -0.0196285749774436 -0.314299321924508 0.00929182384671011
0.0784594987266617 0.0147208799088622 -0.581650146533577 0.0842896387081714
0.026316068600874 0.0269338955158883 -0.74939240367336 0.210240727384905
-0.0286771370615408 -0.0222110660402056 -0.759472069843685 0.235298705848449
-0.00412705435863689 -0.0634682298543991 -0.615975325969772 0.190540587968327
0.061558914492436 -0.022156088299844 -0.412693512751314 0.235170027629241
0.00798930148528268 0.0880244088564721 -0.272764691588409 0.216473692517611
-0.000581072292377657 0.110462396893108 0.319796131675046 -0.177140925064072
0.0634661866410253 0.0156667881146345 0.399075574513502 -0.16234491467815
0.000624662434222852 -0.0219554931610944 0.65597779487071 0.0358960771155129
-0.0411971413988805 0.0305665111334189 0.864319759427989 0.00918225706522078
0.0393811156968479 0.08222421070398 0.800906149905109 -0.0432216269332239
0.075255567443839 0.0452790217488384 0.581847807748574 -0.0284006916811823
0.0856090950716299 -0.000979576484318637 0.268818780313404 -0.0179227057958786
0.0876900848859886 -7.01320625101269E-05 0.00888028833384835 -0.0597493321317322
0.0930568227743953 -0.018036241878713 -0.290200770242763 -0.00643212899647118
0.0849899574998929 0.0209355600393973 -0.57250803902738 0.049165536892536
0.0238674982076551 0.0327878074674767 -0.773158453074673 0.155748958654932
-0.032945013734607 -0.0280196732480233 -0.807710556578515 0.152494717831601
0.00516600307062701 -0.0700560784948915 -0.641795553069328 0.112745153605467
0.0640352780423236 -0.0112295641925212 -0.416902650759429 0.209377238299836
-0.00662810184360152 0.098587781191569 -0.282168411336327 0.196897515609985
0.00323977992719177 0.0959177689698113 0.304450192117718 -0.204124087644298
0.0512875243637923 0.0051174950667656 0.395642468529921 -0.177150132632348
-0.00660381683701304 -0.0166115675539929 0.65713142746983 -0.0595829919958009
-0.0323711588670684 0.0349035916844488 0.827806562854434 -0.102472854811293
0.045282796709012 0.0716694175355689 0.778170124761387 -0.116570428588891
0.0734611821992262 0.0369038487300401 0.590720946443207 -0.0695630788029011
0.0827982409990262 -0.00391783598576429 0.29566870186715 -0.0318021141882422
0.0842294568541545 -0.000343064699633234 0.0412205576145897 -0.0665710810060792
0.0906905943726645 -0.0149334824899069 -0.261900120210768 -0.0217039162304499
0.0812083536955568 0.0258771537204116 -0.558948060742309 0.0066462336425174
0.017238223294976 0.0317409606306221 -0.796640776172234 0.0850087245238587
-0.0267127921506001 -0.0353943978744301 -0.850026452974938 0.0473450120679402
0.0175534417629666 -0.0670206468606666 -0.655238372589646 0.0145696156644429
0.0565633707228347 -0.000135039256296647 -0.421690870342133 0.186038945772516
-0.0222697601801508 0.0887485885603438 -0.29536524079722 0.178507466864942
0.0285718502348992 -0.0885978290704067 0.363683014928968 -0.106957016662249
-0.028566646229461 -0.0224229137359828 0.430378905801374 -0.189143479514862
-0.00142971095781943 0.0630475353124886 0.633925181423916 0.060320027806288
0.0659302610292626 0.0480721540290711 0.880144135515563 0.0639398799857685
0.0388104178845825 0.00360682877227089 0.829392193906979 -0.0273203189164253
-0.0380910953328456 0.00372472392355184 0.572035388341648 -0.0456082707482398
-0.0531426518020728 0.00954850795213407 0.246347285464999 -0.0333035631969722
-0.0400987586773169 0.0144101687169845 -0.027890028687367 -0.0510046497575201
-0.0410644693579843 -0.000393919681513252 -0.320148717630502 0.00554437507922601
-0.0258037037738845 -0.0103156353341389 -0.602470818112554 0.0620281860209172
0.00837885259375888 -0.0393696798358261 -0.781723097261542 0.173819157261868
0.0661285176100448 -0.037653217561091 -0.789216756236137 0.18601591153821
0.0232560091982337 0.0134645111252802 -0.645368435402262 0.153703651322971
-0.0111569694010777 -0.0383195107717403 -0.433722589912616 0.226319709522694
0.0132980342978003 -0.0970226741599313 -0.288685883709043 0.231766308857597
0.0271169075968545 -0.0484263059806191 0.36557049068768 -0.087621150724674
-0.00532693445591673 -0.0168035820437618 0.434012365264033 -0.177562727639967
-0.00359595533160197 0.046461427279839 0.61312717048557 0.137928432854507
0.0414871153962181 0.0495940780143814 0.890399844278145 0.165549481607144
0.0376190470434166 0.0219017760807908 0.84283929276694 0.0418804278725153
-0.0195970514765524 0.0120535879187845 0.565740093529407 -0.0120766750779641
-0.0315328665248514 0.00706018287258089 0.226010034834254 -0.0222749489389456
-0.0182955571632203 0.0133066648111664 -0.0493765539407047 -0.0472167120741414
-0.0176792594538165 -0.00273278674829433 -0.337464837463948 0.0206034394804022
-0.00678786652692051 -0.00454252774641701 -0.602708093399731 0.0955979491578758
0.00965163409770249 -0.0268036702967214 -0.758237904745505 0.225441614526388
0.0453443396289153 -0.0381000681768081 -0.746866893707726 0.256407553809816
0.0185758673786558 -0.00293571735069102 -0.616371151192491 0.220853340366697
0.00491838564458322 -0.0338192055217841 -0.422542530265427 0.249212638563606
0.0131230015280958 -0.0594084668854257 -0.273893711315613 0.241410747657019
0.017393904557734 -0.00118533949093562 0.3638301274771 -0.0834244051951179
0.020195549902459 -0.0018933988473419 0.434011161506101 -0.169857523449824
0.0009509075417597 0.0272236640287773 0.599963818911467 0.186815930854462
0.0150791578370313 0.0437066665925712 0.891795300796563 0.230387771073885
0.0330550924361763 0.0448170155899325 0.843510280349958 0.0855037764126732
0.00187722036766874 0.0234296820926727 0.559463652097706 0.014625285504117
-0.00286059770544428 0.00611048605977095 0.213777598386874 -0.0133336768363067
0.00888183089871181 0.00966186434748138 -0.0610181389791955 -0.0448771640684425
0.00972535441664974 -0.00748249483959456 -0.345235581059476 0.0304392138721571
0.0178253366256953 -0.00012905181578908 -0.601247680638501 0.120122496580002
0.0161396527251986 -0.0123106437720301 -0.735617284388793 0.25639831196091
0.0238631427750166 -0.0342100431404138 -0.71678835232048 0.295991227070604
0.0100380689127949 -0.0206903910146667 -0.593979647522559 0.2572649264482
0.0219256363706229 -0.0328577736878719 -0.411326007195472 0.260796169106181
0.0150261826728584 -0.0158998255443765 -0.266329167537481 0.247082686243045
0.00157304827847534 0.0465904290742264 0.358635269581499 -0.092698150839333
0.0407722683537029 0.0155582234412936 0.427345603363232 -0.162719613964657
0.00868630909868908 0.00826974379200287 0.597055139717071 0.201481421677887
-0.0076847491932831 0.0353031616080721 0.890560745623674 0.243410199704232
0.0292619631810069 0.0639540055901285 0.838541834799948 0.0983929066248317
0.0253951404490935 0.0370918630082828 0.558689884454446 0.0249618607859109
0.0283895991626312 0.00640910917896517 0.212455826639095 -0.00738859630490707
0.0370260053643026 0.00678819667896185 -0.0582832492196349 -0.0445769127827985
0.0382981944946878 -0.0134600475635905 -0.343108395889397 0.0309761816002188
0.0417206178470032 0.00322212360036502 -0.596977139483037 0.124198407411147
0.020904569964721 0.00256787709199723 -0.727911303051894 0.266410609911098
0.00222694577623172 -0.0270599867643574 -0.70948918598445 0.304794096614033
0.00103223515197344 -0.0372042260066957 -0.586628256301982 0.266688074563891
0.0380250408454901 -0.0328204877594516 -0.406319678672349 0.265230774554198
0.017880398528735 0.0258126860170835 -0.261507579224993 0.24270051601617
-0.00668868411884749 0.0850841953522544 0.350086041337509 -0.116512813210373
0.0565155488767534 0.0248998667911494 0.418136018211525 -0.158023932127434
0.0116526213990809 -0.00814263251121584 0.614146021904343 0.177981298521275
-0.0267259564748516 0.0285353921782896 0.891348529501369 0.200648686731965
0.0285653317055595 0.0777872417033758 0.831596579670658 0.0756899095179941
0.0469898161767669 0.0475608866266558 0.563043123286653 0.0226880339051366
0.0570058182302391 0.00553789520483755 0.224008471793755 -0.00543938755358668
0.0620427379291655 0.00298561265936172 -0.0451051239526726 -0.048803932792935
0.0635272923842579 -0.0187257636951537 -0.332582784224534 0.0244040874050911
0.0633448563567397 0.0069975298266728 -0.590109108282587 0.111421799349829
0.0257650256492245 0.0151996786418682 -0.733036203304676 0.25171044460114
-0.0148399060042776 -0.0222114137329018 -0.725946418151994 0.283766543534453
-0.00420455549731012 -0.0515054604880251 -0.596720477447215 0.244489264776539
0.0517716992997389 -0.0290037539956489 -0.408893928798372 0.254373878906308
0.0162985536718734 0.0628799161014754 -0.264096946133821 0.23179563048893
-0.00674619307166698 0.106798529912252 0.337906030349733 -0.14794535503538
0.0641345360415036 0.0238026758688675 0.407877169308875 -0.157849549822792
0.00885003663493799 -0.0180242242923628 0.639248842046535 0.11836741447
-0.0384776304491859 0.026859401238098 0.887764554940993 0.116046450365538
0.0322868196913203 0.0841485449521496 0.820508263640391 0.0248225252613563
0.0654130367341322 0.0499746299324378 0.571889051312507 0.002020523588222
0.0766988585200599 0.00276313512051102 0.244193725268565 -0.00789173986393653
0.0797809254604129 0.00156967368330356 -0.021609038147426 -0.0530265234070369
0.082954512513943 -0.0204201098839231 -0.315240078708066 0.0104971446318183
0.07923089358698 0.0139450402849568 -0.581967161190614 0.085835398483823
0.027306228865509 0.0268292751940128 -0.750062611995256 0.214359733295495
-0.0280870818478783 -0.0227339377660193 -0.762782459326901 0.235048427265111
-0.00287881964063316 -0.0636066340835636 -0.620368176625623 0.193201015237775
0.0610360435298681 -0.021812005760277 -0.413584847682441 0.236341769156721
0.00788305125106075 0.0876849022218396 -0.273980619986774 0.216506891084034
-0.00219053244417958 0.109319421308708 0.322189548340304 -0.177135800304891
0.0638423476061043 0.0155448876813605 0.401444223885419 -0.162362917437944
0.000237577326142203 -0.0208436268106233 0.657783560508926 0.0329265762065758
-0.041163205833243 0.0305239457034643 0.865831170336868 0.00544523200846341
0.0396735658838775 0.081913019314495 0.802527936652856 -0.0460564933851608
0.0740333949337549 0.0456553820226307 0.581488963185162 -0.0305473373599662
0.0855549807630952 -0.000441731196723132 0.269897306789074 -0.0175239725915019
0.0882769502184877 -0.000273099941326765 0.00850900908079022 -0.0607910648412847
0.0926569538106143 -0.0191271989929772 -0.291087661618341 -0.00654993796337273
0.0851601635410335 0.0208775323265319 -0.571556488908257 0.049550705643934
0.0241276610407311 0.0323891311124172 -0.774887248999238 0.157521915055953
-0.0322599920062066 -0.0287936946419725 -0.809123634149451 0.154932016847079
0.00536684192477962 -0.0699832438506905 -0.643262886171757 0.113983738884712
0.0638972171671936 -0.0109494497618396 -0.419929524247812 0.21130182594156
-0.00667124143217589 0.098501762124826 -0.285417232562238 0.198195411835001
0.00312468168113309 0.0956178109510334 0.304961790415242 -0.203315774391392
0.0522507152384549 0.00520493491429008 0.396570655722099 -0.177499601774114
-0.00649367685812895 -0.0168087002612582 0.660006577751187 -0.0627193634094953
-0.0328379788140684 0.0348110987625171 0.830791603995151 -0.105434762033427
0.0457228968864707 0.0711855027683437 0.778106053562154 -0.118170646182279
0.0729739785298621 0.0375049448193786 0.590713897802553 -0.0695516999704964
0.0821796434314303 -0.00343451847783263 0.296762819447856 -0.0319135230895845
0.0848458198577749 -0.000441179288837208 0.039643518503677 -0.0673907712843867
0.0899060508939207 -0.0155781888235495 -0.26333669245867 -0.0222760233981884
0.0804017519847942 0.0253843074334096 -0.559454253125885 0.00828938482040921
0.0188941714553714 0.0315836424117104 -0.797942185546214 0.0854014735613822
-0.026604434679101 -0.0364029738227863 -0.853949218306555 0.0505976914268025
0.0183370020859679 -0.0662836174383105 -0.656532135424104 0.0162551365014632
0.0562205371852145 -0.000561293655889195 -0.423687807652071 0.186000710139833
-0.0224037310139666 0.0893659874483999 -0.297437731685919 0.178920487421272
0.0281980539297489 -0.0885298819066659 0.366150548912532 -0.107023166588917
-0.0289280501376652 -0.0219856436143204 0.433054986412415 -0.191284966365941
-0.00130765943623765 0.0632913499550314 0.636281354326263 0.0580218768123493
0.0652783955208809 0.0477498973308225 0.884737144779337 0.059981405795717
0.0387566392890495 0.00348712285570935 0.832817627114245 -0.0317950700714493
-0.0381627759746549 0.00368654643346326 0.574893773074493 -0.0474288363754069
-0.0545261024128324 0.00990102428473563 0.247030025456504 -0.0334262084884081
-0.0396559370505426 0.014654111851157 -0.0284141746116407 -0.0508381996105298
-0.0418401620005002 4.10815281628191E-05 -0.322892622675927 0.00610437869681466
-0.0263282883787878 -0.0109150895772114 -0.60437414036584 0.0652619104431433
0.00850188425013258 -0.0401937144754696 -0.786445835454342 0.177616756156313
0.0671864464160669 -0.0381448397281784 -0.79271604112702 0.190186555634221
0.0238413533711736 0.0138694039114327 -0.646238728863316 0.157874214845538
-0.0105128733515042 -0.0382171043448572 -0.435774745645532 0.228601484051686
0.0138231905663348 -0.0975395384004691 -0.288796908802993 0.232437284101571
0.0271265926686273 -0.0495482947541168 0.367526373924535 -0.0878303138805495
-0.00435216410827891 -0.01675566510827 0.435702027718058 -0.180049776952389
-0.00274487973104258 0.0468073312611825 0.616423811080779 0.134907178530932
0.0426690220350977 0.0497279554222592 0.895300382638427 0.162860902147493
0.0372571599261793 0.0219930721416045 0.845255857050599 0.040515086694488
-0.0204864770533557 0.0112440850329157 0.567358591927424 -0.0135056651360401
-0.0321225220132888 0.00733728881576961 0.226910431966486 -0.0227930122066988
-0.0178407927446977 0.0127547229227569 -0.050345388565386 -0.0469981038311334
-0.0177576003780967 -0.00268922130169535 -0.338940758791716 0.0207468538808293
-0.00620459275498063 -0.00462539924445275 -0.606692151277212 0.0982787865580785
0.00964592385625736 -0.026816729721368 -0.758577963459666 0.229243399663141
0.046390374820126 -0.0385945162064538 -0.750523666527714 0.259493086392977
0.0186984047321036 -0.00358172019956592 -0.619080994336114 0.224022961260565
0.00464965571912063 -0.0350400861568333 -0.424799237015291 0.250972867802067
0.0133264457490631 -0.0588446430284082 -0.276189452589718 0.243021707781722
0.0170793385660737 -0.00178778265079444 0.364534389467147 -0.0834037262031547
0.0197189708214124 -0.001452574312101 0.434964380105414 -0.170810600136204
0.00121790527758401 0.0273832656748678 0.602168926607151 0.185557943606505
0.0154848123745813 0.0434427291445099 0.896387125072818 0.227981313235804
0.0323133339982114 0.0431452805510212 0.847411724537008 0.0840779134532839
0.00249198092465401 0.0237712065165262 0.563312243844732 0.0133892091740915
-0.0039885874759196 0.00760304219298951 0.215253723446528 -0.013252527552299
0.00935261343361345 0.00967618390489145 -0.0619133882914135 -0.0445569921293199
0.00933949814676377 -0.00743582201482388 -0.346637522271552 0.0305796353819576
0.0170416157632642 -4.13742601147321E-05 -0.604293638419318 0.119527173850839
0.0144443199443934 -0.0124897552342417 -0.73727818561124 0.259502463588526
0.0231579656971831 -0.0340367441747036 -0.719650672324672 0.300119695094955
0.0103930387404961 -0.0203680429531334 -0.597915864262678 0.260930694631848
0.0217065911007694 -0.0328001203525535 -0.413524238141429 0.26373818053173
0.0154224015522273 -0.0168609733678333 -0.267006818953988 0.248366874880891
0.00159282626748532 0.0463090939121052 0.359667110775458 -0.0940105538835754
0.0408003831666349 0.0154195811640224 0.427417819858766 -0.164878952619819
0.00940133314543791 0.00901662534708722 0.599743653552508 0.199392071864851
-0.00823691802988981 0.035025175025153 0.895840211163377 0.241553027004775
0.0280730076081679 0.0635534441028615 0.842195025737402 0.0980854150211216
0.0255098495442538 0.0371839879730989 0.560894819694557 0.0249974957967651
0.0285259464471175 0.00634121961936378 0.213612707059596 -0.00717644300735528
0.036779099778926 0.00690902352714494 -0.0607261098943581 -0.0453624582655085
0.0378314015422093 -0.0138286952738286 -0.344695050872645 0.0318194377015315
0.0411026895520065 0.00318013821142511 -0.59918490977898 0.1261966698729
0.0216759319725993 0.00226860883191948 -0.730112435208675 0.269470018121941
0.00287156969969954 -0.0275931708668983 -0.711645748772411 0.309354366929119
0.000859907491948914 -0.0370572177434927 -0.590114284067667 0.268737466838622
0.0380979511334499 -0.0319725364290805 -0.408182724201908 0.265582571389194
0.0173763051005522 0.0258687437451006 -0.263357151776899 0.244582599380767
-0.00745068267042846 0.0840260890324037 0.350253801052759 -0.117530743199089
0.0556113313270312 0.0258425421300008 0.418238882583403 -0.157718034797618
0.0119242495257103 -0.00771209744232106 0.616552659832499 0.176848562108164
-0.0264940102135642 0.0280712318661296 0.894480217727248 0.201548294595112
0.0284682653376625 0.0773229254179623 0.835437532514644 0.0754530218749245
0.0470590011829582 0.0466900353377633 0.566065499769827 0.0213433927700311
0.0559880523204804 0.00526967786950848 0.22440555145166 -0.00513865927097794
0.0616166755155654 0.00380495707019255 -0.0456014139906314 -0.0483474463410213
0.0627698609323042 -0.0186525234382448 -0.334527237988888 0.0251852089452236
0.0641260018265256 0.00737417581179596 -0.592798530590953 0.114904497809067
0.025994979963334 0.0151431677031624 -0.737184648484682 0.254567549076517
-0.0142325589107664 -0.0233376467757679 -0.729015157217893 0.290019597707842
-0.00504506781657571 -0.0513456858161023 -0.599568226191948 0.247704545752566
0.0522400052948691 -0.02978887100271 -0.41031976368761 0.2574184128505
0.0161800538167833 0.0621737420099733 -0.266799239774978 0.234177987421435
-0.00783481600417292 0.107129733437169 0.338349867991617 -0.147880113711013
0.0645911290712399 0.0244523102961644 0.409129171139891 -0.160051866854172
0.00938879062055673 -0.0183505700774418 0.642132618253232 0.118118043909304
-0.0383908891570175 0.0269785374776263 0.890873820549725 0.114979868540935
0.0323248295812048 0.0846650219855824 0.823915967785892 0.0228284180818842
0.0651340815061728 0.0501539012522964 0.575009222203102 0.00129215826605373
0.0767135321720037 0.00388027134498014 0.245135587052204 -0.00820317007219329
0.0791888863037373 0.000507152678913301 -0.0224865298168935 -0.0541395050864613
0.0822198112561905 -0.0208920521508816 -0.3178831321393 0.0114237284090848
0.0795267947614527 0.0134296244482466 -0.585777709759782 0.0878573667479034
0.0268230407222661 0.025727550696879 -0.753922789544412 0.217877925078119
-0.0273609544913181 -0.0233498278451841 -0.767257987497123 0.240226315592123
-0.0032814854833944 -0.0637186670682232 -0.62305976093414 0.197337422244452
0.0621669400117493 -0.0216819371547495 -0.41459938162726 0.23785355514259
0.00725720723338846 0.0880546328257487 -0.275454115863348 0.216902830735598
-0.00248530299138616 0.110106983227527 0.32207890177838 -0.179394997526014
0.063910872918615 0.0164042298300304 0.403903720494757 -0.165799984314593
0.000724404326395886 -0.0212063641434732 0.660858417733087 0.0313958151958885
-0.0408803319267582 0.0307388867979187 0.869776436253116 0.0026124009136446
0.0392611296023112 0.0826385701398448 0.806145983315236 -0.046872457147287
0.074722074470458 0.0458046413897975 0.586252345747522 -0.0312000782195069
0.0846123744994845 -0.000568622911120566 0.27105920211598 -0.017385068675094
0.0879320172839647 -0.000451452164874541 0.0078850966163947 -0.061450373526456
0.0921398825785549 -0.020122307676895 -0.292267475319036 -0.00670234469073172
0.0860867886896156 0.0197824562947955 -0.574987230122081 0.0513820993788907
0.0236695207284968 0.0326101866771693 -0.777723893428732 0.160532630674144
-0.0327076751831642 -0.028826481984341 -0.81274624275159 0.158222006201146
0.00610682104536463 -0.0700069524447165 -0.64805087646922 0.117740382754385
0.0642084878825482 -0.0107939726956652 -0.421960557526338 0.213526560582571
-0.00706842986270783 0.0988523102103645 -0.285674227821607 0.198300609483915
0.00203159348042131 0.0957223417375391 0.307179619556622 -0.204925766117327
0.0514897590474542 0.00546805715222821 0.399145334215697 -0.180826506055195
-0.00673847584427298 -0.0151167672321605 0.664420035713167 -0.0648107445709359
-0.0325732864464996 0.0350080297521808 0.834008076334855 -0.108488822912882
0.0467249469909907 0.0711770728795331 0.781547385505385 -0.119928110941774
0.073264021064714 0.0371351284000369 0.594046860999202 -0.0728950072007918
0.0816825964386368 -0.00425981938156823 0.297134383445176 -0.0326793699263676
0.0849965601640376 -0.000408113680976197 0.0405313314073443 -0.0669820668433117
0.0911849917456197 -0.015535952669122 -0.264338112367376 -0.0223603420088365
0.0810243026057351 0.0253448794418933 -0.563042919956456 0.00967360447258717
0.0185647263773152 0.0312533022196907 -0.800163031513565 0.0878349417876896
-0.0259266875121396 -0.0366007062364839 -0.858442737617044 0.0529148060853199
0.0186359727016294 -0.0669381559449746 -0.663045534542668 0.0186912896450302
0.0567348918335431 -0.000205325653000882 -0.42582064030663 0.188713160404791
-0.0229832345872637 0.0903774622012986 -0.29924831069858 0.177619459307136
0.0273469086809372 -0.089415939378043 0.367037148469604 -0.107444369783023
-0.0287283660620892 -0.0225741200320583 0.434267073428435 -0.194154564572305
-0.000766948890983788 0.0638165532251447 0.640625255978084 0.0536342744841758
0.0655860135201087 0.0473756389901919 0.888332728712541 0.05765378125374
0.0396980053862453 0.00280019290939387 0.838169385429433 -0.0336093185319084
-0.0384571632012325 0.00452588511397423 0.578734937412753 -0.0502705786390109
-0.054921654556053 0.0107119282225657 0.248702395208236 -0.0339367177175497
-0.0398805405689184 0.015428020493798 -0.0291415214327059 -0.0517480102881865
-0.0420035874839563 -0.000290180222787182 -0.324820501944994 0.00651847465642857
-0.0259285644040419 -0.0105670416958628 -0.606959490167277 0.0665079490206132
0.00861315495333011 -0.041502526005366 -0.789529635321945 0.18299778718768
0.0672594703847392 -0.0385592021517348 -0.797113565410357 0.194420937665816
0.0238027296661275 0.0145792098721121 -0.651554155255061 0.16290042356716
-0.00983451010669513 -0.0388095774790807 -0.438130044183212 0.23194321671853
0.0133948020885294 -0.0977157825428448 -0.291017355045895 0.23435272269401
0.0267763123075515 -0.049593490529371 0.36679171152692 -0.088762012224084
-0.00485076595343507 -0.0176089457004213 0.438437783004837 -0.182023568401736
-0.00286934653163117 0.0474933597765445 0.621264649912 0.134207100383948
0.0424410307093642 0.0495468887818641 0.899140086621483 0.160081204417629
0.0374181648205987 0.0223083209600961 0.851464476203342 0.0366090743905647
-0.0199526555120865 0.0116045458068371 0.572341150834561 -0.0140015372240074
-0.0328446508329118 0.00795364270171373 0.22836050397046 -0.0220890272027425
-0.0176917896375851 0.0131802144234242 -0.0512497503653818 -0.0470161765334132
-0.0183417144940478 -0.00283047882365001 -0.340684580521885 0.0223715429741476
-0.00640084665579025 -0.00468465522488094 -0.608733402001067 0.10144228165908
0.0102664488400191 -0.0273104320726236 -0.763501342369014 0.234406555169106
0.0460533493623976 -0.0399093596918538 -0.755668523411238 0.265256739879478
0.0194591555739931 -0.00349479864980053 -0.624241713319546 0.22720814008569
0.00522859117806969 -0.0348058942135416 -0.425618366825923 0.254265292117181
0.0126465760667492 -0.0595017347095818 -0.277312483234111 0.245514930219504
0.0159263932022135 -0.00222637999476633 0.366725851319216 -0.0851813635345794
0.0199397063035153 -0.00202306810394592 0.436300588430577 -0.173431679519487
0.00226515998830442 0.0275332462687487 0.605069876837533 0.183338482982763
0.0168244612216227 0.0439787568439422 0.900418950053847 0.226341200201201
0.0342628857338494 0.0440007301721484 0.852930934199291 0.0821302663207648
0.00251983404446154 0.0241996153893368 0.566550957746041 0.0111635691401305
-0.00300350427561821 0.00736782550397567 0.215767688167125 -0.0134661074904213
0.00856586424900214 0.0100859656439953 -0.0619313894592133 -0.0449447344270063
0.00883101462971047 -0.0075400854823356 -0.348036533380038 0.0325396438560044
0.0185517848082614 -0.000651664621944319 -0.606034907951259 0.12417080221974
0.0154078912308029 -0.0127258242051257 -0.7415662788342 0.268111295203033
0.0236811819379415 -0.0350363853723085 -0.724218922703716 0.304995523456482
0.0105979167974952 -0.0214147810851659 -0.601190283462282 0.266754523730842
0.0214376923179274 -0.0322664236374287 -0.415114667512316 0.267184867784622
0.0157449943470217 -0.0161895318424076 -0.267437515029537 0.249146641966832
0.0014969329139126 0.0457981408108501 0.35978546574401 -0.0949384693589787
0.0408486130750024 0.0155693846361558 0.431164939331476 -0.166120603700691
0.00916918442601551 0.00995596704038495 0.605718706203228 0.199327227999328
-0.00733511611428839 0.0348491181751344 0.900536379044773 0.238870307484468
0.0295592633908792 0.0635995036064988 0.846943083059799 0.0963783520777905
0.0261787497339982 0.0376895408646967 0.563908884886143 0.0219429093415425
0.0278193626042751 0.00672267413284767 0.21552162532034 -0.00768029518716462
0.0374561598092238 0.00616270546963713 -0.0605807242126525 -0.0459986243486646
0.0377713652150737 -0.0138683561632448 -0.348011649343404 0.0332835469766589
0.0429899855638569 0.00177337478759947 -0.601481058359274 0.129276848034147
0.0213750266209262 0.0018443233542765 -0.733069250990039 0.276720132861475
0.00319842102325621 -0.0279002067107212 -0.715052059959593 0.315270374948207
0.00123548980247617 -0.0367404660872273 -0.593926008983864 0.274674764923949
0.038492503152893 -0.0327915907668975 -0.409971510151059 0.269243626297024
0.0180518390392932 0.0255969314460944 -0.264777358932828 0.246657471238114
-0.00826382112284082 0.0842639482378248 0.352307790182263 -0.119321528505923
0.0559040980964885 0.0256867203492471 0.422360786036365 -0.16012576164622
0.0121541106888956 -0.00675021859740885 0.620097646596301 0.174145907417206
-0.0259912899975409 0.0288420353710674 0.900586358808216 0.19801557075471
0.0285519056371934 0.0787189802648612 0.838500733967338 0.0713769963494477
0.0474755413860374 0.047525531531804 0.569527002026421 0.0177707925229421
0.0558534194837893 0.00550717909985083 0.225821257094178 -0.00533014112621215
0.0618997340895165 0.00315636782555614 -0.0469400750962528 -0.0485812591764617
0.0631870979400556 -0.0190816344350628 -0.336661469601163 0.0267383921102404
0.0640906299576517 0.00724321971516112 -0.594983805985701 0.11715624875346
0.0261438944456884 0.0146001362018821 -0.73822543472883 0.259453504671033
-0.0143662353782318 -0.0239118766906315 -0.733523960651553 0.294089376925733
-0.00427423898942058 -0.0513860874936819 -0.602772842694078 0.251528047352452
0.0526503663917853 -0.0303462809792128 -0.41154813058969 0.259999080575411
0.016340813926356 0.0619212451841745 -0.268258840467355 0.235867554969288
-0.00921974315539166 0.106339800996229 0.339348807461842 -0.149333360417849
0.0641608464532398 0.0250716430571137 0.412695168984512 -0.161706459146327
0.0095575190702537 -0.0176170496067764 0.647127174136355 0.115778044765237
-0.0376533272666151 0.027436972548506 0.895467497049001 0.110631218330836
0.0335250336830722 0.0846939286259722 0.827234596886922 0.0196682133778182
0.0650791415589585 0.0499612586645739 0.577646502421565 -0.000667129441735304
0.0771079109631944 0.00337549552417604 0.246320793991201 -0.00832530856804228
0.0801367776083226 0.000195771284778428 -0.0231556030120616 -0.0540188716124038
0.0822921429649996 -0.0216250626075992 -0.319565554697043 0.0117366611757619
0.0802867089252121 0.0126152217098945 -0.589395093860733 0.0913372623322519
0.0281040527464933 0.0262043059611309 -0.756138228774392 0.221867334382865
-0.0276519718878654 -0.0229903910617761 -0.769978528048104 0.245850938675547
-0.00315028235519694 -0.0635017359840891 -0.62668778147506 0.20155859587108
0.0622241514611077 -0.0225503210552643 -0.418184049726025 0.240591485215863
0.00715639520607822 0.0874929789053425 -0.278084880510754 0.219229270044492
-0.00364420636267506 0.110299011686234 0.32287953599494 -0.179870092720482
0.0631125835242929 0.0152999985702568 0.405056217170134 -0.166524356607813
0.00138936307294812 -0.0204544630294728 0.66627701038375 0.0281484104034526
-0.0397835009073995 0.0306096493989401 0.873337904186331 -0.00140414071181811
0.0404144177746082 0.0821006770999647 0.810242511181778 -0.0495122484485021
0.0744674780510482 0.045511822837582 0.589229213016659 -0.0339323395066754
0.0840096438908396 -0.000130275385225906 0.272969631230582 -0.0182745561005172
0.0875773568029334 -0.000916698610267973 0.00768020024822325 -0.0604564722306815
0.0915643715841698 -0.0204031186284898 -0.293440179309467 -0.00511649176678661
0.0869508012192402 0.0193157195866246 -0.579480732204101 0.0532375706953729
0.0246543033386004 0.0312221363169801 -0.78025677331963 0.164233155436169
-0.0318668429693536 -0.02827905405032 -0.817096072450511 0.164334981688267
0.00556582194857027 -0.070225822722213 -0.650961635309869 0.121037173530874
0.0639636574524105 -0.0105348327659028 -0.425869321689518 0.216206108687546
-0.00711784346383017 0.0983188122805699 -0.288713084611326 0.201028052233746
0.0012059554655493 0.0959570683122496 0.306915958740954 -0.20619519158734
0.0510470574381435 0.00511925417749849 0.401493305736352 -0.182025915395575
-0.00581493277520326 -0.0145148255188442 0.666769802309595 -0.0701624253724476
-0.0320543678717616 0.0344836280564298 0.837785818522443 -0.113493237582803
0.0464140917065548 0.0710451056256513 0.786998054549322 -0.124046703799945
0.0738841839722949 0.0366220861645087 0.597499380573685 -0.0749835989496977
0.0823628824778606 -0.00372467366281321 0.299333976458035 -0.0328153605133528
0.0853171043460539 -0.00109740113420883 0.0386689093548482 -0.0685173869928609
0.0904787359380868 -0.016588443399236 -0.266510264465359 -0.0218229980389737
0.08194437679786 0.0244782909493805 -0.566446731078745 0.0124252694871447
0.0188096992893857 0.0305945093106816 -0.805108812468332 0.0930337042801175
-0.0253459501619691 -0.0370394523412158 -0.86417025886286 0.0566961075718942
0.0187089112652464 -0.0671780121622899 -0.666943056446751 0.0207867624344251
0.0570138622238931 -0.00068688649987883 -0.428658181900819 0.191258316391238
-0.0227289187175086 0.0895990832297089 -0.301859977899682 0.180938404849581
0.0269280694329099 -0.090117096538526 0.368244324407635 -0.109759541571833
-0.0288742766632828 -0.0228498927558859 0.43798751736042 -0.198429314636707
-2.54450186224671E-05 0.0646423242434855 0.644814391501827 0.0492885596365212
0.0666695040607219 0.0471885800888783 0.89383737587774 0.0515924840828865
0.0386254999602429 0.0021684979712961 0.843117002525832 -0.0394442903874982
-0.038081571458245 0.00480758966969497 0.581004944813585 -0.0536943087712667
-0.0561495208078862 0.0118222926729415 0.25029669348621 -0.035386122134223
-0.0401629334086523 0.0153643081719264 -0.0299584800429641 -0.0512817206524997
-0.0427746994590654 0.000193903357924007 -0.326396280606147 0.00838000058658871
-0.0266813765410602 -0.0107380190801093 -0.610732899109434 0.0712621792137018
0.00829267611767587 -0.0407136307976837 -0.793136373745859 0.187662005754441
0.0675867331005739 -0.0400114855263075 -0.803192240010967 0.203625217449788
0.0258460392122537 0.0134474967090172 -0.654790009846116 0.166029627371023
-0.0101415396618481 -0.0393082013275045 -0.440357048687417 0.235754893822521
0.0137543786648601 -0.0979151277501446 -0.29184098625209 0.235903518407391
0.0258927099029129 -0.0503642474417583 0.369780714002665 -0.0929799805287814
-0.00463355255754055 -0.0163843447771854 0.441401830602757 -0.184713932304208
-0.00174443530167823 0.0476045929828563 0.62722250275469 0.129053880145141
0.042963976887078 0.0495257855587205 0.905063466527838 0.156472646991651
0.0388665618420251 0.0217142070948042 0.856108798781583 0.0318700804521665
-0.0205313376254974 0.0114742533160099 0.574644950666828 -0.017847052818853
-0.0334086002944105 0.00851302502460621 0.229359028057294 -0.0237916002043438
-0.0187590520298654 0.0134125810498528 -0.0519082010588863 -0.046939772868437
-0.0184862635661637 -0.00271165143551533 -0.343031202352387 0.0229756638208281
-0.00668869391388805 -0.0055568083439423 -0.613151439950507 0.106197794988948
0.00964277434828192 -0.0280905971409004 -0.767551454552362 0.240817196845642
0.0461688821437738 -0.0399385168594676 -0.758110730422726 0.27169657912958
0.0194622485964583 -0.00348151549080627 -0.625040144563185 0.23344803812141
0.0055247264780503 -0.0349537169946677 -0.427726732931524 0.258306765941775
0.0128432136636788 -0.0601878388535142 -0.278900463837347 0.24761335080706
0.0155115854102952 -0.00257140183298968 0.366803312256752 -0.0872820451818308
0.0187415610087657 -0.00181770917056743 0.440037277590125 -0.176145443031875
0.00291765710099929 0.02883271182421 0.609938466332437 0.180677902208082
0.0167897226961982 0.0448315779392288 0.907189236367336 0.219843736788732
0.0344260351701995 0.0433290196737776 0.858243952614815 0.0779005499903016
0.00149587559516766 0.0242475085980571 0.569665831601181 0.00913434081760692
-0.00379703387007188 0.00742978456712893 0.217770460217774 -0.0146846140586421
0.00885816629959268 0.00907131459909838 -0.0632298388682022 -0.0444889286852241
0.00876087645180111 -0.00852548644505241 -0.349949832722001 0.0339610762635029
0.017921961084292 -0.000563896978330154 -0.6091702474891 0.128308101914085
0.0151208724310982 -0.0135974156539615 -0.74424841078325 0.275263884870591
0.0236594203352631 -0.0350664030095923 -0.727097381005815 0.315330979581659
0.0108319161337887 -0.0210840115155372 -0.60382630904509 0.272834576669912
0.0217323293104713 -0.0340204102421038 -0.416385307277207 0.272153498223803
0.0160511276108284 -0.0172714077449795 -0.269929291341604 0.252351750536172
0.00100175011028058 0.0454672155609096 0.361507806410453 -0.0964021019218546
0.04071488501481 0.0152560528054004 0.434174786780522 -0.170029384056015
0.0101800683583718 0.00986990068810473 0.609392273359158 0.194041976928615
-0.00676141081290801 0.0349030597040147 0.906281915700465 0.234599573620119
0.0298815012174112 0.0631748851224081 0.851961170900965 0.0922364587932986
0.0255690414127865 0.0374281327271092 0.56822944594631 0.0183458911940973
0.0276777284470684 0.00687347807324182 0.216693749510753 -0.00943072171311105
0.0371511243407305 0.00546319750122763 -0.0620137308268224 -0.0452838632285775
0.0375981843772127 -0.0141953942658562 -0.350102324727921 0.0349765501259038
0.0420691413105997 0.00167591986589156 -0.604607512304083 0.136246730774023
0.0217944187951648 0.00134423298291841 -0.735832393758282 0.282444383300829
0.00251051939169389 -0.0280765588326342 -0.71841707305692 0.322972544625909
0.00126629347568716 -0.0375305864122472 -0.597482505695778 0.280794119282214
0.0386778320743296 -0.0333617574138436 -0.412103954143311 0.273466730853527
0.0178136930496542 0.0252377047990718 -0.266782741813015 0.24887110580631
-0.00895542847335968 0.084066811058531 0.353677765939198 -0.121142012219981
0.0568874185713067 0.0270652986771101 0.424794427198636 -0.165460056975689
0.0131556423893743 -0.00611104473025716 0.625918723638614 0.170419857301805
-0.0264271237787341 0.0284622738237977 0.906123423685993 0.194768533285892
0.0293486719901808 0.0779192987985724 0.846332045884205 0.0690576873056821
0.0471732259039985 0.0475035566226465 0.573336738623433 0.0152913785329489
0.0560372837567741 0.0055234215039713 0.227269842460215 -0.00641379651072007
0.0624844119959165 0.00240698464414026 -0.0479617349801218 -0.0486477761706406
0.0626720333646827 -0.0195197250327576 -0.338680021703932 0.0269881512722073
0.0650889875761511 0.0058776580609719 -0.599495352575857 0.124602903409257
0.0268113169668453 0.0143956842865843 -0.741470487760783 0.265939083363308
-0.014943158302031 -0.0240678347049637 -0.737843702239599 0.303121964323829
-0.00360747178349135 -0.051722793786782 -0.607112599066277 0.257164421969482
0.0528209738999383 -0.0301321734240276 -0.41507353461066 0.263837353516245
0.0162985476738418 0.061975648562809 -0.269282500691756 0.237999575611013
-0.00998976792049877 0.106107910559876 0.339577913482608 -0.151286088677583
0.0650211698977519 0.024561824980683 0.414408405225285 -0.165450950081261
0.00948691536769353 -0.0173036087048355 0.650775920427838 0.110525403704209
-0.0376766508686079 0.0269932001957596 0.900559338332705 0.106152667866948
0.0336380754335158 0.0839572370029451 0.832171165742104 0.0159925293615122
0.0651581228928848 0.0500708733078912 0.581907517294689 -0.00431303394159503
0.0765093064593226 0.00340981427676317 0.247699458218075 -0.00991038819113528
0.0801443147255245 -0.000750363946138091 -0.0245140954314764 -0.0546349503432694
0.0816901652188191 -0.0223712821754239 -0.321574920903095 0.0139178355069134
0.0806148239061625 0.0114502020885051 -0.590689774082063 0.0962848006464007
0.0282654551131147 0.0254761390658503 -0.759363725562765 0.229200060681545
-0.0273727035152803 -0.0237285811998155 -0.773395120767896 0.253880100478315
-0.00261779513674299 -0.0637598860406091 -0.630402635683251 0.207206846075235
0.0631846676431033 -0.0229977522888482 -0.420991041812343 0.245096213553442
0.00792459458739567 0.0881268673325163 -0.278725513907272 0.221226142015252
-0.00443166310412075 0.109528533147222 0.323353527850393 -0.182164950227501
0.0635979852750528 0.0159734994092913 0.40886321892008 -0.170843986232717
0.0017276467329357 -0.0204643871198581 0.668444759151204 0.0236541036343337
-0.0398492153035118 0.030888305687181 0.879769872881301 -0.00599104452511077
0.0414273492084486 0.0809069889724423 0.814169104636807 -0.0561608924375083
0.0749163092127489 0.045697965945395 0.595130349645588 -0.0373524899235045
0.0852871155954716 -0.000700772570148452 0.275350613616991 -0.0200507706642685
0.088174217140639 -0.00131350782214716 0.00650466174005804 -0.0616114544950263
0.0914043777908983 -0.0206030055754098 -0.295706703311593 -0.00315698048035009
0.0868872302228852 0.0188293492103591 -0.582191849359774 0.0581842901216418
0.0255084523900375 0.0310244080512451 -0.78655845767184 0.1705349467697
-0.0314446835890117 -0.0287504408568571 -0.822518711174072 0.169114449165725
0.00562277793941301 -0.0708931512280433 -0.655838390016197 0.1255951431896
0.0646011662508219 -0.0122857015312573 -0.426453307637163 0.221459266960167
-0.00753127074161953 0.0989491177159778 -0.290210622601608 0.203908324418133
0.00127249273775583 0.0967779881681143 0.307982115184713 -0.208102437650429
0.0514411364684623 0.00533562837149927 0.403608081691109 -0.187156439057695
-0.00552339512993649 -0.0147155399509057 0.669528361216906 -0.0740226550640737
-0.031716608641361 0.0346796093380899 0.841859923970515 -0.119138228277111
0.0468118827078595 0.0709736529530084 0.789457663481225 -0.129689198223841
0.0734234725395739 0.0364761597100808 0.6014839865001 -0.0790667398276062
0.0814050869736489 -0.00488554913139326 0.301616460918499 -0.0347591148829976
0.0845208413806538 -0.00190105351354549 0.0382951493582806 -0.0698190017155759
0.0900940619459624 -0.0164299176496639 -0.269403153730055 -0.0196977546473247
0.0829721835232479 0.0232369646589157 -0.569239209557333 0.0157815634647155
0.0195258897091832 0.0308293399255511 -0.811434638310379 0.0989124395240041
-0.0258031836628304 -0.0369187875808453 -0.870003491512305 0.0642651595180667
0.0188122647012801 -0.0675581717354157 -0.671293272964506 0.0254788592227701
0.057529416074465 -0.000787298358342341 -0.430442987350428 0.194499745519675
-0.0225307441724835 0.089531415263684 -0.303553669253782 0.183709501747027
0.0259245486210185 -0.0915708032630568 0.368064880713346 -0.112002065109951
-0.0293927010592289 -0.0223538757688465 0.43787069140724 -0.20272130902613
0.0005953313160062 0.0656916616269032 0.648004529981582 0.0435494141445362
0.0679396555400494 0.0473898395817251 0.90029656604438 0.0447513117886209
0.0397952206447849 0.00153858694299788 0.84849898965701 -0.0466279951111599
-0.0388010880461628 0.00576005948491892 0.58611722170633 -0.0587760355109361
-0.0563981298925206 0.0115269027648727 0.251692935149997 -0.0359887057277303
-0.040204328845474 0.0159377992712201 -0.0312504729791229 -0.0525198223330418
-0.0422092160703279 0.000250039664306289 -0.328977710806589 0.0102398600246497
-0.0259820351793191 -0.0113699751033865 -0.614402509427448 0.0778891265751643
0.00827980035177987 -0.0417928317386258 -0.796105376683442 0.197652652617317
0.0674611526840961 -0.0410631657648845 -0.807405270308884 0.210940957850935
0.0257092616067674 0.0131743956569257 -0.65937642265752 0.174999432331762
-0.00993698315786397 -0.0402958508974673 -0.441351833926011 0.240776081139082
0.0131516371065512 -0.0988586641396665 -0.293076857553692 0.238724549520983
0.0252033621950177 -0.0503656079520205 0.370385689545018 -0.0945397041595885
-0.0041490273719945 -0.016637009310427 0.442353093120095 -0.190924359949545
-0.00161436196854309 0.0485660007095011 0.630111709475898 0.124581980177074
0.0439175315243012 0.0497817448782386 0.912202372655704 0.149512231448334
0.0392555120751545 0.0217902226770112 0.862034963428354 0.0260096068374208
-0.0206882997109694 0.0134157725642866 0.578004341011394 -0.0231727978378029
-0.0340544087193179 0.00905503316287245 0.231016654930817 -0.0244678952257113
-0.0189694883488663 0.0130176526750146 -0.0526880017784471 -0.0475517701979547
-0.0196544118552593 -0.00301859832976657 -0.345446956812879 0.0254607858782788
-0.00505633016570597 -0.00527909626979184 -0.616155220811631 0.113175377460533
0.010057433499081 -0.0287477192384745 -0.769998809877964 0.250336710088656
0.0458385031029036 -0.0410691241768326 -0.759366050508433 0.281780981585805
0.0203840299667677 -0.00411366154269006 -0.630371980222367 0.240161672337231
0.00625654570876927 -0.0360776351223608 -0.429246593375402 0.264255994280124
0.0129108943603042 -0.0604392884189044 -0.279979634418913 0.249493261420099
0.014787215258463 -0.00341590236318682 0.368143890878972 -0.089582392722078
0.0203866903597581 -0.00163845958970441 0.441970935666662 -0.180349670105087
0.00366349615462699 0.0290718547047444 0.615800046998348 0.174769581518249
0.0175557038732073 0.0446460830855021 0.913514508011805 0.215080669274739
0.0359296755072422 0.0427115069400855 0.862911781549687 0.0701529525445988
0.00151368343877366 0.024663619365965 0.573777540536 0.00252534289159466
-0.00402730198152296 0.00862921314324441 0.219497418424245 -0.0158683026434121
0.00899759689439554 0.0102154630728966 -0.0647200235939764 -0.0451860451269936
0.00859352362863545 -0.00819658770981964 -0.352938659286118 0.0364926546008923
0.0181038296753992 -0.00278406462412878 -0.61265771453911 0.135537355500786
0.0157062988602842 -0.0136676706526752 -0.746605325602266 0.283532092600147
0.0240337366502772 -0.0356601554861169 -0.729647188865369 0.321529886055953
0.0117224728209915 -0.0213072398502756 -0.607652412967898 0.278716914563062
0.0224478808747593 -0.035125845541152 -0.418146619478411 0.277666651156356
0.0155507444359297 -0.0172262234468469 -0.269926965941446 0.254501454466729
0.000741899747863304 0.0455753463471682 0.362536019408862 -0.100010296511235
0.0399623082793794 0.0155285729252803 0.436643944368835 -0.173228560410322
0.0104573834866867 0.00971811734820224 0.614304919324395 0.190660360069353
-0.00602856912889872 0.035049566906966 0.912251219051642 0.228817302807536
0.0307004246815848 0.0622049805446092 0.85984368858878 0.0854136728526072
0.0249521020966314 0.0382073055470606 0.572108452776875 0.016185695850342
0.0269379398478823 0.00744370839417241 0.21810130846827 -0.00938931257437596
0.0378101151907247 0.00601295271107829 -0.0624897651667404 -0.0443577671857952
0.0367771890467307 -0.0145644064421844 -0.352174325849046 0.0374676289136746
0.0437595848898814 0.000423262044941385 -0.608830712741024 0.141304813457322
0.0221496133787774 2.87718172972268E-05 -0.737609496630342 0.290189435516253
0.0026085278867929 -0.0279856918468972 -0.719765053516631 0.332096113578291
0.00173101978151559 -0.0373133510675036 -0.600376038079692 0.287414354289967
0.0388900944025019 -0.0345558263321297 -0.414250554929555 0.279267833705825
0.0181729216670355 0.0247731340179512 -0.267947159928314 0.25253266970913
-0.00927214807878089 0.0843796626988806 0.353270753346967 -0.123056119668869
0.0566446990397764 0.0259330025264713 0.427559313200196 -0.167531444443394
0.0128913220808119 -0.00637561093731869 0.631434780958791 0.166134506904105
-0.0253732055192874 0.0287999316261902 0.911639717110009 0.187482527432462
0.0308225461112045 0.077587364475764 0.851864665030758 0.0623871876138442
0.0485819594307664 0.0469775768237108 0.579028810098842 0.0101230899279376
0.055499271524346 0.00612656849964443 0.229076466443087 -0.0076147438251682
0.0624115864362262 0.00231624522030372 -0.0487005894666319 -0.0490512692823916
0.0615670292279381 -0.0203899702055345 -0.340831590274273 0.0306660558709799
0.0651598478174701 0.00396071939093015 -0.602549023508909 0.129142836830144
0.0269954252919491 0.0135775624003069 -0.744559759903644 0.275378623851055
-0.0141182621663877 -0.0240643989822948 -0.738612790326237 0.311475564795642
-0.00384951183982619 -0.0516778486591201 -0.609955447168052 0.264978417815311
0.0532191136817586 -0.0314230228052167 -0.41626594621769 0.271575557101744
0.0165593198683364 0.0620492260866917 -0.269960064860079 0.241858965643433
-0.0100905704482391 0.106803524565411 0.340105753418109 -0.153312237984023
0.0649554753682883 0.0250835139114532 0.416695293775608 -0.168871704666121
0.0100982757770372 -0.0166793767496797 0.65628261155518 0.105022218370859
-0.0367485160892895 0.0279003542833989 0.907936271858196 0.0987598491602815
0.0347507644535852 0.0844821789961855 0.839227576527254 0.00945648384649522
0.0661361423405065 0.0495183861435467 0.585686145144866 -0.0085052457174908
0.0769642646556303 0.00318903884134044 0.250221738197547 -0.0116804929341592
0.0806507763639883 -0.00121525675959531 -0.0250313962919442 -0.0533433430911552
0.0815289817248634 -0.0230080590555536 -0.322928844566829 0.0158807516357995
0.0812536455749078 0.011324122143473 -0.593603795769692 0.102024284163198
0.0279596341213017 0.0247947188330562 -0.762969104778091 0.238351001486982
-0.0276854483328249 -0.024040332163757 -0.778600009574958 0.264038963441042
-0.00235376682128989 -0.0639445100105195 -0.634187498950208 0.213469845867864
0.0631865336308025 -0.0238383058054976 -0.422273662700411 0.249734247841672
0.00807375834173212 0.0885554319280091 -0.279631549892212 0.225191672355858
-0.00425918246295532 0.110156123459077 0.323636417223275 -0.18447178525019
0.0632648624733549 0.0163211557469828 0.408797843025073 -0.175126410111261
0.0023129495416571 -0.0195564499535011 0.673352188933969 0.017237492181558
-0.0388766214118477 0.0308005607708335 0.883804582198613 -0.0124631091099891
0.0419293529033378 0.0816455765764504 0.819792471750813 -0.0610347295073908
0.0756787846460916 0.0448453891936577 0.597257647120715 -0.043443646372216
0.0845986951909401 -0.000529556110676777 0.276958105716214 -0.0220763788886995
0.0887837703988326 -0.00294248853242378 0.00557286286316949 -0.0613106042193601
0.0913761671692046 -0.0209620917749381 -0.29792658285466 -0.00209407433865614
0.0888579215592797 0.0168708664174183 -0.586281334109188 0.0636648819964638
0.026007943238462 0.0302827938513936 -0.78924537963067 0.179637854454168
-0.0325695080706959 -0.0302383098426883 -0.827449278418811 0.180094205860574
0.0064008300376868 -0.0711490211033861 -0.660062712583708 0.132000886283277
0.0652731790446991 -0.0129194861890946 -0.42915823479481 0.224638792805724
-0.0064024689613616 0.0991625222490853 -0.290825590386109 0.205977701413629
0.000366417850606872 0.0958359932360435 0.307368512915729 -0.211617434863172
0.0520630408696224 0.00541913767865202 0.405811992875755 -0.190893720573943
-0.00531519928812588 -0.013972824777967 0.674517182162689 -0.0796159606185201
-0.0315167000796844 0.0350689475328077 0.847650759475942 -0.126367028444016
0.0477859495567187 0.070140316868348 0.795250497295435 -0.138214454153736
0.0741513748701134 0.0362430400721195 0.60550042122602 -0.0847716735053807
0.0819594428303012 -0.00464518857937929 0.304047089190391 -0.0377920229774652
0.0852262336048644 -0.0015510828060057 0.0377014753333744 -0.0695328254991452
0.0901317298581517 -0.0175438872369687 -0.271317278517042 -0.0189988291640358
0.0827973127833473 0.0224873741521371 -0.572598691737965 0.0193602174309625
0.0202102300917446 0.0296118022835181 -0.812722376423621 0.104963160409964
-0.0260390606341986 -0.0375860859566196 -0.876021775406256 0.0708878674120909
0.0188692464967273 -0.0686191067352788 -0.677253227866147 0.0329228666598067
0.0579125238905136 -0.00156772341441459 -0.434095190408037 0.199756231467874
-0.022551342278211 0.0899886547647393 -0.303651343078394 0.186616841324487
0.0244530990716977 -0.091468352253015 0.369630371859116 -0.116721784405119
-0.0292778556903504 -0.0215820311469207 0.440705717072786 -0.208199303507226
0.0010028733280716 0.0650339126806103 0.651520077162076 0.0361970010184796
0.0683813468943981 0.0457491245379466 0.90539604286744 0.0359044726597141
0.0395454658664836 0.000791093918781141 0.853693995657133 -0.0536192170229391
-0.0397667741052473 0.00690350288966407 0.589140550936151 -0.0656978835322779
-0.056878331246278 0.0131678626335987 0.253558723398805 -0.03882943466627
-0.039656305398436 0.0160599704264823 -0.0332634484136049 -0.0513428968417501
-0.0440986981335345 0.000813695874435354 -0.331052679278711 0.0131428475339528
-0.0256816251030612 -0.0111673790686843 -0.618438936066527 0.083859953954207
0.00885448948809783 -0.0430213236846611 -0.799353171792388 0.207177083428181
0.0682174180622754 -0.0420699220704753 -0.809860673022563 0.220719761165881
0.0266011119284439 0.0120497971235622 -0.6629575948974 0.18266071824956
-0.0100218882762389 -0.0404927959084171 -0.443767264114958 0.247308600530941
0.0125225568758325 -0.0995305555534205 -0.292996194339543 0.242998087969857
0.0238290519092866 -0.0517364166183062 0.370850122247328 -0.0975327793731571
-0.00425656958429775 -0.0159155196936026 0.445069676424349 -0.196131632421144
-0.000909111317765977 0.0500173823539554 0.636221904696569 0.120182560106779
0.0440729123766561 0.0487791250001672 0.918941138771594 0.142321198739639
0.0398710214540834 0.0201291554730805 0.867697124748657 0.0177316166463636
-0.0211424855567514 0.0126988254150283 0.581866881501374 -0.0285281837213561
-0.0342370522754906 0.00996793693581831 0.231978133015273 -0.0264288702797146
-0.0178947596484189 0.0131410189264967 -0.0545393314663807 -0.047460058710964
-0.0196662431160744 -0.00217487107392313 -0.348244272416307 0.0285632784726514
-0.00614549638333281 -0.00666210683360132 -0.618451076493855 0.119590258521983
0.00959937581619534 -0.0287379441259534 -0.770972722143228 0.26042976541293
0.046691714749923 -0.0421009502337139 -0.764006313663759 0.29179303574998
0.0213414325381737 -0.00444644375757147 -0.632307241521585 0.249915529902373
0.00512221376704398 -0.0363292800280827 -0.431511587312524 0.27010302502824
0.0131006423701397 -0.0612223774516733 -0.281492627136372 0.255072517082951
0.0133217375172941 -0.00376468833091706 0.368448500497312 -0.0925728035176068
0.0206940857018525 -0.00191446342956033 0.443661617129863 -0.185690109788747
0.00379992751844162 0.0304199245076131 0.622684368860606 0.168965514194894
0.0179399063059114 0.0433319507151892 0.922852071627383 0.207578412620296
0.0353626043210847 0.0434317273752202 0.87004152670236 0.0641595547947437
0.00181620454966053 0.0252647458112065 0.577783294407484 -0.00169211013031914
-0.00529457324949143 0.00851694801791878 0.22017773148177 -0.0175759290793675
0.00864298319628608 0.0091669406000275 -0.0657860532544245 -0.0444532997070035
0.00770053788063179 -0.00851491759496528 -0.35525491497748 0.0394843862077439
0.0188875857295802 -0.00302539332602803 -0.615768344368689 0.143331409206223
0.0159123103138307 -0.0148439097797756 -0.749470092894458 0.292910090442438
0.0234804150650339 -0.0366439403487378 -0.731185042016262 0.332716472881056
0.0119919773681741 -0.0211690565291773 -0.610082983139564 0.288507801991883
0.0225854018168579 -0.0359000232586379 -0.417663393192566 0.283945354558498
0.015560523745151 -0.0171267356717945 -0.270167171013426 0.259286770210638
-0.000639174774286509 0.0444694045224789 0.363085716939543 -0.101601857441164
0.0408864070396571 0.014683163239263 0.439827167621711 -0.17814985659641
0.0104721494376467 0.0111524671011535 0.619586713134506 0.185509629951281
-0.00656195870541975 0.0353084633698999 0.922147994549808 0.221564194023186
0.0325041136021904 0.0623495523104481 0.865196585774819 0.0776601904111064
0.024999938206677 0.0374639882440663 0.576958252681216 0.00936417327121625
0.0268179554853915 0.00732216292997426 0.219562977219832 -0.0115771170028635
0.0375376254743246 0.00439690403009927 -0.0648194047083929 -0.0449158851231282
0.0366053539398999 -0.0161546427039581 -0.353909669803359 0.0403635681746344
0.0440961467897417 0.000739234386145163 -0.609737763102489 0.147809604461412
0.0220132354499215 -0.00096673478913531 -0.739238536554803 0.302577600451318
0.00345494589368647 -0.029850738538149 -0.724081687951933 0.341386460903186
0.00182905513898081 -0.0378822615646231 -0.601769069829278 0.296187598515077
0.0398929712132814 -0.0345611156493119 -0.414540414687583 0.284810388493159
0.0182360397795287 0.0254868653826641 -0.267884876039409 0.255173909316625
-0.00967688217154646 0.0845949263482652 0.354987398942865 -0.126383081932012
0.0578209628998786 0.0255084964805734 0.42912006213531 -0.174052531379974
0.0129770536507203 -0.00540616244445125 0.636147514621694 0.160432549412428
-0.0249685850952319 0.0290096474968996 0.920175980475027 0.17921408843851
0.0312281344915664 0.0769817305808489 0.858164127794952 0.0560200090163071
0.0480848406427032 0.0474710394511609 0.582223350614397 0.00616699443658348
0.0556549809441705 0.00676361370967354 0.230933598798936 -0.00943865295274141
0.0628379356102648 0.000463364035325068 -0.049643468502203 -0.0480428743791042
0.0618956168050813 -0.0213021512422119 -0.342772999638649 0.0341918371933479
0.0659369777341235 0.00363744267488313 -0.605078578865919 0.136209655510052
0.0271836518110986 0.0121515423061023 -0.747000440626909 0.284900311461846
-0.0148392382194369 -0.0238923807226676 -0.741430429786941 0.321121565092394
-0.00390644277552863 -0.052083871361574 -0.613194452952713 0.27373241335316
0.0544114997016585 -0.0317842696923892 -0.417162887737574 0.274348936176805
0.0169328464108412 0.0619862948247928 -0.270965577366232 0.245498698234559
-0.0106537239376874 0.106499674686243 0.340280423456169 -0.157269902472499
0.0645207186794427 0.0246411238939573 0.420298147530043 -0.172790218934746
0.00990800543601535 -0.0169995752942031 0.661196136994931 0.100320531873051
-0.0373069133271085 0.0279883271716149 0.91327526935294 0.0913725497452508
0.0356168587755527 0.0849082129753386 0.844100389894427 0.00172287708748164
0.065990567154321 0.0494388327593677 0.590065355843278 -0.0142598421352827
0.0762360975370945 0.00312068747530839 0.252016133552001 -0.0134899181310119
0.0817173766089654 -0.00148358286093566 -0.0259278486638946 -0.0542715987454671
0.0809354672184664 -0.0238126786807773 -0.32611180682041 0.0189764427412114
0.0819047630126787 0.00872253914953935 -0.598335110897608 0.108654851939542
0.0287106819029108 0.0245420811080283 -0.766493770686075 0.24660490722759
-0.0276238517125562 -0.0246893363422082 -0.779930108399885 0.272411329214154
-0.00332764403771375 -0.0648042907088132 -0.635933807411097 0.220213839965407
0.063475202162229 -0.0246250045001586 -0.423251804368666 0.25612984802918
0.00894160588491408 0.0880056767242422 -0.279606105087345 0.228930375927363
-0.0051353468706623 0.110509394186599 0.323703307762655 -0.188775808558244
0.0640943143395988 0.0154893021849946 0.411249613150632 -0.179552634912291
0.0019202116825904 -0.0195687171256991 0.677632083526258 0.00963265091448491
-0.0388949206665621 0.0313390217867186 0.888820619034403 -0.0230104848084489
0.0429246899245108 0.0809581333212139 0.825018861104591 -0.0706094711851928
0.075975074537703 0.0448735793090086 0.600211898289055 -0.0490960708885529
0.0852604342995021 -0.00123692349302116 0.278232568653692 -0.0236808628389876
0.0893492047556921 -0.00309790377839241 0.00455453740123311 -0.0627373478848173
0.0911401471763397 -0.0232200316948067 -0.300925178123196 0.00149248953115618
0.088353809689884 0.0162773825794155 -0.588755952463243 0.068925173760112
0.0258535867591856 0.0306474418612688 -0.792993247906329 0.188540019678805
-0.0328998078478487 -0.0292755159216667 -0.832305113037858 0.189518181779975
0.00576889481255369 -0.071412218467415 -0.664780322630357 0.140976157368446
0.0657301828262226 -0.0140264297639405 -0.431160586013157 0.230954650794143
-0.00627807900647557 0.0991621176410684 -0.290532143903169 0.211026055634265
0.000750281117722332 0.096088200796672 0.308467682428176 -0.215236531876697
0.0518025545553537 0.00576619827889817 0.408198332397522 -0.198082332817
-0.00531765025791616 -0.0133956755518732 0.677159476608703 -0.0889641270684731
-0.0313941724555004 0.0351114841250629 0.849115247318333 -0.136820888616565
0.0485386524341494 0.0696718329113723 0.799092808434148 -0.146134856481912
0.0749569082017256 0.0359390552130407 0.607697131239396 -0.0923294431613082
0.0816119335649059 -0.00350998443811157 0.305452342530444 -0.0401769876466111
0.0858612387505055 -0.00350246104922151 0.0363070740584553 -0.0715659955132077
0.090168430298311 -0.0192109563324348 -0.273510933647055 -0.0155958459808092
0.0846423560786455 0.0214210169142688 -0.576540675760179 0.0264010029906706
0.0205167375454708 0.0287008422489442 -0.819516268598155 0.113489942331478
-0.0256939148185991 -0.0383895051575746 -0.88025655373392 0.0818604648380227
0.0185441120614052 -0.0681322139989004 -0.682547847533753 0.0402268193643847
0.0585782564144114 -0.00212504800308268 -0.436055784887582 0.204768879323266
-0.022846143509002 0.0906834528779686 -0.305245657912161 0.190066255996811
0.0223913037160905 -0.0927856202282313 0.370751309807185 -0.121326245311213
-0.0293360375152036 -0.0219393109417919 0.441530232391176 -0.215102224843133
0.00246042086671077 0.066747210181323 0.657098104295743 0.0289731831307621
0.0689977820490872 0.0448405476142191 0.909626429496052 0.0252285872090594
0.0403475080048502 0.00085076025838806 0.857179242823703 -0.0661243894130063
-0.0397875897105387 0.00709149831483748 0.592194422024595 -0.0728267599910843
-0.0571762846910399 0.0148393874755029 0.255021926395812 -0.0418246207235306
-0.0409633745575718 0.016669202843286 -0.0328661483770692 -0.0519622094149554
-0.0437201572239655 0.00131843886767806 -0.333536456645665 0.017509557383002
-0.0268879637205124 -0.0108149367534942 -0.619954994889286 0.0905528055885355
0.00742864068564938 -0.043708552255812 -0.800676588718917 0.217499166809313
0.067437365967434 -0.0438496626246559 -0.814232570422429 0.23257933693182
0.0265757865529415 0.0123858164687393 -0.665781635888393 0.191640055997394
-0.0100998045253673 -0.0410018498236593 -0.44265742252922 0.255572956046743
0.012032869957129 -0.100098772252223 -0.293782476780264 0.247222790504562
0.0237480390125572 -0.0528259715780229 0.370652154703009 -0.102303387802999
-0.00423329366788992 -0.0158338731118347 0.44788702346122 -0.201325209317671
-0.00121354705117878 0.0494160289029631 0.641019110003495 0.110832912730951
0.0452932707950054 0.0482478602399874 0.926130382396595 0.131199110855497
0.0389519271934169 0.020487630988151 0.872730661442052 0.00993659484899715
-0.0214805986304605 0.0139275437298861 0.587274029086857 -0.0350090586961984
-0.0350260979085909 0.0112189942197509 0.234097862114875 -0.029184227720576
-0.0184915054800469 0.013434824209381 -0.0551602526635084 -0.0466306470398053
-0.0203863216829071 -0.00268959094666991 -0.350230179058509 0.032850581907507
-0.00600256760011012 -0.00569705350893757 -0.621316040130004 0.126876440348872
0.0102678610111417 -0.0298242996662253 -0.771816227996667 0.271967030831547
0.0466912269782638 -0.0430487193061889 -0.7658596147277 0.303948217213474
0.0209720836371376 -0.0039999402852095 -0.633500521549903 0.258746385394501
0.00546513941725976 -0.0373852156141741 -0.431160402656857 0.2770067354642
0.0125222859707986 -0.0621728082537476 -0.280755810541359 0.25858257299309
0.0129866701186901 -0.00403633847606341 0.368157880781846 -0.0966935356569875
0.0206232459207971 -0.00162456047465722 0.444952824469877 -0.192378973346292
0.00471067211379067 0.0302790407746909 0.627179175135911 0.162915274758584
0.0194119217387175 0.0421790463145606 0.928269530619739 0.198035144777078
0.0365417908241044 0.0421165796847476 0.875085710369726 0.0528407687401106
0.00125565517007678 0.0258178349760692 0.582272498671593 -0.00886349983522368
-0.00447708896543493 0.00958714667606805 0.221926233874812 -0.0182929949982326
0.00955737627381537 0.00941061088913495 -0.0678442934117964 -0.0437262772789474
0.00718160978945467 -0.00881247574598167 -0.356937018109706 0.0436962722072635
0.0189055829777344 -0.00253923159174876 -0.616427676142929 0.150940203972733
0.0158367333418605 -0.0156901454479696 -0.752503092295294 0.304611852010629
0.0229401559310987 -0.0379778295415863 -0.732631950758359 0.345198436073626
0.0110347291340339 -0.0229822597792247 -0.611846251071812 0.299254576358241
0.0237070044227767 -0.0355289343007057 -0.418990815199527 0.290455949452392
0.015675325979727 -0.0177456135356933 -0.27003536218039 0.262961801410071
-0.0019918685479149 0.045150085938829 0.363585161177914 -0.106569411410228
0.0424054038757959 0.0152225300378704 0.439557311965482 -0.184519653232093
0.0102601556664311 0.0122642026831105 0.627777864831381 0.179105173588757
-0.00607792445722409 0.0346642019671052 0.927927864726696 0.213147640068311
0.0324324710357997 0.0624507767984349 0.87085679812666 0.0678794212703251
0.0263452735723788 0.0380498124059638 0.580023538248508 0.00294976401255071
0.0267098265234495 0.00759305937720653 0.221819744459681 -0.0122125731292892
0.0386792071317562 0.00483677986135479 -0.0655900695881352 -0.0444447301535653
0.035449738389922 -0.0162071071855104 -0.355646119268266 0.0446606177923487
0.0437959019794572 -0.000564778383007433 -0.610859592108348 0.156773139371209
0.0218281027313334 -0.000695793868977376 -0.742234073007271 0.312846362953743
0.00242547105874235 -0.0302747183664481 -0.72336220613181 0.35357834114038
0.00223661804025456 -0.0375235859632546 -0.602285128211356 0.305633553599
0.0395321143437924 -0.0355992031182287 -0.414280502831786 0.293603446413998
0.0175843919740393 0.0249503362682477 -0.267192612042752 0.259226426748901
-0.00962859303053888 0.0850662886969888 0.354163371089905 -0.130853154260546
0.0575493198034861 0.0252071511990829 0.429969674909362 -0.179218525032803
0.0135639358410994 -0.00582344797933748 0.64276679819706 0.154037289949312
-0.0253791298697359 0.0278357041924682 0.92631447526227 0.169388600297381
0.0321910545261449 0.0774844711590272 0.862167551570297 0.0459643606139986
0.0490542044253574 0.0471098796602487 0.587094717699485 -0.00145875504794291
0.0556867753726809 0.00515687308768458 0.232947964320338 -0.0114480479468841
0.0630608871271783 0.000361950976178167 -0.0511043369050978 -0.0478951825619632
0.0616145060452531 -0.0224496395525635 -0.345183643825135 0.0379498615639744
0.0661719922356991 0.00211084382474277 -0.606655407738852 0.143533871963855
0.0285776402641724 0.0124216582730238 -0.749035710196588 0.297326301947484
-0.0156170368398974 -0.0244348331010409 -0.741718257411242 0.332327702224346
-0.0037920359847242 -0.0525193868329517 -0.614365663457182 0.283887467234405
0.0539506237722314 -0.0330004124629115 -0.417862632449531 0.283355119920278
0.018102961909613 0.0616001606655089 -0.27246007170202 0.249381327126673
-0.0104291506476488 0.106673622918225 0.340637995723214 -0.160976709116541
0.0654626583333028 0.0250056831881593 0.420901105589551 -0.178874204874293
0.0105120357321924 -0.0160978616808373 0.664990265881647 0.0921454810400116
-0.0369768450258966 0.0275974330591959 0.918889154695381 0.0803485375727562
0.0371420561760783 0.0834268153984823 0.84974177919605 -0.0101461668428401
0.0671921929317476 0.0490932701506533 0.5935515487771 -0.0236361778770937
0.0763724643837079 0.00221837097727931 0.254684980107998 -0.0154206161001798
0.0807254669572565 -0.00266183396708595 -0.0269679726933119 -0.0549218727320914
0.0806006866193076 -0.025134772708825 -0.327947406669587 0.0228751016435679
0.0826620487870142 0.00741026207202593 -0.60062647639628 0.114978187881325
0.028067511579651 0.0224171002806957 -0.768126425676105 0.258538065194827
-0.0275757580653884 -0.0253830717223504 -0.783051818294595 0.284876840086283
-0.00322369491466567 -0.0646865480506729 -0.639279621276841 0.231330553863239
0.0639171697280631 -0.0253796431664735 -0.424238013390271 0.262352923538518
0.0096844820313985 0.0886725059252229 -0.279662750990998 0.231812926647614
-0.00536296090999606 0.111080378536145 0.322935146631297 -0.192469202888037
0.0637672664739287 0.0151014670178914 0.412521629141528 -0.185851508150653
0.00273120949859222 -0.018916564798718 0.680536025947185 0.00405676976252191
-0.0394268883729505 0.0315822969877976 0.895084853122168 -0.0318635167954717
0.0441502622116706 0.0818422111098568 0.828612817746763 -0.0806970413337373
0.0763224197048816 0.0444242554801554 0.604454463153015 -0.0560115463212245
0.0847983880329125 -0.00196912627794399 0.280232119830918 -0.0277542912320959
0.0891472078929619 -0.00414979751765649 0.00306090136858276 -0.0629289158090872
0.0900558559101526 -0.0240481548327899 -0.302882135991536 0.00450206301885263
0.0886518204794446 0.0147468140306078 -0.592722862679153 0.0780213927868832
0.0270437518551148 0.0287791776177565 -0.79655056227016 0.200807154208916
-0.032655377845607 -0.0303006682445605 -0.836049262881782 0.201097114783772
0.00605298289656392 -0.0716805864018026 -0.669300884126147 0.149713970067567
0.0664695189193833 -0.0143867132032282 -0.432771768225138 0.236587730987644
-0.00506353880755323 0.100073752038918 -0.291567627066105 0.214099135307459
-0.000113392473377652 0.0960206348589373 0.307456787055416 -0.218756464331395
0.0522712269100522 0.0045369541930401 0.408154175537488 -0.20209615111019
-0.00460161503504986 -0.0127252867305675 0.681419566348151 -0.0971207457370216
-0.0302717527353491 0.0355852113803486 0.853098363865499 -0.148130022677159
0.0494649933521561 0.0696482660625523 0.80254572655432 -0.156759939009462
0.0755544707248059 0.0357921201821682 0.609395795296731 -0.100965165941194
0.0816377616744223 -0.00533977497686449 0.306822872667749 -0.0446878807546892
0.0862338061535249 -0.00403789016134877 0.0346148250359279 -0.0713117493960348
0.0891494421631775 -0.0204724700888201 -0.275621361341917 -0.0132170523701747
0.0844403826044343 0.0196200634725394 -0.579949591142312 0.0329154062664208
0.0210715915502929 0.0282918292141403 -0.821333459407398 0.125879036896893
-0.0262399694473518 -0.0382491042879523 -0.88649033746431 0.0935225259669622
0.0192219277023356 -0.0688438612128127 -0.687340586104693 0.0496058627249853
0.0581651546404968 -0.00323189404865567 -0.437917638106906 0.211171606867121
-0.0212563726751303 0.0904371808614936 -0.306165919940409 0.193933535193444
0.0210915665814269 -0.0946855116412111 0.370016309239444 -0.125132505002536
-0.0292479390009656 -0.0215714565732043 0.441080278013112 -0.222717744371517
0.00394702228706414 0.0667708262863135 0.659092228970488 0.0191553757427354
0.0703546776223374 0.0435538295979608 0.914049533285905 0.0135168147331495
0.0401058438506868 -0.000370989134276918 0.861229641311951 -0.0759625637815218
-0.0402602764085828 0.00796329613487119 0.594380019974022 -0.0820770417645815
-0.0575745834237716 0.0152069286312059 0.255348847091907 -0.0448343153106533
-0.040845894709903 0.0169140056772514 -0.0353270584063929 -0.0520007455524486
-0.0446389730412267 0.00174446349757739 -0.335123145607565 0.0210804412088661
-0.0264649746829575 -0.0116185077016002 -0.622318904410508 0.102455314894655
0.00688318394925527 -0.0434051219280895 -0.800015885562063 0.231553289884441
0.0674487406739972 -0.0445002134316546 -0.814797877009661 0.247972039088986
0.0275113285936036 0.0123121862025786 -0.66668965871944 0.202478120632984
-0.0104509793342723 -0.0421565514444964 -0.443356968580643 0.261728339500132
0.011322537447694 -0.101320573948026 -0.293400568451012 0.251848143635487
0.0223226466817232 -0.0524268760997581 0.370593343517614 -0.107173773788074
-0.00375173332241707 -0.0163716217805045 0.445021180121257 -0.208676137454321
0.000508171945323696 0.0508244917144011 0.646327243953448 0.10051955926755
0.0468722087621792 0.0474009970327011 0.929024820268383 0.118726587738899
0.0406258816051848 0.0195678256228318 0.877659175825538 -0.00212371860567897
-0.0211168081393965 0.0151688814009216 0.590047345072187 -0.0440841104041558
-0.0363472396473521 0.0120902353429945 0.234519895514675 -0.0318106560908318
-0.0183051018739028 0.0141482715743001 -0.0570311348489453 -0.0456132126408432
-0.0213852221729582 -0.00188954883268981 -0.350851902533397 0.0384060579380639
-0.00597246003623515 -0.00634325517600698 -0.623506332550709 0.138775883577036
0.0100606338859664 -0.0300917960089531 -0.771922360029706 0.285220200396771
0.0459727170393271 -0.0441282186424415 -0.764261802983418 0.316106295138966
0.021526657473032 -0.00481807683217222 -0.636193320762217 0.268792063446861
0.00496580375659358 -0.0378086108365563 -0.428450576885469 0.284259226119349
0.0112552963386606 -0.0620865075091918 -0.279183404743738 0.262826362241768
0.0115448911681907 -0.00400588381978778 0.368957164657009 -0.101278979248919
0.0200841358696508 -0.00203306530794165 0.445463828648795 -0.199008239213619
0.00495544468747753 0.0303832411401106 0.631519617895644 0.155094853876198
0.0188721782116861 0.0427261837295795 0.933215140147363 0.187267554118046
0.0372096500901378 0.0410897806896391 0.882282994146679 0.0425320394430805
0.00217921899007194 0.0254415096965082 0.585480891273106 -0.0161662918221456
-0.00553694165289017 0.00938950650313515 0.223169750685264 -0.0212597473854372
0.0102206943914281 0.00877370506285764 -0.0694062751433897 -0.0430086081535575
0.00712104610162599 -0.0087640008787947 -0.358043419641667 0.0485632808987507
0.0190020642735165 -0.00420413629228289 -0.617134370181253 0.162810977002932
0.0153014672328403 -0.0153666825759426 -0.748591031307173 0.318087168923389
0.0235931113137781 -0.0382118587981726 -0.732462986464857 0.358043622507463
0.0117809619417599 -0.022423456500231 -0.610707235676099 0.307671170572172
0.022799007498212 -0.0370045488809901 -0.417605890302541 0.299030735971447
0.0157674879292472 -0.0181860863571668 -0.269183099987306 0.267714351418527
-0.00180353758971108 0.0450838338592427 0.362850791282693 -0.111741017991992
0.042485449898675 0.0148014294561494 0.439999525884022 -0.19128356486401
0.011058098281964 0.0112148677304044 0.630832236700021 0.170550171470795
-0.0053072570127852 0.0349737372134573 0.935071632497401 0.201450239625708
0.0334753050359728 0.0613760933363477 0.875738311994289 0.0568886905729313
0.0257922086207903 0.037918289333973 0.584340416517363 -0.00337232733264402
0.026669198509551 0.0081079936672879 0.222816906935077 -0.0151748566343434
0.0377940467757057 0.00407507712434838 -0.0669550666025958 -0.0436422217456193
0.0348696272522948 -0.0159724142976323 -0.357223554268382 0.0510280719326478
0.0442265057832862 -0.00156540191847649 -0.61354815091765 0.16513047815495
0.0220384572495941 -0.00249528927157815 -0.74202986274918 0.325900798554213
0.00204144481790591 -0.0311853454186341 -0.723798227765418 0.366815318804387
0.0014551741917765 -0.0379483319773966 -0.603575565386697 0.316661447672977
0.040079412917826 -0.0369006419347607 -0.413447347658008 0.300824653267156
0.0189477730714359 0.0244462499592342 -0.266740596346542 0.265007966209944
-0.0102752512767637 0.0848121984671917 0.353952894149744 -0.134894580572712
0.0580588275046956 0.0252023707833154 0.431327784109661 -0.18579312390657
0.0144339286308856 -0.00474126860156083 0.648131475859009 0.145020203422743
-0.0251317863894113 0.0282283820181148 0.932488427428949 0.157710713684886
0.0336845979776186 0.0763363518029567 0.866734640313242 0.0336681505817935
0.0501336714269447 0.0471336999053343 0.588371818785839 -0.00846898276947445
0.0553979053239757 0.00564448540491944 0.234452907346606 -0.0140434429075067
0.0639144635668702 0.000102428362634453 -0.0525183792822947 -0.0474629594294346
0.0600455837566282 -0.0229650336686562 -0.346088154656333 0.0423306883764426
0.0665537401182777 0.00146338732879009 -0.606689695739365 0.153332089828387
0.0276282130650698 0.0116880130172186 -0.747592991655811 0.308998767486023
-0.0150579413657032 -0.0247556029478869 -0.741523684701316 0.346247913413556
-0.00399542154129794 -0.0532501075583015 -0.613248298747482 0.294621115263895
0.0540148796669164 -0.0340366325920384 -0.416190434602174 0.289243225059431
0.0181282658333845 0.0618340058110962 -0.269881271396076 0.25566836867325
-0.0106103431614749 0.107117812185933 0.339034071130749 -0.165763166148285
0.0666170835070064 0.0243454252617804 0.420958176289375 -0.186165852499801
0.0111049281107029 -0.0156821984823642 0.670565082355324 0.0818634476036908
-0.0372473351582619 0.0285464743948484 0.923646644865857 0.066123756396647
0.0382769147714691 0.0829188379492937 0.854322234691851 -0.0202893448882556
0.0680609231821056 0.0483873511906962 0.597138380529579 -0.031525045577894
0.0759142582611987 0.000702958000811986 0.25560625785762 -0.019015338514635
0.0811463130485643 -0.00491731053888597 -0.0282550178596386 -0.0542569167939867
0.0801772619479049 -0.026362523334839 -0.329434521361148 0.0276782389056349
0.0833074777331172 0.00618978193569697 -0.603146569671376 0.126387596298332
0.0300331821335518 0.0219818258561744 -0.76799863149327 0.273138261240982
-0.0286909588109324 -0.0252696235907157 -0.783188380408347 0.300011603545237
-0.00334091726497644 -0.064669967038421 -0.640682325580418 0.240867118777886
0.0634425986196586 -0.027301464416377 -0.423928574231182 0.270170867540028
0.0100291154279757 0.0884117177797812 -0.27953239943453 0.237367015660573
-0.00589876831519102 0.11061006878897 0.322317754078802 -0.196379423987874
0.0641223404785915 0.0154562291279163 0.413255369547618 -0.193387888784528
0.00255473590614911 -0.0196320630194454 0.684356677922706 -0.00825877016606155
-0.0395957080938102 0.032091305722877 0.897622599986716 -0.0445698172399095
0.0442020063792364 0.0815115855065674 0.832746551431982 -0.092977547222618
0.0759183674757972 0.0430344974052035 0.606280159244929 -0.0647467561342419
0.0849137399232129 -0.00240807488181843 0.281242076810364 -0.0306562720055891
0.0892484652385801 -0.00596707558236553 0.00146116988155561 -0.0632219136384733
0.0892474557979433 -0.0261483161575585 -0.30464585742224 0.00868461664960916
0.0888653455625735 0.0127231606963706 -0.59329504579274 0.0868772849516811
0.0269849288459035 0.0280612251645285 -0.797089228838147 0.212402948772197
-0.0329181879826348 -0.030524403833538 -0.835130900470047 0.214637383188655
0.00516447176032526 -0.0727158255781951 -0.668869962897778 0.160689220940829
0.0661485854196787 -0.0153217013359304 -0.431644285434939 0.244049547176987
-0.00419284821529948 0.0996601382094414 -0.291335731456216 0.220234753261369
-0.0011395877546461 0.0969324335633213 0.306410505895694 -0.223954019257634
0.0515686963334955 0.00476896660464866 0.408611474178253 -0.208751753449334
-0.00456322963315295 -0.0116841927355997 0.682121641612393 -0.107359387681832
-0.0290894357584775 0.0351538096964327 0.853764545215058 -0.160843849576205
0.0499580553806059 0.0679137321574004 0.805732443358227 -0.170026692128266
0.0755680988517273 0.035774570126243 0.613339554523117 -0.109155373569777
0.0810232362013379 -0.00695112348381518 0.307904341592814 -0.0488827859554541
0.0854566182126113 -0.00565923252752419 0.0337658694140928 -0.0719366132008117
0.0881882189962914 -0.0220122076462126 -0.276855120932729 -0.00888436808328371
0.0842280371798017 0.018416245077578 -0.582880146631076 0.0416104889811131
0.0209174103215444 0.0278378353880082 -0.824705012614192 0.137877161287248
-0.0269113266436038 -0.0386312663764512 -0.889120990946428 0.107145250183
0.0183301053211018 -0.0693232434559492 -0.691629270898685 0.0591696596717421
0.0581714460079064 -0.00379005039994533 -0.43840074798374 0.218021592218759
-0.0208550567653806 0.0908087771659376 -0.304844966048294 0.199069011296981
0.0193190834306785 -0.0949172423451856 0.36884526525556 -0.130916445430084
-0.0298608180123639 -0.0205567130212094 0.440483837383962 -0.229238723264624
0.00500082163726977 0.0678238477333016 0.662249279439086 0.0107682368292
0.071307973204351 0.0428203651814023 0.915458133370542 -0.000826415999748228
0.0397925198485785 -0.00171384992727256 0.862220714707069 -0.0906043201289156
-0.0399150537035934 0.00887056296559608 0.595762691635373 -0.0904150996397028
-0.0576555873390797 0.0177398803409005 0.256898156113326 -0.0483339267235005
-0.0402859490478629 0.0174613165931817 -0.0369417966592095 -0.0518404978183047
-0.0447225795984405 0.00252685750492095 -0.335624219120894 0.0254987674372638
-0.0268393471405696 -0.0113088440240275 -0.62341490571076 0.112046895338934
0.00621157426125224 -0.044056300546646 -0.802838497454758 0.246664282822265
0.0662135211794621 -0.0457196376035085 -0.81305966155493 0.263053122788205
0.0278828851577705 0.0112482394850235 -0.666253597356114 0.213898031694398
-0.00999775874579285 -0.0418940559517341 -0.441693986971125 0.268607412182206
0.00922197023130563 -0.101681289697771 -0.291192211628693 0.256919642982932
0.0206373971801428 -0.0535118376545664 0.370334121484738 -0.112174536242303
-0.00463380273127553 -0.0168393711797545 0.444385195529812 -0.216133237372022
0.00202578343936282 0.0511916590757665 0.647161402618791 0.0916848487346538
0.0472790852885358 0.0462426353293448 0.935514332624342 0.10562228018839
0.0405996310739413 0.0184467143077659 0.880202115218956 -0.0161377064916129
-0.0212663690188576 0.0160511085847955 0.591964112851061 -0.0525745768408503
-0.0355642268831941 0.0129633392066437 0.236111466811965 -0.0355856336617125
-0.018457215756378 0.01409202265052 -0.0586925481326522 -0.045008845630192
-0.021666740848015 -0.0020321937472386 -0.35129765088097 0.042886182121062
-0.00609278571961873 -0.00697253082245061 -0.623481265774761 0.147463571314823
0.00946008172398036 -0.0307116230483991 -0.770807900731766 0.298154452194558
0.0450392295552552 -0.0455179667420595 -0.763862382471883 0.331624229854236
0.0223138393952956 -0.00510749824029225 -0.632684903283047 0.280473693146438
0.00632821986236819 -0.0373630623031973 -0.426261220307078 0.290809627830984
0.0103974885104333 -0.0627533569360745 -0.276950029407895 0.269217913533667
0.0113441271675127 -0.00429039808573933 0.36795157761187 -0.106329240657808
0.0203949323591924 -0.00132791879578116 0.445505800418009 -0.205658118960341
0.00595805643642192 0.0316905300526159 0.635506999159607 0.145540451362277
0.0193443439634378 0.0417915276999074 0.941074892337788 0.175020338262713
0.0372052223722123 0.041457525358579 0.883383674599922 0.0300882568033197
0.00267729481330319 0.0259521548995298 0.586559613132193 -0.0252342889616141
-0.00515638474905017 0.0108692677340092 0.224055230212151 -0.0247350731106937
0.00955280819689608 0.0088204338011488 -0.0708355742917876 -0.0428241906194373
0.00719344556789248 -0.00918717754515662 -0.358878497458724 0.0546113792111896
0.0184726179298478 -0.00406203598159774 -0.616921774912179 0.171904739344308
0.0163730617436196 -0.0170084700975404 -0.748078855538012 0.331221366265569
0.0227413261098861 -0.0398645472028779 -0.730185393061374 0.372902139282804
0.0118625471674763 -0.0227477348277984 -0.609488309780809 0.320357235411299
0.0231378422041856 -0.037940654116611 -0.415915276350355 0.3056130712931
0.0158990763291492 -0.0188398729740361 -0.266226923343311 0.271493739706912
-0.00169053185543309 0.0446600844665645 0.362251412306953 -0.116590905092521
0.0426589196562659 0.0148771475308567 0.439899142936768 -0.198312439880928
0.0120083517372315 0.0119726278869169 0.635040582706846 0.162630993741495
-0.00558407659263715 0.0347109842104214 0.940462413373897 0.187144419356088
0.0338834417073856 0.0608033631872796 0.879632506695275 0.0431923187440695
0.0266833021045583 0.0386586460648518 0.585567753926151 -0.0134382517248965
0.0269878124098616 0.00725326210624929 0.223447593967688 -0.0186372018584408
0.0375831898764528 0.00415931452077322 -0.0680134756569004 -0.0426994396923231
0.0340670148732289 -0.0171949561235129 -0.357928880733679 0.0560520394933012
0.0445587323070106 -0.00234250255434748 -0.612302672185479 0.175131020687955
0.0228681388920821 -0.00305730561985721 -0.738507672294056 0.337999186372834
0.0018141294567855 -0.0311664848136552 -0.720389419392544 0.380164576142697
0.00169351565341613 -0.0377039381694513 -0.601721728145529 0.327122053719908
0.0390986652160108 -0.0369298013273877 -0.409824971784441 0.307428601237569
0.019402997643276 0.0233594515748753 -0.265089881919737 0.269871938990017
-0.0106193887034173 0.0848420034642731 0.351286436373838 -0.138936435743719
0.0579292242915886 0.0245077503300717 0.432015063825979 -0.191295292994803
0.0139238949917805 -0.00485765080779309 0.651543049557401 0.136571562757133
-0.0244198776239642 0.0282518765502517 0.937134207088223 0.145731430845074
0.0346894755661089 0.0762708240121919 0.870824183871456 0.02110069773197
0.0512142061350212 0.0458415395743645 0.590406045320344 -0.0169600930086999
0.0558313150696575 0.00481570717475303 0.233925283721945 -0.0169282279717447
0.0634826406851511 -0.00172735567159591 -0.0532840156296661 -0.046770966968417
0.0602106425549637 -0.0233703652277274 -0.34779109947225 0.0474542022477737
0.0669302041240588 -0.000751105360152798 -0.607654709551271 0.163802191360198
0.0284786499420484 0.0100447547067356 -0.744861030577713 0.322726221105523
-0.0158073896004217 -0.0254778064096271 -0.739695481082201 0.361216898831064
-0.00562378433651333 -0.0522357074586048 -0.612233889882247 0.305604407974478
0.053753624935847 -0.0354505826071554 -0.414814020396127 0.296757546809444
0.0183010409556077 0.061461554221308 -0.267933198552147 0.258958677822731
-0.011404137912387 0.108189101615082 0.33927224631603 -0.169583217846031
0.0656605969583474 0.0220796815404107 0.420206561408191 -0.193049805733114
0.0106442136272741 -0.0159733370817863 0.672395686970992 0.0734148618919351
-0.0365515083107953 0.0283530262825651 0.929643853556761 0.0540161152632255
0.0397804347354726 0.0826461020887411 0.856140626684784 -0.0337817843517951
0.0686010777820684 0.047986215971805 0.598118087043829 -0.0390370871658254
0.0760654175121782 0.000255953570819929 0.256512729395607 -0.0225870198060571
0.0817277974628496 -0.00509173820811148 -0.0300471148132385 -0.0537603352427109
0.0794470253311198 -0.0278565818819808 -0.330674902923256 0.0319263411622778
0.0827809040265995 0.00427477212816803 -0.601724289989135 0.134696178617271
0.0306162153804642 0.0207436620017889 -0.768394423272656 0.284382733460905
-0.0278199138203339 -0.0239773476467042 -0.78174938740891 0.313408463253831
-0.00351873354280159 -0.0653744649489958 -0.640547222363196 0.252445068854264
0.0639159814416773 -0.0279875142431819 -0.423293613770359 0.276990074477873
0.0114200389677553 0.0878396903419956 -0.277981532574095 0.242468970564235
-0.00533269759261998 0.111558824234084 0.320327642752288 -0.201629655188006
0.0636174444557731 0.0148588948953752 0.412628802011311 -0.199749784010059
0.00323010184040296 -0.0186209056449474 0.686796239363546 -0.0180319743918413
-0.0383491600505052 0.0320777625566724 0.901743596374228 -0.0589413572373515
0.0463571628386898 0.0799946898220747 0.834844360660147 -0.1058949815206
0.0771456561734397 0.0428658180166806 0.609001707959604 -0.0742435356118924
0.0845042467576077 -0.00322394054191313 0.282833593106235 -0.0351338835271345
0.0893583599418019 -0.00675302516985376 0.000518507742345561 -0.064149734534495
0.0896268598488075 -0.0273270235186319 -0.306016521669373 0.0129840600999776
0.0894452023208392 0.010647118729539 -0.595785691718281 0.0955098943032168
0.0273592441307003 0.0268940449571504 -0.794756226702351 0.227555999750154
-0.0333404610036909 -0.0307167966829421 -0.836200092510182 0.230828004203366
0.00484013943321357 -0.0723991808108652 -0.67062917137609 0.17089062614608
0.0663647930073257 -0.0163684729176388 -0.431201763660557 0.251755779413189
-0.0030994996809231 0.099485907638209 -0.290355292248217 0.224102890193732
-0.00102108311253338 0.0966983575893642 0.303476241787321 -0.227203429201558
0.0520314286534847 0.00398178510520745 0.407310936726306 -0.215912026203187
-0.0047291124003509 -0.011284516407432 0.68286370332631 -0.117856823187098
-0.0294006745531539 0.0357648761332139 0.854725846407716 -0.173735788798264
0.0511762476820395 0.0679246800607979 0.804779781871366 -0.181835128270894
0.0764324346195492 0.0353534574999259 0.613455335746887 -0.119960380094884
0.0813529036881034 -0.00638721958145037 0.309547286279451 -0.052108626742897
0.0865263231139723 -0.00703263999095822 0.0331359108356916 -0.0727395380886414
0.0881852250189934 -0.0225283470002531 -0.277429914389958 -0.00474595829276997
0.0855858470065894 0.0171090389105422 -0.583082436930929 0.0496305895432946
0.0219577031789949 0.026702004926957 -0.826666334120715 0.152010730554587
-0.0273781429465162 -0.0393329043603661 -0.889285391338082 0.121315137575562
0.0179030770802317 -0.0701919644670333 -0.694650982394908 0.0695459034227953
0.0585170798374075 -0.00485286333577546 -0.438043361729625 0.225635296768115
-0.0201978127364469 0.0917692917065191 -0.304084158333322 0.204323297249723
0.0173523751806296 -0.095403960474308 0.366585804074063 -0.136034232122881
-0.0304498383803275 -0.0200084707870989 0.43699990176857 -0.235798341409641
0.0058518909103075 0.0684831706224512 0.662613587614421 -0.00281447667637744
0.0719003779613462 0.0404698380205378 0.919644550241649 -0.0160996197460052
0.0405676865521992 -0.00242150899602122 0.863203046905104 -0.103437595415119
-0.0400178485984512 0.0103835410180233 0.595199036976305 -0.100125191774267
-0.0583532182735996 0.0184108588822053 0.256211656497179 -0.0526227469057092
-0.0399940046199033 0.0185160110974727 -0.0383883993795439 -0.050941099087263
-0.044601634715886 0.0030369893154569 -0.335848236281144 0.0313717803707829
-0.0256130313855579 -0.0110865154511146 -0.622158847100983 0.122881042154974
0.0056047112974244 -0.0447082529226716 -0.798406231209348 0.26057247362513
0.064816540795071 -0.0471339173343598 -0.809572379569964 0.276559309988304
0.028400924264751 0.0110298533570112 -0.663900636195906 0.226632435577002
-0.0114175622524061 -0.0423820124594036 -0.439086087512198 0.277894954477962
0.00823794633588383 -0.102109073435399 -0.288328491132614 0.261711213030365
0.018697780155852 -0.0536086118729267 0.367844890264577 -0.117625252447643
-0.0053473486330549 -0.016387340373019 0.443338512414299 -0.222391194043188
0.00441249588466401 0.0516119258086917 0.651038560547432 0.0786001754339276
0.04798854566593 0.0453638754890996 0.938374189485665 0.0903236477503409
0.0409518517062481 0.0174529475549595 0.88171600918998 -0.0308568368577348
-0.0205880113371549 0.0158596987152234 0.591298970662048 -0.0619328800177843
-0.0354828529547738 0.0147874797130348 0.234704300033829 -0.0381157302995575
-0.0173465625342602 0.0141273110029171 -0.0597662495552166 -0.0439481836618097
-0.0223042842581721 -0.00169959197087445 -0.353290915573664 0.0495846991832685
-0.00611935370737455 -0.00712624422473412 -0.620842644741554 0.157785095092445
0.00928656888823441 -0.0321277309404199 -0.766612914732666 0.3118877677677
0.0443353650538157 -0.0460064215428633 -0.759444542175698 0.345936692147454
0.0225322887813042 -0.00573167419390614 -0.631364958284667 0.291150161827211
0.00557423442488504 -0.0389728288118802 -0.424407716723158 0.298836291146484
0.0108508375696833 -0.0623863145117634 -0.273554199490698 0.272458331599304
0.00978234556369968 -0.00419346300086196 0.366155176465841 -0.111929729953087
0.0203354272793263 -0.00120903668151199 0.443509710409711 -0.211707023458489
0.00698868768306464 0.0320493593654245 0.636953811717818 0.135288933097287
0.0198184573139793 0.0408189852311325 0.944230735434312 0.15839105803896
0.0374234753538322 0.0401538623772002 0.885426031607087 0.0145984851461682
0.00246070310129834 0.0262256594183785 0.587370538800202 -0.0349187087329577
-0.00582884337970611 0.0112876788801847 0.224538696874342 -0.0275367247131934
0.00979700866392232 0.00921510579721532 -0.0713256098034169 -0.0411136298837422
0.00579653496485119 -0.00967492660652666 -0.358781969016592 0.060588121487108
0.0189170116528273 -0.00554520958080316 -0.616446790719267 0.181975215574041
0.0154469479653458 -0.0172755681380997 -0.742998248063364 0.345705085336352
0.0215980143611244 -0.0402962273899116 -0.724932846337895 0.386500131506177
0.0113931694846248 -0.0232428673560878 -0.604833998690865 0.330543916407974
0.0227037199545644 -0.0381997980110802 -0.411955388121936 0.313224772878414
0.0153914686509771 -0.0199012222603044 -0.264489022031991 0.277188758287095
-0.00265620020247031 0.0445205064166902 0.360991496254194 -0.12194415603262
0.0423861053265619 0.013306372525373 0.437643688903882 -0.205095457905457
0.0129164587197146 0.0121291487294759 0.639719560064577 0.150692706359709
-0.00488523620499244 0.0346318550111534 0.945192698075268 0.172763752631232
0.0358464038809528 0.060391655972623 0.88186247428106 0.0280703902522413
0.0272755199526029 0.0382469004349334 0.586355889253057 -0.022678575567647
0.0261423320490377 0.00843279533342004 0.223293535714989 -0.0219080726621922
0.0383986238835252 0.00286315320920201 -0.0692674954898945 -0.0412604411569943
0.0340867981552563 -0.0182595556880384 -0.357414480483005 0.0611166268153002
0.0442936563061256 -0.00444561851490568 -0.611228108580129 0.187742502395882
0.0223049196689943 -0.00394503532141462 -0.7334893585264 0.352572030044971
0.000653537472291629 -0.0311927137052005 -0.71512100919142 0.39407395918719
0.00186485397150525 -0.0377718039540384 -0.597459545823017 0.336852356295742
0.0389898807107384 -0.0388237921462686 -0.406890063621582 0.314666152283295
0.0201018199315205 0.0225472735503797 -0.261775322966066 0.272969103513529
-0.00992694091658896 0.0850415090536094 0.350125971164329 -0.144259096930183
0.0583683871541399 0.0233653406295983 0.427582085401594 -0.198931638884786
0.0153651568737652 -0.0045393374265583 0.653705787579085 0.124541192675111
-0.0245358268367441 0.0287053201284637 0.941433327856247 0.130050251015055
0.0356124067322373 0.0750600296534418 0.871672101996494 0.00638722992173509
0.0514001263271187 0.0457070656580065 0.592288723298167 -0.0289558732386359
0.0555155880483851 0.00408743400680805 0.235363222881448 -0.0203648088531226
0.0627044523657345 -0.00280273874866195 -0.0547249675357716 -0.0457349810791762
0.0600369725874057 -0.0249176910883962 -0.346588639170675 0.0531493361984422
0.0670826718249053 -0.00243143942547167 -0.606683012032199 0.175433093287138
0.0287275408982732 0.00931170326220905 -0.741038945327936 0.336887175558618
-0.0166577968299975 -0.0261461063752164 -0.73370157832298 0.375379223109644
-0.00481133061560997 -0.052076321253092 -0.610397674051989 0.315972716730606
0.053860422441965 -0.0368111040340577 -0.410693606354132 0.306357421267211
0.0200610090705234 0.0603701599437552 -0.264138847150607 0.263162483091632
-0.0102363267591045 0.107931443168041 0.334826438698071 -0.175082812439403
0.0659627043025361 0.0228622653936521 0.41902965303047 -0.199836624056599
0.0112510457258 -0.0153253307430377 0.676876789935495 0.0626458483531435
-0.0355732377261419 0.0294039952555865 0.929043001535061 0.038604650596803
0.0411261090636107 0.0810573702397976 0.857762503719559 -0.0485835837532981
0.0689014823021236 0.0476690539684446 0.600280379869842 -0.0507901648552258
0.0760882326631501 -0.000149421195402111 0.255982076024985 -0.0252193868368833
0.0818092149085822 -0.00604771275334315 -0.0307378984482677 -0.0534267334985681
0.0788233992628125 -0.0285169558770864 -0.329940147535013 0.0374354304099808
0.0831722446465323 0.00221719150803072 -0.600504384055796 0.146593210690966
0.0305769367522851 0.0199906184985595 -0.761955869724281 0.298394722471357
-0.0287386422577812 -0.0245016826610228 -0.776576435598255 0.326516722039739
-0.00511175438553912 -0.0651507767251604 -0.637912579199405 0.26513782820584
0.0645628958597652 -0.0296617401889848 -0.419251515120247 0.284656319979354
0.0120008555141992 0.0868360039490836 -0.275429019392185 0.247523607562568
-0.00463820745731818 0.111596636693353 0.316615039812573 -0.20579905860662
0.0648136863330901 0.0136725060899641 0.411540681854041 -0.206889267292907
0.00311826861717573 -0.017577434631528 0.686836986783894 -0.0308431766529973
-0.037771216727753 0.0325975850005263 0.900733637344264 -0.0731494315959394
0.0480418659048567 0.078159209457023 0.833692527520731 -0.121426042670333
0.0784891976159214 0.0418161658804303 0.609059063951132 -0.0850595015552896
0.084548744832924 -0.00513015209047658 0.28326523636994 -0.0397690901070396
0.0894355938146253 -0.00848373651154101 -0.00092385112843878 -0.0638409587647815
0.0885176168489293 -0.0285099796843492 -0.306420752378883 0.0181239935750694
0.0894351826539036 0.00855682851851135 -0.594668848031252 0.10610638817265
0.0278211868918601 0.0261803547410351 -0.795140480335949 0.239931037621887
-0.0335046705700795 -0.0291442694248509 -0.834265798374414 0.244226967497239
0.00380905624301551 -0.0720195509772204 -0.669939615205394 0.184968427528383
0.066375642035177 -0.0179711256098904 -0.429323832676747 0.259613105120011
-0.00163779089552643 0.0992872678853734 -0.288016861117104 0.227841225443475
0.00041513786015287 0.0963829651408414 0.299686950097337 -0.231629443587909
0.0511362344750692 0.00391863524743818 0.40434815523833 -0.222467691291775
-0.00405270371243443 -0.0114813878130742 0.680106494367845 -0.130570081324447
-0.0282121536669722 0.0352447678977018 0.853109107717828 -0.187501578065785
0.0532876327544588 0.0665597051767138 0.80219030008861 -0.197404548180189
0.0770575033499036 0.0332044533140999 0.613527142740157 -0.129095474739017
0.0807359798039776 -0.00799084002947562 0.308612939703692 -0.0573315280776275
0.0866621034580047 -0.00831201337882461 0.0306232598335038 -0.0731264308293477
0.0871895119761429 -0.0240485715635252 -0.27951546820745 -0.00068321084537536
0.0851886162419624 0.0145013221102017 -0.585533337827383 0.0598976419055373
0.0222726662121042 0.0255251309252399 -0.824149512450853 0.167597412847419
-0.0274116056515445 -0.0384590726477142 -0.890522551549287 0.137573250320846
0.0170215026762002 -0.0700853646594658 -0.694256043833979 0.0825944921345531
0.0594005048063496 -0.00632089101316423 -0.436476049124633 0.233794135705177
-0.0183781440432721 0.0913405075344263 -0.301465028312201 0.208776823960695
0.0151545953015755 -0.0951448991594717 0.363447795205188 -0.141801880415451
-0.0302201733022751 -0.0199957334755421 0.433907575430914 -0.243664624352448
0.00767614321881266 0.068207881980851 0.661364368263718 -0.0148964578374745
0.0726509593796945 0.0393972598839409 0.917848960173269 -0.0324860052724797
0.0402094551559561 -0.00339153268905138 0.859721666049847 -0.118490468744156
-0.0399933118578334 0.0112953241824148 0.592397175558581 -0.110472691686501
-0.0581141636689213 0.0193379022799972 0.255033693789999 -0.0561814393661888
-0.0401946578966718 0.0187420087896995 -0.0402589556980658 -0.0503739579792903
-0.0449327988705202 0.00377914136378217 -0.336290320893529 0.0372883516101477
-0.0264698876701877 -0.01133335598924 -0.621783681728498 0.135022995358054
0.00542922408732302 -0.0443185263026497 -0.792523670321644 0.273869980356343
0.0649120164900465 -0.0489976257086214 -0.805089302681817 0.290709149307217
0.0277915592286904 0.0106366443687351 -0.660724498720586 0.239548146261974
-0.0109044808889669 -0.0423778198556445 -0.433165242820339 0.284126768477396
0.00619904397323129 -0.101339098451123 -0.285197779882856 0.266673221619312
0.0178805029506074 -0.0544969761937848 0.366115077615183 -0.12356781848398
-0.00397598312938038 -0.0154128069858759 0.439761143930055 -0.230301934250415
0.00430189801633999 0.0518038338733884 0.650150708916392 0.0703262878196939
0.0481404538380781 0.043696532776479 0.936458347065501 0.0726778499402957
0.0412778069776913 0.0163322967799974 0.880557181118523 -0.0466724068110156
-0.0215792538630163 0.0171031144912097 0.590564937979364 -0.0735404656938935
-0.0361994976399904 0.0151082130669829 0.234948103583263 -0.0422547796790923
-0.0174618855643578 0.0145013235583094 -0.0614857324158927 -0.0430152907163299
-0.0219650504406267 -0.000592441695074681 -0.350738438159167 0.0546063657418596
-0.00563498139957185 -0.00743771939476717 -0.617133029226407 0.170623016571026
0.0084055787504015 -0.032131072150036 -0.759777822118533 0.327405586216736
0.0432031742966251 -0.0466437033694078 -0.751756408053138 0.361322665034921
0.0217945582682597 -0.00635341079408833 -0.625950577150232 0.305210315823397
0.00556941326919428 -0.0387532255886978 -0.417923644328422 0.307710181118604
0.00953777092111496 -0.062550185484081 -0.269544878849469 0.276851295112066
0.00878292471316907 -0.00459350235871054 0.364303452540013 -0.116045143090995
0.0207994600203531 -0.0023091118231394 0.440300939403804 -0.219990710304879
0.00798670041212852 0.0324200509488449 0.640109541046265 0.124042253335868
0.0208670877964149 0.0399306962203461 0.944661222579188 0.141768023624064
0.0386251250063286 0.0393545518436733 0.885792935789822 -0.000322731949723865
0.00250825110472317 0.0267694163947896 0.586352659509578 -0.0456961401747754
-0.00578483445446126 0.0112164017848735 0.223975388069294 -0.0307550090790113
0.00988884607184427 0.00830122075509571 -0.0714733081478137 -0.0401940342424391
0.00537314763605237 -0.00872537518485359 -0.356329215759703 0.0666922871409306
0.0181837382702316 -0.00680842118856444 -0.612284839504047 0.194518577117306
0.015601179096287 -0.0174059194244658 -0.735671798111982 0.357368435304545
0.0205391704317578 -0.0409292234824799 -0.71756189266755 0.401486605187151
0.012064432476223 -0.0226277899266721 -0.598464348389465 0.341300396442244
0.0225487818849924 -0.0396675621674758 -0.407516030506614 0.319398519436705
0.0142332436865603 -0.0202555786064937 -0.260148680004714 0.2811730011033
-0.00254386805529301 0.0447090258080424 0.356933127729495 -0.125577574138367
0.0426414378065393 0.0132373905371738 0.435274030174057 -0.211611261788361
0.0126754537983157 0.0120638880375806 0.642575207718475 0.139828053327937
-0.00367476356478298 0.0343671061612337 0.945459699397196 0.156021005602269
0.0365322868717108 0.0590309184085093 0.883086826402248 0.0148745374341005
0.0284397888351962 0.0374171099526598 0.585931639501239 -0.0348046368988935
0.0256954790847608 0.00757967764522783 0.224300334339482 -0.0244706540815144
0.0378109023522057 0.00241431712741736 -0.0702601381441622 -0.0401544029414083
0.0338577418168822 -0.019032971123027 -0.356512316997419 0.0680340895997032
0.0447955799724006 -0.00526544752918308 -0.607268327547016 0.198279918389796
0.0229769696832755 -0.00417832230445111 -0.725457542462111 0.36752748151345
0.000685943226592576 -0.0310293157865695 -0.707560251826987 0.408198174289899
0.00155155102076479 -0.0388273638779162 -0.59127438269659 0.34870606581812
0.0397727260848184 -0.0395798647143076 -0.401814063706689 0.320647761169501
0.0205055424237847 0.0229532292286224 -0.257697845759206 0.278334353122777
-0.0107881499547733 0.0842241658089612 0.347231477271835 -0.149723484376206
0.0584943636606803 0.0226661609077167 0.426248962969042 -0.205755781947556
0.0158902072083956 -0.00386961784153506 0.655210158805217 0.112915308532295
-0.0235503535738616 0.0297793358466468 0.940858417280336 0.112185293229953
0.0372237291031946 0.0737926730711623 0.872192905875018 -0.00816922289744484
0.0515002103084082 0.0442711595241977 0.590545040116991 -0.0370646867001699
0.0548804731021397 0.00402378226978627 0.235191379285148 -0.0241684504981243
0.0638405374651963 -0.00416972142684833 -0.0554182906091202 -0.0445422956497929
0.0577894082316637 -0.025891798260634 -0.346555799254791 0.0600329220263237
0.0661251328188652 -0.0034619576801573 -0.60094738468294 0.185517861818214
0.0286125478921799 0.00745952112287248 -0.73416899398116 0.3514847687637
-0.016250968778515 -0.0245580422590381 -0.72916224165192 0.387755176693655
-0.00599496203318885 -0.0523677804481148 -0.60267620846438 0.327437376154179
0.0541508726156636 -0.0375312748880057 -0.405325090399897 0.311557024680417
0.0203874619845317 0.0604330845335942 -0.26202583247403 0.267702838200211
-0.00947939667349877 0.108005092673155 0.331117841805342 -0.18035297089359
0.0662658172439504 0.021439917410616 0.415925050358756 -0.204787836405289
0.0115292551767957 -0.0150139546646572 0.674436744029412 0.051263508666885
-0.0357242818635341 0.028520053536827 0.92801115915232 0.0221373843562888
0.0418935115451686 0.0803431432502786 0.855839131880539 -0.062838203526906
0.0692270119378716 0.0464573613163932 0.599435555571419 -0.0615745085314836
0.0758264404978932 -0.000923787115723454 0.256747705894997 -0.0300852055420076
0.0816202129669738 -0.00749056385721243 -0.0326109639847229 -0.052476925804112
0.0769388124682137 -0.0298555842497749 -0.329928303046909 0.0439993646175416
0.0825643521960389 0.000485309893918331 -0.598149727594825 0.155229544090294
0.0308500257361884 0.0191374320389317 -0.757504281832124 0.312457067408713
-0.0283856239726013 -0.0241450097668108 -0.771483297230622 0.341706380102813
-0.00512118146149531 -0.0649522204094478 -0.633242390804378 0.275710042957662
0.0634179696308177 -0.0310281967127663 -0.415686938480761 0.292929943642507
0.0140327515773435 0.0860685428835305 -0.272820361694393 0.252551972802944
-0.00409319661291171 0.111765282198586 0.313688129090468 -0.209802409859461
0.0635550824130118 0.0127829631943999 0.407536963516818 -0.212770013812765
0.00340947750749169 -0.0173374328973347 0.68592060099097 -0.0409418565045437
-0.0374132745555487 0.0326954211226576 0.897619648522489 -0.0891882553751796
0.0486672404629893 0.078194492187086 0.83093788988639 -0.134457698164827
0.0791243131552571 0.0408407364356281 0.605045803129561 -0.0965331466094538
0.0842007305266819 -0.00608107581522896 0.282910509718324 -0.0438841969977957
0.0892755463145912 -0.00977083979729315 -0.00230285982360837 -0.0623675374706763
0.086683954772517 -0.029697407584109 -0.306366353077274 0.023704720937123
0.0901104274050119 0.00677175786203155 -0.592420428296872 0.115595182671865
0.028636739930669 0.0255816949881216 -0.787539117856889 0.253588695369936
-0.0331784829971259 -0.0296645096608208 -0.82809019305705 0.259631112293302
0.0031208411634065 -0.0723648617511257 -0.665533559786601 0.195953508452744
0.0654400898745953 -0.0185161520252332 -0.423575189272723 0.265743614367241
-0.0009694718125482 0.0989579814105359 -0.284992340970082 0.232382069369871
0.00011874789672286 0.0964151316410598 0.296121948290911 -0.235767009741359
0.0507541154728523 0.00327926659252513 0.399986858510176 -0.229950362856191
-0.00364203970903795 -0.010506440160088 0.679660339625398 -0.14282811280533
-0.0286028378239492 0.0354479598091972 0.846281069142117 -0.203999508406933
0.0531522569316753 0.0650293798157213 0.798944390832987 -0.211567662509677
0.077728680935006 0.0321266012963436 0.611493889765101 -0.141085014970259
0.0799893054374284 -0.00900031128986556 0.308094931976408 -0.0629806232434235
0.085575252771951 -0.00926789586745399 0.0294669123778383 -0.0743805258435786
0.0854319638331849 -0.0256192673024822 -0.279161676553655 0.00426314058379295
0.0852193680867869 0.0129589355595019 -0.582131701775483 0.0711177456890927
0.0224821899407416 0.0253727938856129 -0.821062298927239 0.180863152328723
-0.0284573333790575 -0.0383423812329139 -0.886607115071096 0.154952759054856
0.0158210009945297 -0.0699905578421813 -0.691009130609184 0.095195591275291
0.0588394639165984 -0.00755425972787855 -0.433140268718655 0.239978941977479
-0.0172924918665231 0.0911011188808206 -0.298448362472953 0.212991372483318
0.0130711701941227 -0.0946610559589703 0.359810955082566 -0.147737721823565
-0.0297202097295911 -0.0195762596620253 0.428162768613092 -0.250280592745538
0.00880931609527997 0.0676752511571234 0.656513277003474 -0.0264148088313157
0.0717098339008138 0.0373100750998927 0.911575336137557 -0.0471091013796239
0.0402251436710309 -0.00418895546462902 0.857026211704868 -0.132157411101091
-0.0397752800289722 0.0126439744125219 0.589781961513295 -0.119996474562138
-0.0588769123907346 0.0209412049855252 0.253779391551121 -0.0608398638748059
-0.0398775068419711 0.0193275767375987 -0.0400613609385969 -0.0494777296763124
-0.0453391273156298 0.00606154650588845 -0.333330219975797 0.0430544839677358
-0.0261666129454984 -0.0113588204035804 -0.613270172623604 0.142663038948121
0.00464766185080198 -0.0455630342889684 -0.784392162310002 0.287706187981278
0.0630172206573299 -0.0503339662332712 -0.79744459328003 0.305212376244733
0.0286001966896725 0.00937604693855512 -0.655581600616876 0.250380238762874
-0.0112445357471492 -0.0437542101587104 -0.428335475749066 0.29067801710123
0.00596105482750236 -0.102229217963485 -0.278979964465154 0.269131980163999
0.0146114181855741 -0.0535720271778983 0.362288406173284 -0.126576394626213
-0.00525513997020275 -0.01567083551062 0.432793445617209 -0.237708232053688
0.00602881845970635 0.0513574585177247 0.649866243741397 0.0556152545712369
0.0487025483316959 0.0428162964411699 0.935686728069665 0.0578052932764166
0.0412945107857318 0.0158568756763162 0.876820599559351 -0.0618284093228644
-0.0196227543949156 0.0174299605723306 0.586378998627787 -0.0831901332666625
-0.0357980048190063 0.0167882803664558 0.23343883288769 -0.0451032225856513
-0.0179681187854547 0.0152488211968261 -0.061860077860135 -0.041608814075586
-0.0225408766413539 -0.000512201491102079 -0.348053385022631 0.0608167836795762
-0.00565033878632818 -0.00772967838706172 -0.61155112246471 0.181002077713967
0.00706142369673785 -0.0327009132798926 -0.751481271382447 0.339888611982934
0.0420271322163666 -0.0482401755075696 -0.74361110026095 0.372001229946775
0.0224691889389421 -0.00702684019140432 -0.619677328926798 0.314365920058687
0.00523920193324507 -0.039634438509993 -0.412402365848241 0.312111499602183
0.00771601273811612 -0.0627085776014666 -0.266149144518757 0.280703179666686
0.0083747643419504 -0.00370937919522521 0.359282895944299 -0.120546412863045
0.0203978463553452 -0.00326746980818698 0.436616817668691 -0.226159180293237
0.00919218700097631 0.0319604915855627 0.639366975328243 0.113038255598602
0.0215409853730249 0.0388455209639175 0.944118444234936 0.125159205082096
0.039453852770964 0.0382750197473084 0.882847124034196 -0.0170837853867038
0.00261929724806418 0.0270382262251589 0.583178019026837 -0.0554701869976665
-0.00587084435327898 0.0121424676468638 0.222907643358382 -0.0348085598709775
0.00976610781418633 0.00823641580718081 -0.07175987503652 -0.0384441126982589
0.00541875967061301 -0.0087059495837341 -0.355137123960431 0.0721865456841229
0.0186388855243895 -0.00644123169760173 -0.606603412407225 0.20315168973545
0.0145611748409135 -0.0188491338695401 -0.726171990078858 0.371155981293718
0.0196726161257575 -0.0415687526617128 -0.70706623949794 0.412942370302627
0.0119631331091817 -0.0232877962957813 -0.591340936883034 0.350467444058965
0.0227591224732754 -0.0405153315476979 -0.401246080507753 0.325493524566643
0.0149055311013523 -0.0203664982430801 -0.254345801108536 0.284635600364905
-0.00311359928458421 0.0442833696591783 0.352325643357777 -0.130594422692209
0.0420954187706027 0.0130582625100883 0.428494865122993 -0.217364168181381
0.0133140251042778 0.0117922968959802 0.6393935133243 0.127426154365111
-0.00315027855910585 0.0326557644168137 0.942854488747149 0.140180719266996
0.0370357875757223 0.0584833704516626 0.878063656279567 -0.000856818862207758
0.0291884787009877 0.0370528043444104 0.582714399328029 -0.0430077328723633
0.0264530221879411 0.00780196165955905 0.223030152242787 -0.0292271981145838
0.0381800278455052 0.000939083236197909 -0.0712831796270597 -0.0381939638333452
0.0316993789645245 -0.017782139668366 -0.353497121043227 0.0736497450091031
0.0445376750855651 -0.00608283307587364 -0.601083105763183 0.208615067475954
0.0226225967088256 -0.00502371285815412 -0.71727264656456 0.379396840190032
0.000260023575573939 -0.0315702782653238 -0.698452896696683 0.421973950661252
0.000675151101639756 -0.0383405241256679 -0.582125068313048 0.359875674967773
0.0383313557069527 -0.040836244184211 -0.395902844886482 0.329168858998769
0.0197158040300712 0.0216303037455322 -0.252155925097096 0.281171365010599
-0.00955107538897415 0.0854762337268852 0.343270331291185 -0.153395037101213
0.0578653664392606 0.021750088085943 0.420534170835828 -0.212712066938664
0.0154400459660152 -0.00415740768487972 0.653237752451157 0.103949770097069
-0.0237202691262137 0.0289836406132156 0.938648938867653 0.095673998971791
0.0390766698152936 0.0721591976402513 0.868685386159528 -0.0235046848800795
0.0534569417975241 0.0441294425472758 0.588201660742385 -0.0493123248213793
0.0545967236539301 0.00256301565067387 0.23423704136826 -0.028583479778334
0.0631795173669223 -0.00509356690264897 -0.0567174653050025 -0.0444104081845483
0.0576790087325659 -0.0266691216831716 -0.344334101369973 0.0641276329199967
0.0656801456356485 -0.0049898043650767 -0.595474228794684 0.195423258688421
0.0276561709552426 0.00756600748853099 -0.726436647391314 0.362382710239899
-0.0169372193568057 -0.0254701953635778 -0.717607316343229 0.40114850641217
-0.00671180553621173 -0.0524477701214028 -0.595436434360672 0.336531642291556
0.0526247159565429 -0.0391317805924983 -0.400038324038728 0.317443653563434
0.0213681008869393 0.0594659870183184 -0.255812248191259 0.270909540991344
-0.00902346645121299 0.107296927087201 0.32716839072654 -0.182087937461686
0.0655908570717569 0.0201839695167088 0.411379832896819 -0.213376406896427
0.0114123895935588 -0.014574024046236 0.674507165610525 0.0395757779757417
-0.0338275739620803 0.0294541344465417 0.92560272738362 0.00676537465005629
0.0441915090295789 0.0793884397935464 0.851606557829935 -0.0784159511407997
0.0701638058506799 0.0452835973233863 0.59614456936479 -0.0717031667936055
0.0757278308838679 -0.00196328815054196 0.255289449342383 -0.0338884978908134
0.0808686312240219 -0.00965258963336505 -0.03374306599691 -0.0515714830065372
0.0745891713977657 -0.0310412137476539 -0.327427982994245 0.0497885253656933
0.0815785931831596 -0.000991244351076143 -0.592453656511335 0.167927843836087
0.0315040524180884 0.0175447185028427 -0.747859201331078 0.325699198322794
-0.0291670712201752 -0.024186945280245 -0.760654848468381 0.354122315787414
-0.00621985599710084 -0.0639004921361135 -0.625787205902755 0.286226793321133
0.0628897982263025 -0.0320342290703894 -0.409349988940189 0.299896197455622
0.0142649046833322 0.0856349918394688 -0.267770419484511 0.25519796077215
-0.00341719785771973 0.11190861337738 0.308672606726607 -0.213127907014055
0.0633994500357308 0.0125540806641316 0.402411369225145 -0.221028995680448
0.00380829605294988 -0.0163649954426389 0.682970993861079 -0.0530243627388842
-0.0365478752339303 0.0327117232001659 0.892382007405388 -0.10524525938168
0.0504964901572041 0.07548583176956 0.825604677464007 -0.148792606644393
0.0786611888661188 0.0407403945259947 0.603191906976784 -0.108048100089424
0.0835051598939429 -0.00623846727237784 0.279794055485005 -0.048889068166221
0.0879033486064277 -0.012483154990194 -0.0043942054433698 -0.0630851819548744
0.0857306931542434 -0.0313224592247663 -0.30496273457972 0.0295062578418829
0.0899808109399457 0.00463250544165242 -0.587507064890479 0.125059809504821
0.027854757601241 0.0235356666858135 -0.781517009511859 0.268733943376736
-0.0334771653089298 -0.0305767996111891 -0.821834160778784 0.273784496096464
0.0024239781417378 -0.0721064481865949 -0.660934518817747 0.206625560192706
0.0661994568044288 -0.0203301384707068 -0.419991230589494 0.272311796896191
0.000769096632601569 0.0971735461336478 -0.281269850626563 0.237592647647724
-0.000412186472364625 0.0961461067127871 0.290368311063284 -0.238281300522307
0.0498401311219063 0.00259994092761259 0.394756133238779 -0.236865476986526
-0.00342506321614652 -0.0103203556918932 0.672104320285537 -0.153064498847331
-0.0273260703120737 0.0364073508763621 0.841822796961293 -0.21869191430157
0.0541710463911075 0.0637736488334612 0.79321577315999 -0.224111374123688
0.0768792943328474 0.0303420746061744 0.605392460337959 -0.151175383966771
0.0794339839963327 -0.00974408517862701 0.305535599615367 -0.0681123586869442
0.0856467946244005 -0.010722691958887 0.0273642009055285 -0.0741107905722853
0.0848141282236514 -0.0273719812794292 -0.278291716589863 0.00958719489803417
0.0853341184831081 0.0112490757774613 -0.578980970725324 0.0800359521950107
0.0222384928782503 0.0233929886692398 -0.814164461494504 0.195279164231527
-0.0287225671484695 -0.0379826931588221 -0.880561764471916 0.169811149765587
0.0165500307561871 -0.0704086183962587 -0.688023565642438 0.10934755014801
0.0583065498196688 -0.00943785259989674 -0.428023227914117 0.247454387549884
-0.0162806070377524 0.0900304313098002 -0.294245585038963 0.216951422857858
0.0098777074386039 -0.0936038317908957 0.354159142490362 -0.151132150201321
-0.030010301927171 -0.0181180840586383 0.42098286467096 -0.256638034904649
0.0106385404247052 0.0674685319144298 0.652932988751783 -0.0374173404271743
0.0723922834689966 0.035211661614211 0.905528416667474 -0.0647908851872663
0.0394809701385298 -0.00477461644863567 0.848046477409317 -0.146383151325919
-0.0391042208111378 0.0137900991341585 0.583920257918639 -0.130407262446227
-0.0570851510888014 0.0231121347352415 0.250786215127573 -0.063488242126674
-0.0389858267014358 0.0197579112473029 -0.0419550118442717 -0.0475323996020284
-0.0450309850885504 0.00583454802760923 -0.331627982962802 0.0492645683890567
-0.0269725256411555 -0.0109990794453933 -0.608392749700988 0.155844830844392
0.00342285072179241 -0.0450835503947233 -0.77458188561941 0.299670617632915
0.0614433454471022 -0.0517355883899386 -0.787311713015705 0.320221817197643
0.028358906002756 0.00922433484620569 -0.646296434924019 0.259813164056235
-0.0114447622485024 -0.042624422169331 -0.420313745425928 0.297525542609613
0.00397629566365135 -0.101198976217949 -0.27400844230122 0.27299179174046
0.0136388621278551 -0.0537734068974123 0.357427895782387 -0.131540523811967
-0.00479797792702421 -0.0151574651662183 0.428244166435781 -0.242116646503465
0.00729217205932198 0.051253604153342 0.646337188433088 0.0462630091622175
0.0486710543563083 0.0410464997778963 0.9304823012705 0.0396478396261984
0.0412904301820302 0.0146861146449899 0.869493411440135 -0.0764974982023839
-0.0199540987808052 0.0178881179807236 0.582609957697363 -0.0928235887907088
-0.0348127237447916 0.0172811130048975 0.2314355763667 -0.0492840692898376
-0.0175545002474358 0.0150261107783503 -0.0618523537718038 -0.0401591169655651
-0.0222950216003508 -0.000710914011222922 -0.345121544334407 0.0661179079653534
-0.00607019022032035 -0.00795767824229224 -0.603331911196973 0.190035663074026
0.00732357354867515 -0.0334169612659494 -0.741320952256273 0.350819601466353
0.0403190889576897 -0.0486738690607752 -0.731350379656049 0.385029363582234
0.0224086928456487 -0.00763860846131304 -0.60947966907026 0.325166954331571
0.00446407232729157 -0.0410080642997701 -0.406312429874041 0.320361646948798
0.00732605268868916 -0.0636366153741168 -0.25977242773386 0.283028300799466
0.00642223388823036 -0.00518167413636595 0.354890944600948 -0.124786518073398
0.0201087776593627 -0.00313527382859342 0.429191566233367 -0.231729497088767
0.00968548790365454 0.0319292268281671 0.638172766900651 0.099653907997057
0.0221778384054502 0.0389601507830826 0.940388935178906 0.108973222061312
0.0393038522864375 0.0368901610616855 0.875688490836231 -0.0307438511796206
0.00441623643843923 0.0263921048575425 0.579013185416549 -0.0663259891199607
-0.00580866404687693 0.0130706884331748 0.220988986335426 -0.0385840753759577
0.0103487682146576 0.00794437709513895 -0.0723761292299479 -0.0364217968349763
0.00389358177745852 -0.00920016771149194 -0.351309191154098 0.0784525482370615
0.0188503111568461 -0.00680642977963279 -0.599124699335334 0.21301648643961
0.014558371150676 -0.0191530387124482 -0.716337122647326 0.381001633681104
0.0184753728681532 -0.0412848027190647 -0.695158561615172 0.423391244620115
0.0115081138452668 -0.0229389101178005 -0.582670615813517 0.360566721115379
0.0217878204854775 -0.0404403559295883 -0.394113609232533 0.330643765503922
0.0146829111494869 -0.0202930289436254 -0.249782479278869 0.286909450386402
-0.00306468791781314 0.0442846903015929 0.348589425627235 -0.134760555445556
0.0418080926267788 0.0118461458057766 0.424995978806719 -0.22347912307467
0.0135178557924257 0.0120878935173652 0.639166309777479 0.1167357366469
-0.00266646215768838 0.0318056051874088 0.940632850423484 0.122320260314805
0.0379327535138571 0.0570268861783931 0.873447504670112 -0.0165154456398444
0.0298674604385076 0.0366658957009901 0.579152245396338 -0.0536405943203857
0.025280326334739 0.00604759929253328 0.221346692503795 -0.0311785147877322
0.0376837244528939 0.000675169421363002 -0.0709923601935959 -0.0364372770379871
0.0311820621729556 -0.0185708587057542 -0.349245432869616 0.0800915876500799
0.0432565792310424 -0.00716577946232057 -0.59397908295143 0.217883861012571
0.0226802956049287 -0.00634406122677037 -0.704993358482165 0.38836086208463
0.000458554115849935 -0.0317997089679211 -0.687257671780303 0.428530789537006
0.000659316328720155 -0.0380896069127766 -0.575343219775971 0.367723755616083
0.0377530441389434 -0.0419671715235682 -0.389976498239405 0.334056928836891
0.0204440833243938 0.0205847383480968 -0.246873034137212 0.283562905845956
-0.010023682937763 0.0846506280907169 0.337376986145261 -0.156403325377414
0.057457390542091 0.0217079883724516 0.416992315186839 -0.218203009233685
0.01578815072577 -0.00409494451338779 0.652688162675177 0.0893982735293471
-0.0237627063172175 0.02863699623176 0.935436432025448 0.080484258360006
0.0396217950490513 0.0714154880662517 0.863679430205614 -0.0390656352617778
0.0521740939050282 0.0426959950674795 0.58485105625034 -0.0595074705807272
0.054252325963468 0.00253829737272627 0.23303748831744 -0.0315298245472845
0.0624553589526941 -0.00558872015991019 -0.0576109230259572 -0.0415702552651983
0.0557900296112821 -0.0266061357791525 -0.340227491327893 0.0703862912146662
0.0651035811347332 -0.00649711960775123 -0.589741179066794 0.204534479178051
0.0286803563803762 0.00686988582185667 -0.714996198009758 0.372528270311052
-0.0168687449078767 -0.0249318643919879 -0.706351136652792 0.411475825751405
-0.00654460056959178 -0.0520397989063848 -0.587818806789423 0.346602661019696
0.0520615762871422 -0.0392330727873494 -0.394236467773165 0.322376986571231
0.0225917714782185 0.0574802508460238 -0.251962050944636 0.273648516780344
-0.00876009902611254 0.107130402784514 0.321909191721632 -0.186410702590485
0.0653811079940826 0.0197054123128208 0.40528018321564 -0.216776929069643
0.0112724599932451 -0.0142266273277182 0.669730712148706 0.0273178148465928
-0.0338791557997788 0.0293515114711996 0.919269747965723 -0.00982007312275213
0.0449205295464021 0.077759291311762 0.845112540612998 -0.0920242833861548
0.0698713389102543 0.042906504576318 0.590450179888929 -0.0819922465835468
0.0751784744560568 -0.00286731656363999 0.253361236730687 -0.0382589230151896
0.0797374569795145 -0.0103705962566943 -0.0342907012639578 -0.0509831360580417
0.0747964012659658 -0.0314376238727109 -0.326009508822083 0.0540584347001382
0.0812114581700112 -0.00308469864605429 -0.586991590292242 0.176476143639073
0.0307003510427015 0.0171219597988988 -0.738636312426616 0.338980023778027
-0.0287314714563615 -0.0233432510107467 -0.752076991363525 0.366046982278485
-0.00594008735330569 -0.0641240086137942 -0.618821063679123 0.295953338415157
0.0615638595864074 -0.0336243030963609 -0.403119116878587 0.306388334821643
0.0164807070992203 0.0843035091251816 -0.260803603602535 0.256729995622493
-0.00380471818706698 0.111418820955099 0.303595366682846 -0.216046584224945
0.0619891268157924 0.0114828469061473 0.39719263875164 -0.225691602470085
0.00389506454574989 -0.0169263346733101 0.676294741608499 -0.0640693056046837
-0.0360153707650914 0.0331649805645807 0.885439480638099 -0.120929377261535
0.0505570216717203 0.0738589393770629 0.817014128518181 -0.162607722128806
0.0792132443341491 0.0378256949001649 0.596957694409381 -0.116960064669438
0.0822169703757759 -0.00758333601379578 0.278572785618182 -0.052979770489451
0.0872203901251982 -0.0132554367292913 -0.00524956172530223 -0.062119906977984
0.0841143864799664 -0.0314209903153224 -0.301478331956905 0.0347189831889305
0.0884649754141728 0.00294984310917795 -0.582361545335609 0.136190018988067
0.0288012974883129 0.0227903053074896 -0.772993959454332 0.281778811839995
-0.0333494879391587 -0.0286505923352275 -0.811765968318643 0.286644915514429
0.00153140228242312 -0.0715269506425612 -0.654800760594193 0.217778647100135
0.0650011425665358 -0.0225862595730126 -0.414222349851189 0.27849720639568
0.0021349951445341 0.0959545684630535 -0.275558618320109 0.240740366327228
-0.00054084516948524 0.0965086817609871 0.285063242322242 -0.240508281603448
0.0497208902264261 0.00230067494202893 0.389729577455158 -0.241412522401452
-0.00285727586170535 -0.00946383959677291 0.664411178142796 -0.162970216147391
-0.0273157856276623 0.0353242045920001 0.833665912527033 -0.231488961644208
0.0549821923579817 0.062649501494551 0.78350362345743 -0.235628174990545
0.0770680716582593 0.0295984355030022 0.599725601900175 -0.161997492991476
0.0790407139643453 -0.0106773367359677 0.303129470433001 -0.0722959223880837
0.0852390675201795 -0.0128903373401169 0.0250396674801157 -0.0733604091964776
0.0823880986291579 -0.0282226136165452 -0.277089816000868 0.0143480399121367
0.0845660839740967 0.00910340828040919 -0.57431316240415 0.089808662622011
0.0221848409708523 0.0230151019724094 -0.806352039204837 0.208274332210092
-0.0277527516373699 -0.0376673422778224 -0.872758195889663 0.181962499268619
0.0145923025811589 -0.0697936537340243 -0.684335405489122 0.11885895264524
0.0568653686523991 -0.0111843475052565 -0.422635705356595 0.2539322731871
-0.0140652587240699 0.0894322323501034 -0.289618948104935 0.221411231482403
0.00785014267469397 -0.0928481979766486 0.3484381045448 -0.153875338798535
-0.0303329462940156 -0.017399774280937 0.414134982544643 -0.260454271122752
0.0114478202886127 0.0671070903116097 0.645037691606065 -0.0475598959741779
0.0709270218966458 0.033995830123773 0.893707588972345 -0.0774017796211105
0.0388400871824925 -0.006065518218984 0.840182512422529 -0.159696468941232
-0.0382067703031021 0.0144609987615832 0.57847375182986 -0.139484438382361
-0.0564684541478559 0.0243379897813428 0.248400012763414 -0.0673529655777687
-0.0380391985113394 0.0199598413402798 -0.0423545221924597 -0.0464412564077168
-0.0455268380154136 0.00660027578460033 -0.327254821120408 0.0533863055294043
-0.0272191528734792 -0.0106473930556631 -0.600240961395518 0.164053620951212
0.00322680731845214 -0.0454899077771548 -0.762955720668162 0.310483915898711
0.0600209022494896 -0.0518165931826352 -0.775165032464308 0.329691837370878
0.0296976095314289 0.00850345899848556 -0.63791267859259 0.268579633659646
-0.0114165283536147 -0.0429481709985115 -0.413429536017919 0.301632147442166
0.00298945046768702 -0.100982539915375 -0.269264606668442 0.274101688492314
0.0114548807529623 -0.0528634663851437 0.351730625114192 -0.134824408613731
-0.00391355616877996 -0.0148710726836582 0.420818585803113 -0.246465657665374
0.00898923283796895 0.0505980071316974 0.641380635010585 0.0349510103625477
0.0489977792580881 0.0383127444408092 0.921315622678649 0.026342601447068
0.040826706955249 0.0132259932098248 0.86171507811562 -0.0903171137225393
-0.0187650515486895 0.0184793929194546 0.576099200496271 -0.102481221560239
-0.0342751627979776 0.0187692773273115 0.228605945225786 -0.0512987283019875
-0.0166286105488681 0.0154645279452997 -0.0633810322709961 -0.0386797696827462
-0.0223513103927437 0.0010649800937806 -0.342284885247376 0.0714428657694592
-0.00616175364555007 -0.00750157021980467 -0.596393936422791 0.199217112637241
0.00705851638530463 -0.0335044400058991 -0.727606118122481 0.361223443569767
0.0397744960355027 -0.0485821373875018 -0.719887892187155 0.395517885158681
0.022843003725408 -0.00744811684851013 -0.599089471743652 0.331324224705698
0.00501524088239909 -0.0403465344112094 -0.397467315455981 0.323521028506162
0.00741069585777751 -0.0632066462484982 -0.25491113687622 0.284476608343561
0.00575308034404035 -0.00405774044868279 0.348961510135879 -0.128954511767094
0.0201482708704008 -0.00224610082839189 0.422380162344785 -0.235833381929073
0.0110763976748703 0.0325579191772148 0.63383878849969 0.0895216536602125
0.0223075153108288 0.0369299911363828 0.931717948611239 0.0939328413372459
0.0399068732354412 0.0350587229077769 0.869837926810401 -0.0444302986555573
0.00450431988670689 0.0264336130227674 0.574816840171705 -0.0756827451459181
-0.00561457668638766 0.0136978796019176 0.220235730671869 -0.0406415902298172
0.0105487941390153 0.00760095343292216 -0.0734597181103539 -0.0355889400273759
0.00333204734063986 -0.00938646163500403 -0.347607071293567 0.0828460236032281
0.0184844601347523 -0.0076776001421807 -0.589956550913253 0.222177864279081
0.0134068583094574 -0.0193912804889198 -0.702067706105115 0.392074613139295
0.018673252038638 -0.0410425836546681 -0.68314256950577 0.430976035539353
0.0119198383521943 -0.0224675171728773 -0.57195380827997 0.368296821640677
0.0217818248636513 -0.0415371889397177 -0.387460144255622 0.334138417343562
0.0137097972675138 -0.0207076573385398 -0.24284913854724 0.288900602714181
-0.00435567977331911 0.0441586549371256 0.341928959179873 -0.137930928760166
0.0421657288949795 0.0121364294268146 0.417225568877191 -0.227208960807432
0.0147744227867163 0.0125181838990428 0.635321742189409 0.104759897002139
-0.00291751869933032 0.0320115889201036 0.933300115608449 0.106214370795073
0.0388304275642892 0.0547670494214992 0.863548467811415 -0.0307629431541823
0.0295088722066897 0.0360393833497806 0.574281213226873 -0.0626566683543298
0.0250091476607808 0.00695320340070214 0.219989205926176 -0.0344292795355134
0.0372576350385499 4.81308248353584E-06 -0.0716788115859416 -0.0347369513009455
0.03086396294618 -0.0189383063259288 -0.346127254154517 0.0846054026827869
0.0420242698994655 -0.00873755481724478 -0.585285938085641 0.227210692832585
0.0208413286692335 -0.00590571862689665 -0.692934490128221 0.399125351158061
-0.00166682358579597 -0.0313225507338087 -0.672202752108957 0.438557372433872
0.000986884893938993 -0.0380580470231377 -0.563465510560175 0.375553036179427
0.0376325152610598 -0.0432569026244773 -0.381908134840406 0.335570218881394
0.0208364237071022 0.0202010504131633 -0.241907238742339 0.28466461532852
-0.00929324292646792 0.0844152556572518 0.332672344681814 -0.160478344864795
0.0571047214073225 0.0200192607591379 0.409936860843741 -0.220912200579923
0.0160112660791226 -0.00222233663378373 0.650101584446431 0.0804345330101281
-0.0225287022137915 0.0286556746925524 0.927145617569093 0.0650428625938501
0.0407127676469207 0.069072795461003 0.856818206677192 -0.0525264538823902
0.0531658545102192 0.0427576434720516 0.578946954414681 -0.0674821732521286
0.0541442891920916 0.001755752107165 0.230741412693131 -0.0351698436214255
0.0616157843236288 -0.00723540740165059 -0.0584254258180213 -0.0407105461930253
0.053880597614744 -0.0275114228434783 -0.336212374552275 0.0763066540648609
0.0646667961711364 -0.00853215822009739 -0.580966520614864 0.212617405344314
0.0281968211919925 0.00511601996219281 -0.70234002006184 0.381119070564707
-0.0168554918964471 -0.0248930499655165 -0.694265815989155 0.42144793886656
-0.00671865522609359 -0.0509124054584831 -0.576668181129931 0.354139635696078
0.0506862867489027 -0.0408986350374363 -0.386079214287796 0.328025469117798
0.0225635984728037 0.0560381026890416 -0.246043893119184 0.275461934013021
-0.00852201842475291 0.10691963831551 0.315242534416554 -0.188374795489394
0.0641806913266434 0.0190873835684195 0.399322094750338 -0.221912477567837
0.0120223264813097 -0.0138311970382218 0.666318567162759 0.016732869054859
-0.0333438443423162 0.0290265129161437 0.910714003817682 -0.0218659357614325
0.0454487470934247 0.075270618826325 0.83581143679023 -0.106036148788313
0.0698835609129702 0.041662944725467 0.584933044725843 -0.0898513328321639
0.0734743123533021 -0.00344331568148836 0.250455656232959 -0.0420760780477884
0.079235246162905 -0.0119781854759216 -0.0350235569588707 -0.0498560599440042
0.0723954128012015 -0.0318340313322041 -0.321284920981634 0.0592680081528692
0.0809181251181454 -0.00459823176324155 -0.577989842809131 0.183967638221997
0.0302449701992824 0.0151494797917869 -0.725288016291116 0.34817976118444
-0.0301390727524514 -0.0235323902398776 -0.739864157799718 0.377722229173943
-0.00678562653207824 -0.0640468705753014 -0.609434325180988 0.306469111955105
0.0608240518887585 -0.034609728495912 -0.396319623295386 0.308274623967192
0.0172595201882618 0.0827408820415277 -0.25708094002746 0.261010034923979
-0.00337656889904987 0.110105060600564 0.29643653794523 -0.216604910539885
0.0622814048137244 0.0109251455665837 0.390507839489645 -0.227945829165259
0.00379931523143661 -0.0157342153425213 0.67081774984791 -0.0743729895290859
-0.0347650574678406 0.0330964065827206 0.874752668799645 -0.134382899901835
0.0510633004562285 0.0724874923990472 0.809976937911831 -0.174192628401014
0.0793348799892893 0.0364646439937652 0.590536151840365 -0.125221266286409
0.0812893135558904 -0.00743315879257597 0.276625374554002 -0.0568410854354844
0.0871782625993355 -0.0141196503321516 -0.00685361034636001 -0.060900068105554
0.0821620205054361 -0.0326859872880791 -0.299688661135645 0.0395924888045706
0.0880087897421893 0.000868670376265365 -0.57544879253841 0.143311636210132
0.0280793532596902 0.0215009004120374 -0.759825561361954 0.291337004569026
-0.0344897756076754 -0.0291335362992609 -0.800294260892558 0.30040073200939
0.00157451157443384 -0.0710009201917415 -0.647703429945922 0.227864831221788
0.0641958662091316 -0.0232811418233883 -0.406303771074792 0.28392478344825
0.00352163451644348 0.0952354576415113 -0.270093308272288 0.242814949724556
-1.17631456560269E-05 0.0955427206642924 0.279777947962199 -0.242561038181939
0.0491772775252559 0.0024932273723519 0.382597491799797 -0.245953593952396
-0.00218335695991621 -0.00945172911916176 0.658991707204753 -0.173484685908058
-0.0260241141271676 0.0356495470768837 0.82097886260306 -0.242285924513356
0.054692588444434 0.0605930447169344 0.772848099917239 -0.246541476706066
0.0769980384381949 0.0276702392637056 0.591811858259247 -0.170281683850424
0.0770895688695093 -0.0109669728959184 0.299696637908157 -0.0767116591526904
0.0835220518552718 -0.0142692366901742 0.0225453851414546 -0.0736374879277662
0.081928222225609 -0.0282031112208817 -0.274018844215711 0.0177003717464746
0.0838425616240572 0.0067473964566819 -0.567914346811761 0.0989456032303671
0.0222304899759357 0.0209737888355574 -0.794608494191342 0.220544157811063
-0.0284254186961902 -0.0373392507961045 -0.862831766219431 0.197458560210253
0.0132467319250637 -0.0694144446380184 -0.676925742745836 0.130074681036399
0.057686226892921 -0.0115551452338091 -0.41630252891814 0.258300945832958
-0.0139456732425865 0.0885698984288452 -0.284145550224629 0.224887249715362
0.00526899545566061 -0.0901263613937316 0.343946093988714 -0.156568852563376
-0.0296815653049202 -0.016769939879129 0.406946383395328 -0.264239476776477
0.0125284150906682 0.0661157568417818 0.638554031987586 -0.0566092067176823
0.0709532993884085 0.0315156003911139 0.884516913842094 -0.0895969387652451
0.038156944100373 -0.00685163737893226 0.829340132517003 -0.171115752260412
-0.0373068100301633 0.0147942784939886 0.567902005516911 -0.146442874457554
-0.0549491992946631 0.0253001788997175 0.244808103505563 -0.0703753167341703
-0.037247166056286 0.0207813876768708 -0.0431422160253316 -0.044791726866634
-0.0448976681849009 0.00694778366501125 -0.323710535209728 0.0585472866837694
-0.0272952833742518 -0.00972475356546381 -0.592381223246345 0.170801248326525
0.00162825760830064 -0.0454002428236346 -0.750795978055073 0.319410240921362
0.0582599061338261 -0.052529995020083 -0.760700806472876 0.337350380298267
0.0301861810001994 0.0073837125622491 -0.629031388060659 0.276034188189207
-0.0116214222038357 -0.043323396320538 -0.404780320693104 0.305297825200404
0.00176560168470913 -0.0994116159730443 -0.263096693787387 0.274299898863001
0.00988954068640362 -0.0514575786715418 0.3460564736118 -0.137681206950863
-0.00473561382049073 -0.0143438105687521 0.414363151747902 -0.249730730330168
0.00912312251039827 0.0510563550184016 0.632430892761837 0.0261644294264584
0.048176197876632 0.0367849837646161 0.912267837310201 0.0117825460808426
0.0404748769967731 0.0126344512207229 0.852730459846971 -0.102624795404221
-0.0184994539713861 0.0188240624561225 0.568309380203682 -0.108392380049665
-0.0346737488739792 0.0194583797793065 0.226368878175592 -0.05392573144024
-0.0161056129882814 0.0147160294391152 -0.0636380889723702 -0.0368749531586627
-0.0220761387375372 0.00120410165745208 -0.337727559559512 0.0757039900230356
-0.00602821702963331 -0.00828041300755898 -0.586693736966472 0.206170406251227
0.00626529106421304 -0.0330465396674606 -0.71553212409511 0.369338331541244
0.0375951221173586 -0.049507032632681 -0.706570101573524 0.402926519198738
0.0218957534975887 -0.00860389425327383 -0.590433188743846 0.338600847020714
0.00381948337593901 -0.0408239648220951 -0.389586926361038 0.325453345244228
0.00680627873903016 -0.062295662527548 -0.247824894001103 0.283313972637129
0.00414128947588615 -0.00424523672101387 0.344136031954851 -0.13126514497664
0.019193483426681 -0.0024167148089162 0.415323813825172 -0.239933901539133
0.0107679431782882 0.0314218086976804 0.629657684261978 0.0816754570333407
0.0218015634004983 0.0353053050911078 0.923510283870229 0.0796963580315121
0.0392409832769002 0.0336573336186531 0.85820889591215 -0.0570147156260633
0.0046527680496115 0.0270123636314605 0.566008714101086 -0.0826132258973963
-0.00515095726426286 0.013190694776346 0.217223256127258 -0.0429422137415291
0.0098766329437223 0.00746956040577224 -0.0728053440446732 -0.0327887086361314
0.00348708224154894 -0.00771053083677047 -0.343005485823061 0.0863380481801482
0.0173446891161397 -0.00854494079463005 -0.58172697450882 0.228414237615242
0.0133974554715507 -0.020807933207794 -0.689778800062213 0.397376437045321
0.0175021247116259 -0.0415540256535452 -0.669540682884092 0.436903088651418
0.0111087620721082 -0.0228121523970948 -0.561894111690062 0.372983832302445
0.0208784621576221 -0.0423509799566705 -0.376757880981611 0.336964582196427
0.0136587602718974 -0.02116157782967 -0.237285487457255 0.287400355087023
-0.00444454181007011 0.0441850944502123 0.336938691514698 -0.140096162411078
0.0423025804768172 0.011568712119918 0.410474511906978 -0.231048987231624
0.0157672479562752 0.0116002156789785 0.62816494449866 0.0964523948973228
-0.00281328043780896 0.0313991859194316 0.925018509858042 0.0927080064491
0.0386772127122799 0.0534865709349499 0.855384046122487 -0.0413411292086875
0.0301479103686623 0.0350094736269706 0.566341768606862 -0.0703704853520764
0.0252372707243519 0.00753737616229942 0.217474421959941 -0.036455402063327
0.0375159790801657 -0.00011162365104223 -0.0721299676964713 -0.0341973817936098
0.0291161499021302 -0.0194450858527805 -0.340684712672616 0.0872179708573494
0.0412345843010412 -0.00909917708162313 -0.575029376169663 0.231208127582389
0.0215936433960417 -0.00710878246836123 -0.679245850852263 0.405965217846429
-0.00141881643474297 -0.0317070229118211 -0.660855932120787 0.445069936666424
0.000669251140946242 -0.0375082737242293 -0.554464680983143 0.380800757056805
0.0367803188741823 -0.0436702739298309 -0.374233763727828 0.339566825065727
0.0207204452848195 0.0194598547246319 -0.236622739706366 0.285373786387952
-0.00954100401259458 0.0840179041685833 0.325951059828066 -0.162088306644085
0.057313732186349 0.0195057123064196 0.403404335571143 -0.225600084500232
0.0158355845398507 -0.00298364668857938 0.643568355867605 0.0698256801501857
-0.0225250740735711 0.027932614779382 0.917389169600289 0.0504615054124796
0.0413111757332416 0.0673415314855635 0.844823840916823 -0.0630821899672321
0.0526565395420765 0.0403096590203231 0.572208418105294 -0.0752885727324998
0.0527187289787554 0.00113412621040786 0.228862292301348 -0.0372841026314522
0.0606935421140091 -0.00740185629956982 -0.0576347699468357 -0.0394916875922154
0.0529300814773476 -0.0278207850732543 -0.332565971687584 0.0803947080097273
0.0634644907101379 -0.00956648074200706 -0.57251693541649 0.219621833828881
0.027277904604315 0.00435353671646978 -0.688228751528809 0.389281732524918
-0.016630603530116 -0.0251647155398233 -0.680958208920406 0.427511843354466
-0.00701052495150516 -0.0496126812938386 -0.567187476071997 0.359705338010034
0.050156428730702 -0.0418018095978751 -0.378710660801146 0.330144672715149
0.0225149236216791 0.0553828325202459 -0.239470521249027 0.27528731184339
-0.0084241066352607 0.106597704318115 0.309845608714901 -0.190612136914144
0.0640277100628681 0.0173671242689099 0.391823373773363 -0.225845041166102
0.0131306070203865 -0.0129245982592518 0.659778049904091 0.00633973192821081
-0.0322787962259077 0.0292949284275415 0.901248647513584 -0.035493917800396
0.0451322044779031 0.0735526129424234 0.824827636512413 -0.116616194821018
0.0713263293009034 0.0404651473537771 0.578456096043685 -0.0988090106610181
0.0725485029985679 -0.00392010129305139 0.248271302958356 -0.0441129324022409
0.0775906351716581 -0.0123026452444046 -0.034773842135094 -0.0483713420272537
0.0712034972018589 -0.0326375857741349 -0.317419155152978 0.0641469506584873
0.0794837596894317 -0.00689683200497167 -0.569600819608324 0.190615199965508
0.0309044549918725 0.0147314587624686 -0.71360950540913 0.353507365222446
-0.0284326251847284 -0.022664681675209 -0.725115841545463 0.383283752523416
-0.00708727803660628 -0.0626779884089406 -0.598637510396319 0.310536102499633
0.0600526412330403 -0.0348674891506845 -0.388191916101405 0.310123426352357
0.0175995146787455 0.0811375796620737 -0.251700522131158 0.261164638307892
-0.00277982709556457 0.109598857552177 0.291492761790974 -0.218996809893408
0.06076740880106 0.0107750270582363 0.384214838159101 -0.232539862536533
0.00385687915083573 -0.0157507314054374 0.661750124857555 -0.0843755588476488
-0.0346948435817688 0.0333400429380228 0.862577335849582 -0.143882492172577
0.051763033757605 0.0704516972810503 0.796863790326881 -0.184269689093658
0.0786815599466214 0.0348911338552462 0.581965426757512 -0.133185317577024
0.0794315296579478 -0.00964281797399136 0.272131760641402 -0.058897164049165
0.0856528951466865 -0.0155965465079223 -0.00831532354367601 -0.0611986925589707
0.0795670182529672 -0.0341806816321919 -0.295621654741569 0.0431137084774551
0.0861747000673045 -0.00132339894942869 -0.567262790807957 0.150739982342943
0.0280204633940997 0.0200026082918602 -0.746613490553117 0.299789629668
-0.0341926638709765 -0.0281164334587657 -0.787317505698862 0.308212437877718
0.000259369743295355 -0.0698282230223699 -0.635840547021306 0.235641557994124
0.0626586552474915 -0.0234565314241524 -0.399161810045812 0.286131047105576
0.00361057378650087 0.092651695101235 -0.264815880696686 0.244600416977647
0.000360601508089402 0.095078304189836 0.273225871528063 -0.242816544217589
0.0471260241198321 0.0022482234294952 0.376068047962091 -0.249012404856653
-0.00195687954191876 -0.00910288984878043 0.648590644599322 -0.180227521730074
-0.0254619055918426 0.035662236220063 0.809974403192948 -0.251889417536313
0.0557530053820679 0.0589398243197738 0.76206171675353 -0.255184534227374
0.0763132444048923 0.0269005130292948 0.583132790038427 -0.177391262030585
0.0763508536240941 -0.0123456951065102 0.295781460632833 -0.0791539269709948
0.0820464315379107 -0.014303566567504 0.0215098500020393 -0.0722881102560382
0.0791007503282276 -0.0296478883713769 -0.271523573523203 0.0229214061106258
0.0821273731044731 0.00615145231006693 -0.560010063868089 0.107071352019602
0.0220490623776033 0.020495494820624 -0.783492991466634 0.230212641485949
-0.0294511095709019 -0.0359800768571431 -0.849630044177325 0.207810874694111
0.0127188748402051 -0.0690679456608032 -0.667864882772735 0.140066297353519
0.055920425336977 -0.0122123459132457 -0.408482262657846 0.261445925442686
-0.0121729490458579 0.0870590200800475 -0.280545494595204 0.225973858722239
0.00362626358663156 -0.0892261354191352 0.335393983374757 -0.157327421130641
-0.028999964934153 -0.0163811188976768 0.399005699357817 -0.266810203508083
0.0134066899882493 0.0659055996095457 0.629443417823549 -0.0629048019874339
0.0701058801176405 0.0291608381811729 0.872482254625057 -0.0985943435047068
0.0370735230072177 -0.00754569203437565 0.81515640230573 -0.179155603435046
-0.0358889680132704 0.0147316891907155 0.562085311637842 -0.152869448001676
-0.0549349065928998 0.0259901705100383 0.240763092463688 -0.0710647355633075
-0.0367443262815977 0.0205355661958176 -0.0432319822331246 -0.0441265553156106
-0.0447413957265443 0.0080079135348801 -0.319417094213736 0.0619719785843426
-0.026506305242529 -0.0100576312067737 -0.582995486288453 0.176119929653263
0.00183179505915654 -0.044960456599777 -0.73740033035976 0.326601562652812
0.0563566598133917 -0.0524051762082275 -0.746996792196475 0.345210056468865
0.0297109358859231 0.00692380299148206 -0.617544415013354 0.282137209228723
-0.0109368950157737 -0.043160887569418 -0.398196682658067 0.305727470271928
0.00119362237699403 -0.0983705320890294 -0.257794919572061 0.274705796104332
0.00868302938700212 -0.0507396326513666 0.339620594889571 -0.139610591006551
-0.00523397405743536 -0.0136404441925784 0.405380546107498 -0.251985420232732
0.0098588499008742 0.0504364859255133 0.625623375074587 0.018058517652709
0.0478030393632687 0.0362401006867386 0.900728023251064 -0.000377828316020376
0.0391975045686272 0.0117288607575142 0.839717677715435 -0.109797556553169
-0.0183512271757778 0.0187284271208758 0.560289296817292 -0.115246900441146
-0.0335651550417584 0.019548438472025 0.223245869160452 -0.0559710576305348
-0.0161868069208985 0.0145028326754951 -0.064137583196584 -0.0352980717120912
-0.0227091696448534 0.00190168573981955 -0.332746345868835 0.0783593468502374
-0.0066925712181269 -0.00812559866179537 -0.577577287554341 0.210672490705224
0.00564051918170273 -0.0332131774173116 -0.702144258348097 0.373564880369072
0.0366551702269575 -0.050013678244913 -0.692642921045314 0.406931307642205
0.0219626580320393 -0.00868902139257138 -0.579309197246466 0.341949524639485
0.00451639825941287 -0.0416022594373606 -0.382598661266567 0.326802474242629
0.00571835698654011 -0.0617465250831234 -0.242550350823629 0.284348395319675
0.00392188566813455 -0.00308082485907123 0.337609849434864 -0.132938686260933
0.0197882819320315 -0.00257970812009863 0.408844112929568 -0.241047029871146
0.0118218748008066 0.0321131975467892 0.620945850244943 0.0723336351828091
0.021555197428879 0.0351595437003996 0.914005546847611 0.0654594294930085
0.0389456128192683 0.0325386867238972 0.847910115662781 -0.0660362318488924
0.00542881856728917 0.0268891274219302 0.560305745285205 -0.0889511593059058
-0.00533564815962703 0.0140082703450649 0.213304443750887 -0.0441648528273021
0.00947517128286209 0.00756717437419183 -0.0733447701831687 -0.031046122194905
0.00273853552290116 -0.00728319523628574 -0.337669634793931 0.0901127990582051
0.0169770414473115 -0.00916122239315976 -0.5703161187514 0.23290887334485
0.0122218956365804 -0.0205268062579553 -0.675782159928267 0.401614535322825
0.0169530559757332 -0.0413407582844381 -0.655970664920335 0.443901692417439
0.0121512541915628 -0.0229539855838177 -0.550725402787603 0.376778578939513
0.0205193908666035 -0.0419566680544891 -0.369533647276125 0.335202971853554
0.0122561742641223 -0.0221259941494768 -0.232838635430887 0.288316443169678
-0.00488968869305815 0.0434540321628822 0.33052824462713 -0.14145777450951
0.0414007100473291 0.010738029853643 0.404048231397486 -0.232494553093075
0.015544589407963 0.0134449084335364 0.623659662837884 0.0868203858220214
-0.00166335116951742 0.0305207940507436 0.913552766029852 0.080422427466137
0.0391911096533046 0.0515496444467251 0.844294573946111 -0.0525757377545969
0.0305781102401472 0.0351292449725234 0.560320961069559 -0.0784872375356923
0.0252085026863928 0.00797763639046463 0.214111594919554 -0.0385878812960101
0.0366553592404079 -0.000813039858039993 -0.0713738752059564 -0.0316762053585563
0.0285139072474938 -0.0191736624851119 -0.336095084773231 0.0913341305261127
0.040628826004427 -0.0105992266213798 -0.566253005893335 0.237217399477213
0.0206993583973253 -0.00800682861497249 -0.666860297196717 0.410657067340403
-0.00190374951297925 -0.0312800011956273 -0.64544627226699 0.449897879799785
0.000131316016156081 -0.0367484098327504 -0.542569039874979 0.384402455725189
0.0354338941013103 -0.044169598641066 -0.365866666327823 0.339819169250873
0.0198001353175574 0.0176737550383561 -0.230225666929139 0.28567880977305
-0.00991432979750071 0.0834595142222296 0.319951067414439 -0.16280025608517
0.0552928974685692 0.0191529153467068 0.395971049195949 -0.227022650593917
0.0173199191661571 -0.00332494858420348 0.635017862636531 0.0605180928228529
-0.0223021460716169 0.0280471799474647 0.906505520053105 0.0390414152883746
0.0411134252502103 0.0659505704516621 0.834449602178274 -0.0731873333743768
0.0527759027129238 0.0403796855770075 0.563966576188512 -0.0836370593215719
0.0518352965888183 0.00114683005830333 0.226019557032352 -0.0388329205119387
0.0600339447322091 -0.00887399201390217 -0.0587647866852496 -0.0374455135146083
0.0511449489936238 -0.0280974527977387 -0.327106488471575 0.082808615542495
0.0622672026083052 -0.00980028666026194 -0.561852403009857 0.224299145370886
0.027608957149243 0.0033877724564421 -0.67510710849883 0.396489034097839
-0.017571879044815 -0.0236799764370472 -0.666501909750066 0.43123661025082
-0.00764833997139934 -0.0501917045831325 -0.5566908351696 0.363381843421312
0.0485583686147637 -0.0423724101760572 -0.370311527110367 0.330107575567329
0.0228528223762203 0.053488552182907 -0.235523558634789 0.275781206846441
-0.00864656144822427 0.10669111248594 0.304214400072898 -0.189882734448185
0.0628297559176889 0.0174110204309145 0.38569671828032 -0.22664116957106
0.0122832947222733 -0.0132385267425216 0.649880274845362 -0.00102948958731383
-0.0324749778060577 0.0287657467608735 0.889479594759405 -0.0454355479061572
0.0456294213131282 0.0718266744846952 0.814728727360801 -0.124909840283683
0.0702665616661138 0.0395067370018107 0.568931450832334 -0.104518123720508
0.0708525376100583 -0.0049823630076519 0.245628962985582 -0.04716303820406
0.0770313157955379 -0.0137800191399508 -0.036623356589974 -0.0472982021664188
0.0690908196498436 -0.0335417640015042 -0.312021794553129 0.0665454274783073
0.0781104194010213 -0.00783748770541428 -0.560492967713783 0.193414606294347
0.0297882377011593 0.0133923412132646 -0.701075800174501 0.360851381681607
-0.0286661279928095 -0.0228416018629194 -0.712861104842798 0.389395460958969
-0.00695980456660666 -0.0614967476573783 -0.587895923251518 0.315561793336697
0.058980298354588 -0.0357333421292353 -0.381548310550119 0.312843917005557
0.0183696967052291 0.0790496865043723 -0.244984398471132 0.260313165458907
-0.00313404379882003 0.108461226367654 0.285275478351455 -0.218147781948432
0.060002912037806 0.0103130627547253 0.377505767893876 -0.234467230452377
0.00398792612512583 -0.0153417903285942 0.652355524525152 -0.0894996991205538
-0.0341194066132235 0.0329981375617724 0.851762729026594 -0.153954129741816
0.0516568917227083 0.0679686394981875 0.786180920933172 -0.191756063533755
0.0787763918288414 0.0338347792287654 0.573930255655254 -0.139561518257344
0.0795074328859688 -0.00964170708975154 0.268865733939433 -0.0626258466223876
0.0841837084247078 -0.0162675994896598 -0.00910673695066938 -0.0596467600809728
0.0786308359890624 -0.0325646021940618 -0.290851107813749 0.0454478643076995
0.0847380877044731 -0.00250816103381906 -0.556773392186845 0.155999435640096
0.0278478525802456 0.0194031294589715 -0.734805999455855 0.306299226333744
-0.0340392124694738 -0.0277868790066789 -0.77501658856722 0.314602856338686
-0.000458419825051237 -0.0693872476480924 -0.626767864137887 0.241426540207445
0.0615841454438002 -0.0247654375858133 -0.392526968324713 0.287651502411701
0.00483195222207192 0.0907963573017882 -0.259670353037964 0.243591273588619
4.17379887497071E-05 0.0954152762485057 0.267677680712214 -0.241521837626473
0.0464177635154788 0.00167946367676594 0.3682455036516 -0.251073773540244
-0.00193689568008277 -0.00851927584649492 0.637996798185868 -0.18563920653359
-0.0248292486701479 0.0350815638508035 0.794531157102738 -0.258170610030492
0.0554626125868504 0.0568180196045722 0.749632107677954 -0.262944896426234
0.075811503620565 0.0250841092791288 0.575101692004184 -0.181943009947115
0.0751317569231311 -0.0118064647202767 0.291650384326176 -0.0829179072769699
0.0812090887182003 -0.0161023976048457 0.0197067447991136 -0.0721449930600113
0.0779563998237525 -0.0292286176626031 -0.26781942353295 0.0247790487929946
0.0813737816202812 0.00469831026179459 -0.552297850263973 0.110969751159369
0.0215830687232164 0.0197593589177939 -0.769386494704447 0.236531420936913
-0.0290528920178478 -0.0372535159644314 -0.835592587780031 0.216874309415484
0.013266737527233 -0.0682522884320091 -0.657933611888359 0.144897617517314
0.0544239016889856 -0.0134375138434907 -0.403001895067622 0.263333580390113
-0.0120355515845604 0.0850657274106614 -0.273122028479035 0.22689219112261
0.0019565006690757 -0.0868919147803346 0.33010009471212 -0.157931781250592
-0.0283766340711923 -0.0160239081810027 0.39209731805132 -0.266508882426101
0.014853173357949 0.0646623522203983 0.619038183051581 -0.0693426177525987
0.0686545036159643 0.0278502374046175 0.858014248587778 -0.105331116943695
0.0370542880252123 -0.00791958653414491 0.803508934799864 -0.185186289364024
-0.0349047384124152 0.0157777018783575 0.552121869463235 -0.156092341466276
-0.0536291032635818 0.0270070761730964 0.237412997613851 -0.0720624993466406
-0.0358919269278917 0.0206780859007727 -0.04406697444114 -0.0424703448068371
-0.0438635156338968 0.0087259142687091 -0.313709991663889 0.0625082285137302
-0.0267231134332483 -0.0101645608208265 -0.571431831535595 0.180228607272168
0.000699992030771432 -0.044575333537883 -0.722970682832141 0.330019984102837
0.0554066545074091 -0.0528909787707609 -0.734878057357979 0.348166435994079
0.0290571694209867 0.00647599174142798 -0.606748348537765 0.283256855032588
-0.0115712888721012 -0.0436420033016803 -0.390332894872921 0.306336191975154
-3.43920258358832E-05 -0.0970954430280254 -0.252824177223676 0.272810326610659
0.00714512778323115 -0.0492860632013673 0.332718456330842 -0.13958181221971
-0.00507582553740646 -0.0129410160101062 0.398914719826242 -0.252158895413755
0.0113562359872506 0.0501315575143146 0.617722452088747 0.0135027484938377
0.0461699903193383 0.0344984552821844 0.887781758773752 -0.00508927783380716
0.0384810833830649 0.0109876010390337 0.828372959630269 -0.116471618255644
-0.0175169032429277 0.0193645022033875 0.552064005400895 -0.118152361781188
-0.0327648805217465 0.0207203317285574 0.220371425605161 -0.0572174232431551
-0.0163671527233514 0.0145060674122582 -0.0641717503494496 -0.0338280247037778
-0.0234863929868924 0.00204036869381751 -0.326889661015502 0.0818039776173449
-0.00678927875539832 -0.00804858460591786 -0.56744290649491 0.214522295422409
0.0047112702280895 -0.0330854637807867 -0.688593806725936 0.376611213997776
0.0351741887545978 -0.0486948841813572 -0.679923726389408 0.408235136723315
0.0223713063698623 -0.00909505139275961 -0.567386155623942 0.344235464823831
0.00330238329598066 -0.0416826092506776 -0.374841798887834 0.326208937591185
0.00499586182868607 -0.0618448497538021 -0.237155463836809 0.282647207267398
0.00223114258593466 -0.00235491846157424 0.331431479162575 -0.133283410600612
0.0188192836448988 -0.00284860665863166 0.400343564916882 -0.240110765969129
0.0126525902561862 0.0306378990203589 0.613248712967744 0.0660828030109185
0.0208311104948807 0.0338362070805943 0.902496069085124 0.057729250676737
0.0384844728858868 0.0311898112362104 0.833767688528837 -0.0745876223302814
0.00516825117054028 0.025823112782526 0.550694404069096 -0.0929771645307687
-0.00506856232993017 0.0137706018986658 0.211081683257858 -0.0456602390732657
0.0100899088400448 0.0066324453911546 -0.0732723599888838 -0.0305220522036761
0.00201100978021163 -0.0082090916711927 -0.332785691262154 0.092244954192818
0.0173339096420141 -0.00966476363307414 -0.560766081909326 0.234865639614156
0.011853242040725 -0.0211763613086227 -0.662833289083541 0.405428817756094
0.0155463900715503 -0.0410955358991537 -0.641533085116008 0.444451508208379
0.0114107321891312 -0.0228356926107135 -0.541658114635252 0.376113258499475
0.0198773291211353 -0.0428075852237707 -0.362790050407039 0.336919360293216
0.0124679371082162 -0.0220611589450536 -0.227219622224756 0.286452362128647
-0.00517841959992283 0.0447195285573288 0.324620516178302 -0.141872267743185
0.0408739106482517 0.0107933732346551 0.396937038109923 -0.233100027981522
0.0168005197853443 0.0124203850227333 0.615305015661693 0.0792124197886627
-0.00311626746117551 0.0296695102357777 0.903227811088065 0.0713731769495196
0.0391439228915783 0.0501081910311272 0.832848680673622 -0.0614008462679477
0.0301846104864341 0.034078883798176 0.552595692002872 -0.0821515058225857
0.0241073824784561 0.00736637317493009 0.211120211587445 -0.0400779724639944
0.0361278168597343 -0.00142848939968656 -0.070685285706524 -0.0304880265388247
0.0271151911543789 -0.0187587345237207 -0.330986909899349 0.0929896555909774
0.0396909995284551 -0.0113388586797052 -0.555579782746929 0.240593932461392
0.0200632442150289 -0.00882384887581467 -0.653157705261543 0.411812749229851
-0.00220333285778653 -0.0315984783899574 -0.63290967078644 0.448991377965438
-0.000361007636504207 -0.0360674690918042 -0.53169638590255 0.384335813820326
0.0351692414949377 -0.044032579888597 -0.358001003365283 0.339388424964015
0.0205884763712278 0.0174849196518581 -0.22480050503386 0.282805285428516
-0.00946920008385835 0.0831952505369506 0.313758385524882 -0.162327812158699
0.0548670472453312 0.0186729949901377 0.388185309861372 -0.227261824906132
0.0170947216835145 -0.00191216803737101 0.626689095428312 0.0545128497171525
-0.0211831351531809 0.0272633639021549 0.895696131104564 0.0307916437222378
0.0406147548472791 0.0645295758510742 0.821065833447908 -0.0803235927239659
0.052419804157191 0.0386315036369814 0.554507015603027 -0.0874612452779216
0.0512291117207413 0.00104686218955534 0.2226898508422 -0.0406373858244986
0.0590253729713094 -0.0095488875680359 -0.0582539032495899 -0.0361914439622772
0.0493892729958568 -0.0277755111241996 -0.32205820707486 0.0852691237939512
0.0619239388317697 -0.01126331074395 -0.552177961766009 0.226651521753834
0.0269844341113067 0.00304874785974952 -0.66060455215195 0.39660677637547
-0.017502967706234 -0.0237985610375791 -0.65346412455011 0.432762702253117
-0.00670529321024724 -0.0499318969331258 -0.54733694211476 0.364001579999984
0.0475494298458825 -0.043429329837587 -0.363574253154677 0.330743043437211
0.0227023977959439 0.052648728542957 -0.22982184184713 0.272817486397491
-0.00884551012929973 0.104749530101942 0.298387151409466 -0.189025686266779
0.0624824968738203 0.0176320090767274 0.379428093930743 -0.228253893374647
0.0125627618733756 -0.0124834940531059 0.641111554180452 -0.00531727776863247
-0.032093929509063 0.0282573025250882 0.875744197415797 -0.0547681781370361
0.0456273480450201 0.069639504991404 0.80152154171558 -0.130847386201986
0.0694285418906396 0.0376236927474118 0.560177844029179 -0.109681665186642
0.0697777375852947 -0.00507066106415713 0.241814820364667 -0.0483551517238025
0.0760199030524823 -0.0150852141270737 -0.0366384883334876 -0.0460298842131438
0.0670483836284945 -0.0329217364769445 -0.307867879151782 0.067841313709147
0.0755731766645673 -0.00904983999929926 -0.549860481941664 0.199156400361264
0.0296212369560269 0.0119765454591999 -0.686321453213654 0.363039484500593
-0.0288599205893252 -0.0221930152662668 -0.699983436057722 0.390724469881391
-0.00807571118748824 -0.0609926985447584 -0.577734615722641 0.318464981300821
0.0569466711416583 -0.037065584056277 -0.375256108725376 0.312855781275718
0.0169997677054851 0.0775226807266909 -0.239741972618582 0.26008308121905
-0.00362555634597131 0.108598221525486 0.279334517211101 -0.216735705168132
0.058111362854661 0.00977037539982243 0.370011215597061 -0.234608636693508
0.00456451258440396 -0.0141865373335602 0.643238562921965 -0.0946037028054691
-0.0326271078109701 0.0326923738135655 0.838385512276329 -0.157990767618284
0.0512465451570263 0.0665189841265121 0.773245093551105 -0.197457912561382
0.0769938055099774 0.0324785329107633 0.566017164048056 -0.142992582670514
0.0786204737925314 -0.00936355040896485 0.264947582338803 -0.0647209310411221
0.0833828767122253 -0.0169285398233161 -0.00970685154416096 -0.057811682154195
0.0761489017297097 -0.0331727896028482 -0.288058230256827 0.0476729262333853
0.0831582519516092 -0.00284204454896531 -0.548750761335853 0.159034537914308
0.0272000298659825 0.0188053905153848 -0.719913667614492 0.31041206126903
-0.0341366496805143 -0.0274811039421442 -0.761137104627824 0.31882200320381
0.000384116223621243 -0.068080716210388 -0.617239693654195 0.244459588291024
0.0605501144560913 -0.0255650146778454 -0.387314190642262 0.288529180340736
0.00542560283178095 0.0894947550589138 -0.253739671703091 0.242999696076987
0.00030841387106844 0.0947489331549898 0.261555466724829 -0.239551810765584
0.0467125898713117 0.00186271471332481 0.360814469028422 -0.250409131296716
-0.00181445487501464 -0.00799625945424191 0.627879059453188 -0.188742956767119
-0.0248200999782779 0.0338087025755271 0.783082220917935 -0.263076478089154
0.0538931654134531 0.0549783380262049 0.736802096283495 -0.265645294295868
0.0748111487075296 0.025032942438927 0.564352072017967 -0.185637200962746
0.0739560674457185 -0.0124573753923644 0.287172520989534 -0.0841074984449976
0.0799547718196727 -0.0166908182950286 0.0181320083180332 -0.0711593710154748
0.0759008753359917 -0.0300512310044643 -0.264015215765102 0.0275491999439933
0.0799849151273828 0.00336237134559651 -0.543509035603567 0.115256772338315
0.0223836964590674 0.0196047529337014 -0.756769984898299 0.24183090896549
-0.0286441552773003 -0.0355561483824498 -0.823483994372742 0.220977103331409
0.0115198653276319 -0.0671194264200196 -0.648632322450886 0.150997138023979
0.0544507764175022 -0.0144222495960242 -0.395659930277778 0.264491287431123
-0.0106971883895303 0.0829473074766334 -0.269645417902875 0.225985539672107
-0.00486093012651328 -0.0905402518429724 0.295921938214551 -0.209899342088798
-0.0316396242741346 -0.0193340918518881 0.344555435520173 -0.324483533585536
0.025562626481719 0.0494576112807948 0.599648167460633 -0.155171082467997
0.0727997327254806 -0.00131964280452415 0.838218029093569 -0.22501134187962
0.0343909341209541 -0.029910348114838 0.76696700163217 -0.303857987456103
-0.0339407695842996 0.012419571071282 0.523641471492549 -0.232706184883692
-0.0484692580982382 0.0308162527727526 0.225447572716057 -0.104111447850467
-0.0331098443612898 0.0241461305809547 -0.0498041384302356 -0.0361440474675745
-0.0422565051609779 0.0167046376599788 -0.303048947268099 0.108707577969207
-0.0299818496106356 -0.00349680781556235 -0.537430252475763 0.266044472066255
-0.00775244822021679 -0.0375628198558477 -0.662186743726328 0.437247663358322
0.0378863600504252 -0.0550524333202952 -0.666981500354562 0.452950415395794
0.023098197970759 0.00482467641447939 -0.552092793789841 0.371560892402277
-0.0234202435479157 -0.0391842030691666 -0.331861473544486 0.358480156054543
-0.012807029308555 -0.0908789974885693 -0.208166765569596 0.300144021950956
0.00452352322563001 -0.0543062422520155 0.302769376210376 -0.190454800930079
-0.00895037276605999 -0.0207150330240512 0.354168525931898 -0.31301233370489
0.0216406120268763 0.0365596350084131 0.606608356369983 -0.0769141492503777
0.0551380696715504 0.00768390345933941 0.877454917277 -0.133312908652124
0.0408120243810019 -0.0126891753079315 0.802163460138724 -0.239297628990176
-0.0161051126926058 0.0134150120984449 0.530176134185983 -0.195509768330344
-0.0288246443794905 0.023087051311337 0.211299398321473 -0.0865077624036523
-0.0136946696468657 0.0159911427004801 -0.067909271798139 -0.0242124453509791
-0.0226680646097021 0.00774970170365767 -0.312386083159451 0.127958363454138
-0.00996249532443889 -0.00386523359414266 -0.529356273658215 0.29886212080306
-0.00220114070456008 -0.0263873612457648 -0.619567522323202 0.478084507197173
0.0195201157218074 -0.0487947903476492 -0.603863371137906 0.503512921837876
0.0148888815759472 -0.00924114801643568 -0.505559456127555 0.425463246060984
-0.0076827644373116 -0.0384207873900735 -0.312255682573107 0.376124157838633
-0.00435318375616666 -0.0560143972954515 -0.194376568320428 0.307325018641559
0.00545044460069705 -0.00789269368891222 0.30094658432219 -0.18268959293405
0.0162427131161447 -0.0127023968376351 0.359195150940125 -0.300375196455693
0.0222400259128723 0.0190230287115695 0.61218130510259 -0.0267896826578468
0.031851485397182 0.010630231849155 0.898686032990556 -0.0732285779661392
0.0445030906346341 0.00747789641064259 0.813765460344495 -0.196338150647137
0.00741099182348733 0.0179589311752089 0.533276649650799 -0.170039024576892
-0.00353188623545553 0.0123440138812775 0.204925160821731 -0.0721808824183377
0.00968966231942337 0.00568000311979303 -0.0767606403891537 -0.0184310211682269
0.000862502612686624 -0.005286965524923 -0.316632775245287 0.140373468098746
0.0127125275291194 -0.00751394095750244 -0.518628610869436 0.32077014029272
0.00614937817652866 -0.0159911160963335 -0.588419810583779 0.501842512826501
0.00166341043832733 -0.0375498689817223 -0.561333278332144 0.532479906220907
0.00305218344664236 -0.0216755778533403 -0.472033923753579 0.453505943186392
0.00701568542863769 -0.0417501117889316 -0.29932230631315 0.385427348054234
0.00811762121163591 -0.0185876309527413 -0.184903400301618 0.309327236955745
0.00235171353375055 0.0382829686291912 0.292362999896192 -0.186638631405109
0.038402491318114 -0.00273435435108813 0.357949745797568 -0.288724839113557
0.0238704810501744 0.000622660085032985 0.617884273926522 -0.0147713236033458
0.00917402262442039 0.0103655932152619 0.900595108991856 -0.0582583045529259
0.0464503601873127 0.0257812065797809 0.813893987949048 -0.179520689296133
0.0324532379697553 0.0224858398593981 0.536135340396939 -0.159202391795064
0.0242773959071549 0.00230521930249769 0.208560988187808 -0.0667140754902143
0.0341124281615644 -0.005581368395994 -0.0749856618604004 -0.0194662840723275
0.0237648230353714 -0.017995588204495 -0.31462730066176 0.141609267626006
0.0350838304340874 -0.012383487401138 -0.511991915681239 0.32569544842922
0.0158380894262722 -0.0037403598737437 -0.577250750484843 0.508301947345516
-0.0150525129235051 -0.0258804534925367 -0.552158501876363 0.537666943040321
-0.0087180593927627 -0.0334365118263947 -0.463817558456338 0.458569206627994
0.0223326062308973 -0.0450425162515607 -0.296944428136184 0.387410300128632
0.0203981174417842 0.019396349243228 -0.184495526393261 0.305633891359203
0.00176318589080108 0.0744981789267111 0.27837280333362 -0.204558573379865
0.0531651399321782 0.00292572200206857 0.350587662911203 -0.284506128843271
0.0219062593921126 -0.0137769879895798 0.625519318705588 -0.040898104888749
-0.00952856202358818 0.00955423417594635 0.886995230463948 -0.100425798340912
0.0504748055849496 0.0389138600864125 0.802324080157802 -0.19919202633817
0.0548086770454231 0.0249934581237153 0.54223858178286 -0.164472555186763
0.0495880524114213 -0.00687193053810958 0.220346445645064 -0.0675841706281904
0.0563122984154086 -0.0157346262006301 -0.0620351619291941 -0.0265936118858759
0.0454906092960466 -0.0293271287592259 -0.307426187050536 0.132001629727544
0.0561159676973142 -0.0152327985668043 -0.511910893956084 0.311684806412059
0.0229104042637308 0.00602206034451568 -0.589842949837299 0.493788869507891
-0.0288712058764461 -0.0169122531749438 -0.57344329880937 0.522493180215255
-0.0165590554305102 -0.0452685958377552 -0.480064214166203 0.440904891809392
0.0348673407918575 -0.04464563329479 -0.303021373851225 0.379531278377996
0.0257496841099511 0.053455821067148 -0.188334820605517 0.297938848127466
0.005043536322832 0.0963886155730019 0.259496447449651 -0.225578528371055
0.0592811303915047 0.00173032916040796 0.34086455616098 -0.28247788081176
0.0164356930000591 -0.0231743120032592 0.629601177734206 -0.103744324215309
-0.0214011950128696 0.012887260887722 0.854171906178504 -0.179908490279913
0.0540553725639945 0.0443166698584097 0.773784025855833 -0.245430750005811
0.070773628005803 0.0218490083990297 0.544409551056599 -0.186823472492954
0.0669108111888228 -0.015090176999995 0.239278731524629 -0.0787126468824697
0.0715412764662041 -0.0224225385310387 -0.0422024442163595 -0.0394707844301449
0.0610202924033983 -0.0380489463258007 -0.295911685030011 0.113744733065056
0.0704213911877719 -0.0145963434861086 -0.514557341401776 0.284004759683112
0.026278926979686 0.0148265954596527 -0.618826004404981 0.463519453017256
-0.0405833373057026 -0.014981388046267 -0.624009842645502 0.490647721166645
-0.0186738428256695 -0.0565037212040608 -0.518574285626932 0.40122055075418
0.0441258668225884 -0.0410817104340688 -0.316212174230969 0.364317120984663
0.0236723110406601 0.0787197994867922 -0.201938124060638 0.28504826666226
0.00911979583934079 0.0988117724388339 0.237622101500402 -0.24984335864558
0.0549379132149869 -0.00483343554608207 0.331103520010204 -0.288300208186991
0.00713405257948802 -0.0248614720174622 0.617021874590868 -0.191559506437114
-0.0248966905923215 0.0165306810531151 0.801363159899587 -0.277781741701247
0.0580860326592248 0.0399317541867432 0.735314549787283 -0.306369547077843
0.0778285643022832 0.0144735346387379 0.543494613870799 -0.221161643859564
0.0735803420774875 -0.0221045212773992 0.260188646930157 -0.0975065671420073
0.0790479804893608 -0.0260415133098753 -0.0168055770301419 -0.0547203624889219
0.0702379639836114 -0.0388821173413388 -0.279020390158681 0.0914704737985859
0.078572200075523 -0.010610949554321 -0.519476234505823 0.245808537858363
0.0246037718363393 0.0208077043181606 -0.660434980352571 0.416745795682638
-0.046439296673347 -0.0200441199465168 -0.696974764734134 0.427113650824829
-0.0127818415464122 -0.0649035554701675 -0.566885607131921 0.334126986650657
0.0489008152042599 -0.0306698649334334 -0.331340158361112 0.341392060630281
0.011989570462413 0.0919746102200339 -0.217038823360525 0.270702282544677
0.0104566470114077 0.0845334425045508 0.217048723067648 -0.270903695821554
0.0425950378450013 -0.0111178173541443 0.31901736838526 -0.303034397658172
-0.000209965332375935 -0.0183032854683738 0.588549724699811 -0.281890231980516
-0.0187282314834052 0.0180677544701633 0.733751208478349 -0.374253981902198
0.0578840116683417 0.0288469771712414 0.68951386498547 -0.369369501031386
0.074069362596574 0.00801787079772856 0.538053595584299 -0.265063795456669
0.0693894135601874 -0.0232190176318767 0.280372361443817 -0.121397821322727
0.0752523553166474 -0.0248203772184864 0.00820966836792125 -0.0714447551671686
0.0693782530131445 -0.035645332461281 -0.258900333056615 0.0676317615672438
0.0762527229545599 -0.00406136031065775 -0.521798995352278 0.201509716429324
0.0184683744381551 0.0212283601241056 -0.707584401023269 0.355613409972834
-0.0435406493268648 -0.0316051529082459 -0.770891546188805 0.34152352570373
-0.00136817534883107 -0.0657310124501155 -0.612439045584433 0.248248296039541
0.0432318926638487 -0.019054358638803 -0.345058379448804 0.320006467241743
-0.00465118042337843 0.0881491413688746 -0.233026114184671 0.254870316748437
-0.00474059485409029 -0.0874670490497189 0.291318870994224 -0.207580828280638
-0.0315810829859564 -0.0188158901501562 0.337312968603878 -0.321402594328916
0.0268212069628449 0.0488657937472299 0.588038680604841 -0.156763736105196
0.07165774610788 -0.00165264962715295 0.823510468886202 -0.225581363080744
0.0335098826957108 -0.0296923920985368 0.755812723111102 -0.303080003611584
-0.0335716123115726 0.0131624310877275 0.51515666180031 -0.230880251435453
-0.047178737290586 0.0313383475123129 0.221308657653978 -0.104020632230367
-0.0326535305641839 0.0241731977184182 -0.04994726143846 -0.0335519847412681
-0.0419447958432635 0.0170882195197459 -0.297074898196773 0.107292978587939
-0.0301110541476486 -0.0028273116551873 -0.529113785401789 0.266419153767437
-0.00793281554002504 -0.0374120377161125 -0.648937588637772 0.434252450398565
0.0371126856969413 -0.0545696055407414 -0.654304476934359 0.451890688437499
0.0230412048946432 0.00426573831830995 -0.542306411580915 0.371142805431662
-0.0233931336971664 -0.0394248712751135 -0.32481375948703 0.355074457286973
-0.0118357064333287 -0.0900383454752096 -0.205992974295359 0.295267743657534
0.00321759500114585 -0.0525075823296138 0.298042798779508 -0.188291530781508
-0.00764953911378539 -0.0199254487204219 0.347527350522955 -0.30896313707877
0.0221179859856148 0.0360464306793197 0.599127857524407 -0.0783060716556864
0.0538908095676066 0.00733057044692217 0.865123110467611 -0.135320417889143
0.0402869672423671 -0.013222475220205 0.788438404984015 -0.24146445470066
-0.0155065591294106 0.0130140139818324 0.521110027971202 -0.196500803585149
-0.0282783541528403 0.0221890929553482 0.207472091101857 -0.0849359668030909
-0.0137357506945539 0.0162835634865352 -0.0675204328476899 -0.0236006107417639
-0.0231980790177355 0.00826986880963093 -0.307129526609912 0.126957877472448
-0.0100571392804783 -0.00405040514162909 -0.518589547061291 0.298397824965344
-0.00214377648325613 -0.025933632445695 -0.607407532326009 0.476194738132213
0.0187774364732025 -0.048094736484713 -0.591402881790612 0.501353567831728
0.0143555429787252 -0.00887986081761273 -0.496192078497729 0.422396407744614
-0.00796861928206937 -0.0388655416234232 -0.307471182704257 0.371948247093617
-0.00447230097482048 -0.0555810080644401 -0.190843708371944 0.303822097801861
0.00368956814495701 -0.00760143314894655 0.296110932330709 -0.178713639761044
0.0160126673305058 -0.0133948381753458 0.354821100493067 -0.298427605709698
0.0219288927512684 0.0187301909336717 0.602688653246359 -0.0307459775007192
0.0325879916915542 0.0106953235041098 0.885984511163662 -0.0731528265408267
0.0430414954622872 0.00663281553531651 0.803918185987291 -0.197119842255733
0.00798740064056232 0.0180827167202668 0.524831522418369 -0.169555852578223
-0.00295772087998099 0.0124051380350739 0.20219829057029 -0.0731108689640558
0.0103334754718645 0.00547977365450911 -0.0755061301697045 -0.0177628990638277
0.000719522039038652 -0.00363728407263272 -0.311626387833573 0.140098461848808
0.012526904406811 -0.00761660784574456 -0.509389563217949 0.319210691343166
0.00632502907011875 -0.015461607270545 -0.57756069125939 0.498850796589341
0.00142012259210804 -0.0371164270901182 -0.551193276058408 0.529478407247417
0.00353047141333337 -0.0214852406848774 -0.464420976888145 0.449239366440789
0.00657601660303892 -0.0422933725471969 -0.295546239544112 0.382698715032433
0.00730685143731906 -0.0172533892565933 -0.180226057888074 0.305044587894768
0.00239430928724793 0.0374402242068367 0.287709128555465 -0.18468777104056
0.0375480274711357 -0.00275729481178502 0.353526980089647 -0.286837320088382
0.0238601279200875 0.000995414692786783 0.608680996028684 -0.0154744243741381
0.00901525765291229 0.00970764427866149 0.887193254362536 -0.063448234369297
0.0454344578632156 0.0244161701992759 0.800970024749302 -0.18275654699688
0.0324710756038158 0.0217315567486523 0.52844510917348 -0.158134743660883
0.0244668705615917 0.00299293889041822 0.20615496483752 -0.066470838032742
0.0335410482941674 -0.00432625333451238 -0.0729785682603778 -0.0186850638964605
0.023214238414095 -0.0177595262075479 -0.309732077009272 0.140586758382366
0.0339415583683398 -0.0121044963089275 -0.502714026653752 0.323003634779695
0.0152626132383014 -0.00491838089360091 -0.567980743337936 0.503116843915217
-0.0149394961650221 -0.0253877505733122 -0.542476524052059 0.534039461498945
-0.00882659821457423 -0.0327820505103318 -0.45528050030377 0.455437639470768
0.0204925525177626 -0.0450217495905461 -0.290716872552808 0.38372159043814
0.0191587140672605 0.0186927863158458 -0.180759087510305 0.302120366965113
0.000592189915036932 0.0744628310479538 0.272953029140333 -0.20054789027882
0.0528829453841515 0.00338437241693352 0.344776656007131 -0.28155404105702
0.0222740844293409 -0.0127871655998203 0.618577595116648 -0.0418564486794577
-0.0102067483676397 0.0101781800623782 0.87131537671717 -0.101733720976285
0.0485730009104206 0.038153919734271 0.787032903436255 -0.199305834856677
0.054897258488572 0.0242454007659474 0.532914532461337 -0.164501288669421
0.0490004586803595 -0.00630337541403358 0.217425388993249 -0.0683949076027662
0.0551042803879677 -0.0148116491242887 -0.0616332540658373 -0.0251795795475398
0.0440235331012624 -0.0291551269565045 -0.302945910264243 0.131573035113195
0.0546382302580821 -0.0152467531457029 -0.501152693658455 0.309860902114965
0.0222562014453537 0.00522523805816788 -0.578466888874973 0.490492182112175
-0.0286172930551067 -0.0169141815135439 -0.563435431293103 0.518568390890832
-0.0158057113911276 -0.0447260531642579 -0.470731792780406 0.437900478627972
0.0330385182081577 -0.0451530235513084 -0.296612301502853 0.376942752027031
0.0251175895323674 0.0520787564253281 -0.184885784008961 0.294340920055258
0.00416543525507909 0.0952868086838026 0.25523666471231 -0.222744812196736
0.0583030218913674 0.00167860811452657 0.335683722457023 -0.280503251049944
0.0157229839203707 -0.0231454325547026 0.620514970911941 -0.104302811803963
-0.0216720632225004 0.0125693652622551 0.842026604714376 -0.182042487486543
0.0531417906783326 0.0429594713156273 0.761589901746568 -0.244790458978004
0.0708202203477979 0.0210538116612915 0.535297974375076 -0.184989696278159
0.0661073565483018 -0.0156227459864312 0.236309899750178 -0.078645502988044
0.0703773005529122 -0.0229374093269585 -0.0418228791294013 -0.0377704175898299
0.0601030661463492 -0.0361335272835556 -0.291786141321273 0.113580129669359
0.0702855202694279 -0.0145890693559196 -0.506151748384008 0.282173744662915
0.025885364334329 0.0143277361751197 -0.607918637390662 0.46014503563524
-0.0399635872403253 -0.0146810776259641 -0.613844807681381 0.485228729717735
-0.0180137413751532 -0.0556120601946059 -0.510298013923466 0.39882964338506
0.0441842287924168 -0.0405799069840554 -0.312115879325332 0.360764993295797
0.0227780965775456 0.0765002194703931 -0.197421911871576 0.281803697628472
0.00887060550721134 0.0975111320029815 0.233110934492355 -0.246576712714988
0.0545462408488468 -0.00511739101473905 0.326459455037167 -0.286157073976873
0.00762726748891555 -0.024478163028834 0.608498431641305 -0.190600995114079
-0.025204921764249 0.0161288899987518 0.787612355674423 -0.279096388361473
0.0566948720160536 0.0391336743805358 0.723157254581765 -0.304806406154031
0.0772336464342682 0.0143187406722543 0.535152127772479 -0.221820481861329
0.07284657169106 -0.0215791981930569 0.257608269377638 -0.0978185698229069
0.0777859746754779 -0.0257893968408955 -0.0172196162986181 -0.0537470196666972
0.0680582180662165 -0.0382430144198412 -0.274330858871907 0.0925293170554761
0.0763955899835798 -0.0108644709838535 -0.512344668620414 0.244233988077837
0.0240702169411663 0.0203147837931749 -0.649650085760948 0.413968235450978
-0.0453687204139466 -0.0193645210482744 -0.683856436542969 0.424215356382819
-0.0121233360121283 -0.0638508838397038 -0.557515996334373 0.333144664739879
0.0470342380141748 -0.031159897978864 -0.326420555055995 0.340399149272225
0.011569582831206 0.090353198076522 -0.212930943132881 0.267654860924825
0.00964041509227143 0.0836679802715335 0.212811341039022 -0.266329029951624
0.0417351512141298 -0.010674812031602 0.313354980871 -0.300206830650606
0.000877119415698333 -0.0190058073496098 0.578898675147441 -0.27982336476151
-0.0188749228275448 0.0171387538563692 0.721114421992833 -0.371654709535317
0.0567324274321679 0.0287397617770169 0.678740969255415 -0.367959286527277
0.0727215612414119 0.00715464004694549 0.528662437275275 -0.262493198168114
0.0679454981075868 -0.0233576902324821 0.276847433767523 -0.120240331065087
0.0742056215476262 -0.0251883891470621 0.00768310161769534 -0.0697868293963702
0.0684277584602075 -0.0342880298437084 -0.255626665353742 0.0679114455155683
0.0738031468012597 -0.00403874745399981 -0.513136865775515 0.201606538906678
0.0185316503011152 0.0210022866983135 -0.696150370405134 0.352846558233559
-0.0430787093375416 -0.0310224849008813 -0.760383922389977 0.340186611978278
-0.00092361266184276 -0.065362492391265 -0.603908080118229 0.248421985732044
0.0426049621991447 -0.0197125133868555 -0.339546789341782 0.318462840534856
-0.00450099739296154 0.0861251524602302 -0.230381888304579 0.251883751749632
-0.00519507990808615 -0.0859673792617477 0.287488952812499 -0.20474366502609
-0.0304498686805306 -0.0184364310334058 0.333462021545588 -0.316986520910913
0.0260268066687837 0.0482016315264606 0.579612789780108 -0.154002342659387
0.0709207035025488 -0.00229474921747785 0.812939689029359 -0.225107434300675
0.0324695886036254 -0.0290869748782415 0.744054517144037 -0.299999111911011
-0.0329278807269439 0.01266067162921 0.507816517797509 -0.22972576435962
-0.0472638197358348 0.0310037180018041 0.219325507190892 -0.102447664359121
-0.031929873370878 0.0230811453297311 -0.0495588405169077 -0.0336402819122841
-0.0420082982173041 0.016887926523855 -0.29303372342864 0.10629249954244
-0.0299491663358718 -0.00362432915521835 -0.520074875848726 0.263164907245766
-0.00797335543794281 -0.0369733549777324 -0.638081087905044 0.430517436098042
0.0357719591239203 -0.0531881548106036 -0.643887032847722 0.446742555719199
0.0229133984679902 0.00400557284242541 -0.53619761487353 0.367151985587553
-0.023284695946728 -0.0393437149647334 -0.320512181176152 0.352043375035379
-0.0124366179088427 -0.0890522748533222 -0.203023725605248 0.292607133711112
0.00350163435224883 -0.0512409741938522 0.292411758049039 -0.185577340491297
-0.00758698982970594 -0.0200888695104651 0.343763324817547 -0.305608345842433
0.0222232589943514 0.0351695529281704 0.590381550223319 -0.0785049149227403
0.0524406504414886 0.00719612824615571 0.85396524031787 -0.133552320812605
0.0388955124279833 -0.0132179116738916 0.777251608407684 -0.2377052291825
-0.0144032041626928 0.0142479742176483 0.515331803945115 -0.195037036341783
-0.0274583087399174 0.0226418558627646 0.205778155049575 -0.0838940027124836
-0.0129675588823129 0.0155958768443861 -0.0668168961246744 -0.023440627096289
-0.0224012865170716 0.00833060110867015 -0.303788715869246 0.125573411538652
-0.00943998730590319 -0.00293984626931199 -0.511097336167845 0.29636201538652
-0.00323077991221013 -0.0265676719132561 -0.596041863841903 0.469902077793288
0.0184277356335931 -0.0479047598866559 -0.583053577570036 0.49711685251345
0.01553731215436 -0.00936073044218669 -0.490164007746269 0.418020025121996
-0.00816844964545331 -0.0394891529423293 -0.303356572837835 0.369472572605709
-0.00415994408442414 -0.0543049895680269 -0.187001978717751 0.298973955844831
0.00478412243515859 -0.00684360049901132 0.291087130288124 -0.176565308683639
0.0165712409103166 -0.012027999657813 0.348168357666813 -0.293720068351761
0.0226489538671282 0.0184707028692946 0.596472661529835 -0.0287928151014749
0.0308571065448451 0.00994355943959428 0.872181499175912 -0.0751033359080778
0.0426183664433825 0.0063613530808586 0.790416548389062 -0.196934918393562
0.00835506775856247 0.017602791661917 0.518503428470403 -0.168392498283173
-0.00332479475438449 0.013681149092672 0.200491977184989 -0.0715090044566043
0.00967627529084822 0.00593730771407244 -0.0744456326187114 -0.0174401131205363
-0.000426321858807413 -0.00242366986517585 -0.306422453400655 0.137098855461301
0.0118220242988209 -0.00839583810473973 -0.500782635383559 0.315894761845559
0.0059488357656825 -0.0155216879908307 -0.568437669754965 0.496270641596893
0.000680033515972157 -0.036652564946658 -0.542757746217935 0.523715769170471
0.00337612056643492 -0.0202932776396374 -0.457407953781903 0.44438220838729
0.00656872929128025 -0.0416192478661072 -0.291611407878452 0.37711740233848
0.0075001782388087 -0.0179787020732589 -0.179189133772918 0.302283729926901
0.00132843785192045 0.0378686427384659 0.283266694201275 -0.181509641028669
0.0366690026803586 -0.00231500884707973 0.3473887247748 -0.283545429893918
0.0246661149821834 0.000913581954058846 0.601422757490143 -0.0160177151015805
0.00897144870213629 0.00999540245812383 0.874993856351827 -0.0636377442767657
0.0447523600344613 0.0246181161590074 0.791218046767026 -0.181295079798624
0.032234680276901 0.0220584797281562 0.521142006378435 -0.15847075351588
0.0240014102571216 0.0022095211908847 0.20279369179858 -0.0650433433868329
0.0339707841753623 -0.00525051365162677 -0.0720668424584209 -0.0184251161402727
0.0224714803398735 -0.0173429160414658 -0.305966253585362 0.139955991463538
0.0338787843162836 -0.0127305958397304 -0.496631316777354 0.318921174423096
0.0144730199774801 -0.00538444480949707 -0.557993415375836 0.49930792215476
-0.0147141672035543 -0.0249699968633824 -0.532550035899103 0.528333895553472
-0.0071859058776377 -0.0319829092943456 -0.447772174328922 0.448322688893114
0.0207028584754241 -0.0446300762265424 -0.287572520657307 0.379269414385313
0.0186953157319495 0.0180166152456812 -0.177284614470797 0.298371929254044
0.000699104646378431 0.0748402652331041 0.270835979527275 -0.196980291891134
0.0510459854289093 0.00384250325529764 0.341161322469384 -0.279908212860107
0.0230474390953078 -0.0134153334468958 0.608548479687188 -0.0421750597175969
-0.00937939430249556 0.009766217188431 0.860235777236456 -0.101792004190365
0.0484460487605167 0.0372233964002162 0.776428626434004 -0.197595531249147
0.0533934339154412 0.0233245099509001 0.525420082369088 -0.163849509056568
0.0484952092586319 -0.00673694753604637 0.214390837580838 -0.0683029121862248
0.0542999179045199 -0.0151533177496388 -0.0605559968403206 -0.0252705951484128
0.0427449086252272 -0.0280264074819784 -0.29930396211076 0.1301576950131
0.0537089108937164 -0.0156566772157394 -0.495452562942068 0.307531852651536
0.0214706517220494 0.00463259950774526 -0.570534116952909 0.486328698357205
-0.0291551299093195 -0.0163249776852655 -0.55438877022124 0.514322811321501
-0.0156297486412416 -0.0434780288310181 -0.464749810660776 0.432867492085247
0.0334517421533449 -0.0451595001192605 -0.293006985857137 0.372237309803298
0.0247448331070481 0.0508811461824641 -0.183770496127196 0.290483713137537
0.00367338402860486 0.0944586126178668 0.250786119802981 -0.219852927049365
0.0580693939779764 0.00235713463559437 0.330501527126775 -0.276854878547668
0.0172005325505274 -0.0222020214313965 0.612437268484812 -0.10389559718451
-0.0213790518600815 0.0126925375232909 0.831020652694773 -0.180642285152862
0.0520385394721096 0.0421694466680883 0.749638722019526 -0.243485961387404
0.0690679892057519 0.0208539206322433 0.52869476642721 -0.186087970249474
0.0656031500631156 -0.0148734898541628 0.232702841567741 -0.0783709423480411
0.0697111156504374 -0.0228933487561959 -0.0412089973070383 -0.0375800048933922
0.0586731003381033 -0.0361113456665033 -0.287764310469387 0.113632541283888
0.0679350851949699 -0.0150079502842981 -0.499039330599002 0.279630346271901
0.0249727661386552 0.0138464414233095 -0.599048961613929 0.454767628594785
-0.0392089778042304 -0.0145066898112287 -0.604016825459026 0.480257892182978
-0.017484400554556 -0.0546450409025291 -0.502580507330763 0.393065646498279
0.0422225495954391 -0.0399183468211681 -0.306885466496272 0.357512226810542
0.0217010036481894 0.0756905145541046 -0.194571127516667 0.27806292835998
0.00770693696173363 0.096864838479374 0.230079085057311 -0.242501108576074
0.0539933868755296 -0.00411176254343317 0.321259940748097 -0.283411226559413
0.0087881617595711 -0.0236732421383898 0.599074322960307 -0.189041123726024
-0.0240115233329895 0.0160075202695405 0.777827255895388 -0.275163851606049
0.0555141161478069 0.0385261922057156 0.713574496123968 -0.303759066409014
0.0756792221591424 0.0149328480683249 0.528360840615456 -0.220388156599497
0.0715581184527622 -0.0209226240690472 0.254308352848899 -0.0962207988575694
0.0755942160726638 -0.0259789237393751 -0.01861548082178 -0.0523761425467184
0.0669751553712686 -0.0380825224250665 -0.271103862300575 0.0916051830475306
0.0759096392577984 -0.0105049169662927 -0.502874482149608 0.24172135600413
0.0224962943275802 0.0195835216745533 -0.639302710592319 0.412124430694782
-0.0453438444212307 -0.0195474674772848 -0.674375730588058 0.42007678576051
-0.0117383338738834 -0.0628640667918533 -0.5504383065559 0.330920968878775
0.0471444760974919 -0.0305316393347435 -0.322673640438002 0.336611481231385
0.0105508725713 0.0882421013823203 -0.209968077823509 0.265674949951857
0.00858781060732757 0.0848594095578032 0.209601764781446 -0.262391310113062
0.0407020002682182 -0.00993744947263548 0.309473344052077 -0.295831509167841
0.00170429869541647 -0.0183937850783458 0.570930468130923 -0.275246723340538
-0.0186450467712228 0.0168169049783755 0.711117440881185 -0.36768335773078
0.0557316878962013 0.0278675571197815 0.669296164157939 -0.365054946881688
0.0723252033350605 0.00687393147706189 0.521597817615708 -0.260258505193656
0.0682005722505089 -0.0229418074273385 0.272195423803013 -0.119668632511161
0.0731062125548826 -0.0248062497560343 0.00739244630917078 -0.0691279527253269
0.0671012199461489 -0.0342596073504308 -0.251071612636655 0.0672570879292637
0.0726206665265718 -0.00527136407224675 -0.505645601095351 0.199883057171278
0.0177259837027995 0.0201493800674488 -0.684959874949588 0.350517235570522
-0.042674039363494 -0.0301816811193466 -0.748037828183006 0.337065543643307
-0.00019467658344895 -0.0642211600661603 -0.594790247781486 0.246587626518308
0.0408517091107593 -0.0192603803230145 -0.33492964756236 0.314856053231537
-0.00528206448745224 0.0844889726668758 -0.225947951240323 0.249634302814155
-0.00509102524424546 -0.083636759179569 0.283264636741858 -0.200331951932157
-0.0295728778763644 -0.0181875830206666 0.328909387297497 -0.313123279592969
0.0262286747763178 0.0473315917750664 0.572712748331862 -0.150288772513851
0.0683408983760253 -0.00189178563663681 0.803069947911003 -0.220251576252459
0.0318888100671043 -0.0289905045817885 0.73597067069801 -0.296269429188917
-0.0315948958582603 0.0121460814056385 0.502318729284358 -0.227423716678838
-0.0463764661392079 0.0313276653728215 0.216648978861862 -0.100421361679456
-0.0317939805681551 0.0234139098063016 -0.0491106223406018 -0.0324237655952741
-0.0405455068391095 0.0165108596757948 -0.290106756664951 0.105007494372639
-0.0291003552248431 -0.00325380933688867 -0.513351600890443 0.259483319083438
-0.00801036225027443 -0.0372828224831167 -0.630323121285111 0.424174568566962
0.0356670793540846 -0.0529616247902238 -0.636939913662495 0.441827400774424
0.022426415368007 0.00391316881489315 -0.530082261012497 0.363355318019953
-0.022013694896754 -0.0400597768811243 -0.319095688044467 0.347876269122414
-0.0113411732918441 -0.0881737520770858 -0.201297300661951 0.288540510991423
0.00310479471143394 -0.0495204460530689 0.289400400549188 -0.182439436208499
-0.0078916597715226 -0.0191815290956212 0.340177334434954 -0.300402158660424
0.0227930251479288 0.0350268181617982 0.583286089453482 -0.0763646028482223
0.0518959723619535 0.00648496345087616 0.842402938439242 -0.131969704641136
0.037600389210622 -0.0122679435488932 0.765708640142489 -0.23452589052721
-0.0140730959708279 0.0135421362639911 0.508233512169856 -0.191270257566903
-0.0277550391490028 0.0225248133918298 0.203908248527671 -0.0828719257154261
-0.0132499245857846 0.0154186418126982 -0.0656303858593923 -0.0222077397227592
-0.0225317093910833 0.0087831256373354 -0.299928001574264 0.123948375317033
-0.00979636348594862 -0.00433964786960687 -0.504387168897068 0.291286744796984
-0.00340758953556282 -0.025913232758198 -0.589761097331307 0.465742786190955
0.0179359512668891 -0.0466925713302535 -0.576701962376264 0.490584165467396
0.0154554495246126 -0.00904645980585076 -0.484044127652594 0.412340365925657
-0.00802428311420954 -0.0394855511566709 -0.300523742862465 0.364292980228289
-0.00474365859590313 -0.0544046191691533 -0.186475867048572 0.296010300942173
0.00388676030964338 -0.00549872507557024 0.288146250076856 -0.172530561841056
0.0162930019341265 -0.0113377415977389 0.344514882276583 -0.290029771726994
0.0227665649919083 0.0185371756288638 0.588099862015163 -0.0268972250760039
0.0296942282166695 0.0108099882749856 0.8619328373306 -0.0725946553430106
0.0417403059123564 0.00570793865553538 0.781913845835708 -0.193898623392402
0.00778253078633053 0.0172543286964871 0.511620212032734 -0.165058253645234
-0.00265454556731738 0.0122904725384068 0.198002369200096 -0.0702861622296376
0.0096166344142145 0.00545119157887701 -0.0742515107710988 -0.0173354866482826
-4.96703039005687E-05 -0.00302592976505729 -0.302991222218053 0.136104961851951
0.0111399427525888 -0.00755650878361619 -0.494930410780896 0.311157857856179
0.00658645756966112 -0.0155010025919054 -0.559784956285411 0.486723855665112
0.000277324243222622 -0.0361430914244255 -0.537061042554382 0.517057206845205
0.00400768590013598 -0.020603606586411 -0.454342922781557 0.437714546938973
0.00630037776843261 -0.0421847501346311 -0.288863236375246 0.373016820968138
0.00756918524351281 -0.0184040224466042 -0.177982736311922 0.29842862558399
0.00137522981435919 0.0388743308999134 0.280355622705634 -0.178050324855074
0.0366513893166436 -0.00160983356339079 0.344016997528149 -0.28161261157348
0.0249412102228872 0.00139834547981093 0.59402118744859 -0.0140879668168617
0.00856876207500941 0.0100244240310786 0.864372477750551 -0.0604770210406057
0.0438928339334416 0.0238562574109389 0.77979382452809 -0.177400052446161
0.0318947040571647 0.0217848801177928 0.515327463950965 -0.154824230331452
0.0242684905292725 0.00418169081235276 0.201808877149844 -0.0643517767474018
0.032829858970397 -0.00521729248286463 -0.0715184230737635 -0.0173730001607833
0.0218148707701766 -0.0161360123007351 -0.30171777878155 0.137274229582237
0.0325109639146342 -0.0118172357941202 -0.488802015649877 0.315730612693343
0.0141376655413097 -0.00544888427573456 -0.55153076420464 0.491318735067057
-0.0153507844505616 -0.0250240389320179 -0.526393803990816 0.521748373245126
-0.00673743060093001 -0.0323797328430438 -0.444517630558924 0.446316437568978
0.0208274440258718 -0.0455005532559039 -0.284509789957969 0.375328739476825
0.018416710601544 0.0181112355836972 -0.175810073172569 0.294606756686989
0.000136730925254701 0.0741747789105364 0.266087768758302 -0.193266398800249
0.0513055784521428 0.00379686084016453 0.337286978664515 -0.273762053866493
0.0233134560765315 -0.0125639750629085 0.601616686347144 -0.0403064288778988
-0.0101851859835885 0.00987049337863654 0.850997389717629 -0.100436301541233
0.0477702467746896 0.0365084566609288 0.766602304006086 -0.196768294181877
0.0532768911831491 0.0239135506538445 0.520503009801359 -0.161609248987628
0.0476105206861673 -0.00545774098067695 0.21348923730659 -0.0668809411862581
0.0535518138256229 -0.0150934660848405 -0.0598228802965512 -0.0238881863716291
0.0422562124539481 -0.027371803455704 -0.294672315030491 0.129143858687971
0.0526696659018821 -0.0153265506725451 -0.488983526311361 0.302962578487488
0.0214839587256373 0.00430615485125982 -0.560978114846746 0.478723930368672
-0.02832604598267 -0.0169200493861648 -0.546512242266863 0.507783808652114
-0.0148472441583765 -0.0429705077826369 -0.458479318102738 0.427639595974099
0.0325156527504394 -0.0452176733870712 -0.291539136534762 0.367778910685609
0.0233653907735479 0.049701658778991 -0.182620091937273 0.287045642595592
0.0035173806999225 0.0945097074846204 0.249177162364395 -0.215791106221095
0.0571251644932621 0.00261872274730871 0.326778896363306 -0.272745010285408
0.0171969386144726 -0.022045052930855 0.604964015122086 -0.101225549802165
-0.0217216873577967 0.0122514592871825 0.81871508947045 -0.176968141768618
0.0512503996016714 0.0416151735853351 0.741060715024 -0.241222304120254
0.0681607994359923 0.0201371579441482 0.521364196860989 -0.182857873810855
0.0635593347289351 -0.0139736920877334 0.230899867140956 -0.0771989423179422
0.0688158904595124 -0.0230224260999446 -0.0412766141674877 -0.036521659056893
0.0577934362906682 -0.0346096247713188 -0.283906275147536 0.1118906243343
0.0672609505102895 -0.0153434734088483 -0.493022966037473 0.274865361316531
0.0238433478473616 0.0125386549080485 -0.59044441374365 0.451435805317969
-0.0392711097318082 -0.0139697732708782 -0.596388512826624 0.474484474290423
-0.0167534494647182 -0.0539565798682522 -0.496160973220148 0.38956919080515
0.0418603367855791 -0.0405705047448921 -0.30486042674779 0.353077564960252
0.0210329501215101 0.0743859945670832 -0.192959436040554 0.27434836908708
0.0071345108125201 0.0966512421033689 0.228080456249045 -0.239444850689108
0.0527609726508792 -0.00367826462544197 0.318112363040705 -0.277186567895708
0.00888382413838231 -0.0235907543533307 0.592519461114916 -0.185006791717376
-0.0238021416664795 0.0154644606301776 0.767910407766093 -0.273393616745594
0.0545413286114328 0.038080034870004 0.703815259050407 -0.299247877406063
0.0741886458931093 0.0139124922811629 0.520171334110248 -0.216750979651037
0.071178326649437 -0.0199966154903004 0.250736895684304 -0.0959572277904914
0.0749791609025618 -0.0255136665939413 -0.0176717467923281 -0.0519547966957118
0.0668660343402566 -0.0368583277904635 -0.268282018507035 0.0884242437523853
0.0749590139499949 -0.0113514216863635 -0.497967271679395 0.238445766511368
0.0220052209077548 0.0192045285423534 -0.630793548813639 0.404163759941035
-0.0450325951437069 -0.0199326154545906 -0.664043295490281 0.414580738087626
-0.0110421823167056 -0.0627366771235668 -0.543891234047634 0.325714200017586
0.0450588224209589 -0.0312186789603672 -0.319915367716892 0.332573662975475
0.00921423641630073 0.0866388240721873 -0.209795965004413 0.260642079630874
0.00822414125980756 0.084358258593353 0.207962122515113 -0.257772854364475
0.0409721748125128 -0.00892075559960736 0.30624394703039 -0.292151147455384
0.00217075699215956 -0.0171491187201837 0.563187681833612 -0.272029897109631
-0.0192267879498645 0.0165456493232793 0.703159938913441 -0.362371746109697
0.0545985530169924 0.0277993756237338 0.660093568860748 -0.360445411286842
0.0708711280061872 0.00675904641065906 0.514527655483622 -0.258344282137702
0.0658735982948499 -0.0224142163524252 0.26916835797952 -0.117557868598967
0.0724439104131258 -0.0243987317471225 0.00663397847513252 -0.0676411755500683
0.0658418795239878 -0.0335040100503035 -0.249506869953995 0.066634875642742
0.0720553492112986 -0.00506482910112405 -0.499315378367151 0.196576368585362
0.0169349251015851 0.0196990869853061 -0.676634594124956 0.346964955810711
-0.0420280704483292 -0.0295545011232727 -0.737784712225947 0.333091641281703
0.000578494104865062 -0.0636304216877047 -0.588504036846619 0.243198325788005
0.0406432087041931 -0.0197098994396596 -0.333470140029694 0.310857285073252
-0.00558789924183762 0.0829167812770148 -0.224421037109966 0.246210077225912
-0.00563507144446406 -0.0823845599877655 0.281081059590468 -0.1966112604124
-0.0299344233343094 -0.0180394997864073 0.326718857724735 -0.30808491004313
0.0262733419987407 0.0473369912506411 0.568458745527607 -0.147881656275196
0.0673607291647572 -0.00160625108530542 0.795648310526068 -0.215841369896851
0.031320456504146 -0.029809855840789 0.728602691583732 -0.291019940143103
-0.0315316577991948 0.0125783705970911 0.497605499330977 -0.223049340089747
-0.0446577679403012 0.0312113527859435 0.215117937533325 -0.0983385970920094
-0.0313752097362659 0.0223183206861192 -0.0491287393059626 -0.0321147740878229
-0.0412277596204738 0.0167466671318352 -0.288190786000091 0.103251080682036
-0.0288886837066508 -0.00382293190382608 -0.509631673806537 0.254858684495421
-0.00789673271436314 -0.0374218093590919 -0.623317428416919 0.418272243494303
0.0354442090991288 -0.0522146085157735 -0.631723120976894 0.433957703722378
0.0228067788955188 0.00486541279182089 -0.526043467044272 0.357620980024858
-0.0219561413972873 -0.0398774662289644 -0.316091771652761 0.343964074612964
-0.0112872204221988 -0.0878051513340798 -0.200923141873865 0.284826856962195
0.0028478333956739 -0.0471132344149324 0.287421265690395 -0.178047138389899
-0.00714381948246559 -0.019094503463426 0.33651151510197 -0.296045293198924
0.0229209876154988 0.0347525245567194 0.578220817802681 -0.0728337539221955
0.0505421952227449 0.00700542700333962 0.834255945427164 -0.12772762873056
0.0372269448456079 -0.0134956017426888 0.759192710856592 -0.229709360792474
-0.0146712247250322 0.0138110794046648 0.503809231199159 -0.188174564633792
-0.0266677938937803 0.0227105502274541 0.202478242242339 -0.0814467721253768
-0.0127468694158475 0.0155642013752218 -0.0643995137484468 -0.0218162884744936
-0.0225718615004669 0.00862005524781749 -0.296878319985106 0.12156470832394
-0.0101152160950499 -0.00390919354004433 -0.499600209175601 0.287602093160883
-0.00293156412554738 -0.0264273135399621 -0.583207489553613 0.458332697588139
0.0179611299344805 -0.0467467740392037 -0.570700139070455 0.482769405412037
0.0153195586865195 -0.00898371248662352 -0.480891851129302 0.407533102988467
-0.00780937980555699 -0.0397756035802041 -0.299669069226554 0.359857869591953
-0.00427394586269076 -0.0540722276519186 -0.185647523429067 0.292474634161135
0.00340022738052773 -0.0040377152440959 0.284801786184539 -0.169480687612496
0.0166210394243571 -0.0111848455898476 0.342448910335925 -0.284665499100341
0.0229214955319875 0.0184178756822989 0.581334974586691 -0.0249334135140097
0.0295613884529181 0.0102340353730308 0.85245004127865 -0.069158833515039
0.0402796396198967 0.00609060271357895 0.772676064296601 -0.187816097134443
0.00831340373002939 0.016927169361985 0.507289553468211 -0.164504815384406
-0.00279234733591523 0.0133545022339629 0.196787942230743 -0.068959842888381
0.00968061898490057 0.00509265993153246 -0.0729426212100278 -0.0166313905614807
-0.000428330265990009 -0.00325367885237478 -0.300240347387858 0.133831408174593
0.0112192937186691 -0.00806762000020911 -0.491585001835851 0.30710135876231
0.00522208275527604 -0.015457811940404 -0.555459624548874 0.481202594242919
0.001455667293055 -0.035473246078736 -0.531513668457704 0.509141537977803
0.00470526658546363 -0.0203430662416839 -0.450475184283626 0.433852182042677
0.00685068096590252 -0.042608187951128 -0.287411366463861 0.369742145525285
0.00632533730248826 -0.0181417629104462 -0.17686468476066 0.294268694219706
4.24221517375187E-06 0.0390537800249747 0.27726075698568 -0.173505635068077
0.0364696967160968 -0.00120133180108742 0.341509997984755 -0.27529911465437
0.0242970468463832 0.00188427553962877 0.58641037926204 -0.0115447909711051
0.00744751249759209 0.00881918625643203 0.854729327112577 -0.0568331855258597
0.0423853318584955 0.024001757437708 0.771340786583059 -0.174077788977318
0.0316756397945044 0.0211619186862276 0.510380927339522 -0.153975483749876
0.0239071274344935 0.00341263845287292 0.199939563362739 -0.0632834400618824
0.0328315839571418 -0.00551513734107115 -0.0705048076900681 -0.0172258235788014
0.0222750973618081 -0.0153946724389964 -0.29913283805101 0.134565940608774
0.0331188619153641 -0.0125426444662782 -0.484941717136284 0.310717365350544
0.0142722895295659 -0.00611417391396819 -0.547000810278392 0.485972504945346
-0.0144009798028956 -0.024433406814749 -0.522060049019071 0.514751346080404
-0.00655854346828893 -0.0320420904579953 -0.441409684221462 0.438502866812484
0.019412203166783 -0.0445562858369684 -0.282844593567897 0.371639615871554
0.0167015403869649 0.0173561409421372 -0.176073502082707 0.292130400606956
-0.000522481059823495 0.0742356859212605 0.264455089234277 -0.188331998650763
0.050331668870337 0.0046877537079845 0.335222590155562 -0.267781786123457
0.0237163691509089 -0.0119136488076179 0.596203359745536 -0.0386623703980161
-0.0103325684874196 0.00876237829494779 0.840974951450439 -0.0954330565337664
0.0462681378573712 0.0359917624290043 0.757256456036184 -0.191956770157002
0.0525293539367535 0.0226431963319887 0.513890798847717 -0.158856326649571
0.0467535327343147 -0.0058131881043104 0.2119944893229 -0.0647356581204868
0.0527852148171123 -0.0148059895577484 -0.0589393809662087 -0.0234325416351715
0.0416116714291745 -0.0267331803919285 -0.291921684267882 0.126440135259809
0.0524328113662334 -0.0163439535032254 -0.484629053630229 0.297250443680481
0.0209512584168865 0.00449039823093672 -0.557078493440221 0.473183319077608
-0.0278081527436905 -0.0158766495954969 -0.543050141640536 0.500214030275784
-0.0138875562938811 -0.0428242806412899 -0.456081513512338 0.423002580254191
0.0313617377562118 -0.0442659461103101 -0.288543675198395 0.36470400783987
0.0230640675715521 0.0500009739014411 -0.180813723523214 0.283040073694046
0.00262517784023269 0.0938194034321074 0.247234626752607 -0.210842953814214
0.0560961285146291 0.00325721448558965 0.325464144507238 -0.268098937474378
0.0181859316063479 -0.0216744224267736 0.599995882007839 -0.0993345641163288
-0.021141596664922 0.0123997772097521 0.811224005128364 -0.173302491361262
0.0501921560371615 0.040677474668468 0.733153973885113 -0.235964378281871
0.0680057302539674 0.0210557690834545 0.51714626494315 -0.180532942693759
0.0634152379839701 -0.0131543650607821 0.229964513701434 -0.0758467117476533
0.0681461728558907 -0.0220595854883346 -0.0403140728547812 -0.0352498347789689
0.056154104400958 -0.0335353321829017 -0.282214723950532 0.109462121471202
0.0669094583901789 -0.0155653748225849 -0.488722218587323 0.271229695320439
0.0237882244384754 0.0124132196349072 -0.584202535326397 0.443774248142449
-0.0393935011321349 -0.0145316102172846 -0.591347273564968 0.469639449079819
-0.0161412744374291 -0.053464055590263 -0.493289894165814 0.383759815332031
0.0400663035332583 -0.0401111771435003 -0.302275170509389 0.351097604105568
0.0199339541817697 0.0733873368573031 -0.192583223822526 0.271209737824638
0.00651430695235663 0.0961253821305454 0.225814702018382 -0.23322778176631
0.0521896597003591 -0.00281213472192709 0.315785591944884 -0.272030057356321
0.00930882121013109 -0.0225416631721115 0.588200723384604 -0.180892970769222
-0.0247112322099246 0.0154819049991122 0.760592854129918 -0.267227604032259
0.0535227471828436 0.0373181379255104 0.697914237722123 -0.293055260670032
0.0742369065953005 0.0140257956665779 0.51564251274043 -0.212910609519228
0.0701486716331148 -0.0193004112258835 0.24927836017218 -0.0934755502261043
0.0744290437670517 -0.0252725361131254 -0.0177458744582769 -0.0511081628322553
0.065002275567662 -0.0351759498384691 -0.264349544405466 0.087224577536617
0.0729931547080895 -0.0104291001951796 -0.493134651215561 0.234457731556732
0.02186123846036 0.0182199321612905 -0.625407599987814 0.399489078027295
-0.0443484589925816 -0.0192792261665631 -0.659429223679673 0.409062307490255
-0.00943312986687983 -0.0617285917658727 -0.540897871539516 0.321014817465575
0.0445061146885198 -0.0314369613170202 -0.319690990431945 0.329493666564421
0.0093687116725467 0.0848715053680584 -0.207850839813337 0.257185171223254
0.00702699622761966 0.0839114653254275 0.207617542575847 -0.253019384429004
0.0401229421513751 -0.0081375103287713 0.30449241244311 -0.287490400993913
0.00315537634551458 -0.0171050201239578 0.559388670846873 -0.2665855933674
-0.0192748113636785 0.0166499913429016 0.695306505383897 -0.355747727971583
0.0532294377592742 0.0264779393810373 0.655692945194746 -0.355082388846704
0.0701157825808265 0.00753667384244775 0.510767279655547 -0.253180772727593
0.0654332002177687 -0.0212757138959636 0.267629970699839 -0.116052768498238
0.071065904628743 -0.0244948282975973 0.00670967918981297 -0.0662385589580847
0.0644092006762036 -0.0322562742422767 -0.246452003461653 0.0646910739534476
0.0707473679319323 -0.00552455339485332 -0.494414182679397 0.193041312146492
0.0165122448944002 0.019064663574461 -0.670045273799481 0.339615603950091
-0.0412776935121405 -0.0301174883321782 -0.731699628469927 0.325652940310988
0.000806934613340743 -0.0625752816744526 -0.583358084404964 0.240088464232919
0.0397421570149841 -0.0199076070191124 -0.330783464850126 0.307628820761153
-0.00610912700544336 0.0817474708269099 -0.223438694564729 0.242853503201244
-0.00489055000012099 -0.080485132446766 0.27985947894492 -0.193385156614905
-0.0272815856597528 -0.0175742717463083 0.324938302144513 -0.303646633529853
0.0263080128503714 0.0470337377976064 0.562034009501746 -0.142023642417964
0.0660955602239845 -0.00133587399031343 0.788269128540786 -0.2092201710024
0.0311936990690753 -0.0292952008136689 0.72231547432424 -0.284193291501284
-0.0310217446914265 0.0125061221083124 0.493917258454694 -0.219316674941236
-0.0449781724743272 0.0308837222028345 0.213110212790288 -0.0967041962042787
-0.0310507426678752 0.0219959455456356 -0.048239330847534 -0.0315138679491591
-0.0403775241722244 0.0170106816997417 -0.285281099740716 0.100235505924452
-0.0289359570319039 -0.00333989713594736 -0.505983339658424 0.251983155174497
-0.00760639275546505 -0.0370161725405675 -0.620482580297295 0.41276027197993
0.0351720553685853 -0.0517746480916165 -0.627654818436234 0.428036206865811
0.0231570411273554 0.00339802082240356 -0.522041180674335 0.350981124110971
-0.0226853863531077 -0.0412639339505129 -0.315677575005944 0.340614253555278
-0.0108763470469021 -0.0862725144917308 -0.201258966840129 0.281800768868971
0.00316442704765107 -0.0461225708288562 0.284833316554564 -0.174028415726784
-0.00662453284729168 -0.0175888786976023 0.33587514393003 -0.291314501849542
0.0228437382790132 0.0351676494901268 0.573020037747502 -0.0687710184724606
0.0486038902852151 0.00758601818759029 0.827682176753396 -0.122550611299867
0.0367544601196543 -0.0125801478482482 0.75438974455427 -0.223897322817764
-0.0139391879680134 0.0135681260167662 0.499808986641266 -0.184994738694325
-0.0262874987272232 0.0230292126838441 0.201042010503639 -0.0790491122814454
-0.0133781399810829 0.0146298412949139 -0.0648295303171427 -0.0212370526798865
-0.0222515582326486 0.00809161754282182 -0.295378230490811 0.119141887228781
-0.0107733374392716 -0.00482502211810801 -0.495745816328683 0.28322361119335
-0.00276085011885005 -0.0270244797318862 -0.580237957148053 0.451451306615352
0.0176596513445553 -0.0450427989173039 -0.567318955753777 0.476521991876593
0.0155419111602851 -0.00905587495409323 -0.479913693735467 0.400387432581363
-0.00746594180763618 -0.0401188566059508 -0.298989851452571 0.355790915073727
-0.00406622094152477 -0.0543999929223951 -0.187194543139688 0.28946553985645
0.00306869958661072 -0.00358899347602357 0.283523063160609 -0.16543196354181
0.0162371603696741 -0.0108060008267443 0.341977404784572 -0.278831773808953
0.0230899467582109 0.0177595834421461 0.577182712470009 -0.0230434826902409
0.0281222244002006 0.0100160358116345 0.845940420620861 -0.0645576142535001
0.0398431773994919 0.00666286100495661 0.765703265818438 -0.183285602577618
0.00798677200183661 0.0170987484049242 0.503403439767342 -0.159147465488861
-0.0024050736275965 0.0142373404172596 0.195609758802042 -0.0675166107183716
0.00920652952012549 0.00516259715547676 -0.0725951046814006 -0.0171469957000188
-0.000589119105200793 -0.00167492005391408 -0.298116788464671 0.130622068266311
0.0108455369827617 -0.00853433070439522 -0.487320117004574 0.302955234453411
0.00531148987213603 -0.015661424477605 -0.55201017623465 0.473261904711702
0.00106565458872818 -0.0354836729199023 -0.528649996978852 0.503216298809289
0.00556437996666491 -0.0206885087857917 -0.448515308723238 0.427751892278514
0.00622588279918523 -0.0422142085264812 -0.286577876086015 0.364907819027426
0.0061808595363292 -0.017970917984197 -0.177344907665869 0.29042526176238
-0.000524068031746143 0.0396755657198248 0.275106251180171 -0.169505930755968
0.035586729169186 -0.00138999333870442 0.340685364324251 -0.271271683298455
0.0248484269050788 0.00143795989139298 0.582969678071522 -0.00945643342616734
0.00709257101693027 0.00998199687827634 0.846277490430576 -0.0518107818966255
0.0432021021723802 0.0233955748565982 0.764795653358592 -0.167420128112612
0.031031421186251 0.021500434492557 0.506624262392227 -0.14946739581886
0.0236986765226369 0.0038813344076727 0.198758619066948 -0.0609432300177531
0.0323671693234742 -0.00567773319539249 -0.0699067863375706 -0.0169170089491165
0.0212655181463355 -0.0148785981699518 -0.296973514500386 0.132150661945934
0.0322646467544921 -0.0137682741343196 -0.481975511903598 0.305852093599622
0.0140124819083716 -0.00526142640950769 -0.542797504175079 0.478623069247598
-0.0135762756336184 -0.0243257993235984 -0.519050218313513 0.506732416432369
-0.00570235299430253 -0.0318524869008684 -0.439910505044338 0.432419790162391
0.0201674346370713 -0.0451005762436049 -0.283701522373489 0.366568617944723
0.0169510254883265 0.0169201081433347 -0.176798757602371 0.287659577485276
-0.00156327080541581 0.0730088519677439 0.262951537094642 -0.186506620224129
0.0503387559846678 0.00526300594978465 0.334211569126803 -0.26438758976025
0.0229389350256337 -0.0120976524123602 0.592809848622026 -0.0342893990634519
-0.0105531419665681 0.00939690956100829 0.832546014842617 -0.0907964869726011
0.0450591336842776 0.0366766348845796 0.752559274656165 -0.185914980853759
0.0520056548133574 0.0226480924600143 0.50956923322034 -0.154281057776305
0.0464583849986596 -0.00463042580995489 0.210663025302882 -0.0630188447631185
0.052619472617148 -0.0142903932833224 -0.0586658951552087 -0.024202396894401
0.0415833334493579 -0.0255871874063745 -0.290158550030159 0.12377991770658
0.0505018211375008 -0.0150474010146697 -0.482435252056734 0.292898982777954
0.0200228507503372 0.0042863850337884 -0.552127088226458 0.466476110055617
-0.0273632692196666 -0.0169875807272122 -0.539541351624444 0.494578039812239
-0.0136917471828428 -0.0433261993286369 -0.455153353622871 0.418132325277818
0.0316046300032668 -0.0454118150635613 -0.291792433393459 0.359308548849087
0.0212377162395966 0.049118172948414 -0.181877283419154 0.279093918019425
0.00136554519779193 0.0925457515775836 0.24591057058924 -0.208160361969595
0.0560378912962231 0.00351024686253592 0.324019208942768 -0.263646182258341
0.0186462185253018 -0.021056708091692 0.596773760343449 -0.0948753292065179
-0.0213086150496189 0.0116426854767689 0.80430068938335 -0.16657547000345
0.0495728871965481 0.0403330191782857 0.727014842401071 -0.229833171315953
0.0668562667186322 0.0203222405138389 0.512901268646679 -0.177030880870711
0.0628116948652852 -0.0131082877195448 0.227908467930182 -0.0740288982456827
0.0670099241746591 -0.0218368121502164 -0.0406313287173303 -0.035500672580137
0.0563187206371629 -0.0327120068070275 -0.279569476209943 0.107022211385833
0.0657031531970129 -0.0145001428863066 -0.485133720919288 0.267043123222175
0.0232096082328767 0.0126797887705519 -0.582530301898148 0.436435106084645
-0.038361913586303 -0.0146405929786161 -0.588045566977875 0.460487299438036
-0.0149649997800809 -0.0527633924636079 -0.49138383547115 0.378891910707969
0.0400039305887754 -0.0407881640619481 -0.303537605926294 0.345861712229094
0.0182774415062581 0.0726367081664215 -0.193469135776504 0.267906214947277
0.00498226674518806 0.0964691188805037 0.225751224199369 -0.230365587192061
0.052009996273524 -0.00102723431692467 0.313549096889382 -0.268717204481887
0.0104718282755979 -0.0226185768176739 0.584297540098886 -0.176245582474334
-0.0236826513460926 0.0163200908813275 0.753721645263767 -0.260308546780325
0.0524794041580762 0.0371674217650441 0.69189187403748 -0.287284166183731
0.0730316364581806 0.014750583002874 0.512920235284553 -0.208900829735975
0.0688037950153523 -0.0179604328318288 0.248208293132229 -0.0919427689055781
0.0737448087934706 -0.024842690079587 -0.017091377316624 -0.0501945522941723
0.0648723624517854 -0.033835635177843 -0.263505834555196 0.0850592759420871
0.0722676480463584 -0.0104064222562566 -0.490229023165784 0.230533069964932
0.0218127943227846 0.0181062316610432 -0.621761396887507 0.393750989519802
-0.044244250229559 -0.0209011519821489 -0.654170008933805 0.401659199668138
-0.00882736779656581 -0.0615607318073387 -0.537472274182 0.316059083599616
0.0429743279200322 -0.0311238628567347 -0.317318462719805 0.325141546195465
0.00760674700799984 0.0845771699341856 -0.20704083008565 0.253322301205792
0.00602980699444269 0.0846157870851789 0.207732264318088 -0.249797780572765
0.0398040672906459 -0.00751901060131221 0.302952137811146 -0.283024069610967
0.0034979054956116 -0.0173150011161507 0.554789583066804 -0.261522916166368
-0.0198607793904256 0.0168077945254628 0.69070445778954 -0.349409157721993
0.0527034758168686 0.0269260796575639 0.649573994422719 -0.349080837190337
0.0696619797460727 0.00708297781949283 0.506928086676361 -0.24914726697158
0.0655418282227868 -0.0206026924813546 0.265783509081535 -0.113790416187793
0.0708566645096627 -0.0243964346388696 0.00605337505881511 -0.0654358531935532
0.0630614384583259 -0.030937420559144 -0.244620827222688 0.0623123336743937
0.0696010233032924 -0.00416724464479029 -0.491765868241935 0.18805871914094
0.0160606488376172 0.0191862233650225 -0.663139093620706 0.333937755739133
-0.0407513540479042 -0.0294241683959358 -0.725687246166328 0.319075334934256
0.00157165150153557 -0.0621944853639208 -0.57997147773246 0.234991466818061
0.0391235800128064 -0.0195655838057013 -0.330825255219434 0.304288473010903
-0.00823950721237127 0.0807385998016538 -0.222993059955425 0.237996345497685
-0.00442747040876358 -0.0786630467473843 0.278806640607326 -0.188967139532967
-0.0273362075287523 -0.0175902873009729 0.32561194861806 -0.29843882163716
0.0260933880407796 0.0459369758570405 0.558536793997262 -0.137448879596003
0.0648697834032169 -0.000919538316233971 0.783685996438166 -0.201348795582327
0.0299459795403005 -0.0285733681409589 0.717921471017243 -0.278763960187886
-0.0299912917468628 0.0124329030740703 0.491540160824538 -0.214644689827677
-0.0443440136243908 0.0309798374669026 0.212850688891344 -0.0941829372103196
-0.0314807088512834 0.0215639200244756 -0.0481798593894185 -0.0310100572409707
-0.0413740465425676 0.0175433641996764 -0.283128970375263 0.0974786858271412
-0.0289053250820437 -0.00433175996762727 -0.503490549343968 0.245906191899939
-0.00794240551676127 -0.0360644493986701 -0.6151618096266 0.405061829920226
0.0344487292591198 -0.0509445009366926 -0.625025619868986 0.421556829578194
0.0242001041124726 0.00371004297733669 -0.522322889839129 0.346579782705857
-0.0214760940987807 -0.0413195773453465 -0.315755329218089 0.335586262783758
-0.0107038285061354 -0.0859888323304737 -0.20140327576961 0.278498855242647
0.00322036989272089 -0.0440568297211866 0.283473969868336 -0.17066761267668
-0.00558164031362007 -0.0176590216114135 0.336274983757739 -0.287420194968728
0.0229730348241182 0.0347175480805928 0.569411161333987 -0.0646723360071707
0.0487757262935388 0.00743227723030059 0.819476135277182 -0.115689726273374
0.0361368092998739 -0.0121075162001026 0.748530425930181 -0.218594847305916
-0.0129994936154923 0.0123943362532976 0.496691071740945 -0.180008101993342
-0.0265060259828697 0.0231088068623343 0.200699534515775 -0.0777096484380867
-0.0136019316698364 0.01423815994509 -0.0635005954582686 -0.0213798354333469
-0.0214954757705709 0.00956773287462337 -0.293938151590394 0.116033778621052
-0.00976601228842064 -0.0048268467905306 -0.493780499168538 0.277737621844175
-0.00259682337421983 -0.025693263098867 -0.577128831547391 0.445800848878133
0.0178566843676937 -0.0446294707705188 -0.566488220456811 0.470224713439123
0.0161406058766967 -0.00918362159072842 -0.478373677749333 0.396211731536674
-0.00734790543229668 -0.040468556499904 -0.299229707902929 0.350735308144388
-0.00442300538032859 -0.0546925691760017 -0.187875566132705 0.28565069364784
0.0027700555651291 -0.00247927058784742 0.281164723991977 -0.161943839663792
0.0169357471860263 -0.0104682968005107 0.340665809768176 -0.276400671272683
0.0237837837693981 0.0190247212665789 0.574369442785793 -0.0159174064521795
0.0272022827770881 0.00958864848868924 0.840279645489803 -0.0567779689388576
0.0390667511008666 0.00672941106153541 0.762512809494752 -0.177469757429769
0.00786964571300627 0.0165825431759212 0.501306508849582 -0.155380697271792
-0.00280155756864759 0.0138151549540965 0.195487086711407 -0.0657983590858622
0.00973424930925061 0.00481118553828002 -0.0716787044793768 -0.0162468173429982
-0.000455158629286447 -0.00132426194443435 -0.296710967656655 0.127684849494246
0.0113313481228363 -0.00850998478024707 -0.486265809348745 0.29569397942163
0.00538773675012558 -0.0154052122224222 -0.549691934391119 0.467462883862079
0.00129685350160695 -0.0351908334724986 -0.528079727384863 0.496631610338006
0.00578207247298261 -0.0205998016460704 -0.450037795265344 0.42377044549809
0.00655518759282846 -0.0425428969957401 -0.287801581485327 0.36077531910811
0.00601050560250964 -0.0174708745743723 -0.177877036408448 0.286993367727772
-0.00105235900093943 0.0399210978102673 0.274044566933202 -0.165744991263458
0.0368507552345134 -0.000506773093335139 0.340718213441958 -0.267177265368199
0.0250476839989961 0.00172679769967625 0.579746546514172 -0.00426791084735876
0.00711612698537766 0.0100904798987387 0.840078424097863 -0.0461451518159538
0.0418036653055025 0.0242014049008429 0.759425061974653 -0.163244102177457
0.0301191438934623 0.021184077835748 0.504005953692175 -0.145717021316986
0.0228349908761873 0.00520796128304062 0.198840432908909 -0.0588561932142041
0.031829023863694 -0.00516500900348737 -0.0688721470621473 -0.0168373552704912
0.0213526933427907 -0.0136390095060481 -0.296069435229207 0.127835522293976
0.0319478635427028 -0.0126384946397184 -0.480340885932516 0.30019590841677
0.0132204724242057 -0.00589072107100725 -0.541203049910122 0.473577410782068
-0.0142953694785817 -0.0251462614898308 -0.519535544291992 0.501708655687057
-0.0051570340115152 -0.031747600924769 -0.441090500954094 0.428598478672886
0.0203580917503847 -0.0444165270316709 -0.284069702804566 0.362534389233753
0.0155519442102338 0.0174669231036353 -0.177136530928823 0.284228390974608
-0.00361888387100093 0.0740628987783536 0.261734262945375 -0.181831546798362
0.0496849155450258 0.0057750227784062 0.333655182549234 -0.26027332153293
0.0248101725367119 -0.0121691512249825 0.587253707440427 -0.031741948219156
-0.0110634977873204 0.00966875614738684 0.828572003276799 -0.0870149241618104
0.0444082143118414 0.0357581116055702 0.747177079637851 -0.17929742062556
0.0513899986152624 0.0235729006077468 0.507439041578811 -0.151681511661963
0.0469953557673803 -0.00418196778037935 0.20976239616404 -0.061696781347801
0.0521402280381614 -0.0141478436113558 -0.0574293199934438 -0.0240931768665695
0.0411475772799494 -0.0250645542296114 -0.288833803531178 0.120598452980598
0.0504687268846216 -0.0147736267493896 -0.479548740321337 0.288824712873191
0.019795581804148 0.00364621038335592 -0.552191768527259 0.458989386146985
-0.0270725036210235 -0.0169155867088318 -0.539230671348515 0.487861596785895
-0.012312447005388 -0.0432158605814892 -0.45602163526839 0.411784450475635
0.0316122585993045 -0.0452165157759804 -0.291600478501418 0.35591471435823
0.0205055433208791 0.0485875332078451 -0.182747956882293 0.276704126894013
0.00019262594314187 0.0939584057305793 0.245411685663683 -0.202479139752931
0.0550206046931511 0.00463495943698433 0.324423888704124 -0.259620617888142
0.0190253876799064 -0.0204917915850508 0.592557616862549 -0.0898303061108117
-0.0213813532858644 0.0117460328115577 0.799387209877293 -0.160692449246896
0.0484420842327311 0.040187388206968 0.724035485400275 -0.22268118475213
0.0667892788985648 0.0206009590749221 0.511293218297993 -0.172949389066796
0.0631515465758587 -0.0127473842069755 0.227769870873536 -0.0717506245372538
0.067125561323412 -0.0209505767312739 -0.0400186963922508 -0.0351585011341384
0.0567215551561964 -0.0312803679104696 -0.278201211343783 0.104830549591851
0.0643705511136787 -0.0149019675683675 -0.484102517472995 0.261967921571844
0.023178859265066 0.0115938065448105 -0.580359169610371 0.431093875683178
-0.0367247627313117 -0.0157338227208326 -0.586757007735146 0.453662386499417
-0.0134787281731819 -0.0530681020884441 -0.489965778448057 0.373787650523228
0.0396284891199757 -0.0405896413189551 -0.303989569832591 0.343013976858178
0.0176664099113925 0.0716719805861013 -0.19381659074171 0.264065377239824
0.00424752406008167 0.0967691132345026 0.226343385991014 -0.225319458770607
0.0517225790946323 -0.00143659462922454 0.314354206022975 -0.264946196335866
0.0104620610166884 -0.022175491828527 0.58070670576386 -0.170961402624824
-0.0247675670345661 0.01515885520185 0.750776102886802 -0.254779086145444
0.0519550317362661 0.0376959186296249 0.687402727960279 -0.281457125064694
0.0725492159659027 0.0150869857661757 0.509169408904716 -0.204771471674272
0.0692703618017227 -0.0170131415392693 0.247242163325316 -0.0896294711777638
0.0735882813422481 -0.0242388508159199 -0.016838680565049 -0.0500282699332162
0.0636015078835603 -0.0330758774306609 -0.262764621485145 0.08264023083351
0.0712195306678394 -0.010009454077732 -0.488152916183158 0.226030898488659
0.0207130003802584 0.0180274094283771 -0.618203727806643 0.385611514678453
-0.043377117472352 -0.0194141979378005 -0.651599968332198 0.394640276125343
-0.00800872191828776 -0.0612084429250128 -0.536553654435236 0.311500830681109
0.0427245640050922 -0.029857911369025 -0.317157095142947 0.321574849165986
0.00616707209599594 0.0840234308213509 -0.207709524773403 0.250142461181695
0.00495242588916292 0.083873539277755 0.207079217346533 -0.244726842326978
0.0398132144215277 -0.00555749078114416 0.304055013289944 -0.278276760842569
0.00423400379303047 -0.0162421783586836 0.553922724779085 -0.255427033672354
-0.0190191047571801 0.0170722734722708 0.688171444404162 -0.343483190983281
0.0513389003562787 0.0268481202735313 0.647797655421908 -0.343178986442915
0.069127088731156 0.00763247642032885 0.505134804061262 -0.246109770417245
0.0646046846140958 -0.0197373511236857 0.265079598732319 -0.111150333933856
0.0708515360188142 -0.0234525881403586 0.00736937776282601 -0.0648935069059977
0.0637703053912723 -0.0305147780322518 -0.244083897459896 0.0612356498531976
0.0689947965069198 -0.00379688408967536 -0.48877538387238 0.184774741729037
0.0151089306939237 0.0184830547365892 -0.661604532247147 0.327597916332678
-0.0399569117758458 -0.0300658524238782 -0.72347425159087 0.313662976685886
0.00238833769219867 -0.0619773328889323 -0.578362843081728 0.22848040005202
0.0382069042525067 -0.0188407307930721 -0.330137315019048 0.300094304184359
-0.00855228465694519 0.0797348969249243 -0.223630761931911 0.236442385688083
-0.00354509000140043 -0.0770844277749936 0.279436293258874 -0.185407280723428
-0.0268969482564908 -0.0178482955786401 0.326178076861811 -0.294512445767031
0.0266223687745312 0.0465862728399996 0.558313662421877 -0.131478071192361
0.0641844462635156 -0.000924481238076501 0.780678940311327 -0.195074345170386
0.0302038040932306 -0.028062420508328 0.716908350803663 -0.272520195021111
-0.0296956934930234 0.0122035021726046 0.491483914864578 -0.21156217859948
-0.0432806499503067 0.0308275701608271 0.212101768199809 -0.0914419532794541
-0.0311867706592247 0.0207424660317895 -0.04773409925248 -0.0313331854301478
-0.0409603030623055 0.0180566926961761 -0.283262116886773 0.0947017120883212
-0.0286068056415234 -0.00430111501055102 -0.502780777303535 0.242017754913712
-0.00806132784483603 -0.0363620006861233 -0.614298822294248 0.400964864878955
0.0347066856037809 -0.0502365997995643 -0.623487775437494 0.414797329680156
0.0236878794376933 0.00321333268226345 -0.522401850322426 0.340209536117599
-0.0209419034978173 -0.0423569074435342 -0.318687223383481 0.330567378132081
-0.0100010476241725 -0.0864015205327417 -0.202783313285431 0.275167427203696
0.00419958751812909 -0.0438380824299161 0.283812656155763 -0.166431334661966
-0.00522865431321113 -0.0178528480971765 0.337549965348938 -0.281395085003305
0.0229942361497814 0.0342941854975394 0.566258671246951 -0.058346822371189
0.0475742027337537 0.00786166618512387 0.816504359385665 -0.107619069858275
0.0356948595233426 -0.0115224636564288 0.746269884915454 -0.211593402843387
-0.0128691224282188 0.0130951853892875 0.496918112499365 -0.176834002444403
-0.0258654460179364 0.0221444284678056 0.200713641527585 -0.0757945175016327
-0.0133601658109189 0.0140455026855997 -0.0631633228269253 -0.021054971597283
-0.0228463627547188 0.0103178596130694 -0.29302688834456 0.11313198777628
-0.0100886591773358 -0.00493356112083542 -0.494214328226814 0.27284936209168
-0.0026018096601336 -0.0264497806683142 -0.576967462460524 0.437269933081148
0.0178580791888133 -0.0447512922448689 -0.566454402799351 0.464934073580097
0.016873430687103 -0.0090673893409732 -0.480175802455969 0.389640245464914
-0.00734852034483443 -0.0416092567758425 -0.301887344387772 0.348979804494651
-0.00372565303666125 -0.0537706920999931 -0.189743579203827 0.283093485174942
0.00253452693500562 -0.00173513199354944 0.281130376797104 -0.157914140047973
0.0173947269695876 -0.00991929027246938 0.341866516982999 -0.27069130833777
0.0242977442865928 0.0187020704653263 0.572967902546189 -0.0132152178571032
0.0265317618874217 0.0100242884582869 0.836928875551004 -0.0510075319231042
0.038814460560114 0.00675799876559369 0.757851674715822 -0.171587823610076
0.00852403914969789 0.0169246432633797 0.500454257648074 -0.152019863380076
-0.00193209102278311 0.0143633667858534 0.195699441129912 -0.064552829548641
0.00964849341868578 0.00464655341921214 -0.0709527623777821 -0.0164597968004394
-0.000937956165757265 -0.00117453100507794 -0.296010620626998 0.125064770198899
0.010391589010235 -0.00884002103558262 -0.485979177374811 0.291686157008044
0.00547289209886963 -0.0162851538353231 -0.550244205164077 0.461417193012486
0.00159084803131725 -0.0350431546076952 -0.530195106651311 0.49062577423589
0.00695020926577068 -0.020966619948947 -0.450231990637467 0.41691087446275
0.00630548286612774 -0.0428629871141544 -0.289609214933706 0.357731341022996
0.00609174156802235 -0.0179647537433426 -0.180572904599846 0.285921889247696
-0.000785359302540947 0.0405270139943224 0.273878002646049 -0.162651411645064
0.0366075001381428 0.00031575179340966 0.341219953914032 -0.262256158054953
0.0260764258585859 0.00143761550767835 0.57645821001613 0.00116123571845693
0.00610887443961082 0.0100048668546502 0.838047390334669 -0.0402372464707956
0.0408296151659519 0.0230320274185081 0.758039559954349 -0.155213488085727
0.0307526302090633 0.0211037571971092 0.502136575261702 -0.140711608008903
0.0234373925428233 0.00493743494511575 0.198352354502902 -0.057945583512707
0.0315069529931735 -0.00535459443261541 -0.0693190045736442 -0.0175043296940252
0.0214247219956857 -0.0124436162294513 -0.294762413227062 0.126302009813497
0.0313205199996662 -0.0122692967411982 -0.479671895969874 0.295482502041955
0.0130437087035149 -0.00704390238393483 -0.541630051161839 0.466997109476131
-0.0139372790625162 -0.0239854091951052 -0.519245196692132 0.495633145847007
-0.00377535192518844 -0.0318937353831385 -0.443152421537298 0.423386157577646
0.0196715782383528 -0.0455943639617857 -0.287222534244911 0.359922344544273
0.0146562435074037 0.017119642293048 -0.178656313483528 0.281441627253163
-0.00315931423571647 0.0746966776148391 0.262268867033 -0.17833648768658
0.0494513792984141 0.00665207124674583 0.335346454137194 -0.255150826280131
0.0257657109329004 -0.011547384855162 0.587008467507875 -0.0261516810527462
-0.0103786574424828 0.00929116661597988 0.824710784086598 -0.075140666014065
0.0447208140495482 0.0360400942069916 0.744488633061053 -0.173161009123247
0.0512762367321572 0.0239367116659543 0.505692213804284 -0.146977278313857
0.0461802558225314 -0.00376428252079908 0.209780067292735 -0.0604339052032769
0.0527495108005336 -0.0145462200686033 -0.057802313616606 -0.0244555367245028
0.040054580751733 -0.0235972372200113 -0.288549193924216 0.117726426719015
0.0504167144373767 -0.0145118374836985 -0.480201660333552 0.284062007015165
0.0183857527279602 0.00305345850717406 -0.552628534171441 0.452158349034256
-0.0263107266476497 -0.01733361130342 -0.541172640283502 0.482189710038384
-0.0113025328078256 -0.0428802025641728 -0.457336146291297 0.4064535583155
0.0306998999758372 -0.0445874362717991 -0.292888781429089 0.353740216281153
0.0191352827204516 0.0478885616494369 -0.184402019295197 0.273350320894954
4.2879168096319E-05 0.0939907388759107 0.24583932494277 -0.199238409562616
0.055906894365071 0.00538958766381576 0.324305810316139 -0.255327349773855
0.0204304980763953 -0.0201571342740799 0.590959751159971 -0.0828039909905259
-0.0227423151879931 0.011516294113489 0.797574179991146 -0.153245135059548
0.0475170873497599 0.040345649950441 0.720375422958354 -0.21770245312742
0.0663909472926641 0.0208502373456471 0.510274910201259 -0.167462220856973
0.0627400667772247 -0.0118172037016956 0.227402981409367 -0.0698943044015078
0.0670732278408086 -0.0214307347785366 -0.0390927129843658 -0.0348970471419357
0.0559164143247516 -0.0297897700893479 -0.277698791169094 0.101679229433121
0.06428372341441 -0.0146215568842734 -0.484299062836606 0.257627809885009
0.0221097916359136 0.0118050264756821 -0.580624405606643 0.424240784660798
-0.0375264580102771 -0.0156983751451431 -0.587506506918356 0.448051296707703
-0.0124968293033778 -0.0523456771780838 -0.490692412276981 0.368131376199448
0.0397973657559846 -0.0401054038392559 -0.305736837791412 0.338746814809136
0.0164359442207676 0.071836964267555 -0.195555290668135 0.261491436859911
0.00328903395160121 0.097236794441878 0.226678505342059 -0.221354447428277
0.0512682850530786 -0.000632361771223334 0.315500974437112 -0.26123550865504
0.0120226566670456 -0.0216635764308592 0.580932010712293 -0.16537085490442
-0.0244982452285692 0.0153080431482077 0.748945168206156 -0.246570174071401
0.0508129895639187 0.0365757057440683 0.687458420540919 -0.275537462149211
0.0724415025650425 0.0152998838352221 0.508489430098727 -0.202026388006496
0.0682285003268279 -0.0164128115626319 0.246314928058845 -0.0877415057672415
0.0734847716979135 -0.0235558654023543 -0.0164818489628593 -0.0489098548920078
0.0645554131021324 -0.031768863505709 -0.261646737882426 0.0805766950176329
0.0713482864695699 -0.0100051170041434 -0.487263337036578 0.221390245131601
0.0203601920568371 0.0177477367394639 -0.617908857377066 0.380317891693808
-0.0420085687130772 -0.0201005915745153 -0.651029465277731 0.38568269088597
-0.00696483713932492 -0.0610605638686585 -0.536758109094881 0.3060704188363
0.0422294773195818 -0.0305128840506976 -0.319544139589662 0.317602041318657
0.00494028838265756 0.083479797973445 -0.208500039097244 0.2477511987266
0.00467544311171949 0.0847481757253138 0.208231830616502 -0.241633137100722
0.0394697460099203 -0.00600785889132878 0.304091324138182 -0.27620715901675
0.00542293483858253 -0.0160446216281109 0.554955518902888 -0.249247208414249
-0.0191789437890978 0.0161729983264703 0.688076819683907 -0.336420810367297
0.0510032254470403 0.0271514197698458 0.645979131365183 -0.336422597482905
0.0685441147361097 0.00730199326731887 0.503824196299568 -0.242078540107703
0.0647891942336527 -0.0185404229982686 0.264958287277284 -0.109897077510911
0.070131171763111 -0.0232718321802269 0.00690284762140478 -0.0639483319219774
0.06374994731149 -0.0281692067546408 -0.243087172811188 0.0582248551108312
0.0685560142693323 -0.00418367469767626 -0.488185646835011 0.179022995675131
0.0148084054838996 0.0186045445865125 -0.660462406284169 0.320452935132783
-0.0398513365306172 -0.0302719161591577 -0.721283708377812 0.307100929660517
0.00324200071483536 -0.061668539690419 -0.578404620131408 0.223985543937618
0.0376857453588149 -0.0192427563692482 -0.333367058983428 0.297550006061393
-0.0104605196066459 0.0781176812150174 -0.224251154056104 0.2327826388011
-0.0029553664448336 -0.0760616414974619 0.279915073299332 -0.181920821673789
-0.0262722627928011 -0.0173255107669047 0.32846681102003 -0.289541977468052
0.025957183781788 0.0469163272790014 0.558493474861967 -0.126488188511295
0.0635081810968035 3.93291629510982E-05 0.781849986197331 -0.188877446595633
0.0299112964971894 -0.0278952652976352 0.718697236960276 -0.267012977044473
-0.0297897075119968 0.0108840180148648 0.492200685677414 -0.206639391759342
-0.0436045872890709 0.0311446604204006 0.213485629378701 -0.089490127591569
-0.0317783234698372 0.020641007374647 -0.047492258335246 -0.0309469339906917
-0.0420910996784552 0.017776543878629 -0.283218937068136 0.0917059778382084
-0.0284996989369259 -0.00479651837430753 -0.504539902872624 0.236129529790259
-0.00702766193151766 -0.0369310660248664 -0.617218894311445 0.394052841108128
0.0349231499334356 -0.0496852011323826 -0.625977685744104 0.409747118646477
0.0239170737636328 0.00364972238317167 -0.52511432887007 0.335865469290428
-0.0212619963486501 -0.043002630062914 -0.320908958919372 0.328316800095405
-0.00949153052988234 -0.0858154290831448 -0.205232427310885 0.272893320526099
0.0034575906927998 -0.0427001421861354 0.283956619144475 -0.161983119386712
-0.00476996249968466 -0.0178112840424006 0.33799825515858 -0.278543371930011
0.022755519978983 0.034493711464816 0.566093422024998 -0.0544467292415257
0.0458192653276083 0.007315196950157 0.816008743550811 -0.101679916615969
0.0352314510815089 -0.0112609709165178 0.745878073084953 -0.204976304145525
-0.0127877203416328 0.0128320160208286 0.497303086207483 -0.171358337004835
-0.0258220960039636 0.0231612991919417 0.201036526010768 -0.0738543345538098
-0.0129194651612556 0.0139536843078736 -0.0633342442119231 -0.0213532708682897
-0.0220382862921076 0.00964376297855441 -0.293385158299435 0.110057718145034
-0.0104434553851649 -0.00564986236040799 -0.495184759833519 0.269412553740713
-0.00275816786653014 -0.0269927749614546 -0.578343808445442 0.434134308796331
0.0185543350649367 -0.0445589981072225 -0.569232796173601 0.458646487948907
0.0170384859131701 -0.00932312189525727 -0.483183507250977 0.385864156570308
-0.00767725734876115 -0.0415207109607683 -0.303371288606871 0.345220810338469
-0.00318056196143369 -0.054239617907189 -0.192081327175612 0.280617502316435
0.00371039149077698 -0.000922875450178223 0.280651918474379 -0.153325130658871
0.0177858388657925 -0.00987098005624693 0.342088622577217 -0.267078762355734
0.023774809910603 0.0190499393552206 0.570270410508643 -0.0078630799055539
0.0257066139302067 0.0108037063516053 0.834051195064257 -0.0438581393488454
0.0389387603609235 0.00655708802759575 0.759257815528093 -0.16330374220985
0.00870892940874579 0.0169181352652105 0.500822815118659 -0.146977430735164
-0.00171237658172959 0.0137523306692717 0.196004140894303 -0.0616102572063825
0.00814466065454909 0.00408822726157462 -0.0696329338856478 -0.0168765571598352
-0.000211220399070007 -0.00104977873751488 -0.29694875827976 0.122250434244344
0.0105362221725929 -0.00826012399953869 -0.48636199531632 0.286897537459256
0.00381424579306442 -0.0161901072003243 -0.551004321574602 0.455743841513161
0.00212784283999359 -0.0347122372825318 -0.529791080013981 0.485700978885519
0.0073829132218118 -0.0211454144600405 -0.453575176029991 0.414810069893495
0.00714887347643597 -0.0438256398352927 -0.293168955086092 0.353958698790629
0.00502856928011866 -0.0180473464333088 -0.183234886682736 0.282943621227217
-0.00130394452489024 0.0415855550495363 0.274026451805908 -0.158316359888249
0.0359065465690074 0.000131318620493214 0.343976189267251 -0.257785088140694
0.0265573723697126 0.00250803771702008 0.575645924587648 0.0052576053401179
0.00575750443195934 0.00996990846957287 0.835339735534599 -0.0329560585901918
0.039980626653655 0.0240987826415786 0.756762730641231 -0.150201243319613
0.0306713888928858 0.0212841303996547 0.501881631867773 -0.135989038378299
0.0239666813574531 0.00629407685179926 0.199344068034512 -0.0573312525558958
0.031557487390962 -0.00482031313864267 -0.0682630891117607 -0.0174366537913424
0.021428546901357 -0.0130776361745838 -0.296334895511392 0.122987203755937
0.031966901179129 -0.0121128798487242 -0.48174988472541 0.290924930333791
0.0126344548499173 -0.00578764807549123 -0.543862803947732 0.462189981131178
-0.0128394326851186 -0.0239911637358214 -0.522134955373569 0.490568187436843
-0.00339372391376219 -0.0324695814518817 -0.446083355860576 0.419915476842558
0.0188666287911125 -0.0458269792249055 -0.288864974397457 0.35718962659336
0.0143014993852201 0.017864636351726 -0.181126897255183 0.279962934911416
-0.00387936540497759 0.0752372900081518 0.263534377704637 -0.17352772361617
0.0495332525208461 0.00741303407091722 0.337571575508367 -0.250709309050312
0.0255483291727934 -0.0113667075306544 0.584277710002583 -0.0211812590404003
-0.0119275228484738 0.00999541122692065 0.823772059596579 -0.0690827287884742
0.04339455086133 0.0369335775573662 0.743658114733544 -0.167176119996094
0.0512994643031961 0.0235053162259092 0.506316472854584 -0.142542114336216
0.0463370685832703 -0.00279603568642339 0.211120351443851 -0.0584929571156412
0.0521246950838269 -0.013969663761468 -0.0565270580783126 -0.0246836149431532
0.0400273550308267 -0.0232228631973442 -0.2888035182167 0.115507350067112
0.050204666939258 -0.0142737184655125 -0.480479849882532 0.280668428723046
0.0185327952981104 0.0045865636261626 -0.554955408433445 0.448502980692226
-0.0275820631588573 -0.01695686284282 -0.543348418456419 0.476175374734139
-0.00967491364204151 -0.0426225503932494 -0.461196974464912 0.402492374065475
0.0310439165023006 -0.0449874746429651 -0.296477963354409 0.350436680178594
0.019190096802655 0.0477877274898751 -0.186478739793508 0.270967753880844
-0.00205481964330055 0.0951854642042462 0.2464395666104 -0.196657149995729
0.0555370999470495 0.00636370779435219 0.328243456223467 -0.251704020782918
0.0210412991950389 -0.0200215202814008 0.591171684190682 -0.079912978165395
-0.0210590414464768 0.0124454058630698 0.795210841025444 -0.147003132200514
0.0472318741914503 0.0401804556427207 0.720118036383619 -0.211164166379056
0.0662719239127406 0.0216343658661178 0.511784321525605 -0.164405939293331
0.0624391172732762 -0.0100509979778906 0.228156094401358 -0.0677805235283516
0.0664244256691729 -0.0209920369153993 -0.0387376056551741 -0.0354156970149269
0.0560071108020214 -0.0279700880569121 -0.278407203014075 0.099054691562493
0.0641174880754692 -0.0137008375225841 -0.484862533673721 0.25421264072718
0.0218305617207007 0.0111535216244456 -0.581682472171109 0.419209823693799
-0.0372731472276784 -0.0158424023454898 -0.590851074534629 0.442489781697393
-0.0116204223535164 -0.0534730856557306 -0.494976504260431 0.36479721346272
0.0390366151727944 -0.0408656087820675 -0.308592833768966 0.336672212313939
0.015274681748042 0.0719076740018339 -0.197105857121965 0.25893318644522
0.0013679713161637 0.0973623108236633 0.22953970000371 -0.218111529421878
0.0515690057771443 0.001034878828934 0.317483989550311 -0.257352834467036
0.0125046458790057 -0.0220303328760294 0.581023793638964 -0.15990312988698
-0.0251894524418867 0.0154070692502415 0.749305294474241 -0.240939890762093
0.0503419768112747 0.0372002293075516 0.688681623734053 -0.269275195273134
0.0721868653331754 0.0154016297299337 0.509979138914544 -0.196913393374503
0.0684362232380382 -0.0163211890510058 0.248032620402593 -0.0853615261393957
0.073622937887936 -0.0239455242040213 -0.0158989196293252 -0.0482299584123558
0.0641988339122977 -0.0308644910097637 -0.261491859698784 0.0780807137478546
0.0701077307345996 -0.00934240726421601 -0.488346870390532 0.217135721996905
0.0193175457860738 0.0179551664128288 -0.618782800105343 0.372795760399821
-0.0425553495448859 -0.0210930213679611 -0.653156652372443 0.381965784060083
-0.0060447175925322 -0.0611436668731756 -0.538564753592684 0.302198490993813
0.0421172813006195 -0.031461099417206 -0.322240098630251 0.315786542411451
0.00305488616708164 0.0834563028897223 -0.210645510042412 0.245400760188206
0.00346763262040784 0.0852976521969723 0.209955551331193 -0.238451276122075
0.0389086232627065 -0.00482529548934855 0.307103547191183 -0.27120415418375
0.00577220060157379 -0.0163716622777255 0.555059808790848 -0.245131845083885
-0.0206443359575265 0.0161983171937477 0.688468002697909 -0.329156789549869
0.0511343511695124 0.0277599953672529 0.647845758078369 -0.331129546463692
0.0690099180416852 0.00882533679199969 0.503976627405503 -0.237037951084528
0.0647771691784767 -0.0179603799793525 0.265612818138587 -0.107347939362423
0.0697770595451508 -0.0222562005538615 0.00801336729324081 -0.0624428088362199
0.0639157494995919 -0.0271560130876268 -0.243324384522969 0.0556642016663206
0.0680617687815342 -0.00320645994355509 -0.489294447172094 0.17530131272547
0.0140211125144148 0.0187743477613536 -0.660647008531662 0.31486982985167
-0.0394810386700434 -0.0313789545174255 -0.723211164969363 0.299797120088052
0.00465715090327765 -0.0613753755853356 -0.578237651620685 0.221422308255675
0.0369237715456486 -0.0195270477098172 -0.335115540484836 0.293523364122812
-0.0121316537627133 0.0791258095529091 -0.225934109212552 0.230771958665443
-0.00233068917093839 -0.0747200056710853 0.281084363871691 -0.179170664256164
-0.0261005008779787 -0.0176456998470754 0.330858754876494 -0.286586938866811
0.0261426176742442 0.0475083065690299 0.559658703630773 -0.121558330497334
0.0623557519819673 0.000824000630504591 0.782529692360147 -0.181988431683193
0.0300701282052494 -0.0271356479464989 0.721358238325887 -0.26039347617878
-0.0305453001965371 0.011562602031248 0.493778057071977 -0.201347883674262
-0.0437057763669388 0.0307935936414139 0.214737568645935 -0.088046496811755
-0.0314322490793589 0.0200329979743831 -0.047043892770044 -0.0316681237382964
-0.0410164090711151 0.0167773321551707 -0.284767465579522 0.0912273947181944
-0.0284606713543372 -0.00515918524916042 -0.505601478456055 0.233552335048732
-0.00741318072573356 -0.0367591684558504 -0.617773668987142 0.388099122246367
0.0349912841925871 -0.0492197093868014 -0.629434584108159 0.404614821762598
0.0243369594847149 0.00444810311125036 -0.528266439346622 0.331716568204553
-0.0205518952195419 -0.0442959029447724 -0.324003285045404 0.327118071089122
-0.00917524305487398 -0.0857126077102674 -0.207723777204778 0.27159529522617
0.0047525853301657 -0.0414117076038387 0.284969527049727 -0.159508474073997
-0.00434002984861934 -0.0173841407149535 0.341187688797128 -0.2745143377696
0.0241260762344291 0.035326973643357 0.567018445441328 -0.0502679125916545
0.0463230421730818 0.00925579731156815 0.818592885488259 -0.0943597934863497
0.035691130859894 -0.0114159007841675 0.748865484963926 -0.197190206452177
-0.0132615406343437 0.0122841567918612 0.497659229365018 -0.168210375105834
-0.0259136030774366 0.0225521803609102 0.2022219676887 -0.0710771131938546
-0.0133048742349252 0.0134062052316422 -0.0635051785650837 -0.0224855144683727
-0.0224196649797146 0.010025031317693 -0.294113628489533 0.108040532710562
-0.0105774665322341 -0.0049935703436307 -0.496526247161732 0.264732528147853
-0.00288158173463201 -0.0269368077214763 -0.58255469381232 0.427524731477631
0.018525773666555 -0.0449110858410139 -0.572186464224823 0.453636055062496
0.0176001440551461 -0.00884561307663444 -0.487470076126563 0.382250732515819
-0.00733324617883546 -0.0428805379099025 -0.308086216069817 0.343406166423044
-0.00335070887439407 -0.0535825885358497 -0.19491707624692 0.278518017181466
0.00314723240608433 -0.000282171845726376 0.28141889145506 -0.151150183733698
0.0177957223424239 -0.00951169132095793 0.345759725313232 -0.263754651316329
0.0249419014719355 0.0194593444350161 0.571504716431523 -0.00205487473101519
0.0256032389686657 0.0116232324895904 0.835109944809762 -0.0364871269387672
0.0377832293092113 0.00669092832864398 0.760437310465948 -0.15805513998828
0.00802812942056047 0.0167925068547343 0.501071252094708 -0.14461095431521
-0.00284802437435509 0.0153282233315549 0.19718627788042 -0.0602975047280986
0.0086882074741549 0.00384811596787266 -0.0703062202724617 -0.0170875308000637
-0.000530881602953517 -0.00012514816752362 -0.298348135952248 0.118121678773192
0.0107465491743695 -0.00804518985482577 -0.489534439485521 0.284336662313444
0.00498394315030369 -0.0167159609554825 -0.555577029688314 0.452924868046675
0.00197122041646518 -0.0351266645231789 -0.535685191821867 0.482648038300388
0.00769611061983251 -0.0209320529012795 -0.457853554479247 0.410694361034499
0.0068610350900324 -0.0447210839509352 -0.295670471428531 0.352584914297078
0.00434592373767424 -0.0181679526732327 -0.185426332948988 0.28133469234779
-0.00169285784032956 0.0415764070559178 0.275777556276951 -0.155561375817832
0.0368167227760469 0.00167921998313153 0.345849449351675 -0.254596382293383
0.0271757335419554 0.00289989917890919 0.57493886025641 0.0108350887690365
0.00613107160899585 0.0104952048434989 0.836404882272027 -0.0259083725771487
0.0396938673406504 0.0238305213543193 0.756748301716597 -0.143249687141416
0.0307067290921139 0.0213939210955225 0.503271377551053 -0.133233513646129
0.0237068251418047 0.00652849946919934 0.200010959998858 -0.0548580787163841
0.0315754679513237 -0.00550437852809081 -0.068170090050557 -0.0176157514185443
0.021647361704451 -0.0119296951064341 -0.296994792673137 0.120749617315975
0.0316037862733495 -0.011798170305002 -0.483949670611709 0.288558826364959
0.012504959438458 -0.00637669286764474 -0.545923533326673 0.455391008375542
-0.0136817303157437 -0.0241218459743132 -0.527382919479543 0.48670596398884
-0.00267739268954694 -0.031646831623251 -0.449616882979109 0.415591160206333
0.019142313539808 -0.0467175682818248 -0.29394498585902 0.35602843766232
0.0135215845862346 0.017047824390362 -0.183595047901866 0.277765980117149
-0.00470875255046947 0.0755312457659844 0.264115644890727 -0.170651815713352
0.050158602607063 0.00775593139795749 0.338737442190051 -0.249445866335779
0.0266827455624218 -0.0109339455042673 0.584439161419793 -0.0160179946970618
-0.0121102843769387 0.00922319259433288 0.82421906244561 -0.0632709006568068
0.0428258022347501 0.0360470539807266 0.745501612647046 -0.159945471133572
0.0510782011080345 0.024295444099486 0.508232173733423 -0.138657871848618
0.0463271430948432 -0.00200821132242965 0.212025688996969 -0.0563609251325505
0.0525878967679264 -0.0140079150469234 -0.0577542790634831 -0.0253402058253044
0.040983978087892 -0.0220077365866691 -0.290589530592138 0.112691048256298
0.0496611496822907 -0.0144538836412617 -0.484628853939142 0.277007578576102
0.0189701720173864 0.00343485808926864 -0.555339615631421 0.443603470440453
-0.0268268440146401 -0.0179522767592459 -0.547269167880028 0.471770775790688
-0.0105222555338045 -0.0433281900523399 -0.46516616519711 0.399500323318856
0.0302731375910416 -0.0449599329549616 -0.29892714861008 0.348037952762585
0.0176335775082536 0.0487629184929695 -0.189259609186723 0.269040931466733
-0.00249042405398144 0.0953355126284783 0.248798998495192 -0.193363347132802
0.0553953954969911 0.00712559672932563 0.329306114963451 -0.248509101265835
0.0218997915072547 -0.0197623424472106 0.590651159007342 -0.0735232818204836
-0.0222543018793445 0.0126271605053445 0.795881311144455 -0.139709560828936
0.046307586090615 0.0411388292187681 0.72168574104724 -0.204131923966532
0.0658718838990253 0.0217879952717041 0.510612799351886 -0.159361343296892
0.0627657396650249 -0.00931442586856726 0.229599510806801 -0.066677330879857
0.0673016633849512 -0.0205854023631775 -0.0390301154360109 -0.0353687968846108
0.0569334867529101 -0.027884504661121 -0.278212230553993 0.0960990482503427
0.0641187842397755 -0.0129960706698371 -0.488649918524636 0.249568519124988
0.0218327861774347 0.0119722390592939 -0.584022084078605 0.413578388786839
-0.036760560220239 -0.0160178898674122 -0.592459922269798 0.438949120218846
-0.0111170186496742 -0.0539677304035896 -0.498925382954821 0.360805889169526
0.0387900030413541 -0.0402518871043777 -0.311374671309996 0.333312055693726
0.0135754829434106 0.0720538264423809 -0.199717984046915 0.257395745085369
0.00128564756734198 0.0978732745909011 0.22996440338756 -0.217004953458596
0.0516253372785803 0.00162990343739476 0.319751277354065 -0.254532344221399
0.0137057758453766 -0.0213486754014442 0.58373208747042 -0.157067289462094
-0.025585528473926 0.0150955840524965 0.750915007947747 -0.233808819014558
0.0493461858544442 0.038197030572806 0.688816371198616 -0.263958743002671
0.0720828617672495 0.0157384063667636 0.512711987055416 -0.193605192961194
0.0693813542674335 -0.0147784266264307 0.249400625154439 -0.0828666774467343
0.0743350451643311 -0.0234040226271019 -0.0155307750544631 -0.048806393026253
0.064387190689948 -0.0297193231163833 -0.263260479851967 0.0752461090595013
0.0705461539336007 -0.00901982771423773 -0.491004928732336 0.214558230526994
0.0190613147171362 0.0179863284569967 -0.622556657125325 0.368974912792655
-0.0415584469406277 -0.0214931831638063 -0.657785674487495 0.376830709013144
-0.00485344613834619 -0.0617030167343945 -0.541111177925791 0.298063312010985
0.0422651371291099 -0.0298653887348048 -0.324883588825789 0.313795884639164
0.00213692081018286 0.0831252864604561 -0.213355893707252 0.243537986472092
0.00238917661384967 0.0860655635702492 0.213080413273942 -0.235665560698782
0.0388200194351364 -0.00464513768663847 0.309618719016204 -0.267257131486735
0.0070586351303306 -0.0167025696339227 0.557705329370156 -0.240049930141932
-0.0206299884350231 0.0161141275953715 0.691390693019098 -0.325483732910054
0.0499669277131047 0.0276130048819627 0.650247474770392 -0.32543988752345
0.068440955694162 0.00785092290807091 0.506616317641129 -0.23360294324999
0.0648139441023145 -0.0170658691225464 0.26643608410481 -0.104969782449174
0.0706512869460296 -0.021921571077141 0.00759669367998711 -0.0636542466559857
0.0636329244964539 -0.025941193636045 -0.243815571069304 0.0542540768285344
0.0677448294278971 -0.00276662875682815 -0.489433834882277 0.170909576105919
0.0140082981065924 0.0181368156328497 -0.664815698243879 0.307750040739201
-0.0391107420669443 -0.0310251785363696 -0.723120234728494 0.293225880763812
0.00538426153478169 -0.0620223881988548 -0.581118306083456 0.216206614933559
0.0367458485464005 -0.0194498271028825 -0.33752370655135 0.29231436899784
-0.0130445196293723 0.0789491886065987 -0.227852669785054 0.228357784176855
-0.000473606706480069 -0.0740907889016578 0.28416105647737 -0.176452197292684
-0.0253979090365615 -0.0180464851112344 0.334215990641043 -0.284583960720743
0.0268493416860355 0.0481036678489199 0.562314785233093 -0.116709567104939
0.0620934972990678 0.0017810828871315 0.786227775721331 -0.175857150789687
0.0296056087617281 -0.0271356172930548 0.723874643444768 -0.253942317561058
-0.0291801351421056 0.0103011342850916 0.495968983070404 -0.199140965964574
-0.043541163173362 0.0305121534021399 0.217261917731397 -0.0864952249295018
-0.031743587981812 0.0191573425120182 -0.0464987586932293 -0.0315309945770928
-0.0415301094092436 0.0176381935977589 -0.285949145805773 0.0871633729937505
-0.0291058321801176 -0.00608289293078893 -0.508671504481952 0.230695485023816
-0.00692776753803435 -0.0381968523342079 -0.622808246344394 0.385519259640982
0.0346900538107255 -0.0490184468070368 -0.63427617394846 0.40041645223569
0.0247268990349473 0.00286818671647811 -0.532771340009403 0.328508141545096
-0.0213147159517253 -0.0445168660845772 -0.327796850459903 0.325929891774974
-0.0085664368330874 -0.0862445153021408 -0.212467586644562 0.270471083293892
0.00530314301288078 -0.0400093344223621 0.286706552274436 -0.156564997570393
-0.0033958966319247 -0.0170830528678608 0.345254111423187 -0.271080285757889
0.0244217926713003 0.035349294869647 0.570170838231286 -0.0437364225497381
0.0458617557920732 0.00998230254519537 0.820774206280197 -0.0875773270129842
0.0353410596580689 -0.0108235112649863 0.752380171774951 -0.19384548271356
-0.0129906956871738 0.0120897727081735 0.500313053134088 -0.164404857085646
-0.0263499497555956 0.0227061869068119 0.204691526039989 -0.070378319841848
-0.01332235051003 0.0130008499425009 -0.0626758264864244 -0.022903936216985
-0.0224570148893212 0.0106347508197913 -0.297015539524865 0.105341827192762
-0.0106543190284999 -0.00570564983938307 -0.500400124056585 0.260772239041281
-0.00241079162516024 -0.0272974981179792 -0.586705729869884 0.426462455081877
0.0184287350659211 -0.0443464096162716 -0.577867901668398 0.452099270627125
0.0186664704851975 -0.00870601525391242 -0.492399335694539 0.380568478069654
-0.00764819077597088 -0.0436319664962984 -0.312593250751649 0.342248871646839
-0.0029114645536027 -0.0535893640548517 -0.198677620433164 0.278208692070033
0.00325827257896337 0.000961440688310111 0.285089623241133 -0.147599266800873
0.0181005762202127 -0.00867824769102528 0.349235947761436 -0.260631223470371
0.025457132534719 0.0196662725359425 0.573414026818246 0.00247935662004973
0.0251810111600455 0.0124149518936879 0.838313810614593 -0.0287643761872939
0.0380399487424367 0.00690245932660031 0.76215924083898 -0.151333180466422
0.00836001637655736 0.0166037914008935 0.503454826735552 -0.139575105300911
-0.00167945471138144 0.0152280528857517 0.198412065012377 -0.059190739834227
0.00872524123066072 0.00395301425666398 -0.0703535398146943 -0.0166935576415181
-4.94245450549527E-05 0.000294972404412492 -0.299452726862872 0.116860602979965
0.0112543172903295 -0.00900544337625073 -0.49251316079108 0.281076174063745
0.00439537687749209 -0.0168383405435726 -0.560989103033531 0.451162292471594
0.00209890126862879 -0.0341112065999166 -0.540368509290145 0.479139650030202
0.00856143144079153 -0.0213706877037549 -0.464224418659723 0.409329493958323
0.005920478767392 -0.0445407650269766 -0.300021961044729 0.351948115542229
0.00514141600362291 -0.017795226327623 -0.187772884413071 0.279765280692421
-0.00195295776512647 0.0427531111023714 0.278086102570654 -0.151559629059862
0.0372050267333944 0.00120340675996881 0.348685839910051 -0.251546119098486
0.0279756109583996 0.00301475689063938 0.578850256902455 0.0149526156276447
0.00471199532102775 0.0109750966251011 0.838950211729167 -0.0195959093666202
0.0392499345160588 0.0240837722211364 0.760073634692357 -0.135815424093963
0.0306935897579687 0.0216925644233362 0.506743379834009 -0.131294909968039
0.0239328292090315 0.00688032260949906 0.202592184959441 -0.0539489423010922
0.0318677787134173 -0.00508333713489184 -0.067674968759508 -0.0181118975136205
0.0214067576617478 -0.0108402481942744 -0.299309115950601 0.117691053259844
0.0313436026114984 -0.0120636091712465 -0.489321220430089 0.285727859836571
0.012165302236065 -0.00678892666216551 -0.551256559300502 0.454858456711345
-0.0130598080686051 -0.0245566015114722 -0.53085653782855 0.484900917316114
-0.00161529306199663 -0.032614941136968 -0.455142188717841 0.41600592842833
0.0198439315258722 -0.0463731219713689 -0.297307623404089 0.355426235979704
0.0131143168676857 0.0174476023902001 -0.186901104559812 0.277551671017553
-0.00527547075924536 0.0772791308548672 0.265991795047835 -0.168893511851871
0.0498131024540312 0.00832433296908141 0.34357117908064 -0.246885953136718
0.028043234786502 -0.0105989247900229 0.587582815598514 -0.0105268985052463
-0.0117217235245642 0.00926228242633511 0.826813916868506 -0.0582768378137118
0.0419124643321311 0.037182869151225 0.748173735966433 -0.155237276984076
0.0511101663885128 0.0244261664193116 0.510289282044095 -0.136041827766321
0.0477750443141241 -0.000952811231463762 0.212689403953534 -0.0568065494913621
0.0528164331598205 -0.0142793384338535 -0.0567027210013927 -0.0247857267251428
0.0417087920919105 -0.0208706091952266 -0.292416917090963 0.109298555598912
0.0496837736808928 -0.0142232847240298 -0.486482144214909 0.274249309732442
0.0182203276131169 0.00309729361527039 -0.562741073441518 0.440133052114325
-0.0268520155574637 -0.0179704446977997 -0.551718245222069 0.470919232756566
-0.00907607225387516 -0.0433838651941989 -0.470260077883154 0.395711171061187
0.0309703397604947 -0.0465493713023883 -0.304511247815884 0.3471355570297
0.0160899761400413 0.0489564600948525 -0.192979738690794 0.269026009367786
-0.00396873152875707 0.0965013696209557 0.250857334194977 -0.190240717811347
0.0556953834541127 0.00861899845100979 0.333154307184105 -0.245856352835201
0.0228540149941443 -0.019934250978393 0.594150353661073 -0.0691497261941676
-0.0220587367218247 0.0117646265273527 0.800641280894779 -0.133026613729419
0.0460633330801018 0.041312038286811 0.725085988480882 -0.201218762505966
0.0654504746566507 0.0221859318532979 0.514092854965249 -0.157411581729455
0.0629941731573768 -0.00898113340120734 0.231343575004313 -0.0647254338744072
0.0669395745075798 -0.0201226014775396 -0.0380966785540838 -0.0354110344829735
0.0570471413583234 -0.0271118529929644 -0.281156007084989 0.0947129643468825
0.0645744197342705 -0.0134198100320594 -0.490331189428222 0.247951237836073
0.0208043536704012 0.0114075020965468 -0.588548051588335 0.411125389368389
-0.0366370743946498 -0.0162439739710419 -0.598626749413962 0.434060892171706
-0.00892462639474215 -0.054851526917052 -0.503706120171128 0.358643390909167
0.0392622865227978 -0.0397501891499379 -0.315491400659016 0.333808900949934
0.0121020416428421 0.0716221314718057 -0.202234493423187 0.257031866807761
0.000312216902370467 0.0997968582651261 0.233094151108562 -0.213216944406383
0.0519728276748013 0.00221539086576806 0.323823704065569 -0.252621427949641
0.0144480493510551 -0.0219316678370358 0.586718744013166 -0.149737382681529
-0.0256866985719231 0.0156462881900183 0.755171423946456 -0.228907410435293
0.0493085976750722 0.038345789319658 0.69227675556175 -0.260004382796088
0.0721199682910723 0.016497177228329 0.51467939855197 -0.191178588232675
0.0690403117955655 -0.0137467971272401 0.250823045051792 -0.0821704309228742
0.0732296463151724 -0.0226178444698714 -0.0149711924919446 -0.0488155137472476
0.0647576959472647 -0.0291552266307331 -0.26470368183859 0.0738439460182071
0.0699089360799447 -0.00853697842803855 -0.493072452038274 0.209251362118746
0.0183821492298514 0.0178710173001451 -0.626307717754054 0.364092231819905
-0.0414179691186163 -0.0221015840677677 -0.661813353283953 0.37366477798023
-0.00316186553039812 -0.0617104788188197 -0.546976640670335 0.292257019808162
0.0422712805965628 -0.0301840620099492 -0.328848573985497 0.312101621682318
0.000912975865676071 0.0819680749785277 -0.217265447492287 0.242026571808519
0.00245242627814247 0.0882394232057875 0.216880318712766 -0.234130996863877
0.040410402278316 -0.0036089170887567 0.312725955769971 -0.266615776842766
0.00803214326976906 -0.0165425221906802 0.563567420306901 -0.235183121129966
-0.0210555726568734 0.0168449028778661 0.697028108165202 -0.319602584333987
0.0493062104356667 0.0283805468586781 0.653935408037834 -0.322531301193205
0.0689110566019156 0.00894561930860568 0.509002192417738 -0.23169272029937
0.0661825597862217 -0.0166939051599381 0.268419518289443 -0.103972074206889
0.0709061432364364 -0.0215459412023722 0.00818800821968328 -0.0621904030191564
0.0643883325856415 -0.025359980444702 -0.245034934359223 0.0526927286835988
0.0669508532550916 -0.00234740243908972 -0.49397464235139 0.167916212697999
0.0129272854735454 0.0175178156776938 -0.667173302919727 0.304701348062921
-0.0387692217239866 -0.0323445077385754 -0.729334863632077 0.28803541211708
0.00606620419275391 -0.0615582056430113 -0.585490391128765 0.212211852643986
0.0359520126710524 -0.0198518896800432 -0.342021980434468 0.290239070092915
-0.0141990049568248 0.0782730605681914 -0.230546194767224 0.227325588750397
-0.00028554877250384 -0.0737912631257012 0.285737388488615 -0.174563536630368
-0.0248063879399565 -0.0187171729474298 0.338748401694095 -0.282715497211179
0.0269818700308864 0.0478754664826846 0.56668991226748 -0.112578454015766
0.0621252305813999 0.00217524056498847 0.792632358438587 -0.170951226200711
0.0304272856496742 -0.026943906240757 0.73015585806968 -0.251991007611321
-0.0287295043304948 0.0112295495380672 0.500957110547351 -0.197058147436508
-0.0448745422428682 0.031119277243982 0.218876460842213 -0.0853112731616979
-0.0323441584490282 0.0186098534218398 -0.046269988754825 -0.0317283092559675
-0.0414196553115845 0.0185926776947453 -0.289533159201129 0.0858963373423805
-0.0286915952960048 -0.0060504205425788 -0.514051779483536 0.227316029595443
-0.00751428837762937 -0.0377895123727688 -0.630444504626822 0.383933502084573
0.035572242531447 -0.0487979475545608 -0.638636856357989 0.397033225273565
0.0248844098316676 0.00311937350586754 -0.540338342084314 0.327519527178593
-0.0214344871684705 -0.0457145859345208 -0.33140682946099 0.325761255147184
-0.00767212193428279 -0.0864310541340582 -0.214227376541217 0.269119203186614
0.00595130911360376 -0.0395275974339989 0.28938114479956 -0.154399913369132
-0.00352776122484214 -0.0175079076249905 0.347883270461585 -0.269052781800104
0.0244768466076974 0.0348840405386015 0.573564107503592 -0.0402369242105524
0.0458499296830107 0.0100988530990327 0.825905404045981 -0.0815836579976802
0.0352564836290172 -0.0107096009212981 0.757863114740727 -0.188682584062658
-0.013163236480846 0.0127820820967477 0.504247179156245 -0.162349549157362
-0.0256254311821466 0.0236295319943779 0.205564716032948 -0.0690727000395482
-0.013095170369124 0.0127584063915639 -0.0632133473544983 -0.0225351364940377
-0.0225472391995335 0.0108488944063311 -0.298885617872891 0.102973238296447
-0.0112952320608933 -0.00638959122830405 -0.506880580078311 0.259293329239303
-0.00293202723646316 -0.0273485040061291 -0.591332128392239 0.4239470979968
0.0189570833555973 -0.0432836567621597 -0.584447685483543 0.449959184488247
0.0184988871804013 -0.00935462588883649 -0.499642163376486 0.379948293872605
-0.0072845785457871 -0.04430375417966 -0.317026308697295 0.341511336534048
-0.00354989892407487 -0.0539419087657951 -0.201073717570995 0.277537918386799
0.00382251608042594 0.00157586052413137 0.28648798409193 -0.145441937303102
0.0193393454326064 -0.00934017453865202 0.354166022295651 -0.259112370429619
0.0251291003036321 0.0190950759731185 0.577420855067153 0.00803621730413772
0.0248435333522576 0.0121427942833619 0.842436492829564 -0.0223456938599972
0.0377863296082644 0.00807664881961292 0.768099087955993 -0.147731018832676
0.00899997825970746 0.0173887101778035 0.508238453844393 -0.138072354055177
-0.00250794013893357 0.01548704290907 0.200642678985896 -0.0580520276610642
0.00834112976984733 0.00437934589946822 -0.0710402931160752 -0.0178781494100881
0.000693222696521017 0.00135513003878635 -0.303117820240577 0.114246925044977
0.010771183011923 -0.00853161146716654 -0.498921513108799 0.280029681719703
0.00452642544411545 -0.0170677309670299 -0.566660770191461 0.448286038014581
0.0025275660060484 -0.0352201090646694 -0.546885532686651 0.476982894282704
0.00840376774919956 -0.0212282243474922 -0.47035596580205 0.408296222158543
0.00624338404443085 -0.0464213678822319 -0.305195176955243 0.350537589348033
0.00563144730031803 -0.0172667644495857 -0.19287966581466 0.279914304846122
-0.00218976400228648 0.0433202039871379 0.279588008693741 -0.150416591573863
0.0376321176016859 0.00225530559871004 0.354207243549158 -0.249893348766845
0.0283809466612172 0.00370717178586798 0.581647072094986 0.0192943165664062
0.00381422715983955 0.0113949465809512 0.843224586073394 -0.0115800662688005
0.0392536108972798 0.0243780238692295 0.764665141320336 -0.130751652715221
0.0306836025262592 0.0216302259038634 0.51199368491288 -0.126793302010172
0.0231996811880717 0.00754527249220206 0.203670754360298 -0.0522777136399226
0.0322826580211062 -0.00518485010392338 -0.0678931248719434 -0.018171988388011
0.0217344190715829 -0.0102682911878115 -0.302905247317552 0.11716959832699
0.0313144889897029 -0.0126867604006604 -0.494934651772438 0.282677631826067
0.0119045116739184 -0.00641176545820221 -0.557476126374117 0.454410548954358
-0.0129028460598896 -0.0251262368431599 -0.538245474825198 0.483264681863293
-0.000468105720116784 -0.0324533798734442 -0.462313902435315 0.414326573812598
0.0200033147710176 -0.0478548459547786 -0.303323613377586 0.353878010672408
0.0119765638753716 0.0181241163364144 -0.191234395043446 0.276795972515087
-0.00578779380215505 0.0775373386465163 0.267485739360603 -0.165362805864346
0.050234145431922 0.00884588367687022 0.34826233123946 -0.243949785727497
0.0281946560287952 -0.0109821177954473 0.59251743337018 -0.00627659544590609
-0.0118440878572249 0.00988622869320653 0.830932983930357 -0.0497322793842109
0.0419014800358155 0.0362873885694342 0.752968538592616 -0.15045466949606
0.0507810425910995 0.0255409694489255 0.513725066361548 -0.132610714255152
0.0475822142394062 -0.000827152160681443 0.215017942288946 -0.0542136327582266
0.0521685288758029 -0.0143422500245514 -0.0575178889000848 -0.0254686409898888
0.0420525345696537 -0.0202113448867488 -0.295730389944986 0.109263034233908
0.05040390917591 -0.0135493872707292 -0.493996023577708 0.271491295026918
0.017805770106489 0.00248975350803412 -0.567177670930755 0.438717675381722
-0.0259066850101054 -0.0185187337420187 -0.558831785432034 0.468547570365266
-0.00714661664042479 -0.0442677210579623 -0.476970668058001 0.395783768834446
0.0312053557366559 -0.0462616853720194 -0.3083464733207 0.348349867319519
0.0149140523352906 0.0493372246116245 -0.197174676176965 0.268794702802224
-0.00466106621119292 0.0975424412948095 0.253692700219662 -0.18840505028748
0.0560514037771864 0.00913639232925203 0.337446619409314 -0.244074688769526
0.0239955357039844 -0.019940156401613 0.599766903833237 -0.0654985213466214
-0.0226036325884482 0.011695296937591 0.80544777401302 -0.129047582253935
0.0457073028462757 0.0420501718122715 0.730376972200855 -0.195589567768353
0.0670991548790862 0.0226813170684768 0.517502914406068 -0.155260543866392
0.0630325779603693 -0.00793438303925716 0.233214679370625 -0.0644809852249544
0.0676042677783614 -0.0197936651436546 -0.0386159242950413 -0.0357081458968951
0.0572526468387811 -0.0271387854395 -0.284036625978881 0.0928362838822049
0.0642977033753001 -0.012865906515786 -0.495077557164059 0.246062670005608
0.0207667239683686 0.012220162442063 -0.595067141509477 0.408757838113322
-0.036368182405897 -0.0163142395401393 -0.604438066321546 0.431996469485335
-0.00791712640608877 -0.0550578528414438 -0.51044400384219 0.356765483874034
0.0389000104299361 -0.0404093410704256 -0.320383657263463 0.332988161986366
0.0110205749362755 0.0725983743692687 -0.206140610223147 0.256038185695136
-5.05164097437359E-05 0.10094832216482 0.236355436815293 -0.211833308808155
0.0520810770868793 0.00288594271947369 0.328405075015022 -0.250924312328584
0.0157329688312954 -0.0215247498803629 0.591890531085829 -0.148036578185565
-0.0260292353478995 0.0153990608489042 0.762280801613133 -0.223182082257974
0.0492181770836735 0.0389076374943306 0.698987338690907 -0.256962870267584
0.0726204825126245 0.0171021669091081 0.519649558515486 -0.189183729718658
0.0706751511410758 -0.0130607970240205 0.252361983129043 -0.0814143813455311
0.0741718041374723 -0.0228222726645943 -0.0156159138883804 -0.0488709232481885
0.0653723085766724 -0.0278056032114528 -0.267673353759068 0.0723647053941676
0.0709025147236293 -0.00814941240106206 -0.497268126585616 0.208153897106361
0.0182025551118485 0.0172724645182268 -0.633142378520712 0.361259778851481
-0.0417289039073088 -0.0226390746835506 -0.668921190622399 0.368134703777833
-0.00222140766653486 -0.0620788099250917 -0.552893134981327 0.293416020892717
0.0416502585586188 -0.0302228938606139 -0.335875933400295 0.312012581086531
-0.00102230338246109 0.0828507609388252 -0.22027815524689 0.241408956283978
0.00124215822368641 0.0883254731143884 0.219576135997093 -0.232762475824519
0.0400210718384783 -0.00400290897071161 0.316501776795521 -0.264016250670386
0.00936051081000705 -0.0172394410878739 0.567666278488388 -0.23216182644023
-0.021174587314204 0.0172500176550133 0.703076795000259 -0.317217350376105
0.0495183769358753 0.0277938916885754 0.659865219515145 -0.32049244613959
0.068646971922571 0.00956777676995939 0.513433000829123 -0.228609717122558
0.0667410027194597 -0.0153147825044433 0.271047541061203 -0.102744092180495
0.0714904393782611 -0.0216799372089158 0.00891130014272162 -0.062693198724938
0.0647019834639028 -0.0255107750371517 -0.246913180299752 0.0515331585338354
0.0683587373817796 -0.00301952476507619 -0.498470262670465 0.165031678110551
0.013069273408871 0.0189748558797233 -0.67314748038228 0.300059703653401
-0.0386997298055871 -0.0327999164169248 -0.73703707119382 0.284065281465001
0.00821275114452161 -0.0624652812382621 -0.591757289216157 0.209923179047798
0.0364713256832823 -0.02007556531739 -0.348612551991861 0.289499860193781
-0.0152937935598159 0.0786070488365574 -0.234542027479793 0.225469040608642
0.000692292519039043 -0.0730817079767277 0.288696581070863 -0.171808014154113
-0.0242964663305699 -0.0188216108359308 0.344041490572111 -0.283522802255046
0.0270229565314687 0.0488298371075444 0.573955528089433 -0.108084189182217
0.0623153019231928 0.00254046404039729 0.800144133174679 -0.168418185637229
0.0306565768659887 -0.0275708384950434 0.736732487785983 -0.248769487841945
-0.0289593767022074 0.01097331904604 0.505640353772689 -0.196953676851602
-0.0448403336061667 0.0306093992474778 0.221723548586173 -0.0849734580565551
-0.0330698877353116 0.0188933508647824 -0.0468292919356894 -0.0317350779195629
-0.0414635858429362 0.0190739681465964 -0.291392796177835 0.0838528416465407
-0.0295815822498577 -0.00614646424163367 -0.518853858897491 0.22645805843806
-0.00722275499751891 -0.0391161867955733 -0.636996704955372 0.381280268355317
0.036319250046894 -0.0487105443138979 -0.646861242733845 0.396683531336866
0.0262408089257061 0.00414284745243778 -0.546827398858424 0.327925721478051
-0.0211538727063819 -0.0478363544214198 -0.337655864251958 0.326216023016059
-0.00781778946667689 -0.086909791945289 -0.218799439499468 0.270379286430267
0.00641194403005345 -0.0400635664927243 0.292112739574396 -0.152764762973219
-0.00198996532356062 -0.0168363779491069 0.353992666440559 -0.26867327391002
0.0251210543497622 0.0359468120877744 0.579931016997878 -0.0360465086472244
0.0457049288746737 0.0107438196173649 0.833150787036207 -0.077588656120621
0.0353845788030746 -0.0106800937193172 0.765556565672166 -0.185999916199259
-0.0128044378659336 0.0120776495814553 0.509853145692303 -0.160910814021992
-0.026846454358678 0.0239511334645981 0.209164260902566 -0.0681601283342878
-0.0151808287115456 0.0125450004028774 -0.0631605746292743 -0.0234881218215824
-0.0225482160140147 0.0110329986920135 -0.301635662299478 0.102594309907678
-0.0111217912382491 -0.0057191846330352 -0.512181647194429 0.259158077141596
-0.00282542176054436 -0.0279660859267275 -0.600567318604355 0.422983215052218
0.0196992598262491 -0.043767392648129 -0.592274698738413 0.450413663163802
0.020156028202307 -0.0104021871656115 -0.506584014420748 0.37974103112627
-0.00712660493418069 -0.0458266567183852 -0.323747071502959 0.343570447028622
-0.00361672520007682 -0.0544058888199517 -0.204685619547913 0.278564695763676
0.00331930422646305 0.00228844085544481 0.28999744927006 -0.144437935629998
0.0203356529390733 -0.00879174786127057 0.359157211503387 -0.258241962345931
0.0268752344153894 0.0208736485101466 0.581533340995193 0.010426800476914
0.0240193106058515 0.0125956166303504 0.848997568982228 -0.0172005887512379
0.0382664401619161 0.00739304909180432 0.773920355245724 -0.145519991402363
0.00834672645236886 0.0166249107243376 0.513590186971275 -0.135058430637814
-0.00128049471122282 0.0158352073377919 0.203350646305132 -0.0573562050547963
0.0086995950243553 0.00326140891792983 -0.0710291223070791 -0.0178844289840655
0.000136793385901113 0.0018267473150505 -0.305986288680733 0.114476450641489
0.0102765925533264 -0.00827795605273477 -0.502864095891092 0.279100256683578
0.00430568699435699 -0.017517666367312 -0.571267982530824 0.448631729754055
0.00235778081998593 -0.0354244616992498 -0.554879086424832 0.478380840866599
0.00940196996930144 -0.0217529236090886 -0.476661152714334 0.408989497649205
0.00662825942318613 -0.0466080705158745 -0.31122604103173 0.352545093857571
0.00470399534238461 -0.0173471682204041 -0.197063686343126 0.280638788161178
-0.00266277762592471 0.0437660880432982 0.283504194231441 -0.148494678772232
0.0386304327856783 0.00290300977334023 0.359843980964249 -0.247963516366216
0.0299008735291617 0.00376927665111264 0.588437440715364 0.0234709271960634
0.00456289165800065 0.0118825471663483 0.850354372631228 -0.00631520849011188
0.0398732520783738 0.0253158225091435 0.771489145317308 -0.128540507332521
0.0311772132234168 0.0219736000707062 0.514687881827613 -0.12431324081661
0.0238744993512964 0.00709923723429279 0.206702746576264 -0.0522370600114261
0.0318531141943031 -0.00502185754505197 -0.0688444778973395 -0.0192460036920317
0.0222510473933083 -0.00939972360037268 -0.304345868595511 0.116289764006495
0.0315389973859876 -0.0118306064908299 -0.49907438253699 0.282651309911675
0.0119098347292797 -0.00600836225466141 -0.56364484791188 0.453537172040628
-0.0133549321154873 -0.0257429397561325 -0.546044033527951 0.483215763668202
-0.000331087121363976 -0.0339298762586084 -0.469499141406444 0.414874275217391
0.0196791437760232 -0.0481039044546228 -0.305834439779434 0.355896630194637
0.0123493897761118 0.0185574572471586 -0.194854936241292 0.278181980738879
-0.00760663594757174 0.078538646901929 0.272116757006255 -0.16399351374326
0.0513112206554917 0.00999174664592402 0.35073667302487 -0.244518162973387
0.0293978649588203 -0.0101673279460787 0.597943613048468 -0.00158355662592743
-0.012713463534022 0.0112547094856275 0.837684531872828 -0.0447763157450288
0.0419847251946094 0.0374001715165392 0.75972211682655 -0.14728396397232
0.0510017764801854 0.0245983874571753 0.518958550125474 -0.13211900457306
0.0474855809480997 -0.00011235110268817 0.217472986024502 -0.0537181781685105
0.0531766446360955 -0.0140842858251817 -0.0565023644334658 -0.0262695806674791
0.0429937438351607 -0.0190000443410848 -0.297719809649297 0.108017935558106
0.0500313390812542 -0.0139457933531392 -0.497085614666468 0.270996374127106
0.0175788241384079 0.00343379745864165 -0.573055476347293 0.438707439502304
-0.0262057453738099 -0.0186563955528216 -0.565488360392139 0.468471799899323
-0.00639771427171642 -0.0451538372634998 -0.484501160088331 0.397178291238816
0.0314767546248843 -0.0471394775581492 -0.313264900830227 0.348799973045961
0.0145747092809302 0.0500918371105333 -0.198953944739902 0.269330507224883
-0.00514682155276542 0.0986429501721185 0.257156231024141 -0.187429054333236
0.0563458910929469 0.00922009208821792 0.343018290451697 -0.243536571754096
0.0246553388449812 -0.020170321151843 0.604426559231427 -0.0609937368840253
-0.0230372939272287 0.0128903859332271 0.81309643987141 -0.122859677237037
0.0462270191466859 0.0432426549529892 0.738664887475595 -0.193265073503314
0.0671858881176544 0.0229390200801338 0.523602846799487 -0.153592897204957
0.0638707634632353 -0.00762738073771973 0.235161610961186 -0.0631228864795843
0.0677181168378426 -0.0198512458562561 -0.0389825766663298 -0.0358835434853002
0.0584069353486248 -0.0256850453373193 -0.28601755412455 0.0918356517590446
0.0646726131650609 -0.0121492255655865 -0.500884727647633 0.244639990445036
0.0197511243039943 0.0118408360592943 -0.6024343986989 0.408367204492158
-0.0362677829790291 -0.017521545834953 -0.613288389315029 0.433862485299176
-0.00720796860730598 -0.0560247290149445 -0.515867756901445 0.357611706330327
0.0393449844472084 -0.0407791033858776 -0.326167737788807 0.3339964603781
0.00905515522939767 0.0731621940761746 -0.210273095047041 0.256488601163539
-0.00121765451646553 0.1022293195794 0.240693655715892 -0.211046650457696
0.0527522712252411 0.00294657074369878 0.332560912835332 -0.250106674479969
0.0168833269609253 -0.0222215050741105 0.598207245074138 -0.144794366415478
-0.026651017793385 0.0154940561125609 0.770763603922321 -0.220767268108581
0.0491512366937546 0.039733521595658 0.706812652453608 -0.252923067555399
0.0727132265763866 0.0163086226537933 0.525048543029196 -0.187929314015649
0.0710122240849551 -0.0123473013819699 0.25659867665973 -0.0800167753662172
0.0749232335253812 -0.0228886622685008 -0.0164717347570426 -0.049123825688561
0.0665447668829322 -0.0273717297251039 -0.270271723148777 0.0706000905168635
0.0715986434786812 -0.00769409232467579 -0.502086598366079 0.207349544801845
0.017695683198179 0.0181873205564498 -0.639716393926367 0.358723031438092
-0.0423321904175104 -0.0236315640249419 -0.676264401669685 0.369799772837653
-0.00147611844789531 -0.0629779249362086 -0.558816969980906 0.292707572141697
0.041222082127842 -0.0301209776800585 -0.339425626197033 0.312668265739635
-0.00130562275283549 0.0842545484902766 -0.223413152452769 0.241509114594328
0.000211219844974048 0.0907341366459925 0.223004367872499 -0.232011950166285
0.0416995557621379 -0.00199014000113269 0.321996647993931 -0.265227555618415
0.00967697518504504 -0.0173470119462942 0.574650102366736 -0.230111122628536
-0.0219712642917056 0.0170056894455663 0.710728530622701 -0.315791493330006
0.0492747503858922 0.0295111085282898 0.66680107785164 -0.316447046559192
0.0689412897707617 0.00993067887267275 0.519114110498025 -0.227417647094459
0.0674858477289179 -0.0149555153519357 0.274353879837738 -0.101791407622691
0.0712604829195007 -0.0217283115252485 0.00900305331659836 -0.0637808484856848
0.0656231090852222 -0.0241753944339745 -0.249791198868557 0.049650641201724
0.0686233166480634 -0.00168973635575397 -0.503803073684908 0.162774679465363
0.0126676980885962 0.0184100285129887 -0.679561136876695 0.297702575764011
-0.0379760796882579 -0.0324376026450853 -0.743118681360716 0.280320955155979
0.00939585256463695 -0.0635692285363742 -0.598979835013812 0.207350506339896
0.036278339323943 -0.019188373125403 -0.352651680313432 0.290448774366628
-0.0170424925294081 0.079662195085351 -0.237879731799461 0.226577728049707
0.00180703314759995 -0.0733234622646434 0.292784705972559 -0.17171903150766
-0.0234009322240809 -0.0189948909812921 0.346801865998466 -0.282756462960195
0.0278999987551072 0.0489456509748791 0.580416198730063 -0.106682753416121
0.0625259965887611 0.00400707740350104 0.808819574826735 -0.165432129748505
0.0297406866251682 -0.0265994739994134 0.746864681576745 -0.249752273821692
-0.0301037104522161 0.0102340476120877 0.51216914182349 -0.196505270490309
-0.0445247668641083 0.0321628824865998 0.223952490930983 -0.0838552028607027
-0.0338365420739526 0.0192369874262614 -0.046748074130596 -0.0318074887980605
-0.042093536516294 0.019313904767915 -0.295272447990326 0.0840339807056575
-0.0291361658227281 -0.00645667353279542 -0.525187320457138 0.226436762592033
-0.0079752569843361 -0.0388250670618596 -0.642452965943194 0.383490096641059
0.0376188077213425 -0.0481688491393469 -0.656570781899226 0.397455538196899
0.026651313446225 0.00424223985377441 -0.554831806232431 0.328455080401145
-0.0213936761617134 -0.0477688225523685 -0.342532562182851 0.327499283369033
-0.0077004540861973 -0.0872111269271362 -0.222477935729927 0.271195857864731
0.00694747266852212 -0.0385920170512624 0.29593111777537 -0.152267277661583
-0.00110149248388646 -0.0178298119648115 0.359444096281679 -0.269790068648926
0.0254415248855385 0.0367490013869917 0.586414502247361 -0.0338534476073664
0.04491623308892 0.0108305405729821 0.84325367791631 -0.0735057708453692
0.0349800697834457 -0.0105280517081457 0.773141211038212 -0.183957710063154
-0.0128584365588249 0.0121498907530978 0.515586655426054 -0.161162714140595
-0.0257033146434846 0.0242060401938259 0.211542114840052 -0.0681648345120193
-0.0145847390714413 0.0120816434745703 -0.0637673816668593 -0.0231679654099113
-0.0223792535554033 0.0120992096923149 -0.305212859781862 0.102267561270708
-0.0109640805503467 -0.00636563905486712 -0.517970252901509 0.257695438792063
-0.00322777589496233 -0.0283656897293119 -0.606255992615457 0.425791956310139
0.0201960090780064 -0.0441839548905355 -0.60025375410427 0.451030432398559
0.020380407499362 -0.0105171359311245 -0.515489580059323 0.382581526707139
-0.00803653365540721 -0.0465550543879759 -0.327484911121145 0.344923058752007
-0.0036231069034833 -0.0535952388185883 -0.208970090135824 0.280439066655867
0.0036760797236401 0.00273164264841106 0.292715133960049 -0.143066459553812
0.0193749248265211 -0.00831121049436967 0.364913397161447 -0.258018594897074
0.0274930537566905 0.0198089461036999 0.590291049832071 0.0161626589364642
0.0242744424201822 0.0134257883793259 0.857169315292508 -0.0131552007608071
0.0378703519383734 0.00885333974676224 0.781636058986279 -0.143452046708875
0.00853287914498318 0.0173297975307552 0.519014972254309 -0.134338839013929
-0.00205353223118749 0.0162458682511827 0.205798515868331 -0.0565036649007936
0.00860315369190657 0.00421685649665245 -0.0713599733390339 -0.0181989515599922
0.000255233642145273 0.000507319605604314 -0.310762082951593 0.113141473168395
0.0104747902397317 -0.00846893361337425 -0.508988595115391 0.27945050079152
0.00354526134058905 -0.0167823644772871 -0.579323935508291 0.451876719838691
0.00253284503069305 -0.0347276758270396 -0.562087799763951 0.481495181514486
0.0104325009542877 -0.022855123866978 -0.484695349004818 0.411342298600069
0.00660722530390962 -0.0471140098849674 -0.315344643316885 0.355088898132867
0.00452067402503846 -0.01773963459221 -0.199868026121575 0.282174176522676
-0.00252694115199192 0.0456185092010856 0.286557826365852 -0.147635999743922
0.0389842422150801 0.0026698082194816 0.364094571978975 -0.249267144494553
0.0310682087629498 0.00357576129672744 0.594370627161888 0.0265853852172014
0.00488882555916959 0.0119596577979517 0.858485465785076 -0.00339427443215166
0.0398026465901149 0.0260014884258996 0.778829196313573 -0.126327402886496
0.0313440162070349 0.0224595239336141 0.520202155876919 -0.124491855466372
0.0244752994503079 0.00967739206554414 0.209236201592799 -0.0518211903959114
0.032122649428301 -0.00544197715120019 -0.0690722651590884 -0.0198827284839784
0.0230827621547656 -0.00970359975393792 -0.308712614769795 0.114338222539824
0.0314915634826399 -0.0121379201402611 -0.504812679089884 0.283198629667954
0.0109395544394989 -0.00672588140068012 -0.57168719362822 0.455288222801863
-0.012677307743208 -0.0252820418323996 -0.552234811691756 0.487473971646646
0.000507128935778944 -0.0344465107462688 -0.476013415599008 0.418534312665253
0.0194815917265338 -0.0488980041562878 -0.313866479686937 0.358908806751155
0.0113487876973442 0.0182047693335141 -0.197554789809637 0.278912277704728
-0.00663192131483531 0.0805096518385632 0.275131394325425 -0.163091267214429
0.0515203672910056 0.0095861931494975 0.357032173467969 -0.244328532027044
0.0299748955067724 -0.0105897111722251 0.603215485024785 -0.000662976118740195
-0.0130553300652691 0.0112043399825068 0.848760420699551 -0.0411215299206832
0.0410253101004501 0.0381312331828244 0.768152768967 -0.145003551836321
0.0522716874000931 0.0250571577327413 0.524837156114412 -0.130452183084542
0.0479071226235584 -0.000159503952545429 0.221869205908528 -0.0524015465900625
0.0539116786152228 -0.0136993560981936 -0.057455639983167 -0.0265366683842695
0.043198164313945 -0.0195002581597184 -0.301362500694969 0.10682580463344
0.0508690510534939 -0.0141550979111034 -0.505161754413672 0.272058972539711
0.017242424588262 0.00264554837444484 -0.5816448018136 0.439002106196415
-0.0261434457809772 -0.0192398083677616 -0.575199174393258 0.472650937702198
-0.0062179642860439 -0.0461847740773965 -0.489463551373982 0.399725128526233
0.0304924838911783 -0.0471186965693867 -0.318987100441015 0.351851219203131
0.013665547960185 0.0511417703748059 -0.203036507699154 0.271020994265966
-0.00560643579048316 0.0994483155890327 0.260463410000828 -0.186281638233787
0.0566468658500866 0.0100777113065073 0.346806026963496 -0.244017629011067
0.02586431833184 -0.0203374349055587 0.611304145250127 -0.0595130974467477
-0.0237419705349026 0.0125502500941073 0.82312193320847 -0.121096435096399
0.0463829886190088 0.0430978184694975 0.745732972856771 -0.191510567959378
0.0669180220321802 0.0236228770314133 0.529101665215594 -0.151894542555781
0.0651892653803958 -0.00602227731048716 0.238569231216656 -0.063138802027014
0.0681921896291073 -0.0202418814875947 -0.0386867658128142 -0.0367241562394462
0.059263189717141 -0.0255563490168839 -0.290498306534341 0.0900840954823541
0.0653491195717343 -0.0129457591560136 -0.509126181482266 0.244304654695735
0.0202900622783728 0.0111571474140925 -0.609240406621581 0.410604502692335
-0.0363522214335185 -0.0172350785556767 -0.621668589336612 0.434467647135074
-0.00653537294403878 -0.0564628803204934 -0.524601343100985 0.359571215948996
0.039095319900984 -0.0412611596301945 -0.331607653485173 0.336318532880577
0.00905585798000715 0.0739011555337523 -0.213391786580266 0.258138039060239
-0.0023148443289936 0.103122656765919 0.243963783301261 -0.2109934902735
0.0540771283020028 0.00421999721612182 0.337684371721861 -0.250283411020623
0.0173197989274825 -0.0226464393620165 0.606147466443967 -0.143785771627967
-0.0267402165688847 0.0160338493654818 0.779234087644127 -0.21944177730774
0.0488819311280375 0.0405125610591276 0.714986503473222 -0.25326819177146
0.0736683162918848 0.0178518495441336 0.530088166439945 -0.186897811481033
0.0715132750582983 -0.0120996849901769 0.259398228475008 -0.0803822121472978
0.0744325705831634 -0.0230650917023986 -0.0152917674560051 -0.0500155693253845
0.0667792401952209 -0.0266268150540616 -0.273300746234189 0.0706011697692312
0.0718277300846181 -0.00731715775745094 -0.509865424564011 0.206922810104607
0.0185261369681456 0.0179245695818678 -0.648907678287872 0.361280478699252
-0.0422523776033145 -0.0230464455907439 -0.686735654239089 0.368735379390272
-0.000840881054908173 -0.0637967155375173 -0.567154302122059 0.29322586983352
0.0413159421751387 -0.0302364988589494 -0.344066695906697 0.314973148215647
-0.00322936644183541 0.0854107909155467 -0.227732964389826 0.242301417100757
1.64922161295968E-05 0.09224734194361 0.226614412670335 -0.233217055930894
0.0423188331446623 -0.00188987652377532 0.326473089750057 -0.265421228416109
0.010688307260512 -0.0173935136689141 0.583224891879548 -0.230542845642388
-0.0221803271233328 0.0173028346538195 0.719869880736201 -0.315972418316908
0.0501558070098794 0.0296554285552001 0.675854711204201 -0.317771379365776
0.0707706638045719 0.00960007570019342 0.526752859051604 -0.229275713281612
0.0683136456177905 -0.0151096174639303 0.277500759965827 -0.101349251761053
0.0726158547729462 -0.0216926692395018 0.0096454242671396 -0.063930409393887
0.0658785938695054 -0.0230416793232407 -0.252623247868267 0.0488295232477423
0.0681958643306514 -0.00156646412318364 -0.50890071119499 0.163414257785555
0.0123518412996334 0.0179327991499733 -0.686613162528824 0.297763612458742
-0.0398467276690889 -0.0340178638810622 -0.754255133192567 0.279993593905234
0.00934967813420452 -0.0639036215305819 -0.60590373000069 0.206891296958824
0.0357514272764185 -0.019317779804839 -0.359081096764679 0.292077502896832
-0.0177733462513342 0.0794380535773139 -0.241712273957622 0.227436096500754
0.0020767995888231 -0.0731039404158385 0.297194621341956 -0.171423492193786
-0.02333592371164 -0.0195600470339385 0.353994658332131 -0.285816379541522
0.0288398222276768 0.0495325558791926 0.588969982807963 -0.106977913416094
0.0616088619260519 0.00399886479425483 0.818758775916436 -0.164631831052137
0.0308482305217791 -0.027487496683889 0.755303285764212 -0.250210397573203
-0.0298842036762844 0.0106226795457923 0.519342068238976 -0.196346239682809
-0.0452266805299105 0.0324956703986938 0.227399316570362 -0.0849944652587376
-0.0345748868022295 0.018990745410826 -0.0472010938314323 -0.0323482217703179
-0.0426447575642068 0.0201111778938865 -0.29950929072903 0.0840949489176283
-0.02979504418613 -0.00659143134240569 -0.531521570953104 0.227525759119602
-0.00860225722707377 -0.0398214450188832 -0.651514546962892 0.386183598501518
0.0378817637331241 -0.0501355087482362 -0.665489355288897 0.401375599002875
0.0280521737012391 0.00433312584067046 -0.564925863256989 0.332312672980041
-0.0222090582991817 -0.0496732758653692 -0.347690407393855 0.331565246708152
-0.00773754642846619 -0.0879881340564709 -0.226281503509348 0.273689729158401
0.00728837508241127 -0.0384895696837787 0.299330297156007 -0.151783879073524
-0.00110675304205252 -0.0178758703373736 0.364259921461686 -0.270244076787392
0.0261817342320806 0.0368277310228431 0.592903763565157 -0.0323827751236279
0.0445152743646968 0.0119236487503623 0.853763401608918 -0.0720699251813492
0.0346852574135409 -0.0105416344728931 0.780918063369179 -0.184062225956822
-0.0130232235615282 0.01249937317528 0.522433282991565 -0.161726946301477
-0.0262295430085611 0.0245823228035658 0.214114347582931 -0.0688168348888641
-0.0149076894731933 0.0127597701515994 -0.0643848616599051 -0.0228809383197745
-0.0227192220442064 0.0126136804699628 -0.310569877592579 0.10212874961622
-0.0120862339096956 -0.00523551088413254 -0.523798721560651 0.262144623567941
-0.00350683428396157 -0.0287609843286894 -0.61366125966367 0.42827034702833
0.0201637359987534 -0.0445543424503829 -0.607447229517425 0.455120406832443
0.0216537059612472 -0.0105402958000793 -0.523312244175884 0.385648026382691
-0.00794223782935763 -0.0480104566294538 -0.333011609593073 0.34885034689645
-0.00388416935188935 -0.054534805767164 -0.212817788630751 0.282121281011794
0.00396254912872493 0.00380528746332278 0.296623129605577 -0.142541748900967
0.0206418953415063 -0.00968799665385115 0.370866402177601 -0.25953101259543
0.0285298514996488 0.0203632506205888 0.598103179569097 0.0183672017041282
0.0247828890018775 0.0146767009466478 0.867689114005055 -0.0109164806743502
0.0380698268131578 0.00834325174289288 0.792175175050363 -0.141357341206126
0.00911790477296986 0.0170886477554275 0.525005020639812 -0.136167795582678
-0.00200019325673441 0.0166200102457697 0.209458044521485 -0.0570823233993694
0.00855657329802594 0.00356414940395015 -0.0720508745919152 -0.0198123347907713
-9.50960168672969E-05 0.00239828524790991 -0.313383488218429 0.112673733937577
0.0101744746303936 -0.00888322070399704 -0.516272911744563 0.281284079434287
0.00394996641302475 -0.0173160250130038 -0.588766361568455 0.454829555659445
0.00304064273230855 -0.0357354260987433 -0.569953150529241 0.486457179525982
0.0111729588884937 -0.0232448117545199 -0.492625025297839 0.416657280168602
0.00560893552115648 -0.0487348456970518 -0.321218638879473 0.359210047315331
0.00348115279735631 -0.0174966166713196 -0.203253488123974 0.28495473616081
-0.002383691563235 0.0466229826044373 0.288886794270597 -0.146878131497326
0.0393367673785017 0.00353914671221578 0.370562049768988 -0.250915281091245
0.0316536582215127 0.00284469085229307 0.602419322676488 0.0291810198750516
0.00272271708325251 0.0123682865617572 0.869452338502336 0.00115183819608756
0.0402254413432539 0.0268677276969009 0.788842671923714 -0.127131214849462
0.0324149174553986 0.0234629162137795 0.526896703490697 -0.125306654550266
0.0252024685649796 0.00885076181883817 0.212187025423493 -0.0518318103431286
0.0317966577301092 -0.00467132118115751 -0.0695125969759128 -0.0200503842924963
0.0235205337160102 -0.00930319768057893 -0.312676199967212 0.114865354504684
0.0317429993950323 -0.0122940772852901 -0.5126135260175 0.28637650743953
0.0109031732148131 -0.00749705925913441 -0.579148600151624 0.457665607540324
-0.0120281982528913 -0.0254757607720318 -0.561555124151559 0.49154282550284
0.00152979582788795 -0.0348485246374851 -0.483764367698282 0.422422575998171
0.0183934115605931 -0.0494967656898601 -0.317130550493748 0.362706896654489
0.0106254046641525 0.0195765992321626 -0.202353750368349 0.282278971507084
-0.00657382808072705 0.0814373046800183 0.278375976829515 -0.163568806712667
0.0521051834782176 0.0104006568825685 0.36283402357528 -0.245714314896882
0.0321029780367245 -0.0103370998306599 0.611516601314475 0.00239744930594206
-0.0130081849600075 0.0116632244768144 0.857135376094709 -0.0391331434161727
0.0430194099327401 0.0373929117832076 0.776327323156084 -0.144335516869977
0.0527299766807038 0.0250054035861317 0.53205322127644 -0.130895013861968
0.0488013407569727 0.000532892189937854 0.224046510682635 -0.0539749109930222
0.0542253882137782 -0.014442876477412 -0.0587275012718026 -0.0267811346324579
0.0449410634946975 -0.0194880782321171 -0.306211440639272 0.107845165205464
0.0515498398977803 -0.01419499204013 -0.511445334237738 0.274259455865458
0.0171609676220073 0.0029794748694085 -0.590223486075911 0.444435010765886
-0.0270604246068098 -0.019367262421713 -0.582485939545113 0.476314283685247
-0.00506633421915728 -0.0474229433557948 -0.49973678411753 0.404429043746681
0.0305433553008872 -0.0474136870668597 -0.323504337872986 0.354660179580054
0.0135389833028267 0.0514202451554625 -0.206695392051135 0.272937713659093
-0.00706377193498905 0.101062619619657 0.26452616186909 -0.186995059969001
0.0578750704105783 0.0102475324035633 0.353237387881331 -0.24580756103812
0.0267869907105037 -0.0210583540690355 0.620793749956124 -0.0595752837286437
-0.0238467053812998 0.0133550785399772 0.833440546819697 -0.120133258247676
0.0465155209039392 0.0434676943978596 0.755375181117991 -0.191267502667906
0.0678532860681712 0.0231689731451589 0.534787924794738 -0.153098233258614
0.0653896592504641 -0.00605038404318867 0.241970676572021 -0.063641645567612
0.0697751891567265 -0.0203565019800208 -0.0384229979425706 -0.03712174404843
0.0596027025435365 -0.0250393554015823 -0.294163468801214 0.0904202426904916
0.0654502129274146 -0.0123655239103852 -0.514176857551442 0.247487017726143
0.0198148792032967 0.0120630301750679 -0.617137192545819 0.412639801437778
-0.0372920402262087 -0.0187330744669551 -0.630836749377388 0.437820097564023
-0.00594013027202862 -0.0571155265116973 -0.533462949643801 0.363666364038123
0.0389080665393151 -0.040938858146561 -0.337232075900358 0.340279077922729
0.00797009582524301 0.0753265749455273 -0.218001874510617 0.260291888751533
-0.00276246382927915 0.105182495683423 0.247342539816095 -0.211565279736381
0.0548586353642529 0.00484948758947341 0.342519239791889 -0.25153915835564
0.0192054464287963 -0.0230128858527528 0.613606269322646 -0.142325335000844
-0.0273793491861286 0.0166940573875167 0.788217763548591 -0.219892237792535
0.0498958487252048 0.0401969860368506 0.723088967951213 -0.254732454328821
0.075163517201169 0.0176776158684357 0.536092497531381 -0.190170470019835
0.0726781306680252 -0.0109600722563008 0.262185666979575 -0.0815756229198817
0.0756155425178217 -0.0228609017101747 -0.0151279557840142 -0.0507525967890115
0.0686839017705617 -0.0268018969460392 -0.276436679689536 0.0700431801194662
0.0719122937286409 -0.0077211479380879 -0.515918329799254 0.207066801731009
0.0176544433335468 0.018331527981583 -0.654110446783254 0.364029741384122
-0.0424833969159871 -0.024099381830205 -0.694592153495455 0.370754254848054
0.000139371185150847 -0.064928542703778 -0.575559964432275 0.295527884474664
0.0422273573038407 -0.0307418226620061 -0.350905278195023 0.316939102162296
-0.00439652986242898 0.0859318944422925 -0.232042881316536 0.244360610111311
0.000670094365822486 0.0936972059439055 0.229982203793052 -0.234369712076466
0.0428974709295454 -0.00117275781681179 0.33157174461447 -0.266696150272667
0.0117050199363334 -0.0178126739607703 0.591869820613523 -0.231881815362951
-0.0230449749813107 0.0181680028070632 0.72945058238739 -0.317379669830112
0.0507653770655231 0.0308203787940875 0.687356588967848 -0.321467501773224
0.0712284786188027 0.010333887525879 0.532720529320025 -0.229863649694027
0.0691326514713582 -0.0144547937669648 0.281474714143889 -0.103707013678159
0.072807422295032 -0.0217924519179332 0.0103443535619884 -0.064177505213738
0.0674941795588324 -0.0238120723783549 -0.256612423313177 0.0482606069843322
0.06981320543667 -0.0015417732310636 -0.516164055350376 0.164378799350554
0.0119520549058542 0.0185899402987659 -0.696320952106483 0.299397834819434
-0.0386415528427223 -0.0342408890063333 -0.763583145283935 0.281709323720581
0.010941030252026 -0.065178813706644 -0.613933190339726 0.209301458998888
0.0354818200441237 -0.0201668512767704 -0.364474207710444 0.295270758733043
-0.0188955228784656 0.080419874053826 -0.245853326720235 0.229543041569374
0.00268739913504963 -0.0727878151716193 0.300672573362466 -0.173468207503172
-0.0233463521930016 -0.0188180736459308 0.358340688406557 -0.287742657454362
0.0288431607716591 0.0509879051272718 0.597147389469946 -0.106687753977198
0.0619389817823309 0.00518420132989967 0.832007883918751 -0.165261073510909
0.0307301726254908 -0.0280620621050057 0.767418823159413 -0.2525551901601
-0.0306370158343648 0.0102175408242792 0.526996893508301 -0.201920434103653
-0.0454620900097609 0.032660117176227 0.231179630333607 -0.0856976577280754
-0.0341972695043573 0.0192006235959792 -0.0473940904564804 -0.0326613410213049
-0.0431113985486329 0.0207386948332503 -0.302518683110329 0.0841675045257629
-0.0311757398054512 -0.00660979634538528 -0.538687614018368 0.231310068592257
-0.00929505866248356 -0.0393042027534564 -0.658192458068567 0.391118674560546
0.0384107209761251 -0.0492608394944906 -0.672795887031631 0.404150646615183
0.0279522567862856 0.00283604777893188 -0.57283657485682 0.335451486042819
-0.0234205580683329 -0.0507456688926459 -0.352979252414147 0.335215890037692
-0.00727700731105787 -0.0885092588655755 -0.230475280843306 0.276599300305933
0.00862534840003192 -0.0392154439813181 0.303255615045742 -0.152781697073567
-0.000450655115483006 -0.0191164519684566 0.370222342278747 -0.27438997611978
0.0274587475394518 0.0364027236246829 0.603786829952442 -0.0305676451993319
0.0452907287633647 0.0124058984817657 0.864376157879503 -0.072237607914176
0.0348263401913602 -0.0106295685940636 0.790654066757132 -0.188006328160984
-0.0132038065346405 0.0122562367053274 0.529983986944051 -0.163137286589563
-0.0264316966561936 0.0259049031334697 0.216921360421925 -0.0688561167223866
-0.0162710578527248 0.0130344278039571 -0.0658843135807668 -0.023313845761967
-0.022092822231297 0.013260165009101 -0.314637332282611 0.102286483682467
-0.012375103080695 -0.00637429520065193 -0.531416220747767 0.265378889353104
-0.00446211552289418 -0.0297388547743027 -0.622110317393579 0.434523630701508
0.020983621873819 -0.0447381837995251 -0.616849333411331 0.462016292306239
0.0214152602665208 -0.0109916524885672 -0.529385298180703 0.393282294762943
-0.00921143601144525 -0.0489163850780673 -0.336712828519207 0.354742539613967
-0.00405075711725899 -0.0545928099375253 -0.216803480102735 0.285453966481421
0.00466485643436331 0.00488056599277556 0.300552733651415 -0.143137188551431
0.0216342790098899 -0.0085146561114688 0.376195866518654 -0.262047164900732
0.0298922759729576 0.0198323303894704 0.606591216862853 0.0179137444791717
0.0248581354456623 0.0147537853442083 0.87831334359914 -0.0119654165463048
0.0377887709082723 0.00886255945671942 0.800596339887599 -0.144260933088367
0.00982364296828152 0.0176283291173702 0.531413038874162 -0.137412845865833
-0.00187898162516006 0.0175896338926861 0.211971578979494 -0.0585386032174851
0.00782585610237565 0.00288227689410847 -0.0718128023933858 -0.018010086248504
0.00118440706072344 0.00276678587883416 -0.319279517577697 0.115304666910547
0.0093536936537599 -0.00771481506738373 -0.522787310488737 0.285505227599336
0.0027033587394148 -0.0176174338373841 -0.594206598269448 0.460122620477334
0.00191561168301333 -0.0354030809008576 -0.577582554137476 0.492594519220965
0.011576109024409 -0.0239319904641795 -0.500670234203906 0.422290421134638
0.0059088378855321 -0.050647652715311 -0.325511156586681 0.366325816421475
0.00386778452533552 -0.0166428630731462 -0.207453029046113 0.287457751741388
-0.00254683371162619 0.0471198090864362 0.292079503540217 -0.147004096472758
0.0401054572885055 0.00371391845696616 0.374635346713389 -0.253494451279379
0.0325763101222287 0.00410968868567289 0.610692518345066 0.0293901579697816
0.00392050148954265 0.0121169563188142 0.879773656617031 0.000275487450380218
0.039327207211683 0.0264561842866138 0.798975323207826 -0.126578995498328
0.0318149615858392 0.0226701940966718 0.534347500728112 -0.127367985843162
0.0257576629408883 0.00918705505469184 0.215108559322834 -0.0532211207363094
0.0329387946987902 -0.00565525282201302 -0.0705903852112598 -0.0205214074221041
0.0248634009313428 -0.00874949519696627 -0.317712003154139 0.116688545324713
0.0332874833579997 -0.0129292211154414 -0.52061508271475 0.28995829101569
0.0113703437727065 -0.00697573310429153 -0.586072319229014 0.465431926911995
-0.0131071123118568 -0.0261742048811666 -0.569228466193617 0.497557245645411
0.00110569930225684 -0.0359525476845909 -0.492810373680329 0.427974938368792
0.0185553224523766 -0.0513656019714313 -0.323197079933435 0.368147730836469
0.0113236524682999 0.0202764364247065 -0.204820841196142 0.284418857877034
-0.00729278623137141 0.0831083536064315 0.282510267403194 -0.164940946718873
0.052985514716171 0.0104757289424442 0.369282577135135 -0.246688476350667
0.0330269860256577 -0.0116068637124599 0.622204175936298 0.00351061366216067
-0.0128967377724292 0.012219268211263 0.868299571826984 -0.0407318733862421
0.0420951028295939 0.0390322937548443 0.788666400982032 -0.14630818554187
0.0531279242628617 0.0246451433850228 0.539321300548583 -0.133156005120161
0.0508315847365895 0.00127728484602415 0.227553183033914 -0.0556945994398089
0.0534631018946451 -0.0148460133844638 -0.0593911742901597 -0.0257999682418659
0.0453370895874375 -0.0193641727399649 -0.310620762775406 0.107871817041477
0.0517305130617508 -0.0153725308076803 -0.51787909690951 0.277246749349244
0.0176739666452252 0.00356289289699872 -0.59829806513118 0.44969017772899
-0.0263099133780896 -0.0194850726074189 -0.591063568866418 0.481194167081434
-0.00484348027330369 -0.0480338420445055 -0.507817884176141 0.410992196494671
0.0295269669248448 -0.0491873510018578 -0.329539756038328 0.360617615400125
0.0134265622765613 0.0527511351909547 -0.210085931203269 0.275839429252631
-0.00565416049076962 0.103280554689513 0.269376710102216 -0.187565876701756
0.0583916717143519 0.0108013465295209 0.359081694603503 -0.248003325910065
0.0276629208144059 -0.0214108197290802 0.630602067442086 -0.0587511554008248
-0.024174552157397 0.0142727126138167 0.844548557048148 -0.122708384178677
0.0457168401898448 0.0441332197641287 0.765214580889637 -0.193836982281937
0.0681078516683058 0.0238493536037272 0.5433153049109 -0.155553073816455
0.0672274328504828 -0.00580131238421452 0.245656456778446 -0.0647956081671314
0.0696689879672662 -0.0208620638190708 -0.0402890343046278 -0.0371006458840346
0.0610344746895787 -0.0250466148052088 -0.298956218599707 0.0915065102492989
0.0662921176371216 -0.0132480250603058 -0.521375362853983 0.250295900821697
0.0198066701786947 0.0128655775277795 -0.625072421217055 0.419113459585623
-0.0372123654057262 -0.0185142704962952 -0.639498635018683 0.444275226662445
-0.00584647234155953 -0.0591224393793259 -0.53977519361408 0.368958103927081
0.0391620609677426 -0.0433550372002832 -0.342597531479913 0.345645958189786
0.00785565478223394 0.0760425836343103 -0.220897123831849 0.262802302414555
-0.00197924073962787 0.10721957798241 0.251121547553656 -0.213237866135529
0.0562523684931982 0.00503773168026804 0.349129644460277 -0.254072498843254
0.0193755759115115 -0.0235613293719583 0.622242686367427 -0.146031904630817
-0.0272118250764191 0.0172490442670399 0.798726141775682 -0.223385440241819
0.0506257457888904 0.0408882456823162 0.732506037106678 -0.258086384157689
0.0759307556443766 0.0172566366213595 0.544429380875401 -0.191685311109132
0.073616186181589 -0.0102531152641725 0.266566247785068 -0.0818656114019053
0.0769812997417028 -0.0237612278070965 -0.0164138794320674 -0.0514590407607612
0.0704237215579016 -0.0262242909718847 -0.281197612670455 0.0710748023445263
0.0734010329039755 -0.00814770069282276 -0.521550970828841 0.212968228906449
0.0173183804925831 0.0166846937865399 -0.664527710777819 0.369062805040687
-0.0427881024830984 -0.0248980738048227 -0.704544827497404 0.376486856706141
-0.000224571432875437 -0.0665298222480631 -0.584165260452001 0.300856330981258
0.0413162330719086 -0.0315368791496483 -0.355411978639626 0.323046015185984
-0.00361980224430554 0.087771831368998 -0.234671463930144 0.246908043120258
-3.34431388006352E-05 0.0949463151610234 0.233541311171778 -0.235342053792501
0.0427467884307411 -0.00199263744084482 0.336601742424754 -0.270040319231762
0.0123241658500876 -0.0180616310015824 0.60093327883837 -0.235961343374183
-0.0227965244961425 0.0184153573398567 0.738585550510621 -0.322763544453556
0.0502578534064898 0.030833491446887 0.693004347009871 -0.324393000663461
0.072256407527604 0.010361000647156 0.539308724799278 -0.23388861918554
0.070184543280285 -0.0139158973145893 0.285654680228856 -0.103430725470737
0.0741575357050954 -0.0223819127515665 0.00957804027704908 -0.0643031326032324
0.0683102847942304 -0.0235506621324221 -0.259014073092321 0.0485353973363856
0.0698669156360891 -0.00173947338979389 -0.522453022496529 0.1665055644819
0.0124043053349328 0.0183930379754771 -0.705052669004582 0.302277721541898
-0.0385656618843006 -0.0348548225642425 -0.773825516916807 0.284647470871644
0.0108676754159225 -0.0656090141349548 -0.623780510939989 0.211969906741618
0.0357911328734569 -0.0210795431155822 -0.368306368485547 0.29868744115202
-0.0196679953712536 0.0827205348021227 -0.249156972354599 0.230183268217254
0.00332606628412253 -0.0733274068618547 0.304058462689164 -0.174815879211741
-0.0225667847967523 -0.0205176680525411 0.36327864065004 -0.291377022057561
0.0303303127847671 0.0508483439679337 0.60695339355111 -0.1103365986979
0.0630379039406319 0.00529878188228957 0.843653699967219 -0.172007592912261
0.0308177963789283 -0.0285288615789786 0.776497444579012 -0.259240859662432
-0.0307154869665361 0.0107686498475982 0.533052649757686 -0.205249339526339
-0.0455284000141625 0.0341567853143352 0.234848872872333 -0.0887075004837635
-0.0355412817256881 0.0192309873138406 -0.0485231314947169 -0.0326912307814539
-0.0425738845267989 0.0207303880721484 -0.307662738035246 0.0861853922802291
-0.0312925482608831 -0.00690200516687779 -0.54722800892769 0.236163145124309
-0.00979480137721726 -0.0404915609557487 -0.6666760167831 0.39797767239488
0.0390605898850932 -0.0509206837674208 -0.683076964527563 0.412638006244563
0.0297698032450579 0.00297543512026752 -0.581936618123348 0.342368143018212
-0.0243081127528858 -0.0516690488451978 -0.357661279905905 0.341816098142071
-0.00787402304075719 -0.0901553798078485 -0.232782658289446 0.280534871048139
0.00882763494354488 -0.0383932618783821 0.30753443959871 -0.154421228662332
-0.000490367473271396 -0.0174366717955099 0.375621722912124 -0.278036976995737
0.0287102621871728 0.0371489055420404 0.612343091172758 -0.0325693512520337
0.0456201529989838 0.0138060185742184 0.877593917045515 -0.0750566116600533
0.0362368110150999 -0.0101896503846851 0.801196470461726 -0.192359464788613
-0.0127960620008719 0.0124079475391137 0.537219444311659 -0.167279190804088
-0.026883667426 0.0267989716782821 0.221457615628165 -0.0714407211259484
-0.0155239669939051 0.0124594435813344 -0.0655148032364835 -0.0235648638952976
-0.0230701710207897 0.0139209327894663 -0.319711481596306 0.104828334269087
-0.0115974984536282 -0.00612506770082472 -0.538177849963835 0.270520555908109
-0.00461681622782621 -0.0296576417445319 -0.628113815604188 0.440960848931137
0.0205461546536267 -0.0452240231293991 -0.624536137487661 0.470110452021879
0.02281452865513 -0.0116734869300895 -0.539036003678851 0.399025068015473
-0.00999330318066978 -0.0504067348622226 -0.342179763525589 0.361435312238491
-0.00395749300186629 -0.0551577393715714 -0.218654103594758 0.289080740974635
0.00570848598176369 0.00542282080760914 0.304217160964954 -0.143996141748509
0.0222583779016125 -0.00854627219505214 0.381463810114631 -0.265213247851533
0.0304626018821896 0.0199486788085558 0.614535414984565 0.0163755385091003
0.0254589071154061 0.0145068079662719 0.891582570001134 -0.0137988105653971
0.0386381293810043 0.00926112822306751 0.813281963578278 -0.147322945460672
0.00954700621183699 0.0168924205912933 0.539073483035286 -0.142493778455613
-0.00137897817400166 0.0177409750405102 0.215927294655316 -0.0596004317810901
0.00804785262280779 0.0035827309083078 -0.0733283869648725 -0.0187122434667281
0.000685596781222041 0.0034096914885765 -0.322962447046543 0.116384988771116
0.0100696162566447 -0.00961689854383108 -0.530466225809486 0.291864546053363
0.00270396277554199 -0.0187595646172782 -0.601177312516926 0.469005338180753
0.00279384538778543 -0.0365775068272142 -0.585407821614375 0.503174707214107
0.0126753122765633 -0.0248980399226653 -0.509092693478537 0.430548410081539
0.00528883337217613 -0.0511421815350185 -0.329938252471778 0.371209945508991
0.00347104133158086 -0.0174710067634165 -0.209676010204747 0.292422949864132
-0.00231177506884083 0.0494954930991858 0.296733825452846 -0.148995623844935
0.0413207405333787 0.00365115570143612 0.380963366728945 -0.25709210654667
0.0332444985723191 0.00238346267818337 0.621043342013898 0.0276675849723973
0.00391994147378658 0.0132660446518014 0.892140802666134 -0.00080548509996864
0.0411329632375281 0.0262606512533558 0.809172850178948 -0.130703171823931
0.0326947189738321 0.0226846012371053 0.540741458446428 -0.131375398447083
0.0268412869224938 0.00995512411121552 0.218671905141665 -0.0552782950353719
0.0327906441641761 -0.00667906040484266 -0.0713718694709892 -0.0199923560240367
0.02392597018047 -0.00872585922076612 -0.32198932172471 0.119352368588922
0.0319614825718284 -0.0131009489940884 -0.525213502990558 0.29643432725321
0.0105011370567309 -0.00710230287957893 -0.593628484851623 0.473293628465307
-0.0118689831974131 -0.0269376793212692 -0.577596513939541 0.506859388227431
0.00287180138624095 -0.0366009191462091 -0.498771437648622 0.437430682900098
0.0187194252741042 -0.0518652384424859 -0.327816907287133 0.373366982611401
0.0106331721608668 0.0206407892240527 -0.207907880394291 0.288757196932369
-0.00737691591381377 0.0845444554876744 0.285972325320654 -0.166139901379305
0.0539304726357292 0.0108223110615161 0.374275472198306 -0.252038117729846
0.0338094750534456 -0.0120338653983642 0.631783460464042 0.000995712059985651
-0.0130842341778135 0.013178028143243 0.88259821463404 -0.0416348732592025
0.0432862037504771 0.0389001307779556 0.798750791610759 -0.150529033284854
0.0537998016330195 0.0260181063072456 0.546563616737976 -0.137074253459578
0.0512948596705889 0.00151366274990796 0.2302007773078 -0.0576862840349362
0.0549235882316529 -0.0152074402759767 -0.0593685057461196 -0.0271796205083874
0.0451792312334352 -0.0189091635421684 -0.315286346545234 0.110648391081697
0.0514679525478434 -0.0149162417639097 -0.524743690913727 0.284449662972925
0.01668394201875 0.00291132260829316 -0.605568797021762 0.459258917777707
-0.0264424139321761 -0.0193981063604321 -0.598292347324678 0.490314244867562
-0.00496383858616198 -0.0492680070067495 -0.51358992728486 0.419695552611834
0.0298184530649261 -0.0494958301942531 -0.333741264880319 0.366852499716524
0.0120589712838895 0.0536020000126943 -0.214056790301211 0.279642158351372
-0.00645994221613144 0.105947588802101 0.270956155762238 -0.189790945152617
0.0595028738095333 0.0105815592785867 0.363875873794059 -0.253107070731392
0.0292324486641575 -0.0219520028143543 0.641004289600143 -0.0595592415458801
-0.0246984522563527 0.0144873524207896 0.856601975443722 -0.124226473538374
0.0475173601065102 0.0442505412449126 0.774634975458902 -0.19852387588336
0.0690204406937267 0.0230353372511914 0.54945172144312 -0.160755319507497
0.0684115439296664 -0.0055535889249663 0.250024693318746 -0.067241966703369
0.0708530674891143 -0.0214510384311362 -0.0404892611924633 -0.0376077524715899
0.062346169178722 -0.0254130075648966 -0.302640564108994 0.0934875830299974
0.0665647864062254 -0.0134130778652577 -0.528562532734864 0.255143717539675
0.0200178557390828 0.0125047333972686 -0.633561584701102 0.425542503356917
-0.038786823602445 -0.0189269680376073 -0.648575872058514 0.454039121626516
-0.00486708879362433 -0.060419060874343 -0.54895403178031 0.376045553916976
0.0392305926509073 -0.0428808589860198 -0.347322417607909 0.351127700020741
0.00803534087372566 0.0773381166229086 -0.224602991116412 0.26722738224335
-0.00224241399293273 0.10936788723138 0.254516344688827 -0.215963788171365
0.0567263616547206 0.00522316527341479 0.354194810043895 -0.259143845798244
0.0204731511584429 -0.024675800694594 0.632706821618488 -0.148976189899373
-0.0278359203828067 0.0176965611080917 0.811143272812023 -0.228452898797983
0.0504342006383699 0.0415418662112762 0.742049043320902 -0.262609112377302
0.0766225874061869 0.0176789698766834 0.550590636615404 -0.19622786072211
0.0752366856622941 -0.0113816990797168 0.270212536547338 -0.0852419563766229
0.0773196188456326 -0.0235489521324183 -0.0163671051249955 -0.0517009211302901
0.0702321563221561 -0.02658352284369 -0.28576025740817 0.0729827936713606
0.0732157664504818 -0.00813291443109628 -0.530217015578675 0.215290991579865
0.0178660561264474 0.0184546106683625 -0.672776725339971 0.375869215229971
-0.0427891676086088 -0.0259446210421913 -0.716693415146386 0.384867491202047
0.00114534790571717 -0.068360297908452 -0.594218099510414 0.307357701665814
0.041328506631496 -0.0319917253276092 -0.361390693043199 0.328982174475302
-0.00478775154917723 0.0882901362790832 -0.238431071509446 0.251435961658726
-0.000599523527791745 0.097890548738804 0.23793294687726 -0.238431339621945
0.0441466807574871 -0.00129546943551906 0.341575696799066 -0.27471582394408
0.0140359305877473 -0.0188566872919527 0.610046810365775 -0.239813893846672
-0.0224375341914926 0.0191579104551887 0.750228978574228 -0.327769951187574
0.0517250738667465 0.0307686534281564 0.701781544919993 -0.331814269056666
0.0731089487374346 0.0100438364202899 0.547529728071623 -0.24021214315308
0.0722808452927919 -0.0136290829252149 0.290030543148659 -0.107638773929181
0.0742750886437181 -0.0230875270925967 0.00855421125533941 -0.0661925170641519
0.0693590092816252 -0.0235066194786214 -0.264908757258241 0.050018134708981
0.0713073204481101 -0.00235428204870318 -0.530361470300192 0.170819767909144
0.0119140925484961 0.0191209599318425 -0.715092946647016 0.309809853243663
-0.0406076965946728 -0.0363105664607705 -0.786128051250919 0.292116612464032
0.0126362086313238 -0.0674731217067431 -0.634203186451566 0.216973561228058
0.0341540562888165 -0.0204394104661999 -0.375867362170541 0.305108160982674
-0.0206927008360713 0.0836367427500044 -0.253043856081247 0.234528110272525
0.00344992555582901 -0.0735871848133783 0.308040294380585 -0.178352666398743
-0.0230383890165936 -0.0199594937296303 0.370127654027868 -0.296482946342457
0.0320967007216689 0.0495941207121136 0.616430518119291 -0.113136816745705
0.0640529014851734 0.00541734056159027 0.85565478554844 -0.178173059295587
0.0312440779473832 -0.0285195696028403 0.786222391632168 -0.266961598821818
-0.0304589602298265 0.0101909464247192 0.539970505418745 -0.212145358668462
-0.0458451402986769 0.035299988564811 0.237309685162387 -0.0900573244203487
-0.0368597207718205 0.0197732977187706 -0.0483346064803055 -0.0324690078880952
-0.0428724144483248 0.022015471852843 -0.313454132422421 0.0878492853138793
-0.0319899142945476 -0.00722395619038814 -0.553243375435188 0.2432219117442
-0.010161597843749 -0.0409589542089149 -0.674012579902615 0.407174566501302
0.0388991417046946 -0.0522541729616349 -0.691181424865927 0.42175401399746
0.0299529157365622 0.00193526822058344 -0.592446732299899 0.35302897452144
-0.0254253142311035 -0.0539525975928927 -0.363027947041821 0.34897210945501
-0.00916908985244256 -0.0905799163899223 -0.235201250178875 0.286293044783836
0.00943956165983624 -0.0384435487949109 0.310332756470159 -0.156788454810365
0.000540317534399062 -0.0192876839313269 0.382235424984562 -0.283808078643397
0.0294758788665439 0.0372053826927723 0.623155269165777 -0.0351966342885769
0.0460815772417905 0.0136749426250922 0.889965909840535 -0.079837975596062
0.0359889445844929 -0.0112713175059025 0.814243105550487 -0.200403924640164
-0.01280462373786 0.0119513756444988 0.543469034830397 -0.173244877868924
-0.026763256639339 0.0272885924670327 0.224377979790874 -0.0740006819078271
-0.0160443202433813 0.0129110946963548 -0.0670221587072452 -0.0236447028928301
-0.0223304130182969 0.0148183028680577 -0.324585215408096 0.107682266592973
-0.0122935721156306 -0.00619521159602575 -0.54521181706832 0.277792648275861
-0.00520941000465743 -0.0301699795185452 -0.636206494846691 0.452783655436164
0.0215844891848802 -0.0464016240318814 -0.631473519322561 0.478761734563995
0.0236633048636301 -0.0122666055983534 -0.544939803689879 0.4088602708443
-0.0106446976977927 -0.0515214383654309 -0.346965840864218 0.369230625623968
-0.00494471266965381 -0.0554294065523142 -0.221236283330484 0.294346418632835
0.0048667577549207 0.00554629160603276 0.308133042679499 -0.146743226024219
0.0227919292649998 -0.0104589822149493 0.386813414951408 -0.269882589505205
0.0311907917929711 0.0203537720962681 0.62644509535128 0.0127791844788698
0.0245736423746072 0.0163620931943032 0.904362919778882 -0.0175981990905765
0.0389626313517297 0.00857130838850826 0.82514258595023 -0.152732404633726
0.00940896861198912 0.0167273880760818 0.545370339975173 -0.146450596246377
-0.000177250040943789 0.0187050127080384 0.218900681057517 -0.0614983213478711
0.0079390001661416 0.00350085059820842 -0.0750416990614083 -0.0179811467721836
0.00108413582506385 0.00406659593317311 -0.327115874058394 0.120246159143091
0.0101550960029708 -0.00991939608958889 -0.537237383750516 0.299006757463612
0.00185773467121776 -0.0185506471561944 -0.609836287857269 0.48028881633845
0.00322980619176199 -0.0372707294137287 -0.591197695015287 0.512139785263645
0.0128705985286492 -0.0255485250762749 -0.513958973650232 0.440966719538458
0.00436143762080626 -0.0523788549510803 -0.333220058140214 0.379166757542271
0.00258685963585367 -0.0175757895158103 -0.210911761726717 0.297439337355243
-0.00201557697721565 0.0495544290613272 0.301255088309854 -0.152119367298901
0.0419058341786009 0.00303677172278214 0.387036165963143 -0.259942287949836
0.035299148535111 0.00267134627724916 0.632164475124591 0.0269444207169428
0.0034240988446675 0.014170089066574 0.906662683891129 -0.00468144555734425
0.0408334500952073 0.0263847199644694 0.823344216834807 -0.135757419951879
0.034107840722911 0.0228629046018273 0.549890762491188 -0.135982154492344
0.0274979806577551 0.0100466351516535 0.221646692807288 -0.0569758205174304
0.0331997077361553 -0.00677880878130837 -0.073127038173198 -0.0201566437739703
0.0256778237647231 -0.00873604065386361 -0.327117220017068 0.121944944472212
0.0329716072578366 -0.0135387223165659 -0.532161786355585 0.303439019168432
0.0110213971675992 -0.00726167333828884 -0.599447972594359 0.484735910800945
-0.0128123758897136 -0.0274097056854666 -0.584290724938928 0.518226006410512
0.00262844862369777 -0.0384313539875986 -0.505592595593894 0.447061833296651
0.0178885447805708 -0.0527097673506031 -0.329701000164878 0.38122410352094
0.0102002398840018 0.0212645599236494 -0.209787822226574 0.293902945285937
-0.00648758723515427 0.0859004235823993 0.289112468371323 -0.167718031874886
0.0552551416965743 0.0115056448749239 0.379322393834839 -0.256407506322053
0.0350378184333644 -0.0128867407681831 0.641654023681078 -0.000802596011758295
-0.0141591451167854 0.0139433073143575 0.893854587119186 -0.0455522022812127
0.0432943038626666 0.0394573742575947 0.809737682366799 -0.156499546435964
0.0552334252494496 0.0254237137705104 0.552843417458513 -0.141882065671725
0.0524126361612288 0.00183726658954131 0.234169620078333 -0.058987384842431
0.0545991162058105 -0.0160761698099286 -0.0604863613348868 -0.0261701770074776
0.0472551080447891 -0.0198044350660498 -0.320255932625029 0.11377476006781
0.0524456682886494 -0.0160097740529666 -0.531747935288857 0.289199451206696
0.0170709515471975 0.00343688902951968 -0.612691164685566 0.468220505802073
-0.0267210273189729 -0.020049187946857 -0.60722487069986 0.502662052162972
-0.00450867422685765 -0.0497329089991892 -0.519376563965234 0.428334376699211
0.0294367458882952 -0.0507823297203152 -0.337422533422583 0.375583250566527
0.0131116885615197 0.0547891828213406 -0.2155927942487 0.285304461749159
-0.00614223295088423 0.10715301030541 0.275161453248632 -0.192444626578911
0.0600464639540658 0.01057268770538 0.369747550838665 -0.256484522892929
0.0299848363992294 -0.022152131049329 0.651119553080358 -0.0650961240310581
-0.0249662642983577 0.0149083490643912 0.86904878202844 -0.131940448602362
0.04771954769805 0.0444662083940936 0.785117638674405 -0.205301074687473
0.0708909247613769 0.0233471602239506 0.557823811248501 -0.166382481675909
0.0699203349596628 -0.00541876779943313 0.253102403595567 -0.0701869598572377
0.070807627675667 -0.022420025485492 -0.0414518573394091 -0.0382336519184139
0.0624673978547518 -0.0256304093897221 -0.307898544348678 0.0969027047513082
0.0666322476072032 -0.0137872249993529 -0.535456652136502 0.263115472433972
0.0198821115188672 0.0126260295706515 -0.641364671063481 0.436730259569318
-0.0376611368017016 -0.0194573140651917 -0.657262528724499 0.461442290556006
-0.00560660414061334 -0.0616163288659373 -0.556266505502247 0.38502110780303
0.0377486316163326 -0.0440193930999519 -0.350647993343287 0.358265007788146
0.00803519722431366 0.0782134595871749 -0.227826002584689 0.271747649007181
-0.00187042937270183 0.111198473492718 0.258398611964994 -0.218623764904229
0.0578929558971516 0.00549850016885516 0.358572531647756 -0.26407252619114
0.0213636983442383 -0.0248779533624698 0.643481380685389 -0.153678914605125
-0.0277766114007648 0.0183098478809721 0.823134782267161 -0.234766350816363
0.0517862365500256 0.0423959225555692 0.751475630163081 -0.271358404186923
0.0784344318825793 0.016885379299702 0.5579508831717 -0.202807280709759
0.0765559014333784 -0.0112170246468899 0.274076812371318 -0.0890922323490675
0.0779716655076306 -0.0249051522001525 -0.0173332593325369 -0.0517387192106416
0.070995908401574 -0.0269804542199705 -0.289652495225935 0.0751255440914497
0.0742392486055703 -0.00925465212956925 -0.537323604051735 0.221563877205239
0.0167447601756245 0.0186144540518959 -0.680830314918845 0.384698365248296
-0.0439779460967462 -0.0254282426845018 -0.724635226154564 0.392790363654157
0.00151025984160708 -0.069800270828302 -0.602167967396939 0.314597507552351
0.0406949063313853 -0.0329804915759544 -0.366464668296744 0.335302926339409
-0.00490141888558112 0.0906017990926333 -0.241482257213633 0.255743632261733
0.000965181889633102 0.099925269884919 0.240444983532153 -0.241577123257372
0.0446531551302278 -0.00121929566758275 0.346935811772366 -0.279432458213788
0.0141301392682075 -0.0207784650493826 0.619069511178521 -0.247273373276641
-0.0231024508878805 0.0198881542691056 0.75942568344548 -0.336972691410578
0.0519513981705175 0.0317906909793828 0.712235751245831 -0.340055673947671
0.0740407617271481 0.00940307450817003 0.554218168249077 -0.246736979590611
0.0728575290615985 -0.014104592225572 0.293705710600282 -0.110513834848584
0.0761319459112127 -0.0233226420814389 0.00805379411035701 -0.0662443124567744
0.0708703889444874 -0.0237031883508416 -0.267860509860041 0.0525926196835287
0.0720630744486975 -0.0028869307109493 -0.538855816448932 0.176424469966878
0.0122853888092986 0.0191296011587381 -0.723905490552913 0.314393181003201
-0.0406675733567861 -0.036736202722443 -0.795342391400393 0.299051695480638
0.0125339721900815 -0.0694539357331865 -0.643061552639487 0.225283608039357
0.0343270582303318 -0.0221739965678099 -0.380130763933478 0.312056365553242
-0.0205407219562745 0.0852689607852767 -0.256272765246222 0.239189881057213
0.00348727956750478 -0.0739827915577291 0.31070739218405 -0.182491382228824
-0.022647481585257 -0.0204301550484084 0.372470315330097 -0.303164300540252
0.033933292122284 0.0510599296355082 0.624641981129653 -0.120865534452836
0.0638509235572657 0.00551130236529816 0.867034443582142 -0.187271291664314
0.0307939605711063 -0.0291460329790424 0.79447889668744 -0.277870128068646
-0.030419313221714 0.0110781110995017 0.546174487688913 -0.218084940984091
-0.0457972430955 0.0361586885105929 0.240560812191882 -0.0942329218476037
-0.0367134414279676 0.0203415212990593 -0.0506188404339047 -0.0318473163196779
-0.0429190573318765 0.0233319272904389 -0.315830082277802 0.0926546798069641
-0.0320080250348845 -0.00636293841550185 -0.55868006082339 0.251845139230458
-0.0108593714169522 -0.0415921179093699 -0.680708007935528 0.418108722379517
0.0389121882504788 -0.0527487868760791 -0.69626447571804 0.434199036228473
0.0313700543959023 0.00149745661839993 -0.59761218709666 0.362766040760963
-0.0271160356851748 -0.0545562024963829 -0.364279546917012 0.35660593458908
-0.00993731151798344 -0.0920824550417924 -0.237938856231383 0.291527174105158
0.00985477472856422 -0.0379747809333993 0.313965225065619 -0.160492094805958
-9.52713228160561E-05 -0.0199064233687798 0.385363852090741 -0.289650149598591
0.0311810936273259 0.0372199595519533 0.632252470871314 -0.0434612435524323
0.046952094804346 0.0139305146071608 0.903228770123464 -0.0897846366033826
0.0363739835710786 -0.0118385203461453 0.825137023107625 -0.208632273078981
-0.0133389895115687 0.0124259096050519 0.551147438535735 -0.180489547644549
-0.0260034381575359 0.0283346315367643 0.228198297352999 -0.0766704088532608
-0.0167451828578778 0.0125729779618054 -0.0672460044719838 -0.0230115903258217
-0.0226510581078869 0.015031900487219 -0.329163978898862 0.11272579405307
-0.0127807742564787 -0.00698552017007365 -0.553312042445424 0.287557997639114
-0.00553961429357547 -0.0305515791228422 -0.642355214524069 0.463991979628949
0.0213949836461821 -0.0474782863824296 -0.636868757430362 0.491838872786672
0.0244408301577583 -0.0129749738093472 -0.550577557040404 0.42055747954281
-0.0121256510013973 -0.0527501476981203 -0.348277914271517 0.37764468258869
-0.00513782924139569 -0.0557510887175771 -0.222726949574491 0.299742712471529
0.00692948712618357 0.00639119322008706 0.311267757178919 -0.149434560680917
0.0237092270907872 -0.00945777650799393 0.391784265897767 -0.27738072628737
0.0335447738873551 0.0203812301081911 0.637401605864445 0.00933748119311273
0.0251291372768052 0.0164804561375903 0.918848664081717 -0.0249965446626955
0.0394427976235714 0.00917712112945948 0.835576530499881 -0.161502124503403
0.00998844929701388 0.0173102608696538 0.553302834927576 -0.154165433463477
5.94437146418155E-05 0.0190461218748736 0.221597221158719 -0.0654547827229629
0.00791694258127187 0.00284600078003577 -0.0759483163118617 -0.0177356170729225
0.00125270225895243 0.0033731259430028 -0.333808052432488 0.124732341615745
0.0106331355840639 -0.00955560974471054 -0.543356547499977 0.307988150802344
0.00149894270724471 -0.018913413013988 -0.612559508479923 0.491715503968613
0.00313466851121469 -0.0378675752889339 -0.596775562466755 0.525200437561806
0.0135479578138836 -0.0273464962715583 -0.519521070989481 0.452563264615505
0.00245110376705252 -0.0533632068109421 -0.335787329001974 0.387339353701194
0.00301611529408231 -0.0173959590523926 -0.212380191193667 0.303885018682401
-0.0012679119626209 0.0516272224053026 0.303633146954368 -0.154823367100977
0.0435935876555106 0.0027868471366788 0.391288759840184 -0.266806512682607
0.0361921663990005 0.00126598304516851 0.642647762501229 0.0200597635083962
0.00389657689083638 0.0148279392021399 0.919360540221853 -0.0126806363194645
0.0413189133022331 0.0266419117925037 0.83229602089756 -0.144032409742055
0.034490860449255 0.0223823867634614 0.554227934085927 -0.14397453824513
0.0283655331776181 0.0103620104264311 0.224511388975285 -0.0596280593909382
0.0331424274377682 -0.00732971381827245 -0.0741437789469739 -0.0195093219086651
0.0262274126197237 -0.00889479842116099 -0.332003002999566 0.125895078159574
0.0331876923362169 -0.0148919315183516 -0.539285445773617 0.312605150078925
0.0101085028597738 -0.00797226477957564 -0.60298506615388 0.495190852569761
-0.0132801777068849 -0.0277004761394141 -0.58767072293477 0.531646925936763
0.00356882642785839 -0.0398874769439772 -0.50956628995106 0.460602836937827
0.016636436820264 -0.0542285627433567 -0.332269870597399 0.391185679105302
0.0100852721325278 0.0214953265958884 -0.211568335383254 0.300645958214045
-0.00594487619906659 0.0876312450519211 0.292103183406472 -0.171255253787592
0.0560542526027195 0.0100005824456301 0.384495564596438 -0.26333307001465
0.0360159069871198 -0.0130017047289143 0.652123053751735 -0.0078008989760823
-0.0134974648241705 0.0141028234985375 0.908402207666388 -0.0552129705693324
0.0440504470641137 0.0395377706231705 0.819386411466046 -0.164483548410406
0.0560396356370868 0.0250830323444121 0.560848231410815 -0.150557107469038
0.053559629417933 0.00169104200415622 0.237731922915656 -0.0626884265055709
0.0559226365405285 -0.0167838895960645 -0.0613201825721399 -0.0266967307768825
0.0469850155554051 -0.0189195534336512 -0.323943395041097 0.118854695778207
0.0528046100265079 -0.015966037367921 -0.536521031403749 0.300218126766947
0.0164061693906924 0.00311971630820118 -0.617383264891092 0.480586194630411
-0.0269687190919591 -0.0205869889091336 -0.610699753707012 0.51446223521369
-0.00491749656226133 -0.051838858991571 -0.524694253995452 0.442092142486824
0.0285513284406707 -0.0525645965216049 -0.340215026393132 0.383106933913914
0.0131702745823915 0.0554795168056037 -0.217607871877913 0.290584739885005
-0.00510316320992503 0.108912398184553 0.27796540186995 -0.197197275520193
0.0623855615203956 0.0101470851463497 0.373554058120721 -0.26338606488208
0.0315138068045443 -0.0234336712772078 0.66120684905663 -0.0710278106944004
-0.0243523255172813 0.0165203713417898 0.882130623841326 -0.141196601650134
0.0492145628557133 0.0449385100106776 0.795297551963996 -0.215138498277912
0.0725446036334244 0.0229469691822484 0.564595022264148 -0.173499079434673
0.0707140662574899 -0.00602643614773923 0.256186633281989 -0.0736127169566394
0.0714694572044144 -0.0231424764712969 -0.0426040738505856 -0.0378342548505101
0.063936376486158 -0.0268950111388546 -0.31193841115401 0.100968337607465
0.0684100069549579 -0.0143432963640651 -0.54141000973194 0.271257024589719
0.0196498366187661 0.0122498539200561 -0.647097211490715 0.446117461850709
-0.0399979453637591 -0.0197260536995968 -0.663812610543111 0.476368643416384
-0.00557605217148859 -0.0635539651287545 -0.561185157949636 0.397471614531555
0.0372047460617759 -0.0448402339035112 -0.35355817569521 0.367885644792333
0.00778931290947369 0.0808743578440247 -0.22840470013778 0.277609813134396
-0.000841501205815474 0.113721354536322 0.259986887797559 -0.223718052890761
0.0589678449067464 0.0036262477196043 0.362265427710085 -0.271315768847063
0.0219846449608329 -0.0256211796679777 0.652933954692321 -0.160001198416755
-0.0286702070278033 0.0195928676676358 0.83177353793307 -0.245386634360729
0.0529857440381021 0.0418196068676828 0.761300706978382 -0.282007148443342
0.0794801943278032 0.0160867985225347 0.563118282908529 -0.210798542658195
0.0782369640409892 -0.011913062853358 0.277721650319369 -0.0918664629342412
0.0783574815405649 -0.0259972558191856 -0.017710524695621 -0.0529218632211181
0.0730843159560416 -0.027527429717832 -0.29400938335596 0.0777611347810131
0.0749120621718607 -0.00932287642792101 -0.543619850477253 0.229465148997092
0.0175360305790854 0.0188281291763821 -0.689689435207505 0.393126568173079
-0.0444304713337998 -0.0260563160085488 -0.73251376800859 0.404832860997329
0.00127937045754193 -0.0708403311095052 -0.608916838014334 0.326380658240852
0.0398205789725965 -0.0339650949294327 -0.36847525390577 0.345008689319972
-0.00544698019787565 0.0924703214500027 -0.242778718990445 0.261615312628437
0.00166867113380686 0.100786589183661 0.242624456097096 -0.247180360231887
0.0460738521132101 -0.00153018008029238 0.350212668033165 -0.286564183525997
0.0139553395398516 -0.019873297270781 0.627827026434588 -0.255471152699404
-0.0224640622407858 0.0203542619386579 0.768974833842914 -0.349073570175734
0.0530830099729888 0.0314670639860745 0.719036236905301 -0.351995166882924
0.0756859132443541 0.00922221258961084 0.560881381880788 -0.256529372707508
0.0744637182634354 -0.0154231507179579 0.296422678626763 -0.114130185801696
0.0752726064888134 -0.0254259152987 0.007546476799219 -0.067236382000739
0.0721960449976972 -0.0246233301517106 -0.272473287544863 0.0552979837509593
0.0724693103024355 -0.00268189277382637 -0.543466209742924 0.182470906349897
0.0114828869525642 0.0195563799574618 -0.733998356191057 0.326511362256783
-0.041075599800883 -0.0363295275510747 -0.806402202396655 0.310800288660348
0.0128338364655829 -0.0707531849053649 -0.651440811557087 0.234638977401679
0.0340785938306775 -0.0217924770071544 -0.382807209428691 0.319599408794136
-0.0206270820171533 0.0869018667869553 -0.259092169912062 0.244014704982523
0.00314414242673992 -0.0750754701915739 0.313902842671616 -0.18611981926156
-0.0232613672378231 -0.0209222966529027 0.374621186094752 -0.311630820951224
0.0350502215345213 0.0509020952467665 0.633225743496291 -0.127913005010788
0.0653505108590203 0.00516216982067507 0.876534696828979 -0.202777143094055
0.0304984441078401 -0.0299617906384078 0.803207906426036 -0.290428461785471
-0.0315384440944698 0.010749479015445 0.55200850479478 -0.228707600059522
-0.0455534231194304 0.0371615717359567 0.24352776527356 -0.0985906592383725
-0.0373076365303821 0.0210402594805487 -0.0520718122631433 -0.0314222078101862
-0.0432225170181372 0.0246079217483136 -0.321761023260845 0.0966951663074506
-0.0333005597714777 -0.00626828994408581 -0.565197897376472 0.260175288269676
-0.0119163008985979 -0.0425192313815393 -0.686420804975686 0.43238494769297
0.0393963495558769 -0.0534851056486947 -0.705015750333946 0.448739400554732
0.0318268522351727 0.000395461124882174 -0.602694489640697 0.374921689253862
-0.0289581593027415 -0.0546624916334676 -0.365253646343304 0.367029048913875
-0.0108314766598944 -0.0922800402719574 -0.238282473647246 0.298681747984227
0.0099809016738618 -0.0383217243613545 0.315358410330909 -0.164528582913059
0.000524360971743323 -0.0207155253867504 0.387846972676536 -0.295665822983114
0.0325334993924458 0.0366244663249382 0.641745275299024 -0.050616096544963
0.0473935238635962 0.0141186361731478 0.91414947363585 -0.101412592532579
0.0368099249401954 -0.0124430229560365 0.833133849619084 -0.220141003186428
-0.0121266737365843 0.0127507749586416 0.556220267019214 -0.189949107505219
-0.0249437079848217 0.028966589721605 0.230337240890324 -0.0808238507300519
-0.0170502687541933 0.0136805807319808 -0.0687320675482972 -0.0215192031040016
-0.0221627143766747 0.0152455234566187 -0.33392811871559 0.11667562764718
-0.0136121110746771 -0.00665526858777471 -0.555092095844435 0.296634879310976
-0.00605943970316 -0.0310232133375606 -0.643845624241096 0.478322383282193
0.0204686510250782 -0.0487566504834831 -0.641926200792734 0.507934075847833
0.0250005766200852 -0.0140550742487694 -0.555459536539243 0.433982926323774
-0.0133410543259509 -0.0533799586943949 -0.348652503744467 0.386159444812238
-0.00605158659070057 -0.0565350936289158 -0.222742519171 0.307465134943827
0.00655403788509317 0.00662996087340693 0.312551289535464 -0.154324350789249
0.0248291010454478 -0.01149006851708 0.395281779802059 -0.285977758032162
0.0351282433647008 0.0189364413788116 0.646658510214463 0.00200006371851375
0.0256694218272397 0.0173658049309515 0.933603321720757 -0.0364384004175082
0.0405044701320119 0.00810905135822565 0.845723894323122 -0.175391503579044
0.00989938681039266 0.0168001361049816 0.559403119889159 -0.163171084150938
0.000891821226843761 0.0194553617722062 0.224460426346598 -0.0689024294008866
0.00780283311271397 0.00354754151906205 -0.0773065707608067 -0.0164944916676947
0.00268488598821142 0.00494013327159355 -0.336818621367991 0.130199981158444
0.0100290993237938 -0.0100923216502852 -0.546750885457932 0.319286988156532
0.0004689091734001 -0.0192258245467015 -0.616970393760119 0.505396308311855
0.00250746319311509 -0.0382881253966522 -0.599609011627322 0.540046907299818
0.0138409420592534 -0.0276605051418428 -0.52192703446547 0.466763621225498
0.00145649114685591 -0.0544601002879701 -0.336736265109757 0.396214837370683
0.00179211971467335 -0.0171842828464098 -0.212614113635558 0.309220391666372
-0.000790975269230509 0.0524631298634539 0.305096091051314 -0.158589709713523
0.0441065323708701 0.00191812731750582 0.394931555296976 -0.275425937391591
0.0372446252209248 0.00136822264929347 0.653237041820006 0.0145984864450934
0.00366353051585541 0.0156234316592059 0.933823978012525 -0.0223246280711897
0.042577492591066 0.026172299218569 0.841843723469467 -0.15648071986896
0.0352156826882781 0.0224335764579443 0.561842248702248 -0.15346494186804
0.0295869107433563 0.0107811833191299 0.227848692961658 -0.0629567563232052
0.0336736115711374 -0.0079411827482317 -0.0752859205092018 -0.0187238989492221
0.0262028910793484 -0.00853891256835997 -0.335249125674576 0.132060236441967
0.0326320581928373 -0.0137940267304606 -0.542518798188453 0.324977131236751
0.00977272510861498 -0.00778520941020393 -0.607723141477408 0.511095200212317
-0.0129186665031443 -0.0279104563373337 -0.589743595455627 0.546867893107844
0.00323963244015085 -0.0397280164369736 -0.513400801996415 0.473365759846773
0.0158113733724704 -0.0546976192163049 -0.332384895449176 0.399173853149057
0.0109393586098108 0.0220671501067153 -0.211776888451016 0.30557099708096
-0.00475063369393427 0.0895425615947048 0.29516359934959 -0.176333437252699
0.0570268126041567 0.0103376462689076 0.386791602943579 -0.270392680973232
0.0367706107347392 -0.0150909437293924 0.663967153878012 -0.0155232911490051
-0.0135688047487756 0.0143676402555125 0.918704680847918 -0.0664277737063891
0.0456703619992825 0.0395327603508429 0.829998486722392 -0.176466557501598
0.0577765888684169 0.0241197807762166 0.566786418842686 -0.158153202408742
0.054448775496983 0.000945767042159514 0.240057472356609 -0.0668596019643508
0.0561993623118194 -0.0172792640060997 -0.0632555795957594 -0.0265801844300394
0.0485513444739025 -0.0202112148070644 -0.328168377136189 0.124140995460835
0.0534453134741714 -0.0169063405864988 -0.541604853361786 0.312328817263221
0.0164872154199474 0.00273923313051398 -0.621324483318322 0.495751583502638
-0.0283640910359341 -0.021086880331418 -0.615947689046655 0.529550358743188
-0.00431897739320623 -0.0528836573897208 -0.528986936257553 0.453193663756731
0.0274408807778866 -0.0526253181367776 -0.340858610289079 0.393197625383396
0.0138683133997356 0.0564315519320169 -0.218091057448665 0.29654676293333
-0.00381351092772004 0.111359819414529 0.27912215058588 -0.200989500912345
0.0633133595422628 0.00946570292355653 0.376091488889947 -0.271420267936
0.0316024434672114 -0.0248310751494595 0.668658774166607 -0.0796724675067751
-0.0251148764162058 0.0173395868585883 0.893515762395287 -0.151911972369692
0.0500352710614947 0.0455563591778664 0.803471909712585 -0.226015014083965
0.0736591720257205 0.0214303280681628 0.568739429821566 -0.182132611053742
0.0728337429020587 -0.00727686025441057 0.259061584370234 -0.0782083141167517
0.0724065458968451 -0.0248433042692276 -0.0427202158266698 -0.0384235543840397
0.0643351354125497 -0.0272174695215798 -0.315656504673377 0.105837923901928
0.0686261831293428 -0.0162453861894652 -0.545928634065483 0.282087302411435
0.0198824497611615 0.0128274478059666 -0.650558000332299 0.460072139323504
-0.0399028293591942 -0.019995889294512 -0.667589350705123 0.490997647304171
-0.00608424324567869 -0.0645994751302162 -0.565549595247681 0.409035604415115
0.037174881064385 -0.0460332536897314 -0.355226766529482 0.376954250219088
0.00840278663221596 0.0817263942583345 -0.229098102437172 0.283542726956207
0.000873378405075832 0.115060429833925 0.26170625673701 -0.227416569809261
0.059678873759471 0.00329920840436781 0.36505861351735 -0.278442799119905
0.0228898472701729 -0.0268833209502554 0.661136302459973 -0.172140134459299
-0.0281348071676818 0.020379486698312 0.844351409074458 -0.257943147550811
0.0532551796376429 0.042301669151307 0.76957500689888 -0.294434486585827
0.0802007750246712 0.0148522513185307 0.568494522945771 -0.22201546749489
0.0795953170483592 -0.0135908713514619 0.280537095656323 -0.0966279000660678
0.0792675908331548 -0.0273936911807355 -0.0187775437303751 -0.0526985975313308
0.0742324118429227 -0.0286444977141799 -0.297863224251569 0.0829404499093687
0.0761250022317841 -0.0108180707743264 -0.547477038619519 0.240109228832799
0.0170784570053382 0.0196851617337366 -0.69468033472145 0.408841527244687
-0.0451810891187725 -0.0261150863438476 -0.739510565254648 0.418174272838723
0.00144699178067981 -0.0728270616519113 -0.61456899532993 0.338167803453534
0.0393871429257944 -0.034571026331584 -0.371438525915539 0.354199553600285
-0.00423789911652871 0.0940069265070401 -0.244195013933216 0.266794127658934
0.00249587512443674 0.102598702028866 0.243712703721873 -0.252290366240298
0.0474783392341105 -0.00200260675925646 0.352847501434045 -0.294260160402537
0.0155696929609141 -0.0214731422814639 0.633530805222516 -0.266981781388674
-0.0225525958619828 0.0221332655374018 0.776086227741477 -0.362210702983269
0.0546545199824258 0.0318078826810825 0.723824153393499 -0.363548542619115
0.077067502383915 0.0079415606674433 0.566166446600638 -0.265930780149835
0.0759372437865657 -0.0155682220478755 0.299387431247592 -0.120342317972794
0.0764630783887513 -0.0264086729967905 0.00669728233050038 -0.0678914073119555
0.0730116104846135 -0.0254646931770593 -0.275977644868193 0.060255111868652
0.0736482221477824 -0.00472380169539784 -0.550170776234706 0.1925347733514
0.0116981808571359 0.0195333354381463 -0.739511806193669 0.339607658015283
-0.0418244698135789 -0.0371216183075809 -0.814831909091836 0.323112945885697
0.0125852287209664 -0.0722472138635919 -0.65897269142065 0.245416790668509
0.0338351607926776 -0.0228715972605552 -0.385728647569685 0.329847803422387
-0.020447880352495 0.0880349533134583 -0.261054385852318 0.249154274808041
0.0216478226455029 -0.0784256107413868 0.345540701035685 -0.119313398644669
-0.019595719781231 -0.0323338871306865 0.43406870815099 -0.232753743759684
0.0265703183790972 0.0473244174060305 0.657230730589848 0.00276906022406395
0.0631510361639753 0.00340152971172007 0.923558728680591 -0.0193052019007849
0.0348976936177078 -0.0388768636888268 0.860167593841176 -0.131638272957886
-0.0315031000044961 -0.00224254651634268 0.595360482666772 -0.119118105619635
-0.0513337463090428 0.0271489818895993 0.262637477184648 -0.0496294690130044
-0.0426188331278103 0.0120068806720395 -0.0448315595984369 -0.042367607401854
-0.0478529968102175 0.0147709298297784 -0.342724618454934 0.0319459004480904
-0.0347850473407535 -0.0119427647438596 -0.614501871032354 0.151173068444317
-0.00852228450769934 -0.0435268103507693 -0.764228635264232 0.297302056632315
0.0382198255223146 -0.0468377512111275 -0.790628231426013 0.306762738754919
0.0236179128734704 0.00575304543780014 -0.674927965706813 0.256297024932044
-0.0233233788675111 -0.0601324260552387 -0.435160766019944 0.289245151143268
0.00948556595556521 -0.0935922376650255 -0.304833644688208 0.246819737697811
0.0201060914625606 -0.0417315489796872 0.343225541173711 -0.0956669042197891
0.00351257057369464 -0.0275519573184674 0.445136385038835 -0.216046113926702
0.0287450316818912 0.0339285586990447 0.648912511578426 0.0818884482547848
0.0458482991627608 0.00784193827556534 0.939389041505286 0.0865286261763622
0.038521908547046 -0.0206223359796166 0.875661039695282 -0.0550577804209592
-0.0125481551939759 0.00299783712754279 0.59431182391701 -0.0786264711192273
-0.0293271059317174 0.0226920698481782 0.246620696258184 -0.0348271414412912
-0.0208431122808934 0.00890931826191887 -0.0640787522642423 -0.0359458093405355
-0.0253245113874814 0.0108831098270287 -0.358452102312718 0.0504528445920114
-0.0152473413760373 -0.00749482813480225 -0.612828391252955 0.187476375728554
-0.0059657278443353 -0.0303496708571594 -0.732815605875173 0.350463910328086
0.0193515167816695 -0.0433744198417959 -0.739757625335533 0.37672742431421
0.0197847745426003 -0.00981357420078845 -0.640712035093891 0.322765388797598
-0.0088669721920677 -0.0548545931771186 -0.423408114750589 0.312679984816156
0.00526685183357621 -0.0552465863178558 -0.291460270562282 0.25832578514519
0.00749026766710249 0.00158101306347438 0.338067570233675 -0.0850830784277364
0.024349441733143 -0.0126702096416775 0.450568584725391 -0.202619017668695
0.034202232527348 0.0177605994304729 0.643927894043011 0.132783252112405
0.0261946284129202 0.00555454578231122 0.941454534779963 0.153495015179815
0.0381633857440132 -0.000585625836799697 0.879469235278733 -0.00595618698619048
0.009203397253565 0.0128368104909584 0.591405528790377 -0.0519065456608578
-0.00172052394642643 0.0199065871667616 0.239564640943598 -0.0231437994766175
0.00599396779106686 0.00543691229311442 -0.0733180830012016 -0.032919770962116
0.00173375819220121 0.00508002641577011 -0.365310722483917 0.0633953714132016
0.00912711198776028 -0.00603478896223698 -0.609406499683032 0.213367346794543
-0.000906288021825886 -0.0160444368145751 -0.709664800878023 0.382067276006809
-0.000120748826709115 -0.0368316020853413 -0.704602910985628 0.417247792985483
0.0124626967429781 -0.0254859548439649 -0.613331998085919 0.362353168096014
0.0061798797392482 -0.0517543028457317 -0.414612052965752 0.324347484575372
0.00479037507372145 -0.0130880835169018 -0.280990883996473 0.259849728266451
-0.0106243217455173 0.0435643209075655 0.330995668523137 -0.0891444241036679
0.0403390856300853 0.00308843092175376 0.449243608846382 -0.191829705100205
0.0414650110566533 0.00114350996787654 0.646662064145374 0.145592857321278
0.00520140330121774 0.000140081598983918 0.937467759742028 0.167363414065669
0.037294438756023 0.0185671036475552 0.874036629223301 0.01333434058599
0.0326406985082424 0.022621376373826 0.591631431572689 -0.0406648402557636
0.0281754478163183 0.0163941996645697 0.242496393998223 -0.0165428475208286
0.0336135007855523 0.000537881753986597 -0.0715283789754154 -0.034443945052451
0.0285985531992271 -0.00299409588024491 -0.363836341332498 0.0663617475411465
0.0331109301960145 -0.00500987578338364 -0.605574735702507 0.219544678244685
0.00500740309227648 -0.00288078337523327 -0.701361183274404 0.391874504400127
-0.0194063758136882 -0.0290450542361556 -0.694551441206176 0.423950385213376
0.00421152558684629 -0.0408766837473499 -0.604778552945221 0.370996324825215
0.019566578336582 -0.0497343228226155 -0.412262266836942 0.330068556624306
0.00367955080466295 0.0291079631958498 -0.279655138849745 0.25526322013216
-0.0228801063746943 0.0787245964863111 0.323895473192687 -0.107011079618293
0.0528324647924734 0.0151633668084768 0.440210701601113 -0.189387870101272
0.0443252110906805 -0.0145061092479564 0.663022917712145 0.117211710186167
-0.0121307662571936 -0.00438393231788405 0.92983947811554 0.123253914959151
0.0370607650778023 0.0320541780690524 0.864285811329619 -0.0104965426167776
0.0541786892651898 0.0298376015025616 0.597147273473194 -0.0454836035909859
0.0551312495728115 0.012043829427117 0.256023866045722 -0.0173986126700097
0.0583408527731035 -0.00345813438836784 -0.0579763514023795 -0.0382783371027669
0.0521742977419903 -0.00948979830929629 -0.355901322487112 0.0594297550052455
0.0539459022167333 -0.00315050042395709 -0.602799395133824 0.206432339815505
0.00951752818832469 0.00931339195021196 -0.711444397604843 0.370822221761434
-0.0353669712540135 -0.0251109183099736 -0.715266338226611 0.401514998188491
0.000716621390364241 -0.0554605736753902 -0.616103360757293 0.350147988198248
0.0309678273995916 -0.0442912610337802 -0.418630934403834 0.320641416342071
-0.00187698956899206 0.0647346702752523 -0.2811748253718 0.243180903245677
-0.0272581871408694 0.100633831531222 0.314061912094142 -0.133195795192658
0.0569646825615477 0.0157864290743601 0.430800995034046 -0.192178550063206
0.0406419546973947 -0.0262244580806496 0.68229058605291 0.0526539900539775
-0.0249729653875215 -0.0046503263917627 0.923109877188713 0.030515205300193
0.0387354699883494 0.0381164964890707 0.84900051777423 -0.063417837793489
0.0697918073523473 0.0314622620070065 0.605811130148956 -0.0690653156957819
0.0740189904241657 0.00768177489127139 0.278380656524038 -0.0241398319856514
0.076106788911543 -0.00642380320703752 -0.035324167913589 -0.0468856606825525
0.0708623908693054 -0.0121416033825833 -0.339953317982903 0.0442690047177421
0.0686245815423866 0.000928041171477094 -0.600753259787937 0.176617282498219
0.00973405416087509 0.0200474526935813 -0.736988451799802 0.330805425665648
-0.0475655229717191 -0.0281450779146802 -0.759033858880945 0.351004818661111
0.00273462837430972 -0.067015687852684 -0.646083980283745 0.297257193616312
0.0391621064194902 -0.0352281448305863 -0.429549536107966 0.301538287834246
-0.0134057841403685 0.0887078660823964 -0.289690539227419 0.226777293942285
-0.0250868903052237 0.105357608979739 0.302342000537417 -0.162654624817192
0.0551709704364685 0.00941885381842001 0.419682407126317 -0.202854595593211
0.0320052185026126 -0.0318227227315885 0.691230521140285 -0.0393043356381348
-0.0306152022184138 -0.00124616144069704 0.896219485114408 -0.0863482851899518
0.0417848750271134 0.0364857350656794 0.828409787441119 -0.138364300910668
0.0775301117498499 0.025782406281025 0.616191949431803 -0.107662269411196
0.0832388884560421 0.00292089132111262 0.303989780201886 -0.0400785428709009
0.0840991583403977 -0.00792739224378844 -0.00825991251336329 -0.0567041423827164
0.0800358473147153 -0.0117685536173901 -0.316870663176603 0.0249702889345299
0.0748959054150214 0.00788885342098879 -0.596392207301722 0.134566416743191
0.00577648330529399 0.0252277851401873 -0.771703075581073 0.269767076986641
-0.0526945981486045 -0.0372658959704256 -0.816211459549851 0.267810223017925
0.0107689938777924 -0.0744347911671093 -0.679119028008183 0.217355893947508
0.0388350384704696 -0.0234191473186293 -0.440284637123859 0.27526556363707
-0.0295912189968919 0.0986530062309843 -0.299934881513849 0.206682597485196
-0.0199055346002117 0.0938566295149813 0.289743943689523 -0.190421857242466
0.0430491905815379 0.00121008249303489 0.410024839240106 -0.220292206898348
0.0223016104236642 -0.0279064405302229 0.684166384071013 -0.138667947632703
-0.0280483914602011 0.00200819926723856 0.848172223791396 -0.204880800514355
0.0429351472774921 0.0263151219529793 0.798602258288527 -0.22004048224255
0.0756422486652523 0.0170329834823624 0.620166858159669 -0.152402736167916
0.078609207183129 -0.000540981348280144 0.327340724193883 -0.0601596763091001
0.0810122159351775 -0.00790678752132015 0.0204833758682329 -0.0656812016211624
0.0778141527594773 -0.00848844269531424 -0.291809898188331 0.00508465945556964
0.0705791446617145 0.0132974938152409 -0.589231560963275 0.0869425423965078
-0.000259721117117494 0.0237586889977371 -0.800072148775984 0.192875937538327
-0.0468458891406752 -0.0486056515267114 -0.870877260498709 0.158213248913755
0.0227350554997867 -0.072563941484774 -0.704207317613346 0.117012625656577
0.0305080614160928 -0.013854300883286 -0.448738629897857 0.246652987909056
-0.0441197674079133 0.0884849077597813 -0.310887452353367 0.187070853829897
0.0216919016457697 -0.0794223110503877 0.34705486068381 -0.125156236842414
-0.01954972867133 -0.0321439003737757 0.436294834789019 -0.243131437710265
0.0279516819751035 0.0474397395440135 0.665409046616266 -0.00665102649702241
0.0637007709659144 0.00317977498025658 0.933969771218134 -0.0372725782848952
0.0344088470522608 -0.0399761300306576 0.868155074965348 -0.148215900284766
-0.0311259050103396 -0.00242606441473516 0.599751320914191 -0.130484047470699
-0.0500843098207021 0.0281553577158364 0.265127816964265 -0.0548746949963749
-0.0440699950870305 0.012723452770548 -0.045817187888652 -0.0424925071073479
-0.0482170777134449 0.0155263974839224 -0.346702570420874 0.0392336248537993
-0.0348915233022321 -0.0110829371138513 -0.619184150573535 0.162640806040531
-0.0101376099241408 -0.0433413721981618 -0.768524014298057 0.313012184766587
0.0387647722956196 -0.0468084300479776 -0.794940460330423 0.324320836249942
0.0239507680253702 0.00524419419635323 -0.679234170553352 0.271321162682843
-0.0253113061748166 -0.0612452543761793 -0.435827668830887 0.300589256062447
0.00857870938354187 -0.0937734775124592 -0.304123426457259 0.254537574213567
0.0206038876934204 -0.0424955589585001 0.345663722876657 -0.10074176596046
0.00377045857794202 -0.0274421669743277 0.446517140753982 -0.226510995254799
0.0296319547059824 0.0334055523479678 0.657337991780162 0.0733355618773013
0.0462617781280336 0.0073874873932594 0.949477995917619 0.0734448691837419
0.0384632089546524 -0.0217799234863174 0.885133370200475 -0.0721161032566755
-0.0130388177826251 0.00300681472079098 0.598172701398816 -0.0918251562915675
-0.0292870760531571 0.0251271945150274 0.249153958325184 -0.0396370299796613
-0.0213097920459998 0.00970083222101581 -0.0652631197633754 -0.0355255089570541
-0.0252173322630949 0.0115499366863611 -0.36162904042585 0.0561268328263796
-0.0154185248134383 -0.00797345463855616 -0.618497266702156 0.20168504785629
-0.00690559243049462 -0.0305248235547098 -0.735275573723426 0.366634579657511
0.0189145257448298 -0.0436714645394238 -0.742184007747147 0.393907728516945
0.0200871532085774 -0.0110188256597395 -0.64153384638158 0.339405057891705
-0.0112144645340064 -0.0558429010153174 -0.423965016069843 0.322734970877314
0.0047198117932774 -0.055315177168813 -0.291653598012306 0.263591133694383
0.00773912214132315 0.00124146025340192 0.340132072178996 -0.0894379793243794
0.0251430811825625 -0.0133310915353015 0.453571687231413 -0.211020420542445
0.0351514054286073 0.016879321087856 0.653507677747457 0.123690230537092
0.0258745354901214 0.0054537924393831 0.952343736493961 0.14094389368681
0.0381968970209247 -0.000770198946386684 0.888845556479323 -0.0199117141639008
0.00947564728170174 0.0116538927440042 0.597598754331901 -0.061824169434463
-0.000377808878066628 0.019670780573464 0.24188587542142 -0.0286070318434822
0.00553027196618682 0.00464882881304318 -0.0745014802981557 -0.0322681237571856
0.00278492900872605 0.00504610679049724 -0.368981707441845 0.0704802259777836
0.00845950903493694 -0.00646295429732562 -0.612584870114038 0.226494233862601
-0.00124032613371889 -0.0157997576311669 -0.713197254593966 0.398581398380258
-0.000505206277702491 -0.0368898538580579 -0.705540211161345 0.433292715042765
0.0130723134978724 -0.0265705160481998 -0.614754295640415 0.37686534763036
0.00473170739157795 -0.0531482736775574 -0.414472279351647 0.337571763630443
0.00445099488102482 -0.0115587620867275 -0.280688548228579 0.266795902132769
-0.00875066536914049 0.0452649907927205 0.332869942394776 -0.0935432824400918
0.0413833163341253 0.00263786140018487 0.450850453927181 -0.201130074314277
0.0426063106573622 0.000297963316208794 0.656394146045791 0.135547855908101
0.00645033845589531 0.00100734818134789 0.952543309456066 0.156289395403343
0.0372674521912301 0.0177592526377146 0.881776630685279 -0.00362199737236896
0.033056968367001 0.0226488546855444 0.599637975088485 -0.0505107732478827
0.0292682422694981 0.0162123823982294 0.245903354979779 -0.0221869898840727
0.0342789818092219 0.000148555348400874 -0.0726994683629927 -0.0334151540297899
0.0288026989267745 -0.00295829540104399 -0.366594095798701 0.0732754231703328
0.0320969326928394 -0.00607091651167076 -0.607979656576735 0.233237363064348
0.00477377352097684 -0.00274040028225457 -0.704824581433813 0.405820121218161
-0.0196965491848198 -0.0296611819819625 -0.697865879936839 0.440641915330207
0.00500769826912834 -0.0420614993575778 -0.606289942408761 0.387227265185829
0.0182692457592495 -0.0500488228948975 -0.41151579110919 0.341302374765985
0.00335822164686117 0.0304403312041139 -0.27776511224289 0.26179288975648
-0.0217890883996922 0.0803219469150926 0.324882437359588 -0.111951015519614
0.053425808313088 0.0136735795863085 0.44443795863652 -0.198326326211342
0.0455432933685388 -0.0153930167587292 0.672703962840828 0.108195652662357
-0.0115662798334778 -0.00378979662960891 0.945860756872951 0.105885478679609
0.0368328055255248 0.0319888257216512 0.873958246989241 -0.0233310134417053
0.0541717184391427 0.029422690167717 0.604690568505765 -0.0575630872480707
0.055649499432196 0.0113895961537891 0.25913328619573 -0.0220300365817343
0.0588577827749265 -0.00489438378792803 -0.0593376392845311 -0.0380784337187706
0.0531425629490544 -0.00973570518186328 -0.35904649259524 0.0671310921372982
0.0535955577690629 -0.0042881572699299 -0.605239954269936 0.218233824091832
0.00911022193606057 0.00954442063368838 -0.714831324596204 0.386733823389398
-0.0362745565597278 -0.0253448122691443 -0.718295470432014 0.418833095196306
-0.000537973253700208 -0.0555750758648598 -0.617721456883136 0.366026588782502
0.0304150444442906 -0.0455378044765555 -0.418744316281069 0.332129284097279
-0.00102959820169876 0.0658846562227187 -0.281360888443961 0.249830577697308
-0.0255779441018449 0.103092759112531 0.314732447139896 -0.139362997869842
0.0580664270777095 0.0148478539355206 0.432042141959881 -0.200947884923994
0.0421513108046106 -0.027524077224966 0.691501354471661 0.0419784528744814
-0.0250880391868301 -0.00320219444627657 0.93332199313328 0.0141569580545159
0.0399279632830663 0.0382329454781728 0.857793117764905 -0.0783278458902008
0.0711231225224175 0.0293270015261916 0.612733253177586 -0.0811361682709605
0.0755504187304609 0.00645342609954113 0.28163995016135 -0.0295219043748899
0.0769093309721212 -0.0082745028547855 -0.0362391051340116 -0.0467499846885522
0.0713105361745928 -0.0128922046834417 -0.343035206820119 0.051275680018015
0.0689939224944407 -0.000429352883757349 -0.605051274048834 0.189793734779162
0.00941097957313613 0.0203360619750737 -0.740324588085272 0.347121818602454
-0.0486684446021155 -0.0271812717304071 -0.7620273552099 0.368058529819573
0.00189885342129999 -0.068601514143021 -0.647337471477035 0.31365843559933
0.0378190093306575 -0.0366143649715636 -0.431032289273175 0.31330513593513
-0.0122104051162385 0.0905385948745778 -0.29046190680978 0.232424559746984
-0.0234328216465422 0.107546370396373 0.303335346890632 -0.168786441265292
0.0556015137231052 0.00819718524226802 0.42263969918462 -0.211223032823355
0.0321792098971301 -0.0319877746280008 0.698269175883973 -0.0506864293245859
-0.0317435174731124 -0.000489824604667189 0.900747680145421 -0.103382116729896
0.0432068336955256 0.0362590646218299 0.833534294015995 -0.153529144531094
0.0787216182017288 0.0238764494881966 0.619917757980557 -0.120413612359803
0.0832939574356613 0.00210374519903374 0.307022690340146 -0.0460955184515318
0.0845575190437829 -0.00988197247615314 -0.00840485692181416 -0.057175834505495
0.0806710267294944 -0.0130638010859729 -0.320608724361422 0.0312711298322506
0.0754422238651728 0.00677086295683278 -0.601178193364893 0.146124762357099
0.00609707637176158 0.0247275646171152 -0.772415948506021 0.28701807044353
-0.0528079989657939 -0.0366275344106988 -0.821316851762537 0.283533339646416
0.0102262001304104 -0.0759167272130147 -0.684921309708182 0.232146538986224
0.0380205475316627 -0.0248546918728203 -0.441111699672908 0.285929522148836
-0.0282841279522247 0.0999205035216423 -0.300060446362999 0.213059673794654
-0.0191369755635218 0.095488410399783 0.290965633087069 -0.197640257926655
0.0440750186161726 0.000245827245063049 0.412348590802706 -0.228864505955525
0.0214698159156559 -0.0292047961972868 0.689226571592285 -0.150346956009553
-0.028493607015558 0.00260156134764229 0.855455009744584 -0.220281644408915
0.0433060854638172 0.0261784868492172 0.802695538182586 -0.236037107081099
0.0762852124684254 0.0154664547348776 0.623659243254561 -0.166673774134179
0.080449574279218 -0.00164272124598101 0.329975630079231 -0.0662078106833312
0.082281324126611 -0.00928904973836326 0.0198323572438402 -0.0669827619165325
0.0797834558821626 -0.0107492724998402 -0.295045552546082 0.0110901024923607
0.0716228189667302 0.0125806875348155 -0.593662728889906 0.0988297446078406
0.000909283115543226 0.0244970234704484 -0.805148486050413 0.206438396314818
-0.0474015063987638 -0.0492220126691538 -0.878769303466115 0.174710261034917
0.0214841077222724 -0.074414801454511 -0.711748717954802 0.131664768458431
0.0302335836494814 -0.0146834342012076 -0.453301657467717 0.256761914370789
-0.0440774595727386 0.0901981797143417 -0.312658431959341 0.192881440001407
0.0203990596562862 -0.0794552157451805 0.346992900134209 -0.131331584060965
-0.0199867754137806 -0.0330990462949575 0.437511644010394 -0.25214457539016
0.0303221545625477 0.0468797032926356 0.670422000597057 -0.0190738128596911
0.0643596054452197 0.00231886376958308 0.940947127413386 -0.0534998582586398
0.0337223506378681 -0.0409380925340542 0.87235817902432 -0.166389791722841
-0.0317874263944556 -0.00246511588123247 0.602536010013139 -0.144597622169154
-0.0501543642483136 0.0301738529790653 0.266434928265224 -0.0603946663205773
-0.044343583578044 0.0136911978520622 -0.0475838562965393 -0.0413557349584581
-0.0474567451494677 0.0166212392311052 -0.349581496260837 0.0454090596055641
-0.0364027515237507 -0.011102533824936 -0.619724825896875 0.177662745872187
-0.0107367603825664 -0.0441480242137125 -0.768833483548043 0.330352796050907
0.0374972765802722 -0.0481497775816429 -0.79506761956715 0.342887961389806
0.0250752133501298 0.00392171565144547 -0.681542802366406 0.287713361711006
-0.0281083110842205 -0.0619649569840897 -0.433794401905268 0.311672521889492
0.00657281594909071 -0.0939681571518636 -0.303134347829541 0.261481216891263
0.0207793019486286 -0.0423260628918623 0.34669153384585 -0.106864489120707
0.00344305953106058 -0.0285541463827974 0.447449066011718 -0.233795418823337
0.0313732047144658 0.0329014641166391 0.667116180617072 0.0614014909003654
0.047693585992406 0.0063783063067767 0.961811865627889 0.0565907319405931
0.0376784137595712 -0.0221937144778403 0.891707826056897 -0.0901601813408509
-0.0133553899294435 0.00309977217803543 0.602643096171112 -0.104118352413308
-0.0279084038952887 0.0255959340402974 0.250324593875053 -0.0443261115914887
-0.0219546925230987 0.0100936424506874 -0.0660538275771583 -0.03374316461112
-0.0243581398106753 0.0127651482178899 -0.364690234988471 0.0643671096948467
-0.0163460835215293 -0.00684828408897471 -0.617387369946661 0.215233961229784
-0.00806889205497131 -0.0304911108134326 -0.734140457787704 0.384335919891805
0.0187213449050577 -0.0447445608388992 -0.74097393321541 0.410708561040051
0.0207988599431037 -0.0109262886427959 -0.641785685135783 0.35553867599015
-0.0128109238820922 -0.0557480108661583 -0.420553815226287 0.335579673881913
0.00333396491593564 -0.055940229469515 -0.288001332057242 0.271251881202877
0.00820916959640282 0.00175732534011137 0.340867438301311 -0.0952063306138737
0.0252499116108531 -0.0145788379527737 0.453589124182103 -0.221529011515149
0.0366504680007062 0.0162860912704413 0.66212532511757 0.111839116468331
0.0270796287979696 0.00613557578605359 0.965006994296009 0.125906271202065
0.0389353203525524 -0.00160351963542344 0.896595045189174 -0.0363580267421603
0.009602568373013 0.0116904451416582 0.600997418099243 -0.0752165551655498
-0.000125009290377297 0.0204773848590112 0.244282859982109 -0.0331917600461736
0.00589866415335717 0.00484565919916156 -0.0757469324829406 -0.0311282997867073
0.0021055436696736 0.00510921534499111 -0.370539112314484 0.0779424221494306
0.00822453986700519 -0.00639492697230772 -0.611782822422229 0.240419344976291
-0.00160972762605378 -0.0162850408066237 -0.711954727166914 0.416878526464646
-0.00139952003525544 -0.0374053991704648 -0.703387933924721 0.450940288618473
0.0129580108806799 -0.0272576706134203 -0.613213511841715 0.392740203807774
0.00300826302674818 -0.0537348746269136 -0.410314126494829 0.349851681669432
0.0030494856986004 -0.0127022023244039 -0.278936322917581 0.274688228132022
-0.00865543564544325 0.045674954620463 0.334056196596218 -0.0987468856891069
0.0414331123566206 0.00126942082245825 0.450992186515421 -0.210125935922295
0.0428918117193897 -0.00171873246084357 0.666332269403964 0.123854869595896
0.00606962926123593 0.00100190056823334 0.961794672329147 0.137157428477166
0.0380235720520201 0.0173242132135635 0.890861813981525 -0.0196495442480161
0.034217740015578 0.0211073514558011 0.601078187565618 -0.062775302910777
0.0308236736762217 0.0154620510365937 0.248102006404216 -0.0268316363386172
0.0334441810424599 -0.00107364468950764 -0.0725911388671975 -0.0321582644264992
0.0289846694230922 -0.00409807754735486 -0.370149809140672 0.080584803075238
0.032073263574948 -0.00670802379752093 -0.610120238789383 0.245321259564485
0.00475768148239838 -0.00280586225626043 -0.702659679461388 0.422896147269332
-0.0203316377628052 -0.0287330138477344 -0.694724577737095 0.457334794388472
0.0049271006652276 -0.0421124606592287 -0.604514485655771 0.402758696151098
0.0175132346493649 -0.0514189505312511 -0.409195859890115 0.353438898927541
0.00423336112572182 0.0304701626278325 -0.276230516761687 0.26907483380079
-0.0210640019750335 0.0821903172286137 0.325309362200254 -0.116233882379899
0.0534891046899776 0.0125350714305548 0.445482877332582 -0.207089760598114
0.0459640306312705 -0.0176128998129141 0.682526107541487 0.0947255670772304
-0.011400998779239 -0.00375965380301028 0.955561993172311 0.092003123203053
0.0383793027804586 0.030924221763429 0.879567991000118 -0.0401680416963073
0.0553487467203044 0.0280151139510221 0.607884124387938 -0.0694651844524529
0.056723658528531 0.0113672976563777 0.26127976999138 -0.0286599752703928
0.0590727671724495 -0.00558970364285622 -0.0602169931273659 -0.0374263916806658
0.0535691448369199 -0.0107335901649431 -0.361146858779345 0.0736983556492034
0.0548957265964261 -0.005584801636271 -0.60746163048175 0.232488765391337
0.00831309375091279 0.00933098017070609 -0.714070780522436 0.405321711613179
-0.0366137154999552 -0.0242515814933323 -0.71696455200659 0.436289268264774
-0.000405644424728378 -0.0567548164571121 -0.617872488879989 0.380820077310922
0.0291912262676458 -0.04656871717318 -0.416035946100598 0.342438758424535
-0.00035341077434302 0.0667174365982674 -0.280273251941003 0.257378267598537
-0.0246148667024514 0.103571357781104 0.315448493063947 -0.144135253886672
0.0589735943645192 0.0140689155020894 0.432893207815404 -0.210270639326007
0.0417810671702252 -0.0287234806938078 0.701603656625882 0.0291094135329164
-0.0247780180044305 -0.00300894920653022 0.942622709106653 -0.0024937938945374
0.0403783231665124 0.0381385472096803 0.861942155176338 -0.0960939030245991
0.0716773034042273 0.0283474086386777 0.616560645683271 -0.0938255413659296
0.0768369851015674 0.00544454216715627 0.283503829905156 -0.035637001907563
0.0771836426420887 -0.009326268589425 -0.0375309609393659 -0.0462734290180742
0.0719870922054403 -0.0147045962376965 -0.345830583464247 0.0575290687616396
0.0694503037139759 -0.00144795009637937 -0.606251719448941 0.20220132027307
0.00912755322468164 0.020359601173855 -0.741468543364043 0.365659970163458
-0.0485614680959148 -0.0272009305509787 -0.762264570910664 0.3867379515364
0.000688292970219086 -0.0696741616824589 -0.648755974991205 0.329234129796128
0.03752163498558 -0.0379144644577502 -0.430145934876229 0.32383595465221
-0.01132961509913 0.0918707442926203 -0.288479967928455 0.239677016162863
-0.0218634765253581 0.109405155564735 0.302567108030699 -0.174562862488165
0.0563195047586064 0.00771751269964485 0.423896358053065 -0.220309559957698
0.0318627592617879 -0.0340581306832255 0.706122501766006 -0.0659208843909682
-0.0303992972435668 0.000617157556718761 0.908683356615151 -0.121745114819495
0.0442183546097108 0.0349728490050027 0.838585085724588 -0.172364831622462
0.0794729966987808 0.0228140083924218 0.624259665787902 -0.132545565744472
0.0848511651532527 0.000256189684835508 0.309446241777428 -0.0522340472183202
0.085007156746061 -0.0111919440980201 -0.0106039631368984 -0.0570481133178127
0.081726650819781 -0.0147918500637448 -0.324898650803451 0.0379278111628795
0.0766925391605287 0.00587816049058821 -0.603390841648743 0.159220338413264
0.00598274335878552 0.0254699863672013 -0.776035519138656 0.302616382333998
-0.0545621329529517 -0.0358081047027178 -0.824210058272964 0.301531835766179
0.00904910202447518 -0.0781579270862828 -0.685126835228542 0.249163769930211
0.0371867327617563 -0.0261930889784366 -0.440416342223261 0.297634519962079
-0.0273105998173581 0.102116744807941 -0.299778197848719 0.220061849745888
-0.0171443317966243 0.0973163785254861 0.289368562499053 -0.202493048104315
0.0446156968736563 -0.000350331371319862 0.41317859315822 -0.238129097325833
0.0220531944963172 -0.0302561061014661 0.695290686652804 -0.163502123997958
-0.0279355607491522 0.00352540537666692 0.858545128662834 -0.238822587043412
0.0440221593366077 0.0250806090175008 0.805523851649186 -0.251671375965852
0.0769300984682375 0.0136991135443129 0.625747872324833 -0.17890835624847
0.0820127983821641 -0.00305448706079727 0.332801782261001 -0.0723905088960218
0.0825343818710909 -0.0108335222656747 0.0183558431816463 -0.0678265956062217
0.079892518404975 -0.0110419262817206 -0.297930193402921 0.0167719475931608
0.0715783430250516 0.0117524281493954 -0.596745385759389 0.111260720250138
-0.000645429289353662 0.0242790566342453 -0.810696187328185 0.225009138655787
-0.0492579905727654 -0.0485179107933015 -0.884232900675973 0.194451293189571
0.0212525437711352 -0.0759743532766048 -0.715926731139983 0.147036138958529
0.0281936403316139 -0.0150659784355595 -0.450958274725973 0.268111776328192
-0.0430149449299289 0.0922559709343533 -0.312272055379305 0.199422329064706
0.0199029170144363 -0.0796006483702709 0.346827139271797 -0.138158128558784
-0.0200537638682606 -0.0331900042848526 0.434017795029868 -0.261007300031933
0.0314325793983396 0.0459268112990383 0.675859219960127 -0.0338203134891317
0.0649748126660492 0.00116982407677972 0.945737010671632 -0.073926611177251
0.0335184804666749 -0.0413891095865645 0.873795270942362 -0.185483629411198
-0.0319722773193368 -0.00159792127272431 0.60410297189448 -0.157338875762302
-0.0487216863327538 0.0314641547724283 0.26675368873104 -0.0666016032222885
-0.0441356953385535 0.0149674835189498 -0.0483867745212738 -0.0405013034049867
-0.0462097691009915 0.0182641818325865 -0.351134122982794 0.0523166557209745
-0.0372822710907538 -0.0101493307065615 -0.620368543621964 0.191546173957176
-0.0128659963359402 -0.0429926741230408 -0.766508547938944 0.348068789132754
0.0373192849563555 -0.0486344839991362 -0.793350612879814 0.359483064103693
0.0254392236472068 0.00213274645439309 -0.68198116882781 0.303376999268066
-0.0299113380525486 -0.0614149828944129 -0.431100217432634 0.322114983985227
0.00468821569141583 -0.0943161669321643 -0.299948723723111 0.267567846245563
0.019721112900647 -0.0428179211672184 0.345431248649644 -0.112342073525341
0.00361220237478841 -0.0285324642886946 0.445367282302969 -0.24416264295312
0.0321967028864839 0.0321315830057097 0.673962129452565 0.047007819734559
0.0476162186212352 0.00681250843669195 0.967258817244923 0.0359656403712951
0.0370074839190786 -0.0236472712831609 0.894024713464188 -0.10550416363342
-0.0132019349818021 0.0030714088139851 0.603809130944082 -0.117526770544981
-0.0273047972395163 0.0259274576354497 0.251011503859254 -0.0503523825178894
-0.0215889728974113 0.0108586964463458 -0.0671443586219423 -0.0334717287956211
-0.0237255773323454 0.0137788594439251 -0.367498171799016 0.0733503051078072
-0.0158353060433569 -0.00720803561982571 -0.616915419694891 0.230673331931188
-0.00923230821070608 -0.0302505658991013 -0.73118343971556 0.401715819939724
0.0176712200056382 -0.0456314595225576 -0.73816441691432 0.429719878782993
0.0209267613440205 -0.0125902505860396 -0.640372810673191 0.371723158933863
-0.0145387598143488 -0.0564811747548438 -0.417374159382703 0.345251743252458
0.00244659510995796 -0.0555288549265587 -0.285679829470719 0.278209148829879
0.00883358381142779 0.00197206594332333 0.340775728296802 -0.100839363484317
0.0247066452365695 -0.0149968948947549 0.452814939533031 -0.230886900369504
0.0375018952101316 0.0151033603506993 0.670109532412983 0.0985465086921469
0.0272170654707075 0.00596625411476855 0.973428881979358 0.105895384274766
0.0389336594143466 -0.00214988982169719 0.900015992197767 -0.0554660124143845
0.00974682779441493 0.011063606848288 0.604666314210795 -0.0878495510163206
0.00116657194468537 0.0205362977610998 0.245064690730425 -0.0388044701222599
0.00586662462485442 0.00505545697412783 -0.0768463167115248 -0.0291131107380336
0.00239579975948315 0.00574963689672832 -0.371948354327494 0.0867754515602984
0.00800119870514818 -0.00669185342583228 -0.612253266528921 0.25455677134959
-0.00229867598619924 -0.0163397817120496 -0.704817826098559 0.433585361104663
-0.00263579247352928 -0.0372625209062909 -0.699755913130958 0.468823661514469
0.0125412394568271 -0.0287720665432613 -0.611140897967087 0.409780043921892
0.000565291671379226 -0.0536122636976913 -0.407147892866785 0.360128720648225
0.00372662139494524 -0.0116250735219926 -0.276192895308394 0.280869631022202
-0.00703189089612713 0.0467108567776847 0.333051502479276 -0.104277429235661
0.0432339627267198 0.00128302146479577 0.451248081607033 -0.22081146570177
0.0443521192551928 -0.00197244895599601 0.674044716180798 0.112235540186586
0.00660933917112452 0.00181219283038367 0.971314613390613 0.119886609125715
0.037854536159775 0.0170188687548084 0.894601510925428 -0.0376857663369124
0.0341609702210079 0.0213246016982881 0.604396241501467 -0.0759401390875755
0.0307721008270928 0.0150329268467472 0.248389111850029 -0.0319581381632008
0.0344686157838129 -0.00147368649991177 -0.0742857265554142 -0.0302486695059055
0.0301636840304051 -0.00362423787931775 -0.37032530133831 0.0898125460355509
0.0326741205398323 -0.00780351506489166 -0.607600671446941 0.260925548004428
0.00457145095898491 -0.00299712268818536 -0.699109601564284 0.440914632529264
-0.0206387827825065 -0.029273357803973 -0.690695097530842 0.475495401358663
0.00349504449013718 -0.0434219170074914 -0.60210791439455 0.417278935652154
0.015576667447883 -0.0523152730453169 -0.406401093423147 0.363779137915857
0.00514296988247526 0.0307989696239048 -0.273419427294615 0.274948814385201
-0.0186869302143513 0.0831428277080974 0.325467059565083 -0.121555893302443
0.0546217040320846 0.0117504127555071 0.444128733973738 -0.217951425141565
0.0464633668023746 -0.0184348567688869 0.688114527129191 0.0812542922233302
-0.0111631323682521 -0.00235066760520963 0.964845342129044 0.0737887111580203
0.0397374209275919 0.0305156171848802 0.885056298535822 -0.0586223878062829
0.0553949556911647 0.0266753855492992 0.610138445838394 -0.082604712921884
0.0586524565854238 0.00979837546603249 0.263093413871774 -0.0334951398526769
0.0587456011731951 -0.00681922524852152 -0.061352432509353 -0.0366623030907042
0.0536108247635722 -0.0112808387981835 -0.362706177716441 0.0816923541748703
0.0531877558558007 -0.00653956872110682 -0.606235903161927 0.247724841842142
0.00923057723633151 0.009946256927319 -0.710449097077533 0.421672034198324
-0.0366188644911456 -0.0243152960987526 -0.711979264205911 0.454172247478462
-0.0012900121724586 -0.0594011530525919 -0.616305689321397 0.397601102935364
0.0278073238030453 -0.0462795655504984 -0.411550758623661 0.353803853069845
0.000286970524972566 0.0681064277324985 -0.276469097512542 0.263711080528468
-0.0223732325522803 0.105527391176567 0.315235186087927 -0.149642101076053
0.0589815667220348 0.0127053390432156 0.431818910680774 -0.219427802637437
0.0414037408135035 -0.030861958711027 0.705606368878218 0.0154629209203704
-0.0243942085821276 -0.0016718845652162 0.946809959738856 -0.0220638967533567
0.0424962746677592 0.0366671651691068 0.866073980926032 -0.113005421206366
0.0725921899259658 0.0269551533794132 0.617663448194496 -0.10664564373836
0.0780828258065203 0.00400432454707309 0.285139680226283 -0.0423994928368865
0.0771454294791545 -0.0117415893786758 -0.0394162753386529 -0.0453930617317416
0.0725135418479553 -0.0161986554652324 -0.347339851521544 0.0662679560986324
0.0690396534281618 -0.00252288665185854 -0.605290636599106 0.216989161814551
0.00989486678631606 0.0200148966596796 -0.738179773947687 0.381667598630928
-0.0491753292981768 -0.0261039426575985 -0.759513036321911 0.405251331058132
0.000776878827314147 -0.0711685962163685 -0.646971230743249 0.344661024289383
0.0351437247009396 -0.0386807378842572 -0.424697276811876 0.335200516985921
-0.0100294064062627 0.0931875710789612 -0.286171519854553 0.246190617103087
-0.0189083092783115 0.110315427816121 0.302020658685755 -0.180409477001431
0.0570376955018959 0.00650045734787625 0.422229324887322 -0.228983602899675
0.0321862810769252 -0.0355161262179888 0.709502068776688 -0.0807814936907628
-0.03072360280354 0.00115442711930799 0.912841906557982 -0.140698216542528
0.0447636535944966 0.0343582222055741 0.840051992406191 -0.191549944429615
0.0806578174874803 0.0207167245152433 0.623616554887461 -0.145812983632559
0.0863245738060518 -0.00139820534055969 0.309720103577161 -0.0584039893699017
0.085454704685382 -0.0134538926335249 -0.0124787763256939 -0.0568907838762037
0.0818176156110201 -0.0157780982607311 -0.325383478417989 0.0455556319844718
0.0764086108844833 0.00304755627083958 -0.604756535588473 0.173839609120136
0.00699764763520354 0.0255801537408717 -0.774007969306694 0.320401094585532
-0.0551445908697126 -0.0344778220842065 -0.82323715855376 0.321588604497698
0.00838166126638045 -0.0786951599511701 -0.685957581815123 0.264717746302734
0.0352726601915073 -0.0263722419424013 -0.437332566809428 0.307424963100207
-0.0258380705112711 0.103283005600336 -0.297625470208712 0.227173899725853
-0.0148339805359371 0.0981150315807536 0.289228766337635 -0.20782661992769
0.0449131561460942 -0.00199069158964624 0.412557913042798 -0.247541296632728
0.0224304021153642 -0.0314179407984547 0.697765263249295 -0.179399166425455
-0.0280240267704786 0.0050243947809506 0.858396034462671 -0.258251889315834
0.0452767815841081 0.0248232205783998 0.804353085533977 -0.271251190807594
0.0782421058867132 0.0124488100587629 0.625986326496017 -0.195596644669122
0.0825522535211487 -0.00449171175972484 0.333542786371482 -0.0799744691154227
0.0824744493370568 -0.0125363384332055 0.017015678905466 -0.0674776148020826
0.0805967813455081 -0.0125090032774141 -0.300132783213624 0.0231036488242511
0.0723265654447937 0.0092141149659449 -0.597466745922181 0.124298515177095
0.000411116468234598 0.0248124382408113 -0.810536273045496 0.242824483281784
-0.0504959608720895 -0.0479260801946925 -0.887212593405608 0.211911642687067
0.0205601142473936 -0.0769112119658005 -0.717131557586972 0.161988636307587
0.0269503272006372 -0.0156063450921457 -0.449884962027254 0.279802686253682
-0.0417428088010516 0.0938471202754189 -0.311078945900012 0.206945939153956
0.0180335807372419 -0.0799157493653757 0.344520247630584 -0.143738226496979
-0.0206211238391891 -0.0335146163421802 0.430641907384387 -0.269207607195602
0.0333558171933504 0.0449940751248571 0.679946362139382 -0.0472007158543912
0.0645682016418838 0.000906581099210627 0.947498385739814 -0.0932271796509373
0.0320997555481858 -0.0424458516153856 0.873025784273713 -0.205171167586342
-0.0321383378779192 -0.00114214267440882 0.603445941865204 -0.171609356981498
-0.0474440781618563 0.0329722082165767 0.266452563981387 -0.0722014282680941
-0.0439583581669101 0.0157547221629244 -0.0494413177266411 -0.0393657637771828
-0.0465930442577102 0.0198155040363754 -0.352778617172867 0.0616103732868532
-0.0375299945419381 -0.00893715495752573 -0.618737296538992 0.204173900930381
-0.01336509686212 -0.0436295276674045 -0.761219804474644 0.365835128432302
0.0363300223313921 -0.0505412542843241 -0.789568972570883 0.37685816517306
0.0267008651336407 0.000550581473455887 -0.677737312012718 0.321491162897654
-0.032479408197016 -0.0617278684911379 -0.426513651723968 0.333652438477893
0.00318675679272047 -0.0946368453852773 -0.296106545123172 0.274311692097551
0.0193890629841789 -0.0423425686641659 0.344635886204015 -0.119208748952196
0.00311288402856958 -0.0288326182722864 0.442498619482258 -0.25294485936818
0.0329128339713606 0.0303643028954292 0.676775367072339 0.0347179295306125
0.0475645026857692 0.0060517111734913 0.970928882666824 0.0150149373233461
0.0369315862385508 -0.0241361958800714 0.895867768116428 -0.125358769847464
-0.0135429861866496 0.00283028073523811 0.602210932076585 -0.130555411914781
-0.0259802703202928 0.0269361009333084 0.251317823736626 -0.0550255347472222
-0.0216814355827004 0.0112714253056796 -0.0692698675481949 -0.0317133406355982
-0.0236174539290367 0.0142732032409417 -0.366824376562676 0.0800148265265169
-0.0156133111737388 -0.00687045464541648 -0.614720995671335 0.24443095608086
-0.00954715262042823 -0.0294558572558186 -0.725887263397861 0.418079074195672
0.0165466129106383 -0.0453914794182051 -0.732385856612436 0.446766168536897
0.0200519005728822 -0.01412355811897 -0.636053907234898 0.388172343664654
-0.0164913421183299 -0.0560622598192021 -0.411708967185773 0.355012308438364
0.0016844473599551 -0.0548551480990257 -0.281394790448091 0.283674765308154
0.00852178653151283 0.00258046058195963 0.34008875875402 -0.107306841286537
0.0250918420936319 -0.0164624860169183 0.448980529439447 -0.238589212263407
0.0389812256789879 0.0136868315730423 0.674900830707848 0.0854644556563463
0.0272849487063796 0.00553756242355911 0.978588735675984 0.0862726105003288
0.0388925861364589 -0.00339201127212155 0.900833673601395 -0.0726601786557181
0.00964262854603517 0.0105007238242272 0.603254270149979 -0.10103427095413
0.00197891632672627 0.0206800653642617 0.244738199011168 -0.0430910904623148
0.00551760160856332 0.00530733151986046 -0.0779560177692279 -0.0279837415750253
0.0034911916466213 0.00561695530194001 -0.372541406667251 0.0944384696478681
0.00788692104045785 -0.00720589460752172 -0.609529993353418 0.270017007250915
-0.00309784557910315 -0.0162047938070825 -0.699206431686474 0.448643532894169
-0.00369702774962156 -0.0374611708063404 -0.692901842651644 0.484787160372656
0.012489624669965 -0.0295069982900227 -0.605138402364809 0.42536002111971
-0.000770785375310015 -0.0546523893183319 -0.401742800961333 0.369347819849131
0.00337816924686599 -0.0110701629259641 -0.271462029205505 0.28677730189082
-0.0058528192346373 0.0473834784077392 0.332499774008964 -0.110383824598724
0.0431836762277603 0.000477292710275831 0.448255194338442 -0.228721807748668
0.0451311665559061 -0.00414194630830857 0.678956993681196 0.0962587267682074
0.00711273401768979 0.00174602667901569 0.976362804435051 0.099853360224801
0.0390501089472944 0.0159987872376213 0.896938859824253 -0.0560954958834856
0.0347113330587381 0.0198704142233146 0.60497978504245 -0.0900883261394391
0.0313841040311724 0.0152645641112099 0.248411117141823 -0.0379271723713158
0.0334069721222415 -0.0023199146438831 -0.0759966088071053 -0.0288887226546699
0.0303518805142888 -0.00430732886043887 -0.371463554489177 0.0974432429927347
0.0317285232637292 -0.00760144883643791 -0.60493747127945 0.275181816526311
0.00380875943438235 -0.00297612563178234 -0.690795250330268 0.456084508830781
-0.0219146306255033 -0.0283322295389592 -0.682466473454784 0.492531522541516
0.00273514325783577 -0.0447536448451855 -0.595160212186266 0.434327059267091
0.012841973358755 -0.0520020317443948 -0.399609403481727 0.372338666210262
0.00516258648173623 0.0319902417813321 -0.269251781965945 0.280771144517447
-0.0167978881867386 0.0841729931534914 0.323680184792101 -0.128301614496828
0.0549192640356842 0.00998874604273332 0.441114455054916 -0.226612775041418
0.0470015883071266 -0.0203869560242796 0.693271555861766 0.0662929730011584
-0.0114198288950464 -0.00174752677168587 0.967177953547252 0.0532360537107353
0.0400032321078585 0.0294221848915689 0.885104145847637 -0.0766371866636141
0.0572130482551688 0.0249230742483344 0.610217131556237 -0.0964683051330938
0.0590769297178739 0.00916132993913279 0.262930232249941 -0.0391542949047178
0.0581894931426473 -0.00838852349307372 -0.0621143305735835 -0.0353689393094226
0.0550764297319175 -0.0122341237343324 -0.362557863535478 0.0900636078316848
0.0543339255603435 -0.00766771682822931 -0.602584285286081 0.261176993084818
0.00908030456601598 0.00997898214117016 -0.704913789788291 0.437688090601372
-0.0376537364913691 -0.0232588983513348 -0.705600740532179 0.471566472684766
-0.00205451904525422 -0.0590966865511752 -0.609501847233815 0.412070786238917
0.0259507838594679 -0.0477104713683311 -0.409153722624701 0.365491862271832
0.00217269361027529 0.0682063646973454 -0.273684193369117 0.269017260093625
-0.0209314252207351 0.10721210624301 0.313637414352357 -0.155538604155188
0.0589730966868121 0.0115225224076792 0.430773208666853 -0.228884106986342
0.0415484168875791 -0.0324143596219535 0.708382694151981 0.00122828109419714
-0.0248130677393582 -0.00112308412609286 0.948758285716164 -0.0394230497200423
0.0422989331395896 0.0363783650613272 0.865338137460834 -0.133444041136272
0.0731200225868994 0.024679005111094 0.616556383431602 -0.12165369988535
0.0789915704543293 0.00185988060475733 0.284319651610912 -0.0484996550791345
0.077727124195162 -0.0122600985328018 -0.0398832330700639 -0.0450340707295473
0.0721429961297212 -0.0170816411317619 -0.347407674088486 0.0738329738376288
0.0693590436481443 -0.00437047271739283 -0.603339177701061 0.229615979196689
0.00978322922047476 0.020223590393397 -0.732447358033358 0.396845369754904
-0.0507009082539305 -0.0252209145673537 -0.755338745253595 0.4212694577254
-0.00125816959728443 -0.0717682633240063 -0.640908206102252 0.361172814680013
0.0339399170224637 -0.0390577738885641 -0.420875654600213 0.345670536120454
-0.0079990550753032 0.0944104686178627 -0.282315568816941 0.252306876553104
-0.0168947506423134 0.111323319593887 0.299853847342306 -0.186060202340025
0.0566448483596376 0.00546143754206702 0.419263798599658 -0.238377267325497
0.0312863869825185 -0.0363297314996993 0.712421914894541 -0.0943916891151166
-0.0299297151879422 0.00190377034254458 0.912285090165243 -0.159499322578503
0.0458894366774814 0.0336459977414974 0.839124927515143 -0.209233517953698
0.0808793240713972 0.0183774651889721 0.623202031450893 -0.161949344242253
0.0864416310359847 -0.0032221854635935 0.309224485728475 -0.0661888103589173
0.0856279787806445 -0.015075439745556 -0.0134844990349028 -0.0565686398507836
0.0817477063970808 -0.0171941688639488 -0.326535285505326 0.0527038989519102
0.07687380554132 0.00149628172382898 -0.603328068115888 0.186693308899599
0.00698640500722455 0.025656299331584 -0.76997310428021 0.337581898052754
-0.0559990695893248 -0.0339277893851862 -0.819805680285977 0.339020653115102
0.00748048625610274 -0.0799789275883415 -0.684931262384079 0.280836528195553
0.0349880226560437 -0.0271884810236466 -0.434695793385292 0.317942368150178
-0.0245264062759919 0.104561532301902 -0.294408141337798 0.233525908815979
-0.0138107356276698 0.100032871345194 0.284373816719069 -0.213080385417764
0.0449667473533641 -0.0018848098021065 0.408648006075758 -0.256046289183603
0.0212704228624826 -0.0318121910683488 0.696925658294842 -0.195449746559546
-0.0275032509375149 0.00544924392444189 0.856264805883242 -0.27784964569075
0.0455219663643354 0.0239675024923776 0.802705226066973 -0.289080314892027
0.0784561979676825 0.0104662118041191 0.624907086148743 -0.209083435152925
0.0829634479280819 -0.00657022972730736 0.332161284636198 -0.0888375652523779
0.0825751526916032 -0.0141313486569171 0.0159616053907421 -0.0686592425023039
0.0812142482554201 -0.0139040271441275 -0.301655675703087 0.0299617127136609
0.0719880472653599 0.00840980731412157 -0.596509343991595 0.137975483046726
0.000634645412369957 0.0249512526418579 -0.809077448126451 0.258968138547091
-0.0510813680430066 -0.0470967140544536 -0.885239851559526 0.231397511482977
0.018408364005895 -0.078955235770578 -0.717956733349379 0.180639714238071
0.0256912043763961 -0.0156381286527814 -0.445405827057793 0.290648319809247
-0.0404641749506844 0.0944706788013404 -0.308010480876397 0.212688823151283
0.0176966702750109 -0.0799812358152266 0.341164714410101 -0.149724299446302
-0.0212367228992008 -0.0328272628538937 0.42569516448557 -0.278443719933364
0.0341540316837569 0.043653875776948 0.678442457934406 -0.0625567711094111
0.0649847746639789 -0.000249849449514688 0.946603152971801 -0.114126848599087
0.0308231400117106 -0.0429159992565609 0.868653384895231 -0.222770593488588
-0.0326181010785075 -0.00135220366101366 0.598973630050243 -0.184675559811083
-0.0458900874703888 0.0337145566082959 0.265066555072318 -0.0778996422725432
-0.0441534326948669 0.0171520302265771 -0.0495831363942889 -0.0375702644358378
-0.0449830193167835 0.0209168458393057 -0.352706383166426 0.0675510069261286
-0.0376312016947185 -0.00843578573316764 -0.615462160949386 0.219219269262277
-0.0152277475491183 -0.0431809226372927 -0.752531398308859 0.382500741895179
0.0348205599412146 -0.0511671011180583 -0.78088147293588 0.395022174399799
0.026912283153977 0.000113404084532212 -0.671632066131287 0.335461653672449
-0.0345292629482426 -0.0609758935272071 -0.418485308713931 0.34161088729674
0.00115975902321549 -0.0936638690805339 -0.291513096798641 0.280505117063315
0.0191243720331192 -0.0421555541756794 0.341725505535426 -0.12440371802384
0.00274923605148571 -0.0300749785691768 0.437407994084522 -0.259872493043158
0.0349064712256447 0.0298943530736475 0.678936121097453 0.0200252283446628
0.0489347676347059 0.00539742656761418 0.972271212391625 -0.00351321060892361
0.0364371804386464 -0.0239854145867141 0.8921320535809 -0.14577006818732
-0.0138558570091744 0.00329251849412897 0.601144767950259 -0.142885680200063
-0.0249465196314378 0.0272502759861419 0.2505943789768 -0.0601082655668525
-0.0222095161971407 0.0119893239493493 -0.0697851345417775 -0.0296068026629283
-0.022680529840899 0.0147859667081058 -0.365853604484002 0.0895726517277956
-0.0172284819044025 -0.00676574085912134 -0.6081647391991 0.25843456145328
-0.010618393400941 -0.0292866837502525 -0.716031385953848 0.433856965545252
0.0153472173638673 -0.0466862219189369 -0.723125842763367 0.462960562576273
0.0207105281424262 -0.0153726597703103 -0.62730331361375 0.402427581237195
-0.018215796353742 -0.0560762060770591 -0.404324217176262 0.363230225562915
0.000927639770560144 -0.0544536394087423 -0.276283798534428 0.289682556767189
0.00924939648893878 0.00272398264145662 0.335738755974788 -0.111557579222192
0.0254280264083586 -0.0168386649366231 0.444491278170572 -0.247623085526085
0.0391601068686218 0.0122852603210227 0.677308018824351 0.0707964328278748
0.027792050522284 0.00556882134613918 0.979784796396355 0.0644033001899596
0.0385143837691838 -0.00393644224327605 0.89823036950182 -0.0948508325331813
0.0102949656982522 0.00958792776458112 0.600905743742203 -0.114380465653209
0.00293209384627397 0.0208850466102228 0.244771791052477 -0.0491213619858297
0.00547726654053867 0.00517196650281793 -0.0786136141341754 -0.0256988076601228
0.0036927971753119 0.00588425729325423 -0.371014634825405 0.103063666753934
0.00759034612772665 -0.00757365299690341 -0.603197649162437 0.282511854476479
-0.0039368716351294 -0.0153105976626909 -0.689431064855947 0.464011021573924
-0.00370548730126104 -0.0365514331561081 -0.683127370719441 0.498077797266587
0.0126827940885718 -0.0314652660488381 -0.59691780144222 0.439413718529941
-0.00296643765771911 -0.0536737089007121 -0.393093445724616 0.377767768323831
0.0035561992430166 -0.0107686708503419 -0.266939363248622 0.291209369073034
-0.00482090025664183 0.047514593111153 0.32928397259809 -0.116770255265593
0.0424691527770666 -0.00131178968701803 0.445222601582233 -0.237352825053311
0.044515467877304 -0.00513669370654949 0.682333874457874 0.0837186256300869
0.00713889962434344 0.00205068910579652 0.978459323248518 0.0793521626568782
0.0392612957666177 0.0153911649848687 0.896668001269109 -0.0773365477590554
0.0338339162598102 0.0178031372341456 0.602811307701773 -0.102079977813469
0.0331799323520363 0.0139693110306132 0.248216971515523 -0.0434768332772363
0.0336940931303776 -0.00219855119105431 -0.0761000540791731 -0.027204960370362
0.0305906146916638 -0.00443853502527312 -0.36930733342561 0.10551423712918
0.0314808744773892 -0.00870891944720796 -0.597801782284191 0.289007746111335
0.00345803242257523 -0.00270644543762188 -0.682989901196199 0.470969768334811
-0.0211827151119457 -0.0290327959243986 -0.673338606360864 0.506976185697281
0.00267742885326212 -0.0452392170938942 -0.588000684925174 0.447067906456221
0.0125761338380185 -0.0527662591336666 -0.392738305655137 0.382084950230022
0.00572328188110977 0.0310735748270169 -0.265032329909765 0.286315426514515
-0.0156713736173488 0.0846562510368252 0.320452749292357 -0.133361053781356
0.054580097459745 0.00950224990556334 0.438002437088576 -0.234181795993644
0.0457832635040354 -0.0216516795340241 0.696447365136618 0.0527004645092686
-0.0105710531433386 -0.000767776434105758 0.968010156370285 0.0336846198745997
0.0403749087338639 0.0294053979111315 0.885241183531775 -0.0962634824359344
0.0571965783432812 0.0236737993442025 0.608320091680892 -0.109410139014695
0.0596010788375534 0.00681856866523245 0.262643622345837 -0.0452907373734726
0.0588177682749295 -0.00960109192719167 -0.0629794707287994 -0.0332596364259578
0.0546305471488241 -0.0140260623909374 -0.360076546987016 0.0987077930894601
0.0534034825972366 -0.00882739122003792 -0.596464435421065 0.275401690217364
0.00939508029768115 0.00980766756464628 -0.695798232394567 0.452498024678117
-0.0377434094783422 -0.0235645546634664 -0.696441118041445 0.488577766311435
-0.00283794865670395 -0.0595996093257368 -0.600333309258704 0.426554033973495
0.0243340846353595 -0.0481182560638628 -0.399232642621786 0.372383498222553
0.00332138859160226 0.067468345879801 -0.269098911203619 0.275152351267686
-0.0183617982203231 0.107113926240444 0.310150362848163 -0.160951875361692
0.0605760010848631 0.00969185442178731 0.426073731573074 -0.236134490350545
0.0403322977939386 -0.0331104719532394 0.709972911710435 -0.013492586588257
-0.0232863832525399 -0.000262133243062568 0.949972022738955 -0.0612878078563528
0.043745879522575 0.0354516682099442 0.864263843120139 -0.151645883306285
0.0737309413018501 0.023210424550699 0.614245833130564 -0.135298735926615
0.0789030721710959 0.000749715292816891 0.283500335662566 -0.0539351710216788
0.07681147237621 -0.0146308461326366 -0.0410073896074834 -0.043918502140838
0.0721072496235009 -0.0187182169239843 -0.346568516097207 0.0821372780795709
0.0690374559386003 -0.00570650604825251 -0.597775024203153 0.244116248944464
0.0106949152125794 0.0203907362313743 -0.723794646590636 0.413540535280293
-0.0512670298810967 -0.0245429172271035 -0.746936109147877 0.440835960167252
-0.00229152701690752 -0.0726514403734265 -0.635260505783988 0.375358402251274
0.0321562585683119 -0.0387374267850874 -0.413104579071228 0.35429226328331
-0.00623458535554656 0.0941642324059004 -0.278238622892958 0.258254663512832
-0.0155429245790352 0.112332259350783 0.295475372326024 -0.190930123032155
0.0562430768129657 0.00439559010154141 0.413863763742063 -0.245810028499441
0.0310994113612329 -0.0374595692105966 0.712460395400285 -0.110610965385318
-0.0289511562220804 0.00428036259282595 0.908669991398283 -0.179863290295873
0.0460607276384081 0.0331918885391638 0.832213556787508 -0.226993642451068
0.0812464376500232 0.0165118006123486 0.619578046403555 -0.175828672730523
0.0869865869776579 -0.00554104234022508 0.307281045140091 -0.0731338628654457
0.0849232675445421 -0.0164437623556458 -0.0147238792473456 -0.0565050379604933
0.0823008903404024 -0.0200199617131833 -0.325796403101103 0.0604061853415315
0.0766033863127065 -9.91812773754944E-05 -0.597530160088674 0.200050290911023
0.00748578584543765 0.025860796514912 -0.762122482167752 0.354954038513149
-0.0566147151263404 -0.0334612988686412 -0.814456275136234 0.357155110106712
0.00654608302265632 -0.0809997637625227 -0.680046193211677 0.29722779297216
0.0333229196927232 -0.0271293024018277 -0.426667036620262 0.327677341916209
-0.0218259768308987 0.105113042893771 -0.290526084538828 0.239652937420858
-0.0113487230957236 0.100073165040368 0.280964455050174 -0.218701500670423
0.045155612949267 -0.00328329714724036 0.403956680230495 -0.264234867809555
0.0216003512599749 -0.0333171827856793 0.693199329575066 -0.210283313492101
-0.0264129401173539 0.00638264480461923 0.851502001302474 -0.295906858364454
0.0461856968406643 0.0226399767938792 0.796331816376391 -0.307407058831266
0.0780480887644801 0.0089200477742553 0.618995650598084 -0.222911691828328
0.0842106187673743 -0.00823728564341752 0.33003853229662 -0.0944494483848296
0.0818927869505013 -0.0160706724718573 0.0134902139188633 -0.0695053293983191
0.0809687921210426 -0.0162297678932137 -0.301886361320016 0.036705665302902
0.0727595774404189 0.00664127870579644 -0.594644564125501 0.150386103655331
0.000750547283326151 0.0251657397935736 -0.801594852012982 0.277438575350589
-0.0528507797318329 -0.0463933984875206 -0.88144651136666 0.252755873855167
0.01754212286634 -0.0800578786105907 -0.714842816128506 0.195529921994117
0.0258146967332415 -0.015706818355438 -0.439340063364054 0.299884129718761
-0.0377596086393874 0.0963370297219814 -0.304355308719518 0.218805616408589
0.0160273103318408 -0.0794613963471855 0.337940956073267 -0.155517333993393
-0.0209299443440344 -0.0329560426473584 0.41813408203963 -0.284406402333649
0.0358923527381565 0.0425940892924826 0.676968278334485 -0.0757682491176071
0.0662186764293977 -0.00174766910254473 0.941446735162977 -0.134388616957079
0.0294896453586622 -0.0440737144115435 0.859471672873585 -0.240732705148982
-0.0324617563135772 -0.00057234950479676 0.594280472603269 -0.196520497191699
-0.0449063758444835 0.0343604252839095 0.262727828970136 -0.0827906438967563
-0.0438187223579882 0.018153996557797 -0.0511787282042307 -0.0366555679067052
-0.0438777418588269 0.0217650690699413 -0.351543737836476 0.0751600626376635
-0.0381470682930117 -0.00759248403292564 -0.60727290929322 0.230106010066666
-0.0159366175658318 -0.0419233505997877 -0.743732663136424 0.395126094682105
0.0340248220723312 -0.052059933264366 -0.772669304902411 0.410616367923828
0.0262051093182271 -0.000586632385063957 -0.662315385304096 0.350188100921425
-0.0355827400372861 -0.0596734785843708 -0.411784828493715 0.348311957835256
-0.000236105360107064 -0.0918728527013169 -0.285146918769062 0.284714382936619
0.0182476625056075 -0.0425907902088232 0.33789862604342 -0.129079202421486
0.00227859939944838 -0.0301231017824019 0.431427086489248 -0.267234150502241
0.0353903927354586 0.0289752965066341 0.679035213437914 0.00624973507526789
0.0494815214080359 0.00528843419774486 0.969807391033567 -0.0244770596541766
0.0352886025575085 -0.0252803979497349 0.885395069590179 -0.162456695144329
-0.0135135978111142 0.00260980006632052 0.595722677617404 -0.156479827669784
-0.0231714383600832 0.0278894640613718 0.247947179484668 -0.0665550613449778
-0.0214959445410756 0.0121748580252944 -0.0696869584386534 -0.0284446497301871
-0.0219848718548193 0.0152138712728846 -0.364256844673936 0.0963184797991379
-0.0169019111491734 -0.00592250234051915 -0.600391954830654 0.269246157564081
-0.0119957703224858 -0.0288089215786905 -0.706195619510084 0.448110998145527
0.0147558642515241 -0.0467690722422135 -0.711079027888718 0.47636367702095
0.02121597654281 -0.0165335576163417 -0.619563489408111 0.415206018533838
-0.0200686159041044 -0.0557528432901817 -0.396379047241588 0.37126440300614
0.000113529614112529 -0.0535599598799746 -0.270705032689954 0.293007656077114
0.010016410114189 0.00306233985436318 0.333222940806516 -0.117354368106848
0.0248055238652975 -0.0173533561457875 0.439862285525016 -0.255225643404495
0.0396809119146672 0.0104859379862111 0.678997941158667 0.0577117641560835
0.028219923481499 0.00489629268125604 0.978159963892398 0.0460392323642401
0.0384452902810445 -0.00474535168129463 0.894659774332815 -0.112645066980671
0.00999704190547157 0.00989932487817696 0.596685209946892 -0.128729924110574
0.00413851709133396 0.0205540140956149 0.243085448191639 -0.05395716280028
0.00578928349374673 0.00536687683045023 -0.0783005157422836 -0.0241990740447337
0.00444806962021158 0.00557518344294552 -0.368733790242544 0.110633139505704
0.00717299009954193 -0.00664575008905286 -0.595049950515487 0.29571176287277
-0.00424420779134711 -0.0149239365080295 -0.678420786779202 0.477805325433213
-0.00499280458444622 -0.0373098866335391 -0.670933864303128 0.514220424438618
0.0117659624600852 -0.0314749852452189 -0.587211903028081 0.452397052980117
-0.00480661373745763 -0.0532519189175184 -0.386250206709798 0.38506778925899
0.00346384942948825 -0.0103061984629883 -0.259528797646182 0.294949430394142
-0.0041427233476607 0.048352524367349 0.325743042695074 -0.119538831796192
0.0428724233227314 -0.00313821066680356 0.439086747734378 -0.244393714770299
0.0446145287465673 -0.00742611148192606 0.683463784592481 0.0691731604953992
0.00807148293411384 0.00196679987536187 0.97744071311919 0.0583114600735388
0.0387994575548709 0.0140656754437245 0.891338108186001 -0.0931691206989988
0.0348214493197995 0.0173232412005893 0.597809136503109 -0.114940519409853
0.0332928212730036 0.0131706906698438 0.246359293752343 -0.048900580350842
0.0331813213066591 -0.0025911034237529 -0.0762483397462123 -0.0258983051420808
0.0314319249758084 -0.0050081095226613 -0.366799170881358 0.113243987832187
0.0314392203044159 -0.00991033710084671 -0.590101804385484 0.300244026285681
0.00356383862559332 -0.00175381267367768 -0.670603179364508 0.484949819682464
-0.0219566954270555 -0.0278467102512573 -0.661456927703215 0.518954682562175
0.00210047424908471 -0.0461359898068375 -0.576164995157836 0.459263663843526
0.0100896178553464 -0.0525920577887452 -0.38321250343041 0.388634241476471
0.00602014014433143 0.0322497543728658 -0.258586956262258 0.291545281782854
-0.0136314215753395 0.0854776526018307 0.317996885142233 -0.137946382783415
0.0541469328462848 0.00725425261560176 0.431406886272225 -0.241369323768331
0.0463449712798266 -0.0228584114321291 0.695028897435825 0.0371841417975845
-0.0105161149718294 -0.000243463108056856 0.968296233742494 0.0133000674659356
0.0408146148554365 0.028013316149758 0.878285877765817 -0.113632956866626
0.0577872492754492 0.0223831776080766 0.60252743389645 -0.121195729248177
0.0598109970845119 0.00600269997042749 0.260550014119294 -0.0506526706529837
0.0589467330146311 -0.0103762901486466 -0.0639994142402219 -0.0324987625886484
0.0540366936396236 -0.0143298310022033 -0.359229374279985 0.107102315452097
0.0531938670615818 -0.00978568305588398 -0.58905171884588 0.287164904460504
0.00991637521084834 0.01015993102312 -0.684126660588735 0.466367844654994
-0.0384022046782898 -0.0225957429168913 -0.684993187880251 0.500098582534063
-0.00436433626488953 -0.0602299264474991 -0.59064824422029 0.439636613343895
0.0222729324274112 -0.0481186834066135 -0.392932649021451 0.380977778989301
0.00400313859397806 0.068849726690317 -0.2634618441885 0.278989781973728
-0.0165581184114797 0.108119742999209 0.305942384479543 -0.166096036968392
0.0594258695396944 0.00874618564610463 0.421917256559254 -0.244669943778467
0.0412058023125895 -0.0338900993144575 0.707698736057991 -0.0296261088749123
-0.0235179221130293 0.000598557563446735 0.94492689675207 -0.0816608719011376
0.0439677854377668 0.0341239458917199 0.857797118534957 -0.168396728891897
0.0735504280647022 0.0214738550346449 0.609346498596401 -0.148320747488122
0.0786215183998106 -0.00155863108186221 0.28108525918584 -0.0605626413661918
0.0763719495678531 -0.0164028885193204 -0.0427701419456978 -0.0424369493181739
0.0720344595725775 -0.0207777977390932 -0.344097601089778 0.0888276735645536
0.0690993983012428 -0.00767433999536031 -0.590766521137848 0.255974554053997
0.0107901341321962 0.0199368522294564 -0.713139132698259 0.42802483247046
-0.0509991380650697 -0.0236561600538665 -0.736585606961765 0.453489823719569
-0.00377246949843887 -0.0728911225418935 -0.626725021206283 0.389080505212142
0.0302557598505213 -0.0396892269064323 -0.404862244205577 0.363129718863709
-0.00536491453780271 0.0945848785439339 -0.273228982790917 0.262141859440654
-0.0128981868553866 0.112817443032674 0.291576102578238 -0.194678564436175
0.0575005434260708 0.00299405147503493 0.409299222878114 -0.252877895281024
0.0301552351686259 -0.038491788958167 0.708035074758252 -0.124478521721315
-0.0283364745317835 0.00359842816835786 0.90111599970501 -0.197684942591184
0.046550077681129 0.0313614631453073 0.826248344598407 -0.242290955813055
0.0803086613608873 0.014629618286435 0.612963279410649 -0.189261263988564
0.0865375598754479 -0.0069042915012443 0.305531990292672 -0.0787681527160153
0.0841736322360055 -0.0186691232327787 -0.0160570378679633 -0.0555909500358133
0.0820206231210712 -0.0203898436649169 -0.324314417444024 0.0664218628133663
0.0762423833847821 -0.00171247601406091 -0.592789076542413 0.211821679695627
0.00808986563158944 0.0256418999745218 -0.754403120527903 0.369690666886635
-0.0570333666908907 -0.0324268922903367 -0.804947237988558 0.371254214795995
0.00444106167758767 -0.0809672537258024 -0.669339482529941 0.310869654835144
0.031672603563385 -0.027060716131314 -0.419775903250771 0.336350415803415
-0.0200965677444774 0.105378571234759 -0.284246623201089 0.243232711778705
-0.00943351618996275 0.100222957896125 0.276885260948189 -0.222125656654736
0.0445695900585008 -0.00422666447901619 0.398351770582839 -0.270558371764498
0.0206988034040743 -0.0343018292439228 0.687196768928773 -0.224959494752738
-0.0262266322811197 0.00707612639219266 0.843318973360893 -0.313755980141192
0.0466533202158218 0.0214383532344256 0.786630818759681 -0.324006791879977
0.0768813898889464 0.00629036912859306 0.61095913203631 -0.237513547343773
0.0839191085006842 -0.010186981079719 0.327300847438401 -0.101742613743368
0.0807036323507454 -0.0177279412294785 0.0123622093896751 -0.0683249372067482
0.0811062217678354 -0.0171326495526835 -0.300247702972191 0.0439293610921656
0.0731796337769469 0.00526724433730668 -0.589435528482689 0.161547098064178
0.00164842668068037 0.0251877210983457 -0.795821552075312 0.291873834354256
-0.0534018829202696 -0.0452969696113786 -0.873920415667063 0.268539571849708
0.0165913415966895 -0.0805320255131307 -0.710015718088449 0.21089381364016
0.0239043838525213 -0.0166711022113946 -0.433734490641856 0.30862133214213
-0.0359913183305127 0.0968069524231554 -0.29938803142248 0.22400098742209
0.0151469769119955 -0.0788792016979479 0.333083355451664 -0.159453744960903
-0.0213497852796078 -0.0325278836705776 0.411957676269122 -0.288847864525298
0.0363725987844714 0.03995144050127 0.67365766594636 -0.0893931309743999
0.0645728546402488 -0.00177427235863788 0.932633820100001 -0.149780205752803
0.0284731030546874 -0.0435152944519869 0.850239300695032 -0.256334848733831
-0.0324761461117345 0.000500542026308034 0.586038384746342 -0.208839265351286
-0.0428656792065394 0.0351376409074855 0.260480782156391 -0.0887387818127126
-0.0430794333500447 0.0190660586928073 -0.0512841700545572 -0.0347206264319734
-0.0422815749201837 0.0230926542223883 -0.346916846248197 0.0825259293745099
-0.0380230789872166 -0.00692757644283656 -0.598248208101638 0.241146892973722
-0.0170295756229999 -0.0411611861606963 -0.730925908649402 0.407340224353577
0.0327123818007764 -0.0514743641387278 -0.759845489229617 0.423171936973397
0.0263957388801899 -0.00272590211225619 -0.654481833261737 0.361990611514746
-0.0374681673018452 -0.0590589539764776 -0.401632881969427 0.355224149859707
-0.00208220416104274 -0.0916775045668519 -0.280482039072717 0.288848584243059
0.0178535949892926 -0.0419403294905027 0.3337452671899 -0.134491379567345
0.00278166310939997 -0.0297568302675679 0.427642535455862 -0.272228529944319
0.0351532602968792 0.0269397069453089 0.67724980018779 -0.00793681267718747
0.0485705427845817 0.00483004038709053 0.962622005482344 -0.0424705819156587
0.0344951747442872 -0.0254409221921232 0.877476867734742 -0.179737501861442
-0.0135930674852695 0.00277605980093108 0.589712797175145 -0.167689515695871
-0.0227864393801249 0.0279096005280329 0.246240394419125 -0.0702640996966402
-0.0211446091172126 0.0132604859662228 -0.0699174071115173 -0.0259412058070802
-0.0208549839284506 0.0161551478969137 -0.36054865008621 0.103003055768545
-0.0169435475873024 -0.00543273039606392 -0.592151853473152 0.280102817829688
-0.0119247322718702 -0.0284066705476867 -0.691771823287009 0.456547567933019
0.0131896467100615 -0.0469861383256741 -0.701026854279155 0.48897454866422
0.0206174435168159 -0.0179569031364942 -0.607706004526325 0.425754241687576
-0.0220013935503739 -0.0549029116290731 -0.38762028965194 0.37597064484508
-0.00183278671971087 -0.0530294950190653 -0.264319336099677 0.295901141821751
0.0102345360577663 0.00362645044955219 0.329977702535081 -0.120914168266884
0.0248680580060896 -0.0189380645264134 0.433057739543813 -0.259625292394475
0.0396789068169052 0.00993865173498365 0.67683114045368 0.0423940492505028
0.0281722919858277 0.00402744310650338 0.974159789836904 0.0260794029454497
0.0380654216551882 -0.00517672064230946 0.885693323266673 -0.127822798877675
0.00989206594832503 0.00947899027540475 0.590760922933945 -0.13810593393909
0.00502100755660334 0.0202295473703895 0.240644467042266 -0.0581347446772437
0.00499110899181587 0.00508081228822956 -0.0782096006608071 -0.022312354565776
0.00417633305081029 0.00564380205934914 -0.36509728198811 0.117829628138648
0.00629889417927659 -0.00732371381307957 -0.585819037403685 0.306029707691084
-0.00528977926288019 -0.0148531076288864 -0.666044717471129 0.489411951546819
-0.00460763249985012 -0.036241255020868 -0.656658337681987 0.523247556731339
0.0106636849211648 -0.0326025381208805 -0.575052563487828 0.462206820210157
-0.00662206923401279 -0.0530588321870654 -0.375577134521103 0.391756376737468
0.00345116599835303 -0.0101826822547591 -0.254321619003037 0.29775504216116
-0.00271542695997663 0.0477764698755934 0.321687772156853 -0.124527866653603
0.0417943967007226 -0.00352894886390128 0.434204742244412 -0.25180623474494
0.0447652582625089 -0.00801897719481888 0.681692775686436 0.0564923139659652
0.00837326832629812 0.00195309885578781 0.974535136116055 0.0404921588434967
0.0388499970051308 0.0134056618668148 0.882682298979013 -0.111179668119873
0.0344136167975997 0.0168163853162852 0.59289439302796 -0.127124948882593
0.0346227675859037 0.0121545111172582 0.243841787527067 -0.0525157644514488
0.0326813155955404 -0.00352761052168774 -0.0759502635399895 -0.0234067768959656
0.0308095765626644 -0.00561627694561697 -0.363313604124319 0.120638492887174
0.0313214320817553 -0.0102755523390308 -0.581588921134942 0.31150804069407
0.00285570394434431 -0.00226609474195495 -0.656477713985348 0.494695298345895
-0.0224345332280596 -0.0277680648176787 -0.650024024216856 0.531070551981992
0.00137056542248279 -0.0459171751080809 -0.564046366992681 0.470361959569472
0.00782081144907518 -0.0516339538644856 -0.373716767165525 0.39372783823739
0.00651565717324724 0.032249485268278 -0.251737502902999 0.293131637102579
-0.0121456638325293 0.0850312561719453 0.31439100150014 -0.142246706369985
0.0542454480296033 0.00657173866644163 0.426337348756974 -0.248422552851055
0.0453994821773563 -0.0234633271724626 0.693732605311541 0.0242383539853001
-0.00962626079706388 0.000408807531752819 0.962983905591026 -0.00792871010232906
0.0401936848458575 0.0271738508199374 0.870938322709375 -0.131173343043054
0.0568257776634221 0.0209915234169761 0.595404603210641 -0.133872628311148
0.0606564012075322 0.00430127026396771 0.257879133384358 -0.0549993922750192
0.0576568390731079 -0.0117708800712116 -0.0633951780490001 -0.0308422026822651
0.0547123524791975 -0.0157748342493901 -0.355015461462529 0.113098413551325
0.0521469873098481 -0.0112156075271537 -0.58078901035924 0.298454266300846
0.0093988018097228 0.00939661524277834 -0.671586636573807 0.478665413925757
-0.0386574651743129 -0.0213268791195084 -0.672022962852296 0.511278617352454
-0.00527411571514509 -0.0596769072028579 -0.581449333489435 0.450046808221944
0.0202057566204033 -0.0477577525930474 -0.382305467118167 0.385978011963715
0.00554140781866404 0.0680606478377479 -0.257258509342429 0.282059607496562
-0.0134192364806331 0.10791554289807 0.301839664982938 -0.169113070828047
0.059358647100377 0.00737836917781031 0.415057048392163 -0.249730984434202
0.039695161035437 -0.0353237667947192 0.706009192864035 -0.0421403769736145
-0.0226751843838087 0.000754505015620358 0.93887859720397 -0.0985292553328301
0.044353683509874 0.0333409712966713 0.849579961294341 -0.184732431035678
0.0728922851404032 0.0189383264865592 0.602129311240341 -0.159692961620305
0.0792272743042454 -0.00296028225620329 0.27934274465944 -0.0670299257189877
0.0752056132647989 -0.0177316298644291 -0.0436011126400558 -0.0407060832914002
0.072408084901024 -0.0214699036287136 -0.340801626014644 0.0959503196607585
0.0676468400166105 -0.00897650087123762 -0.582985064899188 0.266518873786675
0.0114633736048891 0.0193912607730998 -0.700822648212256 0.439345805541671
-0.0516157670040845 -0.0227878119938473 -0.724363758604771 0.466232422984938
-0.00464550996195289 -0.073430042868067 -0.615386965907905 0.399512977376146
0.0281209151738523 -0.0389972808256573 -0.395722437779239 0.366358507797482
-0.00291116299188859 0.0944723723484181 -0.267689498910791 0.265510220007705
-0.00990125794993017 0.111802311262723 0.287037219899932 -0.198521933190068
0.0559647057312199 0.00202345678965607 0.402194124293008 -0.259030050791107
0.029324632427952 -0.0394261894694965 0.701711258722868 -0.138993175916188
-0.0279763384135201 0.00528122511247791 0.893154321318071 -0.214830405883381
0.0468280928533698 0.0307594746637508 0.815544180586296 -0.259238390355837
0.0809447737055948 0.012342557093405 0.606049395743992 -0.199617177275488
0.0868394900912069 -0.00919085067030533 0.301132908814857 -0.0843575254753002
0.0824599745739061 -0.0208081929169752 -0.0168388659035203 -0.0546044277418082
0.0814355726128732 -0.0231091104993893 -0.321332443461895 0.073873876552082
0.0755564529182211 -0.00296955777798154 -0.584812127273132 0.222945678015175
0.00808379699564277 0.0256827536526275 -0.744260915868551 0.382778367205652
-0.0574441153114832 -0.0322074671304052 -0.795291969464756 0.387592384846613
0.00300342409887965 -0.0811228959672887 -0.661810668400895 0.32412881121032
0.0300647203400361 -0.0274890805702776 -0.412008704336269 0.342802279259903
-0.0179391159620206 0.104860606099002 -0.280467479089383 0.247276830283923
-0.00746217633676918 0.100358156089317 0.271443760351946 -0.226214694303508
0.0438097502573767 -0.00540109323218275 0.391434468843866 -0.277131361535062
0.0203006039964061 -0.0350189963155513 0.680793985883531 -0.23877813502528
-0.0249953251299943 0.00647958213489599 0.833036303946276 -0.327532395322287
0.0469861968076226 0.0211675397114558 0.777717729750434 -0.334880112651934
0.0765104735228131 0.00352551171391982 0.604597226161231 -0.245967110968524
0.0831705886022902 -0.0117705343609735 0.323270864993648 -0.108114951006997
0.0802624904989849 -0.0189057848636161 0.010619394516204 -0.0680914367970935
0.0802122175489189 -0.0194295870610597 -0.299460379517116 0.0494302930273429
0.0717387793429647 0.00303939151681207 -0.582688107999329 0.173305589012368
0.00191950474229774 0.0249535662970436 -0.784774940939855 0.305162923892569
-0.0535626699896224 -0.0441461195000355 -0.866153390377706 0.283065854682371
0.0146430667770173 -0.0818655077441988 -0.70090719197824 0.225602277874477
0.0223154039673812 -0.0162942577409728 -0.424686893207293 0.315404150296632
-0.0345437328301792 0.0970604483493693 -0.294738936032523 0.228010569296686
0.0141557437392311 -0.0784767116403916 0.327430546006161 -0.161820928676705
-0.0218182393142476 -0.0327845316898787 0.405081985039319 -0.293728172867921
0.0369219819696399 0.0391946227724477 0.667434131004964 -0.0992863784092436
0.0648494046104499 -0.00231172652320066 0.922602952568961 -0.164553501212771
0.0272960072752034 -0.0433213027173624 0.840292396710253 -0.268502975388605
-0.0320080283347145 0.00017549762142058 0.577688702267785 -0.216989175553208
-0.0404222627488469 0.0350621525929373 0.25630120563225 -0.0907210858181963
-0.0419120071928771 0.0200077486575269 -0.0508991187674799 -0.0339004773118463
-0.0412935224192129 0.0237603369026328 -0.343944199082693 0.0890209517216856
-0.0366580511085112 -0.00577077264055863 -0.590706142762054 0.24944461253094
-0.0177917959069882 -0.0406422485858122 -0.718820361930144 0.415764546601249
0.0318081791618372 -0.0524167805417937 -0.747741429088645 0.432591043708771
0.0269524023546886 -0.00450780379416454 -0.642249437775289 0.371930596767661
-0.0393338102138204 -0.0576433824105594 -0.392784332141219 0.359625918350245
-0.00305794991125432 -0.0896801233650102 -0.273309832009064 0.290122739441115
0.0172271745217672 -0.0414519134330368 0.32913846279232 -0.137310851884352
0.00104042769353625 -0.0305694216730783 0.418232994810462 -0.277508428718078
0.0360595308531208 0.025251431133846 0.672429456120205 -0.0192841036807333
0.0491569053456436 0.00447177197624358 0.955723296259023 -0.0604439391701464
0.0340232579435856 -0.0251608007172241 0.865973778525052 -0.193185459224204
-0.0137564249598583 0.00324168169375708 0.580504103636756 -0.176246613657114
-0.0215328102581406 0.0284230390834972 0.242523295288526 -0.07415229366852
-0.0211206514153521 0.0131214902823387 -0.0694090412882845 -0.0246632271458822
-0.0198207013221931 0.0164991622289275 -0.356456649626174 0.109712381402432
-0.0171500957023144 -0.00532337534574534 -0.583452930345654 0.289310705091762
-0.0129879638341061 -0.0276091574213974 -0.678843818641758 0.466897840473956
0.0135075797135777 -0.0460668548619282 -0.684590174765764 0.496603902509866
0.0209336700003699 -0.0189190663595285 -0.597151013577005 0.434194669748822
-0.0236727502162702 -0.0538008526413934 -0.377807511576051 0.381864945121468
-0.00196452991898826 -0.0520161488561613 -0.258775650823322 0.297882536003492
0.0102527017358765 0.0035231022975848 0.324469600069581 -0.124646514970257
0.024451265853023 -0.0184533728821107 0.426950564521346 -0.264878261087221
0.0398634231468018 0.00816368740884359 0.672369077722127 0.0307834523656293
0.0288670328184509 0.00532146103950981 0.967396576307781 0.00909700333674656
0.036821233795511 -0.00548601312789989 0.874304113769088 -0.142658183525563
0.00967616037327929 0.00895303491765431 0.582492990436701 -0.149241770899326
0.00663236801923114 0.020340485047078 0.236596932966962 -0.0627004359601034
0.00476812196197725 0.00562853407449492 -0.0786412278303672 -0.0201565317159848
0.00601072621992578 0.00480467497933423 -0.361432853075883 0.123430715685845
0.00655610165360086 -0.00674686283830145 -0.574254041749439 0.313901528162617
-0.00508997736207862 -0.0146450398446007 -0.651597474136471 0.497892436324078
-0.00518418375558476 -0.0367518424692281 -0.643450095441728 0.532026231084332
0.0101326673956138 -0.0329066007585018 -0.561010818553969 0.470821712197277
-0.0071090698900834 -0.0525673028163083 -0.366389749560865 0.394145182193711
0.00278963810081568 -0.0102693995058611 -0.248139008755891 0.299968811554503
-0.00199746845787994 0.0475711480071179 0.317981280945297 -0.127947898399587
0.0423538092048225 -0.00528107656970068 0.427009778777609 -0.25547077761899
0.043569883091596 -0.00908578648659629 0.678202312652502 0.0441828770910961
0.00863146245245561 0.00272317186063564 0.966053317617045 0.0222461934047617
0.039478360408471 0.0132776651838937 0.873987718788183 -0.124920620386794
0.0344828290251873 0.0152370721922828 0.585663476481182 -0.137428202451284
0.0350298982072878 0.0118199578437847 0.241118681633467 -0.057688297021483
0.0328628589438106 -0.00413320705904159 -0.0770323442733962 -0.0226102692485824
0.0310673084507076 -0.00580222986654783 -0.359037555730572 0.12650920253832
0.0305325083724304 -0.0105888651016337 -0.570874930846896 0.319827705365119
0.00283746896363288 -0.00155577881506379 -0.643442288108431 0.500618895652304
-0.0228645099759991 -0.026671029359553 -0.634137728186314 0.540322719806509
0.000219324747084249 -0.0467361806706487 -0.553249417632278 0.475903618965818
0.00615998134982617 -0.0512779270065811 -0.365835926944363 0.39682165027065
0.00678196990472905 0.0319041117055697 -0.24667811949055 0.295959096143833
-0.01022741042964 0.0847179766207303 0.308412188399995 -0.144879597188162
0.053614109638312 0.0051154243835352 0.418912026090711 -0.252585315127776
0.0441793391769233 -0.0241051756775396 0.690440782343749 0.0116536929114325
-0.00911423535298221 0.000351145871539874 0.955311601042078 -0.0224972332832792
0.041045051864612 0.0262913691481157 0.860889800571309 -0.143916773254502
0.0566940198449735 0.0193537636594984 0.58975987482419 -0.144835106548381
0.060582003625007 0.0026931884447032 0.255159784279232 -0.0597315472859364
0.0569101270086673 -0.0132056557784228 -0.0640274187807729 -0.0290888272204171
0.0542160239903079 -0.0163528639905682 -0.350541815785048 0.119026985911152
0.0513253203122997 -0.011704198624739 -0.57011791621377 0.304276459520761
0.00923292064366679 0.00980167973288309 -0.656213443729407 0.485984200214823
-0.0383142441372197 -0.0207657438511601 -0.660173252813088 0.518875889732533
-0.00653078991325631 -0.0607243684678929 -0.569217858839927 0.457434216570652
0.0186048466064004 -0.047560135921194 -0.372415865674988 0.38990231965977
0.00656801061887817 0.0678139217178963 -0.251272820305416 0.284364028145596
-0.011850496168605 0.106860014587577 0.295916858284487 -0.172564787062771
0.0587808627690538 0.00641054323624278 0.408715444935737 -0.253832159968933
0.0393034574207918 -0.0360372763659188 0.69884602878967 -0.0566108591341911
-0.0213965501681184 0.00168616914050288 0.930516675243414 -0.115187685542384
0.0444594237977956 0.0318211250681539 0.838047517962288 -0.197662204935836
0.0725166982735782 0.0173502915745208 0.594118003249371 -0.169902197330106
0.0794346711926892 -0.00428405452122773 0.275711309104278 -0.070730317409119
0.0747387464004001 -0.0189815158507422 -0.0441936531127673 -0.0404616726605497
0.0716139382802317 -0.022212287710486 -0.337324234980272 0.102415181105559
0.0667859645714027 -0.0095298089361084 -0.572238223170029 0.275227058166971
0.0112700225279241 0.0189888671680982 -0.688987038221556 0.448906961718004
-0.0508883333652936 -0.0216447189977054 -0.710103048794481 0.476254517860885
-0.00596713716367217 -0.0737785506798474 -0.605099657235741 0.410111431750318
0.0272185810977501 -0.0386301231041858 -0.387440899262702 0.372799202375505
-0.00125697298175609 0.0940194319121259 -0.261854497265641 0.266848201383781
-0.00816103637661357 0.111480072276364 0.28088428380411 -0.200834972608944
0.055471263868904 0.000279693240985085 0.397987836708876 -0.263656887662505
0.0291566927170937 -0.0397948133587336 0.697412105398819 -0.14899375236889
-0.0267282720716276 0.00550376371366804 0.884691501651987 -0.227787151917051
0.047632060002393 0.0299011795257651 0.806026213789493 -0.271707994661141
0.0797757340393229 0.0113198140504465 0.596542900521085 -0.209560510585813
0.0864792774129862 -0.0108620525659116 0.297953953053874 -0.089520978153807
0.0822401083329009 -0.0210829722017144 -0.0180130375118623 -0.0545834944652552
0.0814823813419348 -0.0245866915988251 -0.319368623740044 0.0788188111885824
0.0743230544324868 -0.00430858492880293 -0.575933328816321 0.232276876025999
0.007824090860092 0.0246884639690102 -0.730365223935273 0.394539869987761
-0.0569279893583642 -0.0290789998668923 -0.780568879846582 0.399232446905017
0.000945333211912666 -0.0814387857477101 -0.650963074772025 0.332726986057836
0.0287500613290731 -0.0263131384485636 -0.40195633485433 0.346570716435169
-0.0166363422088848 0.106034469835343 -0.275114145779624 0.248782089731847
-0.00512178535039477 0.10002017916428 0.266166839265737 -0.228621657106987
0.0434123939026318 -0.00612609664065542 0.385287603971489 -0.280039597527704
0.0193244788804266 -0.0356437098854095 0.672490530424809 -0.248867230649685
-0.0241786854805581 0.0082788720512278 0.8213610592365 -0.341233394747762
0.0462934745832118 0.0197943523966397 0.764162610484593 -0.346350013271165
0.076146851408079 0.00299264719246713 0.594619165333128 -0.257879925229974
0.0834689171950956 -0.0140355779540021 0.318616439679387 -0.113163465676493
0.0798135978489995 -0.0203719035481025 0.00879800288773708 -0.068169026375084
0.0793586297813127 -0.0202664361681621 -0.295688841926315 0.0563861559321365
0.0722376480387509 0.00243096777826005 -0.57415362083621 0.182592076402988
0.00199262841680112 0.0250834271441876 -0.773382256820491 0.3170604404871
-0.0538626125443938 -0.0431501908356449 -0.855027829012317 0.297037036290139
0.0129266512897799 -0.0812495838635671 -0.692935459589661 0.236886611093791
0.0216834596303686 -0.0157018857985457 -0.416470686632441 0.319039283385893
-0.0326704233606918 0.0974879679404486 -0.289144378460651 0.230627284004973
0.013369616172148 -0.0768756175029716 0.321727684094107 -0.164129985797272
-0.0210468208458688 -0.0326150162013318 0.397978294335162 -0.296598495276199
0.0374505912723473 0.0381424912864366 0.661576029028825 -0.110057777022619
0.0638035934362138 -0.0040455621522078 0.911665133104663 -0.178752808980501
0.0257354055666539 -0.0431948269938264 0.826783725803245 -0.278488879536665
-0.0321759659118768 0.00103144398235231 0.567349698301493 -0.2247165834505
-0.0391973031779305 0.0357566670159361 0.252969380182961 -0.0942511963964296
-0.0420929829161479 0.0207224371257929 -0.0516301531955885 -0.0322979564260905
-0.0406128634947138 0.0249189523179741 -0.340788603163409 0.0929859842649428
-0.0376255704982987 -0.00542299742445845 -0.581122279396098 0.257316734983677
-0.0177837340553596 -0.0390713332466204 -0.705116840354605 0.424184673545261
0.0297231479668093 -0.0517328368548304 -0.733454806694259 0.442527627578784
0.0260342358050796 -0.00516967814695886 -0.63140659651024 0.379771167697116
-0.0400193867077377 -0.0568471951239412 -0.384631290831349 0.362597255427689
-0.00466179343449086 -0.0888627169051835 -0.267065510534469 0.291719875472604
0.0167180149925156 -0.0403835598339618 0.323711682861835 -0.139180327554557
0.00132869666689196 -0.0313398740829668 0.411308867108073 -0.279883850318723
0.0362269044426855 0.0241812968956851 0.666399508916494 -0.0294652698620651
0.0490364466305349 0.00320117857518198 0.946414679303756 -0.0733798795916578
0.0331604498389322 -0.0258874735509058 0.8551385854726 -0.204494069295821
-0.0135853893397066 0.0032935141542371 0.572490600100306 -0.186698383873336
-0.0189927733330291 0.0278384933984852 0.239430238859867 -0.0775872400214607
-0.0203184010869989 0.0140582796295138 -0.0699347508347625 -0.0239552249302878
-0.0190182787417853 0.0158482027393702 -0.351980793756512 0.115156676609181
-0.0167297041597063 -0.00431167811792954 -0.572467401169842 0.296214463764535
-0.0131364874078757 -0.0269945408749382 -0.665813079312955 0.472606755260713
0.0120536252449883 -0.0457417647048907 -0.671974791945618 0.504164407759763
0.0197223034406658 -0.0194003801477313 -0.583580889408728 0.440243619246918
-0.0242012883471317 -0.0527437109406704 -0.368347309821445 0.38191291943676
-0.00289168470366532 -0.0502740689064696 -0.252378322572861 0.299039126044108
0.0111668201133297 0.0038684514731765 0.319757336679123 -0.127824381846981
0.0232050797130229 -0.0201883717316063 0.419663265008444 -0.267706416353557
0.0403569499642615 0.00685628833777555 0.667003026877334 0.01830221299717
0.0296693191805565 0.00434969562811367 0.957149212012419 -0.00603056003791238
0.0365579342882447 -0.00604509741702565 0.865345997076809 -0.1556479350676
0.00935543274725928 0.00860265602224326 0.574992531430621 -0.155255907302928
0.00721362303306576 0.0198814394800815 0.234428418376046 -0.0655238162108586
0.00613863502964929 0.0053186029667828 -0.0776569392365397 -0.0199655711686724
0.00704860932301304 0.00589845006739699 -0.356433856645738 0.128252690619354
0.00680504559877257 -0.00759233810568273 -0.564981147703747 0.320913731350689
-0.00536011789665927 -0.01351029932627 -0.636903677135578 0.500276313168259
-0.00511838873999559 -0.0368271020029496 -0.631694385009878 0.538302709550464
0.009891166086743 -0.0339811647846816 -0.549919193531473 0.475282361072917
-0.00879314985910971 -0.0511774301072131 -0.357786945598544 0.396248757357948
0.0026368992203016 -0.00916177370239352 -0.24211641225345 0.300780024958362
-0.00121406936195483 0.0481789048489047 0.313003819869898 -0.129520353801916
0.0409274631944374 -0.00576618281417576 0.419611264211155 -0.257911366684009
0.0430163343819923 -0.0108521070278033 0.672669270457522 0.0305645640323182
0.00949340423973767 0.00234460306739196 0.957226998030716 0.00599871713516686
0.0389326064843393 0.0120545736189186 0.862459326636137 -0.13667243300502
0.033981929829711 0.0150402792383377 0.576744313463465 -0.145194723397382
0.035419027044776 0.0105660438000058 0.237999297480208 -0.0610659087010927
0.0318764458278841 -0.00368629664378393 -0.075367683149921 -0.0202238170934637
0.0311537281114875 -0.00695979774085631 -0.353490125616153 0.13090877357188
0.0298786356287464 -0.010810415847471 -0.559629272284845 0.323488615102212
0.00359838728509693 -0.00217284814406572 -0.630494323324428 0.508702996556117
-0.0232358355884303 -0.0262391115769058 -0.619970996435663 0.543948757582448
0.000148626639399001 -0.0476979285667919 -0.540071992192248 0.481345524989572
0.00521358280448548 -0.0510965978455401 -0.35590899481555 0.39934192121816
0.00721831695279761 0.0319016334309772 -0.241246931152537 0.295261823536058
-0.00898573220529941 0.084921742235311 0.304114579581841 -0.14730500467418
0.0534086641639483 0.00381163000452078 0.413399537369075 -0.255278168362257
0.0443143758504437 -0.0254984883284127 0.684179315432044 0.000859449458297167
-0.00867653820650631 0.000190153220044472 0.944038208351364 -0.0385285195321177
0.0412503363844821 0.025730856632796 0.850442917020061 -0.154710825326801
0.0558049124671753 0.017918061423529 0.581442369355725 -0.151970717983782
0.0609349633637318 0.00235281392247746 0.251225660971007 -0.0640237374748153
0.0565030295283063 -0.0133024067474811 -0.0636771557301516 -0.0278415745264288
0.0535296968100973 -0.0172759021028571 -0.34550310857821 0.123566481490639
0.0504942976604066 -0.0125302204865168 -0.558444187396674 0.311303674074932
0.00905961019019268 0.00996331614867996 -0.642783094557381 0.492167649170406
-0.0385980381616421 -0.019863848265157 -0.64544733913129 0.525248999798502
-0.00683178972097397 -0.0606096288892988 -0.556250026937886 0.463994291510867
0.0170549973038399 -0.0474785105384573 -0.362716054546255 0.392356146449475
0.00738542496529855 0.0684953907382948 -0.245333400631698 0.284551344108935
-0.00997192136010207 0.106424921644172 0.290653274394371 -0.17386716946295
0.0580877516524337 0.00541493959989177 0.402124558731726 -0.257580940727114
0.0382693686040826 -0.0359064891428281 0.694720191445304 -0.0677532685092979
-0.0209029234453586 0.00169926469937966 0.918225343963884 -0.127641255223897
0.0446853028635727 0.0307748523612168 0.826306337200023 -0.207199971038624
0.0719509704535877 0.0157494389110088 0.585966406944896 -0.17604484100422
0.0783503514229036 -0.00633291406425633 0.271686153340829 -0.073521509541806
0.073580851159583 -0.0192574364089008 -0.0435229655008135 -0.0379639761226
0.0710278191442239 -0.0231135089253253 -0.333036214550672 0.106886915788903
0.0655762982727384 -0.010710585264933 -0.564053534515723 0.281176850175463
0.0109114717849272 0.0189632933723685 -0.67542661026306 0.457213833764976
-0.0508474703450273 -0.0213226927123019 -0.696750883403716 0.482596813976197
-0.00685569913204428 -0.0737442060599604 -0.593208450472816 0.415334813688237
0.0260958733724187 -0.0386082016845281 -0.379578773860969 0.374721562377656
0.000177040841126436 0.0935196853960064 -0.25590858833648 0.269673285562421
-0.00617067703011859 0.111271827879286 0.276858086476728 -0.202714187426033
0.054653119103941 0.000448359342619495 0.390617740127955 -0.265990223246468
0.028257462681193 -0.0403424631030147 0.687152333189012 -0.15968960417643
-0.0258419754214759 0.00588817489558444 0.870992020015515 -0.238585609660737
0.0468607371197541 0.02809367449536 0.793052915597683 -0.281929127907577
0.0786287438296634 0.00890001803784907 0.585932659219689 -0.218748850761554
0.0860812691542709 -0.0121136699141428 0.294321622649233 -0.0935607654719088
0.0803279712750471 -0.0225526477674628 -0.018940004881535 -0.0532065996250473
0.0796514563886143 -0.0253925885816491 -0.314767690597032 0.0840799982815427
0.0733691605784804 -0.00535438269678803 -0.567668970972021 0.238213950316309
0.00861257195554108 0.0247554384249796 -0.718117553865138 0.398066766955296
-0.0575924646878776 -0.0294009307749926 -0.768983934147248 0.408256002855534
8.80056466249311E-05 -0.08088815033619 -0.641468887005656 0.340903844730413
0.0268265226485525 -0.027340071706465 -0.395566023378196 0.351113706337668
-0.0140030162567029 0.104380078452288 -0.268469792966073 0.25130368149119
-0.00303892920227025 0.100024213848023 0.260642961728736 -0.227886157756699
0.0434241186933919 -0.00647278290553809 0.377456350248034 -0.284145422729779
0.0191458667120337 -0.0352366218889283 0.663504577132541 -0.256038181448367
-0.023245730318821 0.0085911516509031 0.807812109765277 -0.350889334716259
0.0470710973105719 0.0185035779199628 0.750771193404136 -0.35536578788912
0.0748894361846756 0.0015243266407253 0.58341235816202 -0.264964856034874
0.0822861986042837 -0.0152787442709748 0.313837294964346 -0.117405683610986
0.0781015835729996 -0.0215021684432242 0.00807152121045261 -0.0666328193385492
0.0784014182877602 -0.021567729795889 -0.290938182138827 0.060031675380878
0.0711820910449826 0.000847993838461944 -0.565416039085275 0.190330821175812
0.00295173616984287 0.0247290330445401 -0.762475103285865 0.326174552008177
-0.0550515445415743 -0.0423034221054512 -0.841910572806388 0.307611657284866
0.0118172635276462 -0.0813629675291771 -0.682794146810089 0.246046479156619
0.0198961008355396 -0.0155255320613743 -0.407730388767284 0.323701288225683
-0.0304152515349188 0.0966404787786795 -0.284022117493691 0.232982454059229
0.0123141947706622 -0.0754798003379037 0.316755782747634 -0.164887927291903
-0.0212884219924833 -0.0318248250475117 0.390733633319855 -0.297331935001297
0.0372693496027237 0.0362527893556516 0.654593525058767 -0.116014380866249
0.0648134783042728 -0.00430248631869243 0.899808428464895 -0.186254390832942
0.0248973713760572 -0.0432912267661919 0.813876163989031 -0.286618533194843
-0.032181250793232 0.00152456790870336 0.559699120626647 -0.230565271585729
-0.0386134006640006 0.0351045799259898 0.24855607995249 -0.0966271550879114
-0.0410996229702134 0.0209915374511792 -0.0515494639500271 -0.0313301437974782
-0.0397794617442998 0.0246962888236014 -0.335812694327034 0.0981671122671396
-0.0369631256881221 -0.00470486834714662 -0.57118093649859 0.261909796809856
-0.0188049751387267 -0.0389090912805404 -0.692297674038849 0.428939297829401
0.0292042742531042 -0.0529009516160171 -0.722575555374977 0.445289180484197
0.0255376899966347 -0.00577982959588996 -0.621934707925375 0.384356403918604
-0.0410284120666817 -0.0548449083522241 -0.376264478983073 0.362260591918936
-0.00445041570689764 -0.0868948151813832 -0.261326977035679 0.290513375318502
0.016783368872268 -0.0399189644542534 0.319234164899753 -0.140990377888246
0.00150933536460751 -0.0307892267697492 0.405739207197809 -0.281677213835143
0.0366127852285752 0.0227258397874439 0.661472935290233 -0.0401654252583818
0.0491409285561665 0.00364290941416464 0.935267568564316 -0.0852891543275319
0.0315992045555114 -0.0258384016933405 0.843347618272291 -0.215022317607723
-0.0148598949010551 0.00316091552698401 0.563757283986348 -0.191413977108638
-0.0180831099515452 0.0283115719286657 0.236018369997271 -0.0793153863873182
-0.0205028942183611 0.0142555057833936 -0.0686453415980192 -0.0220611830292145
-0.0186258223233801 0.0161593976373857 -0.347256654816034 0.119182039471511
-0.0171155290340943 -0.00438160191531029 -0.562617608719039 0.301217149772501
-0.0134723854133007 -0.0266812851405774 -0.652557284087587 0.47696407794558
0.0117383944927297 -0.0463307302804014 -0.658346649205444 0.507298575649132
0.0192391896262693 -0.020686693833749 -0.574371100169234 0.445794089868798
-0.0252092028866561 -0.0518442522537361 -0.359771605986797 0.382721780557941
-0.00222003764059097 -0.050183102656713 -0.246477435916862 0.297806785783195
0.0104691667522855 0.00360490481228323 0.315281638097536 -0.127638443529593
0.0229801010379645 -0.0197737799136732 0.413833044438019 -0.269110891496802
0.0391752067058488 0.00683655764842146 0.663668594937678 0.00958603293405257
0.0299237969421254 0.00394037196181027 0.949487176238161 -0.0181398203901718
0.0361046197822732 -0.00720722239854077 0.85423705639574 -0.163859077161126
0.00884397348287961 0.00832707801025283 0.566465275800218 -0.162553790979998
0.00721081505744097 0.0190022432047115 0.230510201792688 -0.06782068048617
0.00536506735320921 0.00512553331009776 -0.077038144314177 -0.018867235292626
0.00657945233146226 0.00466661802170134 -0.350962213917201 0.132420299106349
0.0057188335465221 -0.00743457293367619 -0.553745702569333 0.324587876202171
-0.00581224010083412 -0.0133763461809098 -0.625061923226115 0.505972785612819
-0.00625482173515091 -0.0361336424814267 -0.618320432195241 0.540877135546999
0.00899270143249314 -0.0339185368870664 -0.539346242203696 0.480636448652269
-0.0104575578566979 -0.0506408508083328 -0.350374626471646 0.397025432459463
0.00269231853796975 -0.00862744213612549 -0.236940651338081 0.300251362127061
-0.000148106336038302 0.0475047907862441 0.308229509661008 -0.130467155899505
0.0410633319172299 -0.00600022157435204 0.412853193658794 -0.260167162329657
0.0428918410962094 -0.0102551544393914 0.668444374092982 0.0210375304440056
0.00937067631631577 0.0017740233656042 0.947730511789507 -0.00409164072960331
0.037822271247647 0.010797831375103 0.8511371134385 -0.144972132026385
0.0336976241236955 0.013986880058157 0.566908164142793 -0.150958850194837
0.0352148930528595 0.0101903826042842 0.235427530431636 -0.0626883682836466
0.0323625696692534 -0.00474852408753001 -0.0749455083000189 -0.0193573260767721
0.030768810725388 -0.00696279803280207 -0.349112300181516 0.135996829308
0.0291253779583219 -0.0111059174465882 -0.550210461328112 0.329301002194343
0.00314348255938788 -0.00222425694970661 -0.615033304451197 0.511604677782175
-0.0227986093087833 -0.0259381186098747 -0.608323250137402 0.548043643297664
-0.00053049992176552 -0.047656245163298 -0.529928951574838 0.484608668359557
0.00367628051178706 -0.0498263764495368 -0.347552365031069 0.399718089958699
0.00869101257751369 0.0314792329437178 -0.235861069313575 0.294884334025322
-0.00705703782455029 0.0836812323973644 0.298936353343146 -0.147859280293778
0.0519565279513717 0.00393658210049082 0.406318441461015 -0.257664679340352
0.0427717686642202 -0.0256864143170454 0.677179263835821 -0.00911259555255697
-0.00721253782912236 0.00136128423144487 0.934781000889387 -0.0490617426449764
0.0409348285110244 0.024086911272143 0.839982631649942 -0.163507813630699
0.0558488157928623 0.0163711101602741 0.572964101524589 -0.159198862454422
0.0600067934739527 0.000861618443048613 0.248433824358158 -0.0666088186867579
0.055093491123097 -0.0142414414839469 -0.063085491665703 -0.0269743019962189
0.0536118946357482 -0.017944396759411 -0.341100453937033 0.127063410611646
0.0502068859569827 -0.0133810974700258 -0.55041648332697 0.315995436561575
0.00866050865223916 0.00980960433610886 -0.632188517561856 0.495689025477697
-0.0375412201160394 -0.0196102418486247 -0.632041202129409 0.529787017935691
-0.00727945840924144 -0.0600665556717324 -0.542427086933896 0.466214249063278
0.0157510781853863 -0.0460589790295651 -0.355770143345108 0.392448284982858
0.00847126541170893 0.0672995233066147 -0.240239714837385 0.284283791226365
-0.00890915217737503 0.106237941327429 0.286126069048286 -0.174415672215775
0.057191679115358 0.00423956395472239 0.395062808167257 -0.2594033797628
0.0370698652575803 -0.0363514882155192 0.686507296455181 -0.0742088210956004
-0.0203248730871702 0.00245615653985714 0.907233619761059 -0.137631265797897
0.0443025355122733 0.0301680341887896 0.814152840558234 -0.216366590262434
0.0706183129249219 0.0150634075994866 0.576465181286189 -0.183532572474569
0.0779384051167752 -0.00705890098684103 0.267130891414098 -0.0770222072574673
0.0719459995514185 -0.020494112763394 -0.0441618087720103 -0.0381583787863805
0.0699362523721934 -0.0241375326636453 -0.329179793959337 0.111216340980417
0.0658063633873965 -0.0122782156747328 -0.553953026071828 0.286739361062266
0.0112110494650848 0.0191724937384353 -0.663199192431894 0.460408359813507
-0.0513983561260257 -0.0199259407054907 -0.686300548873673 0.486820289501176
-0.00804461135931381 -0.0729272884354264 -0.581920154446614 0.420768914747209
0.0246384331259048 -0.037614880318253 -0.371094757580447 0.376324163911846
0.000867618758120296 0.0926708626686888 -0.251522120824998 0.267950532003912
-0.00460214777155656 0.110724899251365 0.271632435267665 -0.201341721760463
0.0541052313272529 -0.000394383334104683 0.384124415274867 -0.267750264023559
0.0272652641311728 -0.0407663769454773 0.679151448169075 -0.168338323381008
-0.0252682010572577 0.00570252171505732 0.860677298392276 -0.247537244375258
0.0466794439037624 0.0269761094066421 0.78081077441755 -0.286340763628191
0.0769670129516577 0.00833326474716333 0.578055445026294 -0.222387701922373
0.0852358101226646 -0.013934549347055 0.28980044752644 -0.0970073188343576
0.0794076187814147 -0.0231658029791503 -0.019058839444569 -0.0526449854593993
0.0789202568168066 -0.0253905619278928 -0.310890914321693 0.0877636226876841
0.0726626799438339 -0.00662347105716615 -0.557210758183573 0.243918092378169
0.0086894598484867 0.0248451262105427 -0.706955812146087 0.404734629445304
-0.0573481314531542 -0.0278065007003737 -0.755652271956362 0.412804048661812
-0.00123066512817902 -0.0817122784107286 -0.629537410758481 0.346468727984048
0.0261952734704624 -0.0260764897322881 -0.386925217903178 0.351447840371869
-0.0121523455187313 0.103335828329943 -0.26400003901591 0.251274592500953
-0.00228489465117607 0.098338869422947 0.256028657997735 -0.228290145344197
0.0433512137409758 -0.00692497872046469 0.371473193576617 -0.285184320883203
0.0177259848680617 -0.0351655075507845 0.656013492799665 -0.264105717598208
-0.0220944511682225 0.00858021426555636 0.795443912996671 -0.35682281202442
0.0460208764177433 0.0184609681105571 0.739232861779725 -0.361817117448246
0.0736659410381383 0.000433619816023134 0.57463252414509 -0.270496284652618
0.0817525163965589 -0.0159536242165569 0.309009513050098 -0.120087822884838
0.0769066612261625 -0.0218242351428668 0.00726473479124282 -0.0655320273972508
0.0788384192671435 -0.0226502326532574 -0.289739989616605 0.0641919720939436
0.0708264810217257 -0.000155204590976524 -0.556965703068636 0.194087501099927
0.00278429139049299 0.0249448105480025 -0.749908156786827 0.331362184109865
-0.0536770221489543 -0.0398844471001465 -0.83019050028005 0.317909032130748
0.0108501604761014 -0.081466179366431 -0.673606161973118 0.25306907392817
0.0190484521403127 -0.0150363064813443 -0.399338521463764 0.325218126738623
-0.0292591518867764 0.0958962688757278 -0.278523945779925 0.233224725022806
0.0126068450704982 -0.0741884491780684 0.31167667453979 -0.164704296206697
-0.0220943588365977 -0.033023490356899 0.38580870687294 -0.297269535006428
0.037421507121399 0.0348279581695113 0.647734364912623 -0.123201167744728
0.0637982341718956 -0.00476513097616017 0.889480323608936 -0.19476746861901
0.024356339657378 -0.0428840704274781 0.802538436276603 -0.292299234031721
-0.0318558070250618 0.00131225295427908 0.549165527819356 -0.235087503567446
-0.0359954895458076 0.0348917895952938 0.244850313658614 -0.0984678370379957
-0.0399171490602806 0.021518803860721 -0.0514330201601836 -0.0302690479912955
-0.0378170962849238 0.0249862994784336 -0.331634050356533 0.10091269185737
-0.0355116359590991 -0.00412024238525813 -0.56120647729374 0.265873246527865
-0.0190614918125153 -0.0381936675744271 -0.680054884929065 0.433307085865904
0.028426709542186 -0.0524198179957282 -0.709474153007364 0.449387022442225
0.025039469445977 -0.00645365915994196 -0.609583129803794 0.387890268715229
-0.0412533487723942 -0.0535696389758419 -0.367136719775824 0.363100732065245
-0.00493873280731137 -0.0840326942758709 -0.257187210072215 0.288650810709191
0.0159942031530526 -0.0395004817352675 0.313716551158527 -0.139834852001601
0.000664843020495142 -0.0308429297689528 0.399075192408721 -0.280281119548555
0.0363690626273397 0.0214813028398492 0.655455379342699 -0.0448486234060446
0.049160387524951 0.0026757494008205 0.921264572809544 -0.093385391925563
0.0312665585753927 -0.0264231230977658 0.831447498442075 -0.221342237335735
-0.0139811977300112 0.00248281345474729 0.555059730328073 -0.196286132992425
-0.0179762499241101 0.0262519869804264 0.233137185034726 -0.0815280566247907
-0.0197785389725795 0.0142268950206486 -0.0676746474941008 -0.0206919636542102
-0.0169592995912212 0.0170320314822278 -0.34245054985676 0.121420642710801
-0.0168452209807229 -0.00452846308653194 -0.551932519636071 0.303491111570386
-0.0133314524413081 -0.0257005382825156 -0.639851742207439 0.479703053382172
0.01064450059903 -0.0453800786914568 -0.647210892074925 0.508461785578063
0.0192234244565984 -0.0212878651496968 -0.562334222235416 0.445597843171375
-0.0269140701971893 -0.050279962839287 -0.351927194199169 0.382889738581924
-0.00292561761137978 -0.0478738664529794 -0.242114558616071 0.296522948640287
0.0104263326733218 0.00411265436296706 0.309816330154811 -0.128351905914009
0.0230586102601868 -0.0200702898715347 0.407643528004185 -0.270010972904192
0.0393412056309792 0.00548431342585518 0.65650554074401 0.0019276891196722
0.0291964582235705 0.00544651648402857 0.937845237538345 -0.0268138448659041
0.0345397473413604 -0.00747150256439739 0.84319296954819 -0.17085687278071
0.00880826440694353 0.00756855918723383 0.556320029471058 -0.168144142477218
0.00741831613581405 0.018301053770409 0.227800999343429 -0.0700459260221344
0.00487402522870019 0.00473408982946277 -0.0760155909005908 -0.0168474971858038
0.00687428775917743 0.00502349248407998 -0.346094502082703 0.134772202261779
0.00608979123900238 -0.00757338792716292 -0.54250329736259 0.327193689406036
-0.00555489686760771 -0.0140408535787332 -0.611992578706181 0.505966695139683
-0.00643904516975382 -0.035212062874052 -0.604090751071601 0.54138491161377
0.00856995381429265 -0.0346791593776856 -0.529115440603913 0.481139955751168
-0.0111386813834907 -0.0499396991805137 -0.341901337573941 0.395649660008878
0.00319579231041041 -0.00783625770796558 -0.232665414928954 0.298366320517346
0.000535845314328041 0.0477231401710701 0.30346764847188 -0.130578475917492
0.0397454315083889 -0.00630629974656072 0.407395837410935 -0.260656551704939
0.0417100375868358 -0.0111924750785054 0.661786281648474 0.0138160674267893
0.0104357765932842 0.00175041385279134 0.937464780271013 -0.0135683286937952
0.0380047151402437 0.0111345278965217 0.840849353383968 -0.153447047731077
0.0326295103385901 0.0130258321283838 0.560734494037101 -0.155538300145779
0.0351577406419686 0.00832332209903894 0.231696119405214 -0.064883161105013
0.0311070685589595 -0.00610701046982713 -0.0746721725445822 -0.0181872589083077
0.0314105119244923 -0.00747383234105814 -0.343915419089056 0.137131989341408
0.029248598310378 -0.0113452367671597 -0.539392015924635 0.331634130432869
0.00217228212282951 -0.00169497951981337 -0.60374291249111 0.512511964255763
-0.0232904327082011 -0.0254626267983617 -0.596281525283658 0.548191086258212
-0.00209137158039556 -0.047288895759115 -0.519422440310287 0.485973697556598
0.00240132435172924 -0.0486359309134643 -0.34059125470532 0.399870968810727
0.00869724450620879 0.0318431045355157 -0.231017417951074 0.293492077350839
-0.0058091616778112 0.0843306804297575 0.293902863807064 -0.14836854247798
0.0510890638423797 0.00278496508446524 0.401217209088347 -0.257943775692626
0.0420269645537804 -0.0262120219028538 0.672022158513671 -0.0170068654456931
-0.00702554260411979 0.00114568803986862 0.92154512484013 -0.0578392805567278
0.0401039091229913 0.0237317822197667 0.825856739495431 -0.17070515291786
0.0548540298339458 0.0161922547317733 0.563846281823565 -0.164219168378115
0.0603691438166972 0.000104804728887353 0.244078419588581 -0.0680005821708724
0.0544110405699878 -0.0145519719916283 -0.0631987499078901 -0.0253566041227375
0.0536456923342188 -0.0185272737757913 -0.336717750179472 0.130212238682854
0.0493492143955363 -0.0145981706414896 -0.540132943674075 0.319456650101168
0.00883392990728043 0.00991709304285788 -0.619037857432231 0.495988756715309
-0.0374208940347327 -0.0192890798634522 -0.620547339471014 0.530570270647754
-0.00746609796632686 -0.061136220736769 -0.534355096497951 0.467197714959725
0.0150797022969054 -0.0450719951369424 -0.347979768053238 0.391338316996251
0.00949532967870637 0.0665133599880521 -0.235564766915524 0.2826618963347
-0.00745744005680989 0.104937998162879 0.281856879729091 -0.174219868865727
0.0566366499787474 0.00371789583945841 0.389279964623333 -0.259852095196641
0.0369222268782197 -0.0368555930845462 0.678577553763028 -0.0829407357252499
-0.0180475777216943 0.00182918279519328 0.89458837266324 -0.144333568210142
0.0435956438728267 0.028765146512878 0.803540140617997 -0.22386346885003
0.0696728021538503 0.0131210924796677 0.567674218172454 -0.187854680235743
0.0773425458058053 -0.00840947123185187 0.263799743845865 -0.0798801367771076
0.0711654976627624 -0.0210543179035505 -0.0431848883827 -0.0374004009555908
0.0698359196551336 -0.0252754127528816 -0.323018711747841 0.11320181079933
0.0652330921125444 -0.0129129656127665 -0.543288820922287 0.288644662802736
0.0119138432004569 0.0191837489808165 -0.649203455076795 0.461454038475007
-0.0495787568882092 -0.0189297383175516 -0.670548571030575 0.489336762837908
-0.00859463962767784 -0.0728492071861257 -0.571389143519163 0.420997809810895
0.0230692503644239 -0.0369138861577499 -0.362733315370274 0.376511414815289
0.00202952540173507 0.0923368399531989 -0.245891458089745 0.268078907982821
-0.00312478181407506 0.10920444253229 0.266790183799969 -0.20199495518901
0.0537395064483663 -0.00119169849099387 0.377570238619458 -0.267962493054675
0.0267947155097284 -0.0402243488966564 0.672128691865708 -0.173530626058637
-0.0241869417346662 0.00689436007320118 0.848993103360378 -0.253946301285407
0.046150550658731 0.0262089637675411 0.768386083711498 -0.292808036844496
0.0766268178616129 0.00695908107338801 0.568931335382139 -0.227767949069514
0.0842794397749574 -0.0157557924720701 0.285878052761034 -0.0990306135412833
0.078826169823744 -0.0236998183239135 -0.0186857570360767 -0.0503195005331382
0.0777840494884813 -0.0264056015517849 -0.30587589349631 0.0916453300465454
0.0714267748445861 -0.00689215602980496 -0.54968930489412 0.247197149155875
0.00927243227404796 0.0239754928984745 -0.694354748262162 0.408332126155178
-0.0558434102897686 -0.0276222791566109 -0.744714275888062 0.416884535733334
-0.00172905661025527 -0.0808212941453395 -0.619427071929022 0.348734089096851
0.0254528517481618 -0.0254444201254101 -0.379586462875153 0.351294629894503
-0.0119397686353442 0.102649521124986 -0.258124399455275 0.250829603158339
-0.00100209698414166 0.098345545566309 0.25206622781986 -0.227792557259141
0.0412452446168885 -0.00696795707831082 0.364438702043876 -0.284941435350794
0.0175756777836427 -0.0357568902126654 0.645765853919504 -0.269032885320547
-0.02173788140281 0.00914391719235818 0.782854522407499 -0.36217198002767
0.0457012267584394 0.0175339920224311 0.72668829840027 -0.365255002990163
0.0719584153509809 -0.000905626176396477 0.565184511616021 -0.27394177475465
0.0806627592232332 -0.0175328382627857 0.303596118527661 -0.12271079245684
0.0761594633242249 -0.022915341004621 0.00604257971935189 -0.0652448909108263
0.0770637106411414 -0.0224368866404429 -0.285359283346789 0.0678953010108922
0.0694650950566849 -0.000368770329255391 -0.549793544661031 0.198840623641268
0.00279719018334138 0.0245355213707309 -0.738394963796289 0.336553812539426
-0.0539257964240768 -0.0406343253536793 -0.81917952043613 0.321207748739328
0.00923328892385843 -0.0800708606250134 -0.663042113365791 0.257189046501138
0.0186199498422685 -0.0141265317263007 -0.393008488023968 0.325706301043073
-0.0276828328433567 0.0961015326325742 -0.274284754349503 0.233091839109176
0.0117540807498272 -0.0734040683509943 0.307667656564527 -0.165362060025264
-0.0212702933370639 -0.0321119902161406 0.38010792306615 -0.296603205793035
0.0370705688009486 0.0332138940401493 0.641473130590415 -0.128733993217009
0.0631306377847263 -0.00493842141828692 0.877580571197768 -0.200827145149194
0.0231533010479611 -0.0429988069899133 0.791013252196351 -0.29559739409897
-0.0321129177108864 0.00199311463012593 0.542389450821181 -0.236658807516196
-0.0356066336986167 0.0343681102906641 0.241576400627284 -0.0990198762894424
-0.0396884081269376 0.0214355692940852 -0.050680246090536 -0.0297582588130502
-0.0372636245183726 0.0250376154752693 -0.328033643223361 0.103448814175766
-0.0370623173080537 -0.00331071449749525 -0.552470788839383 0.268944689196296
-0.0197956171121895 -0.0374532041139097 -0.669366957465181 0.433112005907473
0.0277249715081012 -0.0517046413754438 -0.698026017879435 0.450656803270124
0.0243959386294988 -0.00807793133628849 -0.600963773125879 0.388465050155709
-0.0418252153700788 -0.0523984107722656 -0.360420206045405 0.361938936795251
-0.00523072486639139 -0.0837955222849788 -0.252793720378804 0.287317170868664
0.0163337904978506 -0.0386944819475804 0.309699703730165 -0.139802281894601
0.000557399064899836 -0.0303679090512421 0.393463462202655 -0.28008396805824
0.0364678065913981 0.0209971650998502 0.647658932738684 -0.0508228719165368
0.0485651889579719 0.00270787566594697 0.910432283898006 -0.100532233356103
0.0303292710190321 -0.0265063882662728 0.820157152395979 -0.224196209180867
-0.0139683731613322 0.00313471944330958 0.546057448416359 -0.198002631688651
-0.0163099610749279 0.0261785705275941 0.229714707367109 -0.0825622107336856
-0.0192288550789616 0.0139358633299859 -0.0672341191116967 -0.0201891432973668
-0.0168110552444226 0.0164330571157289 -0.337853405953552 0.123253417691935
-0.0175294221399403 -0.00403016623962446 -0.54342949257356 0.304146350452013
-0.013956107827741 -0.0258642005597821 -0.629180191451321 0.47895449007144
0.0104370498929112 -0.0448480509241069 -0.635910715839762 0.508440245821141
0.0188170819265408 -0.020957443215396 -0.552487731119371 0.447061173979193
-0.0265713140024573 -0.0494774050614722 -0.345853111186848 0.380469571920356
-0.00286314453947477 -0.0473543944622343 -0.238537021171078 0.294946295149055
0.0109610158399215 0.0042383268290146 0.305943166952934 -0.128017930447996
0.0226285037194926 -0.020914938729678 0.402305231267813 -0.268976374030962
0.0390115539969743 0.0051604944682561 0.649767356364259 -0.00386301181444206
0.0301765747015495 0.00392625313153804 0.926960070464231 -0.0334648857267951
0.0348921143697788 -0.00731191850643815 0.831626747349848 -0.176682606596558
0.00811937699103376 0.00743621699954494 0.549252668335519 -0.170097255070801
0.00865907634867416 0.0176341517143993 0.224653450153819 -0.071001860366147
0.00578394692855856 0.00556883468361552 -0.0749292694013476 -0.0154114761847087
0.00758552760069378 0.00493591037467139 -0.341394596776997 0.13725707717357
0.00596952770638392 -0.00690625619676718 -0.535897936317958 0.327376963826013
-0.00530045625809472 -0.0134097117186282 -0.601164979225333 0.505385181569044
-0.00758722098490261 -0.0347807660859552 -0.595139118977043 0.542212475109306
0.00818647809019722 -0.0349181606875959 -0.518849509994142 0.479965959896775
-0.0118214951037028 -0.0483992559945039 -0.336367521984859 0.394416862560079
0.00341067994120297 -0.00737812622527257 -0.229026637030346 0.295751912048422
0.00100254720488884 0.0474005869842789 0.298999140753197 -0.130006655267289
0.038245223214049 -0.00728228204598256 0.401286267402898 -0.260511322766782
0.0420731957472516 -0.0122562631806589 0.656959075745067 0.00676451520971091
0.0104375780097542 0.00145214397480195 0.926543487134253 -0.0218126169582932
0.0380817669176969 0.01101243848739 0.828997960581581 -0.157124369783501
0.0321767603545077 0.0132517014117278 0.551070961441224 -0.158784304040146
0.0352343591113172 0.0079190532798309 0.228293179253965 -0.066846393677301
0.0312570750584386 -0.0057077864465041 -0.0735485448158038 -0.0183424493689953
0.030515521406107 -0.00771619756239651 -0.338317711281883 0.139969675410212
0.0285920302176857 -0.011304610555264 -0.530089107013164 0.332288429646326
0.00191062437588844 -0.00159806757169156 -0.593337450194654 0.511856892188659
-0.022705249769821 -0.0241124186951553 -0.583772177733822 0.547669976949044
-0.0023944757538208 -0.0473711393293951 -0.509478441506734 0.48573583267729
0.00215969498655331 -0.0473268171791188 -0.333351031884524 0.397244452156613
0.00951493574441695 0.0315623641850021 -0.227842750008861 0.291990003797619
-0.00568872065645876 0.0830151589053536 0.289420767976479 -0.146444346010782
0.0509088619583201 0.00219060874955538 0.39587810347177 -0.257113267213913
0.0412164530410555 -0.0264115115303902 0.664337356722357 -0.0225794769292599
-0.00596846367685872 0.000622380978249583 0.911984165936935 -0.0629947101614909
0.0403454800341941 0.0235375479627092 0.815867667231869 -0.176343057650748
0.0531249751350915 0.0158104300187285 0.555691047913975 -0.166193692291542
0.0598468214240037 -0.000830387209680264 0.24099596747971 -0.0689573897851352
0.0540103794198157 -0.0149025718809011 -0.0620594292122525 -0.0247536280143051
0.0525117217595493 -0.0187767180247899 -0.332007264907536 0.131766854976663
0.0482941526034014 -0.0136472625697171 -0.531073913415475 0.318982433540589
0.00875071013946304 0.0099937884114088 -0.607593220798504 0.496116403220758
-0.0368297519166295 -0.0179249196123235 -0.607788362073104 0.528799432597597
-0.00867434052408682 -0.0605789761815959 -0.526583868994027 0.468611437320918
0.014118140859082 -0.044093542134617 -0.341389296350077 0.390467252142271
0.0100958393782795 0.0660194618875713 -0.232996747047342 0.281280410306128
-0.00670624347965015 0.104690083115147 0.278059117731788 -0.171926948654825
0.0557130295841451 0.00329910064854978 0.384329119583291 -0.259293411509323
0.035912401680804 -0.0371268869798616 0.671570738885321 -0.0886337161726912
-0.0183597684771839 0.00244459688027892 0.884364688277365 -0.151116260120011
0.0434179293164871 0.0283900306140962 0.791812610222699 -0.22683270427434
0.0687135225487405 0.0136571226219933 0.558485773510238 -0.190389119750472
0.076459433374879 -0.0097956706817366 0.260119145743163 -0.080999769811346
0.0707291362259364 -0.0210355113332444 -0.0424953723610237 -0.0358032218259885
0.0687349684649551 -0.0259706935653403 -0.319477748096271 0.115843870031776
0.0633244175005721 -0.0132190621583815 -0.535399768197727 0.290319572041879
0.0119621287009895 0.0185143905675769 -0.639653893708451 0.460943476740333
-0.0494319705801733 -0.0187593785234946 -0.660845630365583 0.490106053090464
-0.00932195909078039 -0.0724637967241399 -0.562629124976223 0.422072694104504
0.021919679122134 -0.0361996723516898 -0.356408791703031 0.375452369544312
0.00256883698305972 0.0910060987954266 -0.24185004044281 0.267123065140088
-0.00319479789822106 0.109412549714129 0.26313278804486 -0.199756772095053
0.0526142575703677 -0.00143568626456915 0.372478877358259 -0.267921684200843
0.0266040039086287 -0.0407911776368393 0.663226938304346 -0.177180007418818
-0.0232607282964891 0.00600842056212979 0.83655098053922 -0.25946082913786
0.0463541928356847 0.025413729951846 0.758301472333536 -0.294997016432248
0.0760401524767682 0.00634775685000572 0.559503560163321 -0.230354992506405
0.0838716645951598 -0.01625617501497 0.281193930615202 -0.100989877720585
0.0774681463244914 -0.0239307519219964 -0.0186647470835297 -0.0497578072876703
0.0777377440762744 -0.0275194613125862 -0.302278610870304 0.0928502162117581
0.0708307140075226 -0.00787496353267517 -0.53939531918929 0.248677428215687
0.00902374690952867 0.0244379779445167 -0.682651006684774 0.408478096929024
-0.0561369836708636 -0.0272029220088393 -0.732197551285411 0.420008125348043
-0.00216104016436186 -0.0815356062915298 -0.610265069835082 0.351685508167393
0.0239572779626002 -0.0253280678039476 -0.371972964880242 0.349651678037171
-0.010558818994383 0.101350403054717 -0.255382203394538 0.249816121868013
-0.00023327392250558 0.0972260109365046 0.247653146359137 -0.226199592558639
0.0408483965469799 -0.00749751229580775 0.360516630157243 -0.283945367305193
0.0172504512875116 -0.0361506156899621 0.638203706550947 -0.271943834596747
-0.0201908550285819 0.00789023470181476 0.772191194455546 -0.364238964955104
0.0448597649133759 0.016836551396222 0.714079680509426 -0.368373200659571
0.0707525661770436 -0.00051299259063687 0.554161564350864 -0.275634037430779
0.0797445770578506 -0.0187387899987441 0.300412343931535 -0.12358516829652
0.0744119672451181 -0.0234382701323971 0.0052646652238976 -0.0644943457650929
0.0768091058232096 -0.0228054873562765 -0.281356713943619 0.0698573056193698
0.0677791471356453 -0.000115540099874422 -0.541296674053532 0.201048065228717
0.00377520990962407 0.0237913858330172 -0.728219613708853 0.338186377725195
-0.0536014803270251 -0.0393349707786107 -0.806111540432876 0.325658768347577
0.00892601904786162 -0.0811164146419235 -0.654459763551868 0.259043305980592
0.0176831691894339 -0.0131413312801496 -0.386693991852496 0.32398008498682
-0.0267503102501276 0.094290699135867 -0.270499981526219 0.232259175516716
0.0114452954854063 -0.0723947666099708 0.303091634803661 -0.16203151520943
-0.0212704018159909 -0.0323471335834173 0.376079711955391 -0.294251730571827
0.0376408973494346 0.0330749182842151 0.636050510977809 -0.130645368394841
0.0630104174727043 -0.0052632612917261 0.867363608437607 -0.201795319645194
0.0224276408266242 -0.0423349197527798 0.780875078525568 -0.297415163219138
-0.0314385660872952 0.00150386937506972 0.534286275348967 -0.238626130161733
-0.0340495502257264 0.0330457822517898 0.238309083687723 -0.099178422391385
-0.0394116212884604 0.0212723382874619 -0.0499154391923612 -0.0289909332670543
-0.0365686471807245 0.0242086628198904 -0.323044284420364 0.105041842727151
-0.0359539396801351 -0.00259133500517568 -0.544828163526824 0.268736082476174
-0.0189996614763906 -0.0369141534061143 -0.658915680005822 0.432612631833612
0.02723815753741 -0.0519152176583216 -0.689120964716825 0.448885486350728
0.0242433119731707 -0.00823676940962927 -0.591976292976808 0.38812864005616
-0.0416023032131349 -0.051822405121533 -0.355163339294306 0.359945750813684
-0.00487193317561284 -0.0821483636695494 -0.249928150038384 0.285356108051855
0.0164583684656241 -0.0376508725123163 0.305784793626466 -0.138419343600177
0.000549566926814116 -0.0305008417642416 0.390479987262156 -0.278492567694133
0.0357204195600434 0.0212088902606171 0.640734009995914 -0.0543968731057248
0.0487809818943496 0.00196258895874197 0.902677581902851 -0.104097663198498
0.0299231936924941 -0.0255952697594295 0.811732595831661 -0.227569464442561
-0.0145503076223567 0.00284188359833419 0.538905717230905 -0.200039383011966
-0.0158451989734664 0.0259198720277459 0.2257373930652 -0.0830023582183983
-0.019131100453596 0.0140519796771628 -0.0665735986029705 -0.019326178909774
-0.0160945328713088 0.0161066793735315 -0.333698066435807 0.124953262901733
-0.0175533574841333 -0.00445148143139515 -0.534895999919028 0.3048083511187
-0.0146705426183837 -0.0236704046121632 -0.619210429859561 0.477071831869727
0.0101727999927546 -0.0452288816193855 -0.626612416274542 0.507198970349004
0.0185752573181384 -0.0221942075390623 -0.545526310339487 0.447609645670574
-0.0274626011755681 -0.0477890620615646 -0.340481819171581 0.378612184389074
-0.00275462242994111 -0.0460031121435367 -0.234662491065636 0.292286659212828
0.0106579845245336 0.00379077944623357 0.302515771431567 -0.126679860579099
0.0215049928544225 -0.0208575845059215 0.397402701197304 -0.266896615788056
0.0381678882385079 0.00447610510271538 0.643777181029235 -0.00697403899566972
0.0291869752680747 0.00355801874557975 0.916038519648967 -0.038596712517405
0.0344795306068059 -0.00693103036429676 0.822200340391289 -0.17820057614909
0.0081128155727026 0.00735994959394397 0.540691446868069 -0.171598155682599
0.00902622708556924 0.0167427161347575 0.222442552314484 -0.07162838218182
0.00548243951791155 0.00448956291983089 -0.0745584902630447 -0.014481778896819
0.00822824782985461 0.0049760691377069 -0.336244400288515 0.139085224471833
0.00604118820440904 -0.00789400023294384 -0.528288859186419 0.326909912444009
-0.00646623686751868 -0.0126410269306021 -0.591105056289765 0.505202426860958
-0.0072699523662979 -0.0357363108120798 -0.585713977878807 0.54057456281838
0.00792561045087417 -0.0352150733644494 -0.511519874702879 0.479625896894543
-0.0128887333445368 -0.0478479731878599 -0.329578749153984 0.393258216763845
0.0035262579658579 -0.0065893398420733 -0.225919219587638 0.294542146009442
0.00108267296128433 0.046752520900197 0.295283468365428 -0.129430036527406
0.0380003272221887 -0.00741836930109492 0.39808069785833 -0.258667801908784
0.0411485206527615 -0.0115573475214407 0.648022574992168 0.00203663698037356
0.0108234557224872 0.00137188137318037 0.915840510143123 -0.0251928653608994
0.0367861376498074 0.010600404371721 0.817386117845501 -0.161094670990182
0.0318667094970262 0.0124709018126698 0.544172080311144 -0.160786331647267
0.0358001118444106 0.00800627064308055 0.225743272998545 -0.0672197689850211
0.0309043387644409 -0.00602265882013368 -0.0725180667648601 -0.0171904620081024
0.0307395156549385 -0.00765280007525349 -0.334375436497132 0.140160803162261
0.0277541206364968 -0.0112503795989728 -0.521738725874276 0.331636316336317
0.00305638404137346 -0.00193907374103581 -0.585248300557634 0.510530606623479
-0.0223833793607143 -0.0235485008768336 -0.576554061286463 0.54613788229469
-0.002181117259615 -0.0478677563557092 -0.502870823108869 0.483820965010059
0.000613889898475488 -0.0471356192160139 -0.327066431170839 0.395219613503162
0.00968756992619994 0.0317781485964417 -0.224135456763219 0.288297455184725
-0.00497814013255462 0.0827801438939267 0.286320504197857 -0.145224760551831
0.0494769457729063 0.00186059192654242 0.391024558735882 -0.256110698550569
0.0422902617827467 -0.0268330399726779 0.65774978482655 -0.0272783398010763
-0.00564361697156178 0.000523114814810263 0.90131876005756 -0.0684491891630394
0.0390613265670993 0.0233544816761862 0.806442400960226 -0.17803287278731
0.052995040709226 0.015314769166619 0.547611716307207 -0.167677972453635
0.0588727511480421 -0.00232862050460624 0.238040562787265 -0.0700804135404764
0.0529025463951791 -0.0145494711861057 -0.0621133689295542 -0.0250030581303896
0.0517258481942658 -0.0184673527641633 -0.327573913424091 0.133514537373018
0.0478931115811802 -0.0137444955262572 -0.523771880230425 0.319411119434885
0.00842849897361975 0.00909022179723458 -0.597724722496354 0.494536213825095
-0.036863469647948 -0.0181328484048945 -0.600568284754772 0.529865679812953
-0.00925207901327122 -0.059923369717313 -0.517305887468718 0.466814873438524
0.0127506084383195 -0.0422291049995761 -0.335710259144193 0.387977492163515
0.0102826858818103 0.0657494461108665 -0.229070461514873 0.278293942164318
-0.00545392405309638 0.102603031920936 0.274864184969137 -0.170648129108115
0.0541660021433503 0.00302503991635978 0.380498121030582 -0.258056102951813
0.0356428633866497 -0.0367765584460051 0.665538492265058 -0.0909608740152539
-0.0184158248652766 0.00182769600232877 0.87567548787978 -0.154745521068186
0.0433607366856248 0.0273365223713925 0.780879107679695 -0.228180055216458
0.0673793356244713 0.0120207096279216 0.549327727944116 -0.191273384697378
0.0759391057283923 -0.0096938759215697 0.256862977319519 -0.0814488257206096
0.0690534051757561 -0.0211110729139165 -0.0432472722291768 -0.0348202453038798
0.0679060956911898 -0.0254127689750304 -0.315960703584037 0.116789831719623
0.0624084088802458 -0.0131824857061684 -0.52698748048742 0.29228098911815
0.0114490768291002 0.0192795942653557 -0.630236248975634 0.46112695094992
-0.0492255114815755 -0.0195124862888498 -0.652434174752257 0.489723482605292
-0.00952894311328169 -0.0715028774021235 -0.554364056816118 0.421970711462473
0.0214090142310305 -0.0355408824561688 -0.351534590023611 0.37323231890755
0.0039550264294038 0.0911920297940411 -0.238624204612111 0.263831548876533
-0.00249220827789438 0.107585561210514 0.259788526730881 -0.197955833593545
0.051930172368546 -0.0010130091700593 0.368579858007466 -0.265863899574353
0.0253972371952051 -0.0403212552177011 0.658197965009591 -0.181605909742569
-0.0219502821040661 0.00571697916799903 0.826297816147956 -0.260603930407969
0.0450787143321385 0.0258123274877819 0.74896634068384 -0.29686720021133
0.0738832505900904 0.00647633009451118 0.551318624942881 -0.231468400738065
0.0832352501700103 -0.0169568405814663 0.277886577704266 -0.101382824097468
0.0768112206966466 -0.0241896007169236 -0.0193981144843122 -0.0493617868240002
0.0762508556195214 -0.0272656071386632 -0.298390473348182 0.0950132331201543
0.0687087320990262 -0.00752816939185162 -0.531984605171273 0.249562204553647
0.00895539828371169 0.0234925281467335 -0.673643146265326 0.409774514148104
-0.054811497781082 -0.0257466682948205 -0.723842100418114 0.418620106225018
-0.0029899554709988 -0.080228872817391 -0.600575608306771 0.352913599498807
0.0227658565747678 -0.02345237479431 -0.36604991022086 0.349000739669076
-0.0107264161443207 0.100704995487626 -0.252715441853656 0.247661587392708
0.00092590648260809 0.0978058602844508 0.24426770940924 -0.223699803908899
0.0398102628000963 -0.00715698535880046 0.355563375599192 -0.282294666422456
0.0169562136517289 -0.0361335461238957 0.630743212105774 -0.273153143921554
-0.0193028705311977 0.00815914742409833 0.761088682402584 -0.365653584002304
0.0445927177145882 0.0161508547851813 0.704691217840925 -0.368496039701876
0.0705342767924166 -0.0010905341268826 0.545633512022621 -0.277880364980031
0.0803610838476381 -0.0186880492336531 0.297089947159887 -0.123300603540373
0.0741173032658435 -0.0239002276367428 0.00494152125305127 -0.063263917934003
0.0756848013715209 -0.0239867965428759 -0.27895555444885 0.0708945300290103
0.0671599780420003 -0.00181205609604539 -0.533439175602336 0.200884265347934
0.00375843312996871 0.0238452246786693 -0.717821638049667 0.339766951102678
-0.0535221818293886 -0.0382672960853789 -0.797568760440246 0.325551694930511
0.00736506691844427 -0.0804704354868672 -0.645988281236588 0.26130542954216
0.0164246048451947 -0.013027902534726 -0.381013142485623 0.323062093084147
-0.0246388086485953 0.0942768684866161 -0.26696958166633 0.23078664977298
0.0116342061470901 -0.071539659214318 0.301560895859705 -0.160184594205301
-0.0214491454529163 -0.0310802242068976 0.372063920455494 -0.29152439017359
0.0365622147398659 0.0314440647391374 0.628928292312 -0.131873413665444
0.0621609565159309 -0.00492159121267348 0.860005722111426 -0.205132529222645
0.0221633967680983 -0.0421060198776658 0.771435408778264 -0.299013962725133
-0.0319437306487945 0.00244990669759517 0.528494897353985 -0.23903759082486
-0.0338051771682184 0.0337115675778132 0.236441066175925 -0.0986791820047135
-0.0383246050310753 0.0214820426801143 -0.0496109593294602 -0.0281169095900579
-0.0358117844089008 0.0236618641655603 -0.320641870247696 0.105034190103258
-0.0352528673788977 -0.00299390666797014 -0.538227417054048 0.266611083707944
-0.0197592957276576 -0.0352881999210266 -0.650473791989588 0.429670778662592
0.026716354204178 -0.0502382714626955 -0.680356676304796 0.447045689792979
0.0250731416180448 -0.00946616848232235 -0.586267132094527 0.389601995623351
-0.0422991759077369 -0.0508370931805273 -0.351834149339603 0.3567316909029
-0.00463658974417854 -0.0805324070718981 -0.247184794396808 0.283284809777214
0.0159476754119285 -0.0367048266049464 0.3024949669523 -0.137673940231242
-0.000883943874011341 -0.0298133920009314 0.386513466136679 -0.276910636924388
0.0353741556852017 0.0194870451315686 0.636817118988428 -0.0564708469568668
0.0481163021945136 0.00207476463997785 0.892964138621273 -0.106709412116833
0.0295595116149674 -0.0256567617831773 0.800478192078324 -0.226372414689454
-0.0143376878257662 0.00315907822551802 0.532319431745925 -0.199398132570551
-0.0145144139594313 0.0253051873807293 0.224780364269339 -0.0825732269604089
-0.0185123282397226 0.0140693461957126 -0.0659039708132408 -0.0184213876157228
-0.0152939436098608 0.0162714170243139 -0.331249494084966 0.125923836712552
-0.0157364592572211 -0.00382175067760261 -0.529846289787045 0.303528878999865
-0.0140641073781751 -0.0245426175058796 -0.611947862918703 0.475581494064639
0.00972205741832257 -0.043808667202263 -0.618770487485562 0.506784991259558
0.01741361508111 -0.0225551208919387 -0.538649119280234 0.445324499137429
-0.0273433790105811 -0.0471498409924862 -0.336671484914159 0.375956881351493
-0.00223177921217883 -0.0449815137747692 -0.232844991637985 0.290362836628888
0.0108487441468169 0.00500069153917809 0.299060624031832 -0.124843918874916
0.0210112254124118 -0.0206276284455675 0.393371408073115 -0.266538132690393
0.0376085180109798 0.004489400435152 0.640084150223505 -0.0110041677206382
0.030551738122273 0.00326520387938486 0.907506109520332 -0.0425242307370238
0.0340247322953877 -0.00782115303197459 0.810324020753989 -0.178889662019997
0.00722698415915201 0.00762746142382878 0.534744299433318 -0.171144115204013
0.00985615947197974 0.0164804625181195 0.220053511581845 -0.0707780646651385
0.00556212004636976 0.00449226221506931 -0.0736149222530944 -0.0144867724952288
0.00774751195858565 0.00465111311616733 -0.333353609695818 0.138907946203836
0.00522535768673158 -0.00745300519166495 -0.520738255179915 0.326857335438321
-0.00544953336931965 -0.0124036802321835 -0.584278004394805 0.502707328260463
-0.00709445273453675 -0.0352139254642163 -0.578578794225088 0.538371629748626
0.00753497890525475 -0.0348840046767774 -0.504983493463754 0.478521434023762
-0.0139062000741857 -0.0466420593245131 -0.326600282194205 0.388791219775687
0.00403600289256443 -0.00629816652971619 -0.223433230708225 0.292406664617662
0.0021533939906534 0.0468095013168691 0.293985408025126 -0.127447278807759
0.0378795110913196 -0.00802849203155787 0.394365148969504 -0.258472099082717
0.0413138903086675 -0.0116818087094699 0.645565917983971 7.15018586343043E-05
0.0113720618669443 0.00145497477403682 0.908641651223964 -0.028729553171995
0.0371560057659862 0.00989579060595088 0.808781703930806 -0.160765421510283
0.0313079062157255 0.012715592873281 0.53692835749405 -0.161364217328074
0.0353462299353765 0.00650832457943405 0.223773206104357 -0.0668174188571409
0.0303591580395385 -0.00575786380190984 -0.0716286596561646 -0.0162357484172712
0.0312806279866393 -0.00770697180543489 -0.331660366740719 0.142250067920843
0.0271909690151326 -0.0118300195482906 -0.516332137735219 0.330416947367607
0.00194161693342838 -0.0016833572050766 -0.577499088408347 0.508261893997576
-0.0223640482546281 -0.0242200491387023 -0.569111864676792 0.542692059867187
-0.00260877903645488 -0.0478193794886077 -0.495805126379339 0.483367633130342
0.00130066620707055 -0.0456989534291229 -0.325148299678407 0.391352639887637
0.00880101176996943 0.0315368693731056 -0.22218137023131 0.287570540773539
-0.00507270947988456 0.0817123776693936 0.283630814473418 -0.14427575153592
0.0487408945986713 0.00202652185512208 0.387922004383058 -0.254911841831067
0.0403838712749362 -0.0271574920677163 0.652045293860675 -0.0289647175981082
-0.0062860611548373 0.000678811130077767 0.893610086728829 -0.0705459006087492
0.0389118050928912 0.0224593702689048 0.797153962781448 -0.177581159566154
0.0512592192806791 0.0139913975901604 0.539558945788187 -0.168383557255306
0.0585946646320723 -0.00269461939951162 0.235792022457678 -0.0704181572347462
0.0526618643283497 -0.0145883594343421 -0.0606021475073771 -0.0239058605081663
0.0513067379435185 -0.0187764423761486 -0.324049144012451 0.133895183669373
0.0467218602371357 -0.0139026766011195 -0.516969151771914 0.31823509214079
0.00897785995788497 0.00966391552081909 -0.590352294296726 0.492944357563522
-0.0366065798003062 -0.0182748758368989 -0.593166054670805 0.52760150536965
-0.00882904020035481 -0.0597733777241554 -0.511948599738505 0.464678438592683
0.0118082844068598 -0.0423135490105208 -0.332148371422744 0.385531076694621
0.0103224653360883 0.0650699478739802 -0.226999952924705 0.277218555130992
-0.00565997118207201 0.102451963055167 0.272245571056804 -0.169511398294007
0.0536801446359148 0.00268408513116526 0.376939078846458 -0.25707792894218
0.0348213729967055 -0.037350093875159 0.6597562594747 -0.0936556986746486
-0.0171322236127316 0.00241114242377847 0.865427577047338 -0.156299362779603
0.0432422455195954 0.0275004751706168 0.771079199761773 -0.228190528942084
0.0671832660541894 0.0125639753648662 0.544430996614614 -0.19384588165393
0.0749352495574497 -0.0114290602196714 0.254702147713803 -0.0810713474990353
0.0684953424341643 -0.0218054643551061 -0.0428639008873389 -0.0349217787520149
0.0669990388909947 -0.0261466469769095 -0.311785927419652 0.117273100024055
0.0619723937273992 -0.0138320609275907 -0.52240594564703 0.289767738840961
0.0117546570288441 0.0181148018886143 -0.621822543286952 0.459465385131658
-0.0488324402553658 -0.017829112661453 -0.6438277596105 0.488892588024809
-0.00985830461998536 -0.0711622244191551 -0.547564762841181 0.420152103002693
0.0206672366435894 -0.0351483401069531 -0.346955201200014 0.37000945644839
0.00342154111326049 0.0898706045669525 -0.237337649706343 0.263340353107855
-0.00173492637509245 0.107055275011769 0.258329517557308 -0.196258310076215
0.050470069202571 -0.00153174720888465 0.366345756100014 -0.26693330688279
0.0256056615180433 -0.040270531029343 0.650558518107005 -0.182053391159965
-0.021268885061075 0.00628017734831672 0.819134453293561 -0.261139490034184
0.0448146061624838 0.0249345763250029 0.739577038088115 -0.296889113248224
0.0730329370532675 0.00566724318613305 0.544822685558408 -0.232224209517088
0.0825113336601637 -0.0172894298472324 0.2743478251149 -0.100818249234689
0.0756650675105282 -0.0249096036371096 -0.0195353603255495 -0.048903290680702
0.0762648273308807 -0.0273236434134766 -0.29551038612955 0.0952610374468759
0.0681935711459793 -0.00774528324362136 -0.525782157924552 0.249645402179171
0.00937768464450254 0.0241546443140476 -0.665301670595683 0.406750354491777
-0.0554592730651183 -0.0261906439910519 -0.715594262835391 0.418433912654434
-0.00362234375757212 -0.0798231831837226 -0.594871488384842 0.352027774934965
0.0225461525796618 -0.0228478622557172 -0.360580654944362 0.345878822697691
-0.00933662894047033 0.10004206108103 -0.25011898996212 0.246080554326396
0.00181752037591898 0.0962415642679264 0.242383217241079 -0.22117379804844
0.0396411792433497 -0.00675650243811796 0.354570491535728 -0.281289756834392
0.0168088762364167 -0.0356895418046303 0.623876287823975 -0.273877694611554
-0.0191115405732063 0.00766820872409761 0.754542080425843 -0.364111223232079
0.0442459613990491 0.0160097299987077 0.694064398950065 -0.368783179300118
0.0688810455448797 -0.00160004618864547 0.540466855247458 -0.277500366526021
0.0783615404268662 -0.0191240154156307 0.292215047548519 -0.124137147969552
0.0731028195685421 -0.0241460469559554 0.00523609738966462 -0.0626680365325146
0.0754134669906018 -0.0234781762593586 -0.275726985755684 0.0717648471157641
0.0672407977120975 -0.00152968347766117 -0.527322868864305 0.202007936593775
0.00350957040247271 0.0237431520303671 -0.710346213720281 0.338837486176
-0.0526675341531655 -0.0375812013025911 -0.788676087186338 0.326944984313633
0.00729434898931954 -0.0795239392522956 -0.638287218607005 0.260584553347017
0.0162422442076673 -0.0120748113171032 -0.377193281885632 0.321306410435009
-0.0252661197796214 0.0936489452537098 -0.26371966109306 0.22904059788258
0.0122849840115877 -0.0697810602159679 0.298048765413808 -0.159231914049798
-0.0215645480180018 -0.032184526018758 0.370215382899369 -0.289822415497521
0.0365551002418143 0.0315359613629722 0.624489751878839 -0.133205147411139
0.063337016489543 -0.00507860872383509 0.851161250639994 -0.203370270141209
0.0219228392555908 -0.0412123341448375 0.765455573500125 -0.29794405507777
-0.032142820136747 0.00258907428177077 0.521854007914086 -0.238631066791941
-0.0328489488955504 0.031952926534162 0.233502421138751 -0.099407454579025
-0.0388757939398885 0.0208554543872626 -0.0495008898946522 -0.0272730980938181
-0.0344652482666609 0.0231564330550412 -0.318798313080762 0.107259966044109
-0.0353220912325095 -0.00307793483835767 -0.532696282621916 0.265678134230812
-0.0197615659295332 -0.0353107056245841 -0.644319492068182 0.428306828494728
0.0258641491846916 -0.0502672997943147 -0.674735185612012 0.446876693082606
0.0231723994497383 -0.0097856754768126 -0.580347183616498 0.388114062114802
-0.0419450597805868 -0.0497407324435495 -0.348620039028007 0.354372969857251
-0.0047976866329613 -0.079989703481305 -0.246371380889675 0.281278968289194
0.0166343074880516 -0.0371287402684967 0.30078316680815 -0.135189849266367
-5.75821750787298E-05 -0.0308419549034522 0.385033857856796 -0.273207616537117
0.0351231837882279 0.0196325224590115 0.632063966066261 -0.0571728233437266
0.0486747055996101 0.00123753788342113 0.886803193062321 -0.107425317603286
0.0287757988375384 -0.0247770794560235 0.792768115425507 -0.226091089521044
-0.0145898029147104 0.00274474147828875 0.52698130834709 -0.200472879862972
-0.0150253641438132 0.0241529420207282 0.222433011835458 -0.0822368555176585
-0.0187086886253864 0.0140211041238275 -0.065227330488699 -0.0178201871551991
-0.0143268965058572 0.015659011244619 -0.32894425669585 0.125507001068863
-0.0164617909692707 -0.00309541460006436 -0.524111685342651 0.300541086504637
-0.0148645426680103 -0.0239922355045965 -0.606677512076628 0.473759954568592
0.00911480874908336 -0.044128459604494 -0.61248812493028 0.503909104478298
0.0174416697501467 -0.0225536984752805 -0.535218978480188 0.443408619701105
-0.0278413395760261 -0.0464520837316705 -0.333311643860746 0.373834778853205
-0.00170003863286156 -0.0456794785739723 -0.232161011076446 0.287832444420949
0.0108659210657296 0.00593589172377965 0.297654829976422 -0.122909170000234
0.0204155446910238 -0.0206643656821722 0.391878555984295 -0.26253054314252
0.0384035629034058 0.00373798077894954 0.635089252422436 -0.0128700250720746
0.0301262469581692 0.00257173226428781 0.900276977649164 -0.0415150875253884
0.0330768184381824 -0.00743617034845984 0.804208605364485 -0.178875550705826
0.00693084111080841 0.00807759962988362 0.528057958764525 -0.173346056502024
0.0097885243147965 0.0166668884572054 0.218231431594739 -0.0712919114879184
0.00526130731599288 0.00445463863034543 -0.0728847910445447 -0.0146146822061386
0.00789127830233255 0.00367030784187804 -0.330850212561518 0.13917256645548
0.00554291730865979 -0.0071707888022146 -0.515983590715633 0.326022541303467
-0.00564002337833044 -0.012593567811944 -0.580282115354865 0.498833770509314
-0.00697707566289738 -0.0338316619880738 -0.573556807264263 0.5344584415082
0.00616343429668272 -0.0362328825155885 -0.500809280876908 0.477410781699203
-0.0130199892346605 -0.0456047091335374 -0.323232163137048 0.385879534701052
0.00422502233684519 -0.00670609382501664 -0.222721053592643 0.290467871873309
0.00184347347050818 0.0466715104470143 0.290649436281892 -0.126149876538527
0.0368485664828451 -0.00709515027947396 0.392817352582211 -0.254534604530459
0.0406054685348562 -0.0128087006300801 0.641001706891648 -0.00311949502353015
0.0113794043522514 0.00127527941062305 0.900275736420254 -0.0304621461517358
0.0361286852030728 0.0102254127970156 0.801396192178728 -0.161495800014059
0.0302633802695347 0.0122364045909035 0.53234104726521 -0.162068578958877
0.0357498407886889 0.0059592787370922 0.222269927138797 -0.0675579006546908
0.0293238423360703 -0.00561380170263596 -0.0729893794898189 -0.0164351298946454
0.0309147757018093 -0.00755017303439598 -0.329136056629483 0.141572861474385
0.0265419456607161 -0.01141869482413 -0.509872606983179 0.329565868373969
0.00182957668864982 -0.00156938106724488 -0.573084433597828 0.50381588767532
-0.0220747556807915 -0.0233878034619817 -0.563043396699019 0.540517909139284
-0.00371969563651876 -0.0479681871075208 -0.49196693882338 0.482451197407984
-0.000173368015014292 -0.0450552276083409 -0.320710756856564 0.39015210378784
0.00977740178250382 0.0322419902400397 -0.220344004291577 0.285173439865532
-0.00495017845211319 0.0815066044440645 0.281733899338691 -0.141649815549174
0.0480139939655848 0.00155208823453475 0.384930428496641 -0.252691690176847
0.0403820383372615 -0.0266743861285508 0.648722461685026 -0.0322681981112245
-0.00475132207610174 0.000355931375111552 0.885395569033578 -0.0709806075524591
0.0390623541293381 0.0219026939636772 0.789125640472489 -0.178841167335229
0.0508566450259122 0.0147496468924993 0.534252352906071 -0.168803718088441
0.0584718906805194 -0.00326620881641483 0.234246510994686 -0.0705890494033033
0.0524123050052405 -0.0147934691945277 -0.0607459781498764 -0.0235149220787602
0.051759384214769 -0.0193206359702229 -0.321288243363291 0.134840811045919
0.0465630442998488 -0.0144225559694359 -0.511288806538275 0.316394353542615
0.00881383004133298 0.00939722369495197 -0.584326604167236 0.4887685862475
-0.0366948788309177 -0.0174178367951481 -0.58805190574548 0.524492318041345
-0.00944693886799444 -0.0600950214079249 -0.507429889944495 0.463624466706981
0.0120996361952479 -0.0420585425798186 -0.33037167041968 0.383126473683482
0.0109529033115776 0.0653765031039277 -0.22581253728489 0.275169590228853
-0.00514873470839677 0.10196375759837 0.268531901657934 -0.166172614009262
0.0534187086631044 0.00300979786841779 0.374593529405096 -0.254611404172592
0.0341102236796911 -0.0370912118381929 0.654411652997482 -0.0954397284595704
-0.0164216895657275 0.00157387073871942 0.85834183365027 -0.156725640357354
0.0424006473015739 0.0268963598912011 0.766421217747467 -0.229165689875305
0.0658302372671533 0.0120035880878556 0.538387995204909 -0.191476625600315
0.0742069354480028 -0.0113981949001746 0.251513305019389 -0.0824098007088482
0.0682152204173463 -0.0217859467003074 -0.0422809317957397 -0.0343475443294521
0.0675366763617894 -0.0251285262404121 -0.309461508911639 0.117331806426055
0.060414009113938 -0.0129761174785528 -0.515753768690499 0.287980729496912
0.0108165431068351 0.0183560345818358 -0.616393290575479 0.457024371779581
-0.0476627078943068 -0.0180033795363782 -0.639373448520675 0.484302542280098
-0.00964481306114311 -0.0717838566749025 -0.54182248961037 0.419309575664148
0.0205797200779926 -0.033394176753956 -0.344136575030182 0.36569432130976
0.00387675198707784 0.0891565976609364 -0.235867209705098 0.261056588019834
-0.00152037418602638 0.1066191582485 0.255435680338776 -0.194599810191143
0.0505861170852613 -0.00121980626253044 0.363373537745158 -0.263146062994173
0.0244661636196803 -0.0411159720506497 0.646497918611656 -0.182485099048017
-0.0211205652225981 0.00548800010237865 0.812123017451727 -0.259639683292927
0.0444770292231378 0.0246657378744324 0.732330974401034 -0.294899363522858
0.0714428979724751 0.00551102326794631 0.53889516351465 -0.229723664727438
0.0819026971853077 -0.016845353120841 0.272042844619361 -0.101498932406297
0.0755197225745857 -0.024405747780307 -0.0204577036963391 -0.0481601128050524
0.0759978225921534 -0.0271566765357784 -0.29266716783295 0.0961219138876043
0.0673350403773262 -0.00830143942373737 -0.522087932117745 0.247067991763708
0.00869073652563703 0.0239209142195818 -0.660834145225116 0.40542265190095
-0.0542211392354155 -0.0254887322745658 -0.706762477840105 0.416355223714968
-0.0038133214881022 -0.0796367096007773 -0.59092087037976 0.35005333370838
0.0221486711352447 -0.0227490347593191 -0.359658169048105 0.342882111878065
-0.00982855838652902 0.0999429037799435 -0.247776564893161 0.243818631639332
0.00219366276611346 0.095790447430037 0.240885209549 -0.219547624683693
0.0393808176999784 -0.00746949137514576 0.350564020993633 -0.279022306134027
0.0167766928684333 -0.0361571434954999 0.619603585192735 -0.273491530200144
-0.0190681914874167 0.00746062791072777 0.746980657124017 -0.36379441825096
0.0435341968923991 0.0151891487056574 0.690207369294676 -0.365243269748475
0.0678365747843744 -0.00155278384439596 0.534513300145752 -0.276621598256106
0.0778406998380916 -0.0200373317837027 0.290501224112761 -0.124235205774619
0.0724543328143652 -0.0237563492673214 0.00472334006859426 -0.0624440598183314
0.0747207303639393 -0.0240671948901053 -0.272405980674759 0.0732740365040598
0.0663918287861797 -0.00178903428781748 -0.523439169568172 0.200343333731431
0.00346609031532942 0.0240326972597744 -0.70333952538928 0.336856721300076
-0.0522855980046825 -0.0379934514916897 -0.78371245285336 0.326626668231313
0.00760159279729872 -0.0796695839834561 -0.633062481611562 0.261159339329095
0.0159221325815666 -0.0114679326802148 -0.37457876600617 0.319381873109541
-0.0236359115229222 0.0933157161225713 -0.262245069430665 0.2266961979735
0.0125629696447012 -0.0688355577474174 0.296532902571537 -0.1574938261593
-0.0212246594664061 -0.0318307374866594 0.368349309188525 -0.286910691061876
0.0357519432769521 0.0312572726323083 0.622496534865456 -0.134265289784902
0.0628304082155072 -0.00582053383659058 0.846443685893471 -0.20595882242637
0.020703569185197 -0.0411613201963362 0.759569359123624 -0.294011527600436
-0.0319513428653403 0.00253914577162598 0.516623433855376 -0.237589836403389
-0.0315589479467806 0.0321019344858504 0.233171161504466 -0.0978749714215438
-0.0383405467316276 0.0211977018140451 -0.0486034727680633 -0.0275417718320886
-0.0341000634531143 0.0225427467624194 -0.316045807992421 0.1073449753869
-0.0348236897859309 -0.0026967534618805 -0.529537794606485 0.264640696849247
-0.0188114408624729 -0.0352518977945478 -0.641154522888683 0.424474693667266
0.0262095681272833 -0.0500898749657316 -0.670649042427948 0.443280213942573
0.0232268784876448 -0.00992074180315324 -0.577057439990953 0.385315128219885
-0.0415951195970045 -0.0493338899338794 -0.345900972360366 0.351089031261431
-0.00368343289157617 -0.0794677544713084 -0.244919695779263 0.278373777956597
0.0163889099658425 -0.0360456122234234 0.299075119133294 -0.133639173308466
-0.000659822104436429 -0.0300397284496566 0.383122179854894 -0.271810217136195
0.0349545424308413 0.0181940141162471 0.629067924902917 -0.0596612186207163
0.0490960295351909 0.00145683116046652 0.881211958190219 -0.105996559094646
0.0292560050593494 -0.0249657777883859 0.78770555660687 -0.225537619611286
-0.0148130728230046 0.00399453286768697 0.522184034171892 -0.199692834501753
-0.0150641362704378 0.0238205999740122 0.221003575243405 -0.0810269578927693
-0.0187899696790319 0.0137378741110992 -0.0646323626646504 -0.0192476109661375
-0.0147481648770919 0.015428953082078 -0.32479050534952 0.126273212281084
-0.0167980313763368 -0.00337590868602936 -0.518398047921138 0.302617830306467
-0.0136163822703458 -0.0230337492938348 -0.602125545750272 0.470143289363289
0.0101212594956198 -0.0443417566122643 -0.610905169365609 0.501553146888411
0.0166918214992003 -0.023147161536894 -0.530123573503147 0.443376813452331
-0.0288305485986043 -0.0459635552417874 -0.330795438350781 0.371708574670589
-0.00139357495637572 -0.0433729517078908 -0.230705238194994 0.285525017170153
0.0111295211020602 0.0057229461781768 0.295270193586669 -0.121291091945834
0.0196100439839918 -0.0199093539393452 0.39138204739037 -0.260267705291823
0.0378776261771267 0.00318632885148826 0.631994181774027 -0.0129457686973933
0.030566086208899 0.00273540005902276 0.895262128927476 -0.0416825084503741
0.03231496419021 -0.00765756901431808 0.797759773487868 -0.178983238226939
0.0069489479364034 0.00669565240096857 0.524881296589827 -0.172579396680096
0.00915012539200506 0.0154292119733792 0.217415636088928 -0.0709812251005839
0.00534236474179649 0.00435444060881017 -0.0721829378820538 -0.0140832868740282
0.00790543094380718 0.00525165282628204 -0.328576333875179 0.140033746472723
0.00479289763844421 -0.00663932545729684 -0.511547792223354 0.323058268032425
-0.00618269993544414 -0.0118835779885134 -0.572713480566128 0.496594488184002
-0.0066181810903899 -0.0337808431639954 -0.568726238400328 0.533242170582171
0.00697976851753949 -0.0358437783265883 -0.498531631803619 0.473262987490473
-0.0136363469280267 -0.0454049628950677 -0.321540665558977 0.383355239402486
0.00430175855481567 -0.00502079662247693 -0.221373129905522 0.287619106730641
0.00221837468150767 0.0472316538468144 0.288857935326891 -0.122509902449659
0.0362886344223516 -0.00718847345638755 0.392248355936442 -0.252361179438491
0.0404137548536556 -0.0123720562739235 0.635691829361418 -0.00387356207752885
0.0118541835696155 0.000679258424731103 0.895090489188915 -0.0308434790824507
0.0355582216893457 0.00923463929497135 0.794952159732444 -0.161483828087569
0.0297290836819307 0.0127698360588426 0.527431063739144 -0.16173196243271
0.0345080614763004 0.00595815739092593 0.220800729603679 -0.0667238356245903
0.0294593799885913 -0.00576065655969044 -0.0712246869309811 -0.0159549494144144
0.0309358141959413 -0.00836192265314195 -0.32573568050406 0.14174285141363
0.0267435913806922 -0.0117694200906239 -0.508089368663573 0.327636802511903
0.00212189258161169 -0.00114469529459994 -0.566801274250776 0.500901412065154
-0.022070847727685 -0.0244754823768255 -0.559838120118993 0.53712025715404
-0.00283753667839436 -0.046979605949285 -0.487656297634007 0.478130881780296
-0.00092174611097439 -0.0440432513299386 -0.31992133027474 0.387069704360473
0.00928405237199211 0.0321990099810332 -0.219943016326528 0.283073408049927
-0.00486643612522443 0.0809618218558734 0.279919922376642 -0.139055148367436
0.0471971072235544 0.00215622529590669 0.385651544789574 -0.250647939276846
0.0399247524133753 -0.0272950676321491 0.644797795972524 -0.0330659326144384
-0.00461279151067368 0.000305207705394182 0.880938596634838 -0.0703913568924559
0.0386648742791689 0.0221123640313593 0.783119330391223 -0.177499445257016
0.0506021455203789 0.0146784316110235 0.531512583457973 -0.167854389865626
0.05862140776927 -0.00305978227649969 0.232577955938198 -0.0699307605604911
0.0514061155263267 -0.0147762172094865 -0.0603494046686819 -0.0224552275558536
0.0507399534893182 -0.0201018619340901 -0.318216977221808 0.134894150150942
0.0466792237041452 -0.0138322560394984 -0.507396930623312 0.314849550535108
0.00759026437939137 0.00946212323361655 -0.580906329239501 0.488314141739577
-0.036747582599105 -0.0178293048589449 -0.583635663446186 0.523112859525049
-0.00894474029395187 -0.0605366559814413 -0.502055412149129 0.460686565716798
0.0113897508403065 -0.0410199665637993 -0.326756395197249 0.38024838332829
0.0110302809984549 0.0654449884883286 -0.224699511376047 0.272520494644249
-0.0054995276468007 0.101706475193634 0.270031275209671 -0.165024571416297
0.0525657479475811 0.00323354795145294 0.374311711918887 -0.253396999990405
0.034372014867729 -0.0365611890706162 0.650412453303208 -0.0959516312160232
-0.0160973451990115 0.00138512457598599 0.853446215221929 -0.156520416083698
0.0419861768368277 0.0263607520119103 0.759451663892226 -0.226376582712346
0.0646885855740654 0.012380099853002 0.534036659226287 -0.191426233666639
0.0738338212511995 -0.0116089200526394 0.249724527301995 -0.0823740331518789
0.0670300352636135 -0.0213533770406169 -0.0426907322364497 -0.0339973462150335
0.0676244031881728 -0.0260253343770174 -0.306480157848505 0.117368915499675
0.0600441504526177 -0.0130736459529498 -0.511185651649507 0.286402166324715
0.0109723005068964 0.0184643630429197 -0.61288358104845 0.455653229083749
-0.0475087069737079 -0.0182273519217876 -0.634208805424193 0.482892001227137
-0.0105371390424218 -0.0718326484880922 -0.539940553911232 0.417155635479974
0.0192805991132396 -0.0322062131905439 -0.341476747695652 0.365293079741162
0.00414003663438251 0.0889254758075057 -0.235038763303267 0.258701760151151
-0.00141022310218949 0.106543015306294 0.255139856336952 -0.19194784718547
0.0496925976283099 -0.00164886151586983 0.362979002327224 -0.26193652204671
0.0250970589934645 -0.0398323108948977 0.644282504796115 -0.184349512601942
-0.0202193167964012 0.00480914811301737 0.805802415749945 -0.259002862174994
0.0441330185131132 0.0242038233709886 0.726983906109844 -0.292988840825685
0.070866873927323 0.00594179981684508 0.533327841985819 -0.229483390201457
0.0804529858032351 -0.0187516906727345 0.269640178772832 -0.100495007597812
0.074317370236929 -0.0246930779166682 -0.0191951911954204 -0.0475915471150921
0.0752650258575784 -0.0275331989271293 -0.290960966168015 0.0965684771850039
0.0678518984432384 -0.00835017290575376 -0.518018069763299 0.247011127437783
0.00883002450348032 0.0236426647448489 -0.655314304170118 0.402633111020499
-0.0542344568458767 -0.0247472981370775 -0.703195934603824 0.415645217735185
-0.00310551238865703 -0.0794041794856176 -0.586596943774889 0.34866174793408
0.0218846316766956 -0.0212794323751021 -0.357438242277119 0.340522405231469
-0.00898401912900602 0.099164520631214 -0.247255535192894 0.242121081744842
0.00196344315756888 0.0960063227718749 0.240559409707559 -0.216442922343174
0.0381993100075296 -0.00645537046756437 0.34977363092457 -0.277141598600191
0.015844842550498 -0.035678896982914 0.617539035492039 -0.273717548735953
-0.0177840705772492 0.00757684654482155 0.741090955398505 -0.363420289191038
0.0431765089907557 0.0151099788800232 0.683275713040387 -0.365263035323974
0.067329492885115 -0.00146739943350526 0.529677162214762 -0.274783470802042
0.0780215765737376 -0.0205151864684781 0.288431942402336 -0.123938252217059
0.0722995500214326 -0.0235458184693863 0.00401339875424237 -0.0609611220647828
0.0750448999429689 -0.0235098707280144 -0.270788736912735 0.0735553695266248
0.0654315929142259 -0.00185184498991525 -0.519138703898552 0.200038750254552
0.00363437142347517 0.0239874466400231 -0.698916506896392 0.335369821280722
-0.0519884908451648 -0.0372727354781064 -0.778748713303448 0.322758168883415
0.00727800083630276 -0.0794714066567009 -0.627266687714327 0.259825688017202
0.014624954171356 -0.0118236019559535 -0.371038366617395 0.316391855108189
-0.0238925727700381 0.0914414148768785 -0.261600561024008 0.225158530139364
0.012803050127479 -0.0675694709153059 0.295403883840568 -0.154360520617737
-0.0206609237117481 -0.0318043452933861 0.368535527602277 -0.284205701384588
0.0363083309851234 0.0308464383045768 0.620313717287171 -0.134089330713601
0.0630757740652557 -0.00532831725979414 0.843222629794616 -0.202260644797351
0.0211159381592329 -0.0406516051746847 0.75616478552226 -0.293348855848168
-0.0319485320012424 0.00229931151128173 0.515901485224479 -0.236275259048082
-0.0323892577742677 0.0307348994590696 0.231723868264339 -0.0968282088529019
-0.0379567776066718 0.0210152334152156 -0.0484017180070451 -0.0263476164242169
-0.0332877029530044 0.023321072801956 -0.315290121572089 0.106975891135695
-0.0356447081052856 -0.00275303519439005 -0.525360092056317 0.264627510947157
-0.0192203057825767 -0.0348949830614977 -0.638510590949976 0.423555509457162
0.0259274161289234 -0.0492985828729819 -0.668719497277403 0.441195392381343
0.0227903119201549 -0.0110140242423923 -0.577101160888549 0.384083936711615
-0.042117511605091 -0.0479814236475695 -0.34498881203854 0.348309841667848
-0.00328741636865039 -0.0782838285298547 -0.245402838235869 0.277319133051028
0.0167018162502822 -0.0345608689629882 0.297719630691512 -0.130767761893672
-0.000181321219800717 -0.0292002007314131 0.383845844464145 -0.268963348716282
0.03504237980619 0.0183479408839899 0.627332646794517 -0.0594691373077671
0.0490174257910466 0.0014216636387576 0.876209824295264 -0.105230195263199
0.0278192350502054 -0.0245317498767214 0.78393579963532 -0.2245246929735
-0.0154485015778725 0.00361774326046281 0.518730526451935 -0.198166368738353
-0.0138426284937355 0.0233556459455408 0.220063727318442 -0.0820577316964921
-0.0189697531226326 0.0144744783299611 -0.0639527782099135 -0.018497354767964
-0.0145767926819285 0.0147641064053952 -0.322960100803332 0.126526396923856
-0.0163277903411054 -0.00345977920750559 -0.51808362894989 0.299579862391234
-0.0142063492103515 -0.0228475389959103 -0.59811549221226 0.465993120891252
0.0102090468508846 -0.0440756718364023 -0.607594100608492 0.498529264815088
0.016632673906613 -0.0236592412082682 -0.528106423608439 0.441078716572177
-0.0278403974429773 -0.0456968239881206 -0.330231331542374 0.369353572785335
-0.0014767465495229 -0.0434780051662978 -0.23153156816815 0.285198459973527
0.0110478365571809 0.00560535000428869 0.293425031952608 -0.119097259070314
0.0208077662531922 -0.0208336941620995 0.390279868495395 -0.258158334373423
0.0373321145609697 0.00314163668400291 0.629429781144458 -0.0145005158275681
0.0311088306056605 0.00216597679348941 0.890852306919517 -0.0421217549227859
0.0319149635452898 -0.0072070009730465 0.794650615649647 -0.177890247440702
0.00657987903003283 0.00764849410243488 0.522020784478232 -0.169765952852507
0.00953073453522483 0.0143254906773893 0.215517552715842 -0.0705941889343972
0.00501358759244575 0.00431929091414645 -0.0723010487537154 -0.0139071645578741
0.00869790813726421 0.00393640150572761 -0.326499824701596 0.139858452982352
0.00508933085530958 -0.00705922943445946 -0.509282501442949 0.322567359591186
-0.00686630513087048 -0.011898520549895 -0.571364785513174 0.493030897504108
-0.00634512943063638 -0.0344239706612788 -0.569217627534739 0.529649035073502
0.00671753686645605 -0.0364877474584169 -0.49590473683077 0.472818373814325
-0.0143106441392807 -0.0446897000665725 -0.320497740043507 0.382415270860497
0.0055410492243582 -0.00465908852713672 -0.222161896523771 0.286084699958425
0.00210081709791025 0.0465095227029828 0.28809022421714 -0.121049970273319
0.0359704456756371 -0.00669722336729517 0.391446260846162 -0.251088293382007
0.0400159833454607 -0.0125497062334484 0.633742506278701 -0.00390533109962788
0.0123371689648423 0.00156413849092535 0.890990377631919 -0.0291518271760927
0.0355027552679559 0.0096094751093192 0.791507471850784 -0.159114809323424
0.0290339170359898 0.012781203794023 0.524274221765018 -0.159623268704445
0.0352521629065337 0.00527767184730958 0.219761454345313 -0.0660430293914381
0.029799765653927 -0.00598234901572958 -0.0694896803418613 -0.015375020900175
0.0315022212155322 -0.00919531228244609 -0.324870111085766 0.142074691848754
0.026700722856933 -0.0108915041754425 -0.505250182259634 0.3257486385832
0.00153201450819484 -0.000564071044566346 -0.565281177496172 0.499731305031355
-0.0210033538428968 -0.0244090859697998 -0.559660338794596 0.53583279777287
-0.00329594668872559 -0.0484136900810995 -0.485462448104217 0.477332929234912
-0.000610284396615923 -0.0440169765070731 -0.318907700370082 0.385697260525585
0.0106032544615246 0.0320404925927745 -0.220327043230456 0.28224021754492
-0.00398684387202824 0.0809548216478447 0.279712988136743 -0.137219166838765
0.046566838135281 0.00188190017211514 0.384070941432969 -0.248271671210177
0.0405937759458652 -0.0265705059595301 0.644670598959453 -0.0330289793113481
-0.0043522698004257 -0.000430973574946271 0.877681892026929 -0.0712152621121005
0.0382662142791484 0.0217737837491092 0.778472395469766 -0.175221406603647
0.0496120468809925 0.0148846543051945 0.526212279263843 -0.166990441884502
0.0579298258148074 -0.00364135239103461 0.231377730250534 -0.0705384678918375
0.0513263912082077 -0.0147543000396132 -0.0585680492461337 -0.023278793340951
0.0513751972676128 -0.0197590470121514 -0.317339910427883 0.134599819692352
0.0457109318152596 -0.0134994388817434 -0.505714527850354 0.313281265501594
0.00888017932576465 0.010339921177369 -0.579009254461099 0.485495451673499
-0.0366331753630486 -0.0185489501904372 -0.581114767431487 0.521224058685526
-0.0102457865715848 -0.0603127534581762 -0.501391911319807 0.460490042449956
0.0109641862656997 -0.0394577210443585 -0.325551216483971 0.378712091590148
0.0101244322361775 0.064845465010251 -0.225366055628725 0.27249120046735
-0.00502036932824948 0.101509961025063 0.268868334535552 -0.1624529572065
0.0517107184250982 0.00345843784522288 0.373173232845877 -0.252047189061773
0.0343242181265153 -0.0368507530177077 0.648078760194148 -0.095832937588975
-0.0153471097099428 0.000890961073450357 0.849901913174452 -0.154412924542247
0.041988694889413 0.0267203605644925 0.755587604580088 -0.222829626491805
0.0643533336134093 0.0120697606355066 0.53017490183772 -0.18989366974868
0.0743706962404868 -0.0126076894641377 0.249956170160745 -0.0812144738316619
0.0670219648540588 -0.0214040113843206 -0.0416953534889978 -0.0338835010260536
0.0670161763850077 -0.0263310377033799 -0.305914393736638 0.117920249872877
0.0607919999064075 -0.012439274053941 -0.511056703725016 0.286372885178298
0.0107684107874974 0.0184738240416675 -0.610968754853846 0.453187853643545
-0.0473384245620102 -0.0183168300152785 -0.631912346525185 0.48461730139938
-0.010337363553283 -0.0711326321114291 -0.536525886046923 0.415952090575548
0.0189813716502166 -0.0318570868652865 -0.340790471416627 0.361875481266917
0.004934500994105 0.0886736362605644 -0.234270882570169 0.257297786944081
-0.00111748706734423 0.106121919351782 0.254407771027286 -0.189777899201176
0.0496158449186875 -0.000826989073747971 0.362492052334126 -0.259671680504463
0.0248579525869013 -0.0399212571401716 0.640954793596271 -0.183081204902949
-0.0206778529955202 0.00406372971033917 0.80388803537072 -0.258508036302595
0.0437215414331086 0.0243740584418921 0.72353848546646 -0.290921788995123
0.0703010912622591 0.0056959281587323 0.530422054058689 -0.227748585100924
0.0808417887165602 -0.0187610533013494 0.269494431250441 -0.0995881116779207
0.0740643635062879 -0.0237810873859874 -0.0195693541733798 -0.0473177342042677
0.0745587903952461 -0.0278244869043455 -0.289549365674275 0.0968080534197164
0.0678748004623618 -0.00765021035934543 -0.514610331882415 0.245564306847685
0.00935754326579073 0.0234467392000897 -0.653482748761935 0.400982228982316
-0.0536860199296011 -0.0248624295946501 -0.702393193946162 0.414555422578387
-0.0039058429580504 -0.0788524340477473 -0.583889009168886 0.346803087836196
0.0207020239677006 -0.0218626889602342 -0.358351354520943 0.340686519454937
-0.00879117370687756 0.0989046509079461 -0.247847520368235 0.240351596009081
0.00190211886875958 0.0952758295021889 0.240740479676989 -0.214842933235111
0.0378161947250292 -0.00770684691286499 0.350358861409776 -0.275922935083947
0.0169013402423396 -0.0358350976660018 0.615696288967299 -0.273131544315538
-0.0182457681071643 0.00658619662232928 0.739003272333381 -0.36107613492145
0.0431774740387306 0.0150488862441868 0.681920647986169 -0.362357576750937
0.0660529131701982 -0.000498752213199841 0.525564254296394 -0.274809437039655
0.0772528191447272 -0.0209966405461706 0.287219291923982 -0.122728387780011
0.0720030618359301 -0.0232601373931975 0.00428077237012348 -0.0604488068570152
0.0746856720923417 -0.0249381178874327 -0.269657977893697 0.0741285031252853
0.0651476183773481 -0.00135883449264156 -0.51587553455871 0.198173157400581
0.00306450651976846 0.0239829180974966 -0.696386483897687 0.333520988667699
-0.051464838209418 -0.0372733890383612 -0.776599295936158 0.322500790730849
0.00711467958476559 -0.0785428903199975 -0.627685115852501 0.258807041704435
0.0135752169778858 -0.0107760413175382 -0.371220991061851 0.315747301894832
-0.0235342003936141 0.091419628849985 -0.261699172453682 0.22371039336299
0.0136976743810546 -0.0671231631650605 0.295497622959145 -0.152478396896879
-0.0209922429192808 -0.0316860315305738 0.369747904472508 -0.282618560332272
0.0356598827401413 0.0301786058572493 0.619376396329146 -0.134310994033935
0.0627027018310664 -0.00596488154149919 0.839880210978158 -0.20253241575969
0.0202110312238045 -0.0405129650973336 0.754545893208153 -0.292967007745399
-0.0320605669835615 0.00271808676900956 0.512575140252555 -0.234902185792319
-0.0310298770711085 0.0314209641453662 0.232697450085021 -0.097403814266595
-0.0382244687168417 0.0217065433768332 -0.0483098480706522 -0.0263264234128186
-0.0329511817076943 0.0227139127724867 -0.314342105296257 0.107441720697047
-0.035435676648189 -0.00242397571335679 -0.524801504417757 0.262483326878696
-0.0189969587750926 -0.0349918587911856 -0.635933479489777 0.422038665748244
0.0265781820313655 -0.0491539239361774 -0.667679270592533 0.440666425426916
0.0222907281290734 -0.0110882493540464 -0.574213239969588 0.38478900251167
-0.0420396340722967 -0.0479988642787389 -0.344481514204255 0.348091880759536
-0.0025316544796217 -0.0784763965236892 -0.24589636316332 0.276194853156344
0.0179456412193299 -0.034355898521666 0.296995110070306 -0.129546589218498
-0.000233769754643457 -0.0304092896855443 0.383447345260142 -0.269198530965282
0.0343782073354773 0.0178243296582116 0.627016700074817 -0.0599468128007621
0.0487132813665622 0.00132802784781041 0.872828927386093 -0.105914471938653
0.0270414521860472 -0.0243997525316094 0.780100371933474 -0.22167272515525
-0.0148601588056727 0.0041345942429552 0.517438578888562 -0.197158734915439
-0.0147122822552595 0.0232443069098904 0.220749141864999 -0.0810270750793981
-0.0179605025526467 0.0142383868270854 -0.0628991938145626 -0.0173242653194174
-0.0137841060655997 0.0142827707919703 -0.323654584431789 0.126171435161571
-0.0164930856198054 -0.00377695741177867 -0.516014218479241 0.298556288419254
-0.0142478631122605 -0.0235664062363212 -0.596512260389457 0.465621104162375
0.0107041501345434 -0.0436179781690965 -0.606857989556883 0.496323061001078
0.0155561230631448 -0.0241669692221341 -0.528268141298577 0.440327065054273
-0.0278575417111181 -0.0446382763315722 -0.33015816382741 0.366524502611843
-0.000709891628049191 -0.0430178666056247 -0.231799447419349 0.283759604068254
0.0116940561351393 0.00631067414195101 0.293518931194541 -0.116433171545376
0.0198377574889171 -0.0208635704309014 0.390640060990958 -0.257355185434754
0.0377547398816843 0.00363558488223245 0.628725372201376 -0.0160019263848305
0.0305996560334025 0.00244512203544197 0.889715133065336 -0.0408427922215998
0.032905468644948 -0.00623373380037208 0.791480159667001 -0.175718577803413
0.00679599289667958 0.0077942801332162 0.519618208373313 -0.170100776356139
0.0106210812046919 0.0139761801903786 0.215804115298174 -0.0699876225115641
0.00542354410297992 0.00413093579322159 -0.071526259886073 -0.0138728053656025
0.0088456244433067 0.00357792664854616 -0.325576307836687 0.140376241219038
0.00435701069679977 -0.00657554980640068 -0.508392714780113 0.321343144927074
-0.0064535295141114 -0.011935341652704 -0.571360117367006 0.493415086144971
-0.00631129587624674 -0.0340173466493176 -0.566317797624614 0.529608806457523
0.00695709359355738 -0.0364815356883627 -0.496029082151303 0.472266546910035
-0.0142870123989588 -0.04401585425774 -0.32086198758929 0.379020239284846
0.00482881363057375 -0.00457318450496425 -0.222350391546887 0.285378485374932
0.00255989226117891 0.0480600613415582 0.287843253755102 -0.119144894949607
0.0354525372274307 -0.00680396573923702 0.391345849540613 -0.248860824088182
0.0405366932942981 -0.0118746605744253 0.633244520137661 -0.00479966863714215
0.0117259664709646 -0.000272494046503789 0.886981755470875 -0.0280730311856927
0.0349981518640746 0.00999808025898944 0.790001669159449 -0.157199807468137
0.0292427640647534 0.0126341255416775 0.521760444492937 -0.159592458746251
0.0355804093002154 0.00476671098599763 0.219391514034492 -0.0667081260510836
0.0293448302875884 -0.00548537693664913 -0.0699218437464304 -0.0154207369056829
0.0315989065423152 -0.00787956065108625 -0.32324410336527 0.142138100177044
0.0263515970439915 -0.0108013009170673 -0.503875405374461 0.325202924937471
0.00201965666791552 -0.000998980840498622 -0.564694903380045 0.498989429568697
-0.0212677434631801 -0.0243668100316697 -0.557251910695725 0.535949729709479
-0.00350317205250372 -0.0480759370106286 -0.484252423187408 0.477509968376095
-0.00015794576852958 -0.0433360430750186 -0.319554468951275 0.383310106428781
0.0101395834698186 0.031873560576823 -0.220766839306532 0.281097033153841
-0.00384867314059555 0.081263625626629 0.279930587268889 -0.135054101904747
0.0473187891896491 0.00159047937980332 0.386182819285538 -0.246896064719617
0.0397634720442798 -0.0264449824235178 0.640829716718724 -0.0329233762115618
-0.00432461262461523 -0.00118229401035436 0.875409789736883 -0.0690151049155147
0.0379272784607587 0.021739298849869 0.777160611503791 -0.173746545429266
0.0491728952902346 0.0153014057037928 0.525658478235008 -0.165812869394944
0.0574715996918972 -0.00420488281047511 0.231098594402433 -0.0704258393371026
0.0518875162509615 -0.0143849619179196 -0.0587735745883253 -0.0227095898715041
0.05145709354972 -0.0188484041853356 -0.316022755879471 0.134799646077734
0.046099089246216 -0.0140614806420562 -0.503502649574045 0.312485349428845
0.00847295541857862 0.0094110600277951 -0.579419811972807 0.484335072875209
-0.0352808040481352 -0.0180917094671542 -0.581553121474371 0.520784034201263
-0.0097837466845631 -0.0606225198872364 -0.502033703650187 0.457295778375089
0.010657967301137 -0.0396696532552454 -0.326836243604436 0.378513539640209
0.0111400808929623 0.0651665389916148 -0.22566383854345 0.270139963793981
-0.00516469401751192 0.10174357470364 0.268692617708367 -0.160218478265189
0.0514834941299409 0.004022145954114 0.374607037812908 -0.250574534410725
0.0354044755582803 -0.0361730907046864 0.647241795285283 -0.0960128591776321
-0.0156875237001157 0.000734431002008267 0.848627548315893 -0.152208263192748
0.0415402190306996 0.0262956330684693 0.752411138511622 -0.223447237206088
0.063369602886375 0.0125408939177129 0.528901193555008 -0.190472382914134
0.0738258562769162 -0.011951173217833 0.248816135283054 -0.0809838372948298
0.0666746036957311 -0.0213198831100092 -0.0417184862130055 -0.0337037046016867
0.0667164794837984 -0.0261582185714813 -0.304749636533384 0.118185502946436
0.0601749589013267 -0.0127125803337565 -0.508821583022744 0.28316802001449
0.0117125207435419 0.0180275673763983 -0.608667178517431 0.452162224200256
-0.0469146206307722 -0.0182481671881249 -0.631265439852279 0.479164227544801
-0.0102980151392691 -0.072186601957189 -0.537974297017499 0.415153292620909
0.0188940251634044 -0.0312578941982713 -0.341718628456579 0.361823040566155
0.00424427790463514 0.0882121675895279 -0.234649400916336 0.255867871971144
-0.00125287366303564 0.106010165142966 0.255437692372436 -0.187332578692451
0.0488716251718789 -0.00111211564586736 0.362666787814404 -0.259785080134801
0.0247960797041868 -0.0400522597833606 0.640464794910447 -0.183057749498491
-0.0199120976638872 0.00427056286726867 0.802370334716651 -0.257171159617005
0.043800250511805 0.0244518110400266 0.719560440783128 -0.291887353452417
0.0700301636182341 0.00638817887782793 0.528376043443049 -0.227883584863999
0.0803043669412293 -0.0181337664052322 0.268743147328636 -0.100113599652575
0.0742197894847867 -0.0242510552957966 -0.0194254470789093 -0.046986189577001
0.0750345497309463 -0.027756136079218 -0.288207766852351 0.0977818774370163
0.0673509417851621 -0.0075694797175878 -0.514071427105231 0.244557488020667
0.00883404323765334 0.0242334520497142 -0.652041245940194 0.399804771822986
-0.0533192232327847 -0.0258863216939464 -0.701773012053297 0.412623225126636
-0.00428564920793334 -0.0794409117552428 -0.584487683127789 0.347735144320902
0.0203053455781816 -0.0209400839649283 -0.357820351871487 0.336322088621543
-0.00826020639891532 0.0976896255963426 -0.248363630459136 0.23967419444607
0.0024067908915155 0.0957407768038022 0.24011257735763 -0.21388428137964
0.0380842157691552 -0.00617423491182743 0.350329181258955 -0.274490895481063
0.0172994559638345 -0.0356759637957085 0.614095309695587 -0.272991256484449
-0.0171288022712795 0.00668866539435886 0.737462311639659 -0.360085925536611
0.0424465474643821 0.0152592744764504 0.678684872667624 -0.361895835585917
0.0660312739208992 -0.00153114234489264 0.52416356927431 -0.273561803779464
0.0764830173364969 -0.0216708641502499 0.285717249266103 -0.122569541061902
0.071229708677426 -0.0236584482404804 0.00358103061358448 -0.0604830754336152
0.0744443955405344 -0.0243809705784262 -0.268919636031288 0.074288968985287
0.065489112590338 -0.00158209268153433 -0.514378486005152 0.198035912802288
0.00340126495555388 0.0230388652697088 -0.69510061505822 0.334066107341071
-0.051773890735033 -0.0380541209150124 -0.775506675102809 0.322518062813127
0.0068973952766922 -0.0790163207324722 -0.625551330157732 0.257922036331534
0.013986547546057 -0.00977703820105923 -0.371029666264994 0.313918479691301
-0.0230807192721313 0.0919168343800022 -0.262323310654944 0.222380621744525
0.0140330382369023 -0.0663263064511294 0.295205257043559 -0.150690109596463
-0.0208672716230887 -0.031466242135758 0.371405849753149 -0.280648185365895
0.0357512521497505 0.0293433775411016 0.619226165728482 -0.133468888118791
0.0628729107491142 -0.00552609729574863 0.839838605146108 -0.20128894763166
0.0204618985545862 -0.0400684145358255 0.752664513320261 -0.291189513840744
-0.0328671376251055 0.0023411894879799 0.512046744727433 -0.235168331237491
-0.031261529741222 0.0299116965712785 0.231887756417668 -0.0967750625686721
-0.0375489653425262 0.0213148943372355 -0.0474739922495571 -0.0268374705541471
-0.0332380435261907 0.0222667466071664 -0.313962166432597 0.107930643850257
-0.0357778952297625 -0.00258468999892338 -0.523938756052431 0.261375400345131
-0.0196701482465341 -0.0346892033857119 -0.636176140337596 0.421240203433108
0.0261184565673493 -0.0500574972109565 -0.669063544151896 0.439362435711829
0.0217893680054552 -0.011913175209067 -0.574101610171444 0.3826799161285
-0.0425104723821992 -0.0473750175397258 -0.346151005638582 0.345700191799123
-0.00198158337000756 -0.0774786117499477 -0.246402714844704 0.275349139236868
0.0176076370159417 -0.0339547815788628 0.297200159315105 -0.126875638779194
-0.000873461286334358 -0.0292700341913816 0.385744469915609 -0.267336797918308
0.0349781724376728 0.0183236726118217 0.626050156165227 -0.0589174309604653
0.0485949218518675 0.00111331908263871 0.872871547690991 -0.104174488793073
0.026993246835829 -0.0248049076235501 0.779842036949717 -0.222211675093202
-0.0157742953708309 0.00378072245661658 0.514616836189086 -0.197124927743141
-0.0129504737461071 0.0222072651223522 0.220104357773084 -0.0808716573350755
-0.0183193840149579 0.0138762489637812 -0.0629213084893989 -0.0189068950843584
-0.0136058319252047 0.0142982316356148 -0.322609455716913 0.127388242851249
-0.0158179486633761 -0.00334592609160996 -0.515493219542822 0.297030235801354
-0.0147180957698143 -0.0236626896374691 -0.596323109358705 0.463525328512273
0.00997341707798457 -0.0435079571930287 -0.606254561138389 0.496746334180685
0.015683020781745 -0.0244867541243065 -0.528473946548342 0.440560106240998
-0.0281597738481795 -0.0446141547027303 -0.329952565178534 0.365601851105397
0.000885507329006861 -0.0424193106079471 -0.233090162391936 0.281618769422867
0.0120000436167959 0.00676672408764569 0.294178175699846 -0.114232855898253
0.019671570700949 -0.0199499239695249 0.392736484100618 -0.255956381331657
0.0372843637634019 0.00303686474759375 0.628442225540816 -0.0145308263357607
0.0306629443575314 0.00229680119161579 0.887984989154785 -0.0395390227047696
0.0316902544090034 -0.00712372415892136 0.789996702316238 -0.17331911255382
0.00631093579516398 0.00804320693896088 0.518665240755059 -0.169360877987537
0.0103743315408671 0.0142483043929162 0.215533343354327 -0.0705659961265696
0.00595082024070942 0.00501350607206387 -0.0717109977248536 -0.0145406834425929
0.00898307943954032 0.00363096391462518 -0.325755743659935 0.139710608083591
0.00558058012851335 -0.00682380522702285 -0.507670228764335 0.319265505572572
-0.00593433924676863 -0.0117749917405923 -0.570501799902525 0.491731720112047
-0.0062870448166745 -0.0337378285346309 -0.567485793637564 0.528484835021292
0.00646693306461502 -0.0367811044991541 -0.494462076608793 0.472514653602029
-0.0142250116133057 -0.0433308029925994 -0.321668956741056 0.377258532305614
0.00569534421414463 -0.00487401840582808 -0.224462821308922 0.283969336303428
0.00203845442625775 0.0473183652108816 0.288555945664627 -0.116978789362836
0.0358515002395856 -0.00785790568728504 0.392713135134412 -0.248528794721037
0.0407725664643032 -0.0126189518075342 0.63211156151366 -0.00630245498525557
0.0123010977395879 0.000229733379945102 0.886835498682673 -0.0274501749672856
0.0345019511600213 0.00917687184451801 0.78793813631856 -0.155347084830444
0.0290189050542742 0.0125895418279691 0.521455049824227 -0.158204899655454
0.0354059338312328 0.00424062250907554 0.219430016854788 -0.0654078270231865
0.029298278593792 -0.00555711880461098 -0.0695298588182779 -0.0157756232627963
0.0315262896873494 -0.00937779337181803 -0.323391720583783 0.142691558832258
0.0264013031222433 -0.0114434228997604 -0.503573490624783 0.323939388374112
0.00188968636616493 -5.64034019740235E-05 -0.562884337263057 0.497226261115352
-0.0206676034813911 -0.0244976723560261 -0.558292073642685 0.534546983805703
-0.00364985490910876 -0.0483635680877005 -0.484948444871969 0.476386914529484
-0.00174608409184045 -0.042020449421853 -0.318253431661402 0.383060179788389
0.0109685915623962 0.0330046602658527 -0.222566778470851 0.27983463112969
-0.00461860605961914 0.0810244713969122 0.278776098985828 -0.133313146024645
0.046476845895456 0.00183332750094297 0.385348153875069 -0.24756794536206
0.0402242078486649 -0.0268340372917817 0.640887143174156 -0.033861564479402
-0.00344250398990532 -0.00162435000226491 0.873381753666955 -0.0673430013586287
0.0376762507933503 0.0218980427228981 0.775371281506197 -0.172238250442883
0.0494745131738472 0.0154957825742002 0.524250234508996 -0.16521699624293
0.0581181492863719 -0.00408609142227753 0.230978139112486 -0.069180822492446
0.0510925392210915 -0.0147272497776082 -0.0591345971643606 -0.0232923817282187
0.0505135177388657 -0.0192119640002046 -0.315469147894661 0.135237991524824
0.0452295520040404 -0.0135682053821586 -0.503532293382016 0.311481645149885
0.00826164546873723 0.00977408569278125 -0.57786055194922 0.482984070002949
-0.0355848190519223 -0.0181228618603685 -0.581607205479792 0.520126109547137
-0.0105165442511469 -0.0607979644727128 -0.501547639261172 0.459590764411626
0.0101668239345747 -0.0389019025320728 -0.328282641915218 0.375635415650506
0.0110944558265262 0.0651765504403536 -0.226078741043751 0.269863945018195
-0.00473449088229903 0.102370302625166 0.268887852993146 -0.157825441843679
0.0511345454437543 0.00394637521373985 0.374926588565374 -0.248982630147206
0.0343501573146069 -0.0370595857128012 0.646651943053317 -0.0961396525759625
-0.0149623383650669 0.00035139552096226 0.847155833826167 -0.152988618988804
0.0411610143015293 0.0269842259642525 0.751394215100706 -0.220761443309824
0.0632660549981221 0.0127549976899947 0.52654899967135 -0.187494857624671
0.0738910843674654 -0.0125687631104167 0.247875144930962 -0.0813365616184262
0.0666614282676885 -0.0210736806800673 -0.0410698969729185 -0.0336351113895378
0.0669775273506491 -0.0264507827112183 -0.303875348672066 0.118917184467469
0.060237301022431 -0.0129988527608968 -0.508152759160436 0.283870112194203
0.0108106399457322 0.0186305393739556 -0.60894776588749 0.451758943029367
-0.0480108091158587 -0.0179891137352626 -0.632643694591468 0.479763735217175
-0.0101225759006399 -0.0719492893033985 -0.537094609806292 0.414137357278911
0.0184048009519308 -0.0303938576257964 -0.342335353002694 0.360167047737235
0.00473396806329616 0.0883208354042259 -0.236216979306332 0.25472826649267
-0.00091369873998029 0.106956794700749 0.255739703353994 -0.186631123852688
0.0484102901908734 -0.000753744311890527 0.364278674523997 -0.258272903509873
0.0250554718310255 -0.0398832003214815 0.638842740255335 -0.183878189724572
-0.0202377298604659 0.00393538404657556 0.799107515310331 -0.257254574750611
0.0432247026804049 0.0240433695120699 0.721599646577649 -0.289087168139504
0.0693002597043999 0.00625048317028019 0.526151483230026 -0.227387533557109
0.0807695053006689 -0.0188560995676928 0.267566483861896 -0.0994636402170111
0.074315537470953 -0.0242147780405275 -0.0185610124628461 -0.0465906156575995
0.0746903550225698 -0.0277783511349175 -0.287546227363444 0.0971057212698939
0.0674216696514823 -0.00826735658687243 -0.512105798956559 0.242719586541807
0.00847314632009503 0.0242150835945638 -0.65055124772047 0.396936514658404
-0.0526589172235332 -0.0253948619461656 -0.700653164140687 0.40987619820644
-0.00425071137195104 -0.079651849205171 -0.582687140109375 0.345351628714372
0.0197798605543694 -0.0195853139712292 -0.356557986195697 0.337097114326565
-0.00805014883682255 0.09790482235364 -0.248748441545281 0.239346722618213
0.00221643696282886 0.0957413257644482 0.241664670004583 -0.212340033658453
0.0381366634188392 -0.00599898194214835 0.352277744285158 -0.274896074150615
0.016169991484751 -0.03547194042778 0.614570121645661 -0.273751442673917
-0.017471745462781 0.0059627872219115 0.737356204308703 -0.359629856257001
0.0422593096567123 0.0155510563348223 0.67800595656481 -0.360362280201974
0.0658997555299499 -0.000847525260639423 0.522593540885469 -0.271501279921248
0.0767135772287096 -0.021962648384943 0.285803410425066 -0.122888227280894
0.071292788130542 -0.0235183096088291 0.00424746066615344 -0.0606761040947919
0.0739699162930939 -0.0252764437710319 -0.268735006079155 0.0744027607551473
0.0653216898016636 -0.00150321243560482 -0.513468079926386 0.196072121471508
0.00405017361569027 0.0232465807562245 -0.694726600089809 0.332000552926092
-0.051004753427743 -0.0372516244656549 -0.776380380944012 0.319051352433779
0.00613611012760124 -0.0795015605009266 -0.625698734223931 0.257031034675149
0.0139015234741734 -0.00921262243380781 -0.37187240040744 0.312138151316968
-0.0230932982922147 0.0906863833869589 -0.262064158986484 0.221892049764093
-0.0171317875622166 -0.0676072839594353 0.207433186227419 -0.26019758781601
-0.0396357629171703 -0.0205276404470066 0.217753504750884 -0.414454468828179
0.0357905565337786 0.00751510891952869 0.504825117294497 -0.386054934183664
0.0419511427623489 -0.0379844516498139 0.680181357122748 -0.545853955313622
-0.00989893068084863 -0.0497296856845528 0.55152801820745 -0.590772647318274
-0.0331336052189851 0.0135152609701135 0.359195335552624 -0.430677694999291
-0.0159487459694976 0.0391687709792575 0.16877484554101 -0.186008007246016
-0.0265296813999931 0.0354586885783317 -0.0547881693346316 -0.00340386815250959
-0.0224094500673556 0.0343972256301713 -0.237315261156502 0.234289740492559
-0.0333626879619929 0.0146302651225857 -0.36021588783645 0.462641379853898
-0.0332463980126393 -0.0193044850085238 -0.390956822853179 0.64864253521792
-0.0051471546436936 -0.0490254585287432 -0.415388537158216 0.680103071201353
0.00715643193762486 -0.0177148401831361 -0.350684238840357 0.587875898528765
-0.0645242409570666 -0.022474653443618 -0.166986704774534 0.455285407341242
-0.0368606941398356 -0.0678202659806595 -0.10826218272145 0.354706665130392
-0.00125713977451274 -0.0394600175644462 0.219431076723019 -0.238229696028973
-0.0204279865980787 -0.0276150293477005 0.236628683975206 -0.407621525987377
0.03127790796716 -0.00407517531139094 0.543498784083813 -0.321708938762867
0.0330494745600388 -0.0277364102722913 0.75055307519612 -0.469357272361992
0.00256047849916921 -0.0394635688982039 0.606448175192765 -0.538674976048038
-0.0161809382931285 0.00729751617322392 0.379878387868383 -0.400129253197282
-0.00305772321285992 0.0247545791457854 0.165372713804391 -0.16586033564599
-0.0113537637880879 0.0206378759839152 -0.0652755803853009 0.0113209929834552
-0.00770617690862474 0.0186538512730401 -0.237046042436097 0.255131288079531
-0.0169384710817976 0.00669134066005279 -0.337437110364858 0.491023555126141
-0.0237012548876711 -0.011924176529285 -0.339445243550835 0.673662627429587
-0.0161052537944142 -0.0348200808850225 -0.335797909675443 0.704970090618209
-0.00277099402236032 -0.0259483887642138 -0.286810274259373 0.619915558610232
-0.0503225443042643 -0.0241940968526227 -0.145463822408318 0.467397862577831
-0.0196133824266921 -0.0376760193559582 -0.0941432071892454 0.355587319634625
0.0088825881709754 -0.000572087141274937 0.222690533113577 -0.224462905332964
0.00154136220420464 -0.0256329473985733 0.248410454878474 -0.401391015395711
0.0279599089246925 -0.0186507680940626 0.561880285037163 -0.281402378911557
0.0174890981958661 -0.0203256394681335 0.79048636948613 -0.416709867940837
0.014249167309922 -0.0260955982334188 0.638835439159354 -0.49991236940482
0.0057607382633553 0.00263526264922852 0.39377418205968 -0.375468009111068
0.0143670207633267 0.00772139843664462 0.16598568396996 -0.155496948614908
0.00701912059163867 0.00278673744282025 -0.070210073579674 0.0177857861924013
0.00832356044727796 -0.000926270784714559 -0.233724171656705 0.267675762231559
0.00165516728035926 -0.00563305496985171 -0.320052353339127 0.508832194668474
-0.0113150305596338 -0.00426377863425956 -0.303659435612285 0.686074802806192
-0.0263623493126024 -0.0192739466660818 -0.286786934998061 0.71869698645937
-0.0173951767402139 -0.0332394190435181 -0.241747567030781 0.634877035199388
-0.0365035069673164 -0.0293843474697157 -0.132084701067833 0.476183311012499
0.00284611113497152 -0.00399386687005323 -0.0877193878514114 0.351951086672666
0.0163463805886991 0.0400035740430883 0.21684163929769 -0.223760035206697
0.0208747084658042 -0.0207523598355623 0.251497844849178 -0.393423983107248
0.0248763600029441 -0.0344855796664964 0.568760071468194 -0.274812677909069
0.000405161375110229 -0.0146858578101028 0.791943577641588 -0.406004770223258
0.023886844802265 -0.0125368288152205 0.644077667273081 -0.482007093346269
0.0271691867022289 -0.00233429961175757 0.402509568131721 -0.367153949069684
0.0337512556728744 -0.0117794188754246 0.172549851844921 -0.154049878404964
0.0259121935579466 -0.0168838997303309 -0.0692078465626395 0.0151762593333317
0.0233514983726691 -0.0218363501042498 -0.230961213145109 0.269987513256643
0.0197665566242201 -0.0191086766435413 -0.313264087576287 0.510628834489411
0.00234043611688329 0.0026464982760209 -0.296396234219388 0.689054410639396
-0.0355633019823435 -0.00299893151645508 -0.276660070602632 0.716370121239528
-0.0305615636331939 -0.0397607547934011 -0.231191837822164 0.633995600724552
-0.024237480717953 -0.0334837445524767 -0.128364117806588 0.479484656017643
0.0242267868998389 0.0281023317817779 -0.0890119321565395 0.347561668015807
0.0229803633365228 0.0741728086368006 0.204288198822179 -0.233674565622838
0.035228349287306 -0.0161622920079304 0.248325287737847 -0.390006365011411
0.0189169032989299 -0.0473832244087299 0.563068050951885 -0.303519182890286
-0.0142733264105897 -0.00928938269914769 0.763183712928367 -0.438169354104991
0.0311205399167104 -0.00229306361394577 0.626668474653381 -0.491764641423703
0.0469684738310783 -0.00920904743941811 0.402840542460169 -0.375029014466311
0.0505463879401402 -0.0282504214461877 0.181564279202956 -0.163026952067834
0.0417306606855125 -0.0337665025241 -0.0623188475319191 0.00445568829292175
0.0377104763073123 -0.0390405174180038 -0.226216031636534 0.260620538740961
0.0353493372125822 -0.0284897680972736 -0.31820006920561 0.499647699530108
0.0107041195006853 0.00935632222064721 -0.314600723661652 0.683159758460783
-0.0461486304826837 0.00683011071382908 -0.306620877894025 0.712363900512364
-0.0417573826208602 -0.0487338403134884 -0.251727245370249 0.623549362012574
-0.0120335240862531 -0.0354585967454994 -0.138093817740284 0.477573792436016
0.0389161612252845 0.0581394409955667 -0.0995009347845156 0.340982092963151
0.0296705865923238 0.0921513188622056 0.184651272883629 -0.252760442410854
0.0393018528262463 -0.0166796931466167 0.236777349940826 -0.389115452861389
0.00851542037480972 -0.0532621316869544 0.54217572343177 -0.364558758645967
-0.0247343549513221 -0.00110850500993618 0.704261765911914 -0.503110008263142
0.0364984912597225 0.00152393573891629 0.585767193529028 -0.526249063736678
0.0588611370882353 -0.016463945021654 0.395151598356182 -0.39818082404447
0.0614223235627099 -0.0418950594848365 0.192388298205471 -0.181721275087416
0.0535811102451516 -0.0465541784187326 -0.0508160214427125 -0.0127011400794598
0.0484737589737781 -0.0523598099085818 -0.222714315269444 0.240609532018056
0.0490557930406193 -0.0340330210332228 -0.33623421416449 0.476493137088029
0.0178544068989361 0.0158846709664126 -0.356842174570671 0.665470693510853
-0.0567859813069231 0.0104831175749031 -0.371090506456839 0.698412330067928
-0.0469914201153251 -0.0595016289332547 -0.303364454983296 0.598957812110736
-0.0014016170675626 -0.0319369392200301 -0.158050975602939 0.469771500258409
0.0426435167824384 0.0825980989471195 -0.114440762152466 0.330712821411947
0.0358055798154533 0.0970012503235562 0.162329046507367 -0.272260998853007
0.0357536804817801 -0.018882458293952 0.222445079763487 -0.392035621355414
-0.0015642914973724 -0.0511245300567855 0.498651941225986 -0.438091785699538
-0.027924463439792 0.00539452019499578 0.616937058271172 -0.576654671870145
0.037172388349173 -0.000262125736655289 0.526406263030132 -0.572976699168008
0.0617873807651626 -0.0246995231901292 0.379564699976967 -0.431362625442247
0.0649806577496423 -0.0510320378547179 0.203003995005583 -0.207188018742613
0.0582576884334126 -0.0526108472172201 -0.0358131632576227 -0.0345451226682079
0.056593307156853 -0.0568271764206938 -0.216350082286513 0.214725092539693
0.0581886133922685 -0.0329578161450718 -0.356924405860829 0.442228235575872
0.0177180886071409 0.0219199306920138 -0.416306580487176 0.638942292192145
-0.0667353821543559 0.00662431229948033 -0.462008547698085 0.663872665672036
-0.0448199435081997 -0.0688029565868377 -0.373510009121386 0.557938060143195
0.00438118915331073 -0.0222914188993421 -0.182263902484928 0.455665625154881
0.0357348828664265 0.0960563931252709 -0.134399135825961 0.319601575229272
0.0337461822329014 0.0860153536811932 0.137166255828721 -0.291477248230876
0.0235730497804815 -0.0199503321594838 0.204287610839324 -0.40058865131012
-0.0087509009164866 -0.0426968451685525 0.438010545335693 -0.509037878604473
-0.0253215144274161 0.00774098136977357 0.513539727812507 -0.64070191208313
0.0319939645933688 -0.00623932008270926 0.456117933049336 -0.618459937096614
0.0545223361309315 -0.0290536105993362 0.355578257617959 -0.47128649637345
0.0617912905173094 -0.0514829260389831 0.209495266999636 -0.2364220169021
0.0563110907708052 -0.0500853811938944 -0.0212297534237501 -0.0559858552221434
0.0563101534248355 -0.0535350292289282 -0.209338007137091 0.185139575535293
0.0583635886074333 -0.0272400760919634 -0.378782583596761 0.402536201738949
0.0117510335747954 0.02496301208468 -0.484877897132701 0.595877920665761
-0.072585551843975 -0.00510084588173111 -0.563457463223615 0.611860559413494
-0.0353574149174479 -0.0755188855446646 -0.448118675765179 0.496720133659454
0.00411193259308155 -0.0100706639132812 -0.207129849262381 0.438030226378079
0.0188943649315778 0.096899245529588 -0.153104984185016 0.308161490036859
-0.0170403108747075 -0.067095043094225 0.208169277091559 -0.260132750625037
-0.0393374810295281 -0.0201614951662455 0.221244841636728 -0.415224391445198
0.0355560352789934 0.00756144289907134 0.506951451300312 -0.386980823238432
0.041810687276928 -0.0383966330609906 0.679129709331756 -0.546851339341827
-0.00997858939325951 -0.0494297190247464 0.55094298476902 -0.590846494494045
-0.0328164347301055 0.0146830757091733 0.359215377422599 -0.432727536766718
-0.0157052332241679 0.038788390957229 0.169840434138596 -0.186430751077536
-0.0269004318584935 0.0360358811307536 -0.0547891119665228 -0.00375269065524207
-0.0220770841716136 0.0332810580730935 -0.237553524210677 0.235632985160111
-0.0339009438150885 0.0146923478527089 -0.360745120032162 0.462509244316925
-0.0338758843998379 -0.0192848370493086 -0.392761664976229 0.650264134341921
-0.00555768318587007 -0.048274242293837 -0.414148661332245 0.681795068375663
0.00765644490994853 -0.018640699943722 -0.352181179087832 0.591294105602578
-0.0645735152101458 -0.0222461606549767 -0.167863535184665 0.455514179110528
-0.0366375555100171 -0.0686506854029161 -0.109036967250417 0.355898765979392
-0.000997217321592924 -0.0388563241975005 0.221184042986979 -0.238408012011118
-0.0209994165388016 -0.0276351062758643 0.23918293036325 -0.408353387075671
0.0309289955342013 -0.00389289922190401 0.542700378482724 -0.324156678958822
0.0333372947533394 -0.0281237754075434 0.751508566108885 -0.472611736571451
0.00305023319482632 -0.0400810300485094 0.609397302681441 -0.53925370610862
-0.0170339552504332 0.00814961989366638 0.379423263836993 -0.39980370790748
-0.00336775708369922 0.0248805892180794 0.165974326651449 -0.167860279337779
-0.011448748395204 0.0209143529092838 -0.0656057050717607 0.0107581306682996
-0.00762772203809694 0.0180270569966416 -0.236729031412086 0.2571584012445
-0.0162833248390531 0.00702313302396529 -0.338001638573146 0.492686353197171
-0.0226651007193349 -0.0115666239505176 -0.337565078113365 0.676085737544038
-0.016325078944404 -0.0355644790847012 -0.336201081029382 0.707304208473672
-0.00341321256191373 -0.027206219156851 -0.286294376128739 0.625240255380996
-0.0500373053698319 -0.0238141224152561 -0.146119823477057 0.468822756840926
-0.0187871774611722 -0.0371260407647242 -0.0959677295878983 0.3570264697034
0.00930980266513859 -0.000143237240967466 0.224462870596699 -0.224083386514319
0.00178267167069425 -0.0261079146195876 0.251157550629902 -0.402958453247833
0.027810730416139 -0.0189190286998572 0.561335082612907 -0.284149260600746
0.0179061819703361 -0.0206187679617456 0.790337913955007 -0.420710483171126
0.0147855506671693 -0.0258211543848957 0.639627471350351 -0.499175724434857
0.00512582998635378 0.00296726509634213 0.393317175864976 -0.377011258456901
0.0152877824649305 0.00711020512927717 0.167007391574405 -0.156812253730709
0.00679757536743644 0.00227187851489301 -0.0704767883571904 0.0181531924420204
0.00829689301051729 -0.00167924249974989 -0.233700279305304 0.270048745440516
0.0016200319368653 -0.00562104639091143 -0.319622853761281 0.509031127053951
-0.0108436704725852 -0.00412896939533666 -0.304208045217758 0.688298196427477
-0.0269280256264576 -0.0193222911639607 -0.287285680676383 0.719700341422237
-0.0180425210583764 -0.0338394211694677 -0.242059069840307 0.636352707986134
-0.0366616393482878 -0.0291166364626537 -0.132641429950191 0.476603520301991
0.00408993220106709 -0.00477681720433993 -0.0891823854349881 0.353944188966941
0.0171536582788831 0.0407933735310033 0.218748015765791 -0.222650932442259
0.0205212351756854 -0.020543835083158 0.254140943130061 -0.396757222975849
0.0253469609443908 -0.03409368759656 0.569692126780834 -0.27791024723143
0.00123559305827764 -0.0148236187246164 0.795740475791291 -0.407363255859108
0.0237165197060433 -0.0124317975057224 0.644551985974983 -0.482662282412807
0.0275009434137384 -0.00231624511884785 0.40147648801679 -0.367000948370797
0.0331553220696209 -0.0112816612819087 0.172218086635792 -0.155628830779024
0.0252642595432371 -0.0167764874214915 -0.0701757475733546 0.0155054315691336
0.0240716740213275 -0.0212842405784585 -0.229969424208283 0.270878487266242
0.0195965830896077 -0.0189479897257111 -0.313738112817491 0.511207139430631
0.00200382644937367 0.00218269111343895 -0.296323178931971 0.690523235241877
-0.0359329986557214 -0.00407280225970543 -0.277882753267696 0.721574167979901
-0.0318191949498744 -0.0409958079160615 -0.232134514371108 0.637073496110845
-0.0232960667671318 -0.0339330763314332 -0.130090554175102 0.48120811611464
0.0247331446275813 0.0279780905068319 -0.0905244202759727 0.349387707451472
0.0236548336049269 0.0746007892305506 0.205787211956408 -0.233826901581436
0.0346437320893579 -0.0161550674904697 0.247992895111877 -0.391752571707796
0.0183732843444865 -0.0473844992469219 0.563828959057977 -0.306244976400507
-0.0146224867483809 -0.00866555988957449 0.765312645521003 -0.438976508429211
0.0316427639773229 -0.00296791652582825 0.62828723920753 -0.492355341018872
0.0471213417918562 -0.00839027260828207 0.40351314273758 -0.375618060850641
0.051121581069625 -0.0290055506596047 0.182011531298792 -0.163917480862298
0.041925553144399 -0.0344239007486489 -0.0628202772839762 0.00469784599787882
0.0382394325552311 -0.0396865612085737 -0.226292169822056 0.26165561315899
0.0359486817162911 -0.0288384072018883 -0.318940318638074 0.500957816300386
0.0107705097872047 0.00960945371571812 -0.315222498353665 0.684714357544533
-0.0457653964552482 0.00550823482008121 -0.308301596100535 0.715029086844057
-0.043339911719803 -0.049153937530802 -0.252785091672252 0.626145572421841
-0.0121167190452712 -0.0345192484528236 -0.140260689521148 0.478822756672556
0.0398463900284551 0.0579157594186572 -0.100700110972263 0.341541204662611
0.0301670485079698 0.0930714705460918 0.186101730613796 -0.252690732969383
0.0395563755417845 -0.0165123663734322 0.237942129470157 -0.390000679249084
0.00894528497069957 -0.0527901961965149 0.543022826636105 -0.36515095717822
-0.0239791894181516 -0.00232213473615705 0.704637915908831 -0.504756524042873
0.0360295361114787 0.00155565911659288 0.585909700429304 -0.526333695132121
0.0588996846144852 -0.0167266994402742 0.396187894143036 -0.398080684803303
0.0614776903414574 -0.0417431740231207 0.193412396276827 -0.182421329013939
0.0530655056423968 -0.0465201799150793 -0.0513601270617128 -0.0122253514535038
0.0496543890967021 -0.0520293320788756 -0.222269782388421 0.241280481623472
0.0493883205017797 -0.0341468774701004 -0.335528611370756 0.479350413078389
0.0178262725383266 0.0165146964530347 -0.356890105253453 0.669420594564706
-0.0579764391329292 0.0106464136796008 -0.372577193976403 0.69917948310556
-0.0476134651559991 -0.0597559746950276 -0.30242816838571 0.601580806041747
-0.00169326011407905 -0.0309333179677541 -0.159166278413488 0.471696770821252
0.0438777330224752 0.0826615932530549 -0.116796718151385 0.332183656291943
0.0358409450763118 0.0967456631790149 0.162699435195688 -0.272563732413293
0.035652327716675 -0.0192988063336002 0.224097377164039 -0.39387674730487
-0.00145093316656246 -0.0513819698270741 0.498280989152562 -0.440594319719009
-0.0278198891444107 0.00476852493092882 0.616144528777333 -0.579035668766132
0.036359710177564 -0.00072493144149717 0.525293831909791 -0.574282705507252
0.0613156897638814 -0.0244563670201215 0.378262693290855 -0.433991276416367
0.0647598255494007 -0.0511893106693439 0.203210768550348 -0.20860405061706
0.0583875705420358 -0.0528704926553391 -0.0366116977516301 -0.0349179164043868
0.0569122005348878 -0.0569210126693643 -0.216141626998254 0.215654057481876
0.0580479900415944 -0.0326168980599205 -0.358036529857126 0.44557981724495
0.017423551740657 0.0225426793774213 -0.417393671645661 0.639819973955963
-0.0680985396965879 0.00599530069504024 -0.462741600501528 0.668198617753468
-0.046164967458099 -0.0700342181402307 -0.374036315519017 0.561333477657141
0.00488125190766324 -0.0219910253408891 -0.183155821748311 0.456778153793216
0.0358186497337983 0.0967758244443099 -0.135833493105922 0.320520409547927
0.0344702232503221 0.086277927815798 0.13911304966646 -0.290966992292046
0.023880322679875 -0.0207428270234496 0.205926795214837 -0.402507223985719
-0.00793911090714348 -0.043512866207139 0.437746261186378 -0.512593069169071
-0.0248076025714413 0.00742910164484429 0.515547383531707 -0.644240288505836
0.0320661853679522 -0.00714427207793621 0.455833823398239 -0.620451414914095
0.0546598833329137 -0.0295186054883159 0.354142892558392 -0.471770544845187
0.0605183809297005 -0.0521219533935193 0.208594556141248 -0.236951058543334
0.056611375827078 -0.0510166490808582 -0.0212466350364993 -0.0558881904373338
0.0575382201466181 -0.0531325978854739 -0.20900011204812 0.186562950476792
0.0589638411599013 -0.026353929461715 -0.380708471555166 0.40344177017072
0.0123117580690427 0.0245005288021097 -0.486712471169456 0.596124289441839
-0.0716371227355997 -0.00605718087293398 -0.566210662589556 0.615847054290054
-0.0359804282617069 -0.075454934032066 -0.449015813371571 0.499159714494245
0.00342762809999385 -0.0101234984893958 -0.208251564686 0.439068633384128
0.0180506893599396 0.097166495820554 -0.154223929739053 0.309917943331749
-0.0164741984500831 -0.0677908352675149 0.210109478733964 -0.260541979588732
-0.0402513471094643 -0.020458974498224 0.222083068650039 -0.418290942736172
0.0355715758250362 0.00636611760775552 0.508045186933772 -0.391486426608802
0.0424562149476644 -0.0395629384612399 0.681221077962174 -0.551646760091704
-0.0110887146099917 -0.048835990928957 0.551376101443523 -0.594596718075704
-0.0329311056958433 0.0146487010267625 0.359111205211217 -0.434585042395329
-0.016018399297885 0.0385826960567127 0.169453004625879 -0.187454414233194
-0.0258199686367535 0.035950431343121 -0.0541794739901151 -0.00351321934902755
-0.0223516662945086 0.0329879329814964 -0.237308531115126 0.237067577980742
-0.0335418949574022 0.0153309818005848 -0.361965270360533 0.465197598788525
-0.0341475707895603 -0.0196412219170948 -0.391563872373834 0.653618189985773
-0.00610182513921003 -0.0482897360811281 -0.41534495548265 0.687015537916556
0.00704976910619787 -0.0184329327932675 -0.353059927445422 0.595713216712754
-0.0648568888994356 -0.0210909761160638 -0.169226399401405 0.457515147611234
-0.0355962792954732 -0.0693525666646407 -0.110346389499181 0.357344007300672
-0.000431786559077966 -0.0395683453221168 0.222943062454555 -0.238466683943162
-0.0204736680847009 -0.0275475568547679 0.240707949135456 -0.410474512554843
0.0307031848709914 -0.00444402359179372 0.544471828175239 -0.326829838461698
0.0329621614367382 -0.0286201268407321 0.753915064558853 -0.477310981174831
0.00252780859075421 -0.0393690136131947 0.607796136812492 -0.543301277706506
-0.0167754076328224 0.00869093247502333 0.381011556883851 -0.40104340983179
-0.00300630060223241 0.0242301446872669 0.167528648150933 -0.168266653955405
-0.0111547188977763 0.0213256903908814 -0.0651710689157403 0.0110522662287592
-0.00725263756593522 0.0173699774715602 -0.236924804647558 0.259277846501501
-0.0166485648288263 0.00702172655621789 -0.337529291602285 0.495503071943921
-0.0231769095742579 -0.0111281271896322 -0.339623196213621 0.676961617998462
-0.0161282216560383 -0.0354536050999275 -0.337483927314695 0.711695686928083
-0.00474301100480518 -0.0264950189289537 -0.285857517414492 0.628055819396773
-0.0507135533585307 -0.0237141791198905 -0.147250377431918 0.470748986978848
-0.0190507893085121 -0.037713895287768 -0.0958065651232295 0.358756153999756
0.0112438745312318 -0.000483697589853745 0.225407758597043 -0.224233093324799
0.000769284631066482 -0.0260265254257081 0.253205353149124 -0.405662535694986
0.0278811310026721 -0.0196781993600353 0.563918612511732 -0.286789267834934
0.0181975692142506 -0.02097551237433 0.794173381746827 -0.422923561360404
0.013868643311318 -0.0259412217583822 0.640571515902926 -0.502804463465189
0.00450168544780673 0.00308933992276873 0.394976226486127 -0.378012514004939
0.0146160012466419 0.00674908027203277 0.166949423976894 -0.157648967235612
0.00682266161254104 0.0024739965591082 -0.070453682638796 0.0178108107386573
0.00875140472619063 -0.00177635116942759 -0.233048684818011 0.272017324199085
0.00167022879665145 -0.00617696306856115 -0.319794177952526 0.511927695233187
-0.0111909810309838 -0.00351141661793164 -0.30420566041453 0.692796107353263
-0.026221565086581 -0.0201283000180326 -0.289028779972252 0.722400028001332
-0.0185272449084086 -0.0341250174946796 -0.242280971875109 0.640717818288388
-0.0370947847793587 -0.0290287865869805 -0.132751608717539 0.480628262918614
0.00390971896873168 -0.00460980726700993 -0.0887201937622573 0.355835572996421
0.0174964184614157 0.0410127723679978 0.220527213478631 -0.22343889588249
0.0212328061155467 -0.0202235323006974 0.256497297778517 -0.398199181278125
0.0252835709573477 -0.0352309644583973 0.571327094201574 -0.282672004348339
0.00122584767108874 -0.0153960723251482 0.79682843562144 -0.409771505488987
0.0243215840273751 -0.0121636789047278 0.647610803986719 -0.483717313035372
0.0270032827360041 -0.00240928830358027 0.401540628102955 -0.368230315161481
0.0339725794205804 -0.0112737495331242 0.173490345919053 -0.156565687415483
0.0253689693338855 -0.0162559032517932 -0.0699257943220198 0.0157807567404875
0.0241102273257935 -0.0216648333714725 -0.230030479559843 0.273961421943182
0.019948350395339 -0.0188039933359409 -0.314297678330351 0.514106884574557
0.00112422743480465 0.00274703610176122 -0.295405188472489 0.694480873201868
-0.0355342682411965 -0.00467983297834448 -0.27834240043706 0.723014728845297
-0.0327112745965844 -0.0408790078400855 -0.23135346207318 0.641900755701115
-0.0247169277390722 -0.033545208184915 -0.13032782071449 0.483679040168278
0.0252611216001642 0.0275901556168409 -0.091142790718661 0.351768059327074
0.0234907588394666 0.0748665616232949 0.207710354359091 -0.234586056212467
0.0343432066088551 -0.016620400676388 0.251246494233098 -0.394210159958956
0.0193742079392155 -0.0470390916276557 0.565975640091034 -0.309083521759726
-0.0144627545681188 -0.0087266424540678 0.767332629334945 -0.441953365639998
0.0314237067749595 -0.00228835216562478 0.628726796603332 -0.493951100299036
0.0472851395329558 -0.00854008329104448 0.403429066843751 -0.37737565457149
0.0501021066794225 -0.0293866557284376 0.182729769624875 -0.165293332864476
0.0411890528136137 -0.0348274688051368 -0.0627013235070897 0.00494792668332697
0.0376868719784716 -0.0408176144337153 -0.225737852068582 0.26312606482156
0.0362435911654705 -0.0287537353732212 -0.318764852502128 0.503840104335675
0.011117866737537 0.00913923910964977 -0.314771674425448 0.689371755927396
-0.0468735083573217 0.00610610748206175 -0.30800877333987 0.720272371445806
-0.0433518625077162 -0.0490220304440417 -0.252370647573172 0.6300056355455
-0.0119860700225195 -0.0339371349741247 -0.139574594853231 0.480891172218273
0.0396214871018012 0.0579586020968036 -0.100752152156308 0.34346145566115
0.031480770846376 0.0944412701955425 0.187663091143568 -0.253418533251444
0.0397732215262653 -0.0163536536261165 0.239876223642201 -0.392133094287556
0.00933258886537149 -0.0535290449381819 0.543817805858686 -0.371083406211281
-0.024145424046374 -0.00248120416705678 0.706635811330763 -0.506646178586786
0.0355688749814495 0.0018525332194003 0.585962726450909 -0.530179179258954
0.0591622963193666 -0.0159895611926024 0.394609935164686 -0.400300801916388
0.0615861483005269 -0.0433284801396532 0.194323385032965 -0.183106491655834
0.0541425767142735 -0.0471102659610292 -0.0512821868072203 -0.0122613270479859
0.0489066172282064 -0.0525664288779051 -0.222226285392523 0.243623745974783
0.0490442531812339 -0.034346382582766 -0.335248870158521 0.480742808410433
0.0175424187684314 0.0161965918352648 -0.358754620771666 0.671066337717932
-0.057472390451283 0.0104362609651736 -0.371653535374389 0.70505014450277
-0.0483882588140023 -0.0599635412075517 -0.30291298266666 0.605066077929789
-0.00159353103871342 -0.0303271527985051 -0.159720166610304 0.473266829372721
0.0429752246333375 0.0826458283723591 -0.117648911910665 0.334119686779254
0.0360374809538055 0.0972621041001415 0.164436491856286 -0.27372163790038
0.0352758754477205 -0.0189435241252478 0.224453366343485 -0.395428647869839
-0.00148362980979462 -0.0522430581782074 0.499333094190444 -0.44412905516055
-0.0281166240628897 0.00465601044658095 0.618344078791164 -0.581690301563548
0.0366605071138114 7.86462910267512E-05 0.527430226580569 -0.57705749659994
0.0619056651238146 -0.024300991469097 0.379743551815929 -0.435053726493352
0.0642524917895815 -0.0520240049289873 0.203932806057738 -0.210208264439128
0.0593653433831773 -0.0525547308008246 -0.0368111699524536 -0.0343565174810204
0.0559461185607162 -0.0578452678800448 -0.216629997304822 0.217731455529363
0.0587552210450742 -0.0331452885741215 -0.358666230027081 0.445520696944459
0.0176549102667864 0.0226462217884521 -0.417773618754056 0.643264382010711
-0.0678037808588741 0.00560204635654141 -0.462538280565161 0.673274887790045
-0.0456583919473303 -0.0702169321232206 -0.374277327683069 0.562437030648719
0.00524916293153028 -0.0213805653583946 -0.18488725596527 0.459948232377802
0.0355612601080667 0.0970760670074715 -0.136928157108136 0.322536126927247
0.0354139680315141 0.086589065066494 0.139662533031576 -0.2912710535851
0.0243937232338469 -0.0194450945094759 0.207678878754316 -0.405056945653037
-0.00899628798722381 -0.0435077656861373 0.438167148502547 -0.517275930464622
-0.0245270884507547 0.00717102756884553 0.515923009387422 -0.649688076354672
0.0325029365092701 -0.0062795404428126 0.457252501345094 -0.623606779233986
0.0552193041352084 -0.0296775408615026 0.355717167295438 -0.474756050713655
0.0600233823250196 -0.0528890139616574 0.209674193803641 -0.23822698007475
0.0564052463205957 -0.0507202247888763 -0.0212293907138556 -0.0557179585985236
0.0568833486213279 -0.0539746254912671 -0.20925509454486 0.18777816199666
0.0592405368200691 -0.0265010493677809 -0.380169850667923 0.404418031997434
0.0120295802472099 0.0240042298435092 -0.488395392233563 0.599795795261767
-0.072521669186928 -0.00551363744042856 -0.566527754530125 0.619890495398765
-0.0361058478536445 -0.0758315921710212 -0.450726199946896 0.503204041027798
0.00368600586863874 -0.00882667405733274 -0.208732527402139 0.441900932772492
0.0183640168173176 0.0973809227904439 -0.15495209092092 0.311008164730889
-0.0161440555708094 -0.0674475669197478 0.211187284893622 -0.261272136687974
-0.0402728005057135 -0.0212426341050586 0.223914087786234 -0.421608648080593
0.0363511466603314 0.00657812626072946 0.509152068688494 -0.397012744008147
0.0425793868925828 -0.0393633001598312 0.683801218256985 -0.557299365631244
-0.0114089151999 -0.0495615209013509 0.552724059029251 -0.595376304658607
-0.0328911533468228 0.0150305988822155 0.358814145488212 -0.43741607539719
-0.0156752478371656 0.0381014620023395 0.170279714538411 -0.189587424009966
-0.0260710116022304 0.0363704917355843 -0.0545609201911187 -0.00388626546901846
-0.0220794418984838 0.033001788982648 -0.237241183760072 0.240074271429549
-0.0337316717085264 0.0154440603316421 -0.362018872639365 0.468389955567738
-0.0341332161413206 -0.0198511246368686 -0.392413115623523 0.657922675029466
-0.00570060245094696 -0.0484785430553094 -0.41536013733631 0.692093432139108
0.00708994505407033 -0.0186466228243715 -0.351915214018144 0.59993847446673
-0.0653477603347613 -0.0208864661542548 -0.168044892768599 0.460794975720338
-0.0358564720317306 -0.0693007857003964 -0.110235084251009 0.359720779046196
0.000414861077269076 -0.0388882649641801 0.224357147032985 -0.23839738544675
-0.0206943081350312 -0.0276178066491996 0.241381213023929 -0.413889630918309
0.0312501721929791 -0.00467209084133703 0.545356381444281 -0.331422651947423
0.0327358975200081 -0.0285535952655483 0.756229485277578 -0.481316316242112
0.00259300124683333 -0.0396737729782252 0.609808604233241 -0.545017644246983
-0.0166671908821667 0.00882960214278536 0.380835672629289 -0.403335783333658
-0.0031965281604279 0.0239372392031068 0.166760455315099 -0.170416333064465
-0.0111387888072679 0.0210640652048708 -0.0657308080243303 0.0116354004582202
-0.0077642276814826 0.0181307534428479 -0.236927942902419 0.26202399421469
-0.0169432762249417 0.00670017978289692 -0.337317197486793 0.49953261334505
-0.0239950727765132 -0.011673021193059 -0.340199010631363 0.682096357274481
-0.0164287501982416 -0.0359045177395648 -0.335656219101946 0.718324862140265
-0.00503384772873956 -0.0272991351132006 -0.285989029965912 0.631426703947583
-0.0508538639945441 -0.023292472026715 -0.147298539700194 0.473905446676594
-0.0177462325978457 -0.0368493165102166 -0.0957495870252746 0.359916765503751
0.0113912197797036 0.000583346573186144 0.22782785614153 -0.225716695476372
0.00139420532803484 -0.0264903404647917 0.255252367649064 -0.40758788280821
0.0279345862647291 -0.0196340599604402 0.564987271625075 -0.290725966140519
0.0177871091550625 -0.0213519841479756 0.796810205093079 -0.428059544426066
0.0134387418860165 -0.0259730652875776 0.641554811668037 -0.504932817370948
0.00443435873524428 0.00309094513910004 0.393816969208797 -0.380032139505633
0.0140081057466648 0.00603029814394522 0.168214823893365 -0.159552224024254
0.00689080179128722 0.00246543771602182 -0.0700546536965534 0.0181538090116868
0.00756837437515397 -0.00195366820399373 -0.233180607471971 0.275097572664607
0.00209612494198902 -0.00598562844865171 -0.321166162334466 0.515979892460611
-0.0119643192580438 -0.00337472158162249 -0.303337040910713 0.695013724625061
-0.0269083042576059 -0.0204249245082301 -0.287718220271885 0.728932557499413
-0.0190782649045076 -0.0342355627545704 -0.242048609457483 0.64475093324025
-0.0380598002206451 -0.0284023187313989 -0.132810133916101 0.482275355804154
0.00398337507588944 -0.00477265068571966 -0.0895069054743655 0.358046259778481
0.0176919671479461 0.0417870760909881 0.221563498434292 -0.224117789413682
0.0202191683346866 -0.0207855631216724 0.257888275803385 -0.401830094871038
0.0248581563559193 -0.0355220200123358 0.572526989468528 -0.284674883525427
0.000415499093560617 -0.0157035777722061 0.801270568741912 -0.413336119644882
0.023405138465454 -0.0125300829183981 0.648783579136593 -0.487819341953807
0.0275981777973122 -0.00169396901458582 0.402044850877275 -0.372117672061091
0.0331869427510832 -0.0126874289781405 0.173483970734049 -0.157733337317925
0.0252456542728231 -0.0173030221311895 -0.069206390496793 0.0160350094491672
0.0237402259267498 -0.0226596568006093 -0.229721743690895 0.27526414959007
0.0198505188045614 -0.0184840076558691 -0.31475591403862 0.516854777888845
0.00129939865674698 0.00287284716812739 -0.294567177325014 0.698380493591094
-0.0368454391028743 -0.00468037673604818 -0.275790910729513 0.730522201385848
-0.0323938340727989 -0.0406726254668208 -0.23073138750734 0.645492548768383
-0.0237513427322768 -0.032540095720128 -0.129468035188427 0.486120076776265
0.0254817195671608 0.0274385953922985 -0.0920580406470196 0.353746668737479
0.0244717946182753 0.0756652872304219 0.208522918062175 -0.235585280025993
0.0342845858164208 -0.0162578828455142 0.251372853164133 -0.398897995066826
0.0187736670968569 -0.0471586515437587 0.566304069137319 -0.316148204961102
-0.0147077073800239 -0.00929303633910336 0.768232035769819 -0.446460357256551
0.0317562945843766 -0.00224700515934684 0.62968566377591 -0.498240351867013
0.0466111478707973 -0.00761318065415932 0.403732360995936 -0.379193283311595
0.050290272479715 -0.0296538779823024 0.182660123346271 -0.167426345976118
0.042301502756872 -0.0353072519674477 -0.0631190528559371 0.00471138267390956
0.038000032482386 -0.0406929251461428 -0.226270648089249 0.265161026338032
0.0360492030670637 -0.0289959353174708 -0.321159635105726 0.50751697096397
0.0119827990714976 0.0102665954929638 -0.31363034362664 0.691758803751815
-0.0461688997078276 0.00683222286705064 -0.30646954376255 0.725728853879503
-0.043970228233468 -0.0496554696247824 -0.251085245772119 0.634622216270732
-0.0117249292218588 -0.0336316276139562 -0.14147449834308 0.484076313350335
0.0401114481432717 0.0579069739877155 -0.101169230956432 0.345627400834881
0.0313569732274845 0.094647041441829 0.189837104185662 -0.254216905849934
0.0402797467907842 -0.0152909072528733 0.241126213530888 -0.395965995888257
0.00885221710514706 -0.0538311045147291 0.545941412084798 -0.374553599435753
-0.0252221479380992 -0.00254293336991076 0.709088021563909 -0.511124413131422
0.0363321985497446 0.00107193316890484 0.586897086656028 -0.534758865659411
0.0595375207820227 -0.0167471132953144 0.39543965755448 -0.40264563566954
0.0614710809700431 -0.0437220971805259 0.194191604853788 -0.186544971776902
0.0535304350313815 -0.047783027898126 -0.0511752207380589 -0.0131721390868633
0.0497009901019097 -0.0531772732837382 -0.221629371051088 0.245747125886278
0.0498383856787292 -0.0355996126206497 -0.336666858888149 0.484300331428182
0.01745823969179 0.0164378244156916 -0.357760180063837 0.677027458053664
-0.0584284402956692 0.0108642054702422 -0.369476761597519 0.710906131445139
-0.049337181309677 -0.0603187399975103 -0.303885433477551 0.609636057065314
-0.000909516434884509 -0.0296230601555752 -0.159949115790629 0.47741926403314
0.0444145911078669 0.081889937573348 -0.116820644736652 0.336194529768455
0.0371051129043529 0.0982156075355407 0.165222639780425 -0.27439199599516
0.0359877841293833 -0.0185347757225564 0.225713998400412 -0.399623633383725
-0.00211422051865523 -0.052595634458112 0.499331665321675 -0.450203091671773
-0.0274104866829258 0.00427974041990468 0.618650778303218 -0.585763787138573
0.0367174698783243 -0.00105641368468721 0.528336703164443 -0.580391911262866
0.0609985928650508 -0.0242791212219913 0.378273126215621 -0.437772815827538
0.0645596421714991 -0.052089423756761 0.204033461819531 -0.212010300657752
0.0584757144265733 -0.0530127259220572 -0.0364515699191356 -0.0342368930477425
0.0562433108223919 -0.0584407000609213 -0.215419000075377 0.219044777070514
0.0585810486954602 -0.0342683998127161 -0.359480765554538 0.448553484525317
0.0178626849627645 0.0225714992508634 -0.419068058442459 0.64849053389197
-0.0687337305753472 0.00606415663981999 -0.463562379089156 0.677703267037124
-0.0471068040610411 -0.0703524227705755 -0.373687744918894 0.56900175782662
0.00548609366445537 -0.021017489933327 -0.184937932633767 0.461722294526301
0.0360302385889104 0.0971409169159906 -0.136906110680781 0.324559008452256
0.0362069870158778 0.0871781229158583 0.141314837682605 -0.293366888883351
0.0241190407870798 -0.0194027965581287 0.208393860564621 -0.408500666167787
-0.00811774855109465 -0.0445209697905138 0.440047753320639 -0.522923435126659
-0.0250381076416273 0.00715968515070458 0.516184889527876 -0.654474987399279
0.0321831644600621 -0.00611411540552871 0.456400148156859 -0.628917682436151
0.0546593657617576 -0.0292561798888101 0.355221272710787 -0.478452254395217
0.0597978769490696 -0.0532485327779084 0.210381494352152 -0.241289072057973
0.0566206827921406 -0.0513476362070097 -0.0207573387569715 -0.0572499772643309
0.0566785567712515 -0.0544630412242734 -0.208764333859569 0.190221166731021
0.0595120257769636 -0.0277382608603137 -0.37995678094046 0.407765712431222
0.0122950340347525 0.0244848575118455 -0.487841130362341 0.604543240513179
-0.0724322810673792 -0.00646456582824275 -0.568653800738161 0.624289746212357
-0.0366932936984142 -0.0764730168151008 -0.451121612922964 0.506277113526964
0.00330490470878372 -0.00912201348204626 -0.210082972292763 0.444890426306449
0.0195745037904519 0.0965696500711169 -0.155786870270772 0.313603817433515
-0.0152667570746847 -0.0676378362966948 0.211811300925094 -0.263273774929376
-0.0410066123921841 -0.0203083774084601 0.224866397634745 -0.425923537059371
0.0360174766767256 0.00511739559016173 0.510621896506147 -0.40253615388874
0.0420107495901122 -0.0399952802674494 0.68555731455441 -0.564651936151566
-0.0106789682640437 -0.0491789343865933 0.552881684154574 -0.60359253544606
-0.0331007530758003 0.016401626393003 0.358885791708109 -0.441618814444588
-0.0161681559971434 0.0382011867553428 0.170021916897336 -0.192043237726355
-0.0263374732693022 0.0362687590251829 -0.0552771621244018 -0.00373292952903573
-0.0221833421237058 0.0331713159773373 -0.237211350933192 0.243793518048801
-0.0335352683228783 0.0155941861880491 -0.361757924591708 0.472862291275303
-0.0346414237184724 -0.0191351823820097 -0.393436825316327 0.663631388892499
-0.00639789943937356 -0.0495643579021334 -0.416538977001122 0.698898228094162
0.00535711526138717 -0.0187161827951669 -0.352273975396098 0.605182320984273
-0.0655923131626168 -0.019998591798313 -0.169530470577422 0.462764026052686
-0.0351523095646452 -0.07000677428597 -0.11056918950304 0.363629620488446
0.00129636858801963 -0.0385084864359053 0.225481942843281 -0.240822235630232
-0.021279043133394 -0.0277305622140589 0.244154379128681 -0.418493594225321
0.0321015446115681 -0.00489237174110644 0.548186863837621 -0.337697791377156
0.0326660793100672 -0.0303988990920625 0.760234393616195 -0.488082536247486
0.00198908698036092 -0.0393354417152443 0.610720196235819 -0.551911604433091
-0.0170164115229239 0.00915401340779994 0.379884420313669 -0.409265175547785
-0.00317229938283003 0.0232125630808133 0.167435013199809 -0.171774783963473
-0.0107787929226664 0.0211929243062749 -0.0665372867634503 0.0121964662938851
-0.00805109550255552 0.0178698693971254 -0.23637130986909 0.265026861750281
-0.0171246055912996 0.00690376888158236 -0.336556929510083 0.502188871489263
-0.0236688647978106 -0.0107998036311844 -0.338320339005128 0.688183958879923
-0.0170933911037473 -0.0364417657815313 -0.335407376952345 0.723828969440623
-0.00592351845269125 -0.027739788869387 -0.283553678071993 0.638594901193574
-0.0512552974892901 -0.0225897364890054 -0.146315683444082 0.477261194868724
-0.0180106810783101 -0.0386063679032725 -0.0960571424940206 0.36447452024744
0.012305664074722 -0.000392546102250444 0.229519193255029 -0.227249746613914
0.000272448812447846 -0.0263097497266769 0.255822544723653 -0.412882705975641
0.0285395678045023 -0.020250215957893 0.566878963061346 -0.294749728444155
0.0174349104908099 -0.0221543697627242 0.799170692673968 -0.433530105065168
0.0133006408953951 -0.0263314789200886 0.643383316104126 -0.511443131248972
0.00519742394374137 0.0041562622892606 0.396029774644042 -0.383395415548785
0.0146403185747316 0.00571712403567255 0.168267121181617 -0.161705410925382
0.00745246584152777 0.00224745420375788 -0.0711848067951166 0.0185501171202833
0.00829509796452833 -0.0019080755878186 -0.232593287525879 0.277492022215963
0.00154859535932805 -0.00575935689880665 -0.32001852495994 0.520681221687134
-0.0116213521368647 -0.00375213851755139 -0.300973812404726 0.703626116274096
-0.0263155200738034 -0.0200593007683063 -0.286119039479277 0.735588825104684
-0.0199381327165699 -0.034692299375137 -0.239611467113299 0.651045510757851
-0.0371716364564578 -0.0282915011517593 -0.131987877379677 0.486391278226053
0.00425674409032369 -0.00560746538106344 -0.0899717322546173 0.361985442832954
0.0189216940340311 0.0419007597511062 0.223721392810722 -0.225533769924797
0.020410654155641 -0.0206211399293659 0.258839873679525 -0.405334789605004
0.0251377697529553 -0.0354371220794648 0.57481988219986 -0.291131240120548
0.000645186851284191 -0.0162234102656765 0.804513417001607 -0.420262018493137
0.0236633849923459 -0.0117427701768131 0.648624741239033 -0.491908316891901
0.0276866826149968 -0.00194174307654174 0.402711327459005 -0.374703667122059
0.0337315575622654 -0.0126554859659197 0.174132613620045 -0.159626821617284
0.0255480458657035 -0.0175685563687407 -0.0702611127423748 0.0163303409787502
0.023790190439328 -0.0233740347670513 -0.228218591635581 0.278601197939713
0.0197860964465882 -0.0190642326499665 -0.3148193649102 0.523446786595489
0.00125103432128022 0.00308892596749447 -0.294483113801666 0.704779019641085
-0.0374187351103213 -0.00468063504061851 -0.275624661230115 0.73651871532678
-0.0335492053736013 -0.0411908557627315 -0.227069668311101 0.652188189543775
-0.0241614647426348 -0.0322304691596966 -0.129814706371719 0.490808131227941
0.0255727170066434 0.0277076227111255 -0.0914817509328189 0.3564020114958
0.025482653725007 0.0752468686625806 0.210498253642794 -0.236989139673665
0.0341397547282731 -0.016093472871478 0.254085786761791 -0.401697874019479
0.0184330182768564 -0.0481231693622295 0.567822443295428 -0.320630632935496
-0.0151147956148393 -0.0104287960176793 0.7731131158628 -0.453827470579258
0.0315197067091977 -0.00237819845077756 0.633133544779081 -0.503755074108422
0.0470084844510379 -0.00791895259502963 0.403957276068223 -0.383149185120786
0.0501994366246824 -0.030517467447019 0.183256764798517 -0.168900258069318
0.0417219686901466 -0.0356298614144397 -0.0632493949674054 0.00547329336470071
0.0377021842325681 -0.0414854513090291 -0.223867264208146 0.267925083585368
0.0357859628449916 -0.0298185809894118 -0.319922982345114 0.511886575743953
0.0115240128869023 0.00991357988085544 -0.312564761381831 0.699206744889924
-0.0466534232301784 0.00630278621891629 -0.305198839461849 0.732297377008443
-0.0446371292263543 -0.0504324905779892 -0.249248530900113 0.641139620374152
-0.0122274786151236 -0.0338022506846508 -0.139493181764109 0.488572340286568
0.0407499817570233 0.0582983675816873 -0.101030063710894 0.349195893767862
0.0333574448712616 0.095044153730108 0.190055499382402 -0.255242462649062
0.0395848529694992 -0.0157555323859052 0.241315512326535 -0.400508226402345
0.00901283654081136 -0.0547136176302532 0.546864186230342 -0.380379711129134
-0.0249890413553389 -0.00250044101977012 0.711089974110318 -0.518892385104711
0.036395632597282 0.00179867575323152 0.589146034377151 -0.538180791136943
0.059300073696568 -0.0164227693311933 0.396645193873059 -0.406675172654091
0.0611364870748249 -0.0449663513632128 0.194754789147259 -0.187729415232472
0.0533688824897902 -0.0485008468539733 -0.051934259618839 -0.0123776573475755
0.0493772862869847 -0.0542528678376718 -0.221752921049597 0.248172566784438
0.0504287835274983 -0.0349772112599549 -0.337291723833261 0.488813876554084
0.017881120574339 0.0173583914604604 -0.356574295590206 0.683960073629754
-0.059181655548528 0.0106097927664649 -0.369919164706276 0.718725022818672
-0.0500595410860161 -0.0607427805561597 -0.303530621735017 0.616094293754287
-0.000908902385039698 -0.0298073046407462 -0.160411191777265 0.480439341998998
0.0441774653728352 0.0824802087647758 -0.11810615457561 0.338453988646882
0.0385905507767116 0.098400884671954 0.166762744297018 -0.275760056037055
0.036158692961946 -0.0194578389500086 0.227436350376354 -0.403857804045316
-0.00228845418817471 -0.0527066135130856 0.502246158809987 -0.45521376702947
-0.0282088352290874 0.00417266829590619 0.620563197343079 -0.593579623607607
0.0369238381132549 -0.000182380623694162 0.526711950959107 -0.587832591920096
0.0614420442379363 -0.0250035490117558 0.378826776008681 -0.441839830247044
0.0639480658399087 -0.0532693138050011 0.204505579388832 -0.214138448134027
0.0586159982066735 -0.0535584889033952 -0.0370596700972 -0.0343457831109975
0.0558172920178212 -0.0586869182481969 -0.215750655932992 0.222072186216555
0.05870228004282 -0.0345515471969664 -0.360143842324048 0.454003533583841
0.0179969295571177 0.0231764513777985 -0.419081048673426 0.655748207985568
-0.0687870774119096 0.00636324174852194 -0.463018223346185 0.685159149900463
-0.0471760505178845 -0.0712253176964378 -0.374886511736939 0.572743252291606
0.00572517404231118 -0.0198058120801404 -0.184335086103129 0.46606395823054
0.0372680613066978 0.0973644388121336 -0.136172348120226 0.327132343898494
0.0374428116088712 0.0870439155975903 0.141445680781169 -0.29477297893867
0.0238297911937355 -0.0196302814446309 0.208395896277999 -0.413749415749612
-0.0091451744384917 -0.0443722809992426 0.439317747422315 -0.527071576112872
-0.0250185154438627 0.00670985907201888 0.517675156503618 -0.661314401525235
0.0318203175436139 -0.00693258828025158 0.45580050652028 -0.63434292156253
0.0547044192278695 -0.0292848326230892 0.353163485293207 -0.482363334627689
0.0596651542963467 -0.0542304066324668 0.210268296649056 -0.242833782412919
0.0572413450307495 -0.0518060034429547 -0.0219379892899688 -0.0570543210579976
0.0565171258123849 -0.0555085793832359 -0.208000275451892 0.192716204318779
0.0592150108660016 -0.0275164167549954 -0.380219337537089 0.411659819443384
0.0127740068117503 0.0250640389687439 -0.488508338616521 0.610004193208467
-0.0736862560378671 -0.00614028450000689 -0.570980694976637 0.631954525182577
-0.037219095488342 -0.0765177849001518 -0.452215396049152 0.511915567238194
0.00405738475303102 -0.00819707385543368 -0.209952362817576 0.449000899767359
0.0194591196676948 0.0965143859520212 -0.15626100092501 0.31633987546529
-0.0146794884013337 -0.0675875772985412 0.213997569319316 -0.265459128545322
-0.0412405988951336 -0.0201090766372316 0.222974661534077 -0.429855636099729
0.0361028446793166 0.00549243615505151 0.511527666668322 -0.409230571534379
0.0417899564802705 -0.0408137604220885 0.685385173106625 -0.572874120231433
-0.011720980212695 -0.0489568514327278 0.553038689747746 -0.612443523704468
-0.0333281137444771 0.0162940277135044 0.358141315784607 -0.444725440134395
-0.0161762755294051 0.0374766306836208 0.170641347287872 -0.193708786411321
-0.0264825008859327 0.0371141792715131 -0.05464749490985 -0.00270211525775222
-0.022315667196291 0.0332975231983607 -0.236169046512084 0.246175736379433
-0.0333587810745529 0.015386925247486 -0.36101580852022 0.478846520667042
-0.0352701312798551 -0.0185467532321496 -0.389911643860288 0.672805170104367
-0.00588784892893854 -0.04998650612974 -0.414972595081183 0.705422784516454
0.00563391573046253 -0.0190890059018972 -0.350375482432319 0.612241623719445
-0.0654881480477007 -0.0195800470465917 -0.168660561598332 0.466112537335286
-0.0352020261149932 -0.0712622812391581 -0.109741614850362 0.366685156872875
0.00147988384085099 -0.0386691486321978 0.226363481433026 -0.242066108979573
-0.0214364751581605 -0.0272868362561509 0.243501607014237 -0.423630428839028
0.031161937735174 -0.00567798961816992 0.549472432557335 -0.343382275424978
0.032953714865942 -0.0301226359898289 0.761944980449459 -0.49562274753358
0.00143184024809482 -0.0396368609232376 0.611938614620348 -0.558928080910352
-0.0172438317705799 0.00998325152652867 0.378211915739495 -0.411721275980045
-0.00395422008968566 0.0235780304756051 0.167972647884826 -0.174219520725607
-0.0111155250300846 0.0218452066599292 -0.0652450398740916 0.0121916210432217
-0.00751520912270627 0.0178220311482207 -0.234304119078061 0.268844380886658
-0.0165721708982535 0.00699066650361934 -0.337439884253953 0.508608758338481
-0.0244472450414025 -0.0104101503066538 -0.334372027556503 0.696572598755768
-0.0177213631257113 -0.0363617624508536 -0.332541335398824 0.732560563639915
-0.00599078775699033 -0.0281736602524489 -0.281407165234857 0.643799205441847
-0.0511310142829795 -0.0218952436355372 -0.146030861618424 0.480346346070214
-0.0179015763968565 -0.0385766603906135 -0.095347533474322 0.366842007818325
0.0126231572611114 0.00047992605335716 0.229811373716369 -0.228397653423485
0.00110885381908646 -0.0265371579055348 0.255431343272194 -0.417451627063026
0.0281305423129626 -0.0196800710189189 0.568291093629864 -0.30340724885753
0.0168733949978714 -0.0221113263339083 0.801157453965724 -0.441592166344406
0.0142077069609596 -0.0257138888733099 0.642730674500159 -0.519463786100312
0.00452143962998152 0.00456395719511211 0.394575211019425 -0.388749229816278
0.0145306752866063 0.00567004279960665 0.167982346530731 -0.16374415888078
0.00721213253809889 0.00179791085233188 -0.0712506112914777 0.0193027757342119
0.0091003137345443 -0.00267608259095785 -0.231481836697857 0.281820197942848
0.00133228619421207 -0.0060243656427335 -0.317254795702344 0.526844488814795
-0.0105385183066032 -0.00213653167298269 -0.297343303393971 0.709372967556184
-0.0278558349543671 -0.0209066770036989 -0.283010972708428 0.742721096176209
-0.0201994606702028 -0.0342349032436283 -0.235864745735521 0.658266517021703
-0.037750337658404 -0.0268381674291991 -0.131244906553989 0.490652142014705
0.00506298937815939 -0.00540370493959682 -0.0883347986552544 0.3650083386274
0.0199610736753053 0.0419341081674458 0.223866172662241 -0.22858225167249
0.0204949206402198 -0.02058175391779 0.258070769881093 -0.411419617866263
0.0252052117060495 -0.0362738459268702 0.5761094600559 -0.296606078981225
0.000160819355755192 -0.0161711794099244 0.80581831056774 -0.426571598977502
0.0239841659743706 -0.0125516914797892 0.650868120278085 -0.499407370536307
0.0279739311887297 -0.00121610373560195 0.401920192959903 -0.378789845765129
0.0330548359659257 -0.0135455533513803 0.174069739420013 -0.162399581770229
0.0260652079294725 -0.0173631892742292 -0.0701616441145505 0.0164877739909404
0.0233869714437867 -0.0236106647405099 -0.227216467478428 0.283219861203352
0.0195634336276589 -0.0193433334960776 -0.312610681023556 0.529781575920775
0.00171642666367268 0.00389838347383025 -0.29175073825469 0.712015590396089
-0.0367982826108701 -0.0043604389372794 -0.272374186117962 0.743203471330533
-0.034460449834198 -0.0413067635808194 -0.224055131348929 0.658752919307186
-0.0243462308696793 -0.0315712550807026 -0.128040242626435 0.494037592997217
0.02658443806344 0.0273050841217934 -0.0909966275948686 0.35908060342472
0.0269948566391694 0.0758471999798798 0.212003876388249 -0.23842761889936
0.0346837296240495 -0.0165521764348369 0.252616238616646 -0.40680220731676
0.0187499111337265 -0.0488961467104572 0.569168429389076 -0.326490744677897
-0.01472792816605 -0.0101373386163216 0.774638345991493 -0.460798450507439
0.0308357739714114 -0.00267645046982088 0.63362679059727 -0.511269299437288
0.0470457907354426 -0.00827949669405133 0.402325430151239 -0.38820426018277
0.0486818329193865 -0.031376178975064 0.183751378166193 -0.172054350421661
0.0420271324699076 -0.0361014818162017 -0.0637661738475792 0.00511643393409077
0.0374630009296938 -0.0424007207757122 -0.223174816307647 0.272144311049337
0.0363671829664441 -0.0302063786112311 -0.317591504412266 0.516281181867633
0.0125298636626383 0.0103603732555033 -0.310140597686298 0.706702289755609
-0.0468374922510625 0.0057530390411435 -0.302449452821954 0.739332310839198
-0.0457436221168078 -0.0494752973520085 -0.246423307875166 0.647307059691979
-0.0115529184036614 -0.032447637305965 -0.138994117659231 0.49268186302426
0.0419754263474202 0.0573100393653359 -0.100834525312191 0.351566591193629
0.0343724939262418 0.0958086454161153 0.191183600697985 -0.257379027786103
0.0399681403521894 -0.016668191682383 0.241425818442566 -0.404959878715237
0.00924415433057674 -0.0547862924488569 0.546826752950511 -0.387069438920708
-0.0251715719846442 -0.00330400935544908 0.710868706594794 -0.526600092016565
0.036860311166955 0.00123379515495303 0.589186065011058 -0.545831962787283
0.0597095459011869 -0.0166241582283461 0.39478208290429 -0.410401397976429
0.0606206404518364 -0.0459359461459386 0.194888581396324 -0.190317006020723
0.0535082289079718 -0.0490589844177687 -0.0522723102398838 -0.0127801179506734
0.0494099595858692 -0.0552793900972824 -0.220352155416989 0.251355370730192
0.0502158138618766 -0.0353006305119051 -0.335113142346112 0.493755019375432
0.0179594562050556 0.0172742871385455 -0.353750076584204 0.689814246971031
-0.0588796920390161 0.0107759894207748 -0.367321653227674 0.724751811048758
-0.0503880759527589 -0.0605558395137978 -0.300212460988688 0.62235211073507
-0.000690597506446448 -0.0293900098384693 -0.159804416965238 0.485016047577316
0.0454517574167865 0.0826660190895268 -0.116972703533781 0.341821191746578
0.0400587945231053 0.098689861636636 0.167351307968949 -0.278489068334265
0.0354252011151649 -0.0190311021489237 0.22605213382511 -0.408618675556909
-0.00260767596530455 -0.053380235332685 0.502056162557681 -0.461391021130653
-0.0287247812940888 0.00349325548424372 0.621601681421049 -0.600865294923508
0.0371341335169951 -0.000494719318054223 0.527657653110435 -0.592381618223282
0.0610912869713718 -0.0248831528472434 0.3779508130888 -0.447114823300394
0.0637110416614364 -0.0547892291362953 0.204843860713729 -0.21720308142051
0.0589204241514868 -0.0553905229123249 -0.0376632850293497 -0.0343176999278624
0.0564147408639767 -0.0597976661795523 -0.214107730281155 0.224796401097332
0.0585838668954601 -0.0351408637408981 -0.357885340816364 0.459231394294776
0.0185929350528045 0.0226263739623004 -0.417839778692072 0.662670409691244
-0.0690710808934037 0.0067079487471146 -0.460341372485789 0.692359079844154
-0.0484143170381705 -0.0709180126909177 -0.373009375132152 0.580374179712233
0.00569462216227407 -0.0192471273473822 -0.183902118787342 0.470401048730579
0.0379762718569024 0.0974154203510158 -0.137627916696268 0.330698420752685
0.0385410291589577 0.0877194451746095 0.142423743701804 -0.296976639532402
0.0249987656322143 -0.0193426061959801 0.207817615558749 -0.417694089146846
-0.00939053177298584 -0.0446114863195912 0.438618202881493 -0.534857699904656
-0.0248486081925137 0.00636444821572384 0.515488171182166 -0.669783748558676
0.0322818441783428 -0.00672642155122709 0.455358147919006 -0.640732778736882
0.0552499822421517 -0.0293367934644524 0.351440890151276 -0.486253772194019
0.0601145729988249 -0.0553281194287083 0.20967359385071 -0.246765847857661
0.0564087952688687 -0.0528914220279377 -0.0222741583645994 -0.0564818610452951
0.0571014080171137 -0.0571594772581624 -0.207305581188378 0.195118349327011
0.05967697150882 -0.0280586031851114 -0.380095744822316 0.416343505455247
0.0130161828803514 0.0253724261481763 -0.486653413353416 0.618149349170221
-0.0732659882435571 -0.00547710416959495 -0.568897428408641 0.638688964159915
-0.0383909040579694 -0.0768282374996476 -0.45085390992144 0.51803409693701
0.00341662374995576 -0.0077989047544322 -0.210424730484355 0.454187882573377
0.0206382409168128 0.0972706343164017 -0.156117406318728 0.320241926886427
-0.0151017647568414 -0.0682628500799739 0.213953645693716 -0.266967427873535
-0.0409412546736039 -0.0203555850329191 0.22386880738104 -0.43482967971995
0.0366842718629405 0.00488771366758182 0.511358549235631 -0.417223581840673
0.0416997613814498 -0.0419831228068355 0.685363814168703 -0.581908366597184
-0.0123496135925781 -0.0491505124991243 0.549869426942836 -0.620337159784343
-0.0329588343697185 0.0171594902358063 0.354343612614685 -0.450323222107427
-0.0159084282155579 0.0376979330613724 0.169392979978278 -0.197033736756353
-0.0260263627036772 0.0375574566424666 -0.0555557368021699 -0.00298873965710314
-0.0223706004295078 0.0335401218341845 -0.233497798411578 0.250622972662505
-0.0340705040758947 0.0164371830836239 -0.359185759937511 0.484891896178256
-0.0355616419251474 -0.0183036091535389 -0.386661361656034 0.679601130621486
-0.00728683235231394 -0.0500198430153068 -0.409235568127764 0.71455464569745
0.00508646186338642 -0.0201095776073195 -0.345022749320377 0.621878685971402
-0.065734152198784 -0.018582974077316 -0.165929332411243 0.470674828254548
-0.0363505326656913 -0.0709855803953973 -0.108227518279942 0.370382117332034
0.0018775553253953 -0.0392939684655294 0.227201235747629 -0.244541361420529
-0.0223591444184779 -0.0275607795774076 0.243690069850374 -0.428367096254554
0.0309190385125514 -0.0060510614982409 0.548958647378585 -0.351903672278525
0.031366949593715 -0.0314459066072746 0.760350183016651 -0.505314326451645
0.00170791090004584 -0.0394054879007696 0.609836269726996 -0.565948544685045
-0.0172169457420008 0.0103845366754083 0.377877776723644 -0.417443552757847
-0.00336289788535395 0.0231746785737678 0.166366959613584 -0.17777883603109
-0.0112891828115473 0.0219355498262733 -0.0650188113394887 0.0121468618304318
-0.00769093942483267 0.017366886425906 -0.233175318523498 0.272597807440459
-0.0168450003654188 0.00740437537485434 -0.334549110780305 0.513411995448682
-0.0252043335106513 -0.0103276161128181 -0.329633776030761 0.701641699662016
-0.0174361620017597 -0.0374021915722383 -0.328752780401935 0.73915689219229
-0.00699234965182428 -0.0283413526329015 -0.276963269819928 0.653009519837108
-0.0523026749361989 -0.0216706202780006 -0.144309445022214 0.484525417483651
-0.0170221567993678 -0.0389641059557822 -0.0933443948110674 0.369960958909697
0.013756387146158 0.00123771480671016 0.229917702966476 -0.230998386743518
0.00118816199618237 -0.0259794837317362 0.255730756529792 -0.422762294531906
0.0287988973137166 -0.0212468376257323 0.568866809502344 -0.311168338734962
0.0160481109559564 -0.0229766095833087 0.802653227699058 -0.450850064810596
0.0130742585166305 -0.0254204669237691 0.643362019644105 -0.526764136443841
0.00536016602745783 0.00394009110938847 0.391532056094636 -0.393044929141481
0.0134715721624863 0.0051963732140777 0.168050255215054 -0.166657497666505
0.00642978615079596 0.00196901372002058 -0.0708952318283559 0.0193793267652207
0.0088713717842843 -0.00287861638889262 -0.22907042540265 0.285390008168043
0.00160040263838877 -0.00512234784041747 -0.314854729647055 0.531370204191014
-0.0117334757202597 -0.00269055935287461 -0.294532142044121 0.716128114971945
-0.0278380791241271 -0.0203603629211317 -0.27855532682257 0.750122795230273
-0.0217767152317236 -0.0349641249178779 -0.231399294343548 0.664947232838967
-0.0373439578776739 -0.0269930339571596 -0.127906758801467 0.494844630365124
0.00499369240630586 -0.00630513238742673 -0.0867659762936551 0.368375921095301
0.020711335496401 0.0418932981846728 0.225598720891108 -0.229494472489035
0.0207044561469143 -0.0204505000824621 0.258295723972818 -0.417135949971198
0.0247322074904973 -0.0367641194395106 0.577054974652855 -0.305381546056698
-0.000340174328906331 -0.0170973890949491 0.806082573068605 -0.437286704131262
0.0234223854088903 -0.0119551656296718 0.651284026994114 -0.50780386366867
0.0274445769015132 -0.00136185883535816 0.399693044012516 -0.384268028961679
0.0329210951617171 -0.0142502454002173 0.173627294373861 -0.165382778672839
0.0253576271916538 -0.0180113286535142 -0.0701062337629657 0.016193467381783
0.0232811868875242 -0.0242063077250996 -0.225753080471679 0.286346652579554
0.0199408531894119 -0.0189345719188106 -0.30925373724875 0.53460559581566
0.00178610948765261 0.00332551499619461 -0.284934473071686 0.719401607377447
-0.0366116409633317 -0.00432305098098542 -0.26742720885547 0.752685688894473
-0.0357357390151265 -0.0414137814668979 -0.219436682037328 0.666713585160171
-0.0253972866802505 -0.0311347095575101 -0.125108671287526 0.498757796813709
0.0269442384110007 0.0266857988956467 -0.0885450917193136 0.362609184558434
0.0284328387979667 0.076699892730496 0.21250059514441 -0.23998687790322
0.0344388558659578 -0.0158393095077603 0.252316631772936 -0.411402003660115
0.0179413027544204 -0.0493084972945679 0.570255429838271 -0.334020988528306
-0.0158257086994471 -0.0108342648739052 0.774338237403104 -0.469526211687867
0.031213338621586 -0.00194677693373708 0.633109815427622 -0.517370311237404
0.0473023120316322 -0.0083220177489028 0.401026966013705 -0.392538204262199
0.0489922127089589 -0.0319976210462958 0.182433948255794 -0.17424468515687
0.041490506929045 -0.0364481614401248 -0.0645920379762289 0.00590735282916914
0.0373223320182265 -0.0425658784993399 -0.221944860721944 0.275953200136831
0.0366203473297074 -0.0310747618907696 -0.31552885960822 0.523727273900837
0.0118924263024518 0.0101772805543004 -0.305699054721396 0.711836605797001
-0.0477553572403195 0.00675432418891263 -0.297752753239913 0.74714907343399
-0.0465794086120234 -0.0508435630697024 -0.242765239412621 0.653613544517065
-0.0124564341560529 -0.0325566264552981 -0.135605023396281 0.498442942605018
0.0430746283483174 0.0560515139052312 -0.0997083545336074 0.35543288892338
0.0354696046400368 0.0954697108601652 0.191519971935846 -0.26089265790167
0.0391352820871714 -0.0167829835961476 0.239821131389393 -0.410931079955437
0.00784307537196986 -0.0555661602155352 0.546840568350949 -0.394027466859802
-0.026543871996302 -0.00302610629615818 0.711297997962048 -0.535882376888256
0.0363218941947075 0.00131949769118694 0.587307633534729 -0.552661457182724
0.059526826913371 -0.0171995717761745 0.392452472527022 -0.416960320631127
0.0601314530997455 -0.0475670206955795 0.192759322010251 -0.194028982083082
0.0531644838827853 -0.0497054548578521 -0.053424802422417 -0.0119916045191097
0.0486545980109658 -0.0556465688578129 -0.218341464847621 0.255792151138427
0.0499332671430557 -0.0366366596280645 -0.332053166792783 0.500477393060017
0.0177702515332113 0.0173452305052656 -0.347274321219607 0.699142787841772
-0.0590764824154985 0.0113515862234468 -0.36292343632784 0.733866556615522
-0.0524419703776895 -0.0608142237859319 -0.295988776147563 0.63035314866317
-0.00101680421038784 -0.0283520288956338 -0.155621831109194 0.489779758430139
0.0472120392547173 0.0819724904316159 -0.115906903564052 0.345588547453264
0.0408183556042893 0.0985995309902717 0.166547399722745 -0.281046528542195
0.0360363597506999 -0.0189949843030694 0.225275676435901 -0.413192074091554
-0.00282265698874951 -0.0540472802980109 0.498900295186929 -0.470785757972635
-0.029014437282659 0.00374005911977023 0.620404113726503 -0.609668081711351
0.0371073606258435 -0.000164664720961202 0.526191929897194 -0.600125899738768
0.0624645511564109 -0.0244245181478856 0.375638518375018 -0.452016091563527
0.0626637410349701 -0.0557597515999469 0.203582584417132 -0.220680169545926
0.0586483774658635 -0.0560184661429585 -0.0377860288268946 -0.0347224168407452
0.0555768836339939 -0.0610234219190023 -0.212657154909666 0.228917324936997
0.0591348579249722 -0.03573152043841 -0.355693905400856 0.464397070328874
0.0181977277086073 0.0233170649263178 -0.412886025160717 0.66991868418693
-0.0687074383255042 0.00710656195981884 -0.458949352159285 0.700375827595484
-0.0497068227915239 -0.0717158550643204 -0.369872149036984 0.587703047883634
0.00607523344147722 -0.0200864899048237 -0.181295787689671 0.474708354685892
0.0396387435391002 0.0971900239238886 -0.136340323377934 0.333674157524405
0.0401641401061116 0.0882446340492 0.14196962652954 -0.299591872529251
0.0245521068055344 -0.0198693098569967 0.205755151325596 -0.422423747849331
-0.010185719204293 -0.0449198396247617 0.436154361516194 -0.543398451673988
-0.0259252499169431 0.00669441136036684 0.513069346922211 -0.678475978528898
0.032298732074935 -0.00701019521828676 0.450975845563394 -0.64910535633648
0.0555274572993534 -0.0295510213967874 0.348868656131148 -0.491913679605557
0.0577446518714302 -0.0565782091826821 0.208681024027389 -0.25012954807162
0.057083014658499 -0.0537693076635797 -0.0227411289318037 -0.0568642772788537
0.0564934680655765 -0.0575662362474671 -0.2063319700765 0.198960580946341
0.0593700815087372 -0.0280165040433713 -0.37877794467663 0.422594284004485
0.0126581696538595 0.0247760289431543 -0.484540279666959 0.62612929328282
-0.0736814189489191 -0.00510307084849511 -0.566962130030404 0.647643889778894
-0.0383774192179474 -0.0772229171061725 -0.451051152756203 0.526057251927197
0.00375651988857615 -0.0069933512445368 -0.207858843684794 0.459567336749033
0.021927776923158 0.0972624586607335 -0.154909028619026 0.322776602231813
-0.0141167205262063 -0.0684154596861564 0.214279318162721 -0.27029357100465
-0.0417318251088772 -0.0198689951186899 0.222053016823561 -0.441102362748026
0.0364505106602874 0.00489090020003825 0.509131332746515 -0.426038048821044
0.0405423648754131 -0.0428608366734742 0.681859608417491 -0.59228804566866
-0.013420773121391 -0.0491494304360853 0.54630204754313 -0.627321382554696
-0.0333202164289833 0.0180293159917148 0.351364506507377 -0.456323270466605
-0.0154993268933933 0.0378914376766285 0.168561258372036 -0.20041565020355
-0.0258173150315292 0.0380197437944702 -0.055701267197187 -0.00257120813992851
-0.0221973433670666 0.0334581691895449 -0.232442924925095 0.255688855440356
-0.0338737143480549 0.0171067520565071 -0.355458389785835 0.490807112216665
-0.0362855396588387 -0.018439138965066 -0.381456849274849 0.685803198134333
-0.00705026326869999 -0.0495651071364967 -0.405471440772935 0.723872709242641
0.00409204645312541 -0.0198769669492958 -0.339547393777525 0.628227243717184
-0.0666900110415072 -0.0178896410954356 -0.162687797309855 0.476855723095694
-0.0359567967253863 -0.0718453560604829 -0.105869535588035 0.373967725360933
0.00271744299122095 -0.039155943635096 0.227566166688025 -0.248359020529933
-0.0217105136325088 -0.0277825787899263 0.241040292485237 -0.435107477215935
0.0305724022912481 -0.00588627373940177 0.547306309177412 -0.362344546109309
0.031311593123825 -0.0322257061931486 0.758938465084979 -0.517010499941274
0.000430806132054529 -0.0398123266634383 0.607357448375152 -0.57526688690844
-0.016336606237383 0.011594658304577 0.373527793643121 -0.422364412198393
-0.00354548613796998 0.0232495340771387 0.165621855038019 -0.180276317466982
-0.0102333657575415 0.0222006627896386 -0.0665356486805734 0.0128892666317118
-0.00658970277829974 0.0174521020057592 -0.230326602119847 0.278047451280171
-0.0163877928258187 0.00779154497486287 -0.328395776871332 0.520432933755407
-0.0253418904363842 -0.00967768599673701 -0.325498048063195 0.710719460727812
-0.0185786724959588 -0.0367026237753024 -0.322657731450131 0.747743364677696
-0.00770981000382846 -0.027997852523411 -0.270462550164742 0.659529714142429
-0.0510876790126439 -0.0211339883213579 -0.139394997920481 0.488927032478277
-0.0182604663503551 -0.0391221921768059 -0.0904880111117059 0.374121809341042
0.0145679317437864 0.000858115261237147 0.230950813886613 -0.233642827056794
7.45827422288627E-05 -0.0265003261621566 0.253192680932679 -0.428217742689121
0.0284092270686401 -0.0217578290067489 0.569443489353715 -0.31892487065637
0.0169226364015531 -0.0235487065331205 0.801448514842489 -0.462364058662235
0.0126039700640425 -0.0254746584600814 0.640446590722636 -0.536236187435054
0.00456965762232487 0.00480384606950237 0.390897401407863 -0.399127523622797
0.013875009826424 0.00392950778010905 0.166434253443492 -0.16868425465211
0.00649192058724897 0.0019525643126615 -0.0708991166808542 0.02007257634017
0.00856416120504734 -0.00359609464579218 -0.225673093698476 0.290359627965274
0.00146788471731066 -0.00573327732143876 -0.309909842733442 0.538724623739005
-0.0117600174857773 -0.00253197558842397 -0.287448643513704 0.722591463592314
-0.0282593658140066 -0.0208358364197117 -0.2699875366559 0.757652537887714
-0.0218502372853564 -0.0353850998174458 -0.225637996258624 0.671739183258969
-0.0376103823919026 -0.0259489782439298 -0.124550110600989 0.499554865694231
0.00641317584540415 -0.00638258937084724 -0.0848690650808076 0.372158685520481
0.0214172548525316 0.0417926750600096 0.225604600116559 -0.231702220336024
0.0199460702827061 -0.021508515438252 0.256888174870908 -0.422206158670856
0.024479093396914 -0.037009232876906 0.577462952491819 -0.312238437955107
-0.00121803756078253 -0.0168543222633523 0.806371743692428 -0.448695824660693
0.0231561361807195 -0.0127145431734367 0.648833404816837 -0.515752645256112
0.0283326011924447 -0.00108243606465837 0.39824714040338 -0.38919238618377
0.0325199363250408 -0.0148613071776072 0.173189730546071 -0.167416581508501
0.0250751411502794 -0.0185997812427725 -0.0707805295500427 0.0173273562137853
0.0231498033651682 -0.024654580571374 -0.222635863953224 0.291196220525065
0.0189091774647417 -0.0198424076614593 -0.305684886269202 0.540658796431158
0.00136580905567183 0.0037174657486535 -0.28077629199753 0.725945976681842
-0.0376169669454724 -0.00487255297549646 -0.259721255567267 0.759979872565018
-0.0367878510558095 -0.041356226548881 -0.21370692534863 0.672902826492075
-0.0253656632075954 -0.0302266368922779 -0.120375540252545 0.502269043000981
0.0278812743946293 0.0260459416005515 -0.0864740803625118 0.366684514758468
0.0292518337185666 0.0760307427400872 0.212193013954158 -0.242740334176648
0.0340324178319106 -0.01686786640589 0.249485163033936 -0.417207981998987
0.0180363479133884 -0.0492160157622376 0.56911861497896 -0.343993398036959
-0.0157802717541595 -0.0100241581141404 0.774587344677194 -0.481045255033299
0.0311746912004175 -0.00323367627362369 0.629502107604206 -0.525474431422673
0.0472665347405883 -0.00934386255757934 0.399452866051693 -0.397955318154455
0.0486737349260418 -0.0332295092650032 0.18128145985402 -0.177224825149398
0.0415432479995329 -0.0376217107223303 -0.064344892676926 0.00612366121452174
0.0370918906702605 -0.0433221473663451 -0.219283266023426 0.280354285815767
0.0367202654338452 -0.0311509952792454 -0.310566609231533 0.530160483101388
0.0121837033532268 0.0101491053735579 -0.29900737909956 0.721644864412812
-0.0471274461557252 0.00686505279948934 -0.292315845458653 0.754360638884265
-0.0479193839838607 -0.0498196409465344 -0.23691389647849 0.660988066085346
-0.0122861789141467 -0.0328716932338855 -0.133047238117439 0.501820841094755
0.0431506931894224 0.0564688171689569 -0.097107673122362 0.358460301694225
0.0373329196920634 0.09600646994501 0.191343004708474 -0.263309475388107
0.0396600083620789 -0.0164987470821614 0.238428910680255 -0.416172219737725
0.00778196704854637 -0.0557753030643147 0.5458321977181 -0.402095261746098
-0.0267418259607436 -0.00333043000485003 0.709491096045456 -0.546275242140692
0.0366409282768908 0.00161924045250456 0.585050348799779 -0.560081730418226
0.0605275857189589 -0.0166098178659666 0.389919234982473 -0.420361038502495
0.0591215249847252 -0.0478067125480401 0.191846037995608 -0.196485228225489
0.0528256342873166 -0.0508042928082545 -0.0530745145010292 -0.011407320809964
0.0484837449154761 -0.0571248603364167 -0.215691478286953 0.259392885349919
0.0496613844538798 -0.0371689108047687 -0.328873311886114 0.505886431501962
0.0184164644054505 0.0178870784692312 -0.343035063123859 0.70490825768729
-0.0596076148385358 0.0116559816394379 -0.356998954615513 0.742434566193536
-0.0534592822940268 -0.0607131286194344 -0.290337604772119 0.638222307515096
-0.000899173303045349 -0.028436166969314 -0.153209566357239 0.495003511853686
0.0483757866636809 0.0821275272460646 -0.113775190591199 0.348245472000747
0.043045516609699 0.0985087019227705 0.166853098867449 -0.284508670102153
0.0352567161818818 -0.0197088919987331 0.223406267179532 -0.418484290804938
-0.00333071122906119 -0.0533010098212657 0.497326009053688 -0.478783183875555
-0.0293620639394015 0.00392414080503189 0.61679242040395 -0.621024128071695
0.0375624428405389 -0.000650961965312204 0.52210975108247 -0.610480175131708
0.0621751217198529 -0.0250631628581918 0.372240168238523 -0.456407995071021
0.0622017711715058 -0.0571665284788826 0.201243117932488 -0.224498028401205
0.0581334561284283 -0.0568680804760276 -0.0388835562826677 -0.0344470523343825
0.0551963009863809 -0.062128329009033 -0.210885677624555 0.232447002248781
0.058977370575779 -0.0366476740963356 -0.353394603637945 0.470458542945977
0.0188774870554804 0.0230604083136342 -0.408994115665984 0.678726125001719
-0.0696220739402912 0.00835311728810172 -0.452725360524551 0.709680536367715
-0.0506787008171671 -0.0716167488863757 -0.365350608492356 0.595312852631881
0.00546365082169078 -0.0190128295071693 -0.179508482768022 0.4809694146233
0.0403839144882242 0.0961243453405432 -0.133648745003444 0.337445626065972
0.042311030164811 0.0883632742269391 0.140976606558283 -0.303308705363694
0.0235910050156874 -0.0195911176641022 0.203778192978734 -0.427571060680561
-0.0106898059349162 -0.0455217011312179 0.432972380497743 -0.551494121943578
-0.0265182387778208 0.00635622517917527 0.507912740274392 -0.686798542497537
0.0324295690945299 -0.00663898843526307 0.446836361364344 -0.655558586729853
0.0554028473571554 -0.0298268957235637 0.34463602523474 -0.497543515258308
0.0581515293859855 -0.0578258569396111 0.207408531790015 -0.254058615238211
0.056233697137816 -0.055211635791013 -0.0231497031106963 -0.0573138987686833
0.0555272644791808 -0.058586309681812 -0.204067508212816 0.202221066790655
0.0599058022277336 -0.0292435423919663 -0.376789189094839 0.428000985601878
0.0134482785521751 0.0256057320418369 -0.481432814472239 0.635109224002876
-0.0743259375454994 -0.00466353076081668 -0.563062723855154 0.659105505385268
-0.0404149551109072 -0.0773296042579157 -0.447659648701155 0.532748947355182
0.00419038180674988 -0.00656180945701601 -0.203495511458125 0.46378455936176
0.0223343255199866 0.0967314900092465 -0.153443327937998 0.32644923645759
-0.0142595772618992 -0.0683180921094936 0.213079545730402 -0.273214267272116
-0.0424482290046366 -0.019918035659842 0.218360820178074 -0.447173535214814
0.0363318967923999 0.00435861796840491 0.506474136624783 -0.434254768599347
0.0405443346622821 -0.0440519089255343 0.6773749046803 -0.60347664813259
-0.013737107238912 -0.0486776471834163 0.541327428768184 -0.637692807147291
-0.0331950895776762 0.0193970021975026 0.34566896047161 -0.462041101017781
-0.0161205610799999 0.0372834459514092 0.16643165884381 -0.203026628217846
-0.0252858615650992 0.0382633201388744 -0.0561572050399041 -0.00157758826852205
-0.021666356182911 0.0330704862573974 -0.228866827387164 0.25898680662909
-0.0327428847001436 0.0169696332125403 -0.350504619814579 0.497462401627909
-0.0367224322233022 -0.0171162990520068 -0.373113374386697 0.695106239403438
-0.00897640561271546 -0.0508580207244249 -0.399365747589556 0.731945963348322
0.00334626680854948 -0.020237329100543 -0.335943827638313 0.635576196456828
-0.0670337567701604 -0.017267191917036 -0.159682275727283 0.481675993144741
-0.0369052215236043 -0.070431281639092 -0.102483088985487 0.377205971418671
0.00269613136314453 -0.0401671646994532 0.226312284510313 -0.250432293451766
-0.02384458199571 -0.0272419838887545 0.23804472736554 -0.441024580942953
0.0311214187374987 -0.00682077337694824 0.545580893922633 -0.372209189647372
0.0307382896629638 -0.032624489635432 0.756517305877025 -0.527602705359403
-0.00050789077300236 -0.0387842585864381 0.601827963423939 -0.584890602637432
-0.0165900192539779 0.0123143270326451 0.370135870717908 -0.429703717581356
-0.00343269454390539 0.0229760427002276 0.164382513532299 -0.183620370451145
-0.0104176883783804 0.0220415556254867 -0.066050572104254 0.0131999095656537
-0.00742922740411164 0.0172073114075242 -0.227558183464831 0.282151247246205
-0.0162270300990616 0.00824414594554809 -0.325600992679337 0.526443891608252
-0.0257380781961919 -0.00893507696705471 -0.317262302015345 0.718232419506865
-0.019442565004989 -0.0364434326296754 -0.314815244115907 0.756308198362465
-0.00894480412712206 -0.0289978023715265 -0.264480539413654 0.664875073563998
-0.0530171068172794 -0.0197501300335598 -0.135639098777739 0.494461941018025
-0.0169333003186631 -0.0395146006467721 -0.0886143284770057 0.376680478883525
0.0154880678616124 -7.8198210458862E-05 0.230158485841361 -0.23656985807156
-0.000145137932302594 -0.0263067110199708 0.249958896554524 -0.433595979992352
0.0287776288619327 -0.0223383427956597 0.567920246586807 -0.32845562965119
0.0160158516035445 -0.0239176683750888 0.800893875549635 -0.4741584976609
0.012181452068974 -0.0263867710541621 0.634517135608203 -0.545017350973943
0.00517767162735411 0.00582423137596496 0.385297193707035 -0.404332840766233
0.0134846287329547 0.0041697988868625 0.166395561410748 -0.172487574545749
0.0069766209460346 0.00209353838961481 -0.0712605975080312 0.0206216235811163
0.00789069873011758 -0.00376642214877288 -0.22223966778788 0.294038453223092
0.00145275981075313 -0.00547655633072518 -0.30460520669129 0.543128471647371
-0.0125477482146987 -0.00248580597049287 -0.281145031945724 0.730473039172159
-0.0285868583635406 -0.0197942301758404 -0.263761048875138 0.765666848240888
-0.0231604712303828 -0.0350105561186803 -0.218179709443276 0.678528781756855
-0.0380844923381334 -0.0257794028449273 -0.120601259852689 0.502565599176197
0.00509550490255822 -0.00682343665962692 -0.0809920755766019 0.375078600895599
0.0233517610099343 0.041172329808099 0.225146653891439 -0.234954364992264
0.0193421254114193 -0.0212380917429427 0.254157481019321 -0.426916278033878
0.0237489598856852 -0.037733407959268 0.57341748071757 -0.321409955469553
-0.0015891745491549 -0.0167346163514597 0.803738753309994 -0.460802284025109
0.023008298597536 -0.0126025630101106 0.644734261034127 -0.525505098529041
0.028595444715722 -0.000977397162697752 0.395279755866549 -0.394441781518583
0.0313208105512308 -0.0158362668142152 0.171076472879795 -0.171184818301347
0.0250128515818325 -0.0196110096980626 -0.0702767863810742 0.0180267098485076
0.0233059826485066 -0.0254404834010197 -0.219259618964667 0.295479421144552
0.019376959741953 -0.0200784840752552 -0.300323247720431 0.546404267115834
0.00139955485225855 0.00442559852845804 -0.269314179058959 0.733051242437166
-0.0373609308026673 -0.00444222705931181 -0.25205173864819 0.76736512739241
-0.0376744452062864 -0.0408608378923951 -0.206605750783317 0.678098197727636
-0.0250794855272329 -0.0303454445896708 -0.117109184628306 0.507470035041075
0.0287224827807551 0.0261088291053985 -0.0831686035855385 0.368582390776642
0.0311461387562713 0.0757927634300907 0.211493676041291 -0.246411949909165
0.0338399771041157 -0.0167551798592801 0.246801463046417 -0.423692003977297
0.0166433577166848 -0.0503019990304816 0.56670733724683 -0.350764608206766
-0.0168212331206559 -0.0105481256692853 0.771213289100528 -0.4930361113572
0.0311749890304279 -0.00271917534334707 0.624958196837723 -0.534277082941636
0.0483007847263587 -0.00877126370674505 0.394690957641944 -0.403415714652032
0.0476226080477468 -0.0339973881256224 0.180091217735795 -0.180415014331881
0.0411435246601524 -0.0382268226910077 -0.0641317237371636 0.00743719475945522
0.0361965934167029 -0.0443729429209482 -0.215889408739947 0.283756263056091
0.0357384928364126 -0.0314310941209065 -0.30669263508343 0.534840381395886
0.0125907635429998 0.010582579495086 -0.291077064929136 0.727151411384337
-0.0476550208673707 0.00745872193140931 -0.281688929642309 0.76250738922257
-0.0489088134607274 -0.0497011847361895 -0.230008282808834 0.667800673278529
-0.0124773499032098 -0.031766666558405 -0.126806289832377 0.507009158344611
0.0437045386302835 0.0556435715716414 -0.0939689744900756 0.362744145289768
0.0386104006119903 0.0949757719582692 0.190349690077289 -0.265495193629106
0.0395319058893177 -0.0171371246768693 0.235418046388182 -0.420849122159924
0.00672654412361124 -0.0563765377934753 0.541029179890176 -0.411131952242041
-0.0270335533770591 -0.00337194204442661 0.7069489092267 -0.557912327991574
0.0370841207340569 0.00160894070920576 0.580459401984699 -0.570961649066614
0.059849484788033 -0.0180109523340855 0.387704822447586 -0.427958041392684
0.0583419870053151 -0.0491590014501042 0.190765626846338 -0.199686375273713
0.0525939618203546 -0.0520893322406468 -0.0536179639592664 -0.0111619076239424
0.0480932656568256 -0.0579467264745374 -0.212644919130504 0.262765637892887
0.0496749778342934 -0.037907446258648 -0.324077938670507 0.512252326000843
0.0186505077281611 0.0170699062671675 -0.337028890416833 0.714088111799131
-0.0592909141622245 0.0133699268653527 -0.349268582537582 0.752258305192105
-0.0546761889046377 -0.0602636190765962 -0.283704170477507 0.645180127639049
-0.000507145388333102 -0.0279288134866889 -0.148427332489355 0.499946063738167
0.048897405372856 0.0802283222844404 -0.111232960068619 0.351413203789598
0.0447027004949911 0.0983286257149855 0.165017772408592 -0.287210552776584
0.0353809871002122 -0.0199090142181468 0.219479948230259 -0.425343924138419
-0.00418203758815385 -0.0540529067629468 0.49351527232522 -0.48846098686146
-0.030636776678571 0.00383106976426205 0.611462999042133 -0.630887193320998
0.0375574778104463 -0.0019630852015316 0.517063692815802 -0.617396059751041
0.0627076996060777 -0.0266070119937943 0.368962374381745 -0.463102377189739
0.0607063165066038 -0.0583558641663737 0.200075588457721 -0.228545147310028
0.0581045244492541 -0.0577854741394254 -0.0394856868563246 -0.0348414022229514
0.05484090749236 -0.0632482406460655 -0.207803210847801 0.235703626107064
0.0591455903080336 -0.0375739370295507 -0.348153324636256 0.476215276737291
0.0193147201563598 0.0233712336420397 -0.4012150449585 0.685620717547244
-0.070366381884011 0.00802879858847021 -0.446433378750413 0.719270581911577
-0.0524808416238443 -0.0710485146144151 -0.360701652946576 0.603318340295278
0.00583943508176642 -0.0182122743236494 -0.174747549132941 0.486113140983451
0.0416288435843605 0.0962059085220437 -0.130937198719796 0.340637405075321
0.0435930390096621 0.0876447281232052 0.139113717593153 -0.306089090174441
0.0234938517379813 -0.0206719407507558 0.201163985365563 -0.433297797218334
-0.010634630675822 -0.0455702556827974 0.425891664245014 -0.561832576703166
-0.0266880440570684 0.00676828375166964 0.501828017413926 -0.696763249016449
0.0322999853206937 -0.00735290245612444 0.441822146136211 -0.664584046557055
0.0551092461345703 -0.0306882842528135 0.341465336128343 -0.503718408317054
0.0572337751099274 -0.0588676179971447 0.204597021126354 -0.257658599092179
0.0551904148294581 -0.0557325025259598 -0.0240117470870287 -0.0571530534863149
0.0553963543782796 -0.0603734442254307 -0.201641428276427 0.206656128750869
0.0602331344744916 -0.0305094422684602 -0.373825204832957 0.435065078944543
0.0138620375198058 0.0251129560602227 -0.474591296712516 0.643135933873612
-0.0743185463132951 -0.00416510703866937 -0.558892968430817 0.667672666980287
-0.0420218865684892 -0.077044566555674 -0.441557505985809 0.542299716233039
0.00446756624728242 -0.00682552319878742 -0.200712792053525 0.466975728722201
0.0235772855664239 0.0964170685261195 -0.150007884226401 0.330417695124332
-0.0146672492211654 -0.067888631212606 0.210799754977364 -0.277111818564199
-0.0426052554579231 -0.0195407335080452 0.213340145260434 -0.451386179922548
0.0360949793518137 0.00375575073634868 0.501976148187766 -0.444499090794653
0.0392862611679089 -0.0447410890864811 0.671321156626927 -0.612935835266099
-0.0146012768013444 -0.0489504505576383 0.533791640476231 -0.647082577947501
-0.0326611321484576 0.0200215864021843 0.339887836061525 -0.468928254174195
-0.0157206225481476 0.037097333602928 0.163383704566365 -0.206881327150344
-0.0250916936143207 0.0384805381917593 -0.0558287801561587 -0.00146304971390485
-0.0212922769429878 0.0332005716349287 -0.225523967655426 0.263413759700459
-0.0326506592826466 0.0183551440209211 -0.343437317381535 0.502317556317535
-0.0362430162225808 -0.0155229298272183 -0.36467332323391 0.699852064179243
-0.00896219831038856 -0.0510498454934391 -0.390079898752009 0.739986996816323
0.00328675517789388 -0.0202083840303259 -0.325984253137139 0.642397773972206
-0.0666273713807767 -0.0155181229368075 -0.152977446478491 0.485163112709794
-0.0366972346417951 -0.0716858023646422 -0.0994262714910871 0.379504226305737
0.00348982094786358 -0.0394104144227425 0.224615732710578 -0.252582678569019
-0.0230480754082039 -0.0270622129755844 0.232598721178103 -0.444917335687511
0.0311829453332578 -0.00753027013331138 0.541519165294188 -0.378173422257931
0.0297994118738987 -0.0327985940320532 0.750710094603192 -0.539370259613121
-0.000660685685123863 -0.0384662469612861 0.595109413746048 -0.591479934686321
-0.0161912280421966 0.0123594098701596 0.363650597513033 -0.434071189518287
-0.00374870921135297 0.0224705938539857 0.162356348023237 -0.186850806770328
-0.00961165577600231 0.02291248913083 -0.0660920291725559 0.0134254256058531
-0.00656623683767886 0.0165564886975071 -0.223042628394328 0.285697479390991
-0.0160154307968485 0.00900955411414264 -0.316733172214208 0.5320072751838
-0.0252906855591473 -0.00791160413915312 -0.308492953446439 0.72282194095866
-0.0197921640506099 -0.036993620066311 -0.305535418582605 0.762883606178676
-0.00961505503198491 -0.0284661132234061 -0.254983690377493 0.671764530414104
-0.0524586417605473 -0.0195601602813036 -0.130061059245008 0.496740845704086
-0.0180739601268559 -0.0404155918058232 -0.083914997554549 0.380103684942046
0.0162308679465292 -0.000121198872153112 0.228997243600023 -0.240129822352016
-0.000936372320240375 -0.0265889412409483 0.2453705462573 -0.439158269713324
0.0273850382052343 -0.0228879915877018 0.563256200976124 -0.337552485668696
0.0154000300096042 -0.0239129304007632 0.794148862639814 -0.48716884559979
0.0123709128648785 -0.0259448199147706 0.630391382154951 -0.554935537439584
0.00609349848343465 0.00557368448988446 0.381310459526636 -0.410465222597038
0.0127889474993101 0.00333643457259499 0.16345295806039 -0.174654931833923
0.00722518190691092 0.00142712412922435 -0.0711788951962548 0.0204705435782587
0.00801752970353645 -0.00384278692475802 -0.218010339150636 0.29877830810241
0.000930697947261968 -0.00517701057344978 -0.297819211810472 0.550254033131573
-0.0120948663673222 -0.00157972159931161 -0.271781630055254 0.735667648490602
-0.0288207866755969 -0.0199893584376574 -0.251754305398819 0.770550985794418
-0.0239609530823361 -0.0353249019086563 -0.208182763673925 0.684669880830452
-0.0382114236423982 -0.0252992261119969 -0.115395658130841 0.507631820665587
0.00635441979977218 -0.00721956004068472 -0.077185394944751 0.377229888320181
0.0241594935954106 0.041497311544839 0.223651452351597 -0.237881363022271
0.0194852079165381 -0.0203586030326946 0.250092985339857 -0.431211467755161
0.0239936266861894 -0.0382790014937254 0.570945296705671 -0.331338255310704
-0.00153501751969251 -0.0168417009287547 0.799686572553042 -0.470879118973293
0.022799781221692 -0.0126379163446339 0.638527997204011 -0.534002774679249
0.0286580357136879 -0.00104714617756859 0.390669173352748 -0.401497443236578
0.0311912544724324 -0.0167316148883374 0.168678379718659 -0.1741283356086
0.0243855465785053 -0.0196208540687769 -0.0709738117753077 0.0190728908128868
0.02283188316665 -0.0259853189875363 -0.215126367296719 0.298581689440431
0.0187654705014313 -0.0196008083066171 -0.292732433820113 0.55222582952207
0.00142748186032601 0.0044111784740483 -0.261717655547956 0.74018277640675
-0.0382519114896268 -0.00462183429132133 -0.242788149040193 0.773274666860276
-0.0384094570639688 -0.0410960828992459 -0.196924530777209 0.683723928610524
-0.0256174881240411 -0.0290498101842407 -0.111658836185412 0.511160193042535
0.0279361600541118 0.025327575980294 -0.0785008376704838 0.372483221956526
0.0325779043744837 0.075273201271204 0.209680685103745 -0.249804849586263
0.0335337245975315 -0.0159481504312369 0.243292955707066 -0.427541450590426
0.0166644267238413 -0.0510664750034794 0.563489062220624 -0.362019942709681
-0.0180516634521511 -0.0108249279258759 0.76685154359965 -0.502090953137155
0.0312750154867627 -0.00282197442649204 0.621891547578165 -0.545229675717971
0.0488550636854589 -0.00886000567870833 0.392961860346904 -0.408473591451534
0.0468208200008813 -0.0357468119995738 0.178266877395325 -0.1833763809064
0.040475675824445 -0.0388279806356093 -0.0640575445978817 0.00760469738259994
0.0354260482781661 -0.045189093462573 -0.211301114679886 0.288613650032978
0.0351653581047474 -0.0326545626788571 -0.299292656713177 0.54165226210082
0.0133353526831709 0.0115795781292255 -0.280716806537522 0.734542339782822
-0.0483108310213563 0.00854312290975336 -0.27190817261045 0.770189556918429
-0.0502326857360783 -0.0484257734335831 -0.220695854200111 0.672664631779373
-0.0123954688743986 -0.0314267897641604 -0.122562060540519 0.511041821907139
0.0450156356970934 0.055157684547025 -0.0900108468479547 0.364463670918696
0.0413457761009437 0.0946586639884908 0.188719941803929 -0.268611216587285
0.0383853954136114 -0.0167821140052364 0.229936127087566 -0.425573117958533
0.00602141311118214 -0.0564947787397482 0.536474140336204 -0.422829236082958
-0.0267324984490148 -0.00293269790548382 0.700928253590594 -0.566622111941355
0.0369318298633695 0.00127500032483289 0.57365195642978 -0.578891566429247
0.0606083695541643 -0.0176726507940021 0.382441262128647 -0.4323194347759
0.0577595109681004 -0.0506879277926175 0.188259782070558 -0.203186255287685
0.0520235964181857 -0.0527264461050892 -0.0542582129286639 -0.0106746113916019
0.0467299863885927 -0.0587117790270489 -0.208971871183153 0.267230229711191
0.0496023053363441 -0.0388857498122677 -0.318155321189811 0.516755710158301
0.0189877484395203 0.0175159194358521 -0.327245115739093 0.720315407097438
-0.0597483717741512 0.0131706471972399 -0.340276072107894 0.758136093582175
-0.0555413380238957 -0.0594954659825807 -0.2752864499988 0.650471143033229
-0.000640556669106965 -0.0275811114309582 -0.143091872626933 0.50286893764546
0.0501463934373563 0.079870762887734 -0.107300575058853 0.354815492861195
0.0454659822097069 0.0975248869522587 0.162553491678028 -0.289863951997646
0.0352536510832552 -0.0197191146317158 0.214755503918962 -0.429288994470876
-0.00487577508554178 -0.0547497324919406 0.486751198280153 -0.497960920158559
-0.0300126843358611 0.00453419707232614 0.604407425915655 -0.640527499909491
0.0371324982277564 -0.00122626862806943 0.50923462553706 -0.626851238391443
0.0622403578183523 -0.0259398057126453 0.363677869222403 -0.467827240341525
0.0599072929812751 -0.0593495997061991 0.197211424951986 -0.230935641246952
0.0566802448675936 -0.0592069513528127 -0.0398881805875054 -0.03368391100566
0.0531600624216014 -0.0645005580466141 -0.203369405367578 0.240039616070104
0.0580159983198516 -0.038415837638099 -0.343382998469417 0.483456069503557
0.01935006390655 0.0234612783691826 -0.392614055058132 0.693304829808492
-0.0702113707135129 0.00872456776302612 -0.43952755578843 0.728034496564983
-0.0534643889197006 -0.0706463647529665 -0.352845069132403 0.609285223720221
0.00625431613167195 -0.0180863317233485 -0.168364213166784 0.489756181830741
0.0423729652944652 0.0954933955959116 -0.127212455888456 0.345417037547852
0.0453334662806963 0.0866912363558006 0.137255094378048 -0.308618910799563
0.0237251686833837 -0.0194896028843696 0.195572553047901 -0.438467724851015
-0.0115826963338026 -0.045330206959942 0.420111943109136 -0.568829201676528
-0.0272169197423923 0.00669644515134087 0.493007366795466 -0.706204969264363
0.0320957133630283 -0.00749312510825994 0.433221090993054 -0.67116300991494
0.0549902466217262 -0.0307174489717987 0.334065261048388 -0.509591885216737
0.0556932719991987 -0.0595363246210059 0.201592996093667 -0.261369326850573
0.0552704779104195 -0.057084820277064 -0.025026725793328 -0.0577590636439767
0.0546242146674083 -0.0613293137266983 -0.198461928597427 0.209470876475378
0.0598229349429001 -0.0317624877993633 -0.368281176696061 0.440843451431955
0.0146333950648325 0.025774923410502 -0.46625028390478 0.651353390461015
-0.0740505772923636 -0.00305738779774503 -0.550527063678826 0.679280800308875
-0.0432160875615009 -0.0768766442531664 -0.434636827958032 0.551173871527267
0.00431307723378029 -0.00587089699842337 -0.195762022880474 0.474559253425067
0.0243343842757347 0.0961460960576006 -0.147688081022724 0.333785786585096
-0.014848037674738 -0.0682217122572678 0.209146811663753 -0.279233705955578
-0.0432837895658639 -0.0192095911846447 0.207948849568692 -0.456717708825902
0.0361962218729108 0.00301915665630095 0.494984723880873 -0.453711163075385
0.0380714943675013 -0.0457344083851928 0.663865459550382 -0.626720902120873
-0.0154095060751193 -0.0480265998806124 0.522413170297914 -0.655128724921386
-0.032025296689994 0.0211225096247685 0.332769884617484 -0.471836222087279
-0.0162437256369962 0.037805481607306 0.161814768322818 -0.2091694328382
-0.0242106876896691 0.0392659862259541 -0.0554597188679911 -0.000732237789892282
-0.0211703700927492 0.0331136071984103 -0.220442726533747 0.266782546582445
-0.0319849613691594 0.0189609943601228 -0.3370039143726 0.509238335092994
-0.036979886344011 -0.0152966450355524 -0.357315973230555 0.706494080193601
-0.00993164383201731 -0.0509512305116625 -0.378443753423546 0.746627836424377
0.00221278311359428 -0.0203266551969072 -0.318321788980281 0.649001724444356
-0.0666088930551864 -0.0141251981656997 -0.149462113491082 0.487685837589512
-0.0376158737809983 -0.0720914812429426 -0.0943552582047164 0.38180618877114
0.00382955014861019 -0.0401382573703559 0.224134606852969 -0.256992794186866
-0.0234925540346744 -0.0269549435153377 0.227576317394734 -0.448248179420655
0.0313941937655966 -0.0081063262100554 0.536119843076728 -0.387335685394047
0.0291567846831347 -0.0334685986966322 0.741699898922982 -0.552765598752536
-0.0015959049807838 -0.0390715219209354 0.587275191670805 -0.604574001262856
-0.0155485108706082 0.0134900923600064 0.357258226364493 -0.438607615407118
-0.00402862238792148 0.0221974720091464 0.159253515319072 -0.188752843750902
-0.00970305881053997 0.02216438514896 -0.0662518198221201 0.014543787771038
-0.00692886034670071 0.0159587398090336 -0.217850248489229 0.28929410723475
-0.0161243624113207 0.0083194127796313 -0.310615173230523 0.537957698978855
-0.0256170982082272 -0.00854883723024091 -0.297364590860315 0.728624198806011
-0.0197615065661204 -0.0377984726268478 -0.294269536231536 0.76950308225601
-0.0103192599383291 -0.0285917608658623 -0.245983739078065 0.676368834279666
-0.0527682163289369 -0.0188415307858689 -0.124901793710334 0.499535319051923
-0.0180904809044277 -0.0409850181529335 -0.0798073754898817 0.381333538980392
0.0161364186696891 -0.000208202711072398 0.228508774324038 -0.242380099344587
-0.0015975759791713 -0.0263805640373675 0.240199761773724 -0.445030712430212
0.0272876345774547 -0.0230743192819993 0.559349258031837 -0.34749668558928
0.0143793545085704 -0.0241210847579739 0.788973821028189 -0.497327259195888
0.0117534444422265 -0.0258673718112956 0.622247339882978 -0.564246724393102
0.00585600278680538 0.00593022555857091 0.375592160290612 -0.41413452698118
0.0126004190853851 0.00312327683431887 0.161425052635497 -0.177663572380838
0.0071690521269012 0.00127719332151197 -0.0710314391940998 0.0216079756969042
0.00790003589634642 -0.00427433218614351 -0.213360024471266 0.301447917062295
0.00173387573320283 -0.005143482289295 -0.290202328695697 0.553316159162931
-0.0122490522308762 -0.000587115741848403 -0.260163875243789 0.740312239622713
-0.0297146408862209 -0.0199684466538884 -0.242180382496257 0.78011825221117
-0.0247715736646069 -0.0343329278944769 -0.199500959416714 0.68786708978337
-0.0385081124790873 -0.0237311343008982 -0.106734955810373 0.510263226917562
0.0062109739857797 -0.00769486166651646 -0.0720629970017123 0.3790131229868
0.0255732325076027 0.0412750325861902 0.222411387180927 -0.240910141428808
0.0191113657266893 -0.022009913738627 0.244502187387308 -0.436076179885808
0.0237038305115059 -0.0387767789079518 0.5670790235799 -0.34085330213639
-0.00244427180892961 -0.0171666533525811 0.795980420353037 -0.483612579553394
0.0225363416442809 -0.0123365021383762 0.632106644051618 -0.544695602340566
0.0284152397142686 -0.00122662956298612 0.385327643298754 -0.406378102787444
0.0314276624842986 -0.0165760855976875 0.166817376091198 -0.17719299799746
0.0248122429789281 -0.0206762292121939 -0.0701611218138919 0.0194699755592682
0.0221874079141371 -0.0262842449490082 -0.20974306025208 0.300835914618137
0.0179457059085347 -0.0206656173017578 -0.284913720343452 0.557292972036192
0.00104121888555851 0.00406828813990793 -0.250457511836406 0.744243349686892
-0.0377452547045952 -0.00437806905243009 -0.229973666273629 0.7785889544214
-0.0391216659712199 -0.0402641926710995 -0.187335741363095 0.688572756528061
-0.0251762355020515 -0.0285870520184503 -0.104416950242147 0.513023701189297
0.0297011241241537 0.0245102790729862 -0.075359496692923 0.374193245792667
0.0335143478352568 0.0742007299181829 0.208225849759792 -0.252785796520644
0.0333219013619658 -0.0166374246565335 0.237285517443117 -0.432241109923461
0.0154989390460751 -0.051174344962088 0.557366560807412 -0.369137365557251
-0.0177897767927622 -0.0102015127383157 0.761127365159396 -0.514793230619664
0.0304675137934291 -0.00356403462246347 0.614558992505749 -0.552865861112271
0.0484373673235998 -0.00934963531471627 0.385616055210173 -0.413240032478125
0.0464480061914687 -0.0357461615833918 0.17545681470777 -0.187057902541098
0.0399794566881042 -0.0399730960427494 -0.0638396943469238 0.00812270375821206
0.0358923167487802 -0.0455268807811526 -0.205968487616375 0.290372417846366
0.0352701845850911 -0.0325349306462631 -0.291599147440586 0.545752339418455
0.0128237626480336 0.0108632175352385 -0.270475507734888 0.738881581520476
-0.0485795631340696 0.00840137801446103 -0.260798654596643 0.775874428442007
-0.0507759976044663 -0.0481785747821393 -0.211340509306947 0.678277006548097
-0.0129432557985507 -0.0310854763348553 -0.116658847471561 0.512067613726609
0.0459105440379453 0.0542922004523391 -0.086888692747699 0.366662153835314
0.0426698012636765 0.0937250327222008 0.186899403714199 -0.271130173096366
0.0387786415667061 -0.0175689259606178 0.224725227322395 -0.430374271249983
0.0051965137139697 -0.0568383241516059 0.529475414991027 -0.433625753034948
-0.0268838064085662 -0.00213411510186484 0.692757027280122 -0.577307033759882
0.0366407631257607 0.000368778640084555 0.567925157267058 -0.586523734773258
0.0609383764465978 -0.0183617162819386 0.37557321837904 -0.437933081946532
0.0559380543519793 -0.051682062868696 0.185497218068294 -0.206332825516752
0.051069046755269 -0.0538455154510341 -0.0545060554732788 -0.0106907249776559
0.0460310719462902 -0.0600942576267211 -0.203746199973739 0.269612381117123
0.0485392169888944 -0.0401779033883916 -0.309771332666243 0.524097682229873
0.0205156401476169 0.0173894778568554 -0.317324416172097 0.724799338002262
-0.0592527209993491 0.0138917909468542 -0.329454094988818 0.764960514398947
-0.0565863655091295 -0.059577926779874 -0.268106267326323 0.654252967567632
-0.00107010836569357 -0.0265710111547054 -0.136230266497049 0.508186010776685
0.0513625760576608 0.0791573225647928 -0.103290878593758 0.357741752325288
0.0486764578510595 0.0964083449502159 0.16023646756715 -0.291645205114443
0.03497368526059 -0.0197878376738978 0.209348530828245 -0.433764582252208
-0.00568518366351223 -0.0550244126887556 0.479440033436689 -0.50492956785736
-0.0306842623802316 0.00399267086704582 0.596339547088722 -0.650151541313028
0.0372467594651583 -0.0017866049320106 0.50136917669565 -0.63227716453181
0.0624589312397832 -0.0275771965736011 0.355070013997648 -0.472892630551042
0.0591961451391057 -0.0603048143976359 0.193650985951613 -0.234842405412938
0.0556392734466431 -0.0597456797125661 -0.0403927083699729 -0.0324287134304181
0.0528041870428915 -0.0663184377757715 -0.199937988108954 0.243012271182794
0.0577332010287091 -0.0392059991965493 -0.336771842604391 0.48870902690149
0.0202014106870239 0.0222373344430126 -0.383129173579722 0.699894813383251
-0.0699146923554568 0.0102771666474164 -0.428587497815752 0.737715908682797
-0.0547250087275231 -0.069828234827334 -0.343820594070135 0.616334931850113
0.00613438634053138 -0.0181918631848038 -0.163654400018838 0.493486665886457
0.0438242226643605 0.094592977870702 -0.122876194336752 0.346545234786063
0.0467568479170973 0.0859364322502581 0.133952379197931 -0.310853656312825
0.0236757854553559 -0.02005693392776 0.189569168171703 -0.44257561509945
-0.012468553049981 -0.0455985700672891 0.412080474507552 -0.575753438940727
-0.0274315492161706 0.0069452587640701 0.484940077151709 -0.715637694407562
0.0318026263690644 -0.00756174141113632 0.425369457532836 -0.678452459104417
0.0550268103131979 -0.031986487169596 0.32691326995554 -0.513342349762865
0.0548756863793669 -0.0612716910946237 0.197685612649351 -0.264394072716178
0.0541976652760159 -0.0581004058454721 -0.0256996660254132 -0.0570609435480269
0.0533219307585302 -0.0620633267784012 -0.194286961347599 0.212276132987514
0.0593904112913129 -0.0326677960222112 -0.362884469612146 0.445651300671912
0.0149116575242478 0.0256009529939938 -0.459119028734293 0.658778800782048
-0.0754887055214853 -0.00276126703553401 -0.543158195925051 0.68916930486363
-0.0446391479414281 -0.0760906153387164 -0.428585155904948 0.55749194256537
0.00505811624582044 -0.00581972489327538 -0.190922450874181 0.475827564105763
0.0262631133908308 0.0951411122437493 -0.143773477648999 0.335184559231258
-0.0147458047921562 -0.0678192238286362 0.206201833528867 -0.281858347022683
-0.0431736745570181 -0.0186657010473307 0.202202377275716 -0.459756641914488
0.0358383026042301 0.00228875335007299 0.48800584250803 -0.462112278334407
0.0373780153622898 -0.0460926909806098 0.652458711033041 -0.63601149273868
-0.0161562674339085 -0.0476591037503832 0.513194060308383 -0.660860414366164
-0.0310781672728372 0.0218971655776013 0.325461144588747 -0.476850033741202
-0.0160642809712366 0.0374742092237813 0.157500474640551 -0.210891330468675
-0.0235953240939496 0.0395011039854246 -0.0559398849313905 -0.00046858345384302
-0.0202355913034517 0.0340926314320414 -0.215297470055181 0.269320038444094
-0.0326097811703828 0.0196452561525504 -0.328696722246269 0.511585364520001
-0.0373929302366482 -0.0142621233201044 -0.345303298832946 0.710852992798387
-0.0109345244842804 -0.0507290676115949 -0.368395202010897 0.753766079077446
0.00172319154022179 -0.0202686482086431 -0.309152740119827 0.652700261550227
-0.0662256718059107 -0.013077337684397 -0.140786380833069 0.487757478742502
-0.0382508173899623 -0.0719021845235885 -0.0893994921978552 0.383894862456986
0.00354834990127211 -0.0401676513233788 0.221557657074735 -0.259015245413476
-0.0238907188806957 -0.0265832662819371 0.22093252418425 -0.453427967372967
0.0310251999260579 -0.00891227003873841 0.528983291597263 -0.396693895717783
0.0282712221445136 -0.0338363309590557 0.736234653798851 -0.562552153751425
-0.00224524410160053 -0.0389034448835883 0.576733448747004 -0.610221625566164
-0.0153712380795797 0.0139657724747967 0.351155097516576 -0.443146600263458
-0.00376782093703029 0.0217168520405004 0.155887378704229 -0.191296291948166
-0.00955946486163221 0.0219247748750172 -0.0655479117405254 0.0147755461490508
-0.00726138760256319 0.0168471976509937 -0.212954692560396 0.292558164375986
-0.0162527606741174 0.0090432394874419 -0.301613618813922 0.540791675825109
-0.0254464012283595 -0.00755801309060758 -0.287288627638427 0.731775332251548
-0.0207687598795095 -0.0364890480327749 -0.283137433078436 0.772477994948518
-0.0107387558166938 -0.0284506540760775 -0.23439059215993 0.680884122770792
-0.0526872389305258 -0.0172417980710894 -0.117567976619286 0.501842801096556
-0.0186393264643608 -0.0406755697425817 -0.0740570570203671 0.382985937075756
0.0175385226599863 -0.00140113430842779 0.225027642438509 -0.244163890959057
-0.00155625053211089 -0.0268767375271379 0.233837743742691 -0.448282879670092
0.0268278820323613 -0.0235842365172322 0.553319194884613 -0.356844883815739
0.0140917664980243 -0.0242659239262387 0.780996284966379 -0.508232363117261
0.0113515778100088 -0.0254123362139984 0.614041954971847 -0.570923943062468
0.00637049295376774 0.00602000611926387 0.370046825962536 -0.418904050910341
0.0125851841129762 0.00299714123162519 0.157350775400229 -0.179909846137951
0.00698133984987433 0.00122770017578946 -0.0709659231929051 0.0232636427028645
0.00744278736356262 -0.00496052430066614 -0.208501896817217 0.303998508342074
0.00100781914291537 -0.00575796581292769 -0.281962140223698 0.558687642452904
-0.0124807084312144 -0.000955130284412497 -0.247873812372309 0.745732780903308
-0.0296321991554812 -0.0195380622717227 -0.230572856735927 0.781586708147233
-0.0254387834605879 -0.0341256602317132 -0.188060799418006 0.692691416546256
-0.038532615118518 -0.0232577260553898 -0.102053989290555 0.511354978132016
0.00618681158837114 -0.00811112999998128 -0.0683219173230958 0.380828996289429
0.0264744376505592 0.039785319261133 0.219995168167723 -0.242704796206866
0.0185088918435914 -0.0211588643506011 0.23796946270424 -0.44054449787806
0.0218369526338295 -0.0391904208621518 0.560598162722228 -0.350482032679584
-0.00335771510405714 -0.0170244464745699 0.787819835049238 -0.49528123909828
0.0235115522044632 -0.0131065720765462 0.625036439255867 -0.552232318828066
0.0298078125097406 -0.000897395285583878 0.377718574743787 -0.408688099897118
0.0310484444555783 -0.0177880001992872 0.163243364151559 -0.178758056391579
0.0238279330850006 -0.0210423672799907 -0.0695837856360759 0.0209752973379344
0.0210126476357775 -0.0266440423606057 -0.204222564549688 0.30404672312056
0.0184762676295067 -0.0210304802869918 -0.276707584452046 0.561668823659686
0.00167112022738339 0.00485092745695651 -0.239527477683028 0.748086914749404
-0.0392495574702823 -0.00357500661235286 -0.218509824943281 0.78123121254653
-0.0405284272966348 -0.0394995903514438 -0.176630316900123 0.690646183357752
-0.0259340315322321 -0.0279053885081013 -0.0974666535277117 0.516698931459919
0.0291066763400261 0.0236404362555616 -0.0698156233752619 0.375092038665274
0.0354586856587659 0.0740093938423185 0.205581736646425 -0.253726245019883
0.0330746561425359 -0.0170232377622751 0.230616707813888 -0.435650710620748
0.0152797132836379 -0.0516610245059239 0.551946699408798 -0.379743951073743
-0.0185639571814777 -0.00995606610039844 0.752922765626181 -0.526074595035586
0.0314224229340695 -0.00315154441860968 0.606814175170446 -0.56006089945902
0.0487702596865762 -0.00971200045080271 0.377759340541524 -0.41836372277675
0.0453281389900281 -0.0366628230757233 0.171979287968856 -0.189299688196913
0.0401593060407934 -0.0403548913642012 -0.06483101932015 0.00969653048889781
0.0337474422909715 -0.047389758409344 -0.200340162624438 0.294163954276526
0.0344793736450964 -0.0341332811040331 -0.283305156732616 0.550921224234752
0.0127961213154849 0.0103660039008747 -0.258861200906227 0.742852514669004
-0.0481685148131789 0.00907456332995051 -0.249686334258365 0.777633372912598
-0.052155893802412 -0.0472574170830982 -0.200274050591295 0.682330398813965
-0.0127942258965399 -0.0295044623573407 -0.109197999207003 0.514889606915501
0.0473163161969094 0.0522599640945645 -0.0809329005508717 0.368186336568619
0.0439345211906177 0.0928209760816911 0.183110825546009 -0.272718670124565
0.037943098114719 -0.0176255609599702 0.219281506860218 -0.435032463038922
0.00436798103343381 -0.0567488191089313 0.521594654005807 -0.439107160985979
-0.0284314959889918 -0.00228242310592347 0.683663715792653 -0.587656446795999
0.0358405582359378 0.000600039987309245 0.558591539388787 -0.595741707895527
0.0597197927018756 -0.019467977804739 0.368645068854227 -0.441525438442898
0.0547344597249716 -0.0525526456277738 0.18195443795052 -0.209716861851909
0.0496410565736506 -0.0556615645454751 -0.0537898401832972 -0.00992491909235672
0.0447796610594581 -0.0602676106859332 -0.199514539317766 0.272421368786271
0.0482706986778078 -0.0400332690825682 -0.302492496186022 0.528328138065257
0.0203450843468706 0.0167933724894147 -0.305818632290673 0.729967790965948
-0.0592519969097394 0.0144748778113393 -0.317210268860142 0.770735847260371
-0.0582534153974041 -0.0583501184577427 -0.256502391449498 0.659900273316842
-0.00110267384395618 -0.026870809497134 -0.129617980776911 0.509501839123362
0.0521940638136626 0.078210507318052 -0.0972578668324094 0.358786096886914
0.0509481958288529 0.0956803350888375 0.157944667059396 -0.293990383986183
0.0342142405023882 -0.0198346941363732 0.203158441001436 -0.436474937091318
-0.0065370239099018 -0.0542963255454052 0.472100791515539 -0.513024474847836
-0.0301854868797146 0.00502993269446575 0.584215491360976 -0.659691171939463
0.0370894931174036 -0.00171774265752547 0.491809506389543 -0.640409753765209
0.0622284069774433 -0.0286473081435955 0.349041518991355 -0.477060090280976
0.0573144730539174 -0.0606354503930878 0.189567721815138 -0.236703928830033
0.0551402338000964 -0.0608424007046139 -0.0424236293177138 -0.0330957490161431
0.0511732035079395 -0.0663428704541912 -0.195036504575104 0.245135578995209
0.0573058753141142 -0.040022063051118 -0.329025926887684 0.493854835931973
0.0209992740648766 0.0229247094258104 -0.372288914935604 0.705653143420328
-0.0701200352668571 0.0110114504413029 -0.415783264856639 0.742542902713477
-0.0554456065198511 -0.0689278899923658 -0.335111018484241 0.622167921697098
0.0064561567374631 -0.0172249563112215 -0.156503353397448 0.495012098272423
0.0444726774041969 0.0939362089248557 -0.118759188174611 0.348459289838547
0.0485119614611031 0.084407381341208 0.130559462679986 -0.311612713472422
0.0229301259840936 -0.0201281878831002 0.183519779489075 -0.445670547569829
-0.0129035512977162 -0.0454716110865677 0.402609211210821 -0.582782275504523
-0.0271981073436189 0.00747606904216755 0.473767342327125 -0.721138402032246
0.0323878117692875 -0.00794215975234686 0.413866666670663 -0.682428401060004
0.0544711329142419 -0.0324797474045103 0.318955160172215 -0.516407181411581
0.0528920716868016 -0.0615263505070488 0.192509316641907 -0.268265023763643
0.0525076663754964 -0.0588310452569436 -0.0266470167597168 -0.0563607149176218
0.0519914483574718 -0.0629378355238773 -0.190047238101825 0.214526365973927
0.0587774525095851 -0.0341928658953684 -0.356223880142577 0.451825384806327
0.015619986092585 0.0253639212784173 -0.447673438974598 0.664853773629195
-0.0751310094731343 -0.00192387606724724 -0.531492016561166 0.696815656532851
-0.0461572161329755 -0.0760596422811271 -0.420070137239022 0.5634998502554
0.0054318867814454 -0.0049711136438454 -0.184337843748075 0.47911524068675
0.02723634391972 0.0942312407718112 -0.139354280856338 0.337292872746207
-0.0150755900031898 -0.0677155849005848 0.202452286187561 -0.284148023145415
-0.0434843640193629 -0.0187389938332808 0.19570323267944 -0.461851278568903
0.0359304289398166 0.00142524028419066 0.478708862521764 -0.468324604408025
0.035440630696657 -0.0462315175156242 0.642048944306591 -0.64319808189434
-0.0165830799322764 -0.0463828408665305 0.501755212548364 -0.666999871879086
-0.0308786544996723 0.0225181973277122 0.316233269788193 -0.479753865534615
-0.0158483813679957 0.0374082077233999 0.154283323662329 -0.213088527194656
-0.023320211838724 0.0395445395710986 -0.0562424426236348 0.000677174145417177
-0.0200444771938913 0.0326065184669942 -0.209430067993481 0.272865508853381
-0.0311410202366914 0.01955456446238 -0.321585224518034 0.514145338820978
-0.0372150515231621 -0.0138980000446117 -0.334338724418785 0.714770991483137
-0.0120348604455615 -0.0507539836380327 -0.356210018545056 0.755455430623166
0.000857884934800483 -0.0209204386401251 -0.296822763466723 0.65603280244301
-0.06583305462734 -0.0123418547672121 -0.135109846011802 0.48949225099884
-0.0390891095651031 -0.0716239515975913 -0.0840335486997186 0.385059795520566
0.00400037235964115 -0.0400902147944747 0.217736237202169 -0.260505503990116
-0.024254343681225 -0.0267508924442627 0.216594937890544 -0.455816331609486
0.0298727505809526 -0.0092340030362727 0.521482460049261 -0.405018252802036
0.0268128912217857 -0.0345273425341362 0.724175479075848 -0.570696200185749
-0.00246746261861932 -0.0374399928298124 0.567174711182919 -0.614608845162711
-0.0147340293010432 0.0141425544832557 0.343645726100023 -0.445734373734661
-0.00416693022270061 0.021518920056903 0.153037350286608 -0.192688209666419
-0.00947215767173138 0.022755137717718 -0.0651816036739233 0.0163578818412715
-0.0065909797967881 0.0165587361846846 -0.20713567375023 0.294291731466822
-0.0155783508870985 0.00877150859547064 -0.292301852059922 0.543734055060671
-0.0252471180924845 -0.00572007086235964 -0.274780451718237 0.73599265861645
-0.0214354521770323 -0.0362165656737689 -0.270307817076217 0.77373690644642
-0.012136478943075 -0.0279038136177926 -0.225450672046204 0.684037558680424
-0.0521777855167339 -0.0163417630211116 -0.110420472820308 0.503330903812963
-0.0188763477533079 -0.0403058712509759 -0.0690134018625732 0.383639807288528
0.0174987186939965 -0.00101542452882107 0.221453696038022 -0.246578022298096
-0.00243209836491471 -0.0259842450739585 0.227470076867421 -0.45145728533167
0.0263924808470299 -0.0238118746491767 0.546782416895608 -0.364666932170572
0.0128691570597407 -0.0246094442225892 0.770600741089778 -0.519912221771076
0.0107888337130894 -0.0253705980169943 0.60586011267922 -0.577931750342195
0.00647645687158167 0.00617391261949541 0.360865471767589 -0.42161916817503
0.0113922315474107 0.0020621813797955 0.155063445242711 -0.181948064832466
0.00670834240715887 0.00099346714452752 -0.0692310531952052 0.0237774971495254
0.00600670186679449 -0.00438942769289149 -0.201909408392079 0.307564093241091
0.00194041394447286 -0.00575166819939405 -0.273746169238992 0.561962951707433
-0.0125240269572993 -0.0004498287874884 -0.236788544991396 0.746875464580089
-0.0296691898581165 -0.019396260783152 -0.217780931822996 0.782798402307926
-0.0261435737026644 -0.0334005922632535 -0.177685570190022 0.692060518048168
-0.0382185137070501 -0.022161051963351 -0.0946718938696173 0.511585588670367
0.00584601104327855 -0.0084451749155681 -0.0625063109066665 0.380830484988331
0.0276093473054514 0.0393127420447364 0.216114289182508 -0.244600037875822
0.0181648783737358 -0.0210901590717321 0.231296218502139 -0.443125693014039
0.0215389334601274 -0.0391885657455961 0.55252650110616 -0.357013814390353
-0.0034843491934065 -0.016973094148692 0.77669553706868 -0.505892507678057
0.0218326379516055 -0.0130142771001501 0.61449757550674 -0.558538285991886
0.0298308271491589 -0.00168917234794298 0.371593182165669 -0.411880639716708
0.028648624303992 -0.0185009340499568 0.159510696613584 -0.180604104355125
0.0230519083843026 -0.0216575412906375 -0.0698401818039529 0.0204343563611315
0.0209255592214764 -0.0273235388915069 -0.198021689966785 0.307058442007127
0.0177663384549514 -0.0208084644890604 -0.267731704494322 0.562895441946977
0.00144092033902431 0.00540228132703701 -0.225756613918616 0.748448625181499
-0.0386596892391152 -0.00260799195859753 -0.206178496816845 0.782569874256516
-0.0410141500863389 -0.0393979518798476 -0.166188376469919 0.691347638105669
-0.0257029572794673 -0.0272689518636972 -0.0902869160066649 0.516113435213062
0.0298917683676902 0.0223977961758768 -0.064872875035023 0.375360359121261
0.0364822003772907 0.0727909144415741 0.202527280654808 -0.254991357687293
0.0329152343120398 -0.0177317227860729 0.225125610014949 -0.441128694119842
0.0139562577585722 -0.0510894352040008 0.541545942412865 -0.386466287617089
-0.0186959539872093 -0.00960230694581562 0.743097208504901 -0.534762655604878
0.0312004922679798 -0.00365596906471727 0.596221807830818 -0.566459266521897
0.0485501480829722 -0.0103057905719163 0.371430593795024 -0.420941621939889
0.0437385778911637 -0.0378219849205304 0.168698208791296 -0.191924015461253
0.0381197069563511 -0.0416041200626409 -0.064067000407202 0.00916906039521818
0.0330965917690644 -0.0468545066983665 -0.195492317941058 0.295773630932857
0.0329993571261821 -0.0332647606172902 -0.274500755729919 0.551740478664016
0.0132084821318969 0.0102160811545423 -0.247096970576671 0.74558702307695
-0.0486449706430647 0.0097462307892677 -0.23666300009216 0.781172094308663
-0.0518054274850499 -0.0459877162240057 -0.189975962029396 0.682529943067897
-0.0130427133166134 -0.0289523982394333 -0.101340474943302 0.515942806446741
0.0476062785687866 0.0521137853353804 -0.076063313075893 0.369058407041065
0.045751752045279 0.0915080003121403 0.1801258971014 -0.274700097965586
0.0379879071611325 -0.017462034072824 0.212858003835473 -0.4365702829844
0.00407389920509193 -0.0565263596372912 0.514078283312496 -0.446580696079562
-0.0284879550405047 -0.001760127780526 0.672618213259799 -0.598659129631143
0.0368791617242515 0.000488795415507511 0.548643432977471 -0.599962044922768
0.0604974881308827 -0.0198783737540536 0.361826706387888 -0.445620182753551
0.0532889306638783 -0.0528323415361728 0.177681429129604 -0.211058903087047
0.0486640400547556 -0.0550632813617743 -0.0543345415179323 -0.00907392087796661
0.0439027024205985 -0.0610090674088359 -0.19359079223777 0.274447679505248
0.0471460427441411 -0.0421484412525449 -0.293684299561127 0.529903588802408
0.0208044468522901 0.0165200319988417 -0.292970276065162 0.731703421014564
-0.0599276143322711 0.0147887114050889 -0.305712935178279 0.773536521262973
-0.0585801923503887 -0.0577157742116515 -0.245829728612332 0.662211427690348
-0.00178436122806203 -0.0265689177552956 -0.122011170517855 0.511750988808495
0.0524169103821151 0.0761667785059204 -0.093579296594814 0.359888910901788
0.0512240951497414 0.093359851881977 0.154715976267928 -0.295556137653984
0.0338196264351767 -0.0198463681037221 0.19708245566108 -0.439054311035313
-0.00666124960099291 -0.0542073854346539 0.46087690884332 -0.520241716173445
-0.0311585825526808 0.00580098149827183 0.573020274697427 -0.666093446332569
0.037328845018434 -0.0017924266411925 0.480081449614244 -0.642658213669212
0.0623537375232232 -0.0281101308692971 0.340979238064116 -0.479696291134008
0.0552632435085979 -0.0612451717085823 0.185377051805203 -0.239140621275536
0.0537200262458409 -0.0623632943143119 -0.0414346080227269 -0.0325094563773051
0.0498903690218507 -0.0673660121379682 -0.190269508695951 0.247345448988275
0.0564095004126482 -0.0403605457077522 -0.32033111919801 0.497057168838772
0.0215485108209333 0.0225126759911571 -0.361175662050007 0.708018482643656
-0.0699098371855278 0.0111868510940738 -0.403788942815119 0.747427560078041
-0.056638085832455 -0.068339347458118 -0.324885805543949 0.625256674716101
0.00632165593245838 -0.0171668408077612 -0.148689929594839 0.498505402041349
0.0453166793936105 0.0917558561715723 -0.1143661986348 0.349190408588154
0.0500124267745677 0.0838416045034865 0.127721855762836 -0.312898288451315
0.0227651983094577 -0.0205863743319381 0.176856663003232 -0.447948702736891
-0.0142624463529318 -0.0452157305751677 0.391886730537637 -0.588610207231494
-0.0277936978001203 0.00812002441386567 0.461549181245491 -0.727032783358721
0.0313809067637308 -0.00799990225937977 0.401953271275906 -0.687217283838351
0.0547592733718394 -0.0333263768721286 0.310380737964939 -0.518427879291122
0.0514523944443639 -0.0621532553045611 0.187824989423695 -0.268799936374192
0.0521002410097726 -0.0594330887187087 -0.0277902900467514 -0.0566006062125872
0.0505608902315618 -0.0637437830387381 -0.184832217414185 0.216789134551707
0.0583297595795834 -0.0343256739808615 -0.347685527931911 0.455576825368453
0.0159092440935493 0.0259389969623626 -0.43634310207091 0.670299338471891
-0.0744304991260676 -0.000102103966939507 -0.518860714360357 0.701231198207907
-0.0467083552140288 -0.0749516423651215 -0.411347113593224 0.569298873111039
0.00539236085031333 -0.00507830678871921 -0.175977835495728 0.481512038941884
0.0275823530193672 0.0932109292301613 -0.134961715083165 0.338503087163725
-0.0143088810888298 -0.0678308116455261 0.198952785616212 -0.284743667647359
-0.0439219731325658 -0.0168700832969364 0.189226055130793 -0.465271204517113
0.0357068687209945 0.000874782929343704 0.469246316501828 -0.473153888875224
0.0344408409002081 -0.0464960810746578 0.629998790235728 -0.651074959034605
-0.0178839113969854 -0.0449911053186242 0.489036102401209 -0.668345974494362
-0.0293734666149364 0.0228663830528891 0.307693152888659 -0.480029100007607
-0.0157660789335938 0.0370493915073722 0.1507454807349 -0.214235221635093
-0.0224460964479392 0.0397014329852728 -0.0559623486960766 0.00101725449032646
-0.0198598155042962 0.0335145182086166 -0.203129083055486 0.274198990371925
-0.031183695543541 0.0193033652626909 -0.310547937491882 0.51610055611581
-0.0374745181005021 -0.0128104392025428 -0.321626567989445 0.716014363658406
-0.0122665801046897 -0.0505758190323291 -0.344004581927299 0.759835663532933
-0.000168256709023401 -0.0204861539316485 -0.283678710596214 0.657910083243172
-0.0657484015019004 -0.0111741169683672 -0.128378744518219 0.489416721305757
-0.0395490832007554 -0.069907172089075 -0.0785670469663233 0.383714975352024
0.00443375431669794 -0.0400021325514501 0.214388577578986 -0.261795096397384
-0.0241509630199295 -0.0250808664934244 0.211218873039517 -0.457267999226762
0.029962400329815 -0.01007993462016 0.512043625553326 -0.411077989516318
0.0267070692389402 -0.0341554861491546 0.713277455589147 -0.576893494239638
-0.00291052469576252 -0.0372614177098849 0.554239804818158 -0.620257422955028
-0.0137062414234429 0.0145187730764021 0.334868964813163 -0.447307110719277
-0.00439052274368757 0.0213678718325475 0.14856980523435 -0.19482348995317
-0.00919351364646943 0.0219474078526297 -0.0639406010380584 0.0172719342027536
-0.00642840375097235 0.015794765540394 -0.200554532853104 0.296171715767002
-0.0150260157658849 0.00921656016531937 -0.28404592356079 0.54517164198864
-0.0260195576886933 -0.00509224528671953 -0.261271033804129 0.735742934882611
-0.0216816800940185 -0.0365700842711134 -0.258881715097011 0.775517480995235
-0.0122013128697102 -0.0273854437198391 -0.212288727820115 0.682375781750619
-0.0514743309885349 -0.0154182457756668 -0.104205766270374 0.501676496228113
-0.0192170078482503 -0.0400903660509773 -0.064246822526141 0.383184081140125
0.0177108973493459 -0.00169650651461854 0.219126211593749 -0.248039542559395
-0.00228972426058062 -0.0258498620565147 0.220879025749695 -0.45148407640572
0.0252566120461954 -0.0240952312011788 0.537496664086387 -0.369106999943375
0.0119936561707617 -0.0247283979412324 0.760069349372338 -0.52751852163035
0.0101617054867526 -0.0252267557386597 0.592268595780886 -0.582144375940993
0.00754072088850497 0.00653153951171508 0.352943494052688 -0.424619341381783
0.0114109475850019 0.00253092648200691 0.150871121841144 -0.183313925439701
0.00703487101929812 0.00067005531458712 -0.069137527442457 0.0244139637125495
0.00686264800995373 -0.00530440525513616 -0.195069725924761 0.307641418539545
0.000534635516141972 -0.00547303602095152 -0.264498245243841 0.562473206239935
-0.0117674077703227 0.000261606427583976 -0.221910864926015 0.746234743871124
-0.0306476436709557 -0.0189653245620183 -0.204694504647311 0.78253595867191
-0.0267193917293287 -0.0330887500454402 -0.165903052829252 0.691494663845722
-0.0376735655361772 -0.0209214516084293 -0.0872916649693339 0.510222617782429
0.00655454282082006 -0.00885544702121243 -0.0568870824155304 0.38155201122516
0.0286102807370272 0.0384891662174273 0.213712999546567 -0.245140268203005
0.017832778451297 -0.0210142554708253 0.224230363306709 -0.446383299972018
0.0215708501530782 -0.0391438832791516 0.543202179628722 -0.363894312813538
-0.00429689576980066 -0.0166786610632843 0.765620513907224 -0.513428461701239
0.0221789508448905 -0.0127304272022766 0.602526584646887 -0.561904842662147
0.029635295401696 -0.00195692467880354 0.362405634102434 -0.415461550343659
0.0276562548463659 -0.0189678546822093 0.157033542249768 -0.182550581295273
0.0226009609088035 -0.0219804911544397 -0.0691474831751168 0.0219836664642005
0.0196139799011019 -0.0281044510513816 -0.191128202221793 0.307111991334204
0.0180345345389929 -0.021264909772879 -0.258518081877064 0.564246182393264
0.00258537565620364 0.00460514733599591 -0.2140021176713 0.748194965950845
-0.0387815399841505 -0.00232523989610629 -0.192824846211157 0.785159239550951
-0.0414065299972653 -0.0386902731464025 -0.155617801603562 0.692086931328249
-0.0252123232638266 -0.026507991561862 -0.08263858201142 0.515558919604878
0.029868839430408 0.0218001627907374 -0.0596618198228163 0.375218444271866
0.0380088119153575 0.0714433806401548 0.19897447477695 -0.255817396471269
0.031895837179059 -0.0175219546622487 0.219170173207408 -0.441275710327414
0.0134815572927455 -0.0511298154797434 0.53365925425418 -0.393704314620934
-0.0188313908127337 -0.00935734498468617 0.73059058141057 -0.542400359804426
0.0311126687698516 -0.00342607365022761 0.585425273567048 -0.571648805460252
0.0486906203009424 -0.0107067934697357 0.363820034435536 -0.423857896096394
0.0431255239091689 -0.0381501569562862 0.166092380226347 -0.192527641376698
0.0367981747169002 -0.0418608249151866 -0.0644432695955123 0.0101682617908313
0.0322616612230434 -0.0479954168218176 -0.189292578925838 0.297072466655409
0.03340217575407 -0.0344651289545913 -0.26524123526632 0.55317162804246
0.0137322701105695 0.0106136593915337 -0.235066095036404 0.744504298042619
-0.0484766264504063 0.00957897600690205 -0.225662014705692 0.780606811951443
-0.0533332227965159 -0.0459658025185648 -0.179450693518414 0.68308510089393
-0.0129111079330768 -0.0287413529347955 -0.0953940640082417 0.514817563464393
0.0467262615948861 0.0504327120909797 -0.0714090424579379 0.368251186929385
0.0475891962851242 0.0904750704848732 0.177260549609025 -0.275664748787718
0.0373782267709963 -0.0175249543423775 0.20612009590386 -0.437646730993236
0.00271900913738896 -0.0567116704810041 0.504139932874107 -0.450550209245904
-0.0283680179575901 -0.00135589118156657 0.661186437780159 -0.604767480596267
0.0365069083380708 -0.000552476863885326 0.535817857211278 -0.604868586683682
0.0599133788617567 -0.0207634146299381 0.353508740498898 -0.447225749141944
0.0513243567134666 -0.052863030211762 0.174370178087497 -0.212844529242926
0.0472423762214325 -0.0558427182989855 -0.0545194364764793 -0.00854631752468675
0.0413394728743833 -0.0615725448406084 -0.186646232393456 0.276017794062878
0.0472143437844163 -0.041276600167066 -0.284031565313204 0.533060974378403
0.0203118264135929 0.0171293206423987 -0.281445138442604 0.733027289493243
-0.0597831180105081 0.0147387608243534 -0.293191663842385 0.77355116146305
-0.0589753340361231 -0.0559253618452095 -0.234728975563232 0.663051994907808
-0.00107016196251877 -0.0259193908964193 -0.113898605216099 0.51045011487816
0.0531793688147219 0.0752365967403703 -0.0884685109608365 0.359913334285785
0.0533486637834112 0.0919451530997254 0.150226702933965 -0.295783662888854
0.0329933494749704 -0.0200676813840389 0.188942494095159 -0.440738966221238
-0.00788790212058797 -0.0537754141013745 0.452045792287587 -0.524757708184876
-0.0306289050184059 0.00517295604660849 0.561638166074011 -0.670985584970031
0.0367972499700106 -0.00321143436595009 0.467665699975156 -0.647513312457351
0.0614798659104177 -0.0297045669413815 0.331964716012641 -0.481516799800621
0.0532468902755539 -0.0624594435192309 0.180813560010197 -0.239954537831483
0.0518233355220831 -0.0621897905359167 -0.0417474001972312 -0.0312137113107462
0.0475355034347527 -0.067676665834853 -0.184331918237757 0.248478171577649
0.0558838667138944 -0.0421233945252767 -0.311756006016179 0.498867695230666
0.02155910832905 0.0225354780433611 -0.34834939623709 0.70999538340334
-0.0696236093807305 0.0126536534495187 -0.391341591331095 0.751282634213823
-0.0573393246458122 -0.0665777699423307 -0.313494622518976 0.626362093441054
0.00614967055635034 -0.0171796115220788 -0.143085825695398 0.497003431133487
0.0456137453607897 0.0902659695685623 -0.109445248870113 0.349607126472283
0.0515983479431202 0.0822573266722458 0.123445077456014 -0.313223383932557
0.0214635775348527 -0.0201609600359026 0.169501266928134 -0.448274439340353
-0.0146247635964831 -0.0451540147942239 0.381074894630723 -0.592470938172984
-0.0274801211175449 0.00877623905947096 0.447506011730536 -0.729561903615213
0.0316547868646394 -0.00833858469508138 0.388753904067875 -0.688925940419883
0.0539944435058217 -0.0331642514523661 0.301858658359168 -0.518804331627954
0.0497813787248425 -0.0632566589895234 0.183619250956222 -0.271228395121269
0.0498527297408339 -0.0601933272331429 -0.0281241181564593 -0.0558862580743834
0.0491549299788019 -0.0640673482357469 -0.179588528365747 0.217579458627151
0.0575499316698882 -0.0353642510184813 -0.339053715700445 0.45836954182389
0.0163218104293711 0.0251320567375458 -0.424044448763978 0.671453472363939
-0.0745205798532027 0.000313043253395789 -0.505691680475904 0.70616300325737
-0.0479670187604484 -0.0732751788379993 -0.400200020719136 0.571461522681829
0.0053761623911186 -0.0041397875367182 -0.171034245221045 0.48159968044668
0.0288907522947371 0.0907328740429184 -0.12954925134693 0.339453256964209
-0.0148803887118408 -0.0676148580386381 0.194906109984183 -0.284657032385352
-0.0438386675907945 -0.0163640922039708 0.183344051208608 -0.462492777539972
0.0352856115901307 0.000527385607678199 0.459008116435098 -0.478534571905336
0.0332737846746182 -0.0464043669902803 0.617385679681436 -0.654360697410815
-0.0178962126622074 -0.045225846373023 0.477036522414362 -0.670625161568511
-0.0281952126278186 0.0237547930993848 0.300224592630194 -0.479132541032121
-0.0159596888952633 0.0359137847482381 0.146917204764729 -0.214914681186134
-0.0222759631929281 0.0394624713855768 -0.0552150046264389 0.00191051478735244
-0.0188605548633404 0.0322052554252556 -0.19668762469253 0.274266532081822
-0.0303706641867567 0.0210227516226033 -0.30238212358534 0.517000947262964
-0.0370741464726442 -0.0123610601775849 -0.310634835959239 0.713632256231803
-0.0136413017584773 -0.0496463193942896 -0.331496060168008 0.758943234025501
-0.000757661879285221 -0.020109519917316 -0.275083629826662 0.65781198312934
-0.0653559630186194 -0.0099147433492017 -0.122247250538188 0.488861287300141
-0.0400454532758562 -0.0700603751970982 -0.0736969931923874 0.383216382384246
0.00434560303752978 -0.040167947089753 0.210787989338198 -0.263616570489278
-0.0243277523155958 -0.0247438453441247 0.202331537319909 -0.459335379245967
0.0286640323545837 -0.010089832226746 0.503471354987314 -0.415471980976706
0.0258494581847799 -0.0341336934223699 0.700656596027031 -0.584371938740896
-0.00335397624383719 -0.0363824136080625 0.544265899740294 -0.621630030774387
-0.0129813941448609 0.0145491391717547 0.325823144847537 -0.447659989842555
-0.00490127367446948 0.0214143543423374 0.145776169639803 -0.193561896515242
-0.00937266984707403 0.0223180224620399 -0.0643300819447916 0.0169286583557333
-0.00723730476908713 0.0162181413623347 -0.19401264170313 0.296583634723952
-0.015414655184546 0.008895147149284 -0.273376236924796 0.546351416118104
-0.0261535587889087 -0.00467503621666066 -0.249295734257187 0.734743045586377
-0.0227943954831095 -0.036256209881169 -0.24726220314615 0.774482678779574
-0.0126198413389539 -0.027728371881561 -0.201353545391189 0.68101654533492
-0.051774434031362 -0.0148591772475405 -0.0979116987427473 0.501005203911328
-0.019257963309677 -0.0392214662645209 -0.0584743810602684 0.382170344350805
0.0187896922256301 -0.00201699580197831 0.21578373853312 -0.247916481203169
-0.00327831637841047 -0.0249323685550394 0.215168824631007 -0.452717116019058
0.0248791815327479 -0.0241462257545235 0.528054361827789 -0.376065241364433
0.0118585477161943 -0.024035381198934 0.747770375488246 -0.533402164591975
0.0103823415009972 -0.0244594401215152 0.581464959335878 -0.58441752767548
0.00776612441876285 0.0067594620388545 0.344912278412959 -0.425253658444609
0.011119147058472 0.00195568963021332 0.147363982234879 -0.18356332054146
0.00703228161334671 0.000535329193137452 -0.0690891590309629 0.0249390462349948
0.00611375471228018 -0.00540188205702011 -0.188833555938406 0.307910870770299
0.0010603488371317 -0.00600313859835178 -0.254015552024704 0.561468547153451
-0.0111977987974207 0.000425452023339063 -0.210900590517783 0.743355662853757
-0.0303444953229903 -0.0190961956649407 -0.192738093255939 0.78009980240389
-0.0269115986540748 -0.03270158921879 -0.155353889343038 0.690085718372385
-0.038564023376066 -0.0206636773917598 -0.0817035607591088 0.510127004410467
0.0052882667682075 -0.00932879484213879 -0.0525234114469841 0.379554523799599
0.0293539735201297 0.0378652454895705 0.210831057240955 -0.246424063054771
0.0175339043105535 -0.0212587124294567 0.219216725552834 -0.446581020669491
0.0209173414140555 -0.03950697794524 0.533903918295694 -0.37048220764336
-0.00455262558163854 -0.0167347042434625 0.752888899826858 -0.519853732204607
0.0216175844767131 -0.0122768318422248 0.592622839313724 -0.565942064064051
0.0295371368566308 -0.00151301295845704 0.356117638077978 -0.416804707495986
0.0268729382827351 -0.0189743286494281 0.152623788613497 -0.182774900096103
0.0217984380316653 -0.0224289587210688 -0.0682733920855055 0.0219973231635202
0.0191619067793612 -0.0282616638297967 -0.184820642368453 0.308083400531704
0.0171557993963889 -0.0214094116010256 -0.248173309759088 0.563110731894591
0.00247056706963529 0.00574504396404597 -0.202477708478226 0.747319740520805
-0.0383484323305099 -0.00249115217282524 -0.182261679165908 0.782544179986856
-0.0420989617149278 -0.0377093234889931 -0.144415099894049 0.690175607375152
-0.0256862389476685 -0.0258156074687821 -0.0761991273752521 0.514136043888528
0.0301083195277072 0.0213650251116675 -0.0552137161019463 0.373768203176362
0.0392994847918218 0.0698035924946658 0.196097736826922 -0.257948899743046
0.0308002662731745 -0.0171129626928801 0.211299045481062 -0.441798642118401
0.0128850833454728 -0.0506064902302603 0.523765131153018 -0.396756936483058
-0.0193644168288795 -0.00813200912790705 0.717931892828062 -0.547313508868095
0.0312506974192624 -0.0044900272551387 0.574302339772575 -0.575672657420397
0.0483156866304312 -0.0114445875453172 0.356291790074461 -0.423948232770672
0.0408174566644119 -0.0377840088231463 0.16108998893138 -0.193442997874006
0.0359903153230457 -0.0416930663291973 -0.0637130272253976 0.0106556190539291
0.0301186738230375 -0.0484887609805862 -0.18322475863541 0.296889010112685
0.0331319035230424 -0.0344144932339853 -0.255297145658916 0.552969896017294
0.0130354284328098 0.0101369670956821 -0.223508294537795 0.744722037049818
-0.0478453602864712 0.0107987603886865 -0.212624198721238 0.7800696869674
-0.0534140534346733 -0.0447653787021682 -0.169014774042154 0.681057424777394
-0.0125184259445961 -0.0283332712886803 -0.0864839392051744 0.513790030136506
0.0474787114684386 0.0499260338451234 -0.0664875302398949 0.366985616720888
0.0484429553660041 0.0886180866695494 0.174761727005077 -0.276152014974187
0.0366900838367302 -0.0177809795256617 0.199419754309675 -0.438512839037676
0.00308953215168102 -0.05636143978835 0.494541187590894 -0.454676335288116
-0.0283228023118346 -0.00074980260503333 0.647086355324367 -0.609383033034961
0.0363401514994597 -0.000459436255837137 0.524177380023376 -0.606658616200905
0.0594321878198882 -0.0210588986469591 0.345542225314887 -0.448048896979225
0.0494870695236167 -0.0530892654152779 0.169965408805873 -0.21460654935427
0.0457203320669483 -0.0561108989828592 -0.0545139465867754 -0.00741394905270417
0.0405728162108765 -0.0621881920200278 -0.181443460869792 0.275714765874083
0.0455813068249051 -0.0421705132338809 -0.27547857346754 0.532341584870655
0.0207813264969114 0.016329544394256 -0.269073573871114 0.731474008868679
-0.0583678960893324 0.0156977486235796 -0.280790747957256 0.772777490595719
-0.0595045458361263 -0.0548080356268718 -0.224304517555125 0.662361180288234
-0.00152277000183804 -0.0256239703871494 -0.107935696391542 0.507975080459588
0.0529716139670093 0.0735150854757928 -0.0840714705432256 0.358579951215732
0.0545363725555236 0.0903248349475604 0.146555898253904 -0.2958794951216
0.0325238615691378 -0.0203778937839087 0.18183614034718 -0.440990543596384
-0.00850090228870927 -0.0530969412084293 0.440670194138378 -0.527659455978903
-0.0311908602361802 0.00640303798450743 0.548890617799803 -0.674225438325461
0.0365185437091987 -0.00261897492582846 0.45628646109046 -0.648071324144635
0.0611505426269987 -0.0294398207333036 0.323465678461194 -0.481360351518701
0.0525453411396328 -0.0622320181349463 0.17645053510707 -0.242238501914693
0.050562629445676 -0.0629256531613073 -0.0427492972426185 -0.0310156211706523
0.0464250999915229 -0.0677554619454354 -0.178832457813128 0.248428858057302
0.0542400817165828 -0.0426623127225612 -0.302357094193734 0.500092302868987
0.0223012980193819 0.0214272100860797 -0.335240441554167 0.710465334102326
-0.0693967019979254 0.013183529346556 -0.377939539441409 0.751047150605267
-0.0581928956463147 -0.0658554710141274 -0.30323920422974 0.627860043280275
0.0066076189572491 -0.0172116443327637 -0.137172466796877 0.495729751286699
0.0458064548990885 0.0892636980289255 -0.103837298251712 0.348894779801319
0.0527544196399948 0.0800853446973154 0.120191442142351 -0.314526043706753
0.0216263328290143 -0.0203314850917968 0.162968293009205 -0.44955650948137
-0.0140169816491151 -0.0447021768389095 0.369183834334458 -0.594314454439572
-0.0277771418611775 0.00931500009702439 0.434531591989352 -0.732209342628981
0.0309014586264328 -0.00783899345049394 0.377483587715914 -0.689376456502668
0.0529480011468233 -0.0331727943491046 0.291496060433423 -0.518188378065176
0.0473357265475269 -0.0628252427318287 0.178151102540967 -0.271888258135272
0.0482262094578099 -0.0606871341919298 -0.0288801884266864 -0.0545807048134
0.0469487229052918 -0.0644506034165685 -0.176150582264656 0.219363613918723
0.0568110382702668 -0.0362650517001987 -0.330379947505085 0.459373902019898
0.017304163268286 0.0244406799615025 -0.411501914771058 0.674712799195728
-0.0748782676545531 0.00112128231979389 -0.494395421181281 0.709049884147851
-0.0480997148935713 -0.0720318003035178 -0.389657754801951 0.573117794862212
0.00605083394652949 -0.00416506283275779 -0.164982654494251 0.481139504065764
0.0289636032537239 0.0904077852235124 -0.12622662711968 0.339946043221107
-0.0142737514661722 -0.0661355935453326 0.191274739095643 -0.283865329909035
-0.0432787741722728 -0.0155642945343996 0.177276045528513 -0.462256876072159
0.0343956033140011 0.00011327014081905 0.449515702957136 -0.479263915443708
0.0319239367696264 -0.0462649798299068 0.603274083808933 -0.655398820864104
-0.0188919607376169 -0.0437825872370263 0.465698485265808 -0.670905443155093
-0.0287887162723815 0.0232910460589073 0.291943243834036 -0.477663471629407
-0.0157251410350717 0.0362050500973716 0.142266946534973 -0.214182228335796
-0.022102165701444 0.0394605027749144 -0.0551761914981442 0.00280950928169831
-0.0196860771380486 0.0332599182653879 -0.191804848210111 0.274844001158852
-0.0302466385368949 0.0208230984024401 -0.292319940348619 0.51701351815769
-0.0373379277530398 -0.0111037362198176 -0.299106319119694 0.712946444260347
-0.0141948901102891 -0.0495396877083721 -0.320016774343279 0.757728099659615
-0.0011714698194917 -0.0203655987619711 -0.26483547064036 0.656622805288733
-0.0646907064392259 -0.00879837769315485 -0.116217615036339 0.485422098242094
-0.0400508631584288 -0.0692226000308665 -0.0693180493525231 0.381275251161024
0.00444314989479471 -0.0405843370723269 0.207265737917234 -0.262244459833168
-0.0241835729359528 -0.024708187728224 0.198130523946261 -0.45840030683213
0.0286901015679242 -0.00981499660783142 0.492511352281478 -0.418754027404365
0.0244013435976743 -0.034988027590207 0.686970129792066 -0.588130151417196
-0.00544822821171123 -0.035387231081165 0.530376790520535 -0.622610050974399
-0.0119330234875301 0.0153847485841568 0.318272403459721 -0.445609288127544
-0.00449930928627675 0.0205846513453762 0.14155138103107 -0.194539478864934
-0.00939876530137311 0.0223015251612713 -0.0630631957916179 0.017893963940736
-0.00742142044519995 0.0155686306788378 -0.187697354934131 0.294896269039526
-0.0144968357605637 0.00946837520239291 -0.266140792606045 0.544780061631479
-0.0256170372425284 -0.00391333275071142 -0.238447500137798 0.731771772705565
-0.0236740305125548 -0.0357140675826505 -0.234282110178737 0.77339001890997
-0.0133768223383043 -0.0272630217770095 -0.191777226447056 0.678542724503813
-0.0508577838441471 -0.0133654433969462 -0.0907323708619986 0.49799761272799
-0.0201174722001136 -0.0398128656257156 -0.0559323735634906 0.380030628943726
0.0180894676459381 -0.00347839635459912 0.211493922435586 -0.248258183037194
-0.00316068933644262 -0.025378281028389 0.207913746785375 -0.451439425769004
0.0248803063417846 -0.0242264240578518 0.517771206458367 -0.37916282713321
0.010951899960033 -0.0236032050232694 0.735978375824506 -0.53881143523449
0.0105930653710684 -0.0246416510269115 0.568244746611895 -0.586856134204926
0.00867689421529149 0.00683884254874423 0.336265303713171 -0.42487759562888
0.0101384657361545 0.00161216132711073 0.142944256308718 -0.184013001369771
0.0063346997774014 0.000412378628625348 -0.0678150025294276 0.0253645143125616
0.00613638327230945 -0.00607595155994963 -0.182389082904716 0.30756928409696
0.0013377913259779 -0.00536243759689838 -0.245893909660203 0.560345300767165
-0.0118590116538067 0.000939930207639449 -0.199363699067838 0.741524476523605
-0.0307988822544107 -0.0187248576035876 -0.182488096458148 0.779006825502481
-0.0274333999724509 -0.0315451768830613 -0.145533124882899 0.68650952184132
-0.0366972429803937 -0.0196612749783479 -0.0755323973442211 0.506548903228645
0.00554996683725566 -0.00892884082035775 -0.0479906872236578 0.376911802982947
0.0301023581250918 0.0364954605276662 0.207302342431022 -0.24599031377138
0.0166891785896708 -0.0210603117560357 0.211859021258558 -0.446121208847639
0.0204033500102496 -0.0394045314755777 0.52474192895097 -0.373670448710894
-0.00531814195439022 -0.016418190379857 0.740608070456912 -0.52626965714618
0.0212624489122889 -0.0126941948093175 0.57952425782664 -0.568585730626728
0.0303059429015471 -0.00218098644975818 0.348161070589827 -0.416190586063299
0.0262662583819659 -0.0185577400716976 0.148903687971422 -0.183443237181544
0.0205684854106309 -0.0221295968895703 -0.0689012335697729 0.0230337044048029
0.0178909058933107 -0.0281322890707374 -0.179304869154612 0.306828148504014
0.0177815439226403 -0.0208573769258556 -0.240062159943854 0.563347076936285
0.00187082042925242 0.00572087023156363 -0.191485118803392 0.742787606289631
-0.0387882785902365 -0.00236088097843062 -0.170450597564031 0.777186412267034
-0.0418552888300512 -0.0366709688127382 -0.133447275805497 0.685477886977849
-0.025676222443177 -0.0249217937700996 -0.0712469672240303 0.511387313506671
0.0290645110971162 0.0196382311976411 -0.0507063436059325 0.372056405322385
0.0398793537066022 0.0683816484300199 0.193009088367122 -0.257287934588265
0.0309608560951858 -0.0168242451478114 0.204955816236805 -0.441601858323136
0.0121318795989262 -0.0514157671642367 0.515443769253297 -0.400527101205355
-0.019466391746451 -0.0084028236798013 0.705402324252627 -0.553772280615779
0.0303333337193963 -0.00363153360184992 0.561175008328788 -0.57734194660054
0.0484490997916098 -0.0117344660054401 0.347752405583577 -0.424125536947356
0.0396646800638536 -0.038086399681482 0.158036539744851 -0.193131250406784
0.034756178527898 -0.0417155635000093 -0.0628461385081189 0.0114675782589687
0.0295352145870356 -0.0481691490536285 -0.17722083881448 0.29736611256565
0.0321427194231766 -0.0344690523398457 -0.245814938704801 0.552064624301037
0.0130202436724682 0.0101026857245119 -0.211534318607202 0.740203811811396
-0.0474519841539756 0.0105107670911396 -0.201626083448026 0.777733030425426
-0.0535680000611939 -0.0435628138172697 -0.159008768670598 0.679403360009709
-0.0128791509295942 -0.0282050468249602 -0.0811633811943985 0.512095786265759
0.046784742271737 0.0473320828146659 -0.0617130172918516 0.36597057096712
0.0490125549477888 0.0871402627507497 0.170529419295493 -0.274582309811648
0.0364451673668818 -0.0177689331116899 0.191556641296119 -0.438161483350358
0.00147920044818136 -0.0565050514149615 0.483131566732695 -0.459017912331597
-0.0282340509166035 9.72755456622558E-05 0.635870880200966 -0.610307296756871
0.0362770540707239 -0.00123440552040355 0.515724517947749 -0.606382166347262
0.0594486335564633 -0.0211535467452737 0.3372860152929 -0.445859406868451
0.0483197823454814 -0.0533281570265969 0.165164508183314 -0.213124020353651
0.0442923526258162 -0.0562824535944598 -0.0536644906355772 -0.00747773983545899
0.038913218897467 -0.0623821086167627 -0.177085021892369 0.274895498451602
0.0450435285836181 -0.0423725003007225 -0.268708115286354 0.53035635317521
0.0210028532511422 0.0157937361152642 -0.257755452056776 0.728994200502122
-0.0581279821447679 0.0164874783112495 -0.268833616266258 0.772901744151525
-0.0601298107879624 -0.0540944737518161 -0.214369107044441 0.660476329925062
-0.00103044316270643 -0.0243626702132448 -0.100684707023448 0.506095470307919
0.0534772196689981 0.0720533097142428 -0.0793781992589891 0.358185378791729
0.0551496616391273 0.0893367411387794 0.143715671488978 -0.295419199760422
0.032696528153101 -0.0203499894150329 0.175721187196614 -0.440231804482009
-0.00942739795657526 -0.0534568313449564 0.43049178776561 -0.52883163150176
-0.0311676746680669 0.00683903181526142 0.536182752983885 -0.675602025658573
0.0363903934166827 -0.00295438583970288 0.446470382026047 -0.647752483918085
0.0608847322589054 -0.0297390804030746 0.315985780285075 -0.481412256869707
0.0504528301899428 -0.0622216659380577 0.171775766762284 -0.240714163548681
0.048867645024338 -0.0629628420135252 -0.0431060084088951 -0.0293406666714134
0.0456403894588992 -0.0672542711936518 -0.173732019406113 0.248731925957874
0.0537527095560806 -0.0430471590553578 -0.294718363337604 0.498523945483903
0.0224685909213041 0.021653931567082 -0.324659442637132 0.709070558815283
-0.068128113610833 0.0135227635906493 -0.364439401172203 0.749200388483854
-0.0584716049935438 -0.0652309852226517 -0.294424182745532 0.626844789119446
0.00657880674825799 -0.0162571987973069 -0.129265098815481 0.49458170485277
0.0469067929715609 0.0874602319100607 -0.100611530788985 0.347940492698964
0.0535033455374793 0.0791099441566833 0.115925253536773 -0.311999815214669
0.0207149147654684 -0.0203784453926498 0.157150942501355 -0.448022413661197
-0.01567874473609 -0.0439875446828136 0.35897935604098 -0.592934368952992
-0.0275859338347484 0.0084261968701419 0.420777085204518 -0.731501879534441
0.0308024985915764 -0.00895743346718636 0.365747981548826 -0.688294094791167
0.0529762423067992 -0.0336481434219783 0.284252544791961 -0.517652332117017
0.0463273696557419 -0.0626965911270448 0.172817178887066 -0.270963994644386
0.0479827411525497 -0.0613752350912673 -0.0303213608268386 -0.0538726943553752
0.0466331249895111 -0.0643174679817353 -0.170131461617577 0.217137246440748
0.0558728917887165 -0.0367888157486153 -0.323637157443751 0.459370008508642
0.0175652837382392 0.0238259302834255 -0.401129157860851 0.672342852557739
-0.0736006149769054 0.00182783860715643 -0.48054879458733 0.710570801690441
-0.0490207873389114 -0.0713977602191479 -0.37911069281551 0.574163465495122
0.00593650868466645 -0.00426869567710172 -0.158673225987629 0.479999452634631
0.0301185701847927 0.0879661572724434 -0.12059913392221 0.338775395945695
-0.0137984678493546 -0.0660788305176921 0.187716070180627 -0.283812920620374
-0.0427002209813071 -0.0159045385719077 0.1714817956509 -0.46127268311805
0.033748836017732 6.82286631404697E-05 0.44016953441835 -0.480767984822947
0.0310132957195686 -0.0458266175547763 0.591013849267995 -0.655026341975325
-0.0191855302711395 -0.0430485310613436 0.453231748378421 -0.667085237280725
-0.027250419509921 0.0241119782555429 0.283745292274337 -0.476329598796524
-0.0159152373380796 0.0360447206310358 0.138359687805819 -0.214391911379583
-0.0218226025501317 0.0395118699589868 -0.0547365816246104 0.00235148773376468
-0.0193925501804535 0.0321416122056055 -0.186325618548276 0.273521391368198
-0.0289235340766716 0.0200390171159972 -0.284353731013757 0.516119613234608
-0.0370718775782167 -0.0102173228051211 -0.288186645368095 0.710307461798364
-0.0143399368780627 -0.0489364557469884 -0.309159749716316 0.753156838058534
-0.00202111029046053 -0.0200959475022123 -0.255615752528661 0.652676462376394
-0.0634378381826429 -0.00907542914829172 -0.111083360765806 0.484676430739751
-0.0401638292349189 -0.0687068111874868 -0.0649363330766463 0.378857819643413
0.00472450560066491 -0.03993347772235 0.203827124199308 -0.260971069367638
-0.0254730098443819 -0.0242680437397134 0.190434521569636 -0.455598802330036
0.0285890679007644 -0.0102757952504667 0.48253926461028 -0.421106912862751
0.023298784973825 -0.0336480386910049 0.674092656787261 -0.589142688652249
-0.00391736866227604 -0.0343740191967827 0.520385430015084 -0.620401347142554
-0.012466594134979 0.0158512130891079 0.310113887166855 -0.444523653591335
-0.0053937973144077 0.0202201683185469 0.137769447647616 -0.194539369525275
-0.00880899342837635 0.0217185901119027 -0.0630287973187043 0.0183111312982924
-0.00647108041549498 0.0158280861557915 -0.182382588419835 0.294507278308655
-0.0139356635093287 0.00921824128169307 -0.25731930848557 0.542287194997606
-0.0254180187705942 -0.0039194464410228 -0.228339682019631 0.727777496953238
-0.0234042927910866 -0.0356274742382108 -0.225273319829936 0.769195651392016
-0.0140120600859892 -0.0269671057630331 -0.182648056578724 0.674398455289412
-0.0495426721858859 -0.0128162456027362 -0.086659473914156 0.494475017155167
-0.0198519177770448 -0.0399947122580079 -0.0512980735084683 0.377656336504122
0.0197798613039972 -0.00358565727482148 0.208803415586533 -0.247900251922502
-0.00251388971971121 -0.0241224355475037 0.201106871594799 -0.450695550997948
0.0243625544062762 -0.0240942937091062 0.509341477387313 -0.382102380039348
0.00983906911533338 -0.0232916253310185 0.722473182663066 -0.541665491451833
0.00958820568068117 -0.0240663862484752 0.560374222732624 -0.584632500653346
0.00831120952458148 0.0062678808725851 0.329647447888136 -0.421967436873005
0.00997142960522248 0.00118692465514178 0.140213380126355 -0.183604693019236
0.00510948194505933 -0.000206564245624884 -0.0678519709259606 0.0261892123101221
0.0055660457505981 -0.0065153984124168 -0.177069593498374 0.305232071345643
0.000777707360647788 -0.00545622149810698 -0.236981317182728 0.557567594762901
-0.0106656347924201 0.0014367564398217 -0.190186688280754 0.735877085569602
-0.0314575682360024 -0.0183738346219302 -0.172261360011055 0.772867963905294
-0.0281573246600505 -0.0311536646166874 -0.136270588431465 0.683292816601269
-0.0372510784518318 -0.0194461135222877 -0.0705944467429638 0.50333621539661
0.00552835183989116 -0.0099637214614232 -0.0446957855879368 0.374721094153813
0.0297224951855729 0.0349105838700787 0.204939552900993 -0.245742591096063
0.0159387002986226 -0.0206817737558747 0.206296192104547 -0.443739954263194
0.0193848528881756 -0.0394570378048418 0.515748865235157 -0.373227742916979
-0.00593762317399372 -0.015659751978779 0.727620782964288 -0.526672823066531
0.0209680826370396 -0.0123679093972616 0.569127715356649 -0.566155147724162
0.0302580131114562 -0.00213916261196017 0.341134713267552 -0.414523758763056
0.0255093903321601 -0.0198075448363333 0.146425038441669 -0.183421361997103
0.0207264342363911 -0.0228575691996803 -0.0673042277308623 0.0230772286344076
0.0176827218267797 -0.0283015356943692 -0.17304334222161 0.305218864743657
0.0166255060752768 -0.0216403256937367 -0.230155066115334 0.559522865894893
0.00192772010219697 0.00529697809555718 -0.181423137894931 0.739905936622901
-0.0383376141066447 -0.0013234355679241 -0.160287440069906 0.773045295121736
-0.0426106998824597 -0.0361801282126595 -0.126119086725259 0.68279632085847
-0.0248681967819838 -0.0243871627834354 -0.0653413093931954 0.507771783839757
0.0294072899614617 0.019753161132528 -0.0469808151445791 0.370480128971744
0.0403190323731857 0.0676540984470861 0.189623612998401 -0.256470308068709
0.0308572510715523 -0.0176319975496397 0.19818056928632 -0.439624072502629
0.0118055721786228 -0.0514930556414669 0.503141288254909 -0.404069669691796
-0.0194272331132531 -0.00742364896980789 0.694048052370527 -0.553938476669185
0.0304651867463068 -0.00468706126165548 0.552062377326854 -0.574521637573086
0.0488257046938993 -0.0120422473546915 0.340459016548403 -0.422483997474286
0.0383842034057754 -0.0384834554628624 0.15342095517526 -0.192855026727865
0.03363397854888 -0.0420406828980162 -0.062566074885085 0.0124105153973826
0.0286977152657989 -0.0479692919096966 -0.171157119734071 0.294919160287553
0.0317308448024414 -0.0346676916475676 -0.238631114133908 0.549923080035307
0.014076967707119 0.0101228927267135 -0.20079257113546 0.736701827196063
-0.0471648433382021 0.0108088980283023 -0.192272614437226 0.772418679312139
-0.0545867906557969 -0.04307292871838 -0.14950463752824 0.674870274180919
-0.012864606961244 -0.0265061215446721 -0.0749176878615926 0.508129618859817
0.0466794433231486 0.0466760492872431 -0.0586623915294577 0.363156554131023
0.0493448010691372 0.0855268841652215 0.167607146809706 -0.273845926750289
0.0360316730232435 -0.0178783552651715 0.187237831767982 -0.436415574909259
0.000940114143623619 -0.0555088242654137 0.47388138240926 -0.459353117845251
-0.0282373853074525 0.000607546683526194 0.623316218697535 -0.609860694037718
0.0356320251696091 -0.00151311547559235 0.503252510189986 -0.605440137705911
0.058834778726178 -0.0219854509856911 0.329896136204978 -0.445568295343169
0.0466649959515975 -0.0538005155523371 0.162197478427875 -0.213013234909118
0.0435857117640089 -0.0567532410396293 -0.053507564244847 -0.00715359293284476
0.0377647259142022 -0.0618428045190286 -0.170763582910044 0.275090185127339
0.0439182670575511 -0.0427879073626278 -0.25837407221486 0.530526777771948
0.0213664217302465 0.0159787352660322 -0.24811824617348 0.725582177430323
-0.0576465236049682 0.0170065285394232 -0.256790864262824 0.767574690885086
-0.0603049291938911 -0.0531259103110816 -0.205486437941768 0.658097526841589
-0.00116835618209905 -0.0247493257243785 -0.0969309804138608 0.504037148881947
0.0529979537452335 0.0704031128550129 -0.0756851761663566 0.355112581801014
0.0557206919775857 0.0862183827255021 0.140768396293805 -0.2935146457149
0.0318154603897572 -0.0207157354865751 0.170875346729873 -0.440086761182235
-0.00934976827265359 -0.0527195726505617 0.420045436986542 -0.528948732785069
-0.0307997335132907 0.00744145807948243 0.522999494277919 -0.674811824749366
0.0362224051375946 -0.00356319512757019 0.435675107052957 -0.647750039120354
0.0606513947149404 -0.0305743112482612 0.306969206541654 -0.479414232659897
0.048600549987562 -0.0618046107506499 0.167054616385955 -0.240231473449834
0.0474100231522685 -0.0633014315331449 -0.0421574912602095 -0.0289783525160325
0.0435396552410333 -0.0676078963932287 -0.168952319171733 0.2468980218233
0.0523579565097684 -0.0436447952691266 -0.286488736570231 0.497035585125058
0.0220763510250664 0.0211998875757364 -0.313788189230089 0.705300859162359
-0.067880994148775 0.0137287660401333 -0.356249503373571 0.748195790226642
-0.0588181582574634 -0.0639725727751131 -0.283316290850638 0.623758802275411
0.00654224035043205 -0.0162781714378126 -0.125310151075799 0.493227812885017
0.0473681413416171 0.0859537541972274 -0.0959071337826848 0.346070127337592
0.0535554797132651 0.0761390165898156 0.113578921994606 -0.309864520070192
0.0209345002601149 -0.0199563967457335 0.15125121700268 -0.44604936332137
-0.0152735965566408 -0.0433654442402126 0.348579003974513 -0.591932632964406
-0.0274130408270637 0.00920960371329708 0.409663510620185 -0.730016554726274
0.0314611377165585 -0.00866168027955119 0.354231565118238 -0.682680959419582
0.0524382651436829 -0.0334496521264129 0.27674090995806 -0.515318647155845
0.0444077827097192 -0.0626188200526157 0.16792282965137 -0.270383929190665
0.046137564518507 -0.061412135433656 -0.0303767091761962 -0.053120178449793
0.0443889615464226 -0.0648835273240491 -0.16540317892195 0.217666278770125
0.0555673266028294 -0.0377128605132284 -0.314120090725941 0.458315860821045
0.0167925759118858 0.0239585715702142 -0.390389969349762 0.670549053914687
-0.072709996942467 0.00279355182198477 -0.471197880498264 0.707463813519699
-0.0490422451433438 -0.0704405036016448 -0.37199910311992 0.571643848737616
0.00635936588872889 -0.00359148028283616 -0.151815870890957 0.477179490250892
0.0293322539014342 0.0868728343082284 -0.117443017752114 0.336730197980439
-0.0134688385407574 -0.0653210861101191 0.186428184751926 -0.282438897048898
-0.0427018046371518 -0.0148910694837786 0.166925010037304 -0.459454620674743
0.033942452235678 -0.000668493078879404 0.430424055517704 -0.481758591699996
0.0306938895350102 -0.0455092488323058 0.579008086401665 -0.654731313758958
-0.0190935807856222 -0.0422126085851142 0.444779192888058 -0.665043497055803
-0.0257452726464968 0.023572999771747 0.276863415171358 -0.471575424347403
-0.015959516380471 0.0359188292223037 0.135682826823589 -0.212642639297609
-0.0208599914098967 0.0384247546148797 -0.0539374710353886 0.00213632351544095
-0.0184916540353519 0.0327414993770914 -0.181372472404217 0.271971150811913
-0.0288899976162704 0.0199913577420368 -0.279191713249327 0.51074269170701
-0.0360162877527693 -0.00948553857750757 -0.280053050625376 0.704130977713222
-0.0146779583657728 -0.0488209229331434 -0.300062639237404 0.749100732355246
-0.00203500680359438 -0.0203959061421495 -0.247156318278548 0.648906325618004
-0.0626541982362983 -0.00788084597474436 -0.108257599499663 0.479581555432298
-0.0398528984146447 -0.0678519832032041 -0.0625835438095546 0.375386221029835
0.00556580333501528 -0.0405208723260109 0.201347357481244 -0.260194172652833
-0.025258508852322 -0.0242933406321055 0.185435241787652 -0.453486404910775
0.0283616449531792 -0.0104898912799356 0.474416623119949 -0.421535045684587
0.022809733326224 -0.0334485459016896 0.662476135025358 -0.588750944865076
-0.00455426970656398 -0.0339863039102268 0.509824207531399 -0.61769010267558
-0.0114699299786262 0.015265765844285 0.305638687830652 -0.442056477880034
-0.00509591220745234 0.0198278972420139 0.135596107428327 -0.193609062201274
-0.0080195419087089 0.0216916470214302 -0.0627319164591254 0.0182428273256176
-0.00617080897373462 0.0152015792938436 -0.177430796340196 0.292573897707216
-0.014257250917409 0.00896113705086971 -0.249140001799465 0.537864063824009
-0.0245417144172193 -0.00329595972632077 -0.221615917805917 0.72134447185939
-0.0237234444016338 -0.0341260196902276 -0.215664060517063 0.762242071557725
-0.0136438911409905 -0.0258976712134985 -0.175705690034228 0.670850718628838
-0.0493554464051464 -0.0120685665861913 -0.083245418091086 0.490831244372688
-0.0197222652307005 -0.0403294802427073 -0.0487225553409887 0.374836332474649
0.0199471680371101 -0.00385572398158769 0.206789481076026 -0.246709944965953
-0.00389235559680754 -0.0242339726046244 0.196815248883469 -0.448742696388414
0.0241847300245922 -0.0242937420315157 0.499821865274351 -0.382631800010859
0.00965834256751188 -0.0228392691631278 0.710367181032263 -0.538982798556425
0.0095047781364955 -0.0238770060850622 0.548954993859622 -0.584035140829355
0.00863352959104996 0.00555737243731572 0.32417944981098 -0.420865384866966
0.00907094310257235 0.0016279356669563 0.137536233898596 -0.182893300750524
0.00541533379579809 0.000323515130767736 -0.0670065010289084 0.0249269471787157
0.00468029881265838 -0.00593767076602196 -0.172726595414804 0.304129290531597
0.00170262756283018 -0.00564298698067254 -0.22970370114601 0.554909369776901
-0.0112595714004624 0.00134862805661677 -0.182666916306942 0.730995866818555
-0.0318736409032607 -0.0177444441655363 -0.163553239788626 0.768337724415045
-0.0284233097271114 -0.0311530860086529 -0.129575709131766 0.678974327747672
-0.0369692399919939 -0.0186089121522928 -0.0671192572152828 0.499958377399521
0.00481758374746213 -0.010643898512412 -0.042524261353491 0.372828581828005
0.0306243122141865 0.0345868812437254 0.20216011924569 -0.245387698785917
0.0157087466132988 -0.0205987605468071 0.200732211122154 -0.441840356900804
0.0195752401924779 -0.0388490224002407 0.505982716615821 -0.37730665895486
-0.00552304855127973 -0.0146185576095638 0.716393146875062 -0.527654569464187
0.020004562982101 -0.0125878226754939 0.558015257303061 -0.565548799937106
0.0301911393511788 -0.00314812583845162 0.335182005618387 -0.413182403387144
0.0240190833043833 -0.0192157631600438 0.142871138202168 -0.18164333525672
0.019777264274784 -0.0220638605152193 -0.0662050743798265 0.0236949204838771
0.016941214829926 -0.0282148946412782 -0.168130981011456 0.304061595705059
0.0158299077807348 -0.0215709858190616 -0.22456367556967 0.555979534670791
0.0024633119209769 0.00579757136158591 -0.173498299012621 0.731177838686792
-0.0383100672230605 -0.00163860298754871 -0.153402968492771 0.767177806534905
-0.0428167342810203 -0.0355316016511221 -0.117963746899167 0.676707900168561
-0.025128200806262 -0.0238680000644104 -0.0612568388518886 0.503987819627834
0.0293600957700838 0.0191730896092745 -0.0448268866620289 0.366475936537297
0.0406274603852764 0.0655723263301406 0.18640868391067 -0.255085624610414
0.0296028922593133 -0.0166783095089074 0.192616043945924 -0.438166209588881
0.0106544023065186 -0.0509232941782245 0.49577099989628 -0.403584434174777
-0.0199918905904801 -0.00730334334790224 0.682228550171404 -0.55479618765082
0.0305287395565541 -0.00383363100831182 0.542077632724531 -0.572664532788916
0.047822129789547 -0.0128256957703716 0.33442553608372 -0.42052555810672
0.0368658850395404 -0.0379546021108054 0.151121542376378 -0.192221455352817
0.0326537454547873 -0.0426101539032597 -0.0630042449260398 0.0123871401111095
0.0277067683413661 -0.0478459808107855 -0.166854027928866 0.293060069240447
0.0305343055143088 -0.0349093305720499 -0.231970833203035 0.546148191711165
0.014126454373913 0.0101855815270285 -0.193483284849837 0.729903227696085
-0.0470978515159533 0.0103806070882063 -0.183000497868036 0.768017419641509
-0.0541904909662214 -0.0424244027179903 -0.141069738592088 0.670204551125172
-0.0123961469187269 -0.0267431406372736 -0.0717169263686948 0.504611137007253
0.0469915837288137 0.0463206642695167 -0.0553537651328658 0.361216743855955
0.0501958369686384 0.0834400216287687 0.165087386568494 -0.272555642716018
0.0351407458516527 -0.0175883739716316 0.182465808681272 -0.434574164334552
0.00114739960772183 -0.0551619436539663 0.466232641857415 -0.457953889139429
-0.0279995071298899 6.79162152780466E-05 0.612177784175354 -0.608920033986599
0.0348963716119016 -0.000659502991352513 0.494539807549974 -0.602981459778014
0.0585620912246534 -0.0229975255477848 0.32262861562726 -0.443044538622375
0.0458885985569882 -0.052542348196661 0.158238238401739 -0.212438145119853
0.0421983481998833 -0.056464212428182 -0.0539752350240936 -0.00604541236209737
0.0367749511455822 -0.0613801738676142 -0.166289915058238 0.273662206096419
0.0436683508226713 -0.0423121794089737 -0.251963828789507 0.525220612686328
0.021357121633699 0.015642640821452 -0.237793479088199 0.722189622157087
-0.0568030561294891 0.0168009276572294 -0.249131462022816 0.762788537659506
-0.0603539969580986 -0.0523690274857791 -0.197356499456585 0.652864273906165
-0.00020995381987355 -0.0237198152184221 -0.0929484352417828 0.499917930904046
0.0534476049722474 0.0689603022741452 -0.0734634169325274 0.352433647723668
0.0556210812327063 0.0848884617684113 0.13813835858173 -0.292103780170075
0.0312965379373067 -0.0198737713861688 0.166200423619331 -0.436859305839151
-0.00957389445788611 -0.0519847482711096 0.411935667148006 -0.526582155222311
-0.0302821938559177 0.00760304125459626 0.511921425172848 -0.672125958150507
0.0355238534875895 -0.00316998664263855 0.426522752609846 -0.64332581172776
0.0597904555015622 -0.0305987009007067 0.301125233975588 -0.476631666612728
0.046893404271488 -0.0617915085160917 0.163240730992494 -0.239902927663059
0.0463789221425745 -0.0630550131605914 -0.0426853689406548 -0.0282010653552892
0.0425861140394799 -0.0675939233837544 -0.164791685000094 0.245669691397071
0.0511432507218369 -0.0432586981126398 -0.280325937241035 0.495778238198848
0.0221975612964177 0.0217967702986885 -0.304709530032164 0.701986118173779
-0.0676051371111222 0.0145080986183806 -0.345500427890336 0.744376788995811
-0.0585217303637404 -0.0627233835614006 -0.276046986576199 0.620315151477502
0.00695028519758688 -0.016083644153495 -0.11984324603397 0.489318498900247
0.0461316455139522 0.0844975379068209 -0.0929228891490682 0.344446957976286
0.0534888099742639 0.0745704517045678 0.110471127739224 -0.308906498997614
0.0205960045587252 -0.0200807568246149 0.145825747182392 -0.444560031365719
-0.0159844054622457 -0.0436250148373315 0.339630458561504 -0.591675723219351
-0.0271721973174634 0.00960875087988607 0.401189952809032 -0.724714324291958
0.0306382554852613 -0.00901388571696953 0.346850565165867 -0.680382173191047
0.0522984367836913 -0.0345955763452527 0.270113611306177 -0.51151452754689
0.0425697690501347 -0.062539211033081 0.163910805756725 -0.269426209779019
0.0461844913987586 -0.0617040341029932 -0.0306840995367667 -0.0523925895824112
0.0439263600317635 -0.0642304492857643 -0.162093967019131 0.216559451799073
0.0539374400997392 -0.0377453622446307 -0.308853641205791 0.457129960439245
0.0175189980826268 0.0236332005916512 -0.380910773815613 0.668032430580936
-0.0727078545907721 0.00232556852801605 -0.458527086628747 0.704052606874863
-0.0491686893291587 -0.0692286317387907 -0.362813133848609 0.570512931909351
0.00575606881010388 -0.00519170949781402 -0.148496551341086 0.475396098928709
0.0297596824538082 0.08556208671452 -0.113704363871875 0.333807682586804
-0.0132492617330564 -0.0652768743539943 0.183485151666517 -0.280898838489578
-0.0428466325674158 -0.014612276623978 0.162196987473799 -0.45630443394922
0.0335974888965006 -0.000382304537324005 0.421884563996724 -0.480560953945973
0.029111411009365 -0.0442033279084866 0.568273523906954 -0.652847362224876
-0.0187327778402307 -0.0412271477608032 0.433495209605707 -0.657931442438906
-0.0249377833251776 0.0240319083915853 0.270891928747148 -0.46834833265355
-0.0163454106248437 0.0356938980515034 0.133276341395606 -0.211551541210258
-0.0207421513318509 0.0382005839547173 -0.0535576113906157 0.0030863449279983
-0.0186687480261239 0.0321365957832462 -0.177103100411295 0.270566155937728
-0.0280247171959971 0.0201446344959085 -0.27240912046761 0.508827531955849
-0.0359548154707277 -0.00979938078398857 -0.271155598094185 0.700387697764424
-0.0158885725698926 -0.048473135716482 -0.290292688833644 0.743630938225678
-0.00305193719552955 -0.0199692865349288 -0.24033722866392 0.643737250964495
-0.0620075091696357 -0.00781200292237551 -0.104446863991979 0.475925453882776
-0.0404366788721863 -0.0669971562930105 -0.0608466143206811 0.37326343604243
0.00589865757133217 -0.0396057240967057 0.198891913125456 -0.258233472797714
-0.024912095445334 -0.0233600512931731 0.181374225195764 -0.452326043416212
0.0277432861235387 -0.0110887835242215 0.465194234282069 -0.419268570096523
0.0226282593028776 -0.0324661385353686 0.651349129033455 -0.587805342694501
-0.004546127907616 -0.0338049836556245 0.500428813954544 -0.614517577540382
-0.0100693884255095 0.01505612644199 0.299511303346112 -0.438960165498762
-0.00513942707682801 0.0208586782126407 0.13261113189303 -0.192150659095637
-0.00849648991527911 0.0207026213352829 -0.0626970993552235 0.0183166017587797
-0.00725603294116038 0.0152511451929018 -0.173068828661076 0.290604645946063
-0.0140814132156583 0.00847356853151323 -0.243833766554924 0.533653316236362
-0.0243202406253926 -0.00277219169323623 -0.21333317690882 0.715969215924641
-0.0243478951179946 -0.0346600481863278 -0.209675793899813 0.757487646934488
-0.0147647634245673 -0.0260193138917885 -0.168008347601965 0.665143349382437
-0.0483981978836935 -0.0120464354495954 -0.0800911417510553 0.487155795599975
-0.0205717973671019 -0.0398938802922434 -0.0466984693664536 0.372788040226992
0.0201817646432127 -0.00445182978051695 0.204430527894151 -0.245194458358961
-0.00360481718963294 -0.0242922039411564 0.192900873519347 -0.446214422530876
0.0239544616563902 -0.0242531351118518 0.492053913009064 -0.381699497491227
0.00884979123379139 -0.0234890381466132 0.699367035813799 -0.539171082705965
0.00890401373166557 -0.0227611805132631 0.539937298664296 -0.578593747353631
0.00862912368165027 0.00559858023332827 0.319007797351411 -0.41733784036945
0.00872439315489319 0.00174861110783581 0.134831514912737 -0.18196539365736
0.00444728560665466 -0.000211763855912242 -0.0667658966921387 0.0254781782081727
0.00487329931673652 -0.00663608348294352 -0.167190746455576 0.301950507259191
0.000947416786684661 -0.00596606951352662 -0.22476887822787 0.550394185726727
-0.0107749697571155 0.00247043071371868 -0.176578022359623 0.724977546685759
-0.0311830895121034 -0.017612961623104 -0.157109184805657 0.761404971676034
-0.0280375995150437 -0.0305518467741311 -0.124938963188669 0.672349904252921
-0.0365602346486674 -0.0181600934890455 -0.0637270715781807 0.49618641097886
0.00520544454438987 -0.0102583434270246 -0.0394650245224437 0.369450607549739
0.0301496520597327 0.0324870712053189 0.198488532576195 -0.243238689021913
0.0148058366417006 -0.0196516750395287 0.196009467099435 -0.439604553428682
0.0184461087410004 -0.0398507990477621 0.499166268388951 -0.37519228340315
-0.00616773907951456 -0.014988502355448 0.706502368897157 -0.527417939729547
0.0210534367363721 -0.0115559546805118 0.549812290192704 -0.561702415965174
0.0297808912270449 -0.00344529710459273 0.32881957497059 -0.40892093590552
0.023025937954793 -0.0182113629568541 0.13949809924979 -0.180535248259203
0.0182838462434617 -0.0219860857020379 -0.0660370807705142 0.0236485679528029
0.0164469423078746 -0.0283199603964326 -0.163955833987101 0.300412568629201
0.0159484788126796 -0.0222522617916239 -0.218883963403883 0.551161158055815
0.00273484466977159 0.00549273947773909 -0.165198178403761 0.725908892192148
-0.0391475883749356 -0.00193569884058707 -0.146898530396784 0.763313122003539
-0.0429651321529897 -0.0350453008222264 -0.111825448121374 0.671188393497168
-0.0242016303908037 -0.0234073613652019 -0.0593343295822719 0.499458500737235
0.0281574841227146 0.0178914797901788 -0.0420804497340645 0.364514696450804
0.0405801812456215 0.0651223692262341 0.185018949613721 -0.253076432371834
0.0289113699611929 -0.016382224404394 0.191077447113244 -0.435147156841254
0.0111921416544214 -0.0504856268433192 0.486121671326648 -0.40213209676352
-0.0190672151173096 -0.00637805696545111 0.67128207316385 -0.551908296854667
0.0294975824629272 -0.00421649082030424 0.535104006649797 -0.570865574532966
0.0476059774703891 -0.012617621419335 0.329958438917903 -0.417742822303417
0.0362324566877553 -0.0367071293158794 0.147804487060088 -0.190413267753889
0.0318726467812894 -0.0420201463405672 -0.0619597850956455 0.0124662514271558
0.0255839481816828 -0.0476950513437226 -0.162772551492193 0.290118511475052
0.0300134959752402 -0.035533679573421 -0.226949777090391 0.542014224262597
0.0139256902447971 0.00980275310493985 -0.187322414944932 0.724772949511845
-0.0468762508168329 0.0100216840140159 -0.176719981283136 0.762940791149567
-0.0539782432396696 -0.04205480686238 -0.138040353777446 0.663605827660898
-0.0127226861474504 -0.0259939496755125 -0.0685240382473379 0.50257188123855
0.0462497497518977 0.0448454779445955 -0.0536754051017245 0.358558610013474
0.0502305669199937 0.0813285962394388 0.162555964174218 -0.271867332757579
0.0343952405613567 -0.0176381915493645 0.177284431397986 -0.432177497533923
8.86166612633944E-05 -0.0549989978112785 0.454527488963611 -0.45660244337497
-0.0278948658662737 0.000567144816668794 0.602262440347088 -0.607642782577956
0.0351254955000793 -0.00108420152043589 0.486209530610699 -0.598393115350433
0.0584332819174567 -0.0228396808902616 0.318207289741444 -0.439640284478773
0.0437384377371138 -0.0520839191646037 0.155625264938497 -0.210677754911334
0.0405013352463346 -0.0563927855345487 -0.0534658095423031 -0.00530756060321035
0.0358556518449197 -0.0610762268346884 -0.161473290212554 0.270297247521328
0.0425266459814272 -0.0427341142702169 -0.246011650096312 0.523109136476985
0.0211954329182353 0.0150753833101144 -0.231119455802654 0.715811467128956
-0.0568816331149045 0.0164825763828229 -0.240697342887218 0.758389007032132
-0.0596956158288616 -0.0514155639477821 -0.19057048246155 0.647573443164971
-0.001237673943138 -0.0232741298622624 -0.0883868786429435 0.496767124012535
0.0517671625315444 0.068366914643153 -0.070587815111694 0.350191611133662
0.0559744351956538 0.082901127652864 0.136293411665229 -0.289434011677676
0.0309806561784629 -0.0197029463899232 0.160683629567458 -0.433819966307446
-0.010149982200714 -0.0514605114747899 0.403527790648348 -0.524499939418604
-0.0296290773082566 0.0082534658439825 0.503013635565304 -0.669377594058766
0.035499018019964 -0.00326356126742597 0.4177413153803 -0.638146473668105
0.0597146220098664 -0.0311178474543817 0.295083703604062 -0.473674617602799
0.0454040255118528 -0.060861592670122 0.160263967342378 -0.237053475161034
0.0448038395591111 -0.0621394274726493 -0.0431086486388349 -0.0281380869312385
0.0399917587784202 -0.0664167075141699 -0.160006531605303 0.243232704533085
0.0509184116248254 -0.0432135342803007 -0.274228091762181 0.49090088408693
0.0223118508881071 0.0208138971825422 -0.29590375428956 0.695605502376194
-0.0675483080754763 0.0142199659025889 -0.335523638530657 0.739181490329878
-0.0593491621654428 -0.0617926638405234 -0.270189833011065 0.616750148772558
0.0068088758792479 -0.0155362145442489 -0.11631774783107 0.485244592983563
0.04626711664949 0.0828246043197564 -0.0898336943296465 0.340210641223525
0.0535458626012434 0.0726514705655855 0.109642726450894 -0.306239231620225
0.0204607205534834 -0.0190888324949161 0.141701529238703 -0.440890149589687
-0.0156679608993743 -0.0433355726080685 0.331341227769197 -0.587318170640356
-0.0275416197140723 0.00957486146184568 0.390794750812934 -0.721350454523057
0.0302717411699706 -0.0085269822528971 0.339265346941503 -0.674481636747412
0.0517694116764886 -0.0343637955738897 0.26268332492175 -0.505915701116544
0.0409288099108979 -0.0611928689197694 0.160505739899684 -0.267804402103634
0.0436461338033362 -0.0604433567930779 -0.0310361227787102 -0.0515118140690938
0.0423207008311366 -0.0642082646341959 -0.157464918490883 0.215118095394131
0.0527652684398409 -0.0382319000812064 -0.301341112816904 0.454285514621602
0.0173373423819939 0.0236209724123015 -0.372289820193613 0.662246929259066
-0.07178327551908 0.00332299188342355 -0.4505466016842 0.702218508182694
-0.0495636725266732 -0.0677052836102344 -0.35622800348574 0.568170114654137
0.0060302625145805 -0.00364746710960486 -0.142174004281652 0.472988188728602
0.0296797519961237 0.0848009182117424 -0.11160192233245 0.331854640377645
-0.0130627230262536 -0.0651482336665357 0.18089217545827 -0.278215277265808
-0.0418068463350815 -0.0144882421982323 0.158278703190775 -0.451043531598098
0.0324293936708557 -0.00113184924108286 0.415722659032065 -0.477162651969701
0.0285633159993561 -0.0439663232595039 0.558541161421319 -0.646913386605526
-0.0189346612724455 -0.0404008846041955 0.427445017885501 -0.654290332194276
-0.0240463438394647 0.0234433363196575 0.266616750914816 -0.464046400280527
-0.0158005334763701 0.0351223295221626 0.130798349933182 -0.21017667957187
-0.0204394295421514 0.0378019269153418 -0.05347233653445 0.00310266492946508
-0.0179958871498069 0.0315846895353941 -0.173244496098292 0.267356710044526
-0.0273439018207641 0.0197250219423971 -0.26798676035406 0.505364090111603
-0.0353018419040988 -0.00874042877486233 -0.266058927159634 0.694136762903983
-0.0162519905345571 -0.0481980115604623 -0.287516113218465 0.738706061089397
-0.00340235308247808 -0.0202241479553688 -0.235450909899666 0.639506330483955
-0.0605384495356475 -0.00798707814763924 -0.101617868433448 0.472554314779398
-0.0397037316367271 -0.0665958253388784 -0.0582750756637505 0.370358056754241
0.00583996820265583 -0.0402448715571958 0.19629077136873 -0.256064173066288
-0.0243498892411506 -0.023334513641422 0.178534354685938 -0.448360008354186
0.0275832677343193 -0.0110244412667979 0.459004644824989 -0.418514532223215
0.0207064568049463 -0.0318684972928208 0.641450509345124 -0.584026464616187
-0.00487981844931356 -0.0335286917297205 0.493507560273666 -0.610140742693859
-0.0101980229692341 0.0149893915792188 0.294152779429646 -0.434659919615142
-0.00538774945372024 0.0198104308381363 0.130820945074522 -0.191367918592053
-0.00907231376044038 0.021150756214827 -0.0616557034905285 0.0183553371812189
-0.00739276939381534 0.0140282433785939 -0.16969551214188 0.287195889680486
-0.0126377577595837 0.00849105809409422 -0.239813765584981 0.530045024818293
-0.0236317355185109 -0.0027019441630689 -0.207352542788825 0.709074957010556
-0.0235362585572932 -0.0337242095592052 -0.204958024378672 0.75038339945047
-0.0144800511592886 -0.0262360591238469 -0.16307337679379 0.659264404297159
-0.0474231517927477 -0.0123587238147031 -0.0772867491032625 0.484482661874604
-0.0194900980868091 -0.0387418860995104 -0.044615608886767 0.368907751988317
0.020559472765257 -0.00460885357305696 0.201530782672682 -0.243359956063647
-0.00448167972384308 -0.0230282899304565 0.190073926119612 -0.442312406481378
0.0234110585784591 -0.0244822359214622 0.484881596793893 -0.379875446686155
0.00935296359988497 -0.022136220252347 0.690395719140407 -0.536713695044068
0.00928602285930992 -0.0222971412176528 0.532764851196938 -0.573810628058395
0.00981868018382878 0.00582704969425584 0.314290229133941 -0.414284022886325
0.00720972064028189 0.00188331240830775 0.132431368308983 -0.179781512875617
0.00456018448054486 0.000101409520287693 -0.0648742816671322 0.025710628092922
0.00467957309364345 -0.00614895670607682 -0.164171593164152 0.298447585141303
0.00167821942656705 -0.00628959063048932 -0.219079691378657 0.54557894576276
-0.00976235264429358 0.00204954341109334 -0.171106859000038 0.717949413612085
-0.0315007723546978 -0.0184225844116838 -0.152971758745385 0.756187807548844
-0.0288226016196101 -0.0305819868018465 -0.119464565236398 0.665353671042417
-0.0360948841631249 -0.0181070929331727 -0.0604815402016391 0.492811582475381
0.00438433703402758 -0.0096994421416243 -0.0388753680178983 0.365826222349835
0.0309795486974621 0.0327321979239731 0.197337352147594 -0.240731028805564
0.0151679292400898 -0.0201945193820558 0.192254924739313 -0.436587009073724
0.0181560226791024 -0.0391435573811979 0.490787645471496 -0.375391563413218
-0.00594822783758363 -0.0142873603874393 0.697040616910471 -0.524869938110935
0.0211465412909233 -0.0111170599667085 0.543353834255808 -0.557746756050968
0.0298809659412887 -0.00332875673880275 0.324863203863975 -0.405791866474917
0.022037231323978 -0.0182160556693024 0.137643777143501 -0.179792878230799
0.0178866953852221 -0.0212565938808341 -0.0654774407229358 0.0233624264201445
0.0157666452011892 -0.0280188384034116 -0.161003135917213 0.298370481382516
0.0153772885547909 -0.0221101445736374 -0.214210530863764 0.547705657912079
0.0027673596260845 0.00561269258190337 -0.162330299464447 0.721821741296893
-0.0384082137114299 -0.0020683696167206 -0.142186565628851 0.755864515425568
-0.0422609718609495 -0.0345936756117703 -0.10805274523508 0.664882249640119
-0.024214096445255 -0.0227566218421108 -0.055507463253306 0.495067775716199
0.0282827874946721 0.0180347193254821 -0.0412755925172083 0.361244492883265
0.0406041801305112 0.0629151154892797 0.183170369133456 -0.250880795155174
0.0281219531825951 -0.0160159757680027 0.186083998540837 -0.431569330576405
0.0106735865406281 -0.0495460338896015 0.480036403530805 -0.401550398708422
-0.0189699467697073 -0.00604943090064703 0.662473965128581 -0.548518028952327
0.0299096870895405 -0.00418978824408754 0.525734138729273 -0.566544540766064
0.0475353030455034 -0.0129308597698315 0.324018645961479 -0.413913335072008
0.0354539803835984 -0.0368865601398791 0.145969683369418 -0.189149590384987
0.030668806770932 -0.0408305447841391 -0.0614142598267347 0.0123396935578524
0.0257258088297681 -0.047543408782157 -0.159304642918877 0.287877419615436
0.0298204888396753 -0.0346656782778877 -0.221924781024715 0.538372205855232
0.0143790298038984 0.0103679474068718 -0.181125068786966 0.718177029391053
-0.0472297992416763 0.010502568710743 -0.171593095838965 0.755304659078006
-0.0536410479723983 -0.0411799956599841 -0.131899829644522 0.658455384612196
-0.0117098639936878 -0.0252175499237816 -0.0656595925493441 0.496585030596475
0.0454993959991426 0.0441062348281219 -0.0519715152873803 0.355199265650371
0.0495362658517249 0.0797647484726775 0.161545903885119 -0.268466237427831
0.0338571823574705 -0.0167312007923126 0.173822189399821 -0.429351263454569
-0.00013682067623795 -0.0547121315675396 0.448822018334265 -0.454903198908145
-0.027405534238199 0.00124951554340879 0.593747848900433 -0.603506824480369
0.0351336523058812 -0.00111116789704649 0.478211730523335 -0.59475178596119
0.0575208660046161 -0.0229263808511627 0.31349046415781 -0.436041800055135
0.0435606603697029 -0.0524292967768799 0.153011115939399 -0.209479759191563
0.0395520664418391 -0.0558474614853482 -0.0531628228289853 -0.00530519698963755
0.0336947866470478 -0.0608207017229794 -0.158783950959738 0.267289851280508
0.0416250279867879 -0.0431293900490928 -0.240976139086471 0.517665269022061
0.0211670329364655 0.0153314773574775 -0.225458851229543 0.708490749445596
-0.0564657820801624 0.0162795072110638 -0.236700317339891 0.752251319266832
-0.0596019773672908 -0.0504872636374876 -0.185697848777281 0.641225373972214
-0.00171135259695023 -0.0231060096840195 -0.085474799589279 0.493078337048069
0.0514487482504795 0.0673513998904749 -0.0687272267992958 0.346565047230331
0.0551315870843993 0.0817454122765114 0.135392244087334 -0.287326137591989
0.0310942364818936 -0.0193789251025781 0.15783087878591 -0.430476094764951
-0.010083181046138 -0.051372712768316 0.395063349098523 -0.519894402572062
-0.0298924010131131 0.00774135629465959 0.494655516812126 -0.663348428327382
0.0362911884341784 -0.00343348794423788 0.411217075115173 -0.633121584843452
0.0592994454405522 -0.030524237573646 0.291497567887045 -0.468912419412301
0.0442728408535127 -0.0606323403128899 0.157495295565199 -0.236510895061581
0.0445469902103826 -0.062127528562936 -0.0428665482758849 -0.0285432596098375
0.0406459321647107 -0.0661508101073322 -0.158554253484848 0.241496133260444
0.0500458624488223 -0.0441337022688439 -0.269115479853952 0.487771837181865
0.0221632619880377 0.0210941686653582 -0.290940995247137 0.690727888055973
-0.0663017104534708 0.0144606124575974 -0.329660306178924 0.732883744360317
-0.0595036837972629 -0.0619080347545736 -0.264138588990097 0.612377621587049
0.00695162063540032 -0.0155394689330642 -0.113740760035071 0.482792728237724
0.0452940815474411 0.0817452982223293 -0.0890047255409873 0.338283298386988
0.0531088843647311 0.0716243954921807 0.107893410093548 -0.303591294392439
0.0197397669357751 -0.0185886598780668 0.138391161152489 -0.437433608975006
-0.0154602101467079 -0.0425965342924578 0.32438611316124 -0.584307227646893
-0.0272765784410391 0.00996756834433033 0.383049433576789 -0.715526829018761
0.0300735212429947 -0.00891962426812052 0.333236576955493 -0.669570617623062
0.0510691693315017 -0.0350238910824303 0.260308436668372 -0.503769434735547
0.0402926007366786 -0.0605019170963205 0.157938644118915 -0.264984210340388
0.042854245356932 -0.0600807625754559 -0.0310214172612316 -0.051628439677466
0.0413011221091004 -0.0627251200651249 -0.154533570403081 0.212709740394179
0.0524438322439409 -0.037705323081091 -0.296889058769906 0.450346022620433
0.0172344072967917 0.0235933124634788 -0.366066171107234 0.657801348268098
-0.071823048536583 0.00281196647529441 -0.442166313536191 0.699173625286692
-0.0497292779170177 -0.067743425005586 -0.350174095703698 0.563943286163113
0.00661899888999726 -0.0032938967477904 -0.141365658845988 0.469065390160443
0.0291472955228246 0.0830663284793433 -0.108820460837567 0.328519414036424
-0.0115058660948217 -0.0672134983339211 0.193673419745161 -0.264174923819739
-0.046105536346471 -0.0150463049414332 0.179481413237713 -0.437772423465471
0.0257863339382156 -0.00259396641435569 0.430549395323349 -0.446614118978203
0.022582691572757 -0.0437536127025284 0.579398110379814 -0.614380371783134
-0.0260583385820405 -0.040839770162932 0.443522867380301 -0.622259035640164
-0.0285825495864733 0.0213766836645863 0.2809894722658 -0.439569570901545
-0.0169426073670877 0.0322090451828381 0.137111337543146 -0.20075081006515
-0.0232766463578378 0.0376021555842249 -0.0535104838126112 0.00217021416786069
-0.0221025051374332 0.0331267417438022 -0.179493752703647 0.258344842486646
-0.0282990731448686 0.0230626944842124 -0.280008122817873 0.489975438837548
-0.0349135789019428 -0.00511646010092953 -0.288012643985874 0.671992277960813
-0.0144352245794834 -0.0341382294880405 -0.312410999466965 0.712737300294275
-0.00654152613282007 -0.0105583235333335 -0.260741964030588 0.613533097930117
-0.0633238707882363 -0.00181279232950609 -0.123814701854687 0.457824790244701
-0.0361318311513338 -0.0635622765265592 -0.0789889593525536 0.357911269792517
0.00552870841326762 -0.0412275552784068 0.208426633762553 -0.243843321414917
-0.0287266423396312 -0.0227490210245345 0.197658570207034 -0.43192393803754
0.0223915024394558 -0.0146090449388011 0.46888942341081 -0.385399838085275
0.0151801315247213 -0.0338826322431951 0.65696120350577 -0.545680391788422
-0.0128678204660318 -0.034326553226033 0.507601344556508 -0.57603844633611
-0.0140821001049452 0.0130209392049391 0.305462999486426 -0.410822132634292
-0.00651892672789997 0.0181523619957583 0.136932470655583 -0.182558090599647
-0.0104041390530305 0.0216007099210752 -0.06068644850769 0.0161662151540115
-0.00963560917842429 0.0177161946144448 -0.176418562596433 0.278796282740603
-0.0138043141106732 0.0122880388964378 -0.253733796961131 0.51575298500395
-0.0233395965243016 0.00208847352494033 -0.231215446510736 0.689002941620677
-0.0221488233348301 -0.0202677607181135 -0.232897358409466 0.727745266737406
-0.0175981186691885 -0.0163315158791097 -0.192161315246941 0.636090287292952
-0.0492652121328761 -0.00634577149003056 -0.102658881550621 0.470237162386122
-0.0170347429920689 -0.0357292205163736 -0.0654032487167322 0.358484436411878
0.0168776849176357 -0.0046894396617862 0.214583521940719 -0.229325269264556
-0.0076236468283251 -0.022135879552556 0.208696338658411 -0.427814514080004
0.0185142891772126 -0.0278309973239963 0.490081785521453 -0.346535491401346
0.00280587014402053 -0.0251706321155354 0.702997090484765 -0.49685226415112
0.000428507645069158 -0.0235082005150583 0.547112116147139 -0.54258417650252
0.00609221907369907 0.00467787020621009 0.325196327804021 -0.389227598065618
0.00891179964738265 0.000486091136162018 0.138001767433924 -0.172111438748656
0.00417382647469883 8.50303816541526E-07 -0.0662942283241682 0.0232382626975496
0.00346695189992422 -0.00347456433759531 -0.171635113979329 0.289993492559016
0.00127533056421812 -0.00126820454375886 -0.232758242589477 0.530501970933312
-0.00933025373655137 0.00710341323212102 -0.194503594793831 0.699457641224459
-0.0296281448997474 -0.00453881706747095 -0.183190184292106 0.735753401750172
-0.0301638420621201 -0.0219434733892637 -0.148769468133121 0.6448996606862
-0.0369576851661015 -0.0116168597095452 -0.0850813586045838 0.479729977400554
0.00620392161135122 -0.00694776636946403 -0.0603062113457366 0.356241212780429
0.0253371192683042 0.0340774068884359 0.212120105339709 -0.22826095598065
0.0102863051792023 -0.0164396056298918 0.212204939638377 -0.421225883751735
0.0145715082013707 -0.043019297072068 0.495501801252558 -0.340584520679493
-0.0121017272617501 -0.0185164814595179 0.708171537966094 -0.481972465462239
0.0111409942281198 -0.011998587130735 0.556720265436655 -0.524840351843444
0.0272799778344104 -0.00369911206329675 0.335612889645047 -0.382642037452486
0.0238190349197416 -0.0181165455365439 0.142699450746137 -0.172706012115312
0.0195546622026043 -0.0209404141694027 -0.0650709623331965 0.0205762205667201
0.0155207297765856 -0.0254494735192362 -0.167031663161927 0.289632593799997
0.0173317406284061 -0.0169776282038611 -0.227619482600217 0.534207730999968
0.0048700252605942 0.0111846043131218 -0.184879148180437 0.701820604108154
-0.0363534696097586 0.0101206580561712 -0.173863047221923 0.736463285480307
-0.0434184882420015 -0.0267156345089433 -0.137242724155148 0.645135601761489
-0.0243504956352954 -0.0161139157698907 -0.0805373539750814 0.484089394823613
0.0289347579775908 0.0220076155185033 -0.0627581214796756 0.352285695583073
0.0323766202112084 0.0649947508450504 0.19935419172675 -0.239226527393715
0.0238177084043337 -0.0125022378466216 0.204657822065704 -0.417563423856538
0.00774621698326153 -0.0535409472614718 0.486133539070444 -0.365639719170869
-0.0259170483174647 -0.0114915186653114 0.677612709263887 -0.509047942399561
0.0197701667524675 -0.0039646038290421 0.540475853714382 -0.533028748946648
0.0447007816516302 -0.012300965935844 0.335255139318559 -0.391581796756201
0.0372287229335513 -0.0361704927200844 0.150852288033517 -0.1825092255886
0.033320727682526 -0.0403912580723304 -0.0608206333809399 0.00986519183180126
0.0256790956697823 -0.043781099063767 -0.166080889676845 0.277810305968778
0.0306351392837545 -0.0287615651307538 -0.233791859895074 0.525086296840122
0.0150252799565043 0.0157835000627385 -0.203184618783337 0.701044300260895
-0.0450952017711739 0.0218268522270712 -0.203418850321896 0.736161726529315
-0.05497545243231 -0.0343756299051602 -0.161005773875653 0.635752354216813
-0.0134079514491561 -0.0185065410241227 -0.0886956613000383 0.48524561136331
0.0452232028517862 0.0484042047334074 -0.0743759182437099 0.345380107599443
0.0407610560797693 0.0830754992265048 0.179891877539481 -0.257724542394423
0.0293224178129026 -0.0126947638040572 0.19251982656365 -0.41528681899298
-0.00258441423111333 -0.0581512185092799 0.459109395481408 -0.41948175415044
-0.0345174835185531 -0.0038040964200633 0.611260299323327 -0.566019794910912
0.0247485991405794 -0.000322363328891842 0.49482267139501 -0.564361365740614
0.0545161944854206 -0.0218697720229006 0.326449899426252 -0.414611482613798
0.0464405686519828 -0.0502954715824837 0.158000068390798 -0.201484937480521
0.0430961354190408 -0.0538372048096498 -0.0524993833033925 -0.00730891779042644
0.0360408114257616 -0.0571162616823422 -0.164205493001864 0.258545628657661
0.0430150205143874 -0.0371257664939411 -0.253177874597946 0.504914191939736
0.0215026328620108 0.0222287538633573 -0.24902242152546 0.690429454511942
-0.0569369877703733 0.0285374349685521 -0.26719635106639 0.728261438110346
-0.0613393716408145 -0.0433363358898132 -0.212953670874047 0.617377558228146
-0.00222281134194567 -0.0151568450470631 -0.109642255594486 0.480475713151307
0.0503670837051618 0.0716594467132642 -0.0901493296765573 0.337798682949796
0.0454060488576966 0.0859917810540239 0.155300656518495 -0.277843948334985
0.0260784095566763 -0.0149162299259033 0.176921090471234 -0.418680876707588
-0.0145552881184924 -0.0549580031576297 0.4094384614364 -0.488019741829819
-0.0372360610840446 0.00319858700175879 0.516336972773312 -0.628592058226689
0.0250261706017338 -0.00130452755774318 0.430908152984553 -0.604854141010687
0.0558412331064833 -0.0295738933794817 0.303659448697674 -0.446246963089123
0.0484384431581598 -0.0590908690704788 0.16440212531838 -0.228150299296551
0.0475991725893548 -0.0606491032854845 -0.0412924822198435 -0.0291386058754452
0.0415653775036706 -0.0627881427686374 -0.161245317320767 0.232850273964858
0.0508279456347104 -0.0374739480345656 -0.277913006760909 0.474856000106314
0.0217390543243493 0.0266757209716131 -0.312136266012778 0.66949589418395
-0.0679498065566839 0.0260953205971041 -0.360163141380644 0.70489238955348
-0.0611893156146258 -0.0549041936764219 -0.288353069245908 0.584065926143972
0.00414936466136714 -0.00753249852459854 -0.135861167493806 0.46995727737848
0.04356300066025 0.0856259078325686 -0.110367765191016 0.327286707131354
0.0451841123284312 0.0755536078649454 0.129272796365118 -0.296441898424531
0.016041390114008 -0.015185102165473 0.157978728174611 -0.426575372818211
-0.020875145112852 -0.0456318654438874 0.346225524807587 -0.55237821981657
-0.0342370986029428 0.00721583813265853 0.410184651221472 -0.685662615137793
0.0201485687891188 -0.00521095573316311 0.355703015222398 -0.642153921635622
0.0495613324686316 -0.0319207326242303 0.275379588072583 -0.481421164509262
0.0443410808474088 -0.0596956772091328 0.165307475631412 -0.25709009859823
0.0462830201885695 -0.0583165488065968 -0.0291181949454998 -0.051751631683806
0.041999200998906 -0.0604007810462915 -0.158120363066392 0.204580739117325
0.0528123044028718 -0.0314942153306411 -0.304822063185218 0.435149511926973
0.0170976926079549 0.0287585935679418 -0.383836755432838 0.634704383436258
-0.0747843930384141 0.0143905370172856 -0.469837969502934 0.666429489492652
-0.052528097643396 -0.0615953861914364 -0.36840286106464 0.530438311983512
0.00262849080421631 0.00357285349370386 -0.163202400144284 0.454496504480038
0.0267283205818154 0.0862778296421341 -0.129743646996815 0.316000167349196
-0.0108299100868427 -0.0668740374336201 0.19270093841991 -0.262777633425265
-0.0457946720743427 -0.0156821507222252 0.178717749067034 -0.435052515046154
0.0264961747648908 -0.00273638218706827 0.426498513242446 -0.443557438028516
0.0222726088382878 -0.0442307742975731 0.574705032307035 -0.606434304298553
-0.0262834900081382 -0.0396894440504279 0.439935897052875 -0.615754324197307
-0.027286031042947 0.020811411706846 0.279061757913791 -0.43595623917691
-0.0182955922481168 0.0320896442121233 0.135806893423168 -0.19798635256507
-0.0230315982352468 0.0373083448703191 -0.0529721532041883 0.00180369193723653
-0.021705122482746 0.0326349250417074 -0.177483078171469 0.256593774320793
-0.027917829087411 0.0228057660746701 -0.276202252843779 0.484477096564789
-0.034140472689993 -0.0048751789559442 -0.285232511675073 0.663571713555263
-0.0152565868427357 -0.0338166165484881 -0.310430691021135 0.707828006364195
-0.00706057873905556 -0.0107860847469983 -0.258483913227019 0.607920512730969
-0.0622886477602844 -0.00272090518901441 -0.125374498044536 0.454738485885166
-0.0352794964914697 -0.0636823151442952 -0.0788403385706963 0.354619105527098
0.00530088696426863 -0.0409908544066228 0.207880365989894 -0.240919886441987
-0.0283223796159028 -0.0227047760471821 0.194907061698097 -0.429890225085655
0.021699777289275 -0.0142548862921973 0.466175251971704 -0.383563515310937
0.0146760043683078 -0.0333539968907439 0.652518783615983 -0.539518455847088
-0.0125448554533986 -0.0335919913610746 0.503549727334361 -0.571888359378684
-0.0135319957355495 0.0126857810864716 0.304423195346521 -0.406558120828161
-0.00685512956602864 0.0188573806550357 0.135067939594875 -0.180042466481459
-0.0106632886459428 0.0208571330461234 -0.0611726033907291 0.0164871295036966
-0.00950255176098015 0.016103034266758 -0.174719848423218 0.276567756288504
-0.0136256969116135 0.0127689471784763 -0.250116142133686 0.511973790756615
-0.0227649977929955 0.00177901236668345 -0.229268900620664 0.683762257553901
-0.0224945226489965 -0.0202503858186823 -0.231052709397146 0.72366715222594
-0.0175722686236844 -0.016751804426879 -0.190977135619475 0.63286035658306
-0.0496765790080185 -0.00590972970199334 -0.101363446757105 0.466488769423732
-0.017131065999281 -0.0358628595130578 -0.0647755168966582 0.355527933583683
0.0173780253322813 -0.0049537781740646 0.214500845438995 -0.227156790879984
-0.00814723526160611 -0.0219747332461173 0.207727939209545 -0.42355649904677
0.0189904757020396 -0.0278193913727726 0.485351734513128 -0.345672678913511
0.00259492836193804 -0.0254654431645025 0.694874453158812 -0.491663416973512
0.000800625847241596 -0.0230769250279096 0.542054294958663 -0.53737704060913
0.00648543162757671 0.00442458429887064 0.322661017520948 -0.386195908715604
0.00844009235933874 0.000892729809717731 0.137306739465845 -0.170174920441563
0.00397361691256641 -0.000226580653605075 -0.0655909419985183 0.0223710226338489
0.00226245710776908 -0.00313251334606508 -0.168989134152285 0.285868687754967
0.00217444248633886 -0.00108190147583165 -0.232409926822188 0.526131131569697
-0.0091453197900253 0.00665023619778796 -0.191971981555573 0.694119293516068
-0.0288105675573609 -0.0051979446472283 -0.181674557914529 0.729813237526456
-0.0306660122597812 -0.0217760694748474 -0.147437570599788 0.640177804183559
-0.0372787571516829 -0.0110789329429759 -0.0847992196295438 0.47571067415716
0.00699581910736506 -0.00661457234891476 -0.0604107773454825 0.353484741295907
0.0255436796551964 0.0333195232652481 0.210974105199623 -0.226630506475814
0.0104803288034863 -0.0166986329615789 0.210452090710232 -0.417599740788954
0.0149883452453784 -0.0419506497531952 0.491057966280532 -0.33717086938757
-0.0120110861284096 -0.0181016820284466 0.702438106952783 -0.479035713404767
0.0115792383337477 -0.0116553273898519 0.551597563078007 -0.519578714980584
0.026752465385313 -0.00409590739697457 0.333170505004119 -0.378977636179287
0.0230736475670728 -0.0175154325958527 0.142119577041362 -0.170070627223838
0.0189870499124217 -0.0201796399644396 -0.0650392822258061 0.0209200348034879
0.0149888596050878 -0.0246153124745318 -0.164994362151643 0.286543707479025
0.0158235137332102 -0.0164445250746012 -0.225314053059117 0.528790631256225
0.00399223465992387 0.0110099431410701 -0.183099466161241 0.696544397325711
-0.0360923997030721 0.0101466354509241 -0.171245711654505 0.731344578213456
-0.0436433244961654 -0.025773618303982 -0.135503374154447 0.640223220285414
-0.0247033126188823 -0.0161421453566649 -0.0804009812809572 0.480651259939107
0.0286147070168362 0.021280872506139 -0.0628875516059169 0.349078315127948
0.0317580571278443 0.0637202203020075 0.198802032435252 -0.237329962068512
0.0237146058017643 -0.0127550072891128 0.203734980768852 -0.414451724522988
0.0076558284920599 -0.0534081093216828 0.482656448756443 -0.364566224076732
-0.0251292465138459 -0.0113449674033252 0.670480053120737 -0.503132042969721
0.0193644876212466 -0.00355542932775836 0.535842405262524 -0.528523228425508
0.0434410901276931 -0.0124821793746872 0.333657499640548 -0.386664548030183
0.0373906552111756 -0.0352170172684969 0.149256714302807 -0.180916724916246
0.0323664579290378 -0.0402892693400069 -0.0610199410222791 0.00985424442864018
0.0262775577156818 -0.0432310875422066 -0.163700808198279 0.275687764244508
0.0308445638889283 -0.0294680397168625 -0.23130734497657 0.521052942184999
0.0147359566754442 0.0160673780981194 -0.201559387735689 0.693645256256388
-0.0458614027744051 0.0215571611211166 -0.200693306148011 0.729401836389452
-0.0552214851264328 -0.0326384155103577 -0.157954629719916 0.631691471894347
-0.0128837136970136 -0.017713391361922 -0.0877975091338719 0.481958761370131
0.04441555128776 0.0482807418252891 -0.073482929938112 0.343069513619022
0.0406214020379425 0.0822928427244357 0.179350561043342 -0.255827379424816
0.029019411524295 -0.0116490116713878 0.190293300027468 -0.413050491479488
-0.00241080647405206 -0.0576487260890791 0.454264668223944 -0.41632922708014
-0.034516832335273 -0.00329131546195218 0.604357399967946 -0.559882630424016
0.0245805357291908 -4.46321498491914E-05 0.49026848752418 -0.558930583080034
0.0547386518324464 -0.0214000518506131 0.322847220829088 -0.409437545429698
0.0457686883497268 -0.0497587580833932 0.157053025778962 -0.200492591159738
0.0422829123954437 -0.053601424463741 -0.0516448205129662 -0.00711934533587818
0.0352255961646592 -0.0566150311734526 -0.162108420582876 0.256532260393788
0.0429887648910273 -0.0368050686714676 -0.25031117730753 0.500930678904288
0.0214093703249199 0.0213178031247176 -0.246098334982952 0.684404745854066
-0.0564624062557538 0.0278528977603071 -0.26508082692965 0.723686550551815
-0.0614241716431439 -0.043039564197119 -0.210136210287812 0.611862534291655
-0.00222266454101067 -0.0146348767400974 -0.108540429180817 0.477579097951237
0.0498601458068263 0.0713969446247786 -0.0905211636038175 0.334395569047187
0.0457324168204803 0.0842350766381014 0.154573771340188 -0.275784424259379
0.0265192554927496 -0.0150100037643827 0.175053132181461 -0.415764793984751
-0.013774699780734 -0.0555401490707277 0.406224303497847 -0.484523481521475
-0.0371840331887898 0.00381435927448247 0.513495932733585 -0.624595852203763
0.0256285400309172 -0.00130583497436615 0.427649167864024 -0.599074329718506
0.0559549377389783 -0.0292258549321364 0.303342944763173 -0.44157217555235
0.0475938407602191 -0.0581007544697076 0.162814681056873 -0.226465776943993
0.0466329019057196 -0.0593947243410854 -0.0404947265193292 -0.0289886593677725
0.0416010237836946 -0.0618525267554214 -0.159218955711102 0.230650962369103
0.0513206471088037 -0.0372024026916748 -0.27547965620679 0.46989236105145
0.0226452937397696 0.0269632634687462 -0.307576369986618 0.663309243815513
-0.0672204493986234 0.0249495614060667 -0.357837380096378 0.700158542405185
-0.0607521575677109 -0.0542656026779634 -0.284946949379593 0.579044865437108
0.00442626363783884 -0.00753338678534662 -0.135995868630718 0.465742116381138
0.043001640245406 0.084434865659625 -0.109155432428866 0.324252345298057
0.0447575331467592 0.0751746900545944 0.128834276378432 -0.292896112677208
0.0153721342938453 -0.0152084138227951 0.155872902369084 -0.424629866519797
-0.020937764595135 -0.0458880419518865 0.341113865195684 -0.548816785177031
-0.0350798902669838 0.00686545310251519 0.405620926976824 -0.679515138358603
0.0208617523861054 -0.00531041716628138 0.352601270327568 -0.636567898487013
0.0483801673201327 -0.0324104398638395 0.273310989522735 -0.476436900911848
0.0434525395972684 -0.0592341875087797 0.163787069045714 -0.255508221757178
0.0455202799747786 -0.0578495498445716 -0.0285468842872558 -0.0505474075169621
0.0419919750692987 -0.0592113086655208 -0.155225647685078 0.202452273458096
0.0528202293419806 -0.0317955959737859 -0.302794449248839 0.431911693514816
0.0166650915810096 0.0288964450179087 -0.382181077123994 0.628119248756018
-0.0741804694497347 0.014557797046104 -0.464439659058401 0.65927293410152
-0.0526459235980722 -0.0620088954176491 -0.365423164300937 0.527561407486804
0.00369933720177979 0.00368733089689471 -0.162336987215271 0.451826665020205
0.0277202686859315 0.0861090844431519 -0.130306959098294 0.313839951352941
-0.0103092024923056 -0.0665070017500113 0.193240357966007 -0.260396070807171
-0.0457419684567688 -0.0156982733504425 0.177309136365026 -0.430330441202849
0.0267650790181338 -0.00300101431651364 0.421791202710212 -0.439661361161767
0.0214022429387786 -0.0427613262994074 0.571774992157439 -0.603172411527991
-0.0261314601622629 -0.0397172437199716 0.438387844532197 -0.611103792552473
-0.0272314340519486 0.0201584019177891 0.277835219318391 -0.429954718330877
-0.0178783975739773 0.0320899452545637 0.13509370403522 -0.197351218470692
-0.0242510672490218 0.0370114793536982 -0.0524820448548722 0.00188896083727074
-0.0222540270869812 0.0323073435101978 -0.175419296291982 0.253130970834748
-0.0282769367076734 0.0223961771387004 -0.27505554790832 0.481683000077886
-0.0341442095855871 -0.00396865383921949 -0.282971555003032 0.657980564264691
-0.0149668882538927 -0.0334579079058689 -0.309737845601393 0.702586379752285
-0.00761754574600364 -0.0106988191289757 -0.256596963594781 0.604419709607892
-0.0617696324643711 -0.00257514101567184 -0.125292458546294 0.450549974348006
-0.0349577388398992 -0.0626881043030403 -0.0787455964332867 0.352717901490192
0.00583380281499597 -0.0410308416185389 0.208021976787396 -0.238227318682182
-0.0284722081433244 -0.0223256712834218 0.195381262816452 -0.427069368380005
0.0216413557889237 -0.0133192161892383 0.459373597989048 -0.379952507123109
0.0145816029187601 -0.0322082952216707 0.647799139190864 -0.535534836282944
-0.0116457347417172 -0.0327466278275956 0.500501444222109 -0.565591860147422
-0.0130238358157022 0.012080052665811 0.304224954985217 -0.401358124844998
-0.00777136364317852 0.0188539258137258 0.134765196329517 -0.178923769622423
-0.0112503243896804 0.0206863799462702 -0.0602717417947437 0.0166444213597851
-0.0105773133417148 0.0162825813478674 -0.172858906014387 0.274088042132041
-0.0134204117920678 0.0124790461863257 -0.248928065216987 0.506210669575634
-0.0218705732375843 0.0019715222583549 -0.226235912597931 0.677168046288017
-0.0224995795631248 -0.0206033763996406 -0.230647726912966 0.718524620306572
-0.0179325750172511 -0.0167459385284808 -0.189090530097084 0.6268886466116
-0.0487749932290739 -0.00622715217392024 -0.101516015508602 0.464506028514159
-0.0160620687124658 -0.0354022262805422 -0.0662214979257443 0.352583396954231
0.0172517366675973 -0.00580060747965216 0.214712509160534 -0.224304923128396
-0.00722839600718733 -0.0220816417492781 0.207144608577789 -0.421634494571478
0.0184468567146296 -0.0276127638234396 0.479331479594909 -0.341184657589938
0.00265083515352739 -0.0244719163536148 0.691387920930257 -0.487696531290383
0.000681339302279084 -0.022415935337103 0.536671649222998 -0.531085628612908
0.0067708442433135 0.00370356900933241 0.321276085654837 -0.381383424290646
0.00714424166372112 0.00115854184744726 0.136214174101013 -0.169371555008187
0.00340437001937246 0.000870935794168446 -0.0653093688875209 0.0237208766409961
0.00273575854660807 -0.0036945642164839 -0.167655186801701 0.283954224449595
0.00168873699564299 -0.00179758576350214 -0.229554618912242 0.522697223315441
-0.00847611803481186 0.00736354393641317 -0.190230111876896 0.688406963189624
-0.0288317637087527 -0.00587656692986719 -0.180936570416948 0.724373542533834
-0.0310372827089592 -0.0208540980028359 -0.146303862509243 0.637402555179776
-0.036313164935129 -0.0110434018207471 -0.085268111975148 0.474408784717924
0.00647692211109562 -0.00653033587253978 -0.0604500551375103 0.351078696595558
0.0253110674070522 0.0320634079016915 0.210977079743393 -0.224039248466899
0.0105673983944311 -0.015855489023519 0.209293345160737 -0.414472804790801
0.0145517613445024 -0.0423752315356427 0.487489511264575 -0.333231628859333
-0.0121200569656815 -0.0180585177525108 0.696598841447514 -0.473068690136203
0.0110065308299526 -0.0111038313848762 0.549055512665913 -0.513604747817178
0.0272788057653998 -0.00418323302876009 0.331077048291409 -0.374252648953651
0.0231857597064691 -0.0169882182954895 0.141307041517881 -0.169082672557519
0.0182259401023959 -0.0201668774446797 -0.065027569783129 0.0210853119232311
0.0140604339030366 -0.0245802452620648 -0.163745272206327 0.282662757922153
0.0171507346975074 -0.0166518188339335 -0.22462579874925 0.524620873241868
0.00496560117316287 0.0110601074119403 -0.182938722470642 0.691932320345494
-0.0361807179771962 0.0100039161960966 -0.169154098118307 0.726474873603938
-0.0438110425745281 -0.0266560847204889 -0.135019367018093 0.635640566099805
-0.0234050186611678 -0.0158021516739014 -0.0806204442523859 0.477449711339071
0.0288639867841876 0.0210888349637449 -0.0635001166136862 0.347476899075983
0.0320969269092481 0.0637423400840796 0.199446707672852 -0.234210503532727
0.0235559822110844 -0.0118198729232042 0.202824664891231 -0.410299733208024
0.00788032427138743 -0.0534261188073419 0.477427977012736 -0.360092068243724
-0.0248865879195679 -0.0107632617431105 0.666908133376081 -0.497878756449371
0.0192400741073908 -0.00346807057260242 0.531982298716113 -0.522588525388861
0.0436064647722486 -0.0123540228812059 0.33144045823819 -0.383175250854756
0.0370661713757006 -0.0346802299697648 0.148725041379648 -0.179966860564647
0.0317170845671912 -0.0394708614216666 -0.0611394551839741 0.010031710146059
0.0252767046612642 -0.04267802212082 -0.161442696392579 0.273108960443658
0.0306252827820759 -0.0286869069328835 -0.230639447419625 0.516334919224405
0.0147630894791852 0.0164839528619364 -0.201790133420516 0.687881265608525
-0.0452922969137662 0.0215542028339796 -0.200911822868064 0.725385665665891
-0.0543049548995201 -0.0340614137164678 -0.158153052901759 0.627077892942561
-0.0130977150127881 -0.0175359659955425 -0.0918757781533033 0.477838531858485
0.0430043302795572 0.047848593815035 -0.0742965048248483 0.341192378655868
0.0397756562734248 0.0813478175633878 0.179751087800163 -0.252722590095347
0.0290127918815883 -0.0117165993188671 0.18912677116462 -0.409823357996827
-0.00277800116564886 -0.0571424773942578 0.450241519280408 -0.412176781537623
-0.0342063829415948 -0.00360161992734341 0.600720725223242 -0.555734802699398
0.0246435969116949 0.000241501611624489 0.487966902266505 -0.552822984302943
0.0543387887523569 -0.0213096063745061 0.322886675539424 -0.405278738610663
0.0451486779181758 -0.0486528026720903 0.156791861098986 -0.198364163666547
0.0414456827415278 -0.0533100266412682 -0.0523789044345589 -0.00757201761509603
0.0347570849631236 -0.0559716096371485 -0.161244535220858 0.254219730277661
0.0426637208756555 -0.0366552358036327 -0.248786211318166 0.497209871114907
0.0223038963220154 0.021564469320285 -0.242861671488844 0.678693340283125
-0.0565092336656768 0.0272341408139794 -0.262847129906173 0.716975221614111
-0.0608250266775488 -0.0435115198214794 -0.209144115257616 0.608631135410641
-0.0017495278346915 -0.0145637309279953 -0.109084243252468 0.475242078724864
0.0485517922749286 0.070303910406394 -0.091450731645912 0.332708252204191
0.0450409439674973 0.0838254145544791 0.155340808467786 -0.272901266761472
0.025543442262236 -0.0144975133729685 0.174343022789517 -0.412449453380946
-0.0131623608948075 -0.0543638733958174 0.402507708639978 -0.478718730263225
-0.0374703216989387 0.00425931783919352 0.5085356453741 -0.618894973209014
0.0258816897569416 -0.000955519192731487 0.424705397698236 -0.594304275037931
0.0556642328746274 -0.0287067420422708 0.301682300077231 -0.439015233652021
0.0464399311736175 -0.057766384717616 0.16178218413436 -0.224564150263533
0.0450076155022878 -0.0593693885732213 -0.0415177509093074 -0.0280864429763233
0.040359757779547 -0.0615575790129656 -0.157968463124061 0.228215395963675
0.050589447847571 -0.0375204397661212 -0.275544868718517 0.466432631885554
0.0223161820540887 0.0271998493600501 -0.30498728083338 0.657971224776008
-0.0677399212387671 0.0245100279762746 -0.353758718568888 0.693872731991631
-0.0603228360036289 -0.0542267533052625 -0.283522981020647 0.575094508214181
0.00439158811408619 -0.00705518840991772 -0.13543929666237 0.464165167544401
0.0422907721731662 0.0836838004059276 -0.109870741393018 0.322258036806958
0.0442120691122877 0.0734124556034079 0.128520606614003 -0.291522571811412
0.0158246712120153 -0.0144120280446359 0.155966053043418 -0.41941374287038
-0.019899704110762 -0.0457703952132787 0.338730875564231 -0.544844101526891
-0.0347057809164882 0.00656194910194303 0.401820841706864 -0.67286410418703
0.020650517815916 -0.00542264671586776 0.34994182791822 -0.629958103297356
0.0483548084274194 -0.0323050548980936 0.272890235444898 -0.473824709038678
0.0421036738697977 -0.0581370025417298 0.162737142891069 -0.252005128027164
0.0448143546527227 -0.05765409009669 -0.0295409049274028 -0.0509113440581092
0.0417237541690189 -0.0584412442184495 -0.154376141972583 0.200369220470473
0.0519064689564229 -0.0316455387597528 -0.300891566662782 0.428407488477222
0.0167528786409809 0.02893253770588 -0.37887241047127 0.623434536619167
-0.0747082018845073 0.0137415974578882 -0.462534272669473 0.654777105264597
-0.0525243002338759 -0.0610772501848597 -0.36284232862576 0.524501868775814
0.00255442659607315 0.00450368989982872 -0.162446831322503 0.448063160552065
0.0263440385851309 0.0856275038437878 -0.129487078063077 0.311852043705617
-0.00936409948347829 -0.0669518984386907 0.194135185870873 -0.25776622501529
-0.0448402652727064 -0.0151035616865058 0.178636912289846 -0.428954407392789
0.0259600000471127 -0.00310692175225367 0.420958445397584 -0.435912664586251
0.0212568078707205 -0.0421722638514371 0.569570066399892 -0.598632815620194
-0.025290999548132 -0.0392504179181312 0.436370077666968 -0.605717965906387
-0.0268978745615417 0.0199317943774479 0.277339580848325 -0.426904790783201
-0.0179223373030358 0.0322686220290994 0.135531531298829 -0.195100083531856
-0.0235228081086309 0.0368677459064959 -0.0528533317761711 0.00208425564922992
-0.022464252241863 0.0321736033279791 -0.174829965470591 0.250919310331844
-0.0277789950735759 0.0220603276530084 -0.274508085739028 0.476981077242884
-0.0333647587953204 -0.00426042741557073 -0.282918136764556 0.655175670905636
-0.0152684435495125 -0.0339354196091815 -0.310486724184099 0.698175229812454
-0.00769188064079416 -0.0102286555566603 -0.256352944254965 0.600406568342429
-0.0619993964857447 -0.00303884322339453 -0.126535547387232 0.449438389927579
-0.0338883722998803 -0.0632254474053917 -0.0800941802395505 0.35060478835639
0.00674487570233062 -0.041576257136874 0.209219743079307 -0.236568817157929
-0.0280539643267072 -0.0224439880291834 0.196177269303107 -0.424687579154183
0.0223101800914149 -0.0134365292312434 0.458803266571845 -0.37644223639685
0.0150137504336368 -0.0322361284685956 0.644550646486222 -0.530036930082556
-0.0117789450786782 -0.0321574505840988 0.499503985101655 -0.560684345191382
-0.0126686944400465 0.0122397292662374 0.302430034746968 -0.397827658155352
-0.00747531330586823 0.0188376416883914 0.134519579928416 -0.178139391806506
-0.0115806193289477 0.0210947888190396 -0.0607609684489135 0.0162467891340854
-0.0100433506048798 0.0157715302409406 -0.171832281382853 0.270825294664555
-0.0132609363016292 0.0124789806755062 -0.248957877562237 0.503091761992764
-0.0213189703059676 0.00276692499512928 -0.226822403814582 0.672566526051034
-0.0230132737176416 -0.0209878367002825 -0.229716130159701 0.713796901277638
-0.0178390565492545 -0.0170440639247464 -0.192054401601952 0.625445895927575
-0.0482181738711752 -0.00646939144282649 -0.104247991605966 0.461568055428524
-0.0152896078697088 -0.0355945731166632 -0.0675261398947344 0.351220448252574
0.0182205861190533 -0.00615821420623495 0.214211225541851 -0.222906960000877
-0.00730244349339349 -0.0214744994682633 0.206557944789981 -0.418797878695637
0.0187684816876783 -0.0279878053961106 0.478059723413951 -0.337782481432883
0.00257978603951614 -0.0241550541432081 0.688104600259342 -0.482402246659835
0.000683037515195889 -0.0217764946642053 0.537604740220984 -0.526982593270437
0.00717097090370194 0.00310308460207986 0.320977309047661 -0.379310376699036
0.0074522094130409 0.00116616455819348 0.135702207040072 -0.168057424972805
0.00404645110899457 0.000663782451324764 -0.0654421763327431 0.022326226129767
0.00204375745481909 -0.00346288372457283 -0.166669640320459 0.281194697115291
0.00131441648352941 -0.00183902608586254 -0.229069121271213 0.520164908417526
-0.00818906803943479 0.00695880722868803 -0.192919738610524 0.684361505893405
-0.029760461390033 -0.00531099375651479 -0.180973726044951 0.722195873771971
-0.03104404804646 -0.0208821058810963 -0.146347941476515 0.632935828088341
-0.0364848517623064 -0.0111414335967153 -0.0870462799538043 0.471884889440718
0.00636062138112379 -0.00672562012028626 -0.0609343283867044 0.350112831199709
0.0248577813430314 0.0313070168005319 0.211989391349304 -0.220978205355014
0.0101034476765312 -0.015566560662944 0.209328835598526 -0.411197358983382
0.0149079936856868 -0.0418733019604293 0.484062863821454 -0.330776641629014
-0.0115745020100531 -0.0175318231308678 0.695269938372712 -0.467428591236878
0.0114878519334551 -0.0108143203453119 0.547829084676211 -0.507675179731489
0.0273626363600289 -0.0045517209731506 0.331600077192759 -0.372001627409154
0.0225046252345958 -0.0167205156276528 0.141524978289454 -0.168031350216416
0.0180211081097135 -0.0207956047282528 -0.065286700094891 0.0200168066033256
0.0140878504304204 -0.0242473259784377 -0.16407057056166 0.280247388339188
0.0163948423129576 -0.0169672828712995 -0.223690675555501 0.522051296331113
0.00417782732091706 0.0116802714015745 -0.184135408247441 0.687529487786556
-0.0366700691403406 0.0102499903118473 -0.170967235228287 0.723168868103551
-0.0438280339693934 -0.0264576254577645 -0.136619996014029 0.633350092564424
-0.0237738527384247 -0.0160587291900631 -0.0828602171561917 0.476666333765898
0.0282917426682851 0.0212431557592686 -0.0653311850647292 0.345577452728435
0.0321557128390013 0.063140040450903 0.200482022992925 -0.231718582376181
0.0233444291736465 -0.0118161729198147 0.203041762084856 -0.408509353348848
0.00749729911928992 -0.0524692409744097 0.474528196907739 -0.357229709538572
-0.0251943949590199 -0.0111825761354069 0.663919500477453 -0.49234544312982
0.0194344531723393 -0.00295166645694734 0.532013793503743 -0.518200756352797
0.044281040008217 -0.0128100613239336 0.331900410051559 -0.380880372006993
0.0358773730854343 -0.0338189604514615 0.147810993988118 -0.177517035096209
0.0315469527349647 -0.0389157245952179 -0.0599060945661365 0.00960299162745976
0.0248506564136521 -0.0430639105227111 -0.160833820809279 0.270329098694271
0.0306964896476601 -0.0294531551847108 -0.230887335943345 0.512405219896245
0.0154920471035945 0.0162752245583967 -0.20111857901023 0.684495252865436
-0.0455598356690767 0.0210863048027666 -0.20111817231219 0.722004503077683
-0.0540284827525109 -0.0330893837484835 -0.158496655276399 0.623840944156582
-0.0128145819239243 -0.0175036605471261 -0.0903036937233379 0.476568039164926
0.0436872622373991 0.0483564809059961 -0.0751157363571129 0.339792652944501
0.0393463918217927 0.0804702800593118 0.180790694455457 -0.250504364024118
0.0287656703643156 -0.0112429482158234 0.188890328348837 -0.406076910521476
-0.00228976166421545 -0.0572126795881423 0.447985499672031 -0.407647682989952
-0.0335292637869826 -0.00258529821568605 0.598672655985072 -0.549162845476118
0.0244019712911434 0.000516442528069216 0.48945895500753 -0.548043119488436
0.054806046181787 -0.0214369060778476 0.321729904390019 -0.402800769210477
0.0445718191364913 -0.048482689818038 0.156012883808055 -0.196235170608806
0.0413922696544295 -0.0516426139557147 -0.0524825880927323 -0.00725736577848145
0.0345122212590263 -0.0560824218809099 -0.159539134976888 0.250847862227814
0.0418545564134439 -0.0364327462668073 -0.248756624354265 0.492886135689979
0.0215446146570279 0.0218030356254308 -0.244207360861448 0.674839468805914
-0.0566102347629351 0.0272988481186511 -0.26340215778127 0.714199106350698
-0.060496223535077 -0.0435829417011835 -0.210996181983685 0.604684938027383
-0.00193077095696994 -0.0146902333055109 -0.110358563557717 0.472736662260229
0.0481738452847082 0.0704787222579942 -0.0915844454399922 0.331038705394
0.0442480772107777 0.0827829311743034 0.155487748031394 -0.270961125905116
0.0256645322356937 -0.0136369954811151 0.173965374686689 -0.40980061384722
-0.0135927939369658 -0.0546398982311462 0.400363515848947 -0.475213922503702
-0.0367283399110637 0.00363888442109046 0.5077364911071 -0.612394992023547
0.0254216372960058 -0.00100771352884907 0.423421538912863 -0.588577054381752
0.0556062199960156 -0.0292257370707553 0.301650492593019 -0.433749954980244
0.0461653767352719 -0.0571547713482028 0.161050473271357 -0.222574753397301
0.0451650606232658 -0.0584859540043898 -0.0412743004573926 -0.0282527886805322
0.0403743519712512 -0.0609484271294468 -0.157256373616501 0.225101169236736
0.0501006462818642 -0.037307131722727 -0.273332200468888 0.463177370431089
0.0224722174084952 0.0263798313166197 -0.307041609659938 0.654657662829995
-0.0675193648182961 0.0241754414798267 -0.355768661122764 0.68976621397766
-0.0597622775267585 -0.0540546373814701 -0.283449725822085 0.571669398406273
0.00469384717775048 -0.00649013447760613 -0.136646794682047 0.460102442135299
0.0411507959669225 0.0843381746382011 -0.110808589020624 0.321113425825331
0.0442380691812823 0.0722351947659591 0.131036801630565 -0.290078665179621
0.0152014894391988 -0.0139064503286146 0.155886234138782 -0.418596987582581
-0.0202213611051733 -0.0451098190079016 0.33645829174189 -0.539397109388616
-0.0353119753283756 0.00684100055351413 0.40269420278426 -0.668080070255752
0.0201957031364873 -0.00520276739526662 0.350316462653493 -0.625934917391909
0.0483626032328512 -0.0324011695198625 0.272625250834358 -0.468595860678236
0.0417033346940463 -0.0582298794064007 0.162414066089882 -0.250788252883581
0.0444546182467364 -0.0572699753466547 -0.0285922364856054 -0.049973020085883
0.0403566808388004 -0.0580101729205482 -0.1538765878944 0.197842748564311
0.05206254584657 -0.0319743770094157 -0.301349849068033 0.425868756357832
0.0161647115010714 0.0291118255360262 -0.378135922296848 0.618762386422799
-0.0740599012822014 0.0138172012636751 -0.459651880895269 0.650112209986638
-0.0524333472660588 -0.0609832135783833 -0.36198157410382 0.520261076617162
0.00307969119216819 0.00439516696463054 -0.163693473398684 0.444601776408198
0.0249512541233632 0.0840776370178267 -0.130587391644683 0.309889967386594
-0.00842572110076576 -0.0667448164475504 0.194695541135838 -0.256910142166621
-0.0452996173275005 -0.0155069063933983 0.178576320747802 -0.428251310905866
0.0257568835465294 -0.00288036135873262 0.418830817516187 -0.434694361365687
0.021356810499231 -0.0415009564328539 0.567580966967906 -0.594709355272966
-0.0257003393304468 -0.0390772811619514 0.437683633075769 -0.600099169657278
-0.0265023875352329 0.0197617811013882 0.278037842439178 -0.42581347063309
-0.0190516332188824 0.0319732067435352 0.135555940341847 -0.194015395119682
-0.0235837918516316 0.0369943803393494 -0.0524197803195104 0.00238930254202808
-0.022474865350489 0.031458435237994 -0.174432717059113 0.249095965677452
-0.0270596736172529 0.0216625462124541 -0.275415701960545 0.474795283661171
-0.0333644554145467 -0.00377892236384797 -0.283654608005024 0.650191336602368
-0.015035901234094 -0.0330067991632699 -0.309736071913873 0.694398595806992
-0.0079754987065716 -0.0105773094055896 -0.257274382114398 0.597723575493692
-0.0605503535594322 -0.00282031041663025 -0.128335081634622 0.447465512807758
-0.0334162564072913 -0.0637378224709422 -0.08106724261371 0.349879809446875
0.00676847126756961 -0.0414605409436752 0.209784777661811 -0.234006244702576
-0.0282559578458106 -0.0223300754587028 0.196188906010093 -0.423236053800338
0.0218261068575978 -0.0132849885663325 0.455453734915999 -0.374041977754356
0.0148505944488033 -0.0314224334612842 0.643442113592509 -0.526378472551082
-0.0111982259607816 -0.0323673439779783 0.499340847840666 -0.557594600688082
-0.0121688793899548 0.0120709252777401 0.305189207318657 -0.395069388034312
-0.00764625468965766 0.0178471198468318 0.134296116320158 -0.176744875529978
-0.0118017869138155 0.0208889997981025 -0.0612938075577532 0.0165964807718561
-0.0109859288828524 0.0157684791494117 -0.171493857121022 0.269460032455729
-0.013034548950764 0.012149153572857 -0.250175305250407 0.499978630174163
-0.0211345208977266 0.00224067748349698 -0.229626104667257 0.671228582673331
-0.0223056629471914 -0.0201475588332546 -0.230167557209981 0.712296146312734
-0.018018894033885 -0.017683031833082 -0.191417508560297 0.623511214630887
-0.0479307478022233 -0.00667702892479446 -0.104835719629042 0.460041271302606
-0.0162831087876104 -0.035108499471231 -0.0681014850435253 0.350246782419221
0.0180064417510183 -0.0058241127637778 0.214954986183566 -0.22128172547733
-0.0082272393403752 -0.0210100625678555 0.206687787073511 -0.416351895213378
0.0193380603555527 -0.0281064069527575 0.475644730026559 -0.33554777725964
0.00251551659678734 -0.0238457202812002 0.687433087499909 -0.47679978710707
0.00122118741674178 -0.021904548531262 0.535733747090515 -0.521203206473656
0.0077519151455747 0.00398013058531977 0.321738696300232 -0.375697993301689
0.00678582816570409 0.000977712257937834 0.135568424268909 -0.166164323016975
0.00345691865418366 0.00105991048525635 -0.0658036449691549 0.0225055601084188
0.00209211898296521 -0.00391152565349017 -0.166949426634221 0.278893127370896
0.00148655776516339 -0.00297808139873672 -0.230739683953959 0.51630980522148
-0.00817448929193561 0.00788789511943994 -0.191856330471076 0.681107742770913
-0.0300019786847356 -0.00527324376532464 -0.183234907452745 0.718645361533723
-0.030815956888767 -0.021800839929102 -0.1466254725724 0.630982931184391
-0.0356705318828475 -0.0119381223939733 -0.0890372246006456 0.470879730668699
0.00622109412248574 -0.00663695443650714 -0.0629801092682958 0.349024706116471
0.0251519806560877 0.0316045453141688 0.212346377438771 -0.218904814418301
0.00996763719602469 -0.0152954437373292 0.209758590734705 -0.411026118038919
0.0152919465859229 -0.041927212103449 0.481814110858467 -0.327282362831858
-0.0114194770707401 -0.0171747702456909 0.692202571083903 -0.464564021678811
0.0114347320203232 -0.0110391810726778 0.548073013264778 -0.504922428591154
0.0269974818283365 -0.0042175518475396 0.331553923472287 -0.368038323830778
0.0217190400837039 -0.0163964901619062 0.141636707126188 -0.166029258604674
0.0177894090593748 -0.0198368343594925 -0.0646304183887132 0.020181956870922
0.0139855115077666 -0.0240405811626224 -0.162799290264825 0.278671804096921
0.0161035106949997 -0.0168815878469634 -0.224705968356332 0.519536159125421
0.00527406625367342 0.0113091785149721 -0.183543058105453 0.684413410618542
-0.0365653835514135 0.0102996597199164 -0.172534218922472 0.720685846998568
-0.0437546829710216 -0.0265020284276164 -0.137768219415183 0.628510064789333
-0.0237083131298415 -0.0154181261745225 -0.0843287636962383 0.475445734013793
0.0272491298798055 0.0219649501593981 -0.0655533826023896 0.344584304016657
0.0319688299202918 0.062277084500483 0.200309889711691 -0.23117536800179
0.0232566307959923 -0.0111742344283871 0.202167821586257 -0.407795365067927
0.00853947142102971 -0.0532524091762528 0.471856326406567 -0.352498666299849
-0.0251717756465416 -0.00999485374569956 0.662118980544529 -0.489985134314626
0.0198009497350804 -0.00307579853402078 0.531944712453317 -0.514003777250464
0.0446485287426527 -0.0123925489503715 0.332604252405247 -0.377677368940607
0.0355175089161455 -0.0331363619478892 0.147779436950095 -0.17677132631423
0.030520461989063 -0.038293456994456 -0.0609968580975577 0.00991593208699131
0.0250105891484787 -0.0425204345164674 -0.160909917355032 0.269184981566581
0.0301856921511307 -0.0290469643991751 -0.229780979588155 0.509149419674736
0.0157020008658354 0.0163273336071482 -0.202895884006881 0.681985789460145
-0.0461735427675437 0.0212017028220727 -0.203072112244078 0.718486450663296
-0.0541350092079809 -0.034056869277381 -0.160017455539323 0.620514864904113
-0.0119924521945303 -0.0174595447314511 -0.092580323979972 0.475029781776311
0.0420675277040006 0.0478880115663462 -0.0765886743169014 0.338485744917315
0.0379756766314384 0.0800940399473237 0.181837177804069 -0.249165166221574
0.0283491635478964 -0.0111548532875353 0.189789434561264 -0.404699813546426
-0.00170192755673815 -0.057693905235073 0.448306184680338 -0.404823571321873
-0.0342696370822002 -0.00304870016950939 0.598751802986578 -0.545136775710753
0.0250391166068998 0.000804443100128168 0.487300385857884 -0.545269661908049
0.0540815667203828 -0.0216886204756705 0.322443446998903 -0.400813265387297
0.0443992464170238 -0.0472703721601344 0.155580293249608 -0.196808052701382
0.0408092713399135 -0.0521503610613843 -0.0518977547388425 -0.0072864932912293
0.0340366276455341 -0.0555334159668605 -0.15927564950007 0.249415978378987
0.0424193782134924 -0.0361626410221556 -0.248963794535804 0.490887334278355
0.0220008291078949 0.02129263848401 -0.24463263125447 0.672386906939404
-0.0567283472279171 0.0270190286482993 -0.265436859745282 0.710469113453007
-0.0610188932511125 -0.0434739156186085 -0.210430652861423 0.60246835910784
-0.00184327018019181 -0.0146303053140879 -0.11143904479266 0.471227855723198
0.0473540025787074 0.0702481837961373 -0.0926575677642469 0.33009624005304
0.0441635566143677 0.0821495952678165 0.157538334065125 -0.269573298828534
0.0254094536002045 -0.013073611623567 0.174357108523871 -0.408431381695195
-0.0132643480134109 -0.0544903857678787 0.399454028857988 -0.472975735990121
-0.0368134808972517 0.00361413540198096 0.507002820274465 -0.609066925278379
0.0256816608622218 -0.000155638328463301 0.424996867423244 -0.584802921747327
0.0556716644816976 -0.0289886562577943 0.301979338432492 -0.431403936122685
0.0459699722803226 -0.0560076719674229 0.161049329715591 -0.2214998676676
0.0447221304127435 -0.0585238333970601 -0.0412710127347801 -0.0288333150322998
0.0402626879086314 -0.0602937114133722 -0.157704265984915 0.223723267105509
0.0499548818344073 -0.0367345273750403 -0.273587965010446 0.461631426136168
0.0217592031156906 0.0270204776239891 -0.30589514688264 0.649994474822387
-0.0674593234738867 0.0239104295070896 -0.356796205209583 0.688819152929743
-0.060267731767698 -0.0542985036143677 -0.282944589083747 0.569429414152183
0.00485418890179927 -0.00697842742090661 -0.136895902803762 0.460137664786428
0.0405335060648769 0.0831983680594811 -0.112033314608641 0.320117049853598
0.04317862839712 0.0720441265708989 0.132490301913871 -0.288612706279757
0.0154826205363245 -0.0142758014541842 0.156315559187872 -0.417329271874248
-0.0198688586221592 -0.0453474529259476 0.336293484614677 -0.53699054022492
-0.034504844795923 0.00712338230710508 0.401808901164392 -0.665548062551024
0.0203485123059687 -0.00432407351476542 0.349713635893317 -0.622397311742078
0.0487169241464707 -0.0325740698702575 0.273600245262118 -0.468401698113937
0.0411792804322226 -0.0565418951274834 0.162458928123867 -0.249581600116707
0.0440513879629683 -0.0570356806534753 -0.0281691186152762 -0.0500260339884313
0.0410053241025139 -0.0575711698072706 -0.153526731352303 0.196751817072971
0.0512529906366083 -0.0312005789229979 -0.300158536453822 0.422466516846779
0.0169315016839016 0.0288072750778515 -0.377099207454438 0.614645950856522
-0.0743866323379509 0.0130758046910516 -0.461375346196415 0.648224073186295
-0.0518080274293472 -0.0613139010172538 -0.362875510912256 0.518421186869013
0.00339792615185453 0.00475750876787395 -0.162968619127518 0.443778636786415
0.0247714134122744 0.0844591557178828 -0.131566914326234 0.308526931802657
-0.00796156513379022 -0.0665226124178535 0.196718897266302 -0.254800739845076
-0.0455137450178762 -0.0156892526004131 0.179773546529527 -0.428236942081702
0.0251651017105685 -0.00315170738509829 0.418981578656787 -0.431340517963779
0.0214340081189217 -0.0411927843450161 0.568939894249711 -0.590630018342526
-0.0248546095200353 -0.0384364865096223 0.438143890679027 -0.597554086898608
-0.0259830392164254 0.01938080171017 0.279085907361957 -0.422164325666542
-0.0186898590267352 0.032080704472581 0.135998948562836 -0.193756942987041
-0.0237054675008044 0.0370565888398205 -0.0528958345666405 0.00186508555866023
-0.0228938993471423 0.0313762630546057 -0.174847621450355 0.247652433520982
-0.0278194437443983 0.0211681640614332 -0.276066432511027 0.473183704697531
-0.0326921340714626 -0.00331749844865177 -0.285418523583966 0.647704293619494
-0.0148563395068416 -0.0333975259350412 -0.311476534405442 0.693277324811139
-0.00828034268352925 -0.0108940816568825 -0.259591361688454 0.597683875220165
-0.060936700304563 -0.00417965632553432 -0.130792940607733 0.44648659948009
-0.0341140044508809 -0.0637585992811457 -0.0825109825663402 0.349064984503001
0.0076877720000771 -0.0421335375105664 0.211363243789162 -0.23314250281787
-0.0276176556443782 -0.0230203487247733 0.197837478978261 -0.420611942535782
0.0216330921674604 -0.0139773589396672 0.455581725184184 -0.371669216808709
0.0151119740723048 -0.0316891445745487 0.645156093759502 -0.522050207478701
-0.0107188400705062 -0.0315522960079606 0.501320653736424 -0.553259952818754
-0.0124623115125644 0.0108842939107298 0.303349844057215 -0.393506863974493
-0.00880693168775491 0.0183424627263915 0.135883605629826 -0.175588901731478
-0.0119170532625902 0.0210175059137674 -0.0617633811014427 0.016136731943666
-0.011556185398965 0.0156028409323205 -0.172043316501356 0.266558807936401
-0.0134901666483956 0.0126050674902804 -0.250123924129712 0.498234000259657
-0.0217914503089853 0.00273495015325273 -0.230137548047857 0.668854894783215
-0.0229629269572498 -0.0201893225459224 -0.232499919467554 0.709462020663708
-0.0183673874316187 -0.0169373304801132 -0.191311445779822 0.619207009328329
-0.0480139665634273 -0.00663691198032594 -0.106959052209467 0.46016000526663
-0.0150625756720998 -0.0360215512236745 -0.0703917621778635 0.349758918807724
0.0182255253725254 -0.00623051537959579 0.217102804589087 -0.219092860357701
-0.00817694068668599 -0.020525143046539 0.20687023564122 -0.415637514251322
0.0196148248629934 -0.0279027748606271 0.47503930362044 -0.332133404073968
0.00311347462222904 -0.0235014821634183 0.68667586279688 -0.472437149838578
0.00214610646924486 -0.0216093149234165 0.537870604466559 -0.519216125234343
0.00698785172432116 0.0033734859249686 0.322585995485643 -0.373446804317196
0.00589459627588638 0.0021702210623485 0.136097322781002 -0.166042012917086
0.00262483338150414 0.000800344150508736 -0.0653227403891076 0.022683493267442
0.00206331465158922 -0.00349123071202084 -0.166673082053814 0.277275588435264
0.0017645538771774 -0.00226714891287306 -0.231737995091582 0.514807746788024
-0.00755199500179005 0.00764150531654284 -0.194627685589006 0.679676889799914
-0.029918957821423 -0.00542847326508614 -0.184316807555727 0.719073509920022
-0.0314906477900133 -0.0210858026242112 -0.150300956985996 0.629371975028288
-0.0351252085848582 -0.0112434453377204 -0.0899917380203346 0.469100083493016
0.00577935156291852 -0.00692279190786723 -0.0645754389558657 0.348802919549497
0.0248170673292682 0.0310206215529423 0.213829152679424 -0.218012273565034
0.00996670178205426 -0.0146013574364497 0.21109182412949 -0.408854992067865
0.0150206177940983 -0.041635866840387 0.482047432407265 -0.32572357444731
-0.0119102375576177 -0.017387654887131 0.693975140632522 -0.459713252005257
0.011968241388497 -0.0109795147254058 0.549052025831244 -0.500826185716164
0.027552596138281 -0.00481329312080073 0.332303596113962 -0.365846217819232
0.0215450147731888 -0.0167208740719994 0.141426584078098 -0.166019197904011
0.0176826713727868 -0.0199537784288202 -0.0648810718933825 0.0205519457098876
0.0134456085463935 -0.0238591917243123 -0.163673289361394 0.275766436890174
0.0168548273821187 -0.0166606757670251 -0.225232865706489 0.517656997165531
0.00488592553763536 0.0117853402885452 -0.185601504479336 0.682479689716613
-0.0369329809841541 0.00965293494104157 -0.174036337769259 0.718690412379627
-0.0439870747577796 -0.0264504978315575 -0.138187385841915 0.627670888249583
-0.0236324024686591 -0.0154044697999502 -0.0851265554307288 0.475824743289177
0.0273682719959241 0.0212649364373261 -0.0667452012575647 0.343740226309447
0.0319141581994628 0.0617085878505955 0.201838861696927 -0.229335570919106
0.0230974148568922 -0.00997100971404799 0.204145119932468 -0.405022181654947
0.00849029064976694 -0.0524988808689945 0.471739801854013 -0.34967020080333
-0.025100461766838 -0.0105515793699601 0.662275466971382 -0.48561957475897
0.0194830234357289 -0.00276823323463848 0.533238718404685 -0.509734617074188
0.044756153180084 -0.0131401768978397 0.333455154602404 -0.376105771822458
0.0353797204472522 -0.0335772163992699 0.14881552041491 -0.175157949362165
0.0304268520533568 -0.0381849479805652 -0.0610752701404318 0.00997009226553222
0.0244485299714052 -0.0419037927528436 -0.160350549716304 0.266391747068191
0.0299509303804431 -0.0292760070591109 -0.233208734048374 0.509277285775851
0.0154412915383936 0.0162050510453433 -0.203015345789596 0.678875393826596
-0.0456303804350992 0.0207340823975362 -0.202592189398272 0.71698783140253
-0.0545752126274659 -0.0339541433873508 -0.16085138022459 0.618712880448734
-0.012356102412691 -0.0173328815884606 -0.0948369259249636 0.474907565363866
0.0417264822284314 0.0482436205291793 -0.0781838660553573 0.338581695181551
0.0381101642901659 0.0793640268313186 0.182874537016371 -0.248080932827224
0.029508195555655 -0.00985059936128299 0.19073930637025 -0.404663372360919
-0.0020254763993485 -0.0573062873592361 0.446334797812424 -0.401506906488158
-0.0336419007664164 -0.003512395605266 0.59856901874247 -0.542048072334801
0.0249965756970467 0.00123994193228438 0.488835848130699 -0.540008402141672
0.0544739798839405 -0.0219920854282328 0.323380099360877 -0.396876475216455
0.0438661203543326 -0.0467704261992922 0.156937475001264 -0.194943010802271
0.0406448980781107 -0.0519398333497565 -0.0527776992142254 -0.00643962066152705
0.0339703740359493 -0.0553822631342005 -0.159810702200183 0.247576960969996
0.0419886257249695 -0.0362944734932118 -0.249334762744037 0.489620887538673
0.0220215120232164 0.0216898047259056 -0.246641500546731 0.668418664829287
-0.0573544785903933 0.0267343276822036 -0.265539935865553 0.709334836936312
-0.0606023808551646 -0.0438522346097028 -0.212996624773024 0.600998875999748
-0.00173204309004701 -0.0144472518682477 -0.113051361417094 0.470946215903999
0.0466056180393731 0.0696616164705575 -0.0945042716551104 0.329378684654259
0.0432920366295309 0.0824576423927904 0.159352906132216 -0.268954645591304
0.0250466738112457 -0.0126524736754736 0.1762087531319 -0.408252052728561
-0.0129097456358866 -0.0549638741423226 0.399156876817354 -0.469608219523122
-0.0362787890709817 0.00369588250354544 0.507997245059272 -0.605619129590885
0.0253771695118395 -9.53779250676273E-05 0.427252738206594 -0.581770543064412
0.055840080967191 -0.0292511653915965 0.303802309431561 -0.429781531282929
0.045779012831508 -0.055333809948351 0.161674641243297 -0.220253837717473
0.0448700155500892 -0.0580392613619144 -0.0406499765060259 -0.0276465701912678
0.0397880875187007 -0.0601198611029025 -0.157716242264703 0.222264210189686
0.0495075753344765 -0.0371199299141681 -0.275033592742176 0.458314836490601
0.0225468264696997 0.0272971736014316 -0.307655937510494 0.647395543484879
-0.0674524425604548 0.0240309814491138 -0.357650211068211 0.684653345483403
-0.0593109445720551 -0.0540408100088625 -0.28672009281389 0.567319399197452
0.00463574802559927 -0.00636958996037774 -0.138044174754786 0.458986662392621
0.0392194829941611 0.0843597847837614 -0.113006363153661 0.319326161251162
0.0428486019029834 0.0724103305959718 0.132902862840642 -0.287309607943031
0.015554139376608 -0.0135275084092137 0.156886943612551 -0.416226288524619
-0.0196875065098433 -0.0453513027497179 0.33743636679028 -0.534575278317307
-0.0343213782517589 0.00764296978740051 0.402894229955711 -0.661832227201864
0.0204087534749695 -0.00472464815094388 0.351871704465015 -0.619407571583444
0.0486758197867137 -0.0326475718407384 0.274831195220845 -0.4638892338854
0.0414677086401563 -0.0557452640502995 0.163263263934939 -0.247447406046868
0.0433860575158459 -0.0566713578523742 -0.0287208320172158 -0.0493673370919167
0.0406077734535213 -0.0574390184150169 -0.153153243566649 0.194876827010754
0.0512975839315565 -0.0308937132971079 -0.300069565242645 0.42152680460344
0.0169384298094623 0.0288583861579199 -0.37865972617923 0.611242698132839
-0.0734742043717963 0.0129897864129081 -0.463730702793107 0.645111528162452
-0.0523225158181282 -0.0614839977656541 -0.363359796188221 0.515089821723344
0.00317354271258076 0.00453443435089746 -0.166776089840556 0.443788543605471
0.0238622288021319 0.0841472139306808 -0.13300020980982 0.307681239445446
-0.00714511984165655 -0.0672712852381101 0.197920110996403 -0.253612113656036
-0.0449156367129098 -0.0158518714361084 0.180476765616394 -0.427186661348493
0.0254312822608741 -0.0033934558144141 0.418689977524613 -0.429694248975915
0.021747517743891 -0.0406907809082917 0.570405434373848 -0.586859155893416
-0.0246801380402759 -0.0381923641976448 0.440119734159045 -0.596383275806018
-0.0258188448013847 0.0190038436975257 0.281074942162884 -0.419568999086307
-0.019503175212126 0.0324733072432496 0.136576077697265 -0.192868486376961
-0.0246489748508494 0.0368555906886992 -0.053016433402613 0.00221739016364499
-0.023098970097797 0.0313474946449294 -0.175001607236464 0.246388415458619
-0.0278649297919487 0.0209762986721841 -0.277861493006635 0.471830150705175
-0.0325520725377831 -0.00318414462765547 -0.287272574918673 0.647621111403693
-0.0155106944006086 -0.0328480537991522 -0.313478058141426 0.691823304326303
-0.00807625842429465 -0.0109433124727944 -0.261891275900813 0.595258806720963
-0.0604729573527839 -0.00383303121354153 -0.134040637777973 0.445593159417512
-0.0330757098049051 -0.0632457008078582 -0.08510590198208 0.348803142131855
0.00806806367092517 -0.0419591844734084 0.212481393084029 -0.232766180218929
-0.0274936878389108 -0.0219029762286111 0.199589395680887 -0.421474063252822
0.0217906247413745 -0.0138557428108272 0.456524605430216 -0.37067734068255
0.0157583938550554 -0.0313609615257448 0.647581604810098 -0.519564780281792
-0.0116287006582241 -0.0313131792726079 0.5015447241001 -0.549050498492952
-0.0118165431969487 0.0106226862819223 0.306493792241937 -0.39208712988426
-0.00825236200275782 0.0198585774649021 0.135161944101248 -0.174687799194608
-0.0125981759310227 0.0206936002416132 -0.061884352383651 0.0165740481809001
-0.012095765656078 0.0159089074271418 -0.17317129309034 0.265495552351534
-0.013812986579538 0.0116886642685705 -0.251542138531993 0.498272668386131
-0.0206598220560509 0.00274024100303384 -0.232273310591061 0.666759726740781
-0.0229496427795889 -0.0206049593401393 -0.23593259578009 0.710098789594059
-0.0183562587270652 -0.0173051677448868 -0.194517080015928 0.618874536271105
-0.0483849141136547 -0.00730605016135276 -0.108557857367637 0.460429833403993
-0.0155504144899053 -0.0352570464601431 -0.0719045983189067 0.349581282798513
0.0187162329993849 -0.00706310435109013 0.218542791589642 -0.218935135673752
-0.008524251981996 -0.0201771183276884 0.210013099380599 -0.414376031917414
0.0183408039792901 -0.028061853638257 0.476058051570807 -0.330335530094094
0.00320689762072254 -0.022943670318249 0.686637006610411 -0.469012012880374
0.00168523465853612 -0.0211488050966269 0.54070017391729 -0.514814369112311
0.00750157719731714 0.00229585901898105 0.323825476221673 -0.371998104327363
0.0055432301991658 0.00230212132549986 0.137051618273815 -0.164546004584443
0.00231887309747035 0.00137385081938622 -0.0656268508356045 0.0224989969782329
0.00136414150942716 -0.00388855287470602 -0.168008580678951 0.275967707753376
0.00197589832018032 -0.00237745825766468 -0.233375531983167 0.513779955427467
-0.00749711634142708 0.00764813245730124 -0.196076073534607 0.678674420469537
-0.0305661347667671 -0.00525400295315732 -0.185676997342144 0.717451731073386
-0.0309799728077249 -0.0219426063295325 -0.152406363031636 0.629414643264694
-0.0354836072655295 -0.0118982884205939 -0.092958210949824 0.470235717831383
0.00628358162646435 -0.00710642404111742 -0.0658737628458569 0.349327047349714
0.0248540030617476 0.0308582062144822 0.215782839863794 -0.216748856602528
0.00944987317074191 -0.0147504662816435 0.212272844377617 -0.408053921499194
0.0150462284331382 -0.0423427766813485 0.482950492866485 -0.322607290498011
-0.0112413646177222 -0.0170061641010088 0.694514051439372 -0.456720022987983
0.0118864700899053 -0.0106059547016219 0.550911793755188 -0.498030988550839
0.0271950617568457 -0.00462660890057705 0.334943903044676 -0.365079283039166
0.0215669317373886 -0.015464066114976 0.142569926547687 -0.165699031079184
0.01735947377205 -0.019538586553638 -0.0662068398910337 0.0203454570484951
0.0137509570185848 -0.0240323523595524 -0.164142976883182 0.275767472324709
0.0166009783732398 -0.0164926261486686 -0.227117080894303 0.516705722298856
0.00557451479766845 0.0117578460559263 -0.187052302413662 0.680553688637898
-0.036383313833665 0.00979157933336041 -0.17617083065176 0.717906888388946
-0.0437731791329636 -0.0272700208459799 -0.141458386067258 0.629127097214969
-0.0238924902488979 -0.016225946136271 -0.088541128731322 0.475363343132041
0.0270085263123125 0.0217820077564977 -0.0686516529348546 0.344639929496209
0.0311428384746863 0.0620877234880776 0.204030347612356 -0.228356278048771
0.0228839415156002 -0.00969734938232657 0.206002261203805 -0.40414439989804
0.00892124428840936 -0.0533993244228976 0.472155938651278 -0.346658588967229
-0.0239223498429114 -0.0109699432432471 0.663327117607967 -0.483258960404741
0.0195967438979878 -0.00301435954177222 0.535720765257228 -0.509126919044606
0.0440995863810109 -0.0130931947775646 0.335324705132213 -0.372848346536899
0.0351012101609165 -0.0336234136120902 0.149132531926788 -0.174872192202359
0.0303380559556409 -0.0379612928464336 -0.0607332923588947 0.00985611873989204
0.0239544684441779 -0.0423686130671343 -0.161079617016152 0.26535141250794
0.0300753823535681 -0.0295615371053971 -0.234065233579921 0.508145055172592
0.0160913081171366 0.0162991507609986 -0.206025443062523 0.6786291017871
-0.0465218316562443 0.0205092298073167 -0.206945478242046 0.71633750229915
-0.0544528740181187 -0.0340498045452124 -0.163186179811152 0.618090117346917
-0.0118333043847441 -0.0170801733249455 -0.096360084459735 0.475903329116362
0.0412885192391877 0.0489009858296888 -0.0798202620568714 0.338579225446741
0.0379590931052431 0.0792736049989022 0.185491954724709 -0.246781020420233
0.0279904446449432 -0.00900112263585875 0.191569274203342 -0.402543953971202
-0.0022155364050931 -0.0575026407968025 0.445826647018425 -0.399615892466911
-0.0334138639577855 -0.00300723968644588 0.599989684992931 -0.538413614256452
0.0246426050492121 0.000989658578058272 0.49144150647239 -0.538498521626475
0.0542433817864932 -0.0221091305046062 0.325892253208926 -0.396258063844831
0.0434884588487506 -0.0461437350160726 0.156876027005591 -0.194663667461089
0.0405314731449181 -0.051218597131444 -0.0534308552309288 -0.00641945326899098
0.0336191912380185 -0.0549276626829494 -0.160679619460044 0.246048466287577
0.0419299796564883 -0.0366844512369968 -0.251330928077299 0.487339729832284
0.0226295153982051 0.0216453986122816 -0.249677053696708 0.667919462236598
-0.0573497653581907 0.0263563346242977 -0.269316528116656 0.707439993575034
-0.0607026730654822 -0.0442575044908524 -0.215828450423861 0.599823665959449
-0.00140035488022037 -0.0137423735410609 -0.11532568354721 0.470591067541561
0.045852442763224 0.0700484078372684 -0.0965116686421869 0.330256396700991
0.0429683471724449 0.0819013971925663 0.160592194885415 -0.267772235888126
0.0253124812827888 -0.0125186465967327 0.176025894469928 -0.405893476590383
-0.0126830572980417 -0.0547877319721292 0.400911455536052 -0.467118189859742
-0.0364282392914919 0.00408907680106517 0.509755941676708 -0.60388100087825
0.0258811720347383 0.000336184004361547 0.428441100205471 -0.577860331988723
0.0553441422469255 -0.0297079421005936 0.305159941421131 -0.428693188635857
0.0455295193050399 -0.0550447280879366 0.162823340987074 -0.219965819930973
0.0447914498323247 -0.0575817919368442 -0.0407482347592627 -0.0275557907272823
0.039734350081312 -0.0601552113944635 -0.158104215654342 0.221462773725513
0.0498465340869622 -0.0371597737415761 -0.27748075668681 0.456825487179987
0.0224927040987193 0.0265932670813889 -0.309594470417848 0.645276397696214
-0.068151492203417 0.0238181522630112 -0.360226691473737 0.685459921849038
-0.0599767356666144 -0.0550807682545588 -0.288073706291653 0.56649011059999
0.0048178113125618 -0.00631874187175471 -0.140363531292654 0.458647594503402
0.0387210708525881 0.0830949825921839 -0.115236833946225 0.318878302612375
0.0423499966187921 0.0722325846551638 0.135314301786804 -0.286613147651601
0.0154787580184256 -0.0128041881546414 0.158778408578605 -0.415399610015754
-0.0199894992523361 -0.0460157644726198 0.337649919357497 -0.532837720934707
-0.0342815815539854 0.00721637348231281 0.404546441361841 -0.660233643625326
0.0211245173287915 -0.00410468077211712 0.355673949696943 -0.617330587915709
0.0494333849052428 -0.0320181895623771 0.276914312406218 -0.463864384082666
0.0420404861750253 -0.0558410627656985 0.163906075371483 -0.247896513095427
0.0435964001920624 -0.0550612645668238 -0.0286612606909653 -0.0495180745040039
0.0409190823632592 -0.05684918177996 -0.153229939593356 0.193907263174853
0.051976116217448 -0.0319320975745718 -0.302767368882375 0.420127032913923
0.0172634447091519 0.028693639099383 -0.380860318355845 0.608827951467939
-0.0738538642708769 0.0126681725070304 -0.466838112835413 0.644582206084934
-0.0515672516209742 -0.0612979301990478 -0.366789583299489 0.513317789808412
0.00309520360943821 0.0050029056773933 -0.16768418378746 0.442309867686651
0.0234966979213585 0.0837718165685165 -0.134974616956079 0.307246165571892
-0.00615673235403192 -0.0676210115062941 0.201529079942204 -0.253024172156367
-0.0451597349360776 -0.0167705794828326 0.182101533827482 -0.428450374255583
0.0258160756865154 -0.00417617611007261 0.419309469694125 -0.429708109160514
0.0221990244013871 -0.0407269810364488 0.571563890812391 -0.585460569584885
-0.024612776847846 -0.0384152291684297 0.442392373281039 -0.595691013728823
-0.0260261060604753 0.0188165974531762 0.284793397060471 -0.419932185644685
-0.0206018312097971 0.032618427850408 0.136957919460208 -0.19236118615389
-0.0245324818191833 0.0369990112189075 -0.0533005449878428 0.00214009510925852
-0.0233415299234889 0.0307436323024895 -0.175887348535978 0.246003820742548
-0.0277276675589348 0.0209263839871789 -0.279934737713405 0.471790246308054
-0.0322274083840395 -0.00365406232027152 -0.289376877924254 0.64545179733403
-0.0156939635903616 -0.0322195337870506 -0.317147309052688 0.691873017063707
-0.00905876134650513 -0.0113426261674335 -0.264487980473045 0.596076558752163
-0.0611786879022961 -0.00406861662256216 -0.135275298114899 0.447953821806924
-0.032987113592124 -0.0635407179891886 -0.0867640282875904 0.349275615250398
0.00944569184460146 -0.0414825994978778 0.215567433786976 -0.231202082867859
-0.0282665882074358 -0.0216555882620977 0.201552701959677 -0.420741371030064
0.0215537201022746 -0.0141811944935969 0.455888331878154 -0.367825338312572
0.0152788769707373 -0.0309200644850125 0.647954476740124 -0.518091184891857
-0.010999858667535 -0.0313399856562559 0.504462829248945 -0.549681267466358
-0.0113432964818039 0.0103362955356274 0.309307459267911 -0.3919430897046
-0.0101064173379226 0.0193513391158268 0.135600779736677 -0.174256600000088
-0.0126727380391119 0.0210469325622283 -0.0619070976000914 0.0160614441540739
-0.0123434394889807 0.0152935682185684 -0.173306866432279 0.265278806738438
-0.0138580232956988 0.0110540055520537 -0.253575755359139 0.49823309515676
-0.0208428285106911 0.00274931946641988 -0.23432626976929 0.666463857020362
-0.0225297389219328 -0.0204191784293192 -0.238021549387793 0.712110342797498
-0.0189010599258245 -0.0166677076610561 -0.196064129678936 0.620874697021959
-0.0477986637168561 -0.00760681725900142 -0.112414567875901 0.461508877445875
-0.0154673829292578 -0.0353159579345798 -0.0735045241715986 0.351568688658305
0.0190029386570786 -0.00713251008883735 0.220854502247377 -0.217908523034261
-0.00798119715570522 -0.0204499736513014 0.210422088142643 -0.416279193428371
0.0190777296733912 -0.0278891627211407 0.476263337039005 -0.327738175805025
0.00252175684484758 -0.023099405763098 0.690731652444986 -0.468624403695472
0.00173854499402035 -0.0210975324263286 0.542392982679169 -0.512687288005394
0.0073985259480111 0.00200957390979041 0.326208669013672 -0.372045360208425
0.00561378293687909 0.00239967328861985 0.13766223716714 -0.165601543619661
0.00227701902730557 0.00104184303315428 -0.0660331826962224 0.0223973801913738
0.000339819560055989 -0.00361886990714553 -0.168552084422743 0.274954317262635
0.00123618990534729 -0.00253701443187595 -0.23463719109825 0.513995446098784
-0.00737645761819356 0.00795481339613176 -0.199191572257136 0.677267109044071
-0.0303908559001949 -0.00517039948163853 -0.1879516268669 0.718103018281049
-0.0317028193382042 -0.0221845453050041 -0.152967333152987 0.628847036102297
-0.0354574857815602 -0.0119370336905145 -0.0937397514170825 0.472211908123239
0.00605504635739946 -0.00681253689980345 -0.0677135640850632 0.349306864042479
0.0252197178486799 0.0308168861989965 0.217854581243429 -0.216135127778237
0.0104460442994189 -0.0136368289756162 0.214351712177388 -0.408419166806124
0.0151050524686624 -0.041975054364757 0.481600060321049 -0.319383582950627
-0.0110250023608319 -0.0170245475128758 0.698312880572343 -0.45429800068282
0.0118125826053135 -0.0105500849606215 0.552529360220632 -0.497600941041157
0.027427567159677 -0.00522085023051847 0.337426380207395 -0.364109280515711
0.02143626426584 -0.0160993026367461 0.143361774919714 -0.164544979585786
0.0174025344524329 -0.0194373710219351 -0.0659030073150095 0.0202496119888202
0.0129183656173427 -0.024252236750687 -0.165206536927193 0.275279282814473
0.0161198275147024 -0.0174203167933979 -0.227896721309432 0.517083671464639
0.00552828397208968 0.0119693771619296 -0.18932078653688 0.681196088998411
-0.0376386226523109 0.0100830938408743 -0.178411650159048 0.719754062453219
-0.0438493734855569 -0.0274009419506124 -0.142646144253135 0.629443993398269
-0.0236432497306675 -0.0146383201007678 -0.0896615507984408 0.476369800675021
0.0264555559405656 0.0221262560290524 -0.0713100509416549 0.345228417025503
0.0301345422953955 0.0617798402310132 0.205912454892507 -0.227853031576598
0.0230624481742346 -0.0089877425491042 0.207910120365715 -0.40470431707156
0.0093040784889575 -0.0527914125452751 0.472218509364471 -0.343557753840675
-0.0242033645223013 -0.00960509444051372 0.666379536279684 -0.479042302933701
0.0205233778140218 -0.00172922669516862 0.538092056059809 -0.505550439703306
0.0448400327484554 -0.0144277445406606 0.336900936025082 -0.372992927867646
0.0360802896850817 -0.0317666576369187 0.150074492182962 -0.174842259255402
0.0304815309833599 -0.0378766790465156 -0.0614736876405135 0.010190642449468
0.0241320420571586 -0.0409491021426151 -0.162701659863274 0.264889484355093
0.0299653963206887 -0.0295496068075243 -0.234533496028214 0.507418934828728
0.0159780181467426 0.0160622757426044 -0.208682803188648 0.678801820886316
-0.0462661272447423 0.0209920606687332 -0.208512059604203 0.717732116932954
-0.0547879685100106 -0.0344472551570183 -0.166191295454112 0.619259942036451
-0.0117154658216701 -0.017001794619338 -0.0987726093762508 0.476467281821316
0.040977047905252 0.0485821290189031 -0.0811231936218203 0.338473364376791
0.0377921749741018 0.0798856879281492 0.18728552259557 -0.246830414003072
0.0277190165211118 -0.00914884990312207 0.194145764316962 -0.402134556329009
-0.000657990399859174 -0.0582995290732782 0.448358899154043 -0.399287070910663
-0.0335983527392977 -0.00245660396442571 0.601484770181581 -0.538463056902119
0.0251080526302322 0.00170059586428404 0.494926343260552 -0.537700411258911
0.0557233872216778 -0.0222781567091125 0.327569612425615 -0.395647468827426
0.0440476797454097 -0.0461359220486556 0.157690051022775 -0.193362107779854
0.040590842241043 -0.0506308664034143 -0.0526159136340938 -0.00712553674772552
0.0339541477303087 -0.0552316645969894 -0.161681985300299 0.245171363152744
0.0420766805960237 -0.0361734321424614 -0.253545667735023 0.488720782792178
0.0224036846084626 0.0217131197908095 -0.250160661463497 0.667776908195753
-0.0584736601367633 0.0260269014411685 -0.270981887194718 0.709810371993719
-0.0611547029919595 -0.04487135326573 -0.216361797885767 0.602468276787604
-0.000515756607350815 -0.0137487077860216 -0.117101542888037 0.470463743228507
0.0456400940008729 0.070941395412999 -0.097915026938349 0.329636905657919
0.0426784341249838 0.0819736048010204 0.16213547291927 -0.26869671583433
0.0248223595664583 -0.0113474504356324 0.17792012005084 -0.406257511247461
-0.0119710334957803 -0.056178209761633 0.40122228427433 -0.465450498887514
-0.0369268683464698 0.00428532333686437 0.511744227226536 -0.601916502746638
0.0264433928284996 -0.000193834655206657 0.431973588182766 -0.577488539395085
0.0557368893258815 -0.0300994417115567 0.308598346148898 -0.427587578709015
0.0457002483090386 -0.0537486626413064 0.16368684959252 -0.219364688034631
0.0452246146166297 -0.057598789700159 -0.040411301789736 -0.0283432984457736
0.0401134852422849 -0.0598960887608388 -0.158585245888766 0.220347233624026
0.0490021937497468 -0.0366824279346358 -0.277887175280487 0.457218126242953
0.0233954265500996 0.0261064412489536 -0.313862924156348 0.644845762190385
-0.0680206137923327 0.0243428567054984 -0.359896978775057 0.685654017173979
-0.0596617995437907 -0.0556561669301043 -0.290919023076525 0.565771463916358
0.00558831012845418 -0.00593410574756625 -0.143498368616032 0.460439437825491
0.038578379854664 0.083799546532948 -0.116402967095566 0.318306038547534
0.0416361708678636 0.0718562438111028 0.137728793616929 -0.28709986028209
0.0154997878782048 -0.0120724646191152 0.159731352150328 -0.41540224534406
-0.0193597195387555 -0.0462117856364913 0.338571294849531 -0.531824769959449
-0.0333001450101478 0.00692244824610648 0.407226353354973 -0.659974128707991
0.0211279144612595 -0.00417633670999805 0.357225363380255 -0.616816082819098
0.0488298066057199 -0.0330137034817545 0.278791311429722 -0.463697320483207
0.0409627112319468 -0.0552169697499596 0.164848869003854 -0.247761821488912
0.0438916175731694 -0.0557321603909957 -0.0281171654487655 -0.049262040729269
0.04092026690052 -0.0567372296748618 -0.154448138302642 0.193224403660803
0.0517561201962305 -0.0314003780318726 -0.305363964072564 0.419303593936994
0.0176811763337367 0.0284475298045842 -0.38378731066054 0.609093954618504
-0.0742371993762829 0.0129566234787048 -0.467829580250901 0.64328700028694
-0.0517858966018176 -0.0616751211979266 -0.369287968752761 0.51355431047275
0.0034494046651241 0.00545047803799826 -0.169142584682642 0.444178657352757
0.0221653587906146 0.0833756199468631 -0.136627699835121 0.307516794141787
-0.00570696766115997 -0.0675543621264842 0.203706039409255 -0.253849463664013
-0.0454160063277117 -0.0159300671106437 0.186310599226796 -0.428409057591968
0.0256312788110294 -0.00354720783906829 0.422334723865244 -0.428833857988977
0.0225870317095985 -0.040275810978196 0.576964515847857 -0.587475286726362
-0.0240778034910865 -0.0379619049677304 0.447177554821928 -0.594479012202491
-0.0258662320181869 0.017905974432944 0.28454249521353 -0.419224318188615
-0.0206379455278551 0.0328524310752173 0.138358020172742 -0.192277199899718
-0.024549002993511 0.0370332297155412 -0.0535705434810579 0.00284717945452141
-0.0244640160013599 0.0311384808789846 -0.176794203140101 0.245856785064952
-0.0284441252362167 0.0211984092225485 -0.283355408305475 0.472037799937942
-0.0322434885148585 -0.00332594229595333 -0.293054580393585 0.647597562577422
-0.0158432277972076 -0.0333373906723818 -0.319671188359768 0.696224350534098
-0.0092449510450474 -0.0109776612419634 -0.267256384270448 0.598101138468547
-0.0608753354607117 -0.00529881596529551 -0.138228248935342 0.450354763257316
-0.0328141625250859 -0.064529087023303 -0.087823140840228 0.350438117947954
0.00938729717588901 -0.0428355175348915 0.216570772196148 -0.230163213072829
-0.0282913061321001 -0.0226336982142567 0.203235658524534 -0.421606788676575
0.0219409778293715 -0.0146876397615556 0.457978608464325 -0.36635481550468
0.0161627671521901 -0.0298407373129155 0.6522344689938 -0.516380115840297
-0.010773705267752 -0.0309359702464944 0.509542450841729 -0.547887939220799
-0.0112912412607294 0.00933114057888983 0.309999265895823 -0.391407623344556
-0.0097010455279976 0.0191782426935273 0.137140604061186 -0.174678834141483
-0.012759462522356 0.0211563584447108 -0.061886891272601 0.0164246918592829
-0.0123500293887209 0.016157086297033 -0.174282242382755 0.264984024897967
-0.0127700282407337 0.0110052956311159 -0.256138003708101 0.499322082398217
-0.0206628843414974 0.00195019949024498 -0.237989107125589 0.668800284123873
-0.0241010673714568 -0.0203601720219971 -0.240917202003574 0.713060540992923
-0.0192370893552086 -0.0170935112621052 -0.198338206385255 0.622277439168369
-0.0479448181774048 -0.00769659479218513 -0.112698505457148 0.462882068948131
-0.0154350837105276 -0.0358723175013887 -0.07472716315044 0.352278441597123
0.0194468260838041 -0.00718501651842562 0.223394634632781 -0.217285764493213
-0.00840711998884514 -0.0205438345870974 0.213817818269688 -0.416530982860552
0.0198543908812223 -0.0291964477064738 0.47760539751044 -0.326751371560772
0.00281701824314095 -0.0223671566603122 0.695533431320182 -0.466904777788035
0.00238005683764938 -0.0205988060225292 0.544015964150375 -0.513311897596041
0.00707592541522735 0.00163587926301362 0.328964575231023 -0.370563297113301
0.00497373016981897 0.00272755997586343 0.139209846231215 -0.165481901566005
0.0018779102750018 0.00195734382135461 -0.0675629866470165 0.0228370904233065
-9.82407643465117E-05 -0.00382064668366777 -0.169752156437888 0.275525818052624
0.00141206733455629 -0.00238555041721459 -0.238949202103761 0.516063574036652
-0.00635020792493257 0.0074152824371382 -0.200469437207565 0.679850326009968
-0.0299953021304771 -0.00484476724925192 -0.189901797906117 0.721185920915413
-0.0321650973906608 -0.0227432526090476 -0.156700447691222 0.632101660959545
-0.035447081161322 -0.0120881417296852 -0.0966604930477466 0.474072964098954
0.00650060114882218 -0.00670853560523452 -0.0690202211130004 0.350713147359838
0.0249839151223864 0.0310208098640704 0.219846402191976 -0.215598812091194
0.00933250806257172 -0.0127919869481541 0.216155655154016 -0.409683234805654
0.0159530816522529 -0.0428043123245728 0.483587381577311 -0.320758501247696
-0.0106692986513367 -0.0164605462650065 0.700439598296032 -0.454254618069094
0.0123057267225365 -0.0101894211985693 0.557342546108494 -0.497621011069749
0.0281984979147955 -0.00598383768128993 0.340244783339422 -0.364704059035895
0.0210725477362211 -0.0152832888852609 0.144184475936501 -0.165015831645014
0.0170140270764105 -0.0189364245592289 -0.0660701958859951 0.0203593006193668
0.0130338970949774 -0.0246652401411937 -0.166284260953923 0.274738208245229
0.0167171602083876 -0.0162406813890227 -0.230575672389501 0.51836604580014
0.0055605983606196 0.0124028576708496 -0.192177993818249 0.683117736276044
-0.0376905505071428 0.00897049772470546 -0.181650755247348 0.721714652182015
-0.0444067285439977 -0.0270474191037232 -0.146207087507449 0.631978875606797
-0.0236301516069698 -0.0164086793006985 -0.0922733165610013 0.479150754926923
0.0266454389496536 0.0217978986217293 -0.0717970759850729 0.346746400268072
0.0298648166924104 0.0622824808006995 0.209356370926164 -0.226583419012083
0.0237689350746055 -0.0082581421573015 0.207926524831232 -0.404637881950615
0.00787093658732196 -0.0537172902570182 0.474937522128623 -0.343012350761807
-0.0242564697915209 -0.0102151015926548 0.669855780989839 -0.478413562379801
0.0217298517200888 -0.00220126131518306 0.541437873746403 -0.507207824066412
0.0447377165316281 -0.0141319904669176 0.340256156227183 -0.372987814033381
0.0355410814661219 -0.0317577831771754 0.151071285384283 -0.175315627259986
0.0306030938371161 -0.038429854358524 -0.0616770356227455 0.0101868057953519
0.0241241755328745 -0.0414064730437287 -0.16314933341844 0.264647553063583
0.0306969911328119 -0.0290219703297714 -0.238373396597402 0.509153048361242
0.0161543922828376 0.0160469051939794 -0.209758105736212 0.680168948811173
-0.0474821673647355 0.0216251365593542 -0.211851750230975 0.719670718541606
-0.055186344489498 -0.0351493902818402 -0.166797158059415 0.623027988885294
-0.0108913308468035 -0.0168106083747613 -0.100256163855428 0.479140955857796
0.040564623082906 0.0497222620440569 -0.0831024010687013 0.340260133154948
0.0367374528800303 0.0789034794942102 0.189167575330473 -0.247060506041272
0.0284822770284426 -0.00827324700232462 0.19489231093333 -0.404033076347009
-0.00111314328719713 -0.0586080284033809 0.450559881542276 -0.397000837814553
-0.0330469095607123 -0.00264711847741607 0.605672174151984 -0.537861473258333
0.0263917408258781 0.0018462366253991 0.49940033189872 -0.537229926675533
0.0545096539146263 -0.0231340557198227 0.329925479281394 -0.395634575753744
0.0444286041374619 -0.0446150040244231 0.159267148018604 -0.194476389270476
0.0406047267500742 -0.0506861801677844 -0.0537912825149722 -0.00650332604244037
0.0342080550336198 -0.0539198601986066 -0.162806606004616 0.245363076600082
0.0422115677524889 -0.0365832959497904 -0.254933942881264 0.488993320875653
0.0231702416620264 0.0219104017713545 -0.254172848717817 0.668895485355178
-0.0580077589363565 0.0265605229762861 -0.275525560223563 0.711668796052122
-0.0623520401897396 -0.0451226568516125 -0.219424329375664 0.60423205669359
-0.00136625073281214 -0.0135556192927244 -0.11832335182103 0.473680695180684
0.0457160669792351 0.0712087946912512 -0.0998940604624648 0.331003887135672
0.0423393106209383 0.0810161312717985 0.165610701741681 -0.268240090026698
0.0258215743572137 -0.0117165929039272 0.17931271787735 -0.406722399494836
-0.0119237587344421 -0.0561779109242895 0.404518569295695 -0.466094280703387
-0.036610842996487 0.00460784655941142 0.514534035332071 -0.603785444910345
0.026511464297993 0.00161525604932927 0.435255018102793 -0.577946985881266
0.0561048287748406 -0.0298380617283815 0.310125350703625 -0.428269283706382
0.0466748492383898 -0.0538565163498595 0.164281104004022 -0.219037921165068
0.0451685364940996 -0.0573361707156244 -0.041993580538428 -0.0274681073875714
0.0402659272705718 -0.0600574510540722 -0.15954254893544 0.219590964741559
0.0497099840206322 -0.0366926137482485 -0.280147366614807 0.456728404584356
0.0224262942046142 0.0273647470720867 -0.314719910368634 0.646041879633575
-0.0691382522860097 0.0230526430825961 -0.365143794823156 0.687374182887345
-0.0607697737673758 -0.0560593541624839 -0.291978184455167 0.569162022748237
0.00533659521576126 -0.00482748880421374 -0.144089280140236 0.462299480895472
0.0383384760702616 0.0839355021786136 -0.118297894536775 0.320021361759627
0.0412514882851989 0.0716876125771228 0.138536723588037 -0.28723807050383
0.0158721563822153 -0.0116892524378037 0.160760967668927 -0.417112622672347
-0.0197272880420844 -0.0456183574553743 0.340264236075603 -0.531669319342834
-0.0341849707341304 0.00704544991145808 0.409552516359491 -0.660359656247169
0.0217346983357458 -0.00500794516692666 0.360591219732243 -0.618470474898543
0.0493445058403919 -0.0329436263747862 0.281683644600038 -0.463810711382014
0.0425995083097087 -0.0552948109458605 0.166598906636029 -0.247968622716005
0.0433176871655735 -0.0548566401900103 -0.0294568376796652 -0.0490900644422781
0.0407140786831521 -0.0562445195877158 -0.15461855266015 0.193098918238883
0.0514417430722787 -0.0315434544503725 -0.305696089929409 0.418390655384364
0.0180548218611407 0.0284569688394974 -0.386363546946515 0.610175958931518
-0.0748562452936521 0.0116334108790135 -0.47300229698791 0.64497506105777
-0.0521713512214054 -0.0623233356939071 -0.37037966707587 0.515022438050588
0.00344830888886078 0.0050027069166779 -0.171735843844955 0.445664862620998
0.0222580623218234 0.0838564451935847 -0.138947251472366 0.307540694734061
-0.00515276595437908 -0.0683460222737955 0.205038086513805 -0.254528108757153
-0.0458684705221476 -0.016166241956481 0.186684121590274 -0.431122553901523
0.0254729068086274 -0.00469035483413896 0.424322598683754 -0.429392633873153
0.0224080993395461 -0.040269039566858 0.578752116815842 -0.586832359904885
-0.0236932837375635 -0.0382694468080212 0.450074263622365 -0.596328633611891
-0.0260872420008734 0.0171815421192301 0.288334314706289 -0.422508008531526
-0.021390281377782 0.032841332172106 0.139804446950021 -0.193966848587083
-0.0256717849324728 0.0376724699260359 -0.0537771766688969 0.00177445604640872
-0.0246936848542741 0.0317446752627041 -0.177293726776485 0.246184834056536
-0.0282631436351821 0.0206283370024458 -0.2845323610376 0.47333644461052
-0.0316651654384262 -0.00313818654913314 -0.293486378391126 0.651083602890533
-0.0166400036015733 -0.0331280665626068 -0.321895241201398 0.698766943591144
-0.00953859949752992 -0.0113058386182157 -0.269084878139054 0.600263528544169
-0.0605949716104578 -0.00571531942701628 -0.141785069992791 0.452465506901268
-0.0325355777184744 -0.0650241697910497 -0.0894686518974717 0.353088470349569
0.0099850753299341 -0.0430260909910857 0.220161809542289 -0.23200809082943
-0.028390486939785 -0.0218417819481098 0.205538937226206 -0.424094785752565
0.0218429763799181 -0.0151667596005918 0.461120904557311 -0.367654236084198
0.0158135986867993 -0.03034353875026 0.655240092123603 -0.519253720882504
-0.0105139783422466 -0.0309149196277916 0.512060475313814 -0.550968512696672
-0.0115738491522026 0.00978739359262572 0.314577082510991 -0.391950067726522
-0.0103470422058827 0.0192233940318641 0.138862036933651 -0.175159756232158
-0.012981361314087 0.0212706312860151 -0.062523013537395 0.0158446150918249
-0.0121148737739341 0.0158819142808969 -0.175285730011666 0.265213312909973
-0.0132674699187447 0.0117601268991371 -0.258738909417607 0.501752614756738
-0.0203173615805148 0.00347499047622635 -0.239787004603629 0.670490248216849
-0.0240329350763287 -0.0207891644701841 -0.243576170301615 0.717503524018814
-0.0202637520850806 -0.0174329982730323 -0.201261919790189 0.625550241904802
-0.047908080421148 -0.00795227466738475 -0.115726711921888 0.466009439434932
-0.015400303983781 -0.0356364775422377 -0.0766939496714664 0.354365560537391
0.0194691453301843 -0.00684995451830345 0.22583436703046 -0.217787542820461
-0.00832950299787486 -0.0201060637504409 0.214908432060995 -0.417510223981504
0.0191537062219154 -0.0293797762852175 0.481178582017505 -0.327462363093458
0.00382428161699274 -0.0224743020770956 0.697532194169422 -0.467326328470865
0.00247331138117945 -0.0206152455083548 0.551043179527712 -0.513620456990407
0.00733122292861566 0.00144464953789819 0.332618903208801 -0.372466555857264
0.00506179598396861 0.0029801835553562 0.13990207226486 -0.165910672568361
0.00206608006184566 0.00209961928303014 -0.0673885295515154 0.0233825133170433
0.000254745494774672 -0.00350888823594209 -0.170419819572871 0.275269643898118
0.00173026039458027 -0.0027369510149613 -0.239911863931837 0.516604228910034
-0.00600996170677881 0.00821649917471383 -0.204094281215041 0.68274466454618
-0.030706499556227 -0.00547902236011589 -0.193152386727938 0.725456760059446
-0.0315139929538653 -0.0227203656031464 -0.157753845767844 0.633902095534723
-0.0354782757984771 -0.0121646556489407 -0.0984397765880128 0.476413762511775
0.00653824125996455 -0.00629225531777112 -0.0705090769212057 0.352087131197953
0.0243956061035374 0.0314222633973813 0.222382662033577 -0.216291064088194
0.00979478193321168 -0.0133036917145063 0.217334905258608 -0.410644516204384
0.0159056002322003 -0.043337800778139 0.485453212871093 -0.318004872758572
-0.0109854617617485 -0.0159212751567433 0.705417928162175 -0.453742599902142
0.0134054459124537 -0.00982446564008212 0.560296907799414 -0.497419584338928
0.0279304855893581 -0.00598368305523893 0.341050081241765 -0.36602613785523
0.020789125978862 -0.0147637085980068 0.145043078702025 -0.166125702548864
0.0176428478423678 -0.0187968945995213 -0.0678159436350886 0.0204342968226163
0.0128670942160412 -0.0244609159212797 -0.167519689768872 0.274819761480392
0.0167155301841792 -0.0178393379610576 -0.234313242488034 0.520074068053895
0.00623951652919429 0.0121447937133849 -0.193619346463777 0.687564674466954
-0.0388354727423958 0.00933678965534872 -0.183598556736063 0.725539973000175
-0.0449379544305462 -0.0273972041957793 -0.145849988840138 0.633341319580583
-0.0232557352866059 -0.0158506475780685 -0.0929256968180417 0.482610491456668
0.0266587016689798 0.0222491582856857 -0.0735560386186117 0.348205931662026
0.0303103664686575 0.0618560175273228 0.210538840203382 -0.228275791840423
0.0229659201143052 -0.00898384464581325 0.209785975888741 -0.406333860791524
0.00886733230901121 -0.0542957332671473 0.476902084553488 -0.343425803016868
-0.024374248864412 -0.00994256992455317 0.67414476638908 -0.47896921071482
0.0205794316976095 -0.00199415948773223 0.546110937915003 -0.50752477530257
0.0454679125845427 -0.0141107137308889 0.34343306563434 -0.374030288410931
0.0347264485036577 -0.0314393007293271 0.152100622231831 -0.175951328535669
0.0303848666045255 -0.0376768245535182 -0.0621383124007164 0.0100434584096001
0.0240914476702309 -0.0417799277450424 -0.165039845276859 0.264513991615506
0.0300809132662795 -0.0294515644793159 -0.239002441580744 0.51125168336939
0.0172471687095991 0.0164368747349329 -0.21342367960421 0.682770060802338
-0.0479426222633316 0.0207866772464425 -0.213945672156886 0.722919619830765
-0.0557022597438765 -0.0342915291039882 -0.170256913658056 0.62476439495339
-0.0112063854699332 -0.0161145500134719 -0.102320625758881 0.481451192170332
0.041406144124148 0.0499889143378746 -0.085004772965894 0.341576713699082
0.036634683411164 0.079527422753577 0.191730519353091 -0.247835950613664
0.0286123223967586 -0.00806702964220957 0.197070805114874 -0.405835668646366
-0.00108910057620538 -0.059169794228335 0.452943036138411 -0.397492380352598
-0.0339694007661338 -0.00336156283453536 0.609915513068157 -0.538940769999775
0.0261197266813832 0.00193801605735741 0.502906553733777 -0.539931233171526
0.0550963360166457 -0.0227054740642258 0.333735550710143 -0.396622881925516
0.0445940707006463 -0.0456698719612481 0.160138594965701 -0.194813204948587
0.0407612940360709 -0.0511534424951399 -0.053905040679634 -0.00681036419601084
0.0341069754081545 -0.0556120643956027 -0.162705887491225 0.245056783409911
0.0420281183074821 -0.0367209600705399 -0.256087288074402 0.491180663510576
0.0221719209166195 0.022060132374957 -0.257065034413793 0.67183690158609
-0.0589656345061393 0.0260707304632226 -0.276148318314689 0.715186086740532
-0.0619823908077849 -0.045342498023469 -0.223026425195503 0.605660115788937
-0.000753511426993973 -0.0134984514021361 -0.121860138473647 0.476298360031333
0.0447541589663501 0.0724678511374852 -0.10057499432213 0.332545729811576
0.0420258111093683 0.0815355254628772 0.167660692265014 -0.269635668682332
0.0259584461643371 -0.0105450470676174 0.180559517833924 -0.408573321533052
-0.011852949328348 -0.0564428718716454 0.40551466826148 -0.466838253835275
-0.0365043291771972 0.00455160476889955 0.519874943479091 -0.605807470131572
0.0270686876462651 0.000106902315116531 0.439018138290355 -0.58128196990368
0.056192179601291 -0.0302806369071945 0.313669505655916 -0.429735335668364
0.045955570474319 -0.0537995632829358 0.165635817633891 -0.220984089499914
0.0451849627187833 -0.057668335720177 -0.0419129339780002 -0.0272480237650934
0.0400882220663397 -0.0600868550847861 -0.160198667460919 0.221330570190174
0.0505730252347595 -0.0380535442033372 -0.281740982352184 0.459435729944691
0.0239748207619163 0.026918928854413 -0.318837236879169 0.648668102760386
-0.069580682363733 0.0233221985704372 -0.369116636966188 0.689739304805438
-0.0606144797300138 -0.0559978766007694 -0.294987086180151 0.570404172996018
0.00543095241212758 -0.00505935283544733 -0.146585140513221 0.46499389879882
0.0381912195363086 0.0849679502802116 -0.120275702850434 0.321387980321938
0.0419004724703873 0.0717799683391206 0.142660327871369 -0.288498573747142
0.0155205336193369 -0.0123244465133438 0.161107962750772 -0.418820531743633
-0.0193793758632843 -0.0467928759961578 0.341160524743113 -0.534397607079405
-0.0342790402221212 0.00776760979122311 0.413231561022819 -0.664372932768765
0.0219680049878824 -0.00379321188968638 0.363512436057063 -0.621722499318046
0.0494597699993983 -0.0338457273475311 0.284465241151349 -0.467060606814778
0.0419086816408983 -0.0545651895015441 0.167536171783093 -0.248587972363085
0.0439026634499589 -0.0550063941860813 -0.029438099382253 -0.0488964465632653
0.0409581938770499 -0.056752203937133 -0.156117702703667 0.192350980363986
0.0517630327135495 -0.0323341126150174 -0.30764219312338 0.421102596158604
0.0176436648751594 0.0291053765832313 -0.388272335181763 0.612277672261236
-0.0753382043229265 0.0116668508139922 -0.475304395499063 0.646271969688089
-0.0518795756994292 -0.062291490370008 -0.373944815140597 0.515956787398429
0.00369212017884279 0.0058921253072506 -0.174040966126301 0.447970346518789
0.0216636950270685 0.0845301221976484 -0.140880617877506 0.308552207980034
-0.0042896474300455 -0.069542492967231 0.208550625460261 -0.255572812824286
-0.0459075307132244 -0.0165875922557193 0.188999965298053 -0.433173240067789
0.0263161248027745 -0.0041431688316347 0.425151872963613 -0.431268709465727
0.0227548140937584 -0.0400756513884 0.584960918775289 -0.591775022461078
-0.0234032186393597 -0.0380699138947169 0.454702286735765 -0.59839955171383
-0.0264684737510454 0.0174770190481341 0.292237841449088 -0.424631738058135
-0.0215179265886473 0.0337007608186318 0.141736948709152 -0.194381850123336
-0.026139097294801 0.0390915674079455 -0.0547996005116375 0.00203302722248913
-0.0252079762104732 0.0322412785572961 -0.179330499236383 0.24689514282136
-0.0287407874075427 0.0206524941026007 -0.288204117757668 0.476334873998079
-0.0315282914339086 -0.0032726525632795 -0.297717247350125 0.654654273856946
-0.0167830068403694 -0.0333008705788414 -0.326578641122668 0.704203398275089
-0.0103516968458564 -0.0118754806697762 -0.272332893563267 0.604414612515458
-0.0608187968316065 -0.00527453148941486 -0.143451673161186 0.455507209512021
-0.0321481335942515 -0.0657633528222645 -0.0910009733845861 0.355213977074659
0.0106173508498696 -0.0425997915413324 0.222936248332551 -0.233070579177049
-0.0284806030923046 -0.0218717705028004 0.206253505330409 -0.426214332360087
0.0221320164447627 -0.0153587131706901 0.463904940701503 -0.368433410191241
0.0155315067442458 -0.0303355254653026 0.660991141601004 -0.520506949185508
-0.0102536603666114 -0.0308788426131542 0.51752831910252 -0.551096646617641
-0.0110923578786001 0.00855625013076364 0.317144354554466 -0.395365806910151
-0.0108016646803908 0.0201189165267525 0.139991234788969 -0.176413518865507
-0.0135047018770178 0.022801901823262 -0.0626476743873813 0.017037122809347
-0.0126989064250395 0.0168699375708079 -0.176838522677703 0.266039265807284
-0.0143214486451172 0.0109852830196662 -0.261284313154395 0.505711020956901
-0.0197964301013784 0.00303680826772656 -0.24164100612602 0.675625003291147
-0.0244049384706422 -0.0207305876988049 -0.244670956032413 0.723480709443144
-0.0198164331858457 -0.0177665456594457 -0.203914570812048 0.629654733022543
-0.0481581238598635 -0.00756405083117689 -0.118282999597335 0.470541155643662
-0.015423384704552 -0.0370997576020498 -0.0775791134374724 0.357614113422798
0.019653731322938 -0.00674610593213058 0.227892303971268 -0.218911316130962
-0.00775085891877762 -0.0198277837283392 0.216673844565029 -0.419914759357542
0.019515158865121 -0.0290356841472676 0.482526457315432 -0.327564374573151
0.00349935775227288 -0.0223076662856724 0.703019834392383 -0.468553426107746
0.00330488273756522 -0.0201500751738996 0.554960916412002 -0.515822908811384
0.00792350902355115 0.00105688463847488 0.334194577855555 -0.375740905913435
0.00481705070694905 0.0031876506284846 0.140669887132744 -0.166696454299517
0.00221575868698746 0.00246230694152039 -0.0684128544579015 0.0226482052902149
0.000652802125774699 -0.00343104636544063 -0.171873252428415 0.275930757848211
0.00106765009638274 -0.00304036804375933 -0.242289229158661 0.520755050102787
-0.00645377923146407 0.00799493427564585 -0.205276615166113 0.687161220070158
-0.0314468641645211 -0.00459355262969985 -0.196165798971097 0.73036739519443
-0.0330239796162398 -0.0227016669813215 -0.158974046703719 0.640766801970818
-0.0359933172619698 -0.0116466997860515 -0.0998049358108384 0.480739219331639
0.00597896901060626 -0.00717365301188084 -0.0731353779286129 0.356080513106234
0.0261320456187513 0.0308410797663413 0.226284424672261 -0.217401968261082
0.0103536051938669 -0.0133064393211557 0.219385029498885 -0.413059555888157
0.0162349344937565 -0.0443182377150928 0.489850829563924 -0.319404374167657
-0.0104729943530252 -0.0161868131248121 0.710811865056316 -0.454782289577188
0.0135586472839147 -0.00940177937367043 0.567356002928813 -0.497259287091933
0.0279636182890454 -0.00644508130370415 0.345394050395855 -0.367536507455605
0.0209921130915465 -0.0143386497983451 0.145858155655945 -0.166882038720235
0.0174007837515934 -0.0184049156379581 -0.0689379613599122 0.021223311562941
0.0127711960903736 -0.0243444547203002 -0.168516911369231 0.276199401871586
0.016749818550186 -0.0173179895037148 -0.2356018232881 0.522495286343888
0.00771498417234984 0.0115314468784661 -0.195455602676673 0.690471293918169
-0.0387226606917793 0.0104742985865808 -0.184446089444418 0.731435154561644
-0.0453611735215428 -0.0278624799293388 -0.149661694666491 0.638876137085742
-0.0235914451774759 -0.0155649697873902 -0.0944248834394788 0.485868104578379
0.0270690927038509 0.0237559503484018 -0.0745736325458552 0.351229555517092
0.030212277072575 0.0620588589432193 0.213802156206286 -0.229341507540214
0.0233414440072415 -0.00835794231418779 0.212706723707293 -0.408044969191825
0.00872166858800677 -0.0544008872465533 0.479835476520982 -0.344271126642146
-0.0237184703855565 -0.0100401137557831 0.679391914919656 -0.481714174808715
0.0213117746795035 -0.00137086325570679 0.549986200371108 -0.508458635512495
0.0450898431239956 -0.0142984321259663 0.346606785271363 -0.375309581032775
0.0350437976319432 -0.0314223366311555 0.15314378828178 -0.177502476561363
0.0306358571417263 -0.0383096235102533 -0.0637273466711071 0.0111937558187134
0.0239512221737992 -0.0423206608509002 -0.166527852676943 0.266733754960641
0.0309798678253446 -0.0304462293043146 -0.242232141022645 0.51460380924043
0.0180254452901572 0.0168764246894978 -0.213650547993637 0.686522135362954
-0.0485095044630644 0.0207091070840611 -0.215349668845782 0.730784230737228
-0.0567259669654337 -0.0358396151002366 -0.171204190041678 0.630408390974257
-0.0113921960384488 -0.017458290385464 -0.104096362449037 0.485565057043195
0.0411791059125898 0.0495049499969449 -0.0858196047537247 0.344327097306111
0.0368278785882138 0.0794253946920902 0.194630566031389 -0.248686121077748
0.0289722454434352 -0.00769080929297682 0.198272820171254 -0.40634515264853
-0.00128573849319003 -0.0607111108891992 0.455366312008744 -0.398992012833928
-0.0335885975907621 -0.00193938970732599 0.615275802700727 -0.541160650061627
0.0270643606540528 0.00220725062424927 0.506211263558289 -0.540539432936846
0.0555212115391045 -0.0235967893065186 0.336698035933442 -0.398959760289002
0.0445151143838213 -0.0450277864662057 0.160992958184059 -0.196383611982578
0.0408835045735204 -0.0512737577586387 -0.0542294071299537 -0.00647486173339205
0.0339437685993211 -0.0549306985927413 -0.164583099285761 0.246443387580668
0.0428552268001071 -0.0372120264086487 -0.259382742238308 0.494668038068957
0.0240624048144309 0.0220137053766505 -0.257039071630777 0.675279223509242
-0.059521220703097 0.0260471744393042 -0.278775063056467 0.722424281637516
-0.0622133204997004 -0.0457043282027985 -0.225227192565637 0.609790349181282
-0.0012635113978087 -0.0141703673372954 -0.12235431833517 0.482791806680928
0.0451648697028536 0.0725153533804555 -0.103680846518847 0.335214839843375
0.0420185206517247 0.0822505307186768 0.168824018478714 -0.271411498347711
0.0266142086466932 -0.0103612182032958 0.182381280493284 -0.411171805439145
-0.0121516493749746 -0.056866182638242 0.407005075857371 -0.467373662533789
-0.036708243208866 0.00423983331333549 0.522561553364996 -0.608273450436947
0.0279894104038513 0.000671435377690099 0.443126391853425 -0.584555072300144
0.056744586767101 -0.030335533387338 0.316428631880526 -0.431550712262883
0.0462857751630052 -0.053911921624407 0.167955780497681 -0.222069904539125
0.0455717054992968 -0.0578008844398272 -0.0423910384526675 -0.0269722754907541
0.0406146137863429 -0.0598080182657283 -0.160750561394108 0.220477059919662
0.050483016636726 -0.0376564642267605 -0.28478964876633 0.462535350537603
0.0241677044180288 0.0265836526569672 -0.321143392263384 0.652140716885743
-0.0700718324935108 0.0232944406542858 -0.371721185792146 0.694586367102996
-0.0614863449944537 -0.056308005327662 -0.299220899595216 0.57452742608328
0.00575021739649006 -0.00555408540143433 -0.149832524922574 0.46728925840712
0.0371293241582769 0.0861591189388749 -0.122325679092764 0.323595083725602
0.0418942757721265 0.0721841664614436 0.143780693869365 -0.2904112398784
0.0163831310690214 -0.0117940388235038 0.1624198505612 -0.420857231303865
-0.0200998599253434 -0.0481468897895291 0.345306176177993 -0.535043803304128
-0.0345280542006436 0.00751524067084288 0.417088083698297 -0.666413322060761
0.0227376391621802 -0.00418599739922504 0.366920894822354 -0.622939843867049
0.0489058179694229 -0.0342305940042591 0.287347922153372 -0.468970195061965
0.0419839907163907 -0.0546997651616128 0.168266140806428 -0.250571732305937
0.0437350555815439 -0.0562616152793609 -0.0300531426014168 -0.0486472135811089
0.0410876066588686 -0.0574756805682227 -0.157713156145957 0.192878554154106
0.0521705116745463 -0.0329234055262405 -0.309536064497316 0.423864102119751
0.0182519452347234 0.0292713636977887 -0.394110576008234 0.614261209112751
-0.0761346425054113 0.0125204662490904 -0.480695820333621 0.651489743688959
-0.0532679130010539 -0.0626605393560833 -0.377134824071839 0.519742334121713
0.00404776697884191 0.00570924599459657 -0.17635734561121 0.451714315639739
0.0202483027024494 0.08537974382656 -0.141803754623573 0.31149267940777
-0.00317049227494781 -0.0704746449697182 0.210370472067654 -0.257379625717371
-0.0467906579514488 -0.016334145244169 0.189379501083873 -0.437077140197767
0.0265384217901043 -0.00460664840121195 0.427596630213422 -0.435233318034456
0.0229379326145333 -0.0403071971725907 0.587835151714055 -0.596933262775661
-0.0238416913829341 -0.0378990704015156 0.458565359558192 -0.604117353872236
-0.026841665419514 0.0171056133558483 0.293160526950562 -0.427186850615858
-0.022046195377633 0.0342346639034495 0.14158505859665 -0.197158573936297
-0.0257582106838316 0.0387952705610107 -0.0546115474138872 0.00319100191457148
-0.0254407217468602 0.0325532729110925 -0.180625833564583 0.248195694238863
-0.0283202002507023 0.0207772078706836 -0.289650366463293 0.479402761838275
-0.0314802056637076 -0.00316102940318282 -0.300842605508687 0.658423436113957
-0.0165799474628752 -0.0337054215715753 -0.329411980759633 0.70988185250696
-0.0107588442952625 -0.0117970622591693 -0.274028788565969 0.608707261997638
-0.0616159882835434 -0.00522953091747701 -0.144601730846551 0.459390226557487
-0.0325496210093863 -0.0663169498188686 -0.0921117821954967 0.359199255867456
0.0108340571054911 -0.0439106655235846 0.225077236203582 -0.23450564803268
-0.0285204592524155 -0.022067424748952 0.208178314962935 -0.429674826510792
0.0217912249218325 -0.0156274508686926 0.466074479918133 -0.371900760315031
0.01617790094284 -0.0299637208858712 0.66413236832378 -0.523943705233342
-0.00998151614802666 -0.0304535840666444 0.521525338800303 -0.555288071264103
-0.0117509338110414 0.00824582622681194 0.319544056344419 -0.396777802755448
-0.0110050289279487 0.020589193131081 0.140218648442045 -0.178357391866246
-0.0138213029563477 0.0227153333095301 -0.0642199494344839 0.0168436448980997
-0.0136842698748681 0.0167413302786253 -0.177423698532666 0.268150698397664
-0.0142200597308111 0.0105082927634287 -0.262450127693349 0.509480802531436
-0.0192304128011099 0.00352816885335827 -0.24316769386044 0.679383266136085
-0.0254123816097433 -0.021147615077973 -0.246867001046385 0.729101476014986
-0.0208788302922414 -0.0178579029445771 -0.205783931895903 0.635069890015356
-0.0489157507575616 -0.00825424452229864 -0.119271042063655 0.474506546779954
-0.0159118114562478 -0.0371711887954018 -0.0781273565925332 0.359645558460498
0.020832361114411 -0.00745304009170324 0.230794366308456 -0.220880104910932
-0.00776603233895088 -0.0203892614926511 0.219228505313481 -0.42369812083954
0.0197254921417563 -0.0302127529076099 0.485514445965798 -0.330632960610702
0.00418055474555316 -0.0220938407271937 0.707503704220027 -0.471862278673909
0.00279964944298746 -0.020261601035263 0.559904102403633 -0.520152258389613
0.00794604349798658 0.000211946063706213 0.337884978668434 -0.376666927996099
0.00447253596400347 0.00353071492207683 0.141393560191797 -0.16910356831895
0.00186987210591587 0.00242411238208226 -0.0689103479388353 0.0233822936169604
-0.000454665622171622 -0.00283369728347706 -0.172654956391684 0.278489853384166
0.00190102983120069 -0.00217783850113858 -0.241247440335145 0.525016334643719
-0.00580945936739914 0.00800150145617292 -0.205257677967286 0.692516625780931
-0.0321109817048058 -0.00573863704890048 -0.19668592796691 0.737663185200194
-0.0335244337613011 -0.0231337554527177 -0.160877591703174 0.645665860635828
-0.0365182763381881 -0.0124710146883968 -0.101718859009329 0.485491945153978
0.00576499934915278 -0.0068404430302766 -0.0719842494183149 0.358489805736289
0.0257024040156432 0.0307389940151394 0.228216997810256 -0.219101933086653
0.0109227748839267 -0.0129692252858698 0.221077499615409 -0.415811950987972
0.0156817957274094 -0.0442802361814465 0.490959476796897 -0.322846688472642
-0.0111209495411875 -0.0164177697332244 0.7155050154401 -0.455863272469778
0.0136929585897084 -0.00972569009279475 0.570318728030017 -0.502719991467223
0.027761180401691 -0.0070360370740241 0.346828596993925 -0.36970197188665
0.0215425962867948 -0.014360946438153 0.146927253775929 -0.168767261861421
0.0170062065475837 -0.0187964325815647 -0.0689545832475114 0.0214007429507919
0.0125773990928787 -0.0241040162963499 -0.168864730148757 0.277883051086933
0.0162756252215016 -0.0177446943117491 -0.236166848646902 0.527966116840513
0.00746823169093884 0.0121549159919859 -0.196571815731093 0.696589775362656
-0.0391927049082151 0.00990096933614561 -0.185475246799525 0.737238067503199
-0.0465945109121992 -0.0279450778355753 -0.148062320945916 0.643688430187871
-0.0236772430412608 -0.0161100210316095 -0.0956741677702755 0.490239110313497
0.027002904885281 0.0232366514796928 -0.0757864799159316 0.354402405058317
0.0315004245427523 0.0621104140822893 0.216260076559927 -0.230616972635868
0.0239127448506015 -0.00794587645745263 0.21351328796226 -0.410877293427941
0.00892520056380087 -0.0554175624758755 0.483548149433089 -0.345884994128547
-0.0238394637238283 -0.00904942383529343 0.684339661827549 -0.48509442379687
0.0221046222487097 -0.00191300806543622 0.555243103571531 -0.512061640316832
0.0449716783958093 -0.0153673303467766 0.348060534934716 -0.379368307425819
0.0358163816626446 -0.0311969676216035 0.154608455496196 -0.178900707831741
0.0308220337996041 -0.0381249415504918 -0.0640487457932981 0.0110255744462373
0.0237516889997217 -0.0420269452657267 -0.167285767423844 0.267785585245644
0.0301488333366549 -0.0299699906817561 -0.242704544019007 0.520228373446076
0.0179212793305759 0.0168764236183034 -0.214652669242643 0.69127026848059
-0.0498188006435758 0.021383567366796 -0.216617555375225 0.736816977369883
-0.0573376500722246 -0.0359482302021388 -0.172447210453977 0.635865753164723
-0.0123183387629149 -0.0168819932528465 -0.103855943798618 0.490843768473055
0.0410414120161109 0.0504947234758597 -0.0872657133010473 0.348069376551982
0.0374601434103238 0.0799643243801241 0.197255029733013 -0.251146076386159
0.0294022329731022 -0.00763938606535505 0.199395214312083 -0.410210085706062
-0.00100033920120411 -0.0601249082294984 0.458731316681975 -0.403053483324916
-0.0328584819837679 -0.00254943379559501 0.620025966358591 -0.543131448188649
0.0271856092401782 0.00244915132835691 0.509454557233249 -0.544142639748584
0.0553622980448361 -0.0237859698098822 0.338990445597969 -0.402711188350238
0.0447011214818352 -0.0458377404549434 0.16228949291351 -0.197930313682837
0.0411195789085537 -0.051138652734131 -0.0546488089508352 -0.00605011314359581
0.0328131947777973 -0.0550801780736528 -0.165434688692663 0.248150895081802
0.043463898521737 -0.0383691389577184 -0.259850864148259 0.497980170776169
0.0245811272877561 0.0227435290946958 -0.259363050307977 0.680483535593495
-0.0602016879253687 0.0271788830417407 -0.28039241116342 0.726889455820698
-0.0633272451147963 -0.0465633357717917 -0.225938059915065 0.615737836189152
1.95809554329948E-05 -0.0132118417620749 -0.123085060164996 0.48403264270396
0.0444722742115074 0.0733317240195315 -0.104544292128406 0.338021950628314
0.0421794372207647 0.0824819190930128 0.171585774162687 -0.273557824642733
0.0268022847283657 -0.0101221855814115 0.182872946624356 -0.414124744532413
-0.0129342390215651 -0.0582426001871959 0.411135892065132 -0.471395157347086
-0.0368298167793058 0.00417038528773506 0.526389217311124 -0.611937659523321
0.0282783559286635 0.000758115742111681 0.447505753238398 -0.588511201664761
0.0570442128199228 -0.0314157697621294 0.318518059607871 -0.436967126297749
0.0469840173991929 -0.0545962626958167 0.167534980664968 -0.224236294828109
0.0451824985242351 -0.0579318861413268 -0.0422026585733464 -0.0271562717693396
0.0395836985861875 -0.0612159377720924 -0.162849417948027 0.222504027841578
0.0507553102691988 -0.0386887518298373 -0.285117028954372 0.467002374644069
0.025418231047731 0.0266400447288699 -0.322641422521935 0.657932270349469
-0.0712766939640033 0.0232415156742151 -0.374741902488089 0.70153586395802
-0.0621207104077432 -0.05688409912007 -0.299704816295917 0.579837302510085
0.00537549539009684 -0.00536583952417907 -0.150249581849829 0.472186201548486
0.0373756589640072 0.0866461665707942 -0.123964958879543 0.32717856193921
0.0424528395718624 0.072399981313873 0.146134967173164 -0.29310487636535
0.0158657826287593 -0.0115828106338609 0.163010497061603 -0.423678731007056
-0.0203474729344113 -0.0482305556634088 0.346455927191693 -0.539623969964765
-0.034597967717807 0.00770035912788612 0.418601804344106 -0.67066804783339
0.0232880234973538 -0.003783141414478 0.3686691953505 -0.628601988755968
0.0498798352787743 -0.0344444205864834 0.289559619637783 -0.472715498538031
0.0412411493748611 -0.0544070915583551 0.169997334200828 -0.251775958809615
0.044104571879391 -0.0560691486136775 -0.030146252807045 -0.0487640428397623
0.0404714970594219 -0.0573288614836427 -0.157436576363571 0.194623908209399
0.0523622261893023 -0.0332158499028347 -0.313278939867162 0.428619628763096
0.0189653565423517 0.0284665104202328 -0.394740920126958 0.61809100341949
-0.0775081978770763 0.0124398907304136 -0.482895109012397 0.655854123432039
-0.0536496283679709 -0.0637155744533984 -0.380939219340861 0.525658476768369
0.00382984414199501 0.00677077154021388 -0.177096779416266 0.456375575152977
0.0207471507300136 0.0861848614613769 -0.144113384123262 0.314345265606063
-0.00316481858859345 -0.0709103291754603 0.212594053312934 -0.260710211505718
-0.0471468564564658 -0.0161895065190455 0.191823957424312 -0.441881721537831
0.02575529937522 -0.00502965659032854 0.428917746688618 -0.440384925370385
0.0232524861550799 -0.0398853695785374 0.589934909215351 -0.603500315631983
-0.02377957796156 -0.0383937628597395 0.459779074052559 -0.607641346142147
-0.0269366934626517 0.0171295251181139 0.296630938599897 -0.431739145847805
-0.0221894239242703 0.0351406617438641 0.142249474791125 -0.199329146393373
-0.0258436153391219 0.0398431990425458 -0.0549443153883004 0.00320838826083642
-0.0262080523538715 0.0326777894037036 -0.181067536725711 0.25029150596562
-0.0292368549426105 0.0207080469239361 -0.290201318185764 0.485388363394366
-0.0319646780978981 -0.00286842677398435 -0.302153119807179 0.665608284920307
-0.0179488927296082 -0.0338844443204804 -0.329992614278821 0.717481368103738
-0.0117073646842444 -0.011231560582475 -0.274893336086767 0.614662854961707
-0.0622664680107484 -0.00539010901383127 -0.144800280140857 0.465945547684957
-0.0332986193809728 -0.0668131208569878 -0.0923757016382163 0.361637880792667
0.0119849436387652 -0.0454664314709387 0.22767598958257 -0.236664027951642
-0.0289468803372713 -0.0220832194325391 0.209044690188188 -0.432450466225013
0.022201857559015 -0.0166985921842459 0.469152260966441 -0.37366751245815
0.0164553821628264 -0.0299292124046062 0.670405721387438 -0.528876675710779
-0.00947768833200331 -0.0313864373953875 0.523935306511984 -0.56173423365129
-0.0123333681806954 0.00807314841444741 0.322160541635433 -0.402603906290576
-0.010633201997353 0.0205228913773119 0.140743703385203 -0.1807917485634
-0.0133359277081597 0.0227412616461999 -0.064072610197726 0.01783683538685
-0.01397157426051 0.0171559637958137 -0.178331322580774 0.270535179440232
-0.0141848599562526 0.0109792502920148 -0.263225646277649 0.513846200109595
-0.0201384132576261 0.00307522840208909 -0.244492298401512 0.686516041298692
-0.0256296126110303 -0.0214453880056674 -0.247825535102909 0.73575502882607
-0.020993925153435 -0.0178735648078819 -0.205435110225467 0.640924159911269
-0.0489325271407509 -0.00786470622072 -0.119428229798382 0.480497712553523
-0.0149669270856869 -0.0367953456752736 -0.0796751074152065 0.363852780861329
0.0210321277915804 -0.0076376145767667 0.233778294645602 -0.222161295613886
-0.00794600629504215 -0.0200926369321681 0.219934522475496 -0.426023995793495
0.0196975637491836 -0.0312881598395844 0.48825701963199 -0.332754268602603
0.00475449394198433 -0.021978809882821 0.71513534815311 -0.476341154608516
0.00357000547478674 -0.020807554173196 0.563711217623254 -0.524732018656322
0.00721479237078195 0.000256342354628785 0.340788288863824 -0.380975965095192
0.00491662004891642 0.00314281030941485 0.143145141093224 -0.170149183941312
0.00136787751310578 0.00270138210451993 -0.0697379168921747 0.0249898592958622
-0.00138574087281944 -0.00346850329562448 -0.173487697341581 0.281009131364696
0.00114897592894169 -0.00340604963782423 -0.244027543492737 0.531523982605974
-0.00593988073617807 0.00744451657558281 -0.206157166288573 0.698860775665834
-0.0321896804868733 -0.00522286146467624 -0.197559871952152 0.743962501053542
-0.0337369493420914 -0.0233811532953893 -0.160539856521467 0.652973575954928
-0.0369356974932 -0.0119226028838933 -0.101061098568941 0.491412297004235
0.00625892797166482 -0.00666874860590403 -0.073056685978943 0.36124244157693
0.0261213997694186 0.0305448025093767 0.23008163364829 -0.220179880188451
0.010610220339824 -0.0126975677083204 0.22299764427103 -0.42064192289921
0.0154938335152922 -0.0449083181186927 0.495638598962005 -0.324005493441077
-0.00995911849780447 -0.0161804476528704 0.720420947318825 -0.463124235042052
0.0143336538893823 -0.00952748369682981 0.573924175027327 -0.508284682247604
0.0282191732829325 -0.00738408623072905 0.350603695743291 -0.373356580690835
0.0209976454257726 -0.0142426027408942 0.147644610612076 -0.170157961010981
0.0174617251840161 -0.0191028852106555 -0.0691274460136678 0.0216782232547151
0.0123543473412666 -0.024068298721299 -0.170661446154876 0.280336692986607
0.0164179716395097 -0.0184535887073994 -0.238490600704484 0.532784634745495
0.00806042235202195 0.0124430452697928 -0.196191495407719 0.702693784720922
-0.0402550457705199 0.0102581156442684 -0.186410424435618 0.746111893679075
-0.0476518713979397 -0.0288008329579083 -0.149064526831278 0.651293883791582
-0.0242338797279647 -0.0158478053764619 -0.0965667076851367 0.496201362313877
0.027081218964215 0.0231114831429585 -0.0762794156806242 0.357589128883413
0.0313046724863577 0.0624666839248018 0.218973999816325 -0.23281667755264
0.024276746847137 -0.00789455728828989 0.213880155739492 -0.415229209513301
0.00902653030130124 -0.0556566022183976 0.486272705758579 -0.34968387738704
-0.0241707950574742 -0.00980193700157185 0.689567972408754 -0.489009607319166
0.0227116711235793 -0.00147308386215859 0.558425973723316 -0.519463975163314
0.0452334571367888 -0.0156421169312034 0.351232505765155 -0.383246707507437
0.035592685270051 -0.0315271163066428 0.1552125422681 -0.181050269034124
0.0310611291864353 -0.0380446352033967 -0.0647170635795387 0.0108381427366027
0.0238491313681967 -0.0422338687698405 -0.167758400293833 0.269538753622656
0.0310424906367067 -0.0314487984605456 -0.243803650292907 0.524248262441973
0.0184851434836924 0.016595967595899 -0.216827426398499 0.700903105528042
-0.0492127482787804 0.0216355185084606 -0.215842594173751 0.744603293076089
-0.0580054912447149 -0.0364747116918425 -0.172564041190277 0.642370180197866
-0.0118696048847422 -0.0168153160783822 -0.104865659437902 0.495562428887838
0.0413624721155952 0.0513176870794996 -0.0869910630822 0.350568191362238
0.0379500829700047 0.0800749742602231 0.198843132825839 -0.253520845231046
0.0298919579595056 -0.00685317974691051 0.1993995462532 -0.414317543721217
-0.00147945577838442 -0.0607927915678324 0.46085886578637 -0.403528253564679
-0.0332532939949064 -0.00250911104386171 0.622648395131768 -0.549236817242665
0.0273185266926378 0.00224482840640028 0.515578862484638 -0.549344440634
0.0555479611098202 -0.0242024506100496 0.341605837097417 -0.407967532306834
0.0449357289963489 -0.0455460130924324 0.162982874620358 -0.200324199737385
0.0415141237165864 -0.0519582768886948 -0.0555270283941608 -0.00561359631154855
0.0336844523325417 -0.0561783746337777 -0.166524877056652 0.250038018089621
0.0426549390610579 -0.0375696778394725 -0.262332196291913 0.501951268999641
0.0252881456919638 0.0217877677157391 -0.259905728834638 0.687383397452888
-0.0611565851227366 0.0271193354251675 -0.281321268323994 0.735356952057354
-0.0637497821370086 -0.0464360491565702 -0.225748984615043 0.621749684197679
-0.000614707602199345 -0.0131213499077234 -0.123510074177248 0.490067293225746
0.0458608824311224 0.0737476409034229 -0.104704907348482 0.341484030988491
0.0428807021686569 0.0829277273974214 0.173896564778146 -0.276004019103301
0.0273448880330328 -0.00981867079082118 0.1834980153333 -0.417115275943778
-0.0129174871761619 -0.0582989499632937 0.411941163825517 -0.476353417209663
-0.0369133680235136 0.00496066343770097 0.52927878218578 -0.617683339160365
0.0285289533255387 0.000660206034848541 0.449879431219644 -0.593966586673711
0.0574903811697283 -0.0320164143891418 0.321321022918609 -0.440304568146529
0.0467852089747882 -0.0543235026300588 0.167968470607525 -0.225462398245115
0.0453223175650532 -0.0576344311050048 -0.0431841557928552 -0.0270300683393683
0.0398530825446118 -0.0611069133309192 -0.162758280573586 0.224263858032178
0.0505518308703873 -0.0391939210986609 -0.287907976631543 0.472033237252722
0.025382233530921 0.0271151232593915 -0.323181117915001 0.664017167087743
-0.0715030447789147 0.0238576674451129 -0.376820169915786 0.709065582736165
-0.063356736440625 -0.0573695726514769 -0.301695673590443 0.585601375774275
0.00623254187056468 -0.0044828568289237 -0.150893400456195 0.478510893422634
0.0376474105506241 0.0869282472494452 -0.124367641316287 0.329592440875432
0.0431343939917511 0.0723547489046284 0.147766912766515 -0.296124008661851
0.0156806357864027 -0.0106489715782778 0.164763220092425 -0.428464645177885
-0.0204094887984726 -0.0491441140841426 0.348265215367627 -0.544757534458235
-0.0350062752415412 0.00780694552941541 0.42075234956205 -0.678007159670268
0.0238431668246429 -0.00369025414184459 0.372634020540256 -0.635440153218181
0.0502178524848317 -0.0356639570137917 0.290519995476462 -0.477780145394345
0.0425209397477588 -0.0550562454040819 0.169762228110385 -0.254802799142536
0.04398573482075 -0.0562404370835946 -0.0303281408597506 -0.0495125613120198
0.0399740697744922 -0.0585032061596762 -0.157374452878788 0.195867699188423
0.0518755796438432 -0.0334096298715248 -0.314281729393419 0.432583300444985
0.0199558683127532 0.0291158619027162 -0.397230089028983 0.625923643724281
-0.0779628386909267 0.0125342868756366 -0.486471916234141 0.664574340957565
-0.0542132311928236 -0.0642234646234237 -0.382624086909632 0.530144816790368
0.0038549175765203 0.00683508873996194 -0.179759810754954 0.460771927029547
0.0208769394654392 0.0862911006130564 -0.145411503942823 0.316606266116458
-0.00286789865198514 -0.0724522726326046 0.213387168943778 -0.262962076309814
-0.0480488059166522 -0.0163573125805845 0.190455681329379 -0.446324069435133
0.0262586259991671 -0.00543067158501665 0.431846215903296 -0.444101725196024
0.0235556982196211 -0.0404087336687001 0.59466873090296 -0.608973931339415
-0.0232680667087799 -0.0392535334294254 0.462249337777445 -0.616530227666762
-0.0275548206142202 0.0174158033724192 0.296690120321543 -0.437392556443363
-0.0221033494121322 0.0357065417865502 0.142107609090536 -0.201607279022007
-0.0257969240107166 0.0399149440773051 -0.0557699849399979 0.00414604338033473
-0.0270846037366099 0.0331981752790084 -0.181080368785392 0.253204427938154
-0.0297817020138732 0.0208852030342481 -0.291484315473954 0.490393392821841
-0.032474063108785 -0.00310861514402491 -0.302155853421159 0.672444371260565
-0.0173855656931348 -0.0337662804553162 -0.329840189622299 0.727303369892041
-0.0117579730609386 -0.0118682670237929 -0.275724750759038 0.622569161668098
-0.0627233057009532 -0.00566971437311216 -0.14655893880437 0.47021513142023
-0.0335395269758803 -0.067150506717179 -0.0916823161799157 0.366136583173084
0.01224873773586 -0.0456023552236202 0.229674299348466 -0.239578141167201
-0.0291477911876691 -0.0216296019957925 0.209280021175368 -0.439007812040695
0.0229856038963441 -0.016518662076519 0.47012714083417 -0.379735494023458
0.016678918679494 -0.02979706048642 0.673051128379578 -0.537891033382212
-0.00943119737347021 -0.0318710934801381 0.527549286626402 -0.567123691841724
-0.0121173817152147 0.00806020008741774 0.324417624912943 -0.406118960989784
-0.0109048980155176 0.0215508985881673 0.141273954917878 -0.182774509213281
-0.0131644616685395 0.023582018844597 -0.0653442140447467 0.0167875241519024
-0.014189778710747 0.0173309957280173 -0.178666324902068 0.273970800642485
-0.0142709528921553 0.0111419254170742 -0.264204205318442 0.520599100844375
-0.0191992088201624 0.00300104201494998 -0.241805393393135 0.693321079868126
-0.0257589154032888 -0.0202800861964908 -0.245523213659818 0.743936896065576
-0.0219134091657575 -0.0185258454312938 -0.205461858846059 0.650611707335113
-0.0499607310520854 -0.00817916441842196 -0.119026526165652 0.486589172872682
-0.0153212889465172 -0.0375777780727587 -0.0780255499509306 0.367846844547656
0.0214668593427757 -0.00839604480942271 0.234836984282555 -0.224652534434094
-0.00852251196008511 -0.019061164358674 0.218775604110103 -0.430290391192599
0.0188732278655417 -0.0315123887399427 0.491215964949604 -0.337468083401902
0.00459016217697473 -0.0216504726421008 0.717882153447038 -0.48288253174087
0.00381659844310053 -0.0205562795655858 0.567257866289933 -0.533316066537986
0.00736413923313253 0.00036919325310907 0.341224405651512 -0.385597014289017
0.00523953715368549 0.00457208648758379 0.142715320376673 -0.172719972394877
0.00143718703488561 0.00277583903053745 -0.0700111811501535 0.0250579061105518
-0.00082665279050948 -0.00344093498744878 -0.173469801525433 0.283570671385952
0.000472099179224979 -0.00392432343007153 -0.243979357664817 0.535814742601898
-0.00550178602945108 0.00841845108252841 -0.204972101753485 0.705931653235899
-0.0332170952243892 -0.005937248169252 -0.194566809945014 0.753020074271779
-0.03618540858293 -0.0235322052882762 -0.158403680432936 0.659555242476594
-0.03608370164223 -0.0122343465440668 -0.101527884653415 0.497394536854326
0.00626857258689415 -0.00616712166181869 -0.0723839801416027 0.365928585611358
0.0265019345188707 0.0304654881152339 0.233558355845663 -0.222509174316301
0.0109521890227847 -0.0123945967395263 0.223578021526895 -0.42352578311755
0.0154013822163903 -0.0456912212498926 0.496359336430514 -0.328470734848295
-0.0100590804887834 -0.0160083443157683 0.727267284244625 -0.467524587441942
0.0143544486631587 -0.0105660993229117 0.579428985289519 -0.515359621842097
0.0280180380860522 -0.00795491261967734 0.352295544653423 -0.37877088133611
0.0211526058895482 -0.0138843625016359 0.147430492751911 -0.172812817556808
0.0178214804121468 -0.0194397880470947 -0.0692954840694048 0.0226649210508809
0.0111682760935145 -0.0243456127229305 -0.170951316381139 0.282383582759401
0.0166625829264275 -0.0189329698313846 -0.237986906883305 0.540036842085157
0.00857272203085921 0.0118837280063408 -0.195872947450478 0.708815326573456
-0.0403565569336131 0.0108423765254071 -0.184634025246653 0.754343595187849
-0.048368720066336 -0.027694115322977 -0.147367513108569 0.658517377262521
-0.0238803503149006 -0.0164025736105697 -0.0943568626632939 0.501075048482048
0.027044632536595 0.0236093358307724 -0.0755003029194576 0.361639240617704
0.0320121314205946 0.0624849576292084 0.220606678902217 -0.234790801529443
0.0241699333222913 -0.00741106226129949 0.21467196512905 -0.419660930876945
0.00851452233296682 -0.0570312895070541 0.488166061751534 -0.351765194059752
-0.0237073309739365 -0.009670800070195 0.69310086020295 -0.496535761097235
0.02346855079827 -0.0023865669019171 0.564728932065537 -0.524572497043846
0.0450056777273601 -0.016075610615699 0.353126006463924 -0.388410950226499
0.0354771242109058 -0.0317742001522398 0.155232354989612 -0.182941384694777
0.0310639880377156 -0.0382617425849813 -0.0643307725246364 0.0130156586579534
0.0240935029804638 -0.0430274061521261 -0.1679757917696 0.271346362740576
0.0308881225457152 -0.0319250317658483 -0.243842961946798 0.530579773763246
0.0186928227211899 0.0167014981615136 -0.214012920256855 0.707377964207111
-0.0498843550983972 0.0218541397671079 -0.215563036537408 0.753127722717482
-0.0594079844955444 -0.0366374219762663 -0.171662492874523 0.649879578428852
-0.0115719295390301 -0.0169654784877552 -0.103601640119939 0.50228586822266
0.0421536135540022 0.0512174664140171 -0.087264734901796 0.354906172322431
0.0392537039123714 0.080432723381913 0.2001926895381 -0.256214085832479
0.0305216552308163 -0.00666618466427252 0.200124924887333 -0.418398754172473
-0.0026105117084728 -0.0625415315877115 0.461770750089849 -0.40954116653869
-0.0331462875812246 -0.00210514914338081 0.626853350816816 -0.556022476573314
0.0284142786155608 0.00171064122563061 0.517208069928031 -0.557508182673228
0.0561550092805231 -0.0252567385232618 0.343818757223779 -0.411962248479217
0.045131281805735 -0.0458733525721493 0.16408088562286 -0.203427092506951
0.0412026843692723 -0.0519695640616798 -0.0556206211086084 -0.00554692247650253
0.0334220817198221 -0.0561808884093952 -0.167981745933074 0.252102929458015
0.0425834126356743 -0.0395074590170707 -0.262183396579277 0.510541189798193
0.025913756349222 0.0218849261039761 -0.259191156488852 0.694812285973955
-0.0618426862895441 0.0277135327862939 -0.281020143937353 0.74370184112961
-0.0657160278597331 -0.0470066228178396 -0.225620870408802 0.629878609068524
-0.000558602993131048 -0.0132551315902193 -0.121873811703545 0.49565459186464
0.0457628647797941 0.0742495442674876 -0.104587507285166 0.345435207000833
0.043200854844868 0.0829263851609796 0.175446277711727 -0.279580297813163
0.0268967313904173 -0.00975811573036414 0.182541433456234 -0.422432035841555
-0.014069380441833 -0.0594561098080045 0.414315063074439 -0.480985714452566
-0.0375296663901851 0.00562672498693595 0.531201440773469 -0.625253263966527
0.0287362023505834 0.000540548457910683 0.451559598520956 -0.601600440519994
0.0574501407221763 -0.0331325110601633 0.321740048466742 -0.446312267865843
0.0469457646864484 -0.0539392239315619 0.168872557380956 -0.230141068241673
0.0460480455090902 -0.058935280742442 -0.0439452531226181 -0.0268644071118003
0.039928617551573 -0.061945384216901 -0.163340822565472 0.225816166569611
0.0511460127737038 -0.0396036877703632 -0.287474304983238 0.478089044931175
0.025804954664233 0.0270604361165344 -0.324336537306598 0.672648473489667
-0.0726247038685057 0.0244249317037033 -0.377481064552882 0.717159660796335
-0.0638543896919713 -0.0570417030150741 -0.302141522046649 0.591985431731311
0.0062360176753009 -0.00506542060874729 -0.150487429373815 0.483546240306757
0.0386077434797077 0.0873987750939683 -0.124689111333333 0.33294353299477
0.0436948689984494 0.0726001073766223 0.148157874247253 -0.298466035484159
0.0165652726705423 -0.0107572722618484 0.163535567116037 -0.432236179243839
-0.0211676380349105 -0.0499823557289135 0.34803038741063 -0.550526433554215
-0.0348865484833858 0.00847496215356312 0.421827307140677 -0.686018291119358
0.0244607819434186 -0.00423147632366438 0.372053675277288 -0.642554488498865
0.0509139122527846 -0.0363181473126257 0.29213367704125 -0.482515485959405
0.042526929469229 -0.0557685374432301 0.16975896739801 -0.258558675776163
0.0451850371311521 -0.0576678035444963 -0.030309354219905 -0.0488239391028163
0.0405994801517622 -0.058826163403308 -0.158707375708774 0.197639303679355
0.0522727376222545 -0.034537427060363 -0.316800864105338 0.437444485812561
0.0191826652387061 0.0290248722388633 -0.398553838295331 0.633413455865075
-0.0791709369029946 0.0130619481999082 -0.487595686011012 0.672720679722957
-0.0563016263602896 -0.064367092066783 -0.384011951595617 0.537356399602664
0.00428320874218528 0.00646238486352886 -0.179048455914547 0.467156597907206
0.0207207156165226 0.087228038847675 -0.145419131274294 0.321257896538412
-0.00299874488992922 -0.0730335209302288 0.216530512705671 -0.267065883387498
-0.0484817896364183 -0.0155088694366524 0.188446980481467 -0.451436033227982
0.026396246176314 -0.00604091702340842 0.432569545357691 -0.451822890082778
0.0239740866365439 -0.0412412636327565 0.594841116214375 -0.620149081851326
-0.0241995136942675 -0.0389110935409493 0.462476580403241 -0.62457911868437
-0.0266924893095115 0.0168896258420862 0.296906390957165 -0.44337614723692
-0.0221245001432602 0.0365614170188386 0.142832587679273 -0.203824196138216
-0.0258087117910696 0.0409511767342839 -0.0571876281121837 0.00431466228916949
-0.0265258674528342 0.0340073900129489 -0.181187592554668 0.256303868065387
-0.0296932967313404 0.0207665231847183 -0.290871689590459 0.496706557717435
-0.0313683432316987 -0.00317031713031505 -0.299312107325101 0.680790744371871
-0.0188070197843547 -0.0340723607019147 -0.329124645105459 0.737016149201661
-0.0123821292471823 -0.0122585480315809 -0.27528095451496 0.632069175500345
-0.0634460420174948 -0.0047716924841125 -0.144802811017008 0.476038807747733
-0.0335865068662586 -0.0676197757789075 -0.0904764251564913 0.369954781715467
0.0128518057871716 -0.0463169448480302 0.230952850360792 -0.243735743715062
-0.0297619150816841 -0.0216647816199726 0.20891438325683 -0.443644969218129
0.0221399224121408 -0.0174570655707279 0.471165500646042 -0.385821038413947
0.0169411762679913 -0.029659931128552 0.67538822785539 -0.543840006080547
-0.00990914980446409 -0.0315757663507211 0.529703715153621 -0.577707453932051
-0.0125258290117153 0.00771584686648855 0.32483188230561 -0.412786885137217
-0.0108360562525832 0.023017264230048 0.141037145005173 -0.185030741654378
-0.013482874793966 0.0236830636656793 -0.0651244965370805 0.0191722944812232
-0.0145559237842904 0.0175634730097429 -0.179064761168213 0.276253176889172
-0.0151545362462398 0.0114980779159313 -0.263161778523385 0.525825988357531
-0.0194414923852001 0.00419067403550081 -0.242268023214615 0.703173944674061
-0.0259631203275385 -0.0208726369103784 -0.244584841641431 0.754901028696828
-0.0233863136191953 -0.0177126998716683 -0.202362258596845 0.658755144707498
-0.0499969121886796 -0.00801280678629952 -0.118240754329328 0.492983658768366
-0.0160630052681121 -0.0379322095605687 -0.077545495229975 0.372214675446032
0.0220682431337147 -0.00910432802615616 0.237492129692717 -0.227328861173861
-0.00852793334874317 -0.0202896337612804 0.219018289364745 -0.437008475569581
0.0194950981844962 -0.032020684701349 0.493106372422821 -0.342230407820685
0.00546005205959109 -0.0218814711827019 0.723110011084435 -0.490940083593161
0.00461162809962973 -0.0209782632368 0.571113976624914 -0.539340690125594
0.00733929990897471 -0.000225170246882921 0.343603086605136 -0.392327624017854
0.00542399615723452 0.00447181437894982 0.143129301285293 -0.175268815538614
0.00112339940563648 0.00241736342566562 -0.0700700984408054 0.0260691694474882
-0.0010400250776275 -0.00251769943888089 -0.173921576700454 0.286443193952038
0.00124273099513794 -0.00321338043874709 -0.242599790570469 0.544422306225894
-0.00517880803572652 0.00747204264320301 -0.203559940315804 0.714699108550303
-0.03363987622199 -0.0046653930820282 -0.191666018147144 0.762884196078624
-0.0364529175384128 -0.0230875286450731 -0.15680833020036 0.667661277828252
-0.0378605140606946 -0.0120243126512091 -0.0975916650994977 0.50312104881718
0.00651783601372773 -0.00649389482533291 -0.0720489288238922 0.37037786685934
0.0276362360361458 0.0299971810592008 0.234486141689582 -0.226520122517109
0.0110276716553662 -0.0123430998385201 0.222307179900718 -0.428660918518094
0.0153919385808072 -0.0469085950494674 0.498786396211979 -0.333941767895624
-0.0101376769772982 -0.0159155719926361 0.72850894498242 -0.476675892997984
0.0148077039260138 -0.0104068055876353 0.581792267824215 -0.521755717913254
0.0282804785276601 -0.00860375924445084 0.352954878687722 -0.384185819171248
0.0212278969220241 -0.0143925214599395 0.148306275649901 -0.175354293094003
0.017426105535087 -0.0187398330313583 -0.0703221125794213 0.0236857716490852
0.0114161792008923 -0.0248026461529797 -0.170026267510953 0.286039331431836
0.0157538897304742 -0.0196058087288032 -0.236843994837146 0.546105705605868
0.00882173316965727 0.0121429898002023 -0.193266423979931 0.718086100741195
-0.0412913839881216 0.0109364249312575 -0.181133359973136 0.763321992305924
-0.0488607156451601 -0.0279707125151496 -0.145163019045996 0.665255038850743
-0.0240004073359834 -0.0154787438515108 -0.0933652024845495 0.507315073890503
0.0280814056348482 0.0233851033837701 -0.0743566285064418 0.36669597873325
0.0326459867844697 0.0620683235835337 0.221889244271799 -0.237865857145205
0.0241199384982299 -0.00691330913806477 0.212351778861275 -0.423901208185659
0.00820657763387846 -0.0575881930029079 0.491791361192183 -0.358511807588219
-0.0236780052360195 -0.00974038003307231 0.695503457652717 -0.504742630325538
0.0241168739892522 -0.00168862651606446 0.565614390222555 -0.53266569090978
0.0460745810800522 -0.0172054780745095 0.354627389768614 -0.394790400461526
0.0361674723779481 -0.0320702158719232 0.156156504870614 -0.185926771747283
0.0311475472553126 -0.0379258950586175 -0.0649379056633018 0.0131929511812411
0.0234116127005259 -0.0432622278714787 -0.168148686485688 0.275307277336808
0.0303659803331419 -0.0323093521195514 -0.243177054158527 0.538141915386674
0.0196583530397559 0.015968600330743 -0.212869052305676 0.716148270253044
-0.0508535819269922 0.022988051809408 -0.212097401803677 0.761761180287584
-0.0602462119917351 -0.0360776819109342 -0.169711298915499 0.657306734005472
-0.0111325828698565 -0.0168652448318513 -0.100897940702826 0.507594939571649
0.0429899357465705 0.0521303518596145 -0.0858579264559313 0.358634150918747
0.0395459191682074 0.0810734272295688 0.202494192487055 -0.260327336560561
0.0304593693719172 -0.00695461506768745 0.199399969788582 -0.422889446491944
-0.00250211019873007 -0.0618369552258519 0.465061288335495 -0.414972362406657
-0.0337247369704826 -0.00177203443279794 0.628668191238773 -0.565549144923819
0.0288442237977166 0.00167354815199191 0.520262720796955 -0.564694371921369
0.0560206609484631 -0.0261821507689936 0.344296587253193 -0.418658307765422
0.0445584453111118 -0.0460981321069563 0.163875525755962 -0.20576330780556
0.0410513358234874 -0.0529294184037687 -0.0560493854114819 -0.00415999021107936
0.0338971787834676 -0.0562715960565061 -0.167241484880737 0.255123446516242
0.0432626015088031 -0.0397488137894159 -0.260353172797729 0.516313238663106
0.0265387587360918 0.0211243105171597 -0.25981484751415 0.702340495051605
-0.0615464630661167 0.028905047952019 -0.27979961207412 0.752765648315461
-0.0664232391814335 -0.0464847894123653 -0.224750540726831 0.636440369086755
-0.00100507030276408 -0.0131280278889219 -0.121157682802412 0.50232098982603
0.0465079716410761 0.0750905020484606 -0.103949520295769 0.350013512872922
0.0446983842603813 0.0834587707973331 0.175534588989167 -0.283028131160994
0.0274169350989122 -0.00928011898390344 0.181666342155891 -0.426206674515198
-0.0136448083772732 -0.0594220555307948 0.414938267377362 -0.486079357324212
-0.0369703837476313 0.00546280988021965 0.532231996131882 -0.63339375427665
0.0297846404351234 -6.84618030157187E-05 0.453094869265508 -0.609877263278302
0.0575281477540072 -0.0342061014892825 0.321975734530458 -0.451955846674979
0.046741657405314 -0.0545751970081033 0.169087597817236 -0.231953677209855
0.0459641235412821 -0.0598525198564385 -0.0446549207751947 -0.0265164469058467
0.0399042479008281 -0.0618011318499423 -0.163107370792693 0.229323683756851
0.0512506712069825 -0.0408641161155699 -0.288149134575471 0.484378304781041
0.0266237343576918 0.027266765693627 -0.32192868449412 0.680110264101215
-0.0723325113310236 0.0257563575697841 -0.376999382980455 0.726604729009637
-0.065180600968833 -0.0571705545423321 -0.301272218399824 0.601971270083836
0.00631720341506886 -0.00410198720066683 -0.149012409019597 0.488480398377876
0.0388323738485437 0.0886006609735727 -0.124419200689259 0.338004201906341
0.0450027424177961 0.0728350745143889 0.149320981611489 -0.303937628370928
0.0165388411677342 -0.0111634729143505 0.162270622253249 -0.436344975788706
-0.0223363652250115 -0.0502297591351277 0.348339727000097 -0.557034503113362
-0.0347541171152833 0.00841360570608167 0.423639689300164 -0.695539684315532
0.0244456931422321 -0.00445004376441518 0.373412247952036 -0.649692277323612
0.0505033457885199 -0.0372149339974016 0.291528755481143 -0.490371956897186
0.0425000886186876 -0.0558059071224818 0.169088278320701 -0.261829610929855
0.0443976920470099 -0.0581925435984125 -0.0317678175613915 -0.0487875124199009
0.041075937201701 -0.0591047749112819 -0.158953013632409 0.199033828366905
0.0527922482975125 -0.0345336507840259 -0.315570130563823 0.443087404595672
0.0203973444992312 0.0280457332148613 -0.397475857458243 0.64015120743075
-0.0798153888781256 0.0139275652885569 -0.488500004308871 0.683611647719819
-0.056479470829296 -0.0647324522456488 -0.385155547469057 0.545521191619666
0.00481767703264078 0.00711585484734849 -0.17839356999348 0.47249985564374
0.0215775172919094 0.0885086722757613 -0.144586316943125 0.324780416907272
-0.00393584061113629 -0.074206247825517 0.218503227664989 -0.271051288720745
-0.0490284189278416 -0.0151227010521689 0.188686428515649 -0.457364740985348
0.0265343806333517 -0.00675089762766849 0.431883075773109 -0.457713143674969
0.0238111913833923 -0.0423824441184707 0.597067992924419 -0.627987788159144
-0.025013545837068 -0.0388857808921875 0.464429987530556 -0.632516571967886
-0.027306203920172 0.0172580277245009 0.297532661620287 -0.45036391957936
-0.0224426415127397 0.0375885475701616 0.142452476003385 -0.207607202888764
-0.0254401976706544 0.0414194458959259 -0.0574005707774984 0.00431636976365732
-0.025969101311381 0.034715289971992 -0.18132842955138 0.259388353980379
-0.0295983663038787 0.02181495555388 -0.289903208280411 0.50311242829477
-0.0320508423647777 -0.00240506910944562 -0.296493765309485 0.687923397940747
-0.0190828701538265 -0.0333065976738463 -0.324122558985874 0.746664224981143
-0.0122689542753572 -0.0118091411452934 -0.27234507991348 0.6398223975974
-0.0650348190038736 -0.00382220250673153 -0.141953680190559 0.484188980514
-0.0343698788673539 -0.0685106655671332 -0.0893927331742214 0.375238075054798
0.0120572724180237 -0.047061005000267 0.232744864245834 -0.245735773591383
-0.0302866153071599 -0.0214969770080412 0.207615581549023 -0.448446560042292
0.0222630944545198 -0.0176336809690737 0.471919336950505 -0.3911765080431
0.0174076572929596 -0.0307922161814652 0.679941715977746 -0.555748174643275
-0.00960198035184146 -0.0325794114174165 0.531582002091283 -0.586854466822557
-0.0138469202464168 0.00748900568991092 0.324301138860317 -0.420035818675207
-0.0104773608101519 0.0219698844541623 0.140342253432293 -0.187926763178924
-0.0128560952894962 0.0245094985628595 -0.0656485387922138 0.0201896671961957
-0.0158368954486246 0.0194257168538725 -0.178069532016264 0.280438589261581
-0.0140946370762119 0.0111556876718865 -0.261098868134604 0.534203807168667
-0.0187566381914284 0.00341336956245096 -0.238540679899372 0.711660199622238
-0.0271620047157847 -0.0208095034391062 -0.241041994440204 0.764215245094825
-0.0229730393782063 -0.0185561890226244 -0.199221731586238 0.664691267665123
-0.0513491167689255 -0.00718945395592501 -0.114184480507178 0.498507182193563
-0.0167312585082887 -0.0384431331535043 -0.0755768757047727 0.376052729213226
0.0222844513505992 -0.00983451840515383 0.238707034675742 -0.230905303374119
-0.00845104929669564 -0.0194625286073216 0.217401549307835 -0.441755420457343
0.0197833688747264 -0.0331087941417029 0.494516866745652 -0.349630574730918
0.00470490438911806 -0.0226744542395641 0.725338651080332 -0.501050475082614
0.00389381958763008 -0.0216244908240296 0.570542762291881 -0.550016873897204
0.00606772686735911 -0.00114685707450258 0.342536392582266 -0.398274307590472
0.0042785549842707 0.00433339648552838 0.141711887840338 -0.178317621995356
0.00113171059014675 0.00332646843973931 -0.0706056030045521 0.027339041452144
-0.00238211221184711 -0.00372883483382457 -0.172236903346139 0.291129856309568
0.00109669440446397 -0.00457898574179785 -0.239888778560146 0.551729755186037
-0.00424599303396767 0.00795520211798244 -0.197420544246948 0.721873890595337
-0.0335511152454672 -0.0038788224407323 -0.18643955404739 0.77138324837467
-0.0367431449706159 -0.0226455354550979 -0.152238787194414 0.675881998993709
-0.0380761405362215 -0.0111315289640068 -0.0960837710157991 0.508974974572628
0.00682434635138751 -0.00736743716148225 -0.0692961175945035 0.375019215987738
0.0279315048239072 0.0307573419946689 0.235023394411633 -0.230557329216511
0.0104034461026939 -0.0107414903470477 0.221873506841684 -0.433024393826738
0.0150384803344371 -0.0479874275693551 0.502354207432669 -0.338866878362776
-0.00937181600626974 -0.0164976012134061 0.733647927388176 -0.487724514810666
0.0148835601392582 -0.00957267176026359 0.581618988285967 -0.532145730435999
0.0271367504265422 -0.00831926885087323 0.35403043016802 -0.390634572096039
0.0208476425374801 -0.0151829914978103 0.147914613788541 -0.178583782442153
0.0172198764722701 -0.0179974222130526 -0.0714657872667907 0.0241845322898838
0.0112287115633788 -0.0234105379812589 -0.169883947165411 0.289167868980649
0.0169043127910606 -0.0192108816401324 -0.233314670510062 0.555710537594519
0.00964324667252238 0.0114949771940731 -0.188395287083474 0.727251350450816
-0.0430470536386657 0.0108974896001161 -0.175215426118958 0.773191511828502
-0.0499450832376641 -0.0270345230235765 -0.141434965640119 0.676650116084289
-0.0239314734894141 -0.0159445739888236 -0.0908253499207817 0.514741060825591
0.0276123849879251 0.0238584535206872 -0.0721839475701982 0.369663336437532
0.0328221703924841 0.0617777223764106 0.223592107022592 -0.242740686262983
0.0252188460274706 -0.00543566038596381 0.214642074618967 -0.429539715109318
0.00718775665922285 -0.0595527648323939 0.491334472957406 -0.364799548457496
-0.0235007487019888 -0.00951245797575955 0.699744634585148 -0.515861820267343
0.0241252020664104 -0.00148382603719872 0.566966407528569 -0.541825597369051
0.0451396657497338 -0.0173779947438514 0.355221127229852 -0.400932796656322
0.0362945817229199 -0.0325069661395351 0.155860585984163 -0.187984593468582
0.0311820304362268 -0.0397189979378914 -0.0663422744159947 0.0155938419329395
0.023491499708803 -0.0438520464890726 -0.167334498800294 0.279056953628428
0.0299707126813278 -0.0335217210441935 -0.24008839534231 0.544438915849889
0.0197904044464456 0.0158696644775486 -0.208245861530695 0.722971829785109
-0.0509712430214607 0.0241569306602296 -0.206446852975486 0.770945041328059
-0.0616149067351157 -0.0355587553033752 -0.164755285221239 0.666402789373906
-0.0108523301446957 -0.016937940903514 -0.0982390023485897 0.514771467233913
0.0433167501169546 0.0527520782848514 -0.0847663761178248 0.363236714247104
0.0409434095769304 0.0815295081467805 0.202794032177159 -0.263755112532267
0.0305399792640417 -0.00676497336254813 0.198570169132287 -0.427388177000151
-0.00361681451420765 -0.0640727196364569 0.465923476057269 -0.421469905697062
-0.0334172907997836 -0.0016324640722283 0.630533011711242 -0.576358727173442
0.0298125977066779 0.00091848516910456 0.520633915276048 -0.575097425601911
0.0556840268217792 -0.0268669632025592 0.343663269144451 -0.426335122678877
0.0448944502788015 -0.0470526197904392 0.164764681450111 -0.209044381579417
0.040231476802051 -0.0535424188475192 -0.0566043875459036 -0.00352388509591068
0.0336114358510076 -0.057829796128712 -0.166187384133202 0.25869225418284
0.0429964872861866 -0.040787311740641 -0.258142615802214 0.523940379990878
0.0265388335221164 0.0217850638446371 -0.254101835672685 0.71089102132384
-0.0625633013078808 0.0302721917130439 -0.273809578877721 0.764018863713813
-0.0678458315753197 -0.0469115724064548 -0.221515562423661 0.644429909716577
-0.00124017429330187 -0.0128234880995118 -0.118579998613257 0.509070340882288
0.0473669653553084 0.0757572442046707 -0.10235350822391 0.353439449643502
0.0455981246680034 0.0829547086910386 0.177043314142377 -0.286824696036303
0.0280240606044383 -0.00858337282511943 0.179852505128104 -0.430515235810969
-0.0152263227482095 -0.0610480638463136 0.415505279214524 -0.492839625796402
-0.0364894875059814 0.00601047407417869 0.533024089802846 -0.643062217872037
0.0311753888054005 -0.000136070967833163 0.453331244434481 -0.619869256650876
0.0584150262371926 -0.0352962270158515 0.321819241537795 -0.460571801261753
0.048020562891034 -0.0554354150129579 0.166840482926177 -0.236304796490895
0.045515130084062 -0.0611782386972607 -0.0454780182419879 -0.0260393084360439
0.0400835945099026 -0.0631425647854975 -0.162876890451941 0.231165540956236
0.0521792043319207 -0.0426863547407235 -0.287027708696646 0.490587853165672
0.02681551202909 0.0261075211816875 -0.321523947537048 0.688624083287893
-0.0739177583536086 0.0259866153618436 -0.374857867337624 0.737296842599729
-0.0673813760958843 -0.0577408496194549 -0.299141250911975 0.610279566122199
0.00674690946564517 -0.00433968142761475 -0.14705458990536 0.495253265597531
0.0395728509050877 0.0889214890235133 -0.123841255430388 0.341700405054034
0.0453470392630558 0.0720676992311804 0.148702149854309 -0.306174301611105
0.016771802807827 -0.0104255960405916 0.159894490432349 -0.44122346296003
-0.0225894516380605 -0.050624284252977 0.344553285209688 -0.564912400632151
-0.0349653523313179 0.00896325347063299 0.418867554633954 -0.705682146301654
0.024081836825432 -0.00514289849988602 0.372083093624976 -0.660065479702691
0.0509517336405211 -0.0388582508752959 0.289966696195359 -0.496030976361244
0.0427025360470906 -0.0571226090346103 0.168148189079824 -0.264595389730333
0.0451090762377011 -0.0592039189470025 -0.0330707574953358 -0.0480595429113696
0.0406230714571187 -0.0605918580372237 -0.15927977234324 0.20256346869639
0.0513758050562333 -0.0351750892926463 -0.31366963279772 0.451068604569436
0.0218863521199612 0.0279426997009861 -0.396831407000098 0.650168181848551
-0.0805901051307624 0.0155220114060365 -0.490475242505216 0.693010131235307
-0.0580732461789753 -0.0657864525996975 -0.385014243809689 0.554300489804486
0.00446210371067098 0.00786141808552954 -0.176969797330048 0.480051577185983
0.0203565305502445 0.0888350340973046 -0.144313842490182 0.329156179529961
-0.00369528705640998 -0.0755525960726412 0.216636337032353 -0.274847654572269
-0.0500059582742475 -0.014981684589719 0.18422275762079 -0.461981406563655
0.0259981518805916 -0.00831242802087085 0.430783611758583 -0.466022100127048
0.0247168028265966 -0.0422233486718412 0.594838960804247 -0.642358604373783
-0.0243318405640837 -0.0388210012674713 0.46023355956228 -0.64503935442464
-0.0279671780903936 0.0172331015560063 0.294684573373558 -0.456858686558519
-0.0228329307502771 0.0377510493372454 0.140085269586744 -0.210713775117508
-0.0261819620928825 0.0423989086418154 -0.0573476328243323 0.00594126444402961
-0.0266566079972833 0.0359557358210509 -0.180979025845904 0.263046790209757
-0.0299391571188376 0.0218459262693838 -0.286938520893547 0.512735880416954
-0.0313413678234388 -0.00276285808487244 -0.293310009950866 0.698797826712109
-0.0195722878056548 -0.0340518650723299 -0.322017973079893 0.758048616354935
-0.0138527734800796 -0.0116815036243563 -0.26773824598553 0.649005053311974
-0.0645251714022667 -0.00374573273213241 -0.138621775820866 0.491113410929697
-0.0362551266521749 -0.0678664282946783 -0.0865725561744218 0.379073898053952
0.0138653702571108 -0.04768228182031 0.233624021168383 -0.251971137093753
-0.0304531021043842 -0.0214276155317147 0.204340150651141 -0.45375884406659
0.0209847217778934 -0.0188790420248156 0.471940124704872 -0.399679814821053
0.0189628731864984 -0.0306796472160648 0.678453015047311 -0.567159656370323
-0.0100059198654895 -0.0317431399483626 0.530822128251921 -0.595336966333659
-0.0136439161290894 0.00773413819784561 0.322018097708412 -0.425675295860702
-0.0108397320290898 0.0232539043398234 0.13988879362996 -0.191571912223846
-0.0131496524408871 0.0254056290026821 -0.0668878259278201 0.0225927136237025
-0.0143021938724686 0.0188858569127493 -0.17568224732707 0.28511796012148
-0.0152371224941365 0.0115432037268463 -0.257948724429289 0.542273661056407
-0.0180739919083574 0.00362249168023938 -0.233001834666068 0.721357251358563
-0.027470031526464 -0.0203185885730101 -0.235182615907555 0.773986262819822
-0.0244885628910333 -0.0179637237058013 -0.1942340493839 0.674586077060395
-0.0515981789662716 -0.00718542280910905 -0.111259629696638 0.50517042485655
-0.0164374919129529 -0.0385046203730499 -0.0725594697091033 0.381292852053588
0.0231308289113322 -0.0104274988358412 0.240109675580392 -0.235974526217473
-0.00942753166734366 -0.0191790870298834 0.217089159693476 -0.447340236710089
0.01904665497202 -0.0340689083388972 0.49492465079186 -0.354632594830092
0.00570732739767956 -0.0232090489747043 0.726794161707589 -0.512170597362771
0.00331111266322146 -0.0220954564966939 0.571342433217311 -0.559874037444578
0.006974440032102 -0.00134603004748295 0.343209726997896 -0.40582251826349
0.00414924628508287 0.0042261684884198 0.142038796607304 -0.180713466566977
0.00170222539914024 0.00337181157777953 -0.0714774294506462 0.0278441892624201
-0.00208730142005456 -0.00218563095416186 -0.172042961793758 0.294909098094519
0.000220470906757156 -0.00371235795824127 -0.237308900583613 0.559899036822946
-0.00495462607319095 0.00723932211626057 -0.191102076361459 0.731786914081578
-0.0348277398649498 -0.00354376294863009 -0.18160230622947 0.782024063779038
-0.0382437189987277 -0.0226862669317284 -0.146262801790638 0.683801532985675
-0.0373341786954545 -0.0112365274580166 -0.0931463393950992 0.515255532003269
0.00707798265880396 -0.00570906952007275 -0.0665261253915693 0.379461898113893
0.0283096944623956 0.0295724674547631 0.237229072716414 -0.235010572307125
0.0109954987933304 -0.0119108647912407 0.218277623641217 -0.438669444541025
0.01486391327469 -0.0485549994991674 0.502195749893857 -0.345492938980597
-0.00953868924594911 -0.0160751371698642 0.734816005805605 -0.498637424268063
0.0152913380161672 -0.0107303031676758 0.584672213933398 -0.542206448811667
0.027604696551893 -0.00967012162961847 0.354546564691864 -0.398065825977881
0.0217908834516347 -0.0140008234172978 0.148019038368803 -0.180648607428498
0.0169394120340169 -0.0188827449933971 -0.0714448149609119 0.0263279205764944
0.0107835942044785 -0.0248859615138684 -0.168706207948356 0.294973707727837
0.0160011222355959 -0.0194528428687138 -0.23155981688784 0.562260965246732
0.00959107959198967 0.01154587425316 -0.183446858925786 0.736551783800413
-0.0415294915270583 0.0124769869140837 -0.16956752965517 0.781110107358857
-0.050956859355505 -0.0275913863247479 -0.135018117075271 0.682488973384205
-0.0250688391914391 -0.015239525733087 -0.0860066725148555 0.521844885999806
0.0286152622419942 0.0248117669178938 -0.0697280858071388 0.374170894313114
0.0349835873948391 0.0623077554427622 0.224098682255251 -0.247166317784748
0.024796424317948 -0.00687979109786277 0.210872179178371 -0.435270248024812
0.00673297662276642 -0.0593469362259279 0.493425804574489 -0.371528412726683
-0.0235901876589212 -0.00919063423145282 0.700341513916199 -0.525041646764904
0.0249300043547692 -0.00253081646082529 0.568247948825823 -0.552147822943142
0.0441710738819317 -0.018214585356032 0.354502949512617 -0.409047190812314
0.0364449275010119 -0.0326862542696125 0.154580881583263 -0.192228190712995
0.0299651373382374 -0.0393623223579673 -0.0670320129415785 0.0148600424776809
0.0227682263633329 -0.0433283476800318 -0.166337394965584 0.282942330233659
0.0301777818009476 -0.0338705989039891 -0.237056302285307 0.552827931595906
0.020501492801301 0.0155971608646229 -0.204207268157002 0.731580000917459
-0.0517168971120768 0.0243203038762407 -0.202652074309919 0.781838551956271
-0.062598688286425 -0.0355756701836033 -0.160200624660924 0.673183697243384
-0.0110523610351495 -0.0164907839887668 -0.0940490369570078 0.519048372657739
0.0445309318770233 0.052312470169515 -0.0819805650081226 0.367810552703091
0.0416467651409635 0.0809761972047751 0.202615671833358 -0.267919355848294
0.031844142236529 -0.00580059034026373 0.196388700229436 -0.432749267643817
-0.00425614647409597 -0.0638498735056691 0.465173417401303 -0.427784021870715
-0.0333368436287523 -0.00136756132305949 0.63190003120861 -0.585038799251021
0.0303143559625155 0.00131778889368079 0.517819112740136 -0.585164717813371
0.0556571881491446 -0.0282297729469782 0.342671476769227 -0.432132209138693
0.0455367703100736 -0.0473336507938555 0.162480709745805 -0.212438632302416
0.0402858048303149 -0.0545797348991322 -0.0591621553871264 -0.00243768131951541
0.0324988622278096 -0.0581818994825448 -0.165706432033111 0.261601403821798
0.0415807619909735 -0.0427771615152429 -0.256605740054513 0.532607324111434
0.0277039984725738 0.0207383596303241 -0.251392996619845 0.719655746397476
-0.0627409049055298 0.0314225457757591 -0.268678569965778 0.773176285513291
-0.068587289292318 -0.0455830719987728 -0.216972483373827 0.653905339445204
-0.00126971338757429 -0.013133228602093 -0.114982912537867 0.517206057576915
0.0484572246146947 0.0763420350908694 -0.0991230191990987 0.357810933768595
0.0467909028726059 0.0842251629834166 0.176189035961373 -0.290049846210817
0.0281420907726952 -0.00932115694250122 0.178310729239796 -0.43637600202162
-0.0159302493836487 -0.0609349563290472 0.412105423627703 -0.501506832477229
-0.0365662162755949 0.00546265303423858 0.530804045238694 -0.653805588333279
0.030416439418671 -0.000589625172341682 0.45033471071489 -0.629693814840014
0.0572058591476083 -0.0355364915833615 0.321166896819635 -0.465525231829696
0.0470288202663616 -0.0562149028090576 0.166516544414122 -0.239962288324936
0.0460907893576006 -0.0614892588389079 -0.0460175251216729 -0.0246445649276586
0.0390722716219423 -0.0643440681912626 -0.161899140444577 0.234375791613206
0.0508605990269857 -0.0428462073480944 -0.284804269684046 0.49926145243466
0.0283874347929499 0.0264333408262636 -0.316883347864835 0.69883836937237
-0.0747678900171512 0.0272956056651279 -0.37026126036004 0.748778909831606
-0.0678645254194038 -0.0580258194734612 -0.296527602307279 0.61846966319206
0.00711780331089943 -0.00451687591936329 -0.142155883467506 0.502972399966495
0.0403390610659183 0.0900388902912663 -0.122497657011547 0.346761412527446
0.0466148752096778 0.0727713569936097 0.148353260330834 -0.312362240608301
0.0168851461782471 -0.010295207601865 0.158077256875633 -0.447088749106416
-0.0234002042859232 -0.0507733970993192 0.344691152634452 -0.57187767081737
-0.0344209986332916 0.010220482714184 0.415149130988032 -0.715544493231041
0.0260475599411695 -0.00497508860993965 0.367843150864752 -0.669062697708164
0.049977303687495 -0.0390460171626329 0.288132269973042 -0.505063432001687
0.0422685219466068 -0.0570197772970169 0.166013118181918 -0.270059530257993
0.0456348074694922 -0.0592384297105214 -0.0327601968580574 -0.0483227095477953
0.0408004606264279 -0.0604424815549531 -0.158063354393794 0.205259733098721
0.0523383649606178 -0.0373067885278997 -0.314147149365487 0.457547599658318
0.0209691007305129 0.0289162890292074 -0.393173914598089 0.66129975100159
-0.0818135017297878 0.0159258389510642 -0.484507437828681 0.707310619861159
-0.059818549808665 -0.0647870284387225 -0.382348174001273 0.563479997943365
0.00540502214298862 0.00877198477958104 -0.173749880006374 0.485243757613448
0.0231059431817608 0.0893073013395888 -0.143113129247493 0.333367861153697
-0.00345957864449228 -0.0764808675422985 0.217081644193911 -0.280977536624963
-0.050649975460189 -0.0144068913613475 0.180659726504129 -0.469131901114788
0.0256873201148138 -0.00823895377553803 0.427927861545921 -0.473948291138697
0.024058811969068 -0.0423036548197028 0.591731733720128 -0.651420268727589
-0.0249709774190365 -0.0384718736269543 0.457334673178628 -0.652669731213314
-0.0283143665885347 0.0173704271097665 0.291560591528998 -0.463493755663491
-0.0223001872746627 0.0382713602275465 0.139952197242397 -0.214197347293612
-0.0258234723970878 0.0433063275266731 -0.0579053547544217 0.00685331771496287
-0.0276129102578653 0.0363637649372764 -0.178169186622931 0.26676724422051
-0.0301171801944958 0.022284942346454 -0.284124839330845 0.518995366182703
-0.0314775152037118 -0.00270311433759857 -0.287704357068318 0.707729247792067
-0.0209046695540424 -0.0333156076095728 -0.314613332758455 0.766232279801515
-0.0146695310760815 -0.0112914024165212 -0.262433695438154 0.658451038693687
-0.065759433010552 -0.00387035225861109 -0.134649092815434 0.496713377617769
-0.0364028028700426 -0.0687225901820512 -0.0823739927804491 0.382752662038193
0.013359678178177 -0.0491057019572702 0.233651426473388 -0.256105795784018
-0.0309767407476691 -0.0209161107621925 0.199717541598427 -0.460619525137086
0.021142679625881 -0.0194246083874557 0.471787619490831 -0.405147282752083
0.0180701534754447 -0.0313848511096444 0.67823348282842 -0.577815038779542
-0.0101940503288854 -0.031895159493522 0.52651291458292 -0.604773951276476
-0.0135305986732033 0.00739775106150858 0.320524823642988 -0.432037408066079
-0.0113949138857852 0.0240763174522285 0.138931877066513 -0.193601025324079
-0.0126125406394422 0.0251818128683299 -0.0674735664639672 0.0222130609845295
-0.0147161579587496 0.0203324568970014 -0.174777768323298 0.287179177948552
-0.0146595150113176 0.0117964909575698 -0.253175750892618 0.549265226067822
-0.0189154955861083 0.0028458104393828 -0.224854109506794 0.728763730298309
-0.0279346713810679 -0.0193207305793483 -0.225783135859951 0.783722386747609
-0.025490066364169 -0.0176518667525527 -0.188488803703619 0.683259731889484
-0.0515784051335594 -0.00659516260830728 -0.106316459734356 0.510760482304389
-0.0175124731425119 -0.0376153254551041 -0.0687124995725884 0.384642302791488
0.0236652783708607 -0.0104099793149142 0.239171090117641 -0.240219345760486
-0.00891352751401388 -0.0190268111009642 0.213520272208592 -0.45217960858537
0.0182785813905255 -0.0340675573674986 0.494034280318055 -0.361898094650149
0.00497013526920973 -0.0232098129105851 0.72610806449186 -0.52503306062436
0.00412570349872367 -0.0215738610345786 0.568422667841341 -0.569142580268329
0.00622293511339421 -0.00128216187556923 0.341296699029323 -0.412611196990133
0.00468654749259672 0.00526866901786617 0.141181614672083 -0.184314975544901
0.00156468957696725 0.00309535716477739 -0.0720539663484887 0.0290811155968579
-0.00162804384167981 -0.00187059885984735 -0.169248705095287 0.298634387026425
0.000518141322271556 -0.00490690329128827 -0.231095854937942 0.566582082460653
-0.00417949368178988 0.00674207270689371 -0.185687024210104 0.741344610651375
-0.0353785110380248 -0.00295588777363332 -0.173424810304012 0.791658298979487
-0.0387148144126029 -0.0221312860357008 -0.140310805505923 0.691034845462269
-0.0387593532284394 -0.0106796774079234 -0.0865314930775052 0.52330606757359
0.00696500316586076 -0.00710607231349303 -0.0637703113007539 0.383171690455886
0.0294357175956297 0.0297112237451992 0.235515369022914 -0.238918683034307
0.0113939736457848 -0.0114585428504736 0.216978373833498 -0.445785096465719
0.0142563199550467 -0.0491438015435114 0.502163616019193 -0.352283528039
-0.00927937980572317 -0.0161337478901814 0.733190482014103 -0.509491092779894
0.0157853592049841 -0.0107391232282235 0.583829683098194 -0.551620336157002
0.0278706810461804 -0.0107058945149173 0.351858905310705 -0.406717101802004
0.0213676924802983 -0.0144427701335053 0.145281694349748 -0.1842760757017
0.0173197128111726 -0.0197071602158671 -0.0719690891147585 0.0280569293112362
0.010803525319359 -0.0241954752943319 -0.166524359381564 0.298075452485127
0.0149996147950503 -0.0208645600581932 -0.224452852502381 0.569354085132828
0.0103542191831715 0.0120107758989233 -0.17410540778841 0.742735089974648
-0.0419345949480774 0.0138342241773854 -0.161080043824252 0.792101926925818
-0.0529074192289368 -0.0278342908356916 -0.127580582916704 0.689709825422105
-0.0251364939002563 -0.0147673807247974 -0.0797053040019328 0.526050949256956
0.0295403721217906 0.0243596205121199 -0.0658815727200496 0.378353137299795
0.0359291304165798 0.0618054292430838 0.224586057355291 -0.251197425892289
0.0257661556393278 -0.00622669461477251 0.208079781174047 -0.440029220311492
0.00634761029946388 -0.0592870762841273 0.492157024070653 -0.378920999266404
-0.0239680563677372 -0.0085536926246929 0.700067998198821 -0.535838664070121
0.0250129564461747 -0.00300542817403461 0.565137664355921 -0.563039664151501
0.044832041337822 -0.0198989763719732 0.352833693436284 -0.416190898192044
0.0359352299460804 -0.0323110884586336 0.153628467992817 -0.19472261246094
0.0303522181835295 -0.0412440442443225 -0.0670700420584785 0.0173038608277856
0.0219254858665078 -0.0437449728380865 -0.164000743306507 0.286879774996654
0.0294641787554561 -0.0346772298595161 -0.232722934936025 0.560361930881909
0.0216516098785462 0.0153551396392524 -0.196253344622624 0.739292648296799
-0.0515208109064478 0.0260648694222099 -0.194459450611152 0.789882199457375
-0.0637165040197063 -0.0348312881804853 -0.152479954453549 0.680122867895219
-0.0123202029442734 -0.0161470068792987 -0.0888353220360342 0.526691574105525
0.0451700622930019 0.0527433746755707 -0.0788035112628507 0.371254419851489
0.0424776397975077 0.0809054944311819 0.201734153355753 -0.273073370535649
0.0321708290249008 -0.00655116895356655 0.193827114269286 -0.438354721533355
-0.00550797698521178 -0.064761466619162 0.46341498105049 -0.435260042474642
-0.033302969516894 -0.000956837353868516 0.628768200107043 -0.598507788052985
0.0308122511112883 0.000573815875370583 0.517470698765623 -0.59532765453163
0.0556611197270718 -0.0291114922651214 0.340411792191937 -0.439211159524652
0.0454436321526529 -0.0481475293906709 0.160538686576607 -0.215878780747747
0.0403825322653708 -0.0559022512501686 -0.0585893066066555 -0.00145143291417056
0.0322709217943389 -0.058488057031709 -0.163385935091508 0.264548418511862
0.0421678759020582 -0.0427435401847772 -0.252658257360746 0.538815560630798
0.0286082261506507 0.0206526278930132 -0.242042909476512 0.729800405010661
-0.0631353734000751 0.0324927332348529 -0.262646594481182 0.784164295333589
-0.070078024294478 -0.0452480768772068 -0.210157562050385 0.662264233684837
1.90925567601224E-05 -0.0121647705695382 -0.108270364516491 0.521348293668016
0.0499628372237496 0.0769241901485363 -0.0982166358171742 0.362574277571785
0.0478252006063992 0.0833008884678585 0.175227280557517 -0.296236733124797
0.0292023190862733 -0.00960402548132685 0.173944438400864 -0.441536054123508
-0.0173880141442493 -0.0612982875426449 0.411269779017658 -0.509678287983709
-0.0366956730544952 0.00629325955159786 0.527118386640952 -0.665219050055161
0.0320727590164211 -0.00100064311196825 0.447821394075783 -0.639000451444282
0.0562979207614016 -0.0373750803033405 0.317310144826642 -0.474407293543056
0.0470832907872114 -0.0573047335943234 0.165561121407778 -0.244392360825584
0.0450557054051252 -0.0621438158897295 -0.0464471900402246 -0.024633198397406
0.0391130050764582 -0.0644917644947967 -0.16136699032133 0.23842616571604
0.0508230074444142 -0.0435710227080234 -0.27958517301021 0.50533351563642
0.0288307999303274 0.0254121819759314 -0.311265140907171 0.70722703842717
-0.0749816039661929 0.0287473352244254 -0.364039060175091 0.760356192195847
-0.0696760192941597 -0.0567553004646119 -0.28966349310751 0.627586386465678
0.00693147204143536 -0.00446294561188941 -0.138324887227362 0.50862151992408
0.0422655679403794 0.0905314759904764 -0.119243856023199 0.350076326963995
0.0476124339997365 0.0721988193870041 0.146674074161366 -0.316734327824876
0.0170659748227902 -0.00978269435894674 0.153568651643631 -0.451701786237717
-0.0242318385489194 -0.0509842220348801 0.339334202581907 -0.580529730147831
-0.0346529509183119 0.00945657863481525 0.41043718194331 -0.724246582923346
0.025842006740866 -0.00559880574510619 0.364384156076402 -0.678337741362314
0.0493011081242425 -0.0398496109663125 0.284339616323815 -0.512309185156709
0.0417327111713833 -0.0579349363125738 0.165146434223342 -0.273734882627282
0.0435390465589313 -0.0605853473482457 -0.0336057830255826 -0.0484323560469953
0.0405924854116678 -0.0613892132827396 -0.156786091945264 0.20781466142147
0.0518605264288414 -0.0384216118249874 -0.311123389887142 0.465670441305361
0.0219294801100471 0.0273225805649034 -0.390498096904677 0.669062044953234
-0.0813847578299354 0.0176633219969448 -0.481600045123328 0.718275304037645
-0.0606642238352121 -0.0646122161931937 -0.378877382586488 0.573587193074676
0.00508982997647767 0.0083989424286038 -0.167873204333453 0.492422085672093
0.0244332737106893 0.0902089215013715 -0.140632325934182 0.338275248374026
-0.00356760848267393 -0.0775305883835549 0.215448236816439 -0.284610339869723
-0.0515977310444342 -0.0135672352464486 0.17601715596444 -0.473600503255119
0.0247808384739525 -0.00831938244366061 0.423191798999381 -0.480344993846542
0.0233822545175372 -0.0437655553864507 0.586499072800315 -0.662786338914407
-0.0259625037846746 -0.0391059091162202 0.450917658895818 -0.663906874542351
-0.0287939209928803 0.0179152330036268 0.288937842639569 -0.469487661680507
-0.0224866303980462 0.0396202903547592 0.136978853763245 -0.217120183973078
-0.025601471833552 0.0448042888179869 -0.058716442782149 0.00753314261810166
-0.0275924812020263 0.0367856199475215 -0.175187327165932 0.270975713502651
-0.029656852139587 0.0223675479516429 -0.278650431266343 0.527523925906173
-0.0315209739462845 -0.00304064014853472 -0.280465704990924 0.713963745469933
-0.0213887994177172 -0.033374564852272 -0.305772629764925 0.77780549921369
-0.0151014585554871 -0.0113578600750504 -0.255491214065692 0.667803085585733
-0.0655713740435784 -0.00269798281914951 -0.129784998132717 0.502849488072237
-0.0368509037776762 -0.0684226747312014 -0.0799498590153239 0.386511332814145
0.0124652635423849 -0.0502248350076345 0.231948643726246 -0.259740297977057
-0.0318897939865113 -0.0198929356131023 0.197192775904611 -0.465688280534679
0.0208443528510646 -0.0199360387646789 0.466483571491446 -0.414355055797084
0.0178312783053838 -0.0324024908640835 0.672669905612409 -0.589617109973892
-0.0106108920859303 -0.0321664500803793 0.522398428630295 -0.616062843683937
-0.0135105703753067 0.00832459959287612 0.316973254295581 -0.439839190331486
-0.0114837405692925 0.0250771954394457 0.137500158525577 -0.197731177978495
-0.0129724924549409 0.0259587659774638 -0.0669580047814728 0.0241690200592932
-0.0147164705216021 0.0201628691952703 -0.17218575401358 0.291925075291161
-0.0150484288592881 0.0113050490942146 -0.247904578129967 0.556216653186929
-0.0182456451923395 0.00385704585926544 -0.216419888869546 0.736277713956784
-0.028532183837996 -0.0194922767577667 -0.219148364493544 0.792112289607324
-0.0269028846534184 -0.0176098790649847 -0.177977231673309 0.691935603892562
-0.0521162445419582 -0.00551744387379717 -0.100170668090394 0.517147057553585
-0.0179596066987125 -0.0381540067299176 -0.0640558834068125 0.388795274589753
0.0236441194816534 -0.0118841556947045 0.239225358392206 -0.24503650417164
-0.00934474533811562 -0.0181395090927502 0.208570042727589 -0.457303740796575
0.0173354404300994 -0.0350508740128614 0.491897645148959 -0.371768534515695
0.0055834774592585 -0.0228587218617929 0.72378948976289 -0.536504223601937
0.00424453975546656 -0.0218995235445009 0.564592193917257 -0.579283476762002
0.00569159941026673 -0.00289685258183734 0.336926203282565 -0.419722881372286
0.00437060945172709 0.00541761871246928 0.139397410505941 -0.186484268797234
0.00169665196518267 0.00275826016922605 -0.0722155768395824 0.0312110337396545
-0.00232788499837025 -0.00121492255991152 -0.166820204625398 0.302724371469085
-0.000137151189131293 -0.00512517256033604 -0.226488731804793 0.573744554455276
-0.00396370187062153 0.00662936297445891 -0.176907389618714 0.74678405441699
-0.0355368678266339 -0.00279873197612036 -0.163064918655624 0.799690626768633
-0.0402167985016016 -0.0216737230023758 -0.130133667024434 0.699206351766775
-0.0392735886839267 -0.0108308099518275 -0.0814625501489971 0.527137465251846
0.00664906055333215 -0.00649032841161007 -0.0594967594451327 0.386340675948566
0.030042969835063 0.0285995422632378 0.235710580085692 -0.242936333069599
0.0112247435005687 -0.0113761028770285 0.213340589188367 -0.450922326425349
0.0129959996073335 -0.0499560269726076 0.500020889548583 -0.361271806452278
-0.00969873526406539 -0.0161216209076683 0.732103432406663 -0.52273314384971
0.0156445858876621 -0.011684203691937 0.578730904305205 -0.564398519911971
0.0263191738787731 -0.0113098895520345 0.347873363487376 -0.413772792279946
0.0218545789324946 -0.0146423336906875 0.144017608434748 -0.186644600277063
0.0168794848171045 -0.020393209039951 -0.071727973431951 0.0293206310306277
0.0100380808666761 -0.0246036327152237 -0.163781911266123 0.301060820120121
0.0153227573661485 -0.0210726908118863 -0.218965921465595 0.576357972725699
0.0104703510349698 0.0109003864271859 -0.164168102787661 0.749838265992832
-0.0420111523706707 0.0138247012216754 -0.152043111118166 0.800054255511109
-0.0527491445590681 -0.0263045395549619 -0.119277719408521 0.697777120945782
-0.0251623484607893 -0.014792227586069 -0.0735991475158889 0.531733271955883
0.0294523265622782 0.0243761208681467 -0.0627622428851673 0.382674871986979
0.0366223608120704 0.0619348371070791 0.223286966541187 -0.256193347407367
0.0254949363736651 -0.00564970623350781 0.203735523611173 -0.444921812767236
0.00581308451673338 -0.0614825993399511 0.491545070273985 -0.385888689002408
-0.0234917264789879 -0.00951164756307529 0.698834832565871 -0.548055620259786
0.0262471782452795 -0.0024736055576293 0.561584878513665 -0.573946548221933
0.0448673561759418 -0.0211350655676547 0.349342062037445 -0.422511166518883
0.0356119945878246 -0.0337578306006454 0.15186106583736 -0.198627433703919
0.0305350438441466 -0.0412851475775571 -0.0678770864882322 0.0169589110161079
0.0220843951068136 -0.0445484848210474 -0.161845310572977 0.291010957596866
0.0288924351960509 -0.0349245820177375 -0.225818379936516 0.567374571224285
0.0218482257908475 0.0150801599661639 -0.186931942460542 0.748331500419621
-0.0519452154081028 0.0264192214508442 -0.184830827549317 0.799546273625144
-0.0643977198628692 -0.0344151328823938 -0.146053507597357 0.69025370956702
-0.0113273167220993 -0.0160495631210625 -0.0821674763644529 0.533015849568053
0.0455710948687108 0.0523860142327511 -0.0748383686997027 0.375091792861204
0.0440036852327197 0.080675578101615 0.201551175030793 -0.277190199109142
0.0327345127977219 -0.00706538128840256 0.187572318452821 -0.442610322109578
-0.00584777005392701 -0.0648531266434291 0.459997360104495 -0.444391364123552
-0.0340846955730505 -0.000834854522513119 0.624445581682466 -0.608133295967529
0.0311140726507841 0.00033976957765406 0.514659343881288 -0.606440834617329
0.0545467130418696 -0.0299227698948054 0.337524930229697 -0.446784297097015
0.0442885649710287 -0.0494346364014169 0.158018529261223 -0.219336325864797
0.0397344341517392 -0.056871682568237 -0.0586143531249123 -0.00132051499348253
0.0323727119335868 -0.0593645492756278 -0.15994209029397 0.268019511596447
0.0422188188730635 -0.0437852150522669 -0.244364979066033 0.544832622325299
0.0284216464230487 0.0200816944581922 -0.234915091934271 0.737829643575396
-0.0633523561881919 0.0329144771490487 -0.253059383266218 0.793152916258203
-0.0721411729931868 -0.0437050159021385 -0.202106313669055 0.670672683683675
-0.000324152416262553 -0.0129362811406934 -0.103209343779032 0.528154494281401
0.0510574349378855 0.0758282861926469 -0.0936411004212218 0.36566950123778
0.0496863301746727 0.0829455413555415 0.173907208492599 -0.3004698941097
0.0283855318004162 -0.00915256115935696 0.170018451666927 -0.44688897388228
-0.0184878211712066 -0.0616709149350717 0.405287588362796 -0.516517722621553
-0.0368084135908479 0.00682307363065211 0.522563399317739 -0.675524239035329
0.0323282342448435 -0.00118896761529203 0.440831911032323 -0.649312551124553
0.056540799845229 -0.0383005116082211 0.313206944721454 -0.481746795615772
0.0452227101037077 -0.0568500926679166 0.16296776578232 -0.247826140048645
0.0444459585927722 -0.0636299306496487 -0.047835182355668 -0.0236197249693064
0.0386912222972647 -0.0644740061055582 -0.158932397988666 0.241141484997074
0.0496341408497693 -0.0461589386706856 -0.27443549726513 0.513816522925508
0.0293210764884398 0.0246577346283006 -0.304983151192721 0.7178635988768
-0.0752469354199548 0.0304651508205413 -0.35495827742746 0.771211916981067
-0.0712397559815417 -0.0565931622964196 -0.284832605054712 0.635041032377597
0.00656077233191274 -0.00428989910004163 -0.132370800422661 0.514298223434208
0.0423809791732731 0.0905183175086251 -0.11661859550929 0.354835420235141
0.0488647397777444 0.0712091497840164 0.144969099825783 -0.320877650034932
0.0178164545214256 -0.0101266806477286 0.148535580859723 -0.455407802944584
-0.0255785032293347 -0.0511521661846204 0.333018250884237 -0.587214075695948
-0.0346994829020545 0.0104208862643321 0.402642453796975 -0.734562789623445
0.026836609590612 -0.00589967242090239 0.357778558197837 -0.6885584832028
0.0488931328944238 -0.0410921421802763 0.280912776070293 -0.517973929976867
0.0415617623179601 -0.0588485718197981 0.16225624346365 -0.277002249970549
0.0432801586972986 -0.062209799961553 -0.0348653334624267 -0.0476685516527497
0.0392004400060326 -0.0617427140846985 -0.154078112730229 0.211597118319073
0.0518484754138998 -0.0389947339050846 -0.305214271342173 0.47305438013975
0.0228362884509344 0.0271745140871557 -0.383039193305732 0.681321392199034
-0.0819566761471562 0.0181748433770139 -0.47594546490444 0.728264281077544
-0.0617008335014348 -0.0634299931265166 -0.372480416348435 0.58275386330113
0.0061591086329959 0.00881409215716809 -0.163137873072277 0.49690724745227
0.025134608728349 0.0903097000592349 -0.138462661147971 0.342744906635153
-0.00445713170159939 -0.0787109949219228 0.212586576063155 -0.289053387188568
-0.0511709507196321 -0.0126047974499284 0.170233158196129 -0.477849343544194
0.024829057820861 -0.0100512436517112 0.417012974535979 -0.488907622552565
0.0240505569991261 -0.0441983606798815 0.579603564837821 -0.676655528824063
-0.0263310010731474 -0.0383557166430191 0.445054651912414 -0.671538742248765
-0.0291109050827853 0.0180165674880172 0.283203708510056 -0.477428839443873
-0.021015769513495 0.0391568348309216 0.134082520194885 -0.220138828722877
-0.0247764400718086 0.0448262986062116 -0.0580582836368184 0.00898991440615096
-0.0266220990234037 0.0387524234334194 -0.171526126954111 0.274323386326416
-0.0298128577141593 0.0222479892811121 -0.272190693510878 0.532999830586524
-0.0324106517336519 -0.00207427832709913 -0.270405831552103 0.723306448264137
-0.0236443407606672 -0.0329233571558066 -0.297649191215184 0.786058512453058
-0.0170476779611294 -0.0109284601473509 -0.243886158840144 0.675811610961282
-0.0663987110063455 -0.00224629689081798 -0.121105631132164 0.507240256181317
-0.0381559822663427 -0.0689302086469739 -0.0743729996095606 0.389880011807358
0.01301881109383 -0.0509792908656398 0.231560033007789 -0.264267631729481
-0.0323470792272959 -0.019303984972485 0.19054152542245 -0.468300042951099
0.0207817311965865 -0.02088060610454 0.463846612799056 -0.4207480764942
0.0167666145299085 -0.0331738028202608 0.668533620391041 -0.604135752531035
-0.0101388829634351 -0.031890794709587 0.51523869108631 -0.626549164348849
-0.0144008490070031 0.00828157021251419 0.312493179724527 -0.447315844213792
-0.0112259095280839 0.0235711341286434 0.134432617588413 -0.199527851171905
-0.0127716468723262 0.0264514087546838 -0.0660730168811795 0.0261658489908281
-0.0154165403034736 0.0207401622688371 -0.169399658892336 0.294694350927043
-0.0154355110368186 0.0113158070189873 -0.242410103224966 0.563720304579428
-0.0174004010151184 0.00338461421476063 -0.207289449381685 0.743392051083589
-0.0298060526451465 -0.0183261794875963 -0.207541219416651 0.802728945579609
-0.0280163201811077 -0.0182814464740555 -0.17096615413191 0.697388426497867
-0.0526641702364156 -0.00695489833527619 -0.0951078375161102 0.524551427788334
-0.0185145259840249 -0.0378488883311551 -0.0595879721589315 0.391899381635004
0.0241801899632405 -0.0123742104397597 0.237560171847748 -0.24898706505316
-0.00962385489366063 -0.0177745682194577 0.203792686846932 -0.463732877611542
0.0173585228839624 -0.0356333186001565 0.48951135625489 -0.378268286666684
0.00558219389099804 -0.0237854006368837 0.720328034109167 -0.548977094577275
0.00444660801960519 -0.0224773492769105 0.561247824533149 -0.592124306281977
0.00617825581711279 -0.00219410005273244 0.332776789426386 -0.426872260725962
0.00473446138385205 0.0050933964419078 0.137019310294567 -0.189644686618509
0.00224036277540052 0.00379444913647392 -0.0722870049794894 0.0339627156332187
-0.00218991038406518 -0.0013738079101563 -0.162808955906995 0.305702228611183
-0.000657941276245619 -0.00478956876833199 -0.218991369189411 0.579633038236751
-0.00332865524264443 0.00733113602212008 -0.168576025906818 0.753655957294793
-0.0359800150073366 -0.00164780921973671 -0.152766767389475 0.80623855406
-0.040165359322792 -0.0211444742086553 -0.120449270508799 0.704185849915463
-0.038754713622028 -0.0102795603322325 -0.0729767331015801 0.53197795728514
0.00550412072949103 -0.00763275660210219 -0.0558557578531093 0.390489171226857
0.0313472503888453 0.0277804700157774 0.234135029637866 -0.246893397508826
0.0116558885562106 -0.0114288310376057 0.206560481972528 -0.455436325165543
0.0125312217589911 -0.0497229527592502 0.496716671602338 -0.367436910972356
-0.00931405910127149 -0.0164280727602353 0.729380908866788 -0.533611957572823
0.0170772468894073 -0.0115232957098505 0.574720356937807 -0.573480362749917
0.0273798535630315 -0.00964871585944076 0.343876402743586 -0.419426936478633
0.0215578959468358 -0.0154727845691234 0.14116426135806 -0.189576302755928
0.0154292446568215 -0.0218465636577753 -0.0722994747994405 0.031575011284345
0.00986964306162996 -0.0245644650994269 -0.159994803204693 0.305355580179985
0.0146392406386841 -0.0212828840134097 -0.211127143544024 0.583107060753731
0.0105032865596073 0.010245061336818 -0.155454344297453 0.757244917447335
-0.0429524128297773 0.0152420234899667 -0.140496163825335 0.80664160846818
-0.0545429857100226 -0.0253945111275684 -0.109500868323052 0.703821386393289
-0.0259383068166349 -0.0139562704858848 -0.0653825290778607 0.536334810232156
0.0284257872641838 0.0245898708618426 -0.0564529747589027 0.384669383460471
0.038099461423249 0.060875772499125 0.221655597931616 -0.260587412633228
0.0260322661660213 -0.00606239833967328 0.198452215505562 -0.448518235774457
0.00392461725185065 -0.0605456784813228 0.486382476322839 -0.395608120448541
-0.0226739290355273 -0.00825204464629931 0.690625492653923 -0.561407882428472
0.0257571527142777 -0.0041257879697374 0.558269314944482 -0.584421013493823
0.0442509692419674 -0.0213680634359497 0.344541081603203 -0.429712358567755
0.0349286452328766 -0.0343276551688192 0.147714006533296 -0.201084453175094
0.0296689983876913 -0.0412814929609114 -0.0677353532500736 0.019315140176534
0.0193017811905326 -0.0455047138075029 -0.15810715845942 0.293266855877507
0.0279614338782716 -0.0363757170976957 -0.218889186566043 0.57381239993742
0.0224407851957328 0.0141262937217809 -0.178299407725886 0.753576196499221
-0.052219500164021 0.0273030712467861 -0.172901190418946 0.805096651585346
-0.0667823125354792 -0.032975020297037 -0.13603876888665 0.696555190125324
-0.0129341294454905 -0.017016532995143 -0.0750212007927944 0.537422975565706
0.047572001688491 0.0519449932074526 -0.0702777108411924 0.378705809557358
0.0447482445211393 0.0794278334937379 0.198071831071862 -0.281924105105914
0.0325996213415423 -0.00647314926381822 0.182848954504233 -0.44827740728783
-0.00685914506012864 -0.0652667337402222 0.456628299695025 -0.45137968740294
-0.0333329382710298 -0.000586992443215285 0.620530613219184 -0.618859502145404
0.0320224216598418 -7.0517866140301E-05 0.506518814141892 -0.61493522685916
0.0541301444157543 -0.0315968138656753 0.333157017246535 -0.454964549267554
0.0437917570101246 -0.0516473359251015 0.156098532340957 -0.222043471944937
0.0391147373891521 -0.0579196299880021 -0.0597152235495605 -8.79053706546183E-05
0.0301874136737489 -0.0593289070528195 -0.158312656180726 0.272292468562172
0.0398426126109326 -0.0453259009699217 -0.237459149568048 0.553268630263611
0.0290918966944005 0.019487713913943 -0.225101829482519 0.744923602184023
-0.0633458310831458 0.0344230089427328 -0.244233855149938 0.801934761301904
-0.0732611045445365 -0.0445726786388745 -0.193542621629828 0.678226550919136
0.000552976586544553 -0.0118858382720048 -0.0941744626444137 0.529998535300799
0.0525398070824535 0.0760275312788667 -0.0899208424731307 0.369941062799586
0.050492287646548 0.0821539486897162 0.169783433981845 -0.303787460858185
0.0293767081057731 -0.00894069440580177 0.164174830020194 -0.449957071394437
-0.0178970178897114 -0.0608731224265593 0.401470575589295 -0.525746617182577
-0.0388837835034751 0.00849195766748585 0.515085764204927 -0.686197699468303
0.0324665277148843 -0.00198776846586621 0.435414733111577 -0.658621657611847
0.0555894902346696 -0.0386304375216995 0.307390716787654 -0.487688357685402
0.0449988638255212 -0.0583036034291603 0.158794739344953 -0.250254495813456
0.0432802362611594 -0.0646893607428115 -0.0484596848558678 -0.0226725452880349
0.0395190522999218 -0.0653078249379939 -0.155538340243887 0.244018943365807
0.0488547340003326 -0.0464411776753963 -0.269707688675492 0.520367322858945
0.0304902425725746 0.0247301240767264 -0.295442032755139 0.724183621190309
-0.0756886549882666 0.0322941363086625 -0.347847394744742 0.779427905653586
-0.071664827894473 -0.0553459585844654 -0.277595808300034 0.644502013917671
0.007793401742897 -0.00357610324817804 -0.125966093821683 0.518977794823081
0.0445474792052439 0.0896333125797938 -0.111511843354179 0.356751531486932
0.0499998356338525 0.0707146020830968 0.140432473252888 -0.324265355727252
0.0193707191468977 -0.0103439321934476 0.142344084203455 -0.46073330509498
-0.0265275529140413 -0.0517685912180142 0.327707842141369 -0.596303192644103
-0.0345813221570127 0.010799105280572 0.395429919515777 -0.741682775330269
0.0266479822947522 -0.00705075441555825 0.350021112572752 -0.697087350598194
0.0482641756514876 -0.0422994219722277 0.273910934915002 -0.525901592703159
0.0407616444908052 -0.0589278528064758 0.15753242275132 -0.279568276139177
0.0425262087443075 -0.0621667646432448 -0.0350230269040242 -0.0472468157334631
0.0385570499794538 -0.0626992714672077 -0.1524016024365 0.213888554148309
0.0515135434198127 -0.040862037242601 -0.299513123497551 0.479905363156535
0.0231819048840171 0.0257124127880006 -0.375483221084797 0.688714864274979
-0.0828930291488552 0.0217108216454009 -0.467211345969787 0.740459509635648
-0.0643153093970447 -0.063460782156439 -0.365826073497175 0.59089130028689
0.0059581243392185 0.00860409069331812 -0.155904815303394 0.502801374465748
0.0256146977363575 0.0906481210472294 -0.135150064752061 0.344302793929707
0.0300632968424973 -0.0719222928157297 0.329089856114267 -0.154191979021703
-0.0458564072813795 -0.0313871194710434 0.381387558354779 -0.340625824457831
0.0169722939847065 0.00318441905808392 0.601322767327073 -0.229565391890122
0.0300188918047904 -0.0282550675000167 0.834496065452988 -0.320795742894073
-0.0156247661444652 -0.0472480880713739 0.711946274156648 -0.380914755017136
-0.0374214980743513 -0.000509061916321032 0.480942768014861 -0.279813715965429
-0.0380778024595289 0.0242053192305427 0.223361788499192 -0.126892108732144
-0.0436064093643088 0.0286179225992689 -0.0553747598592379 -0.0189874391931063
-0.0417127139109922 0.0236349899502286 -0.278810803217503 0.159750381822292
-0.0367112508329554 0.0105974019798289 -0.486232498092584 0.338754195803393
-0.0258161615822093 -0.013240197122787 -0.577731769376845 0.50585665011516
-0.00422165443464428 -0.0252582919400641 -0.637466368286274 0.545268657805863
-0.0125048838512673 -0.0107620628104993 -0.548710358882811 0.475120040078769
-0.0592799942689422 -0.0260912366507974 -0.361152971986261 0.387763074745148
-0.00129948861521128 -0.0770338006837796 -0.264554702322925 0.30578789389808
0.0310103325220549 -0.0400867744216264 0.33260910340055 -0.123733822234653
-0.0255830399605973 -0.0280405209977095 0.395877335771289 -0.32348432210271
0.0190321881557601 -0.00976620582225739 0.608256949867298 -0.14707515509169
0.0190568705966043 -0.0224408898108808 0.879886371616788 -0.215086040284484
-0.00512149447568724 -0.036413048960257 0.75393939100789 -0.306161639837936
-0.0200930216157387 -0.002399309368275 0.489517841493126 -0.23983735103214
-0.0203602280252919 0.015265401342905 0.21426576009299 -0.110365038837645
-0.0248206698843098 0.0179234577855914 -0.0709029014129381 -0.00959441215750543
-0.0220720898804595 0.0138645320620432 -0.28603656899769 0.180443592177496
-0.0173748140954297 0.00757479392667233 -0.471428189740541 0.378629635611189
-0.0166242975064356 -0.00191417926385813 -0.531263419591916 0.553251280261873
-0.0161059273695653 -0.017518097860956 -0.566858488200134 0.601033095635847
-0.0181461742558192 -0.0214757006700788 -0.491665458930114 0.53056637285123
-0.0457313551653018 -0.0214635253254738 -0.342449344399097 0.415213972044938
0.00286220400927636 -0.0414667826752594 -0.253011072370496 0.313606160588632
0.0232550695042405 -0.000132194600964309 0.332735070167628 -0.107010077720655
-0.0072268558163502 -0.0162288332182555 0.402435646527834 -0.31140991294703
0.0224747437949908 -0.025368599132847 0.609985299078366 -0.0949369995843064
0.00529305701983341 -0.0215785287780589 0.899214368437146 -0.145207496094069
0.0037030367387549 -0.0212793826421226 0.777810991685193 -0.254420147529215
0.00239390234750154 -0.00202724596265425 0.499133499619169 -0.213032383338464
0.00181170673672349 0.005589119059137 0.210791951146831 -0.100450621724977
-0.000846955658045873 0.00398503308923534 -0.077928713747666 -0.00472123183053831
-0.000704548514160865 0.000820700339989348 -0.285702903293002 0.192668892483667
0.00319935438795481 -0.0005007537827901 -0.45890529692091 0.405917404732042
-0.00480421949553158 0.00905101751105443 -0.499268075001734 0.582009845209727
-0.029052802380377 -0.00452730797001232 -0.521009860512959 0.632405065406062
-0.0280272381655754 -0.0309214640181409 -0.450947632358304 0.562935735862128
-0.0320891708593623 -0.0193553807192672 -0.3285202333739 0.435149986283181
0.00997611229579918 -0.00160557651192094 -0.248522525029684 0.314293411477548
0.00939616927878812 0.0389281464065018 0.330127305730637 -0.106782417878774
0.00828662492889952 -0.00104646070140621 0.402102230989071 -0.303837417466562
0.0254589134998545 -0.0404685953776269 0.612126212339191 -0.0829004091854722
-0.012277792601542 -0.0218697557636901 0.899506598952783 -0.126064276442149
0.00902078408362429 -0.00595586216009221 0.782709240897698 -0.234557974584519
0.0251010444546589 -0.000361052582574432 0.506066359948084 -0.203091595500207
0.0263645956699902 -0.00467672515718523 0.215223762678706 -0.0989124179596209
0.024606939905231 -0.0105486907945725 -0.0780424940047306 -0.00640603701817284
0.0210306066822935 -0.0146998575358496 -0.282465250816052 0.193638133075348
0.0245209318662289 -0.00833446976654147 -0.454030526134775 0.411569293810316
0.00631439721684933 0.0176165409785232 -0.491001370719922 0.59099925418525
-0.0417536501715415 0.00577472166172506 -0.512363667986735 0.63839186892035
-0.0383969355212227 -0.0420397548850842 -0.43958453542517 0.566505219952745
-0.0179499603528597 -0.01663502649835 -0.325494013640993 0.444120731671392
0.0160305333255018 0.0365976938471064 -0.248659739506468 0.309185069503713
-0.000646515739560301 0.0716207870629291 0.325628840254058 -0.124686853893578
0.0198782292415479 0.0107622564415044 0.390094011828462 -0.30183623497991
0.0239012451229895 -0.0537154154095137 0.617164919500346 -0.110548229616924
-0.02693770077323 -0.0219064147990538 0.880789143823803 -0.165748095330232
0.0141859929198515 0.00597874005459332 0.770045309940057 -0.25225450243741
0.0451275985996624 -0.000799317459922683 0.510655069959664 -0.212127594335201
0.0482290783801285 -0.0153536424387214 0.226891134879608 -0.105361214779172
0.0458158103990098 -0.022924096272485 -0.0683912337077296 -0.0145033249447648
0.0407867283798505 -0.0270215346231935 -0.275583789503142 0.18396593551888
0.0432105635640886 -0.0145358175988205 -0.455879104730044 0.400675394389348
0.0141925603104746 0.0275269772627657 -0.510367887172015 0.578985960230849
-0.0570357911984903 0.0135794554743894 -0.54096961093831 0.621685848461432
-0.045172008164504 -0.0544534121550484 -0.459760352252561 0.54752076990998
-0.0054485437726299 -0.0118670498903752 -0.332468925534412 0.440454784514782
0.0180822449222739 0.0689767309756712 -0.2569771547338 0.296888526635274
-0.00317964707449856 0.0928584859066479 0.316786409408401 -0.154846671792035
0.0258079785862369 0.0136519697775797 0.376455888847377 -0.309319119716805
0.0155998291640407 -0.0628078842917787 0.617233100147975 -0.175567720539907
-0.0410173500090031 -0.0175433339983421 0.844064094446094 -0.254248479910642
0.0174912750908392 0.0123620620888351 0.742383335532825 -0.305271876975023
0.0594693823905624 -0.00435093584289035 0.512471248357567 -0.241007522740281
0.0636161851386567 -0.0251093543960548 0.242652076427575 -0.120643648350618
0.0625716087256005 -0.0324865288301074 -0.0526259851289426 -0.0273129471427126
0.0563381046551995 -0.0355632309936962 -0.26425543267991 0.165211559442652
0.0581719344295288 -0.0169092198602833 -0.464879949446084 0.37178594271557
0.0181420878396278 0.0346482291110106 -0.548669326619346 0.54749525954763
-0.0711299901588779 0.0137017820963207 -0.599890342652518 0.58400550064113
-0.0462074388846573 -0.067366795193055 -0.502449271019616 0.501128606454566
0.00310600084941178 -0.00285550050024751 -0.349461135443828 0.425531017987437
0.0107103312604509 0.0930010811027911 -0.270135758200444 0.278815713556655
0.000555252144923074 0.0975835661269098 0.302527512464324 -0.18918094501465
0.0239968101368555 0.0103349341256288 0.360908295972997 -0.320288261084327
0.00341894206653718 -0.0632447470174847 0.602947001027697 -0.265912006320448
-0.0470805706211793 -0.0112472140505342 0.78478939874834 -0.362763527264622
0.0181777282991481 0.0125331546749046 0.697750265932411 -0.377060685089869
0.0640771074642523 -0.0108042051270749 0.505683315432574 -0.281474757528591
0.0695993961584459 -0.0324892847399876 0.259149525452451 -0.143441593968319
0.0701810962468658 -0.036896651564791 -0.0321352083798179 -0.043108482975661
0.064492082203851 -0.0386720260367205 -0.249500121582188 0.142146968276058
0.0661951978372417 -0.013803209472618 -0.474516724215284 0.329137129796737
0.0161474525141529 0.0402908637720075 -0.600147020558255 0.496350389840833
-0.082110396520543 0.00651382007496094 -0.679737790063704 0.516860185754628
-0.0409784165699982 -0.0781798522689343 -0.557597604778811 0.43022287335556
0.00590249602406381 0.0076894285392479 -0.370012819071255 0.400272680584625
-0.00282879985049417 0.102043888022856 -0.285074742169987 0.257272615683473
0.00518758532759976 0.0879029572358156 0.28625011239048 -0.221609233418905
0.014781982181311 0.00451225161578044 0.347310312798547 -0.339812008334533
-0.00831570252297853 -0.056943159196219 0.570495940405162 -0.363866402971982
-0.0458178313496405 -0.00445875256933796 0.703400941615002 -0.470788251669678
0.0156615442299452 0.00691791864525858 0.641679981928485 -0.45025093459347
0.0586048868672344 -0.0169294519770358 0.492871984101804 -0.331019259016185
0.064820123115389 -0.0354347500736588 0.272631294356447 -0.171223229986873
0.0675781037667034 -0.0352041828070078 -0.0093823654057043 -0.0576870299557653
0.0638257467000216 -0.034827579000403 -0.23298240179258 0.116356668522275
0.0643859767808947 -0.00785651266732823 -0.483502827768967 0.279597582134967
0.00905559562062441 0.0394166442255024 -0.653530608742672 0.42757308336239
-0.0844070596193857 -0.00801935313400031 -0.767011793150798 0.421378055225364
-0.0310398524142327 -0.0810094960407136 -0.612037516290286 0.339863747020161
-0.00154286470308831 0.0181533208283201 -0.390314303206254 0.367552810042277
-0.0193802357015006 0.09263434889672 -0.29783967221185 0.234629374163227
0.0297083156183471 -0.0727274620492242 0.328265737513784 -0.158646762175306
-0.0471324809504334 -0.0307045096278858 0.376614495934643 -0.347066781195919
0.0172777459996485 0.00332728539719026 0.598060555669202 -0.239178705303444
0.0299902023337838 -0.0279344070948311 0.829909355666443 -0.337943557130797
-0.0159989069983334 -0.0475561696924167 0.705874273840512 -0.392273673486594
-0.0385894526445993 0.000604239915779486 0.47723003605584 -0.289345952260425
-0.0384062146890415 0.0250088782311784 0.221765912775976 -0.130586275069988
-0.0437536397003569 0.0299847746801648 -0.056017451796749 -0.0175082463077203
-0.04144692872986 0.0248687529153187 -0.276189714266692 0.164413420722359
-0.0370095385063695 0.0105664097294338 -0.481557486188539 0.347075671112319
-0.0258716207116523 -0.0120288130721096 -0.570419092307826 0.51522905539952
-0.0045990041970148 -0.0251070568680996 -0.630235910265522 0.555382403689903
-0.013027975967151 -0.0108334316138879 -0.541995161701133 0.48484387473235
-0.0608114347381801 -0.024733770033973 -0.356467675391841 0.39595409435562
-0.0016726533803089 -0.0772484659803083 -0.260961847807955 0.309703367279673
0.0316139391984661 -0.0404580560937414 0.332549174237774 -0.129061102203952
-0.0262119391424362 -0.0277214895011425 0.390333458359728 -0.330180781701882
0.0185769934024389 -0.0108121210711047 0.606866129233129 -0.156665144894615
0.0193796413041489 -0.0223935918504541 0.876755957957227 -0.228213272297162
-0.00462556053403416 -0.035632940462827 0.751232753251781 -0.318086380438734
-0.020381903631448 -0.00244304159493863 0.489047368499574 -0.248317760172374
-0.0208717874870265 0.0153426212273175 0.21266885134072 -0.112986866398874
-0.0245815717082636 0.0185250784639964 -0.0708568300619348 -0.00770076496231435
-0.0228317992871003 0.0137597346012366 -0.282254692538677 0.185184617489032
-0.0174036630274884 0.0073825636104277 -0.467961576427239 0.386633403963005
-0.0165753207322051 -0.00201151618870582 -0.522851882759328 0.562349241306456
-0.0158768907444555 -0.0164815975910139 -0.558780518658601 0.612090933297821
-0.019645325288883 -0.0205544416723124 -0.483342259867865 0.540800425027701
-0.0464257923105902 -0.0206344083446419 -0.335819337568921 0.422441618940051
0.00236201728479139 -0.0410115194656556 -0.24901066841505 0.318039016953241
0.0233450061497548 -0.00175848093565346 0.332784393839165 -0.11184910839926
-0.00707349671246502 -0.0160947278300142 0.398891848231616 -0.317163828414559
0.0219272574026607 -0.0255684277925323 0.608163762830496 -0.105156634723778
0.00455656636633339 -0.0211460381468546 0.898354425556591 -0.154674895673315
0.00359205589756627 -0.0208866380334704 0.77440820224512 -0.266458281320371
0.000935921416255442 -0.0017942004125107 0.49719525007689 -0.220910130128136
0.00188519746936772 0.00597403655253636 0.20977833858867 -0.103578584946088
-0.000929959846207302 0.00412421698734012 -0.0787341222664726 -0.00304719315323498
-0.000995078837689466 -9.60309789620022E-06 -0.283474053530112 0.197609447634682
0.00289105852758488 6.08109397195362E-05 -0.453131198374692 0.411911023775364
-0.00478827907160509 0.00928353948375188 -0.490928483763864 0.590535029609506
-0.0286577286135318 -0.00566193864695979 -0.511002894594655 0.643243588624835
-0.0288911585511955 -0.0300320964134875 -0.444149101589807 0.572003154563614
-0.032043865889701 -0.0187491604200211 -0.322882006559272 0.44192215663741
0.0102710972819538 -0.00208595624007787 -0.24420253125516 0.319356566074483
0.0103573800443288 0.0385093362613068 0.329931550835025 -0.11178643033056
0.00898225354496623 -0.000295366079186544 0.39763823874227 -0.311043134617152
0.0249107642922228 -0.041045997220233 0.61178499099779 -0.0909759740514456
-0.0119557423019272 -0.0231888688689372 0.9002482189677 -0.139839102865233
0.00948420510399388 -0.00621359241075063 0.778070797291279 -0.246219040134607
0.0253447549600083 -0.0010850676099975 0.504017618816041 -0.210220052641694
0.0266005601744242 -0.00519835603266851 0.2127855289082 -0.101735394338631
0.0237074374842434 -0.0106353790787581 -0.0783042496971679 -0.00575313051253751
0.0209756865289655 -0.014166335234372 -0.279654734302813 0.197163293247619
0.0238401823914438 -0.00884184809826567 -0.449762851119695 0.419314886031792
0.00668117623240637 0.0181389835587626 -0.484052909762526 0.599362211582962
-0.0426150764430697 0.00633667399696949 -0.502999926873651 0.64849155407678
-0.0390888106266214 -0.04085642363518 -0.431980147110184 0.573258411975202
-0.0184783856456256 -0.0160652684449986 -0.317884331266005 0.449753560310906
0.0168922535143562 0.0365357825578328 -0.24555660778868 0.312830589671963
0.000640909559866051 0.0713802601735573 0.324524880345515 -0.129082065185816
0.0197667898095305 0.0108714658638759 0.387935737452632 -0.308767832681366
0.0225298631075016 -0.0544297899883009 0.614132549109574 -0.118647725797957
-0.0282887370139767 -0.0212391307690745 0.879130452582268 -0.178813682742072
0.0145470350846839 0.00552254737976899 0.768148744080936 -0.265906745104376
0.0454625097291736 -0.00143670229839783 0.508643465680037 -0.22000934508569
0.0488589074053211 -0.0161316748650712 0.225178955320599 -0.109808030004592
0.0458117134587177 -0.0235048168776909 -0.0693618500375974 -0.0132817874495749
0.0400540783883654 -0.0277689923421336 -0.272610733879115 0.188116882688962
0.0432604709661443 -0.0154488790759589 -0.449546426288598 0.408152961008116
0.0155925803661222 0.026950898366559 -0.502538105907518 0.588744798113249
-0.0557192936087831 0.0141266630064504 -0.533054107055387 0.634722413247599
-0.0461093488673033 -0.0540576760173414 -0.451710141534662 0.555659532617396
-0.00492653726914789 -0.0115567913144959 -0.326218061072114 0.444795643633602
0.0192659401902627 0.0697865491320043 -0.25426890615295 0.301045619129638
-0.00142814463865195 0.0923901452291697 0.315575539983795 -0.159587817455668
0.0263623931945315 0.0130845571620077 0.372334655118843 -0.314324454659239
0.0144849258182453 -0.0627889692583361 0.614952489484849 -0.182161837407173
-0.0406575383764902 -0.0170352929868456 0.843077619055922 -0.264875342682055
0.0182273335838272 0.0123314391056255 0.738100824340897 -0.315752677244874
0.0592319020402245 -0.00546205706839191 0.507117391221382 -0.248892425272949
0.0637819881186675 -0.0261812738094597 0.240887581614271 -0.124625235966355
0.0616960049329315 -0.0336527863053234 -0.0531926477933602 -0.0263994654140481
0.0556306954627435 -0.0365160147477017 -0.262599711047154 0.169611337689406
0.0576002982269252 -0.0177501524028372 -0.458284074352832 0.379768605803293
0.0198226083416844 0.0350452082295654 -0.540969250159314 0.557420449720342
-0.0713951004819552 0.0144588227853901 -0.593557614736663 0.596640654657984
-0.0484102058645126 -0.0667144906559752 -0.493962249892298 0.511584920159276
0.0030724088726751 -0.00297395977310529 -0.342372113813138 0.432101723051877
0.0123918613438018 0.0934524714310454 -0.267710765273913 0.283813906258997
0.00184100011796571 0.0972631992225199 0.300052381341791 -0.194385103157093
0.0237551057084345 0.0100201773313216 0.35626306286533 -0.326810134029513
0.00149467966112317 -0.0640487016141776 0.599136713742708 -0.273935451736991
-0.0471389398024691 -0.0104615532588648 0.780085191253215 -0.37347236689793
0.0191370270868414 0.0120116311767478 0.693812807788816 -0.386791531906859
0.0634657306317863 -0.011856693136627 0.502094692712633 -0.290114460548659
0.0685153631201538 -0.0329983466507533 0.256733835920837 -0.148030226684922
0.0693164978279395 -0.0376062650823428 -0.0324096445347026 -0.0423936076634271
0.0638095252364765 -0.0395939737928426 -0.248773255111977 0.145512220431832
0.0652394723978875 -0.0156949746841148 -0.470726688846799 0.337652023283339
0.0170425960992079 0.0395331413058379 -0.592668383487186 0.506640107468538
-0.0824775135265219 0.0070895124998682 -0.672823547015238 0.528625994285624
-0.0431228768954699 -0.0768151676717915 -0.551791008341486 0.440352953136416
0.00576903913745291 0.007775170762784 -0.364117852060132 0.40701820504391
-0.0017953530761521 0.102019481837591 -0.282406181691203 0.261145901558369
0.00682972408524937 0.0880721913234507 0.282827549004767 -0.226009879060701
0.0143745748975822 0.0043062813409409 0.341502738941933 -0.345481617324678
-0.00978400680493596 -0.0563528835869507 0.566007707090434 -0.371431641444507
-0.0463686195079303 -0.00486209600634027 0.699283846546573 -0.483752006826749
0.0158351531741838 0.00692550509542968 0.634644774760023 -0.461407927302426
0.0584135259965853 -0.0176996629145633 0.489475594908658 -0.338624053158805
0.0646635747603299 -0.0368454172038132 0.270923111507892 -0.174849913861163
0.0673470108523485 -0.0373134636732631 -0.0102431241224133 -0.0580321903123403
0.0631163682678654 -0.0355737141770257 -0.23136581781736 0.119985548841307
0.0643592971720811 -0.0093865247427467 -0.479147945015117 0.288145427469361
0.00958417804943386 0.0392047871705296 -0.647085334443476 0.439536781144575
-0.0848206149720339 -0.00632183667882531 -0.760419742030766 0.435740203747892
-0.0324914854932783 -0.0801180009735663 -0.608082816352467 0.350966074516381
-0.00162472230713949 0.0181328935207742 -0.384096024127419 0.376988028341742
-0.0173162289985523 0.0943339262995565 -0.296095211528063 0.238078236837364
0.0279381780547305 -0.0728972905461476 0.323737079401432 -0.164546019669471
-0.0460288246566006 -0.0304421394375224 0.369350383496418 -0.353063710722941
0.0145057784474578 0.00266012975153073 0.594094019421663 -0.247115163149153
0.0312197711861711 -0.0264572436623758 0.824296036282216 -0.35059103248264
-0.0181282485124215 -0.0471679054049639 0.698537793835239 -0.401522171413446
-0.0398403859859347 0.00115119314196768 0.470462539242158 -0.297174215158471
-0.0380764014022237 0.0234420899459276 0.219696266798581 -0.132417892158043
-0.0423745670687276 0.0288940622257901 -0.0577571751426699 -0.0179163792083556
-0.0405209631922375 0.0233813574369342 -0.276920515011775 0.168153563470835
-0.0353255579709335 0.0097767022870317 -0.477031174013664 0.357441257964835
-0.0264317889989778 -0.0141666495404002 -0.560538682413068 0.522309652759851
-0.00326914874104878 -0.0263990189394163 -0.619948675046177 0.566823474566827
-0.0156307537851698 -0.00999068575057819 -0.533301746594092 0.496948805595497
-0.0611054332074542 -0.0221390056886873 -0.351570221185802 0.401989633292588
-0.00313496110932566 -0.0758160820570495 -0.253763553257223 0.314116920361926
0.0314431577336271 -0.0438731720383828 0.330282910405382 -0.131546291784677
-0.0274957193085028 -0.0285995503836382 0.382800082873964 -0.336309171197386
0.0187669331922755 -0.00921075321313429 0.601411105801508 -0.163576441520494
0.0182803984822488 -0.0211960392549391 0.871213278492615 -0.242552578741851
-0.00371251085241364 -0.0349505907625758 0.743112716951177 -0.32856616125807
-0.0185986309099894 -0.00160517185894252 0.482555727385956 -0.254410407330014
-0.0222304130051646 0.0144567060540161 0.210761545417866 -0.114583871923541
-0.0237018861452206 0.0207439136041093 -0.06944555412225 -0.00567188197995205
-0.0210040549677308 0.0144841782495439 -0.280837305905963 0.191559678304439
-0.0178816123689131 0.00979321926974521 -0.463071193499088 0.394490196442719
-0.0148277992385702 -0.00059667046196738 -0.518181653192512 0.570055117819839
-0.0141142757894639 -0.0145864777103531 -0.549323097041507 0.62039330037989
-0.0179906046672497 -0.0193213428950293 -0.477528923313105 0.547910827143739
-0.046230988581028 -0.018257702802791 -0.332101469485306 0.427607944561135
0.00335216270574241 -0.0393329628098527 -0.246610608322148 0.321447726385622
0.0232879446419775 -0.00310863305645528 0.334129043659721 -0.114973397779314
-0.00622024170895766 -0.0130021094810269 0.393623317450171 -0.321454407233794
0.0213791303598759 -0.0237483515852264 0.604178322080091 -0.112658947465114
0.0059979023613078 -0.0233140659008672 0.897221586379229 -0.167107304084825
0.00337470489693882 -0.0225236171377212 0.771825446658844 -0.281047615480085
0.00161269780714263 -0.00440110698966435 0.491590000837172 -0.229137735477415
0.000377762551758969 0.00621779874923521 0.207141203764856 -0.108959268325124
0.0013325900807449 0.00414020273978678 -0.0770725284269954 -0.000965842825202236
-0.00318323695763479 0.00191499863028903 -0.278164394463393 0.201737414397229
0.00471169128458969 -0.000293215124222283 -0.447896488483517 0.419684483988858
-0.00451936685778492 0.00700625084437379 -0.482768587862123 0.602160066301849
-0.0285903107474999 -0.00309972527308779 -0.501054348683229 0.649419249712378
-0.0299254602328007 -0.0322425986330186 -0.43597425316949 0.578589835310284
-0.0334618703617878 -0.0167385529779797 -0.317930186540259 0.447919854801383
0.0103091367066874 -0.00312239202790438 -0.239837820437367 0.324784205966571
0.0112062457862711 0.0396007548627593 0.331096750719319 -0.118022320731406
0.00687185435026471 -0.00236548936472057 0.390845376585854 -0.315747008043754
0.026832847004052 -0.0421981539864517 0.608918052080602 -0.0983687604134748
-0.0146095977583155 -0.0227870390703182 0.897031696135715 -0.14994563391938
0.0112835169661204 -0.00679713736600727 0.775508813968556 -0.258206129340809
0.0251028238636564 0.000587262913184637 0.502354817701794 -0.218335125922839
0.0253962643207422 -0.00319242284119208 0.212003977449751 -0.107472925450423
0.0252974114058157 -0.0119424974324718 -0.0779032875151284 -0.00171465494043926
0.0173361881988715 -0.0130241549588442 -0.278005772614504 0.201892381856305
0.0211490566907013 -0.0096271940674588 -0.442389021903156 0.427502397987871
0.00827527882673807 0.0193460355130924 -0.476354795367873 0.608480865572637
-0.0432794183843477 0.00474386457226094 -0.494170140586057 0.656836174982252
-0.0386255773557248 -0.0388002827760927 -0.422602474662258 0.584764476860035
-0.0207701677817055 -0.0155692115844796 -0.308710857333076 0.455312322619011
0.0193136070652734 0.0358173743112254 -0.240205088423453 0.316057005922676
-0.000376724353441515 0.0723740394792728 0.322716389218768 -0.135306344355864
0.0216301354428225 0.0129071137803542 0.38131068026998 -0.312656180902346
0.0227918264797643 -0.0563949764864521 0.608892478484121 -0.125878939778377
-0.0288109132476203 -0.0230138321394692 0.874355082088008 -0.190290768088894
0.0144571194730517 0.00311160339733668 0.764550430397922 -0.27285629970413
0.0456159384915629 -0.00110934371001269 0.504172745871164 -0.226478669660174
0.048097110339694 -0.0142267133216875 0.223096597070374 -0.112893618479023
0.0465478302292412 -0.0244261817741576 -0.0701873111094929 -0.00990259780803532
0.0388607905727625 -0.0295337952841979 -0.270520531082638 0.189921053365038
0.0418150656185405 -0.0145944620273697 -0.445141945623657 0.412994632548994
0.0186732768644592 0.0267602071419182 -0.495009856079775 0.597616299917858
-0.0539279315028466 0.0143977650337881 -0.526049955613258 0.643937235424589
-0.048721576951024 -0.0542161464886262 -0.442536075893255 0.56102029000754
-0.00465408580651155 -0.0118355837259487 -0.320515033386679 0.450592344271375
0.0205401460887325 0.0719753417719534 -0.24876505951233 0.303610604584368
-0.00171003216334111 0.0933796982071196 0.311899465678092 -0.162230140386436
0.0286896055168396 0.0137575836179989 0.366236855142333 -0.317238891217773
0.0116542367202217 -0.0640869895116246 0.611645624539336 -0.190235714755872
-0.0388359850874197 -0.0160468015992458 0.838217947889952 -0.275888812650252
0.0170851389640138 0.0123792851049483 0.736601610578772 -0.326690918007464
0.0576305932795104 -0.00483420214650199 0.505408799528464 -0.258068626357233
0.065192249620627 -0.0250939854532005 0.241467523377722 -0.127187795015877
0.0589096633245606 -0.0344486861665511 -0.0535637073792391 -0.0233260983303943
0.0564017097698506 -0.0370504362645363 -0.258379756917261 0.173828554984611
0.0562028355865711 -0.0172304797775444 -0.451404309405898 0.385759173345054
0.0185535546674173 0.0329811210274014 -0.530429660399326 0.565848018645167
-0.0729687805380086 0.0161745095469204 -0.58237076010891 0.604678993920436
-0.0508716211741876 -0.0666413852679809 -0.48430601199991 0.516955207564493
0.0014208366385294 -0.00443840088365658 -0.336368198879734 0.437350808253333
0.01319942057784 0.0949063257891168 -0.266002582698306 0.287637315825997
0.0022260055252926 0.0956884263560398 0.300257745540444 -0.200144748322552
0.0253119559987962 0.0119276930518243 0.351656057275836 -0.329412557528689
0.0028515261753755 -0.0635962712797726 0.59697674484829 -0.281318251582498
-0.0460488020638425 -0.0107525239536603 0.773047329515512 -0.384472501225399
0.0191123690805459 0.00999087102496759 0.690730676328941 -0.397446108836517
0.0625590465343062 -0.0108086762589753 0.499086143867375 -0.29805777614047
0.0668544716319299 -0.0361234639209507 0.255670483736037 -0.149801804029047
0.0709591942943912 -0.0400488623934483 -0.0336529793286524 -0.0389975299020907
0.0611228841873875 -0.0410134014005282 -0.243791449294915 0.150408193345303
0.0628672025278794 -0.014753637665764 -0.464432906693509 0.343441604174216
0.0180577305827609 0.0406176297982633 -0.584498523691833 0.514459967005849
-0.0800525474112398 0.00713486008526661 -0.668957923703743 0.538207107284523
-0.0446586950602741 -0.0784540174770882 -0.543148732577012 0.450429076335308
0.00682499044156515 0.0061580788457335 -0.357930121082761 0.410758202859305
0.000341059070068608 0.0994534954657135 -0.277012929877288 0.266794197400704
0.00613159924927206 0.087324627901837 0.282576949454695 -0.230621048126588
0.0127600417470601 0.00321548009400812 0.335350143180715 -0.347810501813916
-0.0125238953459807 -0.0541764338499939 0.558204757785086 -0.380300770178766
-0.045000664462697 -0.00528654168406074 0.691828129784384 -0.495067447927726
0.0165532173603702 0.00376808428522981 0.629915544013751 -0.4706396997515
0.0552744994400303 -0.0195753137821061 0.484274232850622 -0.344725614091233
0.0618998162396132 -0.0379436694229703 0.26578967943932 -0.181246511830189
0.0684323238915826 -0.0368970309755109 -0.013664074212098 -0.056843930747715
0.0601433501140854 -0.0362275269488198 -0.230442869167711 0.122989065124637
0.0618945168575981 -0.011432034896906 -0.471368467389147 0.294451884002204
0.0128483462784979 0.0370276190328953 -0.64171142249083 0.450530346461275
-0.0842388376165365 -0.00604917608216384 -0.756118824781507 0.445888260272461
-0.036249737334003 -0.0791090863391509 -0.600509409190698 0.362077497941812
0.0011319752469923 0.0191887480194031 -0.378717785283012 0.380060747996152
-0.0174243930976082 0.0951825538896378 -0.293762146005219 0.239809151504796
0.0287964067170415 -0.0744687676237533 0.323175862563266 -0.167320910872146
-0.0480601378041193 -0.0282792582433895 0.365038080734467 -0.358044962683572
0.0165327644354368 0.00216363565682882 0.588406286205287 -0.254225372448331
0.0295921773428354 -0.028984693250167 0.818319267038216 -0.358742485793199
-0.0164785885730634 -0.0467824208860054 0.693687229426547 -0.41283618469699
-0.038916264450246 0.000594750163954993 0.466975682697831 -0.302202211442149
-0.0380467671177999 0.0254173032587663 0.216529729925688 -0.137765216659373
-0.0432178724713111 0.0301920480519211 -0.0571612485757058 -0.0146039864553386
-0.0413512336162218 0.0259518422336744 -0.27104685323514 0.172815303792535
-0.036505969992516 0.0118657100532179 -0.470270408257769 0.363897773546273
-0.0266333925044787 -0.0123181370151053 -0.553497830061478 0.531251259483414
-0.0051403794067489 -0.0253985760037082 -0.612649587253599 0.577520235886649
-0.0145349023631694 -0.00966219190138806 -0.526604822994177 0.501992761986441
-0.0608994644782076 -0.0234575163881522 -0.344572570728379 0.40617911803353
-0.00400867367935599 -0.0767978894219587 -0.252086077699441 0.317385128204715
0.0312718638025309 -0.0418287210917758 0.329022297133315 -0.137385864845166
-0.0264466797083758 -0.0265850000468585 0.380134327883197 -0.340162925819122
0.0174206847882793 -0.0113547118932047 0.599612772953944 -0.172927830502516
0.0194250401010155 -0.0237937799670956 0.867788463131681 -0.251213830893342
-0.00619298486249167 -0.0355434522404763 0.73691222450902 -0.339535950108306
-0.0211872524355896 -0.00249198206163704 0.48017154857285 -0.263488619632947
-0.0209765970745354 0.0162979600800126 0.208399488247103 -0.119831562305901
-0.0242182359838798 0.0185027361334557 -0.0722460104767761 -0.00434728848425326
-0.0229422273858887 0.0154857639402959 -0.27633237955126 0.192809407778651
-0.0179968092695274 0.00699410115785741 -0.453756718769985 0.402855218118475
-0.0165426648402987 -0.00186747815493238 -0.506537727738342 0.577762122650332
-0.0168704906535333 -0.0161687383934876 -0.539080591975262 0.631043695192734
-0.0200633822226191 -0.0201912587188896 -0.466432090473742 0.555012668709836
-0.0471074642699356 -0.0195293801515172 -0.323240710524468 0.433046188772066
0.000904925797685995 -0.0406020066825375 -0.240283351944967 0.324953074490374
0.0240472138790783 -0.00279702860108268 0.329899893204597 -0.12010570735678
-0.00743816024909929 -0.0143436579429895 0.39007817762617 -0.328313465699174
0.0216177344814073 -0.0272916791372922 0.602758693891088 -0.119713049567163
0.00437779809048072 -0.0217531080775089 0.890614482478251 -0.181293130038479
0.00281169891424302 -0.0209088299006696 0.764945983121918 -0.287519064146461
0.000894964859680712 -0.00243616901268853 0.489077965507285 -0.236197337687673
0.00256565443276142 0.00553724467599942 0.205193924536457 -0.109503302984407
-0.000468208016753308 0.00396345079594337 -0.0789587813886374 -0.000158460266724992
-0.00136768999356811 0.000271469672064156 -0.276392879041521 0.204476603423691
0.0031007125881146 -0.000309574423081229 -0.440484348792814 0.425951562721387
-0.00376488559786508 0.00763302336061115 -0.474286122239333 0.60534637614558
-0.0290905517878463 -0.00406469578142334 -0.492784611795836 0.660993903665828
-0.0305797126431646 -0.0291672490495443 -0.425494313644839 0.584005372206218
-0.0329579722860514 -0.0171037293202633 -0.309025922916837 0.452978476476061
0.00995223941403304 -0.000497123143492445 -0.235040665753107 0.325187712654917
0.0124160198230508 0.0372567128124537 0.327036406721721 -0.119635096540755
0.00861787286024874 -0.000411541002707403 0.388100904632431 -0.320401743233235
0.0238166509739482 -0.042360778310083 0.60752599449205 -0.107665894759094
-0.0120433023377457 -0.0227055017690877 0.892825566987577 -0.163993118192981
0.00948856464133362 -0.00665734363291955 0.772207659649234 -0.269097072082998
0.024765174432341 -0.00164283832675998 0.496202587550371 -0.225285002103112
0.0255479865910172 -0.00604427060141734 0.209577559213154 -0.108734333060101
0.023110831679741 -0.0115944180378992 -0.078961769736341 -0.00239283254723133
0.0195818083372603 -0.0153172989019694 -0.273713499479655 0.205550953429107
0.0234847302415591 -0.0097112284262057 -0.434413183806405 0.433123239837031
0.00814104536197804 0.017741216528158 -0.463482050656646 0.614967223518813
-0.042002836289807 0.00794323575258851 -0.481936596526607 0.664643863904287
-0.0404217365025266 -0.0401864524570749 -0.414245566629188 0.588800686989173
-0.0189285825788214 -0.0147261766271526 -0.303360580196602 0.461562623784464
0.0182172397515057 0.0365773684318449 -0.23823617260251 0.31999386754338
0.00282243799434688 0.0702752962549908 0.322715603274728 -0.137944979386849
0.0200510070673038 0.0113285153437776 0.377089542370525 -0.31755467473083
0.0215105650023926 -0.0554254916405509 0.609583883444981 -0.134737654691101
-0.0282217530758499 -0.0210506227602533 0.872614156453116 -0.203320905236621
0.0151446461545523 0.00549676950347658 0.759784557846597 -0.284832162704414
0.0442884348200174 -0.00250088830702121 0.500770668108016 -0.234857423405019
0.0469488145143027 -0.016826945073762 0.220663452889502 -0.114971146175529
0.0442649289312612 -0.0249878778667772 -0.0702042486218623 -0.0108735666109023
0.03912942547023 -0.0281219133264829 -0.265789656260555 0.194387792991937
0.042102000800295 -0.0170627077690869 -0.436129651423806 0.422123759182048
0.0167001882068702 0.0260215782258659 -0.483925434104085 0.602718396969936
-0.056255832001918 0.0161594714208068 -0.512702512013213 0.651903270219597
-0.0480015818143709 -0.0521539818321427 -0.43311457827732 0.570490707986739
-0.00590085620922717 -0.0108149044290748 -0.31117668766121 0.457920567624321
0.0208098481928632 0.0697410708666261 -0.24619242456556 0.307905032083937
0.00143988944426989 0.0913407052754163 0.311454730407632 -0.168256608842681
0.026347970050358 0.0139600116330613 0.361776799889631 -0.323468587587056
0.0118259967219859 -0.0637161812365158 0.606632184526228 -0.199530316473867
-0.0407233437913893 -0.0162660786800879 0.833177622231614 -0.289062588943076
0.0185743328200194 0.0114433672020205 0.728036708255892 -0.336066203432871
0.0582010114474424 -0.0071995572938196 0.499447694852282 -0.261842820500519
0.0627692718894889 -0.02701650010995 0.235916055528327 -0.131962973616468
0.0602585139031819 -0.0353683863259217 -0.0551745444244734 -0.0243031384679682
0.0545900274219507 -0.0387498442422244 -0.256545912927 0.176227942065281
0.0569137206938944 -0.0199017572031855 -0.445195911825767 0.395106947513531
0.0209840631960208 0.0333515962772938 -0.523003118459865 0.572516954443459
-0.0713384356249659 0.0180354185280638 -0.572795451592249 0.615105285346226
-0.0504426936793204 -0.0646675563156633 -0.477564783967103 0.526589838012007
0.0034339737437482 -0.00270853664728678 -0.328680689938343 0.443108831239756
0.0151919254296475 0.092895798568725 -0.259335764587304 0.29076073447111
0.00470034925379444 0.0961651151445789 0.297038273401914 -0.201567502993816
0.0248794557246788 0.0104609886442309 0.345444924249461 -0.334840021110759
-0.000643016261130726 -0.0636788876359618 0.58899935984564 -0.290567948666391
-0.046768087136293 -0.00870449137208338 0.766297656131578 -0.394994950193446
0.0195073352972187 0.0115629133622226 0.681049263308143 -0.409209183996299
0.0624934815641252 -0.0135162132030173 0.492842344104756 -0.305582455475161
0.0675204913325041 -0.0351372555206533 0.25155071389096 -0.155364134442825
0.0670786812710967 -0.040396955616082 -0.0339727764983463 -0.0405026890996144
0.0632508256342978 -0.0410124007940801 -0.243313741721293 0.151369260571221
0.0640394132715577 -0.0181878837285084 -0.457518717413198 0.353280588975745
0.017980910706619 0.0379541825491309 -0.575951902210977 0.525002400881652
-0.0819498302434765 0.0101905340658775 -0.656940697084917 0.547967545555664
-0.0451005706248305 -0.0755665451974317 -0.537503941483709 0.460605386405677
0.00587378635265479 0.00874811578244165 -0.350971248494202 0.41799707777818
0.0019089745720286 0.102437382728112 -0.275385643849682 0.26857523543182
0.010277772214691 0.0856790681392832 0.277822449928635 -0.234578032297918
0.0146460946708559 0.00472801138097899 0.330812497678218 -0.353716732629736
-0.0123885427243165 -0.0564011396138442 0.55244323670608 -0.38693585016629
-0.0458720454581904 -0.00384249036620748 0.68268788608385 -0.501484953331822
0.0171767485953349 0.00582064902899935 0.620026553709346 -0.479992682461474
0.0569528430790309 -0.019535658660426 0.478492425592062 -0.354295146489554
0.0632604727772065 -0.0388102082468917 0.264366717291748 -0.182696402913101
0.0653588367948456 -0.0393905945383081 -0.012601796949852 -0.0559686090876638
0.0621695838640653 -0.0374915888837915 -0.226620326811461 0.126474774277467
0.0632724408990049 -0.0117708356851266 -0.469383112742834 0.303522015673513
0.010868356900115 0.0376392349581365 -0.634026297026037 0.457095490196507
-0.0853160975234409 -0.0033884886777523 -0.746743497211829 0.45858513175298
-0.0346375290680052 -0.0797623514024443 -0.598241495418754 0.368819856345739
-0.000560703686956175 0.0189103142398433 -0.37290419533766 0.388500452788742
-0.0148801449834972 0.0938061151375552 -0.290166890984471 0.246641335072434
0.0274374008880639 -0.0746238640881416 0.320196892482769 -0.170389455237837
-0.0477966328414164 -0.0273916961060814 0.359426617953858 -0.360905252753599
0.0157164152335189 0.00150750665123389 0.581881397860791 -0.260456730149047
0.0295883438938773 -0.029750275422344 0.810050310832133 -0.369034684995394
-0.0176660545596149 -0.0463877695404507 0.685198808474181 -0.420062389340659
-0.0388393985150068 0.00115587447975929 0.460635713489257 -0.308661535333028
-0.0371837727619869 0.0264570579258767 0.213913543223681 -0.139351718166386
-0.0427888667517197 0.0314483628773648 -0.057146419997746 -0.0132998405176211
-0.0411359385524285 0.026895813898135 -0.267517321686069 0.17572072892248
-0.0370579801851596 0.0115729125966315 -0.461346133640312 0.369341115783613
-0.0259213190183292 -0.0122559061597991 -0.545156506520186 0.536819286953012
-0.00574146025054939 -0.0252785258757616 -0.602149429748312 0.583115308918188
-0.0154682572898016 -0.0101523674584886 -0.51786855109935 0.507831728225245
-0.0619274028446133 -0.0220209205222671 -0.336694129424302 0.410716721855128
-0.004770063462308 -0.0763103348823772 -0.246960386906481 0.319430579820532
0.031590952943651 -0.0430885171511164 0.327279653964942 -0.141059878993037
-0.0273511212495565 -0.0251520372999623 0.375464010950705 -0.343651032974701
0.0168888718833825 -0.0120056366948917 0.594052830832209 -0.180690981844841
0.0190058740591863 -0.0245228863599764 0.860604059528479 -0.265042504460471
-0.00553612623064492 -0.0357025718056901 0.733426554292745 -0.347175170386032
-0.0213431141242987 -0.00120098429866243 0.475148076809725 -0.268915915240698
-0.0202712265792152 0.016919834293819 0.204860953122283 -0.121382808476933
-0.0239796585534976 0.0193895897533351 -0.0711350081807728 -0.00293047047801684
-0.0227526164991537 0.0160343676467362 -0.272607832828315 0.195112797978537
-0.018002344137516 0.00740183716899542 -0.446008186424952 0.407166601034671
-0.0158499822836103 -0.00152851504812587 -0.495818304050696 0.583076578976185
-0.0172954362292445 -0.0161352495035902 -0.528564983942641 0.635999398271722
-0.0213404599251438 -0.0188271133023304 -0.457955627895946 0.56219777760989
-0.0480844850906444 -0.018402089688782 -0.317758951795357 0.436825945722356
0.00103519541136551 -0.0397858371834436 -0.235342978789918 0.326808122759121
0.0252189653308503 -0.00307870680377619 0.328852980254445 -0.123920813978311
-0.00767038125519487 -0.0139920786722126 0.38208912583299 -0.330482607070982
0.0199436280179566 -0.0273508532532648 0.598569176428821 -0.126918972280067
0.00376489239929602 -0.0222326499474129 0.884575765311896 -0.191511719451237
0.00348984148949354 -0.0214713053503534 0.758216413203981 -0.29869450401999
0.0011670963316761 -0.00277378802948225 0.483568269381758 -0.240820137328628
0.00187596412840382 0.00556805511089448 0.202185894891595 -0.111680151935014
-0.00133999319687356 0.00423724291701214 -0.0794026399316288 0.00195407801203076
-0.00143829457036955 0.0011843549947828 -0.272111750186403 0.20803961535169
0.00272534331039996 -0.00157199503063565 -0.432324908517533 0.433317659000776
-0.00339701875071592 0.00762624522514142 -0.462454210348892 0.609475932277355
-0.0290378161972564 -0.00287400934414998 -0.481712855845921 0.667631593447028
-0.0314126801640314 -0.0293383836429957 -0.414714428988845 0.590194438328109
-0.0333243911345418 -0.0158044908405162 -0.300962612878319 0.455455546502679
0.0100366539514462 -0.0016890812258381 -0.230086130165515 0.328312069773519
0.0128077204681656 0.0368857848863764 0.325577140968676 -0.123837056081255
0.00847507771929123 0.00021299393759291 0.381470854325094 -0.322628096571764
0.0229179072089718 -0.0423662355486486 0.603048797770848 -0.114301063882777
-0.0126617323734287 -0.0222198539672863 0.888667176165205 -0.175079588754585
0.00982036823692377 -0.00662180210399404 0.764980187145502 -0.277209519272829
0.0238450403978415 -0.00215176129650674 0.490946073196415 -0.232583215882615
0.0257513328997069 -0.00617646254362404 0.207262703039308 -0.110031643131876
0.0221284959580879 -0.0116774351674064 -0.0787283833457051 -0.000855115562249248
0.0196631796666209 -0.0143223908507336 -0.26935233078568 0.207624498463866
0.0226932547356892 -0.011009407168422 -0.426959924225678 0.438038544377273
0.00791873244828767 0.0165037794796731 -0.453933411360849 0.618727316504063
-0.0415917418325016 0.00919806345286509 -0.469649836730038 0.671814834269726
-0.0413462390519901 -0.0392826188822012 -0.402940671440468 0.592473432724758
-0.0193527454687987 -0.0147998228524059 -0.296011905350158 0.464351856199782
0.0183528874194641 0.0365043022646709 -0.233268973344701 0.3225708232027
0.00409260040062866 0.0698290385012395 0.320318788865914 -0.14122642766669
0.0202296757943366 0.0121980373513886 0.370940679670296 -0.321810753875459
0.0196265070362751 -0.055011121339004 0.604815985864973 -0.140763988022832
-0.0281831655474782 -0.021580150658244 0.868498885531889 -0.214507071918808
0.0150366476246964 0.00480769214050577 0.750814603003306 -0.297126785218687
0.0442398188926583 -0.00426043941017431 0.495950642798858 -0.240963075292434
0.047997265688067 -0.0178736311424743 0.218195182426302 -0.116923801031948
0.0436365323074927 -0.0261691771128813 -0.0696698411760114 -0.00947026550079171
0.038615334683867 -0.0284969670633553 -0.262965875067728 0.198670050549109
0.0415076874528975 -0.0180011060532583 -0.427631856726699 0.426930604862185
0.0170272401301968 0.0251326439880038 -0.472639045957675 0.607643564138024
-0.0558006202642498 0.0174809896168871 -0.50173688847801 0.656871560652993
-0.0489486735997619 -0.0513117176341741 -0.424348623411257 0.57600391666761
-0.00585968940228119 -0.0102845543568555 -0.304778313415174 0.45969320642685
0.0225565002468207 0.0694894888687884 -0.241957703758722 0.308817647405368
0.00303620374438911 0.090155378078623 0.308562686566244 -0.172496437134189
0.0263915298828393 0.0145568610181135 0.356489035316557 -0.326880253996512
0.0111792212025952 -0.0636596279011146 0.60277093490891 -0.205994151073963
-0.0401871841443372 -0.015986179927422 0.825030197385456 -0.297930645498858
0.0189784697373962 0.0112066432140558 0.719592972037817 -0.346440059460919
0.0575008249606664 -0.00788484200567316 0.494243218304373 -0.268981776738364
0.0620032749793033 -0.0287308203302249 0.233548949296641 -0.134040105347292
0.0590481501247803 -0.0360287716886298 -0.0540304204844018 -0.0231262216518566
0.052899767915098 -0.0382910489034825 -0.253464330150776 0.179274711955734
0.0562571836142448 -0.02131786215165 -0.437176675350516 0.397762505405871
0.0214202268755273 0.0327845037491105 -0.51193328284684 0.579296528150896
-0.0707537279497078 0.018737748713572 -0.563223536960767 0.623144461740753
-0.0515581379717587 -0.0641454710627625 -0.468021768819585 0.533595207543885
0.00340284450351165 -0.00240679341400674 -0.321097202964622 0.447301250851976
0.0161552575600803 0.0927615439605993 -0.254970680342395 0.293618770563483
0.00645686623955552 0.0953181319280513 0.293604397092519 -0.204329494325971
0.0246944371488332 0.0106590477756106 0.340112786580485 -0.337006331830584
-0.00175935046919455 -0.06413485236904 0.584452023689689 -0.295810044132497
-0.0463706313952012 -0.00903173463045655 0.758775649656781 -0.404900619681324
0.0197159020934985 0.0111595533436526 0.672548728741663 -0.416905378928914
0.0623030207186691 -0.013915306334389 0.487554366649162 -0.310553436405729
0.0666574394694673 -0.0360843548246754 0.247709040582374 -0.157981368618775
0.066758937090911 -0.0413316905339775 -0.0348377403732125 -0.0391919952354853
0.0612212414495583 -0.0416533190770716 -0.239088299972201 0.154832154195351
0.0636283943755207 -0.0194370825461942 -0.450314414854228 0.358063910891103
0.0196283211014602 0.0376079672916596 -0.566359895423496 0.530146664543014
-0.0809566588609224 0.0114642551874502 -0.64967058054947 0.55671725339333
-0.0462106559863207 -0.0744507729984163 -0.528469066151443 0.465809670365044
0.00677442533110715 0.00963031929374977 -0.344234371040243 0.421333988532814
0.00319821990191435 0.102721638588822 -0.271777545796833 0.271492921298713
0.0110739952539487 0.0847578056927036 0.27470034438009 -0.236836959717755
0.0147986350890166 0.00561326957972212 0.32533554347619 -0.356678064894732
-0.0133209702113901 -0.0565126052386295 0.546612780989682 -0.390960412726362
-0.0456135152671286 -0.00310043432913189 0.672304726913808 -0.508347849183476
0.0172615278322444 0.00533679060952518 0.611642127325764 -0.484659246319416
0.0559752527894287 -0.0209154133917515 0.469907018947343 -0.359756695951667
0.0624686684947111 -0.0388416520397849 0.260231862310519 -0.185347802459812
0.0650567378953057 -0.0399629098009707 -0.0133462549423249 -0.0558938139005659
0.0619199854895553 -0.0385520880210456 -0.224354510772004 0.128498995776012
0.062437847530109 -0.0131906640929456 -0.462217737678085 0.308159973348446
0.0116610396865083 0.0370810605692456 -0.626021781650569 0.463685855398652
-0.0848548932810814 -0.00246943468055397 -0.739466524143431 0.468758307379458
-0.0364145725314992 -0.0784095769710401 -0.589687140333481 0.377207048959092
-0.000523134068702052 0.0190848783678124 -0.366510590724783 0.392949962425651
-0.0145987252499511 0.0937322689580029 -0.286653965975985 0.249801955803654
0.027738653443415 -0.0759800856401422 0.318859610123669 -0.174162688910695
-0.049123538539125 -0.025294671807547 0.353418912766898 -0.361442942407766
0.0156790393158126 0.00115899314001093 0.574836662913823 -0.266391960001517
0.0291636554692502 -0.0302892029741045 0.80104879719079 -0.377382527804567
-0.0175039557404501 -0.0461843799017448 0.674715746065418 -0.427938998119271
-0.0395156105755241 0.00362289344175995 0.455156325425895 -0.313668697095731
-0.037935926789611 0.0250721484974906 0.210364951595879 -0.141902248600107
-0.042102659087242 0.0334147035112228 -0.0571928174340245 -0.0119755227417866
-0.0407348593692796 0.0276379145129302 -0.263667689635523 0.178978380334171
-0.0370113225977486 0.0116068850431883 -0.45441328189252 0.373363432927507
-0.0260057709538804 -0.0124764759177889 -0.536222057655358 0.541179977120385
-0.00589392521709463 -0.0247706717360334 -0.592480304005128 0.589815396225107
-0.0161908894729999 -0.00930936225485412 -0.506067227431415 0.515500857891073
-0.0627479388557874 -0.0215666218894794 -0.32881265166336 0.414166110033966
-0.00477223809093788 -0.0734934569125575 -0.242281574201183 0.321368866203533
0.0320705419477441 -0.044396818954157 0.324522208848544 -0.143156573491081
-0.028138669812455 -0.0234877815460853 0.36872212896455 -0.346776920654814
0.0168796478596972 -0.0119756429181337 0.588497993099071 -0.185821227751699
0.0182884310958107 -0.0242429452824881 0.852062901373955 -0.273228110420277
-0.00629863108580462 -0.0353511138660815 0.726011582434333 -0.355870030621843
-0.0217017440978058 -0.00192150913057757 0.469572057983352 -0.274344270520051
-0.0200610413243794 0.0171307004254346 0.201085928808595 -0.123011921332085
-0.0261415179838613 0.0200632007735202 -0.0707688915826458 -0.00207277813247588
-0.0229936931822098 0.0167567445948114 -0.268688402688442 0.198722371765774
-0.0192277413248693 0.00681970823077517 -0.438257871129468 0.413058406210356
-0.0161750384069589 -0.00137071831170691 -0.486062778690552 0.587852544791669
-0.0184452636621259 -0.0154070040324291 -0.515273740133135 0.643630054501978
-0.0212397265259282 -0.0194498314601273 -0.447546998743405 0.565357708569279
-0.0480410847777858 -0.016935762471518 -0.309563183805693 0.439933734661536
0.000253672275643664 -0.0390724461343152 -0.229322726779342 0.32881612018433
0.0252628987440351 -0.00520768092346636 0.326029469181727 -0.127146631827765
-0.00862447966249758 -0.014860762629601 0.376992236048284 -0.334437617719878
0.0215142865355501 -0.0273972915761638 0.59566882079803 -0.132811761408926
0.00307341265038608 -0.0224111784982104 0.879855999644826 -0.20356617458582
0.00348023764179946 -0.0210398733970165 0.750502880137782 -0.304859117925016
0.000210084192895701 -0.00226328004482342 0.478271954156559 -0.246856528825691
0.00182251686378962 0.00664083130547726 0.200673320661184 -0.113949037967612
-0.000919174140830613 0.00391259836740023 -0.0783073693764317 0.00267045746955683
-0.00182398451769538 0.00143005898953738 -0.268421454961425 0.210811258244725
0.00214765095846131 -0.00146181146254118 -0.424810221016606 0.438461418760336
-0.00402719655369717 0.00763522878775497 -0.45179900252363 0.613542682824783
-0.028883148623007 -0.00217073775054354 -0.469146023012791 0.668437090909842
-0.0318117499483244 -0.0288821101992743 -0.403965741726847 0.592767771215507
-0.0336630141367295 -0.0168242031803174 -0.294273456431884 0.459176677416578
0.0104445340404859 -0.000369143476383766 -0.225650057593573 0.329612002894656
0.0134671545102763 0.0360586028218649 0.324211062890445 -0.126422853119629
0.00798673152253198 0.00095242417170642 0.375750898812555 -0.326590973485943
0.0216734042201487 -0.0430145826272674 0.59879964729322 -0.119985241992754
-0.0133965678357953 -0.0228003204480478 0.88114690445359 -0.18504511070887
0.0103293456237907 -0.00739630389216221 0.756228931921812 -0.285987648023558
0.023076663993221 -0.00352230660002001 0.483859398534438 -0.237319801621963
0.0257521065322324 -0.00531583442149482 0.204934063747259 -0.112048446430076
0.0216303138207081 -0.0119962470665679 -0.0783064258712362 0.000745916323709876
0.0213979728912249 -0.0145966151668046 -0.267563745154269 0.209437432795143
0.0219115932641128 -0.010572658675617 -0.417492304637182 0.445567648311264
0.00872931775792725 0.0160332186006975 -0.443397525045652 0.621121867753735
-0.0407342152748903 0.00968464540579704 -0.460481093469603 0.678294706787056
-0.0414447394830759 -0.0386476965314114 -0.394968840202353 0.59763003308674
-0.0184737712156092 -0.0114448247812931 -0.288299689343555 0.466215914050085
0.0202343068558908 0.0377416052130594 -0.226878330137948 0.325221199144537
0.00269177652658684 0.0708637525742471 0.318686628926809 -0.144374435771019
0.0212706564305092 0.0130573250717128 0.367636242207388 -0.32506999077699
0.0181461139756705 -0.0565886345024463 0.600692009412739 -0.147682766924846
-0.0280053768098003 -0.02099685575783 0.861156037963557 -0.222286557039435
0.0144467655538257 0.00337818613453558 0.746191773393479 -0.304839872267235
0.0432745666470618 -0.00388631799292078 0.490171849257011 -0.247315520727885
0.046190523243826 -0.0203775912791138 0.21592253203431 -0.119118416678298
0.0419739543614659 -0.0257756109844375 -0.0696803386199381 -0.0083848774678573
0.0378000106308004 -0.0296724187109348 -0.259648127188567 0.202007895933298
0.0407323096086784 -0.0182672583307822 -0.42100353580016 0.432914610612881
0.0159466664548818 0.0249826190984789 -0.461336411177658 0.609740956009381
-0.0563657395852208 0.018605472837105 -0.488659736617457 0.662908437342222
-0.0495745457894068 -0.0513297401741198 -0.414318261873434 0.57999252318845
-0.00739510912905463 -0.00944242562837945 -0.297001930501811 0.463826771237191
0.0244050512125206 0.0710155593820754 -0.237264375194889 0.312408144373737
0.00342496699454654 0.088993418087573 0.30734542273488 -0.174215404026202
0.0266807908174329 0.0145383844199492 0.350797823670355 -0.328561722402512
0.00894090685035977 -0.0630204357672367 0.597064840343603 -0.211691095718393
-0.0406425656734348 -0.0152828452127213 0.817792485550217 -0.308052197703485
0.0183499626432502 0.0119034333555435 0.713723372114832 -0.354657590252217
0.0572585780824037 -0.00961947263667202 0.488586522400806 -0.274254719707118
0.0604155692429689 -0.0297183908848828 0.229487786451175 -0.13527504234329
0.0578481299853364 -0.0364960241141469 -0.0540492970037385 -0.0210551305811498
0.0531321035235157 -0.0391323779864964 -0.249658818506426 0.180801537897903
0.0555406762702362 -0.0219610989196804 -0.430204826732675 0.404342689634905
0.0219290666562859 0.0317992430265206 -0.501939195245291 0.585052050522658
-0.0696199978992544 0.0184116680167159 -0.551255531411072 0.627046251575789
-0.0524702626793606 -0.0647014017995689 -0.457858339482779 0.536578938740414
0.0039678599779699 -0.00132421521346266 -0.313460719839667 0.449788540623792
0.0188613503326142 0.0918416647273169 -0.251983169452361 0.295192863352123
0.00648908459615218 0.0947730135681677 0.288104352858859 -0.207231960309125
0.0253581379395092 0.0106582418042966 0.336758961196937 -0.341045089445924
-0.00290040928560519 -0.0633604752288549 0.576699382396376 -0.301462909892261
-0.0458095324413197 -0.00726301914275874 0.748175237460346 -0.411159265129366
0.020409110233647 0.010336795006693 0.66455886051623 -0.422166878751279
0.0611657246242234 -0.014714413151528 0.482009119012138 -0.315427143080151
0.0650959168132268 -0.0364301339203521 0.244259356691284 -0.161168373835943
0.0649969743212836 -0.0416409137480572 -0.0346851226215345 -0.0377956676247803
0.0626382878605956 -0.0408330055465999 -0.236225487223929 0.15779656692171
0.0624871367911477 -0.0198344536025051 -0.445464862941418 0.363591765889665
0.0192462987640373 0.037358309665209 -0.555135505289786 0.53346008465046
-0.0814781904541909 0.0121588843055974 -0.636268913738229 0.565274341588386
-0.0477867030318481 -0.0738446879137298 -0.52193707069645 0.470871217594625
0.00614271143584089 0.00934553170083906 -0.336915056783538 0.424331941570942
0.00401984232131528 0.102058582065011 -0.267905534037458 0.273961588501997
0.0115696626171183 0.083197029129776 0.27116169809249 -0.238706663982308
0.0151020561126011 0.00541883398415795 0.319872627295878 -0.358710742330291
-0.0134582217965379 -0.0555389709793466 0.5380743793299 -0.397114260354873
-0.0455373277363493 -0.00382971538528531 0.66238469057349 -0.515937089699847
0.0161530877360347 0.00429659487553016 0.601270512049214 -0.493286012363287
0.0552405817340363 -0.0209296159365613 0.463879934273201 -0.362998049852145
0.0626162104208397 -0.0389023193264444 0.256250172475948 -0.187561036162466
0.0637842482310949 -0.0406334186718226 -0.0152894462568786 -0.0547770723866797
0.0605735882011881 -0.0383903365550196 -0.220406497028048 0.129954714040994
0.061116139259644 -0.0136164225189844 -0.455229123106238 0.313361685487823
0.0114535807505672 0.0366588289391485 -0.615492824853915 0.471876581314454
-0.0845785919935777 -0.000269167233872943 -0.732020414815282 0.477662819236159
-0.0374505004195785 -0.0771852958772708 -0.580893278088364 0.38366466253809
-0.00011916552560351 0.0191647034633242 -0.357066217451364 0.396510829171749
-0.0126388268807126 0.0941342841412049 -0.283348259436308 0.252891138583431
0.0266443892929421 -0.0758866201338697 0.315795582367846 -0.176814895553192
-0.0488348295974969 -0.0251428084181023 0.346714020224971 -0.364243335280922
0.0156798583853956 0.00189117688899724 0.568010342225522 -0.271848244272066
0.0284586693854166 -0.0308151033299457 0.791929200015612 -0.386625742785435
-0.0178865160826064 -0.0454451509317244 0.668550169107122 -0.433665262465301
-0.0387824196402425 0.00289612140464978 0.448529466026656 -0.317344703984968
-0.0368868611638468 0.0273690676161309 0.208084763058536 -0.143047950156723
-0.0421080030124647 0.0325437581489709 -0.0556759480060424 -0.010636408161746
-0.0405224949170439 0.0276955170923316 -0.260217486719743 0.181013464856756
-0.0365308274394966 0.0122870517570158 -0.448323099081449 0.378341690190173
-0.0260981584694347 -0.012120335813179 -0.524878004547541 0.546184263618942
-0.00665623920832987 -0.0249004181406483 -0.583337766625453 0.595051369221154
-0.0153257651728845 -0.00948564920198468 -0.49951842354314 0.517570109422885
-0.0616159301472077 -0.0198551516657082 -0.32247254952171 0.415075529531111
-0.00611383540655902 -0.0747590730087141 -0.237284770242956 0.322443926573943
0.0308521609268558 -0.0438748796850138 0.322000984942418 -0.147109879738902
-0.0276694580383022 -0.0234650020928286 0.362181834859067 -0.347998322485127
0.0163716439862389 -0.0121477443866049 0.583199499246844 -0.189208217215941
0.0181720539813072 -0.0249889657650287 0.845119036622972 -0.280897824985023
-0.00659426753359755 -0.0349841589474238 0.715504880301543 -0.363719328694346
-0.0211500335449162 -0.00135779260064613 0.464496203448275 -0.278954907976879
-0.0200373355012811 0.0172577703131549 0.200232527756901 -0.124355427353222
-0.024075272897748 0.0197133071997154 -0.0717441914186948 -0.00032233658428572
-0.0228852349382045 0.0165982370743012 -0.265063182006177 0.200675757366825
-0.018347371309774 0.00768723555971054 -0.429247928774998 0.416132679172231
-0.0155647531447244 -0.00144219938517743 -0.475759006931077 0.590433085685307
-0.0174161812419611 -0.0145961056043216 -0.506282159262968 0.648423958144642
-0.021935919121169 -0.0188912168476408 -0.436516461076487 0.569347727480484
-0.0478073949080375 -0.0166907891034086 -0.301470323213177 0.442363939027596
0.000770062855991033 -0.0387306897123495 -0.225406048747003 0.330740250148668
0.0245500048780006 -0.00456221117272093 0.322752147633131 -0.12986348119715
-0.00764195890122144 -0.0127082455867286 0.370779638099749 -0.336581935018674
0.0187768048898163 -0.0280451669486843 0.590146595823094 -0.137657600281675
0.00344612554238133 -0.0227509678785229 0.872439332673903 -0.211694549597397
0.0031826725849222 -0.0206558307101433 0.744129012403951 -0.313054136992652
0.000389645165041548 -0.00205267139531764 0.474143893934805 -0.250820222415193
0.00140327100966184 0.00552044476239188 0.197035792661791 -0.11459869634234
-0.00180556674195013 0.00412709455289981 -0.0785031943318875 0.00446753933869729
-0.00169091211209452 0.00166157412480647 -0.264289061626403 0.21286211906199
0.00174350152945818 -0.00113437245605856 -0.417172497345699 0.440454172906214
-0.00430724081791128 0.00794569564842017 -0.441554965741408 0.616479278754331
-0.028901913635805 -0.0020127189749554 -0.459677451811514 0.674592218073917
-0.0320898963145912 -0.0281218265182479 -0.395675987234481 0.596765967079908
-0.0333945441005261 -0.0150894294559061 -0.287443742595567 0.460047954449186
0.0107237436996647 -0.000211183139988557 -0.220758651472308 0.330770476153398
0.0139358548545012 0.0348087556662682 0.321564787294935 -0.129090644001712
0.0095228654938044 0.00104845535987229 0.371571994338742 -0.327299651005009
0.0210342574703183 -0.0424268627050247 0.592282888659995 -0.12611144699389
-0.0122727594140417 -0.0220654035322866 0.873669566866726 -0.194072114433023
0.0107213052460549 -0.0067346656989143 0.750221495874047 -0.2931062046674
0.023631427683853 -0.00307868930558679 0.480163547419659 -0.24374783028409
0.0260121956592288 -0.00664702713675604 0.201734445283475 -0.113806039060035
0.0213886861348757 -0.0122309119288558 -0.0784707286727306 0.0020841204383223
0.0186850222989527 -0.0146101736647868 -0.261183501974226 0.212955883144063
0.0216833667683007 -0.0115227667013118 -0.410372079449207 0.446003995766816
0.00850928286292801 0.01525459782522 -0.432797624882744 0.624747437280035
-0.0419457514447094 0.0102750545467982 -0.447371979471621 0.680347564682264
-0.0425044607944052 -0.0376535070647758 -0.382978086352175 0.59912630370784
-0.0191979537935976 -0.0125684349578331 -0.279979618932612 0.468469407675064
0.0191542189622647 0.0362351634014961 -0.222585230151879 0.325432843044986
0.00562555035991079 0.0676900354319156 0.314558856671951 -0.147192402501197
0.0204151215808064 0.0120474416462389 0.361544398504924 -0.327683135131123
0.0183805222594462 -0.055501737199319 0.595056066937218 -0.153082411479733
-0.0284916322193647 -0.0215305948743424 0.85371222556313 -0.232682766050056
0.0155363829614754 0.00419615843267332 0.738048530028579 -0.309532321139471
0.042616379612049 -0.00446984208997991 0.485134938918541 -0.250503494598245
0.0458480306456875 -0.0184825549916305 0.212951846352385 -0.120793948429827
0.041531244032394 -0.0266556660939809 -0.0699634306390836 -0.00701097953615087
0.0376768747584645 -0.0299959907485391 -0.254474859280758 0.203609530232076
0.0395116085467547 -0.0191427440571934 -0.412419524586678 0.436522635668655
0.0175206739826392 0.0238706973462658 -0.451421015451416 0.614210261279176
-0.0559554210466452 0.0191037474523101 -0.479070773260724 0.666887275876437
-0.050560587909326 -0.0498003451489347 -0.403333719837673 0.582946849967857
-0.00604364813581115 -0.00923555003115576 -0.28934181542935 0.464486347545389
0.0232280642348151 0.068327491231488 -0.23257550570904 0.313679597788442
0.00441167664004843 0.0886114026384136 0.30333396747274 -0.176687674876959
0.0274688351327894 0.0147910663342811 0.344849797192526 -0.332273940990708
0.00897683773025499 -0.0636548171804197 0.590402020868348 -0.216273927656927
-0.0412841916575933 -0.0152874943193405 0.809256611376825 -0.314124002032882
0.0199028386830548 0.00993661448349541 0.704921394359912 -0.361053387934694
0.0563958648310532 -0.00951627694109055 0.482048147938323 -0.279982431923692
0.0599635557856569 -0.0293871666964791 0.226235221588383 -0.137707003143206
0.0570229626350623 -0.037573596617431 -0.0545405772723768 -0.0206405221543797
0.0518162110506981 -0.0389878883308363 -0.245337050897064 0.183817821899373
0.0542652328885779 -0.0231954309475493 -0.421270217403257 0.40739285096313
0.0221977252179628 0.0314590470478649 -0.491336370789079 0.587941594244671
-0.0691976866398344 0.0198328474964247 -0.541843964956974 0.63121970867826
-0.0535375383604522 -0.0619680335659615 -0.449715248953094 0.53986460434448
0.00375644289112673 -0.00050218202013661 -0.306644072655291 0.451738882721599
0.0182128479508826 0.0920036086728026 -0.247976247801358 0.296711161759633
0.00828224300850108 0.0931784724991995 0.287623488838531 -0.210313136335438
0.0259088993260717 0.0114268960063649 0.328426960946813 -0.341694848188203
-0.00270405191087299 -0.0638093559553493 0.570128434264417 -0.307199620003129
-0.0467320490769148 -0.00698284577867667 0.737082918265276 -0.41821015782692
0.0213250876490415 0.0103495969749563 0.65663320415591 -0.429200598190708
0.0592017801825879 -0.0162213233916553 0.474357818834062 -0.321139356813565
0.0649938059504678 -0.0367680127184517 0.241129109355702 -0.161433191020984
0.0645800694246152 -0.0421290095927333 -0.0356452064216354 -0.0370329949415475
0.0595633842669458 -0.0424249595690538 -0.234001619234068 0.15935528207117
0.061726536006236 -0.0208236406429754 -0.436288904629731 0.36754664785074
0.0191880356738217 0.0361448609276512 -0.548143535474008 0.540991627041163
-0.080580640622692 0.0134664311662038 -0.628132071675273 0.571250937789584
-0.0476927834407897 -0.0738480930597141 -0.513510671810675 0.47572914936805
0.00649203377651721 0.00891308732425553 -0.327962509697061 0.427801832312357
0.00576359901696775 0.101046196946132 -0.263625837668194 0.276751859206605
0.0130758243345719 0.0830915452799233 0.266958299591687 -0.241385313750926
0.0155922656296668 0.00585036231923591 0.313471370906043 -0.359824838263094
-0.0149224914573397 -0.0549788660222119 0.530447817270841 -0.400922575519217
-0.0455989272277422 -0.00297765015124985 0.65256946978257 -0.521723151361005
0.0179319702985715 0.00523912734335493 0.591724908112277 -0.496655649761735
0.0546806398322027 -0.0215778177539256 0.457799662061459 -0.368372102030643
0.0611263981567931 -0.0394815069854323 0.251831256634478 -0.189597448714609
0.0618547952897998 -0.0411184740242664 -0.0147186632712453 -0.0536088347542736
0.0598158485530743 -0.0391773093681531 -0.218078552433618 0.132486260073595
0.0613584438061926 -0.0146449561050614 -0.447722485040077 0.317949639415224
0.0126054478551429 0.0362249440326616 -0.604679372763307 0.475153201862777
-0.0851010546011554 6.3992529684375E-05 -0.721556123090916 0.484490433193332
-0.0383929046690589 -0.0765567811346293 -0.572638096704503 0.38975662922663
8.41652649971464E-05 0.0195865216275521 -0.353526433245943 0.39973036576609
-0.0113359486717636 0.0938696391487844 -0.279241836835109 0.253888463236648
0.0266556564081294 -0.0763946638854361 0.31156154039373 -0.178731211648298
-0.0484242522872968 -0.0242374205208695 0.339772701703295 -0.365071685505398
0.0144169936407255 -0.000120609841489951 0.562853957270593 -0.274527957978409
0.0276710859245826 -0.0311444017242119 0.782180254410361 -0.390778313237246
-0.0187227448224356 -0.0449261578169545 0.659059571212393 -0.438876597094853
-0.0397450706993656 0.00263984588218429 0.442167768220865 -0.320887931072779
-0.0364213130625446 0.0272764394260837 0.204532871261992 -0.143249080476011
-0.0411697122769706 0.032960408202928 -0.0569936844905396 -0.0102257132624933
-0.039784142149909 0.02961462084914 -0.256826616655368 0.182311648888187
-0.0360003801851707 0.0123776554625343 -0.440649348977877 0.381651816348333
-0.0262160641776841 -0.0114068770328073 -0.51568150869926 0.550340141068151
-0.00670184280219648 -0.0241498607863893 -0.572030670108374 0.601065141814453
-0.0156368440589464 -0.00886053491093031 -0.490013909624332 0.52155444338501
-0.0620585663866671 -0.0188625364800922 -0.316495208341394 0.418013214450559
-0.00620436321583542 -0.0741228182987951 -0.234039013045035 0.322392908883127
0.030845487155634 -0.045559368973814 0.319066084212027 -0.149026387665279
-0.0283328964306407 -0.0224592111337806 0.358395336585385 -0.350408634419901
0.0154829792402159 -0.0125693744878909 0.577428982404012 -0.193967473720356
0.0185440991865478 -0.0255511410395696 0.838943288551638 -0.28864164158827
-0.0065167071986319 -0.0341370156296502 0.708398766493727 -0.367637754584355
-0.0221281897032 -0.000178850436373418 0.457602768383001 -0.281382743353444
-0.0202432014949471 0.0176800649593224 0.196619293008335 -0.126705931865285
-0.0237097898203958 0.0208993834290591 -0.070759282230744 0.000945360962529143
-0.0223982883436927 0.0168456659770568 -0.261586837380581 0.203277983829602
-0.018044080874705 0.00743519818602265 -0.423757980600725 0.417640847816042
-0.0164673417313499 -0.00178728720712717 -0.466254603621936 0.593391531069854
-0.0179049508697596 -0.0146971864750177 -0.497792825874546 0.649918534941901
-0.022290284087609 -0.0183785306554347 -0.427575381993472 0.571256789391194
-0.0480745384569485 -0.0156823553542652 -0.295662701610141 0.444807405406305
0.000417184180607124 -0.0384354031579787 -0.220980565657293 0.33060030447206
0.0250900152699747 -0.00577806770359978 0.320761800074979 -0.131380334424619
-0.00753788913917746 -0.0119560974863434 0.365886660463233 -0.3370722807842
0.0184250280882128 -0.0278692138061781 0.583771081434805 -0.143529443317773
0.00322732734659575 -0.0227596964414056 0.863493714088675 -0.219374064848104
0.00306564378441441 -0.0205920443678583 0.735936272610539 -0.319863255532029
0.000450881799035788 -0.00190653254335153 0.467123968634738 -0.254439558808054
0.00165574899270955 0.00576916866716317 0.194796993973625 -0.116681390664636
-0.00174961302154705 0.00452927488607504 -0.0779962474819424 0.0060600213063239
-0.00213297981596209 0.00128798407171137 -0.260207989019754 0.213590077226643
0.00171580285250949 -0.00142719466123909 -0.407669779936646 0.443037294522029
-0.00345610691939869 0.0074147138009123 -0.429757220235686 0.617965679289507
-0.028716118916103 -0.00180236502820335 -0.448015274579311 0.675627581280805
-0.0325030332706997 -0.0274931273586397 -0.386756077265776 0.59767769850019
-0.0334249071797924 -0.014344795611695 -0.280395238810216 0.461112168416948
0.0108893486425058 -0.000348232694141104 -0.216277763180417 0.332009290360008
0.0144881719379793 0.0336683149445203 0.317884213437389 -0.131962987013378
0.00899763339196484 0.00181530183972921 0.366593397221052 -0.331015412064006
0.0199698091666402 -0.0427580722683092 0.587322219937564 -0.128660825064763
-0.0135127479416452 -0.0225073964697466 0.867441223845519 -0.20071361448902
0.0105547849457348 -0.00708445707705999 0.741772636290595 -0.301850369698546
0.0227683832548824 -0.00216626561245059 0.475500371203199 -0.246861400756977
0.0245111951547645 -0.00692910354259935 0.199463267093279 -0.114785121255436
0.0212570822211503 -0.0117855702153649 -0.0783712183606778 0.00315479987426003
0.017860412226771 -0.0147226742086422 -0.257807404227798 0.215269113031314
0.0211048778634681 -0.0117099250623683 -0.402328121975056 0.448334495985345
0.00847036423138623 0.0144952908534949 -0.42294549548284 0.625368425762786
-0.0410987035356596 0.0108724010169765 -0.437126251987904 0.680411696874699
-0.0429763211175995 -0.03745229671678 -0.373520475986215 0.600870926599383
-0.0193193608135433 -0.0127975584815536 -0.274663026080106 0.46870095879395
0.0204996135609833 0.0367983587020037 -0.218820102574617 0.325518041296704
0.00641118755905026 0.0666521904177771 0.313080248278297 -0.149193664541258
0.0209729159274872 0.0124607240386033 0.353868256485338 -0.327520114768473
0.0172876351221513 -0.0553535315607554 0.590949366664583 -0.155953402864455
-0.0286098560892672 -0.0199436332722651 0.846383238546049 -0.240241532022504
0.0153407101224556 0.00290052880843276 0.730684147748925 -0.319658358427897
0.0419568998520012 -0.0042979989993665 0.479316522323783 -0.256306468182018
0.0442449064842664 -0.0199212560710368 0.209368317458118 -0.122425574991084
0.0411217758078071 -0.026947066641524 -0.0700012780536999 -0.00553547057921236
0.0366101839388789 -0.0296970997716057 -0.251622680141836 0.204675093256141
0.0389546754441377 -0.0198854927074729 -0.403203939771237 0.438224736367562
0.0182195185546827 0.0235000665006429 -0.441411504101549 0.617086145067199
-0.0545060878007931 0.0193086127200063 -0.467116072060848 0.668557035196479
-0.0505508826400911 -0.0490151721803944 -0.39397956576626 0.583344797533269
-0.00605895479504543 -0.0083383472938804 -0.282113516906855 0.465665026370359
0.0250396928633043 0.0681503582038816 -0.228824172829977 0.315451178553732
0.00536702262996648 0.087786240717517 0.30075736183551 -0.17884903587842
0.0276332876089037 0.0142638285696137 0.340487860825042 -0.332163508630664
0.00787867089074795 -0.0626426947710328 0.585391734226469 -0.222100582049368
-0.040308753530912 -0.0158255518135001 0.802732169278197 -0.323351081017028
0.020115905988403 0.0105253693380113 0.696897318101713 -0.366959010753517
0.0547579633620738 -0.00977037098399404 0.474841865777421 -0.283893433023619
0.0593533627088752 -0.0303065827771093 0.223889121159925 -0.139269343889467
0.0555494274575591 -0.0381581917920381 -0.0549101524241832 -0.0192492787510262
0.0513065187996489 -0.039558684597359 -0.243152766109864 0.184778995527428
0.0527351780683501 -0.023472433232793 -0.414880901993209 0.410328386268507
0.0218056868182049 0.0310213465483232 -0.481453481735317 0.588211255566654
-0.068756024981546 0.0214808466098021 -0.529962522107684 0.637087820486556
-0.0536935051906653 -0.0611856047171067 -0.439758287268117 0.544367353141019
0.00321505832400312 -0.000785794701046989 -0.29914660013325 0.452766319823733
0.0198783691158386 0.0914198145220731 -0.243444343563998 0.297952568019654
0.00999941793329974 0.0917445732626914 0.284095147854982 -0.212214554899838
0.025458405399419 0.0112286858360759 0.323397039596659 -0.342085698957668
-0.00427221074226514 -0.0638535462076943 0.563267939612836 -0.310102701768517
-0.0465295257948595 -0.00791423832181114 0.730041782879249 -0.42417289348851
0.0210115663290948 0.00960634322716951 0.647460527990238 -0.433814666758707
0.0596692276294886 -0.0161471508482563 0.466300524680933 -0.325311965692499
0.064575434051738 -0.0375002199950779 0.237682029918617 -0.163111263298806
0.0628116267210606 -0.0431460860259205 -0.036231445512278 -0.0357704223691237
0.0588026328793449 -0.0425788211659378 -0.22973064751269 0.159634574047263
0.0611342336131001 -0.0209389503856865 -0.429038664153181 0.369751468791001
0.0196289220608098 0.03522455778711 -0.538977981137577 0.543335465876462
-0.080226423781063 0.0145095902883891 -0.618564545220386 0.574986775062308
-0.0489001098171417 -0.071623371198431 -0.502455835535533 0.479541825039466
0.00636418519309827 0.00950067284504495 -0.322579956995914 0.42869462046632
0.00673442295146543 0.1012489344706 -0.260252561433141 0.277994079313483
0.0127695323199556 0.0819212237793126 0.263661440681493 -0.242169818909869
0.0152918903723658 0.00624032458012856 0.3072848513662 -0.360354657454683
-0.0159657705506469 -0.0546786664674411 0.522237894748907 -0.403467039956602
-0.0446525724343801 -0.00227086834106312 0.641269621181768 -0.523793653297583
0.0177381354885509 0.00475045787500496 0.584919757794574 -0.500723868725305
0.0547434937669933 -0.0215742145879723 0.451861934038733 -0.371561314973463
0.0596389076934671 -0.0396832682483591 0.248939007794118 -0.190628490935634
0.0612372755495993 -0.0418519878610308 -0.0152016165441041 -0.0523684841727782
0.0594689669131917 -0.0399688528568182 -0.215283600901688 0.133840842034968
0.0599775735878429 -0.0154038704837915 -0.443660865632154 0.321081976772091
0.0130773454153533 0.0355777045916648 -0.598431696567217 0.480557468536866
-0.0831345984525996 0.00134043800916022 -0.712261894214534 0.490698105333811
-0.0387407962789322 -0.0767671882430239 -0.563315429778631 0.39481146476263
-0.000320779974252706 0.0197434376460227 -0.346903493860069 0.400505422329602
-0.0104358150226574 0.0936332874377117 -0.276060853022461 0.255557672324488
0.0262781138403781 -0.0768470870661011 0.308823726876094 -0.179709161613201
-0.048628441739678 -0.0223182842273456 0.335111436134968 -0.366935417845928
0.0139283209993745 0.000177845463663448 0.555140500544173 -0.278758425973678
0.0278210403010163 -0.0315581759213262 0.773846937926391 -0.395881655427533
-0.0190633364404479 -0.0447373037976809 0.64978919886035 -0.440491002739573
-0.0392118235590082 0.00270544273447639 0.436831550943839 -0.322037047295966
-0.0357977989461845 0.0293323936768839 0.202646228156925 -0.145359650705511
-0.0412391324301621 0.0336747359652479 -0.0565849304393214 -0.00890024534310499
-0.0393954468747546 0.0294953033987556 -0.25271213614922 0.184307691835519
-0.0358446274441818 0.0122849929461374 -0.434173776837959 0.383819864202731
-0.027132952585832 -0.0113593936518759 -0.507023385978313 0.551806957522615
-0.00723060110542332 -0.0240145329156019 -0.562787183618631 0.604179291440447
-0.0164773912469117 -0.00871190399507844 -0.481540283280345 0.525086099068201
-0.0619751510345374 -0.018123815096318 -0.311753388927201 0.419231384747929
-0.007953204587636 -0.073046065316204 -0.228244279008475 0.323311606657963
0.0287924274167445 -0.0468633172056103 0.316292399630546 -0.15059828031475
-0.0287304951991227 -0.0212344765482757 0.351710974363012 -0.350954598150695
0.0146472528104339 -0.0132411009649533 0.572486578708801 -0.197645044079044
0.0175654698063066 -0.0257451281340919 0.826985045461427 -0.294555616047461
-0.00659796370554159 -0.0342983473983998 0.702035043712119 -0.371247935102187
-0.021826627285894 -0.000784026016845437 0.451877021551369 -0.284385076433457
-0.0199058587737488 0.0181243919992736 0.194717672919523 -0.126813585807518
-0.0238161898121202 0.0211518606593459 -0.0696104270264153 0.00121234084690363
-0.0222611021614566 0.017850002507404 -0.257232449314928 0.203533526421448
-0.0177052643364656 0.00694814957284269 -0.417192695111018 0.421264075298457
-0.017094504666878 -0.00149630954753075 -0.455189910226575 0.594322686796849
-0.016685435134774 -0.0134916601962153 -0.486333510666872 0.652079693542085
-0.0231829882024152 -0.0179437452046295 -0.418709551459278 0.574047052490331
-0.0487034408502969 -0.0154632274634278 -0.288507247261116 0.4443107624004
0.000621998556027636 -0.0377690890259883 -0.217263946885924 0.330005511940453
0.0251736483067135 -0.00606736897951866 0.317644132550603 -0.133545389762993
-0.00802933771709426 -0.010962313070251 0.360261685746196 -0.337936317304748
0.0172906216900385 -0.0283627253163998 0.579525377515701 -0.146975231641584
0.00309250252374043 -0.0219721199695279 0.856612569697329 -0.225191247408921
0.0030856408686777 -0.0210935891673458 0.72872242425569 -0.324619841628879
-0.000923479072650915 -0.00224911940296661 0.462451585485921 -0.259262281577874
0.00133306962478358 0.00629599924960888 0.191157079325196 -0.116956521759884
-0.00141584479141805 0.00476722780575806 -0.0784282101560411 0.00717186448568532
-0.00257400022183025 0.00296358955779525 -0.256935281961237 0.215090257300571
0.00163920458361074 -0.00186232634639816 -0.399889124869103 0.444835754737744
-0.00335761001193795 0.00641473359070838 -0.420645766060438 0.61903008728937
-0.0292960664672108 -0.00141639683714882 -0.438588648983527 0.677677390852191
-0.0331140060570923 -0.02651629701466 -0.377025907564466 0.598699952072105
-0.0337876244840473 -0.0135574668718895 -0.273979957869277 0.463755798224583
0.011231521956302 -0.000456736544367226 -0.213028541759073 0.329893120476237
0.0144464187472689 0.0325035597409632 0.315787447661117 -0.133556296299163
0.00937552185962359 0.00259182497942504 0.359779537121282 -0.331685113750899
0.0195808704140497 -0.0431656386743505 0.582643129030096 -0.134017622020483
-0.0130561514251323 -0.0223881234939829 0.859976557430945 -0.207925747401357
0.0101437033711013 -0.00680110773044454 0.734650824082629 -0.305365001119321
0.0222307483222846 -0.00298804402201202 0.470652728093691 -0.250668151045586
0.0241172858664837 -0.00637483626245386 0.196652407582255 -0.115652376157924
0.0203859691100834 -0.0120883386705349 -0.0777532304162022 0.00454872770938234
0.0188100814509208 -0.0145381461184132 -0.25398127519314 0.215348260587744
0.0203257992329923 -0.0120136445532688 -0.393151918151603 0.450725636994649
0.00923994924970421 0.0151020991297869 -0.413051655584005 0.624983340354888
-0.041871267053184 0.0105335967701566 -0.427170950409176 0.683370199866873
-0.0432280022551037 -0.0369986093698036 -0.365957960147492 0.602263103588185
-0.0197078613311255 -0.012416639399873 -0.266737521422517 0.468439665106615
0.0206639015408343 0.037314970088788 -0.214828266786844 0.327233307156917
0.00826914886161965 0.066059284432021 0.310406426808771 -0.150605109797496
0.0208437835853925 0.0123156771125135 0.348766156628695 -0.328663443122775
0.0158973384371784 -0.0556358881525097 0.586171900565036 -0.159729961809325
-0.0284352925511338 -0.0197536697509429 0.839048425157556 -0.246546915743027
0.016680216571726 0.00389453560531295 0.720726454248893 -0.323265911531017
0.0418124257849278 -0.0050860990518657 0.473981905782574 -0.259630791836755
0.0442835261950324 -0.019033111183088 0.207862347472549 -0.123380677013589
0.0403303076983689 -0.0272841028698416 -0.0695397604958013 -0.0037700531319205
0.0372687018460421 -0.0303861956874221 -0.247110782323413 0.205065826735459
0.0378184473936472 -0.0200526848068525 -0.395454097750918 0.439239393863594
0.019529685149503 0.023468912613214 -0.434520895115528 0.616786365664967
-0.0544590304207367 0.0199376198309847 -0.457433580824085 0.671628938126738
-0.0516166628800721 -0.0478972201219559 -0.386340062629519 0.585329957368919
-0.00687445772139231 -0.0080069667451212 -0.275139402716598 0.46710666154978
0.0257013412492285 0.0679566630340812 -0.22544354934103 0.315001622206166
0.00552941575622582 0.087545761935547 0.299584509921097 -0.180766594631915
0.0256677379119327 0.0156309866178174 0.334330805132486 -0.33186980502257
0.00655427941365754 -0.0627352436332903 0.578383750256409 -0.223708210190459
-0.0406376511308089 -0.0142992587617385 0.795336145256779 -0.330067920852368
0.0202351553115613 0.00939131080790427 0.68946431581847 -0.370860356386468
0.0546057459374386 -0.0104036179303003 0.471820020345416 -0.28628685779744
0.0583121756747531 -0.0301147534845486 0.220754596019946 -0.139992873029122
0.0555917441622901 -0.0387411958598131 -0.0547137005498895 -0.0180872235754641
0.0502336310636029 -0.039613953131166 -0.239329760540306 0.185682004260529
0.0522772000414239 -0.0237375123103736 -0.407156939841058 0.411822899858579
0.022254270736428 0.0296989060494215 -0.473063503489704 0.59203671884008
-0.0696170076433276 0.0216011686523425 -0.51849472231498 0.639299955075732
-0.055330593676792 -0.060164827718253 -0.429987661107184 0.54614618601404
0.0035429744090914 -0.0010667187054357 -0.291318893489182 0.453670186511836
0.0217474755757937 0.0902136076273599 -0.239905845641067 0.298634287288659
0.0100073991335897 0.090633380061538 0.280338061491895 -0.212498232527789
0.0257948498191145 0.0116317083254221 0.31784990957009 -0.343615805622799
-0.00457162088437761 -0.063779782311279 0.555696534791989 -0.312886115030449
-0.0470327128735502 -0.00689499160071216 0.720480077995268 -0.429525684923547
0.0209466863782584 0.00923506068868648 0.639088498140346 -0.437660401046032
0.0579577706169258 -0.0165650364126043 0.460922569184463 -0.327901719488953
0.0630264535512167 -0.0384103845822519 0.234264622356114 -0.164320099996542
0.062778269195107 -0.0432546694380096 -0.036115635176389 -0.0349669239319488
0.0592328134890245 -0.0425314155448612 -0.226401548697841 0.161655476504338
0.0601059426085823 -0.021897333363866 -0.421630835885632 0.37205566588249
0.0200747724356466 0.0349051313431979 -0.528356356923301 0.545107475856903
-0.0788374872641887 0.0154004951495516 -0.607064319506624 0.579265806817429
-0.0493155398520153 -0.0712410524789017 -0.494699313783149 0.483511419915515
0.00722538106182991 0.00996610891298628 -0.315229789409926 0.429181932396024
0.0082876005526532 0.101089687910301 -0.255898950703624 0.278110236473821
0.0146085695436157 0.0811134156502919 0.261195150493418 -0.244233553078635
0.0154660588230603 0.0064491055809992 0.301129408545125 -0.360729811001504
-0.0155228004549593 -0.0549475057591206 0.5155435848667 -0.407024508291603
-0.0447928013281229 -0.000932799026231213 0.632818059015409 -0.527429283953068
0.0192402672280858 0.00435821462544521 0.576280423774613 -0.50336120905071
0.052618166969344 -0.0221943114903939 0.444760459224714 -0.373375661618918
0.0586888914023933 -0.0402962303241048 0.245302890143994 -0.192128573962348
0.060511637570975 -0.0428855377982227 -0.0165211952418586 -0.0515639949895014
0.0577760480832883 -0.0399486845948086 -0.212519733646741 0.136056697220632
0.0601930138810096 -0.0169616088498347 -0.434345769083356 0.323542276992664
0.0132701868405739 0.034699311899623 -0.588586640581309 0.4833172967701
-0.0829694252356092 0.00198952573182766 -0.701930558118012 0.494914307633594
-0.0398610164402452 -0.0749659354286417 -0.557598659455285 0.398970665500948
0.000162309256539601 0.0194498639001337 -0.340253971354893 0.402229174442336
-0.00870886854917335 0.0934932140661123 -0.272873131623709 0.256512509861855
0.0254624916482113 -0.0765132898389763 0.306767883845674 -0.181155346107788
-0.0480785315918089 -0.0219283829886809 0.33066432500098 -0.368065638735129
0.0140322345938875 -0.000536096966699766 0.548021785160906 -0.279740384903062
0.0271946910541014 -0.0321878822709985 0.765393230028284 -0.400899908979473
-0.0190837310288435 -0.0446083208960938 0.641750827162938 -0.444893524903423
-0.0400518518312911 0.0033553566288981 0.431488504333762 -0.325704549732627
-0.0364387422569911 0.0283226941377444 0.198274785741132 -0.145283489487893
-0.0409043979270824 0.0345880496689143 -0.0573893925211288 -0.00792393655139687
-0.0385981542034906 0.0294905427764197 -0.248741672728666 0.185525194788307
-0.0362748757729904 0.0127605041230088 -0.427216889157259 0.385108434398408
-0.0277747837294981 -0.0116129502315267 -0.497544258947252 0.553369337111619
-0.00695977201272521 -0.0230949924254685 -0.554170079518986 0.607551874631284
-0.0164175012436585 -0.00865400043889979 -0.473120745942989 0.524495000829853
-0.0621560815960214 -0.0176906576967403 -0.306336759159531 0.420260731812485
-0.00628634047378387 -0.0721412193829351 -0.226340940163403 0.322738587366807
0.0290213986851516 -0.0459153175906816 0.313892451851314 -0.15140302796409
-0.0276147215659611 -0.021549573664586 0.346216113035452 -0.35023142016825
0.0148899844625004 -0.0134421387456322 0.567058260701894 -0.200135087927734
0.0169630141351367 -0.0244787103859032 0.823061934148246 -0.299027456540193
-0.00663036598367874 -0.0336455163906773 0.693574891432625 -0.376865172685714
-0.0219887168076472 0.000553059410605501 0.445573512717205 -0.286702804942918
-0.0196882531834847 0.018316195633834 0.191213955285673 -0.127784600566375
-0.0232797085086798 0.0203645633773092 -0.0697583694037191 0.00292092639760983
-0.0213714524634984 0.017445008924893 -0.254828687851277 0.205107523680928
-0.0191295571204355 0.0069245606702329 -0.407990106171498 0.423159937002847
-0.0160648460945355 -0.00191114266859258 -0.446010887986322 0.595042611907954
-0.0185583679012456 -0.0141908040651073 -0.477094626041873 0.651470992100563
-0.0225380741594172 -0.0166040969350289 -0.410494360491813 0.575116232804897
-0.0480350828788672 -0.0143457964503822 -0.283334521170898 0.445471740283231
0.00129990793017553 -0.036771326891357 -0.213767996938894 0.329373516110077
0.0238543060548307 -0.00734436852840899 0.314863641816281 -0.136366858649463
-0.00766489828149515 -0.0105506624821772 0.356416455464974 -0.340280183236543
0.0175130811949333 -0.0285832688372924 0.572033037584893 -0.149443594734792
0.00265829371176332 -0.0229846433695679 0.849617730953814 -0.230867553048324
0.00360512055353957 -0.0214474089723323 0.719525217202923 -0.327549603723409
-0.00108420597058552 -0.00223854491063275 0.458360977485118 -0.261661139336629
0.0016534572698456 0.0058542628831999 0.190271282779956 -0.118423887523431
-0.00216481845619192 0.0042114474199429 -0.0781106807751033 0.00866109348221232
-0.00160909280212103 0.00391482265793985 -0.251953174279275 0.215748462819706
0.00149807540271823 -0.00226322955184777 -0.39470047642153 0.447348943118212
-0.0040289273758514 0.00669409834682298 -0.414634609466556 0.619214641995051
-0.0283904191592079 -0.0012926273742921 -0.429168110690705 0.677359603763811
-0.0335375969327444 -0.0254536621133902 -0.369367970748862 0.600234175103819
-0.0334184321459162 -0.0129058857188829 -0.268499866904372 0.462873288436369
0.0124692632772802 1.01076471043576E-05 -0.208302148607363 0.330768836395917
0.015814640352533 0.0318563768481307 0.312866429337538 -0.135183131569431
0.00962307940070953 0.00236418884879636 0.35520527504515 -0.332160043734801
0.0184992769233344 -0.0425395606267417 0.579530253912408 -0.136543445504796
-0.0136309349660858 -0.0223848859670362 0.850916866100628 -0.214800203185083
0.0104598635890898 -0.00765594840721779 0.726193942804921 -0.309237628200528
0.0211806271711482 -0.00324444913323808 0.46493966955874 -0.252115774219325
0.0234287003281439 -0.00736098253068172 0.194161940532736 -0.115881173953656
0.0204204771077037 -0.0127599391117938 -0.0764289363839403 0.0044814254718945
0.0181403717872705 -0.0142759972310822 -0.250387478619296 0.216646469674457
0.0207676562460841 -0.0117269351123978 -0.387493362893702 0.453848882490228
0.00863773726322615 0.0146055149323929 -0.405241489588495 0.62725556712565
-0.0403495400243666 0.0112702702468301 -0.418095130045447 0.683116284358939
-0.0438577640674559 -0.0359795911556721 -0.356348768136646 0.603126259534108
-0.0196836984000259 -0.0110210493037015 -0.260791359980449 0.468979413896013
0.0220758662237031 0.0355299681622138 -0.21211333689188 0.32607202764468
0.00783632620767778 0.0647000797133845 0.306874083824456 -0.15272137463558
0.0226561850209633 0.0133252151358305 0.345191735395456 -0.330612581994756
0.0158702986721966 -0.0562755712907619 0.579492066838145 -0.164926742774346
-0.0291534537880027 -0.0209056942780948 0.829568036285034 -0.251598601598714
0.0163309224439194 0.00344965824619489 0.714885446400802 -0.325800826324681
0.0408379272787022 -0.00456071334025751 0.468557003858861 -0.261216482451589
0.0445676094818383 -0.0211336961516708 0.205096194492323 -0.123529715280597
0.0393680396977928 -0.0278575692324134 -0.069229878355827 -0.00310167632430196
0.0356653163687931 -0.0293544018467677 -0.244843891187855 0.207589754913871
0.0371788731391964 -0.0207752158129365 -0.388711480409513 0.442127923761612
0.0176950153653124 0.0215400923662311 -0.42392255190178 0.617466218076911
-0.0547059596694951 0.02033512688717 -0.447919541421768 0.672003767206699
-0.0522291815108922 -0.047104389724795 -0.376958901499536 0.585544369316808
-0.00626474648288611 -0.00723480269486813 -0.269609494364 0.465481858187958
0.0260310419480832 0.067976449429743 -0.223247483741151 0.314802312769998
0.00673646580438974 0.0860439688179502 0.295760572530237 -0.181734796107031
0.0279543208695446 0.0143410030856428 0.330117527869724 -0.333074561380251
0.00723632901883073 -0.0629317294101279 0.574177387802102 -0.227499744680294
-0.0405511139337324 -0.0143335111646028 0.786399272934875 -0.331602638029226
0.0196618811500284 0.0095604371626083 0.681024534153965 -0.375644291791218
0.0556147395417263 -0.0101997505407417 0.464646128857619 -0.287723231166328
0.0578777794113509 -0.0307887823723276 0.217284969482548 -0.140328415391583
0.0530534286408826 -0.038610931041621 -0.0546065122343086 -0.0168733846562084
0.0500121353113309 -0.0402687191341229 -0.236490121631637 0.189176379185918
0.0520393998247778 -0.0229957064755087 -0.400763010741643 0.411684451061369
0.0225850410296252 0.0299998038280114 -0.465549382190239 0.591958695668145
-0.0673127996601098 0.0225096512828706 -0.511108719092325 0.640256806866736
-0.055747641500129 -0.0592865855966061 -0.423180957025901 0.544682572833133
0.00394863514181871 0.000926332269083809 -0.285774825060452 0.453547594378299
0.0223361673108431 0.0905266906970879 -0.237406513823191 0.29816249592906
0.0108656623257999 0.0896083467603594 0.278119765681101 -0.214365830568138
0.0268769104595509 0.0118601345947371 0.312142622539507 -0.343076742325654
-0.00646979995826442 -0.0619074043996863 0.551065824299673 -0.314827174044791
-0.0467764579481169 -0.00688355274513237 0.713152868319868 -0.433719260445566
0.0201061908243924 0.00869606360187728 0.631724118408492 -0.43902718456616
0.0581663774081596 -0.0175170276572674 0.45584193242691 -0.328956631476148
0.0610703190800666 -0.0375775915852326 0.231844138658181 -0.166275810878598
0.0608727184443985 -0.0439136620458793 -0.0351966103390671 -0.0334915535148319
0.0578907576088468 -0.0432492960961001 -0.223793406311426 0.162643381182472
0.0594908454236611 -0.0233380537426377 -0.415119375155126 0.373614598070453
0.0213909621543789 0.0344906202887005 -0.52002739942352 0.545199200812273
-0.0791774928293379 0.016142106744621 -0.599599205412618 0.582480102627085
-0.0504647472729101 -0.0696658492789174 -0.485876737533531 0.484212638912845
0.00618790999518365 0.0116551787678091 -0.309211517652002 0.42830143587491
0.00869183346502553 0.0990093056611065 -0.253252753181846 0.279270611158134
0.0140946192072421 0.0794569413620571 0.258051925152099 -0.24550118757778
0.0152775711789611 0.00620213868458517 0.296656348304247 -0.35924230560335
-0.0172467490604363 -0.0534125596306399 0.509944368257453 -0.406734639324331
-0.0445340644651673 -0.00208248892175744 0.623106793872471 -0.529030055286563
0.0179161593404381 0.00368051172864842 0.567373803672056 -0.504848594205835
0.0535068629261435 -0.0231746683409267 0.437576884637651 -0.375871932963747
0.0560314493588351 -0.0401749680717945 0.241042431130647 -0.193502189907084
0.0590720889590526 -0.0427502073195533 -0.0146790131793759 -0.0510439066333003
0.0572715029617154 -0.0412578505227096 -0.209019862271504 0.136470534195024
0.0584058318505575 -0.0173514202075083 -0.42905518639957 0.325022376761911
0.0117555126145596 0.0329583862897752 -0.580162989728344 0.4869142642546
-0.0816697121304408 0.00231501198660757 -0.693099275214538 0.500751577369421
-0.0394576608318815 -0.0749664979625302 -0.548907448608101 0.399857269667619
0.000720738890969186 0.0210551085622717 -0.333188470677974 0.40264321111968
-0.00806924983330622 0.0931049049609921 -0.269372256745165 0.257096345285313
0.0252450998392499 -0.0774124396240465 0.303820443747585 -0.182204155304415
-0.0484077146860304 -0.0204179099838719 0.324988560182512 -0.367421714785048
0.0136126789552167 -0.000585137104373874 0.544166233110657 -0.281414197190476
0.0267221409657719 -0.0322796556061668 0.757515484093415 -0.403804382448559
-0.0187851313398272 -0.0440482443942425 0.636814507701942 -0.446596981983197
-0.0393844173995674 0.00449845968809504 0.425424731518597 -0.325659476684627
-0.0351233553758049 0.0288534528519454 0.196932410861604 -0.145618464128411
-0.0403879808507654 0.0343797326217979 -0.0561959033774498 -0.00699254627980525
-0.0392039277000537 0.0302504134855002 -0.246231059875073 0.185382922465534
-0.037075327027844 0.0130369272643688 -0.42097254176115 0.386379604682598
-0.0267298533440873 -0.0112895455010778 -0.490812030461423 0.552740383526837
-0.00750604640227743 -0.0230451428498219 -0.5456873571539 0.607917650818303
-0.0169970549301142 -0.00807632126609155 -0.46466631123386 0.52762453489597
-0.0620401662454564 -0.0166366478713461 -0.300440276941278 0.421325398647965
-0.0067877290733155 -0.0711310563707349 -0.222889593960599 0.322613827586394
0.0297431333404834 -0.0462002082610524 0.311995550337238 -0.153281251920221
-0.0280053832704883 -0.0196157054857482 0.341109651740843 -0.350705659755841
0.0142386327291772 -0.0133226374816467 0.561240468348291 -0.202003602330548
0.0162392719667999 -0.0257285722141178 0.814809217269185 -0.303143397799386
-0.00650476817401578 -0.0337504470443816 0.685756430040327 -0.378514916066924
-0.0227531029363872 8.58630743805731E-05 0.441631946886556 -0.28762418107377
-0.019828495944832 0.0185842266289406 0.189698625012542 -0.127880787690984
-0.0234955180505162 0.0210373322012869 -0.0701473981382587 0.0047047531349864
-0.0215825587586616 0.018658420798785 -0.250249679718996 0.206132031166261
-0.0187967371487146 0.00707071957627021 -0.40434646506357 0.423591392520884
-0.0154867965356859 -0.00218945498581649 -0.43901625684981 0.594061606641506
-0.0181217411612204 -0.0132970306606837 -0.468362408923988 0.653771132336069
-0.0237638873050241 -0.0171416320722669 -0.403663097108057 0.574474526615331
-0.0476336478606048 -0.0135111887633011 -0.278383011622522 0.446086381314944
0.00133651654524968 -0.0366529540507989 -0.210865913728808 0.329652541391244
0.0246501195232682 -0.00786098544819137 0.3137058438834 -0.137128076235456
-0.0068044796084443 -0.00987332652743804 0.351946989242965 -0.339648283651158
0.0165122564079799 -0.0282505328435567 0.569384611581296 -0.151960901471452
0.00280275577521621 -0.0237380160178169 0.844174031261204 -0.236269204675269
0.00308597681681715 -0.0205551861592033 0.714035052275243 -0.331534316285754
-0.000585265158985338 -0.00166032082397712 0.453562271506182 -0.262264173966462
0.00173798499275423 0.00597681931615533 0.188508389255449 -0.117621539166776
-0.00257551760782401 0.00487176797835836 -0.076510900489119 0.00914244634863085
-0.00246238257587461 0.00285015087765367 -0.249987284380059 0.217238017081646
0.000336591066796784 -0.00215312858788722 -0.387371843645642 0.447875225294252
-0.00291096412641776 0.00712895762228425 -0.406561085116215 0.618949015972855
-0.0288234230746051 -0.000981658357338825 -0.421453489549659 0.678603402023388
-0.0341482330290832 -0.0259535522868655 -0.361889980007371 0.599765866460307
-0.0341695290124601 -0.0122517381668018 -0.261806908290851 0.462438382631962
0.0122536271989288 0.00058018126538248 -0.205580570399114 0.331042622785337
0.0148699111791099 0.031406644522285 0.311526797088561 -0.136630221281956
0.0094708886279005 0.0037064129144277 0.352257861788174 -0.331247767295855
0.0186287225223792 -0.0430325429835475 0.574453087044591 -0.137298789954851
-0.0135365105312381 -0.0223190918879604 0.846902872785469 -0.219305828065806
0.0104673947569274 -0.00696842846182178 0.722199497478784 -0.313070455175604
0.0212179675952863 -0.00273151531127249 0.460462597713347 -0.254698106532303
0.0239651700261543 -0.00690585295896188 0.191681481118564 -0.117517633039082
0.0194266625656953 -0.0118995731107601 -0.0769837228740306 0.00701603084311392
0.0176576178106238 -0.0144691141822524 -0.246434392300348 0.216980824553306
0.0194717793556364 -0.0132020749299131 -0.382221966460163 0.452248671205241
0.00852715222758144 0.0143114775539225 -0.398370013505192 0.625975275294148
-0.0403259372436122 0.0120019955939613 -0.41134092011091 0.68357298182637
-0.0448015986793307 -0.0349272301025725 -0.349389133119045 0.601479974407218
-0.0191134200973763 -0.0101701128276695 -0.255348428863956 0.469141077772927
0.022774599743838 0.0363693776010679 -0.208201965987699 0.325977698612044
0.00788455685299868 0.0646738595635677 0.305914472778645 -0.153765074599895
0.022381409923157 0.0131704569553696 0.340032726556999 -0.329633565300218
0.0151660448922652 -0.0549845180403307 0.575868781523905 -0.16540328180517
-0.0291782531632762 -0.0196173055701867 0.826125770690526 -0.254176520985438
0.0159360514072736 0.00300741224660855 0.708767732002422 -0.331621406103532
0.0403938334068508 -0.00571303024439282 0.4632219421826 -0.264210776754853
0.0434036259082881 -0.0191345576226243 0.202605608192782 -0.125873480947925
0.0391618978617731 -0.0277977448528413 -0.0678028751141741 -0.00152066021712725
0.0352691632421608 -0.0292223917881099 -0.241449134125643 0.207655870281787
0.0368611409508303 -0.0204160041689763 -0.383097559009495 0.441721743941072
0.0177395463630449 0.0216282443619223 -0.415566191328524 0.617293934474193
-0.0534804826007003 0.0206335173583925 -0.441231493118707 0.675120639943747
-0.0522518864865557 -0.0463040218440114 -0.370003927240482 0.585855934651032
-0.00524973951236136 -0.00719087773284693 -0.263582227914421 0.465532877683988
0.0275440831233887 0.0677351252953795 -0.218723683191464 0.315101774345978
0.00749077003760597 0.0847848210112226 0.293279985749871 -0.183239715357895
0.0286416592104655 0.0158517339721069 0.325548638351908 -0.332309568977016
0.00627066337639793 -0.0628201954194457 0.569067471128955 -0.228028243585474
-0.0409238412447379 -0.014458183954464 0.781282603465357 -0.336126609513535
0.020738468207856 0.00892012856164701 0.676241008932157 -0.376241675147349
0.0535675209998269 -0.0108107732118128 0.460712293704632 -0.291443155351857
0.0565133859390892 -0.0304586265552197 0.215243453228573 -0.141875098826527
0.0530804434830955 -0.0388168455864433 -0.0546243869175856 -0.0158569160194501
0.0491199482792667 -0.039870871710602 -0.233169876252786 0.1869559691798
0.0507990649423063 -0.0244483214072136 -0.393113717333456 0.415240061798396
0.022353019116304 0.0286173958291621 -0.456558820989034 0.591962807776533
-0.0676236402562601 0.0225881117685932 -0.502873807921395 0.643240428781774
-0.0544066625085631 -0.05834982784928 -0.416637745616649 0.545644277714048
0.00404987201489309 0.000410588908979543 -0.281050232869345 0.4536218733116
0.0230428738717314 0.0901596827327867 -0.233890463035191 0.29890556932281
0.0106843586826274 0.088902002190028 0.276542557528925 -0.215010062844638
0.0266901749841344 0.0118807925604539 0.310171822804833 -0.342007594329224
-0.00686573072579724 -0.0621348631203847 0.545085471253208 -0.315387987618478
-0.0461297398680575 -0.00688919139446434 0.706748121513812 -0.434145366333093
0.021700321155392 0.00880482253180703 0.624965124819042 -0.444058756042897
0.0577598737279531 -0.0172490971009936 0.450573049070833 -0.331939793176386
0.061508101552196 -0.0385362528475611 0.22922863272374 -0.166393909651293
0.0603360018412115 -0.0433125152931221 -0.0356131242582092 -0.0325878906741106
0.0575574662478963 -0.0433081329027663 -0.220675130810177 0.16292221354454
0.0584201050041708 -0.0225365545719979 -0.410044475931099 0.375123966715943
0.0205403181603107 0.0339209838067907 -0.513180407465916 0.547055228703825
-0.0786527098874599 0.0163830858247773 -0.591498190051855 0.585512640700497
-0.0504806808042339 -0.0694752142484193 -0.478691284325095 0.486294791946681
0.00796026670586566 0.0108560258081812 -0.303999445511588 0.429959388015224
0.0105448370228505 0.0991146836862591 -0.250407292288305 0.279503437904147
0.0152885927796201 0.0781559773801262 0.255626632870096 -0.245661582143291
0.0166196133968937 0.00697233443531983 0.292479382564556 -0.35904138028881
-0.0169632259258404 -0.0533877104742708 0.501420761333627 -0.40557699829743
-0.0451843841029172 -0.00159983336641893 0.61616571744053 -0.530918405039676
0.0184257945122523 0.00336640884191495 0.5607291713061 -0.505753997536093
0.0516556963363402 -0.0225901633849123 0.433177251501387 -0.376589939942165
0.0571494375009263 -0.0406188689877275 0.238298681296336 -0.192861012236641
0.058219146645391 -0.0422226735060968 -0.0163882503075263 -0.0507145024613286
0.0572797677684924 -0.040093870864328 -0.207962057687991 0.136980691139692
0.0583278974004996 -0.0170266423433326 -0.423603036023595 0.328545927827063
0.0135295294755005 0.0338343789703565 -0.572098131893735 0.485588113664801
-0.0824990267047392 0.00325758247950685 -0.686321290665175 0.504002916422543
-0.0404154716831953 -0.0737907893834825 -0.5447778604764 0.405131941012368
0.00125503907570035 0.0207755822181771 -0.32779084731076 0.403729144806207
-0.00685460527188904 0.0923549322478672 -0.267213998996013 0.258164082336888
0.0247933192359827 -0.0780809240573253 0.301626718621003 -0.183713616326881
-0.047229180157353 -0.0194763996505443 0.321160779162378 -0.368058600971872
0.0134537077925836 -0.00016121704986248 0.537719087705304 -0.281094944814971
0.0255267373297361 -0.0328510569820856 0.749494208647151 -0.406067108560641
-0.0188432635338501 -0.0428371285479734 0.628315538734994 -0.4472002235346
-0.0398999446702837 0.00447011938004081 0.420852591076104 -0.327510524511619
-0.0356516339173798 0.0294739585967924 0.195193395053977 -0.145509934338364
-0.0405031578182935 0.0352150568693955 -0.0558777415383847 -0.00600049755204663
-0.0382051810023904 0.0308623193199317 -0.243314494101462 0.186382533254841
-0.0367943175621638 0.011966634026178 -0.416346624437806 0.386910551177831
-0.0261938781673856 -0.0106675570532334 -0.484127720676385 0.553812011323569
-0.00714203063479376 -0.0229993626741501 -0.538218800507301 0.609915661637914
-0.0173871441875154 -0.00778898936517576 -0.459176590721119 0.529151791167744
-0.0610854385891789 -0.0158310729933389 -0.294648089812044 0.421314209641709
-0.0066414347942642 -0.0704777524196689 -0.218901127324846 0.32241691117385
0.0290601441661137 -0.0469021191505164 0.309912470703454 -0.155004501399905
-0.0271832205621703 -0.018780738460176 0.337998575181116 -0.350919512451751
0.0141138073967272 -0.0127375717657481 0.556111216519044 -0.202316976120879
0.0168571957578058 -0.0260677473801102 0.807799770350804 -0.306925303631106
-0.00693185614198226 -0.033425978552465 0.679461245156799 -0.381474938807411
-0.0223294655631646 0.000213984728035224 0.437254188945734 -0.28992849880973
-0.0196969017382034 0.0185578566359519 0.188206639989764 -0.127806163213828
-0.0236409201185346 0.0213024442675798 -0.0688695433169732 0.00535916501599211
-0.0219977012042106 0.0185543198705148 -0.247991135436469 0.206910762766124
-0.0191136079636295 0.00718168573977069 -0.396425365807279 0.424354959972733
-0.0161691084136493 -0.00201777785044265 -0.433979667720731 0.594573004248877
-0.0175249124746209 -0.0129876358930438 -0.460172701322236 0.654841838672892
-0.0240086062333527 -0.0173624309332645 -0.396724476782533 0.574402632331063
-0.0473577889588635 -0.013039087104193 -0.272853044209922 0.444825517256161
0.00108982651197173 -0.0356438476233716 -0.207328469806273 0.33008787690365
0.0245502309733998 -0.00874532876343066 0.311880744719704 -0.137983155519841
-0.00739868700210788 -0.00960972283033348 0.347379731372301 -0.338658113026724
0.0161068899374836 -0.0285307389563858 0.563826517286783 -0.152281206638536
0.00208544964505416 -0.0236684583751439 0.838102720789631 -0.240794482850676
0.00327704292688797 -0.0207521454381611 0.70847705052498 -0.334550313230414
-0.00177200292238609 -0.00181497241434531 0.448561527727833 -0.264330634542529
-2.1170840235063E-05 0.0061322606017576 0.185977863866228 -0.118365869595135
-0.00241346611107666 0.00476058548491333 -0.0766164140641354 0.0104909520681909
-0.00178228987485722 0.00356675051388633 -0.247095073023931 0.21776551336782
-0.000290149080829218 -0.00234905977805463 -0.381906421369339 0.447323161851088
-0.0040193440346446 0.00637884682520058 -0.398468467177395 0.618244691810767
-0.0283616598217828 -0.000304285736906801 -0.413508831767438 0.678403999376664
-0.0341803672879495 -0.0249184083830081 -0.354839143096791 0.599447976603198
-0.0325419733476407 -0.0112192380319668 -0.257183216648085 0.461611592119363
0.0116080688763878 0.000995034326029179 -0.202590036773212 0.330980326264352
0.0150734163173617 0.0309919544754436 0.309696097383217 -0.137248619683931
0.00982664961174898 0.00365862269321866 0.347381314051581 -0.33156205663471
0.0179682546115031 -0.0426898465757759 0.571520236629987 -0.140758941110241
-0.0135090028226657 -0.0219835332665006 0.839163670342823 -0.221559219501055
0.0104483594704275 -0.00718150349750062 0.71638785778806 -0.314647451893844
0.0214642508640423 -0.00340975400152665 0.456128075279514 -0.255847397864674
0.0229629448756081 -0.00670693807260038 0.190803935337041 -0.117376918453231
0.0189995085252875 -0.012517132848899 -0.0764726930317365 0.00803533592622998
0.0179186070270286 -0.0148079851378685 -0.244210368569757 0.218548257017722
0.0186367184735275 -0.0121462450457543 -0.375364052086584 0.452586417924605
0.008556305683348 0.013745652327177 -0.392429310363397 0.624425806501797
-0.0395915147533683 0.0120837634561483 -0.402852483850159 0.684503011996765
-0.0443349616592185 -0.0344276560437613 -0.342223693330152 0.601327019347551
-0.0189756075644184 -0.00972277200039932 -0.250767269544102 0.468540380908552
0.023038492522291 0.0365718095759394 -0.206023552871091 0.325125529119787
0.00795986330340448 0.0638729925448694 0.304418087205575 -0.154596399310337
0.0219165137538762 0.0135714316846165 0.336214811738995 -0.328958743966136
0.0142416839726345 -0.055310339317068 0.572085809746042 -0.166590517195349
-0.0293195393278149 -0.020178375407223 0.818458417238164 -0.258443059235295
0.0159764485099686 0.00417367271051006 0.702055001781856 -0.332395557183597
0.0403337034193783 -0.00580318141600603 0.458789859097164 -0.265683777143183
0.0422791355983885 -0.0190156521226902 0.20116107250078 -0.125457517896847
0.0380798303304357 -0.0273075590037728 -0.0683886851533287 -0.000745645080840657
0.0351001526307807 -0.0292682998959805 -0.238324605528468 0.207855878345226
0.0362331052222413 -0.0209239583716828 -0.378160890608024 0.442964789825825
0.0181189576841286 0.0215452370780167 -0.410578790001635 0.616062542468639
-0.0533776581065714 0.0204019709788514 -0.433283392753162 0.673439966223967
-0.0524540072729887 -0.0458781490716813 -0.364120630951356 0.585261085304255
-0.00529029819024401 -0.00600527817001958 -0.258346353889755 0.465418070750669
0.0287185152987881 0.0666372675852382 -0.215656733235355 0.315050085707164
0.00690299816504789 0.0831126128157266 0.290628713369936 -0.183783242712981
0.0279960267821114 0.016142230644726 0.321938653103529 -0.331663302252821
0.0053172980981064 -0.0622757413335654 0.564389651861244 -0.228588895669804
-0.0404720985089211 -0.0138511107662829 0.772970022914906 -0.33955605553073
0.0210493795781466 0.00875290266344591 0.668801016181966 -0.380840466493552
0.0531167545818743 -0.0111222413019659 0.455310144714992 -0.292064136205184
0.0561006759932615 -0.0306456748888608 0.213738726533868 -0.141703570988562
0.0527457889326687 -0.0385423418361624 -0.0544676656321566 -0.0146822580608886
0.0488920236708021 -0.0403741476031921 -0.230872450093063 0.188338084139101
0.0495824986552625 -0.0251038351996068 -0.387970271419974 0.415547418008611
0.0221162324702116 0.0279463588345528 -0.449969779411081 0.589919600270871
-0.0670796716489736 0.0225809429936954 -0.496595755216631 0.643594200756556
-0.0550986615643988 -0.0584360544512906 -0.408741359777572 0.547565419787565
0.00410194132739354 0.000939609689169067 -0.274652818630924 0.452296885980567
0.0239677769800864 0.0895174812227276 -0.231575922735718 0.299840795092943
0.0106395428985026 0.0880028911802672 0.273166690906736 -0.215716935561112
0.0268805448869582 0.0123508891688488 0.304969998673322 -0.342079476691056
-0.00692855955966504 -0.062318441131651 0.540346787908644 -0.315870836558082
-0.0468126094107638 -0.00707061396940167 0.699239189843913 -0.436037509710714
0.0219427539384293 0.0083187777393094 0.616826972029969 -0.443478667217804
0.0567376958578689 -0.0176748383545478 0.445134526262361 -0.333584899775929
0.060475304546831 -0.0385637051553378 0.226488958481089 -0.165587611813242
0.0597342761477395 -0.044595695404695 -0.0359994412845169 -0.0320392566064945
0.0569606924757139 -0.0436655173983569 -0.219516857146678 0.163731782838602
0.0580613050289284 -0.0228390312611602 -0.404182137694532 0.375420865354074
0.0209308000703453 0.0332483281410565 -0.504905336128702 0.54723104843823
-0.0779261751692556 0.0169956725643283 -0.583101862473627 0.586996199771809
-0.0507512141075893 -0.0689841895592007 -0.471438304772681 0.487702654382607
0.00786707577106158 0.0107988187513773 -0.298217494079544 0.428371352887594
0.0109682717419605 0.0987027562836286 -0.248320014575131 0.280022421538886
0.0145210283869472 0.0782950683751137 0.253154770178276 -0.246632345497654
0.0171034189399919 0.00690064562995042 0.288351105863421 -0.358340549432507
-0.0174079985778235 -0.0530371821792956 0.498022969637801 -0.407421162787194
-0.0447765684995163 -0.00140547631878041 0.609501186998394 -0.531627277355231
0.0190252577251926 0.0037612359929033 0.55297807151537 -0.507535634049289
0.0510241896846449 -0.0224280708743531 0.427802153216646 -0.377976929070504
0.0563707949012368 -0.040637647775335 0.236211552015231 -0.193561570879989
0.0570865615055561 -0.0430422949910242 -0.0165809191199525 -0.0498642145589125
0.0564893481258423 -0.0411306492255394 -0.205588150724906 0.135957375632847
0.0562890574651922 -0.0172544502036402 -0.417952477230532 0.330608808964827
0.0134792719401239 0.0333466177423833 -0.565410067212334 0.487775259670986
-0.0820001443901382 0.00441658244195305 -0.679223614281507 0.505266825684289
-0.0413597451004113 -0.0727965223059371 -0.53653963882167 0.405519956511435
0.00176905456014453 0.0205513688236973 -0.32419431456343 0.402540811987983
-0.00617869304185921 0.0919105517237347 -0.264634971058341 0.259108020593548
0.0237786515098773 -0.0786336041622047 0.300177712204743 -0.184068649891194
-0.0473575477528905 -0.0187397074354537 0.316236162469756 -0.36746228382086
0.0128498331124483 -0.000686396507987647 0.532729450000199 -0.282694012430042
0.0255682543509994 -0.033058085966939 0.744111046243894 -0.408451565297804
-0.0188851489270789 -0.0428796533586811 0.623023376720883 -0.449775180171146
-0.038896977692184 0.00553595110943962 0.41746684358711 -0.327987816938834
-0.0362310214173037 0.0295733788259815 0.192560595144492 -0.146408566102528
-0.0401301233210881 0.0350476191053999 -0.0559499428041241 -0.00542743007322413
-0.038124187877226 0.0316951796855216 -0.240672692220254 0.187224384734031
-0.0368383210557354 0.0123406810850913 -0.409496922842309 0.388722991417662
-0.0257014756551278 -0.0106085902106688 -0.47800091323435 0.553524263694203
-0.00790785673892706 -0.0230520515297709 -0.530347087886429 0.609419762930373
-0.0173081210087492 -0.0081853716179917 -0.453791528387555 0.528700667355043
-0.0612617333835251 -0.0145083268858692 -0.290096427935889 0.420449657692975
-0.00612979474736818 -0.0701702488514837 -0.216758840071147 0.323365764051495
0.0288755143757617 -0.0478619603530526 0.30820636404801 -0.15542859609591
-0.0268888079475373 -0.0179572904720206 0.334622159264425 -0.351154233487562
0.0134510624560319 -0.0133144896820333 0.552272068764398 -0.205499410435084
0.0162996042001093 -0.0268182573841849 0.802142307794332 -0.30892785467564
-0.00658300812367234 -0.0335840894685006 0.672022742939096 -0.383448307983978
-0.0229661889433626 0.000649949735003963 0.432491571224639 -0.291246410592589
-0.0198400698205289 0.0190942726766417 0.185558946240899 -0.128906936424007
-0.0228619184843234 0.0216985307710279 -0.0686732038903835 0.0063209496049963
-0.0214410950844611 0.0195977369562006 -0.24406507521937 0.207743704026766
-0.019051062753442 0.00709703777507979 -0.392102512755123 0.425062122602186
-0.0153899279011992 -0.00138593044448365 -0.428345790665206 0.592496147781204
-0.0167325740481385 -0.0130511756320997 -0.454596772181193 0.655407881883667
-0.0246012427938266 -0.0162910269010832 -0.39034497759297 0.575978167345572
-0.0478480070543315 -0.0122742203050859 -0.269224429266916 0.445390036612013
0.00188965336720215 -0.0352331945129515 -0.206023518639052 0.32925110611755
0.0240144705394194 -0.00889699651424685 0.309788502102039 -0.137959755026652
-0.00704176372966309 -0.00863311675780074 0.343375840269224 -0.337248035413524
0.0156920020486744 -0.0287980186695636 0.560422755189276 -0.155045491635265
0.00202470411207214 -0.0235507673510585 0.830938005026935 -0.242845552208003
0.00296155771474785 -0.0210495875016788 0.701891208713112 -0.338215936187362
-0.00100316693841595 -0.00158386957375169 0.444891210864917 -0.266180064829532
0.000466955609701496 0.00599836139447186 0.184621937328674 -0.118324078273063
-0.00225070721831304 0.00510573651525786 -0.0756137984517361 0.0110188933655646
-0.00195979988602147 0.00379600245163558 -0.243665871311134 0.218890482136409
-0.000319151129522872 -0.00174985371633286 -0.375963895211486 0.448837007571702
-0.0028989818972967 0.00633519062848412 -0.39136368500524 0.617362931727466
-0.0283948917687533 -0.000434904429133394 -0.406087164164004 0.679911826645987
-0.0341011880446248 -0.0250458840158368 -0.348269131297889 0.598631743488351
-0.0332733499970032 -0.0108550312200486 -0.251856326758544 0.46193335429225
0.013786750256336 0.000761384682132859 -0.200772398073433 0.330611430957686
0.0146115868726847 0.0302091255683218 0.307884349467287 -0.138797428247457
0.010001139341048 0.00459216980429306 0.344012022575889 -0.331036083743741
0.0169443351683047 -0.0436410719033499 0.565614780812318 -0.142441140547981
-0.0137039985431253 -0.0219187752438382 0.83413644266226 -0.225781194776835
0.0106333054722119 -0.00752418191028412 0.710659374529438 -0.318737914992542
0.0203913281483521 -0.00335090937243615 0.450286471007604 -0.258072058160768
0.0227786810034787 -0.00690049027448381 0.189200899792535 -0.117930028618136
0.0194668014063928 -0.0117332520033862 -0.0756438873014837 0.00886252919837283
0.0169510070035764 -0.0131689726361249 -0.241168138175494 0.219105659190736
0.0185328701028165 -0.0130452527614944 -0.368784468189133 0.454165455009975
0.00889061424797437 0.0139733131318868 -0.384155045864298 0.625176586056542
-0.0398258943006696 0.0120483724227437 -0.395261956416664 0.685102316787843
-0.0453758929918496 -0.0346053919893955 -0.33687959804751 0.601406597579556
-0.0189405875285713 -0.00936604134075925 -0.246254722590074 0.468058907042603
0.0234863450695314 0.0358939779058344 -0.203281439029953 0.325821843060612
0.00817729076492527 0.062704318029448 0.300665268899878 -0.155117545197455
0.0225544764232828 0.013827302138274 0.333574658543876 -0.328644770888592
0.0143820154878996 -0.054723518233712 0.567008847486453 -0.169520966409217
-0.0290908745031028 -0.019578661520268 0.811608230920962 -0.262617809215082
0.0169905398361933 0.00235064637445509 0.696141809841437 -0.335381728751376
0.0397493552318592 -0.00603802627069102 0.454786098046806 -0.266434519429648
0.0421467537575878 -0.0194512040637083 0.199659101935289 -0.126482496553731
0.0376228988931611 -0.0270939307700136 -0.0675046457805446 -0.000131492806335992
0.033929835495052 -0.0298021741756456 -0.235131993188566 0.207634554787749
0.0350413231240637 -0.021657621927809 -0.372390668985871 0.443046466892852
0.018144403828935 0.0208403645218832 -0.402362486614984 0.615928452397412
-0.0530118326810569 0.021260882354548 -0.425047729766479 0.67328586069259
-0.0530924085926249 -0.0448954695164309 -0.357814154497755 0.585601535869177
-0.00549393907110328 -0.00535762047440875 -0.253893849801873 0.464894341317276
0.0290225464041325 0.0667920783215268 -0.214082070784842 0.315665908732026
0.00725131688641977 0.0825869410803925 0.288399355250417 -0.184416553618154
0.0293966889271055 0.0163670768101544 0.317981666405907 -0.331611976223526
0.00497646774230262 -0.0625780496313113 0.560550484194752 -0.2303521342668
-0.0409982646981216 -0.0142205944296258 0.76716698663006 -0.341682741257092
0.0207592144353026 0.00787416398895384 0.662561612184621 -0.381991687125352
0.0533043193109976 -0.010859123589054 0.450903788407342 -0.29337723135553
0.0549668379035405 -0.0305010089387116 0.210867196058565 -0.143078141762142
0.0515332786893469 -0.0384725830312682 -0.0538965326943411 -0.0140262465470958
0.048789229862077 -0.0397206606542989 -0.228378310377721 0.188075323685547
0.0490398296080036 -0.0249734240779431 -0.383413372620741 0.415841856458997
0.0220866243785014 0.0285782669384446 -0.442718138749766 0.590733582494331
-0.0669519848559312 0.0238744036144693 -0.48830844506381 0.644266768227138
-0.0555874806143836 -0.0572915531753151 -0.404080571980615 0.547421290827552
0.00510636578440022 0.00141589437203533 -0.271709185423961 0.451128174945444
0.0245293184635918 0.0889864936407535 -0.229218999913765 0.299876627041061
0.0108173052024813 0.0871217737306996 0.271522612321977 -0.216121803870738
0.0276507695293327 0.0121364504302338 0.301624176943666 -0.341769912856476
-0.00825607208647114 -0.0621413152873995 0.536907690791047 -0.317677322671999
-0.046361812124049 -0.00655337271469489 0.693734405098427 -0.438058733585366
0.0226371766235095 0.00800407865690497 0.610341068596647 -0.444133677099024
0.0563752357334394 -0.0182506758487645 0.441324473608834 -0.332418789546156
0.0595771770109151 -0.0385554596317949 0.223825916832405 -0.167370297045275
0.0587015427000806 -0.0441382794024523 -0.0366512570401899 -0.0312680587760593
0.0564815078410481 -0.0438694024832374 -0.217629054355807 0.163936579323512
0.0563548991025505 -0.0229740273407782 -0.398346973225267 0.377393153676536
0.0202367987219377 0.0327786640329543 -0.498093925435102 0.548572694436897
-0.0777315783048214 0.0179085150064805 -0.575749255949411 0.588631253330623
-0.0511281507643934 -0.0672949164348005 -0.466260626609416 0.487708144946104
0.00810699738701962 0.0113365992274762 -0.293874053870381 0.429606538947231
0.0118482169720459 0.0987679928123273 -0.245779631355513 0.280313477950618
0.0147209192789963 0.0767754537079581 0.251253361051865 -0.246443988489796
0.0174475490695463 0.00806587208919499 0.285161176570536 -0.358000290305182
-0.0176877899835616 -0.0538545720718909 0.490742443286793 -0.407023235728433
-0.045021388897739 -0.000937880514642511 0.602090339932149 -0.531532742617229
0.0184646986772909 0.00297940900962202 0.545733321235497 -0.509332338721967
0.0506860223012284 -0.0230714184165688 0.422004756448201 -0.37860562349202
0.0557903989117978 -0.0409853474236565 0.233138768149041 -0.194132492093583
0.0564910677385446 -0.0423031693655816 -0.0161528959735045 -0.048464797724063
0.0562960240581683 -0.040495958877869 -0.20311766891147 0.137896144701734
0.0560000166015568 -0.0179668054348649 -0.413597950392244 0.328616985344406
0.0135494556919497 0.0335153204491884 -0.560385768530147 0.488651591870567
-0.0821015871095002 0.0049346432117629 -0.671812196453797 0.509161497063421
-0.0414285048716705 -0.0720371365424372 -0.531372289763896 0.408458225226027
0.00260117847448983 0.0214993960929243 -0.31850015900986 0.403228732641653
-0.00493923315608941 0.0913327345326534 -0.262059931538759 0.259030842885183
0.0231069145418004 -0.0779292050070865 0.298317940768323 -0.183833341461904
-0.0474437617605012 -0.0176203234271469 0.314356215714813 -0.36572405461991
0.0128871260498419 -0.000684975300930149 0.527995409060576 -0.283511174068203
0.02491330650063 -0.0326734977359099 0.735997725021983 -0.410499513341828
-0.0189135688861157 -0.0425495130196396 0.616623950877951 -0.44933354744039
-0.0392746959972891 0.00492825222173895 0.412743674337377 -0.329443520133621
-0.0351600452141336 0.0294552443009079 0.19108612848004 -0.145695756080528
-0.040127841845254 0.0356138788256162 -0.0552072803989165 -0.00461723040426097
-0.0383679947549833 0.0319782374683798 -0.238718318578294 0.188513390146632
-0.0367781161404209 0.0129115680596654 -0.405270921696653 0.390104472810275
-0.0270598536805043 -0.0109264298850353 -0.4725277492958 0.553467504843551
-0.0075730257758715 -0.022397778437051 -0.524541110852949 0.612014864649651
-0.017681440663208 -0.00749344409167103 -0.446986055008003 0.529416316860324
-0.0607021920435543 -0.0136424546357137 -0.285088002805702 0.420747746587392
-0.00633424948087607 -0.0694280966246617 -0.216112194691862 0.322507010122711
0.0285247309394015 -0.0479778883189286 0.30536881417953 -0.155568241003695
-0.0268000553611169 -0.0176693238587999 0.331910375919834 -0.350245384154726
0.0133452752859815 -0.0131090091767652 0.547946652041623 -0.205180392206543
0.0154597706970464 -0.0264835299561577 0.795502069971922 -0.311631079408119
-0.00677761786383213 -0.0339635609180814 0.667240721582618 -0.385524997355313
-0.0230669685165191 0.000879183253594443 0.429697558050007 -0.29242737187683
-0.0194687075221708 0.017905876200284 0.184547514911438 -0.128393977737384
-0.0224148704803737 0.0216024862317943 -0.06889191018978 0.00706300622407957
-0.0219712786766451 0.0197953840964063 -0.242279550085166 0.207939266340069
-0.0195367624914707 0.00751666329157033 -0.385218040253512 0.426723436778317
-0.0167319263772075 -0.00167728670875106 -0.421549731374919 0.594341094168211
-0.0175643507045183 -0.0123784624991536 -0.446896115968493 0.657073596526816
-0.0246266102534818 -0.016225607042892 -0.384453864510979 0.575733608871831
-0.0471924561844196 -0.0113251779526669 -0.262519113035876 0.445777005709636
0.00236726545541339 -0.0356386351137863 -0.20291656255603 0.330588057051522
0.0237934926143083 -0.00893004845273387 0.308712448511419 -0.139409686399815
-0.00567543565641581 -0.00827851054033989 0.340769406899029 -0.339317089571071
0.015191165603612 -0.0284000936102961 0.557107163381604 -0.155705904167769
0.00159872303809923 -0.0236716839205844 0.825356187845049 -0.244733078545543
0.00301019498864465 -0.0206155343063114 0.697337500020308 -0.338614286424969
-0.00158833212695613 -0.00136743807305118 0.440286764841632 -0.267556948274413
0.000420406230144488 0.0060667363353742 0.183092003348356 -0.119660797323046
-0.0024625292484888 0.00606679419001678 -0.0747443015673199 0.0119083596060958
-0.0022852405878475 0.00383760307391447 -0.241244628587268 0.218976902214134
-0.00103548401775181 -0.00173929721293773 -0.370672044754216 0.44936458782699
-0.00293752154554968 0.0063897697296443 -0.387381766735297 0.616307515797027
-0.0285341680307446 -0.000223842500879846 -0.399498624184957 0.679836079512284
-0.034268524740495 -0.0245159783611978 -0.342446680584453 0.599703261751735
-0.0328684863846745 -0.0102635740358006 -0.248765692806047 0.459961840976381
0.0139970485718618 0.00061722411802638 -0.197769751263525 0.330720748135821
0.0150210961945058 0.0295066284096123 0.305940710023285 -0.139558747677987
0.0105634083840796 0.0048204920767302 0.34122746454584 -0.329729108580738
0.0169391117420009 -0.0428731871721497 0.563697831185755 -0.142492597049472
-0.0146204317060561 -0.0220496623825214 0.828609604530668 -0.228995409333621
0.0107628504466704 -0.00732087343932258 0.703256176189425 -0.319779973599897
0.0203783826643867 -0.0027029387730622 0.446726358846163 -0.259588647364007
0.021917106042877 -0.00651754359992485 0.187680289016965 -0.118066936597006
0.0183671204733753 -0.011499479141059 -0.0749515855961826 0.00989277054014509
0.0169969074221165 -0.0136371720349743 -0.238558438461984 0.219037848287241
0.0180391846638018 -0.0121496196890688 -0.363352853252707 0.454106191896806
0.00885691423025356 0.0131438726989732 -0.377756307075909 0.623911293106776
-0.0400761573583165 0.0129333687175724 -0.389727445181763 0.68509611217142
-0.0448797860781835 -0.0335925094403439 -0.330429906993918 0.601708807434972
-0.0183341278879441 -0.00839815328433249 -0.241114125428925 0.465836940637345
0.025947352345319 0.0354431805439376 -0.201085203997235 0.326317434421534
0.00820498925351812 0.0625410903853049 0.299490455837167 -0.156800942894929
0.0234254080812917 0.0141542474450899 0.330957984427657 -0.327480665495547
0.0133537185375131 -0.0551807309182501 0.564587397044545 -0.169354048916676
-0.0292251743793442 -0.0193248993180657 0.80707743448014 -0.263238298941298
0.0170268789224807 0.00282941000729241 0.690837001629182 -0.33787073750596
0.0400042315433974 -0.00559995954316967 0.451008374005145 -0.269260997506687
0.0412326995229306 -0.019692201800562 0.196956537839469 -0.126571880945846
0.0359259300090748 -0.0267054362908994 -0.0673517788654326 0.00117944968286997
0.0341102372320975 -0.0292662280652042 -0.232984219108552 0.208295759217848
0.0351950584167948 -0.0219087177211251 -0.36592748041338 0.443030151564235
0.018397384282653 0.0206268505976453 -0.395640971125923 0.615121452169914
-0.0525848946358844 0.0210634157201818 -0.420925211396423 0.674738763458344
-0.0531665256722797 -0.0446808601455501 -0.350215518593547 0.584670774311926
-0.00512063168411135 -0.00466439185996405 -0.248710154517146 0.464173252242181
0.03014876824184 0.0655506094129503 -0.212046228101653 0.315943973331042
0.00746015697028052 0.0819688075839382 0.287059634561568 -0.185074982190693
0.0299030680877001 0.0166864540028069 0.316120593799774 -0.332419993801036
0.00436641710405751 -0.0619515267606354 0.557263531080091 -0.231248502730387
-0.0407563125544944 -0.0135751266660977 0.760708306446405 -0.342330236902882
0.0214776793255518 0.00806032778390991 0.658741167795525 -0.384670760385754
0.0520359089417908 -0.0115019631865094 0.446651925166957 -0.295042466752005
0.0548529049509035 -0.0306765097255218 0.21009357035492 -0.143391426079103
0.0511817828002239 -0.0388856434991011 -0.0537821210492295 -0.013055862788033
0.0489796738865631 -0.0400615937977673 -0.225438203171146 0.188738637622873
0.0487899838618191 -0.0249565788931547 -0.377174306890267 0.416695630917398
0.0225327454532751 0.0266735290530231 -0.436515175704487 0.591801652132218
-0.0657123099736977 0.024078295416845 -0.481472891050782 0.644969942551113
-0.0565238727466019 -0.0565344779799007 -0.397573107159394 0.547069977797337
0.0042951486687004 0.001320771547906 -0.266990663778753 0.451049073743121
0.0257380768239828 0.0886431164983504 -0.227698567360832 0.299359771638207
0.0121468232269342 0.0865643925111969 0.270123959519178 -0.2177662636558
0.0278370978078567 0.0123345841040393 0.298562567195156 -0.341132107756079
-0.00837370144043445 -0.0609453686514627 0.531390262389002 -0.317084840202165
-0.0469997935598312 -0.00614703530899022 0.686738202884815 -0.439663234032086
0.022137021583898 0.00767161715889158 0.606606256612966 -0.446360919282219
0.0558068212091922 -0.0173761191902355 0.436813890185108 -0.335257273671644
0.0589769254889332 -0.0387505676085459 0.222582504156055 -0.16740560119407
0.0574737426235077 -0.0440888226411939 -0.0354538133325354 -0.0304485041535628
0.0559927803747712 -0.0440424847750826 -0.215114855425715 0.16384622646151
0.0560739818010167 -0.0233254218687315 -0.3934661596801 0.377711467670846
0.0207006445221004 0.0323469012672166 -0.493863716605583 0.549000519932097
-0.0769545670043603 0.0180434760199055 -0.569866476474984 0.589008273024551
-0.0517526005458831 -0.0671380198438902 -0.460975012147341 0.48857279482961
0.00863096079809188 0.0119334548678523 -0.290100127946666 0.429291466019649
0.0129258938074425 0.0985008926169714 -0.243871287779134 0.280452826123915
0.0153474684406027 0.0762439463511548 0.249065384843765 -0.246037652745773
0.0175625851800482 0.0079554578382069 0.281940808239765 -0.358342108184484
-0.0184371385261017 -0.0529089444342587 0.487926928432671 -0.408633896843019
-0.045528378535697 -0.00125279368854396 0.596099423740319 -0.534369730505564
0.0184923414304629 0.00292838177039196 0.541840129214604 -0.50994462413597
0.0503656253862917 -0.0231127498780442 0.419125246088421 -0.379259046019226
0.0548686667629036 -0.0412615774560901 0.231333655244169 -0.19400181639583
0.0558920417591789 -0.0425498870967404 -0.0166957616956204 -0.0483156196432224
0.055149688702642 -0.0406405727708056 -0.201269062701571 0.137743179328185
0.0548906829366339 -0.0173568816834188 -0.408130738065967 0.332657778316017
0.0133783144480242 0.032754336056893 -0.552761339929274 0.490179248776616
-0.0812339608796911 0.00519752480835312 -0.665078893122301 0.510837689065867
-0.0422140550589265 -0.0720581737408866 -0.526662170821369 0.40842735170499
0.0022288834970276 0.0219571308001147 -0.313867895627886 0.402590908303548
-0.00385737248303877 0.0914424890143941 -0.260136639412531 0.260124451224971
0.0226550072223902 -0.0783112962037299 0.295974860281321 -0.184878914693485
-0.0463912005312369 -0.0172270849055467 0.311789214384506 -0.365339411176661
0.0125698445169312 -0.00105634382177195 0.52590755021869 -0.283916403964861
0.0244447156775532 -0.0333936393552982 0.730290862247904 -0.410844858018174
-0.0193518802966387 -0.0427564803388261 0.612548824576086 -0.451628562749117
-0.038739958814613 0.00520303790421513 0.409437971613307 -0.329507115759171
-0.0361020378413005 0.0299969830732783 0.18991830176184 -0.14642079662665
-0.0399582896670001 0.0362176246480906 -0.0548506791217687 -0.00321371236548726
-0.0381502659421507 0.033232735204601 -0.236694203385043 0.188506720975722
-0.0370590578023063 0.0139350612645343 -0.402338455460876 0.390907371570833
-0.0274064040916335 -0.0104074175432249 -0.46580580863412 0.553949198097459
-0.00812037287214937 -0.0224737033680969 -0.517969379116964 0.612755979501841
-0.0193045298074362 -0.00770173289057436 -0.441138564234507 0.530971642600963
-0.0610736804572174 -0.0134985091548832 -0.281885537445172 0.421308081383343
-0.00516081764631602 -0.0695462757308186 -0.213569860793616 0.322577145147659
0.0283647058320999 -0.0482260012576654 0.305034522102963 -0.156926928592678
-0.0259873073133153 -0.0170628225546639 0.329477017349384 -0.350574674692023
0.0130043614794025 -0.01433457777549 0.544570565050307 -0.206241876895101
0.0153581216254743 -0.0263079407274042 0.790623690965542 -0.314775274147222
-0.00689658279197656 -0.0336723272796525 0.662212718160948 -0.387744841887745
-0.0227037451232088 0.00147187779079083 0.426170348617753 -0.293574567932526
-0.0200201304210784 0.0193382172882288 0.183187626573772 -0.128843501962423
-0.023166464617883 0.0221417442247323 -0.0680472597652174 0.00761401310852661
-0.020784480860555 0.0197543536148232 -0.240201484672106 0.209147171303587
-0.019441719559735 0.00743426669943583 -0.381299606228376 0.427559186530847
-0.0156087288943213 -0.0015024686244578 -0.416577975885357 0.592064339012136
-0.0179490739835215 -0.0125607676653221 -0.442388206260566 0.657230124279342
-0.0246623816549021 -0.0158235662848026 -0.378631906113575 0.576008146012418
-0.0470553208145339 -0.0101622487742468 -0.260010144298724 0.444345187273489
0.00318183222537369 -0.0353521992089248 -0.201196284593854 0.329453782570159
0.0235647104459075 -0.0097291763113096 0.30593364322338 -0.140362368956585
-0.00545947599620713 -0.00732454221649744 0.338081648211421 -0.336983125770526
0.0151977475838841 -0.0285412259100146 0.55506129382093 -0.157429209055871
0.000923008190261714 -0.0230110248096424 0.819974201728007 -0.248351944127187
0.00330721782794492 -0.0205268573139622 0.693081773386528 -0.340439668175182
-0.00140741436310766 -0.000738160286616214 0.436380979248216 -0.268662379294268
0.000449548077739902 0.00638729257016598 0.18152785455422 -0.119626753579418
-0.00314284686526249 0.00585945711998462 -0.0750588776302854 0.0128443058191375
-0.00157970090635214 0.00349145528402812 -0.2392747661951 0.220331521516048
-0.000860183809842874 -0.0012779276234157 -0.367193029640569 0.450023793152323
-0.00340874177201099 0.00591070671722935 -0.382998301334053 0.616959241215497
-0.0279272822417171 4.15720093982696E-05 -0.394604983868864 0.67885162349413
-0.0351047228872729 -0.023790623168277 -0.335258918328688 0.599213041892801
-0.0327466625020117 -0.00875329154410069 -0.24225725384139 0.460325195362549
0.0149937642518309 0.000401482619923853 -0.196775511299735 0.33109005237583
0.01481834376224 0.0290083506074229 0.304062801591003 -0.139497986456411
0.011719485359789 0.00516317266034608 0.33858333115721 -0.329530918862243
0.0161670604586584 -0.0434260749273188 0.559299450682794 -0.143040811603385
-0.014660743816372 -0.0224261358780761 0.824390243583526 -0.23057019183515
0.01131180646308 -0.0084144825965198 0.699616035591952 -0.321103057170629
0.0204116744644802 -0.00206911208561865 0.444418330593244 -0.260500959548272
0.0219239139275736 -0.00653929591454797 0.18607263062706 -0.118403322844076
0.0182208994685598 -0.0114671757940354 -0.0742589201177584 0.0107256750892633
0.0171434883675648 -0.0144642350084693 -0.23608813173554 0.220057410509103
0.0164303203001648 -0.0126498455146056 -0.358687086261274 0.455109631695498
0.00877493249583961 0.0134430398588006 -0.372401096953603 0.623714493014926
-0.0380858265675465 0.0131943577355047 -0.383090356328854 0.685540301346173
-0.0453826008514691 -0.0336798440048685 -0.325661239053562 0.599511699450913
-0.0183589806787633 -0.0080137355833996 -0.237808245453434 0.466210934905407
0.0257270381260224 0.0347079385396463 -0.199350098923172 0.326091601293654
0.00830193965130352 0.0608827203263543 0.29776768892565 -0.15632883269198
0.0232549261872934 0.0146580958761675 0.328536956261241 -0.328389710571693
0.0127338557208653 -0.0543872701805959 0.560691585852064 -0.170880618923935
-0.0296861285897532 -0.019380655181305 0.801021502652753 -0.267265220781165
0.0173001165677702 0.0023914126861223 0.686303540193672 -0.340060027683378
0.0394918845666487 -0.00608178083283295 0.446532361150126 -0.270629742127385
0.0410552511214142 -0.0195885320721864 0.195482943090822 -0.126441693142186
0.0369533740371564 -0.0270423133102271 -0.066416511730226 0.00153178403506456
0.0339708216258079 -0.0290397833033753 -0.23065731069413 0.208410768087715
0.0347000182373303 -0.0210937570441279 -0.361808883665305 0.442826831347073
0.0183063667958837 0.0201180035604539 -0.391552890112152 0.61451528900258
-0.0522422266930728 0.0216249417464809 -0.413408996336168 0.674265839580769
-0.0532081177333012 -0.0447375909839334 -0.347445213298608 0.584774497729196
-0.00459114908712231 -0.00449597871458304 -0.24659252065657 0.462859964795041
0.031005776318028 0.0658460552797298 -0.209529627311227 0.316020724297035
0.008224214101752 0.0812221340153686 0.285493773809487 -0.184930982814153
0.0297541126802638 0.0161827797289317 0.312942398110235 -0.331192917161395
0.00418337179235912 -0.0625098768893651 0.552833206019097 -0.231709488244337
-0.0415392041173176 -0.0137084290955578 0.75514015967143 -0.345496217386561
0.0210638875766051 0.0074740005750198 0.65085189408299 -0.386423775244939
0.0518369671468801 -0.0113381468089182 0.444803592255443 -0.296801443889826
0.0542772550057993 -0.0312999156842367 0.208687116870382 -0.143063793344584
0.050250971574516 -0.0385467150154225 -0.0531989812868641 -0.0120543603894035
0.0487485774066523 -0.0399572371805377 -0.223536813767809 0.188837711528952
0.0475929546856875 -0.0257551650041454 -0.373304063809749 0.41727899319682
0.0227678959775577 0.0269688783601042 -0.432553872964157 0.590402318209117
-0.0662865821792414 0.0251854652030235 -0.474168605336228 0.645700463136632
-0.0567248844798683 -0.0565904482699509 -0.393271938200677 0.548610073095917
0.00557610638811808 0.00290708976280907 -0.262499822627817 0.450427587567204
0.0266936537426526 0.0873999015754885 -0.225294609283843 0.300971168214915
0.0116283727304192 0.0859781414235106 0.267927248306919 -0.217104488603768
0.0282739523120125 0.012875498169199 0.295896318619388 -0.34090513559384
-0.00843471566926075 -0.0615218727212556 0.527262284581821 -0.318123332507567
-0.0475043925862757 -0.00617322272353469 0.682067246549548 -0.442639037402325
0.022147843850097 0.00799717961331999 0.600135923344922 -0.446288356431085
0.0556647217922862 -0.0179654066063804 0.433231458255914 -0.335271855445705
0.0591136852843409 -0.0384716317471076 0.220250933344806 -0.167545207363531
0.0575537959237481 -0.0440664718285453 -0.0366991554627734 -0.029492293180396
0.0553432013888461 -0.0442293173560805 -0.212436165761832 0.165408614137012
0.0552495054125077 -0.0233125729281579 -0.389207461357776 0.377825909105534
0.0202936264991748 0.0318960119474706 -0.489570030306126 0.548688939747611
-0.0768255822096408 0.019012357901161 -0.563386186874953 0.590160858369065
-0.0522984965735066 -0.0670606065499097 -0.456836967563556 0.48936960698403
0.00894531647346276 0.0121887892830836 -0.286853017379562 0.428648894791152
0.0140646432911403 0.0969868910095888 -0.242569338898711 0.280561504979748
0.0156215782020409 0.0749285637559634 0.247203362709681 -0.247162732340526
0.0187200910803685 0.00840316159776126 0.279239040450981 -0.357692591760674
-0.018948253918698 -0.0527991028627287 0.483890765712297 -0.40812389709041
-0.0455141536115347 -0.000595801397143332 0.591219248195013 -0.533574385007328
0.0185032306110268 0.00236810996772488 0.536181908512462 -0.509286182167147
0.0495116875874806 -0.0232014567081295 0.413784032947349 -0.380215208862085
0.0544095813500445 -0.0407553426176668 0.228795610483547 -0.194231919449817
0.0558274902987304 -0.0425083852064708 -0.0173124689436789 -0.0473347713980347
0.0551217052494085 -0.0416496540430213 -0.199517726525998 0.138602337074452
0.0551355842187312 -0.0188606521373345 -0.404230130575151 0.331737986659328
0.0134473741553603 0.0323392747523852 -0.548639174434908 0.490253827755676
-0.0813139605079049 0.00575974082906592 -0.658782901408141 0.514228067521988
-0.0423065908495698 -0.0707683579439132 -0.521768944691823 0.410242424849716
0.00236926448833868 0.0222292853562744 -0.310264386673063 0.404338700413577
-0.00300086631301449 0.0902380048932298 -0.259363933968567 0.260251778509142
0.0227292779949884 -0.0789198736097639 0.295940264631703 -0.185659240907777
-0.0456435121197239 -0.0159775915479672 0.306748025582337 -0.366617644331881
0.012474164194544 -0.00141552712284707 0.521187211795571 -0.285174547788076
0.0238185376505486 -0.033070579355777 0.727210036685798 -0.413351282625471
-0.0195912336932406 -0.0422255313608023 0.607061673832241 -0.451826921074406
-0.0388772784723133 0.00671980469343074 0.405771037933109 -0.330861956638535
-0.035677247536783 0.0299869150659384 0.187558620494254 -0.146867886312255
-0.0394232800310112 0.0367840680063919 -0.0545653738427999 -0.00301159374085379
-0.0372024212369351 0.0331313530735865 -0.234104789489658 0.188871355616582
-0.0375380796447893 0.0136668442228896 -0.396126583672815 0.392949700518066
-0.0268515838910416 -0.0111223293705675 -0.461667757512242 0.555477151218733
-0.00789193602645692 -0.0227435006025087 -0.513923364025285 0.615149020405616
-0.0184967861537975 -0.00708771286053321 -0.43594284798512 0.53103562408436
-0.0602969507638469 -0.0124320634006359 -0.278664465268932 0.420308163839399
-0.00502283314664236 -0.0688083984559425 -0.211294537987493 0.322896860244566
0.0278794252653986 -0.0483400488254055 0.303896008954714 -0.157374227409285
-0.0255979472647487 -0.0159147688459687 0.325549620216563 -0.350861254182327
0.0120484622858443 -0.0133009363526895 0.54127988999868 -0.206605163283865
0.0148202780833446 -0.0267047784361283 0.784963555465576 -0.317196336427901
-0.00694687356700944 -0.0326510805106938 0.65824363194741 -0.388597161726106
-0.0226536160273295 0.00158652093317768 0.421914203583783 -0.294833494020106
-0.0201032312669087 0.0191288695887223 0.181465937449937 -0.128820707689271
-0.0226039716137788 0.0229677829098662 -0.0672901331291604 0.00909584098938354
-0.0209689488154061 0.0208035565016598 -0.23718539597562 0.20890561936363
-0.0201136845855109 0.00862535592263748 -0.377381333428213 0.426052462989964
-0.016054704242224 -0.00173675569690023 -0.410539503900121 0.593304081941388
-0.0179638544444446 -0.012727480491355 -0.435084501642684 0.65898469264972
-0.024867567707393 -0.0158756701566892 -0.374759774804409 0.577862230608851
-0.0467070344557219 -0.00974192834155735 -0.256338075887476 0.444216558202682
0.00357451632716645 -0.0343014254101156 -0.200014452974484 0.330686809942879
0.023663637760184 -0.00993967019261614 0.306291187223164 -0.140709284502581
-0.00544663741201156 -0.00732625643690673 0.333928864707754 -0.337733444723229
0.0146888902338509 -0.0284734731061272 0.551125833229003 -0.15700112779787
0.000736750578626873 -0.023576830446339 0.816229646675971 -0.252143508192482
0.00329725776776092 -0.0204797869046238 0.686179152237485 -0.343690303792324
-0.00210278350405482 -0.000938195422248051 0.432746891786579 -0.270469244127416
-0.00037954697860041 0.0063605085130135 0.180585076365087 -0.120260697197991
-0.00240008759953863 0.00640423166164012 -0.0741419765654241 0.014491343398423
-0.00178850001536328 0.00414469366720666 -0.236611080735301 0.220258552971632
-0.00055927952715586 -0.000829041679897819 -0.361546710959343 0.450119834694621
-0.00358073249938094 0.00540042413804276 -0.376090859301686 0.61694290239257
-0.0282844842640338 0.000375055480003005 -0.386796420285341 0.681707450355469
-0.0353993823201832 -0.0239545419873826 -0.331972445458782 0.599941493873465
-0.0324341957716295 -0.00862262593757408 -0.239784067797856 0.461165118999435
0.0149334254805376 0.000400872542887567 -0.194401294286407 0.331250098795074
0.0150121841656601 0.028339150972263 0.304333582200071 -0.140398208090975
0.0114261983680659 0.0058112996577633 0.335169997878838 -0.329966800819786
0.0156207175384648 -0.0421527500222875 0.556850824958465 -0.146334414310589
-0.0151124355848207 -0.0214225754103734 0.818870766256274 -0.234226768409079
0.0112994062946304 -0.00740708615947079 0.695356367566994 -0.324620752074939
0.0202546339960728 -0.00291120519656189 0.440908097819645 -0.262356399486443
0.0210433171187876 -0.00665995880648349 0.185160904573109 -0.118756855690377
0.0178464259553015 -0.0102814307639123 -0.0734366834457995 0.0118485315212566
0.0172190491673477 -0.0133606734725526 -0.233578152169852 0.220060853368691
0.0170662851436312 -0.011495897296958 -0.355066501453953 0.454212407611454
0.00897791489243298 0.0126907798961869 -0.366933458694816 0.622891390008591
-0.039681412881117 0.0130767569317477 -0.378034684369854 0.687204028933243
-0.0459839082834686 -0.0331854342902448 -0.321481281081136 0.601336163840471
-0.017797054238896 -0.00784048165086037 -0.23351027707302 0.466894444768995
0.0267308274753141 0.0347040754910429 -0.197468664163151 0.326082177173082
0.00866855959893548 0.0615079910436994 0.297487271212174 -0.15781076481448
0.0242148655833201 0.0140274748269407 0.324586282206344 -0.32784305456916
0.0127079008403331 -0.0546514068122177 0.557368311259474 -0.171542231388852
-0.0301201826389365 -0.0191873983224999 0.797381087178788 -0.269789936373868
0.0175056201943867 0.00249258426785922 0.68057322597684 -0.342065633880205
0.0392926059492544 -0.00594771133563438 0.444677236665732 -0.272003954181135
0.0410753744328071 -0.01946130538161 0.194394071144206 -0.127531883864945
0.0366331155515842 -0.0271294715273229 -0.0664944418418841 0.0031044594038559
0.0337374159623603 -0.028555347179246 -0.228239742720157 0.209608184230216
0.0334862188932084 -0.0206927766014052 -0.356859449807611 0.444391634583753
0.0187027376170391 0.0203676132477864 -0.385546498566773 0.613951319147308
-0.0518650658963293 0.021936296222396 -0.407644037571225 0.675928818683847
-0.0540300124779976 -0.0437173536215452 -0.340202615981293 0.585411702165653
-0.00443986900925161 -0.00451281758560962 -0.242082410873982 0.463805528988826
0.0317004845698074 0.0649747849088068 -0.208230416008263 0.316821836771948
0.00796575039352698 0.0811033643513971 0.283963685526088 -0.186308921347917
0.0305435370457085 0.0168694400284687 0.311472609144455 -0.331020382164743
0.00363659895370709 -0.0613397778618747 0.550881602071691 -0.233095574847222
-0.0419002631453181 -0.0130517014245495 0.749773378499366 -0.348298480209018
0.0219069327884077 0.00745202849765064 0.647233422262494 -0.388110684353917
0.0515566405661193 -0.0118621906503657 0.44023840684612 -0.298638135430162
0.0534920021715185 -0.0303436964802802 0.206198561166022 -0.143866753495335
0.0496129443848511 -0.0384936303506735 -0.0534699673822376 -0.0111841752342588
0.0473478884948521 -0.0406500887688631 -0.221345407140322 0.189865318398483
0.0475184307473222 -0.0255163569746611 -0.368267029897862 0.417164860177202
0.0229877773891232 0.0265978775224066 -0.426849206965117 0.592664679931703
-0.0654560572039924 0.0250177154666081 -0.468617463714335 0.648041931461213
-0.0561978844657794 -0.0554620426922107 -0.38729805734982 0.5483692813219
0.00596657844604736 0.00249340423973 -0.258015013634768 0.451327642638427
0.0276951288511801 0.087255887173522 -0.2230529193274 0.300888449275504
0.0122347386606991 0.0853112485761974 0.266616433130953 -0.217652387276003
0.0283114610295626 0.0132743211235909 0.293634936977054 -0.340285092785459
-0.00900335294388828 -0.0611401431995957 0.524424600634003 -0.318824879808274
-0.0469449927081355 -0.00595074527047438 0.676663650067924 -0.441504087260451
0.0230129098824 0.00752509225016574 0.595180452878754 -0.448648628228166
0.0554002464414816 -0.0185197735000609 0.429221615720028 -0.338207555291278
0.0583226662799174 -0.0385058147587643 0.219100235157502 -0.168614366373469
0.0564310117773 -0.0441421223910888 -0.0357303451063316 -0.0294144592080452
0.0550331031712531 -0.0448035496415639 -0.210696234513172 0.165595951813361
0.054895747445282 -0.0247482520273673 -0.384854843411062 0.37920262326768
0.020600682228756 0.0315749618100331 -0.4830142676225 0.548746434798048
-0.0770372981900426 0.0192111887717136 -0.556493540371303 0.592792649079524
-0.053333363032291 -0.0665094870749722 -0.451173102555963 0.489891036090488
0.00900984884606863 0.0125465809789516 -0.281503282432891 0.429249185544186
0.0151724070646381 0.0967567236821607 -0.241426623991601 0.281839927394452
0.0151230466613251 0.0750213401317591 0.245748255329243 -0.24729724819241
0.0189917750468032 0.00718790384904285 0.276111210784602 -0.35763425557698
-0.0189200566629633 -0.0531406529416829 0.480259404693489 -0.408006748652577
-0.0456241332422857 -0.000495063659515078 0.583957156664085 -0.534324879482023
0.0191187504952587 0.00250126512549796 0.531397169879609 -0.510532911999766
0.0495504928427204 -0.0233595153107282 0.411742746989008 -0.381429057197866
0.0533024614274508 -0.0406386994006792 0.226980827191539 -0.194663520031031
0.0547573108316385 -0.0428651591209631 -0.0168431459015244 -0.0458757578065979
0.0546617165350486 -0.0407706402944411 -0.197779700238978 0.139194382940698
0.0549234583506725 -0.0189648978467405 -0.400512157534166 0.333415606690186
0.0136803143149067 0.0323997682367135 -0.54376695819198 0.492501208772612
-0.0812966311840031 0.00667347490886119 -0.653191287203944 0.516162894998936
-0.0433991410778075 -0.0704785693386347 -0.515798437808711 0.411132549246473
0.00310091782061969 0.022534260167867 -0.306327625696815 0.404757906688327
-0.0025281678594048 0.0904688147255829 -0.25788494562832 0.261046017924443
0.0223911806862283 -0.0786628753917973 0.294738644350781 -0.186317167932356
-0.0459887016412012 -0.015366572993563 0.304168801395848 -0.367191449639013
0.0118903493883469 -0.00161784712188898 0.517820606422806 -0.284216996820627
0.0231909022420473 -0.0341455601650883 0.724392425963087 -0.415689846410509
-0.0193086573151517 -0.0427596260747008 0.604436461410268 -0.456409298538281
-0.0388517248586808 0.00668710409974685 0.403522557381829 -0.331159706908343
-0.0357345083624052 0.0313398053344313 0.186729634043964 -0.147104087421157
-0.0394350712291512 0.0371858275668619 -0.0546841466945223 -0.00142759315505603
-0.0370034804108389 0.0326463629239055 -0.231599982820539 0.19091713745862
-0.0374786668881972 0.0133828121092249 -0.393300163436215 0.392928938239177
-0.0275633155770991 -0.00960897170757312 -0.457012449030107 0.554772504903427
-0.00856386251443756 -0.0224310956902774 -0.508733201032981 0.615881646473571
-0.0182220724570407 -0.00636723243858314 -0.432963899625731 0.534657402956053
-0.0605728196149513 -0.0120557624369981 -0.275993542467086 0.420115758692846
-0.00392956386044229 -0.0684064167163694 -0.210530069228768 0.323723987439796
0.0279973196117317 -0.0481580198307922 0.302637201365674 -0.157412855290265
-0.02560135028044 -0.0147445727730848 0.323877358738759 -0.350195773733939
0.0112346658257892 -0.0133640140909803 0.540288728627572 -0.209057202081398
0.013505298633586 -0.0276145868996907 0.783151542834547 -0.319336013569457
-0.00609080667064173 -0.0333456861634951 0.655630043624435 -0.390676498574214
-0.0233289273151614 0.00219784908347 0.419924023558217 -0.295775619901876
-0.020061959277893 0.0196435061020378 0.180700359674587 -0.129727676196983
-0.0224480031174892 0.0238553969174098 -0.0671772323334946 0.0106532294402754
-0.0200189523048673 0.0197941568613642 -0.236076716814476 0.210192173569189
-0.0208957393290832 0.0077628934059844 -0.373023885911262 0.42812920152501
-0.0160500741966368 -0.00165797005622452 -0.405519930382494 0.593772294280025
-0.0175708541107183 -0.0125516318693568 -0.430558139137875 0.658783504038532
-0.0256871548182382 -0.0152191656649415 -0.368824805924804 0.578495098095433
-0.0471162119188667 -0.009055873965872 -0.253162975635472 0.444519998957065
0.00376170965468161 -0.0359411267183423 -0.198608446096288 0.330807574518978
0.023155494741653 -0.00974678186945745 0.305195228555323 -0.140388205809577
-0.00506530095623728 -0.00670485242913451 0.332895059843366 -0.338592056068857
0.0143875724511114 -0.0277822629566931 0.549088701011959 -0.159060176388384
0.000258697491938785 -0.0231167342990308 0.813696839219496 -0.253674422682444
0.00355635918756788 -0.0205149020487858 0.683568768771863 -0.34441958313616
-0.00201681289582917 -0.00110882498616158 0.431955533417171 -0.271548033260365
-4.3026304595347E-05 0.00674172054990258 0.179163391958569 -0.120684669305442
-0.00271970816501573 0.00681114455445504 -0.073891669834133 0.0145177826351037
-0.00139885127252958 0.00431629498294398 -0.235313668875038 0.220738591640894
-0.00112504248206906 -0.000847789736824192 -0.356984532447498 0.450892306591407
-0.0033501192885477 0.00547158283126226 -0.373455900549879 0.616020429946551
-0.0281915811041511 0.0006481269317044 -0.38355812570952 0.683280535171163
-0.0356922492716259 -0.0235161790003249 -0.326231047157232 0.59991524405385
-0.0325971078712763 -0.00802805452156464 -0.236711066935277 0.460729227296865
0.0162554659561686 -5.64493053519335E-05 -0.194112108395526 0.333052896018737
0.01438528676587 0.0288999849784136 0.303349235986725 -0.140950829883239
0.0122825322730168 0.0057430131220932 0.333006619718564 -0.332383123807903
0.0155769695947649 -0.0433475412322086 0.555746455775874 -0.145901357997257
-0.0151244098797686 -0.0214515567409358 0.816836810557371 -0.236335747587615
0.011318467019641 -0.00839244806090898 0.692826559903562 -0.330012336815302
0.0200833361476193 -0.00290093728782565 0.440583475061586 -0.263749597203926
0.0205071387733738 -0.00602081745284381 0.183284055479764 -0.119327401296429
0.0169136386696105 -0.0115047437442672 -0.0734834506263689 0.0126388165290887
0.016673866089749 -0.0135332192025951 -0.231114239454501 0.220723266834701
0.0155149261039773 -0.0129372907940587 -0.350411401106576 0.457066685876421
0.00864186959615344 0.0125042955667184 -0.365019024012122 0.624177875140288
-0.0393041071817089 0.0131604166574653 -0.372766734005431 0.68898388583332
-0.0459892737318106 -0.0324867876698268 -0.315512668263094 0.6036186020107
-0.0178081360905339 -0.0072089198174196 -0.230706450978875 0.466041576830452
0.0274515192127442 0.0355583142243984 -0.197178044501496 0.327957353771683
0.00787269241977199 0.0616835628763241 0.295792203655252 -0.158855072862612
0.0247532956845878 0.0157681233725508 0.325099913041618 -0.327898981158159
0.0115067956277578 -0.0557092929432282 0.558261793216584 -0.172094293324049
-0.0307376456103813 -0.0183888320370481 0.795888284108496 -0.273530855779058
0.017748183514722 0.00242800209934992 0.679118381410452 -0.344173031440587
0.0387546194929057 -0.00612414459879591 0.441932554240712 -0.27276997539008
0.0401507060344919 -0.0193575728433017 0.194027503518971 -0.127673869782966
0.0362425731792675 -0.0272591920233645 -0.0656120390943577 0.00322693836500721
0.034039904604979 -0.0286592597124734 -0.22666147321709 0.209934307801585
0.0338031831684809 -0.0214378869317792 -0.354283678940847 0.444549544653853
0.0179184220556736 0.0199681766920031 -0.38158406275936 0.615397903495709
-0.05145819315426 0.0225122824351464 -0.401092534831423 0.678139811078967
-0.0536445548087816 -0.0428581205132955 -0.335564716039301 0.584308360633199
-0.00378800339310233 -0.00368494784674497 -0.239227401904576 0.46275522520852
0.0321287278284719 0.064570652189589 -0.207437920021896 0.317063498911587
0.00793959624913378 0.0810162749493541 0.284167075557268 -0.185670949988127
0.030944237820932 0.0163463492481142 0.310955204552314 -0.330286022637617
0.00302771931119429 -0.0621005290186337 0.548098705151446 -0.235552909372571
-0.0415421539672592 -0.0131380103594271 0.749037335917977 -0.349261783832286
0.0208874091367967 0.00693732376427029 0.644338757648041 -0.388071387651367
0.0514202475020997 -0.0117553004589508 0.437838687989345 -0.299450088670749
0.0525035558512706 -0.0311165589996337 0.205699267556256 -0.14474570979948
0.0498241531884402 -0.038292646313396 -0.0517015599685618 -0.0110538429155611
0.0480889414178947 -0.0404240850001785 -0.220175236750262 0.189630626694536
0.046393623284453 -0.0262357351317952 -0.36589272151455 0.418572948485083
0.0227153733943342 0.0267532286659927 -0.422888053051272 0.593690193254438
-0.06577825394047 0.0249017610676067 -0.465360028219667 0.650300486059078
-0.0569068212564644 -0.055261577154971 -0.384221661332819 0.550679994085851
0.00579507631759513 0.00240774639530459 -0.255695860506874 0.451891237076494
0.0291954771386258 0.0860967797263265 -0.221756095151359 0.302624372618624
0.0129258572882362 0.0853618499677418 0.265793519354793 -0.219289984261782
0.0302568506859463 0.0129491721135933 0.293431478892714 -0.340310570499367
-0.00904861069481334 -0.0611938954646833 0.52245564254096 -0.321661769126087
-0.0476960806546338 -0.005595802649842 0.67319198394815 -0.444872775513026
0.0237167967042602 0.00693615793910372 0.591458624954676 -0.450018234476486
0.0545524493632424 -0.0183076869131397 0.427792253180543 -0.338514475946506
0.0562847019928025 -0.0383032978252532 0.218039603889268 -0.167866720534426
0.0554026390654114 -0.0438964634189622 -0.0352709864837347 -0.0275417663162975
0.0560956874696126 -0.0436880529036201 -0.209073869439598 0.166500752591792
0.0553444095781173 -0.0246359752120727 -0.38030080706758 0.381689987312777
0.0204702482501112 0.0320430839005955 -0.478577637151068 0.550606348001471
-0.0769806466363663 0.0197449911904228 -0.554297423730904 0.597121885733203
-0.0534730759926356 -0.0658490035041849 -0.447103836877151 0.490549206794467
0.0102781619853896 0.013062811042881 -0.280374090197062 0.429812902823459
0.016119305631438 0.0959030763505408 -0.24011029549899 0.282504569762531
0.0150768909370045 0.073239448173698 0.244818779545132 -0.248096293492478
0.0191351016363585 0.00832042235993347 0.273652124523208 -0.355517261945434
-0.0192036309638249 -0.0521198478827774 0.478662418429334 -0.408396334420781
-0.0462607589127771 0.000123666008800493 0.58164341740614 -0.536986125967354
0.0197148181311805 0.00246318470058222 0.526696042329302 -0.510375847354866
0.0499908022971784 -0.0226721042546333 0.409535522999182 -0.383750520101478
0.0523140547472568 -0.040463787237094 0.225279329102856 -0.195562828224663
0.0542669302925278 -0.0431955264280594 -0.0174709066210663 -0.0460501221149633
0.0538650448451202 -0.041667210081592 -0.195940121808055 0.139907046216213
0.0542713616771967 -0.0193373087527146 -0.395440305457128 0.334205616415922
0.0137144826246969 0.0327196530424981 -0.540214823137896 0.490694408540319
-0.0813041912555977 0.00695504919266109 -0.650189382095962 0.520583583655252
-0.0440857135904116 -0.0701633104922089 -0.51226448306526 0.412840847863308
0.00353594706929793 0.0231595086923216 -0.304072260601985 0.404678820426379
-0.000580864513962005 0.0889154064281227 -0.258472168561433 0.26262956261491
0.0222494215810646 -0.0784394984770991 0.294506962829793 -0.187728048094105
-0.045585125680204 -0.014492055696088 0.302197697067373 -0.365897596130714
0.0117662175454824 -0.0001761283359738 0.516828753937806 -0.284992655793548
0.0229246611429038 -0.0336082776542879 0.720788142594654 -0.416988844008634
-0.0199302217815481 -0.0418883306008251 0.600094703721269 -0.457948483724311
-0.0392872145114462 0.00713369400875811 0.40155639827488 -0.334692877824391
-0.0358708192695832 0.0311676959339533 0.185592382761033 -0.147676023357671
-0.0377896954126118 0.037358077106789 -0.0536206384187797 -0.000808571208742206
-0.0366869766755472 0.0330694250503668 -0.230006467642432 0.192488630755889
-0.0372672653621266 0.0148142058608161 -0.389792290180846 0.39417250504166
-0.0279584614619034 -0.0109788517680982 -0.453634489318288 0.555633609567162
-0.00826139694941109 -0.0218607323869835 -0.503364159649614 0.619221172042223
-0.0186454548891247 -0.00643737197109909 -0.42660261169908 0.533880973543516
-0.0606671634782629 -0.0109688529040581 -0.272738849770878 0.421931724021539
-0.00414447784046354 -0.068800508125382 -0.208920013973045 0.324389902296679
0.0275088807206826 -0.0489840635864187 0.301966410107498 -0.158326503317011
-0.0242714714946079 -0.0142003607857588 0.320281430461356 -0.350949904126892
0.0117594474719185 -0.0130151768976453 0.537511893370954 -0.209527816031478
0.0139779083462688 -0.0268913299791479 0.781578972422137 -0.321852600779805
-0.00639878043579445 -0.0334629891381933 0.651051903736402 -0.391960645207062
-0.0222918595611749 0.00265843740181275 0.417494498891548 -0.298328509783933
-0.0207581875512026 0.020285128832783 0.179435019964102 -0.129991426753373
-0.0217246690702818 0.0233545373156453 -0.0668198153178073 0.0101858598466584
-0.0201191671503189 0.0211816573593171 -0.233167790144051 0.210249534013025
-0.0202461297062881 0.00853053003515142 -0.369473359847076 0.430138045674573
-0.0164062306861882 -0.00113508023377585 -0.401715388369235 0.593909767641553
-0.0180288871577909 -0.0119667986525843 -0.423580844316564 0.660575325654039
-0.0262940430116745 -0.0151394758238193 -0.362697065125712 0.578877312533613
-0.0469345052445111 -0.00848124855571647 -0.249273848492405 0.445215786544076
0.00485364529893225 -0.0352556543835972 -0.198225539722455 0.332077696524619
0.0239147292570363 -0.0118896012145037 0.304333343702272 -0.142498133231068
-0.0035184428737167 -0.00557045508321643 0.331043370212362 -0.339518463637981
0.0136558794475999 -0.0290473789392431 0.546653132389532 -0.16085342708968
0.000406538385543481 -0.0238014644830579 0.809262170857971 -0.255403749735402
0.00338026367703487 -0.0213808724195597 0.678880203527529 -0.346216164997223
-0.0010985869441387 0.000309196428051086 0.429829632488693 -0.273914761177348
-0.000448209233535384 0.00757832580806876 0.178068559709897 -0.120664819515082
-0.00261310293449485 0.00666252261472771 -0.073518291715539 0.0148333306758432
-0.00113494529577718 0.00426453118786048 -0.233119800446375 0.222676908665678
-0.00167499558697767 -0.000947945163395735 -0.353877908951587 0.45260860352651
-0.00412749860939665 0.00580118809792093 -0.368996628922193 0.616644652698569
-0.0287559052883567 0.000449831373776336 -0.377801104516492 0.684202621799507
-0.0359422008353192 -0.0233412142320807 -0.32167000705369 0.601377203591334
-0.0326305622905656 -0.00722318559134358 -0.231850583176238 0.460757572998324
0.0172600343587219 0.000379062559634635 -0.191064393140235 0.333624383830334
0.0150774450672351 0.0279442387804998 0.301977459489249 -0.141769849806123
0.0128390907390796 0.00630661715366796 0.331210939381056 -0.331345487065092
0.0148769893105954 -0.0426045740278954 0.553067011946625 -0.146792069802886
-0.0155351404732002 -0.0214243970739842 0.812888588553607 -0.239734971722363
0.0117100455700228 -0.00797622853582441 0.688404189911163 -0.329634616821056
0.0204879611143705 -0.00256547177284908 0.436518044251404 -0.266424970794655
0.0215933168440807 -0.00583871246881538 0.182839473627752 -0.120466514096697
0.0173191139937171 -0.0105179317941588 -0.0728505316943045 0.0136407024139738
0.0168249811646108 -0.0132740197296049 -0.230295088878888 0.221630718517069
0.0160295932620851 -0.0129226103706221 -0.346356748002597 0.45797189386308
0.0079853775876714 0.0126706148528992 -0.358684463763589 0.624373887934324
-0.0391429343129342 0.0137028434594789 -0.367719973850415 0.689666258024238
-0.0473242107899611 -0.032144832210771 -0.311730335707959 0.602305772335859
-0.0173089189104828 -0.0059000963751578 -0.226047414643846 0.467310138661634
0.0277827618917182 0.03363915467419 -0.194620860114895 0.32713419928412
0.00858489010794064 0.0604315245386537 0.294419057942252 -0.15936695071443
0.0258664055572666 0.0146532550219157 0.322114739958816 -0.326581815893242
0.0119013619202704 -0.0553242417401149 0.556012492342312 -0.174862095583996
-0.0306983512225778 -0.0186318070560265 0.792768610470488 -0.27581100736942
0.0186865328309286 0.00143000433806924 0.674497335637455 -0.346496376497615
0.0388939779594087 -0.00635773665002456 0.438769204377974 -0.273196719209063
0.040252788989834 -0.0198622541651643 0.193275448013297 -0.128736942673374
0.035954010810419 -0.0271285393306315 -0.0654679033762837 0.00393756777599618
0.0340569397316609 -0.0296236331898512 -0.223937987682657 0.211276050339584
0.0327597210529137 -0.0212966186898698 -0.349183723699418 0.444795734462354
0.0177841941516188 0.0201959725754936 -0.378655699985304 0.617760755160329
-0.0517300616753107 0.0233410563182186 -0.395184887707461 0.679634786975273
-0.0543076269626627 -0.0424549442097325 -0.330379847856337 0.585528315723187
-0.00375526634537081 -0.00321937871646374 -0.234003161954771 0.462089336131002
0.0338826317024715 0.0640810779461941 -0.206264259053941 0.316470085144047
0.00812756431473748 0.0808660628253818 0.282969928608511 -0.187379747443118
0.0323010882687558 0.0174668308372419 0.30795365643752 -0.331607341486063
0.00331568608473286 -0.0617700636452152 0.545549727322392 -0.236088395369726
-0.0419707612386747 -0.0126519459681714 0.744547436230754 -0.350664431692987
0.0224035215692497 0.0069021539128712 0.638908925086174 -0.390702921764998
0.0512043540520814 -0.0115055524136023 0.433970345838884 -0.301164868707478
0.0527009454292976 -0.0299556785606459 0.204482276565003 -0.144628120012818
0.049107401097965 -0.0385819282705076 -0.0530120172353643 -0.0110428584077261
0.0471080809194775 -0.0402670238336844 -0.217911610972764 0.191751314378574
0.0468665621312097 -0.0249794204974974 -0.361659241497258 0.420219981136132
0.0228215820348885 0.0267594982907574 -0.418465412462729 0.5929015272148
-0.0658547586987312 0.0260205062034094 -0.460081216125789 0.65126762716442
-0.0572203562277059 -0.0554595409612144 -0.377829959324223 0.548380345734516
0.00646251501117241 0.00342628661710435 -0.251970380132279 0.451665410203049
0.0293012471480285 0.0861512777214275 -0.220423939081514 0.304200175630917
0.0129887058752469 0.0844358145319394 0.264010703281838 -0.218830597325497
0.0303092401023165 0.0131096736506619 0.289870237366186 -0.340949973715636
-0.010413416809524 -0.0610244643204135 0.519075881143803 -0.322578817325991
-0.0478024638590632 -0.00567093803175995 0.668832710812618 -0.447533186595506
0.0235468253604118 0.00701050862595474 0.587117435071844 -0.452580476386797
0.0547371643049506 -0.0179536119110083 0.424396890276536 -0.338878881633365
0.0569885682363106 -0.039072554439094 0.215714481554621 -0.168610496126361
0.0559225521966844 -0.0435249946912046 -0.0357102741203422 -0.02761064646788
0.0538537446388554 -0.0451517808178987 -0.207947109460937 0.167939963533745
0.0548782843926096 -0.0239382118369774 -0.376471375774108 0.38251740325114
0.0207213866369754 0.0317449108025537 -0.4743446566242 0.5512564822249
-0.0764166205300447 0.0201407903446309 -0.548728692652389 0.599398182332368
-0.0536508831221549 -0.0654646376730586 -0.441739642815994 0.492226452566738
0.00922091047025196 0.0135124112242964 -0.277549946467846 0.431549633327103
0.0168232065221759 0.0956277493092605 -0.238969917611551 0.284234679220395
0.0153646251241112 0.0740310839484741 0.243756524851209 -0.249200152167702
0.0205860743933493 0.00853752659052603 0.27352367726633 -0.355651951867904
-0.0205919579124529 -0.0520885292196361 0.474235425771692 -0.408881659286859
-0.0466491491966832 0.00035654497451661 0.575194059416434 -0.538898814871517
0.0194267520316568 0.00203442610856218 0.521392510645571 -0.513591204802975
0.0492989383257807 -0.0229197946665533 0.406323532505271 -0.383805545228042
0.0524725757619552 -0.0408705538174493 0.223726530952984 -0.196546981815997
0.0539553747671176 -0.0425614184361117 -0.0170699472756321 -0.0456348908459114
0.054519657255375 -0.0414697090697188 -0.194472848616244 0.140279958548181
0.0540521658012245 -0.0185647066007723 -0.392155564898712 0.335637729241258
0.0131952934359941 0.0322180393202569 -0.53445202217556 0.495328903713206
-0.0807586213774211 0.00705551956306502 -0.644279231386942 0.522489365831518
-0.0438173827250058 -0.0708470418081821 -0.508834233446463 0.413906180560166
0.00416753941148478 0.023174371669317 -0.300659677139019 0.403669230458368
-0.000330129427801275 0.0894804689545132 -0.254934297621209 0.263537533567894
0.0216801928359034 -0.0797524260204024 0.292796398322334 -0.188887635960811
-0.0451145778830757 -0.0138876336657232 0.29874224212087 -0.366601134835772
0.0109681263671256 -0.0013063169918989 0.51278216901601 -0.287360260331096
0.0219391195114842 -0.034026325599835 0.71567358991977 -0.421171969264979
-0.0194538414857841 -0.0415711902265865 0.596281348058054 -0.459802159233248
-0.0386637730200904 0.00705386969431649 0.398268536254301 -0.335122953147935
-0.0357049199515754 0.0311460735146711 0.184416749818063 -0.148265275443497
-0.0383984937371627 0.0383006159732949 -0.0534752395943514 0.000133751265706593
-0.0359445914922405 0.0337009720123433 -0.228637031709215 0.19199239426207
-0.0376190546309617 0.0146173704170689 -0.386074589452338 0.395084316971606
-0.0276024960264064 -0.0102334707805025 -0.449260738242565 0.556964987331638
-0.00805355216763594 -0.0218085976976923 -0.49656157238486 0.623364449750835
-0.0196625753387068 -0.00686004729348463 -0.421044713330517 0.536731145785428
-0.0598888535742915 -0.00967202578936294 -0.270148100974235 0.422457803184037
-0.00338546327241753 -0.0687305763606293 -0.207782319737527 0.324281751763302
0.0277347878573531 -0.0492516001239031 0.300478548101116 -0.160730859026637
-0.0243194172886172 -0.0140958716329461 0.319035623387712 -0.351184585862563
0.0109611830814511 -0.013296440460168 0.534754080850256 -0.212041494781651
0.0138298390338829 -0.0269517784415196 0.77568813684228 -0.324302716470651
-0.00675989208798978 -0.033439274783252 0.645778854506431 -0.395768463296596
-0.0234252384433467 0.00267591763493139 0.413089982262795 -0.299792552228378
-0.0207732769287391 0.0207820047386932 0.178041077843385 -0.130081416266434
-0.0215905876850877 0.0248045004250005 -0.066208703866168 0.011008598773556
-0.0202485404424983 0.0218838169188387 -0.230770715034409 0.212138756639945
-0.020945721221163 0.00862463016338661 -0.365208876238116 0.432329186837741
-0.0163035847892167 -0.00159667737865248 -0.396558443552122 0.594124902819947
-0.0167593858119899 -0.0127391918370722 -0.417646288937574 0.663507296217974
-0.0262750676585153 -0.013995256164079 -0.358651875850925 0.579489065477267
-0.046131822050843 -0.00818523422523861 -0.246354990593924 0.4449058000555
0.00511027913075814 -0.035725430166117 -0.195241277417947 0.333141144127755
0.0236567580119289 -0.0104973619782638 0.304238669732548 -0.142645622373528
-0.00362474650910564 -0.00578825150415799 0.327195164902437 -0.340592774554704
0.0127611463040774 -0.0286262929445028 0.545117356225498 -0.161380359358501
-0.000202947211460552 -0.0238934326556064 0.806340692777584 -0.260360190056058
0.00341647435849217 -0.0199561163918826 0.675997075148512 -0.347926539340245
-0.00151165722542613 -0.00025169429444326 0.424764986447856 -0.274718059604134
-0.000909329350744063 0.00739518754242087 0.176729124926445 -0.121446580172571
-0.00287173742572538 0.00680176444474407 -0.0732318034979635 0.0169111947750145
-0.00177101151618889 0.00418868119445927 -0.230315109428431 0.223452541681105
-0.00218523738854128 -0.00174888564749978 -0.348549398639163 0.453632311899141
-0.00295591548844618 0.00626534853276253 -0.36491658350108 0.617012149398413
-0.0283586273946433 0.000375362751128841 -0.371808034532155 0.683800569395919
-0.0361193634294772 -0.0229689265466656 -0.316654388693004 0.600518741352287
-0.0317594976107631 -0.00697407780155586 -0.228101097668915 0.460313660483163
0.0174748465373046 -0.000684966622378123 -0.189865173406665 0.333060423274574
0.0149756833143184 0.0277254019594824 0.301699130607777 -0.143512928835322
0.0134011968905373 0.00585357567079876 0.329430291198633 -0.330693809018326
0.0146309321847744 -0.0435111341588306 0.553270766113889 -0.148451528440643
-0.0157656315052548 -0.0214070572793627 0.81028737793735 -0.243001376528288
0.0122864396516563 -0.00870979425499234 0.682539484076693 -0.333066873005253
0.0202681306333597 -0.00259139584044331 0.433865765205563 -0.267828684284261
0.020897029138966 -0.005860846058282 0.182000079496339 -0.119357081672033
0.0171114625605002 -0.0105301860861104 -0.072748526781836 0.0141256677291525
0.0159008484161015 -0.0134906664111075 -0.227557197260288 0.222574008600539
0.0163326782805211 -0.0114042882095454 -0.339328499553273 0.457323809810893
0.00858048721727171 0.0135309791934709 -0.353888162204443 0.625543298432594
-0.0395589450828896 0.0146386389392289 -0.360948952659999 0.689307147815018
-0.04720398422268 -0.0316231905636831 -0.305394366176584 0.602099990988062
-0.0168730647498101 -0.00570517494923169 -0.223297406329452 0.465636841763375
0.0292299770055425 0.0335482290887526 -0.192972096047478 0.328251685083896
0.00879938462278102 0.0609340659559975 0.295268592350279 -0.160174265690102
0.0264809848378648 0.0146237404284652 0.32020877538671 -0.326882706479178
0.0113050198084361 -0.0547801524285999 0.5529462243063 -0.17482334479228
-0.0304314940876207 -0.0187794442217558 0.788811074955943 -0.278167372253886
0.0186775602322122 0.00105399638851512 0.670461541794429 -0.347532448367406
0.0387668944336233 -0.0062660364655679 0.435262996692614 -0.2777649274142
0.0402277025665993 -0.0189415859865891 0.19145225758114 -0.12882881429504
0.0348930804109213 -0.0262744060635088 -0.064928586310126 0.00502758619021195
0.0338545273546143 -0.0293288782596274 -0.222711167512815 0.212011950549321
0.0323588696226248 -0.0221261206801945 -0.345800488346202 0.446366288291125
0.0189787284044834 0.0190695922830167 -0.37248824751075 0.618623225567795
-0.0513076982740226 0.0231721199315132 -0.388838523127498 0.681574716253991
-0.0552037648074087 -0.0425307964831289 -0.325803074693584 0.586746305347652
-0.00357799944325504 -0.0029990439965411 -0.22982039497676 0.462603397679183
0.0347682351972494 0.0628110761511382 -0.204662201900857 0.318262236226108
0.00865670614048821 0.0804879944569337 0.281435971518894 -0.187852558615666
0.0322958646349714 0.0160154360230612 0.304998471807746 -0.332647847275504
0.00190179557400052 -0.061643757242928 0.543430147274692 -0.237181575121633
-0.0420735499302688 -0.0122479312613502 0.737454709227636 -0.354932588592773
0.0225706807716812 0.0068470636104521 0.635668281582629 -0.393120037343332
0.0508289604267373 -0.0111686689370193 0.432126671779887 -0.30404998315092
0.0521221802466427 -0.0306834992765337 0.202521914285867 -0.145758193108372
0.0490326944940487 -0.0387182582822247 -0.0527828159482651 -0.00907265043636805
0.0466393779311331 -0.0411637800617621 -0.216452305809045 0.192999998347964
0.0457890940108195 -0.0254464425457686 -0.356861963364351 0.420762211489913
0.0226669204266439 0.0252848603540199 -0.413972182192259 0.592922401902207
-0.0650720268355694 0.0264718753029736 -0.455121667270632 0.653735215110144
-0.0587228906792297 -0.054564119649663 -0.374982753106209 0.552199408202286
0.006816188447576 0.00415409529616976 -0.247308413998604 0.451291428077778
0.0309847269823132 0.0842932369117188 -0.220150890464056 0.305668988742932
0.013527989051399 0.0842085441756837 0.263245925722206 -0.220795279674218
0.0312402904433244 0.0125278717660771 0.287093681698477 -0.339900445117132
-0.0101658793702169 -0.0608372747299232 0.517068033698563 -0.323620709659519
-0.0475092272164849 -0.00481975055681304 0.665131003162208 -0.450215114927235
0.0233830057353403 0.00617876399870365 0.582173494114351 -0.453751003684227
0.0554822480291008 -0.0191153595568174 0.420240153386229 -0.341126453299969
0.0557866240230559 -0.0384788884358777 0.214555752116526 -0.169667514800734
0.0555358903910594 -0.0447069948961526 -0.0346786269740923 -0.0268834382402404
0.0542286265396928 -0.0453552996107814 -0.205082875719038 0.167359314006549
0.053996479505096 -0.0243567514127626 -0.373044262596799 0.382908369363863
0.0208198522124502 0.0310570395299274 -0.46888145281476 0.552374855758796
-0.0763974728964699 0.0211782016928769 -0.544444274949588 0.600744899798498
-0.0545073042670953 -0.0649786337388259 -0.436829400497357 0.493540840874235
0.0104640914565093 0.0136846611995353 -0.272790995569196 0.430979463724007
0.0177736462294987 0.095096624189387 -0.236913908397227 0.285891935942934
0.0158787839741744 0.0735076245229815 0.242658088322046 -0.250207777487272
0.0213127470654932 0.00878610230525262 0.269260733551569 -0.357686449124465
-0.0198339090541762 -0.0520738708175565 0.47235181355265 -0.409021648589044
-0.0467667591539843 -0.000308760333696749 0.57053949336495 -0.539581400415532
0.0195044423738066 0.00131291536496919 0.516927163256149 -0.514377530052158
0.0489630551419793 -0.0237323443256549 0.40056070898119 -0.385802798517806
0.0527318287613514 -0.0400430732771782 0.222690267773914 -0.197220725678058
0.0532951315975998 -0.0428512358346662 -0.0176892480744434 -0.0446054424210772
0.0548407859085649 -0.0415447591388302 -0.192558340855692 0.140121687071163
0.0532698539635245 -0.0185717907000894 -0.38872031232621 0.334770457389585
0.0144690918014799 0.0315368456355806 -0.530498967441102 0.496270041572546
-0.0799387526003967 0.00756418925225257 -0.639142247237073 0.523914913001585
-0.0447071028253638 -0.0695778493749075 -0.504165253872028 0.416403728204372
0.00517219800156169 0.0235525802674684 -0.29707929080974 0.404050838760569
0.00052947463895589 0.0879146032243568 -0.255307356472047 0.264628105921444
0.0216139278386044 -0.0796677206470381 0.29195132023668 -0.189199909284368
-0.0437665749919883 -0.0133886374954066 0.297769835826762 -0.366499766185502
0.00994970101832189 -0.00109309777418796 0.510540782016183 -0.287634142918773
0.0217035526059478 -0.0341529283370121 0.71137591274434 -0.421035658225187
-0.0191170306885829 -0.0418375194694369 0.591353586670665 -0.460660572718225
-0.0391349512576575 0.00769767583437399 0.393729856556793 -0.336617142325336
-0.0360537782500806 0.0320582457432949 0.181862412789897 -0.14780554787083
-0.0372668254668892 0.0386999788920819 -0.0533372383591654 0.000604609501492376
-0.0359344266654462 0.0351581323100499 -0.226395437951797 0.193873980786181
-0.0381205184359826 0.0153100174678953 -0.381466570637451 0.395902745158168
-0.0278706887161149 -0.0104791918472121 -0.442707892752431 0.558689657882582
-0.00811329019196078 -0.0220236415043638 -0.490590021561562 0.624690473930929
-0.0199612144418331 -0.00599827984413693 -0.416942879076753 0.537677117297145
-0.0603644335510633 -0.00931534715751043 -0.265576350195203 0.422640739237366
-0.0033474961341668 -0.0680530002674662 -0.20537002955706 0.326711819141523
0.0269526132624625 -0.049817991824101 0.300425682752392 -0.1611292115087
-0.0230636547713033 -0.0131300834489739 0.31602506165381 -0.35067037679475
0.0109008036747156 -0.0143381498068303 0.532423000632735 -0.213021971399616
0.0131699983376848 -0.0279228955749082 0.770690865843233 -0.327491885471114
-0.00654013317300719 -0.0337776451628741 0.642346413130245 -0.395781719061132
-0.0223482199045999 0.00255821372571229 0.411180608602368 -0.301627220306151
-0.0214527422924766 0.0208327155787742 0.176431686267012 -0.130968764075202
-0.0217152295952369 0.0251646322137561 -0.065790674706343 0.0116922164097608
-0.0194650887800518 0.0222361591616819 -0.228434846999932 0.212999874546295
-0.0206908547021149 0.00842217661733896 -0.36173970925999 0.432240200557859
-0.0166380331667309 -0.00121998002153607 -0.392460086121454 0.594743646565794
-0.017089288561487 -0.0122869638433852 -0.413666237801074 0.663597933369962
-0.0269739666349139 -0.0142748837145499 -0.351781188248522 0.580159480847383
-0.0455815846924264 -0.00767987921088008 -0.243202059921889 0.445212974474435
0.00574261547978123 -0.0344015411453052 -0.193642971169064 0.333024810840339
0.022651811138538 -0.0112291999075914 0.302581966902933 -0.143960048801459
-0.0028377281758866 -0.00576007864661667 0.325563008337984 -0.341367017512637
0.0138326970664788 -0.0291255694343439 0.541683349970763 -0.164695894933598
-0.00113037734730386 -0.0233407240662543 0.803092008468499 -0.263160806170523
0.00401720299913485 -0.0209966887248923 0.671078067019611 -0.352095318963306
-0.00148586229612679 0.000303694846063708 0.423326812265584 -0.277441399141928
-0.000853363669526071 0.00780545460025463 0.175743887435766 -0.121542679578986
-0.00239034273429057 0.00744678995448832 -0.0733090866267773 0.0166303908167132
-0.000669883604061891 0.00440949073971103 -0.228834276136004 0.224707054629111
-0.00256927619067319 -0.00127476350267857 -0.345761798627576 0.454415339459426
-0.00328448379219384 0.00589364460390314 -0.359122718593238 0.616535437810279
-0.0277556283777789 0.000379360787395982 -0.367339071348917 0.686221140307962
-0.0369260599060904 -0.0220522755436124 -0.310000957904651 0.600929565440967
-0.0309718173940071 -0.00617480585447567 -0.225936295398139 0.460395497245399
0.0182198172524391 5.82817398196824E-05 -0.187046813726523 0.333843242617915
0.0153177629292955 0.0280378770758994 0.300122834513006 -0.145518438437593
0.0144515807077594 0.0063737374199302 0.326860109111303 -0.332062911200412
0.0140910429836265 -0.0430146915430148 0.550314738868768 -0.151139727456413
-0.0166639971839923 -0.0208607726148273 0.806262850093097 -0.24744150510565
0.0126081927808634 -0.00861599577882419 0.682785219076524 -0.335313003471031
0.0196372247636654 -0.00188845208484738 0.432103205234511 -0.269988942358126
0.0202810669410012 -0.00512105353455742 0.18022199673336 -0.120727854179696
0.0173138849476119 -0.0101539050788226 -0.0719130027020043 0.0151979971264812
0.0169349094916555 -0.0142674062814714 -0.225757242540802 0.223449365526371
0.015411849957736 -0.0122669960794936 -0.336856760858554 0.458632962861461
0.0085773508981781 0.0117881251435978 -0.348499226626931 0.623749278925459
-0.0385102518789176 0.0141618779483107 -0.354662750409435 0.691801741550423
-0.0474297586546912 -0.0315165340578844 -0.299988397911237 0.603527901099544
-0.0168912815455721 -0.00565246638694161 -0.219110397638445 0.467275366785751
0.029167682087658 0.0324694764337743 -0.19139134017214 0.330801541561496
0.00912767199046809 0.0597464363406938 0.293636371751838 -0.160461122040587
0.0271131842554606 0.0147901374889737 0.317822072276156 -0.32881569048143
0.0107982201082106 -0.0553799736448261 0.550186521528354 -0.175710857785698
-0.0310071699666241 -0.0177917216837052 0.783593164507268 -0.280300540011974
0.018211718625186 0.00109324164142277 0.666358525213288 -0.353097909688519
0.0387582760030281 -0.00596378525505814 0.432821919029246 -0.279516028193165
0.0391645974688248 -0.0196690901633063 0.189297129515251 -0.129378968662459
0.0348342645846289 -0.0270381819757388 -0.06603942518614 0.00701458102531936
0.0331877606206631 -0.0291079590026661 -0.220173591023565 0.212646497204255
0.031805334247725 -0.0217989129812456 -0.34121519509307 0.448506805451279
0.0189938191360994 0.0193128642075188 -0.368390960453701 0.617072922597516
-0.0507123098767497 0.0234240336620318 -0.382713052889661 0.681868621296061
-0.0550981422995406 -0.0413877339617407 -0.320194524210011 0.58734693861623
-0.00253366889568674 -0.00273622414687292 -0.226960928267325 0.462106127256832
0.0350605233619663 0.0622463912999385 -0.202138179675488 0.320460922544569
0.00900018229105384 0.08004244852036 0.280886510016196 -0.190034407133674
0.0337004451956053 0.0164500656453058 0.303402298292841 -0.331129075203393
0.000697734831046484 -0.0609371246992667 0.540500306924215 -0.238811193952822
-0.0421212419003322 -0.0122068031142296 0.734917117407093 -0.356375834389792
0.0225893643820636 0.00618557580253572 0.631735060676123 -0.396250800755975
0.0519946844830494 -0.0118418347687965 0.430089652862473 -0.304807320014175
0.0510366232818445 -0.03112481488952 0.201863193610772 -0.1468781552773
0.0482261490762625 -0.0387422685189261 -0.0533862601340315 -0.00883383671348302
0.0465875785324967 -0.0422406141836654 -0.214352296445619 0.193417838776475
0.0459083880702166 -0.026416305185124 -0.352576303485032 0.422142820904262
0.0231554540192974 0.0271711719930825 -0.408934849150734 0.594021960881775
-0.0646788574542764 0.0267756867348527 -0.448565526537687 0.65444542388262
-0.0583602016018806 -0.0540334185784654 -0.369050612733099 0.552120708346294
0.00772993415402663 0.00403228532472891 -0.245493408202131 0.451247255469112
0.030912499099347 0.0842661712091964 -0.218701164083077 0.306745210695319
0.0132425116653897 0.083653577014186 0.262430332089435 -0.221368351434705
0.0318988070910266 0.013460835577374 0.285629729309738 -0.341737211213325
-0.0104179137451247 -0.0605477667421492 0.514803610157486 -0.325015462528187
-0.0475768077590757 -0.00410646393105477 0.661004432033748 -0.452322721892781
0.0233082577083975 0.00596361804331843 0.576799146564493 -0.455748279542156
0.0544135379367671 -0.0184323805484465 0.416941750098063 -0.34306226290687
0.0555897531804403 -0.0389057173131393 0.212984953686885 -0.170292930424829
0.0548841405237792 -0.044501121998927 -0.0360753231138793 -0.0255903543368422
0.0537374744347811 -0.0451772503288249 -0.203835842542466 0.168875721232348
0.0531915848961494 -0.0240519231717591 -0.368839193570099 0.384340228310258
0.0204814344967793 0.0308600928645378 -0.464031939414488 0.553448063809722
-0.0763183407320962 0.0208066683376983 -0.538439391151925 0.604589273237055
-0.0550192430306175 -0.0645055677892838 -0.432492905954672 0.494434643010335
0.0113304337358925 0.0138620645419887 -0.269894166567676 0.430843310627959
0.0182971375503538 0.0935639407679638 -0.234577530200408 0.287462970555636
0.016297079270333 0.0728390099980673 0.241219613167165 -0.251174681608216
0.0218276710814804 0.00877423163133101 0.267073302113651 -0.356174790993288
-0.0208827810008377 -0.0527438631952877 0.467926861163905 -0.411705281646892
-0.0461534437408655 0.00097079228364794 0.565678430353879 -0.541384299464604
0.0203057748519697 0.00238233172909201 0.512299170542202 -0.516213197273899
0.0486941569179392 -0.0239435892110687 0.398209314862249 -0.386678682612028
0.0515662202540172 -0.0410030501755443 0.22044583683562 -0.197699157776907
0.0530883463649391 -0.0431073623857017 -0.0170716431881814 -0.044627276401097
0.0545773745076713 -0.0410111154079851 -0.190839359790646 0.141454203711285
0.0528498555093923 -0.020031915340212 -0.386625205026817 0.336880997443525
0.0138444170463001 0.0324087873612032 -0.526751369274872 0.496481836817759
-0.0800506093221668 0.00872002942967823 -0.633268757124396 0.529782828487564
-0.0448899352535252 -0.0691522979507974 -0.500745217585791 0.419111736891788
0.00535044657693935 0.0239935504820958 -0.292897663223849 0.406475828881762
0.00180943931636101 0.0877859762485168 -0.253424184100224 0.265138805898789
0.0359760908309886 -0.0673303526123459 0.32654845978044 -0.128520764597907
-0.0371037021319823 -0.0131977153485264 0.365214394416117 -0.300924315957439
0.00824187083685899 0.00967361099769332 0.554805401053789 -0.172559707254514
0.0224991232870221 -0.0178201515223364 0.780502465749659 -0.265635169086934
-0.0154287437153045 -0.0354561088866373 0.669440006657223 -0.330058745591291
-0.0425086183018 0.00331264988845349 0.457891390442658 -0.248025085386344
-0.0426990729456745 0.0229597590891714 0.211396857361975 -0.10628363346581
-0.0451887820549736 0.030438096015075 -0.0513379055078314 -0.0110701320608851
-0.0414128797587339 0.0257079130587408 -0.261339034432476 0.141019536866119
-0.0393906335930729 0.00745209141175558 -0.455697291077133 0.299537034335695
-0.023453146349613 -0.015369545130351 -0.553092619351814 0.446287220069171
0.000484005036713302 -0.0174164783569498 -0.620586861023322 0.500947319672605
-0.0185723600556593 -0.00602255599122845 -0.526120701659923 0.442598773395264
-0.0542515859078612 -0.0188519726776899 -0.357669231100594 0.363239530985143
0.0143159180997238 -0.0684717479291769 -0.282370382326357 0.280253363486406
0.0359122206915116 -0.0370463048404465 0.328803550173755 -0.0985364598735269
-0.0182983482970105 -0.0102467744734524 0.380028988495924 -0.282362606667454
0.0106441204220079 -0.00318745479644117 0.561320103135113 -0.0948826596120134
0.0116433118558967 -0.0128122342004937 0.81930561836364 -0.162926268343883
-0.00560606300737515 -0.0250434206276078 0.706093207142794 -0.258037086982768
-0.0265895730980311 0.000429479705510636 0.466393490894144 -0.21119698476441
-0.0250745984319497 0.0152891061567493 0.203155739887117 -0.0904104008060718
-0.0254250809043735 0.020310802905061 -0.0657632103482758 -0.0019326956996617
-0.0232732381520377 0.0174562574784448 -0.269082354012325 0.158392406444454
-0.0199391059152216 0.00409979215105307 -0.444166507483747 0.339730717087378
-0.0149972169996164 -0.00529238387918519 -0.508383917166695 0.494464269267586
-0.0101069345141755 -0.01036293343487 -0.550974185993482 0.560035397307875
-0.0220316763292497 -0.0161624598938546 -0.472430191026499 0.497766665173774
-0.0413291108622847 -0.0130619003513671 -0.337926613447013 0.392144202258005
0.0141989934059914 -0.0345554880297111 -0.273419002924033 0.29039669644715
0.0234409997624315 -0.00132216173689776 0.328121997746723 -0.0804581537476076
-0.000346958534210269 0.00151973978713699 0.38667886013586 -0.26793865389739
0.0150744866028661 -0.017895260803433 0.562451140703507 -0.0444354584515172
-0.00388065988474861 -0.0124018910830054 0.837088816806833 -0.093671537244597
0.0010169066886606 -0.0112393003629732 0.726295002684412 -0.206807832059915
-0.00515756715392736 0.00161271942978467 0.474319794572125 -0.183564121690361
-0.00351332465646279 0.00687912287060253 0.198626074868345 -0.0806627789963461
-0.00359785703234494 0.00641991419354904 -0.0741073136799657 0.00188710025847741
-0.00204523721517011 0.00342082691687687 -0.270491085990071 0.169883549616815
-0.00069041741189926 -0.00146127606474555 -0.432937233781918 0.364669533844294
-0.00301104272762496 0.0048420636465206 -0.480770419215805 0.52417298196552
-0.0227364647756194 -0.000767923420117276 -0.509462905110368 0.592571330751691
-0.0303050232925724 -0.0263072615757736 -0.437942987266389 0.527743703590706
-0.0265096238047029 -0.00898829003612434 -0.324586058059126 0.411448197270275
0.0191561953295133 0.00279765238075921 -0.267226206792072 0.2934625411006
0.00737061862491423 0.0340348123253019 0.323875073196365 -0.0807156321165316
0.0136540916659099 0.0159391433566962 0.385178710383841 -0.259454935643683
0.0190143275085102 -0.0308219129255317 0.564871519570016 -0.0303344220096324
-0.0181551787930716 -0.0135532554541321 0.837446917569231 -0.0744882816138998
0.00577920983847519 0.00130607941323295 0.730779581442001 -0.192446157494448
0.016436173644935 0.00430034800726834 0.478733534536126 -0.174808605689155
0.0195630224354626 -0.00208571167957935 0.204303698133695 -0.0788075096872824
0.0194745954478835 -0.00637141818395187 -0.0732361397882518 -0.000475083341245885
0.0205614342289241 -0.00972543910568542 -0.267663835929228 0.169566729434691
0.0202377117913925 -0.00793548363546344 -0.425956140496893 0.370019611098119
0.00681260262209919 0.0138076971002914 -0.473442046887728 0.533579331632254
-0.0360493771044061 0.00925088730328722 -0.49979100321402 0.600766875066214
-0.0382855669787304 -0.0371326163075618 -0.425822795863147 0.532106303971606
-0.0121590661244813 -0.00492622701119417 -0.319085323662218 0.4170646480658
0.0224232586016819 0.038459174003544 -0.270071258158664 0.287983842704369
-0.00465321494251645 0.0634574196558797 0.321687505727191 -0.0983693839038648
0.0242537555790384 0.026535747712079 0.376546985175902 -0.256763541546697
0.0177526059550197 -0.0433590333399559 0.572012037904495 -0.0575125420197662
-0.032123322534242 -0.0140097255753927 0.822417292620213 -0.113923005069431
0.0111603083114076 0.0125205848295453 0.718880327086655 -0.20826505560376
0.035256417810785 0.00407658289042772 0.482619541581457 -0.181206431710906
0.0406939246793361 -0.011280853509455 0.215998917813165 -0.0854403331933684
0.0405150043917435 -0.018569569497769 -0.0646091003489221 -0.00817108117966076
0.0399150065361746 -0.0220039479554634 -0.259715208371965 0.160314406578452
0.038105633046588 -0.0137098328382475 -0.427351062541624 0.358041833697628
0.0144724031313471 0.0229254786645806 -0.48903679037658 0.523904866849353
-0.0500831149335548 0.0160795495255956 -0.527470605992468 0.585737677145577
-0.0435156898077598 -0.0495270897789353 -0.441466753566005 0.511367487999602
0.000987977189264834 0.00135513749571725 -0.326927679866881 0.412774121146123
0.0216317846443748 0.0677871290961935 -0.279450101190117 0.274746845025185
-0.00857405195732988 0.0831034913296674 0.313976985143145 -0.129150369687659
0.0307810271907145 0.0302923984921885 0.361314422453768 -0.263998588130551
0.0106909069996952 -0.0510155208880226 0.577067301654655 -0.117578004702281
-0.0432856250524079 -0.00934602242603035 0.79004450165109 -0.199287248093248
0.0144901511498106 0.0184923842117058 0.695019648345092 -0.258839108242522
0.0488627620911486 0.00223860693148977 0.483463019595446 -0.208497652767007
0.0552220496494055 -0.0198343478891358 0.231398691010116 -0.0991718347402358
0.0559301791402516 -0.027938982351683 -0.0488149509011302 -0.0188673770114172
0.0550293336445273 -0.0295607210397163 -0.248525820609476 0.143149004819327
0.0519778435641403 -0.0155572958481437 -0.431649365179952 0.330841876761402
0.0168509877012606 0.0304799628078971 -0.523199763037099 0.492898821183397
-0.0640710743220813 0.0163438979826531 -0.584563774906474 0.545095283303508
-0.0447764750479736 -0.0627872528720097 -0.483261837347865 0.464709071651683
0.00956120311041576 0.0101147469429665 -0.340045342360531 0.397218081199182
0.0129584228404599 0.0892873394690344 -0.290702487080017 0.257634520931373
-0.00584013779373375 0.0874630418029715 0.302425633057193 -0.164287076301917
0.0299052489620884 0.0249968964323135 0.346273895488891 -0.277018992385439
-3.20899279920052E-05 -0.0521753751947912 0.568526356003856 -0.20660007175
-0.0476200442987415 -0.00264419940371767 0.735596211922527 -0.305854089549237
0.0163441125846695 0.0190863587677724 0.654923380788319 -0.328704319180559
0.054199822605648 -0.00459882097789062 0.480509468253943 -0.248200213984661
0.0606627779040447 -0.0267980494278799 0.248814210422154 -0.120489854219856
0.0631021319489182 -0.0328223902429356 -0.0290803525848009 -0.0321240900217025
0.0631675203552579 -0.032695565682208 -0.233953547093927 0.120677631904718
0.0589171112267311 -0.0120651587855384 -0.439015869987381 0.290487898786436
0.0151716981093745 0.0354052507849779 -0.570264310067492 0.439777300725098
-0.0744362387278316 0.00872004278337131 -0.661418388840906 0.473681714020089
-0.0389795638052223 -0.0711089023922783 -0.535035547630342 0.393710344974474
0.0104873301220678 0.0203934343105917 -0.361830645585478 0.370510465676188
-0.00244111335028459 0.0955172930411758 -0.304043300377923 0.23528424153577
0.00033733010741048 0.0775366571074105 0.28731587164647 -0.198035869588236
0.0215930696436592 0.0195028588969817 0.332152296782588 -0.295652408373007
-0.00992274651804134 -0.0450952870625703 0.541672035752055 -0.300989840232619
-0.0468305158015894 0.00266393402423092 0.661750664260208 -0.412788676791687
0.0150517456064293 0.0150763766685056 0.602846459421391 -0.401333984100141
0.0497032235331497 -0.0100455647322416 0.472271553938541 -0.294719309922972
0.0565887100138741 -0.0304806705534129 0.261264707464126 -0.145264000256287
0.0618638076706078 -0.031078000167191 -0.00779934039831733 -0.0462455016172719
0.0623739219496517 -0.0297933052862581 -0.215572322121741 0.0963649740363228
0.0564273021888821 -0.00680398388990372 -0.443413020068804 0.241383462955181
0.00741384832582799 0.0342749648342873 -0.617502194222978 0.373227556758085
-0.0762769839435186 -0.00341355256474284 -0.739752167971618 0.37853771271072
-0.028944775517483 -0.074262220119462 -0.583275844942918 0.304931306945921
0.00186358528852503 0.0283250778319838 -0.380136185929127 0.341118421616615
-0.0172130596932757 0.0865241336361467 -0.317362978400971 0.209395169272295
0.0365052648435835 -0.0675272796726793 0.324953644691288 -0.129681859664545
-0.0369389829200233 -0.0124408930303805 0.361461693844038 -0.302332887707011
0.00956841991772214 0.00903156396846521 0.551251354312453 -0.174744192189533
0.0220393996241379 -0.0174019785614354 0.776809688801072 -0.269160990549069
-0.0148237721665589 -0.0346879275446435 0.664291195996485 -0.333380329448828
-0.0421973057083512 0.00327144129292275 0.454766276176873 -0.249465776321332
-0.0418651330813386 0.0242899098591503 0.209740813253167 -0.106546009037507
-0.0442932091272486 0.0313416022780161 -0.0513701370985926 -0.00965404540361836
-0.0418366541571284 0.0253980462050826 -0.260084237586961 0.14182498916241
-0.0375801684142491 0.00820498208273914 -0.451569934844814 0.301678383518107
-0.0235622536268335 -0.0161978732294949 -0.546223556711671 0.447757306302948
0.000968742971510006 -0.0182271721169422 -0.614030056181322 0.505998266074599
-0.0187504378332491 -0.00513097629289578 -0.521202281355486 0.445769459010692
-0.0536607405104707 -0.0176298858770825 -0.352791781151743 0.363477960105066
0.0138822376857476 -0.0689944296849379 -0.282211195912989 0.281720047028538
0.0350872706842505 -0.0368404071409313 0.32719704130312 -0.100202377562074
-0.0179596864953385 -0.00982071638906385 0.377267797832018 -0.282958635447338
0.0106124845964973 -0.00354074210169372 0.559675249209707 -0.0962810997816811
0.011244505886026 -0.0126200247895199 0.815897220792886 -0.166609497619822
-0.00588197564164642 -0.0246262961815304 0.702195980503878 -0.260860892675977
-0.0258604728621019 0.0010458679815347 0.462543804101767 -0.211664992353958
-0.0260974826960851 0.015952608017849 0.200794919353228 -0.0904004118860639
-0.0266606158307014 0.021004134656244 -0.0667649584011689 -0.00110501736716601
-0.0227549043028524 0.0173316068124438 -0.266829881637721 0.160000797976095
-0.0207343748134075 0.00460299892198195 -0.438482081504829 0.339666896781878
-0.015057978862763 -0.00521059356317868 -0.504081338081286 0.497366555744147
-0.00979215901611628 -0.0112198091744751 -0.544472832565278 0.562171156738304
-0.0236526929336644 -0.0148664766075273 -0.466955023988667 0.500005201192337
-0.0407284198592199 -0.0116298842928888 -0.334970968582986 0.391977236045836
0.0148644511662388 -0.0341947651128141 -0.271258700298325 0.292959127454719
0.0234902762755016 -0.00182635693660817 0.327439406960809 -0.0827680238617644
0.00039241406915195 0.00181570173302062 0.384877023554884 -0.269232064548431
0.0148494149794021 -0.0176724859609835 0.558096314164601 -0.0463302748246016
-0.0029092320213231 -0.0125053728878842 0.833504167425898 -0.0983238071334244
0.00139048959043045 -0.0113745989276159 0.720139391798871 -0.21181261123431
-0.00451173247383517 0.00151130429315177 0.470850053019712 -0.186815163877971
-0.00336605743114477 0.00769166974970068 0.197998696951726 -0.0822702511675387
-0.00340379927006958 0.00706431755452138 -0.073669626259567 0.00267427038749048
-0.00169640578789273 0.00313658156090557 -0.26808485350062 0.171603562678052
-0.00067624256077823 -0.00138177025936518 -0.428428994585739 0.365829198404318
-0.00422039924821539 0.00489736353803112 -0.476253239422149 0.524748383402149
-0.0218354892667478 -0.000960004069064583 -0.504144529288631 0.594694150785625
-0.0299731276477278 -0.0256597234499611 -0.430771057884849 0.526858036805109
-0.0263103025488203 -0.00820781208975652 -0.320234789023494 0.41163778608138
0.0201249400846405 0.00219184464360422 -0.265856386122494 0.295508579932199
0.00801491553609201 0.0341297673699153 0.324522221230024 -0.0835170548603684
0.0142764816529185 0.0160757728816146 0.382678677247552 -0.26110718267834
0.0182942821299513 -0.0314221464099595 0.563907082725422 -0.0329066206906983
-0.018121087254633 -0.0131844627315759 0.835453731177967 -0.0806676241835263
0.00628849436478175 0.00161814641660982 0.726855055750419 -0.19413314642386
0.0161220223530801 0.00369133063371045 0.475102175300229 -0.176985105466328
0.0199559342642298 -0.00174176591549479 0.202906396803756 -0.0798624270804041
0.0193972724987767 -0.00578735261834565 -0.0729994391763601 0.00076534388017454
0.0204550949187558 -0.00995940449322763 -0.264105911050487 0.170852296161013
0.0192050260139923 -0.00830340789627951 -0.4204753482011 0.372800599464486
0.00633332737841666 0.0134614916598114 -0.468302021989744 0.535563775853357
-0.035382552151049 0.010188816896989 -0.494562306511078 0.602129127295407
-0.0388357944487637 -0.0363913967209685 -0.41977844117437 0.533332619214292
-0.0121639332611521 -0.0043485789446945 -0.315668982330381 0.417559326260361
0.0231753399750966 0.03792563261712 -0.267944978087538 0.289011910803231
-0.00427425532021719 0.0638198556508169 0.3201985856358 -0.099325105667577
0.0251643930099051 0.026246878892236 0.37343654289628 -0.258269131174546
0.0175278892766358 -0.0433515151013957 0.571253479440356 -0.0584496900507349
-0.0326512464319182 -0.0124154941979791 0.819244073583417 -0.118841778469817
0.0109034815432626 0.0117916922965857 0.714778756802356 -0.213110719382735
0.0357989465078722 0.00433499569495089 0.479261028404521 -0.184621860964254
0.0406230033149156 -0.0113012192845658 0.214437436976338 -0.0867393319844309
0.0395005106625084 -0.0191589639112519 -0.0637343750168917 -0.0063698872202827
0.0398614464905563 -0.0224089552407033 -0.257129370544723 0.162107139306662
0.0372037611299415 -0.0138135963882344 -0.422843490781534 0.360294583900729
0.0142432909508224 0.0228074672296803 -0.48145019178877 0.524068536188387
-0.0498977621496277 0.0162702329625399 -0.52068859879668 0.588813512131536
-0.0450036209155789 -0.0485033983371382 -0.436199599242079 0.511971512516618
0.00074441541748483 0.00160277730602563 -0.322501513800704 0.414247963090985
0.0229090797746762 0.0674867092514062 -0.277046100726122 0.277029482548437
-0.00819471025117008 0.082934585823145 0.312178424698506 -0.130330639633139
0.0315472356070465 0.029729283481744 0.35944612985946 -0.262841924952878
0.0104516818635559 -0.051736563109201 0.574574567275478 -0.120629224702149
-0.0431227306999328 -0.00939582899697843 0.787890847325045 -0.201594764529417
0.0144375640634685 0.0183975535103651 0.690706912489709 -0.262869505713513
0.0490315865719362 0.001535726775306 0.480590087470244 -0.211315860303586
0.0548708782318263 -0.0208905709242634 0.230779166832443 -0.10035817046108
0.0559609101966479 -0.0286306491751591 -0.0486958302926764 -0.0180849681670258
0.0549696040984451 -0.0308294981720853 -0.247173000319079 0.144372966627024
0.0514686130797665 -0.0154401891585832 -0.428666823842991 0.332985206665816
0.0185485533971268 0.0292927900511655 -0.517362892107737 0.493056242621687
-0.0635735031059944 0.0166002651829588 -0.579639259946658 0.547167943183101
-0.0452909274702717 -0.0615154736169127 -0.477263552736866 0.468756263879437
0.0100148829316062 0.0103906688533268 -0.337287686718203 0.399621604517405
0.0138503819584196 0.0884227933421517 -0.288795831202152 0.259513552442937
-0.00428687591109182 0.0868969398068072 0.300719223293496 -0.165777732455725
0.0306482203732369 0.0252810914673399 0.343535874192214 -0.276106343876161
-0.00020902480716297 -0.0515827257998348 0.567493091290292 -0.208921221711561
-0.0483534006541102 -0.00178100120136961 0.730456973981047 -0.310089552712523
0.0170150876226899 0.01909575583234 0.650350122047422 -0.331261038699966
0.0534665761355723 -0.00482063805717527 0.477030627828344 -0.25118012454493
0.0609620779355595 -0.027266886626982 0.246346466899501 -0.122124498043693
0.0634117193573107 -0.031865727554585 -0.0290272205251938 -0.0314125788949246
0.0622167612591461 -0.0337910096486133 -0.232073051501131 0.121834309141747
0.0581918607521802 -0.0115768954492189 -0.43506388054209 0.291302483275519
0.0148955025448964 0.0348209045511916 -0.564303741050294 0.442259535723768
-0.0740006171877059 0.00947792766992947 -0.655602274477232 0.477759416922403
-0.0392322155437161 -0.0711886995259745 -0.529032716434989 0.397231526779799
0.0104257059396559 0.0204318032622218 -0.357949585199148 0.371998053433018
-0.00141596257498062 0.0952901233015732 -0.303037677415997 0.237433272045356
0.00105157751886285 0.0770834351760472 0.285922810416917 -0.198539457415231
0.021538025536934 0.0188883036521299 0.329694858760922 -0.295323387920491
-0.011011280977519 -0.0458947912492488 0.538974397810392 -0.302634294134717
-0.0461327807386229 0.00276174596745617 0.656553684411487 -0.415376577901613
0.0149123081663913 0.0141679380753448 0.598978767911067 -0.402164114607363
0.0488027390796892 -0.00982300947498599 0.468488270316011 -0.297269364590978
0.0564533033813948 -0.0299950608317263 0.259207330996142 -0.147106013125992
0.0612318157956268 -0.031718780126144 -0.00650002860173785 -0.046054003406162
0.0614497956872103 -0.0301907907640485 -0.214093426336181 0.0986200929385024
0.0567385854442198 -0.00740943365954882 -0.44078182133913 0.24360573281064
0.00721351592500607 0.0335722632825006 -0.613174764529555 0.37488284160188
-0.0762854883422061 -0.00287375645258117 -0.735332218993403 0.382478188006528
-0.0301183915679654 -0.0737899847876752 -0.578171319998826 0.306514237341956
0.00259458428450295 0.0294723328859079 -0.376286606256968 0.340579564341015
-0.0158799432414841 0.0852727850683649 -0.315238201029494 0.211472177790035
0.0355963583206016 -0.0680392916781126 0.323207744782372 -0.131704151355486
-0.0364753610405865 -0.0123269021501848 0.359381428220708 -0.303325707798852
0.00817938343840188 0.00902799478271112 0.547506730927887 -0.176587573127719
0.0219570699397906 -0.0176433588318615 0.770176814184507 -0.274908134838965
-0.0145483748551553 -0.0354452677093029 0.660323310804748 -0.335576903955118
-0.0415071345879051 0.00331638487427882 0.452092356120196 -0.254108588428585
-0.0429503054253304 0.0246485351019772 0.209162472393076 -0.106822077689039
-0.0442319767684571 0.0313697847282413 -0.0518982939778307 -0.00889536660275363
-0.0410907280393679 0.0257101229952834 -0.25779665193683 0.142666518016789
-0.0384546503256631 0.00817313963214074 -0.448164679915739 0.303735157549386
-0.0251483196021469 -0.0156751443285968 -0.542741342705757 0.450380429688351
0.000984528885189039 -0.0171136587357252 -0.606925066493481 0.50974731693082
-0.0191177424050371 -0.00514489009193007 -0.514896986686082 0.447233800411847
-0.0539688409679642 -0.017014426819764 -0.348903607728322 0.365811818072991
0.0141670290696812 -0.0694493010308986 -0.277776289548564 0.283711857274768
0.0354460955728643 -0.0377196232958018 0.327081131133354 -0.100338397702366
-0.017368941129884 -0.00900343775740604 0.374622759222132 -0.283030366424862
0.00929903141002766 -0.00407226473326096 0.555860784910502 -0.0985609481064257
0.0112048620095784 -0.0127056670423587 0.812846342956042 -0.169075641057056
-0.00581353846105566 -0.0250689249738226 0.697222453279687 -0.265012878964541
-0.0255375863197644 0.00151714471184459 0.460793695598367 -0.214799018832028
-0.0251999423765997 0.0164657369604524 0.20026543263491 -0.0909124618816201
-0.0258787931728758 0.0211284123130482 -0.0646715910482531 0.000464120013858575
-0.0220208160358451 0.0170850506067942 -0.264421530088663 0.161521659534145
-0.0203748307434145 0.00489875585799762 -0.434600424574799 0.343694087481224
-0.0147417091989603 -0.00421938751641033 -0.498921838839953 0.498137316864665
-0.0093066388923119 -0.0106754601145523 -0.540097209452152 0.565131035518667
-0.0236036501046581 -0.0149824816867944 -0.461532127179278 0.501872205862915
-0.0402363313766051 -0.0118595452277442 -0.331011557470971 0.39296625041163
0.01579929775557 -0.0349384849266043 -0.267505004061529 0.293596291906698
0.0239408605625495 -0.00256042457893384 0.326320594944905 -0.0835071835151993
0.00120435337274814 0.00173199602328221 0.381629588426131 -0.270144001236645
0.0139258130763054 -0.0174593509485159 0.556858774532769 -0.0485927328060259
-0.00327597047633931 -0.012228170826041 0.831135282295249 -0.101883692705059
0.00145664506944947 -0.0120640869935834 0.716278099560362 -0.21577597172063
-0.00527874717760711 0.00190034044809395 0.467443830127202 -0.188935384902968
-0.00333866018935802 0.00768724081685248 0.197173114459013 -0.082398278709463
-0.00356262409642141 0.00773997237390028 -0.0732190431831336 0.00374341835876676
-0.00149114358290881 0.00393111283360414 -0.265469786981449 0.172857044834734
-0.000639838971445001 -0.00110715027876689 -0.424584942662287 0.367101677748028
-0.0043959164788765 0.00481784066134086 -0.469608957407358 0.526713587536385
-0.0224181329630673 -0.000261394464873239 -0.496999530917461 0.596498079153207
-0.0318420461196886 -0.0252089222108863 -0.424408574541204 0.531666847379082
-0.0253643846435206 -0.00731007663390835 -0.315234089140787 0.413135244734473
0.0202334761952139 0.00223634287431383 -0.263330165732541 0.297182425336531
0.00812584486705969 0.034468339315607 0.323501975357158 -0.0829551084374053
0.0150544042914075 0.0170110252639118 0.381105820157006 -0.260832928631775
0.0175183284215305 -0.0318555206012321 0.562699983172465 -0.0364098292111114
-0.0183701539648139 -0.0137850534919143 0.831852961055531 -0.0836690462299101
0.00679420854427959 0.00074208630438198 0.722733279334749 -0.19868556386815
0.0165119878246716 0.0039572608659319 0.472670475781551 -0.179854889960251
0.0197257861773504 -0.000844029097327774 0.201442647336281 -0.0813839855117696
0.0191437443870132 -0.00721529264629611 -0.0727078119258296 0.00126562840016199
0.0200746175940958 -0.0101472417177304 -0.262650336234785 0.172363717402833
0.0185440104629972 -0.00890736105881166 -0.41659595206166 0.37409660084074
0.00709720970951859 0.0136502110472733 -0.46279746043015 0.535301027730959
-0.0358847667461013 0.00894594038529238 -0.489120974631887 0.604647540193586
-0.0385464101763622 -0.0362443040994778 -0.414436681408386 0.533038631588236
-0.0109546935611136 -0.00399768093551603 -0.312381093480866 0.418528442224682
0.0238254842421262 0.0370350411475924 -0.265382261106084 0.290605345187577
-0.00439501329591511 0.0636624856815537 0.318606221177863 -0.102351374753016
0.0260220214249058 0.0267571538046059 0.371247995369359 -0.258692404627617
0.0159923792079739 -0.0437939740340247 0.568237241883313 -0.0606476687398564
-0.0334199435264444 -0.012950811519876 0.81579646137118 -0.123747763538072
0.0116428839554977 0.0120946870623022 0.711675773132468 -0.216154378777743
0.035748237406407 0.0036475185340161 0.476464252192531 -0.187149133692104
0.0397965088748261 -0.0116867027470412 0.212483411386457 -0.0870199567075225
0.0404033590012974 -0.0190086942502127 -0.0641673073771923 -0.00541147828257911
0.0396553277674911 -0.0227754197269654 -0.255269058485098 0.16343710017119
0.0366738388791604 -0.0134819552308796 -0.41824642468225 0.361362159294023
0.0141867313570643 0.0222934324522998 -0.478226447006377 0.525112053506277
-0.0493043310109622 0.0161691547228998 -0.514661652595688 0.589003354226716
-0.0448475280172728 -0.0485801325867153 -0.430579069266744 0.511784853656977
0.00195255033868373 0.00223313477908635 -0.317800161377715 0.41275601685133
0.0227592596443592 0.0674040745730687 -0.274434724095411 0.278133049173401
-0.00702567770341667 0.081972471357821 0.312484054763727 -0.131367508288708
0.0317623360603267 0.0288465186232941 0.358083948334679 -0.265170489030128
0.00987141056344377 -0.0511730788552497 0.570418289364762 -0.122473182565903
-0.0434249529731663 -0.00810922516810595 0.782482368778129 -0.204170091031024
0.0152953964783249 0.0177012888193439 0.68587645077897 -0.264859997475712
0.0486914330754685 -0.000301410499871612 0.477829434844169 -0.213470638389424
0.0544554023124134 -0.020072718943464 0.229330093136024 -0.10125132985488
0.055094669021073 -0.0286831149582133 -0.0485252519750272 -0.0177018557639145
0.0550470965170467 -0.0318466218155625 -0.244513731720892 0.146187700453388
0.0500913983714378 -0.0160447277160384 -0.42265883323853 0.334533433926094
0.0178061458968553 0.0301090373922435 -0.51463563487909 0.495415602771512
-0.0628659758030265 0.0160148267883467 -0.573207518061878 0.549891407708063
-0.046050465715905 -0.0612020518270189 -0.471223614055793 0.468447033427837
0.0109515673343668 0.0106627652974368 -0.33285625487285 0.398556492518633
0.0143612368854425 0.0866035936267477 -0.287481434477492 0.261408924790713
-0.00322383036521461 0.0871463343899084 0.300904757880259 -0.167042514095524
0.0313002482252368 0.0251447874431341 0.341177839186594 -0.278133144919595
-0.000744939276152069 -0.052020844722723 0.560886532609504 -0.210360870189402
-0.0484377886078071 -0.00157896325569711 0.727086150477404 -0.313131906561409
0.0168638698833304 0.0187989114778098 0.645033733440609 -0.334513001947643
0.0539739931939965 -0.00523500799919237 0.47513356307426 -0.252852761370607
0.0595698687074564 -0.0266949528131297 0.244153799759372 -0.12197047984408
0.0627819086865122 -0.0320835975495506 -0.0297550704559013 -0.0309716808088048
0.0626903227174152 -0.0338490565030927 -0.229796886841964 0.122745936484014
0.0572627522761626 -0.0131810985298062 -0.431057722160337 0.293945131753516
0.0154208747815995 0.0348917147078705 -0.560219455858236 0.443119992411677
-0.0737935926149999 0.0101582412884948 -0.649191725898237 0.481403770205433
-0.0403973592966906 -0.0704552718571576 -0.524273684509945 0.397630043419537
0.0118926877900193 0.0212344088781321 -0.353080045948251 0.374362437290701
-0.000237077443791232 0.0936536053487818 -0.299985474561643 0.239847286591593
0.0023794105796229 0.077447173591269 0.283849297218533 -0.199954536412762
0.0224936196475965 0.0191239581008207 0.32816414530783 -0.295863229909597
-0.0106895308127986 -0.0451372798927768 0.53354368827146 -0.303984441682365
-0.0465233855335441 0.00316933599962979 0.6514355009082 -0.419968837047952
0.0157446988191155 0.0139936557707623 0.594372053842552 -0.405812049883884
0.0484343375165931 -0.00982952483921999 0.465065759418987 -0.300572469753481
0.054996259729466 -0.0303901431527727 0.257551368269719 -0.148011960940054
0.0608851326642582 -0.0317322547727022 -0.0074845768500973 -0.0457324951666249
0.0615011438656893 -0.0309678627959984 -0.211712064812778 0.0994666730535149
0.0557076407474577 -0.00764255523631457 -0.438024561221256 0.2459574819258
0.00712557966722594 0.034178242833468 -0.609000357888297 0.378207876813265
-0.0757375281020844 -0.00258736131370838 -0.729417013505577 0.386186013113867
-0.0300677505258859 -0.0738379795137361 -0.574657986477055 0.310852721476417
0.00399745996859142 0.0289782438579693 -0.372547813132459 0.343298769677769
-0.0159295815677972 0.0843174568075523 -0.314434332644521 0.211803755228131
0.0356211816637098 -0.0681091858153006 0.32220418029377 -0.132801801612018
-0.0352680555322697 -0.0107361158177345 0.354614254119948 -0.305073300802668
0.00811542631653885 0.00897325225819172 0.54537721725723 -0.17626716426054
0.0215443593023344 -0.0179374893024976 0.765024439912331 -0.276663550455632
-0.015473803832587 -0.0358396844057 0.654857718260125 -0.337403098266012
-0.0420574229164645 0.00358451646390737 0.4467549893558 -0.255452852564703
-0.0426117957707047 0.0263034353539985 0.207543538951098 -0.108470603591779
-0.0434170514995213 0.0320721631988526 -0.0508230082964042 -0.00688536442295333
-0.041162466731441 0.0267903384476663 -0.254781511424367 0.144584010393154
-0.0386829659050319 0.00821737793761161 -0.443837838465975 0.306373775110101
-0.0242401411522168 -0.0151936085235366 -0.537050641694989 0.450533579394738
0.00105985219827646 -0.0180758422440378 -0.602445564073429 0.511046223839348
-0.0189074744654649 -0.00486767815284539 -0.509558086847794 0.447465592372224
-0.05334709811381 -0.0166065047281862 -0.345272390604013 0.366176736795938
0.0143879358803198 -0.0689929647572618 -0.276388890970307 0.283308918005881
0.0343215937728498 -0.0377648852649923 0.325335246394754 -0.101711308696063
-0.0159837810877681 -0.00795012069491112 0.372355725317825 -0.28400425361554
0.00975913690566695 -0.00402558052453983 0.553228603013068 -0.0999905149482108
0.0107966435697467 -0.0134041032019329 0.808199619053962 -0.173888431890891
-0.0052038705631266 -0.0255361192015111 0.691450371430601 -0.266807425122916
-0.0250074347397445 0.00164629275937166 0.456260004316047 -0.216719000466763
-0.0255861427483311 0.0173009143945505 0.196786901310889 -0.0917363880158453
-0.0263155212026111 0.0213641582056862 -0.0648867494211988 0.00145214401778951
-0.0227084909691507 0.0168573909356096 -0.260697362709716 0.163220929426362
-0.0213486765782263 0.00586195437831688 -0.429000758092564 0.344995688806031
-0.0152646821680055 -0.0057605725846272 -0.492725149471321 0.499123493649678
-0.0099814687258736 -0.0107999183955573 -0.531724844420577 0.567398803441033
-0.0246169654609215 -0.0142182452240921 -0.454510668676962 0.502612830983812
-0.0388659299227538 -0.0114675416172892 -0.326581333404777 0.393238530268161
0.0159635885205274 -0.0350906446251348 -0.266196181732522 0.294024940157599
0.0238059277418273 -0.00230884168798178 0.324965657782415 -0.0844169972829777
0.00224274876605265 0.0022819396514644 0.379493344223107 -0.270972247054636
0.0136066613588993 -0.0174039382674347 0.552833020911205 -0.0524483649871137
-0.00293186096967265 -0.0121469746894056 0.825406320793006 -0.10460248167076
0.00162813090045724 -0.0119841965235207 0.710867559318368 -0.216495628671438
-0.00451711371585372 0.00145059073351941 0.463801887363332 -0.190823527792716
-0.00404542054170281 0.00815759971840639 0.195945164156386 -0.0829338823829304
-0.00284184161082625 0.00759056400477637 -0.0732308744885415 0.00399863177021287
-0.0011150789383149 0.00449980168061241 -0.263004818295471 0.174053380675662
-0.00149457500774055 -0.00119298744053863 -0.418843955619269 0.369794112971892
-0.00443888352550927 0.00467130365267951 -0.464348827128217 0.528653090633626
-0.0220857310886436 -0.00064799954663239 -0.490069547937317 0.598844441455624
-0.032094291857075 -0.0246371863315493 -0.41778122881146 0.531263736489622
-0.0255094491450405 -0.00708289785753363 -0.313183082646494 0.412448276761546
0.021037441427148 0.00145583203980206 -0.261978960561153 0.296048822424424
0.00872317606711351 0.0334861794431169 0.32183333162797 -0.0848261201336256
0.0151782928453215 0.0176121080160037 0.378789218881711 -0.262217462628692
0.0167126834340979 -0.0315039419819499 0.560196715866891 -0.0378455797572528
-0.0183339778707704 -0.014239453010049 0.827019614828929 -0.0873144527363388
0.00681543820639146 0.00157550795836589 0.719059321166479 -0.202153534845649
0.0166441660091589 0.00363128541526369 0.46926172812203 -0.181259049290439
0.0187838728512928 -0.00184118129438504 0.199799096174887 -0.0813965088322764
0.018855212296591 -0.00652872486942652 -0.0716507097950862 0.00212744877889346
0.0200131968658696 -0.00994973289895699 -0.259698782621092 0.173865180787996
0.0187296146443624 -0.00788038332340464 -0.410794703227246 0.374609822198897
0.00724743730624013 0.0128092668586989 -0.459059492000213 0.537187900761082
-0.0356903259205626 0.00975517052464934 -0.481182292577937 0.606709122564836
-0.0399493363703599 -0.0350426322547941 -0.408187959788423 0.533107919433292
-0.010880731595444 -0.00359083105679789 -0.307279386231347 0.418721910237204
0.0257537935195258 0.0360459567810707 -0.264269759263042 0.292254755573605
-0.00382264139661587 0.0635456398844144 0.31725623925264 -0.102301336275035
0.0267958309636007 0.0271728535058072 0.367348126870401 -0.259501597274211
0.0160407244299327 -0.0442928872824588 0.565844182424071 -0.0636378215307463
-0.033157103756245 -0.0126521744995823 0.812358427968543 -0.125976144724644
0.0110361914562513 0.0118915551396148 0.705432445653826 -0.217664425158532
0.0359167233361467 0.00378101001075411 0.472271700444117 -0.189864426298873
0.0405324455895285 -0.0107491369607091 0.211067319821535 -0.0885609716511208
0.0395908786536895 -0.0191645443680004 -0.0638342598192371 -0.0042800015745535
0.0398642439217481 -0.0242289520618958 -0.252260606189557 0.164084954833233
0.0362519832830671 -0.0139114901838015 -0.412886726909918 0.361681908844083
0.0148617138010975 0.0214389489505644 -0.473932946716848 0.527186735335567
-0.0495769019939311 0.0168270652031457 -0.507659104686069 0.593048502734277
-0.0458469952793529 -0.047836756691941 -0.424550317765991 0.513228754641976
0.00176359755797056 0.00233445017156484 -0.315317341008344 0.414292785208042
0.0241777054516046 0.0668932371877167 -0.272779507092156 0.282010339074172
-0.00600335897350837 0.0820391584921793 0.310591426402709 -0.132929614803901
0.0325080459453967 0.0290857066888089 0.352527216966814 -0.26701945974966
0.00965738179869048 -0.0515885643897068 0.568487357396832 -0.124499187138164
-0.0435895139777039 -0.0086969162692986 0.777426947055385 -0.209654790172933
0.0152533916112795 0.0182741930602379 0.681728754319333 -0.268904836775133
0.0484312304263498 -0.000185435121926023 0.473776510136648 -0.216207975117292
0.0536524513223135 -0.0208291223926589 0.227018619340502 -0.101530826530747
0.0552486681843079 -0.0281974842970659 -0.0491137230413047 -0.0163498044961191
0.054587389520439 -0.0310481922863888 -0.241868642358395 0.145839092809713
0.0504129366380658 -0.0154324417608283 -0.418609008671457 0.336364930960932
0.0183142856606077 0.0295682743060496 -0.506499035358951 0.495189128300366
-0.0636222811205712 0.0170924551027624 -0.566800245362937 0.551983481661046
-0.0468945712927214 -0.0609117298969151 -0.466885093607334 0.46892005949553
0.010091493970144 0.0112330568747136 -0.329918785308057 0.399115827850268
0.0161477996845343 0.0865612312036576 -0.283819261112278 0.262709308049193
-0.00343788303155777 0.0875257040212098 0.297691174640043 -0.167519054702358
0.032248776028684 0.0240518470759046 0.337748437866206 -0.278538378496125
-0.00144270285438707 -0.0527717051575118 0.558767234732446 -0.212990329141767
-0.0483706619586895 -0.000981357579012289 0.72141219951464 -0.315306687998186
0.0167462679880573 0.0190462460188833 0.640787255885136 -0.335341647549832
0.0539917116004707 -0.00517330956236817 0.469423048883608 -0.255643963239181
0.0594488727559308 -0.0274933295156228 0.242573723840033 -0.12389845886219
0.0618660097478113 -0.0331885900185307 -0.0289990503100461 -0.0314740341815764
0.0617563552048181 -0.0332616790401101 -0.227726568622727 0.123508132669315
0.0576894900284149 -0.0128980199791761 -0.426282926746679 0.297075998511557
0.0152102905094591 0.0341461216203942 -0.552691274738868 0.446575427765011
-0.0737150694421372 0.0102315986185957 -0.645515681721733 0.484295184360145
-0.0411730881507644 -0.0706684541441256 -0.518525307292176 0.399677010161757
0.0128465583836985 0.0208029244341833 -0.350508060243415 0.373989102045703
0.00151257435094013 0.0936591565481805 -0.298687597791774 0.240881077860612
0.00233994842049267 0.0770953544932447 0.282204198886082 -0.200983547555512
0.0240650390253896 0.0195522242188942 0.324872278446208 -0.297588477598453
-0.011151601897436 -0.045471699087894 0.529516538442252 -0.306302437903633
-0.0465967518093087 0.00317223935779004 0.645588985618738 -0.420459286238928
0.0157797433977878 0.0135432205228267 0.587676537851598 -0.406893664020782
0.0491435559339517 -0.0114443935646491 0.459731361818252 -0.301203244750679
0.0547637348105034 -0.0300969203477871 0.254952222745002 -0.14854708462835
0.0602845258809749 -0.0312006873918633 -0.00747254955723298 -0.0441936113655751
0.0614143697412622 -0.0304131699013762 -0.210012238383274 0.0991388225801816
0.0567569451617121 -0.00771441432427425 -0.433125326849965 0.246511299108964
0.00934695767751628 0.0340040503815352 -0.605128780594773 0.377913635746422
-0.0762791500781915 -0.00248442310207888 -0.7245969067022 0.389968913674149
-0.0314810377135012 -0.073693024476148 -0.568946866045604 0.312062023215295
0.0049876653601506 0.0291700284315982 -0.368467375952868 0.34322603886728
-0.0141815798304933 0.0837086234608609 -0.313344143603994 0.21572265746629
0.0350343394109614 -0.0681749918263977 0.320410444843385 -0.133353553852992
-0.0349294259455995 -0.0111117046125693 0.3518601259179 -0.304750465822657
0.00752439057428572 0.00906652653260088 0.541523853415203 -0.178316972431993
0.020802931376412 -0.0177264561556352 0.760420886968522 -0.280756805209011
-0.0148014078890663 -0.0348673424742364 0.648541225682928 -0.340028928032594
-0.0411550533643131 0.0042223476863724 0.44407821432772 -0.256726649043372
-0.0430487575475454 0.0261904535621863 0.205733972717337 -0.108418294318612
-0.0431947836340287 0.0328907975493705 -0.0511625834685673 -0.00655334855738805
-0.0404281077532292 0.0272582880070816 -0.25206132142299 0.145366359426624
-0.0387929113995502 0.00794520588614674 -0.438559640081801 0.306652173913958
-0.0244123382214945 -0.0153090289602771 -0.530432312869773 0.452268310530426
0.000757328275361506 -0.017429841851081 -0.596536419661192 0.514191498772844
-0.0194647504390645 -0.00489406920258745 -0.503954863752026 0.449008629869823
-0.0533115223722859 -0.0156310391029354 -0.341790734204002 0.365271925731961
0.013661445717965 -0.0695570956762633 -0.273919120678265 0.283871631580671
0.0337785272057153 -0.0385309233986998 0.3239111148239 -0.103193241735713
-0.0156403170706327 -0.00842926069304344 0.368368411097416 -0.285466939087794
0.00883975558558098 -0.00398731410423985 0.548389816691461 -0.102015544520178
0.0103008372931301 -0.0129452573999237 0.803294190780612 -0.176457848082202
-0.00523525668683806 -0.0258353898075595 0.687065854525528 -0.26921062103715
-0.0251295806991543 0.00204520899153387 0.453232349539543 -0.219035324530175
-0.0255426451919838 0.0179524335126181 0.196834512381607 -0.0934000706307166
-0.0247952959565487 0.0208135666672618 -0.0657262188541978 0.00242400937714895
-0.0222135748610663 0.0177575357745541 -0.258834968263589 0.163827105394196
-0.0215842073720385 0.00568412145254393 -0.425701779654427 0.347310360882905
-0.0152872215332502 -0.00423362066476113 -0.487971695443682 0.499463857927774
-0.00927056934246128 -0.0109690214066605 -0.527128337362556 0.56941685881091
-0.0241601187549169 -0.0146480153542338 -0.448771918342999 0.502322450671533
-0.0394724728543183 -0.010258938842382 -0.32230979665196 0.393908859300883
0.0162485848493834 -0.0353041972604256 -0.262941810557203 0.295245698819832
0.0236475873335636 -0.00288640404554188 0.324280362252045 -0.0860724153838612
0.00255169253335617 0.00268452446336836 0.376468927713834 -0.271779260495638
0.0132586513020865 -0.0188761240575589 0.550812183010978 -0.0540246157915894
-0.00262817089977257 -0.0118065273158603 0.821722268814473 -0.108401386099844
0.00238393012662037 -0.0124636546606756 0.708442358944725 -0.219802312625178
-0.00462870252659259 0.00137639069363636 0.460235158457144 -0.193520545331432
-0.00447081995548712 0.00933199920518033 0.193926180474096 -0.0840614281611585
-0.00284862031758545 0.00724373528989103 -0.0721510924119796 0.00584297569790162
-0.00091788043068695 0.00471910195376931 -0.261081989351344 0.175474675719376
-0.000973012140002803 -0.000408133906114581 -0.412278314085226 0.369107602101955
-0.00348562522451018 0.00362975441453537 -0.458707040855193 0.528831473810643
-0.0214790033221532 -0.000830531439366374 -0.48396519628031 0.598816952756374
-0.0317298937353682 -0.0249640055824007 -0.411728519765068 0.531281737094455
-0.0247415350823985 -0.00670441382776215 -0.307982990030117 0.412035250717119
0.0210142138429305 0.00112730818444775 -0.258470327131506 0.297929712543553
0.00857369845596687 0.0326115825652576 0.321337549420254 -0.0860963047858777
0.0174686130565709 0.0162408483413522 0.3738539585328 -0.263333764022093
0.0171821520727867 -0.0319872047174428 0.556456097271884 -0.0388135193921403
-0.0184549074471239 -0.0134619597950066 0.821884016616406 -0.0923248363867379
0.00671987933725366 0.00068815677199102 0.711598815797476 -0.20372746984778
0.0173886445642157 0.00347229815024284 0.466434755858633 -0.183095474969283
0.0193733592286899 -0.000743644003669816 0.197678000920354 -0.0824501490312893
0.0186968363372845 -0.00709830080760987 -0.0709974998257594 0.00359315592721501
0.0209600171096739 -0.00992958000651491 -0.257998292223414 0.175106654374153
0.0186459749855768 -0.00788954677621427 -0.407345982090948 0.375675983755548
0.00659265678452309 0.0131041368493994 -0.450946145750169 0.536824829747715
-0.0355934497353965 0.00956258970917257 -0.474932743368658 0.608989189494365
-0.0400850508757861 -0.0351676482839148 -0.401495405741737 0.534543378574002
-0.0100975766123614 -0.0023951071326354 -0.304040751936616 0.418408592907953
0.0259049204500105 0.0354483450065705 -0.260327349222307 0.293324022149097
-0.00283159397522936 0.062615767074953 0.316571024534539 -0.104088213532801
0.0281489602097365 0.0261662168850607 0.364477292151936 -0.260794900027771
0.0163731955085417 -0.0436352533915016 0.562816755873309 -0.0650310271343862
-0.0331496748711475 -0.0119138769602645 0.806850979188355 -0.130923181193061
0.012437725984349 0.0113272435164866 0.704352255498401 -0.221638110239321
0.0360900416328932 0.00266533178010872 0.470533921848777 -0.190726445962268
0.039637068787191 -0.0109912328627074 0.209557643031522 -0.0884254630016593
0.0392228479167701 -0.019094710066478 -0.0638167618475794 -0.00291198309935277
0.0398024228751846 -0.0230210261589658 -0.25004362952632 0.164692273384736
0.0362253806652981 -0.0139728292899539 -0.408521294494201 0.364197050289674
0.0150691114979335 0.022065208454858 -0.467923675266081 0.527773865941936
-0.0485662986225737 0.0170464137725977 -0.501144861741759 0.592820545923314
-0.0472263609585096 -0.0473855444592205 -0.418200934234259 0.512995686134078
0.00309878002753684 0.0029786593797512 -0.309732141843866 0.41365713796185
0.0253336507335809 0.0658361112705027 -0.269307782533072 0.281413487813325
-0.00614228484544694 0.0818472660973149 0.308946332034663 -0.133770497522586
0.0333025995118396 0.0283057803354077 0.349570694201032 -0.265172379796771
0.00775463847558795 -0.0512772552465076 0.565460805644869 -0.127699618003469
-0.0438485786983754 -0.00807504799798018 0.771849293597461 -0.211229031654066
0.0156444265400088 0.0176162430416869 0.676365759528338 -0.271116930060907
0.0487437595046351 -0.000649827538244792 0.470588090959255 -0.217864130213697
0.0541141843474314 -0.0199748846299109 0.225118073606046 -0.103927976242686
0.054236713270756 -0.028849740028658 -0.0487066001804851 -0.0152462491684769
0.0538145490625808 -0.0323556594067592 -0.239714989813672 0.147631668275961
0.0502961970564037 -0.0162404326448108 -0.412722595972228 0.336636112586142
0.0181474851343108 0.0291302691710475 -0.50216898237707 0.497843488171908
-0.063423983317897 0.0183112704565886 -0.559346712099148 0.552727970222969
-0.0472820765714943 -0.0598749421783515 -0.461140046492557 0.471374086175665
0.0115318526072547 0.010778796783085 -0.325852074261181 0.399012490470035
0.015601000593221 0.0861357347053098 -0.282461533701959 0.263015445843974
-0.00288904595954173 0.0859956601314938 0.297076358910544 -0.168365162562138
0.0328658022536607 0.0246490736228755 0.335268220183838 -0.27844194968678
-0.00136087240050717 -0.0521322618229876 0.556479337017765 -0.21534331506614
-0.0485829582893154 -0.00134653136851472 0.716451773233084 -0.317229192840354
0.0182714900025278 0.0182217097254716 0.636038201318973 -0.338063187391793
0.0533291811421232 -0.00577628303805592 0.466228898294021 -0.257117792234057
0.0590633832990333 -0.0276102740609112 0.241047946522433 -0.125663069474304
0.0618257622588989 -0.0332299282771234 -0.0280699847970073 -0.0293692944095524
0.0619884378766022 -0.0341965629114334 -0.225533059043263 0.12454122524006
0.0566230984985432 -0.0133021526971977 -0.422163386926123 0.296105446372779
0.0147110488134857 0.034239803147219 -0.548638047007975 0.447844977790689
-0.0733630577646467 0.0117711766934773 -0.637113003867394 0.488243478820676
-0.0414671771330188 -0.069468390264261 -0.512152888068119 0.401324770655081
0.0132263979925556 0.0215470368832493 -0.345373066753319 0.372688898597243
0.00224668134054844 0.092591289951657 -0.296235713466552 0.241799448764026
0.00316002042243202 0.0763538886602619 0.28025677600214 -0.201112197325915
0.0238305326258085 0.0195042869064317 0.320676361079529 -0.296287090070925
-0.0110310555316805 -0.0456324674156296 0.526107049454027 -0.308092731320554
-0.0464007185895253 0.00433934319643511 0.639720379702614 -0.42128938728299
0.0162732440439154 0.0130888801360553 0.582142600204294 -0.409476434493274
0.0489905058384909 -0.0115510806506724 0.457686356929146 -0.30313106046337
0.0553565615128781 -0.030048470146766 0.253701882688236 -0.149353253095148
0.0602309049961485 -0.0318112743608057 -0.00614705872201729 -0.0444942205361976
0.0602742489632084 -0.0318357188237585 -0.208424505049803 0.100640007582926
0.0559896841884514 -0.00768523808481899 -0.429268393753015 0.248290149343874
0.00831251747213979 0.034032796074408 -0.598965117184468 0.382176380910822
-0.0755069963167357 -0.000869341473918234 -0.717415307384309 0.395394441789734
-0.0313987062889751 -0.0720921037174134 -0.562824907168583 0.313369813090689
0.00434949993026179 0.0293591942591178 -0.365002750345484 0.344915557821654
-0.0138341977762623 0.0827247569058632 -0.31115460740483 0.215926987086204
0.0347485017012966 -0.068351368481091 0.319855714083746 -0.134228828475301
-0.0344748108279362 -0.0104177112860877 0.349737779419653 -0.305329825552218
0.00755463797241831 0.0083587976673957 0.540267153703756 -0.180170427027945
0.021302930463418 -0.0182023629187531 0.753627972268009 -0.282726944665374
-0.0155214707592357 -0.0347490587761374 0.644879610171209 -0.341630935322449
-0.04160726431408 0.00459057377762102 0.439801939263445 -0.258826599253185
-0.0422038735564999 0.0262785734276957 0.203979979232952 -0.108731500750206
-0.0420030170187883 0.0328357428999297 -0.0503890598458245 -0.00587336598707046
-0.039948166662942 0.0275764443854549 -0.250252698544795 0.145778587374955
-0.0387223985605609 0.00849504553464331 -0.434899930374403 0.30717063816455
-0.0241731922833962 -0.0146749105404304 -0.528036387293809 0.452078859551854
0.000958639539698943 -0.0184941038005983 -0.590318389816478 0.515410909684729
-0.0195621760147228 -0.00437285683023704 -0.497078262664424 0.449239617575943
-0.0528633973251353 -0.0140082330437499 -0.336954680758326 0.366398709006391
0.0153841700735914 -0.0696114683882534 -0.272251783732865 0.285812399828739
0.0341128127385941 -0.0383102596407926 0.322825109736292 -0.103584107282824
-0.0153361326117558 -0.00817047096158015 0.36496335832502 -0.285781173997572
0.00934462598086661 -0.0042143548684292 0.547713489179546 -0.103015910898879
0.0102821563749076 -0.0129074534415011 0.798128794913949 -0.179314963706316
-0.00566113452329456 -0.0261228939334886 0.68125078314631 -0.270866575983619
-0.0242723914260469 0.00208995221949872 0.448759291235349 -0.22062595185103
-0.0253432045603343 0.0184533150949195 0.195235177213332 -0.0939399141942872
-0.0253017835159179 0.0215943198586048 -0.06392658717093 0.00218766351265119
-0.0216275599096881 0.017181803980005 -0.256615192190535 0.165673279793643
-0.0208329987007587 0.00591281555790189 -0.418690974992664 0.346537917417085
-0.015927927321066 -0.00463845153751419 -0.481449910856426 0.500468063019621
-0.0104811527757656 -0.0105195981277506 -0.520096064990834 0.570038596258943
-0.0249841456216862 -0.0136943500558973 -0.443369139529483 0.502673209069223
-0.0392306594081386 -0.0096284012986108 -0.318186290711515 0.393330317819597
0.0166550702501457 -0.0352211153925555 -0.260870003139397 0.29666909635808
0.0233154271652222 -0.00306239760125754 0.322626682677085 -0.0867701108239235
0.0032943918571231 0.00274361188652815 0.373890116360061 -0.272162649025685
0.0133812156517023 -0.0182266923253645 0.548129209084005 -0.0541420060665336
-0.00343118570629722 -0.0121513502202785 0.816672412566003 -0.111424935501047
0.00172984220665486 -0.0130146828516877 0.702103771123459 -0.222451182676931
-0.0043729602710643 0.00181312166001798 0.45644191058437 -0.196322372433725
-0.00375029514352324 0.00864573588034003 0.191579524441272 -0.084146804249314
-0.00296155870692646 0.00807724958279768 -0.0718679688508086 0.00660821901785311
-0.000900008144076553 0.00425585573467771 -0.257422811963545 0.176605462726755
-0.000541892745355623 -0.00103671289812578 -0.408157970737505 0.370609090197594
-0.00387684610511662 0.00494155152598828 -0.455441893053126 0.527993942308686
-0.0227554024889732 -0.000611282942033295 -0.477401439124688 0.601219638571368
-0.032177727388457 -0.0240408284255995 -0.405571221111937 0.5299963806873
-0.0243982461877837 -0.00642364035612842 -0.303990838208442 0.412003180771957
0.0221872805442027 0.000293209073240347 -0.255289469448484 0.297952892758193
0.00933796431214227 0.0319775317807765 0.320052815114132 -0.0877210762384142
0.0168678870937296 0.0160966783702034 0.372129756651849 -0.264315380230401
0.0162418646580002 -0.031451347474559 0.553158854227672 -0.0398159023856491
-0.0189553860858127 -0.0128064849375661 0.818193993024863 -0.0940749077793276
0.00811248853569875 0.00011264692122023 0.708316585067945 -0.207586125665884
0.0172296330422394 0.00370278025691913 0.461999318199253 -0.185882667115594
0.0190967728367238 -0.00117831499021043 0.196586869786544 -0.0837121862386282
0.0189430197549185 -0.0064166898023137 -0.0705801252727287 0.00423288123017797
0.0207063565053067 -0.0105699509496172 -0.254323576576453 0.176099100816767
0.0174974993429508 -0.00816915965235661 -0.401194890539217 0.37690489878846
0.00675794102402085 0.0132760349259971 -0.448099126260805 0.539411493542997
-0.0353232578244339 0.00953971607424046 -0.468738835927073 0.608813802179096
-0.0402414702646078 -0.035402348279223 -0.396781082933888 0.533771574054681
-0.00938063295014718 -0.00245555242603442 -0.299811091502286 0.41665970733995
0.0265987960391785 0.0342226567694036 -0.258830208174102 0.292959596561793
-0.0022284039494056 0.0626348146889377 0.315761348681145 -0.104893153329545
0.028405632619187 0.0262554175730422 0.362456681972954 -0.260781731148059
0.0158430999726276 -0.0437418901713578 0.560488761529689 -0.065735469462463
-0.0330492338471108 -0.0120986248044209 0.802660764995088 -0.132836023027625
0.0119897117397337 0.0110279675922183 0.697176915955048 -0.223168957615192
0.0362707193373026 0.00304865209217197 0.466760621689604 -0.194385869355112
0.0395883899140255 -0.0113733704674712 0.208348628268995 -0.0899352075412167
0.0387917773354181 -0.0195950226796092 -0.0631361660374805 -0.00269566527403669
0.0393013306212455 -0.0230430099786707 -0.247401530771043 0.165767861893601
0.0356722183784998 -0.0139128793863358 -0.403086217955281 0.365454122387033
0.0150849202749274 0.0212823087878363 -0.462941235928611 0.527604806092373
-0.0492792854541557 0.0177333993416293 -0.494222246332893 0.595295514714191
-0.0467016848754072 -0.0475484615837554 -0.413201018576238 0.513928131247303
0.00323702274757884 0.00285836975999586 -0.305045731085892 0.413188712689092
0.0260107430595893 0.0645998850619943 -0.268043643614934 0.28292194025204
-0.0059018906910229 0.0812165657625866 0.306953110166128 -0.134405302167543
0.0345113151752258 0.0279293481182684 0.347965947962125 -0.266048160566434
0.00813340150705369 -0.0520764542909045 0.561765751219962 -0.127470423234055
-0.0436824817698429 -0.00687154340619888 0.767898120383391 -0.214468465300859
0.0164084725633416 0.0170467779641545 0.672795273942964 -0.272756134808963
0.0489096604089939 -0.000783240635455268 0.466249227575039 -0.219580041782115
0.0533355418876077 -0.0189225538817384 0.223491090900341 -0.104059370356976
0.0536525594451761 -0.0289849378772072 -0.0477816222260362 -0.0147487867624263
0.0538311245203404 -0.0327917219428875 -0.237963931123897 0.14792201841845
0.0490256953563159 -0.0170061273394845 -0.407870703877133 0.336248729929537
0.0192576419858678 0.0295379567453848 -0.496089637690514 0.498172505042772
-0.0627684492896578 0.0183809229778041 -0.553687194020498 0.554168752457555
-0.0467805015660101 -0.0595402246836648 -0.454868788719002 0.470411512526455
0.0122388670540909 0.0109127863035856 -0.320791322297996 0.398414705326774
0.0170309347475073 0.0848550697825928 -0.279799970477326 0.264637424346116
-0.00224995839711046 0.0852420743473941 0.295925218935722 -0.170386394467803
0.0328766849823815 0.0244508202714242 0.332628579258652 -0.279359697752963
-0.00273952894985134 -0.0515116446496316 0.551846140054369 -0.215173048567547
-0.0485591956098511 -0.00111905131508509 0.711376968818244 -0.320082447694045
0.0176279187386445 0.0177612487698848 0.630356370802701 -0.340513509420961
0.0538563685799025 -0.00607100233245441 0.463246420713602 -0.25836584123861
0.0581275669908147 -0.0268941304516935 0.238399241946213 -0.12484342392369
0.0616220940414496 -0.0337547345016394 -0.0279502714599885 -0.0284220693030749
0.0612776346977333 -0.0354254354670383 -0.222403642883014 0.125657259846494
0.0573575339955421 -0.0134521725416282 -0.41728443266276 0.296906678552889
0.0155923815362698 0.0338207621950117 -0.54432640575767 0.448014014251014
-0.0725227181219993 0.0116963930741069 -0.632462684818106 0.490123767290289
-0.0417699160608652 -0.0692289662175554 -0.506961527056649 0.401997829359548
0.0138040458913655 0.0212101831743806 -0.341144570924866 0.374671969544754
0.00220308389828205 0.0904962661765505 -0.29629468170342 0.243261954098913
0.00330801337210246 0.0764772451084357 0.278736962015636 -0.202489290701317
0.0255528264509389 0.0184575198345907 0.318430206361442 -0.295619096671968
-0.0119170682337635 -0.0450791341908732 0.522382676431965 -0.308562082362259
-0.0464161462232176 0.00565284303261352 0.634518059143043 -0.422435690315467
0.016471245955192 0.0123087969066925 0.575836921811869 -0.408187533772933
0.0485863686863277 -0.0118593965836089 0.451869802569776 -0.305020252528565
0.0548952653380451 -0.0298555184575793 0.25113101607839 -0.149603571224676
0.0600697011549918 -0.0328711395285809 -0.00783850596208159 -0.0429878748258149
0.0607736599637352 -0.0316091763371679 -0.206027421901343 0.101849333919281
0.0548976058203032 -0.00786159924517585 -0.42436357766081 0.250950877332362
0.00831920901862584 0.0333748111172807 -0.594460557347231 0.382741240048127
-0.0748404483127387 -0.000554302430286795 -0.711812977668036 0.398919060445213
-0.0329531963375357 -0.071965589194307 -0.557087676031118 0.316767838750483
0.00637028101712618 0.0296257597973893 -0.359873148137332 0.343365115275984
-0.0125319788791915 0.0819687663032273 -0.309011785658525 0.217805563007835
0.0347397051070661 -0.0682417334912349 0.318827193141743 -0.134895924571859
-0.0339453744560658 -0.0100473277951733 0.345067347825126 -0.30456922049565
0.00741181561913858 0.00847515861528979 0.535980797007003 -0.180017224544656
0.0204686119821484 -0.0175825300588837 0.749858208867878 -0.285759346122378
-0.0160521424739618 -0.0349952217501701 0.639245104778969 -0.34299831332562
-0.0412919118355221 0.0047419804271641 0.43519201094892 -0.258686585980542
-0.0416497965070772 0.0273047007364562 0.202069363416064 -0.109259663199185
-0.0421446867008094 0.0330133439474884 -0.0497105353127892 -0.00495804822256268
-0.0388862051227299 0.028012298688011 -0.247249103379075 0.147307642502787
-0.0380064987035703 0.00958239760958364 -0.430072417580409 0.308849546036491
-0.0244022660739385 -0.0145450399558817 -0.522191546634381 0.452169793296072
0.000826887693458317 -0.0174768433270839 -0.581981210990482 0.516425540383972
-0.0195409287569582 -0.00403810655800172 -0.49360463840239 0.449619155163224
-0.0514831720554901 -0.0136319564881362 -0.33353131466642 0.365264584083526
0.0149257637194129 -0.0701380373093238 -0.269833947928085 0.286322168468374
0.0346048548766057 -0.0391435511001507 0.3215111293996 -0.104712150181603
-0.0144324033344635 -0.00816131287434206 0.362253544284026 -0.284856121317777
0.00873090512681294 -0.00379551259226961 0.544715634379075 -0.103996037162531
0.0102099258652698 -0.0133747982573371 0.793145214366916 -0.180964141270751
-0.00569756401208231 -0.0258006079677073 0.679002060576428 -0.273918531963108
-0.0250437262119646 0.00132490515368555 0.4455036144413 -0.22124181137422
-0.0248746592598297 0.0186363075522313 0.193119103626758 -0.0925734631118833
-0.0242202820075687 0.0213435296008053 -0.0635683005992227 0.00365505560105216
-0.0202139103251571 0.0181764363805267 -0.253651537224702 0.165191461100902
-0.0211183105532316 0.00608669053181086 -0.416721421118642 0.346806378172102
-0.0152481758913079 -0.00474070112908838 -0.478511489267146 0.498569149730329
-0.0100984934883389 -0.0112708598447083 -0.513191847186096 0.570206435473686
-0.0248717170607122 -0.0135269272605649 -0.438032636044526 0.503715639774525
-0.0383607490888427 -0.00859116986092489 -0.314923479309999 0.391789775452704
0.0166244056651821 -0.0361632124483106 -0.258914098095134 0.295617130739258
0.0245332548783979 -0.00320297735833238 0.321466433385219 -0.0873489903721964
0.0039826059769835 0.00301833239132984 0.370332123682944 -0.271039678584691
0.0125649462238894 -0.0184014132437921 0.546661043412525 -0.0549786710930165
-0.00397027130361666 -0.0120395082755358 0.810558801005431 -0.114901959300158
0.00142566428786177 -0.012544794056087 0.698334107893422 -0.22409991121452
-0.00409329170852537 0.00182117737536122 0.452609103054003 -0.196902689305855
-0.00399053292322826 0.00907090519112979 0.191178568370419 -0.0842040635715959
-0.00325451057089654 0.00774141853867073 -0.0714683335697346 0.00723607389123457
-0.000730131554612894 0.00449600300941653 -0.255565931914481 0.176274125685295
-0.00145091993072745 -0.000260047072555852 -0.403367032623753 0.372409372071505
-0.00366409866504978 0.00446447266236881 -0.449761761523336 0.528146972067651
-0.0225930141591403 0.000585629346555205 -0.470856613622577 0.601090200826597
-0.0327663112827185 -0.0236065625030873 -0.399593585124572 0.529992468647441
-0.0237782372863027 -0.00534413965252464 -0.300921913284863 0.411322618044601
0.0224580597784265 -0.000259514789238566 -0.254279265846079 0.299787419619828
0.00952087541518328 0.0331903375358907 0.318890120605011 -0.0887898553613018
0.0177229863220747 0.0164177361598664 0.369207643810075 -0.262740246282346
0.0159911480775924 -0.0323446143344695 0.550306764906033 -0.042636912764886
-0.0190756534318804 -0.012685239109738 0.81413229357565 -0.0976247151138094
0.00772498165109655 0.000312752963381936 0.704437755979972 -0.209058352840848
0.0173206509541447 0.00253042962353905 0.458881112734411 -0.186546082008269
0.0188772212866635 -0.00123952585989835 0.195345222618164 -0.0830032871486169
0.0189047086351298 -0.00609829154867734 -0.0700368432529304 0.00534457456881303
0.0211105920984722 -0.0107135487977984 -0.253486783072352 0.176302368367082
0.0181723215701225 -0.00891167649682408 -0.39765130273853 0.377099879621602
0.00786119436514048 0.0130704219589668 -0.442699289352922 0.538055537025825
-0.0347831070864755 0.0103311166589339 -0.461363530993667 0.608978086592296
-0.0414235264165654 -0.0339626343679163 -0.390672373972107 0.532886696887431
-0.0088375693654683 -0.00187059204507351 -0.295401128242889 0.417687711381075
0.0264123847615871 0.0340112506097761 -0.257123121503262 0.29381608242557
-0.0017696321753852 0.0621216519392922 0.314277393990991 -0.105790469337993
0.0289946831447083 0.0260835170687316 0.359715842592495 -0.261705691727386
0.0151139046611768 -0.0444182502657358 0.557698161920339 -0.0675339874837607
-0.0328333598130146 -0.012150996522646 0.797924853132341 -0.134792647129994
0.0122151966592381 0.0110201842485555 0.692628548263211 -0.225663390798127
0.0358006182035938 0.00247791380076284 0.462923272088031 -0.195208392241289
0.0396859859194416 -0.0105180125230409 0.206025913438267 -0.089289334702939
0.0392429311449846 -0.0193657242089548 -0.0619038343617352 -0.00182634718856784
0.0395933008073412 -0.0232768709285262 -0.245261730253471 0.166502697272952
0.0351569626595394 -0.0140600622178761 -0.397917802200842 0.365523318723628
0.0148619913761828 0.0210865991029554 -0.457587907176533 0.527530868434402
-0.0484227911774804 0.0183896411331539 -0.48776373143522 0.595492029681856
-0.047128424885475 -0.046605735916249 -0.408772512520724 0.511502153698712
0.00375958814751529 0.00259045947354845 -0.301845207777596 0.411109124902975
0.0260675253941673 0.0632438828076423 -0.265610003774283 0.283886686938265
-0.00481526900025457 0.0808825352950117 0.306940541318364 -0.135002167932565
0.0353319283289318 0.0288053565532297 0.344063773907672 -0.266695384981873
0.00777030731477058 -0.0509254227996285 0.558986553483387 -0.128334428649892
-0.0438181820422583 -0.00649417720279263 0.762981471477967 -0.215167624924421
0.0156454800348367 0.0168960405036727 0.668119524164566 -0.272648791391878
0.0494184395220198 -0.000658337199882844 0.461185705019792 -0.221392425001309
0.0535880906717823 -0.0194667583679447 0.221039030894635 -0.104208973772619
0.0541777058532455 -0.0290515274362034 -0.0476131072175966 -0.0132930476633616
0.0535221254931633 -0.0325564376245573 -0.234506668079961 0.148057029593947
0.0488358755758751 -0.0156127895802872 -0.404193056932181 0.336278146116397
0.0187528439469224 0.0286440991733507 -0.492257354315378 0.498827688684131
-0.0627086592946192 0.018633515195791 -0.54586188768408 0.556535991489119
-0.0472150366925839 -0.0586537710668422 -0.449438369183481 0.470012729293725
0.0136820891319144 0.0109047282785791 -0.316383384291374 0.399323451254197
0.017987059878114 0.0838009044677474 -0.27769823467799 0.266316193464704
-0.00229213972311538 0.0848887206301385 0.293950182894602 -0.170664261815607
0.03457369107839 0.0237784191651894 0.330540577982999 -0.276924893161843
-0.0031360065989167 -0.0523981995055803 0.550183021645574 -0.216226331065001
-0.0486729267664965 5.52162100066157E-05 0.705856281416087 -0.319425839441132
0.0177392324736075 0.0174636661866178 0.624687645260605 -0.340549304870809
0.0537175202314573 -0.00670081371080535 0.459889743397699 -0.259648092209515
0.0589940601632406 -0.0265978526793438 0.237106881635704 -0.125592758391643
0.0613477193778412 -0.0340969479656337 -0.0281091156096437 -0.0289953227275255
0.0616568799058442 -0.0364970983572049 -0.220735839684024 0.12552213295884
0.0551689030270573 -0.0138962584363635 -0.412802755312685 0.297945666874339
0.01651313014106 0.0336693919091735 -0.537797393501833 0.449099849302159
-0.0728354782383891 0.012189624683318 -0.623751950250424 0.490991435691427
-0.0425384989410714 -0.0686159278263662 -0.501763998430115 0.400986052684068
0.0146095050110071 0.0211817608286634 -0.337373830950508 0.373398637857259
0.00318349045051869 0.0909834041114048 -0.292320801016715 0.243236456060796
0.00403178063898028 0.0757183377731364 0.277585324607408 -0.203421228147581
0.0256377215741308 0.0172813745435601 0.315931742727409 -0.295385752180068
-0.0120983542043579 -0.0449761961538855 0.518626454350865 -0.309115949569052
-0.0463420071418238 0.00527157439055255 0.629604416893473 -0.421435165098481
0.0165200623607536 0.0122578647982989 0.570922811404966 -0.408201054817986
0.0487017574221108 -0.0112932110856639 0.447658420548837 -0.305612730281998
0.0538695232942301 -0.0296704191111284 0.248677871418321 -0.150406448976561
0.059004795570838 -0.0335045350752042 -0.00764036802825235 -0.0428660866306817
0.0602347557528588 -0.0329029259334809 -0.203678942880831 0.101796453844589
0.054437982489657 -0.00855324527733946 -0.419219723788904 0.250047122871643
0.00860666387233131 0.0331013469191202 -0.588991690519468 0.382635781479934
-0.0751853606055349 -1.68060087254347E-05 -0.705399853684205 0.39979606857875
-0.0331734865243849 -0.0717455828930753 -0.553174205883617 0.315684362139122
0.00727880582686621 0.03004507091085 -0.357471702179436 0.342496128124002
-0.0130330778902343 0.0805620897127102 -0.307938749116992 0.219033661812428
0.0343381604794905 -0.068394206860057 0.317445150867916 -0.135806517608032
-0.0328269048264888 -0.00936534408039626 0.342936599205822 -0.302122792385537
0.00762123223223083 0.00870069329729066 0.531742109802411 -0.180686714999593
0.0207290202459719 -0.0182443610202045 0.744432598173768 -0.283470716993291
-0.0156607378881124 -0.0353089232974142 0.633739440556669 -0.343932366067103
-0.0404975398369282 0.00507704838698082 0.433340542893624 -0.259141864293483
-0.0422711022020422 0.0273286126731993 0.201924881658981 -0.108568847517315
-0.0413560605076483 0.0327349439094401 -0.0494629832592246 -0.00410121218220688
-0.0387540625614135 0.0284998469224197 -0.244965249969825 0.147199867841041
-0.0382777723510302 0.00952705783365084 -0.426090125426038 0.308778731723996
-0.0249680220842778 -0.0149351812409522 -0.517223704165645 0.453543300763954
0.0011967069315828 -0.0176806725063733 -0.576915595661542 0.517612208712476
-0.0206815495159971 -0.00348715164122461 -0.488433385879487 0.449277007954859
-0.0518759086518349 -0.0131410541637618 -0.329675760893178 0.364811276034894
0.0145621816832657 -0.0701411352936892 -0.267270824013935 0.286743038130746
0.0339796839952448 -0.0391304844769776 0.321207350142325 -0.104935103640387
-0.0135352895429618 -0.00824355894662576 0.359659918346742 -0.283938754481225
0.00841819118660296 -0.00464284880713041 0.541577117846356 -0.106272905392557
0.00986343749314875 -0.0130091501907441 0.787804846080208 -0.183246101096591
-0.00523156802813629 -0.0266964179530882 0.672206576420558 -0.27410120590273
-0.0239827881434009 0.0021295943431054 0.441044051485971 -0.222393994179994
-0.0254930829459578 0.0191641291314201 0.192181244678272 -0.0928781813598888
-0.024316583555826 0.0214071530639174 -0.0635505949088606 0.00514927162405481
-0.020969840839953 0.0179585128101219 -0.252569798432391 0.165007787316869
-0.0209645716088023 0.00630977127544307 -0.412322530427439 0.346087563685705
-0.0146847862206975 -0.0044151031409632 -0.473439980090725 0.499687413406964
-0.00952682297229969 -0.0106533193650995 -0.509579023427979 0.569775386223921
-0.0248310564332313 -0.0125844626222097 -0.431403221132272 0.501234945037094
-0.0374004936437573 -0.00779816301549194 -0.311663401203837 0.390933013484879
0.0178292471241709 -0.0367824309828493 -0.257284331984281 0.297365355826934
0.0246661424071064 -0.00299051398962323 0.321106980432377 -0.0876023464517237
0.00460421795068189 0.00253719033854018 0.366987008732443 -0.27297206061493
0.0120552013515071 -0.0185181661549111 0.542617893714169 -0.0564001910289905
-0.00376416661473667 -0.0114571164612871 0.808022194260349 -0.117567907071769
0.00200529946150026 -0.0130139700427092 0.693781651840014 -0.226253970201936
-0.00447490123503176 0.00223191339307066 0.449124479821851 -0.198088340920104
-0.00391941514130602 0.0104257243690108 0.189387548241299 -0.0846761029590109
-0.00215703599844098 0.00770927030941117 -0.0704096515953292 0.00835241039283888
-0.000447747486990233 0.00479050259247636 -0.252285891907075 0.176580194419722
-0.00125913821286218 0.000545367637572075 -0.399885523500367 0.371715278065252
-0.00425044775455143 0.0036591415971305 -0.446783874062336 0.527572989805863
-0.0218579629860345 -0.000676831708104689 -0.466171301857803 0.600907003399244
-0.0319542465699687 -0.022911750878897 -0.396025752189849 0.528793733771792
-0.0236647108666066 -0.00436780079574894 -0.296647560490247 0.410479261164964
0.0233955331725862 -0.00109839850525482 -0.251472637478732 0.298403712624131
0.0101492699964529 0.0314864793000407 0.318072959058034 -0.0883666687802116
0.0189740620803624 0.0164759501768064 0.367488265548662 -0.262754057541164
0.015694327620606 -0.0321550090067782 0.548791897131672 -0.0421643342226579
-0.0195538546931534 -0.0122943120357032 0.810273562867616 -0.099566007145726
0.00769126068970643 -0.000709255563585129 0.70002779334728 -0.207422980003702
0.0171318745501031 0.00308602372276913 0.455138661008141 -0.187229088245513
0.0188208011916929 -0.000608900786997183 0.193666209151188 -0.08343812552429
0.0191830132668598 -0.00681320535802259 -0.0704498068419278 0.00561933711530048
0.0204625642336014 -0.0109348752261863 -0.249230273264152 0.175809744202458
0.0180583932481896 -0.00805182513836768 -0.393663299323968 0.376639634306882
0.00760700162788388 0.0130986392073098 -0.437332796333102 0.536269747630983
-0.034491765985941 0.0107645460190082 -0.456916496817839 0.607778449172201
-0.040981358237339 -0.0335497380343273 -0.386005541280607 0.53189671876321
-0.00785337641042067 -0.00119090550469026 -0.292411507633056 0.415218484670804
0.0266413840178677 0.0328290764766665 -0.255849529410945 0.295682045611393
-0.00103222304106546 0.0610877495909887 0.313113587555872 -0.106731881864552
0.0301546622389813 0.0255272218762337 0.357746780060609 -0.26071343074717
0.015012564994861 -0.0439844583693832 0.5537175063058 -0.0674858855207803
-0.0337399814148094 -0.010841588144188 0.793405777002093 -0.136341645080595
0.011689076686581 0.0109952033526927 0.68903024069099 -0.224282632458275
0.0358428187029861 0.00311288527546494 0.458702643660781 -0.19606114008378
0.0390206522380911 -0.0106132827485958 0.205473182451693 -0.0907532575085371
0.0380834474634828 -0.0193650147761036 -0.0617487037945671 -0.00165514064413101
0.038744711678973 -0.0241393088912559 -0.24282065500637 0.166972838839453
0.0350157348279982 -0.0148947895830597 -0.39455501715814 0.364143930488766
0.0152470993272683 0.0202468320407436 -0.451739976641727 0.526198837124845
-0.0485224587796633 0.0176971952602674 -0.480747264757274 0.592705995189564
-0.0474325439677508 -0.0451534993915821 -0.403452860860901 0.511509918567656
0.00524285182406767 0.00318070885062824 -0.297731213424076 0.409505086914302
0.0268215388609617 0.0627985335865581 -0.263702053981357 0.281929020510174
-0.00458752768901465 0.0803805919418997 0.30522961777188 -0.136987038111774
0.0360938069773891 0.0277267836615931 0.341342110350037 -0.266203145125461
0.00727511904500299 -0.051575591762113 0.557344944370795 -0.128352471362118
-0.0435696680341482 -0.00670850839303921 0.757567693674523 -0.21721897494439
0.0157500791947409 0.0160653640896563 0.661793564394572 -0.274214310943255
0.0486602617202621 -0.000685027299593017 0.458608604002783 -0.220818495976947
0.052790410257243 -0.0189875640532211 0.220138475369225 -0.104608936747026
0.0534316713985733 -0.0289176498135046 -0.0465745883980375 -0.0132362681157341
0.0532985040734629 -0.0328127228121967 -0.234282269269964 0.148827578503242
0.0482097899705615 -0.0160694916143168 -0.400737668328225 0.33678891515218
0.0193420600547606 0.0286459703490725 -0.48684119960436 0.497048395307523
-0.0620504207372341 0.0192427325202719 -0.541618297759668 0.557272455137465
-0.0485842500795897 -0.058155766849047 -0.445717576674424 0.469161144534297
0.0141931402573354 0.0109828195650116 -0.314891922075742 0.396864685962153
0.0190184331467398 0.0821585907611006 -0.276309086907731 0.265798339880341
-0.000274424258796598 0.0843493999497772 0.293544334216262 -0.17078444527842
0.0342590669023891 0.023737344603263 0.326398663901993 -0.277955274666502
-0.00326945178407321 -0.0519948179796901 0.546202477426651 -0.214952640702334
-0.0483243329407429 3.76681865730611E-05 0.70215770316198 -0.321851726140767
0.0188693447223581 0.0168722532871229 0.621489646641702 -0.34060697616698
0.053269618508543 -0.00631226743731071 0.45506563503327 -0.261320198040791
0.0583287770960877 -0.0261625513794005 0.235197980209895 -0.126232806913134
0.0606349425184734 -0.0334829269819863 -0.0282239428923878 -0.0268738200833964
0.0610658245053497 -0.0360727221084366 -0.219796364107668 0.126478838530656
0.0555551483952829 -0.0138106543929122 -0.409713444208568 0.298142991470134
0.0166512830503383 0.0333043753622099 -0.533905435489535 0.449228732595749
-0.0723413945685708 0.0124847415921377 -0.619401953179312 0.491434792604363
-0.0430851120727371 -0.0683329439180153 -0.49793610812753 0.401322445173348
0.0151777065704939 0.0215274501424976 -0.333424161835117 0.372186740966767
0.00374763246656004 0.0893210369318193 -0.291865809308968 0.245612611736645
0.00394679187740675 0.0755577503767177 0.275009900760581 -0.203459530228427
0.0266129956267307 0.0168887383754555 0.311462659349038 -0.296067852908551
-0.0129610336621675 -0.0450405711019466 0.51441969191235 -0.308733398789405
-0.0469317186121991 0.00667734849291784 0.625074309628273 -0.422302722600965
0.0166045577650577 0.0124094999439813 0.568034765721322 -0.408604574994692
0.0478185290758969 -0.0117365651999834 0.443798971826401 -0.30583367371457
0.0537821707508474 -0.029824524256466 0.247635708551301 -0.150827446995214
0.0586992808760998 -0.0330235912210583 -0.00746203178155805 -0.0417934302686835
0.0602379269425144 -0.0334480574083427 -0.202044423698759 0.102077281331596
0.0546324707816163 -0.00892127475573317 -0.415356763361205 0.249655230156313
0.00839572149958027 0.0331107213755652 -0.584129597658068 0.384486556535216
-0.0750071674299118 8.80888589292576E-05 -0.700272116652952 0.400588279928768
-0.0327798485629048 -0.0708691007064719 -0.548162349243958 0.315469403359829
0.00771999128527633 0.030004625657008 -0.354168007144943 0.343663817202272
-0.0120168481532611 0.0800978133341256 -0.305735151763408 0.221581220147376
0.0339883423345662 -0.068726997048099 0.316090909654694 -0.135318667213182
-0.0323407024933982 -0.00931919413080076 0.338947272653132 -0.302178020175152
0.00668836957997873 0.00835484082662303 0.528819851643753 -0.179922883577398
0.0193290192669476 -0.017764593022568 0.738571888878214 -0.285290523137424
-0.0151902491072493 -0.0356754996588747 0.629867720064624 -0.344338134121071
-0.0407031497542164 0.00530206035015233 0.429299403316225 -0.259166015586059
-0.0415611527792844 0.0281344259936218 0.198406483523924 -0.108425352936704
-0.0412656933573516 0.033071348751741 -0.0489372856751436 -0.00378097378178048
-0.0379485965554518 0.0279261761883693 -0.243036039197089 0.147774556357809
-0.0370824363976725 0.00958085885460302 -0.42219378896029 0.307695324207372
-0.0249388385036025 -0.0140210317946459 -0.513420235022952 0.451577095268462
0.0011971713423064 -0.0176879535146066 -0.569882945502475 0.51796681184728
-0.0203911943580196 -0.00289189648119245 -0.481264974076269 0.448930538931729
-0.0514712448489394 -0.012830322971166 -0.327489717962867 0.363624506714183
0.0147734134617464 -0.0700593277797645 -0.267095119502956 0.286513072405751
0.0340725617370548 -0.0395765656848231 0.319897362431801 -0.105028247391118
-0.012595972996217 -0.00762746487797192 0.356728569415859 -0.283234005014143
0.00800456810797925 -0.00454785739594211 0.537060355185064 -0.104092074760753
0.00994876831246518 -0.0126235357269936 0.782271493098878 -0.183080277081646
-0.00569931390913708 -0.0262251481719763 0.667076088753222 -0.272015041220268
-0.0243297742848651 0.00238907882947595 0.437920633790009 -0.223554412611101
-0.0248375369919077 0.0191780951537072 0.190572664949472 -0.0920460577531321
-0.0240434357032215 0.0219696081564794 -0.0620870908274383 0.00492172826437541
-0.0210908576677496 0.0177486421071948 -0.24885107412157 0.166897895771368
-0.0214765834228221 0.00716044682592975 -0.407909211652853 0.346144660336121
-0.0156724931076856 -0.00412329749106222 -0.470280073514096 0.499350579535204
-0.0094109315407744 -0.0102192704418913 -0.502906928417168 0.569205088846994
-0.0254070477010148 -0.0129315602797513 -0.427680829783469 0.500140349886875
-0.0372094694662884 -0.00745924959328031 -0.309785477305974 0.389690784816755
0.0180326008078499 -0.03749524664845 -0.255217989856212 0.296802793173535
0.0241290405443283 -0.00381573966407919 0.319800845954387 -0.0875439599381895
0.00550254619210508 0.00233964215012528 0.364991621623924 -0.270126819460544
0.0123598083060246 -0.019353500404064 0.540736265962549 -0.0555343398840657
-0.00377271662531974 -0.0111205838730477 0.803167547541877 -0.11671083495935
0.00239771022052956 -0.012621218963149 0.688670062091987 -0.22668283894935
-0.00395117952476495 0.00224026209906059 0.445134173414562 -0.198474614919305
-0.00381323251273974 0.00948889706733494 0.187775946225558 -0.0839715976187103
-0.00271386639092078 0.00775050638121905 -0.0699901248588757 0.00864551099993146
-0.000120691129549287 0.00443377894634343 -0.250650014777452 0.177742615131104
-0.00194664242959896 0.00116099766158727 -0.395430539099394 0.370742540400665
-0.00346163613032754 0.00400687647228872 -0.441537915105834 0.527095766809325
-0.0216728254713121 -0.000156729310552925 -0.460202315918023 0.600282139937831
-0.0331662567479872 -0.0227322771633989 -0.390661946374638 0.528122340498656
-0.0217127933669179 -0.00374830502032091 -0.294126570935409 0.406898354846947
0.0237138739961033 -0.00170983039130107 -0.249966060727325 0.300227430605388
0.00989870683900202 0.0315752096300864 0.316658159911082 -0.0886192662002198
0.0190879597693086 0.0154463260275204 0.36413287341654 -0.262159742685776
0.0149751926347433 -0.0325973043892941 0.54378672012683 -0.0440025846886542
-0.0188015024111698 -0.0120886899643562 0.80511299366851 -0.0996438074846582
0.00759464409390453 -6.07062251405995E-05 0.694232035805517 -0.210591893623841
0.0168013003101216 0.00295355599557338 0.450892503966124 -0.188046297721657
0.0188192515215392 0.00013015066004797 0.193591316951903 -0.083235954610836
0.0189518389197924 -0.00663839822598951 -0.0685672171392143 0.00745758859167026
0.0207249755172835 -0.0107715366301633 -0.247786968426873 0.177575087643672
0.0180596000450302 -0.00765377257565657 -0.388387276181006 0.376347677714392
0.00764229649692165 0.0124244990750383 -0.432682977821717 0.533582384744322
-0.0342109192020058 0.0104205034381948 -0.449581141189789 0.606846451191241
-0.0424535688615097 -0.0328442696710124 -0.380574355852766 0.530426301480675
-0.00717984584110399 -0.00254594596227978 -0.289206112636169 0.415573840977066
0.0280849922474895 0.033036114245108 -0.252968176956368 0.293634342916589
-0.000631490060002003 0.0607330168083988 0.311612444471044 -0.105680587818388
0.0302440748637397 0.0255727958504984 0.354685668897784 -0.261118949221651
0.0141355082122605 -0.0439852313218 0.550311092274987 -0.0680886099262372
-0.0328740187922657 -0.0112120909030939 0.789484239200705 -0.135951380050564
0.012237156056331 0.00972880724266901 0.684637469843277 -0.226657798285499
0.0353337130595609 0.00219287158243041 0.455130377633431 -0.19677982449914
0.0384155425269134 -0.0101686516528384 0.203220760498964 -0.0907352172405593
0.0391264517686128 -0.0193949182373894 -0.0614839665746405 -0.000361631448293855
0.0392055903559218 -0.0242080230915498 -0.240616430751521 0.16695715605677
0.0351882821003824 -0.0137882158347805 -0.392191161880272 0.36382881220021
0.0159098633089523 0.0197417683484735 -0.448253781515283 0.526989620524908
-0.0481996460934247 0.0179638128466927 -0.476002704874085 0.593108134337022
-0.0468467309476554 -0.0446818881677658 -0.397931303622301 0.509233354528155
0.00513787095380575 0.00274271658308981 -0.297174570618185 0.409752037372417
0.0272010605924829 0.061423434703746 -0.261675900184814 0.283403141147939
-0.00358249596796013 0.0792726065841375 0.304018400904093 -0.135668229571253
0.0361740262172674 0.0275313482651385 0.341119152512488 -0.263900207840038
0.00624844266585266 -0.0514282357562095 0.55196992283355 -0.129786064775608
-0.0439244323135535 -0.00571292712677172 0.754087853221772 -0.216358259932467
0.0166387626974935 0.0164793135407978 0.657243904206169 -0.272594092217103
0.0485676152443734 -0.00154306696051918 0.454335816326575 -0.222381665910963
0.0527165926445337 -0.0190169903621943 0.218820257247632 -0.10450800881943
0.0532970206191354 -0.0289868079274636 -0.0461987758385212 -0.0138302805174382
0.0528067266823207 -0.0341323266312071 -0.231269610564321 0.149531429365853
0.0483235252589564 -0.0168878997542404 -0.396875366448812 0.335530401742118
0.019764965712635 0.0274891397122099 -0.481769377546432 0.497734034061856
-0.0614882861566366 0.0195237685832376 -0.535577182952188 0.555605343465899
-0.049012329191311 -0.0577859019304754 -0.439804700685384 0.466482769063523
0.0146596560369047 0.0102567512154492 -0.310684772800653 0.39508313404784
0.0195550770575546 0.0823533670429495 -0.274663895280253 0.266337806257456
-4.49486310504545E-05 0.0842005079647305 0.291222199200268 -0.171679131702259
0.0352276838912501 0.0225062067003443 0.323864059650323 -0.276593696003213
-0.00371086116583126 -0.0517282485453147 0.542720114399766 -0.215647728394815
-0.0480915215138872 0.00113500508223179 0.69773579117465 -0.318921102393664
0.0189643711743014 0.0165215234218029 0.61566556616415 -0.339569868636273
0.0527431682513995 -0.00780791435689881 0.451872022476588 -0.26094781209762
0.0580573230897635 -0.0269154599997333 0.233595391322587 -0.125738841126857
0.0600813981349822 -0.0343947678030916 -0.0275349638778589 -0.0267796611709379
0.0607425109749514 -0.0369143646650099 -0.217126129056252 0.125471761331786
0.0550039142243151 -0.0146630162044839 -0.405418675526132 0.296356524708163
0.016198227066306 0.0332459936264526 -0.529943387809861 0.448887998736168
-0.0720033259338714 0.0122020745657266 -0.612952622345251 0.490424799420829
-0.0430093357980756 -0.0676052859139026 -0.492254694723038 0.399604335743515
0.0166271576653337 0.0211542334779701 -0.329862298127905 0.369929027640649
0.00462014811257973 0.0887307024983855 -0.289878746847368 0.244335284850074
0.00487992212167464 0.0743818568732497 0.275128088497125 -0.203893901578478
0.0269737258557891 0.0168013990487411 0.310156296892907 -0.294187032355729
-0.0128351636266507 -0.0444039823797785 0.512807981249945 -0.307116032552501
-0.0468577836548928 0.00603540903936014 0.619120172146819 -0.421422922439388
0.016388455544054 0.0116589183625721 0.563876499320125 -0.408398238568104
0.048709062642649 -0.0124204170973775 0.440086306175238 -0.306477911657094
0.0543749242330355 -0.0296051307805753 0.246362813857267 -0.150334726307582
0.0585201761852016 -0.0330146119891728 -0.00746622671241862 -0.0414230467650077
0.0597764078267085 -0.0334389437155554 -0.199539091405467 0.101885406622397
0.0541825523530597 -0.00870919322903232 -0.411444379235327 0.250132255368301
0.00867042887307164 0.0333330940791868 -0.5792655575096 0.383935606540913
-0.0747096560038498 5.08877499654503E-05 -0.693231513707448 0.401749865622879
-0.0331508340794088 -0.0701198533519397 -0.544167618282196 0.315330249022031
0.00905710966642116 0.0298495269090703 -0.350950562656813 0.342010233615264
-0.0109619027897841 0.0785492218735624 -0.305248397074607 0.220229739646902
0.0345992504059758 -0.0696914863251147 0.315294525798845 -0.135774918415868
-0.0311710309368988 -0.0104474534859703 0.338401245421749 -0.301968648629024
0.00582533995885016 0.00854942133246371 0.525451571592287 -0.178877263526176
0.0202392896598392 -0.0176571949654814 0.73421221183375 -0.283937497798643
-0.0154770811352334 -0.0358584898001352 0.624870965932077 -0.342989265169737
-0.0399535641685566 0.00484359514549339 0.426033747734466 -0.260081474019541
-0.0402502043441948 0.0294466529256264 0.199190572888668 -0.108378761120382
-0.0401347732309478 0.0339181104206202 -0.0489771299007085 -0.0032778245178099
-0.0375234610510447 0.0285346950209812 -0.241426084609497 0.147181627878968
-0.0381483832167932 0.010249341526218 -0.419305854317244 0.308138291845491
-0.0247255718466249 -0.0140663651270755 -0.510687478206423 0.450714818136566
0.00162889834048038 -0.0197744888150252 -0.567762867039727 0.516269562435789
-0.0200471996465067 -0.00261893951982168 -0.478504719749052 0.447522209120561
-0.0508018206858536 -0.0111766635246683 -0.324994308936484 0.362328050092088
0.0163328796676481 -0.0710872205926741 -0.265554141006317 0.286169539253924
0.0343652133639496 -0.0395414423731234 0.319457060089401 -0.105787358481417
-0.0118103623542294 -0.00706547190214657 0.353000697812043 -0.281247872988982
0.007712568408256 -0.0038963368906327 0.534824904821076 -0.104192190370834
0.00906091123053545 -0.0126660916966764 0.778607170276476 -0.183904453874816
-0.00557163604052546 -0.0261041587433987 0.663348705713601 -0.272618356591599
-0.0230952274971701 0.00237255183401248 0.434125816141319 -0.223534470196375
-0.0251189132322029 0.0201370422745237 0.189942610131323 -0.0921201724873486
-0.0237868789254436 0.0222213197519197 -0.062833434175099 0.00628096855387742
-0.0200485844022579 0.0176540026074076 -0.247045206117394 0.166537523505743
-0.0210658468594129 0.00683344822822057 -0.405420678889743 0.346105609363782
-0.0153609316262037 -0.00485447201707566 -0.466909079932615 0.497980287592679
-0.00998125426888487 -0.0113014904122537 -0.496915802570434 0.568408617814304
-0.0258672210614329 -0.0115224511314523 -0.42289899639975 0.49777478460958
-0.0368037554392894 -0.00704953152787524 -0.305273880464761 0.388882818969272
0.0180331513555358 -0.0371297146741847 -0.253833357443778 0.296451195716206
0.0246649402555483 -0.00392096254030784 0.318518620564845 -0.0880370014705424
0.00528793356251424 0.00252763697324343 0.362679019791009 -0.269705151237292
0.010886071556363 -0.0190995433528851 0.536589819577745 -0.0564432096320806
-0.00442581660642129 -0.0116432232853283 0.798628065269814 -0.115085384979768
0.00196456837548873 -0.0133895086594197 0.684906728747326 -0.225107621368658
-0.00458369665796963 0.00130799046309903 0.442303421997174 -0.19819636051227
-0.00352382883086161 0.0104814262930732 0.186533834041068 -0.0832648791963982
-0.00232514226788814 0.00745346607246645 -0.0690748123145905 0.0101257124518151
0.00030091892639 0.0044458399861453 -0.247766690995766 0.177214675875803
-0.00107154068523011 0.00114913700114986 -0.391894881626613 0.36889610901395
-0.00386686494421165 0.00487885255388229 -0.437008505771902 0.524964770493677
-0.0221319964344987 -0.000122506647063758 -0.456163318358986 0.599463148535747
-0.0327570135555737 -0.0217124616719352 -0.386746375269409 0.52614085736677
-0.0207574027608391 -0.00304746851704584 -0.291638560352539 0.405878500362143
0.0231682649659016 -0.00199675500662245 -0.248691735122117 0.299073905275795
0.00983974645564318 0.0314372667671369 0.31735789044932 -0.0888389282221844
0.019540552723923 0.0155722426585594 0.361442970285531 -0.261909553686737
0.015329107211516 -0.0325269692584192 0.541860487532032 -0.0420702046521319
-0.019566372623905 -0.0120980818832859 0.79961186220732 -0.100334757942232
0.007256071558259 -0.00102826341216835 0.689779585954502 -0.210394553957732
0.0169278363823798 0.0031929219114077 0.44752859486914 -0.188722826973467
0.0191902038250992 9.78391164501642E-05 0.191611228185761 -0.0826205793595815
0.0185669307577475 -0.0069103870779352 -0.0681398391902594 0.00822230686414071
0.0209825934535695 -0.0106867529567822 -0.245117084164165 0.1767332958915
0.017682194810018 -0.00703327029529404 -0.38440358657876 0.374374053554187
0.00709092224211422 0.0122623439316936 -0.429539776132893 0.532669061465533
-0.0346959092761987 0.0115620921229306 -0.445557691355783 0.604955001699488
-0.0425740848571995 -0.0326454679013736 -0.37771021737702 0.527098279393834
-0.00724205617074167 -0.00175274558017141 -0.287084057376334 0.413206063967233
0.0289089496411045 0.0323083049649593 -0.251594274213213 0.293154670078427
-0.000713179707385566 0.0608360198217602 0.311611325329198 -0.106499243504249
0.0302194563282392 0.0251861055095738 0.352847772594105 -0.260013972053436
0.0134050498334217 -0.0443279466972157 0.548808482660098 -0.0673355220635868
-0.0338308437857038 -0.0104009618030365 0.785299789093555 -0.137102085422333
0.012458055948805 0.0099916917740069 0.679870563070163 -0.225584757936806
0.0362261592718164 0.00146361587483927 0.450481417720095 -0.196116375827947
0.0385565532584628 -0.0100875736876516 0.201508142466112 -0.0904518145775209
0.0380753606325174 -0.0203214318751492 -0.0604819083115628 0.000698931782632081
0.0389177416838466 -0.0245639134478175 -0.239780207648219 0.166453653072046
0.0345206367227551 -0.014151987975414 -0.388537637460756 0.362007691655539
0.0158292270812796 0.0204345891636764 -0.446276613820238 0.523356534377061
-0.0482267737320902 0.0180379813284555 -0.47271992674719 0.592426214702103
-0.0476192334606436 -0.0447258081875527 -0.394889312207798 0.506319123576252
0.0062762307059453 0.00379336454259453 -0.29344332629639 0.407372565949975
0.027645411339689 0.0601928288186213 -0.259810538323115 0.283227895776502
-0.00312270664806472 0.0786180568263519 0.303603802665615 -0.135808871962979
0.0365274616233148 0.0260908024877695 0.337817003817394 -0.263404448567728
0.00590429903041804 -0.0510614475076804 0.549476947358493 -0.127376611888113
-0.0436566176962576 -0.00542334320904801 0.750868098210872 -0.216060793864116
0.0161089268628664 0.0146547315705718 0.65290281140789 -0.27331754292001
0.0483789599112091 -0.00213685666995771 0.452029815199331 -0.221682743689356
0.0529797125639896 -0.0186068104363258 0.21669381027066 -0.104200869878937
0.0517380719200552 -0.0296444434196245 -0.0469495966820114 -0.0119530225220122
0.052983575018159 -0.0335812878850987 -0.228926108466761 0.148892888530972
0.0487277855278853 -0.0172042050911793 -0.392849556006694 0.334532516209185
0.0188896898037545 0.0291913475998753 -0.479076499692759 0.496872582897563
-0.0620300074328337 0.0194443663872181 -0.52928829508002 0.556227070619027
-0.0500466593995235 -0.0565795544307927 -0.436489382550622 0.466830203607621
0.0154598667654508 0.0110193588678896 -0.30829748926059 0.394580173696114
0.0203365925796223 0.0810072159251538 -0.273384640711795 0.266820540151242
0.000380135642360795 0.0830497840274453 0.28940326618711 -0.170036285728205
0.0361413721081137 0.0223988738459658 0.323137606282545 -0.274676605550058
-0.00414489305026517 -0.0521393245464602 0.539860175936773 -0.214204511246286
-0.0482455974946282 0.0012331272978787 0.691905079684997 -0.319001125112192
0.0182901082571662 0.0164384092437669 0.61126857927461 -0.338710489966263
0.0529776343664598 -0.00720790176373649 0.448479181874339 -0.258921188573924
0.0574653948948544 -0.0258640687633854 0.232360840511953 -0.126168651107751
0.0588825714357607 -0.034257038672985 -0.0274670201010301 -0.0266514473071789
0.0600788085382044 -0.0369605244013462 -0.215833366076992 0.125259051267938
0.0551330569415249 -0.0139825701930212 -0.401869653092768 0.29626694671569
0.0156446596669258 0.0327764605539127 -0.526399365957124 0.44655309098365
-0.0711611669755752 0.0136383295565848 -0.606966797879665 0.491903220042108
-0.0438791188493553 -0.0665827265432941 -0.489461474504964 0.3981731987921
0.0167505821804411 0.021407695741902 -0.328521860982661 0.369222370737417
0.00555256406195708 0.0877025781521246 -0.288119496968715 0.24553687665039
0.00569422855079231 0.0729071502082946 0.272949866727626 -0.203247113890578
0.0280533040028942 0.0174451242517588 0.307986025538791 -0.293867231220586
-0.0141837121613314 -0.0451193908385104 0.510731821965871 -0.306288842738107
-0.0465073925990635 0.00682729525370823 0.615420824521188 -0.419025792472003
0.0174881697958417 0.0112323471928237 0.559638309274284 -0.407148517416541
0.0477230729585709 -0.0125689935910755 0.437948054556775 -0.306470715294317
0.0539726730440655 -0.0287267834031356 0.24478908511908 -0.150032657415983
0.0586012029842471 -0.0333787051962935 -0.00726126674357439 -0.0418226299891227
0.0587595729761949 -0.0338155080771953 -0.198799520752343 0.101620651565882
0.0550181776813258 -0.00999723954267846 -0.409653414748765 0.250144243798057
0.0088346833003828 0.0326681298167708 -0.576026325503534 0.38310231444172
-0.0738049022518002 0.000959476790733205 -0.689501601845692 0.401601053169331
-0.0346098002984179 -0.0700450263346022 -0.539674739446422 0.314383850403012
0.00972306931512499 0.0300230329095147 -0.347835963950774 0.341680992728343
-0.0107783695152599 0.078068897647796 -0.304231896389852 0.221312493754508
0.0335621630041058 -0.0696236295991403 0.313425122287191 -0.135321439496271
-0.0306749543594408 -0.00949944567921863 0.336356022031383 -0.300240844552593
0.00590188111767699 0.00875582284410962 0.522515844900358 -0.179015983296356
0.0195141877318146 -0.0176035087536515 0.730700927865144 -0.282607654297517
-0.0153256640914558 -0.0360223896677888 0.6212648446461 -0.342715884692052
-0.0399502782185585 0.00449534901484656 0.421849915998117 -0.259188146656593
-0.0412989863653513 0.0292003381606608 0.19607953403548 -0.107389709183754
-0.0403471067444081 0.0340121655425853 -0.0476106833392751 -0.00175584040195687
-0.0372772742425348 0.028503634798037 -0.239857575629764 0.147044330033387
-0.0386948260408238 0.0101183382610971 -0.415952438892946 0.30704416150046
-0.02485684817171 -0.0143882543392576 -0.506029481537499 0.450126398554223
0.000479014980108744 -0.019624836718698 -0.562111150163241 0.517054699107099
-0.0211290878380804 -0.0015127958105919 -0.473685800004789 0.445975248520164
-0.0489026450474749 -0.0115648446461321 -0.322451945357562 0.359855899866298
0.0160320934190369 -0.0718048771237542 -0.263933462272512 0.285710594523178
0.0347860989028824 -0.0402344591365161 0.318024075280294 -0.104478178578512
-0.0119229694557598 -0.00744570628049242 0.350879962168032 -0.281891121656436
0.00663556003468183 -0.00412971261159322 0.533873253280421 -0.104824931851466
0.00970520313855636 -0.0124382375943451 0.774997383949513 -0.183955655947954
-0.00454780649387646 -0.0272621235056675 0.66039367328915 -0.271572255844281
-0.0240367485050622 0.00165676559306953 0.431366021146337 -0.222193356410054
-0.0253233703345309 0.0210598147943568 0.189010129605652 -0.0912248974803933
-0.0235531135988337 0.0221420483574606 -0.0619010052770076 0.00651734574393427
-0.0203261864994392 0.0182008816122928 -0.245441280608962 0.166177111896843
-0.0207965504395734 0.00693632902800072 -0.401740230287737 0.344334012618448
-0.0153099323805553 -0.00416886536102707 -0.463242087149745 0.495461522529331
-0.0100033729593234 -0.011615100277549 -0.493553548361712 0.567204717050493
-0.0250913254993939 -0.0115385786829497 -0.419625689389546 0.496041616510243
-0.0371206950276708 -0.00681088313946951 -0.302954555232899 0.386837279019279
0.018256328721981 -0.0373893151451179 -0.252334281923949 0.295280468623207
0.0249880349193976 -0.00460528901914132 0.318801567031058 -0.0881895367275839
0.0060942996620911 0.00258895953006733 0.360883695122094 -0.268884537291889
0.0106660463210445 -0.0182251101676301 0.535267125320818 -0.0551037901307783
-0.00556945423404246 -0.0125648494319285 0.794664493672873 -0.116739342258425
0.00189408606146112 -0.0145096849620682 0.679265985069233 -0.226812815377608
-0.00369808709358591 0.00225460901448203 0.439749649058726 -0.197112577116409
-0.00230376389142258 0.0106788815463082 0.185562540710013 -0.0824770134281809
-0.00285039715196927 0.00818563298233591 -0.0691550666506016 0.0111832519924136
-0.000105470854882399 0.00361309256998285 -0.246269653754546 0.176765009506814
-0.00212285410530954 0.000168631076011404 -0.3890830867476 0.366882003412838
-0.00332656207159908 0.00434522021833517 -0.433744517730127 0.522057663240527
-0.0213441644302238 -0.000578730788468035 -0.451503970945722 0.596917808888115
-0.0330918809869682 -0.0214189750301556 -0.382899581781666 0.523888513052659
-0.0205559977597678 -0.00400772661556473 -0.288963342082252 0.405061699703507
0.0240714887301425 -0.00367101915291273 -0.247338992598993 0.298852869646096
0.0102393594098888 0.0306788107420507 0.315004054776184 -0.0888798170171073
0.0207558333037896 0.0156389896194181 0.360522294916905 -0.261849091000086
0.0146558971466127 -0.0327012333323171 0.539603877884438 -0.0424467968056296
-0.0195099434533593 -0.0115278766742874 0.795504756913364 -0.0979190950924736
0.00788844855585412 -0.00145430262379669 0.686255586773527 -0.207996505846047
0.0171298251452113 0.00196366289706724 0.443804877619238 -0.188684921469963
0.019215853099482 0.00126757466814053 0.190030305493206 -0.0829009494440447
0.0181657655184974 -0.00655747467923108 -0.0680075987888954 0.00814578432970812
0.0208724370930422 -0.011702974613889 -0.243282906514128 0.176900938325464
0.0166366551301078 -0.00802740873599741 -0.38368271311803 0.372818580838614
0.00781727839818429 0.0127236144329612 -0.426346775967759 0.532558426084566
-0.0344450337964721 0.0113844699201739 -0.442012126738094 0.605319180625205
-0.041852968762012 -0.0326028202015485 -0.374622887314307 0.526161858972541
-0.00634337686700027 -0.0014299533919894 -0.284625394776656 0.411593418813494
0.0285711065758751 0.0312617327133333 -0.251327283251128 0.29498588136119
-0.000442687453655756 0.060246572778322 0.310582676284995 -0.106263896499275
0.0323105224571935 0.0244748606295043 0.350959972552773 -0.257949614226444
0.0133288420066426 -0.0440165532078884 0.545343753653152 -0.0675612093197444
-0.033234582611985 -0.0104642307213277 0.782932323250653 -0.136689162636787
0.0128305903934837 0.0088309854014754 0.674549333422378 -0.224916932851871
0.0361854103552712 0.00134958988951714 0.447860609478181 -0.196176919855764
0.0395418480692899 -0.0100360920298111 0.200740511424959 -0.0904005059555865
0.038413738866048 -0.0196494283236207 -0.0595662480416955 0.000850487338093717
0.0390373080299343 -0.0254487949525 -0.236735676053669 0.165636650853836
0.0348679152589148 -0.01478263496231 -0.384248457457646 0.361006765793195
0.0151830803734479 0.0195239088203023 -0.442421948816339 0.52120857110288
-0.0475414269354151 0.0182499361988151 -0.467088692557239 0.589585411741154
-0.0475180498570252 -0.0438290967045735 -0.390950418352441 0.50434300251963
0.00705324786425583 0.00391034521552726 -0.291142808304385 0.406264277201211
0.0280638538461256 0.0599632337106875 -0.259862755790746 0.283201550943849
-0.00408105844521888 0.0788290471781817 0.303076497795483 -0.135100413161371
0.0367308540277471 0.0264139773085668 0.339108790857634 -0.262813781269741
0.00595154778912902 -0.0522262336498595 0.549131049551993 -0.12848510797906
-0.0438934395793913 -0.00550633581645872 0.746217934912231 -0.215454954706009
0.0160756727953174 0.0153593898567806 0.649738389404778 -0.272851924738977
0.0479361039194257 -0.00248616543306159 0.449837805460982 -0.221683029434957
0.0526048309715623 -0.0177839685999756 0.215500874680906 -0.103702599269616
0.052494233984845 -0.0292395126635731 -0.0452839267308751 -0.0105543018066551
0.0514213644492609 -0.0338641378961426 -0.226640590264644 0.147593964632505
0.0488310980465301 -0.0163370005550366 -0.390343719943751 0.334397463493178
0.0193654963533782 0.0276385850952274 -0.475945654416562 0.493958257314607
-0.061433390709288 0.01965486887235 -0.525969348181029 0.554568259461092
-0.048586037564829 -0.0567315091996066 -0.4327362311581 0.462396456299379
0.0159923366992735 0.0114992579480988 -0.305278041037112 0.393478519207482
0.0203942102428874 0.0791934069454553 -0.27203328304276 0.266176750577266
-0.00015393098475158 0.0825302974626899 0.289351825827595 -0.170541995320768
0.0367428347777649 0.0217069391005766 0.322798806761827 -0.274169858497005
-0.00507828696414323 -0.0519322938091276 0.536157416378913 -0.213795138171657
-0.0482495982063172 0.00102962855243046 0.688011711784583 -0.318199331219155
0.018198849951058 0.0162485308481488 0.607398555222261 -0.336888001731974
0.0527806381869414 -0.00823457151988113 0.446536398036091 -0.25980687465127
0.0575014199126165 -0.0257899849118515 0.230260127250982 -0.125030164542414
0.0592038995772667 -0.0341088345042582 -0.0275722520381846 -0.0258162048028236
0.0596081144097244 -0.0374144340872406 -0.213430707943149 0.125343328210835
0.0544361882618918 -0.0152886819669672 -0.400330528684678 0.295423509606902
0.0163369947310531 0.0320215278920344 -0.523594971450271 0.445134765827705
-0.0715961814037171 0.0141272894476421 -0.601133091317547 0.491248880364087
-0.043480852557355 -0.0664760492100655 -0.486335372275766 0.395978131357
0.01819165576085 0.0217987943031969 -0.325290142641338 0.368063307622534
0.00592745824013887 0.0869121995219876 -0.286730199716737 0.246136660761952
0.00554960085217365 0.072812991471106 0.271860047091198 -0.202822224423393
0.027922852806641 0.016476284326732 0.305577060181392 -0.292094216039501
-0.0138943933043763 -0.0441687856747754 0.506867587535771 -0.303972170326331
-0.0473425861237527 0.00576912119284945 0.611335737253643 -0.417950160589789
0.0175430714786091 0.0109600085074267 0.556374699213146 -0.404813274937281
0.048278726315447 -0.013180776542118 0.435627646480934 -0.306468786398601
0.0530669137799709 -0.0278411814408112 0.242941712943826 -0.15058495039863
0.0582390964597105 -0.033379296031259 -0.00709806627182237 -0.0387644989691704
0.0588045303345231 -0.0343247025743278 -0.197442911633729 0.101737042772041
0.0536305056679776 -0.009169398906653 -0.405665815682032 0.249042422002826
0.00962441725959086 0.0323182085005636 -0.572195482955016 0.381983842137318
-0.0735785735655262 0.000621480981889001 -0.683484990118131 0.401424611704226
-0.034387437409816 -0.0698429710199722 -0.535473527085329 0.312819404287745
0.0100723838668122 0.0293663073103296 -0.344463150274251 0.340078723668704
-0.00936712811179537 0.0774605633234595 -0.302585699163577 0.220887148996038
