TRXV5
3
4
4
9
string Extension=J
integer IsArchMeasurement=1
integer IsSpherical=1
string Generator=SPM
string GeneratorVersion=1.3.1 Dev
double ArchRadius=0.449999988079071
integer FrequencyAxisIndex=0
integer AzimuthAxisIndex=1
integer ElevationAxisIndex=2
Frequency
5 201 900000000 1000000000 LIN
Azimuth
7 8 0 2.74889357189107 LIN
Elevation
7 15 -2.74889357189107 2.74889357189107 LIN
Polar H Real Part
13
Polar H Imaginary Part
14
Polar V Real Part
13
Polar V Imaginary Part
14
Polar H Magnitude (dB)
12 0xC0000002 0 1
Polar H Phase
7 0xC0000003 0 1
Polar V Magnitude (dB)
12 0xC0000002 2 3
Polar V Phase
7 0xC0000003 2 3
0.0613796770956808 -0.0261528188524989 0.299527308604876 0.0902713497640852
-0.0181749706909522 -0.0281871560211634 0.453709362283584 -0.0224782853391211
-0.00587919737941544 0.00501043185912254 0.529266965546048 0.151772219687073
0.0261222150596678 -0.0018158587669598 0.77096397372836 0.163853920561718
0.0195081856119875 -0.0344093921655752 0.735079514542708 -0.000971440021804539
-0.0114286739979542 -0.014295719855585 0.522410065167668 -0.0736881006201778
-0.0203107604183275 0.00444021661719909 0.239050516271308 -0.0462771526761225
-0.0201568282405212 0.00576842273692594 -0.0389055314882854 -0.033183841908612
-0.0186683285742657 -0.000324390410278449 -0.27523417015148 0.0456248656040285
-0.0134899318070825 -0.0136902696727813 -0.500699642390771 0.116478543494876
0.000241801728194779 -0.0213673567384569 -0.652835507227139 0.180940646569222
0.00915308399228242 -0.0184814237207771 -0.748331960282417 0.176643403751837
-0.0203932298313551 -0.0153005030438177 -0.654819431399091 0.125734450540505
-0.0376255919544742 -0.0266154402399036 -0.491054584711612 0.0977871073755178
0.0414793221518818 -0.0415885566537964 -0.38013081811284 0.0651787210886597
0.0343928904150599 -0.00588244227751972 0.290593428720293 0.104304035310329
-0.0134697483989755 -0.0136925533263957 0.461834232926745 -0.0223742678267164
-0.000382898256236286 -0.0036776075527104 0.515619689593817 0.161925052106407
0.00877891562169165 -0.00847113587257808 0.769453343647355 0.188323514635704
0.0123927072744905 -0.0236900456641014 0.741026485278435 0.0118766196174495
-0.0040747382573282 -0.00707626391605728 0.519583721742822 -0.0717939888733855
-0.00733105829629263 0.00644166178774342 0.235337144474515 -0.0461189839396562
-0.0061250206930066 0.00652324181419369 -0.0445752998053511 -0.0322259506965361
-0.00527896633523308 0.000669959702540083 -0.279301311690148 0.048307345498242
-0.0041211019698962 -0.00698995772591633 -0.503601897770048 0.119602591040752
-0.00569883096256923 -0.00817354613358055 -0.651446010589316 0.185094248233055
-0.00977235988601638 -0.0179738775458875 -0.740253156931988 0.189122199651979
-0.0205808595244567 -0.0278524666060972 -0.650981154173281 0.140143239091447
-0.031330786090138 -0.0149140155333895 -0.493156642186133 0.101548575889637
0.0201070163347094 -0.0154830337835507 -0.376772379979154 0.0689293233819228
0.00287501114376776 0.013174845737633 0.289058998829218 0.104399896083837
-0.0103613707192235 0.00585912715765106 0.466216970235902 -0.0278724519962659
0.00820588130153952 -0.0132589636090092 0.516332443724147 0.154375383271547
-0.00754578398777094 -0.0181751849452936 0.77009646312473 0.180019682377202
0.000250026256715326 -0.0119416822826062 0.74189045399998 0.00394855203596126
0.00290589251125049 0.00218061794443107 0.517954538011999 -0.0768310509245583
0.00549035024314726 0.00734628616709683 0.234236058865725 -0.0464067764679936
0.00998893071974138 0.0066272885340435 -0.045313316689603 -0.0330050884001541
0.0102741748765098 0.00200638100717841 -0.278959440285672 0.0485988689875956
0.00542315024858771 0.000632785738673298 -0.506344332859291 0.115806669258074
-0.0108887663172928 0.00524074480223353 -0.656501855367364 0.175748480718409
-0.0313318271867528 -0.0184715912477792 -0.738518226244958 0.18039988394038
-0.0207231029005081 -0.0417499400122809 -0.649686918194475 0.133330158233521
-0.0215545459647754 -0.00685830702486833 -0.494822945117367 0.0968275056186144
-0.000127299502252208 0.0129740773152837 -0.373629795313841 0.0656529135862456
-0.026079701684268 0.0326443453334722 0.294889669085829 0.0942501814656264
-0.00656936527854995 0.024238646247434 0.463033627782359 -0.0390108036605324
0.0163676040042004 -0.0221194768424113 0.530062006177214 0.134356543543387
-0.0251977715009155 -0.026990948253378 0.775126515967272 0.141335657148437
-0.00934948291362766 -0.000936526142404148 0.736005779594981 -0.0239347310708322
0.00858820734279797 0.011617785449527 0.517242065215037 -0.086853339057973
0.0187732802379492 0.00866712508273835 0.23866934709752 -0.0476755402677831
0.024431065818316 0.00632883923780772 -0.0389221778218259 -0.0322827911233988
0.0239890173371088 0.00368861821236111 -0.275031068560729 0.0463055725173845
0.015237861099822 0.00778274181804183 -0.507680429905218 0.104529943110196
-0.0145146152691881 0.0178432505558647 -0.666245809709457 0.155500933978624
-0.0502769159707036 -0.020888253297274 -0.750151139686289 0.148290057380244
-0.0197042781505081 -0.0562236171993854 -0.648766750012066 0.1050814589571
-0.0128722692497637 0.00253439308022077 -0.49559681741028 0.0849817737815666
-0.0185221522675314 0.0378397494233118 -0.369196399829537 0.0531022100506774
-0.0448100347849236 0.0501484565017073 0.306996445272844 0.0743582797576795
-0.000687037243258837 0.0368200128453626 0.456075819922697 -0.0484043704880276
0.0200613957430554 -0.0324290898660418 0.552769612586982 0.099596888662078
-0.0399845944684828 -0.0312313246357792 0.777173052421395 0.0763221930569081
-0.0178860939536869 0.010029021960797 0.724535836408008 -0.0647234981079391
0.0151726307471015 0.0176487605933739 0.515253243632772 -0.100359544987479
0.0283355633694256 0.00836137165644216 0.248295475862055 -0.0505619640595039
0.0353114256027645 0.00723343278926439 -0.0291024721665861 -0.0326003805729912
0.0361893405618173 0.00375548090912666 -0.266283768869773 0.0406916930791322
0.0217165164593052 0.0132495997936926 -0.504969200312797 0.0891898477529128
-0.0218346115204139 0.0278672012025401 -0.676715316645228 0.124642718253648
-0.06599699179334 -0.0261633319484289 -0.763721625754428 0.0943973088919523
-0.0136237936614869 -0.0716072322123794 -0.647201902627752 0.0573349235924579
-0.00555275554432469 0.013437565157517 -0.494523723656888 0.0701999089300359
-0.0365386423106124 0.0555961196769042 -0.365147780842924 0.036782732982326
-0.0485741853753872 0.0620892321641005 0.319903154464073 0.0471431916820076
0.00825751112796691 0.0386783084668612 0.447221776107378 -0.0567284903519487
0.0199763157791531 -0.0416892213650502 0.58071808180734 0.0538438629587034
-0.0512663143887838 -0.0296828738574628 0.772586834881807 -0.00284132114135157
-0.019473760197028 0.0181176401001532 0.70455611243521 -0.109759901904339
0.0215465833659925 0.0194214607029368 0.514173694163788 -0.118026067159252
0.0359848642631234 0.00708839215214652 0.260039073322393 -0.054230985231598
0.0422777362242637 0.00569169499915936 -0.0159865128053979 -0.0349943645926731
0.0420350461371794 0.00474706112996725 -0.253554909654346 0.0355031793423327
0.0258985498326987 0.0192516856555178 -0.499635940147537 0.0712749751463262
-0.026776115263352 0.0327194514109976 -0.687295804071859 0.0861449862032698
-0.0750782205039075 -0.0341528869416862 -0.77761787020051 0.0327450159565547
-0.00248474666588903 -0.0789204489277892 -0.639907017554589 0.00278526296023722
-0.0036975709451626 0.023524527929121 -0.490457332587758 0.0543742563584411
-0.0514542850083623 0.0625952382356993 -0.357029531768689 0.0168220037758441
-0.0403759141593537 0.0643861741464109 0.329789968284209 0.0183647937643092
0.0143304809355803 0.0322664636603979 0.442303344683643 -0.0659367091681746
0.0145912444870911 -0.0461422916683577 0.601561054662438 0.00147423387039202
-0.0548771860713252 -0.0235113456902757 0.757355345010336 -0.0781779467682716
-0.0172328258300815 0.020487299043783 0.685441007558648 -0.151022312777599
0.0229316081512871 0.0182800627339157 0.512961860747734 -0.132490360971833
0.0367215533073853 0.00615280534690905 0.271499974796088 -0.0596699284085979
0.0430183107971734 0.00516581581535906 -0.00212383608193477 -0.0363450278230071
0.0423867168290409 0.00441582543938686 -0.239831350689133 0.031103574199955
0.0244037916160541 0.0219242541484011 -0.492406346683379 0.0521348877434756
-0.0324216333680498 0.0315861506555469 -0.69785768674681 0.046587849699444
-0.0735753147473871 -0.0440400395255164 -0.787404714338843 -0.0374907133476991
0.00810632440882341 -0.0789841906778091 -0.629359928422813 -0.0530702186593172
-0.00482702367536647 0.0320754170208418 -0.486720408066922 0.0398493349021048
-0.0577166828408117 0.0571329154398662 -0.352071205463292 -0.00405991661333582
-0.023814135473197 0.0573331231612413 0.335663360009359 -0.00848703266038751
0.0133879039393701 0.0207494159955436 0.43846764821284 -0.0696663261147033
0.00671562920687389 -0.0434490921036789 0.616668356692132 -0.0475636530752531
-0.049664525997957 -0.0171043829198834 0.738570782255305 -0.139204554344841
-0.0132746822699276 0.0178219587357141 0.666682017504633 -0.181130737177211
0.0214625107494094 0.0138807203745059 0.515030515665119 -0.14504719312055
0.0317120484755914 0.00297530604550211 0.283385360069182 -0.0638662693798878
0.0372313586442485 0.005305007173944 0.0108952082340322 -0.0381232682721087
0.0370695216005031 0.00429295906119804 -0.225993470681448 0.0276184078775396
0.0197032282840269 0.0218465261276895 -0.487022840762471 0.0385400438103089
-0.0333450891611568 0.0255994795896998 -0.705312126611532 0.0109516477784026
-0.063246381095613 -0.0493145117313604 -0.796376921387791 -0.101542086443223
0.0170839957431325 -0.0705513698295834 -0.612652949748169 -0.100847319515436
-0.0127812897659204 0.0325132390362398 -0.483677005143328 0.029877482433307
-0.0519404304468014 0.0416186796257307 -0.346127204424892 -0.0225830651497988
0.061997788968645 -0.0262202808632492 0.298597192032769 0.091624755697812
-0.0180861446455333 -0.0274467664214303 0.452486748808592 -0.0207916372568643
-0.00632516442760992 0.00485049642095286 0.528647794827466 0.149972561555521
0.0245418516409437 -0.00142987113177981 0.769271760529866 0.162444323815466
0.0189142667531366 -0.0339699959961913 0.732691893484542 9.60126388068542E-05
-0.0112769431592625 -0.0157708219103723 0.520457469642641 -0.0742250705168375
-0.0199196673025321 0.00488949335056129 0.238187509277914 -0.0462805614823557
-0.0201629688782447 0.00632944137519556 -0.0387288210367041 -0.0335944343757462
-0.0181091148765624 -0.00045294753238999 -0.272950403932157 0.0473070667967269
-0.0131118667701797 -0.014025147924171 -0.498451706286201 0.115875595864938
0.000306497206787276 -0.0217516630580109 -0.651396942480155 0.18076368619967
0.00898060143297707 -0.0173275750567477 -0.746371856071663 0.179023793689554
-0.0210979457542206 -0.0156635088983115 -0.654198386705169 0.125112287087895
-0.0374947098130474 -0.0265435983935641 -0.491259793846536 0.0973791226797859
0.0409340212858747 -0.0419600420254016 -0.379627622010411 0.0630999251340452
0.0349200948438036 -0.00543380572703424 0.288385673212164 0.104409719424261
-0.0123707449590744 -0.0134091925494743 0.461988735995288 -0.0225536121305767
-0.000542928510068893 -0.00446116320071385 0.513873828654992 0.161559801036374
0.00975654381432279 -0.00900746696434339 0.766596514966892 0.187884809476249
0.0116589301936503 -0.0231987457784493 0.738687941103148 0.0123435660516967
-0.00441428659267788 -0.00746868487705629 0.516659757252687 -0.0719918387557651
-0.00756747822917665 0.00659135205780049 0.23315571804481 -0.0463669194897946
-0.00589219600803254 0.00616465808106689 -0.0449795245448217 -0.0310269179684977
-0.00477743489263989 0.00177035726981028 -0.277465857817687 0.0480224762779
-0.00474001419094078 -0.0071049073015566 -0.501790814564959 0.118131438231403
-0.00564545033593347 -0.00933575768426336 -0.648478544697191 0.183755733130244
-0.00959978641615235 -0.0183881607228625 -0.737772785585208 0.19015410865132
-0.0201494553025134 -0.0271208103224517 -0.649031992051406 0.138379967638681
-0.0313291823814072 -0.015469145979404 -0.492910783758634 0.0985310686289943
0.0203261085305942 -0.0158178725246974 -0.376188293962906 0.0689096992342583
0.00282215904060998 0.0131304441762328 0.287469941215032 0.10637253306179
-0.0102572555523688 0.00523920346375816 0.464417292787328 -0.0252905550865033
0.0083839947702304 -0.0135022467422674 0.514643791446579 0.154982377786501
-0.0077283526454739 -0.0178385495689399 0.768697104143423 0.179269550650171
0.0015138029628918 -0.0122153425042541 0.739831526043627 0.00405421879102394
0.00214373816252822 0.00243978678169385 0.516631211377385 -0.0778533555570167
0.00588023224074206 0.00837128795314957 0.234192125188406 -0.0468473891489018
0.00927286148963283 0.00622844063804788 -0.0444486421737653 -0.0311148634520563
0.0103083375847147 0.00223724187688453 -0.278051085662222 0.0481672090096344
0.00594876366854568 -2.7396086416347E-05 -0.504990704734331 0.115288695343978
-0.0105189627922748 0.00362569620983941 -0.654981410516062 0.176053943594857
-0.0307748232743144 -0.0182720361545434 -0.737930786999944 0.178507454034143
-0.0212831755930977 -0.0404347543208994 -0.646828243722355 0.133468527191708
-0.0222920752994808 -0.00660270750592875 -0.495306931654581 0.0974739816686439
-5.29801882747337E-06 0.0121746960661717 -0.37199473461042 0.0641841034096738
-0.0258788052336267 0.0323308304393483 0.29410701669281 0.0954067917018216
-0.00689818297987886 0.0241414288121425 0.461713984114289 -0.0358084700567858
0.0156724394784762 -0.0219519693632988 0.529116615527462 0.134108464707257
-0.0245733265873673 -0.027300612098211 0.771033857561055 0.141028041376502
-0.00941571243487219 -0.000787964618238988 0.735686767002031 -0.0244908179509987
0.0091401409540479 0.0105134815599743 0.514619280088252 -0.0881073264014922
0.0184338267631158 0.00991879499846735 0.238120328668065 -0.0478968757108006
0.0241210371524323 0.0072852143335421 -0.0384813588346737 -0.0326026431821859
0.0237877278170067 0.00267275968372495 -0.273004711783159 0.0452410988816445
0.0154889970013603 0.00768967592188793 -0.504942746741536 0.106026956749166
-0.0149082521622477 0.0177431476920361 -0.66259896214677 0.15610066943266
-0.0502258640914594 -0.0207025553767524 -0.74735557850529 0.14870686776419
-0.0200402034974938 -0.0569441062709133 -0.645625025758183 0.106420771748858
-0.0123727936593932 0.00382358713435645 -0.493708697259798 0.0866233530606874
-0.017694638444349 0.0369708679647409 -0.36889656937952 0.0535460323630159
-0.0442662420891069 0.0499388407894503 0.306752297636533 0.0746108618621765
-0.000382161603221538 0.0363939097655372 0.455058867488303 -0.0474451231753128
0.0202296520817072 -0.0322974742367753 0.551585034607048 0.100519793812034
-0.0397352426139003 -0.0316103667926094 0.771573146550574 0.0776123264196161
-0.0168824419118125 0.00911988249223339 0.720393910497525 -0.0635617375051461
0.015005367205813 0.0175714153934483 0.51249024335475 -0.102225055984288
0.0291971415121633 0.00955224845666778 0.246682946783037 -0.0499905495003903
0.0348407871478184 0.00656631571471124 -0.028436593508462 -0.033182375153064
0.0351656815095312 0.00403185772759624 -0.265236687099669 0.0412367164562383
0.0217675745165155 0.0141226433446978 -0.501119681674722 0.0907514262351144
-0.0207441383262927 0.0272772690702168 -0.67462787146967 0.12540770292503
-0.0661841060550503 -0.0273511761420977 -0.761439366707542 0.0958288632271634
-0.0137050120437986 -0.070133816225691 -0.643793542568361 0.0587927564349433
-0.00544514435091444 0.0135516646981113 -0.492286730781927 0.069126513899167
-0.0359544285299911 0.0541548704061129 -0.363978150027753 0.0366001273504181
-0.0475912575071561 0.0620128973933921 0.319446419447668 0.0477985211530621
0.00938774778233645 0.0380940582758357 0.447093490069087 -0.0557059318614067
0.0188846681983006 -0.0415687135931228 0.57810279440362 0.0531169888184301
-0.0513468649080891 -0.0300316241356926 0.769148301486742 -0.00140946059166138
-0.0197139570055973 0.0176409518309253 0.703057970731533 -0.108105411672457
0.0200357894714689 0.0193873562028098 0.51203072107951 -0.11754323539477
0.0346373058866973 0.00798919826576222 0.258858519376189 -0.0542558371443272
0.0422222150346592 0.00635057202530275 -0.0152246004920697 -0.0340307216791324
0.0417286447305337 0.00405989189684728 -0.252802729227656 0.0362784691410603
0.0255661188791557 0.0182794975428739 -0.498393403123843 0.07149975943009
-0.0271327579638896 0.0333449685468473 -0.685959290013103 0.0878864947730926
-0.0746821269084804 -0.0341987791479788 -0.775093998823699 0.0336187343923585
-0.00388682512735425 -0.0779239553862244 -0.638082220734373 0.00316824557156041
-0.00177567852971938 0.0239712949579077 -0.488425506342171 0.0525056683430357
-0.0501789881848039 0.0614068042477799 -0.35790504627081 0.0169155793767075
-0.0388950051207368 0.063780354249723 0.328138179263491 0.0181940996317287
0.0146352458579063 0.0317820147530931 0.441868356585236 -0.0618256014343484
0.0131690732691277 -0.0459927533040834 0.600286303642168 0.00150859783792029
-0.0536923871065028 -0.023909856539518 0.754245734811247 -0.0771329162220715
-0.0172995405461089 0.0193783549655969 0.684024449190604 -0.147553471698307
0.0223114223296286 0.0184847277014434 0.512109415719626 -0.131581022162297
0.0358801859415142 0.00520675407519813 0.269645660168707 -0.0590508603415196
0.0428066097197961 0.00495748522131225 -0.00230305192707189 -0.0361829169958835
0.0425432207498014 0.00520316902216312 -0.238317722131772 0.0314984391271981
0.0244507415975995 0.0222039066062878 -0.490848347629641 0.0523626315608778
-0.0321702271109997 0.0310186916006658 -0.696599527754933 0.0462663710520808
-0.0734232173959791 -0.0445847272305391 -0.788905192260253 -0.0368071438950638
0.00890361927588998 -0.0787147190899321 -0.626410995289471 -0.0542916934789388
-0.00465863761530593 0.0320825227339962 -0.485683527970753 0.0384041389540271
-0.0576578334690264 0.0556699601120338 -0.35200459535489 -0.00393752550941089
-0.0237065321779958 0.0561566166847465 0.335053942472195 -0.00703651986056564
0.0150902572871608 0.0204764232979739 0.437150282561918 -0.0687892535761013
0.00633499290928097 -0.0440010548868589 0.614153260425384 -0.0477663333709905
-0.0498683073333168 -0.016816431995676 0.734492562276203 -0.139519063555022
-0.0126580630362529 0.0168573169152843 0.664722495659282 -0.178130627737377
0.0212010441132608 0.0138438579847983 0.51263388934301 -0.145316751070007
0.0311843457930447 0.0030074057209605 0.28126367771416 -0.0640531983874665
0.0380680001032005 0.00462917645047656 0.0114773382401028 -0.0377123751333609
0.0366933651489832 0.00366841078032985 -0.225388218746441 0.028123451312455
0.0195090245443058 0.0197191050690973 -0.483817459791901 0.0379782907584417
-0.0326776807691138 0.0259755884666139 -0.704608306875607 0.0125131724067665
-0.0625194062023287 -0.0498242212922067 -0.794619546791127 -0.101176194239716
0.0175006673102505 -0.0716073748273728 -0.61161728287962 -0.102763644169353
-0.011533506565943 0.0329772600187404 -0.483801406992843 0.0298050659576154
-0.0517746847935158 0.0406993640131516 -0.346619381539121 -0.0230984440959607
0.0623043775218433 -0.0259326635428795 0.298127123182337 0.0926796496515216
-0.0166453960828664 -0.0279392448520938 0.451697681588044 -0.0191600572884847
-0.00641941975841386 0.00415515465038931 0.52688536659569 0.153453633810683
0.0242960885756372 -0.00175078635471113 0.766463952142126 0.164015254482558
0.0198740553201523 -0.0336905140712807 0.727856133982325 -4.24857092978001E-06
-0.0104318901235768 -0.0148411915437994 0.517924054026821 -0.0748829748812302
-0.0202097747553457 0.00496644826710646 0.2383681387753 -0.0463901731353013
-0.0196861418872346 0.00597934456896092 -0.0386176871716904 -0.0330714551568918
-0.0175415270579169 -0.000612039113826529 -0.27177571273899 0.046690293006498
-0.0123759421888755 -0.0134556876538831 -0.496099952473246 0.115151724643274
-7.87403138808335E-05 -0.0213302550603333 -0.649018907786237 0.181134544209909
0.00820774491082531 -0.0177426906909272 -0.742344548680293 0.180247419067292
-0.0210177969159427 -0.0149149610313625 -0.649541502463667 0.124830983816242
-0.0359230974609349 -0.0260352353460153 -0.489535342517569 0.095013300964817
0.0427862614198974 -0.042784560093407 -0.377652001109488 0.0627715329622802
0.0350405220092225 -0.00631412654375517 0.288439089955686 0.105794927402877
-0.0123406429274407 -0.0134861188601385 0.460556448125758 -0.0183350474276895
-0.00126714680456202 -0.00475239366155617 0.513021788072956 0.161497932321062
0.00807749789410447 -0.00880269476814663 0.76463268418158 0.185864474778455
0.0123564600926629 -0.0232029723826635 0.736995223357172 0.0137733776397058
-0.00501917097095918 -0.00761881636270317 0.515263393712947 -0.0717675628917571
-0.00811279616920536 0.0070609925325663 0.23315599431578 -0.046052646945404
-0.00514251308578082 0.0066141590608296 -0.0439998038578497 -0.031381231419343
-0.00433566315884076 0.00111441981121964 -0.277572516551154 0.0484284617690614
-0.00493882703907197 -0.00662015235491015 -0.498890686593425 0.118797528712018
-0.0057693019825492 -0.00928070025514278 -0.647812124574356 0.185145113370311
-0.00987740970824973 -0.018948113904153 -0.73489865684137 0.189271893051928
-0.0206338532454469 -0.0265015398685598 -0.646579419947771 0.139054757601342
-0.0297548589076775 -0.015689078442997 -0.492197824594262 0.0982291563238096
0.0210397947459747 -0.0164439166854722 -0.374221339898254 0.0682420012295459
0.00272756212896637 0.0133560093164577 0.287433266430499 0.107320326440743
-0.00976506171449757 0.00533354781341092 0.46452377028567 -0.022088982428166
0.00741505906393223 -0.0139696063466262 0.512731833011849 0.153742641003873
-0.00833813154999609 -0.0180531947259668 0.766627825633794 0.180804372355732
0.00107102772294385 -0.0120833824535953 0.736252290519899 0.00459693757509864
0.00246336742337033 0.0022636187762088 0.516582297664656 -0.077514160109257
0.00607642753021112 0.00893373128595324 0.233181664386584 -0.0466111354957428
0.00902392303987825 0.00624224714472763 -0.0441223072253037 -0.0311969528602573
0.0101877613216724 0.00218219223913634 -0.276769688309673 0.0485534592652655
0.00559704058540977 0.000244534742469644 -0.501961432833476 0.114317179716225
-0.00957911089600006 0.00489218470664293 -0.65237598703999 0.176220170680271
-0.0301337623488204 -0.0200381852012341 -0.735608034059642 0.17892815637492
-0.0214840066106987 -0.0415156429561296 -0.642726045294798 0.132703652984213
-0.0209201321983103 -0.0055159296591731 -0.492735290897095 0.0939354964305693
0.00121437406381046 0.0126452745940004 -0.371016550072497 0.0640362498075156
-0.0262636094605109 0.0318199253207035 0.292698537692345 0.0973510829469904
-0.00637595330270259 0.0235765587194898 0.46151846126225 -0.033686301916038
0.0155924646975223 -0.0224842747380236 0.526993429391187 0.134858486430344
-0.0250338290012353 -0.0280555770949752 0.768777875310078 0.140777673604392
-0.00956974159927235 -0.00133794787339156 0.731196961953459 -0.0230642611325385
0.00926233619526252 0.0108027520970204 0.511679971976414 -0.0866216152595649
0.0187061158036131 0.0101513560882677 0.237641090667016 -0.0481873408828119
0.0242342768837714 0.00647723361795398 -0.0383636125532684 -0.0312717753702901
0.023931145153409 0.00272989460641426 -0.2722540907485 0.0462228696642559
0.0146324519730742 0.00650366090253672 -0.501369651550402 0.105349646322699
-0.0152424531343782 0.0186822175930482 -0.661237350944458 0.155437033303971
-0.0500679566608363 -0.0208676229347655 -0.74359352540262 0.148910170599082
-0.0199527143897901 -0.0554474693903972 -0.643415933877871 0.103038969436673
-0.0131227161467757 0.00335499836690101 -0.493056853894845 0.0839357296985602
-0.0178305649699004 0.0363211063233488 -0.36805792798273 0.0523687899123044
-0.0433229286627066 0.0488461197726526 0.304794975827785 0.0758153450557504
0.00120256840194967 0.0359220576214569 0.455370125685336 -0.0452691828475327
0.0203172063690841 -0.0326346093351664 0.5501574279804 0.100698605649038
-0.0401051504504164 -0.03092496848876 0.772005753852838 0.0768139764264376
-0.0166220372717126 0.00912575882865978 0.718274534557158 -0.0613483428737493
0.0158741375764525 0.0175316509266066 0.511129504569302 -0.102678549742495
0.0282688021499874 0.00939927497812296 0.246174401147299 -0.0509931822110958
0.0349301472817986 0.00681919503503515 -0.0290064759870173 -0.0316730086810494
0.0353523217903233 0.00293944790962023 -0.262856364849905 0.0413847766975807
0.0217395536034216 0.0128214944149534 -0.500389240858329 0.0901911893112879
-0.0207832375989442 0.0263567788968634 -0.672064770133223 0.125585613882909
-0.06671595781212 -0.0264316837862452 -0.758876666816612 0.0971297154600356
-0.0141506941623612 -0.0692528310412974 -0.640718985064334 0.0558840914243059
-0.00449850634450803 0.0146221957925321 -0.491053127465818 0.0684458830810784
-0.0351694075893161 0.053937428957288 -0.363444144373922 0.0355028898630011
-0.0476449256441113 0.0606673368000774 0.318323423227057 0.0482240902138297
0.00971020770108144 0.0379089508908202 0.446233920720609 -0.05484051344082
0.0188675922921498 -0.0420977097602623 0.576167382776142 0.0552622342470572
-0.0509542232402175 -0.0294175305632747 0.768028508275352 -0.000250356359230458
-0.0196977485637377 0.0157751168623585 0.700937926815741 -0.106554835569551
0.0207322174250874 0.0195094893137106 0.510466972815195 -0.117183034324365
0.0356615646849682 0.00806569978855201 0.257777468925935 -0.05492740617318
0.0416977447174903 0.00634333598715171 -0.0155659259208469 -0.033910202754951
0.0414811872179204 0.00366221876581782 -0.251573458530199 0.0360488023598148
0.0252443771038172 0.018863868088878 -0.495948144414444 0.0701579083483367
-0.0265487234331123 0.0318272058540953 -0.683971183315255 0.0871933581718594
-0.0747268836611165 -0.034001495813867 -0.77290275277172 0.0350752645707286
-0.00410070311073241 -0.0774748167933667 -0.633949029674319 0.00211610885619689
-0.00219243676724878 0.0247062936463967 -0.487762675159668 0.0516656061836054
-0.0501058109668562 0.0608628574063779 -0.35723072886514 0.0156246690003964
-0.038881860664085 0.0631221793623147 0.327421462854205 0.0203767302580029
0.0149633468272813 0.0316760287372591 0.440262720087062 -0.0618130991519903
0.0128718068036992 -0.0462632348111187 0.59792375547235 0.00352445022675473
-0.0546612704715179 -0.0246372192955598 0.752243171704751 -0.0758125221855362
-0.0172379635531071 0.0195974284551684 0.681031159511876 -0.148866985741445
0.022583449624148 0.0177134350299097 0.510735712075585 -0.130660662619967
0.0350042747340262 0.0067370917957932 0.269852824243598 -0.0583923985303538
0.0432616014812073 0.00532020381430734 -0.00128860354105501 -0.0351848520453328
0.0418284709926442 0.00451687194382532 -0.23672961379998 0.0313852657328596
0.0242616481010344 0.021305110568394 -0.489725213217741 0.052309803605911
-0.0319013307692564 0.0313631057993376 -0.693670844948851 0.0473338475094232
-0.0724658947236903 -0.0450609504439547 -0.784796226208044 -0.036796612672626
0.00787235400913032 -0.0776637092213386 -0.623980335430694 -0.0544808466117472
-0.00402580308770598 0.0322279696372036 -0.48336660291265 0.0365090301321037
-0.0571612198370561 0.0548928588381002 -0.351590185923333 -0.00484637183211079
-0.0242448291433095 0.0554543246415649 0.334352998943736 -0.00684867846117466
0.0156479932017739 0.0203950921044988 0.437561173448797 -0.0684818224809996
0.0055216480663985 -0.044133736734526 0.61285598244754 -0.0454195034496945
-0.0493696378813359 -0.0165465794714585 0.731505848488137 -0.139933851717088
-0.0127831528691038 0.0168759472484563 0.661746187846003 -0.1802656259923
0.0213833677682383 0.013456848504735 0.510408645024012 -0.144614805655464
0.0314807289364529 0.00441383270883206 0.281304909514991 -0.0650925973142154
0.037294921178578 0.00459514097137264 0.011141934012709 -0.0366186677258152
0.0375445302807199 0.00462803904383185 -0.224097209414256 0.0282871730847396
0.0191114657137857 0.0207009597227586 -0.483720912367892 0.037749862267101
-0.03330968770079 0.025608686616193 -0.702810395463818 0.0115151654848732
-0.0622869182987404 -0.0501249719284426 -0.791257890075568 -0.10012473940438
0.016754970851976 -0.0709172548556885 -0.606608842909411 -0.10148268232082
-0.0105425743668941 0.0323313776015235 -0.483656979087941 0.0292670416657646
-0.0516228170433432 0.040206105473666 -0.34509900027603 -0.0235787370889946
0.0621230955226 -0.0261801559700985 0.29733147016989 0.09305249370877
-0.0164343700670891 -0.0275513639711318 0.451211952168211 -0.0159253733824007
-0.00681438549219134 0.00439885747431561 0.526420440505672 0.152983982103404
0.0236406556369284 -0.00224481381949768 0.764797899492343 0.163851638084106
0.0206891837719296 -0.0340577335527617 0.726414913441142 0.00332651620218082
-0.0109514697914366 -0.0150023432057807 0.514918470331617 -0.0748996771128795
-0.0191502988508616 0.00564297689543073 0.237094750236273 -0.0457404422968873
-0.0196541402289596 0.00574472055881964 -0.0378350163521237 -0.0315282183542397
-0.0171262720697984 -0.000452229435414444 -0.270862422032559 0.0470437920324725
-0.0127899402567156 -0.0136053496834413 -0.49440165032113 0.115313258571159
-0.000468294930286389 -0.0219471589696629 -0.647546155124827 0.179775732501133
0.00934352994778979 -0.0175447136616698 -0.740614427906992 0.179274446441575
-0.0208071182519412 -0.0147584786837836 -0.649433367719642 0.123818763042643
-0.0357369790418842 -0.0260854956136489 -0.488384702247412 0.0948175235402762
0.0435255400911944 -0.0421763680555361 -0.37838477364711 0.0624663918679342
0.0358622336134436 -0.00680295375643407 0.286065796838645 0.107706000456012
-0.0118834557537741 -0.0133839354339816 0.46051889988746 -0.017650408682082
-0.00135196442662117 -0.00452614511069142 0.51276131463533 0.162353720481824
0.00853242320676249 -0.00811949687502726 0.761965260875014 0.189664641552926
0.0124746490708121 -0.0239795077013892 0.733419226383519 0.0154943930327069
-0.00423708761177786 -0.00763210353341939 0.513742834294253 -0.0721327106694776
-0.00709756099883059 0.00719633734094352 0.231423019127676 -0.0469968476878383
-0.0053980417638212 0.00581119600353267 -0.0435771054701118 -0.0307781236876972
-0.00465461898708909 0.000904635399034097 -0.276007688898733 0.0482741643299061
-0.00485012794069719 -0.00585922605225462 -0.498009335023579 0.117258605404143
-0.00449736628442271 -0.00910339911056581 -0.64556956893247 0.184551936567577
-0.00944052017850402 -0.0180619510981629 -0.732431499402765 0.18936376693833
-0.021519463028237 -0.0262450983788026 -0.644866679089196 0.139048428357697
-0.0293802400679665 -0.0147634386037132 -0.491322659126849 0.0979874878952145
0.0213088427616296 -0.0166757014882933 -0.375082719991751 0.0659868849829644
0.00305070604475466 0.0127020634838614 0.28639762067285 0.107316747525062
-0.00964142073954155 0.00556713509156055 0.464802728283851 -0.0217730573934116
0.00671240697414427 -0.0136264298304247 0.513145669406059 0.156579740517652
-0.00763068085791974 -0.0181605575206709 0.762053267342609 0.180821749690571
0.00114714689423473 -0.0129749080847811 0.736003273728493 0.00546288747605669
0.00222008146256989 0.00187480840132008 0.513818306099923 -0.0778009665932141
0.00623205226257002 0.00832763755309281 0.232413831840691 -0.0465421522922727
0.00972595401688201 0.00705984865091606 -0.0445083313372738 -0.0304934711082247
0.0102491140141637 0.00159945397897065 -0.276098008482461 0.0480668617286908
0.0056799265582288 0.000379885865891841 -0.500718870241141 0.115799577877577
-0.00955190498549986 0.00438353156594115 -0.650252385010882 0.174545404281161
-0.031103148480676 -0.0194498906344065 -0.733231387476441 0.180172631955498
-0.0222499531079403 -0.0404526623742003 -0.64218195528886 0.131866630379554
-0.0211557391035027 -0.00520218846132768 -0.49351659546109 0.0936458861122727
0.00193853236642478 0.0104465786165094 -0.372261548583727 0.0628022875584097
-0.0256141848675827 0.0310800937266771 0.292063679624032 0.0976513054934558
-0.0060318805619448 0.0237730119751244 0.462690649605052 -0.0321829013056802
0.0160135188163275 -0.0221013327839837 0.526520722127604 0.135864755844187
-0.0244223555321712 -0.0267280401456914 0.768816019570128 0.143176700785835
-0.00888372165132035 -0.00172673468958225 0.729345425746456 -0.0212791714023422
0.00866493797624202 0.0106286767481761 0.510944326617813 -0.0872206525653439
0.0183298062750064 0.011012187346952 0.237001820996257 -0.0479734774725732
0.0234052732703658 0.00688128884173118 -0.0388832387263483 -0.0308275234768192
0.0247405081389835 0.00241070214845054 -0.271021802841029 0.0459695313285488
0.0149737181109402 0.00792290441817667 -0.500203887400803 0.106039363934821
-0.0149617337055972 0.0172072288318044 -0.658796221712384 0.154206165875175
-0.0498945860409387 -0.0208732059632465 -0.742663063785666 0.148525981134079
-0.0203716979534338 -0.055339373611613 -0.641878204558075 0.103761194594254
-0.0112807312904177 0.00393834886668674 -0.492477635205614 0.0823527786758129
-0.0174179881675339 0.0354423760279383 -0.368090071312225 0.05188676506886
-0.0437542016809489 0.0479507773258727 0.304228409809425 0.0781486628746233
0.000861494072873319 0.0361749226855296 0.454539031333041 -0.0436472716560298
0.0192423563876864 -0.0331624561842169 0.549428099445082 0.10279209358579
-0.0405232170569233 -0.0308088942680981 0.770765172609841 0.0788169605246141
-0.017112231084465 0.00905187808922153 0.717093517011886 -0.0626114537532238
0.015678850833104 0.0167795487881618 0.510001383317919 -0.102284572357891
0.0292905415328094 0.0107605054543685 0.245631526952906 -0.050410451987687
0.0353027291035244 0.00623300652442468 -0.0291841136687346 -0.0320841171444161
0.0353512109685963 0.00259361206303101 -0.262160915521231 0.0414768514358374
0.0220429076215219 0.0143143021243169 -0.498349687930996 0.0897597573650284
-0.0208006220992673 0.0264357437705428 -0.671723550588977 0.124323641796504
-0.0651229857494858 -0.0265612892270571 -0.755160412820671 0.0975424447929004
-0.0144529027969984 -0.0697487508519023 -0.63981578690259 0.0572230232814431
-0.00483764464269259 0.0145228745730939 -0.491188373252658 0.0663228017151776
-0.0354509209385632 0.0533169845183799 -0.362211831642342 0.0337119178598107
-0.0472206114363164 0.0595429148750245 0.317637949478348 0.0501171580112939
0.00979837452970318 0.0376839175716187 0.445976450598422 -0.0534608186159383
0.0191045148062274 -0.0408989774702602 0.575921970006161 0.0559353186441694
-0.0511940330826787 -0.0298681454690326 0.764010131886548 0.00193758162449042
-0.0193463540540734 0.0163517009371257 0.699466369507497 -0.105621507058814
0.0208189318522515 0.0195581858319477 0.508999279161944 -0.116115284699232
0.0348835993465423 0.00934982770802899 0.256728090545651 -0.0537559590067139
0.0416959443782583 0.00641910444237859 -0.015876922039821 -0.03343995876684
0.0417767003106524 0.00443246190985864 -0.249885971988693 0.0364456617183883
0.024917982019289 0.0186216759688074 -0.494989374298137 0.070466806264922
-0.0269891075183605 0.032374478576223 -0.682704923284554 0.0866326764678137
-0.0740224798945684 -0.0346444464855529 -0.770456414823858 0.0347246442287267
-0.00443700443364867 -0.0776557188362978 -0.632780964857017 0.00189464082503903
-0.00208167154309055 0.02570589630548 -0.487548582328018 0.0506518643430959
-0.0496120319520633 0.0596672999169243 -0.358230683090441 0.0152152354747376
-0.0384851123521395 0.0620253966554254 0.327684890650218 0.0213008929694321
0.0152636647157308 0.0314531731733543 0.439769077111531 -0.0608166688587458
0.0126369510616402 -0.0457219416180596 0.597586224394951 0.00465765359648143
-0.0547788843835362 -0.0229604328441489 0.750172087681797 -0.0737151336642266
-0.0178085177690054 0.0194635076349443 0.680536215392747 -0.147196725136426
0.0227138659029882 0.0179684868590106 0.508495468044011 -0.13171667334102
0.0358260675233193 0.00698225801087603 0.269104752736174 -0.0588027065690854
0.043218420365288 0.00551812382849165 -0.00130771632985042 -0.0348455002548472
0.0424876862605959 0.00406646758819045 -0.235032800901449 0.0312554879851031
0.0240692021071989 0.0222307935008347 -0.48757412394414 0.0522132236268064
-0.0324863851652402 0.0315719717711516 -0.692834223187738 0.0467751828947236
-0.0729144285464786 -0.0435227372156576 -0.781421917235203 -0.036086766183481
0.00758236753189523 -0.0777014360372091 -0.623360147271016 -0.0541831339416162
-0.00394328894227776 0.0320026335896315 -0.483350034914452 0.0351290642342621
-0.0569819610379187 0.054120832372544 -0.350860038326778 -0.00603010724317119
-0.0230888677851932 0.0552263900978585 0.333532022954265 -0.00450748571903392
0.0158512072745139 0.0198879099990506 0.437331842904136 -0.0652686024655377
0.00593321125537912 -0.0434718673205553 0.612331168346463 -0.0454716583232522
-0.0493419096607825 -0.016344896039456 0.731696753400761 -0.137048457063329
-0.0113451244672482 0.0156268629367792 0.660649167272052 -0.178632261860708
0.0219299215006184 0.0138893989369231 0.509603467072335 -0.14442446343256
0.0308612313381031 0.00477951548207524 0.280132792086878 -0.0645604070377196
0.0380221990604155 0.00489289057795183 0.0115005923418972 -0.0362357287126076
0.0369495450453176 0.00464277928807323 -0.222693587051853 0.0286657785072201
0.0187126444149436 0.0210004106495751 -0.481507733146668 0.0369134956174474
-0.0328612229599369 0.0244844222396389 -0.700752426951468 0.0119354295289413
-0.0625854985334878 -0.0495382358298388 -0.788796543531976 -0.0990182520453076
0.0160785882382155 -0.0698311917910801 -0.606741306843136 -0.10232918035493
-0.0104170603961881 0.0337900073275151 -0.482373553500904 0.0268392728392626
-0.0520174331361651 0.0392994313294166 -0.343874413553769 -0.025023922219051
0.0629060996125331 -0.025847012588828 0.296941659265717 0.0947467453084661
-0.0150428852509279 -0.028217618599118 0.451023052329775 -0.0136603134402241
-0.00743110281317185 0.00368581041414338 0.525291369983058 0.154051330421106
0.0238398932585128 -0.00180548811371636 0.764679678756975 0.16657265662134
0.0199598185496901 -0.0339260906439963 0.727528699826451 0.00367576244058705
-0.0108523719939889 -0.0154620105918005 0.515045313562398 -0.0745749847145138
-0.0195922910780651 0.00603635583341565 0.238092991151499 -0.0464115876622174
-0.0197379161489196 0.00638140799324818 -0.0387059727175403 -0.0316067110793584
-0.0169475269347441 -0.000742609831897585 -0.270707866399729 0.0468079947516911
-0.0136018616559644 -0.0135731553624321 -0.493471953079984 0.115300523850968
5.1554488700218E-05 -0.0220915116957344 -0.647453575894497 0.180527455118249
0.00884305358434358 -0.0176646710685158 -0.739492607511899 0.17994245879522
-0.0219757279635409 -0.0142275075896328 -0.647312408749377 0.122923840804821
-0.0354894857069276 -0.0246904897720383 -0.489595459502047 0.0925400555470496
0.0439219518445666 -0.0423791158080737 -0.379528026420097 0.0610937096887546
0.035333370135647 -0.00641104493588389 0.286639451287214 0.108548278212932
-0.0109767288797201 -0.0143745223780126 0.461897256437734 -0.0150418108225849
-0.0025229021810221 -0.0053185474513346 0.512220704322125 0.164043875614513
0.00833090111749171 -0.00822844689977088 0.762617359154741 0.190126875066663
0.0124377588694073 -0.0235909638790511 0.734466744840813 0.0150107838392028
-0.00408667388293484 -0.00795230152964452 0.513561951785153 -0.0721072321191278
-0.00707470752114188 0.00770901859492425 0.232000549382292 -0.0470050588207625
-0.00599902344520843 0.00658991806813434 -0.0430709711301772 -0.0298265403703446
-0.00496074207676065 0.000442760301703553 -0.274499817514455 0.049372577657749
-0.00460089078807987 -0.00765180246121002 -0.49788579456644 0.118083119636498
-0.00541092852641726 -0.00923321324353036 -0.645994556540359 0.183094360205777
-0.00998657759278982 -0.0191361443934237 -0.731131304175384 0.191300842419584
-0.0219614793839661 -0.026271146454593 -0.6425894851118 0.138136916310614
-0.0288494336990446 -0.0142816683424443 -0.493256333208953 0.0959717360053389
0.0223862263186777 -0.0171722203319255 -0.37537838606596 0.065285252552479
0.00377424686974127 0.0120589688051607 0.284608013168358 0.109598130682962
-0.00972644689885472 0.00487154343022707 0.465060150259284 -0.0201489934609153
0.00717613469624704 -0.0136622855790345 0.513035807621229 0.156860300420193
-0.00807848649131183 -0.017780434693915 0.761707712397454 0.183664305994901
0.00104772913472314 -0.0127321159895236 0.735111589527863 0.00602915267365299
0.00222640878518822 0.0014065091818754 0.514083580734806 -0.0778891830579249
0.00581118335649336 0.00965179045392141 0.231847555196035 -0.046156130080638
0.00917426204753735 0.00679272900355477 -0.0438842081370921 -0.0299999033091969
0.00983666588879591 0.00166025660613268 -0.27555384469275 0.0487291212127266
0.00572331517770984 0.000534605845223857 -0.499561388753079 0.115809024658035
-0.0097467768745886 0.00405675342918296 -0.649601410975065 0.175630304031724
-0.0298892891176678 -0.019812827104418 -0.732193804750398 0.182244545008645
-0.0228204690180368 -0.0398846419426881 -0.641040154811731 0.130829359325568
-0.0200704648962586 -0.00441395817553112 -0.494531818771367 0.0916455331184919
0.00217338517246125 0.010458692895202 -0.371564328084158 0.0619068136424665
-0.0254533446207899 0.0307002478356378 0.291774696707769 0.0994662625659499
-0.00599840661633665 0.0236231523109544 0.4619428478429 -0.0292677271155033
0.0153973086102936 -0.0233944386352993 0.526884043735537 0.136547721989825
-0.0253118789379818 -0.0269293465751324 0.767092753093181 0.144418758919268
-0.00853843163469181 -0.00223338281670296 0.728992445065877 -0.0192595245569098
0.00898395865303686 0.0105124799487328 0.511067235331158 -0.0874000003889349
0.0184052601665446 0.00974597140531175 0.237389785795856 -0.0473522021447655
0.0234360964230153 0.00644195296835565 -0.0386507155471752 -0.0298451490321286
0.0240751605152999 0.00159293613216006 -0.27069926367912 0.0461743590932184
0.014968600854124 0.00679330551072619 -0.500898830871808 0.10404948917216
-0.0149223072646582 0.0171307323786471 -0.660350415239201 0.154073965247872
-0.0501798440096244 -0.0210223420655255 -0.739803501092297 0.14803213216387
-0.0207651010475979 -0.0554796447710161 -0.6403298229826 0.102067092214031
-0.0115585984804029 0.00456772812370387 -0.494480898019314 0.0819283335635569
-0.0165005071000485 0.0357630811600756 -0.36834763107824 0.0507765427799417
-0.0425608610531143 0.0470036934085817 0.30394853504167 0.0783695186145425
0.000637999348374657 0.0353228717988365 0.453765939190533 -0.0413252882663675
0.0195521744327888 -0.0330946138500799 0.548336515933391 0.102068171800499
-0.0404939936805658 -0.0313851394328791 0.770087173918787 0.0799148255642268
-0.0158714170552882 0.00789188347164205 0.718551093270429 -0.059767502658898
0.0154121781606121 0.0173828697630271 0.510924543786914 -0.101124598160531
0.0287927604063142 0.0112771295866827 0.246304567102543 -0.0503982519520889
0.0350065284160177 0.00595441135379217 -0.028128307699589 -0.0309535835962352
0.0350837715421213 0.00317521201315995 -0.262438541072407 0.0419973190199807
0.021809220089276 0.0137477295362059 -0.497118863351678 0.0895184981804498
-0.0205271957350275 0.0272617978403254 -0.671535715410272 0.124115439294454
-0.0658179378065652 -0.026347187230194 -0.756361250566945 0.0967368966443524
-0.0153738187453763 -0.0685978600235482 -0.637583016447669 0.0561097772352005
-0.00459028839087976 0.0146583858131748 -0.491342831633545 0.0653047177361697
-0.0348263440093974 0.0525353042389833 -0.363628616189791 0.0347107409098341
-0.0473329191127906 0.0583178220095898 0.31782946483084 0.0522420579192024
0.00946208415488153 0.0379713794831225 0.447437391549167 -0.0510628327355767
0.0186762618605751 -0.041866858408603 0.576201468546204 0.0570932961876431
-0.0513729664868549 -0.0295635631299709 0.765758520295983 0.00238550074825658
-0.0188211947267804 0.0160759032698612 0.699352049779587 -0.10460125948814
0.0213059710973859 0.0198678379945856 0.50761284367513 -0.117156719371257
0.0345170815543199 0.00874435293869628 0.257422652359882 -0.0533856035144575
0.041850994044325 0.00576222417642204 -0.015227439006876 -0.0325670438697439
0.0416945471887017 0.00342708863533024 -0.249339271033954 0.0357214344098601
0.0257547537415478 0.0190333387707052 -0.49349985454171 0.069754109968153
-0.0269627283038133 0.0315677789898245 -0.681934846783733 0.0849232050309994
-0.0743778094832591 -0.0352058566905789 -0.769922543755735 0.0348801405133929
-0.00410384588981349 -0.0775825212931752 -0.632497877122579 0.000579439740508806
-0.0019432404725919 0.0251806796193619 -0.487834506800181 0.0484950218301872
-0.0495086370429385 0.058897679355439 -0.358529586448523 0.0144056570363056
-0.0393840928113044 0.0610811867531364 0.32670680748525 0.02333255699556
0.0153888299944875 0.0310820685264245 0.441099741893393 -0.057771813757194
0.012866947022185 -0.0461314756661774 0.597680274836636 0.00499624269959084
-0.054436902549531 -0.0230232794511837 0.75002760386171 -0.0730870214718697
-0.016902242036459 0.018746679609378 0.677262626360982 -0.146036051554992
0.0230557630746015 0.0176724979400725 0.509323443711629 -0.132215732750853
0.0359874800460956 0.00717596124728972 0.269240456148763 -0.058610505070735
0.0431307879986662 0.00538792045325366 -0.00143972097668202 -0.0344594032598758
0.0420918437132787 0.00504119252865255 -0.235119726749103 0.0317322001152349
0.0238283885374747 0.0214157838861417 -0.48609424308859 0.0524224604342249
-0.0318061524052196 0.0306206788552007 -0.692780092129485 0.0442059251572974
-0.0732384540389277 -0.0443040400315842 -0.781442103323326 -0.0351220888497612
0.00742355180148455 -0.0767030183064525 -0.621229377297217 -0.0549203690142736
-0.00431569608625964 0.0329494072868779 -0.483545904492794 0.0334425554678126
-0.0574213590607798 0.0530126460325335 -0.351262176575299 -0.00780692626698706
-0.023513777672417 0.0549565229698605 0.333206871060755 -0.00314241571962014
0.0160514149890727 0.0195406011063445 0.437350363509706 -0.064687389172184
0.00545824573494992 -0.0448009431598954 0.611735899314246 -0.04418105576573
-0.0493896894070141 -0.0168829634752821 0.731667884420925 -0.137270268431551
-0.0114207014804416 0.0162865243926385 0.660861097451977 -0.176981813711111
0.0212396964609833 0.0127834009593571 0.510129164954129 -0.145346450969093
0.0307741383527013 0.00534892394020014 0.279853805281305 -0.0649947403331864
0.0370590847401032 0.00457817900064743 0.0112424657033854 -0.0359438117987232
0.0374381259878728 0.00377285292819912 -0.222614585589069 0.0285018897610958
0.0194142270660905 0.0202567166863452 -0.48091045493136 0.0372839951721797
-0.033561151563289 0.0243497450000512 -0.700085285005538 0.0102289210800061
-0.0621356669773213 -0.050260625466551 -0.788092151915318 -0.099677284695753
0.0164800119894545 -0.0698027489199815 -0.603833475892893 -0.103159124431039
-0.0103912422594391 0.0334879143164965 -0.481761662525776 0.0253756067544148
-0.0516188878225523 0.0380624923162424 -0.345409344201305 -0.025375592695752
0.0635170804381083 -0.0258775219303488 0.296522932373941 0.0967271162188996
-0.0150056365210351 -0.0283823559883251 0.453629261142455 -0.0125382809589035
-0.00792397898912049 0.00420910232226057 0.525839669551281 0.15591274546625
0.0237335578221738 -0.00191735185438857 0.761912699216875 0.168781881722038
0.0199006475432108 -0.0351285178847192 0.727386722057871 0.00593762366941551
-0.0102233620366847 -0.0154274055998841 0.51500376795716 -0.074327489056676
-0.0196426914239997 0.00553602692202039 0.237174158612403 -0.0464738193939519
-0.0193633371829622 0.0064502855389886 -0.0383815914813403 -0.0307286586204401
-0.0177877906777371 -0.00124057921032034 -0.270159329127493 0.0468309330450546
-0.0126463558198967 -0.0137828004812938 -0.494260510770971 0.113846285484757
-0.000193246966314828 -0.0215861402216915 -0.648721359074204 0.179379280346235
0.00926245706094384 -0.0171486560595493 -0.740724009980996 0.180399664809701
-0.0227937011851918 -0.0142913945454755 -0.647298330268321 0.121243665375321
-0.0342915964442771 -0.0243333356768411 -0.4904557469369 0.0920338114752464
0.0441019245072577 -0.0428137172707144 -0.378104582285988 0.0601636691756773
0.0356921287122767 -0.00605173567194657 0.285611679961348 0.110292981745668
-0.0102456227938898 -0.0145841913667599 0.462270655534213 -0.0126810089712324
-0.0022572920051267 -0.00475273531199867 0.513640382388127 0.165027186699897
0.00767829273868243 -0.0081775263976624 0.75997758256526 0.191979163779974
0.0129697786173798 -0.0241512818335234 0.733679446823182 0.0167120368544881
-0.00381391996201305 -0.00800009719910218 0.512023642276502 -0.0722542475563132
-0.00738486127584649 0.00782331070679375 0.232812866225911 -0.0461776865369477
-0.00595829336756217 0.00625657528179969 -0.0436729457899406 -0.0294739538173547
-0.00437958781457256 0.00066047712748785 -0.274273948412033 0.0493053799953344
-0.00493734985993915 -0.00688731812184563 -0.496461926210781 0.117572822150348
-0.0052176440776054 -0.0101505967899579 -0.647631027118183 0.18382471718474
-0.00980742113664852 -0.0186448909541926 -0.731394050853461 0.19235646587967
-0.0220400527687726 -0.0260784586080458 -0.644366849376433 0.13597709616747
-0.0282919214224836 -0.0145280365712927 -0.492961046499086 0.0939171559121888
0.023294184996801 -0.017411890970586 -0.376181616860794 0.0654551679099724
0.00400002691028571 0.0116250503813504 0.284523551342992 0.111714358150907
-0.00866525557252627 0.00471426776478678 0.465992212263113 -0.0165928125474656
0.00585207898578071 -0.0145375760060808 0.513953867382325 0.159118631548793
-0.00801658708843417 -0.0180588940123924 0.762397668875616 0.184770321889986
0.00132460540942963 -0.0122768222209876 0.734308575999337 0.00921391633793058
0.00322894875830516 0.00185240862849608 0.513917261111484 -0.0768275219124913
0.00584243012904301 0.0100134668345948 0.23157095296992 -0.0464589823567278
0.0093362430881089 0.00692999795847101 -0.0437189201927272 -0.0299111189309949
0.010652589811093 0.00173084683832095 -0.274198952498528 0.0482087186931941
0.00499843207195913 0.000483961008739483 -0.498912515505449 0.115955098649742
-0.0104299333264025 0.00486896162549884 -0.649917664519698 0.174365782973199
-0.030589063099207 -0.0197586011741573 -0.733132731023394 0.180924313499791
-0.0226201056261393 -0.0398539507371663 -0.641314783018176 0.128525530400139
-0.0190471562147454 -0.00440685221633266 -0.494653724216251 0.0911163897135607
0.00188958636038175 0.0098724215964829 -0.372555156191799 0.0605676198124534
-0.0253150823886861 0.0299297157920304 0.291016260362791 0.100500555583407
-0.0057954785050408 0.0233373709550272 0.463211993828985 -0.0289055674694208
0.0145460971081174 -0.0234271833346895 0.525516289606831 0.138364290562837
-0.024706273242439 -0.0265944656133538 0.767161751340475 0.145193332996084
-0.00889953447356001 -0.00214874427355879 0.726798475555075 -0.0168806176741307
0.00935997658636653 0.0105399300683955 0.511146212257745 -0.0861661186524985
0.0188836955439807 0.0105796512480379 0.237413380249192 -0.047738648884455
0.0243885805801415 0.00649127924966442 -0.0380314076982673 -0.0304608017160479
0.0244553143127375 0.00258356141141172 -0.26953582637461 0.0456319290410877
0.0149688686016269 0.00673747180350703 -0.499491809007812 0.104835495043436
-0.0151288977376862 0.0168501684259445 -0.660503183017737 0.152786381771093
-0.0500896596218882 -0.0214001923918227 -0.742022929339834 0.148837525629407
-0.0206659812812383 -0.055524404412019 -0.641326265472162 0.100919293594504
-0.01050037196611 0.00486815934968287 -0.494582314692538 0.0797559615140842
-0.017703876312541 0.0343938281901625 -0.368293973979736 0.0496145331461058
-0.0426696314983525 0.0469043280620755 0.304636341534723 0.0810874763581098
0.00117872149620393 0.0357585123918977 0.456619811656744 -0.0398992644250215
0.0194382027600646 -0.0324209092968524 0.549940555649282 0.10447159885056
-0.0403832786201513 -0.0311889584677596 0.768936771438898 0.0824243812617241
-0.0161035843441331 0.00825315574721699 0.71759882990017 -0.058161945874245
0.0155355882097627 0.017306274809182 0.510578302196616 -0.101662150364544
0.0287934248491167 0.0105834120634324 0.2453731400291 -0.0500208512028933
0.0365314467712285 0.00649122744830696 -0.028968057380823 -0.0312156700620879
0.0350585342518747 0.00340414038988475 -0.261576687626843 0.0405037175163742
0.0216643289282021 0.0134116181657096 -0.496622134539523 0.0885068058989053
-0.0209913027335824 0.0267392518927112 -0.671845249226843 0.1245047461249
-0.0653287024017796 -0.0266305394008121 -0.754845919505986 0.0967423249128648
-0.0147957296563757 -0.068778877996658 -0.63817163777867 0.0537544095736453
-0.00328491617371621 0.015221719554142 -0.492495344718504 0.0646159872775389
-0.0340988702362673 0.0509688029638358 -0.364063276486684 0.0333368958620103
-0.0473835473681935 0.0581000632352181 0.317390148598119 0.0538452880007273
0.00969266835727858 0.0375380317277716 0.449199857181719 -0.0486870564014991
0.0181096338871013 -0.0417630660075149 0.576403119638616 0.0596056354467203
-0.0516338371065692 -0.029705767796939 0.764664915281048 0.00451749991591256
-0.0185769278224809 0.0158275630854969 0.697493989542079 -0.10358961173143
0.021068590457842 0.0191236512682954 0.508607708401 -0.116502134725073
0.0353368218730136 0.00933161126172136 0.257424583139291 -0.053795064255691
0.0426138871443876 0.00595576537027603 -0.0152334936519938 -0.032551592506955
0.0422646429955197 0.00253099271612752 -0.249145888701808 0.0356684627741758
0.0247455110872838 0.0186807864432446 -0.493480196614913 0.0685636407786255
-0.0271707887287161 0.0318715682209104 -0.683488425871979 0.0846569762910621
-0.0739122569093043 -0.0347544673065501 -0.771513022545319 0.0328086684120156
-0.00432056871731738 -0.0765458439638242 -0.633445595784294 -0.000157085918168328
-0.00089110743724613 0.0253692244000389 -0.488175917281895 0.0484927534628542
-0.0489520674292669 0.0574937732879107 -0.358289006919362 0.0134646746631495
-0.0388812931602891 0.0605976763679664 0.328029296064247 0.0247081844552062
0.0161569524443627 0.0312977570242492 0.443190090971492 -0.0580181214643293
0.0118073333843216 -0.0459321669350915 0.597775539585253 0.00711908572488713
-0.0549130926384487 -0.0240045323285041 0.74918222242185 -0.0714929225468347
-0.0169126466026462 0.0188736794631209 0.678061704322167 -0.145973860606786
0.0227989961788576 0.0174366307469795 0.508398366551867 -0.131676508944974
0.0358697859950072 0.00746824457655254 0.269611467901832 -0.0582259719445993
0.0430775005140432 0.00560895040365957 -0.00133231132769274 -0.034412260022895
0.0424633509260284 0.00414521515519027 -0.23499734515439 0.030768007623714
0.02397737532418 0.0215987663533425 -0.486005365943758 0.0508184976172867
-0.0319421307043406 0.0306131565294234 -0.692472419893267 0.0436581321325005
-0.0722874942259322 -0.0449693477522512 -0.781307211527764 -0.0353369251839165
0.00764807682385447 -0.0775231061809679 -0.620170589921766 -0.0560737785312597
-0.0029285315800151 0.0337220036977827 -0.484657804605996 0.0312635069190432
-0.0560949126928281 0.0524874496176553 -0.352079571433593 -0.00797083542611417
-0.0230718557887205 0.0534619379727226 0.33433685092286 -0.00183334223011841
0.0168630666623691 0.0204120765864619 0.438476177890917 -0.0624610944958416
0.00615001206968767 -0.0444724525641535 0.61185677149692 -0.0418860374040543
-0.0491818343678945 -0.0168386262951839 0.731638166206333 -0.135722478482479
-0.0119199754228552 0.0155235619600468 0.659960942865098 -0.176354157597637
0.0219872486450804 0.0130148462956275 0.509732066502017 -0.142906870300691
0.0307513391290658 0.0047847559941123 0.280669420785941 -0.0639930615343323
0.0375752540365307 0.00457707964513375 0.0117695509654602 -0.0351955763743826
0.0377103362823108 0.00353253280697236 -0.221387742614032 0.0292198689646706
0.0189898192952608 0.0208937653079412 -0.479456947827174 0.0376164735123314
-0.0334943471359173 0.0236486785785683 -0.700903955757927 0.00904215346762031
-0.0617541483085316 -0.0509006114564707 -0.788609085405545 -0.100980413000345
0.016234016775423 -0.0684885988120369 -0.603616567184771 -0.105932827444353
-0.00981566818276884 0.0344141143020695 -0.482785854203605 0.0239929051816281
-0.0507783265829377 0.0377454884511127 -0.345361114920679 -0.0272610098823547
0.0641821383389928 -0.0260108337489303 0.296187406121337 0.0993173454308601
-0.0137830917594237 -0.0287062530132756 0.455506338500257 -0.00990716445197045
-0.00853321310530031 0.00349177834138917 0.527592140487343 0.157535120703091
0.0229379994669299 -0.000889829080016042 0.763568581194124 0.16998800788565
0.0203870040894529 -0.0344663571659622 0.728330690341538 0.00724874822012794
-0.0105185010589141 -0.014922505278116 0.517472181209984 -0.0732990618176808
-0.0194691823027163 0.00660932601053675 0.237163473104167 -0.0458326261226278
-0.0192792415888139 0.00601351325335298 -0.0378414779016236 -0.0313173445720852
-0.016509580563649 -0.00124063440967482 -0.270436514909372 0.0466929982447178
-0.0118893964608249 -0.0136973725945617 -0.494172814690078 0.113183319382482
-0.000892942986709605 -0.0218212887335827 -0.650284720208206 0.178195474818461
0.00941001499376914 -0.0177843346827473 -0.742339098508134 0.179198621375208
-0.0219475533991883 -0.0144425706705913 -0.648019237908064 0.120674401291246
-0.0337293692813562 -0.0238605080196309 -0.492302852422963 0.0900280644498883
0.0455318450398628 -0.0434347545324294 -0.381114772633796 0.0589346516731775
0.036799173096766 -0.00677943172337133 0.286377627631568 0.111932386683159
-0.010802895538433 -0.013572627098292 0.464476813391375 -0.00977434880295766
-0.0022152264650809 -0.00609531521142149 0.513178958062725 0.166342761061807
0.00736801748862867 -0.00779720276927108 0.762428261461766 0.195216758983188
0.0124942158979281 -0.0243306597643626 0.735848525200732 0.0189689456613435
-0.00354467369807142 -0.0074099404751862 0.513140789403649 -0.0715270947639687
-0.00748474733299969 0.00900494788752613 0.23294802162852 -0.0455507431697052
-0.00521816308887256 0.00691719792951766 -0.0424150659653323 -0.0296784163951925
-0.00427208480968264 -9.23789157963716E-05 -0.274777251088782 0.049073145262745
-0.00404901278220666 -0.00721534679608795 -0.49580130901839 0.117568806814176
-0.00521829593008154 -0.00964348504118596 -0.648659727328787 0.180857758660566
-0.0104704270992814 -0.0199561765614939 -0.732990796624394 0.191239256272527
-0.0220361268283231 -0.0252989578695563 -0.644018752340498 0.13425120202962
-0.0265776564570077 -0.0143900754648088 -0.495785931241215 0.0932151053891545
0.0226918439140935 -0.0186437810121632 -0.377313219764545 0.0637331633738312
0.00355569455958591 0.0123566623404817 0.284668016227876 0.113579813470118
-0.0089688047721765 0.00494592606166433 0.468476477720664 -0.0145711180344487
0.00688614227145898 -0.0137000387848305 0.514339710355651 0.159592655895555
-0.00849162140842546 -0.0184906149273205 0.763844335527066 0.18862877288549
0.00158641554323553 -0.013286494808092 0.734305109504029 0.0114981526716224
0.00276653532279322 0.00152344254384427 0.51380854203222 -0.0764216967597955
0.00629319327340087 0.0113902509501169 0.232945335877374 -0.0462644598689956
0.010301443775825 0.0072493705670341 -0.0432561346785898 -0.029506024303997
0.0105557208985087 0.00105595745759907 -0.275005494290927 0.0491928961858528
0.00580505032673896 0.000469178901734217 -0.49995776450747 0.113989238952261
-0.0104010750037048 0.00353327559270891 -0.65236906665674 0.175045374940458
-0.0304453657557298 -0.0200495661341199 -0.734260061708557 0.1805607816052
-0.0229864066314936 -0.0401744945871463 -0.642040240086265 0.128221695825302
-0.0188728923361866 -0.00451852469586447 -0.497954118585636 0.0896542620313825
0.00224829385356397 0.00973286695827307 -0.374039511099365 0.0609157839540157
-0.0249487938502512 0.0294255079441473 0.292266733097914 0.103799291824151
-0.0060417642252105 0.0234021062256914 0.467273933852139 -0.0251246936779881
0.0148363103719258 -0.0226416796423832 0.528716466841006 0.140422218936109
-0.0251357482649879 -0.0270857780698447 0.767391792585552 0.147044016746956
-0.00895594809515703 -0.00235488501756042 0.730690774685474 -0.0163521180050592
0.00952591650248179 0.0103171870822582 0.510977907476489 -0.0867656997450106
0.0189219374997725 0.0114110741072645 0.237418202257231 -0.0476805290980535
0.0240283850786264 0.00736093904730882 -0.037627765107485 -0.0298023898805199
0.0243109260209889 0.00212055857883679 -0.270392102049334 0.0456059294458892
0.0150545835049488 0.00685357162312572 -0.500839835349446 0.104070918454928
-0.0154653961525431 0.0174646333145292 -0.660998676097415 0.152850221512776
-0.0505878584274134 -0.0216219864318121 -0.743425561866725 0.149120587481448
-0.0214298804955208 -0.0551815939464935 -0.640393842592885 0.100071636292278
-0.0105504423535954 0.00535394452714946 -0.495242775976337 0.0783586177971632
-0.0165296819277104 0.0332553586843324 -0.370523218802919 0.0499893234210112
-0.0434724967495282 0.0462254716219131 0.304327518884484 0.0828259976136497
0.0016148943596112 0.0351874727911068 0.459118043805459 -0.0354230740384924
0.0191303516029953 -0.0335950659780713 0.551413811071798 0.10561248482119
-0.0404759298799113 -0.0317582991693914 0.7692104551465 0.0845299681536194
-0.0159956582378671 0.00720873526532862 0.718442756058428 -0.0570342623064302
0.0156561004242724 0.0170205642371405 0.509777249109503 -0.101842365823169
0.0296552103125951 0.012086748174681 0.245494729123798 -0.0497908359545109
0.0354194239993238 0.00668454874675288 -0.0282231859859938 -0.0311406267779065
0.0352063257989593 0.00171060525169437 -0.261395156093968 0.0416153476616371
0.022241195169887 0.0137555902180769 -0.49662535261982 0.0880844409983835
-0.0208767729615642 0.0262482666942217 -0.673305483105978 0.122998482685239
-0.065327495351798 -0.0268001334803852 -0.755356829859374 0.0967322518112934
-0.0153420977952542 -0.0684717994997721 -0.638591212113755 0.0526707599402751
-0.00324782371004542 0.0154698989800151 -0.494320019142562 0.0626614518589295
-0.0346979908938785 0.050127582137769 -0.366261360003143 0.0328599062443582
-0.0470707004642992 0.0570573663312803 0.31860663815396 0.0545627872515382
0.0102828766387015 0.0375266579935671 0.450261222377554 -0.0464581480088816
0.0179795124525722 -0.0417797943243157 0.576501166095753 0.0607941759116148
-0.0513660366504277 -0.0286974649636472 0.765233276861095 0.00570787059512684
-0.0184302180971487 0.0152406805637965 0.700249019113581 -0.100173595488139
0.0201433831535387 0.019580453151837 0.509939962759339 -0.118062600790063
0.0355435757706363 0.0104639087898291 0.258347825223274 -0.053821594991641
0.0419282086821491 0.00586789749156381 -0.0144788615628113 -0.0316021842311199
0.0420946281691527 0.00360202344133603 -0.24939223998036 0.0361754171413409
0.0247474619007163 0.018488631064714 -0.493973134881305 0.0681022153250284
-0.0282478146331409 0.0312738596993737 -0.684314334879334 0.0841992563300159
-0.0745992677935296 -0.0357725035146494 -0.770839854975057 0.0335739034902297
-0.004224336883692 -0.0761997133992237 -0.63217990507671 -0.00212930506197895
0.000466886921053428 0.0258953743144299 -0.489646880904835 0.0453392965816303
-0.0487292854978428 0.056523213471219 -0.360079827957503 0.0125008365762357
-0.0392275744229191 0.0607228117856565 0.328507900260748 0.0255091396234396
0.0155007969017743 0.0311684131802317 0.443509058694982 -0.0547231858614404
0.0126690141945886 -0.0468378080018077 0.600507985124658 0.00836875925482322
-0.0556678831370425 -0.0238031321241755 0.753633030077623 -0.070471847995123
-0.0168238737669373 0.0184575432404985 0.680442345288862 -0.144307405542135
0.0226891833726853 0.0171885523461434 0.509170010905582 -0.130240861713453
0.0357574791021331 0.00852104674915678 0.269218155333604 -0.0580937171764564
0.0431723479590356 0.00474868758898254 -0.00143865384014126 -0.0337740795239698
0.0423085155505845 0.00381359086497554 -0.235062519468054 0.0317053994168776
0.0239590724974295 0.0213148145435874 -0.486010008103766 0.0502681846514276
-0.0322652676001837 0.0301783741778875 -0.694636162912358 0.0436049622262931
-0.0718968077031858 -0.0451221661764958 -0.782332018291166 -0.0371219938486837
0.00797521245490353 -0.0766668452137036 -0.621271414848163 -0.0581330109744596
-0.0029534067550434 0.0327836227012923 -0.485012161261748 0.0302796940945735
-0.056391135050248 0.0505696585460006 -0.35387060481326 -0.00999380987876371
-0.0236357930769609 0.0531821442228466 0.334868261413087 -0.000565018533535883
0.0160611838930968 0.0199667932253573 0.440366849653276 -0.0590701186669455
0.0052566656052482 -0.0454490277215776 0.613079506022574 -0.0430746494192266
-0.0500540189540987 -0.0169168880645173 0.73221882404634 -0.132984067416156
-0.0123050789154243 0.0153472054805891 0.662311264793845 -0.175245043890863
0.0215279911978523 0.0135727534023577 0.510416224750401 -0.145392685012009
0.0310248263377239 0.00638655682785522 0.28066806194228 -0.0641320625052081
0.0382276541735106 0.00494781080605444 0.011925981754514 -0.034709984571156
0.0371141457321397 0.00375395369846583 -0.222347855788651 0.0296809694130502
0.0188178810703662 0.0205586082306321 -0.479819936451147 0.0361256849426278
-0.0341577439300078 0.0240739988465049 -0.701797597701179 0.00701033906514993
-0.0628232647097457 -0.0513342784462247 -0.787576559103994 -0.100148651842896
0.0165549398803889 -0.0695723907669392 -0.605567539689922 -0.106078576834258
-0.00999555577107827 0.0343325190402296 -0.483467712684422 0.022196940083006
-0.0515148465832507 0.0364211138083151 -0.346988891421453 -0.0276668921743953
0.064679867309876 -0.026268288096838 0.297103110365809 0.100880508066444
-0.0132997620778721 -0.0285855252511095 0.457831561485982 -0.00846338513950262
-0.00865384097568679 0.00276343748346453 0.528229796034376 0.159837468157476
0.0235210185127748 -0.000637104751502089 0.765035370707046 0.173379373922818
0.0204732103975951 -0.0349575394911504 0.729870433252263 0.00852775402745025
-0.0106266559206633 -0.0158436539665788 0.517652774174362 -0.0732376537056532
-0.0192636632653586 0.00688526733314232 0.238611345014063 -0.0455702579389549
-0.0191064429216239 0.00603616324839938 -0.0386254701148692 -0.0306412667502762
-0.0167154951714665 -0.0013648328140241 -0.270920232764956 0.0477690873366279
-0.0125534109959868 -0.0140016607901704 -0.494913638313139 0.113395729909013
-1.71274321841795E-05 -0.0224379196919126 -0.651125878362281 0.178383265569296
0.00961027923993812 -0.0178419236928746 -0.74380135607542 0.181211032682043
-0.0232882423475236 -0.0135565728265836 -0.650316358302414 0.118376246797045
-0.0333554536650273 -0.024660772463039 -0.49463931136746 0.0890499367600712
0.0460568536252457 -0.0437119536582192 -0.382495759929177 0.0590140529172487
0.0374588789927784 -0.00633411289861034 0.287581828988764 0.113750850606594
-0.00988342153351437 -0.0145240979137159 0.467671319560409 -0.00763896088985594
-0.00290564278389632 -0.00563653691142092 0.515829270987778 0.168684294804702
0.00737312306438274 -0.00784498017929384 0.763559506754886 0.19653532352278
0.012637684118646 -0.0252082788796177 0.737582789492286 0.0206749270709074
-0.0045678908015696 -0.00786063624610162 0.516026198371666 -0.071221003874321
-0.00648220812660325 0.00830534357428919 0.233456726108557 -0.045841688471457
-0.00520399721924415 0.00677827910399796 -0.0431398021525475 -0.0290559200898428
-0.00334979948751521 0.000290457897020813 -0.274713902764051 0.0488644802713269
-0.00497198702196177 -0.00719986204037408 -0.498614324633572 0.117084347941308
-0.00464380144925166 -0.0101237461494067 -0.650074500926967 0.183564099972818
-0.0102980366548227 -0.0189924426610024 -0.734622649681652 0.192633607955362
-0.0230609100409103 -0.0256727103376671 -0.645850534172173 0.135067720796774
-0.0262289998796752 -0.014211481080974 -0.497434341523927 0.0923716195222316
0.0238975612154641 -0.0187054239385226 -0.379448391012161 0.0652391477679031
0.00492717095481076 0.0116581428295511 0.285826111372845 0.115562754420979
-0.00809635988161828 0.00468433700119523 0.471295915945651 -0.0134753012951219
0.00601928066994478 -0.0141799929219162 0.515398630332403 0.161904807047018
-0.00871113391642378 -0.0173923097982344 0.765540345667993 0.189790290043205
0.00146794061508371 -0.0139535794281584 0.738285313481838 0.012874507109599
0.00234711559652432 0.0010849052164801 0.515714857224549 -0.0777057795350583
0.00665724887278496 0.0103969600813143 0.233186819863206 -0.0464559332290102
0.00942447694240431 0.00766346939168637 -0.0428511223878614 -0.0290809281827644
0.00988339210490023 0.00055844613255009 -0.274875465005227 0.0490631026170992
0.005229367182204 6.51659997062421E-05 -0.50034872946557 0.114998922213519
-0.00957404228626021 0.00401273753603978 -0.653430132192968 0.174607599734191
-0.0303715532711966 -0.0212948401695022 -0.735324406663272 0.181637563922658
-0.0226137601820997 -0.0405876726720031 -0.64512383228132 0.126696221739569
-0.0174015294362132 -0.00396961869451089 -0.498636387587275 0.0867661363589961
0.00365840943057388 0.00981700774735319 -0.376038424557261 0.0598229467260826
-0.0248975906867008 0.0291236549641637 0.292527450378169 0.104529926593969
-0.00542249586448664 0.0237643154725553 0.468918790455548 -0.022958030840374
0.0143130729493583 -0.0228738772024474 0.529197082212952 0.141224488405077
-0.0260446697297741 -0.026592100285635 0.770648226959059 0.151208910753224
-0.00876161079777172 -0.00288219264954549 0.732420520400246 -0.0129467883569752
0.00935803780313349 0.0100175180705846 0.512336003367339 -0.0853643979629915
0.0186653566048985 0.0121601417440945 0.238599748614615 -0.0474449404648029
0.0233515112472829 0.00776562718023784 -0.0375519096441312 -0.0291659659045121
0.0243882728225426 0.00164147890755394 -0.271158041304897 0.0463555626713897
0.0142387980202092 0.00797527589223879 -0.50296175563133 0.103170075952688
-0.0153930455513989 0.0165597004298662 -0.664296412072408 0.153710418905634
-0.0501269147506495 -0.0217167357391546 -0.745684554178668 0.148593747455236
-0.0206064192335718 -0.054897455711737 -0.643754715337837 0.0995703726558939
-0.00899619746874079 0.00490751504119594 -0.49733785182722 0.0767873592515868
-0.0164397664541356 0.0330742131719489 -0.371013444109947 0.0487032113917255
-0.0430119317366328 0.0452154987851376 0.305467876107271 0.0842053104428748
0.00145430767983754 0.035350021536126 0.45978810538594 -0.0351051028024748
0.0181716177729881 -0.0321693196942977 0.5517792208271 0.106748218752041
-0.0405095892677192 -0.0317340262034628 0.772627871413851 0.0860898709631304
-0.0160515910568507 0.00724740227165946 0.720695543365521 -0.0556238993551978
0.0153034071690471 0.0163939976541239 0.511355486596363 -0.100298842177507
0.0292306040463913 0.0107112022794354 0.247340135229051 -0.0501513545920088
0.035209042280411 0.00750806877913107 -0.0278064247745419 -0.0304480010714875
0.0352022523117558 0.00243189708769527 -0.261197593867413 0.0411599999674673
0.0221623334822279 0.0137654275521926 -0.498682292263096 0.0878666948846752
-0.0211702022232976 0.0264558871548247 -0.674490252523423 0.121458307878768
-0.0662880559365409 -0.0273918616121487 -0.758174038323954 0.0977309312150726
-0.0150949543401275 -0.0682495135796036 -0.640292840244575 0.0531491980242486
-0.00264659063696702 0.0158275918826732 -0.496059963520094 0.0612867709493315
-0.0341552695767539 0.0501139039913841 -0.366649198347317 0.0317903566116125
-0.0473754627674801 0.0557498901892786 0.317975025570688 0.0576011056454798
0.00961137385587887 0.0379151529087527 0.452673235124415 -0.0451720036949229
0.0174032109938789 -0.0414503595728246 0.579471087901715 0.0605799835521381
-0.0518149979494376 -0.0299725276478383 0.770140141316538 0.00783548600702729
-0.0187765550094816 0.0150797708569401 0.702272376110879 -0.100964567395552
0.020353222326674 0.0191182820951727 0.510755209144693 -0.11739585925996
0.0357106321971168 0.0104202932888283 0.258301251343006 -0.0535884435227619
0.041803178676597 0.00640772224532667 -0.0155339707519077 -0.0314650434097157
0.0421706034391829 0.00293458326572137 -0.250468691768106 0.0364378559777216
0.0250762345690717 0.0186830225173978 -0.492669042625786 0.0694297029003658
-0.0276526616997041 0.0314594655037941 -0.686172062556267 0.0843270368161634
-0.0751417897200817 -0.0358666440761469 -0.775540101542647 0.0336288263432728
-0.00422174827968543 -0.0765239293968465 -0.634986293883684 -0.00413092522281157
0.000794034932489494 0.0267500101894668 -0.493909478037499 0.044222077415046
-0.0487724795096385 0.0550701894970933 -0.361897102979412 0.0111606463921506
-0.0396588540546747 0.0600379871025303 0.329651033222079 0.0267058852080325
0.0167712034602083 0.0313088581624427 0.446876816450447 -0.0535175742798018
0.0123889974229627 -0.0462335836647408 0.601079736816429 0.0101116563493458
-0.0557065470984704 -0.02415462427846 0.755231480388655 -0.0692953935886782
-0.0172667652775035 0.018090609147218 0.683222326057042 -0.140672552408546
0.0232224042734126 0.0175042616132724 0.510903052497829 -0.129499992488393
0.036206026169854 0.00800960237044463 0.270629726854044 -0.0578732489306764
0.0428158980546712 0.00587025120194972 0.000563439238255161 -0.0322834290409458
0.0422123834157281 0.00353544399056008 -0.235936676893605 0.0317997685324334
0.0236863263663479 0.020801589954831 -0.488255513768628 0.0503353025379432
-0.0330486113714312 0.0299943313038994 -0.696710530348391 0.0446276528140129
-0.0723601624929899 -0.0454054992411841 -0.78373442920941 -0.0387326708246031
0.00756439228443685 -0.0769967457876725 -0.622491021290017 -0.0596716112346459
-0.00170311713714259 0.0335896965242357 -0.489245841227208 0.0292870373329763
-0.0556658316827649 0.0506097211535884 -0.355485708883712 -0.00852311920290434
-0.0232755002226628 0.0526983491664758 0.336882869680144 0.00204939863292546
0.0170654726106197 0.0196867902962457 0.443540396814832 -0.0575433772004144
0.00419051047902335 -0.044605244343002 0.61608145410012 -0.039675335961255
-0.0507229922058466 -0.0170370053577976 0.735788360512136 -0.131797070069987
-0.0123154414930096 0.0154516126989261 0.663333910329676 -0.174338821853903
0.0213860325404226 0.0126300729275503 0.512566970668105 -0.143301030839866
0.0317224301068056 0.00690588703055875 0.282369159897894 -0.0634172912868344
0.0383864253195383 0.0046113038598757 0.0118996487753086 -0.0340720558730813
0.0378273223937614 0.00334337886622509 -0.222480063316012 0.0292083603692885
0.0193056601165892 0.0211377923578879 -0.480684254973806 0.0356250142016006
-0.0337261030946207 0.0234598143974836 -0.704496132921567 0.00843789668771672
-0.0617598960233061 -0.0509362606081042 -0.790376067683418 -0.0998834233830177
0.0164272739982624 -0.0683875652637541 -0.606518817118335 -0.108857042526128
-0.00893178155077231 0.0337120717315092 -0.48768145323494 0.0202943934204427
-0.0507032770360401 0.0354144205707591 -0.347360013793263 -0.029582733448083
0.0649301790633277 -0.0267078740921816 0.298959454277386 0.102560549517745
-0.0137566419161937 -0.0286661158426214 0.460900708193393 -0.00716890733278702
-0.00905938108225641 0.00361500655221614 0.530976438979661 0.160804681243461
0.0230696204570984 -0.000434947470573416 0.768197690388527 0.174484373427375
0.020376165961655 -0.0354299784395603 0.732474424003231 0.0102008317242654
-0.0103337137876566 -0.0165305507155898 0.51903649003842 -0.0751258033928134
-0.0191421584495628 0.00737859598679258 0.23999526055802 -0.0458126217770294
-0.0194230667079858 0.00573804307491886 -0.0375578262817541 -0.0311326303902562
-0.0168542100120337 -0.0017091657387302 -0.271457149579284 0.0467048562771404
-0.0123671336341129 -0.0135296599942816 -0.496428835156991 0.114257064772055
0.000104260915484395 -0.0223414679365713 -0.654251515791892 0.178289024233828
0.00912297957303713 -0.0184337697687779 -0.746682689085858 0.182070421764694
-0.0234011243200317 -0.0132657255657615 -0.651040812991103 0.119461377011672
-0.0332797191198814 -0.0249997019699823 -0.498788185006626 0.0888536957017433
0.0471283697370637 -0.0443243054083825 -0.38464586821566 0.0587132197659342
0.0370970961123064 -0.00725490546576675 0.288023565389548 0.115947261984801
-0.0100537181797184 -0.0144552198375823 0.470394739960009 -0.00629948340273314
-0.00368018729840701 -0.00638375221580382 0.517322468935692 0.170835159631144
0.00716885661970886 -0.00789558471341277 0.765295920397448 0.200135707330076
0.0129382361346594 -0.0250634903285927 0.740424621479066 0.0235117400287153
-0.00388048067033168 -0.00870791189844048 0.518191743921745 -0.0720012007323563
-0.00611285933053036 0.00981546575600595 0.234216594454417 -0.0458313475253036
-0.00526233432575191 0.00649610127366993 -0.0430346435715769 -0.0291140298169958
-0.00396191914012718 -0.000627474952579804 -0.27594181430832 0.0500125411788088
-0.00488352201338203 -0.00699719819637467 -0.499552683030096 0.11641001133323
-0.00536955352200012 -0.010022936955049 -0.652791519627258 0.184010522815283
-0.0096506072622162 -0.0196033433500034 -0.735818143666307 0.193562275597857
-0.02335404175717 -0.0249639929004783 -0.64984462371154 0.134023141278387
-0.0265248647496796 -0.0136175707704416 -0.499670253437965 0.0921826009648061
0.0249455778753342 -0.01892977290161 -0.380765710828121 0.0640006887586174
0.00459075367123981 0.0111959377970343 0.28636588456912 0.117372859926661
-0.00755767952444989 0.00527195785188754 0.474163335581866 -0.0113711471042049
0.00479558343090487 -0.0144723180763094 0.518111024218717 0.165085651260078
-0.00871960399118293 -0.0178774217047697 0.767920848344416 0.192670617614928
0.00174700231141821 -0.0139895497429521 0.740574745556031 0.0142464138531493
0.00285403998543618 0.00148412251441916 0.517000955799937 -0.0769994933464774
0.00693446632837499 0.0109240298829459 0.234916774219208 -0.0470431815282323
0.00966430628851307 0.00678353734483882 -0.0438440680573524 -0.0288588627188789
0.0103228972484642 0.000293438359410149 -0.275765067471122 0.048697897921382
0.00526878887785071 0.000718389865359671 -0.503412790094282 0.114181882619706
-0.0108635348452266 0.004778382202204 -0.657963633777485 0.17614943707624
-0.0312721180799235 -0.0207152104234221 -0.73868418787608 0.182613977843957
-0.0238808265848853 -0.0393719090266112 -0.646868671052623 0.12585683353397
-0.0176043884593589 -0.00358047735816175 -0.500817545940653 0.0873769858321818
0.00360873258661451 0.0086920800467556 -0.379433342869077 0.0603900774958578
-0.0251767425436907 0.029012008333383 0.293581532210481 0.106594474966114
-0.0055000574216456 0.0234050144792416 0.470296393162173 -0.0215802849573171
0.0136218765385288 -0.0231022706990432 0.531051882308372 0.144058068574828
-0.025531923175307 -0.0266743396856923 0.771924881327741 0.15231015341738
-0.00885432875012298 -0.00279568265629912 0.735452185388682 -0.0121090657274358
0.00925513534303377 0.0101964132852087 0.515298500425832 -0.0868344286758296
0.0199831218474258 0.0123381251271861 0.237747003223245 -0.0485593607221365
0.0246090024289607 0.00734967236874999 -0.0384544736814276 -0.0294438299325338
0.0244721450510215 0.00168768233698184 -0.271654603741196 0.0471061238509866
0.014414021785753 0.0070588781043731 -0.502772149311689 0.104467702296039
-0.0149657363264013 0.0167264852139223 -0.667582413910782 0.154748880163595
-0.0502969005028377 -0.0214787661805362 -0.74718598906467 0.150710835296401
-0.0213760539954071 -0.0549179496575069 -0.644010176197941 0.0977054669836402
-0.00879763289422761 0.00603801429781915 -0.500651536143974 0.0767785373744923
-0.015675607383735 0.0325247471649607 -0.374501201698763 0.0483907098930693
-0.0434517311783425 0.0444240742941307 0.306667197324475 0.086605425599346
0.00179846467259329 0.0356179569445714 0.464763190283613 -0.033822410360225
0.018384692894402 -0.0331608361689645 0.55511073891031 0.108532640563599
-0.0407410445224589 -0.0318162588614088 0.775863644154352 0.0882766179922792
-0.0164244297460681 0.00724895007075503 0.723409352899474 -0.0549943154506794
0.0151498290381639 0.0166808052439728 0.5136334605058 -0.101617426151385
0.0291481203393892 0.0123050657105534 0.248679578250961 -0.0515206844438697
0.0361052778518322 0.00715168254968665 -0.0284702586180324 -0.0303787213518819
0.0356234538262407 0.00282406971253978 -0.262442178851901 0.0421257299161946
0.0221942130073224 0.0140449463855839 -0.500175950517228 0.0867748559412467
-0.0217804768868208 0.0265799043773739 -0.678930981607908 0.124190653546006
-0.0669082510409235 -0.0278427964129449 -0.760604439450643 0.0977474384510495
-0.0149331943052464 -0.0682406059198399 -0.642627112471067 0.0514446920396527
-0.00205802326146339 0.0166101656842981 -0.498886319125055 0.0616986436086984
-0.0340912281959668 0.0485538404098506 -0.367386153775743 0.0310736769262725
-0.0477830503278809 0.0565693392139437 0.320794140871891 0.0583802533368717
0.0104445682948748 0.0378689386001644 0.455741102218331 -0.0438512057129046
0.0170195505580048 -0.0417087882890224 0.58234756307463 0.0628970013349747
-0.0523939682105095 -0.0303050678234788 0.771307448393495 0.00909376405248263
-0.0187105919102698 0.0149050842336784 0.704494706530807 -0.101160211371079
0.0208933201380754 0.0188107537766992 0.511685413191086 -0.118056159306004
0.035993899820363 0.0114152866497889 0.260179230272628 -0.0537888006368751
0.0429348468000632 0.00626647006502544 -0.0146982142980917 -0.0314178013533291
0.0426056631900256 0.00285874209423182 -0.250672927348152 0.0364688257210812
0.0248066572772205 0.0183393724175372 -0.495859188738138 0.068387497025193
-0.0279708371063094 0.0317447995542177 -0.68923521683957 0.0850794043591363
-0.0748959319677714 -0.0363447603572049 -0.775833586617466 0.0353656953737849
-0.00491265141956413 -0.0771140358283384 -0.635818432918806 -0.00451022756378055
0.000406215141991864 0.0272003664559755 -0.494718386294922 0.0437967289821076
-0.0488178865074144 0.0551458462966789 -0.363303984773028 0.0114726234776682
-0.0397300082714515 0.0601292914168677 0.331181273697631 0.0296148723721587
0.0164738157157995 0.0311825356232944 0.448764034996758 -0.0518149231235857
0.011138433980367 -0.0453468345937218 0.604186534851966 0.0100979430258097
-0.0554702041018497 -0.0241375488859307 0.75805531200332 -0.0674844569315038
-0.0163358215293434 0.0173813170591906 0.683834911017553 -0.143586935244705
0.0235484413911498 0.0177212011041353 0.51420103987508 -0.132010220078724
0.0370324450026614 0.0094613391392497 0.271157041353188 -0.0583203743827117
0.0435779436883701 0.00580126240264791 -0.000960288526461362 -0.0323696008777565
0.0427061142180866 0.00307892923367937 -0.236032023879331 0.0321437852428133
0.0238954900619389 0.0205238222717204 -0.488259413658545 0.0504605700481676
-0.0330703118239642 0.0301209594540421 -0.700225560962198 0.0438077412560182
-0.0725405262711562 -0.0460671158302364 -0.787407716663737 -0.0367036894948148
0.0073930891854 -0.076717487919065 -0.624207212400262 -0.0609668591359592
-0.00272813107102484 0.0351313256316549 -0.490962799872414 0.0275226208080789
-0.0566299497264612 0.0498660886593202 -0.357540079804295 -0.0116693240691642
-0.0229698095475834 0.0530491688245177 0.338003746108616 0.00246250940342036
0.0170400312037539 0.0200523025272094 0.446889310393436 -0.0560492320759627
0.00482990408336213 -0.0446257059792709 0.619307852555747 -0.0386507385916227
-0.051087004413296 -0.0167994853783949 0.738257255337892 -0.132387855169546
-0.0124252217910441 0.0142599592584619 0.667388393830743 -0.174928644113896
0.0220734828230498 0.0130851332936829 0.514318518838407 -0.145534408192405
0.0316745248818925 0.00662586675250095 0.283445217184216 -0.0631210049043843
0.0382947151611471 0.00440678398001272 0.0136539826825003 -0.0351016086808538
0.0376147941886715 0.00392827770607774 -0.222369708000217 0.0283611160984142
0.0194677418575055 0.0213315071700797 -0.482820939175913 0.0354087653365158
-0.0343497970669926 0.0238855320280549 -0.707180549485971 0.00739928247665819
-0.0625038700807335 -0.0517224655542222 -0.794048475025299 -0.103343569609699
0.0166885069506099 -0.0690498079771426 -0.607096577636855 -0.109886451216533
-0.00864892811980566 0.0344324163825553 -0.488273245707109 0.0195549934291844
-0.0497476425385307 0.0349721682338741 -0.350863546935892 -0.0293870736435763
0.0663779238254544 -0.0263673270476311 0.29965771823634 0.1039479830824
-0.0127987220896484 -0.0295878554551628 0.464050895651391 -0.00430808581591059
-0.0101591496486733 0.00327096754559113 0.534007496107385 0.162060689495112
0.0233174473204407 -0.000878426132630134 0.773246507708916 0.177019244063767
0.0221328613734338 -0.0358074869903668 0.737182745482468 0.0116486136062648
-0.00992481262079514 -0.0167858476369456 0.520876403746543 -0.0758036219815735
-0.0188644787603977 0.0078334644008849 0.240476471032784 -0.0460615825949467
-0.019534145890385 0.00699521437305965 -0.0376527092060536 -0.02963473828822
-0.0176571665789254 -0.00174462377666113 -0.271910977518604 0.0482712442142426
-0.013040185563635 -0.0141661956801938 -0.499465790646102 0.114715227699275
-9.40980795949529E-05 -0.0223183864779033 -0.659369607800436 0.180645520483215
0.00956345981195374 -0.0192213035588661 -0.750583546517161 0.18474775449967
-0.0237153927747979 -0.0135733282392056 -0.655196976408323 0.119893768790944
-0.0312392349213188 -0.0245312858256998 -0.502192813873324 0.0873562638103551
0.0485893106558491 -0.0451090660494712 -0.386726950958782 0.0590090281033698
0.0381972584726675 -0.00717038236351093 0.291063050054499 0.117876848447874
-0.00878156641633599 -0.0150832870903603 0.473050013591443 -0.00353436800104622
-0.00281824524725164 -0.00587190347191445 0.520425161700434 0.171982218560259
0.00748223994436391 -0.00758707922915428 0.770316758210294 0.201242369353523
0.0131404178631029 -0.0256051192898161 0.743756578309845 0.0239154314578002
-0.00372966450484781 -0.008448937587184 0.520233424697102 -0.0733723517276532
-0.00721066604805776 0.00923627287212414 0.2358814798739 -0.0466665878242132
-0.00535866093628198 0.00701763052138022 -0.0428264584077185 -0.0281598673589288
-0.00479051519571268 -0.000672380345321039 -0.276979515791803 0.0516846108952182
-0.00447543238398973 -0.00708646687635602 -0.501119401927675 0.118877363823613
-0.00557147691148687 -0.00961902012674419 -0.656958681425883 0.184959481637016
-0.0103997676629497 -0.0202600503020832 -0.740616679538817 0.195565149213703
-0.0237667655830796 -0.0255417916394941 -0.652721173937887 0.134736099801558
-0.0255953373380216 -0.0138570077118987 -0.502920235415825 0.0908641100498559
0.0255605432280343 -0.0199043176682633 -0.383881056435669 0.0635996636140349
0.00483016317140911 0.0114820972364218 0.288353192176984 0.119179440352642
-0.00817860522340595 0.00408993297079301 0.478833761633929 -0.00877645977923963
0.00475933878044173 -0.0149829568726864 0.522057033835926 0.164655291256149
-0.0094831335172968 -0.0179759593103484 0.773174552403815 0.195126093386714
0.0013238154794819 -0.0149145568348169 0.742840275068436 0.0141277604767987
0.00302522028106109 0.00122646948133204 0.518707930105166 -0.0772607594585865
0.00705749327628687 0.0110159480039522 0.235647800485717 -0.0474010345723848
0.00950665045727922 0.00646832450341027 -0.0433222066058285 -0.0284622152633427
0.0105618388173949 0.000594021111267131 -0.276501824938867 0.0497570102357116
0.00560678205474806 0.000134112096836012 -0.505730948931618 0.115861132132451
-0.0106284293827993 0.00378311857405438 -0.66204168972555 0.176899979098113
-0.030715046297263 -0.0206451418010226 -0.741298179136698 0.185967076799909
-0.0231407454196173 -0.0401374711892313 -0.650408259302172 0.126766945526508
-0.0173415352190204 -0.00370003910262118 -0.50515378341692 0.0863564715615515
0.00462541276578012 0.00839488583781795 -0.379404587253338 0.0584645061279704
-0.0250071836639634 0.028148933998129 0.295522848344857 0.109427426437831
-0.00430644754079683 0.0239905043976727 0.476384926207637 -0.0196970991712504
0.0129252962080911 -0.0239367426633431 0.534725092990481 0.145173131541569
-0.0256940094048355 -0.0272730757939074 0.777329122367771 0.155650704408809
-0.00881175815228193 -0.00342404003312923 0.739229751948871 -0.0127048972340173
0.00951893449802072 0.00951689093592118 0.516779678638778 -0.0881073615884755
0.0202722943027055 0.0126328858530183 0.240269800470466 -0.0489763879554441
0.0247822017030977 0.00675959017442288 -0.0378225040591885 -0.0288957157125396
0.024984302491934 0.00188499282680277 -0.271445745569976 0.0461575496628881
0.0146484984475509 0.00729533669403891 -0.504978058412597 0.106014856252984
-0.0155861553710715 0.0168161870779885 -0.670134652177291 0.156406295004765
-0.0511699021390235 -0.0222278029504278 -0.750778927800822 0.152555068963312
-0.0213087822667143 -0.0550211374531382 -0.649088431473055 0.0980710907635524
-0.00867208694018615 0.0052413468951071 -0.504597128096048 0.0777165953497528
-0.0162239657214764 0.0315053595787969 -0.377937742279732 0.0488442158748639
-0.0440379883260482 0.0450708300332036 0.308427173794076 0.088690742610408
0.00127870186293552 0.0358299986201423 0.467583049954006 -0.0330137941365851
0.0177273555013723 -0.033278784906709 0.558828308243747 0.110094812283917
-0.0408468065935806 -0.0317663181507365 0.780559397725385 0.0901388050113276
-0.0159938429009545 0.00683375276398301 0.725392252643391 -0.0539999278068945
0.0154431245524136 0.0165613846732236 0.515643712748892 -0.101198803935374
0.0296024974664968 0.0123743609755712 0.249753762197036 -0.0511584430453886
0.0353934705106519 0.00738513558172811 -0.0270317776733765 -0.0306455576061543
0.0360360298785183 0.00224280269592524 -0.263212456458073 0.042571642719101
0.0216543357882176 0.0133848526950051 -0.502585978906391 0.0883953851528339
-0.0213506193026603 0.0260767630879338 -0.680925229750271 0.125191384689275
-0.06685549482924 -0.0282363014767681 -0.76464884443947 0.100601003434786
-0.0160424281412145 -0.0685105969099248 -0.647096351572081 0.051079029875594
-0.00128877239512276 0.0157662315911767 -0.503227652851111 0.0606821297743808
-0.0349673673723551 0.0489106217931017 -0.371941753031824 0.0310221262763373
-0.0486876573632595 0.0559610363467525 0.322222309520771 0.0602774668365621
0.0108587744033716 0.0381580444656909 0.459009023414924 -0.0422803190695227
0.0168670977837013 -0.0421522585679609 0.586321329153873 0.0643032180057263
-0.0515008469902775 -0.0297298388875212 0.776239736744451 0.0100517170648346
-0.018758997193456 0.0139323357904808 0.708230154373262 -0.0995224572898803
0.0204107728156477 0.0183257794890967 0.515316276493701 -0.118114902989336
0.036247134722586 0.0107172437145697 0.261273438418011 -0.0547873302350709
0.0426988387780444 0.00642502781051685 -0.0139485188230227 -0.0310015877102962
0.042064853143019 0.00283247185988552 -0.251241112615951 0.0381133957161585
0.0247587698115394 0.0186890167163778 -0.498424768328812 0.069443978281079
-0.0282649822735579 0.0317784577869076 -0.693282350051301 0.0849761998900276
-0.0749693747193543 -0.0366456806956453 -0.781127641913923 0.0364437819073071
-0.00418534789424106 -0.0767673577612826 -0.639583326854681 -0.00439705479857571
0.00107863884976975 0.0271578763935365 -0.498694165561024 0.043163660979967
-0.048398480750844 0.0549010543174344 -0.36652911924965 0.0112356549140434
-0.0393760973675457 0.0588434424204607 0.332760433801303 0.0311011361028787
0.0157799688466793 0.0312036233228299 0.452546187754168 -0.049105843580839
0.0110970301722989 -0.0462313647830573 0.608887120447384 0.0107148487479129
-0.0563229352438653 -0.0233921955819853 0.762480078013349 -0.0678879269229911
-0.016747395750335 0.0170184337581692 0.688187038551034 -0.144264642549428
0.0236796411727877 0.0171510069449486 0.515212114113775 -0.132760086895338
0.0364540151832673 0.00952505134165915 0.27320871602717 -0.0586424760404473
0.0438868650545801 0.00642912821847183 -9.53796825310288E-05 -0.0321538688225248
0.0429459738993517 0.00306323025603298 -0.236096840770801 0.0322092577459741
0.0237937737847902 0.0225405699320526 -0.491578673901388 0.0507397043607618
-0.0330379492253891 0.0310885978001508 -0.704270300963366 0.0445327329124047
-0.0731003918721292 -0.0466633089593427 -0.789869724401671 -0.0347563810401565
0.00735859872677523 -0.0763231711825585 -0.626681903136216 -0.0631720101561227
-0.00109630073104992 0.0351896607367888 -0.494596360261998 0.0281604701699351
-0.0562162109259314 0.0487386994634068 -0.358789549177482 -0.0100047688825696
-0.0232453148893761 0.0521945248802196 0.340156041188074 0.00379278831461368
0.0170432822747835 0.020161800705955 0.450351622975126 -0.0553820738775533
0.0048116364547952 -0.0450382536880908 0.622873545187599 -0.0391367368921779
-0.0508465917551803 -0.0173583204839792 0.742341055722281 -0.132159988010613
-0.0118677364555067 0.0141243126719635 0.669512393603376 -0.174649780721248
0.0215886840543533 0.0121137050245626 0.516522681250523 -0.146814767912678
0.0325956974527365 0.00758326441254085 0.285344142891017 -0.0646081633587483
0.0381011321246592 0.00408798525271628 0.013230604883153 -0.0337413397309255
0.0375973470858257 0.00349438637966155 -0.223174877996506 0.0300670109536975
0.0187247319886691 0.0205810018787778 -0.485046817784101 0.035300707613928
-0.0342386188697779 0.02446025688672 -0.711462956034058 0.00685811059185029
-0.0623515293303885 -0.0527229397666903 -0.796317454900613 -0.10228482214836
0.0156943636148529 -0.0689125697747442 -0.611516814708524 -0.111574445023274
-0.00835138463615565 0.0349737821817942 -0.492580540656206 0.0185976286707594
-0.0503189841615848 0.0338549891700487 -0.35312056728327 -0.0310440586742384
0.0418018481016413 -0.0594848483223021 0.300464796137058 -0.0984022685568454
-0.0258784650319155 -0.0185965850295639 0.370314688561689 -0.279938788820155
-0.00275720727790047 0.00721565477288052 0.529694386526002 -0.181811132534105
0.0198398520865647 -0.0171265013184698 0.734087227203519 -0.319537168659226
-0.00572532527970564 -0.0433438556712147 0.593579727423043 -0.429676231309365
-0.0189986486291422 -0.0089546733286625 0.371173765586721 -0.372969289941455
-0.0120309343466098 0.0160775757278672 0.167641584002035 -0.183650307128392
-0.011763221022036 0.0165146475689417 -0.0475559074980075 -0.00139224586642192
-0.0174924817719147 0.0110518479445245 -0.189281325317971 0.20296330398116
-0.018963763313402 -0.000635930017103795 -0.335724063037279 0.392230196131167
-0.0158319191826137 -0.0122248584799131 -0.417789206829664 0.543101086193921
-0.00416191928014349 -0.0131615423561235 -0.493214181051692 0.605328689605793
-0.0328644554788177 0.0129110974337715 -0.450804307295713 0.497174305561003
-0.0449863831147996 0.0044825439468026 -0.348276563839849 0.384782553935186
0.00695674916568434 -0.0683126139852031 -0.278366908496189 0.293281725635079
0.0290691420066163 -0.0278645992707282 0.302148035873345 -0.0794413468148824
-0.0141450686559354 -0.00957897779725694 0.378000606967843 -0.28660080517085
-0.00401773074596028 -0.00347368493326744 0.52286593079689 -0.16499718924923
0.00390150312293414 -0.013782415368589 0.745865768244478 -0.297948953432278
-0.00556839711546923 -0.0303659314612117 0.607293550093967 -0.423477679169455
-0.0101684377127562 -0.00597073255416933 0.372151631393227 -0.370230862689604
-0.000874619540554424 0.010334108014641 0.163127762062587 -0.181419823821658
0.000735147621260896 0.00793409779392345 -0.0510886777532763 0.00191555742226055
-0.00411751861233378 0.00376362759631417 -0.191350878611127 0.208065572571724
-0.00779287535677094 -0.000369229464484181 -0.336547602018384 0.397041490696108
-0.0124147137793632 -0.000195491340077263 -0.415185155069832 0.547287876046918
-0.0207920261922783 -0.00238626383700872 -0.478337821988091 0.609144310312588
-0.0405664281244058 0.0033266247144523 -0.437592761607077 0.507076836624897
-0.0337841161041723 0.00978941202781837 -0.349364000338445 0.387342822942391
0.0040201745400031 -0.0313562061388771 -0.272780385648737 0.293785829060226
0.0116927467736458 0.00519789298984655 0.302826346205757 -0.0759093204506368
-0.00249371847333705 0.005380106524924 0.378448961628037 -0.292444459434116
-0.00101451390711448 -0.0158836779778434 0.521255927637344 -0.172298604633992
-0.0150358493537808 -0.0123847440203861 0.743856579756238 -0.304231599188152
-0.00887515901899065 -0.0157134255100683 0.603100289476734 -0.429522107178696
0.0013145925779393 -0.00285064412808374 0.369616111142332 -0.372885514573884
0.0113892949176906 0.00394829052151752 0.162947349077961 -0.181815073263408
0.0119486532068531 -0.000740328412601309 -0.0515756512603152 0.00324373759844957
0.00783555395309869 -0.00419230731681779 -0.192612813365753 0.208173275489532
0.00408084372406066 -0.000995785998397299 -0.339192468257664 0.396778591262368
-0.00751997291279946 0.0151400420396698 -0.422316867960821 0.54168217594345
-0.0386758421730426 0.00916606150976778 -0.48471284624625 0.600633942370476
-0.0494515443124311 -0.0101239751110933 -0.440285660685702 0.499002919806417
-0.0193804749122079 0.0139870480197583 -0.351488159171415 0.386584488869097
0.00304975597099394 0.00440062728145331 -0.273798598124966 0.287771717308697
-0.0036076076012869 0.0361400540386469 0.304548284190734 -0.0867581917930561
0.00956121157914088 0.0185051008414846 0.370966880831464 -0.298021533530666
0.000289065243837065 -0.0284370135298686 0.518868727999261 -0.198957287887437
-0.0334263709613642 -0.0108901322688625 0.721070005510425 -0.337859496973149
-0.0115338126481947 -5.64550052040555E-05 0.583474990165602 -0.448947962875488
0.011556124750982 0.00105926425486608 0.361240070948134 -0.380636965135112
0.0217773694556244 -0.00251760083560859 0.1654118840615 -0.18566511913006
0.0241587413391098 -0.00855230549550587 -0.0470382095691888 -0.000491698178533149
0.0190520486036009 -0.0120925329512186 -0.189795597948463 0.202567751807803
0.0156927612387967 -0.000345545171614272 -0.347046227186721 0.388736901571423
-0.00412358677250937 0.0290193091146688 -0.441055720293677 0.531553619428168
-0.0559914179049966 0.0195941395476217 -0.512531050502587 0.578933385964237
-0.0575857551119607 -0.0238566880189315 -0.457953428389534 0.477358862856312
-0.00722354856839081 0.01588684101578 -0.358143028992216 0.376816703811801
0.00209534728908366 0.0368292199604369 -0.278693958039381 0.274005994868438
-0.00990538293736953 0.0598114523792312 0.30357019470271 -0.1103036580575
0.0218914571688857 0.0245882977572733 0.359102315454784 -0.303766729216332
-0.00135746347017315 -0.0387254211472979 0.516800613022954 -0.241167668705498
-0.047556058269421 -0.00644524705763486 0.684892459143592 -0.392034144855645
-0.0119684444696096 0.0129880248516918 0.548809596126724 -0.475168790983136
0.0194127352868368 0.00221079564237795 0.353144692263562 -0.39081715865859
0.0294750323816987 -0.00849289280307513 0.171204865616306 -0.192952214100389
0.033623711646954 -0.0158566154503732 -0.0394368310200687 -0.00742324100967835
0.0291075046676939 -0.017880002421624 -0.185235015092987 0.192921453469513
0.0260809446045392 0.000258186751787258 -0.355057279995871 0.37364442968873
-0.00436336152885061 0.039788171325029 -0.469027539859448 0.511979100858145
-0.07362757352646 0.0247775614305367 -0.55429610901719 0.545673604846636
-0.0613139999225797 -0.0387969510845058 -0.484605499439613 0.436699360542616
0.00500309414037867 0.0196316403913122 -0.367309089795458 0.362954132673855
-0.00245345786009733 0.0624644724730176 -0.285063250979244 0.256105065862453
-0.00772890939351307 0.0721353012906412 0.298911122173268 -0.140426118296207
0.0304151644658243 0.0222999612183416 0.34738333904972 -0.306092267285525
-0.00733759065559127 -0.0460734009707189 0.511855041792229 -0.293406578630639
-0.0562862124716815 0.00176815709251323 0.634484923967191 -0.455027963422303
-0.00914846217897436 0.0198057330697431 0.507272155624303 -0.50005903372437
0.0252683251160318 0.00156777487660074 0.342560222261447 -0.404423287189448
0.0340675035474341 -0.0133907666241047 0.179865031374588 -0.202857554489434
0.0389537817540453 -0.019399517221841 -0.0302761721885662 -0.0149176987384027
0.0353193414981161 -0.0222907631150673 -0.178795139430336 0.182193363959175
0.0311455958714539 0.00191025468314065 -0.362152367286587 0.355079917727012
-0.00660416778301682 0.0476650195831011 -0.504103182101225 0.487709214042938
-0.0857165913061894 0.0217558916750999 -0.608592402326029 0.502656140838893
-0.0575188356624452 -0.0536322005910554 -0.515043733410237 0.388769635926598
0.0144932967605873 0.0265434664058456 -0.376324382014468 0.347759286287136
-0.0112828831456398 0.075376858481049 -0.293022450700747 0.234835756282
0.000852009994519756 0.0696927504113258 0.28972613859027 -0.171247097440835
0.031073356484699 0.013318231708793 0.334862278910423 -0.30919896589284
-0.01409764588744 -0.0462636302038949 0.499152932247358 -0.349635551157891
-0.0564417201328427 0.00913796450745604 0.574730222539877 -0.509085258006616
-0.00615065534251807 0.0214058497586074 0.465174894679886 -0.523037454543258
0.0260952552987626 -0.000875284543284231 0.334289793887562 -0.416236216179608
0.0335518736474594 -0.0153187164676266 0.186411462693127 -0.214540325559623
0.0386673215173625 -0.0217764049549789 -0.0193605324332878 -0.0252551935167617
0.0352653076328116 -0.0218876479516224 -0.169272906799079 0.169627493136966
0.0313279761528532 0.00528512114918127 -0.368390903634566 0.336664154523138
-0.0122461839087438 0.0496023954103924 -0.536276409465502 0.459038696239021
-0.0905893560055003 0.0127645893285938 -0.660477022948405 0.450151633505382
-0.0479475003194116 -0.0621152117450447 -0.539920393822671 0.334175910616291
0.0165464657125289 0.0348487633490155 -0.382604017053938 0.330942810815
-0.02167091294071 0.075156952295496 -0.301317740478303 0.21247303006289
0.0108402454749841 0.0546174684645873 0.2789315818458 -0.198270490984789
0.025228179924916 0.00418844733626867 0.329477446046638 -0.312010835935459
-0.0196570029591834 -0.0427441646888078 0.480401243788585 -0.39925830215591
-0.049079167298268 0.0110248264181631 0.521067929164786 -0.548844244238493
-0.00377996853567678 0.0159825462150308 0.431034011251142 -0.536738526267409
0.0226619943987261 -0.00399036211032501 0.326590461909852 -0.428032002347355
0.0283844319833827 -0.0147665344053253 0.192217695294024 -0.225217459562577
0.0336246721966278 -0.0193303331655438 -0.00911156449495677 -0.0351865404496184
0.0314837577198548 -0.0190003933810729 -0.161397187677757 0.159946497072515
0.027336050564994 0.00713361846416913 -0.371131889493671 0.31986806784846
-0.0170808147767034 0.0455536851879942 -0.564826595669964 0.4356345360288
-0.0870586794133666 0.00100865540538382 -0.704524478987699 0.402025264298298
-0.0368121875454933 -0.0611581117357698 -0.556782420549244 0.285414406353906
0.0108159751835973 0.0390669292478477 -0.387716957171203 0.32386582891428
-0.0253450665666802 0.0590414340572316 -0.307797495455863 0.192571059356854
0.0416794686910745 -0.0598861090304813 0.303371946661327 -0.0985590316534642
-0.0249472321076805 -0.0192140076252865 0.374497101766678 -0.281696779670693
-0.00371562595999478 0.00735799409361089 0.533318262966532 -0.184345878828384
0.0201017231432167 -0.0171784352024442 0.737728739760398 -0.321547505178008
-0.00554048153949669 -0.0438127364687974 0.598954116181461 -0.431672987082612
-0.0198401300689968 -0.00875888637317139 0.372224648422022 -0.377190270072625
-0.0114098274228901 0.0157886464495679 0.167534835363407 -0.186590695379147
-0.0120685277663862 0.0165156417222908 -0.0476726560080805 -0.00177735970079198
-0.0167668275465478 0.0107773783782438 -0.18910354934885 0.204363247057236
-0.019335228221345 -0.00150386584152113 -0.335363535975344 0.395960671695015
-0.0159030172974347 -0.012541156421554 -0.418015703296598 0.54896598630334
-0.00414720376222318 -0.0132463111470364 -0.494476504727763 0.611701748437834
-0.0337461274840551 0.0140834436755699 -0.452650189290553 0.501402822079868
-0.0449738849134995 0.00425327619879853 -0.351116542434419 0.388731173118605
0.00682448110853844 -0.0694606633134497 -0.28105982626644 0.297161803435205
0.0295506924157041 -0.0280980585593507 0.30572263041472 -0.0793437126503464
-0.0142060715477038 -0.00995399595774813 0.382768389998718 -0.287974680407159
-0.00399630737139556 -0.00330638023418051 0.527630614918987 -0.166742838922272
0.00342006331389841 -0.0138414804077929 0.752092829707232 -0.300930072170096
-0.0065208868618164 -0.0316658895125069 0.61215010000924 -0.426270588713744
-0.00993290315500068 -0.00611315358439571 0.373771644601881 -0.37330971181505
-0.000456512327866856 0.0102574528856829 0.163250431878879 -0.182854891878138
9.78122192449586E-05 0.00840608099612373 -0.0513493948561464 0.00255255158888295
-0.00539356140097566 0.00415488584323429 -0.191929792952188 0.2099290110613
-0.00834958495568795 -0.000448800942831637 -0.337145355019162 0.401830421551351
-0.0128228358227424 0.00071391993000144 -0.416009364720611 0.55096119919896
-0.0204421437793235 -0.00216916104451828 -0.479550473382235 0.614967544564294
-0.0412743469709824 0.00334620345851812 -0.441715209915486 0.511868746120701
-0.0322827037628121 0.00931643904659388 -0.350996418011349 0.391348442374775
0.00402591236592361 -0.0338037474981759 -0.275019117065345 0.29632510543915
0.011734359990462 0.0054667029503079 0.306159987220563 -0.0764772148048961
-0.00203506349048622 0.00486133436599577 0.382360143001822 -0.29441989795683
-0.00150860878017104 -0.0150257881955334 0.524262658468402 -0.174483426385017
-0.0152702454313485 -0.0123930050630272 0.748382650275659 -0.307544225613618
-0.00896776258191417 -0.015558153108894 0.607982259216807 -0.43184308344051
0.000786536185351801 -0.00275468042989563 0.371252431796203 -0.378101467315301
0.0105101965562706 0.00443359080630155 0.162784531706936 -0.183787658657752
0.0124907484701791 -0.000902041927543285 -0.0512802876219691 0.00289288179682872
0.00777437379216457 -0.00447465452758868 -0.192853128561416 0.210110843035754
0.00410336412321712 -0.000229469639865975 -0.341297455093152 0.400595434959295
-0.00829073620052094 0.0147144893111306 -0.424760776149604 0.546976428070326
-0.0377738126699128 0.0093451473438429 -0.486888822894023 0.606547041402347
-0.0496823147552934 -0.00959591421797566 -0.443843553097919 0.504870232281527
-0.0201386228335181 0.0132191592636362 -0.35611803792195 0.390075586177541
0.00335963887909779 0.00330839924810097 -0.276529551871109 0.289828038889363
-0.00304136526241096 0.036435249131555 0.306918601736139 -0.0865528941876155
0.00998303601302688 0.0186622687750143 0.375535110082682 -0.301175350407282
0.000168705848901743 -0.0268687499677569 0.523425410547179 -0.200698705128008
-0.0332818073053736 -0.0100538741236088 0.727872922379989 -0.342024602656705
-0.0116679338042555 -0.000241197559134826 0.587977558283218 -0.452142787513366
0.0112532593098355 0.000805207449566511 0.361776523388327 -0.383760522247298
0.0228919564747571 -0.00206770863655951 0.166527281034664 -0.187638411626095
0.0248773026633408 -0.00908405188469735 -0.0470664804973529 -0.000494013374611603
0.0193664030208424 -0.0119017973524002 -0.190572287362122 0.204820334289007
0.0159545281761916 -0.000188249807878508 -0.347361474808774 0.391448213052709
-0.00459049315502093 0.0287645771486285 -0.444809008128548 0.535275280556149
-0.0565839339338873 0.0197555207488978 -0.515148141005595 0.584675023211168
-0.0577455285730345 -0.0238156147597709 -0.46136489484429 0.480472816784468
-0.00550089663825722 0.0152928967973716 -0.362359218487414 0.380401913444779
0.00123921979375297 0.0362190092877167 -0.279717228472575 0.276312399623692
-0.0107597343859577 0.0596784715673825 0.307587096991195 -0.110632676556485
0.0224529821269526 0.0241338161203871 0.362111187793961 -0.307054526648714
-0.0018233695134022 -0.0383234143310776 0.520899797670508 -0.243349880844911
-0.0484286563932965 -0.00598855759073969 0.689546945425901 -0.395917335697094
-0.0116989340567682 0.0120090354266406 0.552893643418914 -0.47836795918779
0.0202998101239789 0.00253683125249892 0.354296132294995 -0.393400078097135
0.0310129336810497 -0.00861316671686731 0.172678394168613 -0.195354551466109
0.0342277236259578 -0.0164714244311868 -0.0393989100062283 -0.00674279404136226
0.0293732292932468 -0.0193613480512537 -0.185312477317659 0.196187466221917
0.0251447896174576 -0.000656275623037213 -0.355632055163278 0.377482515929609
-0.0045212800946616 0.0402888483035136 -0.471527427260115 0.518534333029289
-0.0734331699739587 0.0247848963463384 -0.557652104353477 0.550900102574153
-0.0621604713345165 -0.0394668477289126 -0.48809848819603 0.442399797873974
0.00559346311252269 0.0186528500852785 -0.370967069906547 0.367015007954419
-0.00332622399739957 0.0622423440673841 -0.287670108239104 0.258415247050727
-0.00739013936405651 0.0714910495855198 0.302173021816858 -0.141887842070184
0.0307374124164335 0.0218286431480024 0.349838280285176 -0.310013446758525
-0.00769527850953881 -0.045564901249391 0.515494122591366 -0.298316412305152
-0.0570663065594572 0.00155998642130909 0.636874638216791 -0.458328254965848
-0.00918277854125084 0.019367936363005 0.511327468895206 -0.503412291806071
0.0252181432385412 0.00120787105353719 0.343257183404566 -0.407443264407242
0.035377212161745 -0.0134268482860825 0.179566324864634 -0.20513604954488
0.0387362045276712 -0.0208844203320246 -0.0296624887707562 -0.0153165281248765
0.0350939308948154 -0.0221859389843137 -0.1795801586917 0.183588435821045
0.0312688426762243 0.00226012072874953 -0.36328080672239 0.35848166143194
-0.00675464586865846 0.0491532398177887 -0.505302571206388 0.492954244926786
-0.0863075371762667 0.0227968448716141 -0.609883279328582 0.508219925558447
-0.0581894432863061 -0.0539119013154051 -0.517849130801627 0.392656506354778
0.0138621692315803 0.0262633626627262 -0.379845062000021 0.350451754611666
-0.0117830857059791 0.0763018967091202 -0.295485195461582 0.237602407095953
0.0014034338309251 0.0697060591931074 0.293432141335776 -0.173313568484767
0.031216139306363 0.0128562169622307 0.339205617892867 -0.312211107213073
-0.0151212867515226 -0.0465315912674206 0.50250345523653 -0.355069420608283
-0.0572172216992819 0.00908900429487619 0.579153021197861 -0.514589915405137
-0.00620073506936551 0.0216410468222044 0.469845001023628 -0.525025395071174
0.0268545427694135 -0.000137820771914399 0.334771981971068 -0.420242215226233
0.0350775454761587 -0.0145597837847204 0.187126375027173 -0.217104937158029
0.0388455027251784 -0.0219301724590728 -0.019188475367124 -0.0255069322672747
0.03538392439552 -0.0216138662963701 -0.170051147778065 0.171177182112084
0.0319729310621097 0.00535347393197808 -0.371745516914379 0.340060687725081
-0.0115407045728581 0.0508120583216773 -0.537683035557907 0.464976903117136
-0.0923827693166658 0.01249506462183 -0.663123401278187 0.45519725297436
-0.0488324193801086 -0.0624481084325652 -0.542690991556345 0.338387123411403
0.0166152112971878 0.0345669633077511 -0.386380165532927 0.33450853498124
-0.0215151822229638 0.0749278662682559 -0.304820011074976 0.215047443137527
0.0106759053182074 0.0545585990307147 0.282395189412178 -0.199788120538268
0.0257190685271515 0.00345693004568898 0.331213037827165 -0.316108546208489
-0.0198138454112833 -0.0418041747191284 0.482928856106543 -0.403693622719384
-0.0505535145474966 0.0116516870606317 0.524281897722295 -0.554262856332198
-0.00430927842359358 0.0158421034324958 0.432120971225284 -0.54254210269822
0.0227271342137833 -0.00405764878832806 0.326264790006474 -0.43185796452319
0.029065098975745 -0.0142124796059872 0.193565331200163 -0.227992314864943
0.0337030204875356 -0.0206421862839484 -0.00859776865958971 -0.034498076133564
0.0316682305176132 -0.019240681436075 -0.160302273681963 0.160408516988782
0.0271962968618649 0.00695195518295168 -0.373993374083219 0.322884110022934
-0.0170882622342362 0.0452655972901958 -0.568603630884716 0.439781746875527
-0.0875165306774867 0.00119060212718267 -0.7081828146363 0.40740465296934
-0.0370662799936817 -0.0616442485737895 -0.56100568858211 0.289185280193069
0.0116023242240113 0.0390121319074907 -0.390582557896875 0.325657140939767
-0.0258334314223219 0.0584498877651858 -0.310729226093072 0.194391342138704
0.0419922048042102 -0.0608805223010928 0.307044382741973 -0.0995180589924285
-0.0250760151758985 -0.0194796128332348 0.37808767583194 -0.286854374497578
-0.00396107745916266 0.0074426288474443 0.537697181772809 -0.187217318429641
0.0194767596387147 -0.016987031511885 0.744101234353367 -0.326864948636631
-0.00658102618854526 -0.0447827793957398 0.602532044487135 -0.437164675267272
-0.020284217104949 -0.00946172452455285 0.374228489414899 -0.381598425400119
-0.011634787315146 0.016726369739107 0.167860163016183 -0.188526603535142
-0.0108949982592911 0.0166642557941185 -0.0471182042948735 -0.00107159777032103
-0.0164957039689362 0.0107479979045216 -0.188415347710156 0.207429694003107
-0.0189171673336011 -0.000727895665276333 -0.336054788261449 0.401399104471121
-0.0157413491286477 -0.0128731277007392 -0.421115730785028 0.556022631727031
-0.0041867866250759 -0.0128671691640993 -0.495427559500505 0.619357261690056
-0.0340654789619138 0.0145735594304577 -0.454469098379286 0.507458263634441
-0.0438267917912887 0.00428218504968468 -0.352567790717341 0.391601549570307
0.0062993595682457 -0.0711354273902665 -0.28306660227427 0.300470278340348
0.029862635672548 -0.0290571127953928 0.308700619196562 -0.0812281627460603
-0.0143592202424855 -0.010331061138725 0.386005576247776 -0.29253557952671
-0.00424575758398026 -0.00290762009405107 0.532455171770869 -0.170753293415821
0.00346448827251972 -0.0135411012572109 0.75715903985372 -0.304514553148013
-0.00629619488006258 -0.0312544193015976 0.615099638649376 -0.431223466449506
-0.00995542038362206 -0.00777133001768615 0.374465659222919 -0.377713684094758
0.000740620892861898 0.0109626694750454 0.164135141648193 -0.184764780636788
0.000384639996803782 0.00835237184062634 -0.0511627627347761 0.00310243122271269
-0.0050413375122427 0.00398349355363413 -0.19175677039643 0.212440691971243
-0.00812200268725996 -0.000812032196020803 -0.337756393258813 0.405306214399137
-0.0126807598498312 0.000781106965508041 -0.417020998177839 0.558744559236637
-0.022008216854329 -0.00336946056535426 -0.480222997346337 0.621552989606207
-0.041231500176434 0.00398678027069042 -0.442277653762176 0.516534900477111
-0.0318141206861825 0.0093050464626878 -0.354871486450784 0.396452332045731
0.00342831069071057 -0.0339528673419455 -0.277439078792518 0.300776234594609
0.0117363944902567 0.00479083657702793 0.31050482570572 -0.0768592304352826
-0.00286452100104674 0.00546584433945984 0.388178985053224 -0.297768012816377
-0.00174387380344601 -0.0151821863071607 0.528165039416708 -0.178412699426036
-0.0151505226297135 -0.0121900501474646 0.755177382752064 -0.311461362348764
-0.00895049061597022 -0.0165662918840875 0.611587220332323 -0.438785194814762
0.000407929306649049 -0.00330613667001889 0.372545969146484 -0.381270109934055
0.0121107370319329 0.0042800055860943 0.16392218263594 -0.186168750554061
0.0122381460059551 -0.000660614970533542 -0.0518936997231285 0.00305275278786789
0.00780930584254951 -0.005253386710375 -0.192079943925704 0.212356077042327
0.00404770414271586 -0.000462545219722376 -0.342299305488739 0.404766063022045
-0.00820273245914437 0.0146025683286946 -0.424571685393665 0.554450610092278
-0.0396087194937884 0.00910471791195833 -0.486501056239138 0.613961439498491
-0.0505949237118208 -0.00854419603913849 -0.446138851975405 0.509809886748741
-0.0185966982322598 0.0127879312753089 -0.357287938810271 0.395102836790512
0.0034942791885868 0.00286538328190889 -0.278384273097303 0.294157322852853
-0.00290901239188676 0.0357152961367476 0.311006096018717 -0.0874718397939949
0.0100562753737442 0.0184917646467678 0.380706958463715 -0.30585698069398
0.000296123014674791 -0.0274231615665807 0.526225047266037 -0.204604666040922
-0.0339689603199211 -0.0109691861946229 0.731692422679096 -0.347294911830378
-0.0116625641068956 -0.000792772781016382 0.591234756193589 -0.457786991748638
0.0110932835493731 0.0009295163549118 0.364660251134659 -0.388513347616926
0.022956407701658 -0.00232775696492856 0.168156742780736 -0.190006796718051
0.0245241947620771 -0.00872524495694236 -0.0466947955547323 0.00033327585469451
0.0195930410730741 -0.0129968340873221 -0.19036558953062 0.205983779339739
0.0161390066243962 -0.000803446261964295 -0.349242396032794 0.395924742958138
-0.00420474269301179 0.0291288395325423 -0.445721772069801 0.542865800506567
-0.0573309056101009 0.0197193952060436 -0.515343448211007 0.594273743586689
-0.0583060005858455 -0.0231511127994071 -0.462995725581667 0.485993322879287
-0.00608342697927324 0.0152977910380187 -0.364479633048778 0.385284795021273
0.000345514590788694 0.035825466500003 -0.282410607939408 0.279254287357411
-0.0103897942084898 0.0601112973250957 0.310047478720486 -0.111651447718703
0.0223674176325164 0.0247067547150871 0.366725866129756 -0.310693841936297
-0.00229760921490402 -0.0380521225702342 0.526189403064761 -0.245476135605128
-0.0491778571243681 -0.00520512783930875 0.694657598855319 -0.403160946368893
-0.0127042884227324 0.0115647314254235 0.555722998276772 -0.482292940354158
0.0199232937267437 0.00222494516271017 0.356109614679029 -0.399382147398868
0.0314814942470996 -0.00871611295454026 0.173339677273092 -0.197971481652052
0.0339303794972342 -0.0168204683947818 -0.0393342594262094 -0.00712926689657733
0.0298694693735771 -0.0188112814852176 -0.186129950053267 0.197375303727465
0.0263250232257463 0.000335517717418427 -0.356719082497391 0.380913503863193
-0.0040704544221421 0.0413413629645624 -0.474528138046338 0.523682387363223
-0.0742453039186896 0.0243686114817455 -0.560169806706986 0.559799903467043
-0.0615571535912777 -0.0389606479869517 -0.49092001169402 0.44781715490878
0.00711119750578281 0.0200234360041171 -0.374603500610923 0.372821832887971
-0.00384667784790289 0.0623906219078662 -0.288362013170242 0.260516306463676
-0.00790450460366176 0.0716225500571583 0.305292295760414 -0.142637459493674
0.030473403006717 0.0221124652101281 0.353503830773752 -0.312579086480597
-0.00743107471976612 -0.045956898129133 0.519263833519944 -0.302162425123575
-0.0580270907928058 0.00214333489380135 0.641280190533485 -0.465568563492143
-0.0101032796062541 0.0200500003112567 0.512270167533017 -0.50920106319996
0.0249776697986153 0.00150629930961253 0.344383443102734 -0.412486607051575
0.0352716847369547 -0.0128076226578743 0.180266177581586 -0.208147489176346
0.038873651068362 -0.0209269511670189 -0.0300452780767595 -0.0159258109779473
0.0347046051276795 -0.0227371100036274 -0.179281854030591 0.186398226808309
0.031656842853546 0.0021580132175632 -0.365080165411081 0.364209530662523
-0.00632083473766045 0.0486840728510319 -0.506718526741248 0.498683081579361
-0.0878778498767683 0.0224498543255308 -0.612482771965941 0.515213824400999
-0.0581531969642661 -0.0543407930196265 -0.521618569288343 0.397549683460258
0.0156471445113256 0.0254559222338534 -0.383576819426096 0.353407552385231
-0.0134300645147781 0.0749260414863308 -0.298425010377015 0.239748984538341
0.00169447524514773 0.0695169155745322 0.29642262131831 -0.174083636890128
0.0316172230181497 0.0138413771316488 0.341443688647334 -0.316799809408936
-0.015991136550496 -0.0467846354836753 0.505995196911868 -0.358352642453406
-0.0583845378907564 0.00976533800429036 0.58216915513131 -0.519399965881056
-0.00656991150483346 0.0212152160612632 0.469697233216702 -0.531648919254962
0.0259509689767455 -0.00159996419376569 0.335022308752981 -0.424760343783776
0.0346609290525756 -0.0150367076252949 0.188308466588601 -0.219132375902459
0.0398004351180334 -0.0230566846993516 -0.0188191965233332 -0.0258677964227958
0.0354561517391533 -0.0229052936550877 -0.17054486585715 0.17288905258662
0.0316768245535867 0.00528409425922731 -0.371916750265864 0.343581211898075
-0.0118478879547428 0.0512266027385982 -0.541251620175961 0.471886812264385
-0.0927755716059443 0.013344400566427 -0.666440092390718 0.463020706388024
-0.0494392030683915 -0.0619484668129329 -0.546785696949824 0.343084150526144
0.0181159452651982 0.0346356966258759 -0.388361226632891 0.33949696825915
-0.0216614086865541 0.0744593520827101 -0.305859096659067 0.217140705209334
0.010360497769391 0.054712501788699 0.284381665347434 -0.201736678390751
0.0261900318580034 0.00334046559770675 0.336363765849614 -0.318640868061136
-0.0211208719692284 -0.0417852968637778 0.487698805739179 -0.408717938014563
-0.0508862989587472 0.0114557511280187 0.526382536055007 -0.561706366352365
-0.00468445552400764 0.0162358408565704 0.434672896663439 -0.547724179734158
0.0227211728789249 -0.00483885872220522 0.327293273301256 -0.436784561637295
0.0295259771861357 -0.0145933715226048 0.193923866822502 -0.2312813362779
0.034381269009423 -0.0204807357823145 -0.00780386574980008 -0.0354691858038894
0.0315765260074199 -0.0199328745706393 -0.160896090377265 0.162392566649419
0.0274573137910333 0.00750680516492299 -0.375234137449372 0.326595090041832
-0.0168376709855107 0.046566659144867 -0.571780248245061 0.447031010686654
-0.0889303640904528 0.000851455213042899 -0.714709941724934 0.4125995488459
-0.0374073453616353 -0.0615486269995329 -0.563169686033969 0.293270582977928
0.0123120427452631 0.0392459772715352 -0.392990777353924 0.330260172789415
-0.0270294025521698 0.0584707670807081 -0.312793782520923 0.197445104696415
0.0429197200472249 -0.062144928384175 0.309660335441713 -0.101391768984149
-0.0257167371360876 -0.0197767315383935 0.381423208270405 -0.28994571004466
-0.00457575789259567 0.00861628262317099 0.542269990037475 -0.190989299429399
0.0199948618124366 -0.0169300669148496 0.748311823608785 -0.333309000275752
-0.00726276193320402 -0.0453891534378536 0.605456404021148 -0.443488964717639
-0.0209884671302895 -0.0090770270316234 0.37486272450321 -0.387706569317053
-0.011318571052347 0.0176349913467223 0.16938097508457 -0.191040909187048
-0.0110189208420329 0.0174483093692452 -0.0468180598247297 -0.000940182750255674
-0.0169332038132926 0.0114423932670337 -0.18887519958146 0.210367333559949
-0.0193899341546489 -0.000551526395771283 -0.337535564353481 0.405430346241899
-0.0163733078482521 -0.0132345289587317 -0.421547588517787 0.562905163974195
-0.004855349195701 -0.0135344685341866 -0.494802285880913 0.627324286658415
-0.0344341372706469 0.0153163737985301 -0.456003728416674 0.512862758932012
-0.0443981219352104 0.00373821129583314 -0.356140780981418 0.39877756156421
0.00727206826942479 -0.0723189003916639 -0.284255986405205 0.305077406158659
0.0297685909282803 -0.0297771717286855 0.311175645919718 -0.0826959201226029
-0.0132911400533479 -0.0103485439154516 0.389370287978927 -0.296278419477827
-0.00449169553060316 -0.00214634352668486 0.535979502805267 -0.176383555599815
0.00379119283573262 -0.0129938701317484 0.763580106377003 -0.309043823315212
-0.00707082092768562 -0.032025704312546 0.620167721670593 -0.437574226587145
-0.0104841665968615 -0.00677750676866817 0.375187758676621 -0.38435307284772
-2.45667067869677E-05 0.0112529840326907 0.164042410955053 -0.188519519471274
0.00021543100924006 0.00892684563696219 -0.0506249615165806 0.00361333693740101
-0.00552336234291732 0.00315674320858438 -0.191808078458086 0.215524040535022
-0.00937984202355663 -0.000863248365764185 -0.338254351297167 0.41100231327519
-0.0134660053723164 0.000506127219047966 -0.416819297187522 0.565504331492914
-0.0217192585661331 -0.00251692445339941 -0.480541516912851 0.631417095925689
-0.0410031634835136 0.00403091537302523 -0.44431030055599 0.522957170869609
-0.0318371197481937 0.00934380408019191 -0.355643981247644 0.40156190271748
0.00366449190352077 -0.0355821654697296 -0.278352968436509 0.305587162658775
0.0123981223145719 0.00431971819500404 0.313008125942399 -0.0775778941284975
-0.00142421702628312 0.00408773805151486 0.390438047361441 -0.302409852439824
-0.00246738799281036 -0.014743584469923 0.530794232418913 -0.183188488139265
-0.0155573136786373 -0.0119246392642758 0.761253357191178 -0.317181615729283
-0.00982954326081866 -0.0169272392015402 0.61560987588452 -0.445537934222179
0.000276446717726067 -0.00332693635991436 0.373011410913815 -0.386746672116479
0.0118545432000554 0.0039985896443159 0.163468793119303 -0.188760487895571
0.0131365422434145 -0.000560837329084783 -0.0509214217902501 0.00318009059503101
0.00694604686597788 -0.00417826881386264 -0.192335770692391 0.214493132338553
0.0041493828656319 -0.000634611615677786 -0.342702421256468 0.408623727041506
-0.00849596138941891 0.0150470291819375 -0.425477889387761 0.561311563859466
-0.0394684751379263 0.0100216466125245 -0.487035918279252 0.621969776810901
-0.0501065637612411 -0.00830837179653057 -0.447315865756701 0.515674911286272
-0.0185635329545745 0.0131152638979126 -0.359914684804094 0.398942956720322
0.00296571760937604 0.00164854213102776 -0.279549537662665 0.296862696564448
-0.00287420032066575 0.0353434500684028 0.314130352997551 -0.0902414421237823
0.0108948630688284 0.0187676194560939 0.382714760155588 -0.309112209230865
-0.0011833669787498 -0.0272188963351988 0.530658668947904 -0.208724753519234
-0.0345695091180341 -0.0101482215581157 0.738019952998606 -0.352343859464974
-0.012019578430978 -0.000939966126539462 0.596115256025923 -0.464452956485928
0.0109423915015647 0.000290083130452736 0.364009546419786 -0.394020408662979
0.022994131630552 -0.00239692483007634 0.167606287252549 -0.192827651192558
0.0247819912035214 -0.0102344910295862 -0.0473177438496166 -0.000441923939519613
0.0197354672246223 -0.0119502511465512 -0.189591110054502 0.209048269544878
0.0163381922012892 -0.00134485901554345 -0.349841751566224 0.401606257931386
-0.00544799268049233 0.0296831670455469 -0.446989658698815 0.548646250059368
-0.0591595882676976 0.0198789300903291 -0.515493109295882 0.602324862288414
-0.0592010949385458 -0.0231273890998339 -0.464300527652876 0.492850257086421
-0.00504590413699513 0.0146616025896531 -0.36803933652816 0.389730791614033
0.000789743618162964 0.035213920609513 -0.283546583143294 0.282899515540272
-0.00996791287240506 0.0599694088465552 0.312549756190377 -0.113866206393849
0.0227335684627787 0.0248840191026578 0.370638993357403 -0.316585857052943
-0.00287320439665983 -0.0379530070566205 0.529060994044891 -0.250783714377219
-0.0489637034017575 -0.00519274757490318 0.700080139965943 -0.4085914683975
-0.0125541759700541 0.0113822741616838 0.558023776489856 -0.491722330491067
0.0192473172321576 0.00245584507362744 0.355848048637514 -0.405176021998482
0.0323653841240711 -0.00882457218134259 0.173404831655509 -0.200430926683404
0.0344580575637526 -0.0167700032469581 -0.038786560996963 -0.00701178597745569
0.0285152161948058 -0.0192242640862843 -0.186493161214274 0.200193670669159
0.0260501372610483 2.75936069679917E-05 -0.356007149090168 0.386841369579358
-0.00365636808844314 0.0412224745019795 -0.47497534374175 0.531538980017791
-0.0758075894322627 0.0255868629816392 -0.56008970659127 0.565639070584193
-0.0625629337229877 -0.038825762221597 -0.493113175540326 0.452232909134249
0.00754898339267763 0.0192416938130887 -0.375064387525138 0.37638496484293
-0.00457241394176521 0.0610741590607581 -0.291455217090955 0.265163601467427
-0.00684827023133212 0.0719842002230979 0.30913746118057 -0.145899787540874
0.0313589808148911 0.0214153330127861 0.356052833239292 -0.317956830448862
-0.00868820456423447 -0.0456762966373405 0.521456897066861 -0.307575099279498
-0.0581085692061022 0.00174874062723094 0.646826189340844 -0.473616692936581
-0.0102612370806189 0.0196284059797508 0.514644104253686 -0.518250725132717
0.025598367550057 0.00152560251434331 0.344209352346817 -0.42004062485674
0.0355347207356813 -0.0131844601091765 0.180600124587336 -0.211548766999056
0.0396447451885901 -0.0222823588340138 -0.0287841564825386 -0.0155322157712421
0.0342590663789194 -0.0229785521803792 -0.178339427601822 0.188904698477711
0.0309002548730463 0.0018595057044573 -0.365857024623694 0.366910097533566
-0.00637338857898434 0.049029521815774 -0.508103561385452 0.506697323481043
-0.0885997357601571 0.0231523894518192 -0.614762835781716 0.523608619245895
-0.0598675230281346 -0.0536822399943378 -0.523677171572914 0.402664863313218
0.0163980040633993 0.0268925643735679 -0.384549892490769 0.359683970434963
-0.0134719357626647 0.0752465552045723 -0.298625829703479 0.242703381703932
0.000908645050880032 0.0694296231510698 0.298815142431617 -0.177581555353432
0.0327799402024199 0.0126610260390592 0.345414967344566 -0.320881224563621
-0.0170313249199678 -0.0465783409230232 0.508827450412585 -0.364829279036748
-0.0584939296864254 0.00947035112471414 0.584216180573254 -0.52831824637205
-0.00708638490970362 0.0214815174140837 0.471174637329429 -0.539123440501406
0.0268474291300472 -0.00130749753763866 0.335339066225777 -0.430560247234384
0.0347773536920241 -0.0164294421020794 0.188179771156349 -0.222942414663068
0.0397977709462849 -0.0225052722809639 -0.0184231087704024 -0.0253237543089205
0.035054381004844 -0.0232916225059305 -0.170578559381303 0.17546223430204
0.032573747472331 0.00459711437266581 -0.371784228644757 0.348329966321825
-0.0122900391920156 0.050961511058908 -0.543649578323212 0.478342013803949
-0.0934254545047982 0.0140504239123147 -0.670196391968919 0.470311438977258
-0.0500345991001369 -0.0623775500972348 -0.549585210763595 0.346025810012971
0.018183132952448 0.0352803348697209 -0.392043771603788 0.344291225530277
-0.0230793203709697 0.0746054890440488 -0.307908280961078 0.221548617258189
0.010525780148767 0.0544110828988656 0.287480354952674 -0.203809819083629
0.0265709456457737 0.00346735242608124 0.339741377270623 -0.324017645471559
-0.0216446738609381 -0.0416025045986572 0.489534526570563 -0.415842271823223
-0.0509396987259807 0.0117528118308147 0.528635943592571 -0.568581277190682
-0.0047980588769599 0.0162397037294239 0.434739205360418 -0.554402101267174
0.0226783919131026 -0.00475577294440518 0.32701181796079 -0.442370959888205
0.0300501041826578 -0.0144795940540218 0.193782335759909 -0.234303419096928
0.0344476354961726 -0.0204417094306488 -0.00739970698704016 -0.0346359455093808
0.0305789888778104 -0.0195394145198292 -0.160914105619601 0.165158091234666
0.0268902985786225 0.00699395000132888 -0.376853424398091 0.330295787654606
-0.0170989350988316 0.0469586930125244 -0.57395213529432 0.453336828012345
-0.089666299767589 0.00162798737478634 -0.716205389040284 0.420764765884791
-0.0374657217045386 -0.0615195341970603 -0.567088216733668 0.298072905626641
0.0131043956727769 0.0388936204579046 -0.397693298543444 0.334653194787912
-0.0271227238843385 0.0579151020102663 -0.315233549152539 0.200847777427844
0.0431989972419725 -0.0625934901400627 0.313679864599536 -0.103454593886942
-0.0254314470410105 -0.0199988965474914 0.385236052812964 -0.294932493493184
-0.0044820471137046 0.0093285835976441 0.546480111318974 -0.197056782623894
0.019997486403137 -0.016921535869646 0.754152910218258 -0.341149374987231
-0.00774582038649384 -0.0455000412235805 0.608617111001874 -0.451249029147038
-0.0204602661523462 -0.0099825456525142 0.374750899455034 -0.39391369472608
-0.0101381018908998 0.017135135791316 0.16884092754976 -0.194018515375552
-0.0113885718827255 0.0175546844813703 -0.0461771456780398 -0.000500654205088457
-0.0170396258558082 0.0112552105557261 -0.188675490522952 0.213638268692419
-0.0201640691759596 -0.00152306831737956 -0.336584764195674 0.411173408969533
-0.0161964652715141 -0.0127214475479154 -0.419595821912097 0.569626086583414
-0.00516077581796428 -0.0146125084601145 -0.49368629510578 0.637604474549428
-0.0353319597203103 0.0163136430710437 -0.455408554973501 0.520813938678555
-0.0442446124077892 0.00345679555080032 -0.356608257140204 0.404798234771306
0.00670633082910869 -0.0726813065813633 -0.284822388972972 0.308675772214822
0.0301921357001524 -0.03035536871601 0.316188309787033 -0.0852464363452168
-0.0135588806768828 -0.0101044615548123 0.393432614186797 -0.301734381221077
-0.00509087525596411 -0.00168804952779532 0.540601819937838 -0.179515082716165
0.00352247680472356 -0.0125369267289487 0.768422736626126 -0.318550920005155
-0.00744141598378582 -0.0329652462674395 0.621638952992735 -0.444764815515716
-0.0109299972549845 -0.00713253226063131 0.37707161458792 -0.391281137995602
0.000298776216204678 0.0108132670673563 0.16449935761975 -0.191407056525904
0.000488477420480113 0.00859398359618458 -0.051517921912196 0.00347187316875247
-0.00588355173589395 0.00359622768259285 -0.191487653797543 0.217724644650246
-0.00875863425616066 0.000344486683891912 -0.337233325655836 0.417781094381032
-0.0127839671983089 0.00104375984630626 -0.416094371165594 0.575120478655597
-0.0225696132913099 -0.00278090161005052 -0.478514845834128 0.640497426760207
-0.0417835082025774 0.00548355048093236 -0.44538102011102 0.531466490256835
-0.0314438626700353 0.00845532232274814 -0.356605108626262 0.410832616979992
0.00242647419297597 -0.0364852677616229 -0.278150491265021 0.309034964524866
0.0123985526809863 0.00343649254952947 0.315738605840594 -0.0806375064100398
-0.00120086632528392 0.00470891888819085 0.394456635480528 -0.307804916043337
-0.00272203142539107 -0.0145731213446409 0.53589184201792 -0.186183917613475
-0.0153518868269367 -0.0117721738304546 0.764949832629842 -0.325716851778867
-0.0105255006556427 -0.0171554199634033 0.619350701536714 -0.453730390657585
0.00016036074215791 -0.00284941730239311 0.371826788804961 -0.393695915909104
0.0129565676048339 0.00374602830689222 0.164325981390054 -0.192129704414316
0.0134388062465799 -0.00110857224241664 -0.0506086570853021 0.00413370141811759
0.00746205088330285 -0.00409170317157004 -0.191128257962282 0.217403140010519
0.00369671266018643 0.000133848979879151 -0.340981241841757 0.417430646791671
-0.00861191576865979 0.0160301603920521 -0.42488946104373 0.569416664130193
-0.0402790293244592 0.0104458697774234 -0.486609891889793 0.633693934243025
-0.0504221245496444 -0.0071174864072586 -0.446655009134645 0.522609762534531
-0.0177744715847989 0.0119541157343025 -0.361194723982894 0.406595031955982
0.002574297547736 0.000200911893061462 -0.279498906238193 0.303613332508351
-0.00403120365488215 0.035405950414012 0.31651365118703 -0.091248453749827
0.0111522287129508 0.0179724171134359 0.388384092639308 -0.314990395282948
-0.00030056775818803 -0.0271979332963635 0.534698124818317 -0.213122868673514
-0.0344959356191136 -0.0104112957565479 0.743346059463945 -0.359980892854899
-0.0129973454393452 -0.00135869630153677 0.597013160065668 -0.471205650464535
0.0104214466609318 0.000518484078390172 0.364840288230246 -0.400046407774501
0.0242989803024939 -0.00298199895032766 0.166652533316477 -0.196022068389925
0.0253829530442411 -0.0101796202953799 -0.0467618774725371 0.000853919222588803
0.0191136055974786 -0.0132954992495301 -0.189175348400178 0.212901318398735
0.0155034279582219 -0.000769068543513206 -0.349768093379262 0.407577651581687
-0.0050534673444208 0.029068922661176 -0.445503605785713 0.559893408728757
-0.0583863644086746 0.0210792796132205 -0.514318046387564 0.609649088363959
-0.0604164686723676 -0.0228099630435533 -0.465493236781209 0.499502105473526
-0.00429824623658234 0.0139885930548672 -0.368157113732101 0.398189813537842
0.000454883069023561 0.0350748389580004 -0.284155873740666 0.288426029785475
-0.010746918986842 0.0600734664816956 0.316604457792359 -0.115535922929337
0.023297907331643 0.0247290313032455 0.371317405558919 -0.319871186109157
-0.00323176786662591 -0.0381224709154628 0.533421582592535 -0.256363165635744
-0.0502667264271947 -0.00492124091821203 0.702954026046335 -0.415423527443465
-0.0127348281797699 0.0116507247985249 0.559867654680222 -0.498461300178983
0.0193621419626824 0.00161138543838043 0.35571612873367 -0.411665907537973
0.0320618722660652 -0.00920685296765676 0.172905776117998 -0.204643186902596
0.0341744083678349 -0.0175847193362513 -0.0390369330621419 -0.00732233638290384
0.0289836186696685 -0.0197229849576144 -0.185346748651883 0.203358643770425
0.0251676985377831 0.000216868731855932 -0.358912076702015 0.392389415953168
-0.00341924715794844 0.0417872012236588 -0.474657596542858 0.539006050027612
-0.0764649241392035 0.0263603170954206 -0.560533230996938 0.57599320410855
-0.0631625659991436 -0.0387373182701057 -0.494191277090839 0.459123793718722
0.00917227005131292 0.0184227644199653 -0.378259218128912 0.383476117283334
-0.00505203547929174 0.0610693602445403 -0.290566694264006 0.270961281051999
-0.00727049082697787 0.0718193441321396 0.311359357842703 -0.147618227640175
0.0318461987067947 0.021925731933447 0.359945551031172 -0.324274360226607
-0.00882344751283285 -0.0457072604240003 0.525968609846822 -0.311854887601482
-0.0589536573150526 0.0025100395817744 0.649384738044604 -0.48012506460281
-0.010760725787336 0.0195304637654732 0.516306444378967 -0.523895253281653
0.025377741370165 0.000591465981084939 0.343844111966889 -0.424320440547516
0.0360474072002804 -0.0135161775172776 0.179577228419778 -0.214439324586571
0.0394536337509153 -0.0223733326404138 -0.0287216425367442 -0.01575175575682
0.0348378060494191 -0.0224737307184404 -0.178150463506816 0.191749301682272
0.0315974652648074 0.00197092734883785 -0.365582998554134 0.37347309970806
-0.00650867135496637 0.0500223891078242 -0.509692871488895 0.51562425983201
-0.0898975911168888 0.0244759927122014 -0.614629138752608 0.533510855018228
-0.0597916569603703 -0.0531856510613634 -0.526645701967412 0.408498246975136
0.0174173040792822 0.0256618912974488 -0.387726746103775 0.365304154933477
-0.0129209320692354 0.075611098770611 -0.299824209540699 0.247316969589065
0.00182415084068119 0.0697356079450644 0.301042473009818 -0.180169315891005
0.0336613007625826 0.0132998055200664 0.348057257217826 -0.325146728780059
-0.0172108642895145 -0.0462015356610809 0.511685619252454 -0.371432122687158
-0.0587913440791291 0.0101531128792783 0.585620453009503 -0.535505638080093
-0.00735648523618179 0.0211877119962216 0.472144956692619 -0.545400414549117
0.0260910916991316 -0.00256569801584857 0.334580158724753 -0.436846928953159
0.0356264998823157 -0.0159694625738222 0.187188564278321 -0.226596059646429
0.0403074495236408 -0.0229987982365668 -0.017641462319643 -0.0256650445320801
0.0354043923060327 -0.0229032982432084 -0.169672132384923 0.177590474158444
0.0320336472479102 0.00493414520082144 -0.372523024108439 0.35331063111996
-0.0110105995945155 0.0528398835073628 -0.545007943396071 0.486242194500532
-0.0944295849126029 0.0144449238691353 -0.671460258830586 0.479835897865486
-0.0506577236560775 -0.062237671185962 -0.552530869539378 0.354784828847454
0.0188545924147814 0.0344188655629106 -0.393638643817824 0.35103462441747
-0.0226269794716303 0.0734053428734357 -0.310119434346949 0.224984022235131
0.0106640900238877 0.0548262358814479 0.289921998839028 -0.207579698311877
0.0269440988264647 0.0035647469728744 0.34069767988051 -0.328658924209872
-0.0215971522974166 -0.0417713733900566 0.491667330503665 -0.422651926827195
-0.0512952559095959 0.0123032309691923 0.528331616039481 -0.578411898846118
-0.00535348387286944 0.0147827610852947 0.43473387735793 -0.562147007052944
0.0225279846492705 -0.00571648401617955 0.326044222894758 -0.448434749636084
0.0309718341668774 -0.0146127059132418 0.193895414953269 -0.237967387253673
0.0353931960765737 -0.0208855034664658 -0.00778024856779597 -0.0351968831826373
0.0314043544377104 -0.0201499368929359 -0.160200110868313 0.165888350339091
0.0274376746371589 0.00725646370345838 -0.376823278929219 0.337141341017151
-0.017987206516935 0.0471850311848836 -0.575605550003891 0.463850673581816
-0.0902989094551763 0.0027765245162137 -0.719610219296353 0.430142572497546
-0.0383046649374676 -0.0613230784708764 -0.570209857096725 0.303728227142397
0.0133019125077927 0.0391161820249334 -0.399105062400061 0.340706610699661
-0.0277065372869355 0.0576690351713237 -0.317040935451253 0.204486100069617
0.0434592250120863 -0.0649089554504535 0.316225595438289 -0.106001096209527
-0.0249919445160814 -0.0209998856564052 0.387601963462124 -0.299988650672002
-0.00442697062311515 0.0101262119389297 0.548585400481367 -0.200847380090877
0.0200713828334057 -0.0172947067944708 0.756348481424398 -0.34984173316776
-0.00885996730977609 -0.0464547506208463 0.610721678055723 -0.45998722399032
-0.0210714351195528 -0.00943244240633453 0.373805952939044 -0.399704358922149
-0.0109848125168526 0.0180211713007841 0.167696741290242 -0.198069267815565
-0.011422156753296 0.0173209452758755 -0.0467264872153108 -0.000637870164428148
-0.0170025222412882 0.0116466913145469 -0.186248828758336 0.216375156269388
-0.0209907265332204 -0.000944024417220114 -0.33479568588722 0.418960884715849
-0.0165484840964696 -0.0138984300073178 -0.419184466079985 0.580525049885363
-0.00516651339064737 -0.0138636724417673 -0.491341315676268 0.646647435248923
-0.0356476177208292 0.0165959635079578 -0.455320378233263 0.527640370503883
-0.0437233584269208 0.00270994448770199 -0.357197322481943 0.412404354798801
0.00603460515184159 -0.0759034839169041 -0.285690276141759 0.313566499688357
0.0306103282682606 -0.0315894495460021 0.31779035067269 -0.0870403524146045
-0.0139441507353006 -0.0102649911765151 0.396046963472502 -0.306883298168834
-0.00518262495144185 -0.00138790214899013 0.543769074221648 -0.185785589875537
0.00288660673345826 -0.0133592663189438 0.772863281423551 -0.32592448481934
-0.00766598532532056 -0.03272567018864 0.625931857711696 -0.453166596872431
-0.0118299846999467 -0.00757797257957058 0.374669244633717 -0.395641043035323
0.000873384431070826 0.0107713279182114 0.163178483426447 -0.193761126326016
8.11118886198343E-05 0.00823766427963953 -0.0486527768740216 0.00449096249985238
-0.00511081242247418 0.00377101583826401 -0.18966586634743 0.220934495323041
-0.00997798400279911 0.000871874176243041 -0.335733211011734 0.422902986519816
-0.0129304382578829 0.00069508575208365 -0.414353774333881 0.584823162100993
-0.0222103988048982 -0.00238803476139488 -0.475519468289824 0.649355554220765
-0.0418729187908495 0.00571536651820397 -0.446147395463893 0.538561912936833
-0.0314575618429509 0.0085585491836239 -0.357829665430421 0.414261119388135
0.00305361894396591 -0.0381031325907161 -0.277947405053194 0.313904586224603
0.0120591209717986 0.00318666952675866 0.319900517909403 -0.0835453011416248
-0.000570463697910972 0.00426571478057326 0.396587821211627 -0.314603438137749
-0.00271964504687592 -0.0140133224077588 0.538622678504876 -0.194981778290251
-0.0161634739559136 -0.0121504080063244 0.768717993096493 -0.335015013233336
-0.0108915856229992 -0.0173875402747599 0.621732893625269 -0.460766953995616
2.91539008914817E-05 -0.00353723783465807 0.372090336181977 -0.39970133028559
0.0137781166404828 0.00421077275970003 0.162779757478547 -0.195297361282727
0.0134543198653148 -0.00142148595154017 -0.0509382190579194 0.00372025137854597
0.00704166259219003 -0.00518771586063548 -0.189386728358123 0.221032410913454
0.00355009022628463 -0.000871967295180315 -0.341477980281921 0.42123192038626
-0.00887094295857735 0.0166030868445426 -0.422858226246386 0.579336358842335
-0.0403548231681686 0.0108867943315118 -0.482291023268268 0.64140102635334
-0.0519860607229985 -0.00613816586888281 -0.447784470269215 0.530906834502681
-0.0179188074136138 0.0117048893557347 -0.361472888862617 0.413735779845612
0.00211759839528243 -0.000563852051512182 -0.278746035038915 0.30782913894244
-0.00290527780041548 0.0347321485875562 0.319737992490428 -0.0938109621597575
0.0120150915081833 0.0184259710288407 0.38918142782204 -0.322586354234103
-0.000904305011756045 -0.0260897395317821 0.537936124013003 -0.219399838381211
-0.0345243229078813 -0.0095615430136441 0.746503860631168 -0.369278585909203
-0.0129549612531189 -0.00211359959024694 0.598743726332968 -0.48042243068889
0.0110237023785266 -0.00032990393238226 0.364181552192708 -0.40686960225299
0.0245824881340779 -0.00306037356447941 0.166752708991814 -0.19939528325408
0.0250127036991445 -0.0101282818285993 -0.0470799539087396 0.000428892147783938
0.01916380125252 -0.0132252170664553 -0.187579237646423 0.215952910233627
0.0158945790160644 -0.00090787751424012 -0.34842835226253 0.413319743170828
-0.00465367614827172 0.0301057631315244 -0.444224786519544 0.570341066368938
-0.059767518526587 0.0219910138206114 -0.511732851929077 0.62185916914322
-0.0604240913584294 -0.021526691517335 -0.465503931969439 0.507810120843014
-0.0037203567728142 0.0143078885603223 -0.367725636187473 0.404505369835384
0.000378303868505191 0.033374968244304 -0.284685006773838 0.29295999726448
-0.00935622290276018 0.059597632876053 0.318743784824523 -0.119718057032468
0.0231163880316613 0.0252782211938336 0.375749210015926 -0.32860961777097
-0.00293188666364822 -0.0375053458630833 0.536135578419639 -0.26344577299508
-0.0501535593727236 -0.00498857372811241 0.706421442609892 -0.425005982956345
-0.0132523861648692 0.0111634281276431 0.56309403043867 -0.505535130893647
0.020265954162677 0.00127999572312771 0.354103146732433 -0.418621384923612
0.0324675995069884 -0.0100525482791317 0.172347840700541 -0.207452628520093
0.0345404837740636 -0.0182988202035726 -0.0389317566219932 -0.00620446008729999
0.0284012986321509 -0.0206809208082523 -0.184205320349825 0.206399838097945
0.0260324465394845 -0.000439002451265477 -0.356074600765586 0.397398330220999
-0.00370761042816363 0.0417087681712229 -0.474518279249505 0.549650320501028
-0.0770691502840105 0.026351371190589 -0.559735342586299 0.585190480043098
-0.0642604877241375 -0.0381074560550691 -0.496812140799781 0.466922670657556
0.00909452821361114 0.0187461752939859 -0.379086028574878 0.388966215641626
-0.0048186407691632 0.0606868478042575 -0.292179328721562 0.273933208143379
-0.00684735359791063 0.0722957644058162 0.313867008895865 -0.151757293799334
0.0327122768195629 0.0215438754961358 0.359545805344386 -0.330173137423433
-0.00949162609241974 -0.0452431663260174 0.52682613062118 -0.31920951735163
-0.0584613783701711 0.00366025161480873 0.649821207855571 -0.488139963876543
-0.0106504019228353 0.0195860259299718 0.516913035389889 -0.533645314422456
0.0258343176176312 0.000373385982945116 0.339950434564011 -0.430462416011027
0.0373455123581651 -0.0138251379628708 0.179843022846162 -0.217837797113575
0.039719481491328 -0.0229206114347565 -0.0288437215638574 -0.015822989011443
0.0346002061557017 -0.0238564700353331 -0.176746416444365 0.193889834476145
0.0309065264104359 0.00139528524741158 -0.366082732858152 0.379843544445516
-0.00618376645732032 0.049830199588118 -0.510084371873329 0.525553058193489
-0.090307276129079 0.024669440345514 -0.61496318304555 0.543953325806877
-0.0609704548112166 -0.0531809426225532 -0.527020705670682 0.416156308599226
0.0173428225844679 0.0247073638900773 -0.387029989229809 0.372795118496786
-0.0140022068384846 0.0750957868300052 -0.300418780599973 0.253199964499845
0.00154822658122192 0.0696822430720588 0.304312306246635 -0.183085897731987
0.0337640334804754 0.0124026713777072 0.350203137712726 -0.332315424506458
-0.0180125196849233 -0.0459628147737426 0.511843526771411 -0.377932606316545
-0.0591410683555874 0.0111403406652276 0.588728412011879 -0.543745558102141
-0.00802546320931788 0.020750783566915 0.470855701286289 -0.553084794481481
0.0261093056843659 -0.00258067944891675 0.332428919798043 -0.443909987849063
0.0361372462583982 -0.0165909674405856 0.187325525672206 -0.230283886253629
0.0404466907620842 -0.0236587559026896 -0.0178964201715627 -0.0258813188966897
0.0348502538684653 -0.0240767207633174 -0.168676437923901 0.182184580778033
0.0321926490915043 0.00583743426475451 -0.372164611885175 0.358119347125062
-0.0112793191503977 0.0525936206190616 -0.545830631653357 0.496739250750807
-0.0961429945900329 0.0159621998312539 -0.671262102249577 0.491785287571153
-0.0507726964975029 -0.0615550235422122 -0.555821683378158 0.360489358260612
0.0202437166553171 0.0328664955553452 -0.396601248335771 0.355816221103395
-0.0229762358438634 0.0746494772980345 -0.310871962919132 0.229234681790602
0.0109793576526005 0.0549112851050664 0.291584563888372 -0.211247387288506
0.0272999896978504 0.00230715964459338 0.341831681084297 -0.335805124581361
-0.0231993882835354 -0.0411230728026731 0.492458639897786 -0.429238221930206
-0.0518116763631674 0.0134148916766453 0.528545479722234 -0.58671721917819
-0.00454370670950768 0.0152980632863632 0.433786261278353 -0.570666667484016
0.0223994182953359 -0.00478545702403098 0.323978278324925 -0.456367014426293
0.0312160507100157 -0.0150166708744291 0.192795589413602 -0.241576637308775
0.0350939750194331 -0.0215609864310105 -0.00811217677025644 -0.0358931892119557
0.0300841291007567 -0.0210250803129298 -0.159229065820529 0.169586416654122
0.0271988880346704 0.00722287487168603 -0.376195180696609 0.343284301864349
-0.0159779933063837 0.0479530047006417 -0.57568920680038 0.473362153711516
-0.0914425462965963 0.00251222176895294 -0.721001762836931 0.440231242901835
-0.0399975197114955 -0.0611210256093693 -0.573311574514039 0.311030579791379
0.0149866414546652 0.0389292545739839 -0.40105389181452 0.346598657860972
-0.0278450873312735 0.0575106034263519 -0.317675183990909 0.209548869213042
0.0432820979667856 -0.0654894831522363 0.31876816872988 -0.109090790063337
-0.025270858697831 -0.0207764625132874 0.390117062141152 -0.308435067819492
-0.00451692892504554 0.0104240407330709 0.552167981784603 -0.20914236194551
0.0200246165184788 -0.0168727790872599 0.761795266299734 -0.360802489513671
-0.00918812802542688 -0.0476199058156072 0.611539876053132 -0.468756308868354
-0.0217990316748508 -0.00979900651111177 0.371880082572152 -0.406144912429992
-0.0102755832040982 0.0180893220000536 0.166109183590498 -0.201701442414571
-0.0114458575723055 0.01623143716155 -0.0466514761593489 -5.62647748383718E-05
-0.0176946091759632 0.0114941751963352 -0.185392670335903 0.220766519374142
-0.020973793928527 -0.00115226361337643 -0.333680125333154 0.424973635934108
-0.0165751197237679 -0.0128615051919698 -0.414984464444839 0.591053072216769
-0.00669239008443681 -0.0143600111986238 -0.486732462321608 0.657009444304808
-0.0347530220413905 0.0177803621553758 -0.456051361850482 0.536926161948632
-0.0434999201589947 0.00274876110244767 -0.356189342418267 0.420424174050825
0.0049035550352621 -0.0779727173262229 -0.284034432533169 0.320937686358187
0.0309820610539468 -0.0321337009980925 0.319397096911367 -0.0898779364475803
-0.0132614238037931 -0.011257426200754 0.399438096155127 -0.315333793422771
-0.00592879229812461 -0.000679639742768069 0.546240860111156 -0.193018212417739
0.00330311574322573 -0.0130189925919276 0.775695353451238 -0.337832941697288
-0.00988364781102071 -0.0333550827130322 0.627693520068035 -0.462540216903657
-0.0119031121117507 -0.00697946427169609 0.372595284127073 -0.404917925846564
0.00102483586029278 0.0105674028128075 0.162408529001117 -0.197634845434095
0.000899575694842892 0.00898523000401438 -0.0505948525929818 0.00408477793971921
-0.00582469566369737 0.00386041876464335 -0.187940582282752 0.224011780118836
-0.00978988837911719 -0.000121879388739645 -0.333873534686251 0.430633620461477
-0.0131829416276676 0.000821670371742349 -0.411438075175595 0.592916241833176
-0.0238519772881407 -0.00197862660291332 -0.47140202102743 0.662584832207563
-0.0420138778504298 0.00689775595475874 -0.442783396560738 0.545283798629807
-0.0300598120973501 0.00867385363324738 -0.357017873968549 0.423710198211369
0.00163710868532369 -0.0394717932403114 -0.276998644205221 0.320589545562441
0.0130631333323158 0.00222543140097467 0.321282842865387 -0.086323560903414
-0.00106373880248889 0.0043889185298524 0.399683950415006 -0.320553688038733
-0.00360202072177441 -0.0130437092630425 0.543736085281192 -0.201323845900455
-0.0161550746006579 -0.0113065902822761 0.774285805122695 -0.343295145246163
-0.0117778973082817 -0.0180855868324658 0.622107492133055 -0.470740626049422
-0.000262375828671315 -0.00379635640905953 0.368573241776795 -0.40748028375417
0.0134559017246433 0.00409665289715791 0.161521711473408 -0.198897576109384
0.0131546671824146 -0.00123027062075889 -0.0513274255354628 0.00441890019443927
0.00739247179183333 -0.00518094078519105 -0.188107169233017 0.224906591700449
0.00351076506377369 -5.7380480786084E-05 -0.338734429265676 0.428331663725266
-0.00853311253365127 0.0156061151630936 -0.419074778677031 0.588682673367493
-0.0417379040383023 0.0102982508861742 -0.478961289795617 0.653332858086082
-0.0519153196849848 -0.00565035727217895 -0.444977998605426 0.538821306542046
-0.0164012921622526 0.0120260849295675 -0.360889999124197 0.421332344477939
0.00123190360370888 -0.00151409291895796 -0.278891682190903 0.312854738222566
-0.00271693160209153 0.0349641606051974 0.322944886936635 -0.0979079759815443
0.011421277881105 0.0181020315336548 0.390347411221801 -0.328210936566276
-0.00132037789991147 -0.0259081273930127 0.540740396286015 -0.226069557244274
-0.0346768747785207 -0.00917530176847187 0.748775304634055 -0.378524234241521
-0.0136842391064596 -0.00252839384223558 0.598826576635404 -0.490070342746932
0.0103593054239997 -0.000448957702552291 0.361925314604178 -0.415172770539574
0.0244906000129581 -0.00225712556914065 0.165177543459116 -0.202879952508453
0.0255731502404358 -0.0112008786118728 -0.0467125978090586 0.000233550262116098
0.019172698760333 -0.0144644794349327 -0.186740419552824 0.219244910577177
0.015739034298488 -0.00135773145251155 -0.346183179996644 0.421414307130943
-0.00450281779990786 0.0303900164531276 -0.440668925630749 0.579301475621983
-0.0599302973238587 0.0227528986971432 -0.509872259101212 0.631444420043162
-0.0605754488559153 -0.0205457162454433 -0.464293115561354 0.516858305124659
-0.00344343724378551 0.013469040151457 -0.367830980594217 0.411114889122707
-0.000220738887678228 0.0340781331323568 -0.283744887039621 0.297627847497422
-0.0090123253979445 0.0598040683440521 0.321046286635449 -0.123513065547383
0.0251629307183004 0.024258449735739 0.375661815683648 -0.335182181586948
-0.00364354877089714 -0.0374826800878545 0.537689770077331 -0.271738493061332
-0.0512969409975273 -0.00367249353080788 0.707782299820276 -0.435603402903681
-0.0139143940562578 0.011111500058137 0.564468847991581 -0.515853863602107
0.0204765560769199 0.00114385810771513 0.351013345216489 -0.426690047625941
0.0332670827536305 -0.0093616385765646 0.170752918927597 -0.211449027631528
0.0346284556369376 -0.0194602826607967 -0.0388156791468844 -0.00655692890519714
0.0284853135642302 -0.0198731489284874 -0.183029242842668 0.209441021262623
0.0261939251108674 2.28902013491008E-05 -0.35451291284129 0.404891950472747
-0.00303893753485597 0.0428526715134869 -0.471315108431343 0.56060252741333
-0.0776423149730602 0.0278999930497068 -0.55660819904737 0.597594840841924
-0.0646482862451194 -0.0378597421168905 -0.49567632650861 0.474508955641345
0.00935747622851296 0.0174160801393949 -0.377027088412474 0.39824460979345
-0.00504747238559681 0.0599289206271554 -0.292257570180523 0.280353770609919
-0.0062081562188337 0.0723731613214371 0.31612868782909 -0.155425453541909
0.033523618862761 0.0217116089520085 0.362091298770953 -0.33634964756844
-0.0100059948279811 -0.0445169319232937 0.529993940885676 -0.326906358510096
-0.0595080084217022 0.00418304638816993 0.652084124130643 -0.50000505019769
-0.0111073768994453 0.0196859840228784 0.515091425612646 -0.541461398594416
0.0256170894452885 -0.000507620325532306 0.339912627101598 -0.439820581529392
0.0367619244725879 -0.0144993836153255 0.178892540775965 -0.222349271785864
0.0401843709240022 -0.0242461777988129 -0.0289899612770517 -0.0159775593431374
0.0345048273945016 -0.0238013763757307 -0.176079114539008 0.197843969598351
0.0318053361484819 0.00115288640572342 -0.362679665827919 0.386124778443509
-0.00578139656764724 0.0513033109997115 -0.505990917330161 0.535302266947474
-0.0911670111766051 0.0257845903523443 -0.613467867036456 0.555715450170135
-0.0629126455149751 -0.0522488206163906 -0.527777685197597 0.422968131051745
0.0187352125825914 0.0246654861922337 -0.387766010987215 0.380915964374921
-0.0137925800842747 0.0749856276912606 -0.300421213353733 0.257254728850249
0.00132251456913447 0.0693212288399607 0.304633901833244 -0.187982017002299
0.034710637852519 0.0119596008607653 0.349714085090993 -0.339120888857379
-0.0181065294791736 -0.0450210660350327 0.51300816374565 -0.386809458391027
-0.0596326798526553 0.0119526367317501 0.58705884883426 -0.556525318486968
-0.00739818682433427 0.0205683359206775 0.469072190975423 -0.562498076212072
0.0258959819403121 -0.00271548872062547 0.329202683859829 -0.450923813393671
0.0363024884501236 -0.0168666542403279 0.187006921610619 -0.23434022662389
0.0408155749759909 -0.024686220968812 -0.0171172870099513 -0.0258415882442531
0.0349516657082944 -0.0236314723648857 -0.167287853054788 0.184254866210109
0.0319666036423474 0.00422750674298909 -0.371411945920994 0.365833754138332
-0.0109699690841018 0.0531123426671281 -0.543713085490087 0.507873036370656
-0.096629676663994 0.0163287368475442 -0.67007643157655 0.502436995914802
-0.0520335945247894 -0.0612388143734899 -0.55691586328028 0.366483136775253
0.0214060045125524 0.0328733543203505 -0.395990223406549 0.36342902489159
-0.023358410112 0.0745725811805067 -0.311491417103574 0.235530094600125
0.0114448725816492 0.0538016825670556 0.292572758855666 -0.215017507300055
0.0280820777239567 0.00249886450831762 0.342145602777123 -0.34075880868115
-0.0240214629166065 -0.0403790650865342 0.493711843704446 -0.438619576584378
-0.0522197013358226 0.0143894614783817 0.526785091981885 -0.597070495690494
-0.00552897032425587 0.0158742511545561 0.431891969067272 -0.579297783753184
0.0221817719285642 -0.00535839060185474 0.321280409812757 -0.46395716324037
0.0312076626652788 -0.0148694230871249 0.191608397396387 -0.24621799753233
0.0350683914914715 -0.0224915478343688 -0.00774128621566943 -0.0364950497744014
0.03104975851717 -0.0212395003250618 -0.157457929682779 0.172458182482938
0.0281751300350405 0.00797813157878362 -0.374923307353134 0.350249067826263
-0.0163437228584185 0.0474534082718619 -0.575183721362739 0.482290936550645
-0.0923195261835424 0.00416344264365026 -0.721502278811558 0.452683266747242
-0.0403170906083864 -0.0609712529021611 -0.575118441832649 0.317273901096174
0.0163774622880759 0.0369198405795464 -0.401460937715766 0.356243668840464
-0.0289653522988947 0.0570412694302918 -0.318990762252492 0.214600157739882
0.0434361767590025 -0.0667434721860689 0.320500089565004 -0.113400569544903
-0.0242494864850365 -0.0217705881171279 0.391204867865132 -0.31471102811749
-0.00523188719045063 0.0111995500694917 0.553975164972541 -0.216730774131243
0.0207154115570798 -0.017128138517005 0.764001001330059 -0.370034539954719
-0.00958893072666191 -0.0477936449675038 0.611756433239763 -0.479447982486928
-0.0226041266593366 -0.00929314272176825 0.368567804180826 -0.416161265805555
-0.00962031535263817 0.0185310426208458 0.16631499348154 -0.204292648137136
-0.0112169163724006 0.0169582433851033 -0.0461907139730418 0.000390510935761236
-0.0179983514484031 0.0122054830864356 -0.182751729715404 0.223848415362662
-0.0218505242832376 0.000341182770385575 -0.330695373513752 0.430425374821287
-0.0168481805625871 -0.0124919055204 -0.409478893899177 0.599135406664589
-0.00659958076819103 -0.0145712615653629 -0.480443616830954 0.667945113709876
-0.0351687307889197 0.0188478626600275 -0.450116429940722 0.545492971794818
-0.0435195550850911 0.00277359148479894 -0.354650793512132 0.427955376483916
0.00447895466697146 -0.0785777608645797 -0.282470796292715 0.32570685307098
0.0309888519134946 -0.0335383266621526 0.3223595370236 -0.0946643688300864
-0.0129942114925803 -0.0113624898394527 0.398499970855849 -0.322260733239804
-0.00508811260829719 -0.000456470612324958 0.547739229436635 -0.201123587500402
0.00259325242405188 -0.0132263449310931 0.777128401540229 -0.346148019478552
-0.0109014134563289 -0.0343869224842216 0.626564830244702 -0.473230386139701
-0.0124216077750062 -0.00788019960780834 0.370496460393371 -0.411754720340125
0.00181231464338678 0.0115095013406975 0.159659114329597 -0.201021374277045
0.000441667141069791 0.00797084143538376 -0.0511094574013542 0.00439545079000921
-0.00563004154415321 0.00473084757842527 -0.185191097786147 0.228298412714977
-0.00996952193470499 0.000372537200866234 -0.32923881533069 0.436438132344726
-0.0130125894730324 0.0014437122841216 -0.405796713768658 0.602605850741583
-0.0233609328130816 -0.00230912038197692 -0.464478360432219 0.671665363179569
-0.0423436338387417 0.00796110716156282 -0.439730852310165 0.555610829958505
-0.0302543259368461 0.00784324551512796 -0.354551397333308 0.431973198214026
0.000961655847442719 -0.0401386262912924 -0.276256397447477 0.324627140754615
0.0137105444324833 0.00173069395762739 0.324239364804273 -0.0897233464161469
-0.0012805052422252 0.0042123208769331 0.399625196203561 -0.330639084994731
-0.00264332069505782 -0.0135915106538107 0.544625688793687 -0.207543773466116
-0.0166787802109848 -0.0118348196690878 0.776972718020009 -0.356489356681561
-0.0125512422594613 -0.017839623288227 0.621197895576388 -0.481632445006651
-0.000333674618824288 -0.00357164414053404 0.366253019219552 -0.414150649801492
0.0137600704154959 0.00423623607155504 0.161131247213924 -0.201293886502971
0.0135709197455801 -0.0022454198622312 -0.0513016839365644 0.0052560054447578
0.00697176315683357 -0.00464485708564351 -0.186292920504587 0.22849563350766
0.00282744627019904 -0.000562902725634206 -0.3362733725546 0.435080882076442
-0.00783097926251251 0.0158352413456377 -0.415567066733364 0.598295852630201
-0.0418523452622281 0.0114362949311973 -0.473209552465264 0.662690703802992
-0.0521217069745861 -0.00480694746148438 -0.442638839566974 0.548297605016888
-0.0163653671361079 0.0110670735186172 -0.358666182979939 0.428612762205698
0.00133800591366898 -0.00188303645737103 -0.277900305222911 0.317166825260726
-0.00216366146690916 0.0351325240300846 0.324359231304495 -0.101119746908956
0.0130760627950928 0.0177903486234579 0.390982406230484 -0.335353929005098
-0.00174825305235996 -0.0258324544228291 0.542052639939292 -0.234724991797194
-0.0358020233340609 -0.00896954255561541 0.750580928075044 -0.389310563733242
-0.014404690517926 -0.0020344361094553 0.599775561913977 -0.500454635079689
0.0101858260600936 -0.000514510804409762 0.359258193225067 -0.422407165770418
0.0245536047853869 -0.00357313530873988 0.16345469958525 -0.206926929789571
0.0254597411825827 -0.0110378345136729 -0.0462195613477976 0.000939753865694851
0.0181369489857531 -0.0144136685772453 -0.184462022729977 0.222821552714188
0.0159020793216376 -0.00150587952310237 -0.343924554881898 0.427237219122053
-0.00326956792394774 0.0314330714584647 -0.436110063614135 0.587985136170186
-0.0602184116318135 0.0231923216857052 -0.504097646990379 0.643264247475336
-0.0615097215612484 -0.0195841205817263 -0.462226551817794 0.52460821202925
-0.0024129172113219 0.0129471883230234 -0.366539040633341 0.41900798910692
-0.000338124429345058 0.0320334474405069 -0.282351679133834 0.303926499730186
-0.00851549939650739 0.0600927079521447 0.323658000080369 -0.126794650628284
0.0253559635067334 0.0241609248114188 0.375431752426661 -0.341661936440743
-0.00459137435614867 -0.0371552376522889 0.538806504189683 -0.278954085293119
-0.0511081896165157 -0.00330000623547883 0.709283334272132 -0.447349507163856
-0.0143595400144305 0.0109623273040152 0.55958628885819 -0.526792944485668
0.0189432700625329 0.000731019172073296 0.347311008167274 -0.433268815521886
0.0333832453631688 -0.00958560552757735 0.168952253351864 -0.214767370319242
0.0351073837580628 -0.0192871333211454 -0.0388850117853278 -0.00707133805330347
0.028383141731038 -0.0220705456315216 -0.179823269365801 0.213435435740562
0.0257603903626514 -0.000616535947044643 -0.351249949330148 0.412086947422995
-0.00305261237692632 0.0434626887604069 -0.46734882177008 0.568978017424139
-0.0777559364826943 0.0287725675945567 -0.55284880532527 0.607232003228343
-0.0662123198459062 -0.0362075577880132 -0.493341283794844 0.483957541570815
0.0100215476444109 0.0169989537834844 -0.375365045773872 0.405112703224385
-0.00525033426865747 0.059671124696224 -0.29142554732865 0.285592342169056
-0.00568907398558176 0.0716640732180565 0.316803335573331 -0.159667129819056
0.0339054018590109 0.0213035865621897 0.361051342992131 -0.344317992875361
-0.0106504945843029 -0.0448368014622738 0.529648705426066 -0.338261506731135
-0.0592719859173295 0.00502096651470831 0.651179413676994 -0.51057758000876
-0.0115670805278223 0.019532989418005 0.512624165190419 -0.550721258341474
0.0249986485419911 -0.00017268161252618 0.33624593451956 -0.446823032205651
0.0382904186911462 -0.0152933709631853 0.176805745686878 -0.225599045539621
0.0402955711953019 -0.0247561919193094 -0.0282714269956781 -0.015988173229548
0.0341462446126319 -0.0243449166886955 -0.173359759443206 0.20077542609332
0.0314324234990235 0.00154237867699211 -0.359089541203678 0.394366446335522
-0.00491508328337959 0.0511851044224995 -0.503764727233165 0.544106833753349
-0.0915479150734244 0.0268000863472195 -0.609014151196597 0.566352849146464
-0.0628654202204268 -0.0510925338525811 -0.527087590276528 0.433498460841982
0.0196286597865801 0.0241762578127132 -0.387769744801531 0.388491837753776
-0.0137696467056294 0.0749336934563632 -0.300010319829033 0.26355257205182
0.00254998609741005 0.0697604821131411 0.306016621097195 -0.19307644109073
0.0352408632009483 0.0120633515124806 0.349697724430096 -0.346892311925182
-0.0192202816902977 -0.0455842561382281 0.512698431125111 -0.394477402922391
-0.0599060352794355 0.0128504004362048 0.584707201706326 -0.564310217547814
-0.00852623545268156 0.0207600476269451 0.467211864670397 -0.574850566431994
0.025807499692006 -0.00273525256730042 0.325493409606954 -0.458100103923338
0.0370608547649094 -0.0171741096742982 0.183149610479989 -0.237944868354206
0.0403930381986113 -0.026097391625 -0.0179492932394151 -0.0265948869413499
0.0352077965817164 -0.0247669502453468 -0.165003964028341 0.186812770963307
0.0324077505669521 0.00449523036753553 -0.368853182451535 0.372901256708516
-0.0100032407265975 0.0541110553241593 -0.542036588343776 0.516755344921362
-0.0972644958252548 0.0176700709839561 -0.66836698421343 0.51383623901077
-0.0535456299711931 -0.061257126018528 -0.556763034299357 0.377089686417517
0.0226549388170236 0.0331321451158919 -0.39511528133252 0.370419591930171
-0.0230918563710604 0.0745714651843445 -0.311263001705194 0.241311824081531
0.0125658283303558 0.0539900997031625 0.292603887657956 -0.219546808310615
0.0281215295392696 0.00210660604513699 0.343433121279258 -0.348349332114957
-0.0244955287110131 -0.0399578733311932 0.49138632320446 -0.447716737681035
-0.0518141874190201 0.0149964234535311 0.523394665294215 -0.605185775707027
-0.00566949069877807 0.0150838905792968 0.427583457981239 -0.587515739452917
0.022605414952365 -0.00582842697043492 0.316311096192895 -0.471640350891362
0.0317633035160422 -0.0151822285937829 0.188483431472342 -0.250495566201022
0.0348072391015731 -0.0232839004923027 -0.00733901669543902 -0.0353896352797529
0.0299312905134478 -0.0213765600923628 -0.156220589414138 0.17552580413448
0.0274547860959179 0.00628933703135459 -0.374098979682096 0.3576665265652
-0.016094802938376 0.049191936370711 -0.573358869359002 0.492429971411054
-0.0936567420344195 0.00442353470600398 -0.720033898518808 0.462848474156557
-0.0408833375897671 -0.060315424039763 -0.576542119093353 0.325350699610177
0.0170965507319976 0.0373144004505843 -0.401874827793176 0.362008983131057
-0.0283739837430034 0.0567914887333168 -0.319601474534572 0.219242579293948
0.0434887246877397 -0.0689398076240544 0.321830968072965 -0.118090475351978
-0.0243327387724731 -0.0215713716066434 0.390078438796723 -0.322728201343062
-0.0050700408328253 0.0122327040644518 0.555855942183861 -0.226558800950094
0.0195195384374141 -0.0171353180967659 0.762768562530075 -0.382582585140016
-0.0107275753085539 -0.0477506699283531 0.609891629739525 -0.488925791922127
-0.0224689188653776 -0.00905182715465055 0.364740396750037 -0.422776852267749
-0.00930323738467458 0.018945876668906 0.162978514496883 -0.2082041051671
-0.011185599594697 0.0170789662802487 -0.0468399296273909 0.00098064346568384
-0.0174286444174461 0.0125249952597309 -0.179057562603542 0.227541975127901
-0.0212805761266586 -7.97848553877891E-05 -0.326658231344735 0.437941240264186
-0.0177771682955564 -0.013285303819785 -0.403344115267508 0.609217925380827
-0.00679792104933534 -0.0140763991763867 -0.472810603041718 0.678987952303524
-0.0347591517220047 0.0198695535469185 -0.447414775734366 0.554317406005347
-0.0431426917322189 0.00232280927413357 -0.353074616988243 0.435243534961348
0.00293250142439602 -0.0796335606412909 -0.28049565329914 0.330691203208706
0.0305816122534288 -0.0351893225947848 0.324058401462243 -0.0982628610821513
-0.012867767149873 -0.0112584886175011 0.398805296951919 -0.329223060434468
-0.00548865318943677 0.00024669830616828 0.551317452095839 -0.207257143938017
0.00279768424685538 -0.0133500552633892 0.777657065330308 -0.358461250307905
-0.0112822362579203 -0.034175261083315 0.626526577323788 -0.483841684251028
-0.0120972013149095 -0.00746188427638923 0.366147465119768 -0.41941476847646
0.00180736715014523 0.0123264902860548 0.158740116301616 -0.205072682054584
0.000677345984398755 0.0081659193264345 -0.0503703342875746 0.00426993661677461
-0.00567567072643365 0.00460744709674517 -0.182343535945076 0.231773057663077
-0.0107416156307717 0.000593852164815526 -0.32535052685541 0.44279029244687
-0.0132042841621371 0.00122627972243536 -0.401321197263732 0.611674492249139
-0.0238461475780839 -0.00180916524474486 -0.457194264403188 0.68088399280226
-0.0423606907067796 0.00978950045491008 -0.434918282343586 0.56454078344557
-0.0302602022363482 0.00741706880750517 -0.353843936585624 0.438463765567796
0.000479323011260684 -0.0419401754898823 -0.27449113210862 0.331597208993012
0.0127526631687572 0.000814785485875662 0.32454996004003 -0.0940965703611788
-0.0010379129830443 0.00361261800297495 0.400098456316405 -0.335919313043706
-0.00366321587712526 -0.0123732837543343 0.546538853442295 -0.215492901423798
-0.0165622106210885 -0.0114947323952512 0.77626252529895 -0.366827544802229
-0.0128302416070463 -0.0182741606561518 0.620847011416299 -0.491310262650143
-0.000681760443436666 -0.00442833494836229 0.363568722657276 -0.421116565022406
0.0144857869693685 0.00538685315878092 0.158713356235081 -0.205599112008375
0.0136737943701772 -0.00231238275506347 -0.0508268107417895 0.00546460923097882
0.00684517290616416 -0.00513359665368096 -0.18313658981211 0.232031621003711
0.00361161880903036 1.46506143894969E-05 -0.329425031790642 0.442715956379421
-0.00787909067243066 0.0160335304957364 -0.407625920444315 0.606684586963645
-0.0427245829134903 0.0119163314060407 -0.46742049367418 0.674629854502975
-0.0523296021163879 -0.00333317170191971 -0.43742358530817 0.557692719618639
-0.0168474140615195 0.00999132792504419 -0.356847504248946 0.436823102276791
0.000504568667358367 -0.00222418082886745 -0.275635175536431 0.323856287843023
-0.00214690872230647 0.0333607401104227 0.325755477779808 -0.105903718991276
0.0130929239618687 0.0178675915634904 0.39063233282933 -0.343523086459581
-0.00222957954695439 -0.0249800432842471 0.541503725200098 -0.24229469414897
-0.0362568097722287 -0.00846258644007592 0.751358781851142 -0.403847538871445
-0.0145733331097877 -0.00235178852408408 0.599019822398452 -0.510627400432845
0.0103887670259342 -0.00168851084579754 0.356283895121856 -0.428524486464385
0.0256926268792342 -0.00368113549353036 0.16002475567533 -0.210345897217968
0.0258841369675986 -0.0121964988599725 -0.0469192333247557 0.00156589282397614
0.0191556912155512 -0.0141979130631969 -0.181900619154973 0.225983997978984
0.015494478439668 -0.00164230821680627 -0.33834008471641 0.433555718888226
-0.00344974757876326 0.0304361457633099 -0.431381085115255 0.597949702024119
-0.0614292009877838 0.0248895071145116 -0.496984789804394 0.652926841497898
-0.0615390008791893 -0.0190440080602088 -0.458175395311636 0.531033619124153
-0.00221915434036452 0.0120149636231648 -0.364015660698062 0.425917339866046
7.21776188109362E-05 0.0323164684355485 -0.281632339671593 0.309343771590802
-0.00859056856228704 0.0596994097691858 0.324980137422326 -0.131872703150979
0.0258454500525398 0.0245683338412376 0.376409752525031 -0.34885690568747
-0.0046702190301222 -0.0367478644731767 0.538065403121267 -0.286905752132693
-0.0518330581600608 -0.002294125512378 0.70871661439158 -0.457748923954525
-0.0149899477370395 0.0111712094582337 0.557755211180212 -0.536649165592281
0.0192393574954246 1.86359084044206E-05 0.344325849659365 -0.440132155436488
0.0341654819988123 -0.0105809750584239 0.167735209626095 -0.217392711303692
0.0345260117523783 -0.0204182153951993 -0.0391671346346075 -0.00596812532911474
0.0283672749014541 -0.0218403237074767 -0.177134610859254 0.215996830482087
0.0254016710854023 -0.00100197134482606 -0.348517492356649 0.417810541718925
-0.00273294630871255 0.0429471801147623 -0.461694064963433 0.579990814421827
-0.0785729770638019 0.0305230566583079 -0.546321587965368 0.618588652168028
-0.0657956326073681 -0.036261184887273 -0.491831181896589 0.491222429451379
0.0109062657319043 0.0156669881159 -0.375203830608831 0.412085200460272
-0.00482528099166835 0.0594355473978733 -0.289224485551454 0.290191989132045
-0.00488776901310134 0.0717321272272278 0.318168187140782 -0.164554355860568
0.0349060934465781 0.0215498509235703 0.361396004317377 -0.350803023190567
-0.0107234007691755 -0.0448714782694712 0.529550410988928 -0.345826738470469
-0.0594320089236709 0.00594266497202546 0.649260817871663 -0.522230987013302
-0.0118316586699863 0.0198006058694633 0.511218020679734 -0.562250516746811
0.0254945567496053 -0.00064757094159785 0.33179094092518 -0.453307788877758
0.0380858176320568 -0.0157522297352484 0.173868495364519 -0.229833258558569
0.0400933768633167 -0.0252641452148596 -0.0289217197319944 -0.0159575401644214
0.0347880694902012 -0.0255590086585787 -0.171281758708035 0.204157161297834
0.0314989964072004 0.000747303017897987 -0.357355531890862 0.400022348227293
-0.00443308070524515 0.0514818368115138 -0.498701225811447 0.555071310758623
-0.0920721309775642 0.0283431859602882 -0.604478873512384 0.577169871762037
-0.0636184352641463 -0.0499616467978844 -0.525997218509129 0.443016568636816
0.0197553633661408 0.0237851067567111 -0.384161899089387 0.396689933939219
-0.013995863671932 0.0748495470470218 -0.299301687312785 0.267165199410135
0.00304897002519451 0.069882361434893 0.306775770951046 -0.196490345880997
0.0352658072539921 0.0117733477131646 0.348647022252572 -0.352948908246206
-0.019353647272256 -0.044917793881953 0.511968555696174 -0.402982768303594
-0.0598443298599561 0.0138008333390466 0.581936022496244 -0.577685698746585
-0.0085385804354326 0.020662046646589 0.463510156591147 -0.583667094545263
0.0265453749176461 -0.00385870917293434 0.319698511418632 -0.464927246169079
0.0370846715085268 -0.0176916142123113 0.181091869030421 -0.241313725601951
0.0408718454223875 -0.0266172500914999 -0.0177690432933444 -0.0265644807464765
0.0346456820118262 -0.0257328891634866 -0.163263930769635 0.18890278267001
0.0327103157517696 0.00444203306052148 -0.365614473402653 0.379256716730289
-0.00969054704968396 0.0527658358709368 -0.538359027849105 0.526560008743038
-0.0978913133338786 0.0191623304270643 -0.665816555775617 0.524913169754901
-0.0537194939544559 -0.0606831901864073 -0.555181931228926 0.384751534113068
0.0224409788756004 0.031562308459709 -0.392656730214196 0.378802195903014
-0.0242810767353672 0.0741615818767069 -0.310768937685386 0.245873976393632
0.0124321114305247 0.0529122014764754 0.293642979132866 -0.22494776442592
0.0288288540390149 0.00163815083598916 0.342339200390762 -0.354883594925984
-0.0242844743603775 -0.0393371235345881 0.48899176913728 -0.455976542392253
-0.0517810802996487 0.0159198007969713 0.520105716762539 -0.616895889975176
-0.00598868124604694 0.0157505470800895 0.423408065380774 -0.596941805071612
0.0222636210437649 -0.0068234352498336 0.313236443448972 -0.477064121337474
0.0323804714641187 -0.0158179159957326 0.186531909243458 -0.253480455477289
0.035455062120044 -0.0243514090091394 -0.0079012387671053 -0.036218523559362
0.0306972076850982 -0.0225268280065951 -0.153579124000588 0.177547925539888
0.0275272806851155 0.00716980105956084 -0.371032196590802 0.361755946984453
-0.0158428164212441 0.0493700383054404 -0.569646045392913 0.503553372434488
-0.0943537859567994 0.00695399730855963 -0.71645907312994 0.474812415709227
-0.0423542229455574 -0.0599944006481397 -0.575069707620332 0.334939394567789
0.0178231153223952 0.0369131790121028 -0.400264102126126 0.370188824151939
-0.0287068356680224 0.0567703862384139 -0.319631515608932 0.224265915405782
0.0430596760104802 -0.0696544883468298 0.322206954528025 -0.122951608136875
-0.0250450095994562 -0.0220982546130088 0.388070875635071 -0.329149826522088
-0.00492800282403357 0.0130725736915031 0.554520482590982 -0.23332599284592
0.0203760378995265 -0.0176808814173944 0.762491697432636 -0.395108734563311
-0.0120816265288996 -0.0481634136547312 0.6051976758946 -0.498572065572387
-0.0233487279254718 -0.00915948071681683 0.358279894078705 -0.429143608939845
-0.00889952389388881 0.0194245977916272 0.15973308749633 -0.210132625243154
-0.0110507524087698 0.017393126162812 -0.046836810259293 0.00153245495278664
-0.0171992222307718 0.0135844851364252 -0.176423145756181 0.22961968530722
-0.0214535146113356 0.000215536011537643 -0.321043057397126 0.442077487149007
-0.0177857150294815 -0.0120788511229676 -0.396246247856864 0.616959646787307
-0.00705530777710899 -0.0137075282149505 -0.464593203386554 0.688490432008457
-0.0349346354187933 0.0204198156427439 -0.443078445986228 0.563273981921022
-0.042607053042832 0.00226802413147674 -0.347944499308262 0.443010836777964
0.0011399808497378 -0.0817467691978307 -0.277128780979491 0.336608200516696
0.0309492532861475 -0.0360934479202888 0.324554754420137 -0.102096628374218
-0.0127740042857938 -0.0116606803651372 0.397140737821638 -0.336550097791638
-0.00514499964369487 0.000988639094982102 0.549655240220312 -0.216525336629536
0.00273348106653505 -0.0132367452041384 0.777337847704108 -0.370825196387146
-0.0123065928295072 -0.0343693652655537 0.622852475108899 -0.493032573157026
-0.0099667749651271 -0.0101905593568336 0.361488321187841 -0.426391923535047
0.00273316341139321 0.0122323122593557 0.155692846667466 -0.207287513485819
0.00126707108593903 0.00776155960831573 -0.0487911895725188 0.00360956771504214
-0.00625710882307664 0.00433738797451863 -0.178858063468239 0.234986476979698
-0.0102890152793818 0.000268375274374293 -0.318904377820284 0.449796128325053
-0.0137357689285009 0.00161128519403207 -0.391344371411946 0.621122286534269
-0.023497852308854 -0.00173573490481717 -0.449534217057896 0.691232952293243
-0.0419571885626901 0.0102018180179096 -0.428628733349827 0.57252323804866
-0.0301094297106345 0.00735529799797242 -0.346705840061759 0.447482965336104
-0.00107278738575795 -0.0426962633956812 -0.271069977595184 0.336022970743724
0.0135560460729064 0.000639180992860566 0.327076740375854 -0.0986216972390342
0.000222371364143488 0.00303422599523385 0.397472700241348 -0.343765144709629
-0.00313966471222257 -0.0114932318660444 0.546804542854403 -0.223789096083751
-0.0162339068018097 -0.0113300307297862 0.773416171802882 -0.378791944501775
-0.0142535866549037 -0.0184074405047598 0.616934273351795 -0.502037559113162
-0.00121058970186751 -0.00442151489426157 0.356759270239682 -0.426987792746958
0.014672858470616 0.00370138156403796 0.155501782843545 -0.207464806837306
0.0138041352386532 -0.00177878099626439 -0.0508443849434728 0.00645230742102069
0.00674661828678234 -0.00513102634538702 -0.1801812457988 0.234628863602457
0.00281721324139143 -0.000268114656200652 -0.324859389248751 0.448051764665877
-0.00881980577888533 0.0150566375370362 -0.399755359263673 0.616714318431654
-0.0427048068204608 0.0130799025395918 -0.455959733524496 0.684378522644937
-0.0528457313234616 -0.0031159044294454 -0.432240303860553 0.564999613896731
-0.0170274138622789 0.0103993153468156 -0.353271480851308 0.443719346455317
-0.000827878706627674 -0.00395369165938433 -0.272195622775266 0.329281173849892
-0.0026409988248591 0.0341118286654798 0.327101149037813 -0.109485406673912
0.0136614246883673 0.0174147294562147 0.388842610579401 -0.350390892786666
-0.00282983339104008 -0.0252687286914949 0.542608554673723 -0.250400562442404
-0.0365174293480021 -0.00768770259860581 0.750829743122516 -0.414388090472332
-0.0154695341287067 -0.00226651573270905 0.592000695985148 -0.521139096995477
0.00996008762412618 -0.00129439133065956 0.349181604404388 -0.435250597993322
0.0253659975134792 -0.00342677601063117 0.158446288459934 -0.212832289372941
0.0261979272770466 -0.0130300085609048 -0.0462782167809551 0.00195770325198338
0.0188900312792911 -0.0143590492442191 -0.17845905997521 0.229851187793096
0.0155867555552489 -0.00145385686762984 -0.333710259856104 0.4408423549258
-0.00338745120646664 0.0308911768847855 -0.425155181628319 0.605993930781556
-0.0612999200420345 0.0248801534800993 -0.488988832649609 0.662410791451635
-0.0621846290905663 -0.0170274004828487 -0.45372789230014 0.540586497727952
-0.0020869762643982 0.0118275038994656 -0.361558615420564 0.434215575770248
-0.0009660669369068 0.0311544933482031 -0.277302545940452 0.314962637445769
-0.00787423983024421 0.0594916452875944 0.325164413292524 -0.136280276464581
0.0259586934893986 0.0235694114102886 0.373079489024861 -0.355727716441137
-0.00506368010139945 -0.0361770800416092 0.536383812215505 -0.296769390157079
-0.0517304328856266 -0.00169012621705129 0.707349548001051 -0.470942071553836
-0.0155307207506516 0.0112605561486591 0.552679936288158 -0.5457102208862
0.0185533033488101 -0.000389179165159182 0.338338109470474 -0.445720229173782
0.0336643114859447 -0.0106232528587405 0.163792784950128 -0.221955537234853
0.0347313874286416 -0.0208586351570451 -0.0389229712192773 -0.00570031006864902
0.0280706585175621 -0.0216718818194101 -0.174555522697534 0.218225873641871
0.0258802461999583 -0.00111373368116208 -0.342792279177635 0.424764822153367
-0.0010919711323239 0.0434154110923037 -0.454801856086019 0.588514193877211
-0.0787750667974263 0.0321445538056526 -0.539793963767375 0.628809449597954
-0.06781694031373 -0.0343879033739337 -0.487479797756567 0.500647597345809
0.0105280197498854 0.0152792507890378 -0.369896073561938 0.42091363654623
-0.00523180576699057 0.0586538676184843 -0.287438265805794 0.296448625530174
-0.00490621178164285 0.0712381481984939 0.317531827959128 -0.169548735505137
0.035412166550036 0.020602375693971 0.359150367477921 -0.359227673904928
-0.0122714260965401 -0.0432342185178354 0.52657326900062 -0.353583293264898
-0.0598428409889006 0.00692965155238732 0.644502559829507 -0.533341561863149
-0.0117724894754218 0.0204974931831239 0.506981267914934 -0.571971364853023
0.0249390405599357 -0.000881454735761789 0.325054292272507 -0.458881236488447
0.0382814610489694 -0.0163098520459451 0.170376896658708 -0.232325483092289
0.0394544134157683 -0.0267027616477495 -0.0282963211905115 -0.0153521974272742
0.033166873704151 -0.0259840196327006 -0.168451093046793 0.205676637947758
0.0312437104014443 0.000698616577006496 -0.351917474139516 0.407920633019886
-0.00356939084777034 0.0519947160895706 -0.492791117348262 0.564296090283285
-0.091853199292286 0.0301413871079197 -0.598676974711712 0.588349085571958
-0.0645945819702814 -0.0503936076748702 -0.522310337561316 0.449956074472067
0.0211304203500703 0.022710773350336 -0.38086036131236 0.401525339192165
-0.0140269676500812 0.0745240456624306 -0.296817189781539 0.275022556372672
0.00429656070341195 0.0689184661342654 0.306837480652124 -0.201885429310836
0.0364734738576452 0.0117201157175685 0.345687279137262 -0.359324108818606
-0.0199529629023583 -0.0445629910409793 0.50869593180719 -0.411809396644903
-0.0596954143656445 0.0147150985220617 0.577134444682138 -0.58769887366441
-0.00824673342758585 0.0210812416832414 0.457945199862091 -0.58965254393774
0.0255616324740569 -0.00400171543677581 0.31401666782319 -0.47232667172284
0.0381898506564856 -0.0183769605155304 0.176889384390977 -0.246263830636046
0.039881840420828 -0.0274624402531395 -0.0179753179585991 -0.0268761746677713
0.0340864302519199 -0.0257881286007533 -0.159052709926931 0.192236777539192
0.032174530971456 0.00395677531680435 -0.361252383855221 0.386815690667949
-0.00844079018478272 0.0541185981432095 -0.531067522373533 0.538908314386666
-0.098711212548898 0.0204573675071604 -0.661752332552727 0.535813758263376
-0.0555396617180572 -0.0598937640941141 -0.552421871062886 0.395505687182503
0.0231978338509679 0.0305888037686935 -0.391743786093223 0.386095482793392
-0.0240572418032759 0.0744017309561477 -0.307851306800817 0.250689734825077
0.012737030385707 0.0530125785425204 0.293234174341853 -0.229013942285833
0.028937288185832 0.00116042698619385 0.340453547593845 -0.362433141630927
-0.0250381463806229 -0.0386062858279959 0.485362575054489 -0.465572535131131
-0.052193879731026 0.0175019340188195 0.514306532924645 -0.628298365411329
-0.00555392205855081 0.0154374786937495 0.417665681407073 -0.604929486855749
0.0216239318632467 -0.00655859694017062 0.304835528971386 -0.484518304849393
0.0321975891035525 -0.0166987915526849 0.183014894862732 -0.258428290943066
0.0355818861805593 -0.0252423867080279 -0.00749295044944747 -0.0370727470631793
0.0298564078083435 -0.021812108371846 -0.150765917050523 0.180669004433865
0.0272770364367189 0.00657470239750095 -0.366056281158817 0.369176911757231
-0.015686370739533 0.0496627430320333 -0.566395905737297 0.5138347591609
-0.0942815660315745 0.00706697276388001 -0.711337888499411 0.487652085069054
-0.0434318009199072 -0.0593991016963567 -0.57380944059739 0.344196820207415
0.0182975497727587 0.0357357498703144 -0.397783621431333 0.377678638935786
-0.0288353396475142 0.0564473544679451 -0.317948658839569 0.230239626841662
0.0424777725446217 -0.071247881707355 0.322580539557943 -0.12789423352807
-0.0248716236863787 -0.022082209183207 0.388171825795999 -0.334735818549225
-0.00406150730740873 0.0136890538824274 0.554066194912408 -0.242913359652513
0.0202952265954986 -0.0178801071942358 0.759737788360157 -0.405265174604258
-0.0138465709074613 -0.0481053970901885 0.602046745271473 -0.509146796815167
-0.0234087124874463 -0.00906229931154629 0.353024722763061 -0.434872651312998
-0.00781126362350454 0.0188322916342747 0.157309008383768 -0.213703693759707
-0.0103919664005889 0.0171612478725711 -0.0457256971309141 0.00152612897885253
-0.0176288597497261 0.0133936398464826 -0.172257562806659 0.232951060901433
-0.0219161278863723 0.00114848341808166 -0.314357409869054 0.450407938984214
-0.0179445361778441 -0.0128495866378908 -0.388290272477145 0.625868277449764
-0.0080091554136681 -0.0139249767802058 -0.454751408951469 0.698345435808964
-0.0349727866177719 0.021847507381726 -0.433550000586014 0.570613105818009
-0.0424759741325431 0.00120210697862327 -0.342339946259591 0.44945150430475
-0.000864560996525234 -0.0816655541847433 -0.273119863385382 0.340668258112703
0.030767065454431 -0.0370794404348396 0.32484561439314 -0.107520317962614
-0.0124834973865945 -0.0120588241787192 0.395169516684968 -0.342636289870598
-0.00541002346143318 0.00163892393681066 0.548405724230511 -0.224626364695669
0.0029991955037498 -0.0129855146525545 0.772738879418897 -0.383785100666167
-0.0125513477539472 -0.0342952859163185 0.61727611173874 -0.504246485252949
-0.013149786149947 -0.00729623931308739 0.354428462518346 -0.432069470422981
0.00280564410684112 0.0120346299666805 0.152847101481865 -0.209883777435304
0.000700287907818652 0.0070846581497044 -0.0503620698720719 0.00639531157061367
-0.00581527361221271 0.00483155003440073 -0.174877109863129 0.237905084561146
-0.0105628624386569 0.000528044359265419 -0.313307339771434 0.455168498339732
-0.0134403950133811 0.00172172885182731 -0.382119581676835 0.629612443397304
-0.024383055103728 -0.00111666633047296 -0.438755480477304 0.698403594963897
-0.042326264140867 0.0117733294300822 -0.420865109471669 0.579397706294106
-0.0295308858062093 0.0063701103648892 -0.343142898575808 0.45404611107826
-0.00224457133009282 -0.0437883945522059 -0.267500660841171 0.340440321040215
0.0138061339377278 -0.00115586347367267 0.327023982188103 -0.103237347376429
-0.000180876880358484 0.00325776589499956 0.394937193366034 -0.351399034410836
-0.00304163780366547 -0.0109216534882901 0.545744905582619 -0.232445628606111
-0.0174718889901596 -0.0107744895739692 0.772130792314947 -0.390478300908819
-0.0142887679239796 -0.0184993663356802 0.613566021946718 -0.511495175503757
-0.00196171109582778 -0.00439450385141677 0.351791685318718 -0.434596646060443
0.0162528712058926 0.0038376100165832 0.152597414722666 -0.21215832075255
0.0128834008590977 -0.00290189435286838 -0.0501229755609419 0.00598373657619658
0.0068606324720404 -0.00467136391110014 -0.176747716170827 0.237875032953147
0.00224309603848322 0.000360540396110187 -0.319611126896634 0.454777599680939
-0.00809748208558872 0.0169004871070504 -0.392752505079255 0.624993857493268
-0.0430969853481008 0.0134731108425495 -0.447045215073143 0.690985184178718
-0.0525861285373848 -0.000760879362188476 -0.427353192791861 0.571859234966839
-0.0156372362384164 0.00879956231170338 -0.346807971852287 0.451297705541928
-0.00185857825540608 -0.00552822405026 -0.268533497650198 0.33423268754639
-0.00153224366895637 0.0335245012178157 0.327024043113489 -0.11495139283771
0.0142978269418739 0.0170560683468175 0.386412114934295 -0.357963236121034
-0.00310736973989217 -0.0235869897596172 0.54101902493494 -0.258006469964088
-0.036467389549881 -0.00761466766397291 0.74552137042779 -0.424601882354695
-0.0161024434620929 -0.00135469386191734 0.588891343469836 -0.530627543072344
0.00916005851314377 -0.00153923084000148 0.342800629883093 -0.441566356275948
0.0259811096248411 -0.00375519761047855 0.154301380420774 -0.215844173596536
0.0249943540912532 -0.0129539377718116 -0.0461272778337433 0.00244621264194905
0.0186434123610035 -0.0143180132335127 -0.173336338073726 0.230758128179585
0.0148806216886621 -0.00164461917556694 -0.327216662269839 0.445623705699081
-0.00268867097655486 0.0314085631159654 -0.415508676239012 0.614293134923074
-0.0606182445736734 0.0265128905610907 -0.479310569722497 0.672868696621846
-0.0625866070642374 -0.0153962511812439 -0.447477928060853 0.54953921472772
-0.00167968039544512 0.0108341996455415 -0.355527608849191 0.44180563660946
-0.00111939408886041 0.0302587103528953 -0.27487787391943 0.318878121566193
-0.00726795838043964 0.0592296846925947 0.324984810297388 -0.141595129986379
0.0271064617068251 0.0233541498356043 0.370485612175801 -0.362652541928174
-0.00501658885795764 -0.0360542247469483 0.53592594398585 -0.304589741690219
-0.0513188824192121 -0.000613178452441188 0.701293773493355 -0.480917004718395
-0.0152885770623853 0.0114915153076732 0.54872826595669 -0.556484158714623
0.0190738608536616 -9.79342086568002E-05 0.331933413378891 -0.452573680004353
0.0345922499226575 -0.0113776946817891 0.160064162811724 -0.224717876946428
0.0342039323606507 -0.0218633062752411 -0.0390818121654047 -0.00492303212460839
0.0278086600594101 -0.0231979908041474 -0.171030957728913 0.221580207018768
0.0257188250155677 -0.00175743883920786 -0.336753385561206 0.431668168107391
-0.000678583479203864 0.0435125580089725 -0.445718871770999 0.597303313279378
-0.0789057801611743 0.0325574706451232 -0.531088225304006 0.639205891010798
-0.0672610729403298 -0.0339358041693811 -0.481977554953282 0.509124029151923
0.0112252078363601 0.0148587941381623 -0.365806330282942 0.426696425622788
-0.00483336513188053 0.0581205153840643 -0.283403333460368 0.300860169543964
-0.0042971791558178 0.0713262481020619 0.316966461678808 -0.174772587314175
0.0356725539057572 0.0195517476545481 0.355695944231266 -0.364775755986869
-0.0120347971370521 -0.0434440144565939 0.524020489462003 -0.361446929724417
-0.0601162950330774 0.00806881627042621 0.639871915859588 -0.543827718895387
-0.0123532127981389 0.0207143744266713 0.499877130762729 -0.58075020617976
0.0250755608474906 -0.00197603011580214 0.317524832004395 -0.465648736411313
0.038112575420228 -0.0169531127549392 0.167358812820008 -0.23657503538064
0.0394136510521879 -0.0276855142664627 -0.0291353502637722 -0.0151821076366375
0.032453144333339 -0.0264436429185939 -0.164489910897055 0.208376415428902
0.0317931232330793 0.000169897018629287 -0.348395598026584 0.412248816974268
-0.00330754469747753 0.0518587233496366 -0.485437330931741 0.573427643360548
-0.092336622320427 0.0316771618152308 -0.590710194195638 0.598428640434499
-0.0649565718826783 -0.0487126300925493 -0.518397861672017 0.460454774371516
0.0206748866229489 0.0212831013647233 -0.376958089519776 0.409135425613715
-0.0139396122739585 0.0739929359598206 -0.2947670968023 0.279945075733887
0.00405904857248119 0.0689805178640966 0.304982349195435 -0.206182155965698
0.0366232438696964 0.0102825726527126 0.34318180110749 -0.366596571028281
-0.0204611997866411 -0.0432580343618862 0.504290659947814 -0.420397360237441
-0.0595160897899631 0.0155883590711903 0.570121902204509 -0.597298456657784
-0.00876311768095318 0.021329925405184 0.449747647157628 -0.600265145167478
0.0248154679206454 -0.0043316809936875 0.307209272112919 -0.478448606000988
0.0373992854780415 -0.0181573688882215 0.174340930695277 -0.248392794976621
0.0393754545038492 -0.0286928303138745 -0.017658149196921 -0.0262478853183116
0.0335388515627252 -0.0265010972514268 -0.156310827049731 0.1938335480168
0.0317650945064174 0.00396421678704123 -0.355805090501554 0.392616554946539
-0.00860633612818135 0.0538912412166712 -0.524879863727576 0.54830700340265
-0.0984162647117705 0.0217163327479528 -0.653856682357559 0.549077724999395
-0.0562468738887915 -0.0578267302578153 -0.549677432163008 0.403592585555137
0.0235459281950448 0.0302176952669878 -0.386851431080129 0.39331028763628
-0.0238352231131249 0.073746506244075 -0.305619658637477 0.254730890202028
0.0136249691530467 0.0525444086538779 0.291658592182046 -0.234402561172392
0.0288362860957422 0.000362177093868036 0.335433520656963 -0.36886196664184
-0.0249145653234205 -0.0377570860656358 0.479407074265835 -0.473926227195405
-0.0517890374034277 0.0181147918583564 0.506981676260764 -0.636263498827483
-0.00578604729504484 0.015574097485449 0.409200611066307 -0.612558387526423
0.0209081771663478 -0.00759053362448423 0.298131930014587 -0.490121056628295
0.032361673416683 -0.0177178096231967 0.179175979815573 -0.261265883391168
0.0349534455942535 -0.0257917086837817 -0.00802453249947463 -0.0366267674204277
0.0294656005391347 -0.0231255619536304 -0.147207605837756 0.182860931290483
0.0284957574689617 0.00616558627968352 -0.361007463398361 0.376922633605345
-0.0146125523336518 0.0495216967484658 -0.559596561678237 0.524028726479695
-0.0951681508139261 0.00812558436192794 -0.706857945467313 0.498826137979839
-0.0440017773511909 -0.058975511696716 -0.571677828265664 0.352708738906558
0.0194356934138006 0.035251293962372 -0.394171925987906 0.385169283405933
-0.0282897215160659 0.0559720709502439 -0.316076704851357 0.234184131993367
0.0413763757229882 -0.0723706523197087 0.323568096907314 -0.131953168028835
-0.0249290769651793 -0.0227345152659999 0.385344291438926 -0.342197850390141
-0.00453068737793434 0.0139873825187007 0.550854058950214 -0.249672081838865
0.0197804790629626 -0.0185058808380615 0.7526038482775 -0.415439457717507
-0.0144582293343536 -0.0482366286903403 0.594687806978042 -0.517918895647223
-0.024346380791966 -0.00870566757171531 0.346717438299137 -0.439853822756544
-0.00792760091897851 0.0200790717091077 0.153905211697034 -0.216484241187477
-0.0102559797775469 0.0174902665346095 -0.045824171848451 0.00174583443226026
-0.0166757788424378 0.0129839400273902 -0.167909320478104 0.234738285742217
-0.0215375872709819 0.00216521453029 -0.307193710976916 0.455510026045806
-0.0176322698069488 -0.0127016469248545 -0.378154911317294 0.632710721931818
-0.00956094236954142 -0.0141303268779078 -0.44259552615967 0.704584377213839
-0.0347429545277624 0.0237905490886827 -0.425611688112497 0.576345700438078
-0.0422085592048506 0.00170296477596802 -0.33643690925614 0.45567402706273
-0.0022576143041349 -0.0829254324545958 -0.269306372246484 0.345312422905497
0.0293579648099363 -0.0290084302684933 0.325766100944506 -0.1103848671543
-0.0131532032265863 -0.0121103887243288 0.391100574171162 -0.350829332348241
-0.00511174068876042 0.00233309163600207 0.546498376791869 -0.232317360530015
0.00263228632481895 -0.0131331586187839 0.770948057585678 -0.395561498862035
-0.0145851041850181 -0.0345620314944917 0.610311140616144 -0.513777337495952
-0.0136741937157439 -0.00763615642208815 0.347312488659032 -0.437280659355046
0.00339359071515163 0.0120988410782763 0.14820764540863 -0.213901331065064
0.00136117021490288 0.00741355411734122 -0.0504358010572759 0.00654428450994145
-0.00533038744994312 0.00520853023229802 -0.171099097614287 0.2393281728153
-0.0108501294990346 0.00107960946228061 -0.30550984560915 0.460636256251849
-0.0137620655869602 0.00204347381923505 -0.372390269814814 0.636353944404154
-0.0253194673197845 -0.000416581658121905 -0.426529140681722 0.707487029278404
-0.0410358683047929 0.0123912125220753 -0.414083530541766 0.587453995109437
-0.0291892942425147 0.00569876229740014 -0.336030578453719 0.459392693907057
-0.0036683374800617 -0.0446552056047142 -0.26227983280997 0.345672377755152
0.0123647515926893 -0.00170112465674805 0.325769339823661 -0.107772409554634
0.000729273190407485 0.00284931019147006 0.392909159299202 -0.358986038962027
-0.00367538765679256 -0.0108471827586681 0.541076571117956 -0.238463400619349
-0.0169481096150741 -0.0101053617493124 0.766915053650077 -0.401263661074208
-0.0158245729240962 -0.0177338881596139 0.60582238309391 -0.521614999173272
-0.00236376314734197 -0.00430907999372377 0.344728201835833 -0.439758754243871
0.0157972782584546 0.00413258710690573 0.148063110902499 -0.213320454947838
0.0136882547949052 -0.00399634186856008 -0.0506196856362609 0.00666196241775135
0.00653647311363322 -0.00459855500412856 -0.171841867528609 0.239340408724011
0.00199108905711882 0.000292571237279599 -0.312959713596669 0.459555310787558
-0.00708039792374329 0.016703032916904 -0.382638100229674 0.631184539609942
-0.0421794920553579 0.0145611125526599 -0.434657392602496 0.699385698473374
-0.052732938528445 0.000386693289148629 -0.420007193953013 0.579797915212314
-0.015670624171915 0.00893048852317975 -0.341116042960821 0.457082197745338
-0.00156120078285893 -0.00528623214161389 -0.263614129477928 0.336885596577961
-0.000964316549885601 0.0329726184824998 0.327514521022925 -0.118827433478019
0.0145585001745526 0.0165217045283228 0.382194838204415 -0.365305096342047
-0.00224611414434556 -0.0240243458378008 0.538433195665913 -0.266486559969569
-0.0358758031312132 -0.00594293571996832 0.739945528666513 -0.437431043591972
-0.0166301837867743 -0.0014926039178056 0.580962270429516 -0.540158833142872
0.00935733171110792 -0.00154617866527425 0.335387860127007 -0.447481861233773
0.0256006187663615 -0.00452719566591544 0.150734334882018 -0.217761045003321
0.0251593240047615 -0.0139410960355561 -0.0457258470036497 0.00277329775862119
0.01727032477419 -0.0150753857825046 -0.169520868232045 0.234224311367473
0.0148229850218358 -0.00169116704920037 -0.320747471352397 0.451565419493578
-0.00223432603023891 0.0310989133916344 -0.405271745558347 0.622376386239159
-0.0600730260626173 0.0270628416235403 -0.466888843485285 0.6793915160756
-0.0615675282520323 -0.0154859054002262 -0.44198936715375 0.555283643723008
-0.00132874105221315 0.0106280025012953 -0.349186138014206 0.447197888470889
-0.000884736382235695 0.0297375221515033 -0.270730982197772 0.324589210916781
-0.00771162858495216 0.05881867825125 0.323609493523576 -0.145646251338878
0.0279645786158204 0.0227459321257932 0.366735244111195 -0.370448399170515
-0.00565182022686113 -0.0349468321042203 0.531369751594208 -0.312291827444938
-0.0518423878384129 -0.000333087626398314 0.695234447798327 -0.491350234800714
-0.0157798624423686 0.0122453878841572 0.540892363458624 -0.565021828277409
0.0184504436479651 -0.000419663091087837 0.325216867833616 -0.458111019115238
0.0351285614174996 -0.0118673573143969 0.156657514244734 -0.226988236841427
0.0341737361355989 -0.0236621966800345 -0.0390677219040817 -0.00438062122804126
0.0266193147569483 -0.0224770357928861 -0.166120490453234 0.22334979552579
0.0253284273882472 -0.00205899116840423 -0.330824728950406 0.435759434024884
-0.000519972647383418 0.0440247665889659 -0.438111760913701 0.603939898587786
-0.0782104591989078 0.0337719814901806 -0.518744293894483 0.64853673346243
-0.0680623087273195 -0.0320336520819254 -0.475347183521621 0.516279870948499
0.0116361253052267 0.0132645309524985 -0.360582525620754 0.433310017783398
-0.00479561567475529 0.0577891254834224 -0.278600729962051 0.304416436574073
-0.00325838211043211 0.0711004786119785 0.316716445802147 -0.178706760983819
0.036822899057361 0.0187612473954983 0.350942375479574 -0.372417054138802
-0.0124306385098471 -0.0423901694612165 0.517977408132628 -0.36951044791006
-0.0598672264003003 0.00832572396735066 0.633370775496039 -0.553127627359893
-0.0124736993439791 0.0201928591728536 0.491187328584202 -0.587996306781616
0.0237325956880822 -0.00208963723961787 0.311525401668394 -0.470641809149978
0.0388137029550015 -0.0170003310651481 0.16355561341141 -0.238882461327124
0.039273739197913 -0.0275821342052147 -0.0286729506048197 -0.0159185108112233
0.0326576828060837 -0.0267374960645258 -0.160833284323972 0.209603467672978
0.0312367282834076 0.000132831064437335 -0.341490929668702 0.417969402778881
-0.00258858106992532 0.0523343336365819 -0.475729166839037 0.580881471896181
-0.0926090616621573 0.03272596910315 -0.580630795453064 0.606138080089137
-0.0661143966789451 -0.0472098581691561 -0.511828227050508 0.466729941881191
0.0224415699696919 0.0204536797682489 -0.373183357994797 0.414969733040117
-0.0139857189975953 0.0738521205413517 -0.289489124880693 0.283645977314389
0.00498779927190778 0.067492727114783 0.30439306331298 -0.209689305267285
0.0373871762328775 0.00949485070223105 0.338885850712214 -0.373430437972847
-0.0207478239251437 -0.0427342556411693 0.499067970651752 -0.427741115542169
-0.0597721635842249 0.0166691356879412 0.561778312357419 -0.605734571140075
-0.00837047936814049 0.0215811358661903 0.44127050811265 -0.605472164836373
0.023995822856627 -0.00441127248471757 0.300143597321351 -0.48476260183461
0.0381278557884574 -0.0187648657353349 0.170362705629615 -0.251046450471977
0.0391779812608087 -0.0291556317922411 -0.0173349949919859 -0.026780169106511
0.0327105703963927 -0.0274549826855819 -0.153055757386177 0.196206982006918
0.0317775732834331 0.00349790865876626 -0.350837092839816 0.39675773025769
-0.00806029384403113 0.055077904048049 -0.515142770830246 0.556260310694958
-0.0986015380008616 0.0236593758608217 -0.643419580294176 0.556609777031552
-0.0559676447671925 -0.0575255738709537 -0.544678588819516 0.411074974212934
0.0240526058356868 0.0283630515487344 -0.382706451681269 0.399134488799081
-0.0229929244673181 0.0731681559643758 -0.302953699104662 0.260147477835694
0.0134793018963434 0.0513506225535212 0.29008049626659 -0.238207064240893
0.029738461885525 -0.000173550018936815 0.330801684016888 -0.374703020082936
-0.0259608395695954 -0.0366181320500035 0.474245410914 -0.481528414966094
-0.0514687835700296 0.0188208514426431 0.496107959702012 -0.643456456829851
-0.00643907199717474 0.0161179293914971 0.401691011644704 -0.61912470898657
0.0210416051818086 -0.0075151340477546 0.288387075048407 -0.493994184405665
0.0328320341613608 -0.0176509226553517 0.174871553338074 -0.26421929935384
0.0342560369549856 -0.0267072565985108 -0.00797924085684208 -0.0369726036450238
0.0280150749553094 -0.023477498898656 -0.143510329017201 0.183453200638908
0.0269018175272792 0.00560158066073603 -0.355399183116532 0.380576064540899
-0.0140811289793389 0.0503432066138676 -0.550939539313763 0.533210379194231
-0.0956036262524371 0.00940433607145235 -0.697795161473054 0.510132829061106
-0.0441883628204196 -0.0585113366787777 -0.566967816191163 0.361310022397263
0.0189193190645523 0.03433999936675 -0.389403630069979 0.390418673822877
-0.0292815093352595 0.0554878341783651 -0.313849499687189 0.239234608471994
0.0409358308025641 -0.0740317569876356 0.322240201394005 -0.135112189528256
-0.0246979454755837 -0.022736042364026 0.380713387993594 -0.348021757680148
-0.003509404381562 0.0148787607875597 0.547562644406951 -0.256904726367018
0.0196551588844707 -0.0180769264802102 0.747548316484647 -0.427300433294525
-0.0158200416167324 -0.0477771170760432 0.588921005112085 -0.526557643734591
-0.0242195622224186 -0.00866491515791771 0.338624203391477 -0.444304027820313
-0.00612095864321147 0.0199541745272891 0.149862063043428 -0.218357999269406
-0.010674273971924 0.01664205545705 -0.046010027704993 0.0020001171412508
-0.0168027384796479 0.0142771355192786 -0.162894216572418 0.236363667221012
-0.0220566506357803 0.00196576701808921 -0.299557300051058 0.458265592149271
-0.0179876216312096 -0.0116290005823505 -0.36792797297639 0.638466418322627
-0.00902537994076815 -0.0135262551883851 -0.430717868837803 0.710604453706676
-0.0335529031509535 0.0241179141641285 -0.419120296431603 0.582078389126682
-0.0418984036057432 0.000751169483308407 -0.331171977024755 0.462834638980701
-0.00360375520427962 -0.0842274518628847 -0.26446630143976 0.348482013171265
0.0286132140773551 -0.0386130209332053 0.323853741021417 -0.115581110753576
-0.0126954165293004 -0.0126731075214269 0.38821231245628 -0.356123725083558
-0.00468184675127465 0.00263387302491902 0.545072972924229 -0.240318680917447
0.00292761339306029 -0.0125623449635579 0.764864779499428 -0.403767178479676
-0.0144528967748591 -0.0339909927036643 0.6032710933401 -0.521737080432263
-0.0147135569411872 -0.00630607195946272 0.340511448238254 -0.442604063470776
0.00487979429197786 0.0121587022675015 0.145251572930283 -0.214824387100854
0.000980372893064119 0.00664356772567379 -0.0495948299878267 0.00685260074167272
-0.00625152618805107 0.00519923305506623 -0.165806954329232 0.242129435574534
-0.00965980883222928 0.00173132760164303 -0.299883807871934 0.463578633682399
-0.0133833707200068 0.00303906745394182 -0.362932843909717 0.643259054486301
-0.025477013280244 0.00032799358465118 -0.413478562618147 0.712228561673772
-0.0415341813548584 0.0136836542768409 -0.404861743816357 0.591424442900522
-0.0294771887799588 0.00617317806015106 -0.330169889093866 0.464611102449578
-0.00450633728090031 -0.0444643889796755 -0.258510293314897 0.346950834175273
0.0128997733877133 -0.00298089754483446 0.326191849572461 -0.11121016851758
0.00105775195354606 0.00205207938794514 0.387558166618578 -0.365072897527409
-0.0035026572101464 -0.0101148524262612 0.538037912834326 -0.245504253974662
-0.0170753058186378 -0.0101262657313359 0.76127630535881 -0.412080110025106
-0.0162706035508127 -0.0173044727237625 0.599903250911775 -0.529801854461465
-0.00292618929111648 -0.0039264092077971 0.336989312375152 -0.444385166376283
0.0162591654160115 0.00330665815642512 0.145235620413902 -0.21527465183741
0.0136782810242985 -0.00332563484431757 -0.0495409362165161 0.0081466492816519
0.00618251755429004 -0.0045841789287669 -0.166273785918598 0.240812852951926
0.002530649642039 0.000160603323054201 -0.304881632409482 0.463805649378761
-0.00703276273799558 0.01658322589794 -0.371214562602054 0.635953644145269
-0.0430818680606317 0.0142871151354955 -0.423411885103545 0.703813996806736
-0.0524615359424197 0.00135030641139777 -0.409269637516302 0.585307674285061
-0.0152523801210661 0.00765307766390222 -0.334645255481382 0.462275816138218
-0.0033876115043347 -0.00578735861530972 -0.260297609313407 0.341179891731887
-0.00153231250864993 0.031824720192167 0.32581509793934 -0.123757713686114
0.014879933096867 0.0159446238498896 0.378188536070587 -0.37171439519252
-0.00318331525654329 -0.0232978503842838 0.535937616288306 -0.274107955077255
-0.0363224979037778 -0.0060751305335179 0.735710121488686 -0.446926605277723
-0.0169894538339751 -0.00155355015730717 0.574540326350576 -0.547001637833803
0.0088259397905449 -0.00116519730750231 0.327999710450129 -0.452479769821167
0.0270619882044875 -0.00480349222410036 0.147007130140775 -0.219955894960875
0.0244838686251671 -0.0148443662336859 -0.0456821814180792 0.00276501656073366
0.0174698625618117 -0.0143945759286472 -0.164507955388844 0.23525747267693
0.0144514798825596 -0.00210039686892009 -0.313005717124638 0.455915882364985
-0.00212917155529907 0.0303503259822775 -0.395245440794301 0.627717758673946
-0.0600361737035086 0.0275829011004881 -0.455438352018317 0.685624470549463
-0.0621397173499506 -0.0138653305905075 -0.431460512434771 0.560822660308982
-0.00116287545587487 0.0096472483003638 -0.343425019970529 0.452235556451814
-0.00236112787632766 0.0291386292109048 -0.264256532044172 0.327920826608903
-0.00646109498253117 0.0577923216967303 0.321873905321632 -0.149748825708476
0.028679626853768 0.0221734179439079 0.360822213726358 -0.375200307181873
-0.00569910669369744 -0.0348696308636723 0.527729343892668 -0.317303636791588
-0.0514104020419769 0.000577829507952907 0.688133200899791 -0.501967462347289
-0.0161750727449929 0.0124996673335218 0.533846615741248 -0.572009905570468
0.017713924511435 -0.000805013991019557 0.317142209005082 -0.463240593419714
0.0345540678526289 -0.0129709214278313 0.152911372495845 -0.228459006419469
0.0332203794093869 -0.0240977581020623 -0.0388658765969386 -0.00432360453657393
0.0266890987014602 -0.0229582246547299 -0.16186852355797 0.225101689618424
0.0251273404374961 -0.00223729101478435 -0.322096173484637 0.43961841181122
-0.000275024392694913 0.0428392249388586 -0.428985580970909 0.610554525173263
-0.0778827910870562 0.0361345395081231 -0.508049545332027 0.653515262566916
-0.067626776740473 -0.0305674325077431 -0.466807243165531 0.522012572263519
0.0125444490203386 0.0128176401775905 -0.354335999716167 0.437169475840967
-0.00527613007665626 0.0584419451860281 -0.273601300928122 0.309311747487021
-0.00258439309406744 0.0706718824805212 0.314241506852447 -0.182841798616994
0.0369340773317031 0.0178385355852308 0.346633985789564 -0.376234149117251
-0.0127444213438269 -0.041496673078424 0.514771736340291 -0.375660109375877
-0.0600870239253289 0.00965240840207758 0.624569505259131 -0.562127071702662
-0.0123818981707194 0.0203271069821031 0.482963617397701 -0.594942382477798
0.0239759542750236 -0.00205513004616361 0.301797525404686 -0.475258543482328
0.0389455317634778 -0.0178340641159237 0.159642054848353 -0.240749926344646
0.0388841982772074 -0.0289266157199771 -0.0288840767515666 -0.015162613562329
0.0318790218586144 -0.0275035017795052 -0.156112131917153 0.212329297099243
0.0316415006886075 -0.000127292972183488 -0.333925555498581 0.423128471356836
-0.00141227010044333 0.0518402560509925 -0.466111406059697 0.587171543658784
-0.0920434195398788 0.0345291384527292 -0.571045502723387 0.614767327753233
-0.0662862576306192 -0.0462165680309764 -0.504772573321905 0.473614972928256
0.0221820190978852 0.0201846416313899 -0.365314229897845 0.420653947487906
-0.0135329908711282 0.0731215522822225 -0.287390165830724 0.286686117348455
0.00546892309977012 0.0676782757389385 0.300931857252466 -0.216306751879604
0.038159242213018 0.00953291053443709 0.333981171546163 -0.377478110886018
-0.0210846895611519 -0.0415316286437494 0.494445731046023 -0.434752665244481
-0.0585602200749131 0.0176389649055844 0.554328910221253 -0.613608681569864
-0.00917420817494773 0.0214464447543994 0.432620484834555 -0.612252266727597
0.024255404901518 -0.00546749198766091 0.291398031538033 -0.487410087302854
0.0380756476333673 -0.0202195125795016 0.164542275086661 -0.253499616448662
0.0379610813980048 -0.0298866153499162 -0.0187329164581889 -0.026340210990585
0.0320807703802746 -0.0271352926197016 -0.147417880742157 0.198252195800881
0.0319517693045253 0.00223775141407551 -0.342159747667998 0.401859527669744
-0.0063573851347503 0.0537173163200201 -0.506610372136731 0.562808085763049
-0.0988450940570672 0.0247813958261075 -0.634227952737808 0.567423611483434
-0.0570367595588623 -0.0560602237656586 -0.53846106452033 0.417975502656697
0.0253116846086237 0.0282580552084457 -0.376199133973314 0.403619498128842
-0.0228371370830485 0.0729629776432272 -0.299714663710796 0.263758726980085
0.0140712677295199 0.0504045253874364 0.286867309013566 -0.242859752170284
0.0301183955592551 -0.00113102593621302 0.326935955826254 -0.379951236228428
-0.0261789986277633 -0.0359988373045157 0.466925293774213 -0.486630332235753
-0.0504893569874766 0.0197973988777139 0.487633418696464 -0.651494738681648
-0.00680385940729274 0.0158251439074488 0.391602480733543 -0.623848978824354
0.020779731388719 -0.00737610161790862 0.281704433837326 -0.497807265987124
0.0324722119464851 -0.018036385016076 0.169868813330491 -0.266551220004342
0.0342396749346525 -0.0270118645020987 -0.00934680034329661 -0.0367649679643779
0.0286100911909137 -0.0236256924911543 -0.140195570676484 0.185781124355491
0.0274441725031869 0.00578483546105639 -0.349172821755251 0.387114498313525
-0.0135588325895715 0.0509809627854409 -0.541490787650245 0.542120954331877
-0.0956294581982519 0.0116788338100663 -0.689702723829994 0.518827511575276
-0.0446793855134847 -0.0563574751923707 -0.563069422812827 0.366811684529046
0.0199026615175999 0.0334761786632972 -0.383991705697813 0.395916709684963
-0.0296107059353684 0.0555701169042402 -0.310282647784999 0.244348586061234
0.0398654931441951 -0.0753325421035001 0.319257433698487 -0.14055602200125
-0.0243408339251838 -0.0230783039673332 0.375458113019384 -0.352331505972846
-0.00343871228274718 0.0147959143648594 0.543973685358791 -0.263539928762685
0.019066353249999 -0.0182332559257657 0.740300865704679 -0.435504697370981
-0.0170207018272421 -0.0473195687356571 0.581704134275625 -0.53477454191298
-0.0252911960590068 -0.00804640061024297 0.331786507888872 -0.448025502783778
-0.00593041568468907 0.0197873521924274 0.145432609428256 -0.220653752015075
-0.0102771693837234 0.0166258979684433 -0.045131161968617 0.002850506688091
-0.0172364399552206 0.0146232162568231 -0.158355765673317 0.237079899032441
-0.0220956209400761 0.00219245975995247 -0.291219877289913 0.462673675265855
-0.0181224946847726 -0.0118475916890979 -0.35719371122289 0.642816929477538
-0.00939651928904426 -0.0129992623489705 -0.417874295102526 0.714955740259927
-0.033112995994725 0.0249985434060753 -0.410498478583096 0.587548495900423
-0.0420300054040092 0.000910201401605918 -0.32364442118171 0.464972114870819
-0.00651780824108238 -0.0842514071761952 -0.257352630606322 0.349810504237453
0.0285756414948343 -0.0402833328831521 0.322166635427188 -0.119706176390564
-0.0123863577903184 -0.0138518359849453 0.382701947871017 -0.363156437034164
-0.00380175823419775 0.00332576371629926 0.540334709136707 -0.247397254185812
0.00194456861949201 -0.0124768958079603 0.756707916118615 -0.413487179796374
-0.0154984498072976 -0.0335210988549865 0.595788254119957 -0.531131529328354
-0.0145530335129744 -0.0069323511658493 0.332614283900769 -0.446073700044469
0.00464015568910703 0.0115949078704442 0.141190767973291 -0.215972916730591
0.00133946063384979 0.00676014423040951 -0.0489310548230641 0.00677167166632411
-0.00630267340767783 0.0058498052214999 -0.161161864258396 0.243052716840324
-0.00933988681265182 0.0026717899515835 -0.291711204069097 0.467327161468279
-0.0138456716031854 0.00176641059745904 -0.352656429606151 0.643915370167197
-0.0256316936518449 0.000308511541958 -0.401548606914755 0.715687175062561
-0.0401767839817115 0.014491332603198 -0.397464051953718 0.595591804010042
-0.0298143732749716 0.00511298396088125 -0.32337320571943 0.468367740370514
-0.00520071915045854 -0.0459509177231031 -0.251980511802123 0.351095758925388
0.0127092519128439 -0.00333336231248121 0.324441347304197 -0.11574950846977
0.00155075958294407 0.0020564228463231 0.382588676358354 -0.369530810174759
-0.0031985644265993 -0.0090714418465239 0.535612898058042 -0.252473417199662
-0.0171667688125078 -0.00955730859822984 0.754438410937879 -0.421639654665138
-0.0173289780927056 -0.0169309566903325 0.590908365947244 -0.535995851200636
-0.00313112988790698 -0.00494823381464072 0.328779040969624 -0.448782813433051
0.0166643291384791 0.00294283195764065 0.140457567441435 -0.216521323371326
0.0131268501413662 -0.00438314284636157 -0.0501479180437378 0.00805272052292629
0.00600096638057673 -0.00577775819897987 -0.161579082734377 0.242784873226369
0.0024049010845917 -0.000205125526874122 -0.296542994725518 0.465717571703684
-0.00713291164072056 0.0165010715242669 -0.360024545194945 0.63947399526937
-0.0434495919511642 0.0159214103486847 -0.410656214286612 0.709555784144301
-0.0519238870918627 0.00201889815647659 -0.401985669577224 0.589835760526753
-0.0153587781670391 0.00768116697602354 -0.326107172408309 0.46572949694102
-0.00413597918785636 -0.00638413646468735 -0.253220658886747 0.34440722323576
-0.000852163837895311 0.0311832526093866 0.323896515239674 -0.127490308960779
0.0151994998802866 0.0144872199037893 0.373181197931647 -0.375426741990828
-0.00311405043561319 -0.0232040870199467 0.532281591072558 -0.281120463832484
-0.0355463357518812 -0.00511300623836636 0.727668768295128 -0.455719317883434
-0.0176584719837697 -0.00116471957854765 0.566184498801973 -0.554970945566153
0.00772015050192909 -0.00172417360812724 0.319807049994242 -0.455368470397379
0.0269907774654513 -0.00507251686090301 0.143316558884722 -0.221078198598771
0.0248627734139325 -0.0147945292929549 -0.0456438613924503 0.00318913221373055
0.0172599487543452 -0.015006795174543 -0.160935257608893 0.237253581799802
0.0145571292062088 -0.00181582501628458 -0.303890856965046 0.458242321125667
-0.00120922244446502 0.0309117649795852 -0.386174200739517 0.632433570560266
-0.0604652385247848 0.0294368695856722 -0.443561154793411 0.688900029391708
-0.0624682715336732 -0.013203039931701 -0.423930800073248 0.566327634004592
-0.00135220675401716 0.00961450559615126 -0.335759575308132 0.456848570258886
-0.00304584017238944 0.0290992957147001 -0.259473727475231 0.330263291668597
-0.0064220663645377 0.0566977558036032 0.321332842173103 -0.154314438873649
0.0287231424290217 0.0214017071175405 0.35773435754155 -0.380927755760869
-0.00623685109115868 -0.0344944371745008 0.5232673688186 -0.324422849215166
-0.0505771693756775 0.00147964822476144 0.680932362379832 -0.51010650804397
-0.0156042910139703 0.0122551098159084 0.524404055293356 -0.578338759703946
0.0168701654291497 -0.000984977116051487 0.308679392477241 -0.465920427689733
0.0356523249132239 -0.0125345276295074 0.148187801435783 -0.23004777202981
0.0327699908658188 -0.0240226756637046 -0.0384611020882228 -0.00404897888390788
0.0260754828071782 -0.0228017363124857 -0.15755244093318 0.226310383193386
0.0244990249807362 -0.00266854859267617 -0.316122336570482 0.443728631975306
0.000528028109429635 0.0436446038161029 -0.41668127254886 0.616800759485918
-0.0777589240899076 0.0371096482742137 -0.496037926405625 0.660352201479064
-0.0678892825303268 -0.0294880014623989 -0.459508586087502 0.526142492411458
0.0124123670557792 0.0120224716704833 -0.348608192772208 0.441821821988671
-0.00616483120068667 0.0563900846135374 -0.269584465981036 0.311112274795992
-0.00262697187249478 0.0697555018816371 0.311809813460615 -0.187093946750283
0.0366190734516465 0.0174060110234209 0.342773137049528 -0.383432398704395
-0.0135560670645574 -0.0409572728419359 0.508879185496486 -0.381804259880608
-0.0594348146979152 0.0107298917327424 0.615923436006404 -0.570590586691592
-0.0130128199543072 0.0204427700071031 0.474218105133043 -0.600141853985324
0.0232065525123537 -0.00234440744658377 0.294799825849422 -0.477259932160589
0.0384659738735968 -0.018953550591886 0.154678064237686 -0.241757509658776
0.0379795322044103 -0.0294430753474881 -0.0286672842391963 -0.0149730259169234
0.0316149382603666 -0.0275820143633486 -0.151447429383736 0.212307275929632
0.0301489554114931 -8.99430833078971E-05 -0.326184918319679 0.42601440023259
-0.000804979222206424 0.0517371376792074 -0.456043416643994 0.594806337835227
-0.0908146258876974 0.0350235769813331 -0.560251283814787 0.621265379288173
-0.0657407223767424 -0.045392727631056 -0.498062276498937 0.480318492298648
0.0221280902035048 0.0186018211587399 -0.360070079890779 0.424507395989587
-0.0136928585824502 0.0727307125886237 -0.283430756200972 0.290513698718947
0.00553462533577614 0.0662809342334107 0.298852822122554 -0.219310511281747
0.0377496869513365 0.00751848375853996 0.328622835649715 -0.383404148369893
-0.0212778407313279 -0.041053714244076 0.487426622018926 -0.439357708864246
-0.0584539385435465 0.0185041928546275 0.544678589118936 -0.618659215863918
-0.00927373117776312 0.0218036805270002 0.42330384072317 -0.616498430870088
0.0230793054252381 -0.00591750868278006 0.282274875694212 -0.489399230997075
0.038499873964069 -0.0201353434688104 0.160678826741549 -0.25600184296105
0.038082300527636 -0.0305248682068795 -0.0187037112720877 -0.0265243939425328
0.0319585158437673 -0.0269409389118326 -0.143439040576793 0.196956499152511
0.0318535099332019 0.00312290960995386 -0.337016441436807 0.405243221201057
-0.00678976062099229 0.0548344533872219 -0.495213121100268 0.570688475292146
-0.0983755117056727 0.0257913181341523 -0.625437631983489 0.574381587525832
-0.0579820417763886 -0.0548711753952433 -0.531976447879355 0.424107240419493
0.0246351233031452 0.0270570400822575 -0.369682356097041 0.410654534126036
-0.0244395095527967 0.071668574646635 -0.295107280428068 0.267562411935356
0.0144561385146718 0.0491498437015235 0.284208212599815 -0.246470366721648
0.0290901211578401 -0.00174043805206783 0.321428355054007 -0.384255530029088
-0.0265607465834937 -0.0347744271596803 0.459580127149067 -0.491935384499751
-0.0505629722968144 0.0205779732529816 0.478565347600217 -0.655945599709641
-0.00729262042757256 0.0158836966865995 0.382003136724598 -0.627406577531864
0.020633808345269 -0.00810437362763372 0.272070223489895 -0.500629368353013
0.0328974825671267 -0.0191250610983375 0.166153242690556 -0.267618028181191
0.0330989906283097 -0.0275280164525082 -0.00810367277143096 -0.0372603612623601
0.0272876736540676 -0.0238246158448319 -0.135416263377859 0.18613409621774
0.0266923310551828 0.00522083157425174 -0.341427377693925 0.389888843925933
-0.0122917521930696 0.0505473480024265 -0.532525216484209 0.548057769452724
-0.0950796680915038 0.0127124084370537 -0.678795601822202 0.527966292217487
-0.0457671079694774 -0.0551528583612282 -0.556164681788441 0.374758359213006
0.0198003074971083 0.0315285963035353 -0.377517370796006 0.401379394656259
-0.0287472387504926 0.0552212293879024 -0.306402171674797 0.24632944181687
0.0381847398407454 -0.0754756307800152 0.317785208305351 -0.143402232684822
-0.0237340845618278 -0.0229075184532901 0.371739759815116 -0.358700623673287
-0.00250224162749704 0.0151705994284639 0.538258090656721 -0.269444366532302
0.0195510365481198 -0.0181903213931343 0.730958918108591 -0.443091589834359
-0.0177632416042947 -0.046851257830662 0.572665359829825 -0.538468981901139
-0.0250998113221536 -0.00847198875513038 0.323458125392753 -0.451050530495877
-0.00502492047432789 0.0201453759474246 0.141679415436125 -0.221390866599879
-0.00929816779212759 0.0167273572661926 -0.0451671851378097 0.0039110004513456
-0.0168048790843843 0.0146384373202457 -0.153686585689461 0.237827719488365
-0.0221807288320592 0.00305604006326502 -0.284357405678398 0.463083114603962
-0.0184480735746231 -0.0115148686641232 -0.346343615568225 0.644712489002295
-0.0102547191260616 -0.0125610502996534 -0.405271844968928 0.716691699736503
-0.0318038893747826 0.0255028160071669 -0.400117608298664 0.588396093404124
-0.0418725292495364 9.24709303929839E-05 -0.317920769943545 0.469158304609416
-0.00708915478351442 -0.0844645237925678 -0.253116748984519 0.353648821064919
0.0273400411193632 -0.0412499788263042 0.319954040548807 -0.123146014452903
-0.0121206197998152 -0.0140958944033495 0.377863710504238 -0.366921475836796
-0.00442227005186044 0.00437901290994119 0.534179927724263 -0.251265390835391
0.00240519905874448 -0.0124771536427779 0.752109873504989 -0.423020750334016
-0.016526094330282 -0.0328703277325209 0.588173699063672 -0.535897086842589
-0.014783884243472 -0.00618040573329819 0.324737361199914 -0.447778175914104
0.00511310126617369 0.0112464967810484 0.137629493310906 -0.217029177786473
0.00139846446011271 0.00688851899331999 -0.0485155539665183 0.00824240716847839
-0.00566985490940084 0.00590977343178056 -0.155205991134248 0.24276830090617
-0.0107320444437086 0.00283667736397935 -0.282053778531602 0.469844005422467
-0.0136851680240097 0.00231284670137322 -0.341324428459377 0.646770944452437
-0.0252778991713079 0.00105692250417055 -0.389534310028214 0.717405218014592
-0.0408967908564757 0.0155450208093821 -0.387791117655812 0.598362230334695
-0.0289100992138442 0.00492810276411898 -0.317342554859562 0.471826660741325
-0.00707826225947641 -0.045773022575656 -0.246152273386263 0.35195234365051
0.0119321856693481 -0.00388779248782811 0.322801602235708 -0.119732348618266
0.00135604498152831 0.00101115214361747 0.377529070343215 -0.374159776850547
-0.00326267756860647 -0.00916866338383886 0.531315765429095 -0.259010258149972
-0.0174076527014621 -0.00873773237716635 0.747934268568851 -0.430914004061886
-0.0170419982435727 -0.0171170396089221 0.583652348090264 -0.542817385160135
-0.00297904266349238 -0.00383322458151807 0.321687144075123 -0.451859376491512
0.0170468166332486 0.00328144857078896 0.13641990134509 -0.217455323209692
0.0124940689481854 -0.00516081404308617 -0.0487889707456866 0.00896686218901186
0.00584774817088381 -0.00538699919586599 -0.15779742500051 0.24290433016632
0.00233216903355973 0.000170211083597217 -0.288036045031986 0.468121585089207
-0.00590064102078332 0.0161022391752931 -0.349274307451211 0.643435207451467
-0.0421679918160948 0.0164622401572714 -0.396719478119011 0.709809273531028
-0.0510926140396552 0.00249451981094607 -0.392285073183924 0.59211199868826
-0.0155910865145538 0.0069805876591891 -0.319230127674593 0.469040682872801
-0.00423922730760998 -0.00705930481170285 -0.248503789876298 0.344852284047936
-0.00120106710663322 0.0298593087974145 0.321968378668467 -0.130590167233756
0.0153037922446681 0.0148103035258358 0.367785393919614 -0.378179285698888
-0.00293319182628149 -0.0229531459554017 0.525572282374018 -0.285434580228258
-0.0359720376853478 -0.00448575377815076 0.720658585198246 -0.462267884261821
-0.0176294407582574 -0.000663589204373205 0.558826951493012 -0.56142186766875
0.00825580036621341 -0.000855497776987142 0.312036150108264 -0.456517841292673
0.0267330392503326 -0.00609667563282251 0.137751277635087 -0.222825305098249
0.0235819884959494 -0.0151127764755364 -0.0453759701333179 0.00474118507549477
0.0172229538874347 -0.0145810791039429 -0.155640260593336 0.236565226508263
0.0139935845787915 -0.00180172377949898 -0.297366662153127 0.460032364662925
-0.00111170879274673 0.030737420836139 -0.37200330620691 0.635056411870114
-0.0604627248295804 0.029383818791832 -0.431587628049266 0.69457461783671
-0.0612861289540796 -0.0112879101485357 -0.414730306276145 0.569898657956522
-0.00106981762358688 0.00903562394472738 -0.328878017034778 0.459914996038138
-0.00385685006456785 0.0277799595101218 -0.255350263130338 0.331230298525945
-0.00596801308977024 0.0556912663827742 0.31792009803307 -0.157591693037227
0.0285463740777926 0.0203724779576306 0.351966017878487 -0.383761113469334
-0.00588307692704199 -0.0332033313216748 0.518589208883805 -0.331082724346126
-0.0502757448806138 0.00207790652989131 0.672382868490172 -0.518219606005731
-0.0170660444766708 0.013008976034659 0.515025142421679 -0.584217138455211
0.0166948992574127 -0.00131830677305947 0.300557815013527 -0.467204820506821
0.0354355641529666 -0.0130318940729431 0.144409435732447 -0.231342504548642
0.0320206728378931 -0.0238944249511586 -0.0389926692286561 -0.0036299643949488
0.0252548737198142 -0.0235018192653747 -0.153894672476331 0.226018590304737
0.0246167952509591 -0.00253636284884755 -0.30746976392377 0.445009418451637
0.00151404901691113 0.0427974764901291 -0.406287752496567 0.618914539871211
-0.0771330940005092 0.0378787301197668 -0.485696247231096 0.66304233579658
-0.06713071113847 -0.0274082821655442 -0.45056507099925 0.531253422763493
0.0123940536553505 0.0119160681567934 -0.340922464288121 0.446523789461134
-0.00637304824791751 0.0560734383861861 -0.265293326486003 0.313735643497502
-0.00228273092580884 0.0685499197304652 0.30942902541515 -0.190079449947039
0.0364557996266981 0.0159671473805509 0.335418996222735 -0.385963949173468
-0.0128333461122018 -0.0404453750101949 0.503016449737347 -0.387606634045952
-0.0584564669554125 0.0110843309736881 0.607552850443633 -0.575711359749781
-0.0130865327346071 0.0209773140395559 0.465904321306827 -0.603953584159105
0.0221598457473376 -0.00253563792622 0.286814256255469 -0.480213267517515
0.0384087539456483 -0.0190866162247162 0.150671911612126 -0.244641991125547
0.036967192797065 -0.0305151409302704 -0.0281529263710124 -0.0149083937551868
0.0314066550239823 -0.0278372837108193 -0.148469831782995 0.212779426074722
0.0306347253074456 -0.00111046221289743 -0.318321290744274 0.428154127323692
-0.000572810654027082 0.0513125580927318 -0.446027252936618 0.597873567751155
-0.091551374284425 0.0364005020033949 -0.548087180043315 0.627054915519659
-0.0665278842116244 -0.0432670500080353 -0.489072244745562 0.484376891680813
0.0224023142316946 0.0180961490405821 -0.353990010073616 0.428084170480395
-0.0133035724573042 0.0714596785757318 -0.277223052159187 0.292165061604647
0.00606716389003033 0.0656164773024872 0.295192396667124 -0.22273634548926
0.0372070413448217 0.00700845432860905 0.32316297975668 -0.386260328123505
-0.0216508980379011 -0.0400375841914789 0.479083312428508 -0.443656413927211
-0.0582519037853828 0.018986589545158 0.535820105768778 -0.623737061288969
-0.00970148180499911 0.0217498665700358 0.413020637839116 -0.620772049492959
0.0239265712533143 -0.00566108763784863 0.273913094297098 -0.491122507459889
0.0385007409776947 -0.0210862285495701 0.156281062420604 -0.255959227973931
0.0372733979858256 -0.0315344085906952 -0.0181371577930748 -0.0260035447935518
0.0305729397887129 -0.0273237248081648 -0.140262364988006 0.198934588681594
0.0315545058795859 0.00263452552488417 -0.32707285579959 0.408256555494124
-0.00570812199197526 0.0543776309689805 -0.484775949266164 0.575177584341947
-0.0977609725487269 0.0273792836374425 -0.614387989687484 0.581731783578135
-0.0580977327141499 -0.0533895980880265 -0.525151112703306 0.429164004093031
0.0246286729560447 0.0261590154346189 -0.362755988590786 0.414762851343913
-0.0234470620767158 0.0719218538273547 -0.28941548142259 0.271063059861899
0.0139310404850481 0.0482182161293409 0.280873193188367 -0.249455565973754
0.0300380724941474 -0.00223703610286966 0.31724574664787 -0.387477391792994
-0.0265717208477547 -0.0341571577976446 0.452184727567666 -0.496181042370704
-0.0495626632661613 0.0214573807899914 0.467675987609079 -0.660115087278525
-0.00737051425439319 0.0168991510350767 0.373605464711405 -0.630937864241961
0.0196077997903753 -0.00868340390098982 0.263419805976743 -0.501837858391255
0.0327149779018363 -0.0188160056445802 0.161426917302649 -0.269943211686982
0.0327522711882153 -0.0287219714127502 -0.00907865390448005 -0.0364322845635963
0.0273914124647916 -0.0238909989685095 -0.132217880913205 0.186299340910084
0.0262857110798544 0.00534470064824425 -0.336642214720736 0.392579518059728
-0.0114527559514688 0.05051077031627 -0.521672264403683 0.551958405981912
-0.0947756302076841 0.0141818459946161 -0.669622527145578 0.534782944813363
-0.0458159947816955 -0.0535133913831415 -0.5476286988764 0.380530848672473
0.0201246145220967 0.0310010007227442 -0.37275178584928 0.405021608320868
-0.0302393404044001 0.0543620394594393 -0.3015696253822 0.249970375783944
0.0366862243905685 -0.0765138886180572 0.315085468283693 -0.146515942206885
-0.0236090854931294 -0.023454736528266 0.366850006979431 -0.362295192157245
-0.00180725475215613 0.0155784614753619 0.53225121009331 -0.273416901797087
0.0190149327803031 -0.0175644803295623 0.723762130131987 -0.449415961324615
-0.0191403108753624 -0.0459712180836262 0.562920445880356 -0.544469509445622
-0.0262157432392347 -0.00770389718553871 0.315684944137407 -0.452939530147989
-0.00510866918722762 0.0193901404246934 0.137697947998092 -0.221526722689026
-0.00855092474187185 0.0171923089411998 -0.0442670859183376 0.00322580260812269
-0.0161911560386616 0.0149409216902322 -0.14868813021018 0.237903664126985
-0.0214890107313028 0.0035915557985857 -0.275489588633522 0.464765809183473
-0.0194084825104587 -0.0112771004083505 -0.336014913243001 0.646428572764806
-0.0109491419760965 -0.0120954823846078 -0.393246427866351 0.717991945205658
-0.0314490353326598 0.0262814436426546 -0.392549737805777 0.591482065921772
-0.0418495711571867 -0.000151434702309144 -0.308879106574151 0.469721857331865
-0.00836101404981593 -0.0847257189106448 -0.249048769374185 0.353565627669086
0.0265081301362252 -0.0415015342128372 0.318218228929628 -0.126365140742962
-0.0122747319535482 -0.0140686613910489 0.373046463827019 -0.370126062996941
-0.0040206192397039 0.00422142974349748 0.532063860379299 -0.257529670422291
0.00222885743347275 -0.0125599601513866 0.742524702491864 -0.429063147539391
-0.017556589507995 -0.032487370196137 0.580073060607291 -0.542280661229216
-0.0154213967963136 -0.00596235345773046 0.31664910137008 -0.449076445505874
0.00596431814654065 0.0116060500090183 0.133564239586025 -0.217631616875179
0.00136726129892843 0.00605006750769089 -0.0482435065405571 0.00885934540773922
-0.00569552540158436 0.00637333992506583 -0.151597837637428 0.243301976546271
-0.0104462395966437 0.00266479615485759 -0.274350552887637 0.46937742485981
-0.0130298555748554 0.00208808713078063 -0.330130070937199 0.648374755364883
-0.0257409405348044 0.00154590571064382 -0.375933431866442 0.718884470546695
-0.0399851064701889 0.0160082940486608 -0.378533902405953 0.59968188178169
-0.0287841361860048 0.00475829873249078 -0.307860258695293 0.473742537720504
-0.0078198258394695 -0.0466185007628152 -0.241572712612448 0.353326816070149
0.0113103705204074 -0.00449699302853886 0.319360340268777 -0.122076609072004
0.00149103320810197 0.000689869106988765 0.372444285705629 -0.377332190673821
-0.00307290450459983 -0.00890065779886592 0.527857407699879 -0.263532775069452
-0.0164560295937478 -0.00848659237670352 0.738064353421001 -0.435853630613093
-0.0180554062116992 -0.0165096664827569 0.573570121718024 -0.547914374801929
-0.00426399611975273 -0.00352246595585928 0.313049418396985 -0.452991677607528
0.0173937148110464 0.00292375603766629 0.132894666372841 -0.218169326754669
0.0128584333938557 -0.00511447157895477 -0.0485161894610822 0.00941355425127157
0.00601772127771615 -0.00487786281663702 -0.153800220551091 0.242619717390977
0.0023441138401581 -0.000227432130922311 -0.28077802262691 0.469855365282915
-0.00667280404343154 0.0161866528162595 -0.339489905085692 0.645165573149325
-0.0422192204743178 0.0163740294247248 -0.386376324106524 0.712551217032601
-0.0513020837127338 0.00400014753457199 -0.383227523925699 0.593490547143708
-0.0148827632164458 0.00678052686306471 -0.313452695597791 0.470704331293838
-0.00549462367678891 -0.00721995233803563 -0.244042407556646 0.345983774693569
-0.00168050227189938 0.0296065565125058 0.319027931501108 -0.134659248075949
0.0158951558667398 0.0137931268322751 0.36198991613754 -0.3827848953494
-0.0025252295739044 -0.0215283902627432 0.520628948496538 -0.290821920614972
-0.0357994410137605 -0.00463519316186024 0.710937004532 -0.471128652901769
-0.0184389098611892 -0.000457023432161371 0.549094181461716 -0.56504000536557
0.00705289663925734 -0.000848787059382328 0.305105683808731 -0.458775670368381
0.0278402206389576 -0.00676827747881033 0.135253307088718 -0.2233933874706
0.0233853951814979 -0.0158483629609752 -0.0445685807214465 0.00487604247050515
0.0167552138733714 -0.014943621246999 -0.151827053702961 0.236441864314061
0.013795978094977 -0.00188098939787481 -0.288172728591233 0.461830934145559
-0.000788347285403047 0.0305603754822733 -0.362316768681372 0.637238294637278
-0.0599352223671159 0.0306080388203901 -0.419539335831335 0.694620587479582
-0.0609622404367024 -0.0106262087889796 -0.404910249114302 0.571591570037118
-0.00129311275653735 0.00824920560847284 -0.322322070687594 0.462008829736055
-0.00404612294208726 0.0272463416557586 -0.249042096846217 0.33300845918461
-0.00604863761669597 0.0549350182043956 0.314412743543202 -0.160731547354595
0.0294404117516315 0.019271632578173 0.345653045863217 -0.386704450935341
-0.00586222328234051 -0.0329568363153372 0.511023785621482 -0.334810185648814
-0.0505254972184389 0.00278725410965537 0.661691164289967 -0.522248934823923
-0.0162044760290123 0.0137004234570776 0.506427065757672 -0.586262324874436
0.0168362455325951 -0.00143502330381376 0.291560429880183 -0.468914558481615
0.0343486995204068 -0.0141565111141757 0.140524575657972 -0.231642764948811
0.0315952860248863 -0.0240265870899365 -0.0368625748430676 -0.00379582561349231
0.0254015077365352 -0.0234484507649103 -0.149649305853717 0.226684106824007
0.0239774856897022 -0.00212279748185506 -0.300092803620621 0.447819995281974
0.00129307042860621 0.0425238272297048 -0.39574238080204 0.620374059075141
-0.0763457226191564 0.0391477704391159 -0.473341322187408 0.665787399856379
-0.0675361747639146 -0.0263568944320588 -0.44271663426479 0.534534645097199
0.0123793509648057 0.0112469696091663 -0.334004999812983 0.449368832152954
-0.00670116902665636 0.0551333368951286 -0.261125553042868 0.314855599477469
-0.00231321502889128 0.0670644117546338 0.306505853502306 -0.194170473237231
0.0366908634449396 0.0156807624140577 0.330950644117264 -0.389161186185854
-0.0131948907281362 -0.0390251452080032 0.497265274834148 -0.391066476894186
-0.0584343751206845 0.011270915145029 0.597906317794061 -0.579717499599482
-0.0123946505554409 0.0217261383198968 0.455329484908122 -0.609019444544344
0.0213848311940658 -0.00286200013626224 0.278443744333987 -0.480721550673904
0.0391158134100268 -0.0197093710917624 0.147021652919706 -0.244132661269394
0.0356540809068538 -0.030837070928416 -0.0285853337650774 -0.0142149229909827
0.03060429586848 -0.0273266952846095 -0.143855090091524 0.212538898574305
0.0305605802380169 -0.000811573709025231 -0.311562735571534 0.430009626250659
0.000815571593710887 0.0509375675993639 -0.436397156212019 0.600049198179736
-0.0901073401777444 0.037594730891072 -0.536640938235763 0.629911837256581
-0.0664047642998098 -0.0423258433496314 -0.481800935516584 0.487402619674208
0.0217868926071002 0.0162290202859105 -0.347815636707191 0.430018346057175
-0.0143727476646898 0.070923015443426 -0.272901122583888 0.29518715560404
0.00600311636843026 0.0646614139542312 0.293340269932875 -0.225303131916188
0.0371928828836673 0.00613979691479941 0.317661960877695 -0.389480860829507
-0.0214022077182707 -0.0400648595833453 0.472788673638689 -0.447838560376117
-0.0572950521641011 0.0196295029179333 0.524533863724148 -0.627936545522602
-0.00868459967577078 0.0226577591440722 0.405148663614268 -0.623492740119265
0.0227840972492729 -0.00517545572059616 0.26542999956984 -0.490872888000806
0.0376927532537593 -0.0213632385901682 0.152711979125589 -0.257650229282547
0.0361318905214814 -0.0318247882662362 -0.0185751587443682 -0.0257550202490545
0.0315165227316096 -0.0280382623156009 -0.136785410868477 0.197780132333598
0.0316806447068067 0.00214325959087522 -0.322028752830157 0.410480852068219
-0.00482567898500671 0.0546682674848109 -0.47697532759506 0.579945724649715
-0.0976882017279744 0.0281669688725516 -0.602502128313653 0.584704739004728
-0.0575828260370927 -0.0517553876444439 -0.517015537464102 0.433644047710653
0.0256397036669655 0.0252433622511526 -0.358114363106785 0.414922004126002
-0.0233783876205789 0.0707276820437287 -0.286380484227289 0.271396127360539
0.0145236800800553 0.0476477569122415 0.276282870258071 -0.251251319792709
0.0304327602529847 -0.00294046686715396 0.311310727409424 -0.390180254003177
-0.0259589394390121 -0.033621434183569 0.446528149034955 -0.498990993935105
-0.0491875359494225 0.0224110415898246 0.456287847229401 -0.659886745988796
-0.00758502442814777 0.015795143297449 0.364386838859452 -0.633458435602075
0.0184920600882505 -0.00838662372089316 0.256267100315229 -0.503842537347681
0.0331094645663401 -0.0189630036239152 0.156627805099689 -0.270267429763471
0.0319109287443079 -0.0287017593383581 -0.00925237675788216 -0.0368856311638645
0.0261124038947994 -0.0241864923767006 -0.128593880808356 0.18592913192468
0.026165265284942 0.00465893738136657 -0.328182559097658 0.395081751866639
-0.0111682094450547 0.049646379841455 -0.512378028552375 0.55726865813671
-0.094492132181562 0.0151993925594013 -0.658940714243132 0.540694176500415
-0.046215477292953 -0.0526768533012173 -0.543198689308507 0.384486378538981
0.0204832344179919 0.0306818830644027 -0.365523369848656 0.40755197231759
-0.029858449551127 0.0540691983394674 -0.297520515444779 0.252319786749325
0.035259276256166 -0.0774967441644684 0.312569129070941 -0.149160728044523
-0.0243537810998963 -0.0243588583147379 0.360795974347834 -0.364157528471415
-0.00202191499408814 0.0161526859406839 0.527883290287309 -0.277066093176259
0.0181492074659408 -0.0181343644658407 0.716132147214329 -0.45374515115706
-0.0196350533119599 -0.0449210433795368 0.556205563909143 -0.548302626522684
-0.026302617526204 -0.00767815662410829 0.307912905026782 -0.453440463093262
-0.00397798894651473 0.0193741765664705 0.134105712402289 -0.221805149995749
-0.00868392900318344 0.0164084032704854 -0.0436304519461558 0.00405396961577483
-0.0165650213726585 0.0147566056759368 -0.144496613478968 0.236590766381965
-0.0218133890074077 0.0037480708037281 -0.270227192476859 0.463213647083731
-0.0190355110668992 -0.0108168269037769 -0.327056662098258 0.647744734767291
-0.010673569354619 -0.012139136416293 -0.382320979486118 0.716171563613437
-0.0303030317056556 0.0266628697221727 -0.383570405330076 0.593284427892815
-0.041464062264702 -0.000618152273388985 -0.302928054530309 0.471904981297524
-0.00981985929498169 -0.0850725883319197 -0.243587287640988 0.35338092197914
0.0261706319977003 -0.0421269347352504 0.316544931838663 -0.128791828211078
-0.0115414119571592 -0.0150800215519208 0.368074340714822 -0.371990830689305
-0.00348211727315403 0.0045862452552735 0.525432043919298 -0.260794989692158
0.00216402753406553 -0.0122494932993092 0.734505100700638 -0.432093837033303
-0.0181360480444944 -0.0322307132488229 0.571227201989497 -0.543049372689741
-0.0160274867583637 -0.00611813404414906 0.309360987638282 -0.450004684415861
0.00671299475935799 0.0115416577841916 0.129963107137434 -0.217326094332706
0.000693456666062167 0.00662149222657763 -0.0469062933333297 0.00843512880972678
-0.00576106359750564 0.00575983308046477 -0.147681460078348 0.242450124936516
-0.010505189431773 0.00295343980277985 -0.269864531892467 0.46976756507181
-0.0134211808491058 0.0017810207100278 -0.321938819842402 0.649159748786039
-0.0257230028364718 0.0012532879533245 -0.365625651283376 0.718616804482605
-0.0390276061838021 0.0168245156396056 -0.371511645856006 0.60046080483981
-0.0291981284424368 0.00368073151994544 -0.301815182285416 0.474433108347771
-0.00862903623568795 -0.0470418357833255 -0.237312672093433 0.353959548990003
0.011005458705321 -0.00559863002446937 0.317615295593059 -0.12571229367233
0.00195700828789201 -0.000281726688973823 0.367434066716034 -0.3797047851267
-0.00248319706076403 -0.0091410258988889 0.521090191343294 -0.267151443760925
-0.0167857004253737 -0.00835908037660289 0.731008526038654 -0.442823817288157
-0.0190482429722026 -0.015612534338042 0.5675416403013 -0.550889228102771
-0.00408296431243364 -0.00312635757137987 0.306930269159074 -0.452914821754429
0.0183836968211611 0.0021399335224468 0.130016723951086 -0.218129931545542
0.0126933591389036 -0.00584207725461269 -0.0483404570198741 0.00934626441281236
0.0059523290843317 -0.00484747255159903 -0.148922088487212 0.241634330043499
0.00217388901405674 0.000487139794026906 -0.273328490843298 0.468821072516586
-0.00627469974043242 0.0166835401063829 -0.329433481978842 0.646601026110365
-0.0426114667464596 0.0169733693566439 -0.375441548599691 0.711549595584874
-0.0498345225529827 0.00434508501229603 -0.37626921905859 0.595394452899314
-0.0153002054234017 0.00597422131872778 -0.307527061813927 0.471729352320586
-0.00615106672226194 -0.00729555180198887 -0.237499138274796 0.346114235908074
-0.00172575424094598 0.0283347661311315 0.316516884903827 -0.136275213029015
0.0160825121718906 0.0127281750826455 0.356552522269096 -0.385484844967407
-0.00237813813966224 -0.0214589373820403 0.515303810165882 -0.292876769980612
-0.0350311504302425 -0.00419830804856822 0.703889711666924 -0.475407909979587
-0.0186031224550556 0.000203985549322209 0.540521692768767 -0.568880426822407
0.00681316063356051 -0.00131800747781248 0.296305873030444 -0.458720582429708
0.0276676665920739 -0.00610614022329623 0.131899978789052 -0.222536117354775
0.0236030935650875 -0.0158436279194032 -0.0447768362010865 0.00437406933909304
0.0165970134541184 -0.0156690066342095 -0.147934690442563 0.23645898890369
0.0141076872242389 -0.00166061225892227 -0.281949912422507 0.461159787268649
-0.000856840638516626 0.0293150242746738 -0.352964687426036 0.637213946118757
-0.0590267177455974 0.0316400557409884 -0.408765106256522 0.694469861891621
-0.0603152523704602 -0.00995897932900349 -0.400053887632317 0.571615205840468
-0.00173676515878964 0.00691553499066683 -0.315871777689822 0.462327809785528
-0.00464346557816377 0.0269153485513121 -0.245312461255226 0.334338048573465
-0.006589232786814 0.0545164305558844 0.313589323137474 -0.162838009762485
0.0295556647326608 0.0180565549643946 0.340050880801052 -0.389166230616068
-0.00582174954769329 -0.0325029664401383 0.506793890687395 -0.33742217461271
-0.0498585940900526 0.00354099838363777 0.655921487873916 -0.528602841304712
-0.0167415102685246 0.0132686407472588 0.497471431079174 -0.589478152463996
0.0159472460315098 -0.00150877173746135 0.286023826112954 -0.469082274885482
0.034749588870125 -0.0140329289413706 0.136306142612814 -0.231994264363337
0.0306643202053836 -0.024259264266734 -0.037525418849668 -0.00298560645836061
0.0252459865996396 -0.0228360819555013 -0.145071061863584 0.226045903001191
0.0241674240803164 -0.0027780043392564 -0.293233087335514 0.448594236249036
0.0017800827186352 0.0420778296218447 -0.386503911824759 0.622731354824753
-0.0756923170626248 0.0393410661226583 -0.461884420981763 0.667266400944249
-0.0666217677958182 -0.0255041321813022 -0.434170546050465 0.535849520250298
0.0131676904401877 0.0101413337358609 -0.326999780315377 0.448622084234728
-0.00698572431721921 0.0542010460588696 -0.25684832136917 0.315347429415568
-0.00225751328932356 0.0661929678126622 0.302964647361012 -0.195577032457138
0.036745975773579 0.0150790663914324 0.325792078416308 -0.391934063389969
-0.0134252006193788 -0.0389712686011332 0.491356675257073 -0.394911318917192
-0.0572335946317562 0.012312512330871 0.587996256166551 -0.582935298359767
-0.0128778467967889 0.0214864214878135 0.447633130814233 -0.609241589994153
0.0213903799972789 -0.0026696174968905 0.271120997050272 -0.481378924816043
0.03878244029226 -0.0203656665491219 0.141970156777789 -0.243917154044822
0.0355167065498043 -0.030752293993513 -0.028637312005086 -0.0147814227743116
0.0303079906097772 -0.0278679460662135 -0.139752730218766 0.211977149771797
0.0299859497212427 -0.0011502121696152 -0.303698260989732 0.429811272379804
0.000524295002100834 0.0503837577012688 -0.428408938412181 0.602258566794437
-0.0890965901632438 0.0385164395449659 -0.525410131202658 0.631756255692616
-0.0659414151782695 -0.0413352423936554 -0.475239099264803 0.488730659573179
0.021808594251022 0.0161587522915165 -0.34157789440021 0.431923995177225
-0.0142877131659803 0.0706221035064092 -0.268202734169869 0.295192689443703
0.00684231274368452 0.0633199623327437 0.290455593033368 -0.227075578431207
0.0375978152559322 0.00530840726648131 0.313819107850642 -0.39187530457061
-0.0215469109469605 -0.038758248497507 0.4664287945836 -0.451515038286591
-0.0568469365661783 0.0208636349091925 0.516088464501819 -0.627817731284231
-0.00982355234699378 0.022148979112829 0.396119018354132 -0.623177234617586
0.0221020402851315 -0.00578528330485014 0.259125071102179 -0.491537034849753
0.0375624070050286 -0.0217532616515891 0.148496186217175 -0.256672319301053
0.0358797611952092 -0.0324677211930224 -0.0174794900035239 -0.0252032535896403
0.0291043194086715 -0.0278139604006649 -0.133052963076662 0.198166887844136
0.0306303790797978 0.00190996417385106 -0.315430271576636 0.410558463658866
-0.00384439169480143 0.0541922808742057 -0.467891557976299 0.579416502521008
-0.0963831753737448 0.0294967636503705 -0.592521716077393 0.58815803425236
-0.0570592095189632 -0.0510671349522811 -0.511662812775306 0.437379994708276
0.0249068253860198 0.0241700794477396 -0.350969183847021 0.41834679031418
-0.0248775872238707 0.0706167046555764 -0.282277032548347 0.272862744628347
0.0144438810216575 0.0464497072751521 0.274004076485899 -0.252884003661806
0.0298918978464599 -0.003526410157516 0.306117700556898 -0.393309297365567
-0.0258441134724878 -0.0328220674681681 0.43805803935492 -0.499513971682967
-0.0496310253583341 0.0224053734473166 0.450211299499868 -0.663392332400026
-0.00790309050009966 0.016526681287829 0.355619108735926 -0.634864388475594
0.0182566072666769 -0.00861285863062701 0.248039476066572 -0.502570339415145
0.0329162023824178 -0.0201815736445108 0.152236201501204 -0.269463757878826
0.031143459824627 -0.029203447234966 -0.00848255033796376 -0.0366099136969572
0.0263249612673326 -0.0241037686239052 -0.124872677054544 0.18602167968626
0.0268784629331132 0.0047574822702968 -0.321806697002554 0.395851933140746
-0.0116222183982174 0.0499193320104215 -0.501440951013458 0.561110485098942
-0.0946148820736794 0.0159332596003511 -0.648498086968226 0.54277467717037
-0.0453339706607799 -0.0518616924227073 -0.535011317007669 0.388309501738344
0.0195889076381944 0.0284007611475715 -0.360868922928838 0.409967337432274
-0.0307790536473494 0.0530450808249253 -0.294204367921971 0.253105475456367
0.0350055370554749 -0.0773836225578711 0.310478636835123 -0.150274606094901
-0.0234135861287564 -0.024376030072641 0.3572477627436 -0.365436090185278
-0.00145539067442445 0.0160514285003692 0.522727700842548 -0.280433511737064
0.0185643791388873 -0.017509658024924 0.708195091195665 -0.456761755637645
-0.0200054606487275 -0.0451124842120858 0.548076821719586 -0.548663743345171
-0.0266596996532748 -0.0063190050842748 0.301777244318636 -0.453075148948249
-0.0031655342698865 0.0193017748379327 0.130809385457024 -0.220879098734427
-0.00942560849516763 0.0167256732557611 -0.0434769932608405 0.00498970551822662
-0.0160649868902279 0.014580444474908 -0.14119889145444 0.235606171777395
-0.0212840917146823 0.00376961968452584 -0.262567207227278 0.464120562387847
-0.017972358987366 -0.010794344688444 -0.318462643780505 0.645881946421821
-0.0104554136225075 -0.0112751516654133 -0.370035301416174 0.71575692483236
-0.0302102524389309 0.0273654936984525 -0.377175183424255 0.592684486851072
-0.0410810895555216 -0.000801592060131067 -0.296038112410663 0.471546744982344
-0.0121928662906609 -0.0849450850654623 -0.238568342008507 0.354197507669469
0.024463721660749 -0.0434878831228973 0.31391786276352 -0.129629775789462
-0.0116135726717454 -0.0148114897475006 0.362387150061104 -0.375212811096231
-0.00315953544479625 0.00428810897768669 0.522217156457439 -0.264375907120276
0.00237506636040705 -0.0123272214622685 0.727127682167004 -0.437636897458679
-0.0181662822522809 -0.0309211042999091 0.563782622039155 -0.544955303211715
-0.0158566776922723 -0.00517182141504833 0.303085004164583 -0.448999843953518
0.00677047052250832 0.0113537266103076 0.126198191553837 -0.217392884567729
0.00116729408220846 0.00539969895639897 -0.0475943361194145 0.009281063097416
-0.00535479536517178 0.00608577175216635 -0.143284907078564 0.24064091672705
-0.0103824096466176 0.00270845027878653 -0.26140530310528 0.468397560487663
-0.0133221184785362 0.00170747604450645 -0.312717367503217 0.648246174033205
-0.0264654692547049 0.00194686820810234 -0.352404249752027 0.717148560467652
-0.0377748130549699 0.0174337972000782 -0.363899017879215 0.59923694890962
-0.0280186574002257 0.00408048767437663 -0.296341895012612 0.473422077002744
-0.0106066840295254 -0.0465544275375754 -0.233268050623955 0.352443595506357
0.0105787091004187 -0.0065412980106475 0.315365478633185 -0.12760520300417
0.00168110514274122 -0.00177278737990414 0.362148340756163 -0.381386805920514
-0.00204589098573316 -0.00796902488465847 0.516421224048796 -0.270021969391937
-0.0165401155051462 -0.00819817678754727 0.723086704752019 -0.444257206035553
-0.018555196916418 -0.0156491301506343 0.559789817583331 -0.554478444748696
-0.00496190107071137 -0.00281879243234101 0.300280261195349 -0.451389966566019
0.0174822432017377 0.00141024709429372 0.126840703989236 -0.217390556813953
0.0123049805574452 -0.00563959129539653 -0.0477084169236329 0.00919309264685682
0.00545238083986879 -0.0047117742271498 -0.14517439090817 0.240919510043202
0.00184931004597616 5.608050784107E-05 -0.26698468278666 0.467968910344407
-0.00695652731490643 0.0163663285509039 -0.321086647143603 0.645633685205517
-0.0417906942688126 0.0179018558885446 -0.365094578622982 0.711008893858165
-0.0491596242035991 0.00577339645214457 -0.367751192593356 0.594289804903324
-0.0147163911237332 0.00562769617658455 -0.300381079087081 0.471599633990106
-0.00754012557725381 -0.00800168840121786 -0.23401212592098 0.347414007456474
-0.00187400524126867 0.0280134376645318 0.313743541714304 -0.138407906962089
0.0155970949069198 0.0122866189920526 0.353196738742218 -0.387493066581115
-0.00205542204469728 -0.0210665590338239 0.511885773126544 -0.29631834850062
-0.0350556968588628 -0.00357650207914092 0.694622171215522 -0.477860755785558
-0.0191595056229064 0.000812587035874561 0.532164193116339 -0.570081908139085
0.00695499499916563 -0.0013403275237279 0.290909653335517 -0.458792962848164
0.0282367553166141 -0.00715982913075053 0.128654594225333 -0.222313895672761
0.023168170707482 -0.0162900088528483 -0.0442976251262648 0.00553210494951973
0.0162360975800686 -0.0148221583492444 -0.144651653380782 0.235517996590096
0.013946106206665 -0.000999183223223034 -0.274968594554929 0.461070991995485
-0.00026932183458615 0.0301509730804096 -0.343797195794005 0.635574387065923
-0.059181265371673 0.0320499794886173 -0.397685476399353 0.694356504404225
-0.0594111086261232 -0.00797618787176656 -0.392151467565702 0.571470781967188
-0.00117629979177631 0.00676018081994445 -0.310676240316341 0.464963267535792
-0.00516070873471245 0.0272506219489503 -0.241047749794526 0.33439528047793
-0.00658255139411045 0.0533232520381263 0.310482669274166 -0.163496018235544
0.0288838250503786 0.0177391243855642 0.335767415510018 -0.391089553303316
-0.00592531749154202 -0.031802212724081 0.502289819166082 -0.339933553731278
-0.049650644245697 0.00430915838870415 0.646962876553602 -0.529202248800411
-0.0169100239093169 0.0134862063058764 0.491833755200877 -0.590688020823734
0.0154809479683148 -0.000981548792540094 0.277421793375336 -0.469397737791474
0.0349975714987892 -0.0144389477514273 0.1330824382348 -0.231950524289691
0.0308772707849232 -0.0258018636249 -0.0371559949132587 -0.00324497152015276
0.0241906945181066 -0.0233054753571561 -0.140916835094257 0.225430150599866
0.0243804520558837 -0.002589234030114 -0.28612166364255 0.446411985247133
0.00250274794214767 0.0426497231338286 -0.377280317255059 0.623107235099815
-0.0746362565013169 0.0401321989856643 -0.452690879698451 0.666142320631705
-0.0667023368825182 -0.0247905309519735 -0.428522526038952 0.535201170675154
0.0123488043744837 0.0102173760110837 -0.321859662958284 0.448999214714877
-0.00710448986568106 0.0542108080812559 -0.25271454132931 0.316141534523696
-0.00262213866485236 0.0661316506255192 0.300279296087868 -0.197071509304569
0.0376367908673199 0.0133950255139362 0.320142307976869 -0.391849861202956
-0.0130331331812226 -0.037875612283819 0.485620547267203 -0.397836667269313
-0.0567472162431228 0.0130346508728157 0.581656314818876 -0.585120282551078
-0.0128113796850953 0.0219350887088698 0.439273680806136 -0.609427784486236
0.0210684328127767 -0.00298122306089397 0.263922282320127 -0.480573577009981
0.0386128949327062 -0.0199914847422356 0.1381904516318 -0.243160878871475
0.035219265014214 -0.0310258775346121 -0.0277594412484003 -0.0138329846706453
0.0289736698426041 -0.0274793193932491 -0.135961038758264 0.211970825574241
0.0300273651894649 -0.00111944270248306 -0.298652311136957 0.432188145301011
0.00105847968112572 0.0499753086953275 -0.418028979848383 0.602822556403608
-0.0892512950625058 0.0394729535620132 -0.516154367844251 0.633410607549898
-0.0663546941272255 -0.039457078735061 -0.468126513008309 0.49123417370912
0.0220299824408493 0.0151966392155293 -0.333855963349159 0.432398262961545
-0.0143195761384762 0.0686801217766738 -0.264798349744355 0.297519198199532
0.00538649256532911 0.0624787219036205 0.286165302749443 -0.227777455250511
0.0373072512241269 0.00474617317770749 0.30699729738732 -0.392798051755579
-0.0217252693046216 -0.0375003301115986 0.461192289092199 -0.451950597845724
-0.0561243423939543 0.0205674722866749 0.507992544867855 -0.631363779697741
-0.00984165485187435 0.022431127480586 0.390861532990651 -0.624198537411765
0.022239743035812 -0.0058391196030382 0.251771322736031 -0.49071167730854
0.0375185357023701 -0.0220376982999202 0.144701273906962 -0.256578416891878
0.0356315918775958 -0.0324183603531463 -0.0177938625698657 -0.0256143751601912
0.0291677320607078 -0.0277030975780582 -0.130401368658212 0.197756349796137
0.0302157726128879 0.00264610271922352 -0.308510724444819 0.412227036728819
-0.00335494707538446 0.0532250859831079 -0.459391131907021 0.579509749159314
-0.0959942233099615 0.0306954746336588 -0.581356380546663 0.590146360198834
-0.0571743185151872 -0.0496724548599388 -0.504790125846061 0.438134001961913
0.0250817704028463 0.0223617055648841 -0.345785014280854 0.419748166816319
-0.0241154575884652 0.0703600680118811 -0.278129242466905 0.275316168194654
0.0135867364173362 0.0460653666548671 0.270403435506691 -0.253632377751485
0.0298722750709564 -0.00438850229391932 0.300472424702906 -0.393984284835755
-0.0258388064718823 -0.0317924140119483 0.431449111428047 -0.49985495380418
-0.0483197967017272 0.0227032643152472 0.441583976650508 -0.663360412367798
-0.00777098298729598 0.0175468631752463 0.346463592731089 -0.633159048868106
0.0180228210829994 -0.00872868719874571 0.240894764808847 -0.500472280221839
0.0320676209177854 -0.0200006845895502 0.147517809435328 -0.269818705072697
0.0312497359619901 -0.0302867305742041 -0.00870397820720757 -0.0369419703484604
0.0260792734695773 -0.0235843550264016 -0.121791511034971 0.18569215068258
0.0267308362487059 0.00488246025157853 -0.31583369990645 0.395732961065801
-0.0104893420106276 0.0490114991383224 -0.494874293023673 0.560817376602831
-0.093910029014675 0.0170669259224158 -0.638328351158055 0.546004960220241
-0.0461872380237018 -0.050846609463641 -0.530005838222623 0.389159450072208
0.0208062622654215 0.0284987052165881 -0.354372876786315 0.410371865358175
-0.0309695021625953 0.0530684929661116 -0.290542857316581 0.253753443002978
0.0344134699412629 -0.077533482942838 0.30751264822119 -0.151634714647944
-0.0238973327430161 -0.0247425484756536 0.353115904995268 -0.368008681033613
-0.000729105498979572 0.016248224760067 0.519558736832556 -0.283600074990423
0.0184848304676375 -0.0173840040088651 0.700861772927679 -0.460497485544049
-0.0212428690060423 -0.0437924158003854 0.541715840570514 -0.550326952370412
-0.0261080783057337 -0.00636940979681801 0.294190802669774 -0.451381545747436
-0.0031751696375042 0.0189320989379649 0.128282506964791 -0.220074732986902
-0.00999318902632997 0.0162909989295999 -0.0431720384590421 0.00424983747280137
-0.0151957596463008 0.0151022457083387 -0.138545350110715 0.235290280478302
-0.0215295460013598 0.00390038686862253 -0.257194881970371 0.463039756611243
-0.0189721297713327 -0.00996405061383828 -0.308741280933876 0.644509053767789
-0.0113149805777597 -0.011649661291063 -0.360567806452408 0.714131464410853
-0.0297306401072343 0.0273515901974636 -0.369424673570946 0.591896039039549
-0.0416937190377992 -0.00178457424802771 -0.291724887107257 0.471362816256341
-0.0127255357901549 -0.085123854958483 -0.235199990361461 0.354823397544083
0.0241640863338892 -0.0432497517813036 0.311726899506596 -0.131194144513066
-0.0123783256432054 -0.0156280203699565 0.358455446162859 -0.376151893223152
-0.00294445284638671 0.0054091676463697 0.518157213304447 -0.265819006572355
0.0028607308356854 -0.0118306244049954 0.718697550203004 -0.442821272170242
-0.0190442757603122 -0.0302685782313685 0.5566775455163 -0.547460335425644
-0.0157457383881642 -0.00477998148121445 0.297381188331665 -0.447937567913165
0.00770904111783267 0.0106612996682773 0.124395194741606 -0.216719113444356
0.00116376227187547 0.00553085977180321 -0.0471553447909082 0.00902329147487424
-0.00572924319568364 0.00563720188931888 -0.140054242038133 0.238918212495869
-0.010170155792614 0.00319610998654138 -0.254423683979576 0.466925978028109
-0.0132452371506202 0.00215627201788775 -0.303898636974318 0.647940733553186
-0.0268541225270648 0.00239875335863293 -0.345687570084508 0.713381652092635
-0.0380126838742972 0.0181587025598904 -0.35682448642662 0.598534537750655
-0.0291828583058577 0.00305590974550053 -0.289103117101929 0.47389494255399
-0.0118896964126965 -0.0471167238578754 -0.228719059650846 0.353184903581219
0.00958205672680752 -0.00698773279873705 0.311462865415173 -0.128612844423311
0.00160332984732274 -0.00146204287959313 0.359689087811049 -0.38307624810844
-0.00215423451818038 -0.00819937805516572 0.511512468714769 -0.271801396561852
-0.0166234464341785 -0.00704563902022835 0.716347672005194 -0.449020920057905
-0.0187705600835182 -0.0144911701295656 0.550510972201039 -0.555814132929747
-0.00554144695210514 -0.00240058837895115 0.292751331561525 -0.45016774818484
0.0181151478381151 0.00165401861632475 0.122550648116392 -0.21699601618547
0.0117029032427843 -0.00537292785737829 -0.0466101567520332 0.00948864425778422
0.00545735226808057 -0.00491406959095894 -0.142649099847723 0.239887342628526
0.00143124154783408 0.00033855840914808 -0.260094222293374 0.466965900641919
-0.00670684971814438 0.0161704313223172 -0.311777478282045 0.644017202245341
-0.0418903739448172 0.0184964399374183 -0.355310406010759 0.709140774860402
-0.0485550023940331 0.00650130941327756 -0.362496209752646 0.592894656029662
-0.0150047401299064 0.00467931416887962 -0.295467501566254 0.472376076716319
-0.00873380857735013 -0.00795738917035653 -0.231601681641562 0.346059483357906
-0.00262718149733106 0.0279283788880698 0.311520378497848 -0.140491684634607
0.016293819243493 0.0115022518264116 0.348406624585266 -0.387551525450448
-0.00194242523827688 -0.0203200082023486 0.506567312558932 -0.298705183310088
-0.0343026030313832 -0.00287661446698749 0.688168719485137 -0.479815000026096
-0.0190301480394401 0.00103153320477678 0.526396161455424 -0.572854194450715
0.0062229122609228 -0.000589957772339867 0.284683803359289 -0.456526033474945
0.0285385894486496 -0.00786537316478286 0.126216754354872 -0.221476059166905
0.0222818138454099 -0.0167859758235976 -0.043502479119461 0.00536935194768727
0.0166802896787705 -0.0150787716874578 -0.141203034373966 0.234061529654126
0.0143297753705602 -0.00113551755713829 -0.269414724461773 0.459830396155406
-0.000459181269023987 0.0301878621400464 -0.335436971214847 0.637307359061985
-0.0578924906119447 0.0326102169629973 -0.389020696515968 0.691187795692407
-0.0586136511716999 -0.00856352725197258 -0.38450044644495 0.570399227068904
-0.000117329564601136 0.00598458073058715 -0.303956085633195 0.462197779263937
-0.00534367733445982 0.0254119915970413 -0.238348436200109 0.3321717908069
-0.00666998398832098 0.0529174079469508 0.30822863208074 -0.165836423433395
0.0288218213807336 0.0169909934987009 0.331686266666206 -0.39077316022612
-0.00573686369239104 -0.0321119519988267 0.497623662564346 -0.343037371774816
-0.0489979312859355 0.00461592991796223 0.638345862222113 -0.530142103247706
-0.0166576690291834 0.0131692017610559 0.482256299486505 -0.592583139854014
0.0154125724341893 -0.000548189147478903 0.273696978135649 -0.466922314094453
0.0347797765613734 -0.0151278485433364 0.130629423082116 -0.23059943478114
0.0305754189790395 -0.0256598339553831 -0.0365297916147179 -0.00223523001775245
0.0236151211687181 -0.0231004090259029 -0.138806374744072 0.223777465762868
0.0238704766515224 -0.00301910547526907 -0.279372607472591 0.446634815942482
0.00219819276684471 0.0419479420079504 -0.36905973240987 0.621732235256712
-0.0749233508717192 0.0400650901223789 -0.443617867555828 0.666180740250331
-0.0661332662247249 -0.0238584020583543 -0.422126338025705 0.537407278988379
0.0108365247374726 0.00909204328199995 -0.316342303598925 0.449104468790658
-0.00729064354363581 0.0527981704461172 -0.249216647689952 0.316080128923907
-0.00301497917975315 0.0652394761242355 0.297875997868822 -0.198485138030498
0.0367633514549158 0.0128917498448853 0.315607646230324 -0.394568216525363
-0.0136847373166971 -0.037915257208014 0.48072155831947 -0.3982238752966
-0.0563983967098588 0.0133373096129899 0.57472025468593 -0.585928953151701
-0.0133672389111462 0.0220264306844509 0.432148961700232 -0.609402265732577
0.020812774968875 -0.00235617359758656 0.258164894189222 -0.478182755688594
0.0384350933342476 -0.0204090777595117 0.135359038121822 -0.242631939271305
0.0349868396288559 -0.0314003247787371 -0.0282783482267555 -0.0139829146219855
0.0286892207408208 -0.027998068682772 -0.133804103939581 0.210124762222063
0.02928297357164 -0.00156065611438163 -0.292187605249467 0.431077127233625
0.00169006080601679 0.0498202438609641 -0.409484415727439 0.602417851620332
-0.0878511884077351 0.040724513505717 -0.506576440486044 0.632710719459454
-0.0646686064743405 -0.0392049854023888 -0.462084340983815 0.49029993685782
0.0212174369476297 0.0138879586405533 -0.330281092237187 0.434058198510292
-0.0150458587027757 0.0686235059877295 -0.261866923395825 0.295644168688058
0.00649440331711062 0.0620901959228261 0.283451817490432 -0.229355351866012
0.0371657641256533 0.00441726003711558 0.303205010990122 -0.394420962370256
-0.0213913759566297 -0.0376787002411847 0.456038769334433 -0.452988816516527
-0.0559732323431985 0.0208067840431768 0.500929016107591 -0.631074519698343
-0.00956596816801543 0.0227758653142857 0.383852946126528 -0.624916141191332
0.0204101226486201 -0.00553772453509454 0.246427973478858 -0.487735364558321
0.0383974049464915 -0.0225136872412989 0.14062351880623 -0.254861111283524
0.035075692523315 -0.0339745549325118 -0.0177629429269408 -0.0253809791076379
0.0287928990376876 -0.0275994289228393 -0.126907434460424 0.196235071588821
0.0300328431580218 0.00198589438046642 -0.303256409818559 0.411939168818806
-0.00300894295965108 0.0532911523231708 -0.448724291271285 0.582037761331602
-0.0954454390871991 0.0305407153895897 -0.572983286255046 0.588304306860921
-0.0580309634597267 -0.0484296731926511 -0.499107571149542 0.439799398709253
0.0246852565105724 0.0228751325700979 -0.341249885060985 0.418050183171199
-0.0244673965290779 0.0683793211508673 -0.275311631355636 0.274488553103573
0.0136711391679385 0.0456263314367193 0.268236535899012 -0.254790616206492
0.029283781752779 -0.00533595967493735 0.295519107516489 -0.395788069394856
-0.025953068258448 -0.0316164200447618 0.426322851539719 -0.502441985414159
-0.047156412071969 0.0222819179484513 0.433097838778403 -0.662317819596464
-0.00757147130206867 0.0170744871712984 0.340754043195455 -0.632785003765576
0.0177330962177758 -0.00727806733089318 0.234288463089431 -0.499518755002952
0.0332372132065289 -0.0199541436144339 0.144850138543246 -0.267610396436362
0.0299377418848807 -0.0293029204189111 -0.00851523806300491 -0.0363753529627072
0.0259084410916281 -0.0238607858289818 -0.118627141661479 0.183524736770817
0.0257859695590026 0.00425794523923611 -0.310830477203842 0.395256459910873
-0.0100688655191479 0.0494472149034329 -0.486155959182252 0.562012917223079
-0.0935216032102485 0.0184907542659652 -0.630202321916643 0.547315499443067
-0.0450620649687175 -0.050799082536668 -0.524529477829905 0.390481527532799
0.0203458300581931 0.0276896221409413 -0.350103141460653 0.411103836889574
-0.0318719434789984 0.0519198624191919 -0.286376165919165 0.255449975973166
0.0325042576139638 -0.0778690979218857 0.305539914305452 -0.152104777492458
-0.0243115940490305 -0.0252637398047427 0.34886176835015 -0.368301533230458
-0.000181010759588502 0.0162378670217581 0.51579924138317 -0.284578629468773
0.0188528295650187 -0.0173796737464446 0.694369339478844 -0.462401282296243
-0.0212252877632416 -0.0433041550708936 0.534505162929239 -0.552313118837325
-0.0267350636212879 -0.00601465887297892 0.289137358948733 -0.449421989882634
-0.00166717473389583 0.0181950911997512 0.125348583166367 -0.219198331407086
-0.0090440457035426 0.0159026739361492 -0.0417458770874639 0.00459060191929212
-0.0153684667564988 0.0148839106407375 -0.134844563280857 0.232927441499638
-0.021017010913067 0.0047106598554318 -0.252333497262861 0.461859654483164
-0.018940183652427 -0.0107629426379336 -0.302185006952751 0.64308467938724
-0.0125894437208095 -0.0110913625790836 -0.353810882599044 0.710476032531266
-0.0287672196808731 0.0276472708294482 -0.364299594023318 0.589499952181357
-0.042112004357372 -0.0021557736061468 -0.287006702816616 0.471280919610117
-0.013873681965682 -0.0846928158794735 -0.231838957571145 0.352089615044438
0.0227965212220863 -0.0437539452458711 0.308400140871716 -0.132267817232278
-0.0113184176354944 -0.0159911942528412 0.354784447318571 -0.376303050715357
-0.00198654283448521 0.00607794042177616 0.51305271997864 -0.267924496136638
0.00290083905183 -0.0119242597461836 0.713347738777788 -0.443992592105397
-0.0197112483665126 -0.0297899549608532 0.550408732991806 -0.548130544563214
-0.0155961240872325 -0.00489778339734386 0.291884425004127 -0.445703357767123
0.00743742460505345 0.0100628214225455 0.121163419460588 -0.215315323143439
0.000823971889328341 0.0056489335824377 -0.0465592880700151 0.00926053266077404
-0.00510398142227528 0.00630755106527158 -0.136594720424851 0.238212053068765
-0.0103559378840584 0.0037234072428375 -0.25081117000625 0.467005593422462
-0.013225949691648 0.00253016431291455 -0.295711023981044 0.644643007097388
-0.0256344721689864 0.00299056254194171 -0.337740374174273 0.711787989427523
-0.0358065573354215 0.0186612552215062 -0.351800432186074 0.597029313437138
-0.0288296842023439 0.00339133392688123 -0.285429661468698 0.472174586837129
-0.0132164932568021 -0.0466248998256003 -0.225490611081877 0.352791050001026
0.00942620515872772 -0.00658645744802726 0.310413757622888 -0.130215265442789
0.00150124632588017 -0.00173280715471165 0.353857902182804 -0.384825370893662
-0.00134259166812493 -0.00828615292026115 0.509349279593452 -0.273063083276971
-0.015737957557877 -0.00791881699891264 0.711334977362893 -0.451080585232399
-0.0190887596093897 -0.0143301731073898 0.545256837401393 -0.55410706249715
-0.00541562495678573 -0.00286274239798135 0.289819760153605 -0.452436312926877
0.0191323803502275 0.000998049543787651 0.120496386811631 -0.217163319759023
0.0111713906807455 -0.00531836920447929 -0.0463148113290373 0.00953914406008226
0.00630760498160083 -0.00450941770212666 -0.139271348736555 0.237786561135452
0.00169111283184815 0.00112270520448763 -0.256072558004543 0.465089186663921
-0.00692870730068209 0.0165230554670445 -0.305631468490745 0.642437055573574
-0.0423089586215328 0.0189544654783895 -0.347846879225667 0.706133752666446
-0.0478617152266233 0.00619343896992634 -0.356269444663671 0.590186943826238
-0.0150706336600369 0.00441609453146003 -0.290950026719434 0.472168876767208
-0.00952328962373141 -0.00851528675293189 -0.227686125829124 0.345103779606735
-0.00236055559965866 0.027015557828028 0.309460198579387 -0.140610543977653
0.0153229433574501 0.0114164761382367 0.344342626781725 -0.388632730936833
-0.00229170388764587 -0.0198738549894896 0.503699956843899 -0.298921141922401
-0.0341917577267487 -0.0031988731537588 0.682521861660028 -0.482582482145833
-0.0191630585410306 0.00163631313347137 0.518377522548096 -0.57104290991389
0.00627892612755549 -0.000794905293501714 0.277955740728814 -0.455717831823606
0.0279221592052363 -0.00768389078053367 0.122987399732773 -0.221067928091669
0.0214958791938483 -0.0166454500575373 -0.0429383776587438 0.00536782394010372
0.0153483569889025 -0.0146225597475507 -0.137854790150876 0.232146090583829
0.0131025978104286 -0.00132288050333145 -0.264797072633596 0.458757878188836
0.000218516521457747 0.029713374811559 -0.328893614738039 0.635793968665122
-0.0574667400571652 0.0324308321887548 -0.381986165085451 0.690472761913884
-0.0582937638844113 -0.00672578120959577 -0.380318788162619 0.570228189397385
-0.0016753573075623 0.00574230730836652 -0.300347324389086 0.461701659783548
-0.00700540846651435 0.0265432056831238 -0.233310102463633 0.333270333057974
-0.00639681805491558 0.0525586564346022 0.305104964313893 -0.166209664167915
0.0286957125083799 0.016462993862806 0.327321502932453 -0.392871092808746
-0.00512408665919393 -0.0308652087299501 0.494332600392035 -0.3423545825275
-0.0487111939370068 0.00490528422167305 0.632880158327862 -0.531601793058878
-0.0168918647471777 0.0143879936790888 0.47607465739481 -0.589640713028147
0.0147947271718853 -0.00127709038068117 0.267329101259131 -0.466671187384741
0.0354439455540981 -0.0156464873838407 0.126731382031529 -0.229292250320719
0.0291720244283017 -0.0261534701704346 -0.0359083268102691 -0.00289813179435483
0.0236613288029406 -0.0235149003470549 -0.135377477355573 0.222059817796143
0.0234416918829525 -0.0018234916605623 -0.275392330768501 0.445859400124483
0.00309301423871744 0.0408598626092652 -0.360745887479595 0.621389615686206
-0.0738256693984699 0.0407904407776627 -0.434246357228631 0.664908347434741
-0.0652960053909599 -0.0233705366366635 -0.41514242712163 0.536349074162537
0.0107015675547081 0.00828647846032362 -0.311800409710414 0.449466619874142
-0.0085963171706294 0.0523927881654228 -0.246271024603952 0.314160681250542
-0.00320489804853661 0.0643229275754219 0.295742996476441 -0.198847331705556
0.0361950860592168 0.0120891763651531 0.312170659525045 -0.395463637488886
-0.0126253910206879 -0.0374236967628503 0.476611432129742 -0.397122591270363
-0.0555656472910177 0.0141616912071779 0.565109557415375 -0.585636095792629
-0.0130833666279241 0.0217334667275728 0.428087332732878 -0.609289396829292
0.0196281842677829 -0.00291447115765737 0.251920185922981 -0.476118502279491
0.0376638352282523 -0.0201765686399011 0.131940162517306 -0.241746982381455
0.0343973817341653 -0.0314990937747874 -0.0280027653204067 -0.0139178256063326
0.0280945076185876 -0.0280022385961867 -0.130648180042547 0.20844178879125
0.0289839885307814 -0.00131236324633369 -0.287898959834635 0.429329897407491
0.00237275867503629 0.0499119488767392 -0.401335509111439 0.601709349241595
-0.0879275585098885 0.0405167292372595 -0.498909759212985 0.631132696536329
-0.0639805397296368 -0.0381006988804927 -0.457466632643781 0.489233112507228
0.0217279861344323 0.0136213409000275 -0.324708226274413 0.432587491340767
-0.0167535242992616 0.0675553987124734 -0.258148319749388 0.295643685550951
0.0042682494380239 0.0612759800223111 0.280777594926866 -0.229656973873562
0.0361902256050767 0.00351045036514628 0.300350753101707 -0.394203423610353
-0.0210905436365398 -0.037314708054102 0.450924690809417 -0.452455214781566
-0.0551150220611822 0.0215216432170503 0.493479729736421 -0.630418544689644
-0.0089091101173033 0.0233122434860155 0.376426812097872 -0.622396427985086
0.0201423267939418 -0.00480112118892811 0.239277549807557 -0.488338680759179
0.0370556633791135 -0.0223807988907473 0.137956410397634 -0.254657076337021
0.0338248826757873 -0.0330056247967766 -0.0175591069846867 -0.0256183704801664
0.0291535524472612 -0.0281609637352146 -0.124461615448152 0.194801317878358
0.0291832830353664 0.00218523051684022 -0.297777661226079 0.411002588230737
-0.0041161411745202 0.0529806504809578 -0.443444583972466 0.580959005504719
-0.0951506350340939 0.0311963566311073 -0.564716749602866 0.589717165774965
-0.0563163804679762 -0.048109168819477 -0.493539410179578 0.439687294477612
0.0244578219953581 0.0209355258792975 -0.336552238621312 0.417648991131046
-0.0259681068538989 0.0685981594709273 -0.272933849532694 0.274762813454788
0.0127771476694817 0.0445624793181954 0.265912620926919 -0.254583816547587
0.0287740603755848 -0.00471569636539648 0.292857601586213 -0.394459113564108
-0.0247662344920645 -0.0306731436588682 0.420861037264219 -0.503011129294813
-0.0462522718373725 0.0226773329061894 0.427458853013376 -0.661517492907677
-0.00856582159988885 0.0169898969108352 0.33435228034778 -0.631701269308433
0.0167131165968993 -0.00765067262812379 0.229131281580289 -0.496752064113499
0.0329697493377664 -0.0206921077999813 0.141487055524294 -0.267568540854996
0.0303136264529443 -0.0298286350079922 -0.00902532841299416 -0.0364976791182853
0.0247698915166755 -0.024243442918638 -0.116752361499834 0.182347658054238
0.0258893088322674 0.00422377698064857 -0.306334454822344 0.395133259855951
-0.00902005509568515 0.049341489272671 -0.478745005520266 0.561540815208413
-0.0925595262152765 0.0179075509920367 -0.621378293869222 0.548395942476168
-0.0450042217062101 -0.049553642377379 -0.519425758508299 0.389908293565294
0.0185628671512737 0.0268937344163396 -0.345157321388556 0.411623846219198
-0.031843464066645 0.0519430181092488 -0.284882787339496 0.255997259291012
0.0661594544727318 -0.0563063977576742 0.332260602754571 -0.00900705589660936
-0.0111815565222966 -0.0334181858220079 0.471953609969985 -0.183706696934197
-0.00673785225359733 0.0140605168867055 0.592250215501829 -0.0349778201546699
0.0204325991679704 -0.00732540027331782 0.831119400985551 -0.130591212088704
-0.00603110694416365 -0.0445230292051773 0.716533723575244 -0.265433425060486
-0.0226081729343308 -0.0149937607793113 0.450114932958353 -0.279973347461948
-0.00891063817256086 0.0154688554187256 0.205258255106187 -0.143831107427574
-0.0152131951862513 0.0114368127676763 -0.0394545147570794 -0.0146779154032372
-0.0195054227169895 0.00934238288180134 -0.217979776682158 0.151900804106251
-0.0180520114385901 -0.00110383597195861 -0.422221531520054 0.309611854658757
-0.00793175541382913 -0.00975025581096613 -0.540219779922646 0.446364372656743
-0.000527794966426361 -0.00593528245509245 -0.619027013238979 0.487776790255363
-0.0343713189060854 0.0266295476538119 -0.57311841551573 0.370789908681759
-0.0368744060085345 -0.00896912926196397 -0.453021565776473 0.30512988581169
0.0165686288365952 -0.0775636135602791 -0.355465040990914 0.221606044070065
0.0421313720384712 -0.0295663575416917 0.331154807208611 0.0103068294707035
-0.00460445426881384 -0.0197025471420278 0.48171073823485 -0.189149665445819
-0.00377547070887831 0.00256774199929075 0.583409094083702 -0.0204132719359904
0.00336919832298235 -0.0102944058858412 0.841271256080177 -0.102622375291725
-0.0103594422687179 -0.0319367997604915 0.72911419433514 -0.258108808214213
-0.0137531957012852 -0.00953730873525321 0.450686764227578 -0.275787934188429
0.00313914642794598 0.0128680171948651 0.200427335969529 -0.141884623761373
-0.00186524147927079 0.00574714204806618 -0.0456148244768288 -0.0115155318768061
-0.00744528443166347 0.00477081511177974 -0.222328887519471 0.155453793589675
-0.00740365818277615 0.00152536187806933 -0.423599098360634 0.314471688853067
-0.00762093270649099 0.00449168097676785 -0.53623603732278 0.45100514195017
-0.0192843916506484 0.00036167032925312 -0.606543863802394 0.496745476462638
-0.0373777569619594 0.0136780282358668 -0.566383563015667 0.383265071434254
-0.0254763647173419 9.89660533770153E-05 -0.453804482243631 0.308480088586241
0.00329555458825678 -0.042843253136219 -0.351406262126727 0.223570047878507
0.0114935699221645 -0.00327924515178274 0.335067309896139 0.0149990037890251
0.00080124348585206 -0.000786784287831691 0.484257601546084 -0.196397437563864
0.00298606841539291 -0.00854425060297614 0.580013686901208 -0.028150013684523
-0.0143445416215765 -0.0139311009630583 0.840697487424206 -0.110052639791776
-0.0176034284549912 -0.0176884686523365 0.730470256811364 -0.265309708868726
-0.00443912975846129 -0.0030806692570966 0.450058647209388 -0.28016180862566
0.0161414105311897 0.00906841836787277 0.201658520304261 -0.142769044332921
0.0123314537613426 -0.000643535192322283 -0.0455893924123804 -0.0112612211169663
0.00666468944152745 -6.84273648029164E-06 -0.22275611988928 0.155082099741772
0.0041643510426378 0.00462492196161697 -0.428831627748038 0.312327442951033
-0.00821609583970901 0.01932329124336 -0.542499993673189 0.444201908191739
-0.0401907525879165 0.00847920265317066 -0.612906696361231 0.485680107856641
-0.0432412720719677 -0.00173290232943723 -0.568260610960276 0.375956460189615
-0.0139539023881849 0.00693874508309992 -0.457314245137053 0.304775193321332
-0.00835315540250522 -0.00625145773592989 -0.351658914181305 0.216068763074137
-0.0158936961232858 0.022252655880033 0.343448217737465 0.00444092586459845
0.00735919984249768 0.0166723962282679 0.478608376427525 -0.207378626092008
0.00845682428117702 -0.0199592973343773 0.585630161923921 -0.0553085670516468
-0.0320433273900976 -0.0185164740822548 0.828951307673289 -0.150005310119249
-0.0238414174283711 -0.00301196871009595 0.712328043700494 -0.290997946972808
0.00452146484363859 0.00361112033070505 0.445746178980965 -0.289868562224238
0.0288273192210398 0.00521481461448829 0.205002025250821 -0.147245736036642
0.0266135772728374 -0.00597291165685591 -0.0402735908968432 -0.0138116687810426
0.0206901894793087 -0.00549446546965551 -0.219507039670584 0.150256504391916
0.0160656889932928 0.00725711162479309 -0.432533219336021 0.301752643184846
-0.00720033732876358 0.0340597589226513 -0.56009634340256 0.428694191228183
-0.0608348830718693 0.0154119189834942 -0.634833645242442 0.456360628627047
-0.0474205023845573 -0.0192152262848156 -0.578792718390069 0.347666592657917
-0.00240837999228063 0.013161355929798 -0.460907222511 0.293663500489878
-0.018143731284072 0.0258127733009212 -0.352823943389305 0.201357380758166
-0.0319305268006622 0.0435440423407748 0.35307458398306 -0.01993794858089
0.0165767831332769 0.0275907444212043 0.465489034295647 -0.218251077162731
0.00965298963623181 -0.0319852748223443 0.5941277207585 -0.099729349021043
-0.0482007999263582 -0.0171657977520278 0.806551143016471 -0.214777393885084
-0.0273590232488021 0.00963411139192957 0.684413595230929 -0.326225498976331
0.0124864403047681 0.00695647663591884 0.438842437368995 -0.303899021502243
0.0384733857101025 0.00141009185157496 0.212797517498689 -0.153210870040314
0.0369423236013392 -0.0114187009065639 -0.0309646979859728 -0.0182177062972844
0.0306341580563259 -0.00899646595177704 -0.213205373876018 0.142578966247484
0.025749724329116 0.0105425231031633 -0.437433499778065 0.285394470450833
-0.0106002519672776 0.0468714031853794 -0.582983797099119 0.401681157743171
-0.0790578068141697 0.0164027832357916 -0.672522786748402 0.411094881141083
-0.0485365734472828 -0.0358985081343121 -0.596821918699468 0.299572557878866
0.00819299797342319 0.0210207039976672 -0.468376661970777 0.276407303080022
-0.0316474861250975 0.0496661582214207 -0.358321782036538 0.18030238985167
-0.0333195095645465 0.0569483270390434 0.359776826282634 -0.0535987632191001
0.0252295967935128 0.0270571253947334 0.452031214915684 -0.225054055025393
0.00597450268958634 -0.0412873284344339 0.602350514407145 -0.155433721911943
-0.0590310044186059 -0.012166857223502 0.768443931744095 -0.293573374740688
-0.0273925320337053 0.0182423851914804 0.64804420938129 -0.368476663237966
0.0179100600134827 0.00778861438495859 0.429548011682548 -0.319928801872837
0.0444741301031871 -0.00268598057043888 0.223178254243842 -0.162399165479226
0.0442060045103005 -0.0145237030475014 -0.0186190346508518 -0.0243283291526608
0.0368464094689076 -0.0122221559310256 -0.203893837679387 0.131869255464574
0.0295888893625331 0.0143193625511973 -0.440074607089778 0.266878871837623
-0.0145643120400099 0.0542081501406938 -0.61209705304391 0.368660193345162
-0.0919655208240122 0.010607595926071 -0.717360048499135 0.354264586857595
-0.0429707056563244 -0.0494148578588234 -0.614371433280238 0.241573099276711
0.0140134644562195 0.0298356432936151 -0.471372329268669 0.257843406943772
-0.0445667953987799 0.0609099243452304 -0.363324475823957 0.156614261892443
-0.0233937587110377 0.0573691334225441 0.359747638076371 -0.0893167883347658
0.0292694203163399 0.0199441533998162 0.439376209617144 -0.231221132010278
-0.00187808570466189 -0.0435817004842392 0.602933904714017 -0.215103274658506
-0.0609213014482386 -0.00513373448691734 0.720067569077265 -0.363144094026083
-0.0239406166860689 0.0201007422036029 0.607099539669511 -0.399825333141635
0.0191855363184525 0.00570798405719238 0.422407483036456 -0.334731167295529
0.0434646819211216 -0.00449125224179251 0.233640699110449 -0.172079457621525
0.044750746781768 -0.016231948949946 -0.00605242109602468 -0.030881512270085
0.0377248473653134 -0.0115793084291208 -0.19103311378046 0.121694435063843
0.0289124535683062 0.0177790688384706 -0.442479072253134 0.245911168793554
-0.0208192445002067 0.0556178929619125 -0.638168556063997 0.332938128540115
-0.0953040899812533 -5.60167032141647E-05 -0.758698475032737 0.286712313516213
-0.0325234791683775 -0.0559329498381918 -0.624629845293317 0.180530162184312
0.0134666610278692 0.0373164398765441 -0.478467509343589 0.240636792242506
-0.0539043201780135 0.057849421622783 -0.364441561803817 0.132313424981913
-0.0103344500540755 0.0455415402797546 0.353064714086155 -0.11981492318998
0.027081205339509 0.00830646458935374 0.433893545482259 -0.235226601145634
-0.00776871909801021 -0.0402922493804206 0.596243804762122 -0.270762084738817
-0.0545227845595953 0.000300255374273048 0.671752746827393 -0.419720498265579
-0.0202639672075857 0.0163428812500365 0.573833549606516 -0.424031832858651
0.0170015462288483 0.00159272350065196 0.416536819619601 -0.34774182521615
0.0383671881351547 -0.00474931402053063 0.241360367985201 -0.180955757420402
0.039349323346752 -0.0140412844108716 0.00728244762402111 -0.0368066896273541
0.032590079532007 -0.0101186527291756 -0.179704654585378 0.113138350437634
0.0231901689063874 0.0175279952706734 -0.442621977252774 0.22789477619439
-0.0258915132005432 0.0494397383132478 -0.663117998703837 0.300100653911835
-0.0889849609844396 -0.0103033523691052 -0.792617105874569 0.227010625158813
-0.0224977333875667 -0.051911243519058 -0.627358735613218 0.128107561765129
0.00732122695975437 0.0407536370807837 -0.483316891363787 0.230702611212197
-0.0528820408684131 0.0397290942751975 -0.366860057251761 0.109300722194132
0.0660908177532898 -0.0565165212757064 0.331934482640452 -0.0102499340294159
-0.0104729055808516 -0.0341331694017349 0.469709393399915 -0.184950914828903
-0.00600387007747506 0.0135780901602703 0.591384617362223 -0.0376721296985237
0.0202468816326476 -0.00813031090270666 0.828385604512168 -0.131434229333092
-0.00630306801035593 -0.0444336183252455 0.713823033239166 -0.267838759965446
-0.0228520644858525 -0.0152775358980851 0.447272596286244 -0.280558820358485
-0.00918838046346114 0.0162934218375231 0.203701930769976 -0.14435307363727
-0.0152393857596309 0.0104005926991376 -0.0394986391992325 -0.0143178682925258
-0.0192376707590022 0.00941185531892766 -0.215458840403175 0.150893710516462
-0.0179784968172019 -0.00147599107392473 -0.419524143441344 0.309110712115007
-0.00898150435044755 -0.00991909350798024 -0.534607091772266 0.446907920878594
-0.000712572913966418 -0.00586366607421839 -0.612299243030401 0.48754388869168
-0.0330541402742649 0.0255438156284417 -0.569765800055381 0.372559995596334
-0.0362173298291965 -0.00984379112108858 -0.45099234151826 0.306647689958136
0.0157260177033166 -0.0783062410463387 -0.35075918809597 0.223128119199362
0.0409591065315883 -0.0304398142985848 0.329713183914989 0.00991186962589807
-0.00408861162490405 -0.020172961860771 0.479098220524876 -0.190365302808904
-0.00292123725330005 0.00252302473394998 0.580570647165879 -0.0240620910339807
0.00398813734543126 -0.0101895072770821 0.838607441308106 -0.105443939479391
-0.010749953663884 -0.0314512592688073 0.725728344216608 -0.258653291627349
-0.0144653344129005 -0.0101170130580919 0.446276060088678 -0.276273304859741
0.00324506556631804 0.0124003693663291 0.199178953599295 -0.142714088232307
-0.00212101965960261 0.00475013669644536 -0.0451199053291686 -0.0120603257570431
-0.0072453315106732 0.00430317535849959 -0.219528273025576 0.154440205533824
-0.00761109631588791 0.00201505406725801 -0.421845702449071 0.314941660902835
-0.00858664097205727 0.00346387817179158 -0.531910897732692 0.450402307609068
-0.0190150228136335 0.000658411182463686 -0.599617657283933 0.494245856175223
-0.0365156295876051 0.0142550885154219 -0.563403564847273 0.38445246467325
-0.0257162929662103 -0.000916200087484845 -0.450447786398102 0.30909809288144
0.00198008960563595 -0.0432080132008811 -0.348324732173876 0.223505468274515
0.0110589477755132 -0.00401477334370798 0.333402626593303 0.0148828396091926
0.000676203548929843 -0.0013427927177488 0.481903863188475 -0.197901075376724
0.00266065777864875 -0.00906010091741414 0.578000454468623 -0.0303641423958646
-0.0141431750863419 -0.0150921144931922 0.838002251748532 -0.113130809280553
-0.0172017317385783 -0.0172814751306849 0.725989686110408 -0.267764391272499
-0.0053166584943937 -0.00301819297264048 0.446552608032698 -0.28049581644126
0.0168512241535037 0.00939097381211527 0.199188268492315 -0.143694519643218
0.0127612993657795 -0.000942005339044731 -0.0450093626933396 -0.0104494671066155
0.00638752700536399 -6.3215116788049E-05 -0.220445400603464 0.154457397263801
0.0046046925543356 0.00426801472039248 -0.424317545997799 0.312953826518448
-0.0072215590402615 0.0197389254213116 -0.538282735639433 0.444289002988614
-0.0397703051927499 0.00891258293128611 -0.606018437915036 0.4842958902144
-0.04246890500672 -0.00117746945711398 -0.564908303045878 0.376482073424986
-0.0140615257179312 0.00590042430362464 -0.452756292131925 0.305555632338531
-0.00967612300179891 -0.00720953159726226 -0.347978281380288 0.216310091634264
-0.0162971182788206 0.0213669317325959 0.341696802424015 0.00399180999342834
0.00837572527799702 0.0161611037083533 0.475431491453787 -0.207503303147911
0.00853184449678998 -0.0199297678520549 0.582005613325986 -0.0566055203100703
-0.0319051309544436 -0.017846271489123 0.825712920167289 -0.152258497817903
-0.0235467535739488 -0.00359317153816696 0.711269544730447 -0.292245886511698
0.00364369746202028 0.0027978211377157 0.4407686429712 -0.289442183309272
0.0290021938834393 0.00520211412246033 0.202644664117071 -0.147341831967006
0.0264084170076149 -0.00675183662771108 -0.0407414061848645 -0.0132489485928279
0.0207165274172428 -0.00603299948152868 -0.217459655107218 0.148723430033167
0.0167266144865627 0.00671720473851142 -0.429293513816496 0.303492132779775
-0.00757618788658338 0.0341700144660741 -0.554416977496465 0.42838528858064
-0.0601837005346488 0.0154804616393505 -0.631066966690882 0.457627562504847
-0.0469264956997431 -0.0178273195218062 -0.576432242155534 0.347019637693469
-0.00230839996447199 0.012627397114259 -0.458320389295342 0.29433613250783
-0.0198307508155804 0.0248741151236606 -0.35079988356856 0.201251787119787
-0.0316842363267089 0.0427392004112473 0.351761039652443 -0.0214244424936897
0.016803622141255 0.0268645974206412 0.462485289867484 -0.217552127319624
0.0102037034818604 -0.0308643864028529 0.593229274205609 -0.101283532986532
-0.0479620984456916 -0.0171766576308745 0.800433068204192 -0.218853250010635
-0.0268065042700379 0.00918076362166487 0.681331424240296 -0.330756156877027
0.0110821958143684 0.00773285567005467 0.433882540070759 -0.303688246410069
0.0392576764410818 0.00110790122505548 0.211308421346701 -0.153970974151717
0.037255496139348 -0.0115723710056147 -0.0313263558405728 -0.018461366258132
0.031313279594101 -0.00879081325121508 -0.210051402001677 0.140693857397674
0.0247617777274671 0.0103686484082854 -0.43417064199793 0.285750827965511
-0.0102613436884735 0.0462876743262197 -0.578915338524766 0.403660449799315
-0.078826798898269 0.0165469756334934 -0.667871297230918 0.412577453369601
-0.0483103376474851 -0.0356480452987062 -0.592959924792913 0.300645503678888
0.00744365556132679 0.0196081973550568 -0.46448350549236 0.277763067440146
-0.0319085439764834 0.0490334064063313 -0.356115427302309 0.180605832378784
-0.0329944977903448 0.0556146519415402 0.356777388085965 -0.0558248755561728
0.0253855940347221 0.0269587405239283 0.447487831760574 -0.227859477977122
0.00579881338103369 -0.0398516947122969 0.600192410969796 -0.156786484325408
-0.0576997583556945 -0.0116383734063538 0.763480026675027 -0.292974254038025
-0.0272038775409934 0.0177796983370363 0.642111358330668 -0.36693981528514
0.0171081467976504 0.00784516315468086 0.426496841612971 -0.320467748041435
0.043754284311418 -0.00228565634593941 0.219739821395164 -0.161934326253493
0.0435793279214343 -0.0146243905491527 -0.0187720825040051 -0.0241359610709627
0.0367086106883 -0.0111174469159207 -0.200331421702166 0.131380591852118
0.0289998683740908 0.0138968664740878 -0.436331447501235 0.266658466444304
-0.014782163022732 0.0540934823278716 -0.604737068776766 0.369218327839433
-0.091585331480289 0.0117171456330663 -0.71041303859061 0.355442746434901
-0.0426650471330754 -0.0492614848091677 -0.611130519697263 0.242844582638351
0.0136249664647569 0.0287042617407721 -0.470444432691116 0.259196526842374
-0.0447706357594864 0.0609954644563948 -0.35908564199186 0.157838607510537
-0.0247194145907703 0.0570831085245376 0.357547467272177 -0.0903821639954634
0.0291997894189534 0.0190787069782123 0.437938965542148 -0.231732417454686
-0.00137811325207864 -0.0429534363682404 0.600440525049706 -0.214836052485874
-0.060925276959398 -0.0042777663449058 0.715211649554731 -0.366162160747834
-0.0240816512013431 0.0202198308192805 0.603197452360651 -0.401317868795144
0.0187404279950584 0.00552576986062605 0.41824411394153 -0.334746341127551
0.0446030751457125 -0.00461649974942413 0.231335682704379 -0.172104153851555
0.044690547815774 -0.0164696846870475 -0.00526859692119598 -0.0302040623666473
0.0368398443006794 -0.0114259253557141 -0.188256344674109 0.122063369750538
0.0285686166896451 0.0165839573290551 -0.438143881245879 0.245818508122295
-0.0211961715561322 0.0550552626347283 -0.634500536452863 0.332697018557428
-0.0959878737208625 0.00130165410227874 -0.754882846437572 0.287397339802714
-0.0332053216308925 -0.0552445550362438 -0.622681487255335 0.183077992718112
0.0132829785481018 0.0372025576925265 -0.473917202322388 0.241881619371458
-0.0544360288969858 0.057045992960294 -0.362836931228173 0.130954045698981
-0.00962296224621024 0.0445829878493325 0.352569507310161 -0.119847463916869
0.0268535920415832 0.00790168544314707 0.43058012489475 -0.236837416802409
-0.00828678420042514 -0.0400341343720502 0.594683157773125 -0.271394378160124
-0.0538776159358678 0.000420075174595805 0.666965612207357 -0.422217594100839
-0.0198089865979879 0.0161715790786652 0.568598811440653 -0.42620978594617
0.0171947624408941 0.00252742568748856 0.4117794491356 -0.348649704945617
0.0385166237688575 -0.00498229272715345 0.240106687149807 -0.181510745133836
0.0383807627024807 -0.0152244057474866 0.00876320573790971 -0.03685728810334
0.0312638089355147 -0.0101407639311935 -0.176499899000742 0.113784385509151
0.0227723287113235 0.017192992646453 -0.438913430443191 0.22986168163374
-0.0260185151795247 0.0487729933086523 -0.657971331239742 0.300149945208649
-0.0886949381292562 -0.00968859484309088 -0.786197034076862 0.22853731344897
-0.0219260013170682 -0.0515716705866054 -0.62328627818173 0.130470996358334
0.00622570030153274 0.0396000018013616 -0.478598558393101 0.230745695169073
-0.0538940053145147 0.0385110333186743 -0.364665084506005 0.10880690687999
0.0654617166435783 -0.0575524411972576 0.329591490655413 -0.0112431942598853
-0.0106517969600862 -0.0345827075048355 0.467526003365466 -0.185596219449479
-0.00588741812181771 0.0142462735541011 0.588776930548837 -0.037719168577092
0.0203511400426302 -0.00740173689304935 0.823487869856249 -0.134739331367683
-0.00698758757748002 -0.0440895441090472 0.70935744193548 -0.269729353464817
-0.0233381960209792 -0.0150623587429098 0.442799093766196 -0.280370805037653
-0.00807088754390792 0.0152293985247132 0.202490297410762 -0.144084970735907
-0.0156593501088007 0.0102892145372106 -0.0390255046412719 -0.0148402433948776
-0.0203413412183739 0.00940151800627614 -0.21239289518534 0.151597550017795
-0.0182871567052867 -0.00112843795409629 -0.415504245082691 0.311286475831713
-0.00878543762321081 -0.00966978762913198 -0.530229534466662 0.447364601879904
-0.000988865857037537 -0.00572458509949942 -0.608856959305983 0.487739908674364
-0.0329881961900284 0.0259693652806016 -0.56624378029468 0.371651014129557
-0.0360238338880218 -0.0101077796896221 -0.447627782949905 0.307448045156321
0.0136432596704163 -0.079140168833524 -0.350225121263779 0.221645084697977
0.0405391433976208 -0.0312316740596853 0.328813922890833 0.00809151605941301
-0.00420587636419973 -0.0204803291522598 0.477630334901263 -0.191988949260752
-0.00283045435591783 0.00355910688355242 0.579146368062338 -0.0245087899032316
0.00387653735182402 -0.0100127147604711 0.835160003589876 -0.108643967551586
-0.0111364628260708 -0.0315230775007799 0.723678149347269 -0.262500456147424
-0.0149612872595541 -0.00895870278801924 0.444146404519471 -0.277477916841138
0.0036276940276469 0.0123094658835767 0.197815491387187 -0.141765483526408
-0.00228612931377606 0.00506076343429684 -0.044200629741492 -0.0116919612162795
-0.00747877670234812 0.00504535299373239 -0.217106501612969 0.153718875416266
-0.00748925591687364 0.0016462423721824 -0.417537724068763 0.315352625125535
-0.00941138185874737 0.00451363845924854 -0.526328186338488 0.452582792082273
-0.0196839879164493 0.00132405155226226 -0.593350097734717 0.496701579078778
-0.0363467687853581 0.0141307689832539 -0.558744717713324 0.383807113572506
-0.0254717872984949 -0.000587867692856557 -0.446885125123681 0.309865548366006
0.0016153874849987 -0.0440994342322413 -0.347732138260073 0.223333476111389
0.0105392605937854 -0.00396828366142391 0.332622538585816 0.0131937909022389
0.001395740410476 -0.00191181636960704 0.479745246520173 -0.198450973790066
0.00318425435788415 -0.00761640842587778 0.577345764401255 -0.0312153064199426
-0.0142916518067136 -0.0142084766879305 0.83567634951043 -0.114067607586719
-0.0184044811018588 -0.0164528882263617 0.723958292153236 -0.270057379070784
-0.0051678422986028 -0.00255094070929559 0.442235891666013 -0.280572909373286
0.0176532645317157 0.00874976760676459 0.19771744951796 -0.143935921765837
0.0120698511628854 -0.000935990853946883 -0.0449456583362749 -0.0116046628563372
0.00755974881038044 -0.000160320494782966 -0.218847941490535 0.152923942793046
0.00406262815024699 0.00461227917153214 -0.421052943886968 0.312590167930879
-0.00764739126032572 0.0201615679577314 -0.53265636647734 0.44506845439719
-0.0399789699949883 0.00905165924849114 -0.600785313740585 0.486345588096198
-0.0416798729916093 -0.00012791074279523 -0.561236631279779 0.376821243478044
-0.0139144105705448 0.0053463888366474 -0.449618304265227 0.30578760135518
-0.00922741171630616 -0.00727969729727239 -0.347195382880295 0.215283550541758
-0.0165380502228641 0.0217077249131988 0.341568512496872 0.00393439723365632
0.00812480454447795 0.0160406370924409 0.472443119366775 -0.21084868354077
0.00880798204492004 -0.019369618531996 0.580978818390724 -0.0597529965873744
-0.0318275645300009 -0.0180633721060011 0.823410687789146 -0.155391630347912
-0.02371185623174 -0.0034388425395572 0.706457201735408 -0.294607611125147
0.00297317650434252 0.00385754491182689 0.436513244100521 -0.29053666083526
0.0296302867463742 0.00488449951659182 0.201357920509939 -0.146364104272122
0.0258547771051606 -0.0069925692632015 -0.0398723829226259 -0.012473965759899
0.0208448484510761 -0.00557305541315812 -0.2154818999538 0.148776230975926
0.0165589861438023 0.00733142429363636 -0.425600977815634 0.303544842588253
-0.00735846904687493 0.0344230884337145 -0.549139858226871 0.430382032538838
-0.0602307941851559 0.0156919993151149 -0.625200983500635 0.457251720812008
-0.0464547168323207 -0.0171485824925238 -0.572439165551798 0.349307713699952
-0.00206599924058757 0.0122834601340352 -0.455483579376373 0.295870254086176
-0.0211756996850871 0.0245833658301282 -0.349296535015716 0.200398661918453
-0.0321576347980157 0.0426190633133661 0.350950053435541 -0.0218694609060161
0.0166476490012091 0.026213613963975 0.459846307605135 -0.22107278424811
0.00980722366801816 -0.0301484962106019 0.590142110885071 -0.101890272988753
-0.0477032527346672 -0.0174771453126586 0.797883119717334 -0.219786130086877
-0.027289934900233 0.00971663001904515 0.678173215945738 -0.330810347589059
0.0115563437066824 0.00789232747812833 0.431471779965851 -0.304705399217925
0.0391392919155343 0.00088678281165616 0.209183183313852 -0.153236485949029
0.0372401196348383 -0.0109053487063941 -0.0298283715023717 -0.0179365025099064
0.0303740016813411 -0.00938972088833263 -0.20803795712713 0.140818338978397
0.0242462779600719 0.0100479944458042 -0.430323688396247 0.286794198426279
-0.0105316620248216 0.0460839173898017 -0.573915514811558 0.403893029476998
-0.0790636640483903 0.016400190438713 -0.662918630238863 0.411487703519193
-0.0477900387637731 -0.035107539645798 -0.590445609986173 0.301879553011034
0.00814896894770665 0.019633881488588 -0.461899505641695 0.278904421802407
-0.0326314455099453 0.0485270351017338 -0.355077724086053 0.180471541422992
-0.0334885766879116 0.0551002995834267 0.356811351890924 -0.0560152124788049
0.0255169951187705 0.027362776001784 0.446593569887056 -0.227531582707847
0.00616684390004462 -0.0395418484764966 0.597438673487357 -0.158504992267835
-0.0579402209408176 -0.0113258640465192 0.760372125552754 -0.295735044932856
-0.0263039810472256 0.0183244780336657 0.63962369071885 -0.368562320846697
0.0166007300494672 0.00865844199189935 0.421736202796185 -0.320180210037829
0.0438649119954294 -0.00303467428441288 0.219876608205092 -0.162020173771699
0.0437673342479328 -0.0151614847536836 -0.0180726229082778 -0.0227293168874705
0.0364395390872934 -0.0118832233608166 -0.198988100476452 0.129819112536451
0.0285658374880345 0.0138301742632875 -0.433438065593762 0.266783124576938
-0.0143853343403307 0.0532283264280422 -0.599475028154013 0.369707676547142
-0.0912300390799419 0.0109548365391202 -0.707384621370813 0.356346161049797
-0.042300001462174 -0.0489860058918084 -0.609062287252609 0.244047634389567
0.0138649800828745 0.0285284854295491 -0.467323098665214 0.259215644991769
-0.0455394031544871 0.0607725951465524 -0.358172755120861 0.156809779514314
-0.0250838838171607 0.0558550105119222 0.356209430618004 -0.0907267825163248
0.0294840756949941 0.0184026862550818 0.434195558848005 -0.235327304170784
-0.00124940268673032 -0.0429286504516983 0.597567267912818 -0.217015367435215
-0.0601057338756077 -0.00438692666699539 0.713973115968577 -0.368457321983267
-0.0239481314650472 0.0208581447290983 0.599639276724285 -0.40101858178301
0.0184983420272013 0.00542005010938201 0.415935648415734 -0.334790830805527
0.0443440853449031 -0.00424758078649937 0.22897677160809 -0.17209558868213
0.0441963941288245 -0.0161524363587242 -0.00392329482174242 -0.0312914103171625
0.0380700272122656 -0.0114135384807211 -0.187688261707179 0.120541507097891
0.0283118810105916 0.0170943261625558 -0.435183992473275 0.246917018774487
-0.0202917751282876 0.0543655551636329 -0.62898646152895 0.33478173665602
-0.09470074874058 0.00150009866895478 -0.748194855459725 0.291380161434798
-0.0331149704248297 -0.0543503836221492 -0.620113115049244 0.184002522384002
0.0136723282565766 0.0367121278137575 -0.472444206849273 0.241839524370932
-0.0556839450727535 0.0561885919408295 -0.361812337615833 0.132084522604635
-0.0105212025050688 0.0443389093596749 0.35111385277525 -0.120821126578262
0.0269953207722221 0.00824058073318762 0.429132308255212 -0.236782920643684
-0.00869016252711311 -0.0391565351467199 0.591449431605761 -0.273790333724274
-0.0536412740577418 0.00102498689854112 0.663729337247564 -0.421734718613066
-0.0205491983806175 0.0167417784689796 0.56618034646802 -0.425474671946819
0.0162044110801002 0.00242431851321669 0.408517466108152 -0.3490000499359
0.0394340034025969 -0.00441944267249934 0.23639106694167 -0.181191174496346
0.0384834384089408 -0.0150286597505647 0.00839959193197034 -0.0367025091748526
0.0318007057991458 -0.0098013336574405 -0.175920090494529 0.112846032907354
0.0234186954037637 0.0178005592483437 -0.434875003097827 0.229513157162924
-0.0254747321904087 0.0491508515722673 -0.653796077955469 0.302166449906967
-0.0891954587265543 -0.00864946163785799 -0.782522672040445 0.230892420707758
-0.0218296589847879 -0.0522074872234856 -0.621947694757501 0.131401579234273
0.00736927203631535 0.0395402306183565 -0.47796993230454 0.232139563077144
-0.0543618721832777 0.0378103070360573 -0.363367160688863 0.108619482510336
0.0645584280504432 -0.0584364746065863 0.329730951914431 -0.011322728688326
-0.0102784635032334 -0.0343134570368648 0.46694551302335 -0.18848198992297
-0.00613936560091126 0.0136413995749457 0.588673203494082 -0.0392482550689713
0.0198566400503294 -0.00734742149363996 0.824053450165539 -0.136906554806709
-0.00727115504159075 -0.0439187478732026 0.708365571975931 -0.272059926925676
-0.0237448398994647 -0.0147644787575575 0.440220351977688 -0.280209513399021
-0.00757635694371174 0.0156177169527486 0.201743444965313 -0.144085600990696
-0.0152788525574022 0.00979248205423079 -0.0390043312722 -0.0143866457108681
-0.0205687763462073 0.00924962126981666 -0.2109770272104 0.1499199884057
-0.0186115850583856 -0.00119806861680621 -0.412662698952141 0.31066468006535
-0.00862765519212053 -0.00983205256802806 -0.527227373595198 0.449449487559248
-0.00197901268849315 -0.00476671444141639 -0.605403712569164 0.489688384905178
-0.0325162500345581 0.0273365906146908 -0.56426561430955 0.372031648834086
-0.0358570732089621 -0.0110857635440044 -0.445410241211129 0.307849509708307
0.013123239146823 -0.0793331512589508 -0.349148642267552 0.222852179828587
0.0405297314751407 -0.0312201888452086 0.329037975611225 0.00761506851478028
-0.00433846337135869 -0.021558534893104 0.474875509881732 -0.192732171618469
-0.00259847363070221 0.00313681153095918 0.580491979000523 -0.0266976441074134
0.00413552649067872 -0.00991733085839953 0.833578937658696 -0.110496333020265
-0.0116018951407779 -0.0303939440985261 0.72190749293455 -0.263281294039554
-0.0153522945363515 -0.00953899119098993 0.441383093959774 -0.277305120198016
0.00430808836256533 0.0125457403884805 0.196604591656861 -0.143573707887621
-0.00214377468752128 0.00440507215581137 -0.044189889819782 -0.0115454044410656
-0.0072237498934617 0.00613924286408944 -0.215522803539001 0.153557963069814
-0.00732292249960539 0.00239492248064114 -0.413960885176427 0.31551926442102
-0.00870026867483922 0.00471452959336497 -0.522392743399965 0.453353467459087
-0.019660595009256 0.00124653346524081 -0.58827127724782 0.497237492005357
-0.0360700540416201 0.015267436598732 -0.557185170763292 0.384510704873449
-0.0259884047923821 -0.00190303318645468 -0.44599022680113 0.309648069127859
0.000619564674092535 -0.0447624795684261 -0.345236338670278 0.223302108562846
0.0103446309352791 -0.00481808773275503 0.333267790279848 0.0131010800318749
0.000704936335636736 -0.00252357734605082 0.478781385540278 -0.199800317985648
0.00309318953333161 -0.00788021329320169 0.577189578623592 -0.0331255996606801
-0.0135020349187849 -0.0142171287646426 0.833215626504357 -0.116907916038169
-0.0185083189061008 -0.0171751413343744 0.72293797584693 -0.271380545707539
-0.00633602080041146 -0.00266799198013713 0.440352430979757 -0.281500634072981
0.0173654337640553 0.00854129501734321 0.196674662251791 -0.144200553463751
0.0122276185007778 -0.00093110674453015 -0.0442602571697664 -0.0112798467013067
0.00717884815019859 0.000843573401371704 -0.216990078923789 0.152815875449358
0.00473748904965647 0.00545547610276648 -0.41863662032589 0.31439052826011
-0.00732185110507296 0.0193644327609083 -0.529411041630752 0.447056767770271
-0.0405494163433035 0.0100058845885089 -0.597328800984181 0.486569996807917
-0.0418041452080729 7.20860585874672E-05 -0.558186561196011 0.376879133960293
-0.0141546943845277 0.00494269195290606 -0.448365239422645 0.30787391799431
-0.0106906548711455 -0.00780499832029023 -0.34664871357434 0.216148612168855
-0.0165748619111952 0.0208822729342857 0.340531939645466 0.00254588607511521
0.00784941585234398 0.0152454122061713 0.471860238420131 -0.209800172394978
0.00855300407438867 -0.0182077290702866 0.5832310832472 -0.0588140173193025
-0.03179983356748 -0.0171100331774738 0.822957068738692 -0.159033906200918
-0.0246591339775667 -0.00261185380782485 0.704639279267811 -0.296868254063036
0.0025797737099617 0.00389845877880453 0.43467897297186 -0.290519073312867
0.0295422182394685 0.00460240790968021 0.199408980778488 -0.147544083741
0.0257172726338758 -0.00676368215350836 -0.0404028135234757 -0.0138286012669059
0.0201888516743956 -0.00566607847473166 -0.213367515744591 0.148832130096654
0.0149555387814919 0.00744623272753135 -0.423473539742732 0.302410414032558
-0.00711655216233301 0.0337408311070676 -0.546069358503504 0.431976794839995
-0.0606194083863556 0.0165878051685027 -0.621276045680445 0.459229617595639
-0.0470412162797948 -0.0174419882648949 -0.573040612781317 0.349034013826773
-0.00273903810552078 0.0114582434388112 -0.452733336624019 0.294136954708294
-0.0217182017961494 0.0244650234599563 -0.348413184489223 0.202455782019039
-0.0322759746623353 0.0416051716774316 0.34991777500026 -0.0226153891167904
0.0165337756975009 0.0262863314129361 0.458902846164704 -0.220942932057307
0.00984885962393339 -0.0302354635098542 0.590327293035108 -0.103966435922311
-0.0474450000887563 -0.0171230704749825 0.798698206856098 -0.222594767926978
-0.0272318455918463 0.010057108364442 0.675319312114861 -0.332965483255439
0.0107993367290376 0.0077705585021708 0.427520663008501 -0.304954406148623
0.0388728595851389 0.000412081613585819 0.207650762119225 -0.154478367712279
0.0371527155835753 -0.0117276380615713 -0.0302731494663427 -0.0178976335269862
0.0305599572248873 -0.00961344648728723 -0.207059302685517 0.139795860330961
0.0245522859807857 0.0102904928142431 -0.427418288560662 0.287733870949369
-0.00963766883058392 0.0461602462026486 -0.569129226042763 0.405026053632567
-0.0790438180433576 0.0179595864292319 -0.658994487959013 0.414075113198774
-0.0478727057034439 -0.0349692984371783 -0.589677889961918 0.302305328555207
0.00799756872050108 0.0190612531382465 -0.459872063729622 0.279531976099835
-0.0341929620361404 0.0473164946223528 -0.353061831471745 0.181201688120133
-0.034959573417988 0.0543691079788923 0.355776782422668 -0.0567225294716219
0.0258315793314862 0.026138636098045 0.443993315699737 -0.231375445391558
0.00594890269586601 -0.0392053704272622 0.595812646120011 -0.15980155105309
-0.0575492476541945 -0.0120034211766718 0.758566535203871 -0.297990447176366
-0.0275058039492561 0.0183837524433507 0.636880103432084 -0.369179959311356
0.0169840002268229 0.00904640885661943 0.419307222463796 -0.322482745024485
0.0438029601162928 -0.00246205916605561 0.218484580900899 -0.163031880586271
0.0430073923435075 -0.0155496887020103 -0.0185132045908937 -0.0239609971654626
0.0365023804387344 -0.0113303929013699 -0.197065318222278 0.131125152203244
0.0294839830851466 0.014287369954515 -0.430096213766747 0.268515598737694
-0.0141986247807674 0.0535511039570735 -0.598046971234803 0.37272255500111
-0.0917014942317461 0.0119648557474075 -0.705338646563353 0.356560547067623
-0.0421445228775337 -0.0477724780588862 -0.60620783550683 0.244057566444096
0.0137491086979009 0.0279269664226363 -0.464543821658427 0.259684763088635
-0.0467409724495862 0.0588480352597579 -0.357806625340503 0.157828285664276
-0.0258128757423441 0.0553817418092879 0.356505432741516 -0.0909825655746479
0.0291771961039805 0.0183123450899381 0.432783826133823 -0.235503424153185
-0.000917704402585387 -0.0421993626238686 0.597116062418714 -0.218519361505607
-0.0602369107840636 -0.0049945015049511 0.711738091014155 -0.369172809632205
-0.0247401055297406 0.0216980735777258 0.597305365175643 -0.401500735362609
0.018070347366612 0.00649036881787936 0.412231107264665 -0.336613513627784
0.0438341167782541 -0.00577696323871606 0.227703010261907 -0.173040064233157
0.0435019180118673 -0.0164111752821613 -0.00411290063983797 -0.0301158800516282
0.0369331208465191 -0.0112409051863906 -0.186003477939874 0.120308953533746
0.0287464180238115 0.0169177503120327 -0.432110210156046 0.245847640943832
-0.020871598320439 0.0545806181888021 -0.625777933139187 0.336342536310797
-0.0951245807372834 0.00178999442711097 -0.742739279405412 0.293776322877581
-0.0322179946271394 -0.0544856938886495 -0.619373598535023 0.184257216734204
0.0138360034763414 0.0358200184252718 -0.472011153799897 0.242259588236648
-0.055880744585853 0.0557359887334362 -0.360110812028964 0.132161330158027
-0.0101615960535319 0.043799680330801 0.350781994631673 -0.120734748998689
0.0268549356729859 0.006709821477241 0.427536507565587 -0.2388830716109
-0.0081847162129062 -0.0389180914030718 0.589793021337022 -0.274084346611361
-0.0532107010545265 0.00101987561501704 0.660703938341822 -0.424151394190097
-0.020388535066146 0.0172481064895324 0.563835971319136 -0.425453718969229
0.0158132544053841 0.0022128493486251 0.406923288284388 -0.349961739037715
0.0392742639038612 -0.00493820148361782 0.235577394223249 -0.181919185132711
0.0384713937572047 -0.0151172342174147 0.00868131844660124 -0.037210187677406
0.0308893947773928 -0.00962623610003432 -0.173980750844491 0.112529696467387
0.0230579206816875 0.0172211112480583 -0.432900305309232 0.230529880226597
-0.026376028604103 0.0488646116661559 -0.64981186264872 0.306173861102359
-0.0892920555770472 -0.00923562850768021 -0.778682913953042 0.230793139330697
-0.0221697705256567 -0.0509934696424981 -0.621265158262405 0.13147688914137
0.00653245042808175 0.0377293661779343 -0.475135979051066 0.234336176773343
-0.0550523373506389 0.0377139841831032 -0.362857135071088 0.109540603287528
0.0642207986287102 -0.0583435456048462 0.329084349688756 -0.0127090941489586
-0.00959743602509457 -0.0347456255887103 0.467100377919847 -0.189384279058798
-0.00579531069324775 0.0143823532308864 0.588154611881511 -0.0403130883699586
0.0203146609207847 -0.00739853229325835 0.822674099754191 -0.137617115220877
-0.00758988760256461 -0.0432945680356049 0.708197010956855 -0.273180669180602
-0.0238479940600396 -0.0138553329758593 0.438205587432737 -0.281891110363417
-0.00683990021696934 0.0152881640507968 0.200411154090316 -0.143657387322969
-0.015443996609718 0.00995129239123186 -0.0386997342216025 -0.0140312613745461
-0.0198279537380668 0.0101378546965671 -0.208981702492632 0.149872610707786
-0.0179001837999348 -0.00126849570094545 -0.410941528841684 0.312093633138238
-0.00786846117742088 -0.00995333577379823 -0.524799544168727 0.451083037591201
-0.00145968906396846 -0.00488777445339336 -0.601192968306762 0.490379955975984
-0.0321549312520512 0.0277823430288219 -0.564090089610938 0.373509383680512
-0.0358578466935656 -0.0111347797957635 -0.442963747247617 0.308050634465785
0.0125003812997313 -0.0797813975627384 -0.348261658609387 0.221698760469141
0.0400652663943935 -0.0328026679351726 0.328936365093448 0.00740636329349467
-0.00422528849448488 -0.0211095963180203 0.474808877213226 -0.194515385188956
-0.00230654690693744 0.00340129235701009 0.579180200243138 -0.0263668912493213
0.00340673555735686 -0.00950337322470452 0.833599878700107 -0.111962416609362
-0.0117562507822915 -0.0307970049752092 0.722917305789314 -0.266310463995752
-0.0154524784299422 -0.0094229117571427 0.439603112330568 -0.278491726035544
0.00488867804289551 0.0123659208415719 0.195867817188578 -0.142946641199247
-0.00193543539682085 0.00537662845794337 -0.0445933851223437 -0.0116645548975096
-0.00678041377490031 0.00556282729116675 -0.214496274351092 0.15345582473087
-0.0078073930664125 0.00223779391512352 -0.411146542955928 0.315703391322991
-0.0086028558667151 0.00466806745851679 -0.518816057248809 0.455234445307563
-0.0191594483669066 0.00230199054883553 -0.585092884297996 0.497296897404866
-0.0359230153454477 0.0154238373477894 -0.555891788161194 0.384470774768064
-0.0256292961995116 -0.00171525544252369 -0.445179796574684 0.311100580152443
-0.000531296405325836 -0.0445401475229343 -0.344440299681349 0.223318201414767
0.010356590359953 -0.00517620483164574 0.332288269741487 0.0123465862537629
0.00105352121664841 -0.00248581909137585 0.47905654101918 -0.202388285721119
0.00331683159051068 -0.00665832125273102 0.577433562727058 -0.0348120211439257
-0.0134483865508547 -0.0137801809534444 0.834650594292159 -0.119213454686709
-0.0180367800165889 -0.0171146622666179 0.719701194177733 -0.273855746287008
-0.00613649308581785 -0.00244473225102414 0.438551121386089 -0.282249490703365
0.0179345125670272 0.00778631874330031 0.194921260976326 -0.144904005343447
0.01200152515182 -0.000727345807605191 -0.0447080711935124 -0.0108250989007698
0.00673992640092598 6.34479422763753E-05 -0.215344723692022 0.15299334021074
0.00499497764673273 0.00559551503950189 -0.417870362521313 0.313890201201476
-0.00726738197931785 0.0191002451869142 -0.525966113807405 0.447776942203539
-0.041015640203013 0.0101288635885309 -0.594377777062067 0.486140907612377
-0.0416713769236498 -0.000202279164650078 -0.557963509647849 0.377804449739179
-0.0145075459599059 0.00499068345081245 -0.447601577434182 0.309888476167523
-0.0123567556886176 -0.00852117304332717 -0.344656526090312 0.217733625166052
-0.0168945814763776 0.0204379013728504 0.340375419115048 0.00238936384346023
0.00756965805406013 0.0153563251432795 0.470794878325358 -0.21117413531831
0.00928794435808362 -0.0182444512020976 0.581990588995356 -0.060289200817405
-0.0321443571723002 -0.0172899013094438 0.819476370318016 -0.159894236548737
-0.024175805412218 -0.00272930218181853 0.704112095708968 -0.298100345306937
0.00211500789174739 0.00416258056981907 0.431650627342441 -0.292811044334518
0.0309745763534545 0.0045275326154688 0.198247439978495 -0.147927155098328
0.0259319113550637 -0.00662909762410604 -0.0396883466921533 -0.0127305616488943
0.0200580120053823 -0.00521196453439948 -0.212258426239386 0.14816175793212
0.0157287465176414 0.0080757892003434 -0.421180060672412 0.304724019334425
-0.00739675515290924 0.0344660271945007 -0.542124832851059 0.433201723023316
-0.0599634335935152 0.0169072476526658 -0.619218270486142 0.460115334871369
-0.0468347275669829 -0.0175772165172299 -0.571361267648076 0.348665538218668
-0.00245391702282648 0.0108765755519508 -0.452876308292318 0.298065913779426
-0.0233477840389414 0.0234727179837205 -0.3491716828401 0.201327735969571
-0.0329024152474583 0.0415068537513965 0.350376233496148 -0.0240048325593118
0.0176686918691226 0.0254751330438596 0.458172687750658 -0.222642806056501
0.01016653263061 -0.0294239566432729 0.590806938322814 -0.104722661205281
-0.0472856116991692 -0.0174568969925517 0.797019837921241 -0.224742888920759
-0.0277891325190379 0.0107792753067966 0.674678338861399 -0.334302194098946
0.0105637354830504 0.00746763888969716 0.426456038025053 -0.305940487755883
0.0396013448649003 -8.33049592766752E-05 0.206624367601171 -0.154119611670411
0.0371131764716011 -0.0123332342729721 -0.030626296168822 -0.0179375359989967
0.0305863383250957 -0.00970768997413799 -0.206273822946948 0.140636948733893
0.0251203417139975 0.0105617306882782 -0.425440707031848 0.28862630782913
-0.0099881265611288 0.0467926718395686 -0.566213649416595 0.406826160888331
-0.0790773978040095 0.0188451315087483 -0.656627167309399 0.414704730294672
-0.0473666953808389 -0.0343245754702859 -0.589182658619741 0.30180690685125
0.00740528844737116 0.0189204837615673 -0.459676923325005 0.280088615169583
-0.0351405761524148 0.0473344241157186 -0.352450446173215 0.181172915003482
-0.0342995483850221 0.0537561084682365 0.356476511153854 -0.0571467167792063
0.0260048769710809 0.025985912292154 0.443117998407417 -0.231442469913355
0.00601102347790281 -0.0387015583530008 0.596485925096089 -0.160181977977405
-0.0575157036625417 -0.011102172601302 0.757740119111994 -0.298517563302381
-0.0271138818095718 0.0187082366552343 0.636785440873013 -0.371864330823638
0.0157260394486262 0.00869172766168972 0.417662889365398 -0.32223929710384
0.0448891763837973 -0.00371330091524444 0.21633783298793 -0.163654131564309
0.0427585607143233 -0.0156796751185546 -0.0184395868649967 -0.0239904856644218
0.0358665646572748 -0.0112729166257495 -0.195872651488093 0.129598454061149
0.0287634002126684 0.0146898506613226 -0.430145689676032 0.269564848748306
-0.013597834563191 0.0536779153350594 -0.595588716576184 0.373708149732687
-0.0916630457213982 0.0126572035205588 -0.699881670980081 0.360380592105625
-0.0414241886220407 -0.0485381841369118 -0.607212263239556 0.245468415810275
0.0133069686349365 0.0268701936075259 -0.463889373761092 0.261437245367592
-0.047523304314657 0.0590546917114806 -0.355883167828364 0.157727349906097
-0.0253664508737675 0.054089045159924 0.355754944467892 -0.0919409290113455
0.0294883858396646 0.0184474576360936 0.432262542044481 -0.235367750596936
-0.0013528423247036 -0.0418656772847829 0.596451337020375 -0.21959683019828
-0.0593292547492364 -0.00392899965687756 0.70973460138971 -0.371300400884486
-0.0242549138171075 0.0210154945114178 0.597326203972149 -0.404902963158423
0.0175727453907808 0.00680723263368076 0.410846031331138 -0.33576591200764
0.0448127378939096 -0.00528144018624613 0.226430792104251 -0.172467911622042
0.043492569582176 -0.0177144652056358 -0.00493550281166652 -0.0299933511484626
0.0360707385066994 -0.0106527736955581 -0.184187158011845 0.120218703750572
0.0280974867668229 0.0174018862366414 -0.431633649690442 0.247624632743201
-0.0203341426026321 0.0546429751584135 -0.62407831015987 0.339512642348979
-0.0953453031852433 0.00245704245442967 -0.74442687426237 0.293547071527962
-0.0318038644651022 -0.0544055044560496 -0.618391974534087 0.185123999701639
0.0130576779444768 0.0353296034283988 -0.470814482122917 0.243868323151251
-0.0569145271671744 0.0548849153296023 -0.359831054737683 0.132024758363663
-0.0116091173346066 0.0427304517593425 0.350410276965052 -0.121332477653014
0.0268721171679205 0.00703994781394856 0.425617811793619 -0.240229394967466
-0.00770637583491013 -0.0392388466694373 0.591709450817064 -0.276336651452494
-0.0539720150515902 0.00103607057164755 0.659459726526523 -0.424636346236274
-0.0206090589129134 0.017767700535795 0.561082116655157 -0.428862053658307
0.015098868217195 0.00276545389101419 0.403048689371574 -0.349839802938449
0.039963654817484 -0.00507049784446709 0.235050285082836 -0.181944515165489
0.0381804528908388 -0.0158789655865632 0.00813820440795017 -0.0377836698062301
0.032158258304152 -0.00916798715707514 -0.172382007225487 0.112290999839797
0.0232375574625739 0.0180138954939537 -0.431677288720368 0.230069347155077
-0.0251064730316396 0.0484665309958758 -0.64804969623863 0.306560286443819
-0.0894073056023904 -0.00861741177868019 -0.777690367280205 0.234002685201148
-0.0214712732928848 -0.0503019528413291 -0.620104402259597 0.131546247101036
0.00652729847837108 0.0380056476803023 -0.47611084386673 0.233289810268957
-0.0560925546470357 0.0370417338637649 -0.361609414691392 0.11026509652638
0.063552849247196 -0.0582649015938013 0.330286393837018 -0.0129970477369855
-0.0103174394981159 -0.0353037479180577 0.466244581913743 -0.18996466794515
-0.00541568684271956 0.0153293644056468 0.5886665625755 -0.0411038480726819
0.0202869648691234 -0.00738643641441218 0.824387070543008 -0.140009068152947
-0.0073357044738042 -0.0434639694977137 0.706586365453019 -0.275851851796035
-0.0245083268453904 -0.0135647793315204 0.43640715101721 -0.282942224563461
-0.00646298641051963 0.0154207758574855 0.199705649643092 -0.145758885346392
-0.0164330958682439 0.0100927125216069 -0.0385822918762251 -0.0136296134235503
-0.019672388151556 0.0107054522743759 -0.208101827118418 0.150157605253448
-0.017946109487658 -0.00027531537233496 -0.408042729555022 0.313124981803254
-0.00805561090561999 -0.00962724270883811 -0.520625082768087 0.451612644086143
-0.00239246117617596 -0.00425303586228737 -0.598388559225143 0.493187368479338
-0.0322035826976126 0.0274043650218043 -0.563138087966577 0.372801420088129
-0.0363825706537647 -0.0112810903029876 -0.442841398444221 0.309816251592196
0.0107582435323647 -0.0813263039580361 -0.348071898953007 0.223219392129848
0.0398200034798933 -0.0319960653243978 0.329360567771275 0.00655449245446069
-0.00400133661089228 -0.0211801328528308 0.47586919863317 -0.195328819017646
-0.00289987510884138 0.00427487015959721 0.579253861651964 -0.0279234651414997
0.00447822177425812 -0.0101673555362131 0.832153336833627 -0.115666599813203
-0.0130988582366676 -0.029866116801939 0.72170209686488 -0.268258270739168
-0.0164514017800716 -0.00927599777652757 0.43780298442705 -0.280275744588196
0.00491068056124994 0.0115747468518127 0.194659524547161 -0.144129013065756
-0.0021552000361155 0.00472538929770635 -0.0435358546363523 -0.0119189108933817
-0.00704784685194361 0.00567060273564863 -0.212854516448043 0.153429872263699
-0.00774628415722168 0.00345427936749015 -0.412056598131724 0.317288190438929
-0.00815192671905582 0.00446030662358577 -0.515676606485646 0.457846771732225
-0.0204864183879343 0.0021450729182757 -0.585032507228965 0.498925063497644
-0.0350010763753765 0.0153448588347858 -0.555321816211043 0.386045519009688
-0.0261907661393079 -0.00183978433849434 -0.442889985512948 0.313632529875791
-0.00238798456125253 -0.0460580566489893 -0.344086170060349 0.223890217581864
0.00852973094245413 -0.00542175529533222 0.333473756382412 0.0119682939192063
0.00165038228716511 -0.00304274449794013 0.479014311361697 -0.204885968103239
0.00338501420634131 -0.00650516780862026 0.578754465116976 -0.0360769205288424
-0.0142499614650267 -0.0137064124027365 0.832105102374626 -0.122794654331552
-0.0183088815696319 -0.0160451469691373 0.721573597751057 -0.27725020172578
-0.00698705972085832 -0.00221685065932235 0.436459440174576 -0.282827544140873
0.0184905611647219 0.00756016677440857 0.193916061413909 -0.144707862616443
0.012456559168274 -0.00110940558401111 -0.0446579623789457 -0.0109699334585858
0.00718003402305791 -0.000499026210838549 -0.214467982304173 0.15257680210601
0.00411631417991736 0.00490947902856654 -0.41469633927894 0.316542769553813
-0.00764877795015213 0.0199488892956548 -0.523666054579448 0.45054903317466
-0.0405560562519514 0.00977913937855138 -0.591460395168337 0.490012276317368
-0.0408437094094497 0.000464769351331596 -0.557681722422935 0.378843411683212
-0.0145339002895508 0.00470891026024008 -0.446293121859684 0.309013809070446
-0.0135016092468881 -0.00888647826017376 -0.345212073383944 0.218090179233788
-0.0178405201003445 0.020329567675696 0.340480228477364 0.00181221252681328
0.00756916430363089 0.0141806330944899 0.471129389809774 -0.212479205400034
0.00878039394479525 -0.0177605593288683 0.583012633159944 -0.0628604790384902
-0.0315395857776441 -0.0162904519532612 0.820455978377717 -0.162638389819376
-0.0242128091036245 -0.00301041275997483 0.704622490460778 -0.301654589772837
0.00269147517515666 0.00481906297916749 0.431659601187983 -0.293287061755596
0.030431151260803 0.00361257332326775 0.199244014985145 -0.148217693147378
0.0251543751718135 -0.00738001350018954 -0.0396763333164295 -0.0132586347713703
0.0207087935232798 -0.00526465082264807 -0.2107183987764 0.148430685616396
0.0154325181070227 0.0073983887886839 -0.419736097836802 0.307623385590263
-0.00699641369283268 0.0342806680668604 -0.539643244437287 0.434383400678912
-0.061616331176734 0.0168670360875074 -0.616232261263594 0.461832089900036
-0.0459844491523265 -0.0169934034609057 -0.568817229483347 0.35107050345379
-0.00245684763552811 0.0114640708495025 -0.45133850583481 0.298739486642839
-0.0244776733910815 0.0239428510966612 -0.347479551705561 0.203812028524197
-0.0325909582966004 0.0408896065276454 0.350079867599641 -0.0243340849143241
0.0168355936324699 0.0257679272510508 0.457837096147598 -0.225027871116847
0.0102599312026652 -0.0297252388567335 0.591670451485198 -0.105981629339207
-0.0466816415549711 -0.0168205881255548 0.797168975457543 -0.226792682073941
-0.0273491887480678 0.0106462739057007 0.673591245779124 -0.33599677450797
0.0100369505127172 0.00869875106973893 0.424960594294656 -0.308142258356796
0.039507812531301 -0.000812879419346278 0.205362021830692 -0.154505660427379
0.0361519499028291 -0.0123260490291128 -0.0310657135098078 -0.0183719610945568
0.0302958696946766 -0.00974030412296874 -0.204601501260245 0.140277529378708
0.0242821656089991 0.0114112422944424 -0.423789228294221 0.289755541146365
-0.00915597190909906 0.0462506498834952 -0.564625827712787 0.407155398193533
-0.0789864901358583 0.0181577558146218 -0.654323428727174 0.416438314390966
-0.0465929595051525 -0.0335058333930291 -0.587753983113196 0.304960611970307
0.00704907759048625 0.0179292508005778 -0.458486177676263 0.281132326570661
-0.0368492335769617 0.0467171950373179 -0.35292083089508 0.181542299556223
-0.0356986686230492 0.0533341837232506 0.356600212018563 -0.0575203876233386
0.0255224662210025 0.0261166479789403 0.443036829151098 -0.234098517346448
0.00665904652235865 -0.0386886499777233 0.597561111078498 -0.162711398942497
-0.0581414298582643 -0.0113680811945687 0.756648694521464 -0.30220605019856
-0.0276549125275962 0.0183799929407555 0.634630038193574 -0.375839029902353
0.0162384074990704 0.00955189399515212 0.415210740026972 -0.323067710118269
0.0454656067931149 -0.003766832478907 0.2143615341073 -0.163801013247511
0.0420288739201943 -0.0152954704358873 -0.0183049199225708 -0.0238713226415003
0.0357552947991997 -0.0106925869954712 -0.19445605148007 0.129967887582725
0.0282945849791668 0.0139621945592533 -0.427114610911631 0.271415528807181
-0.0137808851253192 0.053760415925415 -0.591768334815634 0.376428562720267
-0.0924430337512177 0.0135497793124639 -0.698213877558072 0.361651395128215
-0.0415926108061344 -0.047368065142569 -0.605766695635547 0.247500852656721
0.013480931604994 0.0263398560822053 -0.464734971533919 0.262576469431492
-0.0490543943043392 0.0586495293819929 -0.356262772701614 0.160313271298987
-0.025507060592168 0.0545563463657427 0.356491578858781 -0.0921763427605109
0.0291946583010608 0.0177888117132727 0.43182256193632 -0.238154627222349
-0.000921627207269713 -0.0416320674639423 0.597338798387245 -0.222863458784199
-0.0595340486511342 -0.00468936547344792 0.707648809341991 -0.374127222942463
-0.0244812527567241 0.0211154210667372 0.594951806394927 -0.40756107367836
0.0175114116977546 0.00698197143271467 0.407925498679724 -0.336597191262371
0.0448527348755407 -0.00603458104840972 0.224794886610533 -0.174019108137547
0.0428223863675807 -0.0171045522134364 -0.0047423558808661 -0.0313533874640349
0.0372731094401322 -0.011587691617125 -0.183637206929172 0.120010423479517
0.0276858918182022 0.0172276391665775 -0.428678940370007 0.249937802947409
-0.0208576043809257 0.0543874103137409 -0.621089622696864 0.340841834146241
-0.095647401520795 0.00301284180418547 -0.740723141141032 0.297293888019228
-0.0314871787547737 -0.0543589633033379 -0.616725954139716 0.187236313541016
0.0134293172346881 0.035249049469338 -0.471253697991052 0.244334161291974
-0.0588919635358043 0.0548612144079218 -0.359666256380795 0.133779111958543
-0.0117210045827404 0.0430997918555223 0.350118945806429 -0.123033026111605
0.0270757370222679 0.00674365316447687 0.426173410067885 -0.242069014098456
-0.00803387034330227 -0.0383310847258735 0.591512264247979 -0.277641929442529
-0.0545965553961032 0.00113779616392026 0.66056218561023 -0.42736828562174
-0.0201063533166934 0.017455333658189 0.559364537418146 -0.432679897597931
0.0147304516892832 0.00322065259459467 0.401966092392082 -0.350885116214846
0.0398206847765651 -0.0062332094035565 0.233405862937849 -0.182974747723462
0.0379165723827271 -0.0162513642603609 0.00833791083431739 -0.0377648052533858
0.0314962227134495 -0.0105001934026451 -0.171793467565476 0.111928448941882
0.0220518449431189 0.0187929240735047 -0.429884909487523 0.232758889818898
-0.0248766204676666 0.0495427669381537 -0.645811228563368 0.30895321971131
-0.0896136606292079 -0.00730811240337656 -0.775567951448264 0.23508100646867
-0.0213679933085497 -0.049753007135375 -0.620934988115261 0.134255839871641
0.0065960587771114 0.0375800205904708 -0.474526049503765 0.23592763578249
-0.0580898551117407 0.0364326330861635 -0.362404024138297 0.110341690132992
0.0636375673254449 -0.0598232873437048 0.331429167416797 -0.012762812001913
-0.0100755058135413 -0.0358883594564637 0.466023727877778 -0.194033626622095
-0.00502345452224073 0.0153105765524871 0.590731382794348 -0.044873251111286
0.0208634853467469 -0.00739604765930332 0.823349751907205 -0.142957187518768
-0.00816067068119499 -0.042884042910167 0.708926428702238 -0.282194831204099
-0.0246370150963489 -0.013709429269364 0.435100960222669 -0.283869577737662
-0.00593168710292677 0.0151662325527802 0.198901222021831 -0.146361337046176
-0.0159290621186404 0.00940840396278905 -0.0391397401758679 -0.0129592044718669
-0.0193697511538997 0.0100236424076902 -0.206403761454543 0.150083094250746
-0.0182989197652856 -0.000517834923459102 -0.406582907978565 0.314625782764955
-0.0083715942989962 -0.00964098516875521 -0.518511370943786 0.455349559082635
-0.0021336072485843 -0.00449899100983856 -0.596034003034598 0.494513026842653
-0.0320998883278512 0.0280520796769098 -0.562709997103686 0.376838143317394
-0.0364355867598495 -0.012568207001836 -0.442998347006376 0.311888654232793
0.0102835569046985 -0.0810264047598263 -0.347244489003014 0.224709739214657
0.0393939866025694 -0.0328195182506189 0.330406159780773 0.00532261420075424
-0.00385244183792077 -0.0225271647002504 0.474399965372546 -0.198395497173752
-0.00118267182193552 0.00465261023292954 0.582452611156685 -0.0295570754255221
0.00425742144016257 -0.00957727806046776 0.836153054170989 -0.119511355892606
-0.0123552844658118 -0.0303748429093194 0.722209211069721 -0.272561086324951
-0.0169884249563826 -0.00837399750917133 0.437759168938093 -0.281566234692756
0.00530427078734753 0.01099765826147 0.193088907076462 -0.144819419118583
-0.00210773902533341 0.00469152208633412 -0.0433182003827619 -0.0118969905073787
-0.00708238748871303 0.00585627023423058 -0.211200867241834 0.152959385380581
-0.00709573933802336 0.00253343480813123 -0.408324579647119 0.31872588014756
-0.00872662464945719 0.00448006405942103 -0.512681435554899 0.459985753983072
-0.0209156780554117 0.00180052942197328 -0.581114945764944 0.50202349682752
-0.0345291701593958 0.0158074753084192 -0.55424982930816 0.389109855981384
-0.0263389097947787 -0.00227451433020047 -0.443757475349056 0.314242950176692
-0.00342290918137127 -0.04596522269429 -0.344199569438094 0.225545606129834
0.00911963259981398 -0.00601948222424835 0.334803621060155 0.0109418363263126
0.0018210065510948 -0.00350363716452218 0.476969185215631 -0.206170870746893
0.00367456381286888 -0.00644635939701665 0.578560537513172 -0.0379587538012975
-0.0137798616462122 -0.0135833907076267 0.834944988442726 -0.126849743944806
-0.0184293001399329 -0.0165824368365735 0.721128621142329 -0.27913365944615
-0.00707883484881483 -0.00146796334632524 0.436220374582953 -0.285465731521153
0.018664956002531 0.00738572455797494 0.192820048271115 -0.145188302826969
0.0115775706715241 -0.00151165762794514 -0.0444717638442772 -0.0110227532043359
0.00718994972042745 0.00102735819704947 -0.212879530847101 0.152458168459642
0.00418398546365791 0.0054292478851316 -0.413451169913034 0.317335228386045
-0.00747844291120201 0.0198276204960349 -0.521434029744813 0.453492386820417
-0.0404981984468553 0.011109954157689 -0.588658395302972 0.492592488426918
-0.0404012075883309 0.000679810905911286 -0.555835606032376 0.381000462360796
-0.0154016899990124 0.00415085706320119 -0.444221431942709 0.313063348621047
-0.0150629705969216 -0.00965597808224977 -0.344959310224701 0.218102752945235
-0.0178268242601629 0.0198308287044008 0.341806147319101 0.000530965683927689
0.00844954927667691 0.0139403166768655 0.469707168203619 -0.216287523149714
0.00962398730198877 -0.0180931347425195 0.584991710518326 -0.0655447533169408
-0.031514627831633 -0.0168895017703366 0.822796979551379 -0.165594663615495
-0.0245092797145381 -0.0025237459402877 0.705286484277556 -0.306995824327761
0.00150443734231853 0.00513647649936361 0.431047013578941 -0.295141427666355
0.0309032883979181 0.00327221602208644 0.197210834534138 -0.149129382230974
0.0255001402602067 -0.00749930882679725 -0.0396150941048794 -0.0130426926859109
0.0204852190477093 -0.00507194288482362 -0.209193371373917 0.148379913355833
0.0155720950030832 0.00792974075066987 -0.41839753210191 0.309044817282635
-0.00736761135383972 0.0340963871892439 -0.537059756250407 0.438668398485697
-0.0612972438006889 0.0167303368099662 -0.613228224767704 0.464699306582772
-0.0462418730220797 -0.0164417639672137 -0.569963570676265 0.352300706408995
-0.00253875666052134 0.011656813440679 -0.452127318438515 0.301819074534999
-0.0248604073766612 0.0232014980204247 -0.34641128921504 0.204152752728469
-0.0338789941724056 0.0409656484523221 0.351437441379318 -0.0248755200741486
0.0177031620345362 0.0250618295829985 0.455718346092163 -0.226867451643677
0.0104724126853507 -0.0295780123876891 0.591154955724064 -0.109078474363744
-0.0478161457315565 -0.0167050918735638 0.795339272510719 -0.230943695117015
-0.0277061229183076 0.0105513839522625 0.675031742035375 -0.341421413869672
0.00916542583591591 0.00889512438069365 0.423220367160853 -0.309445852086915
0.0399872832308525 -0.000658728408949517 0.20475068125698 -0.155776007683976
0.0361625107758205 -0.0134950000295323 -0.0312443422621393 -0.0183638213361247
0.0311964054715796 -0.00925451362760154 -0.204176598447313 0.140276159324354
0.025090701750984 0.0109652867267513 -0.421751346234766 0.291499794564918
-0.0093259301494893 0.0468750595633957 -0.56379854531786 0.410733732253813
-0.0787838421234175 0.0181822690418246 -0.652223642939936 0.418927011310852
-0.0464826844302981 -0.0342039591968473 -0.588477518593398 0.305423070715807
0.00750437137036145 0.0180966783007843 -0.45706110730128 0.285216537504433
-0.0371320997570506 0.0465053969345065 -0.350071722312847 0.182317023595469
-0.0355471805665035 0.0532703813134097 0.356745532922803 -0.0594941376780508
0.0256876709840901 0.0256264727288371 0.442692662266948 -0.234164218040969
0.00690310451561199 -0.0374945124974141 0.599578665881834 -0.163990720046618
-0.0573581686715688 -0.0108371612405633 0.756795695757617 -0.305018324904928
-0.0274034971044239 0.0197016388373595 0.634372833143943 -0.379350653326174
0.0155539018410537 0.00919331248724082 0.413530225764296 -0.325077147532021
0.0449993939170554 -0.0044516545002359 0.214108702472487 -0.164241444445511
0.0423576123873504 -0.0161289276366442 -0.0179210986778076 -0.024768925328332
0.0362773856994287 -0.0119383257047187 -0.194196854459631 0.129441676196989
0.0289671450912906 0.0142948267957898 -0.425933376336966 0.272354819824986
-0.0136199425703945 0.0532024706324794 -0.59070321694014 0.380840630168347
-0.0924589089418279 0.0144486647028428 -0.698494950697844 0.364078083884083
-0.0415166910441674 -0.0472411179516566 -0.605123118116429 0.249288579886735
0.0134422227659384 0.027086997316083 -0.464307299441246 0.264328153948582
-0.0504042665326018 0.0577626619208424 -0.357215657323226 0.159857721904077
-0.026375496293482 0.0546993716962991 0.35595115739129 -0.0935873384128793
0.0305350957346311 0.0176019232830301 0.431407126290013 -0.24152491787377
-0.00132836387351759 -0.0413694322303663 0.598870343945616 -0.225129810090189
-0.0596001859649289 -0.00415103539404815 0.708989383247356 -0.378410020485487
-0.0246076286748582 0.0222154428033082 0.593885080338741 -0.410059257929685
0.0177324021547332 0.00695248995282098 0.406064796572719 -0.338666560593821
0.0452096723911491 -0.00605782056311512 0.22497371304138 -0.17471286301415
0.0427625079128918 -0.01768967384074 -0.00433977052873512 -0.03077185441368
0.0354852776348013 -0.0116353390403588 -0.182303570451516 0.119661040533193
0.0284657029761048 0.017942595297619 -0.428192903665432 0.251932294319921
-0.0197413178058775 0.0553002702319231 -0.619070276064817 0.343657662557944
-0.0961402422797271 0.00339066170595817 -0.741262882033496 0.29939592228915
-0.0316379497900431 -0.0526789682006447 -0.617937633849019 0.188225102036673
0.0132212219162127 0.0346805470540419 -0.468108702076744 0.24654051716854
-0.0580851055229837 0.054786654834172 -0.359566598002225 0.135106597451961
-0.0113128195480137 0.0426780571609934 0.35107675386467 -0.123064073449738
0.0271662770496714 0.00634479288592547 0.42520975946061 -0.243928619778091
-0.00710306184033337 -0.0360190904958674 0.590822615542274 -0.281168411969686
-0.0540159020435118 0.0011526259888547 0.659430453266863 -0.431887259319245
-0.020097825779803 0.0173248995327105 0.55892175426078 -0.434026195517564
0.0147831938998843 0.00331469443890041 0.399368432100124 -0.352871845883351
0.0402470147126582 -0.00621485904786426 0.23177748955877 -0.184183249678999
0.0381653708480813 -0.0159280890061605 0.00825878878563631 -0.0381343697389846
0.031509991582089 -0.00961570935087948 -0.169695432603342 0.111194419064164
0.0229648084022623 0.0185447676585215 -0.429108986954067 0.233425521202714
-0.0254753272241589 0.0492991779060639 -0.644529797311851 0.313754488883706
-0.0900460654549912 -0.00692501344120486 -0.774580568815404 0.238538376133644
-0.0220564140682229 -0.049445466574864 -0.621301758947186 0.136293531785767
0.00671679173596627 0.0364260848211948 -0.476300058653523 0.23669952867102
-0.0588463495684715 0.0364399323418863 -0.362373040466892 0.111914781363665
0.0630448970184818 -0.0600805777693988 0.330930384416473 -0.0149441635921969
-0.00981905150433391 -0.0368894177139927 0.467280343286454 -0.196594855712079
-0.00423499497169678 0.0156895648270499 0.593717486339124 -0.0478038493361258
0.0213900887428874 -0.00758113454952252 0.825881483952216 -0.147827016723843
-0.0089513972541955 -0.0428994354893068 0.708918052518837 -0.285047575078406
-0.0258555644868563 -0.0134371072217373 0.433349913653528 -0.286473326046162
-0.00521920224220605 0.0144823940391771 0.198636477614886 -0.147281277596266
-0.0159224929870969 0.00986618991179919 -0.0388887861640478 -0.0140625555066706
-0.01954547034084 0.0102563712082263 -0.205399934950776 0.150735733524822
-0.0175105239560676 -0.000930797396838763 -0.405464869263323 0.318093181966514
-0.00848178746279317 -0.00940650808866834 -0.515461841463323 0.459333076448997
-0.00216056734211305 -0.00498151392793324 -0.593681187245658 0.496180230188942
-0.0316070861306572 0.0289432182104107 -0.562726479820123 0.378552199858762
-0.0367974593712715 -0.0127227167208726 -0.442334334534788 0.314224639795739
0.00929477398063548 -0.0817727216022828 -0.347083339843072 0.226587367523331
0.0385275755797756 -0.0328921997031456 0.330667894682595 0.00547015375662791
-0.00336323892120727 -0.0232502076695969 0.475253369471067 -0.201676889326106
-0.00158817186383881 0.0047689054838025 0.582680476581579 -0.0338993967851281
0.00438497628309759 -0.00932566340407996 0.836281252422647 -0.122508749895548
-0.0127641441063121 -0.0301468831926804 0.722254525650313 -0.274874143585661
-0.0163469891885778 -0.00792972609389028 0.434681287701625 -0.283854398874186
0.00602617018595411 0.0106142756402613 0.191535967315782 -0.145172745914833
-0.00258808063706337 0.00455933731480775 -0.0436386555525774 -0.0115059980492066
-0.00711895970796921 0.00577750606940116 -0.210625534672041 0.154391891287599
-0.00827621839499869 0.00316634088122107 -0.406429681845328 0.321544457638098
-0.00800860169778106 0.00498485691829341 -0.51024195788184 0.463644968794437
-0.0204544113021924 0.0021735010217086 -0.578437293326371 0.506696819411972
-0.034762414680694 0.0159014761756951 -0.554153036950446 0.391571394197269
-0.0269185279221724 -0.00384881043073262 -0.442655090652508 0.319488999361831
-0.00432183929433113 -0.0457783067629713 -0.341492544996232 0.228635102419181
0.00855061431794525 -0.0056606803910384 0.334374999724681 0.00969385197077723
0.00167311050601737 -0.00403897258687102 0.476563471037506 -0.20848393148712
0.00419809625268897 -0.00640854242486467 0.581361045308789 -0.0419331677839325
-0.0142861035632057 -0.0141176405850109 0.838110476939133 -0.12944097591801
-0.0193642463316229 -0.0155606814073681 0.722605427558143 -0.284947690958322
-0.0076876511251016 -0.000809320920657206 0.434855792544846 -0.288771114843035
0.0192185201896558 0.00720134834970249 0.192452110558621 -0.146738922114998
0.0121118738733992 -0.00162812249370547 -0.0444113911498274 -0.0110443366660527
0.00783894359257341 0.000556123937622295 -0.212016902119718 0.153916092663433
0.00507929954388814 0.00481555578080873 -0.410426089149233 0.32109364417392
-0.00759948443260673 0.0197647159798313 -0.518088614752821 0.458138554732369
-0.0409413265245536 0.0119884292525076 -0.585498676541214 0.495739461156286
-0.0406321313678688 0.00130570779617079 -0.556013220109389 0.38506552940239
-0.0150313628894208 0.00400052084990009 -0.445601971403222 0.315440442929734
-0.0152869173681423 -0.00947038393905574 -0.343370854615455 0.218903168328881
-0.0185014605556875 0.0198792029884658 0.342202192422043 -0.00033853907732347
0.00845149134248234 0.0141655356813713 0.470029374058502 -0.218447543504197
0.00906754678126297 -0.0181516118264685 0.586877980908339 -0.0673943276147782
-0.0319116279332729 -0.0166234608903163 0.821993314329258 -0.170018660454495
-0.0247631139477531 -0.00156123654901611 0.704562803458347 -0.311394718336693
0.00148697793939783 0.00518189170868476 0.429024898616696 -0.296741433244525
0.0314322183485013 0.00325899236848539 0.196596984301733 -0.150118934068718
0.0247801746754111 -0.00798006759498916 -0.0402872381444587 -0.0125568138672691
0.0197423302373641 -0.00556055487916744 -0.208811458059897 0.148824124969445
0.0157977325157892 0.0076921977209193 -0.416856963854996 0.311504378542803
-0.00680181822286666 0.0344168882015886 -0.535527297363337 0.44152732246429
-0.0612145116228429 0.0173521298521849 -0.612261718121512 0.467725557017981
-0.0458979479432045 -0.015326177587269 -0.56788866939192 0.356071759391813
-0.00264894641180127 0.0105056249654748 -0.449369167183677 0.302293982805388
-0.0261840647674621 0.022490792725552 -0.346530378504175 0.206660975356978
-0.0341353261786328 0.0409252676000599 0.351535055389998 -0.0247522578010478
0.0171933931613966 0.0246804751000075 0.457688820221199 -0.229930490804504
0.0102351817127502 -0.0285872597387219 0.594085129033892 -0.111541199282532
-0.0471310319554707 -0.0167261836479463 0.798078739963876 -0.236172460312374
-0.0283235040764807 0.0105303483112341 0.672853897795926 -0.345645297122286
0.00899755646134889 0.00887694121136168 0.421376048307582 -0.310840972258886
0.0406937772503906 -0.00109152033846744 0.204517130919944 -0.15794114973999
0.0361969760062695 -0.0124937958014176 -0.0305025943004404 -0.018030515984501
0.0305098596243728 -0.00978674451924979 -0.202556923188222 0.140396167166183
0.0241922180252161 0.0100700944086344 -0.420533410452137 0.294996762475749
-0.00853277715259729 0.0465279074653108 -0.558834594157134 0.415967334044377
-0.0793655939733478 0.0196492521396988 -0.64949255660091 0.423409924615887
-0.0467030717589764 -0.0328305153072152 -0.586966710256865 0.310506106415725
0.00655935113451878 0.0179589546434134 -0.458215813477139 0.287229342656549
-0.0382037675901687 0.0468317186072784 -0.352280502037599 0.184577270779203
-0.035917660895829 0.0544181312395216 0.357522214282313 -0.0601825857193193
0.0258698620308921 0.0252693357323589 0.441742003650759 -0.237308831425604
0.00719922256944282 -0.0378019279238237 0.600399573382956 -0.167160190474867
-0.0579053906722345 -0.0113743622042435 0.758922104573349 -0.311577129682331
-0.0278332569961835 0.0202672483388872 0.633402530351459 -0.383010721054385
0.0149864554322708 0.00932230132727383 0.412396932914326 -0.327499863464736
0.0457227512126272 -0.0051196506644305 0.213523499387639 -0.164799052996672
0.0428622636039609 -0.0169910810226813 -0.0180043105737617 -0.0249983983556492
0.036344769453448 -0.0120452593618591 -0.192657659159639 0.130628015551146
0.0291736800659512 0.014574867009192 -0.424278013905194 0.274991235617501
-0.0137077045729897 0.055045076545727 -0.589009784277772 0.383407130469158
-0.0928798766662555 0.0151692905220555 -0.694918032853426 0.369454546938592
-0.0416986449272675 -0.0468069491386469 -0.606525108924838 0.251528448302191
0.0131815024363912 0.0264452077982631 -0.462338767043139 0.268004552574058
-0.0509230013679192 0.0589156640100463 -0.355865531884516 0.160943574075883
-0.0271084501348871 0.0538824683173196 0.35669500548438 -0.0955516595660608
0.0299968012479958 0.0167594188009455 0.430250535511919 -0.243572790633387
-0.000850150170074797 -0.0411686530029363 0.598701121024794 -0.227765990430103
-0.0604294552641165 -0.00386374670174763 0.707893195610356 -0.381691899929334
-0.0237520676057391 0.0214855057272677 0.594166112155105 -0.412932448909113
0.0168076626041877 0.00706574856436217 0.404051561536151 -0.341077201291044
0.0452298537913851 -0.00654660018107914 0.22349374355882 -0.176049741332591
0.0426046634299625 -0.018336762722378 -0.00380561217906672 -0.0311586131106571
0.0374565387380096 -0.0119382115685991 -0.18197988454539 0.120784319593454
0.0287230139548615 0.016591605122552 -0.426508276225693 0.25346718795571
-0.0197252872466831 0.0552395269179834 -0.6171910146545 0.348691772755913
-0.0970088531467616 0.00386927612641363 -0.738150866830845 0.303458573793007
-0.0316137009760474 -0.0530490623929329 -0.619180361345619 0.192321066106578
0.0129974806503515 0.0339154486524594 -0.469453775061358 0.249110633571893
-0.0599216261219448 0.0548320575531429 -0.360491157140858 0.135829396047653
-0.0121874879371436 0.0423702265333419 0.351524646357036 -0.126651332282326
0.0277612531631963 0.00653534165326108 0.423108367374801 -0.247034550146615
-0.00757236379324015 -0.0382360516204248 0.591481855176851 -0.283666758307512
-0.0530135886525206 0.00144058376572435 0.658263954273989 -0.436986928652728
-0.0208503549634783 0.0175691328152675 0.558419026507849 -0.437151472698691
0.0147967024986165 0.00321441968669262 0.39777532444021 -0.354336616061279
0.0406850659205462 -0.00654383509985652 0.231807457506559 -0.185274616238813
0.0375981968601602 -0.016612941821377 0.0085601169157467 -0.0377569031043175
0.0314637977902643 -0.0105058202105915 -0.169479461190443 0.112585792407164
0.0226310145735643 0.0177951723423457 -0.427863461244389 0.237237975303871
-0.024820792825836 0.048899921507021 -0.64303237176652 0.316461568504197
-0.090342747937994 -0.00627457712940838 -0.773025992112569 0.242316457872463
-0.0206834957870152 -0.049736166318448 -0.621539761148747 0.139065317945921
0.00593707656167436 0.0379459594209268 -0.476056054019068 0.239048561937502
-0.0601994079968774 0.0349745879040617 -0.362736467124183 0.113103044461243
0.0631853848834231 -0.0602512121089653 0.332147812962906 -0.0165286862133165
-0.0103065770564331 -0.0368481094565229 0.46736082734798 -0.19919413163909
-0.00367526509047714 0.015669872584387 0.594201351697444 -0.0505131944306537
0.0210051351335324 -0.00693145816591998 0.829305381405411 -0.153355796539266
-0.00908371612083352 -0.0426886981736687 0.709089671068489 -0.290430034218873
-0.0253579647307126 -0.0122604511862272 0.433391718936874 -0.290738867438724
-0.00490815647680211 0.0144612052052293 0.197890309208725 -0.148737349565585
-0.0155466904734941 0.0103018661785995 -0.0385669435618648 -0.0146262870142973
-0.0196146178721308 0.0113256052590875 -0.204216711203552 0.15137631441211
-0.0178196806239024 -0.000248998535783139 -0.404762440010195 0.320248983330928
-0.00855936011776922 -0.00926820994083557 -0.512245112149123 0.463209989845933
-0.0031086566993249 -0.00352113187527629 -0.591449260134462 0.5027460951923
-0.0310685104845873 0.0288928968327498 -0.562120017444447 0.38382534038601
-0.0370939204880506 -0.0130373207379016 -0.44110673733744 0.318159201007401
0.00804759264115986 -0.0822064892828871 -0.346755443845814 0.228019327028794
0.0382080017353793 -0.0338939114249914 0.331508162318688 0.00317728146137568
-0.00387958272447902 -0.0229035102668792 0.475940677869761 -0.203728587270115
-0.00120658517566651 0.00535343300297539 0.585404817855866 -0.036535567132964
0.00452879241605865 -0.0100259764109645 0.838515562944637 -0.1274666078012
-0.013531305040488 -0.02963258301799 0.724041318428534 -0.282967877816845
-0.0175964701537803 -0.00760255320721824 0.434365200901894 -0.287235164265395
0.00675506726253019 0.0107500153161269 0.192417231004225 -0.147935170344161
-0.0027639705080509 0.00481979805354463 -0.0433161223193412 -0.0116545321256221
-0.00739804491721686 0.00589720548924069 -0.208584927338166 0.154862447626734
-0.00813226873214837 0.00308169576165099 -0.405255782648889 0.32587534205443
-0.00859770852743814 0.00401708882452897 -0.508862350892294 0.467415484796645
-0.0208862197396878 0.002609478860763 -0.5752807452658 0.510484604736076
-0.035463000683109 0.0167305710466141 -0.553017570150871 0.39549339001983
-0.0266746443299489 -0.00308558169393553 -0.441428699757254 0.321353704585505
-0.00629227338673801 -0.0462278391136272 -0.342586268416713 0.229466209175417
0.00863634841950671 -0.00581647947821149 0.335278633081845 0.00791549883648665
0.00163763163659364 -0.00465356237883153 0.47758942662346 -0.211683608410148
0.00449436068318607 -0.00575075006142602 0.584576813321798 -0.0432206694981264
-0.0132774849876726 -0.0131399134167116 0.839446786419719 -0.135101528833293
-0.0196597973023515 -0.0158751825464895 0.722588488431879 -0.289470957210108
-0.0078605842149433 -0.000805583342252968 0.434236136299278 -0.291206784204836
0.0195783183211488 0.00722774962733864 0.191163560262509 -0.147648610668986
0.0120402988416067 -0.0018159229009167 -0.0444396093951573 -0.0104462225456411
0.00697259893400781 0.000629213092783681 -0.21101501368727 0.153428633012594
0.0051036878689712 0.00626292130589261 -0.409366301776026 0.32413179036394
-0.00666442317724554 0.0198099154438804 -0.515465247261098 0.461973313514857
-0.0415587822821837 0.0114606083848749 -0.583709598154463 0.499680781288223
-0.0398472642375406 0.00109006933053507 -0.55569284193931 0.386471388929012
-0.0147327005399918 0.00302881055023713 -0.444466833801486 0.317901869845873
-0.0178877621541332 -0.00978923314294679 -0.343699101052941 0.222129782610999
-0.0184221213139409 0.0193943356793529 0.3429574020371 -0.00207497904382843
0.00861816340452659 0.013966448009879 0.471201861299314 -0.220819824824187
0.00955838497695607 -0.01670533055873 0.588740513385879 -0.0710371540480495
-0.0317515966073042 -0.0166912618754386 0.824905632896777 -0.174807624724973
-0.0251332494340292 -0.00210412909140802 0.704851079576813 -0.316171937996734
0.00119133991408662 0.00593928605432472 0.427345393931447 -0.301693078352198
0.0314822681920775 0.00297511471581016 0.195538587934557 -0.151948606442562
0.0250891211788169 -0.007812373334073 -0.0396343524374824 -0.0139762962496292
0.0203418803871318 -0.00485872081389001 -0.208039664276405 0.149129788788817
0.0151796464168598 0.00854927949045114 -0.414533098618878 0.314475059094907
-0.00724533924497123 0.0357554384713611 -0.53232657008108 0.445320599084441
-0.0609135124572266 0.0188296879086795 -0.607706982679129 0.471779034259617
-0.045329783552058 -0.0153174673186355 -0.56804870967481 0.358868851756172
-0.00342357707216204 0.0100617988384162 -0.450055767945793 0.306195700373504
-0.0278990382101298 0.0238135786357647 -0.347178638590957 0.20749544209095
-0.0345110761346387 0.0404286780426752 0.352563857795031 -0.0277653808993474
0.0178216135680485 0.0242489663668229 0.45552937042771 -0.232501602842994
0.0107687988826564 -0.0286556423376771 0.595641495076371 -0.115522590352788
-0.0477928021602083 -0.0161563740485974 0.798840274418026 -0.241266409531
-0.0282917496071824 0.0117367346305944 0.674668995502163 -0.351123328441514
0.00927738574977395 0.00995089283010792 0.421353401190462 -0.314670440386634
0.0409182223555481 -0.00181913650196009 0.204260584971983 -0.158669348657947
0.035267910584222 -0.0134004851464952 -0.0306619118199302 -0.0187211163728844
0.0311964436012162 -0.0099166066593995 -0.201504103029747 0.141124396681436
0.0240936852314568 0.0101328168918464 -0.418880960391212 0.296918871929754
-0.00828047313610662 0.0467804702811208 -0.555539603921245 0.419824327748552
-0.0802983495076543 0.0208179823053097 -0.647325541639706 0.428880179981408
-0.0462434517433266 -0.0326520694908673 -0.588828505965392 0.312000257632879
0.00687862983862745 0.0176209570218224 -0.456835424204029 0.289434824438886
-0.0392731476379564 0.0470892133608335 -0.351970214730147 0.186045638450032
-0.0357676017953863 0.0531587181137493 0.357958696813179 -0.0612530097813845
0.0254754234242665 0.0241545910620923 0.442873958321886 -0.240423897217556
0.00698365966215035 -0.037659593969499 0.600494558466059 -0.171463011392935
-0.0577141225926354 -0.0107559000259697 0.75792133324106 -0.316480395208172
-0.0271752244118165 0.0206116049033452 0.632899362494698 -0.387295926057804
0.0152287841572193 0.0104540807529421 0.410921029041267 -0.330247862808826
0.0455985429307315 -0.00522128879307157 0.212869210020296 -0.167913477520612
0.042357803055658 -0.0168143414536108 -0.0181543865438808 -0.0239510518359831
0.037533056369491 -0.0116725038313543 -0.19158001373324 0.131206930766115
0.0286453542223002 0.0140501619215456 -0.424843585152445 0.277792633161293
-0.0128886931702662 0.0536917560053448 -0.586113598423027 0.387861490232436
-0.0930152610996003 0.0160247942172159 -0.693969575222522 0.373490002719764
-0.0414345290093875 -0.047260780830798 -0.606580148767752 0.256210511683313
0.0140833012209431 0.0258858568065043 -0.46393147881241 0.269406829279743
-0.0516690647016906 0.0580776997376099 -0.356386135837261 0.163015384342531
-0.0272106036252175 0.0542605018281876 0.35838864988959 -0.0979133245222835
0.0303415216862199 0.0169196073670155 0.428374925528173 -0.245873368287327
-0.000132310985697361 -0.0410025777711352 0.600702672197835 -0.232500718460359
-0.0598475448238548 -0.00346499132400137 0.706976672798533 -0.38738894233373
-0.0246964906109484 0.0230762665435881 0.593045101092861 -0.41799894208623
0.0161819174632581 0.00739692330338432 0.403378885367243 -0.345840552332926
0.0462995546550611 -0.00772644336743696 0.222400625620119 -0.178015524334914
0.0427448281460009 -0.0179897330532044 -0.00468452443049367 -0.0318530735921149
0.0364380227477075 -0.0115766089927699 -0.180054991384871 0.121485245764652
0.0280081316028387 0.0162895390268604 -0.425620088193885 0.255927588301964
-0.0198724272306508 0.0555551044980453 -0.615429141574456 0.353772997630829
-0.0971747481960667 0.00567606734772419 -0.736229118738257 0.309793032254369
-0.0312861723503577 -0.0529579128112909 -0.618561630125952 0.195430830553969
0.0131096856599916 0.0343503594399474 -0.471014354256636 0.252252980904195
-0.0618400258667849 0.0545561096459993 -0.361768109852035 0.137875368339977
-0.0122176737296161 0.041930372349916 0.352483234167578 -0.127249971475346
0.0278435567294453 0.00556787385088938 0.423640595869673 -0.249834790104409
-0.00696339667768241 -0.0372218312440262 0.591684775851739 -0.28746232149234
-0.0539375671856461 0.0019472201238222 0.656566541556445 -0.441904039805341
-0.0208419328085906 0.0180592134694078 0.557963221740621 -0.443073533029004
0.0144583443733961 0.0039014371789856 0.395137348605781 -0.357734184988961
0.0405313689821806 -0.00725836648254023 0.23081670096039 -0.187966189251793
0.0370721166415523 -0.0173468841148329 0.00700681501530203 -0.037991626030164
0.0309414240607426 -0.00960097084685277 -0.168509473887038 0.113438551883298
0.0227941037712259 0.0174164129406234 -0.426497144766677 0.238776231263444
-0.0249917565778231 0.0490840914179582 -0.639761053587561 0.32037808244942
-0.0907474042982367 -0.0054785348935813 -0.772552648432711 0.247410402571494
-0.0206507644796248 -0.0489278240881421 -0.623641138295639 0.140493832354618
0.00636019373131425 0.0365674702220987 -0.475218558188607 0.240543517153472
-0.0613967145670048 0.0357538778572843 -0.364383892660086 0.115139102955836
0.0626829096941681 -0.0620444207488134 0.332958894947713 -0.0190353041627354
-0.0105942575117849 -0.0372702333805056 0.465197673255634 -0.202471614247157
-0.00317270936781934 0.0168276602307296 0.596721662385297 -0.0534684069392654
0.0207569768877958 -0.00761312023801576 0.830104635242476 -0.159317884844192
-0.0102899812633025 -0.0423241125803394 0.708615822030111 -0.296671494244135
-0.0266234917870564 -0.011828264267861 0.432970376807795 -0.292940333912746
-0.00524408665639998 0.0148443386495543 0.196712479797189 -0.150475768210209
-0.0163457567090333 0.0101925929299396 -0.0376797300296156 -0.0135507458565958
-0.0198654796149733 0.0113824092807938 -0.202885868946401 0.151069826433292
-0.0180507645766803 0.000144663309729844 -0.401669955896162 0.325054102731885
-0.00877771674589764 -0.00948879598977479 -0.509818483654945 0.469424811014574
-0.0028478372764386 -0.00411653940817404 -0.587603072155367 0.50699712493191
-0.0299464423503456 0.0297968244462819 -0.559878103023461 0.386181268057197
-0.0380055426695432 -0.013220276781905 -0.43927762156604 0.32230545903298
0.00585365029220115 -0.0820033828966415 -0.346287480862792 0.231868178518875
0.0378416044274107 -0.0341511139025859 0.33136950049454 0.00109165615135789
-0.00379118634272224 -0.0235967745906233 0.475723332194297 -0.207685259619499
-0.000914646216012702 0.00547417005412059 0.588290953577589 -0.0406787714270634
0.00436424943886699 -0.00873981379315582 0.837589362025163 -0.132887804558292
-0.0131057682776875 -0.0298681316480478 0.723849687275055 -0.288274887700446
-0.0176200457591402 -0.00723052382486339 0.434114355519705 -0.290756014221064
0.00695823339347492 0.0100201620371568 0.191509948259615 -0.149460960894012
-0.00284527655167324 0.00461011245142301 -0.0440364970020668 -0.0114208278264873
-0.00691361404449835 0.00637582815110287 -0.207479202406719 0.156496957868978
-0.00795945274211365 0.00265840237406505 -0.404197100432317 0.328359899750194
-0.00723171141805079 0.00442701478002822 -0.506200861138769 0.473729379938523
-0.0210038422624841 0.00388510571576316 -0.572778365686485 0.514814265627153
-0.0338792719893944 0.0172195197742755 -0.553025596182424 0.399640819739566
-0.0266823270427425 -0.0040563592767439 -0.441371816764432 0.324274646306201
-0.00676007285812151 -0.0473354704081304 -0.34250296296071 0.233002029555117
0.007635731899764 -0.00688122532190643 0.336887534424893 0.00618712533236169
0.00171453729264364 -0.00455982664819201 0.477436247568507 -0.215120551745992
0.00515655203139435 -0.00523681932322843 0.587062597750833 -0.0489179076400269
-0.0143601607745891 -0.013314715472929 0.839685029769977 -0.140446312929958
-0.0199142154865641 -0.0158569278404138 0.721541028900262 -0.297279281469442
-0.00760940178655752 0.000130215000048754 0.432372860456528 -0.296355495474109
0.0206671180993111 0.00663903962032059 0.191472850110547 -0.149711551972247
0.0113578998811991 -0.00153739144574586 -0.0447418155536005 -0.0107183041848028
0.00734460913331022 0.000918105928213469 -0.210293237584061 0.15533482534592
0.00347568071302191 0.00547146170992151 -0.407067065871533 0.325950242768494
-0.00656015104874929 0.0195112311876462 -0.511282469867878 0.467716017257952
-0.0416652208990554 0.0124278096175723 -0.579257230048657 0.504521547543294
-0.0394610059307945 0.00235051273050701 -0.555506930167651 0.393052849331599
-0.0148069407443386 0.00328544079968417 -0.443969778947964 0.32093323657242
-0.017707173148822 -0.00903652651234933 -0.343500132200947 0.224492725334497
-0.0191258952611763 0.0192197769483648 0.344358413998594 -0.00469657628623253
0.00913433612735514 0.0130006059962727 0.469781247445445 -0.224645315130598
0.0103750533447854 -0.0164961743200178 0.590287706849893 -0.0757810661329547
-0.0320453255683306 -0.0168385264633437 0.827260835896496 -0.181728807256683
-0.0251338596985389 -0.00124344520868787 0.705411046245787 -0.323711482472474
0.000951819262141785 0.00552120878734416 0.425938940451842 -0.305080481945668
0.0321342041019353 0.00187122866910381 0.194681650341447 -0.154236290239386
0.0250555044798949 -0.00834359521001088 -0.0396241656109349 -0.0133986655314862
0.0201897440326621 -0.0051741947863825 -0.207062672976816 0.150792878233741
0.0156518436754657 0.00807065122398599 -0.412665486068191 0.31887627706286
-0.00615217793089241 0.0350624779399831 -0.529181123857069 0.450353673836112
-0.0618278082911492 0.0194026490184803 -0.606052398551919 0.477185150131537
-0.0455589518813454 -0.015089185032926 -0.568149139896586 0.363759403926453
-0.00298106839428913 0.0093642879561974 -0.448364260472831 0.308952637489922
-0.0290947439899205 0.0232539411028453 -0.34739556575381 0.209869867141552
-0.03437911397078 0.0407726702697532 0.35328958751073 -0.0306946210280508
0.0174644031231801 0.0242149881546565 0.454704862862949 -0.236010948857819
0.0111723470164058 -0.0283970387383497 0.598129463670216 -0.119227102818249
-0.0470908026873786 -0.0155732292499151 0.799716811798541 -0.249232306833793
-0.0291426509984161 0.0118824594631681 0.672198408986011 -0.356959340636618
0.00950687988846133 0.00948372054830705 0.41835021851043 -0.319157806430921
0.0417865423763977 -0.00264102276904751 0.202729405542909 -0.161507017686734
0.0352983418414303 -0.013620843060897 -0.0306675775513839 -0.017775268448301
0.0302965381456381 -0.00945874228880697 -0.201014934059975 0.142059366358245
0.024461120535764 0.0109458834430277 -0.41721750208375 0.302065013316823
-0.00840977745683636 0.0480630323191756 -0.55406328923109 0.425445701125323
-0.0803104948726789 0.021693201630392 -0.644927049218083 0.433854778705801
-0.0468326611969138 -0.0321584595907341 -0.588217067070848 0.317859867590069
0.00706304717105239 0.016956011533977 -0.455402942197378 0.293252384586834
-0.0403528802446921 0.0479301535176918 -0.351537088214497 0.190194983070532
-0.0365451367228812 0.05342380269382 0.358144439410845 -0.0647445424059873
0.026533664460576 0.0251877132820794 0.44170101074906 -0.245129220421615
0.00741062814456929 -0.0372571497501932 0.602317941386397 -0.177088274524458
-0.0585991182316848 -0.0102920579254519 0.757629893642398 -0.322456187263093
-0.0274727575080634 0.0203332203032767 0.631963073720212 -0.394057134832365
0.0147844336267248 0.0103745806718439 0.409114187527787 -0.335247769478875
0.0461162896327825 -0.00641571596641319 0.212174072150971 -0.170942968299738
0.0422285373047982 -0.0175435533256305 -0.0187938718177814 -0.0241412203365638
0.0359773834403081 -0.0129522147639605 -0.191471203996391 0.132020194824439
0.0293206289411546 0.0141604507176611 -0.421484125848848 0.282708280720841
-0.0129332586575972 0.0546799440835895 -0.583204822480568 0.394974161508107
-0.0937628248453081 0.0164501981952542 -0.69246169651614 0.378964776374736
-0.0413607145261985 -0.0464087336025434 -0.608217177835966 0.259761736745623
0.0132761775290944 0.0260956737083492 -0.461309279267899 0.274015169837556
-0.0526888328192577 0.0593160863348351 -0.355993742351641 0.16551033483551
-0.0270628985090497 0.0532718716370742 0.358260585643991 -0.100209947339984
0.0312683619072658 0.0161246054583392 0.428673766681984 -0.249802394373437
0.000271650503005511 -0.0402935824041362 0.601539951785442 -0.236724670569713
-0.0601309303460089 -0.00278426024674298 0.707023516196973 -0.394332819228054
-0.0245101010447668 0.0226158076405134 0.590634002043636 -0.424410655331468
0.0164053575566975 0.00774437716261626 0.400575994373739 -0.348855085307371
0.0452504305957554 -0.00811901934328005 0.221432853572343 -0.179376974982829
0.0425966647158622 -0.0197622864953874 -0.00434368065044727 -0.0321298367906253
0.0372490907621246 -0.0116969162768885 -0.179007364660767 0.121753780648116
0.0282593482933848 0.0175943681773444 -0.424279093799603 0.259956131032818
-0.0193176896004571 0.0555441628251777 -0.613641261234417 0.359806938546061
-0.0979991056611769 0.00594540024332524 -0.737175831001295 0.313980369863207
-0.0307944179721215 -0.0524986611735622 -0.621086470977621 0.198962051855243
0.0129623775094385 0.033885689582397 -0.468163815050916 0.255774765117576
-0.062228354593067 0.0552308786384567 -0.361050062922038 0.140196313886909
-0.0126149078301075 0.0417541884318301 0.352716408632151 -0.130598588235251
0.0283480848297192 0.00549283916380084 0.423115165513252 -0.255042964327709
-0.00748888174178712 -0.0371617403784807 0.592971590748128 -0.292335226634366
-0.0540940852837199 0.00220368548232461 0.65685616943045 -0.447736904878444
-0.0202714623150602 0.0189132330616209 0.554982223465676 -0.447715401585249
0.0138448409532785 0.00355543595144758 0.393975524644813 -0.3605685568396
0.041322088647794 -0.00862342136857019 0.229525239970486 -0.190277048316056
0.0370896199780359 -0.0171562302718574 0.00767757592601454 -0.0384548810133591
0.0312216904901776 -0.0100757026987485 -0.167345601257558 0.113292284257528
0.0232164414179326 0.0173963864350212 -0.42439607724079 0.243410156504347
-0.0241252845747189 0.0498757636436482 -0.63984400466324 0.327584587144582
-0.0915386252158079 -0.00446646710826343 -0.77215690791533 0.253096000787932
-0.0214264995135796 -0.0495301390477355 -0.624867105213453 0.147128836227179
0.00521711636987585 0.0363470539554554 -0.475574665839617 0.246559700018721
-0.0624068116574766 0.0365153198897798 -0.364249791157583 0.117356875381176
0.0618960133628327 -0.0630463511711191 0.333985913734719 -0.02168499115438
-0.0101923873390412 -0.0383816901791268 0.465647574150168 -0.207486333862193
-0.00319547942206564 0.0170944845021867 0.598226170679699 -0.0596739428516451
0.0206744203622709 -0.00725800975496551 0.828751599143169 -0.166119217942713
-0.00972579608118909 -0.0432192125420787 0.709845310546366 -0.303240311602648
-0.0269599988553753 -0.0110932278044179 0.429783826043766 -0.29661739106047
-0.00470000688811603 0.0135663496167935 0.195534801315907 -0.151662574469986
-0.0161324609693714 0.0103654816756615 -0.0386088423299643 -0.014053300394546
-0.0192512979621173 0.0109523721028924 -0.202280950326351 0.153381470460769
-0.0185289081964077 0.000206459029141584 -0.398962407296985 0.329130740405008
-0.0094882980181624 -0.0094798875202151 -0.506647697869752 0.475557906242217
-0.00333181821448689 -0.00361724328733115 -0.582457764849557 0.51420916112031
-0.0298169597272223 0.0309465495027374 -0.559535213587468 0.393234282315955
-0.0377757495625115 -0.0138421070503818 -0.43923850549067 0.326123250438609
0.0044668125369999 -0.0835386686367795 -0.345769447596453 0.233811391042794
0.0379248132587085 -0.0356452959340584 0.333737196227037 -0.000530787958429343
-0.00382970069790416 -0.0248403411942977 0.474896578911882 -0.211766866924048
-0.000817136349697987 0.00605376450086384 0.590553656328729 -0.0451544768787506
0.00368778097978172 -0.0091202513926706 0.841101142908518 -0.14192588898101
-0.0140480655486544 -0.0298813325239308 0.723359660872725 -0.293999541038528
-0.0182355276018389 -0.00619578970770718 0.431362042666313 -0.295910183826073
0.00743473680073428 0.0104152604750868 0.190862301413494 -0.151127282292414
-0.00331711961523772 0.00409669491618021 -0.0440600833466619 -0.0115855213818465
-0.00609716948786659 0.00589477860892493 -0.207127877623607 0.156135152110228
-0.0072891042668105 0.00319903791406083 -0.401222594219162 0.33298659198778
-0.0086051614144349 0.00533487062504811 -0.500207570333708 0.478615387298841
-0.0210088396349775 0.00344391321260365 -0.567303698220802 0.519418204260937
-0.0331477505992782 0.0183542974753213 -0.550193062643298 0.404847434957935
-0.0277195741639061 -0.00374458760454984 -0.43946034922493 0.329166798146047
-0.00880055134354849 -0.0467632064836625 -0.342247369927836 0.234421589345335
0.00763560438743764 -0.00670941553835588 0.338091050332161 0.00395295406067791
0.00169454850599339 -0.00473239990621595 0.477094779404996 -0.219229790816386
0.00554639757765463 -0.00512670412039959 0.588646238672605 -0.053711438901362
-0.0138520471438536 -0.0136666155972836 0.842008296138616 -0.14962359578131
-0.0198825734159082 -0.0155999969041043 0.720955043432609 -0.306170179222157
-0.00811699607488056 -6.37619859965421E-05 0.430461654551985 -0.299095960495159
0.0199516838463413 0.00536328114907025 0.189307129550508 -0.151308324989784
0.0111908083770087 -0.00221558457557773 -0.0443850925992084 -0.0105923715495685
0.00725293650611141 0.000368267813502805 -0.207657319003699 0.15646390209984
0.0041279963890177 0.00550993702480584 -0.405091276682959 0.331124788680748
-0.00709627585183244 0.0200426073511269 -0.508070652287736 0.472134204811486
-0.041619007525266 0.0135384394048481 -0.575946989344534 0.511526228761836
-0.0393886134803648 0.00273125709000092 -0.554565865287374 0.396688055564922
-0.015542604659158 0.00277002262292672 -0.441317105540679 0.326035102912079
-0.0190929904795234 -0.00967574737924171 -0.343108075238906 0.227593039341134
-0.0192109154466743 0.0194964152838133 0.345066762366768 -0.00716405436821736
0.00948093822405055 0.013021473801308 0.469170486388931 -0.229665449591499
0.0104840719701973 -0.0165868957912898 0.593293647418901 -0.0807819923106476
-0.0321186921621808 -0.0161976594094638 0.827287888144799 -0.191947193510133
-0.0258210694956324 -0.000516530598348863 0.702936864608305 -0.328621987403408
0.000890599027168079 0.00696442462969433 0.424634424539837 -0.308499789786857
0.0319456157085945 0.00148040829301205 0.194575671811341 -0.155570598518425
0.0242331396447452 -0.00801770630820154 -0.0399971181796159 -0.0132567215614113
0.0204757947230703 -0.00549194202538738 -0.205908291605968 0.151172493203027
0.0160954185122586 0.00770461592001043 -0.410230925509558 0.322451017768024
-0.0072047664831534 0.0354403624463806 -0.525080020113635 0.458517734243875
-0.0616471678033278 0.0209268468576706 -0.602477427658567 0.484938729350705
-0.0453589315781887 -0.0149257882834493 -0.569111894734472 0.370142100866304
-0.00329425258504095 0.00912059693559205 -0.447618585998794 0.315851844316519
-0.0302199476835938 0.0237394858494407 -0.346171731252926 0.213447998692921
-0.0345529930990382 0.0405713314639461 0.355356711675311 -0.032635193685116
0.0183207437739301 0.02424819208901 0.454758937644214 -0.240656823219261
0.0120478212617238 -0.0285310598675724 0.600407105274688 -0.126033507834319
-0.048323904826842 -0.0156170191588905 0.799676724926238 -0.254620217182402
-0.0288809017597936 0.0124444470975943 0.672035407157759 -0.363754243236419
0.00848922895244281 0.0101432450233571 0.416403631240876 -0.323659169441112
0.0420776477977161 -0.00318283640692399 0.200948149641693 -0.162634797600509
0.035417894077521 -0.0144727466096305 -0.0301977973480386 -0.0180327113536586
0.0305707907235312 -0.0103846289934248 -0.199141077353008 0.143240224297323
0.0252498856123607 0.0111211737358339 -0.414162936570563 0.304491081529962
-0.00752544417649315 0.0471001646098902 -0.551373634820805 0.432093810029312
-0.0806338739083702 0.0224023334068846 -0.641491987983288 0.440083061065402
-0.0466955146220445 -0.0323288874180001 -0.587547452918184 0.322174311780399
0.00730200787716462 0.0168863247792986 -0.455435032496163 0.297287004828501
-0.0413920638661323 0.0490244388026081 -0.351384644751293 0.191992652390297
-0.0357953303703736 0.0540326971237945 0.35915092985798 -0.066959316709665
0.0272175817049285 0.0233140355460061 0.440047570302657 -0.249352960075407
0.00747325421188012 -0.037092872372571 0.603546010445319 -0.182108515081249
-0.0590934261301696 -0.00928054612759345 0.758752448505955 -0.331457535255396
-0.0281243559162838 0.020664771449098 0.632372605216946 -0.400322423927922
0.0152587524723597 0.0106450025048203 0.407273524728831 -0.338830395715911
0.0463583740875637 -0.00707709904444357 0.2103643774033 -0.172004167791018
0.0420613634546374 -0.0184003529462831 -0.0182878536729463 -0.0246194615398083
0.0363343054419257 -0.0121318906464718 -0.190312217067635 0.133733390899048
0.0293596431243327 0.0137123822384676 -0.42083264760223 0.284868182611022
-0.0118228968509111 0.0552831663395446 -0.581240089878931 0.399403441712323
-0.092676867945069 0.0180741915451391 -0.690401157145074 0.384477732686845
-0.0415982212819555 -0.0462349026077537 -0.608448095589607 0.266152593476378
0.0130505520668589 0.0255963520436824 -0.461375084571253 0.278979355081948
-0.0538680459931878 0.0600212764992408 -0.356359958459045 0.168504836811022
-0.0272405357620434 0.0539783040092325 0.358645354252205 -0.102356279699678
0.0307651769260857 0.0161512969701857 0.427498688572034 -0.255690830151371
-0.000309688928476272 -0.0406086339855801 0.601953424102849 -0.2430473182728
-0.0604662233235332 -0.00262006901915884 0.704941220686972 -0.400426039155147
-0.0249545115454189 0.0231424898861756 0.588580228153229 -0.431699128926062
0.0165148342388787 0.00847726849203804 0.39752551357076 -0.350733049618175
0.0470100501032867 -0.0085458478543866 0.220278590976745 -0.181770497970578
0.0418573467246455 -0.0200754783459186 -0.00532615258206841 -0.0317293662047957
0.0368214992357554 -0.012590508137503 -0.178055292965027 0.123167464115574
0.0290166668010823 0.0177598236118095 -0.422435042505627 0.264629433858241
-0.0189173782481013 0.0560805902793766 -0.611758352566765 0.365720747726726
-0.0982304746403502 0.00838862257703872 -0.734392989243686 0.320681130106259
-0.0317568641143039 -0.0515692415739183 -0.6216459114053 0.205429729516031
0.0132649992263429 0.033305086426494 -0.468536409533918 0.259190997195301
-0.0641489531142542 0.0555730396325003 -0.360929620344759 0.143526075720848
-0.0131128682834321 0.0424475403151803 0.352088674429551 -0.133780631206942
0.0281481692693888 0.00474646248559389 0.422902583593732 -0.258497436379045
-0.00675393161102937 -0.0374502975047997 0.593044561653702 -0.29958013190111
-0.0543778757070785 0.002664305026261 0.654179013586802 -0.454731004536338
-0.0206067859510124 0.0188922620703258 0.554576477757357 -0.454266484172573
0.0139017876701318 0.00418545208541336 0.391003333992471 -0.363684748656607
0.0416401920628158 -0.00941090237793329 0.22831353492667 -0.192726741007536
0.0372922466336023 -0.0187210617044695 0.00882791740984099 -0.0392828200688755
0.0316514688280623 -0.00941250883408111 -0.166288626544918 0.113591973435299
0.0235505876746524 0.0176791436920255 -0.422657638416331 0.247539475560075
-0.0242461604019471 0.0500917843081316 -0.638134779006485 0.333449794898195
-0.0918279735885025 -0.00278403046240028 -0.771713831282402 0.259528928546885
-0.0221888088482235 -0.0484120600539716 -0.624926999651541 0.151404747084338
0.00556526185650986 0.0364541116925904 -0.47439957274277 0.251363903131745
-0.0634911587674275 0.0363170564624676 -0.364964430966822 0.12058369820524
0.0616409524343474 -0.0637529282480832 0.335674520906355 -0.0245705052461378
-0.00983680614772168 -0.0385496631798336 0.463328605174898 -0.211952118489413
-0.00267314100286601 0.0174310222443465 0.601064571190524 -0.0662124200343808
0.0206089214203542 -0.00740618696771464 0.830308313637726 -0.177012535142929
-0.0108785716080499 -0.0427655444970158 0.707928674488186 -0.311532114644184
-0.0272467369446729 -0.0105035365475162 0.427336807850026 -0.30120152268203
-0.00493518321826493 0.0137692627342427 0.193630601777409 -0.154354010683582
-0.0168619530930486 0.0105967343549408 -0.038777280104482 -0.0138135229197173
-0.0190463139738493 0.0117822806072215 -0.200768401222381 0.154008495492688
-0.0189248538191995 0.000495550270888901 -0.395570630059574 0.333774716410733
-0.0100082546534677 -0.00933429412409815 -0.501711937749698 0.481212128304116
-0.00371237067909583 -0.00273227311089021 -0.577765392981562 0.518804524104017
-0.0290129225008799 0.0315124471686196 -0.555929164790932 0.398687251296348
-0.0379836506466839 -0.0141327293556442 -0.436003999950948 0.332724875915848
0.00323325852519119 -0.0833201407174631 -0.344643419781811 0.237677341722448
0.0369367362341223 -0.0355849696902915 0.334506759426039 -0.00357887740614431
-0.00394324283385642 -0.0246946711970162 0.473476114265264 -0.217555509284267
-0.000696322014907106 0.00594452740069844 0.592340409750387 -0.0517638709008188
0.00405155042008852 -0.00910486376030375 0.843053122320476 -0.150150826670381
-0.014691235850794 -0.0301727047452539 0.723083162512624 -0.305850827904565
-0.0188393701992991 -0.0053326096935615 0.429333238008535 -0.300949415696249
0.007529061245116 0.00909489609631363 0.188232926348234 -0.152543825130017
-0.00365485529764561 0.00439144009552296 -0.0439108949024404 -0.0111505652236523
-0.00597521776961957 0.00673507303765422 -0.205229130723526 0.157923105426416
-0.00735306659684526 0.00279926550844522 -0.397734044147054 0.337723621162947
-0.00848365852725017 0.0040584133412189 -0.495680794808424 0.484768194158084
-0.022325751946822 0.00399874107820931 -0.563479470657023 0.526183385170563
-0.0329485356279063 0.018443104133336 -0.548525272654823 0.411254915485279
-0.027523382426618 -0.0033850318129744 -0.436116685867431 0.333859370183006
-0.00993920531613046 -0.0468886466782856 -0.340299644896722 0.237591128132383
0.00680573980683192 -0.00836503939370086 0.338250105787935 0.000432042033597838
0.00179258167067967 -0.00503960852879474 0.476305851145949 -0.225024037207367
0.00639102371317189 -0.00483776694621809 0.590185487060179 -0.0605808867737507
-0.0140498098309106 -0.0131463215961983 0.842562928948642 -0.158828514619754
-0.0199190178541268 -0.0146126433048914 0.71993160558037 -0.314166542121338
-0.00901345521435987 0.000843669520790109 0.427791028490954 -0.304119646648905
0.0212029598183522 0.0054384044029633 0.188522145860835 -0.154613441341833
0.0110379612722049 -0.00241646345606989 -0.0454370559785291 -0.0104788029032405
0.00857965153156852 -0.000121415168172033 -0.206854863160066 0.15737579383975
0.00506719652885572 0.00516700942357418 -0.402021588276037 0.335812522004137
-0.00634988512070344 0.0205448184926333 -0.503871622557946 0.478514061500028
-0.0417422320909914 0.0141504021864296 -0.569758377684169 0.517922423645226
-0.0394744026022945 0.00287237769563604 -0.553334286370073 0.403085735824151
-0.0158466193534238 0.00277274164628829 -0.43972710843664 0.331975192808814
-0.0201565690773262 -0.00833093774012985 -0.341055942529805 0.230000267495789
-0.0191955462053385 0.0189735363097821 0.344915715145941 -0.00900242738730796
0.00956744849738645 0.0128496021657441 0.468015999656167 -0.23363226951613
0.0109250454319979 -0.0165953708343715 0.594389726497684 -0.0872855418799961
-0.0322785712745423 -0.0163618678317914 0.827797263048521 -0.199913870148504
-0.02567792544643 -0.000759604203588907 0.701621472918152 -0.337947934272222
0.000721646746838935 0.00755098296661232 0.420833275848103 -0.312123652636203
0.0324395282432848 0.000321315691479836 0.192628316974838 -0.157943801264708
0.0243440282232811 -0.00882037932654843 -0.0403965226546187 -0.0133118237212865
0.0202568089808906 -0.00548029171553222 -0.203373339182884 0.153227648634033
0.0160541553841535 0.00788217032163518 -0.407636489349834 0.327083949947344
-0.00631169832839175 0.0355598340846413 -0.520683036704189 0.463520489737672
-0.0619540739948004 0.0219230438400235 -0.598417453545075 0.489238301392074
-0.0447257132353718 -0.0142171638142528 -0.566578549677389 0.376295284356989
-0.00304022359471542 0.00928527237327231 -0.446795867529848 0.318057819729641
-0.0303286169421255 0.024098254225741 -0.344188591006283 0.216871747574308
-0.0351158154025357 0.0411394520372387 0.355094129894709 -0.0366823971253241
0.0183240120789248 0.0230649945948352 0.454118858154581 -0.244810252923645
0.0119279812002816 -0.0290462534475629 0.600958068290842 -0.130772069866838
-0.0480176711849625 -0.0138487019709783 0.798648126815934 -0.263264874695707
-0.0286248487589099 0.012829543200272 0.669531647574978 -0.372971057758669
0.00868468910228915 0.010688621125421 0.41483258748794 -0.327709393418731
0.0414043253542456 -0.00362928596996529 0.199699686601753 -0.165731240138754
0.0357862420851203 -0.0146902213785194 -0.0308448693596265 -0.0189486434646884
0.0308912867549807 -0.0104314736776026 -0.198624607776294 0.144677450190566
0.0252382054692524 0.0104957240919795 -0.412296324625834 0.308838489314715
-0.00781713677248281 0.0475422219875828 -0.545282151424796 0.43751210314651
-0.0803863040516535 0.0238450431443832 -0.639182418532172 0.447079911376477
-0.0462876474949741 -0.0315456091483947 -0.587754099547509 0.329725366864929
0.00732536825318251 0.0162184985220918 -0.452790108435825 0.301614268737562
-0.0426194346530858 0.0485392232980715 -0.350138113673082 0.196213230062732
-0.0370662465327863 0.0541901075409885 0.359807272184944 -0.0702789996942887
0.0276758272677876 0.0236129615467771 0.437089209690713 -0.253373713811487
0.00768891775133823 -0.037358208723677 0.604077836293826 -0.189644610516036
-0.0585495314028084 -0.00869220410364282 0.75644783425778 -0.338746930748233
-0.0274494730787758 0.0225143304643133 0.627306829341598 -0.408440389148518
0.014813877847719 0.0114723473268893 0.403082405644154 -0.342303273637457
0.046860023614269 -0.00771083201385984 0.209274585911339 -0.174235144830842
0.0421437069889028 -0.0190107258510922 -0.0184972990318689 -0.0258961598896144
0.0369706225431368 -0.0122933042666266 -0.188514190540864 0.134730393478526
0.0293175266629848 0.0138517657300086 -0.416649143681254 0.290396525563759
-0.012053411697183 0.0559866192512974 -0.577237688550671 0.408141350156735
-0.0942408899432114 0.0195981025289373 -0.686754713425114 0.393561897198725
-0.0423656882425727 -0.0450619859440331 -0.608058707716993 0.272801967236557
0.0137266328378001 0.0251930682627101 -0.458583172201519 0.282926917693455
-0.0548672686243965 0.0607097623872653 -0.354245722653314 0.171625869925781
-0.0274838425145908 0.0541733887880942 0.358475009843659 -0.106592984320171
0.0308792302814608 0.0152905188520778 0.426712245658625 -0.25996582614872
-0.000565523243845584 -0.0404071610641343 0.602330450286495 -0.250844931136261
-0.0601566593483654 -0.00079054100570709 0.704424956282748 -0.408339622122366
-0.0252935916294338 0.023411255108302 0.585542633010197 -0.439122243218296
0.0162596722695792 0.00904799403654529 0.394755198987187 -0.356911430538321
0.047119667740261 -0.0100080753903884 0.219023403365352 -0.18498714744734
0.0418684561198113 -0.0200957490756182 -0.00500455488448201 -0.0337772073032786
0.0365456175185335 -0.0124929488483774 -0.17760713551905 0.123535285162785
0.0285854055872406 0.0168263276364937 -0.419844183029289 0.268004619884766
-0.0179240989795666 0.0561647307134564 -0.607305998390387 0.371673736171983
-0.0981711819336642 0.0090467900107478 -0.732625054877397 0.328374989764901
-0.0318262269292049 -0.051241521728896 -0.620844457662483 0.210475230593769
0.0125297685553195 0.0331727664984919 -0.467833474920464 0.266243195932908
-0.0649515070345164 0.0565400701085399 -0.360949824745504 0.146829598476297
-0.0127676335200166 0.0418844283205368 0.352387603388475 -0.136665449813148
0.0280990061747759 0.00415534356131038 0.420301968732334 -0.264227226459122
-0.00684373950919947 -0.0377504821714355 0.592420240701533 -0.307488799926185
-0.0538626725431345 0.00318007491686834 0.650242950778613 -0.460054442884047
-0.0216921345071765 0.018942640893742 0.5490307677098 -0.460524658532528
0.0135163111776577 0.00517575873637045 0.387940922862834 -0.370910559197585
0.0414752494871368 -0.00912608816168318 0.227021654955702 -0.194451704238915
0.0371942979778723 -0.0189593874158791 0.00810198212065466 -0.0396167650662986
0.0299919739087399 -0.0101940001914265 -0.165146944881802 0.114933578623076
0.0223838706436078 0.0176908720791748 -0.420692438013228 0.25191248500131
-0.0232173991748597 0.0506619530307793 -0.633646136470041 0.341292947412627
-0.0927828449887947 -0.00219929444146343 -0.769858670595017 0.267398083572341
-0.0214798650126819 -0.0481395498174529 -0.625775058787025 0.157400031435413
0.00564868158679928 0.0361853576119138 -0.473029599800836 0.255535206045949
-0.064723599789776 0.0370825140711833 -0.36324629829481 0.12465458190936
0.0603692232083034 -0.0642295517075862 0.335239397587466 -0.0270842277148368
-0.0106384463544977 -0.0391622368584712 0.462640732884988 -0.217562197074954
-0.00213726563175098 0.018184378898138 0.602370726891295 -0.0720968523768549
0.0210898919402347 -0.00789686280349986 0.8301789595533 -0.185197496505348
-0.0115702672883449 -0.0425955840790642 0.707203352771561 -0.32137616654094
-0.0276920317802509 -0.00986861058313241 0.424472377839735 -0.306258805736986
-0.0048482541931177 0.0134743185798461 0.192772373755922 -0.156937928778989
-0.0171517460759241 0.0105169437768828 -0.0390438000850778 -0.0143841324193225
-0.0194272775300756 0.0118450212182052 -0.198035929879848 0.155575163382129
-0.0184273827599632 0.00112061296496596 -0.392224709000346 0.337534813123633
-0.00909725300014895 -0.00879850962933293 -0.496098594744896 0.488068141303527
-0.00271897740610925 -0.00189942820769802 -0.571265290481356 0.526346342787075
-0.0280724133831191 0.0321171215757733 -0.555677289827138 0.40620899409803
-0.0387811594681353 -0.0140005934297727 -0.434067392667131 0.337309960514335
0.000671551620344907 -0.0832585017290913 -0.342710724183447 0.241539250909114
0.036124976564843 -0.0366724597184076 0.335398818138258 -0.0082095048681789
-0.00402502353272398 -0.0255379689246471 0.472656922877697 -0.222443839004665
0.000857227419823969 0.00609296690952365 0.594018016528961 -0.0579428916718426
0.00369221875783648 -0.0086292515321682 0.843677395612446 -0.159864276589313
-0.0153734370734532 -0.0289059903687118 0.720042562119729 -0.314441628511368
-0.0196281148561105 -0.00497932374474798 0.42636529119949 -0.305673322032692
0.00829409825065815 0.00933292963242865 0.18668643862135 -0.154457819354211
-0.00365568532501367 0.00418520457050444 -0.0442028462106979 -0.0107016882449515
-0.00635144104926759 0.00667771152295607 -0.203240466663622 0.159518132937784
-0.00820109770774743 0.00353286885440945 -0.393640111332875 0.341884466684881
-0.00872737056661716 0.00435995450800966 -0.491164032970635 0.492462431717383
-0.0219580440188219 0.0045402755754532 -0.556624674568876 0.532596422161039
-0.0317141856109531 0.0180786198731864 -0.546179934210557 0.417295409847425
-0.0287351777561394 -0.00481516532571428 -0.434122823002821 0.338786185340818
-0.0124355048266506 -0.0463374279755139 -0.337354494057079 0.240255605929959
0.00661608162892677 -0.00855568144703676 0.339003703789196 -0.00304820627415285
0.00157672603171014 -0.00631686868354592 0.473020276344833 -0.229637869273095
0.0064181501185503 -0.00497320560276934 0.59228409668447 -0.0659347280729052
-0.0143496614733685 -0.0124169997234729 0.842997105536624 -0.168376500415203
-0.0210901647244109 -0.0143151580065942 0.719265719436167 -0.32302409393754
-0.00965702981111368 0.00181125479456494 0.423377802853454 -0.308967638660767
0.0210994822654429 0.00456548160292343 0.18673995866183 -0.156600574869309
0.0107681051767795 -0.00197361164865735 -0.0451659636325679 -0.0100597496430008
0.00765143056631241 0.000190467123823593 -0.203966309134396 0.159168573722333
0.00462952935354961 0.00589252933366169 -0.398651550127446 0.341517312980784
-0.0064650684603067 0.0202161425024667 -0.498129692932096 0.484271419643866
-0.0422443857161141 0.0149604939984695 -0.564803103927319 0.522832957124542
-0.0388575717249276 0.00350250509900094 -0.547909348166585 0.410343311503738
-0.0157782677998652 0.00356928325628255 -0.437194833687995 0.336637283736683
-0.021761897851308 -0.00841711172781897 -0.339071749459626 0.233793046453876
-0.0198849959546995 0.0186557044378455 0.346140337043609 -0.01280625532987
0.00990209626406809 0.0121158528392249 0.46599237998581 -0.238561544006046
0.0113576145843461 -0.0172812054348295 0.594083172254898 -0.0943170928756205
-0.0318768042529194 -0.0151954272996058 0.826966514106045 -0.207305298859602
-0.0263609896513253 0.00077995508305887 0.701160453879626 -0.347549614798414
0.000523005794174031 0.00764659339261802 0.41869124266482 -0.320612314040168
0.0333594023426017 -0.00128370657155654 0.190363239748116 -0.160718822491181
0.0246324037480024 -0.00972557714875077 -0.0401747526367298 -0.0129334733770807
0.0204993248736887 -0.00488595893061728 -0.202331259711421 0.155329527879128
0.0167008961493389 0.00824377876414337 -0.402499468157398 0.331484134341676
-0.00524982561210877 0.0346046611211872 -0.514009034758403 0.470405441581838
-0.0620697265683244 0.0224497959717208 -0.590118640791768 0.498035016976515
-0.0453065056198317 -0.0140566394112047 -0.563331125961841 0.381743148592101
-0.00352201132307418 0.00893781249720461 -0.442398932608986 0.323865413521666
-0.032215212825404 0.0242029777120303 -0.342893990221516 0.220290568686901
-0.0347205502232582 0.0412634057710072 0.354266827121136 -0.0390505479206902
0.0193710659802614 0.0229060442610165 0.451675997977562 -0.250585119676881
0.0120589570742329 -0.0294619389775435 0.60197461263893 -0.139214871823732
-0.0481726940773585 -0.014863986103177 0.799024525832346 -0.274453784731855
-0.028700872759557 0.0139119020716442 0.667519229391758 -0.381250293084555
0.00813523264223141 0.0116059113015579 0.409885007481363 -0.331994249888263
0.0426452801498548 -0.00468585588567662 0.199197016021878 -0.167278317367785
0.0347038991680079 -0.0156222918177705 -0.0314779637446946 -0.0184798810077863
0.0310228660063887 -0.0110451134062279 -0.197058927600862 0.146833992948304
0.0247625096478744 0.0103584091018681 -0.409069248842693 0.313572362533492
-0.00727225164817702 0.04737137342996 -0.541485594384732 0.444423049584684
-0.0803731075859516 0.0263134950558628 -0.633516257637158 0.455380642105911
-0.0461923409756569 -0.0317850093027525 -0.58549948201399 0.337213481552473
0.00652599776113584 0.016109809318243 -0.450987673445716 0.308552074027581
-0.0437386793281298 0.0482431868260526 -0.348945925805143 0.198813876000359
-0.036157697613963 0.0538850247609386 0.359527303967531 -0.0739475478087549
0.0275501400787763 0.0233715114627885 0.435721300760312 -0.257790396441963
0.00767735121056179 -0.036916698989545 0.604808544848772 -0.196001528315748
-0.0593029108528006 -0.00805505243294994 0.755241722019276 -0.349365796088215
-0.0277269474209093 0.0217425829106023 0.62486206272398 -0.41704449943326
0.0147919101211417 0.0112593708272081 0.401743321646616 -0.347675555858598
0.0468966558978823 -0.00861947130676263 0.206967460052552 -0.177007374700605
0.0409534597265099 -0.0195480707808916 -0.0190018940780696 -0.0249564211305733
0.0371202592464802 -0.0130052044929672 -0.18683753561498 0.13552985345962
0.0297143346155479 0.0133384137578412 -0.414501507459151 0.2958063254935
-0.0119020989810426 0.0557650489313839 -0.572315316927028 0.414800465002419
-0.093642418614248 0.0208473131964856 -0.68301984297726 0.401331026202205
-0.0419388423106796 -0.0447892556146361 -0.606652170764201 0.27877617210759
0.0138370681125046 0.0248421121893175 -0.457104469270293 0.290128919132414
-0.0559781091077604 0.0608592212539245 -0.355105939968789 0.17560615494131
-0.027915232075383 0.0537316885301135 0.357819622475953 -0.109945005406719
0.0316854590101959 0.0146807978146213 0.424834063165743 -0.26302815034861
0.00036259600402494 -0.0400055055805207 0.600772034987309 -0.258634638916985
-0.060661542477905 -0.000886024120709001 0.701348836377709 -0.418589351561254
-0.0246665922104305 0.0237816067726916 0.582440772455111 -0.44656760256239
0.0164581152545666 0.00935248974037015 0.390421932339359 -0.361732021924754
0.0472378934423771 -0.0110676230269771 0.216574211068744 -0.187086882899985
0.0414560069644311 -0.0213087160832127 -0.00417213819219114 -0.0332520083071127
0.0371140017513886 -0.0120725278156405 -0.175584724038241 0.124596942028148
0.0291910346579984 0.0164648718560499 -0.417837929500928 0.273066883484908
-0.017801365008224 0.0566329885301567 -0.603852154591891 0.377284566400711
-0.0977988089492694 0.0106318550317202 -0.729048053417889 0.336406506454845
-0.0326419941446856 -0.0516562941219726 -0.62177756824132 0.218577986613608
0.0134544800081347 0.0328206346805182 -0.465355313938884 0.270975703506961
-0.0647492125986972 0.0579094897883736 -0.360374821599774 0.14929538905358
-0.012760238474117 0.041475801293469 0.351740610664009 -0.141368252354433
0.02825213468718 0.00386911942854975 0.417358829721339 -0.266177245805105
-0.00662031758198023 -0.0358013016047454 0.59044957870779 -0.312538155742295
-0.0551532269657706 0.00484759233774552 0.648643245910792 -0.470643236687679
-0.0211864944326432 0.0189782191824415 0.54560336777274 -0.469293581749957
0.0125247946175523 0.0049193716165389 0.384060273106273 -0.374260270874276
0.0413809413640071 -0.00994633729059349 0.223685446360292 -0.197339904605475
0.0354219711499484 -0.0191561603048542 0.00653503677282664 -0.0401506335475378
0.0322111588373776 -0.0103832587296488 -0.163274006601034 0.116058677706517
0.0236508690376539 0.0173959645962355 -0.417821831346329 0.256021555705889
-0.0231300693455571 0.0507290496791359 -0.631557649708762 0.348211385673698
-0.0922323482130448 -0.000104845279790348 -0.76867442715943 0.275587056871064
-0.022223500136634 -0.0482208013846623 -0.625959460621572 0.16270767038354
0.00527427205114432 0.0364989962600462 -0.471097066417386 0.259980773234209
-0.0654605299219782 0.0386041249793149 -0.364136162677977 0.126755465211306
0.059756315973066 -0.0648536365584806 0.334739182380435 -0.0311304556004523
-0.0108571687188656 -0.0405363043415525 0.459667759553944 -0.223407946289524
-0.00126451937965299 0.0173048697233177 0.603211991549818 -0.0799065806130109
0.0211180296880735 -0.00773358302441152 0.829778453408321 -0.195573403179668
-0.0123026834188247 -0.0424728200224144 0.701622018240153 -0.330108629917941
-0.0281431558137864 -0.00866772508755545 0.421087949752368 -0.312413021325477
-0.00295938839783975 0.0126377561336273 0.190128606294678 -0.159477110459486
-0.0173600250955703 0.0102809531323682 -0.0385251237981603 -0.0140362371638481
-0.0191106133387078 0.0124854183951945 -0.195554781286972 0.156698078005696
-0.0193548684870711 0.00125521870512748 -0.387910126046105 0.342612155937167
-0.00917962933547821 -0.00888884142260688 -0.485152273896432 0.493464870102709
-0.00343262444086156 -0.00228242808829355 -0.564378659534367 0.534075548495951
-0.0274069342390482 0.0324325500880829 -0.550733513437519 0.411049083851202
-0.039150659577037 -0.0138910051033966 -0.429579299517995 0.343233696984185
-0.00131152592420129 -0.0836649658884004 -0.339872852537446 0.245012512842022
0.0360135656967068 -0.03711586553516 0.333534355509088 -0.0127238693057739
-0.00432861745437743 -0.0266327680504433 0.468364862683863 -0.22742167584429
0.00163502947087342 0.00633847342871821 0.594922038151977 -0.0654005249649645
0.00407641721427715 -0.00911836321676743 0.84141899925787 -0.17062367930726
-0.0157021457467306 -0.0285053023342756 0.717338259973136 -0.324275315930563
-0.0190039990296962 -0.00406669368529986 0.421661717392956 -0.310534693540399
0.00824776565166037 0.00883081481046402 0.184922092337244 -0.156974768802141
-0.00322476429364622 0.00375545368798445 -0.0439328611270133 -0.0110349341359426
-0.00592652691007084 0.00651244717888189 -0.200237582626175 0.161108316178987
-0.00783982135135418 0.00434698304924657 -0.388400429617947 0.346601572855992
-0.0081752768037661 0.00541113904225369 -0.481946466506665 0.497492091869228
-0.0224094187793591 0.00568527860147903 -0.5493392218176 0.5398164343435
-0.031999362430114 0.0194557166885033 -0.541464108279641 0.424591315127833
-0.0274023145879455 -0.0045257914543616 -0.430143746645974 0.344920181816493
-0.0132454141389713 -0.0462933595782529 -0.335681762367984 0.2458645347855
0.00675254285905355 -0.00901343439661325 0.338949536085663 -0.00702335845288493
0.00183349814913628 -0.00690428911195837 0.470957986920207 -0.235807997088428
0.00735957808998336 -0.00470586549148853 0.592872382142652 -0.0722584889368644
-0.0146621253433324 -0.0122153413089543 0.841433267311368 -0.178303499051878
-0.0207219286341479 -0.0139773731648688 0.714243141083692 -0.332885941141061
-0.00874781170451696 0.00241012420268346 0.418555979008759 -0.315136819013887
0.0205076153750463 0.0040857953631771 0.184552698994373 -0.158633889201776
0.0107450262245774 -0.00267422757284949 -0.0452383037805816 -0.0102138310771448
0.0076103100531078 0.000409722646221839 -0.202764518554602 0.161501484710283
0.00396872289927051 0.00602854193161212 -0.39476448108335 0.347218874291707
-0.00650431932886859 0.020124694936399 -0.489636032926971 0.49180841037528
-0.0410601029665075 0.0161918103406576 -0.556679774420232 0.530481435199293
-0.0391386526895101 0.00483985567748736 -0.545195025892479 0.417587397512474
-0.0165700722682391 0.00296398324195248 -0.431893227477089 0.341803202229347
-0.0230428160826462 -0.0084345642800028 -0.336284163798037 0.237719757399425
-0.0198768187183051 0.018975084600561 0.345835857857255 -0.0174727474448135
0.00957293283622977 0.0119386126235936 0.46285269031314 -0.243815605744018
0.0116563511410664 -0.016504391115746 0.596427367535583 -0.101905680003112
-0.0324484379778434 -0.0148843141410926 0.824201034679258 -0.219483116763983
-0.0260910867455696 0.000536186503476655 0.695009245003276 -0.357053564714908
0.000253561249678874 0.00865243484851258 0.414528502020069 -0.324153851688689
0.0319594566651693 -7.07748035145925E-05 0.188065365288737 -0.162763864493912
0.0234986741734914 -0.0105149330903599 -0.0401818833607945 -0.0132503079823495
0.0198939188512261 -0.00684125907744758 -0.199160774814609 0.156454711848728
0.0163116334216408 0.00747880673429176 -0.398778976684554 0.335620316325543
-0.00454321474857994 0.034464662620482 -0.507777772529977 0.475491789650144
-0.0631095750441292 0.024266296100724 -0.582732362134976 0.504023706583549
-0.0454402816200587 -0.0120266325941035 -0.558151538719651 0.389402991898084
-0.00359297377831509 0.00875976660900788 -0.43898710837094 0.330148740788734
-0.0321760874679995 0.0250484184618842 -0.341228638065647 0.221708612082298
-0.0351069745527151 0.0408405259320905 0.355554179435472 -0.0442359154802121
0.0183906272920436 0.0220931318810895 0.448630245242432 -0.254871176211894
0.0121201505707552 -0.0288440247228806 0.600419505413801 -0.146211204235499
-0.0481360459523857 -0.0136979001792767 0.79504577710358 -0.284693580031546
-0.0279623356492753 0.0130625145440004 0.663617774715279 -0.391247928819963
0.00870304114950698 0.011837905393028 0.405504905784375 -0.33818889189072
0.0420822073321762 -0.00547736528635593 0.194978606899773 -0.170111375674259
0.0344216026628609 -0.0163462028170905 -0.0315103907486712 -0.0180942076970382
0.0304153102712464 -0.0111479737054682 -0.194136227664356 0.148271773885175
0.0252981639438095 0.0103524028192108 -0.403554308025943 0.318325869331084
-0.00563803652608547 0.047203732057727 -0.533892377714695 0.450616268887735
-0.0805535183555901 0.0270887684490255 -0.626902267928542 0.462579061099212
-0.0466073308111586 -0.0297259117126916 -0.580910739457572 0.343176095234071
0.00722892227980015 0.0154723314916599 -0.446716326842842 0.312890993128931
-0.0437754664566365 0.0497039630109279 -0.346632212054393 0.203237763834635
-0.0367320733492333 0.0536678526085576 0.359466029355186 -0.0792520685439949
0.0274449524668396 0.0226317217955045 0.432942916891968 -0.264200375798688
0.00829381176654231 -0.0373952721473052 0.603543937258163 -0.204963585575437
-0.0591855185567022 -0.00747576373820234 0.750311556467521 -0.360166988005193
-0.0268064865087476 0.0224619840828941 0.621424213912807 -0.426128930877227
0.0138534709907879 0.0120600729638707 0.396453983804098 -0.353304349630109
0.047102682494472 -0.00950169991080423 0.204165387339061 -0.17925687089995
0.040847405436194 -0.0203263893951631 -0.0188669928633377 -0.0253417989795928
0.036881538568391 -0.0135340182542751 -0.185567998088166 0.136226731242886
0.0300104165810814 0.0133689475829415 -0.409329871987311 0.299605387839793
-0.0103002201123972 0.0551396031680909 -0.564777993565738 0.42179333820648
-0.0936280470550412 0.0229528950792542 -0.676173688642253 0.408231346135733
-0.0436316216871434 -0.0445683159565246 -0.603132564534634 0.287957327638557
0.0135704335977997 0.0244963217462045 -0.453570734694936 0.293151010398324
-0.0566002947009625 0.0616041442880184 -0.352521394435563 0.179215863612969
-0.0276350549055208 0.0535361068812605 0.357281017033447 -0.114693240369391
0.0314419582197535 0.013886173195067 0.420922696888908 -0.268033979625414
0.000611272343273919 -0.040347706729246 0.599446273276165 -0.264861536917075
-0.0607990193652093 0.000483512815606296 0.696649683892338 -0.428721642247752
-0.0241656927375796 0.0248658904195628 0.577588553521587 -0.45618076165379
0.0159608192474567 0.00940043082051591 0.386073071784126 -0.366677346336557
0.0467204321948939 -0.0114847585715244 0.213909806614273 -0.190514303910982
0.0411061457350805 -0.0214373640052947 -0.00575020752801138 -0.0338697346022803
0.0369796318841282 -0.0129141041855632 -0.173247023164249 0.126571034557468
0.0285598437362899 0.017036541592993 -0.413741287054247 0.277920995565651
-0.0170186731730582 0.0567291361472217 -0.595979535454474 0.386461508313652
-0.0984495938055138 0.0127044136457315 -0.722697714391406 0.344313294342659
-0.0329022054266961 -0.0509981614430885 -0.618508474640818 0.224150072018571
0.012843821749795 0.0321277541862992 -0.461183281218479 0.275751557539973
-0.0656229806046427 0.0578866758150788 -0.359401259502226 0.153452643415796
-0.0138432614475146 0.041582516859063 0.350832947978905 -0.144895437575759
0.0287373110059576 0.00275509136639678 0.41452074146496 -0.271738277445503
-0.00631011351444423 -0.0360828817003759 0.588976214966055 -0.320673857311434
-0.0539631633545093 0.00511781002018369 0.641702772890274 -0.478878801963965
-0.0204512027317986 0.0199053516416267 0.538804745789155 -0.476371245161604
0.0132334829975888 0.00506298080748421 0.377924546929088 -0.379724828263728
0.0418382018279976 -0.0111329673848256 0.221353952280904 -0.200954689261985
0.0357761957999891 -0.019353852898681 0.00774974053097003 -0.0412907923727756
0.031850097335889 -0.0113459374278731 -0.161165603654565 0.117141781756018
0.0245527034125431 0.0173165140054223 -0.414193375441807 0.261644334997402
-0.0229835296845111 0.051759772401681 -0.625884998023489 0.355649325243171
-0.093231293709779 0.000927997506196938 -0.763227848287111 0.286426526735582
-0.0230228211386725 -0.0471849459879744 -0.625488571397316 0.171001440734264
0.00661840543693199 0.0355808628479577 -0.467279682659116 0.267260453301498
-0.0673759936991363 0.0389850718653047 -0.362494819941508 0.131702286213947
0.0581543513500732 -0.0664006679694399 0.33396935909912 -0.0350226773115809
-0.0119655431765999 -0.0408564023109039 0.457437849843187 -0.228316870497843
-0.000407775895680883 0.0178179974273656 0.601740296391734 -0.0867639169706064
0.0206005179159808 -0.00869498514174855 0.824808622089596 -0.205107905598372
-0.0136453337293011 -0.0420774705512382 0.697872808689033 -0.340605110605077
-0.0281361973615594 -0.00830266937585569 0.415256775376917 -0.315823749010782
-0.00388192329608469 0.0125815625379654 0.18816533790878 -0.1613076803362
-0.0168305635227604 0.00944988718195548 -0.0390330471807447 -0.0137201153111072
-0.0187372628100673 0.0124421008578316 -0.193797122790305 0.158949730048262
-0.0177617159051391 0.0015424043256307 -0.381639725947728 0.347161054523357
-0.00988377961099384 -0.00969234962447701 -0.478653302046313 0.499761245382558
-0.00400373079459766 -0.00121158337463115 -0.555973688325036 0.53805346113631
-0.0268601309462355 0.032765447666134 -0.54401111171049 0.41978729820305
-0.039854590210053 -0.0140584240351325 -0.424800176989373 0.34769986037689
-0.00320602686371405 -0.0831848311668546 -0.335926592676122 0.24720967934792
0.0348305844716018 -0.0383662908113357 0.334294484154722 -0.015795759290024
-0.00495417006229043 -0.027088214585198 0.464831367840663 -0.232386560479509
0.00148704220725699 0.00686979397904495 0.594543151561456 -0.0733179547763496
0.00404601875585307 -0.00874307664738224 0.837709723608529 -0.180775026577515
-0.0158448538372419 -0.0289601163424331 0.711146757324588 -0.331107401430861
-0.0191981795553893 -0.00326755979848846 0.416803391533202 -0.31511991188361
0.0084972991086415 0.00791180275938852 0.182104267225754 -0.159408023127112
-0.00405493472363859 0.00436422873383047 -0.0453638088962037 -0.0105056465412289
-0.00545950119318676 0.0070205803480692 -0.19792107996126 0.162975590763418
-0.00710732813605125 0.00384464736850706 -0.383851577397968 0.350990193799041
-0.00836660519909571 0.0049871851793914 -0.474142090459435 0.504164856058569
-0.022134788111212 0.00695077856871517 -0.540579577334781 0.545309979156325
-0.0305935570298217 0.0199124194236558 -0.536030462218243 0.430553344123896
-0.0286854174610015 -0.00385215613077447 -0.422707328634917 0.350709329590058
-0.0139366297735327 -0.0455146420343147 -0.331425216756643 0.249080672114187
0.00646361728849374 -0.00901283177188158 0.338347351477943 -0.0100079602494325
0.00136969578688383 -0.00702710730165827 0.468231390302592 -0.238709865295922
0.00710921406213231 -0.0043586281281035 0.592246297853137 -0.0815062138227719
-0.0142159154678304 -0.0117964336036649 0.836153633483418 -0.190816736227305
-0.0213190331574227 -0.0141920737213046 0.709483171715073 -0.342181533316906
-0.00883693281846471 0.00280056389652915 0.414764099835988 -0.320065765050671
0.021238407080291 0.00351933463886686 0.18104984802275 -0.160929193933288
0.0101855861723589 -0.00287523988300251 -0.0454289398904418 -0.00977942754553615
0.00819496933645877 6.42037934237699E-07 -0.19987910253447 0.162311436229703
0.00454106358179455 0.00641132640409742 -0.387114672012388 0.350587040808579
-0.00562807001934025 0.0204206269656117 -0.480173621187551 0.497244174036178
-0.0408942435817183 0.0175553452980358 -0.546731808424793 0.535426279064172
-0.0378181155272533 0.00476118067752144 -0.540407551739271 0.424798607755914
-0.0166110845472638 0.00233946585901562 -0.426672024169803 0.346749755949465
-0.0245421565405265 -0.00757480536235481 -0.333924809924866 0.241805954400509
-0.0201697276574313 0.0191948149124775 0.345010863763469 -0.0206271805462242
0.00893561543089505 0.0103264256769797 0.460998894732151 -0.249632268842077
0.0122213589060828 -0.0162997841748179 0.593536509035263 -0.109196957595655
-0.0322670216854937 -0.0137937409014729 0.820934737088695 -0.22959038822738
-0.0266113533963848 0.00072259057426496 0.690196974355288 -0.365042825633128
0.000969256400526568 0.00841418086594192 0.409099975235512 -0.328997417589899
0.0327688484810109 -0.00184736777485162 0.185141200409272 -0.165371390949251
0.0235572985988493 -0.00967504011662776 -0.041296156903314 -0.0120918426158154
0.0213266095796256 -0.00670099956463363 -0.19595268507879 0.157972169216803
0.01621216114724 0.0077225789464181 -0.392038363265206 0.341964153169943
-0.00437339295910758 0.0355095837293418 -0.499254823483656 0.481107989535576
-0.0614531667916175 0.0253324315863923 -0.575752875571114 0.509563778249422
-0.0439625691746969 -0.0127552521182471 -0.55436884331774 0.395907923917282
-0.00393126322199357 0.00923839875477338 -0.433449116352514 0.334131455005931
-0.032932078165299 0.0256144423463345 -0.337752879078949 0.226866959472473
-0.0348365752533005 0.0413572002383828 0.353989494914652 -0.0482355553636084
0.018728863603154 0.0215341942503966 0.444045576670435 -0.259426060617234
0.0129261849308539 -0.0281731766050249 0.600024320815166 -0.154729408888318
-0.0482218718285346 -0.0119893564657942 0.789928649284112 -0.294676192864116
-0.0288560541957151 0.0135080664531823 0.656653273100747 -0.400683125997507
0.00906729414206812 0.0122176578026829 0.399507397063696 -0.342601450119812
0.0417541477399963 -0.00611344649726299 0.192199553392163 -0.172697920023244
0.0342889638894277 -0.0163401413502694 -0.0316512640896132 -0.0183935535181857
0.0313440398650673 -0.0117831796274427 -0.191440269578501 0.150149841979731
0.0257739290821177 0.00956014724171912 -0.3987374882554 0.323917989334803
-0.00602074747736873 0.0477376846742878 -0.52522468203478 0.457022513075527
-0.0796620325273175 0.0279421707041488 -0.619980807241568 0.469251204144723
-0.0469313736551838 -0.0296892038104735 -0.578096204695402 0.35039505438881
0.00581661247065655 0.0155111127472853 -0.442298532890736 0.319016278887325
-0.0435612598975685 0.0504272197805134 -0.343419258790646 0.206629952311388
-0.036457241750124 0.0540436689785529 0.357392711642833 -0.0830324684350538
0.0276873020562589 0.0209273992452177 0.428798648955538 -0.269071558220019
0.00776923703841357 -0.0375860444923075 0.600411093342036 -0.213024409108417
-0.0592351951069926 -0.00633813148348394 0.745879454136639 -0.367180504884852
-0.0275854070620205 0.0231124719683832 0.61230826041256 -0.434039026313044
0.0146138017110497 0.0123429587990052 0.388911907370957 -0.358011156271251
0.046874496519227 -0.0102415260529722 0.201813045966015 -0.181739208025586
0.0401555893866394 -0.0208058014540356 -0.01914644116762 -0.0250539226900777
0.0366410715632038 -0.0141457128609403 -0.182735059358686 0.138828053707763
0.0297112260060841 0.0128099829302897 -0.403397651913693 0.305431814529642
-0.00958039491732823 0.0564841403854521 -0.557563435175864 0.427668668026679
-0.0930287910508633 0.0240211313967114 -0.669707242191732 0.416313863054318
-0.0420871012435486 -0.0437091559062712 -0.599238216597473 0.292729421317089
0.0127323386002466 0.0238056775247854 -0.450228722654798 0.298003542593041
-0.0568158562353086 0.0623928806744797 -0.350413654499276 0.183625104403835
-0.0280488909085222 0.0542382301437602 0.354839512110358 -0.118863331541425
0.031865305561374 0.0128519532282071 0.41554573209045 -0.273614840058061
-4.30463167566224E-05 -0.0397020192037692 0.593838552428906 -0.274306683945735
-0.060776058351308 0.00149306881829003 0.687531582580293 -0.435924093455636
-0.0240718591321347 0.0251815747782189 0.570108717067459 -0.462272988325097
0.0166922356341392 0.00979283853909181 0.379063241389348 -0.37111970711973
0.0471637118310037 -0.012566091759339 0.210007451348762 -0.192257640247834
0.0400603220568213 -0.022141921984928 -0.00468371810026455 -0.0335068798477609
0.0370398957324369 -0.0141728019673557 -0.171346177951606 0.127641538575866
0.0288046164656628 0.0166455641017616 -0.408521570167058 0.284150524573461
-0.0165167557116096 0.0563973071371762 -0.58934264851684 0.393929878416165
-0.0983550492206471 0.0139402192644864 -0.716466545368144 0.354074158762159
-0.0322354140646694 -0.0501413948351679 -0.615554403230202 0.230843711114936
0.0122038265130915 0.0329920655312385 -0.457400348155074 0.282176341912984
-0.0672610000323719 0.0590365829031735 -0.356681403303803 0.158205138708545
-0.0133005192766748 0.041264488496687 0.347701183859832 -0.149926301034775
0.0283289552680581 0.00182589449361238 0.408437094568099 -0.276903747941694
-0.00718068108454933 -0.0361971163078823 0.5831891724854 -0.328926000236764
-0.0540354951752669 0.00602274715026509 0.634181248154504 -0.486641761892191
-0.0205657481805502 0.0205261329247805 0.531946775129773 -0.485364977951877
0.0132646419343809 0.00515993546502099 0.372550606339545 -0.384046245449305
0.0412045647498683 -0.0130278930593589 0.218123507167839 -0.203227437482279
0.0349644299360014 -0.0209055222355404 0.00701279594352808 -0.0413099654049444
0.0313127265175575 -0.0103547417771502 -0.158935602088244 0.118289663579721
0.0241889659430847 0.0164906436702751 -0.408698724296828 0.265836510175213
-0.0217925989500749 0.0517807547499804 -0.618270517186268 0.363072252033252
-0.0927166051199407 0.00209470523239635 -0.756536304563965 0.295047681888658
-0.0226924586726118 -0.0479973320707014 -0.622567300305666 0.179845074961112
0.00667978936354752 0.0350497676227652 -0.466134072415298 0.271870442868515
-0.067451589911537 0.040605148105556 -0.359692144822427 0.135705928030369
0.0563936354764754 -0.0674313537396375 0.332501992506059 -0.0404534879074303
-0.0121801483044826 -0.0403769774039435 0.45163165568908 -0.233773780863693
0.000861846200392322 0.0182731996759405 0.599242024768646 -0.0961349220291975
0.0213426049917307 -0.00776939558293131 0.818532167611377 -0.217044138520552
-0.0142237993720921 -0.0418247752563503 0.690399920473118 -0.350275060496376
-0.0282484935575869 -0.00765081417647131 0.407122765413222 -0.321314631734054
-0.00357003478146797 0.01293618665135 0.183755287361498 -0.163868168313902
-0.0170061427011032 0.0106244719169506 -0.0387144206386713 -0.0129408056187404
-0.0185807395177907 0.0126747592320914 -0.189428853499311 0.159511369466768
-0.018382087038323 0.00156259221830313 -0.37475831152572 0.350563593256292
-0.00943987649938409 -0.00900864781116934 -0.469106969940721 0.504497610718638
-0.0039363841630795 -0.00139452844300578 -0.543808345218301 0.542929861721716
-0.026166282737448 0.0335470993205478 -0.536849900713967 0.423974859451955
-0.0399487292533528 -0.0144259004908047 -0.417489154501091 0.352191585100924
-0.00611595406021349 -0.0817090766713394 -0.331057362904442 0.250657290543361
0.0337772333323449 -0.0384806279145207 0.331786013895763 -0.0191357503405098
-0.00453264768004158 -0.0266916500454788 0.461461433744193 -0.237778466953834
0.00289142587986887 0.00636340863906695 0.59142075677077 -0.0815742387547068
0.00405228336315013 -0.00905241917238352 0.832738444699221 -0.192054776483226
-0.016508037642862 -0.028337350038628 0.704623929458205 -0.342989524048083
-0.0196014172055557 -0.00167715102047014 0.410018930612215 -0.320307671928687
0.00839393046797237 0.00773696417117136 0.178764048181758 -0.160981630147377
-0.00424429655917305 0.00442400284285774 -0.0443850923797126 -0.00923466619199574
-0.0061264592413629 0.00689318905024063 -0.194203446787507 0.163674712444153
-0.00776709162616765 0.00427256831636396 -0.377895624333007 0.355851177726494
-0.00846142261135486 0.00494232818087851 -0.463824909749345 0.505528388682121
-0.0225576122486127 0.00759553140901617 -0.530269002991567 0.548456916549945
-0.0305181975107593 0.0210279906271395 -0.528666291242249 0.436709436660809
-0.028741104453711 -0.00374526518464524 -0.416487982832865 0.355177061968687
-0.0164271533368481 -0.0453192461292907 -0.328559461606726 0.252812691972971
0.00506077413367854 -0.00904228704591649 0.336724081578361 -0.0143432797277984
0.00154509863233277 -0.00795061126327856 0.462586228803883 -0.245701977775469
0.00812388303644785 -0.00485902798732784 0.588925429547611 -0.0899755884658634
-0.0138004963525486 -0.0114324072028357 0.830294544827561 -0.200373136351213
-0.0216829381592941 -0.0135653794273395 0.703262187794758 -0.352776789637162
-0.0089272266021087 0.00371891371244378 0.408474136924594 -0.3239579246084
0.0209826237670786 0.00215185688709307 0.177691138308392 -0.161844966923188
0.00902051830246509 -0.00292138675763313 -0.0449566271646181 -0.0095357160923638
0.00823635976176475 0.000183910213135995 -0.196881130661783 0.163518975570365
0.00538248691537667 0.00562110396795326 -0.380240239180805 0.353231020566221
-0.00652888582173834 0.0207497791491073 -0.470527506113098 0.502466540653808
-0.0417348356026799 0.0180088656620966 -0.537861854840422 0.540446663338952
-0.0375618522842598 0.00585491355464978 -0.531120994412676 0.430439666108562
-0.0163445977948071 0.00242232308314234 -0.421866739716757 0.350196022503439
-0.026072243586944 -0.0068464184025315 -0.328195526402707 0.244358908386883
-0.0205165653621056 0.0186966954132137 0.343961482657915 -0.0248988817999566
0.00914119901638909 0.00999601049387312 0.455582346586925 -0.254282331083311
0.0117523697884301 -0.0168353866560668 0.59218741328894 -0.117968986652748
-0.0319300913296449 -0.0137972595345669 0.815214545784392 -0.240425160993732
-0.0260699229193806 0.00146345764064133 0.682895137618628 -0.374998676595131
0.000299151041457162 0.0096620847737086 0.402487394691673 -0.333854438217173
0.033289500077024 -0.00193975937089039 0.183298279564707 -0.166932470672494
0.0233257793952504 -0.0104945793142532 -0.0400184255843689 -0.0119212353836014
0.0209646667108408 -0.00643133903575169 -0.194292364941953 0.159237691335937
0.0157563015805517 0.00753122943896281 -0.386298847641817 0.344055188294738
-0.00392146612222704 0.0353680077196086 -0.489171591459906 0.487548817707073
-0.0599932812838916 0.0267527746636196 -0.565026869636335 0.515826862883458
-0.0446266296700095 -0.0108450497306647 -0.547499938352851 0.403461109602913
-0.00452299598202725 0.00838259366118994 -0.428857953662704 0.339465751157245
-0.0347533045639766 0.0274002241918538 -0.332219980306481 0.230457265333308
-0.0350374787861149 0.0412443352928566 0.351841934263882 -0.05188613504424
0.0193549531015567 0.0205048423571152 0.439680742403171 -0.264753855732186
0.0123128379002816 -0.0275717528081732 0.596815435765537 -0.163880034378626
-0.0480018696449531 -0.0113357261870834 0.783715114903998 -0.305002764961675
-0.0286484723139158 0.0149628782568832 0.649250887143284 -0.407233919703172
0.00891364843123496 0.012358359725635 0.391624246379895 -0.346909593092853
0.04186949848855 -0.00689718864356344 0.188117161735628 -0.174721752308099
0.0330374365148643 -0.0166164155223963 -0.0317444142890329 -0.0179525469905438
0.0300341643351262 -0.0113804370543974 -0.188054074218317 0.15059778790467
0.0251153809644402 0.00966579482674144 -0.392068324896796 0.327739335399625
-0.00507762834923279 0.0482069238281665 -0.515662257949036 0.462119957880559
-0.0788077376602886 0.0307140670229239 -0.611386889018209 0.474555824839621
-0.0462723465229009 -0.0292887676334061 -0.572057791527062 0.355962153414375
0.00575171127393005 0.0156082757293676 -0.435779474197091 0.323425114637936
-0.0446230505244218 0.051977852173368 -0.339253422131314 0.210401138013665
-0.0358767287889863 0.0540104148618156 0.355755053968698 -0.0870599090975772
0.0274239112726467 0.020490167595573 0.423596601746826 -0.272301257721089
0.00775185964807041 -0.0366029922016733 0.596646425814061 -0.219696748249127
-0.0586795983122026 -0.00623390672124467 0.736620311926861 -0.376997569995543
-0.0273831975442505 0.0232807684882901 0.604323609533868 -0.441854286112948
0.0146543169068763 0.0129102600821042 0.383609580029177 -0.361285014696987
0.0459435008309773 -0.0112116804598329 0.197801668358013 -0.183979309003307
0.0394755446704785 -0.0212757205175835 -0.0203404723018387 -0.0261215703248875
0.0358661852108042 -0.0138803633236636 -0.179387392317607 0.139870925769573
0.0298362743653781 0.0132539315709418 -0.397350401654356 0.307753440938045
-0.00886673485206163 0.0561921044534067 -0.548933950627256 0.432631035826379
-0.0926729062017625 0.0255009742201295 -0.659520433287582 0.422359112937903
-0.0421072520186558 -0.0426059328889053 -0.594253987139828 0.299743496783108
0.0124818730085226 0.0238470671781234 -0.442713221719363 0.303049521526015
-0.0569551753981695 0.064124633368053 -0.346192063948892 0.187181949391384
-0.026242312928699 0.054058998484512 0.352243017653802 -0.123084286546025
0.0313900708676694 0.0118251673504908 0.410143621418132 -0.277095776154678
-1.94167903306373E-05 -0.0394178118251629 0.590020216556579 -0.282770377647849
-0.060339248856891 0.00246347145222372 0.680410352104484 -0.445171690985323
-0.0238450897526237 0.0253456474223549 0.560088635493625 -0.469346371783457
0.0164965962454571 0.0102824815859318 0.372924850014047 -0.376813561179355
0.0464031034866567 -0.013241399120801 0.206728306024809 -0.194707525760824
0.0397590905888352 -0.0230376889487794 -0.00615218105829857 -0.0336704430557337
0.0361663375259844 -0.0147228979418886 -0.167040728418804 0.129126595385938
0.0295150417333015 0.016077395223649 -0.40215731985882 0.287440724073143
-0.0155926524619758 0.0571125500213497 -0.581586245183085 0.399127598207004
-0.0972294687871014 0.0157983476796504 -0.710830666541728 0.361594016104415
-0.0326148495879946 -0.0497436957560937 -0.610483871090434 0.24087077098969
0.0131569140389138 0.0322560648771254 -0.452165353323296 0.286975996576742
-0.0665050117076286 0.0595194347427516 -0.354414413098251 0.162173219576087
-0.0135859306212876 0.0407143634783533 0.345434510429458 -0.15257978968145
0.028362162385193 0.00121479353975256 0.403552904639875 -0.280475746222568
-0.00630514646590481 -0.0364392817381463 0.57826833179484 -0.335940336709706
-0.0534463984243566 0.00656548343956895 0.624576352081174 -0.493846246377769
-0.0199995436513446 0.0207676937359566 0.523979328510739 -0.488822834371348
0.0129616270494609 0.00629516253634601 0.365011998892953 -0.386392326894627
0.0407596133903399 -0.0135852053707132 0.214309870540144 -0.204919471129319
0.0341029701312707 -0.0221134072019554 0.00625091704582182 -0.0421315307135937
0.0312739779057397 -0.0113452282400925 -0.156907467842071 0.118024258255148
0.0237911906658075 0.0167035699625298 -0.403191013629315 0.270054238126628
-0.0204278677636605 0.0513625926293106 -0.609949865924072 0.370020298698115
-0.0919318664202101 0.00400726034853401 -0.750743163773034 0.303204109121124
-0.023207764845519 -0.046453945810794 -0.618564452503026 0.188152234101403
0.00629500516426214 0.0347694818476547 -0.459566492836323 0.275734781887346
-0.0671408040208872 0.0410578219227557 -0.357344816354434 0.139326831997354
0.0553549022741767 -0.0682511063427524 0.33027389119099 -0.0436469610039832
-0.0124152298023039 -0.0417638831514363 0.445795158752447 -0.237628391767906
0.00128016687886826 0.0177787606440047 0.59540354672783 -0.10286875418319
0.0206887460148099 -0.0078158524710042 0.812356338339281 -0.225974925291759
-0.014298976268478 -0.0407867284289217 0.681379431960678 -0.358143643268742
-0.0274733077486623 -0.006757291315855 0.401381722029194 -0.324942059129393
-0.00253362856660348 0.0111547107070047 0.181172243518994 -0.164672139564739
-0.0162870086558356 0.0109029313757817 -0.0391854816666585 -0.0133199036907648
-0.0173523189449315 0.0125984847953977 -0.18633346524544 0.160276335280923
-0.0182221810870982 0.00244732445378191 -0.366952891296753 0.353333541863284
-0.00991654318113815 -0.00907114413824222 -0.45872426455335 0.507958697669001
-0.00385706535477649 0.000161338859949747 -0.533346052222284 0.546285752550693
-0.025192110861452 0.0338368553224907 -0.528807686642049 0.428338961743078
-0.0408935749564997 -0.0132541716840284 -0.410256720899292 0.354202215886547
-0.00735457494119529 -0.0810531817872494 -0.327791619202224 0.253779534038886
0.0326213678418457 -0.0391192200010093 0.330921440478208 -0.0236993447947175
-0.00538715414149848 -0.0273119095689952 0.456604025664291 -0.241732358462979
0.00316197662963295 0.00663173661558311 0.589503338128472 -0.0905804421608457
0.00432528673866964 -0.00914052067351858 0.825989351940553 -0.202855760962857
-0.0167753728917129 -0.027350821209589 0.69711578027511 -0.350739468768204
-0.0190076880638112 -0.0010581257491848 0.402703595090666 -0.322507461194709
0.00886558034412388 0.00808586601117821 0.176469269661026 -0.162678825877873
-0.00486854678940463 0.00422314815632157 -0.0442791790681716 -0.00931681274030548
-0.00492081953561085 0.00759711143801937 -0.191624228431605 0.164531945335094
-0.00734996603068987 0.00457477931565432 -0.368487072238926 0.358505618493308
-0.00883996246875149 0.00493792763238875 -0.453525313619588 0.510316045847647
-0.0213631434806968 0.0083495123442842 -0.519406409757439 0.55344981279056
-0.0296652065258198 0.0216194599743071 -0.520395766347306 0.440147265932591
-0.0299704266893317 -0.00385414423896102 -0.41028267854996 0.356120158988774
-0.0180844325691221 -0.0436101018273067 -0.323122132492489 0.255011597537929
0.00507527856154653 -0.00941951226767946 0.33442363231479 -0.0186026491282493
0.00224405808661382 -0.00773471642065073 0.456946335397067 -0.24836475117212
0.00784968926356116 -0.00495348278447803 0.585598056271189 -0.0984313422066765
-0.014106542327383 -0.0115756574336082 0.825838053723088 -0.210892958499845
-0.0219489408526258 -0.012496393770955 0.694683687370506 -0.361271497507955
-0.0091197336801804 0.00522728624887537 0.401649315995879 -0.32883507648097
0.0205083768262689 0.00198120510046008 0.175216325854784 -0.164456170603255
0.00947772038557015 -0.00380684262831673 -0.0451079120645895 -0.00920680305608954
0.00776212011081617 -0.000320628082667226 -0.192468867542309 0.165753748820141
0.00458530043074143 0.00629127936084507 -0.372688613974505 0.356560198747752
-0.00496607774241577 0.0200550530251215 -0.458318060532878 0.503930617674388
-0.0409461546435328 0.0189057985007296 -0.527902947994389 0.543189820527472
-0.0359697221569645 0.00617332455630016 -0.523047014704917 0.434031837762868
-0.0168568030311968 0.00270749921204344 -0.41383950866531 0.354534299159416
-0.0261917208975547 -0.00641238235070407 -0.324395247615587 0.24652324452906
-0.0205321564877192 0.0180776532506245 0.341245086912039 -0.0305631126414627
0.00908863806038714 0.00968271998703316 0.448194276672953 -0.257526329655066
0.0129121409512383 -0.0160089900861735 0.587844018141866 -0.126594364841744
-0.0323488237987843 -0.0133278914657752 0.808143436324189 -0.249856552706722
-0.0259520228663615 0.00161512873603752 0.673889601390072 -0.382151527077732
0.000817393023706772 0.0103907692286323 0.394726297141857 -0.338227211476719
0.0333606659203814 -0.00295325881069566 0.177479801046185 -0.168276403443967
0.02192828955054 -0.0112664586388713 -0.0402484710747152 -0.0117939078659106
0.0202148046549996 -0.00702939193694048 -0.190048437341936 0.159492932022157
0.0166674948068131 0.00688611388194217 -0.378059197172599 0.34685801497524
-0.00376885423297867 0.0349450371029405 -0.479460752089915 0.490174502827366
-0.0594147445351982 0.0270283529130946 -0.554601575763367 0.519706853584022
-0.0438629290521894 -0.0111024782380105 -0.54026838014382 0.407522763595461
-0.00394865248374743 0.00802377930212904 -0.420002890861878 0.341936653046784
-0.0344141507988982 0.0277947820546749 -0.327946234278287 0.232486726497342
-0.0346121409349449 0.0407040726898017 0.348673918731508 -0.0556182810343399
0.0191330680802278 0.0201191705433415 0.433189933978718 -0.267716335630803
0.0128101284910845 -0.0275285060422859 0.592290684980421 -0.171151734245176
-0.0477953868763953 -0.0104640868848421 0.775855532387404 -0.312143711178133
-0.0281681423497384 0.0150684663265326 0.639161206746387 -0.415030175585992
0.00872869882294042 0.0129230236762201 0.387145748092761 -0.349253820001285
0.0411408789316558 -0.00769329579987735 0.18547597380284 -0.175819629942827
0.0327796386323511 -0.0167442356739417 -0.0318782490194966 -0.0172112386173365
0.0307369018498984 -0.0123919443135315 -0.185137174130741 0.15127570280397
0.0255656438320938 0.00905207486922627 -0.385423509672877 0.330845751524192
-0.00449462197472726 0.0476370924995655 -0.50524114726718 0.465575184443696
-0.0774333127337736 0.0310896209400787 -0.600252116096667 0.479562346431468
-0.045882573628017 -0.0280054262274913 -0.564175657779869 0.360966136697519
0.00621041231250294 0.0149536360628842 -0.429019866412342 0.325156953033282
-0.0446529870429992 0.0521294577938955 -0.336561927234097 0.21305068241326
-0.0360206510435046 0.0534707146103532 0.351227533670786 -0.0902970943745446
0.027905328819569 0.0198289533889444 0.417457642393074 -0.276238981465131
0.00838725624909112 -0.0368874974685636 0.59111893389007 -0.22858516288735
-0.0582756100277887 -0.00449830316158028 0.728216046462532 -0.386203824227506
-0.0267202747814402 0.0235572202353676 0.595208441099233 -0.44676305894322
0.0146199454567866 0.0126386452050167 0.374599403165825 -0.36478643779931
0.0461935543503866 -0.0126273379805138 0.194108565913715 -0.18579412300802
0.0386347519243592 -0.0209842293188449 -0.0194779347066436 -0.0251081850736251
0.0361393780515447 -0.0153203926623291 -0.175954840127159 0.139789336207707
0.0296630909727907 0.0118359888964739 -0.390232990453584 0.312514483683972
-0.0085388045356751 0.0551687340788772 -0.539169736296209 0.436729216924141
-0.0923600801130884 0.0271961417108698 -0.649808933927811 0.429024424849408
-0.0427945388499012 -0.042024678445507 -0.588799564169103 0.306714991682924
0.0133833221556517 0.0228119135259946 -0.438483819008814 0.306671934894594
-0.0563782098874963 0.0638378048390071 -0.342743724070492 0.18997532204918
-0.027343367161184 0.0540991901989394 0.348800051121711 -0.126847127164031
0.0310485809115653 0.0118724734404832 0.405798861947201 -0.281216923328322
0.000141803139467274 -0.0395498152822254 0.583298420056955 -0.287562676810343
-0.0594372487610137 0.00322686584456741 0.670067157918863 -0.452166367674464
-0.0235159102507701 0.0263553060994734 0.550630808430457 -0.474296878105393
0.0158828290861882 0.0103326920548418 0.36642799759969 -0.376547410934682
0.045302958196916 -0.0143574959369547 0.203062744663477 -0.19604623863631
0.0397483809917717 -0.0229503183851369 -0.00719891517276401 -0.033679413288801
0.035632589309555 -0.0142649981630669 -0.166311472741179 0.128788100019578
0.0287745735612443 0.0154771966191676 -0.394836570451836 0.29208899108546
-0.0143642997897325 0.0567462083752877 -0.571988743943522 0.403974821903368
-0.0968614598812389 0.017785921674911 -0.700937960647755 0.36752610794832
-0.0326195339730867 -0.0486063610621704 -0.605220516528611 0.245768048325829
0.0130825509368268 0.0319409064950291 -0.444796005750275 0.29100696181484
-0.0666933663606498 0.0609225935129604 -0.34987402157128 0.165593134622349
-0.0133416419369285 0.040925750535762 0.340501687244898 -0.156595882485303
0.0283296619610117 0.00144196898803943 0.397135825322211 -0.283761775117766
-0.00697711025180252 -0.0352400463431182 0.57124885641474 -0.341958617449572
-0.0532389486012537 0.00776732955441217 0.615486224942984 -0.50022348071667
-0.0202322135468229 0.0211449920546579 0.513087453161766 -0.493321665412459
0.0132603834357267 0.0064715451881754 0.356984700789288 -0.389901174639977
0.0409059893383173 -0.0132548829508457 0.209812430503823 -0.206764496594388
0.0331126255719234 -0.0215827195543457 0.00572590235578883 -0.0418024315667356
0.0300855470386654 -0.0118280716738599 -0.153484805923298 0.119136651554594
0.0248336373595316 0.017295465492975 -0.395903929357438 0.273936498410994
-0.0202142975822737 0.0515479515302825 -0.601162197011691 0.37532104454943
-0.0905431008347645 0.00442438712295325 -0.74153103638091 0.311176052959223
-0.0223331160523588 -0.0459004679550981 -0.612760035511034 0.193531472929572
0.00714939604954686 0.0347879935257089 -0.454230012228494 0.280514447194143
-0.0675647977152589 0.0429174753798098 -0.354984407531465 0.143627530382827
0.0538916789415292 -0.0680897829627701 0.327065496220536 -0.0464059218616816
-0.0128727009672258 -0.041528278168775 0.440815441015704 -0.24009720805687
0.00244202253755266 0.0179199533072137 0.591035709193623 -0.109952891927076
0.0204996723693335 -0.00837163118291938 0.804022155921291 -0.234047226499178
-0.015216933627906 -0.0395997042048234 0.673610805439033 -0.363507034924605
-0.0280735323200994 -0.00510284646815158 0.394214363047632 -0.327352204642036
-0.00301227280579957 0.0118908381099272 0.176831866807276 -0.165288641482811
-0.0170544205231988 0.010982040027644 -0.0384508342011481 -0.013121943354894
-0.0167056620278632 0.0130109329223263 -0.182511947091317 0.160804457770704
-0.0179876327291858 0.00209609119990527 -0.358177517475147 0.356192571609484
-0.010435357849534 -0.00889529304425629 -0.446365422049583 0.507819203665225
-0.00408971844445918 0.000161268395383834 -0.521420178602782 0.548449385288223
-0.0238297809417851 0.0340751984961406 -0.520056634921677 0.432297469128902
-0.0400196075366162 -0.0122408557300685 -0.402647475281211 0.357630220715699
-0.00929651993664067 -0.0792962833221936 -0.321093869376745 0.254820792471953
0.0313967203934057 -0.0396568414910442 0.327014221237736 -0.02646849469293
-0.00541334035462648 -0.0284170482306404 0.450083734756761 -0.243281677098032
0.00375544213134881 0.00630090350074745 0.583958271697358 -0.0967463716170586
0.00441183005723905 -0.00800966074620999 0.818023441357068 -0.211409101275413
-0.0167953785738785 -0.0273045624598625 0.68621875682852 -0.358065595018744
-0.0190632822468022 -0.00014130111738438 0.395170180384336 -0.326569691077108
0.00822867285100166 0.00656825816961506 0.171674534983519 -0.163099412496312
-0.00415153525476496 0.0047715435286308 -0.0443474767395425 -0.00959065276258567
-0.00478432856275041 0.00694330942219285 -0.187001737497778 0.164723804732802
-0.00775697747605958 0.00482045426376877 -0.360057000263231 0.36071205997357
-0.00805164496572154 0.00494209053136931 -0.441513034283212 0.512063710622127
-0.0217658391025116 0.00878516274466395 -0.505517926241823 0.553963339918987
-0.0290937679103362 0.0205169320699266 -0.510958045891881 0.444276626656295
-0.0299201019767259 -0.00421764501219845 -0.40328269207419 0.359380460455252
-0.0197850508306941 -0.0428524760205225 -0.317228941501595 0.256322971333633
0.00359218260039516 -0.00953781602946089 0.331216046333909 -0.0218153377171685
0.00135872561279293 -0.00877500258066087 0.450312068660656 -0.251748104689482
0.00863283871136725 -0.00496715838145447 0.581350549612424 -0.104916180982767
-0.0137163519105321 -0.0111659705722993 0.816330092596719 -0.22023811109727
-0.0220990733045981 -0.0120120971509725 0.685205442287628 -0.367440391246923
-0.00837235839506768 0.00529917028982691 0.393765677980908 -0.33129173394749
0.0203220741147118 0.00169702446483455 0.172032309669606 -0.165171238151432
0.00896272408801758 -0.00364766423853659 -0.0454618687742176 -0.00890734973473699
0.00779274956862055 -0.000665404052464897 -0.189390070648754 0.164494563206252
0.00478003737713379 0.00631740480061404 -0.364641521247664 0.359020046448778
-0.00638566456602736 0.0207145496301272 -0.44725492944179 0.506486518433435
-0.0399110586067755 0.0193929500536473 -0.515694357667828 0.545501403522652
-0.0360272289541086 0.00683040849413228 -0.515366122272685 0.437619568443656
-0.0160647163086984 0.00284762525105386 -0.406650809028109 0.356132074859116
-0.0267596445749807 -0.00479285281437177 -0.319306533974428 0.248500280005403
-0.0208196017796763 0.0175511574830452 0.337470699426002 -0.0328982544106071
0.00929507104645752 0.00836752393723226 0.443470687981343 -0.260386301654912
0.0134949529783044 -0.0165437418431755 0.582768868439004 -0.133307189414288
-0.0320681639326032 -0.0122182383235378 0.800088756450627 -0.257252058385583
-0.0259407009514821 0.00217778372191172 0.663214659069921 -0.387736149178227
0.00105539046621826 0.010291124509896 0.386543298568426 -0.339200950369056
0.0324535726835234 -0.0036542037242623 0.174402041290903 -0.168966104045306
0.0220275998492117 -0.0107967290771228 -0.0401710926592773 -0.0107100155181605
0.0213758229431618 -0.00673970727072781 -0.186737870791124 0.159390384224119
0.016883427722481 0.00666247526934929 -0.370847246549398 0.348282575891199
-0.00320780521004139 0.0348909847830266 -0.467880214688135 0.491658063941073
-0.0596256555887889 0.0287665684731466 -0.543906255359238 0.521209036833802
-0.0430189683616128 -0.0109509989043246 -0.529828968766819 0.410920176043412
-0.00435271735048642 0.0078177260257869 -0.412990340606155 0.345383882128242
-0.0345473817974419 0.0278789517238711 -0.324720192306569 0.235728305687499
-0.0343373187742549 0.0404372501508692 0.345497710283189 -0.0595609018877145
0.019093315251878 0.0189985948901369 0.424899954602595 -0.270191963365949
0.0121270531369352 -0.0272232628572302 0.58567971787799 -0.177403807366316
-0.0480703314638059 -0.0106286340307114 0.765613841414707 -0.321223522044954
-0.0279548410976495 0.0153828666868585 0.62789390791701 -0.419931594035513
0.00963474945491282 0.0133116425047479 0.378524017606897 -0.351572971896201
0.0407994194868433 -0.00882722702155363 0.180918643250338 -0.177652396221141
0.0321272872096624 -0.0175498586125937 -0.0321588357454871 -0.0177726098005904
0.0300863154282601 -0.0128995675668482 -0.181090914191509 0.151302497444838
0.025806567074577 0.00898838582023137 -0.376058749275605 0.332887084583241
-0.00387565375975179 0.0466567893751303 -0.496198511167301 0.469426927485361
-0.0773714222121531 0.0320535875361605 -0.587673527075638 0.483767067190254
-0.0462709313347672 -0.0275737760006499 -0.555324905713439 0.368722913653828
0.00679259702399584 0.0149124536704496 -0.423249025795319 0.328573714589877
-0.0456284607092836 0.0533369800976663 -0.330666743241828 0.214480524166095
-0.0356076421785353 0.0542012302806869 0.348675409654967 -0.0945325651302765
0.0274137136558461 0.0185859091661786 0.411654759870347 -0.277880698445046
0.00745853617492311 -0.036699845705796 0.585019569486076 -0.234224448962244
-0.0571222025813812 -0.00351762052832995 0.718874996593681 -0.3901216394853
-0.0263013859912917 0.0235331365034785 0.585361250727083 -0.452861127738469
0.0151222068099773 0.0134586009366687 0.367123460701126 -0.366328730401174
0.0457320906459512 -0.0129779642913223 0.189126794281583 -0.187142689555775
0.0374430525500897 -0.022021095927444 -0.0199144279025025 -0.0248807676966228
0.0352439036136111 -0.0154968164995312 -0.172926488573287 0.140571077756059
0.030761206617942 0.0115799262129807 -0.382951361111333 0.314589369879643
-0.00818509832269939 0.0547908125669223 -0.528456008173718 0.441470650161996
-0.0907951149805438 0.0282867679842621 -0.639104570521005 0.431950095181489
-0.0424783826236796 -0.0417608742496759 -0.58144958097351 0.313068002609419
0.0117456147040875 0.0229836471684035 -0.429983489860458 0.309410888309847
-0.0562256697656389 0.065888246827787 -0.339302092679842 0.192349128249355
-0.0266323899935217 0.0532693833470755 0.345069024330929 -0.12956411641043
0.0311875035072321 0.0113468891474276 0.397529734795724 -0.28405637137235
4.79372154307822E-06 -0.0395165451345635 0.574808932884266 -0.294196551255807
-0.05873193149062 0.00297452978770273 0.660910051600698 -0.455921061010384
-0.0225836345131158 0.0261432510622873 0.540450090434989 -0.478697158973326
0.0158039963459883 0.01033612090824 0.358676596208155 -0.378597660851867
0.0454945392551056 -0.0150696539571645 0.198813843702552 -0.19723658822757
0.0375992567461717 -0.0230516647656748 -0.0072456323756688 -0.0340439439326727
0.0355489590435977 -0.015126204062777 -0.161473502208092 0.128396034506831
0.0295478344176463 0.0148825946828565 -0.387179987133966 0.29383182033115
-0.0142020242110395 0.0571032017793858 -0.562235911330601 0.408478980398318
-0.0946205633361499 0.0183475671216375 -0.689161110766793 0.373424038260872
-0.0335064168451837 -0.0480281299576101 -0.597637496619248 0.251884615696849
0.0133995609666246 0.0314288331631945 -0.439601187282874 0.29382730861959
-0.0661770677900806 0.0616021866506986 -0.344851287535521 0.166756483759456
-0.0129990313759683 0.0402568477449081 0.337585790829325 -0.159038846532106
0.02737107246553 -0.000187350233859359 0.39133621234665 -0.287162418774997
-0.006251540368977 -0.03513740954523 0.562720289961352 -0.348039414995093
-0.052633233999832 0.00841484718633227 0.6053092472548 -0.504145191920617
-0.0195530556222917 0.0210480683415607 0.502402294328765 -0.498118277160052
0.0136665865166987 0.00667312905509201 0.349459968570431 -0.391430208011054
0.0399274343089492 -0.0146382482419545 0.205278520855773 -0.207790900327084
0.0320860155090913 -0.0217465622536594 0.0046983149556744 -0.0422739606802877
0.0302219537239366 -0.0119675664948796 -0.150236726802147 0.119269836265817
0.0237645752853078 0.0168717503496553 -0.388626309265756 0.276945277414201
-0.0198365199033152 0.0508471065632625 -0.591775037809389 0.380905749029991
-0.0898679355929747 0.00659701878807633 -0.731375121475699 0.316474284454668
-0.0229659234883559 -0.0452107860703972 -0.605901712952565 0.201099593811651
0.00737056576794894 0.0337496188036678 -0.446656719007757 0.283819414849327
-0.0676443675188975 0.0434889071314222 -0.349219204208643 0.145297843057599
0.0517505234260129 -0.0686511390472722 0.323101052203878 -0.049942317048738
-0.0130965339076592 -0.0419372328683101 0.43434527126938 -0.243296863646376
0.00257432174772275 0.0174345366288893 0.58421111166428 -0.11648358451726
0.0201364842610096 -0.00840887931514858 0.793511863614325 -0.241174962867724
-0.0155308230718976 -0.0391102246720937 0.663510964623171 -0.368085658041214
-0.0284999479229662 -0.00448157070182906 0.386250286150707 -0.329655090578462
-0.00250300692342455 0.0117643231918377 0.173821544496871 -0.166361653298279
-0.0176287685895099 0.0110472623489874 -0.0390386305825031 -0.0122030511331054
-0.017143234592241 0.0126512000560709 -0.179142214071817 0.159703031062233
-0.0177792626252064 0.0025733432401814 -0.351011773669191 0.356077152205996
-0.0106466837377447 -0.00875754817230611 -0.435370349108415 0.507826522614762
-0.00372337620742638 0.000523335029936104 -0.511459723325986 0.54907786858916
-0.0232695500665413 0.0334943090009798 -0.51132352424938 0.434269666994999
-0.0405543688214447 -0.0128014756832248 -0.393356985237986 0.358400776139332
-0.0104294193665225 -0.0778366545119231 -0.316057497371773 0.255743472807246
0.0306521317637054 -0.0396163374297974 0.323808962458728 -0.0293621580238506
-0.0061009968827085 -0.0277600549656114 0.443203574514183 -0.247758763455642
0.00458674758255615 0.0060066608109104 0.5777961710839 -0.102485209337033
0.00506770152909902 -0.00811913213022583 0.806976378844557 -0.219721721352578
-0.0177595488277781 -0.0267059167456319 0.676970087552233 -0.362682713849335
-0.0186410866471236 0.000453529274085177 0.387626965721856 -0.325857171629728
0.00763144887821714 0.0060636297396663 0.168432686997772 -0.164617532172551
-0.00496204137750603 0.00457231760704423 -0.0442511727499987 -0.00936648926305199
-0.00530350408643802 0.00648739469100105 -0.182335858811965 0.164204355331814
-0.00744275164111993 0.00491466139211868 -0.350206276889545 0.360561857999603
-0.0086421082845022 0.00515104340003196 -0.431131483219476 0.511733976666059
-0.021098291102574 0.00943021740276473 -0.493803691141622 0.554653642097754
-0.0280543698945291 0.0215477658211757 -0.503334004346415 0.446593858000257
-0.0293799489645115 -0.003565127372283 -0.395810069029679 0.361696551979317
-0.0206255019488045 -0.0403392646426691 -0.311378506412933 0.25682786620828
0.00323292985236595 -0.0097507774913811 0.328060121765472 -0.0249013765893538
0.000797440870373685 -0.0091093350761951 0.44530322954587 -0.254638681737068
0.00883414894483487 -0.00529054959964165 0.574511680558223 -0.110199716171526
-0.0138653346507659 -0.0108098854106039 0.806132735737713 -0.227409208662094
-0.0224319665468647 -0.0117132546176135 0.674058693749335 -0.371701180863283
-0.00765128710564985 0.00499357467635014 0.386149028494074 -0.333031546333793
0.0205150256678999 0.00139737625087178 0.167041630519205 -0.166056033916956
0.00851423151785646 -0.00335003425325428 -0.0453011407551345 -0.00890421800997651
0.00825417232916083 -0.00012094548563883 -0.185550448250903 0.164536443243202
0.00468898046058886 0.00613357912883139 -0.356134468100201 0.360023822755347
-0.0052944009548073 0.0208200121026762 -0.436033858988455 0.50694476476199
-0.0389560281882342 0.0203544080195987 -0.502545146842986 0.545616195227114
-0.0348968000383018 0.00651111720128581 -0.505385762662308 0.439919992834998
-0.0169174592468819 0.00206962268462741 -0.397044037128038 0.356633080371131
-0.027609347036236 -0.00362354748131131 -0.313384451808293 0.249155992612222
-0.0213305188534395 0.0182387642991631 0.334357463362646 -0.0360986420287304
0.00901218636590753 0.00820637907548065 0.435593591199473 -0.262616781000325
0.0128305967236369 -0.0167029941701892 0.576737127662981 -0.138793185845786
-0.0318674248015881 -0.0116550500169485 0.789760955466219 -0.265733187673319
-0.0253904617907073 0.00276958598231441 0.654508914493989 -0.393628646616965
0.00117936336395197 0.0108698101341911 0.379825404290857 -0.340254778393101
0.0323023543801844 -0.00453366342794984 0.170332963397975 -0.169144595217511
0.0210221531335116 -0.0109635068692138 -0.0404907670621789 -0.011434458659192
0.0203843051766527 -0.00716934300197747 -0.183186413526011 0.159530424374344
0.016023115592502 0.00609893556409824 -0.362845994362973 0.351166999644552
-0.00306625589110377 0.0341686311497381 -0.457313386801897 0.492195415721444
-0.0583615697795784 0.0303570560321796 -0.531304872629667 0.521267346432919
-0.041772699803671 -0.0089118626198288 -0.522552159955075 0.412744089893026
-0.00432022507923097 0.00831079628518781 -0.406085534096938 0.345954721591404
-0.0347013376378791 0.0294204965524506 -0.318185321173649 0.23606274936137
-0.0342991454283348 0.0404692337812494 0.340867108209412 -0.062509979607695
0.0194162641740266 0.0183994819121051 0.419909829342161 -0.27104840395764
0.012483188197284 -0.0285308944907794 0.579210826787404 -0.183617552981971
-0.0461963116727639 -0.009840556807571 0.756929989627084 -0.327845982094714
-0.0279702824112861 0.015268990343848 0.618691882986953 -0.424319716930088
0.00965910938787582 0.0135757862486652 0.371034799068335 -0.352491848905937
0.0401423306309382 -0.00906852584525537 0.177424377992349 -0.177244519716332
0.0312956312095614 -0.0176107661997819 -0.0316594750149922 -0.0177099865993879
0.0297858987702984 -0.0128935765724378 -0.178420130906634 0.151024102904084
0.0251076464910755 0.0083505546366197 -0.367296076240579 0.334090850499032
-0.00333538167398174 0.0467410028465592 -0.484484913478004 0.470024784982543
-0.0758897836837839 0.0337269783290881 -0.576881255731306 0.485848517142431
-0.0449882552168077 -0.026590535611562 -0.546285665112842 0.369587352870448
0.00596272219699169 0.0145385573200639 -0.413785556024575 0.329672935338814
-0.0446159668761266 0.0538534587769011 -0.325169317485204 0.217253501629748
-0.0350518144743015 0.0531159893660918 0.343698691967489 -0.0964451711500922
0.0272949107332372 0.0180707503995835 0.404719437062153 -0.278801607739472
0.00774193274998111 -0.0370470833817425 0.576667820552845 -0.238879460706356
-0.0567586613284873 -0.00319127777358826 0.707569381158123 -0.397714010541679
-0.0259538024988826 0.0243831553204804 0.574999515602869 -0.455161333375918
0.0151015123320497 0.0137675647449936 0.35905192185271 -0.367076627020469
0.0445344208865122 -0.0137434451128854 0.18502851889624 -0.1877193867697
0.0363547259751391 -0.0227502734313273 -0.0204142189986773 -0.0243963878069838
0.0356102524632464 -0.0155959971727443 -0.169433150061569 0.140389680153287
0.0295028989777142 0.0112718062578403 -0.375323942230269 0.314697585992205
-0.00701227190383306 0.0545676154852162 -0.515902928035377 0.443341628370007
-0.0894021375595422 0.02958494126423 -0.628672173282821 0.434080555843975
-0.04209909185874 -0.0405073193014411 -0.571840423095553 0.316055862227361
0.0134808126091074 0.0228654087956677 -0.42365818139178 0.311317647417594
-0.056660638080321 0.0658751788319125 -0.332942590797168 0.194567038435493
-0.0255074959307793 0.052837714854567 0.340387265013451 -0.130858818004153
0.0311289440674896 0.00971302602083346 0.390304418058836 -0.283892043333345
0.000422689638851849 -0.0390508727281694 0.568499172956239 -0.298656080480464
-0.0587776350610799 0.00409707506030667 0.649955505346798 -0.460658359509852
-0.0231694395270529 0.0262888547573886 0.529213538649143 -0.481703115567025
0.0165025520035593 0.0109402196804984 0.349700315652183 -0.37934813161893
0.0437827456178284 -0.0157886382933467 0.193510182036454 -0.197633296080245
0.0366186597439874 -0.0240004495026486 -0.00771427808570205 -0.0333051781704048
0.0350395317628441 -0.0147923643683913 -0.158950709835802 0.128709871127564
0.0294689751501395 0.0149522609710016 -0.379463654928725 0.29376520086656
-0.0133381796893019 0.05556678814221 -0.548970593789219 0.409918680147137
-0.0941010920057067 0.0207615747078396 -0.67910214787575 0.378521487396686
-0.032674778995464 -0.0480643759950705 -0.592182809218921 0.256715663052445
0.0125769550592145 0.0304614872101577 -0.432420240471147 0.295473343676794
-0.0653480690723196 0.0626228893962386 -0.339479033998512 0.169148823934278
-0.0131650184640098 0.0402501080006165 0.332233530909965 -0.161394845532825
0.0273451782428267 -0.000587714329249178 0.384579380468395 -0.289669858945492
-0.00603084414447127 -0.0353640064708298 0.554682773108648 -0.352653940516466
-0.0519721220761275 0.00911612546078366 0.593894481068899 -0.506803204724611
-0.0194988390107998 0.0214446585425562 0.492406345953796 -0.498037572122329
0.0133230982859771 0.0067319400044103 0.340297906157568 -0.390480038064492
0.0390024487614888 -0.0152500784087972 0.201259019726708 -0.209049936445515
0.0321199614922809 -0.0217385857639101 0.00446824649790727 -0.0414726436235074
0.0303516190586516 -0.0121512766973729 -0.147804554951752 0.119292189516377
0.0244391702746175 0.0168451178587229 -0.381778128734428 0.278132858139184
-0.0196246221591326 0.0512441292488166 -0.580343053643715 0.382896462364794
-0.0892048231671308 0.00862717899817261 -0.719158146167124 0.32104919300807
-0.0224632376353775 -0.0452747089258426 -0.598938048659618 0.206353440672192
0.00599908299422875 0.0341386032609869 -0.439287743534269 0.285681320778379
-0.0681025380929001 0.0439915670160976 -0.345448696989518 0.14767345829718
0.0503979852665785 -0.068922404779258 0.319164021935337 -0.0523251858772038
-0.013844519240664 -0.0417932809992667 0.427102129907084 -0.244111948276789
0.00333686151241975 0.0163488009899893 0.578668012916817 -0.12076210349494
0.0202397300474191 -0.0084853989622488 0.784014802073433 -0.246556060410387
-0.0160560715723011 -0.0379200429700269 0.650689469480511 -0.371016719174671
-0.027554201082161 -0.00317312958305512 0.378291506932722 -0.329427925982621
-0.00364703376521188 0.0115631786748894 0.169032670644854 -0.166391410121439
-0.0172401607008381 0.0110610261419407 -0.0379417470615395 -0.012266574227125
-0.0176646223828521 0.0124755060801158 -0.175213712282951 0.158897792939495
-0.0173254940504108 0.00272218939296658 -0.343637492439474 0.35544560067409
-0.011014883587061 -0.00788836823159629 -0.423937130313966 0.507075920449843
-0.00475604784729396 0.000455583635694527 -0.498788173337752 0.547172809842686
-0.0223915400612626 0.0335817298407857 -0.50288357715616 0.434448769007876
-0.0408263762513993 -0.0117073662857005 -0.386962382531638 0.358716947348274
-0.0123108297024888 -0.0763497273888405 -0.310374682505575 0.255010991919739
0.0286583284764815 -0.0386474459192958 0.320199996448836 -0.0324239707815828
-0.00624694717303627 -0.0284123667875959 0.435521679959501 -0.24777259593519
0.00467533943230169 0.00597326556888704 0.571585910139657 -0.109926227374767
0.00492929963306415 -0.00777533634037838 0.799258229270055 -0.223702212435078
-0.0181438938648156 -0.0261379673995605 0.664701567862502 -0.366999624577874
-0.0179848375067354 0.000813743789125602 0.37879203334383 -0.328385423123497
0.00779946695595161 0.00654249447176136 0.164670509772729 -0.163683057779613
-0.00513397995460565 0.0040735146349199 -0.0444454957171128 -0.00822566909242362
-0.00481929732497311 0.00708796481333974 -0.179264031261344 0.16338332426544
-0.00732771453087716 0.00522156878467856 -0.343764182964136 0.359725712441746
-0.0091151690765639 0.00573096277663488 -0.41894825011876 0.510366671591062
-0.0209167896878434 0.0100220265181273 -0.483734663286636 0.553059893954604
-0.0269697853285946 0.0212767570337562 -0.492984094588116 0.44687114741927
-0.0289864417865718 -0.00383443660290543 -0.387558543063365 0.358844552891425
-0.0213611321106385 -0.0405518598088256 -0.306434341212978 0.255958830486215
0.00360213205405117 -0.00935431294223396 0.324886811816279 -0.0271902217265768
0.000148520673341943 -0.00951569344552135 0.437853976656868 -0.255737541298734
0.0088297452948176 -0.00550700634780882 0.569699288691524 -0.114784425265811
-0.0132468548295893 -0.0102068760661299 0.796388895298601 -0.231571817005771
-0.0223967394559855 -0.0112087987375094 0.663765631256464 -0.37462431064484
-0.00782093263787818 0.00669061016794142 0.378175999276756 -0.333150407718098
0.0213901548344844 0.000657715596254873 0.163245549593305 -0.165550522817934
0.00820816154032968 -0.00365910558342156 -0.0446883727890965 -0.00823679891775384
0.00789722580785857 -0.00053702888174708 -0.182085305785634 0.163422029649248
0.00434463999830371 0.00584469369581772 -0.348833342326152 0.357862773636489
-0.00527257980296604 0.0204301812665177 -0.427237625341146 0.504569268913539
-0.0383681904713674 0.0208299879616104 -0.492888002187828 0.543874148936702
-0.0335397461620314 0.00697252875601479 -0.495765582870878 0.440975491545315
-0.0166090203384387 0.0027957727297353 -0.390737273495763 0.357623185185789
-0.0280715216547462 -0.00316566456799556 -0.308210636728285 0.248453904776334
-0.0216909134107969 0.0183425400592027 0.33129160594645 -0.0394182620476657
0.00824185503547109 0.00794515202706717 0.427457145862632 -0.264154989382521
0.0128716751486913 -0.0168529759885439 0.570715471944479 -0.143873887558778
-0.0307686468238305 -0.0113690056321294 0.779420235055161 -0.269733255938944
-0.0259577926545103 0.00292154722555712 0.642766044873836 -0.395789547734904
0.00177842682445731 0.0113597755756352 0.371953345205764 -0.340910652870023
0.0312999741753493 -0.00459796750588994 0.165977066801547 -0.170249286102103
0.0206275346114813 -0.0110275875815574 -0.0406180879027059 -0.0106952182980171
0.0198804375333947 -0.00699425793591462 -0.178882629472641 0.159369311730588
0.0153736666504099 0.00654781648459627 -0.354416954310417 0.348807106959768
-0.00344685549019074 0.0351282228915565 -0.444697753418966 0.492221548396065
-0.0571372988568056 0.030455554898893 -0.521680833221743 0.52045069292811
-0.0414799145717099 -0.00967525349684446 -0.51357256965515 0.414948390189687
-0.00483808803596862 0.0079452432796812 -0.398696700241032 0.345427062987995
-0.0354553109574424 0.0294697299706147 -0.311342524653 0.235188212291714
-0.0346951123890632 0.0401975933860842 0.336900822475852 -0.0648634071139735
0.0190372102961438 0.0177450967277222 0.414950129656101 -0.272163915751565
0.0122104370835138 -0.0277070651106979 0.571005177978677 -0.187448648775614
-0.0463098511432684 -0.00831973695691621 0.744266002652461 -0.330031709669756
-0.0271063507527074 0.0159526771516868 0.607790828153042 -0.427384623091198
0.0100190616823977 0.0138133921544911 0.361956137104762 -0.352231379857921
0.0399809000089803 -0.00984892810844148 0.173286699107667 -0.177072059973432
0.0300186016989299 -0.018176448311307 -0.0315851839354869 -0.0167279725473043
0.0281355413110288 -0.0143278154508704 -0.174351460147261 0.150861158452652
0.0255357966330291 0.0086884458829509 -0.360365013223817 0.334717932502675
-0.00304662179510499 0.0466912454102084 -0.472462996418198 0.469641740705336
-0.0747302484623267 0.0336855161416837 -0.562273477091583 0.486184727014151
-0.0448097091661293 -0.0256973199500101 -0.538710480685325 0.372277569551143
0.00585313623638322 0.0130590421237971 -0.407521455482706 0.329198906442373
-0.0452270371065304 0.0543999147234299 -0.319877589680802 0.217347335552193
-0.0351368892707312 0.052744796193686 0.339354266325411 -0.0981092641525737
0.0267259401289408 0.0172892671495751 0.397718414043408 -0.279498183849594
0.00857732204426614 -0.0366430887620954 0.570575819204684 -0.244636128796841
-0.055656987633447 -0.00224883127911135 0.697795339002585 -0.400552393950948
-0.0263620754672549 0.0242840094609868 0.563535207300193 -0.457547312886614
0.016025524815926 0.013697799694015 0.35219880834376 -0.366301061143047
0.0440484761808209 -0.01428852815053 0.181032766553711 -0.187667978768534
0.0358729012035772 -0.0228617326362559 -0.0205835297923329 -0.0234464556040565
0.0345095050020034 -0.0151382564006405 -0.165720521843067 0.139696697629287
0.0299659743688937 0.0115025057260587 -0.367526326903803 0.314828681586276
-0.00642574027244706 0.0545186436777752 -0.506444256104017 0.442143621147182
-0.0877530896636416 0.0315575291795787 -0.616112634646851 0.437809052573917
-0.0409191879065756 -0.0390441788417358 -0.563511039581754 0.317662518821814
0.0130594692706706 0.022691145778784 -0.41545905570696 0.310030896420888
-0.0560868693602178 0.0675888800502672 -0.327893524131939 0.194824054457076
-0.0268278692035017 0.0528996988375167 0.336183375037164 -0.132889699348271
0.0301461054428191 0.00937133040838147 0.384325719858917 -0.284117022668313
0.000775454868329488 -0.0384992065999893 0.559598975437949 -0.301129061390197
-0.0575147469369193 0.00505806518239701 0.637430371367558 -0.462432510568684
-0.0222228849514109 0.0266526915517191 0.520054051222846 -0.482046222841947
0.0168367879665156 0.0113116757490666 0.341710725734799 -0.378776447019915
0.044220741409068 -0.0162357500099396 0.188406324445118 -0.198529485458786
0.0361034497572215 -0.0241595918654059 -0.0074011565898639 -0.0342247569521869
0.0350600316398313 -0.0156008120599557 -0.154792108170708 0.128066549781129
0.0291293423215739 0.0143885983287723 -0.372089855970466 0.296101608270547
-0.0128288885239328 0.0553694555124568 -0.539120850150088 0.411419015538792
-0.0928340818310882 0.0202373567404821 -0.666759480370656 0.380061827131082
-0.0327378707753158 -0.0465397001656825 -0.582622049687202 0.259894901247712
0.0135927143136088 0.0301444923458801 -0.426665734703639 0.295569016434404
-0.0655606440674043 0.0628054012620809 -0.335126383721062 0.17073047611561
-0.0142038321151217 0.0395185251375864 0.327086885371786 -0.16317887041199
0.0259493539224094 -0.000391087181925415 0.378723725373013 -0.287471231230123
-0.00599926832755887 -0.035066138169399 0.544904693988178 -0.353926205887883
-0.0511059596441032 0.00920505075870409 0.583079181237771 -0.507986503984818
-0.0206112682167107 0.0227435764770925 0.481362438287948 -0.498773405445264
0.0131563569225202 0.00738354618303886 0.333757756209363 -0.391362154328695
0.0381579204095524 -0.0151744662677988 0.195920669264805 -0.208149693468539
0.0312960377501964 -0.0219356274112179 0.00401223735816643 -0.0414908247938517
0.0295616011646211 -0.0129127490352745 -0.145216956290943 0.118190590772402
0.024032983833368 0.0158330253655987 -0.374224418407564 0.279567960971456
-0.0180338845182503 0.0505703594746182 -0.568914713401185 0.384719398452652
-0.0900957226028783 0.00950117005031353 -0.708742631616656 0.325382153686705
-0.0227965615632532 -0.0433239048466613 -0.591816447822855 0.210055154907459
0.00606957329606072 0.0333961499963551 -0.432199606828078 0.287171445257797
-0.0672408237467819 0.0443200031473792 -0.339717065704773 0.148324594495959
0.0438191703430553 -0.0764195939382776 0.305719252278155 -0.0771688101427645
-0.0167169678829512 -0.0425035915266226 0.395588425486692 -0.285063460005577
0.00674626343174488 0.013098707106675 0.560145535490172 -0.183552649118843
0.0212507379966791 -0.0108486806423789 0.743645722138357 -0.338587901849231
-0.0174292156996471 -0.0339580272615402 0.602001731988398 -0.440085622705918
-0.0281136839136481 -0.00268693847076253 0.341213093624271 -0.362709172670035
-0.00190734292146343 0.0094542435931995 0.153105441873449 -0.183876887406894
-0.0160034683921563 0.0131530838520586 -0.0392911610798482 -0.00740172362602622
-0.0142331094622994 0.0135074754542065 -0.15677303159325 0.173682575639388
-0.0148547341030931 0.00366833410169011 -0.299016361454247 0.386255099326473
-0.00537582504599747 -0.00914916163951863 -0.370111306176096 0.5408085672684
0.00401922821847042 0.00202731456336423 -0.439040439305088 0.593381269074606
-0.0109614997281233 0.0369742776794892 -0.451827659140429 0.482176310769509
-0.0338122843355672 -0.00484753567471302 -0.34221808700409 0.394753408569601
-0.0182624420199331 -0.0679403645765969 -0.281925219554319 0.283795636506888
0.0271465305446392 -0.045187737902315 0.309764044762622 -0.0610433670418888
-0.00820039334303764 -0.0298540497794922 0.404472490076286 -0.290799297853788
0.0068496443949324 0.00193694621747734 0.554556559556585 -0.169894705207439
0.00546313018060478 -0.00930545434451461 0.760635769747129 -0.319759191447352
-0.0175970817599299 -0.020019126752901 0.617479169590141 -0.435006996800835
-0.0181418503339236 0.000994811588402723 0.343084121938469 -0.36141569295555
0.0089195678261446 0.0032129243181747 0.148074841375032 -0.181130379569545
-0.00508944876255394 0.00439387511590503 -0.0437950654614225 -0.00334487505901979
-0.00288723014314933 0.00687050969380082 -0.16050446118855 0.177851529997889
-0.00388065862537762 0.00403558829339453 -0.299320177353341 0.39073587975527
-0.0015762944693019 0.00349667383899848 -0.364251866579717 0.544126328401174
-0.0117584925899339 0.0124789573563541 -0.425081455277876 0.597497578003297
-0.0171432943104926 0.0254834068049088 -0.442952687359932 0.494146040536111
-0.0225040734233526 0.00274296484985179 -0.342319741534967 0.395642148066478
-0.0220096895978398 -0.0311335687689508 -0.277793257018483 0.284264882382859
0.00287558595676647 -0.0114253957001906 0.316848141742466 -0.0586945379458087
0.000368190476699718 -0.0119893442306008 0.404371667256862 -0.297028952974602
0.00993567773591253 -0.00934533143555644 0.551362263644385 -0.175627113048299
-0.0121856254003175 -0.0101203600936504 0.759154987724599 -0.325587506715064
-0.0205678504245594 -0.0063850376921201 0.613228995089674 -0.445987897616401
-0.00676138292627743 0.00563851172276728 0.340866031799139 -0.367324374537149
0.0201065249821066 -0.00210253190271665 0.146867813542089 -0.182066343094913
0.00685616955182943 -0.00414855599184001 -0.0451593236839663 -0.00333230345326927
0.00795014327482677 -0.000893803973000804 -0.162140836515203 0.178258741601782
0.00804219259477926 0.00492357882500912 -0.303130421741112 0.389744933926411
0.00264766781517196 0.0174403375901027 -0.371012991195636 0.538720125537571
-0.0269304348597284 0.0254471615680055 -0.433624058755645 0.591761048379832
-0.0262831764905518 0.0120995051239431 -0.447126566328914 0.488137118902481
-0.0105527970478096 0.00793449138754165 -0.345621630474431 0.393920113286624
-0.024549076691623 0.00572392550497955 -0.280323793433328 0.279004775770835
-0.0182490711643601 0.0188694843036033 0.323687135073642 -0.0735577729088802
0.0103411845512019 0.00437215272226395 0.394831107960109 -0.305215925566671
0.0123345767281111 -0.0209051488976844 0.549273686146284 -0.202879781900212
-0.0297709936147555 -0.00950542309635723 0.736777164111273 -0.361688282325861
-0.021956331023693 0.00798266842784932 0.591944751197636 -0.465443635446988
0.00302236520327959 0.00970294379953335 0.33161717278086 -0.375433304130693
0.0305166097113244 -0.00848799790795823 0.147900448748093 -0.188038343116404
0.018548727290075 -0.0125696865902952 -0.0406449313395873 -0.00647887460216493
0.0205518144179423 -0.00972923992294458 -0.160970729381582 0.173302023535743
0.0197490236810796 0.00430829067555639 -0.309515187113333 0.382162127188801
0.00657659165135917 0.0317728549700765 -0.390182571923237 0.527800705730426
-0.0445707401515687 0.0376459338032544 -0.462707539131925 0.571861414957015
-0.0354378042647233 -0.00192144501610693 -0.467097077563042 0.463807352760766
0.00263409439203996 0.0111114664348427 -0.353884765716943 0.384005757435685
-0.0290687303603689 0.0374814838009191 -0.286720388524222 0.266657102363787
-0.0295607385199703 0.0427392654917692 0.328826128166022 -0.102463961092332
0.0205131142599812 0.0125599370102252 0.378865858371547 -0.313631711727745
0.0111629505874794 -0.0332955776480316 0.544409710839673 -0.246578621658593
-0.0447868827270899 -0.00570072419985457 0.696737786507189 -0.417763002058765
-0.0228315233753773 0.0207825710123991 0.55442147979164 -0.490783429411427
0.0110853603173257 0.0120873837123653 0.320870555481815 -0.387728435863553
0.0379361429820304 -0.0148705907459876 0.155055940109235 -0.196893698628512
0.0277576358451592 -0.020451320424218 -0.033126039227463 -0.0133001409387129
0.0275082279584834 -0.0160118771312807 -0.156524642160818 0.164370531876618
0.027765974654111 0.00533824184526443 -0.317303813720035 0.366662576857014
0.0071866855402467 0.0435083738237287 -0.418745312526224 0.508608575978484
-0.0603033690084358 0.0422709033255787 -0.511022390298034 0.539659383653385
-0.0408463850117821 -0.0176034235955057 -0.497226773319243 0.424289546119374
0.0137020128598018 0.0165091283011466 -0.364039810060925 0.370064997812877
-0.0339047362260881 0.0623790597456715 -0.297923394180251 0.250239452327521
-0.0288569855102035 0.0550493444966308 0.327252292953243 -0.136505458658755
0.0289168962023704 0.0121526560480388 0.361673655381649 -0.317876208730287
0.0057935569898199 -0.0407610376249005 0.538039202427601 -0.301576525142478
-0.053136705173881 0.00121176510160723 0.640352439154158 -0.478375622587591
-0.0201765944835592 0.0286959918158729 0.505820753816013 -0.517171231663183
0.0164349402916197 0.010814890218784 0.310646526614447 -0.399911577512155
0.0420804365915995 -0.0190037797623944 0.161706114667877 -0.206647294786559
0.0325804980243903 -0.0254678724608108 -0.0230765051799347 -0.022874109365449
0.032917069217662 -0.0194958067608473 -0.149366610379227 0.152289694377219
0.0321913088493722 0.00798737082420537 -0.325407682873263 0.347798262867876
0.00484688710472696 0.0528711533388116 -0.452228363314405 0.486226563289678
-0.0738114577280613 0.0418297552089126 -0.565619257303042 0.4964479417749
-0.0394345622175071 -0.031219641772383 -0.527700535959742 0.372080621448542
0.0200226519983168 0.023795934707473 -0.372796816239387 0.351784135296354
-0.0446439816616533 0.0751193540209377 -0.306042275558191 0.230504026917504
-0.0202266278663283 0.0533464951978848 0.318403419373034 -0.172122348144374
0.0313685679623264 0.00381776290168007 0.347652651263952 -0.320794108125749
-0.0028243949579786 -0.0422288555235595 0.52171714957939 -0.357541855990442
-0.0541077207186061 0.00825104932876561 0.574410042172982 -0.534417337267223
-0.0172737819373065 0.0302267288006909 0.460775941711878 -0.536188806615017
0.0171344716218094 0.00795325646378308 0.298444788277958 -0.411021921293182
0.040819974250453 -0.0223153853404191 0.169237594234945 -0.218516235585892
0.0332089166105854 -0.0272170564970399 -0.0125958341301306 -0.0328082349858374
0.0333892968751538 -0.0188716400575184 -0.139651501761145 0.140156845590572
0.0324390942271478 0.0107753865037938 -0.332315912085304 0.330051487002564
-0.000628502380687417 0.0541865261045115 -0.488448730410426 0.457754239087861
-0.0807894342675247 0.0329824648820799 -0.623321664593594 0.447364454777525
-0.0317067728760128 -0.0378473684153216 -0.552696227950464 0.315785185480527
0.0210425508749683 0.030642393324075 -0.383544899640398 0.337227300518914
-0.0545236426738653 0.0728040160512063 -0.317728953301988 0.205287474807994
-0.00810218299542739 0.0390015956493323 0.306405513197619 -0.198634851171657
0.0267889580873624 -0.00634735083036407 0.340621105445785 -0.324379506354355
-0.00907032247615527 -0.0383429795281975 0.502625812776347 -0.40627734035392
-0.0475939149912364 0.0126034786647765 0.514753847111725 -0.571804860528948
-0.0144377234204902 0.0245304691096236 0.420794412781112 -0.54775007608192
0.0139231561832297 0.00494400369780202 0.289446912058196 -0.422238157148296
0.036777527748688 -0.0193014994659978 0.173944562069148 -0.230229549763559
0.027851325947455 -0.0248098869439213 -0.00104145313525562 -0.0421728068881784
0.0286466027497703 -0.0149073451297244 -0.129833482875902 0.130504755540487
0.0273681452014174 0.0133894522725742 -0.337687780418521 0.313386299033485
-0.00601973176185578 0.0511914241450131 -0.522765456144549 0.435567169945194
-0.0775792739250355 0.0217453752589607 -0.672160538864754 0.396744976723413
-0.0222226003559132 -0.0364974302583684 -0.566344262375744 0.266715350883836
0.0146590575175044 0.0352966457984301 -0.393368615630611 0.330089686178065
-0.0595518196721992 0.0559324421297798 -0.324667280435059 0.184900375525853
0.0436278737411828 -0.0762410559672764 0.301663595630582 -0.076923121417151
-0.0167738263574534 -0.0423699190649895 0.389190430562898 -0.282596831078426
0.00696251935077469 0.0123161441381026 0.553309788460572 -0.184114367508341
0.0207913659963961 -0.0101505475743304 0.732562779952194 -0.340214971390776
-0.0174646415251747 -0.0329666377237998 0.592032754753788 -0.438138852609289
-0.0270229682723083 -0.00159523568409296 0.334380013973843 -0.362766065670936
-0.000791636766176952 0.0092467260400339 0.148911209375377 -0.181619314086246
-0.0158348207515467 0.0127442544410525 -0.0390361821497105 -0.0087814166670025
-0.0143918412150111 0.0137445928672982 -0.152842537797513 0.17171631198431
-0.013998960834175 0.0038881325430738 -0.29145591208504 0.383125332013124
-0.00579527653052764 -0.00930880763193611 -0.359023886950957 0.538607566696242
0.00426495210539256 0.0024479755063398 -0.429325899713675 0.587346077080101
-0.0106986742520775 0.0361462406799923 -0.444466904591792 0.479437621489086
-0.033623131671198 -0.00400687261256665 -0.337267373444634 0.391905985512016
-0.0185158359695264 -0.0650033749472197 -0.277656042165631 0.280196559344129
0.0254548325692115 -0.0441224532742578 0.305553742534069 -0.0602879875186617
-0.00862670333863269 -0.0300624717568776 0.398189218604682 -0.287191423954831
0.00753209557957586 0.0013154334537812 0.547919873770307 -0.172082870082445
0.0053677111065558 -0.00944031579039303 0.7501027924717 -0.319321860569123
-0.0183971800414572 -0.0204053953091627 0.60557863409264 -0.434768971527599
-0.0173188143292479 0.00172282544384667 0.334531452735032 -0.360695486271738
0.00872648495320695 0.00343654340209926 0.144009578002643 -0.180095288396953
-0.00557967401101783 0.00451240708749591 -0.0435535957208869 -0.00337287626290425
-0.00287730427677007 0.00775181719010216 -0.1572818269237 0.17582770934538
-0.00393788210203534 0.00438878845446183 -0.291188494848538 0.38787914174624
-0.00223307602256142 0.00417126295351959 -0.353771018013422 0.53986449842058
-0.0106395698351387 0.0121458541464651 -0.415051582950788 0.59143961182899
-0.015856227222737 0.0253372568620563 -0.435603211406622 0.489738481318631
-0.0221863202790309 0.00199236106847217 -0.336391149599904 0.392035904573308
-0.0228826912689465 -0.0296848328758473 -0.274504675085222 0.282144166688639
0.00160099139162255 -0.0114887382889688 0.312360629669373 -0.0595913922291958
-3.24675913466873E-05 -0.0126077524497352 0.398850848462236 -0.296494007910279
0.0104659570713236 -0.00959231255703335 0.543804816073575 -0.177226357868215
-0.0117633046313899 -0.00920505271894072 0.748205252140333 -0.327009212330429
-0.0206141744710577 -0.00552102617198092 0.602194708727661 -0.444466576538375
-0.00699945784166691 0.00622443528774593 0.333447510555716 -0.364961321113406
0.019107555372239 -0.00282643919510261 0.143528699231005 -0.182534328017669
0.00730997767611391 -0.00410092939869736 -0.0444697122500401 -0.00298886503359343
0.009048252164707 -0.00104782181799014 -0.159290465743846 0.174974796872659
0.00787068050263245 0.00519150331689092 -0.296018991622901 0.386650922612066
0.00237747692607728 0.0175701789979877 -0.361441615822676 0.534267297253971
-0.0267771842478458 0.024855592597445 -0.423364110912473 0.584126273022714
-0.0256588374592188 0.0124328979824798 -0.439212196871839 0.485512450175672
-0.00984990104301959 0.00752036196237716 -0.339121188069825 0.390000638824955
-0.0259762665494319 0.0066844292107497 -0.276416207217644 0.27724600900248
-0.0193596672383316 0.0184326963319288 0.318928625832869 -0.0737722943218502
0.00954823845308799 0.0039753956233095 0.389865295115474 -0.30136987404143
0.0128100096720335 -0.0215082158121813 0.540601696650963 -0.203337027437442
-0.029667183043492 -0.00906843792147104 0.726557634689981 -0.361820147235728
-0.0222283209898113 0.00894791594557538 0.581063155258909 -0.464565444726149
0.0033275497224855 0.0100621030010403 0.324641718889492 -0.373340089817709
0.0303404272847599 -0.00926197412609022 0.146345537289348 -0.186462104069222
0.0180460793953675 -0.0127114455867914 -0.0410720016676813 -0.00651133837526742
0.0191080597551079 -0.00945313090155803 -0.15724450625063 0.170694250649957
0.018283336798705 0.00455675791704763 -0.303319950712803 0.37829472854665
0.00637552031769091 0.0319895016656626 -0.379885454968804 0.522128021824172
-0.0440211284923526 0.0366109094474443 -0.453424066052766 0.565779742480567
-0.0338940818179791 -0.00208163973703469 -0.460664352224206 0.460416274811499
0.00195322181598256 0.0106215522364175 -0.348298219992424 0.380069334783659
-0.0282101500172036 0.0380435029688728 -0.283321634150626 0.264452005963232
-0.0293938256552551 0.0429901547142101 0.324342703157117 -0.102505442069679
0.0205006381628956 0.0120323680667417 0.374131500627485 -0.311336954444215
0.0113827300866354 -0.0326864444153245 0.537370295743594 -0.247515646771358
-0.0437667697977413 -0.00610784360114854 0.686139913636873 -0.416531370334602
-0.0226834598037505 0.0207959430015476 0.542313548369903 -0.488779445751143
0.0112109378908596 0.0117771718390543 0.316179277595234 -0.383804138788662
0.0374343287656216 -0.0149257906498986 0.151011013667087 -0.194428864979647
0.0273052164229306 -0.0205465067485207 -0.0330485797460093 -0.0134274324011537
0.0282035874468438 -0.0159840447397761 -0.153227085668502 0.161871718010531
0.0275953999481003 0.0050415609473611 -0.309929129024767 0.363101706738255
0.00741071534963547 0.0438094913788321 -0.409999895466738 0.504435204099082
-0.0597905820555316 0.0427226434163118 -0.501920744278998 0.535572129259511
-0.039497855677546 -0.0162350321082174 -0.48794233418353 0.420507353793792
0.0118618724833138 0.0154282768187954 -0.358400680179968 0.366384657717965
-0.0338506907682909 0.0621175381298562 -0.292208502009179 0.246881285187289
-0.0286301854766206 0.055008052737619 0.32299799052631 -0.137327544873791
0.0279412719978077 0.0114291547936713 0.355945788116663 -0.31619285945562
0.00575282518093811 -0.040247865964833 0.529309918999543 -0.301425612367419
-0.0530572804419218 0.00209259278765006 0.629639515639345 -0.478380372095069
-0.0194391139396601 0.0282477493533818 0.495944195950982 -0.513776937513953
0.0168469621139055 0.0107457133766278 0.303655172068136 -0.396034424200311
0.0405912943631493 -0.0198368064848441 0.157738030274921 -0.2055784092767
0.0311344899125957 -0.0257056264167464 -0.0235229279324999 -0.0212085121256459
0.0316975345392795 -0.0186093575588434 -0.146608718016531 0.150524575941339
0.0317904555568044 0.00798771311723132 -0.319266242562633 0.346492895539746
0.00589510997159915 0.0521173263460273 -0.444257479554658 0.480434493427806
-0.0721389962582854 0.0421731646910703 -0.557623245242898 0.494235382216371
-0.0390484761848801 -0.0307450702249233 -0.520744127224286 0.371046948333643
0.0193445996413853 0.0234139011447221 -0.366927429268134 0.34906658236768
-0.0440232383309566 0.0755544927400635 -0.302449343447555 0.227775140937287
-0.0210149290356009 0.0532421945746353 0.314690108504673 -0.171018117708864
0.031370883818639 0.0034821689223131 0.343181463361631 -0.317674570970508
-0.00246216329933002 -0.0418786296821874 0.514326920212845 -0.35670725476426
-0.0539483122828009 0.00815645452294077 0.56660435558852 -0.531028217856342
-0.0163703310766022 0.0302840364878955 0.449860523383428 -0.532434287058963
0.0178030363403035 0.0086833358461882 0.293258745544014 -0.407215200542231
0.0409312346561021 -0.0212489078075203 0.165072682912179 -0.216867681432625
0.0320341581107205 -0.0269476068716663 -0.0120283346867973 -0.0319624128118308
0.032170363823115 -0.0189606132621644 -0.137466023996737 0.138763674532728
0.0321635005270244 0.010022635516852 -0.326035267808177 0.327770140410133
-0.000336143898228027 0.0534522143281798 -0.479335884660713 0.454730899462204
-0.0785237203207571 0.0335660378422633 -0.612421679990659 0.444718484472686
-0.0308255045036044 -0.037904184647013 -0.54587648562083 0.31484931662053
0.0203534996389949 0.0308034587935794 -0.378860277296505 0.334303973490121
-0.0530990545265677 0.0732558900546294 -0.314082414392255 0.204529535163652
-0.00898195299058101 0.0381743582890226 0.30182094910235 -0.197283625508035
0.0264399832674682 -0.00617239377023454 0.33501290335894 -0.320143629419502
-0.00843262237124386 -0.0376702935741569 0.494396128284069 -0.407491733519052
-0.0464820244591237 0.0120287935260023 0.504919446372954 -0.567324593843535
-0.0139801026098232 0.02491047626672 0.412151362800534 -0.545265027586437
0.0140686582478047 0.00538571663242189 0.282199857144614 -0.418810065110625
0.0359925799281224 -0.021130600847296 0.17058190588851 -0.22805434649589
0.0265039215040285 -0.0243804205736726 -0.000674241961327514 -0.0415096849596279
0.0277894425983167 -0.0157116333305042 -0.127953375860185 0.12772532602285
0.0276365522040653 0.0125208521811261 -0.330367312032616 0.311221400204069
-0.00601112651630966 0.0500440646972186 -0.511867940161254 0.43159965336482
-0.0764108876059057 0.0225022285801701 -0.660775153714113 0.39374636444224
-0.0211297866435576 -0.0365219454509916 -0.55944024090501 0.266005963537483
0.0143300346007636 0.0348664357974073 -0.387729180599111 0.326511647416777
-0.0578352374616866 0.0561970941603972 -0.320141044735775 0.183918106341896
0.0413131785728758 -0.074770801748897 0.297993690027833 -0.0772786637808653
-0.0174135536112306 -0.0415485957919913 0.386082393854343 -0.279614428798062
0.00691623169353397 0.011682761381688 0.546429276659963 -0.184593739127597
0.0212965456137857 -0.0103447440689397 0.724855798641535 -0.339569518364062
-0.0173193617215291 -0.0318261233774002 0.580698226247539 -0.435467146892077
-0.0256963861789712 -0.000498012202660194 0.327644283627965 -0.358876625922953
-0.00085882036801111 0.00918778785559062 0.146503327487369 -0.180942912286271
-0.0159195355337254 0.0124135746191442 -0.0386498395125295 -0.00791957097474247
-0.0131231070024154 0.0135392748624287 -0.150531914615702 0.169529157601035
-0.0140090377987575 0.00407145044597506 -0.285898499582884 0.379569196473759
-0.00575230649942232 -0.00876169936542764 -0.352883192704826 0.529782130000966
0.00434728401642245 0.00269900955378213 -0.421061311071775 0.580836945697564
-0.0100104276200141 0.0365461773457774 -0.438546326227709 0.474516582076522
-0.033964726810437 -0.0036492488035175 -0.331538350122235 0.38749568488602
-0.019029196334279 -0.064088347193776 -0.272088679547841 0.276897709619563
0.0243108391799694 -0.0435212556365169 0.301390353557345 -0.0603369278765133
-0.00873387300805216 -0.0300629177354701 0.391815588868898 -0.285126325020425
0.00885555010229953 0.00127776570328666 0.540669850021798 -0.171124530534077
0.00635837767145363 -0.00902902733988516 0.739555618581386 -0.318662757740837
-0.0180012872942207 -0.0196572156255499 0.597902081056508 -0.433120645383299
-0.0167852307425619 0.00213835252738589 0.330054600623729 -0.357541627242472
0.00809734141937219 0.003516694359068 0.140973032117595 -0.178715758687034
-0.00550062968553295 0.00537061987866649 -0.0433341101016059 -0.00388379981095907
-0.00299525280835634 0.00599630644345182 -0.155309285805808 0.173081228516934
-0.00335338771374157 0.00405022858879763 -0.287072653091858 0.383479807740261
-0.00240532524242905 0.00400560103708949 -0.347080053733913 0.532065678188775
-0.0108342416729522 0.0129266411504799 -0.406185028140521 0.586478251369703
-0.0151795094911412 0.025074977691505 -0.428479523057495 0.484200831933516
-0.0226040673307669 0.00232488604041471 -0.330883724143092 0.389860394122572
-0.0231609747430269 -0.0288174339808339 -0.269564725518007 0.27999942383553
0.00096529474080437 -0.0118445583126431 0.308287441243248 -0.0583512825056113
-0.00045414464251827 -0.0119030175914899 0.393540830865729 -0.292647555522505
0.0106915282980434 -0.0103289791898411 0.536416023158016 -0.178004063429164
-0.010720432499371 -0.0100863675461757 0.738383711490119 -0.325111739653627
-0.0198899191304071 -0.00507683734365485 0.59346250116961 -0.440865740215185
-0.00641322372849163 0.00636930602674939 0.327010785841564 -0.363977310776665
0.0190217075542136 -0.00342699492871745 0.140778867193068 -0.179540233376693
0.00676675562050825 -0.00401057014654003 -0.0438367232872357 -0.00245494685001217
0.00788577067790553 -0.00197564570336002 -0.155910564732351 0.172790160021252
0.0078053104549413 0.00449721045086338 -0.289559604231795 0.382789772157852
0.00259028702785266 0.0174899320195088 -0.35232686852468 0.528823051720537
-0.0264697301952588 0.0255230594365987 -0.413074204102413 0.57931946334798
-0.0250507844153834 0.0123772747539678 -0.432649374256298 0.479950218586012
-0.010074175749485 0.00681180461340079 -0.333617359326298 0.386835423073229
-0.0254101924824563 0.00731500160926489 -0.27153441954369 0.273050988267802
-0.0187926501492314 0.0185313110879684 0.31436112787423 -0.0731745845684386
0.00885680254442726 0.00306410002114181 0.384506327568338 -0.299474500704941
0.0134945598624854 -0.0215262887070394 0.535219840117205 -0.203782009711368
-0.0291651676576321 -0.00888169243232622 0.715813787900765 -0.360056282006906
-0.0216423753300954 0.00919863903830309 0.572381352661433 -0.460681254914032
0.00291692150640051 0.0105386693387105 0.319224390397532 -0.369935194519899
0.0299272925386004 -0.00947037748548098 0.141781879159105 -0.184289965479496
0.0178459690963529 -0.0127592656132127 -0.0401857729071616 -0.00672420221603456
0.0191272740996327 -0.00953898116959316 -0.154253625181795 0.16934049967217
0.0183720469828195 0.00432533458588071 -0.296509729602449 0.375662998191251
0.00592380209540112 0.0310500498656245 -0.373366804337228 0.517037502852044
-0.0431279067137305 0.0363806928088704 -0.44524455423345 0.55967780520951
-0.0332964424564421 -0.00280163217237443 -0.45308417635437 0.457509322437778
0.00268943051180374 0.0105239372692397 -0.341691697885606 0.37545009324784
-0.0283992921384451 0.0384761293549899 -0.277965004499134 0.262460921122208
-0.0297508159190088 0.0415256805554673 0.318658974290091 -0.101571646551216
0.0200179746399861 0.0120786463780749 0.367412397835886 -0.306731404597389
0.0108947998861205 -0.0323928452558312 0.530234987091084 -0.246061977568044
-0.0443283178844198 -0.00555455473274441 0.675319535267555 -0.413810074046133
-0.0226055848255505 0.0212225095953577 0.534779046490842 -0.485107406734032
0.0112363026562901 0.0119758054263703 0.30825731979289 -0.380279745493367
0.0365176251441998 -0.0145533944044172 0.147807017634471 -0.19243928390462
0.0263644644431812 -0.0204288936071015 -0.0328422855350932 -0.0140418282981176
0.0272233417205356 -0.0157974855551949 -0.15051296461144 0.159564065881405
0.0279378653971343 0.00448052555793479 -0.304693096764153 0.359861213198149
0.00768026438825415 0.0430688991891732 -0.399809970617886 0.499431811743009
-0.0594723252195725 0.0424541327659093 -0.492559303641569 0.530725541985853
-0.0389732484242799 -0.0176554669129735 -0.481737222617186 0.419109805208199
0.0118844263398905 0.0156868970399436 -0.351562652340236 0.360905374404385
-0.0346355549694053 0.0624556548023247 -0.288548336927271 0.245415370139964
-0.0292767526509687 0.0544535671422958 0.317423262022666 -0.135917327492528
0.0277501171280166 0.0111095389343054 0.35167201244729 -0.313452348585147
0.00542665656746911 -0.0395775880740867 0.521121329506655 -0.299839545439484
-0.051823593284111 0.00154610242976649 0.621550424105246 -0.474620449672099
-0.0200383013329156 0.0286163846309805 0.488906305807032 -0.510411803654288
0.0162656070043611 0.010805199896013 0.296301093665172 -0.393793101213881
0.0411457856141541 -0.0192622921026263 0.153933860213512 -0.203210982681624
0.0306587820960807 -0.0252408050100507 -0.0229895442616844 -0.0217938775055921
0.0313908106022371 -0.0188358326501503 -0.144334948231285 0.148816332276898
0.0319318904966283 0.00688313058823571 -0.312969205340337 0.343691714037909
0.00555559907394182 0.0507732441122583 -0.435673873438941 0.476036575096388
-0.0713672243639011 0.0416602761466291 -0.548079858016944 0.490128077068677
-0.0375275686260357 -0.0292865342259883 -0.51142218905349 0.366315278014203
0.0194002505276507 0.0229808601686886 -0.360919122907248 0.344533268580065
-0.0435383688232893 0.0750110553989112 -0.297099507280553 0.225024661200891
-0.0200878470631969 0.053125141825574 0.309162124431515 -0.169134464639551
0.030136739114062 0.0031341586759618 0.338001979659805 -0.315465649724903
-0.00181065828357546 -0.04138480843807 0.508017982368631 -0.354505257815588
-0.0529546680171361 0.00927090714853607 0.557278732582939 -0.525821924243503
-0.016531018366242 0.0300064818942037 0.443359748167251 -0.527371373888829
0.0175654898517253 0.00920904294967169 0.285610342460367 -0.403084185984298
0.0398731803950616 -0.0215780237805434 0.160985675242897 -0.214853062108919
0.0308863576217542 -0.0270801959502543 -0.0123352610180069 -0.0323373890680401
0.0321053830902381 -0.0182558863264031 -0.135194486270059 0.136214324726864
0.0319308446354868 0.010507133077098 -0.320178391075062 0.323172583538863
-0.000134365026192183 0.0536738631774974 -0.470789298487386 0.450508577486084
-0.0775801425110017 0.0336852404568655 -0.602769971859849 0.440079305077683
-0.0308302549754618 -0.0378379752837041 -0.536386694832083 0.313613922990519
0.020832194625698 0.0312467290986346 -0.372143493558816 0.330743118954843
-0.0538275911107621 0.0737264465355423 -0.308277109508275 0.201440257920675
-0.00997182810298048 0.0371814643974902 0.296940050686653 -0.194962054168228
0.0249964152471645 -0.00643272984261587 0.329361583505806 -0.319043160371137
-0.00907846344054988 -0.0367887151433043 0.487496574660569 -0.403829433065087
-0.0464154270284471 0.0117882136378848 0.498483265900983 -0.563538499470025
-0.0138153841953695 0.0254728804711659 0.405479031014866 -0.538878546436572
0.0142320494523412 0.00527140051133279 0.277326174753079 -0.412432662184122
0.0359428966826888 -0.0212643407130196 0.166333955122165 -0.225430633177474
0.0256988347250208 -0.0245045192361413 -0.00147948014257496 -0.0418362415155478
0.0274912333269272 -0.0151365964850481 -0.125295320659079 0.126002597788412
0.0275652570933304 0.0122461321293965 -0.325052690806454 0.309630644540753
-0.00621097843960713 0.0503434594576095 -0.502004236045822 0.427635423655845
-0.0757507354631826 0.0234449804434082 -0.651742290701249 0.391640643722864
-0.0223075107038174 -0.036138032098747 -0.551556635436889 0.264700590881236
0.014038912965535 0.0349899705432853 -0.381801526290308 0.321236671840334
-0.0579695516698602 0.0558066608395199 -0.316832124678555 0.181966060139572
0.0415241046803371 -0.0744914762821423 0.293545836167928 -0.0759852723612667
-0.0171830210598458 -0.0421306519075667 0.380401067238022 -0.275757411843261
0.007277886590249 0.0111447591934364 0.539962017795806 -0.183603772470003
0.0215686316573654 -0.0107652214984717 0.713487042400062 -0.33433564596815
-0.0178916211614776 -0.031271219620035 0.574533708114591 -0.431862522477739
-0.0260413865435565 4.52862497907405E-05 0.32289482330941 -0.354483545786682
-0.00117436732270778 0.00875138067238572 0.143934250440833 -0.179133314129128
-0.0169530337165613 0.0128328496799088 -0.0377975325160366 -0.00729338691366847
-0.0126577379860866 0.0132223823764592 -0.148912972038504 0.166146934170945
-0.0132841732205124 0.00449719512023098 -0.281029481385584 0.374247883107062
-0.00596640650924591 -0.00892454711737062 -0.344985078415859 0.524703225511576
0.00390138659208714 0.00264822888813503 -0.414383545251211 0.574079801602497
-0.00978571129328791 0.0354320184441382 -0.430743955842926 0.469372300412481
-0.0337079510573577 -0.00394826090297474 -0.32654440529482 0.381431281228972
-0.0187656576929255 -0.0622873599339745 -0.269427332917793 0.273705659159589
0.0230726092359667 -0.0436271820154991 0.29841223826351 -0.0601722325490138
-0.00889427051563329 -0.0295138318974043 0.387240108066311 -0.280949348208861
0.00778247188278844 0.0008756713480719 0.534599861727192 -0.171114314656356
0.00609874256182789 -0.00933090247530416 0.731501529408745 -0.314594736462941
-0.0180184932656945 -0.019055552548028 0.58806541435677 -0.428219924683445
-0.016016946641611 0.0026305749789926 0.324758930978514 -0.352992157728049
0.00839770859866446 0.00212823641122772 0.138322898812402 -0.175664213998585
-0.00527816774719625 0.00534908835460808 -0.0429994034415426 -0.00322301417002512
-0.00223123570583834 0.00639569319942329 -0.152700803082885 0.170862957870338
-0.00343064968007629 0.00442492539440583 -0.281946695997797 0.377875335545324
-0.00211435000151076 0.00444123898410748 -0.339258865610338 0.527426560736652
-0.0101357338836312 0.0128334734957161 -0.399890125355349 0.577095868918929
-0.0155792630833409 0.0246304317010318 -0.42286619836157 0.479419347828282
-0.0221312107193865 0.00284156874727524 -0.326212158403207 0.382715964966064
-0.0236189644204493 -0.0280434065506137 -0.265864459788163 0.27436732656941
0.000169514669169859 -0.0108631406593492 0.304421650109837 -0.0586096815687113
-0.000808364777911759 -0.0129990774996982 0.388383097457919 -0.290175637490123
0.0109910023670492 -0.00974721518440293 0.530740806448347 -0.177503825268566
-0.0110087692324331 -0.0094997248436456 0.726696458930407 -0.322643199156397
-0.0201332199139061 -0.00435154073736022 0.585332678639541 -0.436962618193773
-0.00604679584613861 0.00693560252563393 0.321824993547559 -0.358246149837432
0.0202692910512107 -0.00334686735089368 0.138041105590169 -0.177418877091605
0.00568060074256728 -0.00385104009445809 -0.0432132505204517 -0.00286221629831001
0.00788404485580797 -0.00198290974172094 -0.154085328742174 0.171397772192076
0.00731934679889008 0.00418220384698585 -0.28628631253976 0.377074955976128
0.00224315894827167 0.0178390212807065 -0.34664729718952 0.519560322568912
-0.0260699729037575 0.0253868431309405 -0.408049925097549 0.571145180895759
-0.0237132231246885 0.0118408826037247 -0.426778126762935 0.472968238456652
-0.00994264745100392 0.00720941913038207 -0.329021551668076 0.381738388218347
-0.0253058734703439 0.00770420832707032 -0.270235744771506 0.269076418810284
-0.0193578112007821 0.0184010179047623 0.310509184155063 -0.0721369676026515
0.00908991958688147 0.00278610377958796 0.380093017943795 -0.295819749486409
0.0131053234318627 -0.0216397003754888 0.527860090667715 -0.202461873435385
-0.0281526538224357 -0.00883365374956537 0.705843422215212 -0.355236982781126
-0.0228085322556033 0.00899972114858183 0.563166468797233 -0.455913460014433
0.0033241385571649 0.0109998945608826 0.315111694298839 -0.365511950249588
0.029442162380899 -0.00904669253548681 0.139696848355679 -0.182185764317962
0.0174242420327256 -0.0128478838253056 -0.0404980766739227 -0.00576769763126765
0.0191165299202977 -0.00998591009472989 -0.152718207870215 0.166628053936242
0.0183860295036236 0.00369361693267057 -0.292138336597212 0.369338998153224
0.00657880436204143 0.0306654236403697 -0.366193409408353 0.509705709301543
-0.0422634105531162 0.0365508557082095 -0.437548943901192 0.552867904788653
-0.0329179185682399 -0.00219809844324702 -0.445555034979152 0.451219112000966
0.0021259647576083 0.0108180883956553 -0.338014663750424 0.370684384552077
-0.0285587841286048 0.0387094041608146 -0.274925072524137 0.259081573949632
-0.0297824356944134 0.0418759167457578 0.315073009163286 -0.0995166004571385
0.0190382691037316 0.0116587605890969 0.361626983323325 -0.302574044723665
0.0119460316678093 -0.0325941555777802 0.524233868760364 -0.244898915396693
-0.0431167706296235 -0.00511323355305638 0.666920768105522 -0.408620867448742
-0.0220196486528258 0.020426290128276 0.525866732802518 -0.479562121170919
0.0109654664731159 0.0125990203286937 0.303300136920947 -0.376008101517763
0.0369943939885884 -0.0152617630824212 0.144869210142444 -0.190311214029828
0.0256484294499864 -0.0192703056937412 -0.0336135637433806 -0.0129038015788706
0.0267933244112307 -0.0157999437077046 -0.147918328736171 0.157066631748243
0.0265471995518908 0.00438015953683593 -0.300291982244415 0.355282189459045
0.00779269866814933 0.0428864429356339 -0.393177014392604 0.492742950171221
-0.0579386969217288 0.0424495338316197 -0.484800298056984 0.522760358557924
-0.0385017832199872 -0.0163439518068794 -0.47602585061758 0.414036790615935
0.0122721824862766 0.0156528768505993 -0.3471613219756 0.355933575155638
-0.0345924927039439 0.0617992796523717 -0.285236119489868 0.24213880208404
-0.0288436819082697 0.0540385372627924 0.31383726030964 -0.13478391232036
0.0273187346477015 0.0114163016274761 0.346944711353989 -0.30864842926412
0.00591955611288356 -0.0396229762082611 0.516161401737161 -0.297706945482691
-0.0512349859232246 0.001267750605328 0.612492211291031 -0.470407099603408
-0.0194926764829982 0.0285024005405231 0.480332758101737 -0.503655216789684
0.0172286585755478 0.0118081436759801 0.290834037859901 -0.38844400092437
0.0399009309034848 -0.0195716846916426 0.151655291990985 -0.20061386208725
0.0308289326344313 -0.0248050478074205 -0.0228364315511335 -0.02148948018365
0.0317540374654352 -0.0191748853338348 -0.142196355348766 0.145240576534161
0.0312838577747326 0.00741468927780937 -0.306894774448284 0.337386979503132
0.00530624072579779 0.0503123381214927 -0.429358475651223 0.470086089617208
-0.0706494359622021 0.0412238025066894 -0.540268677181722 0.483765298961136
-0.0373526577736309 -0.0305430159998646 -0.505046208164353 0.363025513657974
0.0188602342608705 0.0226617745586493 -0.357836500483159 0.340892178598763
-0.0434114887053288 0.0744344762693496 -0.293983960799538 0.222497036735028
-0.0209702305253655 0.0518025242420079 0.305778611863974 -0.166526150641172
0.0289895428390609 0.00293241608261386 0.334559927945835 -0.311178413624125
-0.00204293457678707 -0.040378411294948 0.500840664823665 -0.352619245264075
-0.0527377254412972 0.00871968078465379 0.549185980305218 -0.520031730202325
-0.0158965012962295 0.0304448921731998 0.436409709513629 -0.522478563422555
0.0174235247597626 0.00888892867672883 0.281198210244377 -0.39823412698365
0.040308788621114 -0.0210546613313127 0.158563098693791 -0.211850649482583
0.0295623653430508 -0.0259396899452973 -0.0122875461399241 -0.032577750367594
0.0318894881340726 -0.0180412629067229 -0.133234825894134 0.133566197695855
0.0310599989051981 0.0104190236529841 -0.31420542482065 0.320253319252741
0.000312574751687351 0.0527678794604484 -0.463021071058085 0.444374778314012
-0.0773196424775975 0.0332104313671095 -0.595207891858961 0.435909660963611
-0.02964721389093 -0.036859524733297 -0.529876005133258 0.309210276821146
0.0205022931115641 0.0305725156119358 -0.367221419127553 0.326776897167073
-0.053377118956597 0.0721676611004305 -0.304237271110271 0.200420542175094
-0.00999679138587816 0.0373484954729123 0.293290559082481 -0.193287875379003
0.025392688394373 -0.00693259044413289 0.324853372030999 -0.314632817181417
-0.00699913665362833 -0.036694044968678 0.479683799201972 -0.400755687548361
-0.0452034120942574 0.012720869358219 0.489707092400116 -0.556769097829198
-0.013757441120786 0.0250589306492172 0.398647024066284 -0.533267614281451
0.0147730772472166 0.00571735108079207 0.271462393217864 -0.409307973073334
0.0352941746070075 -0.0204850644083655 0.163806487966984 -0.222578972232061
0.0254166383049878 -0.0239429842440198 -0.00144688323870657 -0.0413341946943179
0.0272899067580295 -0.0149093876433257 -0.123366906153632 0.12304633926251
0.0261646381570398 0.0119160621574555 -0.318833445438135 0.305146362163709
-0.005866187852097 0.0500033052758576 -0.494189823779347 0.421576770155409
-0.0744624574358928 0.0231168375886149 -0.641233530435702 0.387171372680672
-0.0207460361913232 -0.0354626138792971 -0.542583891553425 0.261964566311933
0.0137133845684349 0.0343650233429693 -0.377314711770827 0.319953452840274
-0.0580520544748293 0.0552561486077012 -0.312749585765532 0.179238739532985
0.0399612973017807 -0.0732718951340591 0.290531051629078 -0.0737635105131393
-0.0172081569297503 -0.042812216809378 0.375365331610619 -0.271565559634448
0.00782098795720462 0.0111437283361464 0.533909195567189 -0.181463901467272
0.0208120804405703 -0.0100951646004686 0.707247493191404 -0.331113567523371
-0.017744498792446 -0.0310564433815697 0.567509217241646 -0.427532788636997
-0.0245566460687179 -3.46932726744287E-05 0.318962903841785 -0.349466525422481
-0.00166684260328773 0.00886334260283123 0.141789045188727 -0.175495911537215
-0.0166314393117608 0.0127863636723791 -0.0380442578514704 -0.00794964359457522
-0.0129539352575218 0.0129573935821314 -0.146916545549368 0.162691760162881
-0.0128657504480888 0.00397498356296885 -0.277361694644642 0.368653718163716
-0.00563329167736976 -0.00764971240396509 -0.34006373913739 0.51679112985151
0.00396995824583713 0.00314908700088874 -0.410444905893162 0.564569769518938
-0.00926513413342735 0.0350483877811765 -0.428379659543407 0.463495209522454
-0.0333923265589331 -0.00425168957063396 -0.322892416100195 0.37538771339405
-0.0192010811605349 -0.0609852262973575 -0.266527233561416 0.269661069543212
0.0229413774994384 -0.042470015349631 0.294720786421122 -0.0576757483537637
-0.00878814637490055 -0.0296576171854476 0.384916245092837 -0.275767541288379
0.00876743267043474 0.000931628394716463 0.529323571672048 -0.168540250314527
0.00610195364044258 -0.00916820503761337 0.72238214347221 -0.311012128361797
-0.0175894733638813 -0.0185641429671774 0.580400517485849 -0.423089915149706
-0.015222685918434 0.00344405240215225 0.320182358852357 -0.347910671449717
0.00834337922739558 0.00333173394118844 0.137666151006435 -0.174194267766256
-0.00572295909145474 0.00508942477268859 -0.0429148097282978 -0.00405082451368602
-0.00395248899615845 0.00608081700190185 -0.150939688500919 0.167598794150867
-0.0036347548498994 0.00438042071603714 -0.277157999654934 0.373401684474624
-0.00302576502412733 0.00443765918172828 -0.334730377254691 0.518899585269901
-0.0097422713028689 0.0127704165953091 -0.39645528882654 0.569406005287836
-0.0145019968178125 0.024114241039055 -0.418782469641513 0.473908425205381
-0.0216857753129601 0.00290317767281465 -0.323761308942855 0.377297541309816
-0.023835649492013 -0.0261758108934031 -0.263875026833685 0.271079132426477
4.99384343231758E-05 -0.0109195555177292 0.300754665932476 -0.0562510898657445
-0.000699749147105564 -0.0121475556007946 0.384515806298372 -0.283713760470922
0.0115680163613243 -0.00997549851942746 0.524790476927572 -0.175962455129424
-0.0107592022227117 -0.00934405734412825 0.71844885577545 -0.318628552056315
-0.0196919804353716 -0.00464874308587979 0.578587155531253 -0.431515352495368
-0.0060221500460022 0.00718253261890775 0.318660009512404 -0.353586481220484
0.0190848824320779 -0.00338179957934116 0.136091384877573 -0.175020449647787
0.00531167239437384 -0.00351045942171212 -0.0432424357616359 -0.00367843929660397
0.00810036913746027 -0.00244638676158939 -0.152384086419458 0.168389877366361
0.00766100296812698 0.00409830990237014 -0.281733042814804 0.372348809249981
0.00264215524783798 0.0180959795059608 -0.341813985607371 0.514188608544779
-0.0257908262056575 0.0244853853893397 -0.403739788617915 0.563318872600624
-0.0236665744057637 0.0114454516752687 -0.423866844840442 0.468240816306208
-0.0107553895483533 0.00695364475501029 -0.326194022274353 0.376048232551734
-0.0255362412260186 0.00824636165338486 -0.26635413687979 0.265803291177613
-0.0203925327993771 0.0186355586143366 0.30755630331104 -0.070892028326427
0.00767678759651277 0.00255402865145974 0.374699831495702 -0.291243858420277
0.0132047481472832 -0.0213942586452027 0.521344689007308 -0.200555166342945
-0.0280547566808263 -0.00905211948821173 0.696700094036614 -0.352573312434236
-0.021871753406091 0.0092615708588766 0.556694627997203 -0.450867436185197
0.00420402556525083 0.0114794832891221 0.310021743722866 -0.359858842743742
0.0291482666411229 -0.00913913512757696 0.137604798115645 -0.180024012019436
0.0172634258944603 -0.0117278601534513 -0.0397980438767064 -0.00667703595559536
0.0191321114745981 -0.00980928033157139 -0.151509036977707 0.162647449572533
0.0187273339232591 0.00328199184525231 -0.288488763466137 0.365639375135895
0.00656952842863549 0.0307821249028502 -0.36148609872294 0.502576625936172
-0.0412508009581117 0.0359908918035145 -0.432117971033095 0.544213811779722
-0.0329465611044556 -0.00197069579603603 -0.441050588024192 0.446320517317289
0.00141361429418303 0.0105075862677305 -0.333415256379752 0.366073927912761
-0.0278124454228874 0.0391249079781858 -0.270800117869891 0.254137115386568
-0.0299450679209318 0.0408996073662345 0.311041054134515 -0.097097951747468
0.0187570168616536 0.0109496644148636 0.35895411488796 -0.297801971972833
0.010903487673167 -0.0321707742875977 0.518583707300803 -0.242683507693873
-0.0419697080678587 -0.00543627684884364 0.658937711610864 -0.403725458885472
-0.021656059457717 0.0206621680553804 0.52061350796189 -0.474217279645359
0.0125143094775465 0.0124338240640117 0.301119524172342 -0.371223429848548
0.035632801889748 -0.0158345201001612 0.143661780177725 -0.188120257654009
0.0246864847785994 -0.0188520937509607 -0.0322934789682402 -0.0128259622307804
0.0265916877808202 -0.0168854611306757 -0.146258105326366 0.155691510183223
0.0265414329524184 0.00519957263416045 -0.295601099987039 0.349307118902498
0.00761750470907187 0.0428228540268253 -0.387816546005059 0.484982893261542
-0.0568362717142752 0.0418802069014891 -0.481263699068094 0.515118003333784
-0.038262783409644 -0.0174136425447955 -0.470665636858894 0.408363390727363
0.0120626889590045 0.0159014830617113 -0.343914625382208 0.351622830486185
-0.0340514033310611 0.0629264544944519 -0.282857754112871 0.238737882652473
-0.0293045853913597 0.0531249450176322 0.310333729604982 -0.131765884209245
0.0265325723877848 0.0109349888423072 0.342802382145411 -0.304487491694794
0.00619503097785516 -0.0395622120642018 0.510978579887222 -0.294057599321178
-0.0503083883971092 0.00154147573762992 0.606491463779995 -0.463707054868295
-0.0196684674124891 0.0288250971203044 0.474695107763244 -0.498223172482601
0.016480731721784 0.0122820322598488 0.286871409329999 -0.383675975567655
0.0398155605625677 -0.0190556457417405 0.149307955045667 -0.197877727962283
0.0295443771256846 -0.0242258806579861 -0.0229377166586523 -0.0215158692123027
0.0315532259252352 -0.0186102577423652 -0.140495936699119 0.143969599609063
0.0307688632279566 0.00761524802296885 -0.303047598568758 0.334656502869279
0.00471315749277694 0.0493461960754412 -0.422863419096627 0.463062173932261
-0.0691038017235268 0.0411119454990777 -0.533426785293142 0.476950693848754
-0.0363925305318775 -0.0294879772511218 -0.499591749672391 0.358333196383028
0.0182416238494344 0.02235075992946 -0.353321717324616 0.334598460298183
-0.0436866603018589 0.0747293056602491 -0.291115228624696 0.218988729972325
-0.0214896877935948 0.0515615341422538 0.301567851993613 -0.164004196848478
0.0295335294247686 0.00250881856855927 0.330140777076556 -0.307047559015453
-0.00127183168552866 -0.0406243155152851 0.493346549759334 -0.347419544624854
-0.0515297432096561 0.00862334455138347 0.542374445627454 -0.514752296900887
-0.0166059567527523 0.029910220942295 0.430006362094479 -0.517195752561962
0.0178658301094269 0.00923242624650151 0.278427151876827 -0.393627242583174
0.0391246184533527 -0.0211274227232051 0.156016097444454 -0.209767642344781
0.028501539383189 -0.025727928188006 -0.0125325696450003 -0.0311880693901635
0.0317039821760397 -0.0182672122243666 -0.130357767622734 0.131931714043502
0.0318469044370144 0.0106073574808717 -0.309267521161678 0.316275282954899
0.000295815753198255 0.0520050114757348 -0.456721953440508 0.439349630034222
-0.0754858148640708 0.0331977093786836 -0.587803642494865 0.427614390255056
-0.029117750804809 -0.0370748893322844 -0.524206719460376 0.306579325129693
0.0191145031746607 0.0303215909076204 -0.364819462479736 0.322034984796971
-0.0535252620489505 0.0726947533893582 -0.300756344243113 0.196858090043403
-0.010596018889759 0.0374470371283641 0.290132253469903 -0.189536667402952
0.0248027842114133 -0.00721922453918713 0.322277006893758 -0.308998391109719
-0.00688825857341717 -0.0363561011932114 0.47730406237279 -0.396183556068019
-0.0453976244567558 0.0125392743111908 0.483942884678919 -0.55000427718279
-0.0140791966363362 0.0253206820532098 0.394276717830717 -0.526438331923556
0.0140779604611286 0.00642892869059176 0.268124302470928 -0.402848899145925
0.0352511356778264 -0.0201651623954697 0.162288189210647 -0.219953220594858
0.0250887574299246 -0.0237527510190461 -0.00152319045336366 -0.0407587611450871
0.0270214709507847 -0.015746971452463 -0.122065874961193 0.120730366141633
0.0264490210110185 0.0127587166305143 -0.315355301885033 0.300832942485325
-0.00616277490780687 0.0491169762194608 -0.486656991681625 0.416918042869752
-0.0728297514964705 0.0227368611413908 -0.634664045195661 0.382318674040045
-0.0201512357500341 -0.034802303216706 -0.539908319814864 0.259802128143753
0.0125626148583043 0.0334226968229227 -0.373121474566052 0.314926506833484
-0.0578170491043507 0.055153379244396 -0.309497608579622 0.176539441317892
0.0395919086138342 -0.071972885179697 0.286914709743868 -0.0706405985298401
-0.0177419755495668 -0.0422441291727704 0.373678773140325 -0.265702835859904
0.00797409321005254 0.0103302062495978 0.529109773446808 -0.178046526188527
0.0205747616483084 -0.0109020216908074 0.699506067520496 -0.324115499012809
-0.0175831610199901 -0.0299284461889534 0.562527327614668 -0.420097180178076
-0.024768574766224 0.00031690458307192 0.315338497505412 -0.343564360957378
-0.00109313119891301 0.00831824141214021 0.140284324415156 -0.173585244208622
-0.017286640290458 0.0122977563218942 -0.0378463171549994 -0.00794078129696143
-0.0132771207945887 0.0132235123605191 -0.145578961005621 0.159992288569133
-0.0130208657967249 0.0034793695471997 -0.274958874476297 0.364349585291081
-0.0064121395561993 -0.00740169737994411 -0.336322350096184 0.509802900115659
0.00367028795360501 0.00327983931747372 -0.404527235981417 0.557252601422968
-0.00944847560851203 0.0349119320425043 -0.424644445149184 0.45618531165246
-0.0330505537039486 -0.00412226619615687 -0.319634756139189 0.370618083034008
-0.0182858706107992 -0.0589538776777527 -0.265170138697003 0.265865497380745
0.0220373177713514 -0.0414461237253047 0.290997462120069 -0.0561215578890185
-0.0098139491601253 -0.0299753952295885 0.380409548708478 -0.269780644605369
0.00845794846156702 0.00021635857127205 0.523847715138033 -0.165512492146013
0.00622948889516223 -0.00872052009701088 0.71608526956425 -0.305583100064528
-0.0179788933949118 -0.017423585473732 0.576227891182126 -0.416112729808315
-0.0148658425544107 0.00319753714637606 0.316629941048215 -0.345122696650991
0.00867698564285621 0.00327517349354422 0.135568338561284 -0.171844170164439
-0.00691556201775723 0.00545752486274909 -0.0428403112757728 -0.00408034046024388
-0.00337251536271885 0.00615247766130256 -0.149831366050945 0.165219241327153
-0.00336337887515797 0.0052667843631332 -0.275263362653903 0.368452381825564
-0.00221479934520366 0.00423313332839417 -0.332375680707031 0.512218921588999
-0.00984098599341359 0.0135193650629182 -0.39074401938226 0.561082751425243
-0.014806572925415 0.0237060755997411 -0.416032858542273 0.467511064960715
-0.0217818608548509 0.00265563560223656 -0.320965730485897 0.372365385050268
-0.0234263377771337 -0.0246276325678657 -0.26195995945358 0.266956084627053
0.000165972889995797 -0.00997747150325577 0.297242769718636 -0.053986269178783
-0.000810030472968519 -0.0133043065975329 0.381903293343664 -0.279290093281855
0.0108888876521982 -0.0102136595228032 0.520994213854339 -0.172533676084571
-0.0103236275822858 -0.00921085794587338 0.712674077276792 -0.312885702934965
-0.0196970042453319 -0.00443577837016278 0.572424528070981 -0.425033247490746
-0.0052906912524458 0.00755898534464366 0.314569487887423 -0.349539044282793
0.0192752235346418 -0.00277455077854269 0.134145057776151 -0.173000253602019
0.00571609475962349 -0.00294911487116104 -0.0432554902559866 -0.00345045572573429
0.0077546901312329 -0.00178495038292235 -0.151306733316907 0.164023398783678
0.00801035422198241 0.00442870107604145 -0.278810067106388 0.366239846317175
0.00199744446407571 0.0172941764912806 -0.338681063046151 0.50586016485276
-0.02515791391481 0.0244818019827829 -0.40187892350362 0.555392859724739
-0.0228328525866064 0.0106122146586288 -0.420344931726852 0.462866600217463
-0.0104662676024281 0.00628929246946401 -0.324562330234233 0.369160910994877
-0.0248851682588485 0.00899622702668918 -0.264071787015556 0.262446917591409
-0.0203268907555871 0.0183948133314796 0.303741435909085 -0.0680953542654328
0.00776562448989892 0.00204167136977457 0.372388572945725 -0.28532460092631
0.0130339593833061 -0.02120621250364 0.516897996314547 -0.199739618770859
-0.0274409618444931 -0.00889194794425647 0.69131515588588 -0.346226478332031
-0.0215908520315432 0.00980252514880311 0.550444206835635 -0.444717078826762
0.00409143341238951 0.0109725925080679 0.306858509982484 -0.355480891808745
0.0283495690010334 -0.00938822587196982 0.136400772387435 -0.177506944347325
0.0153862059409925 -0.0117033882852488 -0.0398335565900046 -0.00646408940298451
0.01791544237091 -0.0100910983924467 -0.150181020688107 0.159099992806955
0.018204826038493 0.00405136271575345 -0.284939708227164 0.359418451712393
0.00623679871408398 0.030059412313556 -0.356802767780764 0.49595157208547
-0.0412158898829523 0.0363354972447765 -0.429192373594782 0.536444668009941
-0.0322723397898245 -0.00226000902082573 -0.439126830875385 0.438984675517272
0.00143127481675161 0.0106778928768073 -0.332893047384162 0.360117175853299
-0.0286543121616769 0.0393875469599345 -0.26989172686409 0.250361139289922
-0.030442456109159 0.0400950237234725 0.308531526048591 -0.0948953035705245
0.0180099829654562 0.0107791631379007 0.35738921395373 -0.293900174038066
0.0119385544658055 -0.0326414397618792 0.514231191043473 -0.238693542184198
-0.0413151526026375 -0.00513756350235305 0.654138871600863 -0.398192289764494
-0.0217081035098697 0.0204764749348372 0.515304204832192 -0.467465928108512
0.0122164511129804 0.0121389325873181 0.298614051000967 -0.36622376475925
0.0359568284519903 -0.0146094206702634 0.141662635652691 -0.185601932959558
0.02410639375156 -0.0189414547925754 -0.0321917748469107 -0.013834845160225
0.0265681278809271 -0.0160923153000579 -0.145825460814984 0.151418266337542
0.0268886331592972 0.0053371255500416 -0.293864602304819 0.344553869497187
0.00664249032489314 0.0418898197741196 -0.385723249552818 0.477906443311047
-0.0563640139660298 0.0414008210295635 -0.474421495590982 0.507056595227484
-0.0363175540442277 -0.0172933053110568 -0.467163173506676 0.401521580035035
0.0108815878348187 0.0158727816581839 -0.343251915555427 0.345628727934153
-0.0341121957368006 0.0625667010725262 -0.280318079822666 0.234215498268857
-0.029809159322118 0.0524870313317266 0.30739993202214 -0.129510607376497
0.0257313842971893 0.0104467928167583 0.339501331057468 -0.298333825346849
0.00661036654163106 -0.0391100935257161 0.506341111525756 -0.289109654876261
-0.0496022541147471 0.00124851908039221 0.600744933818191 -0.455471431054737
-0.0192607436986717 0.0280990816860263 0.470213875201089 -0.490828756830786
0.0164813511153093 0.0122799029126706 0.285798872727441 -0.378024605590721
0.0391812038380131 -0.0188553186964567 0.147718494135197 -0.195729338355867
0.0289886467645486 -0.0238307342689593 -0.0225731937292114 -0.0215734428598192
0.0310285248199043 -0.0189605109610636 -0.139636381639971 0.140649380132184
0.0309511262508379 0.00707998734779792 -0.299817950324812 0.327680645310776
0.0047367871440819 0.0489250520694453 -0.418593199066086 0.455292226054262
-0.068610143921279 0.0403602707597071 -0.529626549021579 0.468668467169615
-0.0356253506032326 -0.0299334624515021 -0.49623168810131 0.352389077384307
0.0177937377222312 0.0230150218387746 -0.353203656746038 0.33186332938347
-0.0436996559319741 0.0745010305298651 -0.289630117821784 0.214111871970519
-0.0224786369829133 0.051133909370691 0.299619708112093 -0.161276975111239
0.0278485252152771 0.00288217959015835 0.326539040331508 -0.30211393005368
-0.000482311109313694 -0.0408514504741334 0.491306357559363 -0.342393362235769
-0.0509543649637231 0.00780810645515975 0.537364401202232 -0.506781302473209
-0.0165462877839628 0.0297087086887277 0.426380994221268 -0.508857529281477
0.0176386116088683 0.00991825924752013 0.275270703094276 -0.388445952406406
0.0384623464254507 -0.0207971476613715 0.154161998584011 -0.207068015333449
0.0286631362664983 -0.0252244401574574 -0.0121966373341855 -0.0323093635555034
0.0308355996393861 -0.0187766839532922 -0.130957191723993 0.12814185833417
0.0309280054487853 0.00991762867170744 -0.306846215309237 0.310551851877504
-0.000192272847139841 0.0525301285324032 -0.451079360026275 0.430977765066833
-0.0741677312914814 0.0333817579753699 -0.582428981573279 0.421351654961218
-0.0284120635398802 -0.0356561851450433 -0.520763194137336 0.300569564260008
0.0191041195425227 0.0292796531292288 -0.361821492196513 0.3152796968467
-0.0535823979179048 0.0728352201494963 -0.299137258514856 0.193464507388628
-0.0117008827242541 0.0360929154406982 0.28739643582004 -0.185724956109712
0.0238594332514677 -0.00695165830164202 0.320325401635952 -0.303644292143988
-0.00658951616236264 -0.0364462928360599 0.473628404588705 -0.391019967465865
-0.0441367057235958 0.0118500325699826 0.480764775610122 -0.542071814298066
-0.0143616209385343 0.0248772143373255 0.390397985275726 -0.518630240154334
0.0139295167999269 0.0070452164651463 0.266506640678546 -0.398536150797703
0.0340860005975253 -0.020456386561732 0.160300956303583 -0.217583747424677
0.0245088270751854 -0.0233553911455891 -0.00111409569164527 -0.0405563965832693
0.0268180219000649 -0.0146999089703185 -0.120306796546201 0.118250361596535
0.0264879929311085 0.0123506370450865 -0.310884576831655 0.294928385635023
-0.00703167819191925 0.0487265344437287 -0.482378175771557 0.408402778427445
-0.0724404270874339 0.0223998246916335 -0.627908836621558 0.374264444692627
-0.0188847416027132 -0.0349204993667041 -0.534194485538687 0.252574213242536
0.0133095169772918 0.0342701696086117 -0.370552974487477 0.309333611827629
-0.0573239013103345 0.0557077519732132 -0.307021520614718 0.174249648712439
0.0389511038242009 -0.0703902528021508 0.284781096918974 -0.0692593002098142
-0.0177752338472033 -0.0423117491680201 0.372362207470795 -0.260137911061665
0.0073580070951204 0.0101710009335839 0.525015165936005 -0.174287632444701
0.0209985540738476 -0.010287906002629 0.695563957528875 -0.316748619290546
-0.0171096429939737 -0.0293710141113599 0.557957565832337 -0.415238682114546
-0.0238923998612871 -0.000126231992677559 0.313679813849335 -0.339749184921374
-0.000836206753826888 0.00807282585120152 0.138815609823674 -0.171143255896678
-0.01724947619232 0.0130719841555733 -0.0377035890591391 -0.00852742087615689
-0.0138498040738229 0.0120523720275269 -0.146477533577852 0.157247269643047
-0.0129737188676862 0.00299101679091233 -0.273907361895465 0.357978750151537
-0.00641043798346792 -0.00790576227170767 -0.336786536617147 0.502913527332135
0.00400050245381808 0.00394020626914564 -0.405231496547716 0.548888674091303
-0.0086435600611334 0.0336786621167217 -0.424439123004829 0.45205157690535
-0.0329251139000876 -0.00409180258939823 -0.320364029303727 0.363546304007321
-0.0179057426694807 -0.0580741253364883 -0.264752302389876 0.261646236021624
0.0218036254915257 -0.0409816635504441 0.288523793536461 -0.0527589304593816
-0.00877888049112083 -0.0300933639580185 0.379198703975039 -0.266595962674985
0.00846078795162398 -0.000300767074123811 0.520420942800835 -0.163354855867793
0.00624861781859392 -0.00871772307125775 0.709638884685006 -0.297575676584123
-0.0181400556332905 -0.0181538625758168 0.572994543058663 -0.410666066834275
-0.0144986915353428 0.00359999134413571 0.315472666025536 -0.338246445252233
0.00846403426757527 0.00316755281950255 0.134726615911804 -0.168830016532815
-0.00670409751545608 0.00580487061038156 -0.0420834868118547 -0.00463543876707558
-0.00280241568003513 0.00597399054298048 -0.149426674610872 0.161393881170933
-0.00337469870802949 0.0046125605662 -0.273669464099238 0.363498916477424
-0.00318427198398108 0.00430465264854222 -0.330086799640393 0.503364420091617
-0.0100528017085772 0.0132366200538976 -0.39001603239827 0.552651011329737
-0.0139689871018424 0.0233588251994669 -0.41509902627431 0.460004789517396
-0.0226907664835226 0.00240572894474994 -0.320712256765866 0.366694836287432
-0.0232697927009383 -0.0241241678083634 -0.261750296913178 0.2621471648673
7.80038102900682E-05 -0.00980990619210889 0.294299044804995 -0.0514849159945456
-0.00161181597859976 -0.0132287019353634 0.380270595715381 -0.272591121323925
0.0117213660037776 -0.0105611935463444 0.51688702690893 -0.168270861267657
-0.0102741507281574 -0.00976086859537718 0.708378412597964 -0.306219450168897
-0.0196944209799847 -0.00428218029388834 0.569551095268715 -0.418930584937882
-0.00431906713924942 0.00732162081225432 0.312957626693457 -0.344113556752493
0.0188928443591877 -0.0034838665042074 0.133483215766891 -0.170696987574319
0.00523374351672508 -0.00255363981675073 -0.0434097386462447 -0.00330853323876068
0.00784270232367734 -0.00294947076617976 -0.150035198233268 0.161715519496035
0.0074665933752625 0.00411123374444381 -0.277076375241832 0.359882090492075
0.00242910248561838 0.0174573999250049 -0.336616283536783 0.499666376752915
-0.0247534927853641 0.0250401280078075 -0.398311576450576 0.546360892742597
-0.0226572648003299 0.0109164321831953 -0.419144435885024 0.456760382680364
-0.0103274717729548 0.00720649689244272 -0.323703549819725 0.362770908613607
-0.0251088668682935 0.0102850862404801 -0.263824335703747 0.256933582445215
-0.0207392352036946 0.0186084117029676 0.301779084086009 -0.0646031594291588
0.00749312478353419 0.00266132056221857 0.372070755387961 -0.280376608972486
0.0140218171842169 -0.0209011446073102 0.514079743576396 -0.194580006855189
-0.0263933038632455 -0.00889398192249025 0.689223497158537 -0.338665825321346
-0.0217151900747337 0.00948755124155126 0.547772213442403 -0.437029791599445
0.00510349138915454 0.0114885800918166 0.304378985325386 -0.351720742856836
0.0280938224472852 -0.00962913498250109 0.134725937496012 -0.174992272058863
0.015471501847032 -0.0111889589547721 -0.0397752944125129 -0.00673489886603299
0.018615539581529 -0.0107470483911477 -0.148891124276148 0.158193055551483
0.0185676096239664 0.00457072010143989 -0.283483338773607 0.353880432291468
0.00556986555475844 0.0309731491346089 -0.355208914223942 0.488733652058286
-0.0406806033029193 0.0356171490740352 -0.429588319625574 0.529963738706608
-0.0313710660242026 -0.0023171633607977 -0.438023583497491 0.433280976716389
0.00170866964833541 0.0106829905995399 -0.330571528031327 0.35636602946048
-0.0273324499956034 0.0400399431459331 -0.269996500350623 0.247097965315744
-0.0305555859748248 0.0405282275658566 0.306746743036869 -0.091005371554724
0.0179655240297559 0.0105876570696919 0.354291032505888 -0.287578219878053
0.0133080067516572 -0.0318233493939438 0.510742490738918 -0.233842261772945
-0.039915023009335 -0.00523690471794909 0.650484672978851 -0.390536376137874
-0.0220895135740453 0.0201100628695173 0.511650572379789 -0.462237395266026
0.0118202917688054 0.0125751611905664 0.295816923443105 -0.360573639368296
0.0357693223287291 -0.0156439192093364 0.140656049069894 -0.183044365227879
0.0235769557971665 -0.0181144653483763 -0.0326235099787475 -0.0122248196691803
0.0258180011281075 -0.0159555852539054 -0.146167564365261 0.148281072915917
0.0262159136105094 0.00632870220215856 -0.291688859434385 0.340688240137242
0.0071032041932436 0.0419396952168152 -0.383634472076766 0.470504283470189
-0.0562882927253837 0.0406632543542915 -0.474693108821366 0.499993597053792
-0.0362209183141851 -0.0180816380750392 -0.465292735599808 0.396069886811821
0.0113020122055732 0.0153330544827694 -0.340933131084819 0.342282415356567
-0.0352018905788718 0.0622499978898024 -0.278030317112131 0.229679430685148
-0.0296244127035934 0.0524277097178719 0.305144089772899 -0.125717508332467
0.0254970377932629 0.0102714787285511 0.338588687355306 -0.293712494653705
0.0075514283187609 -0.0388017178035368 0.503603233797248 -0.285945972098694
-0.0488126900902215 0.000999351164957436 0.596909680205805 -0.449857464149147
-0.019515488898868 0.028311941010634 0.469531556947777 -0.484696686555806
0.0170150994840075 0.0124818618834259 0.28383049648847 -0.372175646363542
0.0392721752185419 -0.0185284949540221 0.146033187404351 -0.193482865772881
0.0282382457732285 -0.0229705011997927 -0.0220278422848039 -0.0205337449927296
0.0314647238009857 -0.0195059870540982 -0.139117440235404 0.137950543898899
0.0309177365410912 0.00763226173490446 -0.298658820765809 0.324156122585661
0.00404597943909948 0.0491112023803059 -0.41613771340234 0.44861086601414
-0.0683558860050038 0.0406369254689858 -0.52658713444577 0.4614053747871
-0.0345353854170528 -0.0304015836076879 -0.49514012015397 0.347236093790549
0.0172371038805556 0.0216455460181508 -0.350325647586336 0.324720920355347
-0.044751027570173 0.0743667370659462 -0.28740757238971 0.211426598816022
-0.0227693789859051 0.0501831831693366 0.297721765399561 -0.157797460115662
0.0273000919065645 0.00212562531645154 0.326013615738824 -0.295225019878732
0.00027698019306353 -0.0398747408048326 0.489384264208929 -0.337772361816101
-0.0503467622600132 0.00719200943057718 0.536503713963799 -0.501149091067282
-0.0163074100497859 0.0303084903698209 0.425007756073521 -0.50168715825839
0.0175638538260951 0.0091665712966573 0.274351082767827 -0.382824870328038
0.0387734491528625 -0.021297153296283 0.15302177663204 -0.204110072341525
0.0278012379367925 -0.0242685442997154 -0.0118715072187851 -0.0314244217405616
0.0306557761041668 -0.0176878122111581 -0.12950444273203 0.125528112582917
0.0306763748405824 0.0103866541836836 -0.305876393798811 0.304960856567868
-0.00104260505750155 0.0528298674273925 -0.449719575845555 0.423877655635399
-0.074558640536173 0.0324300563166068 -0.580067266001237 0.413322658493755
-0.0284492912326887 -0.0365798697904808 -0.516991708136056 0.294998451927328
0.0188394147995281 0.0301769390125507 -0.358355916058219 0.311006385450866
-0.0543240460631388 0.0723542400253675 -0.297405222313846 0.190194121284084
-0.0114805021767613 0.0366693281009877 0.287544847097717 -0.182990250805642
0.0235231858818264 -0.00646956720741483 0.319059030374379 -0.299857952736026
-0.00696555470340728 -0.0360454575454743 0.469049275161484 -0.38616740908804
-0.0445820481294657 0.0111587540850422 0.480303048217864 -0.536081838939544
-0.0139236935647299 0.0254263225079131 0.389810886178874 -0.512787622893153
0.0146181164277091 0.00624477990950967 0.264135662433906 -0.393490005288609
0.0336520763978428 -0.0199337689026974 0.158485064831651 -0.213840674080549
0.0235731683435672 -0.0226023251384686 -0.00243362214323381 -0.040303418379172
0.0269639119695701 -0.0144662797825955 -0.121089757531939 0.115574089901582
0.0261877551952575 0.0126273278022833 -0.310075574008534 0.290237973049305
-0.00628392051081853 0.0485446621514692 -0.480105002645796 0.402668109506171
-0.0708703127766482 0.0224399854067552 -0.625475511247438 0.367277413107546
-0.0186717883715452 -0.035074071641271 -0.531488982278997 0.24794381237174
0.0123921775273201 0.0342684687933125 -0.369822845606887 0.30425025809827
-0.0584758279213664 0.0556058368963818 -0.305189484036056 0.169994061556713
0.0390910476763781 -0.0695204382846135 0.282833528455577 -0.0657122763991444
-0.016952454310072 -0.0422310426784318 0.372817940422346 -0.253794086812256
0.00858970480805214 0.0104023960327815 0.523189922621819 -0.169757996097934
0.0210611046659057 -0.0106940519667838 0.693339328644977 -0.310293068983222
-0.0170427921949024 -0.0289101268664677 0.557605535595851 -0.407476615135689
-0.0226578856583878 0.00107601114807332 0.312585659768622 -0.334236380826673
-0.000814262984700545 0.00801761205732427 0.139419110951555 -0.168935465816641
-0.017580483391757 0.0134837391824902 -0.0378909209936915 -0.00814113758304347
-0.0132785875571048 0.0120664611036377 -0.145176844391234 0.154268148055803
-0.0128070295850719 0.00376020044612682 -0.272315297303978 0.353983202464107
-0.0060960990204263 -0.00767678702205757 -0.33491666940366 0.495513071699713
0.00505825800904446 0.00412163773158444 -0.405385015897156 0.541309568498276
-0.00809334818509159 0.0337773599482262 -0.423872620457118 0.444038569598471
-0.0331881753584573 -0.00481018963335075 -0.320594991590451 0.358350228225563
-0.0178811914076761 -0.0568850880811838 -0.264415888253524 0.2569536979177
0.0220422624421669 -0.039894310125201 0.287197453141708 -0.0499704418367718
-0.00919202516679302 -0.0301662712091862 0.379783093948596 -0.260751151799981
0.00890420863990684 -0.000237034612741075 0.517832869120864 -0.158979164344761
0.00675538607465881 -0.00939337150365185 0.710039412293092 -0.292236103122714
-0.0177529706843752 -0.016883282576336 0.571712002355787 -0.403501671508802
-0.0142294916242735 0.00376809324632554 0.313653033783706 -0.334457601485774
0.00729994410706656 0.00282133962097854 0.133769849237307 -0.166171247632995
-0.00690568696142062 0.00557167053165944 -0.0426579136261165 -0.00461533314992318
-0.0033384402298849 0.00579985045649727 -0.149626378941877 0.158533654941496
-0.00334392525700765 0.0054720403636328 -0.273825971273133 0.35750931740154
-0.00349291096753127 0.00493442883456407 -0.330839603026701 0.498144982377368
-0.00999051615844295 0.0134329092873548 -0.392285105185521 0.545802735211035
-0.0133397558044465 0.0230677924322428 -0.414495627669457 0.453391359477045
-0.0220747912906928 0.00243887687322413 -0.320431688253757 0.360242155223132
-0.0220823706180452 -0.0231599956784905 -0.261542068028508 0.258873408423615
-0.000362235884785084 -0.0100803292168595 0.291613169551929 -0.0489002681082895
-0.00149648108936395 -0.0131640848076553 0.380370658887737 -0.2689507091215
0.0117938198808835 -0.0106337686617988 0.515086962674897 -0.164377890174373
-0.0105177382567112 -0.0092846152440538 0.706556609415931 -0.298092269052262
-0.0197388282113514 -0.00353725645645807 0.567464193142885 -0.412043642335416
-0.00454892749427675 0.00761438451963351 0.310767165040721 -0.338405969260536
0.018857388671545 -0.0037326454595663 0.132448253623914 -0.167361562997428
0.00487526525842202 -0.00257641566709408 -0.0427410058231304 -0.00362725864942236
0.00788668588216952 -0.00229832158268402 -0.150800762221585 0.159099453332544
0.00803155798903887 0.00467136544218397 -0.276426739063486 0.356591787697599
0.00213326636299464 0.0175588513951028 -0.337486939273806 0.493324452073327
-0.0251259144900813 0.0254948997068168 -0.400881475251495 0.539838970862001
-0.0225755226657036 0.0105593777893726 -0.419329550556815 0.449788504269831
-0.0105703170991958 0.00644481742264522 -0.324916274353114 0.357900208109436
-0.0254236819257958 0.0102315391576704 -0.264137778156723 0.252992982766597
-0.0211391714713409 0.0185246470007465 0.299486117242791 -0.0615300616768169
0.00752542913432579 0.00221425679652893 0.37179449154201 -0.275952737585725
0.0142564290350616 -0.0219936751091082 0.512399199871449 -0.190006328490633
-0.0267152970110955 -0.00919909795824203 0.685611523044084 -0.331640181021766
-0.0215994171547423 0.009489444487158 0.547753680453059 -0.430273795303747
0.00483228329852404 0.0118658341843634 0.302875367647335 -0.345560519059515
0.0290564051122461 -0.00905734357261649 0.135234659828954 -0.171551055043996
0.0149205344715108 -0.0104146928065085 -0.0390797914924909 -0.00684375283016386
0.0177427218509439 -0.00993180834012899 -0.148093709307908 0.153980189243898
0.0183224741940288 0.00475542417313411 -0.282908736868247 0.348568855476894
0.0056214406010908 0.030687053743665 -0.355006249392331 0.481885370368884
-0.0416469782766425 0.0350110168197096 -0.429768493522687 0.520372488565866
-0.0305735068509143 -0.00355814320256742 -0.437119517071683 0.426654447176509
0.000523407188225886 0.0108058922021815 -0.332517914832541 0.347869551120105
-0.028465579157473 0.0405370010042188 -0.269917508684995 0.241920668659551
-0.0314829301029842 0.0400721459919966 0.304833389600779 -0.0886240545187321
0.0169271048774468 0.0105186592740644 0.35550277611708 -0.282918467563887
0.0132690301852695 -0.0313861234905582 0.508765462672328 -0.230016302453196
-0.0400297397025932 -0.00584087773347588 0.648620796790171 -0.383671507559961
-0.0222183391175116 0.0204822310921733 0.512271774897099 -0.455567176545359
0.0123588899026265 0.0134748963111121 0.293923929473472 -0.356674656543884
0.0356320266792589 -0.0145983928523363 0.140185435634506 -0.180936929848777
0.023128659462921 -0.0178556720822366 -0.0323694528370624 -0.0140772484137486
0.026266929385297 -0.0154066829277577 -0.145773439239595 0.146314123907886
0.0266170544870517 0.00545528528136612 -0.290394121815584 0.334898311813867
0.00666909629718523 0.0421162745043064 -0.381342931383274 0.464863163650309
-0.0559077918317951 0.0411100439435752 -0.472901720026616 0.491486069318585
-0.0354899738364693 -0.0177584303167802 -0.465991693029377 0.389054185007411
0.010695049551268 0.0158157872714658 -0.340711941801114 0.334751838302766
-0.0347286996027343 0.0614921398054317 -0.278311788881168 0.22592896360214
-0.0315056342196897 0.0515723495494087 0.303459284057542 -0.122271325286461
0.0255996502330492 0.010381221921815 0.339380325559139 -0.289541519125395
0.00792800832949214 -0.0387645680932686 0.501268675270409 -0.281472768987535
-0.0486586687437812 -6.67694714673282E-05 0.596670843834858 -0.441601808547359
-0.0197850829920506 0.0282149631350541 0.468974666838342 -0.477497962360177
0.0171285187706205 0.0131067945262913 0.283277309696721 -0.368903442623318
0.0391797863140005 -0.0185809397551034 0.146240863560856 -0.191270644619745
0.0282484249841227 -0.0220728463928726 -0.0227379009318274 -0.0216590531329347
0.0313721894878461 -0.0182810496784737 -0.138793367332574 0.13475582282065
0.0305058550179532 0.00745828610734529 -0.297772153362256 0.318543767968746
0.00404767480010146 0.0489321657052985 -0.412866524782313 0.441782421600883
-0.0672856025087859 0.0399034286259258 -0.525026637749752 0.453321654976401
-0.0343092593495831 -0.030232631429737 -0.492771120035788 0.342555145336136
0.0166782001895164 0.0224113213954465 -0.351467090450631 0.319586405405106
-0.0448603919744865 0.0739415030705701 -0.287335779405549 0.206465946552563
-0.0231567063904989 0.0500815693447472 0.296755706799096 -0.153423250546167
0.0272919448623783 0.00357709515060867 0.328433971240471 -0.292109758717092
0.000186611181399579 -0.0410528523160348 0.488032900932448 -0.331516282363403
-0.0490909844933974 0.00801522366197298 0.537141903994735 -0.493779696922522
-0.0160804642202986 0.0296342222966564 0.424140563974851 -0.495904952927117
0.0181228209706324 0.0109588130306276 0.273694132167149 -0.377238196934442
0.0380086485154435 -0.0202375178740595 0.153296887788271 -0.201177660669419
0.0283259640015574 -0.0237523639223544 -0.0122435396405686 -0.0309856591778194
0.0314736487254363 -0.0186373342351971 -0.130405488926743 0.123735330503275
0.0298228078217973 0.0108626022069966 -0.304038930045597 0.300023292693573
-0.00121518848725653 0.0516386307636686 -0.447391133736332 0.417877053676315
-0.0733927655185283 0.0315688478430483 -0.578909770499413 0.40545076887201
-0.0268640724340156 -0.0354005958134852 -0.515720827908366 0.290099000069331
0.0181944703663293 0.029950954296199 -0.361187367738314 0.304625480913155
-0.054180008612351 0.0715935090029499 -0.297452583647609 0.185036354867268
-0.0122199374750285 0.0367600988388179 0.285773182731473 -0.178049365773595
0.0231624860954383 -0.00715222604147588 0.319930316787578 -0.295299995643913
-0.00465339385268772 -0.0372412839170586 0.469615902340137 -0.378652122488705
-0.0440795791398263 0.0105051135382679 0.48080112723807 -0.528755465445551
-0.0143128282704418 0.0255908045124466 0.388224385786862 -0.507205296721975
0.0148526301392177 0.00741269282646672 0.264331744025569 -0.387272032597029
0.0345030091448409 -0.019795279231383 0.159308570303148 -0.211370566684527
0.0234895412157291 -0.02176839742271 -0.00169316606240528 -0.0405363100785799
0.0259903265391631 -0.0146442661375927 -0.121026229668166 0.112786035224041
0.0257128832242742 0.0121237245085025 -0.30878160070409 0.285561304723732
-0.00671280612885908 0.0487282296633643 -0.47670354576071 0.394528837723677
-0.0705191371660541 0.0221069831276862 -0.62233885422849 0.359221613863428
-0.0181607157058636 -0.0343714548377611 -0.529134141465509 0.243919625117682
0.0111487902756591 0.0328570094226841 -0.368480950878145 0.299540136159979
-0.0582667564026868 0.0551229281730401 -0.304826321186976 0.166290597966802
0.0389605837079539 -0.0682314676620663 0.282467326932137 -0.0619710787542958
-0.0168774099132721 -0.0422591191209175 0.372457482429539 -0.25036268142927
0.00854853113603862 0.00905863259733124 0.522333200007876 -0.16540084047309
0.0208790817895388 -0.0102169322441265 0.694281991773621 -0.304799434475142
-0.0166605964539597 -0.0286660807213768 0.557278330021458 -0.401769213934266
-0.0231570471565567 0.0013494187837375 0.311888665056456 -0.33044412613244
-0.001357855784552 0.00760167730877901 0.138504820316082 -0.165734984368771
-0.0181632749433317 0.0134864211756288 -0.0375180235005462 -0.00885038319633999
-0.013921363712828 0.011508213108702 -0.146190653517286 0.151083021988784
-0.0128407557785992 0.00336806142562137 -0.273942799698781 0.34859736864897
-0.00582897074759142 -0.00707494284738369 -0.337560058008789 0.489957829427668
0.00421843200499373 0.00413181887087657 -0.408337806617891 0.534357036209719
-0.00788018048888537 0.0334372683854044 -0.425546838332014 0.437556364445895
-0.0335885138744684 -0.00548913963406172 -0.321898802090086 0.353640308323677
-0.0167140392518179 -0.0559221840929692 -0.266350339166165 0.252368994808038
0.0219743874874144 -0.0390673417026691 0.285534797857071 -0.0463160601740067
-0.00920167757693771 -0.029871585241557 0.379464754852317 -0.254857585280105
0.00935441006206996 -0.000584373251096589 0.517777845419617 -0.152375983704806
0.00634413643719459 -0.00880909950406185 0.707621532710663 -0.285236920228681
-0.0172153983372771 -0.0172005591823728 0.573168560789712 -0.399145124147899
-0.0136788042788778 0.00397563446506871 0.313657033996325 -0.329240608924652
0.0084774579731901 0.00192390964613341 0.134268552079778 -0.164803576257253
-0.00790215883937387 0.00631715844728127 -0.0421455671647541 -0.00506605611238107
-0.00346689830126558 0.00570607961036254 -0.150223494399039 0.155432409141898
-0.00402221038880415 0.00543105728394989 -0.274616991916539 0.352592287208952
-0.00244537622551169 0.00388223627336291 -0.333266461925218 0.491201091415368
-0.00875201819955875 0.012489189807494 -0.393378045330548 0.537288057014365
-0.0136880105485156 0.0220011710138289 -0.417095583649798 0.449085475168677
-0.0217831705772247 0.00234355774954843 -0.321729622086763 0.355872117709562
-0.0223112125331299 -0.0227850733780013 -0.263268755204638 0.253073052941379
-0.000869965609454753 -0.00936722164529833 0.290599468428668 -0.0443049645389276
-0.0020744036698031 -0.0132319782119792 0.381064814539326 -0.261907494656431
0.0117604098713943 -0.0109120587693355 0.514040149412228 -0.158095032198693
-0.00949568151895898 -0.00972153694073849 0.705197044074593 -0.290662497983381
-0.0194005748068689 -0.00346699480409514 0.569582254854205 -0.406713162985268
-0.00457023977667027 0.00817754317390921 0.312429279219961 -0.333870138057254
0.0188220776276255 -0.00349524728556409 0.132700038023694 -0.165493838120792
0.00516206674809322 -0.00161582107019396 -0.0429545159324847 -0.00446442071939744
0.00747065037841735 -0.00184036041237954 -0.150974891939627 0.155967711385902
0.00790618095569937 0.00543352861634762 -0.27793077440867 0.352107322818018
0.0016136461148698 0.0176755204680184 -0.338007842616291 0.487755712336845
-0.0258451392682783 0.0249962138409321 -0.402700184565676 0.53201972171305
-0.0220046129571723 0.00909496750540087 -0.421352425452777 0.443024414025047
-0.010442910647639 0.00674123608213933 -0.325177050394325 0.352110420750912
-0.0251507018801974 0.0100497576901922 -0.265941954152925 0.249148728740972
-0.0215349224942356 0.018924675321542 0.297556264645002 -0.0576420317563889
0.00655279260169424 0.00234186769987068 0.372623586051383 -0.269741046290557
0.0146535848690367 -0.0213890460295588 0.510542723244073 -0.185147996361119
-0.0260110962883031 -0.00983619676350504 0.685578498365154 -0.324352336576026
-0.0218810445320817 0.00955604406984185 0.5455248707747 -0.425204669942665
0.00530454720838495 0.0124429471508357 0.305174349131658 -0.341276265825956
0.0287677143324065 -0.00994026138871802 0.135055682563384 -0.170879299248541
0.014678601269166 -0.00998429250655632 -0.0394418727628216 -0.00758007620937813
0.0179824048564561 -0.00887066869363026 -0.149820842561157 0.151963754585356
0.0177443367494878 0.00462373480507726 -0.283758999655387 0.343215294950576
0.0049186662603555 0.0302053302983227 -0.357456786053697 0.47539156730479
-0.0415162543082511 0.0354140024698063 -0.431306254461923 0.514539621367176
-0.0305675840775649 -0.00318444181983476 -0.438635175533462 0.421338553201003
0.00115696170853288 0.0107675528309298 -0.332421983920525 0.344268069768571
-0.0296464580958941 0.0400908190182529 -0.27075659175209 0.238101026759971
-0.031577277097818 0.0403807756883507 0.302118087759691 -0.0847310607498455
0.0164495862464047 0.0107452429349992 0.357731807983532 -0.27849881096084
0.0127912529226974 -0.0324383589312606 0.509119646416571 -0.225844401330642
-0.0396690790256739 -0.00635400431835617 0.649813061276569 -0.376302793533999
-0.0216717471832519 0.0204857160387894 0.512116166771428 -0.447364894782437
0.0124070161517911 0.013495511120968 0.295211265935668 -0.352197690569957
0.0345272946845124 -0.0147753192882617 0.140309425325316 -0.178370208295447
0.0236412752823462 -0.0171929536742651 -0.0328830280949165 -0.0136645262454067
0.0254464051029845 -0.0150614460116842 -0.145013698339749 0.1431435359554
0.0259129364568957 0.00552837679163712 -0.289188705187143 0.329325366192772
0.00542161278953424 0.0417789456994822 -0.384963245844582 0.458216071467382
-0.0558032655592902 0.0406620724110276 -0.473544396043262 0.484464752514049
-0.0355024948419669 -0.0174876916104814 -0.466763401459976 0.384358459462319
0.0105339416843897 0.0145566901030557 -0.342362859758015 0.330239692199682
-0.0346459859276885 0.0632714270753474 -0.280068617845933 0.222018231352229
-0.0318240065152518 0.0514887395662932 0.302801944077094 -0.117661824973167
0.025089531976041 0.0108823785855346 0.339815511265791 -0.284306009376281
0.00881550756970836 -0.0391313130533215 0.501499316516919 -0.275520724316204
-0.0480071760016243 -0.000902441320726853 0.597316216225532 -0.435574110072671
-0.0199580856910626 0.0288078815911093 0.470053805344493 -0.472013628677793
0.0174459944236494 0.0131615547969784 0.284405916972478 -0.36359814512964
0.0379894483767781 -0.0181249646049072 0.145767617250839 -0.188129675445677
0.0279832383096786 -0.0219200615984593 -0.023317066201497 -0.0220906874521085
0.0301372667498071 -0.0182764838859828 -0.139162829536699 0.132776783727701
0.029913952808643 0.00772856433368746 -0.297849401255658 0.314173371853568
0.0037458829025578 0.049019735377939 -0.416429185597348 0.43474181519362
-0.0671132353212319 0.0376797513322922 -0.525898476089958 0.445672497536825
-0.0336260921189467 -0.030355640851619 -0.494843081600366 0.334242237809134
0.0177825328789163 0.0222440665716088 -0.351331916530491 0.314995073744774
-0.0459179147013372 0.0741425331154722 -0.288353553847634 0.202819905199726
-0.0241161711962242 0.0499331353024652 0.297058977428457 -0.149296212464988
0.0269030608928317 0.00267983421729994 0.328155281681172 -0.286245172935424
0.00128026241922415 -0.0410334600282403 0.487441539373655 -0.326793634475663
-0.050102677202861 0.00617652780885872 0.537938761600244 -0.486559479536081
-0.0168688096941329 0.0293104398426342 0.426711593221553 -0.490296658260432
0.0185057984920371 0.0100848186006276 0.274064394651237 -0.37294992746479
0.0381151351736585 -0.0203233401126609 0.153948538418857 -0.198734880870023
0.0278409899720359 -0.0235035877812799 -0.0121733206637015 -0.0305941946757028
0.0311673079336957 -0.0180664970512238 -0.129701328328294 0.12071468520198
0.0302544471299099 0.0113728659707762 -0.305970547953627 0.295359574935716
-0.00191001594082437 0.0521399543769874 -0.448230400980314 0.411771071646648
-0.0740060755177911 0.0315492766387226 -0.57842119084054 0.398049441865889
-0.026439000545086 -0.0369782798565327 -0.517646930761948 0.283102560810929
0.017080415385132 0.0303903279469199 -0.362347091969347 0.3006855023872
-0.0551588388781607 0.0716461690544804 -0.297221300482249 0.181652123228722
-0.0131021736763806 0.036874779661424 0.286981535666938 -0.175161994951311
0.0225493906893463 -0.00685684605787131 0.321558160104567 -0.290600034999267
-0.00425867902144869 -0.0375481010198363 0.468629175501717 -0.375914802961411
-0.0433532404435409 0.011127223535614 0.482241952519309 -0.521904229801973
-0.0143852265452212 0.0259160894183491 0.391900036898696 -0.500900116882152
0.0148256132807797 0.00724296982636478 0.267446115028966 -0.3825116567861
0.0340101040776828 -0.0199557906526416 0.15895764606486 -0.209560981987055
0.0229043066254486 -0.0217368925990085 -0.00282504592271866 -0.0401359405920934
0.0269226108445022 -0.0136122783961312 -0.12042611660678 0.110863006308332
0.0252471254470751 0.0131531870675989 -0.308533235138896 0.281469725913662
-0.00682900509942139 0.0476581494116253 -0.479891852501948 0.388263147666227
-0.0705657621202398 0.0209852579309362 -0.62156383072789 0.350636016050776
-0.0168527163640443 -0.034377047918076 -0.52797990283316 0.235628435438844
0.0115698669739245 0.0336826234120599 -0.369760780287704 0.29323765219517
-0.0586493275657761 0.0563529680212813 -0.304429715735592 0.162253721042769
0.0393079703764618 -0.067499236427134 0.282456803120152 -0.0590303115418182
-0.0175748869101988 -0.0428083610009647 0.373973214110271 -0.244220967761594
0.0080224236886075 0.00972500950697724 0.522650075002364 -0.160223063413916
0.0209632143968781 -0.00931716651832559 0.692460100352177 -0.294503224240384
-0.0163481264040242 -0.0281100354971727 0.560743264250768 -0.395193931035562
-0.0223890542194907 0.00160410216305606 0.313300402112235 -0.326428954445965
-0.00123079678123681 0.00739849202534349 0.1397914807631 -0.164695421930902
-0.0185220049503241 0.0128615722459531 -0.0374547191632418 -0.00924276026404293
-0.0140559629265306 0.0116127521479334 -0.147923175650817 0.148888966548141
-0.0129783118387589 0.00327505546143162 -0.27525704752144 0.346151724820524
-0.00593878703023737 -0.00692722555676685 -0.340281801313984 0.484540811602321
0.00390888430442569 0.00411452553438639 -0.410988536450233 0.527396798639648
-0.00823217310546458 0.0329994847011597 -0.429212751741639 0.434013891385073
-0.0333045073039406 -0.0051380983632405 -0.325634569886222 0.348834598912566
-0.0164298834436101 -0.054515626602563 -0.268276897845481 0.249958110786592
0.0212450220534419 -0.0381587120677934 0.285250638394722 -0.0430067564654398
-0.00946094747351164 -0.0295969845568334 0.382460623722606 -0.250310615505161
0.00910568294537153 -0.000397399428497665 0.516673957364203 -0.147383959730475
0.00677890299013936 -0.00853580692448926 0.708537790448737 -0.277800202482311
-0.0166280548665968 -0.0161798383217185 0.573212300431123 -0.391871638937939
-0.0142104428105916 0.00348447395703684 0.315820313720841 -0.325586079499112
0.00823587361812406 0.00219631153772139 0.134243002803092 -0.162226871879576
-0.00734161295818726 0.00597676450215671 -0.0430815312677581 -0.0047462267695714
-0.0030059143276672 0.00543136191349671 -0.150326253376701 0.153680309825732
-0.00294379748658334 0.00530318331938699 -0.275083542787916 0.348709038230937
-0.00365813293862619 0.00510976557114066 -0.334568895819553 0.486102584104242
-0.00970736113950393 0.0137514880419372 -0.397992146702187 0.531100591851042
-0.0135784652425004 0.022111965300867 -0.420778575066419 0.443796665996503
-0.0212910120085126 0.00147907010861983 -0.324970333598931 0.3509111032417
-0.0226109453014971 -0.0219768186240736 -0.264611035624961 0.250978729188935
-0.00157604423412157 -0.00948443145483061 0.291184680989504 -0.0421652227373831
-0.00165032422684754 -0.0130640909908734 0.382198082710394 -0.256501047221853
0.0125753838340295 -0.0111615428730804 0.513412906469928 -0.154460866738842
-0.0100086524129113 -0.0106452675453734 0.706480815131915 -0.283269513647647
-0.0188166785781978 -0.00361791948147799 0.569304500272457 -0.399705620049733
-0.0036110232691176 0.00792065205048097 0.312872139294048 -0.329348014527453
0.0187721624073721 -0.00293137810895719 0.133614972388606 -0.164068963488502
0.00389597730507141 -0.00203916930532326 -0.0429613888930034 -0.00508664486757508
0.00802499999269852 -0.00261365148106966 -0.15272667539237 0.153877644620632
0.0081771471388176 0.00521004253747715 -0.280044395551362 0.34839405409535
0.00125687191357776 0.0179924342439565 -0.340746514898711 0.481169149803992
-0.0246199501160826 0.0250768341400536 -0.405869401971412 0.526537762662461
-0.0209580142199542 0.00906400658103524 -0.424832268198913 0.440087927730715
-0.0105782006925678 0.00633303108526725 -0.328554852443199 0.348040513270068
-0.0253343501128971 0.0117443752091642 -0.267343536073476 0.245654165488853
-0.0218329249874232 0.0184746382369059 0.298701204494516 -0.0545701988715636
0.00687085827389417 0.00209457920580042 0.37457965786796 -0.266202410619269
0.0149711546111963 -0.0215466166402572 0.51248569863998 -0.179533988242256
-0.0257863261498051 -0.00943410280427796 0.688045042302753 -0.319272453703538
-0.0216693710686454 0.00969518788169715 0.5502938382593 -0.418631904970968
0.0052804069991554 0.0112847082103955 0.30757480381154 -0.337493097192438
0.029278771502182 -0.00876594661775892 0.134849212646559 -0.167972390408494
0.0151325331195891 -0.00924215616372385 -0.039261754938603 -0.00782365487301095
0.0181660721067713 -0.0103750576022149 -0.150759967907907 0.150136242628079
0.017489746298262 0.00414605094721972 -0.285392196778864 0.339078664584001
0.00459716227356164 0.0306465390125352 -0.359712071909336 0.470346070975825
-0.0409428752987078 0.0350849405146038 -0.434084327357317 0.508935234581587
-0.0299952115231413 -0.00324419207969438 -0.443918566386766 0.416061024907544
0.000707850563049218 0.0100351663665034 -0.335849124946713 0.339478129402138
-0.0285367111317945 0.0401039565158015 -0.273023697732645 0.234446980199303
-0.0328775708370436 0.0395824562694991 0.303276225404545 -0.0807934939414685
0.016012212595975 0.0115951602941359 0.35923207560183 -0.273410203675831
0.0143725504096792 -0.0321593984216759 0.508531219295288 -0.219912570556647
-0.0396396082503646 -0.00634042600019467 0.65127415589105 -0.369241408137971
-0.0215760800314554 0.0216158446814666 0.515614643173939 -0.442880353839307
0.01256598240044 0.0135260402482961 0.296433083594634 -0.348258991661979
0.035655227477619 -0.014065654221972 0.141388415923401 -0.175924665602732
0.0233141401850305 -0.0166912113338268 -0.0320893822931836 -0.0138214286309166
0.0258466387376606 -0.0158067023416454 -0.147095383853082 0.141103125095143
0.0259513152293002 0.0062798453199785 -0.292342174670218 0.326447698394443
0.00563865578030161 0.0403668580916745 -0.386399705151302 0.451350958598464
-0.0551572171717707 0.0401421722606211 -0.476205611999982 0.478136808475893
-0.0352179735777891 -0.0188953927982305 -0.470386538913444 0.378985217802525
0.0115140189984038 0.0162578759338377 -0.343792758997128 0.324146434123044
-0.0362768087336988 0.0622736055075266 -0.281156843512226 0.218400322774898
-0.0334072223823899 0.0512791017253037 0.303241270177662 -0.11263563799585
0.0240604511429212 0.0102626323676569 0.342071299994165 -0.279043030648875
0.00917869220508582 -0.0397867565032719 0.503261768008827 -0.271929908878383
-0.0486857075316662 -0.00075296450299769 0.599462766803946 -0.427877646387773
-0.0199777016857886 0.0293078097427176 0.470680914489399 -0.46656807090331
0.017377567964368 0.0135484584680643 0.285374237871215 -0.360027524729136
0.0384591734437368 -0.018504869378898 0.14757231066454 -0.185857345496622
0.0275925154122807 -0.0213501934624775 -0.0229338357704219 -0.0221624916894417
0.0307090566268267 -0.0177737784542944 -0.139086556497313 0.129399075592594
0.0298846812213422 0.00876614401400138 -0.299685301461941 0.310900167825981
0.00319535279692904 0.0495324431358344 -0.417256923304586 0.430062257937059
-0.0679623492514025 0.0385036433960321 -0.527595952564819 0.438429283154469
-0.0342343126233846 -0.0308928237875653 -0.496601089792711 0.330509160077667
0.0173319742623765 0.0232990879286142 -0.354809834576469 0.310131546444998
-0.0465380644636814 0.0742562799066809 -0.29030284427391 0.199269180246257
-0.0245416969645902 0.0498285903746082 0.29676701643633 -0.146222978506828
0.0257351791108866 0.00340018735331372 0.330538715547628 -0.281510312875664
0.00145580294100027 -0.0410820998124262 0.489697408989123 -0.322025459601739
-0.0497365371555608 0.00638727309155997 0.539779945729767 -0.481012794991066
-0.0167289322570661 0.0297557470476888 0.429528872378872 -0.485026130394694
0.0187728249376311 0.0106058779090368 0.275524163803918 -0.369506384057157
0.0381914868926746 -0.019662809605987 0.154317997471994 -0.195376383340875
0.0284112321512309 -0.0220356794592836 -0.0123905454907479 -0.0319960796416617
0.0309598093030199 -0.0180780570436609 -0.131558308401732 0.118373610157961
0.0301461299500462 0.0108761037536174 -0.30514702511942 0.292153463465318
-0.00173621139231529 0.0520246104995606 -0.451106894994902 0.404339041997207
-0.0731311650751751 0.0311264455065311 -0.580795580533269 0.390285367127974
-0.0258638314370102 -0.037290853237073 -0.518928228929197 0.277194901894913
0.0171040489463553 0.0296090900524897 -0.364731194860145 0.296032819050763
-0.054631140965546 0.0706681025921093 -0.300358376684799 0.177935673367439
-0.0146284385332774 0.0365018201033048 0.287721361589476 -0.171010963951752
0.0223753630727714 -0.00731185411388957 0.32167994685453 -0.284863165191975
-0.00463188227776744 -0.0386600599972864 0.473894492194256 -0.368938826801454
-0.0434098331605174 0.010257147356034 0.484899368604882 -0.516806661101629
-0.0146386159733964 0.0250305742645572 0.393580542472339 -0.497711104858141
0.0149412602788565 0.00776493374059279 0.267333947582156 -0.378881738955817
0.0335403706202205 -0.0196026870349981 0.159803777354767 -0.206867361820932
0.0225153046945233 -0.0204772884519257 -0.00148860771966225 -0.0403337372625342
0.0265933484072866 -0.0140084360315272 -0.121122971938694 0.108882272769811
0.025789022965896 0.0137294374898479 -0.309494219984196 0.276424439115093
-0.00735458589714976 0.0474116566847951 -0.479441057671461 0.382550372946879
-0.0699698675814119 0.0212428645649498 -0.623481625127507 0.344386551387782
-0.0173123134600317 -0.0350430319025914 -0.529536471641645 0.231580694909937
0.0106231422685052 0.0336996136184302 -0.372961745080738 0.289274512252405
-0.0590069439071958 0.0557445497637968 -0.306153130526288 0.159674590660524
0.0390250528632257 -0.0666455792747278 0.282458185911575 -0.0554066327500329
-0.0168071257550914 -0.0429161784853075 0.377726218264133 -0.242095643989712
0.0081881701404283 0.00852203116856702 0.524835763448024 -0.155874280356074
0.0213620998277874 -0.00999239095058398 0.696202218417735 -0.289189569976151
-0.0161656945560441 -0.0280978412712518 0.562357302423187 -0.390868440243814
-0.0217106958671002 0.000932445984973699 0.315581432039356 -0.32299723839673
-0.00147028233161256 0.00709348272093296 0.140107117972137 -0.162522882925208
-0.0186969837793641 0.0131301879434819 -0.0376179902084401 -0.00979669222903492
-0.0142292123567678 0.0111853156984061 -0.149096224120939 0.146531739200995
-0.0128580220147654 0.00406057365246392 -0.276501260892586 0.342457672986299
-0.00626670427277609 -0.00683181993498556 -0.341463289844478 0.480071290181605
0.00476492570516221 0.00465302290762588 -0.415678757283196 0.521754016199507
-0.00812404717109562 0.0326283287552403 -0.432462984185731 0.430197138902973
-0.0333831031786213 -0.00613074392237546 -0.327768901073893 0.345558485253847
-0.0158850546691945 -0.0541678451817671 -0.271008224555084 0.24629333007811
0.0220875487324183 -0.0372101582735292 0.285411129343129 -0.0390249682990149
-0.00986453014753001 -0.0316203686744345 0.385757731700985 -0.246760468394487
0.00968413644017944 -0.000942460325374087 0.519509341740554 -0.143931016656973
0.00691494490457346 -0.00822889883906565 0.711683812631069 -0.270243392339649
-0.0171630582768658 -0.0166373502444971 0.577301596596801 -0.386891479227493
-0.0136163353904147 0.00397609968773666 0.316481577507339 -0.321364594589552
0.00872047776602751 0.002266269004692 0.135555831898505 -0.162205999792089
-0.00746969007223195 0.00656719282615741 -0.0424238558831185 -0.0057955382469744
-0.00357487919246742 0.0046750291568513 -0.152710581565041 0.150668691761475
-0.00239938831759986 0.00424767475621634 -0.279340338964654 0.346222619191275
-0.00296903489102848 0.00520317774708451 -0.337547803886033 0.483039198049526
-0.0100706652498153 0.0133851560972298 -0.400370268918136 0.527404986249972
-0.0137803125092415 0.02260906856922 -0.423926449094577 0.438991928058603
-0.022109097986847 0.000776773445623015 -0.328757223906761 0.34711951654668
-0.0221698684772642 -0.0221481396092315 -0.268031166178846 0.247749971953586
-0.00188136937177422 -0.00922051440521014 0.290404535119065 -0.0379348664036021
-0.00190076434379468 -0.0137533110145246 0.38580663241859 -0.253334435346669
0.0133686104957982 -0.0117055143830655 0.514878524187516 -0.151032405463596
-0.00919608608691872 -0.0103735061109028 0.708971808469028 -0.278455415331213
-0.0193419751212381 -0.00348565418113616 0.572439552620161 -0.395582202151471
-0.0034136291164169 0.00860151808066303 0.315249214264407 -0.325919576150697
0.0184640739456699 -0.00299765383719906 0.134623007395023 -0.162328845979003
0.00372083189196177 -0.00181277739787667 -0.0430101281805592 -0.00502003099314902
0.00811282672258431 -0.00242304604428567 -0.154860946481659 0.152510198400108
0.00774255474578554 0.0052260145296421 -0.282068913547961 0.344535029043346
0.00149594827568662 0.0179364814565902 -0.344138576124297 0.477544685402344
-0.0254515186245745 0.0244894678694577 -0.411265280437857 0.521384675700567
-0.0212244606222668 0.00925814186711653 -0.429257960820823 0.434605337681824
-0.0107421425568627 0.00601863444582298 -0.331549497220923 0.346342071108376
-0.0254082678931068 0.0114610969270732 -0.269978071154575 0.24230034264341
-0.0222873100297952 0.0177796826845848 0.297621330228619 -0.050493210117658
0.00597737169485063 0.00232574074375054 0.376760236406076 -0.260474284498279
0.0155265858318426 -0.0224189112420288 0.514140556560603 -0.176962681748497
-0.0255452477255579 -0.0102548200145631 0.688908429274346 -0.311527896124982
-0.0215216470519751 0.00980267003931476 0.552351341644434 -0.413987825876839
0.00588647746786153 0.0120620734388105 0.308416503096469 -0.33479114716793
0.0277644151896932 -0.00803492651925992 0.137031823266234 -0.166489613743229
0.0156365628245591 -0.00912175394473686 -0.0403396916279034 -0.00747682282286898
0.0179157338943346 -0.0100948865188325 -0.151796184453199 0.14663086403197
0.0181133561377712 0.00469970935611063 -0.286928577993599 0.337496044469951
0.00438108443207504 0.0307083130605746 -0.362354668733287 0.466680792431086
-0.0404691376352578 0.0343509693558398 -0.438592202061945 0.503246492545891
-0.029745925328779 -0.00495513314497515 -0.446868853064725 0.411313194198004
0.000357887661837062 0.0108577608676006 -0.339437592827558 0.334610465447379
-0.0295970714595788 0.0410655953199911 -0.275701836849507 0.230909878950225
-0.0341023137922936 0.0394181960452222 0.302897885325398 -0.0771971456030083
0.0153141102890132 0.0111456250083438 0.361493925262964 -0.269781540924131
0.0149600389272702 -0.0317155810289261 0.511481466816466 -0.215948035847884
-0.0385295598784769 -0.00697427801229457 0.65463431555348 -0.364777458912326
-0.0225973785062124 0.0210677419651052 0.518116216486326 -0.437868428406845
0.0132580821973121 0.0143347682455847 0.298722254950699 -0.344419290979497
0.0349708877287425 -0.013739534832153 0.141931769003238 -0.174626400120162
0.0228989526174495 -0.0155488569061124 -0.0324635143721835 -0.0140606271197088
0.0263213060309565 -0.014635956592459 -0.147860014033081 0.138351767645707
0.0260934779604792 0.00660527222125722 -0.294242089359418 0.322399314830641
0.00619084064586345 0.0422670075795647 -0.389629839443372 0.447168699332251
-0.05628230694038 0.039564493726076 -0.480742656481769 0.472281483430665
-0.0347802745901837 -0.0191918134295175 -0.47360536398325 0.374684847937748
0.0101027178780763 0.0151948593896936 -0.349302593102291 0.322353163188798
-0.036732833834393 0.0629765417750083 -0.283002362196946 0.215294968285134
-0.033669193886137 0.050719347833025 0.304048662646382 -0.110319239210551
0.0237090255383835 0.0100378421843029 0.34591578194144 -0.274780570644892
0.00924635576991569 -0.0394119757900615 0.506015627132084 -0.266734064244066
-0.0476999545580185 -0.000995324474518826 0.602427051138781 -0.422055369876863
-0.0200194565861285 0.0285298918325395 0.475119478791317 -0.462354037201659
0.0179672024377626 0.0141185500202482 0.288108194766776 -0.356516911425285
0.0387947269571519 -0.0184688942127633 0.148611517710013 -0.183108970582732
0.0275556019540799 -0.0207201360688118 -0.0223188185573674 -0.0226417884462038
0.0309870163286756 -0.0184137162297241 -0.140837313817475 0.127761603254979
0.0304497923778076 0.0095176228959644 -0.300620717234653 0.305752037689102
0.00305461678448419 0.0504434634520553 -0.419009535247274 0.424662069351479
-0.0680729273197493 0.0375837087789822 -0.533564195035024 0.432657670679442
-0.0324557254193165 -0.0312212086813532 -0.500027687821698 0.326762504412266
0.0158738913636469 0.0224185401605264 -0.357529088072804 0.306171160262031
-0.047202358435704 0.074058228559927 -0.291509306604886 0.196514538537215
-0.0264712132317014 0.0500483225340246 0.298634844850571 -0.141662950979803
0.026075827196538 0.00336775828760383 0.331816511253513 -0.279287214076605
0.00187852329741917 -0.041418432580332 0.49325015311807 -0.318430714299159
-0.0489385891922237 0.00603997883190968 0.545651618900549 -0.475774090220697
-0.017059055560558 0.0305953470209435 0.432450130082195 -0.481310336565875
0.0189398304260909 0.0117923325536788 0.278873655717546 -0.367225224941637
0.0385028281382024 -0.0202667996566747 0.155098936101457 -0.194838402527807
0.0274140765843952 -0.0225072101867678 -0.0120023348555354 -0.0316091947029998
0.0307017624769911 -0.0176701757146551 -0.131959788369851 0.116676409346134
0.0297745880673072 0.0116539622715999 -0.308292132067196 0.287143228686118
-0.00188854509373909 0.0521938967632222 -0.451419550517265 0.401511057573244
-0.0734718255553376 0.0293579748197592 -0.583587757335463 0.385637423766802
-0.025816769196538 -0.0376113902439696 -0.520324868341753 0.271074486840956
0.0162657889134895 0.0306119572285905 -0.366540945704049 0.291612266906493
-0.0563815507406009 0.0718275255543875 -0.301105957375126 0.174529942951046
-0.0151413183392214 0.0367643392748486 0.289075661097849 -0.168319753529375
0.0229533866340863 -0.00566518053798577 0.325963623509879 -0.282135862770773
-0.00300629875713058 -0.0379393685672477 0.473746355243739 -0.367352005035618
-0.0429926683603894 0.00916873760139581 0.489244831587683 -0.5121717769869
-0.0149706423943245 0.0254311382683189 0.39752998066777 -0.491448936395958
0.015716620691759 0.00870536492711798 0.271233340331653 -0.375573816293156
0.0335719766043522 -0.0195382314411757 0.160514427962117 -0.204084541223431
0.0231197716709294 -0.0201062651666142 -0.00204094997733383 -0.0403683473123314
0.0264149575297899 -0.0141094769766226 -0.122577711098857 0.106650750279929
0.0255906044028213 0.01268147844021 -0.309694311973153 0.273223414456544
-0.00803840873139104 0.048597479410258 -0.480951520185139 0.376959260786945
-0.0704604982467865 0.0204403031886439 -0.625981497425053 0.33659225974682
-0.0168032702933182 -0.0356513468718268 -0.533169786044026 0.22638864774086
0.0100466356874675 0.0337403545839866 -0.37552360007025 0.285729116870044
-0.0593632964272411 0.0552402362483719 -0.307669078245869 0.155754385752427
0.0398585171819899 -0.0660593602688825 0.28344663717926 -0.0522594900317592
-0.0165044237002154 -0.0440398703967279 0.381523961957091 -0.23634492312175
0.00927416396125173 0.00912403055883915 0.526765137546203 -0.151746522476462
0.0217711058352489 -0.00959966015995312 0.70258807195386 -0.283733769961807
-0.0163019818496077 -0.0281209517729939 0.567243987943763 -0.385756009407472
-0.0215889041051502 0.00133334980476224 0.318976135996906 -0.321380269001807
-0.00200819797903068 0.0060156932259557 0.141719106579593 -0.161778956905271
-0.0195425947351316 0.0130677806349488 -0.0386327839023061 -0.0103317453626002
-0.0142505655914451 0.0110638757352561 -0.149880490891425 0.144629633393389
-0.0126371787182291 0.00323804893909202 -0.28052251140412 0.339737840763001
-0.00601127632281922 -0.00667227001620052 -0.34757905512814 0.478365942712928
0.00471523873139167 0.00519400354133574 -0.421477816848181 0.518731144936625
-0.00816512223901065 0.0318132539278616 -0.438844816893479 0.425424872070693
-0.0338244689880751 -0.0062928536013499 -0.333762395723755 0.343824751564888
-0.0144972367963503 -0.0545851924905705 -0.275267258350225 0.243205130263305
0.0221278195850656 -0.0379376788346962 0.284655396602494 -0.0363123530440125
-0.00878174627531868 -0.0310447148048507 0.389839593775075 -0.242415526682477
0.00962103523677742 -0.0012715447958159 0.520892477666451 -0.138634858421221
0.0069422230395052 -0.00882745131653099 0.716186085266294 -0.264471258667811
-0.0167524460027766 -0.0161786049905907 0.581324055229875 -0.382054077958571
-0.0130875298978216 0.00442231870218874 0.319518430988355 -0.318442265808106
0.00735903371218634 0.00204303072144691 0.136159591841314 -0.159364197686795
-0.0078207235510828 0.00671108532592175 -0.0424227675095767 -0.0054122779425271
-0.00338508286546616 0.00426297009254449 -0.154179482760297 0.149225767990213
-0.00269494806541848 0.00458857111308708 -0.280889785741552 0.34345778548487
-0.00344996289352177 0.0053623216902242 -0.341263547399172 0.479396368863549
-0.00915032631002653 0.0131550198845402 -0.407933952960045 0.523590361601417
-0.0131111864231456 0.0219875708697702 -0.429526011508013 0.43643729508841
-0.0227609455779293 0.00153546638366991 -0.332858986174526 0.344801594919157
-0.0211816268543941 -0.0207410078715641 -0.271526202285382 0.245334509672406
-0.00191020121054165 -0.00865598121397057 0.29196866917783 -0.0350143196324267
-0.00163158773371728 -0.0139632837612141 0.390265630803533 -0.249343748547217
0.0133143038490907 -0.0115335823520667 0.518173589263784 -0.147301095080298
-0.00899991699542033 -0.0109365661975696 0.713546675415871 -0.271810442629436
-0.0191753063232427 -0.00306770735060068 0.577212494560923 -0.391276195646545
-0.00350726330183716 0.00889798206308442 0.317867095182081 -0.323833982529959
0.0186450911899487 -0.00387808839251518 0.135253158797394 -0.161471085890979
0.00397018408136097 -0.000788060448379371 -0.0432826250968602 -0.0045968390846445
0.00665573713610371 -0.00198848885332017 -0.155419150621535 0.149297853306818
0.00858466867963742 0.00434099738541125 -0.284785208762702 0.341214643161993
0.0016145264161087 0.0183059343184615 -0.349032211807943 0.475405542208682
-0.0249159638832941 0.0246612846211035 -0.415666907925134 0.517199434500701
-0.0223530004757525 0.00842672852380785 -0.432713553353758 0.430607045363009
-0.0106477338458729 0.00623931069676498 -0.336888774149344 0.341274472451424
-0.024972816518698 0.0121619348816722 -0.273137681238161 0.238869894465705
-0.0222103642048539 0.0178950669855059 0.29825423409825 -0.0473876117415059
0.00583560285888767 0.00293786281574019 0.382976280552212 -0.258323696351569
0.0163766893343076 -0.0223670172426659 0.515344952942105 -0.172441702353621
-0.0256173356082882 -0.0111192004986808 0.694335383625646 -0.305659267353478
-0.0212250679521634 0.00991767249360493 0.558214162367692 -0.409011406974342
0.00575801178519189 0.0124716729650762 0.310716744037143 -0.33271338030657
0.027920989423368 -0.00928667501798739 0.138731041429839 -0.164530825594932
0.0155323368883055 -0.00935921122390886 -0.0405046555910526 -0.00785259340317054
0.0186576810140349 -0.00987237014303633 -0.154193319695328 0.144766797504558
0.0181024690121586 0.0053342991396297 -0.290954385653958 0.333851612716916
0.00502284295430459 0.0317762315160283 -0.365596636595208 0.462654846459159
-0.040478850333609 0.0346156363157107 -0.443588440606457 0.499921463267984
-0.0291750519031138 -0.00517039110766193 -0.452785125818569 0.408211601423183
0.000847472813498857 0.0102671815826951 -0.344474161931051 0.332746074130441
-0.0295116149707159 0.042259400162751 -0.278258375342426 0.229070784239202
-0.033859783221865 0.0396333172796874 0.305352994594667 -0.0734981542769431
0.0152020668721852 0.0107385363116066 0.366724576694514 -0.265751065898647
0.015078018349449 -0.0319084054708749 0.514549483159488 -0.214066013384859
-0.0397432561456164 -0.00753995863585352 0.658837856558328 -0.359102893630834
-0.0226083887052295 0.0211315126049439 0.523005717739256 -0.434811509178547
0.0125963458898446 0.0141234656371711 0.302689329164359 -0.341483369191131
0.036283349432626 -0.0142901684697126 0.142649664834377 -0.173453391125221
0.0232484923381571 -0.0157299335312857 -0.0330875040512964 -0.0137275037159767
0.0265105730938604 -0.0148786750252058 -0.150078856096695 0.137360741763385
0.0265804425640632 0.00624763254131194 -0.297234703515033 0.320235098218781
0.00557062026086722 0.0420787235215176 -0.395083995631785 0.443364384546532
-0.0557597516632537 0.0393720419562025 -0.485347239262728 0.46805355382633
-0.0339204613967564 -0.0201297807147278 -0.478723052526187 0.370432298952693
0.011182373980633 0.0154407841483743 -0.352866943832111 0.317045182328672
-0.0372714657935099 0.0625983219282632 -0.286730097261673 0.21286617703238
-0.0351043864422043 0.0510979082174301 0.305920477654295 -0.106163844424218
0.0227680298016694 0.0103571969005871 0.349119455469749 -0.273851590086963
0.0105820328937936 -0.0397108941258328 0.508869654049239 -0.263393461216007
-0.0482909398838533 -0.00154453737325204 0.609985594748357 -0.42017691577102
-0.0202320678979973 0.0285516488862798 0.480154652558402 -0.4602415479198
0.0181768633861466 0.014071023109576 0.290794454077126 -0.353497267891443
0.0393136549107022 -0.0178899822235536 0.149451290686301 -0.182934874860267
0.0278222087421714 -0.0199896194156673 -0.0236480861730994 -0.0227386780484569
0.0305559303862442 -0.0173227711570006 -0.142237621825856 0.126264939482917
0.0302324082830072 0.00869196617818019 -0.303808116854612 0.302562922096092
0.00272691575646711 0.050277204930999 -0.42428663264425 0.422427897631711
-0.0672958007296618 0.0377006662747036 -0.537853584759409 0.429882733104656
-0.0325670896721225 -0.0316912810718026 -0.505666881996415 0.321407445203354
0.015888224579591 0.0233489161322595 -0.361716826536315 0.302262779131778
-0.0472931231450351 0.0739538398412003 -0.29510676861923 0.19350589711865
-0.0272643191764894 0.0497985719342113 0.30031611467408 -0.138861595018884
0.025422550853495 0.00283980285009794 0.337537638676165 -0.276081365155837
0.00317268271860075 -0.0420739710241982 0.497131873406736 -0.315443723266443
-0.0492834203999238 0.00508790415110047 0.551011937046424 -0.471916869476765
-0.0174038274840138 0.0305327775896241 0.437516395447372 -0.478027250380451
0.019417321887651 0.0117015856261916 0.283041122319274 -0.364537807651033
0.038641737078241 -0.0196583782346307 0.156508738786104 -0.193379701216196
0.0276166106868326 -0.0211477864379799 -0.011952585810249 -0.0314273936988641
0.0314529811967836 -0.0165712238323156 -0.132870829181457 0.11449218003365
0.0294498516552583 0.0116633442955244 -0.310248901024481 0.285203879964886
-0.00233258484115429 0.0520778115474822 -0.45558859834335 0.395162587608388
-0.0736697671763314 0.0296910092204479 -0.589162792715967 0.378258458006593
-0.0244645729701712 -0.037004814801764 -0.525799080168975 0.268404829396773
0.0163411211332803 0.0304368377155037 -0.371550642635902 0.288420360372938
-0.0571531613050015 0.0710140298993912 -0.302674955441372 0.172667929630685
-0.0160922594542627 0.0366493302130196 0.291330383387303 -0.165671731380574
0.0223515172961956 -0.00666247793634357 0.329937609173964 -0.278027327823518
-0.00269071303692735 -0.0388749119587934 0.479163499921525 -0.362979400183334
-0.0433359382477992 0.00947654677556626 0.497526673518649 -0.509097009329683
-0.0149635249120978 0.0257022129967318 0.402764905667752 -0.491305736519082
0.0162329467945823 0.00906212578516314 0.272418559541076 -0.374117891411094
0.0331646055444477 -0.0187758610442413 0.162797316621218 -0.203033963159813
0.0240124391999666 -0.0203679601834832 -0.00143701984679771 -0.0403011811376224
0.0267539200010354 -0.0136369401298259 -0.123021057433846 0.105026285942447
0.0254714583424275 0.0138886778649554 -0.314104879284114 0.270188332181391
-0.00849604596126875 0.0483639001467908 -0.484935891582523 0.373008803520154
-0.070135750268552 0.0194384784478452 -0.630424989683012 0.332197246614597
-0.0158565003646572 -0.0360248690078739 -0.536484257673874 0.221365332357257
0.0103553886787212 0.0337586611595562 -0.380122811661811 0.281270836735445
-0.0601662679559496 0.0550252889891601 -0.309729555405024 0.151864023751831
0.0405222935216402 -0.066279297156811 0.283670765930094 -0.0491405113733863
-0.0167034963533624 -0.0445657749345117 0.383821234269771 -0.23402852012515
0.00918164548002218 0.00871670641648464 0.531812456620273 -0.148905437629458
0.0210974366710706 -0.00975454203585107 0.70725202804514 -0.279948542122926
-0.0164238269155656 -0.0276505813485744 0.573092793583359 -0.383233332947211
-0.0216768624213077 0.000974617652788206 0.321947247099028 -0.319341489451864
-0.00177383683207425 0.00614445277902219 0.143029480832642 -0.161523663808838
-0.0188562354333525 0.0140691631311424 -0.0384929789415161 -0.0107058672854055
-0.0142538411435136 0.0114058032153843 -0.152919580029503 0.142644566640536
-0.0125107578086173 0.00294146980606779 -0.283954365240365 0.336958693129694
-0.00533837490748557 -0.00641063643273472 -0.350875751563602 0.476082722384064
0.0044946651150138 0.0056151859551975 -0.427768637655653 0.518891898982188
-0.00827924881942823 0.0319574819685295 -0.445264085871968 0.425758892624749
-0.0330368956987407 -0.00697448349989143 -0.337197605904879 0.340610968009666
-0.0145394647043318 -0.053871750630505 -0.27832998490195 0.241758749357581
0.0214977109338831 -0.0372453098293779 0.287743335170863 -0.0323091022544882
-0.00937806407536418 -0.0324196816735173 0.392727819102726 -0.238812684551914
0.0100689659683301 -0.00158864382183098 0.525187041333739 -0.135524613986921
0.00710057964833165 -0.00948467705935052 0.721770140252973 -0.258855360876697
-0.0169659933388231 -0.0157741624536169 0.58539629131571 -0.379735791365152
-0.0122492340438516 0.0048149521350913 0.323040049383106 -0.317420486335948
0.0083637294363235 0.00170690385849384 0.137958713894078 -0.159199574227104
-0.00804651849810737 0.00743309102686313 -0.0441014507066201 -0.00624143638308895
-0.00392229001150515 0.00449269957642313 -0.157487835527243 0.147038110141252
-0.00297457729289098 0.00437419750206397 -0.283985609682153 0.342795785768656
-0.00299782531817022 0.00540898895535286 -0.346614804652279 0.477967263308091
-0.00954055555086384 0.0137961936135177 -0.412309378819969 0.522820949005195
-0.0134066402601555 0.0211567536310206 -0.437055403343967 0.435276225939634
-0.0228274907691246 0.000848188962630244 -0.338938285307201 0.342574892409815
-0.0210264914675088 -0.0210907903562577 -0.274326096344001 0.242898924699636
-0.00174755884464463 -0.00888474534603934 0.293061108018983 -0.031133951868213
-0.00183125566187516 -0.0146804534014052 0.39471891306009 -0.245898415240016
0.0134757857842938 -0.0123220905965123 0.520893809382754 -0.143899557646894
-0.00916607647123187 -0.010925013411334 0.72027678055154 -0.267596939352179
-0.0196054400053934 -0.00324970534046346 0.582171723050309 -0.387958174310636
-0.00320002658723975 0.00898007950884794 0.321763625101858 -0.321670146976494
0.0193043017284046 -0.00370232588354786 0.136883387321994 -0.160479298988846
0.00374922253603849 -0.000490425253251373 -0.0439527979586433 -0.00492735693916525
0.00713615457521836 -0.00177050058667127 -0.156737971395785 0.14788288116294
0.00897381674225495 0.00526790621683321 -0.289144346284706 0.339922351302936
0.00102591417865357 0.0187945073967187 -0.352855301923558 0.473519898096926
-0.0251175546633771 0.024672044306942 -0.422245158259676 0.515284373473212
-0.0215183631280663 0.00865749589157846 -0.440907569369434 0.43056798364157
-0.0112136224772182 0.00546856007973949 -0.341003299183365 0.339906638109487
-0.0254757080028025 0.0124904742382406 -0.276544571003742 0.238112139312827
-0.0230027359488742 0.0187218406520291 0.299387665931869 -0.0438834796861092
0.00627754118271479 0.000920610030431648 0.386745909586393 -0.254393265989807
0.0160030293691799 -0.022872240844761 0.518610267887666 -0.16907476049641
-0.0251764552608305 -0.0109766297144431 0.699311081227108 -0.303363809387963
-0.0212334962066173 0.0104723256188229 0.561852291000167 -0.4071188001091
0.00562709099220306 0.0133480156696349 0.313898488979871 -0.331143108991449
0.0289236287347792 -0.00881871583657731 0.138261287413266 -0.164117026416966
0.0151127023889415 -0.00788452739484291 -0.0407577720170269 -0.00889252718435033
0.0177712059594108 -0.00876739151740894 -0.155352354945037 0.144175042294082
0.0184674625518964 0.00485145659566153 -0.294631878477968 0.332142233181151
0.00404200848036429 0.0313859123865017 -0.370972144740533 0.461729818308512
-0.0407311558196779 0.0342393040531462 -0.449501235946711 0.497114373283367
-0.0290703333736949 -0.00600012611665017 -0.458521872592475 0.406623634050765
0.000445355353362143 0.0116501318315749 -0.349300306202017 0.329193354159302
-0.0296359547075709 0.0426275622086116 -0.281943930553231 0.226925217797514
-0.0355183828933095 0.0392113903736744 0.306775279020374 -0.0698401741660945
0.0153251774542189 0.0104249468497025 0.370665167210476 -0.263675148960844
0.0160212956177698 -0.0327969778717143 0.518321626317083 -0.209739256173564
-0.0391022338128286 -0.00864477029493138 0.663741748624705 -0.356924557761523
-0.0228476319549964 0.0224187828146174 0.527548064101945 -0.433257133764376
0.0142170991439274 0.0149280623583591 0.304970145329762 -0.34050399775318
0.0359210332140407 -0.0138759302960486 0.145023701531705 -0.17275477416154
0.0234309070049533 -0.0151826587301331 -0.0333759397169941 -0.0143701060248056
0.0265473854416758 -0.0153976091304945 -0.152320859728244 0.135966409573186
0.0269603582738427 0.006931055243067 -0.301030813443567 0.317067784909534
0.00467609458188308 0.0426836803438098 -0.398140980005601 0.4422147017376
-0.0566980658905565 0.039221638948814 -0.492461810327725 0.465816171486109
-0.0337967836783661 -0.0205372518024608 -0.483347796128329 0.368100158414795
0.00912467491221754 0.0161090863053216 -0.358157560957017 0.315901300598743
-0.0376155940743934 0.0637630915115788 -0.289926665347728 0.211354402564759
-0.0358018834034774 0.0510690982230856 0.307072712743059 -0.103757523105774
0.0222563960301441 0.0108453964398601 0.354668549198371 -0.268871108754007
0.0105607647720038 -0.0400483925840744 0.513416273326999 -0.26074153425651
-0.0481355626885536 -0.00167473146542991 0.615102299182757 -0.416355341200704
-0.0202086619701039 0.0290128448784314 0.485382808040125 -0.457702592307867
0.0189012830128485 0.0153042034979225 0.294755852299833 -0.352679401272517
0.0394322711052325 -0.0174666591957617 0.151889523943412 -0.180876938875788
0.0284108127258043 -0.0199160518095725 -0.0229313217045082 -0.0224102405885715
0.031134612900285 -0.0179737670942388 -0.14408477469591 0.124296011013416
0.0304123350516353 0.00927823144463356 -0.307304195814597 0.301206658692831
0.00255087059707582 0.050556883407393 -0.428339164395687 0.418164155389589
-0.0691597387284237 0.0363747322905791 -0.543685949622825 0.425000822480814
-0.0322724509592837 -0.0320159860029656 -0.510316233162243 0.318307843809808
0.0156157695776661 0.0232484177521821 -0.366997224505256 0.300355762717012
-0.0486511096576596 0.0753094798451915 -0.298741979718375 0.191952210931032
-0.028432398059805 0.0495756571889804 0.302203897885565 -0.136025986830481
0.0254384102433717 0.00260047465332487 0.339977346560604 -0.274241211271094
0.00357188313716392 -0.0430334072875083 0.50165328026356 -0.313674601162047
-0.0492717789441863 0.00451727259773538 0.557599129827788 -0.469921450952101
-0.0176205387340673 0.0305657027849646 0.443547314280179 -0.477177313683322
0.0192296700479899 0.0121956132049094 0.284148425925637 -0.363683781643231
0.0389778587028192 -0.0197697513413 0.157921832596769 -0.192332303125255
0.0272584020763086 -0.0213007602132259 -0.0124984508425764 -0.0318896538346519
0.0315019376937477 -0.016744285663697 -0.13458818501695 0.112718814248117
0.030110001940429 0.0126808259113736 -0.312472471672157 0.282023477740033
-0.00310154723026559 0.0525549202158631 -0.462108174578021 0.392309885748699
-0.0739202943583411 0.0294363219038099 -0.593581514193138 0.37373253075067
-0.0247829381145391 -0.0388628052651395 -0.530293376164323 0.2649029576994
0.0147459139805749 0.0313507649434036 -0.375876867559428 0.285585586260775
-0.0586219702773928 0.0721005763351408 -0.305975288286586 0.170713398838193
-0.0171019354865992 0.036952360783291 0.293001556579896 -0.162198005769547
0.0218224400883146 -0.00687435549317572 0.3333530123882 -0.277309994205728
-0.00236124932528768 -0.0389860845952698 0.48586182507863 -0.363420386116256
-0.0430408573150621 0.00908245090663258 0.502354659875539 -0.506756296987909
-0.0149538943268914 0.025507106021331 0.408063893474896 -0.488239836244685
0.0170288131062676 0.00914586983829697 0.277357493698968 -0.371061398903974
0.034525256602226 -0.0190734884383153 0.164825419339388 -0.202910840020036
0.0228617418783577 -0.0189504178899442 -0.0019953491260092 -0.0401641614151659
0.0274424964259396 -0.0139935016314902 -0.125561096214935 0.103848163263344
0.025243282752779 0.0137975315134836 -0.316297070432191 0.268731231610761
-0.00801087393243724 0.0493708287155409 -0.490523544138406 0.369403334783252
-0.0709281813064608 0.0189882046033319 -0.636658692923177 0.327167683027947
-0.0159758686489892 -0.0366054046162104 -0.541062168268971 0.218236850407431
0.00915405991983762 0.0341346182365624 -0.384834270743515 0.278731451187512
-0.0607448760685895 0.0557180247937007 -0.313551857409806 0.149353379299152
0.0419550741038524 -0.0662798309480914 0.285919666230023 -0.0469981226475549
-0.0170524873324717 -0.0449146989632178 0.391257357266713 -0.231050191672981
0.0090551557538995 0.0085299400467147 0.536619110571789 -0.145904040032664
0.0219425320333081 -0.00987049420751619 0.715442076946742 -0.276322449704121
-0.016092222156147 -0.0282788093542665 0.578136175415307 -0.382591748390835
-0.0211139378343014 0.00159167590825504 0.325653555110881 -0.317028195888898
-0.00209358521369654 0.00620053724123438 0.144643741286146 -0.160228921045024
-0.0196406074377613 0.014470181501832 -0.0390812432613459 -0.0115057820005747
-0.0144437940132072 0.0108623114939986 -0.154337007446955 0.141549634956905
-0.0117930433683707 0.00299183784412786 -0.287880442195387 0.337642419373242
-0.0049770557308905 -0.00711160785883144 -0.357081641345923 0.475290886453283
0.00452299623399587 0.00541454997991321 -0.434444967308739 0.51676188454818
-0.00842490711257998 0.0327783774009986 -0.451030538228615 0.422471731607679
-0.0335354740520019 -0.00696896830080771 -0.342668062535442 0.339030672298194
-0.0138470332331782 -0.0521817695134482 -0.282108348625655 0.241127974280226
0.0219226582442839 -0.0369925942991984 0.289003406350659 -0.0305928909672479
-0.00961696050464056 -0.0325625911450921 0.397593435970904 -0.237444630766782
0.0103081195367974 -0.00254434671433043 0.530189773896724 -0.133274258651682
0.00742356002368685 -0.00859460022152969 0.731765661091504 -0.257122319850041
-0.0164156923639962 -0.0157589070150932 0.591621400888078 -0.37753062265142
-0.0124761307697785 0.00492239271573382 0.327738458531201 -0.317165929291345
0.00819442308879702 0.00160489434307865 0.139498188242503 -0.158352220044315
-0.00856695210755698 0.00744210941188598 -0.044264613419031 -0.00714872483929291
-0.00441557598510728 0.0054061088712845 -0.158721760016786 0.146855751773629
-0.00291510702267544 0.00376470081373804 -0.286850171655962 0.340059667119026
-0.00313486875762734 0.0058052299162358 -0.352456845393305 0.4765906681314
-0.0100543761978233 0.0139954831223727 -0.41880049172098 0.522840273215965
-0.0137649328474609 0.0215123252739687 -0.443609008935244 0.433875918073617
-0.0235353004527929 0.000729204926431342 -0.343491443154093 0.341996413749065
-0.0208911459895896 -0.0202536138122412 -0.278422678069968 0.242695979207729
-0.00201035935338266 -0.00809272948231886 0.294994543089068 -0.0283100582299962
-0.00261790848387539 -0.0145372322681046 0.400390291092022 -0.242529273795127
0.0140364341031716 -0.0125657378663141 0.526047456864212 -0.141171707529113
-0.00961636422584952 -0.0104149725341009 0.726155521549709 -0.265651845578756
-0.0191060634874594 -0.00226700710959728 0.589583951046373 -0.386425899340835
-0.00191308374764309 0.00992689550035419 0.325188191520924 -0.321004804705031
0.0200324865160216 -0.00330493581093172 0.138449984180122 -0.159840155375996
0.0040755987677367 -0.000253613816281898 -0.0450447392299532 -0.00546456156129758
0.00707580585369347 -0.00242584317130903 -0.160502974621217 0.147147222428387
0.00847055574214253 0.00494184364206024 -0.292687767653417 0.341150815004654
0.00248584934997602 0.0187413768247932 -0.358349101804365 0.47040377758209
-0.0257771282561449 0.0254605394903386 -0.428287270937374 0.515012013534417
-0.021491473811132 0.00856557240651639 -0.448089759446428 0.429784564658818
-0.0115972806314372 0.00524726983844242 -0.346634976637645 0.339458971950167
-0.0252329331422751 0.0133915826368367 -0.281473510512095 0.237560051946748
-0.0238259100754853 0.0190612980094534 0.302070809437012 -0.0401393663855764
0.00487643744205404 0.00124407352669826 0.391742756857453 -0.251975545966044
0.0169204911303705 -0.022815418344754 0.524917776882566 -0.16685565893583
-0.0253246599818667 -0.0114194870534263 0.706552392467268 -0.299496411966415
-0.0213070848193938 0.0113316344838448 0.5706011869689 -0.404841132584916
0.00646711546282696 0.0134053727071668 0.318369643517242 -0.329981205894718
0.0293060096398487 -0.00956310615310694 0.13995326768157 -0.16331230599832
0.0151272858655154 -0.00734129172266393 -0.0402638588888163 -0.00876147621778179
0.0187416250269749 -0.00943671686414565 -0.158844470039381 0.142384878053957
0.0186545097538002 0.00533218277789017 -0.297470528007648 0.331317426508636
0.00402650588852599 0.0321190672278375 -0.376420558004678 0.458474819782296
-0.0407816771636377 0.0344596558516474 -0.456840452288591 0.496448024315761
-0.0298800415386102 -0.00595855113155657 -0.464043075146238 0.405678476495638
-0.000645197795365975 0.0107375782302701 -0.353516142931003 0.329070214959509
-0.0304047575100341 0.0424592324957438 -0.287171085196967 0.225779335056008
-0.036441193080802 0.0403073009273979 0.309478399635063 -0.0673898292878037
0.0147694350002453 0.0109601970360168 0.376912300205632 -0.261070148596991
0.0163846601447269 -0.0335853754092421 0.523432497169508 -0.207605200351208
-0.0397664594349943 -0.00884440129840454 0.67276090620741 -0.353710034844573
-0.0224951402224838 0.021764754568174 0.534554562597014 -0.432218691766154
0.0139591964324582 0.015389777072117 0.309864091283563 -0.340274551883924
0.0364732882293101 -0.0137642598625647 0.145603042482389 -0.170349073893712
0.0240257109113374 -0.0154558952330842 -0.0339050290229552 -0.0150213809287925
0.0263182225597355 -0.0154165756593311 -0.153633089335683 0.134058643478977
0.0255192826709815 0.00700577036069821 -0.30300428705848 0.315766901377676
0.00561174876680107 0.0439978074837183 -0.402314353103507 0.438590796348855
-0.0571342295170836 0.038473371428641 -0.499439837503988 0.465296934877779
-0.0334809109102682 -0.0208110882980529 -0.489969993732649 0.366195060328022
0.0106594275105503 0.0158161758118965 -0.363710194948042 0.316119683778398
-0.0394318098576349 0.0641022167855412 -0.294687600214678 0.209393849895611
-0.0367004534176607 0.0520353092436991 0.310361169208366 -0.101768690920891
0.0223002904550237 0.0110634736792741 0.35903452367915 -0.267738814320488
0.011270871864744 -0.0410501459062464 0.517279695323342 -0.258103328978383
-0.0482683504816059 -0.00218692635381815 0.622146791548099 -0.414069976835037
-0.0211002466288604 0.0292260660027533 0.49304035285553 -0.455723404249907
0.0191539215164487 0.0154315733626418 0.299011224269266 -0.353187996062655
0.0401041804443985 -0.0177784518696972 0.153415974997423 -0.182182730085251
0.0285127281227122 -0.0193564601745916 -0.0238558084192797 -0.0230588854491211
0.0309438350910759 -0.0171884599967454 -0.146218233768318 0.123507014295595
0.030490965537542 0.0102234344986534 -0.310928129868617 0.299125289950969
0.00246133704291613 0.05048378391738 -0.434105704117604 0.416711139001376
-0.0695541622553293 0.036808406454649 -0.55142331263375 0.421961696007368
-0.0318783850486058 -0.033168042509582 -0.517383296428718 0.31777715840707
0.016395377416197 0.0237129699540165 -0.371676931382029 0.298286265090851
-0.0485790016524595 0.0752160575693785 -0.302401121592145 0.189412685276248
-0.0289319773941063 0.0507736336156663 0.305219202526547 -0.134637999005427
0.0259367828453357 0.00362970956540585 0.346055826791471 -0.272036621300584
0.00432491187656182 -0.0433130389703084 0.507805581319852 -0.311923443941569
-0.0503407271113996 0.00455081154957947 0.564804945650354 -0.468566178688203
-0.0184153872436166 0.0316736166751408 0.449942696551179 -0.475422880698314
0.019628770487404 0.0128135919940095 0.289153177686427 -0.362655453165514
0.0400214076027048 -0.0195577656658539 0.160138064192928 -0.192270215418186
0.0284231449468476 -0.0205685387137406 -0.0121283413226987 -0.0315586708295189
0.0315080782412381 -0.0167473559700757 -0.136136445527118 0.112194393540266
0.0304952293628332 0.0128766648999983 -0.315758086287899 0.281079293512887
-0.00274988118250801 0.0535194659439385 -0.468318419696209 0.390183324948811
-0.0745817001433529 0.0296860012707692 -0.600611250619853 0.372693100893988
-0.0239139484309167 -0.0393671886903133 -0.537392425834625 0.262650028416452
0.015526816125645 0.0314142877384458 -0.382044238873542 0.283438904833008
-0.0592423263873686 0.0721915397543061 -0.310457462286559 0.168291308071194
-0.0176752981624548 0.0374137892245994 0.296831517768871 -0.160022390884609
0.0221133490734109 -0.00654981250143762 0.338975499478722 -0.274979147450003
-0.00229600718608673 -0.0392032999667168 0.491453099577166 -0.361304895689017
-0.0436343001513884 0.008340310617334 0.510396849158392 -0.508345509122828
-0.0158928648978033 0.0268013178049979 0.412690424191929 -0.487595537636614
0.0164688333934207 0.00900315026661691 0.280310577191465 -0.371792758995019
0.0347640747157735 -0.0188802162957325 0.166559707473952 -0.201728939256628
0.0235450262390816 -0.0194624376640742 -0.00117305194998611 -0.0406857968253525
0.027384777474777 -0.0133423628393699 -0.127377817987157 0.102683342489178
0.0257949733345195 0.0141262648358177 -0.320055011318143 0.265901723366598
-0.00934684466012335 0.0486268137420465 -0.495619655634569 0.368192292534988
-0.0700789884999469 0.019066871386668 -0.641944306813103 0.321120492135118
-0.0147694890133182 -0.0368198684389737 -0.548456745567715 0.212840459660199
0.0102396127736941 0.0341427219523706 -0.389061869132197 0.27649562668154
-0.0626415570298284 0.0563620866124585 -0.317963234003784 0.147372492588528
0.0415556960895616 -0.0651475624191108 0.288936882735483 -0.0428834695646959
-0.0168397251146661 -0.045057008501402 0.395228622890128 -0.2307776132254
0.00958624551400018 0.00748045911051369 0.541992068754028 -0.143996574730291
0.0225268942590613 -0.00989904757282067 0.723820552784385 -0.273332889855246
-0.0159351036345791 -0.0273893345488354 0.586850800418501 -0.382326581496338
-0.0200778273304997 0.00130645491275792 0.328980470439196 -0.318053921513517
-0.00160645119033712 0.00606319651140468 0.146274361248474 -0.160971067527444
-0.0203325752568821 0.0145972319322719 -0.0388424457466403 -0.010715646127911
-0.0148871465740424 0.0109735958653212 -0.157214661025278 0.14196825033144
-0.0129813982743715 0.0036461910961389 -0.292147234021972 0.338137200049729
-0.00550018839331644 -0.00652080028364013 -0.36301115545903 0.477352479603842
0.00483952532184543 0.00552539258947152 -0.440514878030937 0.517038713554011
-0.0087842668576079 0.0321605754974501 -0.457429305709116 0.425067630609512
-0.0335967532368353 -0.00723967413494601 -0.350043329466605 0.339772717470656
-0.0132546207031894 -0.0535767092834439 -0.286655283079642 0.241637860113915
0.022692275332589 -0.0367669624765165 0.290873836152114 -0.0269164851503367
-0.00929607754295421 -0.0331251393661857 0.404710428763797 -0.23504660763417
0.010146515226111 -0.00268612727388947 0.53514247740284 -0.132425985246565
0.00755866190599465 -0.00937400866352967 0.7381059945784 -0.252380991059592
-0.0163198256962196 -0.016525636226547 0.600839549930392 -0.376819525021879
-0.0118052578492308 0.00542731577084737 0.330420262400982 -0.318110179228979
0.00793535143527637 0.0010123641668496 0.141613594238803 -0.158307846201604
-0.00845350979185028 0.0074237178616165 -0.0449959434116125 -0.00738117554915342
-0.00426697543617964 0.00497258707054925 -0.160960670758354 0.146674364243097
-0.0031421418454315 0.00502261497583813 -0.29208381670646 0.341649203843204
-0.00227034683742746 0.00613133731358165 -0.357341211587213 0.478096593477321
-0.00964114957268146 0.0133724895465058 -0.426521314260882 0.52303530221529
-0.0126916925597302 0.0208988304490125 -0.449794257101569 0.435171964977023
-0.0233273627024802 0.000270469509512037 -0.349437974916497 0.341677525089751
-0.0204101424647149 -0.0197884479295587 -0.283395977683911 0.241549491468255
-0.00211037122451268 -0.00855734857540146 0.29689665359208 -0.0254307066354566
-0.00267185489013626 -0.014551691401194 0.406470979924049 -0.242183202567551
0.0148046580609109 -0.0127963376761305 0.531964144071919 -0.140473775203324
-0.00945768434309445 -0.0112040329599086 0.735787553951755 -0.262638017656978
-0.0189523717507366 -0.00232960440464942 0.597536709815629 -0.386528854040604
-0.00279536718174284 0.0100986416413476 0.329147286502839 -0.321787770213683
0.0189986217691681 -0.00442378914876428 0.14099668628439 -0.159272722249632
0.00366941361003814 0.00010628323315796 -0.0457298512990882 -0.00617143701232265
0.00772942975145946 -0.00230815749428675 -0.162595992747206 0.146898407250315
0.00839632722237282 0.00541638029739849 -0.296169732877249 0.339328868546992
0.000907602459639594 0.0193724087990268 -0.363071830428455 0.471667781664538
-0.026163294244824 0.0247675447264349 -0.434852727450927 0.516519938325609
-0.0217117512648487 0.00780152394619186 -0.454813872723737 0.429917003277367
-0.0114894874622119 0.00586369641689672 -0.352361506179437 0.338398098174609
-0.0254878737302427 0.0132879475166301 -0.286436629451264 0.237533007016501
-0.0247380798693542 0.0188314691268001 0.305374826697766 -0.0378758705588949
0.00540411183044858 0.00128349271999042 0.39881071423255 -0.250701029846374
0.0172203482045449 -0.0230742460343281 0.531331108696406 -0.166105846970947
-0.0252471497144393 -0.0123245223179852 0.716771587008261 -0.296568211961126
-0.0217425644259124 0.0105285432334208 0.576083008699636 -0.404971725693504
0.00749740365223267 0.0135762545997485 0.322639695792007 -0.329837192537034
0.0287459292842055 -0.00871385723751759 0.141380005710674 -0.16376589741917
0.0158488860591734 -0.0082338657539446 -0.0411131583962513 -0.00856631728084606
0.0189514710712271 -0.00914267590944752 -0.161314628339814 0.14152648709396
0.0195901513493486 0.00609497607256637 -0.301679312677506 0.331199731309743
0.00423904051551781 0.0322110856083627 -0.381166546800767 0.460639222586485
-0.0412969278157741 0.0354362811349197 -0.463040335064439 0.494901185820747
-0.0298254607220377 -0.00779683434199029 -0.473698499090287 0.406465060953018
0.000691278646894573 0.0103448883475011 -0.360363505325671 0.328905156760726
-0.0308292371988787 0.0426776041131686 -0.290122289076205 0.225378103080284
-0.0373059094185162 0.040502731800719 0.31195476994751 -0.065090782010329
0.0145306832396259 0.0105859104303204 0.382175588221436 -0.260325873712853
0.0175755678599212 -0.0342110412783699 0.529317711529985 -0.207169357940179
-0.0398870271179275 -0.00975897520415989 0.6807477902457 -0.35328459715677
-0.0221162169268052 0.0226237933848649 0.541322171647984 -0.431317961834962
0.0147790911560401 0.0157976053956317 0.313085778396329 -0.340802131172249
0.0369788670986943 -0.0138703935159883 0.148093541100429 -0.171265326410365
0.0240808566925265 -0.0142254649042053 -0.0340250837943019 -0.0149365615220882
0.0274174407408494 -0.0157815145468367 -0.155555308663244 0.134509899492341
0.0267541862998131 0.00767707231429818 -0.308001591782426 0.316408183419499
0.0050525151085799 0.0439435368865437 -0.407725946046266 0.441072748043902
-0.0573707475893924 0.0392906397245032 -0.506660816907835 0.465248737686722
-0.0336616651290727 -0.0220273131015823 -0.498147949322383 0.366171933821742
0.0102617119757231 0.017084839972299 -0.368807043072303 0.314627560184246
-0.0395895738056182 0.0652523177489509 -0.29896534631849 0.20861861686208
-0.0382957994723139 0.0522229034335262 0.313608748500482 -0.0980065313119898
0.0220371693592324 0.0104112923159145 0.366065564463558 -0.266307979785034
0.0115484487452077 -0.0417057119012214 0.52547858643051 -0.257514064356317
-0.0488410527613974 -0.00266338647633902 0.631779865688115 -0.414940355403229
-0.0207494239335515 0.0298663418980065 0.498827619831517 -0.45624943426819
0.0200548904385188 0.0147947822885272 0.30311017510236 -0.35251954667197
0.0408580915875333 -0.0175573283107954 0.154826661134619 -0.18170304736631
0.0293905196155348 -0.0183119124278973 -0.0242222761688165 -0.0231824930174164
0.0319543782304575 -0.0173372430136929 -0.148238713591189 0.122568918572542
0.0311987943710786 0.00993187625532652 -0.316211348014555 0.298122258311653
0.00197446214349645 0.0511642865233368 -0.441125524357567 0.417277965640454
-0.0698058177940921 0.036812996053911 -0.557705605680457 0.421001675951114
-0.0310470288470789 -0.0336865873879324 -0.525144224900623 0.315956577471049
0.0151874270413581 0.0239289954985028 -0.377567729217687 0.297086803422315
-0.0507783962371414 0.0767266421717958 -0.306421317057871 0.189712618751665
-0.0299620648155534 0.0500587446316344 0.308731623675231 -0.132267951784742
0.0252076849973558 0.00409472904709743 0.350320775222532 -0.271477105918964
0.00473067150324561 -0.0444653325118584 0.514356730816206 -0.310495582921284
-0.0500363906366903 0.00377560227649163 0.571963188856756 -0.469088423311489
-0.018024860934801 0.032194904771154 0.457021704941568 -0.477651490241806
0.0205257910227929 0.01369733818203 0.293098575432851 -0.361917977968834
0.0402533822266785 -0.0198290422293225 0.163045274641774 -0.191823326733146
0.0287809151480046 -0.0206779256285772 -0.012837597551677 -0.0321537896182901
0.031433385364946 -0.0169697765391048 -0.139385330000276 0.111653680218238
0.031141288902731 0.0134669068422747 -0.319791644070351 0.28001216235641
-0.004356309070935 0.0541559888558814 -0.473062606083724 0.390433705784107
-0.0750576601101747 0.0289763119709224 -0.609523203525815 0.369856740311057
-0.0242500179116735 -0.0394727940618947 -0.544577561914386 0.260102765299188
0.0147848020447912 0.0324774818643085 -0.386828163298774 0.283816472259935
-0.0597429599806565 0.0731865383729657 -0.314964091122177 0.168327793654229
-0.0177969787714332 0.0374661546856348 0.299563330107912 -0.159082387676485
0.0221177599539067 -0.00574673744089765 0.344037630126181 -0.274781029707316
-0.00129042525517592 -0.0413401579054629 0.497623281877915 -0.360294783808711
-0.0442684828422151 0.00810406650833991 0.517898917638785 -0.508836812818798
-0.0156563864394937 0.0266950388513613 0.420846822672535 -0.4908368823748
0.0174521981313185 0.00988716122372828 0.286334214286802 -0.373916796972833
0.035556544921882 -0.0197090914955894 0.168885294237188 -0.203213968632499
0.0233698349406925 -0.0194523302126995 -0.00141218772063315 -0.0417563248301982
0.0277630979298111 -0.0136478949073476 -0.12732547092421 0.101029779489931
0.0264377214685418 0.014992232958935 -0.323518597627429 0.265732631340234
-0.00901053561095862 0.0499497980288981 -0.500558555801247 0.366075612363918
-0.0722825071234944 0.0181710645617806 -0.650250792651839 0.320325731746174
-0.0155409715400462 -0.0373385431552769 -0.554602431564812 0.211401989563707
0.00896995348761916 0.0354803096037427 -0.396370513289951 0.275357801022033
-0.0628068147253828 0.0568599913843103 -0.320541687297674 0.146418643589409
0.042345732924369 -0.0651797287764998 0.292466861136757 -0.0418111254908548
-0.017272525690108 -0.0468086161255617 0.402298969275128 -0.230438101149096
0.00969740955608647 0.00764199140726125 0.547981963230813 -0.141870746013899
0.0227436422283887 -0.0103718975579185 0.733519879725402 -0.272777910743877
-0.0158701538352162 -0.0281619830167839 0.594424864682621 -0.38273864832041
-0.0206050976053146 0.00178068795706782 0.334611729943516 -0.317796476188784
-0.00169796967810338 0.00542999217009497 0.148331295332961 -0.16140740305567
-0.0206554203183917 0.0150302275367562 -0.040702659567792 -0.0102857769941181
-0.015227917139547 0.0107670355959445 -0.160332609187395 0.140934247739142
-0.0127459715317203 0.00298178668162194 -0.296494768434774 0.338954265072514
-0.00521760463840443 -0.00617011871678293 -0.367127807922694 0.478915050312702
0.00398082355305875 0.00573618345682709 -0.448176204423098 0.519486682732156
-0.00798073906054425 0.0329480234982108 -0.466282689942309 0.42637239484397
-0.034699958999491 -0.0075743090407538 -0.354078885154423 0.339126300616558
-0.0127440098794042 -0.0529853724656988 -0.291585532317755 0.241115389897949
0.0226797594481065 -0.0358187205929653 0.294502643642755 -0.0250839327424609
-0.010229099719008 -0.0335967307063247 0.412729034359517 -0.23538234155851
0.0110542040383502 -0.00299100243740299 0.542029189762707 -0.130121248106264
0.00777930755706774 -0.00945737779928948 0.747764681446305 -0.252577225323886
-0.0163992918294882 -0.0158395695021224 0.60887083153152 -0.37959817027253
-0.0110701788418042 0.00531415964018894 0.337439762805606 -0.318188362524712
0.0078521703240215 0.00111519289142336 0.142311895146003 -0.15934475539867
-0.00857882465545517 0.00833577847925229 -0.0453575164300555 -0.00687572728299991
-0.00469921506835099 0.0049534896179059 -0.163992414347899 0.146013972317021
-0.00265857668239941 0.00463524162814267 -0.295667878046075 0.340362841518131
-0.00338479496703029 0.00541444144758946 -0.361776458852903 0.480468107995411
-0.0100191910748184 0.0147021970926436 -0.434919884789987 0.525385265820987
-0.0141603873479461 0.0210130513909199 -0.457910596037768 0.4380886262736
-0.0237468513102975 0.00022498129791801 -0.353527319774441 0.343111621397384
-0.0198144305390196 -0.0193440879778344 -0.287719534675731 0.242101840256711
-0.00236561562310478 -0.00799690746403448 0.30034708880558 -0.0226792582275711
-0.00298645325561067 -0.0155813826733871 0.414099139771256 -0.241620598854292
0.0139310005627995 -0.0135249749540614 0.538916854031758 -0.138565484402576
-0.00855937609844818 -0.0114082108795552 0.744318618275219 -0.261732604597968
-0.0194577472374706 -0.00228680536954585 0.605467790755117 -0.388289075738709
-0.00199164824878855 0.0092717563948104 0.334347718278989 -0.322465873795517
0.0188560572987499 -0.00401357793126184 0.141314591570067 -0.160127288497908
0.00311428344907261 0.000506611277492587 -0.0456254429895868 -0.00638732352760255
0.00777923264297716 -0.00174600770245752 -0.165233186719661 0.146619746049893
0.00817454900740475 0.00474624584590292 -0.302114680726702 0.340382550004701
0.00133049182102705 0.0201439402314928 -0.368094925851469 0.474372233810534
-0.0258674594101323 0.0251885881455232 -0.442759702454318 0.519307949568878
-0.0216312073975045 0.00759858853495854 -0.463660047873662 0.432617919895603
-0.0116963362493789 0.00574279310770548 -0.358940709146891 0.341174488750037
-0.0253583553530649 0.0145036515406661 -0.291518780904243 0.237744611542596
-0.0251619158174531 0.0185223473182962 0.308683486021402 -0.0352401421943622
0.0050565264154297 0.00120545369442846 0.404866115913429 -0.252499589454487
0.0184482385301231 -0.0237752553366513 0.537768063541651 -0.164640844391022
-0.0256666717040504 -0.0120369007219327 0.725799921423084 -0.296343898537356
-0.0211680435925586 0.0103630291363765 0.583154340221226 -0.406968997806573
0.00775866786000724 0.0142930472654781 0.326347406285953 -0.330398475163711
0.0289464005134287 -0.00881180215952005 0.144401903040024 -0.164336523049001
0.0149718465055045 -0.00745248350355683 -0.0414173573350078 -0.00881615888725784
0.0182723352342091 -0.0100666599544058 -0.163444486998359 0.143541707393713
0.019122445617976 0.00657795942015568 -0.306154042191898 0.33260764109057
0.00459834624475463 0.0335158285832361 -0.387843454182883 0.462144393834852
-0.0419747676393365 0.0348762620512892 -0.470342842988684 0.499476398242855
-0.0289588708574197 -0.00709952221443465 -0.481224512198796 0.407700780396551
-4.75623577339337E-05 0.0102009706671051 -0.367699779692244 0.329234204489785
-0.0319858190672502 0.0440065111164133 -0.29585347429518 0.226364179774291
-0.0379476423234111 0.0409004627518834 0.315358447058237 -0.0636258349900847
0.0139708906812797 0.0109018711822686 0.387709480845588 -0.259198447292426
0.0178299993466831 -0.0347000280387334 0.537240520458936 -0.206668152545959
-0.0395986267917377 -0.00959361485015659 0.69082002623891 -0.353871897085578
-0.0229603186302396 0.0228178047404273 0.55020075685165 -0.433498014618947
0.0159398576695223 0.0161541729214909 0.318037760396086 -0.342898858656006
0.0368275798276898 -0.0141164568863727 0.150607393153187 -0.171932743082211
0.0240470839631772 -0.0146770791816494 -0.0345986642777784 -0.0148790895820473
0.0266837508594669 -0.0154435359433612 -0.158754051970068 0.133934074195739
0.0277402537803179 0.00697442279373489 -0.312087811794128 0.316810485535816
0.00492404718696645 0.0439475097911688 -0.414580871144191 0.443781162870595
-0.0582383690150168 0.0403425605029556 -0.514577876479652 0.465975014835763
-0.0346189683501169 -0.0223190631105357 -0.506334105284153 0.36839264731775
0.00975528146357979 0.0168303463925609 -0.376307647778676 0.315693958672471
-0.0398266452702116 0.0665959403441245 -0.304007192945491 0.208962981147328
-0.0389274229005594 0.051900082048765 0.317629358583197 -0.0976067409997831
0.0218785058106245 0.0106721076362497 0.370942253226268 -0.26826306444815
0.0124663934596104 -0.0430457405803943 0.53184416073459 -0.259233734807885
-0.0495093637449128 -0.00325231089558991 0.641651453300371 -0.415954353163062
-0.0210515863323474 0.0303645155139898 0.506061811629021 -0.459800798784433
0.0198041836046123 0.0156561400384903 0.308056964106344 -0.355019525703263
0.0412780665321882 -0.0181399282717451 0.157645236449035 -0.182680155821086
0.0295009071340124 -0.019020277129548 -0.0245468379881824 -0.0231702645640313
0.031290540480225 -0.0176822339063609 -0.150559733194728 0.123300093481708
0.0316372478919271 0.0102919746758867 -0.319764062468981 0.298582657327813
0.00174435915619847 0.0527795903419909 -0.445259448484531 0.418840351543196
-0.0701187075327166 0.0378628306462432 -0.566951388500371 0.422260948590287
-0.0316966131797993 -0.0350366289562748 -0.532346384334943 0.317355101459665
0.0151265031561246 0.0238112546767897 -0.385583976795536 0.299711781719576
-0.0513026767642306 0.0772694391110847 -0.311418413656166 0.189732708099081
-0.0316455654217719 0.0513175229458788 0.313468542026265 -0.130429776107183
0.0251140221962888 0.00426987692984082 0.357310333538754 -0.271153258603386
0.00582105600446458 -0.0447540031418922 0.521749542449 -0.314181566596713
-0.0506530548375276 0.00357124771831686 0.582891016233556 -0.47126648427565
-0.0169786301055893 0.0323683093823719 0.462289219898249 -0.481400811380963
0.0213501834044477 0.0131924235480522 0.298538980698354 -0.365596710092848
0.0407158145290287 -0.0208428169851923 0.165042939245846 -0.19368301529612
0.0294773824912158 -0.0202447138205284 -0.013003811484567 -0.0325842283306024
0.0325286492867851 -0.017150566277384 -0.140474501489866 0.11065494648255
0.0312307758959753 0.0139934972730289 -0.32333103448583 0.281756683384573
-0.00358879671673151 0.0539897851585981 -0.479326590360296 0.392099694876295
-0.0755816258095269 0.0282242699588832 -0.617802997731137 0.370115848803158
-0.0249376603835216 -0.0406408748052255 -0.553132076413472 0.259616499886987
0.0150431776697228 0.0318034000428346 -0.393199393164483 0.283876798379226
-0.0602151094750651 0.0745803796585442 -0.319696798503739 0.166467147687088
-0.0191326500606045 0.0385061519327608 0.305182853236575 -0.158942113309973
0.0222673109237218 -0.00653251272051878 0.349330309324463 -0.274742511292785
-0.000867656238038901 -0.0415463760783086 0.506358783099626 -0.36345312676202
-0.0451456040161297 0.00761074570188726 0.527732392386127 -0.511634783758139
-0.0153547148658674 0.0284105476076169 0.428328840812214 -0.493345827175536
0.0179709000833987 0.00967796651444694 0.291172001565837 -0.37664572936045
0.0362854304792702 -0.0198156844162145 0.170859552345489 -0.20395187098721
0.0239048878946344 -0.0186319089871733 -0.00148391253861083 -0.0415915920637171
0.0283028457126428 -0.0151609834151765 -0.13072389408716 0.101234760309892
0.0260111779733197 0.0148171211728015 -0.327583363591085 0.265741822267743
-0.00911841437640171 0.0503357901512755 -0.507424127263247 0.365023371081361
-0.0721829342986412 0.019268310682505 -0.66027267967861 0.320125201885962
-0.0144005202316317 -0.038368136344332 -0.563126820609652 0.210987952093264
0.00878179400463035 0.035847287902922 -0.402733231458299 0.276124608464595
-0.0635805611165494 0.057331241872979 -0.324781403779729 0.145693860114645
0.0432425240915053 -0.0659036432878469 0.295776159062557 -0.0405180884941162
-0.0172920840596753 -0.0475818607823101 0.409722180043557 -0.231658554426746
0.00962528808881041 0.0064985753791666 0.557896230026102 -0.143156277404294
0.0230972076361083 -0.0103462613820702 0.744552491121333 -0.274083847479747
-0.0154404822933987 -0.0275815795810866 0.602824516224923 -0.386813848598628
-0.020464998543441 0.00184229830628229 0.338852529108208 -0.321085633245286
-0.00168857005214814 0.0054699374111664 0.149661228118983 -0.163572115139876
-0.0214313193448728 0.0155419819464115 -0.0399925244807162 -0.0110142279278526
-0.016234855141888 0.0109845076933696 -0.162361432438546 0.142000258005979
-0.0123864143849339 0.00385021072283467 -0.300625726542072 0.340677466359269
-0.00527585686791198 -0.00652541744256439 -0.372619312129506 0.48385084488771
0.00402237174131896 0.00662730909173628 -0.455815749888659 0.523830433996224
-0.0087753956868466 0.0324273212283315 -0.474765166237189 0.429269746884847
-0.0346580138549284 -0.00781194664360712 -0.361793443740099 0.343319086357765
-0.0124768462771919 -0.0535196192317718 -0.296825256986132 0.242858503781554
0.0229053823497052 -0.037011745138302 0.298832574143643 -0.022607817050591
-0.00976300706610863 -0.0341030179072164 0.419073274319209 -0.235345170960258
0.0114257565292291 -0.00323554162535402 0.550092584482526 -0.130306347503662
0.00760618243840444 -0.0103814182400699 0.759280204564856 -0.254382142960208
-0.0168373458211885 -0.0157208901294353 0.615817066986448 -0.381610587953059
-0.0115065656744712 0.0054399635994439 0.340649542379654 -0.321023172182665
0.00897365044462691 0.000963583648968314 0.144740019038115 -0.159967090538174
-0.00927454238690675 0.00876072900742907 -0.0459323612614361 -0.00745277700527379
-0.00409639906501035 0.00438611907337639 -0.166846341519938 0.146680065147963
-0.00265916806783542 0.00485946361298202 -0.301474551793627 0.345064525134389
-0.00272869824700508 0.00640813252983887 -0.368048576489001 0.485867239164235
-0.00960063820092208 0.0147504839727342 -0.442960587226172 0.530737885852698
-0.0140151905479953 0.0215072672566076 -0.466512064792382 0.442042641490773
-0.0245436187191999 0.000162549025170332 -0.36233604604052 0.345858048818245
-0.018897694805949 -0.0187192482736038 -0.293059957730174 0.242643058559226
-0.00293758627638548 -0.00769789454600737 0.304599906044981 -0.0209023912818008
-0.00309512835981852 -0.0159398547729815 0.419491361872425 -0.243274282258173
0.0152558739665848 -0.0135288804724805 0.546021165650358 -0.138008242260556
-0.00941897431843529 -0.012085989222476 0.755838749983298 -0.26240481032523
-0.0188286086512331 -0.00231246717061675 0.613184543132474 -0.389645868392984
-0.00151881380928207 0.00950425048237966 0.339511017750985 -0.32642896344026
0.0198563493804155 -0.00413758520601034 0.144118305290516 -0.161676507337296
0.00409896488483848 0.00145987449140943 -0.0464487907597735 -0.00585083848847714
0.00708839258760945 -0.00327255492565903 -0.168197251514884 0.146753011816422
0.00919186842569955 0.00559481871485854 -0.305268644448499 0.342950869714187
0.000722746578990525 0.0202020052477252 -0.373500407005569 0.478659705220231
-0.0262501275399791 0.0266762553989012 -0.451030086261767 0.523058114492561
-0.0225155231570246 0.00729035584539152 -0.470884686012077 0.435179370356491
-0.0123744303845401 0.00605308918065477 -0.365172409627225 0.340872463903415
-0.0255300932984659 0.0142229009948486 -0.29594085803544 0.23860103671578
-0.0250554020928387 0.0193902101826552 0.312140037520763 -0.0344131403932454
0.00449806370401816 0.00100978088409442 0.411704144002543 -0.251399999590284
0.0184668881978315 -0.0249238152445724 0.545815379340104 -0.163636597340726
-0.0257130279923391 -0.0125296601966975 0.737664742856727 -0.299294329460325
-0.0221862832288499 0.0120567964205456 0.593337769330177 -0.411123987724554
0.00874126608304091 0.014713947906632 0.332097553154243 -0.333954601091981
0.029339106749259 -0.0102988790349125 0.146024211826416 -0.165595123087459
0.0158183191223154 -0.00682979658693978 -0.0422511776742268 -0.00966764851170804
0.0181716560577841 -0.0100122993769182 -0.166802542933085 0.143463633308103
0.0196900639306378 0.00572424893382668 -0.311914281541127 0.334529743134495
0.00502221774680995 0.0335601983148537 -0.392714947059068 0.465992973814702
-0.0428014329854001 0.0355755951169128 -0.479935288034413 0.503534307606902
-0.0300737900919837 -0.00828711428280666 -0.488365560384304 0.412276007466251
-0.000392425751513884 0.00994249299183049 -0.373931427766677 0.333167262946474
-0.0321933863229238 0.0441420694512433 -0.300802277111781 0.227463193977376
-0.0389726396613382 0.0407352598841059 0.319856981028119 -0.0623534222811298
0.0138115225327968 0.0103201310133064 0.394842005766775 -0.261625533686032
0.0177498506824325 -0.0352480426331408 0.543710203599505 -0.207362299640739
-0.0401744938803829 -0.00987962107857886 0.700897844269726 -0.354176620802155
-0.0225219686230838 0.0230047577535263 0.558151136463599 -0.438780224821186
0.0160241775706557 0.0166873748574218 0.322475628848785 -0.345214705832136
0.0375319343036844 -0.014613999713883 0.151620036345763 -0.173806960513956
0.0244296893190315 -0.0135856284630676 -0.0349747321453944 -0.0151812922130731
0.0268975059709946 -0.0163314390280776 -0.161667083504286 0.134109052586897
0.0279036148368787 0.00736431514066666 -0.316365312176082 0.320706906905826
0.00524015377110357 0.0452291349507978 -0.420510603605642 0.445089593063375
-0.0595024225162282 0.0405805376477802 -0.525000566268946 0.470101893681674
-0.0349481878600017 -0.0234279903792238 -0.513752290990523 0.370494674027286
0.00975285932987503 0.0170265759557693 -0.38091705966916 0.318750892253281
-0.04067918818992 0.0672717165431419 -0.309181163248892 0.210627949875228
-0.0396806548378051 0.0524601316828496 0.321901505741145 -0.0969205343428437
0.0223025846470508 0.0101772671982164 0.377664875017405 -0.269092274779524
0.0128202306582995 -0.0435978247160651 0.541695265052711 -0.26075240227215
-0.0504794395516617 -0.00369300805560187 0.650865680711683 -0.419357658857392
-0.0212086701161521 0.0305340114223153 0.514229742044678 -0.464878375047745
0.0213345974046976 0.0166675517873664 0.311534211979929 -0.35864234105738
0.0419047805042645 -0.01901662936756 0.159376487619762 -0.183697671842656
0.0293664113938172 -0.0187228951013966 -0.0249354564560685 -0.0230317693044428
0.0330026195172937 -0.0185983401998124 -0.153698722197402 0.12383320226524
0.0325998778362236 0.0107465853394608 -0.324453863912929 0.301670337399187
0.00150291796212275 0.0529302873320035 -0.452304800470832 0.420570735827283
-0.071392120870964 0.0374804064481085 -0.576850707757543 0.427054936699735
-0.0313685907110098 -0.03635559109541 -0.540668019595046 0.318162499754696
0.0152017007302455 0.0243262447545437 -0.390930286274579 0.299986277488043
-0.052065716392804 0.0784449786939829 -0.316756669407902 0.189912663203396
-0.0319962611923957 0.0525952636180322 0.318730261464628 -0.132070975718447
0.025209804762573 0.00299477321067184 0.363865863320774 -0.273243798540776
0.0047970343689663 -0.0459579045739168 0.529320683587779 -0.315348561026917
-0.0517796053057372 0.00364024364763922 0.590836572619287 -0.476397677723236
-0.0173518317238672 0.0327463310499106 0.469220290499449 -0.484423879859772
0.0218216163689631 0.0136938253163652 0.302119024800829 -0.368146128960117
0.0415605001153422 -0.0212002030372119 0.167260403324144 -0.195718837461372
0.0297931439686108 -0.0201720709122447 -0.0128526957383906 -0.033403294330404
0.0335140914754644 -0.0182347549040865 -0.14351424290794 0.110840901636423
0.0316134934600914 0.0138083862623651 -0.329465561595922 0.28381114639252
-0.00429822909396578 0.0553819121197033 -0.485860278198583 0.393256476233234
-0.07658166149385 0.030301089762534 -0.627964712297566 0.371854968251306
-0.0249742550326116 -0.0408374675501114 -0.56051130930701 0.262532505410915
0.016027518420271 0.0329209600285459 -0.401376341313398 0.285569567594111
-0.0612794455099316 0.0747057946513766 -0.325689365407942 0.167137780982889
-0.0188421933944121 0.0386082780417348 0.309888647971456 -0.158543945863032
0.0225420219917119 -0.00624001609572107 0.356777463081765 -0.276508101403998
-0.000666729227747288 -0.0424027517182073 0.512670195136388 -0.364883010636589
-0.0455186223534771 0.00794096633498763 0.534964716395606 -0.518303535806123
-0.0157444489494731 0.0285311844011654 0.434222433559608 -0.497977361237629
0.0179913498864435 0.0107187617152838 0.293473702342406 -0.379286632982452
0.036073617487078 -0.0195239424617002 0.173519676590932 -0.204540311010578
0.0241317791594456 -0.0181853274532443 -0.00100896233487074 -0.0412179121999792
0.0283348184854608 -0.014304834683644 -0.132572632800085 0.101489779814093
0.02663638844909 0.0152842131477231 -0.333107833547345 0.267268453020009
-0.0100648717164669 0.0511395164754378 -0.514714403201516 0.368144592578927
-0.0731744378340983 0.0189794871226398 -0.669447082757127 0.321746013071946
-0.0143642889738404 -0.0393785341043766 -0.570018100051974 0.211617567362386
0.00897770753558273 0.0355153783540648 -0.410680973866297 0.27781294037668
-0.0652047371764197 0.0584511163096388 -0.330977573220072 0.145994932417243
0.0437740975526507 -0.0664637054018667 0.299233547546343 -0.0404344283128989
-0.0180903937952244 -0.0483749421813633 0.41722229715872 -0.233018672915622
0.00962517669910999 0.00709547915690857 0.566154644022258 -0.144472202905324
0.0231987653157468 -0.0104128879612164 0.756860812758786 -0.276195427155724
-0.0155418808404055 -0.0282625334765615 0.611762575470759 -0.391734352539988
-0.0200834583588135 0.00221876896942098 0.344882680011676 -0.324837678653672
-0.00232636169864716 0.00488057411190718 0.152523259411339 -0.163860794346679
-0.0214751795481852 0.0159519887366405 -0.0406404165513123 -0.0115617966660424
-0.0162084224565019 0.0109863383531133 -0.165817584408293 0.143028921209378
-0.0127708868384863 0.00281464767554956 -0.304946844853958 0.345055169826199
-0.00521987621182554 -0.00633368627979359 -0.377326730299524 0.488422151694845
0.00554246459874444 0.00667134339727614 -0.463915784739386 0.531316973079978
-0.00899875141221844 0.0332989687604195 -0.482501344769108 0.435894220116388
-0.0354819782943229 -0.00785446482171921 -0.367552473847392 0.347853089239234
-0.011361797620133 -0.0535752931228027 -0.301493406022537 0.244879208148998
0.0231150201307798 -0.0376642694504173 0.301946795801422 -0.0211859078694399
-0.00986581262869348 -0.0347702371557049 0.425911020699731 -0.23692133381307
0.0114920923948295 -0.00362524980981491 0.557314338566624 -0.132396730839273
0.00811986985758612 -0.0101911667533653 0.77110855203898 -0.255847734175392
-0.01632685770674 -0.0158857100003479 0.625526387963729 -0.386899777271645
-0.0112886228004795 0.00508540906452336 0.346022759413937 -0.323041392806793
0.00820856436573138 0.00012917961901877 0.146753212729465 -0.16238339827687
-0.00919403987210813 0.00996101712546992 -0.0467080881148302 -0.0073711929664059
-0.00515924041261331 0.00520818853819032 -0.169791949926124 0.147854419296856
-0.00215074208396722 0.00433988217554482 -0.306124571039173 0.349767417869042
-0.00253389060086562 0.00663237755868966 -0.372874968272588 0.488509249636806
-0.00970707341022118 0.0153009909622871 -0.44836404947688 0.536561570309645
-0.0144978551409657 0.0210961411159885 -0.475010699970167 0.446940123231266
-0.024468282117389 -4.78346716638495E-05 -0.367869502553281 0.348922418145262
-0.0194101472822471 -0.0187943019603943 -0.29803113444158 0.246426509011536
-0.00277516777265029 -0.00763492551157509 0.309142945207049 -0.0194452622469498
-0.00379399593734285 -0.0156121333458166 0.428837452469993 -0.24469166199852
0.0145382887824571 -0.0144921243825322 0.553060135773736 -0.139115848543662
-0.0094159498015645 -0.0118440712454922 0.767047769198259 -0.265050202969868
-0.0195059620369725 -0.00208222025777052 0.622319977521008 -0.394498985944756
-0.00127299388768654 0.0102275655578082 0.343879708793291 -0.329262154260369
0.0203076766451495 -0.00473239532952938 0.145933886540897 -0.163664806036708
0.00382744181540704 0.000869749491799188 -0.0477943605511992 -0.00573589690279009
0.00728429348956995 -0.00353945322560107 -0.170940448664628 0.147737348112442
0.00882590286323469 0.00478637988116007 -0.310185903547721 0.34785964409533
0.00199072188545258 0.0203495145242586 -0.379692107229036 0.482919381230045
-0.0263120057518695 0.0260604544013381 -0.458187625158955 0.528174451398432
-0.022791249135011 0.00763949074099154 -0.478587098739361 0.440694136446048
-0.0121698731487663 0.00616508925687641 -0.37111306724962 0.345724321756465
-0.0250796764818729 0.0157154090023439 -0.300617942761634 0.241280104378327
-0.0263355833071088 0.0194877899857063 0.316774117840495 -0.0338652258307591
0.0045376454400536 0.00113315806742617 0.418481264891469 -0.253809961328062
0.0186433366347398 -0.0247637032864295 0.553424379028602 -0.16699181982185
-0.0259713274469837 -0.0128263749723373 0.748085062306189 -0.301966407853737
-0.0218995476353749 0.0116872980359411 0.601163707377854 -0.415896623830062
0.0084643037490383 0.014899966442915 0.336463374539561 -0.337944778874241
0.030238160099762 -0.00948261256134248 0.147531984380996 -0.167158999825073
0.0151074834076144 -0.00617613006865807 -0.0438519785719284 -0.00860805595726439
0.0186551113372401 -0.0103529301419767 -0.169469572086843 0.143623851697164
0.0201207505740092 0.00604923619334909 -0.314944907467009 0.338411141525615
0.00519497688227772 0.0342681796091389 -0.399329104286374 0.469964157720382
-0.0435646906066127 0.0361071472428524 -0.487165417788274 0.50932470439454
-0.0302223807976269 -0.00834648757400662 -0.496099548975828 0.415854652460001
-0.000231805550057244 0.010578313490754 -0.380052366640623 0.3357158299012
-0.0313237370336807 0.0463561733866781 -0.306056031451092 0.230374863088818
-0.0394510876381951 0.042099496005529 0.324695716259104 -0.0612016801213613
0.0137454749990658 0.0108046272098873 0.403472226411274 -0.262496931027107
0.0179895965977824 -0.0361693071995046 0.553096947275078 -0.210247375215709
-0.0413502140266594 -0.0105329630101856 0.712299003982479 -0.360908110749202
-0.0223941135152614 0.0243410507306101 0.566021450677015 -0.445101532067092
0.0171341864367523 0.0174065154603278 0.327091283533797 -0.349236735142122
0.0386948639368925 -0.0150315324766323 0.154436388140983 -0.175986034845107
0.0256093927544476 -0.0145219379673398 -0.0355008348976554 -0.0152962195493775
0.0279851578492313 -0.0165043044086313 -0.164744488417249 0.135574499008163
0.0277454057824876 0.00811217060030066 -0.322702038948829 0.32316995401237
0.00511416457141191 0.0463072636855398 -0.425833563962606 0.44935853630503
-0.0588957341220294 0.0404594721006256 -0.531497095685676 0.474455389436428
-0.0343801545585339 -0.0229815472917035 -0.521991542352675 0.375476851344992
0.00981046368283774 0.0172465113694628 -0.389751773776996 0.321268712228268
-0.0412493138436882 0.0685784625830546 -0.314110074778415 0.211833452803118
-0.0409865417179 0.0541575872889551 0.326309592283113 -0.0960089127454497
0.0217237250765428 0.0107493661227566 0.383910313902273 -0.271677612130644
0.0137220719124679 -0.044891519978813 0.548263542636821 -0.264008834949354
-0.0505379901156042 -0.0036957493375659 0.661958027822379 -0.425750872055682
-0.0213818341608624 0.0320111382101879 0.521417250550574 -0.47153881139257
0.021490216556626 0.0165256132306907 0.315657665423113 -0.361894430864442
0.0425611887361221 -0.0187282281929571 0.162346979350559 -0.185169218530591
0.0301327250451068 -0.0187686598121071 -0.0253754310648221 -0.0240551819827372
0.0323688867293931 -0.0180625027857258 -0.155517001041373 0.124978206194946
0.0324181452626106 0.0108417855957797 -0.32915940631091 0.305344835800809
0.00242655902856988 0.0538020909100506 -0.459968916399659 0.424437579237666
-0.071900828963885 0.0384943124822326 -0.58400266259904 0.431562925241304
-0.0320518629959924 -0.0365291235603983 -0.550019526765062 0.322587910402803
0.0153555594029917 0.0247366688282513 -0.398437589103559 0.305269709245886
-0.0514584014363205 0.079493144157022 -0.322138160128686 0.192563815353063
-0.0325466785014212 0.0535058407575557 0.322560534385361 -0.131462219179018
0.0257889680087942 0.00402653091624374 0.369785431762492 -0.276015646121645
0.00553159681599828 -0.0472497752174435 0.537040350948968 -0.319966178785582
-0.0523123865557923 0.00403697756406063 0.600063944235998 -0.481756987639658
-0.0182557119138288 0.0340440679431485 0.476952939519467 -0.492330431846552
0.0225336056334963 0.0141278562946515 0.30623899389522 -0.373032851889898
0.0417760964496235 -0.0205856340076339 0.169140219421333 -0.197353765491331
0.0294889165653608 -0.0197420242669724 -0.0130327788395852 -0.0334396347664491
0.0330129023679297 -0.0177782123491882 -0.145591089209719 0.111352230648689
0.0318832174556265 0.0134920912904458 -0.333215986309394 0.285944596516606
-0.00354941794578013 0.0556595860448944 -0.493277872187608 0.397095418990993
-0.0779478705303488 0.0301200970291362 -0.63696642427576 0.376545637258258
-0.0243359426060883 -0.0427052655657357 -0.568984976319378 0.264611292615288
0.015259379893641 0.0328822246939793 -0.409427964962405 0.287659781495559
-0.0621209900439043 0.0769645494283091 -0.328671475689129 0.170160522420651
-0.0211056638819763 0.0403337251109759 0.314914685432245 -0.159485872788906
0.0221719138764729 -0.00618157532784686 0.362572944805044 -0.279891395930204
-0.00069725527490485 -0.0438708821399829 0.521009062793487 -0.369172212177936
-0.0463186078856078 0.00762784694061692 0.544662428206808 -0.522749901843231
-0.0154961041064095 0.0292926516011915 0.441607067569994 -0.505908926913287
0.0197871127038527 0.0111189814591857 0.298581122776327 -0.382214286938226
0.0368841595180327 -0.0196901125843102 0.176010275754441 -0.207035058896194
0.024456928202677 -0.01822238654514 -0.00206374725593122 -0.042817770437116
0.028634578689173 -0.0143772967226527 -0.134264281545021 0.101392987740149
0.0276052821861587 0.015745455824498 -0.337791200513539 0.270985104646602
-0.00956932683343633 0.0523764252701929 -0.521958827352974 0.371660422313037
-0.0744000615718367 0.0193064408754169 -0.680722188591339 0.325001015767869
-0.0145592165716555 -0.0394941308325123 -0.578999451775859 0.21491984290694
0.00919724595017507 0.0364873438928277 -0.417604529397994 0.279988590241905
-0.0655690469001786 0.0591505223858758 -0.336508629696965 0.148266387395327
0.04434398022402 -0.0674896409858967 0.304333650785187 -0.039399237481485
-0.0180615638444023 -0.0496933043646338 0.423784949082451 -0.237408244153301
0.00985369072418343 0.00631421017957427 0.575445330119882 -0.148136736339737
0.0235158990945878 -0.0109538704297732 0.768020212414824 -0.283467742895142
-0.0159444952178941 -0.0280807085042317 0.620970208486143 -0.398543748112538
-0.0197541783862858 0.00156757653758486 0.349333540346654 -0.331366380424368
-0.00247683052104386 0.00548123250665818 0.153284071742887 -0.166954069238172
-0.0222427752963828 0.0169561950605447 -0.0425859857904781 -0.0113363528530566
-0.0168549083563878 0.0108928647524084 -0.167339350374273 0.144731270781492
-0.0127221530826551 0.00314230336160998 -0.30770131435233 0.350100706603053
-0.00428973821419924 -0.00708219153174639 -0.381630584286692 0.495066388990033
0.0057527129907051 0.00697399698572816 -0.470626936812115 0.538355237552077
-0.00926816585489391 0.0336300242422753 -0.490466640943352 0.444424764962013
-0.0365565838326444 -0.00868144496609263 -0.374920705286951 0.35213741873629
-0.0119058939538196 -0.0544914163522081 -0.306475456887138 0.249018229804052
0.02381836220984 -0.0373958877800492 0.306549899906706 -0.0213891011517941
-0.0107473072179972 -0.0351351500517545 0.433879882421172 -0.241415995293284
0.011698055269798 -0.00402004438247962 0.567212415686412 -0.135174900768295
0.00850301970627562 -0.00954736781641421 0.781829945682367 -0.262720001891773
-0.0166547764798653 -0.0147360270326186 0.634615444935949 -0.394211699912744
-0.010322836701388 0.00560304674921244 0.35022714069918 -0.329042017425152
0.00894234007632369 0.000671287736061049 0.147314778856899 -0.164842717870007
-0.0100925342477391 0.00959587243759257 -0.0472557453426694 -0.00660367484435325
-0.0054197532877226 0.00452735996728028 -0.172610917416038 0.150651292457591
-0.00243030038752567 0.00451041111993106 -0.30887004514913 0.355117985565379
-0.00200120535857896 0.0062961931718906 -0.377160783328986 0.496225776733291
-0.0104288724892611 0.0157753999963231 -0.454918216016534 0.545153964705741
-0.0145930159219148 0.0214193793886205 -0.481781318565686 0.456834985307446
-0.0245601346255271 -0.000550917080753357 -0.374061365022671 0.354706998787546
-0.0191915882112661 -0.0189434835723314 -0.30272999001862 0.249913254605603
-0.00299951967768231 -0.00781686177645482 0.312864314179092 -0.0189531407146694
-0.00400801114447631 -0.0176147074633434 0.435027267371837 -0.247983353245015
0.0158982505334797 -0.0148277207894978 0.563014154942714 -0.143877430094967
-0.00978078718012592 -0.0126715941714438 0.77968722092316 -0.271169238367825
-0.0195089424943822 -0.00136261039533189 0.631559424728668 -0.404013117274393
0.000330459658136426 0.0104017174752424 0.347525217902855 -0.334877369726391
0.0204462405376879 -0.00548264095388917 0.147517321667283 -0.165154285696735
0.00397988263200916 0.00129726702825191 -0.0491102526842372 -0.0056324912725096
0.00755195393804521 -0.00337518098475378 -0.173906703587484 0.150444884872351
0.00883816048517896 0.00524129491152765 -0.313211475149165 0.351881147242821
0.00223746064829546 0.0209728314795681 -0.383568965177196 0.491007424997318
-0.0261852913423592 0.0270379490480894 -0.463216779104961 0.539437230394032
-0.0222630938614706 0.00629896174846819 -0.486394382245058 0.449315577598676
-0.012421127863923 0.00596236942985227 -0.378516227594651 0.353753202280187
-0.0253303491093738 0.0163458364244788 -0.305454011129843 0.245364079243997
-0.0266575207579742 0.0208107482828605 0.321985202913906 -0.0336587393350612
0.00417338067335579 0.00016803656059149 0.425693071903189 -0.257317258186918
0.0190942054734419 -0.0263417584166715 0.561530370961042 -0.17098546643749
-0.0270051743826809 -0.0133220856384808 0.758806633300879 -0.309218397842739
-0.0221622812282474 0.0122917947765135 0.61128544284192 -0.423452153064695
0.00890466765311271 0.0150551936480455 0.340256732503511 -0.343733876839681
0.0311193116889528 -0.0108901831488087 0.149647449775885 -0.169658705452761
0.015795906580369 -0.00731494229961916 -0.0448388513470995 -0.00914868257402445
0.0188813444541944 -0.0101529879004724 -0.172001729534087 0.145441214065126
0.0206659560440434 0.00612282537870802 -0.319977828142556 0.342952478600719
0.00552737111467205 0.0349273396776322 -0.403451344017329 0.479116659017491
-0.0435079855165239 0.0364521021222368 -0.492854595260635 0.516440609637473
-0.0307929645951356 -0.00801324239434146 -0.503913190851256 0.425323580951188
0.000359610855839947 0.0112901046897858 -0.386033723540649 0.340899395676464
-0.0320857706290539 0.0470083937194103 -0.310417619242531 0.232959673022815
-0.0409085421499709 0.0423583789081543 0.329461971254832 -0.0614241310490574
0.0138224084375869 0.0105830265876834 0.409770463140693 -0.26809009207609
0.0185557301087716 -0.0365103250349865 0.560751391022533 -0.214338387611466
-0.0412239301729435 -0.0105804436068018 0.722944170312058 -0.367358899072105
-0.0229935065045481 0.0248955221415795 0.574270220678278 -0.451147073051546
0.0181471569745434 0.0167708897108951 0.331989353833782 -0.354572221143163
0.0386506102377563 -0.0157721799127783 0.155382192653214 -0.178275164770034
0.024999289321858 -0.0139259004489544 -0.037194972211846 -0.0153892412685483
0.0277533299896239 -0.0165821698147374 -0.16627937591821 0.137251119521715
0.0284183267192929 0.00759741838126565 -0.325582585991668 0.327852879608149
0.00580044413167604 0.0471896368556101 -0.431086974557539 0.456820260683651
-0.0602050810176053 0.0415529798331834 -0.538937233869632 0.483496376672348
-0.0352706584694398 -0.0241167385767874 -0.530711212199378 0.381964124357457
0.00988349694747 0.0176676862489421 -0.395988083807858 0.324966527303747
-0.0407430479196152 0.0698052711694891 -0.318186795472435 0.21502430609935
-0.04118711489211 0.055195448389138 0.331532283295228 -0.0979153703421542
0.0214478157518841 0.0113520480738117 0.391437320926874 -0.276870262871659
0.0136756005004087 -0.0459077125319747 0.555226813990081 -0.269924899440666
-0.0509020113265034 -0.00413341609396418 0.670828676536814 -0.434594774686359
-0.0213019175746577 0.0319403213010742 0.527523427985423 -0.47912493330051
0.0232128600177118 0.0166832292823853 0.32054372264206 -0.366816637186963
0.0427954475055044 -0.0200149013899307 0.163145482907491 -0.188080728748138
0.0314669579292325 -0.0176323975232853 -0.0257280925511387 -0.0234462364696438
0.0333580248740862 -0.0191650172354728 -0.159243333535517 0.126043505091877
0.032905722272117 0.0102031568715877 -0.332728057486676 0.310958028251058
0.00185635378365417 0.0544584563379097 -0.465111515164513 0.43009165244382
-0.0733213833554478 0.0395054314553937 -0.592845101762036 0.438020579313818
-0.0327467185065253 -0.0372515151054773 -0.557888450016234 0.328802818290022
0.0155606058335877 0.0246645807265109 -0.40513690451748 0.307677459403074
-0.0530239113217861 0.082070026937529 -0.326581965698992 0.194192192206209
-0.0337148010215308 0.0548041221946946 0.3279628945968 -0.133210306101606
0.0256204624909704 0.00324790832166641 0.37634813710517 -0.279469443159356
0.00495645699883827 -0.0487356386047309 0.543892427434041 -0.325348864993408
-0.0534327104662011 0.00321215917970581 0.611129345106388 -0.490999846678618
-0.0177704817135614 0.0333866228976508 0.483857753907748 -0.501012867454509
0.023673919866091 0.0142430611620682 0.309626273368721 -0.377532180577028
0.0424842173220935 -0.020823167915323 0.170672051817292 -0.199711988381279
0.0297912318835603 -0.0207292625873603 -0.0137034157994256 -0.0335962134718597
0.0338724470011761 -0.0188292316096032 -0.14801877430172 0.114165698479418
0.0334091317114528 0.0141376097517356 -0.338027564691147 0.289060773339878
-0.00323199844428775 0.0566431248229272 -0.4989435985729 0.404287141302433
-0.0784481518052124 0.0300444558030314 -0.646003531294785 0.384031398752569
-0.025161060816722 -0.0431418923009156 -0.5787809311349 0.271208921179716
0.0155681026093945 0.0329142723881393 -0.415885585798102 0.293330256329864
-0.0630696325568122 0.0790191633733124 -0.334057114875052 0.171192293959581
-0.0205322570210227 0.0402778329329726 0.318809772780646 -0.161061362957826
0.0219180404783129 -0.00687016373038853 0.367375302503487 -0.283795422823646
-0.000159301831964871 -0.0442356124532324 0.52733266596205 -0.37777094694243
-0.0472165041847018 0.00751700484622195 0.55152115136082 -0.535111827336674
-0.0159854920289315 0.0297451045458155 0.44631071652284 -0.513909246506029
0.0199288383547102 0.0113028997188703 0.303162309685968 -0.388457241777851
0.0376508433820454 -0.0205222678914268 0.178542065215695 -0.21087737243295
0.0241686905403207 -0.0176762243088999 -0.00218478499841851 -0.0431774969828597
0.0291589078993989 -0.0149027172721786 -0.136440174231073 0.103257400505682
0.0273971408928182 0.0161003118919186 -0.340088707989292 0.274513998809858
-0.00925291386568436 0.0533937116545273 -0.528841475776154 0.377201170650392
-0.074787032322426 0.0199148437648455 -0.689876194226148 0.329892389954879
-0.0150155729746401 -0.0401026259122329 -0.587480071007065 0.218256875890349
0.00861068808125122 0.0373726958762893 -0.424496503712261 0.284601147424284
-0.0668921946769978 0.060892318311103 -0.341929445929718 0.149835900167459
0.044724628700048 -0.0679591636560514 0.309602279995354 -0.0408285849118968
-0.0198595076714226 -0.0505313386787236 0.431603705008313 -0.242920424849554
0.010982557184206 0.00625898212060132 0.582177851172224 -0.154925186071359
0.0240680621364137 -0.010920281600654 0.778619214920506 -0.290768199621505
-0.0159839100405376 -0.0279575251350929 0.627479125095441 -0.410649964586202
-0.0193365587551787 0.00235576850624778 0.352414121572085 -0.337177701400489
-0.00244396819975681 0.00439046863903331 0.154930059347324 -0.170104108633832
-0.0219461118454568 0.0176767766037947 -0.0436229881914985 -0.0111861742359925
-0.017099177742501 0.0120611637189239 -0.170433057325849 0.146973074026484
-0.0126339718501911 0.0031393198379498 -0.309523719580425 0.355127542319101
-0.00515968384726161 -0.00599237969830672 -0.385266680910786 0.504540250498979
0.00617134242803829 0.00793272463414995 -0.475492211801906 0.550159792636007
-0.0083328225789129 0.0332266486169918 -0.496371297011608 0.452390490468305
-0.0366693356735726 -0.0080697846157066 -0.378436998012657 0.35996286122159
-0.0109892448853602 -0.0539893760545788 -0.311619670172826 0.254312648748271
0.0240994371420763 -0.0377842568126061 0.311692248109829 -0.0230209043287535
-0.0117223592814014 -0.0366313022031417 0.440868898926134 -0.245959163267887
0.0117202898581259 -0.00407566509631165 0.575348263436154 -0.142322396273223
0.00832244896625006 -0.0106740427123341 0.794105169613887 -0.271216313416853
-0.0166842467539959 -0.0155224317536489 0.64343127054261 -0.404027219697893
-0.010082946552783 0.00590773181965099 0.353217729429402 -0.33476674727265
0.00813107253686441 -0.000524623171798517 0.149076630969271 -0.167472333638329
-0.00957852423450832 0.010298044355099 -0.0485920540239802 -0.00635307264285853
-0.00490088448392069 0.00448651707177668 -0.175995012717737 0.152149898960794
-0.00175205915290477 0.00424390018910316 -0.310255770959494 0.360108416470356
-0.00214532516730731 0.00630151843046657 -0.379923585149345 0.505787497260226
-0.0092867501840126 0.0168970612749822 -0.458731636011414 0.555103731155451
-0.0134147861247515 0.0213345619088787 -0.48624834287208 0.466499272978086
-0.0259574189963754 -0.000286614647901086 -0.37883675522593 0.36326358480189
-0.0196262082611967 -0.0194862926511635 -0.307055966449114 0.254808848782558
-0.00342296696742807 -0.00758018837660087 0.317968417115953 -0.0205329648281239
-0.00438952249360606 -0.0169671288604118 0.443079382670866 -0.253946367276208
0.0155423197696307 -0.0150269216526356 0.570412303695994 -0.150186642045059
-0.0098037922764112 -0.0128112340267813 0.79238871411508 -0.281352274116902
-0.0192806925978766 -0.000492802319780216 0.639948509553772 -0.413883488817803
0.000237459901733925 0.0111655248310239 0.351280605791748 -0.341389532775499
0.0204145605150664 -0.0055957370651913 0.148341825545516 -0.167940996045501
0.00374569982332572 0.0018815790195147 -0.0491054655323402 -0.00577340934888879
0.00757526476260632 -0.00341357247315086 -0.176551033283616 0.153023845266128
0.0101355630052879 0.00474184772663605 -0.316704411419441 0.3586454062434
0.0016660289273583 0.021302098403022 -0.386657399481181 0.501113102802755
-0.0269811384859193 0.0278351971869343 -0.468898322706246 0.548971149749129
-0.0221068636441089 0.00678844780140151 -0.492164009092871 0.459460098503263
-0.0125924150435391 0.00579518435652656 -0.382978745707557 0.358560558749398
-0.0259636528602456 0.017376823897858 -0.309224295190676 0.250046044884984
-0.027952144793715 0.0210425986916158 0.326201542382387 -0.0338099573239908
0.00310527552325022 0.000523960188473363 0.433041925367154 -0.26294578513708
0.0187365925656135 -0.0280858617467391 0.570124953757375 -0.17744452162037
-0.0277344661025627 -0.0133410463853626 0.770335789745121 -0.318128529773851
-0.0221094926297327 0.0131707521563552 0.616743738505673 -0.434830271560918
0.00965137089273585 0.0149461471627194 0.344108112237376 -0.351160632207853
0.0311917939463986 -0.0107772695957759 0.150846243778847 -0.172846726312042
0.0159133207404273 -0.00631831385931249 -0.045852852566849 -0.00823947001921005
0.0187224309092343 -0.0113292976889295 -0.17411790404366 0.148405470711435
0.0202103246624111 0.00534866475318152 -0.322272682072759 0.350583479573692
0.00510120146224355 0.0353360737610394 -0.405132360062621 0.485913185483604
-0.044788899242721 0.0381495734302879 -0.500493022116785 0.528098580346245
-0.0305529940716412 -0.00927358089390713 -0.510653366503907 0.43451315711403
-0.000581851400323574 0.0107936218761447 -0.391066052664818 0.347128985119615
-0.0316386078149314 0.0486540365391241 -0.314946010623954 0.238359017026506
-0.0413780094733073 0.0436509625417316 0.333583592440182 -0.0632826761985059
0.0138963634024332 0.0108220711283767 0.414625139986325 -0.274657815722526
0.0185244979899445 -0.0384991953868802 0.568254938622231 -0.222119823575554
-0.0421276291988276 -0.0102469575792469 0.73232760755732 -0.37898206785098
-0.0225053479649075 0.0252068321932711 0.581690852072228 -0.463817463879705
0.0187011418103021 0.0170845595412157 0.333954039815397 -0.362465022861704
0.0390802789832251 -0.0167071590593519 0.156926045978019 -0.181308911603301
0.0251116785222106 -0.0147648725377382 -0.0372127319804424 -0.0152430809702378
0.0284155995406217 -0.0165591756162643 -0.168733886644214 0.138924246394623
0.0295793234251878 0.00755545793228852 -0.327940091337055 0.333582289152937
0.00619217231729402 0.0469860548105614 -0.436019230723144 0.464951240845317
-0.0607943414197233 0.0424055970535412 -0.545843956567731 0.493788090165781
-0.0359981878893697 -0.0248418043653831 -0.538615067038502 0.391639404139293
0.0101606155532695 0.0174026137132913 -0.400208264483924 0.333813477587422
-0.0409287710592905 0.0725317422732603 -0.323740297098172 0.22115413365194
-0.042657134757411 0.0564024149841878 0.336664728608061 -0.0997399739664564
0.0222741363766522 0.0114087732027073 0.396162171391323 -0.280751330003158
0.0134656277826495 -0.047179052656134 0.564569434007538 -0.276977160635231
-0.0522603078336371 -0.00372766917665404 0.679499271206028 -0.445611099418964
-0.0209391567700057 0.0337262208854862 0.53354772395824 -0.492016829068399
0.0237470708222564 0.0171459898193948 0.321919828011293 -0.374543067730224
0.0436270084593104 -0.0204880375937559 0.163950567883568 -0.191730336210576
0.0310125220384063 -0.0183575594866292 -0.0273492440432356 -0.0242198820418947
0.0339553287434637 -0.0194258025282047 -0.160599581936644 0.127455655982426
0.0340781917548968 0.0106153693021745 -0.336359909665313 0.315380608028215
0.00304429724771615 0.0559236874301443 -0.468079563417857 0.440706521445152
-0.0735805557987832 0.0409532171656057 -0.600147036681547 0.447668416541621
-0.0333859533555737 -0.0381966339634101 -0.565673458211685 0.335861758030818
0.0164027795889389 0.0255867845112501 -0.411533052977907 0.315400139788379
-0.052965760968316 0.0837871152538945 -0.333121337895118 0.199939921073086
-0.0341471767929906 0.0557854346064203 0.332037367561221 -0.136926124969018
0.02525951828602 0.00316802805213479 0.381679194932657 -0.285972978056827
0.00489422100797397 -0.049347143178244 0.552359440686108 -0.334862872284983
-0.0537527573141751 0.00380203121277674 0.618186848743995 -0.505284469486059
-0.0180926832580724 0.0355682275485603 0.488910825971397 -0.512928952931869
0.0250606137969722 0.0144423264736948 0.311804980596445 -0.386888729800585
0.042958563861972 -0.0223365304638772 0.172602138090077 -0.203617117320156
0.0305569523545595 -0.0204616969628013 -0.0144858441491895 -0.0340396695520407
0.0342646291818349 -0.0194499386056683 -0.149309800541092 0.114396312291118
0.0334204938743841 0.0138073892706582 -0.340749805975673 0.296219157733944
-0.00313808372966243 0.0582443014228726 -0.504567923454245 0.409243267235569
-0.0798364296750022 0.0318202196781784 -0.654529176056471 0.392730049764337
-0.0253189508252087 -0.0440961352565134 -0.587983844252321 0.277402859905499
0.016345979317955 0.0338627884243397 -0.421253945709764 0.300288193954904
-0.0636976102744137 0.0809215129676222 -0.340299854752503 0.17597802506219
-0.0219255845177047 0.0411826457153597 0.323542093275307 -0.165605016980053
0.0222349077754492 -0.00736356459924404 0.372311540002599 -0.288788416712448
-0.000817897666479023 -0.0459716011363614 0.535403255997382 -0.388193979659744
-0.0479399369860255 0.00849773393160833 0.559144979434644 -0.545414954581348
-0.0156161056763603 0.0307723333858476 0.45074630207443 -0.525750137854237
0.0224136257381878 0.011044773152774 0.304584768376949 -0.397821782476998
0.0369538793392365 -0.0222935960272557 0.179388651261536 -0.214958628576702
0.0247287346366291 -0.0182470469781234 -0.00250835326060903 -0.0439240702855624
0.0297489666430146 -0.0160327781759784 -0.138619931321697 0.103606836352156
0.0285898108319986 0.0154083942852079 -0.344877229873635 0.279732355190957
-0.00882645875050867 0.0537562507960189 -0.534874189499035 0.384801417274577
-0.0763664993669529 0.0208158873650346 -0.700860389186152 0.340554874868963
-0.0153719990886498 -0.0399623901100424 -0.599331779639654 0.224160261550182
0.00939288804448896 0.0378768676841085 -0.429637705991361 0.290300069374632
-0.0669593566145679 0.0628713357632063 -0.347723691754192 0.152713450799257
0.0356294343397435 -0.0724029984441558 0.311744480711275 -0.0733397314664336
-0.0258612641391863 -0.0447101546482392 0.410374555078352 -0.297164864642108
0.00745276539578519 0.0100025548832973 0.572982972568823 -0.230946660728292
0.0221714985934996 -0.00415698134701473 0.745219025108358 -0.404403085847034
-0.0146589123054537 -0.0170945962959734 0.58177235573178 -0.496904560330476
-0.0198588932293806 0.00819741821419106 0.317036304783677 -0.384990356531403
-0.00190981157430983 0.00656731713179456 0.135584495990455 -0.194221112594111
-0.0200719014987112 0.0199907639519134 -0.0453124388642208 -0.00599996390008962
-0.0178458606743087 0.0125990738230008 -0.154851417537667 0.169373554747499
-0.0141366301242125 0.000874464081857962 -0.271353873033748 0.394497146127705
-0.00841742714069545 -0.0117127411883468 -0.334254721077288 0.554558917953331
0.0103773567452033 0.00328637556383654 -0.421112619823831 0.614802447565518
-0.00358677003334625 0.0324294247635003 -0.449498261317598 0.51896880433137
-0.0346403175501911 -0.00674944959789878 -0.340835460020784 0.408166245106219
-0.0139132798771419 -0.0516060091903125 -0.288560512048737 0.291178668707956
0.0177043143973469 -0.0389218074914041 0.315749963994822 -0.0579561077514785
-0.0166273878266217 -0.0315923670552293 0.420572253495446 -0.304104384218714
0.00722309984011321 -0.00128114085911898 0.567713270783608 -0.216732918301455
0.00500049539027207 -0.00212979019362595 0.762097420689499 -0.385582204474734
-0.0141058162408494 -0.00431675562943964 0.596529903045362 -0.493245934439521
-0.0101173974677856 0.00953361771870183 0.318220867351058 -0.384990611018823
0.00879545974402876 -0.000450942875976886 0.129604725170627 -0.190260751739938
-0.0082962654922288 0.0114468226179304 -0.0504566102798704 -0.00184812744158748
-0.0054814723638597 0.00423397348467944 -0.159611589280677 0.173788588451206
-0.00329149137966192 0.00161348733986119 -0.27208320423254 0.400170928410293
-0.00421674128774684 0.00127312280476592 -0.326858590689216 0.555386300682831
-0.00494748845669574 0.0134125356516476 -0.402186283119589 0.61575031313854
-0.011091276581335 0.0219032540387284 -0.438411018495894 0.528561495330088
-0.0218156989212857 0.000477766466691867 -0.34084853370507 0.410792268769137
-0.0183795074444065 -0.0160453973976103 -0.284298452977565 0.292739650611794
-0.00602202209469521 -0.00339021549462031 0.322082327908367 -0.0605130538924778
-0.00756223094596475 -0.0122667368014373 0.421165640429607 -0.314294245966459
0.0100321031749153 -0.0135001930101531 0.562927076489509 -0.224834306288776
-0.0118249347210982 -0.00188250912732181 0.759248500189124 -0.393548108845846
-0.0155694335638279 0.00989615125692541 0.590203047155396 -0.503358102713248
0.000957442231230865 0.0145644220952878 0.313384842960897 -0.388877977735357
0.0200853464623038 -0.00685074592998795 0.128470535397182 -0.192951622825071
0.00429695141224926 0.00183230676115591 -0.050735736977139 -8.86049414167112E-06
0.0047760324694772 -0.00553503240264133 -0.160563475637696 0.175155111417461
0.00929350226880156 0.000789292228805465 -0.276744707383197 0.397501831268122
0.00241491810305931 0.0157037921953962 -0.334832763623509 0.548903916316365
-0.0210144078288189 0.0269461008207261 -0.412330943260506 0.612347565842356
-0.0219927262563518 0.00813638490894707 -0.444434197652771 0.525817771142543
-0.00890548518832501 0.00516201830338847 -0.344334935682542 0.406310577810146
-0.0210356625318532 0.0202780082882623 -0.287559680995891 0.287647795872277
-0.0276574576611509 0.0280309184794427 0.328830956645056 -0.0790680772907159
0.00305188806059465 0.00543227562570536 0.408257427937614 -0.322506769144427
0.0117147067372498 -0.024722719668745 0.558407402299744 -0.252111326767972
-0.0295542976285714 -0.00129005956917409 0.732483879316412 -0.427073934807925
-0.0165386284642108 0.0240192004002982 0.566075314769034 -0.523252777390779
0.0126116249045783 0.0176673293412562 0.303983599611958 -0.397178752695801
0.0311085360241456 -0.0144679109790978 0.129618545819805 -0.196840229185281
0.0157494127738276 -0.00808859091371162 -0.0476069369999453 -0.00295553252350531
0.0161387858243659 -0.0145554162460098 -0.159843430108158 0.170342268969626
0.020241967616262 -0.000519735917133536 -0.283998910322284 0.389849077889929
0.00796373891833706 0.0283089676578983 -0.356301542912537 0.538387176424471
-0.0360782501130883 0.0392384439983185 -0.446836244424221 0.593969742974985
-0.0318279821577017 -0.00653112510469564 -0.466513486133806 0.502391038644784
0.00395513022027118 0.00874238455474301 -0.35590655472284 0.397026907979826
-0.0236242279808384 0.0512816609462394 -0.29486252129249 0.276197668208486
-0.0381274051292076 0.0537213920113994 0.333247984076111 -0.111594810683941
0.0139143996104413 0.0145544030736718 0.388187311530132 -0.330968939658364
0.0112836946042947 -0.0362641950482664 0.551292608658328 -0.295146850667971
-0.0432191621611746 0.00283605844074023 0.687395469601423 -0.482922539380761
-0.0154825709073099 0.0359317728402893 0.525631445530873 -0.544933660861393
0.0207615845782942 0.0188163756199151 0.293863504079212 -0.408612674880789
0.0385515416070801 -0.0195862916520515 0.134659948657388 -0.206526974896517
0.0248997552255551 -0.0164369141168353 -0.0398616882001695 -0.0108773238319497
0.0242550420175901 -0.0210292817831343 -0.155166638479727 0.160666305308298
0.0285442398785579 0.000888729027898713 -0.293406566741396 0.374353548550127
0.00960476625774871 0.0404719662502695 -0.387740894570022 0.520052989958219
-0.052387748701239 0.0461072492630099 -0.495898142555854 0.56341561105363
-0.0374680558614494 -0.0224368409040544 -0.501092159589515 0.46172073660882
0.0144524499789329 0.0139365858431291 -0.367078336863223 0.381980994936815
-0.0297727515740234 0.0773557486822342 -0.303379080757391 0.25912460282769
-0.038016136108143 0.0674793564578683 0.330476906277496 -0.150796887352256
0.0230456715217803 0.0139036121516117 0.367846531452444 -0.335762741072576
0.00438572116201913 -0.0444106191976233 0.541090830610701 -0.352631619718993
-0.0518906891139842 0.0113355135975028 0.624335497600369 -0.543620570178497
-0.0111575913391927 0.0437849706865108 0.474788636877056 -0.56923668118274
0.026527572823355 0.0181974719393734 0.277905917026605 -0.420690845069759
0.0413801974745079 -0.0242498622457851 0.14055010955227 -0.21836933717794
0.029287058589786 -0.0222816263441416 -0.0299514983009974 -0.0206668701244981
0.0300677690240548 -0.0249451652620729 -0.148574354281862 0.147944277698395
0.0337517835586752 0.00346089062960043 -0.303524584928069 0.358395183154114
0.00794462508284665 0.0489362346893075 -0.424592316924113 0.497588146900076
-0.0646478581848623 0.0451036890311127 -0.558336560057902 0.525867173094433
-0.037741722118104 -0.0357304110914691 -0.536446134140679 0.411115596457067
0.0213788485970036 0.0218539909061432 -0.377980695627481 0.366178204131766
-0.0399389773494865 0.0883963539866285 -0.315455713961755 0.239082785646349
-0.028491297158424 0.0657663676220578 0.321082539973271 -0.186182655374242
0.0258095652875369 0.00603070759966618 0.352012094523112 -0.336675981331086
-0.00226754127721168 -0.0450773524613854 0.520845871059569 -0.407603256897937
-0.0528265784408459 0.0186097319418259 0.554649423744254 -0.594759054045107
-0.00817796101435748 0.0459526095279849 0.426122267403077 -0.584691836099599
0.0274431745596384 0.01563310994397 0.267862882706188 -0.430960266007988
0.0423850884759594 -0.0264836047264085 0.148249148979071 -0.231514489811668
0.0290370817261926 -0.0251017667964178 -0.019434869281848 -0.0319941916418287
0.0305551551758162 -0.0236916514408198 -0.138827423338751 0.133824064432559
0.0342608152060215 0.00657187261498101 -0.30984695396591 0.336574622263949
0.00264950703397366 0.0516896484074562 -0.464881738284571 0.471886810207453
-0.0716084893960865 0.0374690858547155 -0.620186252527053 0.475552732069426
-0.0300862053294779 -0.0423891446460345 -0.56470307764025 0.350955186614055
0.022940352227405 0.0309089731473177 -0.389525784612296 0.35102239195055
-0.0515126022488561 0.0875036347736292 -0.327320621528385 0.215905754605472
-0.0169041069591063 0.0506872796990137 0.308590850974569 -0.213761223174598
0.0214017105190071 -0.00439635653369731 0.341683367909296 -0.340508695157878
-0.00796091894687614 -0.040036760553892 0.497803233093254 -0.460875472693813
-0.0456562763142236 0.0219375428254827 0.489142150141847 -0.627627198021178
-0.00657786592097956 0.0395650173943178 0.384963521422113 -0.593197414815288
0.0233588409233856 0.0126835286577853 0.258980604465085 -0.440809829263113
0.0358584355987395 -0.025119281393437 0.153212096164588 -0.243462397523451
0.0229540430184378 -0.0209120032047657 -0.00823641503102943 -0.0432034467960629
0.0263231600032983 -0.0205241515632231 -0.1291547141438 0.121307767179703
0.0291191543096389 0.00875286134181696 -0.315767350449154 0.32193038439134
-0.00366488894545302 0.0478238901212603 -0.499265288715724 0.449847326264191
-0.0694818340710462 0.0276655885098388 -0.671226591425321 0.425526158983442
-0.0192199624676506 -0.0412063448313507 -0.581166985508721 0.299305811625238
0.0162014816064391 0.0344548709282329 -0.400861383065478 0.343469257787098
-0.0563068840573996 0.0700273337195364 -0.335767811417128 0.194817155719227
0.0354742149900881 -0.0738712514889386 0.314579409670352 -0.0760775653465705
-0.0282656453951366 -0.0449209940307699 0.413461997311097 -0.307824731393361
0.00707898397170196 0.00869219487325537 0.577576811263294 -0.242563717025651
0.021845024256049 -0.00451570982898996 0.751440716890331 -0.419904178627733
-0.0143230181151055 -0.0170425795356594 0.583063737326979 -0.513239781189659
-0.0188680159090574 0.00825692839203463 0.315741485274616 -0.395345171241458
-0.00210206919109552 0.0057586156440332 0.134855466158487 -0.198056680886106
-0.0207959518517446 0.0219774026280916 -0.0465382929681435 -0.0062424926802745
-0.0182269931719912 0.0125921955750149 -0.155547388535273 0.172112648010416
-0.0141649221309562 0.00074135026965434 -0.27109999340136 0.404194558728837
-0.00769372703496553 -0.0118579783975934 -0.329396009665267 0.564930650493205
0.0095255690835707 0.00378689514102805 -0.419158330816455 0.627713528463102
-0.0043608074418418 0.0328663922567158 -0.450696963329033 0.533245937912434
-0.0350150561185381 -0.00622982489513828 -0.342803907787553 0.417189760081256
-0.0148189239314796 -0.0531992933495464 -0.289717009389685 0.29882398271034
0.0170908696886591 -0.0384411953402558 0.319448637335239 -0.0616887206113465
-0.0176934809849386 -0.0316066430616348 0.424743048730956 -0.314624996649474
0.00771640999764713 -0.00225373359307685 0.573930166995392 -0.226776751627256
0.00577478772024188 -0.00244498742931221 0.769298365675541 -0.40016586488925
-0.0144543687410568 -0.00321741435619924 0.600325309353657 -0.512008800706162
-0.00831505677681312 0.0106947668599887 0.316662442413171 -0.392404875164537
0.00960267090938525 -0.000844022820410502 0.129079425815005 -0.195404557894235
-0.00788787644224527 0.011927856452675 -0.0506453824493288 -0.000322020008789392
-0.0067230770633075 0.00346294888844453 -0.160534186634107 0.17777236523851
-0.00317546025289806 0.00156325870200066 -0.270457418083422 0.407488435493308
-0.00369720338929536 0.00129042316849053 -0.323735368867189 0.567173114927311
-0.00476417796234764 0.0143313958627514 -0.400480457597492 0.631601062783606
-0.0119086203846133 0.021968737353335 -0.437848085040911 0.544057716569368
-0.0226864613208996 0.000724832639140318 -0.340665351739483 0.420401219873382
-0.0178380887349187 -0.0166755878678197 -0.286840414379075 0.30006739844651
-0.00629057487576991 -0.00316608905748005 0.326203684926507 -0.0637913434233174
-0.00881192578777058 -0.0119160942214055 0.423670192717577 -0.323152681841789
0.0100963166993013 -0.0141616827163053 0.569184245745435 -0.235155586013447
-0.0126211396948383 -0.00211774824012795 0.766173665598063 -0.408709574410848
-0.0146003650626996 0.0112335174278057 0.593277357123607 -0.519808592259383
0.0029561285612185 0.0143187818497106 0.313293160602377 -0.39983758221892
0.0203957189192907 -0.00745668596289448 0.127903899967982 -0.196862274707331
0.00438042323710401 0.00185370481511502 -0.0520517247344579 0.00119960421398298
0.0053345548469696 -0.00609795876894184 -0.161323017406265 0.179416776094114
0.00974393104724055 0.000492493173349131 -0.276182666565042 0.406871628541378
0.00260641996841116 0.0155444497747832 -0.333405325776357 0.56077381603874
-0.0193589738847108 0.0274307228127468 -0.412372612571641 0.625940068425446
-0.0216452096125645 0.00873736144233366 -0.445978755494392 0.539117290797324
-0.00911342330280656 0.00478551552579112 -0.346455168757928 0.418063686527533
-0.0190914562443936 0.0206764054152771 -0.288283444001975 0.294726494164357
-0.0276980011984183 0.0300537046359023 0.333577020108418 -0.0822614325494091
0.00245401848054179 0.00511979818796528 0.413106518469612 -0.331036587250196
0.0124178170925949 -0.026884661724763 0.561996841012238 -0.263312309308712
-0.0307684422752019 -0.00130753106642591 0.739763023576019 -0.443362591293101
-0.0163111221360393 0.0250411116737164 0.569810085575512 -0.537544417585303
0.0133739583342364 0.0173024099135881 0.301814024406581 -0.406027865020695
0.0301970531487662 -0.0146442535910853 0.128914568054697 -0.200882421226929
0.0166679742298305 -0.00894132104136161 -0.0482513893364623 -0.00266517592274182
0.0158703484235109 -0.0151162696168609 -0.160788960098452 0.174204648424615
0.0201312092963894 -0.000685622513931876 -0.283388209487159 0.39840733935122
0.00849353015089139 0.029046687837994 -0.354128610043089 0.548826429273056
-0.0372181321031803 0.0402730428620127 -0.445817740554852 0.607449425596174
-0.0317780844889301 -0.0060093257643309 -0.468197100264668 0.513722929151245
0.00306762695166552 0.00849537137632164 -0.35648887077855 0.407632224567309
-0.0216195346116914 0.0527812846885948 -0.295717496721993 0.283547532053423
-0.0387777281252379 0.0555221965824984 0.335131570932615 -0.115711991685766
0.0139445886405163 0.0146084716107026 0.393616414205272 -0.340144889923463
0.0108673675566183 -0.0371599923156639 0.556210756804231 -0.308314630477359
-0.0447577724922198 0.00396627301361452 0.691892943417881 -0.49832818078733
-0.0148213623327406 0.0366481209440229 0.52580684465948 -0.56280618665344
0.0227928159173973 0.0190168570070941 0.290982960711159 -0.418702363008922
0.0383697341894818 -0.0214755202641034 0.133418049162006 -0.210726170634986
0.0252142504527582 -0.016383259653045 -0.0407111117743471 -0.0105431198869212
0.023974275247158 -0.0221960591779025 -0.156452933206574 0.163405581030516
0.0292691349890352 7.24539837507043E-05 -0.294230333110493 0.383968452185396
0.011081742805606 0.0414910619303078 -0.387430183243265 0.531437504797072
-0.0530514704075458 0.0474899059998157 -0.499553839563761 0.577267958350258
-0.0385615091041874 -0.0214969714574648 -0.501510126128197 0.475811661984299
0.0147751664690816 0.0142648346790911 -0.368701633210789 0.393328683983805
-0.029733623384454 0.077785941495512 -0.30663414790711 0.2664758019198
-0.0372951663431649 0.0687604767832837 0.333694792735951 -0.154709787380188
0.0235490778888258 0.013795592411507 0.369793235751602 -0.345562717945816
0.00485598616867632 -0.0447897436228986 0.544159028662059 -0.363923622351083
-0.052335962698525 0.0116340279164145 0.627622382406397 -0.558844143113879
-0.0116409679550301 0.0443814532721951 0.473710556606652 -0.584827508549483
0.0275465636365701 0.0180782675365718 0.278137884644479 -0.429695525125641
0.0421243433233727 -0.0257437943827192 0.139971779367294 -0.223488225178761
0.0303074243513477 -0.0228451663980065 -0.0309973248831705 -0.0205548138136687
0.0301831680698752 -0.02622077537689 -0.149133629762672 0.151340491922986
0.0351748763926376 0.00257614896871869 -0.3032086697226 0.366040601188152
0.00864608795914978 0.049527995178699 -0.425629133382353 0.509413216486238
-0.065628139834503 0.0464825639418598 -0.561014515537137 0.539814253863173
-0.0390495375861331 -0.0349587955532589 -0.53950504728827 0.422563986156186
0.0223589046047882 0.0219344372928685 -0.379695233734134 0.375247410563347
-0.0402523801787778 0.0907984485292632 -0.317915175356471 0.245932458373288
-0.0280591562985046 0.0673408644162692 0.3225692064031 -0.192272494275028
0.0257530175657803 0.00539000702993149 0.353472329149174 -0.347976483087345
-0.00301046757231099 -0.0462655986908145 0.523726869836082 -0.422721522249592
-0.0525129419034416 0.0189431694242895 0.555092088841176 -0.610890094277113
-0.00741577961954687 0.0456687936383462 0.423941401964441 -0.600368349519567
0.0286415540432383 0.0147933707738445 0.266764882673522 -0.440165042946251
0.0417615147722451 -0.0274483424476301 0.146207438382293 -0.236005599064084
0.0284732078956423 -0.0244247885133541 -0.0189185948361675 -0.031955976028395
0.0291786744375472 -0.0252988715651978 -0.139268907727274 0.135779262938824
0.0337116025727925 0.00639486735664363 -0.310194940573268 0.346916912112299
0.00288649158435558 0.0523829173268671 -0.46491778716297 0.484093395910656
-0.0728208477205712 0.0390026824425317 -0.624235600407565 0.490158799141961
-0.0308050253702751 -0.0424900500034722 -0.569536129357525 0.36364050273879
0.023337543721418 0.0303190860416609 -0.393486969370435 0.360413122337596
-0.0515846296512699 0.0897234531068048 -0.329733197594395 0.222820299489796
-0.0169748364852367 0.0511539768738871 0.309452759300959 -0.218896157086823
0.0207795305952692 -0.00602295676745372 0.34486455566765 -0.349304455777686
-0.00904424503701358 -0.0407637669734842 0.499134532788134 -0.475237476418546
-0.0451424449628728 0.0234052042261725 0.489332500848687 -0.644160802939697
-0.00517898634797639 0.0404738166686863 0.383056926144504 -0.607019580816608
0.0247011050694339 0.0124331283827928 0.255105761001695 -0.449295277035901
0.0367349941364177 -0.025741036266747 0.151957316782849 -0.248866159950286
0.0237391747726964 -0.0221005928763545 -0.00864309176202117 -0.0447957374188526
0.0264095928623986 -0.0204248338376522 -0.128934872664164 0.123627927774346
0.0297946991764703 0.00879129653717871 -0.31706581758766 0.329637756676531
-0.00263639746362948 0.0487412850191514 -0.500022695597299 0.460549675764502
-0.0694835013791406 0.0282883602769887 -0.676323636717435 0.440866759757187
-0.0196097697260175 -0.0410996030197502 -0.586566353662474 0.313252796909774
0.0158493672304465 0.0349110289287701 -0.403550588645903 0.352919163940437
-0.0567341368025868 0.0719655547386812 -0.33946184771417 0.199973753226719
0.0347911450850042 -0.0745744961918103 0.318764578854716 -0.0818599238770513
-0.0293986911325806 -0.0453063700410625 0.415487848433308 -0.317079181876571
0.0075560605717149 0.00865752917879214 0.584470431153189 -0.254766432763981
0.021934554659277 -0.00452999019527333 0.756885139106892 -0.437410047507258
-0.0145156053509078 -0.0169542933567236 0.583641478082045 -0.528375413404558
-0.0186339519453245 0.00879497519718561 0.312831500274357 -0.403132191322413
-0.00241339808202666 0.00618561150372966 0.132626180261748 -0.203260084220104
-0.0207965671115238 0.0226488441480802 -0.0472905244109146 -0.00516417872391653
-0.0180720352627044 0.0132605945606495 -0.156143795647884 0.176431252675229
-0.0148715579595894 0.00086586889422843 -0.268565374943671 0.412925145741939
-0.0083255131010158 -0.0115190817057505 -0.326187722554713 0.577569461162917
0.0103847196250097 0.00386212901164121 -0.415062254241529 0.64124021251111
-0.00312522624521685 0.0340349759841277 -0.449796485371651 0.546481259049808
-0.0357126523222862 -0.00626007658516866 -0.342397031831766 0.430088455257582
-0.0148344247507049 -0.0535830710581992 -0.288154662491618 0.306446501186831
0.0174784322415562 -0.0394519205835019 0.323300115016184 -0.0651246881288074
-0.0192933686070637 -0.0307757348906376 0.425295445031636 -0.325135517920307
0.00756029130158811 -0.00289898948900234 0.578924200246142 -0.239373010189054
0.005461118709994 -0.00208307440769007 0.772998835600478 -0.418749070689967
-0.0136535689036425 -0.00307725203128651 0.599453442849918 -0.526563366659676
-0.00837862254835667 0.0110983570195767 0.312303292167139 -0.402914454860409
0.00851707287352594 -0.00170479885428627 0.127051259251952 -0.199898800730123
-0.00834302465887057 0.0127973309189389 -0.0526308897178313 0.000549658437044487
-0.00704296330248405 0.00398488534010462 -0.160304347993769 0.182164199483056
-0.00398508340661732 0.00120738115268893 -0.268419052864981 0.418218928216736
-0.0032459992032857 0.0010458752801237 -0.320913959011173 0.577442790361993
-0.00398775767472815 0.0141713949884476 -0.399525666603962 0.645495014894971
-0.0104387969337036 0.021325892031844 -0.436837289657722 0.559147345984914
-0.0231513730844516 0.000603040208602279 -0.340811812521332 0.430847041283519
-0.0181814867513048 -0.0155855964289427 -0.285509368094965 0.308522217264725
-0.00584961596631848 -0.00343778021513128 0.329671863579461 -0.0679913181213496
-0.00924395934087945 -0.0123390328158271 0.425132058763319 -0.331655649068591
0.00996662953773108 -0.0151528889610821 0.572335103167876 -0.248035363704879
-0.0126671744622795 -0.00160564179233949 0.770306217431759 -0.426850947485104
-0.0145856607336232 0.010997724171073 0.592846870268433 -0.535414418938951
0.00378100987074734 0.0144892917118624 0.309752440786407 -0.409674198587228
0.0202077984279083 -0.0080002636601135 0.1247758233729 -0.199614433838245
0.00400304489939754 0.00270197860639206 -0.05283108093714 0.00222505243362718
0.00491681483965877 -0.00622215065812691 -0.161837964142667 0.18352307359415
0.00896191012219623 -6.54074730279232E-06 -0.274259747556838 0.41550800124686
0.0040162090954852 0.0151587011345349 -0.32817769616155 0.572281276959693
-0.0203311123862121 0.0291155644307712 -0.407456995485654 0.639457049580244
-0.0210473028209234 0.00859561925126042 -0.443736026319022 0.553660336319045
-0.00952184523902347 0.00473221395174795 -0.345488711263251 0.428164427568322
-0.019658073687503 0.021296132195582 -0.288931907213907 0.303682303905509
-0.0274728248248612 0.0307302320471251 0.337419339948878 -0.0867099711228616
0.00193189951385619 0.00568875969125012 0.415212061210715 -0.341467810180238
0.0129963087344985 -0.0270030493102702 0.566975655785377 -0.276393395267347
-0.0309593898671017 -0.000915091935235956 0.742190272913946 -0.461377497172509
-0.0153643407571782 0.0255212810302088 0.567269577278185 -0.553380298813792
0.0138693762454304 0.0171896764993839 0.3000669083642 -0.417252746679266
0.0309399083925755 -0.0147908095106177 0.127151658347556 -0.204833860013922
0.0165409693955769 -0.00884243940143435 -0.0486473772407143 -0.00140823388831456
0.0159223193783372 -0.0153856026230727 -0.161157731101695 0.177977095803952
0.0207899302942559 -0.00127567475526622 -0.282740652614189 0.406239372386874
0.00912264230404804 0.0292791157471338 -0.350511457884342 0.562450805187218
-0.0359610915654363 0.0414362993531706 -0.442659024845245 0.622363942476389
-0.0332068629840744 -0.00617982399858919 -0.465996763331092 0.52880862831593
0.00430100650668086 0.0088771852889341 -0.355325622700549 0.416973128616304
-0.0222331958228651 0.0541213004473236 -0.296688018211843 0.290950024176108
-0.0374710270913877 0.0569924038112436 0.338816786597795 -0.121344697355111
0.0138247243995394 0.0150474812599189 0.392437985181723 -0.34971195000596
0.0102145797455154 -0.0379692062032515 0.560131672598998 -0.321590857691646
-0.0447451528183644 0.00398253585994132 0.693338820128054 -0.51668418366253
-0.0142608393828298 0.0373300689580365 0.523390736032803 -0.579346973517773
0.0236605750379275 0.0188100045876073 0.288741068845521 -0.427298920434371
0.0386202812876294 -0.0215424628948791 0.131662031115856 -0.215917293856241
0.026001520786457 -0.0174175994003571 -0.0412412014458316 -0.00895771064207971
0.0241832192608829 -0.0230163123599491 -0.156259909515805 0.167296069973588
0.0292592396880781 -0.000381598121477715 -0.291132416294668 0.39182460224472
0.011389898852518 0.0412653117561059 -0.384706586601912 0.544565888060894
-0.0518804537859413 0.0493572761743518 -0.495489589835492 0.594348402969735
-0.0397475700937143 -0.0216922774363474 -0.502307745651057 0.490494719306235
0.015614123897662 0.0135958266032244 -0.368256141806746 0.403591046068251
-0.0282431696372665 0.0792629502148242 -0.306896851554942 0.275452332045616
-0.0368656654764997 0.0716520463616498 0.336356311202515 -0.161154519766739
0.023502339463013 0.0141406833391925 0.371722439373254 -0.356025664995142
0.00412684696418343 -0.0462470657103393 0.545244809224994 -0.377452281414457
-0.0532691089128129 0.0126119428522888 0.629706289717474 -0.578529013979603
-0.0106536818035659 0.0449084939569913 0.469911138546731 -0.599465051812626
0.0294937687189538 0.0176158332476145 0.274871525049362 -0.440075702185572
0.0418466129222713 -0.0270996976539536 0.138248379206516 -0.227255079474353
0.0295742411342675 -0.0228260423743493 -0.0325233567870729 -0.020285790569533
0.0296335354998786 -0.0263073423283335 -0.150230881666314 0.154202563458153
0.0347951159590608 0.00243198653189756 -0.301635717468389 0.375419345727622
0.0103398076136672 0.0496062042246014 -0.422874962039912 0.521188965520369
-0.0649331239725388 0.0484001364476551 -0.560601400982926 0.554845022435511
-0.0389205784132603 -0.0356696635872538 -0.540632759743581 0.437201946391723
0.0229960029817622 0.0208568570014373 -0.380963742031907 0.385777629765084
-0.0390052209872429 0.0934808312053656 -0.320439742898857 0.254527631803556
-0.0275424975012788 0.0696484560179945 0.32497049984252 -0.199185845184084
0.025954549719424 0.00534028054432881 0.354778394754718 -0.356935334809017
-0.00375486590049925 -0.046844279068098 0.525029974943493 -0.437717101674152
-0.053016834044389 0.0200766363902322 0.551333245831524 -0.629499520040709
-0.00649094704932704 0.0474894060242245 0.420425869271698 -0.614782047281633
0.0289563522880267 0.0139712945192118 0.262699244650442 -0.449693625200844
0.0414264438601934 -0.0288151744987307 0.144407462580944 -0.241340153304909
0.0283093449377216 -0.0250911236250778 -0.0207326925111076 -0.0318323743120643
0.0305125411729484 -0.0260456795162369 -0.140232858351358 0.139934864884576
0.0355232393281899 0.00573608150153904 -0.30833578186641 0.353851953113039
0.00502082610028649 0.0532479181564389 -0.463733271911182 0.496071755024589
-0.0720015490873297 0.0405946392288139 -0.625216983033976 0.505186521702794
-0.0324464283644695 -0.0434648044595294 -0.573191266647218 0.378331306554426
0.0243075478320851 0.0299687162960517 -0.3938794372544 0.371155478045571
-0.0504818535843379 0.0910047791731849 -0.332191697246644 0.230972138328202
-0.0167966865319896 0.0520868656762372 0.310802730481618 -0.227546078141442
0.021565085483322 -0.0059322236634693 0.343816668654897 -0.359944570791237
-0.0101137506489819 -0.041736683818617 0.499827619785065 -0.489074900306245
-0.0462420576429929 0.0236742690126777 0.483651525061949 -0.661538990002946
-0.00509808488913197 0.0422568185213308 0.378395699939076 -0.622498333645525
0.0253525112379101 0.0120701792583369 0.251794392468156 -0.459815431751016
0.0365342833009698 -0.0279280973613769 0.1502702418136 -0.25390642673521
0.0238600415439612 -0.0213796480786485 -0.0104179224722216 -0.044315536567812
0.0266099760522501 -0.0217297645244981 -0.129309972513549 0.12655132982095
0.0304757776184416 0.00745164258445163 -0.315295357972035 0.337923385885988
-0.0013390269609006 0.0485385969778703 -0.500814012446419 0.474288569502185
-0.070274484567988 0.0300938571064925 -0.679976748290642 0.455920813782069
-0.0215232045743046 -0.0413381986713147 -0.590889014569336 0.325852342451663
0.0172932561293337 0.0348758100944271 -0.404386159021475 0.363936842625226
-0.0562039335524458 0.074322399911847 -0.341295575181922 0.208466225161214
0.0341624647218791 -0.0763874788630621 0.321320875953422 -0.0868195525527818
-0.0313439322000472 -0.045091528116199 0.415823342570974 -0.329173047420725
0.00764380562843091 0.00801891562188386 0.586959647975214 -0.269652813054632
0.0224642774265013 -0.00572445098788886 0.755805044998235 -0.457232886800186
-0.0155425454705159 -0.0172951112606237 0.578980623828001 -0.544252830585695
-0.0184184049411756 0.00869993501109954 0.308338325542994 -0.413305027523396
-0.00236727080765424 0.00616586765004161 0.129871110632099 -0.20723359844323
-0.0203093853087368 0.0240046073670822 -0.0479827385588948 -0.0039279260772922
-0.0179331545882467 0.0130624322420862 -0.155646880960137 0.180607364840468
-0.0148301657532705 0.00125469972450765 -0.262554655474253 0.420852708517992
-0.00864450471362335 -0.0113217317356941 -0.317135812178652 0.589403160951875
0.0110195371688916 0.00307557109198235 -0.40867801378869 0.657163779884305
-0.00283338763953819 0.0332627424532473 -0.44359744370107 0.562265204183857
-0.0366320572151526 -0.00508153280070342 -0.338318158931816 0.438965776286111
-0.0162342880061512 -0.0536928622202061 -0.288396745846008 0.315574914752019
0.0164416118663013 -0.0401352814311632 0.325558509428432 -0.0704533203494659
-0.0204585888384379 -0.0316723353149703 0.426491756039713 -0.335519608763617
0.00768164866564771 -0.00345811786024429 0.579621742295024 -0.254043520213095
0.00577653169252886 -0.00224015759914154 0.775259769419016 -0.437105733559847
-0.0140210010468444 -0.00363819039130723 0.594126276863439 -0.543834377106337
-0.00686008322357296 0.0109240820821137 0.310569288175265 -0.413832796240728
0.00831836263212509 -0.00190832101671143 0.12411917690837 -0.202895455486519
-0.00801051346684632 0.0138386493491052 -0.0525545376267072 0.00305310088660672
-0.00734432244612782 0.00476333213627813 -0.159253569188478 0.186634038960443
-0.00394662617514358 0.000348374480100745 -0.264174890542394 0.424580949307063
-0.00266133736857829 0.00141587682215727 -0.313869557887336 0.590082507609893
-0.00377798304265658 0.0154969877156608 -0.390369307822002 0.659818828606906
-0.010331239345194 0.022425704789838 -0.431773217259611 0.573065730618951
-0.0234034689212555 0.000911294294885058 -0.337229126086897 0.441927329045075
-0.0187767169394166 -0.0153351726609979 -0.283533330675133 0.316446186101209
-0.00669235371051419 -0.00282547516127296 0.331927060303055 -0.073574333128881
-0.00970072328790711 -0.0120107031236058 0.425370080689157 -0.343109646692163
0.0101620983017182 -0.0155403329622369 0.574903493131909 -0.261650736799076
-0.0129857667203448 -0.00176815705332734 0.770481312712008 -0.446015419073123
-0.0142334240836958 0.0119853460630076 0.588634627809828 -0.552672516006569
0.00430750320951563 0.0137843137765034 0.305229882107256 -0.419339733097695
0.0212194607285432 -0.0084372739307468 0.122231279519346 -0.203569672717162
0.00484460614875142 0.00204900911981925 -0.0540245170560329 0.00301578643232695
0.00432987174853453 -0.00656614921332991 -0.161102554398905 0.18768162436758
0.00972072279857542 -0.000587126941597683 -0.26815899130364 0.424220317482612
0.00342117252782256 0.0156200023420197 -0.320972707481599 0.584085684435853
-0.0188750910549215 0.029888620341134 -0.402047417471214 0.653543809938236
-0.0218882677426764 0.00875940882276663 -0.439280188248256 0.568344978367226
-0.00976840609724576 0.00520121859693455 -0.340574166644805 0.438153154862856
-0.0188946402776616 0.0216451665928811 -0.286414171134162 0.311682426041085
-0.0260292339980715 0.0318566071690778 0.338747429087126 -0.0937349038671183
0.00204351865745453 0.00532515423825932 0.413182902153034 -0.352739880402886
0.0116428944300567 -0.0282621841767261 0.568404119076419 -0.288561917467479
-0.030979214348985 0.000413183237166262 0.742938796428575 -0.480336064473128
-0.0152233302461088 0.0269566308274537 0.56360210827131 -0.570932725986772
0.015101708265721 0.0175079315218482 0.295272116135885 -0.425635691477936
0.0304965540376271 -0.0161640395838047 0.124635486372929 -0.209020500097112
0.0158003094474132 -0.00886347577563411 -0.0495486310591744 0.000494857329343888
0.0151921879588678 -0.0160336935242623 -0.160171308578439 0.182367288527094
0.0209046144579364 -0.00150365038911303 -0.274634083311627 0.416512903478395
0.0103314700184025 0.0288843403283816 -0.344818603825966 0.572535297515633
-0.0354628225584241 0.0432920876368972 -0.436021079966263 0.636431034131273
-0.0338259035826203 -0.00626957064768854 -0.463706803098073 0.546249703542181
0.00379108862635835 0.00818803061724602 -0.354982304588659 0.428554797846276
-0.0215400374887173 0.0559367578803908 -0.294714357326811 0.299817758963662
-0.0374444892467004 0.0588760351528162 0.34259421833226 -0.127964399700326
0.012861748769784 0.0145749882711319 0.393377763334216 -0.359996307178093
0.00935113240859537 -0.0391485302094459 0.558635637476036 -0.335586482108255
-0.0456361397329685 0.00489414524531094 0.692112757209915 -0.537197910606646
-0.0138406977313647 0.0395234612876751 0.519106051674467 -0.593398078148143
0.0238001402650247 0.0169632847497226 0.284468422091736 -0.436461162347997
0.0377207956036987 -0.0239354249028345 0.128203310101667 -0.21972483683831
0.0250594138061038 -0.0179825830719145 -0.042675570855077 -0.0083602045735865
0.023499484655795 -0.0234342296984578 -0.155908410616522 0.172950286595592
0.0302556483129977 -0.00172011822852149 -0.286317165748893 0.401987918888174
0.0132041550700517 0.0413712912787589 -0.379661456565945 0.555277085292022
-0.0514440075800727 0.0508642252341757 -0.490220786228308 0.609198884422011
-0.0415075110071562 -0.0212665310731395 -0.500646025321967 0.505945713525704
0.0158938843911092 0.0139400320488993 -0.365681841838241 0.414298408296419
-0.0258203331673659 0.0811824015161465 -0.306494279913817 0.283511461378245
-0.0365205353483644 0.0723807515304224 0.336779528894357 -0.167357659819656
0.0244703861634245 0.0133722455487292 0.369355112897918 -0.364313348991971
0.00336514102743645 -0.0477480951066291 0.544642093677784 -0.39240588637617
-0.0536860174045581 0.0134695172786369 0.623340376213641 -0.596049409052745
-0.00971759567782191 0.0463478668281666 0.464943243549957 -0.614996231227669
0.0301566791096729 0.0172235971154475 0.269600369389208 -0.448700684998912
0.0421567456241997 -0.0283674353619587 0.136243933685726 -0.232885526918288
0.0292963669105231 -0.022811745559546 -0.0325315844425364 -0.0191610061005025
0.0294994649312421 -0.0278630409392172 -0.148838790947586 0.159478798730246
0.035698770867178 0.00172837160599369 -0.298079377926592 0.383439761494236
0.0119461934889812 0.0501578999167166 -0.418757571189762 0.534151640018647
-0.0646805549245005 0.049937499422906 -0.556020344328701 0.570374496132862
-0.0401958134544233 -0.0357446473251207 -0.538584242634252 0.451466599709484
0.0236698529784034 0.0203827608700865 -0.379353130424768 0.395703497526593
-0.036424191330605 0.0943589419626625 -0.318385898585452 0.262043068690157
-0.0277947222048844 0.0710749619357893 0.325940575572902 -0.205966632888379
0.0254589841813271 0.00480548487856859 0.353321465677537 -0.367159167061419
-0.00556259923845324 -0.0479905571973839 0.522828134700542 -0.452521801528554
-0.0535506149160954 0.0220579966579743 0.549477921102615 -0.647855295980301
-0.00578744701408048 0.0476037558189798 0.413090855458995 -0.630973675787252
0.0302829479652758 0.0141184373063689 0.256775158648709 -0.459631892770849
0.0419116157749965 -0.0303075003913918 0.14186831081065 -0.244996067109145
0.0286477892425424 -0.0260707679214243 -0.022309963102796 -0.0326783456014042
0.0297578753269596 -0.0270952012705656 -0.139997414428684 0.14240843355259
0.0350775292410944 0.00447859802357017 -0.306144302234155 0.361827032143943
0.00597926844321608 0.052775766817725 -0.460018758726944 0.509425881130021
-0.0729258492435568 0.0429556926429994 -0.6234146124329 0.523115571390318
-0.0335750283574449 -0.0435456838010749 -0.571905887175927 0.393858366107095
0.0249498133002631 0.0294393523197247 -0.392641849984765 0.384275464930403
-0.0497891656984132 0.0946283164335619 -0.331712664558359 0.240096663893264
-0.016256368327483 0.0533881480800794 0.309747061873901 -0.233822525631381
0.0204259932362302 -0.00560380463650026 0.344371988844864 -0.368699320139589
-0.0106534286609564 -0.0428134822155101 0.495457950751358 -0.504214178706908
-0.0453338194854348 0.0253967282571552 0.477876646864632 -0.678787604780653
-0.00373556948210433 0.0422511942826513 0.370326632501328 -0.635775236682327
0.0272788690319827 0.0109401935589249 0.246211204704897 -0.468336878389455
0.035903531088666 -0.0283467687262875 0.146347906674009 -0.259011002660959
0.0232954316315521 -0.0226257783568851 -0.0117374499058928 -0.0446043214315683
0.0258983040624601 -0.022949576787921 -0.129679753747787 0.130054484483187
0.0317351868740025 0.00768788274008711 -0.311237736211158 0.346658419798445
-0.00107561304113295 0.0498482678080701 -0.4975759799026 0.489027636838159
-0.0701810574941764 0.031479928584085 -0.680335948375523 0.472393247502168
-0.0227433249232082 -0.0422175051116568 -0.593226307238196 0.340697310336261
0.0174274757594713 0.034691658766667 -0.404260665578617 0.374531976328568
-0.0554696856338471 0.0758153532368912 -0.341544748426346 0.217009416138899
0.0327859669552342 -0.0766150942639233 0.321747966666365 -0.0925145386319397
-0.0327344926618742 -0.0444903360659811 0.414881258484094 -0.340298127993857
0.00835269901946737 0.00751843547649969 0.585528774115884 -0.283485418104631
0.0222471474299329 -0.00636999131361049 0.754044937036531 -0.476208882161756
-0.015576767967846 -0.0161561568003518 0.57185124509619 -0.562996779463611
-0.0169951743124 0.0089417265136577 0.302572824928622 -0.422786721407898
-0.00214376567513626 0.00600393978387983 0.126784133426203 -0.209804101682547
-0.0202869347188132 0.0246356488255985 -0.0489344855477802 -0.00254163345734058
-0.0188347826114733 0.0140680904446178 -0.154045066734495 0.185181562520062
-0.0145635920289515 0.00158700716214251 -0.257473880218203 0.42853229228401
-0.00838033543133927 -0.0118580271296341 -0.308787904004702 0.599817379073581
0.011272926660033 0.00312948236643183 -0.399397878857277 0.669576633478285
-0.00254982275905334 0.033812269284678 -0.437575969621255 0.575987607653602
-0.0369953192394325 -0.00454995471894758 -0.333438762812893 0.449954735811815
-0.0164329014210922 -0.0538520609375931 -0.284846980856076 0.322900564977323
0.0160547299943629 -0.0400235249384476 0.327939893997138 -0.0767841832598927
-0.0218622693328435 -0.0309523880333959 0.425287713428145 -0.34589305102415
0.00693900355939217 -0.00449836381095755 0.582150095918433 -0.268525167614226
0.00557316907354497 -0.00293542058995691 0.772293739394463 -0.459351479224501
-0.0136779308065579 -0.00266788538257088 0.588991609903891 -0.560389485937901
-0.00581286528755534 0.0109355814327969 0.303189649368899 -0.423617929383766
0.00845892431802973 -0.00131317744991438 0.121239411648397 -0.206083697818095
-0.00789066169678929 0.0142198070098726 -0.0539415714324043 0.00372667984414175
-0.00742798225567124 0.00420496063042622 -0.157154904889767 0.190915025621914
-0.00314000803195121 0.000598792780564185 -0.25886965726426 0.434139721520269
-0.00350475499982583 0.00192266322519407 -0.303312363768629 0.60051210687186
-0.00295444663035446 0.0150228359264292 -0.38154938466068 0.672563662829487
-0.0106848791223211 0.0221955736642281 -0.425389480964104 0.586982097290619
-0.0236767235471827 0.00177940000944299 -0.333099105945549 0.453070383619676
-0.0185917330901654 -0.0154004276633363 -0.280983780886945 0.324389821254356
-0.00697124458474139 -0.00198204534446692 0.334615981511063 -0.0783560334905275
-0.0107715102817589 -0.0115435885198129 0.424464222671837 -0.355896760000126
0.00923883441222628 -0.0165039379806761 0.574016315127667 -0.274791790840048
-0.0135495574572702 -0.00132884136689372 0.767983880013944 -0.464984149851084
-0.0138910878587343 0.012296386068572 0.582453804029893 -0.570015591925874
0.0056884039488515 0.0137178217006936 0.299543504961336 -0.426492372024539
0.0201361440948964 -0.00966488842256812 0.119923275220675 -0.208281049983113
0.00458626637439357 0.00308291145753935 -0.0537269633560225 0.00536243530766444
0.00377681655579069 -0.00567825114325505 -0.159026345003349 0.192741897351212
0.00992077339813373 -0.000911477664431396 -0.261767321749497 0.432545557322794
0.00415986418165025 0.0159195332174008 -0.310805177135951 0.593775055794137
-0.018296020015452 0.0311916526155728 -0.391563790581723 0.666323799196503
-0.0217717934717213 0.00883466701344555 -0.431611283894333 0.583246115366736
-0.00981367518323325 0.00556778118011291 -0.336867323683314 0.449914458232041
-0.0186596817270282 0.0235399335214714 -0.283926126235321 0.319397375790158
-0.0275022432299732 0.0324367529547046 0.340625060555877 -0.0986652103330593
0.00169398116261334 0.00534755694230939 0.411209042827719 -0.36432983214074
0.0114180439244754 -0.0276816420857793 0.56649427271858 -0.303527571438053
-0.0313130567955927 0.000844605689462557 0.738412095312228 -0.499654977140755
-0.014124637503584 0.0275930901316837 0.555082687158292 -0.587118506291199
0.0168731050282956 0.0171223565186789 0.288387545481067 -0.434592507540857
0.0302415008493541 -0.0171467393757843 0.121525366985865 -0.212360156959918
0.0163283842003803 -0.00933806527688022 -0.0506548503726204 0.000814408742466637
0.0145205088537806 -0.0168921435905637 -0.158009429724302 0.187029533485753
0.0213252709367009 -0.00204721422495679 -0.27045138401624 0.425286371413526
0.0107920808221993 0.0296315893700402 -0.335884650221973 0.582283584968362
-0.0347906471653768 0.0446111696637382 -0.427602599963811 0.651963805054438
-0.033896436959155 -0.00561210818396673 -0.456259653278156 0.559044212759206
0.00411888301376923 0.00841430193779009 -0.348918302541763 0.439538976990767
-0.0204850135778261 0.0560567846685194 -0.292525776694801 0.308462996664417
-0.0363302208131949 0.059810241148975 0.342454637159968 -0.1343999398627
0.0136994680306562 0.0147747839364357 0.389921367302622 -0.37115930238734
0.00826864750377688 -0.0401580233523655 0.557636471543982 -0.3500493042872
-0.0468838696435287 0.00670195158276107 0.686156984815032 -0.553638435598224
-0.012570170037599 0.0389972208606478 0.508965102881389 -0.610009121947929
0.0257468323335026 0.0171625410110565 0.276017225270503 -0.44662864739525
0.0376585719076734 -0.0239763678900821 0.125803859693758 -0.222549775515812
0.0251166945998381 -0.0186910769644113 -0.0435750858280547 -0.00693804432711616
0.0234114622637823 -0.0244703758294389 -0.153333554186859 0.176383044418525
0.0302732047693659 -0.00278173720096453 -0.280289968881985 0.409515492455874
0.013086130924266 0.0416813655130463 -0.371258618799171 0.567776275100324
-0.0507036089793924 0.0517970535770294 -0.483502506959438 0.623394704900744
-0.0416967463210605 -0.0212828702111848 -0.495538804620355 0.520286639591369
0.0157849198265969 0.0138770762914647 -0.361810407532044 0.424239688560174
-0.0248272289760439 0.0820305134619834 -0.304896849048306 0.290281562729912
-0.0355062424648014 0.0740506960498474 0.337516154850092 -0.175001438592596
0.0230166153242451 0.013539150932062 0.366946058112293 -0.376037044012985
0.0029500559951471 -0.0475850163149923 0.540836849636127 -0.407480305119541
-0.0536744151855222 0.0150021762186373 0.617975525399659 -0.616113219410095
-0.0089083216765892 0.0474661132866289 0.455368930762936 -0.629401668804371
0.0315353768564325 0.0165266917661795 0.261254819314103 -0.4575553303736
0.0424388821984062 -0.0297022759423829 0.131765143097362 -0.236574456047837
0.0293919451488822 -0.0243266950185899 -0.0329270562648053 -0.0197207884138786
0.0286911632102265 -0.0285061523218968 -0.147031490231909 0.162017397529887
0.035679846233951 0.0013064883933997 -0.292007720511963 0.390747539754232
0.0131161961142917 0.0504089765980007 -0.411671447186496 0.547459766404229
-0.0642337489472803 0.0523943673001831 -0.550876435859212 0.587008516107676
-0.041668715918939 -0.0347584131301757 -0.535719868958154 0.46662348207109
0.0235264222059102 0.0217621431943941 -0.374931475376015 0.408917599400505
-0.0361313980323243 0.096528099028072 -0.317190950966689 0.270108244064309
-0.026844571096561 0.0715545600308237 0.324735054712917 -0.212322451647168
0.0251584330208687 0.00422648781424752 0.349291276701299 -0.377706994969124
-0.00615362376299028 -0.0487698445606676 0.517410277032734 -0.466559133373355
-0.0532369793112819 0.0229265226702835 0.5388814120819 -0.664307339567343
-0.00475380023820421 0.0478131541376109 0.402630539799758 -0.64276188778082
0.0323403212684356 0.0126525313601075 0.248114743869109 -0.467726799037859
0.0412810995572799 -0.0311397605602347 0.136960068719028 -0.24977589432946
0.02912806428853 -0.0261421443690171 -0.0229262410319467 -0.0316726097925192
0.0298140314849052 -0.0280556340238407 -0.138845192214238 0.146736915836142
0.036417690619643 0.00414910980670239 -0.299612445068791 0.371012081321546
0.00729156362745388 0.0542354165380763 -0.455151075726111 0.520758995871097
-0.0720000655468202 0.044334830706712 -0.618842459878192 0.538435659776709
-0.033956289295638 -0.0432890467486169 -0.570644947993544 0.409181876937057
0.0253044161065861 0.0296029717704941 -0.388770813045225 0.394642193400625
-0.0476359742490697 0.095330993387378 -0.329035797470272 0.247538155487435
-0.0147620669344271 0.0548033300484337 0.308897965142843 -0.240587544851425
0.0202148560914598 -0.00673805144720937 0.340086413203387 -0.37857989743718
-0.0122222573604706 -0.0429784605653928 0.489350351918889 -0.519992364198316
-0.0457316426976191 0.0261587815786545 0.469186969811652 -0.69467532157492
-0.00328608157946944 0.0422092212211192 0.360134062703699 -0.648006528398267
0.0283619316409108 0.0104712491849483 0.237837758013597 -0.477073073159487
0.0361590667495618 -0.0290003533413543 0.142964399411768 -0.262919786940616
0.0225263648059072 -0.0224105983373154 -0.0127135150311709 -0.0438299820855894
0.0258516426094689 -0.0230386058826966 -0.12855750536408 0.133312041587149
0.0312536796193573 0.00789407408343747 -0.306607337208145 0.353642172006628
0.000645952969668181 0.050693720539437 -0.492023074940563 0.501187484320954
-0.069355776744981 0.0336070079343319 -0.677150766871411 0.49009671981268
-0.0232578350114518 -0.0426317622125782 -0.591032095242317 0.355001758639845
0.0184842101968427 0.0346769794986299 -0.400389341974763 0.385515826801248
-0.0548807477354981 0.0777353702362866 -0.3414531595777 0.224962292412941
0.0315172097443097 -0.0767653976707851 0.320657683211559 -0.0993753382575275
-0.034145068701046 -0.0442828711323117 0.410047703469772 -0.350211885387322
0.00811809555889577 0.00666461770040762 0.581138271103441 -0.297660160498845
0.0224300423028073 -0.00648060303706852 0.746176922404543 -0.495852132525523
-0.0155543012877863 -0.0155727002154793 0.561063651152762 -0.578458592092708
-0.0165510192619818 0.00830921935043362 0.294349900476505 -0.429899305458471
-0.00239411557595612 0.00512871651389867 0.122237400566225 -0.213627352425801
-0.0194188022024077 0.0258593557283025 -0.0499433201798802 -0.0017533567579434
-0.0192489976346561 0.0147687537858689 -0.151409027876093 0.188513507564595
-0.0137059805670204 0.00204055097898864 -0.248609625977286 0.435222038718604
-0.0089309701251756 -0.0112426641153818 -0.296543325933256 0.607112992259662
0.0118965553732574 0.00313062663115941 -0.385138720501728 0.681090592687854
-0.00128639842179016 0.0342638028532027 -0.426705695520133 0.589773369816977
-0.0378405693381628 -0.00411838324786034 -0.325024760072584 0.458593115944903
-0.0182269495145579 -0.0539399362673704 -0.279552422134481 0.330921337357388
0.015710990897532 -0.0411443457220843 0.326997001340867 -0.0838259333680735
-0.0228747115093639 -0.0307449567345948 0.420750310107726 -0.357923985102762
0.00771709971591947 -0.00511460111618532 0.578612611656105 -0.281829235757086
0.00562233160362621 -0.00280351992296038 0.766082073981738 -0.478918034570121
-0.0129625341612437 -0.00239040736636538 0.578054594221541 -0.576252173889864
-0.00570774251437085 0.0105334192081065 0.295077806908146 -0.428797650847665
0.00827474461156931 -0.0014733914991059 0.116672375355529 -0.210388506076366
-0.00749395188760206 0.0151510603725943 -0.0537457621306777 0.0058517007120315
-0.00783291277367881 0.00410326607985111 -0.154249863991486 0.195059021424445
-0.0036473811730761 0.00129868085405719 -0.24867149506798 0.439747821685455
-0.00258960417939847 0.00226108196106374 -0.291852518004602 0.608396152232064
-0.00273683330377804 0.0159331087642431 -0.368249886269515 0.68428899762968
-0.0101037961889585 0.0226946956177816 -0.416125285980213 0.599428494019402
-0.0235830789110885 0.00204021220524149 -0.324337661732584 0.461032668645472
-0.0181098163867587 -0.0154880858729226 -0.276032125009832 0.330822029619632
-0.00675517577677114 -0.0022661974373237 0.333640115223387 -0.0844965773053889
-0.0115614535643821 -0.011245287864624 0.420396922141082 -0.366244765125898
0.00876220005811885 -0.0170095477166692 0.570915500521427 -0.289612977969853
-0.0129951640579985 -0.00153911049350083 0.762495516626702 -0.484589998681679
-0.0135918512365186 0.0130987435854869 0.571819806459309 -0.586749619594371
0.00612455533811879 0.0137897059376758 0.290716454151383 -0.434384957394382
0.0194193042803764 -0.0107583689840168 0.115465815988715 -0.21013370243356
0.0051589345259292 0.00252217697985241 -0.0540352029495713 0.00671461510371398
0.00357914597569069 -0.00665511224419753 -0.156640140725735 0.196093577204283
0.00985437311804757 -0.000882113365538388 -0.25443685778176 0.441038286478489
0.00520325973616178 0.0157905699062288 -0.301205120954766 0.604209120837208
-0.0174136604635329 0.0308328339195004 -0.379251616578127 0.68131300651992
-0.0222902845433231 0.00960039153647961 -0.420037731492538 0.5965582978037
-0.00966858012474126 0.00519545445766522 -0.331238904031964 0.458912010601849
-0.0173845781009394 0.0230671111055879 -0.277672732723109 0.326416312913387
-0.026062417374851 0.0337311053582961 0.339724106267554 -0.105092423371241
0.00123844873793545 0.00508847745105279 0.406219693433322 -0.375144237731263
0.0102544630708624 -0.0290639899227472 0.562275362236652 -0.317388698519962
-0.0307361273375125 0.00127844366355794 0.730473924009342 -0.519784164953643
-0.0127945116808203 0.0275074255626144 0.542126293419661 -0.601549784344892
0.0179190558852139 0.015273922263222 0.280709795608618 -0.442956071274586
0.0298527301961319 -0.0185807520135875 0.11690276711185 -0.216035285065393
0.0158783206082829 -0.00862543619755173 -0.0506059844312459 0.00277551898965167
0.0141699949093555 -0.0169504280574506 -0.155211190173102 0.190935558763309
0.021832885906259 -0.00258033014271575 -0.261636764741669 0.430342533243804
0.0123745622980019 0.0287094417256479 -0.325280584534596 0.590812891155664
-0.033665471241502 0.0449289362299702 -0.41329376910207 0.664110219157107
-0.034028628624283 -0.00514562305077621 -0.447168001812238 0.573684756455106
0.0046607635479324 0.00843618453585683 -0.342432131763217 0.449616721438437
-0.0181951198452917 0.0574931299930657 -0.287958372571779 0.316002663074162
-0.0356517916930403 0.0609876862876093 0.341664116271508 -0.140044568993518
0.0131013335880059 0.0143510186667892 0.385032005535444 -0.380578155557317
0.00710429307582352 -0.0413221159402025 0.551772339044896 -0.362877353280874
-0.045808586342053 0.00695607158438048 0.676814425748001 -0.574488730255316
-0.0110936279793424 0.0397697735974293 0.499078765426971 -0.623520819208851
0.0258476077910822 0.0163759125202489 0.267350136126171 -0.45340178858664
0.0380540434457892 -0.024750315837496 0.120884282458724 -0.226543750821819
0.0245433320228406 -0.018508188861204 -0.0440326458250713 -0.00517929104570877
0.0221614765712419 -0.0249799611261308 -0.151401653094649 0.180120052074094
0.0303564143223099 -0.0029715389127672 -0.27405570092657 0.415850688532668
0.0157822543574744 0.0417948579807859 -0.359882113007299 0.576674441874885
-0.0501895165328362 0.0529645546300427 -0.472323590633979 0.638599002741291
-0.0428896229986942 -0.019931242250127 -0.485440618088017 0.533789359176994
0.0167380412818904 0.0130928279158198 -0.354831434003092 0.433399034629973
-0.0236339586301855 0.0825483563950773 -0.299895529226091 0.298606115937119
-0.0342496491169762 0.0750497750207899 0.33506732920634 -0.181811431506366
0.0228319974605303 0.0127219622944763 0.361636795562592 -0.386334654892794
0.00100622909079492 -0.0483293776846237 0.534050977684529 -0.42239316743918
-0.0538183264339059 0.015919936520638 0.606387959396752 -0.633120135100118
-0.00647839365759355 0.0481491560213493 0.444248927030059 -0.642371799163128
0.032295107370486 0.0152465358135819 0.251336511100022 -0.465223778549164
0.0417111570159588 -0.0305940823346665 0.126590634447335 -0.240740467112496
0.0287091937729943 -0.024940662618967 -0.0343674702836463 -0.0176461882705874
0.0279216149896495 -0.0289220166346197 -0.144722330079829 0.16578727143943
0.0361668404097043 0.000367616422109275 -0.284643412081105 0.398889235575704
0.0141329518259445 0.0498332523414506 -0.40250380695203 0.556611707621982
-0.0636267095925512 0.0535256749527428 -0.540690605673718 0.601643292953115
-0.0426294903388688 -0.0342958169689723 -0.528096438742612 0.482791225376522
0.0239940246634402 0.0204475847874547 -0.368325943125712 0.417683184830941
-0.0337794279993113 0.0976352456819508 -0.312741624045793 0.277678621519408
-0.0252871601187817 0.0729532028867441 0.32149111862496 -0.219024396464031
0.0252873433589368 0.00367964826340876 0.344874650796728 -0.38576232028487
-0.00764019069286976 -0.0495585033881856 0.50910020823642 -0.480199118138808
-0.0526518072754996 0.0239602250943623 0.527252418011177 -0.678167915376726
-0.00301642566128689 0.0484067663141993 0.389961122646312 -0.655832276997624
0.0337867940040587 0.0119657479512572 0.238849017876326 -0.474252735832587
0.040002262356963 -0.0320807848557813 0.131768103307214 -0.253243479544254
0.0285328078707061 -0.0263903120607961 -0.0246595080061434 -0.0312178641730365
0.0280765752123975 -0.0286331722036281 -0.137031450972827 0.149573585957703
0.0372563025125664 0.00305774472453093 -0.294792852137183 0.379848372969957
0.00859906528720875 0.0540400967882708 -0.44498698359308 0.532720073929007
-0.0713352289482402 0.0467234545673987 -0.608159302429017 0.555498951786994
-0.0350257187298758 -0.0425410227352065 -0.565562603290183 0.423543945287714
0.0254288965155648 0.0294490477447887 -0.38256040020309 0.404852338293875
-0.0455186655139114 0.0975415069673294 -0.32654391917879 0.255699594154686
-0.014692359486017 0.0549381579174836 0.306338919415667 -0.247340930875156
0.0190079843750128 -0.00682572078441298 0.334168353797603 -0.388063754082237
-0.0134045282622366 -0.0430032908618607 0.479957195566924 -0.531251555491884
-0.0447448368413432 0.0272778989050045 0.454628608004926 -0.709313595185163
-0.00147302763387158 0.0428029167139337 0.346087142857446 -0.660495737001207
0.0292754543255704 0.00931946949423253 0.228658094883296 -0.484210886981227
0.0354240008590528 -0.0307011293281517 0.137123042435601 -0.267083900251206
0.0225479371185672 -0.0227155322263418 -0.0139746836908777 -0.0437613877829495
0.0244748990444493 -0.0246281757583637 -0.126663845234767 0.134972204884726
0.0323941521917391 0.00678642923165903 -0.299983257295328 0.361736711555436
0.00188204626087881 0.0513181386467814 -0.482545940063527 0.513822837499561
-0.0689405479439026 0.0352253189853896 -0.669540348873647 0.50745311048409
-0.0248044671788988 -0.0421660342523749 -0.587906105901511 0.370191655794177
0.0200562144376132 0.0340790481686578 -0.395472244017741 0.397734104748008
-0.0521374086723493 0.0787482017584151 -0.338001812024841 0.233799787621821
0.0295186127079843 -0.0782549975193919 0.321011276590561 -0.103373150325951
-0.0356454186629928 -0.043518516644398 0.405284097431438 -0.35960914418432
0.00791092179867473 0.00579501240368373 0.576041582795211 -0.311384901013128
0.0220874445039179 -0.00690832137172883 0.738376594391032 -0.513802040902628
-0.015717462752482 -0.0151280852603425 0.547796817680181 -0.592168822006237
-0.0154145414199805 0.00901020941534695 0.282553339697496 -0.43755928100958
-0.00187837949152996 0.00498100451221696 0.118114803329334 -0.216417029452156
-0.0184341690100174 0.0270632506266631 -0.0496782139271272 8.21091802751548E-05
-0.0186578568974697 0.0147736227569025 -0.147369256600212 0.191085903707947
-0.0147431938045956 0.00155868745380198 -0.238483704973804 0.441865382026309
-0.00839173566600066 -0.0109702006731894 -0.284345056126117 0.613071309515911
0.0122462238112532 0.0030156144963242 -0.373084068678397 0.690171903384848
3.69138468645364E-05 0.034238680219261 -0.415132608898491 0.598806164029417
-0.0374840140926413 -0.00392851107417627 -0.315754391904095 0.466814249609733
-0.0185580642757016 -0.0525963918843672 -0.273209726718665 0.336310904166814
0.0144942281557936 -0.0407700222461214 0.326762551002337 -0.0893751501827436
-0.0234511720331653 -0.0296517496923174 0.415130118247101 -0.366705556006634
0.00668766078253471 -0.00538216405051611 0.571066175254546 -0.295955172611435
0.00648012473333689 -0.00295767256036042 0.757249323692297 -0.49465379714876
-0.0133759951368107 -0.00211932294062193 0.566111086802907 -0.590600778874591
-0.00475959500135548 0.00997960881666968 0.283705357826826 -0.436621067956043
0.00814656763933482 -0.00239725492245724 0.112639739368158 -0.212643574230709
-0.0068980188218272 0.015989388336599 -0.0537416273673182 0.00678470590725574
-0.00844328951042791 0.00448152744431184 -0.150013089970614 0.197678701372266
-0.0036176821894841 0.000431494121233346 -0.238284580512847 0.445459553123117
-0.00266187150577384 0.00200978161130566 -0.277225909460776 0.614076060737979
-0.00161230960770997 0.0163478594949505 -0.354101848807324 0.692696921806946
-0.00914775709263379 0.0223735318078874 -0.40193125682213 0.610302675970445
-0.024029562181096 0.00211913753819945 -0.316171050918591 0.468677835430256
-0.0185689476023968 -0.014674524057642 -0.270153954569149 0.336995347031338
-0.00658310447088324 -0.00215315213823524 0.332709731884029 -0.0907389314861552
-0.0121058183586034 -0.0113920185799851 0.413478556245213 -0.374178709988577
0.00849092402263737 -0.0185074485044398 0.563302544552852 -0.302630327478422
-0.0132183540494327 -0.000596217059276515 0.752523814333112 -0.504540809714718
-0.0124552387703718 0.0134112670087168 0.559022821062436 -0.59927680830447
0.00710087957011807 0.0128074730378387 0.280655393487737 -0.442239932664997
0.0197585950325359 -0.0106885678811123 0.110003344366908 -0.213230768670131
0.00566108189959187 0.0034733086971842 -0.0554473906863284 0.00877699601178294
0.00333927125344868 -0.00616018745067177 -0.152424029044751 0.199639083914701
0.00895034436901921 -0.00151218735621822 -0.243284222356367 0.446565106864577
0.00564180699652298 0.0155652944433017 -0.287821194540392 0.608716759154369
-0.0169486993677974 0.0317544424819533 -0.366364782271906 0.687696276562632
-0.0220620434852033 0.010077785482542 -0.409408187817991 0.606210952618963
-0.00926424253041324 0.00585399250475173 -0.321644352745668 0.467720784744816
-0.0165390451317634 0.0233120415156211 -0.272166834359723 0.333607709066439
-0.0256163189857302 0.0340257967685081 0.337814995565123 -0.110976388831856
0.000468410172625663 0.00584399461285319 0.39988161729173 -0.382765691513167
0.00874858139126766 -0.029762045662014 0.555319241229602 -0.3315312044853
-0.0311747054562639 0.00220404277756785 0.720648289412916 -0.537274796760723
-0.0122807047740886 0.0279787890525869 0.531785709064536 -0.61809295283066
0.0187286395886064 0.0152394499031553 0.270028055707063 -0.45001736988602
0.029609694214175 -0.0192042862582248 0.112988728958078 -0.218275593410622
0.0171048119175549 -0.00912398623440563 -0.0509236074130124 0.00491123550443337
0.0135086638310211 -0.017261442261323 -0.151047836920059 0.194189357532718
0.0211942572608132 -0.00421326431799064 -0.252652154257523 0.437488067694364
0.0122705958417709 0.0289229428603506 -0.313787367164211 0.599187586771242
-0.0323995582675604 0.0457252667475402 -0.401710751901362 0.674642732667907
-0.0341634508213268 -0.00530315183214663 -0.437203087911736 0.584334883797856
0.00449256797561383 0.00833427158544553 -0.333553665023003 0.456348298603143
-0.0165259464220791 0.0574712609797917 -0.281497128990983 0.322168264384598
-0.034910120770874 0.0615351823280335 0.339445461641961 -0.146049647192666
0.0136051253429907 0.0148635302961945 0.376515016468343 -0.389641672246712
0.00704145900032739 -0.0413205387001307 0.544944973260316 -0.377445536939956
-0.0464339686831836 0.00783625481065897 0.666539623780238 -0.590936125086804
-0.00945390468772253 0.0408790344066787 0.484391992552831 -0.637071766048756
0.027518776193843 0.0159653690960591 0.257085097936284 -0.459513904045567
0.0372444689785397 -0.0261424394182164 0.11551834592318 -0.228685129636655
0.0242143591510763 -0.0193472235363246 -0.0440536349941501 -0.00367380711360689
0.0216513933459104 -0.0253706862303026 -0.147191712409381 0.183465556888122
0.0312036152374527 -0.00414570152877261 -0.263307146626548 0.421440060329798
0.0162701509421442 0.0419799085016016 -0.347568411175937 0.58422694382722
-0.0476102174251294 0.055004062547733 -0.458693399847798 0.647764588667872
-0.0421054377915281 -0.020278812537392 -0.474833176848267 0.545255025388704
0.017392665860933 0.0120165232386017 -0.347516326352702 0.444430059561078
-0.0228876744710268 0.0836145924330858 -0.292616476708546 0.306754908378718
-0.0332648725927961 0.0760998181960286 0.332204945683081 -0.187075664157479
0.0226291529425021 0.0124041314503957 0.355903780586605 -0.395907924702024
-0.00106898426650393 -0.0483169661235932 0.526556600307937 -0.434358358650129
-0.053253982957869 0.01708199926118 0.594447952844745 -0.647060749563996
-0.00549967616641663 0.0478823455746149 0.428937651011785 -0.653554349800583
0.033295835148848 0.0140265522384038 0.240635749077252 -0.471020789574309
0.0406672851636791 -0.0314462618485194 0.121305860827279 -0.241823797973268
0.0284989824135478 -0.0253711824521368 -0.035157037856222 -0.0160720987753904
0.0269849695767848 -0.029601347040181 -0.142096250844672 0.168992708267313
0.0369556474669117 -0.00133652708385731 -0.275209909906436 0.405038256682364
0.0155388059157125 0.0504503768483332 -0.389339928753018 0.565495196039019
-0.0624784739182687 0.0556644666563193 -0.528019452124527 0.614006519014191
-0.0432663699036371 -0.0339656858466643 -0.519384736019772 0.494069343917399
0.0250987614049607 0.0199263424511629 -0.360458591357916 0.425271949061783
-0.031299021395309 0.0984868130916161 -0.308429940221184 0.285006953889841
-0.0238812738590877 0.0744584386638657 0.318695349000085 -0.224720659606591
0.0246447017186621 0.00395415197658889 0.33808180780163 -0.394483580766179
-0.00910452551297837 -0.0498047644597285 0.500192697771994 -0.492774124142147
-0.0522035146230404 0.0259947078727326 0.511989535298631 -0.692533114087274
-0.00176844123773287 0.0492228909233205 0.374405560358069 -0.665242847520908
0.0342046437983643 0.0111020052836028 0.228790045318152 -0.478583307446564
0.0395317931658821 -0.0339968956905074 0.124717660672193 -0.256154413618867
0.0281104804697475 -0.0267882063285004 -0.024795908621239 -0.0295302158489264
0.0284636618770247 -0.0294166194944261 -0.13359456369748 0.151389211671281
0.0367356894628389 0.00229981786995939 -0.285426483588772 0.385159231811854
0.00941741894932321 0.0535297430799891 -0.433560795888302 0.542032133314191
-0.069841423494499 0.0477472828748101 -0.59911992300446 0.568647510168368
-0.0355596275176471 -0.0413347492016127 -0.554727459330715 0.436325217549947
0.02632193758336 0.0286374140316348 -0.377029848232018 0.41331068202549
-0.0434382068029434 0.0972357463910754 -0.321844156784101 0.262153397126481
-0.0139784865920636 0.0560660355941789 0.301165341525057 -0.253491293211464
0.0184943356072693 -0.00707378907539979 0.327938045257188 -0.394996044472905
-0.0142220028670404 -0.0436533557372056 0.467810291361444 -0.544600527590974
-0.0442579508569292 0.0289599103530366 0.438157768326751 -0.72137541584558
-0.000491472981030474 0.0431498599116133 0.331253778560909 -0.668407241133802
0.0295207289892705 0.00799789988750419 0.217879543365295 -0.488510818015664
0.0347526858667355 -0.0317445911935709 0.129665893547981 -0.270148151428156
0.0225510030243201 -0.0219979824697257 -0.0148677632213924 -0.0434077282665753
0.0237605200133986 -0.023850376680682 -0.124127541429998 0.137442058959316
0.0325028370672134 0.00478470837053698 -0.293156105851464 0.368251716299118
0.00309865326223567 0.0509138034285644 -0.472297518019167 0.523810654957693
-0.0672761669658762 0.0355167621534851 -0.65882138328645 0.52318604136225
-0.0251133830142688 -0.0416080035250549 -0.57895809403449 0.38411914563669
0.0209281193565958 0.0343149796120846 -0.387314801034538 0.406555983975342
-0.0503417264398539 0.0806392344395232 -0.334898220263038 0.241182492181914
0.0284155732152281 -0.0780876481279607 0.317859185543414 -0.109195880221428
-0.0370771208405077 -0.0417908888873974 0.39532407306904 -0.367538547668679
0.0072819395514463 0.00509505636151553 0.567146969318459 -0.324299427970654
0.0219811895696906 -0.00754401252406259 0.723488578755368 -0.529520693305803
-0.0160404347861659 -0.0141795328490653 0.532407617732279 -0.60197804252796
-0.014677364123831 0.00898336992860924 0.272017493038647 -0.442003176149801
-0.00272365265343192 0.00513987916942053 0.113110265933328 -0.217493063484156
-0.0184358346490566 0.0278009806680126 -0.0500374506661971 0.00155171844609015
-0.0182333808930242 0.0158328253359053 -0.143514916958249 0.194106238517149
-0.0139235348326626 0.00223273450139785 -0.228676374408107 0.444814270671038
-0.00830372182133419 -0.011438725836785 -0.270129922732108 0.618112189078447
0.0123847856075445 0.00362550738699101 -0.357424945187361 0.695701486743623
0.000209682310881188 0.0344502767497949 -0.400585084744767 0.608088303736808
-0.0370992536544005 -0.00311682492284937 -0.305770879808896 0.471949706178646
-0.0188297318561557 -0.0532635177155899 -0.265672837744137 0.341251662713763
0.0140033849645239 -0.0415762329251016 0.323899568405192 -0.0932900395007868
-0.0252628528764003 -0.0299355319790141 0.407481560027503 -0.37393484192523
0.00634081724390725 -0.00651652918576063 0.564050465474678 -0.308952275421058
0.00460467654228159 -0.00289019858876717 0.74532401568866 -0.511427258141745
-0.0139767047796145 -0.00131185523595206 0.550574900891249 -0.602346127273447
-0.00473338937587652 0.0100572038144275 0.273864565116815 -0.44200359759953
0.00806612663211814 -0.0031374565117564 0.107021110482576 -0.213164782229057
-0.00659095076571781 0.0164346025366309 -0.0538440496405312 0.00880118422408583
-0.00807080545660093 0.00476077229301469 -0.147623483400589 0.201068236022832
-0.00332632365507288 0.000860375303733206 -0.228093297206054 0.449583817373323
-0.00249080743819446 0.00214934290972944 -0.264109498266774 0.617480199553277
-0.00137973544043818 0.0159795554990231 -0.338492809761266 0.699674168531365
-0.00828816534135971 0.0223714721720183 -0.387142986893987 0.618732791327951
-0.0242111384478542 0.00265618118405898 -0.306578958380425 0.476937121831034
-0.0183152324525917 -0.0140271783636648 -0.262307389529216 0.342459612677427
-0.00732731950423365 -0.00170934495479505 0.330739451439804 -0.0957354033114874
-0.0136889918638661 -0.0102304967654946 0.405424246541738 -0.382668566729062
0.00719505307504272 -0.0177800291287115 0.556404763089768 -0.316011402725171
-0.012819729743313 -0.000842774353125411 0.73871699219571 -0.518710540966253
-0.0127878217937142 0.0140357984209656 0.54223808274768 -0.610681724260989
0.00804291101236791 0.0112991323983682 0.269365048366863 -0.446185173094869
0.0191089983521196 -0.0120157850887393 0.104331730786134 -0.213636323614437
0.00549763572251704 0.00298703991410054 -0.0543660593235931 0.00961939510127757
0.00310119023163355 -0.00648819573214482 -0.148323319671611 0.20215784715917
0.0104898584889357 -0.00259875311553506 -0.234745078575212 0.447696902725364
0.00648378005343275 0.0158343448191282 -0.272594965834214 0.61202953197133
-0.0162619169084481 0.0322368849896532 -0.348193537212056 0.694160209907163
-0.0216263448788458 0.00976926523027471 -0.394133814192485 0.614174022022418
-0.00952145838639458 0.0050630798332953 -0.310738631435722 0.472205906296468
-0.0152339925637864 0.0236003301390627 -0.265877291319804 0.338418543794896
-0.0243075330702056 0.0344914482504985 0.335273861295306 -0.116532341430991
-0.000195460271017754 0.00611927678427371 0.392373038067715 -0.391848577035551
0.00828977183859516 -0.03077515655033 0.546559233924293 -0.34253932632524
-0.0314194458516322 0.00242248863525625 0.706486333575232 -0.550883212362059
-0.0112335792212388 0.027867587290131 0.513474469393574 -0.626362716365437
0.0190074981003055 0.0141085428635072 0.258733193498674 -0.454935668476256
0.0298403139557792 -0.020134780008412 0.105607461721067 -0.220345169531656
0.0154826870281924 -0.00853573063479032 -0.0516492817388121 0.00716989246032496
0.0137191667191528 -0.016505769941825 -0.147149367324703 0.196351139320898
0.0206000191223782 -0.00412146220869431 -0.241809694768726 0.441366586251719
0.013146050279425 0.0284502954342259 -0.298699108644904 0.604952773218419
-0.0309872623455721 0.046724650735601 -0.386818541038737 0.681968359054342
-0.0350272608616915 -0.00373814230942179 -0.421438071702438 0.5939771598284
0.00432850957066357 0.00802333535962679 -0.322781842139008 0.464092500575831
-0.0158980601153792 0.0572346994668771 -0.273692961049304 0.327332542157566
-0.033783032656804 0.0627982927724262 0.335806507036644 -0.15230431972758
0.0123764516316529 0.0150799872301248 0.368865524940728 -0.398055661824623
0.00488048944963041 -0.0417429571070783 0.533027766039652 -0.388015878544954
-0.0452384731149006 0.0101119780657828 0.650646791406327 -0.604521121615027
-0.00886144299046496 0.0405016248175432 0.468063173576612 -0.644759154961118
0.0280435629733522 0.0141679103672856 0.24612674388962 -0.463018812662564
0.0364438814226871 -0.0273267153248342 0.109283947639843 -0.230432468928741
0.0238980073998299 -0.0199699618975205 -0.0448477093252124 -0.00315930778863959
0.0219183262472939 -0.0255074970296785 -0.144442031420159 0.185647725295742
0.0307188139410115 -0.00424327555430881 -0.255169280207661 0.425729908065753
0.0180858194818471 0.0407809196146947 -0.333120555728737 0.588958811528786
-0.0465694105472385 0.0558942227098177 -0.444468668356971 0.657104105716913
-0.0424116828341477 -0.0200667648077641 -0.463460263945415 0.555502401033348
0.017262376462282 0.0118822624371904 -0.338252464391666 0.449227860890129
-0.0202278101310823 0.0841059298069416 -0.287541800858841 0.31115999774941
-0.0310374612387031 0.0778255007303268 0.328870003917896 -0.193537664803741
0.0222156313678955 0.0130136037641441 0.346760551846767 -0.401667433402563
-0.00215715839154472 -0.0490073556071494 0.514728768768609 -0.44621792320748
-0.0530306611442257 0.0184270795290085 0.576474510925609 -0.658654933538806
-0.00415574493934328 0.0479520740315439 0.410665546456036 -0.661574485431665
0.0334703820491847 0.012755887466941 0.228950305948871 -0.473987324172997
0.0404790276992686 -0.0322946146816352 0.114925667901075 -0.243025932764495
0.0286710299412051 -0.0258630286692159 -0.0357934020186265 -0.0152517736811792
0.0264296998606543 -0.030527050813291 -0.138460040926273 0.170538987640264
0.0362723750054287 -0.00245923865104854 -0.267010136523433 0.408859594855026
0.017399523804965 0.0495068994073642 -0.375817188933042 0.571033282615328
-0.0609104518892655 0.0563516573173046 -0.514803299697287 0.625422249248406
-0.0444722655663449 -0.0330411329972712 -0.50662060007291 0.505398238926901
0.0249470366272443 0.0188351070583895 -0.353081235331216 0.433169264874787
-0.028753113646677 0.0985320112391457 -0.301953736633514 0.290159492733666
-0.022683647374269 0.0736919865658468 0.313434844421717 -0.230410735014346
0.0242819819790454 0.00307696901077492 0.329360892242906 -0.400216493758952
-0.0103238290792173 -0.0492878917546572 0.486970896054053 -0.502766309046118
-0.0518108281606535 0.0265280243797587 0.497118301359129 -0.702085495403468
-0.000542730092565199 0.0497034457399564 0.358059871496279 -0.672231133276936
0.0346027816845835 0.00956042427785916 0.216203389786273 -0.483357775311283
0.0391480534647097 -0.0343540352290217 0.120792464049833 -0.257616454185104
0.0276031850023883 -0.0266613847925114 -0.026267411157189 -0.0295812774613694
0.0268991318144098 -0.0289274190905909 -0.130147614448044 0.153936261922024
0.0368279608716048 0.00120980991544578 -0.276163828058964 0.390329180284538
0.0120015222463526 0.0541860480968179 -0.420889672426201 0.549606047807955
-0.0680323895860881 0.0497267950260163 -0.584208358806398 0.579858235238433
-0.0364811270106758 -0.0413977626192802 -0.546520267500478 0.449542469436088
0.0264614166111991 0.0276286307136141 -0.367179422329076 0.420426735041931
-0.0413775443491924 0.0992865647246302 -0.316058380828556 0.269737507370184
-0.011514925917905 0.0566088455400665 0.296240825266426 -0.25945605383909
0.01919039862701 -0.00754553228295653 0.317053726936995 -0.401429225976984
-0.0147470013741232 -0.0434591059632007 0.455691944770954 -0.553124701371846
-0.0435653680573816 0.0290484542359674 0.420340837209433 -0.730132633341542
0.00195458034292829 0.043106718906374 0.313731614009658 -0.67446986904912
0.0303465140282616 0.00697714842473959 0.204932191138847 -0.491472470438435
0.0341568581806605 -0.0325034241494339 0.12356676181108 -0.272263193402601
0.0223365999134985 -0.0232255326213568 -0.0162299307073233 -0.0425399627577132
0.0233261342406816 -0.0249457552830702 -0.121524884890369 0.139494740311158
0.0329336134619064 0.00425491412921603 -0.285022955016452 0.372799510562692
0.00416433381962451 0.0512202574620148 -0.460076700224262 0.530490517582148
-0.0674490120226206 0.0382634445998261 -0.64575617326986 0.536239374807376
-0.0260826018572979 -0.0401249285062139 -0.569220610917678 0.39688432549107
0.0215037322278102 0.0332139123645564 -0.377669646131228 0.414688757837009
-0.0485146020087047 0.0811093274007007 -0.328575517489388 0.24702568991904
0.0268438272108615 -0.0782183191640602 0.314613632220017 -0.113937957429477
-0.0383162407694946 -0.0414697795681267 0.389667924092768 -0.373569102597559
0.00761938600690181 0.00520562343063283 0.558546706980272 -0.334458978047591
0.0218953264618464 -0.00844036190033157 0.708538674362555 -0.543223907834659
-0.0158327091428485 -0.0130999523833438 0.518234853333361 -0.611519169433794
-0.0149849486409217 0.0081418607719288 0.263019280127808 -0.444319464540418
-0.00241067905511829 0.00465896775968678 0.106601632991653 -0.218192248758581
-0.0170978855504265 0.0286152340489925 -0.0490188513437509 0.00201109236631024
-0.0170364777014092 0.0163540607320466 -0.140135042214377 0.195087744214261
-0.014762930901904 0.0020035777211076 -0.217090767525977 0.445022094101203
-0.00946583732084526 -0.0103636733699382 -0.254972526023557 0.618114903628616
0.0123080156543397 0.00324085469449166 -0.340009789571742 0.700003543304335
0.00191030071519538 0.0338235047802224 -0.386275350259001 0.613546056558721
-0.0370359811498666 -0.00297438356265388 -0.294421687705245 0.476929194972216
-0.0196178072717761 -0.0526411676126798 -0.259353272062416 0.345338727390751
0.0132231212266889 -0.0409383425729954 0.321830080693586 -0.0986982297895915
-0.0261075502093622 -0.0290489853300996 0.396266633378142 -0.380057925468146
0.00545967544247352 -0.00603103622063261 0.555345127044622 -0.317662481875717
0.00521380941067161 -0.00389396268232374 0.72889106669233 -0.525551479667434
-0.0134035795071219 -0.000650673193189864 0.531484887020907 -0.610294895952432
-0.00244012392129574 0.0105208338969168 0.261969120776449 -0.444830366932706
0.00800730473777043 -0.00323553728241862 0.10143265082163 -0.214186006012497
-0.00530577657231179 0.0168991291675888 -0.0538521097702468 0.0103961899349624
-0.00874475509318608 0.00621148065880429 -0.141994636940008 0.202229648270798
-0.00362320445083518 0.000228972431094134 -0.219218880480765 0.450589752585135
-0.00234885056920741 0.00181183174869443 -0.2492067464294 0.617853569459688
-0.00027974026621955 0.0159823929262763 -0.32105404535881 0.703751186450045
-0.0071851891382728 0.0224133849296747 -0.372926902002404 0.623502784314541
-0.0244177429288612 0.00229915503628338 -0.294678888465735 0.4777594881709
-0.0180213891970676 -0.013659262341683 -0.253244080963554 0.345213784780128
-0.0070418682247802 -0.00181294559748292 0.326791628622966 -0.100907042504912
-0.0133840440210586 -0.0100534524649694 0.396577700361597 -0.390074998554077
0.00662130656045823 -0.0187317269758846 0.54601257927755 -0.325255742444329
-0.0137987849890285 -0.000173821587373812 0.723863234948612 -0.531467221877778
-0.0113174120571185 0.0137847206833301 0.526817736217679 -0.619190505686767
0.00834773368918217 0.0109909450689825 0.25756241909507 -0.448996684279969
0.0185263195211798 -0.0118772258045798 0.0992890913324314 -0.214129068821247
0.00627668691149637 0.00357654825807193 -0.0537006365987448 0.0114895691250649
0.00163614020769471 -0.00613493125922181 -0.144103358951465 0.203725485812993
0.00872665008389131 -0.00261440909758659 -0.222547168114396 0.450002171172272
0.00659801012656366 0.0154173562990885 -0.259982044949421 0.614704785214462
-0.014633955939648 0.0327257868038439 -0.332641070073877 0.699129063606874
-0.0216290419735108 0.00964492533423357 -0.379807332141338 0.619825520755725
-0.00945681514279859 0.00583971516289709 -0.300655858376979 0.477203877389603
-0.0150520538117494 0.0237851857778347 -0.258177608083249 0.341332177981641
-0.0236690495068892 0.0355627815050587 0.332177433539989 -0.12166856806493
1.91473656424601E-05 0.0064892148397257 0.385195479204747 -0.397760871670543
0.00768382306558007 -0.0308953872216902 0.537185846784213 -0.353824556501938
-0.0304361829827633 0.00346073561917698 0.690658258129715 -0.565432233971476
-0.0105135765148298 0.0289113269794494 0.495461101503545 -0.635142995303304
0.0197809621490247 0.012526812439682 0.246805800692382 -0.45547269432657
0.0280278028009936 -0.020866677656504 0.100179849820658 -0.219676772148372
0.0161932155264497 -0.00915517607870072 -0.0507654826320707 0.00818744669721946
0.0121924007168866 -0.0172499402750547 -0.142742649974496 0.198439217216045
0.0204188794410614 -0.00478255585755954 -0.231277722064884 0.441456276183681
0.0143506699827021 0.028404211973773 -0.28416609066401 0.604646851922031
-0.0297786364470676 0.047885411466659 -0.368879777203152 0.685389213007564
-0.0337002667335183 -0.00417745598995281 -0.407684008769353 0.597830622534439
0.00410472309265187 0.00754625684397941 -0.312197475887226 0.467182214374139
-0.0148742559226613 0.0580294049078078 -0.266897495497348 0.330273562562897
-0.0321928802346378 0.0636676917375678 0.33153419671516 -0.156710226363842
0.0121948849659757 0.0145273084835285 0.360915770655597 -0.403491188572812
0.00419768081951387 -0.0424329535363184 0.522760994842949 -0.397239598248077
-0.0445672939512643 0.0102761958734436 0.63422995301574 -0.614458114025277
-0.00686955751553639 0.0410713738041414 0.450770138036396 -0.652366451304459
0.029385245100761 0.0130440034291757 0.233588426430691 -0.464625349254428
0.0357024850650428 -0.0287413368794315 0.104313365937188 -0.230539338211907
0.0241426154610626 -0.0187359321395683 -0.0446259284299862 -0.00152290491073553
0.0198202822620665 -0.0257564683499656 -0.139670176644027 0.188236823661663
0.0303364921605018 -0.00498314904638795 -0.242888964209402 0.426442694153333
0.0185651609781076 0.0403473112876063 -0.320634840848442 0.591268225803659
-0.0447938811913657 0.0570169202139936 -0.427526074378832 0.661898958400681
-0.0432720696249948 -0.0177445009812015 -0.447548855987721 0.561945588652568
0.0170277460014427 0.0110831944201858 -0.327437005369386 0.453743695631144
-0.0185324667717256 0.0836460842944609 -0.279573361536725 0.314352634200275
-0.029273573605784 0.0774784903007391 0.322764077549648 -0.197537312605104
0.02236988369269 0.0128618901785694 0.337986479592806 -0.404660211930146
-0.0028974128884692 -0.0495517632682513 0.501629473015724 -0.451742147170248
-0.0516606193315054 0.0194111459234843 0.56158325290103 -0.667844967192788
-0.00331044565676066 0.0482296828131785 0.394909502305071 -0.666627216156731
0.03409595568061 0.0106883629584345 0.216966125540851 -0.475129836147101
0.0385590654243011 -0.0337414760738023 0.108748869696638 -0.243727238055238
0.0285312930294541 -0.0253224182739258 -0.0358489407089921 -0.0134902196174386
0.0243195922028657 -0.0306063723734342 -0.134741396152654 0.172365520594378
0.035943738783109 -0.003171044589686 -0.256099331570995 0.410941395271592
0.0176564905588056 0.0483779005649439 -0.363008476195863 0.574948815517505
-0.0582253217251808 0.0578098178217669 -0.497787842490887 0.631953811166177
-0.0448392352708697 -0.0314248678730503 -0.492327912996577 0.513886223205176
0.0246100708272752 0.0183395543849689 -0.343125590536692 0.43712594975456
-0.0276024510501781 0.0973513616043351 -0.294105962966906 0.295666446363457
-0.0200907729164058 0.0747596132327259 0.307022150716504 -0.234222924398888
0.0240515076950724 0.00322835550224244 0.319233610741085 -0.403891193132085
-0.011996260731197 -0.0495160785795719 0.47364726250414 -0.511134125434077
-0.0501825823345812 0.0278536088687164 0.477056696117862 -0.710338086532458
0.000814759147099023 0.0493215406255989 0.340812427325073 -0.676886237454433
0.0347410699091033 0.00843732653316162 0.204629323831846 -0.484260896835603
0.0378991850973966 -0.0350066405475961 0.113516706389922 -0.258770745201331
0.0273936071304909 -0.0263887097416446 -0.0266920587995289 -0.0283191585965636
0.0252204510246486 -0.0307039562728029 -0.128126269260898 0.154892346709869
0.0361313381799087 0.000803875493867775 -0.267195287997056 0.391752992048611
0.0126559154701048 0.0533346382663822 -0.408555866155213 0.5557866061282
-0.0658765475006892 0.0499921790006011 -0.569847158740404 0.589894956057144
-0.0382683828356727 -0.0406752789614804 -0.53383837511968 0.457292227694136
0.0270456659762499 0.0271655001462252 -0.357220020370459 0.426450584662125
-0.0396666584299884 0.0982953696985764 -0.309291588498933 0.273052225023472
-0.0113605765170995 0.0558373366316476 0.289113865784154 -0.260980809275768
0.0184729535038821 -0.00724569032754479 0.308769185121628 -0.406509679859131
-0.0164008441585916 -0.0434012188764335 0.442129152739093 -0.561297965040687
-0.0422938529789388 0.0296084885331708 0.403972586829582 -0.735752685339236
0.00281033410563102 0.0435047968051475 0.296642665866022 -0.677217099470637
0.030302146478588 0.00638328758516782 0.193540375567734 -0.492936115343154
0.0331735307099917 -0.0328809963663991 0.116572834992723 -0.271957878033094
0.0221487774253067 -0.0232488379556323 -0.0166635263794529 -0.0416646818816238
0.0219913500002769 -0.0250563737927159 -0.118349628124709 0.14096078424419
0.0316103730396592 0.00365012796827752 -0.275248998036676 0.375257640362929
0.00589120262237405 0.0503315744711909 -0.447300055466069 0.536366278486353
-0.0654614522703597 0.0396728818994669 -0.632742329024139 0.54671312650826
-0.0266482200056686 -0.0392020419190598 -0.558739354101888 0.406593174208655
0.0222598113668059 0.0329572592457926 -0.369043757418059 0.418509809655802
-0.0464332499837966 0.081672545825093 -0.321863014937573 0.252376366205782
0.0247100665510114 -0.0775513424274892 0.31097587834615 -0.117359892763148
-0.039545784754433 -0.0401740498466629 0.380247527177795 -0.378121176683863
0.00687726927965294 0.00418107911384184 0.546808538082315 -0.341916794403455
0.0212527561068998 -0.00810802112746807 0.692390294746381 -0.552591013135335
-0.0154744043136149 -0.0134469980254627 0.499405051475631 -0.614481479260384
-0.0131050827255717 0.00809892820777776 0.249396081995392 -0.444398211183576
-0.00269734721894544 0.00489950620028454 0.101409197433264 -0.217439256303743
-0.0158081027155434 0.0290522274994177 -0.0489269703253459 0.0043483787565367
-0.0178658157954797 0.0164496723543194 -0.134997929066115 0.19596372672917
-0.0149447370491101 0.00140127135234028 -0.207509460428714 0.44626971337954
-0.00947506831791513 -0.0104301845315979 -0.24181345141186 0.617127949836417
0.0119653988365932 0.00320132296781557 -0.324040177809261 0.701345102389701
0.00203074565662872 0.0328019520779378 -0.370962088586182 0.615746962981997
-0.037043941615763 -0.0021884088880467 -0.285848377152102 0.477199766090087
-0.0194483659063603 -0.0508833149399859 -0.250058294947067 0.345914713507257
0.013055344196411 -0.0402726020430252 0.316962115046934 -0.102098521650659
-0.0278385781704824 -0.0271752091680278 0.388406289956937 -0.384758460929616
0.00476283575855358 -0.00732211601452834 0.544437537219105 -0.325205101737799
0.00444330438701762 -0.00287698963147802 0.712844691665428 -0.533860741669273
-0.0126109427958016 -4.88975832717113E-06 0.514514624235379 -0.614859891284859
-0.00339175437589517 0.0095515982938781 0.251982898283488 -0.443349081095439
0.00771844342311054 -0.00384470878904669 0.0957425137277148 -0.212258037857121
-0.00564609982502991 0.0165213806007548 -0.0526446318362096 0.0109249312962058
-0.00841211224468187 0.0057008015643611 -0.137377754931041 0.203600472112054
-0.00295384939573454 0.000136211059370634 -0.20831920501875 0.450340150346614
-0.00251638419548498 0.00240033475190882 -0.235042971708917 0.616111144026506
-0.00026087120535782 0.0165832724794055 -0.305821745426104 0.702144184531611
-0.00634032932621123 0.0219600328149245 -0.358266475683834 0.627045117920076
-0.0232191367032293 0.00332813043678046 -0.284421627615696 0.480493640946763
-0.0180016970606628 -0.0128301722405125 -0.245957231989898 0.347006264016281
-0.00720190731838664 -0.00145944864812477 0.32429199451342 -0.104398952656103
-0.0142271391080171 -0.00941860934101572 0.388597147226529 -0.39339553529789
0.0060177886430203 -0.018886742447568 0.536716134514394 -0.333575481367624
-0.013012214312999 0.000203019960580048 0.706400604189412 -0.543561104375703
-0.0107644067064243 0.0146965742754767 0.508122262019562 -0.623226850908415
0.00890898560723036 0.0110550794906022 0.246498975018399 -0.449152813096171
0.0179353207794914 -0.0126149488322624 0.0939041144306115 -0.214105976384015
0.00601765575278152 0.00444938608686148 -0.0534195176209934 0.0133400883259716
0.00160984770898599 -0.0060343504519477 -0.138068621686029 0.205486377022169
0.00899965144242685 -0.00268385309230789 -0.212585712821602 0.450504898629216
0.00681402668007509 0.0145350822969012 -0.244414569491597 0.611392342876411
-0.0139198618756004 0.032715611955804 -0.31563987798216 0.698534279086616
-0.0200635900939147 0.00987700260526053 -0.364961670869003 0.621485411338349
-0.00948172061885853 0.00550094387974017 -0.288960116213228 0.478258383787191
-0.0138689667423929 0.0238778794280842 -0.249784471977096 0.342667166764228
-0.0226615691468847 0.0359384380479841 0.328026914294629 -0.124695546054719
-0.00105836336563881 0.00663394566063793 0.373795793669962 -0.401338637132508
0.0062705247012875 -0.0317079968064137 0.525800742218372 -0.361232461967097
-0.0307564881858638 0.00365855107820592 0.6729845544682 -0.573909774216331
-0.00953436794512951 0.0288265045231601 0.478330019202099 -0.636883581490281
0.020196706000028 0.0117759335702306 0.235481662200049 -0.454340888136847
0.0276434828786354 -0.0211767174786455 0.0948963573357025 -0.219943992725786
0.017114264542513 -0.00881786693765424 -0.0503958411272305 0.00852457728298318
0.011741568543269 -0.0174148594277785 -0.138633311693247 0.199151981697476
0.019919452645254 -0.00567016668092586 -0.221610714849641 0.442208524646209
0.0148112185820956 0.0282022370874983 -0.269213897064289 0.605027309402612
-0.0280029960892835 0.0472196537391523 -0.353108895080389 0.685321370417519
-0.0332322739671251 -0.00285300483524458 -0.391982700182318 0.602250358054484
0.00448072946291872 0.0070566905494908 -0.302674449362266 0.469769515737526
-0.0124270382997951 0.0567545754344354 -0.258583864466246 0.3325008095822
-0.0308493959943481 0.0635125420849694 0.325607360771708 -0.15919544110916
0.0117920017014824 0.014565677740025 0.351649254116505 -0.406444734020354
0.00248672053756495 -0.0421989464672987 0.509889964050301 -0.404290721610762
-0.0437510606530707 0.0107141041141725 0.616327390133761 -0.621864296415401
-0.00597538074052075 0.0404653078325655 0.432625937942413 -0.655097196698719
0.029269757476058 0.0122690069075514 0.221405059452485 -0.465607709518511
0.0350271752807088 -0.0286988976120627 0.0982453877626777 -0.228901855264979
0.0248090587459172 -0.0199127381304427 -0.0435801698154679 -5.94849351668834E-05
0.0193158911631302 -0.0260867064662873 -0.135356565951174 0.188650464599124
0.0301547374970582 -0.00653443777126236 -0.233246974606353 0.427978467153237
0.0192750143482192 0.039332829301764 -0.304703274761294 0.590249223250786
-0.043173636891615 0.0565578754438879 -0.411241303321832 0.666441676467454
-0.043562284562559 -0.0174239266802101 -0.433852590529961 0.566837737433279
0.0162632395711392 0.00993330665904054 -0.317938585158163 0.45837838501637
-0.0162293439446501 0.0824076705839007 -0.272361241384633 0.317491976768576
-0.0282577158439634 0.0779053116041171 0.316660128422454 -0.199824996456024
0.0215006599850599 0.0121514466789928 0.327556852787316 -0.4084867853631
-0.00466308085194552 -0.0489295419542495 0.487486619703031 -0.458111565893293
-0.0509116453440916 0.0198834086110095 0.540521627782672 -0.672992167467163
-0.00213849936661074 0.0473982300559334 0.378113936548666 -0.669831124688081
0.0347763981287721 0.00981911235028637 0.205532571003863 -0.474166322134467
0.0373304320037314 -0.0344495753857405 0.101884590780829 -0.243681141860241
0.0275828677332704 -0.0259395378339903 -0.0361401689741893 -0.0131454095059516
0.0237846124646605 -0.0307663767272016 -0.13095961862674 0.173882767875107
0.0356986907968853 -0.00422442178092525 -0.24591052174277 0.410744769990485
0.0189064433585072 0.0478362435361998 -0.348074802619409 0.576630897779865
-0.0553294943203322 0.0586813794854545 -0.481339994610041 0.635579206623857
-0.0438060092615097 -0.0309395365586703 -0.479764970197121 0.518025738995538
0.0252641662416298 0.017618007216148 -0.330629598383158 0.44184309221386
-0.0251136598617269 0.0985388581518908 -0.285707949840983 0.298750843958918
-0.0195794877890497 0.0740197377009941 0.302256465035909 -0.237102818099635
0.0235562450167612 0.00231852593592575 0.309527351132442 -0.408084178521599
-0.0129545134179519 -0.048799492158544 0.459200031921485 -0.515139837241441
-0.0496293894102737 0.0286909182036196 0.458885854064113 -0.713785660464977
0.00210256453538908 0.0489469785455985 0.322763173585716 -0.676654978656836
0.0350674087039581 0.00693902036878012 0.192143768479532 -0.482594394485943
0.0368107582055486 -0.0362465294252472 0.10649261560724 -0.258474444936541
0.0265414753366156 -0.0269733621326157 -0.0270583386294202 -0.0274173635968614
0.0250410731263584 -0.0302169134497443 -0.124130517459144 0.156224264569757
0.0364891944861532 -0.000417492876154254 -0.257235821461456 0.392800566928155
0.0137568951752534 0.0515607705607787 -0.393455090158191 0.557940601027999
-0.0645269775833785 0.0509678653210168 -0.553416460284724 0.596176548323637
-0.0382435866449457 -0.0390733736390008 -0.519382763686669 0.465160892510222
0.0271036667952559 0.0261774022322571 -0.346591098290207 0.430240858952477
-0.0372771854573994 0.0984876060055796 -0.300179473615087 0.276218655411142
-0.0104420155159081 0.0566434649203503 0.282773377521104 -0.263619841261646
0.0166504435559908 -0.00732593451779913 0.299692392984395 -0.409118143103728
-0.0171407018872004 -0.0431035574409737 0.427031697426888 -0.565125859981133
-0.0415062588511466 0.0304168054132144 0.382518452192604 -0.737878316885815
0.00361107270367949 0.0424935159338594 0.27987239634668 -0.680280126619673
0.0312697116941508 0.00498660702350949 0.182011441493881 -0.49164690934749
0.0321992318695251 -0.0332549611165946 0.110216982590588 -0.271551667933232
0.0222087509819084 -0.0223567482632575 -0.0182115794608392 -0.0408055855075788
0.0203536598357169 -0.0251813039535543 -0.114977483859951 0.141826627529708
0.031931170625431 0.00354988649872774 -0.265035193978697 0.376509728413485
0.00710493608086787 0.0489912253314369 -0.433652043449209 0.54019951227978
-0.0637895893973483 0.0407577009007162 -0.616393550325366 0.553487018374904
-0.0267817062215417 -0.0401701880281569 -0.546452165926303 0.414060127790735
0.0219276249678877 0.0316670991347507 -0.358297021587721 0.422526600024703
-0.0446520808232316 0.082764567943086 -0.314719683601918 0.256432162857845
0.0232401941228265 -0.0768718295595491 0.305264781652393 -0.120319706880921
-0.0400120387482476 -0.0381093050703881 0.370109656212619 -0.380771958887119
0.00623530930264631 0.0045391355467455 0.534333906777758 -0.347505524000659
0.021268356948125 -0.00823970744241319 0.676406979713346 -0.558719458462662
-0.014693676935384 -0.0126465478800022 0.48087298638662 -0.617402160454938
-0.0131326412579201 0.00811502975205451 0.238739970413577 -0.44276590233715
-0.00223733540577827 0.00454307538315415 0.0963602892670992 -0.216284623068417
-0.0151587697922069 0.0296129447839547 -0.0485130698769988 0.00545369166881427
-0.0187689792845901 0.0173079793396056 -0.130021315348287 0.195887881140354
-0.0151904405362625 0.00183832043741569 -0.198233594276241 0.442945499831399
-0.0087818073248746 -0.0100320261097021 -0.226944984683792 0.613344568151233
0.0123050005597396 0.00271595941164295 -0.3102894959299 0.69975236392277
0.00244648123738202 0.0324759113547075 -0.356716899363663 0.614665433500619
-0.0369975008584286 -0.00144163869075733 -0.27439061418633 0.477555720463461
-0.0199278668179136 -0.0495795171621592 -0.242347496699059 0.345571275219572
0.0121865888157771 -0.040480836209386 0.312271744613435 -0.10388156394293
-0.027032782058304 -0.0266347976788277 0.379088030133269 -0.386386007586292
0.00472967782338326 -0.00719800725781214 0.531841532812042 -0.33375198005024
0.00499059339618309 -0.00330188684975239 0.695771969465911 -0.541926657573033
-0.0114201934730505 -0.000457454421545614 0.499094170370891 -0.618903167429828
-0.00232358051102473 0.0081887190838112 0.24024035070447 -0.442499320394881
0.00668058026768282 -0.00376116849638398 0.090798268502836 -0.210864148960952
-0.00524347383075535 0.0173114047329675 -0.0524780391634695 0.0125013099232826
-0.00917563450571794 0.00571787529681627 -0.133153124222125 0.203534788962347
-0.00329321614241091 -0.000155362546416273 -0.197139287787809 0.44702172736472
-0.0014296186970869 0.00214145713618686 -0.222358275353488 0.612244462486998
2.36000233861458E-05 0.0166447990577134 -0.291068134937353 0.699072758100995
-0.00671545724863648 0.0213880602097499 -0.343034637533599 0.62549420115179
-0.0236227920400208 0.00319042294850464 -0.273392981763574 0.480501429093518
-0.0174792881731147 -0.0126443073748558 -0.237604906348006 0.346418660964094
-0.00641253994013578 -0.00040214699243298 0.319178856380474 -0.107295182084305
-0.0148253926376836 -0.00928661180239859 0.376177270618456 -0.395622915968105
0.0046027989964224 -0.018727263622424 0.524511678078507 -0.339154802460104
-0.0126977541311498 -8.57270901342445E-06 0.687949472959046 -0.550377366219452
-0.0100548873515885 0.0143274518419714 0.489710660591377 -0.623926112147971
0.00925445043575319 0.00985030054579724 0.234839244408239 -0.447574068429408
0.0174542448307003 -0.0125429003246019 0.0889873113895753 -0.212185671386259
0.00648380310538058 0.00358235636331562 -0.0522830517517147 0.014858331223182
0.000886668626390474 -0.00598958987652709 -0.134966084883862 0.204703596110594
0.0089099980557347 -0.00338431271702548 -0.202797967783978 0.448011888463288
0.00722000969726545 0.0145478280923301 -0.231807540675129 0.609737105850181
-0.0124786517514454 0.0325160887084702 -0.301050855206639 0.695724291440783
-0.0206132701200017 0.0106165233716234 -0.350283988731181 0.622170236240771
-0.0090015740883099 0.00455501338832467 -0.279976153981603 0.478177284981814
-0.0137241110405029 0.0236567753105261 -0.241260452864983 0.342467282433447
-0.0228604796663486 0.0360026882449134 0.322974549542986 -0.127534289142398
-0.00120875294424994 0.00675316181306323 0.363078409823866 -0.403204770597719
0.00565872654487983 -0.0311580871133328 0.51475129904492 -0.365371825145027
-0.0301857549035052 0.00481255137829883 0.655578557320479 -0.578851958981786
-0.00853599476950135 0.0280639601336168 0.462532756350288 -0.639318652555558
0.0204816977603434 0.0111005189053261 0.226230905051637 -0.453477407735976
0.0267503316218956 -0.0220407855670763 0.0911872520318075 -0.217992017529692
0.0154672690210075 -0.00918060803680746 -0.0495230969083156 0.00962516798801652
0.0108096537184776 -0.0169481259763865 -0.133803385134276 0.198980438695871
0.0199569521593534 -0.00582100679826227 -0.211953075920738 0.439690909783981
0.0158346951905647 0.0266180234886941 -0.256617215405691 0.600849943727333
-0.026455066156622 0.0480550851620364 -0.338375439660148 0.684213597229116
-0.0339755214300438 -0.00291171204692199 -0.377883843995678 0.601853604831826
0.00388663477246625 0.00687078777214512 -0.291520660476719 0.470315479134962
-0.0116706995365864 0.0568000666287647 -0.251349386986362 0.332900067546021
-0.0292518870421453 0.0635655232879767 0.322640961303622 -0.162608402273419
0.0125232314059742 0.0142921737248607 0.341856943307495 -0.406418737446848
0.0012856165879108 -0.0414409274737668 0.499316955921604 -0.409597590955512
-0.0432555039010044 0.0109178109959316 0.597041538709792 -0.627748854560765
-0.00515413648509777 0.0398914929677278 0.417563089200727 -0.654457292738331
0.0297865136097512 0.011069427613389 0.210478563929381 -0.462380942792299
0.0334704696652097 -0.0293905556077161 0.0939531379278447 -0.228250209366891
0.0238367880112835 -0.0193290170402606 -0.0431731439828694 -0.000134187648761367
0.0182038537237115 -0.0256433395457613 -0.131495808519783 0.188916962772795
0.029789734464592 -0.00694089511127995 -0.224980425866137 0.426074474173397
0.0202580764020618 0.0379298287028431 -0.292113822592396 0.58889039808225
-0.041984827500133 0.05704528611664 -0.396900953540553 0.66474065616145
-0.0423915123697049 -0.0162570970640303 -0.419356200756575 0.568579776994269
0.0161802121790459 0.0100140350346153 -0.305700468616168 0.456649256609924
-0.0148953775395256 0.0818660600003 -0.263721042625642 0.31800707163678
-0.0260130509742633 0.0776067786293422 0.310478116601822 -0.201962937914055
0.0212192065362565 0.0118903731273266 0.31794777299657 -0.410669453239564
-0.00586170210550051 -0.04949286262189 0.475375090576761 -0.462538734461245
-0.0496209029876354 0.0209615226741099 0.523840740568126 -0.677661143536411
-0.00114690228456348 0.0469576134240275 0.36112469478724 -0.667213672704158
0.0351472625002406 0.00881203286522661 0.194585279861288 -0.473042593562159
0.0365410399446607 -0.0342873267445508 0.0977657543372658 -0.242319622374137
0.026938796003824 -0.0259504594264685 -0.0348432208680458 -0.0114589590330203
0.0230654161576433 -0.0309114466305883 -0.127109178875101 0.173679845097008
0.0344666303374268 -0.00591216242429449 -0.236001886713289 0.410934797534709
0.0198413160719722 0.0468161308641643 -0.335947999782745 0.574931664694647
-0.0538661769617268 0.0592585074884049 -0.465945394701027 0.638433604250332
-0.0447244723099409 -0.0304350798413552 -0.466609574847698 0.522484932895138
0.0245905758778934 0.0168467756502081 -0.321703645804099 0.442867145303394
-0.0237126265159817 0.0973634201581665 -0.278586401118209 0.299716607359758
-0.0176655416651143 0.0734250500935231 0.295256599149193 -0.237212232984998
0.0223560569692812 0.00321859737160316 0.301419234385827 -0.409394457677159
-0.0134918728773547 -0.048191303431714 0.444747756240773 -0.519287008922245
-0.0492194086548743 0.029112301116104 0.441080223470885 -0.71535532709108
0.0031460374421596 0.0473769361935634 0.30812848126211 -0.674219225591859
0.0354069127801287 0.00556977779044193 0.182700585763022 -0.480773110984795
0.0359679618824157 -0.0368405491474947 0.100943194021056 -0.25612542641853
0.0263243160016006 -0.0268889332714093 -0.026372797250512 -0.0254818949731406
0.0232974514236011 -0.030329331324132 -0.120440741295007 0.156107264711944
0.0357368802941871 -0.00157513557805962 -0.248601794894868 0.392436447812281
0.0147142582714801 0.0508793973281821 -0.379269500283349 0.556489369944402
-0.062252775513575 0.0532524250459013 -0.538830521721755 0.599444571068756
-0.0374691227554198 -0.0382937443072089 -0.506772342754311 0.468552052968587
0.0268208339226259 0.0259691712896618 -0.337296961205386 0.431687728311915
-0.0349334710596996 0.097749500367526 -0.293555099859399 0.279379463183916
-0.00942981533125711 0.0562298857387153 0.276455102311425 -0.265739226261646
0.0161152640988518 -0.00692318878196952 0.29068912846676 -0.41052459886837
-0.0185885482822349 -0.0425207990830215 0.411253797388814 -0.56501765374734
-0.0400543370857133 0.0318350129025081 0.367026914254955 -0.737461343458031
0.00452620453297306 0.0431294361233441 0.265659688030029 -0.675000718573453
0.0309645575961742 0.00374496940231965 0.170462044009053 -0.48792234369767
0.0312842152213252 -0.0336361121735316 0.103738231196357 -0.271032748045941
0.0212931743898249 -0.0215403388512687 -0.0183173160198772 -0.0410425465801005
0.0205174146635758 -0.0257959278579529 -0.1120582139459 0.141518155717979
0.031503190923849 0.00243411227037779 -0.256252040889179 0.377427893339458
0.00816733862940378 0.0489764870678731 -0.417880754858434 0.540467797174296
-0.0628168688160044 0.0409241297422733 -0.600213859961334 0.560688672793136
-0.0271829129463643 -0.0389903007911958 -0.534410533095253 0.418504020465124
0.021560628430544 0.03194028077355 -0.349065783646707 0.424479505434286
-0.0428117514290276 0.0809151087800621 -0.308910516879241 0.257761348016805
0.0218925773505992 -0.0759580286938417 0.301042546741009 -0.121173595233898
-0.0399067655159367 -0.0370856604436244 0.361064912105954 -0.380322072227734
0.00567621664157251 0.00422923302583398 0.522293757637174 -0.351337996867901
0.0207544906524201 -0.00807403110792834 0.65856235679299 -0.561784060490854
-0.0149355815478237 -0.0121572479223697 0.465555679465218 -0.616471678688265
-0.0129189291534257 0.00755438257451718 0.22937352605506 -0.4405505879694
-0.00225088589860793 0.00433298350924228 0.091365429708258 -0.214113854650892
-0.0148352271046271 0.0287823397272056 -0.0486064132245285 0.00632710320204553
-0.0171298013466418 0.0170754833039429 -0.126568502746674 0.194344110256326
-0.0151923150602945 0.00177663674715844 -0.189832442254623 0.439042617991455
-0.00834930060551112 -0.00968265716163641 -0.215680808710126 0.606748941645491
0.0137442543873724 0.00260157216864381 -0.294619361715028 0.694000770801632
0.00301821508582992 0.0313397994344093 -0.343581412111579 0.612078976724624
-0.0372029559123883 -0.00166730163808407 -0.266800598707121 0.475175294256529
-0.0199717451895978 -0.0490768990563667 -0.234446369889698 0.34550988336824
0.0104269912824826 -0.040305332514168 0.307475448390589 -0.106599440304814
-0.0284138043174765 -0.0246992117813134 0.368630757867827 -0.388136164587709
0.00314947008275595 -0.00734842350721628 0.520262496492754 -0.335526288883384
0.00524067050232837 -0.00364739762663579 0.677471060722301 -0.546352112362709
-0.0111106223091309 0.000661133538438261 0.48197791713403 -0.615533619584876
-0.00208600543124708 0.00750872710314818 0.229746903846688 -0.439583482369649
0.00672788200617238 -0.00398367584337503 0.0869929919008388 -0.20964775680429
-0.00343429871185124 0.0174323591073648 -0.0520264801694114 0.0131339324803644
-0.00934578178009595 0.00614607571122313 -0.129136759146494 0.203483569099562
-0.00342819442309344 -0.000297759484501635 -0.188576741875515 0.443931105883839
-0.00111689368177244 0.00162629782390946 -0.211005960158661 0.606706035393927
0.00105354158353927 0.0158162283583695 -0.276627170730832 0.694595337675421
-0.00678541009988834 0.020578852239505 -0.330515239352684 0.623668521682689
-0.0232001183513409 0.00355367042524264 -0.26422550047786 0.477813517410296
-0.0176685069555765 -0.0118525348759735 -0.230573693031586 0.346439607040376
-0.00639751821885639 -0.000599921972058937 0.313424027496496 -0.109485958405752
-0.0148956129046005 -0.00871293538734442 0.367523740799284 -0.396291366325586
0.00446154109911948 -0.0190701164118795 0.513344659504204 -0.341312672203322
-0.0128239471348954 0.000544065445722097 0.670864963343426 -0.55404183223498
-0.00966371777625577 0.0141505502046679 0.474001891844624 -0.623241490055792
0.0100547676412993 0.00880601252205689 0.224996311469168 -0.445264680939744
0.0163762410024169 -0.0135528719539532 0.0841160323552262 -0.210194787501697
0.00642744275353038 0.00382164050934151 -0.0523287652073824 0.0146565121704259
0.00102862520117207 -0.00621034231994666 -0.129749285422699 0.204445096139945
0.00863381873967101 -0.00312296995399533 -0.194038225231551 0.444963040080887
0.00789164627930974 0.0139396468572712 -0.220864639386637 0.603255468320216
-0.0126730680833899 0.0328608006232114 -0.287972618691797 0.690256405872599
-0.0194811793155521 0.0104902264842214 -0.334830287523713 0.619376881126453
-0.00950420099022039 0.00557777735416953 -0.270643203853132 0.476219272863861
-0.0128816581415143 0.0233721818550079 -0.235303345666663 0.341394910014923
-0.0221295261652118 0.0356211974448453 0.318370786710453 -0.128106088954949
-0.00125882425165424 0.00697629317260155 0.354367767282496 -0.401781942390274
0.00411780373635025 -0.0312628061150764 0.501349530775484 -0.367743391526305
-0.0300539852109874 0.00422159278217617 0.638935401290079 -0.581850369451252
-0.00813411312190961 0.0286116129470434 0.447389775585011 -0.635551976345759
0.0203344743782861 0.0101614112895179 0.215399846727031 -0.45122705101026
0.0255822963335802 -0.0226862484346567 0.0853663287207651 -0.215988899848657
0.0160199807063119 -0.00834378366251868 -0.0482820236245321 0.0105133017032331
0.0103561177257747 -0.0173035077331818 -0.12937394733536 0.198255132134249
0.0189871691160695 -0.00654923612902865 -0.203098587312854 0.438062133655723
0.0157743918926912 0.0259985405634137 -0.244105092326476 0.595643071312184
-0.0258336681429399 0.0474511062578853 -0.324282083500844 0.679584776959182
-0.0336732284059975 -0.00176988662717548 -0.364163979488463 0.600751674462057
0.00315849796663825 0.00600907205500001 -0.281157134173766 0.468088625433179
-0.0101961565075549 0.0558764997835508 -0.244487880609105 0.331987956537767
-0.0282565230067383 0.0636775636293947 0.315508795968542 -0.163440433701767
0.0116213664602537 0.0138960128149799 0.33291584429086 -0.407810515284309
0.000575025223649342 -0.0415686791360731 0.484406415709152 -0.41187093789997
-0.0422396333106663 0.0123171629487458 0.580944483081256 -0.628284079058221
-0.00439884347938603 0.0398649258821063 0.399725430975076 -0.65346702613778
0.0291350584064386 0.00971082755383842 0.201553496142884 -0.458277432624789
0.0324264147010538 -0.0298230832270861 0.0880621534188925 -0.225931334517333
0.0230025042029762 -0.0184671357513663 -0.0429458169079718 0.00293181251293367
0.017458186037519 -0.0258218704998778 -0.127468275434464 0.187044774371799
0.0283800571480406 -0.00717878949536071 -0.216146903309355 0.422921653976284
0.0201859487078455 0.0375992570938499 -0.281108507739816 0.585057886870271
-0.0397656496293925 0.0569804093908429 -0.38222154496601 0.662994858390119
-0.0426330281433404 -0.0165601737603515 -0.407364202310245 0.565895856054226
0.016337288899279 0.0104269837608012 -0.294717667398224 0.455784459817339
-0.0136730911488887 0.0822492050359261 -0.257073294630167 0.317602867676694
-0.0248121112995832 0.0764305375454473 0.304846717162136 -0.20306332641969
0.0211286153063612 0.0115636047913829 0.308142794276314 -0.40881283740922
-0.0064610757643339 -0.0483741611847096 0.464062886587305 -0.463733118574483
-0.0492318790610769 0.0210514166796661 0.506215809194347 -0.67486431275444
0.000809793552720674 0.0464538708111711 0.346517263880673 -0.663115429223339
0.0347317166633839 0.00765107298032462 0.184383673111794 -0.468846714797663
0.0349945584141422 -0.0348632131159781 0.0924652313558814 -0.238997497463207
0.0265613237237027 -0.0256560895190266 -0.0351694938132086 -0.0106546361126104
0.021711449162438 -0.0303443641686233 -0.122763477036983 0.172922782306574
0.0336268960577191 -0.00594429448859966 -0.226409774441191 0.407378636526412
0.0205291022834796 0.0459686633242855 -0.322053247484485 0.570441326885614
-0.0529895915771558 0.0590216389701167 -0.451289145651821 0.635188913090353
-0.044333203389375 -0.0291756119916329 -0.451686182786253 0.520772250110156
0.0237742247861825 0.0164384553211492 -0.313130584401281 0.440933768404291
-0.0221215256537938 0.0968483504023505 -0.271599407658892 0.299900903261048
-0.0177334762508113 0.0726175541992779 0.288699714389427 -0.237677596814169
0.0219714862807231 0.00295504553151502 0.292986554794181 -0.407483180669382
-0.0146867369975971 -0.0477312058388498 0.432657038956721 -0.517748045293555
-0.0476305347021855 0.0300928319488372 0.425425426183908 -0.712597940064248
0.00434097974468735 0.0474564040968722 0.293611384642774 -0.669474280819457
0.0350165913832884 0.00483405110030256 0.172789616570239 -0.476315615798567
0.0342779290070225 -0.0368226205577218 0.0960335137274696 -0.253927848460946
0.0253239145592824 -0.0262477704283565 -0.0266061417317758 -0.0246815188666336
0.0234457828198326 -0.0305841150679637 -0.116443338061421 0.155172279280649
0.0352909260433101 -0.00201812761432291 -0.238830198113961 0.388468296283344
0.0151477817576735 0.0502491935950346 -0.363910808704982 0.552026236255215
-0.0612593715239989 0.0537053413082095 -0.522566305344559 0.599396980738949
-0.0378522242285967 -0.038372756576814 -0.494546701031845 0.471017744339186
0.0266937316663028 0.0246254070747518 -0.327695486508151 0.430322705542405
-0.032500326226743 0.0964625062552534 -0.286780859357436 0.2782370777267
-0.0089555229205767 0.0548592335952904 0.270128290730211 -0.264011259223999
0.0157485116017327 -0.00621651249265895 0.28212583020613 -0.408302501146297
-0.0188695933893281 -0.0429105372163063 0.396664801480308 -0.563955816972039
-0.0388956614902946 0.0308905015909824 0.352346198209412 -0.734876960436867
0.00522291619677403 0.0413587391339846 0.25159182112042 -0.668435201971279
0.0306301413880553 0.00262693020598663 0.161232007774126 -0.483922309415651
0.029884347335557 -0.0342051143045818 0.0995849145675397 -0.266899409572206
0.02112989102004 -0.0219558894619345 -0.0191538738873416 -0.0388709018997559
0.0186419552691332 -0.025575729559735 -0.108997251749246 0.140294890908666
0.0304109522819212 0.000940394409067231 -0.247658425326458 0.374291136625331
0.00855297981427169 0.0479160350855403 -0.40593675516997 0.539054768644343
-0.0605231031530136 0.0413522610575232 -0.584886086465997 0.559665488447999
-0.0272189494579016 -0.0383273709961943 -0.522281222929203 0.421504040812172
0.0216132902333603 0.0304672726039993 -0.339703436987428 0.423197882448302
-0.0410648197006609 0.0808807461035866 -0.301215564679358 0.259658716833275
0.0210837174560976 -0.074684854792425 0.296741106005576 -0.122438263197896
-0.0410168853541898 -0.0357630047555322 0.353018941209267 -0.379751678651949
0.00544943315848116 0.0035474050518535 0.5115264352146 -0.352174713440817
0.0204352836367142 -0.00924404603614924 0.641902441052699 -0.561519944494231
-0.0140982846956826 -0.0112193000574258 0.451001843789651 -0.613623486488795
-0.0119495170376366 0.00613390462776136 0.220174071466185 -0.434908949369537
-0.00287742493305487 0.00447882239742475 0.0877773732674399 -0.212047931561524
-0.0140590469163873 0.0297947163577395 -0.0476911087082163 0.00743963013588583
-0.0183838272823167 0.0172222390935952 -0.122925688189951 0.193612527531608
-0.0150208370416169 0.00105016772602312 -0.181905283360846 0.434386253800468
-0.00767631422619284 -0.00968906750173118 -0.206069047101563 0.598948229915169
0.0136006909656612 0.00265971753215251 -0.283219886182926 0.686890085564709
0.00358105737005344 0.0301364239260294 -0.33198336073126 0.608731542607237
-0.0369416686679089 -0.000620463086029159 -0.256925495815744 0.471111037818702
-0.0203902265931522 -0.0488410711297425 -0.228798752265044 0.342897593626549
0.0104992882202487 -0.0380927208350742 0.30378705127738 -0.107254963503486
-0.0282620622848558 -0.0242379863334214 0.363410600215167 -0.386305224179628
0.00291593027031216 -0.00721267148182145 0.508680211495332 -0.33592910418515
0.00521891461454735 -0.00401237581323769 0.663970376280706 -0.546158570534751
-0.010919910203853 -0.000137116130120248 0.469365832914729 -0.612042145889428
-0.00290399103225945 0.00716262306984413 0.22251216592305 -0.434966993746478
0.00657866290822748 -0.0045943542290341 0.0831961154470557 -0.206730422331856
-0.00324764939380946 0.0179653626235458 -0.0502360975432289 0.0144548581658326
-0.00854393279044488 0.00664017879415128 -0.126931955504479 0.200255960920495
-0.00461026326787206 0.000146918673041822 -0.181755205828363 0.437948516477579
-0.000528804397454487 0.00162020484322261 -0.201720302402571 0.59968251862985
0.000702262913116428 0.0155808676355713 -0.266136718985025 0.68829427375891
-0.00580586427192602 0.0210539675624679 -0.318839457662621 0.617246731935287
-0.0231620211631505 0.00374612745863874 -0.25665813059149 0.473223672509905
-0.0174386864393452 -0.0124932740632206 -0.224483318704987 0.343134600960329
-0.00656319808150063 0.000461745801560337 0.310138184216572 -0.109679198068721
-0.0153899665459761 -0.00784377502065094 0.359936864430604 -0.39483649294916
0.00360245689179007 -0.018348274926656 0.501417681834803 -0.342959104544914
-0.0125970000978038 0.00059054414750292 0.654383308286138 -0.552802292963655
-0.00831645671916895 0.0143694565219596 0.462063595007424 -0.620133308598778
0.00965753450451439 0.00818747747416511 0.216145862925576 -0.440643212710364
0.0165694809527556 -0.0130118617629333 0.0810199861119818 -0.207520420945276
0.00757704050131374 0.00478960795473241 -0.0503075664962966 0.0159812727745599
0.000398847530814338 -0.00494942655918315 -0.127130405768835 0.201591074618447
0.00787398500354828 -0.00401373505285667 -0.186136948099329 0.439753502975862
0.00761100861645637 0.0137009698818566 -0.212070112927529 0.59630765410122
-0.0112277917323915 0.0325558758456812 -0.276502051951562 0.684412784892019
-0.0198234622809465 0.00990851187308594 -0.326148499720721 0.613577209072442
-0.00943507925089864 0.00529758549409659 -0.262400163662438 0.473873121962668
-0.0119735971536202 0.0235069830397548 -0.227763783757524 0.338381993609066
-0.0211380468334634 0.0354245824272911 0.313270487941172 -0.128306457516488
-0.00223473159646268 0.00698502869113821 0.345789044768359 -0.401020707175876
0.00316175188695886 -0.0307244808954185 0.491474632624405 -0.369308821286599
-0.0294903982931408 0.00524609116319822 0.622067970094849 -0.580778764517019
-0.00705755522561275 0.0279135428578972 0.433543926015539 -0.633948256985163
0.0203560853815442 0.00922288164217782 0.206891187639013 -0.446443443574845
0.0246915867426217 -0.0226396798616577 0.0822653361562821 -0.213335515609807
0.0166319271994928 -0.0082087257966509 -0.0470348790835815 0.0120336470098778
0.00982943778795058 -0.016504820269173 -0.125066643303549 0.196229788566351
0.0186808282676539 -0.0073346237277405 -0.196689018576871 0.432526211942137
0.0155640426952041 0.0263330049761901 -0.235177157146157 0.589157034360206
-0.0237654940566249 0.0475975917199952 -0.312328500748417 0.674538363095971
-0.0330450598551231 -0.00268804585110949 -0.353099949931091 0.598539339250987
0.0044746152397534 0.00621119775757753 -0.274104811141631 0.464297505149031
-0.00917731098293658 0.0558219352843374 -0.237163214087038 0.32959078295217
-0.0271319627637847 0.0624665454327894 0.309837116067366 -0.163506662783466
0.0111028358511958 0.0141806988714998 0.324152736290498 -0.405469910085667
0.00031286178849808 -0.0409049137237337 0.473308229198858 -0.409930654110676
-0.0414345792533203 0.0116801304639744 0.566322248355189 -0.626326901810745
-0.00399261428882348 0.0391315278411352 0.387843474154121 -0.646653667775502
0.0296207975207276 0.0087757239514366 0.191614259199648 -0.454488172702718
0.0316927504429552 -0.030317048640494 0.0841198247835487 -0.222431547801908
0.0223333185286069 -0.0187344566519047 -0.0429795947200025 0.00262805224152
0.0169044137564277 -0.0249940808313836 -0.12405651229887 0.186349843279347
0.0270736557060821 -0.00720114395524778 -0.208216744885503 0.417440797251054
0.0213039098045613 0.036457874832229 -0.269793486634453 0.579305565903461
-0.0387412565414922 0.0570618369525652 -0.369022910052265 0.656484421502124
-0.0415647613591698 -0.0157040901686655 -0.396048158373582 0.564371572405401
0.0157810037386569 0.00925723063385234 -0.288243679484853 0.453170034226099
-0.0121126517747479 0.0808519639351059 -0.250609366813283 0.315147983428646
-0.0238125236562906 0.0759252410318696 0.300151489916681 -0.203006818288191
0.0198061522417072 0.0124578292113345 0.301056730812072 -0.407872566512357
-0.00686619283203706 -0.0469227458102124 0.452047456658863 -0.461255340134161
-0.0473533742128166 0.0214576963721661 0.491472602944942 -0.672233573922528
0.00111305576729894 0.0460340332407752 0.333020287588475 -0.657672503342964
0.0344222794444692 0.00664375247680114 0.17591917272865 -0.462974215181131
0.0345093197276022 -0.03530949345251 0.0886997641374233 -0.236083051122736
0.0260095749313146 -0.0258853655425177 -0.0342380703589309 -0.00929945661011504
0.0207393999462569 -0.0305540073538 -0.120459057897085 0.171772003927842
0.0335883422316013 -0.00569074275557915 -0.221127481521175 0.403553319910423
0.0210479865504466 0.045179934281005 -0.312338593168493 0.566607553200591
-0.0516211215647734 0.059463538306015 -0.43836369763902 0.631361355732875
-0.0449252354779561 -0.0289963914117439 -0.442196256090815 0.519574965402515
0.0236513162490549 0.0165630025348859 -0.303814401393822 0.441005751999468
-0.0204184107363917 0.0952621851114058 -0.266046281888096 0.297778857392225
-0.0164107750870932 0.0723843263563002 0.284648070276619 -0.237346867390464
0.0216508049796961 0.00280607765562696 0.283903882459849 -0.403928392693488
-0.0149657367382475 -0.0478685708381986 0.420713453799247 -0.515399538241635
-0.0457775872147298 0.0300323755719811 0.410874838553239 -0.708386391704771
0.00527655210723885 0.0463611188273844 0.282694766500573 -0.663874902125232
0.0339951446727746 0.00403237487496829 0.164240713075549 -0.470158991554474
0.033368743866314 -0.0374300858557238 0.0913270797908534 -0.25037653976629
0.0253496231531437 -0.0270207829641304 -0.0268531604988293 -0.0238547513098347
0.0217108438584577 -0.029917459526505 -0.114118770666247 0.155210828063937
0.0341766598285592 -0.00226662625849105 -0.231536798550873 0.385596150188288
0.0154191169924546 0.0498673341030578 -0.355638481579389 0.55017972120609
-0.0585857252474828 0.0527665018651731 -0.510863243961839 0.596476303769651
-0.03776961537039 -0.0365317015658559 -0.482134195156218 0.468797230915717
0.0265119179402649 0.0237477439036949 -0.319552261956608 0.4264444757585
-0.0325169951032634 0.0966729796888998 -0.281670706072618 0.277117901855387
-0.00789632078815619 0.0553100066163178 0.264799804859622 -0.261793777691567
0.0149153626408657 -0.00663213836361319 0.274954743861964 -0.405415326413087
-0.0195190492982795 -0.0408295380302497 0.387157830948672 -0.560684071192385
-0.0374839371121595 0.031341846967536 0.33729243637394 -0.727241693950043
0.00634278568162058 0.0410218853505035 0.240365886710681 -0.661336786706204
0.0302516931529798 0.00136350797977822 0.153123611963612 -0.476645491605423
0.0293476778824701 -0.0342913506374455 0.093783068248242 -0.263783076448531
0.0204862411403741 -0.0222385613465918 -0.0193288263929508 -0.0371883472198532
0.018490912248457 -0.0251457660516652 -0.106778398354779 0.139802090710948
0.0303462702468097 0.00152820135242634 -0.24066722731634 0.37087330365205
0.00894488338858195 0.0470107228333143 -0.393514158373939 0.535335905748665
-0.0587163983070312 0.0412412179828859 -0.571477113842374 0.56004291493021
-0.0280680585461424 -0.0371348126539061 -0.510471884116736 0.42263734633727
0.021409278314398 0.0295611361321488 -0.331198906321935 0.421072520462354
-0.0397395559151145 0.0816452620692985 -0.29453257405518 0.2580545074502
0.0202583108018474 -0.073545259151131 0.292318133550818 -0.121127794949472
-0.0407808179971624 -0.034532826371473 0.34639804723462 -0.377434496201738
0.00449918774746465 0.00245246590484943 0.501249068681561 -0.35208884406727
0.0190440288476626 -0.00893183781129284 0.628167266229067 -0.559523471979697
-0.0139399591584852 -0.0117437230439965 0.43976799201862 -0.608320297375007
-0.0119284862516529 0.00638169522382877 0.212370300718969 -0.430844288998643
-0.00310415871003259 0.00430798460584415 0.0837877675618549 -0.20790555455902
-0.0125932163395336 0.0301040442565424 -0.0459793790463902 0.0083038051048261
-0.0177427714348169 0.018004592802119 -0.12058547668851 0.191465186738781
-0.0151969440006833 0.000574065717302173 -0.175447450165376 0.429446088111149
-0.00869902161340624 -0.0099517883325254 -0.199233924356373 0.592237095697221
0.0135537320416467 0.00281070317193652 -0.273350860360646 0.680668281573755
0.00367956155345237 0.029673023083807 -0.322937737051705 0.602318616100045
-0.0361866496684057 -0.000694874195155976 -0.250186280431429 0.467185138375291
-0.019936386249401 -0.0484739109864091 -0.223721147902399 0.338707246539487
0.0097932558324316 -0.0374623507247009 0.298762142616502 -0.105278548007036
-0.0284358803238358 -0.0230386670370838 0.354928610371307 -0.384198503037662
0.00180647914117279 -0.00707374230287549 0.499834841785404 -0.335953718088483
0.00521139117462443 -0.00394466189392272 0.650411437987648 -0.543666547819347
-0.009688295749267 0.00082642055510793 0.455801371486759 -0.605857885838451
-0.00123469892365405 0.00614629624778103 0.215041346986799 -0.430135517776623
0.00582982653778533 -0.0042378030894094 0.0800818995437862 -0.204558226481104
-0.0029053899789076 0.0175457794956701 -0.0497715934327877 0.0149166564422072
-0.00881350935284434 0.00661686150319586 -0.122812174098813 0.198826360390164
-0.00408455690235279 4.8527129222861E-05 -0.174452476960655 0.433192107010175
-0.00117630766433572 0.000765455998336396 -0.192553429988385 0.592039033537826
0.00101653984846259 0.016373531342623 -0.256632228013524 0.680887289441013
-0.00545899125405785 0.0199979354115504 -0.311671654128912 0.611535697154646
-0.0229954792602456 0.00242399835319825 -0.250588011257349 0.468353980536633
-0.0169840682653824 -0.0116196763427753 -0.219891769510552 0.33948749228507
-0.00603029140295958 0.000521212602311252 0.305513944630535 -0.109203399837008
-0.0155854478741973 -0.00795478767905197 0.354833384019301 -0.391382560857798
0.00306362907692773 -0.0191749324754826 0.492204945113352 -0.342286318305045
-0.012674886107575 0.00040120748102825 0.641991689358104 -0.549249207095448
-0.00807604958177683 0.0136392681390949 0.450382203973148 -0.61485833589225
0.0098870895209619 0.00704637770038677 0.209116272562094 -0.435202573525917
0.0156027714802069 -0.013714327276846 0.0778132018118348 -0.204207862816003
0.00718664717409924 0.0044389022390646 -0.0495640607851032 0.0166665033347522
0.000719630165238939 -0.00506679782624368 -0.123337263018493 0.200030665869435
0.0075217565489223 -0.00361087237411045 -0.180507685322729 0.433216303117475
0.00808861898358233 0.0138600621131141 -0.203305384748573 0.588494913480235
-0.0101049595908146 0.0320501790337024 -0.267334811906439 0.676317504582109
-0.019209217445465 0.01045943695047 -0.315197173984112 0.608979509519943
-0.00959159082531324 0.00576715970472087 -0.254498720996911 0.46809532120719
-0.0117662039135862 0.0231852025683288 -0.223420972205981 0.335837238148088
-0.0206904743474753 0.0346781082075838 0.307836268457196 -0.127759750915425
-0.00188555996338062 0.00809959723909812 0.340031909897558 -0.398966259264086
0.00273172355465472 -0.0300982557728202 0.480510611034962 -0.367143809628852
-0.0281126812260552 0.00520612738085391 0.608706763022274 -0.577653340472805
-0.00561311940544162 0.0278907293533888 0.419634536179874 -0.6267033272352
0.0206083536938841 0.00861779961457567 0.199421104402462 -0.439978095869442
0.0231560729205539 -0.0220944234223812 0.0785194364842349 -0.20977581487095
0.0166037587669588 -0.00784587314016053 -0.046345200755141 0.0124741106066145
0.00891160739885976 -0.0157675146507166 -0.12289928556608 0.194070546849525
0.0195340350650648 -0.00707625705146402 -0.189986933601262 0.427973265580913
0.0163816203059708 0.0254680815887406 -0.226500255947509 0.582526821111059
-0.0233423021623062 0.0471697813237816 -0.301284211614425 0.668513354412648
-0.0319658134600584 -0.00189506706477117 -0.342369170124836 0.589728535639255
0.00346993760481194 0.00645618109559817 -0.266323113376352 0.460006736403797
-0.00919422716108718 0.0535776965737316 -0.232664947083838 0.327708117311595
-0.0269693438299282 0.0612925716983809 0.306221410545438 -0.16206070653015
0.0106789185194078 0.0151696711772947 0.318122937145915 -0.402947019915833
-0.000741106315825732 -0.0409340242534016 0.463722164996791 -0.408511161233757
-0.0404240650612015 0.0118613100631089 0.550728908387886 -0.620812094496647
-0.00211399590707203 0.0383323772392055 0.374810793831941 -0.640682548055101
0.0285363125062737 0.00773406436378364 0.185626583536461 -0.448581465541013
0.0306306136163985 -0.0302533279249975 0.0812991108686402 -0.21967203709053
0.0233439432536191 -0.0185048262975323 -0.0406059093788549 0.00363784060202487
0.0155136758789955 -0.0251524339391628 -0.121187022924619 0.184285673353456
0.0274810696920877 -0.00801059837719776 -0.201896927076699 0.413348122040918
0.0207080870379195 0.0364493877800451 -0.263032603994839 0.571435248151122
-0.0373588195039832 0.0565627955605433 -0.35995291330941 0.650659729394306
-0.0417503072356865 -0.0151652649226441 -0.383554676075051 0.559792396098504
0.0150822278637258 0.00968493863166616 -0.281267253790098 0.448732549690498
-0.012259876088033 0.0788192423085408 -0.245864062966965 0.312661602063106
-0.0235022674722273 0.0748634312809656 0.295594641273881 -0.200660590716865
0.0197346720685611 0.0125393087636262 0.294776912069278 -0.405610840660352
-0.00808495757839484 -0.0468139852899045 0.441007137328443 -0.459783473223426
-0.0472631728486933 0.021089166238008 0.47839222873333 -0.666895032857622
0.00200985888139065 0.0454233198386072 0.323975795135376 -0.651078680510584
0.0340683443877041 0.00568188443731842 0.170545089304062 -0.455660584800918
0.0338468182088515 -0.035496392934709 0.084555755431519 -0.232036582509756
0.0251367283533887 -0.0251079216154587 -0.0343813153229157 -0.0093555009322172
0.0205845236422207 -0.0294701475554501 -0.117714774208477 0.169652685905628
0.0321213944788985 -0.00615228089455117 -0.214703422709207 0.398187300814459
0.0217016934454192 0.0447880856958868 -0.30414256585663 0.55787976557653
-0.0501616979512773 0.0574031690257271 -0.429110125066807 0.626471242792678
-0.0444114822466129 -0.0281371227209207 -0.432210494035524 0.516688775374923
0.0238402944508845 0.0156971531774475 -0.296079723806487 0.435250004337263
-0.0196024259101778 0.094167431610489 -0.260192080475902 0.296852636254736
-0.01633627471765 0.0711767472630217 0.278476588171347 -0.233694192917267
0.0209914660711737 0.00331808109069023 0.27802696207987 -0.401961987781913
-0.016328393997864 -0.0458628315613077 0.408955997604305 -0.511766392956974
-0.0453687538724117 0.0293571710029442 0.398353747483331 -0.703149059633467
0.00631626708566187 0.0459186511053267 0.270290450254861 -0.656871642929863
0.0337897294927749 0.00313156958444414 0.158977654124883 -0.464184684298481
0.0320682025363098 -0.0375246561961879 0.0876735888894732 -0.245844734876371
0.0255752651447055 -0.0259306178248441 -0.0263727761435045 -0.0225390523247774
0.0203217792479344 -0.0292400180592595 -0.111460805758048 0.153899402280329
0.0335455356090653 -0.00328407445753264 -0.22596285167342 0.380945498716588
0.0164958875840576 0.048608770793345 -0.34632569832036 0.543248383042725
-0.0574261466955636 0.0528611030080472 -0.497167156174033 0.591493793562732
-0.0369644879154008 -0.0357317157936668 -0.472543847062168 0.466504288936778
0.025775914913667 0.0236518483587824 -0.313463748488448 0.424997930754824
-0.030605697615282 0.0949660824374136 -0.275110007039293 0.276451134952912
-0.00779229080871016 0.0542244762045787 0.260707184434784 -0.259786088665483
0.0138379248031887 -0.00573925897270533 0.268498262259372 -0.400668506629231
-0.0201192511569019 -0.0415936616253773 0.377438230199241 -0.555857667087231
-0.0371607355804635 0.0314758485974308 0.327213832879574 -0.721500584822144
0.00633821231234563 0.0400733039059641 0.231160009104767 -0.653531682345012
0.0295451962314725 0.000566704630977343 0.146465855204776 -0.470320371234614
0.0282054179606502 -0.0344280535188654 0.0902178205026697 -0.260697436752853
0.0195181170793692 -0.0214000655896412 -0.0197766269534742 -0.0360670204576134
0.0173878670533081 -0.0251416129592076 -0.104507376469556 0.137875903244961
0.030250612017911 0.00122331977474781 -0.234473529631941 0.365758953399434
0.00938207836472302 0.0469109919705836 -0.385634312943558 0.529771156934569
-0.0579231976594892 0.0412863047763558 -0.55937249778289 0.5559930965907
-0.0278188403654601 -0.0364140274453044 -0.499949921370447 0.419226075391681
0.0204697382019024 0.0289941205044936 -0.323826676884802 0.41922953499551
-0.0385351315705558 0.0793406349129202 -0.289354289721352 0.257027779810626
0.0199796744597562 -0.0720172181575865 0.288376241519174 -0.120120252287218
-0.0403593937482436 -0.0341275210201827 0.340830645922757 -0.372922552192865
0.00425971311894488 0.00392323414317952 0.494332495204321 -0.348916407825924
0.021056539643857 -0.00842714559044516 0.615973679569999 -0.553759422443116
-0.0132524173934618 -0.0110447130296725 0.429333694213742 -0.599590181642199
-0.0110822652189747 0.00558942394522591 0.207676214878843 -0.423680642935536
-0.00263310482376972 0.00365308345868437 0.082543499390163 -0.204866521284803
-0.0121968545462916 0.0303051742114835 -0.0450452162992151 0.00877433050252818
-0.0176630229493968 0.0173873350163233 -0.118897311514947 0.188880902602802
-0.0154372471451627 0.00148319393831216 -0.171771632718491 0.422717200336372
-0.0082501451525545 -0.0093895835091864 -0.193923170552185 0.583686012514723
0.0128946829681517 0.00235153564124569 -0.266920011324571 0.670869491513752
0.00395777154656971 0.0293078893425505 -0.315344655193496 0.597428356180603
-0.0352353440627134 -0.000355757051028195 -0.244947066373579 0.462896991703996
-0.0194234118776433 -0.0470436524607026 -0.219283933574763 0.335005243830221
0.0103527164452762 -0.0369998127506526 0.296715889210309 -0.103930265394589
-0.0281230527649461 -0.0222345153438325 0.348516869326027 -0.381674936754749
0.00251354639009934 -0.00768858952372082 0.491192456310109 -0.333349618614695
0.00544807389160979 -0.00369899819345757 0.637215120740462 -0.537670301450345
-0.00993573358960942 0.000256075150850143 0.446796687201653 -0.601607623705111
-0.00171217416653477 0.00594347537727833 0.208972398865625 -0.42347773629736
0.00476195457572029 -0.00479439494625504 0.0778054354657821 -0.200757702861389
-0.00244479787146895 0.0176777105755422 -0.0484018224842323 0.0152402454841207
-0.00873992247661848 0.00714209671216517 -0.120280569244863 0.195904397584156
-0.00387469099019361 -0.00115756095657135 -0.170880602626432 0.428150577953134
-0.00145709257359653 0.00143501482766227 -0.187841824935821 0.583769411590179
0.00196449265750121 0.014683564001704 -0.249422698478499 0.671831617497789
-0.00536479366100666 0.0207201857909823 -0.302125917417064 0.604919857275366
-0.0220096533298595 0.00366367426575222 -0.243784389192155 0.463819769404363
-0.0175614136585169 -0.011875611216232 -0.215282440043408 0.334957846290845
-0.00623429768103169 8.62261126432715E-06 0.301569271883026 -0.107535278121516
-0.015441000442434 -0.00614785305106783 0.346976465090219 -0.387897265941453
0.0028152368800344 -0.0179681288466266 0.482847956987221 -0.34080637712778
-0.0126958307962981 -0.000190028912057851 0.62992557227211 -0.545869333383449
-0.00748057205962348 0.0139914723677512 0.437950466359083 -0.607453627627133
0.00917877178717038 0.00611057110303481 0.204005578217993 -0.428801889662571
0.0143626417835767 -0.0129125425622496 0.0756981068465425 -0.201122556882658
0.00722295344764815 0.00435096557821286 -0.0488288345764731 0.0165132878086674
0.00013128967343662 -0.00364952920460398 -0.121991681208267 0.197398896082092
0.00647782715039078 -0.00455394050298476 -0.175386357316344 0.428826539123739
0.00724728025655564 0.0124314303006641 -0.197193333815301 0.57959755090902
-0.00944711169086425 0.0310952502904539 -0.260815921361985 0.667800690839247
-0.0182668560080661 0.00969832730819338 -0.30947982894435 0.60087705707623
-0.00985521689006374 0.00584028282839709 -0.251241818387008 0.462263326982815
-0.0119577545276074 0.0233326399676736 -0.219297734610278 0.331813651915416
-0.0203162805980968 0.034575636011806 0.304007825109266 -0.126814820931773
-0.0017818717813988 0.00766788962883189 0.333505321578826 -0.395929218073396
0.00179038542251899 -0.0302167347074107 0.472644333981453 -0.362364199389718
-0.0284025394558229 0.0046159461255014 0.596770019188079 -0.573689599830217
-0.00513526349552131 0.0268907259694488 0.410872761471507 -0.619059122925605
0.0204899576815625 0.00762033353482927 0.193595501588064 -0.433514822551043
0.0238438903784439 -0.0222783226748471 0.0765855005843595 -0.205254147901296
0.0162587319356695 -0.00786983736497471 -0.0465151022775019 0.0134244831903598
0.00879542716584346 -0.0157743286920907 -0.120911633848982 0.191921057854672
0.0178482156808773 -0.00685118302981082 -0.185052292196966 0.420383551976294
0.0167271589916095 0.024435153898152 -0.220939411022876 0.573425986137515
-0.0219352177158515 0.046269488602603 -0.293717329065343 0.657673896365314
-0.0319064950465723 -0.00207849405269647 -0.335286559209381 0.585784794988628
0.00405892721829807 0.00530050881202531 -0.262969902536779 0.456264734372187
-0.0092724221390794 0.0532840351707595 -0.228490474688523 0.323168028907237
-0.0260423864127502 0.0614105927290736 0.302199747426056 -0.159848806656373
0.0101336085648486 0.0145915321506644 0.311799299987478 -0.398637705703152
-0.00159219976158739 -0.0402488613827502 0.455848012827017 -0.404936542609678
-0.0400251253072584 0.0117110214096797 0.541622126412681 -0.61554578862965
-0.00252747589088084 0.0383594852987942 0.365832359497697 -0.633604621093652
0.0283672033182892 0.00701979087528947 0.181276692433954 -0.441804908663947
0.0301220531186268 -0.0292767646383331 0.0795249168102504 -0.216734358272699
0.0222534687456138 -0.0192311603958751 -0.0408420214484467 0.00426853014213153
0.0148948101052482 -0.0248291442054431 -0.119909371668404 0.181150054141544
0.0270366828996712 -0.00799818900292418 -0.19795779524273 0.408842309086556
0.020849261630194 0.0348980420383401 -0.256416708599474 0.565471420463295
-0.035760863038828 0.0564029769426555 -0.351520827475737 0.642817195948808
-0.0416517738258251 -0.0152996606938409 -0.378004020147624 0.55439874178085
0.0142609833416067 0.00934380090904353 -0.276207016106803 0.442560743700546
-0.011879886143585 0.0789237898386902 -0.241700215288354 0.309166821772519
-0.0231371746249468 0.0738865278647585 0.291342596071707 -0.197205369475322
0.0194084961251947 0.0127896891401367 0.28931300263142 -0.39885792284685
-0.00922760137759563 -0.046358669538564 0.432343110987626 -0.454623028238273
-0.0466211162961702 0.0215388240680513 0.467250688377295 -0.659604709114709
0.00258831799628099 0.0445424912561029 0.315620065606431 -0.643009923029069
0.0333923173536324 0.00482182150388019 0.165563315966527 -0.450237517439563
0.0316770024030508 -0.0350115312054081 0.0820561823805579 -0.229987003269244
0.0255617455984185 -0.0246646732377517 -0.0343959159276437 -0.00860707153403821
0.0190793796084028 -0.0295275722254203 -0.115376511619682 0.168451640861964
0.0317099877338871 -0.00692814687856323 -0.209206545222499 0.392756851504499
0.0209296022755273 0.0419610916178482 -0.29708824744648 0.551972035035761
-0.0482858546727044 0.0580054033542432 -0.417699025539401 0.618360082047773
-0.0442939683480068 -0.0270634526280275 -0.422403724730696 0.510776273957046
0.0224883471766349 0.015238232452387 -0.2919663881896 0.431294851649468
-0.0198747800221165 0.0926597010847969 -0.254241461898087 0.292642168265861
-0.0156991660410549 0.0712256448895405 0.275440955403518 -0.231256310089444
0.0198059618461314 0.00346704775288956 0.275478600169165 -0.397300247840518
-0.0162909417899792 -0.0458832576598643 0.401790099127375 -0.506824863376756
-0.0449902474838651 0.028264081621741 0.388949028552189 -0.694812312565748
0.00591918956145701 0.0446415652473874 0.263819384852761 -0.647545417032667
0.0340494900515735 0.00163437112975143 0.153652200645029 -0.457106074698145
0.0316532976777568 -0.0375886811433315 0.0855252502162278 -0.243384317732925
0.0243067825538098 -0.0256990160562174 -0.0263439507124348 -0.0227391224466211
0.020375521639961 -0.0291178479484678 -0.10958307245714 0.151125315770767
0.033598534455152 -0.0029387197529832 -0.219911719722661 0.375760293462134
0.0166520366913522 0.0472438345986288 -0.337775255115632 0.537624508279169
-0.0560514066001955 0.0518155095101294 -0.488095374565757 0.585019014874434
-0.0373186626827298 -0.0348861133570007 -0.464874529476886 0.462198366683471
0.0248343458684099 0.0228127126781011 -0.307245733046236 0.419654946137578
-0.0295913583052763 0.0943807809441 -0.270977281231286 0.272535589878765
-0.00721235407832975 0.0544202587432946 0.257011437210426 -0.256548189566901
0.0136056365995862 -0.00575078081523368 0.26400223276031 -0.39616969342456
-0.0207237587466546 -0.040714654575288 0.367782460447531 -0.55106565292867
-0.0369007917002906 0.0304288445280582 0.317474656076695 -0.713020973171015
0.00700512356012387 0.03959072894979 0.224242358243477 -0.645218992748677
0.0295681612586167 -0.00047158014098393 0.142345148306918 -0.464577310796082
0.0271207419715073 -0.0343686250069344 0.0872690060951269 -0.25589918655751
0.01991309209829 -0.020463590375189 -0.0190752388819812 -0.0359905663855304
0.0168271578819338 -0.0248683586776134 -0.102519284498562 0.1352488971243
0.0290857809616953 -0.000316470715296257 -0.228989269423487 0.361060293416347
0.0101156051301844 0.0450402595251258 -0.377766201939567 0.522141183525608
-0.0564545864214585 0.0406510982455959 -0.548840317633492 0.551646751230432
-0.027590917845992 -0.0363807301728947 -0.491521288987349 0.418420528038934
0.0208139943412929 0.0284360912827812 -0.318698567405604 0.415405198864198
-0.0378324377699616 0.0782589260285664 -0.283510520011333 0.253180481564773
0.0194045718475388 -0.0716011798479748 0.286067327000708 -0.116441291664802
-0.0401701749076372 -0.0331620360816576 0.336031139329331 -0.369378714142695
0.00416256878563146 0.00355344447069864 0.486352661691961 -0.345305558596873
0.0192376492805395 -0.00897972880164082 0.607121594370453 -0.547285581304392
-0.0130399111757693 -0.0103386109445938 0.421728196978719 -0.591242952419635
-0.0116639802486689 0.00530479263111844 0.204555654817974 -0.419567509656101
-0.00382194733495194 0.00388746214065589 0.0807419858703896 -0.20159687200389
-0.0116514015690848 0.0295944644899796 -0.0453550781073342 0.00858761393016548
-0.0174205678489907 0.0178759739219626 -0.116597650160841 0.186446881653985
-0.0148124380358669 0.00130694082383643 -0.167446515743393 0.416464418049175
-0.0083038301997833 -0.00856865570589648 -0.188547644777833 0.576907887997422
0.0141603876827245 0.00344590677157225 -0.261917753291364 0.662401130989161
0.00340248879221223 0.0286027698026262 -0.310078272272756 0.589625825193864
-0.0359124469867753 -0.000749645204996814 -0.240459792396261 0.456821515470919
-0.0193610425492065 -0.0462419404150619 -0.217046175290217 0.330759785109945
0.00976783313671941 -0.0366645835997319 0.292866087613149 -0.103788191893006
-0.0286082408271862 -0.0218295205483968 0.345536143741485 -0.376578339819802
0.00159917531913059 -0.00773314255166407 0.483375599297247 -0.32954452852438
0.00483735882115557 -0.00337666973912337 0.628323408162717 -0.534148957093802
-0.00915016118264208 0.000207114922955344 0.439025325571766 -0.591763751126929
-0.00560023674357273 0.00416872084374318 0.205777038210117 -0.417783686293297
0.00532843655003881 -0.00465369094939221 0.0750147155549685 -0.197430411840498
-0.00249787227245621 0.0175405000808517 -0.0599002175244713 0.00992055386533006
-0.00892345728576907 0.00764321726343567 -0.119233088613857 0.194471851486853
-0.00393174140483406 -0.0011172124822894 -0.170127295377601 0.421414839657949
-0.00118957388436381 0.00174506499871991 -0.182348921948407 0.576136117758653
0.00173265674545524 0.0154759163736912 -0.24651862509578 0.663070361811481
-0.00564845776122188 0.019053315053489 -0.29773406590229 0.597701327277879
-0.0227009987950382 0.00317836378742964 -0.242376366752614 0.459189997027417
-0.0165796231308753 -0.0114325749672076 -0.213798538945786 0.331155106138238
-0.00598235609916791 0.000286178290319072 0.298951969449044 -0.104738537153442
-0.015933143657427 -0.00589436268611427 0.343152472274183 -0.384632062695279
0.00136991803155787 -0.018435831181135 0.476794227773904 -0.336281665144406
-0.0127535796947697 0.000286980238847812 0.619521412846706 -0.539561579123771
-0.00752462248846048 0.013514271995059 0.43133740468116 -0.600644280914932
0.010024068912345 0.00587531401995314 0.200149872126683 -0.421845410380707
0.0147517303852158 -0.013515855192969 0.0740170750390305 -0.198142579674126
0.00790389881088168 0.00497005739189157 -0.0479552648446532 0.0166421188579012
-0.000387183386170414 -0.00415463699080034 -0.119267238288351 0.194899208539541
0.00727514040535381 -0.00442064785368132 -0.17363907484141 0.421599703582853
0.00985679580497635 0.0114632439905785 -0.193919273629789 0.571781723200196
-0.00953342427124299 0.0309291444486271 -0.254185266218814 0.659034305321305
-0.0189602902176757 0.00893241386026219 -0.302850885212162 0.594114159731187
-0.00961395406910396 0.00471130533148152 -0.247644235586079 0.457861447680397
-0.0123167195145598 0.0230370773654889 -0.216477319826644 0.327873484984164
-0.0195606099192384 0.0347457328241656 0.301116206017637 -0.124351686619979
-0.00216031222130468 0.00841827615825141 0.328546430886438 -0.390574305535939
0.00138969130940723 -0.0297283215704343 0.465791740210806 -0.360116110434062
-0.0274232217180126 0.00515631037664221 0.587105201769585 -0.566712636922587
-0.00534913380158789 0.0269396250463033 0.40432192386975 -0.612748102322334
0.019123029529112 0.00644537910528127 0.190381191327366 -0.427321576264501
0.0226658444719962 -0.0225201073419022 0.0745575463792911 -0.203941371126288
0.0163694428583175 -0.00775096787390895 -0.0458832213669489 0.0124233970349044
0.00865361615048746 -0.0155775376670601 -0.118940869956294 0.190804915657879
0.0169112124362043 -0.0065138802800726 -0.18256362570681 0.415149560782548
0.0164079854929228 0.0240239742981089 -0.218638870436635 0.566523705395244
-0.0216138601875365 0.0459661751677851 -0.289424727359973 0.651289891429517
-0.0325538462932694 -0.00193336968205959 -0.329992466199382 0.57911129141927
0.00293884638168285 0.00687357217778719 -0.258902212244102 0.449634834492257
-0.00805317873652391 0.052495351582634 -0.225508104508187 0.319467782829906
-0.0262314622523429 0.0608836734740986 0.299390310721481 -0.157025463627053
0.0102293227097086 0.0152278201416164 0.308731000259558 -0.393901542124527
-0.00205965583936912 -0.0388209316160985 0.448399298750163 -0.40048453985438
-0.0393676910542679 0.0111277630804705 0.531211740214623 -0.608315862579318
-0.00184860694128405 0.0367690933303598 0.360501191985483 -0.624067872623729
0.0277527287553923 0.00592837881429849 0.176632520704279 -0.43527440625899
0.0291973576276018 -0.0294857457541185 0.0778463549824918 -0.212605120959416
0.0223066139769734 -0.0185188120278592 -0.040382963501875 0.00422212567916955
0.0148649306394458 -0.0235878620445679 -0.117654362410909 0.179291188750752
0.0262543961498901 -0.00844057450628464 -0.195244659007756 0.40150657262785
0.021112282992229 0.0349951756317325 -0.251928807899754 0.556966714614087
-0.0348663059170601 0.0553577939164422 -0.344611568773343 0.635467636434863
-0.0414581510794944 -0.0152394789528578 -0.370372590355239 0.546078536965152
0.0133300084257847 0.00905729004907221 -0.271921016038404 0.439742339896552
-0.0110607814957606 0.0774129778667265 -0.237931128001666 0.304764426658168
-0.0231543693978431 0.0734762238746603 0.288414745634503 -0.194296960523398
0.0182660742048136 0.0128003532184776 0.286629061573348 -0.394395221466311
-0.00930308542896393 -0.0453774650152528 0.4258098561487 -0.450191467831946
-0.0456653641199835 0.0210591117686526 0.459589731797932 -0.653268568041448
0.00261001794473813 0.0440194338973929 0.30831209794828 -0.635199748142543
0.0336094634147066 0.00463529740035032 0.161540071131458 -0.443623555153407
0.0321620447522407 -0.035282498759762 0.0802441250169929 -0.225198959937206
0.0260955048351035 -0.0243115989318729 -0.0331414057651157 -0.00863789843492828
0.0192812870064628 -0.0284280249774895 -0.114006372864796 0.165427365052244
0.0317622629409565 -0.00648066466643188 -0.205208571927836 0.387942144406499
0.0210703220998581 0.0425187113692916 -0.291924482431386 0.544443345399621
-0.0469189142881001 0.0570372960252233 -0.411593808276988 0.612329231198451
-0.0433877106199045 -0.0269117953605832 -0.416973612059807 0.504902729411127
0.0217084153396187 0.0150929867746525 -0.286448766644085 0.426278590838035
-0.0186130777695636 0.0915846029312577 -0.252804721647394 0.288922949549197
-0.0150280808294949 0.0708701014597754 0.272375870712485 -0.228257720095681
0.0204561209800923 0.00427674552571854 0.269692978846859 -0.392253553500174
-0.0165623991898413 -0.0456310736982532 0.39582282782733 -0.50036996625858
-0.0442122233193956 0.0275851823920487 0.381848613525144 -0.684733467998829
0.00673061693008914 0.0445910706818796 0.259250846815107 -0.639489692403349
0.0337672622831407 0.00143079676384423 0.149506723898058 -0.451191976101783
0.0308521446390989 -0.0364044586599069 0.0834649257867472 -0.238023899772538
0.025320193571731 -0.025454100479822 -0.0258812588332034 -0.0219910686857957
0.0195609201193146 -0.0285347495399318 -0.108316171067195 0.149097392746846
0.0326070344148345 -0.00295388343426354 -0.217297442473459 0.369498114976232
0.0174241711820909 0.0472411887114206 -0.333236301237996 0.529503063072647
-0.0554006697101685 0.0503521763335657 -0.481719776638359 0.578241508875166
-0.0366129264537647 -0.0359027020780069 -0.458009453551257 0.457181123262173
0.0248690962637398 0.0226515058702829 -0.302608416731342 0.416060046516795
-0.02965764510158 0.0923659918383389 -0.267425218445846 0.269656180344731
-0.00855098028123323 0.0534954207928085 0.25405046059853 -0.253308740648016
0.0140068139102761 -0.00520369993512773 0.258817242315191 -0.393364517507088
-0.0207957309190726 -0.0398982501693753 0.362450959828439 -0.543299322661967
-0.0357364968668495 0.0303162256931206 0.311310652181816 -0.704706907061288
0.00736014975245113 0.0394313332598048 0.217498852360515 -0.638251492413157
0.0294158207282821 -0.00064901288866832 0.139944131319546 -0.45770113826504
0.0266134641088032 -0.0335505873866271 0.0861715262614898 -0.252642320082319
0.0200380649697869 -0.0212322850286485 -0.0182426307643375 -0.0349329553470197
0.0157668844430002 -0.0237450848969832 -0.10235002020608 0.133782924019398
0.0289805795194917 0.000893602230179503 -0.226708920666781 0.355395445961936
0.00984145889105337 0.0454988313017163 -0.370073473653455 0.515948987175556
-0.0546656784427351 0.0413921116963565 -0.540236058768695 0.544916383844063
-0.0284497612323408 -0.036568562976727 -0.484221645136303 0.412140344898897
0.0205076940852782 0.0276094034474177 -0.313845378003057 0.409044439396601
-0.0371274235879334 0.0779380726937684 -0.280319192389829 0.250105952789363
0.0204626565501858 -0.0698715463315348 0.283348037546759 -0.113965904749653
-0.0397311805344046 -0.0319888390801997 0.333814425680209 -0.365431839651989
0.00280025540380443 0.00350040487942432 0.480979593129144 -0.339454096632663
0.0195854566889337 -0.00854494887591599 0.599541614067918 -0.540966852054716
-0.0117985614217159 -0.0107569613670875 0.416615420308903 -0.585417916380832
-0.0105362918982714 0.00471630311073042 0.200755897851052 -0.411418180517221
-0.0035791905677483 0.00344605421315936 0.0792364654080172 -0.198087070039797
-0.0105720595067375 0.0300419645967322 -0.0443594425603515 0.00892619765768043
-0.0183719577418651 0.0177891322917293 -0.11606947346385 0.184536173557855
-0.014578991648347 0.000850763630251548 -0.166085743698871 0.410710764946252
-0.00755160877475338 -0.00957471188919939 -0.188150269063608 0.568664440663548
0.0139772022467329 0.00219263646186899 -0.259511450141212 0.656309545705083
0.0038317253389964 0.0285093442678409 -0.307980235095358 0.581243860818824
-0.0357917475208639 -0.00118639084477436 -0.238246847037854 0.452629136198717
-0.019424982552391 -0.0464011671946544 -0.215539565433635 0.326938404591843
0.010207569788303 -0.03614474106157 0.290475814129674 -0.0992504415192356
-0.0287312415351747 -0.0219052981512421 0.34214414287558 -0.371401621941869
0.000431033799467412 -0.00724835358515226 0.481211857141018 -0.325755730214019
0.00436739669039734 -0.00387260041996461 0.61959816052791 -0.527808813611022
-0.00828664148177911 3.68855914197226E-05 0.432630395257512 -0.58649721500518
-0.00161543326579319 0.00416463637826111 0.202591812972366 -0.411574604463769
0.0053501709939447 -0.00528009368394669 0.0750391904847699 -0.194141911501294
-0.00181407257508689 0.0185070265727711 -0.0473962407444372 0.015905919719269
-0.0101405284475376 0.00743450025678774 -0.118030543962773 0.191008851506531
-0.00413239440862283 -0.00129471468724824 -0.166047393182774 0.415115512369473
-0.00116959027920241 0.00124835960302038 -0.181570703716364 0.565966424590057
0.00247304543118899 0.0159936918272304 -0.242169984864446 0.655962990439256
-0.0065777085431225 0.0191509770642971 -0.294152891318566 0.591906944754949
-0.0238227813371693 0.00344799827433616 -0.239872397533055 0.453946233047631
-0.016417027905895 -0.0109756744652164 -0.212323831518211 0.327195332523475
-0.00564160949652742 0.000960369981322382 0.296760995725339 -0.102566886220184
-0.0154971213702726 -0.00553762246080987 0.339992873039462 -0.379909553507053
0.00132493453242763 -0.0179609961897628 0.471422938648863 -0.332529338564417
-0.0126674176915299 -0.000195012629232121 0.613616990410852 -0.533230859008506
-0.0070686909213432 0.0131744218734173 0.425957130679986 -0.591634529312464
0.00942585465708722 0.00494173978643502 0.198430817147933 -0.416754910321225
0.0138694817749706 -0.0137975778842897 0.0725663921315626 -0.194987418595302
0.00770797693129958 0.00449701544915297 -0.0476824945285979 0.0179113635837219
-0.000692556396961833 -0.00411526352133131 -0.119992932747223 0.192943236120847
0.00657320718036957 -0.00491367553959465 -0.171407940267829 0.415727179094673
0.00754336200513906 0.0125231063601514 -0.192535536816534 0.564276475707765
-0.00922901404121723 0.0304900141124272 -0.252798585388981 0.653533850377725
-0.0176888371083547 0.00907311018762923 -0.301127988064454 0.587546948845807
-0.00981716730500438 0.00492268440994706 -0.244072858768471 0.4513634392261
-0.0119358996836795 0.0213778186135221 -0.214941357664504 0.322871713545716
-0.0205153883003811 0.0342898988187864 0.299665390896741 -0.121663274592493
-0.00229455698302621 0.00878001091504331 0.327619437645685 -0.384743220057778
0.00127610885950452 -0.0286810652080263 0.458672872726627 -0.356318118556332
-0.0275569153631254 0.00416312503498807 0.580872108905947 -0.560812326807411
-0.00470058699425114 0.0261842426598833 0.399578347251184 -0.605679528280493
0.0193195961489373 0.00657901228312105 0.187686857483076 -0.422562892253318
0.0217484371082481 -0.0227737922004035 0.0738680297729403 -0.200334088968641
0.016208729931402 -0.00776668463717992 -0.0452929726640647 0.0137952803256989
0.0084682374052081 -0.0146778621109439 -0.118506704064907 0.187627400145778
0.0174586658935501 -0.00754365196086601 -0.180906101868749 0.410090418721076
0.0161069092023716 0.0244585433012888 -0.215075930182896 0.559054124033307
-0.0206264548783738 0.0455583263232986 -0.285298486787822 0.643362517586808
-0.0317509687056419 -0.00200065540013617 -0.327491620648306 0.571369587058206
0.00245337068198397 0.00561172041834883 -0.255013043399585 0.446070102709836
-0.00955767187963661 0.0526521958255786 -0.224120298904401 0.314518316636425
-0.0261121214298314 0.0607718659339801 0.29706739579812 -0.154180962822312
0.0104097574512288 0.0156398380032024 0.306845098166608 -0.388347385172982
-0.00208060754269403 -0.03883127831783 0.444076197362358 -0.39747217935394
-0.0394780193431794 0.0118506828247402 0.525272922293501 -0.601473672561384
-0.0013301569693295 0.0367385344222858 0.35589380315719 -0.617632252823149
0.0279775408452743 0.00614358083397146 0.175564845232816 -0.429445352934219
0.0281634761451029 -0.0296451906537742 0.0765974663542949 -0.210033410451734
0.0231016606248017 -0.0180781112166878 -0.0392529722623895 0.00405030400951215
0.0141421957954191 -0.0245863406148379 -0.116292551286088 0.178012885248045
0.0261207966960087 -0.00866926345723779 -0.191617893351554 0.396754080564348
0.0203978556905489 0.0339272976482162 -0.249354140947688 0.548303842119954
-0.0344202032921643 0.0550085682187546 -0.34110124137384 0.627476728347892
-0.0402441787089087 -0.0152728270908502 -0.367759411787215 0.541527624436521
0.0135161651689148 0.00859385795377977 -0.271021024643265 0.434770415388111
-0.0102297700845552 0.0759722329630324 -0.236163708467738 0.302268691211797
-0.0228874664173049 0.0722125163060772 0.286666231693666 -0.192466529403517
0.0180886441773102 0.0130488031026449 0.284835065680856 -0.390186802976294
-0.00940124555960874 -0.0451594338547486 0.422405034583533 -0.446207127999861
-0.0445353948866719 0.0202428346939033 0.454181071199615 -0.644029869868313
0.00330794718367817 0.0428693697363035 0.303628055214811 -0.625729709464012
0.0321412660613823 0.00319574305434557 0.158448909772475 -0.438096443177706
0.0300366263079612 -0.0348365968273796 0.0794082823859805 -0.221886345135446
0.0248098296143217 -0.0239471370838996 -0.0327978189003994 -0.00736748360611721
0.0187317490632547 -0.0281180186122926 -0.113783168740719 0.163246106946252
0.0309441336836271 -0.00704262373580787 -0.203790291615592 0.382817612698845
0.0215460835658356 0.0421383393751018 -0.288645538080485 0.537227306666927
-0.0462784134733492 0.0568992101991772 -0.406561762777371 0.603812375540865
-0.0429798511089794 -0.027101767546056 -0.412651262741876 0.499625012141445
0.0214004183655563 0.0144736335615042 -0.286617959466115 0.42105077116199
-0.0189887064921604 0.0901142782968868 -0.250448825867328 0.285582865977816
-0.0151141805433755 0.0701394096438715 0.270113181752956 -0.224438601611855
0.0197352222357037 0.00439316343937185 0.26910703968397 -0.389013250292663
-0.0168830079345076 -0.0444560464987318 0.39230991631213 -0.494080981480722
-0.0430528919217976 0.0276878240730477 0.376663704089067 -0.67679718760528
0.00689327429752605 0.0437147486529085 0.256006314101712 -0.631826492811797
0.0320214469874298 0.000977494560661775 0.148269497667985 -0.443560606995689
0.0300073576565555 -0.0358600229276802 0.0823115309759888 -0.236225621921641
0.0245593295613134 -0.0250970287746712 -0.0257440929937881 -0.0211492474319412
0.0193159560080434 -0.026636184318284 -0.106488399280095 0.14715527643951
0.0320497725483174 -0.00352608022657079 -0.21567609133576 0.365200348727924
0.0168611021292941 0.0464155688548954 -0.329860743141999 0.521526375095752
-0.0546575374315262 0.0501647996705048 -0.474339973826166 0.571940660405479
-0.0380305443577623 -0.0343752053490364 -0.453750964738681 0.451656125033408
0.024351091622365 0.0222604005882693 -0.301016421459178 0.410634188943336
-0.0306291922471833 0.0909859526535861 -0.26434468080403 0.266353074748721
-0.00739952480093425 0.0531590427199278 0.252488602351334 -0.24936812473998
0.0127105692057036 -0.00490011830997681 0.259078521119909 -0.387602161648236
-0.020461889120973 -0.039853747572864 0.357403542157329 -0.534829084929211
-0.0352231551154651 0.030004124168099 0.308478496701961 -0.695185505723089
0.00799508280889706 0.0389479258885691 0.215924940780792 -0.630296942564882
0.0291852024233966 -0.000540131774756421 0.138220429481991 -0.451753092735836
0.02640694547723 -0.0333308903381313 0.0852751930968647 -0.248830293220848
0.0194332954185374 -0.0209930663575136 -0.0186723673183785 -0.0347621292329798
0.016510613989137 -0.0231594903212509 -0.10108886041401 0.132627485399066
0.028501414966415 0.000645447021547371 -0.223031520706715 0.352126472281089
0.0102092870901247 0.0442621643282774 -0.367598478820106 0.509687745591833
-0.0547646271896425 0.0402211572704379 -0.535967186149519 0.537730479330699
-0.0268052083356999 -0.0354742586795368 -0.479471321158805 0.406755192460078
0.0194619786321855 0.0279053519166656 -0.310645086197861 0.405822322330248
-0.0375341904521579 0.0764336132349066 -0.278069384284361 0.246206342192902
0.0203273690959816 -0.0694933039251593 0.282130294840494 -0.111803937716601
-0.0399743428121028 -0.030744374262968 0.333222792338575 -0.361291880430383
0.00265460632551167 0.00330038467320442 0.478188619246468 -0.3372776013971
0.0194083334891073 -0.00906113542332107 0.594666473627635 -0.535589338199034
-0.0110015638115331 -0.0108028027841507 0.413459136745171 -0.578578112441905
-0.0113650841533539 0.0038984802304606 0.200866093527905 -0.408257088448096
-0.00368294638312883 0.00423552728918336 0.0792848530573052 -0.195778256691004
-0.0108075062225663 0.029562878447964 -0.0438001028211027 0.00926560388537027
-0.0178417428034501 0.0180895975813755 -0.11640009775426 0.182536275890902
-0.015658645501008 0.00108980005464846 -0.166981798219064 0.406312475782174
-0.00793489987598594 -0.00908345297433077 -0.185558733390489 0.560214381845605
0.0137637332353792 0.0031191655790354 -0.257426492665327 0.648688789711785
0.00248739295971305 0.0273806034781814 -0.306699127319898 0.576427879040565
-0.0354383773673346 -0.000985425280475022 -0.239343917913828 0.445672907452781
-0.0192901357919954 -0.0447562843840352 -0.215896113379296 0.321268764336992
0.0101126320531305 -0.0356311258431281 0.289671196817705 -0.0955635861225546
-0.0274870748121696 -0.0213102118292104 0.341411965170204 -0.368067524825203
0.00121665926263543 -0.00638631964926045 0.474824725583214 -0.323225493846898
0.00381864867889928 -0.00380327173033861 0.61429302131326 -0.520140528339639
-0.00807662417763783 -0.000148760615437643 0.428971194334445 -0.579562387550214
-0.00202083768449588 0.00472373078752935 0.200837430732484 -0.405813231215249
0.00458491007419006 -0.0041992821005162 0.0746913281186889 -0.190983968023485
-0.00190288613674773 0.0186865367662853 -0.0474771252114727 0.0155191083860076
-0.00922186153431553 0.00829024279596222 -0.117966031565094 0.188864609320903
-0.00489559697722656 -0.00108811801821116 -0.166271533623445 0.411359683538892
-0.000559878455712913 0.00087688951366936 -0.180678734255408 0.558919421477427
0.00278553034866619 0.0158281263383226 -0.24080995626849 0.64701929810696
-0.0063954897829136 0.0181645542569423 -0.294276852324759 0.58513222662186
-0.0224461273048582 0.00330639343774786 -0.2380539145071 0.448787230271966
-0.0155394460415268 -0.0111675834118065 -0.210384014361445 0.322739888474856
-0.00546028449329563 0.000757144639288078 0.2952658999972 -0.100256949057889
-0.015357491870116 -0.00559669790280755 0.339259199846628 -0.375014350148511
0.000772874749716914 -0.0181103479678663 0.468330113285989 -0.326851142509005
-0.0114734428597863 1.28580568126409E-05 0.607890806530445 -0.526487160972274
-0.00619559466051002 0.0125646840946829 0.423091664864913 -0.585351831637774
0.00877257100569855 0.00501134298832641 0.19698794713581 -0.410312764288768
0.0135669367018445 -0.0139837299287637 0.0730884262770732 -0.191674731683503
0.00836080553394315 0.00484813821522928 -0.04670571744341 0.0168354027225739
-0.00110463476742766 -0.00405888487762975 -0.118546507771218 0.190631340610821
0.00627231562045107 -0.00429280736267628 -0.170907184564183 0.411298387337576
0.00885103609239697 0.012559557012203 -0.192158666373078 0.558002199332395
-0.00911247590593989 0.0312748647069674 -0.250243181020874 0.644656511110377
-0.0182804732567663 0.00913932936340477 -0.300004528302068 0.58252876428312
-0.0102535373767142 0.00466065225538259 -0.24380169252212 0.446750799078804
-0.0113144312673312 0.0219451760242832 -0.215506766257658 0.319760777026595
-0.0190335305124636 0.0337167775863974 0.29711160298712 -0.118006181029268
-0.00260122410868126 0.00959515791974219 0.326370267740519 -0.38101856724502
0.000559664076966001 -0.0284198082499119 0.456722144123069 -0.352322879766629
-0.0265847094648845 0.00449387769544191 0.577575703453911 -0.554272752827395
-0.00443112616090592 0.0255795670336514 0.396208046309679 -0.596749388743745
0.0191630852261154 0.00556647828244844 0.186829415181135 -0.415794210075478
0.0216778525372232 -0.0225550605692772 0.0733593996862235 -0.195957036750107
0.016909303597212 -0.00804047661036624 -0.0444447804609863 0.0132698438631954
0.00801425708790584 -0.0142554299070455 -0.117643439556542 0.18531305715178
0.0160433961489335 -0.0076426209172645 -0.179296363865794 0.405350880283043
0.0161548982751174 0.024015571376342 -0.213837704813906 0.551626825191065
-0.0212553042061217 0.0446893795476986 -0.284485126327759 0.63646227437824
-0.0307456516217291 -0.00188473143589211 -0.323237821402 0.564674860797083
0.00245233528499469 0.00572003376822547 -0.254709980144747 0.440381802704577
-0.00995436781670304 0.0509987179289453 -0.222950769091579 0.311106084747258
-0.0252501313240769 0.0600471453552723 0.295810078146001 -0.150748692509932
0.00991323452664048 0.0153291415303888 0.306421009755207 -0.384703438464911
-0.00289447136689191 -0.0387038316499593 0.44123086032693 -0.391381738459079
-0.0390214266098013 0.0111705745533953 0.520552029052014 -0.595989152069982
-0.0014182484225002 0.0361601162006962 0.353913277169929 -0.609603107203854
0.0274675557885987 0.00494189650603446 0.17344279729186 -0.422859741075063
0.0276794553210157 -0.0290831948961799 0.0757685665502859 -0.206232845679414
0.0224777299922284 -0.0178409190714723 -0.0376428722566049 0.00532546832310567
0.013827718539683 -0.0228176306067587 -0.116040918974648 0.174240123002926
0.0258487488359141 -0.0081329525409371 -0.192501760366125 0.391613582353123
0.0205171198988168 0.0335337202304074 -0.247146126105829 0.544029063730516
-0.0336205538152445 0.0536768516938939 -0.339813361118383 0.622778277898649
-0.0402316572026762 -0.0151126127321415 -0.364801006219222 0.534785969486684
0.0138367373130637 0.00925823483685973 -0.267947594821699 0.427739040333393
-0.0117750672860994 0.0747079658169852 -0.234899153288415 0.298277430280139
-0.0231547075711521 0.0730750461990692 0.285807062367904 -0.1877620874292
0.0175126272474153 0.0136449425094495 0.282224654027952 -0.384891798166152
-0.00962567068582084 -0.0445854058774009 0.418997805835386 -0.439105993520916
-0.044733282440322 0.020253683447234 0.451043682987365 -0.637285576250752
0.00321637185735365 0.0424554713979968 0.301705104330385 -0.618688177616728
0.0322181310306715 0.00355935155213779 0.159592397811976 -0.431215381978079
0.0306421469911046 -0.0346318042362244 0.0794392031220007 -0.219347124308424
0.0257848984295529 -0.0238437146531119 -0.0325523982992891 -0.00821427799213524
0.0183178962970047 -0.0268885165771569 -0.112376474586242 0.160742311908524
0.0296703606216511 -0.00712438588770908 -0.203511761973403 0.377317292427881
0.021428596022053 0.0422365069460213 -0.288012960883354 0.529340413713528
-0.0455181072968774 0.0553419918782584 -0.405113567569582 0.599921132648043
-0.0422453390759991 -0.02798606118394 -0.41022342498811 0.494910608558457
0.0215487636619353 0.0154149307170167 -0.284608413162029 0.414424931856895
-0.0198973288859663 0.0895401056957421 -0.249061483504243 0.281868665592749
-0.0155135092498071 0.0693797105689238 0.269015437793381 -0.220758067054135
0.0183887580383212 0.00510308239779865 0.267808415550685 -0.384213683114695
-0.0163996065875155 -0.0444024490023944 0.38894645858201 -0.489880901735449
-0.0421724677465943 0.0275173592884425 0.374065225981797 -0.670600419533971
0.00732149153632347 0.0429402635179122 0.253713563661169 -0.623183305985173
0.0321436074726464 0.000912029996906712 0.147807169235581 -0.438891150386995
0.029366181048517 -0.035244767540469 0.0829723315483435 -0.233380121779677
0.0249760671212121 -0.0243849432664809 -0.0254593771988296 -0.021410199496292
0.019178382495195 -0.0265606540980747 -0.106190266677583 0.145550085770024
0.0309536973790621 -0.00291939873684348 -0.21484678145746 0.359344352760726
0.0166759048900719 0.0462474360430246 -0.327904025204098 0.514859550405773
-0.0539421070295486 0.049511950481712 -0.470921287053035 0.567023568637217
-0.0374991831712089 -0.0356232755151728 -0.450330289497374 0.44562249773883
0.0233672413016777 0.0228841778018453 -0.299731245221064 0.406048589829481
-0.0293832885186055 0.0904609459584809 -0.264119288938958 0.262324625342461
-0.00756243649808199 0.0525241095060056 0.251251122487155 -0.245133349871897
0.0126370564287296 -0.00554912666599295 0.258365176211712 -0.383163540440768
-0.0210555346542954 -0.0389576374735865 0.356911652207985 -0.531418702732571
-0.0346554993328731 0.029248648970483 0.305968832627124 -0.68921627706755
0.00778241818731728 0.0388098640671441 0.214681760724871 -0.622708684294945
0.0284404813485362 -0.00220370053927893 0.13548564221182 -0.446565867085248
0.0265347564694507 -0.0330406652729194 0.0840977795863732 -0.245445054491444
0.020214914701704 -0.020538460958705 -0.0185388994774676 -0.0334020102162629
0.0156778361798472 -0.0233593180178115 -0.100543106301098 0.130547482885952
0.0273348583366989 6.16771368031209E-05 -0.221704195685476 0.345885983612175
0.0101638497298326 0.0437623289683414 -0.366053372557008 0.502100038311126
-0.0536645536196285 0.0397831554737897 -0.532489932834134 0.531444756008444
-0.0267436494256288 -0.0358690547711005 -0.476369379394213 0.402498203102135
0.019034721408466 0.028106512100436 -0.309335650031439 0.402070278133359
-0.0384140518871324 0.0752209766164404 -0.277229482041247 0.243258287713313
0.0201091744596364 -0.0680262026385561 0.281138299578019 -0.108108035293412
-0.039436898566086 -0.0309533192050434 0.333130543432734 -0.35497130191903
0.00185126480805898 0.00333300251587817 0.475583759562988 -0.332254844089578
0.0189723700153356 -0.00875385144772696 0.593033958964905 -0.529841152047712
-0.0109780450092474 -0.0112332852438482 0.41331130857737 -0.571553313500218
-0.0115419022357223 0.00386401091433289 0.199953600044918 -0.402541538963937
-0.00432049850030625 0.00319815703077155 0.0794201269292707 -0.192525575217048
-0.0109038282619842 0.0297860758934566 -0.0437224531441091 0.00880813563485784
-0.018375996671384 0.0176881985473761 -0.115780673494945 0.180233847687851
-0.0154248034979136 0.00114042568088726 -0.165818900811565 0.402375332276878
-0.00694569857939001 -0.00873796542111035 -0.186768856956586 0.555861079616112
0.0139260743106649 0.00285154778079364 -0.259288078167937 0.642529809429187
0.00313296392142827 0.0274231919649397 -0.30490978656996 0.570786409155116
-0.0354454581085874 -0.00153882788531711 -0.240206142777519 0.442489025728095
-0.0185636592301031 -0.0450604220693766 -0.215524208270756 0.319217563128659
0.0098647189150484 -0.0349412452233243 0.288348353429163 -0.093041173952668
-0.0279739634522544 -0.0198542100624427 0.341694746062545 -0.364900737126855
-0.000244616104159278 -0.00681555752683642 0.472933563124047 -0.318621368038462
0.00482366294046376 -0.0036548697613505 0.612848856778033 -0.516496766800461
-0.00799974583415625 0.000552663972647291 0.430299776235903 -0.57091260647855
-0.00212577228432823 0.00434499155872935 0.201433925108287 -0.40204155960993
0.00423976702904803 -0.00462102504919447 0.0755081763531582 -0.188867462712939
-0.00134989087952431 0.018370857664451 -0.0465437178299597 0.0156985192499425
-0.00902037571559145 0.00897588663173594 -0.118275081947246 0.186524566792642
-0.00475785713632372 -0.0014039498703556 -0.166828476980729 0.406838802631741
-0.000709012199684054 0.00118782932228528 -0.181408981765512 0.555685849945657
0.00275475508302357 0.0158175813701524 -0.241873971155142 0.642843922381712
-0.00599845049234454 0.0183536055483308 -0.292579436428425 0.57958343553543
-0.0230011920463004 0.00322527842866894 -0.239486587128693 0.445892070521349
-0.0148333832932648 -0.0121514354377411 -0.212136992049761 0.319377087382805
-0.00621996123746661 0.000781178265894696 0.294669506227166 -0.0963784139096083
-0.0149480161644284 -0.00426247782423601 0.339701303057029 -0.371549930232669
0.000825573498947721 -0.0179571763257732 0.46493408847111 -0.324899872265096
-0.0116689105720098 0.000627356746167173 0.604064663343473 -0.521631246379471
-0.00582936155182707 0.0121571205880205 0.421068665254309 -0.578334075635794
0.00858512819116333 0.00416121227570505 0.196175336511951 -0.405162798968317
0.0131432461026454 -0.013832698983697 0.0734636222957459 -0.188716559551248
0.00833628584814668 0.00588396358168601 -0.0467193997368642 0.0171799999966917
-0.000278998933813804 -0.00361911915705887 -0.118706914128671 0.187588981932871
0.00596712437351661 -0.00398335152898186 -0.171313728076436 0.407583334715666
0.00771397048772501 0.0118733826235439 -0.191201441971095 0.552731888992685
-0.00885802863724425 0.0308698167820156 -0.25084431438947 0.640323740121142
-0.0191430960754807 0.00800335151246046 -0.299108079765126 0.577416642168915
-0.011197362117014 0.0053364771537913 -0.245023053227922 0.444754598415968
-0.0112962225092658 0.0211479099596341 -0.215519577687089 0.316245689515005
-0.0199602502887369 0.0338569620798897 0.29725396433323 -0.115526556223512
-0.00271686205073864 0.0089500788585775 0.327584070627856 -0.37710748804527
0.00107664269510112 -0.0284845848040975 0.454083141557775 -0.346314868968823
-0.0269216097437632 0.00347518962390375 0.572304391563705 -0.547418652883903
-0.0037959857953349 0.025129848440363 0.395127667079624 -0.590737289168552
0.0187436822285232 0.00485571301456427 0.186923246294701 -0.412534203804098
0.021213819922475 -0.022298617745977 0.0741328651748921 -0.194626727297777
0.0171595787279323 -0.00676938966011082 -0.0429741878921769 0.0131046667253383
0.00709242684933772 -0.0137035937345933 -0.11916321270063 0.183213718618268
0.0162250451153493 -0.00696341757534682 -0.180664809167058 0.400654866499984
0.0161281838789974 0.0232438294013183 -0.215420872291644 0.545771516094953
-0.0206217641884085 0.0444667426849835 -0.284512312162021 0.63067468765378
-0.0309515915323909 -0.00296489459416209 -0.326410226727406 0.561728249809457
0.00188467775369667 0.00552001058753386 -0.255243698983627 0.436395788957283
-0.00962606658017903 0.0511281100116504 -0.223114809063055 0.308691597142306
-0.0254809886991731 0.0599316531682643 0.295687298066462 -0.148094225073668
0.00929521433741986 0.0154461256286859 0.305743824642713 -0.380422603036028
-0.0034353958640634 -0.0364832908181967 0.438750433768814 -0.386793630568879
-0.038781059305399 0.0110721563878478 0.518117782085556 -0.587730802334298
-0.00107714496917511 0.0354086004159597 0.351403063837478 -0.602889653658617
0.0266936051307963 0.00509316284462047 0.17385239880754 -0.419967669053139
0.0269226329160087 -0.0296568442241812 0.076713366224244 -0.204313308921348
0.023193638490717 -0.0174723104016087 -0.0392321860475654 0.00494913716757868
0.0139685540588706 -0.0229535171972879 -0.115929213402359 0.173410479059753
0.0250904844941438 -0.00792869811186392 -0.190846194050583 0.388262999137993
0.0201494875840003 0.0334854758795215 -0.248402133111111 0.537283279721461
-0.0334297813992937 0.0535452375806852 -0.337735294529694 0.616488855524717
-0.0398736110683403 -0.0152336038407549 -0.364513903705251 0.529842210125028
0.012945051339319 0.00909831905076164 -0.269318688641832 0.426450507865578
-0.0118589859835314 0.0748028007059151 -0.235268095677611 0.29483381176217
-0.0235565971002569 0.0715591204575675 0.285514938015894 -0.183692870664059
0.0169603227592512 0.0137378366757146 0.284039627143799 -0.383106563720482
-0.0093811101074741 -0.0435663854913961 0.417602119683812 -0.433310633587728
-0.0445792744205961 0.0194481115503567 0.449331258687734 -0.632359054979473
0.00369132510366715 0.0421744173636346 0.301880320766362 -0.612882928319552
0.0312674572318775 0.00267326192790106 0.160102671325252 -0.427263980439125
0.0295306952125414 -0.0345947852898821 0.079508911723259 -0.216607684473244
0.0260785695885335 -0.0236703608931224 -0.0324487190071485 -0.0077392442297033
0.0180075873693586 -0.0271856670495923 -0.112153267499217 0.159536851555544
0.0296836564195598 -0.00614371226900741 -0.203468445469206 0.373647543416675
0.0206033584930437 0.0415645991535326 -0.287801166832171 0.523853727124844
-0.0450351448061892 0.0554915913731211 -0.403554587807038 0.593004773772301
-0.042342599325371 -0.0270779106023875 -0.408714059558359 0.488221470062878
0.0205511539993334 0.0146558076546034 -0.284025185480935 0.411870994693323
-0.0188506493170036 0.0885924152587549 -0.249598864951639 0.277941541004462
-0.0158758640911938 0.0693962042731536 0.269732955093576 -0.21635156884025
0.0185353197600895 0.00582499742545187 0.269152984055216 -0.379890158952443
-0.0169643563377399 -0.0439575435718244 0.387526855795556 -0.483354532099466
-0.0422913664572945 0.0269990267523951 0.373126708076236 -0.664546091169339
0.00709396963857271 0.0423593949127649 0.255248359716482 -0.616797951702467
0.0313378729459655 -0.000219591252111948 0.14754247884595 -0.433344364310684
0.0294679634450924 -0.0360936521290019 0.0816600643614272 -0.230149344853097
0.0253808936552629 -0.0239003195894669 -0.0244418796442921 -0.0206293214786095
0.0186202388727872 -0.0267955609171696 -0.106094576247495 0.144242938077544
0.0310877367431304 -0.00256558869880217 -0.215067150770796 0.356894366207172
0.0165237464821328 0.0454587429188006 -0.327979665514957 0.510521277981616
-0.0532194369701273 0.0489420929253561 -0.470697084381203 0.558394094195377
-0.0363741278439934 -0.035033483122946 -0.448837329696183 0.442326151678015
0.0235295858961059 0.0223218471636512 -0.298128916090097 0.401902993352375
-0.0308340046130958 0.0905876621138442 -0.263509764679042 0.260436428328216
-0.00789252263068279 0.0525059021997673 0.25290996619624 -0.24191635374405
0.0124586920750582 -0.00361764412367619 0.257548127863849 -0.380710631916852
-0.0214238368315295 -0.0384623847376601 0.355359245421057 -0.526725845187656
-0.0347302570685286 0.0280779956236525 0.305497505897939 -0.684177805586569
0.00756953028950795 0.0379839062065267 0.214168870885169 -0.616622014784281
0.0272670310982884 -0.00161216596002388 0.137096119129561 -0.440490394905624
0.0258099751868362 -0.0342757141988468 0.0844494671933344 -0.242834563192501
0.0198424686786502 -0.0198006668886791 -0.0184620422022301 -0.0346810911378163
0.015665835356179 -0.0226132736565939 -0.101188732764472 0.129701763898358
0.0278213389452968 -3.79391797589962E-05 -0.222885769276725 0.342881052291669
0.00983029024697163 0.0437740116610135 -0.3637568749171 0.496764065033296
-0.0528523400616414 0.0390333815297928 -0.531109882432246 0.523887939655181
-0.0263275409148389 -0.035654090187566 -0.474301592842291 0.396962218251544
0.0180912960666542 0.0275517985228304 -0.310210633707654 0.398350026968711
-0.0379123848067692 0.075816254994492 -0.275378533620613 0.241776850117528
0.020657463244909 -0.0676206571548284 0.280506291907397 -0.104904656188645
-0.0388638321809282 -0.0301304793333817 0.333065161351529 -0.352366724803155
0.0019071273884148 0.00340532029080012 0.474145245037399 -0.328684331731707
0.0189603441391468 -0.00833860355884418 0.59257947038146 -0.523757441757368
-0.0109045943118595 -0.0105861984323406 0.41158219587982 -0.566681025773874
-0.0115315070736177 0.00276366062068728 0.20071760513379 -0.397473588921185
-0.00464391825027331 0.00371474419516772 0.0801834687574372 -0.19177285488981
-0.0104520602109555 0.0300016384268177 -0.0442856176588058 0.00834543696520377
-0.017968618991259 0.0174476013441791 -0.117111959680255 0.178845270631682
-0.0148122202587596 0.000488177666055261 -0.168787230727981 0.399178215989324
-0.00674822704990744 -0.00952624940807265 -0.189810246710876 0.550331098540571
0.0144360356307209 0.00260315512358264 -0.259254699235149 0.637860172775006
0.00323078694456346 0.0267524622383475 -0.306713717111394 0.566800106383372
-0.0350662501297114 -0.00114709070804981 -0.240682638795368 0.440357666117438
-0.0169373322028174 -0.0457239146079735 -0.216702128268982 0.316545424117868
0.0100416528239134 -0.0351765224066215 0.287749754755502 -0.0907266387975642
-0.0278400826917138 -0.0203865248663269 0.342627359579198 -0.359240047903444
-0.00052418316150514 -0.00694530255529057 0.47252355736158 -0.314087441096441
0.00493060747099024 -0.00428355587553817 0.610853124095721 -0.509122314526755
-0.0075026223991153 -0.000532840775484973 0.429261922915285 -0.565524943946014
0.00229926496384243 0.0105983926894448 0.201920728932524 -0.39748847028403
0.00300474374563286 -0.00509434894228539 0.0756955902201345 -0.186455744135358
-0.000677909941361431 0.0178152023228394 -0.0547051629640579 0.011337950014198
-0.0101732359346249 0.00891722688358328 -0.117714520954298 0.185652243428079
-0.00532542852155857 -0.000925454681132746 -0.168950778334168 0.402133340890376
-0.000168556922064153 0.00146825070528466 -0.18351987812655 0.551098304994725
0.00264414658130253 0.0154589880128288 -0.244422189236398 0.637914482243136
-0.00606450454281747 0.0174595945945626 -0.293820954993348 0.57625060650145
-0.0230526604379419 0.00321158626439356 -0.241048043995643 0.441948043943601
-0.0153181431099101 -0.0114369680771163 -0.213087003017088 0.31755317449936
-0.00572643112865912 0.00159346731664292 0.294936047409732 -0.0932821686749163
-0.0154871845127925 -0.00479570337972804 0.340161892985949 -0.367723617407116
-0.000101566803701146 -0.0169087123413109 0.464204770800665 -0.320530804916024
-0.0110734041901496 -0.000157286410713761 0.604254906229375 -0.514309339320565
-0.0054320826564302 0.012297838268019 0.422567191343556 -0.572668907010291
0.00935361259599574 0.00345011120842837 0.197030796804967 -0.402026340592912
0.0129093953014925 -0.0139278875600709 0.0741243929623047 -0.187017742563448
0.00858676468817599 0.00578291944029391 -0.0455005375485095 0.0164477818149084
-0.000649290780614976 -0.00267895441916691 -0.120517968138775 0.187120790848387
0.00530887201398597 -0.00441798500302153 -0.1722370464507 0.404313965757621
0.00789169960393348 0.0133783287405278 -0.193866382670948 0.547231079736411
-0.00870959708773324 0.0300830792793198 -0.252694015139442 0.633363312474164
-0.0192869900966437 0.00786768079148829 -0.302223740699951 0.574167372410533
-0.0108454251433216 0.00498869338967868 -0.244539184099527 0.439242691506344
-0.0110839413893639 0.0214977547053627 -0.217141727886993 0.314278269070154
-0.0191852168487301 0.0342105792587625 0.297817977857383 -0.111061932153161
-0.00286810600157176 0.00942342842665375 0.327381900926247 -0.373068472127983
0.00101789688165634 -0.027527492549956 0.454451441855695 -0.344578407316113
-0.0267082998505847 0.00418871905188812 0.572062896066885 -0.541652184469505
-0.00416282095760037 0.0251156796546669 0.396333834686314 -0.586722219818925
0.0185841602127455 0.00525001147801689 0.186743345157367 -0.406102701824111
0.0212842802339095 -0.0220023803764349 0.0743624631945951 -0.192583114387961
0.0171539422889171 -0.00641003616242586 -0.0435639488706936 0.0123033551028602
0.00675333968137591 -0.0140329799490254 -0.119222477461239 0.181915893080332
0.0160015246976182 -0.00662337554431508 -0.181994141330101 0.396552932260534
0.0160200895605397 0.0237946596607443 -0.216539171909456 0.540500131631635
-0.0210419421469188 0.043540643169213 -0.284880112649679 0.625654281078036
-0.0306106998051177 -0.00341518366998206 -0.327904504579561 0.554774536838909
0.00133978281481376 0.00661733192465157 -0.257570853363926 0.43272963762578
-0.00912097596075914 0.0509658709995102 -0.224620324645329 0.305607118691645
-0.0256598027302883 0.0591541581846745 0.296174402587652 -0.144189646412739
0.00899784449635498 0.0164374578083019 0.306191207765099 -0.377294962293392
-0.00259281701746377 -0.0374487513027244 0.43886434649449 -0.382283760531439
-0.0382352931403938 0.00996224463748719 0.517823415317883 -0.584039032272773
-0.00132967543671363 0.0351411013109825 0.353704159785287 -0.597077091990163
0.0270484515086009 0.00487610995700646 0.174589303374012 -0.414698669204993
0.0273672839753166 -0.028913418020058 0.0767886435495033 -0.202610155265573
0.0236689803954863 -0.016302744081189 -0.0387756194256862 0.00510717465126727
0.0142169831816458 -0.0213890656191906 -0.116937764300351 0.171998507507798
0.0247307848197904 -0.00815728549773296 -0.192930796961031 0.382745992965705
0.0213806163713332 0.0336463181927243 -0.250088223688652 0.531707629923152
-0.0339294089875457 0.0525019063772775 -0.339411728915613 0.611338464513849
-0.0402409401452487 -0.0156392050268204 -0.366021197227008 0.526033450840738
0.0123364391204575 0.00931692947538324 -0.271078899614181 0.422266621560496
-0.0117068709476081 0.074551563928392 -0.235711480006765 0.291709127678026
-0.0231893317561851 0.0703904306828216 0.285632780764768 -0.181156308010329
0.017656871418406 0.0141107148093217 0.283777558519017 -0.378469221090501
-0.00927390490628407 -0.0436736244958751 0.415456912069567 -0.430540422452813
-0.0446685862453553 0.0191537023952118 0.449215957416928 -0.626180341642807
0.00338418543477558 0.0416484814209774 0.303705233858206 -0.608442207432952
0.031079731655415 0.00272047138938047 0.159595438497894 -0.422578687223901
0.0303531997259557 -0.0348324555931422 0.0799978349341861 -0.214611710440007
0.0264468815601249 -0.0230657725239433 -0.0315152295134481 -0.00691272981367616
0.0178109568137991 -0.0267815877942177 -0.112411232956009 0.158137653353335
0.0297114736415867 -0.00626840317730354 -0.204052380478788 0.369970287987031
0.0203465575772309 0.041182009700598 -0.290603370100187 0.520320879582262
-0.0449965947102005 0.0543041645503777 -0.405553795279955 0.586066233570298
-0.0417563776638888 -0.0278594525070625 -0.411154771408423 0.485895376215066
0.0202897538372903 0.0155116050144199 -0.285982566716945 0.409659071586027
-0.0206722015564225 0.0883802051400592 -0.249581331025968 0.276220516348092
-0.0160859629071283 0.0690988858256073 0.271124437090864 -0.214005784748277
0.0184912085860423 0.00522743070879714 0.267815321889546 -0.376377530976386
-0.0169618615775227 -0.0435253254889951 0.388145251998188 -0.481512257164583
-0.0419057346964096 0.0261657022349334 0.375114486647995 -0.657980456690025
0.00722251398249146 0.041655747059748 0.254972168708726 -0.612234670454503
0.0315178406815637 0.000176975548971297 0.14798033458129 -0.430195605308929
0.0287421146134807 -0.0354402946040968 0.0828385810248706 -0.228092190603552
0.0260172551828124 -0.0234849871168503 -0.0237398558791224 -0.0196257834188586
0.0181995421870826 -0.0266561600399398 -0.107164121028728 0.141617020358234
0.0308707579145815 -0.00276118443847655 -0.215929063551973 0.351976472824752
0.0164062522773641 0.0454101044915964 -0.329959655502483 0.504990280769819
-0.0523491712163076 0.0491484077487925 -0.470417679337381 0.555771552309069
-0.0364752256554974 -0.0355714301456494 -0.448731092374795 0.437881431434491
0.0230714226637724 0.0227108131883121 -0.299234385800674 0.398974969206613
-0.0298213520047864 0.0889745340406048 -0.263623746596765 0.256538881450867
-0.00763113135111678 0.0526083343570367 0.253337874071764 -0.239112741720382
0.0117736529031884 -0.00345374487990403 0.257779999773921 -0.375974992583969
-0.0206030069165804 -0.0385894284194768 0.354851685710165 -0.521797486344351
-0.0345473327909707 0.0280663088029427 0.306865565175414 -0.678757761370136
0.00838260114294225 0.0375245584198079 0.215019849106047 -0.612637537350207
0.0278381125940678 -0.00184649484309279 0.137956754820097 -0.437972923398698
0.0250618466451395 -0.0330360500725658 0.0862092800469763 -0.240764598230083
0.0209912360158618 -0.0192684297217646 -0.0181135825464608 -0.0328027094080252
0.0154971498683813 -0.0230339311460228 -0.101699780333961 0.127249731713746
0.0272352799707778 0.000920608824603175 -0.222537134701169 0.339782049633074
0.00995480946565521 0.0438312083999156 -0.365541321203919 0.491247889601179
-0.0525407026778709 0.0383494526802465 -0.528757778734332 0.520204870540599
-0.026502592508971 -0.0350200019574611 -0.473581198251777 0.393217962774153
0.0176174556604449 0.0271104806850476 -0.310691147135304 0.39507500526888
-0.0378936760967703 0.0743127713952043 -0.276151743462869 0.238891523106932
0.0289189077798866 -0.0628814305485907 0.297872355030162 -0.0634853030608159
-0.035005597668173 -0.033891392724994 0.384793861745955 -0.307629850329535
-0.000463447765542608 0.00543175992850537 0.515165281998341 -0.264836915342175
0.0206113791408322 -0.00208501622675998 0.645523141262135 -0.43993006780125
-0.00385925547543375 -0.0117194019522385 0.481111147008383 -0.504304684313724
-0.0146929810326637 0.000686938110604425 0.255549745606533 -0.366179915404919
-0.00564073799761413 0.000944581735290858 0.104361041550841 -0.179747232538503
-0.0143162155639066 0.0282259733617167 -0.0441580745347655 0.00258059184280762
-0.0203241495453515 0.0173028956255879 -0.1424789855046 0.159890025555466
-0.0136475544132112 0.00191358677044103 -0.227141299203186 0.368491354445914
-0.00141649936793851 -0.00421661218420659 -0.271857981545084 0.516073438793505
0.0223925772838175 0.0111063280530343 -0.357233072029264 0.594948568171428
0.00493716186137567 0.0376112524751735 -0.390123687893586 0.512228934313275
-0.0297083224583543 -0.00167506161120964 -0.307603114858266 0.399280860461437
-0.00708087080946657 -0.0423134499679729 -0.269581634788286 0.28230919018376
0.013859238444895 -0.0319122772670829 0.300457655707884 -0.0491492432218796
-0.024284816124562 -0.0217971200986035 0.392780171542406 -0.313506456950954
-0.000500540835470505 -0.00396299525788806 0.512328422181668 -0.249660193125605
0.0055478995612431 0.000167840422627596 0.664127882686386 -0.421083511270792
-0.0033008597220294 -0.00100245517607046 0.496297088110723 -0.50154424603394
-0.00443602234514109 0.00422267101754521 0.257125820796101 -0.366608094753381
0.0040156803083471 -0.0056274928286415 0.0991736348657433 -0.175320899030982
-0.00392054354387455 0.0179168899477545 -0.047612839966995 0.00808008009640741
-0.00981526718988422 0.00992466057769737 -0.147452572785704 0.166621386947434
-0.00387396575171254 0.00133599165870093 -0.226433944282788 0.372663553745359
0.00357753136610773 0.00714252175819288 -0.26768376360875 0.51722523401302
0.00976064676093792 0.0211686228164621 -0.340993999173799 0.595734240397991
-0.00223872783180189 0.027776332354761 -0.380798215412232 0.52404736883135
-0.0190190834614301 0.0034575831097505 -0.30746318896712 0.401262677271118
-0.00862595588641128 -0.00921075633940207 -0.265967392249757 0.282581626044711
-0.00668388109818777 0.000738948867275376 0.305943903608276 -0.0529807993312356
-0.0154377507728709 -0.00404209313122497 0.391744450257963 -0.322005558159629
0.00162843683215275 -0.0146405674640555 0.505744815755975 -0.256299999968193
-0.0106056142731896 0.00148689244801173 0.658915080108258 -0.42911856499275
-0.00398877550454554 0.0112081390242588 0.493167814668838 -0.510002291266758
0.00578340386538698 0.00646638079727032 0.25269454226587 -0.370899653463747
0.0142677907693646 -0.0127746622673605 0.0967219295235808 -0.175267304380979
0.00784988823782081 0.00755292343218508 -0.0477719861101576 0.0106137106550064
-8.02317720759518E-05 -0.000292749070331183 -0.14734854202455 0.167637535414328
0.00733925277826582 -0.000293708232552208 -0.23179542654675 0.371607161140372
0.00945162788175843 0.0187665433476721 -0.276640854489676 0.512092150914926
-0.00450624176015357 0.0342110903416911 -0.348068993270324 0.592816291819207
-0.0118824024971758 0.0163076713518903 -0.385975611812097 0.519447172457541
-0.00616311365007481 0.00801414470220209 -0.313306915105404 0.398352581082938
-0.0113620517596352 0.02273935452554 -0.269273113696029 0.278918541251572
-0.025245732048433 0.0322036247403709 0.309592566511404 -0.0736844403852268
-0.00417957995539282 0.0119277495597147 0.378220697362529 -0.329862235607447
0.0031603156437912 -0.0249923842756587 0.498160513342197 -0.281569221679341
-0.0252225968481381 0.0024520238357086 0.631270036441393 -0.458912479341393
-0.00383964081960946 0.0238564707077099 0.467027970896108 -0.526774191072899
0.0145670845297221 0.00813246397517429 0.243678551138346 -0.377707105035501
0.0237390182156643 -0.0198828489484958 0.0980500718788438 -0.181036920084623
0.0179242490220466 -0.00449909762423107 -0.0446478403877282 0.00727310623406406
0.00921017714941599 -0.00959485161673939 -0.146130422403317 0.16177796426551
0.0183524757331779 -0.000985033084113946 -0.240327122144086 0.364582868407792
0.0163841001919415 0.0302233989580297 -0.2994899302151 0.502007088178202
-0.0182509226541653 0.0464733796927815 -0.381174123493858 0.57831065448223
-0.0233764627713182 0.0041750779420731 -0.409776513373033 0.499301470509977
0.00533333017024076 0.0105996664505316 -0.323161482095817 0.389957011824456
-0.0152706912527278 0.0523903009777688 -0.274364027018506 0.268745213878159
-0.0348449200857116 0.0556403530860402 0.311520275377674 -0.107944670003085
0.00642672704353134 0.0204396972717145 0.358190319825936 -0.336499791770035
0.00172833531076645 -0.0344102435775473 0.491265941418301 -0.321596837549105
-0.0370509829918196 0.0069290207959513 0.584913992489441 -0.5106574009403
-0.00284467218035256 0.033926043872698 0.425834854470134 -0.54550297588673
0.0231686210332384 0.00887689033519458 0.231766874236751 -0.385593527198365
0.0307683626352796 -0.0251484818782926 0.101433505561471 -0.189068901621873
0.0259122197738185 -0.0126264995074642 -0.0382681668149748 -0.000545907579495689
0.017180757267754 -0.0170128276766163 -0.14236610400494 0.151749284278242
0.0266148901880054 -0.000628526550577524 -0.248313082036027 0.350052792186644
0.0189691132723784 0.0420755468043087 -0.329432109548188 0.487638014878854
-0.0330364861470107 0.0537081909401883 -0.431107621203625 0.554045103026932
-0.0313426463481674 -0.00960117660708665 -0.444518455595294 0.46503237339533
0.014684054896319 0.0162035908529648 -0.334879152772874 0.376679057581593
-0.0215525661866127 0.0755064239326073 -0.284382072313731 0.253824785461778
-0.0332556958648825 0.0679365634257934 0.304399622799106 -0.145676374277817
0.0151642570487136 0.0178894602657823 0.334782289991442 -0.339141154760921
-0.00342587313169391 -0.0416779430726459 0.474682078180477 -0.373011913025618
-0.0445936469656135 0.0139737173040732 0.523608538762559 -0.558345875366751
-0.000159467026216836 0.04139633336712 0.377127778482478 -0.560690403356611
0.0274938643832907 0.00828285103045309 0.217784716279634 -0.396473780367448
0.0345943140823823 -0.0316634590693894 0.105639599907447 -0.201067228388593
0.0295165238688872 -0.0175922606238676 -0.0302309495283883 -0.011841445849385
0.0214953671965757 -0.0205272855411836 -0.135989490939391 0.138558324954471
0.0314001225306199 0.00162022899680834 -0.257450096501698 0.333541825122401
0.0163597697684702 0.0490071229651857 -0.367259273649482 0.469549551390166
-0.0455152677180775 0.0539960893981138 -0.492824169311355 0.522570481985503
-0.0323128694689276 -0.0211403452613738 -0.482415177810066 0.418711419412002
0.0215856052317857 0.0235203627429932 -0.348071878317945 0.360525895535573
-0.0315655666633377 0.0886888636739569 -0.294389827895196 0.234537577901472
-0.02519134573226 0.0669192957769226 0.294924773439071 -0.18000080816475
0.0175523452028782 0.0107135687950958 0.319350904917379 -0.338557149975337
-0.0105014104612338 -0.0430239306370237 0.452605272621761 -0.426370121979187
-0.0438453640354097 0.0206732320913207 0.449603689516525 -0.60099976127451
0.00419454478887737 0.0426815173924627 0.331355975777899 -0.571606199721563
0.0276599165900263 0.00552712675729112 0.207067967516508 -0.405608481787951
0.033200698419948 -0.032122524252084 0.111152579991021 -0.213686987581178
0.0295283436466248 -0.0185882318135653 -0.020890404842389 -0.0228251013045131
0.0224210908469253 -0.0203628246655296 -0.127441288526819 0.123174110843361
0.0304348508834063 0.00584370343605881 -0.26662358019176 0.314065742755129
0.0114522470469927 0.0533672016913898 -0.403300424080527 0.449240736031147
-0.0529044832648265 0.0487874310184574 -0.553891821044915 0.479542378334887
-0.0281060186007335 -0.0270622112924089 -0.51347257066521 0.364142556017236
0.0220772142469878 0.0306397149290263 -0.360945368166678 0.347317992349243
-0.0416273862237557 0.087485830892752 -0.304796938680457 0.213293064543857
-0.0155194259024864 0.0523525015315911 0.281019831943619 -0.206122724114436
0.0132674709001263 7.77430224498761E-05 0.309914847093012 -0.339129893122431
-0.0155402460518889 -0.0386638250250607 0.426617813484289 -0.470386846103014
-0.0362689614554959 0.0242898408838224 0.386129960026894 -0.627483240306574
0.00491312220139495 0.0376866610064393 0.292137832346144 -0.575564228299946
0.0248890949756687 0.0027063751392519 0.199734570744274 -0.412664653810435
0.0289029062469258 -0.0303477684595703 0.116294375900817 -0.226607997147963
0.0239218388228327 -0.016076563475822 -0.0133891664351241 -0.0350028710259239
0.0180882412584085 -0.0178602502949368 -0.120070407092518 0.110735281575237
0.0277500258947216 0.00703968687155805 -0.272319976081607 0.299778927082911
0.00521674935727739 0.0500800168368779 -0.437974593710732 0.429158267522984
-0.0522531945059939 0.0389363663726595 -0.608102877042863 0.436508946562209
-0.018938591808596 -0.0261295112474346 -0.530448830568427 0.314919759678854
0.0172397104908407 0.0360307121755928 -0.369408087576535 0.341664498454141
-0.0465367095500506 0.0712069699381784 -0.314908922161941 0.193074299202574
0.0284961284280355 -0.0625030680992459 0.300148650327641 -0.0613588908820803
-0.0342210840166479 -0.0333903940079859 0.386525212583644 -0.306491201213752
-0.000593442655282659 0.00631359732980262 0.516172018176508 -0.261752886809083
0.0208717822971092 -0.00164637362970892 0.647767781288667 -0.436892743935435
-0.00467621754645759 -0.0122109628048558 0.483180921519874 -0.500010508484908
-0.0147231684073862 0.00101591524561402 0.258278077822296 -0.363867172902279
-0.00562540911560537 0.00128770089914701 0.104834561559263 -0.178632591930907
-0.0144180075059055 0.0286226796071714 -0.0445434764827608 0.00293599629572559
-0.0208984945452928 0.0175064178137189 -0.143736655698525 0.158070560419795
-0.0142780640908271 0.00192449227053644 -0.228374747299046 0.367270402143739
-0.00102617468971699 -0.00385887613468966 -0.275641373054908 0.512626978547169
0.0219174464459275 0.0117302743226484 -0.36089424590967 0.592727422519793
0.00410814086313972 0.0379815818680185 -0.393083748276046 0.51022054025299
-0.0299004778760082 -0.00279454313518385 -0.311075007289983 0.396207451193202
-0.00579911886615348 -0.0430144996013258 -0.271206780661299 0.280105349916187
0.0177482928262504 -0.0273098376717923 0.301609113521722 -0.0482977172720806
-0.0246322942097328 -0.0216712358059304 0.394955243371188 -0.310672855087863
-0.000716469840634211 -0.0041926592978448 0.513960594930602 -0.247186799625886
0.00641981042900912 0.000579340115908474 0.665894903984485 -0.418798005574001
-0.00233882334424695 -0.000706350727056522 0.498771087877125 -0.499142299135242
-0.00523889812499276 0.00182891464357486 0.258270614414092 -0.362827900318673
0.00359318735960224 -0.00530068896434578 0.0996823761909006 -0.173676987051361
-0.00371027298245525 0.0188940792368336 -0.0457529222345322 0.00901214890280709
-0.0109931830482448 0.00907740976818985 -0.146537363996604 0.165395556512963
-0.00446134952542496 0.000700136007716438 -0.229312178344042 0.369521764853975
0.00410018169686319 0.00655592952991016 -0.270313870632583 0.512746670135008
0.00980323612193478 0.0207567652987258 -0.343880001493183 0.594265431035602
-0.00166235597949781 0.0268856220034114 -0.384702116451157 0.520677278876416
-0.0184726924500276 0.00369433693833366 -0.309997106397329 0.398501918347471
-0.00893537769107411 -0.00882352910195637 -0.267714182980709 0.281096014152326
-0.00658601972568693 0.0016658290462025 0.306858225983265 -0.0502867092906372
-0.0153464627669073 -0.00413669257894766 0.393575239286317 -0.318814408256889
0.00163863647006636 -0.0139955142944406 0.507043515403122 -0.253837115674052
-0.0101325994417032 0.000477457275271667 0.657700399852125 -0.425744992901058
-0.00337069311224987 0.0115081902941948 0.49274104999414 -0.506776116700029
0.00478253928768764 0.00558555332975514 0.253761464924697 -0.367576743033775
0.0141994757226794 -0.0122854861018118 0.0973275371600959 -0.17390767712568
0.00782305239636178 0.0078625717916502 -0.048540444360639 0.0103731916003753
-0.000196457582481075 -0.000545386349100339 -0.148105114250146 0.165854988206167
0.00716759772969378 -0.000203148640385954 -0.23352785096802 0.369687998922503
0.0103000149098699 0.01918176152295 -0.278618515144951 0.509299876742302
-0.00438082572757809 0.0335693843303145 -0.353169592696422 0.591086622481875
-0.012647505226264 0.0153850034174047 -0.389077833850498 0.518273414514336
-0.00777513007982869 0.00713520617235457 -0.316365915355974 0.395775748128905
-0.0112904026327911 0.0233970033108154 -0.269669172835749 0.276565493980555
-0.0254048372690532 0.0311536206788279 0.310834798694604 -0.0709158619394007
-0.00508915095620144 0.0119904899510642 0.37985333654848 -0.327294828899616
0.00320251239052229 -0.0253591423349957 0.499541506514677 -0.278074257017142
-0.0256323514110323 0.0026600807105952 0.63237291690453 -0.456595007302985
-0.0040770478629646 0.023663436282825 0.468732196002145 -0.520575496965018
0.015213183972836 0.00819823335473545 0.244829183161777 -0.374248618074998
0.0238134195217326 -0.018885356691325 0.0998011375095281 -0.179036245405161
0.0182794903243881 -0.00355485807596594 -0.0450951504734957 0.00703189681443036
0.00991470542602683 -0.0092356279758279 -0.146016018910964 0.161760756674247
0.017542893705877 -0.00096748333799285 -0.241272618704499 0.363183713052436
0.0154434348227712 0.0313699233069368 -0.300668496815011 0.499890660018134
-0.018473075411479 0.0461403984882592 -0.383210661931419 0.576458559084601
-0.023588352737357 0.00278281061854253 -0.413050296300869 0.497836428577981
0.00463700296058366 0.0115400724253434 -0.324558243822817 0.387405433241459
-0.0146989495855843 0.0515684401400703 -0.275406237926559 0.26778002939105
-0.0335699118681539 0.0558476504105273 0.312214131135641 -0.104784683328843
0.00596490524082275 0.0198357797289934 0.3596526769228 -0.3340380990572
0.00211966670300418 -0.0341153227792521 0.491794977019015 -0.319642209532534
-0.0385217734006064 0.00611268625808906 0.58603223668085 -0.503966346843705
-0.00305531336987338 0.0342837675075486 0.428272147869517 -0.541918771351401
0.0221657766842712 0.00915309397965255 0.233293000477244 -0.38270279776631
0.0303283241944516 -0.0258327268979345 0.102657363693933 -0.188573913291243
0.0264021001236734 -0.0115808604632894 -0.0378003399557843 -0.00144959657145281
0.0172636955266952 -0.0162006253527052 -0.142752208754654 0.149815933743836
0.0266754272533324 -0.00100827842410564 -0.251312409298238 0.349110697285692
0.0195225448005359 0.0417912913017855 -0.331077711656757 0.483964542437848
-0.0336193550107202 0.0534541326335534 -0.433247518915112 0.552259457112752
-0.0325150525386404 -0.00980782580702771 -0.445944028747713 0.462726809995474
0.0141139629640147 0.0162327802384292 -0.337593435811299 0.373474328643095
-0.0215782935502767 0.0758262451884359 -0.28491407239507 0.250937939220847
-0.0332510896632716 0.0688807198008353 0.307012248227124 -0.143231424194772
0.015870544771212 0.0193006570657796 0.336557395532729 -0.33685640737976
-0.00355360255536872 -0.0409537836338257 0.47665748004714 -0.368414307423636
-0.0442868653980266 0.0147476623080154 0.52334933560679 -0.555579406116763
0.00025682733432594 0.0406033520263444 0.380388118789537 -0.557661932565077
0.0280047086061599 0.0077777978942432 0.219091880352657 -0.393447313628813
0.0339518031000065 -0.0306199715693843 0.107825664101855 -0.200418259399261
0.029050268275702 -0.0179271974516261 -0.0299713533443381 -0.0103772109514911
0.0221593416923622 -0.0200326923935231 -0.137241191261216 0.138690899465082
0.0307975026614889 0.00200422788577825 -0.259817541917305 0.3305629553284
0.0165747088607646 0.0504170797741315 -0.368032148281558 0.466665240474083
-0.0464114602287633 0.0545905542622693 -0.494656678651121 0.518326574867912
-0.0325206716184509 -0.0208854688210223 -0.484108533702817 0.415237376185206
0.0211102253964952 0.0239387907202608 -0.350829297031068 0.356998907764483
-0.0319296246788581 0.087654543054248 -0.29566589006099 0.232751526718653
-0.0259397607178647 0.0665158793782052 0.296483920363894 -0.177525129081364
0.016294479619818 0.0113216440087938 0.321962928548366 -0.336004205407918
-0.0102195922637931 -0.042762085705567 0.455424885894943 -0.422673657010702
-0.0444753322563481 0.0210550996118856 0.45417367091259 -0.598056620532943
0.00362116523282848 0.041974207368165 0.333927851137857 -0.568302057876723
0.0283640765371449 0.0050704296490204 0.209437019660081 -0.401788757520156
0.0337660266353419 -0.031913220429145 0.113370944923101 -0.212251647446024
0.0295920034314534 -0.0190521730176318 -0.0207463838780376 -0.0234465801689136
0.0217959649717034 -0.0200980289792964 -0.129351139865635 0.122331218673268
0.0310090776960254 0.00473833121551237 -0.26927840037768 0.312497720414778
0.011235791089563 0.0533569249922539 -0.40567645508439 0.444706824978879
-0.0531911370110196 0.0474784392688131 -0.55580289021025 0.476942105605411
-0.0278084650496834 -0.0274594282909208 -0.513674581181352 0.359269667079726
0.0211815732233854 0.030637875162687 -0.363148141968576 0.346310253595845
-0.0432465593496005 0.0871493287282686 -0.307167814688767 0.212350925817167
-0.0165167104730516 0.0521748130813527 0.28392807129538 -0.203562654475376
0.0122032101944456 0.00121748845339298 0.311126004456726 -0.336051096073355
-0.0159350590697426 -0.0378428663201444 0.42952465760202 -0.469630677946124
-0.0358563083684808 0.0236363749748232 0.388791198439698 -0.626085870318836
0.00493400720794445 0.0372608829925375 0.295669388418904 -0.574371835019804
0.0241362083896093 0.0025527920830969 0.201307778763976 -0.410374018198873
0.0293365277928574 -0.0306443992255571 0.116909207403467 -0.225980478588433
0.0242952378453403 -0.0161348750890552 -0.0113856534360021 -0.0354062506182614
0.0179210188510658 -0.0166634690733227 -0.121501098735558 0.109761316648468
0.0264478778393005 0.00836811143738119 -0.273091099371804 0.297879341030663
0.00522895560841948 0.0514157833810023 -0.440979012532699 0.425946600035198
-0.0522028084145368 0.0377391286834192 -0.608448461759733 0.432213656610859
-0.0193372282293725 -0.0270573370710955 -0.532412584634365 0.314087801833189
0.0150105800226519 0.0363057801789918 -0.372159373470639 0.3408940402937
-0.0480724121489491 0.0715423369122094 -0.315519929524312 0.189998952227513
0.0296990661349811 -0.0620202972219843 0.299957491327274 -0.0573918652251283
-0.034082728345693 -0.0339266805666008 0.389510237459267 -0.303708969938248
-0.000981481678917543 0.00583452731267388 0.521001961981499 -0.258197186898038
0.0204568179592343 -0.00213393281893526 0.650407453152236 -0.432473094202479
-0.00398827580347507 -0.0121878450826709 0.486889605540643 -0.498978332906533
-0.0146292071528128 0.000103977896004677 0.259458915355109 -0.362536928260734
-0.00708672344275028 0.00122183530228576 0.106374672604104 -0.176325507068508
-0.0140846244080078 0.0294908223204798 -0.0440021708184554 0.00217815804374171
-0.0212321915473799 0.0178695577261605 -0.14465955483003 0.158097129735269
-0.0150031517671535 0.00175474689864481 -0.229993078336148 0.364964988756202
-0.00165543480007059 -0.00415120677215385 -0.278618129976585 0.512273252572665
0.0222194505910446 0.01114925049086 -0.3633930466421 0.591942487587886
0.00432522554117014 0.0377502173575207 -0.398034321371382 0.509661545614405
-0.0303625356357536 -0.0022252553713464 -0.31281506348975 0.395649627548076
-0.00630394770269716 -0.0432254805605116 -0.273697920386398 0.279147958161402
0.0150787230217653 -0.0306923694557239 0.302961829740375 -0.0449861501743539
-0.0242991986357039 -0.0205648191193162 0.397544398943931 -0.308868773757635
-0.000929949119358455 -0.00393967718281951 0.516405253465375 -0.245558340075496
0.00606522491943002 0.00036267440527266 0.667079951854001 -0.416138150093223
-0.00245627054446446 -0.00133898860150026 0.50266152849677 -0.496957274586133
-0.00495520578797441 0.0018437525958748 0.260246439140012 -0.360772586687254
0.00281874058116378 -0.00547759480166094 0.10040614435864 -0.171840324710375
-0.00348590390418359 0.0188161342183032 -0.0478773579638622 0.0088587642306884
-0.0112344276556113 0.00964367292688124 -0.147296482929516 0.163723754832243
-0.00444707744337733 0.000624277192017704 -0.231423348629348 0.368677573420714
0.00400662521897381 0.00712468676012471 -0.273379173770339 0.513187035742642
0.00988603269920051 0.0219964139893203 -0.346248699557214 0.593028976104774
-0.0028807869774584 0.0273865004531503 -0.386523874631319 0.521044765328853
-0.0194858010355831 0.00304232951176377 -0.313653495758561 0.398958316143834
-0.00979541398989202 -0.00979277329686263 -0.269688503894827 0.279603778093857
-0.00670768958389196 0.00067871923893152 0.309173321726307 -0.0480217716452233
-0.0143791823847899 -0.00458480340444012 0.396603299666948 -0.317324153945499
0.000865176538571278 -0.0147373360436981 0.508415688163514 -0.250892667364384
-0.00991982993959377 0.000921773392051514 0.664205393815876 -0.424702675800054
-0.0036254221668998 0.0110028729673002 0.495996001306524 -0.503670073494586
0.00575661722440035 0.00491778564248035 0.256447913477034 -0.364674296340868
0.0136015557210198 -0.0129978185148469 0.0985486158028605 -0.172796434354035
0.00910435589560082 0.00756360868866572 -0.0477398700989132 0.0103319322797425
6.2207467649688E-05 0.000151797520727818 -0.148612001527875 0.165459692775857
0.0068596778346692 -0.000105686348806106 -0.236160237338022 0.369802983160362
0.0106504123440108 0.018982921774129 -0.282970231004165 0.506783459202722
-0.00481879254484202 0.0340521452883083 -0.355577471557255 0.589359789994891
-0.0120900668466809 0.0152183856407732 -0.392760651204463 0.516163033377622
-0.0063475767273605 0.00865649605021408 -0.318222384476339 0.39573678869393
-0.0120691839748864 0.023046139785361 -0.27326019747805 0.276480216939618
-0.0242078325566901 0.0312604005531251 0.312290961121225 -0.0681091589099035
-0.00507473704672616 0.0120627769607214 0.384402134239097 -0.324782746053275
0.00272814725730402 -0.0241615942705444 0.501678695312964 -0.275140131668417
-0.025728473486088 0.0021274639178635 0.636097572164004 -0.453422212831479
-0.0042156849065754 0.0234352450553709 0.47331115222345 -0.520930578747858
0.0149370265833015 0.00817650886783839 0.247853960053142 -0.373204505999649
0.0235370900763272 -0.0203068297539537 0.0999109457491719 -0.178090757367865
0.0182447381925024 -0.00276965560366108 -0.0442884104879121 0.00703929904447355
0.00903764101249724 -0.00925588025957507 -0.148482411831924 0.160420476573981
0.0172422372185937 -0.00133702963431335 -0.243563164824444 0.361143243417793
0.0158906370645903 0.0305901336229812 -0.303536216274032 0.498111765753073
-0.0181893792286298 0.0465580869395528 -0.385764434146402 0.576125594339163
-0.0246173566143968 0.00300561326226427 -0.415105072762085 0.497196297874092
0.00448238694628283 0.0108883758876139 -0.327500707344124 0.385355120505245
-0.0148140061792199 0.0523007970288836 -0.278074474681487 0.265905423913418
-0.0350005869142639 0.0542504203963373 0.313291212004783 -0.102573635299302
0.00538159267862326 0.0199088727172141 0.361850150320665 -0.331357045825948
0.00143911994225963 -0.0349635267858877 0.492963324087774 -0.316057384339069
-0.0375984228500955 0.00705002233350461 0.588791917303391 -0.503447432269625
-0.00266881509119263 0.0338523454567744 0.429788514306078 -0.540588211597946
0.0225122159550046 0.00879911138912647 0.235644525688705 -0.381201616606578
0.0301646384404915 -0.025668664858858 0.103391368159239 -0.187490337397341
0.0261747364464024 -0.0128211536204283 -0.037365479290999 0.000440932114801639
0.0175033942219023 -0.0165182926777731 -0.144319586472729 0.151490914177376
0.0250462131501037 -0.000181915688689343 -0.253746555173946 0.34678874068409
0.0180195706844689 0.041021423280046 -0.335846420667335 0.482540390095231
-0.0337267219188008 0.0536602225246667 -0.438439836225484 0.551392334691832
-0.0315607760442096 -0.00996285631939558 -0.450018772115403 0.46097194796643
0.0143274339601019 0.0159131518198369 -0.33951853900886 0.372084151297991
-0.0222366691410825 0.0747171197400505 -0.287102346580735 0.250716121837613
-0.0344742051525396 0.0685528109617951 0.309682101292808 -0.139896288495102
0.014438792082742 0.0194649048546795 0.339232821481824 -0.334319873482753
-0.00361701915347102 -0.0416571416359948 0.478059326120022 -0.367702173744184
-0.0444573025302546 0.0132886972390973 0.527941458364625 -0.554100329113424
8.47535038712815E-05 0.0407161535423103 0.383361218015735 -0.558200977799895
0.0272403520853178 0.00785254962448288 0.221785939802619 -0.393622637283567
0.0334263456072928 -0.0309498147806453 0.108536266831372 -0.198502267072081
0.0307880019397925 -0.0176787307835666 -0.0297526671261751 -0.0114956410165772
0.0218395926992379 -0.0198966643676064 -0.138004043353861 0.136780848644967
0.030520823602172 0.00137254100082128 -0.261346001222452 0.330431792334621
0.0165527566529245 0.0495366486046745 -0.371319335178742 0.46420291533829
-0.0463463577611041 0.0542474539242485 -0.498122152198623 0.517688551919842
-0.0335288826170392 -0.0219361796180432 -0.487195656158863 0.412824520938838
0.0200542853845813 0.023556621960989 -0.352451782589345 0.357362363910018
-0.0328423077860219 0.0872272676885754 -0.29698555045839 0.231428034763918
-0.0264796153062344 0.0666485605835436 0.29885074794819 -0.175071705279011
0.0170617544670169 0.0115734397396942 0.323351018985315 -0.335059379431325
-0.0111017547932591 -0.0426044820416098 0.456375494739831 -0.42046081203702
-0.0442290578919827 0.0211639183641063 0.455054184136127 -0.599068593955008
0.0036173789545324 0.0409463268681994 0.334672181726408 -0.567593109250252
0.028255606181733 0.0051060114628538 0.210570334083123 -0.401860586158439
0.0338649603348484 -0.0321707352011434 0.1137866606712 -0.212712653666143
0.0296168655928292 -0.0194338347501577 -0.0214142979344533 -0.0230555902137082
0.021885350080083 -0.0191418991157862 -0.13032287334139 0.12205529779188
0.0310177286391581 0.00427078030929431 -0.271138621671782 0.311666323351288
0.0115790571990521 0.0532391469888003 -0.409352268684083 0.442754754856602
-0.0526202267987166 0.0467735819366757 -0.558895457536676 0.474152772718136
-0.0275461040884372 -0.0283469010873232 -0.516219091155443 0.358639203864465
0.0210900001944833 0.0310777653991109 -0.365040474458052 0.344025871307163
-0.0440470417145439 0.0867411341627177 -0.307667554097386 0.210651945485959
-0.0162619518922091 0.052099862069565 0.28541963642534 -0.200863673590376
0.0117681320108453 0.00134987492946441 0.314505363409732 -0.33707154319997
-0.0161129470371202 -0.0383248474590056 0.431809506219584 -0.469281219816385
-0.0372872249155615 0.0232139230401585 0.392901691889508 -0.626863969147906
0.00605666201257734 0.0369893437189009 0.296857825928236 -0.573295753988688
0.0245955184460706 0.00211323555862296 0.203157818401184 -0.410152925872407
0.028827809174482 -0.030783974018765 0.118197737678093 -0.222526140212558
0.0241199145923555 -0.0152519733232673 -0.0131142250711809 -0.0338265018704667
0.0180720774334356 -0.0162859245163434 -0.121159146435419 0.108658347583928
0.0269251075701775 0.00807501667162742 -0.274353441236903 0.296189338521333
0.00483057543592413 0.0507232868612707 -0.443379090204736 0.424201572514777
-0.0517443496468072 0.0373108639725802 -0.609858414433383 0.430899994493934
-0.0185824361124981 -0.0261250381789033 -0.534690372994634 0.311723056989714
0.0146791455430762 0.0356883015081012 -0.374942767831332 0.338058763184105
-0.0487710470496417 0.0718072857054697 -0.318195110782617 0.18945618154458
0.0304282844111786 -0.0621838192831532 0.303908149808791 -0.055173775201776
-0.0340973087874065 -0.0328558781175404 0.392204334574706 -0.303115648703808
-0.0017780240000279 0.00543901712166651 0.523663772057905 -0.256900862043226
0.0207951383038727 -0.00236124653729401 0.65512524034473 -0.431800923905429
-0.00342403148567471 -0.0126021894595518 0.49022618048585 -0.497706270799362
-0.0145035106315096 -0.000345106943913659 0.261365101940085 -0.362239593696827
-0.00664209238353851 0.00135237749402438 0.106923195456077 -0.174628232765037
-0.0144446081565571 0.0284580387473238 -0.0443608440706487 0.00243439115110877
-0.0217379277031794 0.017984767057961 -0.146470020383297 0.157942027073819
-0.0154774880153259 0.00193414286665792 -0.233525080874018 0.364645464600635
-0.000401854931119885 -0.00423887910672585 -0.280732592993012 0.511630724014438
0.0226115505270661 0.012098134931446 -0.367114433307297 0.592272007392316
0.00427843176109447 0.036799734566293 -0.402345672744167 0.508801991039503
-0.0305925423619955 -0.00265703475098458 -0.315725130373128 0.396847377213946
-0.00481559122299513 -0.0427891869286435 -0.275851623668615 0.278609483155406
0.0150863343711537 -0.0309282620973424 0.306069811950663 -0.0428620610264916
-0.024364726793638 -0.0218879810711978 0.402558447485644 -0.308354796643188
-0.00156811627092275 -0.00380574501406553 0.517969321211063 -0.244493283077328
0.0056418997187619 -0.000387711483268245 0.671011850987987 -0.416381373051686
-0.00262015821398589 -0.00117647671021977 0.505907499255799 -0.495540668615617
-0.00458887022061512 0.0017697381976128 0.262864815114586 -0.359636094890772
0.00200723711076886 -0.00558771030993979 0.101785836500544 -0.17186924049287
-0.00321992221113575 0.0198902283509615 -0.0479714884530084 0.00841829904851328
-0.0122855112718542 0.0108015156954409 -0.149287776392801 0.16340251336306
-0.00532874172082816 0.00106409910805912 -0.233622190942025 0.369112752709424
0.00366038207402181 0.00551960777568244 -0.27659508579719 0.510700831030706
0.00973706444958226 0.0216334832492974 -0.350397616181703 0.594696047692636
-0.00292151967663807 0.0269855556746832 -0.391657033702297 0.519206550397968
-0.01857320443882 0.00402863991553047 -0.315712994892436 0.39839903381604
-0.00911349774630298 -0.0096361489526799 -0.2732781137215 0.279877147939134
-0.00575206753585727 0.00128173501760064 0.31019342362612 -0.0458720748226387
-0.0151894300936495 -0.00329129700644435 0.40124793373594 -0.31695628478583
0.000802565493178663 -0.0133927800562843 0.511627811779 -0.250674268901014
-0.0111562699055735 0.000643634443835053 0.667077538753512 -0.422217563465387
-0.00288082632117927 0.0109260944523392 0.500234605277042 -0.504295292256904
0.00494650012891596 0.00521450433898793 0.259417619070654 -0.365011579481789
0.013709864074878 -0.0132397496642106 0.100603240833592 -0.172455024838138
0.00847588258873839 0.00794866282531484 -0.0485140338144811 0.0110997345755712
-0.000397378096134263 0.000926482719601854 -0.151450122988854 0.165284154831493
0.0068970481896498 0.000231843448022023 -0.239245789675404 0.369279051860534
0.0103208414971042 0.0188389604718331 -0.285184630922593 0.505676473235297
-0.0038061206859329 0.0350335359843639 -0.359340676513497 0.590198920199856
-0.0127480564464958 0.0163859325728753 -0.39564441715679 0.516877639952463
-0.00754403006589319 0.00863034208796149 -0.321102135913817 0.396835546573539
-0.0116484036799142 0.0236232847383978 -0.274262420963125 0.275277582657022
-0.025452149526317 0.0315447066910042 0.31610041431441 -0.0662775997763295
-0.00591739351913706 0.0120337484709815 0.388597837420806 -0.323523134506103
0.00310509902658192 -0.0243208341859708 0.50434586314268 -0.275422293193335
-0.0261781621820719 0.00182462630777193 0.639427327572595 -0.452650321489035
-0.00344328777977034 0.0223714214316692 0.474868069721375 -0.519439636232115
0.0144500951663327 0.00734841816965994 0.25018253659286 -0.372100307724408
0.0228944862013041 -0.0194913947809519 0.100971312345798 -0.177828870145526
0.0192303816883296 -0.00247826204766736 -0.0445983150038373 0.00768876997981755
0.00930488662659471 -0.00894169675599787 -0.149689463722058 0.16146836515666
0.0173139087704155 -0.0014715587246911 -0.246668855610426 0.361019070032626
0.0159225170838575 0.0302809371980265 -0.306529784977103 0.495480912716351
-0.0183525993914314 0.0460642528594278 -0.389295406450664 0.576480413600279
-0.0250315693418211 0.00306922186919684 -0.41802738433097 0.497678395751994
0.00413164673156805 0.0120323098323599 -0.330397934830079 0.386502285351792
-0.0157461441724737 0.0530470083212986 -0.281465960193159 0.266688596974543
-0.0348107113367514 0.0558823214572567 0.316737650300622 -0.100487021192617
0.00601456246863006 0.0212579652843355 0.366016323151855 -0.330878072780521
0.00185106417005116 -0.0350635582685319 0.495931096241842 -0.315392768282464
-0.0384471047407431 0.00564927114533662 0.593876190542407 -0.502734868974918
-0.00285864013738869 0.0338482483301165 0.434177644923495 -0.539340868533192
0.0222522098173028 0.00849046461551927 0.238038630496101 -0.380941445908871
0.0297325044778613 -0.0255730725602679 0.104404290402904 -0.185819119773718
0.027141552690636 -0.0124049066951853 -0.0381251074967831 -0.000767558230134477
0.0168529036778662 -0.0159151413965642 -0.145096397334312 0.150219570129594
0.0257099306151616 -0.000555384416556812 -0.256019769002227 0.346982153416762
0.0189343641688366 0.0411874337869591 -0.338192152450967 0.481832753205745
-0.0332293917845662 0.052788251254633 -0.439893632151867 0.55113249872715
-0.0320893862965544 -0.0104618827338801 -0.453180603913105 0.46024557548804
0.0137216084417173 0.0161659619483492 -0.344566067305684 0.373282712278733
-0.0230196598905087 0.0754824362783588 -0.289972996504253 0.25090999593245
-0.0344579130418931 0.0689922528301478 0.31210096096116 -0.138587941134219
0.0139301304579898 0.020186357663263 0.344932065020348 -0.335949793006135
-0.00383257297374049 -0.0412925676736639 0.482747822807906 -0.36624237172675
-0.044455187032919 0.0130508882840207 0.530246940920655 -0.553888970052337
0.00017265848954914 0.0411272108816966 0.387690408100723 -0.555101460192337
0.027614712096567 0.00727523771049976 0.22413126091757 -0.393130925048064
0.0338037609304297 -0.0305871312949288 0.109614899426607 -0.19861806439379
0.0310553204814235 -0.0181058833626032 -0.0300853351831902 -0.0107535999905743
0.0222135353686548 -0.0198355636227593 -0.139329798996093 0.137143342373914
0.0310485160489822 0.00232611397756965 -0.263719957764385 0.330155809328073
0.0168408033894363 0.0494452014174828 -0.375128920400897 0.462553661089458
-0.0457051641990722 0.0527719877709342 -0.501543335816723 0.516542600898941
-0.0330634697164695 -0.0221587136581139 -0.490693727269219 0.412905412183026
0.0199738298517236 0.0236424197974227 -0.355946103275417 0.35736812386081
-0.033194654409618 0.0884266820604881 -0.299827433963238 0.231031174760871
-0.0273924082661683 0.0665049617479759 0.301913710864405 -0.17429275036837
0.0162323368093751 0.0127051521413123 0.327682908830231 -0.334756117785056
-0.011237959481701 -0.042376352920405 0.461763758311981 -0.421863250625552
-0.0443251558212255 0.0203189086022756 0.460206470712235 -0.599022064839158
0.00448287967431279 0.0420455272857661 0.338769216639212 -0.568394172985595
0.0283743413337969 0.00468033568224372 0.214792208510446 -0.400936963216704
0.0325853736416813 -0.0323927404505634 0.114607178634903 -0.210284883570369
0.0302599537842122 -0.0189979335828401 -0.0199359198729146 -0.0223237042350391
0.0220424221648804 -0.0209502898523847 -0.131484390335477 0.122006910550619
0.0302774905621333 0.00532961848588223 -0.272764703407272 0.311159575297446
0.0116153902435039 0.052481951693139 -0.41300347230136 0.442662483086868
-0.0529369151991923 0.0471064710681854 -0.561180689876226 0.472372093945344
-0.0281074653044897 -0.0290920865672356 -0.520234587158765 0.358351309763522
0.0206921042330129 0.0314693606235041 -0.368031551007834 0.344406902059529
-0.0440726329883742 0.0865604698302991 -0.310395108281915 0.208663359337963
-0.0165915212022358 0.052382098709151 0.288978945016578 -0.199744640289347
0.0113896552210664 0.002737502032273 0.3182678827715 -0.335699421222102
-0.0153533822043439 -0.0382446763665628 0.435232915848777 -0.467643958596482
-0.0364294558506188 0.0225554858428227 0.396002166599677 -0.627188248531056
0.00534280446267576 0.0368215021231513 0.300123791948303 -0.573445120399302
0.0243021925431538 0.00222154339819223 0.206799816726591 -0.409728990806641
0.028334955523806 -0.03035935967246 0.119976208092449 -0.223297724904001
0.0251433917089962 -0.0150715234704406 -0.0122131159205911 -0.0345007762949656
0.0179385406120415 -0.0162250851658789 -0.123874498330178 0.108484225697053
0.0267388490713627 0.00750257883130953 -0.27693802973174 0.295437681875577
0.00501070580591594 0.0504734515980408 -0.447259550434788 0.421556725207474
-0.0526082182795867 0.0379122395678712 -0.614024278118722 0.429041843011049
-0.0189329855326364 -0.0270342849020563 -0.539504776523545 0.31000700721405
0.0146939193372485 0.0362459068794667 -0.378931839767102 0.340277320173314
-0.0497003605008221 0.0710799497942953 -0.32019965107221 0.187770241648884
0.0300530811664432 -0.0613856008419846 0.306164528890907 -0.0542834207815142
-0.0344129646242102 -0.0328698992989631 0.397588767197657 -0.303068460222823
-0.001782137350886 0.00605566132075168 0.525569238868335 -0.256914116082004
0.0212483280881966 -0.0018275445641527 0.659104307203246 -0.433065031594983
-0.00415034944604265 -0.0126590901807896 0.4930893576361 -0.498471731165011
-0.0148311726051999 -0.00122564345677579 0.265437249178137 -0.361193931882999
-0.00786171772774188 0.00047642063666854 0.10832511794023 -0.175781227836266
-0.013524769166567 0.0293080916924429 -0.0440087360736855 0.00291407891178465
-0.0222866966240889 0.0185260813649534 -0.148362874847122 0.158143512484943
-0.0152234635158804 0.000969816350398275 -0.235427290553358 0.366585336873095
-0.00020965046580658 -0.00518563118823227 -0.28472585794724 0.512750070677641
0.0230831894664425 0.0117167386106135 -0.368830662430951 0.594604407440705
0.00433742653439586 0.0381836863056288 -0.404507976745251 0.512443760918038
-0.0303843065607468 -0.00297868851256127 -0.319873916229294 0.398117166968145
-0.00481964098028976 -0.043412282839988 -0.279497885080977 0.279616349377284
0.0151761361970412 -0.0306117165007788 0.309980198746538 -0.0397382106262483
-0.0247481954737646 -0.0204569285830696 0.405445123543978 -0.308405196511293
-0.00153727561089947 -0.00366047708187477 0.520855756106319 -0.244746639930536
0.00567683808843932 -0.000208584152769697 0.677385977245975 -0.4136987301123
-0.00291348701084885 -0.00154055839804348 0.510240667362276 -0.497059659627088
-0.00587340269048435 0.000894010150324441 0.265258956373214 -0.359977164009149
0.00251628491126055 -0.00598674991804013 0.103105729523426 -0.170914657996193
-0.00295595361396241 0.0197112706640784 -0.0481385389966051 0.0095155533854348
-0.0110858566979611 0.0108879248550008 -0.151009512511932 0.164562744206542
-0.00495508640587411 0.00117303692922897 -0.236445730571425 0.371245184751537
0.00426512668069743 0.00661713452677418 -0.280134420926992 0.513089868015781
0.0105002137055499 0.0220173232235133 -0.353191953652853 0.595581111989716
-0.00286948444714482 0.0270699504990702 -0.394925652385968 0.521701148976729
-0.0203456874995714 0.00339248039479253 -0.320254203525027 0.401003925204346
-0.00914176062052574 -0.0103164554175004 -0.276949476233363 0.280426642652361
-0.0058366801924916 0.00175240885736814 0.314405936292297 -0.0446876930928913
-0.0148273751508144 -0.00318016704087541 0.405088412610033 -0.317821379420055
0.000617365252437543 -0.014454157559585 0.515642386909589 -0.250478585602021
-0.0108314664652102 -0.000216008365300674 0.671244016047212 -0.421781505654296
-0.00291796655690712 0.0106044231209097 0.504090631898276 -0.504744406947863
0.00514070439521425 0.00450867249144793 0.262033601559497 -0.365259193733835
0.0128693202204993 -0.0128363757438546 0.100811403938863 -0.172125391735595
0.00908691985497093 0.00709250406955203 -0.048827572694564 0.0110594272647358
-0.00106440005783906 0.000745147956453962 -0.152159661856628 0.16542838331664
0.00738680121980756 0.000255270905027139 -0.240994016305533 0.369618147765702
0.0108402735441528 0.0186124346044803 -0.288604574553326 0.508855345334486
-0.00417265594466111 0.0346587274117407 -0.362930916079431 0.591955796846234
-0.014467175395227 0.0155432241790459 -0.400394176595977 0.519098436931469
-0.00745876421321741 0.00783523414793134 -0.323931436936829 0.397864873329768
-0.0118682838891652 0.0233834527001704 -0.27877512248324 0.276422404562775
-0.0247718565015175 0.0317650349331846 0.318992158980593 -0.0638022906527876
-0.0048589428252275 0.0130646145132511 0.392008377501526 -0.325981490530737
0.00290966198432216 -0.0240551104997628 0.509665322994612 -0.275655025336297
-0.0258467485244766 0.00168571305182027 0.643921894875188 -0.453116782950869
-0.00366742707466685 0.0224880757650684 0.47926826784302 -0.520766800067792
0.014672734480051 0.00659721517448097 0.252067800802622 -0.372394138764363
0.0223579404378226 -0.0192740227795462 0.102628452394262 -0.17627973222713
0.0199917726356069 -0.00350943348002051 -0.0455548650410478 0.00693096760532557
0.00889201552602792 -0.00817937746299034 -0.150148459392345 0.160910433471282
0.0177585673866893 -0.0012600182100597 -0.249039944937625 0.361445921285521
0.0167411259430084 0.0309472659653026 -0.309484875367438 0.497571850136196
-0.0186634165660017 0.0463347214614739 -0.392696637427798 0.577194435095749
-0.0252712822592194 0.00266859018995379 -0.422996440779376 0.499201776476271
0.00408641298629807 0.0120943241640182 -0.334431261587201 0.387993181155977
-0.0156992073838386 0.0528412910846737 -0.283587507165885 0.265475735204061
-0.0357248100888527 0.0558952696738621 0.320327455452186 -0.097908416338526
0.00535632095463423 0.021417602648551 0.370960195171997 -0.33216029407608
0.00139221981252596 -0.0336977292027164 0.500913795039255 -0.317811743148613
-0.0381903082324487 0.00505319859305354 0.598059250876976 -0.502175711176601
-0.00236617824243222 0.0336495728679418 0.437436440738799 -0.541005369290934
0.0226757993725273 0.00824480941205029 0.240321271565506 -0.380380007679642
0.0299337829407631 -0.0275101944999419 0.105936549615086 -0.186379781423413
0.0274040824253268 -0.0128279788620679 -0.0375821673024594 -0.000288721731150328
0.0169352207169777 -0.0154772720763477 -0.146300079021423 0.150539445889309
0.0253318955037301 -0.000523341590251246 -0.257691918951128 0.346590326902138
0.0183278785170833 0.04145920904257 -0.342115638735295 0.482576581190735
-0.0333553368225611 0.0536083050378022 -0.445020684442419 0.551893460540931
-0.0317522033609713 -0.0110034902552867 -0.457132600287384 0.463715867146937
0.0127513389217747 0.0178544173083449 -0.346035887510801 0.374271715816729
-0.0225092781851929 0.0762672344904028 -0.292179447889578 0.249414020940003
-0.0344209850256713 0.0685457800226738 0.315900505656958 -0.137307295304995
0.0130922181880321 0.0208237361593885 0.347740475655921 -0.337217393686976
-0.00357530390953818 -0.0422081332447401 0.485984463129375 -0.368664484168887
-0.0449355058075992 0.0125963167526528 0.53496084249831 -0.555151149388338
-7.21081221532943E-05 0.0409774012613146 0.390186530433478 -0.558052941357089
0.0274724181148669 0.00720610451138216 0.226813457411593 -0.393022863156336
0.0339185252502122 -0.0300653239934077 0.112262830828663 -0.199163810785358
0.0314032970847469 -0.0181977144496239 -0.0298328565380375 -0.0102130898225829
0.0212802041412178 -0.0195364830364021 -0.140004824921127 0.137860000877303
0.0298645241330974 0.00168368108473295 -0.267872121261557 0.329859579884091
0.0164693365238465 0.0496742782422901 -0.379006724801309 0.463971040371586
-0.0462868860998336 0.0534936786884522 -0.504640971742099 0.518302117425364
-0.0329071907112681 -0.0223473822877742 -0.496245550213544 0.413987223572311
0.0200137268641074 0.0246410022955805 -0.359800806439495 0.358371619863442
-0.0340727133326081 0.0883458486486478 -0.302752642950106 0.231086708456446
-0.0272235662289652 0.0676226826818461 0.305373629475964 -0.17359203701932
0.0166108475131192 0.0126221090529467 0.330798414641339 -0.336409648519942
-0.0113645055042998 -0.0431496042407666 0.464941491066392 -0.421646742992599
-0.0440072180894971 0.0198769154342333 0.463806392619279 -0.599525628355452
0.00375080492435887 0.0414771030712654 0.341871500493316 -0.570464195761433
0.0287538475369108 0.00485316110358808 0.217346164725296 -0.401706745419285
0.0334623568118872 -0.0324157171961592 0.116847850944571 -0.210939883238443
0.031153593845066 -0.0193314895047641 -0.0206907258776736 -0.0238417981563226
0.021035048160496 -0.019854865562294 -0.133459335378742 0.121789745225287
0.0311315934917669 0.00595858843457312 -0.274894678949887 0.312246073487248
0.0117577988201307 0.0531663950939355 -0.41682033443573 0.442617040352305
-0.0535887917319854 0.047153300550788 -0.56656199779489 0.474982786116854
-0.027917928510339 -0.0289589257842682 -0.524852768674725 0.359110310661991
0.021535817889945 0.0326488134784445 -0.371112082748614 0.345814757460489
-0.0450537500792375 0.0871079534568009 -0.31288852740314 0.209926425801827
-0.017107238251376 0.0523698443369903 0.292647214178809 -0.198907589080612
0.0125875910265829 0.00183162090340422 0.320386969360934 -0.337525129856151
-0.0170121580733034 -0.0391900672109754 0.439652692596004 -0.468488187327513
-0.0373784025479645 0.0233300124376869 0.399302908883798 -0.629866182520254
0.00491472487063168 0.0374316294769543 0.303914874836813 -0.57343044097669
0.0245827583935242 0.00173628221888211 0.209430943193122 -0.409759447892777
0.0293567812554455 -0.0308386904829562 0.120495163953593 -0.223558597739235
0.0259638326133143 -0.0146294796948561 -0.0118193427052979 -0.0343169681665533
0.0190283077095266 -0.0169815734453919 -0.124071260535062 0.109352071388754
0.0267700828040889 0.0076401386045855 -0.280586845532543 0.296056405463287
0.00443009966162661 0.0506938045243603 -0.450782521146448 0.422516652041153
-0.0526742447743488 0.036936639392675 -0.621508736555429 0.430464080914009
-0.0197896791430369 -0.0272010697544647 -0.54268374375033 0.310914531762014
0.0150892095793197 0.0370503220803165 -0.383801669642902 0.338529271275274
-0.048529822564965 0.0717301756412826 -0.32311936293373 0.187220520785399
0.0319374868660263 -0.0622612854480144 0.310300213084197 -0.0531605828478438
-0.0346508380109454 -0.0333247354361404 0.400727520909759 -0.30373659072037
-0.00215737112265966 0.00642001366920999 0.530450930810829 -0.259452108318488
0.0209389025638183 -0.00241881997124407 0.66488552397062 -0.434501799908775
-0.00371609010355517 -0.0127263882590329 0.495925627657215 -0.500838546588991
-0.0156492911591658 -0.000924053100556516 0.268297692526623 -0.361995191254699
-0.00853134790736549 0.00137657519554029 0.109108257867205 -0.175528577136057
-0.0130974162578093 0.0312333877489961 -0.044744948449938 0.00364128591046337
-0.0227501294836953 0.0192067578939512 -0.149738801616161 0.158167464784652
-0.0149048130793182 0.000971286952001224 -0.236873260865703 0.3668339109589
-0.000455472841354857 -0.00471067295867361 -0.28558095904552 0.514693960600691
0.0231586044502651 0.0114646343620495 -0.374195927193475 0.598417407963765
0.00405214682327347 0.0375455792512034 -0.409395809238689 0.514331608953247
-0.0316705315619178 -0.00257556837460012 -0.324074642571981 0.399737826113247
-0.00449995353210752 -0.0432537423439133 -0.282468343248436 0.281650120521388
0.0136865758001749 -0.0340757638788469 0.312772732712338 -0.0384441521418307
-0.0247853328743673 -0.0203582255324675 0.409921721004337 -0.311190673456512
-0.00236260154400392 -0.00396104078697774 0.521510283667768 -0.247634595595549
0.0059290273853079 -0.000545999076944892 0.682831411108398 -0.416605554225935
-0.00202915684222041 -0.00151503423337441 0.512571161809152 -0.498619087510107
-0.00616680407296364 0.000503822820389528 0.267358380577414 -0.361302505215191
0.00228467299416841 -0.00611721025171653 0.103605857946512 -0.171676512122969
-0.00207420547316238 0.0207360994530668 -0.0483839179733585 0.0100043078353775
-0.0120819273364939 0.0106723562647145 -0.1525878741171 0.165004948883598
-0.00575499202834764 0.000219509983408958 -0.237571930383465 0.371954050832436
0.00428561117565379 0.00659316521378506 -0.281860936222049 0.514684650835141
0.0109197760572805 0.0224047838025123 -0.356853650345721 0.600434060084581
-0.00268970219340883 0.0274531612061808 -0.397536653046223 0.526564093285854
-0.0201548433510337 0.00296409027779926 -0.323827275011641 0.403084635510357
-0.00920651824464975 -0.0097095504907411 -0.278785805943085 0.281501239833042
-0.00569141572458667 0.0022081206231396 0.31738407278819 -0.0439235518302956
-0.0152316705175619 -0.00285514062683844 0.408444856503575 -0.320033824949469
0.000324889964108119 -0.0132035962226541 0.519529069015969 -0.251071098517862
-0.0107668436600966 -4.71400799017352E-05 0.675998606317903 -0.424114016356213
-0.00284583138732061 0.0104891501142849 0.507846489773179 -0.506643999284803
0.0047815645866898 0.003310837732478 0.263950377570827 -0.366823914512297
0.0121697453446846 -0.0130571599545311 0.102328630247486 -0.172025658944309
0.00924601103328368 0.00817694214053461 -0.0480772166011756 0.0110617909062174
-0.000907660480701341 0.00167139619204062 -0.154436480900495 0.166550791357702
0.00629995408452017 -0.000285578062800907 -0.243916479673485 0.371487652986814
0.0104923133951435 0.0188036047545006 -0.290673123140895 0.510429635410721
-0.00388185378312936 0.0335601648174562 -0.366137714107493 0.595683183885154
-0.0141472241721445 0.0155455766487692 -0.402758818320288 0.523025533951324
-0.00793952763317967 0.00831067760253587 -0.329380308512186 0.400731752147473
-0.0113685589729362 0.0230907549042902 -0.28074128660941 0.277247782872589
-0.0249842977146471 0.0316853051566853 0.321570581641791 -0.0633418885212301
-0.00525067445886261 0.0136207412083952 0.396542752391683 -0.32693786079106
0.00226580485105673 -0.0244271097104228 0.513501685185884 -0.276963772297833
-0.026180084914951 0.000998131881202492 0.648780737496172 -0.454410421300543
-0.00453020038712357 0.0236725297862063 0.482992065458845 -0.523708480597883
0.0153776867560977 0.00643052602364669 0.254239533190925 -0.373713084501634
0.0217054362054824 -0.0203040677743655 0.104007654522047 -0.178099088064314
0.0198434043348684 -0.00253698263018426 -0.045293743069431 0.00749115989507844
0.00905340769094316 -0.00877393171008611 -0.152997111189683 0.162589674220952
0.0168708267080835 -0.0011857888783183 -0.250801590269335 0.363877719120378
0.0163385973514064 0.0309498552019845 -0.313310302633774 0.500015457572281
-0.0194756580721382 0.0462368891664887 -0.399154060128737 0.580862137263907
-0.0254156269938936 0.00303289235947975 -0.42637041348231 0.502650661459905
0.00378996063197063 0.0115816432706201 -0.337986390381065 0.390970812878107
-0.016769375666185 0.0541274962968497 -0.287080050818034 0.266930249404314
-0.0357916695228968 0.0561622586955219 0.324664690099386 -0.097637559657081
0.00525438228556033 0.0222519598753179 0.37481036972289 -0.334308494989417
0.0013381765656538 -0.0343500882535865 0.503767471759074 -0.317909740063557
-0.0386837600765953 0.00522924354410382 0.603265976363517 -0.504988414038503
-0.00327523379093589 0.0335578725105203 0.443136515999928 -0.544251121771724
0.0216884882787651 0.00777094004393568 0.243246017357461 -0.382804646246486
0.0303720165031576 -0.0265813607581668 0.107730183284864 -0.186761951605669
0.028407321558015 -0.0125473555962698 -0.0377444814476069 0.000643074570096148
0.0163390931570057 -0.01489343697386 -0.148414788071906 0.150912707883054
0.0257850624663293 -0.000375153719450515 -0.261504743469812 0.349325051394486
0.0189335730883384 0.0412588637667345 -0.344638298468291 0.484677572451238
-0.0339459313206538 0.0545510505903294 -0.448246806707962 0.55793958547162
-0.032670376673243 -0.0105231692884698 -0.461613868901309 0.464648737221824
0.0134322753295686 0.0172383298039762 -0.35083178131136 0.377282152576373
-0.0243970782926919 0.0764109515377341 -0.297037790364745 0.251968059537343
-0.0360498398847656 0.0691973764476695 0.319432008400734 -0.137717039242114
0.0139282183931924 0.0217311210666761 0.351845952985547 -0.337024188793953
-0.00426023986964568 -0.0407527117065642 0.489830413303934 -0.369230624410192
-0.0459434062961064 0.0125320627383179 0.539578225529725 -0.558503213939246
0.000571309471327834 0.0404732596827667 0.391888814542364 -0.561607396112513
0.0268652065403485 0.00642533465129526 0.229256560881683 -0.393480105156584
0.0330358605771605 -0.031025806256662 0.112407862425352 -0.198715440019059
0.0323110121936675 -0.0181837484413035 -0.0303464842373803 -0.0102758359903351
0.0214623401396339 -0.0190375968162301 -0.1418150304559 0.138161178900712
0.0300769796194434 0.0022447514594732 -0.269580645928299 0.333260513975646
0.016527295271416 0.0506471257677742 -0.381947034035286 0.466383048257924
-0.0462868038173607 0.0531553386058349 -0.509502944580781 0.52269447434775
-0.0339991770524334 -0.0227831594930644 -0.500368396938359 0.416320992556441
0.0201015350131307 0.0246385586670627 -0.362301384242159 0.361769349876162
-0.0350833684460511 0.0885976058679477 -0.30656473139141 0.232583385582601
-0.0277590917312668 0.0682579820364097 0.308976600319553 -0.173741754662328
0.0169715187341493 0.0138441165825408 0.334843734206063 -0.336580020244193
-0.0116534003876036 -0.0426020294027272 0.469658987350801 -0.423807848712139
-0.0451818031596157 0.0199736524455393 0.466479563817274 -0.604151079732267
0.00333587506988354 0.0420087464279315 0.345750879934565 -0.574013044055388
0.027551838642137 0.00408143367033966 0.217668133898645 -0.403420036832666
0.0329249102378266 -0.0328892938510705 0.117417821127987 -0.210869840625587
0.0309014621482634 -0.0195450412372989 -0.0214947059189999 -0.0226127185704673
0.0217663512014489 -0.019671392264338 -0.133309154578468 0.122240688654084
0.0299116812499041 0.0057143893047032 -0.277598669174636 0.312995377609847
0.0111219369925808 0.0543274982515016 -0.419140343529547 0.44307167949653
-0.0531846934833779 0.0461492619900091 -0.57176542658789 0.478588455233177
-0.0292026913148623 -0.0287304269590091 -0.529762213570173 0.36136847637086
0.0204179782838615 0.0324035187613189 -0.376460371113133 0.348512612579272
-0.0457027035838658 0.0878983546853544 -0.316759615691497 0.210621852649995
-0.0178251178168182 0.05347794620409 0.296867375885018 -0.199801340663653
0.0120537216826469 0.00284875146024574 0.324829851587359 -0.337807845461088
-0.0160260064348393 -0.0385287957661617 0.444213358432582 -0.471239087941607
-0.0371312379274466 0.0227316298159614 0.4005026903462 -0.632938122994509
0.00518835528647989 0.0373727920655336 0.30663136587568 -0.578118426669135
0.0238037894982316 0.00152125235684422 0.210281563518484 -0.410979142885499
0.0285359060773145 -0.0320317123292561 0.122075472846656 -0.223348899011322
0.0260000741033834 -0.0158755231824858 -0.0120882547659101 -0.0348907833761093
0.0180934169973011 -0.0166938922665734 -0.125283922686439 0.108825025921182
0.0267136458463872 0.00824616643950057 -0.282625283052881 0.297107920119825
0.00554013869301104 0.0517992548217373 -0.455106570062191 0.423154938587366
-0.0520205304778263 0.0381731184265392 -0.62611308155844 0.430763877787984
-0.0201467276585686 -0.0279916364945363 -0.547555015593356 0.310230155745828
0.0150233197146077 0.0365988566692021 -0.386478408823124 0.340939375789933
-0.0500921855934262 0.0724282553827859 -0.325622677586118 0.190026881566785
0.0323512696792662 -0.0627191157488319 0.313413430113485 -0.0526068731437262
-0.0352041771750681 -0.0331892583035803 0.40557246036561 -0.308024828914375
-0.00229785518619265 0.00723633838539835 0.53349552756312 -0.261196656684413
0.0207994908454353 -0.00275137722930066 0.669923291948226 -0.440162994544332
-0.00374303223173081 -0.012945829981471 0.499762353106435 -0.505313474347716
-0.015319854896211 -0.0015712310272933 0.269799453619842 -0.364951231227586
-0.00857326874344799 0.000543535932822102 0.109678745072473 -0.17677853236365
-0.0130832870621188 0.0311221687756733 -0.0450299722095171 0.00385979804024663
-0.0228680344214634 0.0201406239016634 -0.150459884455301 0.159892221642794
-0.0161109954951084 0.000799311531111119 -0.240215065167009 0.370321675704822
-0.00023793379144041 -0.0049527884871541 -0.289667975746194 0.518280205101982
0.0243289266784532 0.0120861858237428 -0.375602303602799 0.602820840172589
0.00326218510447548 0.0385419396090177 -0.411618465649925 0.520051648848342
-0.0320690203563535 -0.00326141254236567 -0.32673510461937 0.402786628705676
-0.00562167460271023 -0.0439935451902761 -0.285943252350418 0.284171887096956
0.0163551945440967 -0.0307402024827778 0.315850844217134 -0.0389886762327776
-0.0258334076469509 -0.0201799948567512 0.414569998173551 -0.314172168838588
-0.00233079045274785 -0.00354169520650609 0.530212592955354 -0.24797114637093
0.00658159634501968 -0.000768971564568716 0.686631253215537 -0.422054868132595
-0.00178639561760111 -0.00230056178766182 0.51715763588738 -0.504578338771019
-0.00577716129986818 0.000496481881421611 0.269524453393348 -0.363792378698529
0.00172164292460938 -0.00669736058316987 0.105355271580148 -0.172218390231733
-0.00168472615191172 0.0199191324653136 -0.0487693966165669 0.0100849111008579
-0.0119346526626269 0.0113140177107703 -0.154988048543953 0.165819934606373
-0.00546488229352016 0.00102506205042777 -0.240527908503512 0.376446247431049
0.00515141308529729 0.00529770481256993 -0.284469099614186 0.518918270622888
0.0110089269923678 0.0224809232404134 -0.358304043581978 0.605507073970126
-0.00346586614192335 0.0272839046431869 -0.401931251495181 0.531306897348674
-0.0202211234435305 0.00420981639142296 -0.324854013600919 0.406431217813553
-0.00882843497102751 -0.009417003536052 -0.281079906219195 0.284535127329647
-0.00611224893355775 0.00219555583286006 0.321699639497632 -0.0422289404935417
-0.0155250933722961 -0.00284654524409518 0.41357511610087 -0.322086712069348
0.000462012037368421 -0.0129410422846712 0.523880768715194 -0.253595230133283
-0.0104438493083264 0.000927953782267028 0.681746611015071 -0.428259101711757
-0.00278748199104594 0.0101369984287523 0.512213006463934 -0.511566163247435
0.0043150248107392 0.00409150656737618 0.266803238645285 -0.369814565152797
0.0124125471227569 -0.0136158152488316 0.10287072594637 -0.173432252289363
0.0106289092289956 0.00788761910474383 -0.0492722864830711 0.0117004417324695
-0.00129977112285692 0.00139913368360495 -0.154845638099553 0.1676075866994
0.00548918813127077 -1.61909336985266E-05 -0.245507924953428 0.374438087274672
0.0107355740589394 0.0183524661108108 -0.292852853730017 0.514141584159861
-0.00443534539683072 0.0334527222756468 -0.366404926159366 0.600563856951167
-0.0149920488289178 0.0156716411722922 -0.406896263940352 0.527972382673547
-0.00853919397325824 0.00803182205032635 -0.331244878299957 0.403701624153144
-0.0119485501681827 0.0234603450071833 -0.284504798322484 0.280462816749755
-0.0256807852396357 0.0320550659848451 0.327319424353851 -0.0628644744900691
-0.00535437343303973 0.0146862348789775 0.400294391117003 -0.330583264108207
0.0019246427975294 -0.0249554582311624 0.517146247104683 -0.27946057773177
-0.0264764841820569 0.000568358551224779 0.652708932520691 -0.45996311682817
-0.00388168695159039 0.0233638158969874 0.488246760304711 -0.529691975632346
0.0146220892860979 0.00569796375837132 0.25595051305061 -0.376328548832735
0.0229127802435867 -0.0198462843537332 0.104453192301695 -0.178591903157544
0.0209356493561982 -0.00312862014776912 -0.0449216843727609 0.00823824598408855
0.00846491354442768 -0.0076614119525575 -0.153116196877136 0.163839458263986
0.0175115104799562 -0.000372197680100291 -0.252069050389282 0.366268793646539
0.0171502708092423 0.0310666439228861 -0.314577323269074 0.505280557478149
-0.0189504310976681 0.045970194346918 -0.399561676899006 0.586215099262285
-0.0257461090919567 0.00318028375775758 -0.431491900631676 0.505819222366829
0.00317788599276339 0.0115531590009589 -0.339234575399451 0.392799645244422
-0.016115253661801 0.0541469487668441 -0.289581089910901 0.270212444018624
-0.0363421277865491 0.0571320672550508 0.328057548836422 -0.0978591548572413
0.00617207217711643 0.0229781733332632 0.379124735642512 -0.336232167078892
0.000833004131527195 -0.034896651260996 0.508102759696713 -0.320621758078138
-0.0397885023441961 0.00505622456006219 0.607944373551714 -0.509427903788624
-0.00259409738042788 0.033763281877446 0.444050381029472 -0.549025153034622
0.0226943989811945 0.00726390772526631 0.244164157523913 -0.385135236538223
0.029160404502943 -0.0267354183165426 0.109266584471206 -0.187299252937909
0.0286722757749299 -0.0117231446744743 -0.0392233390086596 0.000463870820749885
0.0173620802836795 -0.0147631861310344 -0.149787516876423 0.152565712020158
0.0253098909419212 0.000153719437065823 -0.262476325190386 0.351730976577605
0.0187233614918305 0.0415271717447036 -0.34904953083008 0.489230759199023
-0.0339036756428812 0.0540046548410799 -0.451789483530641 0.560895937500043
-0.0331009553022538 -0.0115405403707258 -0.464422336235509 0.470031032217949
0.0135181741046885 0.0174732992074094 -0.352740981815261 0.37992598216307
-0.0241528218659772 0.0776245162826046 -0.297182768518977 0.253534926826088
-0.0357590153444345 0.0694770519474634 0.323164059819524 -0.138243783279361
0.0144667049155937 0.0221363932076295 0.355180662789185 -0.341302362410952
-0.0046150398382562 -0.0413061548015228 0.494480225850468 -0.373856041770981
-0.0460821941964612 0.0123596930427237 0.542605001114062 -0.56410971492355
0.000589660535315982 0.0406920388666971 0.394681248741217 -0.565519974956107
0.0274613696656701 0.00656420907395978 0.230484514921931 -0.396838536824825
0.0332308254265687 -0.0322215461345939 0.113565097240573 -0.199639168984381
0.0337209917056928 -0.0178316203527728 -0.0302239606246669 -0.0103524087817191
0.0211794206008386 -0.019017813982581 -0.143721740174945 0.138739766412375
0.0306235973648791 0.00153136778774401 -0.272127213663948 0.334240078189862
0.0171579665838515 0.0503593550247698 -0.384900915984052 0.470667504216982
-0.0462922915298855 0.05390654836833 -0.513695041205535 0.525423105034963
-0.0342210145489104 -0.0226909091070331 -0.502900197125612 0.422221718584348
0.020775922165544 0.0250026447033779 -0.366767467888756 0.36491060135374
-0.0363429848977023 0.0898007189583992 -0.307940220760075 0.234148711923472
-0.0275206124871884 0.0689605737746984 0.313030409708233 -0.174389166369569
0.0167542972977988 0.0136514317581046 0.338514030995876 -0.341964686135928
-0.0118510492007705 -0.0434036242470932 0.472806760412557 -0.429390918689092
-0.0449735387222751 0.0199809263611178 0.469925577039195 -0.608014010069123
0.00345677482922892 0.0426205596619157 0.346830309986724 -0.578487541024149
0.0281910453287434 0.00395122129005891 0.218930396200495 -0.405654345923883
0.0334765262623831 -0.0335112452683701 0.118287766413801 -0.21327387473158
0.031548040636908 -0.01912894336433 -0.0201670122926684 -0.022036463075528
0.0220411305689615 -0.0190267246308695 -0.135081270510386 0.122919357099705
0.0307507358883241 0.00595341760650138 -0.279712004664579 0.316358945049967
0.0116003671840967 0.0534163277278518 -0.423102286780719 0.448297162408107
-0.0535815931942707 0.0484625121524664 -0.575892483076816 0.481094195684952
-0.0284070096253143 -0.0297203541477176 -0.533717222188456 0.36409086412893
0.0202533535086338 0.0335258072250176 -0.378996914174096 0.350799295166221
-0.0468406327267544 0.0885447353196286 -0.3183679647491 0.21192614487748
-0.0173056724398175 0.0536300734432268 0.299650143098459 -0.200945344545292
0.0118831062571707 0.00348234519105336 0.329347971268851 -0.342829939793384
-0.0170314583415669 -0.0384698324389052 0.446748296944951 -0.476023420250418
-0.0370917048178312 0.0229097280955305 0.404433940684968 -0.638816290274313
0.005620229715368 0.0379905883953481 0.305630920694861 -0.582866043044238
0.0245001519197438 0.000801733452098635 0.210664474446444 -0.414836322535223
0.0286541819888696 -0.0309925846807664 0.123527621820009 -0.225855958341072
0.0269258185056273 -0.0158083233127783 -0.0111260847437599 -0.0339873446774805
0.017914230922568 -0.0161910935441284 -0.126679464146818 0.10961175518321
0.0269805722877721 0.00785981773192303 -0.286054709799611 0.300339215908789
0.00540045446120999 0.0509843553776492 -0.458513050430034 0.429033046840325
-0.0531282043668475 0.0386006265610351 -0.6308012519164 0.436027432976122
-0.0193277892680108 -0.0280080095511706 -0.551509107248982 0.314579658590966
0.0143705948720075 0.0377672188685971 -0.389704857687021 0.345269195784889
-0.0510126907149213 0.0726923023817724 -0.32874481630276 0.191053149653026
0.0323868787455039 -0.0632980024540453 0.318432125529507 -0.053271235705995
-0.0348050185410142 -0.0333627759112059 0.406853124383603 -0.311853247594016
-0.00298203564446362 0.00733547512437072 0.538491055761583 -0.26561121330405
0.021126848579283 -0.00318305720921902 0.674258048820973 -0.446546463552566
-0.00331253755128644 -0.0135567880979576 0.503482109433193 -0.510961725684551
-0.0165682463095423 -0.00207126960040779 0.270118107524868 -0.36757503638403
-0.00877738057972484 0.00126966264080731 0.110844836846989 -0.177831604698692
-0.0130698378438121 0.0315109127517554 -0.0457464010247563 0.00461277684418997
-0.0229000280598779 0.0203526932404022 -0.151618334050636 0.161556794847812
-0.0164979562713541 0.000285264740035816 -0.240296932508801 0.374592535740496
-4.717829728473E-07 -0.00525056128839973 -0.290445481840247 0.524483110782708
0.0243782369212582 0.0118615407773144 -0.376710737453841 0.610533372237716
0.00310344942114168 0.0382821894348045 -0.414061375602172 0.525291760931996
-0.0324816901206261 -0.00356486074380274 -0.32918250865687 0.407979660193873
-0.0047364921113358 -0.0430572095352031 -0.287197904825999 0.286299649986632
0.0164999765580717 -0.0309682430142968 0.320172541485808 -0.038932258017519
-0.0252399693018585 -0.0202463135574686 0.417723849912922 -0.317920102168139
-0.00245099959796287 -0.00315975610819054 0.534112409685452 -0.251235925466367
0.00584090148260658 -0.00109234582004903 0.690591247099385 -0.427292541350146
-0.00173059258277153 -0.00231095768364883 0.518506703685993 -0.509868092569573
-0.00643095894566729 0.000945581854908542 0.2711258217316 -0.367114822114552
0.00083910703615434 -0.00616674335519861 0.105954533023758 -0.173706246124949
-0.00087742220138326 0.0203501965897924 -0.0490633132742393 0.0105741773176073
-0.0129102991218676 0.0116944947421214 -0.155661497061244 0.168999485157433
-0.00548753264736044 0.000361317724603339 -0.240354107011748 0.378435257634127
0.00522493031758321 0.00625346301556535 -0.28470033096214 0.523505671143008
0.0114122657799377 0.0220034745825169 -0.358217104199266 0.611790174717444
-0.00307480460301948 0.0271262417511377 -0.40398693586248 0.539433989158958
-0.0207727685380053 0.00388012896419732 -0.328597339306014 0.412546718978674
-0.00910034088919155 -0.00952469482758701 -0.283481714835391 0.289216732865428
-0.00618544276372742 0.00214554537822765 0.324606488142383 -0.04303966332078
-0.0156088451913571 -0.00304570477944738 0.417019745107011 -0.327412039385057
0.000304294625661721 -0.01425874175749 0.527993004015063 -0.258510660919372
-0.0117064330509011 -0.0010842874499692 0.686653545784735 -0.432961397347325
-0.00276823588616287 0.0105678432353064 0.513761227542314 -0.516879825797493
0.00426811563690335 0.00351459520168831 0.267305726084986 -0.372502898158583
0.0114820234085792 -0.0131444219704262 0.103362987038094 -0.173703084338079
0.0105817928215567 0.00836129832557984 -0.0498013602751966 0.0128941653255134
-0.000876253895761593 0.00175784180998463 -0.156184428513069 0.169874029296855
0.00636416647668723 -0.00028057197018691 -0.245874955726817 0.378057496749548
0.0116567291715316 0.0179230104376913 -0.294024416069611 0.51912880910978
-0.00289346484745825 0.0349861247997749 -0.368332827416095 0.606719094870294
-0.0148081796157129 0.0153808613174322 -0.409677082709716 0.536347323121886
-0.00948908063888967 0.0085516335958196 -0.331161329186815 0.407686250958296
-0.0126935298298719 0.0249289173227253 -0.286478626785402 0.28460005451316
-0.0265490888426522 0.0339311348938226 0.329916150011191 -0.0636633914727275
-0.00495550343213653 0.0147776887110256 0.403297167946409 -0.333774156613432
0.00206567342200749 -0.0242749065117604 0.520433416420838 -0.282857394849848
-0.0265942717065894 0.00100446053576516 0.658287278429001 -0.465872762465529
-0.00371330128849719 0.0230910716816933 0.488309343422374 -0.536121124976152
0.0139746950200061 0.00568068566791803 0.25861773801613 -0.379945069737765
0.0219220442985056 -0.0208883075848338 0.105816154545869 -0.1801592320965
0.0205958186684395 -0.00270091365042367 -0.0458904841186628 0.00942531389289607
0.00885748113740558 -0.00782446507903157 -0.154456413819593 0.165245261198586
0.0166788319793912 -0.00107814309875677 -0.254018916385303 0.370599008822814
0.0169281266903805 0.0314665066076665 -0.314663274258439 0.510240867985041
-0.0182809519136226 0.0474937212567969 -0.402356228770499 0.591730672442208
-0.0262235766049446 0.00183331266957965 -0.433583428009688 0.513360736512342
0.00305984594682929 0.0124049646279923 -0.343460388874396 0.399196479089352
-0.0168654522154061 0.0543412705490615 -0.291727847547978 0.273112374527042
-0.0364952147050767 0.057615984268881 0.332402773421838 -0.0986736497113798
0.00591453199647676 0.0239690313852568 0.381600710616893 -0.341028598594095
0.00129930149703548 -0.0343920473168598 0.511497752139964 -0.325830583373684
-0.039836202073019 0.00468484360315021 0.61080287935165 -0.515792698666347
-0.00229731744436044 0.0340822293990698 0.445629010167922 -0.555155206917602
0.0215195791455218 0.0071300670250998 0.244552710380985 -0.390721279176479
0.0298896140032909 -0.0270549039842372 0.108526670397906 -0.188718681713057
0.0293736522631457 -0.0120779659128515 -0.038723266129786 0.00103634388060261
0.0167126272662415 -0.01577730596638 -0.150720696605683 0.155705980333918
0.0251852509013945 -0.000788474475782157 -0.263234559285352 0.355790628316265
0.0196456673050613 0.0425093325275882 -0.34759645401462 0.494416420938752
-0.0339764258228645 0.0544113312782005 -0.453721373342854 0.567013981035998
-0.0335677176332016 -0.0108548407750355 -0.468485217882724 0.477050028466804
0.0125028715085671 0.018158976191996 -0.354543431080155 0.385731493200194
-0.0248746635490863 0.0777689469626176 -0.300292905364473 0.257537415283631
-0.035435122968716 0.0703559986211315 0.326902348628837 -0.139739203481215
0.0141965820974463 0.0226526721251407 0.358017731416628 -0.345325617369919
-0.00436931405340513 -0.041580301894344 0.49726470808414 -0.37907494078588
-0.0464301730445593 0.0117480246106827 0.547002477360796 -0.572320735203849
0.000851017127021779 0.0411133790558205 0.396620204074359 -0.572140775506605
0.0272957211713873 0.00596097791297546 0.231367470489814 -0.399660253578625
0.0330906833753647 -0.0316297930731883 0.114519905072787 -0.201819092503927
0.0336039339389318 -0.0185042562443581 -0.0307623509485327 -0.00910277711655716
0.0216491248626985 -0.019524949627633 -0.144542455732206 0.140458193158823
0.0303214011242133 0.00210061830901093 -0.272686466634937 0.338668336558257
0.017913111664547 0.0504812739307108 -0.38805790466765 0.474677422451786
-0.0462777934352106 0.0545789829441531 -0.516501996892857 0.532723952470499
-0.035468895886496 -0.0227532904396281 -0.506578273666927 0.426200249759261
0.0190923305205564 0.0251015261770341 -0.368624543878986 0.369013730405618
-0.0348418407975487 0.0911377909911572 -0.310801402145405 0.237897768502395
-0.0277686367797984 0.0695298074507055 0.316626132240082 -0.175826238991731
0.016943078907865 0.0146605566217344 0.339682000001694 -0.34591074186699
-0.0129853967432714 -0.0439347354739096 0.476437365296441 -0.434763631263639
-0.045565396313006 0.0197937573084648 0.471535001635998 -0.617209736983469
0.00354465442310616 0.0421063046596604 0.347973626190674 -0.583747999785342
0.0276272237363978 0.0038518139036521 0.221123468252952 -0.40946324752043
0.0334272346217902 -0.0341366301140329 0.119677581189166 -0.215243844566881
0.033022105917883 -0.020437637297353 -0.0214137972067539 -0.0224610203832589
0.0215366439694442 -0.0191945548404934 -0.136205190191092 0.125804240754652
0.0301316604258304 0.00553332166081743 -0.280846822111608 0.318611387426972
0.0129352640588265 0.0534056664761404 -0.426057337254874 0.452933662169497
-0.0536789743372238 0.0477087486558767 -0.579095793236715 0.489096419081725
-0.0289249525121908 -0.0294818755839202 -0.53817709896157 0.371465971921043
0.0197469803027003 0.0336044816892464 -0.38090579180189 0.355622470990522
-0.0467461847699708 0.0902803275076886 -0.321172335299227 0.215565250933564
-0.0176211953857581 0.0538339304338701 0.302678478166259 -0.203586163719847
0.0121459479026083 0.00471524630477948 0.330599274599677 -0.345851048270411
-0.0171083083170042 -0.0398981412598537 0.449331692606729 -0.482261516138927
-0.0381936840763631 0.0228971751426699 0.405236551708172 -0.647299231718647
0.00571617480623136 0.0375235082633651 0.308695354712599 -0.59008392769341
0.0247428040737504 0.000311883312546829 0.21237491398028 -0.418417571963342
0.0285464567683839 -0.0325805839654226 0.123395062946271 -0.227711039498193
0.0273962750805121 -0.0152931389334393 -0.0130109596977666 -0.0347328949161465
0.0182998319268261 -0.0160708745871549 -0.127311693747641 0.110539903118676
0.0264086686558199 0.0081774189032408 -0.287240707906321 0.303941099714568
0.00593926032957554 0.0517033972741777 -0.461282708188055 0.431903686097108
-0.0526400943017825 0.0391543756135689 -0.635224701637685 0.441384515494814
-0.0205685700354984 -0.0284375107443758 -0.55709076227262 0.319196359853774
0.0145553636076021 0.0373759258456349 -0.393852793819964 0.348599958342129
-0.0512455764343858 0.0738563821968353 -0.331417417612127 0.19303302827922
0.032582476954206 -0.0627404662648962 0.320968697032824 -0.0548156315342829
-0.0354734216599099 -0.0326989374214495 0.411692326743956 -0.316688407071457
-0.0024115882007039 0.00675498213820399 0.542243289262123 -0.270969534346765
0.0208262988718501 -0.00356139436238652 0.677477236381702 -0.452687931335611
-0.00237011095696695 -0.0143799638810389 0.50443730851265 -0.521020703067153
-0.0170933029243682 -0.00245130280458992 0.272295522455236 -0.372432143737112
-0.00947325453702415 0.0015256331929336 0.110759635747493 -0.179718871756351
-0.0122135757852961 0.0319060960272907 -0.0453208901656005 0.00594587550204273
-0.0233999445489271 0.0221415170541023 -0.15294729205441 0.164745639905546
-0.0173792228006693 0.000559591208883214 -0.239953352434717 0.378537137604417
0.000343764390026496 -0.00563145986003448 -0.289243270302441 0.528721261834396
0.0251807758693872 0.0118034634284807 -0.376362467289362 0.616736251288595
0.00365817871134817 0.0380334758046632 -0.416706243044808 0.534260222085698
-0.0323820306906778 -0.00358392965273769 -0.32918515331484 0.415303446780478
-0.004960743210733 -0.0441297733008529 -0.289312692103378 0.290798905772357
0.0165854656586652 -0.0317758119518459 0.323795482519948 -0.039549787521653
-0.0254959913782716 -0.0208785795346676 0.421280974838815 -0.322493026826997
-0.00236265797599885 -0.00251610046427626 0.537632146709518 -0.255897953592802
0.0051981850782561 -0.00161821200314335 0.695762134604542 -0.434815732229085
-0.00161271059452874 -0.00244653562949267 0.522624608345229 -0.516774212841941
-0.00676701591448099 -0.00041899925241669 0.272110731768328 -0.370846678412027
5.86530927385942E-05 -0.00567288846228475 0.10612295715078 -0.174729703323648
-0.000138965480179599 0.0203659995241406 -0.0495949424478209 0.0118169942252795
-0.0126751604264201 0.0128387409172194 -0.154956140636774 0.170615981220565
-0.00659157635111686 0.000930536644936705 -0.242103657191949 0.384291138426517
0.00529827664760332 0.00527228096662369 -0.283439154555198 0.529222078348969
0.0120069731366608 0.021718205765684 -0.357979012744492 0.6194788525099
-0.00470177955949116 0.0275889956596465 -0.403780496650074 0.545538507594704
-0.0206084677040925 0.00388812016077227 -0.329192403893025 0.41531957006606
-0.00925536235236138 -0.0103846390550577 -0.284745627468403 0.292388580204316
-0.00518796686058662 0.00253855031483062 0.328136905859826 -0.0435486980912256
-0.0158422576604013 -0.00146274546801364 0.419506849718633 -0.332337396957083
-0.000177557983680083 -0.0141611414734469 0.531035102146925 -0.26430793310466
-0.0113291997892132 -0.000359120955984019 0.690696576198316 -0.443127206679738
-0.0023203684380042 0.00969082704332161 0.516125531284386 -0.525283832995665
0.00329433568191778 0.00287302863276253 0.267675171556206 -0.37747198819044
0.0113841410760617 -0.0137862945233071 0.10442262601302 -0.176574740873104
0.0114862160302167 0.00879571895042403 -0.0502113905969143 0.0140574358316352
-0.00196048650026662 0.00215024151714583 -0.156031115433274 0.173035698162278
0.00571788014382948 3.83861179704917E-05 -0.245465198684249 0.383860235105989
0.0123671232668995 0.0185234709194828 -0.294697305575741 0.524658484618962
-0.00271367295726869 0.0347057746518224 -0.368407342927937 0.614313577961362
-0.015845385896494 0.0151031526537684 -0.411160933590757 0.542834572841468
-0.00892009662021423 0.00936607973278852 -0.33519415147922 0.413312096036543
-0.0123414205808883 0.0243200589933423 -0.287357237465682 0.288374421687178
-0.0248444307817714 0.0328158919720092 0.333915083109413 -0.0650644756278363
-0.00609451058799317 0.0150112522596284 0.406642359106282 -0.339335461081858
0.00204683324781954 -0.0238558511985438 0.524093123776082 -0.289727585840776
-0.0274748880335816 0.000716437949110609 0.661348558201884 -0.474627571629043
-0.00340344732506957 0.0225591088809218 0.491041119047585 -0.541038804728383
0.0140683011973671 0.00579362583759209 0.25789957031965 -0.383278820892431
0.021684762057146 -0.0212761231930854 0.104988878122143 -0.181509725137342
0.0222569435103885 -0.00352533515332533 -0.0452596258046179 0.00955071494279119
0.0087061260326088 -0.00783682493286268 -0.154872391850545 0.167203206347171
0.0170199693824967 -0.00153904730628526 -0.255485963957051 0.374657526174934
0.0178586531700505 0.0310433838558448 -0.316984843775193 0.515152295926255
-0.0179468386682958 0.0476891653615169 -0.400741691567323 0.598459368130768
-0.0268102087110262 0.00216288369086329 -0.432640665961167 0.520202538882319
0.00295954603110556 0.0125519806437353 -0.345108687629678 0.403555089696529
-0.0163048590469746 0.0547480765264331 -0.292534951902461 0.277626482482022
-0.0368570669814418 0.0576066788800655 0.335365949811942 -0.101839181739864
0.00585680867156841 0.0245149513450763 0.384609818129977 -0.346320436650196
0.000620824430945013 -0.0350011042062622 0.514865215281612 -0.329988471331369
-0.0400888440232154 0.00535926101520464 0.613403248464154 -0.523917742098219
-0.00269871981966954 0.0334624861107336 0.446831993020686 -0.562447945880164
0.0220714955889825 0.00677429355578845 0.246898504929065 -0.39341700643873
0.0295560657009387 -0.0275287740262444 0.109088856473185 -0.189409252761292
0.0295565178752525 -0.0129002071105216 -0.0393371063170149 0.00209027775931711
0.016771492245084 -0.0152844958340314 -0.151493738074333 0.157324944997925
0.025431337368036 -0.000448234078486591 -0.263824334441949 0.35997909042153
0.0204056157183252 0.0423080395995852 -0.349859878277111 0.498950285849227
-0.0332592063066001 0.0545327995280047 -0.454189117726665 0.575659988029931
-0.0355413376213986 -0.0107480785157204 -0.470908012412433 0.482880627137358
0.0139812079068094 0.0173049799224166 -0.356736515457752 0.391542624475256
-0.0240175606766142 0.079077787835973 -0.302279032332215 0.260244383843
-0.0362564763155551 0.0713181271928067 0.330227369679122 -0.14226400772941
0.0146973243813972 0.0233693225948254 0.359583257118488 -0.350328720760208
-0.00616955305005866 -0.0412792746257175 0.500127878129933 -0.384569301632963
-0.0471843163429415 0.0127488899524215 0.546285550718775 -0.57784624932761
0.000879397356399751 0.0408442000231198 0.397720476396302 -0.581078150748752
0.0270720538600579 0.0051870852903487 0.231032240948117 -0.40333865300215
0.0327652197112136 -0.0326220199927789 0.113958189481283 -0.202418039045101
0.0337624451860412 -0.0183930570160498 -0.0304371010945795 -0.00849830099221299
0.0203177234996703 -0.0192217046621466 -0.144324765619714 0.142750199732273
0.0304765840203163 0.00121357251235014 -0.274070822028447 0.343386997662658
0.0191137399803477 0.0501407327103292 -0.388766345041541 0.479543292553628
-0.0465684998458021 0.0554878689363055 -0.516586476881304 0.540765524163171
-0.0362594903283849 -0.023437488504561 -0.511274680094086 0.435179329937483
0.0203609696469049 0.0257990407767152 -0.368664510019303 0.374310963728124
-0.03612613515024 0.0921834301739754 -0.3130932508756 0.241143590413236
-0.0273768995202893 0.0698349253393945 0.319194262692777 -0.180276597480089
0.0173370942388995 0.0144455893746328 0.343256565298926 -0.351119426213249
-0.0128479985424158 -0.0439986811097413 0.478194245289829 -0.440682034108898
-0.0464844502278513 0.02051494679622 0.472868876622451 -0.625715579723157
0.00444980854415275 0.0424707219537795 0.347287481355487 -0.591109837671011
0.0276527436600786 0.00311698563522587 0.220745741429732 -0.413936942898427
0.0320016602118932 -0.0341615404301905 0.120236303709129 -0.215291590754438
0.0329531446661545 -0.019946740449927 -0.0212704049247845 -0.0211510717489061
0.0214711039476091 -0.019869499022801 -0.137038473837581 0.126805419934009
0.0309271008899245 0.00541695114838641 -0.282332199326232 0.323534394194954
0.0124638201933333 0.0545023416007175 -0.428823440071875 0.457722593525324
-0.0543291181604278 0.0486670117219445 -0.582049832287573 0.495787240743115
-0.0297540379687233 -0.0298167674933668 -0.542415064971213 0.375203722822449
0.0198578810357381 0.0339711123582415 -0.382181959822033 0.36161867360235
-0.045522068489303 0.0905502776384021 -0.323981738422238 0.218708174456101
-0.017121343519687 0.0551617183085445 0.306352700807853 -0.207194069464741
0.0122883019572071 0.00553351255443014 0.333937178040786 -0.350011093222742
-0.0180696578157086 -0.0398182929491537 0.452641973990728 -0.490085910384223
-0.0388933068239699 0.023359418999581 0.404663967873479 -0.653722251201736
0.00548726060175178 0.037247565833427 0.306757551810094 -0.595938132552308
0.0244147334566626 -0.000250473096114026 0.2113295167138 -0.424293261454856
0.0281602519868972 -0.032065533799728 0.123431901936012 -0.228628637819819
0.0273255412426076 -0.0166864699994561 -0.0116209862084707 -0.0338513148800528
0.0184779599452088 -0.0156088618582459 -0.128374214633709 0.112599877399643
0.0270604617272511 0.0077353276397717 -0.288554723527897 0.307909505212041
0.00591959569731039 0.0519309880559263 -0.463919016894449 0.438069864430011
-0.05342119856641 0.039420843580888 -0.637639160267692 0.450391549477893
-0.0217498220134826 -0.0280415018729534 -0.56146941172305 0.324721973903572
0.014729700380003 0.0377178026312399 -0.39485249325093 0.353945842962344
-0.0514196126174107 0.0749356115914884 -0.333475218714328 0.19674032066196
0.0330006264899392 -0.0645258735968016 0.325109763466323 -0.0570674761792898
-0.0358040296682751 -0.031970919774495 0.412456113551566 -0.324044439823634
-0.00240168483760301 0.00721274804803176 0.544630989526881 -0.278782215971137
0.0208910957729924 -0.00378570683174355 0.679807485624738 -0.461605520285972
-0.00279651603104548 -0.0148191050701301 0.503675897261492 -0.527467418311873
-0.0178706562515813 -0.00213472694936194 0.272227177864828 -0.377526973398416
-0.00971919170905855 0.000311956201302725 0.111123793224515 -0.181738651836687
-0.0113418562774887 0.0319617450180297 -0.0457022079159324 0.0052995472943109
-0.0241646404252883 0.0223606030623822 -0.154293214526294 0.167156192158527
-0.0179533956101528 0.00114765625089326 -0.238305178756634 0.384301097077262
0.000800879078293945 -0.00653095283359212 -0.286755141287015 0.535071279414572
0.0259433941490092 0.0105241471231066 -0.373794381457745 0.625008975439835
0.00429264452671335 0.038802437996864 -0.415578068168877 0.542872243344698
-0.033694002381654 -0.00296974667061183 -0.329746648575334 0.42200192211268
-0.00558037582687632 -0.0443544845647765 -0.290089115178361 0.295471454958464
0.0170100055246788 -0.0311322101949637 0.327571015955442 -0.0421272358535998
-0.0256378566247913 -0.0194606940654412 0.423774487751861 -0.32906097784623
-0.00332844313265663 -0.00289666997711544 0.540613569352486 -0.2645344541189
0.0048283731774721 -0.000475489266490966 0.698004779401664 -0.44482650589215
-0.00212709159781899 -0.00289717971383282 0.521613398435661 -0.524786330541173
-0.00672022174702284 0.000149413584929738 0.271976606452869 -0.376540218542517
0.000435918167714423 -0.00550877535346073 0.105874241568228 -0.176677891383192
-0.00033450541655274 0.021267459991426 -0.0491199181653299 0.0133938991494782
-0.0122675491941399 0.0127653762443145 -0.156587975181381 0.173757550772099
-0.0071859186198509 0.00115482982951004 -0.240137940309471 0.388709513321155
0.00570924483206505 0.00575388133696497 -0.282113059857104 0.536951233160251
0.0123422795860068 0.0217425392909924 -0.356773247817829 0.629016619549423
-0.00396876007399936 0.028255734351154 -0.40376469990291 0.554385167300236
-0.0215520208977713 0.00387154509104265 -0.328584192229709 0.423840471521907
-0.00948732764204283 -0.00904978765847807 -0.285790799490723 0.296535058003605
-0.00521799134419794 0.00225113840200814 0.333727213657587 -0.0454893013942419
-0.0155816586524536 -0.000770820243132832 0.423103423446021 -0.336294359828249
-0.000656720742846007 -0.0132781909009428 0.533039992456727 -0.270352878389645
-0.0113301830967348 -0.000276005890488673 0.691724831140654 -0.451125922259611
-0.00312275918981632 0.0102139178832071 0.51523947502302 -0.535229850816463
0.00435870009306095 0.00224146987289803 0.266988964992604 -0.381943716927293
0.0110641629046942 -0.0144151782407499 0.102729279541183 -0.177644642085535
0.0119299062995477 0.00896461609912631 -0.0498649398446943 0.0137450788651238
-0.000993332383374168 0.0030285689831506 -0.156955423093974 0.174270357737219
0.00456320971489006 -0.000757972311956017 -0.244432692220906 0.388515456743366
0.0128133781738783 0.0185264625868031 -0.291711389392532 0.531959537915278
-0.00203026290293656 0.035249777826107 -0.364440721715049 0.622370292365434
-0.0161794652258776 0.0164963318170525 -0.408928140920322 0.550727543069553
-0.00798360005784688 0.00927860415924469 -0.335134015443092 0.420789199657569
-0.0123717022412503 0.0252608183689924 -0.288397903542445 0.29273479725503
-0.0260083753448845 0.0338894016217294 0.338014208119067 -0.0675175682884223
-0.00565852137354288 0.0150361287281375 0.40789715085729 -0.34411282089948
0.00205954428176577 -0.0245269492332969 0.525714472148698 -0.295993034607182
-0.0275623874146978 0.00117635006535154 0.662915311150973 -0.484870796381194
-0.00385949794653142 0.0221239808758048 0.489426224222755 -0.551506098663241
0.0140157307551309 0.00473236175448111 0.255535662586799 -0.387832704814028
0.0210450521594255 -0.0211299074147922 0.104460017610958 -0.183092414489917
0.0230194384034406 -0.00336246168410802 -0.0458303759471923 0.0103827368187232
0.00812575843624932 -0.00705510147863426 -0.154371850527305 0.169036163525971
0.0161351831045261 -0.00110731986873182 -0.253284931498637 0.381463537371016
0.0182056653310118 0.0304956777471174 -0.31617722105761 0.521248188952711
-0.0171204149584542 0.0474859778059436 -0.399158574632998 0.609208935044618
-0.0275777848566737 0.002582219086667 -0.432646604492624 0.530032391475743
0.00276256291091145 0.0124660855933618 -0.344040012023465 0.411373429729708
-0.016121187332584 0.055843374133438 -0.294214850709457 0.282123548266502
-0.0363566160956374 0.0585842596886208 0.339022806536751 -0.103434036325795
0.00557019708518226 0.0250991014759849 0.386143736194347 -0.35197980402564
0.000785752629348011 -0.0349654397490653 0.516864979252025 -0.338807031410737
-0.0410053508286092 0.00527552216130878 0.614703270280148 -0.53491058655873
-0.00257411482261168 0.0339809062216188 0.444770687845306 -0.571600190339913
0.0223222134100969 0.00662095196347337 0.243787098707851 -0.39820710820384
0.0286354433589252 -0.0284501550906571 0.108701210107999 -0.192054456899852
0.0313082468412992 -0.0130248787228568 -0.039974493917561 0.00274236490528028
0.0159450189398118 -0.0151642577087594 -0.150476707155784 0.16000115326482
0.0253722642958033 -0.00130176032625523 -0.262891442689502 0.364439439246653
0.021353912631814 0.0419696667879191 -0.349568553405649 0.506558543958225
-0.033476924173471 0.0560369894440288 -0.453324729647706 0.583009459980672
-0.034463588300827 -0.0111390065811287 -0.470844735139137 0.492208729579908
0.01323149601342 0.0179481996196516 -0.357412695537742 0.396885128052765
-0.023729116665579 0.0798225932406111 -0.303769303102045 0.266009119663174
-0.0356108212777829 0.0720448639965203 0.333574472380939 -0.145061239085045
0.014335354804225 0.0241162672026757 0.362172088349866 -0.35657005110985
-0.00586204163055989 -0.0423328742849295 0.500652572510032 -0.392474426563702
-0.0475357681666479 0.0122300918136006 0.547634234563904 -0.588066852524843
0.00111104622809429 0.0412595582046787 0.393465997327241 -0.587141215411269
0.0264912252386523 0.00580758484408745 0.230668404422126 -0.40914323734143
0.0332407629119448 -0.0329306817658445 0.11358782845689 -0.205989826533681
0.0339098429055116 -0.0188404921371101 -0.0305166983806355 -0.00825096998222168
0.0218847422443976 -0.0192381750494957 -0.145632213784151 0.145340870726602
0.0303678617977681 0.0010992831783022 -0.273265419306342 0.34827372433144
0.0191130095062947 0.0503992114429037 -0.387781836405418 0.488343132277004
-0.0454077599670463 0.0558945750605242 -0.51755088921701 0.549524093270591
-0.0358409100366555 -0.0227433468401539 -0.509933934531222 0.442591203984353
0.0189159739688419 0.0257884078504435 -0.370295659755533 0.381445607111152
-0.0359476351104593 0.0933747280109746 -0.312717135998646 0.245039515336211
-0.0280782234614428 0.0703039143474486 0.321790158801228 -0.183246741153658
0.0163323611259496 0.0155582560339552 0.343148008329751 -0.356220072269568
-0.0138382302551245 -0.0435485928563352 0.478028483983259 -0.448783415933507
-0.0465448400484974 0.0205864271710034 0.471905778304942 -0.635067679868351
0.0053203696216982 0.0418099415670492 0.343306832534477 -0.599177483005328
0.0272188779199761 0.00289445764984641 0.22090215767617 -0.418607921348995
0.0324323008393218 -0.034187971982753 0.118811057189251 -0.219119676640627
0.0331578107317208 -0.0204775127179351 -0.0206582770931658 -0.0212476481934632
0.0218775747235644 -0.0195408669906792 -0.137650905366014 0.12880717828856
0.0300339083204295 0.00529063425417586 -0.279598790768769 0.328512899435072
0.0135310107247761 0.0543683277615002 -0.429412070126719 0.464986389929101
-0.0533690231953708 0.04913038444816 -0.583659928183475 0.505055886976878
-0.0310286550113638 -0.0299406111531875 -0.544088472360978 0.384533305041865
0.0209065718782719 0.0346692331243188 -0.385768369801904 0.368261876629848
-0.0460916464943457 0.092309932812212 -0.325413360336497 0.222468619547591
-0.0174624282242771 0.0553063334442611 0.307260987429043 -0.210821668286652
0.0122083117279474 0.00479368046644839 0.332765697227535 -0.356874936039731
-0.0191743139123639 -0.0393020715260297 0.45042402830653 -0.49864219193708
-0.0391347755821722 0.0235120276406055 0.40280414890418 -0.661416823740496
0.00691410027591783 0.0379962445392332 0.303838021300316 -0.604253909926666
0.0239982500764865 -4.56919918669189E-05 0.210191353273208 -0.427044077290207
0.0276825435710767 -0.0324994706723707 0.12245143042954 -0.2327788442845
0.0287025304566087 -0.0163662982679017 -0.0125390379619571 -0.0338647214548032
0.0182915644088678 -0.0164157199916483 -0.128146681579626 0.114865589381183
0.0262326523432739 0.00825154596635738 -0.28806353961138 0.313453259976822
0.00698813349640143 0.0512665569811794 -0.465078079669447 0.4452144579477
-0.0519922650961066 0.0398349171032238 -0.639977340139352 0.46040530419053
-0.0218120311084927 -0.0282182280664659 -0.565603157492043 0.334656523803606
0.0142265399413725 0.0384096185685149 -0.396546690451784 0.361486299900226
-0.0502521733876648 0.0761434269775765 -0.335523607756205 0.201318091842634
0.0332672027668263 -0.0645621494398715 0.327336042772549 -0.0587941763804124
-0.0365188238442278 -0.0324142589275414 0.414131245638435 -0.329667309896945
-0.00305636160604783 0.00792271695439381 0.547035824448564 -0.287349084556986
0.0206381208885772 -0.0040188590400891 0.678767379966208 -0.472553896554467
-0.00371478134173192 -0.0143892543658659 0.501583147946413 -0.535497720378067
-0.0177835763838515 -0.0030516001023367 0.2700048111671 -0.382904111916573
-0.0104718844353727 0.00117017468855104 0.11005210422016 -0.18326475718491
-0.0106364026375059 0.0327652503251876 -0.0461761158110282 0.00728946855945154
-0.0233656232426819 0.0232305014737147 -0.152944401617015 0.169417473840419
-0.0183769392168504 0.00134020234827264 -0.237265040495432 0.389217977479162
0.000232281819267863 -0.00648024614775561 -0.283213342874428 0.541756675491432
0.0267920756359828 0.0114500658599173 -0.369655399729934 0.632043215615764
0.00392110230631901 0.0396397925333663 -0.412204057971704 0.552083154060404
-0.0339839381435453 -0.00286691865191049 -0.328393807935571 0.427010151685656
-0.0063007407070828 -0.043959609298705 -0.289150417660782 0.300087500463854
0.0164122717883621 -0.0318039201035136 0.331645617619628 -0.0453738629143837
-0.0262581763437374 -0.0181486969404094 0.423018605315954 -0.335965542523779
-0.00301932792805929 -0.00330107568585738 0.541670704140428 -0.271009749424576
0.0045558950657037 -0.0014041367174396 0.698595006195399 -0.454453843981535
-0.00233742699261401 -0.0031058581684628 0.517672967594329 -0.535991705656859
-0.00741149828395629 -7.1491336440058E-05 0.270108081182915 -0.380863480878714
-0.000819818315425894 -0.00613771129893812 0.104407655983067 -0.178798856859868
0.00106500512701485 0.0209055677737142 -0.0503684786040897 0.0141784478668963
-0.0132770704568254 0.0140885138099334 -0.15558339025878 0.177302264453704
-0.00780644944523625 0.00126429622424523 -0.236184235105913 0.392499038907788
0.00532682842245302 0.0050985288958562 -0.279205243919999 0.54147699775691
0.012911136303627 0.0216269061026734 -0.350306397429956 0.633763099885846
-0.00357083367374833 0.0275929958099157 -0.400859393760786 0.562764292151333
-0.0225218257386803 0.00446024148381323 -0.325114935451747 0.429812729624733
-0.0102763788786367 -0.00964606410145484 -0.284764735751669 0.301388319413198
-0.00557911674198566 0.00172545652133678 0.335984771712385 -0.050084043894243
-0.0165500078308024 -0.00136081997145375 0.42072627554364 -0.344132930084929
-0.00119060353179434 -0.0137160216781846 0.534459202083685 -0.27901290251804
-0.0121141288492057 -0.000863185496062115 0.690095885512341 -0.461605391559892
-0.00273436906020201 0.0101822257014652 0.511680413553385 -0.543722156945951
0.00367377192296348 0.0021205718406636 0.265106109664314 -0.385945364237436
0.0105480111274162 -0.0145138467913081 0.103614562880317 -0.17867689221864
0.0122281421028329 0.00829898206832137 -0.0506842071580223 0.0152283397587902
-0.00184509253568109 0.00352588208322726 -0.156946364616623 0.178297645568124
0.00455621463818155 5.99861963194843E-05 -0.241231843349246 0.394225325762182
0.0127603730953694 0.0177153517326864 -0.289375677492471 0.53567422340127
-0.00180246186164908 0.035596939846293 -0.359670693787198 0.629163543669065
-0.0159352796140217 0.0160173242558666 -0.406520096316054 0.559093530539633
-0.00893056374042297 0.00909644050097983 -0.331162458713684 0.427695109575121
-0.0122490055521804 0.0258230002343152 -0.286770453621509 0.296956152493905
-0.0252430440680583 0.0341099418012473 0.339880805462247 -0.0701923205596547
-0.00478546297590872 0.015933706513984 0.408130873009388 -0.352857534760773
0.00195243642346494 -0.0247495156003134 0.526127058041663 -0.304588706155058
-0.0283504266187051 0.000284476209677538 0.66358997764979 -0.492615958541673
-0.0029881194234027 0.0227991887751025 0.48506852164199 -0.559819368180835
0.0137067719340815 0.00490283632859688 0.254837913095992 -0.393986277030656
0.0202744847075724 -0.0219959583042462 0.104834538172077 -0.184499987632917
0.0230356755660646 -0.00338274497846555 -0.045908097587509 0.012074701555638
0.00832305836205148 -0.00792607645886281 -0.15462991405883 0.172515596564647
0.0157006462830622 -0.00140146279693407 -0.251597466807528 0.384058360857872
0.0188507908067552 0.0303860019663183 -0.312297346926828 0.526958408242465
-0.0167493947956867 0.0485475789264436 -0.393746068131115 0.616441106539686
-0.0275116818243434 0.00360362246734592 -0.43245644971693 0.539552914630813
0.00279353706044482 0.0131898942103412 -0.344263621153396 0.418361262586929
-0.016010075316815 0.0568259529289258 -0.294172836045521 0.288372058722547
-0.0350530586636994 0.0593124538862088 0.341422513631157 -0.107006762926371
0.00595244710193881 0.0251776662326285 0.384362667222284 -0.359326735940559
-0.000646647662579314 -0.034838378137557 0.516131823229825 -0.347264487461303
-0.0412412306025982 0.00547739837409938 0.610808556076045 -0.544909367871163
-0.00196764585476157 0.034047687758603 0.441672749585388 -0.579336167464693
0.0215642523174297 0.00631805961179843 0.242444661432719 -0.403882769148551
0.0275280617192986 -0.0288611105770273 0.108183370855137 -0.193932513451661
0.0310747170290642 -0.0144240247008637 -0.0392840039886161 0.00381236390798459
0.0166567825283304 -0.01527869864681 -0.150585019411196 0.162335222627215
0.0255595212451076 -0.00202389212263322 -0.261089145202458 0.371077861072468
0.0216597317400961 0.0414841362460835 -0.347114573262563 0.514811827956611
-0.032204461581609 0.0563887280495869 -0.448171444654252 0.593094937899562
-0.0357061276563246 -0.0109756687977644 -0.469700741773239 0.501413439627916
0.0135620835090767 0.0187225964158835 -0.355117124743283 0.40394994596309
-0.0234797557576272 0.0810935678535751 -0.302025930932691 0.270684991808457
-0.0346859756740305 0.0723491380678838 0.335202941862699 -0.148902066364527
0.0152928819887698 0.024144542816474 0.35913769093181 -0.363052210172467
-0.00633704772378142 -0.0428277472139065 0.500848967624471 -0.400915942251416
-0.0480896968921264 0.0133331237388627 0.542753914926409 -0.599479855371955
0.000995918534624827 0.0412938740542444 0.391908266548709 -0.597061573563408
0.026877473060806 0.00456920105477241 0.226968629607646 -0.412993567299193
0.0324860879156339 -0.0338373220887274 0.113476269912361 -0.208508519342733
0.0351555449185067 -0.0200634287890008 -0.0314963229327834 -0.00811088150512272
0.0207258077302703 -0.0197151929505251 -0.144910193365712 0.146855671588743
0.0303723303117116 0.000835271371804261 -0.271441602274052 0.354251313743477
0.0201070942538432 0.0496442250607054 -0.386074456709924 0.494536011097802
-0.0458993009218229 0.0568239885413607 -0.514237257150612 0.559304445059605
-0.0373987814095882 -0.0232961845865011 -0.508811296778593 0.452362534778644
0.0209875555774148 0.0258160077037717 -0.370122949239703 0.388408327695128
-0.0343896861880869 0.0947092411871164 -0.313263204974888 0.250798613319455
-0.0273623475578456 0.071033920320688 0.323033666629028 -0.18684711441113
0.0173160185374645 0.0150313647762004 0.343512549075607 -0.361401931857281
-0.0139201078662827 -0.0432812117896161 0.473743114273274 -0.456400393829517
-0.0469724613015664 0.0205589245452773 0.467142594359228 -0.642201474174385
0.00427447495481863 0.0422855878334495 0.339947745253657 -0.606928835137933
0.0279341579227154 0.00226328292156621 0.216805734614145 -0.423618602812348
0.0318657917067836 -0.0355748346088953 0.117330171640267 -0.220543505392052
0.033822396678272 -0.0208086982878685 -0.021294166479142 -0.0208731739406106
0.0216915953544124 -0.0194798469950593 -0.136972716826382 0.131131238565507
0.0308761683538426 0.00434162205639781 -0.280030761129955 0.333313995500052
0.0145416147327128 0.0536076749792574 -0.425931398021014 0.47182872027077
-0.0533442717946451 0.0505847883086861 -0.580917807395514 0.514693180399306
-0.0313371606804299 -0.0293428881642206 -0.543978652940755 0.39522950165145
0.0207340661466636 0.0339321900460873 -0.383201563132202 0.374381334637887
-0.0457863381113828 0.0936060649459467 -0.324886431331182 0.226953872767212
-0.0163771983536996 0.056202723706618 0.309995946309635 -0.214546531331334
0.012348187320577 0.00566555243906942 0.331864266704532 -0.362209820686318
-0.0191084837748742 -0.0398688596595521 0.449305268195016 -0.505623807877555
-0.0388716324533352 0.0227589567500207 0.396788048888526 -0.670579449954106
0.00703727383353219 0.0375694299047285 0.298813021783766 -0.610092212745681
0.0235317934549882 -0.000137551608021896 0.207278296212884 -0.433267077856038
0.0275526784264661 -0.0340222338174403 0.121360207021169 -0.234288932416789
0.0289923936442744 -0.0169443119731419 -0.0136296911566845 -0.0328268674949543
0.017550719703207 -0.0162490908256267 -0.12867784128445 0.117002265029367
0.0262339591106923 0.00834791086312363 -0.285770618541137 0.316505770425506
0.00759203669172567 0.0520195438853265 -0.4624838160755 0.452067132189184
-0.052888052717314 0.0403025180029546 -0.638011776044016 0.467935158798026
-0.0223399991345399 -0.0283089456348098 -0.564411498045046 0.342124823569713
0.0143403295013375 0.0378645807803208 -0.394631373372686 0.368668421738839
-0.0511982043604139 0.0775171981629897 -0.335470870667852 0.205582999713439
0.0326778603455163 -0.0647921692311673 0.329295552287266 -0.0633454603884374
-0.03728696072776 -0.0311482190551893 0.411996518340867 -0.336732862051695
-0.00296880197384643 0.00760759984781582 0.545536957496787 -0.293799784765634
0.0201927509336125 -0.00441555763935162 0.676863832095139 -0.483919783091322
-0.00403631899352668 -0.0142835349280021 0.495995315143568 -0.547203093751038
-0.0182004999960681 -0.00191935414022713 0.266507220985249 -0.386495402886733
-0.0113068665963174 0.00157637890249226 0.107652702126385 -0.184659606417758
-0.00989314453563368 0.0328896559961094 -0.0464559756806441 0.00807670005207779
-0.0238412856488144 0.024031374515186 -0.15191135490889 0.172257944194432
-0.0189494556524268 0.00128042732739204 -0.232022527573047 0.391899342841504
0.000264210720488915 -0.00645914580989356 -0.278244838914845 0.546175601833065
0.0268329871592658 0.0104489379841001 -0.363595501858683 0.64155898003001
0.00373860331098441 0.0379923244422316 -0.408097530844871 0.559630746209359
-0.0346464902101802 -0.00218042915336293 -0.323579365087165 0.434300177863889
-0.00521611085407595 -0.0442288447113989 -0.287576421433326 0.305641619581441
0.0173716255398426 -0.0312789467961894 0.332527677919983 -0.0497140918102419
-0.0259800778766643 -0.0180775026812551 0.421160960757224 -0.343655612266166
-0.00371360081439542 -0.00242574342639953 0.542035409339794 -0.280431812664446
0.00466953080409613 -0.00105472207751846 0.696616002530127 -0.466446101344747
-0.00167700800966026 -0.00246455645410473 0.512738249463792 -0.543625808487222
-0.00831487874894351 -0.000791373135529695 0.267294125033717 -0.385461809538464
-0.00117287469237716 -0.00564742623601468 0.102771927069947 -0.179987937768548
0.00184106118023251 0.021511036093634 -0.0501702245227526 0.0144112541651038
-0.0129173971488 0.0147416965799802 -0.153994337737693 0.179503108036251
-0.00811444315253007 0.00163491032170671 -0.23351928239627 0.397194903622676
0.00538613522011727 0.00532494103789097 -0.272805296012012 0.549887254452294
0.0135221349680457 0.0214482420925258 -0.346053481137392 0.642815623129673
-0.00356973924314094 0.0278789750430631 -0.396149204838022 0.573034814729649
-0.022348559711236 0.00453857435284057 -0.323201574571253 0.436024087416297
-0.00898039233632764 -0.00828444416498122 -0.282346342860685 0.306992495896027
-0.00487639577421072 0.00196657985289045 0.337444208552856 -0.0521881756752411
-0.0155086814291063 -0.000428015746647028 0.420605145174584 -0.351437074496007
-0.00085748716426301 -0.0127818698401662 0.532480295807689 -0.286826769811498
-0.012258197599819 -0.00057409868756421 0.688909688882589 -0.473333350247793
-0.00284122076489839 0.0103820876840924 0.50792383543409 -0.553606313902064
0.00323311902623412 0.00251545716191569 0.261656337251623 -0.392738331867758
0.0102066812690982 -0.0146237639203895 0.101093903849773 -0.180991633114697
0.0131674083283442 0.00816213658229226 -0.0500460658547185 0.0161161619401052
-0.00192773350564396 0.00419607181337596 -0.155351609908695 0.181130826328861
0.00457937349469889 -0.000352670438601118 -0.237534145070174 0.397260853029359
0.0134879814076732 0.0178718492239559 -0.283373478528324 0.541776106887116
-0.00101754477921908 0.0359074555682314 -0.352817892240371 0.638160382383669
-0.0159024009801075 0.0165978838811311 -0.402052177705466 0.568899179893904
-0.00988242677425092 0.00921620747596454 -0.328193847299315 0.434998419618615
-0.0114595210535504 0.0268758531986917 -0.2855910616449 0.302244026683738
-0.0251502093323576 0.0339998252908537 0.341565886807281 -0.0751030263060283
-0.00432334048943188 0.0156397908113344 0.406174847949602 -0.359275605368722
0.00142168062620113 -0.0245833114730622 0.526350526737749 -0.312303917255989
-0.0285611857910965 0.000908208380935063 0.658901283317264 -0.503312156035971
-0.0031545735975063 0.023364064932086 0.481958689370778 -0.568636031567358
0.0137519469480947 0.00427222535505914 0.252125621094528 -0.396825632239416
0.0198127539006001 -0.0226265681984374 0.102033065959529 -0.186247514115735
0.0239832335113586 -0.00388204577157206 -0.0450187654024547 0.0125729901085628
0.00816315746891343 -0.00623672917967355 -0.152570064685746 0.175678667003941
0.0154800928692632 -0.00248679001881157 -0.246893156227752 0.391746056347205
0.0197409096731283 0.0299285068818991 -0.306580272259557 0.533956103445133
-0.0158347046781387 0.0487436899578526 -0.387715240539785 0.624283410288076
-0.0278880760631239 0.00416200546727863 -0.426183084772858 0.546880169314367
0.00243519450651398 0.0127125421033862 -0.339137712188574 0.426233718734264
-0.0146788588492304 0.0577005346278748 -0.292049871804158 0.2929175955536
-0.0351425513005232 0.0596065266499001 0.342099066339766 -0.111309457480295
0.00617215163969904 0.0252523606926506 0.384583813384706 -0.36560545810214
-0.000374131253771661 -0.035433441538724 0.515190853577387 -0.35620432096594
-0.0423701566525713 0.0060479259962166 0.609241076961475 -0.555371056758882
-0.00184304727982948 0.0345776878133873 0.437351124864062 -0.588086954107927
0.0219305756490655 0.00611496756013883 0.239005185955304 -0.407385676396265
0.027040613596805 -0.0287677756271744 0.106209117786911 -0.195877876974592
0.0308209037204904 -0.0143107768675233 -0.0393618547216179 0.0046396854335419
0.0167673514086878 -0.0147980184410367 -0.14966643615319 0.165200879024472
0.0250295705529669 -0.00155529502845601 -0.258418093907211 0.374636901219415
0.0220942927232204 0.0413625105336042 -0.341828841518772 0.518180829920036
-0.0329888803023025 0.0566356324171706 -0.444679645866384 0.599790413795677
-0.0369190856333996 -0.00965949278724572 -0.465844105663182 0.510805953580335
0.0136341647343791 0.0177607227357132 -0.352703396282669 0.409840625559286
-0.0222863390008673 0.0826836744656105 -0.301026244103493 0.275047222498941
-0.0342005323601508 0.0736965831175256 0.337226724305244 -0.154001901740853
0.0160067835340802 0.0246513532291376 0.358703023265104 -0.367978885716589
-0.00685932415407217 -0.0419480215074792 0.496728767761087 -0.408959142575571
-0.0482148464016491 0.0145052117780161 0.538429840092285 -0.608517661064575
0.00148896881121627 0.0409875372410586 0.383978984650001 -0.603727043760891
0.026293507498684 0.00432254098319978 0.223033228440528 -0.417220884663642
0.03153295362236 -0.0337495382132469 0.110498613153309 -0.209443795606854
0.0352958671774945 -0.0207498114553887 -0.030588940836004 -0.00760170660571287
0.0198473464002148 -0.0199118758521444 -0.14386714013523 0.15099642127496
0.0293982710977514 0.000464638130128678 -0.266867142095299 0.357827822148963
0.0208268120500722 0.049950079933057 -0.383253996163324 0.500713736268495
-0.0456774415898457 0.0570678660294772 -0.509020926089987 0.567502010204453
-0.0383637311795541 -0.021984201957875 -0.50572687557562 0.460403734876417
0.020537092388676 0.025730937719738 -0.366898697043888 0.393835675804352
-0.0334909783346829 0.095588445774956 -0.312143255970466 0.253806070916418
-0.0269312865516637 0.0713556096559051 0.324428799694514 -0.190497494830873
0.01730663532034 0.015390274947103 0.341871775611098 -0.367860304717847
-0.015115466533506 -0.0440736837367363 0.473117478990462 -0.465394204256085
-0.046861359236316 0.0215601568387623 0.461277602175072 -0.653291147030898
0.00516298931756206 0.0426358249152589 0.332873493294357 -0.612708860823983
0.0276469804495729 0.00231565414838647 0.212152063540219 -0.427649788785439
0.0309573202485246 -0.0347460229425587 0.11625939514352 -0.223925954603967
0.0342745418157395 -0.0226676457186145 -0.0216805492629978 -0.0209657096221038
0.0211875591178504 -0.0200874721840719 -0.136371941432419 0.133387416003672
0.0310610881075418 0.00420527862103398 -0.276800631736536 0.337785503462753
0.0151215718455881 0.0536840958928815 -0.423488011418467 0.480409373930117
-0.0533689401995446 0.0508401898444462 -0.577509436902012 0.522912343697168
-0.0318920059235027 -0.0287445022987057 -0.54206108749225 0.403297207421072
0.0205845863964934 0.0333268486141603 -0.381060723475169 0.380995833421426
-0.0439788578367084 0.0946042020587857 -0.324738363553159 0.231508762964736
-0.0165155561542851 0.0570209207020002 0.309893221340944 -0.220274725079546
0.0121287272164728 0.00514353900359206 0.329141666159467 -0.36894419051667
-0.0203189166733045 -0.039176491438592 0.444730237871212 -0.515018318565765
-0.0391864384205303 0.0243482890217725 0.390279523145804 -0.679094265855199
0.00700377900348679 0.0383555317787554 0.291719376671478 -0.617994958082001
0.0231908854822633 -0.00119422304101175 0.204980202149112 -0.436899171927082
0.0264660707639457 -0.0347278639888689 0.11917316607511 -0.236431857439813
0.0295972412868276 -0.0170216447540057 -0.012826976829039 -0.0336366060448583
0.01770290445261 -0.0158610965950174 -0.128175572711244 0.117550047473387
0.0265922187856741 0.0074719160205385 -0.282207600891999 0.321448792776319
0.00928316662655354 0.0511244405270083 -0.459198720999882 0.460287708550176
-0.0511812932512766 0.0410585221876071 -0.635673626120911 0.479737878027355
-0.0229612727225723 -0.0273240287391074 -0.562924058312787 0.351240292929706
0.0150445196762551 0.0382221929916405 -0.391992552047885 0.375230534743039
-0.0503052722795521 0.0787294459670937 -0.335597005488511 0.211897090467616
0.0321321364800206 -0.0661216105040694 0.330436110594935 -0.0672740348264697
-0.0373574562569729 -0.0303573156816055 0.409544724513914 -0.343162072065207
-0.0034926932965751 0.00818251532866184 0.542511870661947 -0.302553322843619
0.0207192601279304 -0.00530496044062056 0.671556161706625 -0.495836927164803
-0.00406526083018134 -0.0141927576724052 0.491175466919663 -0.55547999173939
-0.0184207357353587 -0.00268889986834649 0.261995615790895 -0.391014961492853
-0.0119623491182314 0.00240591288989351 0.105721199505175 -0.186491749318648
-0.00896094288180546 0.0333752802666441 -0.0456047387559112 0.0088451482391626
-0.0234802661135677 0.0255455569216982 -0.149289649683272 0.174912558993705
-0.0190889000000033 0.00162862571411089 -0.227679507719743 0.398320238987612
1.28338545480576E-05 -0.00687356211465913 -0.272827900092629 0.551215474242872
0.027614803900475 0.00915929207696948 -0.353823051717245 0.647081090778749
0.00393266440279326 0.0380882862623101 -0.400596776025847 0.567054316826563
-0.0345698532332421 -0.00186157167792825 -0.318076690931988 0.440038848621943
-0.00585307094361366 -0.0441093379536806 -0.284291956695242 0.310063596279813
0.0174003257316669 -0.032103626054064 0.335059340670944 -0.0521965850480785
-0.0266493818467663 -0.0177327600125788 0.420490936238135 -0.34993666986311
-0.00357707766913191 -0.00258767706428534 0.538672954533844 -0.289312228553637
0.0045627073660302 -0.0018763968580625 0.690077867784745 -0.476669347926699
-0.00237767540770674 -0.00357615802783781 0.505948340570617 -0.553087025395567
-0.00864990445588802 -0.00101359923410204 0.262149629451667 -0.390250762029001
-0.00161721114226595 -0.00660829513103961 0.100860668305995 -0.182094529612073
0.00161583458299365 0.021507602338183 -0.0487803065718421 0.0169789192461027
-0.0130904952787045 0.015004990302991 -0.152763484752332 0.181946960124799
-0.00739471213976358 0.00119086958301707 -0.2277558145984 0.402215476802545
0.00673684165057199 0.00433533451358173 -0.26536151649383 0.552002840195972
0.0139861949516929 0.021319701375964 -0.335561647973767 0.649807155009078
-0.00342035133653326 0.0276393762967987 -0.389339984338323 0.579629102899181
-0.0219288554519809 0.00443482810221954 -0.320047393671071 0.442553487040268
-0.00912894693479551 -0.0079113618532311 -0.279252608104193 0.311637793244312
-0.00455025037094876 0.00252037747041803 0.340790354908203 -0.0564740049605115
-0.0158093821681234 0.000467910635487547 0.418209875509558 -0.35712026354624
-0.000856436569481155 -0.0130565697984475 0.531821510440334 -0.295969984288922
-0.0126131315180714 -0.000350869702150223 0.685780241267524 -0.483937225566378
-0.00248004229961802 0.00992441839529445 0.501199938718407 -0.562288253019917
0.00238852831375172 0.00219005879738851 0.256755644823867 -0.395281073502904
0.00943878005440012 -0.0140941300057469 0.0987931525027047 -0.18339302109829
0.0134209726708653 0.00766604243233748 -0.0489295189137343 0.0177329754608403
-0.00168050711479572 0.00374575378578046 -0.153398376057653 0.183606275441182
0.00323799697235393 -0.00118581936391414 -0.23364852613148 0.4036241378314
0.0140417603209573 0.0175796082103964 -0.276789864260829 0.546426188712379
-0.00142819503096191 0.0350842939885226 -0.345729933696752 0.644040920705087
-0.0159539553846842 0.0160934326688668 -0.396092618345345 0.576196718313121
-0.00932240440874859 0.00953091808431288 -0.324906413839479 0.439352566367087
-0.0110371145696604 0.0267781199251958 -0.281866726205142 0.30682976038542
-0.0238421985404739 0.0348764104365494 0.343368176788161 -0.0794799122046215
-0.0045769566988753 0.0167186261150386 0.403590378044162 -0.365729196645526
0.00110652219787806 -0.0234019423583557 0.523062309043458 -0.320142043463248
-0.0293909674600517 0.00152893960496673 0.653618237213913 -0.514128336601269
-0.003151655202863 0.0221439448302802 0.476235481032572 -0.577762639142447
0.0132154841847776 0.0047186647927096 0.248033244991484 -0.401475268837826
0.0191575050850387 -0.0228286121261766 0.100897661648475 -0.188299153316285
0.0238973237148763 -0.00485299675377861 -0.0454290886751067 0.0140079739178693
0.00737562609225908 -0.00644044104867153 -0.151328711831779 0.177620172257557
0.0148751981896791 -0.00251819657381656 -0.239903075006247 0.394645603688252
0.0196509571695404 0.0293042776262922 -0.300049824914653 0.537656557011521
-0.0157825013767473 0.0487322962495785 -0.379752322034559 0.63200257186512
-0.0289180577858094 0.00390579017450465 -0.420251450469396 0.555854372329497
0.00269842949250237 0.0125376226250499 -0.335817597855828 0.43014764358065
-0.0146618206274019 0.0575313148714617 -0.289546196985544 0.297613389641837
-0.0348038780989643 0.0613354181043242 0.34410650613664 -0.115259620401344
0.00677299641429405 0.0263162763921672 0.381278126793351 -0.373730183870376
-0.000399240338745642 -0.0348012205392904 0.510941305221624 -0.363106800960932
-0.042198921854587 0.00574985030135153 0.600910063006771 -0.563944633302604
-0.00112014808889862 0.03396027023928 0.430087722076468 -0.596316360522376
0.0218365598685883 0.00527644453099826 0.234237069417974 -0.410714716481559
0.0272295687065384 -0.0288553148981307 0.104250705270706 -0.197647760125625
0.031424491771888 -0.0154347337648944 -0.0384014620891859 0.0058949950729407
0.0164249956025351 -0.0150086784084707 -0.147978457514156 0.166754934529876
0.0247515337617748 -0.00153954171313033 -0.25304236855124 0.37868877300306
0.0241277389189488 0.0406020718495835 -0.336223148044965 0.524053415649029
-0.0310703340895073 0.0573086359010676 -0.435958322572906 0.60941751528014
-0.0381176600080256 -0.00970536495625537 -0.459746645858698 0.518158074794794
0.0127957618905267 0.0180628301566149 -0.348441255091648 0.417927251889668
-0.0211374289316431 0.0833518822649121 -0.299084788110564 0.28086612323941
-0.0334768242783789 0.0739846834118244 0.337017036089854 -0.157133306925233
0.0158105178663165 0.0248621169385482 0.355815501271043 -0.37645920446882
-0.00837924245819901 -0.0423176983097214 0.494126386321064 -0.417327874791366
-0.0494048798128724 0.0142959645886461 0.530767500266416 -0.618353716690271
0.00205516514623011 0.041800269609442 0.375527286722158 -0.610014295289036
0.027080893125192 0.00413291458444394 0.218401115996638 -0.421688881548237
0.0313866955250311 -0.0347851995061263 0.10854615488757 -0.211191215958371
0.0353742133951587 -0.0216510241442573 -0.0303408486909375 -0.0062123024242655
0.0205581237703321 -0.0204474114650594 -0.143244385579823 0.152114080918347
0.0296165339428135 6.21441813473485E-05 -0.262892321556248 0.363628232209733
0.0213806079115651 0.0496947401465239 -0.377981341755726 0.507054762918559
-0.0447739766561731 0.0582969745171245 -0.5046206090193 0.575924761891783
-0.0383094842377171 -0.0216074038507352 -0.502908068354103 0.469984899190829
0.0202177643404135 0.0248097351890133 -0.364602434311282 0.400797179374661
-0.0325126810620359 0.0966266866449567 -0.309524601771946 0.261214315062782
-0.0254401600941704 0.0731064767957492 0.323679352812178 -0.196488654237396
0.0179969128339487 0.015630383362625 0.336759361588379 -0.374249940830182
-0.0154483578664768 -0.0440232308874238 0.469054173298577 -0.474423451373123
-0.0483296418872164 0.021844363124896 0.454325042976827 -0.66094096911389
0.00548775537491699 0.0425877926110259 0.325121116617079 -0.620432774730184
0.0274799924247408 0.00197604942881358 0.20911514656081 -0.429775963697697
0.0308775807562028 -0.0371265846297357 0.114002043413068 -0.225870495294635
0.0348293201825118 -0.0228347247227828 -0.0218011375900902 -0.0195111482001967
0.0207537180303273 -0.0198899550523337 -0.135324289196784 0.135135390852194
0.0310153407048785 0.00408622121206755 -0.273103624962218 0.343528854640966
0.0160116865994111 0.0531625157964534 -0.417612072469966 0.486084189567938
-0.0521810031243306 0.0515115729244162 -0.5715327495821 0.534133019128364
-0.0332220691826773 -0.029578654418296 -0.538463051708014 0.412487644843762
0.0211131763163821 0.0340075269695125 -0.378104566849798 0.388410280889449
-0.0438959090491835 0.0959567637422804 -0.321641145490328 0.236649577590093
-0.0152540529617 0.0566097887653749 0.309631771324564 -0.224927021651923
0.0128889392466873 0.00580329541460603 0.326987328214791 -0.374736411267485
-0.0213537963951488 -0.0391762611956958 0.440329549639611 -0.522416056006305
-0.0389434728394244 0.0249006410836143 0.382033688586602 -0.688433483240699
0.00864608563071869 0.037908299275583 0.284459234094819 -0.62359138213435
0.0230338751094743 -0.00157313894921068 0.198588621848258 -0.440046904073468
0.0263675535806578 -0.0335307232726323 0.117275086026054 -0.238162988212718
0.0285890036345193 -0.0184852657612875 -0.0134670938221594 -0.0328799877731347
0.0166983639276706 -0.0157917736758943 -0.127513927213791 0.120781039703493
0.0262432049290711 0.00776569751268565 -0.278225456335101 0.325391692437813
0.00961898634091174 0.051321596420533 -0.455706487886463 0.467137395706516
-0.0513057801677419 0.0413114984223236 -0.631522462667857 0.489322326112188
-0.0234353678037591 -0.0273088414394241 -0.561230794204497 0.359665628537373
0.015398838253062 0.0379806401190545 -0.388652474661676 0.382387366842861
-0.0489863609380067 0.0797685482677957 -0.333937472403355 0.215831518903792
0.0315534356838338 -0.0663276462199736 0.331573793497097 -0.0720084264584373
-0.0376509687665784 -0.0298318101920486 0.406033623146694 -0.349584791411273
-0.00299607298311381 0.00838055613577869 0.538528517202394 -0.314108823069852
0.0193723962177406 -0.00538751577820874 0.66569140337552 -0.503689032401763
-0.00421670664320468 -0.0145266042128208 0.48112154940964 -0.561695015550794
-0.0189946057241534 -0.00216359551025938 0.256835317441302 -0.395100871898694
-0.0121461105609452 0.0026615479995654 0.103976995119636 -0.187292971397681
-0.00828670083110134 0.0339087997660524 -0.0452662510853755 0.0108019326037275
-0.0230158766628858 0.025976346704159 -0.147081667358298 0.177454635821245
-0.0196212077265965 0.00193255576857674 -0.223606548504754 0.400887456708648
-8.66866447938926E-05 -0.00708260998755285 -0.262799193080125 0.554209159725465
0.0275331957596638 0.00996790795901907 -0.344624558121097 0.653437093224417
0.00398162842425319 0.0386267755669367 -0.394357267528019 0.574878508054002
-0.0351449483865966 -0.000943394286154727 -0.313456312973297 0.444591855532289
-0.00663331353641711 -0.0444010162467078 -0.280747923149667 0.314492138756622
0.0167877277889003 -0.0327807704479165 0.336032933090017 -0.0559544120044117
-0.0268546347313252 -0.0172606504342747 0.416161443845962 -0.355715521733525
-0.00355324234812553 -0.00166832958502967 0.535997536549974 -0.297417533703798
0.00423005592487094 -0.001717817476054 0.683059487568141 -0.486643860940745
-0.00304845925805596 -0.00394340426396103 0.500191860459182 -0.560117149016521
-0.00852892615306669 0.00025586368804735 0.256094986168949 -0.393056865243343
-0.00199539438568593 -0.0053781949970067 0.0991826879469799 -0.183390114190029
0.00299741887085003 0.0210556562497833 -0.0490507194910903 0.018375677348218
-0.0132226955047065 0.0158481307427536 -0.149953584477942 0.18430778115314
-0.00832150720811432 0.00110244467385899 -0.22193594486137 0.405416296080702
0.00659673366551303 0.00385125415131153 -0.258292876314043 0.554315584057272
0.01482592442397 0.0209166535455258 -0.326344535364563 0.65444712259799
-0.00317655790792943 0.0284816219644226 -0.382523716641051 0.586213714587195
-0.0227225585758846 0.00449439364833058 -0.312554996014461 0.447216159532043
-0.009066620572077 -0.00828061795421791 -0.276811409518269 0.315758867086831
-0.00437731450557095 0.00240936327592029 0.340147791219597 -0.0612255107898743
-0.015812815366601 0.00122564409188105 0.415868467527611 -0.363424365071429
-0.00129416381733586 -0.0123974900334016 0.52793067449312 -0.303179213685281
-0.0137450107474025 -0.000428322818815456 0.677711051549574 -0.494497446076429
-0.00242336865947527 0.00917536580267252 0.494267518399143 -0.568383315774593
0.00207158372111233 0.00129727868135357 0.252118238341337 -0.399310574600021
0.00888228627788989 -0.0141815617686149 0.0980383549699885 -0.183451448338845
0.0139086409218607 0.0079502685009283 -0.0495296387901034 0.0194346209809095
-0.00157379465047935 0.00497549953508463 -0.150644170994335 0.1861830171615
0.00277155224228194 -0.000567135717479476 -0.227590805276639 0.406171279288123
0.014072827274524 0.0165298667336266 -0.270190724180833 0.551101035778504
-0.00032518412744942 0.0354577894438867 -0.336967083633063 0.64971740646185
-0.0157528941011663 0.0170365168569128 -0.387217042370112 0.582443028775355
-0.00939304517486618 0.00990910763203061 -0.317665920507467 0.445224171688401
-0.0107873404684243 0.0276227908784813 -0.278172932366335 0.311614615371436
-0.0238152811110298 0.0349518842725109 0.343917869643219 -0.0822467128764047
-0.00421596385094731 0.0168465866297347 0.401384508347626 -0.371368066696512
0.000200258072558722 -0.0240216947045928 0.519191530541784 -0.328763319396308
-0.0295667875596806 0.00133073527102338 0.647897488037265 -0.524408927178627
-0.00265723318096822 0.0224941696078346 0.466258929776677 -0.585281451017133
0.0137158683681886 0.00422295518448172 0.241792560608929 -0.405478890212226
0.0189781974491451 -0.0233559334099907 0.0976831193735054 -0.189138841210578
0.0237891122360214 -0.00536716602815139 -0.0453620351595221 0.0153321496275983
0.00801630602254118 -0.00727546999785241 -0.148443491812735 0.18235864014055
0.0152784864496091 -0.00249540936157423 -0.234963916311272 0.397058813081644
0.0204750795054081 0.0281931885693592 -0.292888429616286 0.543207056547209
-0.0149553603055595 0.049411224465526 -0.371147360744067 0.637681087734326
-0.028742028320266 0.00461456065125023 -0.413623258545009 0.56226415035991
0.00260811226810604 0.0134361319098721 -0.328286157313934 0.435462534402962
-0.0137702102405858 0.0591822379374782 -0.285274712117865 0.301627335160352
-0.0336125267875156 0.0609100842299541 0.343817694290098 -0.120315394954402
0.00774451697213724 0.0263020848372884 0.376359827056811 -0.377023715761632
-0.00217170619927982 -0.0341793609101802 0.505609739891527 -0.37157447073901
-0.0422091299778529 0.00711666840778184 0.595465921374429 -0.574681568006729
-0.00180061611518077 0.0343422609241158 0.421980244471166 -0.602418678102925
0.0214017858686235 0.00546157123884484 0.230082974314033 -0.414731750654518
0.0262718530913401 -0.0295740533505806 0.101001500788748 -0.199899912405031
0.0312643280789401 -0.0158436898183582 -0.0389852320936014 0.00612076382017845
0.0161233632106588 -0.0148470293760162 -0.144397798329203 0.169411060363153
0.0248278411310317 -0.00325516477565353 -0.248012498978803 0.381791654333333
0.0243535870883219 0.0398898474151281 -0.32741753106599 0.529652404073071
-0.0296484648745195 0.0576199403409613 -0.428655540807272 0.614386609753878
-0.037339183271811 -0.00959636196402239 -0.453729945695592 0.525878202169177
0.0130862343534001 0.0185298205476245 -0.342018288539726 0.423154927841901
-0.0212007992898961 0.0833679761267691 -0.294435689574786 0.284677606211722
-0.0321982670277422 0.0746302305147267 0.335766633049955 -0.162402461976192
0.016145089420839 0.0248178175489151 0.350369841964294 -0.380386617972014
-0.00881658829193642 -0.04256704313881 0.488291995748261 -0.424259659968765
-0.0487750654543747 0.0147484668424076 0.523071300754776 -0.626056872052583
0.00313433593576642 0.0414829267875058 0.368966033206434 -0.615353029151504
0.0270380023090186 0.00402294960756125 0.2134410732313 -0.424478531615787
0.029123843790443 -0.0345726860815268 0.106364744102442 -0.212565271261161
0.0361757203605312 -0.0220216092845582 -0.0306086760386746 -0.00525291198140237
0.0198140530047826 -0.0199571187799807 -0.139743977046347 0.154606317790404
0.0295356560780631 0.00054180066436412 -0.257275602421578 0.365231307320681
0.0216252926667095 0.0485010870231287 -0.371338339430344 0.513617428332973
-0.0434038368348408 0.0579940339456241 -0.496261245982655 0.584394930796789
-0.0396954614314076 -0.0216281363537834 -0.496615189350364 0.476785641717424
0.02035050539083 0.0261707466768916 -0.358558676155407 0.40640215313844
-0.031360035343962 0.0965566278371642 -0.306364671322585 0.264878196362495
-0.0252801878906515 0.0737102392852505 0.324202606525275 -0.200203161626877
0.0185018588468076 0.0162008113420747 0.333364921769409 -0.378633247199973
-0.0164207104921328 -0.0437018306444108 0.461807505690875 -0.480470083924872
-0.0480123585166625 0.0217420554861434 0.443702416327966 -0.666133400140314
0.00694976124325996 0.0424244241560105 0.314998688183048 -0.62704511496213
0.0269352258467259 0.000825147747430786 0.201664042111262 -0.433066026546588
0.0292693616119237 -0.0372487257984193 0.110823069514108 -0.227000478737511
0.0349439626624054 -0.024004613944748 -0.0221428840261146 -0.019167810211663
0.020837869413876 -0.0203721133514241 -0.1334062760794 0.137287823676088
0.0305735134838137 0.0039960610440294 -0.267208284905592 0.346622842106227
0.0167021996430902 0.0530993602462259 -0.411460189784232 0.491757041394835
-0.0509281158425269 0.0522203877253761 -0.561889433791056 0.542037062856764
-0.0339747499313919 -0.0275643530450235 -0.534724293960344 0.421527446214015
0.0213683843751824 0.0328183217499754 -0.37317630348937 0.393243791854128
-0.042623691071859 0.096251330431059 -0.318336370182097 0.24239657483874
-0.0145713717091117 0.0576224814299685 0.306497804623484 -0.229787850821021
0.0127482273474025 0.00582426547773768 0.321594202946418 -0.380015495811634
-0.0220953311413045 -0.0390062165522363 0.43157397476468 -0.529674708786111
-0.0394699706002091 0.0256652890312355 0.37237838140452 -0.694988133775212
0.00823153627320376 0.0380483773457526 0.274144112551928 -0.627585041586131
0.0230555842620612 -0.00177759449631507 0.19288052986288 -0.443271233901293
0.0243973944798832 -0.0345095626613075 0.114469524863842 -0.239868804848298
0.0293014749042408 -0.0191018063789415 -0.0147223064147908 -0.031878398489526
0.0171975385753914 -0.0152636441120955 -0.125519524491591 0.122167614629349
0.0258137544900529 0.00696398606662601 -0.275777320500863 0.330444056362982
0.0101753939050554 0.0508424160568938 -0.449952426236181 0.472808586138058
-0.0506281414638685 0.0420316053588758 -0.624816657753329 0.498931600060638
-0.0236812560333763 -0.0271476363988266 -0.556840353517796 0.369757811592335
0.0159565145616355 0.0385722211479669 -0.384645240350331 0.389086842025865
-0.0475131219904349 0.0800828819397797 -0.330677785417037 0.220298245731122
0.0313451184059936 -0.0672660870028028 0.330588712343811 -0.0756876530386269
-0.0378820789077716 -0.0283004255461696 0.400434989511504 -0.355501351955712
-0.00270477090716807 0.00913351771285073 0.533895127586932 -0.31913200453729
0.0198636830181049 -0.00593318051250309 0.656871098122835 -0.512297261607602
-0.00445386800529866 -0.0149952871481786 0.472936958484575 -0.568958814603788
-0.0192920918492728 -0.00260420303951798 0.250635531661611 -0.397413590385412
-0.0121290631325712 0.00209764506541744 0.10144860719875 -0.187992849670251
-0.0072766604082446 0.0339036051169925 -0.0448778453629075 0.0113829236911693
-0.0233125682063071 0.027023915911161 -0.144542395365349 0.178622353014178
-0.0198058581781707 0.00308757506531507 -0.21571575756934 0.403176404184597
-3.87850684223845E-05 -0.00780673391342562 -0.255623798303933 0.556780116506496
0.0284803275683257 0.00973364650389588 -0.333420340096551 0.655662522630455
0.0042382372090866 0.0389435237626313 -0.384968359736874 0.579997753080031
-0.0347024401676752 -0.000366843007940477 -0.305623813855408 0.448843050500576
-0.0075576729944947 -0.0429445177206974 -0.276281112225779 0.318040469897443
0.0165724352645061 -0.032536045959063 0.335387311414221 -0.0615300062133618
-0.0264588625111687 -0.0164585659303996 0.411340035770668 -0.362506147965252
-0.00457904643916779 -0.00174834680851189 0.530271108776371 -0.302844664928348
0.00380261281335766 -0.00197633871599397 0.676763666023936 -0.495659005887238
-0.00248044062473526 -0.0034252883266185 0.488952924820539 -0.566857154621744
-0.00868119635478884 -0.00101730535712881 0.24962793215432 -0.395475717328087
-0.00320445960812857 -0.00467092293088026 0.0968608303017792 -0.183417948426424
0.00332921888633476 0.0212507690688783 -0.0482067529406046 0.0182344615513917
-0.0129442379318362 0.0175772113216122 -0.147154102759766 0.18649708769934
-0.00936411360986822 0.00142296525812248 -0.215926106854452 0.409022704517661
0.00587531343429003 0.00387186846508498 -0.248526817512417 0.557271843976371
0.0146796092756065 0.0202538232676858 -0.315904635648024 0.655631154897327
-0.00336916448491989 0.0288501873119385 -0.372333294346831 0.590920128719407
-0.0220208610911095 0.00585108477817725 -0.306785359244783 0.451521593544122
-0.0086329352782668 -0.00760170282217169 -0.271118616684052 0.318378243447908
-0.00374859762153691 0.00235798203116131 0.339719861845666 -0.064554013225421
-0.0152613787936711 0.000957747690857726 0.408700514629306 -0.36990913692458
-0.00230604721493225 -0.0134512256266778 0.51977603469576 -0.310305785426612
-0.0141365527298462 -0.000366207926733384 0.670165719575452 -0.50447004684743
-0.00268385042674107 0.00948502707609571 0.482667410374947 -0.576597663854775
0.00219350956669372 0.00174880250816254 0.24604616846394 -0.402535270541364
0.00834628991761738 -0.0132213398885429 0.0951140698128027 -0.184487900271906
0.0140738507856658 0.00686221319669153 -0.0479495601619306 0.0208681483004207
-0.00183955765563869 0.00502518066024956 -0.147190842930961 0.187837410845236
0.00345448453847564 -0.000598384128002713 -0.220972640614464 0.407657535923692
0.0142420707748595 0.0152018334374075 -0.260997006007449 0.553836907623072
0.00102548472125079 0.0346188539389877 -0.324679367227088 0.653061208139644
-0.0159650612914003 0.0174779996639391 -0.377387869441668 0.589004551776757
-0.0101324920523691 0.0103259975964394 -0.311469099796982 0.449112233972834
-0.0110877484730516 0.0265549252838015 -0.273410984115949 0.314952076317574
-0.0236240942962372 0.0349791170124409 0.344340459421969 -0.0878391262817139
-0.00395399640139075 0.0172408862508182 0.39684884663155 -0.376348636001007
-0.000300845534751535 -0.024252278521617 0.512940130663549 -0.335707340184491
-0.0293447691902616 0.00246150074839634 0.63888418526456 -0.533843378898839
-0.00294575606154957 0.022474948452826 0.45639759577154 -0.590820287636675
0.0126879171433228 0.00406409223541231 0.234867966325678 -0.408453125871451
0.0173660806062522 -0.0219493997284581 0.0958281557591362 -0.189825013067804
0.0243182081824336 -0.00602207001209403 -0.043250518642709 0.0163590023539629
0.00781255699797275 -0.00633381124697163 -0.145759480049312 0.182495310764692
0.0149678329104702 -0.00194907977847033 -0.229843607998126 0.400781823531597
0.0206672547006317 0.028456404013528 -0.283991985581409 0.543873202749471
-0.0132333508712513 0.0485251750794529 -0.36016921812265 0.642514667321821
-0.0282704360327382 0.00500571042003268 -0.402806220035894 0.569190025796331
0.00230593583728448 0.0128758314088471 -0.323436948912662 0.441147110439394
-0.0133919237157723 0.0585186236968077 -0.279634834656022 0.30521991603592
-0.0330974225541099 0.0611064978187208 0.34394957114432 -0.124235144242272
0.0079363448391135 0.0259530361346399 0.370864326779622 -0.382744567734378
-0.00236868182578149 -0.0351194074834312 0.500024300456771 -0.378631957373288
-0.0424174733267407 0.00736911874125614 0.583266168249725 -0.581406228759333
-0.00063918574733555 0.0337396078918753 0.408391487130796 -0.607254784039139
0.0212010120260397 0.0045092050485634 0.222296691725493 -0.416916503359427
0.0255056026075194 -0.0299680137900097 0.0982772722310534 -0.200390864936526
0.0313081723403254 -0.0168719487266632 -0.0376616025581849 0.00799722471725895
0.0151710152055676 -0.0152862114934673 -0.14278835474373 0.171106116512275
0.0234088385732059 -0.00304593851732431 -0.241721194300527 0.384203761246264
0.0244956380882901 0.0390698861552428 -0.320192308300573 0.532909409477838
-0.0297758132132456 0.0575723242904461 -0.418277509797554 0.618224124058941
-0.0384389325727183 -0.00934765140767389 -0.44430502356496 0.533111514547555
0.0132140427190767 0.0186766123645047 -0.336573385084073 0.428034325917327
-0.0199723069082738 0.0827143490279758 -0.290567147299817 0.288479577191696
-0.0313859510361658 0.0751554182472076 0.334745207667871 -0.166552725119006
0.0164128041043822 0.0253902057774331 0.345775027437943 -0.384453525118445
-0.00900680824022386 -0.0420210557067754 0.482366386112453 -0.430033031345379
-0.0497212854559695 0.0148387341984796 0.511601289803434 -0.634436061030007
0.0028613306249334 0.0411959433892983 0.356722840160116 -0.621123800190279
0.0265535195190805 0.00357874799388735 0.207048368001683 -0.426251624207796
0.0291693902722264 -0.0349783492955897 0.103052815419382 -0.214011474422813
0.0354559785405772 -0.0233113282320324 -0.029792939763722 -0.00445346790096622
0.0202014326201583 -0.0204815049132151 -0.137160685625924 0.156173400129319
0.0292454083139896 4.91398898352089E-05 -0.251814217531463 0.369039142471507
0.0232724737976122 0.0481360811469505 -0.363200710107901 0.516084565294131
-0.0425354926385622 0.0585670182068639 -0.484001309362217 0.590483247157261
-0.0404539451412138 -0.0210230540885438 -0.489027152393025 0.484821109778139
0.0203275430964802 0.0256524181872564 -0.352361162928018 0.411000284868709
-0.0300538108749401 0.0975619178375369 -0.302326770162969 0.268793641917806
-0.022827900541135 0.0732351087751343 0.319551263376808 -0.204840747196013
0.0192107305855859 0.0161601864890263 0.326887688398286 -0.383120556340134
-0.0186847199986547 -0.0428808979876135 0.454164899961789 -0.487045135525046
-0.0482220204442654 0.0224483894891587 0.433057054258253 -0.672140307906291
0.00679865811047826 0.0425498280099573 0.305890125420477 -0.628798400444986
0.0267051838815257 0.000522102831371874 0.195312131064958 -0.435850211779651
0.0286286012081499 -0.0368492326142238 0.107244909749354 -0.227758565279515
0.034446806140655 -0.0239736678658274 -0.0212116322245022 -0.0177409901822106
0.0199037700175626 -0.0190566494045415 -0.130170006118994 0.138703322243821
0.0305833614044513 0.00391951745199093 -0.261248598986213 0.348805703389417
0.0177347079608577 0.0526555066837658 -0.404527887827517 0.497948342748288
-0.0507840143197798 0.0523600753894151 -0.55596191368392 0.549683093672495
-0.0346559342745746 -0.0273076761325371 -0.526887010301614 0.431369942538752
0.0215907990419335 0.0331331353027185 -0.366975894798083 0.399343898220775
-0.04175985035434 0.0956400678733876 -0.315245688803476 0.246571941510515
-0.0142443995672223 0.0567684326210683 0.305259853490597 -0.232389652968879
0.0130926066018762 0.0066309900790098 0.318107321802899 -0.383280547900087
-0.0226933490403148 -0.0382020601469606 0.423069553120186 -0.536472230737704
-0.0394464851142649 0.0256443937403596 0.361004514722099 -0.69835707959327
0.00945487137539552 0.0377643220254629 0.262084100681708 -0.630940216262321
0.022858167002996 -0.00233703826653427 0.185306043896059 -0.446256098407783
0.0244694293539426 -0.0348055572030485 0.110110147624431 -0.24159714557965
0.0299545602795173 -0.0181748473104638 -0.0128316193112508 -0.0315758599648654
0.0165204558326261 -0.0155227529554585 -0.122983311031358 0.124062743737292
0.0254562525783353 0.00739127974822219 -0.268399035661209 0.332929071017121
0.0106603387511135 0.0499689714377164 -0.441736150913761 0.479834708312608
-0.0501817669862581 0.0423266413431735 -0.61542287008394 0.505868352664829
-0.0251055126860349 -0.0253441433146686 -0.551443806078412 0.379214328511271
0.0157338690226888 0.0383989131658871 -0.376534066500868 0.394501028657665
-0.0462989133501105 0.0815494842334954 -0.327515385963932 0.223202418900185
0.0306695032799801 -0.0666993136835091 0.329631054322753 -0.0800436190002924
-0.037641775436899 -0.027962921252714 0.394667848453597 -0.359264676911266
-0.00329591961448595 0.00958471487822744 0.527438104873215 -0.326581722227326
0.017740487106169 -0.00585360224036761 0.64743586214816 -0.520720047327914
-0.00429846658448457 -0.0149170942757524 0.463069386431532 -0.571601250183882
-0.0200597879414579 -0.00199902107384897 0.24471423957099 -0.397198953109825
-0.012187634930796 0.00252268602862448 0.0980408109564051 -0.188450390716516
-0.00514799066910168 0.0334504805863196 -0.0444513074672481 0.0120872792279171
-0.0225817355453777 0.0281440070323779 -0.142210251642841 0.180360816975311
-0.0202731833976364 0.00317846782655359 -0.208533851548468 0.404301847376922
-0.000438287690474097 -0.00826606987469619 -0.245752941207978 0.556441423582184
0.0287255177841441 0.00768144732293523 -0.322391197373159 0.658522651746135
0.0046535599653925 0.0388734720547477 -0.374787083012667 0.584506664504566
-0.0357692266577123 0.000747319412676091 -0.297722115449989 0.450577072529698
-0.00761595217749245 -0.0423188277729194 -0.270684125155297 0.320192058072948
0.0159639160892082 -0.0334387893343956 0.334143671905907 -0.0650150172247449
-0.0264927313053243 -0.015598989877382 0.404835691305311 -0.365642945882114
-0.00379910178092523 -0.00178780785722173 0.522977238212637 -0.311187600820562
0.00305173372882788 -0.00216564685034462 0.665796976364017 -0.503541980807818
-0.00261896142349919 -0.00365651447675733 0.478793739265282 -0.572466693289265
-0.00959062942377457 -0.000446037260428247 0.244813829105354 -0.39824430192651
-0.00347130538980759 -0.00486796383828613 0.093289895156291 -0.183435412136002
0.00431777739433882 0.0211720006325044 -0.0467023528893652 0.0202569962184121
-0.0126789725610754 0.0170234743661876 -0.142981428908115 0.186968249013856
-0.00975386371807116 0.00185955482097491 -0.20877090764951 0.409306831906308
0.00629091787805394 0.00310280530164617 -0.239657435189563 0.5572973387634
0.0159754702651908 0.0200383018929244 -0.306411298118656 0.658326811766647
-0.00329053326451851 0.0286295489766151 -0.360846100763333 0.593404319242047
-0.0219389293603318 0.00572188020987846 -0.297257275427254 0.452397282590886
-0.00959208939049253 -0.00782705815579593 -0.266533426183555 0.321744866994291
-0.00401060596245316 0.00207667267709293 0.338780105326325 -0.0686612514144366
-0.0140144355561715 0.0017914234660283 0.4040827784222 -0.373777157991028
-0.00251475021935151 -0.0125099358162066 0.5145203181562 -0.317401895696437
-0.0138770203532682 -0.000372274080827694 0.659319215555276 -0.512172981002807
-0.0019002050554229 0.00941824507761553 0.473272903285256 -0.579451946136183
0.00153400234152596 0.00202436533450977 0.23929028700362 -0.402030642573416
0.00859678577345965 -0.0145578274591889 0.0918316089884103 -0.184322623907107
0.0151972808350225 0.00645891733719967 -0.0467403905144851 0.0211502683807111
-0.00237774486826147 0.00519332618612748 -0.14385926575665 0.189694711457154
0.00311335799905816 -0.000150804780053781 -0.21563751848839 0.409641310652665
0.0137199415389951 0.0148601881463079 -0.252349728489364 0.553601741718654
0.00141710706258987 0.034426486191412 -0.315019473178114 0.652731825144925
-0.0159167962973717 0.0176919887592971 -0.367346950748393 0.590815012427138
-0.00974765193837126 0.0107683536135823 -0.302919320336596 0.451217207186974
-0.00969788766824641 0.0269145450319174 -0.267877507263585 0.317757783607533
-0.0230104446005824 0.0352693310992051 0.34244990699786 -0.0917595786312588
-0.00364997160848628 0.0172931098447737 0.389149530606112 -0.380394381691253
-0.000813994364989924 -0.023590094942254 0.505138984337732 -0.341325672055826
-0.0302277720315234 0.00184496603689415 0.629971633787772 -0.540188363535108
-0.00196942606059087 0.0218730259531862 0.446243491437619 -0.594186253669735
0.0122510829003133 0.00412156067829934 0.228909320082606 -0.40827729496698
0.0166868939930024 -0.0223289600449619 0.0920542147399769 -0.190009166892013
0.0246390831133317 -0.00648464178026211 -0.0437029430673127 0.0171305492271461
0.0075083644659385 -0.0059048610591655 -0.142647600914259 0.182693237422678
0.0140706887150175 -0.00286845650282366 -0.223080149834239 0.401548781119988
0.0216011431769171 0.0270890331268129 -0.278388991444516 0.547348764701109
-0.0130295858637547 0.0493699476493605 -0.350525253933448 0.643262411861074
-0.0285559525852416 0.00604209715924433 -0.393076650243148 0.573198171264839
0.00270818007164696 0.0139860245934752 -0.315348398459089 0.442723763727471
-0.0123725802600115 0.0583825040914266 -0.273872004526117 0.307355405959513
-0.0319666061381551 0.0613679028259739 0.3408381914853 -0.127979234050683
0.00857154602738887 0.0267280584045016 0.364279324336306 -0.387360701128756
-0.00285916707375584 -0.0339333853971756 0.491865866181755 -0.384544718129344
-0.0427901161878845 0.00793050347982183 0.572967313082278 -0.589083057853554
0.000313480957104618 0.0335378144024269 0.400000174745323 -0.61007187564218
0.0206726708225377 0.00444265024166285 0.214557046825722 -0.416842249998413
0.0247741967452026 -0.0292349786042925 0.0961990914640651 -0.200811724796429
0.031437348928683 -0.0167708605506147 -0.0378962522272162 0.00825150019157983
0.0146255089036829 -0.0156189153754138 -0.140438311832447 0.172982616193171
0.0232199416715804 -0.00167953210437851 -0.23327070675896 0.38837923433475
0.0251553885036992 0.0384280745365633 -0.310681685612845 0.53362276824263
-0.0277387893077946 0.058082912425201 -0.409662707677012 0.621991581434743
-0.0381373684584778 -0.00742494979814231 -0.435506274159218 0.538490826735038
0.013444029856643 0.0175582583194007 -0.328881226337375 0.429481696332496
-0.0189043227675142 0.082786407046863 -0.285004712201787 0.292144650584383
-0.0311980020283676 0.0747340057934075 0.33196870654159 -0.169891272979904
0.0177404132387889 0.0250083296204052 0.338449627134536 -0.389019727930535
-0.00990973456846407 -0.0416853569799006 0.471724665430656 -0.436230775925103
-0.0491487129948455 0.0154436800974351 0.501360275985469 -0.637910846782584
0.00348915273329685 0.0404747445826892 0.346549911588135 -0.623026031955807
0.0263102085953974 0.00259924438673659 0.200461028963514 -0.427993373567353
0.0277991306390884 -0.0352031955272476 0.0995726428322031 -0.214065835440557
0.0356757703206638 -0.0242885288351423 -0.0300173570202945 -0.00359605206170782
0.0193275645870874 -0.0200823475473215 -0.135180439707434 0.157758965437153
0.029498855111488 -0.000543313024409834 -0.24472003658808 0.370143940646738
0.0233760284168153 0.0472612652035916 -0.353533466077185 0.518638032415988
-0.0419552119498663 0.0599934586068153 -0.473906309373454 0.592321278972197
-0.0400503154289447 -0.0200528173949803 -0.478648299726613 0.489512183526817
0.0206305030262705 0.0260138550036775 -0.345563429888945 0.415212432710777
-0.028450615506592 0.0975934002832838 -0.296960019186328 0.272206910953055
-0.0222414400835719 0.0726312728896961 0.317816215333528 -0.207924626853032
0.019472685548248 0.0167151909264571 0.321931071048511 -0.386653201288947
-0.0182436479424474 -0.0421724866642462 0.446333400095976 -0.491001394957716
-0.0477053133793185 0.0235546260309385 0.419267133231847 -0.677150837604609
0.00805012873289917 0.0411885210675888 0.293611091134626 -0.629862503066336
0.026277174627629 0.000704137139136956 0.187513595413697 -0.43760068024356
0.0279477631940401 -0.0363857099042921 0.103959226147933 -0.227536226986659
0.0344095994132779 -0.024747434702352 -0.0210320264300191 -0.0168493193506651
0.0202661442310134 -0.020356185018039 -0.128742454788213 0.140403639141065
0.0298389550101724 0.00288417753301037 -0.256025847690317 0.352117221471404
0.0189931940034889 0.0515766859687235 -0.395114911846426 0.500787545267885
-0.0491241731129929 0.0524745904637583 -0.544262551482299 0.554977889546663
-0.0350670825175453 -0.0270237935050074 -0.515935772447961 0.435574254896494
0.0221754116887677 0.0345476137499847 -0.36012567929586 0.403091633941204
-0.0391127609537654 0.0979847594994512 -0.310602369130219 0.249048490850521
-0.0124281956192276 0.0570663410555348 0.301329989340852 -0.236601904257835
0.0122210583541543 0.00647348689125813 0.311089245256256 -0.385621891420387
-0.0236882884102643 -0.037660260001566 0.414191887814904 -0.538593992685235
-0.0400666640861488 0.0261885017950366 0.348969022137001 -0.70083074355611
0.00871053267746803 0.0378450592489838 0.252067635466192 -0.630510660818079
0.0216714159353652 -0.00275893217858112 0.178524623695762 -0.445167500530905
0.0236751813622451 -0.0345794383868383 0.107361838357839 -0.242121747751144
0.0286066613760978 -0.0199170406673193 -0.0137328582528892 -0.0297970946088511
0.0164314737768882 -0.0143209953776715 -0.121216106686113 0.124476787099739
0.0254481510533023 0.00629114801139553 -0.262723893855228 0.334954222643571
0.0111012058772499 0.0494219153664941 -0.433918833460439 0.485332915263467
-0.0488894878048467 0.0425198438128031 -0.606325566985754 0.513829102372828
-0.0246398871133858 -0.0263060466886783 -0.542197752710279 0.383905032204269
0.016462218334237 0.038194382159256 -0.371565972868586 0.400202913735069
-0.0458093988926868 0.0818639357452015 -0.322310749470461 0.227084350157606
0.0298897086289014 -0.066670238716699 0.32719934425817 -0.0831674092960641
-0.0379876280941589 -0.0275675697830783 0.389262446319551 -0.361798946407696
-0.0031668898603059 0.00928589475834571 0.517480891860583 -0.330189943677329
0.01812906696288 -0.00608138601141129 0.634939308650669 -0.525732311724252
-0.00504841361243403 -0.0149559460696691 0.450607414578066 -0.574250842307117
-0.020480584878495 -0.001335589062132 0.237497801636161 -0.398718882908469
-0.013105678219088 0.00433013383572499 0.0957368952084671 -0.18851359906668
-0.00456104696515964 0.0334619708724047 -0.0430840352580102 0.0135091553108828
-0.0214097418477022 0.0280943530335492 -0.138957226050566 0.179867307625957
-0.0201067643995034 0.00368480762042351 -0.202252502748704 0.403211519380468
-0.000462979374579891 -0.00846578410762859 -0.23703533003984 0.556429538033528
0.0289417120704243 0.00789345175776266 -0.313882415738002 0.657139588641036
0.00556855895757625 0.0393850797641909 -0.364534389980009 0.585225851143388
-0.035581380411437 0.000502837274211585 -0.291868026575549 0.452453730208936
-0.00784136431550268 -0.0425269561164619 -0.265178465087829 0.322048234089222
0.0165073366720651 -0.033116030547238 0.332511224743563 -0.0682988207277555
-0.0263654423943312 -0.0152828896613837 0.399160029241387 -0.368609495189357
-0.00401752505358848 -0.000308585227904327 0.515500500279025 -0.314694627000012
0.0029290227327879 -0.00252241165978736 0.655668470723417 -0.508313176950309
-0.0028698680013126 -0.00337940370698293 0.469242209575946 -0.57432990899605
-0.00916551585871775 -3.20371095123145E-05 0.237967147475828 -0.397882948537913
-0.00437231334293598 -0.00470537320913571 0.0910323950505602 -0.183100092452795
0.00470211147742358 0.0206445507278071 -0.0465888133817946 0.0202368046824344
-0.0120670351839967 0.0183377349688569 -0.140852705267969 0.188119094711882
-0.00973481279708506 0.00311691376624282 -0.202887763437452 0.409101151910352
0.00568789856700485 0.00225361882744809 -0.233422927207977 0.556122814847959
0.0152843399709819 0.0197995251350456 -0.294069799477687 0.660000568663704
-0.00303264453992108 0.0284711895963469 -0.349854058475559 0.597069957156425
-0.0231971911157083 0.00598125210885032 -0.292876398590023 0.455171049399828
-0.00876477917070723 -0.00804948229096461 -0.26109084327107 0.322304948559421
-0.00418064906819364 0.00284616617220186 0.336450037781927 -0.0725588030605245
-0.014861102205477 0.00213818813620627 0.397873440547895 -0.377532736121337
-0.00258834494274654 -0.0124785994573004 0.507103461202964 -0.323288733968911
-0.0137366628610973 3.5468706331046E-05 0.647444544437755 -0.516369377358763
-0.00210485204506112 0.00963275086828266 0.460636525383991 -0.582572691194707
0.00107474219740167 0.00207427038437154 0.233815241909181 -0.402140404667123
0.0073604056086905 -0.0138729440172041 0.0889172735750367 -0.184116506827357
0.0152324503530734 0.00640821007585781 -0.0460698816556656 0.0221524436994211
-0.00186020445961371 0.00549906798639291 -0.140550557441273 0.190305731308528
0.00276749546586237 0.000343839511494203 -0.206536479949314 0.408419692994073
0.0150863025855689 0.0140883930902214 -0.242237236217232 0.553382421842181
0.00205126764347565 0.0341988527311298 -0.303057306127673 0.655026215680692
-0.0154497488990142 0.0173073207167211 -0.357536989084507 0.593570741967993
-0.0104031626760433 0.0107638040083906 -0.296456095218773 0.452894359822286
-0.00877627325157713 0.0272140804442379 -0.262174251905959 0.318827139153627
-0.021688413420226 0.034838357915935 0.340554447874427 -0.0945931636591846
-0.00234759130433466 0.0183651045788654 0.382583999652236 -0.383658793905825
-0.000846605446663246 -0.0231521630316596 0.497855647715285 -0.346994930845667
-0.0302704195353044 0.00266119815250657 0.614700514958059 -0.546269029658817
-0.00176497243793561 0.0230317961756663 0.434139946721497 -0.595132451913087
0.0118443317560337 0.00459830133541919 0.222550274103939 -0.410583436943335
0.0168233938314551 -0.0219589304277319 0.0884054158901868 -0.189924177304723
0.0244241721022473 -0.00648671148474705 -0.0426883331643129 0.0181754118026095
0.00789829397293818 -0.00540839414141145 -0.139660895476984 0.184476664603297
0.0133096494237986 -0.00200184733848323 -0.215075427513656 0.400156146437627
0.0210336378950001 0.0253508941440814 -0.269170243020104 0.546392423747959
-0.011630464311521 0.0478860794918171 -0.338045084234464 0.643889689405335
-0.0282906860895977 0.00587702187231935 -0.384367859592053 0.573725045278351
0.00249888528712871 0.013596585089287 -0.308637281933457 0.443669367868935
-0.0109263974811604 0.0584767207859578 -0.268926394248208 0.308689243009114
-0.0315453540313802 0.0621009222120076 0.33884370800764 -0.130872511322801
0.0089345423649763 0.0268804897044745 0.35794975258006 -0.386883866808624
-0.00326596114853438 -0.0336424150401882 0.483550580189042 -0.388099937320311
-0.0431319831081202 0.0082266866565012 0.561604213237124 -0.589974284247644
0.000161392178655856 0.0334536291614184 0.388235053044341 -0.611009344153357
0.0203785359338286 0.00394528252079489 0.209417758728925 -0.417057089073213
0.023138899423005 -0.029759675316047 0.0924666878988505 -0.199903542319501
0.031756222377847 -0.0182843095137494 -0.036857083747698 0.00905295982522503
0.0148161564428379 -0.0154447219709989 -0.136038883445361 0.172896831388355
0.0223650062905101 -0.00221522542750211 -0.228368556553022 0.38684773382319
0.0252998137844571 0.0375571060785952 -0.303381023346616 0.533246453190966
-0.027600039372478 0.0565343315914469 -0.394510064968494 0.623570523760711
-0.0382251004427463 -0.00687869220755099 -0.426864493993457 0.540183747672392
0.0127827687057903 0.0175797541905563 -0.321309055962061 0.430949460843754
-0.0170813163342993 0.0836490492941907 -0.280979993148585 0.292825271949315
-0.0295082219847301 0.0743847546038232 0.329322796579296 -0.173215668231994
0.0172815551697221 0.0248451219427371 0.333064625686391 -0.389407412580635
-0.0101668474078549 -0.0400267145382647 0.464107885887555 -0.440184113415519
-0.0493607636097304 0.0162643341243509 0.488556841466893 -0.640974130260382
0.00455453560004767 0.0408578712092046 0.336117310982217 -0.621181075239142
0.0255523504573159 0.00341829953581844 0.193779107072054 -0.427532975009218
0.0271745559142993 -0.0351679681384568 0.097178516900086 -0.213316343453775
0.0349963139406708 -0.0249816230822573 -0.029378694347835 -0.00280078655619916
0.0186959068466776 -0.0188326107106011 -0.131673495362747 0.157633165898115
0.028206328456063 -0.000173278297214544 -0.239761663590522 0.369917135007315
0.0235605563568718 0.0461873116132946 -0.347022766047157 0.519553181142471
-0.0405461663672761 0.0581795070567816 -0.462998487155657 0.597446366627699
-0.0408519474563933 -0.019215049983679 -0.47042569376527 0.494125928739369
0.0207285011231178 0.0263330724071496 -0.336703056897417 0.415810584013329
-0.0256237758068473 0.0972240104811685 -0.292757391518386 0.273040517262277
-0.0211563180130659 0.0730756329657085 0.313552187771746 -0.210881862443035
0.0186499474379951 0.0167466577509276 0.315602036672965 -0.38834906146389
-0.0185798855764736 -0.0408744472866625 0.435745354268258 -0.494129428212189
-0.0474385985300602 0.0236791237054632 0.408910978296547 -0.67810274548331
0.00859934998605906 0.0420429832140524 0.283867301921762 -0.628797524413577
0.0265762640177119 0.00041622003809908 0.180574101528669 -0.434791997538251
0.0271212811748148 -0.0370201783862934 0.10041644644746 -0.227502355448309
0.0338400751284242 -0.0243875090734434 -0.0210973618713977 -0.0163621350230194
0.0193615622826199 -0.0193480261499192 -0.125175523505655 0.141571397238116
0.0285305297117645 0.00315627061065208 -0.249964003027542 0.35083961796925
0.0182109110032109 0.0510047830069001 -0.386962488269327 0.503354719754805
-0.0483273903709651 0.0533566060948924 -0.532693478060283 0.55866271737906
-0.0348420078094253 -0.0266188473061207 -0.508124953807664 0.440858915438645
0.0219637345618888 0.0334023414378119 -0.352695489405638 0.404835144487996
-0.0373657086378809 0.097643410073131 -0.304787066240475 0.251402475159699
-0.0124228289456721 0.05679873399758 0.297792055995715 -0.237689593731108
0.0139086778444595 0.00653753856014079 0.305264846065216 -0.387582076878473
-0.0236590279754349 -0.0363806082499759 0.404452903039112 -0.541198898996292
-0.0391401505632206 0.0258115610269721 0.336933912989246 -0.700446553706435
0.00947757974556015 0.0373040627600224 0.241735188997551 -0.628611598793551
0.0218730839321711 -0.00240031323999108 0.172437867233576 -0.444615422654659
0.0220156936968227 -0.0345277225408032 0.104082300800507 -0.241105318396679
0.0292579894891354 -0.0200798718874602 -0.0138866378093618 -0.0300850434212831
0.0153796219804785 -0.0157305952343898 -0.118784473464488 0.125143870759452
0.0250468045475456 0.00705906216850396 -0.257145829584579 0.336324553015744
0.0119479184548872 0.0481647398241839 -0.425251752603271 0.485169791782005
-0.0485168496243184 0.0434770618813471 -0.595572282044742 0.518050010874298
-0.0253638217235395 -0.0240790522613162 -0.535018368954182 0.390528056050258
0.016010803790835 0.0379450715054633 -0.36444805650399 0.40136173863616
-0.0440650317185684 0.0817734742321774 -0.317990394805407 0.229732024982583
0.0294666902150306 -0.0670959935138216 0.324306720013307 -0.0852504117675776
-0.0372853162622384 -0.0261066805032517 0.382953251268957 -0.365025590450734
-0.00353966640192764 0.009063817339073 0.509363824725607 -0.33581233737116
0.0170866485310384 -0.00661849453174656 0.624255845746998 -0.530491295238127
-0.00418805679407391 -0.0146894831781553 0.440191218582917 -0.573347761160434
-0.0200080653655504 -0.00185092586987859 0.231096049775189 -0.397157898351721
-0.0131558917788758 0.00459399911826444 0.0929500725611978 -0.187450413294977
-0.00455334959280441 0.0335499859454104 -0.0422005335246203 0.0143218823286817
-0.0209434887237624 0.0281186481518525 -0.135317025585254 0.181853387509007
-0.0202901774455994 0.00411715133399785 -0.195216161285835 0.400568027803025
-0.000697079575964786 -0.00848217315822822 -0.229304399721276 0.555163699207959
0.0280645522410923 0.00739427337128597 -0.300386242792911 0.656203748223873
0.00539208952753268 0.0389234057182506 -0.354353259499144 0.584581179392186
-0.0346764998719751 0.00158304679250703 -0.282918969093914 0.45226314409669
-0.00814750889106667 -0.041821731933659 -0.25975618598765 0.321352741659786
0.0159758051192109 -0.0334718440970904 0.329104235843121 -0.0702192786058694
-0.0257741395722878 -0.0141820687141825 0.390783182755748 -0.370488101965697
-0.00395150197469173 -0.00116178298022182 0.508537106383773 -0.318205836242886
0.00171112801887395 -0.00199142051740471 0.644174320313514 -0.513799227330605
-0.00258997045657697 -0.00341080204560166 0.45661559682177 -0.573820835903672
-0.00992470193912335 -0.000987199693558672 0.231587031997765 -0.39707677230321
-0.00307674819733603 -0.00359197921235236 0.0888462318082499 -0.182343897461026
0.00529112860590115 0.0203917687249112 -0.0457538208126531 0.021631009645745
-0.0113041706135249 0.017882662633613 -0.137008345171579 0.189265083101853
-0.00964881773049641 0.00287700621634741 -0.195741078118115 0.406693395450032
0.0054828350556656 0.0022036045105468 -0.224732488704412 0.555518445849104
0.0156179144986313 0.0198408999880068 -0.28426216873549 0.655779868311438
-0.00248944490792716 0.0300423171709408 -0.340307644763201 0.595803282909576
-0.0229535840402556 0.00765198380860819 -0.283789051574962 0.454655829372492
-0.00823811805673522 -0.00717844881621116 -0.255394034291012 0.323639242694355
-0.0030837968710928 0.00172109254872783 0.3339184663507 -0.0743661866047228
-0.0143051240175451 0.0019885423891406 0.390557031922946 -0.378937280665659
-0.00238313010972192 -0.0121216331824887 0.498762490317543 -0.326037937556227
-0.0144446917843335 0.000427842256535753 0.635927417144295 -0.520942498446926
-0.00193597335954103 0.00894646328375231 0.449355917006317 -0.583178140178438
0.00126217857871196 0.00159252564051265 0.227308499388504 -0.401619711174583
0.00667620900708703 -0.0131102422028139 0.086460854526817 -0.183398583396772
0.015918783841192 0.00622381206206539 -0.0451319941142898 0.0231241242222884
-0.000400138900805983 0.00608076530393665 -0.137797646647998 0.19025205365754
0.0017153170667511 -0.000243934603664153 -0.200744174864307 0.406826746348936
0.0135355108012396 0.0134043712107428 -0.236011846028083 0.550323455143484
0.00257843433283789 0.0339026213879085 -0.292257463684665 0.651726349732592
-0.0155644222135999 0.0183670946588402 -0.348335997516789 0.592219132276161
-0.00961199003113948 0.0107014478294541 -0.28749241896417 0.451219464896002
-0.00884460995892209 0.0270473995705916 -0.257334286699825 0.318416373226462
-0.020728038521446 0.0345088926805098 0.336440667473428 -0.0964172283218473
-0.0029393913442588 0.0180702576213414 0.377086896231627 -0.384681651716113
-0.00200382658686105 -0.02282358866116 0.488683161066802 -0.350080421402848
-0.0311402074993729 0.00313525161196231 0.605469558298572 -0.548784375585892
-0.00129144151693489 0.0221031879921376 0.422001358240137 -0.595522600810727
0.0115972534547906 0.00340025914821099 0.214746855509709 -0.407948373947443
0.016644946169801 -0.0212589485869021 0.0863236926347998 -0.18920404672106
0.0249303607608657 -0.00728021666149839 -0.0421819878997715 0.0187016062424564
0.00702914122444403 -0.00509957102751075 -0.136208589729655 0.184813190515517
0.0121241578614448 -0.00244632429126703 -0.209822747983674 0.400077594124414
0.0213184574565333 0.0255512766541218 -0.260889036176119 0.543643530075671
-0.0111729608237898 0.0478201875888349 -0.328146914086833 0.642700368212287
-0.0282570514182253 0.00599514372351761 -0.372922450464477 0.575045272220271
0.00278132267867222 0.0137088736521163 -0.298361085750991 0.442816893863207
-0.0105777798448694 0.0582016880579034 -0.264519721860859 0.309849858324043
-0.030688973017257 0.060559315920268 0.335628073352551 -0.133188959908969
0.00910777636158487 0.0271273331930151 0.352906305908344 -0.389160583872915
-0.00410861370695767 -0.0330135861438601 0.475198867336447 -0.388763258158006
-0.0429526156389264 0.00881784226710842 0.550061938340342 -0.59346529632309
0.000718266719547763 0.0331981694414111 0.376541803960154 -0.609968451166629
0.0207231964552192 0.003857345223244 0.202653709321539 -0.415664127070386
0.0238073900490056 -0.0292582098536296 0.0894283561085728 -0.199420593415155
0.0318267985279182 -0.0178342646683517 -0.0357956213124292 0.010721003801707
0.014632884443363 -0.0142976723897208 -0.133485401060052 0.17375143490882
0.0217056219415092 -0.00264116931683698 -0.220455787110978 0.385713741080248
0.0253504319262335 0.0366023670948807 -0.294481808427219 0.532118836986351
-0.0271223995445598 0.057131117733938 -0.386042889546525 0.623162171777789
-0.0376117304273185 -0.00611781812050149 -0.414615542294198 0.541703515360889
0.0136944536911138 0.0179901240528021 -0.314576268968368 0.433194537397387
-0.0157802160303493 0.0829922517532708 -0.273971554528899 0.292280778719756
-0.028862506087765 0.0736341501984757 0.325453554354846 -0.175237712412505
0.0172883461573645 0.0244127490141852 0.327452777735869 -0.391477495481758
-0.0104638407879791 -0.0395736601002639 0.455532404899104 -0.441640418626177
-0.0490083585377701 0.0168666298196346 0.476394373492759 -0.641340683200053
0.00482989843395454 0.0401754291650696 0.323419919500668 -0.622657835472556
0.0252287415400411 0.00210465901444174 0.187459526345933 -0.426406419910411
0.0270841977206192 -0.0342588346717691 0.0935651461354059 -0.212292743526275
0.0344657426092509 -0.0245908310111254 -0.0285247939737096 -0.0020003477049837
0.018967843653073 -0.0195415922559825 -0.128962085771624 0.158034294361463
0.0280942174494296 -0.00096477979813159 -0.231850139390509 0.369597127304191
0.0249100132431148 0.0452638948233552 -0.337034281818957 0.51950073942024
-0.0395692912029005 0.0591198664494811 -0.452564659724228 0.594259119774485
-0.0399195095893964 -0.0180420547268497 -0.458808450110411 0.496419885727938
0.0206808590457834 0.0248767810927734 -0.330295009471937 0.417262774488232
-0.0249888038402674 0.096539342593189 -0.287336379468381 0.274181235090915
-0.021297844824889 0.0722786662139165 0.310235142498286 -0.211353567224795
0.0204431488547937 0.0157538428463425 0.308493522465042 -0.388425111824281
-0.0189955602348318 -0.0401555267878254 0.426061097479177 -0.494173619494068
-0.0470508568451321 0.0240897742547186 0.395503725542553 -0.676298417484397
0.00929891120805394 0.0416026174313701 0.273140967129928 -0.626296872022251
0.02511824692178 -0.000267083075516981 0.173753773896808 -0.433402614107883
0.0259502195494621 -0.037114779207094 0.0969653713062389 -0.226405359286495
0.0334327202162696 -0.0250407211849463 -0.0208247890710895 -0.0158358487605473
0.0201423884853484 -0.0192579623105496 -0.12409989138666 0.140893816083663
0.0290939837582695 0.00274164013911163 -0.242913298102537 0.351593236148009
0.0192278868302498 0.0500612038147326 -0.378020520881252 0.502471060048647
-0.0476199065587057 0.0536038258524197 -0.523118089506853 0.560222222824329
-0.0342575716367135 -0.0252591002390315 -0.499202868957023 0.442499366180181
0.0210612914455934 0.03283962796853 -0.344888669627805 0.405090326167541
-0.0365196084897906 0.0971155243297723 -0.300976361550978 0.25205620840179
-0.012705220850294 0.0567114844304765 0.293848596940547 -0.2392513355548
0.0133918978840232 0.00676410064368745 0.298979427596176 -0.385701293168802
-0.0246578868027929 -0.0357054772222658 0.393638903252546 -0.541168201070585
-0.0395474792255911 0.0274240909130861 0.324260402845434 -0.697227044724232
0.0103953906927714 0.0366588305858497 0.232301249254075 -0.625529074045033
0.021042949274828 -0.00264254648843586 0.16711420171788 -0.442830426499224
0.0217539537010135 -0.0346751275463739 0.100424555297487 -0.239653011032489
0.0285594429588847 -0.0214713641348681 -0.0144347004070008 -0.0299322330882863
0.0156558291175469 -0.0150310543868604 -0.11493949609205 0.125229009664003
0.0253650614124674 0.00615268174457871 -0.25062301343454 0.335276155971023
0.0118842784246452 0.0475504490833609 -0.416038807255769 0.486727406808416
-0.0470375238332101 0.0433930610876211 -0.585055623578368 0.520514494018047
-0.0259275732925739 -0.0245165841948439 -0.525384773341878 0.392598351038927
0.016252422308882 0.0372389143131328 -0.357044825084685 0.400865256555961
-0.0431361739047954 0.0820620139214605 -0.312812338309133 0.230178948497673
0.028436802959062 -0.0661890553632253 0.322470608590956 -0.0876411379718142
-0.0367206655966708 -0.025468977020021 0.374770495512721 -0.363176238868172
-0.00320580177732528 0.0101185191574316 0.501979925768389 -0.334984380358639
0.0168011276185072 -0.00562151611022509 0.612579883812768 -0.52985186897047
-0.00479900621338381 -0.0151767352646249 0.429434861685018 -0.572504649428846
-0.0204959524038102 -0.000885212857591968 0.225724510439414 -0.396147334479593
-0.0133800105737617 0.00474627700374313 0.0897521754795041 -0.185770735291452
-0.00395999284841723 0.0328341941543187 -0.0426061579671128 0.0147697616614658
-0.0208846125890584 0.0286254373827583 -0.131886455422842 0.18049456224382
-0.0214497335870051 0.00453071603535922 -0.189248246206097 0.39864427994045
-0.000358632795850983 -0.00906580646360851 -0.221931070093145 0.549103977021299
0.0276049493610701 0.00775812633448078 -0.291283107024433 0.651872095869313
0.00532521532671956 0.0384932521932386 -0.345348398363386 0.583158371996981
-0.0351617486471817 0.00169117383993791 -0.276072703679345 0.450289712672964
-0.00807543934764444 -0.0414284129469477 -0.253812512995447 0.32100211172316
0.0164201984852134 -0.0331133425361039 0.326926060478512 -0.0740890360574596
-0.0254584740581154 -0.0133846732308558 0.386002948204313 -0.370702567163705
-0.00343058840770002 -0.000977412332315263 0.498977395552056 -0.319625858079681
0.00189857629676662 -0.00261677546688328 0.631672688792366 -0.513722811187649
-0.00284055432185381 -0.00305335672677024 0.444867513231533 -0.572539711020655
-0.0103624036118867 0.000481420061402322 0.226521140087068 -0.394251748215232
-0.00424939614827748 -0.00397589579769389 0.0857948033018938 -0.180858753826001
0.00608169377982664 0.0196372986885138 -0.0446591217133577 0.0217001085594508
-0.0116516968747986 0.018939452127955 -0.134751452962594 0.188320449803853
-0.0100739439715255 0.00351255847862784 -0.188813493396686 0.402864237879223
0.00574355564882411 0.00182868740422148 -0.217931049248884 0.55086926703971
0.0156046644750856 0.0187114976853001 -0.273874237292799 0.651268084319389
-0.00271591186624911 0.0292375535869531 -0.330962542017715 0.593576645315848
-0.0230463128396162 0.00700321216111386 -0.275488435007076 0.450977093995641
-0.00793021909002901 -0.00658505421600966 -0.249832460347185 0.32356474451537
-0.00364161996854365 0.00184982403561933 0.331839196482069 -0.0764693679159622
-0.0138843173882661 0.00322808531162795 0.383849297769616 -0.378605945000182
-0.00210979185682228 -0.011121054773731 0.49163147627669 -0.326736025512804
-0.0151753642014301 0.00094498478889551 0.625213123756284 -0.521164198141774
-0.00224882456549237 0.00942721874740308 0.439528442173776 -0.580841678466708
0.00148071223498052 0.00137230749038178 0.220194567724063 -0.399942186955404
0.0058518663666172 -0.0132177845226546 0.083538366816525 -0.181976617180991
0.0158356240118677 0.00542079636776314 -0.0439756649045037 0.0238550863656577
-0.00152901795974774 0.00616996354022742 -0.134224779575531 0.189756065313892
0.00129975361491111 0.000640960310238475 -0.195015699450327 0.403971254685391
0.0137086171526555 0.0125361338907981 -0.227391008019839 0.54697325676051
0.00292978648216408 0.0333565037943775 -0.28404276069825 0.647688802319641
-0.0157273104653428 0.0187131981909435 -0.338093127429849 0.590359707705478
-0.00992938232977579 0.0104120618013527 -0.281855198690885 0.450286715215645
-0.00761325952382683 0.0267824968446612 -0.251607226226586 0.318207863843949
-0.0213017156092196 0.0342689583111295 0.333551038864291 -0.0979766620531516
-0.0018810219789947 0.0183628481932178 0.368736537206922 -0.384542339795857
-0.00164440895767492 -0.0220166003833239 0.480059832826337 -0.351150726779917
-0.030608799821119 0.00380090188894839 0.592935348205891 -0.54908366169679
-0.00142117978955299 0.0218739867547694 0.412209058635685 -0.593381578302454
0.0116862063596575 0.00315127126788254 0.209547215843496 -0.404835223031078
0.0153150860456789 -0.0210562755602501 0.0843112789633974 -0.187322957068139
0.0252178689179709 -0.0076900604055533 -0.0413384747701261 0.0195709353131245
0.00725808735882165 -0.00535912674676559 -0.133660151601308 0.184130432907738
0.0130118795122071 -0.00143814492932802 -0.202453440339423 0.398552166120433
0.0212631039361723 0.0251938825860959 -0.251015282489877 0.539231846321414
-0.0107371654552045 0.0474503649256409 -0.319158421038929 0.636579829285544
-0.0279826193569131 0.0070594510882515 -0.363517284091338 0.572551282591515
0.0017851961016181 0.013475038467589 -0.294049384779229 0.441957426394281
-0.00950553011197452 0.0575893036852455 -0.258202177663071 0.307393593612201
-0.0295518416883668 0.0612009538150837 0.331256551382827 -0.133463042642171
0.0102830418589224 0.0269316279572173 0.345652946768666 -0.389539680890374
-0.00465872671970633 -0.0323411097805708 0.466349686280422 -0.391411909746049
-0.0429335807291722 0.00973923560753574 0.536874206877801 -0.593428568618378
0.00119136220142828 0.0329678397167533 0.365804935781016 -0.606959414325845
0.0207321247242663 0.00399665184436792 0.196450462543804 -0.414872863401575
0.0234821693214662 -0.0281269402519589 0.0872538303982191 -0.197759175847103
0.0315989422610041 -0.0188553699105868 -0.0352941310213416 0.0110968278116202
0.0145537645240478 -0.0139674183473207 -0.130362991070916 0.17196404990626
0.0220463641178043 -0.00288947544552407 -0.214545452501694 0.382487910790793
0.0255188886621491 0.0361903021673769 -0.28636177327943 0.52875775810095
-0.0248692902718661 0.056631618644943 -0.375243223219382 0.619527372255976
-0.0371286958088175 -0.00572654376243679 -0.405131277349044 0.538790197569618
0.0130968493516029 0.0183928160889367 -0.307702179966312 0.430311897291734
-0.0149006075091677 0.0817831010778674 -0.269986266805397 0.292821384614461
-0.027531107484238 0.0732227334559603 0.321504496195681 -0.175249700055337
0.018655840413844 0.0244419712527486 0.318141564357849 -0.388656767378923
-0.0115039158849941 -0.0394020652932228 0.445943495842228 -0.441249266390028
-0.0485877116841548 0.0180725752967912 0.464133160432912 -0.64003245104217
0.00507114473451258 0.0399115374926348 0.314451417318065 -0.617210770319245
0.0251117481318392 0.00182557203970688 0.180858781653654 -0.422054235330472
0.0263497217174867 -0.0344607102766634 0.0911402616866822 -0.211137692987391
0.0341886107707613 -0.0252224472877377 -0.028411420513962 -0.00152023595557102
0.0187802420949057 -0.018966666658483 -0.125852092311487 0.157732711458744
0.0276186064880066 -0.000789837258803868 -0.225112147399403 0.367302132145815
0.0247362222225135 0.043995865100973 -0.32834346900474 0.517136204778978
-0.0387956121386602 0.0583132294514339 -0.441981299070589 0.594055620930871
-0.040367396865149 -0.0177557054787513 -0.450937634487579 0.496713717611376
0.0202140863032091 0.0258594037330867 -0.322424539520695 0.415227256797881
-0.0241093966570532 0.0965916144171139 -0.282210563536849 0.273001704124296
-0.0200954628113972 0.0721297524955568 0.305766516987201 -0.211585215757912
0.0203434255213476 0.0156893005873516 0.303711123811312 -0.387867165736522
-0.0194088305117442 -0.0403385697295351 0.416781622061641 -0.494019245237948
-0.0475363350699634 0.0248152449946282 0.386075467242833 -0.672655606216107
0.00933668062025722 0.0408444568276728 0.26252685934711 -0.62319183298011
0.0253428080821222 -0.00134572644551032 0.16916051170695 -0.431000201734411
0.0252602673463881 -0.0360806888143489 0.0936161778174702 -0.224357885982133
0.0337965697867027 -0.0263667800583276 -0.0208008808947423 -0.01477802748481
0.0184009190217669 -0.0189392268587955 -0.119833832474196 0.140160795852709
0.0283509184439564 0.00234690696476871 -0.23678110318925 0.349533358600731
0.019894048068239 0.0484046510734007 -0.370299365944418 0.499979522515506
-0.04634338458462 0.0531085608517201 -0.512572247792834 0.559544184022483
-0.0342905660961593 -0.024380327362285 -0.490148739629122 0.443372617233494
0.0215781967776965 0.0326975095948688 -0.336466632022079 0.403853138356268
-0.0357213294889125 0.0964332733923261 -0.296132755623603 0.251652507253957
-0.0123022737884092 0.0564190928072399 0.289158965325068 -0.239464039661093
0.014372465761234 0.00619021366583214 0.291850186680903 -0.386968177224076
-0.024261932784746 -0.0344698982591618 0.384259082144468 -0.537242251071995
-0.0390721633178797 0.0264964907076148 0.313917862841104 -0.693747203019613
0.0109848948354975 0.0362686895697604 0.223753760580907 -0.621891464856431
0.0208454032295565 -0.003333369544779 0.16031837112013 -0.439266767804898
0.0207874744489216 -0.0347468281101495 0.0979202494426423 -0.238727163393949
0.0289693861655232 -0.0210057855349092 -0.01327661597683 -0.0282300703294121
0.0154899051313222 -0.0136625783153156 -0.113702619501522 0.125422404253361
0.0239227167752152 0.00611116668200964 -0.24420640644836 0.335140409597298
0.0128614647788888 0.0470404981278277 -0.408562570734681 0.484571284331743
-0.0462768223118721 0.0425165442296049 -0.573891048478477 0.520347496114375
-0.0258421862556087 -0.0233438208915323 -0.515727432083448 0.395808011339292
0.0154029118713896 0.0365728821100423 -0.349326539088564 0.40147755685099
-0.0422970116308667 0.0812887603611278 -0.306291430090968 0.231052563200826
0.0279129979966683 -0.0657903411566647 0.317962309514924 -0.0873267429074501
-0.035557474813571 -0.0248323197050598 0.37011164307166 -0.362376453577216
-0.00348588594260113 0.00978744407870838 0.494221883520707 -0.334875497411534
0.0162008702425662 -0.00563425773931996 0.600532997504416 -0.529428970175139
-0.00528111505305435 -0.0147948862646965 0.419327553223998 -0.569770278493941
-0.0202170690475765 -0.00138436142214579 0.21979738340265 -0.392442616023399
-0.01370052510133 0.00515231568016881 0.0883946994040218 -0.183686246269277
-0.00274376141080141 0.0323441417727997 -0.0401565853775504 0.0153175040143615
-0.0204172565967303 0.0289007157173365 -0.130876438460024 0.179468545926993
-0.0213138633690658 0.00536114608183769 -0.184836582663491 0.394724602328218
0.00011893863839677 -0.00985101399193697 -0.216619230627143 0.543366481396408
0.0279785688215161 0.00618712348946554 -0.282405193856139 0.645965412403375
0.00543439841268234 0.0375276447388203 -0.336636824857879 0.578711082408038
-0.0339642887780265 0.00202226378256708 -0.270518952832801 0.446274703582621
-0.0078762085308545 -0.0410585251887065 -0.250453924850143 0.318465962635407
0.0154817796325103 -0.0333293609113307 0.323843696998382 -0.0726962092514064
-0.0248543118231013 -0.0132250065584587 0.377900101478606 -0.368882304070328
-0.00495392061194107 -2.89777298471859E-05 0.490946210648236 -0.320733181390341
0.00174686147773754 -0.00167821697087836 0.620464333464087 -0.514774492640964
-0.00218085896761921 -0.00404429029418637 0.437299449477608 -0.570617706940336
-0.0100364963419165 -0.000395134190933812 0.220860335434399 -0.391869012410784
-0.00456602000064111 -0.00308593374325504 0.0837821831454615 -0.17866875215818
0.00660320900375659 0.0196356209488231 -0.0432454247052248 0.0223535770663575
-0.0107133963824112 0.0189050728793845 -0.13114065608393 0.186598285345179
-0.0102978567791257 0.00331832117427524 -0.185254495775773 0.400636652618781
0.00537493319450064 0.00138406755787848 -0.210850006908161 0.544160171376008
0.0157152468761848 0.0173964615410963 -0.265549528694238 0.644882031250124
-0.00204084049724434 0.0289615543360035 -0.323255174339161 0.590250426745137
-0.0225861051101874 0.00757169745365148 -0.268696879726589 0.449287774582633
-0.00836920472698835 -0.00679674219068856 -0.245726402779485 0.319384574623351
-0.00281309032745528 0.0015267349722851 0.328191097833551 -0.0778293122414537
-0.0135783524870493 0.0027956879733694 0.3771664931018 -0.37610672064456
-0.0030588432962008 -0.0113180012154438 0.481765159768354 -0.327092458214611
-0.0147382759638968 0.000855175509677919 0.614792306066412 -0.519916158024289
-0.00186456575208672 0.00845218079696259 0.42874108446539 -0.576995881773504
0.00130617702863296 0.00180476519213541 0.214764380386605 -0.396394411761473
0.00546747592063683 -0.012723833498687 0.0815377970480554 -0.179442219586667
0.0162561920782986 0.00501030794717992 -0.0428508943620333 0.0247787370797482
-0.00158440987274645 0.00645162209146552 -0.132326594509687 0.187556400754921
0.000854242090970415 0.000854671929583328 -0.189314470512929 0.402132883009358
0.0135262029536031 0.01277732001361 -0.221343566096609 0.541682635573601
0.00352318941604893 0.0317394639357105 -0.27638453482303 0.64056744814158
-0.0143665365042358 0.0185375634114331 -0.329950712333156 0.586834005500844
-0.0108375588827269 0.0108714971161662 -0.277115292726097 0.447937768261353
-0.0080376335310586 0.026900009409808 -0.248032606012069 0.31651270843257
-0.0200759749720283 0.0346403153593677 0.330555826925805 -0.0984426938245004
-0.0021206338692208 0.0180523834371389 0.362678247875791 -0.384042166979172
-0.00200657160576867 -0.0217251342063736 0.471846261341687 -0.349765261256595
-0.0302014539744683 0.00402836376369445 0.581170777500536 -0.545344462146124
-0.00117449594386105 0.0212130322088782 0.40155013859319 -0.588744220214855
0.0115789524880244 0.00381048542489728 0.203272127680474 -0.40327963235459
0.0150594201498153 -0.0208197027836631 0.0819051219394759 -0.184642134316582
0.0242454003767565 -0.00814641842573479 -0.0388739637196558 0.020610884673691
0.00683803658794868 -0.00505068245012623 -0.130382791583532 0.183039468624063
0.0118642220749972 -0.00159510693641788 -0.196812869788402 0.394890852316775
0.0207725316447138 0.0244294493910415 -0.245845948348794 0.535703715147732
-0.00943758262718229 0.0466423984609757 -0.309376942305097 0.631435173207146
-0.0270147765775322 0.00729028815087062 -0.355714278867489 0.570276732794557
0.00226683184497492 0.0136988936103293 -0.287683691011817 0.439018854719705
-0.00804641574952862 0.0570354379767897 -0.254673975806451 0.305987287397737
-0.0286764645667455 0.0602246814626863 0.328195432240398 -0.134752436151194
0.0105045792871026 0.0261010249702438 0.338186694777802 -0.386980825755405
-0.00419080570532482 -0.0309257549775088 0.45859019075151 -0.390101248668106
-0.042301832023489 0.00949744039293318 0.526902389388184 -0.589070633561101
0.00157442054897852 0.0322475629697824 0.356890735306791 -0.602786438870111
0.0193874354928167 0.00358110200369647 0.191857194671895 -0.408943589306503
0.0220381880155315 -0.0291737005893945 0.0833908245798521 -0.195061673313654
0.0313207008960834 -0.0187907978501691 -0.0351168951164346 0.010465842767309
0.0139228751257358 -0.0143170815379069 -0.127567735058672 0.171822831750668
0.0212008611485158 -0.00243880830113991 -0.20916965500549 0.381664391296048
0.0250816260192797 0.0349166737380303 -0.278410383906493 0.525902691273521
-0.0243533864934201 0.0562812639756069 -0.36622608334567 0.614555959235264
-0.0369224251828075 -0.00549882676490415 -0.39621458157859 0.536740590661904
0.0131855566985561 0.018593438998225 -0.301210021224267 0.427855800644094
-0.0134577893842676 0.0811683114407387 -0.264586950392222 0.290585280801726
-0.0272067894314917 0.0735202702108346 0.317845892014621 -0.176046649471177
0.0187043255604975 0.0254049460086973 0.314895191446806 -0.387704732898969
-0.0114239535874558 -0.0379745174508344 0.43783401276835 -0.439610820700239
-0.0483849832422437 0.0170369487654225 0.454893824364459 -0.636169281905943
0.00577721824531348 0.0396151435183594 0.305154455129316 -0.611293999769705
0.0246618986707088 0.00147187068945372 0.175592834520133 -0.418872888882548
0.0247264138274928 -0.03443044207103 0.087899999289607 -0.209072820345375
0.0341368159502799 -0.0252150176625107 -0.0270647674164471 -0.00118232226720963
0.0180810733538367 -0.018730042272508 -0.124176881243604 0.156466498733866
0.0268893338651176 -0.00077369431502633 -0.221065629178828 0.365251227617828
0.0243765654598156 0.0429501902373527 -0.322670011898503 0.51255574200331
-0.0374255632226319 0.057843405056528 -0.432044987413823 0.590211662910231
-0.0399375140216589 -0.0166342668411485 -0.442596379710914 0.491504231682629
0.0199496224217781 0.0247010146379266 -0.315517675252862 0.410700040170615
-0.0229530797104637 0.0952076402895122 -0.276368789934745 0.272055904705395
-0.0189796067840736 0.0713699490077255 0.302607285518796 -0.212916432292924
0.0204773369068386 0.0160084789860379 0.296639864042362 -0.384454188073159
-0.0193253335510022 -0.0389067144536523 0.407350208711306 -0.490423273987602
-0.0462781616618024 0.0247704946684763 0.376052469996226 -0.667988409644342
0.00991006846847534 0.040299152278461 0.254775727809207 -0.617201618562437
0.0246728483224851 -0.000784408021254858 0.16412218658125 -0.428210399309541
0.0248567204366556 -0.0353968656939995 0.0917571615667301 -0.222590394864154
0.0331722496311217 -0.0264157709744319 -0.0196701921318625 -0.0152380477438843
0.0185729497031222 -0.0183701835888445 -0.117840654896328 0.139175619382794
0.0282315659827255 0.00316701550091366 -0.231233067631561 0.345037554146074
0.0200623514018339 0.047882431264806 -0.3627068781687 0.496566874597872
-0.0463211659463358 0.0523576883198549 -0.501985783048467 0.555409993217168
-0.0347176123329934 -0.0234570577796551 -0.480961722384715 0.44083998869748
0.0215627990477869 0.0326506557901644 -0.330303192726916 0.402611236585753
-0.034707442838135 0.0957899001093342 -0.290245751128916 0.250593146855227
-0.01101932731901 0.0556227242611924 0.284805908857739 -0.238917441678092
0.0149885617463521 0.00750612030835159 0.286820461183371 -0.383981558482188
-0.0238047725955705 -0.0334266777779521 0.375905462902174 -0.537414103701854
-0.0385535762133019 0.0263962790065946 0.304219820861659 -0.687415420646405
0.0106755500554035 0.035395783445821 0.2142163505444 -0.616714016475553
0.0204767826695581 -0.00334986230488432 0.154658677784091 -0.43405151040625
0.0205943930108276 -0.0343782553645022 0.0940149675796597 -0.236852824250493
0.0283302215200099 -0.0210148107468727 -0.0135683839218893 -0.0285280477224644
0.0148455383823365 -0.0145674605790747 -0.110473947275752 0.123916459166152
0.0239170740362229 0.0068107250937789 -0.240364967350342 0.332279700192046
0.0122681624479174 0.0462527973593732 -0.399773931431626 0.483363584830881
-0.0457358220050565 0.0412895452473837 -0.561848480132765 0.516840085022261
-0.0262888787854244 -0.021870635325223 -0.508224316154146 0.395490568663167
0.0151578499085245 0.036568706309923 -0.341949808951554 0.398802862349365
-0.0407328151555623 0.080134951273559 -0.302114588871266 0.230478533606299
0.0360390615350517 -0.0592936974124635 0.322905269910543 -0.0451187847882706
-0.0301381610331395 -0.0286198991877961 0.404432763415299 -0.308600645208275
-0.00563548504085151 0.0106962549240998 0.51915820355729 -0.260136160227177
0.019590571312727 -0.0002606412891627 0.638586200685759 -0.427847924738872
0.000115467159858799 -0.0126620096686182 0.473922913535559 -0.491264394052911
-0.0199906620859868 -0.000105600613706116 0.264544763598636 -0.354638154897268
-0.0147648968338045 0.00289495038963082 0.109205218451714 -0.168692540862711
-0.00636581100293461 0.0316587863716944 -0.0414336942466979 0.0101527182051875
-0.0226181726567814 0.0271989566711744 -0.152074323942214 0.159812148037005
-0.0207914587607422 0.000890928040050146 -0.233878188718721 0.365374637664559
0.00460471355625352 -0.0120894325349214 -0.287964836767894 0.511336198227869
0.0351915127211329 0.00273795260639882 -0.368648742748208 0.605330703342852
0.0113129513157423 0.0363914009221124 -0.413045593633774 0.529177071116707
-0.0304205542654967 -0.0045422706043928 -0.326349694463403 0.410886959418804
0.00121789346252061 -0.042905753210955 -0.292850875756321 0.290099829531175
0.0196116927666105 -0.0299366063171512 0.322529769175499 -0.0312249203858716
-0.0206840008711335 -0.0154665094429523 0.412469009169478 -0.313673542151065
-0.00423008155654798 0.000485944952945827 0.513143786237618 -0.249303678002291
0.00417278064992056 0.00141173630780113 0.656507257381168 -0.407637723091969
0.000533762517858742 -0.0024636709447708 0.491097688193037 -0.490560993422204
-0.0112130258575618 0.00236759180134647 0.262703622058743 -0.352305582622693
-0.00499189542046998 -0.00376385475344683 0.103847163948648 -0.163656208086559
0.00431751964386277 0.020064167061807 -0.0450094074341832 0.0161007497766135
-0.0124744282491775 0.0176305561931073 -0.155254524860253 0.165698519561396
-0.0089135048607763 0.000811490165788559 -0.235308924324138 0.369663967578336
0.00907578029544174 -0.000812274116650008 -0.282307730920281 0.509897977138476
0.0213982549379797 0.0126311609043585 -0.352741696279659 0.608335415365729
0.00406050196700319 0.0257769427685626 -0.401195101379987 0.541266255643141
-0.0196566545046583 0.00372087830987125 -0.327443509919798 0.412643303488433
-0.00425609002656658 -0.008377567890312 -0.289397825867699 0.29025092878398
-0.00379704318364589 0.00127870586260488 0.324846786974744 -0.0348207968302589
-0.0129671083082567 0.00149665656704942 0.413796182726059 -0.320593193000209
-0.00126984275099823 -0.00968406696794476 0.506737572787129 -0.254108761900756
-0.0125657556783054 0.00134219895965172 0.650647882028397 -0.41684379977882
-0.00115122211201344 0.010223100383928 0.484144121492668 -0.499853962799398
0.000182145893349691 0.00596598569933235 0.258323465166572 -0.357163962971094
0.00626958445927972 -0.0109924452056792 0.102632489228844 -0.163891472039817
0.0154020437914271 0.00723135496633676 -0.0450826813457712 0.0184734201060973
-0.000677929267330753 0.00629882818447917 -0.155752643160431 0.167588479816927
0.00243577722632536 0.000507897752273566 -0.240531502377015 0.370632635203819
0.0152848099892123 0.0113881680452318 -0.291890271172625 0.505381695268173
0.00673506192382587 0.026208825913927 -0.358413381835642 0.601579734158076
-0.00628889742304876 0.0136403795135067 -0.407015991088282 0.538891632403557
-0.00697765069730462 0.00834648160748751 -0.332368456586923 0.410630917192572
-0.00825460275069918 0.0241509561813553 -0.291828730261907 0.284240181598562
-0.0240338231271916 0.0298068427693412 0.328055272876146 -0.0550778302811365
-0.00405704318244147 0.0173032344272012 0.399548618409335 -0.327353616445469
0.00141389229049235 -0.0191813957163192 0.500951047322677 -0.278422083605395
-0.0281055166541403 0.0013597862414375 0.621576612576593 -0.448337810423803
-0.00294166986174137 0.0223403901743955 0.458805482634406 -0.515513270993045
0.0100116187007515 0.0090097545294621 0.24737164597807 -0.362733472451834
0.0161564413430809 -0.0184548041780883 0.103243476002087 -0.169667008835219
0.0257810202430965 -0.00508216532646512 -0.0411429880721195 0.0145498474787435
0.00965785280636044 -0.00297920466175766 -0.15352094363887 0.162613924098603
0.0133760051540147 -0.000560488905379138 -0.246634129205128 0.362623867889381
0.0212479365129169 0.0244799969942912 -0.316242327737041 0.495708422615199
-0.00841039450333242 0.0379718838145947 -0.392202382749544 0.589918228613778
-0.0167743561379876 0.00183515036852988 -0.429626502595065 0.518449551206079
0.00436070514786996 0.0127439079483911 -0.343807884357123 0.399905350233022
-0.0129184505475807 0.0548957248035064 -0.296873300076425 0.272182225767627
-0.0352456680602177 0.0537443317513147 0.328231997467634 -0.0901502091783682
0.00591813951088704 0.0267805832657734 0.37768285046361 -0.332699979995189
0.000997618822043463 -0.0290560602507018 0.492773716084079 -0.319477629191711
-0.0401420836353308 0.00460540168378593 0.576765880946068 -0.496509464545767
-0.00165539527499771 0.0328701544422769 0.416291662801378 -0.53403551795759
0.0185948146656055 0.0107578473401103 0.236877862337228 -0.373304094453621
0.0239008648440552 -0.0245209981574109 0.106786122214359 -0.179419617609835
0.0336995582009332 -0.0151661613624697 -0.0344412971265777 0.00664953360582931
0.0172875956440776 -0.0112706424256636 -0.149729811888762 0.151738466359041
0.0228124754067986 -0.000184193193439 -0.257060358006346 0.345390130179574
0.023842367583562 0.0357569167636069 -0.349243218627035 0.482640606497348
-0.0230256898277687 0.0460517436733174 -0.445530073380037 0.56412715053685
-0.0254756524592255 -0.0102008469511158 -0.465680604054091 0.481168153345601
0.014631125931262 0.0177616230859836 -0.356721269129644 0.385821315309671
-0.0217660588677863 0.0784244789185493 -0.306818582968118 0.253832561540581
-0.0353203013735966 0.0662427401508602 0.322307550581391 -0.1307966285932
0.0147061694299449 0.026626483790682 0.35177606430448 -0.336162081098811
-0.00535980880338616 -0.0362457796865787 0.479486757661776 -0.370936760795213
-0.0466614952963956 0.0114880840266082 0.513357183766035 -0.549833744621175
0.000706199289420598 0.0398990636408 0.366969925267932 -0.549568078538647
0.0231995601141062 0.0100828833950326 0.223396946534906 -0.382825531848448
0.0275690954008813 -0.029165772061534 0.112240642538845 -0.191131082056021
0.037335008803826 -0.0207589759436989 -0.0265002786785026 -0.00482291485657058
0.021946228846128 -0.0149956908960795 -0.143888056715241 0.137432924369236
0.0281467203237131 0.00279181771996216 -0.267343882675176 0.330268009711596
0.0225818806518902 0.0438545905655922 -0.389742633700524 0.463720669199474
-0.0353816821616473 0.0466750934362933 -0.507785223530434 0.530901130602082
-0.0263059246340945 -0.0210346331029149 -0.505965276350352 0.432331794249183
0.0199478010337038 0.0265581911510143 -0.369909966140908 0.369270203189614
-0.0323646353680855 0.0917897291318457 -0.316315310660984 0.232610268551316
-0.0280350923844171 0.0651316641399381 0.3123370265567 -0.166424145049451
0.0174268373427034 0.0205128766591703 0.335714557490692 -0.336507618457117
-0.0125190818492301 -0.0386453626011063 0.457217176331734 -0.426098436954768
-0.0463463556900025 0.0184353973722808 0.440562734664651 -0.590674788686862
0.00426189833891728 0.0431270028492086 0.320785018850744 -0.560097262839892
0.0238363222031945 0.00730714610295977 0.212578665856472 -0.392502764437356
0.0281725714070731 -0.0311944157651419 0.117449964889005 -0.204550476560208
0.0365593524800782 -0.0213257057369471 -0.0170067184193108 -0.0169148299240351
0.0224739492399735 -0.0154075828769882 -0.135659929863276 0.121572234633077
0.0283628591224239 0.00663179153085411 -0.274309987735012 0.310876573307411
0.0170619026288866 0.0480789836068761 -0.428023364297689 0.441738052526589
-0.042223667408002 0.0416821320531866 -0.573747701923406 0.487195083771521
-0.0219106014647908 -0.0266948093155113 -0.537993745311251 0.375808827534374
0.0208260112907163 0.0338329548251437 -0.382177867675201 0.35675773374464
-0.0442425596757083 0.0909862572727298 -0.32759538241097 0.210589542998918
-0.0176938619729308 0.0516360828796744 0.299271474986096 -0.194820543104258
0.0127160807054457 0.010351084853385 0.326155416644593 -0.337343021569761
-0.0185286005850312 -0.0342702418212031 0.432696739547409 -0.471735801246668
-0.0383960803774691 0.0212935261320188 0.37510600277356 -0.617779433734508
0.00660195586899759 0.0383682849471628 0.281334738797756 -0.563562621881803
0.0199552378630255 0.00512960800280677 0.204237016288415 -0.4016736462658
0.0233753987929618 -0.03048219761725 0.120979810196505 -0.217047570332223
0.0319367438835256 -0.0171128745507974 -0.00962092687755183 -0.0301481254417654
0.0176278755403439 -0.010569082186666 -0.127333218232177 0.106798473120177
0.0237732328123833 0.00968695270953606 -0.280252091939656 0.295552264996011
0.0104599854436001 0.0453206275036953 -0.461790480235404 0.422079437701811
-0.0399942919356051 0.0331397899126574 -0.6290263428829 0.442321736510921
-0.0125345514846892 -0.0237018601975583 -0.557296976263923 0.326342296870295
0.0154694293124208 0.0378765832067884 -0.394323030832234 0.351339561281724
-0.0481626535265089 0.0743833779944617 -0.33661683161038 0.188487060379783
0.0362229960208551 -0.0576094747595765 0.319589227785005 -0.0447042061934648
-0.0301926773811516 -0.0275207050781406 0.398564745887054 -0.305589872445929
-0.00532039459811819 0.0119081031700043 0.512196959513091 -0.259635466633948
0.0184886438167601 -0.000437058679355774 0.632283044009579 -0.422304527829014
-0.000605715428494587 -0.012952515173675 0.468583995846072 -0.487562366027196
-0.0201864951894532 0.000233916614240909 0.258570724667396 -0.348388473985833
-0.0150946579531952 0.00411416340256188 0.10689268277316 -0.166214118802518
-0.00639315003028786 0.0309950537823663 -0.0408337612265722 0.0106020876486531
-0.0224468138171677 0.0267942429717257 -0.150741071964013 0.157505099659586
-0.0202401370466784 0.00045085759130909 -0.231570761554344 0.360177501526765
0.00384635287620707 -0.0121661322121501 -0.284106884364724 0.503508853971755
0.0343707188818549 0.00292065023040846 -0.363097013818655 0.599049631338271
0.0110549703970796 0.0365150355611528 -0.407490927339831 0.52414791146627
-0.0302403491132552 -0.00408044556480906 -0.322264399083398 0.405549263206577
0.00085532517463215 -0.0419796446249942 -0.290095260924357 0.285884037521587
0.0195930167671669 -0.0293356090743155 0.319710993681959 -0.0305726524307642
-0.0213353372182225 -0.0156067724172313 0.410358524424015 -0.309947188816554
-0.00413680851610581 0.00111733984234211 0.506558676965378 -0.244885497689452
0.00337597202387226 0.00249560207965089 0.648400103381339 -0.404929789673373
0.000184128093432507 -0.00278989462828719 0.48295539229273 -0.484269415711209
-0.0108300130677307 0.00244307616512669 0.25872443351118 -0.347981306113429
-0.00517789602601838 -0.0033714436834321 0.101718350180534 -0.162278720110905
0.00362887913977443 0.0201883024271382 -0.0440896275363933 0.0165930716960213
-0.0117716518060088 0.0182460003457051 -0.15237306976434 0.165494954254639
-0.00980715995223817 0.00212350869629417 -0.231094044390946 0.365127883886529
0.00877679881670487 -0.000889025899411489 -0.278730487608568 0.503084605142956
0.0205177112606294 0.0123079750816252 -0.345954301886027 0.601215072449415
0.00477039553895678 0.026575018819364 -0.395464103428087 0.535735887654192
-0.0194187058210972 0.00363836367714362 -0.323532498948932 0.408707491564063
-0.00445982522088115 -0.00935773878547347 -0.285600516615196 0.286548368250174
-0.00338710751908664 0.00121152722685047 0.322824612413001 -0.0342675080464644
-0.0123502289470162 0.00151864469842433 0.408329867450634 -0.317590964157405
-0.00103757323297582 -0.0084785356761734 0.500753541422121 -0.251925460564236
-0.0123781046673228 0.0020685595967676 0.641939591405607 -0.412322341706366
-0.00171274011452905 0.00982599567674325 0.476341071640428 -0.495480547278218
-0.000658357406319176 0.00576131488611757 0.254356012737828 -0.353096060253237
0.0059768797203831 -0.0105643494721434 0.100460219548074 -0.161746425238452
0.0163639457391879 0.0074666969410825 -0.043429488415363 0.018215852167871
-0.00028749818242186 0.00755954853672846 -0.15288665443359 0.16598777992847
0.00227609354339317 0.000927874640856654 -0.235178552962803 0.364573781809852
0.0153119095336601 0.0111537391899456 -0.289056416564198 0.499708019230177
0.00722420292272095 0.0252277325129373 -0.353242295163651 0.595699570245022
-0.00645059363890064 0.0136128207391226 -0.40165806915506 0.532648149277395
-0.00706847274696832 0.00917696961160152 -0.32875535532283 0.4052284879584
-0.00786052495111045 0.0248127520074426 -0.287818108996787 0.281739106216849
-0.0236366733496931 0.02948137828838 0.324486476536251 -0.0545763283933195
-0.00376679516664172 0.0171641353711521 0.394559542644454 -0.32367342120305
0.00120019408799112 -0.019019016210486 0.49326256748632 -0.275279886251278
-0.0283617823698352 0.00163171824860629 0.61608227912574 -0.443050255934392
-0.00216560062938014 0.0224172260285568 0.451693032934249 -0.510273186574044
0.0100389572142415 0.00934062923889348 0.245319797558268 -0.360450379422599
0.0161059044791688 -0.0174629928970185 0.10205616682631 -0.166280350808605
0.0264867259913857 -0.00511993013700199 -0.0398908142605255 0.01444812213689
0.009803411585566 -0.003184993372205 -0.151281212802132 0.160051519305441
0.0135265470926269 0.00018913231507501 -0.243428540049993 0.356816996075681
0.0212215321602951 0.0235509184477074 -0.311943179182001 0.490333696132825
-0.00824348443365343 0.0373555395189632 -0.386236944926578 0.580894593010023
-0.0182104912324943 0.00204895384410507 -0.423283307452181 0.514176011543112
0.00450075449917469 0.0125194452226628 -0.337725049647097 0.395305876187714
-0.0130020505325491 0.0543554750317329 -0.294653872262918 0.269387543755975
-0.0349619899473963 0.0523710104917954 0.325480276667862 -0.0891819554244942
0.00622279991039854 0.0268330491059012 0.371752988085637 -0.330859859618408
0.0011716420045361 -0.02858278230685 0.48719846415467 -0.317247246381963
-0.0400675724663854 0.00473334797326285 0.569694681612759 -0.49213871506087
-0.00191634862761848 0.0325962291695089 0.412601952017397 -0.527236362249906
0.0180209451609106 0.0105145680942851 0.233618621127201 -0.366998050530875
0.023979605961054 -0.0240491601410976 0.104631617595149 -0.176933289538537
0.034102094691723 -0.0147399731020992 -0.0342289149664409 0.00710819923201867
0.0175929042392905 -0.0108133266977396 -0.146660134994537 0.149536713689417
0.0224210739237783 0.000588170905947015 -0.254460609029869 0.34362254377142
0.023560802856727 0.0346817808932015 -0.34535273819807 0.477120449597822
-0.023802897902588 0.0453214582372515 -0.43856809035094 0.55705737157459
-0.0253055018477062 -0.00991194410461247 -0.460977475318122 0.477437627484501
0.0146402376505157 0.0187491663972197 -0.351671244379348 0.381509826028331
-0.0207300905509223 0.0773150238576672 -0.303243282514041 0.251011360274859
-0.0361529071988512 0.0654260598834912 0.319589103114758 -0.127956788114977
0.0147304514807874 0.027033169906641 0.349666213069526 -0.331663397333416
-0.00490344278878167 -0.0363340505024978 0.472478810512169 -0.36685452204184
-0.0464046414533664 0.0116068576440909 0.506677362293734 -0.543257777953773
0.0012083179207719 0.0399965490244405 0.362378051616413 -0.542361035142573
0.0227579378740338 0.0104304773418414 0.220091572327293 -0.378458677047676
0.0272251347311238 -0.0299090010178783 0.109710264141349 -0.189962024674784
0.0379439423784521 -0.0206911326696629 -0.0247493747556189 -0.00421338976717724
0.0214971100814165 -0.0142780639736482 -0.142116142038918 0.136483958843197
0.0276653627687254 0.00311739626314059 -0.26146696052377 0.325124532730768
0.0223647101187087 0.0432429184049324 -0.383247890402771 0.457899839152281
-0.0350999805744316 0.0467276690202219 -0.501628805815292 0.524287595421219
-0.026202333198054 -0.02062254548731 -0.500178625422932 0.428705389930309
0.0199734561246359 0.0268141093013141 -0.363259099731929 0.365626504038498
-0.0324160008822093 0.090475579426696 -0.313305543393906 0.229373076042532
-0.0277759167787464 0.0647185512232985 0.309630076073402 -0.164833195869326
0.0177902469927689 0.0191543270060646 0.332681886422299 -0.332484107477348
-0.0130399742234534 -0.0377232077175578 0.452268552085041 -0.421591099812384
-0.045523354126333 0.0187036013993832 0.43524777229647 -0.586082796211904
0.00454438946428369 0.0420151080819726 0.314975918165812 -0.554118810459142
0.0233125934950934 0.00703446543398062 0.210083402335483 -0.388701228680239
0.0278107742015292 -0.0308093509239062 0.114135399675716 -0.201973250071544
0.0363995168770004 -0.0220332726130138 -0.0169818356066385 -0.0163225933458431
0.0221253330714071 -0.0144417189192443 -0.133782271079859 0.119859156824941
0.0281686708298462 0.00686557718714108 -0.269480178235248 0.306279174169714
0.0173068464572073 0.0472179824350226 -0.42203603498954 0.438444561214092
-0.0410984651603787 0.039565314203881 -0.564973223630979 0.481710893909048
-0.0202304586066393 -0.0252806029196662 -0.530950290039364 0.373433574148321
0.0206234835683026 0.0333173788996758 -0.378648187782193 0.354241367213172
-0.0424820374151995 0.0894262273160496 -0.32291856932664 0.206842526479966
-0.0174536892491363 0.0511032254565617 0.297421215438129 -0.192361336679676
0.0136025548100142 0.00960740111411638 0.321265332065008 -0.333322504455459
-0.0178323826336422 -0.0326461922025804 0.424993506549917 -0.468471565311021
-0.0390048045658242 0.0211971415333177 0.370270758059562 -0.611111595384437
0.00730504668042598 0.0364080720470194 0.276608205447203 -0.556082417638551
0.0199996535761092 0.00493610856611543 0.202236753160451 -0.395832680546214
0.0232761571763689 -0.029597040434128 0.120034581881675 -0.215106410093287
0.0314897252840887 -0.0173824187031355 -0.00835190494045982 -0.0286349632406653
0.0181805027736901 -0.0107635975374806 -0.125998241169557 0.105377054192495
0.0240969652374846 0.00967966538153175 -0.276140360306457 0.29045970996011
0.010231064739532 0.0450924151631063 -0.456237488196346 0.417796676150223
-0.0397880505162827 0.0318803158810205 -0.62147788112404 0.438432698011449
-0.011941561399473 -0.0223186729669054 -0.550634494273921 0.322392730415089
0.0138402710495187 0.0376843416877797 -0.388158931004958 0.347362533894528
-0.046682241195163 0.0738140242709983 -0.332531553657816 0.186406314253648
0.0354632130124511 -0.0581717568957937 0.31779014653861 -0.0435667347906198
-0.0291750658390125 -0.0277382392262748 0.396450863241618 -0.302999431307132
-0.00480966454917836 0.0119295001353843 0.507490006558499 -0.255584723714683
0.0183557779869356 0.00069376925830448 0.624710435506602 -0.416441363107772
-0.000249352066971946 -0.012266116233923 0.461975375688331 -0.480661098634909
-0.0206379630067243 0.000413241421915501 0.257320352004456 -0.345888061870618
-0.0151863042918323 0.00308452223307897 0.106813451645677 -0.163954439272634
-0.00544357611176134 0.0316479519578634 -0.0402708414526606 0.0105080624738334
-0.0218101672591155 0.0268560101703384 -0.14903254732321 0.155633542256434
-0.0195610388068155 0.00138645036367732 -0.229036728921732 0.355866373032084
0.00449786932370011 -0.011656376367986 -0.280784108890846 0.497825461342471
0.0343745017927981 0.00325360999751463 -0.359066351915296 0.590947724406879
0.0116501059207497 0.0359631943817086 -0.4025001650595 0.518361279987321
-0.0308937906819178 -0.00371855600151701 -0.318841974577302 0.402594923421383
0.00144617800143277 -0.0415690433662013 -0.287552965696492 0.282722930521395
0.019814083097627 -0.029151561414676 0.317394298390869 -0.0297356791374556
-0.0205159588791374 -0.0155167601513347 0.404005423397594 -0.306330304021548
-0.00435457772285315 0.00130977010263316 0.501604424530332 -0.241950441824152
0.00309869894587061 0.00244369901070782 0.64058140397527 -0.401078746590173
0.000783083260310728 -0.00219768416178612 0.478295565407129 -0.480009777870009
-0.0106558483242248 0.00302012349898834 0.257125355912959 -0.344287483773281
-0.00429796381463557 -0.00221575448448047 0.102284177504927 -0.159381711354824
0.00451999132391045 0.0188334718427367 -0.042417060834015 0.0172748210511916
-0.0114646328802043 0.0190636667761632 -0.151536845373624 0.162275811491921
-0.00885694682352284 0.00206087464373527 -0.228965185763728 0.360020668465224
0.00885786053904386 -0.00165081295976702 -0.275273946125104 0.497142664219517
0.0206445709662478 0.0126859468460102 -0.344170237533937 0.592570293738249
0.00444522256501688 0.0257228190490403 -0.391587758805886 0.531393945867242
-0.0191399794393667 0.00341391156360489 -0.319410367455727 0.403584363739284
-0.00311083160145259 -0.00951169142175695 -0.284039847115648 0.282748017081012
-0.00345878317565935 0.000327649395743311 0.320330215448159 -0.032575431719669
-0.0123547774610022 0.00167917793718857 0.405149330372894 -0.31316952826389
-0.00170467711445322 -0.0084043230663562 0.495574333499588 -0.248762140453219
-0.0126841623022784 0.00198627832119053 0.637671283299839 -0.407710612801937
-0.000994735775179097 0.00949724491071601 0.473459132427947 -0.487251109890057
-0.000716673218041816 0.00638410996332715 0.253521772430123 -0.349176625459748
0.00623659805337276 -0.0100939979680854 0.100041885141572 -0.159555041012747
0.0166110324150895 0.0066099606177197 -0.0433495907231124 0.0186774917717509
-0.000731739362971867 0.00790511266875503 -0.151701192693212 0.163890276701807
0.00270557787298494 0.000241174592800231 -0.23391266814691 0.360625932127865
0.0152963086422238 0.0110690341821251 -0.286798217593048 0.493406381735769
0.00708372992789771 0.024976080419978 -0.351221256951252 0.586066490470758
-0.00789961696662237 0.0144243649611663 -0.398742291810833 0.527043427001575
-0.00753567950118933 0.00770967749733585 -0.325083096564418 0.400538900094039
-0.00683194917401206 0.0249930077316339 -0.286445228396479 0.277354235478802
-0.0235935652142911 0.0288289315422505 0.323395046889963 -0.0522734023737143
-0.00345426342720801 0.0178196135048264 0.391274696731145 -0.319678008685826
0.00139505442882278 -0.0176081824615177 0.489042377353107 -0.273499676515371
-0.0277152672719655 0.00257613646456703 0.60884337511143 -0.437912546150531
-0.00265067843951047 0.0225780614335385 0.447534633300941 -0.502596936110665
0.00955399028137722 0.00888120910701885 0.243792431261795 -0.355599125845064
0.0159329591356556 -0.0171481916016079 0.100914491034286 -0.164938159271589
0.0261108890023371 -0.00510424728475354 -0.0408047846671819 0.0156305611831812
0.00947371272970095 -0.00175835017004475 -0.149980183510341 0.157579838215357
0.0135187522703824 -0.000501172446961042 -0.241084640517214 0.353427413721542
0.0205597433252236 0.0229420738088404 -0.30832138882811 0.485293015698892
-0.00801295893667394 0.0368504071580731 -0.382839046651918 0.575363636523556
-0.01761033507328 0.00259348887753104 -0.418828333608739 0.508814297417393
0.00437503808932907 0.013272910416685 -0.335453670747475 0.391613290923075
-0.0123441841081897 0.0544934146625447 -0.292190177946501 0.266592033326752
-0.0351539397841892 0.0518025556203215 0.322548912392322 -0.0872776156537819
0.00649796653807513 0.0262474497882271 0.36790857320994 -0.326298625584164
0.000970646135194754 -0.0281313144606591 0.481703242897298 -0.312483483627645
-0.0402402293834561 0.00557425372079737 0.562522688218951 -0.486241408693526
-0.001677883628478 0.03228513939858 0.406006806055557 -0.520103849064864
0.018024833304112 0.0108050438556011 0.231871948222568 -0.364202433524901
0.024346204878598 -0.023340710604354 0.104778088069336 -0.173876767175263
0.0334990971579628 -0.0149975810422204 -0.0321382686441975 0.00673280963600568
0.0170581998224043 -0.0103746317191305 -0.146204196367572 0.148453199087641
0.0226531547243707 0.000737122670459179 -0.250149344566687 0.33916082696803
0.0239485357725831 0.0336934567668201 -0.341495009622372 0.470146214596318
-0.0220032033681584 0.0453430396191987 -0.436402947601016 0.550629330562677
-0.0252277921716373 -0.0107494772324871 -0.456092895001061 0.470012766926696
0.0137929947461614 0.0189697694275114 -0.348067903176196 0.377045859320323
-0.0206190025115099 0.076321330887302 -0.30012563696998 0.24849759195801
-0.0351728030181671 0.0641526774669269 0.316836431966499 -0.126921306370216
0.0145981398792838 0.0264418933941987 0.34583016837387 -0.32888174514592
-0.00533706128397822 -0.0344334208095253 0.466501291206715 -0.362710243958148
-0.0460174743911411 0.0118677123218229 0.499833373561385 -0.53862210174196
0.00117580994055964 0.0393747839398926 0.359381820484436 -0.536847994532027
0.0221552275359308 0.00976768812846058 0.217926661463221 -0.374015327419074
0.0276675011922881 -0.0286866790640199 0.109110933010912 -0.186792913434086
0.0373789552188997 -0.0208945357901645 -0.024893070669633 -0.00407549829815439
0.0216076688505336 -0.0145303952072932 -0.139620657297261 0.134496109172082
0.0272825689385798 0.00330904640068897 -0.259567105497354 0.320915127332985
0.0217241598355135 0.0424455948245029 -0.380202389957388 0.452745139600922
-0.0347178346504945 0.0459682327282598 -0.496799396220154 0.519204933008913
-0.0262781344633766 -0.0196409884468856 -0.494216911570929 0.424560368020649
0.0200578017058825 0.0260826026680925 -0.361352143046883 0.361900398414239
-0.0323735733956618 0.0892504495622702 -0.31021499385525 0.228269980915739
-0.0270570947797327 0.0628329559604605 0.306574060453223 -0.161510242271717
0.0175356204087096 0.0199751240904356 0.32842238508882 -0.329111566843732
-0.012565615859718 -0.0365651026586818 0.447744142340596 -0.415386437469847
-0.0458790735689862 0.0183058379741504 0.432399102278616 -0.579872979372878
0.00457855016906318 0.0410522412723533 0.312545569929794 -0.545385821273425
0.0225873075158038 0.00777258458682517 0.209232196964621 -0.38205304906581
0.0278404578672216 -0.0308248305394372 0.114868114751327 -0.198827981569846
0.0361100361689194 -0.0214379726239409 -0.0163136852204323 -0.0173626223354029
0.0225330927300272 -0.0144039796414406 -0.133028824979448 0.117285075160213
0.0274845045967104 0.0068241761577621 -0.267514259713244 0.301901854618004
0.0161870877128054 0.0460630410522557 -0.418130957075317 0.432347050422602
-0.0409164528256636 0.0397907420943288 -0.560724897002287 0.476062608159223
-0.0202476421366644 -0.0243969023212812 -0.523946539650198 0.36881039359914
0.0195340644229377 0.0340407065918949 -0.373584690846902 0.348704284214582
-0.0423436016525442 0.0885816233345019 -0.319290289641724 0.204837898355105
-0.0175611762536436 0.0509605743856121 0.294719686269263 -0.189393969013964
0.0135781754306878 0.00995419330681447 0.319534301533491 -0.326916633059384
-0.0176477491612063 -0.0329267069167479 0.420675817404949 -0.462829662059053
-0.0380739431877518 0.0205746340846888 0.366811425327476 -0.604240060342758
0.00761051289457719 0.0365602476423548 0.27440317584778 -0.549436176695641
0.0198590091196105 0.0037059698923297 0.19956893416138 -0.391562966801102
0.0232868381034385 -0.0294007419846004 0.11842563174669 -0.21284230123082
0.0311505236239859 -0.0161692167168996 -0.00747384594415109 -0.026737228606259
0.0170831632378394 -0.00984928577959721 -0.123985062178674 0.103405947640631
0.0231370687623601 0.00939868888722171 -0.273112600172277 0.286358840426787
0.0101559033464007 0.0438496439052209 -0.453564211234748 0.413643633153336
-0.0400543721314009 0.0311650338162114 -0.615576486715874 0.432500621906475
-0.0119921290664649 -0.0223407827742027 -0.546208515598802 0.31822549687806
0.0142236996095033 0.0375242434617485 -0.384247358716904 0.34390953575601
-0.0470880664320911 0.0734551666749284 -0.329507898358067 0.182506907002799
0.0358838646251027 -0.0573086409747981 0.314930301839663 -0.0415730744495934
-0.0287170234442849 -0.0267470406334182 0.395007081835682 -0.296939989665966
-0.00446063080635231 0.0114415738207459 0.503038555477247 -0.250752963653229
0.0177791083260913 0.00108740602571654 0.619815040125992 -0.412251034881827
0.000228860953342515 -0.0133235691481032 0.459174304784466 -0.473239088079712
-0.0207252059837152 0.000744575645221037 0.256341183494513 -0.341585270521651
-0.0149436579373444 0.00402641463334022 0.105902572912639 -0.161268734288739
-0.00568529890506532 0.0307582181915392 -0.0395499122770001 0.0110730411832823
-0.021757967882584 0.0264652090553937 -0.147577156561247 0.154255544647428
-0.0200400581428445 0.00187431426764145 -0.227340647832693 0.350494678552261
0.00360079213470711 -0.0130648669709051 -0.280737712176535 0.491241191681612
0.0347928373166059 0.0026885853540666 -0.357829399269566 0.584984689267559
0.0112443233717533 0.0354820600260692 -0.402965410727972 0.512397733274255
-0.0300191855805394 -0.00375928897816166 -0.318547337282394 0.394871629245094
0.00194452604865359 -0.0409343369340784 -0.285763250769722 0.27826814324388
0.0186730532817165 -0.0292970470206657 0.316180952941109 -0.0267855496944465
-0.0202706014226412 -0.0152287531065057 0.402716329840014 -0.302414494897186
-0.00425027394273053 0.00174457205919324 0.498080093931469 -0.239239147465477
0.00291366919272112 0.0027200500460848 0.637140545295163 -0.394611923035813
0.000792632163128692 -0.00245130050758171 0.473793168828991 -0.472932464320882
-0.0111370380176324 0.00167624762459905 0.257062354373226 -0.340183011477182
-0.00554427543410298 -0.00263334324949476 0.101127602435634 -0.156974501059833
0.0047998162362839 0.0198248444711193 -0.0421321202055698 0.0172260329447291
-0.0111611727952431 0.0184820936275936 -0.150599979951518 0.160657825618947
-0.00893010719015521 0.00264088752159475 -0.228061114741173 0.355363668577838
0.00871019655270353 -0.00135547189321835 -0.275384940603886 0.492505874791506
0.0207415806979113 0.0122295501786074 -0.342998591118497 0.586988799268011
0.00405687271936355 0.0255273212432545 -0.38962561157894 0.526426991978307
-0.0190264132014537 0.00372824849306114 -0.318530053164708 0.398155152496494
-0.00308445710693627 -0.00897591397895457 -0.282521999406875 0.279136840951161
-0.00420640621533879 0.000920749495460657 0.318792215395679 -0.0302831819224535
-0.0118026953618196 0.00211632022530179 0.402784378099011 -0.308043007058407
-0.00165651332435352 -0.00851433624779748 0.492753947989006 -0.247189040376813
-0.0129017024115934 0.00232275837003757 0.630988196107989 -0.402577652808956
-0.000525311548953132 0.00923276015374367 0.469895128251278 -0.482695037444668
-0.000660500544012413 0.00596352786793919 0.251524904910864 -0.345136752928641
0.00624964438901707 -0.00989410617550919 0.0992340958010377 -0.15801579906733
0.0173782119445444 0.00679722947708833 -0.041930748365428 0.0183105352508433
-0.000788038608453214 0.00755188390919493 -0.151481711158683 0.161694548354603
0.00181144708533095 0.000684519129880391 -0.232538197791038 0.355430721721922
0.0148065114822175 0.0102364068706396 -0.285681671197135 0.486440246014071
0.00647291627981549 0.0246343837719714 -0.348259322929689 0.580667863820569
-0.00613578347069644 0.0141221778401273 -0.395636126653584 0.521237985618163
-0.00704074860456021 0.00863621956191925 -0.323318365723662 0.39473930451473
-0.00803728217431777 0.0245931160041601 -0.284469789799508 0.273159444975431
-0.0242088981782984 0.0288456182057185 0.321347822555279 -0.0504159434991283
-0.00274467667615945 0.0169677531314867 0.390052702319248 -0.315767640568629
0.00127277984991826 -0.018317594282376 0.486591959047322 -0.268005625604531
-0.0276264620151817 0.00261320390648528 0.605030116128193 -0.432926636337639
-0.00281245589213684 0.0212189178726414 0.444672458233988 -0.496476030593964
0.00927994574273329 0.00923701597991822 0.242524377200672 -0.351508351645794
0.0162629384948084 -0.0172578074594487 0.101031349256937 -0.163153777142084
0.0263107246530101 -0.00584600830556929 -0.039175748028399 0.0153942751837245
0.00968130993418103 -0.00155367820458218 -0.150026916166991 0.156877502092935
0.0134236028379906 0.00100689399649179 -0.241048661757699 0.348922504293977
0.0204178233815923 0.0222160904500139 -0.307153373143123 0.477266594043886
-0.00770065936678533 0.0366532225766923 -0.38273626497607 0.566261004774176
-0.0169112207925547 0.00262290957654334 -0.418519679771018 0.501276766561285
0.00385467878266835 0.0132851389301161 -0.333902758076876 0.386055085518974
-0.0128254588403328 0.0534645788622739 -0.290139290589737 0.262679348586021
-0.0345522347443668 0.0503773359949514 0.321321441445039 -0.0842506554484964
0.00593669395236688 0.0266419804046659 0.366909213329845 -0.320913020691815
0.000499732503955234 -0.0277035699504546 0.476981148560633 -0.308016427185309
-0.0389634441453036 0.00564013070858589 0.559258529635241 -0.479609435166519
-0.00190729612888459 0.0314582476972274 0.404631712115838 -0.514881640276365
0.0171689243671965 0.0107081598768235 0.231632835004858 -0.359022282993643
0.0234447957758654 -0.0234242719669646 0.103677158977402 -0.172809416809032
0.0336535346129694 -0.0147122298547352 -0.03242136750916 0.00686097680894501
0.0171484182408127 -0.00949630092036062 -0.1463519910847 0.145850056125221
0.021823142813279 0.00113528605428807 -0.250785628101656 0.333919700074979
0.0220352710157908 0.0333879753221834 -0.340675899395933 0.4642477454379
-0.0216281853140529 0.0441261308183804 -0.432354157106407 0.542901792907238
-0.0250975670178015 -0.0105497227366133 -0.453432586117552 0.466148775841415
0.0141374305815151 0.0190809523896887 -0.346349047982896 0.372021729701003
-0.0211943842318918 0.075916158985606 -0.29916744308618 0.244944715013685
-0.0352793364585085 0.0642765617103746 0.316466566333039 -0.124412404253363
0.0149977002150972 0.0267255549648247 0.345087710318126 -0.323882264392436
-0.0048112616156074 -0.0346900714879326 0.465199441755271 -0.35797290600348
-0.0464349715750075 0.0112381720453123 0.498073042464908 -0.531012846667194
0.00142193304193927 0.0393719430688058 0.3558806044713 -0.530183692908718
0.0226584657365341 0.00938190266307375 0.217505899867831 -0.369673022932133
0.0270017022257175 -0.0277267209967989 0.108956187826288 -0.184790488936108
0.0369989853455268 -0.0210834133997856 -0.0241278390895933 -0.00485086837131995
0.0219406650690845 -0.0135428234446238 -0.139833524313803 0.132568855248218
0.0261211197922448 0.00364979640997482 -0.258475809553329 0.317090465166869
0.0211998372435737 0.041024560478833 -0.377818836579066 0.446325580163684
-0.0345967925244993 0.0448468003739611 -0.494131550725191 0.511392455207587
-0.0249880408361003 -0.0195669061252581 -0.489794963465755 0.417591422944078
0.0199595223437375 0.0263371010340029 -0.360565322288942 0.356423088988748
-0.0315837525654635 0.0879821379610141 -0.308903164171467 0.222902489724867
-0.0280305256393171 0.063034446046484 0.305907079811718 -0.1595236837366
0.0173763065643522 0.0196468307439025 0.327021923097037 -0.32374690815812
-0.0117077817741825 -0.0356266808726137 0.445236846882037 -0.409905389668265
-0.045274443905529 0.019088596780068 0.427830318921165 -0.571571084658369
0.00510861948297689 0.0408861282451781 0.31064862382523 -0.540157579782493
0.0228651557058781 0.00774542279729402 0.207112512265714 -0.378315730374291
0.0275418900130528 -0.0302330279208156 0.113819313581573 -0.196893307226436
0.0368560903801885 -0.0208075450382708 -0.0152714459261831 -0.0161302747522528
0.021197562275191 -0.0128869640603414 -0.130775755684566 0.1154170478981
0.0271094881138219 0.00664058407848095 -0.264169580013482 0.299233808144458
0.0161711397400807 0.045096048229008 -0.415920372787288 0.425964754956145
-0.0404941940699301 0.0393379070640622 -0.555311350577573 0.468759568405101
-0.0199643834361268 -0.0246933757727116 -0.521970238136597 0.364549108696856
0.019549511294527 0.0339857725780527 -0.371623791013429 0.345213030047988
-0.0427024834354928 0.0881660987022203 -0.317522224754151 0.200883058948491
-0.0181398986382094 0.0501159240412911 0.29338740823325 -0.186350524094065
0.0139398207281952 0.0101665525091664 0.316966323783547 -0.324745921818005
-0.0173546782080622 -0.0319816107448212 0.417986786071687 -0.456202197130594
-0.0388462544356881 0.0206409562158376 0.36372112099246 -0.596186362515457
0.00778876603941693 0.0367051170770465 0.273514530199144 -0.541721387896714
0.0195808286772732 0.00503601404248294 0.199947693723461 -0.387571568825529
0.0238816248719442 -0.0287997097433397 0.118770115490553 -0.209237463541908
0.0316351025030308 -0.0172478680958289 -0.00798769829082752 -0.0284263900534652
0.0184507926936022 -0.00920106389075277 -0.122899611486532 0.101557317047524
0.023468885904032 0.010112097273108 -0.271977066832935 0.28236873424698
0.0101311589126329 0.0432241322842325 -0.449991246141332 0.407881389734713
-0.0379691585639479 0.0317446798102943 -0.609823603399771 0.425979093461418
-0.0113968612969367 -0.0225824446589021 -0.541588226305909 0.31330500294574
0.0139879000199006 0.0376596735560008 -0.381926262877853 0.338685366857355
-0.0464410733101246 0.0728157578659125 -0.326907370616551 0.179620468522142
0.036189394768525 -0.0563110233188012 0.313319246210267 -0.0393744818635747
-0.0275307268707156 -0.0271338037322744 0.392910558864437 -0.291341749596903
-0.0041408089862692 0.0116086447769157 0.49958509079906 -0.247184666698806
0.0176131199948814 0.00120885808560634 0.617825249839396 -0.404749192483884
-0.000959145470094863 -0.0128802927785094 0.457814459182474 -0.468193885438436
-0.0209936376492037 -0.000217458691250652 0.255958058489155 -0.336071886371774
-0.0141919978065241 0.00463229681048677 0.105436333855143 -0.159518924799705
-0.00452295259238375 0.0300911348345092 -0.0395746156920494 0.0107747335447951
-0.0221651767412943 0.0282486717042133 -0.148126793094888 0.150937779583166
-0.0204997629712609 0.002089478666772 -0.226737981827229 0.347479509860773
0.00367636048541698 -0.0128107951295915 -0.281085132489424 0.485014827795342
0.0335686764013114 0.00243585186654 -0.359849939177398 0.576504943180172
0.0102977476595957 0.0359012087064947 -0.400114738358345 0.507634269900641
-0.029541585238516 -0.00385764646296825 -0.317964895600862 0.391056283804679
0.00269478661303524 -0.0408070316112776 -0.285153779058169 0.274751787188572
0.0191603873982607 -0.0287476571364324 0.314054708252902 -0.0248637572113567
-0.0189020194149888 -0.0147550191003576 0.403039062919956 -0.297381609194788
-0.00378057680281219 0.00142119354168629 0.496042814638164 -0.233902396083249
0.00269929155916095 0.00334325832750516 0.632552205508833 -0.387653552640887
0.000847774398845097 -0.00210321080257877 0.471301357162484 -0.467258375365268
-0.0109741800445429 0.00262562942182431 0.256399179580001 -0.334791562693573
-0.00495473577524609 -0.0014491208031609 0.10206390810237 -0.155126162278917
0.00550703563226931 0.0186099636694664 -0.0416947143517776 0.0172911870097052
-0.0120225811911845 0.0187189801236289 -0.150336693360875 0.158433086037156
-0.0098124792662728 0.00132265227020019 -0.227148178015268 0.350778960874869
0.00814978139832064 -0.002026034358236 -0.276540371764381 0.486056560774273
0.020508576872883 0.0119851866495341 -0.342503823932518 0.578543854420178
0.00378039478291456 0.0261868262208084 -0.388268141613806 0.518959636032549
-0.018788760157005 0.00378095424562831 -0.318226880555019 0.394582430575402
-0.00295618990824252 -0.00845926306866944 -0.281543605879718 0.275828479515206
-0.0028858316366027 7.21446377839035E-05 0.316693290537651 -0.0278894597131356
-0.0113420370528904 0.00147085290586782 0.401980170638237 -0.30353704990791
-0.000661935698124313 -0.00761687434332339 0.488618918299261 -0.240668977088729
-0.0133719241814537 0.0019055335125828 0.628352172792598 -0.398320643173825
-0.000978327992347149 0.00896560538836175 0.467115346333642 -0.474811812329809
-0.00092684590993646 0.00563642154909085 0.251866070671344 -0.34001278788883
0.00622290440358217 -0.00930171075674049 0.0994422818962094 -0.156326460972248
0.016198096896054 0.00663317532903844 -0.0409114081044635 0.0182619439819645
-3.38126779530126E-05 0.00891531800986197 -0.15104491876441 0.159466774108635
0.00189937105762474 0.000834702528623441 -0.231450759317081 0.351764375446421
0.0142119983660015 0.00997529013559562 -0.286844187368704 0.481605546032091
0.00675550609058365 0.0241325395129172 -0.348920116930004 0.575293758120993
-0.00620747091015604 0.0138750671724538 -0.395069640363178 0.515582120672623
-0.006988087144577 0.00918300668626731 -0.323101929605974 0.390389499863529
-0.00746764778591251 0.024879184694732 -0.284192491036258 0.270243869102295
-0.0234899840932575 0.0282309409842365 0.319413707030248 -0.0476527783786211
-0.0023205647546275 0.0170974306501207 0.390126569202236 -0.310966681511543
0.00169941623622135 -0.0171624963965751 0.483649968489816 -0.265027367192077
-0.0279800475932251 0.00210171801064943 0.601197943407921 -0.425296269991697
-0.00260248805765619 0.0213284925492395 0.442357672744679 -0.490310828511826
0.00893224848460001 0.00843449118557696 0.242285800237807 -0.347138505010145
0.0161479697800311 -0.0160050396194737 0.0999941470873563 -0.160363243186797
0.0263889651185789 -0.00485321107377485 -0.0374526569791099 0.0148333909698444
0.0095070952754175 -0.00111493970390479 -0.147991043553854 0.155482565375238
0.0127232902887466 -2.67905965842118E-05 -0.238988290192756 0.343010734082454
0.0195861023010257 0.0229282569988945 -0.307119714381542 0.474153004463999
-0.00786311147018834 0.036797342455737 -0.381034034891128 0.560623452333435
-0.0167580677306461 0.00274799098519935 -0.417147544581978 0.495809666456759
0.0042702774849986 0.0134982418877734 -0.333454559304053 0.382418789816892
-0.0129683946429897 0.0531844758294326 -0.290295668139523 0.258023643236515
-0.03497463694397 0.0501327107386672 0.32028181261778 -0.0807879443271083
0.00668921350120692 0.0274485427515599 0.367625721056941 -0.316743644069736
0.00114099120175098 -0.0272940955561326 0.475412884370982 -0.303920081691574
-0.03962532960704 0.0055463764410425 0.556645556453891 -0.472855799868508
-0.0016276502290183 0.0316384455155165 0.404187828620803 -0.506917983272485
0.0170194531164508 0.0108391713098715 0.231375990942275 -0.355524763623782
0.0234023961562392 -0.0230536919151731 0.103546653054009 -0.170594790015906
0.0342445926525566 -0.0146880686705276 -0.0323579815764146 0.00674138865794107
0.0165632444697336 -0.00861515629055693 -0.145351282642025 0.144571656479803
0.0218910010181753 0.00111181538854541 -0.248792538770963 0.329315286224271
0.0225443089156243 0.0330956719129607 -0.339378658459223 0.458520852339519
-0.0224788962716706 0.0440661966147146 -0.432910542118187 0.53705781911746
-0.0245158737020159 -0.00976178825677157 -0.45218020589772 0.461258116464754
0.013641782931207 0.0186064307447281 -0.346297588129406 0.367976688960462
-0.0214980638443242 0.0761983147626783 -0.297672525006431 0.239758795987878
-0.0359339318163263 0.0636095146115499 0.315105073441508 -0.120047294654646
0.0147448718517053 0.0267733049530646 0.344043097186421 -0.32031075749733
-0.00356278072186515 -0.0341811176703452 0.464279146551656 -0.35197366110033
-0.0459792056878758 0.0112174200077183 0.497200930368251 -0.523369605958528
0.000730498588391195 0.0387565036782043 0.355905748270656 -0.522652325276037
0.0219977075972857 0.010427758971059 0.218297928596014 -0.36515338268655
0.0272942405038571 -0.0275226307176465 0.108319027989906 -0.181723524014789
0.0377244136270671 -0.0201207297853871 -0.0227530295926487 -0.00523706655637233
0.0220475332232903 -0.0131076223330308 -0.139725369234799 0.130277246884146
0.026777108815386 0.00391117955292026 -0.257498848646977 0.312674228025042
0.0210302356446862 0.0409848883028387 -0.377393771012781 0.440481004811695
-0.0352591073139056 0.0448324681246872 -0.493918945128449 0.505068124082145
-0.024730936106555 -0.0205562546227753 -0.487717384489238 0.41333406209915
0.019680264652607 0.0268399294244927 -0.35973147216821 0.351560304492961
-0.0327659783471473 0.08673435151938 -0.30757723967021 0.220084929458529
-0.0287870290780018 0.0621119873284056 0.30516310039861 -0.157304399598188
0.0173057943097834 0.0193518687370583 0.326989705573873 -0.319582781130466
-0.0115992518635611 -0.0359386676906115 0.442270752780584 -0.404017890816428
-0.0456205987203795 0.0180819285621959 0.426748821503485 -0.563276825875618
0.00428727435643915 0.039883695479904 0.309951378606897 -0.533033821472886
0.0224225993083254 0.00765879518213192 0.208172503439584 -0.375306793516458
0.0274966730931757 -0.0295917032173121 0.114318680097052 -0.195841199859809
0.0368355295132506 -0.0211526241556376 -0.0156313791729508 -0.0158364146306515
0.0213836796984861 -0.0123116821650908 -0.132027131328658 0.114473946912406
0.0275990052393939 0.00751565664426814 -0.264824013897007 0.293499868738733
0.0154520385980225 0.0451800227233781 -0.416349429576029 0.421002848037594
-0.0409374827068559 0.0384291722680878 -0.555070291100871 0.461416892294232
-0.0199074826128839 -0.0242277483272407 -0.519500858780706 0.358338596564818
0.0195642657928117 0.0340323708691044 -0.371315546687775 0.340671168516974
-0.0431868066686438 0.0868162551752445 -0.31803527193002 0.197955242679158
-0.0182453862744355 0.0497825874645459 0.293593738566893 -0.182556154037005
0.0140397913668743 0.00988950421136296 0.317013799248266 -0.320541335929094
-0.0175874084272229 -0.0319205205410672 0.418206732932455 -0.450504879837519
-0.038336790232038 0.0211176157367911 0.365882952280318 -0.590713993331885
0.00689836008418712 0.0361928376563389 0.273746611315714 -0.536797454374174
0.018718082514244 0.00425887507254412 0.200533293438591 -0.383145456374346
0.0232691861022023 -0.0285335090303808 0.118638864986418 -0.205768604333952
0.0318678592457364 -0.0177066799587986 -0.00684076815070958 -0.0270294659738229
0.0174466643356512 -0.0083352628841775 -0.123013739128446 0.0998572288423464
0.0224559609857749 0.0098932975147484 -0.270505182091389 0.278112742453208
0.00933601059480244 0.0433923027819007 -0.450073726663899 0.403376527725824
-0.0388145641970887 0.0312249762771166 -0.606646675147106 0.418512622035284
-0.0117440695151611 -0.0214203831658982 -0.540349924938084 0.308620968434532
0.0133793391871209 0.0367467984088877 -0.382401811185717 0.334236448716174
-0.0464606910519802 0.0716662263432149 -0.326078710819801 0.17544502853359
0.0365184066181786 -0.0559329847228489 0.313825625345215 -0.0354559014525395
-0.0269952374460061 -0.0270703674362799 0.394901866085954 -0.287644780610751
-0.00416209432821646 0.0114459100853712 0.499241453277179 -0.24210982971452
0.0166857733980531 0.00180434925388535 0.617232588382184 -0.398173857541901
0.0010207482360039 -0.013135085792595 0.458022568577478 -0.462491522224958
-0.0214618272731761 -0.000485133685791252 0.258236984574208 -0.333041060675218
-0.0147572917189202 0.00379382511904886 0.106784457409866 -0.157746518305983
-0.00488284658250439 0.0302730982008836 -0.0384387524762471 0.011556447622224
-0.0218181669363235 0.0287053363762451 -0.148231325675152 0.149974465949256
-0.0198418204454982 0.00219366300511484 -0.227959428378116 0.342347967503847
0.00368905102649908 -0.0132257696867242 -0.283577367454323 0.479750670757315
0.0337242246817688 0.00276579768075761 -0.361796591176768 0.571055202422722
0.0103361945586961 0.0358980294394026 -0.402408551411487 0.502312251365039
-0.0297971954096627 -0.00379749939610818 -0.31962800494387 0.386438505199076
0.00338986304686638 -0.0402188327035338 -0.28751342952008 0.271575233558037
0.0197371689794376 -0.0288557690690845 0.314848541435735 -0.0219979850824933
-0.0184226573926729 -0.0145437489763664 0.40476585508788 -0.293043144605172
-0.00365708317047264 0.00192168230155798 0.494941149211144 -0.22760880322315
0.00298845745356575 0.00303524239394918 0.632986175880704 -0.383084293726276
0.000848676963895606 -0.00333361232150481 0.473600424965988 -0.461481461060521
-0.011821587437964 0.00200878627358291 0.257992064365925 -0.332264875675091
-0.00489838325381463 -0.00218277820079947 0.101978404933706 -0.152783280432466
0.00614573643706223 0.0189197663796099 -0.0418891191093421 0.016839176973733
-0.0110163271778846 0.0191219685811162 -0.151277989976653 0.156733018964939
-0.00985532423296421 0.00209016234612661 -0.228429436203032 0.34678105410664
0.00852356424461699 -0.00268608741753425 -0.278243619347669 0.481098437193371
0.0205618694331477 0.0123236829091686 -0.344647602473916 0.573773714726198
0.00350737919749853 0.0256323344626679 -0.392622967349881 0.51462073575102
-0.0192618874853299 0.00395700240418191 -0.319711142387682 0.387677141116678
-0.00321446714335714 -0.00791348630459662 -0.282762840061557 0.272545787558376
-0.00266829161793426 0.00097878003654192 0.317015620345759 -0.0244887831207934
-0.0114348169001948 0.00113958849040295 0.403211759231556 -0.298114162262627
-0.000683960515451467 -0.00799790371697155 0.491076710261011 -0.234285708495958
-0.0133073383448965 0.00216509784272954 0.626343903425395 -0.389533966962432
-0.00107519865875339 0.00888093029243076 0.468319163915065 -0.46832378737367
-0.000872779310332685 0.00548320407767155 0.253506082326513 -0.335468265511831
0.00505762623624231 -0.00916432256443799 0.100308207706641 -0.153914483607985
0.0171232280996512 0.00731036156818404 -0.0405552976105639 0.0189080045385838
0.00012719288037086 0.00814141534032689 -0.152200220965688 0.157829044982245
0.00152047191742479 0.00129646757678789 -0.232947471545164 0.347818331988233
0.0144281023993632 0.00981226420871345 -0.287791327811968 0.476973105913543
0.0072072829999178 0.0238304932414045 -0.353610464251083 0.568197713694644
-0.00655487881947853 0.0138432146320593 -0.397643884946124 0.511190563361142
-0.00695299483959051 0.00901091923591139 -0.326197277786204 0.386370807328834
-0.00777695315178676 0.0236649534499373 -0.28456583901734 0.266518861454359
-0.023646474410496 0.0262220275458797 0.319314654855745 -0.0442940139945768
-0.00271044293791333 0.0172851739144159 0.39110033638771 -0.306032834512416
0.00179545369724406 -0.0178479566762788 0.482941390083261 -0.258993118891253
-0.0274269105088892 0.00202175243280064 0.60109931316601 -0.419624354408825
-0.0023699198140159 0.0202148559451945 0.44294914215392 -0.483810483917627
0.0082585553440633 0.00906712156726053 0.242708968643733 -0.343208237575943
0.0164646962769001 -0.0166412018573281 0.100829529893698 -0.158543883365214
0.0266020169523069 -0.00501478988763923 -0.0376537654206605 0.0150939289672463
0.0108076349665935 -0.00107647294440308 -0.149526586080135 0.153410961524134
0.0118985880790463 0.00124171870425719 -0.2423961871011 0.340275941620111
0.0192419376299902 0.0217302834271586 -0.310726153562228 0.466521942310723
-0.00809506981929829 0.0366794328847575 -0.382520391612175 0.55368264052466
-0.0168553962610029 0.00244838964119259 -0.417541781218895 0.490219557576679
0.00376213218052339 0.0129102110366708 -0.335258462126204 0.37636231302403
-0.012359818525395 0.0524274529097523 -0.290527872575567 0.254509344957796
-0.0349332833969961 0.0490215620334177 0.3197008374436 -0.0783558176829594
0.00586201177620004 0.026085211882332 0.368307433824799 -0.313031008139138
0.00125430293793776 -0.0265180000511694 0.474732494607571 -0.299013605374961
-0.0394892560473144 0.00581968409550184 0.557948123233608 -0.467257375611302
-0.00262884456031665 0.031168216253129 0.404561925307656 -0.500763555523875
0.0165312814867523 0.0102580707821619 0.232298383019822 -0.351393119887522
0.0233719868689215 -0.022198215717064 0.105448716377006 -0.167789778058036
0.034090003279881 -0.0148058130421431 -0.0317813388985127 0.00762796540471988
0.0172876375920753 -0.00831899055545871 -0.143813769165945 0.142438135758926
0.0221488183078129 0.00280105808086778 -0.250442640827997 0.325717028752641
0.022262091499332 0.0329654402017688 -0.342209445856688 0.45228371622773
-0.0220399105433716 0.0425964948203837 -0.43341462962352 0.529507104028111
-0.0244036007264189 -0.00980143502337703 -0.45385427064609 0.454531128309107
0.0128246238001958 0.0185116821668716 -0.347385359703389 0.363759649262981
-0.0214003955282383 0.0753297979894133 -0.297863154780208 0.236868072811618
-0.0356403232186363 0.0615197436900586 0.315820303103385 -0.116157644835404
0.015251898052996 0.0266365264511423 0.345270300157564 -0.314719479230604
-0.00356848520035808 -0.0324300385428059 0.464248442856138 -0.346957059110811
-0.0471296973596346 0.0111158682407377 0.496979391415357 -0.518780963034459
0.000481056387648666 0.0381848916274412 0.356732445815839 -0.518318223004477
0.0215264033687018 0.0100881929119953 0.219117005152367 -0.36291618371741
0.0275412248714969 -0.0275332371146306 0.109507405551019 -0.180098873923702
0.0371537707688807 -0.0191834308845707 -0.0223430115692335 -0.00392980120041034
0.0203719401850833 -0.0121941966676633 -0.139200571626641 0.127106993565152
0.0263603315568402 0.00514017804761365 -0.258144650520592 0.30872812543915
0.0204142259886343 0.0405964328292116 -0.379248346820045 0.436414791569791
-0.0341650827479674 0.0440921142615001 -0.495028037739234 0.497649862436995
-0.0239946814672672 -0.0198346467740587 -0.49143635283703 0.40820495523733
0.0190905584050942 0.026629300795124 -0.361731623870503 0.346203212314209
-0.0332082004088592 0.0879422229631263 -0.306946992676546 0.215314600068129
-0.0288806915005552 0.0626562987011246 0.305555389627843 -0.152445586128204
0.0180408783541001 0.0194595029717304 0.328703963434267 -0.316206970738139
-0.0110110540530951 -0.0348253795935456 0.445428670531662 -0.39847720313828
-0.0459151092599981 0.0178959161006302 0.430629454791429 -0.558242924245625
0.00410851758284104 0.0399924598623896 0.313423921774464 -0.528587079094606
0.0215797145542565 0.00797878280286176 0.210799503634143 -0.369752749796418
0.0274842037898459 -0.029719168234831 0.114852591763194 -0.192633762579718
0.0372096652963289 -0.0210928627687592 -0.0147032596203195 -0.015459936640707
0.0223130746489127 -0.0128893566886646 -0.13116699887538 0.112159840877994
0.0273220170255974 0.00873317533844309 -0.266681632477909 0.288531689741463
0.014723564187237 0.0445480673519725 -0.414777333478116 0.416770743821978
-0.0414725040811629 0.0380186776469794 -0.556320703739873 0.456326431266615
-0.0193724115475977 -0.0238633441493703 -0.519689811898589 0.353507660658687
0.019191359157994 0.0343926242598976 -0.372661505604063 0.335136982212285
-0.0421039898195295 0.0852418324440052 -0.316907671955808 0.1923859562306
-0.0186082275060704 0.0478218256208568 0.29399093533666 -0.179681544705654
0.0135161330689205 0.0104922887365217 0.320563888523743 -0.315256471289772
-0.0165004025767938 -0.0312161805540827 0.418941633709682 -0.443895936273425
-0.0389993630057706 0.0212195080537964 0.365956327960266 -0.585071049789723
0.00661962048280316 0.0364107156233428 0.274004799871036 -0.531225088067609
0.0187965547850201 0.00517647719928853 0.202716775709984 -0.380042201269922
0.0233039545018054 -0.0279746995022399 0.119721982264718 -0.204175778769074
0.0333510113421271 -0.0170497403150616 -0.00655970079323486 -0.0272445585309412
0.0182115706056628 -0.00856733062605769 -0.122986940385087 0.0981179168474003
0.0237514241572585 0.0107702185616706 -0.271115427109064 0.273660923837065
0.00960950483658294 0.0419889847039866 -0.449314995892976 0.397175411146588
-0.0381038612369419 0.0296467693841237 -0.60922894597133 0.413023989765098
-0.0109412786204118 -0.021060216065917 -0.536387966864536 0.304054755147746
0.0131085322786047 0.0384991976249549 -0.382755908007404 0.329347145225688
-0.0468168154400505 0.0716613298216735 -0.325231727215273 0.171886637570165
0.0362269618713906 -0.0563923590942846 0.314081272281894 -0.0324946556225462
-0.0262926025211809 -0.0273908534953515 0.395919891529138 -0.282829843764427
-0.0047314704158221 0.0115712710182238 0.499877278221373 -0.237478884224594
0.0170445191599351 0.00192784543019913 0.619401460008646 -0.393065784547939
0.000226229482162518 -0.0127425648219799 0.461648285085006 -0.456198399295715
-0.0208482200063978 0.000731158272160925 0.25912696709536 -0.329882549757389
-0.0145816509375561 0.00435687497918463 0.107923266484177 -0.155168520790208
-0.00386795617974449 0.0295687755513954 -0.0375928800334453 0.0107109181862491
-0.0217332421648984 0.0285160043605775 -0.149965730469776 0.148504066964332
-0.020357583746087 0.00258128678913413 -0.229120069108817 0.339357118705772
0.00305538939078431 -0.0136309284716882 -0.285675712700067 0.476365216240435
0.033711481448473 0.00243798779326995 -0.364769678027674 0.56610444611763
0.0101027320981084 0.035884121253642 -0.404172108099712 0.496579828085182
-0.0288328703787891 -0.00386602993400225 -0.322081054079586 0.382160071298454
0.00362677200213097 -0.0403601633459228 -0.289021557885838 0.267495560155378
0.0208844062220603 -0.0284268641046153 0.313875801463499 -0.0179313274734762
-0.0180973908355844 -0.0151684919197567 0.405748903459141 -0.288264737552036
-0.0035392662514108 0.00212119200937427 0.493839196014324 -0.224182730526994
0.00301421094951803 0.00348958375153442 0.633463028892556 -0.374349257580518
0.000640666539992699 -0.00324934648561809 0.475523170150075 -0.45528660628776
-0.0118998097495347 0.00253962681576649 0.259726730777097 -0.327850445113339
-0.00417199938798787 -0.00107314612615397 0.101999523633296 -0.152569808152871
0.00601173791516544 0.0184436529582871 -0.040663360770735 0.016579815487992
-0.0116910730901021 0.0204911452505238 -0.151565901252915 0.155251083945586
-0.00967898209405241 0.00297121702771288 -0.230546905433449 0.345199964240217
0.00767545010620403 -0.0020734556567781 -0.283027788303412 0.475079585930176
0.0200029738149467 0.0116140096931278 -0.347428299835878 0.569418894565926
0.00341680335828076 0.0246947060212107 -0.394128348988369 0.507641658266214
-0.0190901656630558 0.00360567386248603 -0.322818133965932 0.384874489771623
-0.00204775252390278 -0.00824227334565542 -0.284254205366075 0.267800069925793
-0.00321259928090015 -0.000123592723659402 0.31646063198897 -0.0219908515310899
-0.0105848589187047 0.00170190069361638 0.405848004364679 -0.294223091199845
-0.000632387343977753 -0.0069128778260754 0.488844106252579 -0.231367055283357
-0.0131883981059422 0.00284037448072475 0.627775454106259 -0.383312757288865
-0.00124121253519614 0.00813136346884746 0.468557700458329 -0.461820293609995
-0.00159592705036299 0.00528683330956264 0.255625237032856 -0.333037978457164
0.00617286437084922 -0.00891050083658147 0.101062493261583 -0.152721458622391
0.0171194942881494 0.0060325372519817 -0.040377818276046 0.0174118393592426
-1.4010667448354E-06 0.00857577404034861 -0.152907739560074 0.155712168349729
0.00200816638993469 0.00174524315426799 -0.235915017774813 0.344195280957635
0.0140009262652626 0.00963574091559759 -0.290990298126506 0.473127501498206
0.00686439053151917 0.0239888001190291 -0.355461997657321 0.560925381231717
-0.00678264851682274 0.0141127921664267 -0.397887589870967 0.504897544353381
-0.00674966548642988 0.00845052935924081 -0.327629133643472 0.382074303454949
-0.00713257541524561 0.0240412721252507 -0.286757871437371 0.261991851298399
-0.0234525667355295 0.026509111561948 0.318824135272119 -0.04143316260206
-0.00269582857497079 0.0167544863744147 0.393718276801581 -0.30266591582528
0.00259188692583935 -0.0161190820715861 0.484608370534576 -0.25330580311678
-0.0275577017857289 0.00228016448008182 0.601883180121438 -0.412336778082752
-0.00267149534533048 0.0210963425289007 0.446558791865055 -0.478240608496984
0.0086093390940944 0.00909765029498876 0.246263088430229 -0.339868862568319
0.0159183495801559 -0.0153839686978367 0.101125835554159 -0.157432792041641
0.0272036568370758 -0.00517096083362882 -0.0368695163271557 0.0151392756385718
0.0102299224166891 -0.000825896679124686 -0.150554055968517 0.151490279852534
0.012549976675106 0.0011605985088477 -0.242338809140423 0.335146153908527
0.0194807038528796 0.0216727991587462 -0.312327218997112 0.464072825047326
-0.00806850390311919 0.0365571738278229 -0.386678806420657 0.549364564309037
-0.0171359009247859 0.00230948511030142 -0.420339651358893 0.485996195613356
0.00356772675636243 0.013826449149669 -0.338387598833321 0.373270654275036
-0.0139470866872889 0.0511528752461532 -0.29223968100133 0.251485079527571
-0.0360297452361353 0.0478456085805939 0.321309758923594 -0.074756487273894
0.00713383024400883 0.0263355083275886 0.370895870234945 -0.307586218750626
0.00126488205892753 -0.026874087725164 0.478399565094844 -0.291421281991557
-0.0401023265671571 0.00658978460451723 0.558549672314064 -0.459801228994742
-0.00254227257773565 0.0315580873076971 0.40629569084739 -0.497497611556453
0.0163411887339827 0.0115068620880261 0.235115588134302 -0.348722193165088
0.0239895096347575 -0.0221153385640206 0.105307150666099 -0.16718412051543
0.0342707176425153 -0.0152733476515929 -0.0312243124379837 0.00779425308500806
0.0177943434485071 -0.00791783336111904 -0.14678361928468 0.140897660185706
0.0203733986996044 0.00258402624266425 -0.251802112934986 0.322099655185931
0.021315830892279 0.032181687796152 -0.344040131028622 0.44830270540928
-0.0230104689205783 0.0428221997020203 -0.437121365923676 0.525906204587507
-0.0244665205250972 -0.00939248821232917 -0.45530232445859 0.451158777320385
0.0125306955610522 0.0196399096575597 -0.350929612377273 0.357794788853628
-0.0215757757075495 0.073870568651376 -0.299697428597811 0.234301279291265
-0.0368707278032034 0.0620590892609018 0.317011181319069 -0.113730380462538
0.0139053005388234 0.0271067723233461 0.347577710983311 -0.311814507359892
-0.00352119666082833 -0.0336341158512802 0.46635235358545 -0.340789808191836
-0.0462225617648565 0.0120262116538349 0.499921021019543 -0.511242678006271
0.00046600995404548 0.0379049527539296 0.359014907357182 -0.512850187724043
0.0207563984706278 0.0101824936215468 0.221322176150824 -0.358518746012145
0.0274609295125376 -0.0261549885051156 0.110834144021096 -0.178338190656611
0.0376234675714005 -0.0212863542573068 -0.0216346037314182 -0.00401679174397685
0.0215284153765525 -0.0117111733725664 -0.139910277139538 0.126916490272337
0.0266984448655099 0.00539340181234003 -0.25953942509337 0.306015284679276
0.0197183397624276 0.0404712718538032 -0.380808051281228 0.430258056253263
-0.0347513446867894 0.043762736679098 -0.496781030229312 0.493613261294765
-0.0242146392874532 -0.0197872087146982 -0.49031569430895 0.401457927471803
0.0175601445885194 0.0276048293998203 -0.362161545740982 0.342901448417869
-0.0334843234594485 0.0868213890569779 -0.309128290593557 0.213313220178277
-0.0293124206728178 0.0608053403920957 0.307259009530082 -0.150457945594146
0.0185762910474137 0.0202487038617712 0.33112763931775 -0.310450338581228
-0.010443781305336 -0.0347539564510682 0.444939033238597 -0.394171582844052
-0.0457964142605702 0.0186995931828777 0.431599820035921 -0.553473469326651
0.00483884076134546 0.0399489593097691 0.314719915721311 -0.522593893349455
0.0217012155292753 0.00792632350253848 0.211818047645977 -0.367302565473763
0.0266827775883203 -0.0288114818792317 0.11491277954001 -0.191215764219404
0.0376518082855018 -0.0208605600905103 -0.0140169227470957 -0.0161213104604533
0.0214054010792945 -0.0117621283645511 -0.13189597575642 0.110805193232994
0.026659618732248 0.00786792723466 -0.266135657953489 0.28542973389478
0.0143242666305693 0.0445792968546403 -0.417735045256095 0.409879632734236
-0.04159029775981 0.0379886849439639 -0.557140331906363 0.449582339515957
-0.0185217934538747 -0.0238274700363318 -0.522101608416895 0.348356141129558
0.0179200581621294 0.0344507414688399 -0.374538499840308 0.330864654353662
-0.0433417146167586 0.0857792519011054 -0.318528455668668 0.190367522378489
-0.0191080159739121 0.0477623169769689 0.295916069483513 -0.175301798285315
0.0139459212163757 0.0110987633298156 0.322419400785404 -0.312058765350907
-0.0164989733998013 -0.0313349223416159 0.421618230837083 -0.441151441035009
-0.0390150235374036 0.0212533290061697 0.369307053827236 -0.581052343463783
0.00664510994727888 0.0360634218667146 0.277164883761864 -0.527794527903712
0.0189141199918518 0.00492565744630535 0.203899807098857 -0.375935927289457
0.0238813687202995 -0.0275509017882384 0.120330411005036 -0.203085802319273
0.0333751516371579 -0.0173836731712921 -0.00519361053588535 -0.0268825141001053
0.0178370474355032 -0.00709764988317999 -0.124332523592398 0.0967212622714349
0.0223682188273746 0.0103644720539064 -0.272411529930421 0.271875423868146
0.00818690842104459 0.0418667568977021 -0.451272770449625 0.390989448313441
-0.0378163725274397 0.0299179661882773 -0.610325381557332 0.405791863133123
-0.0114465112360178 -0.0217297171192087 -0.538805044269183 0.298788668377467
0.0126867243435726 0.0385149472269468 -0.3834220293942 0.325073065785769
-0.0476136643470385 0.0704760681304654 -0.325899385377608 0.16787994557226
0.0379254755056913 -0.0557956187240928 0.315138997511879 -0.0291910162729691
-0.0259862653885952 -0.0275836458825434 0.397671158136527 -0.279969950244125
-0.00398346018309555 0.0118547492019646 0.502473124247263 -0.233581837051816
0.0174794428218824 0.00235456280529878 0.621106110248555 -0.386411071435382
0.000403086879700687 -0.0130229292016837 0.46357684488635 -0.451801951773589
-0.0212503605747471 -0.00011763824931457 0.261673923090652 -0.327265456681095
-0.0143231179510379 0.00544233887730332 0.108169024283378 -0.153857502897623
-0.0042346615562391 0.0299245486593681 -0.0379598187367814 0.0102792383973015
-0.0222999943156807 0.028827062073331 -0.151124027460403 0.146142142886296
-0.0207660750180125 0.00265504404540872 -0.232006019136387 0.335167667638395
0.00365079849094518 -0.0135127853452262 -0.28950000436041 0.472701262059569
0.0348065668826212 0.00298261681362499 -0.371036231399293 0.561399430806796
0.0100343514758334 0.0361137064925478 -0.409237552655359 0.49306903305751
-0.0294694693429322 -0.00411559820993624 -0.32406861387147 0.380539292691939
0.00477359621025758 -0.0394942798104468 -0.28993832611729 0.264178978163522
0.0203950059063095 -0.028926342652339 0.314299454602233 -0.0154518793024504
-0.0180341291898541 -0.0157788883300372 0.407621710717947 -0.284560692420216
-0.00329840215183939 0.00205970225510406 0.497342651142998 -0.219247512098097
0.00249895322649417 0.00419969693740101 0.635528819993319 -0.370017785677243
0.000628401045121046 -0.00347202399302205 0.477667169628624 -0.451142198041719
-0.0118154997674975 0.00240323814161709 0.261809159299107 -0.326088090943463
-0.00449156571029341 -0.00109101498199377 0.10325415664653 -0.150444079816374
0.00594740424342125 0.0180179749845761 -0.0414700979046774 0.0168679501192883
-0.0108106559198469 0.0198048772996788 -0.153759243595403 0.153005847440174
-0.0103798786384329 0.00319849908719791 -0.232443206783881 0.341085603639317
0.007798734003321 -0.0021882978443898 -0.284389607874116 0.474057952410298
0.0203375240790479 0.0122410157634338 -0.351699754017019 0.564710721091289
0.00389895175049686 0.02504048886016 -0.398602688774036 0.505267814860956
-0.0189085548957816 0.0033146005405884 -0.327229485264867 0.381342988000806
-0.00274995637813319 -0.00800257717074262 -0.288317104270954 0.266227833024231
-0.00280185455622079 -0.000434193104131911 0.316689405384878 -0.0169947003646214
-0.010826509844105 0.00125050327544629 0.409149281175146 -0.290595459739267
-0.000617864721711623 -0.00687606665634765 0.490299036625215 -0.227519420813027
-0.0135948091148416 0.00313359288976529 0.630466699810764 -0.377026692937378
-0.00120172776969646 0.00876060002259844 0.472830496549646 -0.458379611176215
-0.00174231354660221 0.00551841191905989 0.257288373240714 -0.32982096792928
0.00601568428339337 -0.00810567932009998 0.102749010675444 -0.150135754684695
0.0172938059467094 0.00595355754451903 -0.0409132788972765 0.0176558165119554
-0.000771940738406313 0.00966315812483134 -0.153131449814585 0.154503361474278
0.00163989538776731 0.0016889400422193 -0.238451640010294 0.34213198464213
0.0135691588831893 0.00920560836846241 -0.295519868189823 0.467306836995393
0.0054222045489046 0.023833307798225 -0.360121909821563 0.560919534384008
-0.00649744431641 0.0140066435642562 -0.403274909864126 0.502259917945891
-0.00791216333664238 0.00905440179674591 -0.331688762759597 0.379290407004575
-0.00737808675069736 0.0234864359481597 -0.289100679445448 0.260290566438105
-0.0243595474775378 0.0266026107219792 0.320753758077059 -0.0387048010212206
-0.00311486745758459 0.0170294436570721 0.396763169102539 -0.29729364643498
0.00245454337357652 -0.0172328040590091 0.486509750601703 -0.25025308905761
-0.0279664827450131 0.00255041364311285 0.606029932920596 -0.407641894102518
-0.00271326633440128 0.0202013566276606 0.449981542372761 -0.473849301145814
0.00776344525125605 0.00978472634945343 0.248242348710491 -0.337515316235097
0.0167247007410408 -0.0150313202496134 0.103540581115394 -0.155984001724113
0.0272316330983254 -0.00600541271144329 -0.0373524658439223 0.0146927267350159
0.0101817166686191 -0.000312397779000462 -0.151266959095287 0.149165517126204
0.0120014760865506 0.00177295563188733 -0.245656310517857 0.333815154544533
0.0188456503756479 0.021781830075866 -0.315901892553179 0.458899458034843
-0.00782930185078029 0.0356610138467255 -0.389757520161772 0.545206916293186
-0.0165632091751064 0.00251747953424139 -0.423341759405657 0.482914195078323
0.00276690250395292 0.0136605689429989 -0.34091352922022 0.368637874826894
-0.0144066538600694 0.0528047762510828 -0.293171401513385 0.248173157331489
-0.0365358329188894 0.0484630101834212 0.321619091776026 -0.0715241337789211
0.00704925899708106 0.0263391164557683 0.373936955381779 -0.304489534699744
0.00213775479993825 -0.0261066471518425 0.47962145063362 -0.288741497855817
-0.0397245240898726 0.00516469186969565 0.559803110040721 -0.454172613805128
-0.00228625032420117 0.031203732640786 0.408534887254812 -0.492129894057199
0.0164795413940523 0.0112058663172534 0.237071134438732 -0.34639281226749
0.0240370881033456 -0.0217167307953619 0.106528541265834 -0.164666603587164
0.0349157670339133 -0.0156847884285293 -0.0305186236660628 0.00713903979228593
0.0176505621239795 -0.00759385984804105 -0.147625736492521 0.138842490465503
0.0211458688199011 0.00216169802979245 -0.254888347207931 0.317969470945397
0.0212160212811245 0.0330091779038068 -0.347880375502823 0.446231564550125
-0.0231967802250347 0.0428892166975345 -0.440939490137521 0.520698270427076
-0.0230556344082308 -0.00975003959688141 -0.458628878238904 0.446915868988448
0.0129721214382459 0.0192368525372052 -0.352388390744277 0.353967421573907
-0.0226831069176323 0.0739831656500959 -0.302336171684818 0.23095247800455
-0.0372873420540011 0.0605796990476744 0.318621850851629 -0.110154988183132
0.0149643609842379 0.027147074229175 0.351544021390228 -0.308328258124312
-0.00261339203952353 -0.0328265777605503 0.466336379598422 -0.337265407071443
-0.0462821188983305 0.0115236391577931 0.502647049622283 -0.507418486903149
0.000161297515884134 0.0381199397702928 0.361743897100679 -0.509219916125683
0.0214700766584475 0.0104266379114865 0.223681134401326 -0.354905450085528
0.0276750228277783 -0.0268140316796343 0.110490514882204 -0.17749054974795
0.0386941387883358 -0.0199693426133544 -0.0216541144676394 -0.00411581356935
0.0216265812495984 -0.0117125775270421 -0.141527787932474 0.12506356312661
0.0256953679274787 0.00530155064073858 -0.262660273429582 0.301328806867689
0.019439281269534 0.0403638832139084 -0.38587677741857 0.427610760337834
-0.0351682310603533 0.0430139603487842 -0.50060277270236 0.486896919258077
-0.0236057746917094 -0.0193604892369753 -0.495181478959659 0.398514271799746
0.0177331062464801 0.027322911720325 -0.365412613712864 0.338231602503429
-0.0334795294802059 0.086757947117334 -0.311762432761974 0.209270917487267
-0.030174347503742 0.0599386354895785 0.308674341524089 -0.145824178710727
0.0180015267819541 0.0201682432483404 0.335113385275837 -0.307494425358751
-0.00946703132416427 -0.0353292919994233 0.449139338407645 -0.388720193109047
-0.046027641564459 0.0175612224328846 0.43553688023697 -0.550470242082763
0.00450305795643329 0.0399475807254704 0.317219279075837 -0.52112492414153
0.0218775868817491 0.00829922625892696 0.215667058977711 -0.365739119153814
0.0279334013184547 -0.0283142967095316 0.116710711197568 -0.189698211666422
0.0376650365818868 -0.0218179288422762 -0.0133292564518688 -0.0150829290977287
0.0221003258990871 -0.0109091057194985 -0.133293150288861 0.108833356264497
0.0273256329316141 0.00846967414234799 -0.269888449429404 0.282731082575146
0.0137657446938769 0.0443868727020413 -0.421678857970248 0.406685653138881
-0.0402320561506095 0.0373736547458316 -0.559703558804914 0.444943302051099
-0.0184738814437703 -0.0241837735065119 -0.5227468435919 0.345438485125444
0.0171573064464162 0.0357941012685889 -0.376480437843659 0.32611914279814
-0.0439988992735501 0.0853058018547196 -0.31958211390336 0.186110276113716
-0.019117241659452 0.0481075525924385 0.297659984323078 -0.173911845215644
0.014046950905349 0.0104844995067504 0.324527122824149 -0.310339019277432
-0.0152599693734211 -0.0311838141684965 0.42519613534755 -0.435822956789972
-0.0395142856463694 0.0206151122184632 0.372715980308633 -0.578393259779797
0.00630053947249611 0.0360720906834462 0.280815098067247 -0.52409024909335
0.0177607825379808 0.00527307015652827 0.207445403766835 -0.374877064792651
0.0231434910836111 -0.0268340636344876 0.121357518139146 -0.20171475569674
0.0335649919153862 -0.0170132088535203 -0.00588604248160098 -0.0268910962458513
0.0186480965654975 -0.00762040323417741 -0.125470540995093 0.0954304067132003
0.0213569558984816 0.0107621818051036 -0.275222709133025 0.267964207280985
0.00817664915086571 0.0411979198395175 -0.45470456270367 0.387555131685863
-0.0387206178150891 0.0299362922942152 -0.61297169690635 0.399944086773161
-0.0108135342789431 -0.0216460582208852 -0.541012713850439 0.293622980518067
0.0118119874170312 0.038586465391905 -0.38651435025936 0.321514377578473
-0.0472347943511445 0.0696364733746888 -0.328975454948713 0.16471422660396
0.0392635379608702 -0.0560321872439255 0.315553083582436 -0.0250396004134188
-0.0255472853089725 -0.0276572719852156 0.403661844043334 -0.276661105350932
-0.004430806640075 0.012059303151515 0.503652999690403 -0.227160141913603
0.0170449330972607 0.00297448101798245 0.624439332637105 -0.382341295509402
0.00106234131286066 -0.0137656793559243 0.466451535998144 -0.447352705563657
-0.0216287918174719 -0.000554067366025207 0.265258374051931 -0.325603111460362
-0.0151659898889864 0.00507569875812503 0.110171624832067 -0.152518285164672
-0.00294679712802933 0.0293698456419895 -0.0373509296899116 0.0106188969619522
-0.0220082789925858 0.0293793167947703 -0.15341903011357 0.145722429924161
-0.0208659432178031 0.00175266311528986 -0.237641425611919 0.335062373418982
0.00389641886779676 -0.0135422378478806 -0.293852648832042 0.469551983710765
0.034513738912456 0.00339363456048693 -0.374855055073214 0.55942084749925
0.00880996447816088 0.0368043100964708 -0.413215988644305 0.490339903083669
-0.0294904686297216 -0.00332072955430615 -0.330254655139897 0.377189863958318
0.00527784473388969 -0.0402618723955001 -0.294956454261836 0.261881755832119
0.0205776318431443 -0.0289919543979821 0.315867617733587 -0.0113987669828663
-0.0172409306559818 -0.0163636625628228 0.412138070170347 -0.281848556787568
-0.00304206987146734 0.00263103231514547 0.499909140789593 -0.217291575689897
0.00290348283202164 0.00385262435244028 0.639260110020463 -0.366108667167862
0.000631275139300862 -0.00379317226313004 0.481883653199741 -0.445993874220086
-0.0119436663121918 0.00191744164864042 0.265110106372333 -0.323288503727438
-0.00514673918874885 -0.00122492094641288 0.105687694102913 -0.148962421543045
0.0060058046013074 0.018265617916918 -0.0405300400429221 0.0167318212778405
-0.0106323361080709 0.0202563583672962 -0.154248991797853 0.152372178192105
-0.0105214246579575 0.00236399963180055 -0.237114708530719 0.339979553218757
0.00791439282806616 -0.00232551849623002 -0.288133814921466 0.470965033564578
0.0202277682575677 0.013060731137801 -0.35794979108869 0.561652965642544
0.003453592594589 0.0250139559970639 -0.403373150665393 0.502182607555092
-0.018876940461421 0.00359779285975822 -0.329839573064112 0.378402582913509
-0.00113297204428747 -0.00918035861858708 -0.290569194078927 0.26269093152656
-0.00326890194143035 0.000151067531208549 0.319128576669143 -0.0153674179089994
-0.0100237728234676 0.0015017131132506 0.413480861608412 -0.287816860773177
0.000879178103867085 -0.00676233643828935 0.4942355029345 -0.221356716950558
-0.0134174465395592 0.00312346812316244 0.634476780555119 -0.371233195233286
-0.000927514954786861 0.00794952966618421 0.476746137892281 -0.456858559118933
-0.00233313108714061 0.0065325544080238 0.261310137948445 -0.328981938469483
0.00598362852010179 -0.00812625796747289 0.102457827421848 -0.149885403395276
0.0184035959218793 0.00527621306738438 -0.0402308223233343 0.0188140135184494
-0.00115501507161863 0.00954573432460426 -0.15563402089055 0.153412825916541
0.00148985605602871 0.00215022195353848 -0.242568055224191 0.339665569456664
0.0126455028386366 0.0100337598228394 -0.298804631847314 0.466127533486201
0.00771469613629194 0.0239297164082515 -0.367098170395115 0.557256655366338
-0.0062557972823963 0.0144479517381544 -0.407389240634738 0.499990099011394
-0.00689455443235008 0.00887554651845194 -0.335377830813545 0.376286774814818
-0.00760110039751232 0.023721633904661 -0.291059645424282 0.258521720578688
-0.024337446875686 0.0268299996384287 0.32165415510344 -0.0346165803169309
-0.00244292220633648 0.0172153233264478 0.400573900952227 -0.295118192966443
0.00315028585220445 -0.0161776223064798 0.487807821419091 -0.245786361338962
-0.028269307447604 0.00367042726942434 0.61009735402445 -0.403524321465689
-0.00332810174499424 0.0202547838127398 0.453479202092166 -0.469783566077226
0.00820677634481532 0.0102847493230528 0.251241198074463 -0.335974335642587
0.0168085211595296 -0.0148719805708715 0.104132730178872 -0.154487244900503
0.0280441647318683 -0.00557292976023569 -0.0360001036133411 0.0149544484879321
0.0110302707374666 0.000239452302004175 -0.153589371675651 0.148660503203599
0.0126644040957818 0.000964435219690763 -0.248614622444813 0.329424242528757
0.0189047256752742 0.0220508974542593 -0.320527627472988 0.457809662743265
-0.00904129994514027 0.0351271145043243 -0.39656334190538 0.541245304229842
-0.0164051517362579 0.00292060492953881 -0.427055370330794 0.480055623897062
0.00206251250780063 0.0149582727235202 -0.345486532821497 0.366761412936831
-0.0136129704513382 0.0514200594312636 -0.297841265968784 0.246009452038457
-0.0360964883959776 0.0474348047467416 0.323771509920038 -0.0682175397877184
0.00595810917291671 0.0261670392541425 0.377537292226966 -0.299719171479469
0.0037192179549851 -0.026589771143456 0.483010032844971 -0.285283982536642
-0.0395735870032758 0.00541815203182562 0.563987618492668 -0.452027336460679
-0.00265837895474365 0.0300739767120094 0.412931064888514 -0.48972407562482
0.0170297682407093 0.0116619718458198 0.240834279914399 -0.344599996867144
0.0246502005172002 -0.020781228804824 0.109034934053529 -0.163789274288079
0.0347536555341685 -0.0144816970008041 -0.0292466514914539 0.00634633007030797
0.0179776865847792 -0.00655811423379702 -0.14944892165266 0.137635765895811
0.0211447109520594 0.00333561783001974 -0.258455628612838 0.317109620632556
0.0204654241103409 0.0323023041339883 -0.352594819976764 0.444158449084635
-0.0235888485275593 0.0426825570000261 -0.446153430489537 0.517838880175205
-0.0235002103139537 -0.00968945156830639 -0.463323962623307 0.443216086661821
0.0122701074867155 0.0205776441876356 -0.354789194616506 0.352901226541194
-0.0222684543469852 0.0749478073740545 -0.30509993690404 0.228480440714073
-0.0380360609825133 0.0610993502137774 0.320612054458105 -0.10753055079133
0.014735509533366 0.0277533968531173 0.355132278077988 -0.30589602844606
-0.00159802785170184 -0.0326831213074296 0.471197527753988 -0.333202694783115
-0.0474430710992651 0.0114894135635367 0.508702570581612 -0.504031144249195
-0.000167025194244157 0.0374655149217207 0.366940544487663 -0.50563419373384
0.0210040326283519 0.0107962075210171 0.228371056491224 -0.354672153050421
0.0287384323699019 -0.0256588159437546 0.113730832435216 -0.175272216172566
0.0391489435875557 -0.0192479655279156 -0.0213515156608393 -0.00365652026324325
0.0214640058460397 -0.0119937417447189 -0.143603279914814 0.124028072953615
0.0259490563511582 0.00574859701330967 -0.265832120206936 0.299263813238304
0.0185710742057338 0.0405097735985803 -0.389225530936607 0.424748519070295
-0.0357787100520102 0.0428978122139617 -0.505228769032049 0.482920884283755
-0.0230251362321797 -0.0204201622327492 -0.499871301733818 0.394989953769511
0.017281843157868 0.0286918351422727 -0.369410758425663 0.337019463090978
-0.0348974431968766 0.0859535154082591 -0.313511014529132 0.205915030530842
-0.0308749830004411 0.0607784346489271 0.310882035090622 -0.143416847468039
0.018024919772584 0.020630491516592 0.337807280825956 -0.305683585543929
-0.00980350832624884 -0.0353623985214272 0.453885881718731 -0.386133212000211
-0.0465732442050016 0.0177854656864921 0.44121464566633 -0.546329962317551
0.00399180003996096 0.0397563134366921 0.323030806606116 -0.517791235907988
0.0219897466865583 0.00839984152678602 0.218238475164036 -0.364103441386483
0.0273039650660085 -0.0286278403069041 0.11786765743714 -0.188902861162801
0.0385223972059866 -0.0220180152480819 -0.0136365143620613 -0.0152440163852418
0.0222829302804359 -0.00968998677457776 -0.134086588736487 0.107406448319724
0.0259936034047434 0.00948397746015003 -0.271334336533884 0.280671146643333
0.0133994026753834 0.0439207088905516 -0.425512986366181 0.40405741942846
-0.0415478197871191 0.0365783666884554 -0.565402322471229 0.442062659566647
-0.0179821529937833 -0.0246020068667885 -0.527143239565497 0.339367712974516
0.0175444209776376 0.0353974157170981 -0.380925667354509 0.324412295646959
-0.0444167634390441 0.0843666599250438 -0.322328367014254 0.183274250417333
-0.0192612063772518 0.0483790520090914 0.300645874628183 -0.171105005673904
0.0146481592816793 0.0114706941418117 0.328799557543219 -0.306136940707491
-0.0151481308051586 -0.0311972325366822 0.429252203396133 -0.433490387557677
-0.0393240677746126 0.0207375985060547 0.37843937457481 -0.575225391438957
0.0059330667056503 0.0361701569977386 0.285048825859098 -0.523151580269366
0.0176267706073138 0.00532798848334808 0.210527608496455 -0.372836609570825
0.0240303062707912 -0.0270997274661234 0.122578325728558 -0.201035868532688
0.0335301834127301 -0.0178414230677452 -0.00347903310434183 -0.027143996323143
0.0175884537359011 -0.00608937188384453 -0.125376809077345 0.0948894803422987
0.0230319799684798 0.0111018544235714 -0.277799963187123 0.266170368930336
0.00702572772391319 0.0417474036325116 -0.457388012868196 0.384899157482296
-0.0386861530965362 0.0297655031909333 -0.618570208280611 0.39443038653713
-0.00902284014926823 -0.0209717524226314 -0.542732735037925 0.289092588367521
0.011241758386799 0.0395916401599433 -0.389245416200908 0.317593010486417
-0.047203966768363 0.070315242169974 -0.331116639107707 0.160204178171611
0.0400137323375983 -0.0560806866379025 0.318562206319762 -0.0222510726498509
-0.0256135229715329 -0.0277415861709415 0.408410390325732 -0.273964933964647
-0.00360105172763929 0.0120219864773377 0.509009134336618 -0.223700055032798
0.0165299123380166 0.00333183995942071 0.630187756145248 -0.379710006187462
0.00118591573252555 -0.0140444683814998 0.472236668751537 -0.446040234215531
-0.021410628486574 -0.00111841248853296 0.269033290975359 -0.324555367864604
-0.0149907373399004 0.00557957504103282 0.112302930908053 -0.152202074322604
-0.00425273802916203 0.0295152648461887 -0.0369395910887831 0.010656391522813
-0.0224899176650208 0.0297401877967673 -0.154679513194724 0.145699402378906
-0.0211820655590344 0.00258019507020648 -0.240320060893983 0.33467443876455
0.00294317222238411 -0.0138882487709672 -0.299344039974604 0.469588842937676
0.0344814562235581 0.00396595074583478 -0.381081850762671 0.556928454512684
0.00944389695771884 0.0376139755467588 -0.420365192231678 0.491574197286512
-0.0299405037946614 -0.00425610286675728 -0.332547213411622 0.375893310624898
0.00579106721735208 -0.0397417415311179 -0.298808883922234 0.260909502608387
0.0212543122581542 -0.0288005303483718 0.317650070158638 -0.00803391011493227
-0.0167493508699474 -0.0166291788521147 0.41810764854216 -0.277189020852716
-0.00330490886962812 0.00294854617814372 0.503641556176767 -0.212996989628843
0.00159067566249279 0.00392459928936824 0.647017606250996 -0.361280755231782
0.000906629849986571 -0.00342754295781421 0.487268326187673 -0.44515270940546
-0.0119260818954087 0.00164384849510259 0.268965147989647 -0.324310362177536
-0.00459830680922799 -0.000590908201469959 0.107140035458023 -0.148801226939924
0.00722444766321987 0.0178707320982889 -0.0397741436839842 0.0162121588971915
-0.0108659819607482 0.0216132735665052 -0.157470793030429 0.152039528297759
-0.0108383663591544 0.00297072557874839 -0.241632150191894 0.339554544372476
0.00692908838175093 -0.00380960358678688 -0.296479776097679 0.470808709704889
0.0212089974198509 0.0124650082829499 -0.362399052700447 0.560686071975085
0.00383512398523115 0.0256963224915196 -0.408774991256421 0.502006282301017
-0.0197457622980622 0.00362404207409555 -0.335038025970532 0.377998150436549
-0.0011361637133692 -0.00772018866045547 -0.293973488758294 0.2608830359884
-0.00289816389373663 -0.000482381401903506 0.321629230491689 -0.0112962125500838
-0.0093787385619045 0.00105346077746273 0.417844976818332 -0.285536903902053
0.000161317416087804 -0.00687825761808019 0.496334610607692 -0.219915955305622
-0.0135772921404844 0.00454538974539369 0.639807484621672 -0.368815776684566
-0.00103568387106861 0.00753314592148204 0.481962019853358 -0.451190057871728
-0.00188166995981285 0.00543450623055556 0.263531386953175 -0.327843368113223
0.00660601747422433 -0.00829592440810343 0.105536459694657 -0.149667994109263
0.0182204425261555 0.00530692644849664 -0.0402840767867179 0.0178503734202561
0.00064282105891536 0.0107092232984577 -0.157186576161863 0.152092465599056
0.00177223386882338 0.00257301586019762 -0.244828775775709 0.337160197523315
0.013641013254476 0.0100432121427782 -0.305961914863927 0.465890071982217
0.0059533033383973 0.0252017071898367 -0.372096323756562 0.555468615142747
-0.00641675020561011 0.0145716141143562 -0.413312737993306 0.498706803418727
-0.00800390032368045 0.00965952537992124 -0.33994725396136 0.374696088687872
-0.00635045253196135 0.0236831194135519 -0.296292735730356 0.256057008825366
-0.0244849645869939 0.0256794281328038 0.324578432719355 -0.0314241650523907
-0.00232468956152602 0.0168142979373867 0.405310002019688 -0.292293883936046
0.00377181873974099 -0.0163168695454502 0.49343643450293 -0.242056956873769
-0.0280461222038954 0.00281168934461051 0.615809116898138 -0.397869963691982
-0.00283962690184434 0.0210306406741728 0.459514981778696 -0.467702320358081
0.00831466925188966 0.00948821039790093 0.255899443360727 -0.33481263704355
0.0167751409495919 -0.0141842271637913 0.106515801024686 -0.154840682559128
0.0287243791793424 -0.00598276789849452 -0.0368669465094468 0.0142722188468137
0.0111485846287931 0.00085519273590884 -0.154685377917968 0.146955845389512
0.012717126783134 0.00240545173653694 -0.252078455201124 0.330628073193421
0.0182055521090336 0.0205602747022979 -0.327700111924225 0.457193443628165
-0.00885189911414022 0.0357199508774663 -0.401929820325191 0.540667397368971
-0.0159355757546233 0.00202356377586025 -0.434054284268539 0.477975464962736
0.00278469671572268 0.0144437921400388 -0.351018838393867 0.363178084410046
-0.0147405826464224 0.0526377394024508 -0.300577776262118 0.244027403056437
-0.0380373246558683 0.0476342046633507 0.32630904790023 -0.0649908653253038
0.00694808001670345 0.0269021824903494 0.382462368826271 -0.299044659266975
0.00391960160719249 -0.0268152092773562 0.485806715173074 -0.281225711256332
-0.0405944026941295 0.00537271882074645 0.5706281673147 -0.448075053440314
-0.00312963999799428 0.0303268890073492 0.419128433784952 -0.486809654214002
0.0157599636672425 0.011502213078306 0.243565218076847 -0.344525915237246
0.0248816159153444 -0.0210295858179749 0.111212293296689 -0.162332337979598
0.0350031185903903 -0.0149797809213842 -0.029418984425788 0.00748578979789905
0.0184782521036991 -0.00715020928426936 -0.151255182425999 0.136394900852746
0.0219460374552789 0.00317933249946896 -0.261211252830758 0.314100774583187
0.0201244096525062 0.0325236696360876 -0.357056055762787 0.441220013796222
-0.0244049935987551 0.0422149880326958 -0.452307644436183 0.515486101878053
-0.0231806923156988 -0.0105280523109756 -0.467750540017255 0.443435244813243
0.0123989436216769 0.0206890197920926 -0.360731740104396 0.351545408434798
-0.0242743137547864 0.0741262773814592 -0.307859924071567 0.22508508508898
-0.0386829590348811 0.0603388920519104 0.323261075467425 -0.1048114651572
0.0150786933988193 0.0275223981995618 0.36052339044734 -0.304054712078892
-0.00180790189724422 -0.032907754569199 0.476970962410948 -0.331220629557534
-0.04765418687295 0.0114704784479411 0.515587605733962 -0.50171888516862
-7.01233795628302E-05 0.0377661187736655 0.37213121395089 -0.504284759972798
0.0212277773880925 0.0112941942463875 0.231216269077476 -0.355115594986564
0.0290175565443989 -0.0264201281309751 0.115553314135868 -0.174661156325931
0.0405707030042677 -0.020736930439487 -0.0208541234439584 -0.00337326142873776
0.0217866302335679 -0.0107127899592552 -0.143541113380603 0.123382245895069
0.0262753776815496 0.00552363151835355 -0.268317183970436 0.297700666409232
0.0183055562124357 0.0413585024552042 -0.395165700952385 0.422514787893998
-0.0349786813355241 0.0430067410506762 -0.512765274870105 0.481905224673578
-0.0237036187065077 -0.0200916923223327 -0.503997193403085 0.391954667723905
0.0177262187426388 0.0289729450458568 -0.374348362441254 0.334614341351484
-0.0357181988778149 0.0863901297152097 -0.316867735200263 0.204815319438653
-0.0312642206611526 0.0606051503116748 0.31456226503394 -0.140826715513214
0.0183610928693857 0.0207691452217756 0.342223784088776 -0.303087009987268
-0.00912587740333093 -0.035615611837933 0.4574027482835 -0.384005946394574
-0.0467404395254187 0.0174119050289016 0.445875315872799 -0.545284102420859
0.00337323341169831 0.040069463595414 0.328367707496712 -0.516501667501221
0.0220133484577152 0.008684480967273 0.2228880364865 -0.362477170438429
0.0279771634066944 -0.0278548170228784 0.121191135175619 -0.187944249269702
0.0401136716783407 -0.0212632013272055 -0.0121464959804777 -0.0152632782403482
0.0235284879884985 -0.0104667428472763 -0.136860483208039 0.106860892048852
0.0267153332910813 0.00907586918148752 -0.274793416699118 0.278583146375264
0.0125567562337849 0.0433533705785587 -0.431102503510789 0.402667197151692
-0.0417947699289228 0.0375845780863638 -0.572680677389505 0.43549949117142
-0.0186720778715743 -0.0250783082509937 -0.532884535737019 0.33775472843655
0.0174163257235946 0.0364791058371294 -0.385954489270864 0.322947880766352
-0.0452608716847862 0.0848550587402456 -0.325049690349198 0.181503378590372
-0.0203210707045813 0.0487603730732137 0.304928744880973 -0.168781590258638
0.014219206232522 0.0117879006501549 0.332746420582587 -0.303600349854612
-0.015394103055899 -0.0323383360444144 0.436365571786146 -0.43078146923409
-0.0405602010389277 0.0211943773471274 0.384992854246709 -0.574684629988922
0.00613469369172445 0.0361773558937949 0.29065007503177 -0.519997573243547
0.0178439474254038 0.00640057606556373 0.214693630644253 -0.373884656923506
0.0250671257433849 -0.0268225419632371 0.125176567019968 -0.200290470238115
0.0342927092359948 -0.0174698377920465 -0.00413065837422917 -0.0265178230039198
0.0181375864933712 -0.00645890270144249 -0.127324332235914 0.0941238534989574
0.0213693491247377 0.0120766449436024 -0.28064500137507 0.263172266282508
0.00659922241287385 0.0426663943568027 -0.463102239032864 0.382458755242626
-0.0388389168041258 0.0291827111260961 -0.624629603543396 0.390666992311793
-0.0093484190185797 -0.0208784842931289 -0.548974637629768 0.286060202975476
0.0101322216012704 0.0390499120014814 -0.39467977096354 0.318419792563713
-0.0487003152851933 0.0687102024106955 -0.333590422152368 0.158218971825332
0.0398775016982064 -0.0561785374861354 0.321102622676581 -0.0197613099548565
-0.0241960388843361 -0.0278320795592329 0.412815398913665 -0.272462693077999
-0.00390128681750863 0.0127590573966573 0.514417922556972 -0.222073690918661
0.0174166752779926 0.00381453632371933 0.637544250088154 -0.376778511392248
0.000854225083276818 -0.0146895342553959 0.478235845462636 -0.444276884524337
-0.0225028359535749 -0.000369918317830079 0.273310587961194 -0.32491775287142
-0.0150419686405308 0.00590166319614591 0.114578272532039 -0.152228949018917
-0.00396588148809859 0.0297936430839124 -0.0369228385253351 0.0105448547026315
-0.0228166441433987 0.0297665701677169 -0.157521394635107 0.144709039799417
-0.0211543301927944 0.00281815394970481 -0.244235852246557 0.334338724267872
0.00312303951090097 -0.0145138927513158 -0.304775463188908 0.471024729613053
0.0344150629470605 0.00355778786735603 -0.389537514333909 0.560019586447652
0.0100396406392808 0.0370189449636571 -0.425693977382749 0.490382204317955
-0.030400086043333 -0.00458367506551585 -0.339799810717794 0.3765160185982
0.00675841489604264 -0.0401034843035336 -0.301853503151166 0.25970319732263
0.0213640934668391 -0.0289771948755454 0.320598457855385 -0.00503216229461876
-0.016750110034916 -0.0163834275655494 0.424384580884896 -0.275448707033957
-0.00307990564302867 0.00239610315964254 0.509484888913256 -0.209300580500225
0.0024240342756382 0.00546128061116991 0.653455292760258 -0.357275681545849
0.000858915208248293 -0.00311723199774938 0.492188891137257 -0.443200861151615
-0.0121639112255115 0.00182470436106621 0.273962486413639 -0.323833373466554
-0.00451206776186087 -0.000432313025380894 0.10937527337022 -0.147807776203292
0.00677478785104448 0.0185420744386852 -0.0406378805267348 0.0168900610420031
-0.0109534667863655 0.0215246897916979 -0.159914060933638 0.150970389164045
-0.0101797375377186 0.00314509706737516 -0.244027191293537 0.337983166043464
0.00703887843971017 -0.00367240687710643 -0.299707337571562 0.470865072023035
0.0214774821480039 0.0134198433393709 -0.370382075796205 0.561422978460661
0.00350981719201098 0.0268931625006629 -0.415282017410885 0.502684680980214
-0.0196026248945438 0.00334302846130203 -0.340446160582333 0.375834673899083
-0.000492923116629363 -0.00841014587484577 -0.298309779244581 0.261210177442829
-0.00241320748307754 -0.00072860783104972 0.324433113529122 -0.0073205670049488
-0.0102178202061845 0.00168838542488825 0.424129669720662 -0.283550340779675
0.000877697371402715 -0.00750748456921046 0.503086708292032 -0.217239576931063
-0.0131589543452006 0.00419346778837686 0.647969503995213 -0.366044476478542
-0.0017540461966662 0.00868017209754683 0.488239197890023 -0.450283257356775
-0.00214699864944633 0.00662997842237552 0.268758775306838 -0.328395133637734
0.00720849622183812 -0.0069083431429546 0.106454049822294 -0.148891360789885
0.0191594303019624 0.00485596180834996 -0.0409731167423481 0.0180331205955079
0.000622493104891454 0.0111641803623913 -0.159785844505199 0.152729471664011
0.00112590108942975 0.0029986173355977 -0.249608271398841 0.338091955119196
0.0132286442504722 0.00943628798920481 -0.311095665456328 0.466506306856814
0.00649877071507815 0.0240676218721689 -0.377981783962842 0.555226379872038
-0.00619268161996987 0.0147735141777185 -0.420493238761347 0.499651823355951
-0.00838564665675356 0.00963504703466485 -0.346236577362801 0.374956177540251
-0.00714476543611839 0.0236431471222023 -0.299887115366359 0.254409353149284
-0.0253657875980562 0.0263550634196438 0.327817454142502 -0.0274548448113693
-0.00276980817385156 0.017175464787574 0.412954724998949 -0.291096364893041
0.00403316362578861 -0.0165129185002772 0.49790608509546 -0.239402374433139
-0.0285831081352674 0.00340626748604889 0.623192461944764 -0.396963972126778
-0.00273807797804434 0.0201451590528189 0.465587622067221 -0.467299919092132
0.00800867226700431 0.0102192994867306 0.259214004441536 -0.334462274569191
0.0170751237159322 -0.0145560040878122 0.108273493791828 -0.154300389267627
0.0293265901224075 -0.00566378974240286 -0.035638094310529 0.0142636398466853
0.01114646539105 0.000584520967752544 -0.157690568413108 0.147828364372904
0.0120319912724997 0.00279776383254352 -0.257033373170272 0.33008234586292
0.0175633212290113 0.0221489949851984 -0.333052185257434 0.456769980817833
-0.0097673572702567 0.036025343975484 -0.408309484791071 0.540951153960791
-0.016421914813932 0.00217061096255886 -0.441860492967683 0.479403155176584
0.00273257729373363 0.0145079598647471 -0.356161148861873 0.365619729776187
-0.014425779228812 0.0524367824473739 -0.305115487553386 0.243070047598137
-0.0385806716454737 0.0474706232197864 0.330827832459424 -0.0627691814110876
0.00582014042095863 0.0275110312852043 0.389957597519269 -0.296366382534719
0.00384693878077433 -0.0261261269692699 0.492214162052651 -0.278846786523999
-0.0413615830583887 0.00554694925702164 0.579280273173239 -0.445852357283288
-0.00417118454415031 0.030502438043519 0.425892810247431 -0.487017878838073
0.0159589444520704 0.0123165716619991 0.248468299840759 -0.34445326746964
0.0248665735923515 -0.0203916152918862 0.112277684170259 -0.163486678683854
0.0374759024736155 -0.0157538196192056 -0.0302128685529684 0.00682367092470631
0.0196309541853969 -0.00654500935994332 -0.153706095755498 0.136238654057462
0.0217392198534791 0.00393152140708167 -0.264945997590421 0.314758444229477
0.020191766396402 0.0327623561056692 -0.36325261232062 0.442226468236463
-0.0243603173784169 0.0423486430374444 -0.46212761649167 0.513700669280015
-0.0226483429393838 -0.0107133686855544 -0.474914510189834 0.442045312917879
0.0123370210205056 0.0203810567030818 -0.367930644246036 0.351570286267249
-0.024580984978196 0.0740814053966823 -0.312561700310811 0.224154440579374
-0.0391065914145839 0.0604143775986279 0.327330025523437 -0.101753042098176
0.0147548301071306 0.0279214061173474 0.365280087051254 -0.30209713569056
-0.0014548570095411 -0.0334293874296482 0.483977383948142 -0.329286875508027
-0.0476773955123154 0.0110152888713126 0.520578001396628 -0.500795502466397
-0.000474965275186472 0.0386509708583832 0.378375522229024 -0.504574343099683
0.0214384601835643 0.0115082482528034 0.236107553762925 -0.353743839223024
0.0294967036423093 -0.0259316704031579 0.116494307094343 -0.174954802712058
0.0405322821478309 -0.0215573687842693 -0.0216222257687929 -0.00392478208461394
0.0229565699248547 -0.0105644277930371 -0.146304626338917 0.123479817696278
0.0263359341966509 0.00641006264641343 -0.272164456021758 0.29704741326454
0.0180378775979905 0.042087039792179 -0.402501549521764 0.422104654248461
-0.0365578485310997 0.0426126731818696 -0.519160896999026 0.481503340546832
-0.0228075042505805 -0.0210059993471336 -0.511512500748506 0.391382307880869
0.017641403737042 0.0280048087660116 -0.379637266264027 0.334206128770646
-0.0362303483431569 0.0858697356855674 -0.320827273202222 0.203387188794479
-0.0323911359451405 0.0607459690256696 0.319220956692592 -0.13940959735485
0.0182474257246412 0.0203543533039634 0.348840022014968 -0.3026036875559
-0.0086824514853511 -0.0355366061086786 0.464409289388102 -0.384116325628971
-0.0474646313300501 0.0182947368555833 0.454737858560574 -0.545184024402175
0.00280265376595975 0.0404249350347576 0.334995367181281 -0.517156964036625
0.0217205563474785 0.00974817437042537 0.2258002921248 -0.364067087690215
0.0292062647302071 -0.0274247283166672 0.123192835731875 -0.188255804161982
0.0402288401144138 -0.0219317955136764 -0.0120698501658961 -0.0156201904537229
0.0241548043896251 -0.0102408915348305 -0.138263434455657 0.106953447868958
0.0271829785931248 0.0103133671446137 -0.279039688298543 0.277608320567132
0.0122135231289115 0.0447702560556447 -0.437048962272024 0.399736956416417
-0.0414931035607328 0.0361297536269127 -0.579987546596071 0.436684625754748
-0.0167783545940135 -0.0251588892090953 -0.538896379236771 0.333618033123883
0.0166623105866073 0.0367321032383449 -0.392195599662507 0.321938525088394
-0.0466428194207535 0.0850812292602366 -0.329343215156165 0.178748365487922
-0.0212934116742237 0.0474919467740817 0.310132018719195 -0.165867584593582
0.0150292023317827 0.0115990621194431 0.339081660050094 -0.305453234673882
-0.0144167886710789 -0.031916963870787 0.443567619124064 -0.430596964534044
-0.0409805963239572 0.0208513468725479 0.390887935019062 -0.575021257231026
0.00603702866921532 0.0369959701197722 0.296319044363716 -0.52264543104924
0.0176516438079268 0.0063742777205768 0.22000384360032 -0.373845887660426
0.0242904187236584 -0.0274716211526215 0.127353301682383 -0.200048336189191
0.0350628321919055 -0.0180170486708508 -0.0040437186907736 -0.0267584694228443
0.018838558684514 -0.0060595461722494 -0.130204654482753 0.092589837631729
0.0221530197964224 0.0123727135412326 -0.283340799746451 0.262376091922075
0.00684666245722192 0.0421424458783451 -0.470205633773136 0.381073861196041
-0.0402358939966684 0.027759705614295 -0.631579914153114 0.391544098683923
-0.00948182976630094 -0.0212092538823068 -0.555527644299288 0.283709368395597
0.0106875067441351 0.0396675226453645 -0.399990110767896 0.3157644330599
-0.0493207245180123 0.0698668073385098 -0.337330634168479 0.156459625421809
0.0416550345879155 -0.05587765027441 0.32656028084898 -0.0168362989778708
-0.0241437047175244 -0.0283694519474921 0.418242401318385 -0.273725022466131
-0.00390316610305375 0.0126264735715235 0.520838825669466 -0.219886328950817
0.0169849700475521 0.00469649719886803 0.64830804840694 -0.375447223670463
0.00160665250119925 -0.0148954227645227 0.486370202265276 -0.446537474981591
-0.0226758245079066 -0.00129190539482642 0.277688373063229 -0.325987509646447
-0.0152684510321059 0.00613287455611176 0.116199944581893 -0.1534719865857
-0.00373633047776315 0.029017266803861 -0.0377160465559506 0.0113970785929423
-0.0225503617748693 0.0315146292771044 -0.160470247642577 0.145440215638818
-0.0223643885886196 0.00259014940518791 -0.249190983913056 0.333824804741507
0.00259010792157307 -0.0146864923589785 -0.312256238750827 0.471673312682933
0.0352804788279561 0.00396884457419012 -0.396417799711107 0.560151375097552
0.00989874161385041 0.0384458883953231 -0.431743505918744 0.492729994224499
-0.0304696376975936 -0.00401086567204095 -0.346188203940729 0.377061029887302
0.00731798295781944 -0.0403278717324221 -0.306240514411401 0.260061165689186
0.022686538221737 -0.029087176341381 0.326179226524556 -0.00241522977840145
-0.0168954242762897 -0.0161131341180398 0.432251089001179 -0.276796211435488
-0.00217892586591231 0.00237420793090327 0.516132280087242 -0.207494871673543
0.00277370277813109 0.00527782828952514 0.663090367323311 -0.358231530561488
0.00091073922066078 -0.00409959635472037 0.5014257968344 -0.442268438119148
-0.0124131069450999 0.00176865028185018 0.27824359429942 -0.324594768875953
-0.00415534270221205 -0.000411420858061781 0.110829677047597 -0.147901989915511
0.00823723529672222 0.0174434877393851 -0.0409505530320182 0.0166243371892468
-0.011365120746044 0.0234199182544897 -0.161902397627628 0.152122985476145
-0.0108689980688438 0.00393803099620966 -0.249006031592655 0.338344548212523
0.00623912001077414 -0.00314551521863435 -0.306463732992054 0.47255004189787
0.0211439942028745 0.0125413973042601 -0.378051596447732 0.565372210473626
0.002660177701446 0.0258951448762894 -0.422998684281731 0.505235056169613
-0.0200680407170211 0.00362296450744637 -0.346213044818373 0.378679163790551
0.000495862335564668 -0.00787616680134626 -0.303116111398184 0.260253634234184
-0.0032063543064727 -0.00153593162418539 0.327380468746016 -0.00554928371307547
-0.00978484348187013 0.00037520458070578 0.431157486799983 -0.281930966991754
1.76123536069087E-05 -0.00718369416910707 0.508380445663197 -0.214187674713187
-0.0134847178518437 0.0033863473041842 0.657063258419058 -0.364373963883322
-0.00101618725781113 0.00775610196510824 0.496020220617727 -0.453353528247734
-0.0017316262073613 0.00680822231305781 0.274041926463818 -0.32941766432988
0.0069773771681616 -0.00733387649223624 0.107492599988342 -0.14941024139863
0.0190126836467009 0.00613867202689902 -0.0400881308735393 0.0188052145197693
0.0008986555007422 0.0116101754807149 -0.162582252147209 0.152798058130061
0.000836693342804387 0.00320181961329128 -0.254573297177429 0.339736933185373
0.0119251728279562 0.0101719624596438 -0.314787033650716 0.468508585753162
0.00589319902062693 0.0243296838479328 -0.384376242726463 0.556729221122267
-0.00692356309863524 0.0141658267221049 -0.426331704999007 0.502000977459236
-0.00761281059302948 0.01003238356274 -0.353168872507244 0.376760177559728
-0.00779536388671966 0.0247318162680784 -0.303903489302017 0.254919958516992
-0.0261782647945616 0.0258417921441105 0.334974839613906 -0.024124266494644
-0.00313740764127861 0.017315943699453 0.417229415368244 -0.290128020744378
0.00420642079140974 -0.0168830838563849 0.505749622268014 -0.23879726411376
-0.0285397774868148 0.00290518157287981 0.631490544360534 -0.397510079145318
-0.00248548146463114 0.0209511651500612 0.472036602102204 -0.469923003248388
0.00836756734389046 0.0101230234315897 0.263345244587381 -0.335627217941795
0.0177494290818487 -0.01388972471313 0.109918093116633 -0.15335533146451
0.0303343198098364 -0.00701685155515799 -0.03630614521134 0.0144647841951532
0.0110967868505031 0.00127743147324581 -0.160182047527841 0.147044801442555
0.0125076597550197 0.00362688732686189 -0.262315075517533 0.330426563846655
0.0171741228002733 0.0212895311695436 -0.339123299007341 0.458213294448191
-0.00853235208128295 0.0370566922346173 -0.417869065483669 0.541628670330289
-0.0164592596215655 0.00282487642746 -0.448510342202864 0.48012754417746
0.00313848459870763 0.0152183005122669 -0.360620186217774 0.367238938703406
-0.0143991226446519 0.0535473044547155 -0.309170842462092 0.242446473261505
-0.039131262504508 0.0485887220939334 0.334966337315418 -0.060872813820788
0.00713876742244635 0.0282225734205579 0.394279862543496 -0.298883779644893
0.00527904321608614 -0.0268475204637936 0.498830999114438 -0.278132286971728
-0.0407423756231103 0.00557000629992974 0.585926982683444 -0.447204938778897
-0.00301970008597354 0.0314249534211997 0.432690153393383 -0.489630501358175
0.015150049187864 0.0118626953847632 0.252646297994603 -0.346297281920355
0.026587348260863 -0.0209016727539931 0.114053167090255 -0.163606178188283
0.0374630214089599 -0.016382513580568 -0.029464881634934 0.00722210777662463
0.0197094925894253 -0.005835093462653 -0.15604485155761 0.1365947701691
0.0217007914897889 0.00463537038981239 -0.26886151358394 0.316195319650157
0.0197773647164679 0.0326809664054132 -0.37010679424984 0.443055850032025
-0.0239869856917352 0.0436274181795389 -0.468338145942612 0.515654100620985
-0.0228821168081014 -0.0107759435257489 -0.484249465307109 0.442862070529928
0.0117806193860971 0.0214438980315252 -0.37282192099233 0.352415937439244
-0.0243758222948902 0.0755760151197194 -0.317332925140642 0.224955332482201
-0.0403848567631939 0.0603023437068239 0.332313001952405 -0.1001441547861
0.0149849943010489 0.0278230120613882 0.372396531758483 -0.302603186410034
-0.000251296223805283 -0.0347820393453081 0.490588480659646 -0.32892854986064
-0.0486368354444442 0.0107654565022371 0.529215804216691 -0.5013140765198
-0.000669403174884481 0.038863352845639 0.384946101264058 -0.506945174419032
0.0211149038736897 0.011829678722578 0.24000893974692 -0.356939680666388
0.0296575993768596 -0.0258415036309326 0.119482629753627 -0.174915408352608
0.0423773235572926 -0.0215961375839085 -0.0199583000945743 -0.00456533147687018
0.0235988701375255 -0.0103217894555851 -0.149175567353884 0.123043297609982
0.0260353426169227 0.00739814743594086 -0.276366521688666 0.298226309320088
0.0174071348810309 0.0407836538783857 -0.407134274779689 0.424187608061003
-0.0358515200143594 0.0425920313570253 -0.526263025267463 0.483441135137478
-0.0236930450467504 -0.0211603505491491 -0.517678765080108 0.392908373674309
0.0171505089216008 0.0300087242778072 -0.386805941004132 0.334743743865862
-0.0375502959817402 0.0869177086739531 -0.325896540577287 0.20245243077955
-0.0336539021416976 0.0606195868105189 0.324053359405524 -0.138148275575478
0.0179697003411653 0.0213949931106524 0.353753468364035 -0.302360498238971
-0.00869511753347601 -0.035939941122524 0.473056981187251 -0.382686103880677
-0.0479567006878062 0.0184919748750152 0.459433791002088 -0.546077680545216
0.00333990892333204 0.0407791152426606 0.337460945337556 -0.519471755696634
0.0213465183959967 0.0096821960243581 0.231601806303994 -0.365290081570951
0.0296919451246319 -0.0282485763158465 0.124355165238802 -0.18911071588366
0.0410756910354676 -0.0223498032351668 -0.0122273777057505 -0.0158396874109669
0.0239330979493399 -0.0095316039146139 -0.140141181970775 0.106854128678984
0.0261141238569565 0.01113859699703 -0.284558204854432 0.278192627805618
0.011762778231559 0.0448171097817819 -0.444626926309902 0.402311995160424
-0.0441770434495194 0.0374776486112217 -0.587617389189439 0.435433473234551
-0.0163741627806372 -0.0249937796190901 -0.547418499687616 0.333414151924986
0.0170045694888835 0.0373703634063745 -0.398489301641583 0.319509573289423
-0.0475567859417735 0.0857943220350342 -0.334861480566721 0.177479084720822
-0.0214441395706538 0.0484639204690087 0.312665331333336 -0.165892742721976
0.0149783126370558 0.0118824292402034 0.344272348934291 -0.304103610657702
-0.014823737825749 -0.0319514389132252 0.450468814074623 -0.43168175105779
-0.0410728064941802 0.0219483381425495 0.398324614884266 -0.577705008593008
0.0058740337966507 0.0371823076207009 0.303323895614531 -0.523394000562219
0.0180303689791335 0.00560663541183208 0.222848455175637 -0.375212049652944
0.0255359445777062 -0.0271070252713111 0.130456599137369 -0.201800608059599
0.0358085642386426 -0.018525874962783 -0.00275597231578976 -0.0277146649637418
0.0192262837638104 -0.0046520357819743 -0.131018711523888 0.0920458749239478
0.0229690975517613 0.0135117587181 -0.289906641296183 0.262956127053556
0.00617756144821124 0.0422613602414179 -0.477802293349225 0.381011364030604
-0.0401728483591248 0.0290249039343916 -0.639501653764263 0.388492286984779
-0.00912749339930111 -0.0206998945747812 -0.563558350916716 0.282940981998284
0.0105425358033112 0.040886163762583 -0.407145349013658 0.316401559556672
-0.050863139958893 0.0704080450479624 -0.341689137891921 0.154579587555874
0.0420077352290337 -0.0575299198356954 0.329736537463136 -0.0142362677459697
-0.0236714876133594 -0.0294775846244995 0.427102708653006 -0.27197421604762
-0.00406419856662177 0.0123955534144501 0.52660641085652 -0.220282367746771
0.0176479352967969 0.00492624607286619 0.656440744773362 -0.3781488691902
0.00197478547330441 -0.0152163167585622 0.49409394283587 -0.446670013383613
-0.0234147094535553 -0.0012480173938629 0.281918539635455 -0.328782835740768
-0.0151817100307499 0.00622574215573754 0.11753665208532 -0.153220094300399
-0.00266360869482298 0.0284329059074999 -0.0368187613758994 0.0111319007726251
-0.0224173529297382 0.0314054585397909 -0.162712188294968 0.146640288408318
-0.0219960766324662 0.00259807619712922 -0.252135223785131 0.334709003991761
0.00216109911241164 -0.0158245755978183 -0.316954249886844 0.475724208231036
0.0359912145483851 0.00379460147874969 -0.403068867618832 0.563678134251603
0.00899410904355162 0.0379877845313624 -0.440603992273013 0.496698656285426
-0.0307107905274425 -0.00490286227509951 -0.352430373605847 0.379352829988199
0.0085619278574688 -0.0414694795522155 -0.314361717216567 0.261326514160764
0.0219577515947143 -0.0291805523208921 0.330168971316596 0.000632987097859489
-0.0161687020184778 -0.0164550173044233 0.437596733272738 -0.276651239652916
-0.00238053738379284 0.00236548661138219 0.523039946443088 -0.207207656351884
0.00264341086681431 0.00526101687948924 0.668548688809079 -0.361316464114744
0.000764290875496233 -0.00478958255350839 0.508452668775557 -0.445784028920496
-0.0134523773132631 0.00206140614837103 0.282385903335469 -0.327511326427576
-0.00503699355564529 -0.00046035841419802 0.112242181992459 -0.148754739469838
0.00724689356431673 0.0181894277186937 -0.0407302592504605 0.0173618997137635
-0.0115038508273148 0.0224283300685272 -0.163979667013484 0.153072640887886
-0.0115515771489711 0.00316029849466703 -0.255020698494662 0.341152051412894
0.00693726777843024 -0.00314835258461246 -0.313185180471974 0.47593073012954
0.0217172776813329 0.012650469386525 -0.384294622252524 0.569071261351312
0.0038468705689652 0.0265874267593601 -0.429205514125884 0.509245601963097
-0.0198201852252113 0.00336712256514891 -0.352405881384786 0.381807774666625
-0.000380366204416532 -0.00894427142804754 -0.308509964906559 0.262176676668894
-0.00305162314340589 -0.00163522272623206 0.332345042643511 -0.00259761662748504
-0.010029865151516 0.000835480012939822 0.438340522452529 -0.283376266820848
0.00159253497452848 -0.0072573191501541 0.516902029363619 -0.214900098306944
-0.0139297953155618 0.0042639884042102 0.664945638589423 -0.365625079896595
-0.000737017902416038 0.00875006436959803 0.503008060881558 -0.455517870578557
-0.00215019571585668 0.00583479261071333 0.27846440275391 -0.331979108572804
0.00657787318878921 -0.00779294359969252 0.111025292563203 -0.149962409071258
0.0195748491272742 0.00518401555422154 -0.040405052978163 0.0187314333464742
0.00148382472424085 0.0119661632166018 -0.164390697463127 0.153622085467498
0.00097975602449297 0.00349761425714083 -0.258045385069091 0.341505338165384
0.0124342661198444 0.00891116652193829 -0.322149442310824 0.473169014913917
0.00566397743683346 0.0246940684702339 -0.393840652608935 0.560636427115141
-0.00662912238678611 0.0157960020333044 -0.434868997230534 0.504994953704041
-0.00835334151773951 0.0102489383638998 -0.358062340105451 0.377787497545653
-0.00775457759402345 0.0243105437779406 -0.310852403778795 0.256099412919677
-0.0266770733401532 0.0264165926027823 0.336161324039318 -0.0235135315775554
-0.00257163708664473 0.0176311483227567 0.425692779155242 -0.291778553759349
0.0050492426485583 -0.0173102257122905 0.512599703467257 -0.23846213060031
-0.0287938789871315 0.00338194792296914 0.640164890592194 -0.397730273899189
-0.00314150328690957 0.0206099814379538 0.480877568712238 -0.471888829485978
0.00783194292410147 0.0104939508545397 0.268364020004003 -0.339604956559516
0.0180199799748086 -0.0148130808789946 0.111228795524636 -0.155276057730454
0.0296278751822046 -0.00631241299473966 -0.0363115898004384 0.014940499994052
0.0109689093311511 0.00186364920877675 -0.16304891900072 0.14941133627504
0.0130832264744451 0.00257356015783805 -0.265108734782628 0.332522325347197
0.0172026914241786 0.0227113588080803 -0.343937959428563 0.462412865760321
-0.00888776405561771 0.0361990638553574 -0.424796555965493 0.547542904059674
-0.0166220312405158 0.00126426192237759 -0.456237928726579 0.485497733963825
0.00387025492756881 0.0147316457821389 -0.368539146136655 0.36822414413859
-0.0149459188358391 0.053380973083519 -0.31499937590629 0.243554849379844
-0.040402402890362 0.0478289426274036 0.340729374541501 -0.0585017542415168
0.00696888236940882 0.0280488066268888 0.402114325419572 -0.299993218377698
0.00473676937048489 -0.0266374845911389 0.505912612752405 -0.280702366808202
-0.0412561105294652 0.0062815489217855 0.595701853336027 -0.448453440380502
-0.00333255080319019 0.0309979435143834 0.438172044303172 -0.490305463061912
0.0163124976261391 0.0120323296656581 0.256709328760082 -0.349317998160021
0.0269893418901623 -0.0209411011608569 0.115809215964814 -0.165314003658844
0.0387441237383236 -0.016107408385412 -0.0291263557629299 0.00737644948326933
0.0208098206176668 -0.00522028427617911 -0.158483729850455 0.136813166719131
0.0212910182679708 0.0050601045388648 -0.271907600800313 0.317481061405916
0.0192410743279482 0.0330291322175404 -0.376183667576493 0.445979562243552
-0.0250465928705013 0.0426955657750064 -0.47516465911865 0.520713532455188
-0.0235497572613919 -0.010445999491111 -0.491232675212127 0.445253001562681
0.012860041446735 0.0217910254784688 -0.381631964020957 0.353070037431103
-0.0262861396823728 0.0754757032071243 -0.321713057519533 0.224424787048447
-0.0424674609312921 0.0601447314597606 0.33814806542752 -0.0999111776530399
0.0153627343811525 0.0291664656997584 0.378106240327685 -0.303817418673463
-0.000469362584631323 -0.0343853432282755 0.498088012091261 -0.330627155509468
-0.0486037094843174 0.0117252054790797 0.5364120377793 -0.506127182370609
-0.000843739987396015 0.0391995505296865 0.390657282015534 -0.511189926132247
0.0213400756027367 0.0122987901845364 0.24496945898922 -0.359622282216058
0.0300367469101485 -0.0263488681529936 0.122362573713367 -0.177323269948053
0.043320248194652 -0.0221749037983761 -0.0204921995553313 -0.00469778532965597
0.0241469832768548 -0.00891928332865908 -0.151048958240977 0.122762083091395
0.0270323174302257 0.00808781349586905 -0.280124993536595 0.299348321196946
0.0177520751670608 0.0415349537758073 -0.41486591786282 0.426963006669334
-0.0367182333995254 0.0430993747942681 -0.536331629574133 0.485036712899284
-0.0235872967691901 -0.0212223308214031 -0.5253471733202 0.394903787599452
0.0174481822912134 0.0300456663807535 -0.392133593531271 0.334697077029227
-0.0376583825344205 0.0875917651593557 -0.331111051018289 0.202469092490188
-0.0343428845692032 0.0611955855086278 0.33015158535056 -0.136244960773957
0.0190093691115238 0.0216922414433605 0.359356287708768 -0.303770097823681
-0.00784958945613999 -0.0358628297975131 0.480436678156979 -0.385352555447332
-0.0485014446234563 0.0188897039868778 0.465760846058866 -0.552205802776688
0.00354591747056988 0.0415380921708914 0.344298838327317 -0.521312079025405
0.0222287328386121 0.00925242228512076 0.23514077693856 -0.369014162119502
0.0301291642399956 -0.0283015537300371 0.128209126962397 -0.190273192941191
0.0427873454831616 -0.0230637305859801 -0.0112527646894283 -0.0158387539471994
0.025302197085211 -0.00911969085864864 -0.142873843431903 0.106423080547056
0.0271821279389502 0.0100489570529961 -0.286755726855324 0.278499596450641
0.013058672080308 0.0460736547340007 -0.45059014835908 0.402566549354448
-0.0438323973133026 0.0373434282763481 -0.597355224170354 0.439384479611701
-0.0177218402320577 -0.0253242360254891 -0.554501834475503 0.33554335239936
0.0166180346011539 0.0379313506561038 -0.404513143292626 0.322442012819245
-0.0486279515987607 0.0865394015681476 -0.339578159127893 0.178435910321329
-0.0225095194142698 0.0482102626891658 0.319614545805448 -0.166290461808025
0.0154789572573721 0.0114200396944151 0.351141584291594 -0.306291212317021
-0.0135482608201373 -0.0321334054818291 0.458625287435158 -0.434262440805864
-0.0415387577974243 0.0216970365705802 0.40564693734176 -0.58301893590047
0.00621792618597982 0.0379734212244523 0.306003646411918 -0.527792632757843
0.0184410902275138 0.00710833683427483 0.228067636732959 -0.378968133904512
0.0268069965927584 -0.0272548610934508 0.132873171956501 -0.203198833731666
0.0372461238991859 -0.0194082593630679 -0.0024113492782088 -0.0278550712032591
0.0204875719752597 -0.00490639702678594 -0.133816865185871 0.0923547585140854
0.0218883641027964 0.0139850381410739 -0.293922343988642 0.2632997911853
0.00599798068977108 0.041940679945961 -0.485475681476317 0.383879225368984
-0.0407577045486623 0.0285392602416042 -0.650065698224636 0.390337564449236
-0.00884499904868738 -0.0217170796969188 -0.570442538952932 0.2839089069541
0.00950570946059631 0.0416241282819061 -0.413141665937378 0.316539599305199
-0.0515505200315749 0.0705813884712684 -0.347479456375647 0.153994452625613
0.0431437781623871 -0.0578429938746879 0.334921208340662 -0.0133324048713738
-0.0242861769342221 -0.0292856413752179 0.433837583959545 -0.274408859839605
-0.00291491217997469 0.0136675407018257 0.536336571011306 -0.222112737134969
0.0178477655379191 0.00525652143539057 0.66478447585162 -0.381042927200175
0.00193598368694329 -0.0160140860654019 0.499696017202257 -0.452288669549207
-0.0226330560327319 -0.000843786451380984 0.288292277730101 -0.331817563332799
-0.0157588417505608 0.00613788470816347 0.120060514810939 -0.154459926058179
-0.00216435819296263 0.0286725091361527 -0.0374501450558587 0.0118331383886262
-0.0221754127455808 0.0328529122742173 -0.165763799969059 0.14758914736265
-0.0230274802889906 0.00301822561361607 -0.256423682738398 0.340135578198658
0.00247626393129139 -0.014705051950792 -0.322634606730577 0.479780965027946
0.0362805924667396 0.00428297076832294 -0.410234780321899 0.571415288256425
0.00992945763019355 0.0391806153634602 -0.449029883545285 0.501431528726992
-0.0310693341169657 -0.0052210418421158 -0.357199268980685 0.38335132105827
0.0088207848763958 -0.0414858212488197 -0.319039187660897 0.263041640641032
0.0230882002158056 -0.0303212648381344 0.335990029475757 0.00241522411431441
-0.0168558618226689 -0.0172095304589493 0.446315576350891 -0.280552949417681
-0.00256760305628355 0.00232235777775552 0.531566425637546 -0.208588006310661
0.00288930677373268 0.00603270165591459 0.680284994429248 -0.362492716993377
0.00108177944288318 -0.0044938260839342 0.516427659714261 -0.450339289408992
-0.0133905085621032 0.00211823880047247 0.287532773646978 -0.331856111066183
-0.00415980823545422 -7.04698326750479E-05 0.114696913244583 -0.150572687824122
0.00902172940966573 0.0176548807810697 -0.0411325329330422 0.0168632527863695
-0.0102017626994199 0.0237390157113073 -0.167462187074251 0.154162278153221
-0.0120271444254986 0.00339438844377879 -0.258007748603089 0.346477777182018
0.00709933563883121 -0.00242210593259071 -0.317257427957849 0.479915685040719
0.0221476528462738 0.0138299535049742 -0.392337452101435 0.574216698522557
0.00370817561575837 0.0272986698402378 -0.436900118908914 0.51542845393754
-0.0207215035771766 0.00330089682225532 -0.359693832714729 0.384804515739298
9.32965506849608E-05 -0.00871343009155056 -0.31393430074398 0.265367314911128
-0.00346644279671122 -0.00161802026671261 0.338650627848525 -0.00171394745194439
-0.00945465947240314 0.000917939485043422 0.448111584436086 -0.286575779850488
0.00196974588186955 -0.00720577605504055 0.5239937796493 -0.218056222204567
-0.0135606280256553 0.0045065494881694 0.676495888432938 -0.369978302235863
-0.00189881255887747 0.00756933013235925 0.511340656920666 -0.457346745420055
-0.00245410985898242 0.00602240659859918 0.283364770807759 -0.335538704696511
0.00810257362207118 -0.00851605359493433 0.112007490639637 -0.151986117419886
0.0211555111157872 0.0045716939627001 -0.040796181128957 0.0190428780167578
0.00151583863800484 0.0123120135648334 -0.167556246034669 0.155335281180179
0.00121344541508086 0.00378745795821631 -0.262928421395632 0.345732202316925
0.0124314854932024 0.00980038832710852 -0.329126373837119 0.476829218370989
0.00609700951395184 0.0250393428574077 -0.399878888165026 0.569485293710688
-0.00605432778587591 0.0147215717728782 -0.442169057792691 0.51373432590043
-0.00914309256568416 0.0101266885324905 -0.365491415716115 0.382085705719755
-0.00693134103179554 0.0244433926650529 -0.315378662054566 0.258686518834402
-0.0272879739550396 0.0256895402330704 0.342490974137245 -0.0218010356982468
-0.00282864093557201 0.0176409090639187 0.434429161474368 -0.293055127757446
0.00534114322823032 -0.0167849738089025 0.518501893657082 -0.242092400977463
-0.0292555646413525 0.00379203676928594 0.650989649222486 -0.401268034312679
-0.00402995551198005 0.0206166738792458 0.487320962202543 -0.476755290416219
0.00747540056046935 0.011006348292814 0.272557531876839 -0.343841046114534
0.0173080593348888 -0.015631144219304 0.113103801906829 -0.156421876792894
0.0310980080443354 -0.00792673100266755 -0.0369686445560831 0.015148770560174
0.0122069941504024 0.00264407186361804 -0.165787815512249 0.150889926404123
0.0132282703360434 0.00346719727275554 -0.270560160729365 0.33546960944244
0.0172947764603094 0.0220403668306433 -0.351103328162626 0.466839506929336
-0.00906613945037612 0.0366788124436573 -0.432809713620847 0.554149303967251
-0.0165488921621701 0.00221361365579101 -0.463849261452357 0.491224313881237
0.00373706671276038 0.0160569187979468 -0.374696807878769 0.371827731122963
-0.0154403154185976 0.0538276804507512 -0.32127036694769 0.245391433387055
-0.0408838963242628 0.0481184471824676 0.346734923460887 -0.0575642790159713
0.00737389261796489 0.0276170192342227 0.409593866967921 -0.304879099639083
0.0051017722444903 -0.0272560023269862 0.514526569361733 -0.283036241992995
-0.0419065359527109 0.00614503149199839 0.606320409343141 -0.454790425022156
-0.00369269409093928 0.032165130613352 0.446795926863902 -0.496361072620287
0.016143373264581 0.0131600948616456 0.262080387544935 -0.352131243717703
0.0273604974621461 -0.0216924446345689 0.117185162077853 -0.165923665013275
0.0393336382343709 -0.0169677720980858 -0.0299449466501289 0.00678581573451307
0.0209055630422873 -0.00517031562994212 -0.161964690152002 0.139219477094635
0.0217640174303235 0.00558621309061878 -0.278097314459016 0.320866538421996
0.0198177697153763 0.0337791004483541 -0.383710515383513 0.451149481844712
-0.0248505977570007 0.0435245271019956 -0.482122018501406 0.526318215694732
-0.0231274728846902 -0.011471282122218 -0.497705504074748 0.451741098730911
0.0122168459059687 0.0227550398048724 -0.386412345764779 0.356294941555464
-0.0257962570561756 0.0770459875873659 -0.328394121780255 0.225732285102736
-0.042532258934165 0.0616350305316882 0.34446308902026 -0.0995575329530421
0.0157314325221989 0.0295186166146707 0.387054510416737 -0.306449672548557
-0.00101696529706448 -0.0344453941913452 0.506326966491083 -0.335426001380454
-0.0495458198935213 0.0109068470834189 0.544093536592961 -0.5086525168331
-0.000600223443202294 0.0396697091423638 0.397616241327183 -0.51491751065947
0.0223013739433175 0.0125742601584708 0.248176779084112 -0.36422210858714
0.0316834560067571 -0.0266689080640877 0.123737066679076 -0.178704308272845
0.0433565352586686 -0.0234778703716011 -0.020555387934717 -0.0046607051721344
0.0257464468518126 -0.00891512056183167 -0.1543999377093 0.124269188998753
0.0269982813271615 0.00732542393223578 -0.286212916705451 0.302517941303493
0.0178840608962759 0.0414707667289774 -0.420284486169157 0.431789129942273
-0.0383627456232491 0.0427798038868753 -0.544794252610508 0.490535231205773
-0.0234368021952834 -0.0218943408140083 -0.534707344787641 0.397780298106096
0.0170726966591423 0.0307075380592081 -0.399604490272857 0.339579457825179
-0.0384639003300083 0.0882949168387846 -0.337054338769416 0.204370311028574
-0.0359551917209265 0.0619286813249448 0.336854364193889 -0.137652867805418
0.019757624821139 0.0220267343425799 0.36690654997115 -0.307292370917037
-0.00733098345643802 -0.0375374562672761 0.487660710125343 -0.39026022290506
-0.0498834864397234 0.0190503375155374 0.474845440901712 -0.557660347290933
0.00447035452581955 0.0413750763907544 0.350818780368082 -0.528989054854345
0.0220207627661312 0.00963840467345347 0.239523544577028 -0.372496610486168
0.0310450437442228 -0.0285565821422272 0.130141231476174 -0.19140069377522
0.0432485703758102 -0.0232610437927392 -0.0107804817990703 -0.0152012659647836
0.0254642881836699 -0.00884123950370389 -0.145608444811668 0.107815903600299
0.0274553451451282 0.0111759829597332 -0.292623027872869 0.282485941865146
0.0112378322453818 0.0465116121592525 -0.458963933250148 0.409269330209629
-0.0443353138491625 0.0375620324415078 -0.605308473522866 0.442467704851338
-0.0171237618424084 -0.0262374891055122 -0.564653467590058 0.339653648406322
0.0164371372016577 0.0395004525544143 -0.410910441531978 0.325689805639546
-0.0498601742669782 0.0863422874130123 -0.345961760004849 0.179784773309714
-0.0236001209999253 0.0490322696671646 0.326234637872492 -0.167199317783275
0.0165108900505855 0.0124885795030666 0.357466230453666 -0.307989838093484
-0.0143170178258741 -0.0330207786664057 0.46657831387756 -0.440337097932488
-0.0429526342753539 0.0225961869311861 0.412476894869257 -0.589257534279412
0.00577039837857946 0.0378753803670101 0.313058157770025 -0.534524264130169
0.0183991180246847 0.00650159390905011 0.233677179852019 -0.382312834248475
0.0268863263289472 -0.0273535641506386 0.135720335407628 -0.204865955567695
0.0378293465606729 -0.0190355068923935 -0.00218413845171548 -0.0280654863107827
0.0208956459339558 -0.0044857656505508 -0.136283439067973 0.0940041358763005
0.0238876025672192 0.0141223856309081 -0.297386982858172 0.264385477886846
0.00624520455284558 0.0436709392181747 -0.494268218328377 0.387519452497044
-0.0415410346555061 0.0292171561718533 -0.659329027367612 0.395050585994717
-0.0091570337877959 -0.022297231684755 -0.579699863750679 0.286055703283578
0.0112012429864389 0.0422347640617635 -0.420522485281744 0.319034285618475
-0.0517529261760363 0.0718094917963604 -0.352466855041905 0.155550077415109
0.0431113589154994 -0.0588886652663014 0.342213301401082 -0.0134492054556035
-0.0247493252444049 -0.0308237903621984 0.442056386360057 -0.280716967758986
-0.00347112025293442 0.0135415057709884 0.544008124565171 -0.226069603140365
0.0181294376419119 0.00579351405013424 0.675452507318788 -0.385420129035912
0.00175952268945086 -0.0156138372135876 0.50716923129827 -0.458451248795424
-0.0233958478008012 -0.00054867251551108 0.291518796336618 -0.337140386356009
-0.015395820693566 0.00703459790087248 0.120810234499953 -0.156228898611815
-0.00250544444277135 0.0293140299430104 -0.0373397298152398 0.0116007486732549
-0.0219367054200437 0.0330428284446411 -0.168159387461228 0.150652029164392
-0.0234465450584781 0.00355120862346414 -0.262659630161556 0.344067275719941
0.00185497323322224 -0.0154619720807608 -0.327359493041245 0.486298219124824
0.0362077314796833 0.00399135343528658 -0.417964497959514 0.579532859528739
0.0100636293101609 0.0408110711205345 -0.455789159486088 0.51082478041644
-0.0324061234398473 -0.00487060694818481 -0.363979998643366 0.38981737061804
0.00975095712159031 -0.0423423669489983 -0.32347165560233 0.26780513953213
0.0229308065677881 -0.0303597262945293 0.341273164617966 0.00293499284494765
-0.0164963746194467 -0.0176327017972501 0.454501830214172 -0.283605643060649
-0.0020646736712208 0.00302178076207909 0.539874171288806 -0.212056102432809
0.00246020845530679 0.00639120472516464 0.690210175509497 -0.369853032816829
0.00138900194415356 -0.00485819771521375 0.523626946449451 -0.458694963612557
-0.012990673024147 0.0023768202166164 0.291013410966908 -0.336220856598126
-0.00475332897671858 -0.000296769238647169 0.11536323498312 -0.152545022991764
0.00857993258410413 0.0177319609369985 -0.0413890380297973 0.0176017069004368
-0.0112352647136751 0.0242649521729011 -0.170112004101561 0.157934848502767
-0.0110944043549442 0.00400598330383249 -0.261097424896855 0.349670269092798
0.00764924333978118 -0.00388970414052433 -0.322752887129327 0.489020962699744
0.0222930145361748 0.0140701866128906 -0.398046806220124 0.582894971097011
0.0036852695532402 0.0275605857565282 -0.44339360439306 0.522386123862534
-0.0206399844729781 0.0043549200958729 -0.364891445706218 0.391112349351229
0.00121820086790688 -0.00872625081521375 -0.320561459846122 0.268700033446287
-0.00323788310344526 -0.00206434345618394 0.345007127596214 -4.61092258276091E-06
-0.0093541804043994 0.000281549046477883 0.454902528568517 -0.291185182530484
0.00234334293189761 -0.00763700231582926 0.532084099760204 -0.221871371174955
-0.0142698036135563 0.00483026899691602 0.685288352486873 -0.375492780870102
-0.00202907252543332 0.00836448516132221 0.519726489896919 -0.466353377532222
-0.002779574591861 0.00720254171728059 0.288283446972739 -0.342195709614969
0.00740281037646729 -0.00795186995334627 0.113961204235048 -0.152739141231908
0.0214161534122416 0.0034855218944691 -0.0405699689353749 0.0191042758692109
0.00130329484657634 0.0136457461472594 -0.170529719747978 0.15790015458948
0.000599004516241394 0.00381983653209143 -0.266664517893738 0.350268610125644
0.0127224483443052 0.00932361295693542 -0.333928274090174 0.485201602628613
0.00683339704292901 0.025687633510038 -0.406185870725483 0.57804300453092
-0.00716897866105913 0.0143423216270564 -0.449753782873927 0.518626950589017
-0.00827211281870139 0.0104993777038875 -0.370808646834316 0.388033977146457
-0.00676169918285415 0.0248638801167289 -0.321048817547212 0.262064046783179
-0.0275068866931827 0.0264479239232074 0.349851596862141 -0.0215549157042053
-0.00209117440038689 0.0182861504469468 0.440155479134728 -0.298947433647231
0.00594043564982685 -0.0173969851219876 0.527674543514606 -0.245325805149909
-0.0289671027558868 0.00440110473525203 0.659284659050236 -0.407252825642555
-0.00380540454392769 0.020481466672904 0.49321122088072 -0.484107124075665
0.00791912636854035 0.0110066823821978 0.277830918599056 -0.347992147024783
0.0184856037640122 -0.0143856010065218 0.11613915531892 -0.157919373886123
0.0321945330941913 -0.00851355543205761 -0.0377487104338512 0.0159184162191673
0.0130728409435141 0.00274863025393618 -0.167821659632437 0.152967595339909
0.0135360326810477 0.00352107982874962 -0.27361693404973 0.340717922224901
0.0174911715136884 0.0226876955147846 -0.356180293921952 0.473796391407708
-0.00987099137723298 0.0371248712655709 -0.43996009784109 0.562691574985428
-0.0174811833880048 0.00124201717130236 -0.47178434342179 0.498821296396888
0.00266196269430136 0.0159505138232352 -0.381803046356432 0.377792904330662
-0.0151578422895791 0.0546740389704237 -0.326529819000882 0.249704460872463
-0.0422265933804678 0.0490136026499566 0.35275443397133 -0.0583417533551399
0.00783057353805814 0.0286826609436488 0.416139746543576 -0.306256557284709
0.00526123449992546 -0.0271804474541175 0.522381191949385 -0.286539713400838
-0.0427014283802966 0.00541827828868628 0.613888084069455 -0.461329651265979
-0.00391745238710681 0.0320023752810829 0.452107179255839 -0.504793645513068
0.0168764560360009 0.0130594449420127 0.265832974296063 -0.359317235141223
0.0276633190993314 -0.022116374323448 0.11974515435822 -0.168639056760997
0.0406160078211894 -0.0178586106318526 -0.0295144148249735 0.00721792599979474
0.0213828132229373 -0.00526314310658648 -0.16337640846292 0.141938374549509
0.0220533854006112 0.00558221110704589 -0.282215902209654 0.325788659440729
0.0197713219302407 0.0338240067322722 -0.388219370845175 0.458845047812877
-0.0257609926137508 0.0443201123040421 -0.491354824984163 0.535020456241832
-0.024024661650234 -0.0112913560380144 -0.505892694106609 0.45898838884952
0.0128043560408122 0.023012668918178 -0.394878961772769 0.360767517335507
-0.0254967035257912 0.0785950966507913 -0.334312552375377 0.230402422144576
-0.0445850796415471 0.0623420938588601 0.350755906412629 -0.0996286058714433
0.016679821956207 0.0301810397696545 0.392711800456415 -0.311532966770268
-0.000335277875607907 -0.0355362536151128 0.514808898273313 -0.338259426311739
-0.050556117254223 0.0123021430533536 0.554137264337033 -0.519754112592496
-0.000705487853923232 0.0402362939103583 0.402845715444741 -0.524563865999575
0.0225223009225137 0.0128788479768088 0.251052203908902 -0.368306067277366
0.0320125545089745 -0.026543073889472 0.12543782663897 -0.181597528554391
0.0453362004394946 -0.0237103007984041 -0.0205155563750587 -0.00351199766424001
0.0257460186838372 -0.00921669938985405 -0.156366038318229 0.125303915615621
0.0276243125614277 0.00758138423631683 -0.290840736487322 0.307156357084571
0.0171214656837237 0.0432005903340801 -0.426926532299273 0.436216138918493
-0.0381103518416182 0.0441344176960935 -0.553810315361829 0.496715558348622
-0.0235969624129703 -0.0223770852252629 -0.543124093561876 0.404699374256643
0.0176297467674454 0.0323118129428449 -0.405517549911887 0.345415566652968
-0.0387439756423036 0.0908301894578381 -0.342765284033269 0.20659838248136
-0.0364043405231002 0.0627181568159769 0.341941186657764 -0.139845131574042
0.0200250142390705 0.0223578629468838 0.374281172615452 -0.311016319435862
-0.00726352973355372 -0.0375200781244545 0.49575085315563 -0.395853368999193
-0.0501390098032108 0.0192981524796117 0.482229498172996 -0.567140245214543
0.00449794229691755 0.0425712029788983 0.354834317208712 -0.53801895050394
0.0231680998610954 0.0101614452629713 0.241611385976507 -0.379131903923314
0.0310716534612099 -0.0300122807018832 0.131878304312026 -0.194214317314553
0.0443677143436677 -0.024709359908391 -0.0110052973752108 -0.0160294369433012
0.0264189418586964 -0.00837083951007517 -0.147835489589106 0.1100279182445
0.027631295340486 0.0117405522701364 -0.298325628284956 0.285799063816172
0.0120301171838059 0.0475287448392122 -0.466237648812588 0.415601483462889
-0.0443321405540149 0.0379557459994844 -0.615633798516878 0.448885994523758
-0.017478888906647 -0.0254510895737066 -0.571504931626321 0.344920508261736
0.0161184825034294 0.040413441170886 -0.417110083701581 0.331492678564171
-0.0492983585757851 0.0885822156248334 -0.350546735960155 0.181007296042808
-0.0232771133819311 0.0502059071493046 0.331339633923746 -0.170058675701232
0.0165902656793521 0.0128257480435924 0.363985814796302 -0.313254183487608
-0.01357710613574 -0.0333034397639615 0.473568528293654 -0.445316071152724
-0.042838206709794 0.0226537548476299 0.416277329357917 -0.59939704350351
0.00610048637344521 0.0384352985469847 0.316630111839094 -0.541936372380771
0.0188667314535845 0.00769722479078036 0.235142497749522 -0.389603400860103
0.0271852121917027 -0.028359630861901 0.137321849353572 -0.206820210151947
0.0386773020344279 -0.0203037480401685 -0.00249409194151517 -0.0272198536812163
0.0210262163366186 -0.00516444699488009 -0.138165650852495 0.0945995777942763
0.0230894784833917 0.0142937505419762 -0.30276147436426 0.268595198614909
0.00514753192701623 0.0441373744779185 -0.500904290642351 0.393622245146016
-0.0423886380004741 0.0293175402562231 -0.67094929558913 0.400369413964692
-0.00891276423189586 -0.0225965096201458 -0.587587056516922 0.291104398722872
0.0102169619947254 0.0430717027347424 -0.428102319474235 0.326315098796253
-0.0522799451755596 0.0726324901385736 -0.359585487023922 0.157572958942837
0.0441881567025401 -0.0597444536181006 0.348356550280802 -0.0138845858323431
-0.024281227261918 -0.031237072237836 0.449693546357051 -0.28563800214713
-0.00377701009677161 0.0131407715465289 0.553058370374757 -0.231417363355625
0.0181734144532116 0.00671321123607778 0.685467146211784 -0.396020606786141
0.00141477885164798 -0.0169390712081349 0.513453045867823 -0.466959558229952
-0.0243421371624643 -0.000263496026757511 0.295034137218792 -0.344857153550959
-0.0151825513086556 0.00734553493671308 0.12195826073787 -0.159073405786334
-0.00188013150162209 0.0297202165946843 -0.0378841072281283 0.0126576031572561
-0.0225059023324788 0.034327341522948 -0.170200323449164 0.154056163349871
-0.0234742547857552 0.00353766208996509 -0.26341594547417 0.350618894873115
0.00209310469398563 -0.0161975757296509 -0.33182768341029 0.494716175419737
0.0383287062117255 0.0032475484531644 -0.420976025161969 0.589375731181221
0.0109061358607569 0.0399190626581057 -0.460002738899328 0.52135779643106
-0.0324001560676572 -0.00432924153630143 -0.368934089142742 0.397793191237181
0.00968935312978976 -0.0426759018984957 -0.327826439462931 0.272545246398948
0.0231780116974931 -0.0310646366634156 0.348405465800605 0.00223933568761134
-0.0160442530415731 -0.0184586570079818 0.461387140509262 -0.290410007335053
-0.00117062506754095 0.00283798635749493 0.548634858703096 -0.216918911634657
0.00273172154734742 0.00738175118241859 0.700162813971792 -0.377399963975627
0.000651447136336144 -0.00483782932167556 0.5320605397447 -0.466672726510914
-0.0140540897161771 0.00277366974157467 0.29384684348272 -0.342293435132717
-0.00384208788722963 0.00038525510925084 0.117318507830953 -0.153805672018228
0.00951088783145943 0.0169861840335813 -0.0408116655305199 0.018799802886792
-0.00966838340739253 0.0257879658075752 -0.172246198948152 0.160763224148717
-0.0123954365926132 0.00393101100524265 -0.264543953754376 0.355800839653729
0.00685241151494707 -0.00470485217474559 -0.326224522214516 0.497534218539787
0.0228388735183103 0.0142038848267064 -0.404100333879769 0.593962194953636
0.00480525698412109 0.0282090862028131 -0.44879479705732 0.534098962475256
-0.0215140517759179 0.00444912148295325 -0.370390433430128 0.399367402975692
0.000493529310698113 -0.00865381297175126 -0.3243591710716 0.27316209787189
-0.00372335353228712 -0.00178336391384277 0.352245533506806 -0.00114802612714864
-0.0096811981148207 0.000785258142151977 0.462351617676709 -0.296710650006459
0.00185104460218099 -0.00738704928416227 0.540352668399706 -0.226756875679563
-0.0139027031215943 0.00561553302513966 0.694866848477404 -0.384290900719011
-0.00104534465965467 0.00763028330967314 0.525236036498237 -0.47398012108798
-0.00288175407524611 0.00673173264080066 0.289777328295676 -0.347561770722448
0.00766364738440106 -0.00764970904162824 0.114894213385162 -0.155580125405116
0.0220282308342094 0.0037703564893807 -0.040351420176362 0.0197015900093659
0.00159077154977318 0.014381448820618 -0.172923308306777 0.161989821024751
0.00121995736247771 0.00460448510842316 -0.269777698281577 0.356738314132096
0.0118029228427384 0.00988851211318868 -0.336985839841555 0.493242160735882
0.0068036813097624 0.0261121589303887 -0.411210648667965 0.587790055114959
-0.00616833358102464 0.0156471478715788 -0.452970286116419 0.530924516591823
-0.00905777939328654 0.0108736447605164 -0.374604823411665 0.39459917867094
-0.00656432326024024 0.0262654728209687 -0.325310666770876 0.268184743676289
-0.0277010154514337 0.0263125934419408 0.356730637691652 -0.0226903032228796
-0.00194178274104257 0.0175886934611978 0.448655862121675 -0.305076285070775
0.00652245377986572 -0.018307997036339 0.53665489427349 -0.25121012651871
-0.0304695707507061 0.00568138937458123 0.6683152931921 -0.418125981944087
-0.00428156289724245 0.0208935489223022 0.499693720042364 -0.493521501936265
0.00853921956450387 0.0109119951646632 0.27885133201354 -0.355751162223729
0.0185631679328635 -0.0160607232919081 0.116982033866942 -0.161093611475654
0.032771795528609 -0.00881710867498591 -0.037023526997455 0.0158050545500677
0.0141977560729069 0.00360123960242851 -0.170575799543157 0.155097058037098
0.0130388985518337 0.00374993337819871 -0.277925949682313 0.347815743922266
0.0172397186596799 0.0232839493843221 -0.359862978353323 0.481327325107718
-0.00914170181146029 0.0377490130659923 -0.444359774583513 0.571048676956866
-0.0158713105320638 0.00185282592650704 -0.476815515680136 0.508442176583018
0.00222046911049341 0.0168694077154136 -0.386884760590245 0.384043118946971
-0.0153637465215673 0.0558472257627766 -0.331410129625879 0.253757564555779
-0.0428390459017377 0.0502277207381375 0.359452262962138 -0.0605808035878816
0.00700740506578488 0.0294941690437011 0.424819133188923 -0.313143830590316
0.00581188043875283 -0.0279519101683253 0.531371059789178 -0.292694675281926
-0.0433822247810532 0.00663564672106208 0.622131257710888 -0.471158455502767
-0.00379841280195605 0.0325672087837947 0.459227673587011 -0.514634215330035
0.0175172805959947 0.0134520827757438 0.268451766441855 -0.365157260978152
0.027517792200121 -0.022111780819582 0.120372318814486 -0.169898930636826
0.0418482819495873 -0.0190772846079729 -0.030498741628713 0.00789923055936187
0.022242412533734 -0.00437974712393378 -0.165127221854853 0.144806572090336
0.023322372550255 0.00475916214618759 -0.286216916279911 0.330546708465109
0.0202614498642244 0.0338267720192611 -0.394419815257629 0.465787301619991
-0.0251659297999261 0.0453023366349795 -0.49691164474622 0.54609341453781
-0.0236951742783615 -0.0119142781864443 -0.512694079692455 0.467647974315861
0.0125841277811659 0.0239253566621937 -0.399282591764216 0.369601830561746
-0.0265479530620608 0.0791824787861358 -0.338501802878061 0.234656495956837
-0.0443907426061156 0.0636435270718085 0.35650286795921 -0.102726517138645
0.0166029743554739 0.0299088061414092 0.399750658304846 -0.317096657720219
0.000964200403802407 -0.0364407633466077 0.521854124303365 -0.348325895575971
-0.0506817534240903 0.0126325746475701 0.560464812591428 -0.529768594862301
-0.00067869430057585 0.0400124346228159 0.406630356224901 -0.532838781168456
0.022115611045484 0.013051575581635 0.253463731182669 -0.376092335787497
0.0333121821954743 -0.0266324669728674 0.127840044836141 -0.183661128461113
0.0449784386908062 -0.0255317267239337 -0.0209045242141195 -0.00327175827829999
0.0266914599936415 -0.00908390538387836 -0.158481183384492 0.128652529455933
0.02883300220387 0.00808231896676339 -0.293919344160089 0.312718463598568
0.0177665696501905 0.0436267939757717 -0.433095682423844 0.4466379540902
-0.0385431246545314 0.0453045588778611 -0.560515264136732 0.505759565387861
-0.024258623614548 -0.0225666848990396 -0.550250009190332 0.414012746095329
0.0180630925975216 0.0335302171370284 -0.411756186921822 0.35006488438504
-0.0395020983305167 0.0919722176423159 -0.348204806105445 0.20978996361681
-0.0361934934946041 0.0639098021400533 0.349189927228621 -0.143733083210113
0.0207147729856782 0.0225753641902658 0.378101353624162 -0.317487404864123
-0.00825389014528421 -0.0381501588641271 0.503230633789372 -0.404225138876007
-0.0508943629800466 0.019810734185597 0.486831234373211 -0.57926404827117
0.00436664526997761 0.04377163871271 0.358464342847309 -0.545966969322395
0.0225906229927345 0.0110553461894077 0.244263628482017 -0.385385743283985
0.0319274782010215 -0.0300649330220828 0.134130925728989 -0.198089902415228
0.0451289219283726 -0.0260357247867965 -0.0103009981982377 -0.0160351315246767
0.0269870732724635 -0.00900529386998088 -0.149603065930732 0.111581983530852
0.0287912830779654 0.0118024051049481 -0.301392147689625 0.290660711795098
0.0118698642046952 0.047037805930357 -0.47139130352702 0.422762132613055
-0.0450351465321437 0.0377890572606258 -0.626057922037334 0.458894144011767
-0.0170257562625808 -0.0262959522518227 -0.57906574148916 0.353169175450918
0.0165598645062006 0.0410100845643602 -0.423174651979669 0.337730343472623
-0.0497308899160955 0.0903782506663079 -0.355999626668626 0.186079416122672
-0.0243572108337967 0.0504115151188132 0.337638236319082 -0.173558423867353
0.0184939461003912 0.0128582394131817 0.368725048870914 -0.31810156154831
-0.0138338574115515 -0.0345361975574069 0.479256552185587 -0.454687453149647
-0.0435639462956074 0.0240536292049199 0.420700406778902 -0.609249596336689
0.00641812741773439 0.0389371000735996 0.319217883823485 -0.550402011268327
0.0189437271458377 0.00706177293964608 0.23732785763628 -0.397443568476724
0.0283466864507031 -0.0292344974792995 0.138274825739865 -0.211314619897732
0.0396527286142134 -0.0218016361090834 -0.00151916859513014 -0.028317812019608
0.0222622081288042 -0.00437129359258069 -0.139940629761268 0.0969789230521931
0.0237876562445842 0.0144762580843501 -0.306666515886619 0.275226208922114
0.0056418911914144 0.0450861040026194 -0.50599059757166 0.401619988855712
-0.0422376109299724 0.0305921780236726 -0.680838155847984 0.411421200038552
-0.00836835844050604 -0.0232635811147285 -0.598104794727279 0.298829263643519
0.0102677404595803 0.043659398373847 -0.433155901955792 0.331155834237901
-0.0539669996791998 0.0740581691970949 -0.365151934891009 0.160792106300661
0.0445911046812157 -0.0617036159800021 0.354370606564558 -0.0153050717215642
-0.0246434432760328 -0.0322204308263671 0.456747217022627 -0.293027372291876
-0.00245571292116251 0.013503458212278 0.560232107860344 -0.238519033753917
0.0189781058753882 0.00715334912335403 0.693391683658989 -0.407153757945777
0.00115440974770347 -0.0172016786542966 0.518658890172804 -0.478365299759449
-0.0248034890078643 -0.000248798760108271 0.297161233202191 -0.35139152038407
-0.0153456157680862 0.00739649334570548 0.123703376305174 -0.161433719116135
-0.00138758857920834 0.0295593110889953 -0.0380810858206692 0.0128225567041546
-0.0210452475970411 0.0365113006554483 -0.172470113460521 0.157717767549395
-0.0240876369700334 0.00406216639477095 -0.265618558507362 0.357477190101873
0.00198932410629686 -0.017153102358895 -0.334316870486888 0.505308502859897
0.0389187609154661 0.00406382602145612 -0.424723765698038 0.602458279562566
0.0113129421281318 0.0403658459591661 -0.463233546419723 0.531415861073754
-0.0326592112830126 -0.00502060357444045 -0.371699528052321 0.406803462537537
0.00982945395713355 -0.0429431084376513 -0.33193020844976 0.279418915512588
0.0236946596245152 -0.0321560988382697 0.354985360764245 0.00100191161975818
-0.0165124195007698 -0.0187166742733905 0.46834101191422 -0.296895105124315
-0.00121891389453013 0.0027988691404073 0.554307292056311 -0.224632538107461
0.00312605086366483 0.00765513021575353 0.708454324262431 -0.38750061279646
0.00122352874718228 -0.00522590988983443 0.535112295989096 -0.478700570522577
-0.013580073346694 0.00262961216768841 0.296647619245065 -0.350257507577779
-0.0036973558925471 0.000162554054290652 0.116987173137928 -0.157531743545097
0.0100213826476237 0.0166036659254166 -0.0410138185781259 0.0191554386188473
-0.00941148395516557 0.0269485045549209 -0.174618304356328 0.164869267595607
-0.0131809092335981 0.00498806619205232 -0.266027245182054 0.362311665621665
0.00539210210589177 -0.00398602946893659 -0.328391487615545 0.505123585328201
0.0234035727992156 0.013123765853191 -0.405583916685462 0.60697831990616
0.00487470448888865 0.0292936002518921 -0.451644393522007 0.547441493466686
-0.0211321023005696 0.00464869950032872 -0.372724484477086 0.406711214236395
0.000711303660743855 -0.00885016962847881 -0.327595517507139 0.279881105943274
-0.00346291358306563 -0.00255111735618708 0.358252682288254 -0.00284760621749618
-0.00906770120108962 3.31250824562044E-05 0.468768859231467 -0.303922832101369
0.00215084687537988 -0.00755389689966734 0.547311163158281 -0.232052156999749
-0.0142931001629507 0.00642215443732907 0.702313531696552 -0.393962846216142
-0.000811562355029564 0.00729052615696764 0.529305000350762 -0.486223742098948
-0.00259587732726181 0.00744790643192793 0.292988671336527 -0.356588580142614
0.0081187739615961 -0.00751423965489784 0.115955573016941 -0.157331681097262
0.0228483980930267 0.00286390840463289 -0.0411141987103235 0.021076264081125
0.00229932480850092 0.0151831995106324 -0.174671813798607 0.164987796494822
0.00022486868253199 0.00452401595445467 -0.271094691434553 0.363245959875446
0.0131809949822886 0.00947187251134349 -0.339255593401268 0.500365551761146
0.00724812033824197 0.025691788349208 -0.413766615891747 0.599682227214899
-0.00649894800743167 0.0151220920687306 -0.457606360496236 0.542368496832538
-0.00832115306524272 0.0114615559958799 -0.379203739209457 0.404953694500611
-0.00655817268599165 0.0255789141103886 -0.33004816059859 0.273624453960888
-0.0285900325704402 0.0261823636198408 0.362822624291765 -0.0243529723793399
-0.00179268753570912 0.017192789206103 0.454240399320889 -0.312346260465837
0.0063131514558079 -0.0183903950556775 0.543391471028435 -0.260285922146719
-0.0306785711249794 0.00509185563171639 0.676211752909303 -0.427487042565994
-0.00298007402705204 0.0208922293844007 0.504548077475027 -0.505295128594392
0.00776832407542954 0.0113246912205029 0.280824846928576 -0.362693445407575
0.020361701740612 -0.0164681546415222 0.117429881453005 -0.162967890801129
0.034307697487289 -0.0100166731501339 -0.0366014646905925 0.0170612933512597
0.014148452506482 0.00350472834451785 -0.171837169215622 0.159907116079254
0.0134888655451673 0.00391145129943848 -0.278156566694927 0.354702551481378
0.017945103678957 0.023016373847092 -0.363465829211066 0.493205311393169
-0.00879897203607659 0.0382636185800321 -0.446876652664711 0.582441360164089
-0.0162982601143834 0.00189200836959738 -0.480536633622461 0.519880469796582
0.00302741180396862 0.0173729326441761 -0.390157767096339 0.393977803387561
-0.0148018291582258 0.0570459041006552 -0.334528985102629 0.25967223412738
-0.0438161360230422 0.0496414857015257 0.366286116140383 -0.062580766158995
0.00800077657532445 0.0291712326984907 0.429940056841335 -0.320348750784772
0.00572805351760224 -0.028498934470947 0.537288379782807 -0.301913563347025
-0.0441183011873303 0.00765182041044908 0.628117827678187 -0.484018735211567
-0.00320874042595567 0.0337431799578998 0.459932919975435 -0.525494260923565
0.0170052467950512 0.0141864733935872 0.269461592815324 -0.372966574842954
0.0278114045660135 -0.0233869606755201 0.120912683061559 -0.172633988055997
0.0422677287967076 -0.0199672506791715 -0.0296092175014235 0.00882639380901918
0.0236303283506935 -0.00391630993216713 -0.167228781835012 0.147946866580141
0.0228083975336273 0.00479078564921677 -0.288454926834587 0.339480958423381
0.0202814148889924 0.0354949894767741 -0.396636774054814 0.475427056277255
-0.0254411840336084 0.0456793986339379 -0.50219624623614 0.557942732262639
-0.0243932775302949 -0.0117266721346126 -0.518871138391255 0.479497682291452
0.0135191098098512 0.0242301609770373 -0.403893145710159 0.377838318835144
-0.0258866211881436 0.080585420340836 -0.342565210480457 0.239834735478777
-0.0449596087927496 0.0637624264078285 0.363863974528098 -0.105774235200811
0.0170517313857172 0.0302174822772411 0.403466843233448 -0.325754834130042
0.000736467295361646 -0.0362387329322783 0.527625735014636 -0.356650705289195
-0.0511021220625333 0.0132787429760847 0.564656098546114 -0.544265553305949
-0.000190249148738216 0.0412953278510308 0.40859234769712 -0.543741075784264
0.0227043184168904 0.0129211201122849 0.255765282837265 -0.384117085818605
0.0332911598653712 -0.0281492888330098 0.127436829777922 -0.186112192841192
0.0475619352890044 -0.0268977993069389 -0.0201386429482773 -0.00308451054522992
0.0283686197946298 -0.00935087655347532 -0.160191366636413 0.131665390112504
0.0283921545243971 0.00758345757138091 -0.296913587522988 0.317960498515413
0.018111653850088 0.04323558909924 -0.437614970631406 0.455132832694552
-0.0395058984742514 0.0451473109234454 -0.56803806016657 0.51846687317549
-0.0243896794745184 -0.0228692024381079 -0.555742184139808 0.424415133360935
0.0189116430424927 0.0333141787034258 -0.415991307057405 0.360179196685511
-0.0395635222034289 0.0934656034318714 -0.351599059217114 0.216018121970105
-0.0367331044775718 0.0646972584335265 0.353505300674608 -0.146603221829435
0.0215756433865026 0.0229002501696738 0.384603428477227 -0.324484802623095
-0.00779242778453478 -0.0393193814883634 0.508006583630962 -0.415098890501118
-0.0517916924780155 0.0216227970032294 0.490742953548048 -0.590899680206037
0.00520198900870281 0.0435899716991024 0.35934584906236 -0.556984798648994
0.0229434887046152 0.0102513644425752 0.246329650130776 -0.394923570312834
0.0329015864116914 -0.0311322024322721 0.133118117060513 -0.201639225691399
0.0462611246951075 -0.0275473123920964 -0.0102887843248441 -0.0161085709522519
0.0277780986360662 -0.00950427271787753 -0.152068772467729 0.11482015373506
0.0295552269259568 0.0126134943244448 -0.303924160102535 0.295871054392681
0.0120797608400919 0.0475353355466023 -0.476774281535365 0.433012575422474
-0.045386012920876 0.0392322706737433 -0.632295683054222 0.470987430231935
-0.0172714426421547 -0.0272705148495144 -0.58720632306695 0.361947289677542
0.0173505737581236 0.0415132648561641 -0.428458160983671 0.346673148075646
-0.0508694870759521 0.0916383718405716 -0.362071931872527 0.189697063103935
-0.0242040790486385 0.0514202180760433 0.342739220887783 -0.178784237536955
0.0183124611555245 0.0128906228333178 0.37448715961638 -0.325378182644345
-0.0148447397598006 -0.0345132238745471 0.483291822793079 -0.467933814390083
-0.0438610201659318 0.0253922553947251 0.423663404999911 -0.622296583175797
0.00690866320926461 0.0393029126082712 0.318757998807805 -0.561941659826288
0.0199097974886302 0.00656530677755621 0.238452053776166 -0.4053067278004
0.027856266332046 -0.0294592982107524 0.138884596092307 -0.215407265783127
0.041097568991282 -0.0227849951304181 -0.00150776736411363 -0.0292317312442338
0.0229516079987691 -0.00421124566384896 -0.142032181545895 0.0991512719099566
0.0245497086339982 0.0152222126740274 -0.308511028587171 0.28098924340187
0.00598614134402769 0.0453886057594027 -0.512903499410389 0.413715649063642
-0.0431954995193811 0.0305022407292802 -0.688746503753842 0.421624156815246
-0.00903193657629757 -0.0234251174775505 -0.6048235190504 0.306805907529092
0.0112759448948416 0.0449335933915009 -0.438502916824051 0.339738827492215
-0.0530502222460434 0.0756792136228457 -0.369342651256172 0.164636104835691
0.0447305153469466 -0.0631441366075836 0.361804685250958 -0.0183282526492843
-0.0246049087030797 -0.0326298202241389 0.459684394032451 -0.301896173179082
-0.00191560518302191 0.0138018609894868 0.567708386336453 -0.248088576838507
0.0199004423335981 0.00702278517138361 0.698533789972506 -0.422585647406338
0.000809065328063241 -0.0173815385002313 0.521811146378322 -0.49197078908388
-0.0258435564529769 0.000209143489781169 0.297687601818832 -0.359647040236051
-0.0161309233594982 0.00762405939945501 0.123897105758189 -0.164677501653666
-0.000198457186261364 0.0297732296243502 -0.0382639205665284 0.0139590558722944
-0.0217421826061519 0.0372374038936226 -0.173124735671735 0.162089917626326
-0.0249976666938283 0.00470271813782786 -0.266471997568603 0.365554060020064
0.000788262961754333 -0.0170446640700457 -0.333996718424485 0.515865330187524
0.0393185619385802 0.00264558677457638 -0.424608964709629 0.616673575044417
0.0120956725914242 0.0405435538439309 -0.465576651808884 0.547457219689332
-0.0345560406492096 -0.00442714109222949 -0.374589824896108 0.414534601810736
0.0106537406720311 -0.0443869717955191 -0.335639170525944 0.286793957567078
0.0232339519719403 -0.0336235500443663 0.361636020303379 -0.00140318049083969
-0.0167467316807278 -0.0189368355655148 0.473482284665495 -0.307124062372107
-0.00100171399458166 0.00213134849036157 0.560321223751149 -0.234707126070489
0.00344981975441437 0.00792771211644653 0.715471370463064 -0.401250231727076
0.000805634506497048 -0.00569810745608534 0.539544966116571 -0.49098129706688
-0.014965196638439 0.00308659504801599 0.298480560048612 -0.358224998548877
-0.00416976233484186 -0.000292215691116419 0.118091808691864 -0.159195224538861
0.0112306575504093 0.0164203896787815 -0.0409572864905646 0.0201747815462116
-0.00932488777903408 0.027348256756334 -0.17591307424549 0.169947851393612
-0.0129773400142382 0.00514607211892154 -0.267630656113233 0.371475887923039
0.00528955806169362 -0.00388370039343905 -0.328064262242511 0.5179871779196
0.0235289389470796 0.0137778270312192 -0.405737617459881 0.61870078698263
0.00541794652874009 0.0293560727236978 -0.453118400423424 0.559956515765656
-0.022370954675997 0.00501573489748758 -0.37527360721824 0.417941235583041
0.0014910493212467 -0.00918542772705247 -0.33010496796184 0.287610423731522
-0.00493574850169979 -0.00204592762136944 0.365451702271133 -0.0051852732593647
-0.00998658921205037 0.000855551055384459 0.475144265988467 -0.313001650826779
0.00288311643441353 -0.00826415992409279 0.554455343196903 -0.240829483148142
-0.0146819850183028 0.00637102263903803 0.710773054433368 -0.409556932312841
-0.000915753165150252 0.00769511273244704 0.533414177438184 -0.500080388612555
-0.00189447549239083 0.00745630123856126 0.291888124571589 -0.364484465619842
0.00818168988440247 -0.00873169384986909 0.116020774274792 -0.160140285476542
0.0225945715155591 0.00212075463163111 -0.0410172164075657 0.022684190285532
0.00362622593549487 0.0153496525960294 -0.175138697010982 0.170282155112973
-6.51737688417767E-06 0.00538124772743498 -0.272160257845548 0.371830673012705
0.0124019530991423 0.00852983354833221 -0.339452053140057 0.512295418164394
0.00808584793321113 0.0267010749091086 -0.416041721429391 0.613402692604602
-0.00612744441445005 0.0156093006057307 -0.458834961969445 0.55759309258815
-0.00896396359586341 0.0115970095788419 -0.38120218672186 0.41446396740762
-0.00514447461402673 0.0264608995477251 -0.333047764414762 0.281601222296356
-0.0288489361907454 0.0270611457828215 0.369731163326203 -0.0280314993739065
-0.00189580068332765 0.0191687927009741 0.460006761891172 -0.321107520787019
0.00565742158976713 -0.0190602909380092 0.549421022487783 -0.268862175503715
-0.0302587263579006 0.00580103314551516 0.682133183913211 -0.444054213493362
-0.0034608382050939 0.0209573372134341 0.507146007668969 -0.515232973298158
0.0085260405268674 0.0116208989357646 0.281618903572479 -0.370988638571563
0.0198703752590856 -0.0169089843215264 0.116989549988412 -0.166629408481086
0.0345709813324075 -0.0109834106903659 -0.0364374481019477 0.0185107120793236
0.0146763051324079 0.00376398203127318 -0.173305349813845 0.16482892605759
0.0130536164163174 0.00379177430766147 -0.278742584462934 0.361590817871879
0.0181595936837063 0.0229435303899516 -0.364769365813725 0.502835060309672
-0.00841130647336382 0.0393875005459276 -0.448114042757428 0.598178143299357
-0.0172710512341045 0.00170483959324797 -0.483532975044283 0.533408159945199
0.00423106786668306 0.0185305543147333 -0.394218415612909 0.403122121705919
-0.0146184075356392 0.0584758237436333 -0.338696447414956 0.266623034494954
-0.0440994262589166 0.0512938159517652 0.371188222986987 -0.0656884061972634
0.0084452948141286 0.029622511610361 0.43555756504394 -0.328588034343337
0.00602217423679472 -0.0292017869026567 0.542793365749576 -0.313509371779913
-0.043942318454914 0.00858844147890858 0.634689694210905 -0.496836081068154
-0.00359603885301416 0.0342161559146558 0.464318266547901 -0.537621108319283
0.0178821704209963 0.0137340298019474 0.269660409267439 -0.382212272265207
0.0286463133155357 -0.0242300425379243 0.121476660096186 -0.176633964650207
0.0432389438638562 -0.0223533819296207 -0.0292736940829283 0.0093968169867038
0.0229141367241043 -0.00481471644755878 -0.169090720655789 0.152137574564037
0.0231572328201415 0.00585658665889808 -0.28885851526607 0.346051157038143
0.0206451380607974 0.0351978862699426 -0.398026868688216 0.487297384668604
-0.0261748470602544 0.046695359827189 -0.505404504466825 0.571621406639764
-0.0254349796738439 -0.0113985818030235 -0.520774924758438 0.492588267895868
0.0129521938637775 0.0251139238166926 -0.405287081619718 0.387489051822768
-0.0257122601913005 0.0814222622756869 -0.345579799181905 0.246084144105816
-0.0452811368982007 0.0649415510436539 0.36956782749188 -0.111455708582757
0.0184606699464251 0.0298483820304354 0.40964113815185 -0.334490434459393
0.000436400117488436 -0.037487004635177 0.532611722171389 -0.366392131232836
-0.0524548650468476 0.0147942901555423 0.567279362906582 -0.557339617520244
0.000669549509956215 0.0416978896787738 0.409999500919297 -0.556547200379129
0.0231374014104864 0.0129432447828981 0.254362680034624 -0.391903536307133
0.0338462720213155 -0.0295428557881985 0.126683505376867 -0.190565878445768
0.0473128196987177 -0.027635134070742 -0.0200311620976553 -0.00321369355037755
0.0284864223223972 -0.00894955483816373 -0.16125326132496 0.135297351351635
0.0291891316814254 0.00751016604660944 -0.298230729053038 0.326313217065151
0.0181822075963217 0.0447703187347936 -0.439384276897323 0.467421761450112
-0.0396560880866289 0.0473538420709792 -0.570978480570159 0.533315828214541
-0.0249963541539988 -0.0222846325020477 -0.559717435375074 0.438976545404447
0.0194809798242165 0.034133352146992 -0.419701438379845 0.369049608278921
-0.0385887272813012 0.096131328255197 -0.357175629470154 0.222084206085507
-0.0368397314698893 0.0655766238944893 0.359250891560117 -0.153322704747285
0.0224104753484601 0.0234509529404664 0.38813628981206 -0.33477288995548
-0.00798546152160124 -0.0399920034542519 0.512475208041422 -0.426302011281048
-0.0524714306922194 0.022979601803613 0.491609457163474 -0.604119037563707
0.00533593966628983 0.0440554253687888 0.358305657945588 -0.568007872792066
0.0246988191739374 0.0111079661886443 0.245280116409549 -0.401745410123512
0.0340803757541217 -0.0317194079372703 0.133932025566823 -0.205510539985975
0.0467775136763404 -0.0291507647700863 -0.0109762338203489 -0.0162356996949727
0.0283175946305854 -0.00956702250029545 -0.153127717825067 0.11709472701082
0.030314865978121 0.0121248188409169 -0.30557184319466 0.304314318477307
0.0126845029095809 0.0488865423489753 -0.478725532215127 0.443792518972268
-0.0464109472164313 0.039955164405058 -0.636973384838911 0.484040984051554
-0.0182276228323892 -0.0281133511946355 -0.592207522022599 0.37644215698468
0.0175756579609488 0.0425014766928908 -0.432923667154559 0.354618450292262
-0.0500193749799585 0.0933523578500167 -0.366269593616399 0.19570179587197
-0.0249499420480539 0.0522982329662037 0.348065209658296 -0.18439994453388
0.0180221358375471 0.0122725531325977 0.377331314372389 -0.333577840118316
-0.0144680548167131 -0.0355552537942735 0.488490122282079 -0.479581639818139
-0.0442114283280187 0.0262644624646577 0.423372147638034 -0.637027908590441
0.00802509029740152 0.0398486642295011 0.317965613331351 -0.573266193550259
0.0198447125811636 0.007027918768234 0.236885399680441 -0.413652750097437
0.0283464642888227 -0.0310197452806256 0.139095273065755 -0.219347262280544
0.0417055746813293 -0.0240361728274115 -0.00103363246281676 -0.0290650018143964
0.0236602533895545 -0.00512658810458537 -0.143486922518769 0.101280382906249
0.0244819770055724 0.0151317509053684 -0.308474057995618 0.286913494413433
0.0064499513128054 0.0461207742899756 -0.516726813974913 0.423061874678814
-0.0437605729269657 0.029759442505225 -0.695247368564643 0.434025836633544
-0.00865949521095937 -0.0234726879397881 -0.611363885794314 0.320496973996153
0.0114124668109864 0.0459903887338775 -0.442836887465052 0.348053544607439
-0.0531578577016558 0.0771379318757058 -0.376239853618635 0.17014039370305
0.0439143363632198 -0.0647848147337722 0.367950800031364 -0.0227125711798371
-0.0252141469429439 -0.0323109041227284 0.465633828832379 -0.311990502751176
-0.00137081313306848 0.0135653006529048 0.572371820925258 -0.259326544874244
0.0197965776071291 0.00662675983515496 0.702840740621201 -0.43610238969761
0.00120094866360249 -0.0182985874096604 0.521552675825068 -0.506328546222794
-0.0262591955088693 0.000358573240574745 0.29677108969601 -0.369344983325424
-0.0158627840296085 0.008087076667072 0.123528743838846 -0.168350163905637
0.000401815702961821 0.0296383794218771 -0.0379057011056152 0.0147019746698624
-0.0203199461711032 0.0383884390248275 -0.173373112482873 0.167814103955308
-0.0261102816153706 0.00498644388695902 -0.265951462479991 0.374208707379617
0.000912522634847979 -0.0173307544706496 -0.330805219797412 0.528048004589621
0.0400443370207257 0.0027938158714429 -0.422081992007792 0.631624952835112
0.013013355336496 0.0412276321530122 -0.464407895899911 0.5613563594063
-0.0346742203738028 -0.00363593770059891 -0.373956485452052 0.424978855253024
0.0102107325474926 -0.0451885396821538 -0.337137833556516 0.293954674922543
0.0241679673079585 -0.0344833948779267 0.368476518810963 -0.00639951719680263
-0.0172807716513225 -0.0196001193506064 0.477481418151153 -0.317499820627403
-0.00172798516785667 0.00271338407555742 0.567948482843333 -0.244818946363265
0.00328260822718619 0.00794150082764462 0.719704150491882 -0.417005567695108
0.000293458833542009 -0.00566563470205464 0.54142030212694 -0.501133945572753
-0.0145968511807545 0.00356987135380966 0.295888899222425 -0.368144813865608
-0.00512137608901707 0.00046796906323814 0.117266131841604 -0.162876092581697
0.0117480013184143 0.0151955139289341 -0.0414300487444808 0.0215763913472305
-0.00809964473880272 0.0287895057016018 -0.175284871441482 0.17432242270272
-0.0138225309107842 0.00588653045031373 -0.26478226462028 0.38126933284326
0.00486012385330355 -0.00417251045285915 -0.325436804750236 0.528155603096863
0.0241043130110868 0.0132915531382209 -0.403083169262671 0.632562514514484
0.0059674651583074 0.0291562885295471 -0.451038322266162 0.5747734982357
-0.0219141685017405 0.00530019117123203 -0.375200799455656 0.427077279327134
0.00194923011393298 -0.010021202617143 -0.332591782403794 0.294841204734063
-0.00429044296133732 -0.00207207729398132 0.371803782151577 -0.0094038063927223
-0.00941616551027427 0.000121472135832286 0.47797680122144 -0.323493983432934
0.00281743793663963 -0.00906416380569144 0.560242977434492 -0.253509280029044
-0.0140677688595192 0.00640803324824645 0.715910874136868 -0.423234671847001
-0.00163222730702481 0.00765721178860196 0.534555706700268 -0.512552578053239
-0.00263488832618807 0.00801429414706533 0.291720841919479 -0.374086615175915
0.00933963704925993 -0.00896674937065057 0.116198364789419 -0.162851830084719
0.0234566247354739 0.000958633714546784 -0.0405924101062603 0.0226619334802981
0.00438639132115753 0.0155598724261523 -0.175810847682228 0.174892712194063
0.000605541542799959 0.00533855360500163 -0.27180451855698 0.379452114766321
0.0126408187361752 0.00942012387821327 -0.338932851876218 0.525079645170985
0.00843207519625464 0.0264479064013017 -0.412680848953162 0.62764577007407
-0.00556719031588694 0.0153800051636377 -0.45719106683235 0.571400762857167
-0.00935731606717654 0.0122009666040115 -0.381772195816149 0.424152082921959
-0.00428440555705666 0.0263138547186544 -0.333407089890691 0.288739699595763
-0.0300838963831113 0.0279617510610545 0.374937531772514 -0.0330509720235406
-0.00100245653989464 0.0188950976011045 0.463335110524415 -0.334313411849808
0.0065497304384776 -0.0194472983167986 0.554551662754027 -0.281178674247558
-0.0311395483683961 0.00629149072946954 0.685502639823982 -0.459466410013523
-0.00277020021278185 0.021522234782415 0.508321683595759 -0.530822107129701
0.00923664599430085 0.0116191860626378 0.27876345770799 -0.381495136284894
0.0202034444729771 -0.0169484312263078 0.117287104370969 -0.169641081675193
0.0347684173312684 -0.0128775798927904 -0.0368358637901525 0.0181183066141562
0.0147072988339988 0.00391827470445002 -0.172328149617647 0.16995424965743
0.0137173859123167 0.0041711188993448 -0.27814070818973 0.371770378100031
0.0189384640837506 0.0235000664297886 -0.36201303980186 0.51364148275364
-0.00834260000040397 0.03966282517649 -0.445854787026778 0.613461668542016
-0.017225342021108 0.00225568935275184 -0.483143183261577 0.55049407304138
0.0044820346361763 0.0177386901465748 -0.394338961690303 0.412580659932605
-0.0134181859938606 0.0593185330662563 -0.340098692645991 0.275624724149886
-0.0443636397623204 0.0530635401889396 0.378630890391644 -0.0706483969473925
0.00980923398735192 0.0297025337749063 0.437712159615031 -0.338747133247141
0.00564636436627058 -0.0300790574028713 0.547853587255934 -0.325226036766941
-0.0453962183633686 0.00941623934238549 0.635774472930073 -0.512379851847899
-0.00248790893757611 0.0340035040372823 0.462343262416625 -0.552633592096425
0.0184832178100187 0.0139389319389305 0.266478991794036 -0.391831639525137
0.029290693162727 -0.0250595365280768 0.121850771949456 -0.181085606091892
0.043477619328231 -0.0240566872094828 -0.0284792446792983 0.00983795012180179
0.0250720821839441 -0.00547267523464419 -0.168738168937948 0.156827162207281
0.0233642663413231 0.00592071354789969 -0.288978392424296 0.35368890452423
0.0209981960638808 0.0352745417725331 -0.395472739717518 0.499811124813373
-0.0256192183613012 0.0470197836188459 -0.502629488609204 0.587486862234293
-0.0254339694427773 -0.0109984920290045 -0.520556617652976 0.506070179396279
0.0141054167997962 0.0254863081235438 -0.408001868549714 0.39821020261602
-0.0253500250143331 0.0838534645523061 -0.348213891347676 0.255219400399153
-0.0454428173449387 0.0671876373299036 0.375138695245571 -0.118462407726542
0.0186934099693905 0.0300091061949836 0.412519592936521 -0.344840154335651
-0.000176340634857481 -0.0387988427082576 0.53582431013627 -0.379825995376891
-0.0531185625243906 0.0151164352940021 0.567474518437998 -0.574395953203543
0.000768284255128667 0.0428016703336833 0.40873141578969 -0.568559060784969
0.024134319202026 0.012727297355929 0.25318687920801 -0.401194886131167
0.0336828053878843 -0.0304909481249236 0.127873011488957 -0.194848011481721
0.0482828009044562 -0.0296017597341212 -0.0200807426872727 -0.00257441065319481
0.0286188834562003 -0.00995497651290748 -0.161853943361494 0.139660780733134
0.0298346009367447 0.00781492935364978 -0.297855224595844 0.33344026601202
0.018832817664108 0.0445059578220094 -0.438150138297957 0.479268708293692
-0.0384771738959108 0.0486635858270028 -0.573298531052559 0.547481295849767
-0.0247562670297402 -0.0222643083931904 -0.562580215870508 0.450375924819258
0.0204022829164378 0.0351709389384514 -0.421103571204511 0.380306453631206
-0.0377119822484613 0.096519900736635 -0.358724956686235 0.230462666313914
-0.0380240216613326 0.0677761888557377 0.364901716876464 -0.160463815154156
0.0234200987385938 0.0225235392362935 0.39076856649742 -0.343453695762846
-0.00925026392355978 -0.0406011308204513 0.51516626678037 -0.439759041286251
-0.0527002237057555 0.0235756797932556 0.491557597837464 -0.619348448796139
0.00549863598057627 0.0447025241076913 0.356124248581163 -0.579670520020653
0.0245691256019945 0.0107788737851051 0.242911682190505 -0.411549416726442
0.0327927521740409 -0.0338903278722948 0.132521500036682 -0.209607539388955
0.0475643000309194 -0.0311238830031199 -0.00978447198357418 -0.01701270091316
0.0293167967953841 -0.0101100147040348 -0.153111058810475 0.121489654992553
0.0303602184325795 0.0127877614514553 -0.304779766365899 0.312369154739097
0.0136435561303569 0.0486160650892546 -0.480983279901039 0.456929096865645
-0.0458371645137264 0.0418852237652531 -0.639661174439627 0.498769307406877
-0.0190090585142136 -0.0286105983648154 -0.595336170488562 0.389079064091691
0.0194079721103891 0.0430962439373143 -0.434010756603093 0.364830198377072
-0.0501089103758145 0.0958940217483595 -0.369544455071701 0.203326654186318
-0.0244408099695395 0.0530598856590563 0.351512737100109 -0.192105967623327
0.0190863464916682 0.0112703339864969 0.379732299313196 -0.343661955177583
-0.0158504486692906 -0.0363497318894249 0.489636595787155 -0.491554384738157
-0.0445843294037595 0.0272191997536378 0.417641275494647 -0.651695212091674
0.00847436635528017 0.0401462329557836 0.31616165789292 -0.58515895734423
0.0205540843173328 0.00647807786272226 0.236311023611567 -0.422179672573389
0.0290490862515262 -0.0320880519210983 0.137372085843421 -0.223290383962889
0.0418221771002974 -0.0251152717761643 -0.00126546152960991 -0.0301231587391092
0.0251852160838403 -0.00440313412837939 -0.143861106326415 0.105176707363705
0.0260514884107933 0.0154126759670656 -0.311799356074868 0.294836719479582
0.00656840547653623 0.0467914933316258 -0.518057135890141 0.435372621042378
-0.0435969267360552 0.0317999472492032 -0.700066782470512 0.450459368818349
-0.00900101565509841 -0.0241723118258751 -0.615775040107875 0.332392387434272
0.0110557294678483 0.0477407421800561 -0.444808176662462 0.358816141147982
-0.0527417581180969 0.0790612897973154 -0.37920675330846 0.176964597617683
0.0431094768276342 -0.0663958993569859 0.373321285228751 -0.0289361345106959
-0.0257474146411548 -0.0335158203925067 0.467571598818794 -0.323873896573629
-0.00147656479735396 0.0134866245596794 0.576311615014545 -0.271833128303676
0.0214874244909692 0.0071875026937216 0.705632269014816 -0.455041531409776
0.000392448461473723 -0.0188475408602934 0.520242395408595 -0.520892110746127
-0.0265706144569219 0.000710074762044974 0.294869696412758 -0.37861996195461
-0.015544757176884 0.00837933492878243 0.122144263346923 -0.171276005551126
0.00114967802294693 0.0294093950673196 -0.0378258249897334 0.0158907819906649
-0.0194048838881906 0.0400392092724203 -0.172717363416892 0.172886582786188
-0.026055624365213 0.00604451837722552 -0.263020958333362 0.383319847504338
6.85164632255745E-05 -0.0173917015087152 -0.326427234481504 0.538128942113915
0.0408025186561602 0.00192553870638446 -0.417188778454028 0.646698544022505
0.0130829274627107 0.0417813546043258 -0.460024270705533 0.576250591549629
-0.0352200413372569 -0.00263277375637833 -0.373883075940086 0.435656412553751
0.00993516338414667 -0.0454040925753123 -0.337386271251207 0.303531216082943
0.0229268625794966 -0.0357293860414721 0.373282851537207 -0.0128308703926362
-0.0172332202145865 -0.0192322767954397 0.479192058055941 -0.329463586612273
-0.0010166548016943 0.00258219825946761 0.569238997947135 -0.257407271589224
0.00435585353283054 0.00898424145771392 0.722595932607412 -0.433183387245204
0.000381065103705 -0.00616867591923996 0.537573343327241 -0.517761308434996
-0.0146381468706038 0.00296449000289612 0.293041512207919 -0.378225878265644
-0.00449405353893815 0.000134129057964665 0.116086890319404 -0.166955745283749
0.0126450180671546 0.0145887203412532 -0.0408043254825066 0.0230667328597686
-0.00695104555169663 0.029106170173385 -0.17567395350872 0.179919470149479
-0.012962491932646 0.00620781525896254 -0.263770958003291 0.388509624476811
0.00634482798891645 -0.00528401402361157 -0.321210726967724 0.538570394495726
0.0248148103810443 0.0129699779794622 -0.398048674154718 0.648599046737013
0.00660718032088788 0.0285915120199805 -0.448065116881022 0.591268491475231
-0.0220370297857608 0.00612187772427581 -0.374264340281164 0.437787969433517
0.00292272167315095 -0.00961937900347435 -0.331049691440802 0.304172412993552
-0.00496091129892813 -0.0025164384795116 0.377216540343428 -0.0155350163847237
-0.00928283453017537 0.000188377150038845 0.481794956381327 -0.336192359164653
0.00252130478236027 -0.00857191650260919 0.562929161509716 -0.266225604179008
-0.013037806300715 0.00766741121537909 0.716752378940311 -0.441922207166934
-0.00157597192252568 0.00807335861356205 0.532332616019759 -0.529303541091448
-0.00193910286607478 0.00753139423589943 0.287346343355361 -0.382497383272976
0.0084687423111697 -0.0082205726375751 0.113958890486453 -0.166298224795755
0.0244626420176643 0.000459410502335502 -0.0403369446102234 0.0235916100799029
0.00477612987454488 0.015748433193094 -0.175187969244371 0.180635574852194
0.000354251405680139 0.005252310261258 -0.268147410891613 0.388008218295763
0.0122529000555387 0.00948657049226955 -0.333183089488982 0.535740301912509
0.00933050203737886 0.0262456936352474 -0.408492251880966 0.643500504353102
-0.00531587082434697 0.0155555404727874 -0.455167534288552 0.58653109041343
-0.00786373983441294 0.0132359201327071 -0.380895647330756 0.437150136492175
-0.00443649736611919 0.0262142355883459 -0.334394539626832 0.298405767475666
-0.0297952733578401 0.0286652803875026 0.381961143021236 -0.0391731587768192
-0.000789817941334605 0.0178720412142218 0.465167483043416 -0.344668139985302
0.00620906091491251 -0.0196982338059912 0.556359977585656 -0.293909539562145
-0.0298840965880753 0.00802701548190877 0.68652466369985 -0.476833481036427
-0.00327221744732498 0.0226641500937443 0.50403810804751 -0.54429979798524
0.0100169308131711 0.0120077456318116 0.275784850088275 -0.391085990307478
0.0197426057351078 -0.0177620997799052 0.116664060876722 -0.171500210389115
0.0349428420858182 -0.0143496220239842 -0.0358497564832668 0.0204610067989857
0.015858215916497 0.00384488151167741 -0.172181692430385 0.173997368239298
0.0141904828142055 0.0052488207515577 -0.27723827311417 0.378385843366394
0.0190828142700789 0.0228586453796263 -0.358000653692689 0.526677761064563
-0.00849814539122776 0.0401160042414755 -0.4435199034322 0.626582880841955
-0.016939011866006 0.00266381495854324 -0.480784447854815 0.561466473335242
0.00430046101759487 0.0189525786744252 -0.392514273895178 0.42555530502976
-0.0129537081581369 0.0597951671266713 -0.340499230555439 0.283603420385715
-0.0446433545953696 0.0541994290889435 0.382432986961369 -0.0778269787871239
0.00951886596941359 0.0294684659616523 0.439854711148322 -0.352406242480198
0.00563723504354867 -0.0308348712066075 0.549415439683357 -0.338033576033494
-0.044876781126221 0.00979892424463061 0.635416058055108 -0.528444165040068
-0.00182990185105254 0.0344468054240425 0.458848856057073 -0.564682892636718
0.0181043062583562 0.0138359182358586 0.263458582624239 -0.400020114384962
0.0288554403797106 -0.0262244040111118 0.1197062484497 -0.183796530096911
0.0442414219028849 -0.0258678454327333 -0.028168875659185 0.0104366753245723
0.0248721103208799 -0.0053596728468291 -0.168059879179508 0.161406895282249
0.0246938084604326 0.00545180792587783 -0.28599621335515 0.361091439827722
0.0222549984486135 0.0356002046682393 -0.395507649886615 0.511345119218242
-0.0243105070528738 0.0481767331909386 -0.50036365166295 0.600789530332653
-0.0252347158422316 -0.0119088294612057 -0.520623270301928 0.522816765602901
0.0156886392334807 0.0260825578815344 -0.406188336724862 0.408780982042111
-0.0234400884581418 0.0858306047190892 -0.348930214656943 0.263235539555834
-0.0449808062259634 0.068924741643057 0.377689909582766 -0.125241538122885
0.0196365509529572 0.0301180393912459 0.413701840317368 -0.354516270990452
-0.00141102711165941 -0.0392142600149102 0.535916318113062 -0.39379863961381
-0.0528873276930008 0.0169428751249543 0.564491173647663 -0.589282973144427
0.00147775553509811 0.0425996249748016 0.403874429950795 -0.582669805298596
0.024362639603779 0.0127263633662003 0.251289464742796 -0.410790413903226
0.0338891255455409 -0.0324500106723433 0.125705393055588 -0.198968783662595
0.047842905476119 -0.0319058182409959 -0.0198130604131485 -0.00304992844749647
0.030257702153682 -0.010333019536426 -0.162309947739096 0.144074897906451
0.0305568694407277 0.00817890135116111 -0.295863605758786 0.342466571615528
0.0212117143501501 0.0452319242276597 -0.43536476248454 0.491466289095177
-0.0394544781283183 0.0499968436770941 -0.569386585557005 0.565228401121905
-0.0261120051267261 -0.0230208122440986 -0.564194436540414 0.465157870222099
0.0214945964109366 0.034801435840594 -0.419611635324492 0.391944386341568
-0.0365925893802786 0.0991632300684062 -0.360032151417145 0.238106452712958
-0.0371466871702535 0.069884328724364 0.367028167094843 -0.167301362505957
0.0236546838431668 0.0227693013076671 0.3935238004159 -0.354683486244266
-0.00946540912979972 -0.0410558214047077 0.515516885142534 -0.454918168876595
-0.0522353805552521 0.0251413814382655 0.485958035654124 -0.635658849779116
0.00602586036009705 0.0443846095121844 0.351109134180376 -0.592996574450684
0.0250676575287365 0.0102400554125042 0.238887214842193 -0.420429201085701
0.0343024865543488 -0.0343584754727141 0.131028720709056 -0.21228969532721
0.0475535594639762 -0.0332637683831279 -0.00977879649762497 -0.0161726758395214
0.0299933449315033 -0.00984570579991019 -0.153892030559673 0.124466037445352
0.0311668873482262 0.011951030746752 -0.303868506109864 0.321922445234415
0.0147242464646232 0.0483482780534031 -0.478958364708159 0.471191717915043
-0.0455725844637077 0.0422720543046155 -0.639437474269686 0.517017761239302
-0.0196395354308196 -0.0277295950090771 -0.598617362525469 0.403079304342309
0.0208621232051076 0.043732874694695 -0.435718633126625 0.376663911233389
-0.0485084981040251 0.0980283805404347 -0.371481005907983 0.209763929695368
-0.0245638041220708 0.0550934336648965 0.353107499646757 -0.199260442717771
0.0199296745111381 0.0115341501383196 0.381085794662582 -0.353435258493861
-0.0158827168345889 -0.0364393468431227 0.48737043739785 -0.507156639631115
-0.0445397538325276 0.0282137198325142 0.414478769743821 -0.66597629891675
0.010321140321384 0.0405140804022234 0.308169293296195 -0.59692765068853
0.0203733043240304 0.00693193167407446 0.232282731053881 -0.431890608299949
0.0282663214746322 -0.0333268081279772 0.135344106292154 -0.227309884694771
0.0419433521192131 -0.0281260211582892 -0.00101864048222192 -0.0305316608210177
0.0255118925248468 -0.00453274478813837 -0.14431606134148 0.107794235961642
0.0259618560811257 0.0148280161031809 -0.310665831048321 0.302594697261196
0.00781535309268879 0.0467556842176086 -0.51802639999864 0.449680883270936
-0.0435102000040214 0.0333679114480799 -0.700865184905996 0.465962449335549
-0.00867015474231729 -0.023843092067631 -0.617985662889905 0.345023776929527
0.0125754456370964 0.0478731339050187 -0.44470543379271 0.371605233152574
-0.0518933048501084 0.0800687334602022 -0.381731282810007 0.186155223203001
0.0391642552787363 -0.0724300879496567 0.36775478778104 -0.075069983140699
-0.0291050153525845 -0.0341762575112466 0.428300975459642 -0.377954262644635
-0.000784948612021642 0.0113999605059827 0.54493320917835 -0.333784253174052
0.0235458242898747 -0.000349295640909518 0.65352870412652 -0.524747736752542
-0.000443588613235114 -0.0241078342380032 0.461951570553347 -0.573057074721228
-0.0251596771834218 0.0035032906111826 0.247824807706356 -0.410177096960369
-0.0158990670948637 0.0101619289759099 0.101386869645485 -0.186650749967694
0.0044983659402198 0.0288880193988273 -0.0341265241912385 0.0202387406493495
-0.0144843528890069 0.0434635053844413 -0.150503799470121 0.195862557208807
-0.0265101293533882 0.00956096254814366 -0.211390347986022 0.416938655766387
-0.0048036939685854 -0.0179151066452922 -0.255059552750748 0.586859168430058
0.0380648835116766 -0.00767416266973443 -0.33025836036091 0.71422726151582
0.0208537750247732 0.0370434786904948 -0.384783778131656 0.646684271509256
-0.0348483420334291 0.00268813955974084 -0.309761410456751 0.489245622247679
0.00455729912039169 -0.0473187470712761 -0.2937341003261 0.357461632153913
0.0211865971060036 -0.0383214224246642 0.36996393926571 -0.0574258130164965
-0.0185012720019405 -0.0217362162421184 0.439943307139896 -0.382758980625023
0.000299215104641095 -0.000805809416955435 0.540721541328116 -0.319553937595323
0.0084779216244841 0.00212885898747663 0.672146133840289 -0.506889108896902
0.000526765863001968 -0.0117259206922102 0.477768896455297 -0.575092614292714
-0.014317222826323 0.0054249319754065 0.247421437445404 -0.409487279465275
-0.00467612028145609 0.000518484678064608 0.0957650446203546 -0.181104289659622
0.0144689441900681 0.0135237362849075 -0.0376948633162086 0.0270140368043975
-0.00372357907681577 0.0294349411776469 -0.151799597289175 0.204301940747146
-0.0137310506991293 0.00816176421314423 -0.212639895820478 0.423962739811141
0.00199703429975251 -0.00525831237925596 -0.250173036382568 0.588674550027181
0.0250023881656605 0.00533143811702985 -0.309414134436805 0.711172001910511
0.0128507630938168 0.0264128446376259 -0.371307565061516 0.658362263220066
-0.0208759698249266 0.0105091585440309 -0.31110508270677 0.493460582779076
0.00163508437161047 -0.0099842022489694 -0.290313553517379 0.357344161115175
-0.00332987434081826 -0.00326734125901666 0.372559800010046 -0.0589937016069794
-0.00966091207144688 -0.00222265518047492 0.440480455146855 -0.391501301262583
0.00311974842234951 -0.0124518981727318 0.531538433937103 -0.328885956828046
-0.0104559740313433 0.00272782519672366 0.665049352978383 -0.512288856315066
-0.000351450732443714 0.00269586061477225 0.468920338768557 -0.583243735529302
-0.000753665357755947 0.00755522247502444 0.2425395033569 -0.414878005074679
0.0068458332195948 -0.0102720836594519 0.0935933694441314 -0.182020406762422
0.0243207118224096 -0.00410688382090899 -0.037319064629622 0.0287684460818315
0.00850901210676111 0.0147571146530203 -0.152659563600799 0.204860589515924
1.25964032447988E-05 0.00563295519788668 -0.21919628852572 0.424114646515387
0.0105096757827471 0.00768349379873223 -0.262387306843626 0.584951565543496
0.00936107947477616 0.0219511619451871 -0.319253559822371 0.707926825640154
-0.00117326878169419 0.0142468512597758 -0.377180349131418 0.654385125867207
-0.0071539360942444 0.0152555760177409 -0.318462023300171 0.49169898056122
-0.00100005543782466 0.0278609856463137 -0.295651730184681 0.350403220137585
-0.026401026023316 0.029557075581137 0.370286311361782 -0.0812559966205698
-1.61107904816478E-05 0.0152874279019642 0.425292657768701 -0.396901309707827
0.00476235929716161 -0.0237279285874149 0.524751932903554 -0.355256167828428
-0.028877735682919 0.0040636043609812 0.630885338674334 -0.543761291160394
-0.00126125323016247 0.0168804375367268 0.441637355390277 -0.596832154072775
0.0121020551850094 0.00989368724505664 0.231385076237912 -0.419266764583007
0.0191924641644196 -0.0204896194600097 0.0946123041522322 -0.18745713724438
0.0337066775412122 -0.0200661637060806 -0.0340976475394496 0.0234659920605329
0.0182151487611198 0.00140321003339954 -0.150774480332283 0.197840795185644
0.0131997815820858 0.00295043228206412 -0.226557581927376 0.415594665474858
0.0193636830353133 0.0212685959134367 -0.289503926552217 0.578409100281483
-0.00484675053827381 0.0371926643070154 -0.356731942915598 0.695891096543326
-0.0150015208157781 0.00222026512300578 -0.403694387923112 0.634012379859812
0.00720462854308731 0.0192363257455784 -0.333412034722129 0.48308627045356
-0.00447028152022999 0.0629151975923193 -0.30588069160184 0.338477679674143
-0.0390420053683938 0.0575283172986782 0.367939664262951 -0.120121935829346
0.0122058630441125 0.0262611128011767 0.398907449995768 -0.40123471599578
0.00292800679744084 -0.0347677899563967 0.511631134678404 -0.398237319671146
-0.0439033486823462 0.00766354337265301 0.573684905917077 -0.593422102363043
0.0018486354882564 0.0300550409994858 0.392114141257836 -0.611551152625482
0.0214345782696209 0.0117982491657613 0.217828335179854 -0.427500813946062
0.0261193857393341 -0.0298301035926779 0.0972922139450566 -0.198400471005837
0.0408061046207405 -0.0321597598160193 -0.0287639726252633 0.0135986877915418
0.0258267760028864 -0.0090093937235352 -0.147919862869309 0.185007765422212
0.0234163929475187 0.0026875859649852 -0.24042485094083 0.401461227812972
0.0228171176264628 0.0328855223593785 -0.328749266866437 0.568631551851806
-0.0204225415667637 0.0473234008862046 -0.420423860247296 0.677296097561645
-0.0246375814948779 -0.0099751992725289 -0.45187994009389 0.598779355480458
0.0179151733815527 0.024887451074936 -0.349167739831313 0.469469484706621
-0.0128057959147611 0.0899089405241491 -0.320047616744774 0.318672391946212
-0.0387063620532735 0.0718048098126776 0.356799624738936 -0.165031167699759
0.0213697572206886 0.0256659959731038 0.372681592403161 -0.401517341219516
-0.00324839215561955 -0.042349798802878 0.491435319190636 -0.455403419344928
-0.0516654909628883 0.0159463442956752 0.495438183383056 -0.643360434487667
0.00515066535688358 0.0388736135082857 0.336686588256325 -0.621145257496733
0.0264804332863963 0.00983732068053406 0.201562359928896 -0.436237666852097
0.0301195315713127 -0.0362455933971257 0.100453358771519 -0.214719552307379
0.0447978324150437 -0.0396669949160656 -0.0209580314844198 -0.000405180481552382
0.0300223605559361 -0.0141490394034014 -0.144375464007917 0.166446827852442
0.0301612050912707 0.00443799567223868 -0.252293508650213 0.382261858017301
0.0224441521998054 0.041945798897487 -0.375564564596145 0.554698821847482
-0.0344816620321321 0.0496383332555492 -0.495011850964875 0.648539962357558
-0.0263398938362127 -0.022466368760954 -0.501174335155857 0.549644311085384
0.0256733184620984 0.0340603422723289 -0.36723034149678 0.453777802710716
-0.022816639690696 0.104321217782379 -0.335499166696544 0.29498699865036
-0.0304860951076111 0.0711826491033483 0.341416520925325 -0.205101304830679
0.024842837035084 0.0185489861772837 0.351978533411395 -0.397037622482774
-0.0125403341514197 -0.0439516236110303 0.462864457083601 -0.510986076146261
-0.0510568600253064 0.0239162387011652 0.413155097277906 -0.682755047180824
0.0102057644247204 0.0407715678090554 0.283277394311708 -0.626051216758782
0.0273016835686459 0.00754027258188075 0.190947257260859 -0.446274794421079
0.0295315831681923 -0.0392172322536047 0.104557377467359 -0.230536047490636
0.0438208677923389 -0.0400125660552116 -0.0119955757321685 -0.0155190536925021
0.0297600072600396 -0.0140681359730631 -0.138178102725897 0.146526430607568
0.0307076447471113 0.00842886746477995 -0.264007318414564 0.36158451429595
0.0167547105030708 0.0469308943916911 -0.421236413709651 0.538027562023278
-0.0417854068619772 0.0433586118791726 -0.57172419283509 0.612964597236207
-0.0195166397517548 -0.0269230987961507 -0.547294926315652 0.489622497587742
0.0258262780454794 0.0428461979352553 -0.384106581605743 0.440906908692216
-0.0361290333899856 0.103915851123224 -0.351399558718212 0.268573131292466
-0.0190087900408334 0.0555163868346813 0.326436110525966 -0.236576918838503
0.0214173359463875 0.00740320383598957 0.340828766751151 -0.396553734897435
-0.0192493640583069 -0.0385099954402846 0.428906031846228 -0.561722581785518
-0.04340662699024 0.027020320230486 0.3386036045333 -0.704907336132669
0.0124015042376175 0.0354108420461407 0.242321944606757 -0.623689412733583
0.0235609419214383 0.00484692153693729 0.181040184675527 -0.456060543334807
0.0238167028655809 -0.0368562711523534 0.10759614597496 -0.246232427776788
0.0399851329355101 -0.0339673291521765 -0.00478904210529097 -0.0300086699922249
0.0252166028026414 -0.00822867741040153 -0.130936218796134 0.127611167699733
0.0265757545142868 0.0124270061093106 -0.271969850852231 0.34335620907963
0.0108877244433205 0.0452105789474502 -0.460688827937735 0.522837749976801
-0.0404243116126669 0.033054897959735 -0.640772951557768 0.569988038472776
-0.0103268663082276 -0.0242861576765822 -0.573994127868363 0.436215813994634
0.0191385047541588 0.0475117416175229 -0.395829334373756 0.436438465909927
-0.0418613440263282 0.0880225325568683 -0.363862164188066 0.243622395603473
0.0383140614102348 -0.0738406958496627 0.370942580582847 -0.0833117204818311
-0.0300766545754934 -0.0340874574643228 0.425204285134058 -0.38975336125021
0.000336153784405747 0.0112195517964741 0.542328855694817 -0.348122694710958
0.0243990343668084 -0.0016695702751801 0.647982999827903 -0.540267656373735
-0.000827841497330774 -0.0243777454826941 0.451991369784943 -0.58814341260791
-0.0256066400383018 0.00421995640659126 0.241256692536817 -0.420629287089013
-0.014699277750879 0.0103088940946079 0.0983001346448308 -0.190213568622624
0.00555481750865267 0.028136622199956 -0.0339148375368919 0.0211967751141582
-0.0128371353377283 0.0433954933469915 -0.147303956258733 0.20092741818461
-0.0273490166988242 0.0112855758346531 -0.205748072022791 0.424955375649894
-0.00554257071255339 -0.0176499967222168 -0.245357750563865 0.597270579660712
0.0383781172154441 -0.00860745140655039 -0.318239079905786 0.724795549924394
0.0219609299497701 0.036352722409284 -0.376740468846394 0.659906187789975
-0.0349412059840395 0.00400512257863041 -0.302907566945364 0.5003865350352
0.00341880332936198 -0.0481839816213669 -0.289682591229454 0.364532270605117
0.0207384253942249 -0.0398232466618591 0.373571015393741 -0.0637200773202724
-0.0196473303644225 -0.0211780188732823 0.437904778228116 -0.396706179907853
0.000380350421174014 -0.000762020568934268 0.53914492782103 -0.332870328121417
0.0080681813603118 0.00177088626506209 0.669032247092655 -0.525262448247474
0.000410363084723896 -0.0114377493494354 0.47015574314736 -0.587942594088045
-0.0138868363419435 0.00564321190504303 0.240288645334254 -0.418239952419679
-0.00407134577762908 0.000248922618877104 0.0935786285492242 -0.183532170871237
0.0143149467953791 0.0123338743743159 -0.0374631186229349 0.0276819845498704
-0.00258930512770772 0.0294255548130225 -0.148387483958087 0.209042996371022
-0.0151091103387507 0.00970037970751019 -0.206899000382657 0.429062632632825
0.0019340933598668 -0.00504815106067808 -0.239984717167559 0.595590414027643
0.0252202705060459 0.0047774057004883 -0.297851685757608 0.724898522069988
0.0135784212419989 0.0252179101030475 -0.359459173141633 0.672378915324301
-0.0205449066308598 0.0110768101373916 -0.304848884171755 0.502126215332494
0.00152826694874609 -0.0100577170034304 -0.285933742768089 0.365471837022254
-0.00413372651191906 -0.00275767111640044 0.374244060429771 -0.0669778698730075
-0.00962413107093024 -0.00261893876513554 0.437608663517386 -0.404915798736195
0.00265670342028516 -0.0122170866543887 0.529396470850696 -0.342234476963164
-0.0120073296324394 0.00260133029254455 0.658895286483336 -0.530658706975123
-0.000375396479722474 0.00226647336527828 0.462605713616847 -0.595757996317592
-0.00100349757735 0.00824912560479545 0.235842428351773 -0.42369394958716
0.00743558659347038 -0.0111904361353647 0.0915834698996087 -0.183919301192709
0.0235493867902311 -0.00560788851275793 -0.0356058198358708 0.0299757386383136
0.00790148777843419 0.0147635009207551 -0.148452718759408 0.208888356137271
-0.000630808027149573 0.0058496777793778 -0.209713108788019 0.431432390448242
0.0119766035480734 0.00770380058263905 -0.252588963292673 0.592508003498474
0.0102264606649544 0.0211986698063889 -0.307376632520068 0.71833949980422
-0.000655114361821237 0.0130683549381507 -0.366228224958491 0.668521943433789
-0.00616899914881724 0.0156617307586587 -0.311728474748406 0.501583118653781
-0.000230013871014021 0.0289014343044208 -0.291195137367551 0.36022027798309
-0.0261066122688508 0.0310876532980577 0.372962001426964 -0.0899256970074142
0.00086715988013301 0.0150960796928431 0.422164949694575 -0.408916035562889
0.00415165949514895 -0.0236925010645389 0.52006949248818 -0.367453935166253
-0.0283321880928601 0.00397346211505848 0.624496285054728 -0.561987107991599
-0.000421103572719277 0.0178058607840328 0.431287037518468 -0.60855555635442
0.0117141070126394 0.00976762753086349 0.223385064060661 -0.427580631769349
0.0181142866210787 -0.0212780018908219 0.0912217625669441 -0.19060562024804
0.0337246192429992 -0.021250235846289 -0.0334740383531113 0.0243185379988626
0.0184293510354488 0.00133390400454877 -0.147103250999525 0.201512539822608
0.0131680778356561 0.00279140413584723 -0.220013107960541 0.422747998345833
0.0196823550372307 0.0209306613490952 -0.279924161310222 0.587711258345809
-0.00488278639136064 0.0379574483641053 -0.346955915477231 0.709765825409052
-0.0142411318532521 0.00147928478638358 -0.394989747862491 0.648094283073097
0.00768381449185389 0.0196288474790027 -0.327524552826531 0.492816338685932
-0.00317257189017378 0.0626603362834915 -0.302257496167328 0.346266084106917
-0.0391284939280322 0.0580368752466217 0.369564657922513 -0.127127537664746
0.0129455791478695 0.0245416368186536 0.396413111471065 -0.413398321205198
0.0019719682288386 -0.0356438732748664 0.507201534513663 -0.412707027844876
-0.0436544804178167 0.00944419905772908 0.565461249497777 -0.611584323279543
0.00194245194455186 0.0305503483271024 0.384294038381355 -0.623490398038056
0.0221007851446865 0.0116551198445656 0.209526356171581 -0.435179048017081
0.0251404964963027 -0.0313476895605772 0.0939172151930921 -0.201878433000459
0.0414514394086071 -0.033764522115095 -0.027338407641688 0.0142732734840116
0.0258624197183328 -0.00928170636061668 -0.144481903376233 0.189085658292221
0.0238706301698536 0.00252492235110502 -0.234171676679667 0.408342249701822
0.0236440004006945 0.0329244293957535 -0.319180910866712 0.579887098702843
-0.0205965418751685 0.0481210831840293 -0.409668934055739 0.691856425770989
-0.0251149393341008 -0.0100238467089167 -0.441575659713279 0.613553607963271
0.018962644762503 0.0255159977061412 -0.343839146566372 0.480493923025836
-0.0101782726580206 0.0899225182476396 -0.317035736419082 0.32691602926765
-0.0375371979151603 0.0739006128414335 0.357128302836527 -0.173050176269819
0.0225366684691188 0.025603492659382 0.368862128284432 -0.412385238950192
-0.00544080214329076 -0.0424319046815554 0.485251579921719 -0.468913640281393
-0.0515403192658361 0.0173116586887854 0.488561772279 -0.659452932151264
0.00671090291390279 0.0380734243513039 0.326141851088506 -0.631636502668071
0.0280255152478752 0.0102484154017555 0.193698531010937 -0.44335458896013
0.0288085304404131 -0.0374034072295517 0.0978611696556943 -0.217024235268072
0.0435325271348264 -0.0417648611581937 -0.0189414383152166 0.000449234421457657
0.0294812606783049 -0.0150407585221107 -0.14049100583874 0.170247516193998
0.0298530878249096 0.00496978318446802 -0.248047629244002 0.38842219626587
0.0238303952901408 0.0428571772137436 -0.365485321204878 0.567398838268843
-0.0344879867962501 0.050018923148211 -0.485211700123913 0.665085626593003
-0.0268612604525337 -0.0215600001908127 -0.494470612176806 0.563213234849977
0.0268916715225951 0.0336536832766603 -0.363238470062012 0.464088965813126
-0.0219384077163578 0.106056707792745 -0.332825736329738 0.303846057129863
-0.0295138387274285 0.0721783809341055 0.34064104190804 -0.213044990184591
0.0259660341633631 0.0176572445013892 0.349216611657196 -0.407950781133807
-0.0138382875969977 -0.0434309177797078 0.455628832829328 -0.525784628166711
-0.0511945422337991 0.0259174241593736 0.40254065864754 -0.696130910448266
0.0111017636128464 0.0404639600392189 0.271719443344063 -0.636165351691254
0.027939065366497 0.00736021695844361 0.181274849136047 -0.453016671274415
0.0278556699726732 -0.0400707157479976 0.100745100827092 -0.233494892131058
0.0436064747701624 -0.0416716807601819 -0.0127256986330881 -0.0162164015486864
0.0301768887145186 -0.0141875282594369 -0.135275404175668 0.149722388826806
0.0315069633563652 0.00888957942845367 -0.259838374369847 0.369369408351847
0.0188244741340326 0.0476393839099263 -0.410982760661199 0.550261727092178
-0.0413979284153008 0.0446321711431621 -0.564189938068822 0.628237034027195
-0.0207061900829242 -0.0266916902621311 -0.539842751613196 0.507236745034012
0.0268401804075697 0.0429232953058952 -0.379415945357491 0.4512361139673
-0.0332813863123351 0.105734734787307 -0.349678157466168 0.277703524726941
-0.0189488830540881 0.0559936987229506 0.324875206687362 -0.244617822819487
0.0213533537708175 0.00697110467530144 0.335857638204035 -0.407010754026776
-0.020140198206883 -0.037990394775648 0.422780236486705 -0.575349513598869
-0.0430899311694418 0.0287554173490185 0.325937965975478 -0.717518227730275
0.0130285201090144 0.0355398745680489 0.229746461084894 -0.634321206336747
0.0226469274381683 0.00419711729447233 0.171753229545588 -0.463607017179486
0.0226375012545665 -0.0380086633068603 0.104128792103949 -0.248957957745262
0.0390725450492913 -0.0361406623666702 -0.00556897829810798 -0.0304811487039537
0.0270398641526442 -0.00824674012284516 -0.128608033898939 0.131486512814536
0.0269738024269908 0.0119937427082025 -0.268852896048992 0.350669877562287
0.0108453919605067 0.0456841379417828 -0.45406525836543 0.536139832279759
-0.0394088071388488 0.0341584321736957 -0.632902313945277 0.588417107185886
-0.0103420065264439 -0.0249984897921642 -0.571101534660328 0.451013423609761
0.0201775035049297 0.0472660202852461 -0.390931902860609 0.447826545562486
-0.0406222011629775 0.0890471110876494 -0.363287599676595 0.252977197567006
0.0367019907507935 -0.0750229738436965 0.371852342347581 -0.0910200052342015
-0.0300666242983289 -0.0340245057409898 0.418144649517233 -0.400768247898483
0.00127934056998821 0.010942572392407 0.536095619607319 -0.362599295030454
0.0251131178258662 -0.00180079118776719 0.638742948373734 -0.557538338613923
-0.00212031087142656 -0.0250237055486299 0.442227607110884 -0.599406903562395
-0.0258265988081903 0.00519711419619817 0.232310989867774 -0.426717377014009
-0.0141265499317387 0.010113581889895 0.0954136361390056 -0.192165521103323
0.00529506128483447 0.0268421490138863 -0.0331875797602296 0.0224288976884539
-0.0109613438798834 0.0438671514651015 -0.143383857550726 0.204722942304495
-0.0273291590993158 0.0118356297934504 -0.197813204513984 0.430155095846032
-0.00631794715900719 -0.0183362701670171 -0.231927759379665 0.603525530245689
0.0387722751796272 -0.00963955983900038 -0.30318300989653 0.736154832241822
0.022546063745388 0.03564554470914 -0.363108649247027 0.672277567615015
-0.0344810940280704 0.00487001698186787 -0.29418388198362 0.507196988642412
0.00346804855702081 -0.0487578129458155 -0.282073015143783 0.373049301850751
0.0193511434999964 -0.0402747229669658 0.37434948098258 -0.0735274143215711
-0.0200079547436725 -0.0208536009383038 0.432605781594113 -0.408201983085126
0.000363422773893571 -0.00142434173744219 0.533068072980066 -0.347133449022233
0.00866860547789884 0.00252302030063306 0.660113013171187 -0.542150471567772
-0.000994886837606897 -0.0124102168264929 0.458761945424026 -0.59958743265112
-0.0139193008514395 0.00577907926997901 0.232531853481119 -0.424772318190932
-0.00539887918209661 0.00113376381488798 0.090863986819284 -0.185645555951104
0.0145256254747686 0.0115842841033446 -0.0357621414019366 0.0290201663390966
-0.000849833705766362 0.0310243960185768 -0.143920475162308 0.212377118501027
-0.0135918060263799 0.00995474633833048 -0.196370793104398 0.436006376913172
0.00213178173489261 -0.00617861291262441 -0.230111001923572 0.603822706193833
0.0257622752272176 0.00453270177196787 -0.281485505333969 0.73384078182133
0.0137555151142128 0.0256588062240208 -0.345321021081279 0.682062931443789
-0.0206728504937766 0.0118366822840342 -0.295196175994196 0.509936110409378
0.00220110695395542 -0.00985956630263291 -0.279385930070479 0.373608627407961
-0.00521842486534261 -0.00284688663064892 0.37508995476051 -0.0757797399776683
-0.00899651191306204 -0.00277310619552155 0.431957591390731 -0.414909231553077
0.00354797322802802 -0.0125059765279637 0.523281293571265 -0.355192699639042
-0.010391102674453 0.00282252704058382 0.649664133514863 -0.549501991619427
-0.000148268728100274 0.00194764345686349 0.450821637131138 -0.609553618892495
-0.000261971227248672 0.00797417746496341 0.226306953882571 -0.428933165260621
0.00615355252338392 -0.0111946789620714 0.0876258810957423 -0.186049321231067
0.0246326895313741 -0.00635385784417275 -0.0342657099320249 0.0297123957102904
0.00960206632808735 0.0159636368801819 -0.143908197291006 0.21414928744342
-0.000845047507771767 0.00591594414526349 -0.202152775201437 0.438706762940626
0.0114098846039754 0.00784749333396457 -0.241333565480823 0.600640438296204
0.0104963127378167 0.0202822992773232 -0.294612861293913 0.728878480476964
-6.48039337781767E-05 0.0129439455359429 -0.353006723339587 0.679031584803323
-0.00641351289274571 0.0164491579539456 -0.30450293768629 0.509706530463152
0.00101631437006042 0.0278316288297995 -0.285151056900857 0.368061398194214
-0.0255329019136766 0.031756273195021 0.373927166954651 -0.0971406588411173
0.00119607689886115 0.0147724980633909 0.416703896664553 -0.421570779228762
0.00396362367467811 -0.0242915707261341 0.515277723702006 -0.38269851698176
-0.0278168787820488 0.00512267368128307 0.614109237864728 -0.579292237625347
-0.000396768408367838 0.0172515411260635 0.419249919959333 -0.620085722129704
0.0124791233810129 0.0107488873144716 0.213743100483228 -0.433546380637672
0.016287664621129 -0.0216964979621438 0.0892637911509346 -0.192714957859629
0.0333670833494153 -0.0233179553082479 -0.031154287535942 0.0254732433903875
0.0188523144300862 0.00101805808755614 -0.143150968952881 0.206252165143644
0.0125669619824017 0.00273326249692439 -0.21244382488089 0.428748314367729
0.0198193492006578 0.0207126413387482 -0.269031612805884 0.596740503280886
-0.00424126995815702 0.037034454203428 -0.331003833580857 0.717657786212519
-0.0146319761017112 0.00161166784678249 -0.381481042863684 0.660158855375356
0.00779317869093733 0.0199090358693376 -0.319006364555337 0.501050163722262
-0.00142797556797072 0.0627661827838323 -0.295441830235561 0.355077460312742
-0.0379919405578681 0.0600026401608012 0.369033752677629 -0.136678847686158
0.0138505035743898 0.0254363354684354 0.389115117575969 -0.424437011729112
0.00171575894339203 -0.0355869407559945 0.500463463690615 -0.427111676704322
-0.0436370565905023 0.00953050345563892 0.552845060850582 -0.624595723385968
0.00165867945614853 0.0293662090233286 0.369638774389189 -0.633284535368045
0.0218223225001453 0.0109658452773644 0.199706279037567 -0.442365429340973
0.0251872493948097 -0.0323941645894306 0.0913908821758038 -0.204292085725507
0.0398899062103673 -0.0363976260766335 -0.0260893897834408 0.0151778096027585
0.0263491187267618 -0.00906748665052566 -0.141785531501745 0.192368745673098
0.0234020702810283 0.0025140494272955 -0.226158897725055 0.415363694747107
0.0243477087003386 0.0330457022308492 -0.306561250287764 0.589128985861433
-0.0186891516947381 0.0484869094076992 -0.396269146675873 0.70315163269003
-0.025049741752012 -0.00999851592120241 -0.430166855786071 0.624963051082981
0.0195736419618479 0.0252000446750385 -0.334855024413851 0.48924244941065
-0.00816937955857966 0.0906176315733516 -0.312016027888162 0.335017432866406
-0.037000512386226 0.0750171527886538 0.356733190670872 -0.181494675555884
0.022597599625418 0.024783474202126 0.362211082231222 -0.422387238923354
-0.0050893977497462 -0.0424373023029803 0.479555113019519 -0.482815587998515
-0.050912663749506 0.0179059562093216 0.47389624104119 -0.672877868899507
0.00744758969844896 0.038796799663584 0.312834035669675 -0.642692316620324
0.0278514208896397 0.00969045084943186 0.184546911836515 -0.450039620410959
0.0289862314156583 -0.0386520770895023 0.0934399509019459 -0.219223610906159
0.0434060162326384 -0.0429297572989859 -0.0195364818104957 0.000803343919504429
0.0292038968455537 -0.0149114490470129 -0.138128892431629 0.174487709008373
0.0304476642055703 0.00403312075945285 -0.238535570925588 0.396340013102374
0.0248036839915578 0.042518508607907 -0.354600082899556 0.576816227113864
-0.0316511670812918 0.0508330325855974 -0.473186499145811 0.677750343960822
-0.0275199989948311 -0.0220049348873959 -0.483369208155336 0.578751672794924
0.0266964625870067 0.0338184624301814 -0.3533689581627 0.472952202718506
-0.0191634275552004 0.106256263786583 -0.328702729085606 0.312696417351015
-0.0288002674591493 0.0740826801001386 0.339802859710221 -0.222193527202692
0.0264677152475602 0.0161633651258981 0.341912037230747 -0.419148325383903
-0.0147769820696123 -0.0444866207194766 0.445891169898838 -0.54049628411556
-0.0499418999892282 0.0266141336851467 0.388431759920429 -0.707648513043654
0.0127086664720821 0.0397335459919413 0.258760598752884 -0.642515575916035
0.027951558424748 0.00663719170610862 0.172004592231103 -0.46017399105332
0.0267476558329274 -0.0416124393912327 0.0960358816535169 -0.235458635147756
0.0425897265315343 -0.0444535947675121 -0.0116868456273339 -0.0160665912729553
0.0305611356380191 -0.0148957172905221 -0.13276667321982 0.153960246880598
0.0314175709292904 0.00742217114581784 -0.252451942201902 0.374851065675467
0.0198621641485941 0.046565549712631 -0.401697220793383 0.562569769230561
-0.0402849737956961 0.0448749230006178 -0.554415617229095 0.643129462237837
-0.0210002842981536 -0.026536454845855 -0.53002908341495 0.520154067795785
0.0289927063203586 0.0427682574840738 -0.369598932507631 0.461512454874686
-0.0314816750767267 0.106074792238711 -0.345155424288337 0.285575032040984
-0.0174455680004543 0.0561132446366513 0.320883745998407 -0.254042185307843
0.0216234765918999 0.00567363407668474 0.331014135905977 -0.415414067126133
-0.0211232628584037 -0.0381439878652136 0.411436989372971 -0.588739677676881
-0.0424410149687935 0.0292517355686163 0.311542873061316 -0.727649659378138
0.0146123489955553 0.0350735562240871 0.21616703397588 -0.640400112789589
0.0231741590011978 0.00399945904565087 0.162178663805773 -0.467267227344509
0.0226772688999032 -0.0380195225866053 0.0991228550241631 -0.253115184337369
0.0387479001120358 -0.0377572828690927 -0.00561117752203944 -0.0313654330462825
0.0267438282924663 -0.00937950566801025 -0.126740973477067 0.134542727812973
0.0278244888386947 0.0110837848476525 -0.260250461247093 0.358242271356007
0.0121969397602645 0.045656539821562 -0.443122156443776 0.548648907570288
-0.0387705479094732 0.0357963105056139 -0.623754892745256 0.605799417514249
-0.0109629867565634 -0.0245648487468324 -0.561870741022135 0.463670477247122
0.0215578071315268 0.0478149902972266 -0.382393150830968 0.45755110651811
-0.0378498085899742 0.0904574446988081 -0.359804481458563 0.261276627477049
0.0345095336507158 -0.0761591738381077 0.37070086567538 -0.0999152600095751
-0.0312289935013755 -0.0336089047837682 0.411911414114497 -0.41170644023034
0.00135055468196494 0.0109725638581108 0.529579162209183 -0.375377330243783
0.0249077449477406 -0.00177298096786196 0.625721123971971 -0.572721113440644
-0.0026073836039566 -0.0252230764265048 0.42886417944257 -0.609462237780723
-0.0254730679101777 0.00471018550996717 0.221856884656378 -0.432281278516533
-0.014887684506239 0.0102708409931098 0.0914391669721414 -0.193119736120483
0.00666816868863806 0.0273597137746987 -0.0329623088469666 0.0223478379039636
-0.0100169360479419 0.0448209215324653 -0.138901504452734 0.20803434350497
-0.0277030044269708 0.0126637455266651 -0.186206774253 0.43447869540591
-0.00664008463639319 -0.0176312976406021 -0.219104159064111 0.607122557522216
0.0392639192160307 -0.0109612899192002 -0.28629826934279 0.743758213064624
0.0244886502825148 0.0350238670374473 -0.346240130164335 0.678197332677423
-0.0349045001031962 0.00539790111088314 -0.283224348924199 0.515541365052718
0.00306553328907771 -0.0486555134496568 -0.274065080405089 0.378323722436131
0.0173065857988516 -0.0405476901925644 0.374574764716981 -0.0801875086614754
-0.0208340758311468 -0.0205881791046426 0.425358980402223 -0.417425636031786
0.000634111051113522 -0.00089141232045241 0.526726069283039 -0.36010785143876
0.00810977281383884 0.00146973935654633 0.647140126844128 -0.556864705541668
-0.00062530189829001 -0.0128696944858442 0.446169985669468 -0.609659185151006
-0.0128547719081103 0.00630681496707638 0.222955759063701 -0.430667108737322
-0.00535244199559247 0.000137913324539864 0.0860762798596924 -0.186861224197427
0.0154610992665312 0.0101869008668287 -0.0347812132549208 0.0305438700286946
0.000472349976570477 0.0311082527053352 -0.139945515494886 0.216662388432959
-0.0149563535256663 0.0103863032743382 -0.187952578090833 0.439775174948719
0.00106342861700383 -0.00587816708327638 -0.21567423172385 0.608429565081662
0.025699494122485 0.00338551424641013 -0.265330223594175 0.73986019854825
0.0138611086847891 0.0247855279459132 -0.330154626971613 0.692693385243126
-0.0198412739833618 0.0132753589804426 -0.285414280885654 0.518183883459245
0.00189548020022418 -0.0104855896989518 -0.271896908197705 0.379767124778008
-0.00503011250050074 -0.00371604342142306 0.375106619491975 -0.0838258429653558
-0.00978337027587095 -0.00297707239948965 0.424240881178049 -0.426294329696657
0.00200092058971949 -0.0132158466188226 0.516504342711721 -0.367544991920336
-0.0103972269019201 0.00313113447361011 0.636517812470864 -0.563417413021368
-0.00131584034262073 0.00207883877300416 0.437899539393465 -0.619146810815322
4.97834033958734E-06 0.00806529663519567 0.214709328571762 -0.433815319256442
0.00620166260549397 -0.0111867143149701 0.0841459511507489 -0.187657662965065
0.0248292897445135 -0.00731746159961922 -0.0340715917810739 0.0312872103128482
0.0116813465420793 0.0156107465967498 -0.13877956998769 0.2157220347064
-0.000745266494617558 0.00659783618831487 -0.19311779113793 0.441466326236477
0.0108566525631806 0.00739401379623237 -0.228510898766659 0.60632235045467
0.0123694999606779 0.0210453416680058 -0.275307625123258 0.736498648917281
0.000706812474589552 0.0131032313746514 -0.337603586125719 0.68857022912315
-0.00447823512743859 0.0166893618261201 -0.292659219989479 0.516446811157368
0.00230980153066445 0.0272923838163692 -0.277052471256423 0.37399333407506
-0.0261863330188576 0.0327187763254772 0.374192731735454 -0.106793879489829
0.00183217284693807 0.0151429148574184 0.408658456684544 -0.430620922904524
0.00348593621740492 -0.0248707162000911 0.505122318880554 -0.395629498645901
-0.0281592805097415 0.00567024347694401 0.600467370788227 -0.593798282757795
0.000217798862923483 0.0165344323664166 0.406131048891995 -0.629331291721306
0.0130621176029692 0.0101996904345748 0.205550339242827 -0.440244669855462
0.016446574901161 -0.0218426417807547 0.0855031444879587 -0.194186745534711
0.0332227934370387 -0.0250242304990002 -0.0308747222049842 0.0263545689655176
0.0204394554304947 -7.1450915654918E-06 -0.138757390384606 0.209458907076032
0.0126138190344341 0.00336682618370973 -0.203234650433524 0.432455362014976
0.0207760388905255 0.0201439333582449 -0.255478255641921 0.60257538241931
-0.00326200846838255 0.0371470142665226 -0.316367455299188 0.726730275410122
-0.0146252036873132 0.00225944380114263 -0.366441419565247 0.670754625130299
0.00876712199332511 0.0197191173150415 -0.307914623399758 0.509806389239877
0.000276205017662757 0.0633416036079974 -0.288965604649678 0.361572318101776
-0.0361295971128769 0.059738699905651 0.366277212811541 -0.14440737242645
0.013849107201563 0.0247382802560527 0.381552085007085 -0.431655918859431
0.00107443706868898 -0.0360988723539265 0.491696783112722 -0.439113634479114
-0.042808537819198 0.011126466033772 0.53957779960207 -0.637812794169616
0.00308371785043252 0.0299540626984277 0.355501642631405 -0.643328910357835
0.0218413003279641 0.00991857746157081 0.189895466032286 -0.446214570018447
0.0234410801346452 -0.0326566236196239 0.086284239126377 -0.20640193312312
0.0388840198177919 -0.038473866291504 -0.0263593581600484 0.015552917769339
0.026739572729421 -0.0100660642438258 -0.136744153337994 0.195758399896002
0.0240247131969508 0.00145395035029964 -0.217138424737534 0.419363852635554
0.0259769164615246 0.0321297455018934 -0.295828411238853 0.594727757193166
-0.0174089068874604 0.0491844083577507 -0.380213204660992 0.711555032649186
-0.0263089151661913 -0.00952842104579665 -0.415326708448725 0.637000478332884
0.0217923752610961 0.0250793384342232 -0.323575355179509 0.496502794121307
-0.00606087854596492 0.0895125567928188 -0.305449953817045 0.342227315975964
-0.0353802412151103 0.0756859790738045 0.353352294552502 -0.189105682185942
0.0246744704042368 0.0235616996973038 0.355208642979594 -0.43154783791437
-0.00636286674340536 -0.0426092811831905 0.467208674357682 -0.494179150537061
-0.05057551799596 0.0191661365403849 0.458483481464875 -0.685878780140711
0.00773916498654049 0.0387060937831293 0.299276888907168 -0.646700845218054
0.0279002586884971 0.00863223374909623 0.174127799748652 -0.454185831682492
0.0272996585041265 -0.0391023408269803 0.0883333805755087 -0.220811356868742
0.0418098996551827 -0.0454776883452084 -0.0189540214259969 0.00215814404292118
0.0297312722736935 -0.0163370823075995 -0.133780038954981 0.177163817054871
0.0307732615185637 0.00415046606451909 -0.231135065372782 0.400905691912104
0.0251712982901039 0.0417333579304366 -0.342665780067195 0.584580086896792
-0.0312367922668745 0.0519211005315722 -0.456272611588983 0.690012150135136
-0.0281034679206655 -0.0200118517260748 -0.470686865841834 0.589301192097584
0.0288690397475789 0.0334699916980714 -0.343617970398802 0.481278647690007
-0.0172923406922088 0.106588514087028 -0.322127889735336 0.319669344293331
-0.0270127567556991 0.0738723736402495 0.336332733078421 -0.230407717192284
0.0276008114172138 0.0163076324246175 0.332842744366726 -0.426932469559677
-0.0158995284252279 -0.0445789961167146 0.435930046292521 -0.550249592918919
-0.0498244351582677 0.027358831543147 0.372090328591923 -0.717998206639788
0.0134068658205858 0.0403094289812602 0.24485920616135 -0.648589362005598
0.0275375557570613 0.00639341695063447 0.161734824694207 -0.46180182855335
0.0259097161782699 -0.0431286401095217 0.0904732809951527 -0.238194014060562
0.0417104093617091 -0.0457101738540297 -0.0116442802093149 -0.0162657650717096
0.0304723537362676 -0.0151393992850695 -0.130558407846705 0.15607194810017
0.0319253398248425 0.00767322956959019 -0.243232253108856 0.380457822799916
0.0204322449578064 0.0466288645775729 -0.388980938899776 0.569974688250601
-0.039428295627233 0.0468642872414161 -0.540424768286165 0.656458679668071
-0.0223041745990084 -0.0272246032317261 -0.518795950063746 0.532540056677064
0.0298236240252725 0.0420978125279157 -0.361171325302487 0.469418813753184
-0.028143738349349 0.107936050745162 -0.340741996726962 0.293248229682789
-0.016634090594905 0.0572468571941743 0.31737377601236 -0.261007273176328
0.0222728012751001 0.00470155830210621 0.32217863432336 -0.424376888234672
-0.0226848586743419 -0.0384104953136715 0.397777583383364 -0.598620585499729
-0.0412667175473997 0.031025448186436 0.293847760380459 -0.734704421901755
0.0155245456161044 0.0347929710569489 0.20317296775905 -0.644788363429093
0.0237091029227736 0.00336522464327291 0.152670458719988 -0.472522007481214
0.021252103094842 -0.0402191820592591 0.0937894942445319 -0.25319301864572
0.0374210121626127 -0.0393656552161203 -0.0051410040353487 -0.031251763237232
0.0269880225395674 -0.0102224421696862 -0.123948011181895 0.137293089386138
0.0277406237368663 0.0111504644768595 -0.254024902631873 0.364977409829037
0.0133863704234737 0.044819792739448 -0.431156024172081 0.557401442090953
-0.0387334209232748 0.0349015524216172 -0.611713685081848 0.62056111023532
-0.0114975699663446 -0.0245048579558834 -0.55157853151698 0.478959174704647
0.0220056039911816 0.0476385571747496 -0.371549847641399 0.464461990660683
-0.0359128154310035 0.0898831395193067 -0.354942193154478 0.268615541688454
0.0330110901859655 -0.0759169355538803 0.369207225416209 -0.107535173161524
-0.0315680049300017 -0.0332141663869354 0.403141082162898 -0.418939090796391
0.000957838412148815 0.0108908090862023 0.519813681519224 -0.386521213423247
0.026043756642189 -0.00388673407149137 0.612860501859683 -0.58435093329643
-0.00317316384606704 -0.0256096499297728 0.412280977877466 -0.618186016958702
-0.0263431858142854 0.00633539986639424 0.212968188996255 -0.435773633861985
-0.0148170485861921 0.0104982714181077 0.0876766044003139 -0.193824759106017
0.0068485769811868 0.0257885427645989 -0.031456303297163 0.0231153267656329
-0.00782520044553911 0.0448050190693407 -0.133703981147401 0.21095864115676
-0.0273614183667689 0.0137366266525614 -0.178105061833934 0.435468004764412
-0.00765292021204016 -0.0175036546937935 -0.207168452337376 0.611845208487554
0.0382701554981864 -0.0111998069949742 -0.268864559011891 0.747539008141523
0.0247788943391451 0.0354230601335495 -0.331130458930277 0.685192557862437
-0.0345310777863556 0.00550675153607969 -0.27134047025661 0.519376968413448
0.003120032527523 -0.0497286451766787 -0.265110892771241 0.384967809650186
0.0172297420688364 -0.0404490971533638 0.372128722193729 -0.0890508392309496
-0.0207280307242113 -0.0206972461525367 0.415075825743517 -0.42677656406865
-0.00052495626819952 -0.0016716864382687 0.517275710564736 -0.369934450318983
0.00971673129816419 0.00205880617805956 0.632791584814128 -0.567161891607401
-0.000389935347002367 -0.0127438647573355 0.430218813034303 -0.618548791132219
-0.0138065826368952 0.00634745311956971 0.211540737923517 -0.43335618816404
-0.00493934583125242 0.00103547258494955 0.0825251467076188 -0.18764261771535
0.0151696715883878 0.0091017285480118 -0.0335775581025701 0.0301631939226245
0.00166137093004333 0.0309039324208277 -0.133288812095365 0.218434033944173
-0.014581874494085 0.011450086456959 -0.177387160056613 0.443570526925546
0.000674054071470982 -0.00519019677298504 -0.201231587432264 0.609977042387715
0.0258163967638207 0.00236722921037743 -0.248014337831784 0.742975413197879
0.013759082862723 0.0242139449072895 -0.313486123559299 0.695988069482788
-0.0194877742622301 0.0135913951434647 -0.273244005835939 0.522226520679016
0.00183844684254788 -0.0108309056809025 -0.263467768058235 0.384927976242328
-0.00496027649095499 -0.00302439114976882 0.373572800122 -0.0914365350815757
-0.00988262531726802 -0.00287153322694695 0.415574252112107 -0.434863362168109
0.00171120648005715 -0.0138193823837844 0.507532289688304 -0.380143914406198
-0.00973047631809918 0.00395544220293527 0.623475053436717 -0.575454494913596
-0.000961220806466363 0.00246976124829184 0.422727897160259 -0.626521853405448
-2.11758659924999E-05 0.00853861396416997 0.204856347123436 -0.438192200781386
0.00587518508815962 -0.0121128332600525 0.0799445257472599 -0.188339885474066
0.0252179845532186 -0.00890151438183329 -0.0316670442176706 0.0319171946596033
0.0108399548338982 0.0151646532543656 -0.133565570666532 0.218967938929082
-0.000780286951294003 0.00649050828099567 -0.182541505345472 0.444199438309658
0.0107401578699701 0.00690797966610078 -0.213468911540627 0.608902061036633
0.0123103057819255 0.0198385210580115 -0.258894978879775 0.73923686739394
-0.000261064177373792 0.0139023299095055 -0.320727655182144 0.693551433096563
-0.0041446817120402 0.0167894397779014 -0.280454005312268 0.522972164050819
0.0028823770951405 0.0272892942501359 -0.268472715057804 0.379086936975728
-0.0254374455824279 0.0329059631108582 0.371561650029227 -0.113469480754798
0.00228159597751702 0.0149229313957792 0.399534401795767 -0.438532607517127
0.00270081880392415 -0.0256994663210147 0.495525020422488 -0.404734527050241
-0.0276546742920478 0.00724193323031055 0.586470940903347 -0.604340552435132
0.000857031154939943 0.0170784087115796 0.389421965304364 -0.637665094474756
0.0133646907190878 0.00999082251446988 0.193870551256084 -0.441910785264876
0.0159702374312903 -0.023322366666229 0.0810406639083597 -0.193936305460053
0.0322258109361577 -0.0260010400405048 -0.0297373755124468 0.0270345185367774
0.0197449451952554 -0.000339503355972744 -0.133670467635173 0.211059265237557
0.0124043504445854 0.00306428977439184 -0.193002528453541 0.437250516403995
0.0207333847576306 0.0186054115338379 -0.241835413937232 0.607584311898087
-0.00156024474210096 0.0372278115340934 -0.300747280808216 0.73140908043746
-0.0156818281430376 0.00263530190098172 -0.351315219474812 0.67761233061582
0.00975979327628066 0.0198832048148609 -0.295635238993884 0.513820499539444
0.00228028719709085 0.0621234859271633 -0.2804021683856 0.366804470658205
-0.0358216771198791 0.0605638798295391 0.364270616923475 -0.151216376249849
0.0155307139201965 0.024308710882187 0.371996991416792 -0.440145323960956
0.00026202003075354 -0.035436251370812 0.479772815883214 -0.449766472233586
-0.0415207810144247 0.0125872863854039 0.522840598188088 -0.648735899738724
0.00345279828444112 0.0302292212855737 0.339403437201875 -0.648109711282819
0.0221729642430975 0.0100492339092134 0.178116649217677 -0.44858296341064
0.0236901291171658 -0.0327675643629445 0.0820539074134621 -0.206397006487369
0.0385477389358843 -0.0392821227480763 -0.0250309221876345 0.0156677902499588
0.0263618541269164 -0.0119397241334958 -0.132943212908624 0.198767792549455
0.0234152284882946 0.00235830664330246 -0.207571157900124 0.422146636643402
0.0256309846749254 0.0307770490692938 -0.28115096385875 0.600066564309186
-0.0166249907444579 0.0488675451748663 -0.364363861071537 0.720116470239624
-0.0253590817261611 -0.00987729237542543 -0.399373287748619 0.644185064907775
0.0209010576230113 0.0251283785904908 -0.312873207885528 0.503445931528266
-0.00345340750795855 0.0898451378829005 -0.296034531681617 0.349009923599004
-0.0342691493158492 0.0765503061596388 0.350274215498557 -0.197205896935052
0.0242438773654866 0.0236825791879599 0.34559941857754 -0.437771894481571
-0.00793784078495405 -0.0429309544795988 0.454697104676286 -0.505284012077951
-0.0497897169293347 0.0206187022697711 0.441614295244032 -0.693427748535252
0.0086481208075555 0.0374606105227976 0.282078529547915 -0.651805731664537
0.0278569418197596 0.00733728930638054 0.162984915205781 -0.455561685088549
0.0260359226352866 -0.0405807759112741 0.0843945969897472 -0.221587891655421
0.0412255020230297 -0.047817807835573 -0.0186687929427985 0.00136591167004343
0.0308900865273466 -0.0167965799829799 -0.129161676958286 0.179669010485386
0.0305268484509182 0.00357906714498039 -0.222524328610505 0.404048490011727
0.0258830277398094 0.0411414845471374 -0.328728321128208 0.58920248803434
-0.0301840864357311 0.0526014182264462 -0.441197946062439 0.698665401951606
-0.0284244615183873 -0.020067426807504 -0.454869443217545 0.59852555854751
0.0291065792110281 0.0332880286334428 -0.333758459077469 0.487398840261768
-0.0143207089923841 0.106433541394129 -0.314834308337484 0.324778357434126
-0.0263183705921257 0.0747552075592588 0.329881732088711 -0.236549634066328
0.0275861096864054 0.0143385427477926 0.325446752403896 -0.43255160122996
-0.0165180098276731 -0.0433129993473273 0.420830813864735 -0.559271777642325
-0.0483334928642083 0.0291395864683578 0.352947882189874 -0.724734664261525
0.0143211759663799 0.0392551684468242 0.22968895080074 -0.651629040023194
0.028238482561114 0.00511827803662775 0.15073790616892 -0.463616261325379
0.0251465176298344 -0.0429166149525974 0.0862734538709684 -0.238885589114391
0.0396394427087297 -0.048060513766295 -0.0126839671253659 -0.0152116684340166
0.0311484004338782 -0.0170072991467707 -0.126593771816813 0.158761579395012
0.032452945836617 0.0061412289590453 -0.234240363621233 0.382666838172822
0.0212455345428707 0.0463461585255308 -0.375841280178619 0.576688730784468
-0.0392222881099741 0.0463460024589458 -0.521037407308437 0.667401877934312
-0.0219443325609879 -0.0268338396337415 -0.506467757696199 0.543495537969704
0.03065237940177 0.041701407104988 -0.349161098799996 0.476149139711624
-0.0251639332530553 0.107657199144677 -0.333146707091377 0.300465065456689
-0.0164087672637923 0.0584069269041508 0.311064393333361 -0.267924305466917
0.0218993776543669 0.0051351056836428 0.313450922362307 -0.429401981378694
-0.0233036251322207 -0.0376171584709216 0.382909415858596 -0.606175434463674
-0.0402819384406871 0.0315101765351762 0.276048356653437 -0.740844922751243
0.0157856794763669 0.0342456278977495 0.185801460361473 -0.646382063001718
0.023138374030331 0.00288246789830922 0.13945201352372 -0.474255585291818
0.0196833144177762 -0.0404383726464265 0.0897799851499381 -0.254566421902368
0.0361881285623569 -0.0421202971884259 -0.00720235983372414 -0.0312891893288417
0.0280483635716769 -0.0105485833033887 -0.119431484774363 0.139798433433722
0.0279030489967963 0.0110285880189025 -0.244839232175966 0.367290405934682
0.0138573177853423 0.0449260119930407 -0.417597473628 0.565354929110931
-0.0381105432525016 0.0360302431641141 -0.595897559354571 0.632040865688707
-0.0118842202802609 -0.0243952109619623 -0.538730887894761 0.489000962234877
0.0241715193652625 0.0479311587976071 -0.362462174172026 0.473097130082483
-0.0329759142238733 0.0909144589573146 -0.350252781030079 0.276441140436688
0.0306982070490569 -0.0764007777778968 0.364822859043208 -0.115536667457698
-0.0322076732801776 -0.0331170460551157 0.393201834196129 -0.425368941379445
0.00215364152438091 0.0101438785627887 0.509174257987173 -0.396396212054758
0.0261310699776859 -0.00333706196980528 0.593638999777671 -0.595352089718907
-0.00426947864382333 -0.0251901453823795 0.39768079367653 -0.620945244332339
-0.0260323559373956 0.00656867315112746 0.201730508425608 -0.435473064738229
-0.0144653365101039 0.0111565113023316 0.0829503828382875 -0.193173579100343
0.0071874461336448 0.0244666639132136 -0.0310002935964319 0.0230484889668644
-0.0055809094004634 0.0448261388010535 -0.12854090195086 0.21280347764343
-0.0269921323909261 0.0145848244072554 -0.168343959307321 0.437228023868096
-0.00849306126917277 -0.0176082668568069 -0.19270248212513 0.609479170950726
0.0386976085285409 -0.0131717727442175 -0.25022920101658 0.747487962433001
0.0249847911499468 0.0340774693322088 -0.313518111565419 0.688338474906208
-0.0339520519561898 0.00779313747333782 -0.258553799568493 0.522844069321565
0.00196322320118181 -0.0494283724916572 -0.256818148584809 0.387049615031637
0.0156295917846726 -0.041628634263381 0.368348932825943 -0.0960653153682118
-0.0215363012357037 -0.0205089497005071 0.404165685226804 -0.433389612247282
0.000716590182904912 -0.00191328291409361 0.507311498799374 -0.381322964766155
0.00920224342733127 0.00149751845912859 0.615769573287199 -0.579727716165807
-0.00162640217410487 -0.0127454067254537 0.413424099827923 -0.624662228046325
-0.0134602366262232 0.00687594679574146 0.200221296532511 -0.43559251933816
-0.00548059585699866 -0.00020295447778182 0.0794194862884071 -0.187915832079652
0.014483247332732 0.00786165834489711 -0.0323946648945621 0.0315307299013641
0.00334171649693561 0.0319042920657389 -0.128414607476963 0.219315042550392
-0.0145087234798007 0.0127175055045398 -0.166747734288155 0.442445947032345
0.000242280678700068 -0.00602240834022432 -0.188831772441818 0.612074577855182
0.025415718090027 0.00184866851275782 -0.232238219552882 0.743902294733204
0.0152663241965416 0.023592753014557 -0.296781524881287 0.699168646886504
-0.0189518006428641 0.0128290046736926 -0.263635437493285 0.524301378115068
0.00234650843227124 -0.0109615193940317 -0.253614162718769 0.386885930909354
-0.00617025431547464 -0.00257554396753255 0.370061927720492 -0.0986810777850217
-0.00956061054539915 -0.00244904728593813 0.404591647051317 -0.440015692387952
0.00191839952444224 -0.0131311284061512 0.497473750863609 -0.385829529471128
-0.00863719184414995 0.00389832966416082 0.607012926063564 -0.585116153865261
-0.00110825328700902 0.00179325879451626 0.404913515134684 -0.631842683258034
0.00076289869481757 0.00778571973042341 0.195507827840942 -0.439300905182254
0.00566490820879272 -0.0118649137912281 0.0764641277393006 -0.188636446819551
0.0236346596337358 -0.0107298200540165 -0.0308285416206877 0.0324240283271283
0.0128683698224787 0.0146547075832321 -0.129302081985903 0.220748551793427
0.000343435842481091 0.00667866796808882 -0.172811203546721 0.445153388211449
0.0103567703469376 0.00577297516975154 -0.199598852803207 0.610010524745636
0.0122827029205677 0.0205478597303579 -0.242493679689692 0.742009323790217
-8.6635249223521E-05 0.0127580210845891 -0.303732829739465 0.695825973906084
-0.00342386498869307 0.0172220813806865 -0.270374171413384 0.524768139601609
0.0039345311872245 0.0264555525099418 -0.258814789596449 0.382208192604066
-0.0250170496332391 0.0340719267589371 0.367616360283625 -0.120371767483727
0.00279915344650261 0.0149248000759641 0.389039181781176 -0.445764688077717
0.00317549691283987 -0.0258858280737253 0.484515447494472 -0.415206312931859
-0.0271829473414976 0.00650781215499681 0.569681630945759 -0.611856619709347
0.000718511849563555 0.0166100699983259 0.373517272560701 -0.640243469752715
0.0125499453543573 0.00960063201078548 0.181042624884537 -0.443839240114411
0.0146629619980447 -0.0236264336226641 0.0763059535646952 -0.194525942296654
0.0302986671732604 -0.0272115245382696 -0.0290369831374931 0.0268427121713739
0.0209735772551053 -0.000404336845044765 -0.127719251166957 0.214189544822413
0.0130155202233924 0.00361485792391104 -0.183070750415904 0.437626083109056
0.0199226554580277 0.018235383741779 -0.227784278745204 0.607024598593052
-0.000669481709113226 0.0373181382765648 -0.280894089593618 0.732880290867854
-0.0141909306777945 0.002357420037884 -0.333465912554637 0.678927682892136
0.0105922747349353 0.0196781366695026 -0.28321497312032 0.517020065044007
0.00291180296901096 0.0613953365148645 -0.269934367918423 0.369913540007096
-0.0342428241519513 0.0613156847981699 0.360776692349993 -0.158291932163978
0.0151711971212872 0.0234799071698578 0.361147339086932 -0.446425875723568
2.45825265588386E-05 -0.0367327377704529 0.465782609790724 -0.458301674465178
-0.041456094591222 0.0134030465379718 0.507322696899954 -0.654598819147435
0.00359624817752096 0.0297458009819279 0.323558255779069 -0.649969566080141
0.0230844674297884 0.00941432595061924 0.167664140786037 -0.448808482245118
0.0212239439192877 -0.0339012264961065 0.0775163142117735 -0.206607724844659
0.0365814831280332 -0.0410400479913964 -0.024098972171508 0.015845783318392
0.0280247395678274 -0.0123535943924579 -0.127563830279661 0.199938160476895
0.0232404840369748 0.00193299916343131 -0.196349958097659 0.423285419179731
0.0257060038036715 0.030193660353232 -0.267527019015646 0.602835677916887
-0.0155665311342118 0.0488600382511682 -0.34801590828086 0.723790057171721
-0.0250322677893789 -0.00880111079454572 -0.383591341056308 0.648676633362465
0.0218126558185895 0.0237374382429295 -0.303373272455394 0.506243260569796
-0.00214645008922096 0.089038325773302 -0.2878099429714 0.351253018669717
-0.033208184440606 0.0772496008861225 0.343935617185784 -0.202035179746523
0.0252866993892716 0.0223017128730825 0.336094728608962 -0.443105674652746
-0.008188382119784 -0.0431188044087977 0.441064496591127 -0.51129434324906
-0.0487432427127777 0.0216673604054391 0.42585299096971 -0.697920062477058
0.00958066605474033 0.0368291126057658 0.265768979963636 -0.654230386015051
0.028696772160199 0.00762513982600087 0.150709299433715 -0.454658294668484
0.0246116104915565 -0.0412935845645384 0.0799321852223206 -0.222290481749881
0.0383739251516756 -0.0483294146049633 -0.0178863065106159 0.0016379459177254
0.0306934287157232 -0.0182033286286739 -0.124482606230396 0.180833198850605
0.0306770175488073 0.00230191675242372 -0.211194583379954 0.405502854179976
0.0269628813370184 0.0399836594688373 -0.313624517542479 0.591496766534363
-0.0285877305427364 0.0522631136898412 -0.423987369364552 0.704227387475839
-0.0288332296583313 -0.0202455021819586 -0.43954848145161 0.603761272510359
0.0298289374856276 0.0317777096356242 -0.322939904889993 0.49209404714012
-0.0113243794720216 0.104546545218243 -0.305733292002714 0.330139763351382
-0.0245319003150103 0.0759824027089796 0.323863712864649 -0.242561464717671
0.0268020510174148 0.0141236356086212 0.314431641278001 -0.438432772475385
-0.0180080541368751 -0.0432696149603356 0.406947627003918 -0.566296635063476
-0.0477260297068002 0.0304395787900342 0.333631800680267 -0.726519292363035
0.0145102083564368 0.0389489272632003 0.214382496654231 -0.651816392486151
0.0276633868283963 0.00518081709978444 0.138866582228738 -0.46489025894898
0.0235200820054541 -0.0437325170766208 0.0820985016673437 -0.239026379066027
0.0387637831117265 -0.0488678070276402 -0.0111020690289522 -0.014513692685857
0.0305706234910344 -0.0163040534020399 -0.120866983663176 0.159457155819008
0.0321437301304166 0.00689389933689782 -0.224478111769136 0.386632134279236
0.0224721430098853 0.0457860723520485 -0.361786996297466 0.581920223488376
-0.0366651220771045 0.0476207111925424 -0.505857011274805 0.675278573512354
-0.0233149829126062 -0.0262813535634345 -0.490663783208576 0.548815641954823
0.0318491780280985 0.0408385827650898 -0.338220667062981 0.480274743708643
-0.0235587462153294 0.107516968448717 -0.325054571805664 0.306356474897816
-0.015463376314797 0.058067416748966 0.304835963796869 -0.27207802081767
0.0219870445694234 0.00449665744481944 0.303450736100058 -0.435429141406479
-0.0231639560141196 -0.0373388890326212 0.367851974753967 -0.611951079081592
-0.0388867903087739 0.0322573933644226 0.258624650562499 -0.742115721302077
0.0165221330661377 0.0337652524599411 0.170291860705575 -0.646673293438468
0.0229879812599975 0.00242627220787162 0.129150158612466 -0.473932100971961
0.0194145383642983 -0.0408572326679215 0.0834534988394525 -0.255182651498764
0.034510419604692 -0.0420627647500946 -0.00649725703863594 -0.0305021767813396
0.0267760176993364 -0.0110302802507617 -0.117598372879219 0.140435655123257
0.0273719961313155 0.0100796073928276 -0.23578864681599 0.369042065710035
0.0137317237565728 0.044077391822567 -0.401917920787866 0.570392156272635
-0.0364483695770285 0.037129106747648 -0.578039642540204 0.641195538113831
-0.0122242312596117 -0.0242275090119455 -0.527354695382084 0.498429498351105
0.0233821010475394 0.0469881799979622 -0.351072046116242 0.476477361207688
-0.0309939569517752 0.0904064589964485 -0.341488461125092 0.281039965064704
0.0284699557378458 -0.0761497707442967 0.3603944807275 -0.120262408247693
-0.0328125657463964 -0.0321773104371496 0.38253236583982 -0.429542205318835
0.00189813610482737 0.00923441305968495 0.497776245865081 -0.401681469479044
0.0255352834045256 -0.00379050064560953 0.577290672332979 -0.601643796829535
-0.00543064982484608 -0.0247556240267643 0.380825471021108 -0.622845268248589
-0.0252168658256785 0.00742999994260324 0.188891790020425 -0.436423284040989
-0.0143556708563873 0.0116511275578555 0.0793795418940378 -0.192919805909947
0.00729241809626411 0.0230713771984808 -0.0292657967149619 0.0233661102703283
-0.00386708770062417 0.0447822222559893 -0.122752541877982 0.212820863899032
-0.027177762834728 0.0150948081004162 -0.15752435436702 0.434922555890631
-0.0085043712814208 -0.0170116439059113 -0.17829268549856 0.606750822489627
0.0371565419869041 -0.0131904731165997 -0.233819461079345 0.745852358186425
0.0258376641511927 0.0326599326137074 -0.298087608792062 0.687095260248094
-0.0337174530668265 0.00901470435099971 -0.247886582116962 0.522689338955112
0.00192308397372571 -0.0490049163574394 -0.247014689583048 0.388277765228908
0.014394972315107 -0.0407935873098833 0.365042044789845 -0.101558315368924
-0.0220777357771497 -0.0196835373396746 0.393107627048231 -0.437876436247491
0.000973546237285477 -0.00266059896544357 0.493760222451851 -0.38784420324606
0.00922528552645535 0.00144551846002351 0.598281964649934 -0.584977053261134
-0.00236327333702429 -0.0127018230333342 0.395770656308476 -0.625439381941896
-0.0131491146005628 0.0069086305132562 0.190039197215095 -0.434205031861593
-0.00570239526057264 -5.1746855052541E-05 0.075365996186032 -0.186957097292216
0.0152354536951013 0.00684379541457032 -0.0312270863534607 0.0317810920830945
0.00474844456984539 0.0305598731083201 -0.122874514121511 0.220253202381216
-0.0140260942262311 0.0118322434796664 -0.157247845949204 0.442491410296372
-0.000722868086130661 -0.00537692094334493 -0.174061287095568 0.606945945645845
0.0257276815950535 0.00013572610919522 -0.2150723541103 0.742877637128705
0.0148657816712365 0.0228272636910944 -0.280614430570105 0.698775991033523
-0.0180679738271383 0.0138819545493798 -0.24986282412824 0.524843723963484
0.00266366315797184 -0.0113067836204765 -0.243255668886749 0.388017645759149
-0.00548110801585619 -0.00247593177730313 0.365665571368094 -0.104912504123574
-0.00974302516563176 -0.00214119581814078 0.393391827046797 -0.446121255797852
0.00191113049338058 -0.013612494116044 0.484807160324095 -0.395398397291757
-0.00929549869411154 0.00427455205160749 0.590090912961869 -0.592836387883269
-0.000721234885941241 0.001926274747909 0.388830306359891 -0.633971286617431
-0.000216444394762331 0.00829387920886255 0.182807153749217 -0.43883723707091
0.00472631575408737 -0.0119396471851185 0.0734413528312953 -0.188500716550803
0.0232326611224703 -0.012197075334943 -0.0295905050205158 0.0337222817924724
0.0133145456611883 0.0133472818227924 -0.122702542682477 0.221055602332531
-0.000832412044239823 0.00777800555914145 -0.162584347804711 0.442578960682587
0.0113794508156707 0.00631089209890694 -0.186875960710062 0.606012766738572
0.0133350405368803 0.0186271399930854 -0.225856398997134 0.738253288145807
-0.000113293462706874 0.012786120491637 -0.285971945115613 0.694584157146981
-0.00280085336517077 0.0169712618396618 -0.257170392600287 0.525528233864431
0.00546797723826418 0.0262357934830577 -0.250092179797376 0.38380458255342
-0.0241278855572435 0.0341232261704969 0.363895846677199 -0.126875499834629
0.0018800547368165 0.0138338228564117 0.377199656893099 -0.448410083106335
0.00215005026062273 -0.0249408307822725 0.472275888565868 -0.419186738154528
-0.0263732044372748 0.00707116084362152 0.552432415746785 -0.618014756192955
0.000536986228276729 0.0170161354944192 0.356374268807916 -0.643508215621262
0.0128135183636019 0.00927315933960196 0.170790727118334 -0.441539038318636
0.0145931266839509 -0.0232638009087587 0.0724836686506068 -0.193967330628261
0.0297069421358984 -0.0281016458567048 -0.0264940919128737 0.0274684032529479
0.021510558208328 -0.000529001504168586 -0.122751472353135 0.213592604077352
0.0119327769196209 0.00372486096500101 -0.172276388180633 0.436760341787725
0.0203504705973571 0.0191042021868507 -0.213100811830442 0.602903554902986
-0.00021072668520995 0.0371761498931378 -0.265402068342025 0.732207017961962
-0.0151060196652767 0.00318496188830116 -0.31561482822088 0.678751212444485
0.0107327429485851 0.0198650598991507 -0.272132073971221 0.517953543680551
0.00528746650593875 0.0595493603635501 -0.261529057003852 0.37204725145136
-0.0338077174726928 0.0617231888092515 0.354596568301657 -0.164418501645247
0.0152649118081768 0.0234266054070747 0.350868433764602 -0.449894569147226
-0.00130065712626235 -0.0360358148352732 0.455264414505898 -0.462300278359944
-0.0402849124292123 0.0140431145703248 0.487820356736412 -0.65992734080145
0.00368721725896266 0.0287553820125183 0.30706441709677 -0.650761769107479
0.0223497104712401 0.00983658002261266 0.155243897858059 -0.448456401249859
0.0208236905189586 -0.0342843773203747 0.0729307473494845 -0.205273438367928
0.0352460554148893 -0.0422127903185835 -0.0222904571630238 0.016346488263069
0.0275722137037879 -0.0135194596359389 -0.121886784216762 0.199874253357293
0.0232973279899127 0.00129132765669165 -0.187893301149951 0.421942603075926
0.0277629995428213 0.0299053750680226 -0.254104402007457 0.60042886134263
-0.0144462826774731 0.048370936291747 -0.328806644945243 0.722145079616993
-0.0257940110867469 -0.00824255360445663 -0.36707777753352 0.65101256850974
0.0227048852822017 0.0249899263045502 -0.290127971644535 0.507626218865539
0.000502179307473705 0.087054824594964 -0.279403640438698 0.353544838262057
-0.0322192111086166 0.0774542553100654 0.339763549917503 -0.208607149253884
0.0249188456004429 0.021464877969464 0.324825610092469 -0.447674854337741
-0.00817393412363011 -0.0427403119583134 0.427986717090179 -0.515543616570227
-0.0476325884374402 0.0230216887568539 0.406634613210293 -0.700682914616551
0.00996434155848097 0.036990605288048 0.250240664258451 -0.652635381502759
0.02863047029425 0.00747254067504159 0.141500737248516 -0.454843336800661
0.0241543685235962 -0.0419888269596464 0.0740867017373323 -0.221272504198588
0.0374757324321085 -0.0500599044077561 -0.0175393965690596 0.0016054061079044
0.0307242408302526 -0.0187886954244061 -0.119947483224907 0.182496834145574
0.0304289604231938 0.00323769812885619 -0.203577500536796 0.406252995608764
0.0274575528279496 0.0390258407585417 -0.299962192952982 0.592628689785585
-0.0273583910364747 0.0520296950274698 -0.406148726948361 0.706742210585106
-0.0282120484201828 -0.0193612705629851 -0.423893535201201 0.607059805384937
0.031419432903404 0.0319332502798378 -0.30935736096264 0.492683038681347
-0.00943908696258769 0.104395978528629 -0.298036539035705 0.333165522721442
-0.0226042295656906 0.0758719513199227 0.317427242704967 -0.246394492545742
0.0273847127896924 0.0135479988934934 0.305756320063466 -0.441629551124027
-0.0174404358676051 -0.0424129579874215 0.39161520702021 -0.569954351333374
-0.0462030789269551 0.0312037375559854 0.316183496990312 -0.727878753474729
0.0152280171614176 0.0374029773176035 0.197691330569873 -0.648467041563218
0.0282011027069597 0.00363671937094052 0.128545110257183 -0.462036091542216
0.0236256516535548 -0.0448018652063013 0.0759870026909792 -0.23791312861649
0.0372663347467236 -0.0501739770115439 -0.0117258392659918 -0.0145309750720817
0.0314035576097714 -0.0179045956687405 -0.117168475753821 0.159947354386567
0.0324456199243136 0.00579743340801587 -0.215910794577955 0.385864036088332
0.0217083508546553 0.0443688504261245 -0.345820570409375 0.583158778793908
-0.0355633124851237 0.0470928069540695 -0.488923867544301 0.678420296054531
-0.0227554218095016 -0.0259305411862111 -0.475965855866702 0.555190656210496
0.0330180137507372 0.0408632150334381 -0.325797344216511 0.482290277381834
-0.022503903258263 0.104970069255811 -0.316024160536515 0.30963426330835
-0.0144983747643798 0.0591045757701139 0.296723352864032 -0.276878461873221
0.0222658732883227 0.00319818394861518 0.291582177179706 -0.436880716526602
-0.023414564140603 -0.0367217719462689 0.351784453397848 -0.616048354665911
-0.0384546577815156 0.0319530047143373 0.239983582444524 -0.737971834996788
0.0170957516741091 0.0325724612601734 0.156612821881054 -0.642469887099369
0.0233239838872625 0.00200706801422899 0.11790756028282 -0.471309868648566
0.0164733225482271 -0.0406813525116601 0.0776063952625377 -0.253290331641347
0.0337285139266657 -0.044333586444384 -0.00694153447075343 -0.0302673978959017
0.0279516528486482 -0.0117984146395016 -0.112106483962396 0.142143928376236
0.0285229315214766 0.0100297666579455 -0.2266728670416 0.368763692370222
0.0149420645791532 0.0438169205801565 -0.389843505014963 0.575476776317979
-0.0356937019445147 0.0371340332242791 -0.56112752580584 0.644659696712797
-0.0128891626059262 -0.0234665116792745 -0.510919265072661 0.504310388748209
0.0259088978395957 0.0459680664631424 -0.339395948943667 0.479407843712441
-0.0280753229817717 0.0900618354347145 -0.332767539659019 0.28576869892334
0.0270663210751853 -0.0757520248111356 0.357160450375721 -0.125260389529085
-0.0332475198189133 -0.031472631884898 0.371023642062772 -0.431258761324625
0.00217680888806926 0.00922249215589186 0.483176647772045 -0.406217749933107
0.0260898784355211 -0.00435832082965465 0.56040176805714 -0.603104129966084
-0.00591766940447162 -0.0242904105900038 0.364203318889276 -0.622414132592362
-0.0250734118102417 0.00785484106643977 0.178844775732999 -0.434592686911566
-0.0142840094781185 0.0122775341840201 0.0743514072310627 -0.19293766187005
0.00777999814328379 0.0228833827716741 -0.0281840104873392 0.0243737767316777
-0.00244864857123367 0.0445811802998162 -0.118236869266688 0.211964345421744
-0.0256314390113123 0.016818718391748 -0.149956122927561 0.431167410101706
-0.00906198204978655 -0.0169975183248888 -0.165745346556939 0.604161977870198
0.0373897597649413 -0.015037207817136 -0.218576531027526 0.74138383755899
0.026293094944673 0.0317648034568371 -0.282013403094526 0.684478112727967
-0.0330600693171978 0.00918966404905303 -0.236398290266321 0.518247317668069
0.00101383926605624 -0.0494388649696606 -0.238135417376169 0.388264764077186
0.0138317273711338 -0.0396889905004043 0.360647196162163 -0.107080789534571
-0.0214747905359489 -0.0195305229020831 0.383101784507828 -0.441097452959952
3.24909752143368E-05 -0.00297740697979156 0.481247582940146 -0.391643631694904
0.00979653940775956 0.000985008661540922 0.580735417672959 -0.589386688290133
-0.00273640246571293 -0.0118485613741644 0.379879141374321 -0.624511217464447
-0.0123171355365143 0.00772736434113211 0.179877377274644 -0.432454449614025
-0.00556670640120734 0.0004593526279955 0.0710610601646683 -0.185497777288633
0.0138526979681439 0.0065469390410654 -0.0297005618320989 0.0317952567585164
0.00633071540200669 0.0314477452112359 -0.117285614492024 0.219974128439038
-0.0135935121351822 0.0124134604768716 -0.148971580425762 0.439669346335019
-0.000664459255414859 -0.00608789291132759 -0.161989661434575 0.603266066116377
0.0251587705628902 6.37499796473893E-05 -0.200198744726831 0.736715010542632
0.0159542423146849 0.02168293137817 -0.263502560625967 0.694640412843563
-0.0170745950167711 0.0148595274618018 -0.239516113672857 0.522661346048147
0.00255903590949788 -0.0124198756744312 -0.235145168654884 0.388158522472944
-0.00599443353042976 -0.00187268388893673 0.361384355353519 -0.109474717170161
-0.0100175160047226 -0.00294268376018271 0.381289389458123 -0.447344558901244
0.000306165751173084 -0.0139388607806776 0.471288478847737 -0.399197340549746
-0.00862117908861212 0.00420068468175279 0.571911198820007 -0.594441252146508
-0.00129961138834506 0.00203939510310834 0.372692477045982 -0.632236285573663
0.000519310235310584 0.00806983402666528 0.173068084080111 -0.4358030198762
0.00477272100099464 -0.0110281278253566 0.0702628612455471 -0.186398928039308
0.0213939259273017 -0.0118462392797504 -0.0284168147323409 0.0331330187886033
0.0144057707574789 0.0140836299868647 -0.117744703030531 0.220601807590208
0.000575644629517681 0.0075308499837878 -0.15148590993701 0.440395345342196
0.00981522565918214 0.0064524739038183 -0.172742955679434 0.603400226642118
0.0134127330546265 0.0190021368804259 -0.20993650971611 0.733062758006678
3.20212888539834E-05 0.0121739113896257 -0.270115621005051 0.6918575593615
-0.00346663439043286 0.0170057458891917 -0.245930611525919 0.525011088677168
0.00479051496312047 0.0253956429812908 -0.240595295307441 0.384345997769243
-0.023883001285937 0.0348740581985182 0.357426554924643 -0.130473054387454
0.00307870510668716 0.0135621597685244 0.367678103173124 -0.450569460218591
0.000985277626939062 -0.0252228251633741 0.459218491430538 -0.423966270150002
-0.0254018752354248 0.00775518508686811 0.533515901362218 -0.620837710748845
0.000529610896142247 0.0162485794298583 0.339343874072603 -0.640140858399708
0.0123706787870476 0.00951425991324495 0.161557924151524 -0.438833985814742
0.0134105417576856 -0.0240936425260833 0.0693666783322724 -0.192512856202837
0.0282814675588264 -0.0293248739303476 -0.02612248068856 0.0272390485717938
0.0217689727912559 -0.0012972183035357 -0.116458683332452 0.213601920670602
0.012358095017943 0.00430503209686038 -0.163572155099627 0.434793878070024
0.0201709459284476 0.0180911574608409 -0.201248654767109 0.60121330470894
0.000563408197476618 0.0357818941792478 -0.248569289434965 0.729049160562889
-0.0135024353732964 0.00227654619885299 -0.300723959238768 0.677075627096481
0.0110098198033558 0.019461515226254 -0.261220358141297 0.517431115039224
0.00585052126031154 0.0593270503160972 -0.254786388409429 0.371490771034295
-0.0322193042451558 0.063231203067308 0.347511568079019 -0.167393618039228
0.0154367047924453 0.0226179733070523 0.33970059255169 -0.450913641582407
-0.00201875042500075 -0.0358535337511309 0.440940473231626 -0.465766926078204
-0.0395848855887015 0.0143347563324737 0.470322576430468 -0.659655221732634
0.0048800960438 0.0283969560391735 0.292698509492122 -0.647492828219326
0.0233692260141447 0.00783504935000839 0.148888260111711 -0.444112920081799
0.0205514475978272 -0.0343720714634608 0.069846092551264 -0.203255865307801
0.0327795138110635 -0.0425783395847981 -0.0221878811571882 0.0160983211932458
0.0277203878153252 -0.0127413383822871 -0.117795046547734 0.199676389534272
0.0225424274079795 0.00145192605794215 -0.178534855594578 0.420853284089236
0.0269817716162732 0.0299337121387235 -0.241664954579643 0.596829084039114
-0.0125425498028273 0.048831452506513 -0.310385436687277 0.71921831134029
-0.0252519343483485 -0.00774877823076314 -0.351946871676118 0.649031008787597
0.0235155270151181 0.0227206283015832 -0.279829484757382 0.507554278404234
0.0010420260519478 0.0862167020205132 -0.270451271623657 0.354137897841879
-0.0293286275605876 0.0770968974384603 0.332621051036078 -0.211542635957141
0.0253938539375066 0.0210708597759802 0.31475953831384 -0.447372298246036
-0.0101133496537153 -0.0416409612542714 0.41425404781793 -0.517678871159484
-0.0461362956723894 0.0235376010180457 0.389050954200161 -0.69757751586426
0.0103938633642222 0.0362746405204502 0.23588523146025 -0.647086384080932
0.0283550717170796 0.00614659679808532 0.131267331733024 -0.451561146737472
0.0223433363075329 -0.041976052374893 0.0719681050478532 -0.219606178962815
0.0350539591496275 -0.0500100019598753 -0.0170776256982106 0.00208293288454648
0.030917957582588 -0.0189713930424037 -0.11589955165953 0.181251160450791
0.0298365234327219 0.00263601865730349 -0.192459081088897 0.404836791778222
0.0279592221237826 0.0379460507255615 -0.287148427049606 0.588889447464309
-0.0259138111494794 0.0518273904885931 -0.389537161580359 0.705770319311975
-0.0279610689054459 -0.0186279910172448 -0.409331398322281 0.607754002226825
0.0317695540732647 0.0304076514981966 -0.29820090436404 0.492052091769736
-0.00712565958591652 0.103006648781861 -0.289581844158144 0.334369274473252
-0.0223387578524909 0.0761160081625594 0.311104176887146 -0.249049668720901
0.0280293428062356 0.0121463200237033 0.293953803556197 -0.442065167908163
-0.0187915717139716 -0.0423731938569561 0.377164218813495 -0.569414895629288
-0.0450862026128438 0.0311170808756278 0.300897922918881 -0.72228441886869
0.015958804335695 0.0369850537856794 0.184540563135667 -0.643696830921947
0.0290476343186498 0.00401853912431826 0.118749798601864 -0.458670581629206
0.0205818176727587 -0.0442297951387759 0.0730766937336255 -0.236848286536541
0.0348189033436597 -0.0513464112958744 -0.0110211124988387 -0.0148116223612412
0.0311420966702709 -0.0181892916844922 -0.114098794303983 0.160686633856013
0.0319005139677475 0.00603535888398326 -0.207460347814374 0.38539431462905
0.023511301915173 0.0439268564584889 -0.333234926410746 0.58103923046197
-0.0336296007705632 0.0471920379500306 -0.471249579335233 0.679327907357105
-0.0235015756612338 -0.0251452200851839 -0.460080946116347 0.557032124897054
0.0331793911290672 0.0399692846663206 -0.315416591289953 0.481992330325189
-0.0189207720528876 0.104729180025652 -0.308144011596614 0.311654934536227
-0.0132658132761778 0.0586510880994166 0.28992828120861 -0.278372365064432
0.0214780824593211 0.00284018466037662 0.283579859502662 -0.437725770670155
-0.0236066219058716 -0.0359321319688685 0.336661647421844 -0.614428871055041
-0.0363497355057237 0.0327998958950905 0.22517847329564 -0.732227278046699
0.0182589637641253 0.0326369319066053 0.142833528935243 -0.636993514330489
0.0232984805619541 0.0013813112790942 0.108379591245871 -0.466116180688436
0.0159076234389747 -0.0410420809916277 0.0723216789459876 -0.251081818428206
0.0318995477031878 -0.0450145689505657 -0.0077641876476905 -0.0312595200148761
0.0280520066295667 -0.0124891621699641 -0.110300757950412 0.14100542473556
0.028495617033042 0.00957109167036013 -0.216578915097583 0.3687027657876
0.0158295939589048 0.0438734515907349 -0.3738632861219 0.572664782333789
-0.0337488410911167 0.0370511393472049 -0.543044538883231 0.650049724962968
-0.013815413769131 -0.0228560950941963 -0.496593813534385 0.506113970289707
0.0266765777271658 0.0455692862873741 -0.327154123849636 0.480363129861885
-0.026656985501164 0.0881726420406456 -0.325956670952148 0.288587643110396
0.0251883035286032 -0.0744896328648132 0.349483087090271 -0.127417971590172
-0.033006511646951 -0.0306931402224936 0.359378555456694 -0.432680682826815
0.00177598452022968 0.00915131169621505 0.469723509743172 -0.408047489210288
0.0254521479001792 -0.00446475805897289 0.543365935345625 -0.605041219645884
-0.00664894318669232 -0.0243162648072169 0.349921135577047 -0.619522982398205
-0.0241657538125672 0.00835001414585959 0.17089096200584 -0.430936234511404
-0.0145078812855098 0.0116630839964953 0.0711900022143755 -0.190346177952814
0.00762858865880397 0.022507160799095 -0.026501148356052 0.0235702333760887
-0.00115011660643931 0.0443407357915979 -0.11263415761343 0.210652179589111
-0.0252605951519487 0.0162537971837542 -0.141095619999253 0.429264389204121
-0.00993740693108661 -0.0160507750503973 -0.156489687051074 0.597230520463563
0.037405407466866 -0.0146008631586096 -0.206376397196803 0.735032494173783
0.0257248939881334 0.0311087745442409 -0.267318306312729 0.680917661529289
-0.0318198594167319 0.00873535815156719 -0.226697814930157 0.514293319217656
0.000519880679549788 -0.0498958880384006 -0.229357249599058 0.385715298186516
0.012679354180114 -0.0394489393369896 0.354387692268814 -0.110128935968893
-0.0207906277310627 -0.0199443494369181 0.372054402078817 -0.439687560004124
-0.000482133598706389 -0.0023756813112182 0.467207163744884 -0.393069625298296
0.0106921376131698 -0.000150561835804767 0.565458248625942 -0.590993043309618
-0.00292908438092433 -0.0127396872568784 0.366007267247593 -0.622942892772099
-0.0131486070870075 0.00795834470733659 0.169498781738505 -0.428797096632124
-0.00531315137901967 0.00065646097024626 0.0675378704175328 -0.183864318976847
0.0144323735960819 0.00547009746431549 -0.0283375852765288 0.0317318974053206
0.00662675448188849 0.0293494243033369 -0.112930705812769 0.217889853333642
-0.0136299833902399 0.0131979405088738 -0.139902750504167 0.434388286438129
-0.000798813447324479 -0.00571005810514685 -0.152415890517579 0.597162545415156
0.024912115631927 -0.000227948889118765 -0.188104590171733 0.730868808419199
0.0149448397169004 0.021646373641733 -0.250460725977428 0.689568277269715
-0.0165558715055588 0.0140182016414765 -0.228650153752633 0.518496199010564
0.00274749036225602 -0.0122826970320241 -0.226547511867801 0.386378413099748
-0.00672853406381353 -0.00106175762857255 0.35590636171841 -0.112252828034651
-0.00964785903626004 -0.0023822183277697 0.370920890881727 -0.448313679893043
0.000780027895432785 -0.0135986303309607 0.459668245234686 -0.401773181466782
-0.00792195613290149 0.00418371095167129 0.555780810188361 -0.595948271488447
-0.00210389723983699 0.0022254563733905 0.359883195648583 -0.629655654875921
0.00062750212752906 0.00771196204299187 0.164292466108456 -0.432700940183259
0.00365194871823533 -0.0122561119909229 0.0670439591231535 -0.184246463597522
0.021247850277253 -0.0128735822971348 -0.0269235690218508 0.0320292625818765
0.0146378511057817 0.0132949236548341 -0.113004610995534 0.219182775185511
0.000165840654552097 0.00765996439853735 -0.144884520241671 0.43587723376408
0.0107334769771194 0.00483390900599244 -0.164669063811068 0.59639545875383
0.0138435784030256 0.0179469002363991 -0.197522594999789 0.725413893538132
0.001290671072084 0.0124272958675545 -0.256958351482064 0.687869293607566
-0.00194918432494705 0.0164733237180878 -0.236701009462398 0.518429227107425
0.00557118433235243 0.0244660136382961 -0.232169577870453 0.38210781060869
-0.0230006624054519 0.0347215153880806 0.35150812159379 -0.13384405784118
0.00227628773777893 0.0143073000753256 0.356909160575879 -0.451972190943104
0.000427092324930562 -0.024990334142273 0.44542612021864 -0.425036664207178
-0.0244614799508768 0.00774343868545599 0.517753031208004 -0.619892256468959
0.000879629959009757 0.0161208365711396 0.326841426876109 -0.635524889566853
0.0133567623911593 0.00880615638463787 0.151511729885113 -0.434643420395802
0.0122204247688456 -0.0236009118316587 0.0655765877890697 -0.190494388786585
0.0270652389652025 -0.0303012283412022 -0.0254640527143264 0.0270590965326026
0.0212234035553341 -0.00117806884092357 -0.112241588408543 0.211322748659341
0.0120872720068654 0.00413550443902579 -0.154488705354458 0.431075339507403
0.0197466044914468 0.0169000098654357 -0.191631784935896 0.596250679861798
0.00105575234260736 0.0348063216697828 -0.2355219058136 0.722363102686685
-0.0144834058402028 0.00299132927323915 -0.287617416326969 0.673185733522427
0.0115339775343171 0.0195270550828506 -0.251187835051763 0.513295344388089
0.00643583936509363 0.05733910704845 -0.24383799243077 0.370531189011554
-0.0312645545288009 0.0616591785526185 0.342482812784694 -0.170753495433926
0.0160311138389525 0.0219864643416977 0.33048555758079 -0.450590050774374
-0.00293174770752294 -0.0346115660302558 0.428118414978412 -0.466514425734713
-0.0387828126887563 0.0145896001177367 0.455649802537868 -0.656631872209253
0.00487531496483418 0.028105504691636 0.279006284011596 -0.641874943342034
0.0229616665220949 0.00776147077184364 0.138056285850406 -0.441612053783555
0.0188224798050197 -0.0334802735919225 0.0656420205907109 -0.201246933382223
0.0314501211509539 -0.0435085219988375 -0.0214158587035117 0.0154816237739365
0.0282672995291017 -0.0141561858214947 -0.11229670168656 0.198219942097429
0.0231133524137926 0.00100088927116937 -0.169952992086343 0.417262648181773
0.0267805170690997 0.0277136872430099 -0.228895335814032 0.59336828703374
-0.0117320840862414 0.0474584031618742 -0.297906030955558 0.715118863951693
-0.0256785559989336 -0.00789154930318578 -0.338656379277731 0.645926023084079
0.0229106777349158 0.0231435774455837 -0.268831172009875 0.503567238361884
0.00267173524482629 0.0842590240302397 -0.261432488954677 0.353406670761353
-0.0284017284554027 0.0776673589762648 0.325365473408093 -0.213304250732523
0.0247134070836466 0.0210661329601477 0.304096429602771 -0.448152069171364
-0.0104671179831013 -0.0409743218420386 0.399975544887985 -0.516639618232538
-0.0460148462944851 0.0238319109026359 0.372357904980342 -0.6954200135355
0.0104602852975193 0.0353739021282459 0.222854823715896 -0.643264468586513
0.0285628498774699 0.00625372609205359 0.122215939698065 -0.446799654534635
0.0212739435088469 -0.0420429634024699 0.0674008078771244 -0.217057466249024
0.0330131196481938 -0.0521402884571594 -0.0170531726144001 0.0021910440702085
0.0306500227568788 -0.0196191392147181 -0.111720730083591 0.180094541208501
0.0298849229178303 0.00198670802259934 -0.184592299093847 0.399605376678729
0.0273686437343896 0.0383954603948307 -0.275003511338503 0.58658790290845
-0.0247461501268689 0.0516325291718912 -0.372873390662843 0.700588078937258
-0.0290152453482038 -0.0182682273236307 -0.394388830534209 0.604046527133423
0.0314922951626793 0.030040144632456 -0.289980882227331 0.491604027907089
-0.00544175736752589 0.101722540870333 -0.281466568194352 0.332596278862403
-0.0211977831471361 0.0759478227747478 0.303349266049346 -0.250299131919171
0.0276321901063372 0.0124556672539646 0.285687850591672 -0.441769913884306
-0.0197163400893162 -0.0412807148345836 0.364503558799066 -0.568203942358988
-0.0439852975873044 0.0318596214172283 0.285785606742308 -0.718443768147897
0.0155537133192267 0.0366705940816578 0.171267247157899 -0.637974067280174
0.0285353662397969 0.00358323770457751 0.109018552648891 -0.453697619458856
0.0209348159221259 -0.0436028965375023 0.0679497628574165 -0.23294870760548
0.0334666439980368 -0.0521508859643374 -0.0119950106881327 -0.0151256119018637
0.0303664441232561 -0.0190908548925456 -0.109417004196747 0.159715769450702
0.0324058189114358 0.00544033184991698 -0.199434653462336 0.382853424468544
0.0239794215279907 0.0423485250314851 -0.320179734623796 0.577894638116801
-0.0322347638274175 0.0469805597891375 -0.454208718508193 0.674753342389899
-0.0240928185822042 -0.0248449984676104 -0.444918641694653 0.554493084210009
0.0333282593308551 0.0381816433123879 -0.304410593430796 0.481311772803811
-0.01685963842618 0.102822637276311 -0.300432138602011 0.309660324636638
-0.0124452050719008 0.0582723677847636 0.282883288478805 -0.278571162967998
0.0216178245532463 0.0017966806129105 0.275167376626328 -0.437141264497676
-0.024964475730716 -0.0348704285931064 0.323064395683014 -0.610515541792187
-0.0354460892741959 0.0330894134280751 0.209784002566114 -0.726360607617257
0.018538608959594 0.0316162071135805 0.131852238844924 -0.629336286042503
0.0231272352399602 0.00153656240658238 0.0989107965305475 -0.461164191402571
0.0158947165347976 -0.0414555679415143 0.0679255743215129 -0.249020458797229
0.0299767594067468 -0.0452738925086726 -0.00786927003981901 -0.0299548592753203
0.0277396827732433 -0.0129339231346218 -0.106180706292238 0.140141176856113
0.0270165279893631 0.00996100033892788 -0.210171331401988 0.367083131972352
0.0162366015811844 0.042202168461787 -0.360971697995716 0.56899095036419
-0.032265324962703 0.0367530968239328 -0.525220475640999 0.647928896276474
-0.0130585465533344 -0.0226601772709069 -0.481197235750013 0.506035945617695
0.0273169639697853 0.0445488720045746 -0.316911893229015 0.477576703380298
-0.0251075869418951 0.0868372116688972 -0.316960772606868 0.289182001367744
0.0242043940262909 -0.0735101210625537 0.345124260275447 -0.129545162276106
-0.0328389421783146 -0.0295134604857076 0.352895278884112 -0.430011076781351
0.000657649781489605 0.00819420658809366 0.459932291196188 -0.407352324926322
0.0256114040673992 -0.00473711582560461 0.530091272690478 -0.602650684599674
-0.00644648877411175 -0.0241179998447571 0.338450485175435 -0.612794091189665
-0.0243814965809029 0.00914850050344935 0.163221170456388 -0.42489342213689
-0.0138340537337801 0.012110446544083 0.0699370349701218 -0.187299387567454
0.00695818472917363 0.0218115244975737 -0.0263817113232562 0.0236628324846563
-0.000371476974389128 0.043329243428277 -0.108032260019015 0.207985502050359
-0.02499965989566 0.0175195961334129 -0.134508968270079 0.424380786482544
-0.010467155109608 -0.0159000300589533 -0.148079452920552 0.588881690778957
0.0361528342061657 -0.0158734239441836 -0.196640124915583 0.725997326950672
0.0255772283453886 0.0301971512437934 -0.254908001903764 0.672452259028763
-0.0303525689221833 0.00948699578817291 -0.219163150270511 0.511238433157548
0.000736988095453498 -0.0489124733449726 -0.223889842145856 0.382589009839388
0.0122733911066832 -0.0383141951514052 0.348363236623621 -0.111728519922691
-0.0211484757954113 -0.0192530541769267 0.36444334603059 -0.438733341908192
-0.000771028724742806 -0.00220923698847013 0.457136581622032 -0.394277197557779
0.00996866867704913 0.000707587215353034 0.547514413822418 -0.588615134234243
-0.00360431586902275 -0.012333295997414 0.354318953558155 -0.616603115209354
-0.012155755515046 0.00754020805041181 0.162692263426616 -0.423809023360227
-0.00556034512940453 0.000673601830528834 0.0666901418221573 -0.181109784436652
0.0137365978079408 0.00426965381087587 -0.0270225288766143 0.0296985708966257
0.00690720922428225 0.0287131537282307 -0.108823548330324 0.217541883133715
-0.0124289364390277 0.0136744572464706 -0.134674007244082 0.429427468146219
-0.00141881959965796 -0.00474214494999992 -0.14344689122117 0.587775433276477
0.0248860384116646 -0.00100081035961101 -0.175369037238983 0.721415234169647
0.0155483950067537 0.0206514773480718 -0.238832483593913 0.681358611344572
-0.0163854283297514 0.0141575917248789 -0.221742784869659 0.51234155647545
0.0031208204199929 -0.0125884151097338 -0.220231306732919 0.383105825913333
-0.00544868922590403 -0.000327254734957034 0.350121619616162 -0.114008873994711
-0.00906103779954687 -0.00269066734882058 0.362738715654518 -0.445861715343752
0.000509500874602596 -0.0145399194334309 0.448220645673147 -0.399481660077532
-0.00728004958271112 0.00333572758089984 0.541755799997424 -0.592799252030964
-0.00151495028192792 0.00181428770879792 0.345731158765821 -0.622274283053581
0.000649076881562725 0.00801421167927343 0.157050761550441 -0.4276060410508
0.00357028099780233 -0.0116934407530982 0.0649439427947773 -0.182186057777158
0.0193316661486104 -0.0140009548149933 -0.0266129184812871 0.0327631604549145
0.0154665601932371 0.0124175254822198 -0.108169749661996 0.217444029409532
0.000832489780388787 0.00912068623510367 -0.138855868580732 0.431626527710317
0.0103273427053797 0.00600452397728199 -0.155220599725586 0.589807223624464
0.0148195839546683 0.0171180426252207 -0.186936151713931 0.719011556028542
0.00125036237950574 0.011603411071737 -0.24436432691371 0.679821180783637
-0.00195386622285605 0.0175733524292066 -0.22779773592174 0.513950098052718
0.00581727159780523 0.0234935712499726 -0.225983152266813 0.377999652290344
-0.0223309000398307 0.0350717503638576 0.346726488263042 -0.13560614513864
0.00286279182211223 0.0131282585674976 0.348081842549125 -0.447959173282244
0.00035279403978251 -0.0250475715690252 0.436143262963054 -0.423681929661423
-0.0251008233933605 0.00852103476158697 0.502210419774267 -0.618605243277727
0.000851060326541989 0.0161745122128126 0.314216975295004 -0.628598611344552
0.0133578842154789 0.00836261600132673 0.145749812662243 -0.43011293086534
0.0124117670741758 -0.023008473429388 0.064247413844607 -0.187388119674685
0.0262823218519651 -0.0306466399050559 -0.0236755595193487 0.0262007486956844
0.0222044759804268 -0.00279440144276513 -0.108474849310268 0.210527362478975
0.0128746304612824 0.00366827375187773 -0.14993561646461 0.424756791430152
0.0193129257000905 0.0167590178012902 -0.182118496893738 0.589669193611143
0.00191852183529077 0.0349121433141479 -0.22320522580447 0.713924016943142
-0.0140103216328151 0.0027802178600029 -0.275670370496704 0.666765144710479
0.0119881017477855 0.0184763963685832 -0.243766153020732 0.50844944234191
0.00742472549681751 0.056013242936248 -0.238672375363677 0.366844620276
-0.0304239053649389 0.062767041722748 0.336581961385881 -0.171818469230429
0.0147489504729536 0.0218754830762458 0.321590624637842 -0.448704957120579
-0.00310268628753853 -0.0346851616639232 0.415255049087394 -0.464621329629072
-0.0372434882090513 0.0158854862854265 0.4393677721011 -0.653148472259392
0.00481809815218229 0.028275005930858 0.265962465257555 -0.634390707669276
0.0226912556305995 0.00756926167499879 0.130747518680359 -0.434450810798757
0.0180939393611823 -0.0331344927623882 0.0636391046799215 -0.198695163074939
0.0296611778025279 -0.0435614288704895 -0.0202039229865795 0.015539736288869
0.0279963316915277 -0.0146309733899476 -0.108792554510513 0.196675849805113
0.0227686258458672 0.00193360363974922 -0.163588521441958 0.411577774041159
0.0256025379390614 0.0276181727531178 -0.2199410741891 0.585982487407065
-0.0111252259935802 0.047615683933792 -0.287223065151324 0.707283433953113
-0.025124235612693 -0.00815670274975356 -0.324668918576319 0.641401839451848
0.0239731871076893 0.0219011462346667 -0.260102069882707 0.499115231843144
0.00382941765406182 0.0823753404500188 -0.254833482839161 0.350372169285708
-0.0270525593941879 0.0777054711968757 0.318967959518126 -0.213871315130695
0.0252874402928159 0.0206441553810991 0.296987126515847 -0.44479071142857
-0.0109155057413014 -0.0410645771466102 0.386948494667103 -0.513534137311813
-0.0435350668491421 0.0238876579086242 0.359300375100385 -0.689789438310118
0.0110498191476024 0.0346602641763856 0.212291705505693 -0.63499337873195
0.0275756930496612 0.00515472961977089 0.115924309603722 -0.441325719924292
0.019874027041783 -0.0415440778439899 0.0647695939958949 -0.215633646462223
0.0319471262252359 -0.0519586516484179 -0.0160162772853452 0.00167015735566056
0.030112209072425 -0.0200815623046258 -0.107595535418982 0.177744941259586
0.0303497409199127 0.0028359373518946 -0.178129877129491 0.395624634035103
0.0264935094804384 0.0369115107192153 -0.264483586535378 0.581590479960109
-0.0235879858987126 0.0512477232157483 -0.361067456508125 0.69622566685653
-0.0279270026528629 -0.0184370976744162 -0.382010890623003 0.60199647146723
0.0318084947214902 0.0300439401311609 -0.280002736148138 0.486178707179266
-0.00524530164761758 0.0990786066047759 -0.274587938335825 0.331125429035782
-0.0194576238645709 0.0757943487803016 0.297390596682758 -0.250619989534694
0.0271068222196375 0.0117419765035143 0.277573023085784 -0.438384654106595
-0.0195296468913177 -0.0403456721118863 0.352694499457901 -0.565389159053285
-0.0426915315122689 0.0314644881208385 0.273490058430927 -0.709663297366088
0.0152470939177998 0.0356475267724374 0.161971474176172 -0.628831867115941
0.0282511923723313 0.0032694371591353 0.102778451413447 -0.447521695359557
0.0182800636262247 -0.0437680209281739 0.0658176394900234 -0.230460480223887
0.0314845488793837 -0.0530854664764895 -0.0124071370086105 -0.0134605081355911
0.031584916286568 -0.0193661181011775 -0.107267511977761 0.157970844479248
0.0311681369005765 0.00597482629931877 -0.191149406746268 0.377108671096276
0.0228883716143378 0.042058407428187 -0.307961021241741 0.572164763684473
-0.0320329147048123 0.0469267522849141 -0.440081999743106 0.672475805876617
-0.0239168557086931 -0.0234138167545172 -0.433266450822397 0.553518596504681
0.0339509932280411 0.0376497990118816 -0.297924994879229 0.475966152080808
-0.0158266790071324 0.101264749217124 -0.293761755595612 0.309241055776106
-0.0114043505221124 0.0575676782755016 0.275110558791377 -0.278114342717292
0.0216207000377004 0.00233224572815308 0.268983544751537 -0.434549486673725
-0.0246697665795589 -0.0344409170593881 0.312549036671393 -0.607351858831899
-0.0349989038569753 0.0331134452381036 0.19986888565919 -0.719584932147025
0.0179417839854801 0.030245655402993 0.123189172584068 -0.621658357383822
0.0231037336978084 0.00110552147220922 0.091957233724246 -0.456016338168547
0.0142040818287936 -0.0410904319284891 0.0646544698549001 -0.24563914123224
0.0292848812317348 -0.0455607268446241 -0.00766932942938218 -0.0299737551439673
0.0279193560115642 -0.0138147903801127 -0.103635100375932 0.140716826979225
0.0278933619232136 0.00957845095429354 -0.20291698526891 0.365793971626084
0.015078374526102 0.0414073231767629 -0.352126566195552 0.566417008606954
-0.0318827519825025 0.0370401905434312 -0.511282812171555 0.64503148498369
-0.0134726158759371 -0.0226888999979434 -0.470454400818668 0.505405090660371
0.0280122853754576 0.0434491570241577 -0.310950938660177 0.475088474691157
-0.023869280318373 0.0859965979812692 -0.309839146923959 0.288611580373461
0.0229135573580488 -0.0721085296531629 0.338843294401062 -0.130017955670976
-0.0324522310422716 -0.0287923173893772 0.344527451605928 -0.427684977986883
0.00199120098020933 0.00860782981676942 0.450083705879538 -0.405045440011782
0.0250316184244147 -0.0053008669086351 0.514946875394291 -0.597523072563653
-0.00709773123493096 -0.0228825245716648 0.325905070151957 -0.605697619861966
-0.0247341489148241 0.00963914113525134 0.157437504356435 -0.420409371416995
-0.0127017849229095 0.0125216496235196 0.0679132753234414 -0.18503482440275
0.00745222434859606 0.019805869952207 -0.0249212419751177 0.0224565480317427
0.00088701000256556 0.0429441479821051 -0.104879439246222 0.206164014991693
-0.025103802874356 0.0183749377610192 -0.12988431236978 0.419819499906069
-0.0104520870814268 -0.0158818511703106 -0.142451508717677 0.581075779472202
0.035756678710971 -0.0154727007413295 -0.186768875480124 0.716623848771734
0.0250848565661089 0.0291012487998851 -0.245565933374207 0.664922975443446
-0.0304576901203863 0.00975289107731387 -0.214238882771878 0.504477418403312
-0.000138268154858876 -0.0489120237984845 -0.217888851583554 0.37879775463241
0.0103177456813805 -0.0381357107142907 0.344690886893298 -0.111609308425075
-0.0211661036100333 -0.017988805230095 0.355387294188288 -0.436135448090632
-0.000889767084987248 -0.00229583293843532 0.44674681416483 -0.39055316544346
0.0094887792463835 0.000640175005364707 0.536074367246908 -0.581840862389608
-0.00417582048814713 -0.0118966496137208 0.34250307828179 -0.610192836642047
-0.0125177613071951 0.00790712176194008 0.156618859612381 -0.418053785491364
-0.00573879086055478 0.000852690765156223 0.0645465225315703 -0.177743948929327
0.0124855630034865 0.00388710123293839 -0.0253542106007918 0.0303908798845113
0.00895618996352135 0.0274158397719979 -0.10504236433308 0.21385888455268
-0.0115946214504622 0.015115262644394 -0.129406455192225 0.423309473125938
-0.00198933081617325 -0.00551281368722295 -0.138031550904301 0.580693266318364
0.0250176326669627 -0.000753545743960842 -0.168739474010623 0.713435741240482
0.0139479568185184 0.0205386940372274 -0.227908322150608 0.674252685542566
-0.0157095662918365 0.0139779466162686 -0.214782957990951 0.508432691236691
0.00200705170691331 -0.0137290997026416 -0.214845709190092 0.379057139892391
-0.00618551831798282 0.000248775651346816 0.345312291149939 -0.115336361087732
-0.00981137082605707 -0.0023647171195354 0.355438504164077 -0.442165378324778
-0.000692427496662922 -0.0133328106038982 0.437175011881611 -0.398780451082228
-0.00737854725399758 0.00445662610345463 0.527400550833685 -0.589423772561075
-0.00194442774005433 0.00203591776052739 0.333652274858485 -0.615330631835389
0.000446463883459515 0.00857805706300847 0.149454675028688 -0.420882201920431
0.00423030118996716 -0.0109407769793149 0.0612768404377524 -0.179441814231015
0.0192500803518614 -0.0143787274097767 -0.0256853430707826 0.0313117055475877
0.016388517138363 0.0117663676162024 -0.104900677152808 0.214565997802746
0.000531372166460034 0.0098288862991661 -0.133022014502954 0.426246548500662
0.0096692874090094 0.00543525250687696 -0.149393747164537 0.581048226668505
0.0139352568627346 0.0176325353624269 -0.178678328252027 0.71013092659371
0.000986802495477032 0.0112184821478271 -0.23435311307234 0.672098553477858
-0.00111622998768003 0.0159779793845565 -0.222546508497656 0.509577572574182
0.00648082965092009 0.0216322167236944 -0.220172132410609 0.372885789822243
-0.0219874063290861 0.0352293908030827 0.341606722713667 -0.135911540571056
0.00239207100685766 0.012350533361795 0.340016590393729 -0.445889243606915
-0.000405889363600974 -0.0246417073128152 0.423680967197454 -0.422997486054026
-0.0233785039279932 0.00787766331235152 0.488608912972169 -0.613401551085237
0.000538573908492801 0.0155125431576882 0.303688776359285 -0.622577970187173
0.0125425677057122 0.00831197902504598 0.13862326884996 -0.424172256851736
0.0117188091164619 -0.0229014027644039 0.0621712962051621 -0.185709553912039
0.0244092893553874 -0.0314865847730694 -0.0230432505742469 0.0263464259901475
0.0231838564662687 -0.00410195146193534 -0.105894839165403 0.208164620580848
0.0124093733796045 0.00471827221376879 -0.14298193446497 0.420414582915655
0.019992586508559 0.0162096287376883 -0.175791069716024 0.581772348561741
0.00174576576340473 0.0333834516943867 -0.214612944559089 0.705294287942045
-0.01365230665294 0.00216027658013657 -0.264895940960255 0.657965735614551
0.0125012839196853 0.0187116753661575 -0.235920325926594 0.50281007828478
0.00630802634467202 0.0539100852142028 -0.231058894455478 0.363373487032148
-0.0299247659164295 0.062949898505863 0.331478242359357 -0.171234470169611
0.0155446726361776 0.0208196966429274 0.315056225883485 -0.444588781405493
-0.00331020264655789 -0.0338889595133677 0.405020418443997 -0.461308102601486
-0.0375797948472151 0.0144509318174869 0.427161266191731 -0.645739298460968
0.00512075471754813 0.0270312101322041 0.256259445462098 -0.628556170026796
0.0228142959421029 0.00728304049468924 0.124757511783973 -0.430219460224324
0.017141526302555 -0.0330373364441724 0.0619034385162334 -0.196527253582207
0.0278260378335477 -0.0433055567464184 -0.0189084297997868 0.0154425286483489
0.0276965636979724 -0.0141409472988183 -0.105394833133465 0.194610168401441
0.0225792505237576 0.00134109851323896 -0.158483041977766 0.406653875034717
0.0257861897723928 0.0266715326166931 -0.211264043748753 0.578296908462255
-0.0106942887132638 0.0469451691741389 -0.275671151280293 0.700411434790411
-0.0254132209522763 -0.00763879589251199 -0.315147063165863 0.633649993258713
0.0235618656270758 0.0221699135411591 -0.253528564547966 0.493008174306328
0.00405760432505712 0.0811515758006443 -0.249066442503516 0.347600241238834
-0.0266265658090667 0.0770532280446042 0.314280152727477 -0.212550973568417
0.0251118079599939 0.0189208174758903 0.288812085802012 -0.440218979834033
-0.0108171446747584 -0.0403097641006484 0.376130468348127 -0.511820424605609
-0.043281836614598 0.0240880022973499 0.347550965478336 -0.679959914944197
0.0113657896367007 0.0343228805213965 0.204873273435609 -0.626917613301784
0.027823063579458 0.00508942843227345 0.110045549530955 -0.435810731295164
0.0186375899514918 -0.0408332398021186 0.0614182690397735 -0.211772988235204
0.0309622907133644 -0.0511377457487324 -0.0153421498773809 0.00252703218310675
0.0312365761556688 -0.0205730206353387 -0.104581670311456 0.176815006130514
0.0302947964793083 0.00183734106598076 -0.174382271926026 0.391440707797205
0.0274677670889865 0.0366747716679447 -0.2562290895891 0.575172694942583
-0.0236401749737222 0.0507276135614331 -0.349393521566187 0.687488523562614
-0.029268341236126 -0.0173754050434437 -0.371822206060982 0.59653595027334
0.0320588091129378 0.0294357846893483 -0.272022920367032 0.48286502966651
-0.00388412593307756 0.0974827391207225 -0.267589968266715 0.328936193381701
-0.0191294531313434 0.0736644295187951 0.291021340707248 -0.249495613940528
0.0268592161278648 0.0113179656192126 0.270535758932898 -0.435334171066515
-0.0202097116220337 -0.0390694358490054 0.340836623267189 -0.560225564997769
-0.0418586713507177 0.0322437153005036 0.262112262717828 -0.700582072996399
0.0164599357145508 0.0351983463225199 0.153220270192994 -0.62163359604763
0.0276429112712405 0.00263072699580053 0.0975744017652335 -0.441129508392794
0.0171318494184057 -0.0433438274624499 0.063239291108546 -0.227331168210576
0.0303329384627906 -0.0526635599244739 -0.0116353165457291 -0.0136159749225379
0.0314383302829343 -0.0203583992292681 -0.10354031350218 0.156123363777915
0.0317413966067057 0.00659591257401069 -0.186911376733537 0.373719094785413
0.0230791600600693 0.0407938761166311 -0.300816194581677 0.567102756355677
-0.0309782229122706 0.0464934895988851 -0.428058329087538 0.664784684728842
-0.0234994372093526 -0.0234194343242784 -0.423278258007474 0.549001890082012
0.0339388256852366 0.0375918053760253 -0.290888609064917 0.473612968876437
-0.0143824099036862 0.0991642252612369 -0.286592331904557 0.30560746669821
-0.0105576426355747 0.0576697793558114 0.272402496282878 -0.276460109888896
0.0209667352397811 0.00245380166477156 0.259779794483038 -0.431684147450431
-0.0246002354268204 -0.0334641061257708 0.302164142860167 -0.600308443278087
-0.0342649395176921 0.032673158901952 0.188470148114476 -0.70983690080027
0.0177930872533673 0.03028092384652 0.115087122760616 -0.613214805200665
0.0224461804142712 0.000751608573531763 0.0869109831274153 -0.449542429009051
0.0140499348610915 -0.0412981115317082 0.0625177552887377 -0.242918224678594
0.0264745225956399 -0.0455409323149625 -0.00684178402589086 -0.0299850171836186
0.0279460420157282 -0.0137939782594986 -0.100595324285094 0.137650755934261
0.0278306323125896 0.0101937615387786 -0.197872821524635 0.359431828064829
0.0152908096719656 0.0413082486096033 -0.341052822740387 0.560595903600218
-0.0305176009847855 0.0362269668865812 -0.498440263783721 0.640425337465759
-0.0134218315092338 -0.0222596533329311 -0.458955608054764 0.499605248472031
0.0271757564037013 0.0431463063976119 -0.301214286454808 0.469480221588648
-0.022240027597581 0.0830712025927322 -0.305711922416961 0.285781268264633
0.0223630052366915 -0.0701047146883749 0.334002260768795 -0.129904436142449
-0.0316360898093861 -0.0293672007473803 0.340102864233026 -0.423217667684662
0.00142551041661636 0.00835983390933703 0.440416437713273 -0.402092943055777
0.024285653187919 -0.00561774998511677 0.504221696910188 -0.591318265171715
-0.0076441119788655 -0.0227423151259966 0.318013949306098 -0.597363232039605
-0.0239037368807376 0.00939185382024769 0.151301983102968 -0.41615965851979
-0.0133052252785126 0.011672076168916 0.066804221933893 -0.182346803904937
0.0065763522827033 0.0198736347117849 -0.0233002205759297 0.0237226237641998
0.00235815957180566 0.0416388655838516 -0.102425628709815 0.204278164955891
-0.0242495572883678 0.0191513880701403 -0.126120664782276 0.413819866220251
-0.0107038587278441 -0.0149434756930756 -0.1373854979881 0.572639548665899
0.0348804281910935 -0.0153944733998489 -0.179310450118814 0.70813231579898
0.0247137030143844 0.0290248848912593 -0.23986693419652 0.657700446968183
-0.0291350353610033 0.0103585681799818 -0.207972658038676 0.497910404432715
-0.000130511647204835 -0.0488245307666388 -0.212368802945483 0.373796376229813
0.0107510174278513 -0.0373228631735751 0.33944588270104 -0.112071617359371
-0.0205032824491976 -0.0185526663878266 0.348927652616115 -0.433441476528473
-0.000249652993444931 -0.00223386999780897 0.437259552946471 -0.388060448895039
0.0101534754956133 0.000904778227789842 0.525306954222184 -0.579207057547695
-0.00390686432527557 -0.0114320202268599 0.336780911919487 -0.602562388766036
-0.0121617037895374 0.00736493907386368 0.151978444514908 -0.412721498268816
-0.00614307974711205 0.00105218977860414 0.0635660456278342 -0.176690996948419
0.0111536646947177 0.00241678211505206 -0.0242087631060557 0.0293804211490166
0.00924106099657238 0.027987652662178 -0.102051148560624 0.210886928389013
-0.0119940544409586 0.0149856495581866 -0.124419484449431 0.417921963118893
-0.00146963554577051 -0.00474834856147442 -0.134241663883644 0.571764158162341
0.0237794289663557 -0.000941482743639706 -0.161528786983331 0.703471546295167
0.0148912337825105 0.0195190811776176 -0.222310709524391 0.663692486737098
-0.0158125689052648 0.0141806501969771 -0.209343435299055 0.502244888575607
0.00317506098790004 -0.0136130904308882 -0.210571652307591 0.374256972486965
-0.00655101553030964 0.000348794997510943 0.340922081823318 -0.116111268846911
-0.00923422559467155 -0.00189482565423993 0.348144719396764 -0.440187261706917
-0.000127278526214401 -0.0133246779443468 0.429616567385831 -0.394030509843268
-0.00707506419622926 0.00424846628054637 0.517381454572623 -0.581573444893701
-0.00166439712024555 0.00174618428919159 0.325659854289327 -0.607538844903917
0.00103481242707856 0.00784372511895103 0.144058060496978 -0.414993417607752
0.00264885312472647 -0.0106791290665093 0.0614187454568372 -0.177951504296295
0.0174726916358302 -0.0135487670270717 -0.0232548720536867 0.0313995603597494
0.0155914708803695 0.011459148171567 -0.102877177667452 0.212332194560088
0.000609113210789512 0.00903324262981419 -0.129852588918622 0.420259937792321
0.00866047858142541 0.00598722525903336 -0.145440479253628 0.57191005778398
0.0144070382370232 0.0161755929018217 -0.17110406291154 0.699670836268914
-0.000941081532863632 0.0108542434370768 -0.226804825140189 0.661365118116348
-0.000445792140568158 0.0168693268408127 -0.216926364937012 0.501656794153242
0.0063998736056674 0.0226685793271761 -0.216040678754906 0.369307533101534
-0.0215647615586112 0.0340489015454786 0.337387259379944 -0.134284837538016
0.002993167482707 0.0125368685526573 0.335396358185205 -0.442197005149279
0.000216356544315478 -0.0236609045388443 0.415287979119755 -0.417228617385422
-0.0230330439552469 0.00877741907990552 0.480606069577888 -0.605240598659515
0.000291727393140324 0.0156049252774791 0.296121170414156 -0.614561809090648
0.0129591876559249 0.00801005967093829 0.133780318060619 -0.418312732124609
0.0111444180227171 -0.0235094850172538 0.0603838306211517 -0.18107349579727
0.0240959269993404 -0.0314914045098982 -0.0224947870072852 0.0262383681261177
0.0223374982885471 -0.00324489470281026 -0.102763362556459 0.204579064825489
0.0119021927085909 0.00533804203151645 -0.138655645720758 0.413513920393964
0.0181026652511499 0.0152295140069261 -0.170802719987813 0.57254266330014
0.0020287486556361 0.0330374468752682 -0.20809415598159 0.697853584783419
-0.0141095001921929 0.00248557735568867 -0.257744934512733 0.649750329178302
0.0121247819562616 0.0178950908408022 -0.231954516777369 0.496909278915383
0.00765049407490675 0.0534211464209053 -0.227897924279719 0.359698913801818
-0.0288040388190968 0.0619580898599158 0.326310873210883 -0.171100510080091
0.0149995392944875 0.0208862215023473 0.308429483382804 -0.442558802597747
-0.00378957758219653 -0.0335728492325446 0.395689415978894 -0.458285115177571
-0.0360887604689911 0.0154441860064448 0.415814862471718 -0.639350930723564
0.0059777150636429 0.0270887663971699 0.249910149153483 -0.618641098592935
0.0223652594633713 0.00658012591978503 0.121151924580155 -0.422801222211861
0.0161105427671108 -0.0332998215574337 0.0608529003168927 -0.192662781061149
0.0279256693604088 -0.0444962066972707 -0.0181318455589589 0.0153617465546263
0.027409430668945 -0.0143815322511105 -0.104021468859993 0.191738307630317
0.0229049458525516 0.00137787833941645 -0.153269118124823 0.402368669775946
0.0257621509748657 0.0260601673185798 -0.206258274329413 0.571735739245896
-0.00962691566436365 0.0452288301987767 -0.268705178758241 0.692524595650667
-0.0249753000763507 -0.00728944575503115 -0.306448562128624 0.625368387710387
0.0244485164237566 0.0223164724372027 -0.247433075367982 0.488106625706587
0.0038575958984768 0.0788628801827545 -0.24369531888094 0.344344631877895
-0.0256584153808304 0.0763808902741327 0.309036453029943 -0.211892090031102
0.0252018014618668 0.0186814675963194 0.282810086538635 -0.436084943476184
-0.0116514203231003 -0.0397716705996878 0.36839384130581 -0.503833008537939
-0.0433554174042413 0.024210618018121 0.338912582143092 -0.67211873333128
0.0111183153083578 0.0335365470586326 0.197187893823102 -0.617474873408133
0.0276580479727291 0.00487247353229483 0.10556813412753 -0.429867819741612
0.0187723876832278 -0.0409299152905028 0.060166717071412 -0.208295897403259
0.0295954228828408 -0.052446375514207 -0.0143957916127573 0.00176902493260434
0.0304569694428919 -0.0212747761995679 -0.101989968172198 0.175276242503241
0.029088434267307 0.00215127037782687 -0.167374900601905 0.3855338562253
0.0276725092092955 0.034702432418594 -0.250870362967598 0.56732011318907
-0.0221241523770523 0.0502969943829775 -0.340405967809654 0.68070353536277
-0.0289206011663565 -0.0170224750387983 -0.36214503047941 0.588551008502253
0.0322671000449336 0.0283016806037523 -0.266866059966236 0.477375275434481
-0.00345015920353676 0.0951575823716855 -0.263068231889937 0.325399089473942
-0.0184435569484975 0.0742200067067631 0.287141598414127 -0.247024344400301
0.0258152530484739 0.0112484039523526 0.26581461655544 -0.43168528803227
-0.0202599881279001 -0.0386306920294296 0.33377330995472 -0.553186983529181
-0.041350480163061 0.0318105890965518 0.25471226261888 -0.693812643938167
0.0164355139338593 0.0348136096293575 0.148175439513828 -0.610663169990981
0.0273691363092397 0.00223502846134854 0.0925948232045115 -0.436130963795421
0.0166843331800673 -0.0423767109616784 0.0599505633571642 -0.224022968202954
0.0288534298045417 -0.0528101028312056 -0.00972441307120112 -0.0151814002239247
0.0303049316333326 -0.0197323471956534 -0.100656094501279 0.154087266472732
0.0311544558794286 0.005285560679577 -0.18183974781044 0.369586856846035
0.0228006485617252 0.0409071995064793 -0.293897477381631 0.560710785360653
-0.0291968678346399 0.0456780714440224 -0.418492151219799 0.658192668395532
-0.0233776023367177 -0.0233566988079446 -0.414455026543667 0.543197385471973
0.0345674141936023 0.035851310569662 -0.283013790201834 0.467311124221923
-0.0144222326091249 0.0974262191872879 -0.281940176234049 0.303096307694527
-0.0117731685161588 0.057754442289838 0.264707785939244 -0.274719453189483
0.0202766840483041 0.00119708392173489 0.255467712520254 -0.426578818961065
-0.0249630467297988 -0.0331220187886945 0.294178084016757 -0.594689810817699
-0.0335221116979394 0.0332269371885005 0.181618167538405 -0.700935222708737
0.018358979565123 0.0297618749815426 0.110204791884519 -0.602763863099533
0.0219150872144903 0.000860979193944499 0.0830977001864533 -0.442849695361427
0.0130842365847763 -0.040530967509483 0.059829491128589 -0.23951648832598
0.0256001765267649 -0.0453248740270989 -0.00675700237736058 -0.0297640323545232
0.0271688420438232 -0.0136640677714654 -0.0991031543602004 0.136538452573658
0.0277585927445684 0.00990243898700194 -0.19171644523534 0.355432791014093
0.0155383036623076 0.039580885649102 -0.331509097093758 0.553283674006962
-0.0311486640243754 0.0358174241995584 -0.48951936574914 0.633484178746315
-0.0123435034676544 -0.0225033659651432 -0.449320513698105 0.49493314887161
0.0277170043174972 0.0417127129557665 -0.295280592855462 0.466056252382414
-0.0221275299534098 0.0823311545915594 -0.298695690377087 0.283455107926202
0.022294047058054 -0.0695723822853515 0.330383643028003 -0.129321808229084
-0.0314410422802115 -0.0277301933560952 0.332838946845809 -0.419785175956082
0.00113637027385183 0.00860152121494868 0.434997809999825 -0.399351563207862
0.0247298760720097 -0.00582516199534329 0.495715126280701 -0.584709477564814
-0.00780995964399128 -0.0219503231263441 0.312040651969335 -0.590371590650637
-0.0234595705896168 0.00912109119542455 0.147134529181924 -0.408560324937144
-0.0136861096549042 0.0129191431879969 0.0655974940526123 -0.180531840410238
0.00662016688991002 0.0185407032185302 -0.022375639510835 0.023146072122024
0.00260124943173957 0.040414563724708 -0.099875505640279 0.201348547838712
-0.0235660343207497 0.0192036618617514 -0.123908136923401 0.405689247593394
-0.0105830765617086 -0.015112364985921 -0.134829710675967 0.563727590841998
0.0340536157001585 -0.0158384008352622 -0.17501850496675 0.69820763412261
0.0245328222592038 0.0279998386869675 -0.233839344599576 0.648269434692569
-0.0290764384522417 0.00936483757060912 -0.205858993024195 0.492244512993157
0.00034475837733035 -0.0487499015034246 -0.209253459533431 0.368864351152143
0.0108550433272139 -0.0358772565583308 0.336574322824777 -0.112255511881311
-0.0205950067316029 -0.0182498913755591 0.343949677113693 -0.428070518381814
-0.000772234770967664 -0.0022143986444801 0.43107315203874 -0.383862162366934
0.0103460232467835 0.000320419583764296 0.515085418418365 -0.571473501913225
-0.00450127715377172 -0.0114847395983135 0.32751128690784 -0.592960228254926
-0.0120970368811373 0.0082529764362521 0.146999388936168 -0.406967140833103
-0.00671831210294751 0.00102804303997676 0.0630331243633101 -0.17493601574734
0.0111467862576617 0.00298072715007541 -0.0240624853430296 0.0299496931075615
0.00982418244632853 0.0258843939045232 -0.100042081291002 0.208749063640789
-0.0122467837056134 0.0155905165751047 -0.122645604858514 0.412401327418459
-0.00214987977690032 -0.00480272027894777 -0.130857864472843 0.564050491172502
0.0235288715251196 -0.0014273408775935 -0.157455638711813 0.694838922812663
0.014076269980113 0.019769908221436 -0.215998102573235 0.656404572822513
-0.0149885186361456 0.0139808524269706 -0.206330252745738 0.495987436074548
0.00239898291278878 -0.0151818522038033 -0.206436779697151 0.369245554698498
-0.00606391148033404 0.000960843850539451 0.336856398496556 -0.114373448272682
-0.00916134602113199 -0.00182589917071214 0.343965736848024 -0.43540739742941
-0.000432884909301305 -0.014052783780407 0.421223837987891 -0.390931228551752
-0.00711661013955245 0.004286080176636 0.505559458003769 -0.576183512488947
-0.002639325176552 0.00184704009213702 0.319967148922315 -0.600028445496426
0.000602863611218039 0.00753556638747304 0.141324348033758 -0.409768965915795
0.00308877991172389 -0.0110303031354301 0.0595666705341995 -0.174336839855346
0.0179139990749961 -0.0144046611744585 -0.023354623852702 0.0292579442925748
0.0169732151250541 0.0111415977590968 -0.100113220640223 0.208643752442979
0.00118368634081717 0.00977570008759276 -0.126942641273875 0.413827978491794
0.00875233927527805 0.00518614900513073 -0.142005379916366 0.564725463080325
0.0132745816463408 0.015559351088376 -0.165756774918672 0.689734367041225
0.000174409374291945 0.0114187607841565 -0.221703878457396 0.653775313219968
-0.000797264034360545 0.0163706418328401 -0.21339807332882 0.496561231257102
0.0068106845166859 0.0209710760822954 -0.212756784309303 0.364516826043611
-0.0203127129017571 0.0353941701710249 0.332548685606983 -0.133929882203933
0.00245854243967275 0.0125074272539308 0.329460027536978 -0.438054512223893
-0.000590593310450194 -0.0240110872250965 0.409353401489692 -0.415202831430822
-0.0231603630471389 0.00821330349601681 0.468820932663903 -0.597292103854555
0.000114814790919235 0.0159815947995814 0.289652242022076 -0.605662990732386
0.0129049506808896 0.00837237585744309 0.130290030653999 -0.412853054485346
0.00962409365971349 -0.0220931489962904 0.0590564445247951 -0.179737336294932
0.0225085884665172 -0.0311557166716675 -0.0211716929623734 0.0253711510036479
0.0237159095713787 -0.00373505029412244 -0.0997503905644038 0.202174845943967
0.0127808671533396 0.00447231705222067 -0.135606461446571 0.409265025060977
0.0189366269501433 0.0170508073216632 -0.165964785359442 0.564012734153995
0.00266250137279061 0.0323068823587436 -0.203150274016696 0.687069156970261
-0.0140253459836203 0.00320536989166445 -0.251628403111107 0.642564330638852
0.0129920557961175 0.0179621075692096 -0.227576231266949 0.491771605253929
0.00735359539551175 0.0518815767030802 -0.224398908813803 0.354820452316044
-0.0276935431440597 0.0610991350105076 0.32302256170811 -0.169138181456663
0.0157591483931894 0.019640758930141 0.304793094395657 -0.436244752813556
-0.00439223586674206 -0.0333440037501096 0.388508383087184 -0.452325925974125
-0.0359121867773381 0.0146620429329203 0.409281751707219 -0.629562321811082
0.00493803874228989 0.0265943575709027 0.243616738908753 -0.609650558234113
0.022223367291986 0.00678002991861027 0.118575493570067 -0.416603543689067
0.0160245948197188 -0.0335216343679789 0.0596871334843462 -0.190947241840081
0.0266341528135035 -0.04519885942285 -0.0183705291547491 0.0138458635754312
0.0269312740704489 -0.014844872938434 -0.100901557057115 0.188827216272699
0.0233964382468182 0.00115579428129321 -0.151607843840232 0.396858638159863
0.0252206991314042 0.0263922116818657 -0.201512238505362 0.563927052373433
-0.0095071926542528 0.0449040089328223 -0.261680612170953 0.680628099003904
-0.0248859135293264 -0.00745131283876322 -0.300214227647538 0.617822881539866
0.0242245024579458 0.0217312910660291 -0.244543269326891 0.481072918576933
0.00398539688775956 0.0779000448004604 -0.238854507923749 0.339139470737894
-0.0247360843876664 0.0757197347383026 0.304901638615824 -0.208779509581319
0.0240333786804431 0.0186242158802439 0.278514507708931 -0.433408261351028
-0.0117016463071253 -0.0393271104480412 0.362207803518041 -0.499495266033969
-0.0408254257765475 0.0238987354041551 0.331744938483464 -0.664216006365356
0.0113216787628362 0.0330752510402652 0.19198586314946 -0.607494381760601
0.0277388906745503 0.00453701239583243 0.103000561053557 -0.422759569573224
0.0176476644791023 -0.0394046996894194 0.0592398410700445 -0.205196715972035
0.0278503158081867 -0.0520141355169061 -0.0134795505925534 0.000716732792003684
0.0302749587017318 -0.0208596442683982 -0.101749782852164 0.170995937822468
0.0294681318413426 0.00245891362155159 -0.164575688051576 0.380858259447173
0.0263297527500749 0.0348134593695568 -0.245873232484646 0.557784961500201
-0.0205889372142829 0.0486798849714447 -0.333138538951987 0.670599361540756
-0.0283840998648631 -0.0172756150619664 -0.355640573197925 0.582592519191588
0.0315097608152332 0.027772433761655 -0.26140618652039 0.472257711433263
-0.00384116942507683 0.0937195874128091 -0.258660088023108 0.319330038890566
-0.0182943919345502 0.0741503913727757 0.282932940312306 -0.243967992207317
0.0260902773404796 0.0108007480602078 0.26264803013373 -0.42551189040362
-0.0196693347510732 -0.0387700409834107 0.327033503732423 -0.54742537800316
-0.0404828535677935 0.0306455758030532 0.249293307409147 -0.68314340403236
0.0157859986595399 0.0344915725119573 0.143654248328913 -0.601675722833028
0.027207531104691 0.00232912548168052 0.0911126623923935 -0.428085468269052
0.0165742071140427 -0.0428644578397144 0.0593304863070027 -0.221579447920233
0.027494510342724 -0.0521764645898211 -0.00965719460372342 -0.0146097876039398
0.0317132240625409 -0.019508046177344 -0.099907248850208 0.151162079182156
0.0306701993196446 0.00532125698105104 -0.179131050933402 0.365627419096046
0.0227134245838126 0.039475762499685 -0.288975335939661 0.552964904194892
-0.0295653528093133 0.0444054769714875 -0.41130607537719 0.650066037300869
-0.0239606768698904 -0.0235067445206304 -0.407917554929094 0.536033017000507
0.0337904340383857 0.0358590476402259 -0.279786960272818 0.461878889044915
-0.0140901142351593 0.0958153303877216 -0.277784892601534 0.299596997276733
-0.0114641312162501 0.0570243406644088 0.261255605426771 -0.270065582061201
0.0202915365984971 0.00181832726166254 0.253054459286869 -0.419895325094489
-0.0251705256093943 -0.0327876007827639 0.287030468945552 -0.587083907101437
-0.0324646615976668 0.0326971608469281 0.176409889232926 -0.689400604776505
0.0169089204401186 0.0295466913307984 0.107001571166769 -0.593921217689114
0.0223415031805426 0.000431272496713049 0.0798048918528702 -0.435659477262394
0.0122198745929254 -0.0401958803112321 0.0600076898064289 -0.235647232084979
0.0243561062006775 -0.0454250130973828 -0.00623428875971018 -0.0292160195211362
0.0273259854395556 -0.0146753071268618 -0.0968807347872686 0.134167431163977
0.0272619165569123 0.00946090554834834 -0.190070741514293 0.349166248097711
0.0159019200814503 0.039636417832284 -0.328883103314389 0.546065629146453
-0.0301569534437771 0.0358821226999399 -0.480813912944238 0.626162600265263
-0.0133003486260274 -0.0227119941174555 -0.442656073386652 0.489986418374199
0.0279889519609854 0.0415687668443233 -0.290914369520038 0.459261882365624
-0.0215589588874064 0.0810124476613384 -0.295300519732039 0.278555427897019
0.022096441679097 -0.0685451639158481 0.325897928420889 -0.125179807087057
-0.0309056525331416 -0.0278432238412346 0.330151780113435 -0.413520645935021
0.00101453564129818 0.00804819858318824 0.427522940026286 -0.392936756156865
0.0254570175272558 -0.00580381311936759 0.488797865868383 -0.576574910974529
-0.0076405153788801 -0.0229383487275812 0.308547802771014 -0.581923674435182
-0.0233063110753545 0.00876854261964927 0.144591268495926 -0.403202527994677
-0.0135525096708599 0.0123790618027642 0.0647241873388979 -0.17690505277623
0.00563468008924229 0.0182807502905374 -0.0229378024216459 0.0226890405285554
0.00295478077624152 0.0402395099395833 -0.0991080742376031 0.1976421562138
-0.0230717687557417 0.0192956782622139 -0.121695263111973 0.402717766092616
-0.0109524222715731 -0.0147744651270634 -0.132813694955907 0.555754055655403
0.0344675121631125 -0.0163213497018313 -0.172406687309075 0.689233379139594
0.0239350005964158 0.0272283300343925 -0.229979821271098 0.640279090444372
-0.0287776047983309 0.00927188700459683 -0.203135751492112 0.486734207015491
0.00015760503250261 -0.0491026542236029 -0.206353308270235 0.365273365748363
0.0114573239128004 -0.0346008152334086 0.331477094509831 -0.109942509682528
-0.0204350268856118 -0.017150175978371 0.341099495022614 -0.423374202768287
-0.00193184916195906 -0.00238210863228558 0.424652391733472 -0.379880709234733
0.0102387051083926 4.69629078597624E-05 0.507667503609249 -0.564068373763104
-0.00464566650959635 -0.0109359586449313 0.322200763061342 -0.586065181860559
-0.0111352777959191 0.00812649212344262 0.145447071442429 -0.401098534403482
-0.00567372212740526 0.00100884488966789 0.0619417865483365 -0.170824825458249
0.0110198683384345 0.00238705064052791 -0.023020600607192 0.0286543618804591
0.0100829821340412 0.0265398169722853 -0.0990242182561626 0.205738551135843
-0.0119458983222971 0.0155099066659694 -0.121316008903625 0.407480505017472
-0.00245266949575997 -0.00471057995627554 -0.129795716199218 0.555640061639608
0.024094448240556 -0.0014066665291394 -0.155549133903591 0.685967234909425
0.0140634074433178 0.0192555003898479 -0.212568277175277 0.646995189355993
-0.0142758186116764 0.0130418334398689 -0.204616703231516 0.48962261743193
0.00221404460243577 -0.0143758582240408 -0.204514583315439 0.365288109801622
-0.00574091729324811 0.00123661172847518 0.33356930764596 -0.111826270908831
-0.00956273864353632 -0.00176279146900139 0.340145221987951 -0.432155584534804
-0.000680625070789007 -0.0127532255204819 0.416547142579405 -0.386291268619369
-0.00669216913368066 0.00328728407970478 0.499302360153174 -0.568379716369551
-0.00213014031677916 0.0028467836849187 0.316167936079293 -0.591174083535374
0.00124265576547278 0.00812710888134534 0.139246806211148 -0.404270784801673
0.0019315670619755 -0.0104063018823596 0.0609209532735491 -0.171622605209947
0.0164179353092447 -0.014399560374506 -0.0216803625824646 0.030365365182788
0.0164120188566016 0.010030446287255 -0.0997440294592624 0.206029077055021
0.00132255359638658 0.00998272986397011 -0.124619636105379 0.407877209127172
0.00871147960844183 0.0060004306457894 -0.140731144316283 0.557623376736136
0.0140240221545093 0.0149068834901074 -0.164490964108093 0.682060155207243
-0.000413167745127907 0.010754844652336 -0.218903537558088 0.644882555790934
0.000489670627112714 0.0162821678013585 -0.212460079200133 0.490921131264705
0.0061514028795171 0.0190813935004119 -0.208582705910577 0.35951616073594
-0.0207682335395752 0.035576595276848 0.329070188313096 -0.133289749091526
0.00309914370640692 0.0117272629310231 0.325805001241619 -0.432240863715262
-0.000637894993350048 -0.0235979838452581 0.402557475651326 -0.410197598144092
-0.0230426957752784 0.00836832036715383 0.464404609540661 -0.588328531434154
3.47178660041947E-05 0.0150827583042324 0.285064294476148 -0.597601970072407
0.0121475923604834 0.0077903610440057 0.130214558669703 -0.406798040679192
0.0107492105678311 -0.0225193239502588 0.0589714308985489 -0.177546949080548
0.0213148663110617 -0.0313452845900043 -0.0202164922943318 0.0249442249459922
0.0224218105513112 -0.00487737152464771 -0.0977326847402052 0.199150653126176
0.0130983337111014 0.00530604095737391 -0.132101289071919 0.403284498106913
0.0176375603416515 0.0155930612720519 -0.164864989810058 0.556950236167646
0.00327174925136467 0.0305826404862754 -0.199009916168984 0.678975625939995
-0.0146081860501728 0.00253889853042859 -0.247929915965699 0.633462857903679
0.0128996398110098 0.0172017009689299 -0.223200659680388 0.48758206130202
0.00699896018339465 0.0513504529770133 -0.220637719474697 0.349730321279176
-0.0271415865170393 0.0619436679968342 0.319904822861224 -0.166384342947721
0.0147841408820835 0.0199275951740531 0.30104228114054 -0.433391713657137
-0.00352858873227035 -0.0327286349370871 0.382673381156582 -0.446864581549021
-0.0357666140204405 0.0144265466636848 0.40241215277704 -0.623217110886516
0.00440745609469758 0.026002760304006 0.239773070401036 -0.601160575149644
0.0214964438963828 0.00716756902086496 0.115221542735592 -0.410437730560675
0.0154178468905351 -0.0329524542331113 0.0591624002510303 -0.188897099655973
0.0255208280781675 -0.0435642990004889 -0.0177617376935634 0.0139007017840664
0.0269541702430091 -0.0150555000531524 -0.100069505945152 0.187240538549293
0.0229848239322787 0.00197351109110182 -0.149916216535747 0.390934445048738
0.0247930721130403 0.0267686567221917 -0.201427434536719 0.554843312257235
-0.00969830037340079 0.0449197808157264 -0.258671282747898 0.673543558281989
-0.0254807411471817 -0.00641783716222282 -0.296834634045641 0.609703448614678
0.0234706940546011 0.0212748165186769 -0.240947547950937 0.477203254314092
0.00421930117809309 0.0765125598411747 -0.237831914559932 0.334777005866013
-0.0244825009199986 0.0748711782642647 0.302405212333985 -0.207194048780343
0.0235669267201348 0.017787344330466 0.275933049866976 -0.427104121319497
-0.0117869090728518 -0.0390765283798464 0.355725552357971 -0.494732584462841
-0.0421025053833296 0.023919399459675 0.326317926777254 -0.655071792494213
0.0112845328546115 0.0323776795096909 0.189117218630696 -0.599062858627551
0.0277249065614882 0.00407623181877267 0.101496096375004 -0.415911308389415
0.0167323602652364 -0.0391397404990181 0.0585714433144769 -0.203041811325731
0.0265238729905802 -0.0515119665673538 -0.0134201420330443 -0.00035464725076204
0.0303405163673498 -0.0219426379508023 -0.100521106941426 0.170017858294601
0.0298711513571324 0.00289248049962867 -0.161843502913192 0.376585159525751
0.0255559382323524 0.0343088552279171 -0.241572657639012 0.55088011126075
-0.0209192905312026 0.0485731238394673 -0.329335105585502 0.663350782689931
-0.0279519952374314 -0.0164399970982521 -0.351453071818592 0.57275017263892
0.0316908046208663 0.0276821769559661 -0.26026706066615 0.465673618551658
-0.00304459735896554 0.0917530307409284 -0.255493085476628 0.316434038192432
-0.0171850481008224 0.0732451619584204 0.279963951657234 -0.241043092828358
0.0263052019219665 0.00973180703645449 0.259852040205701 -0.420883943543458
-0.0194643148368861 -0.0379386471882616 0.321693639331276 -0.540944781118901
-0.0397827446593038 0.0309105680766304 0.242849875627206 -0.672812658532505
0.0161061608034742 0.0335044736456753 0.142306570065062 -0.594042313717554
0.0272355610580368 0.00212382071507268 0.0878917811102019 -0.423704927984184
0.0162614002330024 -0.0420975821791881 0.0597789782436148 -0.218284882223317
0.0268213631140871 -0.0527075536355273 -0.00990396570087522 -0.0148224469214678
0.029918568880183 -0.0216718074523444 -0.0984538681117655 0.150247278320603
0.0312188306889157 0.00570641201317377 -0.177898425034893 0.359652258896024
0.0225685267817748 0.0395191814479845 -0.285103361655913 0.546508944098949
-0.0289843772328476 0.0436510561628305 -0.407050485193673 0.643112533098609
-0.0223395430982728 -0.0226013567170548 -0.400264672783265 0.530019552195691
0.0340400796263649 0.0357236939513259 -0.27540491976881 0.456903002466511
-0.0141631379948783 0.0940279309649141 -0.274501340604799 0.296251469566707
-0.010484985907066 0.0563166371587904 0.258957866293751 -0.266758900951656
0.0206029018045581 0.00120251247811502 0.247500034662609 -0.416431728951479
-0.0246550776955145 -0.0318316050718611 0.283385521351921 -0.580448298488142
-0.0322585623964838 0.0319995380290988 0.173350507741845 -0.679384079677766
0.0183126337870663 0.0289300088916961 0.105045544572347 -0.586791478781149
0.0222596282932438 0.000578302802978655 0.0793575451531621 -0.4292823613472
0.0113032730591394 -0.0395603752092359 0.05839001881961 -0.2332592929187
0.0238041907755827 -0.0464769841543059 -0.00647089042749788 -0.0290918140554269
0.0282327235622204 -0.0140126616302863 -0.0963047398842903 0.132631428351071
0.0276506989895112 0.00952711930654486 -0.188090617019395 0.345091957165535
0.0145945193372255 0.0396942690955194 -0.322867617280574 0.539440017270663
-0.029477609018629 0.0351244532190401 -0.47489028869816 0.618248343925845
-0.0143911848182206 -0.0214094713219449 -0.435348615904072 0.484023309365625
0.0283888157037688 0.0409795910061942 -0.287192154995353 0.453625124519704
-0.0211780658495459 0.0804942920379752 -0.292012108886223 0.275935541893152
0.0212596770710815 -0.0679346923614466 0.324773548671431 -0.124491359018679
-0.0311422410538915 -0.0277073011108957 0.328328236470537 -0.410091331761822
0.000561113976781865 0.00726460112091468 0.421550602313287 -0.387701573383878
0.0247227100383459 -0.00569132473229829 0.48302393686469 -0.569770523006221
-0.00803855566491072 -0.0222121303410126 0.305704985152133 -0.575099833198412
-0.0227424688006322 0.00920304460286912 0.144492911267648 -0.397570769314789
-0.0144557041648536 0.0126789840795493 0.0654488353801012 -0.175106003651188
0.00524828163829671 0.017447441995607 -0.0219216373214356 0.0220849371372242
0.00345870606600208 0.0393745213441182 -0.0977365960623173 0.196449670513859
-0.022418220094783 0.019302653984626 -0.120080251981921 0.395362205593349
-0.012658821413416 -0.013713560143392 -0.133402799617942 0.549351910162126
0.0341834082951805 -0.0158716746865879 -0.17131250494545 0.681691289745074
0.0237711880333853 0.0278077801993423 -0.229039789736929 0.632332075527725
-0.0272963370317825 0.00832802647109695 -0.201499962758028 0.480081936237581
0.000209032668669644 -0.0494096886472121 -0.205756476345965 0.359905281308934
0.0112896804082097 -0.0344754004027931 0.330326169187621 -0.106666756418707
-0.0198573228899403 -0.0183408043299519 0.338596293186365 -0.419457039476551
-0.00124385531837865 -0.00211758772367217 0.420421135194795 -0.374868301028966
0.0105328790602715 0.000729702627330266 0.502012120513113 -0.555668505792079
-0.00466728011250895 -0.0106500950456268 0.318665487722553 -0.577673944007937
-0.0115455314340428 0.00801580521045711 0.143095662285452 -0.39487524332235
-0.00679722941260301 0.0020717538964138 0.0627242170232496 -0.16931634337427
0.0102479784491099 0.00242848305712324 -0.0222985965214428 0.0281546845437308
0.00998559459259057 0.025815987709127 -0.0984725783140164 0.203054025832783
-0.0108646113763131 0.0154934369360104 -0.120783094258708 0.402659876326925
-0.003115977162417 -0.00439012516959974 -0.130279299508989 0.548822732432415
0.023271634765853 -0.00197790684305109 -0.154337413438831 0.677586589810593
0.0144308481270544 0.0185712614487247 -0.211683527128553 0.639269985976251
-0.014169417264078 0.0130272866642891 -0.202931401185558 0.483973767414089
0.00256352340118057 -0.0151878324683188 -0.202955827220881 0.358631123781143
-0.00515751150808845 0.00111029402098826 0.330915105374225 -0.110098460761421
-0.00939997186438617 -0.0017188918601544 0.337578293676837 -0.427392487882308
-0.00024882298885529 -0.0126008196196102 0.409013374139595 -0.379746859121301
-0.00636937885008537 0.00291988842545597 0.493531867334749 -0.559307328131997
-0.00281979446000763 0.00230842193315506 0.310831757835408 -0.582560717371311
0.00102674799659125 0.00791783242283832 0.136555006002205 -0.397196980496911
0.00168734574932368 -0.010831863912848 0.0593497655737456 -0.169443544866957
0.015498508285965 -0.0140629826830534 -0.0217034392944504 0.0297859602096102
0.0174248880486992 0.00958743486635625 -0.0982054462389377 0.203136682500956
0.000825046581953067 0.0100825721349777 -0.123829743331046 0.403134753834488
0.00781892244499446 0.00603026904411706 -0.140344143123638 0.549842117366935
0.0127424223924349 0.0156502622285127 -0.163817309394292 0.674638806699329
6.74621475400946E-06 0.0108341376068025 -0.218319040770103 0.636574995758705
0.000494096782799176 0.015040258516562 -0.210406068079501 0.484626118928416
0.00525406385058338 0.0188801354353766 -0.207876549197864 0.355131059158333
-0.0199985727616668 0.0354527642482372 0.327599615552135 -0.129297999714285
0.0032346146955264 0.0127545059484876 0.325054914835807 -0.429183342322288
-0.000133118294614838 -0.0236359272262906 0.39684609950504 -0.402811477254498
-0.0213017854025617 0.00731620707524401 0.459527125435949 -0.580673438731446
0.00113823072907023 0.0147062689808207 0.282559388033193 -0.590158515827744
0.0131852294049477 0.00763150811548108 0.128084450218516 -0.40093036674531
0.0103814127884104 -0.0221764532900604 0.0587041701977684 -0.175119700899659
0.0209953991412081 -0.0310391841085371 -0.0207538222729862 0.0236397116444605
0.0233962065447712 -0.0044538410113395 -0.0980797528704982 0.195933446589843
0.0133620898922278 0.00556974443971164 -0.134031866843392 0.397811973131049
0.0181958781947037 0.015369375849224 -0.163173119691187 0.549571663405105
0.00293619806040566 0.0306775944029167 -0.198666992071444 0.67076790092878
-0.0138209005200275 0.00210841722753361 -0.245933206073075 0.625577469776517
0.0133865936116888 0.0169653576571473 -0.223965573908474 0.480558694628084
0.00677470200207884 0.0502157986560824 -0.219670477305573 0.345287472916642
-0.0260851542077927 0.0617150817517395 0.316992410863843 -0.164333758086843
0.0143132351954791 0.0200238339538469 0.300636655230032 -0.42741744651071
-0.00414837825235694 -0.0328340734405548 0.37902227413627 -0.441275346534595
-0.0344516302926824 0.0143521529398318 0.398811090381201 -0.614777315236296
0.00470369270943231 0.0248947787781255 0.237027409475111 -0.592840747946106
0.0225482784119784 0.00673123332976237 0.112166426489638 -0.404655485875568
0.0149662405463131 -0.0318703315550807 0.0586803304058092 -0.187019328269232
0.0238256692920382 -0.0440317001956159 -0.0175699701485101 0.0142550863399065
0.0284679169436259 -0.0161291350819833 -0.0988177373342759 0.184003782893056
0.0226867887416898 0.00261956399918058 -0.149257073908052 0.385295507827976
0.0247658351189341 0.0259735296237149 -0.198197382388271 0.549366863279261
-0.00938938086906741 0.0433203980253314 -0.256445869783747 0.665182180751973
-0.0251283521919354 -0.00672864942573643 -0.293557309832303 0.60180892208334
0.0246252230794954 0.0207052784504753 -0.241826669465417 0.469491301836707
0.00312410077200923 0.074765078070245 -0.236065590938498 0.330323862422146
-0.0248585007661989 0.0751156865758594 0.299839883665165 -0.203454631650565
0.0233564772228688 0.0178059521786023 0.273960995530914 -0.423239361743769
-0.0110622221485809 -0.0381035735801549 0.351759685440197 -0.48616506913689
-0.040899852190357 0.0228435374754177 0.3240600466727 -0.646872926435315
0.0103218645871441 0.0323821236141996 0.186367276076806 -0.592055946109057
0.0264384506816197 0.00524904115904908 0.100645362563749 -0.410570647805116
0.0166024962824825 -0.0385886560015173 0.0591710521856959 -0.200412127112991
0.0262620156925568 -0.0513537690752167 -0.0129912119205565 0.000590826675727161
0.0300131196110117 -0.0211977626741805 -0.0991261389934987 0.166426664307542
0.0300080940595011 0.00228919212000533 -0.161644771587695 0.370707892858944
0.0251846034958186 0.0349500486488361 -0.241572930052206 0.544437344059282
-0.0206130900378204 0.0472875983779017 -0.325625931021154 0.653558341710628
-0.0278338050265158 -0.0162334530983499 -0.346962108997466 0.567842860779314
0.0312522171076485 0.02717613257552 -0.258444860849452 0.459260168200949
-0.00391649752102274 0.0896550625172577 -0.253243700484305 0.312936683430746
-0.017239670274831 0.0729694908319912 0.277643804416522 -0.238344201005899
0.0257062719858165 0.00946950623818426 0.258253303751836 -0.416293900474624
-0.0198467908396929 -0.0374701326139605 0.317899316391525 -0.533673958186272
-0.0385444575368926 0.0307763452407238 0.241018872991779 -0.665747016220649
0.0156631952552919 0.0332010052670393 0.140337814252978 -0.585806219552304
0.026812666233004 0.00256220799991141 0.0884148159758303 -0.417100119761289
0.0153483492175927 -0.0413587192856694 0.0596648616398128 -0.215787130088244
0.0258099534905591 -0.0522386842642518 -0.00953948391371703 -0.0150164022272926
0.030952725249138 -0.0204716318696339 -0.097197323252055 0.146771365427656
0.0316461355841462 0.00643277460035957 -0.175194451489337 0.354972256263236
0.0218419988879725 0.0395036024136162 -0.282232893275331 0.537895479282037
-0.0283578619193924 0.0439123068646728 -0.403254498217883 0.634682169915241
-0.0229731327662199 -0.0225680391359603 -0.396637716965778 0.522709010166315
0.0327613063552141 0.0346890176387935 -0.273343989522991 0.450299795004284
-0.0142805683184883 0.0923638561261007 -0.272701711378071 0.291663943208428
-0.00959449186892013 0.0570721368746821 0.256340312852997 -0.264098571655357
0.0201445227069806 0.00023567990242934 0.246402714598316 -0.410974601022998
-0.0254415285237167 -0.0318810026680088 0.278993813072687 -0.573149987058782
-0.0314130576733514 0.0320390973554706 0.172773495880576 -0.671571181749538
0.0173789366798456 0.0284329766232131 0.10547798171128 -0.578114776915256
0.0215422327195084 3.64899043338533E-05 0.0771118340071674 -0.425363469842877
0.0114025371337818 -0.0386502356151302 0.0585919789507393 -0.231436019086712
0.0228279503203278 -0.0461326513564218 -0.00577209686017178 -0.0287702510679917
0.0278611682804659 -0.014462526461395 -0.0956154574531259 0.129714913734293
0.0272364036220102 0.0106846928262117 -0.185937824559475 0.340120846812712
0.0151716076868124 0.039611080735046 -0.321095922440829 0.53243382316052
-0.028796661325349 0.0340467693532583 -0.470256719647237 0.610757355591801
-0.0136032376335669 -0.0221273734052829 -0.431168901464784 0.477224157156411
0.0275380625294055 0.0415476465071008 -0.287960221830336 0.447221082006855
-0.0218782988002607 0.078440141442323 -0.288850709766325 0.271267413243842
0.0223343179652811 -0.0653968522679514 0.323017901048343 -0.121474567999892
-0.0301002124316633 -0.0276591906935315 0.327216979510199 -0.40633268885457
0.00110860791146695 0.00806258875315167 0.419026082639903 -0.383378006950439
0.0243258534461961 -0.00503226801682875 0.479331616328009 -0.560066023475279
-0.00775506422199181 -0.0206466474144661 0.304461894381166 -0.566593728725933
-0.0223135879706223 0.00877536869304684 0.143289214727506 -0.391584835083991
-0.0136616145595297 0.0127485718485342 0.0660051992902097 -0.172968437477752
0.00441116390297405 0.0177957239637498 -0.0208065822034944 0.0212427445321251
0.00353874397712796 0.0391404417478017 -0.0975635345078154 0.193120476705662
-0.0226159320475241 0.0200392913303341 -0.121427569369516 0.392298178620714
-0.0115665007392882 -0.0145402706695442 -0.134137985539262 0.542029919574244
0.0349793572364481 -0.0158724835974081 -0.172824050583147 0.67258029387372
0.023442223100508 0.0276357597086035 -0.22887465432255 0.623752256388553
-0.0259419125529859 0.00874767136721578 -0.202102253145596 0.475487840088859
0.000160353117568275 -0.0495130001402839 -0.204848805490654 0.35488756198272
0.0113573844139715 -0.0332499446350975 0.328388842721645 -0.104588095194512
-0.0201363090028295 -0.0178578005679225 0.338452854118068 -0.415694915807947
-0.000859103700649746 -0.00169324442685087 0.41740043624891 -0.370469100779206
0.00937911227541918 0.000116777962071231 0.497610363160769 -0.547903793664006
-0.00417668218986863 -0.0106042850327142 0.317739206357158 -0.569673232259042
-0.0107628009642028 0.00807515416983618 0.142691895533479 -0.391865136706851
-0.00692969223772729 0.00168741154487197 0.0623884528359384 -0.167071406865685
0.0102031923171362 0.00152958837991042 -0.0223575338926631 0.0271700488009378
0.011480246375201 0.0246600705146867 -0.0970014408396322 0.200452969543306
-0.0110384850542274 0.0153714526170602 -0.120195493204924 0.397187767364211
-0.00303283604832203 -0.00444399820726683 -0.130648264184315 0.542813626349493
0.0239631339290003 -0.00164548137069417 -0.155461761706157 0.668513135799225
0.0129701924045479 0.018288397877544 -0.211089051941912 0.631831081109989
-0.0136404311305137 0.0131016786502997 -0.202185777293387 0.479276165547613
0.00276419473337046 -0.0156092556082533 -0.202718472028349 0.355548818590075
-0.00489232619385236 0.0017538072757201 0.327900729606095 -0.107734952383461
-0.00862184085318012 -0.00292755354386085 0.336644085630347 -0.422819812213436
-0.000758457174154608 -0.0129009231026494 0.407042320344493 -0.37485269294901
-0.0060125215894974 0.00387260884293419 0.490351762683436 -0.554696603605563
-0.00199353522546894 0.00223402879016197 0.310832958985081 -0.575250312685492
0.00131309997173366 0.00747443761236292 0.137674079848717 -0.392461935682658
0.0021593988993585 -0.010201802524221 0.0604850403995199 -0.167631079210853
0.0147219191400096 -0.015180160142615 -0.021584534184953 0.0292225206757742
0.0172013651047821 0.00931005067467996 -0.0983214630380741 0.200314631728413
0.00217959564595264 0.010457103052033 -0.124790526583462 0.397575548325025
0.00818400769252694 0.00573369164122192 -0.141557283892115 0.544405272805353
0.0130899037607316 0.0150671998728995 -0.163977662496784 0.665294187192336
-0.000480014103319093 0.0104781872298173 -0.217229067428342 0.630505835607509
-0.000281391916062258 0.0155537887763046 -0.210049359458523 0.479679189588201
0.00575405884344781 0.0185036582715616 -0.209221752942747 0.351534325964496
-0.0196417612568101 0.0346785808222489 0.32550793048985 -0.127246436159342
0.00265120842455779 0.0117192335234591 0.322664744263331 -0.425159927198561
-0.00051886606617366 -0.0230974939114604 0.39429641697486 -0.397774155396425
-0.0220682669327122 0.00760383536740097 0.45423826416569 -0.573250489152069
6.33469272199971E-05 0.0154348416638751 0.281058993643507 -0.581161300207877
0.0122721500504008 0.0077550352265121 0.126981155574541 -0.395915894761095
0.00872056814960651 -0.021625128464532 0.0595994759312312 -0.173950294335501
0.01935634209348 -0.0303661560360449 -0.0192710387477508 0.0236781569954673
0.0238218899491923 -0.00488696738165445 -0.0975668200087969 0.194136717928202
0.0130440254442873 0.00519777474934083 -0.134548951374696 0.393467718008873
0.0170602033844158 0.0168448931604064 -0.165953614686224 0.542788959157508
0.00252985383171292 0.0306883061336005 -0.198927736835716 0.663325325805009
-0.0145156498979531 0.0019546566307898 -0.245949010769108 0.616862776141319
0.0125542206469467 0.0170415346945865 -0.223603677525284 0.473737738513546
0.00667419669721743 0.0478584932951191 -0.219653855781427 0.340593343024395
-0.0262597118762134 0.0608759277325207 0.315023771071721 -0.161586638314794
0.0149419215208496 0.0192286171184431 0.29860475648848 -0.421740812423709
-0.00357065897169228 -0.0320099366108051 0.37631101958653 -0.434975770933243
-0.0350961741113967 0.0139460815012032 0.395271457940482 -0.605439395279735
0.00463228739231724 0.0256453678282494 0.23754037687718 -0.585894593411237
0.0219838175179894 0.00639427843923003 0.11484902497545 -0.399071453499174
0.0149741087090189 -0.0313657851859074 0.059336015312218 -0.184173580789037
0.0231861787240074 -0.0439713754346193 -0.0164853724689334 0.0133657959580997
0.0273010886951346 -0.0154955796573012 -0.098193627666174 0.181886891670987
0.0219733216529496 0.00272305380258725 -0.149185171514945 0.381149948177055
0.0238820185145563 0.0258792986555932 -0.20011812299805 0.541672652143531
-0.0100024019113352 0.0428310894632307 -0.255946121198184 0.657136187090948
-0.024524353208374 -0.00724992823282283 -0.293014069767133 0.594325769363699
0.0245310515075927 0.0200942091995732 -0.242143365666816 0.466756013483489
0.00289165607767569 0.0736168814554171 -0.234704404142155 0.326679781839932
-0.0246513946600859 0.0745413520199622 0.298279448635365 -0.200347226096601
0.023393386949375 0.0182310379330062 0.274312580683825 -0.418483728996612
-0.011086743488675 -0.0374361235617943 0.349814621678209 -0.481335196217284
-0.0401410589797138 0.0231930452320529 0.321139718099755 -0.638626125567431
0.00959532590352459 0.0324642503813608 0.189012653507477 -0.585175113393169
0.0267434588132352 0.00506839380867962 0.100436137057296 -0.404677083655977
0.016125502003678 -0.0384912288796889 0.0592146273846705 -0.19832959940145
0.0250205619796951 -0.0501862933714125 -0.0131085046107459 -0.000131879549698371
0.0304747818402075 -0.0210764163547325 -0.0990988459717177 0.164227914679782
0.0304080351855828 0.00338613406524978 -0.163173940536882 0.365581511851791
0.0253657251062915 0.0343025497554512 -0.240804577047811 0.537067062424608
-0.0213356868179123 0.0471675563070607 -0.325032213945311 0.646786206473427
-0.0280246359035973 -0.0173018644273962 -0.345420249312662 0.559696546698974
0.0316114813606726 0.0266826660374474 -0.258505273489971 0.454971310517463
-0.00543320064791587 0.0898187097624152 -0.252020176132431 0.308037918299623
-0.0171346868558167 0.0723646672901094 0.277557368076817 -0.234662567085551
0.0253675595336451 0.00983273572846155 0.255705182473258 -0.41238098758276
-0.0191430642383428 -0.0380044533005301 0.314965574080969 -0.527307711890347
-0.0380266483770106 0.0295216075727458 0.239503692620029 -0.658346082725282
0.0161411401861424 0.0328703429715323 0.141237497033631 -0.578864272779971
0.0270675890835724 0.00235308017370553 0.0889845645639348 -0.41231293780037
0.0150331937393678 -0.04071002077713 0.0600521644378732 -0.214145642847018
0.0249414173599833 -0.0518168598133055 -0.00846588633570828 -0.0156640306894953
0.0313730613919267 -0.0209118545350488 -0.0978518969216111 0.144358366030526
0.0317748716081815 0.00639455070234479 -0.175131201839587 0.350751250624977
0.0211609719664668 0.0386888303266388 -0.282541065218822 0.532015355487238
-0.0284274847067149 0.042749169633449 -0.399482140285505 0.626940870104445
-0.0233637437179732 -0.0225157537873333 -0.393868015138239 0.5148756634329
0.0338438766239309 0.0349815999142534 -0.273822910686182 0.446023444165301
-0.0146605567762368 0.0908982981029772 -0.271137084244558 0.2873345813056
-0.00943109873388812 0.056459669065385 0.256766952310531 -0.259371255854165
0.0202374236259953 0.00106919436117343 0.247208282268924 -0.408627944672047
-0.0238446374636149 -0.0312729778600353 0.277968041949659 -0.56631002132237
-0.0306184700939768 0.0316364739954071 0.171516490295272 -0.663283543066636
0.0177181328921582 0.0278838421436221 0.104756154390331 -0.569377874853915
0.021938264849468 0.000397181491677443 0.078544045305911 -0.41942501209914
0.0110432214665952 -0.038708725122431 0.0599140381830588 -0.227162335940448
0.0225671526387759 -0.0456262646438786 -0.00626341818203592 -0.0297840951103871
0.0281233973755847 -0.0139036962979859 -0.094789660789771 0.127510520607258
0.0279857357826598 0.00964214301620915 -0.185667095361402 0.335500784850678
0.0147455897211529 0.0381933351967201 -0.319123790816041 0.525243272565788
-0.0288446598228318 0.0334696485017334 -0.466836134345312 0.603020951655053
-0.0135608037283548 -0.0211788691128117 -0.42986209922397 0.471701864505949
0.0287150354200994 0.0401760504773325 -0.286197631581165 0.443728872458421
-0.0214596805712228 0.0770914577515574 -0.287676720125878 0.267174407598149
0.0229869523234672 -0.0646595376671934 0.321971139476129 -0.119262054427446
-0.0296278616022221 -0.0273997389823062 0.327938356263703 -0.400868449667832
0.000585762907969881 0.00815921017339665 0.417777403956574 -0.377291892674591
0.024673758940695 -0.00546682900352615 0.477982411145386 -0.554504563593149
-0.00784553185203376 -0.0216087446703907 0.303851473841712 -0.559978276545168
-0.0227457750372429 0.00973810980404981 0.144393389045494 -0.388298020529123
-0.0131461087571893 0.0124584982215032 0.0662071232484811 -0.170967332952939
0.00464992225592569 0.0176909012826468 -0.0208257844022019 0.0202709330525684
0.00393541393566601 0.0383078070392916 -0.096927600828282 0.191632624269396
-0.0221571742164203 0.020359258072194 -0.12319068247634 0.3869860375656
-0.0117570796199306 -0.0137367461102906 -0.138310888427412 0.535501911058195
0.0336413543206053 -0.0163064154662845 -0.173676439801884 0.666292611003003
0.0223098470648761 0.0271365710824912 -0.227957907873821 0.617480055301066
-0.0274137568351981 0.00837950187134175 -0.203988751033743 0.47075616609482
0.000346223602198284 -0.049945479799524 -0.205915483557659 0.349828020082726
0.012820417145048 -0.0329296363216422 0.325710615759246 -0.102257545373122
-0.0192899704576826 -0.018089294722637 0.338567208519445 -0.410871923909036
-0.00027777400034319 -0.00206265566376877 0.413778122388769 -0.36399088200314
0.0104364526235752 0.000100087326698483 0.496314927495677 -0.541171190498245
-0.00487064023094533 -0.0104246359637084 0.318693889875741 -0.563469025376839
-0.0112149955755329 0.00783064086778212 0.143320037440926 -0.385317058325924
-0.00625936167327395 0.00256723041061163 0.0627670413764393 -0.166096906470283
0.00911711409590957 0.00158285476602414 -0.021772803424102 0.0273499091833692
0.0116806219156236 0.025037013004379 -0.0975464359333055 0.197454793155359
-0.0108859285975794 0.0168088221335338 -0.122424507430932 0.392782954740454
-0.0033574769394644 -0.00443155003568361 -0.133023230062561 0.537986116235312
0.0237185505646484 -0.00297025664793983 -0.156521130165596 0.662350521252805
0.0136516921384731 0.018931320778823 -0.213059815991385 0.625799359440195
-0.0136743167907431 0.0131715646958928 -0.204333664292102 0.473529602955504
0.00248042540724099 -0.0157920315524414 -0.203846012855422 0.351634096654632
-0.00503699142200783 0.00222125561673219 0.327528448727465 -0.104414149706588
-0.0090228367320203 -0.00307384933051205 0.336506883889314 -0.418113428370817
-0.000470310773181278 -0.0128979531761941 0.406117384713787 -0.371565901625344
-0.00720010387089169 0.00304107351660138 0.489545259310644 -0.546301639120629
-0.00247051370985953 0.00203372445491119 0.310571062639238 -0.567584259317639
0.00202001212021242 0.00804140334682102 0.137023767288409 -0.388160203182263
0.00181450375267441 -0.00886201579202298 0.0604703513550014 -0.166300017563351
0.0149614792046135 -0.015608316756571 -0.0215364577301058 0.0279797782016391
0.0175750452002355 0.009015435679695 -0.0979721403621494 0.198204038834014
0.00208023454968168 0.0115163213502797 -0.125567009348178 0.394655989039831
0.00693107774034767 0.00575251933971528 -0.143736575394859 0.538806352775977
0.0140710009941523 0.0137430641569362 -0.166180403722881 0.660960907565673
-0.000291153430106484 0.0101183160740731 -0.217728846114375 0.62402213312956
8.40077074607103E-05 0.0142298947089848 -0.211465973196272 0.474407087606026
0.00409160614377971 0.017486409159349 -0.208548639328512 0.345473125202881
-0.0198545885649083 0.0357478810162107 0.324025518077033 -0.124276412545693
0.00307726086913946 0.0122132687017364 0.323842076758238 -0.420162888491714
-0.000133300063300504 -0.0227326673033249 0.392261709141083 -0.393840115591736
-0.0206732328752137 0.00799281610250498 0.452853484699365 -0.566440697713913
-0.000282375852232872 0.0148923505336184 0.2821671643231 -0.573896877252067
0.0124693322034665 0.00797618836061806 0.126973129742092 -0.392337253976228
0.00949183746885908 -0.0209156464646142 0.058903850927359 -0.171181455738577
0.0190494479171457 -0.0309756614314422 -0.0189408917814681 0.0224765692469217
0.0241887078079015 -0.00553631160293907 -0.0979339006730136 0.191887848234109
0.0130565920675044 0.00610134813661223 -0.135064672849909 0.38889561270173
0.0176646199549297 0.016352823832771 -0.166655264699559 0.53795228355565
0.00247779188173921 0.0301484101545785 -0.201610288917136 0.656579102248537
-0.014474895861048 0.0021578090574116 -0.245619084128712 0.612357883961666
0.0125468604653478 0.0162824790634178 -0.225103181982906 0.470460727792739
0.00449626490988067 0.0489224432996377 -0.220209694764294 0.336555223828756
-0.0267475918365801 0.061162193836734 0.314478289089641 -0.15875974216584
0.0135727523147353 0.0193144521885613 0.299830155826165 -0.419802278169306
-0.0026571737668102 -0.032345177537589 0.372545258756202 -0.429893110229751
-0.0334177717956824 0.0138945796497017 0.394542784709291 -0.600719695669888
0.005680640635187 0.025388889233986 0.237736138520224 -0.576491517608952
0.0211560929192038 0.00657670485323673 0.11519673489039 -0.395620688694683
0.0144936500263976 -0.0323206626277906 0.0603635307400183 -0.183097207696156
0.0227626439808519 -0.0449497978703487 -0.0162277092774101 0.0131386794169362
0.0280056617281955 -0.0161930716547579 -0.0992944159078403 0.179001057597786
0.0232618821834156 0.00393069507205228 -0.150903310399622 0.377030378884752
0.0238135736499027 0.0251139423082165 -0.201868252299803 0.536460551520312
-0.00997370360828585 0.042060103935828 -0.257496714351727 0.650677188286152
-0.0241793334510017 -0.00768120894054262 -0.292411830270906 0.587776789771502
0.0243672598765083 0.0210152965767509 -0.241559436444735 0.461694362401593
0.00207890719238612 0.0732615950037787 -0.236448983625963 0.321552636940282
-0.0246375446264712 0.0741526452741423 0.296440673364996 -0.197662248937126
0.0231992667274861 0.0177770014449297 0.274557972271593 -0.414417645276289
-0.0107057604897549 -0.0371368631004631 0.348851154970684 -0.476846923071251
-0.0399513855940049 0.0229619318253969 0.31957275167861 -0.630279314112677
0.0106505670731107 0.0315658860555728 0.189736587706336 -0.577160228759781
0.0274197345587979 0.00478063914583976 0.101349513610226 -0.400561944409494
0.0164222034529154 -0.0384626189211885 0.0611957734920295 -0.196409956222365
0.0244105698354781 -0.0517285848966655 -0.0120514034119384 -0.00127298383748318
0.0309257657177434 -0.0216647782242641 -0.097877842214893 0.162649833369335
0.0295764350405785 0.0032907504103203 -0.163382642511604 0.363507807046047
0.0246022085238149 0.0347780808798059 -0.242491254831851 0.531671735643254
-0.0208079983042993 0.0469556343848952 -0.325207352830764 0.640458330988382
-0.0277878105986911 -0.0173230549281663 -0.346074149978234 0.552310616707146
0.031992099868295 0.0270902355644792 -0.257866159439102 0.449391187665894
-0.00631977502325999 0.0876466728177431 -0.253205667281203 0.303979732616601
-0.0176253207705738 0.0721834664483812 0.276809624030153 -0.23133078134834
0.0255646540527642 0.00949816134677553 0.258858881954372 -0.408168320213426
-0.0197237405992874 -0.0366831794742441 0.31667573248838 -0.521528613332936
-0.0380079474613689 0.0286656613317794 0.241207247365511 -0.64918916338727
0.0152685622768049 0.0328237903475209 0.142525172684887 -0.572927081791456
0.0273154201442534 0.00193833198529781 0.0899099822879691 -0.407003719178541
0.0158539657758892 -0.0412629418639442 0.060831831918373 -0.211483803089022
0.0248518343838096 -0.0517023674059335 -0.00831383174661872 -0.0157403087115919
0.0308779103211352 -0.0212306676134948 -0.0980051390474667 0.143134756401056
0.0300286534335908 0.00649537714753131 -0.175238123741417 0.346711961483245
0.020658476827201 0.0391142245637685 -0.282895041183173 0.524498162610268
-0.0290955199661926 0.0421462287761574 -0.399231702662286 0.621210001800127
-0.0228818295644125 -0.0218017083194946 -0.39362870199735 0.509893431863824
0.0332896615850715 0.0341843571533577 -0.275596928687531 0.441011549927061
-0.0152689823141535 0.0903842533257965 -0.271316392546855 0.284012380011476
-0.00939765956575279 0.0568437288101514 0.257457212729332 -0.257062635499746
0.0195204034019954 0.000899006654371703 0.248661443320889 -0.403929913142407
-0.0242119547132309 -0.0310564288620178 0.277899836218513 -0.560819900863875
-0.0298563850145566 0.0316157035303692 0.17035666859306 -0.655940081503154
0.0170477070633034 0.0279062715389373 0.106331191957067 -0.564055174067392
0.0223177906809467 0.000131950474992863 0.0798085502779401 -0.415690849866508
0.0113912452639287 -0.0386346912960199 0.0598693463891904 -0.225772058423993
0.0222113926807108 -0.0449243057937824 -0.00573652033858286 -0.0290669957093987
0.0285968944907838 -0.0150743852841667 -0.0947425472918042 0.126606608376554
0.0276389541742512 0.0107848785412194 -0.185067983602187 0.331424815093552
0.0144893760740067 0.0382790888982551 -0.320721108453129 0.520086643562561
-0.0286404004300427 0.0335996243291087 -0.467199771336511 0.596366888565312
-0.0129814143325753 -0.0213412991239451 -0.428986155674742 0.464151295876205
0.0275997917986881 0.040486147229073 -0.287426415780888 0.438327653261628
-0.021997440985267 0.0760464181084892 -0.288281004004713 0.26392404243821
0.0229117235345235 -0.0639423792263625 0.321940357085563 -0.116332864772759
-0.0294056395674864 -0.0285093598225472 0.329966436203319 -0.398575443546777
0.000472645350901242 0.00809561169385161 0.417729724686737 -0.373865719983264
0.0240581894123543 -0.00497002354288699 0.477398861061569 -0.547461610227804
-0.00791940795015772 -0.0213939306321464 0.305652042456599 -0.55437306211709
-0.0226661094329282 0.00916897894998928 0.145866949850013 -0.38389711976247
-0.0144609416790101 0.0127365602191283 0.067854526256791 -0.169590912034267
0.0029155923848414 0.0174321170830158 -0.0207479677380654 0.0206371457059452
0.0045493237807082 0.0383063332066197 -0.0975450058618511 0.189683233694351
-0.0223323576903282 0.0201440764425194 -0.125577321011933 0.385231617465731
-0.0116432709369653 -0.0135658596776125 -0.140360245931856 0.532542113434246
0.0345118299374688 -0.0156763908978504 -0.17729863154762 0.663021581202568
0.021825654239724 0.0272987987116475 -0.23118107995587 0.612736967290036
-0.0265338162174563 0.00805174305154807 -0.205894293776961 0.466790668438148
0.000821459242805989 -0.0501711524124316 -0.207181496808721 0.347707228197971
0.0121274983767494 -0.0320468985362999 0.326125519022422 -0.0996441295047729
-0.018203593920744 -0.0179335396774017 0.339406516263487 -0.4069767015022
-0.00139047083419388 -0.00178275120497671 0.412198718246757 -0.361274735276331
0.0100247423230887 0.000348991053009937 0.49713900707549 -0.533530048516814
-0.00434097323876374 -0.0106649101607097 0.319947113797148 -0.556803777495462
-0.0109790749503323 0.00843904840065802 0.145017109925066 -0.381717733492468
-0.00667487050759273 0.00222389049373398 0.0644079109713702 -0.163511454239135
0.00886994999902651 0.00194709522709699 -0.0213791858101025 0.0261798970754468
0.0120051923983439 0.024427309703474 -0.0981538684040634 0.195362190561138
-0.0105159548387503 0.017287230575924 -0.122950921729921 0.389785938719514
-0.00291874242296706 -0.00388847403945648 -0.135867611441213 0.53325305022729
0.0233294790420604 -0.00257913044548113 -0.159296259500841 0.657436687638908
0.0122452329476888 0.0183378658133124 -0.214601342189463 0.621066866498322
-0.0127615496274147 0.0128151937650317 -0.206597329644895 0.469900112479907
0.00220554168578554 -0.0170799368838617 -0.205067662089507 0.3468693907409
-0.00432685081330184 0.0024130718016657 0.327461079470153 -0.101702060560985
-0.00780321112548819 -0.00172022896903932 0.338626138891301 -0.414304720823418
-0.000952883033773885 -0.0117562755570581 0.405068254184425 -0.365814665852448
-0.0056001844047829 0.00397976127023653 0.489911045099761 -0.540227032133683
-0.00283009696737557 0.00260059986850291 0.310079208655278 -0.562376034529413
0.000408780530029676 0.00807152846834184 0.139098261854485 -0.384723499640294
0.00155651665401035 -0.00905973502098174 0.0627304673840264 -0.164428356949603
0.0139934845129854 -0.0151097020082433 -0.0211385869176703 0.0273368831398564
0.0174361524069668 0.00931321931866502 -0.0979587466197098 0.196732590968443
0.00234659763136602 0.0116811168298656 -0.127495065375297 0.39051979912849
0.00643210017178141 0.00486601259008638 -0.145541898259237 0.534090490080009
0.0124763335814939 0.0149234624059426 -0.167667235241884 0.654737025413805
-0.000786795067856568 0.00966115191686975 -0.22024771502969 0.618945233378745
0.000653500822995619 0.0148143706248255 -0.213349662882378 0.472507100969771
0.00372042364873068 0.0175780141462577 -0.211433179144309 0.343143333811662
-0.018895173068429 0.0341833845559858 0.324215955172863 -0.120985908725524
0.00236421808786374 0.0113533136613476 0.325268194249234 -0.416181357122125
-0.000683695074955172 -0.0231451670968659 0.392455642991579 -0.388462057103812
-0.0211407224262085 0.00755203416004576 0.454216195377731 -0.561117057368126
-0.000173033446245404 0.0152016849060083 0.282148560868246 -0.568293598687701
0.0120555796021682 0.00757725335138472 0.129335345177148 -0.387121657228178
0.00906631139591589 -0.0201764532507995 0.0614730122025419 -0.170664597322037
0.0188462785021277 -0.0310694765214555 -0.0200761165432338 0.0221496616128458
0.0234544864682195 -0.00605029903601479 -0.0984724633360521 0.189539537043525
0.0139141536938202 0.00668487153557417 -0.136597396606453 0.386336177994062
0.0163395171188792 0.016364994807883 -0.169727061729365 0.53408133098055
0.00254087522237122 0.0307878479984432 -0.202696287205289 0.650916875708932
-0.0145047246470441 0.00167560685301505 -0.247324448763698 0.607739206623868
0.0124881684977006 0.0171565730590213 -0.227357522729163 0.466330174380474
0.00411989774451135 0.0476284603027732 -0.221287836701565 0.333235149392262
-0.0265965851761861 0.059990138788 0.315959131698689 -0.156446897107511
0.0148162973204914 0.0191878451659963 0.301131386488174 -0.415917425297306
-0.00387749451290155 -0.0316168280548149 0.374211140243458 -0.426324892521458
-0.0329159442696973 0.013128615532776 0.39559882741548 -0.592670104649323
0.00412778497537511 0.0257051338912138 0.239403590784585 -0.572425727557133
0.022132597019664 0.00733925800447265 0.116133546105022 -0.392153527595111
0.0138718743587905 -0.030760569132015 0.0609855072728335 -0.181292839637311
0.0222598014782261 -0.0437103315042593 -0.0162240423215814 0.0108573585850885
0.0277878857234151 -0.0157509186469614 -0.0994918336479722 0.17717313271562
0.0239492485541934 0.00348851866624165 -0.150830417097484 0.373198416162454
0.0226422875869319 0.0262549516157515 -0.20403258566046 0.532820318827527
-0.0086846477553436 0.0420732998510948 -0.259109440711541 0.644865131731585
-0.0242683124573032 -0.00768693449537341 -0.295609942262723 0.584166948748314
0.024624352787743 0.0200185400768068 -0.24319513583366 0.45818471572704
0.00192159413523092 0.0719510145818227 -0.236348106131617 0.31820924503168
-0.0231158847631342 0.0738869735624941 0.29842233542617 -0.193909848569139
0.0231897632364343 0.017989876547268 0.275576681102145 -0.411017304189852
-0.0113860456893283 -0.0364133158520292 0.348613800344488 -0.470732969012115
-0.0397960784795268 0.0213558190915636 0.321244661671121 -0.625631385009507
0.0106536206010601 0.0319284750060014 0.191469240434059 -0.572735522137202
0.0265755108358677 0.00443826918681053 0.102997051292544 -0.396553425123864
0.0158737672042057 -0.0381307445718145 0.0613274488932775 -0.195206132289431
0.023497499725751 -0.0510941937868662 -0.0128261761743294 -0.000310481539317216
0.031143863784869 -0.022095583294387 -0.0997700734380978 0.160335366491888
0.0301453282088548 0.00405342461462993 -0.163980201750712 0.359224549044868
0.0244841614206476 0.0344103676772653 -0.243102202377074 0.526640517108736
-0.0216088886793692 0.0460400006285072 -0.325755746502025 0.634455990239057
-0.0276426488205945 -0.0176487860971085 -0.34828576995937 0.548827969038282
0.0313842906757676 0.0271278769076684 -0.259734800562597 0.44657182614745
-0.00642717494349969 0.0868747244946647 -0.253868473152995 0.299672363563278
-0.0169266466554927 0.0713971691232695 0.2773075485381 -0.227734768127147
0.024472724361114 0.00911408996198028 0.2608208830842 -0.404295869658028
-0.0183447661569036 -0.0370825213047325 0.317291651974996 -0.517435205622572
-0.0379765237288887 0.0292877526351474 0.241275010649325 -0.643959919336455
0.015375805763573 0.0320662270348902 0.144905291159724 -0.566619387510274
0.0270355959261658 0.00306365956096142 0.0904773148439234 -0.404302913157387
0.014021145913544 -0.03995794854952 0.0614693639332681 -0.209963663269027
0.0236943903341859 -0.0520824096095011 -0.008158435490995 -0.015589728166951
0.031795735972408 -0.0210820085533093 -0.0983756299928134 0.141478840573589
0.0318161228295664 0.00695417253220252 -0.177596276338642 0.343366944616038
0.0203842625344907 0.0398279104908354 -0.284746321261943 0.522249645024147
-0.0288951788738809 0.0416077917035645 -0.400908628352928 0.612310265687177
-0.0219981598280595 -0.0225173197341573 -0.393566358372636 0.503763272816396
0.0330722984087069 0.0348828226285973 -0.275411748667358 0.437346037549946
-0.0168220403060864 0.0891177279798175 -0.272372376568152 0.280006550514209
-0.00994889673271056 0.0568069485380027 0.257241356020226 -0.253895431689994
0.0201692926871387 0.000455498143053672 0.250706698534953 -0.40201896587768
-0.0240162967365984 -0.0309355216529815 0.280163806082058 -0.556028929101535
-0.0306983856427507 0.0310661531301982 0.173993143526123 -0.651808939850201
0.0169135894730672 0.0276808973498932 0.109591760035864 -0.559091450004667
0.0221146154324305 0.00106279871626088 0.0820526072472065 -0.410860309508384
0.0103664886628088 -0.0374566855770894 0.0611742896558628 -0.223275260460596
0.0212194136375205 -0.0459384056281273 -0.00534326345929505 -0.029962258187571
0.0287820742572458 -0.0155727603079178 -0.0953713450626 0.1247812692243
0.0277795651446148 0.0106824904161884 -0.186815796758184 0.327877111553504
0.0138331871285821 0.0387899751826744 -0.323011488642861 0.513605920759128
-0.028480581451885 0.0318788806451776 -0.465562129586837 0.590751344466973
-0.0134517871956149 -0.0208396501261907 -0.429086852152712 0.459545332533628
0.0275489443165333 0.0394041449743545 -0.287258649112897 0.433368587422533
-0.0235381943882977 0.0737533179083185 -0.287163295935661 0.261104526945602
0.0242967556861212 -0.0637039079515577 0.321978369916619 -0.113292872049004
-0.028402326270733 -0.0291331003249576 0.330128552161266 -0.394262450770959
-0.000326307697157486 0.00822152163423959 0.417172482591663 -0.370322465175864
0.0250396916153092 -0.00509873389451637 0.477769391304096 -0.542170208611831
-0.00767079511787095 -0.0212496551519385 0.304369072568692 -0.549536054932851
-0.0227786548617816 0.00924191324107109 0.146185251200892 -0.379945812008893
-0.0136807577446658 0.0137249144073302 0.0699085306540658 -0.168988256793697
0.00347582853062149 0.0170615024121366 -0.0196587684619439 0.0199053420733179
0.00511182012321989 0.0377282754895398 -0.0992233718496477 0.187934923455123
-0.0224335493644293 0.020576955649435 -0.127405527544346 0.381704221345925
-0.0128769212876436 -0.0137448744628039 -0.142901971153977 0.529277445832505
0.0337007937508189 -0.0160056250384651 -0.179645845188738 0.659026011184485
0.0222331504800509 0.027101691931173 -0.233033162019978 0.6088624072716
-0.0266734020292125 0.00786834831728278 -0.207713854831394 0.464137131883475
0.00163908751344439 -0.0504901794568889 -0.208978612981549 0.344767333663064
0.0131195916353148 -0.0313061069206969 0.32718028483424 -0.0960980079086833
-0.0191443891589903 -0.0186281115756762 0.342008565473567 -0.404547067777302
-0.00164746991527747 -0.00174897452789363 0.413965514108576 -0.355449048009516
0.0102612573242539 0.000675603418901008 0.49793062444743 -0.529373408772072
-0.00439483737360287 -0.0104621921627571 0.319347827927777 -0.552304861465435
-0.0112685994717375 0.00752385455103732 0.146552236173974 -0.380045694428247
-0.00653135625997509 0.00306265441048786 0.0650283150709081 -0.163487731764217
0.00754124064722093 0.00094997937336386 -0.0207752462994411 0.0256910811395783
0.0114743719977187 0.0238359063689984 -0.0986120524932761 0.194584450824123
-0.0100215884294121 0.0173152767220804 -0.125427761584047 0.388347008833375
-0.00301542380549082 -0.00351659742650862 -0.13974433535385 0.530102459405885
0.0241645212018874 -0.00243922524584563 -0.163272482056039 0.654738838284505
0.0121854893525512 0.0188225761664671 -0.218384154778274 0.6171130364303
-0.0125876408027764 0.012363480667132 -0.209550313611858 0.466784958762891
0.0016366846816445 -0.0171035825566783 -0.206773648600225 0.344447527012488
-0.00373395986661922 0.0022640396311369 0.328446567596347 -0.0982802652949037
-0.00901986460532439 -0.00238878773147504 0.339989278141632 -0.412582456360102
-0.000608032475695804 -0.0115527050727552 0.404086909155742 -0.361019370650965
-0.0057466828437594 0.00349723036248127 0.489166356166152 -0.53472584287225
-0.00233275114227437 0.00234529212896563 0.312938151158001 -0.557574185976992
0.000611178926251354 0.00796074838712999 0.139826964808967 -0.380851961504741
0.00185802266911433 -0.00973184583331088 0.0632452455485276 -0.163007505196406
0.0136247799087146 -0.0149530343494929 -0.0202192242140032 0.0269690167797083
0.0184383892602265 0.00875241851727623 -0.0999809106085404 0.194483811273749
0.00223150881605381 0.0115310213998517 -0.128997692966679 0.388391726232495
0.00683504571387304 0.00537660169753057 -0.150250293409772 0.529683546977482
0.0134523346524768 0.0146978717202329 -0.170992809990439 0.650837097999394
-0.00105513170292178 0.0103196422137577 -0.222890174742628 0.615900042018669
0.00125799670825546 0.015422276035286 -0.217107993483963 0.470212056802753
0.00392838589818842 0.0172746251160376 -0.212006668379863 0.339918195214129
-0.0197382665126121 0.034762211949761 0.325303736880068 -0.119317084510866
0.00251835225853825 0.0113701108262885 0.327736451665618 -0.414383046606855
-0.000130901809989592 -0.0228669951957544 0.391325091264504 -0.384241527715187
-0.0214252182221653 0.00697241926286331 0.455189201076866 -0.553997762706904
-1.28562904285338E-05 0.0150911442063276 0.286125898729932 -0.563192706698159
0.0131704399596545 0.00771835779966045 0.130915224480284 -0.383620193615606
0.00914473873757089 -0.0208717468263793 0.0617980101240736 -0.16960154809222
0.0184896498549486 -0.0310284633582061 -0.0186650570479984 0.0216284713246923
0.0248785045966406 -0.00593645660211445 -0.0998239119219643 0.189197165231909
0.0138874977316767 0.00675709874484617 -0.138397997693652 0.382294312638194
0.0164615002210973 0.0160816164149802 -0.172784931251815 0.53067305937654
0.00167429443713261 0.030297361497594 -0.207111388383929 0.648613300941438
-0.0143712421409851 0.00253039578096661 -0.251726315231657 0.602982129790494
0.0138696446090929 0.0159152008538301 -0.229261604333264 0.463427060657558
0.00380186624207564 0.0472999182415969 -0.223522801203565 0.330643460022455
-0.0260911824575939 0.0595744230856829 0.315921275695535 -0.152108662292494
0.0141704428944388 0.0192744723074172 0.302758482939363 -0.413122201418483
-0.00274597600371184 -0.0314936389923576 0.373156970413153 -0.42012013267965
-0.033561985360413 0.0131979763779905 0.39701322373928 -0.587881093846383
0.00520268681486068 0.0240700247948209 0.241179452787102 -0.567497210022836
0.0219821131441966 0.00702361545091267 0.117850909573674 -0.389109062273264
0.0141690299153027 -0.0308423589190555 0.0633287681974643 -0.18014312056101
0.0215363124558619 -0.0435447960457635 -0.0143756487416118 0.0119879805947617
0.0284838707953062 -0.0166683644445769 -0.10013560254276 0.175560913213517
0.0237974082030092 0.00411752607549203 -0.153866892822377 0.371330776244709
0.0235422285692102 0.0255912997541422 -0.206353264323194 0.529617024542489
-0.00970196011025033 0.0406579161965648 -0.262506026819371 0.641150029530038
-0.0244810747460302 -0.0073005021645743 -0.298164849742123 0.577291852122707
0.0247412810813707 0.0209341437497166 -0.246717615728656 0.455124275460373
0.00160362851068373 0.0713499296653207 -0.237839347546756 0.315776173328831
-0.0243234563963284 0.0737007378664225 0.299680075707823 -0.191358361029867
0.0226639417430671 0.0170326688831726 0.277762402125773 -0.410584175161432
-0.0101738287157848 -0.0370592599107265 0.351254510356187 -0.465187250009089
-0.0394880042442618 0.0219516835173039 0.324581124380674 -0.620447973375824
0.0100806192896736 0.0325628483643992 0.192500655389327 -0.566255838944571
0.0270232942631294 0.00587515613218782 0.105209747969696 -0.393819712098974
0.0156129832498611 -0.0378583342983917 0.063602453772065 -0.193824736366264
0.0236576383331655 -0.0507177253443472 -0.0109891772511865 -0.000817524361225078
0.0315600893502522 -0.0220141252694705 -0.0998342716694862 0.158780630748553
0.0305878555816734 0.00472918334659353 -0.167146050871411 0.357588565118723
0.0244889586975135 0.0338237986019344 -0.248382599647082 0.524279993926489
-0.0202474901665337 0.0456992857933566 -0.329903421320529 0.630040135049851
-0.0278721005038413 -0.0158768677411268 -0.347966883894687 0.543884250591655
0.0315301391068222 0.0268266456213325 -0.262219508508082 0.443591492795714
-0.00724398386091895 0.0861440547097201 -0.255131870155693 0.297750693706718
-0.016103449448235 0.0720433519162385 0.278612802062309 -0.224763008219103
0.0249715992717586 0.0101020233824654 0.262786254004386 -0.402457226119751
-0.0188864004499679 -0.0371949954308715 0.317269255382315 -0.513903736351295
-0.0378461981500624 0.0287860019643255 0.244342859513903 -0.639196502955755
0.0158018359058844 0.032949524263337 0.146997962986369 -0.562722523107733
0.026940551474257 0.00291917540324341 0.0933542019186964 -0.400363089128102
0.0150264650395826 -0.0406883776464663 0.0623636471036073 -0.20809689753959
0.0237547546099139 -0.0520496594790284 -0.00801248683688656 -0.015983331181787
0.0322849521283236 -0.0220955936583854 -0.100147654145531 0.139440480233197
0.0313582236002456 0.00666155497103885 -0.177888659041359 0.33990986571192
0.0198837742950354 0.0393211493324763 -0.287079994800901 0.516404262916095
-0.0285951945091218 0.0412471493382399 -0.402305289565966 0.609191935042233
-0.0223993058649518 -0.0220615235759431 -0.397052614443495 0.497673090920485
0.0335552683438278 0.0346658158955078 -0.27780338719801 0.434500844412858
-0.017562693213048 0.0879034852364458 -0.273081886675025 0.277214098810161
-0.00960467047623951 0.0562210102963396 0.257624025188696 -0.250961747218249
0.0201471756864821 0.00108951817982389 0.251624696953432 -0.398389748416206
-0.0237215409211021 -0.0306652145275298 0.282501116700541 -0.551899884884418
-0.0301205655074669 0.0304447080521015 0.17579102652605 -0.645988509988144
0.0173045069728772 0.0280459337453681 0.113314854766997 -0.554897125587443
0.0222004587818107 0.00164417433956643 0.0836424882194958 -0.407505523770985
0.0107888632077272 -0.0373055497593136 0.0629796417011488 -0.222316826818352
0.0206612048293983 -0.0465423127266496 -0.00457779197723564 -0.0294599153903674
0.0295438181146921 -0.0163523068808161 -0.0973744546002063 0.123287300441695
0.0279424167133795 0.0111073870779529 -0.188453931245142 0.325858952111378
0.0136054248140014 0.0379876221268469 -0.323234103876319 0.509641984560659
-0.0283162711615321 0.031934365665932 -0.468395366888036 0.584063379543024
-0.0126162660014014 -0.021646228370046 -0.429364353149549 0.454595189254436
0.0273857365472945 0.0398432855715966 -0.289086586639112 0.431273293774818
-0.023423310651441 0.0744184364506346 -0.288449802954668 0.257162807784778
0.0243756751705683 -0.0634541742343047 0.323465760401695 -0.110767488661582
-0.0282359601420003 -0.0286033327064839 0.332839592807433 -0.392772188855164
0.000171380187934502 0.00792034320059211 0.41945008517173 -0.366115413314146
0.0243466636975331 -0.00528811428428714 0.478709658481778 -0.538898161751315
-0.00751972441674747 -0.0210634179750886 0.309332782193995 -0.545428279001179
-0.0216360371119344 0.00949244418029639 0.148451251905974 -0.37739486495375
-0.0140331151982307 0.0134096534815639 0.0701865761406031 -0.168550020388559
0.00263830661760479 0.0159013703595958 -0.0202530098881015 0.0188700474080856
0.00500163192693124 0.0373919072099828 -0.0999025953828439 0.186557295117498
-0.0217253466974212 0.0200341054851415 -0.130078233434664 0.381485931017465
-0.0122888628938029 -0.0125439734413915 -0.148647221638645 0.526307251212221
0.033883475479527 -0.0153171988751274 -0.183544189934814 0.656241118592708
0.0216228915764726 0.0277794666593277 -0.236847753270271 0.605911720368554
-0.0261200939012062 0.00720384131501901 -0.212846899761865 0.46073934563782
0.000606658962103757 -0.0507308843312337 -0.212288531987815 0.343229488552661
0.0151019721377865 -0.0320296400897486 0.327391614229448 -0.0945654807605535
-0.0181533895648534 -0.0189400482464983 0.344132123270602 -0.40096879730242
-0.00102665755352513 -0.00157217453489227 0.414336244139098 -0.352661109959464
0.0108292714086978 0.000785836394681321 0.499659800634917 -0.525615283418622
-0.00426615815841308 -0.00989853415455463 0.321785163653573 -0.548737074567603
-0.0109257361394839 0.0068351616107842 0.149045767428441 -0.376815379512791
-0.00605241941930266 0.00299625481671002 0.0672747677992908 -0.16310005219418
0.00738431231581776 0.00193744012154953 -0.0205454070121168 0.0255857837464267
0.0120765602354894 0.0229366685244516 -0.0995449231671493 0.192890751663454
-0.00959188693535576 0.0176482487197666 -0.126802241866243 0.385336593205072
-0.00422919778363811 -0.00361533368975557 -0.14206419910971 0.526538026103943
0.0236769711538224 -0.00223800300885302 -0.167655226632082 0.649916225571968
0.0125433547409337 0.0191211336306242 -0.220464283275132 0.614187683543023
-0.012620577219272 0.0119324789453621 -0.213024951893378 0.465172779187773
0.000968858787498821 -0.0178951820106921 -0.209074204237882 0.34248153433636
-0.00326510274573413 0.00276922010591732 0.329034013171954 -0.0966315540995536
-0.00819852318180654 -0.00281808571489455 0.344080425475347 -0.409425927691624
-0.000228525312564667 -0.0124020138147884 0.405111674667439 -0.358718705374908
-0.00560636920983407 0.00356359375519844 0.491176500890413 -0.530109448719803
-0.0030018275352413 0.00230212062214645 0.316011555331033 -0.554552570735836
0.00121953230720512 0.00824712117807951 0.143118053461183 -0.378222533133598
0.00237190788537806 -0.00863047821954809 0.0639597550369038 -0.16253596112683
0.012933544055041 -0.0157115455971242 -0.020174679593629 0.0261656137054402
0.0183848132396688 0.00847496557223828 -0.099667558860562 0.194242763645728
0.00247022780936452 0.0113373943256547 -0.132532011353109 0.38701896334431
0.00666014060835037 0.00658896645048355 -0.15408153759609 0.528884421315726
0.0120497144163409 0.012973082863523 -0.175412222962661 0.648428992135435
-0.00146464617166889 0.0110810299623591 -0.225394274548991 0.610922703756924
0.000502295238018549 0.0137750658913308 -0.219772265758036 0.466617350218666
0.00321218600121285 0.0166734971427995 -0.214315618220817 0.337401053334954
-0.0186084445519084 0.0345211697880684 0.326503409400266 -0.116058599529631
0.00332140137987652 0.0110247149658027 0.33120445686552 -0.412014355319472
-5.06282266353117E-05 -0.0225697653653745 0.392819960322902 -0.381390951038995
-0.0208791777650499 0.00674304915386685 0.457632899195374 -0.550491599906188
0.000346025677886339 0.0150150643775404 0.290048695429053 -0.559854615476232
0.012955839663586 0.0080844093608112 0.132604001311905 -0.381423339494862
0.00930218502484751 -0.0200272558504407 0.0637327904156372 -0.16789428396592
0.0179198914055821 -0.0304011817605696 -0.0191994496612457 0.0213570026225034
0.0242964936873764 -0.00560051122930082 -0.100216029596674 0.187047524115554
0.0143225594550153 0.00756451755074051 -0.141979139873015 0.381971862857185
0.0162177148446386 0.0163282953299441 -0.176570506583383 0.526897529868876
0.00161185679226084 0.0296295228297123 -0.209027785464129 0.64667614670102
-0.0155841541053903 0.0021974340594388 -0.253988923881639 0.599471106246048
0.0135798847800511 0.0159327784172989 -0.233107368273234 0.462323848622808
0.00306805002421242 0.0472762577380388 -0.226414875478768 0.32842243694808
-0.0265693689540567 0.0596903052611751 0.317663539792713 -0.150034761886689
0.0136410623415359 0.0184534790543691 0.305505258081534 -0.412619391153007
-0.0034680478797075 -0.0319664590728122 0.376444961962625 -0.417890239291254
-0.0333483711893991 0.0129536609011337 0.399877484993286 -0.584404440484326
0.00421079187680622 0.0257436971360936 0.245240228559043 -0.564609946997795
0.0214754133653375 0.00692321842140685 0.119263004954641 -0.387404654061789
0.0143882104060526 -0.030294907888461 0.0627107092831538 -0.180809728168706
0.0211913027243599 -0.0438311963604743 -0.0145189873735014 0.0111187309273245
0.0290938068219217 -0.016820599528247 -0.101119634238972 0.17429512488063
0.0238107206802494 0.00409862052107387 -0.155569012229857 0.36853988798353
0.0222057796871406 0.0262887560409898 -0.20992043157408 0.527005194853291
-0.00989315729860833 0.0414294107157297 -0.264890479764613 0.637924816780377
-0.0250270941708531 -0.00736588615485413 -0.298211019331635 0.576241815423596
0.0245883288923956 0.0208966586570657 -0.249164535749036 0.451394388897125
-0.000675148216772666 0.070645997484368 -0.241310015901802 0.313599157664691
-0.0239050784565748 0.0730793274827926 0.300515659445556 -0.189406853810437
0.0224557296501468 0.0170604418212325 0.283141012652307 -0.408004062356572
-0.0102544041058366 -0.037063478400039 0.351524758263924 -0.463280202213157
-0.0392906456903468 0.0211871168406507 0.326530497154794 -0.615589578134571
0.00958814779705942 0.0321038668151683 0.197268551709254 -0.564894680490174
0.0271586863282478 0.00566017435346576 0.105331722162908 -0.392056093184661
0.0159353955430467 -0.0376805594316169 0.0637775261139462 -0.193772929928705
0.0235164130738738 -0.0514019096823286 -0.011812499486739 -0.00197816502850047
0.0310024231878588 -0.0223201716590972 -0.100086793691372 0.157554352708409
0.0305199568099026 0.00476404170672736 -0.168405815960597 0.35468226606774
0.0241066839156116 0.0344679610004218 -0.25006157092633 0.52166963198065
-0.021386927897938 0.0446461031109876 -0.334101070629864 0.627048651702334
-0.0281490971015285 -0.0165641298464718 -0.350952121219165 0.541015757856658
0.0319831218121831 0.0265782814001486 -0.265791111205382 0.440915975664812
-0.00735433242591029 0.0864148636998439 -0.258432395735975 0.295948925647061
-0.0168593896359266 0.0713045976830665 0.280253762354613 -0.223081616476179
0.0249665434059426 0.0098724993352876 0.2660511475869 -0.40138783687885
-0.0181123224278811 -0.0365239432846266 0.32036351654916 -0.510549843665476
-0.038262102208097 0.0289266610556836 0.246964377945777 -0.637446498598009
0.0148057000899147 0.0328109114983861 0.151192708337034 -0.560132254352208
0.0271815649063497 0.00278852511312404 0.0944572513705086 -0.399964260593556
0.0149343338077183 -0.0403586285528788 0.0642986961766308 -0.207436910624985
0.0223903623704021 -0.0518889213952035 -0.007107124098191 -0.0167406784131726
0.0331812097870632 -0.0222347975072046 -0.0998262947612837 0.138615025239369
0.0316050113178091 0.00687269272121281 -0.181412600953369 0.336899394674729
0.0203139677027984 0.0391378589527229 -0.289196417889707 0.514796255289294
-0.0290777502104879 0.0411343312260072 -0.405907511667165 0.605222638913446
-0.0226593515927898 -0.022855063449936 -0.398760122643656 0.495844442315434
0.0327434485313427 0.0346375946376381 -0.280327211832824 0.431375661514027
-0.0180781268076235 0.0872725391615451 -0.275208255984018 0.273898125340299
-0.00954253809492831 0.0560864631127806 0.260924695318543 -0.249242663582998
0.0203062894240246 0.00093344059087055 0.254722490468277 -0.398468069134869
-0.0235420430720572 -0.0310993890708661 0.282914002223987 -0.550046153789935
-0.029859134765142 0.0310507443142382 0.178821485801564 -0.64381517073927
0.0171688459271559 0.0284002878922025 0.115179333542333 -0.552309205772916
0.0221149515185681 0.00154474965309973 0.0853214223554738 -0.406189889978165
0.0110289143849095 -0.0367637032397477 0.064529545113633 -0.222851995047412
0.0202916956738189 -0.0461789888374443 -0.00428414537296001 -0.0300574537632056
0.0295243659459891 -0.0161500234786966 -0.0973513772396998 0.12151387781822
0.0279487109644852 0.0110950302923692 -0.189600609207131 0.323587832259601
0.0130732795144242 0.0388263314498166 -0.328031594076579 0.506939830766007
-0.0289146451743493 0.0322250266139372 -0.470597388594792 0.581081212476843
-0.0125323173448058 -0.0217491439383133 -0.431606907502254 0.451524582078141
0.0278273057490386 0.0388780162202894 -0.292561085284097 0.429181162151426
-0.0241925105047997 0.0728601727095372 -0.290543977466384 0.254966320027794
0.0144445941442684 -0.0652784520978159 0.300786686981027 -0.154482010715709
-0.0356989922306271 -0.0215009353235903 0.274095042133002 -0.435880016999268
-0.00318646683958122 0.0106433473981258 0.363917131287104 -0.42094336244723
0.0181109340359369 -0.00538747084660109 0.404033879035709 -0.598813077354958
-0.0154489251608507 -0.0177599245700636 0.23301627980166 -0.583150292538701
-0.0202210653561598 0.0138015754579729 0.0941663690517835 -0.39373489029135
-0.0121579928432189 0.015222683624027 0.043843478307016 -0.176769969464396
0.00372026186036644 0.0166769717685172 -0.0167025022386387 0.0217639849728487
0.0108476265551218 0.036458239893477 -0.0708675414601609 0.198301746234425
-0.0189185685421503 0.0252311278901368 -0.0718112032718693 0.392259581507137
-0.0167961877978293 -0.00977398128972686 -0.0641631209731108 0.538887958788786
0.0263647181134525 -0.0233205210001822 -0.0727144299406414 0.672643066873736
0.0214237041542585 0.0194797551624934 -0.135051268058674 0.635054981508015
-0.025255457899839 0.00956730249148563 -0.134791435168426 0.48240469193014
-0.00843238332161937 -0.0516793790658445 -0.151202877080563 0.365132972381931
0.00743713132544528 -0.0324935060669979 0.308823415053582 -0.137952086234686
-0.0250083652423034 -0.0132466584026736 0.28508377087002 -0.448795507252404
-0.00659441126593612 0.000892423220453119 0.363348881797198 -0.408046575837904
0.00457000665047326 0.00136530600954998 0.424650723251628 -0.587497020905802
-0.0110516247979998 -0.00627230214597418 0.247468085484725 -0.587530748860767
-0.0101584478802449 0.0117756982543849 0.0947818420255791 -0.391295420601447
-0.00625943436641541 0.00317012381724554 0.0419773691620724 -0.171671787653935
0.00759659439358164 0.000449709586353662 -0.0170962332569779 0.0280466794443765
0.0148828857572635 0.0210810930964965 -0.0694278731445687 0.205838901925528
-0.00870076218248399 0.0199252082578578 -0.0698085705851078 0.397169737087156
-0.00623101862883135 -0.00163203188535439 -0.0603973683453401 0.538275359850573
0.0180757971799743 -0.00728273145321003 -0.0579632647797752 0.667548957879813
0.0100251157494679 0.012501736011054 -0.119307921103373 0.641557786549777
-0.0117539982048608 0.0122328501621765 -0.134183526360034 0.489804009169176
-0.00151871364673237 -0.0189638017138623 -0.149711411881772 0.365260723747333
-0.00563370334729104 0.00370059744375102 0.309828412526228 -0.139233970593605
-0.013179582040689 0.00127720943569967 0.284118321942531 -0.455556221037105
-0.00681091941657579 -0.0108064837854343 0.351820205683792 -0.412155391899099
-0.0117869730585762 0.00699524895892012 0.416072927075162 -0.5882244580193
-0.00763634903817535 0.00635092159696023 0.2385196500752 -0.591414506644613
0.00287777661421547 0.00989806461341849 0.0879568203813786 -0.395449435413084
0.00114023454210065 -0.00956596447972666 0.0401134485196634 -0.170585134448572
0.0102109396695719 -0.0176737942929797 -0.0163477752484816 0.028949835946587
0.020092171231139 0.00547443569502352 -0.068682626223007 0.205684652140963
0.00262564338650399 0.013021021390031 -0.0713448687002323 0.399211353221577
0.00557552567697937 0.00687805213969011 -0.0714874197415348 0.542168645137341
0.00887566673710313 0.00997683590563421 -0.0665371922195374 0.664073716615247
-0.00361698373640102 0.00548589751172468 -0.124576198575065 0.637195777514687
0.00239017727530794 0.0123648890336571 -0.139052579904288 0.490359303708679
0.00536139661871114 0.0133497108284123 -0.156712379567301 0.365686612194253
-0.0166233703525564 0.0376599365519196 0.305561996845715 -0.158043482773039
0.000245800562008745 0.0148689632287206 0.270041917494955 -0.457024309546736
-0.0073442317348171 -0.0194826393145273 0.33535447950471 -0.433148061297119
-0.0268264230051596 0.0121723243006629 0.376739209065704 -0.605436534099337
-0.0025976458972925 0.0193523319261177 0.210933279556714 -0.595689930739758
0.0142818751860188 0.00872362804540208 0.0777628073924232 -0.395823095379876
0.00560163365932073 -0.0215033664487862 0.0380655967628103 -0.177038840785746
0.0123135453540732 -0.0335739107622873 -0.0155786682040499 0.023942707347633
0.0234793010443724 -0.0103061570976117 -0.0692885380070282 0.198593111393826
0.0138374836389123 0.00634066959788289 -0.0809446641201478 0.395224779056612
0.0157883487980081 0.0157381671892284 -0.0933059528121492 0.546366862144498
0.00170999514095166 0.0282307400359926 -0.102501849806115 0.666194432389093
-0.0184148786814089 -0.000711356251944104 -0.152770929358467 0.63123840100976
0.0149192626377672 0.0128434599366223 -0.154907764778432 0.487639826147531
0.0108990687580882 0.0442275875901152 -0.169448938924575 0.359437594292628
-0.0212173319557737 0.0650362683331833 0.292816252432052 -0.189524868532877
0.0117487086258719 0.0209968733263864 0.247078145720671 -0.453530946263597
-0.0108402653946714 -0.0283265959918287 0.313158381466665 -0.467830938748033
-0.0369452897614599 0.020338344572887 0.317464722556425 -0.629360218969818
0.00278380492694083 0.0290110063634266 0.168697200069494 -0.592146468635197
0.0240417814484679 0.00627796831861801 0.0651015238755454 -0.398575185715209
0.0102453535841646 -0.031525732719004 0.0355746448932058 -0.186387516904198
0.0146931465301693 -0.0463448952489974 -0.0138214827260924 0.0138411402900049
0.0262618564645367 -0.0213939845078815 -0.0724150596635365 0.18769321362607
0.023412847887575 0.00159878234746292 -0.0973935370685182 0.385703904724418
0.0238423008733139 0.0242625245552871 -0.127422870776182 0.548959773016003
-0.00954400557625664 0.0395876310940703 -0.159162625900796 0.669581282551361
-0.028986839925345 -0.00858422655070445 -0.20201902849448 0.613521972498418
0.0263670439864365 0.0147708383475331 -0.169239529647878 0.482559593095265
0.0102158223943936 0.0688751886893309 -0.187181852060543 0.348791207792882
-0.0175484329665115 0.0774612770827301 0.271203370889134 -0.225117880885749
0.020903373278214 0.0185375310585093 0.224225608239451 -0.445933123068065
-0.0182884787944393 -0.0328182048740581 0.282576534162175 -0.509057263810762
-0.042785955288633 0.0304822529966307 0.239875087427228 -0.651895680938738
0.0101474541156369 0.0350707892698206 0.120755295981503 -0.586203012899004
0.0285791902335077 0.00349006599481725 0.0515942840220105 -0.402956083525074
0.0102408536653349 -0.0396781224585573 0.0345715279490375 -0.200257785288041
0.0139545670522281 -0.053762554139934 -0.0119416466228271 -0.000674347067003461
0.0278407766625278 -0.0270948001380036 -0.075047226817663 0.170660511174604
0.0298273528649206 0.00114322226527375 -0.111977202952797 0.373740840024566
0.0259842235565513 0.0324010144177199 -0.166591251201887 0.550065664325849
-0.0185593540472794 0.0445945958702386 -0.227920232098857 0.668435328164843
-0.0322812241915237 -0.0169405661458813 -0.258413875166357 0.586467718526443
0.0341273277298621 0.0200944597963316 -0.188863305258229 0.475179416836967
0.00527785571402202 0.0846610437958482 -0.207878402169787 0.333439695113616
-0.00942429769800459 0.0762203636760396 0.24602224745618 -0.256831106069827
0.0228000985399664 0.0109388473078292 0.20645311530487 -0.436831056398482
-0.0270934411142603 -0.0306736000641153 0.245137355172234 -0.552043679843126
-0.0397113904968884 0.0384283513763003 0.158419457496669 -0.660469718811954
0.0157575946826798 0.0353349000490948 0.0758746278064852 -0.574245730949426
0.0285731277587251 0.00066104533484259 0.0397836017633291 -0.40664762063605
0.00899826776541142 -0.0417398978626808 0.0326907950542096 -0.215594816698131
0.0136919725253998 -0.0562642436482216 -0.00969531182539577 -0.0140004788209758
0.0285425725346293 -0.0260778578983321 -0.0765555905189587 0.151607066933598
0.0319421417151523 0.0033013405050145 -0.128135199991633 0.358256891986434
0.0224168118490004 0.0369224485563633 -0.207835960208825 0.550766314783488
-0.0280002164159362 0.0412726405337383 -0.301594136391864 0.657083437145232
-0.0283023918172802 -0.0239398629482332 -0.312444682658753 0.549722099331948
0.0380744129343083 0.0273093923142887 -0.203904268199471 0.468901140139382
-0.004267206516048 0.086991278390993 -0.229366994182693 0.315979363990343
-0.0038442665060354 0.0602158834817878 0.222586769561834 -0.278796834384083
0.017363968392231 0.00200833370040353 0.198928597353653 -0.434843583122834
-0.0315066915170195 -0.023509594693432 0.204970927325392 -0.584468415763814
-0.0303048084275781 0.0401150180988815 0.0899230531615491 -0.658672681462951
0.0173161424878849 0.0305701885167648 0.0451237934169504 -0.561822366091934
0.0232586279727533 0.000700198853978149 0.0295008271145361 -0.412260307174595
0.00450436810601124 -0.0380255012377226 0.0294672244800776 -0.228656937123496
0.0128036078365852 -0.0500599037939617 -0.00843068514430954 -0.0296475536056077
0.0270881542143942 -0.0207892925674193 -0.0786011208313131 0.133820206718846
0.0279519909910534 0.00781269671508158 -0.138605412345949 0.345329913876682
0.0158555315510089 0.0377081529026136 -0.245853618134051 0.548240801618707
-0.0278000928218577 0.0313923987231906 -0.368179442217406 0.645419239966829
-0.0173713964584306 -0.0245882245969217 -0.35150084111208 0.513102415807607
0.0331534955054909 0.0331918313167949 -0.21603076489114 0.467608869954423
-0.0123359616544766 0.074169120839687 -0.247588395527043 0.297771245029585
0.0156279291914698 -0.0657906165795734 0.303110019229431 -0.153495397915323
-0.0365571423095252 -0.023449760930928 0.278092858064543 -0.438482619330542
-0.00439819109675055 0.0112932820597556 0.366377668362974 -0.420615237225425
0.0176431965797811 -0.00585703997484181 0.406316891513604 -0.596760546397642
-0.0152035295710806 -0.0167783338030328 0.236594534772206 -0.581228800776229
-0.0213980056411888 0.0145431206798076 0.0958117234687686 -0.392760423440072
-0.0120275960611342 0.0160545353014531 0.0461159906051877 -0.177454120663835
0.00390005305685051 0.0166740064624131 -0.0170171470680158 0.0219634019292204
0.0115495064757005 0.0364718948604309 -0.072303283908293 0.197598764303254
-0.0190645255033007 0.0252661128580004 -0.0734637083527545 0.391406027757534
-0.0163509937521037 -0.00938917812087674 -0.0678039419026006 0.538521808165866
0.0252595823890599 -0.0223861270534 -0.0748724177765838 0.675272518069331
0.0216137810263382 0.0204641677377836 -0.137920866673194 0.635842595358499
-0.0256865586975996 0.00907045578501058 -0.136711300070083 0.483494168589567
-0.00915413661949921 -0.0521228449609281 -0.154789774131213 0.365212344843041
0.00920603769499859 -0.0330326909114122 0.310948369969363 -0.136173271956538
-0.0252976593538728 -0.0137235193290018 0.288212276628405 -0.448779097260134
-0.00619780923338707 -3.67979668022256E-05 0.365264909583617 -0.407558554707795
0.00510637851621885 0.00104215100516196 0.426646729441392 -0.583803385234014
-0.0101508731579932 -0.00650695884808613 0.24954789092689 -0.586984576795377
-0.0092727394528615 0.0109719295227779 0.097115497605858 -0.390538704970298
-0.00610980628601614 0.00468825188715182 0.0432059689660427 -0.170726839671567
0.00511888568957893 0.00100060677495927 -0.0169543876798842 0.026981506316011
0.0161464410980055 0.0215511303205816 -0.0705395827715762 0.20444544860315
-0.00808161282675212 0.0198854742948171 -0.0700519298952809 0.398554719936379
-0.00677318659726137 -0.00149478681670325 -0.0630332087867517 0.53851761392318
0.017225368702263 -0.0076459051619195 -0.0626247495413704 0.666888200534918
0.0110558169370661 0.0130113521552425 -0.121629168343417 0.641757600093505
-0.0113318405264841 0.012453759746738 -0.138050423552258 0.488313842707601
-0.00242481981238045 -0.020461957392684 -0.152973944368787 0.36665180689944
-0.00567924329003684 0.00303650477252685 0.312860581858191 -0.138135047290959
-0.0129234736620215 0.00170555687780381 0.28647852989392 -0.457594743599216
-0.00635059481995844 -0.00970559204389943 0.355029331015586 -0.410447587828615
-0.0117943653515652 0.00632664847625402 0.418545833303494 -0.587613124134434
-0.0074717341369091 0.00573028824689458 0.243039269063281 -0.590945981456268
0.00302538402345156 0.0095904846929994 0.0898872025400013 -0.393090853179541
0.00076304855064815 -0.00860475508131649 0.0401366536443512 -0.171602361560754
0.00857630128726933 -0.0168991186757406 -0.0158880359795426 0.0284027370706915
0.0206090938422529 0.00471179420554047 -0.0710546678102286 0.204999641485506
0.00426883646377762 0.0126634327347573 -0.0752399443949659 0.398721205675711
0.00447130805185736 0.00793430332169958 -0.0746466763565026 0.540340016826789
0.00918914828298617 0.0100318858891105 -0.0715396875859458 0.665413693508986
-0.00399224531403782 0.00624085586627513 -0.12866887870508 0.640277247436708
0.00240620917277476 0.0129085157633263 -0.142794800715855 0.493012242261345
0.00523208893883692 0.0141879696732046 -0.159642618921385 0.365831885519344
-0.0164767457466515 0.0375902620612239 0.308283820780519 -0.156950812220676
-0.000697400128325329 0.0147056345911866 0.274562179224049 -0.458781773383369
-0.00731527809279491 -0.0192182349989316 0.340127196685768 -0.432063804975167
-0.0264102189841417 0.0118090094705856 0.380974020059525 -0.602038660085036
-0.00330730470899457 0.0188012507415908 0.215209509165811 -0.592789695673246
0.0141703213639733 0.00770078285243274 0.0795286735081679 -0.3954864366422
0.00609735537431083 -0.0217086057073597 0.038442166364865 -0.176533768871759
0.0121629484247157 -0.0338924767798817 -0.0150640363092861 0.0232736947299877
0.0237202894682459 -0.0107815418677219 -0.070723708145798 0.199907956811801
0.0152928400774395 0.00572147181913041 -0.0843222458638702 0.395435569012362
0.0163258635091408 0.0162498562376035 -0.0978090254101889 0.545976067667677
0.000612241080486367 0.02739563453111 -0.105877310915057 0.667419068451397
-0.0185830221072726 0.000367820096133297 -0.15574336065221 0.632512920631427
0.0147490350702386 0.012659787121039 -0.157652668983678 0.489410789552891
0.00948295573932336 0.044149186666481 -0.172528766578719 0.35871996838418
-0.0214084232933877 0.0648194737117367 0.294592460937245 -0.189044807223408
0.0126506772226935 0.021412061844637 0.250009663092798 -0.454600583548441
-0.0115866943689763 -0.0273956142522467 0.317458539814462 -0.466490483650305
-0.038447798649579 0.0206130563199488 0.319542756597207 -0.628324003000669
0.00291451270028606 0.0298576646081375 0.171055848061247 -0.591585873631681
0.0239136010555544 0.00603137544028763 0.0658602418828609 -0.397218002412269
0.0107510338485187 -0.03193571751338 0.0381744333470001 -0.187102566142584
0.0131860124898174 -0.0471985629407329 -0.0137009383647657 0.0127658015708442
0.0268729164887007 -0.0218637571382497 -0.0742018065500136 0.186957179921733
0.023158019143862 0.00201399433174001 -0.100171529450637 0.387522122680594
0.0232463925290542 0.0246965644952058 -0.130905146858112 0.549228300553963
-0.00866832455645476 0.0399205814982354 -0.163494487785137 0.668735341479436
-0.0291975536015919 -0.00798951180485792 -0.205277321858186 0.61352534020253
0.0260940856216126 0.0143745415799054 -0.174146956438836 0.483436652283173
0.0092596937173139 0.0695677700683736 -0.191292329053874 0.348292410043659
-0.0164993568171031 0.0786963607306841 0.27466531661409 -0.224900302211887
0.0218573629413505 0.0186345530789033 0.225524488673979 -0.446550716279254
-0.018688392808971 -0.032428531324864 0.284699085025864 -0.50816171698498
-0.0434527095931886 0.0301346445956447 0.24338850691505 -0.651054790572477
0.0102137807165466 0.0354535392532534 0.124900896077873 -0.585357309148378
0.0286481198037227 0.00408699434374601 0.053311401890864 -0.403030646772527
0.0111235603934789 -0.0388726823059435 0.0356289814664226 -0.201165984936687
0.0139997266775396 -0.0549703280267511 -0.0108886203470462 -0.000359663802520544
0.0283820477386108 -0.0284103307124633 -0.0768942746951116 0.170690998077456
0.0308541416673907 0.000855457663095882 -0.115405771928648 0.373691978631454
0.0262450774393113 0.0326359771924109 -0.171419144105241 0.548995294008727
-0.0198110195092024 0.0444684868539944 -0.230053419628008 0.667379356784631
-0.0327277336761388 -0.0175522927384009 -0.262521068635245 0.586569156564312
0.0352612237752739 0.0206815805415639 -0.191657480745316 0.477446160613564
0.00422006977917074 0.0851043100313588 -0.210119418916278 0.333088101878073
-0.00962377482670794 0.0764410293974689 0.249050056993806 -0.25572624427627
0.0231805242581873 0.0107416786040872 0.210312042366363 -0.437664970484243
-0.0271141823308177 -0.0313432141312966 0.249283925243869 -0.551471146389299
-0.0397430528802223 0.0379516493532816 0.161881278342625 -0.659732327020285
0.0160082397900012 0.0350243360679718 0.0789146831063551 -0.57461879573028
0.0282290395143559 0.00131188393079987 0.0411123324141948 -0.407224055517286
0.00961421573909983 -0.0412348221064901 0.0352915689939839 -0.215353967007899
0.0138554812585837 -0.0554186222987096 -0.0103474147461683 -0.015594362179355
0.0294952727207518 -0.0266042670334898 -0.0777928646208114 0.150829293258728
0.0327322350523346 0.00362576977980409 -0.128656274859281 0.358806256285314
0.0232607033250282 0.0379376371084011 -0.212343061688591 0.548437563585217
-0.0276836109779353 0.0413614247853826 -0.305393044885361 0.657830975010042
-0.0278175377373898 -0.024493358945976 -0.315222705040894 0.549794242000224
0.037559305677967 0.0273705209108484 -0.208174616556355 0.468748976831945
-0.0057776084810496 0.0882226768455469 -0.232583206109439 0.31511575332359
-0.00415998306575107 0.0607519960982475 0.226517033877096 -0.27730616029894
0.017984927454607 0.00213369678358044 0.200315955854958 -0.434136812488887
-0.030673512113599 -0.0237826005624111 0.205616470742068 -0.585195976828689
-0.0315186057361379 0.0395665914343934 0.0937412986203452 -0.658984595509251
0.0171003199104943 0.029910103181187 0.0452698354275487 -0.562973001862753
0.023698560484124 0.000165745944363797 0.0301749833462936 -0.412725384419186
0.00529341200679771 -0.0372088989270235 0.0312927873158322 -0.229439789507041
0.0123438970744617 -0.0493558363107086 -0.00882864657923597 -0.0295396127088323
0.0270773650371515 -0.0213883292203504 -0.0782886494011237 0.13367514538563
0.0292598623543213 0.00847897982944569 -0.140179401170342 0.346771051147875
0.0155967236072807 0.0378953277925818 -0.249633666801674 0.548256727266537
-0.0286920399378096 0.0309216415899458 -0.371679447959045 0.644704268608417
-0.0172649762283226 -0.0246418590659889 -0.354579055473544 0.511502819341912
0.0330498957028564 0.0330113075534394 -0.220271719861237 0.469017815122206
-0.0141832150714215 0.074909262411103 -0.250439706550774 0.297072815318996
0.016253710292504 -0.0660479069866953 0.306699624752643 -0.152285015105502
-0.0361337774832995 -0.023339426745669 0.282194131485477 -0.440793158111584
-0.00374531015090463 0.0103049585287794 0.371268439659447 -0.421008426001974
0.0187015692430198 -0.00584642603399961 0.410918332985427 -0.595584306450601
-0.015273015696386 -0.0178025517488806 0.23995618108148 -0.582425022783008
-0.0208022153898036 0.0142500395411313 0.0979916211172564 -0.393835405721378
-0.0125031515932143 0.0164058361658813 0.0472367093696047 -0.177406700849117
0.00244911486676528 0.0162542655699 -0.0161152106755237 0.0208474403599412
0.0106966449959604 0.0362612081445566 -0.0727490278468556 0.197710010280947
-0.0181145789524181 0.0258321302101942 -0.0764960155743355 0.393320496418454
-0.0172996208856789 -0.00959931400079045 -0.0704224511115721 0.54116541385867
0.0258891381549517 -0.0238390096214804 -0.0784083439406185 0.675753937568696
0.0214071132868787 0.0210975469120071 -0.143335946982948 0.637842909154188
-0.0247691702268657 0.0092624316220994 -0.141437927575532 0.486491020322597
-0.0088380715401611 -0.0535405563284643 -0.156437826457941 0.36393694527484
0.00835059121782915 -0.0330100109193931 0.313663803472182 -0.135493881813469
-0.0253082628735794 -0.0144651027460293 0.29148486272496 -0.451900472911334
-0.00610162529289096 0.000252666930272464 0.366652463971308 -0.405261488431211
0.00461446996869722 0.000522597280936594 0.430776391561675 -0.584677875188006
-0.0112888547857765 -0.00695474917182607 0.253645948422199 -0.585692728733566
-0.0102462320071377 0.0109375465647164 0.0981715202536432 -0.391530501518608
-0.00584236419565143 0.00442291223202478 0.0441933728790906 -0.172615010002221
0.00546944226753902 0.000788008955468623 -0.0163551945934355 0.0276536376744431
0.0165711819384887 0.0212961709075144 -0.0713266177413573 0.20531726361553
-0.00769792415857745 0.0212296786468116 -0.0738156976694119 0.397882531671605
-0.00684450556681071 -0.00146479801334356 -0.0660937771855171 0.540846971096287
0.0173014569662801 -0.00795931670796718 -0.0645772365455672 0.670547651793905
0.00950834498704264 0.0136049334817145 -0.124465523725511 0.642403474738124
-0.0111186081118442 0.0117065721325093 -0.141342301399592 0.490446451788173
-0.00264023519893758 -0.0204142928515687 -0.156492811276739 0.366433055993538
-0.00391315303191159 0.00359524322789689 0.314588479544479 -0.138345985816594
-0.0131618497245843 0.000705981523728137 0.290716268943642 -0.457560900962453
-0.00648857351328281 -0.0102653475520589 0.35698520648569 -0.411016805160927
-0.0121258725834074 0.00597129325738008 0.421800973736605 -0.586418058055337
-0.00743777523137242 0.00677081727465553 0.245926873956402 -0.592049009443036
0.00198959708197501 0.00961388901833466 0.0917133365926835 -0.392621783254642
0.000712602128078599 -0.0090188948547132 0.0417590828275225 -0.171947390463773
0.00862198751968488 -0.0171621644798838 -0.0157653781206275 0.0281153099974896
0.0204096044262461 0.00474270829813811 -0.0712376142482449 0.205297343139933
0.0036136969114734 0.0133654132392347 -0.076092952328675 0.398736697573018
0.00483049375310952 0.00850657363111792 -0.0782820326560057 0.543291453590572
0.00931106378820346 0.0100923925925438 -0.0741150158417015 0.667264861047628
-0.00434704607965169 0.00692343535336372 -0.130354106463407 0.640062730149526
0.00284538082993416 0.0119265407006019 -0.146105660433124 0.493859335989852
0.00407487119018316 0.0131978965232686 -0.162949815419106 0.365074184940439
-0.0162913391696835 0.0373587973902117 0.310993043139531 -0.155016708604272
-0.000654737211617243 0.0143838572923735 0.277303495330176 -0.460522817792101
-0.00743525879431994 -0.0195736563382709 0.34296421660119 -0.431696967448931
-0.0265738286031943 0.0120441186634965 0.386327050403698 -0.602846225192565
-0.00287586998169876 0.019078878923794 0.216115378575087 -0.595217519500463
0.015144478690709 0.0084050791881445 0.0819851217887704 -0.395313572801193
0.00621381482505882 -0.0210802065956175 0.0404498375951965 -0.177101522258822
0.0108289404116843 -0.0337422078652176 -0.0157147206392657 0.0222974399820459
0.0232994927014032 -0.0104873585891181 -0.0728793953700195 0.199271538660098
0.014735328251245 0.00656090282200548 -0.0866118918220567 0.395830548338758
0.0160845087525308 0.0157935558072398 -0.100652104608966 0.547727047744708
0.000719077624699726 0.0269264408195586 -0.108651297738444 0.667931861381221
-0.01887462623612 -0.000110902718703433 -0.159582733722062 0.632933576130604
0.0151645170736725 0.0123762374579192 -0.159539327656829 0.491294750982846
0.0087607074467462 0.0444507870377866 -0.174693325440051 0.358890010543281
-0.0206335871352254 0.0639330840854195 0.298746873305566 -0.187725641511023
0.0132091825088013 0.0208208528422262 0.25294704586705 -0.457162238574452
-0.0104145157729796 -0.0280606823343477 0.319857873638774 -0.46629515470549
-0.0378882916406832 0.0209698410489258 0.323187331877537 -0.627549729606735
0.00230494697812862 0.0288197342764809 0.175433750875283 -0.592320841184943
0.0241929562978931 0.0068343161978211 0.0684141479865253 -0.39888754865468
0.0101963826985804 -0.0318601034248287 0.0386243372558418 -0.188339345506804
0.0122540923334232 -0.0472348935547486 -0.0133959871478831 0.0126861558057739
0.0268817921505239 -0.022622542261981 -0.0758124588887003 0.187374279913924
0.0254727355255909 0.00194824842330362 -0.102027066686382 0.386431730578463
0.0227716232114993 0.0240951771537951 -0.133991237375333 0.550813243626326
-0.00961565171091619 0.0396237041022649 -0.166259865854052 0.670477456517895
-0.0296290704697662 -0.00820495727496572 -0.209607948471874 0.614273628675421
0.0269525626011187 0.0143027633351854 -0.176401955429496 0.484699815306612
0.0084421495261823 0.0686955999513176 -0.192946825962685 0.348527386245416
-0.017567787956811 0.078331557265905 0.2773525666208 -0.224165067250042
0.0214179601470836 0.0176590915769558 0.229498316072799 -0.448720842538123
-0.0183896057979198 -0.0320440955192586 0.288628963297139 -0.511248166279493
-0.0428119807656332 0.0299747127498681 0.24628170425326 -0.650485843655011
0.00959342749128468 0.0352612122379742 0.127987183622825 -0.584677409086523
0.0294313942483594 0.00360206821797871 0.0550932661083599 -0.403090518624134
0.0101177979027147 -0.0385304662349024 0.0355202921175586 -0.20061938205867
0.013231482354958 -0.0549876143796807 -0.0116253467973149 -0.000687574075052233
0.0289395440952053 -0.0284247879387592 -0.0783272566777684 0.171007414829467
0.0309818748134634 0.0009344771195859 -0.117907112403918 0.37423717092475
0.0256282281543869 0.033182706706364 -0.174084140386392 0.552100921572708
-0.020867031438509 0.0445999668060662 -0.23500691377228 0.670371860736878
-0.0331133602466568 -0.0179902168561221 -0.263263726505949 0.587684821961569
0.0349570443609946 0.0201918099170234 -0.195898179974694 0.477167099146248
0.00347281370986802 0.0858341181601939 -0.214383533656759 0.333453124105041
-0.0091741248050681 0.0765865835294179 0.252112817869525 -0.255084116090567
0.023206765676105 0.0102785165384631 0.214101600093529 -0.439975972262907
-0.027123438497303 -0.0313692962762305 0.249953440662566 -0.551767750085138
-0.0400031993480836 0.038419274899098 0.165535839193246 -0.660750571878018
0.0155028837476911 0.0353986015319948 0.0820501277243024 -0.574267093378309
0.0291154945842119 0.00183394824093665 0.0440650157001035 -0.407481763982515
0.00920142320778997 -0.0415030451893493 0.0348508474881145 -0.216553922154426
0.013379505881082 -0.0558472227449978 -0.00971175968738322 -0.0154856843079093
0.0289237599709437 -0.0283426105009666 -0.0792093829294029 0.151486376777597
0.0331900940819507 0.00456078818393642 -0.131901287178755 0.358725633844405
0.022659552123088 0.0379833762066614 -0.215170968222672 0.551148195683187
-0.0279030690370728 0.0417181822001658 -0.309746798577452 0.659435342079012
-0.0285048516726939 -0.023587044103394 -0.317343619036663 0.553084868048332
0.0383002260304189 0.0272877040674218 -0.211185486448396 0.470787670089629
-0.00627514432214788 0.0868398422391174 -0.234651720195763 0.315992042776588
-0.00320750096094645 0.0613184971418503 0.229096512672403 -0.280090043921471
0.0175995208253126 0.00208741714358402 0.202978210221653 -0.435223043919258
-0.0311294710735411 -0.0236597485734351 0.208922406567896 -0.586570871417337
-0.0306793892185644 0.0393225066612885 0.097262669128071 -0.659154592098527
0.0174182093900382 0.0308314816111502 0.0492511383522646 -0.562865826830909
0.0238557715322541 0.000245463767839772 0.0314798094956045 -0.413762993077163
0.00552329876991993 -0.0369794046619372 0.0328601533205547 -0.229979257641267
0.0115913548009726 -0.0491663526473578 -0.00940333672876634 -0.0300309137451927
0.0279907964274321 -0.0221208639797087 -0.0798609997447002 0.134021461223844
0.0303416520637901 0.00832158789359544 -0.143362211276969 0.346626612877174
0.0155648230642743 0.0379728259138774 -0.25212393937198 0.54832418265752
-0.0293815206210598 0.0312258741778309 -0.377222562907236 0.645970717231531
-0.0184137854867303 -0.0246692809041499 -0.357174199327401 0.513808777709725
0.0328353332316984 0.0329918728181384 -0.223574822652608 0.46951013566837
-0.0152800279857426 0.0751360129982582 -0.252898350864753 0.297682624493681
0.0177603313003031 -0.0671022045181109 0.309064350370178 -0.152647297098526
-0.0359034032729069 -0.0240071712355977 0.285062162626968 -0.442667952447758
-0.00290825134346282 0.0107059629653422 0.373037673104297 -0.421056010238496
0.0185475316728722 -0.00531955294222734 0.414450195269379 -0.597642873456856
-0.0156078307996324 -0.0163035284902273 0.24230606828313 -0.583498300795977
-0.0208673707311781 0.014583923053138 0.0982583352454479 -0.394100026075504
-0.0116960787613546 0.0167182107390774 0.0480364784572202 -0.178593260262421
0.00233101711712245 0.0174378203801392 -0.0168761820526335 0.0195701094668179
0.0113327735635066 0.0353837106516015 -0.0744765136103297 0.19836782265074
-0.0182169565155312 0.0257101162403825 -0.0772701307393896 0.395699339981915
-0.0173064501473762 -0.00952978817135524 -0.0733246600790791 0.542761750558056
0.0266831950614104 -0.0232292378939402 -0.081469951707898 0.680117110018608
0.0219119609486336 0.0202705272803033 -0.144200666413326 0.639639019058802
-0.0254790096354065 0.00942040455125928 -0.143282813648714 0.487000780602742
-0.00864148283133659 -0.0539196823354324 -0.159442203310905 0.366237555605982
0.00980149337700211 -0.034109963465696 0.317405035717974 -0.135528638056858
-0.0249088725945279 -0.0149786175621759 0.294743315503034 -0.452383432873377
-0.00630070627675236 0.000995397640745459 0.370126732436385 -0.406098318457504
0.00394690673329396 0.00146075979779849 0.435098149788737 -0.586288472679226
-0.0107549224437882 -0.00660292734164305 0.2568652823775 -0.587186130703793
-0.00959767776084021 0.0121440174384445 0.0983347087020197 -0.393619524789246
-0.00608942725004455 0.00368434684559241 0.0458383028070928 -0.172834563728809
0.00541588495363587 0.00118796272906998 -0.0169599723793651 0.0273399573621529
0.0169030078049337 0.0205545661290792 -0.0740014049378288 0.205339370699453
-0.0077832042024621 0.0202231894990107 -0.0747352641525608 0.399196015003874
-0.00648616921480553 -0.000670225109980147 -0.0698850951052356 0.543018223961209
0.0173586789218378 -0.00874970231662124 -0.0639919159559699 0.671949390053364
0.00977536229633781 0.0143744342445597 -0.12694587112879 0.64414902487445
-0.0114228135867595 0.0112379356963222 -0.142151572551439 0.493063912849263
-0.00365173717233215 -0.0205466747296122 -0.15770221932928 0.368053981900427
-0.00477618136506399 0.0027261801028038 0.31828439514916 -0.138285897411158
-0.0131569772423408 0.000869592060343463 0.294743110765802 -0.460962588839267
-0.00664960377454784 -0.00952347472947034 0.360076327003084 -0.410527767440199
-0.0113232498015788 0.00602750220468882 0.426436861967804 -0.588425562930971
-0.00797899756069786 0.00612630311525642 0.250085597736317 -0.592903909996611
0.00387033632615637 0.0101243926674755 0.0929371856114825 -0.394921527123526
0.00211438735180839 -0.00848488591867904 0.0426936063795163 -0.172890438473858
0.00832648987422807 -0.017663664103584 -0.0161193374222092 0.0278903604551859
0.0202512544602283 0.00459970090358348 -0.0721071872388934 0.207580956060645
0.00418889469938866 0.0130464751675072 -0.0783369112293086 0.403401074562123
0.00487660371342339 0.00844825436243492 -0.0801261115099586 0.544582023232118
0.00979509015794669 0.00961801028325017 -0.0774436935264084 0.669543200899865
-0.004640710768416 0.00670544284310802 -0.132626882196543 0.643140145442289
0.0029828164599822 0.012228027140752 -0.1487982438566 0.49619526119112
0.00388529367821845 0.0133999377451466 -0.165172604959043 0.365538093298299
-0.0167632837651522 0.0377638410728733 0.314864711934221 -0.154586628594679
-0.000244774886615147 0.0139911929727605 0.279799944107241 -0.463366026153826
-0.0069242374785469 -0.0204556455703956 0.34454897920345 -0.432371123081317
-0.0273473052441443 0.0118610969587205 0.389139736024374 -0.605974850058298
-0.00339291301375628 0.0191543957810043 0.221292577245782 -0.595318767396464
0.0152492332345492 0.00856630523251443 0.0828804266495782 -0.396593917469817
0.00714899261908473 -0.0206662602770808 0.041398851112561 -0.176402134707855
0.0120010847865076 -0.0335305147399975 -0.0152075305185703 0.0228783209343761
0.0243986232395029 -0.0113772676999333 -0.0738248273885336 0.199300178979296
0.0156355314434643 0.00589662051723078 -0.0875519299636788 0.3970120002521
0.0158547648407672 0.0161410764332568 -0.102428185458526 0.550358105045361
9.06096192669226E-05 0.0277459438193268 -0.11250431806065 0.671546898898194
-0.0182647721449114 -0.000485264428883026 -0.162108152877581 0.63542209255295
0.0149869084660423 0.0127126336446758 -0.162577031045902 0.492617237747874
0.00852074161621614 0.0452592295223563 -0.177881098869697 0.359874755823881
-0.0212441273255315 0.0645869861939754 0.300126078542558 -0.1875775549169
0.0116957638000209 0.020788876453424 0.257212816970134 -0.4592076655533
-0.0104757408156229 -0.0287685942934479 0.321233227459846 -0.46734972242323
-0.0381170911039806 0.020097809973618 0.326343542682734 -0.631466484899452
0.00226246730215777 0.0295262442598183 0.17778819652484 -0.593496201965456
0.0247973862681738 0.00685956865740923 0.0706541906642841 -0.399586589028575
0.00976154636837344 -0.0312473399300688 0.0387685474068443 -0.188862360087308
0.0122576878563314 -0.0470251151931231 -0.0134492333074144 0.0129854424536203
0.0267886617839521 -0.0231138113497606 -0.0769450334276593 0.188168477175338
0.0245992816352397 0.00186479998573827 -0.102838048909593 0.387869776801538
0.0237753643547296 0.025385888912213 -0.136908458176302 0.553771591433191
-0.00981486563032597 0.0397346658780371 -0.16884132942042 0.674061835098647
-0.0299679746019466 -0.00894265542407619 -0.211183163670987 0.618665576665934
0.0270555294199982 0.0151849414454669 -0.178944510058453 0.48696984708846
0.00862761768725305 0.0690780267702964 -0.195388204324713 0.349460174397693
-0.0170478074058714 0.0780925256350109 0.280440954513003 -0.225131684795929
0.0211826062119224 0.018987370613963 0.232676735755471 -0.451301856180097
-0.0193597300791381 -0.0326862093931366 0.290230896649496 -0.510334630495074
-0.0429250757616683 0.0302799910343147 0.248629528392087 -0.652416419424789
0.0101301413752079 0.0359096780498015 0.128229953885575 -0.586056323423593
0.0297022694826255 0.00389305582086709 0.05645537284896 -0.4029899278686
0.0114965728072765 -0.0387189226483563 0.0375312593553819 -0.201976918759929
0.0126365463309589 -0.0556484845555367 -0.0117070605644062 -0.0013539294313066
0.0293231347170207 -0.0287625345451282 -0.0790030555869623 0.171184441902087
0.0316727626418514 0.00159548691869066 -0.11818260185931 0.374975731782541
0.0258702087290039 0.0323612912730986 -0.177475742335761 0.554605322741619
-0.0203594737743129 0.0450554686678154 -0.237233853210663 0.671447394579693
-0.0335204333640014 -0.0176862170600085 -0.26880803370822 0.589929729876678
0.0347625468227036 0.020972506957726 -0.196906589157691 0.479320446927421
0.00202068314548494 0.0859571716241737 -0.216832857541588 0.334433427617111
-0.00969410781952875 0.0755826438803193 0.255522020744381 -0.255591316934316
0.023943329075903 0.00941088291259467 0.214218174940617 -0.44451225400917
-0.0268559378894968 -0.031345998132075 0.252319334094791 -0.553488506832361
-0.0402207690518402 0.038759447544095 0.167075547057149 -0.662726514097717
0.0157014364362459 0.03530946814212 0.0862419370821703 -0.577012756454252
0.0290730502930142 0.000709699091535879 0.0434231200752744 -0.408184508671738
0.0094262540192357 -0.0410558955063081 0.0351569690989817 -0.216746118140602
0.0126649618624009 -0.0563789783899598 -0.0102121880762046 -0.0159745776475495
0.0296362613749214 -0.0288248227236953 -0.0800541485256059 0.15135930035491
0.0330466945628673 0.00498211334962829 -0.133751208630125 0.359866721411338
0.0227020088034431 0.0381506201467547 -0.217869572518323 0.552547577075865
-0.0291252786415234 0.0400668301444718 -0.312434429432224 0.661143115721654
-0.0280076255958797 -0.0244630738357585 -0.32217837014997 0.552907900578892
0.0374947576519509 0.0275110124668778 -0.214881376122295 0.471554496124114
-0.00733670732832731 0.0881117115147771 -0.237809973492944 0.315910907904003
-0.00336497087635349 0.061389454900922 0.232013046053594 -0.280278361150473
0.0172369460497817 0.00147694884339947 0.206681174135126 -0.438465607323062
-0.0309419667197292 -0.0242908691555058 0.211058681878065 -0.589478723491633
-0.0317349613508719 0.0400818836483083 0.0979402167231136 -0.661690821777351
0.0177309958940679 0.0302440890304243 0.0498520618706608 -0.566318401693442
0.0239389132724785 0.00116259370387228 0.032959789969265 -0.414955852641302
0.00531060857643407 -0.0371286587718427 0.0339180280533351 -0.230708421252381
0.0112275161941259 -0.0503330514138743 -0.00823843745595346 -0.0307739824235504
0.028602199163692 -0.0231590014756706 -0.0808159753156147 0.133728952794665
0.0302465230350648 0.00806265729633597 -0.144839251050287 0.347786893269443
0.0150924526333008 0.038212967252988 -0.254161544840063 0.550959709404777
-0.0296471396233323 0.0315594782419739 -0.380113873605018 0.646968231146016
-0.0174632418864876 -0.0243651093786029 -0.361964635074876 0.513221848580809
0.0327383659524979 0.0344485258919242 -0.225447172526044 0.470169932198348
-0.0162756498280808 0.075588858991551 -0.256055450706763 0.296955378764357
0.0182306260650508 -0.0679242830503899 0.310979960719165 -0.153046299039701
-0.0357550380530607 -0.024437657370607 0.288408627804094 -0.445589129921181
-0.00361868188838148 0.0112341773098271 0.376051149667989 -0.421733624541325
0.0195211813000124 -0.00622107918121748 0.416335492683475 -0.599071660152392
-0.0152436414004689 -0.0177363726793018 0.244936229820621 -0.587100988024054
-0.0213666315686385 0.014686571298066 0.0999724559660263 -0.395337583566973
-0.0113212499532261 0.0167381240036719 0.0485303506415359 -0.179735828592226
0.00160061022590003 0.016530790760525 -0.0165587266124512 0.0201825363279388
0.0119293664632763 0.0348966868064236 -0.0745868541101559 0.200001189307095
-0.0188553082889433 0.0263613340083289 -0.0787070192140337 0.397069264745191
-0.018495346889233 -0.0094023846213666 -0.0767741335765025 0.545718524774884
0.0261470194888715 -0.0237107296603576 -0.0813109920168863 0.683270440722049
0.0216132299319954 0.0212490258218956 -0.146234962182282 0.643477777076105
-0.0249424317320177 0.00892532364217143 -0.144988539315881 0.490884991650731
-0.00990613303261448 -0.0542812216209906 -0.161488680612718 0.367677954824202
0.00979733026882285 -0.0344777337508415 0.321117840925712 -0.136971972799869
-0.0251260528280502 -0.0147160946465278 0.29940658311223 -0.455384361362558
-0.00624776383164945 0.000510166086570994 0.373054542995443 -0.40775244723125
0.00529741291947829 0.000808180873149679 0.436736138618445 -0.58709196597276
-0.010506694947579 -0.00727577601761367 0.259486592337536 -0.591181262926798
-0.0101645179053332 0.0119027888902732 0.101587199945247 -0.393767018563718
-0.0052662864415348 0.00517013457044633 0.0462048634833714 -0.173441534144542
0.00453185039885794 0.00129243830581564 -0.0171952622156684 0.0270218818313296
0.0172820096648986 0.0196936117245946 -0.0738429909224706 0.206264544808291
-0.00679589492022799 0.0211942418751582 -0.0764020282886534 0.402570785428219
-0.00735748889583703 -0.000921963706601853 -0.0708403047818925 0.545596572516136
0.0173429923385214 -0.0079777852781905 -0.0669151278554014 0.675030259034933
0.00989693127952424 0.0134131889315231 -0.129142716160873 0.648620225163736
-0.0111149212087849 0.0118945129867711 -0.145881994183406 0.496150964435717
-0.0033690860762968 -0.0196021959263368 -0.161546311190442 0.369390930730148
-0.00372818360198682 0.00318772273281866 0.322462412568471 -0.137418472286738
-0.0136703413716019 0.000359813607452 0.29741881149457 -0.465310260845041
-0.00642221049443109 -0.0101541512111448 0.362132009112092 -0.413697022364571
-0.011529463350511 0.00605243054643308 0.428512460344164 -0.591658067424321
-0.00727364649082226 0.006161743303112 0.251931329951577 -0.594496082989775
0.00354726732758233 0.0101580841309593 0.09448943697446 -0.396186542946127
0.0012821719141039 -0.00888258796216365 0.0429260268198169 -0.173266190346105
0.00791315924436056 -0.0175118674385427 -0.0168695074034801 0.0271613949572848
0.0216589723809621 0.00422292392308953 -0.0731818591917541 0.208065427328434
0.00511282267499799 0.0132959318580122 -0.0793037433300234 0.403843704115145
0.00527717338952756 0.00778255146297911 -0.0824579144006324 0.548797556488555
0.00949892237004842 0.00968843528471943 -0.0777114210873758 0.673274483272754
-0.00396505631330656 0.00728496021188078 -0.135190482599287 0.64468643566951
0.00242883102499603 0.0118797949641623 -0.149820551596226 0.498818659688941
0.0035068117847993 0.0138779571334251 -0.167251967830504 0.367461707731143
-0.0162778217556305 0.0382350423880157 0.31686252881492 -0.155743757321541
-0.00110328099305784 0.0139217040061306 0.283812674775462 -0.466974043866373
-0.00611537508414426 -0.0205033449241008 0.345986993295626 -0.435126600790699
-0.0268004229558262 0.0116218677564289 0.393580384096025 -0.604575064445498
-0.00307430654610061 0.0192837927785641 0.222811411905054 -0.599144163527207
0.0156922940038795 0.00876238001187196 0.083692949890843 -0.397686048280548
0.00586897880845976 -0.0203905620675724 0.04106304705847 -0.179225668978077
0.0104218857140429 -0.0340893973997961 -0.0150387199775846 0.0224108790672593
0.0248837923445564 -0.0120878357066632 -0.0746661971031047 0.200750850527988
0.0157924110450646 0.00683165851895665 -0.0884304130263052 0.400045946297509
0.0151265414248941 0.0170050113593184 -0.103380602672094 0.553440583589353
0.00116603326677206 0.0278448416709 -0.112532038458894 0.674772853973179
-0.019152230598359 5.09508865909896E-05 -0.163907677882445 0.637176508034305
0.0157360892529732 0.011582788218532 -0.16470361051534 0.496098283660201
0.0082163106695226 0.044459524894573 -0.180080868783237 0.361468326624524
-0.0204064330964859 0.0646973804421722 0.305059272139939 -0.18844674450218
0.0128596266349416 0.0207797434595624 0.259348244737478 -0.464568159859784
-0.0108690258577272 -0.0286172159744669 0.324356053852189 -0.470499518285696
-0.0384232793139714 0.0193078266833941 0.330854413474883 -0.631867992225005
0.00300771617401696 0.0294054797227904 0.179254800320748 -0.596155097356337
0.0256444802843716 0.0069862753439832 0.0706995213620743 -0.401275300008694
0.0101765993184549 -0.0315906020103571 0.0393779867665583 -0.189132485877114
0.0115508412678378 -0.0470644903259902 -0.0139244472113717 0.0123953106020759
0.02739849471455 -0.025074551501873 -0.076814790147151 0.18874707507231
0.0256607458246996 0.00150565560320542 -0.104130210870177 0.388988677163217
0.0234311108024812 0.0254359238877702 -0.139103938559932 0.556281402221518
-0.0102272086052868 0.040621070591051 -0.17146316196015 0.678398105654605
-0.0298084035506014 -0.00852375421277773 -0.214179217174464 0.619521371599486
0.0276292709123045 0.0148385019648988 -0.181347306879753 0.488600027563133
0.00755599792663156 0.0703196344647412 -0.19834861438552 0.350653824864609
-0.0169392268680585 0.079556165708826 0.283356445941442 -0.226450800671833
0.0212193293331546 0.0181336509686335 0.234799693914737 -0.456553896732146
-0.0182912870646704 -0.0335219641251989 0.292326836574656 -0.512080404159102
-0.0429038627530883 0.0294036563450994 0.250876328966923 -0.654065914127341
0.00980982156205392 0.0358671668108009 0.132242368685139 -0.590719511912595
0.0299379061105736 0.00357726111109605 0.0574894161234083 -0.405637977382525
0.0111592422859793 -0.0392892774367111 0.0384856071530224 -0.203729751063063
0.0130928146619476 -0.0554896386707929 -0.0116985641202973 -0.0020390163639008
0.0287918583206581 -0.0300589139014915 -0.0798109560472767 0.170475203388431
0.0320177006909078 0.00184268176029793 -0.120567105494471 0.377290350628656
0.0255640736087263 0.0336800848199873 -0.178682942138114 0.557934047394115
-0.0207405657062371 0.0451794240199298 -0.238733078714743 0.674266770909556
-0.0336480000222579 -0.0177757126928646 -0.270805503534931 0.592275774346832
0.0356446154361558 0.0203018747173422 -0.199611381837298 0.481689028539696
0.000929457483109174 0.0864350455001649 -0.218533237026915 0.336012886579077
-0.00864816637389608 0.0770682402379665 0.257866899197956 -0.257736236631674
0.0242376545774919 0.0102739567061978 0.219348943233512 -0.446457914414824
-0.0269771903613581 -0.0317845878629221 0.253660821238873 -0.556250211326354
-0.0400911435985104 0.0378064314307722 0.167293889690289 -0.665086431792426
0.0159102714869804 0.0356035095593386 0.0859558865635582 -0.579082422560542
0.029791127714835 0.00127509584653806 0.0452577892253447 -0.409656071175298
0.00911902774573817 -0.0419072810867082 0.035624317556148 -0.218066410792155
0.0120279206715878 -0.0566910653298044 -0.0101592457928303 -0.0164637579000642
0.0300625936451113 -0.0289365312495201 -0.0809102622524989 0.152673568163308
0.0342755150654638 0.00479413516169885 -0.136463306202898 0.361864097223277
0.0227210523651456 0.039319445676365 -0.221316266105409 0.554311546354628
-0.0287454914611393 0.0419851239084228 -0.314092127612689 0.666761089160513
-0.0286380488145822 -0.023830904530882 -0.323136263306253 0.554594048979427
0.0389588282851442 0.0278902457335695 -0.216950185034218 0.473041706612449
-0.00885217271622571 0.088719728357216 -0.240798909396165 0.316382832178092
-0.00279838397497865 0.0609082740485045 0.233537745331407 -0.281623978761823
0.017638682261856 0.00149906149500289 0.208419424042446 -0.440421411901005
-0.0316195021165731 -0.0248682388530524 0.21348103129882 -0.591078034894816
-0.0311129852958728 0.0390845218878532 0.0981563121591851 -0.662667940368363
0.0177254680519308 0.030616620256372 0.0519993057198685 -0.567287193772727
0.0232686395495651 0.000420187159295461 0.0356570599374509 -0.415523689600003
0.00598759254937963 -0.0373550555543645 0.0345616667024744 -0.232522232359485
0.0109186570954023 -0.050102827614661 -0.00874045090713032 -0.0314011557051136
0.0286229320964276 -0.023277260266048 -0.0825819318835596 0.13394061227462
0.0311746439241817 0.00847663345696539 -0.147358730827147 0.348646933189508
0.0149988289767817 0.03918133943475 -0.257188841572816 0.554562832444866
-0.0292828322974857 0.030874056674149 -0.384550740966878 0.649733195806969
-0.0180565459704721 -0.024534433119197 -0.364741491185417 0.515012754083127
0.0328439449765739 0.0345252343853737 -0.228297339910027 0.474478113767795
-0.0169269058941542 0.0747657902620066 -0.259343554086981 0.29836236490907
0.0185704859394035 -0.0676772282919215 0.316235935018835 -0.154364952309642
-0.0375254422815111 -0.0248434167663577 0.291809394931781 -0.448466279175207
-0.00406184971821983 0.0106812649722895 0.377959348034188 -0.424299281551475
0.0194180442036232 -0.00615076965213344 0.4201223098243 -0.601821674492224
-0.0154809189515902 -0.0164791112102744 0.24575325649572 -0.589812254049435
-0.0203692596167553 0.0148624889534192 0.100827745485946 -0.3969328385267
-0.0116593891759045 0.0182787606896198 0.0495333323838354 -0.180932315065695
0.00188110909194932 0.0179103023195231 -0.0162985562110018 0.0204988824630814
0.0127242349058624 0.0348938188206403 -0.0763778068983419 0.20147436005537
-0.0181858369392608 0.0270083380783405 -0.0794606456200519 0.398614926834574
-0.0174795465820776 -0.00868375560804518 -0.0765721884810132 0.548894863337858
0.0259820122723511 -0.023851859428914 -0.0817693551737393 0.688003384289272
0.0209966598555877 0.0212637337151221 -0.147536732762798 0.647823197354279
-0.0257906959047192 0.00952821306753463 -0.145559240140051 0.493626469679454
-0.00973229126669113 -0.054095435076025 -0.163202890732636 0.37084631577978
0.0110643620041988 -0.0348358693698229 0.324798557165435 -0.136894907537202
-0.025346488503427 -0.0155938825449053 0.300339831730765 -0.460838343462016
-0.00574124039889352 0.000561473809275826 0.375719232455686 -0.410733505690828
0.00490715844715928 0.000182144090605644 0.441001006755994 -0.590684243617337
-0.010971373693495 -0.00653129215090031 0.261677949727016 -0.594164594679918
-0.00921171903014853 0.0127486904194347 0.101836450589436 -0.396080073841785
-0.00566183281123498 0.00635604652543077 0.0458225334001647 -0.174592758651706
0.00425255210274517 0.000740540713068482 -0.0166740842222547 0.0265913764792247
0.0172494508100992 0.0203664242103817 -0.0736844228183865 0.207269266122418
-0.00651814410771566 0.0208163223761284 -0.0779011432128668 0.403297813114448
-0.00706568705283782 0.000228472205839274 -0.0724752033318074 0.550024385758537
0.0176568983569349 -0.00862958240069154 -0.0687947123073932 0.679310908741119
0.0101371400977572 0.0136710083288771 -0.129723072450443 0.652173156448194
-0.0121497024222616 0.0116733811229651 -0.146365742566866 0.498404323154545
-0.00432579904515654 -0.0206507746547853 -0.163487996608445 0.371555689955011
-0.00349901543360742 0.00293272857837204 0.325218724547933 -0.137850926225666
-0.0140560944635949 -0.00121817162072149 0.298457877696304 -0.468285028588044
-0.00631959199542405 -0.0106296859395757 0.36438203644681 -0.415859520208407
-0.0116988935790871 0.00618616063093199 0.430992847808965 -0.593862972384206
-0.00791319057026942 0.00578068062661052 0.253479726816895 -0.598460956043356
0.00292254407703062 0.0108129898594863 0.0938548654669741 -0.398716494091648
0.00127684206368959 -0.00816346426878874 0.0432499156305815 -0.174389283563865
0.00751210688475988 -0.0168014975550533 -0.0153503168340648 0.0271152905985648
0.0201957074344671 0.00246944079994506 -0.0738405117600711 0.209247253468967
0.00565406128573081 0.0144766981868599 -0.0817039528438129 0.407078192448268
0.00514878743849177 0.00798277803374464 -0.0832407919355484 0.553249307617974
0.00952124269927877 0.0100847104545394 -0.0771034461920816 0.677080844007806
-0.00438590738868866 0.00750914789377979 -0.136472073348219 0.650792626524595
0.00238373289327212 0.0112784048605419 -0.153689457833604 0.502515408862971
0.00214429160326031 0.0142340195397139 -0.168503260118075 0.371542763776106
-0.0162447561631108 0.0379131717345382 0.320823072055647 -0.157931298253199
-0.000825879015746213 0.0135956685610158 0.285219639267409 -0.471816395333706
-0.007327845336308 -0.0204130796929476 0.349350543035493 -0.436476318576241
-0.0269442504208088 0.011008174035456 0.393996527966139 -0.608868005336745
-0.00354478653785244 0.0197569723130865 0.226112927091479 -0.600368760004527
0.0157164372056691 0.00896495679321995 0.0872364907682509 -0.400038956986929
0.00601736748702415 -0.0209349673401548 0.0412047982949743 -0.179936491337503
0.010412289676077 -0.0336291459489766 -0.0155379193769167 0.0212985217561302
0.024599030900864 -0.0129702076592622 -0.0753605635318579 0.201368974070248
0.0169402937995813 0.00684775741714902 -0.0891678378685256 0.402147944848462
0.0165930544051895 0.0171967619830562 -0.106805906140535 0.556000820514453
0.0016566380084466 0.0268558193646005 -0.114578321817564 0.67996716583176
-0.0196405735896782 0.000151990601506073 -0.167275995872344 0.642575570546919
0.0158171828094719 0.0127780726700594 -0.16479116767187 0.498010684909014
0.00672931615027799 0.0449113954539656 -0.182685400717552 0.364385796660177
-0.020049083452347 0.0646863328052103 0.307393834430664 -0.189563124069353
0.0121995532374567 0.0213065069904217 0.261035690368661 -0.467482372730012
-0.0102264494604231 -0.029130437044168 0.325997117997565 -0.470138737239922
-0.039449448546542 0.0199617883637207 0.33236037892647 -0.635110196343677
0.00277863346496406 0.0294852402681217 0.181894941902401 -0.599121635212364
0.0250992468338555 0.00758301305868753 0.0717852924558054 -0.403726034261102
0.0108783369026748 -0.0323906228562333 0.040244461420743 -0.18988287372538
0.0111846277924218 -0.048269725969579 -0.0131415422587417 0.0126330765278434
0.0279139315824714 -0.0248949416045745 -0.0774459356837928 0.189690707733685
0.0264846050386107 0.00276783883092903 -0.105903290539968 0.392024493397388
0.0240755213832323 0.0257844606191464 -0.140296877796843 0.559771033927631
-0.0103416322388428 0.0401914282577602 -0.171369691433262 0.6817287030908
-0.0300783341569951 -0.00876939131975723 -0.21592297686208 0.624226015620656
0.0274147404289195 0.0145920018634627 -0.183607936551365 0.493216120579547
0.00760605412603414 0.0701280294301957 -0.200263835101435 0.353009314499735
-0.0167007367648971 0.0791028003749947 0.286554801922154 -0.226358494855363
0.0212150159805817 0.0183928049194614 0.236740323084852 -0.460636138197076
-0.0184265889876591 -0.0335251844112259 0.295607202851569 -0.516156774784057
-0.0435165318735757 0.0302650560599265 0.251865219142611 -0.658276271013352
0.0108480683541603 0.0352287864178112 0.132388073529916 -0.59218853649
0.0301173834317941 0.00480643949428145 0.0597767810426653 -0.407194481660688
0.0110127325979487 -0.0390216717787777 0.0380229645493571 -0.204528315730265
0.0114391604336835 -0.0557943381009548 -0.0124428530721929 -0.00198967824015989
0.0299142358381602 -0.0308934795888033 -0.0802760721611485 0.17239596630994
0.0334025508650512 0.00107913601545868 -0.121048034658004 0.379268121942288
0.0268013527596461 0.0342018130842496 -0.181260276679523 0.56100160245211
-0.0207850476650563 0.0450895591285313 -0.241197489352111 0.678513044291486
-0.0335595572646923 -0.0182582706900561 -0.27318753054014 0.597468922311109
0.0356961195522013 0.0202110623073058 -0.201128432490893 0.484937068755469
0.000934329314121875 0.0868153832692861 -0.222781434478923 0.336347668349285
-0.00902249903986694 0.0783756620370809 0.262365888566833 -0.260229704327968
0.0230564528508465 0.00939754559841091 0.220332416545271 -0.451501258697208
-0.0266429225535567 -0.032210470298506 0.255536759669291 -0.559232406312656
-0.0399663317158932 0.0385185859154889 0.171041675577118 -0.667890549293767
0.0162422674419154 0.0365572681631749 0.0880546443140323 -0.582421329896646
0.0302950676462174 0.000839696038360222 0.0458067000014819 -0.4121411857585
0.00903943638587651 -0.0423977973978163 0.0372453779775639 -0.220200037463936
0.0126211065720797 -0.0566186634011621 -0.00994714886772852 -0.0177188545174229
0.0300361173740622 -0.0298185641818709 -0.0817044353263247 0.152721832313505
0.0356720315758708 0.00417583792934423 -0.136581137561916 0.363592026094873
0.0221888161848539 0.0383223091109904 -0.221359096787136 0.55965123166877
-0.0291110482480656 0.0409597008290107 -0.317700131206726 0.669523890391334
-0.0282590579066954 -0.0239871337384982 -0.327380066255126 0.558030759356912
0.0388934243013913 0.028394239798696 -0.217981741102673 0.479060695202161
-0.00843946063595658 0.090009965967191 -0.243926189960554 0.319023005941648
-0.00290251738191465 0.0608047328068901 0.236461555135917 -0.28361628023682
0.0182490463760017 0.000689808441176899 0.210221231000873 -0.444421754289979
-0.0310213064852005 -0.0247351175807233 0.212762610470608 -0.596054225934231
-0.0314843016487254 0.0403228477490882 0.101541146968705 -0.665940842209624
0.0183722687179884 0.0307260612505843 0.0548149009897203 -0.568527592428537
0.0250285779040792 0.000575946494239235 0.0353151332858311 -0.418114676807167
0.00574296961344949 -0.0375514977592255 0.0353680326677413 -0.235173574238019
0.0103378293324575 -0.0504540999810093 -0.00947060772912494 -0.0320784573131055
0.028922344769795 -0.0240657685836033 -0.0829871515693173 0.136220121224299
0.0318057489795377 0.00876959632252217 -0.148587209737276 0.35089620385613
0.0153389365695221 0.0400467839066838 -0.259800633468725 0.558135437835265
-0.0297682765751153 0.0305929692392918 -0.383892027242044 0.654191121811933
-0.0182607814479603 -0.0238781949404081 -0.367729375767412 0.518637798400169
0.0330105933434369 0.034355958931036 -0.230863317753342 0.476813631421109
-0.0177243417731131 0.0771004698708334 -0.261999602320388 0.30088395316218
0.0190593156838411 -0.0685557746869445 0.319564875797996 -0.155430528412725
-0.036714149816108 -0.0259718613339438 0.290349577431318 -0.454104029087451
-0.00326675995593296 0.0111129166372184 0.381137705901561 -0.427931046818892
0.019249654004407 -0.00688488692486516 0.420221952948294 -0.606611245419267
-0.015785475357014 -0.0176671135647854 0.246904495164416 -0.593286574065627
-0.0216190548241858 0.0153662190185151 0.10157400228508 -0.398669494632346
-0.0116417148712743 0.0183577494688333 0.0492885095611581 -0.18201403319747
0.00129031341195495 0.0182059930117847 -0.0173313175332034 0.020947982625451
0.0141207696601173 0.034843299679386 -0.0757432821963982 0.201323140097153
-0.0181600802564086 0.0279412433747243 -0.0798762599821447 0.401317434089169
-0.0178059526668305 -0.00862814253084165 -0.078231547181568 0.553661618734672
0.0269711745529214 -0.025177424695111 -0.0823562996154272 0.692098716987208
0.0210670940289401 0.0214179448957201 -0.146938296250942 0.650098358660969
-0.0256708085182398 0.00913198528577874 -0.147429908756965 0.497927061201662
-0.0111146606994363 -0.0548210883986644 -0.166592611191214 0.373361876478954
0.0100392157351424 -0.0346448398720528 0.327650663472371 -0.138284975749443
-0.0266686199659444 -0.0158888980340729 0.304355231917519 -0.466188714015944
-0.00602100718730937 0.000133030579393234 0.376738818496146 -0.412539761576652
0.00469199357700525 0.000848215873267963 0.441893029720502 -0.594315046175786
-0.0122424550037637 -0.00660901630746238 0.261760170207047 -0.596112994894344
-0.0098272172135057 0.0127145292038094 0.101101696675741 -0.397753252411975
-0.00576804970398625 0.00599499656401745 0.0470110926496048 -0.175883564650737
0.00321767473317392 0.00109535542543261 -0.0172613230432114 0.0268576379034437
0.0175272069318173 0.0200254613474521 -0.0745807472885775 0.209097395555961
-0.0056564504603362 0.0213131779737397 -0.0780790659173055 0.407263942317935
-0.00730769256988092 -0.000719100073131626 -0.0734489146554853 0.552168204765517
0.0175944314461023 -0.00914335839626244 -0.0678422137384915 0.686120319554786
0.0103691332363896 0.0139211964384103 -0.130768046468033 0.656520510921455
-0.011460344945756 0.0119995427619033 -0.148097279894167 0.50265416910181
-0.00395075194585368 -0.0206085925664019 -0.164743313732735 0.374506671484162
-0.00329279479123311 0.00244267917895893 0.329105819829012 -0.140597368734545
-0.0144384266247085 -0.000963330513648667 0.301029879043396 -0.474965313875857
-0.00623900917885308 -0.0104053279320841 0.366712109135558 -0.417501010304678
-0.0112633694819119 0.00592459361848201 0.433545949494735 -0.596863899851734
-0.00793820454484855 0.00619727130154697 0.254155204709885 -0.601892183770596
0.00349337314498982 0.0101038882466481 0.0950458354849234 -0.399360534779123
0.00139953864057356 -0.00745912176025462 0.0435075495572574 -0.175841832420592
0.00701440771247596 -0.0169088697607367 -0.0167858029016115 0.0279174001556869
0.0217428898019383 0.00254467657682295 -0.0731540153491387 0.210220015548691
0.00576609991567979 0.0141190952960626 -0.0817457386125936 0.409306564580633
0.00514665925625759 0.0081807264099394 -0.0837992795423291 0.558016399489156
0.00884332100347916 0.00902176043638367 -0.0766363787962079 0.682385325158862
-0.00426643890383401 0.00753586089483748 -0.136754802835612 0.655745980760022
0.00231129027881354 0.0119885946660087 -0.153352341400591 0.504620693350488
0.00153215428197516 0.0135130890532685 -0.169701292109202 0.372370989044617
-0.016083060863049 0.0381248633908218 0.324700572168857 -0.158661929263827
-0.000881253878606277 0.0139020868616241 0.287075383288518 -0.474067492924121
-0.00638285373475159 -0.021121410238539 0.349339424534936 -0.440813978893428
-0.0273869051026495 0.0113926144428925 0.395510832163189 -0.614336190066888
-0.0031659226014272 0.0197121994440521 0.225648951923113 -0.604633832242638
0.0150112148824589 0.00919687721892931 0.0844722774319026 -0.401908578555611
0.00749601549805125 -0.0211724989792156 0.0413499476947214 -0.181202494974244
0.00948082372981603 -0.0347146861269448 -0.0151797819506556 0.0215643259534276
0.0251173342096709 -0.0130862559783987 -0.0747130091902367 0.203195457810147
0.0170701861977099 0.00641569570100105 -0.0914085358797258 0.40526072295567
0.0162412979528321 0.0170361276946433 -0.107133191156954 0.559424655722292
0.000974009071504184 0.0274637216238235 -0.113383540335764 0.683986350343465
-0.0186957660467861 0.000641513596852128 -0.165542169149908 0.646119237631686
0.0163464588899073 0.0118517656901679 -0.165945833735729 0.503817566997598
0.00708172245822515 0.0454634037177152 -0.18368635802578 0.367043354016096
-0.0191842852179282 0.0662544467504172 0.310906556385846 -0.193078493384856
0.012270229404089 0.0206302257323573 0.261948716245763 -0.474092724495783
-0.0104114623947928 -0.0296742753007367 0.326729449755651 -0.475772965200339
-0.0385452529804859 0.0209865239918551 0.332312984293007 -0.6384757499212
0.00351439532589729 0.0298938480347827 0.182110057609396 -0.602077578880082
0.0254500504087292 0.0070737014786332 0.0720757239551894 -0.405770152866643
0.00955835407679522 -0.0313803138621604 0.0400446672311771 -0.192729162031013
0.0105123913962239 -0.0474744604912334 -0.0135761335578482 0.0115661155407995
0.02762893585629 -0.0258878705907458 -0.0785129430810873 0.190919061434136
0.0270915635362993 0.0025114023529186 -0.106206949502822 0.39424121493047
0.0247726263014835 0.0265557643665233 -0.141398356396093 0.563297745062351
-0.0109023927006935 0.0397440290220685 -0.171048250130028 0.686555747324562
-0.0300486468137262 -0.00782638567241031 -0.219109703385553 0.627548699850083
0.0284039858746298 0.0155635215512836 -0.181476528086062 0.497883519746925
0.00653410076114296 0.0702815146193551 -0.201662171363434 0.354995976608083
-0.0163924834653521 0.079628917962962 0.289449100927861 -0.228949665300825
0.0209131147200447 0.0181843325432022 0.237054823352539 -0.46466116526066
-0.0184393784694199 -0.0338753737766839 0.294768564524833 -0.519213361231123
-0.0435862617667418 0.0304510082191868 0.25208643310745 -0.662424550598867
0.0106137218483698 0.0355727921413957 0.133254725655489 -0.595875280418796
0.0305226874008467 0.00332353011235407 0.056622974406801 -0.408721039103444
0.0109043303549664 -0.0391985569639072 0.0391612659841036 -0.2068555619433
0.0116464316372805 -0.0565335260550168 -0.0123120088149529 -0.00301638571082719
0.0301971348780661 -0.03224112690422 -0.0801429294605418 0.172545566591789
0.0334666660060291 0.00108587154719417 -0.122068151001048 0.380431905975113
0.0275755398337843 0.0351237501971461 -0.182737172967248 0.564983064608777
-0.0210723003679289 0.0445801885134472 -0.243104866605939 0.684585779661814
-0.0336651008126063 -0.0179169367427628 -0.272584660223607 0.600771384215496
0.0358411875342226 0.0198805962246383 -0.202306360785686 0.487973798046478
0.000245859929261365 0.0875943165420048 -0.223871613931498 0.339566293931542
-0.00762591726289099 0.0779863674096315 0.264228810095901 -0.261788611902043
0.0237926097818023 0.0101316343641985 0.222318136496665 -0.455341507119228
-0.0269635187484271 -0.0329004626491148 0.25672004163429 -0.564401365184158
-0.0402718074147498 0.0394339181029578 0.171348759153708 -0.672443293834451
0.0164847407338852 0.0356470091250705 0.0868177260002384 -0.584560690472117
0.0303434821842263 0.000774136577067265 0.0449440253897464 -0.414385020414701
0.00884230412690962 -0.0417867166696973 0.0371561699425719 -0.221936795067906
0.0117875658728038 -0.0580159858021379 -0.0103151456580558 -0.0178971291269322
0.0296361229548871 -0.0302929331753557 -0.0823464518462745 0.153649106434363
0.0361402748867404 0.0037255207418251 -0.137674438055445 0.365209177671677
0.0231763224345541 0.0392500020763881 -0.223087738190004 0.564330283889301
-0.0291402701626306 0.040972325818943 -0.31881594605317 0.6744466409057
-0.0294648668993839 -0.0249497390188198 -0.330809561902022 0.562889651965631
0.0388974071996935 0.0284511913421801 -0.218123523549571 0.483043521135693
-0.00942397403570997 0.0906713077833535 -0.244952319079863 0.322498985728046
-0.00197314090150049 0.0618511297132369 0.238928815277731 -0.284837148330747
0.0183176474565673 0.000309566309485936 0.213338847107282 -0.451147449309822
-0.0313125579449579 -0.0251445989659151 0.215498726305793 -0.599092989481625
-0.0317075449903447 0.040156215251273 0.0993976288624487 -0.67052688012997
0.0179240561738139 0.0314681906700287 0.053681566977026 -0.572860131445163
0.0253196708339134 0.000511661080227269 0.036463546655329 -0.421186866852953
0.0053728928756438 -0.0390308531977128 0.0348715229878081 -0.235896219207265
0.00878084043533862 -0.0512053411743083 -0.009677702816142 -0.0326872482846735
0.0294199215898082 -0.0253376934177796 -0.0841492434402041 0.136860640587057
0.0329219027335995 0.00896948861961186 -0.148945440516908 0.353065211980836
0.0161340680934695 0.0401954197244956 -0.260210848795955 0.560779292366912
-0.030302333508116 0.0318241309870414 -0.388485362233877 0.660541159823884
-0.0186555462120506 -0.0243959404478019 -0.369756812427337 0.523594136752246
0.0333081772817173 0.0348277238883437 -0.230485096937263 0.481328056739802
-0.0173803993010374 0.0763406878691074 -0.264212386090782 0.303371056352168
0.019773592278794 -0.0698609092640633 0.322952543361948 -0.157635318462596
-0.0370182454517239 -0.0259452537672658 0.292243633851689 -0.459354061977319
-0.00328576912313576 0.0106359135326551 0.382051238570111 -0.43201220675491
0.0194692956058186 -0.00682709834188053 0.422481561839334 -0.609974256132225
-0.0159871756369115 -0.0175500519255217 0.248870525077776 -0.597109856453555
-0.020774762709003 0.0161048029872079 0.100933403519831 -0.401296135172128
-0.0118048313974327 0.0179344219019406 0.0497264840550001 -0.184438969393668
0.000750180367142379 0.0176961290149699 -0.0176625319021601 0.0196855546510635
0.0137102394721537 0.0357202732992388 -0.0758256536580564 0.202022169924215
-0.0180324975855252 0.0280808449462618 -0.0796449655234214 0.403983521028955
-0.0182568706794715 -0.00793676437206741 -0.0773319482279857 0.556922222657401
0.0266453952921567 -0.025352973205766 -0.0797319699144791 0.697522987918619
0.0208869220546217 0.0228656938883804 -0.145847293991163 0.657361991410422
-0.0261257973958104 0.00938500076255066 -0.145102152429235 0.502588120539393
-0.0112064803814416 -0.0557184063752972 -0.165739924685459 0.376193187713075
0.011171024953848 -0.0351288853870636 0.330385282844973 -0.140379004110736
-0.0265685885238867 -0.0168966965729919 0.302624107933431 -0.472421612387921
-0.00595191375372179 0.000195870342817793 0.377636192159677 -0.418037949450089
0.00463459304156641 2.51986123326816E-05 0.445012659112461 -0.595887459998721
-0.0117023063504363 -0.00683599477533039 0.263562563103699 -0.60063968253366
-0.00905027321530628 0.0131109603423944 0.10110469833939 -0.401240973336022
-0.00513385465520813 0.00582900572870944 0.0472784756226179 -0.176790105471043
0.00349784809202008 0.00197607449306809 -0.0163641602132068 0.0260721545693552
0.0177273322127988 0.0201796856333879 -0.0740339958319343 0.210873951258313
-0.00535369253389965 0.021970752880792 -0.0783694859444125 0.409899485177644
-0.00801369251334717 0.00164068145001307 -0.0721820682211778 0.557144689157141
0.0168309665358278 -0.00970123335934467 -0.0665154413266124 0.687684900038623
0.0112303645515543 0.0139210593099524 -0.130490814644683 0.660631983245299
-0.0115953382454748 0.0113836496365986 -0.146045049799486 0.506795283837164
-0.00503241862175127 -0.0203919593117826 -0.165603217923522 0.376985218197955
-0.00285075040204825 0.00233829426260614 0.331454754866659 -0.141879139861024
-0.0134798632803951 -0.00139731758323378 0.301595810757073 -0.480318491570166
-0.00639936007679313 -0.0111022778995405 0.36644401760742 -0.421877772178739
-0.010574668121318 0.00546756477293334 0.434644094555503 -0.601198714538286
-0.00776707945909711 0.0068146802713535 0.254785027271558 -0.605709925171772
0.00460547771390714 0.011086805300721 0.0945492689458491 -0.402292743031099
0.00134392543973788 -0.00743189821002786 0.043971729155265 -0.177156944875727
0.00634578866956824 -0.0176912717435487 -0.0166457886939587 0.0273918623673935
0.0216342069653889 0.00158073348406927 -0.0741210812030225 0.211284212639389
0.00706462900748034 0.0142772723428346 -0.0815510182951078 0.411456616705306
0.00470732209468368 0.00829046810244074 -0.0832846840092168 0.560475668218566
0.00862524222535128 0.00823137544228759 -0.0748761724800042 0.687509619500231
-0.00437183505028177 0.00724356583775324 -0.135031480473623 0.66019808278423
0.00289542937072659 0.0121125747177368 -0.153556231421522 0.511032093810831
0.00228053143704602 0.0134720284888217 -0.171660191489053 0.37480875265632
-0.0155501522075631 0.0382823640311577 0.326991844357064 -0.161934729181493
-0.00134308967289123 0.0134113557205567 0.287082228826646 -0.483038142594794
-0.00575799682359327 -0.0204983714894632 0.348869754858943 -0.443201164441911
-0.0267798966130634 0.0119736938529749 0.396716580169977 -0.617550234792585
-0.00247546986569194 0.0195842461339001 0.227311255451432 -0.608532955350388
0.0158865256599551 0.00911663828958496 0.0841035830234048 -0.405781166873363
0.00704002838028405 -0.0212819582495519 0.042936567116886 -0.182614572143835
0.00855125755338516 -0.034387347494267 -0.0156627150433124 0.0222420936284922
0.0249997748451004 -0.0141559512142773 -0.0758678848252114 0.204385949286176
0.0186664759295602 0.0076285889781262 -0.0895311058434028 0.407368024953378
0.0156512570339464 0.0173007989376694 -0.107856270127122 0.564349847186681
0.000278329931883666 0.0279124717306313 -0.111918944264856 0.686026106118945
-0.0196843478974873 0.000747518952067582 -0.165995372220768 0.651551414958972
0.0171263875346676 0.0118701418141463 -0.166544432867023 0.508382163221497
0.00666928318445927 0.0459444055081737 -0.184190930508525 0.37028406199391
-0.019443559005151 0.0656718272215571 0.313430529172142 -0.194699106055101
0.0127523788165935 0.0211573618056928 0.263660768597159 -0.479897776234843
-0.0104279516340865 -0.030077010766212 0.326945957998026 -0.479574490320013
-0.0396777209006482 0.0206692188908313 0.334472594335794 -0.643092851361685
0.00252775921319248 0.0302079554884267 0.183651179547399 -0.607052640009273
0.0263830127690934 0.00677957006217659 0.0708269100451437 -0.408042515774674
0.0105430470843906 -0.0322629238073532 0.0402748543163826 -0.192968857214913
0.00994748294252472 -0.0483220155984764 -0.0145406850521263 0.0114768612275052
0.0274194754359994 -0.0261721646501528 -0.077883128191917 0.191735490527073
0.0279563099431459 0.00193159238210893 -0.106810234583718 0.397509040942217
0.0242909939989144 0.0261080858999523 -0.141558333500838 0.568769845706702
-0.0101516791834465 0.0406773460470709 -0.169735129574444 0.690340721717613
-0.0304180447928031 -0.00829692979332507 -0.215381048832506 0.634577860574843
0.0280129017897143 0.0143517377861523 -0.182983169350464 0.502745029946619
0.0065807191409607 0.0720221141969979 -0.204534711038213 0.358844022344256
-0.0165714885474828 0.0794434953939053 0.292257779135222 -0.231814365575152
0.0212179157226761 0.0180817428096531 0.237563268084912 -0.469726368952669
-0.0181232894967284 -0.0344730490377959 0.295240092439505 -0.524469807522282
-0.0439694848963772 0.0309126008093437 0.253059394495933 -0.666072137915137
0.0109931220071477 0.0367211689775709 0.133178953376775 -0.599827869425006
0.0316392411186486 0.00378851771780276 0.0580205218791376 -0.411877355842945
0.0113465383310466 -0.0402694689079023 0.0388830023436688 -0.207357128863982
0.0120100733969309 -0.0568128714384095 -0.0118738106308174 -0.00254957174307488
0.0305306151494075 -0.0331949918272293 -0.0820518581688685 0.173836651290361
0.0341160227169753 0.000980485254505687 -0.121599660678538 0.385094137030641
0.0274502516245369 0.0340620167771452 -0.181298215744709 0.56948118067063
-0.0214860006025673 0.0451967369042341 -0.243214607732642 0.690445968884014
-0.0347256897688374 -0.0171628205706391 -0.274274620832519 0.605351596985516
0.0358402566411948 0.0198552705524472 -0.202031031226182 0.494076550245961
0.00108716315233493 0.088649888107242 -0.224897024121675 0.342936270787582
-0.00767999803642682 0.0782854612932508 0.264387240394169 -0.26510437478154
0.0238724261821899 0.00920464878290524 0.221183785546722 -0.46134501240667
-0.0267507409284607 -0.0324906208150284 0.257303254241237 -0.567968533328096
-0.0402647459577844 0.0389042851882751 0.168575840523131 -0.67634977796216
0.0166554768498318 0.0359538863634953 0.087158195682701 -0.589256272393648
0.0313575692816321 0.00130926013314721 0.0462222870661985 -0.417334085228634
0.00923952019025321 -0.0429184564461366 0.0369295479112505 -0.223949496277802
0.00994359330014439 -0.0576590033251006 -0.010464392443479 -0.0185702991851637
0.0306387129581609 -0.0321902763611825 -0.0846126974519831 0.155781015581181
0.036893274972824 0.00413717999532323 -0.137933578396977 0.368541685322388
0.023556913821714 0.0397966904224213 -0.22523447891813 0.569012052854916
-0.0294220415609024 0.0418204837281911 -0.320117766227517 0.679948572354236
-0.029819808297058 -0.0239059399025323 -0.330326477049503 0.566764676562476
0.0396877611278137 0.0273462205042471 -0.219342676878352 0.486067679700816
-0.00934777698005216 0.0912312411710966 -0.246915475415852 0.324171285034284
-0.000940308588536532 0.0616086025810348 0.241973304194171 -0.289231156202398
0.0167141527058931 -0.000123600739499409 0.211842086308079 -0.454169632545121
-0.0314087000012851 -0.0259601768603112 0.214861166197474 -0.604280915918862
-0.0311983491242325 0.0402995308205023 0.0979278520321273 -0.673979418409166
0.0176686632889197 0.0309509044954405 0.0521981416664359 -0.575463857135875
0.0261339664384454 0.00116577493565063 0.034591719259281 -0.423081224887077
0.00491093323476692 -0.0393351698250447 0.0346326139895687 -0.23767949169635
0.00920314440459528 -0.0518341641925675 -0.00910056730029777 -0.0337731445908954
0.0287447001563657 -0.0250726885030522 -0.0844325806131873 0.136392042859325
0.0332504854707153 0.00881774850213786 -0.148916029541434 0.355705278060105
0.016848448753459 0.0402196870883731 -0.259878466608645 0.566654324922433
-0.030019847557886 0.0311271691951231 -0.386655403442618 0.664457563250265
-0.0196184036985436 -0.0243246448775975 -0.370775133498036 0.526971511627499
0.0345716340069199 0.0343175800287721 -0.230643503719241 0.483960896488891
-0.0185090836931985 0.0772802671725367 -0.266365732792036 0.305704273614635
0.0195297843442801 -0.0703406188599481 0.32509230573443 -0.160227165777562
-0.0383545921506899 -0.0260794128084509 0.294240955140913 -0.46573036364704
-0.00308662083931109 0.0113980012597868 0.382102049300617 -0.435406629193417
0.0199857738066732 -0.00739735508058524 0.423841639920895 -0.616261776663123
-0.0164590475138111 -0.0170616206599309 0.247732167747832 -0.600486198772336
-0.021238435781652 0.0164332998561539 0.100017156066554 -0.404890425684906
-0.0117081966466734 0.0188106891451378 0.0491843962265395 -0.18568709666115
0.00162767263210999 0.0187785034708716 -0.0167703969225117 0.0201694082141326
0.0142345470742223 0.0353000003901619 -0.0747935012934351 0.204930474778641
-0.0170183801849021 0.0292425897773629 -0.0792661108727084 0.407646473139241
-0.0189739110592202 -0.00816551136494694 -0.0765040218451322 0.561615055593599
0.0261071488985982 -0.0255692564083362 -0.0789294698627935 0.701016585004425
0.0217174350900307 0.0218170579716422 -0.145713131451943 0.66080547601803
-0.0257767408727522 0.0093273964577688 -0.147163483346093 0.505981434582832
-0.0117997163524518 -0.0567197239484775 -0.167053282446387 0.379071781908977
0.0114744780802166 -0.0362719225400564 0.332828416758404 -0.14203342082777
-0.0263254032826702 -0.0161377503972571 0.303746705326021 -0.478136490793156
-0.00635518058012689 0.000579352705813172 0.3778915688339 -0.422914760540919
0.00555236533058339 -0.000176863462956943 0.443670627526202 -0.603938224092918
-0.0121913836643753 -0.00676930458497109 0.261118140841031 -0.606170304208766
-0.00935752447947409 0.0131509573420978 0.100662489186591 -0.40194943074304
-0.00613434603017566 0.00631154643224368 0.0469365417361865 -0.178249049762023
0.0026847854386123 0.00118987735809945 -0.0166197754859535 0.026940406070034
0.0183172763990665 0.0191472374425845 -0.0735866709504225 0.212334898709226
-0.00555395741964032 0.022285435962963 -0.0765207379921788 0.411707349631693
-0.00743346215114934 0.000412511663244739 -0.0723901660619511 0.56075923249448
0.0171674604470917 -0.00961040352647707 -0.0633575670588458 0.693680260366954
0.0105294007767977 0.0152151108075891 -0.125916324123265 0.665713224776969
-0.0118414543937332 0.0127415093226949 -0.145183282032686 0.510092884178112
-0.00580018263798683 -0.0206473403616453 -0.164912572457001 0.380104623939998
-0.00280947852629506 0.00254604753748631 0.335348943732709 -0.14401530639394
-0.0141539210132656 -0.000849598204708775 0.301445927312059 -0.48742222574058
-0.00624890303080079 -0.01071592551416 0.367130996142857 -0.426518574062829
-0.011357947492933 0.00526150614998248 0.43578795891342 -0.606046195036893
-0.00808575379862165 0.00580122380619881 0.254745697849453 -0.60964428306753
0.00398471421739049 0.00988758686054513 0.0922691998521341 -0.403258885026735
0.000770346129762992 -0.00793220808936131 0.0445066304297373 -0.178593013727931
0.00634697590474144 -0.0174737305180266 -0.0168637508453339 0.0271782121681272
0.0216436900827398 0.00153903229405619 -0.074272240863854 0.212525528761319
0.00633152553624255 0.0139333975404689 -0.0789572793173095 0.414664246364679
0.00458207728074356 0.00868985770463437 -0.0833585576619044 0.56413020612488
0.00934344507630593 0.00927069511221854 -0.0746340864727563 0.692183724813716
-0.00523667740866155 0.00770594578771672 -0.133563324070398 0.665830312578721
0.00283623772977418 0.0115336931441281 -0.151665991039293 0.514549612721201
0.00169725570565514 0.0131530335607254 -0.172595181469853 0.379570447436893
-0.0155322922935963 0.0378133608363316 0.33009771128621 -0.16304655050738
-0.000842475149449919 0.0135822557521487 0.287064303930004 -0.486973184391661
-0.00716167119497754 -0.0208347448610249 0.350697762211185 -0.447650590691167
-0.0274294076002013 0.0119819476661663 0.398043402939414 -0.624202252058037
-0.00338239299636428 0.0197849507387884 0.226948845661954 -0.61300849872588
0.0169403144511991 0.00884010271687945 0.0819892726648673 -0.406415596143913
0.0070326910636829 -0.0214349563705721 0.0416119962553623 -0.183390962545213
0.00853264710673686 -0.0344189210170258 -0.0154571056410278 0.0226216759205849
0.0251769976515779 -0.0146286955003101 -0.076548186715666 0.205644619782335
0.0176562940122261 0.00618520102879924 -0.0904852177477365 0.411599842392574
0.0172806039367562 0.0182496013423379 -0.105732505253424 0.569871020667644
0.000431997775842005 0.0272241612593259 -0.110777420762799 0.69159884162247
-0.0198369929985107 0.0010747634692093 -0.164013398105011 0.656822985235302
0.0168213492708387 0.0122327587174182 -0.165592629785056 0.511593992818741
0.00645899129647326 0.0455817892528306 -0.185073934396688 0.3734698769707
-0.0196191272713892 0.066458991966455 0.316362225907022 -0.198206117733123
0.0113614193909688 0.0207061744109444 0.262922326718644 -0.48361521211722
-0.0108693856612813 -0.0300148477112553 0.326866191384906 -0.482794404279057
-0.0386407392879181 0.020809558249423 0.33328308770183 -0.647883469250583
0.00314149899551507 0.0309236676232156 0.182234605477888 -0.610875361418271
0.0267654445421573 0.00642378670143322 0.07013690381072 -0.410010021740288
0.0106876327747384 -0.0316867728749702 0.0394124602417839 -0.195322021792594
0.00892863532404926 -0.0486070686031851 -0.0138739619784575 0.0112706756442888
0.0274683462870761 -0.0270760910083519 -0.0782762459044127 0.192866948988994
0.0279920060810351 0.00161508919870604 -0.105861043127589 0.400758859820851
0.0245412844889645 0.0265271147734417 -0.139032361196434 0.572614208786072
-0.0107436826344222 0.0407398602512799 -0.168550774288629 0.695765171976988
-0.0306196148973291 -0.00776888152112571 -0.214918549662437 0.637869411625472
0.0289588773872009 0.0142747748562658 -0.184030865681403 0.504953604197906
0.00603451360128539 0.0725003964539512 -0.20378026492424 0.361862774814012
-0.015306801328169 0.0807366734230371 0.294209956486942 -0.234867365446088
0.0217097563502185 0.0183215247025883 0.239449256513635 -0.475944165036571
-0.0188153041418725 -0.0346722513587188 0.295596234020329 -0.529159659462097
-0.0441172106172228 0.0309169839950475 0.252065943080762 -0.670872746332607
0.0102343413629994 0.0364036035189969 0.132102271328283 -0.602564392421223
0.0320689070966795 0.00347143816222445 0.0566330320383327 -0.413252058879564
0.0112320205139294 -0.040028529323012 0.0370922436768921 -0.208662893017461
0.0102823690955021 -0.0577273510868474 -0.0128235172112395 -0.00316075584291959
0.0298691289476092 -0.0335553853190317 -0.0809873251874364 0.175718623423528
0.0357781219632027 -0.000849189991049305 -0.121533227726772 0.386743120325409
0.0276599628145232 0.0349637448806527 -0.181990264878764 0.573658306107261
-0.0212945152528916 0.04562065892185 -0.239470859869072 0.694221015373729
-0.034373708025401 -0.0174135310256198 -0.27374375433304 0.609343472476181
0.0369060227974876 0.0201466365207527 -0.20321183629721 0.497158169391059
-0.000150373466135983 0.0892371983913491 -0.225806386900718 0.345866369243531
-0.00682327793097621 0.0777795403129193 0.266789933322927 -0.268024214358488
0.023595387896611 0.00867168769667712 0.222290565538671 -0.465457987503036
-0.0272415680483238 -0.0324050705510097 0.254980952867885 -0.571624575969278
-0.0406782744463563 0.0395836239570793 0.168639504310397 -0.67940572267293
0.0170510597660052 0.0369648841965434 0.0870247547611085 -0.590850730867868
0.0320435608752487 0.00108700328367299 0.0445771322177724 -0.41963009673977
0.00888587295809615 -0.0428551320056721 0.0364761457238749 -0.224862453565004
0.00862974448949028 -0.0574808230316126 -0.0107289734856381 -0.0186746738175529
0.0292346557249697 -0.0327694210278724 -0.0844381379543833 0.156387425999928
0.0379381718612447 0.00356677934534454 -0.137696340634602 0.370671085999941
0.0231591966808289 0.0396231801676439 -0.223508122149965 0.573124347227373
-0.0299378263345889 0.041554032618897 -0.316868975354249 0.685865849827946
-0.0301930322223597 -0.0246997019623162 -0.329711861289025 0.571493350936171
0.0403077195492631 0.0279814484007345 -0.219402368878184 0.489440124592616
-0.0104131713229347 0.0910158964221148 -0.247706230606701 0.327856879511549
-0.00145875823448406 0.0622028274440776 0.242404569317164 -0.292701086264519
0.018523851392154 0.000443073598392786 0.212917010206319 -0.459457681190745
-0.0313879159024816 -0.0255670770608641 0.213181349836568 -0.60891417517028
-0.0321236134544329 0.0410875072441928 0.0955086653078303 -0.678031543205318
0.0189615307308419 0.0307185890145981 0.0516250416426238 -0.578570438206861
0.0266450631162567 -0.000208907995600884 0.0341734620989536 -0.426361587920312
0.00549055856172034 -0.0393466711667867 0.0343927601472891 -0.239186816708546
0.00834491405168927 -0.0511200340556552 -0.00866931296088149 -0.0339906920615299
0.0290016777028463 -0.0266923937312328 -0.0842131602849944 0.138512879110843
0.0335752248316899 0.00916561899481184 -0.147790152619276 0.357170444098066
0.0162148964113952 0.0407493963614637 -0.260711976172984 0.570926729993793
-0.0305921449037679 0.0321803818726653 -0.387065383895467 0.66865728210375
-0.0185063344714326 -0.0241837024220505 -0.370958089799924 0.533501047624261
0.0342150806756956 0.0340172775192153 -0.231366226447166 0.489507708675558
-0.0186034492433897 0.0778457256656907 -0.265448046252179 0.307774600177138
0.0193976201001669 -0.0720001682644662 0.327835334313748 -0.163269908016428
-0.0381296250328097 -0.0268743378047953 0.292906392164333 -0.470647618744544
-0.00305890737467728 0.0107606228678804 0.38212068227943 -0.441562220204166
0.019272405169059 -0.00835289321428109 0.422116200044838 -0.619411607741348
-0.0169688475398267 -0.0170637673938179 0.246088439456378 -0.60545259085641
-0.019911514337722 0.0164824518858886 0.0996126694908391 -0.406364668996974
-0.0108905353821271 0.0192803875820205 0.0493620034620948 -0.185317316682577
0.000208869273196955 0.0187569921274793 -0.0175547222766296 0.0202909550401624
0.0149372317909827 0.0343271192581558 -0.0752199455100763 0.206812658960089
-0.0164979070034336 0.0293155347314257 -0.0772663556296716 0.408966359453984
-0.0186832136338728 -0.00816043956194472 -0.0734902371011086 0.565775149642578
0.0264962965565141 -0.027221977277739 -0.0754927502390816 0.707370899295695
0.0224249333388577 0.0225694477364524 -0.141378039755267 0.666076833475345
-0.0263608440002519 0.00894824504874725 -0.145434945905159 0.510299367697812
-0.0126802883537269 -0.0564585158686342 -0.167900004388563 0.382382580551742
0.0106133237033376 -0.0371954563221543 0.337828526231353 -0.145093715311725
-0.027905976497318 -0.0178134181492216 0.301898455813399 -0.48454977141385
-0.00615946332740382 0.000703505627703419 0.37612112006171 -0.42514119482462
0.00588703066715284 -0.000749227975677519 0.443734497495678 -0.608694706234436
-0.0129622048258366 -0.00677051237597673 0.261508110588772 -0.609680652299199
-0.00905828962277989 0.0132020865432758 0.0989594070976117 -0.404244680308525
-0.00531701560662323 0.0062877462896801 0.0455736487676481 -0.179322145943332
0.00214083929352509 0.00217552324752443 -0.0173048997359315 0.0269582224392561
0.0190549480463979 0.0177423018346984 -0.0732102755883892 0.213010237065472
-0.0052336694147631 0.0224197305357287 -0.0746109554387173 0.416675199020584
-0.00879680957047339 0.000677760410241446 -0.069850686961831 0.564698488175834
0.017134535161718 -0.0113499843125835 -0.0598806461082058 0.696470860515561
0.0109034344376548 0.0149414350393582 -0.124283580505503 0.669245669879167
-0.0120597136848994 0.0113698009826524 -0.145087881643264 0.515078436358396
-0.0078917513045977 -0.0203963815311469 -0.166423818450837 0.384169400452821
-0.00332015241215172 0.00141248962194107 0.337924718558481 -0.147571572710505
-0.0147958390766377 -0.000774242964783455 0.301611151477427 -0.492258229367547
-0.00614051621138596 -0.0106861739171529 0.366500955421129 -0.430390649883789
-0.0110904191604002 0.00578844097235088 0.437403880285525 -0.611069813353178
-0.00765918054619557 0.0067517903443625 0.252323566124898 -0.613844358448978
0.00442288759128267 0.0107832430645212 0.092453516820629 -0.40608935137308
0.00148674474596475 -0.00767132898632033 0.0433445921290103 -0.178822129249155
0.0049429896103903 -0.0164401222514161 -0.0162530875853413 0.027202733182867
0.0223141528747621 0.000601555691332954 -0.0725386481373145 0.213754973410219
0.00765231016617928 0.0150596536571941 -0.0776379679801504 0.416971306072728
0.00465930496598977 0.00991503352260598 -0.0792388002093748 0.568676904996915
0.00927450794921964 0.00929779622211915 -0.0705199563912349 0.694180828465123
-0.00435299582763035 0.00774269356622472 -0.130991826174154 0.668277345564435
0.00337957231571691 0.0114204334103618 -0.15010655922499 0.517346659008395
0.00117792545388425 0.0140634276054349 -0.172767008887731 0.38292823506587
-0.0152387292117091 0.038013298269448 0.332215520383962 -0.166170219637495
-0.00183055213912418 0.0133359875845454 0.286221982419226 -0.495310948595851
-0.00710865745150685 -0.0212220869460793 0.350220803139461 -0.453499416250349
-0.0263853263710471 0.0120789098838691 0.396017610897196 -0.628423989644018
-0.00347215975455946 0.019425405513784 0.224203341267997 -0.616492332733439
0.0169910177396608 0.00934247881547919 0.0821422228387017 -0.408660955813233
0.0072332488836179 -0.0212843109995989 0.041590796631053 -0.18461102784999
0.00817054014531708 -0.0345876799259048 -0.0158182163218751 0.0224655663507803
0.0251731346773427 -0.0157215698502759 -0.0750184223939701 0.207523009432638
0.0199862206420683 0.00679812022653541 -0.0883658776993147 0.414039188371357
0.0169590586664416 0.0179049384092498 -0.10386629075268 0.572338596562357
0.000360079556353249 0.0275583481372083 -0.10698387817705 0.697596127895532
-0.0206127272250413 0.00142014189300176 -0.162616649296376 0.661599006389515
0.016575647903694 0.0117523125983672 -0.164127179713514 0.515875641679082
0.0060475018674139 0.0463000982186977 -0.186403453405738 0.37608810299788
-0.0194792081424105 0.0664632512008705 0.319393785871536 -0.201054550718729
0.0122951363209398 0.0208459692560358 0.261880725580924 -0.489475028106961
-0.0109596357869864 -0.0312059690072568 0.326839916771559 -0.486326340244045
-0.0395374314532874 0.0199841875587576 0.332217327170142 -0.653360179301973
0.00338837231997475 0.0313521232600385 0.181140468388455 -0.616207297656071
0.026865027178769 0.00644507072530598 0.0689003555907704 -0.411679141093272
0.0100743714212986 -0.0328308267233156 0.0385860724373842 -0.195202850065692
0.00852229795110391 -0.0492911505401613 -0.0148642613005239 0.011191416890418
0.0279105449711815 -0.0270801397157864 -0.0782599918127915 0.194286312861042
0.0288813948247209 0.00128125827523774 -0.103433562654417 0.40320018681419
0.0247680397693991 0.0269127432590704 -0.138956163081358 0.576116257777088
-0.0106831868604591 0.0399102322396741 -0.166623492320673 0.701543306011369
-0.0309283511649313 -0.00747187064084007 -0.211923339469892 0.643969675859163
0.0287241830845214 0.0148755673523223 -0.181214187010935 0.508987129034737
0.00666792928223105 0.0728821106219534 -0.204965454057811 0.364297683037346
-0.0146580299262618 0.0804236660952089 0.295537527360453 -0.239034564430591
0.0214334982799084 0.017714558310134 0.236945945305829 -0.480052549491486
-0.0187774344020398 -0.03533570561774 0.293677976580556 -0.531831751658147
-0.0442854560764573 0.0317524685450677 0.251304000068604 -0.675250161192656
0.0107502904896933 0.0361772683299239 0.129733386611832 -0.605699467854081
0.0322954526277816 0.00330622940460405 0.054414162245321 -0.41549950251355
0.0112020041521134 -0.0399792973057829 0.0368288553887203 -0.210036225820044
0.00960922442728158 -0.0574700889251442 -0.0120170412016007 -0.00395248545726825
0.0291236374183382 -0.0353230784053689 -0.0818196064526106 0.177426335478698
0.0356089070129144 0.000669694219591268 -0.120219565370462 0.390289031684949
0.0272327651807157 0.0353373830691881 -0.181173893821323 0.578848117077103
-0.0218998496829997 0.0466999667207748 -0.238123224373585 0.6998049251846
-0.0339954579728985 -0.0172712618965508 -0.273377600359439 0.615554429831117
0.0371121902615879 0.0204563613210098 -0.200660302823018 0.501185649496002
-0.000174002723315103 0.0894073552626009 -0.22675228510002 0.349048830775329
-0.00697024673254701 0.0783705623867215 0.268092597719202 -0.270980565977836
0.0235603783206963 0.0089411989930678 0.219478458910953 -0.470437629368322
-0.0277946536207685 -0.0332528642991334 0.253048372898166 -0.576123517880171
-0.0412245817238975 0.0398020346052769 0.166219997363819 -0.683092005326112
0.0171309759022544 0.0372240126114046 0.0845651469054874 -0.595367495749765
0.0315457970068653 0.00141502297588523 0.0424574084561244 -0.420950627350663
0.00825406778466534 -0.0428707998178713 0.0350190339207125 -0.226310985084914
0.00789212239448927 -0.0577897788029199 -0.0114125022750284 -0.0193118177062004
0.0299120161357748 -0.0333930901092235 -0.0843297893789357 0.157539302756995
0.0386216592890103 0.00333042914673053 -0.137095482415863 0.373980916139266
0.0240878526017918 0.0408865681474669 -0.221785539995583 0.578266229762599
-0.0298783682935849 0.041609600038176 -0.316071318913087 0.692435620352986
-0.02986404073201 -0.0244485420782935 -0.328733289341153 0.578433916505375
0.0399482570128135 0.0272937755354864 -0.217638356830649 0.495048644592201
-0.00994854500428578 0.0931727395675943 -0.248249330786991 0.330489821493365
-0.000171338622260051 0.061718346859628 0.242484474385759 -0.29541459284154
0.0177415099184683 -0.000715207507962579 0.210655993026925 -0.464180529554218
-0.0320696133679868 -0.0261883861299348 0.210588422245962 -0.614215194912296
-0.0306890075885126 0.0417238077827368 0.0934916965506805 -0.682283016093312
0.018641362710895 0.0304316347807436 0.0490836875434868 -0.581927251166988
0.0266156810054193 -0.000441489234667369 0.0303129682733696 -0.427526226583992
0.00507833467411868 -0.0394923876379825 0.0333273103905548 -0.241792729849445
0.00692722084643592 -0.0518416905701632 -0.00962926350694216 -0.0343582467705226
0.0294520655299012 -0.0265117725538607 -0.0850557639880756 0.138782663419933
0.0350471680380671 0.00817796513914923 -0.14685596453898 0.360912874234694
0.0160925049382897 0.0407441243221553 -0.260955490596543 0.577105294722091
-0.030840697679779 0.0331029756255548 -0.385339682968447 0.676505084104274
-0.0185575492543063 -0.02438229127322 -0.370502004313765 0.53672627721376
0.0353647746833855 0.0337704059637001 -0.231591556553081 0.494207094411593
-0.018259004127688 0.0798077859734128 -0.269455355629632 0.311500884481327
0.0185631422371912 -0.0719079337975502 0.330088639172206 -0.166479518054955
-0.0391235593720399 -0.0280213298719905 0.29183043425358 -0.477758106185218
-0.00304197298546929 0.0112297425400742 0.380496385045075 -0.444529474307913
0.0210198841342232 -0.00801490501939402 0.420497288354709 -0.626805809283505
-0.0169781178219763 -0.018004955862391 0.243764288984425 -0.609630507826906
-0.0208089660119076 0.017124722445308 0.097400735630785 -0.408329886315365
-0.0100716890821398 0.0193428268851821 0.0476760125588303 -0.187062392296771
0.000709170721470485 0.0185199942596191 -0.0174809113855395 0.0188188142534742
0.015424097333215 0.0341149623716538 -0.0745339700909731 0.207843382876595
-0.0159532870965593 0.0295808101507293 -0.0754377315628262 0.412245884091159
-0.019597786473261 -0.00779216930266824 -0.0703961751313328 0.568767509971983
0.0260443913724026 -0.0271202747261534 -0.0709634888216714 0.709938761640047
0.0226694921732422 0.0235741999015941 -0.139589240842159 0.669898790205762
-0.0259476183984661 0.00963791070848197 -0.143128428215869 0.513608477488957
-0.0134116298234014 -0.0561164171963637 -0.166443022713241 0.385734555063561
0.0114453357214395 -0.0376261305529737 0.338868492690112 -0.149285735029684
-0.0286713528235594 -0.01761929212248 0.302135832892068 -0.491235103497171
-0.00632339222001986 0.000264476122105589 0.377299174395699 -0.430249986199459
0.00562690582663756 -0.00085699778791116 0.442802417456995 -0.61575632581202
-0.0124718031319114 -0.00726193967458882 0.258900231835486 -0.615001180756911
-0.0085941873342012 0.0132996144312176 0.0973632671135843 -0.407312935825989
-0.00451975035993409 0.00643850994494565 0.0470501962372376 -0.184406055672738
0.00224843501317304 0.00115433350470192 -0.0174034588325423 0.027123023651857
0.0188629615605389 0.0178056047861483 -0.0717123708463268 0.215849079266535
-0.00460392058405311 0.0227632730216806 -0.0734172341121298 0.417807110592713
-0.00834631565692944 0.000773470839865485 -0.0667411685063683 0.570991033980344
0.0173720633292319 -0.0109712550909472 -0.0558223082417079 0.702221256195386
0.0109581830428171 0.0144241571002702 -0.120933491820827 0.67453617386513
-0.011894676107202 0.0120145971039641 -0.143105906588686 0.520717041556323
-0.00633368524770799 -0.021159243083517 -0.164554734875584 0.387623779390147
-0.00222065476785977 0.00126494409236601 0.341668554965251 -0.149898408255301
-0.0164633580638185 -0.00137903214546449 0.300669636826415 -0.497494432707322
-0.00638778688798743 -0.0104065640892151 0.367413052657943 -0.434326872174145
-0.0117488114156335 0.00531123810465637 0.433577579051334 -0.616034834013935
-0.00788097343647772 0.00729266396710658 0.251922254260447 -0.620053725499402
0.00436425268195001 0.011214917908841 0.0897179240615537 -0.409551926702279
0.00176077196355383 -0.00751486877887193 0.0439120331946623 -0.180144191794811
0.00401008471742373 -0.0166275102243182 -0.0162883121791984 0.0273371189387338
0.0222421328502282 -0.000260855809800191 -0.0729216166995906 0.215479775787873
0.00900221606403551 0.0149616646624174 -0.076208435130189 0.419395069197587
0.00518141751516103 0.00924366357126324 -0.0784732691926293 0.572701459143428
0.00882774850279284 0.00796438510122947 -0.0668649684184288 0.699637778879223
-0.00430205989238592 0.00839068507755766 -0.128004801645451 0.674085851280846
0.00284697832409213 0.0122261790639135 -0.148717083001991 0.522313997540752
0.00077072428186694 0.0143350224212588 -0.17219024325096 0.385744764435591
-0.0150639328124092 0.0381986379124835 0.334640113257051 -0.170756634823281
-0.00221533620084847 0.0133779258165868 0.285010622304329 -0.499924197331776
-0.00734663598407129 -0.0213358906277064 0.349121613489737 -0.456598938903428
-0.0272477039505263 0.011711289260972 0.395861811654833 -0.631179808607618
-0.0035244116993824 0.0200363279394597 0.223670845559799 -0.622418622161111
0.0175225194623908 0.00864771434355254 0.0793096955186593 -0.408835839824344
0.00748651772600209 -0.0213386889290754 0.040318217100987 -0.185929642070235
0.00658021116978281 -0.0349939558171261 -0.0165673144806819 0.0215777377450833
0.0251560614687064 -0.016714554861068 -0.0748285144496467 0.209349974706976
0.0192811829214083 0.00742552865365767 -0.0855272721838682 0.415555170534944
0.0171727987393731 0.017379839621348 -0.102064009770205 0.577880529350117
0.000362446142661461 0.0271823014598695 -0.103746341648966 0.70263750934898
-0.0195177732432528 0.00158090816183883 -0.158613900432933 0.664776008834285
0.0169908607749171 0.0115083166378813 -0.162193424059062 0.520136259224667
0.00621379498438056 0.0473118073854302 -0.186115343684962 0.380503150526992
-0.0193622254251859 0.0662956396901409 0.32027253592227 -0.203978430783488
0.0115249279954266 0.0201092638106971 0.260513073163498 -0.495907842169665
-0.0111194455538425 -0.0311436875050021 0.324965048905213 -0.491050644853747
-0.0390576617019426 0.020318903505506 0.329651102810986 -0.658122371639204
0.00340177011817911 0.0305187354280408 0.176862966686565 -0.618310797114875
0.0277377232334652 0.00586108719073095 0.0664456474400273 -0.41344254044837
0.0102654202147945 -0.0325877723858941 0.0377820096911891 -0.19712850783124
0.00787381612221359 -0.0484778389697924 -0.0138762044012493 0.0111245072620136
0.0278623463962286 -0.0291534760822825 -0.0770636827615138 0.196257870369636
0.0293146244389212 0.00189562410504188 -0.101244790337227 0.406445175049068
0.0251859643366967 0.0273587513728062 -0.135184687280512 0.580784572775924
-0.00995585765367833 0.0412820469427683 -0.161805882630933 0.705203551373767
-0.0310803702802928 -0.00762240364883349 -0.211140932534671 0.648301623623535
0.0282554494675692 0.0148721387973276 -0.178373029861048 0.514429071168363
0.0054302642254911 0.0736394361710702 -0.204623647150066 0.36837491939422
-0.0139954455675821 0.0808500678642513 0.298485272246773 -0.242448959654449
0.0210169340373272 0.0176906913212809 0.235132049353291 -0.487040532185055
-0.0203016214998231 -0.0344781213660201 0.291222144291252 -0.537207364034693
-0.0440141543187642 0.0320824852174068 0.247503212027924 -0.680888575353571
0.0113404670722907 0.0364779429251761 0.128467105782774 -0.610690451175598
0.0326660108123185 0.00291529537281488 0.0531189509132959 -0.418205252794814
0.0114215370270691 -0.0416147452784442 0.0358969945136005 -0.211341203881511
0.00829922546187188 -0.0577354703668659 -0.013611067719367 -0.00325581402882628
0.0295613259991864 -0.035838586189352 -0.0813055892118375 0.177957941366295
0.0367518994203632 0.000908992348171345 -0.119807071388527 0.391622546023457
0.0278268872911805 0.0350160134283687 -0.178076623141434 0.580811876625374
-0.0217698825020943 0.0467054083460392 -0.235365693668834 0.704876945077022
-0.0355205176582993 -0.0169329967130558 -0.270277525595595 0.620976388297063
0.0386617304651174 0.0185479194722193 -0.199270523949213 0.505603378751398
-7.75612639004677E-05 0.0913325720023232 -0.225731859085711 0.353751352462129
-0.00573208363163954 0.078870942301565 0.26984299773137 -0.274837610159311
0.0239170702975338 0.00857236427694775 0.217764502810089 -0.476226180710418
-0.0282129735972034 -0.0328425353723475 0.252040991325775 -0.58156799074973
-0.0405925677400756 0.04037671671732 0.162469528477915 -0.686287448896646
0.0173047447212332 0.0364683596214861 0.0814109327319302 -0.597897523268566
0.0322870943524908 -0.000311412098981521 0.0385721686851215 -0.42266642277257
0.00850036806024751 -0.0418593996625354 0.0341605997167992 -0.227991637536937
0.00715989297573527 -0.0589506483674056 -0.0117869981760737 -0.0195461685865662
0.0306769630984807 -0.0343491267238755 -0.0840887430550249 0.158486903142707
0.0390597042105266 0.00346900821102458 -0.135130080065265 0.375446892892116
0.0246903861076566 0.0405976443373307 -0.219956587620672 0.58363538707776
-0.0298439885200244 0.0425005250975023 -0.314342041017409 0.697151880745126
-0.0304092858416215 -0.0240586464072691 -0.328155310539631 0.582746018949268
0.0405918661267875 0.0279371130339923 -0.215890273202507 0.498017284250609
-0.00965834265187875 0.0939861906030102 -0.2489391237663 0.334334695005672
-0.000172506121187025 0.0620139493631533 0.244064305922012 -0.298651260974678
0.0167717849496185 -0.00131238183124811 0.212395495626437 -0.469981451951219
-0.0318024135582469 -0.0248669853434546 0.207297928442068 -0.617782292576844
-0.0306882152796982 0.0420884364759044 0.0902067959158417 -0.684669625203491
0.0196325695655663 0.0309801729519611 0.048362717239681 -0.585482680770086
0.0278141338382287 0.00019338351337142 0.0298541461266127 -0.431297858527311
0.00401083116233585 -0.039620848005214 0.0326407912777396 -0.242351078758604
0.00591868330331805 -0.0512294626307698 -0.0104654683134474 -0.0351148310402669
0.0296510259847959 -0.0290079695459877 -0.0846431472385606 0.1399229733483
0.0362119815628979 0.00801197243380738 -0.14634717684041 0.362234306479455
0.0178860043747697 0.0411984530143328 -0.257147485927724 0.580480099872437
-0.0298017585987043 0.0318408542640081 -0.384692962827859 0.683801281520564
-0.0196122740776574 -0.0242071521099164 -0.371322582669238 0.541856472275905
0.0357870723604389 0.0338541643777336 -0.229394470650767 0.49782182160749
-0.0179077286906683 0.0789567562316067 -0.268331568023695 0.314690078394497
0.01932101678371 -0.0730086905692855 0.331118032288298 -0.171025200944002
-0.0407058963416973 -0.0271426716711528 0.288450931768154 -0.482916937839866
-0.00305321506507143 0.0110511938001882 0.378774225110164 -0.448321630329552
0.0200729746314296 -0.00865249919172605 0.418725940400115 -0.630823337129872
-0.0178607225852856 -0.0171113763924785 0.240796555957943 -0.613537615202613
-0.0201319258397026 0.0174301337037429 0.0960900827002138 -0.410473560240638
-0.0104339074342989 0.0195439077461311 0.0477759520913347 -0.189480732969516
0.000365755376948977 0.0194134154389284 -0.0176035546841144 0.0196592483202688
0.0155652696718046 0.0331266264767887 -0.0732122101642877 0.20877878245977
-0.0156069057607364 0.0302463173875074 -0.0737716989759563 0.413848906020119
-0.0196738215902368 -0.00729502911491072 -0.0691826202171587 0.571727434017159
0.0257757174765914 -0.0278690285907611 -0.0682012415116463 0.713990901010015
0.0237178700072678 0.0229391948568273 -0.134560657478527 0.673635701165866
-0.0265168326459383 0.00956771768988253 -0.140190241822343 0.518095539952973
-0.0152608926617629 -0.0570429857770475 -0.164213734957412 0.388514973563275
0.0106203292466131 -0.0389702324427531 0.341122432155376 -0.152666113945147
-0.0285437482427219 -0.0177062765969775 0.300261946142002 -0.494872822808393
-0.00643229137012074 0.000346246673611156 0.376789588432191 -0.433989143374557
0.00540091368609554 -0.000971570821853154 0.441323223471251 -0.618418280399246
-0.0131379004639021 -0.00612351419533238 0.255437048252704 -0.619704204126063
-0.00835226957236712 0.0141081756038691 0.0941243685986303 -0.409454089075714
-0.00492408415371761 0.00587099414359492 0.0435960014946913 -0.182107994938082
0.00266200853601382 0.00231259642935739 -0.016906529103636 0.0262654723054727
0.01912136687444 0.0175225910443701 -0.0716357007188335 0.216634267263649
-0.00426265096295584 0.0235928834784403 -0.0702098657941896 0.42042281616367
-0.00839071633108947 0.00146049725902586 -0.0637875632536401 0.573374275836722
0.0176012701784507 -0.0113271909733664 -0.0508774219127791 0.7056778216418
0.0111750405695289 0.0149998780462106 -0.11699418208114 0.677306892288437
-0.0115702239365739 0.0113395270778525 -0.13966599197176 0.522915033090168
-0.00753046328571168 -0.0207233562542314 -0.163636944870958 0.390354933704059
-0.00301262836667666 0.00104314926198011 0.341880405607642 -0.153219810602275
-0.0167231707295303 -0.00182660186313247 0.298382818335352 -0.502667619299674
-0.00637756316398849 -0.0109491915511488 0.364525579545863 -0.438252068266433
-0.011644023432207 0.00437195229159409 0.432290967407042 -0.620731577097305
-0.00821616019535641 0.00722455150829232 0.247475647001547 -0.623591487610832
0.00523036424613494 0.0111753412658415 0.0879148458094081 -0.411288341077477
0.00187412234213336 -0.00718208561906943 0.0409967909869551 -0.181508340267688
0.0045715999068047 -0.016830072965994 -0.0166595199668964 0.0279170112619946
0.0227890143525741 -0.00171773247408896 -0.0723140681312614 0.218029508832823
0.00833750658128483 0.0144181938585097 -0.0731013938884937 0.422083699001219
0.00494630826508208 0.0105259470093291 -0.0760586120266108 0.576194388957416
0.00857471516024588 0.00781060496531906 -0.0613125130675569 0.702676422782756
-0.00386773352501836 0.00939654350561165 -0.122815450481424 0.67642992096035
0.00338777319726795 0.0115213661011781 -0.146735727019422 0.526326402867459
0.00041000598061328 0.014968186159525 -0.17081156837024 0.389702842612629
-0.0147631296383572 0.0379378476543017 0.337123049765137 -0.172349800349281
-0.0019240352056369 0.0134455358782513 0.283597343968571 -0.506416773424063
-0.00730659101536759 -0.0217068461190628 0.349048818155992 -0.458843494887898
-0.0265811899239392 0.0115616564479149 0.392437296817763 -0.638362895475454
-0.00276992771010387 0.0196950841383687 0.219081237554623 -0.623869694308636
0.0176463030597364 0.0083965204860114 0.0763365757581773 -0.413329794555232
0.00686335257146666 -0.0212924567949512 0.0394598488276465 -0.187133383878484
0.00609499867862269 -0.0347700956287036 -0.0162776132650619 0.0225038762231087
0.025412807340287 -0.0171700731396858 -0.0732502556083616 0.209715933690746
0.0204523883912261 0.00682629989120379 -0.0836575005722522 0.417755940478443
0.0176874884857405 0.0184791004869971 -0.0985077141506924 0.580686885945552
0.000661633027296793 0.025662373857371 -0.0994329417977784 0.707001233801548
-0.0203790512777666 0.0014546374737323 -0.154479076165192 0.668459940887098
0.017234816397361 0.0109429560336353 -0.159393706160936 0.525183510960786
0.00584676077919214 0.0483435036405301 -0.184319165949471 0.383200154241268
-0.0186459961172427 0.0668473078035531 0.321891686363112 -0.207409115699243
0.010863181722441 0.0189882011757348 0.259352354282445 -0.500813242564029
-0.0113111978365247 -0.0307315136601452 0.32393292474678 -0.495923269470291
-0.0397454599768105 0.0210425060478111 0.326725850479973 -0.661448768569716
0.00341697049787084 0.0309737287478929 0.174905968993817 -0.622756621934473
0.0278557558536813 0.00519856733013667 0.0649697913911182 -0.414372001921863
0.0101563355874639 -0.0329522341668312 0.0370578395832366 -0.197776564865778
0.00708896022930759 -0.0483649068474256 -0.0148497973955517 0.0104661378471346
0.0274348406384856 -0.0294597840677238 -0.0762255117930859 0.196809893355694
0.0299038115271214 0.00153634080860101 -0.100769149882159 0.407353114180381
0.026388924958711 0.0270596974603019 -0.132653209423328 0.584493668662405
-0.0102311697513701 0.0404934149864269 -0.157794709111845 0.709726420605363
-0.0317623531689487 -0.00746617620051142 -0.206295811350783 0.652052010014134
0.0290248841851252 0.0136700877929281 -0.178732088266156 0.519264379723591
0.00609525401126373 0.0745107456204992 -0.204714342881706 0.371555947702767
-0.0131852236910404 0.080406941751149 0.297295786102265 -0.244723818345538
0.0208533806635264 0.0171860669233927 0.232171123527524 -0.491584229280847
-0.0200138440017028 -0.0358166773455072 0.288976643853642 -0.540094425173366
-0.0443405362870618 0.031963778506146 0.244823225936778 -0.683507211600951
0.0115232456270806 0.0367262525801361 0.123462818523818 -0.613317208907032
0.033041172939804 0.00188448374850555 0.0499359206213442 -0.419376075727712
0.0106807844162799 -0.0410969350509739 0.0351110122053073 -0.213032893897836
0.00745417205208927 -0.0575511396217387 -0.0131558689433276 -0.00359257548924228
0.0288491605138648 -0.0366367007941349 -0.0803253976936841 0.179583400686337
0.0373890800535012 0.000387271635382973 -0.117104512683042 0.394489946363885
0.0287276692107059 0.0347700539401348 -0.17555712217358 0.587384390053584
-0.0207366178180683 0.0466304296471995 -0.23027383204434 0.708228357764144
-0.0358611474336583 -0.0166168483335752 -0.266380513752192 0.62350381869376
0.0382665835960418 0.0192119032999022 -0.196279288226271 0.509361674858796
0.00117211904593061 0.0915597293464738 -0.225254470605998 0.356378989994798
-0.00562168723138113 0.0786391301556909 0.270039484199227 -0.280039020088984
0.0225114010042956 0.00820872230409581 0.216734142721792 -0.480966600438586
-0.0273450369515714 -0.0334102271793537 0.247801081908468 -0.584604221881273
-0.0404223276076296 0.0406164984833529 0.157147309400684 -0.689945254096841
0.018034764363008 0.0361469315588808 0.0776314167736817 -0.600078007704467
0.0327330337375977 -0.000273482256079212 0.0366210328839446 -0.424312055379562
0.00770152903544172 -0.0424459448161399 0.0320880618168223 -0.228161874464329
0.0062866369729418 -0.0583749984653312 -0.0126752316303696 -0.0195813889780544
0.0301230260926564 -0.0357435166665774 -0.0835001824653687 0.158459688820631
0.0390040125851927 0.00300577797907455 -0.133485492464302 0.378466141363738
0.0245213705736509 0.0407094215491825 -0.217163906780132 0.586218327400053
-0.0296462611414099 0.0445459433870182 -0.309776089249293 0.701170195164756
-0.0316340212710709 -0.0237822005019644 -0.323578278536614 0.587252107949742
0.0406132048520759 0.0267565124805998 -0.214957454619552 0.502925309277482
-0.00992194011781266 0.0945805555096824 -0.248280618186889 0.338441972093853
0.000964180704690519 0.0625965407212711 0.24424285086328 -0.303623302913384
0.0168240616326612 -0.00140717929796985 0.207039688557696 -0.476445462938422
-0.0320045440926439 -0.0250538506706003 0.203325965964287 -0.622597395395514
-0.0306042879053754 0.0420610676399297 0.0850291709009688 -0.687058247572848
0.0198870620522784 0.0303083937100988 0.0431879556510663 -0.58523426117417
0.0269280712893193 -0.000917107946767106 0.0267562632207076 -0.431807986416355
0.00396022704900002 -0.0406869206720841 0.0304629945756141 -0.244670071199605
0.005455468883237 -0.0520761202288247 -0.0116053631409932 -0.0349565055788858
0.0284750705860677 -0.0291157857052184 -0.0841219659221052 0.141261475697338
0.0360250889821038 0.00769346028549854 -0.1453969555558 0.3647723015948
0.0177070806419901 0.0403039068143576 -0.25534141191581 0.587267957003265
-0.0310463987378205 0.0334201836340147 -0.381003189653999 0.686762730473481
-0.0199494144916064 -0.0243580240250109 -0.367321028032632 0.54798583159549
0.0360701421166125 0.0344100947141032 -0.227325097315398 0.500833541174242
-0.0188358660101948 0.0805290414105442 -0.269159449856245 0.319873038678408
0.0182636549719723 -0.0743059841946766 0.33275946205077 -0.173233234866721
-0.0402434198187038 -0.028075553216534 0.286442483932172 -0.48701161421261
-0.00190259904639331 0.0108905750825725 0.376155021912459 -0.454077631640043
0.0203997961174243 -0.0081897845744917 0.416044238285715 -0.636898182766615
-0.018496613889497 -0.0181328849410251 0.237043146341764 -0.617408706378454
-0.0208654975110288 0.0178057931398239 0.092226602175624 -0.411711087423166
-0.0106899807506361 0.0200443703061239 0.0470545052086097 -0.191057044715056
0.000657266872112342 0.0195530877257549 -0.0176192870851473 0.0197163517432173
0.0161254301102269 0.0331397071504581 -0.0717004414461299 0.210125974040282
-0.0152651333210491 0.0310053058951397 -0.069654814653336 0.416130104128731
-0.0195005036856322 -0.00653307343816694 -0.0668042289872047 0.575332873444808
0.0255017589867716 -0.0284023385382149 -0.0612977511227074 0.715441760399199
0.0237961594466344 0.0237514200885856 -0.130465651430038 0.676016950965668
-0.0271700943199518 0.00967042597794705 -0.136289046262163 0.521053150784874
-0.0157132357092526 -0.0561441617505445 -0.16425480439329 0.391154852933164
0.010863626022711 -0.0379658153725556 0.34219121107802 -0.155225408340255
-0.029615405305261 -0.0177918950065179 0.296050059385686 -0.499754625944708
-0.00652392736322845 0.000783905798241763 0.373657958568277 -0.438964979599531
0.00587025558738 -0.00140506124147876 0.439028311349633 -0.62405703358543
-0.0125186850455764 -0.00618467208904906 0.251656538893515 -0.623608612637848
-0.00820522284477722 0.013636543837411 0.0913390883614285 -0.410571359602204
-0.00466889975119577 0.00722551299787535 0.0434084801261287 -0.18170161411911
0.00233349944816203 0.00250576642483028 -0.0165344987731602 0.0262841319964334
0.018213448875284 0.0173681846348334 -0.0697034606613029 0.217361463788402
-0.00260450241198229 0.0240353726992886 -0.0672695664943178 0.42340121892538
-0.00809200635879515 0.00153680444472107 -0.0600209501226274 0.575699330291046
0.0169312587444942 -0.0117615260864369 -0.0475815003154474 0.707365856040726
0.0122205197790121 0.0157358847910899 -0.111475076694976 0.682877037756773
-0.0115482221118062 0.0119286262115011 -0.137327178437283 0.525871430668623
-0.00818083151962022 -0.019811511328368 -0.161701640390182 0.393008340760483
-0.00261893420145703 0.000865117177583849 0.344481943478314 -0.158137821919148
-0.0170311788879717 -0.0026463861598875 0.2929694571218 -0.508762636156718
-0.0069434195973257 -0.0109579175123743 0.36262503209157 -0.443573750568099
-0.0112778889583512 0.0051617085139998 0.429111243937686 -0.627344240731451
-0.00824357367048626 0.00813714651320221 0.244360819755547 -0.626471357758694
0.00500785763301332 0.0108397961393086 0.0843158275000685 -0.412362962026524
0.00207375578985335 -0.00713493740853307 0.0406862899665374 -0.18251582846059
0.00333934739275854 -0.0166960464791521 -0.0169027724392693 0.0276479762506039
0.0227145056287411 -0.00228823710993912 -0.069826164779732 0.218551072841258
0.00924780462923694 0.0147341816980878 -0.0715644054673309 0.425579667683142
0.0046302952165047 0.0102540988740581 -0.0728471219474666 0.579261670362485
0.00834195353683117 0.0080879982618509 -0.0593402994228428 0.704210767338404
-0.00389706743243619 0.00919862149875633 -0.117138008740031 0.680809827879981
0.00287564048565919 0.0117410295441513 -0.143919873823258 0.528079811247585
0.000625857198627459 0.0143015981040164 -0.169189180324571 0.392613913162609
-0.0145454123904724 0.037941415454424 0.338348103894404 -0.177198567512403
-0.00262358405936289 0.013259350808324 0.27959680029824 -0.5103198174588
-0.00697186360327694 -0.0214637027981797 0.345302387769148 -0.462021921592343
-0.0277160549827657 0.0118347580434546 0.389131075562201 -0.643028239573432
-0.00386804104415925 0.0190843547582213 0.215615993230151 -0.628951841117497
0.0190396651468656 0.00838925426389769 0.0745205384033195 -0.414180273034812
0.00722563604356013 -0.0221161499259441 0.0383730059448472 -0.18802581833737
0.00508434215585138 -0.0356466838990413 -0.0162241278847796 0.0218831212793953
0.0244259050917454 -0.0184749534601587 -0.0717084108209204 0.211269940615755
0.0205285637877451 0.00616142311196682 -0.0815503884360807 0.42054916153785
0.0169657494993766 0.018325077660045 -0.0953438868074536 0.584130337326315
0.000582170218775158 0.026890885909039 -0.0943259291424923 0.707784541022419
-0.0192754668138614 0.00268975106219168 -0.148661481903663 0.67200097118512
0.0169432890848262 0.0106872744720751 -0.157287599069531 0.526714969160393
0.00644566635585639 0.0477279934813366 -0.183250044532045 0.386081835526083
-0.0181021161428651 0.0655724162835365 0.322484840094739 -0.210568249915424
0.0106926979188803 0.0204435287611611 0.252987527300255 -0.506721223018595
-0.0123800190726452 -0.0303378658921475 0.319185130224709 -0.499293119854202
-0.0394300193024102 0.021097429114709 0.324385672978308 -0.665387250739188
0.00390419824344899 0.030889651411107 0.170623242820081 -0.626456071768458
0.0291846451048015 0.006478147718082 0.0618891166154071 -0.415925059719708
0.0101648819870641 -0.0330886811953319 0.0360174932863856 -0.198762661717063
0.00676452563218406 -0.0489921238958042 -0.014974060616806 0.0108753977402774
0.0267378727941379 -0.0315701270724205 -0.0762599381166383 0.198647492487531
0.0309297124087668 0.00049643225870087 -0.0993213856007654 0.408466973770817
0.0270515439973937 0.0267830019340573 -0.128154992666544 0.588469923603663
-0.00925919200867385 0.0407715034046365 -0.155401687698871 0.713417423709604
-0.0311561420181912 -0.00664980979903947 -0.201502543363834 0.655529017379078
0.0291473114316917 0.012971366297175 -0.173645411446296 0.522323415495237
0.00691872942940049 0.0749130104882477 -0.202856415669008 0.375286952330179
-0.0136654315392885 0.0812067148543632 0.299498363855305 -0.248782687946474
0.0207232520711941 0.0176504907572675 0.228616239783523 -0.495913208055488
-0.0202110013009867 -0.0357504554792298 0.286533255793697 -0.543957368121568
-0.0435205733336503 0.0321981912833523 0.240294729149398 -0.687140620548848
0.0114799498762623 0.0365416047350125 0.120228860358285 -0.615837744074064
0.0343321827351138 0.00221255326712981 0.0480209294852675 -0.420810714988408
0.0100991949499974 -0.0411920440324554 0.033619962629604 -0.213794156322283
0.00613376825086246 -0.0584793764773033 -0.0135413454882805 -0.00385651050798314
0.028390718950964 -0.0379427256753484 -0.0802105797649084 0.180857173493152
0.0379593430477703 -0.000669555768302213 -0.115776787034622 0.395729318138869
0.0292631681503928 0.0348785985029887 -0.171582685966196 0.591691821583032
-0.0208394368778679 0.047505264978638 -0.226131955403516 0.71333808959351
-0.0353790530304342 -0.0161613520490054 -0.263356134277969 0.630359728957825
0.0387433477711428 0.0187950700144187 -0.192439502339461 0.512181446562791
0.00100285294624639 0.0925563541426967 -0.224328185002008 0.359355689562828
-0.00522151832374535 0.0789926883306788 0.269568415819076 -0.282923943990287
0.0227359254006966 0.00667230372838743 0.212485210265803 -0.487154801598307
-0.0287142089904697 -0.0335337792631317 0.244691219312654 -0.588753301845517
-0.0400683109185684 0.0412539313529583 0.154676874422352 -0.695020140382809
0.0180506053724627 0.035874840756923 0.0745728015243116 -0.602693456566387
0.0337691194706116 -0.000620621543716258 0.0352370074692194 -0.42659535770256
0.00732801534283356 -0.0439813080875476 0.0305224958899903 -0.22979544959439
0.00456152064299723 -0.0587060020932547 -0.0125048589553507 -0.0196850003562095
0.0297809956871929 -0.0366746952108038 -0.083145472836212 0.1599808241171
0.0396598400287471 0.00252092901315378 -0.131619447519807 0.380974588139639
0.0268638356942804 0.0412183098326388 -0.213435778255069 0.590995555229605
-0.029693285031006 0.0429844825454459 -0.304683659946893 0.708152569663142
-0.031098266776209 -0.0241188299778033 -0.321653613365908 0.590217847000463
0.0411318748718088 0.02681528420876 -0.212022361016206 0.506052130150718
-0.00898983180402937 0.0951903160069693 -0.248286049618848 0.34097226035976
0.00101703179293222 0.061971381309875 0.242345931548593 -0.306463228180432
0.0161958933652626 -0.00153792352973814 0.204697433546144 -0.477987138402795
-0.0326668012252886 -0.025101637716703 0.198054224144297 -0.624401723303661
-0.0307016049390057 0.0425398642307331 0.0799188875939432 -0.687831146350972
0.01978470213949 0.0301957594058331 0.038998483448159 -0.589153259303093
0.0268647177706869 -0.00137503619501779 0.0241869430384282 -0.433107108579091
0.00443728030594412 -0.0401738167861419 0.029262697347609 -0.245483788310875
0.00404932141162363 -0.0525163101390672 -0.0121788477803376 -0.0349204755537068
0.0286486278108178 -0.030429753014103 -0.0838997186036459 0.142093294288465
0.0359928803690784 0.00688549970200534 -0.144233306700824 0.366568808089567
0.0179594617971154 0.0421037515793446 -0.251345602763481 0.58949681020647
-0.0317609749101547 0.0327816565476876 -0.378027432173442 0.693006639453462
-0.0209969587254872 -0.0247354449255564 -0.367237077038555 0.552201291939014
0.0368323937557764 0.0331990062866447 -0.224912936368689 0.505972781180081
-0.0176387593787085 0.0816695260489197 -0.268147367253466 0.322274787218691
0.0185469292864104 -0.0756592866508947 0.334384525988194 -0.176877023183699
-0.0413602724521408 -0.0280486683302972 0.283057831967193 -0.492823760972261
-0.00273038357727676 0.0119073032826504 0.37360569263863 -0.458046341605882
0.020917663679775 -0.00911263497425981 0.41096325141108 -0.641994455316626
-0.0187863252328992 -0.0175715350660701 0.234277076275622 -0.621715934745827
-0.0196615659233527 0.0183184451319286 0.0899464052877703 -0.413988420709517
-0.00988345957693609 0.0206137153948202 0.0455133550531428 -0.189999742495184
0.000264208919223352 0.0201437279186812 -0.0168225889597296 0.0190413242007475
0.0160656139273452 0.0330474118548674 -0.0697257729767892 0.21152990055206
-0.0150955915489717 0.0320935911115225 -0.0675126877554172 0.418026371498203
-0.0203339648803781 -0.00637738679452054 -0.0616296840089802 0.576461100168355
0.024789339651928 -0.0289011827014762 -0.0566117022906213 0.717081849355521
0.0235382617452125 0.0235556727682274 -0.125845598077564 0.678049132799396
-0.0262192516238621 0.00993481921695236 -0.134085064961868 0.523314735513233
-0.0156233507524766 -0.0561447229232487 -0.162580927131806 0.395043336418183
0.0109141119777094 -0.0392588671119878 0.34335610053306 -0.158711754108487
-0.0306246329141426 -0.0176089060646829 0.292116509472664 -0.507556733860393
-0.00678107779426326 8.25685892271591E-05 0.3703718668418 -0.44218777334522
0.00602094848671717 -0.00152199196544908 0.435005467910391 -0.628108477920338
-0.0132114737017465 -0.00618021994103756 0.248047779299634 -0.625655240784594
-0.00725897743507087 0.0140486144587514 0.0904750992864862 -0.411832847278208
-0.00376911237677568 0.00619828686354207 0.0418378844475698 -0.184716744926786
0.00250999043277968 0.00229734537145535 -0.0171228890746387 0.0270034579797137
0.0195385796690313 0.0155702147022954 -0.0693737391525638 0.218503772217438
-0.00268045331137024 0.0247795357523036 -0.0646079508066948 0.424709480165571
-0.00813238589309815 0.00199286965710545 -0.0574659227184443 0.578232887979735
0.0159748478002587 -0.0124251241628388 -0.0421127081999876 0.710580017259875
0.0121704213386552 0.0153008264101906 -0.105968796346526 0.684112917454828
-0.0117226529323454 0.0114418808166608 -0.132850399272655 0.527961536954473
-0.00836601144916939 -0.0201877025830766 -0.160334551601001 0.397521120894385
-0.00216907110850351 0.000634392873412735 0.344739960393526 -0.160850034848585
-0.01768973846134 -0.00191973359984403 0.290228133193604 -0.512909317406387
-0.00669403443947891 -0.0106588924370055 0.359638113880605 -0.44496444258917
-0.0110466230833114 0.00549519872751652 0.427388472681932 -0.629529496906472
-0.0086108518364461 0.00739612225346708 0.242307895269863 -0.631369840528777
0.00542322930295735 0.0105093238220347 0.0818083674826297 -0.412663756329885
0.00238743150522547 -0.00782163201659958 0.0401420671951155 -0.182984739755903
0.00309421923537782 -0.016562280736654 -0.0161414683809454 0.0275776528817193
0.0218480535698299 -0.00241842439030396 -0.0696672028828179 0.219798177158807
0.0105559992073509 0.0147811241730248 -0.0682529483475725 0.426913793171347
0.00566291286106285 0.00945182537128494 -0.0669436986262965 0.582819075673073
0.00965915502223227 0.00806108081181791 -0.052448526050373 0.70671041709367
-0.00417943635293795 0.0088301955887178 -0.112885812071767 0.682916471147143
0.00309766173748306 0.0118325317738001 -0.139676726649568 0.532481794909701
-2.88692172765673E-05 0.0154591277682865 -0.169063445173043 0.394867735591061
-0.0139517311995656 0.0373234232651554 0.338132243640674 -0.181067896815299
-0.00258717769977336 0.0127778871688595 0.275677868112524 -0.517094395176269
-0.00740404551102567 -0.021852206368 0.342299070125351 -0.466785496571732
-0.0268346710998863 0.011880064769661 0.387121368682538 -0.645842784696701
-0.00269643236694227 0.0205394517644028 0.21230309206516 -0.631495364870303
0.0188332734521525 0.00798006379156838 0.0714088353851142 -0.414202462983417
0.00652807146702205 -0.0210897210616013 0.0362898550926693 -0.188168490465047
0.00512722882453157 -0.0347204064310989 -0.0156936515391962 0.021997315300772
0.0248081514882779 -0.0197799619863357 -0.070776398832201 0.212878013018237
0.0213260434999405 0.00587242170321195 -0.0784445217384063 0.421260517823424
0.017971557329998 0.0185828695267299 -0.0898515862220726 0.586998825773117
0.000776468160322959 0.0271082983751236 -0.0908683809029495 0.709589781056503
-0.0200507472319711 0.0031916512095308 -0.142712750276317 0.675250882197454
0.0177822207816894 0.0110508985829247 -0.15329500582122 0.530270974208873
0.00567711516835785 0.0483668468453374 -0.182136244695588 0.389346043886131
-0.017492455262925 0.0664777235050756 0.323447586351587 -0.214550000583913
0.0110351650567094 0.020246848703855 0.250171142918826 -0.511181169156307
-0.0124355531708335 -0.0315630465588689 0.315482506527446 -0.502494458120854
-0.0391602588064774 0.0213927031983773 0.320648547201174 -0.667161666020133
0.00419024012552038 0.0310584735497472 0.16712609015451 -0.628073054571641
0.029216825328939 0.00429842431329136 0.0602222579759833 -0.417212964555403
0.00958326092920441 -0.0331713190616315 0.0355532656896552 -0.199727168790796
0.00462517401986621 -0.0496018868290797 -0.014600141317023 0.011486182643757
0.0274135549649414 -0.0325162221644671 -0.074378025400848 0.201068581026839
0.0317762618870609 -0.000679417201825902 -0.0948395617435581 0.411305868277325
0.0273400305546754 0.0277150127805587 -0.125517858702232 0.591680704097391
-0.0101265297729945 0.0417533537822986 -0.148172810357427 0.715548721131333
-0.0315422615320415 -0.00642143151583147 -0.198827651048314 0.657631277907708
0.0297768421817564 0.0124437038732175 -0.17207854111901 0.524954676381451
0.00718409005586541 0.0754625591697555 -0.201000971240399 0.378155232717469
-0.0121565686815562 0.0809238407079112 0.298527921518524 -0.253057373682948
0.0205229554345023 0.0168226155060755 0.224887153906411 -0.501507244708482
-0.0203039289196179 -0.0357507374000869 0.282907067159921 -0.54888642739371
-0.0439436043691135 0.0326688752867907 0.237331846129267 -0.68971349541602
0.0120041191490319 0.0368544177672353 0.117572664735976 -0.618919257764377
0.0347919570731092 0.00125117001442394 0.0450876977680874 -0.421524388112623
0.00973087511379346 -0.0413529862282158 0.0319916737975845 -0.214528401447556
0.00460384677933347 -0.0578883377239799 -0.0131223506358685 -0.00344963967705762
0.0278407909042579 -0.0391657155545734 -0.0789591157070584 0.180990389082442
0.0387557900289247 -0.00102887890953091 -0.112195483244308 0.3981957553526
0.0291199873867765 0.0350673477657433 -0.16727932384323 0.594629500719522
-0.0217754541158794 0.0479277235095316 -0.222003168540048 0.717170493971816
-0.0370203808965046 -0.0163443797354853 -0.259727246881728 0.630482308274292
0.0383289341061189 0.0183195676843483 -0.189455954549623 0.516011660015087
0.00167057248387889 0.0933077179994267 -0.224210026755182 0.362461945355239
-0.00431542310156186 0.0792892665764693 0.269370194627758 -0.286174319726573
0.0229058385330751 0.00755892609760815 0.209124713107678 -0.491606666354256
-0.029283840071463 -0.0332050266974422 0.239442941389213 -0.593476471229087
-0.0405535968325812 0.0414839794501302 0.150188579605755 -0.695329624303171
0.0187411866498494 0.0358948048169553 0.0708909406826257 -0.604988976673463
0.0343628383182163 -0.00120055308630623 0.0342055969691611 -0.426646554719513
0.00677796879817123 -0.0432394925884999 0.0295228461571383 -0.231131200502224
0.00530272234808848 -0.0590928143510633 -0.01260319478274 -0.019561295354814
0.0295959168235828 -0.0379060870902244 -0.0810996786916276 0.161318272296598
0.0408775305940327 0.00216304931794169 -0.128816594811719 0.382682482308706
0.0266560722161197 0.0406526199650852 -0.209499882776251 0.595015323717439
-0.0305315538687605 0.0436165527626406 -0.302321484915295 0.71026642133404
-0.0308677129251612 -0.023303976731001 -0.319014981370212 0.594404148884578
0.0415328039081306 0.0264174051156697 -0.208076704252113 0.508578926133059
-0.00785227319643628 0.0956827729693392 -0.247443353081338 0.343707088028052
0.00252904286808392 0.0627177020793929 0.242129027289059 -0.309754909575687
0.0160863554595019 -0.00249167097850622 0.201241887546581 -0.483617453103311
-0.032928330059269 -0.0244618265953844 0.194513136262575 -0.628805736661605
-0.0299284305535937 0.0430056547629454 0.0759025564608698 -0.691642178653134
0.0203867463171487 0.0297267552928373 0.0367992771536327 -0.589826986025847
0.0280287482102409 -0.00241819857805868 0.0213106994970332 -0.432650995045944
0.00271761598449383 -0.0398176932767738 0.027038435246028 -0.246414817558796
0.00378217556556646 -0.0520144363188005 -0.0119781449274802 -0.0365061494648076
0.0291550423600682 -0.03138304901898 -0.0834616254855197 0.142302234900498
0.0373284663264642 0.00621882733900968 -0.141511786529832 0.368239308437644
0.019340236546792 0.0416369164204795 -0.248208138872896 0.594901832808071
-0.0302973210910304 0.0332862917015054 -0.373231050203723 0.699615907344078
-0.0194888753637752 -0.0237186440101579 -0.361671304088307 0.555616997413022
0.0370861926183323 0.0323267323617799 -0.219788575071838 0.509045611772539
-0.0183099757446758 0.0820606866049814 -0.26827516492857 0.324835478219682
0.0173535154914485 -0.0751979367580159 0.33521971558632 -0.18027336291341
-0.0431879298543609 -0.0288482404721859 0.278568887300529 -0.496133058884962
-0.00170079568577449 0.0109432408509001 0.370946218675998 -0.462476731859972
0.0208659802838705 -0.00972247851941187 0.40826802817327 -0.643489511847034
-0.0189688060625965 -0.016793003367791 0.228856054730123 -0.622027816167839
-0.0188800207194835 0.0182810023941805 0.0878754167883406 -0.414563312320486
-0.00959660138259173 0.0210723065149931 0.0441727493691543 -0.191969757750289
3.3379198793931E-05 0.0211379008323311 -0.0168369380892142 0.0193185402376875
0.0163100073502559 0.0320127143428378 -0.0688304151202534 0.212018567752447
-0.0143664137216121 0.0321255021693811 -0.0636567899754435 0.418206900704958
-0.0208943549711558 -0.00532646411231162 -0.0595176233820175 0.578682586622322
0.0243434272928417 -0.0293613386584461 -0.0517010970546768 0.719677643370085
0.024799143422304 0.0237032946068958 -0.120928195166139 0.679644311465339
-0.0273820454996511 0.0105938507231197 -0.131848095847492 0.526960963475097
-0.0164013943001211 -0.0570021750060953 -0.159780255261809 0.396654259401445
0.0111424780198625 -0.040156778371693 0.343168291350111 -0.16231575493747
-0.031550909175038 -0.016953258633802 0.288805621845795 -0.51071444064468
-0.00536473056675869 0.000492713321103336 0.366813583495123 -0.445335803305068
0.00599589305356976 -0.00209056250750527 0.430718455723815 -0.632194189207648
-0.0135275198571591 -0.0048033562129677 0.242794037793663 -0.628369548436103
-0.00649419917149075 0.0141204263863634 0.0854249692092104 -0.413058922933937
-0.00406191821996038 0.00647123368860424 0.0401524434117257 -0.184275430802334
0.000760918887563879 0.00347804653592578 -0.0167643771762955 0.0264968160035978
0.0205677446425631 0.0162233512995731 -0.0668151145096111 0.218773844628186
-0.0018789639461164 0.0247224047138108 -0.0617818450155974 0.425394169490533
-0.00832761781014612 0.00196799382561777 -0.0549578615856071 0.579080841293715
0.0163162464895965 -0.0117744162629321 -0.035553282752582 0.709436807210436
0.0121694278536537 0.0158882236550398 -0.101031998755592 0.684322253880115
-0.0117283627810385 0.0127744390069828 -0.131438064224858 0.530589838621106
-0.00821584868149629 -0.0203104900435138 -0.158419682173872 0.397874837329298
-0.00229322831417467 -0.000342007930952822 0.344947646142456 -0.164051285531897
-0.018175669072112 -0.00129598376202958 0.286149183783402 -0.519061014136305
-0.00648400741178344 -0.0107976766214358 0.356449016972021 -0.449031026123729
-0.0116740985184757 0.00535428923961731 0.424112824040023 -0.633754442694459
-0.00762291963869832 0.00816765527469939 0.237049278249709 -0.633322566213508
0.00636566375066782 0.0109340214265018 0.0799439783665327 -0.413405964975997
0.00186777082043271 -0.00822495757494749 0.037392258277655 -0.185071608609587
0.00267468517240817 -0.0158125404956795 -0.0155320081262822 0.0275265654944296
0.0233398393461904 -0.00309784147256812 -0.0680621260834562 0.219667346500462
0.0101931895723609 0.0158397564474479 -0.0653232107820262 0.428064557874998
0.00480436918591584 0.010199981396747 -0.0654267228386615 0.582583036098799
0.00875920305791213 0.0077597621752699 -0.045955171876544 0.709487408504914
-0.00334622059357018 0.00980737832032121 -0.107916903873602 0.683653537538991
0.00304290495720249 0.0111460974824771 -0.136486059487517 0.534666711995291
4.30687891926664E-05 0.015569140625321 -0.166502434474815 0.397562002687644
-0.0136121778555005 0.03705843338953 0.339045067491175 -0.182336581866005
-0.00312748638874616 0.0125471842821117 0.271514759475841 -0.520854597370958
-0.00635958778978925 -0.0217316444573679 0.337729974445552 -0.468824919740373
-0.0271979533636452 0.011448111386365 0.3823902177503 -0.648123701568481
-0.00300895902828735 0.0209113611383397 0.208470073016989 -0.633532242040419
0.0187213707692132 0.00787738897957276 0.0701797112279426 -0.416173802856704
0.0069869693333921 -0.0220505837669898 0.0356159045116462 -0.188708619640485
0.00303545980508318 -0.0346855282188905 -0.0155481335116238 0.0226254022346787
0.0241660569637604 -0.0208601564870407 -0.0697939421696017 0.212766489178014
0.0224561852131436 0.00603292535621806 -0.0756718833541736 0.422508431095465
0.0182123778793455 0.0183316737947516 -0.085912932442872 0.589824272558146
0.00091807121362943 0.0280433283080953 -0.0835581407726341 0.710167745329719
-0.0190287566710554 0.00329741671096794 -0.13935498213197 0.677108932783824
0.0177337412278624 0.0109685484973192 -0.151249906178253 0.53160081840873
0.00655185283437819 0.0486112532031442 -0.180021251632986 0.391029294916712
-0.0172095013915903 0.0668725247663734 0.323564896966058 -0.21808556478175
0.0110732037235069 0.0190199089114463 0.245778866971809 -0.513596869246952
-0.0122627842003156 -0.0312674356476728 0.311213781271565 -0.504207132216508
-0.0398163038372222 0.0215565714725584 0.315812464383586 -0.671883134043036
0.0031043401271554 0.0300835823258718 0.162977301155313 -0.629380627266283
0.028639311689674 0.00479206572564225 0.0557239413022292 -0.417789224333086
0.00973809739786787 -0.0332707701271507 0.0325802409174904 -0.200614820885578
0.00463561836821052 -0.0495936807419319 -0.0144011574997004 0.0110214684282575
0.0272480590743078 -0.032719427582876 -0.0739653149681683 0.200105406922734
0.0330188622521537 -0.0003561134489827 -0.0936069078682449 0.413473986416222
0.0264339644988188 0.0273374173319967 -0.121784428660148 0.593994286354244
-0.00984341793311635 0.0412209687391669 -0.142099699325476 0.717959232062228
-0.031947514414155 -0.00650273558381878 -0.193790592478775 0.660376056832735
0.0301626500752722 0.0126565296392294 -0.166494978493309 0.526195628896075
0.00754491409352993 0.0767162909369468 -0.2000738476535 0.379760811274538
-0.01153815376921 0.0811124276213435 0.298457980285792 -0.257077423045487
0.0203612771103796 0.0171314413132922 0.221606351506374 -0.504628842467786
-0.0210698026087902 -0.0356540261597237 0.278588393624857 -0.549605329407326
-0.0444519499806152 0.0327848862834263 0.232762344195456 -0.692285898387372
0.0130042828346093 0.0364046732666835 0.113695612387489 -0.618522540224748
0.0341511665580272 0.00131837604105321 0.0437299905356478 -0.421728164657956
0.00973886302260155 -0.0419730772211485 0.0299798131249622 -0.21434999115413
0.00398021191878939 -0.0577074259596238 -0.0136933466253665 -0.00380035772326203
0.0280391028879823 -0.0396647889515758 -0.0787461449054786 0.181302966676613
0.0391401084338548 -0.0023325226186451 -0.109680695615433 0.400125567759165
0.0292587241022744 0.0358722485483207 -0.16283324105701 0.59728974798107
-0.0206249278213398 0.0476854927976495 -0.216278349479259 0.719005394226436
-0.0362550289519358 -0.0156045893820099 -0.254477760342357 0.63557063079903
0.0397369995110796 0.0179223298660868 -0.187576923025651 0.51636168928633
0.000960019416827091 0.0928617459534663 -0.222402097715861 0.365523451342773
-0.00402791548201901 0.0788638027868381 0.268044592886434 -0.289249709093848
0.0227476138530968 0.0074263664784396 0.204286864455428 -0.493550334536233
-0.0294291606570298 -0.0329943983865858 0.234695248281992 -0.593039528596752
-0.0400807610906226 0.0421017842282374 0.146367815512634 -0.69479609457437
0.0191939279446299 0.0361329949867165 0.0670024674370982 -0.605807525312053
0.0350366557610472 -0.00207026432243215 0.0296031915989721 -0.4257140908269
0.00705825876226954 -0.0433978815351919 0.0275426359108692 -0.23139607024773
0.00253944259029801 -0.0592025551588609 -0.0138191165044021 -0.0199883014282716
0.0287371540806439 -0.0400412133452995 -0.081576226620763 0.162375938090662
0.0408878720335383 0.000969892157441614 -0.127190168777806 0.383672274120182
0.0272083313159793 0.0414560830549829 -0.204331071936756 0.597200744523984
-0.0300811463102088 0.0442038317676491 -0.296529227845585 0.714269560956457
-0.0320232847468722 -0.0236736553618426 -0.31295393202482 0.597612723635746
0.042564619252439 0.0259841991356114 -0.205172945428848 0.512022363049548
-0.00826736202322479 0.0965259622103564 -0.245547583797637 0.346953154058231
0.00243064329419765 0.0620898139485751 0.242609524897963 -0.313770003661195
0.0159291975247262 -0.00211830445045097 0.197235477252646 -0.487798362288129
-0.0327516985586641 -0.0260916601982156 0.18946955208767 -0.63026252105127
-0.0304632418837714 0.0434405497135883 0.0721217534600623 -0.692102309165683
0.0212207316564256 0.0306205058487667 0.0325932503024012 -0.591042187901816
0.0286792891499698 -0.00233379830738097 0.0179744720209706 -0.434424749069872
0.00172411478554566 -0.0395608846218548 0.0246673285200085 -0.246306245099446
0.00102372001039179 -0.0532669770682872 -0.0136354524971127 -0.0352301265788409
0.0281767801405233 -0.0317589734369004 -0.0817845087693112 0.143875622796852
0.0386642315230129 0.00543777376756845 -0.139464631395909 0.370558693596835
0.0189439003033282 0.042418376285488 -0.243631923953075 0.597447093663452
-0.0317228152685593 0.0333618680269928 -0.36804422346382 0.702022284398301
-0.020021567979076 -0.0240847968890387 -0.359564466042479 0.557179287907767
0.0372169984061615 0.0331138786870107 -0.217584761654288 0.512373969730658
-0.0185601859934029 0.0827767067780197 -0.265949545344331 0.328524299824144
0.0169326914679644 -0.0767608791065418 0.335002391251122 -0.183006104831828
-0.0431064054605888 -0.0273886677710094 0.273918507496659 -0.502052672202807
-0.00205382835879129 0.0117864131330711 0.367023820225194 -0.462758526331667
0.0200037711123057 -0.0100992325438657 0.404157814529263 -0.64399554592142
-0.0194708639570799 -0.016152278380514 0.225775403334249 -0.62430422640673
-0.0185910758399111 0.0182227010008777 0.0843960395482014 -0.414088523355995
-0.00863740102326542 0.0205760703025834 0.0430098657691718 -0.191985362583774
-0.000435473798099567 0.02134596069753 -0.0167419868068883 0.0194229817331242
0.0169188698516063 0.0316939175393705 -0.0674343975372806 0.211733655290817
-0.0143991820803023 0.0322234757545691 -0.0614992923863833 0.419328823065268
-0.0206012883023205 -0.00454130843938742 -0.0531550708150654 0.579186351951903
0.0240936197071432 -0.0296531371948917 -0.0471064414460614 0.719248799562871
0.0251832829381362 0.0229100537287657 -0.11415308515161 0.679634249138257
-0.0275838476657676 0.0105168939062953 -0.126606887485886 0.527558828816823
-0.0171413257929748 -0.0556588939964925 -0.158692551463211 0.398378792616314
0.00965033009808074 -0.0400231827348629 0.343712118668347 -0.164714443433388
-0.0325857973862283 -0.0176351545210418 0.284340684926367 -0.515342921820831
-0.00665919319221507 -6.76680487916559E-05 0.365318304450211 -0.447325102265045
0.00523870591665032 -0.00185269851306947 0.426543615131834 -0.635688423158571
-0.0137027505967951 -0.00526778053928073 0.240487223456311 -0.629975870836588
-0.00617588800414346 0.0141649263844304 0.083082572693147 -0.412921366148762
-0.00276448013113608 0.00727204998496002 0.0400203756042641 -0.184114189261152
0.00179806407906423 0.00452465432837494 -0.0164444315185695 0.0263922727495886
0.0192862678994026 0.0146519363179993 -0.0668114585062161 0.219679778025426
-0.00209388086022687 0.0245150440460176 -0.0588897560394741 0.426107102208045
-0.00892691787391629 0.0031549107502266 -0.0504305551620276 0.579973778498301
0.016046435546864 -0.0132031397113594 -0.0312170360716035 0.710666847012565
0.0122954353228624 0.0162443222267974 -0.0966662065010825 0.685593616622735
-0.0116502544098465 0.0116880267631267 -0.12829303989772 0.532551291461138
-0.00890563274913414 -0.0205389034792069 -0.157285459150656 0.400167416751705
-0.00294957912152269 -0.000977245639199934 0.345880256311975 -0.166355973217356
-0.0188054638851569 -0.00131903646610632 0.282809197698205 -0.52402384418478
-0.0069074524983733 -0.0115015472305979 0.352844967933065 -0.449874610044203
-0.0116660112082705 0.00440347631710218 0.419010420752218 -0.636619009024006
-0.00789568452540942 0.00764239611537951 0.233012817387753 -0.63400156145334
0.00681243271854944 0.0105160375834188 0.0770790270320927 -0.413986003181113
0.00244654762886013 -0.00752470959258257 0.03706712636878 -0.18443437880091
0.00268492527326179 -0.0170533637418168 -0.0166403067715127 0.0286356509037155
0.0218527589551063 -0.00369809415936606 -0.066059881163413 0.220980145777494
0.0115344151504301 0.015021134513974 -0.0642878451920982 0.429417627611727
0.00566511104019315 0.0106170788959623 -0.0613757125487767 0.584129559644983
0.00910552939147035 0.00808590321771008 -0.0431884499961539 0.70853146710639
-0.00352239903839654 0.0094338671003239 -0.103302766426454 0.684509756895719
0.00359808319566222 0.0112885128052531 -0.132636904327954 0.536522381278384
-0.000879866498860368 0.01620423484908 -0.163608420760125 0.399120263339308
-0.0134117023664398 0.0371140452979862 0.339443408564088 -0.18711348522184
-0.00449149383141513 0.0126917501179735 0.268306461016744 -0.524440330959115
-0.00853048587713364 -0.0225992896399949 0.335256817851709 -0.471222409954719
-0.0278632373095356 0.0120009375280015 0.378347606345251 -0.650455579483764
-0.00309487740757898 0.0213330029256163 0.204469617635824 -0.636490522340272
0.0204964082791223 0.00746533156882951 0.0667244068160654 -0.413860937058582
0.00672528890397669 -0.0222942093813689 0.033954633616137 -0.18867532076282
0.0030598875607682 -0.0348139701392922 -0.0158838655830595 0.022211164503751
0.0243553007299 -0.0213322326160643 -0.0678308922086721 0.213022471539669
0.0220789095572513 0.00588787002865412 -0.0719517897914715 0.422997386807885
0.0188907731398456 0.0188296675323169 -0.0839767212912537 0.5902157471488
9.54016145120109E-05 0.0273007213620735 -0.0785692032577995 0.713176229903266
-0.019592364243562 0.00304174456199996 -0.137053570672726 0.678527657442704
0.0179089621937605 0.010222490595834 -0.147593177814099 0.533779374940599
0.00621960339525821 0.0494111083840624 -0.178052805548729 0.393078587200593
-0.0176381766183986 0.0656831450962005 0.322362304730047 -0.219850621867606
0.0101880106074524 0.0194910218098538 0.241470439804068 -0.518311803258991
-0.0122617987295468 -0.0318063701011949 0.309211433971977 -0.506857335454106
-0.039132278677623 0.0221481862439315 0.312571460872956 -0.674413927947504
0.00395464241470945 0.031253292740494 0.158434951731065 -0.63068895524781
0.0302511907800249 0.0049288853565656 0.0536730763030211 -0.417188471362137
0.00892152177746461 -0.0348503787942586 0.0320591404163108 -0.199522240567255
0.00277610111955107 -0.0490932326322697 -0.0144508139005475 0.0113662114424559
0.0257373428001039 -0.0336986833125995 -0.071898460609558 0.200227235513156
0.0317272001724515 0.000481640561308757 -0.0903550206520452 0.412765044519997
0.0274480625688032 0.0275560268303112 -0.118067022133428 0.594766548629969
-0.00895734818518752 0.0416876049313836 -0.138164678720902 0.719872773161972
-0.0316892148188494 -0.00580010110617514 -0.189130623437047 0.662729866584947
0.0309325033399569 0.0117478426547262 -0.163555469977125 0.526908243718601
0.00747918874867592 0.0778215215420256 -0.198080632758326 0.382222402058894
-0.0110749064024339 0.0817571065136222 0.298347644480909 -0.259205138879733
0.0201569098173508 0.0163178441050321 0.216694145047398 -0.50802212929937
-0.0209284361387279 -0.0357789238678742 0.274135597090913 -0.55205361227035
-0.0442443295299921 0.0331284348267424 0.228966445126848 -0.691791044106249
0.0134367755114465 0.0362164572448276 0.109461905980536 -0.62009649993304
0.0349533978160507 0.000546167789510447 0.0393972745034314 -0.421195483395234
0.00916288066371388 -0.0418863660101731 0.0298023604706286 -0.215110635542296
0.00341504092550405 -0.0585118928199449 -0.0137532919226423 -0.00431092286895088
0.0266791679360693 -0.0409754155631149 -0.0773753322017002 0.182733812627465
0.0392712672449493 -0.00273780026594426 -0.107644841831172 0.400407304297648
0.0309639300913461 0.0353931658524517 -0.158498857222366 0.599272848206166
-0.020989410956744 0.048555831035659 -0.21113700055107 0.723372911165982
-0.0364379368241758 -0.0152957957460132 -0.251647672984723 0.636547710218496
0.0397187360026329 0.0178956898270866 -0.183280084864544 0.5196296868307
0.00218201383544664 0.0940518449880251 -0.22091116558535 0.366878264604921
-0.00354505753177231 0.0781090294201311 0.268481404178719 -0.29236321556391
0.0218342285044907 0.00785052000618804 0.201867454872382 -0.497127321433394
-0.0297586640844184 -0.0333668748419637 0.230878786830074 -0.59608798121213
-0.0397798003057744 0.0426963516049631 0.140704696355083 -0.697037612067924
0.0193110689560936 0.0355955598984636 0.0625262050804002 -0.605851155237916
0.0340806817912917 -0.00282689017413885 0.0264979295055065 -0.4254366211748
0.00633349258487813 -0.0442354734103741 0.0259841573983476 -0.232566602900676
0.00210274809949775 -0.0586514361347763 -0.0144863912283535 -0.0199723957042252
0.0279876688120087 -0.0402658584761164 -0.0813202391250083 0.162581408187202
0.0426078606754198 0.000227725558344987 -0.124639363756111 0.385950260000178
0.0274804647575794 0.0411543391597773 -0.200794516959403 0.599596659739224
-0.0292210741231478 0.0448838430178842 -0.289717224498462 0.715961216061441
-0.0316925038462414 -0.0227959296949985 -0.310565396153275 0.601346230161414
0.0427399392448952 0.0255360080729529 -0.199877166905953 0.513538642467482
-0.00741498713969901 0.0978944849131128 -0.244502742690315 0.350471514240117
0.00265684493140239 0.0613229340043054 0.240465818877831 -0.315137929710604
0.0151234376476375 -0.00212935665274577 0.193442764400473 -0.490854639320134
-0.0330382157188932 -0.0246656582404419 0.18353065470288 -0.631831240338153
-0.0302592203299664 0.0424389096922329 0.0665651561694763 -0.691916733789393
0.0202226499698082 0.0296139852050159 0.0286385687084544 -0.589050981391912
0.0282700405001802 -0.00223227716959862 0.0153154500495785 -0.434429738511889
0.00161631677137219 -0.0402970289911362 0.0237577965729047 -0.24725456451143
0.00184460971089266 -0.0530991905288792 -0.0124550791791055 -0.0352820425301508
0.0281492066752801 -0.0335841874505508 -0.0833476909388539 0.143340469749435
0.0394239292986536 0.006109615831676 -0.138540531818123 0.372226109735414
0.0193525706671129 0.0418430015715225 -0.23941011496712 0.599956566528087
-0.0315287112573838 0.0336257525006034 -0.362910646068802 0.705486111029605
-0.0209242627063098 -0.0232295399988771 -0.355728806981604 0.560577709252469
0.0374511968464061 0.0318660933324124 -0.214527730887108 0.513665386123686
-0.0190556548923346 0.0825124711810343 -0.265075336218228 0.329584253291177
0.0170548256862447 -0.0774632956409508 0.334536120464055 -0.18485902592659
-0.0441483747975418 -0.026925681986932 0.269524285759074 -0.504630988244854
-0.00266966432160615 0.0115299563629218 0.363759455697137 -0.465045835035979
0.0205762803516533 -0.0106743064822699 0.400858180349085 -0.648448696191691
-0.0197220649830632 -0.0161847130141864 0.223483943075224 -0.624947379869253
-0.0182934978625113 0.0186059692213069 0.0816993949705918 -0.413576862384333
-0.0080461851622595 0.0208951415678728 0.0413060992989494 -0.192789621467879
-9.11560939788593E-05 0.0219568755510606 -0.0172235824243384 0.0201088765805735
0.0178619622340465 0.0310610664367585 -0.0666076215935948 0.213016615234666
-0.0122473628259915 0.032535645982839 -0.0599764803434333 0.420190663520452
-0.0213205127693161 -0.00466565881495416 -0.0514061146276319 0.579713897777365
0.0240774669242246 -0.0307912401021333 -0.0400835971614185 0.720460224992087
0.0252431602096778 0.023148729798308 -0.110962835472743 0.681063373580008
-0.0272647293787482 0.0104861985831236 -0.124557946555302 0.526901444049346
-0.0178737217432207 -0.0562276869509303 -0.156697890956586 0.399531822582415
0.0108644487418337 -0.0399373296520519 0.345116009908365 -0.16828045739496
-0.0331998005249295 -0.0171367235896764 0.279143808961186 -0.518608974563085
-0.00592815811297752 -5.52631942837469E-05 0.360055969824014 -0.449879235623048
0.00532714863516447 -0.00203419364293204 0.422155780936672 -0.63684857148181
-0.0129007665764831 -0.00584217204865484 0.238074077272698 -0.631791497954742
-0.00699412433939022 0.0138480484843596 0.081681699966592 -0.411058317786347
-0.00430987721138048 0.00769268136591977 0.0381843822978344 -0.184747244857549
0.000481886705619039 0.00361598323776228 -0.0159559191933695 0.0270735169912477
0.0201269430427573 0.014663513095173 -0.0647867251653155 0.220086263798519
5.53239950297751E-05 0.0248089009087853 -0.0578617929990318 0.426018397315135
-0.00869858441709781 0.00370003998738866 -0.0455159874214415 0.580731304113611
0.0150082612903446 -0.0128713695760252 -0.0271133544676154 0.71022974595038
0.0124473307333841 0.0162386022428776 -0.0930077959052499 0.687102533377245
-0.0113378600064742 0.0120744736965398 -0.123372216736534 0.535335258766539
-0.0100344770585735 -0.0201031188619727 -0.154378348174317 0.402925788884095
-0.00206298673102803 -0.000648192885637746 0.34558851241537 -0.168687429819591
-0.0184743577718365 -0.00167187741849303 0.277827262677253 -0.527645208601259
-0.00666538617474836 -0.0111233322626229 0.349351298458044 -0.451612974780673
-0.0116966634417094 0.00458902165097226 0.415221518591415 -0.63840667579859
-0.00907636831856803 0.0073825028949097 0.229776345299692 -0.635576465124663
0.0069377775946598 0.0107832425197053 0.074072820376358 -0.413652248737354
0.00180060112712317 -0.00729914753566889 0.0366288610737544 -0.183246276558568
0.00151766856683584 -0.0155292751487701 -0.0156073131792712 0.0282894302744218
0.0215568717333215 -0.00413795015615386 -0.0653575463754606 0.220120078964193
0.011876186109583 0.014765975989311 -0.0607566387557878 0.428216136293566
0.00558548222303823 0.010389614321575 -0.05671162370858 0.586573738783901
0.00815202241292553 0.00737581134235494 -0.0358936434100255 0.709090098414594
-0.00314626542479234 0.00917675166684411 -0.0972699518935653 0.684849391879009
0.00370840676473962 0.0113795922506441 -0.130020630128536 0.536241457676861
-0.000343565739685874 0.0165698226175879 -0.160827397593859 0.400921831142023
-0.0125647886038668 0.037857668610787 0.338718531097303 -0.190768219918612
-0.00465790082993356 0.0122879498864671 0.263460078680658 -0.527381316108019
-0.00851107840629093 -0.0217277775396989 0.330832580814846 -0.471551844842281
-0.0277370752410162 0.0119080684732997 0.376115132612937 -0.651892179607632
-0.00265208924388243 0.022034335802835 0.200188779065143 -0.635339828156374
0.0195520885909234 0.00735947733331501 0.0643473507875522 -0.41462402126687
0.0067617739175112 -0.0223635636001293 0.0336846941464709 -0.189198821168996
0.00316636963613177 -0.0343396407614745 -0.0152600727693253 0.0222996932657109
0.0234494787299954 -0.0211989494531805 -0.0669073909318467 0.213208607211982
0.0231302210136541 0.00596374470999454 -0.070341898266909 0.424147720952089
0.0191668389691528 0.0183115493679068 -0.0790162706256353 0.590465354896383
0.000482490242141524 0.0272544597996712 -0.0731628196653718 0.713116672265429
-0.0191526606538904 0.00340407664644373 -0.130132810313722 0.679670828362627
0.0179268937238808 0.0108912067260843 -0.143019386388047 0.534936797335548
0.00610752429215408 0.0497346391311214 -0.175275720446137 0.394773942220161
-0.0169550634192738 0.0661494521213546 0.323818287033338 -0.224438665712472
0.00934845332146708 0.0197509209447453 0.237883213064508 -0.521319822020924
-0.0122582737571885 -0.0308057092626916 0.307262139528937 -0.507727025233066
-0.0402251315003374 0.0225000143450157 0.307627407404441 -0.674867857250128
0.00437539799922418 0.0314347057695596 0.156579577771799 -0.6332002044673
0.0304334013051607 0.00352100345005927 0.0516910912059842 -0.416459664241129
0.00943316586965784 -0.034137568364182 0.030223838541048 -0.200465471590562
0.00148688038532267 -0.0490134758040713 -0.0154353985934955 0.0115799881529218
0.0250163101467596 -0.0356239136962737 -0.0708295126384092 0.201300276837186
0.0322958373822958 -0.00104370991194778 -0.0878941225660801 0.413755615751389
0.0285545155927474 0.0269361742333994 -0.11495079487541 0.595365809561627
-0.00945673451018187 0.0420494596679552 -0.133406349239565 0.720713879723995
-0.0320692984763692 -0.00567152818485823 -0.185475789452895 0.663484817349788
0.0295906656820336 0.0121723714407138 -0.160828662533177 0.530786532423901
0.0069518909712998 0.0762937567077259 -0.196257804339746 0.383926338516988
-0.0109979268001993 0.0806984435964883 0.297277334531403 -0.261713434547082
0.0200692033650717 0.0174763300735341 0.212029601510734 -0.511368754865258
-0.0215814077290331 -0.0351960398629457 0.270131728958161 -0.552697965010421
-0.0435211465371149 0.0342045230833319 0.223985525687048 -0.693592339661171
0.0131495291777294 0.0366239610302332 0.104566673136235 -0.620503984512559
0.035685963859158 0.000237647414324554 0.0377164755178794 -0.421672496236691
0.00907819900600441 -0.0420356915757872 0.0279433430352298 -0.216333093129627
0.00100950560925166 -0.0582779662473612 -0.0142192882684011 -0.00410046544618168
0.0255935370671864 -0.0416591464106302 -0.0758330331953671 0.183385512781564
0.0397316753259575 -0.00239001211259872 -0.105295553139915 0.40054249322187
0.0309484290097756 0.0354145945809889 -0.15554234149976 0.600553859109579
-0.0209354714850771 0.0490799541101074 -0.20688146928038 0.722167513504119
-0.0371336616140324 -0.0153572892754899 -0.246962097188934 0.64004077574799
0.0395277834142116 0.0174808750863807 -0.179857405382223 0.522617129724575
0.0024390354928103 0.0954170321321383 -0.218773609714165 0.369370417071591
-0.00176530314135596 0.0785821198887663 0.266671943045498 -0.295706892642022
0.0215775299255662 0.00644916181633889 0.196787851025696 -0.499696522541145
-0.0296629966008889 -0.0330666309002467 0.226827866663213 -0.597247781987119
-0.0393865599973214 0.0430810679609185 0.137791772772258 -0.697511146998407
0.0204775905445804 0.0355379618962744 0.0598874143818671 -0.605883444733338
0.0343752743197355 -0.00307506394543344 0.0255060500228186 -0.425536083835369
0.00630642281432167 -0.0443709299439033 0.0250305386161779 -0.231678087285351
0.000561513008059558 -0.0587870899107395 -0.014038502887683 -0.0208021332632974
0.0272180834750752 -0.0413065983710538 -0.0799027959306602 0.161880790272848
0.0419976307424963 -0.00130575450126027 -0.122421186623802 0.385737488647273
0.0277421916525932 0.0418054092644807 -0.198111343104861 0.600821481536055
-0.0287628437971365 0.0449767530081728 -0.285602187447404 0.718981080824949
-0.0321417988994577 -0.0225734335281432 -0.306202285664585 0.601744851883698
0.0432172544525903 0.0251264256990198 -0.197067204458237 0.515801274991323
-0.00645335213842747 0.0978643198866228 -0.243536345778143 0.352180383468074
0.00425619488989415 0.0610953314778106 0.239648807773217 -0.317624609704217
0.0143827886545298 -0.00257965581027079 0.188680485782541 -0.494231282963138
-0.0338402698495467 -0.0245331600891909 0.179037340035258 -0.633447220553232
-0.0299737485750275 0.0434606395714821 0.063138983669935 -0.690299453356303
0.0208132043519839 0.0300341164038243 0.0262860865774374 -0.589631574751253
0.0286180479506259 -0.00297759838193676 0.0113731175091514 -0.432896851929689
0.00208177985019627 -0.0404421211066874 0.0219970875484489 -0.247918243668694
0.00110879110050495 -0.0520942739495541 -0.014005141956704 -0.0354163374307134
0.0265548278537514 -0.0345362613647172 -0.0819074499620196 0.143491166029567
0.0392585091829726 0.00583990267662679 -0.134848528160689 0.37164021560002
0.0202146083904721 0.0413456082924666 -0.235758296855078 0.601886972942277
-0.0313119407104772 0.0343180723888454 -0.357605782415165 0.708535698808411
-0.0211357713593069 -0.0235741206102429 -0.352561001575302 0.564282487147421
0.0379715943536909 0.0320843607007216 -0.21123667368743 0.5164640551257
-0.0178023026925321 0.0844750435534769 -0.264383575823199 0.33287040782992
0.0157407669015552 -0.0781925133285893 0.33500607285652 -0.188792606211527
-0.0454979432435899 -0.0273700655884244 0.266532412581955 -0.509222201736917
-0.00169004010163481 0.0115452817763798 0.36096474454299 -0.46726136483363
0.020009057154804 -0.0119841182099516 0.397828925454298 -0.648529906648815
-0.0202741614668643 -0.015903708318433 0.219684878930277 -0.626398065418635
-0.0187659952459531 0.0191540567536292 0.0786182200623765 -0.41449853166547
-0.0076375901853707 0.0215300386089675 0.0411659021874877 -0.19258104684104
-0.000285167911075254 0.0219429163828366 -0.0165977538803372 0.0204350544289432
0.017729872069869 0.0298439153432508 -0.0657145234165457 0.213621790650243
-0.0122764577314266 0.0333485084939122 -0.057718559378588 0.420693420796072
-0.0204780295657219 -0.00500669437646135 -0.0495930083566209 0.582980449876032
0.0238998925860737 -0.0313207805805022 -0.0364205376840205 0.719059255255728
0.0253449293160117 0.0228471526869285 -0.107192080892291 0.68081348129118
-0.0262818548115907 0.0111774219209771 -0.122060895026753 0.52944554743439
-0.0185329084010077 -0.0563007970964794 -0.155144866379012 0.40199052486653
0.0101209915815965 -0.0415365517872603 0.345191893598554 -0.171620527624304
-0.0333822644109978 -0.0171441274782198 0.274379365260138 -0.521914299476841
-0.00628712765665707 0.000354660749161047 0.358523667798739 -0.448899074289937
0.00662395868538102 -0.00264447723916583 0.421596179333951 -0.639422062446797
-0.0132042285839018 -0.00519292175598164 0.232728476344288 -0.632269196903822
-0.00666452034954708 0.0143808785068557 0.0793382738821466 -0.411729468213553
-0.00329772644146602 0.00745076912696153 0.0382723878334735 -0.185114315977446
-0.000952092009878051 0.00383055915063097 -0.0156957120716646 0.0282560881084384
0.0197244721100429 0.0131753712736133 -0.0625876841940738 0.220052753486009
0.000722769902944427 0.0253056891368337 -0.0561724507750791 0.425603082595596
-0.00865561597763324 0.00263405468821437 -0.0440055954988976 0.580821273919374
0.0148763361582581 -0.0131944015089178 -0.021925429694336 0.708250013807164
0.0135699154287942 0.0160389013285134 -0.0890213337559163 0.68573678763128
-0.0121535987324502 0.0121664422715997 -0.12374726978481 0.534242874706506
-0.00976796569155505 -0.018657190330168 -0.15295570994472 0.403121214393866
-0.00334527699208147 -0.00052452533893514 0.345707733102191 -0.173320899240449
-0.0196500760235007 -0.00102989457539156 0.274345065388179 -0.53130203286113
-0.0072923815849741 -0.0116987578227426 0.347115288154756 -0.45220607354626
-0.0116530378900704 0.00446577041408291 0.413421595509963 -0.64157929557145
-0.00832149572232355 0.00797415904873106 0.227000099685993 -0.637754592618478
0.00754530639544641 0.0103686505590414 0.0719292782397806 -0.413461699247606
0.00196519035752682 -0.00868225407303215 0.034134544994509 -0.183464810407957
0.000532981071474665 -0.0156040318729275 -0.0153001284748831 0.0282869054455444
0.0220869437317863 -0.00582828036814014 -0.0643009339890326 0.220814530881496
0.0123793414972843 0.0150944668684692 -0.0573382006533238 0.428445190657701
0.00542777763100576 0.00987970964698884 -0.0527700767555979 0.585911099620356
0.00748086137193595 0.00741314278137933 -0.0322867606896977 0.707020784660266
-0.00215899235906466 0.00988116239310066 -0.094951310960816 0.685029313500785
0.00388840668143339 0.0112082206032315 -0.127522687758948 0.538151278568879
-0.000478199454997108 0.0167405964067396 -0.160513797222672 0.402446277941159
-0.0142793162248585 0.0355180109171811 0.340840475234388 -0.192346741223893
-0.00477357886443178 0.0136576606606988 0.257968152796846 -0.530574118055827
-0.00781427138083818 -0.0234835117662803 0.327889367032793 -0.472821673416725
-0.0275868491102774 0.01195387684918 0.372262352660345 -0.653430072310425
-0.00272520880560115 0.0208455500212361 0.197291268663946 -0.638215155140219
0.0201993623910928 0.00735254233803483 0.0623752891084477 -0.414479819237444
0.00664919529301991 -0.0224542906411006 0.0317768276326813 -0.187878284634085
0.0019529740194612 -0.0341240723078195 -0.0153814068274307 0.0222431915284752
0.0237252235540324 -0.0230068771257739 -0.0659353960187571 0.213658821063998
0.0240336173485614 0.00537140785668906 -0.0688204188679079 0.422619266255714
0.0186902852786545 0.0185844845083017 -0.0762955478177227 0.590663384135249
-1.32587100221127E-05 0.0264045726935385 -0.0682544910997127 0.71343544028034
-0.0194116178788933 0.00410201494947968 -0.127094137472793 0.678371752225152
0.0179148663421626 0.0100327486205079 -0.140423818587622 0.536459650875792
0.00634915355739198 0.050149685555099 -0.175202182520713 0.396638135356735
-0.0168488770472895 0.0665026228013908 0.323101972421276 -0.226372133188893
0.0101548002949641 0.0203221629534858 0.233553069784509 -0.524228568120327
-0.0130215409941672 -0.032483746683996 0.301166401750515 -0.509316140306844
-0.0395236218016883 0.0217247048281483 0.304797521869 -0.675881055938063
0.00537281276801992 0.0319384074177766 0.151496061560664 -0.632056535396426
0.0300771975197421 0.00299743513428762 0.0509389853448669 -0.415951101145293
0.0094414324869533 -0.0345602825735625 0.0307570474019329 -0.200933942598811
0.00131680378547308 -0.0492337231376135 -0.0154400443530963 0.0116235656806046
0.0241155526535905 -0.0348709690482879 -0.0700932822162532 0.200588608957753
0.0336788827320916 -0.00134892684353448 -0.0868764490826775 0.414872837304943
0.0276501587661476 0.0269341770498071 -0.109692787054495 0.597556563468512
-0.00869540498129467 0.0416285003630696 -0.128518205613293 0.718938685458833
-0.032626742987604 -0.00565288254160393 -0.181625145115986 0.666568000000325
0.0306344478190292 0.0119268846800915 -0.157556722777225 0.530957151242939
0.00835449434387643 0.0775087711904558 -0.192297042831177 0.386135293255882
-0.0110113308915905 0.0807649553471963 0.29649398895898 -0.264611799235352
0.0199191781265591 0.016265987820586 0.208070164667656 -0.514009510946596
-0.0211312738051968 -0.0357554199876533 0.267169246577349 -0.554544885014371
-0.0432949126443907 0.0343593025075364 0.218673909133138 -0.692714443290935
0.0136101270941217 0.0368521964077345 0.103486372637734 -0.619675057876258
0.0358274316925994 -0.000317532673923905 0.0353929287569357 -0.420988558338809
0.00901193415419802 -0.0425953837004531 0.0262966058925593 -0.215765896910868
0.000301248741284504 -0.0587827935510362 -0.0140470280006644 -0.00336197027950696
0.0262642584502385 -0.0422313873036691 -0.0752016209283038 0.183814573136335
0.0401571614284935 -0.0026864339232306 -0.102038000824209 0.401171279316737
0.0309541439665004 0.0350001938465153 -0.150265892933307 0.601720284343722
-0.020772056295381 0.0485860538719812 -0.201184795256855 0.721882760416985
-0.0364410234207815 -0.0150558100715911 -0.243621900278114 0.64009275268935
0.0400685402639997 0.0172031643232755 -0.176736464221433 0.523619106973004
0.00287072681838509 0.0948615096090931 -0.217174953605078 0.372334750044311
-0.00128562028977627 0.0791469120027611 0.266466477235452 -0.297302726491622
0.0215213420604392 0.00694492651204875 0.193374675174394 -0.502865275826244
-0.030204055258926 -0.0337681088857101 0.222596534747568 -0.597590087821956
-0.0395532799459769 0.0424730164263398 0.131555028017249 -0.697876261628374
0.0201466938313047 0.0351231712173862 0.0584562019766975 -0.604833754892974
0.0355052778056223 -0.00314498199059884 0.0234572050564052 -0.426102468818198
0.00665027777662249 -0.0438090262144013 0.0243757318471498 -0.232682563725714
0.000909433944728248 -0.058720284785061 -0.0140116553449958 -0.0203563876735373
0.0261281236297286 -0.0430431292859879 -0.0792362038380938 0.164246352506142
0.0431989356603262 -4.64010338110665E-05 -0.119406847169854 0.385071011234702
0.0290291534139957 0.0405032132615674 -0.193445735994178 0.602534081489908
-0.0294945412694861 0.0456726453017532 -0.282279102687114 0.719503727096525
-0.0316166445917852 -0.0232689355632865 -0.301550780075618 0.605155895242
0.043352312866421 0.0244404482845391 -0.194405105520476 0.516949888950955
-0.00704939364632991 0.0991384101894915 -0.242295095236981 0.354579639390248
0.00429958264006259 0.0610280929572208 0.239242224965345 -0.320479847290555
0.0143719597439862 -0.00291001471199633 0.185356860676994 -0.496799874962481
-0.0348818626035691 -0.0246825865457707 0.174315209650458 -0.631749752516687
-0.0293377637176839 0.0436805095793115 0.0594482260993972 -0.688782181093409
0.021134548781506 0.0298435080159118 0.0230682758559622 -0.591037436153915
0.0287385388066047 -0.00314913100721205 0.0119030222444687 -0.432686309740339
0.00141910181887325 -0.040932270304502 0.0200008928872633 -0.248006234491365
-0.00172169583239956 -0.0526220239507766 -0.0139756412704436 -0.0352934142916478
0.0265737061901618 -0.0346020641929858 -0.0820306281020603 0.144251843363937
0.0405427154544871 0.00481717908676845 -0.13192602431026 0.371522076331228
0.0208014835638041 0.0420842088621616 -0.231918368742989 0.603223269571914
-0.0317774429222468 0.0342242555532776 -0.355839160330261 0.709159249297197
-0.0211208290561752 -0.0233148756009054 -0.34888160552196 0.564008154224205
0.0387571092162263 0.0315882782694972 -0.207094580557721 0.516705537652388
-0.016571556011473 0.0838718485967995 -0.263468251112929 0.334452297710018
0.0153360414186778 -0.0775922367012224 0.334742146167618 -0.191131361027485
-0.0462596255137116 -0.0271301610976714 0.262990506229634 -0.5098762618839
-0.00168220971100052 0.0120057208449001 0.358168158847352 -0.46681071823583
0.0207513459783062 -0.0120449789944067 0.394865568106683 -0.65152316867937
-0.0198470703815552 -0.0155397265839354 0.217816262429606 -0.625990314728074
-0.0167270406561593 0.0188885160026664 0.0781261193998136 -0.412801909690971
-0.00779049332277304 0.0212434211971674 0.0393502715212517 -0.191866630109135
-0.000124997664191686 0.0226158449801143 -0.0159016570227957 0.0207889217594169
0.0187836685933243 0.0295742139308253 -0.0638795027318999 0.213508995792554
-0.0102249933047454 0.0337590091835191 -0.0549904486066564 0.420367700248545
-0.0205947903122301 -0.00428388531609643 -0.0452522322231587 0.581116885259638
0.0230891109946396 -0.0317612136368256 -0.0314243460774897 0.718115734900387
0.0261250784393637 0.0239105180762429 -0.104654272015805 0.682161052955107
-0.0272988973479482 0.0109959604146519 -0.118720804940484 0.530761924835717
-0.0197872899308302 -0.0555868423363017 -0.154184814469047 0.403651334775324
0.0086267413399654 -0.0411340336742822 0.346362324627023 -0.173711467087267
-0.0335223567314914 -0.0169647953200061 0.27039639457017 -0.524414586770257
-0.00562277776422322 -0.000399161246635336 0.355861630433432 -0.451594713637184
0.00495537705591395 -0.00220990728133935 0.418442309728807 -0.642057761284907
-0.0134677893599891 -0.00493519239230718 0.230545959745467 -0.633299931716101
-0.00523777166038008 0.0143771649800175 0.078072928121103 -0.41145720500829
-0.00333653643492417 0.00754531181094783 0.0364966018719795 -0.185251146596249
-0.000169869584639746 0.00466420231727434 -0.0158537368454073 0.0276888639776391
0.0199050734974417 0.0131588935274445 -0.0623446591050243 0.221620700471139
0.000346245962362041 0.0248036387980824 -0.053066686254221 0.42623689551981
-0.00813692975438159 0.00359197797721438 -0.0406026825308671 0.581779856674903
0.0153786981603047 -0.0141414860271979 -0.0197467256427983 0.709121300683174
0.0141994541756905 0.0167803937272166 -0.0847202585831818 0.685785900599361
-0.0118320579955576 0.0119402849718318 -0.119021376172564 0.534528596984957
-0.0112955976652681 -0.0191092335420563 -0.149996346675911 0.405149532716088
-0.00357750349694053 -0.00155485693552971 0.347526985571901 -0.175994554064673
-0.0201094955906677 -0.00121550700544827 0.269137967650599 -0.532491682739648
-0.00719133292205665 -0.0109780593050976 0.344025200267376 -0.454692814207954
-0.0117388158690756 0.00482155623555916 0.411015477797535 -0.643046933734588
-0.0075947331078474 0.0077635572954848 0.222879700186605 -0.63802860070326
0.00851480994427327 0.0104071431708708 0.0692434069045184 -0.413293770742001
0.00344214699476197 -0.00843864937370131 0.0355464155859658 -0.183535362447914
0.000336722263676051 -0.0157820834599826 -0.0163156426726034 0.0281045791194996
0.0209793204682951 -0.00505642180458765 -0.062222941099176 0.221924110015316
0.0125577344102969 0.0148525242409353 -0.0557303020698454 0.429264605117624
0.00602534381512956 0.011101271793405 -0.0519179984015157 0.586443600996699
0.00745462124177912 0.00620305340824104 -0.0298521167994224 0.708501002458296
-0.00347342969606749 0.0107114253677759 -0.0923204062302189 0.685798458018325
0.00409496705707901 0.0112942370312392 -0.124994943985974 0.538983382761397
0.000394378616107019 0.017640512410071 -0.15876770457329 0.403969452167941
-0.013592895183765 0.036971394817562 0.340292893097904 -0.194937685753563
-0.00532093603624418 0.0129989533972769 0.252740450286768 -0.534028092285886
-0.0086015192375116 -0.0231321895315122 0.325976745576017 -0.473613279581976
-0.0277777736269891 0.0127911547086991 0.370280867691152 -0.656591175497736
-0.002996032560415 0.0215470738342094 0.193684877907151 -0.638355630717663
0.0192936363331756 0.00735659115106489 0.0611825376390877 -0.413192986816152
0.00633196862947716 -0.0227216736212206 0.0303742570259299 -0.18915611649765
0.00103005233982428 -0.034147928653529 -0.0151748248675498 0.0231641435000362
0.0217855933483468 -0.0231967830308951 -0.0637084621753359 0.215467462215329
0.0244880302813392 0.00495132965186281 -0.0656229391044453 0.423442152727989
0.0191428417062811 0.0188108129359577 -0.0740189035416904 0.59099445399608
0.00123853026595569 0.0269580455468683 -0.0670014916064524 0.714114666779483
-0.0193090851598773 0.00493996183187672 -0.123363253326852 0.679056150105835
0.0177816881606761 0.0103438692448173 -0.137756145751931 0.535672729368451
0.00678259481399169 0.0517219852868367 -0.171984990784442 0.397944137341565
-0.0160493836515629 0.0646930192704228 0.323092244362153 -0.2289342077389
0.0093669226175712 0.0201587432803277 0.227730542152332 -0.526639159233817
-0.0130205768037878 -0.0311077743264893 0.299146480328612 -0.510605074510478
-0.03952917953992 0.0224607459222818 0.301590794321052 -0.677410687550053
0.00488592847231067 0.0318807802989368 0.149523842867028 -0.631643129508475
0.0308068680181987 0.0024555851765497 0.0480563960068999 -0.4161616174595
0.00937937745805566 -0.0338744018722991 0.0279910689791604 -0.200223072064574
0.0023394033981383 -0.0480011734661433 -0.0147855279840462 0.0106591576766544
0.0236715921857146 -0.0357581424581162 -0.0691987336868968 0.201875408345728
0.0337458193336075 -0.00191447057175841 -0.0838942106662816 0.414564611612034
0.029480610553447 0.0270807768631579 -0.108462365203002 0.599184455778995
-0.0100818240366388 0.0421292855805366 -0.12564463999637 0.719845833797113
-0.0322516129009112 -0.00477007428604013 -0.177955356922127 0.663726083990877
0.0308378897300597 0.0110118309532165 -0.154902313383707 0.532243870962604
0.00724459641257384 0.0772785972266399 -0.192123091897942 0.388291946533452
-0.00895522792300701 0.0805108140143242 0.296516055948909 -0.266528352184475
0.0192471452800129 0.0161310933976965 0.204767314701366 -0.514998637009771
-0.0216519754489372 -0.0357167520597809 0.262534616186925 -0.555646528925666
-0.0437181769189921 0.0347396059750113 0.216214001289351 -0.695037607523043
0.0140809136842542 0.0364620815316017 0.0999278132333566 -0.620733985240238
0.0367033660387673 -0.00142372714999679 0.0331433570980603 -0.420469000868981
0.00772719647379805 -0.0426282491701866 0.0264511701271304 -0.214761521183871
-0.000592310221974682 -0.0584414386379302 -0.014264728764096 -0.00336124325694301
0.0255295342649192 -0.0432837232325513 -0.073918764074005 0.183823754325319
0.041837316858879 -0.00364709094849132 -0.101587558994866 0.40134976504884
0.0320141887249731 0.0343186361585359 -0.149437755508471 0.601545393888533
-0.0198999836945502 0.0490476417100056 -0.196418617105682 0.725138441625661
-0.0375730135919921 -0.0150967042235138 -0.239636171635297 0.64143867584826
0.0400722506184961 0.0162246330001815 -0.174900828179516 0.524431069905746
0.00266520770047856 0.0957481071942433 -0.216257628491059 0.373187464307199
-0.00131685693016848 0.077092903762413 0.265971258933111 -0.29999804261629
0.0205944876560599 0.00724689136662424 0.189915601217615 -0.50509521427117
-0.03174660687445 -0.0336158760704865 0.218756815642227 -0.59682361973934
-0.0397350867545363 0.0431316353420771 0.129865974069131 -0.696080031684748
0.0206549949414266 0.0357887262063971 0.0564313139179069 -0.605736673400432
0.0360004629175205 -0.00363360085095306 0.021232972305185 -0.423423424642232
0.00467672825698521 -0.0447527896528945 0.0228449516127229 -0.231701250266034
-0.000326667779598933 -0.0593125109155793 -0.0144054505430548 -0.0198424580016788
0.0271854136223616 -0.0414304422087611 -0.0791710909277403 0.162519664710829
0.0433305525608794 -0.00166269928396658 -0.118594711257993 0.385137081024886
0.0286457220821777 0.0410643996028994 -0.191890696459862 0.604085677855566
-0.0299545792544265 0.0459968045319078 -0.278653559479053 0.720666050709971
-0.0324715564529287 -0.0228416377118362 -0.299242981193164 0.604103503513735
0.0434371348820321 0.0239919946046512 -0.192895885293134 0.517049050813126
-0.00715854098967682 0.0998055011244714 -0.240900560717977 0.356273513520416
0.00421405872630349 0.060446958897568 0.238496944244954 -0.322335718713497
0.0140293206909015 -0.0029572106966012 0.181138527864778 -0.498388434889994
-0.0338658083894835 -0.0252506557662114 0.170869219828627 -0.633558122014063
-0.0293274744099271 0.0438054942142716 0.0545916913376291 -0.687675789581934
0.0210099205434866 0.0295293345860559 0.0221254180566476 -0.590484886613032
0.0296718584162639 -0.00313502289812021 0.010290005239431 -0.433687993511967
0.000973096258576575 -0.0405438788900725 0.018822089169898 -0.246960493485743
-0.00127477242069112 -0.0526384841849877 -0.0138016632132235 -0.0356435945416297
0.025964915993519 -0.0351203548883465 -0.0813356415060718 0.144306076234806
0.0414770352846655 0.004460866242397 -0.131198003541105 0.371106826051847
0.0212392992606579 0.0425227308674662 -0.228489366969933 0.604292027222274
-0.0309017874733268 0.0348483783730143 -0.350668551083606 0.71151800285299
-0.0210871472961612 -0.0239195968716949 -0.345737089195779 0.566900374275253
0.0381464938341661 0.0310861523816636 -0.204801111627249 0.51875422876008
-0.0178079496423765 0.0847561557639974 -0.261273409921881 0.336838188859087
0.0144082364526251 -0.0792374927740937 0.335827693656971 -0.194303502004148
-0.0473632479136654 -0.02623757240751 0.258993181794931 -0.512694692986196
-0.00236780761618606 0.0106052610712837 0.354628415527436 -0.468829698814142
0.020580008725535 -0.0122359158865353 0.391654107478764 -0.653356554605986
-0.0209651888374825 -0.0151624756346428 0.213723024166924 -0.627488217411208
-0.0172154755896855 0.0190007632927421 0.0754584945167834 -0.413435577142279
-0.00627635367367955 0.0218573125188655 0.0393157036189772 -0.19211276881223
-8.52320350470981E-05 0.023085281416419 -0.0165282831212159 0.0203047980679979
0.0180751460779657 0.0288603889062034 -0.0629412507447505 0.213981432340548
-0.0113816534728861 0.0342514255523276 -0.0531239825235029 0.420257313228413
-0.0209232388431176 -0.00382922093332434 -0.042759322314031 0.584042340811408
0.0222107644272273 -0.0316973266888974 -0.0294250930291875 0.719195224837306
0.0272605163429453 0.0235375164301185 -0.100354725398284 0.679885400324409
-0.0274570224106933 0.0108645509022777 -0.116923245746307 0.532262583097266
-0.019443920496346 -0.054986640931262 -0.152795404832129 0.405309024685778
0.00889291000295869 -0.0426464113650399 0.347040563416518 -0.175985907199163
-0.0352937697604793 -0.0171006319686516 0.267377628247056 -0.526936318592569
-0.00669964204926706 0.00047345290799575 0.352637405366524 -0.45216703164963
0.00582429689189625 -0.00223563105951661 0.414450576844832 -0.641099327978474
-0.0139367595586781 -0.00439366068983861 0.227437984637671 -0.633766678311172
-0.00593014435333441 0.0138000205487009 0.0752461335907629 -0.411126941643141
-0.00212571717599253 0.00711536963878136 0.0368092408047139 -0.185151614223491
0.000541794775667173 0.00413834970490877 -0.0148624907221068 0.0279772683204783
0.0192730587847694 0.012828522725319 -0.061696940266236 0.221989824531661
0.00143612796424627 0.0249202243376909 -0.050685223439812 0.426272578096268
-0.00786061715842984 0.00411685767527649 -0.0383536278312065 0.583829675839248
0.0147677795177395 -0.0137209699518957 -0.0147752711612477 0.709307433433125
0.0142700184158076 0.0165479396810449 -0.0822841047297726 0.684840452576894
-0.0106774231884091 0.0121393633661175 -0.117236304856666 0.537656530779762
-0.0113002300574022 -0.0186716473417307 -0.150455730426199 0.407726053381829
-0.00320589459706203 -0.00140175230077051 0.346830281104847 -0.17849185569056
-0.020858505885123 -0.00048263587245689 0.264905387627174 -0.535348083119571
-0.00617702488295663 -0.011472917332508 0.34169076174231 -0.454561534234379
-0.011919655303047 0.00503021842391962 0.408045402984076 -0.6446415069772
-0.00861893390928264 0.00809597557495906 0.220548731225204 -0.637498318890617
0.00923592867486749 0.00995459393212586 0.0697850689526457 -0.412073367606373
0.0028028902610051 -0.00845945909442752 0.0339338234952825 -0.183376510242771
0.000829125337142557 -0.0149910494773648 -0.0150726442379411 0.0291414051238703
0.020857844014876 -0.0062423318888716 -0.0622641551621184 0.220983969391293
0.0136011992453296 0.0136696473980528 -0.0535898057518488 0.428961739984019
0.00638061915682425 0.0110003415461944 -0.0483178722385455 0.58610467154538
0.0080434091968647 0.00615142737598755 -0.0255226081493714 0.707226222114357
-0.00280044944845952 0.0106775223989782 -0.088971381777124 0.684687885400984
0.00313695633931135 0.0111376999708504 -0.121243609477319 0.53979667842467
-0.000806729248640196 0.0177969670788767 -0.157408989319991 0.405465321756013
-0.0138572094045739 0.0365287927486345 0.341974642002906 -0.196999571343546
-0.00576987072113299 0.0138368728496066 0.251238411472061 -0.53517313016061
-0.00845007649811367 -0.0230025704485354 0.322968073526773 -0.475701198837328
-0.0281107677005989 0.0128452007900694 0.367120484918897 -0.654506338291317
-0.00206000682145025 0.0207693102187855 0.191822704279757 -0.638105918264202
0.0225309802403912 0.00593857404411969 0.0584319331800859 -0.413970033874661
0.00673733208835147 -0.0218279301750195 0.031566934751015 -0.188354795504247
0.000874962342086606 -0.0344679913226156 -0.0149198699562436 0.0231013328873349
0.0218229004722126 -0.023999558230928 -0.0651064593617745 0.216099624901102
0.0250886845562864 0.00454010206578015 -0.0653393780725276 0.423768176144607
0.0190975645146791 0.019635853711488 -0.0704751134071809 0.592672890839319
-0.000322256517533382 0.0276976891215955 -0.0630121056404368 0.712033267290418
-0.0197658251821018 0.00416148421470328 -0.121110187095935 0.679455511107509
0.0191554896833618 0.0100038083267412 -0.13494025329476 0.53818453174002
0.00712672218945513 0.0512448847658326 -0.170940630230196 0.399889148062025
-0.0154600665695392 0.0658187058453161 0.322795394451494 -0.231917872653896
0.00889204266317601 0.0198032660855333 0.227617145789368 -0.529746579214691
-0.0138803081432481 -0.0320322995113537 0.296587866160244 -0.509207181940371
-0.0398020372508157 0.0229691883143769 0.298592854290962 -0.677498145777694
0.00521580385017093 0.0320994933575154 0.147717888286098 -0.632175335710981
0.0312310472926455 0.00259134170728742 0.0458245865510218 -0.417211314046595
0.00911955192173168 -0.0348901583856823 0.0277587758810011 -0.19933085897249
-0.000355149581653495 -0.0479810118729834 -0.01467945907102 0.0123399890698447
0.0232192963131407 -0.0375721504999407 -0.0687331308654992 0.202247604434558
0.0342407901500636 -0.00187494532947259 -0.0826396632146146 0.415156869278981
0.0288104743329255 0.0270765675858679 -0.105494466806887 0.598309059949777
-0.00981807657330129 0.0423246175725092 -0.122427208463477 0.721368269685348
-0.0327055259639446 -0.00503254233222594 -0.174205828906477 0.665534978466901
0.0312331251572858 0.0108895729160231 -0.152446084809927 0.53371231765207
0.00847066067098003 0.0780907671520732 -0.191427532931072 0.389995828870944
-0.0103011035168133 0.0793386686649721 0.29649950989677 -0.269763453416752
0.0189332766210427 0.0170903467525373 0.200426568645198 -0.516843729160014
-0.0213061224285485 -0.0363198231084827 0.260855072056715 -0.555931477600627
-0.0432909289981636 0.0353894726699245 0.214214012321353 -0.694660660621974
0.014122020254639 0.035593961462185 0.0985413295959826 -0.61954561075122
0.0365023882561533 -0.0016696011728498 0.0309842640257333 -0.420278915248383
0.00780491720483519 -0.0417676845099338 0.0262643718209935 -0.214675505441873
-0.000422518710769737 -0.0582399814054644 -0.0144596201164905 -0.00355645545161662
0.0244731478407692 -0.0445799355268804 -0.0743060930569144 0.184988055241267
0.0413788014182453 -0.00463575118253862 -0.0996043391726914 0.402263763588228
0.0328832572643509 0.0345179541303188 -0.145971136270215 0.60198952106848
-0.0198422300492723 0.0495806723082979 -0.192070537029828 0.725732304431268
-0.0375134533035756 -0.0142871284465901 -0.236299862733266 0.642242426520679
0.0405594076733332 0.0165239250447701 -0.172169274244309 0.526365623714754
0.00363208270715448 0.0969095948886205 -0.21462365659026 0.373854256256394
-0.00108631798379489 0.0777358356583851 0.26488077277693 -0.301487742050617
0.0198117941309881 0.00719267818242551 0.186493181454839 -0.505475676038198
-0.0303184407171517 -0.034272225969337 0.215786628747647 -0.599827116497369
-0.0379312860934521 0.0437407754291037 0.125450595312663 -0.698165798437398
0.0206658368777786 0.036096814331268 0.0529326624691991 -0.604907882025888
0.0357218374015607 -0.00346317855392698 0.019398140565831 -0.425061567344119
0.0046326078613103 -0.0453308532310764 0.0219956582467335 -0.232621816153206
-0.00156248607326237 -0.0583733388871448 -0.0144944016185667 -0.0209907113629024
0.0257973670513314 -0.0435602004362774 -0.0786683743926686 0.164331374112247
0.0435059974496279 -0.00209135732619337 -0.117371781014745 0.385289721480278
0.0288645073794106 0.0406108077480756 -0.189459061718057 0.605385198300462
-0.0291217006474664 0.0462962756880626 -0.274597932969812 0.722416752215831
-0.0315358564961833 -0.0222367855846156 -0.299734117519871 0.606021805425808
0.0435734811688933 0.0244363240661939 -0.189282703084443 0.518714224753201
-0.00716745169087594 0.099717496421756 -0.239938026663269 0.356725219914963
0.00412328174827839 0.0599339175151902 0.235982646872132 -0.324093190034264
0.0127985884840644 -0.00291088214537149 0.179122479781743 -0.499956584413582
-0.0342295138743523 -0.0253804264844628 0.16806594677803 -0.633597920676301
-0.0297787028593824 0.044594662300892 0.0545144448506798 -0.688436318472947
0.0205108738074547 0.029810962760633 0.0204388554840702 -0.589021776664997
0.029821268313845 -0.00387790557213523 0.00841048840063376 -0.432703425180478
0.000581469760618163 -0.0406357039158618 0.0190559550169573 -0.24869922610731
-0.00232735731608073 -0.0527247783053498 -0.0139106797844501 -0.0365734416403957
0.0252325121102077 -0.0363570258638309 -0.0807411587489578 0.144506983664412
0.0410832451555917 0.00409511199092274 -0.128697936504818 0.372712243488647
0.0207109055254471 0.0418079059120379 -0.225750515351702 0.606477454105849
-0.0315586066294804 0.0346513241595947 -0.344908946865285 0.712158232454877
-0.02083805704202 -0.0229506739486724 -0.343977228049585 0.56839342130395
0.0386445249336396 0.0307932888279891 -0.203435956932174 0.518561016903685
-0.0158846281854292 0.0845354792490361 -0.261425842312278 0.339332445342785
0.0182835211495811 -0.0785396494045726 0.329549125983031 -0.194927282507845
-0.04469554629533 -0.0259448968031545 0.250400211075449 -0.516691599162305
0.000923995336884474 0.0120953724336942 0.350363805111764 -0.472017845288239
0.0255180647803053 -0.0103737196943398 0.385349194971459 -0.656514653650915
-0.0168905361068965 -0.0139246528621376 0.206949657283437 -0.630496464389325
-0.0137662266606501 0.0193227997674755 0.0721789718033646 -0.412417962412907
-0.00635454306553039 0.0216034930029773 0.0360121962679978 -0.191939280317123
0.000165855555776969 0.0228721735191812 -0.0153322116653328 0.0211628159669605
0.0191378646703344 0.0292918633407405 -0.059661307730488 0.213917409934268
-0.00947323659464412 0.0355613094139913 -0.0493890504623537 0.418476661999924
-0.0223808786055134 -0.000820219938006324 -0.0385386960253952 0.57529679266305
0.0165000957012236 -0.0297637691391359 -0.0113466464213082 0.710492942556416
0.0231656408872478 0.0222661246081041 -0.0831713526819136 0.67732871490672
-0.0278152053496857 0.0107237731716746 -0.107571715935951 0.524363717617793
-0.0239433103926803 -0.0537515316736891 -0.147376323471686 0.400430163528879
0.0114504788056439 -0.0408881602473175 0.341898257144629 -0.177369424595912
-0.0306055830568504 -0.0156629269122777 0.258436649516758 -0.529960930149559
-0.00268707775520646 0.000976041691196915 0.345555814469395 -0.455231785583789
0.00997313669094334 -0.00160197842648445 0.40996346257653 -0.644364821515266
-0.0105472660341113 -0.00206840759899071 0.221945737281129 -0.635551933685901
-0.00182332105593174 0.0140348803610353 0.0714130284382813 -0.409597877886523
-0.00167895390683478 0.00767625621059116 0.0325236986253473 -0.184615017848594
-7.06340772354388E-05 0.00510131155239117 -0.0143650728463326 0.0281583905893317
0.0194236979267556 0.0117175105538203 -0.0582213190888683 0.220759828465763
0.00262971619432399 0.0263870279395444 -0.0475058199776758 0.423136816339846
-0.00951695637715051 0.00684899471313023 -0.033777903405751 0.577951676088844
0.00998014581829071 -0.0120946583162448 0.000800040906377461 0.699965318110004
0.0107973697237781 0.014836298395189 -0.0655108038331165 0.681193436444371
-0.0131897097703723 0.0107414587473389 -0.106767240504048 0.530942044481579
-0.0132412056484917 -0.0183245265778763 -0.144481033465808 0.404657735160169
-0.00184285968141764 9.80035100202857E-05 0.343053109206894 -0.179522364580712
-0.0178140276399246 0.000802570468470321 0.257785683653692 -0.539924000593363
-0.00386033426409406 -0.0106066999273472 0.33451491679871 -0.457126652372768
-0.00738085237626076 0.00651349843182794 0.400080608020075 -0.644454281647972
-0.0039751077431994 0.0108214024332339 0.212526220266585 -0.641441124494869
0.0122616790513645 0.00964797314742851 0.0628884323128394 -0.412379535650252
0.00313133226567733 -0.00858096828733686 0.0297232320432658 -0.182238079985591
-0.000529807104439771 -0.0149375138449453 -0.0140424284993954 0.0285721419683459
0.0202943240604543 -0.00785813561660494 -0.0567373315764353 0.22174242470764
0.01330489144651 0.0150032146652265 -0.0490206363436267 0.426460482699119
0.00501315783813028 0.013803400620285 -0.0442146961810706 0.581912558347441
0.00300809400064126 0.00813144474553189 -0.0115560685799711 0.699398949689179
-0.00569203810753516 0.00943809240727656 -0.0706740722048728 0.680475357660901
0.00185099134058067 0.00933081884372745 -0.110185370204999 0.533850406834444
-0.000904790191296518 0.0176293970535822 -0.150328793014248 0.40668290167848
-0.0121945775537529 0.0402232747981024 0.337543043802626 -0.198708119688561
-0.00207830319598939 0.0163183385045984 0.24039987191772 -0.54126980598577
-0.00512055091693378 -0.0236802957160779 0.314823957188243 -0.477288438782691
-0.0248504132123534 0.0146019979058316 0.362660272971509 -0.657633938292689
0.00223954325740476 0.0241661938055545 0.184528533996356 -0.642534984182802
0.0246670831553277 0.00562067435960311 0.0540365318234459 -0.412910725577023
0.00669204252530091 -0.0228552050694338 0.026951882960523 -0.188087786782427
-0.000555822675258392 -0.0341699211156991 -0.0137003224711468 0.0233756482061573
0.0209686546238402 -0.0249589518024339 -0.0601556131853792 0.214386660221999
0.0250373844453823 0.00549664573309678 -0.0586546717661848 0.42165250288566
0.0186216342482061 0.0207808093201014 -0.0642774703925635 0.588401635219361
-0.00432641362046286 0.0289100188107226 -0.0484958555187224 0.704155921627068
-0.0233672421942164 0.00384657164638056 -0.103952381488473 0.673736610649827
0.0169402704875334 0.00761927106649989 -0.123652384568705 0.533222407775021
0.00811649293438766 0.0492395673632491 -0.164573175538544 0.401863714149281
-0.014146690099253 0.0699674858371498 0.320585760196254 -0.232906043704153
0.0129453814000613 0.0222379260727708 0.217418477673177 -0.534894685276837
-0.00972145177638775 -0.0326554965849673 0.287455373656619 -0.510542003235604
-0.0364640496478405 0.0245084038398192 0.293890232106193 -0.677645669087869
0.0097653220014812 0.0344090219538497 0.141362354153195 -0.636890959915632
0.0352789953637538 0.00190878994975373 0.0415308661922319 -0.415353352980671
0.0097578146518442 -0.0355084466762927 0.024112404381813 -0.199196390026078
-0.00151626959866007 -0.0491422221844991 -0.0140136043156869 0.012783396625497
0.0223905326561486 -0.0385172151131808 -0.0649391058725145 0.200997597504249
0.0350391065022565 -0.00218205792353896 -0.0750020911222585 0.410575463931632
0.0286815274788879 0.027902163685612 -0.0985454608865666 0.594788655219886
-0.0129548441801209 0.0439579525794951 -0.108887828694438 0.714012613118821
-0.0365491441344104 -0.00512154612712058 -0.160446425031371 0.661406325286413
0.0294085494549228 0.00884801533115047 -0.139813686174726 0.527744384326658
0.010637459663206 0.0778115672462467 -0.185265734031403 0.39320436891416
-0.00724923667508206 0.0841003871818423 0.293232076177764 -0.27042657098688
0.0230906101567337 0.0186647034146532 0.191430023990229 -0.524373008771403
-0.0187816136054966 -0.0381957256009081 0.251758172705619 -0.555491997478468
-0.0406199230082897 0.035832457656254 0.208824792698259 -0.691787503188235
0.0188899102424889 0.0390107162292451 0.0898134608333144 -0.622607629885564
0.0406668037517105 -0.00243266944504753 0.0264945517768077 -0.420361162083537
0.00764627603550743 -0.0427857005121328 0.0209990353247325 -0.214841960375197
-0.00304070761695623 -0.0582023477846864 -0.0140033341156228 -0.00386070311943413
0.0228824679230951 -0.0457552806212397 -0.0693056857028415 0.183709413296766
0.0413324835141653 -0.00452235090824918 -0.0935505297878952 0.398841251487119
0.0319029576915847 0.0360906322086153 -0.139469373287062 0.600843005135443
-0.0238029970307395 0.0505980670880202 -0.18140618475961 0.720370398283429
-0.0414685963376398 -0.0158468262859628 -0.221119476062937 0.637750661446506
0.0389215483085375 0.0130000298500774 -0.159628258980739 0.52123716941294
0.00824011114518182 0.0949181616884966 -0.208175009880738 0.3808859596137
0.0019394821964271 0.0816058946068077 0.262398362877263 -0.301480886000592
0.0246085043937027 0.00847252352210992 0.176136737070443 -0.510997327750572
-0.0281349689431465 -0.0358324864849062 0.206959077138116 -0.598318326132112
-0.036431624600495 0.0446219764259873 0.12261140641284 -0.693655708019371
0.0252518525157815 0.0377744150104822 0.0472585432432722 -0.607209110634571
0.0401970909898554 -0.00512441237542817 0.0147382481810699 -0.423439860807458
0.00428795009345644 -0.0454156333072941 0.0170977296523684 -0.230499415963256
-0.00454439356241495 -0.0584742284539497 -0.0145720249216895 -0.0193870534710328
0.0233972873491521 -0.0452614512500418 -0.0741175688363896 0.163486080150185
0.044868632047106 -0.00251679031882138 -0.110716416404921 0.383991182632299
0.0298883029236729 0.0418102055169439 -0.181217105495633 0.602839897798944
-0.0337887992347245 0.0472854530888332 -0.259791937059959 0.720009097622954
-0.0368382277261256 -0.0233708294004992 -0.282989973740697 0.604256158607553
0.0431984681056881 0.0213678436074476 -0.176928839067763 0.517084882095849
-0.00231513225851045 0.0992624544869754 -0.232945337955437 0.362599830521608
0.00729144126134756 0.0628344231084481 0.23347854333028 -0.324154965852216
0.017486913721062 -0.00179743080880816 0.167228038900251 -0.502964943253802
-0.0316542090962417 -0.0261146838165923 0.158667472260354 -0.632664147102616
-0.025427007547563 0.044632926762623 0.0492767715111371 -0.685688494208941
0.0266629799816469 0.0306898679516311 0.0144100872082945 -0.590572618301518
0.0336480479956233 -0.00570143529744647 0.00218856724069538 -0.430098817565311
0.000733176284088835 -0.041201306187928 0.0124745820685081 -0.246740190084755
-0.00414854964892056 -0.0514625211645434 -0.0147024495954038 -0.0350166639947074
0.0240637428829224 -0.037583016982646 -0.0773248448033954 0.144744788059857
0.0407078807332462 0.00309207564474095 -0.123419898775884 0.37066431875985
0.0214751129197137 0.0441869082535611 -0.217110389308165 0.603169074154231
-0.0354175008251139 0.0360607235077636 -0.32980510029108 0.710352396982703
-0.0242744176303358 -0.0245480012587801 -0.328197050703393 0.566810258183072
0.0382722277506448 0.027894358991507 -0.192149056771614 0.515249359202846
-0.0135274665702886 0.0846005617685104 -0.256417899620141 0.34432327616499
0.0180153165256256 -0.0778815775554623 0.33124677625253 -0.197622535030065
-0.0450723307437159 -0.0259018498894862 0.246498510537699 -0.518630475038769
0.00132123290784818 0.0125879003091988 0.347931435060588 -0.472325012030651
0.0254933479140484 -0.0100928442378021 0.383846814518699 -0.65566792500357
-0.0165226592623626 -0.0133221577582584 0.203816724774711 -0.630017199882273
-0.0138965377278064 0.0191103249431684 0.0708058021954295 -0.412720189468695
-0.00586703089213447 0.0222076075488633 0.0341902693430553 -0.19119001174072
0.000501931983255222 0.0236361593189125 -0.0154389867404374 0.0207481162519298
0.0190887793238364 0.0289860097431889 -0.0586533271330283 0.214417354591693
-0.00875524575098641 0.0360792675432977 -0.0484123908639879 0.417735675359399
-0.0221636473932911 0.00015398921484371 -0.0374327249982216 0.576266050956445
0.0156366677497567 -0.0307601845465931 -0.0100985706218645 0.710681295431808
0.0232905080552572 0.0220403510074932 -0.0818870265489121 0.679920310617377
-0.0278164485169787 0.010849327780516 -0.107036968643602 0.526727794558317
-0.0247966302928722 -0.053284625262284 -0.146379662546985 0.403409938498742
0.0112463829236894 -0.0413105607601726 0.342637067066987 -0.180674345110191
-0.0326262309630605 -0.0149087311924629 0.255393089820422 -0.533056016714845
-0.00294340224415877 0.0010490108098788 0.345850925268633 -0.455476996796103
0.010645139596684 -0.00132921563886417 0.407427300871339 -0.645503899638534
-0.0099045600827356 -0.00260496291541931 0.218878657265899 -0.638658458364276
-0.00101775430344178 0.0137809093322695 0.0687353060342203 -0.411163804850411
-0.00134741607540817 0.00720087251977287 0.0315946965511994 -0.183661062327866
-0.00059701562288656 0.00565918147161566 -0.0147125229410876 0.0287241147439951
0.0195232974595901 0.011879307612728 -0.0567318712516209 0.22045775765259
0.00342937317964614 0.0263941206249728 -0.0452942117580742 0.425163024443457
-0.00878164924824104 0.00699528713444902 -0.0311058808656237 0.576925818715751
0.00916190480774759 -0.0121916819480909 0.00296266988383914 0.699930061210223
0.0102553458117659 0.0151306519773761 -0.0637778508380627 0.679944505075278
-0.0128000542030657 0.011540930774339 -0.104957342506515 0.532195435167604
-0.0146197419411895 -0.0181157859544725 -0.144271628114404 0.405468995204474
-0.00116464605117121 0.00012263985774119 0.344742390480064 -0.181295862603119
-0.0176489421403484 0.000821740761214895 0.25337875681562 -0.542757646162643
-0.00412500916084161 -0.011228570149625 0.332758506809731 -0.457413003801471
-0.00795812424811636 0.00643250519716475 0.401896949056424 -0.647699433142573
-0.00375521620574832 0.0113839250549249 0.210548785641603 -0.642339642026093
0.0123424196168232 0.0102265122116799 0.0621605913596582 -0.412348110286275
0.00329247659899213 -0.00840105971167729 0.0288930012325116 -0.182846549629878
-0.00151780556550326 -0.0139800346547854 -0.0135311876471301 0.0292540279969186
0.0205344162486736 -0.00812168855612623 -0.0554920960680985 0.221395376654326
0.0150258000615415 0.0152556787175592 -0.0478712208323985 0.42568634282653
0.00513829334237975 0.0138121441546943 -0.0418677334434988 0.582099946215548
0.00408936393472192 0.00818470840312014 -0.00911152939968199 0.69883562789217
-0.00636384175048395 0.0107236192568301 -0.0693100973275118 0.680887401938714
0.00168240812493759 0.00973592509214604 -0.110448844705736 0.535781581020473
-0.00122226741471885 0.0175580928738152 -0.151272915796311 0.40651378612187
-0.0110844020789976 0.0395400699925896 0.338760293275961 -0.200796288071846
-0.00230569043604347 0.0170297258795849 0.237883522407866 -0.544265500140956
-0.00633363204881871 -0.0231092121554171 0.314921944635475 -0.477408448028563
-0.024294043171573 0.0148321153385461 0.360756025894569 -0.659636522442566
0.00214842757691005 0.0244968482590892 0.182368334234467 -0.642155933566212
0.0258258629660598 0.00481378564237509 0.0525346199140928 -0.413711072598928
0.0069586607916608 -0.023851733579133 0.0266559505187127 -0.188432817284943
-0.00209475645527279 -0.0343118699731544 -0.0133750635357877 0.0240750315879049
0.0209214021578561 -0.0247723430692892 -0.0592242293725253 0.214588915196779
0.0251653207326605 0.00572995217081397 -0.0581337189689687 0.422838979161808
0.0195784604394362 0.0214194006296752 -0.0636132417508018 0.590990153026092
-0.00363920395555047 0.0289171326745818 -0.0474018491501396 0.705248744809978
-0.024251460370278 0.00412861962900631 -0.101929696543229 0.67499173897698
0.0165722230439397 0.00761550767413076 -0.123329267819782 0.535493548912085
0.0081297429791474 0.0515915953580832 -0.163921469098211 0.403016311010935
-0.0146370199097767 0.0694603176876812 0.322006677012337 -0.236043047349746
0.012437522333348 0.0235211691291842 0.212962762233627 -0.53788940654895
-0.00972753789808183 -0.0330772158302635 0.287203661585722 -0.513389570583303
-0.0352476789845263 0.0252209689112129 0.294165712849519 -0.677623848169626
0.0101113869550559 0.0344380603606047 0.139117599731495 -0.636752371868665
0.0357375143537214 0.00180476404145393 0.0404440332585753 -0.414409956368355
0.00901964508173725 -0.0353331064256159 0.0240563347098906 -0.198869194757298
-0.00244812405090673 -0.0477317185116936 -0.0136188652396609 0.0124302288044271
0.0217991915872849 -0.0389344741547716 -0.0636360753607547 0.201161307839664
0.0354863536016345 -0.00298247083222665 -0.0760958939243874 0.412117908778849
0.0289166445260003 0.0290008348804289 -0.0974574786872436 0.596253758482305
-0.013819623676562 0.0451366186267292 -0.105362186597383 0.71654139518519
-0.0368432043979936 -0.00521203703682283 -0.157039333547713 0.663539474835803
0.0295087138882496 0.00806276936031626 -0.140610646562355 0.530863685508493
0.0123486598069907 0.0782397374125082 -0.18423778826948 0.395755767484816
-0.00737125049945532 0.0846999068294328 0.293054069052393 -0.272830376994803
0.0236959627308412 0.0190292857026018 0.187872843530997 -0.525216444406987
-0.0185757265531381 -0.0380553551261921 0.250582045823002 -0.554241150328958
-0.0400063295441737 0.0361621663524784 0.208170291290961 -0.694512561685998
0.01820402413458 0.0394272964288144 0.0903717623353298 -0.622929300496167
0.0402791791246036 -0.00328963223114772 0.0257469154767951 -0.417959356997232
0.00690469485739139 -0.0429559028679731 0.0196422849941508 -0.214895291053808
-0.00416703758469031 -0.0579414668683616 -0.01373523765096 -0.00317710223089305
0.0228826741101254 -0.0459461565527181 -0.0685330487471736 0.184079013108411
0.0424492155442019 -0.00475697870350262 -0.0923109180202722 0.399486373178099
0.0331111538438103 0.0356052720420331 -0.138035383237216 0.601784114488337
-0.0236624488260802 0.0510734777953237 -0.179450722373341 0.723779321629885
-0.0423948399836599 -0.0162120993723793 -0.219603815953369 0.640979872994026
0.0397218194394298 0.0129488822014246 -0.159170393213162 0.522365171019725
0.00845821954737847 0.0963291922055146 -0.207803737956278 0.383000156182609
0.000227698147626956 0.0807410536913726 0.262881241166063 -0.305238004943128
0.0246535252450463 0.00944696724983499 0.173085937297052 -0.513140213262603
-0.0278001513499532 -0.0351970070648716 0.203183450273261 -0.596806732855922
-0.0361076143731097 0.0443040763210339 0.121280261002156 -0.694566587668634
0.0245388164691919 0.0374084522627381 0.044978627099949 -0.60707725819188
0.0407540650214616 -0.00541958183960755 0.0150051042826514 -0.42490491965096
0.00505340966028338 -0.0457004724939225 0.016804266125875 -0.230575924990301
-0.00443957922247738 -0.0579273112523088 -0.0153150502947441 -0.018733479182476
0.0236919159039134 -0.0449604364722337 -0.0742129889995644 0.163760137292925
0.0449005991955051 -0.00282793221842122 -0.109978530841722 0.384349976551053
0.0298759264431805 0.0424156769790086 -0.178842881526276 0.603240093478202
-0.0332483576071788 0.0481340097805246 -0.257536247761229 0.720595681302004
-0.0376501841961509 -0.0228600154820257 -0.27914984325713 0.605934290931311
0.0425174461288582 0.0206469143686824 -0.17469415762048 0.518139040175287
-0.0020216105859578 0.100567159339206 -0.232985654168033 0.365345994316552
0.00802423346486685 0.0624681339066588 0.232978381150905 -0.326877858015823
0.0167186040494224 -0.000671867880283065 0.167019095130321 -0.506624327812632
-0.0326499025542894 -0.0266594688929365 0.156514085876911 -0.632284404311904
-0.0257701643593705 0.0439298684819056 0.0476636839882087 -0.684943405626621
0.026801517944969 0.0312524023323393 0.0132292404609542 -0.590221858346559
0.034161090002687 -0.00533922796756492 0.00277825584675311 -0.43267726922134
0.00144755141870608 -0.0421095898911617 0.0116171158791854 -0.247062002137423
-0.0051561800535575 -0.0509319267763076 -0.0149067477222259 -0.0361511876387165
0.0236602816908593 -0.0376459495607474 -0.0783620386941301 0.14508505269351
0.0415616872114634 0.00389776636320179 -0.122324638685637 0.370455892042376
0.0212560871740498 0.0443183239405242 -0.216353312921368 0.60632538334076
-0.0357127817683881 0.0376483987864106 -0.330962436376788 0.713751278578413
-0.0250654770053221 -0.024985058962238 -0.32730017781548 0.570918431683891
0.0385634741571483 0.0268453094181051 -0.186859745038964 0.516049329403249
-0.0138485543973007 0.0858631518859943 -0.255224372612978 0.346962313401523
0.0166298661551245 -0.0792185638097497 0.332175393995791 -0.200742859572741
-0.0460717567486088 -0.0254423738315102 0.244370847802185 -0.520382494697479
0.00245554937242379 0.0122130428220515 0.346842299328255 -0.473679531701434
0.0257963059055523 -0.0108343440862286 0.382813471555526 -0.657232564555565
-0.0176754272803979 -0.0134928159199146 0.201598264856601 -0.632293299411879
-0.0129368361644514 0.0194450503033762 0.0699635840797879 -0.413044695796708
-0.00518119657376124 0.0230163337897909 0.0350203439558549 -0.191948647445443
0.00100678277901342 0.0243087073524268 -0.0151335495767862 0.0220456485073603
0.019736363949287 0.0278248116282858 -0.0594166172020097 0.213755897825691
-0.0075745739482835 0.0358963059193891 -0.0466001668478117 0.419704967791243
-0.0224748582304878 0.000795914780254244 -0.0347187794557718 0.576962448809898
0.0159349236174077 -0.0310145843650959 -0.00866908691137514 0.709257480208472
0.024410817825576 0.0219305509149285 -0.08169780946926 0.678773314103417
-0.0281235097114149 0.0105316102074114 -0.104664662747343 0.52836772294741
-0.0255142666463573 -0.0536596338445105 -0.147018228766904 0.404392998450001
0.00993583302240061 -0.0413097085530114 0.344303482304707 -0.182162402502385
-0.0329934347748805 -0.0146704575632481 0.252519790408316 -0.536064399804821
-0.00284550707063667 0.00108741991744527 0.343983909176978 -0.456278653272042
0.0102283898423764 -0.00236825109300482 0.408001165474361 -0.646581979303889
-0.0110690307160115 -0.00288551559965609 0.216933594286652 -0.639136769594616
-0.000674441203062841 0.0133238864267793 0.0692010552199073 -0.41177766841926
-0.00186527279822975 0.00743845449474711 0.0326239278960318 -0.184247862076645
-0.000890416933928333 0.0054324814371642 -0.0138384136097307 0.0275587135140436
0.0199990858159379 0.0108247587273968 -0.0550628736843376 0.221301914007755
0.00321952425505233 0.0267679294634139 -0.0438222332737365 0.424616063680715
-0.0093968285721317 0.00708500557664847 -0.0321088860506114 0.579522800340168
0.00834311836302341 -0.0134915747663879 0.0055512954609188 0.701099634757129
0.0106500469113205 0.0146940581579979 -0.060158356983754 0.682576100251309
-0.012369646255572 0.0122430036109478 -0.1029567164304 0.532968322093004
-0.0128415084935529 -0.01744880296457 -0.142971796526146 0.408007057303166
-0.00224167413866 -5.03381631708141E-05 0.347317300185877 -0.184833615567969
-0.0181221494139116 0.00176018203097947 0.24902285294599 -0.546334622822793
-0.00400702754165226 -0.012048696770915 0.330815684871808 -0.45858318255448
-0.00726146216176695 0.00597947527182917 0.400387559528426 -0.649603811993317
-0.00438136316931279 0.0109503985721876 0.209625382161303 -0.643368589337713
0.0125630729433733 0.00954674729940548 0.061272767567033 -0.411876346817195
0.00322972283360117 -0.0086076142757483 0.028449589550629 -0.182806232678399
-0.00153995286841291 -0.0136022007419448 -0.0140779087319776 0.030609699220007
0.020406360842341 -0.00749160232933072 -0.0555411952129527 0.222249514279242
0.0148344289917993 0.0152869021799761 -0.0469594626983456 0.427544234859109
0.00590443330581447 0.01267844465503 -0.038733061951108 0.585965501843542
0.00365611762807157 0.00922708719086467 -0.00975112719579062 0.699592927370905
-0.00626410805093205 0.00997112504439871 -0.0690826782116977 0.681505231636926
0.00311834402595453 0.00946294652040381 -0.107588162499534 0.536280288200712
-0.00124581420092599 0.0173854616191592 -0.14929338532251 0.408835939049564
-0.0116728089854319 0.039295135701483 0.340492382405976 -0.204486382046284
-0.00298604149056995 0.0173275649121001 0.233524675238407 -0.545005369225005
-0.00523923164467143 -0.0227330526098215 0.312383693055937 -0.478315703040245
-0.0238701001710207 0.0139121929616397 0.359871831742222 -0.661259545586044
0.00267616225064148 0.0249933258072639 0.180924934931727 -0.643879672657711
0.0265654278294959 0.00431430872687057 0.0516392547574676 -0.413197614029258
0.00639670623887572 -0.0240441141308104 0.0266279172947715 -0.187826586876712
-0.00221287972511831 -0.0328258688239795 -0.0130090515674678 0.0237456037709661
0.0209763308164596 -0.0255477004949044 -0.0588345310632104 0.214857675911698
0.0265530919851414 0.00283869811851471 -0.0569255122059961 0.422150885717194
0.0192919847511038 0.0214078193872451 -0.0610123029092468 0.592009150144709
-0.00414658447898606 0.0296787254048176 -0.0444203864937372 0.707160495648194
-0.0233859054601531 0.00400801083773647 -0.100660491202064 0.675902442760546
0.0167108985475453 0.008406940686122 -0.119860749938907 0.534876993246494
0.00845285213616668 0.0511905830619276 -0.162991773722258 0.405994100444489
-0.0139858460549897 0.0697317043604618 0.323095670872365 -0.237706848257338
0.012703541886168 0.0236176696009858 0.210075540761456 -0.53880631159459
-0.0108071657546604 -0.0331794266605223 0.286484311331856 -0.512474131755901
-0.0363962668507606 0.0250610243043671 0.291816769676815 -0.680909550879672
0.00935320054175939 0.0343016022973033 0.13764785950698 -0.638241268107131
0.0367525416691088 0.000325410314520691 0.0386812042166594 -0.415672048292269
0.00975341559680037 -0.0361594197224957 0.023883012747806 -0.199595010017396
-0.00326640323332547 -0.0479699030091905 -0.012969712868489 0.012753282907961
0.0217850057683066 -0.0398381950887857 -0.0632627805739341 0.202828484089546
0.0347147873475969 -0.00275040487684042 -0.0732481651292227 0.413129389006623
0.0288222376566595 0.0291165798308883 -0.0940403956903851 0.597968228458111
-0.0126665689485259 0.0438001319766961 -0.10523054929285 0.716757692608898
-0.0372607017618049 -0.00460717866525081 -0.153829123996826 0.664100815306058
0.0296282599656029 0.00773863429223399 -0.136984347567699 0.531281065070945
0.0118332479107071 0.0787670471166914 -0.183996679239218 0.397883233219895
-0.00684378936078774 0.0850390105976972 0.295307375180277 -0.276201647247672
0.0229101770993925 0.019047494651468 0.184126107026728 -0.52751664124218
-0.0192260531571039 -0.0384114446998923 0.249369502846448 -0.555705278243316
-0.0394164413244437 0.0372652290368976 0.206547674828584 -0.694439026984983
0.0205410383801226 0.0397049527288275 0.0900337226730004 -0.62417382092062
0.042403928665595 -0.0030315712560554 0.0249380399571618 -0.419085674597541
0.00752867380314369 -0.0443514692797952 0.019687411410947 -0.214262181714436
-0.0042985649705163 -0.0571337553715042 -0.014781484248266 -0.00349406539302744
0.0224379807271256 -0.0469689867749453 -0.0694257730567387 0.185345790594997
0.0420666559361488 -0.00651343349766006 -0.0918581271331984 0.399912095538607
0.0328616993564615 0.0364685059074562 -0.135262598878982 0.603710078605947
-0.0238331077580755 0.0515991470117065 -0.175967180530365 0.724389824637761
-0.0413667307542004 -0.0148031280173985 -0.218125440783537 0.641560831639238
0.0396203614209618 0.0131882134351446 -0.157074845321923 0.523978705408206
0.0089970841254731 0.0965707399384348 -0.206886062126361 0.384301355983203
0.00115324438850308 0.0807580308019869 0.261572131125972 -0.306416450610581
0.024336231588394 0.00897698987649307 0.168446353619144 -0.5143121447789
-0.0290779598260472 -0.0352885091065371 0.202400002126653 -0.600228415567865
-0.0348141572082606 0.0453940388436621 0.119453518774331 -0.69490044258863
0.0256593916306881 0.0372677609843886 0.0459293295183519 -0.607649985926269
0.0407625905532283 -0.00651369774304325 0.0138923365195583 -0.42464261397992
0.00492476924191064 -0.0463714651479711 0.0158627941988849 -0.231916119302387
-0.00464929550117302 -0.058024262014236 -0.014288347333507 -0.0192653895661739
0.0233376421184364 -0.0463020603635989 -0.0741245872786281 0.16360767671371
0.0459915199989048 -0.00362162195663676 -0.108334392999416 0.384750946544959
0.0306563729536222 0.0426821765475864 -0.177690957669098 0.604925594377601
-0.0342700830946467 0.0485825195578859 -0.255669748833583 0.722529922065059
-0.0372852469901688 -0.0227083226388619 -0.280191101465861 0.609072865502305
0.0435611193171983 0.0199665140589422 -0.17434981690042 0.518844434389774
-0.00188199351249162 0.101040101461194 -0.23301264240538 0.36769108977912
0.00857632860472531 0.0624731232309251 0.234017567061994 -0.328859604409122
0.0164736485137459 -0.00224609120211961 0.163760349375003 -0.508650921343804
-0.0324080652228587 -0.0265336271151015 0.153750500375474 -0.633673618551405
-0.0259682826436658 0.0452314389932751 0.0461592987660377 -0.685830308893805
0.0271909291088901 0.0318088988934869 0.0127193746479441 -0.590918730636064
0.034113262312758 -0.00671183558218696 0.00147865145034553 -0.431924612255723
0.000757855430338288 -0.0429338612635821 0.0109258821236171 -0.247139776515768
-0.00661191640013847 -0.051392548140749 -0.0156320672345424 -0.0351780551852804
0.0219988508239311 -0.039840763835523 -0.077887714957219 0.144974414411268
0.0416409893013906 0.00256402751984793 -0.121853196805367 0.371550024085524
0.0218840718883202 0.0441700711468983 -0.213239593657443 0.607305481932105
-0.0352304946284198 0.0364987056588652 -0.327200358436431 0.716148179281106
-0.0265456219717977 -0.0251173052296471 -0.325389606193776 0.570309623843289
0.0398993804533273 0.0267936457513903 -0.186193535265899 0.520540797310342
-0.0128494585962945 0.0865498784271379 -0.256039136598273 0.349661916770017
0.0167962129340422 -0.0797982759209054 0.334057773579241 -0.203216592703417
-0.0457670530405947 -0.0252244023718841 0.240114767836359 -0.523761637997488
0.00158987779655974 0.0131825131825348 0.343504463936171 -0.475709369672921
0.0254643604706549 -0.0118928997235873 0.38124653219699 -0.659485999183824
-0.0176420649676846 -0.013259068617364 0.200585172182951 -0.632676169353007
-0.0122979699937318 0.0197335410005717 0.0680835279479835 -0.41310023462814
-0.0050036496676982 0.0228458785190783 0.0341949325998549 -0.191716417830151
0.000695375839285427 0.023995885428035 -0.0161828991056842 0.0207172090415965
0.0187443103938018 0.0279233990014598 -0.0574204415760453 0.214818224139689
-0.0068795197648559 0.036369960955604 -0.0466565138349289 0.418897233875501
-0.0225237550089562 0.000783847450001757 -0.0347665290145363 0.57997664558299
0.0161177883558122 -0.0316362125747177 -0.00481384118187567 0.710279126611321
0.0243921393529956 0.0221344660347309 -0.0778319115102125 0.679985636826749
-0.027910861434319 0.0118498052737718 -0.102994827770469 0.529905806959954
-0.0249218188085494 -0.0531753241360665 -0.144665108020917 0.407260996176345
0.010552688618496 -0.0426172880522853 0.344202949674958 -0.18617889185875
-0.0330487342158895 -0.0137747240047856 0.248088067466709 -0.538187103490776
-0.00294728296303521 0.000492444663364424 0.342439824178388 -0.45761650089977
0.00996227945747478 -0.00140815564483408 0.405917657394055 -0.649589432404818
-0.0112553036808999 -0.00184797446744224 0.215201488623155 -0.640159236141422
-0.000625618481851334 0.0130130862066282 0.0678934736642745 -0.410907194147069
-0.000445631764555713 0.0077576780901819 0.0331034759153743 -0.183778778500056
-0.000553127727758607 0.00601484976924657 -0.0147150023730735 0.0291759103896366
0.0188259439375851 0.0100971332513257 -0.0554561247692356 0.222100907602105
0.00447048906011718 0.0272651662159369 -0.0440104500925917 0.426957726866829
-0.00998647506814332 0.00723926693834689 -0.0296385163074508 0.580249276759359
0.00847305461399281 -0.0128031374880134 0.00619432329190501 0.700786822207899
0.0114113473919875 0.0159730457661755 -0.0601241091904431 0.684447452456217
-0.0126831337020586 0.0113122384015247 -0.100883762773319 0.534938664110879
-0.0140897887670048 -0.0182014410085012 -0.142934335338582 0.411691828485143
-0.00175953096587529 -0.00150975343280066 0.348009004291929 -0.187285224618294
-0.0191347422179843 0.00157022356662099 0.246219116880379 -0.548018387791395
-0.00387564510632368 -0.011459678002591 0.330709555276685 -0.458797153994727
-0.00726711547922467 0.0063954285043176 0.398793881510895 -0.651998588858078
-0.00445440761835633 0.0123797949288391 0.20909830325825 -0.645236109712889
0.0140848289092334 0.0087074394575711 0.0602776899504896 -0.411978564939079
0.00273793896585006 -0.00873928354914052 0.0293892174807199 -0.183128085987818
-0.00205703883526906 -0.0139339310419756 -0.0130036239130903 0.0295586835570638
0.0197323005492623 -0.00870079906273985 -0.0544339272239904 0.222795277458027
0.0166379212176423 0.0152465571840986 -0.0448012719252193 0.428165122086177
0.00571589184671052 0.0142446149440604 -0.03881680478307 0.5856740976536
0.00303374397773417 0.00840794505840857 -0.00431552931659605 0.701318133015972
-0.00574562369830664 0.00964874236068874 -0.0654720906866035 0.682341344908843
0.00290881403988149 0.00924761001039487 -0.108085010358947 0.539434202144074
-0.00198201853422915 0.0182867387354221 -0.147140432030056 0.413135835498086
-0.0115695039394064 0.0390540002547563 0.341677419894683 -0.206149207627551
-0.0029795595840987 0.0173792377208087 0.23004764077458 -0.548974890154635
-0.00696088942309725 -0.024596961407214 0.311765824326214 -0.478170999208816
-0.0242921370540784 0.0148027887719035 0.35924670945749 -0.663826809658379
0.00240236819026619 0.0252853700149441 0.179214399727202 -0.64566596835431
0.0261984190143498 0.00371323433877823 0.0504985690783813 -0.412893741787732
0.00667571288634837 -0.0240270388830717 0.0269426539970673 -0.187765972355908
-0.00279954992677379 -0.0327761639821706 -0.0132227395961127 0.0235358728022381
0.0200291924866877 -0.0270302720279617 -0.057132732944165 0.215864988088911
0.0264905410409835 0.00368546187503559 -0.0562539236075009 0.423737222286892
0.0197557177192719 0.0206486846864507 -0.0599779611187791 0.591849317079888
-0.0042507937845313 0.0290790245673977 -0.0432339531712259 0.707732450500195
-0.0228763847732623 0.00365202207177087 -0.0969705843935718 0.677253830562365
0.0168388923889725 0.00709444551160821 -0.119109811922384 0.53646018535699
0.00861936230105286 0.0515043247998938 -0.162025613958472 0.409397066526724
-0.0150624470926849 0.0685081633864672 0.325062250966066 -0.242200156341366
0.0120856712103632 0.0224361493604744 0.205667349072011 -0.541343332729574
-0.0107388599628301 -0.0344803541372236 0.284723632617243 -0.514413765290217
-0.0363914635310256 0.0256929277277262 0.292293505873034 -0.681836180973715
0.0103218164362045 0.0354395114543935 0.136377121818897 -0.638916597050116
0.0368043859688597 5.55829307240241E-07 0.0386488173201456 -0.415161904396398
0.00799352924912583 -0.0361119775160753 0.0226788686151068 -0.199870182381986
-0.00413053530854679 -0.0479388778805342 -0.013633377594452 0.0120556712431365
0.0203939190814567 -0.0385498290482529 -0.0618670549289272 0.202945903934478
0.03567565787455 -0.00404622179281759 -0.0728506236073119 0.413761018946187
0.0300377186004177 0.0287289273145754 -0.0931771695058808 0.598930932551364
-0.0136866999031471 0.0441656387801656 -0.101009718390163 0.716397103879235
-0.0367182291878534 -0.0046070594389758 -0.153743672387142 0.664521051323022
0.0306028362900913 0.00789460844860134 -0.135365859519825 0.532799853715202
0.0125578063125727 0.0792487377838257 -0.181546137718775 0.40115300372475
-0.00729337345473276 0.0844705707862935 0.294201197076409 -0.279257949534667
0.0228614032460854 0.0201122673770872 0.181493605779143 -0.530240740246832
-0.019683142917525 -0.0386829315747316 0.247281723334351 -0.559808846585294
-0.0397135871518137 0.0378749846993481 0.206253834419625 -0.695445185650238
0.019708680086036 0.0387395806528964 0.0860551202720353 -0.626873989828213
0.0422587717800079 -0.00417525405140728 0.0244307856763942 -0.418671795378513
0.00728369034795684 -0.0440626521761434 0.0189374758122346 -0.215387499717351
-0.00623472936744095 -0.0568528051875945 -0.0135014539186673 -0.00218167973169084
0.0213459717601905 -0.0471971518705975 -0.0688822758386421 0.185724441918452
0.0438837372203644 -0.00747240659559888 -0.0898414398141837 0.400319383504186
0.0345064148810496 0.0353989131931884 -0.134237006461281 0.60525308007212
-0.0241030709694218 0.0509928394892697 -0.172249862437946 0.727328440707328
-0.0424426784911596 -0.0148428278398241 -0.216022305853808 0.64429924790105
0.0394679770955413 0.0116913411006143 -0.154694181193688 0.526895736945062
0.00939677530992943 0.0973107178033036 -0.207699990674324 0.387929073547813
0.000611955993630365 0.0806055563898023 0.26210778154616 -0.310231942402189
0.0234132469319431 0.00795578668035176 0.167749648328698 -0.516365005661158
-0.0291117600301205 -0.0353397770252426 0.199646650669035 -0.601738195536267
-0.0355900355560341 0.0457707518390787 0.118818601223931 -0.69672388084784
0.0263628395041491 0.0376275496921571 0.0433451829903362 -0.609195930238667
0.0409647333520206 -0.00747637684893148 0.0115797577082406 -0.424159036489088
0.0030815002503558 -0.0459584074896055 0.0148292575985184 -0.232004935940115
-0.00699355985539605 -0.0579858392026297 -0.0147651285273643 -0.0200047249616534
0.0217842309530419 -0.0467015515665104 -0.073094849387703 0.164362471435809
0.0449384794297489 -0.00411469472626303 -0.108952695402051 0.385992080802403
0.0315417930626039 0.0427623538056246 -0.174754057487929 0.608384466840199
-0.0334360799728724 0.0489225953135022 -0.251481957536091 0.725555695020219
-0.0374971643520848 -0.022871023137356 -0.27692764065408 0.609088294379505
0.0439340876230257 0.0203696967118595 -0.173470257280203 0.520019893239859
-0.000996046938298533 0.10178353591279 -0.231625366733746 0.369703673173757
0.00832844858227444 0.0623367928209374 0.232494583168414 -0.33168397612838
0.0166105217538724 -0.000330536560672202 0.16047091264983 -0.510687909011693
-0.0323504559612963 -0.0272117628581747 0.149389267231402 -0.635324952742487
-0.0247706869331476 0.046348779612857 0.0432464652351204 -0.686478790979881
0.0274960592224645 0.0309702337291249 0.0109309662315483 -0.592012485952055
0.0351992739266721 -0.00694753152644964 -0.000835147957968096 -0.431292558590953
0.000524089223370626 -0.0410669152058245 0.0101716425924974 -0.24854782880414
-0.00683021896321231 -0.0509666440439373 -0.0161020853558999 -0.0357321937663551
0.0225457457678794 -0.0402327855275087 -0.0779075213909034 0.144934381764093
0.0442259917161598 0.00222446200270684 -0.122239074501283 0.373044420410249
0.0226643886864881 0.044593558277601 -0.211887238405217 0.610111356259482
-0.0362930480176621 0.036512752852559 -0.325692988965696 0.717582606108768
-0.0258399629162498 -0.0248187550763157 -0.322590977360704 0.574335666495575
0.0389546320344572 0.027797679939016 -0.184481892453472 0.519428169590472
-0.0120984225485096 0.0876627366542009 -0.255244050275149 0.352026668995296
0.0152271150396703 -0.0809160982720793 0.335620347965761 -0.207010095624259
-0.0481387459443252 -0.0237467363089404 0.237695250778139 -0.527253749094181
0.00207855668269158 0.0132356286391981 0.343603479528602 -0.47624867197598
0.0253986329593207 -0.0114882957318595 0.381076946915414 -0.663959573818856
-0.0183073176834783 -0.0124790436422702 0.198949927239964 -0.635984229544884
-0.012302453613552 0.0186748564074922 0.0683312529645459 -0.413460132474091
-0.00438958156058496 0.0223469722542124 0.0339311907414989 -0.192128165547104
0.000450192443212519 0.0247563907072234 -0.0148059264866535 0.0203477950396081
0.0181561357516262 0.0277023299962614 -0.057558670300648 0.216063948242271
-0.00701072849501986 0.0361611699364311 -0.0454947592716475 0.421177531419387
-0.0226667298007968 0.00119303456285256 -0.0327228398944375 0.581818536321154
0.015215955935322 -0.0314295896815924 -0.0024605847350674 0.710597628058136
0.0251465361633991 0.0214789962498646 -0.076947668640257 0.682008876628621
-0.0272446989923062 0.0121434192303991 -0.101600719911535 0.531209061795449
-0.0258443404146136 -0.0536318772802794 -0.145230000643702 0.409189426271557
0.0089664804495653 -0.0424705716602831 0.347054217308902 -0.188687344978751
-0.0354498013392154 -0.0133362960199591 0.246319880285131 -0.543058822267984
-0.00309857823079684 0.000691432539080726 0.341417812762768 -0.457984540121186
0.00992360572416424 -0.00168348245969927 0.407351936283333 -0.651574764563129
-0.0106860324260798 -0.00180353604320855 0.214929075825482 -0.641906327295517
0.000251329879925937 0.0132583401637684 0.0672042827977897 -0.412856884601626
-0.000282262720540824 0.00779591065996005 0.0309797261055588 -0.184561261048612
-0.0004586914131209 0.00669569614690968 -0.0134096176516409 0.0291494611374853
0.0195134548731764 0.0104935244603858 -0.0538324648627487 0.223067668533361
0.00491151830105073 0.0270024723937496 -0.0415802776670145 0.426426903294575
-0.00904801713256087 0.00821379168122945 -0.0270485628001048 0.583717744164356
0.00783366847166755 -0.0127503275817037 0.00947626040340568 0.703643003186422
0.0114454920278983 0.0145277977337832 -0.0568931962564053 0.6861922637179
-0.0117929745775079 0.0115901656636474 -0.0994430578450705 0.537623031825657
-0.013551957690894 -0.0176397858459983 -0.141989117119843 0.41262381759431
-0.00256711996742912 0.000542904197023651 0.349693318557506 -0.191195133443081
-0.0199502939845367 0.00232873804267105 0.242733642902023 -0.551988003371346
-0.00493964229610636 -0.012071003601972 0.328943641781761 -0.459908617201261
-0.00808846730482436 0.00685187109677118 0.399177145047498 -0.653334076529572
-0.00444369819951878 0.0119187477056834 0.206414036440483 -0.647809020718841
0.014040346830046 0.00750438165804199 0.0580083263539906 -0.413103769238349
0.00321233557429185 -0.00950708696878797 0.0291094129880382 -0.182556380888401
-0.00154345179916642 -0.0136794144959863 -0.0126811664937235 0.0292598554624009
0.0198454704942128 -0.00884693457208799 -0.055208811163637 0.223104352845339
0.0164740825067704 0.0138560305164522 -0.043977053737434 0.43004501858278
0.00633882482514532 0.0141116829377721 -0.0372001161483706 0.588098060445686
0.0033123114375494 0.00909690908329326 -0.0029219394103561 0.703189625938969
-0.00506697020613524 0.00934176240319936 -0.0630194645910714 0.684535286735005
0.0035676820437011 0.00873057415510312 -0.104609453368356 0.540321651689671
-0.00134249689483732 0.0197937609546359 -0.147830639733843 0.415004091255798
-0.0123243022784642 0.0390007815713996 0.342897217026747 -0.210439097733142
-0.00252808751166634 0.017765915322369 0.225196603552268 -0.553124588298185
-0.00627691502281632 -0.0234217958166465 0.310888490223359 -0.481124916375446
-0.0252292849416905 0.0151893125912791 0.357802493286175 -0.666242327626299
0.00257369916573589 0.0252948992588039 0.17910565431239 -0.645442061461271
0.0275532003933119 0.00329239962724509 0.0504244478185796 -0.413541717492656
0.00666893558868039 -0.02548998569747 0.0258254791107037 -0.18853233453123
-0.00205923483341946 -0.0319889896982807 -0.0128128007604748 0.0240241691953195
0.0196639738788666 -0.0268420994516484 -0.0567470569459732 0.21570006619769
0.0271771034927809 0.00391765953402192 -0.0532649285919429 0.425023758083727
0.0205399414828341 0.0201350408908918 -0.0584215135501434 0.59373535227674
-0.00354934426827908 0.030458898563689 -0.0401712623940833 0.707677255566249
-0.0238055305713726 0.00353826773507653 -0.0956884039106678 0.678721770116526
0.0175276706533922 0.00669754932363355 -0.115648080067371 0.539646371118965
0.0107278344663912 0.0520390246212349 -0.160928732342806 0.410089560747377
-0.0135801877625574 0.0695006708769296 0.325057241377034 -0.244213885936662
0.0132147334408351 0.0239811850081987 0.200631366864341 -0.543040692904132
-0.0107329322327579 -0.0351280883975661 0.283403547411776 -0.515921233483574
-0.0359780706040811 0.0256781958444743 0.289520855229882 -0.683332474161391
0.0113471916989407 0.0344875121835737 0.135401449290757 -0.64083549491436
0.0376681184305578 -0.00183506819476648 0.0383911343185421 -0.417422711593635
0.00763283450494284 -0.0363919932132574 0.0229745200507237 -0.199958561293378
-0.00503906369876055 -0.0480463065356437 -0.0135210099305593 0.0130463454864711
0.0190556300904137 -0.0403717913569795 -0.0614902669556108 0.202819400650617
0.0364268001767002 -0.00409370557116053 -0.070840867986652 0.415997518294957
0.0303047142942534 0.0282145699761852 -0.0918039257160321 0.601516511545046
-0.0131190882685073 0.0454715277584348 -0.0997269205470521 0.720491561961026
-0.0372729877558515 -0.003944159688704 -0.15208566032181 0.666952803925113
0.0305620555426669 0.00772172340500939 -0.133420912910259 0.533725389730706
0.0136880814017528 0.0792981683004913 -0.181252820819135 0.402753229810861
-0.00666177427532131 0.084645613567231 0.296270286157296 -0.281837127364822
0.0223602484200417 0.0197194014868478 0.177375388932573 -0.533282865810466
-0.0203112495417586 -0.0390812565544634 0.244035222137852 -0.558499730676319
-0.0402366172985697 0.0374259072233904 0.204907655450416 -0.699500002422628
0.0197548185275025 0.0407900202473673 0.0862791579347273 -0.627848293819051
0.0427550156754415 -0.00562626962641523 0.0232823422680449 -0.420595942023801
0.00659530568752692 -0.0456191269727967 0.0182745450367302 -0.216913483366768
-0.00556389550826205 -0.05742693378192 -0.0130909050703252 -0.00167688469597637
0.0210377515947715 -0.0480908286516055 -0.0682814714911075 0.186052901465281
0.0435472846548925 -0.00724016427436894 -0.0906226804039492 0.402445555294212
0.0345475915566767 0.0362186781708402 -0.13132912999469 0.607096816128578
-0.0242165810403517 0.0515801939567655 -0.170382027939453 0.727454129699965
-0.0425421201817814 -0.014594721746451 -0.215314471296058 0.64386299055973
0.0406392359218753 0.011652155790187 -0.151861819917897 0.526798516233135
0.00928713069042467 0.0988832163757229 -0.20551076507963 0.389210274732367
0.0011229755812772 0.0802751161600662 0.262706176899163 -0.313246092103024
0.0236836704913418 0.00879137343600606 0.163748279043322 -0.521402746185064
-0.029288037862894 -0.0352112545696419 0.199070356735404 -0.602264695168478
-0.0357010695794547 0.0461378756469012 0.11669116884915 -0.697428520180518
0.0276993837376915 0.0378253897045618 0.04071043522053 -0.610186439740912
0.041991845382041 -0.00860143031071003 0.0129157560271024 -0.42529001119278
0.00405846964476864 -0.0472876194276139 0.0139137051587587 -0.232795624985355
-0.00720408048056663 -0.0575405346254425 -0.0152225760904809 -0.0188216135034225
0.0208374640180912 -0.0479500331479508 -0.0745023995408034 0.164475719339949
0.0467158330278034 -0.00389647164151806 -0.107559627262677 0.387073804126895
0.0310246390037773 0.0416451445685365 -0.172801585896155 0.609674628529555
-0.03262820241687 0.0494704228459508 -0.250838425237142 0.727027355637117
-0.038069883732924 -0.0226166869685184 -0.275338528677472 0.610891191347856
0.0443209645931064 0.0202159606223637 -0.168868450305179 0.523136747229984
-0.000663607395395685 0.102306628404394 -0.230840638697201 0.373257370452261
0.0083706083950233 0.0624459478200943 0.232465687053899 -0.335408367152821
0.0157473264053925 -0.0017173552432582 0.156392095962139 -0.511687501027924
-0.0330338099469532 -0.0274506728884969 0.148092114057936 -0.63496078493992
-0.0246852991425484 0.0462225719924693 0.0407810537299279 -0.68842619473
0.0280655669731479 0.0304313652534113 0.0096439867848228 -0.593972435494994
0.0355684955889299 -0.00888379627096252 -0.00105017338798196 -0.433475668886438
-0.000832061989992223 -0.0423401756811485 0.00995172517345613 -0.249010741252461
-0.00749845562228416 -0.0520697503430321 -0.0161069095029555 -0.0359448991408394
0.0211191248299925 -0.040618161183302 -0.0776469530831198 0.146253487581124
0.0434584199744107 0.00102897979181329 -0.1209405337981 0.37306818255291
0.0233745198637823 0.0434597785732265 -0.209921724874806 0.612034343472899
-0.0364003317870205 0.0384905115729296 -0.3244594244813 0.720900692177309
-0.025000465228004 -0.0247207065966239 -0.323522093903034 0.573757612652206
0.039883584615993 0.0265309646085267 -0.181714612951759 0.522734319902321
-0.0117049983020037 0.0878075982262287 -0.254759783588036 0.355226984701959
0.0149930376575341 -0.0813128748617279 0.3375485741307 -0.209715089448297
-0.0483685142573468 -0.0237856331502062 0.232242600278006 -0.529261391050775
0.00204291664988623 0.0116461158810212 0.343955500673515 -0.478829703739703
0.0251794051553231 -0.0121826751849731 0.378048256307336 -0.666467656476935
-0.0183351509660635 -0.0127021096611714 0.196738105522132 -0.638163588247702
-0.0109971870424007 0.0192865406604127 0.0664312701738625 -0.414523854665093
-0.00436744718399562 0.0219923000901451 0.0339524306909206 -0.193551341854365
0.00143587504597113 0.0252962564551111 -0.0143495722806599 0.0207578382151206
0.0194392373675246 0.0281857890847695 -0.05645393424383 0.217199204816542
-0.00584786117018797 0.036476748828372 -0.0435017700178297 0.423754412698132
-0.0222895850297821 0.00282716804090873 -0.0322321652173519 0.583746487621659
0.0134297455493433 -0.0314078845911653 -0.000408489889408913 0.714357149338761
0.0257818872539204 0.0213374944416235 -0.0723634693757998 0.683844221213277
-0.0278416214057074 0.0122652995473875 -0.0990188961710152 0.533825781083442
-0.0254942289700191 -0.0532378784783515 -0.143267765545837 0.41235822864957
0.00761846194659201 -0.0435576536658957 0.348831735177881 -0.191967317070518
-0.0342272267418631 -0.0133187526257311 0.240795494207349 -0.546210643808563
-0.00376056194137904 0.00101681448101206 0.341182372182509 -0.460185968638932
0.0102612314513575 -0.00160985914923099 0.407287255479438 -0.655644665664673
-0.0102484319223741 -0.00221517219309012 0.212704237352454 -0.64562934095917
0.000843506860080754 0.0125094391955767 0.0663308344861713 -0.412797190337072
-0.000258529367179407 0.00730497654883176 0.0324636682349372 -0.185063790143568
-0.000944999257516635 0.00595496168232018 -0.0128320289638808 0.0289594642293604
0.0205996722126148 0.00936605141493553 -0.0538735175055831 0.224341837388068
0.00527825310289322 0.025779950750961 -0.040114753084432 0.429482222239721
-0.00984111072791228 0.00846770316874276 -0.0256638899435867 0.585054385908648
0.00765662254710667 -0.013491912027406 0.0102399826007506 0.705963038865298
0.0125444979714955 0.0144008058904271 -0.0532095297296984 0.687436767549525
-0.0121682440782249 0.0112164333857228 -0.0985419002893315 0.538553759878658
-0.0134701782285611 -0.0167908408585002 -0.139631379182983 0.415565529810325
-0.00258256270227744 0.000781956154735055 0.352291779603277 -0.194769171082909
-0.0191426317132914 0.00306843835958915 0.238120379540897 -0.555278481494841
-0.00441256219442259 -0.0124178297394175 0.328179765140824 -0.459095089887977
-0.00611178956077189 0.00545333398753062 0.398426844946118 -0.65624384966602
-0.00400478644878408 0.0111759132063079 0.204890899548407 -0.651415248811666
0.0150665627766833 0.00783851734702136 0.0582787472104746 -0.413334859666723
0.00206295268512009 -0.00872983958776421 0.028638985369372 -0.183171007661725
-0.00245426491199442 -0.0126439499633557 -0.0124498734571208 0.0296384157057581
0.0193795829054734 -0.0100281560710225 -0.0537784709393495 0.224650131198474
0.0165245001090311 0.0140150887867485 -0.0428674265854669 0.431318827981573
0.00542876022718155 0.0150274895357826 -0.0345207916836042 0.589177419486903
0.0027859394071675 0.00938970559438421 -0.00182020055751374 0.702686822736487
-0.00578166246529218 0.010124969826846 -0.0609763005706956 0.686683677228333
0.00331051492478781 0.01006642810365 -0.102201302296974 0.542034906312466
-4.13829434929031E-05 0.0190553205905015 -0.146124834014807 0.416971914613268
-0.0118014935391723 0.0393789590020375 0.345735266643037 -0.214647170982342
-0.00362951524706222 0.0174967341206926 0.22158270873843 -0.55591770455071
-0.00777069702239767 -0.0247972880626359 0.30999078134025 -0.480880559786317
-0.024820736815213 0.0149780260168168 0.357704039017233 -0.671141126585584
0.00215567803317606 0.0250898785048262 0.175683591608554 -0.649933547105379
0.0280505205638593 0.00312154011885437 0.0499746166800782 -0.414531969625524
0.00706950844211103 -0.0243714082194235 0.0254376639341585 -0.188570674995083
-0.00354515027561649 -0.0324092682729425 -0.0125043171474001 0.0243541689459935
0.0188274007023863 -0.0273332243445925 -0.056011742299302 0.218258541385541
0.0278440351315366 0.00289693417757718 -0.0529474712513726 0.425955989559128
0.0210479987631613 0.0204591553868088 -0.0548430942146788 0.596270342541498
-0.00421068329649496 0.0298571986946363 -0.0387757575435562 0.712325119917807
-0.0234738895704696 0.00375595813114488 -0.0943142930327885 0.680788951361852
0.0167231146531411 0.00633427108826991 -0.114593381438472 0.543304716993937
0.00917421424676776 0.0523223335319273 -0.159792649071819 0.414619447036023
-0.0142348301411941 0.0691746899511277 0.325359057222342 -0.248141472170551
0.0131922178511533 0.0245476859773101 0.19910813006459 -0.547236579429946
-0.011302339502726 -0.0335317549843544 0.282195133358576 -0.516240010421443
-0.0370519626809465 0.026537751322581 0.290051776162581 -0.686901540361997
0.0110612341345536 0.0359813499195548 0.132558535238791 -0.64326955193136
0.0374083980681491 -0.00218831935440763 0.0358726444157623 -0.418001326538365
0.0071924488929285 -0.0369650229081198 0.0226672637307053 -0.199946946751028
-0.00506516734674846 -0.0480642566374164 -0.012753850622454 0.0126514344871366
0.0190113093594161 -0.0421398069001041 -0.062418452120668 0.204002328662133
0.0369187254172385 -0.00438036469375534 -0.0700863129610418 0.415980102750466
0.0310503474172742 0.0276491108424922 -0.0902643920734315 0.604420613151688
-0.012467000602087 0.0466930693146047 -0.097657479302616 0.721449280976241
-0.0373253973960933 -0.00424709974275018 -0.149348847464248 0.668509918357564
0.0303520219669275 0.00639894623100146 -0.130813696756061 0.538568944076828
0.0137216476191017 0.0802503827944706 -0.180965421628166 0.403731408707459
-0.00705578394749216 0.0843911002370874 0.297086702345711 -0.286045395337395
0.0222896214054461 0.0205682891522365 0.174233312669601 -0.534485502958058
-0.0216776511199034 -0.0388276655443782 0.244394972609576 -0.560625478434553
-0.0409188895151799 0.0387177009775402 0.203071896647711 -0.701631975346321
0.0206479993931271 0.0396040478659983 0.0840674552998419 -0.629156020208864
0.0433307623608982 -0.00695181255897913 0.022789211663324 -0.421218574340813
0.00704471361944534 -0.0453033559107476 0.0184251570147393 -0.216969860415279
-0.00785667122998833 -0.0565309653018564 -0.013571154909243 -0.00192680692075224
0.0195512302708057 -0.0500344879395356 -0.0681663676635956 0.187114711229232
0.0449417907616649 -0.00846318112269051 -0.0888411227722728 0.404520856739072
0.0352407556851574 0.0357849150698069 -0.130052487350783 0.610067145929506
-0.0245447587194687 0.0544500340834928 -0.168509228202915 0.730357207584386
-0.0427606995537431 -0.0139113829657546 -0.212450209698273 0.64740933623329
0.0404304898643143 0.0119642152026489 -0.151778483080577 0.530691700821633
0.011358699923666 0.0981392548108101 -0.20559897378714 0.394168945218037
0.00300016491481299 0.0804054788571718 0.263435649101818 -0.317172890932077
0.0234851688662531 0.00853823668495603 0.159748503920591 -0.522090403319219
-0.0296227784636912 -0.0359766531307584 0.197731797333162 -0.603549686445468
-0.0352732011576404 0.046697501476789 0.111619124827937 -0.698556809080904
0.0274888274029694 0.0376251428287729 0.0412392569275786 -0.612303962845812
0.0424702713637378 -0.00964332177706157 0.00950631217220272 -0.427683841218816
0.0028456727501231 -0.0471120687827405 0.0133850080127063 -0.233282068582685
-0.00807385402151732 -0.0583121510358975 -0.0155102049311483 -0.0196834126539638
0.0198114628092195 -0.0493528485526538 -0.0741426554239416 0.165702594353523
0.0465904272794681 -0.00649924997376997 -0.106649607723036 0.388392292329491
0.0326649413258209 0.0421967946959503 -0.170374250968778 0.613629912670327
-0.0337239705716329 0.050330520229036 -0.247721453563185 0.731409625125391
-0.0378832587281537 -0.0231348251781109 -0.275247248062041 0.613937282084868
0.0438039960048985 0.0189472330252018 -0.167977175459785 0.525829054544894
0.000835300161050533 0.102937427123864 -0.230691634147408 0.377246820429709
0.00808294119701664 0.0625138774786972 0.233838718198479 -0.338566254310463
0.0143769044697606 -0.00114874410955382 0.155107747574831 -0.516491771958681
-0.0335613766979376 -0.0276925592573375 0.146472167640633 -0.637735054349912
-0.0254021850852024 0.0464346814489073 0.0399783554554567 -0.687203932892429
0.0277987762925305 0.0300127961655369 0.00824444482282708 -0.595256523233516
0.0357837945187427 -0.00866768502468392 -0.0012942384686605 -0.434424334190755
-0.00122836470641841 -0.0432504215586167 0.00909188588664073 -0.249558394431924
-0.0090007575239784 -0.0509733757030096 -0.0179108318540716 -0.0338234694154895
0.021169609833723 -0.0421243895125044 -0.0781734884741927 0.147453164611012
0.0434872386388227 0.000328994164288885 -0.12027563310272 0.374937393360428
0.024676261396871 0.044323249246041 -0.208560669629129 0.613978528385899
-0.0368404819178971 0.0379371805420072 -0.320530542372613 0.724160028441091
-0.0263977372916651 -0.0243095326665013 -0.323397885633818 0.578166593993337
0.0401418952565234 0.0266092503375071 -0.17870470099952 0.526218588405976
-0.0103353837602506 0.0893922221973558 -0.255487269899965 0.358927007248574
0.0132157404207257 -0.0812705688707334 0.338403401231322 -0.214564889835991
-0.0497289064742172 -0.0228693885910052 0.229067227774583 -0.533420958720375
0.00201845374824015 0.012442043776176 0.343288965101713 -0.481811939171213
0.0251392532304445 -0.0128713662848831 0.377890504345286 -0.670644939312775
-0.0183773140955509 -0.012111610092612 0.196699034231251 -0.641429528729548
-0.0111285666794714 0.0182671275788183 0.0657509378908283 -0.415110863929432
-0.00388082894861444 0.0225854675438659 0.0334500798987523 -0.195091620200728
0.000491955001650774 0.0257993407858339 -0.0144988423520798 0.0216013567876662
0.0191061995202298 0.0275114265405281 -0.055320504616731 0.218415399472888
-0.00566767006079442 0.0369024957402361 -0.0427825324172552 0.423959392387155
-0.022981407724382 0.00260565807446372 -0.0292157358358385 0.587127338690272
0.0141418652056833 -0.0327754435272899 0.000374773070139404 0.717196810819701
0.0258876401361118 0.0214930693440888 -0.0716925823392125 0.687765304284112
-0.0277761211092379 0.0124833310975367 -0.0981159232398872 0.53574617242042
-0.0262364468479894 -0.05333906504907 -0.141089483353747 0.41748275981585
0.00818949622645904 -0.0433751182405189 0.350620469764984 -0.196106939002113
-0.0345134709874699 -0.0118743347934746 0.236244536955873 -0.550021564522883
-0.00303062256081754 0.000557634937327217 0.340351666882437 -0.462043061650533
0.01093067338428 -0.00180461804587645 0.404666610094958 -0.660667305308232
-0.0110504275975302 -0.00139039226044414 0.209606604019946 -0.649071684992783
0.000610558050494786 0.0121202846486826 0.063174496344067 -0.413229104534553
-0.00113350023437763 0.00728996051314303 0.0307212458076723 -0.185796182978567
-0.000502477262610996 0.00793288820874608 -0.0129940765182619 0.02910354764233
0.0201836682757012 0.00976664793612605 -0.0525245169789528 0.224982920475217
0.00636333526188776 0.0261290948225939 -0.0383363871827405 0.430769172071036
-0.00961770217293835 0.0087852768923228 -0.0245126993391655 0.587784878888092
0.00814872124279749 -0.0118794890128193 0.0135011595270306 0.704847056311845
0.0131042865407231 0.0151687763551533 -0.0523455531737006 0.689433544330413
-0.0119550490386621 0.011752691160759 -0.0946603521195349 0.542872611868995
-0.0132240945840491 -0.0170563279829478 -0.138221023694004 0.419961510726304
-0.00318159105512693 -0.000628523527346207 0.354535170805438 -0.198500881501968
-0.0194662625200871 0.00412612112551473 0.233908423439626 -0.559096810905628
-0.00544154021901185 -0.0119272743793955 0.328562286839562 -0.462138168795928
-0.00783831552355108 0.00663304482432619 0.39836150229889 -0.66016452539263
-0.00409100364312408 0.012378575414599 0.203766984694631 -0.654842604639512
0.0150946369776766 0.00730168682516889 0.0568938497472175 -0.415423221468239
0.00390818173840984 -0.00839916510852655 0.0284965028979741 -0.185244337845032
-0.00218758568129359 -0.0124047555309708 -0.0112142817992791 0.029817862427006
0.0185977040388979 -0.0099819320043027 -0.0527865928935176 0.225217821230019
0.0179972178692213 0.0147724432239995 -0.0413947833974387 0.432347475596787
0.00686422742739343 0.0137785200464333 -0.0314765393327291 0.593761373159709
0.0028477308469918 0.00921598609908776 0.00121014043751222 0.706884922320326
-0.00526770554394558 0.00938191890178734 -0.0573294165137482 0.690179522817079
0.00416411894384257 0.00924736399339775 -0.100211162865745 0.5444133745613
8.14178089667897E-05 0.0199860524030941 -0.144791233409389 0.420906191958325
-0.013121267648988 0.0404556053826564 0.346763609899398 -0.21895270638816
-0.00290905726983389 0.0186882532364437 0.219408118488143 -0.560748825646685
-0.00692786493317624 -0.0237798915051334 0.310088233430908 -0.483928841176865
-0.0253174916351632 0.0157462480245894 0.357298530145391 -0.673589405755584
0.00335965669787449 0.0253528303156198 0.17491849196609 -0.654374364536407
0.0279239937216904 0.00171683412404792 0.0471840590036262 -0.41594844717993
0.00625215439238306 -0.0245273608659969 0.0251229430261155 -0.190305978939213
-0.0045675425121611 -0.0327986717133223 -0.0117043066373914 0.0243648816147282
0.0183055948297983 -0.0289622170804646 -0.0565608127048535 0.217301203731758
0.028138102533231 0.00192755578173057 -0.0527250261815269 0.42719139865237
0.0213368754117707 0.0199383664068273 -0.0543110395532969 0.600723701040481
-0.0036640307105751 0.0291008936733654 -0.0354490649236702 0.71269133249909
-0.0233084759317763 0.00497063412339515 -0.0923599293110877 0.684744291172324
0.0174609579384652 0.00612962675254036 -0.112347614908679 0.545066986218546
0.0113638756523797 0.0528600134251841 -0.157896032994821 0.417397713982393
-0.0136945235856566 0.0707764084973539 0.327820349889552 -0.252781351255617
0.0127028817133371 0.0254431981034124 0.193237973140317 -0.551948659689155
-0.0132026646228474 -0.0352992795824965 0.282116408969765 -0.518061238681549
-0.0359930838396942 0.0272465698647565 0.288677808636866 -0.691755642011512
0.012013361875089 0.0358312120219464 0.131273972250564 -0.647958017825237
0.0381866320429525 -0.00357244230879396 0.0353090799092125 -0.418461589694955
0.0080435398575304 -0.0373525594556336 0.0215931416572058 -0.201247704153329
-0.00648096807364559 -0.0477773058090599 -0.0124619051313532 0.011845091874528
0.0177643110611555 -0.0416170974719085 -0.0620383017412165 0.20604383554103
0.0380897298958821 -0.00622273149213761 -0.0697887797837792 0.41789240559352
0.0320224213681401 0.027733040818284 -0.0893840878216789 0.605444079609943
-0.0123775337890845 0.0463843686041253 -0.0962682700937607 0.725267156775817
-0.0380499807295283 -0.00374905346587752 -0.147677005288121 0.671494916867826
0.0307727933645201 0.00579934142569651 -0.128732998461642 0.54193899474911
0.0150352645209114 0.0809319563637275 -0.179609146030974 0.410194968312222
-0.00702180393771883 0.0846404599738582 0.297738621181364 -0.290446523309419
0.0226296552654976 0.0209997066042652 0.170003237607087 -0.538287056350482
-0.0220870946966976 -0.039074553885862 0.242762676998442 -0.563118252954906
-0.0395785285181792 0.039003190515539 0.200916025966409 -0.703519787391747
0.0208572644466731 0.0402494691830621 0.0831598680229945 -0.633365491196371
0.0434928294053717 -0.00831951834788451 0.0213107009446839 -0.423018789469098
0.00605491983402699 -0.0461699418171748 0.0179180095898679 -0.216755255726273
-0.00938444856113114 -0.056746409796547 -0.0139366372179112 -0.00302136518993727
0.0180084015157451 -0.049448218103482 -0.0669497926636082 0.187744795287083
0.0450001833697398 -0.00939399061849545 -0.0876328330079261 0.405401873862148
0.0364087987129184 0.035376182967254 -0.129277358896687 0.613913568631237
-0.023507594193185 0.0531588796291692 -0.165573087170212 0.732706196361664
-0.0432583293430167 -0.0142925542671219 -0.211136849982704 0.651284487571299
0.0408129942440084 0.0108241571354112 -0.148648685755411 0.533158083546448
0.0117539782814321 0.100469837106374 -0.204050244855327 0.397047531117265
0.00261809286228338 0.0819555156987126 0.263829560989548 -0.321473720413518
0.0237463476073372 0.00999113452658634 0.157024065756732 -0.525282923415846
-0.0311660268925143 -0.0370016276660544 0.193699837125455 -0.606421889400063
-0.035558736121045 0.0473387595064179 0.112178135014328 -0.702617037232852
0.0282044818308738 0.0376314333424986 0.038305823666404 -0.614946829499015
0.0419372505744903 -0.0102714005217023 0.00866237819701002 -0.428887710386726
0.00261363801331606 -0.0479219188475469 0.0131814065106165 -0.234356820170937
-0.00925120769477077 -0.0576532715686622 -0.0154244140281195 -0.0192011590871582
0.0211530474311676 -0.0493384326372164 -0.0750315693965814 0.166852915595889
0.0472574030715895 -0.00750889665450707 -0.106098032112492 0.389959288386243
0.0330892736325227 0.041800541111176 -0.169912209090987 0.616509232825421
-0.0339697128903331 0.0504085776460336 -0.245885193583472 0.734316650699817
-0.0389990771075931 -0.0233718426303063 -0.273901129957096 0.617424883266792
0.045705430020043 0.018274843838206 -0.166072760967801 0.529501100291532
0.00115105723988001 0.104494423796334 -0.230644073433234 0.381488904120412
0.00850154809078233 0.0625514206415791 0.232369360309973 -0.343318801338539
0.0155806831736545 -0.000170505989029479 0.149593800855807 -0.519561675866699
-0.0340256102283836 -0.0274022772509723 0.142542051121241 -0.641618701967401
-0.024831635523166 0.0473305160157587 0.0376637058106866 -0.689872186527144
0.0275245133789079 0.0312424717425374 0.00742286651035399 -0.598130686072014
0.0358786939464942 -0.00883363468819746 -0.00313037635525937 -0.436552017696521
-0.00113440144087097 -0.0421494441073747 0.00786886699033142 -0.251465355111008
-0.00883419685342422 -0.0518135677589976 -0.0164632236321821 -0.0363957649643997
0.0201804167510164 -0.0410113736905717 -0.0771916852079645 0.147681615405596
0.0450210995368086 -0.000575659332739521 -0.119204304997203 0.375746198202133
0.0243379433221832 0.0440410134852774 -0.207649160891508 0.619290371833106
-0.0371142050929335 0.0384143325482108 -0.318919782908284 0.727939198226761
-0.0270979153605312 -0.0247477652201669 -0.321594382551181 0.581528646048969
0.0407102917816158 0.0255448842721977 -0.178118314274925 0.528843243190845
-0.00935015878306103 0.0900527254448539 -0.254334850333004 0.361735862780973
0.0120428933269561 -0.0826521900312285 0.340447030327943 -0.21936753439289
-0.0493839708034699 -0.0222165936449594 0.225784497608319 -0.536656180727948
0.00241869272157863 0.0124804780947664 0.340709758359899 -0.483027701701263
0.0256513864015447 -0.0129177148270921 0.378910410727858 -0.675852023154557
-0.0188199106197262 -0.0121697038513901 0.193626858745742 -0.644110334593017
-0.011265267735246 0.0186464691325273 0.0645906139371225 -0.418239993868653
-0.00392627469712595 0.0217480086597585 0.0330258552946188 -0.194931258005715
0.00110107976133273 0.0264355301668609 -0.0135841856846029 0.0219216364549142
0.0195551217769631 0.0269850219324443 -0.055258630225021 0.2183928629184
-0.00392006698534995 0.037522923986365 -0.0392178761957604 0.428932065578487
-0.0227695841157973 0.00308806452637056 -0.0253204800409159 0.590743898195055
0.0130922814771999 -0.0322274642420145 0.00493650715007003 0.720515422396677
0.0265836756526708 0.0207559835614318 -0.0680256388675415 0.6910063781849
-0.027567447875188 0.011836455164118 -0.0951003099142534 0.539556827391105
-0.0270443233906527 -0.0529159443487265 -0.140367735501248 0.419437792616451
0.00758411707602921 -0.0433675197125056 0.352554600542652 -0.201966730699571
-0.0357993933439616 -0.0113231465056796 0.233502005597056 -0.553808982762905
-0.00328560824608037 0.000445247758041993 0.338735691851588 -0.464793971514302
0.0101723767978691 -0.00205169933870596 0.405434883431864 -0.666891178245046
-0.0103540831625875 -0.000636725528650515 0.209613387502396 -0.654522965482651
0.000982511260071342 0.0119831978578113 0.063355992521072 -0.41529590387677
-0.000581674519447907 0.0071188408091378 0.0307112328261516 -0.188061077700544
-0.000765549821687394 0.00813854206190658 -0.0122286000184042 0.0289540578846897
0.0203552170505071 0.00947402062457182 -0.0524017355643085 0.226759008134859
0.00710267047296708 0.0268948101601797 -0.0356556549652372 0.430727801831799
-0.00944525227811241 0.0088698494286492 -0.0228055118366689 0.589649160056639
0.00709190355397795 -0.0136642291681129 0.0163952074119842 0.708964456174325
0.0132691788784663 0.0140599798659234 -0.0488028656697696 0.692604498935463
-0.0122922745147381 0.012495251051821 -0.0929161351111949 0.546039912115987
-0.0142581084898865 -0.016679101968748 -0.137677051104985 0.423742743059392
-0.00465332747307104 -0.000206690997583312 0.355570503712819 -0.204168714516227
-0.0202647981765403 0.00528115858003506 0.229162977945291 -0.563078377669178
-0.00475944957546126 -0.0124741798682209 0.327561225002816 -0.464908840124173
-0.00837084051084834 0.00658520473981691 0.398759150738473 -0.665208000806497
-0.00366999707932052 0.0118901633179942 0.20036882235457 -0.658432833469781
0.0142789044102895 0.00589179365216447 0.0551017400894127 -0.41720369334012
0.00360202847903067 -0.00943262525887351 0.0292958881831145 -0.185595313615741
-0.00241512106251105 -0.0126077390703464 -0.0117172677341618 0.030746044171338
0.0194215712506265 -0.0112341438143261 -0.052436514717433 0.227556734784758
0.0183010025780978 0.0134553587820722 -0.0391752667114257 0.435229831436688
0.0070809595766805 0.0148264109758149 -0.0302171200311534 0.596162493489654
0.00333394155031125 0.0101572785978817 0.00510847562962145 0.70843370953847
-0.00619308561874721 0.00936432554176663 -0.0554188716148199 0.691610458943177
0.00343882030808381 0.00908172114473828 -0.0963944492883536 0.549397121307282
0.000885474653375686 0.0191919938341063 -0.14287646379612 0.42567702644217
-0.0126144266785041 0.0402511578066539 0.348485835913845 -0.223534383636405
-0.00318129795715751 0.0199547335275172 0.213944615556114 -0.56306055389011
-0.006817977832925 -0.0253079599425383 0.308727160975401 -0.484917773003711
-0.0252756879412889 0.0155433287044833 0.356577641773299 -0.678287694388622
0.0034931920178045 0.0261659808445874 0.172494580740971 -0.658753572642354
0.0284834127050412 0.00068574555953042 0.0472175263186613 -0.418411139485717
0.00554836536884383 -0.0258046427153025 0.0258163997714061 -0.191745149231378
-0.00498699501738089 -0.0317593099573038 -0.0104376128101385 0.0252612140271374
0.0168370337845221 -0.0300889891887784 -0.0552034294668989 0.218606705483438
0.0285532548770686 0.00139315645360715 -0.0498867667499997 0.429818857017591
0.021326074151461 0.0212444717006358 -0.0514410015733325 0.604228554247485
-0.00345708618864404 0.0309045560137171 -0.0325721050509521 0.716882269049368
-0.0235998330416475 0.00386149803752905 -0.0888218612648529 0.687809293422366
0.0182385929181114 0.00579388361191395 -0.109862693557931 0.549186025779224
0.0114894411298074 0.0535903499871298 -0.157994107442372 0.421865178289091
-0.0144960364868426 0.070860540188963 0.328847677552988 -0.257299750639133
0.0129639557719935 0.0258246217272711 0.188994511890164 -0.55526494731664
-0.013760825451614 -0.0350174914745121 0.279600173056723 -0.520623190365914
-0.036951352588516 0.0263991362998116 0.287528845555211 -0.695040962659577
0.0126369337199638 0.0359381405735853 0.12768687518603 -0.650918715736297
0.0382254162948452 -0.0048972030792837 0.0342971980819243 -0.420402224119977
0.00674284972783386 -0.0380897220110725 0.0212221517983112 -0.201912942025981
-0.0077408846471062 -0.0474875436513172 -0.0117930487836373 0.0132154008295686
0.017529367956602 -0.0421507580458264 -0.0608120268113988 0.206419588357922
0.0378041848138374 -0.00696435284605519 -0.0669829730719969 0.419951329285722
0.0326101298007544 0.0283985813294595 -0.0834716656013971 0.610916281634355
-0.0123642205035917 0.0468113901039397 -0.0933850875984105 0.728852233320024
-0.0375476239230677 -0.00309126465730772 -0.144091734960482 0.675585084058881
0.0313747402068986 0.00565747072062936 -0.126085581479338 0.542819475950733
0.0168745762805338 0.0822799108999748 -0.17860717197684 0.414666834695723
-0.00702076701444914 0.0860272600513312 0.298888818413816 -0.295553092540198
0.0231454944165625 0.0213377581344875 0.164991896383515 -0.541841265255825
-0.0225559244405467 -0.0402485439623854 0.241421100271787 -0.563284041562323
-0.0398887458769126 0.0395535824115914 0.200453522386245 -0.708481041533279
0.0221484990770984 0.040325745261443 0.0802854001300837 -0.636327552519466
0.0436586148394827 -0.00916202086650388 0.0198342899858436 -0.424737836471048
0.00455889522469113 -0.0467164721957604 0.0171773411270624 -0.218920693508754
-0.00844537759714965 -0.0568632818936455 -0.0136150324018027 -0.00241969237471464
0.0170371978616229 -0.0509381142925091 -0.0672093699672491 0.189119893873499
0.0461315961344376 -0.0107398886828521 -0.0856049412615971 0.407383600746296
0.0363575583028832 0.0354869258231194 -0.124396555643101 0.617432152414284
-0.0239594334714 0.0542919870998144 -0.16502018498895 0.736249144167718
-0.0443119838407669 -0.0147777074669966 -0.209098391014323 0.656232379558783
0.0410421513147779 0.0099581718919774 -0.146655039404038 0.536807204922385
0.0131873567832432 0.0999186517218048 -0.202670387996311 0.401892645037838
0.00314486061426801 0.0811291318900515 0.263510188066145 -0.3260315010834
0.0232043468222434 0.00938990407390449 0.152062271267577 -0.528055929956477
-0.0316127701561914 -0.0372628745753596 0.192152888902003 -0.607276099722714
-0.0352561643019497 0.0486011783611363 0.110673069496871 -0.70587950841974
0.0288618915594747 0.0380070148664779 0.0370911298829516 -0.617161171521088
0.0434664836195495 -0.012717723410902 0.00756467872476925 -0.429426109687165
0.00215727540960001 -0.0487820084625668 0.0121246992535189 -0.236955900981774
-0.0099111686076931 -0.0589404050602929 -0.015461144740546 -0.0207757433300444
0.0185132142121701 -0.0510270513039687 -0.0730587533457186 0.168775570665554
0.0490616138701266 -0.00841605590681645 -0.10464945166542 0.39225427453509
0.0343109845217941 0.0422040431386228 -0.166853134627746 0.618938531580924
-0.0336297891574176 0.0515103825143718 -0.244794604023106 0.738978023851751
-0.0394151187278133 -0.0220223613390818 -0.271354519504572 0.623285109663089
0.0452057803547013 0.0171304763176085 -0.162139748953033 0.530865920535249
0.00294743986272844 0.105058936034241 -0.229383475025429 0.386179526689477
0.00880773080072419 0.0625589511267958 0.231698358295202 -0.346681584218652
0.0158726933679944 0.000174280521027061 0.146922085607262 -0.522451392899251
-0.0348849307825641 -0.0277702515049464 0.141992523671195 -0.644178575111875
-0.0234689516015396 0.0481258773075879 0.0364613406082554 -0.691824333654549
0.0286819849569555 0.030468976098916 0.0041636250190826 -0.600417595596588
0.0368144964711606 -0.0116984872485575 -0.00374902041665096 -0.43818765019832
-0.00222893121315827 -0.0427224817586101 0.00553345965895093 -0.25175017385101
-0.0104682089259338 -0.051997098639761 -0.0175302368148319 -0.0366500019173105
0.0186809093240855 -0.0435219782098815 -0.0764279347175898 0.148729651404836
0.0446944647168468 -0.00165748505339797 -0.118361542720621 0.378051922478552
0.0255951958714087 0.0442318644804901 -0.204879375487091 0.62451931829241
-0.0368798088555276 0.0400595916583114 -0.318516048780012 0.732425842909245
-0.0273956500528262 -0.0255276838663464 -0.320782337864583 0.584968706676322
0.0416805323920934 0.0260049733516173 -0.175036897217247 0.532308124054709
-0.00869063761946247 0.09177925320529 -0.253702679620253 0.36813714863926
0.0116128817464911 -0.0826254486121661 0.342300025424679 -0.225623898663704
-0.0512313975046466 -0.0217167378566994 0.219897017127195 -0.542657901808951
0.00182394507981551 0.0120457859883965 0.339759432323452 -0.486592430405031
0.0250023946489828 -0.0135518760891516 0.376432264640366 -0.680572233850485
-0.0194287008262159 -0.0117016751875006 0.190568680990178 -0.649675560410317
-0.010993103081439 0.0192744710891123 0.0624949975320862 -0.419835819415038
-0.00329284367075704 0.0222669000894185 0.0330602594516133 -0.197241932631931
0.00171518786999297 0.0275716857715323 -0.0132550522267583 0.0217765692622451
0.0196042779325459 0.0269697298164578 -0.0540866985460583 0.221338725475474
-0.00387438064090957 0.0383914061334013 -0.0380159300844747 0.428889694551017
-0.0225004578682713 0.00392879442384994 -0.0243884510286577 0.593029357828556
0.0122011134595931 -0.033268393971232 0.00927707529784838 0.722114726872626
0.0273056007531091 0.0208438983760559 -0.0631409747108749 0.694679939523986
-0.027409436341207 0.0135454600116782 -0.091262650001726 0.543856099901913
-0.0282016692782116 -0.0524821886090517 -0.138510530421268 0.424184493648884
0.00612609027220066 -0.0443924971649352 0.35451120512128 -0.207568000457064
-0.0366043001152679 -0.0112248803193072 0.227543698602648 -0.559254042645751
-0.00430951753880685 0.00135328315800832 0.339606339995121 -0.46689160006658
0.0101064964426417 -0.00320229457444276 0.404551643682155 -0.670897479345678
-0.0107895887216508 -0.00170965857639518 0.205936461696083 -0.656546017750104
0.00138462887690457 0.0119151280908603 0.0617757482369824 -0.416875263746033
0.00015394035967122 0.00672415497051346 0.0313637030083142 -0.188252955615335
-0.000589395212411444 0.00860321729835448 -0.0119898183539985 0.0289847746671189
0.0190228049728718 0.00908420443535636 -0.0504533850583565 0.227872198378853
0.00854001470730608 0.0271565559589335 -0.0331876951330098 0.434878200250067
-0.00916175092094206 0.00908785218602009 -0.0177327733078434 0.594611131776956
0.00646082170187387 -0.013462234827346 0.0218999669494893 0.712056061960292
0.0139690965714057 0.014801468547865 -0.0432189513527774 0.696307187840547
-0.0120096671278211 0.012444957014748 -0.0908397819079502 0.550732777567779
-0.0136625127579513 -0.0164447385116027 -0.133614275411541 0.427983814600176
-0.00487146212027093 -0.00039137178280808 0.356460829448944 -0.209139224561782
-0.0198996047179854 0.00534107316040456 0.224725666329022 -0.568697072639431
-0.0051575773314612 -0.0127317785264311 0.327647632168833 -0.468129011442601
-0.00929176602543045 0.00642235220305633 0.396722467451382 -0.671470056835118
-0.00384385033630314 0.0123287815620066 0.198331824538095 -0.662394666608187
0.0159251064390469 0.006019062212777 0.0537494121921668 -0.419142119768835
0.00224636441906014 -0.0103280653884776 0.0276520477408767 -0.186042045019292
-0.0035909291438608 -0.0122164655328644 -0.00963173081941972 0.0304378445854955
0.0187882366054137 -0.0112722679687835 -0.0503753199154858 0.22878607325724
0.0187861833148807 0.0131213823452647 -0.0352569518146671 0.437940036856751
0.00664505164640449 0.0140223484488457 -0.026703571333467 0.599983844959423
0.00259679920054544 0.00874229131857295 0.00802147774132534 0.712249159350256
-0.00545037716028749 0.00996123493678532 -0.0505214805614029 0.694435774412466
0.00460229112000138 0.00834566748138013 -0.0937606767259498 0.553792674320404
0.00112488062421471 0.0204889343163489 -0.141029015833544 0.430131060657294
-0.0134749455619693 0.0414406238472659 0.349550338370876 -0.22967048568875
-0.00252322988918078 0.0200244292659905 0.208399257258637 -0.566557638584263
-0.00786531888073111 -0.0253481802745038 0.308799640499869 -0.488695084825002
-0.0247529855220094 0.0164260338789238 0.356813964989338 -0.684222290045251
0.00395965964373809 0.0262768531745325 0.169689658010128 -0.661722001979093
0.0290804800873872 0.000902445140186305 0.0441049377428588 -0.419900220350836
0.00633725476706108 -0.0251334252179462 0.0260629597435858 -0.190805940117725
-0.00579362751908131 -0.0317642717263724 -0.0105253847515636 0.0243758797083642
0.0180573044743364 -0.030642812973648 -0.0533316362344198 0.221561051263164
0.0291970762607768 0.00119654748497715 -0.047685160291111 0.433156354257731
0.0220968642969388 0.0209487494842796 -0.0477194212962777 0.608157044973172
-0.00327799808114771 0.0312304939386381 -0.0269817380800693 0.71994831315485
-0.0242034663175385 0.00464409778878721 -0.0841857074379678 0.690558259447953
0.0186065009831644 0.00483563124818332 -0.105072909047063 0.551132842720232
0.0129222720040524 0.055516153149445 -0.154850441488095 0.427695855577847
-0.0133517391204577 0.0718481026034951 0.330438058123944 -0.263907445912163
0.0140715886578007 0.0260413996747204 0.184066929913116 -0.560300993802821
-0.0142480916666821 -0.0357568545452505 0.278328226184856 -0.523392656452256
-0.0374386832981942 0.0277602044174563 0.285959305821659 -0.699898502492057
0.012779876611747 0.0370918970464586 0.127337155269388 -0.655554264668314
0.0387206166435772 -0.00501063487247465 0.0318457291408618 -0.42197180929499
0.00691028617226361 -0.0397107134738125 0.0211037041093439 -0.202959809477308
-0.00895441241259813 -0.048005566174276 -0.0112882455423753 0.0122459760038359
0.0155277266894966 -0.0438371719008165 -0.0595315402124351 0.208643227893762
0.0387475207136129 -0.00751489992679661 -0.0666481354530818 0.423781067694958
0.0326620478539814 0.0284520938182229 -0.0813524011152215 0.614382853975365
-0.012398605375751 0.0477660862780872 -0.0887154872030439 0.732297184916649
-0.0379434047799292 -0.00438189244706348 -0.140223758229916 0.678917494965096
0.0310823299456563 0.0046308153281915 -0.121412678288288 0.546231993793818
0.0172362816754925 0.0818620331595708 -0.176396929764351 0.419065768521552
-0.00431164137812424 0.0862980890744365 0.298152692660235 -0.30080455480865
0.0236633620654943 0.0210623527916556 0.1596802255878 -0.545850500524186
-0.0234529107508733 -0.0411963032778301 0.2373368727367 -0.569746374712333
-0.0403210955528181 0.0412236541084127 0.197161049879858 -0.712188701760858
0.0226055679361096 0.0397335385067782 0.0769381435311173 -0.63940179687819
0.0439367751729474 -0.0101400588528652 0.018044667224994 -0.426050994744282
0.00385635731590645 -0.0471010782486473 0.0170320208665782 -0.219204129851792
-0.0102457098452054 -0.0569641815763813 -0.0122335852459311 -0.0028899897071037
0.0164951984694744 -0.0514837670143288 -0.066604199369435 0.190978160481251
0.0457040356749286 -0.0106604465455522 -0.0845508615473211 0.409673194425224
0.0371178733571072 0.0352467353550838 -0.12250565044384 0.622111402676114
-0.0233312840345187 0.0561772793741557 -0.161011460223176 0.740886755755581
-0.044123256515232 -0.0133528995490951 -0.205745947889023 0.660099812640357
0.0418565984869125 0.00908205280882984 -0.141749858889271 0.540726275525252
0.0144475895948682 0.101283703713292 -0.199750337130961 0.40682175195579
0.00349357035746932 0.0825468584888598 0.263084799467642 -0.332071712361705
0.0236836597640775 0.00945368077563386 0.147609572102959 -0.532564451074896
-0.0324638182809721 -0.0368111547481495 0.189220266382758 -0.612308563899834
-0.0350295216076926 0.048910059531283 0.108035331373409 -0.707880897697672
0.0291470592454281 0.0382237720550303 0.0329244512207662 -0.622034956763547
0.0441305779148028 -0.013070712835784 0.00598458300747009 -0.43299583951803
0.00132486538727215 -0.0492874457833311 0.0100929962937582 -0.237487532563864
-0.0114878172027165 -0.0579392707914621 -0.0156243085002704 -0.020329132928399
0.0173314568614004 -0.0509033978479375 -0.0738480677518365 0.168957201860639
0.0483935812720809 -0.00906501769851143 -0.103361344913448 0.393658415060092
0.0353527115479429 0.042610329736977 -0.163403475457106 0.624123956388994
-0.0338044830614964 0.0515025155162488 -0.241357035235665 0.742538496863697
-0.0400769233728799 -0.022428752449614 -0.269515004044378 0.627076862590019
0.0461246376959293 0.0171476128883086 -0.159237890547352 0.535711198285417
0.00498545628017634 0.104869492807279 -0.227885065932662 0.391713164332349
0.00977602701903966 0.0625149555504209 0.231214383960813 -0.352053666302976
0.0147919282436575 -0.00104733383070579 0.141612780069899 -0.524874271661083
-0.0358736383108876 -0.0280561706139209 0.137641224449036 -0.646780301344262
-0.0245465840425453 0.0481522154270605 0.032175400450687 -0.694678277856007
0.0289974815932824 0.0299653074425062 0.00198861816325257 -0.601633734514517
0.0372921934826076 -0.0126771583379268 -0.00581508290204222 -0.439632508775924
-0.00212470163139982 -0.0439084607604753 0.00456611198806329 -0.253668261936744
-0.0117939913095319 -0.0518402567620937 -0.0176426446757433 -0.0364540707449969
0.0186204655994544 -0.043595239946447 -0.0778173838608141 0.148632196673327
0.0459986204828317 -0.00219894174737038 -0.117006137397532 0.38075865190274
0.0265729662700364 0.0431456094048692 -0.200070172541434 0.626425470220342
-0.0366653006553669 0.0404009526939305 -0.314212097326019 0.739700609189902
-0.02778843403969 -0.0251103129437913 -0.318171347035162 0.590488911367137
0.0413852517642615 0.0251763347029018 -0.171614028438038 0.536836226353627
-0.00731565662489074 0.0921033804817591 -0.254514424632183 0.372952832076618
0.00997188012952281 -0.0830883235815364 0.343282552557949 -0.231736213767437
-0.0515205516145784 -0.0194263345651939 0.214683087070694 -0.547274961284378
0.00228541339083908 0.0118820928907007 0.338893953309238 -0.491164931852517
0.0256850628909001 -0.0143827481928324 0.375467126458681 -0.687794334564277
-0.0194190381921689 -0.0112893652899529 0.188956844813988 -0.654506768644918
-0.0103624411359571 0.0190068095156803 0.0605090707377598 -0.422818159728856
-0.00230685316314351 0.0226666715473355 0.0316291843586116 -0.197716219696514
0.00158879263058341 0.0277374075603912 -0.0126138629299792 0.0215080797781672
0.0200669240466128 0.0267140698107819 -0.0528145792660084 0.223140865461988
-0.00251023034951252 0.037789228120357 -0.035862712874615 0.431866164807171
-0.0229720768433779 0.00395470904475287 -0.0208191338371804 0.597509879227948
0.0120194649154542 -0.0335744409522808 0.0133444989938009 0.725676704453148
0.0291238736426237 0.0199888163785695 -0.0599215120298865 0.696458401662921
-0.0281786629404887 0.0137859398204382 -0.0890708267568794 0.548037494665403
-0.028820692402254 -0.0533663474224172 -0.134184811794823 0.429247933776058
0.00501943057500496 -0.0437904100178436 0.356426027221904 -0.212784786763791
-0.0369827412261295 -0.00930615090762711 0.223099281000188 -0.562578961570343
-0.00384558125957773 0.000381343186090576 0.338377677766549 -0.471625089869439
0.00954536311591053 -0.0030901951984769 0.40356955732642 -0.677796046330422
-0.0112554283409625 -0.00103012973545397 0.20306167200223 -0.662055987690461
0.0014727432068582 0.0107998686906856 0.0603912288884976 -0.418285890271821
0.000574358338334403 0.00680612048197064 0.0297673664957443 -0.188993505786205
-0.000964087907347081 0.00948428256690423 -0.0108599054171479 0.0285960842602471
0.0183023323898912 0.00885462128982647 -0.0491645107028734 0.229063567439615
0.00899411521454759 0.0266456158796558 -0.0318592492894162 0.437545183499984
-0.00948048165354815 0.00991123463463279 -0.0142232116990215 0.598976165535078
0.00685669325659021 -0.0132392458362159 0.025373388371482 0.716379530939611
0.0137143758126589 0.0138146120834258 -0.0403399322062987 0.69890577605219
-0.0110854075336221 0.0115607985252175 -0.0864245106725433 0.552385560412531
-0.0140978631795846 -0.016668660209047 -0.131730154083855 0.433493104409465
-0.00511479762237102 0.000270888504546754 0.360123806768789 -0.214929779520852
-0.0200940156308379 0.00657267031215313 0.218985315185196 -0.5738710865678
-0.00594782643696819 -0.0132414542448794 0.324398277554906 -0.472526812843924
-0.0077074643940039 0.00680731062874148 0.39435134892429 -0.678675632912326
-0.00344509741303035 0.0131386244368968 0.194311277759028 -0.667815302154506
0.0147137673909907 0.00417790272135395 0.0522662135278915 -0.419371163474135
0.0026183630704771 -0.00986469712117103 0.027375854510692 -0.187498184528796
-0.00302848917948587 -0.0121955799995273 -0.0106291910433027 0.0309178182457069
0.0178227291523083 -0.0117483502036223 -0.0490053846465529 0.230185115730816
0.019275248068801 0.0124053637700634 -0.0335799104494204 0.439934463029808
0.00746215408482252 0.0150143503284508 -0.0241084274176889 0.604359246340726
0.0017454825452427 0.0106699772570613 0.0132143131470217 0.714147063330266
-0.00493987916182125 0.0100113073211657 -0.0464721768477239 0.700119024222332
0.00381726302504624 0.0086118045621227 -0.0902702521654425 0.557731671443472
0.0020183369248105 0.0201187444955027 -0.137606689862422 0.434225181739152
-0.0129910508431807 0.0410458548991405 0.350393608964092 -0.235028833066719
-0.00317668988779051 0.0213610071638824 0.201729772044965 -0.57332823528838
-0.00837860545218704 -0.0258546667479232 0.307062579039499 -0.492016072601836
-0.0249957395533168 0.0171721304828557 0.354725049138053 -0.688533016359219
0.00420258131986155 0.0260039388364948 0.165797739703605 -0.668179344501254
0.0288106215546527 -0.000725801302478721 0.0408535035722017 -0.420641284633622
0.00534378243610165 -0.0272102739684125 0.0237445790422819 -0.192806588641671
-0.00786932673605821 -0.0328425178867149 -0.00970201302322327 0.0256196518876751
0.0164066174001127 -0.0303558163610849 -0.0525055632982082 0.223698341568109
0.0303563837892405 -0.000804817948873954 -0.0457529915540739 0.436450417407355
0.0231005716246327 0.0204838447525545 -0.0464880301749618 0.611867280983944
-0.00311429711136776 0.0313664739995131 -0.0245066438230056 0.722642833058706
-0.0237465963522947 0.00484684947169969 -0.0798266613635805 0.696487935644361
0.0186606135606913 0.00440420554256401 -0.102591490395571 0.55719659986857
0.013400871693071 0.0540738313171083 -0.151114388144848 0.431920141403375
-0.0129070573112405 0.0725595721622523 0.331077774099633 -0.270167228948366
0.0132921656064331 0.0270369047326533 0.179112122260566 -0.56328797750825
-0.0156856669712469 -0.0368002617710906 0.276842106939281 -0.527826371933393
-0.0374115463455246 0.0287317662133774 0.28392305667932 -0.70677640527978
0.0144627425138108 0.0364740924421921 0.122612853867669 -0.659059455840028
0.0389358972270523 -0.00676519272980754 0.0304807660813689 -0.42393141873159
0.00634942530300812 -0.0397568105284428 0.0208262950301127 -0.204627040825074
-0.0090835925137759 -0.0482490255235948 -0.0104889046527884 0.013011146045019
0.0151775840715024 -0.0449306782531869 -0.058389315010355 0.209919503909808
0.0387963286363018 -0.00897708413351775 -0.0630902126877087 0.425564129226203
0.0335004738769478 0.0271201490615292 -0.078531723033927 0.618727538577409
-0.0116846696713238 0.0481415545320189 -0.0844659899549644 0.73634893600981
-0.039409350352801 -0.00258423518904603 -0.135665318381265 0.684626080691907
0.0314804188784849 0.00425405892767567 -0.118125437718654 0.551975181771127
0.0193436063884808 0.0830000750549053 -0.17327909440958 0.424136254018032
-0.0062020915330151 0.0871869809702884 0.298016287885849 -0.306761960909721
0.0236656574433386 0.0206643044590899 0.156322031620892 -0.548812250032112
-0.0246466195020217 -0.0398615524525754 0.236416890435936 -0.571909082939388
-0.0403469043112263 0.0418726491456122 0.19427996381477 -0.718200824906716
0.0236261116161463 0.0404974287050023 0.0752912327022747 -0.64299681441411
0.0441294817703456 -0.0111892251460021 0.0158070400186911 -0.428960444822682
0.00419651616641613 -0.0476787677700568 0.0155855556338281 -0.221414387299259
-0.011952698588816 -0.0573575033108687 -0.0137257585856661 -0.00248542923489873
0.0155196735208696 -0.0521281362337119 -0.0659105081932759 0.192229322180916
0.045777703212943 -0.0132997106653115 -0.0825391478098328 0.413667373748126
0.038730108596043 0.0351589925229281 -0.118597872815382 0.626015384470502
-0.022198233198944 0.0563838995727631 -0.15691239959165 0.74695157380327
-0.0450042536568215 -0.0137100577711711 -0.20185893857858 0.665219388400992
0.042157573731076 0.00794999000752047 -0.139290193283063 0.543960754924625
0.0158954555069426 0.102853509681417 -0.199139920496837 0.41205108821363
0.00427256080165197 0.083773517185195 0.262106635610643 -0.33707985819684
0.0241916733944974 0.0102679572889304 0.141923262563657 -0.5356564947658
-0.0330718669514443 -0.0366707123252712 0.187154678480345 -0.614622225812081
-0.0337644907501796 0.0502548034514349 0.104480133694662 -0.713639553127981
0.0302068022993482 0.0382754618874181 0.0306066746397639 -0.625199976150385
0.043474558315232 -0.0143339307888962 0.0039832795197422 -0.4356656845144
-0.000356451151593606 -0.0491478078737943 0.0093883854429238 -0.238133354486295
-0.0138600446609978 -0.0587491280148837 -0.0154044223735511 -0.0198016077667125
0.0164273826291974 -0.0515361483075727 -0.0724141573649591 0.170601581749641
0.0492340267543134 -0.0104626642375677 -0.102428445978357 0.397804736700255
0.0355903521690957 0.041983524726583 -0.160634178839451 0.628809511758818
-0.0326909575882651 0.0526413064063353 -0.235255307088764 0.749662671213356
-0.0409118111849796 -0.0223108254715902 -0.26645487453534 0.632269193677208
0.0473496836414492 0.0165879873558821 -0.156124298503781 0.538049300824942
0.00565880040357034 0.106819642523392 -0.227662331195207 0.395928331681846
0.00972123471252842 0.063079120400487 0.230326558845425 -0.358126712900332
0.0157163946358872 0.000343363773465449 0.136489218088077 -0.528051481192764
-0.037108101722987 -0.0281704796518968 0.134006714002023 -0.65125992096025
-0.0228180559476638 0.0490575849850297 0.0278721204712026 -0.698431224868393
0.0303832802432765 0.0299629695314892 -0.00254658927566631 -0.606034242375269
0.0377081779169553 -0.0127806300312805 -0.00844271798945773 -0.444330263378113
-0.00302788009388637 -0.0436758951853282 0.00290422514629571 -0.255552384380718
-0.0124032247219134 -0.051717840997503 -0.0170393512868634 -0.0365819424001077
0.0172259946302145 -0.0448992821141109 -0.077874721255356 0.150750853929854
0.0471270133539553 -0.00394132395097471 -0.114829100339086 0.382980545722163
0.0276003922295222 0.0439763129086398 -0.197343160342467 0.632075173407009
-0.0367557954751901 0.0415906799687068 -0.309862620480082 0.742954760794349
-0.0280959134855491 -0.025776403830512 -0.316578731162785 0.597057076215584
0.0430597159987584 0.0238210187944032 -0.167003613760097 0.539984562075307
-0.00683823739539351 0.0925367148577776 -0.251848697870778 0.378314467191994
0.00911275806236534 -0.0849381569769446 0.34322509685331 -0.237998136358448
-0.0526003435951227 -0.0187081202883198 0.208652363035135 -0.550435196151649
0.00207864534869217 0.0129348803102201 0.336744671835643 -0.495701491385804
0.0259058656976881 -0.015030897710082 0.37167207406851 -0.694229164515507
-0.0200908062078611 -0.010305928415177 0.183902126527258 -0.658594034439903
-0.0101883982717434 0.0180627711776509 0.0565307232883395 -0.423611082809016
-0.00216331126526914 0.023288688442381 0.0293782445887592 -0.198726206242951
0.00303421627738791 0.0290815508202913 -0.0117058698269019 0.0215259976861898
0.0211789565853413 0.025428951567787 -0.0510416343280908 0.224275824785161
-0.00131176042867628 0.0378142637643137 -0.0325656217748154 0.433874972528247
-0.0231381004882493 0.00459010119355632 -0.0167119158666362 0.600129198666038
0.0111955512390606 -0.0337779075700146 0.0199219797310689 0.729141461476033
0.0298563520504636 0.0203459118062291 -0.0548072947761241 0.700553454541277
-0.0270857794084084 0.0131216252004715 -0.0825360366097609 0.550191040233155
-0.0284540789144693 -0.0534954851360709 -0.131097356301477 0.434669311664916
0.00444885328134367 -0.0439650206043604 0.357904704815083 -0.220126391983209
-0.0368464287846887 -0.00879702609380052 0.214219189295691 -0.567248764408799
-0.00439970324655582 0.000307690746579082 0.33580297015165 -0.473465266421417
0.00984135080848116 -0.00439597489152395 0.400353759935874 -0.68321134265177
-0.0112967648960701 -0.000634406242226406 0.198212779417554 -0.66680287712537
0.000321383384719976 0.0103241228598295 0.0571676900524629 -0.421204056351346
0.000808881707343646 0.00738315927958467 0.0289653577083893 -0.189695082826265
-0.000970897418712938 0.0104040211490918 -0.00994492414637854 0.0296241880893425
0.0187095675600603 0.00919504681953161 -0.0471994101430084 0.231455586678465
0.0100301833075811 0.026001026880182 -0.0282817963982955 0.439867801360354
-0.0083766037680051 0.00968101967972009 -0.0114446596660489 0.601368474476216
0.00508598921601408 -0.0145101416534616 0.0302922935386333 0.717035389001471
0.0145104793763251 0.0143738927375843 -0.0342861437602864 0.703912597172543
-0.0108568635957976 0.0124787544373989 -0.0801249553734608 0.556052614182404
-0.0141253184557191 -0.0157406879462284 -0.127907810654629 0.438223211453948
-0.0052334798873352 0.000419923570268632 0.360835664204881 -0.223288343002434
-0.0204807358750424 0.00721153008315118 0.211920069162082 -0.576621917194942
-0.00638918244445963 -0.0139873188251657 0.324441687036033 -0.476018732396923
-0.00822309082465895 0.00650037277132538 0.39239557249605 -0.685183429284953
-0.00309047687341715 0.0132710058913617 0.191056024114801 -0.67313224295146
0.0154957442264839 0.00292598296867753 0.0502920461288742 -0.422789268162208
0.0030296892921319 -0.0107268299457782 0.0262425413800865 -0.188709606441961
-0.00318422878807693 -0.0115106631200306 -0.00872207722029076 0.0309971900075962
0.018244220836108 -0.0121074971182688 -0.0473929362569335 0.232066842071626
0.0205545239379196 0.011764284423628 -0.0301883338171062 0.441973220558675
0.00793600359202207 0.0147827786145499 -0.0194491986078297 0.607724691030528
0.00127725914585958 0.00964359670888484 0.018824797413922 0.718100497395106
-0.00442596924076385 0.00992786483989578 -0.0409460579288157 0.701133513805197
0.00435427249728715 0.00792912257085346 -0.0847236354421033 0.560386278640538
0.00286379121165617 0.0215553620558972 -0.133983592136702 0.439854727432621
-0.0137210057446656 0.0424871421065842 0.35189955573442 -0.243167320294809
-0.00244055337292248 0.0212124107887903 0.194963875963875 -0.577755425338559
-0.00962626131879662 -0.0259696631271641 0.303217957219637 -0.49367456999931
-0.0253286711379365 0.018049853512034 0.35100612199634 -0.69675410884535
0.00543429223945904 0.0264243347651135 0.162721240185563 -0.67160058969248
0.0294574410092803 -0.00239261330999166 0.0394921858107912 -0.423406287988405
0.00476288507286032 -0.027343462486655 0.0236888836096163 -0.193825021935435
-0.007354504293153 -0.0318292708653312 -0.00881315440052832 0.0244210382996832
0.015730450306772 -0.0316185934336726 -0.0517357543280875 0.225843682890821
0.0306603450783479 -0.000937361477243473 -0.0433165899345841 0.43818461030651
0.0228338598959357 0.0198628672008904 -0.040734925594048 0.615626602346333
-0.00329363702568009 0.0316194496348641 -0.0184396825300525 0.726304493356993
-0.0237560708697399 0.00463346600988403 -0.0758699702073921 0.69879350617582
0.0191797372860457 0.0041545524332291 -0.0964428661899914 0.559774036937704
0.0150205064019013 0.0545900048425787 -0.148920697765088 0.436787115866626
-0.0119926015038938 0.07339639880699 0.330591159551216 -0.277835565483665
0.0140095990001072 0.0260359073368132 0.170333840071359 -0.567665762271269
-0.0164822419701436 -0.0372959302178333 0.273635699482792 -0.531406663552426
-0.0369910124909418 0.0291917376682025 0.277674939610368 -0.713936783270825
0.0145232025125395 0.0364850779775063 0.11786119771049 -0.662624290928861
0.0388737482506565 -0.00816012214672594 0.0271344012434446 -0.427358657205902
0.005118982146961 -0.0402560251220915 0.0192450834608715 -0.20692590551768
-0.0105286202280695 -0.0482378081309351 -0.0110585333611626 0.0135345001199788
0.0142033373203934 -0.0455975401428932 -0.0576864244833505 0.211878818813533
0.0401036350113733 -0.0106327176050123 -0.0609996809645926 0.428059996187108
0.0347293030301153 0.0271220604502199 -0.0728779466839284 0.624502123480483
-0.0114857698382869 0.0489150741673851 -0.0796999668303456 0.738798576816167
-0.0396454988989458 -0.00259827229930961 -0.131591570493044 0.688399848453866
0.032835026990035 0.00397428430209712 -0.114542682746196 0.555895700869418
0.0201459079517087 0.0830948440451971 -0.170354227399017 0.428968501992614
-0.00432938563764452 0.0880632184638138 0.297597770783019 -0.312767866412098
0.0247863960108395 0.0208030650953128 0.147390618619169 -0.552507718191658
-0.0256474845513482 -0.0407848787920506 0.233229477611708 -0.575369112471855
-0.0400181865663146 0.0421518084688798 0.190207297970736 -0.722698856068949
0.0241798346717967 0.0409564734788332 0.0694568705824008 -0.647986713501983
0.0447591610084838 -0.0127816269803606 0.0142358225643605 -0.431299570558946
0.00323479663772048 -0.0493206256618904 0.0140342405760895 -0.222228798613785
-0.0132288254463095 -0.0572363557894645 -0.013215018056523 -0.00319476198880623
0.0146350750180757 -0.0542942289909712 -0.0655742414937827 0.193517425720535
0.0464620083551822 -0.0139802178925838 -0.0807823520602484 0.415332700962584
0.0394835554498577 0.0349144606246302 -0.114508328365361 0.630975994403661
-0.0223599780140147 0.0584967392588362 -0.151700238709279 0.751647838634153
-0.0455042277388625 -0.0131756443056978 -0.199667218710885 0.669319449643152
0.042759902695833 0.00674810812013706 -0.133789486697725 0.548181744062732
0.0183429957990634 0.102533750099356 -0.195152755411788 0.41845830574044
0.00519504133780276 0.0829463985859255 0.261445033014891 -0.343484790666993
0.024573090854167 0.0100436878820776 0.135862695340473 -0.538891916796036
-0.0351749565068375 -0.0380977015053971 0.182906169289625 -0.618941211297533
-0.0337298710422509 0.0508536863333362 0.0997751264908323 -0.715891240888319
0.030843634706957 0.0377931724046168 0.0273180566498243 -0.627046755993207
0.0431244791133589 -0.0157654557911618 0.000189105367518079 -0.438242018559646
-0.001105410435655 -0.0502408107754199 0.00792280498315113 -0.240897804936091
-0.0142880749886523 -0.0583874313697256 -0.0154494599940512 -0.0203572403753738
0.0156669002655141 -0.0528410272003488 -0.0723343678576694 0.171742185687058
0.0499254757197288 -0.011848340090039 -0.100155219846324 0.399087051847347
0.0369088756507166 0.0415396323896709 -0.155887734655079 0.63345049683188
-0.0322873782365236 0.0550480931533384 -0.231347608930495 0.753492825832401
-0.0419094974914463 -0.0218797630765402 -0.263516985197414 0.635244513178669
0.0466338174772137 0.0159918344652936 -0.151601919398461 0.543487236568434
0.00785713276049924 0.108084622427221 -0.224421098083132 0.402300783285337
0.00946525478635945 0.0645984609387108 0.227615454485422 -0.363708645368986
0.0152628306091957 0.000338639512487086 0.132729546012849 -0.530770526160141
-0.0381051471540003 -0.0284341854724462 0.127904602335916 -0.65369480782944
-0.0223565272149126 0.0500351457371258 0.0244485108054884 -0.701359453985001
0.0304702927059501 0.0298471793330433 -0.0040750126337685 -0.610721771299019
0.0371898198097444 -0.0148262346724502 -0.0120457217129042 -0.446660543693529
-0.00389665685720648 -0.0437784211496272 0.00120755901387414 -0.257790894499387
-0.0138709609717551 -0.051047766090624 -0.0178859276387458 -0.0377505114257473
0.0158245934879641 -0.0456731503535774 -0.0768880507343235 0.151654026090346
0.0467298866744004 -0.00507802240826888 -0.114655879787236 0.385191712670339
0.0286797004051594 0.0436071786479553 -0.194183595514185 0.637243521427626
-0.0362429883966962 0.0422668138872261 -0.306101418990024 0.749969423596306
-0.029176803799449 -0.0241264108167943 -0.31423490467236 0.600976370144001
0.0427054254632511 0.0244064490837482 -0.161877301311267 0.543686436134112
-0.00500591329429799 0.0931075048009751 -0.249332294160131 0.385683095432665
0.0074971810716928 -0.0849726308223867 0.343071524144986 -0.245067479909166
-0.0531200453572069 -0.0175122019284735 0.200011925569434 -0.554232695163564
0.00299945125897958 0.0120915401028271 0.334517101008814 -0.497972723233531
0.0252954370569815 -0.0155366167271413 0.367553571257338 -0.701138888012008
-0.0200658557145531 -0.011183276443769 0.180413832120807 -0.662592462474562
-0.010552608889947 0.0183954208256572 0.0549565671616503 -0.426249331902513
-0.00149464420250413 0.022144255869403 0.0294464680707271 -0.20092722281065
0.00326486478169427 0.0291291631807766 -0.0118912296737201 0.0224580656867297
0.021255806411774 0.0260029010042465 -0.0485434115960333 0.226249183106547
-0.000277129105907065 0.0379777630397831 -0.0281262357368018 0.436435014405614
-0.023098444153014 0.00544848120935708 -0.0115351288807885 0.606138108134988
0.0105852315811874 -0.0348205123944136 0.0262997991773066 0.73255736654049
0.0302280253898155 0.0192890122609953 -0.0485178807838946 0.70390587558043
-0.026475657550316 0.01421937758821 -0.0771437573971325 0.55282793425877
-0.029903836497088 -0.0532004914279784 -0.126956377828427 0.439535546968871
0.00401137508109595 -0.0446321231730704 0.357971570986429 -0.22787919339616
-0.038335078201621 -0.00764705619327377 0.206901943993177 -0.572187417751972
-0.00362416058813579 0.000962927225909546 0.333023821761534 -0.477447032572186
0.00943654126962067 -0.00467694119103584 0.394802889952951 -0.69132481954081
-0.0112029694306502 -0.000465846413145602 0.193249344615518 -0.671656299624246
0.00122566375074171 0.00974793110327862 0.0529739115496445 -0.423500891084715
0.000984823072235051 0.00697415833546796 0.0280492501350801 -0.191067362779343
-0.000710898869302424 0.0092538036217907 -0.00933625705929425 0.030365134278417
0.0200461705213211 0.00741808517051105 -0.0448574062625903 0.233388101911079
0.0106877856830251 0.0266589956309001 -0.0253720219237706 0.442361553366337
-0.00887035533368398 0.00990531575292825 -0.00547281435156087 0.605781200542877
0.00555918859979066 -0.0139103969651901 0.0373598017527516 0.719153304716336
0.0157985030855822 0.0134936687800427 -0.0286987181182015 0.704291413204925
-0.0112564026072429 0.0128272852384617 -0.0735951120929394 0.561014105493575
-0.0136184243012643 -0.0158025869094433 -0.121649194380212 0.443020187960251
-0.0057635631996467 0.000962907871342494 0.361311076490099 -0.229435834023053
-0.020782288323902 0.00844501027839306 0.203817779049833 -0.581161889949091
-0.00779908202112633 -0.0136743050660279 0.322969127726478 -0.478782633643142
-0.00760567710752642 0.00622668931051122 0.388986391182789 -0.692587237290853
-0.0027103274037007 0.0133756728945978 0.18479541430479 -0.677780807820766
0.0149197452400036 0.00378831605754969 0.0453245689544217 -0.4246962653898
0.00327556403620734 -0.0102515714505205 0.0262798063890435 -0.189638651411422
-0.00371835797920329 -0.0113902192716768 -0.0082358767675215 0.0313977031637429
0.0167025284686615 -0.0129307703020116 -0.0466558550456804 0.234443746349606
0.0216587094911914 0.011609743018843 -0.027238860941012 0.445679612532333
0.00824041229311726 0.0144598042474543 -0.0147228146113872 0.612877010912357
0.00220734076592598 0.00988615415768337 0.0244544516536865 0.719789470488967
-0.00465647232077614 0.0102388168311061 -0.0329343791768829 0.705728854422234
0.00451940998032328 0.00724342772437762 -0.0780056601144359 0.564001903103105
0.00265917460479511 0.0209144293294395 -0.128923788855885 0.443945779724884
-0.0130415881457979 0.0432961533215927 0.351312939341683 -0.250613232393644
-0.00200529442924313 0.0217701862072419 0.187964068575545 -0.581855647982661
-0.0105732171358742 -0.0263543441563705 0.301881624344851 -0.497620739382801
-0.0252922697848552 0.0172951005865868 0.346057974836868 -0.703937115462765
0.00546370119297384 0.0270259730506355 0.156510604385254 -0.676739333133269
0.0294389832149767 -0.00381467258523765 0.0360072431414735 -0.424643201944443
0.00509107296468292 -0.0277958876721684 0.0234755625765678 -0.194277619334524
-0.00826810135508746 -0.0310528158460081 -0.00924947153068121 0.0252663471159027
0.0144362151085764 -0.0312060337754083 -0.0489904435633458 0.226744868893418
0.0309033141695099 -0.00189615857316073 -0.0370947884057111 0.440278463504465
0.0236604060724096 0.0198985166931033 -0.0364196232136859 0.61808864241126
-0.00268599700376707 0.03202080126736 -0.0124104294020391 0.72951858169179
-0.0250302447327012 0.00507324282334683 -0.0672151639531998 0.702377440398689
0.0186245245750212 0.00313559667713641 -0.0904947037225415 0.563268289671639
0.0157972891948666 0.054538135209313 -0.143760617562269 0.441899946971868
-0.0117242939428373 0.0744034896027493 0.329001816483144 -0.283733119998328
0.0149575270406202 0.0268986491880679 0.164160594034001 -0.56982114309918
-0.017167833614083 -0.0370424029083991 0.270581869299896 -0.534028731435661
-0.0365068700834458 0.0305771055930399 0.275456000448324 -0.718462494514693
0.0159554230939345 0.0360621610828547 0.113768934147408 -0.665585372663245
0.0388654559075249 -0.0100774178597583 0.0244459202093265 -0.429281555940557
0.00394379952787875 -0.0403958203633157 0.0186931048361382 -0.207246397480357
-0.0127516473747184 -0.0475991451635878 -0.0105587179697236 0.0133903175320917
0.0134037251652049 -0.0468583470034485 -0.0556262483733661 0.213848993884128
0.0398762839459516 -0.0120254932961118 -0.056994056702355 0.432151043780496
0.0342199881831564 0.0257415979243723 -0.0685677504080272 0.626508829517855
-0.0104411926577225 0.050080110979344 -0.0729513704654658 0.743305223535368
-0.0405885521812283 -0.00245483754118913 -0.125036319513187 0.691002316160547
0.031851648580916 0.00328588294895505 -0.109291788463628 0.557168106032547
0.0218338864653483 0.0841159749510688 -0.165527542662513 0.434492781094961
-0.00398615366642099 0.0890451587835669 0.296235657111521 -0.321381643152686
0.0242684193010369 0.0220799461246656 0.140880512314368 -0.555571522015166
-0.0271855648742997 -0.0411325964741019 0.227446273773656 -0.579575330667804
-0.0387558158562593 0.0430926000937197 0.186147793275896 -0.726592118507281
0.025694349351248 0.0406852530725601 0.0657311908712867 -0.651642834776102
0.0446019046524355 -0.0154807491036053 0.0114032241946208 -0.43412754305873
0.0020468259466491 -0.0489285696707628 0.0123498817800719 -0.222964544721317
-0.0147915349437977 -0.0567644961531281 -0.0129011684378846 -0.0024721804910254
0.0118697929826312 -0.0544573535587278 -0.0632176249230689 0.195019093205383
0.0468622679396977 -0.0152435657721942 -0.0772736670888324 0.418241773962518
0.0394623547834562 0.0342356192479427 -0.108430219405781 0.634163835840662
-0.0218968400855344 0.0586119024428734 -0.14384882143652 0.755608568168907
-0.0463230933897861 -0.0124710420414495 -0.193477456883873 0.67362574922663
0.043102641700531 0.00642089563239713 -0.126386301478904 0.55113428078808
0.0192639980629053 0.102932881517878 -0.191182994063221 0.423962002174577
0.00618484769265107 0.0840817970453669 0.257352815924643 -0.350392854994952
0.0253279022473484 0.00952458620801301 0.12739164988805 -0.543356531941547
-0.0366318259085301 -0.0375696254346039 0.176869289788809 -0.6230630693421
-0.032750313979645 0.0518653203079889 0.0939763116501544 -0.71971675849691
0.0318259931422412 0.0369297568270038 0.0225107301111934 -0.631721306838307
0.0432188173625583 -0.0187692645889975 -0.00160582161403179 -0.440461451930578
-0.00189635010913386 -0.0511625289031604 0.00532046174068824 -0.24199451977221
-0.0161635192992111 -0.0575509500614198 -0.0155036486409401 -0.020556917883167
0.0144587775769262 -0.0540125272610095 -0.0717032479422749 0.173934930257508
0.0505149398331564 -0.0140578887096109 -0.0970786543657938 0.402480226369561
0.0378690225086664 0.0408950591943388 -0.149217597340214 0.638284057639521
-0.0319883992694799 0.0554826853526013 -0.226810388418683 0.759737100686618
-0.0431817742250785 -0.0214863613665634 -0.258171452835922 0.642381189273157
0.0475463017045733 0.0141456416216992 -0.144396024746377 0.546533498637592
0.00939292863966328 0.10845175481291 -0.220398867233865 0.408883875754474
0.0115288959472549 0.0645728362757451 0.223943450168748 -0.369812293302581
0.0149565931881917 -0.000676092800971605 0.122794760174895 -0.53359143746083
-0.0389226856760542 -0.0275634982900121 0.123434501719405 -0.656889410989296
-0.0219763996724099 0.0508052226561292 0.0184476630657779 -0.702257825006925
0.0315103302346609 0.0294085188270392 -0.0103461686270801 -0.612261021567217
0.0373030730819239 -0.0166141611214464 -0.0156487986204422 -0.448848200982345
-0.00421710141154604 -0.0449994035467099 -0.00152196888311452 -0.259002349000133
-0.0153530224632247 -0.0503744482393912 -0.01809261195267 -0.0360278428354123
0.0148308863821665 -0.0457175163819901 -0.0772656896433349 0.153965493074896
0.0477554753550969 -0.00558083712302691 -0.111011890934699 0.386811536442822
0.0293704422503777 0.0445947927884163 -0.18687752547834 0.641603551790625
-0.0368264728470119 0.0431778223947124 -0.300286174356041 0.757069266750556
-0.0306175183753889 -0.0249246975054041 -0.309492047526131 0.607788893765328
0.0437617762316544 0.0230299613034334 -0.158178780222148 0.547652436611216
-0.00281818006520411 0.0951212557295289 -0.246957826080338 0.391643038177026
0.00590105269831018 -0.0852226638653494 0.341753142184638 -0.255028959312206
-0.0546145039697 -0.0162475680002517 0.190823090527688 -0.558788495440137
0.00290498719933683 0.0128656325083597 0.331261572960823 -0.501114010992973
0.0257205477538883 -0.0175467695943965 0.360634326216155 -0.708295502257215
-0.0198930066005403 -0.0103188141638998 0.171499597724569 -0.665151028041933
-0.0100520313995076 0.018089011228426 0.05083007611599 -0.42909240951297
-0.000777208594933812 0.0233685987388587 0.0278811685596521 -0.201011828570068
0.00402886733123622 0.0302806635289137 -0.0112629310051721 0.0221040716368912
0.0218239481315954 0.0251824105756301 -0.046660694878694 0.22682853163132
0.000871817265921265 0.0373153629480473 -0.0261893595311103 0.440847244716427
-0.0228624823863631 0.00545719747978513 -0.00573947892148675 0.607900856912587
0.00920542574939574 -0.0349373467844651 0.0351599546387388 0.732700483157797
0.031717315854327 0.0185084671273514 -0.03895397385606 0.70680537266341
-0.0267411616004833 0.0150394004434597 -0.072690893601631 0.555246286817127
-0.0307404401757051 -0.052472725055268 -0.121238887102518 0.444537889451622
0.00246429606778508 -0.04417417357015 0.358096956610529 -0.235934512107693
-0.0376371091406631 -0.00649457227130646 0.199836379200181 -0.575907318926817
-0.00379775337914161 0.000701810650034544 0.331006975063098 -0.480071523033425
0.010447505560228 -0.00431549738535455 0.390631373620146 -0.699302576515397
-0.0111866446909903 -0.000100013770772112 0.187678575005396 -0.677826138397038
0.00136946289396721 0.0098168805830653 0.0499926565021071 -0.424240594234089
0.000591465365726006 0.00624356620491689 0.0277522119278766 -0.193530774774737
-6.83304052442403E-05 0.0100418848423806 -0.0087754169957516 0.0300796609478673
0.0195502779830254 0.00805369005864005 -0.0426163299983256 0.235394363652943
0.0113880039871581 0.0255434603335495 -0.0214079846448148 0.444161668166006
-0.00844950738143823 0.0107432435659318 0.000127308498058691 0.609410270058024
0.0052585947289393 -0.0144158157225015 0.0433440550042234 0.722191145898823
0.0150647477821732 0.0131005301554058 -0.0201490881256189 0.710197828123888
-0.0109584864290947 0.0124721345694481 -0.0692350674796579 0.562976592239632
-0.0146461615137166 -0.0146217786303554 -0.118478170324365 0.447924702014736
-0.005526847961458 0.00125805831985201 0.360399137936391 -0.2389254607593
-0.0199982701747464 0.0088548724600593 0.1933214278476 -0.584706156426068
-0.00812063130594547 -0.0130789821360873 0.31895844463101 -0.481143401043863
-0.00797034861482238 0.0056583784051976 0.383791559731049 -0.699608052910088
-0.0022031486892937 0.0140984650013141 0.180387580678962 -0.681344543537387
0.0159150025408378 0.00189452252601074 0.0426289555439458 -0.425792787955218
0.00360210875055357 -0.0114490877182344 0.0247993230944286 -0.19006282475628
-0.00481481290161442 -0.0109218913667481 -0.00775192966224545 0.0309725733525051
0.0167151506626829 -0.0128619178624482 -0.042993362633206 0.23545652028957
0.021917309404069 0.0113062102310953 -0.0216580936368707 0.447788137247704
0.00859809062382026 0.0141776591742488 -0.00788871781889264 0.61555167102914
0.00143077297609072 0.0100047082894675 0.0305866693040413 0.721762791286394
-0.00393519408734201 0.00999237994280681 -0.0251212320883883 0.706550211921254
0.00431710651528836 0.00843053612423858 -0.0732577700362763 0.567658879037245
0.0028406055239485 0.0206447146922786 -0.123616274368064 0.450216636846955
-0.0124198827305452 0.0438198389118943 0.351126550805485 -0.258445820654445
-0.00115155893765635 0.0225902581524714 0.177956789980869 -0.584528258038403
-0.0105779708743618 -0.0259998089712846 0.29901538449092 -0.502153884408668
-0.0255386665990353 0.0186858674150346 0.340362900873817 -0.710039594171034
0.00607716010850991 0.0267845151350402 0.149128921122183 -0.682267389357477
0.0293462457753185 -0.0046150298322978 0.0348506517635488 -0.427306516629017
0.00492890846421534 -0.0270231369372935 0.021271763993206 -0.195615004900304
-0.00914100822303219 -0.0307620982785072 -0.00848999663285959 0.0245584557516284
0.0133062538187368 -0.0326782875540531 -0.0465508143717608 0.228280601669601
0.0311519184908816 -0.0021006342913667 -0.0349975908691923 0.442569496728031
0.0247469399168744 0.0194914120189149 -0.0297327363646569 0.622484376854671
-0.00143723285518779 0.0335320292741833 -0.00779051047487823 0.732106658855504
-0.025711414728696 0.0059461591911406 -0.0607521128277396 0.703614769967976
0.0191508195459991 0.00371498805336529 -0.0843471815909977 0.566520936759548
0.0172195574793314 0.0554381097688197 -0.138889273871465 0.447078304911694
-0.0101514530289743 0.0758321810077565 0.327579269855096 -0.292848245896906
0.0153173742724565 0.0269603702806134 0.154608208716284 -0.574036404234045
-0.0181581818635237 -0.0360544421341196 0.267441135958631 -0.540007416670991
-0.0362692470494093 0.0309655769255888 0.268933425261166 -0.723455784752522
0.0157684099012486 0.0369048071238292 0.106220144498683 -0.67241956572759
0.0397385796929531 -0.0111863199959674 0.0202231398764189 -0.430366626836776
0.00363262927106401 -0.0415368679188403 0.0165455221309729 -0.207841137733442
-0.012940418685917 -0.0467240353319755 -0.00957459150140666 0.0132311559234816
0.0114206225074356 -0.0467790136623715 -0.0527912848502932 0.215455795934361
0.0400654365850022 -0.0140862304328361 -0.0532775970101508 0.431404229856891
0.0361903044179052 0.0257052098509709 -0.0621681064662573 0.631464528328976
-0.00978692559354682 0.0503693245564493 -0.0656651096079534 0.745814132414519
-0.0400611384289221 -0.00153029263916851 -0.116761704524595 0.695588568402373
0.0327870500063025 0.00176326253249984 -0.100746161074192 0.560519248516234
0.0244788587624407 0.0848704103307436 -0.160091113910304 0.439630051487039
-0.00222991479871354 0.0901875831642367 0.293962761481416 -0.327615891046637
0.0255147511756816 0.0210661794923653 0.13255599762394 -0.558754295541869
-0.0289387234163442 -0.0416308345695276 0.223288218060937 -0.582987044264128
-0.0388689429482357 0.0438073036575578 0.18074550594103 -0.731953290380346
0.026684941688342 0.041100809918735 0.0582358348750288 -0.653317437788428
0.0438503023619774 -0.0160151772488342 0.00608985221643182 -0.435790226706058
0.000569041446602166 -0.0500929516973369 0.0113400117716361 -0.225380166698113
-0.015687745319609 -0.0559142458841872 -0.0129521523788796 -0.00382222322307968
0.0111596459121193 -0.0542392510308916 -0.0616644247167624 0.197107563144289
0.0472191572571757 -0.0176765788655655 -0.0752344499621041 0.420181921942089
0.0418263425693386 0.0330598376116049 -0.102454633827819 0.636452253980965
-0.0209030787048988 0.0598279651638669 -0.138743232060241 0.759832595862654
-0.0478455015268538 -0.0120854233800068 -0.186252118035583 0.678088927618776
0.0435191428264116 0.00472184461434428 -0.121033127611715 0.553997255960746
0.0221785333189094 0.103874239739759 -0.18669511931724 0.429745456397597
0.00705639338813115 0.0840797601605599 0.254755548062677 -0.357779750308484
0.0247703473859538 0.0102493942343174 0.119790398315817 -0.545229273897508
-0.0379548870421523 -0.036764824223264 0.171364823886439 -0.627799062258929
-0.0317713423477832 0.051578862620005 0.087852903507057 -0.722421899097983
0.0326362292263371 0.0365397518803843 0.0158851098128182 -0.632709027254358
0.0437235584686856 -0.019353785096407 -0.0066640227213391 -0.442009628871494
-0.00289000016427575 -0.0511667467565444 0.002994527500299 -0.244040781092109
-0.017504072377592 -0.0579142072113914 -0.0161552644742046 -0.0203406996906837
0.0123612433624986 -0.0540261339584003 -0.0696899080002338 0.174952526422139
0.049611178849108 -0.0147772780766396 -0.0946500984753614 0.404064123653642
0.0388292009856936 0.0399508177483873 -0.143806559554061 0.642915357672313
-0.031609647742081 0.0565849733142709 -0.219640647442781 0.762814357881003
-0.042601364029754 -0.0206671826111341 -0.252545433649562 0.647399312098139
0.0488061600236734 0.0125735968738602 -0.138117309482906 0.54928900293713
0.0122827073729152 0.108263613751484 -0.216101650126541 0.414676905859062
0.0123706877847935 0.0645902482059829 0.220774754850392 -0.376461737928283
0.0156586845663601 -0.000519954317798785 0.115225306949663 -0.537153612962521
-0.0391631672124964 -0.0276853315432175 0.116654997882415 -0.658834425899902
-0.0210229161482056 0.0518115614038755 0.0140686064037986 -0.704287511717357
0.0328971069357101 0.0290881065738064 -0.0130053750639646 -0.616601666599235
0.0366216258681284 -0.0181063076210169 -0.019681733426557 -0.450931685530873
-0.00703385321387444 -0.0443420139783888 -0.0039513994391794 -0.260263691390581
-0.0164073161973751 -0.050642595334637 -0.0189565587946987 -0.0378053603070861
0.0144023716015886 -0.0475825357664933 -0.0766380292232305 0.156149314469052
0.0475299414956804 -0.00770117831822703 -0.108934524967978 0.39105840207678
0.0308952163590762 0.0435294759330863 -0.180918620042849 0.644165134125352
-0.0356617835660933 0.0445322952316482 -0.293950286053418 0.76369936358087
-0.0307557850050668 -0.0249065571483845 -0.305904239833574 0.610482087772549
0.0442848835859623 0.0221189633098551 -0.151106899774492 0.550578909836038
-0.000739248823031646 0.0946524454142714 -0.242416886645809 0.398428027776994
0.00439259126990075 -0.0848467408864726 0.340400066448015 -0.262850888450964
-0.054150426560387 -0.0145229314628166 0.181013212118732 -0.560265350212161
0.00335023491854429 0.0127579510661232 0.326844935337666 -0.505741563174866
0.0247919163092939 -0.0176978116447653 0.356847879958615 -0.714087538686015
-0.0207997421777988 -0.010014555511366 0.166872240317987 -0.671081501180426
-0.0102809527961362 0.0175761526290596 0.0458232002957286 -0.430076956168106
-0.000514732294205996 0.0227521405614451 0.0271407030667137 -0.202907092270493
0.00533528101384145 0.0302326834260959 -0.0100344224761473 0.0216960116155464
0.0221208433125918 0.0248425188701118 -0.0434755723069675 0.229006862379493
0.0018390827093244 0.0380651631956091 -0.0197560994836116 0.441769345124516
-0.0229898062634645 0.00662799563667048 0.000532616050228425 0.611113076992338
0.00945030886765524 -0.034934384506227 0.0421944299173546 0.734277686191059
0.0325022693952222 0.0182880633583686 -0.0328489131337651 0.709522802161046
-0.0266340473171763 0.0151992594741241 -0.0644803375459385 0.560857411048052
-0.0324072674453856 -0.0527327693584441 -0.114413299492935 0.448211467267974
0.00173959230602517 -0.0454343532783533 0.356531060120861 -0.244312108581643
-0.0378523654298209 -0.00517186734477553 0.187395450166173 -0.577131312469895
-0.0043736059451806 0.000144298422942174 0.326507438703128 -0.483567815774724
0.010013436117729 -0.00483925989303024 0.38498703913109 -0.704947710123117
-0.0112545318369531 -1.86079599890695E-05 0.178707184656705 -0.681102762039285
0.001292563592112 0.00963241009358996 0.0463565332023855 -0.425033266004907
0.00110874746847875 0.00699467276788193 0.0265198766600691 -0.193846945950168
8.20256688654282E-05 0.00999805197381825 -0.00692535542119278 0.0290529029515046
0.0197842650336508 0.00614116062503197 -0.0402024058094769 0.236503275757386
0.0123988361525694 0.0257413770605886 -0.0149785615953544 0.447368913696385
-0.00848085817142617 0.0118852467270441 0.00568922715650154 0.611598310815926
0.00453827915761014 -0.0141887432662467 0.0521789958017851 0.722529206559852
0.0155055136870509 0.0138799563265042 -0.0121207531751471 0.710476203753958
-0.0093432431508413 0.0124588619261947 -0.0623672370882364 0.565049582753727
-0.0141348860169548 -0.0151926334345531 -0.110905910018225 0.451329625484148
-0.00547630451554131 0.00138367030967339 0.360129143514025 -0.248025151371747
-0.0192424697328459 0.00956675258909522 0.183032858837374 -0.590120622980575
-0.00831443869865085 -0.0130583281992425 0.31510466948013 -0.484463032914772
-0.00802014078187471 0.00695946563826245 0.378314598715932 -0.707061936257303
-0.00192489841480617 0.0135878166610416 0.171098029136469 -0.685143344163874
0.0155130825471239 0.00167740921115186 0.0387086427964029 -0.425776330938524
0.00262902723328684 -0.0119226376576019 0.0239327468376168 -0.192036020081954
-0.00438974941638683 -0.00985587079886992 -0.00623457472699572 0.0297781833087357
0.0163562498950416 -0.0133735474645521 -0.0405680602179638 0.236527927392155
0.0227869624062335 0.0103415662182395 -0.0173255129233337 0.44970498299558
0.00891153896933689 0.0150967140509258 -0.00339049565443803 0.618839274679845
0.00190361522614422 0.0104187453536715 0.0397061794771846 0.723526201392129
-0.00447922919001372 0.0101486274301379 -0.0168646770837373 0.70880705254311
0.00483176281564086 0.00761614000597394 -0.0653112849997282 0.569353475587205
0.00316455145679211 0.0204073039453887 -0.117377612665388 0.454050674085449
-0.0111564975936992 0.0436619176132526 0.349124465124186 -0.267264229320032
-0.000109245948930173 0.023190892441324 0.168428985480993 -0.587532553546671
-0.0120054521890214 -0.026546343237055 0.293950950114108 -0.50575222195141
-0.0246332228254381 0.0187618829045051 0.336936922273575 -0.715413857389573
0.0062969789194127 0.0274707936031074 0.145380802804829 -0.686021519909638
0.029196845756805 -0.00628041862077676 0.0291720714207021 -0.428322706585244
0.00319983253106319 -0.0280902212143268 0.0198241960056126 -0.196441545351227
-0.00937565140431805 -0.029953162834843 -0.00733579770508779 0.0251113601745931
0.0128414091783374 -0.0328638638704316 -0.0439947700442814 0.229244577794079
0.0307870577570855 -0.00434803989406697 -0.0304312758359657 0.44553994500436
0.0247705809775568 0.0190900911038005 -0.0227938194898658 0.62343345899866
-0.00111435116394786 0.033106675471777 0.00255875733080654 0.734076843920156
-0.024735760865115 0.00657859319627781 -0.0529442873568579 0.708690857029033
0.0199821581002485 0.00169680902802587 -0.0781277015823976 0.56901132026171
0.0182427009640101 0.054621963259218 -0.132091523947519 0.451408975712001
-0.00882771596583578 0.0764962967774359 0.326029858384974 -0.300128686659108
0.0166050752263778 0.0275108284611968 0.142827925298202 -0.575229921066574
-0.0188917710648997 -0.0376370176174492 0.262245024959542 -0.541213915269415
-0.0357147696507699 0.0317193917783379 0.263243180618145 -0.729613508251666
0.0175227818233363 0.036359697561205 0.0992276029457475 -0.674533675275548
0.0383424007008008 -0.0126458127878896 0.0165251819532459 -0.431548636152521
0.00250254009679491 -0.0417146830769729 0.0148299219872792 -0.209188520470427
-0.0150214626665204 -0.0465021172659435 -0.00924709433050784 0.0134254388981458
0.0101846452753904 -0.0485278786565031 -0.051829634372579 0.216533955699608
0.0412096011326328 -0.0154902755873275 -0.0496761638497243 0.436252067884062
0.0372139610156147 0.0249890125334761 -0.0560659473880316 0.632379757167766
-0.00886933168425343 0.0514347246880363 -0.0595273905269243 0.749192427900535
-0.0402814734530196 -0.000905038205948721 -0.110317939967463 0.69810971265549
0.0322444010090834 -2.66531257212561E-05 -0.0960935119226929 0.563793747704092
0.0260639133168994 0.0840269391029789 -0.154514037735001 0.444517593614483
0.00042171329590074 0.090474505812139 0.290747086032892 -0.337424557669496
0.0269504455526406 0.0209082240611233 0.121278088744311 -0.56069653764759
-0.0299315938435045 -0.0404786047685254 0.219022208430333 -0.586673655930561
-0.0375580915408485 0.04598873926812 0.172464878805114 -0.736459836931844
0.0277943316833151 0.0398050932914135 0.0544799180564671 -0.657096484321979
0.0433416040367545 -0.0189746958578168 0.00278028999192438 -0.43677475807586
0.000148466909748552 -0.0489767962945893 0.00833512092332358 -0.226060641970114
-0.0180171869480635 -0.0564672995693831 -0.0128003634278817 -0.00346792722902207
0.00993732668673592 -0.055809892907985 -0.0594594736485541 0.199243266499947
0.047886791649724 -0.0192376948037063 -0.0703988211014593 0.421894390457385
0.042160179405169 0.0318009313960025 -0.0957501721258315 0.641000899227893
-0.0197942690844982 0.0601152240830663 -0.129249999287529 0.762837341826667
-0.0498362303421527 -0.011018261941623 -0.177614792254649 0.681509831618581
0.0434184174889388 0.00382284637176568 -0.114899353132919 0.557077730011372
0.0240734799154103 0.103402234989568 -0.180902848987089 0.43536720368346
0.0101282119238206 0.0854249845264411 0.250673635874546 -0.364738000362075
0.0260823827174847 0.00917504328294172 0.112207241547174 -0.546649263809591
-0.0390945603709896 -0.036302838341524 0.164568756569946 -0.627759163104036
-0.0318248551766641 0.0534833841995703 0.0799385237557672 -0.72548929581106
0.034534981862272 0.036502716048367 0.010797115956992 -0.636076696064123
0.0427548302048873 -0.0214766712058513 -0.0100269107448085 -0.445078859965984
-0.00429483574183466 -0.05049560046537 9.02727029049338E-05 -0.244868273270461
-0.0192341396306475 -0.0575454437365319 -0.0157738473254868 -0.0210728057715405
0.0103797313189805 -0.0552734466607417 -0.068120897120467 0.177028916756533
0.0498089832505601 -0.0168318662947623 -0.0903006133580186 0.405638508297687
0.0405059496165148 0.0383300302341097 -0.137838471510922 0.644145017068686
-0.031490525866023 0.0577893019870429 -0.21168882817161 0.769155175271353
-0.0446421437253065 -0.0214966567181895 -0.24528332197427 0.651898919622258
0.0491359791603357 0.0109127421692906 -0.131337942376792 0.55242805890179
0.0149570829379925 0.109213813134626 -0.209931702175128 0.420696978891335
0.0134441395571435 0.0652665536744035 0.214660555519957 -0.382406821124782
0.0160951742707172 9.8192684539436E-05 0.107695618594192 -0.538953412301273
-0.041694923132637 -0.026458652120737 0.108415557286566 -0.662846449974423
-0.0199453749251791 0.0519514901298776 0.00583711250685172 -0.705901384109465
0.0338364783092345 0.0291753011378472 -0.0196008626951656 -0.616818903249723
0.0364532179859995 -0.0194170745842402 -0.0233383314534135 -0.451855990670168
-0.00684319592663781 -0.046089852003835 -0.00786262039721099 -0.262371491365487
-0.0178375393110511 -0.0502479391033694 -0.0206275197292061 -0.037797923820831
0.0121550364762422 -0.0482280737774149 -0.0755220939642848 0.155819909327912
0.0484219768574693 -0.00994897829339456 -0.104650973060718 0.392350112013535
0.0322741107832445 0.0428774052423061 -0.174793000107591 0.650802676909053
-0.0355549237626877 0.045841083747714 -0.28559405085433 0.76869827376047
-0.0313602371779006 -0.0240511527653182 -0.299186134673987 0.616038239819051
0.0455513908770863 0.020883209036175 -0.142718748589353 0.552183225017642
0.00134553533091819 0.0963344277758613 -0.237440901652471 0.404358479952481
0.00176792445685133 -0.0850490371183736 0.337960205892644 -0.270970376013023
-0.0538667762772553 -0.0133572099880744 0.172024873664767 -0.562379512833672
0.00324696021427791 0.012723209794995 0.322100532582694 -0.509379920085286
0.0247311304436728 -0.0184600085030259 0.349193529714095 -0.719525421515478
-0.0205859691639159 -0.00991107346219632 0.158795541084982 -0.675035183320425
-0.0100482247647658 0.0183266412264326 0.0424312674970555 -0.429608148266529
0.000226423355489959 0.0225366871440959 0.0251140644452504 -0.204809656205335
0.00581912540412068 0.0307422551742963 -0.0101594308623613 0.0214441956608576
0.0223661565346668 0.0240824770032959 -0.041364903916367 0.230002474721566
0.00355720164060408 0.0375620085907265 -0.0153680431822159 0.443049551526563
-0.0238094523422969 0.00744250404876183 0.00689102094649943 0.612172315894507
0.00705460232308864 -0.0352922893159413 0.0484523361490814 0.734680716889896
0.0329452455106696 0.0173210421403358 -0.0238712067029477 0.708946744609471
-0.0255214924752744 0.0151122288730685 -0.0580006233793611 0.559024053972896
-0.0327199832288176 -0.0526086884183623 -0.107721201381308 0.452884144188952
0.000159499376714143 -0.0442926196489046 0.354603223298517 -0.254234203744666
-0.0376455702904129 -0.00394178319096675 0.177246770067377 -0.580399504356456
-0.00443272182083269 0.000967603135030271 0.322343565650474 -0.486429558619562
0.0100692149408056 -0.00524452101157588 0.378971446635231 -0.712327905619034
-0.0117247288626793 0.00108259290980281 0.172539734867184 -0.685056387302649
0.00142776188137847 0.00902098803207084 0.0420112544530854 -0.426775249740337
0.00160732594019846 0.00691130987443365 0.0250157180064548 -0.194832503252981
6.62771345125261E-05 0.0115607998620239 -0.00715987476995746 0.0294279434672414
0.0201689940845424 0.00675461600876917 -0.0374993200567072 0.236645812325445
0.0136437426894061 0.0245044055961995 -0.0113048200651114 0.448793233534354
-0.00816029535962892 0.0115639616835127 0.0114750049431643 0.614048735233058
0.00327886052035036 -0.0135999039270381 0.0604400326767582 0.721991556549972
0.0161242992753227 0.0125642764937226 -0.00296515730363111 0.709309861313829
-0.0101985303775974 0.0127542876903648 -0.0545353511410418 0.566660664374091
-0.0148070337261149 -0.0153951163151001 -0.103618499896107 0.455585000727447
-0.00664245090004642 0.00119838439436408 0.356038619204673 -0.256354258641427
-0.019686990590472 0.0106814458259282 0.173961988523723 -0.590581466101902
-0.00804536482322738 -0.013796528673544 0.311772386225765 -0.488251614103317
-0.00805259265791127 0.0065125744871553 0.372214216954148 -0.712536415679347
-0.00230135852896987 0.0137155983872102 0.163254316542379 -0.689530749264478
0.0150400945346389 0.000452257121159323 0.0349127474497705 -0.429219416079207
0.00270985342012344 -0.011600427451578 0.0227023075176922 -0.192562266528927
-0.00546068153684087 -0.0106191839251933 -0.00549592142522492 0.0308889259528002
0.0150723577778557 -0.0145618924848119 -0.0379358062140789 0.238335277567298
0.0228649695337631 0.00908133654170829 -0.0126008429476425 0.450920265125466
0.0089998894811221 0.0149269011270185 0.005511252732941 0.619493613942869
0.00248909492836219 0.00984048787218755 0.0469330213294192 0.725396715889179
-0.00333326445092633 0.00898900451966705 -0.0108027897062184 0.709994947463702
0.00475817825117804 0.00624032800557663 -0.05841561076598 0.56959977698184
0.00504297254202377 0.0210156411981798 -0.109137337792588 0.457371995467032
-0.0103331667196555 0.0458295616925485 0.346915783395553 -0.276176879324345
0.000693219846271146 0.0225748683859117 0.155154118802115 -0.589380216449719
-0.0133839638233112 -0.026606733866672 0.289897253099195 -0.507196872246983
-0.0241284286501968 0.0189982515744978 0.328727218417695 -0.72184643987658
0.00720563629058019 0.0267073963376943 0.135490306614122 -0.687576902622594
0.0287384590464055 -0.00792222672555308 0.0258678399142242 -0.427299324787763
0.00279312086164812 -0.0286171954960675 0.0173959665864207 -0.198275574579441
-0.0104774991571493 -0.02989718850676 -0.00542602362308745 0.0251444192652204
0.0110036170169528 -0.0340461840142005 -0.0414098498546759 0.231084948422364
0.0322312375611027 -0.00550248693718593 -0.0255609393313399 0.447502535218052
0.0254340357912725 0.0183306729430753 -0.0164882918796043 0.627909623735645
-0.000791569281062502 0.0327678820182874 0.0106781724372133 0.733971832776836
-0.0251578835731409 0.00726899367018739 -0.04501557409138 0.706865792718094
0.0195583901406769 0.00121448100380188 -0.0688475489340901 0.570902618291519
0.020339987783789 0.0542032315136842 -0.125031957376182 0.456858766013174
-0.00772089894431403 0.077211531735314 0.321656301375395 -0.310185119334753
0.0178454618461495 0.0267620037984502 0.133203256786744 -0.57745902800413
-0.020591741908474 -0.0367690706060335 0.257968377545246 -0.542845315430996
-0.0353654899449863 0.0324916017127248 0.255352960949686 -0.734194056068194
0.0186950296951677 0.0363427004916612 0.0924736674580984 -0.678512556924054
0.0383047513626898 -0.0145788720217566 0.0127712513636851 -0.430923033363018
0.00182239515637087 -0.0422851702839693 0.0125089459184342 -0.211691763081251
-0.0156852440077122 -0.0455535307608601 -0.00804632425160082 0.0120910811249733
0.00924623203367687 -0.0483100111503896 -0.0489281788066074 0.218021830003415
0.0397958778507074 -0.0157924348366239 -0.0442591322978363 0.436297284249415
0.0371075130627761 0.0239918196380337 -0.0469623551045585 0.635459512519458
-0.00838133533439159 0.0521169348420137 -0.050735150795363 0.751549800742528
-0.041884813035428 -0.000430713415269137 -0.100562090861043 0.700850700024575
0.0325011471641427 -0.00205807457867025 -0.0847110518817783 0.56539520445943
0.029277980762397 0.0832155027757 -0.146494617265743 0.450562112967317
0.00174531809518093 0.0909222508447249 0.285376918490879 -0.344958958453443
0.0272096905158439 0.0206472571012965 0.112311079802134 -0.561851914592212
-0.0316090658698163 -0.0408192424076552 0.213528558431427 -0.589062067692253
-0.0382175006515645 0.0462831962039242 0.16494442455108 -0.73925432777144
0.0288516394964061 0.0398588177752189 0.046117233950127 -0.657931474039028
0.043333799331737 -0.0208524785651057 -0.00166294988606074 -0.437687926167131
-0.00153863444195899 -0.0505925581999158 0.00583326805877534 -0.227683565521142
-0.0192299676523746 -0.0555152799168657 -0.0125045642207581 -0.00362504859392584
0.00764077753347592 -0.0565670419841808 -0.0583925237619075 0.199326685402947
0.0475299949923533 -0.0204601695234227 -0.0668003009500188 0.424102344084796
0.043865405753095 0.0309974433481669 -0.0874320562410841 0.644438534872322
-0.0183431332237426 0.0610956007537241 -0.122371176154725 0.765849224982605
-0.0498956509821589 -0.00937039577798278 -0.170179551004403 0.6840996886902
0.0447107785338386 0.00205285200487828 -0.106153032496564 0.558733369365761
0.0271836543211275 0.103805386539945 -0.173308379349433 0.440892524632674
0.0106409817923091 0.0855663720396887 0.244137155825824 -0.371848932241354
0.0270491680187361 0.009208629368897 0.101704752717982 -0.54750541670626
-0.0404281929023239 -0.0360095046391814 0.158046310627735 -0.629874923242751
-0.0306523609169017 0.0545361078341199 0.0720044500044938 -0.725925765842425
0.0354136376197672 0.0359796365846611 0.00321090018293617 -0.63851193395154
0.0416863656596047 -0.0238696336743183 -0.0161457483853395 -0.444709615018123
-0.00605178130307321 -0.0518046603922437 -0.00177800114719453 -0.246171864178874
-0.0222194020004255 -0.0565281902387261 -0.0168220074405378 -0.0219654740986551
0.0088782423281839 -0.056828253654439 -0.0673324398029496 0.177723729700992
0.0499616660889991 -0.0189976751416508 -0.0865941824556991 0.407966484917757
0.0413302820378495 0.0381987118725811 -0.129490151190991 0.648786950776324
-0.0295789261567066 0.0590337744475531 -0.201568146129171 0.772830384314179
-0.0452786087643294 -0.0197721562957932 -0.239182818070022 0.652472028701131
0.0489724533714705 0.00989188391714782 -0.122149135227508 0.553110041669559
0.0180681220671114 0.10928415587174 -0.204037151846974 0.427411249538714
0.0147228986949874 0.0650985116087627 0.209686853358684 -0.389472902396652
0.0156189924031024 -0.000904476260574737 0.0975438988908467 -0.540054228949271
-0.0434484200460874 -0.0253509755900011 0.10208163886146 -0.662606840749608
-0.0189890898298088 0.0522792092052467 -0.00123743387947036 -0.707865462143109
0.0349123657200059 0.0277561563106369 -0.0264756523055091 -0.620559972600658
0.0359414951037964 -0.0210940509585821 -0.0274720596350026 -0.454854815306513
-0.00911569649482465 -0.0461261785808228 -0.0114768547790843 -0.261670795416825
-0.0197448783676561 -0.0488025463101422 -0.0211395985228395 -0.0370210476950446
0.0104677997095163 -0.04796492771167 -0.0749222612686822 0.15755550378652
0.0487093262578638 -0.0113149508543688 -0.1008800653971 0.393316770691156
0.0339588376072237 0.0420235066404374 -0.167096073730017 0.652374344653352
-0.0345464601543113 0.0468570248135637 -0.276824149469172 0.772826933471225
-0.0314747960044086 -0.0246711121546224 -0.294123334615961 0.620926838925193
0.0453061797414216 0.0195415755189891 -0.135093194664192 0.555518101495993
0.00357440783641566 0.0955013402136491 -0.230087922527043 0.411438915008561
-0.000456234338891835 -0.0850438653110114 0.33362803946546 -0.279523385004885
-0.0541618109393966 -0.0111148581627207 0.159719615028869 -0.564124593583735
0.00420226937354595 0.012954603360124 0.317154078054338 -0.510991772180326
0.0255867276841003 -0.019684265614418 0.340266788614626 -0.725100364061136
-0.020927435445568 -0.00815625482653103 0.150605045074261 -0.677959515164288
-0.0101049872127749 0.0180404422356752 0.0374192155589483 -0.430645008162565
0.00141121015500501 0.0238795320162466 0.0223602677643034 -0.205388445540566
0.00635379776495158 0.0312940842811974 -0.00983530535943223 0.0216479596625582
0.0239170595299498 0.024178983091345 -0.0387687456137282 0.230516296381286
0.00484102057611203 0.0386228390962289 -0.0112075384677917 0.443662836161652
-0.0231729266763195 0.00873582195161879 0.0140162129532633 0.613915424505454
0.00602355106452171 -0.0355620623832297 0.0575319807861143 0.734730272629244
0.0342684349560216 0.0164329743746312 -0.0141727172305884 0.708161614566498
-0.0266580096059627 0.0160917607061839 -0.0495340044548063 0.56204496754048
-0.0336466103723904 -0.0516952609951336 -0.100090065341655 0.45638434411333
-0.00123603335692254 -0.0440160407779402 0.349581252823818 -0.264550799596605
-0.038326474199118 -0.0029752156227786 0.163774029209111 -0.582659131772319
-0.00495071420004992 0.000838228702754723 0.317725208344422 -0.490385537167363
0.00962628745926842 -0.00557696669790906 0.371076622261801 -0.71831280207981
-0.0106251593793693 0.000879229646881054 0.164744500233924 -0.687581085519593
0.000976414656052331 0.00876905678768643 0.0378632538334387 -0.425890222309622
0.00102365035467605 0.00512987566424883 0.0237216776370105 -0.195219630348336
0.00130854316449267 0.0123902530128338 -0.00517323314330821 0.0284188126553498
0.0203653939521573 0.00514699481863998 -0.0334520607893702 0.238976769321432
0.0150503833822795 0.0236327719857836 -0.00558208850269815 0.450054938078601
-0.0078413247702112 0.0126616434926444 0.0206559947688537 0.615727571807613
0.00310708068313451 -0.0140939934413194 0.067444927956455 0.721790549407812
0.0168753934812694 0.0127525854742167 0.00408784830693952 0.710576013290755
-0.00972638594335454 0.0125537813019465 -0.04388026103693 0.56788838402851
-0.0146738640568146 -0.0150470527268989 -0.0962952505906579 0.45972488800276
-0.00603872540639776 0.0023537204189595 0.353533125452861 -0.266356856915736
-0.0183412530594416 0.0110591047948085 0.160234715856828 -0.592518041131711
-0.0100042240808849 -0.0132468523723105 0.305968026865822 -0.48790322472966
-0.00791385676219739 0.00647416183173485 0.363041727019431 -0.719811650279064
-0.00178763563964322 0.0138930137359929 0.155528630367247 -0.693701931301825
0.0144284161994437 -0.000990875056412405 0.0295322213185945 -0.426790657937804
0.00264277199256817 -0.0125310627736312 0.0199889662937465 -0.193456484722851
-0.00548151096312365 -0.0102842380647485 -0.0038253184591291 0.0309380928590362
0.0150957514182451 -0.0153562648346655 -0.0329983244119325 0.238698461751401
0.0237288852138001 0.00877390502604172 -0.00846452700845812 0.451483589839708
0.0091945983727869 0.0149168587633233 0.0114517260577792 0.621477213628212
0.00139989259529703 0.0101707782023154 0.055358956610691 0.723621212524836
-0.00349323758529236 0.010496658198561 -0.00173261303571464 0.708591350521727
0.00519748847997664 0.00637991229585838 -0.0485176770491674 0.570749184562285
0.00481254301477591 0.0205416409613913 -0.10113173708608 0.462794623521688
-0.00976175379282596 0.0457129207710757 0.342633345540178 -0.285837471918187
0.00150539774249237 0.0235164244660629 0.143782991084102 -0.591263812753675
-0.0147724284561226 -0.0267868891544027 0.285557393283403 -0.508166416487893
-0.0240989048605991 0.0197293013065493 0.319237512190026 -0.727943692908538
0.00805289315229006 0.0272342836878545 0.127225774151956 -0.690348675547834
0.0279637647330601 -0.00814602434364942 0.0209011819057497 -0.429186688352447
0.00173212271291677 -0.0291255161568663 0.0173027722468287 -0.19890002013371
-0.0122387927496749 -0.0287427559594964 -0.00512058453738044 0.0259251606114295
0.0101002846919561 -0.0337683619206124 -0.0377736287365066 0.230968322344081
0.0313706242677824 -0.0073888904649201 -0.0198290603412703 0.448371655456639
0.0257660111790895 0.0184713258716824 -0.00919403212475995 0.629436152192272
0.000319228922820457 0.0340085392450206 0.0179468449380388 0.733786956936042
-0.0242387555627799 0.0065246898812147 -0.0354742167640228 0.708467620397583
0.0183602214982034 0.000589159687697717 -0.0606798250507922 0.571165618897432
0.0227419372372041 0.053529674482507 -0.116458085514542 0.459665802952681
-0.00701465844932882 0.0776261278591297 0.317819236277732 -0.318309985784149
0.0187573735384426 0.0263323601526111 0.12253654780765 -0.57658998668181
-0.0233481176402389 -0.0367606134084398 0.253366214569921 -0.542751285401006
-0.0353130493113901 0.0334385996740108 0.246835280920803 -0.739562246774929
0.018847434897365 0.0360416989646516 0.0835287449740801 -0.678831585591675
0.037457507096226 -0.0171041444110183 0.00968061848571123 -0.431170689224167
0.000706794917577046 -0.043530930541392 0.0116732155320346 -0.211998403249268
-0.0169791963738221 -0.0452071936129438 -0.00803925130248436 0.0119952557284647
0.00686598057126621 -0.0482274288796573 -0.0458099037830248 0.219624566348891
0.0394901009894328 -0.0179066487885667 -0.0414410702827706 0.437695919597418
0.0385352922814081 0.0232730901377599 -0.0413331820787259 0.637628214957136
-0.0068768039118122 0.0521605311034705 -0.0412846430063587 0.751252736735523
-0.042895541577804 0.0015898230201589 -0.0935800264011606 0.701100448198616
0.0330636351399129 -0.00156431446775563 -0.0794899084496432 0.56498913007185
0.0308387947924581 0.0838292783963245 -0.138733674510459 0.455024477060633
0.00413612267980415 0.0915697690738845 0.280265010152772 -0.352929422644049
0.0282103279269718 0.0193007764536275 0.100496454985214 -0.560676272523068
-0.0332436107216368 -0.0406841299092975 0.207497414748788 -0.587790988869267
-0.0373542884053596 0.0477961328011917 0.157218642896791 -0.742035354052995
0.0302335778868142 0.0387396711473482 0.0379705509737189 -0.659779899433503
0.0432563825886892 -0.022455373855336 -0.00685040244370529 -0.436944405964024
-0.00300037582180668 -0.0508285228315672 0.00428516163473485 -0.228233090137315
-0.0219839639144522 -0.0557294482888362 -0.0127464355182907 -0.00269482201595089
0.00517927334332835 -0.057528671888077 -0.055435329251215 0.201184268629297
0.0453835564102245 -0.021084437627709 -0.0617702856090177 0.425272947856155
0.0446390699903322 0.0301132684666828 -0.0809841984298088 0.644903329352288
-0.0175865018624454 0.0617670030075613 -0.112216505123884 0.766266683205704
-0.0498401211324949 -0.00952014039107576 -0.163050140089129 0.686395222171472
0.0439698932384193 -0.000674056995649383 -0.0968985596718097 0.558720343435545
0.0307642055713508 0.103065747063391 -0.16577148403384 0.444616494904747
0.0126881964127858 0.0871391768258671 0.237909985801843 -0.378566215429424
0.0271774301033274 0.00915686214247937 0.0917079601183696 -0.546666261169228
-0.0424181499041162 -0.0349734665059965 0.150970744695461 -0.630810177999462
-0.0286685072952837 0.054482760534843 0.0653181627536345 -0.729036765741955
0.0364850353851522 0.0346264021439475 -0.00254381618988703 -0.638505771831637
0.041619893236218 -0.0251894323865628 -0.0196496818737787 -0.446201535898377
-0.00723785729204121 -0.0524765509247127 -0.00503844441629363 -0.247949742452628
-0.02252114869549 -0.0563413583099926 -0.0179977049545698 -0.021686823588962
0.00708005536682369 -0.0562702127902958 -0.065768243656073 0.178664739435654
0.0495799068378197 -0.0223304262349518 -0.0828247554022285 0.409782599195378
0.0417331579167648 0.0377632425762044 -0.122213685723762 0.650574651330666
-0.0275399481881843 0.0602969792920706 -0.191144649234751 0.775366369250237
-0.0454292751365838 -0.0187029126130508 -0.231721463435078 0.65654493442516
0.0496686955520693 0.00849682693033827 -0.113409288986934 0.555794818849929
0.0206963709698709 0.10862807503911 -0.196162931454147 0.431695969373682
0.0167068649875781 0.06532665968363 0.203229845498593 -0.395936385533525
0.0166325689512816 -4.39660307867736E-05 0.0878025591709377 -0.541665616321186
-0.0433320043256877 -0.0250015012025276 0.0922045661116834 -0.662961652251366
-0.017792100815532 0.0526721667086638 -0.00773583699716441 -0.708043562095201
0.0353198434946797 0.0276878514848233 -0.0327695518601176 -0.618627384441386
0.0349856664023558 -0.0231967342741912 -0.0329738871378369 -0.454831588158457
-0.0105220693527757 -0.0453926160230187 -0.0148288113999137 -0.263670208326137
-0.0212453347081532 -0.0479253054618057 -0.0218407009302917 -0.0383162909456758
0.00865909550615959 -0.0484146765206513 -0.0740100317374483 0.158986129673593
0.0481824241997464 -0.0129968397633893 -0.0971988039418957 0.394480616444509
0.0341986619872449 0.040819050728651 -0.159570157803797 0.655511160502484
-0.0330715563947935 0.0495348387267723 -0.267848270051774 0.77693203366336
-0.0340661311592317 -0.0242956837705343 -0.285873442334127 0.623426747889617
0.0466211087603441 0.0174879865764971 -0.12440780152655 0.555909447379581
0.00561125385614312 0.0964565801568709 -0.224306842493146 0.417070718897165
-0.00292529859218164 -0.0842019110768109 0.329008299840298 -0.289571978366211
-0.055245033082566 -0.00946056039022158 0.14619814990946 -0.56293630679268
0.00456031275063062 0.0132723507777955 0.311469478087578 -0.512480980366731
0.0235061514841612 -0.0211468136598683 0.331755486104047 -0.730804603776664
-0.0218122741130578 -0.00820858455719189 0.14133224664339 -0.679576745041943
-0.0101063344654037 0.017787413980352 0.03402227929364 -0.42978411382751
0.000972871463838976 0.0230961910166095 0.0211251649356689 -0.205896631573774
0.00837234527074784 0.0318976804279886 -0.00838755509821622 0.0214050351586172
0.0239513736072219 0.0229591205704024 -0.0349909778161602 0.232432692771463
0.00671984145220373 0.038449343152606 -0.00543330645390256 0.445832892261976
-0.0226819740590235 0.00992119584129342 0.0211679400224113 0.615300994348691
0.00552654434814287 -0.0359801222972699 0.0644268174252593 0.731729934116371
0.0352343680737477 0.0154422391388074 -0.00526377893297381 0.707876586168381
-0.026006777837145 0.0162487505869265 -0.0414927557296026 0.561218188485114
-0.0348801731685704 -0.050380212637243 -0.0909494353736719 0.459156941180946
-0.0021134138917476 -0.0443858044813026 0.34663370683625 -0.273028126753137
-0.0368636143314807 -0.00162175402829487 0.151711207604 -0.581029151591326
-0.00446273891455684 0.00161072549096285 0.312217780094591 -0.490699180290467
0.00929035791620214 -0.00677688603032417 0.361824173003816 -0.723021896023947
-0.0116351284783475 0.00259792888969381 0.154458048501257 -0.690044458290673
0.000828319950036103 0.00835592401596337 0.0338282586040758 -0.427246349811808
0.00232562294450813 0.00602580267789658 0.0220393598463857 -0.196165072022877
0.00139163723913372 0.0124220810122364 -0.00474078637513165 0.0287467886000787
0.0197533095031427 0.00545218370161002 -0.0307161955859879 0.239240157826155
0.0153924939321284 0.0234890087414681 0.000319443415854791 0.451420489026463
-0.00760312315371222 0.0123876734662959 0.0255994164030329 0.615265532785108
0.00348336255455901 -0.0139337469738727 0.0744805807698714 0.721670957806908
0.0173138176955281 0.0119159662820921 0.0157508695626542 0.706614943607387
-0.0105415652689103 0.0124758695837981 -0.0367893833342272 0.565977644691239
-0.0148971748046008 -0.0151263840434186 -0.0869732401089778 0.460929889430771
-0.00658690775271612 0.00371398197434095 0.349500119855762 -0.275919379082004
-0.0183080949358314 0.0122846735426766 0.147097130234617 -0.590951259881957
-0.00954633772556148 -0.0129643156983479 0.301707920132985 -0.491575999900087
-0.00854260719004539 0.00630327868617931 0.354926307601981 -0.72701512175861
-0.00138871909673112 0.0142108593926965 0.146064391423549 -0.694581187951601
0.0142337379928458 -0.000969479424947722 0.0263402347981069 -0.427262459889714
0.00215993384401026 -0.0126993293349385 0.0187741391952572 -0.193067442689826
-0.00483925234322557 -0.0087783793416935 -0.00329576089201126 0.030388473971411
0.0142031568487101 -0.0153200502815561 -0.0296696442279128 0.239270070631579
0.0248077486882247 0.00719794932511449 -0.00193605925431831 0.453762399586745
0.00973368019099627 0.015448392052915 0.0189159427750215 0.620919312619837
0.0015018461974978 0.0113026309847699 0.0631390774564049 0.721303419938672
-0.00337717061073821 0.00914239530342132 0.00724619407996783 0.706352750614151
0.00506934843660957 0.00557185982834676 -0.0399472507790316 0.570673055427992
0.00699221808377737 0.0198172738608023 -0.0928720400187646 0.464522321074104
-0.00825246035716599 0.0463759914209886 0.338514101462174 -0.295059250501176
0.00209826102416218 0.0246563038211974 0.130880173099404 -0.590658098937156
-0.0148936639765234 -0.0259779157882649 0.280552710264219 -0.510380860538467
-0.0244511770440669 0.0197544259077172 0.312142740438198 -0.731980636566696
0.00898491784932944 0.0261330391977512 0.118263149374974 -0.691342851637386
0.0265265849322088 -0.00997038408565761 0.0164382896446053 -0.42900629192729
0.000903316952847869 -0.0297290956065822 0.015184080302677 -0.199066455721142
-0.0117773865863719 -0.0293466736872782 -0.00491878509610259 0.023933861400137
0.00868573217044733 -0.034063970215983 -0.0342960175127536 0.232499285830156
0.0315353813364286 -0.00818716530369293 -0.0134657218337991 0.448585015550743
0.0263616089683832 0.0169027942945536 -0.00189993009594922 0.629761063808517
0.000604341074947586 0.0337382187851278 0.0250421944572419 0.733971917597453
-0.0252460811076272 0.00763511620967358 -0.027375553032024 0.706020439825805
0.0186766579467743 -0.000336942943016389 -0.0515775485906775 0.570051837088652
0.0245869051761795 0.0544972045380206 -0.1080378301574 0.463285314763247
-0.00372556493351269 0.078846553685757 0.311460361697256 -0.327136485032224
0.0199631591525591 0.0262283467133495 0.109553406979522 -0.575554162040764
-0.0242297179834316 -0.0358794395738817 0.246812597101517 -0.54624092763905
-0.0345848091191691 0.0344407357868016 0.239241726792424 -0.742787985501221
0.0200503701144082 0.0356103323109812 0.0766976308142224 -0.681209782164802
0.0375508946777513 -0.0179191525718691 0.00232385775181747 -0.432413989790687
-0.00196217462880314 -0.0432166582823827 0.00904273196765377 -0.212362122165587
-0.0192738755479906 -0.0437029055876023 -0.0080674896572514 0.0116123982517201
0.0051490881703305 -0.0492490028417836 -0.0434555667293043 0.220182693208682
0.0401290186656952 -0.0189687591744589 -0.0355522858960518 0.438413624954106
0.0388551273216977 0.0211904723136225 -0.034824832352789 0.639568798679179
-0.00590704875331023 0.053026607064462 -0.0349070619038705 0.750961167383637
-0.0426609997465692 0.00213953300373292 -0.0826956067959074 0.701032803268013
0.0323253910188528 -0.00452663047185188 -0.0689775247419765 0.566391083863291
0.033310954417189 0.0814673226739643 -0.129192350371079 0.458440312968738
0.00668466157635255 0.0917802838661116 0.273691481950407 -0.3608147473587
0.0297694786913826 0.0187882105079015 0.0899325192397031 -0.559716714166087
-0.0363011884430843 -0.0403356141769143 0.201053943355195 -0.590203760953359
-0.0357872855566497 0.0488087877518929 0.149477751819428 -0.743224912805577
0.0312667620115526 0.0376618880983681 0.03145176785911 -0.661130161761417
0.0417599674885444 -0.024788220505271 -0.0106604611155934 -0.437909262239063
-0.0048167307500721 -0.0510714226621656 -4.6343393494541E-06 -0.229679014576297
-0.0232352757646389 -0.0536311476307879 -0.0118131592994451 -0.00394479627036552
0.00392079505510302 -0.0574357975226338 -0.0530862241063991 0.201952216617506
0.0455789500725882 -0.0245296106421516 -0.0571055481622708 0.426133975022084
0.0448899822560434 0.0286652950285273 -0.0725985842937753 0.646314283457921
-0.0161125207665872 0.0630397433767485 -0.104792965426624 0.766766898397187
-0.0511550570216808 -0.00820484565377004 -0.155862013535672 0.686115955008548
0.043523519941524 -0.00160017387837914 -0.0886264174069372 0.559923291721408
0.0325827460425872 0.103103701829571 -0.156545574598503 0.450187537721889
0.0152340272687981 0.0866751729701611 0.231369862932865 -0.384984565205295
0.0278833452924364 0.00726091353014058 0.0818657604910623 -0.544910023609663
-0.0435693113737923 -0.0339392442330776 0.143909612213239 -0.630521061620518
-0.0283096191012468 0.0569422604753073 0.059947597079407 -0.729066733832346
0.0375448034579222 0.0337158060261902 -0.00966729473762963 -0.640058965034251
0.0401032826572835 -0.0271743194450314 -0.0242121000202548 -0.446207186055703
-0.00907440106857121 -0.0515034894967195 -0.00863248330312217 -0.247523914085786
-0.0249987707216238 -0.0551266531702925 -0.0170487166117641 -0.0213071901029878
0.0043826144521558 -0.0577781877262436 -0.0649268432505502 0.179127789067586
0.0491465049565522 -0.0231397785619187 -0.0778899547645019 0.410311014322241
0.0442909000071829 0.0363071983962282 -0.115187079360799 0.653530716693335
-0.0271149795949526 0.0616763525322243 -0.183959725190246 0.777048811006892
-0.0475223094678831 -0.0186506570805805 -0.223592795860854 0.660779295568384
0.0484284786659659 0.00606303616608246 -0.104481839437979 0.553794738937001
0.0223833962973272 0.108259893530173 -0.187094500610963 0.437930628959436
0.0184622597277189 0.0652956924702738 0.196230556797594 -0.4002103624689
0.016066987493256 -0.000546141644451568 0.0792602769263901 -0.538909206699775
-0.0458145595710437 -0.0245978581669364 0.085812153725492 -0.662104905248542
-0.0170214305606435 0.0531086218629821 -0.0154195565793213 -0.70669998519352
0.03618194045268 0.0268048264859754 -0.038913921330104 -0.620313288839469
0.0340512118408399 -0.0246064056264955 -0.0387029537209565 -0.454799394575311
-0.011812036359414 -0.0453111980678489 -0.0188022852761311 -0.265520578123766
-0.0231145875443663 -0.0476109721014835 -0.022036170216918 -0.0378840079749546
0.00629569852350602 -0.0497086418810991 -0.0720311123996792 0.161102291916681
0.0471659756773968 -0.0142528877896052 -0.094774120005074 0.396575691938285
0.0353063396735855 0.0398100410878185 -0.151094896633153 0.65877336113621
-0.0320870236759485 0.0497384542520715 -0.257991137098752 0.780585660053753
-0.0342214194633032 -0.0227484699233397 -0.279297225290616 0.625059366664474
0.0464904990331588 0.0154762748189747 -0.117237327862339 0.553965541362098
0.00907814429572192 0.0957046107344843 -0.215676687185872 0.424195113322826
-0.00483477075473872 -0.0840342165765713 0.323820487239624 -0.300438076852052
-0.0549998485430824 -0.00737708588021019 0.135000662223167 -0.562130612357419
0.00529678557952066 0.0139822569164371 0.306378969822375 -0.515289010362894
0.0223602785084644 -0.0220234766578485 0.324529802619927 -0.734244529425217
-0.022170821903967 -0.00716538622621806 0.134226482846911 -0.679891038888122
-0.00957695269720666 0.0180028351056647 0.0286293520860756 -0.429532588405796
0.00326185868472657 0.0229929847643273 0.0204649294999573 -0.206334483522798
0.00955487721488128 0.0319244887676045 -0.00749392257775141 0.0213463047245819
0.0251897164709346 0.0233233023372215 -0.0323991497414262 0.232220392803001
0.00783924253700177 0.0382963771639961 -0.000423131972612364 0.444525911503948
-0.0226966832323246 0.0105309917718741 0.0283174615969917 0.61679361072893
0.00380534570638388 -0.0349419086984991 0.0719828939408594 0.728813965155208
0.0358031974950053 0.0142214362198382 0.00178620831990892 0.705538992402748
-0.0248750954648499 0.0170504106923213 -0.0321630221194319 0.557422551672731
-0.037108916629112 -0.0496308139472398 -0.0799470642864434 0.460938357038623
-0.00227270619579412 -0.0431876806742532 0.341745562120328 -0.283458213423227
-0.0359669264954811 -0.000599373921624661 0.137846905938684 -0.579407677275935
-0.00410486583456351 0.00158981629911763 0.308198284536073 -0.491578305247666
0.0091299138197757 -0.00692695914349266 0.354699627169602 -0.727761325776966
-0.0108369425068338 0.00236191546143237 0.14543478499583 -0.689803592844906
0.000695144796901344 0.00802086313558113 0.0300198437703418 -0.426204032055438
0.00176216635432623 0.00616038798471801 0.0202613999338708 -0.196724102769116
0.00230250091898471 0.0126748159420434 -0.00376812908348108 0.0286511779582064
0.0198097126946263 0.00434047732642071 -0.0283469240961025 0.239900480682086
0.0165697456398194 0.0225564221316813 0.0065477816535107 0.450747100956285
-0.00715533091064275 0.0131322474436879 0.0327640181578455 0.616431145590493
0.00256343944991849 -0.0123199726237812 0.0821457112832204 0.718415007984558
0.0177748701413219 0.0110577597043799 0.0229499441183311 0.703479610742272
-0.00940817961049229 0.0128799498737234 -0.0290929366463092 0.566583909689158
-0.0156635898185516 -0.0145811643409073 -0.0763701128876783 0.46394667564977
-0.00623953526329968 0.00357328421373797 0.344341631522976 -0.2863093179588
-0.0169669120774767 0.0126927120885662 0.134519048569156 -0.59006943969545
-0.010120913742801 -0.0125787023711637 0.297236980574372 -0.490538352677749
-0.00828425328225931 0.00628613976842956 0.346004159987616 -0.729951505178218
-0.000657345601896018 0.0150912279580033 0.13764568134487 -0.696118129594635
0.0139126479405258 -0.0027375715044218 0.0219250170601342 -0.425230751546205
0.000977486395148735 -0.0125239305256893 0.0180493072776356 -0.194634312090387
-0.00619520722978344 -0.0088915284519767 -0.00184185590176923 0.0301441683410597
0.0132966620003204 -0.0160582963216804 -0.0267684373138038 0.240313569213916
0.0248384897910765 0.00591032258119559 0.0020472603678673 0.454950511039034
0.0112087321590478 0.013728315950792 0.0260627279609199 0.623017611608826
0.00214517410002796 0.0101503603290602 0.0688941066170406 0.719751390679135
-0.00409450986256496 0.0103883690215404 0.0165047830208287 0.704233023757055
0.00481964925426513 0.00466499714582676 -0.0318320635670425 0.568939424271577
0.00622502286667042 0.0212335648111258 -0.0824332093187447 0.466349980777869
-0.00755223310547962 0.0478091983373742 0.332058760749021 -0.304576196348272
0.00381095419861896 0.0232039835746784 0.118610100178763 -0.589336912020099
-0.016308138027408 -0.0259255895040839 0.275051455113939 -0.509950808404808
-0.0238615921225513 0.0205740140409778 0.304753100244484 -0.738204249303778
0.0091835724772803 0.0253145452287776 0.110155639539109 -0.692379961723653
0.0271926556462625 -0.0113398784968811 0.0129111523687836 -0.427433814090861
-0.00109849430804466 -0.0302366657471848 0.0142245523521923 -0.200751809183205
-0.0134412783154404 -0.0278756542395245 -0.00340400600910833 0.0236063547312257
0.00779121886092025 -0.0344527603828258 -0.0322919884804082 0.233330919093598
0.0314689511499685 -0.00936746068483863 -0.00971156243773647 0.448918630509889
0.0269770833376652 0.0162129995974743 0.00394460198670658 0.63094105737361
0.000845539456762918 0.0346748808408052 0.032988721323134 0.730682756866901
-0.0254676963330533 0.00894321039918766 -0.0172644196148202 0.704473778262312
0.0178423953105572 -0.00155976404998183 -0.0431176191074259 0.570088061397709
0.0255170570774538 0.053153687593059 -0.0979232173899442 0.466414375849347
-0.00158634807056107 0.0799574378042237 0.304900427082882 -0.336102458709001
0.020800871351941 0.0251223792368663 0.0961799212566595 -0.572879114047477
-0.0254182088382658 -0.0356463512799876 0.24140145721468 -0.545528689555404
-0.0337099762687362 0.0350474841377639 0.231624362026914 -0.745309039096243
0.0212699830267053 0.0344238607172776 0.0668924941230837 -0.68061912066735
0.0362950057471634 -0.0198771649712391 -0.000126002463616748 -0.432165483608656
-0.00430613096354593 -0.0431618864498111 0.00758542322312721 -0.21179935383112
-0.0205825877331884 -0.0437845686895583 -0.00723553084064483 0.0126743577222948
0.00259597283437447 -0.0494916551948356 -0.0396786645768544 0.22097075773068
0.0377676991903628 -0.0213071465486358 -0.0301396156261611 0.439707055142666
0.0400180092440248 0.0206169686593879 -0.0261319545746874 0.641781071944122
-0.00436099966765959 0.0530135924485759 -0.0240466358367623 0.751519085051949
-0.0425855588338532 0.00352665220600876 -0.0765155050042697 0.701018157846071
0.032398634923653 -0.00559406792270192 -0.0583684575188856 0.564248406959363
0.0358750840143426 0.081062180740686 -0.121226882317785 0.461036057963508
0.00982012620526295 0.0924155167805365 0.265949217302558 -0.367803718311231
0.0300522730433961 0.0187186123238882 0.078223805195182 -0.556048939991253
-0.0376643612358966 -0.0385338802121339 0.193415553264046 -0.58875598987022
-0.0346203576786781 0.0497074969699546 0.140418639157326 -0.745647424172492
0.0316296410757288 0.0363262257774311 0.0243398573234968 -0.659688334406925
0.0402783416617401 -0.0274494440007537 -0.0151455025653787 -0.437669140364879
-0.00763228262739757 -0.0510819204977681 -0.000736238107713468 -0.230159275291603
-0.0256145481395347 -0.0534221984268875 -0.0122046218265162 -0.00478132557006205
0.00157067964433297 -0.0579198840084602 -0.0506187436004909 0.202550993880712
0.0449636883430503 -0.0264689452782342 -0.0536173111732078 0.427592940553458
0.0459536806890934 0.0273097560760508 -0.0650572277420026 0.648079145386889
-0.0146213536570456 0.0639246493176952 -0.0941598634506011 0.767630869541037
-0.0521742817390466 -0.00595098487857209 -0.143126710085168 0.68644504010726
0.0432775600393802 -0.00353941056060206 -0.0783582733979098 0.557351086447527
0.0358524435109541 0.101011716215989 -0.147369359528029 0.454604647604334
0.017789015067073 0.0858396384268558 0.224178157542308 -0.390949033532646
0.0284393261610256 0.00564526159010144 0.0706120394814648 -0.544010914895392
-0.0460360125402388 -0.0334276359673071 0.136261109638249 -0.629752269116227
-0.026771155376017 0.0561714748125572 0.05081443024061 -0.729405424631656
0.0378405926156118 0.0323750228508474 -0.0168035955459984 -0.640261201397832
0.0389662246569263 -0.0288397839253367 -0.0289387727520045 -0.446298669271266
-0.0104567521426921 -0.0516258070444708 -0.0116548502998349 -0.248211119856302
-0.0267742879327809 -0.0529704879379248 -0.0186000729290338 -0.0221313859405833
0.00198040423803443 -0.0580072264973803 -0.0623288824127039 0.18112414680425
0.049221853396805 -0.0252002767476239 -0.0743720055217237 0.410597088349821
0.0451624396038194 0.035306634766019 -0.106188372716429 0.655140953115894
-0.0249985265799805 0.0628274687848671 -0.175811673127601 0.779216082326181
-0.0492805102825322 -0.0171415644177256 -0.214918408380923 0.662206994106439
0.048355384303758 0.0043392037421142 -0.0955646321206492 0.553248279313922
0.0262983808579233 0.107810674614289 -0.178069072940627 0.443918424048586
0.0206289962357835 0.0642722901880445 0.186775682396184 -0.405673379604348
0.0163745469159659 -0.0015175865602388 0.0687696958504622 -0.5362011155357
-0.0468161002955024 -0.022489522733448 0.0769449803833306 -0.661259051669733
-0.0150740189143995 0.0537039220141069 -0.0222093066866318 -0.704368003404055
0.0370542956312903 0.0248748718773169 -0.0450741334184474 -0.619624735553629
0.0327591361246621 -0.0270104664611576 -0.043146055247853 -0.455996731821055
-0.0123481589281531 -0.0451248324248171 -0.0220076723255841 -0.265269987255695
-0.0249411056000395 -0.0463759158394706 -0.0231637378826768 -0.0381384988762042
0.00497512999876434 -0.050866542104791 -0.0714449629507527 0.162067262789252
0.047333752526537 -0.0179164161127841 -0.0911501970836247 0.39616850662584
0.0363456160281894 0.0384546185394782 -0.141392310809384 0.658671495092487
-0.0312902862337422 0.0504373802437175 -0.248170283013964 0.781605063685218
-0.0355764993743886 -0.0214036399655741 -0.271388528693141 0.628439409835001
0.0463775723108097 0.0135914987094528 -0.104859707349387 0.554419831460634
0.0115686040780576 0.0967226494374473 -0.206498592746083 0.43084963160651
-0.00750098878002039 -0.0843047756783197 0.316857795267111 -0.308766406655536
-0.0538848098034391 -0.00550600154612246 0.119676308500954 -0.557727891988876
0.00539662852846436 0.0134184217243747 0.300971501172046 -0.513011455512262
0.0224806936495751 -0.0227299867548753 0.314296925060441 -0.738239709789596
-0.022140236978869 -0.00603836785926723 0.126805158796646 -0.679040305340602
-0.0101852336679171 0.0173014241719898 0.0260676145254361 -0.429078831836912
0.00373175667637247 0.0220200323562707 0.018276475708561 -0.207308774625488
0.0114020746498329 0.031649554084952 -0.00749679458685655 0.0204730515386575
0.0259658036271798 0.022623683552556 -0.0293282794832085 0.232420422427832
0.00861562747952625 0.0372409013588816 0.00617231807058738 0.445468387113149
-0.0222931086183478 0.0113665377599002 0.0335061772156112 0.616207804810515
0.00237213762652356 -0.0364159664423377 0.0791812222182788 0.725399574288269
0.0371498798274005 0.0121040312833332 0.0118282910855188 0.70108409964164
-0.0238470024165561 0.0179933816894432 -0.024127721124054 0.55597695465236
-0.0384306304092799 -0.0490229974668093 -0.0703273261454408 0.463843445130706
-0.00413626569056653 -0.0432993577647981 0.335596006984571 -0.29322686107214
-0.0370720688588604 0.0011137999951206 0.123372688789341 -0.574415510079822
-0.00412029583438847 0.00147229266069054 0.302562277111759 -0.491734319970772
0.00868954348964202 -0.00755828437354505 0.345118704483802 -0.733152791876676
-0.011239629249069 0.00194317924003789 0.137191661352972 -0.690207161518668
-4.06475765362731E-05 0.00727676321059774 0.0262629120120952 -0.425165431123087
0.00203791989298121 0.00555500447860775 0.0185195622364761 -0.19687098315953
0.00232960874554045 0.0130273731952112 -0.00241245084167921 0.0283367893589102
0.0191704490208129 0.00443381130903395 -0.0238779275015637 0.23992069395584
0.0172197665491052 0.0220225560758113 0.0104317580233569 0.451323164232605
-0.00654360990778221 0.0137466703319094 0.0398804416546044 0.615396450277476
0.000765811470552746 -0.0137966980734439 0.0907109665184022 0.71444350742065
0.0185657844040363 0.0102672860972753 0.029531000838632 0.703303378663993
-0.00957264298203563 0.0124952807855669 -0.0186516385236756 0.563326840961187
-0.0164559378862482 -0.0136991307212738 -0.0660453020184289 0.465468514784682
-0.00633149442787312 0.00444403354050892 0.338470903275797 -0.295907159408151
-0.0164696196312349 0.0136227380354115 0.118337732254179 -0.586880658939569
-0.0105100613903652 -0.0118638211915881 0.291744335622359 -0.491368134401416
-0.00816922018686735 0.00721754849528912 0.337129267465964 -0.732584928400326
-0.000979234473015598 0.014816918460288 0.129475469893352 -0.69636624237636
0.0137430705711277 -0.00316132226132725 0.018560272038501 -0.424717316754088
0.000872796041950244 -0.0128570170100821 0.0170739288211942 -0.19483674339293
-0.00574255074562439 -0.00688421232478223 -0.00108695395105648 0.0288461533362992
0.0126935833191936 -0.0151771726619779 -0.0226275367965471 0.239917132176441
0.0250476453623928 0.00471967993600776 0.00854348648837346 0.453083956755604
0.01109369499584 0.0141605943543062 0.0331386831483904 0.623376008698413
0.00187739555122889 0.0107373122959994 0.0776140084680419 0.716815714685577
-0.0031720716880046 0.00954357717802928 0.0260610109001123 0.701011381649435
0.00529046959202729 0.00477019364606623 -0.0216380289322471 0.566188955337946
0.00764578749075511 0.0190298347616616 -0.0731186117644016 0.468576498408469
-0.00509106824829434 0.0474699426048983 0.324323149625649 -0.313709856084693
0.0054465792849593 0.0232871798027019 0.104477430517528 -0.584281484556565
-0.0174936084667651 -0.024866692683516 0.272233610514263 -0.508707083834037
-0.0237255357892796 0.0214162374872873 0.294416898847905 -0.74112228611473
0.0107850035627524 0.026468867108993 0.101199479113672 -0.692464897354653
0.0264056843769203 -0.0124672119536312 0.00901018280336549 -0.426873327015111
-0.00185891531024044 -0.0301110492537139 0.0123619685594425 -0.199758100757503
-0.01422441442917 -0.0281371633196835 -0.00194881096366169 0.0231693301806358
0.00564588971323873 -0.0344450888431451 -0.0287897538290513 0.233235651961454
0.0313106531505316 -0.0112881548814304 -0.00505934600857581 0.449712454968903
0.0273285776969573 0.0152979508848167 0.0122681026363389 0.631114292243043
0.00216027656445539 0.0344843324183202 0.0416001657820514 0.729360975755172
-0.0248320146681333 0.0100134754184645 -0.00872020587472796 0.700670427030487
0.0177413473847844 -0.00304597359455246 -0.0330620845948425 0.567698182622434
0.0268441563462594 0.0522608286769972 -0.0863175648271916 0.467889962487918
0.000777884171085835 0.0791006018300451 0.297001979528298 -0.344361702582588
0.0221335698484388 0.0239575516604352 0.0838330691492187 -0.570281022847278
-0.0267651158135447 -0.035390984118991 0.235640674265679 -0.545505395804738
-0.0329194184185396 0.0365067755847688 0.220613397261781 -0.747591974808628
0.0228481741554 0.0337318562929169 0.0598357286237625 -0.679954856347581
0.0360242767593847 -0.0216880966095437 -0.00416984002121919 -0.431431639312529
-0.00405339883806544 -0.0426662468421079 0.00526700173933772 -0.213262997785385
-0.0219686363098497 -0.0427284617021141 -0.00681708546673624 0.0107356316403689
0.000610664086448741 -0.0495933356494478 -0.0369836296464816 0.22226273342138
0.0377864462085269 -0.0234181258945127 -0.0252616847603861 0.440051967714408
0.0402087934865578 0.019127033583697 -0.0187393191283947 0.639952218055136
-0.0024188507663304 0.0537227449829199 -0.0166110717608837 0.747133767024376
-0.0441181485704387 0.00472103456471157 -0.0664918114084407 0.696510769233057
0.0309431556942642 -0.00783966564187885 -0.0509950639692551 0.562157024714425
0.0386848899225525 0.0793632089474428 -0.10999128162024 0.464378888195215
0.0127054319572089 0.0925355506810167 0.25641818754005 -0.375754530521819
0.0301236113853913 0.0164465331444483 0.0662744407867164 -0.552135539503503
-0.0387209855427174 -0.0382559299071519 0.187579805536164 -0.588633756581676
-0.033399308739659 0.0507001546175874 0.131674513165248 -0.745711034578979
0.0331943777735234 0.0348170215814753 0.0168996099847385 -0.660655028153586
0.0395854748926188 -0.0285027449538313 -0.0191543077463639 -0.437934123790784
-0.00819115355855185 -0.0518607040503898 -0.00391038190528533 -0.230861564734961
-0.0262028757145658 -0.0513872452067217 -0.0119452893738296 -0.00439301080984944
-0.000970750395315963 -0.0572932639023308 -0.0487363213102226 0.203066395023742
0.0434137566964817 -0.0289585064692387 -0.049013455533158 0.428271337906825
0.0470492443677199 0.0262442150393795 -0.0579370608587011 0.647255794576583
-0.0113256270264262 0.0643589249739554 -0.086510991870527 0.766851845180026
-0.0524907828093618 -0.00547531580770734 -0.136121158299589 0.685247695913808
0.0416430330377716 -0.00593160196851814 -0.0693747058483055 0.555186861543468
0.0401891043383759 0.0995756484688839 -0.136815303850333 0.457731566300211
0.0193473733304447 0.0856420803767353 0.213256830301583 -0.397653994451205
0.0282423005831795 0.00545064385077635 0.0600159694896549 -0.538601824046186
-0.0477350394381811 -0.0321366936160666 0.129194317942475 -0.628392511983255
-0.0251799418332573 0.0577568992893646 0.0421484395120758 -0.729632548554966
0.0391830761888522 0.0308406793519304 -0.0228283546760179 -0.637407389211286
0.0376586456409003 -0.0306332849626527 -0.0343668433635459 -0.446064213469031
-0.0121980871495079 -0.051123677846343 -0.0141968815736573 -0.248419521983983
-0.0286459861147143 -0.0538896776068209 -0.0190014941015093 -0.0216828559359672
-0.00123080283434363 -0.057201091984176 -0.0605704326819246 0.181736782184667
0.0480238353670173 -0.0280226344071341 -0.0703264522805621 0.410455830919895
0.0465279763922423 0.0330734180701022 -0.0965555482610448 0.653192721176345
-0.0239167096150128 0.0633554443859073 -0.163521631085759 0.778595320685165
-0.0499485454366543 -0.0152454771826629 -0.207929065247155 0.660282178781757
0.0487930453462864 0.00242353049518906 -0.0849748276124775 0.550751335873553
0.0305743287023091 0.105696073133363 -0.16888111854466 0.447653388818146
0.0220872927679872 0.0644060760494317 0.175788351884832 -0.410807654050381
0.0166198982109766 -0.002444108645961 0.0581793739099212 -0.53283862882017
-0.0483306010083671 -0.0218119824371039 0.0686822024175719 -0.656281681721523
-0.013408641498341 0.054716528325343 -0.0292176525329564 -0.702645426495539
0.0379401723169586 0.024031237753112 -0.0524779245591082 -0.620563821608089
0.0311974161516041 -0.0279958744842256 -0.0482484244631851 -0.457390751819076
-0.014984713507171 -0.0452923576923022 -0.0249270213493985 -0.265611070865161
-0.0268826282211568 -0.0451788943110512 -0.0245083246583576 -0.0379718962291817
0.00286951976370608 -0.0503382666987229 -0.0706368026151222 0.161987357697508
0.0473926179384095 -0.020343635615129 -0.086971823026158 0.396982390013417
0.0384145635445177 0.0371297530021561 -0.133502316275075 0.659902873770781
-0.0305813116932058 0.0527481888733487 -0.238328049106097 0.784128326072359
-0.0369731952868916 -0.0212329882701607 -0.261991203133582 0.627688416525355
0.046562889049579 0.0109170078398685 -0.095515795839789 0.550433637592837
0.0147165773285905 0.0953686296613336 -0.197292044399159 0.435468725273204
-0.0102664376529517 -0.0832061422046157 0.308082029351419 -0.317891000373646
-0.0532700161159628 -0.0038917694773036 0.106463961383068 -0.552966110277126
0.00701374006158126 0.0126639750263623 0.295436419014648 -0.512872373525056
0.0212075276260796 -0.0238892162493521 0.304713662883535 -0.739674270221001
-0.0226156479126686 -0.0057079024795132 0.117861063053237 -0.677221855819057
-0.00912654351905781 0.0187064895587832 0.021337149212482 -0.427994268773318
0.00419064428036448 0.0225031236670427 0.0164723322305778 -0.208080563020744
0.0118272170554819 0.0323522610358535 -0.00603865329388256 0.0187592574038196
0.0263867624121869 0.0211060516620309 -0.0253761581625697 0.23348747411742
0.0110908766504095 0.0370815622123609 0.0119126776927597 0.444448412570513
-0.0223077328397628 0.0127997640340469 0.040574108760344 0.615284501945416
0.000979322262607397 -0.0348875391089944 0.0867261419551272 0.721345227555154
0.0372165947213108 0.0111864196639901 0.0194908227054255 0.696996273870549
-0.0230773632746895 0.018059757337896 -0.0129245387787693 0.553756139009019
-0.0393548017927114 -0.0481239493085293 -0.058832823744004 0.464056074369967
-0.00593312183333622 -0.0422282207882942 0.326732613872015 -0.303333823915362
-0.0354844387121302 0.00186808345607714 0.108045524705571 -0.572206592456661
-0.00382485675608637 0.00225426265614699 0.297797825308993 -0.489015034731366
0.00769893825272883 -0.00870679335264336 0.335890345470361 -0.736369217286527
-0.0114800591716152 0.00262599292675626 0.12935175546555 -0.688861095322789
0.000872557511810744 0.00716978402737622 0.0219857507981366 -0.423265249314618
0.00238973714293712 0.00513240487083804 0.0172615317279269 -0.198375140721003
0.00412979722048432 0.013122153064225 -0.00120813770228971 0.0268584714412637
0.0202889969924914 0.00415845280409918 -0.0201693830468231 0.23887912600351
0.018309470960827 0.0219588615123989 0.0151243218448489 0.449814317028451
-0.00620544021459937 0.013814725199703 0.0470168752762206 0.616955712907789
0.000345938315915489 -0.0147058899938565 0.09646191777493 0.710535619677003
0.018296980109209 0.010481541985813 0.0405592572617086 0.695879881237431
-0.00858825766213637 0.0122902400610657 -0.00993215894729644 0.559546611967687
-0.0165793756529485 -0.0132954860068809 -0.0553702768457218 0.466293893528251
-0.00453779027211212 0.00462156395045828 0.328287621519442 -0.305419452564803
-0.0153031418553919 0.0128553914312076 0.10428455045842 -0.581307981011897
-0.0115149706207739 -0.0119016962419151 0.286352255030317 -0.489071032428371
-0.00854890879631763 0.00637994569019606 0.326840155972166 -0.73754365081394
6.04063138612701E-05 0.0139435423637487 0.118087483442413 -0.693960497213473
0.0132499167018686 -0.00448030027548092 0.0149960927831115 -0.422516218220763
0.000181692395576623 -0.012191412112087 0.0165927572159754 -0.195463422557443
-0.00643567892933329 -0.00815015330690801 0.000908935619055612 0.0279472495833452
0.0120679206483355 -0.0159455963269453 -0.0199053405946975 0.240246909128793
0.0252853463910149 0.00365006496741154 0.0143138453490916 0.453749721526232
0.0114874795112265 0.0143699911141993 0.040118660427619 0.622353820795465
0.00221930399358215 0.0109136950131477 0.0843559770543275 0.712520304288053
-0.00319395218782371 0.0101544344715243 0.0331925856865168 0.694975025299957
0.00443791434216643 0.00406473216966642 -0.0132964096419827 0.563110498331594
0.00839834423556068 0.0190376454031685 -0.0610988553658916 0.468548238614838
-0.00381610067600264 0.0485776559602857 0.315793922861309 -0.323741235229992
0.00505700223464804 0.0225117618258419 0.0903012327296714 -0.577966110564227
-0.0187135489604877 -0.0244039687969604 0.266046500101522 -0.509541064174806
-0.0232683565784183 0.0210944396306126 0.284372492451095 -0.74237032258758
0.0119605425091497 0.0256007074158541 0.0919471658676388 -0.692149082139926
0.0252458999537409 -0.0140013227598043 0.0060021124640256 -0.425353156029524
-0.00321320816410494 -0.0301555853277279 0.0110752007625323 -0.200765515440177
-0.0159785070474612 -0.0262088392410696 -0.00125747283794367 0.0225330040311919
0.00381648216604132 -0.0351427136249215 -0.0242128028405612 0.232355011383625
0.0307310583219375 -0.0129363340927802 0.00180464268935448 0.44845651611431
0.0277904741745669 0.0151881760733902 0.0189770976990043 0.629539652957145
0.00297357007303962 0.0342608169435849 0.0477422947182515 0.725252943153341
-0.025715764056348 0.0109479698351794 0.000207315928888918 0.696284256094923
0.0175196854353075 -0.00361104272513143 -0.0236521428231451 0.563110415780874
0.0276960801367564 0.0505175361280281 -0.0751077395963038 0.468832890514164
0.00414879488935468 0.080168808567814 0.286753093360547 -0.354690221276
0.0231544158594368 0.0226191555167783 0.0689961993729526 -0.563805965112643
-0.0294337575743336 -0.0344425924675778 0.231712286530599 -0.54419522719852
-0.0318114820507444 0.037768483470672 0.212331065382271 -0.750287676232663
0.0242721748538722 0.0328034369541679 0.0513916303932143 -0.679300139142286
0.0339535013821839 -0.0237805068240727 -0.00734531993427078 -0.430233297407427
-0.00591681574538617 -0.0435119054571358 0.00327941146655033 -0.214025353019788
-0.0241487351564633 -0.0416682333198383 -0.00602204050065555 0.0117222647885155
-0.00152886402983744 -0.048728434389758 -0.033411792361583 0.220525106141653
0.036542046064129 -0.0252416836350066 -0.0200661748202298 0.441001654190508
0.0403529438009232 0.0178033439787698 -0.0114871189870287 0.63781222389195
-0.00159288829574456 0.0537845297431482 -0.0093983188207332 0.745120722918546
-0.0440970552775013 0.00553175816304649 -0.0570179807435238 0.692757915411249
0.0300760850630747 -0.0088276487396228 -0.0406160707826513 0.557602365142015
0.0415548630673621 0.0773475982859102 -0.0965968459245103 0.466075740806506
0.0164037252926048 0.0911776241697471 0.24589248413546 -0.382581089432286
0.0324889105496618 0.014109849726941 0.0551548064000779 -0.546107027585453
-0.0409783284738073 -0.0366142823847526 0.181891404054594 -0.586354298485926
-0.0317689208576689 0.0522536440256188 0.124570598954507 -0.743589704352446
0.0351634029312335 0.0339522885936506 0.00804659055287647 -0.65881075940338
0.037454151325335 -0.0307237825614049 -0.0230651591296982 -0.437189604453053
-0.0101970836051582 -0.050429184850669 -0.00579191084232182 -0.231487055411027
-0.0300554856919617 -0.0505488908248282 -0.0120567074363967 -0.00444068144393908
-0.00452384105410172 -0.0566188059128476 -0.0460612479534209 0.203258228627015
0.0418335759838943 -0.0298126686581918 -0.0431101393870563 0.426341046434787
0.0477089280515737 0.0234195563608473 -0.0493695229136264 0.647805643511072
-0.0103151139560941 0.0650208028043738 -0.0772240001652348 0.765278843937278
-0.0534392515922754 -0.00293757729880937 -0.12929799213195 0.682237111901645
0.041360907861875 -0.00793211452988889 -0.0600013549588942 0.552459837119752
0.0424390856694485 0.0980574653007775 -0.124751427595079 0.45998385650536
0.0240375396535981 0.0845841032953864 0.203009154652132 -0.403708485292189
0.0285481901158724 0.00419128301391198 0.0486843853473249 -0.531881724769309
-0.0497469862464502 -0.0315291157316382 0.122013967743619 -0.623196316802713
-0.0232226321778074 0.058577592991696 0.0359343930026891 -0.72503152468372
0.0409202261012412 0.0292949305816629 -0.0311357901804799 -0.636868221324795
0.0351924693913058 -0.0326567167551018 -0.0388390782477585 -0.446332819581248
-0.0155707858234284 -0.0514922008593194 -0.0193351733048636 -0.249007385923976
-0.0308935173658798 -0.0512472300131365 -0.0185489223594968 -0.0235130527814363
-0.00243077289483985 -0.0566179374020022 -0.0583708177018024 0.18260203490342
0.0460774209586984 -0.0291933940478722 -0.0671622033748785 0.410294439870071
0.045830288492716 0.0310882933532942 -0.0899589383049104 0.652807063090957
-0.0213871707440041 0.0639720951936748 -0.155975970722999 0.777712575927653
-0.0508726145853167 -0.0144009470506282 -0.197399619866768 0.657486165188991
0.0481228520623336 -1.20086587687175E-05 -0.0767111350926691 0.545698345082591
0.0338039916948468 0.104473388080802 -0.15518139569942 0.452514170003347
0.0247184858491743 0.0650684375939788 0.164929280407928 -0.414866674181558
0.0167141868796672 -0.00310376952370147 0.0481060261070996 -0.526107287107526
-0.0488690926360626 -0.019850796570591 0.0605553665863019 -0.653885762631345
-0.0112629089730494 0.0548858944165351 -0.0340449270501279 -0.698856885057129
0.0382671399179194 0.0218551986730675 -0.0572216962956945 -0.616754055986833
0.0299469443083594 -0.0294358765205178 -0.0539095522255882 -0.455141195583488
-0.0165680770963433 -0.0447129042809181 -0.0288056205151736 -0.265548897268558
-0.0277990833533574 -0.0442015264259189 -0.0253232469676705 -0.0386603295700437
0.000737431517291054 -0.0494699837787475 -0.0695160316918202 0.162803136295359
0.0449101133568506 -0.022025989252358 -0.0842874798011826 0.396337209611002
0.0391372145681274 0.0356163591746916 -0.124178010661049 0.658924620041856
-0.0286090059168325 0.0543902398391413 -0.228785031210874 0.782891593144603
-0.0376123003550626 -0.0196675108067603 -0.253663381268154 0.626647532588127
0.0459089168256995 0.00953702882850957 -0.0866148769932467 0.547452523529069
0.0185294540888513 0.0943628320722774 -0.185415362482906 0.439464741448845
-0.00503995511058882 -0.0787622092821991 0.318728774370339 -0.302546283628255
-0.048313330516666 0.0014122532333157 0.126503366841212 -0.544391390093146
0.00934637095086828 0.0214834718814313 0.3281684679299 -0.493673088188266
0.0284058795034615 -0.0156611144874325 0.349211317211717 -0.722213917631783
-0.0176178155995998 -0.00134246384266535 0.151936664260574 -0.668485800266628
-0.00574996633955121 0.0208848382856653 0.0473437491016673 -0.425132321795883
0.00433632139974587 0.0230535433886014 0.0284298350879681 -0.206596718702493
0.0114683331818765 0.0317815462459906 -0.00592148807051125 0.0183789710079366
0.0247631757544624 0.0203339576788991 -0.0381684337168301 0.230574141308867
0.0099394772483137 0.0342507566514175 -0.0173616254808076 0.446573049808303
-0.0201360785189967 0.0107483762672996 0.00081953541851114 0.617570488995182
0.00264414690812104 -0.0362209736530068 0.0464382904567492 0.717122328920841
0.0336867867113116 0.00793470008759068 -0.017227514704084 0.688835357728478
-0.025179808236216 0.0131441818218487 -0.0452217035950943 0.546747502265932
-0.0372917440708548 -0.0513020555496554 -0.0830991288963618 0.458922133128334
-0.0017681678989246 -0.0369542508581055 0.336634648349988 -0.290438443592947
-0.0300526827538813 0.00683837183703826 0.12993010802118 -0.562322126913645
-0.00137438236566184 0.00910993687085919 0.328538407362301 -0.471678088860618
0.0146509533033295 -0.000257504881703117 0.37864112316963 -0.715667216156334
-0.00516135127005097 0.00748626186964143 0.162834111968267 -0.678938709433447
0.0042566625446156 0.00884802764358986 0.0457511233780068 -0.419449197421508
0.00316267552477945 0.00594598433199214 0.0299279924528504 -0.19702510027662
0.00340810506652361 0.0140520001983413 -0.00190359043493587 0.0257469129174017
0.0183706805185151 0.00323795150552597 -0.0324897688785054 0.237946604654734
0.0176983778616286 0.0191671468026152 -0.00937600589295914 0.452466908793276
-0.00482293612035472 0.0108067087505936 0.00647017971681201 0.620274876466509
0.00119466327890679 -0.0140184314133272 0.0552876627750022 0.707382418744794
0.01480367506308 0.00590382635327181 0.00370914049635663 0.689077882771338
-0.011963696379154 0.00787422147569578 -0.04258722856737 0.552498053364007
-0.015490992642989 -0.0181860521989915 -0.0765056097261372 0.463334415887428
-0.00343591022439989 0.0114026501517747 0.339966695767891 -0.294183380561762
-0.00836209757871168 0.0187518665307212 0.122263193897595 -0.574062377493495
-0.0085461492747583 -0.00586635926361926 0.316664109777706 -0.468586221996291
-0.00279616197616464 0.0156871018413138 0.371844407542793 -0.718401685103708
0.00680055005887516 0.0196530706487965 0.152805857138224 -0.685773735228716
0.0174831261842259 -0.00164685913348287 0.039547721360155 -0.4210304464439
0.00191856704078577 -0.0116357183816711 0.028655496744474 -0.193660621226465
-0.0052032817391988 -0.00641194745100187 0.000162035752979868 0.026452781095533
0.011076406690127 -0.0172252720598478 -0.0314112561747976 0.238369103953254
0.0241130427025986 0.00193618006113926 -0.011507178299892 0.454462118844621
0.0119140070089712 0.0115186706253529 0.00166597486834832 0.626117057869175
0.00276796220142403 0.0101192034318979 0.0431248958774666 0.711412389474845
-0.0063424929640345 0.00659796187445167 -0.00343095274254342 0.687367601061273
0.00172387505530242 -0.000662577946479176 -0.0427503336033265 0.553699181646599
0.0085836773206509 0.0140506702708042 -0.0814898314716848 0.467121737433185
-0.00116501881312783 0.0562777877247562 0.327998638069511 -0.314430907697109
0.012194444390183 0.0275358601324952 0.107578484253189 -0.57051777539938
-0.0162814673165079 -0.019272650540131 0.296467081894227 -0.489303009473699
-0.0184689399787933 0.0292792434110396 0.330792157957347 -0.726794125355849
0.0184523243952592 0.0308184822408543 0.126172146063539 -0.683273689362986
0.0300145808527929 -0.0122279002265804 0.0282502955225022 -0.420722673990314
-0.00137120899118207 -0.0287990167503063 0.0234508077620549 -0.199730170214167
-0.0142415967723384 -0.0261241593077999 -0.00126239608431274 0.0217475410941413
0.00433228948352148 -0.0348434302355892 -0.0367317172940782 0.230598196006526
0.030664501849877 -0.0138869226866695 -0.0251200402691933 0.449999098573941
0.0280210871606538 0.0119217311057449 -0.0191645284980715 0.633979843979837
0.00314752883473105 0.0332668700842336 0.00562034002326593 0.723571622169591
-0.0279037698754357 0.00626046023728364 -0.0387275278488594 0.685187354301383
0.0140583863347977 -0.00829420330544379 -0.0522824425086135 0.553499373158046
0.0284935344804217 0.0432217678565665 -0.0937751964330203 0.466272876352104
0.00549600020187219 0.0894401665670923 0.300032055362993 -0.345761540134712
0.0300910292110646 0.0281068999421407 0.088649290463732 -0.557299632324429
-0.0256989354599668 -0.0299309883755001 0.264362338711821 -0.526357397356032
-0.0271546751773619 0.0445459885002519 0.25958495454836 -0.737152201548233
0.0308607869710499 0.0377822379387888 0.0832423891030267 -0.675562000762355
0.0399094374917017 -0.0216490004339881 0.0165236794085468 -0.427249214253973
-0.00342694487424892 -0.0429113939167363 0.0156882395200566 -0.212675297913824
-0.0222132431804796 -0.0415626426857112 -0.00587848114158316 0.0104829128287514
-0.00181043776555536 -0.0492460833429756 -0.0462883420411661 0.217783278279919
0.035618778628747 -0.0274191955193132 -0.0459018654062839 0.438301667912455
0.0412100142576481 0.0159408737203433 -0.0506618129618265 0.639314375985751
-0.00103206176055669 0.0522942626788444 -0.0516900906309208 0.739752674206497
-0.0451405119303357 0.00218990162651011 -0.09520812164738 0.68015676252429
0.0259630874709073 -0.0131082831148097 -0.0673339535389293 0.546487348600817
0.0406447800875758 0.0698301946097909 -0.115489722032939 0.464688793211856
0.0182337086793566 0.101102643002124 0.25950346129559 -0.376203125372873
0.0388571040182737 0.0205009309890334 0.072879039078009 -0.538597996325832
-0.0379911260226838 -0.0322813004105816 0.21724354967472 -0.57138594064786
-0.0254306746325455 0.0584638870694057 0.169687149721707 -0.739610342481624
0.0422147491736745 0.038870382801398 0.0411185436185216 -0.656390433281117
0.043585335472946 -0.0291568066436774 0.000387592686283157 -0.437070152082273
-0.00761796978390028 -0.0507470379007047 0.00675863034701501 -0.22927834586677
-0.0275798949745541 -0.0501567862651829 -0.0116044574476089 -0.00567227969218235
-0.00459036524419859 -0.0572203988588945 -0.0567922884365718 0.200317981299837
0.0414639862220479 -0.0314790961829602 -0.0682051100104234 0.424801575584146
0.0479332323523153 0.0213223269873592 -0.0893377659185701 0.646388095254906
-0.0104091614865537 0.0621993521725565 -0.12113632445218 0.756981718970626
-0.0539996594626139 -0.00837723804273314 -0.16469464456264 0.664898407271821
0.0370747020130757 -0.0116041572240567 -0.0871576020558407 0.538677167107293
0.0429601376059369 0.0894922990729224 -0.142489786230253 0.4590944021528
0.0271478918052029 0.0935423611165773 0.216924418149758 -0.396952449586321
0.0357754998103794 0.00863075257354748 0.0675698870923399 -0.524749843702119
-0.0453051458634546 -0.0262444925041123 0.159189632608823 -0.612757796947507
-0.0175400672805942 0.0644890520510019 0.0810556511090246 -0.72414884010795
0.0472802210985579 0.0339515128283808 0.00295904881326513 -0.637919405497765
0.0412563325170756 -0.0315683178395281 -0.0135159447034536 -0.446447987636852
-0.0120118534180855 -0.0507454942579229 -0.00428760854323629 -0.248418230880847
-0.028917109016684 -0.0515522583745789 -0.0179331605310217 -0.022813596398513
-0.00345143881779283 -0.0564803910680235 -0.0690766741941375 0.177957297938868
0.0448018266292271 -0.0317354057429588 -0.0900111875766006 0.405823781732877
0.0469402604061318 0.0291949365189642 -0.12962933933522 0.649652542862621
-0.0209525504024612 0.0614907630680532 -0.198853039909573 0.764671199277646
-0.0516400206856871 -0.0190625584270159 -0.234023695250179 0.63811517617209
0.0443289749057655 -0.00481557304554764 -0.10096709281294 0.533474230518321
0.0340573882576961 0.0962675496252701 -0.174544897759494 0.449055711566684
0.0295073922251982 0.071424956161374 0.179522378921058 -0.40871201041223
0.0233916577669872 0.000362830676949 0.0689806929804905 -0.521505495704002
-0.0444037676916276 -0.0152295614465113 0.0994390570387641 -0.646782936039413
-0.00503971231620012 0.0598626003775798 0.0109667247917634 -0.701703494916688
0.0452270350456196 0.025367734886069 -0.0254988582733983 -0.619785141580938
0.0356433836763623 -0.027399386909909 -0.0297155013821683 -0.456380717547557
-0.0139295445128204 -0.045082525770043 -0.0159529113664301 -0.264521095802063
-0.0266304486812574 -0.0448522916772152 -0.0238252430940946 -0.039542279813875
9.69385622283318E-05 -0.0507930206668468 -0.0787604300863936 0.159083731436996
0.0451222897063787 -0.0232610822982883 -0.108060194737363 0.391363706098541
0.0392521081839146 0.0331177126980353 -0.165654786584523 0.651928001434692
-0.02752773485781 0.0501002151657602 -0.269499788646359 0.76606458681629
-0.0382330127326298 -0.0246386914470692 -0.286671094506593 0.603534628408397
0.0423089060243373 0.00514360692323423 -0.110434557414469 0.532999619295039
0.0180369713733193 0.0861394549360257 -0.202953231217851 0.436206332200307
-0.00741936526898093 -0.0777319870895817 0.30667821383849 -0.313314754085011
-0.0475357155054034 0.00307334316349992 0.113288131799489 -0.53644880747619
0.0104081851606967 0.0205494344236471 0.322275581174599 -0.491343332935265
0.0272211737618007 -0.0168410642872859 0.339385081169043 -0.723644223402725
-0.0171527012451309 -0.000630883253510597 0.143682605143547 -0.666269297224318
-0.00488203872077656 0.0220071913297979 0.0430333408392165 -0.422640103041366
0.00608173983730267 0.0236086510276975 0.027837611191955 -0.207354193532782
0.0140929479222242 0.0308319379120288 -0.00549289673840607 0.0178431976891523
0.0250412594795506 0.0200488475942391 -0.0340999041432938 0.230792255990431
0.0113076323019696 0.0336306237533702 -0.0114527693730569 0.446928105244549
-0.0193699876235123 0.0114480256141078 0.00816629976540485 0.618226169853971
0.000777121184663228 -0.0356838407249918 0.0508676417562308 0.712118910820923
0.0351284476085261 0.0056049840063875 -0.010646248875691 0.682000819890225
-0.0249492294655385 0.0143891523162124 -0.0364489448987412 0.540373969073398
-0.0389646672962872 -0.0485605136383987 -0.0690184091039451 0.459062667151979
-0.00316204100612413 -0.0354852883512258 0.325724644070201 -0.30151052549126
-0.0300430568997978 0.00747664116302727 0.111117860643302 -0.55360533545854
-0.000603429894710036 0.00944560303639173 0.32538055282464 -0.468471600411505
0.013832819166694 3.48383421612045E-05 0.369234220866911 -0.717830793798506
-0.00614377784792074 0.00793718730743636 0.154330103175818 -0.677073589151396
0.00434904217619261 0.00955984359601069 0.0433212049162604 -0.418341677180599
0.00393418109590249 0.00648104763673361 0.0292758718594747 -0.196469845513014
0.00408245872296291 0.0132909177039886 -0.000538240925795812 0.0247516754589745
0.0184758133968391 0.00195517195478972 -0.0289805459509522 0.237903738665442
0.0173560673234563 0.0178987724915352 -0.00487675313871609 0.45296053598866
-0.00472163749980308 0.012086159774306 0.013032630599023 0.62151328046201
0.0010151112783312 -0.0149149050527742 0.061551761400367 0.701969952900089
0.0153509575569639 0.00458690148131818 0.00944571256479611 0.681490893591427
-0.0104029433993797 0.00739483759223944 -0.0318572803580798 0.546231064438157
-0.0147657970155039 -0.0170905885485481 -0.063051704053782 0.463671564693365
-0.0022316797822457 0.0122002288706418 0.328614279069942 -0.305920325063238
-0.00679388142687872 0.0185564915997016 0.105443360845822 -0.564047223741892
-0.00973523633044905 -0.00505856220296189 0.315986142040631 -0.467071286205656
-0.00272155248348507 0.0156977244774641 0.363081333600459 -0.721125934122426
0.00727135931638249 0.0197910375618646 0.145575591893226 -0.68305279904612
0.0168167373568121 -0.00216995944296756 0.0372358277196872 -0.418491494013284
0.000318613939577488 -0.012890524680911 0.0278493126145915 -0.194624190278817
-0.00505260978347525 -0.00614877015664382 0.000576628498758283 0.026107253469902
0.00954218230954428 -0.017391309970286 -0.0282876510683769 0.237337002135661
0.0240108505103901 0.00131226931822466 -0.00556783371189132 0.453462823064885
0.0121603146984274 0.0108891008548545 0.00673648296681481 0.627375435510465
0.00320397444104063 0.0102147919780139 0.0466318507210854 0.706200566584147
-0.00650647538236458 0.00622678415336342 0.0030942544739702 0.679166272184474
0.00044989542437613 -0.0013075048525848 -0.0351339559032963 0.548477066433709
0.00827706662137278 0.013409345466775 -0.0674569400124806 0.46658609240974
0.00190878545140624 0.0571944666927011 0.315975963091531 -0.326075409004179
0.0136487039837067 0.0267408439496776 0.0904587549665205 -0.560594162779898
-0.0178435955968271 -0.0199477382434783 0.295348536414612 -0.48746548052161
-0.0177864998775608 0.0306151545594106 0.321726530585151 -0.728923938707666
0.0194933364461269 0.0290102822425964 0.116835283588006 -0.682138448535175
0.0290613226312478 -0.0136557494035393 0.0277701917632351 -0.419928924390051
-0.00197183566522036 -0.0284876716998213 0.0227013140976831 -0.200670865011958
-0.0145969512476213 -0.0261225740413626 0.000909140067027114 0.0202713441315419
0.00150740639385798 -0.0351348961889469 -0.0329916134921424 0.230346254312965
0.0273391014760594 -0.0155564469120259 -0.0195603455113371 0.449613281679256
0.0297576662375782 0.01118563630641 -0.0129278766653009 0.631727262168356
0.00452379289302254 0.032204615965763 0.0111952148301664 0.718680582771848
-0.0285043850682101 0.00670203178721287 -0.030619367411178 0.679234059864408
0.0136060760063877 -0.00942492622335438 -0.0426176200524112 0.548138766197868
0.0310763383908161 0.0430837874092627 -0.0807348109437679 0.467226131478017
0.00951399573255544 0.0883078823613718 0.286685038897106 -0.355116708093027
0.0313404392599947 0.0259885772590404 0.0731777992892584 -0.546417950007464
-0.0280254015200283 -0.0290629800565699 0.261042054663978 -0.524251067443448
-0.0261117405295035 0.0466553246299822 0.250342067183965 -0.73775132795298
0.0330096753346953 0.0360767218556286 0.0774647364171013 -0.672886603968845
0.0374866965685592 -0.0229538493486255 0.0133946941131118 -0.426727144222884
-0.00655695417294925 -0.0421161250147897 0.0157250563156559 -0.213808312709044
-0.0237208628334104 -0.0400151482478225 -0.00467568607451451 0.00949838458082521
-0.00424865319075244 -0.0488239805844531 -0.0419480197076624 0.217520183453064
0.0340386281150808 -0.0277198076691829 -0.041189281061856 0.437782806804637
0.0416864259284258 0.0131512350083574 -0.0440580701751322 0.639542777486424
0.00101674516217653 0.0514568994464323 -0.044239087535906 0.73838151705137
-0.0464590100650451 0.00383468170453645 -0.0856247967426566 0.674046153173867
0.0240796275823232 -0.0144629329518339 -0.0597121337319718 0.541404628256771
0.0436879187944387 0.0680818193199323 -0.101845920262286 0.464517347649305
0.0221835830814777 0.0998584257252619 0.245038475908591 -0.382741009886967
0.0394449008775585 0.016647212230564 0.0580867179578849 -0.530079090583376
-0.0402691539103936 -0.0300082204540832 0.211857555379838 -0.568714101881074
-0.0244210740922296 0.0592098291631992 0.162085195005314 -0.738098950242663
0.0437437786726293 0.0373567039615532 0.0340832192283649 -0.654641240922757
0.0410476747934514 -0.0310338900291057 -0.00265404621959796 -0.434331600571718
-0.0107625303683439 -0.0490574975867406 0.00365256375163855 -0.230843164275777
-0.0297375020107113 -0.048273227091776 -0.0105454183360276 -0.00726392409522299
-0.0075173495209021 -0.0564291605015308 -0.0549034844375325 0.199549608757135
0.0398843155074037 -0.0341790357860647 -0.0654238813089762 0.424991965727227
0.0481297114759315 0.0189058229852465 -0.0820325388376308 0.644595789093597
-0.00752483558493261 0.062133566778843 -0.112146894591584 0.751901293129086
-0.055421132024963 -0.00540841518777839 -0.157497446774667 0.659915610641109
0.0358657808623115 -0.0136534292206462 -0.0767191113356509 0.530918086389527
0.0453584662689555 0.0864155840763105 -0.12821823982894 0.460618888539876
0.0311586122522916 0.0913681881820102 0.202566464558462 -0.402282111540367
0.0350888700226341 0.00593372774292018 0.0562946722525794 -0.51686784104052
-0.0476798499728537 -0.024591877547156 0.152778604868536 -0.610110665756102
-0.0146964942112298 0.0655014605782889 0.0736648897514497 -0.720721727934588
0.0492086954924016 0.0309261826701891 -0.00208016161498538 -0.63515775478795
0.0391765316825884 -0.0331572987052932 -0.0177596885044205 -0.44612173307415
-0.0134774648050075 -0.0495789751979243 -0.00864593282920767 -0.248828109706591
-0.0323352837567343 -0.0490764252657752 -0.0185287371127638 -0.0233760121782286
-0.00619852761061827 -0.0570835889689408 -0.0682028916751231 0.179631869933961
0.0431057916986521 -0.0334096558828491 -0.0876506819561972 0.406113463092927
0.0490926072899635 0.0263970542596104 -0.121590096892206 0.646591724252601
-0.0179542080064057 0.0619179378722521 -0.190977602732123 0.761745553898011
-0.0525889476198791 -0.015696062852866 -0.225562269965982 0.633679943124926
0.0424087354639163 -0.00733706895396032 -0.0924672792179173 0.52493368753663
0.038320490839447 0.0934173578465519 -0.158695851543257 0.452450915751228
0.0325205122702566 0.0696436035532559 0.166800107490004 -0.411944937713564
0.0230777680263789 -0.00176784602387348 0.0589714786125962 -0.513186463483482
-0.0462452349547089 -0.0137154168348299 0.0941626362481937 -0.641529635023804
-0.0028826647096604 0.0607819409772038 0.00602596489466962 -0.697634046345986
0.0458247733775056 0.0232423076395623 -0.0300773966857433 -0.618614030210898
0.0330471533317186 -0.0291692992528274 -0.0337864757384108 -0.457855493061045
-0.0160843834093628 -0.0431829100471451 -0.021393152877363 -0.264491991760944
-0.0294458189503835 -0.0425480161790364 -0.0248547696452895 -0.0391986018986871
-0.00277671323660991 -0.0501480467410658 -0.0791746249526327 0.158249166960359
0.0430239121935237 -0.0256462652384872 -0.105504543608568 0.391441046379116
0.0408300101441982 0.0311965589059265 -0.15748272043514 0.650024352350776
-0.0257795199116224 0.051972027862403 -0.260934260655603 0.765699772244136
-0.0389998439181497 -0.0228871238254495 -0.281231597216991 0.601750724594362
0.0419093005849856 0.00223617346904171 -0.0991920644391349 0.527188282632813
0.0233547342555902 0.083828475542855 -0.189453266734435 0.441186981791258
-0.0111183392142974 -0.0774422311845587 0.293784488037138 -0.323388659618179
-0.0460508788469732 0.00447209728457848 0.0948597199498115 -0.523684630112832
0.0127838576160072 0.0196342312936332 0.318409125104561 -0.488328188799025
0.025246800362594 -0.0181365880136607 0.332683324060511 -0.724833314996308
-0.0177984021591886 0.00149875111292386 0.137381455599259 -0.665920842726688
-0.00521607428615983 0.0214299867594715 0.0421251576991738 -0.420625284155374
0.00823800879865312 0.0232558986670015 0.0260456131872599 -0.208964628147134
0.0157351563634553 0.0309710475346788 -0.00434148814925298 0.0157012155114849
0.0274494255143389 0.0195019629268707 -0.0309834376009285 0.230638944586969
0.0135474429636356 0.0335297528088575 -0.00702229303148058 0.446921133578581
-0.0186507930523355 0.013170307848744 0.0103037190209043 0.618697239714554
-0.00217855815800862 -0.034724494234906 0.0552218375379599 0.707320788794387
0.0357518060417115 0.0033585634224291 -0.0029471517327274 0.673223913162189
-0.024119660153679 0.014885611052713 -0.0271532564523215 0.533089797659459
-0.0418813524035885 -0.0457533587141506 -0.0537825947663754 0.458342354143076
-0.00427866622569199 -0.0350127725629609 0.312774885376002 -0.314171341715871
-0.0277617497032944 0.00860224741718302 0.0949914383570007 -0.542499646001735
-0.00116749372659272 0.00927061492268616 0.324571463978741 -0.464078137818351
0.0124063230220576 -0.00220077645136294 0.358926261439007 -0.720058367951721
-0.00647273571887075 0.00850829384085811 0.144950744772669 -0.674457233781451
0.0037763148858223 0.0100463598942259 0.0420462336892285 -0.416325791515108
0.00402104958736541 0.00646339305669121 0.0296943352935407 -0.198523956259162
0.00593451640939118 0.0130739663886938 0.000987946043672538 0.0227422062645029
0.0190747106009856 0.00187529152622886 -0.0244141088758164 0.237335031239846
0.0193565968941924 0.018497121064509 0.00055844888604749 0.452460604898986
-0.00392226633920593 0.0128060418503274 0.0175071529496616 0.618217401826017
-0.000457087119852496 -0.0136846855927589 0.0652269040686773 0.697503630204232
0.016185150466506 0.00342157070926665 0.0156137270686605 0.672641157945419
-0.0105751375746188 0.00690948803732368 -0.0237455488606181 0.539485844156822
-0.0161569426770365 -0.0165318768739099 -0.0481419685193704 0.460613568514064
-0.000879648590959356 0.0129394986150796 0.316288058604328 -0.317904567111749
-0.00692174813418407 0.0182968927979085 0.0871532103178358 -0.550232156638013
-0.0105346032441899 -0.00503252649245878 0.313843281817567 -0.461444200712736
-0.00273685374636331 0.0155357967263803 0.353372104588689 -0.723072021920891
0.00774941347434657 0.0186983384406328 0.13714947917374 -0.679583731947682
0.0164695425357027 -0.00337771318067803 0.0356146092573974 -0.415692125951208
-4.24137013344907E-05 -0.0122004390629994 0.0280900440125436 -0.195532640298103
-0.00535656858587516 -0.00565260152129766 0.00255120552722614 0.0243333281596215
0.00857619544256362 -0.0178045942216876 -0.0230238968978759 0.237202346761146
0.023851162845604 -0.000624412841359267 -0.00232348394668286 0.45389927342972
0.0132774183289963 0.0111666517824113 0.0126942545272694 0.625936758076879
0.00291817295109667 0.010256667035593 0.0490556378463279 0.70152114547504
-0.00606180027835628 0.00664180921803753 0.00953504561367679 0.6723740310614
0.00102476227437494 -0.00178192487216179 -0.0242379382363696 0.542275596488866
0.0100742996597966 0.0126717768965306 -0.0516006415297193 0.46364381117024
0.00346833192202078 0.0571698746174656 0.303726913607769 -0.336314952973727
0.01517171860022 0.0250159117637708 0.0746215572780522 -0.54678759292518
-0.0190350411219709 -0.0179724583539606 0.292015403600974 -0.483300074749727
-0.0162038855079178 0.0320122775209297 0.313750688373168 -0.729233556288774
0.0201783514687028 0.0286466291822543 0.109698254430495 -0.678245874661875
0.0278981066701882 -0.0146187290659579 0.0242617540910086 -0.418015242260409
-0.00303934692435596 -0.0278429908080626 0.0233752928307844 -0.201708991048922
-0.0169742533763441 -0.0237097582826903 0.000791370234463863 0.0181313224425755
-0.0010419901602341 -0.0339021607819605 -0.0282347147929839 0.230650265678044
0.0277333874085698 -0.0174126359399637 -0.014433736333335 0.449260413217319
0.0287049683831271 0.0102516584089533 -0.0089421395968799 0.632000884986484
0.00556907955054791 0.0328762821476752 0.01569916029622 0.712238959708381
-0.0272945915904431 0.00826032941113605 -0.0239763004194805 0.670743699637942
0.0110669410199608 -0.0104796026163824 -0.0343462717562481 0.541549514292551
0.0320755410994735 0.0396713841070336 -0.0635313896872372 0.464935770028247
0.014824383457818 0.0867119240672737 0.271537649861789 -0.364409232076397
0.0326004497203971 0.0231717657334818 0.0574946756107295 -0.533613835408155
-0.0306648099044754 -0.0271054126297776 0.257548211446415 -0.519288944239229
-0.0233288054259569 0.0483027931058081 0.241910154118855 -0.736364503508794
0.0337323888876977 0.0343085843318825 0.0689447093087116 -0.667461193130897
0.0360771580660444 -0.0259217106295828 0.0112799793600201 -0.42566305384466
-0.0085478531755719 -0.0416514315699686 0.0134285389792495 -0.214246746341081
-0.0262962475072344 -0.0382439566926705 -0.00411630536431122 0.00794991651679642
-0.00756299177287159 -0.0475180324613616 -0.0394300210158455 0.217665946205145
0.032658962785146 -0.0295951454800669 -0.0361938923335346 0.440315750954355
0.0421104682150098 0.0117388357160246 -0.0380849268650147 0.63713769541152
0.00263076244534875 0.0525984033264755 -0.0394491017265412 0.732428066642991
-0.0465137694891708 0.00557143794734953 -0.0814625078448052 0.665578137188778
0.0226712444735658 -0.0169122820986475 -0.0490664654847757 0.532589336895707
0.0468917805834799 0.0643360172455888 -0.0856749971464594 0.465992957888102
0.0278242189335186 0.098605997186394 0.230304484722169 -0.390113624962589
0.0396926002204913 0.0138956112435598 0.0474124475079707 -0.516948215801859
-0.0418984053891129 -0.0284582724649151 0.209562701507755 -0.564053544516142
-0.0218509308831994 0.0605405855174667 0.155135376033958 -0.735746767895074
0.044303182474617 0.0335183694884172 0.0278675277871587 -0.652856177140825
0.0391331589974432 -0.032879554852175 -0.00552849312126347 -0.434357012751774
-0.0141835549841626 -0.0493486962599286 0.0023243297500552 -0.231008069072679
-0.0320429148098176 -0.0461329429958971 -0.0107974277824015 -0.0070752986067392
-0.0104166691861108 -0.0551742199364158 -0.052010748484741 0.200589530222689
0.0377091775674247 -0.0372302843241274 -0.0611606875834464 0.424588629238291
0.0490861695565615 0.0161919692156439 -0.0752397196896468 0.64283156050944
-0.00561329824169112 0.0617160243871134 -0.105589085670728 0.748264475824681
-0.0561807056251874 -0.00211864175923862 -0.15050913674414 0.655163402950517
0.0336954703009127 -0.0169424079604633 -0.0659842332478149 0.524174779857478
0.0506898269092163 0.0827322847225174 -0.110425432944368 0.461795967744948
0.036221658499322 0.0906374626147256 0.187860351481813 -0.405789662858896
0.0350368133458578 0.00207882832056118 0.0445432491005849 -0.504021510379851
-0.0504724079930973 -0.0213155156212428 0.148244422230181 -0.604550417313567
-0.0123323774791383 0.0660831996884058 0.0696173982579464 -0.717260793793766
0.0506520809804972 0.0282754851599293 -0.0087509696320264 -0.63252834991423
0.0370627858816268 -0.0350717861643038 -0.0220483516587664 -0.445730096123774
-0.0172455348531021 -0.0495929813793603 -0.0118211986987229 -0.249200938139553
-0.0347812325954602 -0.0468208603283577 -0.0192783534397908 -0.023396450977027
-0.0100500222357099 -0.0559479160049336 -0.0658609756348058 0.17990094861397
0.041244744425354 -0.036362365051827 -0.0849759195580481 0.407201355671288
0.0488258270624345 0.0240182146342174 -0.113644539556884 0.646310100543592
-0.0160504524222914 0.0632827688061142 -0.180731872573093 0.759625561184157
-0.0534819575881766 -0.0141589682567726 -0.219400072098906 0.630530473096321
0.0420105893575248 -0.011089368321014 -0.0811949915964031 0.517028353951247
0.0426247471344016 0.0905231025253874 -0.142064898763894 0.454788305732243
0.0361471045866868 0.0677257829797699 0.150209487972945 -0.416032610481216
0.0227154071728563 -0.00353866277940895 0.0473530327624538 -0.502326081475769
-0.0481288043914038 -0.0104417491008176 0.0875287116640359 -0.634942998738761
-0.000837254061255014 0.0602742003397816 0.00137257995933064 -0.693231690020034
0.0470680866940817 0.0206629833294038 -0.0350361831563739 -0.616417233952812
0.0308175848952919 -0.0313216867814986 -0.0399222568657051 -0.456681633909787
-0.0187381267181454 -0.042457328698498 -0.0252860967626866 -0.265374544543344
-0.0308862397313035 -0.0407034978364904 -0.0273134913335292 -0.03858571660721
-0.00542623623162424 -0.049423413687304 -0.0760282070146959 0.161405308658598
0.041582279744087 -0.0283361035288325 -0.102346021184017 0.391289056656219
0.0413313959577969 0.0296397539053577 -0.148722033697748 0.647301078484256
-0.0227159147423366 0.0530620959321247 -0.252222698958703 0.764227146563601
-0.0401560940766881 -0.0213494599940199 -0.274306333806402 0.597877425868811
0.0409147149958546 -0.000951253438378149 -0.0891692864532866 0.517380195991758
0.026968924431988 0.0817138726291577 -0.172393307548749 0.44483604344332
-0.0147413457261222 -0.0736166366447892 0.277325002946717 -0.334867638088162
-0.0445787705968761 0.00743557180677016 0.0784136297797024 -0.508277809650514
0.013498040033264 0.0185529610270902 0.316558005049755 -0.484262125717563
0.0233324289643237 -0.0201256882582146 0.320539941648366 -0.725387411772935
-0.0189827709229811 0.00267616160659312 0.130070296682566 -0.6593645801247
-0.00387930931905434 0.0229116573481391 0.0406871573116048 -0.420101473636584
0.00883701372211575 0.0223678325414184 0.0257137115344135 -0.210276681272926
0.018407615748072 0.0291011060581172 -0.00383186010667831 0.0145805083099495
0.0272141502524066 0.0178122228696545 -0.0263730445398163 0.23006729947107
0.0155400923608101 0.0332938900959636 -0.000709885537713425 0.447296540306434
-0.0183190309013328 0.0147625784310153 0.0163028761069488 0.61709486465164
-0.00350917396683807 -0.0345279740886479 0.0581778030028087 0.701573721391076
0.0360350013195248 0.000590585898072794 0.000434446070136682 0.66425636825686
-0.0213757981512809 0.0160772267996699 -0.0191263410711919 0.522056092530376
-0.0423312430537523 -0.0429804294219686 -0.0380724110505006 0.453917281492485
-0.00475134809008331 -0.0330201780343944 0.296968554267502 -0.325196680418951
-0.0269601715740409 0.0102421979526149 0.0750179743403185 -0.52634243270403
0.00100237861304197 0.00865621600116406 0.322264700012263 -0.460674510423401
0.012723172661681 -0.000663476851327047 0.349266060037881 -0.722326131673994
-0.00564909192044308 0.00916016390791076 0.137606051735441 -0.67013415447458
0.00380108630393319 0.0102343875322798 0.0402500796934641 -0.413498226733452
0.00514355106672881 0.00663994513888353 0.0291660164926068 -0.201683398878765
0.00653473500051686 0.01264723383896 0.00273977967342727 0.0216978549452568
0.0192013469828311 0.00225756765263 -0.0204464544318698 0.237385309737433
0.0209285540767442 0.01740270569471 0.00595984681466611 0.452079600279594
-0.00322846850709328 0.0139619603303042 0.0246328827798781 0.619406474993498
-0.00157741758046089 -0.0136671121309487 0.0669861129682468 0.693000531452407
0.0157480867551637 0.00263107674028523 0.0196517296804261 0.662420735773972
-0.010201336583623 0.00798323323911096 -0.0141652842029745 0.52932021044528
-0.0166365355529207 -0.0151560374869677 -0.0318233605304063 0.456340557254374
0.00100734021996944 0.0130302571330767 0.299548689205474 -0.331147699743878
-0.00540703690265017 0.0170964082600615 0.0687383737435973 -0.534240982388018
-0.011409331502491 -0.00433591595102186 0.313525110127495 -0.458974471707433
-0.00216851530131735 0.0153818063212981 0.344052925671742 -0.724306207525113
0.00783996600921785 0.0183655554798869 0.128054754324309 -0.676522793651708
0.0147667166624544 -0.00321130207535764 0.0339838915351392 -0.414096017446552
-0.000786964526983497 -0.0125308308252586 0.0273914942773003 -0.19748540058773
-0.00514228699416141 -0.00587539697267501 0.00449138851446807 0.0225433012112554
0.00795564640812232 -0.017312822901033 -0.0199213328503363 0.237864772763835
0.0232374257196244 -0.00196282716813261 0.00446809601117431 0.453105336334198
0.0132735309339785 0.0107798352422022 0.0188966624289105 0.624873955598225
0.00340069943573776 0.0102332104607946 0.0528984307828892 0.695556352296307
-0.0056270814509968 0.00750012294001783 0.0134204426587243 0.662199194656999
0.000278817472018005 -0.00175337341132578 -0.015177075315031 0.532812682709277
0.0111685223329147 0.0116137961351453 -0.0337542313433134 0.461284709906499
0.00801786227728823 0.0556801330917407 0.284849979399329 -0.348721767603299
0.0160415728988266 0.0215556042438443 0.0559097275864199 -0.529610335081475
-0.0214179875199337 -0.0171923710448836 0.290285434254744 -0.478659970186244
-0.0146733971428512 0.0335593313026871 0.304947980411919 -0.731981910115108
0.0215016662316405 0.027890262561208 0.101027043119235 -0.674309759485736
0.0248470139611882 -0.0164916275930681 0.0258468007719868 -0.417354438350868
-0.00520769131965159 -0.0271504794329199 0.022037423743394 -0.204222636340143
-0.0176360979792391 -0.0223180617198845 0.00347886470170982 0.0167583715106291
-0.00263372902572194 -0.0327381240197243 -0.0241917244695966 0.230112759376706
0.0262034184448205 -0.0172335242673169 -0.00954099662106832 0.448798233542868
0.0283420140174314 0.00858617898651522 -0.000560770756858075 0.630308321132547
0.00708623328305338 0.0323445684164064 0.0193375993637015 0.708946665807021
-0.0277187419044757 0.0107321133551094 -0.0198686562675962 0.66228542081642
0.0100552884512964 -0.0120731356528226 -0.0256192812559784 0.530265126820008
0.0335553006085279 0.0365243510256241 -0.0457063835482498 0.462205765549648
0.0196666245389109 0.0860500060805163 0.253681041609661 -0.373717398280935
0.0323727269091495 0.0200035033221519 0.0414781247844135 -0.515867789100314
-0.0340005616861946 -0.0260060146236112 0.256201647528682 -0.516199470845127
-0.02156339398297 0.0494539389884785 0.232119203347522 -0.73733185075028
0.0348224454702688 0.0323611605889739 0.0632573115085339 -0.663613322177875
0.0323830777423564 -0.0274372215977525 0.0093702139138455 -0.423144562836362
-0.0110613366864063 -0.0414622274498037 0.0126073002425363 -0.215860433280348
-0.0281348993678596 -0.0357638325262244 -0.00367409915049488 0.00685378006717483
-0.0104663096455996 -0.0455330729901279 -0.0342963545982735 0.217444358142111
0.0309836696207619 -0.0306090725511934 -0.0316412641301524 0.439253234373586
0.0410803220951861 0.00843640906196123 -0.0310249540761551 0.636295533047598
0.00543116588149936 0.0518015739123905 -0.0336630282023236 0.726971186105343
-0.0463232697524921 0.0088218060640886 -0.0753896397087493 0.658070159489407
0.0208899048168756 -0.0188500416153487 -0.040622814635546 0.522942292646122
0.0495044378891128 0.060002480486253 -0.066205782531268 0.462551327894349
0.0332238601423324 0.0943020686273109 0.211691975295084 -0.395869908534354
0.0394808938426796 0.0101247259257701 0.034251040520048 -0.500862656107219
-0.0454293134881948 -0.0264381277711117 0.205397058278884 -0.558990277152668
-0.0188762951372372 0.0624355971481323 0.148109718911999 -0.73344234992289
0.0458901939013782 0.0309903364854591 0.0212713435176018 -0.647406506682034
0.0360525009005092 -0.0338012995156518 -0.00771327541241491 -0.433829583789647
-0.0163461502051092 -0.047474694661565 -0.00200724299050409 -0.232898065908021
-0.0349239737200847 -0.0437869424160563 -0.010332966031677 -0.00799013935410491
-0.0137334957700015 -0.0541839275998079 -0.0495633709529477 0.201796246445241
0.0334803173071089 -0.0380187388865061 -0.0551076175067726 0.425258281643467
0.0478513906466508 0.0133781261244549 -0.0685298261643517 0.64058242178376
-0.00197989987584592 0.0623386430875772 -0.0990624048126878 0.744911588750203
-0.0567786923555892 0.00119563612222629 -0.143649985774322 0.649162433907581
0.031656964723999 -0.0199452943008565 -0.0570437368474072 0.512925762374264
0.0544797644888359 0.0788287064027256 -0.0929037159740669 0.460539301366444
0.0422466297608015 0.0860546631820912 0.168632355209045 -0.409913400255195
0.0341875196597846 -0.00032808835674181 0.0346363073356818 -0.490020220747793
-0.0521758247218223 -0.0179861917191289 0.143330075473332 -0.598463826943602
-0.00961024897898785 0.0664951538507715 0.0640636977546248 -0.713644524046369
0.0502340888159965 0.0251929271699118 -0.0128690870664982 -0.630677175254689
0.0335093337625205 -0.0368369741448968 -0.0255678504297316 -0.444673151934162
-0.0204917293695518 -0.0477286839557482 -0.0156853242222443 -0.250077984997665
-0.0377865194689661 -0.0444921358440989 -0.0192690819602032 -0.0232285171773773
-0.01349274260332 -0.0543392022593881 -0.0639137793428381 0.181733022842018
0.0376077142437138 -0.0374947726974997 -0.0820996877379338 0.407160786329279
0.0482907696071423 0.0201695590104742 -0.108039046439424 0.644042023198412
-0.0124155368546329 0.0644023742239821 -0.176326161952534 0.757207293919298
-0.0549556360551159 -0.0100611130687309 -0.213825642946378 0.624000080159856
0.0389486133598794 -0.0135306247390414 -0.0709575056837172 0.505924670855476
0.0471602903174192 0.0866780773965717 -0.122600061859281 0.456196546510534
0.0394391961483659 0.0641740149468773 0.131248573061127 -0.41501991522138
0.0208930070956948 -0.00595981936261509 0.0346102297179348 -0.489080832332595
-0.0488757925942417 -0.00731463594192031 0.081445982989574 -0.627876671471713
0.0019453137119048 0.0602005493846182 -0.00209328174274279 -0.689517094480752
0.0462644042155728 0.0192904599606768 -0.0381150463737114 -0.615542620463485
0.0279270706863121 -0.0331460899295017 -0.0446203524914487 -0.457460391565859
-0.0218895989681733 -0.0402675669924696 -0.0294423344724164 -0.264298591780543
-0.0331067827620874 -0.0385573531226898 -0.0294686613225328 -0.0389311793188031
-0.0080481289391895 -0.0469355337361485 -0.0767962518799071 0.163008235560674
0.0392762222842041 -0.0308401210925426 -0.100026251054327 0.390638767185619
0.0429458734731289 0.0252789204643054 -0.142429799770455 0.644218421986199
-0.0200658273221617 0.0536093583389871 -0.242059616129422 0.76044307656818
-0.0425420393398481 -0.0189415096581072 -0.268480189679702 0.595652190543924
0.0390802648584911 -0.00408140067292824 -0.0779257504536452 0.503417539212665
0.0312080926316688 0.0795987064600182 -0.152346452474866 0.447654201118037
-0.0184171606725249 -0.0712843629895786 0.255705571436566 -0.346187049041147
-0.0423804314595129 0.00993590275728049 0.0627750277242796 -0.487370124150317
0.0166449261133188 0.0173482418157023 0.317347484746047 -0.477897514605003
0.0209506865571308 -0.0215136095970663 0.311569717040751 -0.725186827024821
-0.0185584516323472 0.00489282702165029 0.122999722636358 -0.656854164994881
-0.00309534626413403 0.0244037289438036 0.0395121102803427 -0.419216427711552
0.0108285134523915 0.0222471113371059 0.0235816611013787 -0.213341087255021
0.0201567016461033 0.0275176599671337 -0.00229166347655273 0.0124582810256829
0.0291338851102298 0.0157621350109838 -0.0215472750582777 0.23065012583216
0.0184401582030735 0.0320388791518296 0.00308263752771635 0.447256741571914
-0.0171504869030069 0.0169591228809062 0.021048199147816 0.618651519088015
-0.00642225062520049 -0.0329728152463361 0.0577914424786353 0.696665308597394
0.0369533102322019 -0.00212569230945572 0.00479652341987859 0.654978930008116
-0.0193323844043849 0.0180434633610561 -0.0131685103829395 0.511827921077685
-0.0450971065089918 -0.0395885008481979 -0.0178229426565362 0.446408916574635
-0.00656949412042032 -0.0328274307920481 0.273870005253817 -0.337235548526371
-0.0262362256693015 0.0112040619943504 0.0565565842883827 -0.504148575665772
0.00130324316566332 0.00905215801205951 0.323091848909242 -0.455679590364714
0.0116778291514962 -0.00225589530276397 0.34186765905583 -0.723257118877478
-0.00606989320545762 0.0099126564623022 0.130677715377402 -0.666228819180784
0.00481381762412018 0.0107409028499761 0.0404807262910986 -0.413569303357417
0.0055795806099136 0.00596254677284399 0.0280022354823319 -0.20478008686845
0.00781067646906885 0.0119264170954056 0.00312845942900654 0.018921167857999
0.0190962256774946 0.000365323095229847 -0.0154228132653663 0.236237670510496
0.0217338385543776 0.0160232229254159 0.0132415170990537 0.453775149011812
-0.00227079705545758 0.0142734608373355 0.0263995485164653 0.619748006531053
-0.0032770028429596 -0.0129674509542658 0.066892783357266 0.687018683574895
0.0170863216954911 0.000476741348856363 0.0232299530032275 0.653439084320247
-0.00854817002644691 0.00801410623711456 -0.00701208304907139 0.518838837813769
-0.016498902827395 -0.0142208036029325 -0.0112336938888505 0.450193382693298
0.00254341096497538 0.0137353262201257 0.277040374565406 -0.343249746420905
-0.00403615654474837 0.0151708247126274 0.0488398752215357 -0.512057912267857
-0.0109405337760262 -0.00417600199723587 0.314101374748604 -0.453045218302732
-0.0022439003656159 0.0158396990802641 0.33581924251662 -0.72576390414021
0.00866988265649358 0.0181216923971472 0.119045914505809 -0.670933397543588
0.0145290203747672 -0.00400856148538052 0.0331716002151857 -0.412503555773209
-0.000563827991492002 -0.0114056880000089 0.0271429116380232 -0.200962064682786
-0.0052941877081022 -0.00521435421348995 0.00578437675067988 0.0191890766098587
0.00738324776217904 -0.0161220859030744 -0.0142393991221854 0.235549522987134
0.0220650466871773 -0.00199773714456085 0.0117047170751395 0.454465237760095
0.0135187813103401 0.00988431807438458 0.0247488940695116 0.625783982022239
0.00459000596869527 0.0117659059554265 0.0538516933333941 0.691398217760868
-0.0051166285889361 0.00705368741735553 0.0176837200826051 0.651796536203781
-0.00114367527843857 -0.00262582895217966 -0.00745910587185222 0.518393625978478
0.0119165958155465 0.0103848058286987 -0.0149451261487647 0.453992121696673
0.0127494437027395 0.0541444639188142 0.263178935334291 -0.359202159128263
0.0163757965831986 0.0188894984050303 0.0363420764461349 -0.508557082269134
-0.0229581276019647 -0.0155677163430099 0.293649205805375 -0.474128392613108
-0.0142967466780829 0.034053120292688 0.294109143870702 -0.731127302484083
0.0224377914349763 0.0257638490045606 0.0948781276843183 -0.669236310055291
0.0232476084793887 -0.0174213849483269 0.0237380056335735 -0.4157150967663
-0.00690974151275662 -0.026658305256192 0.0209348901643107 -0.207515318888677
-0.019978156972322 -0.0201270388330989 0.00268704748500612 0.0149986185755816
-0.00404191238342081 -0.0311421658354568 -0.0196587012293255 0.229826620703733
0.0245206780062894 -0.0194358179399868 -0.00274505245814693 0.449146711281119
0.0274199823489492 0.00647727988856015 0.00468747111888564 0.631805117256986
0.00883598966629546 0.0323394111425754 0.0199086823427421 0.703887234591588
-0.0268648745648272 0.0126475656300347 -0.016571428267152 0.653197855906284
0.00783234922243306 -0.0128373815508719 -0.0155707951861506 0.517253126282678
0.0374178814198479 0.0342095864017183 -0.0261799990235545 0.456642348408579
0.0254282870508849 0.0822003164884414 0.231385891020828 -0.381442181388179
0.032502600617776 0.0150444962644527 0.0271965083976784 -0.494772108117182
-0.0356149316789216 -0.0230233446203508 0.256675249136318 -0.511149785023534
-0.0178018517032844 0.0507030304442436 0.225805955866221 -0.736080989374115
0.0360783372095064 0.0289713327806868 0.0566094773882801 -0.659813074422004
0.0306796321594649 -0.0292612261804527 0.0069108787948175 -0.423862113952
-0.0147085454304856 -0.0393785774131321 0.0110064580015967 -0.218167198814624
-0.0309482777572634 -0.0331429207159045 -0.00297676564691468 0.00460292502824533
-0.0131461342239301 -0.0441381438332966 -0.0316817572788803 0.217522771558081
0.0264407661455911 -0.0328368659248031 -0.027554327287875 0.440587587562737
0.0408083386270076 0.00668815739365781 -0.0273994979731647 0.635633021537864
0.00891448858329448 0.0512345806959377 -0.0318304835567252 0.722390345631844
-0.0467141297315805 0.0125805112800676 -0.0708251402168773 0.650094798129641
0.0168891590625499 -0.0204384788761529 -0.0326570607467446 0.510608535001688
0.0536102411963004 0.0549622259367703 -0.0457198708987246 0.457720224323603
0.03958042839876 0.090239458366881 0.188359527790667 -0.40033345662083
0.0378929225760359 0.00423633755292423 0.0203585934120986 -0.479223254440267
-0.0479673283761625 -0.0218226678334813 0.204650879343471 -0.554442370328861
-0.0147635791021147 0.0631683652876088 0.141934679880525 -0.731773609296034
0.0470036998122305 0.0274979783634434 0.0169675974203314 -0.644744174006019
0.0322234588218929 -0.0365296687680089 -0.0110834084346241 -0.43335225759415
-0.0207598402045731 -0.0460306087146737 -0.0031739310589189 -0.235503325364797
-0.0376768018820413 -0.0398093151562382 -0.0115406316491876 -0.00930521853034228
-0.0169290485216862 -0.0511983168745484 -0.0465749725624551 0.201614279965759
0.0313225484706104 -0.0397510659180455 -0.0534115933597334 0.425733158943585
0.0478802858620997 0.00935459386711599 -0.0628130779795202 0.638749776466257
0.00173011582940452 0.0626820122871191 -0.095936843185427 0.739484876823039
-0.057533754088875 0.00541448542245243 -0.139281696409004 0.639722252930891
0.0278963279713647 -0.0227621028029421 -0.0477185918663363 0.499063958115136
0.0589310991963419 0.0722920538381997 -0.0700853745214203 0.457263508595254
0.0471446611640839 0.0808560764583455 0.14528542216743 -0.410945279456672
0.032237045815229 -0.00572935412574988 0.021748413840547 -0.470363167151947
-0.0536613489773551 -0.0146398374284488 0.142320727443605 -0.590286106759488
-0.00554367686264383 0.0681203290059677 0.0592317719930054 -0.70986351511992
0.0504145471942508 0.0210825933905282 -0.01998033501483 -0.627331692497176
0.0293635370627341 -0.0386545579216998 -0.0290888046870181 -0.446905297665249
-0.02485934710837 -0.0449159544292657 -0.0200145369397088 -0.250102008486716
-0.0402446342158007 -0.0415108686650298 -0.0214401804665402 -0.0232835585626955
-0.0168051540117945 -0.0519219716064605 -0.0621390556920993 0.183596523886165
0.0340143116931196 -0.0391709907663142 -0.0787597082908669 0.407923381426663
0.0489049988611441 0.0167033907701635 -0.101451179770851 0.640524353699702
-0.00756422076874931 0.0651083089393775 -0.167591469236876 0.751570049974354
-0.0569180584305208 -0.00544510500436601 -0.208694049990251 0.618351713961438
0.0352827956809403 -0.0182051366086055 -0.0614711087280805 0.49114650974249
0.0527483762790424 0.081340187995037 -0.099285250179288 0.454121580206343
0.0444870758996122 0.0603869249384161 0.108497492817378 -0.415284044349349
0.0191255259250877 -0.00900636763351996 0.0276344498976025 -0.473647650080556
-0.0498534513587745 -0.00540141202904714 0.077989109182516 -0.616524186878039
0.00589427965269351 0.0601152049292202 -0.00313466172829139 -0.684730441931816
0.0470031225194293 0.0141469676255381 -0.0423003209942531 -0.614538806024831
0.0245554542165788 -0.0338632181971027 -0.0511644748082845 -0.458410229213838
-0.0251782981215226 -0.0389536646766357 -0.034767421223896 -0.265593824258213
-0.0369428994451607 -0.0352223356759167 -0.0309897844342698 -0.0370642514091431
-0.0121671177213339 -0.0455661160947089 -0.0765820008416905 0.16522569239341
0.035672465197013 -0.0322577349659961 -0.0994348200389489 0.390840816323552
0.0422154763370548 0.0226967879300273 -0.137335462614508 0.641420079408644
-0.0163408649378167 0.0548395974279114 -0.234331713302806 0.757727435265948
-0.0453712330408571 -0.015484734077703 -0.265484094724127 0.589030617207506
0.0376140813841997 -0.00748587391414922 -0.0701647983930921 0.488909080744398
0.0374727569644107 0.0749470582437177 -0.129259515642201 0.449500441463122
-0.0237646375988128 -0.0662203270565134 0.227516297437052 -0.35490203861816
-0.0401245720290985 0.0134376308450459 0.0458380390924345 -0.460330379596999
0.0184726940604244 0.0156796101473291 0.320074538016656 -0.475287949629546
0.0183731682222798 -0.022286804362367 0.303263665507734 -0.725320014824998
-0.0188427400544979 0.00710351536755777 0.116749377654641 -0.651975644385515
-0.000257699536463036 0.0251038942585187 0.0397690094866037 -0.419732845179815
0.0130188712425826 0.0198997839310649 0.0229374376831224 -0.21677813991492
0.02297548002628 0.0249524527699658 -0.00178995371028437 0.0106296561368089
0.0308299539433776 0.0134904562112062 -0.0164066121524334 0.230046573142361
0.021188637637426 0.0319122157402098 0.01048479984097 0.447251433144616
-0.0140575619346144 0.0195769556645952 0.0269767825382634 0.618963596022597
-0.00946142966777022 -0.0306149756997265 0.0586195079735683 0.692376651284464
0.0358942305627328 -0.00635244352486301 0.00457840959002106 0.643690228626217
-0.0162219844045897 0.0184439067022065 -0.00488202570981966 0.497295868285226
-0.0455517165448436 -0.0332254074098774 0.00500351312915992 0.437168807258849
-0.0083545090841182 -0.0295957623082815 0.247044669056042 -0.349001675885804
-0.0244267985454729 0.0120048469501385 0.0388267402550733 -0.474704009492598
0.00281162083701881 0.00760537864230168 0.327818570030897 -0.452327778162251
0.00968791581193139 -0.00318509869770524 0.329569770791483 -0.722721425666698
-0.00525939100924562 0.0109266341332543 0.123748363864984 -0.658720279915799
0.00546805510409047 0.00988800344608492 0.0421924935691683 -0.412361700707161
0.00680559708173122 0.00523380882336232 0.0271252346836633 -0.208842275507102
0.0101883304443479 0.0114046368039888 0.00522117292930989 0.0161646384767289
0.0204854178341231 -0.000897856243360037 -0.00922665133237265 0.23456345327185
0.0225969289465483 0.0146254810134453 0.0205561937902691 0.453045890174125
-0.00122770324687812 0.0159343211783301 0.0335334425150967 0.624575191914021
-0.00440805022272299 -0.0111202713882931 0.0666433279009975 0.68244086216973
0.0156480882812675 -0.000593568713356014 0.02325665030219 0.639764930138486
-0.00847224165254556 0.00865217727368889 0.000370165914869497 0.502724315574719
-0.01621384294926 -0.0120863891816422 0.0108461421815117 0.438429655899411
0.00373050821454547 0.0131229039532896 0.249762573630896 -0.354555522115126
-0.00384199959489844 0.0141591670444473 0.031133170485033 -0.482618299783641
-0.0109672054233772 -0.00293744864236516 0.320709138374263 -0.450279719222237
-0.00133853050238919 0.0159480567335752 0.325430982488106 -0.727579226475871
0.00928619398166806 0.017516003544633 0.11292279281216 -0.664062787496804
0.0133647416193374 -0.00446412599984939 0.0345192312624683 -0.412949240229036
-0.00243242767167242 -0.0104012597309407 0.0265544898031457 -0.205849273803223
-0.005303626591412 -0.00338542256746584 0.0071934522728445 0.0174169290383615
0.00632719733895928 -0.0158980778485307 -0.00735198430328229 0.234569203601075
0.0220287224758928 -0.00359278122351865 0.0174966368994564 0.454320462216225
0.0133623904131511 0.00942661831612565 0.0289678516726412 0.627658098910658
0.00382984358083358 0.00979906855655362 0.053821191630661 0.689774777066577
-0.00551823245341347 0.00766643106054599 0.0175286034298033 0.640955257450641
-0.0015969702950001 -0.00338053154776736 -0.00178234221263792 0.504526521196091
0.0131886956263357 0.00925668433411504 0.00805073387896289 0.442077351277054
0.0168167657410876 0.0520902961763307 0.234339566558591 -0.368888139993665
0.0169670064706529 0.0148891095888745 0.0220301283965118 -0.47901266411709
-0.025195031929565 -0.0148361391826939 0.298503987859935 -0.469411883483399
-0.0111778168676761 0.0347298078632933 0.286206478517473 -0.730776991484045
0.0232925090129022 0.0231955828079468 0.0869301615437397 -0.663871761635056
0.0209947877720616 -0.0185615320047543 0.0245571469984299 -0.416706740645392
-0.00937162064270187 -0.0259398256572717 0.0203005034046684 -0.212029582264086
-0.0201079634611617 -0.0186708762316257 0.00420134027256642 0.0116367009863652
-0.00765799762162542 -0.0310467030376443 -0.0137062901009859 0.22902831137843
0.0218120039588224 -0.0205555589739807 0.00534851089922211 0.449966312039454
0.0272817817464372 0.00377396587621532 0.00954727406754388 0.631457262904773
0.0106603238849376 0.0306440847336531 0.0213296466751477 0.699555112822467
-0.02729919719452 0.0151159511221743 -0.0151447360635722 0.640103215927129
0.00513784165007001 -0.0140873684362743 -0.00936279874814107 0.500438994207313
0.0388425283729346 0.0285369938030506 -0.0028567330062471 0.446474123484719
0.0331237161506854 0.0778965310139903 0.202274041390087 -0.388845639457896
0.0314005367443352 0.00862047822860056 0.014193430585433 -0.466181099353667
-0.0397929004189327 -0.0198608188381055 0.259576930536632 -0.507151262309617
-0.0145719196971983 0.0513624864991315 0.217458578617526 -0.73548192667924
0.0377602600286775 0.025549043809251 0.0500388867094129 -0.654832151582325
0.0258831841880407 -0.0304339710262128 0.00748651771205496 -0.424272169339491
-0.0176870630560972 -0.0367440052156369 0.00819333334664714 -0.222696420917976
-0.0325284400956963 -0.0288894216916393 -0.00213537747569202 0.00246070422630358
-0.015959324231021 -0.0405637285855241 -0.0262742436851023 0.217432949294292
0.0224311259212187 -0.0335773999159077 -0.0204309497876505 0.441618951190972
0.0391780061407927 0.00331468329846657 -0.0203032299039923 0.63649028536463
0.0131129160599473 0.0499501341401922 -0.0311857789343387 0.718308815023129
-0.0453846242263543 0.0161433586907016 -0.0692241150883221 0.638611344736694
0.0127051009146671 -0.0223486113645915 -0.0245431731143623 0.492715489020171
0.0566821173860464 0.0488211202076703 -0.020318058090263 0.448363750912747
0.0462646733799896 0.0847864735270334 0.159796304223909 -0.403027538300004
0.0351818979968154 -0.00117084321731944 0.0108574269883211 -0.452745403169687
-0.0504887691504835 -0.0167989963267578 0.206144276359311 -0.548873600367551
-0.0103153108662353 0.0639009288222759 0.1349033170403 -0.729811940377559
0.0464317118220083 0.0219941997807604 0.0121508987185812 -0.641728640124712
0.0272154278885194 -0.038405541570858 -0.013817382193467 -0.43554327767362
-0.0244388752475968 -0.0434160263885779 -0.00837544858420597 -0.237482315251923
-0.0403334506527975 -0.0361826773186177 -0.012308410472923 -0.00995672588306225
-0.0211240371619581 -0.0472222810154721 -0.0428169813025758 0.203277352501341
0.0256250504761001 -0.0408117681487871 -0.0475727875077199 0.428227442916216
0.0468756412653259 0.00530033391207984 -0.0584643475903006 0.638233051133906
0.00684794648099865 0.0610557610413561 -0.0914985594141829 0.736240689175512
-0.0570500809569526 0.0114560084106387 -0.135529575466473 0.630984602180412
0.0229174036360228 -0.0258651384189595 -0.0422303972850469 0.481584496717571
0.0638566195868433 0.0655745250714757 -0.0437616253052599 0.450245830298034
0.0523315515562525 0.0746646966388877 0.1178836369309 -0.408287860544603
0.0283355594897739 -0.0104053651526687 0.0150006791746286 -0.448792624918326
-0.0558688818671858 -0.00959018538864579 0.140787598669879 -0.583663614610965
0.000579057659231171 0.0672954593887716 0.0574273525669317 -0.706860614208837
0.0505246301613647 0.0175219181373859 -0.0222128530300178 -0.627291752840971
0.0244330151024772 -0.0399349421229754 -0.0341409935539321 -0.448048397131158
-0.0282570555454846 -0.0420652218933504 -0.0260808511301076 -0.25121804432214
-0.0437111800425935 -0.0353181911085751 -0.0237577080958992 -0.0243443609048475
-0.0219978508583522 -0.047591504741006 -0.0600634911746756 0.185258969527083
0.0291392511935227 -0.0409008780839404 -0.0767550336516578 0.409203128193313
0.0483177691370715 0.0121036260816532 -0.0966554525599583 0.638497001175996
-0.00250586640929076 0.0638871022180829 -0.161378343615168 0.747843185107726
-0.0574987603807822 -0.000897491759390813 -0.207253334669182 0.610595914393141
0.0314250066596329 -0.0213423807332706 -0.0552553500672392 0.472163331626271
0.0589116383035811 0.0729079100827089 -0.0712875637067307 0.449031589403151
0.0486728547571083 0.0541800931771072 0.0835278939703878 -0.409556900708821
0.0149815670797509 -0.0130303064864813 0.0218679800893341 -0.452266158387912
-0.0519380003916629 0.000304489458425272 0.0776379589650146 -0.607858233444809
0.010288162016754 0.0584338671268804 -0.00264287043134732 -0.68127288530812
0.044586095898888 0.0108585201640983 -0.0470127096743329 -0.617296198094291
0.0197196609627891 -0.034235441640067 -0.0549277234403162 -0.460186152742807
-0.0287772177786256 -0.0353035447259103 -0.04186252888813 -0.265233557041642
-0.0389532066001839 -0.030619925669298 -0.0345560460843545 -0.0356508061172496
-0.0154931674038523 -0.0432953505440227 -0.0750692194787752 0.168656474451938
0.031019288349314 -0.0340394595112749 -0.0976417830402758 0.393562749508404
0.0428794744779543 0.0187481600584425 -0.132738443379911 0.637712087125504
-0.0114990606988111 0.0551144578995845 -0.226997517152986 0.753766927391229
-0.0469937153712556 -0.0105169877018976 -0.265288625319287 0.584215426615519
0.0349475621556425 -0.0120761866314951 -0.0597112531881776 0.465924321904206
0.0424272872991669 0.0694668603445997 -0.100004063909176 0.444368820167281
-0.0274482659333686 -0.0594962197577138 0.190681231460004 -0.359463266901912
-0.0352569686689911 0.0157942761641302 0.0326083389817131 -0.420762150939442
0.0204509640392472 0.0120879178493997 0.325386824048366 -0.470178301543549
0.0132833902695452 -0.0224289346156055 0.291469845434532 -0.723994941752466
-0.0184775763141511 0.0111642652819736 0.111784915156098 -0.643287630116833
0.00184275870677709 0.0262970697659396 0.0393064839695033 -0.420797626788664
0.0152491292336209 0.0168933356262584 0.0196836210875023 -0.222879907748035
0.0249722831328063 0.0205071509678788 -0.00136948069444901 0.00725533726069716
0.0326353135489735 0.0104258706845679 -0.00994444221784148 0.227842956986449
0.0234644574292269 0.0298221424394057 0.0193161901104242 0.448275886588438
-0.0123201866117634 0.0221454117960182 0.0321983960355754 0.620168646565242
-0.0118396914609401 -0.0285314699479474 0.0571667440857409 0.687782246744774
0.0342208085008546 -0.0107466359211073 0.00454471364351347 0.62916044230431
-0.0121046384853939 0.0191520703253765 -0.00273923294867966 0.477660402222264
-0.0442011937111855 -0.025985768722622 0.0307505707447092 0.418221224411636
-0.00863362332363323 -0.0267999595231946 0.210198351653566 -0.355483849000961
-0.0205450642931262 0.011684827514754 0.0244717011221661 -0.433490308716977
0.00239638554209054 0.00599761578214432 0.337244542021681 -0.446396488445114
0.00715022868601209 -0.00355818317590578 0.319731119535755 -0.724070275821032
-0.00542391340905992 0.013051130325114 0.117969771593997 -0.653382560429762
0.00608539035695404 0.0113925579397531 0.0431409288175886 -0.412376186260974
0.00688831899680127 0.00492421300158402 0.0262796186395492 -0.213418216808483
0.00914845574217158 0.00932950948794538 0.00589631274291393 0.012591755818157
0.0209629503162956 -0.00189779245341051 -0.000677620844297365 0.232421405217456
0.0250900285970133 0.014069605281056 0.0307796502084294 0.452910045917627
0.000868452023564558 0.0169054608550283 0.0407978479241475 0.622988016191951
-0.00550064082220164 -0.00874609709068115 0.0633452480644119 0.681847948974295
0.0158136428352386 -0.00300767565253628 0.0222622394674063 0.626031861364406
-0.0066110123306201 0.00837184952025955 0.0031831701294076 0.482310371058679
-0.0160996016456864 -0.00873535490480147 0.0351116099639807 0.418264033794453
0.00606125449547835 0.0120419339379001 0.211429615592607 -0.361681255125147
-0.00265601027382302 0.0113788028188557 0.0148605397331395 -0.440580033447935
-0.0121476173245433 -0.00297649506185839 0.328579571392155 -0.446860042006776
-0.00129200458499885 0.0163492592081972 0.313944924258232 -0.727797851910365
0.00933109696964319 0.0164958287340394 0.108273637781077 -0.655172503966093
0.0117822553099879 -0.00404360525139577 0.036125423591394 -0.411164959061637
-0.00248939027333343 -0.0096301514504558 0.0251634952290282 -0.213168558739331
-0.00442475861797147 -0.00275561623031928 0.00878218216134805 0.0121154812805017
0.00524702536473488 -0.015608216687212 -0.00150869695273359 0.230151534839558
0.0211046467676321 -0.00361415729740072 0.0302135461898741 0.45401521278264
0.0136764486566011 0.00982833543534514 0.0393781760508016 0.628585136719037
0.0055882680982832 0.00955862120422827 0.0520867940676655 0.684335911011634
-0.00433632951364938 0.00754429773191413 0.0142466334328003 0.624160423730943
-0.00339141717532381 -0.00245897717354904 0.00405066330171342 0.483651867337817
0.014163969984399 0.00583710810279739 0.0343680680803652 0.422201531958338
0.0228961709536619 0.0473692429197975 0.196468254661615 -0.373683394912694
0.0159809414917614 0.00946867094741011 0.00773152353046379 -0.436277312116807
-0.0269502284121731 -0.0104013249752208 0.306330697678565 -0.465813637938947
-0.00850593995085246 0.035701951724913 0.271529772303488 -0.731594741486496
0.0243288888243552 0.0201133739474611 0.0805595342502536 -0.654433031119904
0.0174530999986942 -0.0192156902802209 0.0242276214321785 -0.416378690627836
-0.0117723088932279 -0.0236374194352822 0.0185804321767437 -0.217912819209478
-0.0212618694207657 -0.0154036506935215 0.00488717909429587 0.00643112975681597
-0.00899186746812696 -0.0267174142170725 -0.00669524662928349 0.22531895854371
0.0190297372917356 -0.0197274788189122 0.0139159590945589 0.450592150950584
0.0249458025227398 0.00245791753879426 0.0184911729888427 0.6323451943922
0.0135461091757334 0.0288948800915547 0.0204656725177873 0.697122943655301
-0.0246001361529786 0.0180977659245919 -0.0169892735303032 0.626066325391503
0.00169301306442682 -0.0149753354638761 -0.00447307612408065 0.478803420668374
0.04092360302101 0.0225724162834294 0.0249279760628585 0.426904311166657
0.0402192112792126 0.069963179094192 0.163668278231902 -0.387839072626988
0.0285738850439597 0.00233500715630894 0.00388045273830287 -0.425629768114635
-0.0419838177771944 -0.0138607123922853 0.264788912773985 -0.500703610234782
-0.00907026885787506 0.0524467329744356 0.206730873256709 -0.732681160571972
0.0368893514438639 0.0210353215475392 0.0455673212016969 -0.648259838736719
0.0208680578989048 -0.0311685157108315 0.00540391411815558 -0.425282719816275
-0.0205298712122256 -0.0336538224846916 0.00532326438929864 -0.22780953708344
-0.0355871754517299 -0.0245225975047244 -0.00338494224562752 -0.000328914267173311
-0.0199011314415896 -0.0362617096448069 -0.0199845803147711 0.215392857191171
0.0176572052737405 -0.033182601675656 -0.0119471039116006 0.441231476710751
0.0359355171003088 -0.000283523983585263 -0.0143544838749982 0.635484087371575
0.0161611860571858 0.0465245780843729 -0.02998661285846 0.714118621715914
-0.0428380410905184 0.0224838650719936 -0.0703071477638755 0.625444597900817
0.00713539688868746 -0.0239670660198629 -0.0214639272800203 0.470975346238857
0.0599462256683235 0.0385297662809226 0.00747420048012307 0.43151880116363
0.0533625292858082 0.0750471200656844 0.123585502710593 -0.397763525287521
0.0313058068672968 -0.00756067947849125 0.0058251361095736 -0.418021767926839
-0.0534684854462267 -0.0100554625995377 0.211300755365051 -0.542066795846253
-0.00357003748741521 0.0634548212150776 0.12959957988798 -0.725848043588269
0.0452866305851926 0.0173029297604261 0.00708789838609013 -0.635428916390074
0.0207333249918468 -0.0395418802192733 -0.0174156429393115 -0.436813152841202
-0.028425987657179 -0.0377822953274655 -0.0124586802518984 -0.239718520810367
-0.0437110757506682 -0.0283973603754693 -0.0119421848901707 -0.0106280398543596
-0.0259200891181654 -0.0421270310165453 -0.0376775390493936 0.203396124234694
0.018867525598389 -0.0403161585444459 -0.0417553394906539 0.427832400498825
0.0439314381375216 0.000333171699190107 -0.0534903762412455 0.637376920995447
0.0123962581179814 0.0581782778789119 -0.0903742209260558 0.730914142929941
-0.0557580073937382 0.0180650095697206 -0.136299692759288 0.619562387168915
0.0156851551411887 -0.0281010780891133 -0.0372249507904604 0.459205529993242
0.067268868714542 0.0533218381171964 -0.0129357873811864 0.433978996378739
0.0584489003152605 0.0649728475707344 0.0852638468641114 -0.398597672238727
0.0229682438723628 -0.0154252768137067 0.01201290047635 -0.416928204874453
-0.0573935885085562 -0.000996956007399395 0.143567962687834 -0.575578024127754
0.00647217368002573 0.0649986123324872 0.0538676393100862 -0.703967266384839
0.0495042442408515 0.010842506144787 -0.0263477554594758 -0.625376750284843
0.0184016553958096 -0.0412519360256495 -0.0400450132752079 -0.448926543557609
-0.0322038271309192 -0.0362259704453042 -0.0322904636699185 -0.252367779754035
-0.0464994007059103 -0.0290028013570739 -0.0250726995039563 -0.0232381985320006
-0.0249641584957513 -0.042913849543318 -0.0555225381190242 0.187105447756965
0.0225150247548465 -0.0407090052693949 -0.0732017468018154 0.412169113244872
0.0461227408105502 0.00601820477236029 -0.0927426931555046 0.634617691185128
0.00410408994519995 0.0614901788358208 -0.156263594024905 0.743935556048812
-0.0578591094907728 0.00645385306516091 -0.204476057516181 0.604223144081981
0.0251493305030153 -0.0264296979334275 -0.0502589708220703 0.447350394271049
0.0631408626200481 0.0624976225147295 -0.0380517477453752 0.436032191696601
0.0527089425164938 0.0465161325921368 0.0539590067092305 -0.395739753673051
0.00955546399024196 -0.0156274149523485 0.0172617479893278 -0.42485487599385
-0.052232375555112 0.00637465925222948 0.0800074473275683 -0.596041213818388
0.0147343843924404 0.0561526553053402 -0.00282049435918356 -0.676688579727721
0.0432020168585129 0.00579684524636721 -0.0518080827743103 -0.615984332844039
0.0140583136313267 -0.034044073827017 -0.0642323539228492 -0.459810577606968
-0.0316906279637554 -0.0299208096427162 -0.051149570377763 -0.263125505273812
-0.0412744620049839 -0.0248480675244075 -0.0368150916072547 -0.0341778151053103
-0.0199214667032851 -0.0387340374833754 -0.0724357673149066 0.172657487447665
0.0246108265562976 -0.0348850873289363 -0.0952394636427466 0.395613032147619
0.0418990983348724 0.0139706290021183 -0.12614573947358 0.632433420673247
-0.00599724986900899 0.0551013259985099 -0.220007256366584 0.748548722698693
-0.0490782514770086 -0.00462515107099849 -0.265561962598106 0.576172258918175
0.0288696091040254 -0.0181910517703163 -0.0564194614097111 0.439700357788243
0.0477508280540409 0.0593424650547031 -0.0649942308270198 0.435612110331199
-0.031023631878702 -0.0496985848300192 0.14347780472492 -0.353314521261702
-0.0313101158083156 0.0184824888624164 0.0322188373168831 -0.368851521347569
0.0215539525380465 0.00696859694996205 0.335361262730371 -0.469211216936553
0.00806620371944007 -0.0213252000694742 0.281984832880925 -0.722206588278373
-0.0170538421035062 0.0154198852910022 0.107446057322723 -0.636483169190724
0.00710774363743217 0.0252058207335571 0.0387023164560262 -0.424370109606968
0.0176889175650322 0.0141349868471809 0.0128609109749573 -0.229328736291307
0.027335675935995 0.0138441940778002 -0.00183259561937146 0.00396047137569701
0.0333772609850566 0.00409255663837395 -0.00183204295189266 0.225022914386428
0.0290315326166797 0.0266661802494093 0.0328142698988124 0.446523867540557
-0.00748328631761862 0.0248846789268008 0.0405677741091817 0.621824057733
-0.0148201608901497 -0.0228150686577763 0.0529013289975494 0.684801340654
0.031257366170652 -0.0156857181025398 -0.00163190311905944 0.615886967060117
-0.00733772160307776 0.01846603511949 -0.00528701814688269 0.45359034543836
-0.0424352963058253 -0.0184831432621584 0.0562137850578133 0.386556187267932
-0.0102304280499652 -0.0228777272586789 0.162091222117135 -0.352227093447764
-0.0192114816399221 0.0123273423465248 0.020850909179924 -0.3783556415138
0.00470683367445592 0.00525492686974688 0.346986812583761 -0.448624419034688
0.00566641151878874 -0.00212314178554147 0.305222815011813 -0.72205990672507
-0.00504978339899151 0.0142475892970803 0.11368504670264 -0.643044170802627
0.00796194481626321 0.0116046319965169 0.0438925283150062 -0.416672610121451
0.00777622502444232 0.00337805522329163 0.0202223628955666 -0.222635588450148
0.0123780144785418 0.00675143850230998 0.00558833725365258 0.0064438119532107
0.0205373613919678 -0.00524372000599785 0.00647737431756431 0.226731025298647
0.0255856838820567 0.0107074227525987 0.043322411041287 0.451293929184819
0.00304508924121869 0.0183659947973787 0.0515691772272918 0.625976429034129
-0.00586753143075264 -0.00613933977098497 0.0598267236198343 0.679298660154637
0.0150042467792137 -0.00507945983039045 0.0145980538284454 0.610287291821671
-0.00627096775021174 0.00822109432055586 0.00407191743982738 0.458050787526251
-0.0148255251136421 -0.00588131329455392 0.060571473473975 0.387261847906461
0.00877275647165235 0.0102714945126958 0.161734191665065 -0.357959185676807
-0.00244006379978662 0.00859542414738144 0.0118493948582339 -0.384233431332805
-0.012944366421438 -0.0010222565574759 0.341084456457356 -0.446732372626754
-0.000527821685264359 0.0169872182097958 0.299726325245936 -0.727034525815813
0.00922235816984469 0.0164091955892399 0.101682438900314 -0.644915300449897
0.0103870137752183 -0.00387100711962779 0.0370018462912162 -0.414337006806444
-0.00258855152290321 -0.00973513248299292 0.0197519874436451 -0.221046785908492
-0.00508418119019829 -0.0021708799878949 0.00732018275902586 0.00706581182976873
0.00397551870670032 -0.0151570214232862 0.0081193463913024 0.225705050074125
0.0196690383763912 -0.00292165237219794 0.0409405572614564 0.45141904751937
0.0142302044394955 0.00888636273659773 0.0471318443353149 0.631178737348747
0.00602307497402766 0.0102060909756723 0.0496747837373088 0.68374600860776
-0.00380167700024426 0.0090587291413856 0.00601285124244092 0.609798906694709
-0.00428360459597956 -0.00302719070203404 0.00197204259999411 0.458520551457886
0.0149943865778846 0.00314742925577584 0.0600903325865859 0.39104401886969
0.028071609503706 0.0402274690681718 0.147065027898036 -0.367757164353067
0.0130906389782828 0.0033890949576293 0.00624032968591979 -0.381376645112417
-0.029480398967755 -0.00669070551871268 0.317112062979805 -0.46625470555797
-0.00326651842756024 0.0347077568947103 0.260950019858988 -0.730482073697865
0.0227970455118023 0.0160349723465734 0.0766981451276297 -0.644067315000032
0.0142539320993198 -0.0189230077119656 0.025434920334058 -0.418887882310777
-0.0137710740662904 -0.02053427765702 0.0117866367153414 -0.224971429786037
-0.0217010882690491 -0.0109202299676608 0.00346719899798335 0.00205275004408698
-0.0113584411244761 -0.0234163687090067 0.000450187120307248 0.22036767658977
0.0149689760597601 -0.0180708145576698 0.0247306580971037 0.449469180721095
0.0228703701261544 0.000675258461878971 0.0266700594444915 0.633099625817457
0.0163102293487743 0.0259471359973403 0.0192088419675688 0.69712090115372
-0.021051570423311 0.0220928632431492 -0.025009173374514 0.612069568723333
-0.0035824018478565 -0.0143107891014182 -0.00771184411434467 0.45179905981389
0.0400224703972531 0.0144763878190362 0.0529364559348603 0.394300079437805
0.0467611691980831 0.0575566369842509 0.116587381600707 -0.376224032286393
0.0217634455876262 -0.00451417399390617 0.00593105346078206 -0.37449574230963
-0.0440414293206425 -0.00678362744602782 0.273692027472459 -0.500321351718956
-0.0031115349683429 0.05146913160143 0.196910565102697 -0.730144218235704
0.0349741717179012 0.0147613163259014 0.0407578707084252 -0.638883499321259
0.0149504620811822 -0.0303264952563358 0.00586416883890335 -0.427446329865825
-0.0234482012698792 -0.0276624749169474 -0.0017896839296913 -0.232482552035545
-0.0358878626478915 -0.0168903681690217 -0.00293527678686333 -0.00416418612469616
-0.0219538145378613 -0.0303374733647412 -0.0120223816736538 0.212448597692385
0.0119143698865427 -0.0296342450054357 -0.00214227259525614 0.441795946385322
0.0316533720118061 -0.00271992176826254 -0.00583998389539767 0.635107929264972
0.0210467626057161 0.0410940225827995 -0.031195931646722 0.712923842315225
-0.0385279737942008 0.0291978135177843 -0.0753952621584738 0.612589534352372
-0.000666503730403424 -0.023811835938163 -0.0236808600050534 0.443013237530694
0.0594524183902402 0.0258045125627602 0.0387974883897378 0.399243856575604
0.0604051263155835 0.0601845921687088 0.0805931714492239 -0.37977144277204
0.0219869273202959 -0.0134853987712314 0.0111241864201272 -0.373051704185798
-0.0538969276980446 -0.000805707418523767 0.215649468909924 -0.538000729564061
0.0043179641892712 0.0605307263958706 0.122132432865032 -0.721356027861698
0.0433333722156635 0.0101915630029086 0.00286705687607241 -0.63323834525873
0.0137099718369983 -0.0380532865473696 -0.0224906743943947 -0.440050599188836
-0.0312354150297222 -0.0306398405205787 -0.0196024367521206 -0.242359853384697
-0.0450954146710816 -0.0198017810677483 -0.0141535065025135 -0.0121861967286896
-0.028198252633046 -0.0348706138415833 -0.0310012158290916 0.202150332888022
0.011863681990473 -0.0381295808544722 -0.0348401121720026 0.431032307324828
0.0391683428214364 -0.00337331072373539 -0.0457816170993197 0.636719342691329
0.0186836706566987 0.0525876333711967 -0.088129621075649 0.727194394190916
-0.0514301881846783 0.0265231576791056 -0.140506445893741 0.6078756098651
0.0063468206605357 -0.0298038133925631 -0.0416644442540019 0.428384026938951
0.0683772840924897 0.0380789576961325 0.0201643966319223 0.404936875995766
0.0628951555610687 0.0505643269442462 0.0456056697800855 -0.376075413132656
0.0142630557601645 -0.0205379376656402 0.018692018661894 -0.38015279271907
-0.0558554510755868 0.00766934853046187 0.147267309043782 -0.567135967018929
0.0143247099752268 0.0612111344227491 0.0516960980919997 -0.698427417669098
0.043601026417541 0.0041270997740472 -0.0328825048735147 -0.6238701001114
0.00972926563972707 -0.0380829642011788 -0.0486625494425554 -0.448882426074744
-0.0355641639261196 -0.0295052346411343 -0.0406846707271973 -0.251269048220959
-0.0473936102014796 -0.0190672143707328 -0.027071201833583 -0.021971479243119
-0.028806969002977 -0.0346652528381997 -0.0503645185424475 0.189513047530756
0.014191795407686 -0.0390978223383821 -0.0666932774688986 0.415301088659148
0.041020449170168 0.00118166101039944 -0.088598669127438 0.630689304448177
0.0114149319634042 0.0571318896778181 -0.15187700078269 0.736854827784177
-0.0555992439096911 0.0154253576059872 -0.210095116809158 0.593416075655749
0.0154268386940002 -0.0286988711059342 -0.0542992471875728 0.415635605101686
0.0659550228092731 0.0464625792297076 -0.00105155241252427 0.407549728505734
0.0547896385080801 0.0344807390019879 0.0200473375250327 -0.370609315932696
0.00301891745638322 -0.0194191723597418 0.023823833621464 -0.39134520148578
-0.0487974678637445 0.0145662081166123 0.0847203054285287 -0.584937885000884
0.0209109326917374 0.0518369301670297 -0.0018054742636697 -0.675634178489756
0.0389614788200184 0.000278477352862933 -0.059733846777565 -0.617425342912971
0.00810161712138797 -0.0310206067410622 -0.0780176907136575 -0.459786219929087
-0.0341125762348361 -0.0233298484590982 -0.0614017964487526 -0.258861747196275
-0.0420532819675845 -0.0161963562186897 -0.0393400256058197 -0.0291350628686889
-0.0233813198753991 -0.031277630116618 -0.06882421719441 0.177305724598109
0.0168161692262725 -0.0344603409088816 -0.0922064779225666 0.398893004983917
0.0393237531576799 0.00680130156329224 -0.120389634125661 0.626590827060877
0.00121058780945878 0.0528033950069575 -0.212079099324976 0.742888139776438
-0.0474435039383172 0.00375864673233068 -0.26893087289101 0.570961354969056
0.0211451081989258 -0.0211309124051176 -0.0596218014811677 0.404106399503152
0.0519381248098899 0.0470325732107728 -0.0238501566712086 0.411484495908338
-0.0315984797851693 -0.0360034680766544 0.0895932144589774 -0.323808128450623
-0.0221165996076613 0.0188509132374332 0.0517640966406637 -0.307289951775598
0.0216679191214028 0.00112308632652893 0.348538658421627 -0.473077477134884
0.00178300480080565 -0.0185959613472165 0.268411505908869 -0.713254123968106
-0.0132400473444923 0.0193462437222417 0.108233197497714 -0.627549170303776
0.0119792086370993 0.0232224001154556 0.0369862650207162 -0.428658398129408
0.0193054943428665 0.00838298797722809 0.00256481111609337 -0.234180209685694
0.0260577885808433 0.00690720670477958 -0.0037864666219003 -0.000662049590760002
0.0328381338604866 -0.00331671872240193 0.00797177262401899 0.217071776160996
0.0328505937468926 0.0197082280607811 0.0467621835754952 0.44072584366061
0.000237439059350604 0.0252217750673709 0.0522016549489381 0.62475179996725
-0.0170031334252159 -0.0162314827434238 0.0484307543551878 0.686566662434452
0.0254578773603047 -0.0202266801019787 -0.0167411311771592 0.602695381756053
-0.00155379826867378 0.0155724271448159 -0.0180558325608268 0.425597447307883
-0.0364966544397169 -0.00910859473041272 0.0732465633445543 0.339075522253983
-0.0101953778521954 -0.0173447693242058 0.103972662390232 -0.326828204442915
-0.0159039463391845 0.011469053578445 0.0396998838694819 -0.309623927009019
0.00379993645175199 0.00253919342257209 0.363084354164583 -0.454264973116836
0.00313517672646473 -0.00120984521784277 0.292474884902025 -0.717650970246201
-0.00360115645766616 0.0159233457333448 0.111237901856348 -0.631712865841524
0.0107162698048865 0.0107886826150271 0.0437190308846002 -0.422207600039176
0.0077916405493688 0.000680016163701952 0.0107051016046565 -0.230853009290478
0.0113724574480335 0.00275426218373957 0.00227016465173936 0.000853093444494531
0.0195910136727521 -0.00761026316924827 0.0152097373390005 0.217907056943801
0.0261942846120528 0.0080839702319146 0.0583139319171953 0.442898593002686
0.00612454235833533 0.0184761844583465 0.0640044802150871 0.625671064856572
-0.00635809535781311 -0.0031408946353061 0.0555102057426933 0.68338146483951
0.0119274232569985 -0.0073832403675794 -0.00291466767923259 0.598731516613495
-0.00333600182218861 0.00725582365350008 -0.011068372153751 0.430241084225245
-0.010977884216206 -0.00307353214558144 0.0767275299047778 0.337622675279897
0.0101189751123261 0.00675287222631265 0.105404229981419 -0.332504851773453
-0.00383700463853663 0.00540196560172235 0.0311961855683023 -0.315053774338761
-0.0137120340054953 0.000626692986721248 0.355791253221278 -0.454019946979943
0.00111175162717532 0.016762321519984 0.283572248063643 -0.722111419425171
0.00914647386022888 0.0145634668214039 0.101312053765837 -0.632990548500523
0.00952816388212045 -0.00276739503812878 0.0376927696287215 -0.420897399343893
-0.00331503267428328 -0.00759959982700108 0.0105271547990648 -0.228994590845587
-0.00491033325285733 -0.00120534740832646 0.00385117141138075 -0.000244803247290005
0.00386882250983 -0.0133473243366242 0.0156073445865764 0.216199516285593
0.0194597812184996 -0.00445178753707871 0.0567288157219647 0.443717386755748
0.0125791169867556 0.00832284755736963 0.060403320428255 0.629128530914468
0.00650644931667226 0.0083413295616988 0.0457601948842438 0.689256628544777
-0.00113690984868549 0.00944461699873589 -0.0111158528174909 0.59715600954192
-0.00610167105433746 -0.00181955526514883 -0.010867381955554 0.429025681010905
0.0136897147359425 -0.000254500620011784 0.0770534034373645 0.340937267183848
0.0316996168081501 0.0281520239302264 0.0918938608295234 -0.338741461609019
0.00609374290987689 -0.00106505202127277 0.0296894173942171 -0.31547964064493
-0.0303009295386751 -0.000399240386643957 0.331438870548843 -0.472489882757482
0.000755100890535125 0.0341036591952106 0.2467716121245 -0.725601632065878
0.0205883145794573 0.011941647005619 0.0754959483149979 -0.633852220423968
0.00897172642926574 -0.0180184115126485 0.0226010298768698 -0.42421261983025
-0.0140077770473174 -0.0159612458693111 0.00252316064094309 -0.231413802372414
-0.0207238858453693 -0.00508228448084977 0.000428613742287812 -0.00443036511107006
-0.0113250114264443 -0.0175265946598858 0.00786040763513182 0.211075503018598
0.0110502287595559 -0.0148232200238714 0.0383328377910515 0.440945713469285
0.0189343536631202 -8.354005545959E-06 0.0392814511608752 0.633579166277151
0.0176121655205982 0.0217891854817725 0.0163736780691608 0.697139310456665
-0.0157864191449502 0.0243418108273657 -0.0410366525485065 0.599509545936169
-0.00953774127029219 -0.011276531896136 -0.0222521325437145 0.420897894281315
0.0362847425458222 0.00440944622882004 0.0707784484736211 0.343710208486804
0.049561970957269 0.0400882572216106 0.0659062331281762 -0.342204826766172
0.0113768810780902 -0.00982417516050693 0.0320152560976436 -0.316288721748063
-0.0441061075266673 0.00300338701057769 0.286047800777806 -0.506256460761747
0.00530675921938593 0.0470442249625362 0.186090450630604 -0.724892609367377
0.0307665276030297 0.00837474954383208 0.0381617889917174 -0.628793377925942
0.00727415767149584 -0.0277963145639913 0.00146568056688959 -0.433093117199817
-0.0251910775511229 -0.0203703301068127 -0.0119339905202668 -0.236734735259166
-0.034209305175892 -0.00749671229325526 -0.00600229920080358 -0.00797796543275211
-0.0216279373015263 -0.0218967431922269 -0.00543948651674713 0.206660843906115
0.00720327623543907 -0.0256940086193878 0.00956261633403319 0.437463820819062
0.0249463856576174 -0.00576896254663798 0.00337666048592569 0.634309261887823
0.0248956603567393 0.033619442169655 -0.0298390313260918 0.711867437882271
-0.0304513306763858 0.0340886640074957 -0.0913871067914541 0.601212592517885
-0.00995745391546028 -0.0203444114540969 -0.0375737173785565 0.41018378720926
0.053666440377628 0.00932097254196763 0.0607855268029166 0.34870809679927
0.0607761149080511 0.0392861617417009 0.0371388100412777 -0.339322000302215
0.00824279403440688 -0.0179108187548293 0.0367456227091097 -0.32139501387869
-0.0518668633261862 0.0103562440171397 0.226219682779647 -0.539549045757162
0.0135314990174837 0.0546047393596336 0.117504555254298 -0.716439505683057
0.0361876545803822 0.00270691167731432 -0.00041162180861227 -0.626285183160921
0.00416322878004768 -0.0331092294328822 -0.0292128339086352 -0.440570581283454
-0.0321453627535634 -0.021974050043733 -0.0323776015622076 -0.241762028367853
-0.0421104806126225 -0.00775319919012368 -0.0170737430890004 -0.0129190363044183
-0.028224604464173 -0.0234448374348472 -0.0242595004016996 0.20002826636543
0.00498370851036827 -0.0316412034121258 -0.0233547789750107 0.428398620550687
0.0309655283082505 -0.00729751768865366 -0.0392703309754036 0.633995685337575
0.0244478052216162 0.0434953524547006 -0.0866189902755157 0.722391492202015
-0.0419501943014695 0.0341893387668168 -0.151888547420799 0.597196206850774
-0.00529418449186342 -0.0276367941932394 -0.0571451617884608 0.39693610489359
0.063177829566172 0.0185006158445937 0.0488340858455737 0.353828087263922
0.0608316601263152 0.0301824094248825 0.0101074632266691 -0.331815598792645
0.000448108161404128 -0.0207352193468921 0.0431796367056105 -0.336856444220105
-0.052179444724562 0.0180729015200975 0.158745680411936 -0.561975389561879
0.0214248506197414 0.0529961452478387 0.0518828054320758 -0.69605260674403
0.0360842055346398 -0.00200488864402393 -0.038218231556608 -0.620814723046478
0.00282660132944616 -0.0317583178359332 -0.0621303048245834 -0.45088112479425
-0.0362335051588478 -0.018616797750481 -0.0523376243939747 -0.247165412266146
-0.0454994690256006 -0.00708453875398479 -0.0290780400223294 -0.0191526039280611
-0.0287002010703451 -0.0238774205250181 -0.0438591297291783 0.190308666471032
0.00535543087970997 -0.0340441760276676 -0.0578824582781971 0.417361492667386
0.0331607338695097 -0.00413027533431027 -0.0824862433273824 0.627442988799677
0.0175670613598467 0.0483237283498905 -0.149851834702002 0.730430912191753
-0.048773976589408 0.0267160467300294 -0.220207798028436 0.583443490619099
0.00214813300992532 -0.0273792241148737 -0.0734421290040548 0.378992300362579
0.0627128620138716 0.0267482453949367 0.0320022182871629 0.359245823024818
0.0516294474304403 0.0174039875978779 -0.0101450309675491 -0.323299375785961
-0.00853299881493678 -0.0166775884327268 0.0445415729340905 -0.355476126440843
-0.0426469650398375 0.0229500919911286 0.0973148095619603 -0.574970688578283
0.0251847227946194 0.0428920053814968 0.00228712959477536 -0.67525635326392
0.0307358108673885 -0.00459855664644983 -0.0685854764292395 -0.617584593969151
0.00126156500634373 -0.0265128343656559 -0.0915437962408092 -0.454917964241297
-0.033599934620688 -0.0142636815289627 -0.0730363641098065 -0.250463291605244
-0.0396933151886604 -0.00624311976973225 -0.040689937552416 -0.0247733978921318
-0.0242262015100309 -0.022149523576623 -0.0613275948837056 0.18171294675533
0.00897869875517536 -0.0298733209437657 -0.0869449644792071 0.404200253182054
0.0328933328143716 0.00287077115506866 -0.120536923509933 0.62139830870001
0.00906800958775782 0.0457668440944658 -0.206584878336741 0.7342308346788
-0.0435622845770277 0.0137399635520936 -0.276880920003443 0.564968981676084
0.00995828190569151 -0.0240520864372014 -0.0817069070491588 0.364615921186207
0.0510582556747422 0.0287733150273685 0.014614024791845 0.365274674341538
-0.024493327806432 -0.0211502919616917 0.045340989309343 -0.265273578344543
-0.0135933611791131 0.0165457064892916 0.106511888254035 -0.250127881496726
0.0174780455284357 -0.00661629348932302 0.357610067848108 -0.486372375277425
-0.00279211627875268 -0.0106535864518764 0.259894209329917 -0.702265544634493
-0.00687517370036426 0.0228196423387719 0.110238432491707 -0.620166721522228
0.0172329600140087 0.017607107805626 0.0316603745775203 -0.433325676289018
0.0181945161008415 0.000620807665210032 -0.0112626658241348 -0.235932692384295
0.0206414292302998 -0.000626582817620526 -0.00976344767040506 -0.00402893924138742
0.0281532339158007 -0.0103203427779442 0.0126371800533434 0.204434470153178
0.0343800031107293 0.0126803794535804 0.0624144277766515 0.427230352522749
0.00798668241212739 0.0232284792199873 0.0680185434725243 0.622027420339169
-0.0147757062580112 -0.00839533634633415 0.0456538132847521 0.693518312788487
0.016075577770758 -0.0233874618589702 -0.0388518429521967 0.598431604063128
0.00324454250723736 0.00815133987979922 -0.0495730722456387 0.403902815041981
-0.0228671328862754 -0.00238849887073932 0.0666660277286605 0.274540012547624
-0.00740710836745596 -0.0112451781532304 0.0553094219004069 -0.269930251375439
-0.0124883988595298 0.00952123225863365 0.097457502436194 -0.246885818777728
0.00326210686492171 -0.000349182168497863 0.375232805628256 -0.472085910095075
0.000935810225953577 0.000456485741984656 0.276469337083953 -0.703951582400856
9.28902119310474E-05 0.0177925486036179 0.117602729656637 -0.61910336120791
0.0130082967202253 0.00860520423326968 0.0398096287960848 -0.428075012136993
0.00725600369528162 -0.00197006046733181 -0.00416276960791695 -0.234242307900168
0.00877212438302505 -0.000923531072738742 -0.00417939312488165 -0.00556935302486243
0.0158402216261543 -0.0103008938698479 0.0189050036997833 0.203333593357195
0.0267834747088697 0.00481713590546804 0.0709897824425564 0.427136426170664
0.0108596270417411 0.0159928318858681 0.0814769112568861 0.619601414672856
-0.00511304047381087 0.000163673419131866 0.05612468007604 0.690665271667509
0.00792665121985063 -0.00853576633490037 -0.0284499693347743 0.594627246278613
-0.00147841525197023 0.00319222206787206 -0.0418118389493082 0.406381390948067
-0.00631957534909463 -0.00222303001905783 0.0684332009931767 0.274626695255435
0.0123859211999197 0.00180756134911757 0.053102351797267 -0.274081271161248
-0.00730818715756055 0.00210050486363568 0.0907254248950003 -0.249699953648294
-0.0132942781709855 0.00325461728146517 0.371513550157796 -0.470426550336656
0.00263219018633931 0.0150362336752931 0.268496223443046 -0.710692380869838
0.00748365998601721 0.0129349873917947 0.106946395403351 -0.619391405053057
0.00927118544724169 -0.00262711310487939 0.034949397517212 -0.428559435523511
-0.00219239890707481 -0.00665229344524827 -0.00638579845423186 -0.233110274990817
-0.00444414721792107 -0.000127128530600851 -0.00316877362859119 -0.00623541427042608
0.00355618590903475 -0.0120419110965804 0.0187930755279049 0.20082343567843
0.0179475433828062 -0.00340692195971192 0.0691466331799738 0.427120320805356
0.0121657526961615 0.00923155367610026 0.0765976591989653 0.62213621766973
0.0070237898403104 0.00736968443621499 0.04400394790857 0.694076474946976
0.000403463540978149 0.00830063144043683 -0.0357200384168336 0.59311673478223
-0.00769209214147744 -0.000432993096823299 -0.0420114772132414 0.405408445109096
0.0107868887381072 -0.00452168654771986 0.0687723087740732 0.275015830351509
0.0298781038340653 0.0128347910217699 0.04430550722597 -0.276787887926116
-0.00483074983653551 -0.00513244769489814 0.0896429017924904 -0.254292981806636
-0.0271413498233512 0.00775108575528829 0.343603252883002 -0.486926047112075
0.00578879369736865 0.0288187019767136 0.232345507179425 -0.71443377145205
0.0161714615332642 0.00915078007845789 0.0813245896149199 -0.620469870048722
0.00532699098175825 -0.0127819749390195 0.0193710312513224 -0.430815875731681
-0.0134452203488877 -0.00947476307742546 -0.0134348327354718 -0.234619796787926
-0.0155391016950844 -0.000143940712837515 -0.00571138696692949 -0.00857788911563509
-0.00809060772447907 -0.0130381064147261 0.0123123862060134 0.198689942610571
0.00957711576773362 -0.0104023874529869 0.0516216788473343 0.428091746652239
0.0144762145716952 0.00151407899999524 0.0517920325304649 0.626919419109564
0.0171657717125282 0.0155605777908579 0.0161185840507864 0.70373136671377
-0.00795874201697731 0.0245198624844715 -0.0638379502357156 0.593509609534206
-0.0144211727630229 -0.00509155982496244 -0.0561146302591174 0.397035623110687
0.0253352404287323 -0.00491134208242961 0.0660294060969915 0.277656352514075
0.0431508699870071 0.0179030758367179 0.0286272361854329 -0.276943560787936
-0.00357779179786268 -0.0109748557967142 0.0910902224476785 -0.265363048390835
-0.0387110868851861 0.0146507715363926 0.297984753763413 -0.515456832469395
0.0109255112472293 0.038279108309436 0.178674049787926 -0.715160083716447
0.0218765164916583 0.00344006291232489 0.0420747647385146 -0.620385763380211
0.00131520084889853 -0.0205141199330035 -0.00629677582132191 -0.435559510108203
-0.0215026430533639 -0.0111442865134501 -0.0274693808469073 -0.235864819531496
-0.0273831572988085 0.00139966994192315 -0.0104642058541275 -0.0106927097583017
-0.0174635186458393 -0.0122070995899245 0.000434587190745709 0.195729849338093
0.00291822428854059 -0.0169085657737039 0.0236113777536253 0.426772353309365
0.0171286470791387 -0.00464013551423905 0.0148724233030975 0.629364468469733
0.0222827268186879 0.0231667004223011 -0.0324533927792201 0.712758223174649
-0.0184585195671049 0.0366840511938785 -0.111142791535923 0.596379374270349
-0.0177758317070622 -0.0108944240141026 -0.0730278379860833 0.386264675454836
0.0387233174692702 -0.00379220532269736 0.0613440412969897 0.280227521629554
0.050725172170212 0.0163485472418949 0.0089465431562357 -0.272479761467864
-0.00827658763821789 -0.0158200951284126 0.0931190799381466 -0.282332722787064
-0.0425385735848345 0.0222122278314229 0.238089798793939 -0.544925471302347
0.018589300437612 0.0430306628382998 0.114067186231356 -0.709639077626581
0.0250731400550087 -0.000823404343683852 8.99277230162479E-05 -0.619548573022705
-0.00240165290026416 -0.0239548339901166 -0.0405237949532421 -0.439855795954599
-0.0282273704180659 -0.0101357697279854 -0.0450667970059537 -0.235926769624587
-0.0347655252212555 0.00196293056477531 -0.020970293529737 -0.0125127622740832
-0.023535508905583 -0.0117552613039605 -0.0160920808123494 0.192006911045849
4.10351650729102E-05 -0.0205450368121072 -0.0110240188216201 0.423323225601011
0.0195886672354024 -0.00645517415265773 -0.0303523440809752 0.629264355518907
0.0256768990160807 0.0306062637991983 -0.0865790286771069 0.721061540592017
-0.0274743491112691 0.0395524382632449 -0.16939379286733 0.594161738454609
-0.0173094309004516 -0.0168472093395706 -0.0958020430452095 0.36993984264516
0.0475232027837902 -3.85855118840896E-05 0.0529855438692524 0.283979043942933
0.0488076441912355 0.00952440201859069 -0.00656197382100038 -0.265147968704724
-0.0151900921965036 -0.0150041398049618 0.0920874966624364 -0.304246220002158
-0.0407856286117897 0.0293406299543762 0.175560132497187 -0.563739266429718
0.0247247219229679 0.0396211669683326 0.0528877510307935 -0.695970288389452
0.0242382129949826 -0.00480410190988223 -0.0437577493687686 -0.617001132169213
-0.00403067768153701 -0.0231536682007005 -0.074779483783965 -0.442671966773069
-0.03052443504937 -0.00742873949798022 -0.0642121781352843 -0.236262145256756
-0.0352388918400652 0.00338525022130529 -0.0290762460709536 -0.0155741183901394
-0.0237243927253099 -0.0129972353151736 -0.0333353464394429 0.188187455323919
9.39753790223357E-05 -0.021788804648927 -0.0462599555836627 0.415112144676406
0.023009830035091 -0.00518181247182909 -0.0795525218277862 0.623708972960217
0.0228824015579235 0.0363925723735205 -0.148701637850478 0.724818429901405
-0.0346650384538676 0.0341655753787077 -0.234147965400682 0.584416789581983
-0.0113902050949564 -0.0215917418296484 -0.1155343797137 0.350579221359036
0.0477246366578006 0.00565460914710489 0.0434756093582909 0.288430890633112
0.0410563792861075 0.00138983503756254 -0.0173721385340511 -0.257530372523779
-0.0193653597608844 -0.0111282903399193 0.0859791349018365 -0.327298821691533
-0.0316232479732982 0.028677050451116 0.115412114549306 -0.572443732025819
0.0270665298760736 0.0317025548987411 0.00565917407069369 -0.680666975130672
0.0211818752114341 -0.00383621203736719 -0.080743165524958 -0.614484638619919
-0.00252661631458825 -0.016657916167008 -0.106915697523961 -0.444147427837898
-0.0281243388428158 -0.00423598970216914 -0.080838457849277 -0.235359506011408
-0.0323819143172271 0.00477190583129603 -0.0398086455266626 -0.0177332354578107
-0.0191895554686281 -0.0123306165620664 -0.0496733674672948 0.184190601599656
0.00306792189954522 -0.0198119998391468 -0.0765496685109492 0.407559531242427
0.0224622407497613 -0.0014003254629329 -0.118915733065373 0.615834457482044
0.0143305438880202 0.0345878132974173 -0.203737391750798 0.724227365022083
-0.03363253313451 0.0229195993574189 -0.285441192116697 0.567409573669544
-0.00327657684312081 -0.0198024007572337 -0.123769466081097 0.333405060073589
0.0407728422214362 0.0102528906012839 0.0332905516305095 0.292581308933227
-0.00945949283810424 -0.0101312043210162 0.0362619942571841 -0.184694126821079
-0.00660028516755974 0.00708303936957636 0.190444492980252 -0.225902085680778
0.00952649366988565 -0.0119004068406105 0.363153148165326 -0.506206361374144
-0.00444712527485531 -0.0033388011137869 0.255431614020316 -0.688525026439668
0.00163963094273027 0.0218405646492242 0.118380511634994 -0.614798884224442
0.0200335653286431 0.01025788874712 0.0231019582541093 -0.436362067102994
0.0120059205328081 -0.00425247773859654 -0.0267772200676508 -0.22899138452069
0.0109768984494661 -0.00423723382993432 -0.0156490520898735 -0.00545392229947738
0.0189014101176508 -0.0141440449459381 0.0130605371947898 0.188582424840468
0.0313874072965686 0.00374883115865619 0.0687730916279891 0.407768415635968
0.013671550403849 0.016718130737223 0.0812476523671514 0.612545592031471
-0.00785332594856839 -0.000800197008657745 0.0477344405266536 0.699578019296035
0.00540236257466209 -0.0199728366971295 -0.0653967129493444 0.607401223045129
0.00466220584854735 -0.000966385630094075 -0.0898389255563919 0.400171797666953
-0.00742292775538087 -0.00270956736216204 0.0252938128124824 0.217806378766975
-0.000330530499372183 -0.00793824162960188 0.039354256246926 -0.186373276121928
-0.0109541696465209 0.00512332952746115 0.186171705136368 -0.217250657985588
0.000684484879290461 -0.00279376972575517 0.378684895914431 -0.495536737731606
-0.00105396521300014 0.00504640453881491 0.269563721288889 -0.689413205393944
0.00178477223174326 0.0174875175000315 0.129507929046353 -0.612900240688937
0.0143140661262528 0.00446934348659458 0.0329820632503496 -0.434536828789853
0.00493786578014317 -0.00513482874744674 -0.0218743228488513 -0.230205679112376
0.00357519955986016 -0.00290659718873617 -0.0130760547230254 -0.00648647932101648
0.0121822612216999 -0.0123120040179218 0.0154572622531111 0.187037482295615
0.0248179806134132 0.000373356433233728 0.0765516783945266 0.406859353364819
0.0124068513327392 0.0133920871334281 0.0953734253850344 0.609649374816636
-0.00153950140135975 0.00253398777768602 0.057904868057426 0.698322781408912
0.00334639043452461 -0.00680182489276825 -0.0532273903129423 0.604851661898736
-0.0012136675249186 0.000284163317595216 -0.0817197833792591 0.401287634938869
-0.00197778358431671 -0.00416428867596204 0.0272714505578546 0.217874748559132
0.0108194838982234 -0.0014846663871105 0.0374356393086292 -0.190742794159725
-0.0141677832934108 0.00190008622391722 0.183757778442017 -0.218429252107654
-0.0104992151705299 0.00575594477166641 0.374918246557618 -0.496422651069827
0.00295243464600283 0.0133590242924094 0.260402605170729 -0.693217460476248
0.00616608911130727 0.0133044223554765 0.118460747449485 -0.613457761279602
0.00891517375200976 -0.00181047127875919 0.0273652576105637 -0.434761032839502
-0.00193942485622877 -0.00573258298705846 -0.0227808356307727 -0.230255193482601
-0.00254625041314082 -0.000417648625458434 -0.013434142286385 -0.00837914886636001
0.00416882576679311 -0.0100550965026446 0.014643050639044 0.184633154359548
0.0177244510230869 -0.00237178661135703 0.0727362317193571 0.405347887592247
0.0115389611680952 0.00928090893158928 0.0883767005980445 0.611036001196477
0.0067785652454453 0.00651969072067853 0.0486053094297103 0.701522309521357
0.00222847861900226 0.00726858320858985 -0.0615750879854775 0.605108982537726
-0.00794992298379786 0.00286422078342537 -0.0864457988388561 0.399008308433669
0.0050772897034582 -0.00702809144228636 0.0273135222882566 0.218691065978285
0.020462430505229 0.000526422365433049 0.0325965845220374 -0.193773480376608
-0.0158876304189733 -0.000632050299808328 0.17939309174481 -0.229630641783673
-0.0199879502155371 0.013382568701715 0.348332725043772 -0.512299280541435
0.00644287303528624 0.0206943772495199 0.226716680528561 -0.69848852642319
0.00888951185294202 0.00824021505880027 0.0916498726812267 -0.61539778080941
0.00278742176231529 -0.00639658798233665 0.013082407040352 -0.434841248485226
-0.00862348282322047 -0.00465398194253128 -0.029745459736867 -0.230059671060615
-0.0104684504478572 0.00302295619831151 -0.015246755096038 -0.00948382137533103
-0.0023184182086764 -0.00773248058632435 0.0093596108620947 0.184238961510916
0.0112317346827334 -0.00399854446476769 0.0573669629174622 0.40880040660322
0.0106016340303193 0.00433457703284135 0.0656559583456172 0.61554699395834
0.0136918185124368 0.00948542557107885 0.0182733509863616 0.709738555211346
-0.000733874704369135 0.0213780895251014 -0.0882102986591199 0.60654261141783
-0.0154869409166903 0.00365673591240448 -0.098334618494128 0.392228176956822
0.0121357892710905 -0.00882400508758891 0.0245862542610104 0.21784844057758
0.0263356432004819 0.00260583208180632 0.0263200759372076 -0.194287168846681
-0.0195522088604683 -0.00312269847064014 0.175527787796851 -0.248304071419795
-0.0263512353598257 0.0221234014276043 0.304600859205492 -0.537204559162553
0.0127247554890653 0.0259099282858688 0.173938491045654 -0.702212083087513
0.0106992768074858 0.00360119129655535 0.0500176177570801 -0.614131292448389
-0.000170177138848404 -0.0103911571642523 -0.0166699367130585 -0.436343307009779
-0.0147860332937888 -0.00411748100229045 -0.0418316432060227 -0.22754598085403
-0.0163035217307591 0.00613324656608427 -0.0177412550663994 -0.0101624254763891
-0.00861411078957899 -0.00588828347392696 -0.00058493703423232 0.183058750478832
0.0061001867091816 -0.00634310693926218 0.0305237131051858 0.409862477155661
0.0102111319123902 0.00101012191829531 0.0246217555113574 0.620351516074891
0.0175526344065074 0.0142294178088741 -0.0308789685810858 0.71615863871645
-0.00445242280488334 0.0317271266006082 -0.134073252265578 0.605448904839878
-0.0212533860638831 0.00196214842658996 -0.120094935504412 0.381459933442172
0.0176558252748323 -0.0101576486782409 0.0226642827687442 0.21629957055063
0.0287377732362166 -0.000465602102860748 0.0191113314800091 -0.193437109666401
-0.0240841136651098 -0.00274954714562543 0.168379958817482 -0.272825351772582
-0.0276653579646043 0.0290770806169255 0.245226307373915 -0.558889922238714
0.0181543779027017 0.0272181600583891 0.110945657377373 -0.703242226671597
0.0121194906477419 0.00126098801454627 0.00243756912091088 -0.613905410131449
-0.00321287143596427 -0.011736737742022 -0.050429358881535 -0.435464771058397
-0.0185349754017339 -0.00228932777664055 -0.0549492885034138 -0.225605963759655
-0.0192319494333177 0.00956129517932306 -0.0233591000927309 -0.011576359295963
-0.0119233579959703 -0.00422564346813969 -0.0126080539248539 0.181594579885919
0.00202920486770588 -0.00816806895658467 -0.0016815254106005 0.411874906402675
0.00897006639083965 0.000468716904326182 -0.0241033746864923 0.621403722657187
0.0195080508091074 0.0183641190397189 -0.0887225756721707 0.720790047493945
-0.0112226417893993 0.0358803410782508 -0.188569783594015 0.600820904973957
-0.0231851516740611 -0.00126803921613631 -0.144843030675364 0.365454994392117
0.0198720145207032 -0.00820156668173147 0.0189856324501421 0.213552162757307
0.0255633142990174 -0.00351015652325044 0.0150488434636141 -0.191349021822035
-0.0270781507782764 -7.09066129311164E-05 0.156681220038408 -0.298512962683774
-0.0233658954625668 0.0316300247270488 0.187302775591221 -0.573203958006221
0.0221950815781648 0.0244180599700751 0.0516091693370879 -0.69610445479455
0.0106598626282351 0.000317660223310208 -0.0470532015358378 -0.611779597542209
-0.00399445844430769 -0.00964840311274925 -0.0844572157337444 -0.431024085087952
-0.0193152553103934 0.00166364074159035 -0.0689704889643753 -0.220145380951701
-0.0211790520019292 0.0101198564516345 -0.0284922785018292 -0.0112626409634927
-0.0116733172521221 -0.0042270381455538 -0.0270245211577287 0.180749713555454
2.53241027973611E-05 -0.00850209681697607 -0.0355164072958766 0.409815817549914
0.0106661919552444 0.000140357051005226 -0.0770474133641697 0.619811030188437
0.0178214414058538 0.0216588277961576 -0.151871961147104 0.71945122937943
-0.0167114511950364 0.0338518954008366 -0.24599353138768 0.589770509756002
-0.0206254846629607 -0.00608852746467202 -0.168669776039767 0.347297581234105
0.0232466273735607 -0.00533245730717647 0.0158220764766356 0.213987011750293
0.0212115917610225 -0.00719767873350618 0.0100272841734928 -0.190339068322399
-0.0273518994413931 0.00216967611098725 0.142280774830426 -0.323496136929904
-0.017351123246297 0.030031597649478 0.134578638138218 -0.579389624902975
0.0216922317836542 0.0189172556208997 0.00155327441238779 -0.685871595417369
0.00896285002357689 0.00102692149080882 -0.0884828932392581 -0.605153912177134
-0.000891648165673333 -0.00649243214137449 -0.11458688621951 -0.426119414049453
-0.0165039764230498 0.00262902166517566 -0.0808660225125628 -0.215956517797158
-0.0193661490368353 0.0100259786102541 -0.0330328154944826 -0.0105008501703753
-0.00962407452162921 -0.00373630976156631 -0.0375085521949051 0.179635462568926
0.00235652315216951 -0.0070879080350329 -0.0655436569965366 0.405272880151575
0.0114995728214738 0.00178444442539782 -0.120728788027943 0.611961432389823
0.0146540227751883 0.0213405577086348 -0.20512413881428 0.714739327608658
-0.0191690780170755 0.0268281430100727 -0.296786300605588 0.575656855710103
-0.0154491470161587 -0.00938020887482771 -0.186300548363545 0.327936959493489
0.0213785134257473 -0.00183591810665443 0.0107403503756979 0.213177817180276
