TRXV5
3
4
4
9
string Extension=J
integer IsArchMeasurement=1
integer IsSpherical=1
string Generator=SPM
string GeneratorVersion=1.3.1 Dev
double ArchRadius=0.449999988079071
integer FrequencyAxisIndex=0
integer AzimuthAxisIndex=1
integer ElevationAxisIndex=2
Frequency
5 136 690000000 960000000 LIN
Azimuth
7 8 0 2.74889357189107 LIN
Elevation
7 15 -2.74889357189107 2.74889357189107 LIN
Polar H Real Part
13
Polar H Imaginary Part
14
Polar V Real Part
13
Polar V Imaginary Part
14
Polar H Magnitude (dB)
12 0xC0000002 0 1
Polar H Phase
7 0xC0000003 0 1
Polar V Magnitude (dB)
12 0xC0000002 2 3
Polar V Phase
7 0xC0000003 2 3
-0.149200439453125 0.282379150390625 -0.259185791015625 -0.462890625
-0.034881591796875 0.333984375 -0.215087890625 -0.757568359375
0.145263671875 0.230117797851563 -0.408172607421875 -0.431488037109375
0.176666259765625 0.0355377197265625 -0.275848388671875 -0.0720062255859376
0.0804595947265625 -0.0508193969726563 -0.0137252807617188 0.081451416015625
-9.15527343749949E-05 -0.0542221069335938 0.212570190429688 -0.010009765625
-0.00780105590820313 -0.0324783325195313 0.301849365234375 -0.21038818359375
0.0185050964355469 -0.0147666931152344 0.29974365234375 -0.36029052734375
0.00130844116210937 -0.03753662109375 0.31396484375 -0.43304443359375
0.0132827758789063 -0.0756683349609375 0.392486572265625 -0.40203857421875
0.06243896484375 -0.0965728759765625 0.420806884765625 -0.332366943359375
0.177001953125 -0.0794677734375 0.461517333984375 -0.1761474609375
0.22210693359375 0.118667602539063 0.416900634765625 0.087005615234375
0.081787109375 0.275863647460938 0.0745468139648438 0.0406112670898438
-0.0341033935546875 0.244003295898438 -0.060638427734375 -0.44647216796875
-0.01190185546875 0.4493408203125 -0.257720947265625 -0.36767578125
0.070220947265625 0.464569091796875 -0.17852783203125 -0.7279052734375
0.223907470703125 0.358978271484375 -0.456146240234375 -0.473876953125
0.30438232421875 0.161376953125 -0.355072021484375 -0.062713623046875
0.244537353515625 0.00531005859375 -0.058929443359375 0.119552612304688
0.189834594726563 -0.0930023193359375 0.205657958984375 0.01495361328125
0.1466064453125 -0.13140869140625 0.2884521484375 -0.18328857421875
0.161102294921875 -0.100982666015625 0.2735595703125 -0.33056640625
0.161529541015625 -0.124603271484375 0.2978515625 -0.40191650390625
0.183135986328125 -0.120574951171875 0.3890380859375 -0.367462158203125
0.213760375976562 -0.0740814208984375 0.4139404296875 -0.289093017578125
0.298736572265625 -0.02337646484375 0.447967529296875 -0.14447021484375
0.316009521484375 0.186859130859375 0.3944091796875 0.08612060546875
0.209014892578125 0.37457275390625 0.11492919921875 0.0656509399414063
0.1156005859375 0.397247314453125 -0.043304443359375 -0.36334228515625
0.15777587890625 0.5487060546875 -0.224563598632813 -0.22698974609375
0.215057373046875 0.509368896484375 -0.1375732421875 -0.65399169921875
0.30517578125 0.39910888671875 -0.510101318359375 -0.491485595703125
0.399993896484375 0.229888916015625 -0.459381103515625 -0.0426025390625
0.374603271484375 0.041412353515625 -0.145416259765625 0.166336059570313
0.351593017578125 -0.12738037109375 0.14453125 0.0704498291015625
0.277938842773438 -0.212112426757813 0.227462768554688 -0.106964111328125
0.280029296875 -0.170639038085937 0.214065551757813 -0.248138427734375
0.29937744140625 -0.19000244140625 0.24798583984375 -0.32281494140625
0.3338623046875 -0.14202880859375 0.3494873046875 -0.3028564453125
0.348602294921875 -0.03411865234375 0.38995361328125 -0.22998046875
0.40069580078125 0.054473876953125 0.438507080078125 -0.10003662109375
0.36517333984375 0.2607421875 0.39093017578125 0.1197509765625
0.2860107421875 0.43902587890625 0.1749267578125 0.139144897460938
0.234710693359375 0.4915771484375 -0.00373840332031251 -0.223770141601562
0.32562255859375 0.56011962890625 -0.15655517578125 -0.064422607421875
0.358612060546875 0.458526611328125 -0.10467529296875 -0.554656982421875
0.360504150390625 0.34381103515625 -0.5589599609375 -0.461639404296875
0.434173583984375 0.23065185546875 -0.558319091796875 0.004730224609375
0.437347412109375 0.053314208984375 -0.24737548828125 0.22454833984375
0.451171875 -0.147430419921875 0.0447235107421875 0.150466918945312
0.36724853515625 -0.258758544921875 0.130882263183594 0.00389099121093748
0.360443115234375 -0.2139892578125 0.124755859375 -0.13226318359375
0.397674560546875 -0.224945068359375 0.164962768554688 -0.215347290039063
0.4434814453125 -0.1357421875 0.274154663085938 -0.217742919921875
0.44091796875 0.022918701171875 0.339935302734375 -0.159454345703125
0.456085205078125 0.140106201171875 0.421051025390625 -0.04278564453125
0.3580322265625 0.325103759765625 0.393463134765625 0.182952880859375
0.305206298828125 0.4571533203125 0.238021850585938 0.2523193359375
0.311553955078125 0.513275146484375 0.0503807067871094 -0.0496330261230468
0.44146728515625 0.4688720703125 -0.0662460327148438 0.0894088745117188
0.43060302734375 0.32049560546875 -0.081878662109375 -0.43963623046875
0.3353271484375 0.229583740234375 -0.58599853515625 -0.380615234375
0.381317138671875 0.193939208984375 -0.62261962890625 0.0783081054687502
0.419891357421875 0.05596923828125 -0.334991455078125 0.2886962890625
0.476287841796875 -0.142974853515625 -0.07122802734375 0.245315551757812
0.396881103515625 -0.267852783203125 0.0126571655273438 0.133651733398437
0.385040283203125 -0.224456787109375 0.0165834426879883 0.00179862976074217
0.436767578125 -0.223297119140625 0.0586929321289063 -0.0948486328125
0.48358154296875 -0.10321044921875 0.164993286132813 -0.124008178710938
0.46075439453125 0.084136962890625 0.264175415039063 -0.0864105224609375
0.435333251953125 0.21502685546875 0.384521484375 0.0218505859375
0.28643798828125 0.3453369140625 0.38720703125 0.2686767578125
0.268310546875 0.40936279296875 0.2847900390625 0.3939208984375
0.344207763671875 0.457183837890625 0.102485656738281 0.138153076171875
0.469329833984375 0.2987060546875 0.02630615234375 0.212127685546875
0.386260986328125 0.1336669921875 -0.0730895996093749 -0.323974609375
0.217849731445312 0.107833862304687 -0.57769775390625 -0.26971435546875
0.252838134765625 0.156509399414063 -0.63165283203125 0.15240478515625
0.331939697265625 0.0672607421875 -0.393646240234375 0.338714599609375
0.4287109375 -0.10943603515625 -0.181549072265625 0.33526611328125
0.36639404296875 -0.232330322265625 -0.106231689453125 0.261703491210938
0.353515625 -0.203887939453125 -0.0935211181640625 0.133773803710938
0.41552734375 -0.18804931640625 -0.0552177429199218 0.0196952819824219
0.44915771484375 -0.052581787109375 0.04248046875 -0.0433616638183594
0.399658203125 0.134552001953125 0.176712036132813 -0.0288238525390625
0.330780029296875 0.250335693359375 0.334228515625 0.076568603515625
0.16082763671875 0.293243408203125 0.362548828125 0.361785888671875
0.199798583984375 0.284912109375 0.293701171875 0.5384521484375
0.34619140625 0.331451416015625 0.1436767578125 0.30975341796875
0.404510498046875 0.08148193359375 0.100189208984375 0.293365478515625
0.238693237304687 -0.054473876953125 -0.074798583984375 -0.219650268554688
0.0416183471679688 0.0174064636230469 -0.53009033203125 -0.16363525390625
0.0928878784179688 0.136398315429688 -0.59503173828125 0.19744873046875
0.207351684570313 0.08917236328125 -0.41839599609375 0.351318359375
0.3226318359375 -0.04901123046875 -0.27227783203125 0.396392822265625
0.281829833984375 -0.157257080078125 -0.2100830078125 0.364105224609375
0.268173217773438 -0.15020751953125 -0.189117431640625 0.24334716796875
0.331817626953125 -0.127349853515625 -0.158782958984375 0.110794067382812
0.345611572265625 -0.001708984375 -0.0732574462890625 0.0106048583984375
0.270172119140625 0.151824951171875 0.0970840454101563 -0.000938415527343741
0.16717529296875 0.223983764648438 0.283050537109375 0.1103515625
0.024688720703125 0.161285400390625 0.32757568359375 0.44293212890625
0.131813049316406 0.093170166015625 0.2667236328125 0.6612548828125
0.32763671875 0.15155029296875 0.173675537109375 0.437103271484375
0.275848388671875 -0.143569946289063 0.14013671875 0.323333740234375
0.04510498046875 -0.209274291992187 -0.0866546630859375 -0.14544677734375
-0.131858825683594 -0.0417251586914063 -0.46771240234375 -0.0876464843749999
-0.05859375 0.115303039550781 -0.541473388671875 0.20562744140625
0.070587158203125 0.1033935546875 -0.425140380859375 0.332855224609375
0.180343627929688 0.019866943359375 -0.33642578125 0.426177978515625
0.1573486328125 -0.058929443359375 -0.281280517578125 0.426849365234375
0.144821166992188 -0.0752105712890625 -0.252288818359375 0.31787109375
0.199127197265625 -0.0510711669921875 -0.232498168945313 0.169418334960938
0.1893310546875 0.038665771484375 -0.159225463867188 0.0353546142578125
0.102485656738281 0.127670288085938 0.0470962524414063 -0.00355911254882812
-0.00915527343750001 0.132118225097656 0.258255004882813 0.120285034179688
-0.0780868530273438 -0.0258331298828125 0.308624267578125 0.50775146484375
0.0893325805664063 -0.127906799316406 0.22589111328125 0.73834228515625
0.291748046875 -0.0517578125 0.203277587890625 0.5018310546875
-0.1251220703125 0.302520751953125 -0.30169677734375 -0.44354248046875
-0.00131225585937499 0.345245361328125 -0.2921142578125 -0.747802734375
0.170562744140625 0.21661376953125 -0.454986572265625 -0.393646240234375
0.179840087890625 0.0143585205078125 -0.27740478515625 -0.043182373046875
0.0727081298828125 -0.0609207153320313 0.00621795654296876 0.0840988159179688
-0.00988769531249999 -0.0534095764160156 0.223678588867188 -0.0330352783203125
-0.0132560729980469 -0.0279998779296875 0.289764404296875 -0.24591064453125
0.015228271484375 -0.0157861709594727 0.26458740234375 -0.39398193359375
-0.00606155395507813 -0.0385246276855469 0.2711181640625 -0.466339111328125
0.00176239013671875 -0.0776824951171875 0.351898193359375 -0.44024658203125
0.0506134033203125 -0.103927612304688 0.386383056640625 -0.3768310546875
0.168075561523437 -0.10186767578125 0.444366455078125 -0.227691650390625
0.239608764648438 0.0950927734375 0.432098388671875 0.036102294921875
0.113388061523438 0.273147583007813 0.082733154296875 0.0287933349609375
-0.0127410888671875 0.251266479492187 -0.099700927734375 -0.45068359375
0.028900146484375 0.457122802734375 -0.291839599609375 -0.34637451171875
0.114715576171875 0.466949462890625 -0.24993896484375 -0.72161865234375
0.259552001953125 0.340850830078125 -0.50677490234375 -0.43206787109375
0.322113037109375 0.131378173828125 -0.355865478515625 -0.023223876953125
0.245361328125 -0.0196380615234375 -0.0355453491210937 0.127235412597656
0.178009033203125 -0.112060546875 0.219970703125 -0.00927734375000001
0.131759643554688 -0.143630981445313 0.279693603515625 -0.219741821289063
0.150604248046875 -0.1180419921875 0.244354248046875 -0.36187744140625
0.147140502929688 -0.143630981445313 0.259002685546875 -0.433197021484375
0.170196533203125 -0.138900756835938 0.3525390625 -0.408355712890625
0.206161499023438 -0.0956573486328125 0.384674072265625 -0.33294677734375
0.29803466796875 -0.055419921875 0.43505859375 -0.1956787109375
0.337249755859375 0.156707763671875 0.40765380859375 0.03851318359375
0.24737548828125 0.361663818359375 0.125892639160156 0.0496978759765625
0.152435302734375 0.391998291015625 -0.073638916015625 -0.36749267578125
0.20928955078125 0.54107666015625 -0.244415283203125 -0.206146240234375
0.2618408203125 0.496917724609375 -0.2039794921875 -0.6533203125
0.343109130859375 0.375152587890625 -0.5660400390625 -0.4427490234375
0.4259033203125 0.193939208984375 -0.459228515625 0.00759887695312497
0.38134765625 0.00579833984375 -0.11895751953125 0.18267822265625
0.33953857421875 -0.16009521484375 0.162750244140625 0.051849365234375
0.256484985351563 -0.23846435546875 0.225814819335938 -0.137130737304688
0.26409912109375 -0.20111083984375 0.19281005859375 -0.2752685546875
0.280838012695313 -0.224319458007813 0.2158203125 -0.349945068359375
0.32269287109375 -0.175872802734375 0.3173828125 -0.3397216796875
0.348602294921875 -0.0682373046875 0.364959716796875 -0.273223876953125
0.408203125 0.0145263671875 0.42987060546875 -0.15045166015625
0.391815185546875 0.229217529296875 0.404632568359375 0.076385498046875
0.32861328125 0.420440673828125 0.192123413085938 0.118911743164063
0.28118896484375 0.475860595703125 -0.0188140869140625 -0.230804443359375
0.379150390625 0.53643798828125 -0.162155151367187 -0.04852294921875
0.399566650390625 0.43212890625 -0.15924072265625 -0.554534912109375
0.392364501953125 0.318511962890625 -0.6143798828125 -0.4061279296875
0.460113525390625 0.19525146484375 -0.55487060546875 0.0661621093750001
0.448211669921875 0.0133056640625 -0.216751098632812 0.25225830078125
0.441009521484375 -0.191925048828125 0.0695648193359375 0.141616821289063
0.34197998046875 -0.297332763671875 0.14007568359375 -0.0165786743164063
0.341064453125 -0.253875732421875 0.114608764648438 -0.14996337890625
0.37689208984375 -0.270355224609375 0.142242431640625 -0.235061645507813
0.4332275390625 -0.180389404296875 0.249237060546875 -0.247543334960938
0.447418212890625 -0.018524169921875 0.321319580078125 -0.197418212890625
0.47564697265625 0.096343994140625 0.416778564453125 -0.09136962890625
0.389923095703125 0.294525146484375 0.4132080078125 0.142303466796875
0.346832275390625 0.43829345703125 0.266586303710938 0.227951049804688
0.3626708984375 0.4906005859375 0.049072265625 -0.0584983825683593
0.486602783203125 0.43206787109375 -0.0581512451171875 0.0986785888671875
0.456634521484375 0.2838134765625 -0.125579833984375 -0.438751220703125
0.354583740234375 0.204925537109375 -0.634033203125 -0.32049560546875
0.40447998046875 0.1640625 -0.612548828125 0.14691162109375
0.431732177734375 0.021026611328125 -0.30084228515625 0.3260498046875
0.467437744140625 -0.18939208984375 -0.0405731201171875 0.24896240234375
0.373687744140625 -0.308380126953125 0.03350830078125 0.124656677246094
0.365234375 -0.26922607421875 0.0192089080810547 -0.00498580932617189
0.41851806640625 -0.272979736328125 0.0469207763671875 -0.103126525878906
0.479095458984375 -0.153839111328125 0.148880004882813 -0.142486572265625
0.47601318359375 0.042144775390625 0.252197265625 -0.117935180664063
0.462432861328125 0.174896240234375 0.385955810546875 -0.02294921875
0.316802978515625 0.324493408203125 0.413421630859375 0.23150634765625
0.304168701171875 0.393157958984375 0.3250732421875 0.36932373046875
0.3885498046875 0.430755615234375 0.116790771484375 0.128250122070313
0.49853515625 0.255615234375 0.0447845458984375 0.215713500976563
0.393463134765625 0.098114013671875 -0.1072998046875 -0.31976318359375
0.222869873046875 0.093658447265625 -0.6112060546875 -0.20733642578125
0.270538330078125 0.140518188476563 -0.61639404296875 0.22308349609375
0.3448486328125 0.042510986328125 -0.355194091796875 0.379486083984375
0.42437744140625 -0.1513671875 -0.144012451171875 0.3499755859375
0.346923828125 -0.27032470703125 -0.075592041015625 0.2662353515625
0.3350830078125 -0.2442626953125 -0.0787734985351563 0.139396667480469
0.40106201171875 -0.23724365234375 -0.0579414367675781 0.0246925354003906
0.451385498046875 -0.1004638671875 0.0321693420410157 -0.0487480163574219
0.419281005859375 0.096832275390625 0.168182373046875 -0.0521697998046875
0.360870361328125 0.221160888671875 0.339111328125 0.03753662109375
0.18634033203125 0.2835693359375 0.398651123046875 0.327972412109375
0.222137451171875 0.272293090820313 0.348724365234375 0.516326904296875
0.378997802734375 0.301177978515625 0.1744384765625 0.29742431640625
0.41424560546875 0.040557861328125 0.124359130859375 0.291839599609375
0.22509765625 -0.0778045654296875 -0.1009521484375 -0.210006713867188
0.0370330810546875 0.0207939147949219 -0.5513916015625 -0.10302734375
0.106636047363281 0.136306762695313 -0.57220458984375 0.26470947265625
0.221725463867188 0.0759124755859375 -0.379486083984375 0.39495849609375
0.326141357421875 -0.080047607421875 -0.229736328125 0.421478271484375
0.26898193359375 -0.188186645507812 -0.172454833984375 0.381988525390625
0.256484985351563 -0.18328857421875 -0.163986206054687 0.260894775390625
0.324615478515625 -0.1680908203125 -0.153076171875 0.128067016601563
0.352630615234375 -0.03741455078125 -0.0798492431640625 0.018585205078125
0.29052734375 0.128570556640625 0.0901870727539063 -0.0155181884765625
0.194107055664063 0.210525512695313 0.290252685546875 0.076385498046875
0.03680419921875 0.163131713867188 0.371826171875 0.413970947265625
0.135963439941406 0.0828704833984375 0.3321533203125 0.64447021484375
0.3441162109375 0.119720458984375 0.21453857421875 0.425140380859375
0.261138916015625 -0.176315307617188 0.167694091796875 0.319366455078125
0.015594482421875 -0.215087890625 -0.104896545410156 -0.131034851074219
-0.141510009765625 -0.0229644775390625 -0.479522705078125 -0.0334167480468749
-0.0474166870117188 0.128517150878906 -0.519561767578125 0.265106201171875
0.0849151611328125 0.102188110351562 -0.388885498046875 0.37786865234375
0.190322875976563 0.000946044921875 -0.29315185546875 0.4588623046875
0.153121948242188 -0.0779266357421875 -0.238800048828125 0.45477294921875
0.138397216796875 -0.0944290161132812 -0.221221923828125 0.34259033203125
0.198623657226563 -0.078460693359375 -0.22137451171875 0.196151733398438
0.199844360351563 0.0184478759765625 -0.164871215820313 0.053314208984375
0.119491577148438 0.122200012207031 0.038970947265625 -0.0130424499511719
0.00504302978515625 0.136619567871094 0.266387939453125 0.0884857177734375
-0.0857009887695313 -0.0172195434570313 0.361175537109375 0.482391357421875
0.073974609375 -0.139816284179687 0.2982177734375 0.72747802734375
0.28973388671875 -0.085723876953125 0.249969482421875 0.487640380859375
-0.09564208984375 0.306396484375 -0.32623291015625 -0.4046630859375
0.0306396484375 0.33984375 -0.34881591796875 -0.70318603515625
0.185775756835937 0.194183349609375 -0.475738525390625 -0.340240478515625
0.173599243164063 -0.0049591064453125 -0.263031005859375 -0.0169525146484376
0.062530517578125 -0.0671195983886719 0.0255584716796875 0.0792617797851563
-0.0179100036621094 -0.0500297546386719 0.22479248046875 -0.0561676025390625
-0.0169582366943359 -0.0228099822998047 0.264404296875 -0.269439697265625
0.0116405487060547 -0.0154838562011719 0.219329833984375 -0.40869140625
-0.0130958557128906 -0.0367851257324219 0.219757080078125 -0.47515869140625
-0.00809478759765624 -0.0744857788085938 0.301361083984375 -0.454925537109375
0.0377883911132812 -0.105598449707031 0.336822509765625 -0.39923095703125
0.152084350585938 -0.118316650390625 0.405487060546875 -0.26678466796875
0.243698120117188 0.067657470703125 0.422882080078125 -0.014312744140625
0.138931274414063 0.258651733398438 0.0854568481445313 0.0166473388671875
0.00662231445312497 0.248001098632813 -0.132568359375 -0.43597412109375
0.06561279296875 0.4447021484375 -0.308502197265625 -0.311004638671875
0.152496337890625 0.44854736328125 -0.30548095703125 -0.6829833984375
0.2825927734375 0.31256103515625 -0.531097412109375 -0.371856689453125
0.324127197265625 0.099151611328125 -0.33770751953125 0.010406494140625
0.235076904296875 -0.042236328125 -0.0107650756835937 0.124786376953125
0.159683227539063 -0.123611450195313 0.222335815429688 -0.0350799560546875
0.11376953125 -0.147628784179688 0.257492065429688 -0.246444702148438
0.134010314941406 -0.128036499023438 0.20367431640625 -0.377899169921875
0.126556396484375 -0.153488159179687 0.210906982421875 -0.44195556640625
0.150665283203125 -0.149520874023438 0.303131103515625 -0.425201416015625
0.191925048828125 -0.11029052734375 0.33984375 -0.35980224609375
0.282440185546875 -0.083343505859375 0.40032958984375 -0.23272705078125
0.341766357421875 0.122283935546875 0.398345947265625 -0.00628662109374999
0.27496337890625 0.334381103515625 0.12921142578125 0.0320358276367188
0.1800537109375 0.372467041015625 -0.100921630859375 -0.35638427734375
0.247039794921875 0.5115966796875 -0.252334594726563 -0.177658081054687
0.29547119140625 0.46630859375 -0.254638671875 -0.62091064453125
0.36456298828125 0.342193603515625 -0.58990478515625 -0.3779296875
0.4322509765625 0.153076171875 -0.437591552734375 0.0507812500000001
0.371246337890625 -0.028076171875 -0.0872344970703125 0.186935424804687
0.31298828125 -0.185455322265625 0.171401977539063 0.0295257568359375
0.227630615234375 -0.250762939453125 0.21343994140625 -0.163482666015625
0.236907958984375 -0.21966552734375 0.163330078125 -0.288848876953125
0.250991821289062 -0.243682861328125 0.174896240234375 -0.358917236328125
0.297607421875 -0.200042724609375 0.275604248046875 -0.35943603515625
0.334228515625 -0.0933837890625 0.32574462890625 -0.30108642578125
0.3968505859375 -0.0228271484375 0.3990478515625 -0.18914794921875
0.39971923828125 0.19073486328125 0.398651123046875 0.0321044921875
0.3560791015625 0.386932373046875 0.199905395507813 0.093658447265625
0.313720703125 0.442596435546875 -0.036773681640625 -0.228500366210937
0.41253662109375 0.491302490234375 -0.160400390625 -0.031402587890625
0.422332763671875 0.389404296875 -0.2037353515625 -0.528564453125
0.405364990234375 0.281097412109375 -0.63409423828125 -0.33673095703125
0.467620849609375 0.1529541015625 -0.525543212890625 0.118804931640625
0.439117431640625 -0.023468017578125 -0.177780151367188 0.262237548828125
0.411529541015625 -0.2242431640625 0.0872726440429688 0.125114440917969
0.306732177734375 -0.318023681640625 0.139739990234375 -0.0399627685546875
0.3065185546875 -0.280242919921875 0.09967041015625 -0.162216186523438
0.339691162109375 -0.30035400390625 0.114059448242188 -0.240219116210938
0.40606689453125 -0.21514892578125 0.215896606445313 -0.262847900390625
0.435791015625 -0.05572509765625 0.289093017578125 -0.223724365234375
0.47235107421875 0.05194091796875 0.390716552734375 -0.1304931640625
0.40008544921875 0.257965087890625 0.4110107421875 0.096282958984375
0.373809814453125 0.40411376953125 0.280715942382813 0.195724487304688
0.392181396484375 0.450714111328125 0.0432701110839844 -0.066253662109375
0.5086669921875 0.38092041015625 -0.04730224609375 0.104652404785156
0.46258544921875 0.24078369140625 -0.16314697265625 -0.417205810546875
0.357818603515625 0.176300048828125 -0.64471435546875 -0.2498779296875
0.40972900390625 0.129913330078125 -0.57464599609375 0.201904296875
0.425750732421875 -0.013671875 -0.25421142578125 0.342041015625
0.44146728515625 -0.22393798828125 -0.00952148437499997 0.239044189453125
0.33624267578125 -0.331573486328125 0.0478973388671875 0.108833312988281
0.3299560546875 -0.29803466796875 0.019460678100586 -0.012847900390625
0.380645751953125 -0.30889892578125 0.0321426391601563 -0.104286193847656
0.4560546875 -0.194061279296875 0.126358032226563 -0.153533935546875
0.469818115234375 0.00189208984375 0.227981567382813 -0.140472412109375
0.467620849609375 0.12896728515625 0.36669921875 -0.06146240234375
0.332122802734375 0.293975830078125 0.419952392578125 0.184814453125
0.3253173828125 0.36346435546875 0.34930419921875 0.32952880859375
0.4136962890625 0.388031005859375 0.124229431152344 0.110649108886719
0.50543212890625 0.206573486328125 0.061187744140625 0.21063232421875
0.38372802734375 0.0640869140625 -0.134185791015625 -0.300140380859375
0.220108032226563 0.07952880859375 -0.6124267578125 -0.140625
0.277313232421875 0.120620727539062 -0.5711669921875 0.27789306640625
0.344696044921875 0.016845703125 -0.302825927734375 0.40045166015625
0.4039306640625 -0.183258056640625 -0.104156494140625 0.347412109375
0.31463623046875 -0.294464111328125 -0.0465087890625 0.256484985351562
0.304351806640625 -0.2724609375 -0.0627136230468749 0.136123657226562
0.367340087890625 -0.2724609375 -0.0574226379394531 0.0301322937011719
0.433349609375 -0.140380859375 0.0206413269042969 -0.0496826171875
0.41973876953125 0.05914306640625 0.150863647460938 -0.069091796875
0.37213134765625 0.183807373046875 0.327056884765625 0.00119018554687501
0.201263427734375 0.264801025390625 0.414825439453125 0.28155517578125
0.23480224609375 0.2508544921875 0.384735107421875 0.472686767578125
0.39324951171875 0.260467529296875 0.193328857421875 0.2730712890625
0.404052734375 0.001983642578125 0.144180297851563 0.279342651367188
0.20452880859375 -0.0930023193359375 -0.11859130859375 -0.191131591796875
0.0335025787353516 0.0246925354003906 -0.542724609375 -0.0435791015625
0.117431640625 0.130516052246094 -0.526153564453125 0.31549072265625
0.227615356445313 0.0605926513671875 -0.327728271484375 0.4171142578125
0.317138671875 -0.108184814453125 -0.1800537109375 0.425537109375
0.246963500976563 -0.2088623046875 -0.130767822265625 0.379730224609375
0.231536865234375 -0.205184936523437 -0.135055541992187 0.262847900390625
0.29925537109375 -0.199462890625 -0.141036987304687 0.140029907226563
0.344024658203125 -0.0721435546875 -0.0825042724609375 0.02734375
0.297607421875 0.100677490234375 0.0773544311523438 -0.0267257690429687
0.209320068359375 0.189224243164063 0.28179931640625 0.043792724609375
0.045745849609375 0.159072875976563 0.39599609375 0.368896484375
0.134590148925781 0.071380615234375 0.38104248046875 0.6002197265625
0.3447265625 0.08477783203125 0.243194580078125 0.39385986328125
0.236175537109375 -0.197052001953125 0.18719482421875 0.303070068359375
-0.011871337890625 -0.208221435546875 -0.116249084472656 -0.110725402832031
-0.143234252929688 -0.00392150878906253 -0.4666748046875 0.0182800292968751
-0.0331268310546875 0.134468078613281 -0.475494384765625 0.306976318359375
0.096649169921875 0.095855712890625 -0.3394775390625 0.400177001953125
0.191299438476563 -0.0176544189453125 -0.241485595703125 0.46795654296875
0.143829345703125 -0.091156005859375 -0.191131591796875 0.4571533203125
0.124885559082031 -0.107589721679687 -0.184539794921875 0.34918212890625
0.18731689453125 -0.100372314453125 -0.20086669921875 0.213653564453125
0.20135498046875 -0.00274658203125 -0.162063598632812 0.071624755859375
0.129981994628906 0.1102294921875 0.0264396667480469 -0.0188331604003906
0.0179824829101563 0.134391784667969 0.258056640625 0.05743408203125
-0.0876846313476563 -0.00714111328125001 0.39324951171875 0.43682861328125
0.0555877685546875 -0.143707275390625 0.3546142578125 0.68597412109375
0.273971557617188 -0.113006591796875 0.2801513671875 0.452606201171875
-0.07562255859375 0.2989501953125 -0.328948974609375 -0.3680419921875
0.0517578125 0.32769775390625 -0.3721923828125 -0.6534423828125
0.191024780273437 0.177078247070312 -0.47137451171875 -0.297637939453125
0.163986206054688 -0.015625 -0.24462890625 -0.00202941894531253
0.0528373718261719 -0.0683860778808594 0.0397415161132812 0.0707550048828125
-0.023895263671875 -0.0446739196777344 0.220855712890625 -0.072967529296875
-0.0179214477539062 -0.0174484252929688 0.23944091796875 -0.28021240234375
0.00796985626220703 -0.0133380889892578 0.18402099609375 -0.40533447265625
-0.0180339813232422 -0.0318031311035156 0.18157958984375 -0.46380615234375
-0.0154457092285156 -0.0693817138671875 0.260345458984375 -0.449951171875
0.028472900390625 -0.1041259765625 0.2955322265625 -0.40155029296875
0.134849548339844 -0.124923706054688 0.367095947265625 -0.28192138671875
0.239273071289063 0.0491180419921875 0.402496337890625 -0.0460205078125
0.15167236328125 0.242538452148438 0.0843048095703125 0.00666809082031251
0.0187835693359375 0.240188598632813 -0.148468017578125 -0.415191650390625
0.088287353515625 0.42401123046875 -0.307098388671875 -0.2799072265625
0.171661376953125 0.42694091796875 -0.330322265625 -0.6387939453125
0.2882080078125 0.28741455078125 -0.527984619140625 -0.32379150390625
0.316070556640625 0.076141357421875 -0.313995361328125 0.028778076171875
0.221649169921875 -0.0536041259765625 0.00743865966796877 0.116447448730469
0.143157958984375 -0.12542724609375 0.21954345703125 -0.053558349609375
0.0989990234375 -0.14544677734375 0.236038208007813 -0.257171630859375
0.119316101074219 -0.1287841796875 0.170318603515625 -0.375732421875
0.109024047851563 -0.152969360351563 0.174591064453125 -0.43341064453125
0.134017944335938 -0.150833129882813 0.2613525390625 -0.422088623046875
0.176971435546875 -0.115921020507813 0.300872802734375 -0.36370849609375
0.263809204101563 -0.0966339111328125 0.3636474609375 -0.249725341796875
0.33477783203125 0.0985107421875 0.377960205078125 -0.03643798828125
0.28363037109375 0.3106689453125 0.127471923828125 0.0187225341796875
0.19158935546875 0.34918212890625 -0.11376953125 -0.341278076171875
0.265411376953125 0.478607177734375 -0.246536254882813 -0.155410766601562
0.308319091796875 0.436431884765625 -0.2774658203125 -0.58197021484375
0.368194580078125 0.312530517578125 -0.58709716796875 -0.32464599609375
0.424163818359375 0.12384033203125 -0.40692138671875 0.0747985839843751
0.3548583984375 -0.04827880859375 -0.0622711181640625 0.181106567382813
0.287750244140625 -0.195037841796875 0.174102783203125 0.0105743408203125
0.202484130859375 -0.250823974609375 0.197769165039063 -0.17852783203125
0.212493896484375 -0.223648071289063 0.1380615234375 -0.290496826171875
0.221710205078125 -0.249176025390625 0.146026611328125 -0.35321044921875
0.272415161132813 -0.209213256835938 0.23944091796875 -0.357635498046875
0.31591796875 -0.106536865234375 0.2886962890625 -0.30743408203125
0.37799072265625 -0.04541015625 0.3641357421875 -0.207794189453125
0.39111328125 0.162872314453125 0.3807373046875 0.00314331054687501
0.3623046875 0.35772705078125 0.197296142578125 0.0745391845703125
0.3233642578125 0.40997314453125 -0.0465545654296875 -0.222244262695312
0.421478271484375 0.450103759765625 -0.152130126953125 -0.019866943359375
0.4249267578125 0.355865478515625 -0.225341796875 -0.4971923828125
0.402435302734375 0.253997802734375 -0.6260986328125 -0.283203125
0.458953857421875 0.124603271484375 -0.488983154296875 0.1456298828125
0.4215087890625 -0.04632568359375 -0.145599365234375 0.260269165039063
0.382904052734375 -0.2369384765625 0.0979537963867188 0.108192443847656
0.275390625 -0.320098876953125 0.134574890136719 -0.0569076538085938
0.275421142578125 -0.28692626953125 0.08465576171875 -0.167465209960938
0.306854248046875 -0.309600830078125 0.0917510986328125 -0.236160278320313
0.37664794921875 -0.231719970703125 0.186920166015625 -0.263641357421875
0.417144775390625 -0.07525634765625 0.256683349609375 -0.232345581054688
0.454986572265625 0.0244140625 0.36126708984375 -0.150146484375
0.396331787109375 0.2298583984375 0.396026611328125 0.0662841796875
0.378875732421875 0.373046875 0.279876708984375 0.169479370117188
0.3990478515625 0.412078857421875 0.0388717651367188 -0.0692710876464844
0.50897216796875 0.3372802734375 -0.0381393432617187 0.105354309082031
0.454010009765625 0.2099609375 -0.17926025390625 -0.392486572265625
0.350006103515625 0.157501220703125 -0.63067626953125 -0.19671630859375
0.403411865234375 0.106475830078125 -0.530914306640625 0.229583740234375
0.411346435546875 -0.0341796875 -0.214599609375 0.339447021484375
0.413238525390625 -0.239410400390625 0.0104522705078125 0.2225341796875
0.302947998046875 -0.337005615234375 0.0535659790039063 0.0900192260742187
0.297088623046875 -0.306182861328125 0.0171298980712891 -0.0207386016845703
0.344940185546875 -0.32025146484375 0.0227279663085938 -0.09991455078125
0.425811767578125 -0.214752197265625 0.1072998046875 -0.152496337890625
0.45361328125 -0.024017333984375 0.202651977539063 -0.14923095703125
0.457305908203125 0.0986328125 0.339080810546875 -0.0843505859375
0.33160400390625 0.267608642578125 0.4093017578125 0.152099609375
0.328857421875 0.3375244140625 0.353179931640625 0.29376220703125
0.414794921875 0.35076904296875 0.12445068359375 0.0972442626953125
0.494171142578125 0.1702880859375 0.07061767578125 0.202987670898438
0.366058349609375 0.043731689453125 -0.146392822265625 -0.277969360351563
0.211380004882813 0.0721588134765625 -0.59197998046875 -0.0941772460937499
0.275466918945313 0.106170654296875 -0.521636962890625 0.301910400390625
0.336944580078125 0.000640869140625 -0.259002685546875 0.399993896484375
0.383087158203125 -0.199005126953125 -0.0736083984375 0.3323974609375
0.285980224609375 -0.301239013671875 -0.0280914306640625 0.238571166992187
0.27215576171875 -0.280502319335938 -0.0531463623046875 0.127799987792969
0.33404541015625 -0.28790283203125 -0.0557670593261719 0.0332603454589843
0.40936279296875 -0.163665771484375 0.0117111206054688 -0.047027587890625
0.4107666015625 0.035125732421875 0.132377624511719 -0.0766067504882812
0.368804931640625 0.15582275390625 0.304351806640625 -0.02142333984375
0.204757690429688 0.248138427734375 0.409515380859375 0.24444580078125
0.23541259765625 0.231475830078125 0.39544677734375 0.430755615234375
0.389190673828125 0.228668212890625 0.197799682617188 0.249725341796875
0.385284423828125 -0.02081298828125 0.152984619140625 0.265701293945313
0.1846923828125 -0.0962066650390625 -0.124221801757812 -0.171188354492187
0.0302829742431641 0.0292911529541016 -0.5194091796875 -0.00357055664062495
0.12237548828125 0.125938415527344 -0.476654052734375 0.33477783203125
0.2281494140625 0.0494537353515625 -0.2816162109375 0.41558837890625
0.303680419921875 -0.12353515625 -0.145721435546875 0.41156005859375
0.226226806640625 -0.216079711914063 -0.10235595703125 0.36346435546875
0.207290649414063 -0.212600708007813 -0.114883422851563 0.255386352539063
0.274246215820313 -0.21453857421875 -0.128890991210937 0.145126342773438
0.329254150390625 -0.093414306640625 -0.0825958251953125 0.03515625
0.295501708984375 0.082244873046875 0.0624122619628906 -0.0305938720703125
0.212478637695312 0.170806884765625 0.263427734375 0.0218963623046875
0.0492095947265625 0.154022216796875 0.398406982421875 0.328155517578125
0.127967834472656 0.0637054443359375 0.39910888671875 0.554290771484375
0.33319091796875 0.060272216796875 0.25030517578125 0.36492919921875
0.2139892578125 -0.2041015625 0.195281982421875 0.28753662109375
-0.0286712646484375 -0.195053100585938 -0.118499755859375 -0.091705322265625
-0.138748168945313 0.00986480712890624 -0.441192626953125 0.050048828125
-0.02276611328125 0.137351989746094 -0.430023193359375 0.324432373046875
0.103385925292969 0.0902633666992188 -0.2965087890625 0.401092529296875
0.189559936523437 -0.031890869140625 -0.201934814453125 0.45709228515625
0.134117126464844 -0.0984954833984375 -0.157135009765625 0.44464111328125
0.11102294921875 -0.112480163574219 -0.15679931640625 0.341949462890625
0.173065185546875 -0.112762451171875 -0.182388305664062 0.220260620117188
0.197372436523438 -0.016937255859375 -0.156723022460938 0.083770751953125
0.134437561035156 0.101020812988281 0.0133628845214844 -0.0204868316650391
0.0262374877929687 0.129981994628906 0.240951538085938 0.0368804931640625
-0.0878829956054688 0.000663757324218765 0.400848388671875 0.3935546875
0.0409164428710938 -0.1405029296875 0.38018798828125 0.6390380859375
0.254669189453125 -0.126998901367188 0.2882080078125 0.419586181640625
-0.06768798828125 0.291412353515625 -0.323089599609375 -0.3489990234375
0.06219482421875 0.319305419921875 -0.37353515625 -0.62451171875
0.192153930664062 0.16717529296875 -0.460601806640625 -0.27423095703125
0.1583251953125 -0.020965576171875 -0.22979736328125 0.000473022460937499
0.0459403991699219 -0.0679702758789063 0.0495872497558594 0.0625724792480469
-0.0284881591796875 -0.0394134521484375 0.220535278320313 -0.0838470458984375
-0.0182647705078125 -0.0131549835205078 0.226776123046875 -0.2838134765625
0.00683116912841797 -0.0101537704467773 0.1650390625 -0.397125244140625
-0.0220928192138672 -0.0276870727539063 0.16302490234375 -0.451934814453125
-0.0199775695800781 -0.0645294189453125 0.238616943359375 -0.43878173828125
0.0239639282226562 -0.101181030273438 0.27117919921875 -0.395477294921875
0.125190734863281 -0.126792907714844 0.342376708984375 -0.2847900390625
0.235870361328125 0.0386505126953125 0.386993408203125 -0.06317138671875
0.1575927734375 0.234329223632813 0.08355712890625 -0.000831604003906236
0.022430419921875 0.235809326171875 -0.152496337890625 -0.405426025390625
0.094696044921875 0.409149169921875 -0.297760009765625 -0.263336181640625
0.179412841796875 0.414642333984375 -0.3343505859375 -0.61297607421875
0.28851318359375 0.2752685546875 -0.517333984375 -0.299560546875
0.309844970703125 0.0643310546875 -0.29510498046875 0.03363037109375
0.21240234375 -0.058197021484375 0.0194244384765625 0.107864379882813
0.132408142089844 -0.123580932617188 0.219284057617187 -0.0658721923828125
0.0913009643554688 -0.139907836914063 0.22381591796875 -0.2642822265625
0.110801696777344 -0.126075744628906 0.151885986328125 -0.370208740234375
0.0984954833984375 -0.149917602539063 0.156768798828125 -0.4219970703125
0.123245239257813 -0.148239135742188 0.2413330078125 -0.41400146484375
0.1690673828125 -0.115341186523438 0.277557373046875 -0.359283447265625
0.250778198242188 -0.101730346679688 0.3388671875 -0.253387451171875
0.326873779296875 0.087921142578125 0.363739013671875 -0.052215576171875
0.285736083984375 0.29901123046875 0.125358581542969 0.00965881347656252
0.192413330078125 0.339080810546875 -0.117919921875 -0.33514404296875
0.26751708984375 0.459747314453125 -0.237503051757812 -0.14471435546875
0.310821533203125 0.420135498046875 -0.281280517578125 -0.561553955078125
0.3663330078125 0.300567626953125 -0.5750732421875 -0.29852294921875
0.41766357421875 0.111358642578125 -0.384552001953125 0.0814514160156251
0.3436279296875 -0.055572509765625 -0.046539306640625 0.1724853515625
0.272933959960938 -0.194091796875 0.176666259765625 -0.00288391113281251
0.189697265625 -0.24627685546875 0.188644409179688 -0.187820434570313
0.198806762695313 -0.221343994140625 0.12408447265625 -0.288421630859375
0.206451416015625 -0.24810791015625 0.131103515625 -0.34442138671875
0.2564697265625 -0.208663940429688 0.220794677734375 -0.352020263671875
0.30535888671875 -0.1097412109375 0.26678466796875 -0.303863525390625
0.365631103515625 -0.051177978515625 0.34136962890625 -0.2117919921875
0.380462646484375 0.15167236328125 0.3663330078125 -0.011749267578125
0.36212158203125 0.3447265625 0.194107055664063 0.062469482421875
0.31939697265625 0.395843505859375 -0.04949951171875 -0.220123291015625
0.418487548828125 0.426422119140625 -0.1439208984375 -0.015533447265625
0.420074462890625 0.339324951171875 -0.229583740234375 -0.479095458984375
0.396881103515625 0.24591064453125 -0.61553955078125 -0.25555419921875
0.452362060546875 0.111907958984375 -0.46295166015625 0.153350830078125
0.411834716796875 -0.053253173828125 -0.125564575195312 0.252182006835938
0.366546630859375 -0.239532470703125 0.1046142578125 0.0938873291015625
0.258697509765625 -0.315277099609375 0.129501342773438 -0.0680007934570313
0.25921630859375 -0.286041259765625 0.075439453125 -0.1693115234375
0.28558349609375 -0.308624267578125 0.0830078125 -0.22979736328125
0.3603515625 -0.2349853515625 0.171112060546875 -0.259124755859375
0.40509033203125 -0.08251953125 0.23699951171875 -0.231597900390625
0.443359375 0.014007568359375 0.337982177734375 -0.158050537109375
0.388092041015625 0.219696044921875 0.383392333984375 0.052520751953125
0.376220703125 0.3603515625 0.275634765625 0.153671264648438
0.395355224609375 0.394744873046875 0.0360946655273438 -0.072509765625
0.498809814453125 0.315185546875 -0.0317611694335937 0.104240417480469
0.442657470703125 0.19561767578125 -0.1829833984375 -0.376739501953125
0.34246826171875 0.15179443359375 -0.61541748046875 -0.172607421875
0.398040771484375 0.100067138671875 -0.500762939453125 0.23724365234375
0.4033203125 -0.041046142578125 -0.19085693359375 0.332305908203125
0.398193359375 -0.24322509765625 0.0217132568359375 0.208419799804687
0.286651611328125 -0.33575439453125 0.0550079345703125 0.07672119140625
0.279022216796875 -0.305206298828125 0.014303207397461 -0.0248794555664063
0.3216552734375 -0.322845458984375 0.0175018310546875 -0.097747802734375
0.4097900390625 -0.221405029296875 0.0955352783203125 -0.148468017578125
0.443634033203125 -0.034332275390625 0.185226440429688 -0.14990234375
0.446380615234375 0.084991455078125 0.320343017578125 -0.092803955078125
0.3255615234375 0.2569580078125 0.397705078125 0.1353759765625
0.325103759765625 0.32672119140625 0.349273681640625 0.274505615234375
0.40899658203125 0.33251953125 0.121528625488281 0.08819580078125
0.48193359375 0.15380859375 0.074310302734375 0.198959350585938
0.3525390625 0.03839111328125 -0.147979736328125 -0.264602661132813
0.204727172851563 0.073699951171875 -0.57452392578125 -0.071533203125
0.274276733398438 0.102752685546875 -0.489227294921875 0.308746337890625
0.3333740234375 -0.004486083984375 -0.233978271484375 0.391845703125
0.371612548828125 -0.204498291015625 -0.0574645996093749 0.318267822265625
0.270843505859375 -0.301239013671875 -0.021331787109375 0.224105834960937
0.2545166015625 -0.280654907226562 -0.050201416015625 0.120567321777344
0.313690185546875 -0.291778564453125 -0.0550727844238281 0.0354080200195312
0.39630126953125 -0.1739501953125 0.0058097839355469 -0.0429458618164063
0.403594970703125 0.024017333984375 0.118606567382813 -0.0772476196289063
0.36407470703125 0.1429443359375 0.285888671875 -0.029693603515625
0.201309204101563 0.241119384765625 0.400177001953125 0.2264404296875
0.230255126953125 0.225982666015625 0.39471435546875 0.408172607421875
0.38177490234375 0.214111328125 0.195220947265625 0.237319946289063
0.371368408203125 -0.030364990234375 0.154998779296875 0.261001586914063
0.172073364257813 -0.093902587890625 -0.125442504882812 -0.158065795898438
0.0281753540039063 0.0351428985595703 -0.498931884765625 0.0154724121093749
0.125755310058594 0.125358581542969 -0.4447021484375 0.3387451171875
0.229415893554688 0.04559326171875 -0.256103515625 0.40826416015625
0.29779052734375 -0.130462646484375 -0.126190185546875 0.39703369140625
0.215774536132813 -0.21746826171875 -0.091766357421875 0.34918212890625
0.194534301757812 -0.213043212890625 -0.106338500976563 0.246978759765625
0.259323120117187 -0.220901489257812 -0.122970581054687 0.146575927734375
0.32122802734375 -0.103179931640625 -0.0834732055664063 0.0409317016601562
0.2935791015625 0.073974609375 0.05023193359375 -0.0306510925292969
0.212890625 0.162338256835938 0.246826171875 0.0129852294921875
0.049041748046875 0.153091430664062 0.393646240234375 0.308746337890625
0.122116088867187 0.0623397827148437 0.402618408203125 0.528472900390625
0.32318115234375 0.049163818359375 0.24725341796875 0.347076416015625
0.200637817382813 -0.205184936523438 0.194564819335937 0.280960083007813
-0.0372772216796875 -0.185775756835937 -0.116844177246094 -0.0800933837890625
-0.135360717773438 0.0182952880859375 -0.421630859375 0.0649414062500001
-0.0155181884765625 0.139663696289063 -0.40020751953125 0.327392578125
0.1080322265625 0.0861968994140625 -0.271820068359375 0.393524169921875
0.188095092773438 -0.0399932861328125 -0.181732177734375 0.444580078125
0.129508972167969 -0.101181030273438 -0.14007568359375 0.432769775390625
0.10418701171875 -0.113006591796875 -0.144805908203125 0.33349609375
0.163848876953125 -0.119552612304688 -0.172500610351562 0.221405029296875
0.195770263671875 -0.0250396728515625 -0.15435791015625 0.0917816162109375
0.138076782226563 0.0973052978515625 0.00272560119628907 -0.0184459686279297
0.0297164916992188 0.128189086914063 0.224609375 0.0272216796875
-0.0874481201171875 0.00491333007812499 0.3984375 0.370086669921875
0.0326461791992188 -0.135978698730469 0.3848876953125 0.6129150390625
0.242416381835937 -0.132247924804687 0.28570556640625 0.400604248046875
-0.06524658203125 0.292449951171875 -0.319366455078125 -0.3443603515625
0.070220947265625 0.321136474609375 -0.3782958984375 -0.62054443359375
0.198974609375 0.163619995117188 -0.460601806640625 -0.266510009765625
0.157943725585938 -0.0250244140625 -0.223434448242188 0.00138854980468754
0.0427207946777344 -0.0683364868164063 0.0584754943847656 0.0564079284667969
-0.0310020446777344 -0.0357704162597656 0.226638793945313 -0.0947113037109375
-0.0203056335449219 -0.00915336608886719 0.221466064453125 -0.2923583984375
0.00620269775390625 -0.00785589218139648 0.155242919921875 -0.397064208984375
-0.0258674621582031 -0.0231704711914063 0.15576171875 -0.449249267578125
-0.0240364074707031 -0.0620079040527344 0.230255126953125 -0.438995361328125
0.021270751953125 -0.102569580078125 0.260528564453125 -0.395416259765625
0.120399475097656 -0.129631042480469 0.330963134765625 -0.289642333984375
0.238388061523438 0.03326416015625 0.382232666015625 -0.076690673828125
0.1654052734375 0.233840942382813 0.0831527709960938 -0.00585937499999999
0.0245208740234375 0.239349365234375 -0.15875244140625 -0.408172607421875
0.096343994140625 0.407745361328125 -0.293914794921875 -0.259674072265625
0.188568115234375 0.416168212890625 -0.3372802734375 -0.61114501953125
0.29681396484375 0.273956298828125 -0.518280029296875 -0.29058837890625
0.312469482421875 0.05841064453125 -0.28790283203125 0.03485107421875
0.209930419921875 -0.06146240234375 0.0296401977539063 0.102455139160156
0.127967834472656 -0.123214721679687 0.225509643554688 -0.07769775390625
0.0879364013671875 -0.1378173828125 0.21942138671875 -0.274551391601563
0.107337951660156 -0.125816345214844 0.144073486328125 -0.371429443359375
0.0928802490234375 -0.14837646484375 0.149383544921875 -0.419769287109375
0.119720458984375 -0.148452758789063 0.232879638671875 -0.41351318359375
0.167678833007813 -0.117233276367188 0.26568603515625 -0.360595703125
0.24749755859375 -0.103805541992187 0.328277587890625 -0.259552001953125
0.327850341796875 0.083282470703125 0.358367919921875 -0.062042236328125
0.29388427734375 0.298797607421875 0.124992370605469 0.00294494628906252
0.196624755859375 0.340545654296875 -0.120758056640625 -0.339813232421875
0.270751953125 0.45562744140625 -0.233688354492188 -0.143112182617187
0.317535400390625 0.42034912109375 -0.2855224609375 -0.560272216796875
0.371246337890625 0.300811767578125 -0.5777587890625 -0.2889404296875
0.42144775390625 0.105712890625 -0.376708984375 0.08514404296875
0.343505859375 -0.059539794921875 -0.03662109375 0.169662475585938
0.270263671875 -0.197372436523438 0.183807373046875 -0.01531982421875
0.184066772460937 -0.24664306640625 0.186141967773438 -0.199569702148438
0.194427490234375 -0.222930908203125 0.116790771484375 -0.2919921875
0.199310302734375 -0.24945068359375 0.12420654296875 -0.343170166015625
0.254730224609375 -0.2120361328125 0.211151123046875 -0.351348876953125
0.3055419921875 -0.112762451171875 0.256439208984375 -0.305206298828125
0.363189697265625 -0.055694580078125 0.332061767578125 -0.2178955078125
0.3822021484375 0.151336669921875 0.3614501953125 -0.02142333984375
0.36810302734375 0.34490966796875 0.193740844726563 0.05548095703125
0.32513427734375 0.3941650390625 -0.052001953125 -0.224777221679687
0.420562744140625 0.419830322265625 -0.13946533203125 -0.0135040283203124
0.426177978515625 0.337677001953125 -0.232086181640625 -0.4783935546875
0.4010009765625 0.24652099609375 -0.6160888671875 -0.2467041015625
0.458282470703125 0.10699462890625 -0.45294189453125 0.15875244140625
0.414215087890625 -0.059051513671875 -0.112716674804687 0.251235961914063
0.36370849609375 -0.244598388671875 0.11297607421875 0.0832366943359375
0.25408935546875 -0.31915283203125 0.128654479980469 -0.0795211791992188
0.252593994140625 -0.28863525390625 0.070159912109375 -0.172622680664063
0.27801513671875 -0.314300537109375 0.0787200927734375 -0.230453491210938
0.35595703125 -0.241729736328125 0.162628173828125 -0.25872802734375
0.408721923828125 -0.0863037109375 0.227462768554688 -0.232833862304688
0.44195556640625 0.007720947265625 0.328033447265625 -0.163299560546875
0.388885498046875 0.22003173828125 0.378662109375 0.044952392578125
0.382781982421875 0.36236572265625 0.276519775390625 0.146316528320313
0.398162841796875 0.3939208984375 0.0326766967773438 -0.0770111083984375
0.501068115234375 0.310272216796875 -0.0282440185546875 0.106674194335938
0.44561767578125 0.1954345703125 -0.18682861328125 -0.375335693359375
0.34429931640625 0.1556396484375 -0.6162109375 -0.16119384765625
0.402496337890625 0.098388671875 -0.48834228515625 0.245269775390625
0.407379150390625 -0.043914794921875 -0.17840576171875 0.3321533203125
0.397491455078125 -0.2506103515625 0.0301055908203125 0.199386596679687
0.28118896484375 -0.340423583984375 0.0560722351074219 0.0664215087890625
0.2728271484375 -0.3104248046875 0.0109691619873047 -0.0302505493164063
0.31683349609375 -0.32989501953125 0.0152740478515625 -0.0965499877929688
0.406768798828125 -0.229400634765625 0.089324951171875 -0.147842407226563
0.447265625 -0.039276123046875 0.175033569335938 -0.151031494140625
0.44891357421875 0.080780029296875 0.3104248046875 -0.097198486328125
0.32757568359375 0.2601318359375 0.3958740234375 0.1307373046875
0.32940673828125 0.3280029296875 0.351043701171875 0.268035888671875
0.411895751953125 0.33123779296875 0.120018005371094 0.0850677490234375
0.482452392578125 0.14727783203125 0.0775756835937501 0.20166015625
0.351043701171875 0.037841796875 -0.150131225585937 -0.2606201171875
0.204696655273438 0.0789337158203125 -0.57244873046875 -0.0595092773437501
0.279678344726563 0.1044921875 -0.47528076171875 0.315887451171875
0.339263916015625 -0.006103515625 -0.21905517578125 0.391326904296875
0.373748779296875 -0.2138671875 -0.04791259765625 0.310089111328125
0.268035888671875 -0.306884765625 -0.018951416015625 0.2166748046875
0.249114990234375 -0.285614013671875 -0.0512771606445312 0.117210388183594
0.307098388671875 -0.299530029296875 -0.0548019409179687 0.03741455078125
0.39410400390625 -0.18408203125 0.00124359130859377 -0.0392227172851563
0.407440185546875 0.019775390625 0.108482360839844 -0.0771942138671875
0.367645263671875 0.1396484375 0.275527954101563 -0.03399658203125
0.202316284179688 0.245391845703125 0.40045166015625 0.220306396484375
0.230987548828125 0.22833251953125 0.399810791015625 0.400115966796875
0.381744384765625 0.21026611328125 0.194580078125 0.23345947265625
0.369781494140625 -0.03668212890625 0.158172607421875 0.263763427734375
0.16754150390625 -0.093231201171875 -0.125900268554688 -0.1524658203125
0.0270156860351562 0.0419502258300781 -0.4945068359375 0.0235595703125
0.131942749023438 0.130645751953125 -0.431488037109375 0.346893310546875
0.236297607421875 0.044921875 -0.2431640625 0.4068603515625
0.300537109375 -0.13946533203125 -0.117584228515625 0.3914794921875
0.214004516601563 -0.22357177734375 -0.08697509765625 0.3448486328125
0.188919067382813 -0.216796875 -0.105239868164062 0.245071411132812
0.25439453125 -0.227920532226563 -0.120681762695313 0.150283813476562
0.3231201171875 -0.113128662109375 -0.0861129760742187 0.0472793579101563
0.30023193359375 0.07073974609375 0.041259765625 -0.0280380249023437
0.216552734375 0.16119384765625 0.236618041992188 0.00895690917968751
0.0482330322265625 0.157516479492188 0.3946533203125 0.30169677734375
0.119583129882813 0.0647659301757813 0.4075927734375 0.521270751953125
0.32159423828125 0.044921875 0.24713134765625 0.345794677734375
0.197525024414063 -0.210769653320313 0.197540283203125 0.28594970703125
-0.0428009033203125 -0.181243896484375 -0.116050720214844 -0.0709686279296875
-0.135978698730469 0.0252609252929688 -0.4158935546875 0.075286865234375
-0.010528564453125 0.14495849609375 -0.3865966796875 0.33380126953125
0.115348815917969 0.086395263671875 -0.260162353515625 0.39398193359375
0.190872192382813 -0.0482025146484375 -0.171600341796875 0.439178466796875
0.129539489746094 -0.106552124023438 -0.135284423828125 0.432281494140625
0.100296020507812 -0.115425109863281 -0.140838623046875 0.3345947265625
0.160690307617187 -0.125518798828125 -0.169586181640625 0.22882080078125
0.198287963867188 -0.0324859619140625 -0.155364990234375 0.10009765625
0.14508056640625 0.097198486328125 -0.00792980194091796 -0.0148038864135742
0.0323715209960938 0.130279541015625 0.215667724609375 0.02374267578125
-0.0897750854492188 0.00909423828125 0.401397705078125 0.360198974609375
0.0269012451171875 -0.135711669921875 0.39324951171875 0.60845947265625
0.23944091796875 -0.13763427734375 0.284912109375 0.39739990234375
-0.06256103515625 0.3018798828125 -0.328582763671875 -0.345794677734375
0.085662841796875 0.330169677734375 -0.399169921875 -0.62640380859375
0.21185302734375 0.161666870117188 -0.476348876953125 -0.2596435546875
0.160308837890625 -0.0328216552734375 -0.223251342773437 0.00434875488281251
0.0398406982421875 -0.0707244873046875 0.0687217712402344 0.0500144958496094
-0.0354957580566406 -0.0324478149414063 0.235015869140625 -0.1142578125
-0.0208282470703125 -0.00445365905761718 0.219207763671875 -0.31256103515625
0.00577735900878906 -0.00561714172363281 0.14501953125 -0.40594482421875
-0.0287208557128906 -0.0172233581542969 0.147216796875 -0.460662841796875
-0.0290641784667969 -0.0608749389648437 0.224029541015625 -0.450347900390625
0.017913818359375 -0.106254577636719 0.251922607421875 -0.4080810546875
0.116073608398438 -0.137176513671875 0.32666015625 -0.306365966796875
0.246734619140625 0.0259246826171875 0.384796142578125 -0.095245361328125
0.181610107421875 0.238128662109375 0.0847854614257813 -0.0114517211914062
0.0312652587890625 0.24957275390625 -0.172821044921875 -0.418701171875
0.104522705078125 0.41790771484375 -0.29974365234375 -0.260498046875
0.2073974609375 0.42388916015625 -0.35650634765625 -0.61962890625
0.314300537109375 0.27471923828125 -0.535430908203125 -0.283203125
0.3233642578125 0.049713134765625 -0.28851318359375 0.0415954589843749
0.212417602539063 -0.06903076171875 0.0411300659179688 0.0991134643554687
0.126266479492188 -0.12744140625 0.234954833984375 -0.0967559814453125
0.0857772827148437 -0.140327453613281 0.2156982421875 -0.2955322265625
0.106575012207031 -0.13006591796875 0.135284423828125 -0.381988525390625
0.0888824462890625 -0.150146484375 0.1427001953125 -0.431884765625
0.117355346679688 -0.1529541015625 0.22564697265625 -0.42578125
0.169052124023438 -0.125015258789063 0.2578125 -0.372894287109375
0.248809814453125 -0.113067626953125 0.323486328125 -0.27447509765625
0.339111328125 0.0802001953125 0.3614501953125 -0.07867431640625
0.314300537109375 0.30364990234375 0.126976013183594 -0.00483703613281248
0.2105712890625 0.34979248046875 -0.134552001953125 -0.35113525390625
0.285430908203125 0.4608154296875 -0.236770629882812 -0.140777587890625
0.34014892578125 0.42657470703125 -0.30426025390625 -0.5711669921875
0.391387939453125 0.302764892578125 -0.598388671875 -0.27850341796875
0.438201904296875 0.096282958984375 -0.378631591796875 0.0957641601562499
0.351593017578125 -0.070037841796875 -0.02374267578125 0.170989990234375
0.270172119140625 -0.209381103515625 0.192947387695313 -0.0317230224609375
0.182647705078125 -0.255569458007813 0.183807373046875 -0.218902587890625
0.192291259765625 -0.232376098632812 0.109161376953125 -0.303314208984375
0.194534301757813 -0.257736206054688 0.119049072265625 -0.35382080078125
0.25274658203125 -0.222732543945313 0.205841064453125 -0.36224365234375
0.31219482421875 -0.1239013671875 0.25006103515625 -0.317779541015625
0.3714599609375 -0.065765380859375 0.327667236328125 -0.231964111328125
0.397003173828125 0.14923095703125 0.365966796875 -0.03326416015625
0.390625 0.35101318359375 0.199188232421875 0.047882080078125
0.3408203125 0.4012451171875 -0.06201171875 -0.234527587890625
0.44012451171875 0.4208984375 -0.139076232910156 -0.0109481811523437
0.446685791015625 0.338165283203125 -0.247711181640625 -0.488525390625
0.418609619140625 0.248565673828125 -0.63885498046875 -0.23333740234375
0.47662353515625 0.098052978515625 -0.4532470703125 0.172515869140625
0.4268798828125 -0.069732666015625 -0.1014404296875 0.256103515625
0.36846923828125 -0.26275634765625 0.123298645019531 0.0708847045898437
0.252349853515625 -0.333465576171875 0.128410339355469 -0.0951080322265625
0.250030517578125 -0.302490234375 0.064788818359375 -0.182632446289063
0.273040771484375 -0.328125 0.074615478515625 -0.237136840820313
0.35760498046875 -0.258270263671875 0.15655517578125 -0.266281127929688
0.419464111328125 -0.099456787109375 0.220672607421875 -0.2430419921875
0.4544677734375 -0.001922607421875 0.325042724609375 -0.174560546875
0.403778076171875 0.22113037109375 0.384918212890625 0.0340576171875
0.4029541015625 0.36822509765625 0.2862548828125 0.13848876953125
0.416839599609375 0.396759033203125 0.0294647216796875 -0.0837631225585937
0.51971435546875 0.30450439453125 -0.0238876342773437 0.110206604003906
0.462310791015625 0.19122314453125 -0.199310302734375 -0.3814697265625
0.35748291015625 0.1580810546875 -0.63592529296875 -0.14703369140625
0.421356201171875 0.09228515625 -0.4879150390625 0.2623291015625
0.422943115234375 -0.05426025390625 -0.166107177734375 0.34161376953125
0.403839111328125 -0.270172119140625 0.04180908203125 0.193771362304687
0.281402587890625 -0.35687255859375 0.057586669921875 0.0581169128417969
0.26922607421875 -0.326263427734375 0.0078716278076172 -0.0349769592285156
0.310791015625 -0.34625244140625 0.013336181640625 -0.0987472534179688
0.410614013671875 -0.249847412109375 0.0842132568359375 -0.1507568359375
0.462554931640625 -0.051727294921875 0.169326782226563 -0.155899047851563
0.46392822265625 0.072052001953125 0.3074951171875 -0.105133056640625
0.341583251953125 0.266143798828125 0.4056396484375 0.12225341796875
0.3460693359375 0.33489990234375 0.365203857421875 0.263275146484375
0.4285888671875 0.330780029296875 0.122200012207031 0.0821380615234375
0.49566650390625 0.13714599609375 0.08563232421875 0.207412719726563
0.36053466796875 0.03076171875 -0.159713745117187 -0.261978149414062
0.212112426757813 0.0832977294921875 -0.58697509765625 -0.0440673828125
0.294952392578125 0.1043701171875 -0.472625732421875 0.336700439453125
0.3544921875 -0.0130615234375 -0.20843505859375 0.403533935546875
0.381011962890625 -0.232269287109375 -0.036895751953125 0.3101806640625
0.267547607421875 -0.323577880859375 -0.01531982421875 0.215423583984375
0.24591064453125 -0.300201416015625 -0.0515213012695313 0.117500305175781
0.30401611328125 -0.318328857421875 -0.0553436279296875 0.0400199890136718
0.40081787109375 -0.203216552734375 -0.00222396850585935 -0.0360908508300781
0.424530029296875 0.0081787109375 0.101409912109375 -0.0780792236328125
0.38250732421875 0.134185791015625 0.2725830078125 -0.041412353515625
0.213226318359375 0.252822875976563 0.412017822265625 0.21527099609375
0.242095947265625 0.234970092773437 0.41864013671875 0.399688720703125
0.395599365234375 0.20745849609375 0.202056884765625 0.233901977539063
0.37640380859375 -0.0487060546875 0.168716430664063 0.271621704101563
0.167007446289063 -0.09674072265625 -0.131988525390625 -0.150115966796875
0.0282859802246094 0.0489845275878906 -0.50384521484375 0.04229736328125
0.142807006835937 0.135086059570312 -0.42333984375 0.366424560546875
0.250686645507813 0.042083740234375 -0.232177734375 0.4208984375
0.308563232421875 -0.156402587890625 -0.106170654296875 0.39691162109375
0.21484375 -0.238143920898438 -0.08062744140625 0.350738525390625
0.187332153320313 -0.227630615234375 -0.103378295898437 0.251571655273438
0.251510620117188 -0.242523193359375 -0.118362426757812 0.15863037109375
0.32965087890625 -0.1297607421875 -0.0893020629882813 0.0564193725585937
0.316497802734375 0.063934326171875 0.0321578979492188 -0.0255298614501953
0.228561401367187 0.161102294921875 0.233505249023438 0.00349426269531251
0.05224609375 0.1661376953125 0.408416748046875 0.29656982421875
0.122772216796875 0.0685195922851563 0.43182373046875 0.5247802734375
0.328643798828125 0.037353515625 0.25830078125 0.3482666015625
0.195037841796875 -0.224090576171875 0.2113037109375 0.297119140625
-0.051727294921875 -0.182891845703125 -0.119163513183594 -0.0643997192382813
-0.138572692871094 0.0337905883789062 -0.419036865234375 0.091064453125
-0.00247192382812499 0.154464721679687 -0.379119873046875 0.352691650390625
0.126220703125 0.086151123046875 -0.250091552734375 0.405426025390625
0.198394775390625 -0.0612640380859375 -0.161895751953125 0.44964599609375
0.130653381347656 -0.115684509277344 -0.12774658203125 0.4437255859375
0.0991592407226563 -0.120063781738281 -0.13818359375 0.34649658203125
0.159286499023438 -0.137039184570313 -0.165664672851562 0.242294311523438
0.20635986328125 -0.044036865234375 -0.158187866210938 0.114013671875
0.157318115234375 0.0969696044921875 -0.0181293487548828 -0.00953483581542969
0.0386810302734375 0.135299682617188 0.21087646484375 0.018341064453125
-0.093902587890625 0.0151290893554687 0.419647216796875 0.356689453125
0.0226821899414063 -0.137481689453125 0.41912841796875 0.61334228515625
0.24029541015625 -0.148757934570313 0.29583740234375 0.4017333984375
-0.051422119140625 0.3160400390625 -0.350494384765625 -0.339599609375
0.11114501953125 0.335418701171875 -0.4425048828125 -0.62701416015625
0.23162841796875 0.152908325195313 -0.500762939453125 -0.239532470703125
0.1627197265625 -0.0445098876953125 -0.225051879882812 0.0131683349609375
0.0357208251953125 -0.075164794921875 0.0804595947265625 0.0411376953125
-0.0405998229980469 -0.0271873474121094 0.240509033203125 -0.144485473632813
-0.0218582153320313 0.000473022460937503 0.205718994140625 -0.339630126953125
0.00667762756347656 -0.00205278396606445 0.127655029296875 -0.4244384765625
-0.0324478149414062 -0.0119075775146484 0.12921142578125 -0.48065185546875
-0.0354957580566406 -0.0579071044921875 0.206298828125 -0.47265625
0.0114669799804687 -0.112251281738281 0.23370361328125 -0.4306640625
0.109710693359375 -0.148818969726563 0.313323974609375 -0.33221435546875
0.259201049804688 0.0111541748046875 0.3868408203125 -0.1270751953125
0.206588745117188 0.237899780273437 0.084747314453125 -0.0206069946289062
0.0475616455078125 0.26092529296875 -0.20257568359375 -0.426727294921875
0.126068115234375 0.426788330078125 -0.3192138671875 -0.252685546875
0.241455078125 0.427001953125 -0.4002685546875 -0.62396240234375
0.343170166015625 0.2664794921875 -0.56744384765625 -0.2591552734375
0.3365478515625 0.030487060546875 -0.288787841796875 0.05645751953125
0.215591430664063 -0.083404541015625 0.0564346313476563 0.0934066772460937
0.121559143066406 -0.137443542480469 0.238662719726563 -0.126510620117188
0.0803680419921875 -0.145156860351563 0.2020263671875 -0.32501220703125
0.102867126464844 -0.137428283691406 0.1165771484375 -0.40185546875
0.0827178955078125 -0.156539916992188 0.124725341796875 -0.452545166015625
0.111251831054687 -0.162734985351563 0.208770751953125 -0.44744873046875
0.168960571289063 -0.138702392578125 0.24267578125 -0.394927978515625
0.249160766601562 -0.130279541015625 0.312225341796875 -0.298492431640625
0.357391357421875 0.0648193359375 0.362335205078125 -0.104461669921875
0.347747802734375 0.298553466796875 0.128677368164063 -0.015777587890625
0.23748779296875 0.352813720703125 -0.158935546875 -0.3594970703125
0.314453125 0.462127685546875 -0.248077392578125 -0.134796142578125
0.377899169921875 0.42242431640625 -0.34222412109375 -0.57769775390625
0.423797607421875 0.295501708984375 -0.63323974609375 -0.253173828125
0.460113525390625 0.073333740234375 -0.37890625 0.11737060546875
0.3609619140625 -0.09356689453125 -0.00721740722656249 0.17156982421875
0.265914916992188 -0.231475830078125 0.20123291015625 -0.056396484375
0.173294067382813 -0.2713623046875 0.174453735351563 -0.244186401367188
0.18487548828125 -0.250839233398438 0.093353271484375 -0.3209228515625
0.184295654296875 -0.274642944335938 0.10552978515625 -0.37286376953125
0.249359130859375 -0.243850708007813 0.191986083984375 -0.38067626953125
0.318695068359375 -0.147552490234375 0.235687255859375 -0.3387451171875
0.378570556640625 -0.088714599609375 0.319091796875 -0.257049560546875
0.42095947265625 0.13623046875 0.3719482421875 -0.05767822265625
0.426116943359375 0.34368896484375 0.2052001953125 0.035247802734375
0.3759765625 0.398529052734375 -0.0781402587890625 -0.24285888671875
0.472900390625 0.413421630859375 -0.141433715820312 -0.00411987304687495
0.482757568359375 0.32611083984375 -0.2822265625 -0.49505615234375
0.448486328125 0.24078369140625 -0.67120361328125 -0.202392578125
0.50128173828125 0.075042724609375 -0.453521728515625 0.2034912109375
0.43988037109375 -0.0966796875 -0.0807647705078125 0.265670776367188
0.365386962890625 -0.2926025390625 0.13409423828125 0.0536346435546875
0.242706298828125 -0.357635498046875 0.123611450195313 -0.114532470703125
0.24029541015625 -0.325531005859375 0.0547332763671875 -0.195022583007813
0.261077880859375 -0.353485107421875 0.064605712890625 -0.248611450195313
0.354583740234375 -0.287689208984375 0.1463623046875 -0.280059814453125
0.431243896484375 -0.12811279296875 0.207382202148438 -0.26007080078125
0.47198486328125 -0.027099609375 0.31829833984375 -0.196990966796875
0.43133544921875 0.214080810546875 0.397125244140625 0.01416015625
0.440216064453125 0.363006591796875 0.3006591796875 0.125396728515625
0.45208740234375 0.38946533203125 0.0231781005859375 -0.0907516479492187
0.5496826171875 0.285888671875 -0.0173721313476562 0.1158447265625
0.4881591796875 0.1741943359375 -0.225067138671875 -0.386322021484375
0.379241943359375 0.150787353515625 -0.66412353515625 -0.11273193359375
0.445648193359375 0.07220458984375 -0.481353759765625 0.297698974609375
0.4378662109375 -0.079437255859375 -0.143524169921875 0.359130859375
0.40509033203125 -0.3052978515625 0.057159423828125 0.186065673828125
0.270233154296875 -0.385284423828125 0.0587997436523438 0.0475692749023437
0.25921630859375 -0.349334716796875 0.00287628173828127 -0.0397262573242188
0.300628662109375 -0.376556396484375 0.00750732421875001 -0.103828430175781
0.410125732421875 -0.286376953125 0.0760498046875 -0.15631103515625
0.480072021484375 -0.08209228515625 0.160064697265625 -0.166778564453125
0.484710693359375 0.050445556640625 0.303253173828125 -0.122039794921875
0.369476318359375 0.263946533203125 0.42236328125 0.10430908203125
0.379425048828125 0.334197998046875 0.389373779296875 0.249847412109375
0.46044921875 0.3201904296875 0.128303527832031 0.0757369995117188
0.516876220703125 0.115203857421875 0.100860595703125 0.2119140625
0.3721923828125 0.013336181640625 -0.177230834960937 -0.262893676757813
0.2244873046875 0.082427978515625 -0.60662841796875 -0.00915527343749989
0.316314697265625 0.09588623046875 -0.4595947265625 0.372344970703125
0.373565673828125 -0.032012939453125 -0.184600830078125 0.422760009765625
0.382781982421875 -0.266326904296875 -0.018646240234375 0.311798095703125
0.259368896484375 -0.352142333984375 -0.00505065917968747 0.216156005859375
0.23895263671875 -0.322662353515625 -0.0494461059570312 0.120323181152344
0.29364013671875 -0.34710693359375 -0.0545234680175781 0.0439529418945312
0.402099609375 -0.23760986328125 -0.00571441650390622 -0.032806396484375
0.44500732421875 -0.017181396484375 0.0936050415039063 -0.0819091796875
0.4052734375 0.117919921875 0.270309448242188 -0.05462646484375
0.234024047851562 0.2569580078125 0.434173583984375 0.19818115234375
0.263916015625 0.235153198242188 0.451446533203125 0.38720703125
0.4185791015625 0.191741943359375 0.216934204101563 0.230377197265625
0.3843994140625 -0.074005126953125 0.18927001953125 0.276947021484375
0.163848876953125 -0.107559204101563 -0.142333984375 -0.144134521484375
0.0315284729003906 0.0557060241699219 -0.512786865234375 0.0760498046875
0.161407470703125 0.137008666992188 -0.40789794921875 0.3984375
0.268173217773438 0.030059814453125 -0.209564208984375 0.44195556640625
0.312286376953125 -0.185394287109375 -0.08642578125 0.40692138671875
0.209518432617188 -0.260971069335938 -0.064727783203125 0.3619384765625
0.180206298828125 -0.245346069335938 -0.093841552734375 0.263427734375
0.243438720703125 -0.269332885742188 -0.1124267578125 0.171722412109375
0.33465576171875 -0.15997314453125 -0.089263916015625 0.0682830810546875
0.336273193359375 0.046875 0.0254554748535156 -0.022308349609375
0.247344970703125 0.154922485351563 0.230377197265625 -0.00526428222656249
0.0626220703125 0.174606323242188 0.4354248046875 0.281494140625
0.130035400390625 0.0678253173828125 0.4720458984375 0.5164794921875
0.3409423828125 0.019775390625 0.28033447265625 0.34710693359375
0.186172485351563 -0.245758056640625 0.23468017578125 0.301910400390625
-0.0664825439453125 -0.18389892578125 -0.124412536621094 -0.0540542602539062
-0.14239501953125 0.047515869140625 -0.42242431640625 0.1214599609375
0.0107421875 0.164199829101563 -0.3631591796875 0.3826904296875
0.140457153320312 0.0824127197265625 -0.23095703125 0.427398681640625
0.203048706054688 -0.0806732177734375 -0.139923095703125 0.467254638671875
0.129043579101562 -0.130111694335938 -0.106353759765625 0.46575927734375
0.0965576171875 -0.130210876464844 -0.123321533203125 0.3651123046875
0.155441284179688 -0.154129028320313 -0.156753540039062 0.260589599609375
0.214447021484375 -0.0638885498046875 -0.156631469726562 0.1326904296875
0.175186157226563 0.0902557373046875 -0.0268268585205078 -0.000780105590820307
0.0497283935546875 0.140380859375 0.208831787109375 0.0108184814453125
-0.0982589721679688 0.0245437622070312 0.4482421875 0.3406982421875
0.0129547119140625 -0.14111328125 0.4644775390625 0.609619140625
0.237777709960938 -0.169906616210938 0.3226318359375 0.401214599609375
-0.031036376953125 0.32781982421875 -0.37420654296875 -0.315216064453125
0.14263916015625 0.3302001953125 -0.49139404296875 -0.59918212890625
0.249618530273438 0.134246826171875 -0.520172119140625 -0.200042724609375
0.160736083984375 -0.0623626708984375 -0.220016479492188 0.027923583984375
0.0261764526367187 -0.0782928466796875 0.0888290405273437 0.0276565551757812
-0.0443496704101563 -0.0227470397949219 0.230392456054687 -0.175506591796875
-0.0222873687744141 0.00903320312500001 0.177703857421875 -0.363494873046875
0.00970745086669922 -0.000685691833496094 0.09381103515625 -0.436187744140625
-0.0338420867919922 -0.00361824035644531 0.095458984375 -0.49365234375
-0.0425567626953125 -0.0508384704589844 0.170654296875 -0.489990234375
0.000633239746093752 -0.116592407226563 0.19818115234375 -0.449493408203125
0.097808837890625 -0.158859252929687 0.28515625 -0.36114501953125
0.265228271484375 -0.0128326416015625 0.3753662109375 -0.16448974609375
0.23541259765625 0.22412109375 0.0823822021484375 -0.0297164916992187
0.0691986083984375 0.261978149414063 -0.2410888671875 -0.41851806640625
0.1575927734375 0.42706298828125 -0.336456298828125 -0.233062744140625
0.281951904296875 0.4141845703125 -0.4501953125 -0.60211181640625
0.371673583984375 0.24267578125 -0.58795166015625 -0.21392822265625
0.343475341796875 0.001190185546875 -0.282989501953125 0.0751037597656251
0.210968017578125 -0.102813720703125 0.0694656372070313 0.0811920166015625
0.11016845703125 -0.147079467773438 0.23114013671875 -0.159332275390625
0.0703277587890625 -0.150924682617188 0.173553466796875 -0.349822998046875
0.093017578125 -0.145599365234375 0.085540771484375 -0.415679931640625
0.0712890625 -0.161331176757813 0.092559814453125 -0.46881103515625
0.0976409912109375 -0.1702880859375 0.1761474609375 -0.465240478515625
0.158538818359375 -0.1536865234375 0.209320068359375 -0.415802001953125
0.241790771484375 -0.1513671875 0.287261962890625 -0.3253173828125
0.366119384765625 0.038238525390625 0.351654052734375 -0.136932373046875
0.381439208984375 0.276519775390625 0.125709533691406 -0.02935791015625
0.26904296875 0.34112548828125 -0.191009521484375 -0.35546875
0.3511962890625 0.444366455078125 -0.2557373046875 -0.11529541015625
0.41864013671875 0.398834228515625 -0.3875732421875 -0.56085205078125
0.455108642578125 0.268096923828125 -0.66033935546875 -0.20184326171875
0.473541259765625 0.0345458984375 -0.3643798828125 0.14599609375
0.356353759765625 -0.123291015625 0.0116729736328125 0.16546630859375
0.248397827148438 -0.2545166015625 0.198348999023438 -0.08758544921875
0.15557861328125 -0.288909912109375 0.152679443359375 -0.270217895507813
0.165740966796875 -0.265716552734375 0.0665283203125 -0.333343505859375
0.16497802734375 -0.292572021484375 0.076812744140625 -0.383544921875
0.229812622070313 -0.2664794921875 0.165130615234375 -0.396728515625
0.310699462890625 -0.17535400390625 0.207366943359375 -0.355438232421875
0.376800537109375 -0.118682861328125 0.298187255859375 -0.28070068359375
0.43695068359375 0.10980224609375 0.366973876953125 -0.087921142578125
0.463836669921875 0.318695068359375 0.207046508789063 0.0147552490234375
0.40936279296875 0.377777099609375 -0.101318359375 -0.24365234375
0.506591796875 0.38482666015625 -0.140090942382812 0.00701141357421878
0.51409912109375 0.29046630859375 -0.32281494140625 -0.48345947265625
0.477447509765625 0.215545654296875 -0.692626953125 -0.14947509765625
0.517303466796875 0.03692626953125 -0.433990478515625 0.240966796875
0.443450927734375 -0.135955810546875 -0.0561981201171875 0.270431518554688
0.34521484375 -0.327362060546875 0.141342163085938 0.0332794189453125
0.21844482421875 -0.38153076171875 0.110382080078125 -0.134941101074219
0.216766357421875 -0.34912109375 0.0364990234375 -0.206253051757813
0.236297607421875 -0.375946044921875 0.044769287109375 -0.259918212890625
0.333984375 -0.31951904296875 0.125885009765625 -0.2899169921875
0.430694580078125 -0.16278076171875 0.188079833984375 -0.275482177734375
0.476959228515625 -0.0606689453125 0.30133056640625 -0.218597412109375
0.4552001953125 0.18524169921875 0.396148681640625 -0.013763427734375
0.477020263671875 0.337646484375 0.308746337890625 0.0989990234375
0.4864501953125 0.360321044921875 0.0116348266601563 -0.0982742309570312
0.57415771484375 0.25128173828125 -0.00970458984374996 0.118850708007813
0.5052490234375 0.13623046875 -0.25604248046875 -0.373870849609375
0.3995361328125 0.131011962890625 -0.6800537109375 -0.056884765625
0.463958740234375 0.04443359375 -0.45538330078125 0.335693359375
0.441650390625 -0.116973876953125 -0.10968017578125 0.367919921875
0.3841552734375 -0.34722900390625 0.071533203125 0.170700073242187
0.244415283203125 -0.411163330078125 0.0602569580078125 0.0371589660644531
0.232818603515625 -0.374359130859375 -0.00195693969726561 -0.0444831848144531
0.271026611328125 -0.40460205078125 -0.00201416015624998 -0.108993530273438
0.392608642578125 -0.324920654296875 0.06396484375 -0.162216186523438
0.4835205078125 -0.12310791015625 0.141891479492188 -0.17779541015625
0.49688720703125 0.01324462890625 0.290985107421875 -0.14312744140625
0.39447021484375 0.24542236328125 0.42864990234375 0.069000244140625
0.411163330078125 0.3134765625 0.408416748046875 0.220062255859375
0.48583984375 0.288543701171875 0.131355285644531 0.064544677734375
0.52801513671875 0.078460693359375 0.11773681640625 0.210281372070313
0.375244140625 -0.0142822265625 -0.198974609375 -0.251617431640625
0.23626708984375 0.075469970703125 -0.6114501953125 0.0430908203125
0.33465576171875 0.074554443359375 -0.4267578125 0.411102294921875
0.380889892578125 -0.063446044921875 -0.145599365234375 0.4375
0.366668701171875 -0.3067626953125 0.00711059570312503 0.305267333984375
0.235931396484375 -0.379791259765625 0.00952148437500001 0.21112060546875
0.2122802734375 -0.347015380859375 -0.0436477661132812 0.122611999511719
0.265350341796875 -0.377227783203125 -0.05206298828125 0.0480194091796875
0.386077880859375 -0.279052734375 -0.00833702087402341 -0.0287418365478516
0.452789306640625 -0.05572509765625 0.0823135375976563 -0.0831375122070313
0.423370361328125 0.086944580078125 0.26123046875 -0.07305908203125
0.259033203125 0.247802734375 0.450286865234375 0.16619873046875
0.28558349609375 0.2208251953125 0.482940673828125 0.3529052734375
0.437652587890625 0.161651611328125 0.2320556640625 0.215499877929688
0.380889892578125 -0.105438232421875 0.214736938476563 0.26971435546875
0.1536865234375 -0.119903564453125 -0.151657104492188 -0.131271362304687
0.0352249145507813 0.0609970092773437 -0.511749267578125 0.118560791015625
0.180282592773438 0.128158569335938 -0.3712158203125 0.435089111328125
0.282806396484375 0.0067138671875 -0.1688232421875 0.46014404296875
0.303009033203125 -0.220550537109375 -0.053680419921875 0.40997314453125
0.19317626953125 -0.28466796875 -0.038238525390625 0.36566162109375
0.163223266601563 -0.261398315429688 -0.07611083984375 0.2723388671875
0.221221923828125 -0.29461669921875 -0.0988616943359375 0.18316650390625
0.32598876953125 -0.19598388671875 -0.0854873657226562 0.0828170776367187
0.349945068359375 0.01641845703125 0.0185317993164063 -0.0174560546875
0.264572143554688 0.137298583984375 0.223464965820313 -0.0208587646484375
0.077423095703125 0.176589965820313 0.457794189453125 0.24676513671875
0.135604858398438 0.0609512329101563 0.513458251953125 0.483917236328125
0.3443603515625 -0.00860595703125 0.306854248046875 0.3282470703125
0.165115356445313 -0.265487670898438 0.263397216796875 0.2940673828125
-0.0851898193359375 -0.178298950195313 -0.126739501953125 -0.0399703979492188
-0.1378173828125 0.0632476806640625 -0.413970947265625 0.159576416015625
0.0303192138671875 0.168563842773438 -0.3275146484375 0.412506103515625
0.1549072265625 0.0724029541015625 -0.19537353515625 0.444122314453125
0.198043823242187 -0.104034423828125 -0.10430908203125 0.475738525390625
0.1224365234375 -0.147872924804687 -0.0711669921875 0.47686767578125
0.088714599609375 -0.140670776367188 -0.094818115234375 0.378509521484375
0.142822265625 -0.17291259765625 -0.136444091796875 0.2801513671875
0.211013793945313 -0.08721923828125 -0.146484375 0.154739379882813
0.188827514648438 0.0760040283203125 -0.0325145721435547 0.00907516479492188
0.0633468627929688 0.138938903808594 0.203323364257813 -0.00100708007812499
-0.099090576171875 0.0370635986328125 0.476165771484375 0.30718994140625
0.00256347656249999 -0.1409912109375 0.51531982421875 0.57781982421875
0.225326538085937 -0.19024658203125 0.35198974609375 0.3834228515625
-0.010986328125 0.328369140625 -0.381866455078125 -0.283355712890625
0.168670654296875 0.3138427734375 -0.523834228515625 -0.554412841796875
0.256240844726562 0.109283447265625 -0.517608642578125 -0.15948486328125
0.149398803710938 -0.0758514404296875 -0.2108154296875 0.0386505126953125
0.018463134765625 -0.07989501953125 0.0948104858398438 0.00978851318359374
-0.0472259521484375 -0.0149803161621094 0.210235595703125 -0.2005615234375
-0.0166683197021484 0.0120935440063477 0.143157958984375 -0.374542236328125
0.00905513763427734 0.000983238220214844 0.05908203125 -0.43475341796875
-0.0314178466796875 0.00419235229492188 0.056610107421875 -0.490203857421875
-0.0472412109375 -0.0436248779296875 0.133880615234375 -0.48919677734375
-0.01190185546875 -0.112068176269531 0.1595458984375 -0.4515380859375
0.081329345703125 -0.161941528320313 0.24664306640625 -0.370147705078125
0.261032104492188 -0.034027099609375 0.349395751953125 -0.191741943359375
0.252792358398438 0.200241088867188 0.0769729614257813 -0.034698486328125
0.0901947021484375 0.255325317382813 -0.26715087890625 -0.39599609375
0.18072509765625 0.41241455078125 -0.341094970703125 -0.203887939453125
0.307464599609375 0.386962890625 -0.482391357421875 -0.55987548828125
0.387939453125 0.210906982421875 -0.5897216796875 -0.1661376953125
0.33709716796875 -0.027069091796875 -0.2674560546875 0.091217041015625
0.197174072265625 -0.1181640625 0.0801849365234375 0.0662155151367187
0.094940185546875 -0.1505126953125 0.21087646484375 -0.184768676757813
0.061309814453125 -0.14923095703125 0.138702392578125 -0.3621826171875
0.08221435546875 -0.146728515625 0.053863525390625 -0.413970947265625
0.0589447021484375 -0.159255981445312 0.055908203125 -0.464324951171875
0.08258056640625 -0.170989990234375 0.1416015625 -0.467376708984375
0.14453125 -0.16473388671875 0.1715087890625 -0.417144775390625
0.225921630859375 -0.16400146484375 0.251373291015625 -0.33642578125
0.366607666015625 0.01055908203125 0.32977294921875 -0.16461181640625
0.400909423828125 0.2437744140625 0.120399475097656 -0.0387191772460937
0.289154052734375 0.3189697265625 -0.21551513671875 -0.337249755859375
0.371368408203125 0.418487548828125 -0.257247924804688 -0.0970458984374999
0.438568115234375 0.3582763671875 -0.42108154296875 -0.52703857421875
0.47296142578125 0.234100341796875 -0.6571044921875 -0.1478271484375
0.468170166015625 -0.001556396484375 -0.345855712890625 0.167083740234375
0.34405517578125 -0.150421142578125 0.0316162109375 0.15594482421875
0.223358154296875 -0.268600463867187 0.184600830078125 -0.111373901367188
0.132568359375 -0.290924072265625 0.123992919921875 -0.283355712890625
0.144180297851562 -0.272933959960938 0.04034423828125 -0.334686279296875
0.13958740234375 -0.295684814453125 0.046234130859375 -0.3853759765625
0.206573486328125 -0.274276733398438 0.133087158203125 -0.399688720703125
0.295166015625 -0.195281982421875 0.17449951171875 -0.360107421875
0.361602783203125 -0.142486572265625 0.26446533203125 -0.2930908203125
0.4417724609375 0.078094482421875 0.348297119140625 -0.113800048828125
0.484588623046875 0.2822265625 0.201187133789063 0.000793457031250017
0.429901123046875 0.3433837890625 -0.120559692382812 -0.233932495117187
0.520538330078125 0.345367431640625 -0.136772155761719 0.0161514282226563
0.5267333984375 0.24847412109375 -0.349395751953125 -0.45330810546875
0.48760986328125 0.178955078125 -0.6920166015625 -0.08966064453125
0.51336669921875 -0.0018310546875 -0.403350830078125 0.264984130859375
0.4256591796875 -0.16741943359375 -0.02593994140625 0.260757446289063
0.3128662109375 -0.3480224609375 0.137939453125 0.00804138183593748
0.18560791015625 -0.39093017578125 0.094390869140625 -0.147796630859375
0.188690185546875 -0.357696533203125 0.0167388916015625 -0.205337524414063
0.20050048828125 -0.387451171875 0.0229034423828125 -0.259368896484375
0.30352783203125 -0.339874267578125 0.10357666015625 -0.294219970703125
0.412689208984375 -0.196380615234375 0.158004760742188 -0.279251098632813
0.464385986328125 -0.09600830078125 0.272323608398438 -0.233444213867188
0.46417236328125 0.155120849609375 0.38494873046875 -0.045257568359375
0.498046875 0.30169677734375 0.306549072265625 0.0751953125
0.501251220703125 0.321563720703125 0.000694274902343772 -0.0979080200195313
0.5792236328125 0.20806884765625 0.00157165527343753 0.119514465332031
0.5047607421875 0.09893798828125 -0.27789306640625 -0.352294921875
0.405059814453125 0.106842041015625 -0.6697998046875 -0.000671386718750037
0.4615478515625 0.008148193359375 -0.417083740234375 0.36163330078125
0.432830810546875 -0.148193359375 -0.0733642578124999 0.36297607421875
0.3524169921875 -0.37091064453125 0.082916259765625 0.15203857421875
0.210296630859375 -0.425750732421875 0.059051513671875 0.0226860046386718
0.1986083984375 -0.38653564453125 -0.00947189331054686 -0.0476722717285156
0.233856201171875 -0.4195556640625 -0.00896453857421873 -0.108345031738281
0.35833740234375 -0.3505859375 0.052825927734375 -0.158462524414063
0.46893310546875 -0.161529541015625 0.123184204101563 -0.177139282226563
0.4920654296875 -0.026458740234375 0.2684326171875 -0.15692138671875
0.408843994140625 0.215789794921875 0.4246826171875 0.040618896484375
0.42816162109375 0.28057861328125 0.414581298828125 0.186004638671875
0.4986572265625 0.251312255859375 0.127265930175781 0.0548019409179688
0.522735595703125 0.037841796875 0.132278442382813 0.20172119140625
0.36474609375 -0.040802001953125 -0.211807250976562 -0.23443603515625
0.237823486328125 0.062591552734375 -0.5936279296875 0.0924682617187499
0.34051513671875 0.05255126953125 -0.38232421875 0.430267333984375
0.37762451171875 -0.0928955078125 -0.104400634765625 0.432769775390625
0.338470458984375 -0.3328857421875 0.027862548828125 0.288909912109375
0.2042236328125 -0.3946533203125 0.0218658447265625 0.20208740234375
0.183074951171875 -0.357086181640625 -0.0355300903320312 0.120452880859375
0.230560302734375 -0.39251708984375 -0.0485115051269531 0.0483551025390625
0.357421875 -0.307403564453125 -0.00895309448242185 -0.0241870880126953
0.445098876953125 -0.092071533203125 0.0729446411132813 -0.0822906494140625
0.422637939453125 0.053497314453125 0.244308471679688 -0.0841522216796875
0.27490234375 0.229354858398438 0.44964599609375 0.131561279296875
0.298492431640625 0.200286865234375 0.496429443359375 0.3116455078125
0.43719482421875 0.127593994140625 0.239898681640625 0.19464111328125
0.360198974609375 -0.13116455078125 0.231399536132813 0.254058837890625
0.139335632324219 -0.127334594726563 -0.157623291015625 -0.115020751953125
0.0420265197753906 0.0647048950195313 -0.48748779296875 0.1588134765625
0.195220947265625 0.116775512695313 -0.326171875 0.4490966796875
0.283538818359375 -0.014251708984375 -0.129119873046875 0.456512451171875
0.280853271484375 -0.24383544921875 -0.02349853515625 0.39752197265625
0.168853759765625 -0.298614501953125 -0.01043701171875 0.35955810546875
0.14154052734375 -0.27203369140625 -0.0559844970703125 0.270965576171875
0.1929931640625 -0.309478759765625 -0.0844879150390625 0.18450927734375
0.302337646484375 -0.219635009765625 -0.0743789672851562 0.0907745361328125
0.34930419921875 -0.0123291015625 0.0130395889282227 -0.0107316970825195
0.273284912109375 0.115814208984375 0.211746215820313 -0.02850341796875
0.0909881591796875 0.172225952148438 0.463623046875 0.209625244140625
0.1395263671875 0.0521163940429688 0.537078857421875 0.43499755859375
0.336151123046875 -0.03363037109375 0.31884765625 0.303466796875
0.137725830078125 -0.275192260742188 0.280471801757813 0.274917602539063
-0.101806640625 -0.16607666015625 -0.123725891113281 -0.025238037109375
-0.1337890625 0.079559326171875 -0.388519287109375 0.1856689453125
0.0481414794921875 0.164306640625 -0.284454345703125 0.42364501953125
0.164276123046875 0.0577850341796875 -0.15606689453125 0.44476318359375
0.1865234375 -0.122543334960938 -0.067230224609375 0.468658447265625
0.107574462890625 -0.15740966796875 -0.032318115234375 0.468902587890625
0.0783843994140625 -0.144363403320313 -0.06561279296875 0.3787841796875
0.125213623046875 -0.18206787109375 -0.11236572265625 0.283416748046875
0.200347900390625 -0.1072998046875 -0.129714965820312 0.168319702148438
0.200164794921875 0.0570831298828125 -0.0349807739257812 0.0185832977294922
0.07550048828125 0.134674072265625 0.192367553710938 -0.00999450683593749
-0.0930023193359375 0.0451583862304687 0.48626708984375 0.262481689453125
-0.00929260253906248 -0.138496398925781 0.546173095703125 0.526763916015625
0.207839965820313 -0.20452880859375 0.368072509765625 0.352935791015625
0.00299072265625002 0.324310302734375 -0.374603271484375 -0.25732421875
0.180419921875 0.296478271484375 -0.528656005859375 -0.514617919921875
0.255386352539063 0.0889739990234375 -0.5047607421875 -0.13043212890625
0.137992858886719 -0.083465576171875 -0.201385498046875 0.04400634765625
0.01171875 -0.0773544311523438 0.0936355590820312 -0.00347137451171875
-0.0474815368652344 -0.00919723510742187 0.188858032226563 -0.211898803710938
-0.0131521224975586 0.0161724090576172 0.115631103515625 -0.37091064453125
0.0114326477050781 0.00271987915039062 0.037322998046875 -0.421966552734375
-0.0278377532958984 0.00992012023925781 0.031890869140625 -0.47747802734375
-0.0478630065917969 -0.0354843139648437 0.10845947265625 -0.477752685546875
-0.0190658569335937 -0.109954833984375 0.131378173828125 -0.437957763671875
0.0694732666015625 -0.161575317382812 0.21856689453125 -0.3677978515625
0.253189086914063 -0.0491180419921875 0.320465087890625 -0.204833984375
0.260162353515625 0.179840087890625 0.0739822387695313 -0.0375137329101562
0.0996856689453125 0.245086669921875 -0.27947998046875 -0.3726806640625
0.19366455078125 0.396575927734375 -0.331878662109375 -0.183868408203125
0.3201904296875 0.359283447265625 -0.491851806640625 -0.524322509765625
0.388641357421875 0.1854248046875 -0.57421875 -0.12994384765625
0.32342529296875 -0.045806884765625 -0.25250244140625 0.0985107421875
0.183120727539063 -0.125152587890625 0.0838546752929688 0.0523147583007813
0.0810394287109375 -0.147842407226563 0.191085815429688 -0.198226928710938
0.0533905029296875 -0.145843505859375 0.112823486328125 -0.359893798828125
0.073150634765625 -0.145370483398438 0.0301513671875 -0.404754638671875
0.0494537353515625 -0.153610229492188 0.0303955078125 -0.4544677734375
0.0712890625 -0.167327880859375 0.116973876953125 -0.457061767578125
0.130844116210938 -0.167327880859375 0.14471435546875 -0.406494140625
0.209808349609375 -0.170333862304688 0.223907470703125 -0.333526611328125
0.359161376953125 -0.0078125 0.3062744140625 -0.17449951171875
0.40447998046875 0.21630859375 0.112251281738281 -0.0437698364257812
0.29498291015625 0.29791259765625 -0.22906494140625 -0.319549560546875
0.379058837890625 0.395477294921875 -0.248565673828125 -0.0822906494140624
0.44403076171875 0.328826904296875 -0.431549072265625 -0.4935302734375
0.47332763671875 0.205108642578125 -0.6414794921875 -0.10894775390625
0.4573974609375 -0.027191162109375 -0.323089599609375 0.17681884765625
0.32513427734375 -0.165679931640625 0.0430526733398438 0.140487670898437
0.200027465820312 -0.271713256835938 0.169937133789063 -0.124771118164063
0.115386962890625 -0.288787841796875 0.100006103515625 -0.284332275390625
0.126815795898437 -0.271026611328125 0.0184326171875 -0.327178955078125
0.121124267578125 -0.29052734375 0.024993896484375 -0.375579833984375
0.185958862304688 -0.27728271484375 0.110992431640625 -0.392547607421875
0.27703857421875 -0.205902099609375 0.149627685546875 -0.352569580078125
0.34625244140625 -0.155426025390625 0.23858642578125 -0.290435791015625
0.433685302734375 0.0576171875 0.3275146484375 -0.127197265625
0.48663330078125 0.251129150390625 0.19171142578125 -0.010528564453125
0.432220458984375 0.314544677734375 -0.133102416992187 -0.223236083984375
0.522003173828125 0.3155517578125 -0.12884521484375 0.0223541259765625
0.520782470703125 0.21649169921875 -0.3599853515625 -0.42681884765625
0.48681640625 0.155792236328125 -0.66937255859375 -0.05023193359375
0.5009765625 -0.02978515625 -0.375030517578125 0.274017333984375
0.4071044921875 -0.184051513671875 -0.00730895996093746 0.247314453125
0.28521728515625 -0.35546875 0.130401611328125 -0.00762939453125002
0.16156005859375 -0.38812255859375 0.0783233642578125 -0.152511596679688
0.164215087890625 -0.354461669921875 0.00260925292968751 -0.203384399414063
0.1763916015625 -0.3834228515625 0.00738525390625002 -0.253997802734375
0.2760009765625 -0.345428466796875 0.087005615234375 -0.2882080078125
0.393280029296875 -0.213623046875 0.137451171875 -0.27288818359375
0.447906494140625 -0.116668701171875 0.248992919921875 -0.234146118164063
0.46148681640625 0.132720947265625 0.367584228515625 -0.0592041015625
0.50018310546875 0.27197265625 0.297210693359375 0.059722900390625
0.500701904296875 0.29058837890625 -0.00982666015624998 -0.0958099365234375
0.5706787109375 0.17852783203125 0.00945281982421879 0.11865234375
0.4921875 0.071533203125 -0.285064697265625 -0.330078125
0.402496337890625 0.0892333984375 -0.64404296875 0.0350341796875001
0.455413818359375 -0.015533447265625 -0.380950927734375 0.367218017578125
0.4151611328125 -0.168243408203125 -0.048187255859375 0.347259521484375
0.322296142578125 -0.38018798828125 0.0836868286132813 0.133750915527344
0.18365478515625 -0.426849365234375 0.0525093078613281 0.014251708984375
0.174468994140625 -0.384429931640625 -0.0152435302734375 -0.0470657348632813
0.2027587890625 -0.417022705078125 -0.0176467895507812 -0.105644226074219
0.328216552734375 -0.358734130859375 0.046722412109375 -0.155838012695313
0.449859619140625 -0.183197021484375 0.108596801757813 -0.172927856445313
0.4775390625 -0.04913330078125 0.247329711914063 -0.160797119140625
0.410980224609375 0.194305419921875 0.409820556640625 0.021759033203125
0.4315185546875 0.254364013671875 0.406829833984375 0.161651611328125
0.493316650390625 0.2188720703125 0.121131896972656 0.046966552734375
0.506866455078125 0.015228271484375 0.13958740234375 0.19244384765625
0.34893798828125 -0.055419921875 -0.214279174804688 -0.215911865234375
0.238418579101563 0.0565032958984375 -0.567138671875 0.12017822265625
0.339569091796875 0.0333251953125 -0.343414306640625 0.432159423828125
0.367431640625 -0.111297607421875 -0.075225830078125 0.41680908203125
0.311431884765625 -0.34442138671875 0.038238525390625 0.270248413085937
0.17791748046875 -0.39776611328125 0.0269775390625 0.189666748046875
0.1605224609375 -0.355987548828125 -0.0320968627929688 0.1170654296875
0.2021484375 -0.3922119140625 -0.0469932556152344 0.047698974609375
0.3282470703125 -0.319610595703125 -0.00716400146484373 -0.0209178924560547
0.430145263671875 -0.11566162109375 0.0635833740234375 -0.0768051147460938
0.415802001953125 0.03338623046875 0.22747802734375 -0.087066650390625
0.280410766601563 0.21405029296875 0.44024658203125 0.106201171875
0.300994873046875 0.1826171875 0.493255615234375 0.278839111328125
0.428680419921875 0.10357666015625 0.235061645507813 0.178436279296875
0.34100341796875 -0.142578125 0.237548828125 0.240890502929688
0.124771118164062 -0.126693725585938 -0.154006958007813 -0.10400390625
0.0464744567871094 0.0679206848144531 -0.460113525390625 0.17926025390625
0.202102661132813 0.104095458984375 -0.28741455078125 0.444793701171875
0.280990600585938 -0.0308990478515625 -0.097442626953125 0.439788818359375
0.258865356445313 -0.255050659179688 -0.00567626953124994 0.379791259765625
0.1466064453125 -0.303955078125 0.00598144531250001 0.34356689453125
0.123580932617187 -0.272918701171875 -0.0423126220703125 0.263900756835938
0.169921875 -0.31103515625 -0.075347900390625 0.183364868164062
0.281402587890625 -0.233734130859375 -0.0642852783203125 0.094696044921875
0.342529296875 -0.03466796875 0.0108118057250977 -0.00445270538330078
0.272857666015625 0.099578857421875 0.198562622070313 -0.0322418212890625
0.0970916748046875 0.166183471679688 0.454681396484375 0.180755615234375
0.138191223144531 0.0466079711914062 0.5380859375 0.39697265625
0.3216552734375 -0.04742431640625 0.31756591796875 0.280059814453125
0.11724853515625 -0.274261474609375 0.2880859375 0.259124755859375
-0.1103515625 -0.153152465820313 -0.116378784179688 -0.0161666870117187
-0.124359130859375 0.0879898071289063 -0.362579345703125 0.2008056640625
0.06158447265625 0.158645629882813 -0.24951171875 0.418060302734375
0.167572021484375 0.0447540283203125 -0.125762939453125 0.431182861328125
0.173553466796875 -0.134613037109375 -0.042999267578125 0.449371337890625
0.0963592529296875 -0.164077758789063 -0.00744628906249995 0.45172119140625
0.06988525390625 -0.147293090820313 -0.044708251953125 0.36883544921875
0.10992431640625 -0.18609619140625 -0.093841552734375 0.281494140625
0.18902587890625 -0.120803833007813 -0.114334106445313 0.174270629882812
0.200546264648438 0.0422515869140625 -0.0342597961425781 0.0279788970947266
0.0827255249023438 0.127540588378906 0.179306030273438 -0.0139312744140625
-0.0890121459960938 0.0512237548828125 0.47943115234375 0.228790283203125
-0.0164718627929687 -0.133331298828125 0.551727294921875 0.4849853515625
0.1895751953125 -0.208847045898438 0.3665771484375 0.32568359375
0.00930786132812498 0.323944091796875 -0.3631591796875 -0.24700927734375
0.1866455078125 0.286529541015625 -0.5244140625 -0.495941162109375
0.253677368164063 0.078125 -0.48974609375 -0.117218017578125
0.129837036132813 -0.08599853515625 -0.194854736328125 0.045806884765625
0.00636291503906251 -0.0763092041015625 0.0923233032226563 -0.0121994018554688
-0.0482597351074219 -0.00421905517578126 0.1759033203125 -0.21929931640625
-0.0102100372314453 0.0178356170654297 0.10162353515625 -0.367401123046875
0.0125885009765625 0.00394058227539063 0.027313232421875 -0.41400146484375
-0.0252132415771484 0.0150203704833984 0.01934814453125 -0.467437744140625
-0.0483245849609375 -0.0298042297363281 0.097137451171875 -0.46917724609375
-0.0245819091796875 -0.107185363769531 0.117156982421875 -0.426177978515625
0.0628814697265625 -0.159820556640625 0.201995849609375 -0.360626220703125
0.24969482421875 -0.0580291748046875 0.30389404296875 -0.208648681640625
0.2637939453125 0.16851806640625 0.0704498291015625 -0.0384445190429687
0.10443115234375 0.241241455078125 -0.28375244140625 -0.36102294921875
0.19842529296875 0.391204833984375 -0.322418212890625 -0.174224853515625
0.3232421875 0.34515380859375 -0.4892578125 -0.5069580078125
0.389373779296875 0.172119140625 -0.5614013671875 -0.11639404296875
0.314422607421875 -0.0550537109375 -0.242935180664063 0.0997314453125
0.1737060546875 -0.12799072265625 0.08551025390625 0.0419769287109375
0.07379150390625 -0.144210815429688 0.178024291992188 -0.205657958984375
0.0503387451171875 -0.14306640625 0.09686279296875 -0.358489990234375
0.0695343017578125 -0.14337158203125 0.017425537109375 -0.3978271484375
0.04681396484375 -0.148544311523437 0.017425537109375 -0.446502685546875
0.0657806396484375 -0.163116455078125 0.105072021484375 -0.45086669921875
0.123214721679688 -0.167694091796875 0.131134033203125 -0.397552490234375
0.202392578125 -0.171707153320313 0.20843505859375 -0.32659912109375
0.35516357421875 -0.015838623046875 0.291168212890625 -0.177947998046875
0.406036376953125 0.202728271484375 0.107032775878906 -0.0455398559570312
0.29571533203125 0.28875732421875 -0.2340087890625 -0.3096923828125
0.381622314453125 0.38482666015625 -0.239852905273438 -0.07586669921875
0.44305419921875 0.312744140625 -0.43206787109375 -0.47882080078125
0.473785400390625 0.19134521484375 -0.62591552734375 -0.0908203125
0.4473876953125 -0.039764404296875 -0.30987548828125 0.177764892578125
0.314544677734375 -0.171905517578125 0.049896240234375 0.129570007324219
0.186431884765625 -0.269622802734375 0.159149169921875 -0.135208129882813
0.10626220703125 -0.286041259765625 0.087188720703125 -0.284820556640625
0.1180419921875 -0.267868041992188 0.00872802734374999 -0.3228759765625
0.112640380859375 -0.28643798828125 0.01361083984375 -0.369903564453125
0.175735473632812 -0.275131225585938 0.10150146484375 -0.3870849609375
0.267333984375 -0.211044311523438 0.13720703125 -0.344207763671875
0.3365478515625 -0.159393310546875 0.22503662109375 -0.28662109375
0.4310302734375 0.048980712890625 0.314300537109375 -0.1295166015625
0.489013671875 0.234588623046875 0.184982299804688 -0.0137176513671875
0.430511474609375 0.30267333984375 -0.14019775390625 -0.216323852539063
0.519073486328125 0.304107666015625 -0.121818542480469 0.0272140502929687
0.514556884765625 0.2008056640625 -0.362548828125 -0.41436767578125
0.48870849609375 0.14532470703125 -0.654052734375 -0.0314941406250001
0.49371337890625 -0.042205810546875 -0.358245849609375 0.273406982421875
0.395111083984375 -0.1937255859375 0.00311279296875003 0.23443603515625
0.2684326171875 -0.355621337890625 0.123298645019531 -0.018646240234375
0.14837646484375 -0.387481689453125 0.068450927734375 -0.155715942382813
0.15191650390625 -0.352142333984375 -0.00578308105468748 -0.201705932617188
0.163177490234375 -0.380340576171875 -0.00251770019531251 -0.250823974609375
0.2630615234375 -0.347625732421875 0.079864501953125 -0.28466796875
0.3812255859375 -0.2225341796875 0.128158569335938 -0.265716552734375
0.438720703125 -0.125213623046875 0.235931396484375 -0.230178833007813
0.458953857421875 0.1241455078125 0.357177734375 -0.066314697265625
0.501007080078125 0.25640869140625 0.29010009765625 0.05413818359375
0.496551513671875 0.277618408203125 -0.0165481567382812 -0.0926895141601563
0.56610107421875 0.16668701171875 0.0139236450195313 0.119468688964844
0.483856201171875 0.059356689453125 -0.28607177734375 -0.320587158203125
0.40252685546875 0.08349609375 -0.6278076171875 0.0510864257812499
0.450408935546875 -0.028411865234375 -0.361541748046875 0.3658447265625
0.40771484375 -0.178253173828125 -0.0347900390625 0.334228515625
0.305572509765625 -0.384552001953125 0.081451416015625 0.121002197265625
0.168670654296875 -0.428070068359375 0.0468025207519531 0.00794982910156247
0.1619873046875 -0.38201904296875 -0.0204353332519531 -0.0485076904296875
0.188201904296875 -0.41387939453125 -0.024139404296875 -0.104423522949219
0.31201171875 -0.36407470703125 0.042877197265625 -0.154525756835938
0.438262939453125 -0.19488525390625 0.101531982421875 -0.167510986328125
0.469512939453125 -0.058929443359375 0.236053466796875 -0.1571044921875
0.41180419921875 0.186981201171875 0.39996337890625 0.012847900390625
0.43328857421875 0.243804931640625 0.399383544921875 0.1507568359375
0.487274169921875 0.2078857421875 0.113288879394531 0.0440750122070313
0.496856689453125 0.006134033203125 0.142730712890625 0.190673828125
0.33831787109375 -0.059173583984375 -0.214202880859375 -0.207550048828125
0.23956298828125 0.0564422607421875 -0.54833984375 0.13458251953125
0.3404541015625 0.023590087890625 -0.322021484375 0.426361083984375
0.362823486328125 -0.12139892578125 -0.0584716796875 0.40228271484375
0.296844482421875 -0.35003662109375 0.0403900146484375 0.256561279296875
0.163970947265625 -0.40008544921875 0.0279541015625 0.18048095703125
0.1490478515625 -0.354156494140625 -0.0319290161132812 0.113227844238281
0.1859130859375 -0.39044189453125 -0.0481834411621094 0.0471878051757812
0.311920166015625 -0.325286865234375 -0.00569725036621092 -0.0197620391845703
0.42230224609375 -0.12908935546875 0.0591201782226563 -0.0711898803710938
0.410064697265625 0.022308349609375 0.217788696289063 -0.08465576171875
0.282684326171875 0.207611083984375 0.430572509765625 0.09490966796875
0.300445556640625 0.175140380859375 0.48486328125 0.265289306640625
0.421234130859375 0.095458984375 0.228195190429687 0.171340942382812
0.32891845703125 -0.146759033203125 0.241317749023438 0.2359619140625
0.11663818359375 -0.123268127441406 -0.1512451171875 -0.0980987548828125
0.0494155883789063 0.0723342895507813 -0.4420166015625 0.18939208984375
0.205963134765625 0.0968780517578125 -0.265655517578125 0.436737060546875
0.280685424804688 -0.04095458984375 -0.083526611328125 0.425689697265625
0.246932983398438 -0.261444091796875 -0.000396728515624972 0.3631591796875
0.136322021484375 -0.307952880859375 0.012451171875 0.332855224609375
0.115264892578125 -0.273208618164063 -0.036102294921875 0.257904052734375
0.15582275390625 -0.312042236328125 -0.07061767578125 0.181640625
0.267196655273438 -0.242218017578125 -0.0572891235351562 0.0964736938476563
0.338043212890625 -0.04730224609375 0.00954627990722658 0.00113201141357422
0.272628784179688 0.09173583984375 0.189193725585938 -0.0302581787109375
0.100906372070313 0.163742065429688 0.446441650390625 0.166412353515625
0.136451721191406 0.0432968139648438 0.53106689453125 0.3775634765625
0.313812255859375 -0.053619384765625 0.31158447265625 0.269744873046875
0.105072021484375 -0.271896362304688 0.29034423828125 0.251556396484375
-0.115371704101563 -0.144027709960938 -0.109107971191406 -0.0112075805664063
-0.118865966796875 0.094268798828125 -0.346038818359375 0.20526123046875
0.069091796875 0.153640747070313 -0.228546142578125 0.410064697265625
0.170364379882813 0.03631591796875 -0.11065673828125 0.419219970703125
0.1640625 -0.141036987304688 -0.0341796875 0.43548583984375
0.0894317626953125 -0.168365478515625 0.00537109375000004 0.439788818359375
0.0652008056640625 -0.148956298828125 -0.034637451171875 0.36260986328125
0.101455688476563 -0.188812255859375 -0.08563232421875 0.279296875
0.181350708007813 -0.127685546875 -0.1041259765625 0.17633056640625
0.202178955078125 0.0321044921875 -0.0349845886230469 0.034423828125
0.087249755859375 0.123825073242187 0.170791625976563 -0.011566162109375
-0.0858535766601563 0.0540847778320312 0.470123291015625 0.21044921875
-0.0193023681640625 -0.130821228027344 0.54766845703125 0.465057373046875
0.18133544921875 -0.210067749023438 0.359405517578125 0.314117431640625
0.015289306640625 0.3310546875 -0.358673095703125 -0.24639892578125
0.19677734375 0.285400390625 -0.532196044921875 -0.49407958984375
0.257522583007813 0.0713958740234375 -0.4920654296875 -0.111572265625
0.126045227050781 -0.0897216796875 -0.193084716796875 0.0475921630859375
0.00185394287109375 -0.075958251953125 0.0932540893554688 -0.0205307006835938
-0.0506401062011719 0.00118637084960937 0.16925048828125 -0.229843139648437
-0.00843238830566406 0.0198116302490234 0.09136962890625 -0.372802734375
0.0140562057495117 0.00454807281494141 0.0201416015625 -0.415496826171875
-0.0223388671875 0.0195732116699219 0.010467529296875 -0.470062255859375
-0.0493965148925781 -0.0250053405761719 0.091522216796875 -0.474365234375
-0.0308074951171875 -0.10699462890625 0.1103515625 -0.425567626953125
0.058563232421875 -0.162017822265625 0.19390869140625 -0.36175537109375
0.251052856445313 -0.06585693359375 0.295440673828125 -0.2154541015625
0.272857666015625 0.162445068359375 0.0708694458007813 -0.039093017578125
0.109222412109375 0.244903564453125 -0.292633056640625 -0.360565185546875
0.206787109375 0.39678955078125 -0.318634033203125 -0.1724853515625
0.333160400390625 0.342926025390625 -0.497589111328125 -0.505279541015625
0.39837646484375 0.1656494140625 -0.56256103515625 -0.10760498046875
0.314056396484375 -0.062164306640625 -0.240463256835937 0.102706909179688
0.170059204101563 -0.131942749023438 0.088897705078125 0.0339279174804687
0.0682830810546875 -0.142593383789063 0.170822143554687 -0.217132568359375
0.0484771728515625 -0.144424438476563 0.08599853515625 -0.364044189453125
0.067626953125 -0.145034790039063 0.00903320312499999 -0.40081787109375
0.046600341796875 -0.14788818359375 0.00924682617187501 -0.448638916015625
0.0633544921875 -0.162506103515625 0.099090576171875 -0.455291748046875
0.119338989257813 -0.171920776367188 0.126312255859375 -0.39569091796875
0.200485229492188 -0.176193237304688 0.20263671875 -0.328887939453125
0.359283447265625 -0.022064208984375 0.284820556640625 -0.18450927734375
0.4180908203125 0.1976318359375 0.105819702148438 -0.0466766357421875
0.302703857421875 0.290374755859375 -0.24456787109375 -0.309783935546875
0.390350341796875 0.386444091796875 -0.237350463867187 -0.0725250244140625
0.452484130859375 0.308624267578125 -0.442474365234375 -0.47955322265625
0.48565673828125 0.1878662109375 -0.62725830078125 -0.0789794921875
0.449462890625 -0.050567626953125 -0.3067626953125 0.183563232421875
0.311492919921875 -0.1788330078125 0.05462646484375 0.122062683105469
0.180160522460938 -0.2728271484375 0.153396606445313 -0.14495849609375
0.100738525390625 -0.29022216796875 0.076446533203125 -0.291534423828125
0.114105224609375 -0.2718505859375 -0.00125122070312501 -0.32720947265625
0.109832763671875 -0.28839111328125 0.00421142578124999 -0.373077392578125
0.170639038085938 -0.279556274414063 0.096038818359375 -0.392791748046875
0.265701293945313 -0.21929931640625 0.131866455078125 -0.343963623046875
0.338104248046875 -0.168182373046875 0.2193603515625 -0.2884521484375
0.4388427734375 0.04302978515625 0.311126708984375 -0.1346435546875
0.49993896484375 0.230743408203125 0.18402099609375 -0.0147247314453125
0.437255859375 0.303375244140625 -0.149032592773438 -0.216079711914062
0.529327392578125 0.30194091796875 -0.119041442871094 0.0302658081054688
0.52117919921875 0.19586181640625 -0.371185302734375 -0.41461181640625
0.498931884765625 0.14129638671875 -0.6563720703125 -0.0204467773437501
0.499053955078125 -0.054229736328125 -0.353240966796875 0.279266357421875
0.3961181640625 -0.203948974609375 0.0107421875 0.228851318359375
0.26153564453125 -0.363922119140625 0.119529724121094 -0.0286026000976563
0.140045166015625 -0.39520263671875 0.0614471435546875 -0.16339111328125
0.145172119140625 -0.357086181640625 -0.01409912109375 -0.205093383789063
0.155548095703125 -0.3853759765625 -0.0103607177734375 -0.252273559570313
0.25592041015625 -0.35546875 0.075469970703125 -0.289947509765625
0.3812255859375 -0.2342529296875 0.123825073242188 -0.264816284179688
0.4412841796875 -0.13238525390625 0.232696533203125 -0.22955322265625
0.469940185546875 0.1180419921875 0.354827880859375 -0.071044921875
0.511871337890625 0.25311279296875 0.29107666015625 0.0521240234375
0.502655029296875 0.27685546875 -0.0233840942382812 -0.0914306640625
0.57342529296875 0.1612548828125 0.01849365234375 0.123184204101563
0.4873046875 0.054443359375 -0.294036865234375 -0.322113037109375
0.413177490234375 0.083099365234375 -0.6280517578125 0.0645751953125001
0.457275390625 -0.036590576171875 -0.35479736328125 0.371826171875
0.4105224609375 -0.190399169921875 -0.026153564453125 0.3299560546875
0.298187255859375 -0.3951416015625 0.080535888671875 0.113029479980469
0.15911865234375 -0.439453125 0.0428581237792969 0.0019111633300781
0.154937744140625 -0.3887939453125 -0.0260162353515625 -0.0509223937988281
0.180694580078125 -0.42120361328125 -0.0296096801757813 -0.103950500488281
0.3043212890625 -0.37506103515625 0.041290283203125 -0.157073974609375
0.4403076171875 -0.2086181640625 0.098541259765625 -0.165847778320313
0.4757080078125 -0.069000244140625 0.231674194335938 -0.157058715820313
0.422882080078125 0.18304443359375 0.4010009765625 0.00927734375000001
0.442779541015625 0.2406005859375 0.401641845703125 0.14874267578125
0.49285888671875 0.206329345703125 0.108757019042969 0.0449600219726563
0.500244140625 0.00152587890625 0.149215698242188 0.19415283203125
0.337127685546875 -0.0625 -0.217941284179687 -0.207870483398437
0.246871948242187 0.0587005615234375 -0.545562744140625 0.146209716796875
0.348114013671875 0.017486572265625 -0.3148193359375 0.42987060546875
0.368133544921875 -0.13287353515625 -0.04852294921875 0.397491455078125
0.28997802734375 -0.360870361328125 0.0412445068359375 0.25054931640625
0.15484619140625 -0.412445068359375 0.028228759765625 0.175048828125
0.14300537109375 -0.363983154296875 -0.03338623046875 0.111778259277344
0.178497314453125 -0.398712158203125 -0.0508041381835937 0.0489082336425781
0.305694580078125 -0.337554931640625 -0.00327301025390623 -0.0205821990966797
0.424774169921875 -0.143951416015625 0.0580291748046875 -0.0675277709960938
0.41729736328125 0.013641357421875 0.214706420898438 -0.0823211669921875
0.29156494140625 0.207000732421875 0.43170166015625 0.091766357421875
0.307952880859375 0.173980712890625 0.48907470703125 0.260955810546875
0.424713134765625 0.0899658203125 0.225982666015625 0.171951293945313
0.3284912109375 -0.15240478515625 0.249114990234375 0.238616943359375
0.112480163574219 -0.123268127441406 -0.1510009765625 -0.095855712890625
0.0544052124023438 0.0783538818359375 -0.43536376953125 0.1983642578125
0.215057373046875 0.09332275390625 -0.256866455078125 0.439239501953125
0.286590576171875 -0.0501708984375 -0.07415771484375 0.422119140625
0.242660522460938 -0.272872924804688 0.00238037109375004 0.359893798828125
0.12847900390625 -0.3189697265625 0.016815185546875 0.328704833984375
0.11053466796875 -0.28076171875 -0.0332489013671875 0.257415771484375
0.148651123046875 -0.319549560546875 -0.069091796875 0.185516357421875
0.263031005859375 -0.254119873046875 -0.0529556274414062 0.0983657836914062
0.3421630859375 -0.059967041015625 0.00867986679077151 0.00679445266723632
0.279464721679687 0.0870513916015625 0.18621826171875 -0.0271453857421875
0.105789184570312 0.165847778320313 0.4483642578125 0.16119384765625
0.139320373535156 0.0424270629882812 0.537139892578125 0.373260498046875
0.314056396484375 -0.0579833984375 0.3099365234375 0.26922607421875
0.0987701416015625 -0.275558471679688 0.29864501953125 0.253997802734375
-0.121017456054688 -0.138534545898438 -0.106147766113281 -0.00812530517578125
-0.117286682128906 0.102622985839844 -0.340057373046875 0.212646484375
0.07696533203125 0.153060913085938 -0.21954345703125 0.410400390625
0.176834106445313 0.029754638671875 -0.103973388671875 0.41546630859375
0.16107177734375 -0.149063110351563 -0.029693603515625 0.4337158203125
0.0838470458984375 -0.17669677734375 0.012908935546875 0.438690185546875
0.0641326904296875 -0.15447998046875 -0.028411865234375 0.363433837890625
0.09674072265625 -0.193878173828125 -0.08087158203125 0.284698486328125
0.177780151367188 -0.137115478515625 -0.0978546142578125 0.18212890625
0.207809448242187 0.02374267578125 -0.0353736877441406 0.041229248046875
0.09295654296875 0.124481201171875 0.167144775390625 -0.00920104980468749
-0.0855789184570313 0.0571746826171875 0.471923828125 0.203643798828125
-0.0225296020507812 -0.132072448730469 0.554443359375 0.45989990234375
0.179290771484375 -0.2159423828125 0.360015869140625 0.31396484375
0.02777099609375 0.34417724609375 -0.36651611328125 -0.2467041015625
0.2147216796875 0.2860107421875 -0.559783935546875 -0.4925537109375
0.268310546875 0.06134033203125 -0.5052490234375 -0.1004638671875
0.122787475585937 -0.0970611572265625 -0.19439697265625 0.054534912109375
-0.00399017333984374 -0.0763626098632813 0.0953445434570313 -0.0320205688476563
-0.0537033081054687 0.00822067260742188 0.160385131835938 -0.247833251953125
-0.00757026672363281 0.0229473114013672 0.078094482421875 -0.387115478515625
0.0148077011108398 0.00467395782470703 0.00473022460937498 -0.427459716796875
-0.0181732177734375 0.0242919921875 -0.00561523437499997 -0.48284912109375
-0.0511436462402344 -0.0200042724609375 0.075775146484375 -0.48968505859375
-0.0395584106445313 -0.107887268066406 0.09979248046875 -0.436187744140625
0.0538482666015625 -0.1702880859375 0.1845703125 -0.376434326171875
0.256103515625 -0.081146240234375 0.290191650390625 -0.231781005859375
0.289581298828125 0.156280517578125 0.0714263916015625 -0.0425338745117188
0.121978759765625 0.253021240234375 -0.315399169921875 -0.362548828125
0.228302001953125 0.406005859375 -0.32452392578125 -0.168670654296875
0.356689453125 0.341400146484375 -0.5274658203125 -0.5069580078125
0.4180908203125 0.15643310546875 -0.57769775390625 -0.09222412109375
0.318206787109375 -0.075836181640625 -0.240646362304687 0.11199951171875
0.167160034179688 -0.141265869140625 0.093719482421875 0.0244064331054687
0.0633697509765625 -0.144638061523437 0.163192749023438 -0.235198974609375
0.04339599609375 -0.148468017578125 0.0721435546875 -0.380401611328125
0.063690185546875 -0.150741577148438 -0.00836181640624997 -0.4114990234375
0.0451507568359375 -0.151397705078125 -0.00750732421874995 -0.461456298828125
0.0595245361328125 -0.167388916015625 0.08721923828125 -0.473785400390625
0.114715576171875 -0.181488037109375 0.117523193359375 -0.406707763671875
0.1998291015625 -0.188247680664063 0.1956787109375 -0.341461181640625
0.3697509765625 -0.03857421875 0.28143310546875 -0.199371337890625
0.44024658203125 0.187744140625 0.10662841796875 -0.0507965087890625
0.323486328125 0.2938232421875 -0.26483154296875 -0.30987548828125
0.4169921875 0.38970947265625 -0.2391357421875 -0.06793212890625
0.476776123046875 0.3018798828125 -0.469573974609375 -0.48248291015625
0.511962890625 0.175384521484375 -0.64483642578125 -0.0623779296875
0.460845947265625 -0.06854248046875 -0.307586669921875 0.19671630859375
0.312347412109375 -0.19659423828125 0.063690185546875 0.116867065429687
0.1729736328125 -0.28387451171875 0.14764404296875 -0.161514282226563
0.09173583984375 -0.302337646484375 0.0634765625 -0.306304931640625
0.1065673828125 -0.2830810546875 -0.016998291015625 -0.337432861328125
0.1036376953125 -0.29937744140625 -0.012603759765625 -0.38238525390625
0.165252685546875 -0.292633056640625 0.08526611328125 -0.410400390625
0.264801025390625 -0.236572265625 0.124603271484375 -0.35418701171875
0.343170166015625 -0.184112548828125 0.213775634765625 -0.299285888671875
0.457275390625 0.029052734375 0.311676025390625 -0.148773193359375
0.527740478515625 0.221221923828125 0.187347412109375 -0.0192413330078125
0.4622802734375 0.302764892578125 -0.164413452148437 -0.216690063476562
0.5562744140625 0.295074462890625 -0.116378784179687 0.0365982055664063
0.541748046875 0.184295654296875 -0.396331787109375 -0.41851806640625
0.525909423828125 0.129119873046875 -0.6715087890625 0.00183105468749998
0.51385498046875 -0.072998046875 -0.35125732421875 0.297088623046875
0.399932861328125 -0.22674560546875 0.0220794677734375 0.228118896484375
0.2547607421875 -0.382476806640625 0.117630004882813 -0.0399398803710938
0.12823486328125 -0.413299560546875 0.050994873046875 -0.173995971679688
0.13519287109375 -0.373199462890625 -0.02691650390625 -0.212417602539063
0.147705078125 -0.40203857421875 -0.02264404296875 -0.258255004882813
0.24896240234375 -0.376861572265625 0.067230224609375 -0.303375244140625
0.38409423828125 -0.2593994140625 0.11785888671875 -0.271820068359375
0.4522705078125 -0.1534423828125 0.229141235351563 -0.240432739257813
0.49237060546875 0.107940673828125 0.361236572265625 -0.08367919921875
0.540374755859375 0.24359130859375 0.29925537109375 0.04559326171875
0.5262451171875 0.27203369140625 -0.0320587158203125 -0.0912246704101562
0.59783935546875 0.15008544921875 0.0270004272460938 0.129417419433594
0.50164794921875 0.041412353515625 -0.312744140625 -0.32293701171875
0.436309814453125 0.07440185546875 -0.6395263671875 0.0885009765624999
0.47271728515625 -0.055816650390625 -0.349395751953125 0.39141845703125
0.4169921875 -0.21429443359375 -0.01275634765625 0.3319091796875
0.290252685546875 -0.4189453125 0.081146240234375 0.10650634765625
0.145111083984375 -0.46014404296875 0.0387496948242188 -0.00441741943359378
0.14385986328125 -0.407989501953125 -0.0339012145996094 -0.0536575317382813
0.170135498046875 -0.441009521484375 -0.037445068359375 -0.105270385742188
0.2962646484375 -0.39990234375 0.0378875732421875 -0.166046142578125
0.445343017578125 -0.235076904296875 0.0958099365234376 -0.169097900390625
0.48828125 -0.0867919921875 0.2313232421875 -0.163803100585938
0.446258544921875 0.176971435546875 0.4105224609375 -0.00326538085937499
0.46826171875 0.233551025390625 0.415191650390625 0.14422607421875
0.512603759765625 0.198577880859375 0.108222961425781 0.0470733642578125
0.5162353515625 -0.014923095703125 0.164016723632813 0.199325561523438
0.34283447265625 -0.072601318359375 -0.229644775390625 -0.206817626953125
0.262725830078125 0.05706787109375 -0.551300048828125 0.16949462890625
0.363861083984375 0.004364013671875 -0.304473876953125 0.45037841796875
0.376922607421875 -0.1539306640625 -0.03558349609375 0.40484619140625
0.282470703125 -0.38519287109375 0.0455169677734375 0.249481201171875
0.139068603515625 -0.434722900390625 0.0304412841796875 0.1739501953125
0.132110595703125 -0.380615234375 -0.0349502563476563 0.113883972167969
0.16705322265625 -0.418792724609375 -0.0533828735351562 0.0533943176269531
0.298980712890625 -0.363189697265625 -0.00362205505371092 -0.0226726531982422
0.432281494140625 -0.169525146484375 0.0572319030761719 -0.0668525695800781
0.43206787109375 -0.002044677734375 0.215591430664063 -0.085845947265625
0.30987548828125 0.2052001953125 0.445648193359375 0.07952880859375
0.323883056640625 0.169036865234375 0.510040283203125 0.25726318359375
0.438720703125 0.080810546875 0.232009887695313 0.175048828125
0.3314208984375 -0.16632080078125 0.26763916015625 0.243057250976562
0.108772277832031 -0.126289367675781 -0.156463623046875 -0.0930633544921875
0.0634841918945312 0.0849685668945312 -0.4378662109375 0.219757080078125
0.229766845703125 0.0873260498046875 -0.24755859375 0.45526123046875
0.296905517578125 -0.067108154296875 -0.061553955078125 0.428558349609375
0.237213134765625 -0.29339599609375 0.010833740234375 0.364471435546875
0.115631103515625 -0.33807373046875 0.02557373046875 0.331451416015625
0.10260009765625 -0.29656982421875 -0.0281982421875 0.263916015625
0.139312744140625 -0.336578369140625 -0.0660552978515625 0.194732666015625
0.25762939453125 -0.275543212890625 -0.048431396484375 0.103050231933594
0.35198974609375 -0.0792236328125 0.00951957702636721 0.0119409561157227
0.293060302734375 0.07879638671875 0.187164306640625 -0.027587890625
0.115707397460938 0.169189453125 0.46185302734375 0.14935302734375
0.144668579101563 0.038848876953125 0.5628662109375 0.3699951171875
0.321136474609375 -0.071685791015625 0.3211669921875 0.272430419921875
0.090545654296875 -0.28594970703125 0.320709228515625 0.255828857421875
-0.131561279296875 -0.133735656738281 -0.105827331542969 -0.00399017333984377
-0.113861083984375 0.115577697753906 -0.33673095703125 0.229949951171875
0.0889739990234375 0.153915405273438 -0.209136962890625 0.423614501953125
0.1866455078125 0.0193634033203125 -0.093170166015625 0.423583984375
0.158203125 -0.162918090820313 -0.019561767578125 0.442169189453125
0.0757904052734375 -0.189849853515625 0.02716064453125 0.444549560546875
0.059722900390625 -0.165328979492188 -0.015655517578125 0.3721923828125
0.089508056640625 -0.20672607421875 -0.072723388671875 0.297332763671875
0.17645263671875 -0.152328491210938 -0.089813232421875 0.191696166992188
0.217514038085937 0.0118865966796875 -0.03546142578125 0.0497894287109375
0.103446960449219 0.125167846679688 0.168136596679688 -0.00852966308593749
-0.0870895385742188 0.0636978149414063 0.487274169921875 0.19317626953125
-0.0283203125 -0.136306762695312 0.58367919921875 0.45697021484375
0.177947998046875 -0.23065185546875 0.3746337890625 0.3165283203125
0.050201416015625 0.356231689453125 -0.383544921875 -0.237213134765625
0.242462158203125 0.278915405273437 -0.60272216796875 -0.4744873046875
0.28033447265625 0.0423736572265625 -0.520721435546875 -0.073150634765625
0.117179870605469 -0.108268737792969 -0.192123413085938 0.065521240234375
-0.0125885009765625 -0.076690673828125 0.095001220703125 -0.0456390380859375
-0.0556068420410156 0.0183486938476563 0.142578125 -0.269821166992188
-0.00614738464355469 0.0282993316650391 0.05120849609375 -0.4022216796875
0.0158538818359375 0.00541210174560547 -0.02410888671875 -0.43701171875
-0.0132637023925781 0.0285987854003906 -0.036590576171875 -0.493316650390625
-0.0540924072265625 -0.0131759643554688 0.04547119140625 -0.509368896484375
-0.0518569946289062 -0.106651306152344 0.076629638671875 -0.450347900390625
0.0417938232421875 -0.1785888671875 0.1630859375 -0.39532470703125
0.256851196289063 -0.10406494140625 0.275527954101563 -0.2552490234375
0.31146240234375 0.1395263671875 0.0716323852539063 -0.0482559204101563
0.143569946289063 0.256439208984375 -0.349029541015625 -0.353912353515625
0.26104736328125 0.4066162109375 -0.336029052734375 -0.159423828125
0.38916015625 0.326171875 -0.57159423828125 -0.4921875
0.442596435546875 0.1298828125 -0.595947265625 -0.0599365234374999
0.31982421875 -0.10028076171875 -0.2374267578125 0.12841796875
0.158859252929688 -0.1561279296875 0.0980072021484375 0.0113525390625
0.053375244140625 -0.147491455078125 0.146133422851563 -0.256622314453125
0.0339813232421875 -0.152297973632813 0.0419921875 -0.39569091796875
0.05499267578125 -0.1572265625 -0.03839111328125 -0.421875
0.038726806640625 -0.156570434570313 -0.038787841796875 -0.471832275390625
0.0498199462890625 -0.173538208007813 0.057159423828125 -0.492828369140625
0.102890014648438 -0.193008422851563 0.095245361328125 -0.422454833984375
0.19207763671875 -0.206314086914063 0.17681884765625 -0.35931396484375
0.3802490234375 -0.065032958984375 0.271392822265625 -0.219924926757812
0.46881103515625 0.16302490234375 0.106452941894531 -0.0577011108398437
0.35296630859375 0.28643798828125 -0.294830322265625 -0.302154541015625
0.455474853515625 0.37640380859375 -0.242813110351562 -0.057342529296875
0.509735107421875 0.281341552734375 -0.5130615234375 -0.469696044921875
0.544189453125 0.14764404296875 -0.6632080078125 -0.02276611328125
0.469268798828125 -0.102508544921875 -0.30120849609375 0.2198486328125
0.305908203125 -0.2227783203125 0.0737762451171875 0.108551025390625
0.156646728515625 -0.299713134765625 0.135833740234375 -0.180267333984375
0.0714111328125 -0.315216064453125 0.038543701171875 -0.320648193359375
0.08953857421875 -0.295928955078125 -0.044586181640625 -0.344970703125
0.08721923828125 -0.313751220703125 -0.03948974609375 -0.391998291015625
0.148834228515625 -0.311431884765625 0.057952880859375 -0.42889404296875
0.2552490234375 -0.261489868164063 0.106781005859375 -0.368072509765625
0.341064453125 -0.211395263671875 0.19866943359375 -0.316741943359375
0.474212646484375 0.00079345703125 0.306427001953125 -0.1702880859375
0.560455322265625 0.194305419921875 0.191680908203125 -0.0293426513671875
0.49456787109375 0.28857421875 -0.1868896484375 -0.208892822265625
0.59405517578125 0.271240234375 -0.111595153808594 0.0456695556640625
0.56884765625 0.15753173828125 -0.4337158203125 -0.408966064453125
0.555999755859375 0.100341796875 -0.6845703125 0.0433349609375
0.52520751953125 -0.11163330078125 -0.340301513671875 0.3265380859375
0.3963623046875 -0.2607421875 0.0389404296875 0.226043701171875
0.2333984375 -0.4090576171875 0.112808227539063 -0.0546722412109375
0.100341796875 -0.433807373046875 0.0341644287109375 -0.184814453125
0.11285400390625 -0.393341064453125 -0.0483856201171875 -0.2161865234375
0.124237060546875 -0.4227294921875 -0.0433349609375 -0.262741088867188
0.22808837890625 -0.403717041015625 0.047149658203125 -0.3184814453125
0.377349853515625 -0.2940673828125 0.1041259765625 -0.28326416015625
0.456573486328125 -0.186767578125 0.21820068359375 -0.255996704101563
0.5162353515625 0.080352783203125 0.363250732421875 -0.106842041015625
0.57489013671875 0.2171630859375 0.31121826171875 0.032440185546875
0.559661865234375 0.251922607421875 -0.04315185546875 -0.0877914428710937
0.62567138671875 0.11834716796875 0.0410385131835938 0.134010314941406
0.51763916015625 0.011871337890625 -0.34326171875 -0.314788818359375
0.460235595703125 0.0504150390625 -0.6456298828125 0.13165283203125
0.486053466796875 -0.089630126953125 -0.33062744140625 0.42291259765625
0.417083740234375 -0.25 0.0107421875 0.33502197265625
0.270599365234375 -0.451385498046875 0.0851364135742188 0.0983200073242187
0.11419677734375 -0.484527587890625 0.0330677032470703 -0.0106754302978516
0.11956787109375 -0.428619384765625 -0.0449066162109375 -0.053955078125
0.142852783203125 -0.465911865234375 -0.0483932495117188 -0.103858947753906
0.2747802734375 -0.433380126953125 0.026611328125 -0.175811767578125
0.4422607421875 -0.276275634765625 0.0882110595703125 -0.175338745117188
0.4991455078125 -0.123046875 0.226531982421875 -0.177230834960938
0.47381591796875 0.154693603515625 0.42022705078125 -0.02716064453125
0.498077392578125 0.212615966796875 0.436492919921875 0.1246337890625
0.540771484375 0.1751708984375 0.109245300292969 0.0468902587890625
0.5313720703125 -0.046783447265625 0.185775756835938 0.1995849609375
0.347198486328125 -0.09197998046875 -0.24847412109375 -0.199539184570312
0.281341552734375 0.0462646484375 -0.551116943359375 0.21014404296875
0.378692626953125 -0.020233154296875 -0.282318115234375 0.47900390625
0.380523681640625 -0.18646240234375 -0.00997924804687499 0.408905029296875
0.2657470703125 -0.417022705078125 0.0573272705078125 0.247589111328125
0.10919189453125 -0.459564208984375 0.036773681640625 0.172256469726562
0.109222412109375 -0.40216064453125 -0.0338973999023438 0.117240905761719
0.13995361328125 -0.443267822265625 -0.0535888671875 0.0607948303222656
0.27801513671875 -0.39520263671875 -0.00491714477539061 -0.0256633758544922
0.434295654296875 -0.208282470703125 0.0548324584960938 -0.0671005249023438
0.445831298828125 -0.03057861328125 0.213882446289063 -0.0956878662109375
0.33489990234375 0.19342041015625 0.458648681640625 0.0557861328125
0.345489501953125 0.1546630859375 0.538818359375 0.234100341796875
0.45684814453125 0.057647705078125 0.244140625 0.17083740234375
0.331390380859375 -0.19256591796875 0.29583740234375 0.2386474609375
0.102821350097656 -0.131866455078125 -0.164138793945312 -0.086517333984375
0.0776443481445312 0.0881576538085938 -0.429901123046875 0.2518310546875
0.246337890625 0.0740814208984375 -0.22198486328125 0.478515625
0.30487060546875 -0.093170166015625 -0.036346435546875 0.438201904296875
0.222564697265625 -0.3216552734375 0.02777099609375 0.36846923828125
0.090545654296875 -0.359710693359375 0.043609619140625 0.334228515625
0.084197998046875 -0.314483642578125 -0.0154571533203125 0.271316528320313
0.117645263671875 -0.356689453125 -0.055328369140625 0.206130981445312
0.241455078125 -0.3046875 -0.0409164428710937 0.107063293457031
0.357025146484375 -0.1109619140625 0.0103216171264649 0.0165843963623047
0.308502197265625 0.06103515625 0.188323974609375 -0.0343017578125
0.130538940429688 0.169158935546875 0.480438232421875 0.126068115234375
0.15057373046875 0.0316619873046875 0.6002197265625 0.3475341796875
0.32586669921875 -0.094451904296875 0.34234619140625 0.265899658203125
0.072540283203125 -0.300750732421875 0.350067138671875 0.24737548828125
-0.144271850585938 -0.123916625976562 -0.105308532714844 0.00253295898437497
-0.10589599609375 0.131309509277344 -0.326812744140625 0.256591796875
0.105789184570313 0.15142822265625 -0.187713623046875 0.4447021484375
0.196090698242188 0.0030517578125 -0.0693359375 0.435516357421875
0.14874267578125 -0.181259155273438 0.00311279296875 0.450531005859375
0.0600738525390625 -0.204345703125 0.054840087890625 0.4493408203125
0.049224853515625 -0.178070068359375 0.00701904296875 0.381072998046875
0.0764617919921875 -0.221420288085938 -0.05303955078125 0.31298828125
0.168350219726563 -0.173233032226562 -0.075469970703125 0.203033447265625
0.226974487304688 -0.0074615478515625 -0.0331344604492187 0.0593376159667969
0.118011474609375 0.121749877929688 0.169479370117188 -0.0140228271484375
-0.0866241455078125 0.0726852416992188 0.50787353515625 0.1669921875
-0.0397415161132813 -0.138641357421875 0.62664794921875 0.436279296875
0.169570922851563 -0.251083374023438 0.39910888671875 0.30865478515625
0.080169677734375 0.35870361328125 -0.393829345703125 -0.214996337890625
0.267288208007812 0.258651733398437 -0.64031982421875 -0.4307861328125
0.282958984375 0.015625 -0.523284912109375 -0.0316467285156249
0.105972290039063 -0.117790222167969 -0.184646606445313 0.0788421630859375
-0.0222702026367187 -0.0733795166015625 0.088531494140625 -0.0598678588867188
-0.0537452697753906 0.0292510986328125 0.113800048828125 -0.286773681640625
-0.00236892700195312 0.0318851470947266 0.01513671875 -0.406158447265625
0.0160703659057617 0.00640678405761719 -0.06201171875 -0.43292236328125
-0.00762367248535156 0.0313091278076172 -0.0799865722656251 -0.48846435546875
-0.0540390014648438 -0.00421524047851562 0.000427246093749964 -0.511505126953125
-0.0646286010742187 -0.0987548828125 0.039947509765625 -0.45391845703125
0.025115966796875 -0.182296752929688 0.127838134765625 -0.40472412109375
0.248123168945313 -0.128875732421875 0.24945068359375 -0.275100708007813
0.325927734375 0.111907958984375 0.069091796875 -0.0545387268066406
0.167709350585937 0.249069213867187 -0.380462646484375 -0.32635498046875
0.29620361328125 0.38983154296875 -0.34063720703125 -0.13787841796875
0.417755126953125 0.29559326171875 -0.61065673828125 -0.45037841796875
0.45733642578125 0.089813232421875 -0.5977783203125 -0.0127563476562501
0.310394287109375 -0.12799072265625 -0.224807739257812 0.146957397460938
0.142257690429688 -0.168228149414063 0.0978622436523438 -0.00392913818359376
0.04022216796875 -0.146774291992188 0.118148803710937 -0.274185180664063
0.0210113525390625 -0.151397705078125 0.00567626953124997 -0.400360107421875
0.0417327880859375 -0.160232543945313 -0.076751708984375 -0.416168212890625
0.027557373046875 -0.1588134765625 -0.080596923828125 -0.46600341796875
0.0352325439453125 -0.175308227539063 0.01123046875 -0.497711181640625
0.0832061767578125 -0.200973510742188 0.0614013671875 -0.426239013671875
0.174835205078125 -0.223312377929688 0.145751953125 -0.368865966796875
0.377166748046875 -0.099517822265625 0.248397827148438 -0.238540649414063
0.487091064453125 0.123687744140625 0.101905822753906 -0.0661087036132812
0.378997802734375 0.262786865234375 -0.323150634765625 -0.276519775390625
0.487823486328125 0.343994140625 -0.24090576171875 -0.0411376953125
0.532318115234375 0.239105224609375 -0.551788330078125 -0.43157958984375
0.560760498046875 0.099884033203125 -0.66064453125 0.02947998046875
0.459808349609375 -0.143402099609375 -0.280441284179688 0.244491577148437
0.28509521484375 -0.2489013671875 0.0824432373046875 0.0947723388671875
0.130218505859375 -0.309783935546875 0.114639282226563 -0.19671630859375
0.043365478515625 -0.31829833984375 0.00598144531250001 -0.324493408203125
0.063507080078125 -0.302978515625 -0.07818603515625 -0.339599609375
0.061370849609375 -0.321258544921875 -0.075164794921875 -0.387481689453125
0.12103271484375 -0.323150634765625 0.018798828125 -0.43463134765625
0.230865478515625 -0.2845458984375 0.076416015625 -0.37371826171875
0.325042724609375 -0.240631103515625 0.17156982421875 -0.327880859375
0.47711181640625 -0.039886474609375 0.290435791015625 -0.192626953125
0.5814208984375 0.14825439453125 0.189620971679688 -0.0438690185546875
0.522369384765625 0.25299072265625 -0.207290649414062 -0.19158935546875
0.61895751953125 0.2257080078125 -0.101142883300781 0.0541610717773438
0.5830078125 0.11083984375 -0.468505859375 -0.378204345703125
0.57147216796875 0.05224609375 -0.680908203125 0.0997314453124999
0.51708984375 -0.15631103515625 -0.31097412109375 0.354583740234375
0.37322998046875 -0.296142578125 0.0587310791015625 0.215499877929688
0.19927978515625 -0.428070068359375 0.102371215820313 -0.0695648193359375
0.059906005859375 -0.44036865234375 0.0125885009765625 -0.190200805664063
0.078399658203125 -0.4012451171875 -0.072662353515625 -0.210556030273438
0.088836669921875 -0.434051513671875 -0.06805419921875 -0.257858276367188
0.19189453125 -0.423614501953125 0.0164794921875 -0.324249267578125
0.350311279296875 -0.328704833984375 0.080963134765625 -0.288360595703125
0.4439697265625 -0.225616455078125 0.196380615234375 -0.269363403320313
0.52838134765625 0.03851318359375 0.352630615234375 -0.13348388671875
0.59765625 0.1719970703125 0.3148193359375 0.00967407226562501
0.5830078125 0.2117919921875 -0.0535354614257812 -0.0801315307617187
0.63726806640625 0.0675048828125 0.0591506958007813 0.132766723632813
0.519195556640625 -0.02813720703125 -0.369110107421875 -0.2900390625
0.47412109375 0.011199951171875 -0.6326904296875 0.1837158203125
0.4827880859375 -0.13311767578125 -0.29638671875 0.448333740234375
0.39727783203125 -0.288116455078125 0.03924560546875 0.32696533203125
0.23187255859375 -0.474853515625 0.0874862670898438 0.0871124267578125
0.068878173828125 -0.49359130859375 0.0247726440429688 -0.0157108306884766
0.081939697265625 -0.4388427734375 -0.0556640625 -0.048736572265625
0.10223388671875 -0.4801025390625 -0.0597763061523437 -0.0981979370117188
0.234039306640625 -0.45892333984375 0.00791931152343753 -0.180755615234375
0.418701171875 -0.317779541015625 0.0738372802734375 -0.178878784179688
0.489349365234375 -0.166015625 0.210800170898438 -0.190277099609375
0.48944091796875 0.118865966796875 0.416107177734375 -0.058441162109375
0.520050048828125 0.17413330078125 0.4478759765625 0.093109130859375
0.55615234375 0.133575439453125 0.109489440917969 0.0431671142578125
0.529296875 -0.09033203125 0.209182739257813 0.188446044921875
0.34051513671875 -0.118255615234375 -0.264495849609375 -0.18115234375
0.29376220703125 0.0242919921875 -0.530364990234375 0.253936767578125
0.38238525390625 -0.053802490234375 -0.240020751953125 0.498321533203125
0.3673095703125 -0.223052978515625 0.0234375000000001 0.40447998046875
0.22979736328125 -0.442626953125 0.0725250244140625 0.23980712890625
0.06475830078125 -0.470062255859375 0.044647216796875 0.167343139648438
0.072021484375 -0.4140625 -0.0301055908203125 0.12103271484375
0.10015869140625 -0.456512451171875 -0.0496864318847656 0.06683349609375
0.239776611328125 -0.4217529296875 -0.00885581970214842 -0.0277786254882813
0.4158935546875 -0.249053955078125 0.0501365661621094 -0.0671539306640625
0.44635009765625 -0.070037841796875 0.2054443359375 -0.107208251953125
0.353363037109375 0.168731689453125 0.461944580078125 0.020355224609375
0.359771728515625 0.12811279296875 0.5594482421875 0.1947021484375
0.462158203125 0.020477294921875 0.25457763671875 0.15802001953125
0.314300537109375 -0.220123291015625 0.321044921875 0.219146728515625
0.092193603515625 -0.136581420898438 -0.168670654296875 -0.0743255615234375
0.0922470092773438 0.084716796875 -0.40460205078125 0.28570556640625
0.258331298828125 0.052490234375 -0.181732177734375 0.493072509765625
0.299285888671875 -0.12396240234375 -0.00161743164062499 0.434722900390625
0.194091796875 -0.343353271484375 0.05316162109375 0.36407470703125
0.05426025390625 -0.369598388671875 0.06646728515625 0.328277587890625
0.055755615234375 -0.3245849609375 0.00242614746093749 0.271591186523438
0.084228515625 -0.3704833984375 -0.038177490234375 0.212661743164063
0.21136474609375 -0.329345703125 -0.0315322875976563 0.107734680175781
0.347412109375 -0.14691162109375 0.0129528045654297 0.0215930938720703
0.316314697265625 0.034515380859375 0.184585571289063 -0.0429534912109375
0.145355224609375 0.161117553710938 0.488433837890625 0.0897216796875
0.152389526367188 0.0197601318359375 0.62908935546875 0.302490234375
0.317779541015625 -0.12335205078125 0.359649658203125 0.246978759765625
0.04638671875 -0.307281494140625 0.37652587890625 0.22418212890625
-0.154525756835938 -0.10772705078125 -0.101905822753906 0.0102767944335938
-0.08941650390625 0.14410400390625 -0.30340576171875 0.282012939453125
0.123046875 0.1414794921875 -0.150299072265625 0.454345703125
0.198699951171875 -0.018707275390625 -0.0357666015625 0.435882568359375
0.131698608398438 -0.19708251953125 0.035400390625 0.448699951171875
0.0377197265625 -0.212783813476563 0.088165283203125 0.443603515625
0.032318115234375 -0.185745239257813 0.037261962890625 0.378997802734375
0.054962158203125 -0.231292724609375 -0.024871826171875 0.318634033203125
0.1510009765625 -0.191848754882813 -0.0558929443359375 0.208587646484375
0.227081298828125 -0.0315704345703125 -0.0271034240722656 0.0687408447265625
0.131248474121094 0.111701965332031 0.165878295898438 -0.0218963623046875
-0.0825271606445313 0.0837173461914063 0.518402099609375 0.126953125
-0.0541305541992188 -0.136146545410156 0.66204833984375 0.38946533203125
0.148605346679687 -0.26953125 0.421173095703125 0.283843994140625
0.104766845703125 0.347747802734375 -0.391845703125 -0.19122314453125
0.279754638671875 0.231369018554688 -0.64971923828125 -0.37811279296875
0.275848388671875 -0.0087738037109375 -0.506988525390625 0.00390624999999991
0.091064453125 -0.122589111328125 -0.17205810546875 0.0872802734374999
-0.0305519104003906 -0.0664405822753906 0.0770492553710938 -0.0703887939453125
-0.0487442016601562 0.03814697265625 0.080596923828125 -0.288116455078125
0.00234222412109375 0.0349998474121094 -0.01727294921875 -0.39532470703125
0.0160608291625977 0.00699901580810547 -0.091278076171875 -0.413299560546875
-0.00214958190917968 0.0325088500976563 -0.11370849609375 -0.465362548828125
-0.0519218444824219 0.00391006469726562 -0.04071044921875 -0.49359130859375
-0.0742645263671875 -0.0879974365234375 0.007080078125 -0.439483642578125
0.00883483886718749 -0.17852783203125 0.09393310546875 -0.39739990234375
0.2301025390625 -0.146697998046875 0.216140747070313 -0.280776977539063
0.327880859375 0.082611083984375 0.0631179809570313 -0.0580101013183594
0.184463500976563 0.23321533203125 -0.394317626953125 -0.2911376953125
0.3172607421875 0.36236572265625 -0.334716796875 -0.118865966796875
0.427581787109375 0.257080078125 -0.6243896484375 -0.3992919921875
0.450958251953125 0.049835205078125 -0.5771484375 0.027587890625
0.290283203125 -0.147979736328125 -0.205886840820312 0.155914306640625
0.121627807617188 -0.171859741210938 0.0917892456054688 -0.0170669555664063
0.0281753540039063 -0.140495300292969 0.08709716796875 -0.277664184570313
0.009033203125 -0.144454956054688 -0.028717041015625 -0.388885498046875
0.02850341796875 -0.156143188476563 -0.1068115234375 -0.395660400390625
0.016265869140625 -0.156112670898438 -0.11529541015625 -0.445404052734375
0.0206451416015625 -0.170501708984375 -0.0291748046875 -0.4827880859375
0.0632781982421875 -0.200088500976563 0.030029296875 -0.416412353515625
0.152191162109375 -0.2296142578125 0.11273193359375 -0.3641357421875
0.359130859375 -0.12432861328125 0.220870971679688 -0.246444702148438
0.486358642578125 0.08367919921875 0.0951766967773438 -0.071044921875
0.390655517578125 0.2320556640625 -0.336090087890625 -0.2437744140625
0.501007080078125 0.30133056640625 -0.230438232421875 -0.02777099609375
0.534332275390625 0.196014404296875 -0.567138671875 -0.38507080078125
0.555419921875 0.0523681640625 -0.6368408203125 0.0750732421875001
0.435577392578125 -0.173858642578125 -0.252777099609375 0.2574462890625
0.255783081054688 -0.261566162109375 0.086212158203125 0.0797958374023437
0.102508544921875 -0.307373046875 0.0898284912109375 -0.2034912109375
0.01678466796875 -0.308258056640625 -0.023651123046875 -0.317291259765625
0.0390625 -0.296295166015625 -0.104949951171875 -0.3223876953125
0.0352783203125 -0.3165283203125 -0.103973388671875 -0.368255615234375
0.092559814453125 -0.32196044921875 -0.0184326171875 -0.423980712890625
0.2010498046875 -0.293548583984375 0.046875 -0.365203857421875
0.29833984375 -0.259552001953125 0.14129638671875 -0.326812744140625
0.46282958984375 -0.0731201171875 0.264511108398438 -0.203964233398438
0.58148193359375 0.10064697265625 0.18267822265625 -0.054779052734375
0.528656005859375 0.212127685546875 -0.218368530273438 -0.168487548828125
0.6180419921875 0.17315673828125 -0.0879058837890625 0.0569305419921875
0.5731201171875 0.0677490234375 -0.48370361328125 -0.335784912109375
0.5645751953125 0.0064697265625 -0.65118408203125 0.14453125
0.493438720703125 -0.193267822265625 -0.274871826171875 0.36669921875
0.3397216796875 -0.31536865234375 0.0727081298828125 0.198379516601562
0.159942626953125 -0.429107666015625 0.088287353515625 -0.0778121948242188
0.022918701171875 -0.429290771484375 -0.0082550048828125 -0.186737060546875
0.0467529296875 -0.39471435546875 -0.0908203125 -0.196609497070313
0.05084228515625 -0.428436279296875 -0.0883026123046875 -0.244049072265625
0.151641845703125 -0.4254150390625 -0.013519287109375 -0.31671142578125
0.31536865234375 -0.348388671875 0.058380126953125 -0.2825927734375
0.415069580078125 -0.254486083984375 0.171707153320313 -0.270248413085938
0.518798828125 0.000152587890625 0.33233642578125 -0.1522216796875
0.59771728515625 0.125 0.3079833984375 -0.0123291015625
0.5833740234375 0.1666259765625 -0.0602607727050781 -0.0694160461425781
0.626220703125 0.0189208984375 0.0736007690429688 0.124290466308594
0.502288818359375 -0.06280517578125 -0.3795166015625 -0.25775146484375
0.46759033203125 -0.024871826171875 -0.59930419921875 0.22210693359375
0.462860107421875 -0.16680908203125 -0.25262451171875 0.455963134765625
0.363861083984375 -0.311676025390625 0.061798095703125 0.3084716796875
0.188323974609375 -0.479522705078125 0.0858230590820313 0.0750885009765625
0.02520751953125 -0.484161376953125 0.01715087890625 -0.0184917449951172
0.045654296875 -0.43292236328125 -0.0630836486816406 -0.0408134460449219
0.061004638671875 -0.473907470703125 -0.0678329467773437 -0.0899200439453125
0.18951416015625 -0.462677001953125 -0.00961303710937498 -0.176971435546875
0.380218505859375 -0.342529296875 0.059906005859375 -0.17547607421875
0.465606689453125 -0.19989013671875 0.191696166992188 -0.194427490234375
0.48846435546875 0.081573486328125 0.399505615234375 -0.08526611328125
0.52203369140625 0.133056640625 0.4437255859375 0.059539794921875
0.55291748046875 0.092864990234375 0.107078552246094 0.0405426025390625
0.50823974609375 -0.126922607421875 0.223358154296875 0.16937255859375
0.32159423828125 -0.137451171875 -0.270477294921875 -0.15924072265625
0.295013427734375 0.0009765625 -0.494720458984375 0.28216552734375
0.371917724609375 -0.082244873046875 -0.1961669921875 0.4996337890625
0.340972900390625 -0.24822998046875 0.051788330078125 0.38433837890625
0.188995361328125 -0.449371337890625 0.0821075439453125 0.22540283203125
0.022857666015625 -0.461700439453125 0.0497894287109375 0.157806396484375
0.038787841796875 -0.407928466796875 -0.025115966796875 0.121406555175781
0.06060791015625 -0.453765869140625 -0.0445098876953125 0.0695877075195312
0.19732666015625 -0.4300537109375 -0.013559341430664 -0.0284175872802735
0.38323974609375 -0.27685546875 0.04486083984375 -0.0642890930175781
0.429351806640625 -0.101593017578125 0.192047119140625 -0.112442016601563
0.358428955078125 0.141357421875 0.44775390625 -0.010894775390625
0.360809326171875 0.10101318359375 0.55950927734375 0.150726318359375
0.44927978515625 -0.013427734375 0.256149291992188 0.142471313476563
0.289642333984375 -0.2373046875 0.33489990234375 0.192840576171875
0.0800018310546875 -0.137306213378906 -0.168960571289062 -0.0612335205078125
0.102218627929688 0.0762176513671875 -0.370391845703125 0.304443359375
0.259384155273438 0.0299072265625 -0.139984130859375 0.48968505859375
0.283172607421875 -0.147186279296875 0.029205322265625 0.417388916015625
0.161590576171875 -0.350860595703125 0.073699951171875 0.34771728515625
0.020660400390625 -0.364105224609375 0.083221435546875 0.312835693359375
0.027618408203125 -0.321258544921875 0.018341064453125 0.264114379882813
0.049560546875 -0.36907958984375 -0.0206451416015625 0.2095947265625
0.1768798828125 -0.337432861328125 -0.0233535766601562 0.105949401855469
0.32574462890625 -0.172576904296875 0.0159778594970703 0.0252399444580078
0.312652587890625 0.0089111328125 0.175765991210938 -0.04815673828125
0.153076171875 0.149551391601563 0.47705078125 0.054534912109375
0.149185180664063 0.0090789794921875 0.63311767578125 0.250732421875
0.2987060546875 -0.145050048828125 0.36395263671875 0.22149658203125
0.02001953125 -0.302703857421875 0.3885498046875 0.19464111328125
-0.1578369140625 -0.0901641845703125 -0.09637451171875 0.0161361694335937
-0.07147216796875 0.147674560546875 -0.270782470703125 0.29345703125
0.134086608886719 0.126625061035156 -0.1131591796875 0.44879150390625
0.193130493164063 -0.0375518798828125 -0.00491333007812496 0.421051025390625
0.11126708984375 -0.203933715820312 0.06365966796875 0.43133544921875
0.0156402587890625 -0.211227416992187 0.115692138671875 0.420867919921875
0.0153656005859375 -0.18658447265625 0.0626220703125 0.366180419921875
0.032196044921875 -0.2313232421875 0.00186157226562503 0.31146240234375
0.129470825195313 -0.201004028320313 -0.036895751953125 0.2044677734375
0.21826171875 -0.0518951416015625 -0.0197525024414062 0.0746002197265625
0.138381958007813 0.0979156494140625 0.15814208984375 -0.026824951171875
-0.0745315551757812 0.0905990600585938 0.508209228515625 0.08697509765625
-0.0642166137695312 -0.127944946289063 0.6708984375 0.33038330078125
0.123809814453125 -0.277481079101563 0.4263916015625 0.25311279296875
0.11712646484375 0.33428955078125 -0.380462646484375 -0.178314208984375
0.28131103515625 0.210693359375 -0.63720703125 -0.340576171875
0.26239013671875 -0.0239410400390625 -0.484161376953125 0.0200500488281249
0.07977294921875 -0.122093200683594 -0.159408569335938 0.0882110595703125
-0.0341262817382812 -0.0597801208496094 0.066375732421875 -0.0751266479492187
-0.0434455871582031 0.0436019897460937 0.058349609375 -0.28143310546875
0.0061187744140625 0.0371780395507813 -0.03668212890625 -0.379730224609375
0.0162563323974609 0.00796794891357422 -0.105560302734375 -0.392852783203125
0.00113487243652344 0.0322475433349609 -0.1298828125 -0.4403076171875
-0.0490226745605469 0.00939178466796875 -0.06231689453125 -0.467803955078125
-0.0781173706054687 -0.0772857666015625 -0.0114135742187501 -0.41876220703125
-0.00238037109374999 -0.171829223632813 0.0726318359375 -0.381591796875
0.213455200195312 -0.154281616210937 0.192367553710938 -0.274154663085938
0.32122802734375 0.062835693359375 0.0592155456542969 -0.0587310791015625
0.19097900390625 0.2188720703125 -0.393280029296875 -0.263214111328125
0.32177734375 0.338897705078125 -0.32073974609375 -0.108062744140625
0.422515869140625 0.2298583984375 -0.6153564453125 -0.3607177734375
0.4354248046875 0.0245361328125 -0.55206298828125 0.0491943359375
0.269622802734375 -0.156051635742188 -0.188858032226562 0.157485961914063
0.107437133789063 -0.168487548828125 0.0843963623046875 -0.0251922607421875
0.0210037231445313 -0.131813049316406 0.0647125244140625 -0.271682739257813
0.00385284423828124 -0.135055541992187 -0.048309326171875 -0.37261962890625
0.0210418701171875 -0.148284912109375 -0.121368408203125 -0.373992919921875
0.00936889648437501 -0.150390625 -0.13226318359375 -0.41998291015625
0.011932373046875 -0.161758422851563 -0.053253173828125 -0.459259033203125
0.0491943359375 -0.19244384765625 0.011016845703125 -0.397491455078125
0.135299682617187 -0.2275390625 0.093170166015625 -0.35028076171875
0.33892822265625 -0.137481689453125 0.198959350585938 -0.240432739257812
0.47503662109375 0.057037353515625 0.0893173217773438 -0.0722274780273438
0.390533447265625 0.2093505859375 -0.33575439453125 -0.21917724609375
0.494903564453125 0.271148681640625 -0.2181396484375 -0.024169921875
0.522705078125 0.166259765625 -0.560699462890625 -0.35003662109375
0.5390625 0.022796630859375 -0.60784912109375 0.09747314453125
0.411285400390625 -0.189178466796875 -0.229110717773438 0.2567138671875
0.2320556640625 -0.26220703125 0.0850067138671875 0.067474365234375
0.08502197265625 -0.2967529296875 0.0713653564453125 -0.20147705078125
0.00238037109375003 -0.29315185546875 -0.04083251953125 -0.303009033203125
0.024261474609375 -0.2843017578125 -0.11761474609375 -0.30084228515625
0.019866943359375 -0.30560302734375 -0.118499755859375 -0.34710693359375
0.072998046875 -0.31207275390625 -0.0419921875 -0.4033203125
0.1778564453125 -0.290130615234375 0.0308837890625 -0.3511962890625
0.2760009765625 -0.262725830078125 0.122833251953125 -0.314666748046875
0.444305419921875 -0.09088134765625 0.2452392578125 -0.204116821289063
0.56787109375 0.07318115234375 0.173904418945313 -0.0597991943359375
0.51873779296875 0.185089111328125 -0.218109130859375 -0.149932861328125
0.602294921875 0.14373779296875 -0.0772476196289062 0.0534439086914063
0.551971435546875 0.042694091796875 -0.48004150390625 -0.304534912109375
0.5465087890625 -0.02166748046875 -0.61700439453125 0.16571044921875
0.467529296875 -0.208984375 -0.24554443359375 0.362579345703125
0.310333251953125 -0.318939208984375 0.077301025390625 0.181289672851562
0.133880615234375 -0.41888427734375 0.0755767822265625 -0.081451416015625
0.000946044921875014 -0.4111328125 -0.0214080810546875 -0.179336547851563
0.0255126953125 -0.379302978515625 -0.099639892578125 -0.182708740234375
0.028289794921875 -0.41351318359375 -0.0973052978515625 -0.228744506835938
0.123291015625 -0.414642333984375 -0.03131103515625 -0.302459716796875
0.283843994140625 -0.349273681640625 0.044525146484375 -0.270263671875
0.387481689453125 -0.264007568359375 0.154464721679688 -0.261749267578125
0.50164794921875 -0.021240234375 0.312042236328125 -0.157073974609375
0.58489990234375 0.09576416015625 0.296844482421875 -0.023101806640625
0.56842041015625 0.1375732421875 -0.0621070861816406 -0.0605735778808594
0.6026611328125 -0.008544921875 0.0817108154296876 0.114608764648438
0.47894287109375 -0.08135986328125 -0.376495361328125 -0.233489990234375
0.454681396484375 -0.046783447265625 -0.5648193359375 0.23724365234375
0.439239501953125 -0.1834716796875 -0.221221923828125 0.44769287109375
0.336029052734375 -0.318603515625 0.072021484375 0.287689208984375
0.158050537109375 -0.47100830078125 0.0803070068359375 0.0662307739257812
-9.15527343750016E-05 -0.4654541015625 0.0100975036621094 -0.0190982818603516
0.024200439453125 -0.41851806640625 -0.0667152404785156 -0.0343017578125
0.035064697265625 -0.4588623046875 -0.0717315673828125 -0.0818023681640625
0.155120849609375 -0.45477294921875 -0.0229339599609375 -0.169189453125
0.34686279296875 -0.3486328125 0.0508270263671875 -0.167633056640625
0.4410400390625 -0.213836669921875 0.177032470703125 -0.189620971679688
0.47674560546875 0.058563232421875 0.3800048828125 -0.095947265625
0.511199951171875 0.10626220703125 0.432098388671875 0.04052734375
0.5338134765625 0.06768798828125 0.103668212890625 0.0393600463867188
0.483245849609375 -0.1435546875 0.228195190429688 0.153717041015625
0.3028564453125 -0.14300537109375 -0.266555786132813 -0.142776489257813
0.288665771484375 -0.01318359375 -0.461029052734375 0.2921142578125
0.357513427734375 -0.098602294921875 -0.165496826171875 0.487579345703125
0.3173828125 -0.25604248046875 0.06536865234375 0.361358642578125
0.159149169921875 -0.443603515625 0.08489990234375 0.211257934570312
-0.00262451171874999 -0.4447021484375 0.0501556396484375 0.148727416992187
0.01641845703125 -0.395294189453125 -0.0226593017578125 0.119987487792969
0.033111572265625 -0.44091796875 -0.0405921936035156 0.0696487426757812
0.164886474609375 -0.423187255859375 -0.0181179046630859 -0.0272483825683594
0.353790283203125 -0.287567138671875 0.0426063537597656 -0.0601997375488281
0.409515380859375 -0.118896484375 0.181320190429688 -0.110198974609375
0.3541259765625 0.12255859375 0.42938232421875 -0.026397705078125
0.353790283203125 0.08209228515625 0.544158935546875 0.123443603515625
0.43060302734375 -0.03216552734375 0.250411987304687 0.1328125
0.266403198242188 -0.2413330078125 0.33599853515625 0.172210693359375
0.0713348388671875 -0.132377624511719 -0.1644287109375 -0.0526580810546875
0.107177734375 0.067962646484375 -0.340087890625 0.307403564453125
0.255020141601563 0.0148468017578125 -0.112030029296875 0.4730224609375
0.266494750976563 -0.15814208984375 0.04461669921875 0.3956298828125
0.137054443359375 -0.347869873046875 0.082489013671875 0.3302001953125
-0.00210571289062499 -0.351470947265625 0.08935546875 0.295989990234375
0.00915527343749998 -0.3123779296875 0.0267486572265625 0.25445556640625
0.027679443359375 -0.358184814453125 -0.0101165771484375 0.202713012695313
0.149322509765625 -0.334930419921875 -0.0200119018554687 0.1002197265625
0.30322265625 -0.18414306640625 0.0187129974365235 0.0276069641113281
0.302154541015625 -0.0072021484375 0.16729736328125 -0.0479278564453125
0.155899047851563 0.140609741210938 0.457977294921875 0.034027099609375
0.144241333007813 0.0032958984375 0.61895751953125 0.21514892578125
0.278656005859375 -0.154266357421875 0.357086181640625 0.205902099609375
0.00418090820312498 -0.29144287109375 0.38677978515625 0.1729736328125
-0.15521240234375 -0.07659912109375 -0.0904159545898438 0.0195541381835938
-0.0574798583984375 0.145553588867188 -0.245880126953125 0.2904052734375
0.137802124023438 0.113204956054688 -0.08831787109375 0.432373046875
0.183624267578125 -0.049041748046875 0.010955810546875 0.40185546875
0.0956878662109375 -0.203704833984375 0.07769775390625 0.411865234375
0.000473022460937486 -0.205123901367188 0.127227783203125 0.399444580078125
0.00395202636718748 -0.183013916015625 0.074249267578125 0.3485107421875
0.0173492431640625 -0.227020263671875 0.0169677734375 0.298828125
0.11163330078125 -0.202468872070313 -0.0266571044921875 0.197280883789063
0.208236694335938 -0.06390380859375 -0.0128936767578125 0.077484130859375
0.140350341796875 0.086578369140625 0.149993896484375 -0.0276947021484375
-0.0677642822265625 0.0947036743164063 0.488311767578125 0.0653076171875
-0.0696182250976563 -0.11932373046875 0.65789794921875 0.29058837890625
0.10418701171875 -0.276138305664063 0.418243408203125 0.23345947265625
0.12481689453125 0.32745361328125 -0.37152099609375 -0.177734375
0.281585693359375 0.199249267578125 -0.6270751953125 -0.32635498046875
0.25347900390625 -0.0313568115234375 -0.469970703125 0.02496337890625
0.0709762573242188 -0.121185302734375 -0.153060913085938 0.0867156982421875
-0.0377578735351563 -0.0547370910644531 0.05877685546875 -0.0766830444335938
-0.0396766662597656 0.0483245849609375 0.0442047119140625 -0.274398803710938
0.0096282958984375 0.0395278930664062 -0.046356201171875 -0.368560791015625
0.0164127349853516 0.0101518630981445 -0.111175537109375 -0.379364013671875
0.00339317321777344 0.0317707061767578 -0.1357421875 -0.422607421875
-0.046356201171875 0.0140533447265625 -0.0711669921875 -0.449676513671875
-0.0801849365234375 -0.0691986083984375 -0.018890380859375 -0.40478515625
-0.00796508789062501 -0.167449951171875 0.0618896484375 -0.369873046875
0.202438354492188 -0.15716552734375 0.17974853515625 -0.26690673828125
0.316650390625 0.051666259765625 0.05804443359375 -0.058990478515625
0.194244384765625 0.21197509765625 -0.38983154296875 -0.25128173828125
0.321502685546875 0.327117919921875 -0.311859130859375 -0.10992431640625
0.418365478515625 0.21588134765625 -0.606201171875 -0.34576416015625
0.424041748046875 0.01226806640625 -0.53533935546875 0.054168701171875
0.256744384765625 -0.159210205078125 -0.17840576171875 0.155593872070313
0.09765625 -0.164291381835938 0.0789260864257813 -0.0302581787109375
0.0177688598632812 -0.124992370605469 0.050750732421875 -0.266006469726563
0.00244903564453124 -0.127906799316406 -0.056549072265625 -0.36212158203125
0.0177001953125 -0.143280029296875 -0.127349853515625 -0.360137939453125
0.00639343261718749 -0.146530151367188 -0.13726806640625 -0.40338134765625
0.00810241699218749 -0.155471801757813 -0.0626831054687501 -0.442291259765625
0.0419769287109375 -0.186309814453125 0.00360107421875003 -0.384735107421875
0.126480102539063 -0.2242431640625 0.08477783203125 -0.339263916015625
0.329010009765625 -0.1431884765625 0.188705444335938 -0.235305786132813
0.46826171875 0.04345703125 0.0868911743164063 -0.0725021362304688
0.386627197265625 0.2001953125 -0.333404541015625 -0.2073974609375
0.489501953125 0.256744384765625 -0.209213256835937 -0.0269775390624999
0.51165771484375 0.152862548828125 -0.554595947265625 -0.335235595703125
0.52728271484375 0.008026123046875 -0.58892822265625 0.10430908203125
0.39508056640625 -0.1944580078125 -0.2161865234375 0.25372314453125
0.217514038085937 -0.259506225585938 0.0821151733398438 0.059295654296875
0.075469970703125 -0.288177490234375 0.0595855712890625 -0.198776245117188
-0.00369262695312501 -0.2833251953125 -0.0504150390625 -0.29583740234375
0.0177154541015625 -0.276290893554688 -0.124053955078125 -0.28857421875
0.012451171875 -0.298309326171875 -0.12579345703125 -0.33319091796875
0.061981201171875 -0.303985595703125 -0.052825927734375 -0.3896484375
0.164459228515625 -0.2867431640625 0.023284912109375 -0.340789794921875
0.263992309570312 -0.261917114257813 0.115142822265625 -0.305694580078125
0.43365478515625 -0.0972900390625 0.234176635742188 -0.200302124023437
0.559173583984375 0.056549072265625 0.170989990234375 -0.0615386962890625
0.512481689453125 0.172637939453125 -0.21697998046875 -0.1400146484375
0.59051513671875 0.12841796875 -0.0697517395019531 0.0495262145996094
0.539794921875 0.031707763671875 -0.473419189453125 -0.29180908203125
0.53515625 -0.036590576171875 -0.59637451171875 0.171630859375
0.4508056640625 -0.215789794921875 -0.229278564453125 0.35772705078125
0.29498291015625 -0.317962646484375 0.07794189453125 0.169677734375
0.1190185546875 -0.41033935546875 0.0678253173828125 -0.0824661254882813
-0.01043701171875 -0.398223876953125 -0.029144287109375 -0.175567626953125
0.0169677734375 -0.370452880859375 -0.1044921875 -0.17413330078125
0.016082763671875 -0.40460205078125 -0.102920532226563 -0.217880249023438
0.1075439453125 -0.406280517578125 -0.041656494140625 -0.29132080078125
0.266693115234375 -0.348114013671875 0.03912353515625 -0.262176513671875
0.374053955078125 -0.266571044921875 0.147537231445313 -0.25347900390625
0.493133544921875 -0.029998779296875 0.3021240234375 -0.1575927734375
0.57733154296875 0.0799560546875 0.29144287109375 -0.0277099609375
0.559295654296875 0.124908447265625 -0.0631790161132812 -0.053497314453125
0.5880126953125 -0.01910400390625 0.0867233276367188 0.1077880859375
0.46490478515625 -0.0853271484375 -0.3731689453125 -0.222747802734375
0.446136474609375 -0.05767822265625 -0.544403076171875 0.241455078125
0.426513671875 -0.190765380859375 -0.20428466796875 0.439300537109375
0.320709228515625 -0.318603515625 0.0755157470703125 0.273880004882813
0.142608642578125 -0.46441650390625 0.0759735107421875 0.0612564086914062
-0.014404296875 -0.452362060546875 0.00472450256347656 -0.0202350616455078
0.01214599609375 -0.408782958984375 -0.0689811706542969 -0.0293502807617188
0.020538330078125 -0.448699951171875 -0.0729827880859375 -0.0757522583007813
0.136993408203125 -0.446441650390625 -0.0309906005859375 -0.162979125976563
0.32958984375 -0.348052978515625 0.048583984375 -0.1622314453125
0.425506591796875 -0.220001220703125 0.1715087890625 -0.18267822265625
0.4698486328125 0.0487060546875 0.36920166015625 -0.0968017578125
0.505126953125 0.092864990234375 0.422393798828125 0.03167724609375
0.520660400390625 0.0570068359375 0.0999832153320313 0.041534423828125
0.4676513671875 -0.149505615234375 0.231063842773438 0.145111083984375
0.291168212890625 -0.143707275390625 -0.263076782226563 -0.135330200195313
0.28643798828125 -0.020843505859375 -0.441925048828125 0.2919921875
0.35064697265625 -0.1064453125 -0.149078369140625 0.4752197265625
0.30462646484375 -0.2608642578125 0.0697021484375 0.345947265625
0.144195556640625 -0.43878173828125 0.083770751953125 0.202316284179687
-0.0166015625 -0.43280029296875 0.04754638671875 0.143402099609375
0.00531005859374996 -0.386627197265625 -0.0218887329101563 0.119270324707031
0.0201416015625 -0.4302978515625 -0.0396270751953125 0.0701446533203125
0.14544677734375 -0.41693115234375 -0.0225696563720703 -0.0258121490478516
0.337890625 -0.29034423828125 0.0425071716308594 -0.0570869445800781
0.399078369140625 -0.12689208984375 0.176223754882813 -0.1053466796875
0.35137939453125 0.115203857421875 0.41839599609375 -0.031890869140625
0.34942626953125 0.07293701171875 0.532958984375 0.10931396484375
0.417144775390625 -0.039031982421875 0.244720458984375 0.131240844726563
0.253311157226563 -0.239700317382813 0.3372802734375 0.16290283203125
0.066009521484375 -0.127670288085938 -0.160446166992188 -0.0477294921875
0.110366821289062 0.0631637573242187 -0.323486328125 0.30499267578125
0.252731323242188 0.0064849853515625 -0.0997009277343749 0.46124267578125
0.2568359375 -0.16265869140625 0.049774169921875 0.378753662109375
0.1240234375 -0.34515380859375 0.08477783203125 0.319671630859375
-0.014404296875 -0.3428955078125 0.090484619140625 0.285797119140625
1.87607540777232E-17 -0.306396484375 0.0296630859375 0.248443603515625
0.014892578125 -0.350738525390625 -0.005523681640625 0.197616577148438
0.13323974609375 -0.33050537109375 -0.0188369750976562 0.0974578857421875
0.291412353515625 -0.19024658203125 0.021902084350586 0.0294513702392578
0.296630859375 -0.0147705078125 0.163925170898438 -0.0448760986328125
0.157455444335938 0.136886596679688 0.447357177734375 0.026885986328125
0.141189575195312 0.00103759765625 0.60748291015625 0.19970703125
0.26531982421875 -0.157974243164063 0.3507080078125 0.200408935546875
-0.00469970703125003 -0.284942626953125 0.3856201171875 0.164154052734375
-0.152328491210938 -0.0689544677734375 -0.0856857299804688 0.0205230712890625
-0.0496063232421875 0.143661499023438 -0.232818603515625 0.28631591796875
0.1400146484375 0.105033874511719 -0.07763671875 0.419708251953125
0.178268432617188 -0.0557708740234375 0.01751708984375 0.38714599609375
0.086822509765625 -0.20269775390625 0.08203125 0.399169921875
-0.008514404296875 -0.20074462890625 0.13006591796875 0.38427734375
-0.00338745117187499 -0.181930541992188 0.078948974609375 0.33697509765625
0.00860595703124998 -0.223342895507813 0.02447509765625 0.289764404296875
0.101470947265625 -0.20269775390625 -0.0215301513671875 0.191680908203125
0.202239990234375 -0.071624755859375 -0.00752258300781249 0.0783920288085937
0.14111328125 0.0802764892578125 0.146652221679688 -0.023590087890625
-0.0630111694335937 0.0971450805664063 0.47479248046875 0.055389404296875
-0.0714797973632813 -0.115859985351563 0.6461181640625 0.2718505859375
0.0926666259765625 -0.27435302734375 0.410797119140625 0.22808837890625
0.13134765625 0.328338623046875 -0.37408447265625 -0.18304443359375
0.28668212890625 0.193939208984375 -0.63104248046875 -0.326171875
0.25054931640625 -0.036956787109375 -0.46826171875 0.0256042480468751
0.0655136108398437 -0.121604919433594 -0.1510009765625 0.086090087890625
-0.0410690307617188 -0.0517082214355469 0.054290771484375 -0.0795669555664063
-0.0372657775878906 0.0531654357910156 0.0348052978515625 -0.274246215820313
0.0132827758789063 0.0423164367675781 -0.053955078125 -0.368988037109375
0.0176143646240234 0.0122890472412109 -0.116119384765625 -0.3751220703125
0.00518035888671875 0.0328006744384766 -0.139495849609375 -0.417327880859375
-0.0439491271972656 0.0181655883789063 -0.07708740234375 -0.44329833984375
-0.0832061767578125 -0.064178466796875 -0.022613525390625 -0.40216064453125
-0.01251220703125 -0.16741943359375 0.05743408203125 -0.36724853515625
0.199111938476563 -0.162322998046875 0.17523193359375 -0.266815185546875
0.32122802734375 0.043792724609375 0.058319091796875 -0.0609169006347656
0.200347900390625 0.21087646484375 -0.39581298828125 -0.2484130859375
0.32794189453125 0.32598876953125 -0.311309814453125 -0.114593505859375
0.423126220703125 0.210357666015625 -0.610107421875 -0.34515380859375
0.422637939453125 0.00262451171875 -0.534271240234375 0.05755615234375
0.25164794921875 -0.163375854492188 -0.175323486328125 0.156051635742187
0.0924835205078125 -0.162933349609375 0.0752182006835938 -0.034271240234375
0.0166473388671875 -0.120834350585938 0.0422210693359375 -0.267013549804688
0.00363922119140625 -0.124786376953125 -0.06695556640625 -0.362396240234375
0.01629638671875 -0.141082763671875 -0.13226318359375 -0.35736083984375
0.00450134277343751 -0.144821166992188 -0.142852783203125 -0.3990478515625
0.00604248046875001 -0.152938842773437 -0.070037841796875 -0.436737060546875
0.037689208984375 -0.184280395507813 -0.000488281249999963 -0.38226318359375
0.123031616210938 -0.227310180664063 0.08013916015625 -0.337371826171875
0.32763671875 -0.148345947265625 0.185791015625 -0.235427856445313
0.4722900390625 0.0333251953125 0.0875091552734375 -0.0749359130859375
0.393280029296875 0.196502685546875 -0.338134765625 -0.202880859375
0.493621826171875 0.25225830078125 -0.2066650390625 -0.0316619873046875
0.515411376953125 0.147125244140625 -0.558319091796875 -0.332427978515625
0.52728271484375 -0.00225830078125 -0.58673095703125 0.107177734375
0.39056396484375 -0.2021484375 -0.2103271484375 0.254730224609375
0.2105712890625 -0.261825561523438 0.080780029296875 0.0535812377929687
0.070343017578125 -0.28704833984375 0.0528106689453125 -0.201248168945313
-0.00694274902343753 -0.278533935546875 -0.05859375 -0.29681396484375
0.014495849609375 -0.275115966796875 -0.129608154296875 -0.2860107421875
0.00723266601562501 -0.296356201171875 -0.130096435546875 -0.329864501953125
0.05548095703125 -0.302154541015625 -0.059112548828125 -0.3846435546875
0.1591796875 -0.287750244140625 0.01873779296875 -0.33709716796875
0.26123046875 -0.267105102539063 0.112884521484375 -0.30328369140625
0.434783935546875 -0.10406494140625 0.23236083984375 -0.201385498046875
0.5648193359375 0.0452880859375 0.171157836914063 -0.06463623046875
0.516815185546875 0.1695556640625 -0.220260620117187 -0.136672973632812
0.5921630859375 0.12274169921875 -0.0653533935546875 0.0453300476074219
0.54034423828125 0.02703857421875 -0.478118896484375 -0.2884521484375
0.53717041015625 -0.046356201171875 -0.594482421875 0.1783447265625
0.447509765625 -0.2255859375 -0.22186279296875 0.357879638671875
0.289581298828125 -0.322113037109375 0.0791473388671875 0.164474487304688
0.11224365234375 -0.41192626953125 0.062103271484375 -0.0857696533203125
-0.0157470703125 -0.39508056640625 -0.0365142822265625 -0.177230834960938
0.0111083984375 -0.369598388671875 -0.1087646484375 -0.170379638671875
0.00787353515625003 -0.405059814453125 -0.1072998046875 -0.214874267578125
0.09783935546875 -0.40570068359375 -0.04925537109375 -0.2874755859375
0.260284423828125 -0.351654052734375 0.0365753173828125 -0.260482788085938
0.371612548828125 -0.27349853515625 0.146591186523438 -0.25146484375
0.49639892578125 -0.03631591796875 0.300811767578125 -0.15814208984375
0.5828857421875 0.070068359375 0.293060302734375 -0.032012939453125
0.56243896484375 0.12249755859375 -0.0648422241210937 -0.0494003295898438
0.58746337890625 -0.0262451171875 0.093231201171875 0.104484558105469
0.4635009765625 -0.090240478515625 -0.376556396484375 -0.22137451171875
0.448516845703125 -0.067474365234375 -0.540283203125 0.247222900390625
0.426849365234375 -0.2010498046875 -0.195587158203125 0.440399169921875
0.316375732421875 -0.32550048828125 0.078399658203125 0.26739501953125
0.13336181640625 -0.467498779296875 0.0739517211914063 0.0583038330078125
-0.022491455078125 -0.449493408203125 0.000278472900390626 -0.0224075317382813
0.00445556640624997 -0.40838623046875 -0.0722732543945313 -0.0270767211914063
0.0118408203125 -0.44854736328125 -0.0752792358398438 -0.0734176635742188
0.125396728515625 -0.44610595703125 -0.037017822265625 -0.160629272460938
0.322113037109375 -0.35791015625 0.0465850830078125 -0.159927368164063
0.423828125 -0.22821044921875 0.171920776367188 -0.180328369140625
0.475250244140625 0.0435791015625 0.370697021484375 -0.1024169921875
0.51177978515625 0.085174560546875 0.424591064453125 0.02691650390625
0.52203369140625 0.052825927734375 0.0996475219726563 0.0454559326171875
0.464385986328125 -0.15557861328125 0.239486694335938 0.14208984375
0.289764404296875 -0.14508056640625 -0.264129638671875 -0.132568359375
0.2896728515625 -0.0272216796875 -0.436004638671875 0.2974853515625
0.352264404296875 -0.114959716796875 -0.14154052734375 0.4764404296875
0.301361083984375 -0.266510009765625 0.073638916015625 0.34002685546875
0.135223388671875 -0.443511962890625 0.08428955078125 0.199554443359375
-0.027008056640625 -0.432159423828125 0.045196533203125 0.14068603515625
-0.003814697265625 -0.387451171875 -0.0227203369140625 0.120841979980469
0.009033203125 -0.43121337890625 -0.0399169921875 0.072296142578125
0.133758544921875 -0.418670654296875 -0.0259780883789062 -0.0243721008300781
0.331024169921875 -0.298431396484375 0.04327392578125 -0.0560646057128906
0.398040771484375 -0.134521484375 0.178329467773438 -0.103179931640625
0.35638427734375 0.111663818359375 0.418182373046875 -0.036376953125
0.353668212890625 0.06768798828125 0.53558349609375 0.103729248046875
0.414947509765625 -0.04248046875 0.245452880859375 0.134719848632813
0.248077392578125 -0.243682861328125 0.346343994140625 0.16009521484375
0.06439208984375 -0.125694274902344 -0.158843994140625 -0.0465850830078125
0.1151123046875 0.0612106323242188 -0.318450927734375 0.3082275390625
0.255859375 -0.0004119873046875 -0.091552734375 0.46044921875
0.255218505859375 -0.169677734375 0.052581787109375 0.373382568359375
0.11798095703125 -0.3509521484375 0.08648681640625 0.316375732421875
-0.023834228515625 -0.34210205078125 0.0906982421875 0.2833251953125
-0.00814819335937503 -0.30914306640625 0.03167724609375 0.248580932617188
0.00582885742187497 -0.35302734375 -0.00379943847656251 0.197952270507813
0.122161865234375 -0.334564208984375 -0.0196685791015625 0.0982589721679687
0.286895751953125 -0.199554443359375 0.0255584716796875 0.0310344696044922
0.297576904296875 -0.021148681640625 0.165908813476563 -0.0418548583984375
0.161956787109375 0.137832641601563 0.446533203125 0.021881103515625
0.142471313476563 -0.000946044921875 0.60943603515625 0.1922607421875
0.25994873046875 -0.161392211914062 0.351776123046875 0.2041015625
-0.0108642578125 -0.284393310546875 0.394500732421875 0.16131591796875
-0.153060913085938 -0.063995361328125 -0.08282470703125 0.0227279663085937
-0.0449371337890625 0.144088745117188 -0.227630615234375 0.288421630859375
0.14447021484375 0.10125732421875 -0.0714111328125 0.419586181640625
0.177703857421875 -0.0617523193359375 0.019775390625 0.3829345703125
0.08203125 -0.206893920898438 0.085296630859375 0.396820068359375
-0.01556396484375 -0.199737548828125 0.13165283203125 0.380615234375
-0.0092926025390625 -0.184219360351563 0.083404541015625 0.33673095703125
0.000900268554687486 -0.22528076171875 0.029144287109375 0.28961181640625
0.0948333740234375 -0.20672607421875 -0.0191192626953125 0.19085693359375
0.202011108398437 -0.078399658203125 -0.00422668457031249 0.0804824829101563
0.144195556640625 0.07757568359375 0.147430419921875 -0.0213623046875
-0.0605316162109375 0.102279663085937 0.471649169921875 0.0501708984375
-0.074188232421875 -0.114151000976562 0.64892578125 0.26513671875
0.085205078125 -0.277801513671875 0.4117431640625 0.230133056640625
0.1453857421875 0.3333740234375 -0.385711669921875 -0.187591552734375
0.3017578125 0.187103271484375 -0.6534423828125 -0.32098388671875
0.251983642578125 -0.0475921630859375 -0.477996826171875 0.0361938476562501
0.0595169067382813 -0.124946594238281 -0.149627685546875 0.089569091796875
-0.046051025390625 -0.0483856201171875 0.0499725341796875 -0.083343505859375
-0.0330963134765625 0.059234619140625 0.022430419921875 -0.27911376953125
0.0195465087890625 0.0447273254394531 -0.06878662109375 -0.3753662109375
0.01959228515625 0.0143318176269531 -0.128143310546875 -0.379974365234375
0.00895500183105469 0.0341873168945313 -0.153472900390625 -0.42047119140625
-0.042816162109375 0.022979736328125 -0.089996337890625 -0.445343017578125
-0.0887222290039063 -0.0590591430664062 -0.03436279296875 -0.40643310546875
-0.020599365234375 -0.170486450195312 0.046539306640625 -0.373382568359375
0.1962890625 -0.173614501953125 0.17010498046875 -0.274139404296875
0.330352783203125 0.031951904296875 0.0598945617675781 -0.0663414001464844
0.214263916015625 0.210464477539062 -0.414215087890625 -0.244171142578125
0.34552001953125 0.32501220703125 -0.319671630859375 -0.118133544921875
0.440216064453125 0.20098876953125 -0.63214111328125 -0.3411865234375
0.430572509765625 -0.0118408203125 -0.542449951171875 0.0706481933593751
0.248764038085938 -0.174575805664063 -0.172622680664062 0.162124633789063
0.0866546630859375 -0.166183471679688 0.0735321044921875 -0.039642333984375
0.0142898559570313 -0.120613098144531 0.030029296875 -0.273239135742188
0.00289154052734376 -0.124488830566406 -0.083221435546875 -0.36932373046875
0.013275146484375 -0.141952514648438 -0.146881103515625 -0.360443115234375
0.00036621093749999 -0.146820068359375 -0.157867431640625 -0.401947021484375
0.0016632080078125 -0.153121948242188 -0.084075927734375 -0.4390869140625
0.0307464599609375 -0.186599731445312 -0.01031494140625 -0.38629150390625
0.116180419921875 -0.23626708984375 0.074432373046875 -0.343780517578125
0.32940673828125 -0.1636962890625 0.182037353515625 -0.2435302734375
0.486053466796875 0.016387939453125 0.0880661010742188 -0.0806808471679688
0.409698486328125 0.191619873046875 -0.3531494140625 -0.19781494140625
0.51214599609375 0.24566650390625 -0.208694458007812 -0.034271240234375
0.530609130859375 0.136383056640625 -0.57989501953125 -0.3304443359375
0.5379638671875 -0.02130126953125 -0.595458984375 0.12384033203125
0.390380859375 -0.21978759765625 -0.20526123046875 0.263778686523438
0.204971313476563 -0.271377563476563 0.0827865600585938 0.0481796264648437
0.062713623046875 -0.29193115234375 0.0425872802734375 -0.208358764648438
-0.0133056640625 -0.282745361328125 -0.07440185546875 -0.302337646484375
0.00628662109375003 -0.27911376953125 -0.14306640625 -0.28692626953125
-0.00375366210937501 -0.302154541015625 -0.14312744140625 -0.33038330078125
0.045867919921875 -0.307281494140625 -0.07470703125 -0.38623046875
0.151519775390625 -0.298095703125 0.010223388671875 -0.340850830078125
0.258438110351563 -0.281082153320313 0.1087646484375 -0.310272216796875
0.442840576171875 -0.119781494140625 0.23187255859375 -0.211410522460937
0.5806884765625 0.0262451171875 0.174285888671875 -0.0725250244140625
0.53558349609375 0.16033935546875 -0.231246948242187 -0.130935668945313
0.60821533203125 0.11114501953125 -0.062225341796875 0.0423049926757813
0.552093505859375 0.01226806640625 -0.495880126953125 -0.286865234375
0.549072265625 -0.06707763671875 -0.60150146484375 0.19586181640625
0.45062255859375 -0.246856689453125 -0.213653564453125 0.3717041015625
0.284515380859375 -0.3367919921875 0.0846099853515625 0.160797119140625
0.1009521484375 -0.422271728515625 0.05694580078125 -0.0912094116210938
-0.027618408203125 -0.401580810546875 -0.0475311279296875 -0.181869506835938
-0.00122070312499998 -0.37677001953125 -0.119094848632813 -0.169647216796875
-0.00619506835937497 -0.411041259765625 -0.116836547851562 -0.214630126953125
0.083465576171875 -0.41595458984375 -0.062042236328125 -0.288665771484375
0.252838134765625 -0.368194580078125 0.029632568359375 -0.264129638671875
0.371490478515625 -0.2921142578125 0.145904541015625 -0.259048461914063
0.51019287109375 -0.052947998046875 0.30450439453125 -0.170989990234375
0.601318359375 0.0494384765625 0.299835205078125 -0.04156494140625
0.57806396484375 0.111572265625 -0.068634033203125 -0.045013427734375
0.597412109375 -0.04150390625 0.102790832519531 0.100479125976562
0.47039794921875 -0.103729248046875 -0.389495849609375 -0.2174072265625
0.45703125 -0.085205078125 -0.543243408203125 0.266204833984375
0.430877685546875 -0.2210693359375 -0.185089111328125 0.4541015625
0.312713623046875 -0.341156005859375 0.086090087890625 0.265899658203125
0.119873046875 -0.482452392578125 0.0741653442382813 0.0545730590820312
-0.0377197265625 -0.45660400390625 -0.00631332397460938 -0.024322509765625
-0.01031494140625 -0.41839599609375 -0.0770492553710937 -0.0243988037109375
-0.00646972656250005 -0.4581298828125 -0.0807876586914062 -0.0707550048828125
0.109375 -0.45654296875 -0.0459136962890625 -0.159500122070313
0.315277099609375 -0.375030517578125 0.04443359375 -0.16339111328125
0.425689697265625 -0.248199462890625 0.173934936523438 -0.186843872070313
0.4912109375 0.029876708984375 0.37542724609375 -0.114013671875
0.5263671875 0.0694580078125 0.434906005859375 0.013824462890625
0.533416748046875 0.042877197265625 0.102760314941406 0.0484695434570313
0.46966552734375 -0.17041015625 0.254608154296875 0.136260986328125
0.291168212890625 -0.154693603515625 -0.27154541015625 -0.128631591796875
0.298187255859375 -0.03863525390625 -0.435638427734375 0.313690185546875
0.358306884765625 -0.1318359375 -0.12908935546875 0.48858642578125
0.300506591796875 -0.283355712890625 0.083038330078125 0.339569091796875
0.12176513671875 -0.459991455078125 0.08892822265625 0.199264526367187
-0.043426513671875 -0.4376220703125 0.0461807250976563 0.140525817871094
-0.018341064453125 -0.396240234375 -0.0221939086914062 0.12432861328125
-0.00781249999999998 -0.43975830078125 -0.0395278930664063 0.075927734375
0.119598388671875 -0.430450439453125 -0.0306663513183594 -0.0215091705322266
0.32574462890625 -0.31829833984375 0.0442695617675781 -0.0558738708496094
0.404022216796875 -0.1517333984375 0.18304443359375 -0.106719970703125
0.37176513671875 0.1053466796875 0.426361083984375 -0.0484619140625
0.36407470703125 0.056793212890625 0.5511474609375 0.09112548828125
0.41937255859375 -0.053924560546875 0.254562377929687 0.137222290039063
0.24603271484375 -0.254852294921875 0.36474609375 0.153289794921875
0.0626373291015625 -0.127174377441406 -0.161422729492188 -0.0431365966796875
0.121429443359375 0.0573501586914063 -0.313995361328125 0.3216552734375
0.264785766601562 -0.0107421875 -0.07879638671875 0.469879150390625
0.25604248046875 -0.183853149414063 0.0616455078125 0.375213623046875
0.10687255859375 -0.3638916015625 0.09564208984375 0.318511962890625
-0.03887939453125 -0.34716796875 0.097198486328125 0.28466796875
-0.02142333984375 -0.316650390625 0.0380706787109375 0.252777099609375
-0.00976562499999999 -0.359954833984375 0.00172424316406251 0.203323364257812
0.11053466796875 -0.34503173828125 -0.019866943359375 0.10101318359375
0.286285400390625 -0.216156005859375 0.0284442901611328 0.033355712890625
0.305267333984375 -0.032379150390625 0.171157836914063 -0.043701171875
0.173171997070312 0.137374877929688 0.45513916015625 0.010406494140625
0.14532470703125 -0.0064697265625 0.62646484375 0.17919921875
0.256866455078125 -0.172256469726562 0.3638916015625 0.20587158203125
-0.0211181640625 -0.2886962890625 0.41571044921875 0.1541748046875
-0.1572265625 -0.0576171875 -0.0807037353515625 0.0260086059570312
-0.0387115478515625 0.148910522460938 -0.221038818359375 0.299224853515625
0.153305053710938 0.0963897705078125 -0.059967041015625 0.425872802734375
0.179718017578125 -0.070770263671875 0.028167724609375 0.38751220703125
0.0750885009765625 -0.216506958007813 0.098052978515625 0.40045166015625
-0.0260467529296875 -0.203521728515625 0.143341064453125 0.3828125
-0.0195159912109375 -0.189773559570312 0.09503173828125 0.340362548828125
-0.00984191894531252 -0.231796264648438 0.0391845703125 0.2945556640625
0.087005615234375 -0.216567993164063 -0.01434326171875 0.194839477539062
0.204132080078125 -0.0906219482421875 0.000587463378906262 0.0854721069335938
0.15216064453125 0.072723388671875 0.151809692382813 -0.02032470703125
-0.0567092895507813 0.108673095703125 0.481597900390625 0.039154052734375
-0.0808181762695312 -0.114753723144531 0.66827392578125 0.25372314453125
0.07373046875 -0.2879638671875 0.42578125 0.23138427734375
0.16943359375 0.333770751953125 -0.406494140625 -0.180572509765625
0.320159912109375 0.1705322265625 -0.6849365234375 -0.30047607421875
0.251800537109375 -0.0636138916015625 -0.485809326171875 0.0578613281250001
0.0508193969726563 -0.128936767578125 -0.146835327148437 0.0973052978515625
-0.051727294921875 -0.0427017211914063 0.0434112548828125 -0.088623046875
-0.0278282165527344 0.0654411315917969 0.00305175781250002 -0.284393310546875
0.0272865295410156 0.0447616577148438 -0.094635009765625 -0.38031005859375
0.0228519439697266 0.0159568786621094 -0.15234375 -0.3802490234375
0.0118370056152344 0.0359153747558594 -0.17620849609375 -0.41949462890625
-0.0400390625 0.0282363891601562 -0.112396240234375 -0.444366455078125
-0.0945358276367188 -0.0515975952148438 -0.054229736328125 -0.40753173828125
-0.0332489013671875 -0.172927856445313 0.02813720703125 -0.3802490234375
0.188888549804687 -0.190338134765625 0.1578369140625 -0.28619384765625
0.339752197265625 0.0118408203125 0.0577774047851563 -0.0718917846679688
0.233245849609375 0.20269775390625 -0.43902587890625 -0.227142333984375
0.37109375 0.31512451171875 -0.333770751953125 -0.11285400390625
0.4599609375 0.179534912109375 -0.6641845703125 -0.3197021484375
0.43646240234375 -0.038177490234375 -0.54998779296875 0.0974121093750001
0.240478515625 -0.192169189453125 -0.164321899414062 0.172515869140625
0.0769805908203125 -0.170883178710938 0.0704498291015625 -0.0469131469726563
0.00928497314453126 -0.119972229003906 0.011383056640625 -0.279083251953125
4.57763671874963E-05 -0.126274108886719 -0.108917236328125 -0.37225341796875
0.007110595703125 -0.143783569335938 -0.170562744140625 -0.3590087890625
-0.007110595703125 -0.14715576171875 -0.180633544921875 -0.399871826171875
-0.00614929199218749 -0.153564453125 -0.10858154296875 -0.439605712890625
0.019287109375 -0.189712524414062 -0.030059814453125 -0.39044189453125
0.103912353515625 -0.247970581054688 0.057861328125 -0.35260009765625
0.32720947265625 -0.188140869140625 0.17169189453125 -0.256805419921875
0.499237060546875 -0.01519775390625 0.0863418579101563 -0.088134765625
0.432403564453125 0.17449951171875 -0.374114990234375 -0.18292236328125
0.53448486328125 0.22418212890625 -0.214675903320312 -0.032257080078125
0.548004150390625 0.109405517578125 -0.60968017578125 -0.31011962890625
0.544921875 -0.053863525390625 -0.6014404296875 0.1573486328125
0.384368896484375 -0.24713134765625 -0.191680908203125 0.278793334960937
0.193695068359375 -0.285247802734375 0.0852890014648438 0.0415496826171875
0.047454833984375 -0.298309326171875 0.02825927734375 -0.2152099609375
-0.027099609375 -0.28521728515625 -0.098541259765625 -0.30438232421875
-0.00903320312499999 -0.284149169921875 -0.163970947265625 -0.285125732421875
-0.02154541015625 -0.3062744140625 -0.16387939453125 -0.3271484375
0.028411865234375 -0.31304931640625 -0.099029541015625 -0.385986328125
0.1358642578125 -0.31103515625 -0.00637817382812499 -0.344818115234375
0.246368408203125 -0.30291748046875 0.0960693359375 -0.320892333984375
0.44708251953125 -0.150634765625 0.224761962890625 -0.227859497070313
0.59564208984375 -0.00946044921875 0.174911499023438 -0.08502197265625
0.557861328125 0.13580322265625 -0.242660522460937 -0.118850708007812
0.62652587890625 0.0810546875 -0.0582237243652343 0.0391426086425781
0.5628662109375 -0.015869140625 -0.52130126953125 -0.270355224609375
0.554840087890625 -0.101470947265625 -0.60113525390625 0.23040771484375
0.445526123046875 -0.279266357421875 -0.19671630859375 0.3890380859375
0.269989013671875 -0.359619140625 0.094390869140625 0.154525756835937
0.07745361328125 -0.435943603515625 0.04913330078125 -0.0985794067382813
-0.050689697265625 -0.4052734375 -0.066009521484375 -0.183624267578125
-0.022735595703125 -0.382293701171875 -0.134689331054688 -0.16607666015625
-0.030426025390625 -0.41729736328125 -0.131317138671875 -0.209625244140625
0.0594482421875 -0.42474365234375 -0.08154296875 -0.286865234375
0.234375 -0.38983154296875 0.0169525146484375 -0.268386840820313
0.363189697265625 -0.3211669921875 0.137435913085938 -0.27032470703125
0.5208740234375 -0.08306884765625 0.29974365234375 -0.190826416015625
0.61724853515625 0.013427734375 0.303924560546875 -0.060394287109375
0.59881591796875 0.0863037109375 -0.0724105834960937 -0.03863525390625
0.60809326171875 -0.072998046875 0.113784790039063 0.0917205810546875
0.473663330078125 -0.12994384765625 -0.40936279296875 -0.20361328125
0.46307373046875 -0.114898681640625 -0.538909912109375 0.2994384765625
0.427459716796875 -0.251800537109375 -0.1619873046875 0.471649169921875
0.30145263671875 -0.366241455078125 0.101608276367188 0.261795043945313
0.093414306640625 -0.498931884765625 0.075164794921875 0.0488815307617187
-0.0639953613281251 -0.461578369140625 -0.0135498046875 -0.0256519317626953
-0.035919189453125 -0.424896240234375 -0.0849838256835937 -0.0197982788085938
-0.03424072265625 -0.465301513671875 -0.0871124267578125 -0.0652084350585938
0.082275390625 -0.46832275390625 -0.0581817626953125 -0.156204223632813
0.297637939453125 -0.402435302734375 0.0369110107421875 -0.165603637695313
0.4227294921875 -0.27862548828125 0.171524047851563 -0.198776245117188
0.50665283203125 0.002288818359375 0.376373291015625 -0.136810302734375
0.542266845703125 0.038970947265625 0.445526123046875 -0.010345458984375
0.54681396484375 0.016326904296875 0.107719421386719 0.049163818359375
0.469329833984375 -0.197662353515625 0.2724609375 0.122894287109375
0.28857421875 -0.17132568359375 -0.282318115234375 -0.11956787109375
0.3028564453125 -0.057861328125 -0.42474365234375 0.341766357421875
0.360565185546875 -0.15692138671875 -0.102294921875 0.50238037109375
0.292236328125 -0.307464599609375 0.101287841796875 0.338165283203125
0.096282958984375 -0.477783203125 0.099029541015625 0.195602416992187
-0.070465087890625 -0.442962646484375 0.0492630004882813 0.13946533203125
-0.04486083984375 -0.403045654296875 -0.018707275390625 0.12847900390625
-0.036865234375 -0.446990966796875 -0.036529541015625 0.0813369750976562
0.0928039550781249 -0.443939208984375 -0.0347442626953125 -0.018341064453125
0.31182861328125 -0.345703125 0.0439796447753907 -0.0564537048339844
0.403533935546875 -0.178863525390625 0.185394287109375 -0.117279052734375
0.388641357421875 0.08563232421875 0.432373046875 -0.072296142578125
0.374969482421875 0.03594970703125 0.5660400390625 0.06390380859375
0.423248291015625 -0.075469970703125 0.267807006835938 0.1328125
0.236038208007813 -0.271484375 0.387542724609375 0.13641357421875
0.0572662353515625 -0.130424499511719 -0.164657592773438 -0.0369720458984375
0.129043579101563 0.05078125 -0.300628662109375 0.34478759765625
0.272140502929688 -0.028533935546875 -0.053924560546875 0.480712890625
0.251953125 -0.204544067382812 0.082275390625 0.37591552734375
0.08624267578125 -0.381256103515625 0.113555908203125 0.316925048828125
-0.061309814453125 -0.350341796875 0.1107177734375 0.28314208984375
-0.04400634765625 -0.32196044921875 0.05133056640625 0.255630493164063
-0.034210205078125 -0.366729736328125 0.013641357421875 0.207443237304687
0.089141845703125 -0.357818603515625 -0.0162811279296875 0.105369567871094
0.277420043945313 -0.239456176757813 0.0328845977783203 0.0341320037841797
0.31097412109375 -0.051849365234375 0.176589965820313 -0.0511322021484375
0.187698364257813 0.131423950195313 0.464019775390625 -0.01373291015625
0.147308349609375 -0.01568603515625 0.6474609375 0.1507568359375
0.248565673828125 -0.187576293945313 0.383880615234375 0.197540283203125
-0.038665771484375 -0.292266845703125 0.439117431640625 0.1348876953125
-0.162033081054687 -0.04638671875 -0.078033447265625 0.0298690795898437
-0.0290679931640625 0.154190063476563 -0.208404541015625 0.315399169921875
0.16424560546875 0.0874786376953125 -0.037353515625 0.4344482421875
0.179733276367188 -0.0847015380859375 0.04852294921875 0.389892578125
0.0627593994140625 -0.227890014648438 0.1202392578125 0.399932861328125
-0.0408172607421875 -0.205154418945313 0.1640625 0.380401611328125
-0.0348968505859375 -0.193069458007813 0.114166259765625 0.341278076171875
-0.0266876220703125 -0.236862182617188 0.057281494140625 0.297454833984375
0.0729217529296875 -0.227981567382813 -0.00427246093749998 0.19940185546875
0.202621459960938 -0.108901977539063 0.00796508789062501 0.0886917114257813
0.161788940429688 0.0652313232421875 0.156097412109375 -0.0258026123046875
-0.04791259765625 0.116569519042969 0.490997314453125 0.014007568359375
-0.09088134765625 -0.112709045410156 0.69354248046875 0.225341796875
0.05584716796875 -0.29754638671875 0.44805908203125 0.2208251953125
0.192413330078125 0.321807861328125 -0.421966552734375 -0.161407470703125
0.33282470703125 0.14630126953125 -0.7044677734375 -0.2603759765625
0.243896484375 -0.0804595947265625 -0.4822998046875 0.0886535644531251
0.0395278930664062 -0.130714416503906 -0.137641906738281 0.102775573730469
-0.0554275512695313 -0.0362892150878906 0.0367660522460937 -0.0925369262695312
-0.0192718505859375 0.070953369140625 -0.02008056640625 -0.281494140625
0.0337982177734375 0.0416412353515625 -0.123779296875 -0.373931884765625
0.0256710052490234 0.0169620513916016 -0.178924560546875 -0.36956787109375
0.0173492431640625 0.0370330810546875 -0.202606201171875 -0.407623291015625
-0.0359764099121094 0.0341644287109375 -0.138824462890625 -0.434051513671875
-0.0996322631835938 -0.0412216186523438 -0.08001708984375 -0.400909423828125
-0.048492431640625 -0.170013427734375 0.000793457031250021 -0.378387451171875
0.17279052734375 -0.204452514648437 0.136810302734375 -0.2947998046875
0.34185791015625 -0.015869140625 0.0533828735351563 -0.0786514282226562
0.249649047851562 0.18719482421875 -0.45758056640625 -0.198699951171875
0.3914794921875 0.29168701171875 -0.343475341796875 -0.098907470703125
0.472412109375 0.147552490234375 -0.68756103515625 -0.28253173828125
0.43023681640625 -0.0689697265625 -0.543212890625 0.13177490234375
0.225112915039063 -0.207839965820313 -0.1495361328125 0.180252075195313
0.062896728515625 -0.172882080078125 0.0659828186035156 -0.053955078125
0.00188446044921876 -0.117080688476563 -0.011566162109375 -0.278213500976563
-0.00582885742187499 -0.125823974609375 -0.1405029296875 -0.36248779296875
-0.001556396484375 -0.142807006835938 -0.19769287109375 -0.346710205078125
-0.0161590576171875 -0.144699096679688 -0.206573486328125 -0.388275146484375
-0.016510009765625 -0.149917602539063 -0.136627197265625 -0.428253173828125
0.00524902343750002 -0.18756103515625 -0.054718017578125 -0.384613037109375
0.0857391357421875 -0.255233764648438 0.0340576171875 -0.354217529296875
0.3126220703125 -0.213348388671875 0.15338134765625 -0.2669677734375
0.497161865234375 -0.051116943359375 0.081207275390625 -0.0964508056640625
0.446075439453125 0.1456298828125 -0.387847900390625 -0.157196044921875
0.549224853515625 0.189697265625 -0.216323852539062 -0.026336669921875
0.556304931640625 0.07208251953125 -0.6317138671875 -0.27642822265625
0.5391845703125 -0.089996337890625 -0.591064453125 0.19488525390625
0.36431884765625 -0.27557373046875 -0.168212890625 0.287872314453125
0.17132568359375 -0.296844482421875 0.0873947143554688 0.0321578979492187
0.027374267578125 -0.299713134765625 0.00836181640625001 -0.21771240234375
-0.043853759765625 -0.2821044921875 -0.1256103515625 -0.297027587890625
-0.0281982421875 -0.280532836914063 -0.188949584960938 -0.272369384765625
-0.04180908203125 -0.302490234375 -0.18780517578125 -0.316436767578125
0.006317138671875 -0.311126708984375 -0.1246337890625 -0.3758544921875
0.112548828125 -0.3189697265625 -0.02734375 -0.34039306640625
0.223114013671875 -0.32037353515625 0.07659912109375 -0.32598876953125
0.437164306640625 -0.18243408203125 0.208694458007813 -0.241043090820312
0.59771728515625 -0.05255126953125 0.169158935546875 -0.0972747802734375
0.5679931640625 0.10076904296875 -0.252532958984375 -0.101638793945312
0.63079833984375 0.04132080078125 -0.0553131103515625 0.0384864807128906
0.561920166015625 -0.05279541015625 -0.542266845703125 -0.241363525390625
0.544586181640625 -0.138885498046875 -0.58544921875 0.26837158203125
0.4246826171875 -0.31085205078125 -0.165130615234375 0.3990478515625
0.245391845703125 -0.37591552734375 0.103973388671875 0.143692016601562
0.044586181640625 -0.439849853515625 0.03948974609375 -0.102790832519531
-0.07537841796875 -0.400634765625 -0.0849456787109375 -0.178787231445313
-0.05023193359375 -0.378875732421875 -0.151901245117187 -0.15496826171875
-0.059417724609375 -0.4139404296875 -0.146957397460937 -0.200469970703125
0.027587890625 -0.425628662109375 -0.102310180664063 -0.277267456054688
0.204803466796875 -0.404998779296875 0.00172424316406253 -0.266036987304688
0.339385986328125 -0.347686767578125 0.122909545898438 -0.279312133789063
0.51788330078125 -0.12176513671875 0.28656005859375 -0.210296630859375
0.61865234375 -0.03070068359375 0.301239013671875 -0.082733154296875
0.60595703125 0.04876708984375 -0.0753326416015625 -0.0304412841796875
0.60198974609375 -0.11187744140625 0.121604919433594 0.0782699584960938
0.463470458984375 -0.1585693359375 -0.424072265625 -0.18145751953125
0.4527587890625 -0.14715576171875 -0.516815185546875 0.333526611328125
0.409423828125 -0.2845458984375 -0.12542724609375 0.481231689453125
0.27667236328125 -0.38861083984375 0.118392944335938 0.250350952148438
0.05596923828125 -0.506378173828125 0.0754241943359375 0.0415420532226562
-0.097412109375 -0.45751953125 -0.0223617553710938 -0.0255184173583985
-0.067108154296875 -0.42120361328125 -0.089080810546875 -0.0117645263671875
-0.0687255859375 -0.4600830078125 -0.0913772583007813 -0.058197021484375
0.047027587890625 -0.470550537109375 -0.071136474609375 -0.150177001953125
0.265655517578125 -0.422607421875 0.02813720703125 -0.164962768554688
0.402435302734375 -0.309600830078125 0.162261962890625 -0.209075927734375
0.510162353515625 -0.033660888671875 0.367279052734375 -0.16387939453125
0.545318603515625 0.0001220703125 0.446075439453125 -0.03936767578125
0.54632568359375 -0.014373779296875 0.111000061035156 0.0470428466796875
0.4541015625 -0.227996826171875 0.284515380859375 0.100067138671875
0.276535034179688 -0.188217163085938 -0.2906494140625 -0.103515625
0.299102783203125 -0.0789794921875 -0.39923095703125 0.368804931640625
0.3502197265625 -0.18609619140625 -0.0654602050781249 0.50750732421875
0.2720947265625 -0.32940673828125 0.124237060546875 0.325531005859375
0.060455322265625 -0.4864501953125 0.110321044921875 0.185897827148437
-0.1024169921875 -0.436737060546875 0.0525665283203125 0.135780334472656
-0.07476806640625 -0.39874267578125 -0.0147857666015625 0.131439208984375
-0.07012939453125 -0.443695068359375 -0.0312957763671875 0.084869384765625
0.057586669921875 -0.44622802734375 -0.0370712280273437 -0.0134696960449219
0.284332275390625 -0.36907958984375 0.0418472290039063 -0.0567588806152344
0.39208984375 -0.2095947265625 0.18096923828125 -0.129150390625
0.397796630859375 0.0576171875 0.425140380859375 -0.10198974609375
0.376129150390625 0.009033203125 0.57000732421875 0.0244140625
0.41546630859375 -0.10076904296875 0.277816772460938 0.121475219726563
0.217254638671875 -0.2857666015625 0.40155029296875 0.107696533203125
0.0496749877929687 -0.130577087402344 -0.164688110351563 -0.02783203125
0.134368896484375 0.0411911010742188 -0.27569580078125 0.362030029296875
0.271759033203125 -0.0509185791015625 -0.018646240234375 0.481536865234375
0.238632202148438 -0.224639892578125 0.104949951171875 0.36663818359375
0.056549072265625 -0.389892578125 0.1326904296875 0.305816650390625
-0.087982177734375 -0.345367431640625 0.124893188476563 0.274658203125
-0.06951904296875 -0.318084716796875 0.0648956298828125 0.252044677734375
-0.06414794921875 -0.363616943359375 0.0284423828125 0.206268310546875
0.059722900390625 -0.363433837890625 -0.0109100341796875 0.107902526855469
0.258865356445313 -0.26129150390625 0.0376968383789063 0.0329627990722656
0.307830810546875 -0.0750732421875 0.17626953125 -0.0612640380859375
0.200149536132812 0.1197509765625 0.459869384765625 -0.045013427734375
0.143661499023438 -0.02618408203125 0.65570068359375 0.1080322265625
0.232696533203125 -0.201568603515625 0.397674560546875 0.179595947265625
-0.05902099609375 -0.2886962890625 0.454315185546875 0.103485107421875
-0.162857055664063 -0.031890869140625 -0.072296142578125 0.0348739624023438
-0.0163421630859375 0.156570434570312 -0.18463134765625 0.327362060546875
0.172882080078125 0.073211669921875 -0.00543212890624997 0.432464599609375
0.176055908203125 -0.099517822265625 0.0727539062500001 0.38323974609375
0.0446014404296875 -0.23492431640625 0.145599365234375 0.390289306640625
-0.057159423828125 -0.20208740234375 0.186065673828125 0.368621826171875
-0.050872802734375 -0.189926147460938 0.135589599609375 0.332672119140625
-0.0459136962890625 -0.23529052734375 0.079864501953125 0.292877197265625
0.0545654296875 -0.234512329101563 0.00817871093749999 0.200775146484375
0.193878173828125 -0.126724243164063 0.0165481567382813 0.0901718139648437
0.16815185546875 0.052276611328125 0.157867431640625 -0.034088134765625
-0.0368423461914062 0.121429443359375 0.488189697265625 -0.01922607421875
-0.0999221801757812 -0.105438232421875 0.704345703125 0.18017578125
0.03118896484375 -0.29840087890625 0.464447021484375 0.198150634765625
0.205474853515625 0.303863525390625 -0.4228515625 -0.14105224609375
0.332855224609375 0.117767333984375 -0.7056884765625 -0.21820068359375
0.232818603515625 -0.092315673828125 -0.466156005859375 0.11126708984375
0.0274810791015625 -0.130165100097656 -0.126441955566406 0.105552673339844
-0.0575485229492188 -0.0272140502929688 0.0270309448242188 -0.0914230346679687
-0.0112991333007812 0.0718231201171875 -0.0375518798828125 -0.270660400390625
0.0399398803710938 0.0384635925292969 -0.14599609375 -0.355865478515625
0.0293807983398438 0.0160007476806641 -0.19659423828125 -0.349456787109375
0.0222091674804688 0.0376167297363281 -0.22149658203125 -0.38470458984375
-0.0296134948730469 0.0399246215820313 -0.158905029296875 -0.412689208984375
-0.100028991699219 -0.0328216552734375 -0.0985107421875 -0.382843017578125
-0.06048583984375 -0.162521362304687 -0.02142333984375 -0.365234375
0.153289794921875 -0.21234130859375 0.116485595703125 -0.292510986328125
0.332611083984375 -0.03875732421875 0.0479583740234375 -0.0837249755859375
0.258773803710938 0.167037963867188 -0.461883544921875 -0.16717529296875
0.3990478515625 0.261688232421875 -0.34320068359375 -0.08172607421875
0.46923828125 0.11541748046875 -0.68994140625 -0.2406005859375
0.415191650390625 -0.0919189453125 -0.524017333984375 0.15838623046875
0.205551147460938 -0.217453002929688 -0.133499145507812 0.1800537109375
0.050079345703125 -0.169723510742188 0.05938720703125 -0.0577812194824219
-0.002899169921875 -0.11297607421875 -0.0316009521484375 -0.269622802734375
-0.010589599609375 -0.123115539550781 -0.164031982421875 -0.344970703125
-0.007598876953125 -0.136032104492188 -0.2149658203125 -0.324676513671875
-0.0224609375 -0.138679504394531 -0.224609375 -0.36590576171875
-0.0232696533203125 -0.142059326171875 -0.156341552734375 -0.407257080078125
-0.00723266601562499 -0.179290771484375 -0.071807861328125 -0.368743896484375
0.0658721923828125 -0.2547607421875 0.013763427734375 -0.346099853515625
0.291015625 -0.2275390625 0.131744384765625 -0.266510009765625
0.481658935546875 -0.08331298828125 0.0737075805664063 -0.100563049316406
0.447601318359375 0.118927001953125 -0.390869140625 -0.129302978515625
0.5460205078125 0.156524658203125 -0.216888427734375 -0.0205841064453125
0.542694091796875 0.038482666015625 -0.6351318359375 -0.23699951171875
0.5194091796875 -0.121124267578125 -0.56591796875 0.22039794921875
0.33807373046875 -0.293243408203125 -0.1468505859375 0.28875732421875
0.150390625 -0.29541015625 0.0879364013671875 0.0227203369140625
0.00775146484375001 -0.291473388671875 -0.00675964355468748 -0.214431762695313
-0.0562286376953125 -0.273086547851563 -0.1458740234375 -0.28204345703125
-0.0419769287109375 -0.270416259765625 -0.204315185546875 -0.25244140625
-0.05804443359375 -0.290130615234375 -0.20343017578125 -0.294677734375
-0.01104736328125 -0.301666259765625 -0.145172119140625 -0.354949951171875
0.08837890625 -0.315704345703125 -0.045166015625 -0.3282470703125
0.198699951171875 -0.32586669921875 0.055633544921875 -0.320526123046875
0.4166259765625 -0.20513916015625 0.185684204101563 -0.2481689453125
0.57781982421875 -0.08734130859375 0.160995483398438 -0.10858154296875
0.5655517578125 0.06842041015625 -0.256271362304687 -0.08099365234375
0.617431640625 0.0072021484375 -0.0552978515625 0.0329246520996094
0.544342041015625 -0.0823974609375 -0.54376220703125 -0.209075927734375
0.522430419921875 -0.16827392578125 -0.55596923828125 0.292724609375
0.392425537109375 -0.330078125 -0.136810302734375 0.3985595703125
0.218231201171875 -0.38458251953125 0.108589172363281 0.130867004394531
0.017425537109375 -0.432586669921875 0.0271835327148437 -0.104713439941406
-0.09967041015625 -0.3865966796875 -0.099090576171875 -0.169097900390625
-0.068267822265625 -0.364959716796875 -0.160369873046875 -0.140625
-0.084503173828125 -0.397430419921875 -0.15484619140625 -0.185760498046875
0.00152587890625004 -0.410797119140625 -0.117523193359375 -0.259384155273438
0.172943115234375 -0.406646728515625 -0.0131988525390625 -0.255691528320312
0.30999755859375 -0.360870361328125 0.104522705078125 -0.277389526367188
0.49822998046875 -0.15203857421875 0.264602661132813 -0.219497680664062
0.60211181640625 -0.0687255859375 0.28997802734375 -0.099365234375
0.594970703125 0.01617431640625 -0.0752487182617187 -0.0234527587890625
0.57891845703125 -0.14276123046875 0.126228332519531 0.0659637451171875
0.444122314453125 -0.17822265625 -0.424072265625 -0.155853271484375
0.4332275390625 -0.1727294921875 -0.487640380859375 0.350616455078125
0.380157470703125 -0.3056640625 -0.09088134765625 0.47552490234375
0.249359130859375 -0.396575927734375 0.12841796875 0.233734130859375
0.0224609375 -0.501861572265625 0.073822021484375 0.0318527221679687
-0.12261962890625 -0.438873291015625 -0.0308456420898438 -0.021474838256836
-0.091766357421875 -0.4036865234375 -0.093719482421875 -0.00335693359375004
-0.095367431640625 -0.44671630859375 -0.0947723388671875 -0.0517196655273438
0.012420654296875 -0.4588623046875 -0.0792922973632813 -0.138687133789063
0.232177734375 -0.4302978515625 0.0203857421875 -0.1619873046875
0.37579345703125 -0.328643798828125 0.147491455078125 -0.2113037109375
0.496551513671875 -0.06488037109375 0.347320556640625 -0.182708740234375
0.52996826171875 -0.03411865234375 0.4345703125 -0.0645751953125
0.532073974609375 -0.043304443359375 0.110984802246094 0.0449981689453125
0.42962646484375 -0.247283935546875 0.285064697265625 0.078948974609375
0.259750366210938 -0.195236206054688 -0.288909912109375 -0.08941650390625
0.286285400390625 -0.0947265625 -0.369903564453125 0.379974365234375
0.331573486328125 -0.20550537109375 -0.0328369140625 0.4949951171875
0.248199462890625 -0.34161376953125 0.137420654296875 0.30706787109375
0.026763916015625 -0.483123779296875 0.115875244140625 0.171920776367187
-0.128021240234375 -0.420928955078125 0.054443359375 0.129936218261719
-0.097198486328125 -0.3828125 -0.0101318359375 0.1312255859375
-0.09844970703125 -0.42791748046875 -0.0258941650390625 0.0859832763671875
0.027069091796875 -0.435333251953125 -0.0392646789550781 -0.00848007202148441
0.253387451171875 -0.377899169921875 0.0409774780273438 -0.0557403564453125
0.368316650390625 -0.23046875 0.171905517578125 -0.137466430664063
0.393310546875 0.03167724609375 0.408050537109375 -0.12506103515625
0.3660888671875 -0.014495849609375 0.557159423828125 -0.0084228515625
0.398956298828125 -0.1181640625 0.279403686523438 0.107666015625
0.19384765625 -0.290557861328125 0.4049072265625 0.078704833984375
0.0442123413085937 -0.12664794921875 -0.160598754882813 -0.01947021484375
0.134727478027344 0.0352706909179688 -0.247833251953125 0.36407470703125
0.26361083984375 -0.068389892578125 0.01025390625 0.467529296875
0.221786499023438 -0.237991333007812 0.123321533203125 0.348480224609375
0.027008056640625 -0.38800048828125 0.144744873046875 0.287017822265625
-0.10943603515625 -0.33209228515625 0.134323120117188 0.261093139648438
-0.087249755859375 -0.303070068359375 0.0750274658203125 0.245025634765625
-0.0872802734375 -0.350830078125 0.038665771484375 0.199691772460937
0.033355712890625 -0.35791015625 -0.00514984130859374 0.107734680175781
0.236465454101563 -0.274200439453125 0.0423011779785156 0.0334014892578125
0.297760009765625 -0.093902587890625 0.1729736328125 -0.07135009765625
0.203994750976563 0.105178833007813 0.445098876953125 -0.0721435546875
0.138595581054687 -0.0335693359375 0.644775390625 0.07037353515625
0.214599609375 -0.207534790039062 0.401397705078125 0.157806396484375
-0.0748291015625 -0.275375366210938 0.455169677734375 0.07318115234375
-0.157745361328125 -0.0192718505859375 -0.0649681091308594 0.0366706848144531
-0.00497436523437501 0.153732299804687 -0.160308837890625 0.32794189453125
0.176559448242188 0.06134033203125 0.020782470703125 0.4195556640625
0.165679931640625 -0.111236572265625 0.093353271484375 0.367889404296875
0.0269317626953125 -0.234329223632813 0.16461181640625 0.3665771484375
-0.070343017578125 -0.193267822265625 0.200286865234375 0.351226806640625
-0.063934326171875 -0.183395385742187 0.149444580078125 0.316162109375
-0.0653533935546875 -0.22943115234375 0.093780517578125 0.28289794921875
0.0364532470703125 -0.234054565429688 0.01861572265625 0.194595336914062
0.180770874023438 -0.139999389648438 0.023223876953125 0.0882034301757812
0.173126220703125 0.039764404296875 0.153976440429688 -0.041473388671875
-0.02593994140625 0.123359680175781 0.4708251953125 -0.04364013671875
-0.107597351074219 -0.0959625244140625 0.69622802734375 0.1375732421875
0.00921630859375 -0.291717529296875 0.466400146484375 0.174530029296875
0.21221923828125 0.2901611328125 -0.4200439453125 -0.126129150390625
0.32763671875 0.100250244140625 -0.6982421875 -0.191162109375
0.222030639648437 -0.0997772216796875 -0.45001220703125 0.123382568359375
0.02166748046875 -0.123588562011719 -0.118820190429687 0.102912902832031
-0.0568618774414063 -0.021728515625 0.02410888671875 -0.0922317504882813
-0.00616455078124999 0.0715866088867188 -0.0478363037109375 -0.259765625
0.0409660339355469 0.0341072082519531 -0.157623291015625 -0.339324951171875
0.0312404632568359 0.0155258178710938 -0.20318603515625 -0.334136962890625
0.0250282287597656 0.0356178283691406 -0.226654052734375 -0.3671875
-0.0258941650390625 0.0385284423828125 -0.16278076171875 -0.39373779296875
-0.0990142822265625 -0.0211868286132813 -0.1065673828125 -0.36578369140625
-0.067596435546875 -0.153594970703125 -0.03375244140625 -0.35125732421875
0.141128540039063 -0.212356567382813 0.10382080078125 -0.2843017578125
0.3243408203125 -0.052001953125 0.0442047119140625 -0.084869384765625
0.256561279296875 0.154953002929687 -0.46063232421875 -0.1461181640625
0.397735595703125 0.244171142578125 -0.340240478515625 -0.074432373046875
0.46051025390625 0.094085693359375 -0.68072509765625 -0.21502685546875
0.399871826171875 -0.103607177734375 -0.504608154296875 0.168792724609375
0.187881469726563 -0.21783447265625 -0.122207641601562 0.176116943359375
0.0414581298828125 -0.164047241210938 0.0544662475585938 -0.0596923828125
-0.00612640380859376 -0.106430053710937 -0.042266845703125 -0.260787963867188
-0.01348876953125 -0.118217468261719 -0.176422119140625 -0.329681396484375
-0.010467529296875 -0.131263732910156 -0.224029541015625 -0.30712890625
-0.0235671997070313 -0.133285522460938 -0.23114013671875 -0.3492431640625
-0.0266189575195312 -0.134132385253906 -0.165618896484375 -0.388336181640625
-0.013885498046875 -0.172470092773438 -0.080352783203125 -0.353973388671875
0.0514373779296875 -0.249282836914063 0.00155639648437503 -0.33319091796875
0.273605346679688 -0.232803344726563 0.119247436523437 -0.2618408203125
0.46722412109375 -0.10076904296875 0.069122314453125 -0.103706359863281
0.44146728515625 0.100830078125 -0.38714599609375 -0.111846923828125
0.5374755859375 0.135040283203125 -0.214279174804688 -0.0149688720703125
0.530548095703125 0.020355224609375 -0.6280517578125 -0.2132568359375
0.49951171875 -0.13604736328125 -0.54498291015625 0.23358154296875
0.3140869140625 -0.2978515625 -0.130142211914063 0.280471801757813
0.133880615234375 -0.29296875 0.0827407836914063 0.0172119140625
-0.00410461425781247 -0.28057861328125 -0.0159454345703125 -0.207489013671875
-0.066070556640625 -0.262680053710938 -0.1580810546875 -0.267410278320313
-0.050079345703125 -0.258758544921875 -0.209274291992187 -0.235443115234375
-0.0651397705078125 -0.27935791015625 -0.207550048828125 -0.279693603515625
-0.022430419921875 -0.287933349609375 -0.151519775390625 -0.336639404296875
0.074310302734375 -0.30767822265625 -0.05120849609375 -0.317169189453125
0.178466796875 -0.32562255859375 0.043853759765625 -0.3123779296875
0.39788818359375 -0.216217041015625 0.172592163085938 -0.246124267578125
0.56048583984375 -0.109832763671875 0.15338134765625 -0.112747192382813
0.552764892578125 0.048095703125 -0.249603271484375 -0.0686492919921875
0.60211181640625 -0.0133056640625 -0.0514678955078125 0.0303306579589844
0.527740478515625 -0.097320556640625 -0.53851318359375 -0.188385009765625
0.503753662109375 -0.1795654296875 -0.531951904296875 0.300750732421875
0.368499755859375 -0.337982177734375 -0.116119384765625 0.387908935546875
0.197723388671875 -0.37939453125 0.109672546386719 0.119483947753906
-0.00314331054687504 -0.418365478515625 0.0221176147460937 -0.105377197265625
-0.1121826171875 -0.37298583984375 -0.10931396484375 -0.158660888671875
-0.082305908203125 -0.351348876953125 -0.16424560546875 -0.126419067382813
-0.095550537109375 -0.383819580078125 -0.16009521484375 -0.17413330078125
-0.014129638671875 -0.39520263671875 -0.125198364257812 -0.246551513671875
0.15362548828125 -0.39971923828125 -0.0169677734375 -0.244049072265625
0.2862548828125 -0.3653564453125 0.0920867919921875 -0.274444580078125
0.48077392578125 -0.16680908203125 0.249588012695313 -0.225433349609375
0.584228515625 -0.0894775390625 0.280166625976563 -0.108642578125
0.57940673828125 -0.0010986328125 -0.0737152099609374 -0.0173263549804688
0.560028076171875 -0.15789794921875 0.122604370117188 0.0574874877929688
0.4268798828125 -0.188323974609375 -0.4195556640625 -0.140716552734375
0.416259765625 -0.181488037109375 -0.46075439453125 0.35650634765625
0.361236572265625 -0.314453125 -0.0692443847656249 0.4578857421875
0.226593017578125 -0.395751953125 0.132614135742188 0.218429565429687
-0.00106811523437503 -0.48565673828125 0.0696144104003906 0.02618408203125
-0.138153076171875 -0.4219970703125 -0.0357437133789063 -0.0192489624023438
-0.103424072265625 -0.386749267578125 -0.0958938598632813 0.00351715087890623
-0.111114501953125 -0.427093505859375 -0.0981369018554688 -0.0459823608398438
-0.00653076171874996 -0.441131591796875 -0.0850677490234375 -0.127212524414063
0.2078857421875 -0.42596435546875 0.0167083740234375 -0.155029296875
0.350433349609375 -0.335113525390625 0.138290405273438 -0.21380615234375
0.4825439453125 -0.08135986328125 0.328521728515625 -0.187286376953125
0.5147705078125 -0.054656982421875 0.419189453125 -0.079010009765625
0.51806640625 -0.056549072265625 0.112152099609375 0.04266357421875
0.41143798828125 -0.25311279296875 0.283111572265625 0.06378173828125
0.248641967773438 -0.19720458984375 -0.28485107421875 -0.0780029296875
0.276565551757812 -0.102386474609375 -0.34771728515625 0.380035400390625
0.315765380859375 -0.214813232421875 -0.010772705078125 0.479705810546875
0.230316162109375 -0.34332275390625 0.143829345703125 0.2899169921875
0.00109863281249997 -0.470550537109375 0.115463256835938 0.159622192382812
-0.14398193359375 -0.40423583984375 0.0525054931640625 0.126411437988281
-0.111053466796875 -0.368408203125 -0.00938415527343752 0.131423950195312
-0.113922119140625 -0.40966796875 -0.023895263671875 0.0843887329101562
0.00463867187500004 -0.421600341796875 -0.0417251586914063 -0.00366210937500002
0.231048583984375 -0.3795166015625 0.0402450561523438 -0.054718017578125
0.34967041015625 -0.239501953125 0.163894653320313 -0.139129638671875
0.38525390625 0.016876220703125 0.388671875 -0.13397216796875
0.35430908203125 -0.0283203125 0.541046142578125 -0.02581787109375
0.3848876953125 -0.12445068359375 0.277145385742188 0.101409912109375
0.1817626953125 -0.289093017578125 0.3997802734375 0.060272216796875
0.039154052734375 -0.122825622558594 -0.155380249023438 -0.0167236328125
0.132606506347656 0.0295944213867188 -0.228485107421875 0.36285400390625
0.25439453125 -0.0789947509765625 0.030792236328125 0.450408935546875
0.207473754882813 -0.240264892578125 0.13043212890625 0.32940673828125
0.00833129882812498 -0.378753662109375 0.149703979492188 0.2708740234375
-0.120941162109375 -0.318450927734375 0.135452270507813 0.252044677734375
-0.098297119140625 -0.293060302734375 0.0797576904296875 0.237258911132812
-0.1011962890625 -0.336700439453125 0.0450592041015625 0.193084716796875
0.015228271484375 -0.345977783203125 -0.00319671630859375 0.106025695800781
0.217178344726562 -0.275650024414062 0.0447616577148438 0.0305519104003906
0.2857666015625 -0.10406494140625 0.16619873046875 -0.0733795166015625
0.205520629882813 0.095489501953125 0.425048828125 -0.082855224609375
0.130416870117188 -0.0376968383789063 0.62841796875 0.047607421875
0.199127197265625 -0.204666137695313 0.39727783203125 0.147552490234375
-0.0814056396484375 -0.264663696289063 0.453216552734375 0.055419921875
-0.151107788085938 -0.0118865966796875 -0.0598411560058594 0.0351753234863281
0.000381469726562498 0.15203857421875 -0.143951416015625 0.322723388671875
0.173934936523437 0.0506591796875 0.03533935546875 0.405853271484375
0.15850830078125 -0.117935180664063 0.102203369140625 0.350616455078125
0.0123291015625 -0.23223876953125 0.169097900390625 0.349609375
-0.07830810546875 -0.184295654296875 0.20513916015625 0.33428955078125
-0.0718841552734375 -0.175445556640625 0.157928466796875 0.30218505859375
-0.0735015869140625 -0.219558715820313 0.102310180664062 0.270355224609375
0.022125244140625 -0.229339599609375 0.0242462158203125 0.188888549804687
0.169158935546875 -0.146759033203125 0.0291290283203125 0.0877227783203125
0.168441772460938 0.029541015625 0.148773193359375 -0.0429534912109375
-0.01806640625 0.119949340820313 0.452606201171875 -0.0592041015625
-0.109237670898437 -0.0889739990234375 0.67816162109375 0.1136474609375
-0.00100708007812499 -0.282073974609375 0.460968017578125 0.15838623046875
0.214141845703125 0.28466796875 -0.4189453125 -0.121978759765625
0.32720947265625 0.090484619140625 -0.6932373046875 -0.17987060546875
0.217010498046875 -0.103500366210938 -0.44415283203125 0.128814697265625
0.0167236328125 -0.122802734375 -0.115692138671875 0.10076904296875
-0.0585975646972656 -0.0180091857910156 0.0219650268554687 -0.0932998657226563
-0.00197601318359375 0.0725784301757813 -0.0546417236328125 -0.252777099609375
0.0429039001464844 0.0339202880859375 -0.166015625 -0.3304443359375
0.0337505340576172 0.016448974609375 -0.2088623046875 -0.3240966796875
0.028472900390625 0.0364990234375 -0.230438232421875 -0.359344482421875
-0.0224151611328125 0.0422477722167969 -0.165008544921875 -0.38507080078125
-0.0975799560546875 -0.0145797729492187 -0.108612060546875 -0.356689453125
-0.0725860595703125 -0.1492919921875 -0.0379638671875 -0.342193603515625
0.133041381835938 -0.215118408203125 0.097137451171875 -0.28131103515625
0.320281982421875 -0.0596923828125 0.0417098999023438 -0.0872879028320312
0.259124755859375 0.148452758789063 -0.460662841796875 -0.136138916015625
0.397125244140625 0.23675537109375 -0.339935302734375 -0.071929931640625
0.455810546875 0.083587646484375 -0.67889404296875 -0.20526123046875
0.391815185546875 -0.11090087890625 -0.49658203125 0.175872802734375
0.178298950195313 -0.21820068359375 -0.117202758789062 0.174072265625
0.036529541015625 -0.159866333007813 0.05133056640625 -0.0619735717773438
-0.0073394775390625 -0.102561950683594 -0.04803466796875 -0.255813598632813
-0.0150604248046875 -0.116447448730469 -0.18408203125 -0.3197021484375
-0.010650634765625 -0.127601623535156 -0.230255126953125 -0.29559326171875
-0.0252685546875 -0.1297607421875 -0.235748291015625 -0.34033203125
-0.0270156860351562 -0.127769470214844 -0.168121337890625 -0.378265380859375
-0.0177764892578125 -0.16552734375 -0.083282470703125 -0.34521484375
0.04345703125 -0.246047973632813 -0.004364013671875 -0.32666015625
0.265274047851563 -0.235992431640625 0.1129150390625 -0.258575439453125
0.46014404296875 -0.11175537109375 0.06512451171875 -0.106834411621094
0.440277099609375 0.091888427734375 -0.388275146484375 -0.1031494140625
0.5333251953125 0.1263427734375 -0.212387084960937 -0.01544189453125
0.52557373046875 0.010345458984375 -0.62841796875 -0.205322265625
0.4901123046875 -0.141937255859375 -0.5340576171875 0.238616943359375
0.301025390625 -0.29962158203125 -0.121612548828125 0.27685546875
0.12481689453125 -0.289520263671875 0.0813369750976563 0.01318359375
-0.0108184814453125 -0.275115966796875 -0.02392578125 -0.20574951171875
-0.0713653564453125 -0.257080078125 -0.166427612304687 -0.25897216796875
-0.0529937744140625 -0.253158569335937 -0.21600341796875 -0.223541259765625
-0.0701446533203125 -0.273513793945312 -0.212265014648438 -0.273239135742188
-0.0267333984375 -0.278152465820313 -0.15582275390625 -0.327484130859375
0.0665283203125 -0.302825927734375 -0.053680419921875 -0.3079833984375
0.168426513671875 -0.326416015625 0.03814697265625 -0.307830810546875
0.3883056640625 -0.2215576171875 0.16595458984375 -0.243789672851563
0.551483154296875 -0.12249755859375 0.148162841796875 -0.11663818359375
0.54901123046875 0.041412353515625 -0.249786376953125 -0.062164306640625
0.5941162109375 -0.02301025390625 -0.0526466369628906 0.0294456481933594
0.51922607421875 -0.105255126953125 -0.539031982421875 -0.181427001953125
0.495269775390625 -0.18804931640625 -0.523040771484375 0.30657958984375
0.35504150390625 -0.343719482421875 -0.106170654296875 0.381683349609375
0.18768310546875 -0.378204345703125 0.108192443847656 0.111968994140625
-0.014617919921875 -0.411407470703125 0.0149917602539062 -0.106460571289063
-0.11822509765625 -0.36407470703125 -0.116195678710938 -0.152420043945313
-0.0870361328125 -0.34295654296875 -0.169647216796875 -0.11590576171875
-0.10247802734375 -0.3760986328125 -0.164321899414062 -0.167495727539063
-0.02349853515625 -0.386260986328125 -0.127716064453125 -0.236236572265625
0.14190673828125 -0.3975830078125 -0.0185546875 -0.240997314453125
0.27325439453125 -0.366912841796875 0.08685302734375 -0.27264404296875
0.471343994140625 -0.1734619140625 0.240982055664063 -0.225357055664063
0.5751953125 -0.102294921875 0.27325439453125 -0.114654541015625
0.57391357421875 -0.0068359375 -0.0736846923828125 -0.0125656127929687
0.551910400390625 -0.16461181640625 0.122566223144531 0.0522613525390625
0.419189453125 -0.19146728515625 -0.42059326171875 -0.135162353515625
0.40789794921875 -0.184295654296875 -0.452789306640625 0.3609619140625
0.3468017578125 -0.3189697265625 -0.0582275390625 0.452178955078125
0.217864990234375 -0.3951416015625 0.13323974609375 0.20916748046875
-0.016632080078125 -0.47918701171875 0.0639686584472656 0.0217666625976562
-0.146484375 -0.4141845703125 -0.0402297973632813 -0.0160293579101563
-0.109588623046875 -0.37994384765625 -0.0982513427734375 0.0111007690429687
-0.119293212890625 -0.41876220703125 -0.0984268188476563 -0.0410308837890625
-0.014312744140625 -0.430511474609375 -0.0880966186523437 -0.120254516601563
0.19427490234375 -0.425384521484375 0.016693115234375 -0.150466918945313
0.336822509765625 -0.33807373046875 0.13238525390625 -0.213668823242188
0.47607421875 -0.08929443359375 0.319122314453125 -0.189910888671875
0.5059814453125 -0.0638427734375 0.41259765625 -0.086700439453125
0.5115966796875 -0.05902099609375 0.113014221191406 0.0452117919921875
0.40216064453125 -0.2584228515625 0.28271484375 0.056488037109375
0.24444580078125 -0.197097778320313 -0.284210205078125 -0.07489013671875
0.272354125976563 -0.103378295898438 -0.33782958984375 0.3814697265625
0.30645751953125 -0.219940185546875 -0.000183105468750001 0.47015380859375
0.22088623046875 -0.345794677734375 0.145401000976562 0.279083251953125
-0.0135498046875 -0.46435546875 0.112777709960938 0.15191650390625
-0.152618408203125 -0.395233154296875 0.0492324829101562 0.125892639160156
-0.1187744140625 -0.35992431640625 -0.00970458984375002 0.135383605957031
-0.12396240234375 -0.402099609375 -0.0242919921875 0.0846405029296875
-0.00650024414062498 -0.410797119140625 -0.0439682006835937 0.000900268554687468
0.21722412109375 -0.3792724609375 0.0411643981933594 -0.0539436340332031
0.339447021484375 -0.243804931640625 0.159881591796875 -0.14013671875
0.382568359375 0.0107421875 0.378326416015625 -0.137237548828125
0.347625732421875 -0.03326416015625 0.532562255859375 -0.035919189453125
0.378143310546875 -0.12384033203125 0.27801513671875 0.100112915039063
0.1739501953125 -0.2889404296875 0.400115966796875 0.05206298828125
0.0403518676757813 -0.120841979980469 -0.154037475585938 -0.01556396484375
0.133796691894531 0.0285568237304688 -0.220855712890625 0.36181640625
0.25140380859375 -0.0848541259765625 0.0400390625 0.4407958984375
0.2012939453125 -0.24554443359375 0.132659912109375 0.31951904296875
-0.00619506835937497 -0.375518798828125 0.147705078125 0.261505126953125
-0.129486083984375 -0.310943603515625 0.135726928710938 0.24700927734375
-0.106964111328125 -0.286285400390625 0.0799713134765625 0.236099243164062
-0.110382080078125 -0.330596923828125 0.046844482421875 0.19122314453125
0.0037841796875 -0.339935302734375 -0.0045166015625 0.108024597167969
0.204833984375 -0.280319213867187 0.0467681884765625 0.0313568115234375
0.279800415039063 -0.1099853515625 0.163116455078125 -0.0752410888671875
0.204986572265625 0.090789794921875 0.415924072265625 -0.086456298828125
0.125450134277344 -0.03851318359375 0.61962890625 0.038330078125
0.193832397460938 -0.200958251953125 0.3978271484375 0.14453125
-0.0857391357421875 -0.26123046875 0.45294189453125 0.04595947265625
-0.145751953125 -0.00883483886718749 -0.0575714111328125 0.0349845886230469
0.00595092773437499 0.15155029296875 -0.136810302734375 0.31988525390625
0.17498779296875 0.044342041015625 0.044708251953125 0.395355224609375
0.154022216796875 -0.122329711914063 0.10296630859375 0.340423583984375
0.00279235839843749 -0.231307983398438 0.170257568359375 0.34075927734375
-0.084075927734375 -0.179458618164063 0.206085205078125 0.326507568359375
-0.0777130126953125 -0.170318603515625 0.1585693359375 0.299072265625
-0.08251953125 -0.215728759765625 0.106216430664063 0.264755249023438
0.0131378173828125 -0.226394653320313 0.02618408203125 0.188995361328125
0.162551879882813 -0.151840209960938 0.0314178466796875 0.0871353149414062
0.168411254882813 0.024749755859375 0.147003173828125 -0.0442962646484375
-0.0145187377929688 0.120201110839844 0.442535400390625 -0.063568115234375
-0.111213684082031 -0.0841903686523438 0.67034912109375 0.1036376953125
-0.00805664062499998 -0.275558471679688 0.461883544921875 0.15509033203125
0.221466064453125 0.285980224609375 -0.42578125 -0.1199951171875
0.330963134765625 0.081787109375 -0.7044677734375 -0.17364501953125
0.215255737304688 -0.110763549804688 -0.4459228515625 0.13995361328125
0.0113372802734375 -0.122299194335938 -0.115165710449219 0.102127075195312
-0.0596542358398437 -0.0134506225585938 0.0185470581054687 -0.0953826904296875
0.00208282470703125 0.0746536254882813 -0.0606231689453125 -0.253173828125
0.0449333190917969 0.0336570739746094 -0.1776123046875 -0.3287353515625
0.0373992919921875 0.0175361633300781 -0.218414306640625 -0.32318115234375
0.0330657958984375 0.0370979309082031 -0.240142822265625 -0.35797119140625
-0.0181541442871094 0.0452651977539063 -0.17083740234375 -0.384765625
-0.0988082885742188 -0.00821685791015624 -0.11322021484375 -0.35565185546875
-0.0801544189453125 -0.14599609375 -0.04345703125 -0.340576171875
0.127944946289063 -0.220703125 0.09356689453125 -0.283782958984375
0.32391357421875 -0.070068359375 0.0383071899414063 -0.0922088623046875
0.265777587890625 0.144607543945313 -0.47283935546875 -0.12652587890625
0.40362548828125 0.23284912109375 -0.34503173828125 -0.069915771484375
0.461395263671875 0.072784423828125 -0.691650390625 -0.1976318359375
0.39306640625 -0.120819091796875 -0.498687744140625 0.188018798828125
0.171707153320313 -0.222763061523438 -0.114593505859375 0.174819946289063
0.0322418212890625 -0.158401489257812 0.0499534606933594 -0.0648765563964844
-0.00920867919921876 -0.0987167358398438 -0.0558624267578125 -0.25640869140625
-0.0165328979492187 -0.115821838378906 -0.19482421875 -0.31634521484375
-0.01141357421875 -0.126930236816406 -0.240081787109375 -0.2908935546875
-0.02532958984375 -0.129150390625 -0.246978759765625 -0.3365478515625
-0.0273208618164063 -0.125205993652344 -0.175048828125 -0.37615966796875
-0.0210418701171875 -0.163681030273438 -0.086395263671875 -0.345123291015625
0.036041259765625 -0.2469482421875 -0.010162353515625 -0.324981689453125
0.261032104492188 -0.246047973632813 0.109619140625 -0.26123046875
0.462799072265625 -0.123992919921875 0.0618743896484375 -0.112159729003906
0.447784423828125 0.085174560546875 -0.395263671875 -0.0936889648437499
0.53936767578125 0.118743896484375 -0.215972900390625 -0.0140228271484375
0.530364990234375 -0.000701904296875 -0.6390380859375 -0.2001953125
0.4937744140625 -0.154754638671875 -0.53564453125 0.253082275390625
0.29412841796875 -0.30633544921875 -0.11676025390625 0.28009033203125
0.118896484375 -0.292083740234375 0.0808639526367188 0.00902557373046873
-0.0185699462890625 -0.27294921875 -0.0309600830078125 -0.20782470703125
-0.077606201171875 -0.256332397460938 -0.177658081054687 -0.25579833984375
-0.0572662353515625 -0.253097534179688 -0.224411010742187 -0.216751098632813
-0.0752716064453125 -0.273651123046875 -0.22314453125 -0.26898193359375
-0.0312957763671875 -0.275543212890625 -0.162994384765625 -0.323272705078125
0.05926513671875 -0.304412841796875 -0.056427001953125 -0.30902099609375
0.160736083984375 -0.331512451171875 0.0322265625 -0.309783935546875
0.386444091796875 -0.23223876953125 0.163055419921875 -0.246719360351563
0.553009033203125 -0.13671875 0.146453857421875 -0.1239013671875
0.558258056640625 0.034088134765625 -0.25537109375 -0.0552215576171875
0.59832763671875 -0.03240966796875 -0.0535507202148437 0.0280227661132812
0.521697998046875 -0.1151123046875 -0.5501708984375 -0.174957275390625
0.4949951171875 -0.199493408203125 -0.5238037109375 0.32000732421875
0.34722900390625 -0.354034423828125 -0.096466064453125 0.3846435546875
0.180023193359375 -0.38323974609375 0.1104736328125 0.1087646484375
-0.026123046875 -0.409637451171875 0.00943756103515626 -0.10986328125
-0.12860107421875 -0.362213134765625 -0.12677001953125 -0.149093627929688
-0.094390869140625 -0.341827392578125 -0.177825927734375 -0.10858154296875
-0.113006591796875 -0.375579833984375 -0.172271728515625 -0.162979125976563
-0.0296630859375 -0.383575439453125 -0.134933471679688 -0.230850219726563
0.13214111328125 -0.402099609375 -0.0213165283203125 -0.241928100585938
0.2674560546875 -0.374481201171875 0.081451416015625 -0.2755126953125
0.47222900390625 -0.183441162109375 0.23724365234375 -0.229202270507813
0.57672119140625 -0.1160888671875 0.271499633789063 -0.122970581054688
0.58270263671875 -0.01593017578125 -0.0742645263671875 -0.00704193115234377
0.5540771484375 -0.175262451171875 0.124580383300781 0.0487899780273437
0.420501708984375 -0.200347900390625 -0.43035888671875 -0.13140869140625
0.410064697265625 -0.192718505859375 -0.451019287109375 0.373138427734375
0.341064453125 -0.32891845703125 -0.048828125 0.45538330078125
0.21099853515625 -0.4056396484375 0.137557983398438 0.204971313476562
-0.03167724609375 -0.478546142578125 0.0602607727050781 0.0175552368164062
-0.161102294921875 -0.412017822265625 -0.0468978881835938 -0.0123023986816406
-0.120574951171875 -0.378387451171875 -0.102043151855469 0.0190887451171875
-0.13250732421875 -0.4180908203125 -0.103279113769531 -0.0367279052734375
-0.025299072265625 -0.4290771484375 -0.0925369262695312 -0.113883972167969
0.1845703125 -0.433074951171875 0.016357421875 -0.151992797851563
0.330169677734375 -0.348480224609375 0.1279296875 -0.216964721679688
0.479095458984375 -0.09820556640625 0.31549072265625 -0.194732666015625
0.50848388671875 -0.07403564453125 0.412506103515625 -0.09710693359375
0.518463134765625 -0.065277099609375 0.116661071777344 0.047607421875
0.400726318359375 -0.2685546875 0.2886962890625 0.050201416015625
0.243423461914063 -0.203384399414063 -0.289703369140625 -0.073028564453125
0.274017333984375 -0.10797119140625 -0.334320068359375 0.39202880859375
0.303131103515625 -0.230010986328125 0.010772705078125 0.47161865234375
0.21527099609375 -0.3553466796875 0.150909423828125 0.275665283203125
-0.029327392578125 -0.466796875 0.111526489257813 0.147354125976562
-0.16607666015625 -0.393463134765625 0.0474700927734375 0.127845764160156
-0.128692626953125 -0.359039306640625 -0.00953674316406251 0.142242431640625
-0.137664794921875 -0.40228271484375 -0.02435302734375 0.0880279541015625
-0.01593017578125 -0.410186767578125 -0.0456619262695312 0.00689697265624997
0.206756591796875 -0.387908935546875 0.0432853698730469 -0.0541191101074219
0.3350830078125 -0.25408935546875 0.157623291015625 -0.143783569335938
0.386566162109375 0.003387451171875 0.376953125 -0.143585205078125
0.348419189453125 -0.0404052734375 0.534698486328125 -0.045013427734375
0.38128662109375 -0.1279296875 0.285369873046875 0.101348876953125
0.168701171875 -0.294891357421875 0.40814208984375 0.042144775390625
0.0407333374023437 -0.122291564941406 -0.155364990234375 -0.0145111083984375
0.13623046875 0.0277252197265625 -0.216796875 0.370025634765625
0.252029418945313 -0.0922698974609375 0.048919677734375 0.439453125
0.197998046875 -0.25543212890625 0.136932373046875 0.315765380859375
-0.0185546875 -0.3773193359375 0.14898681640625 0.258056640625
-0.139923095703125 -0.3095703125 0.139068603515625 0.248184204101562
-0.1163330078125 -0.285003662109375 0.083892822265625 0.240325927734375
-0.123748779296875 -0.33001708984375 0.04974365234375 0.193206787109375
-0.00650024414062503 -0.339508056640625 -0.00392150878906249 0.112373352050781
0.197509765625 -0.289459228515625 0.0503044128417969 0.0311012268066406
0.278961181640625 -0.118545532226563 0.162353515625 -0.0788116455078125
0.209716796875 0.0880889892578125 0.413970947265625 -0.0919189453125
0.123756408691406 -0.0398483276367187 0.62353515625 0.0279541015625
0.192581176757813 -0.203521728515625 0.4078369140625 0.1439208984375
-0.093475341796875 -0.261856079101563 0.466033935546875 0.034576416015625
-0.14373779296875 -0.00531005859374999 -0.0548896789550781 0.0335311889648438
0.0113677978515625 0.154541015625 -0.13262939453125 0.324737548828125
0.178955078125 0.03857421875 0.052978515625 0.394012451171875
0.152175903320313 -0.130599975585938 0.10784912109375 0.338226318359375
-0.00740051269531252 -0.233596801757813 0.1724853515625 0.336395263671875
-0.09210205078125 -0.178787231445312 0.21331787109375 0.326202392578125
-0.085845947265625 -0.169601440429688 0.16473388671875 0.300018310546875
-0.092742919921875 -0.21539306640625 0.11273193359375 0.265899658203125
0.00474548339843751 -0.22894287109375 0.029449462890625 0.192977905273437
0.158950805664063 -0.160385131835938 0.035186767578125 0.087677001953125
0.170608520507813 0.018768310546875 0.146591186523438 -0.04736328125
-0.0110092163085938 0.122940063476563 0.441314697265625 -0.067657470703125
-0.11529541015625 -0.0802001953125 0.67730712890625 0.09539794921875
-0.013153076171875 -0.275833129882813 0.472076416015625 0.15411376953125
0.236602783203125 0.287567138671875 -0.439178466796875 -0.111541748046875
0.339935302734375 0.066558837890625 -0.7291259765625 -0.15521240234375
0.214157104492188 -0.12408447265625 -0.449951171875 0.161865234375
0.00580596923828124 -0.123382568359375 -0.113265991210938 0.106918334960938
-0.0622940063476563 -0.00777816772460938 0.014190673828125 -0.0991592407226563
0.0072174072265625 0.0777816772460938 -0.0728302001953125 -0.25531005859375
0.0485038757324219 0.0336799621582031 -0.197021484375 -0.326171875
0.0411453247070312 0.0170097351074219 -0.236572265625 -0.321685791015625
0.0389404296875 0.0371055603027344 -0.259674072265625 -0.356597900390625
-0.013702392578125 0.0489387512207031 -0.185638427734375 -0.385162353515625
-0.0999832153320313 0.000244140624999986 -0.127349853515625 -0.357330322265625
-0.0894775390625 -0.142608642578125 -0.05670166015625 -0.34149169921875
0.119552612304687 -0.231613159179687 0.086090087890625 -0.29290771484375
0.328338623046875 -0.089141845703125 0.0344314575195313 -0.09771728515625
0.279006958007813 0.137771606445313 -0.492950439453125 -0.1092529296875
0.421783447265625 0.227264404296875 -0.355621337890625 -0.0628662109374999
0.472686767578125 0.054443359375 -0.71722412109375 -0.18109130859375
0.395111083984375 -0.138885498046875 -0.501861572265625 0.212615966796875
0.163223266601563 -0.232681274414063 -0.109176635742187 0.18206787109375
0.0252838134765625 -0.159683227539063 0.0487518310546875 -0.0704421997070313
-0.0124740600585938 -0.0975494384765625 -0.0688934326171875 -0.2598876953125
-0.0212478637695312 -0.115798950195312 -0.21722412109375 -0.312530517578125
-0.0141754150390625 -0.127555847167969 -0.25848388671875 -0.285858154296875
-0.029327392578125 -0.129783630371094 -0.26763916015625 -0.33416748046875
-0.0296173095703125 -0.123931884765625 -0.19158935546875 -0.37615966796875
-0.0283050537109375 -0.162033081054688 -0.099853515625 -0.3485107421875
0.02435302734375 -0.251296997070313 -0.021514892578125 -0.32861328125
0.256118774414063 -0.261459350585938 0.102813720703125 -0.27008056640625
0.467498779296875 -0.151123046875 0.0568695068359375 -0.119972229003906
0.46337890625 0.071502685546875 -0.41162109375 -0.0779113769531249
0.553070068359375 0.105194091796875 -0.222976684570312 -0.010101318359375
0.539154052734375 -0.0218505859375 -0.6651611328125 -0.18450927734375
0.499267578125 -0.17657470703125 -0.538818359375 0.27978515625
0.284149169921875 -0.32568359375 -0.107513427734375 0.2890625
0.109283447265625 -0.300750732421875 0.0827407836914063 0.00359344482421873
-0.0304107666015625 -0.272735595703125 -0.04296875 -0.213165283203125
-0.0898284912109375 -0.256057739257813 -0.197006225585938 -0.252395629882813
-0.0673828125 -0.25390625 -0.240463256835937 -0.207168579101563
-0.0882415771484375 -0.274826049804688 -0.242141723632812 -0.264190673828125
-0.040679931640625 -0.276992797851562 -0.17901611328125 -0.32110595703125
0.047332763671875 -0.311004638671875 -0.066131591796875 -0.313232421875
0.1484375 -0.343475341796875 0.02178955078125 -0.3145751953125
0.385986328125 -0.2529296875 0.156906127929688 -0.257705688476563
0.560821533203125 -0.164947509765625 0.142333984375 -0.1358642578125
0.57452392578125 0.01593017578125 -0.265426635742187 -0.04437255859375
0.608642578125 -0.0523681640625 -0.0539016723632812 0.0277900695800781
0.527679443359375 -0.137908935546875 -0.57476806640625 -0.1632080078125
0.499237060546875 -0.22027587890625 -0.524566650390625 0.349517822265625
0.337127685546875 -0.3748779296875 -0.084197998046875 0.395721435546875
0.169769287109375 -0.39801025390625 0.116813659667969 0.104072570800781
-0.045135498046875 -0.4130859375 0.000228881835937506 -0.115379333496094
-0.14801025390625 -0.36248779296875 -0.141265869140625 -0.145248413085938
-0.109710693359375 -0.344085693359375 -0.18804931640625 -0.0970001220703126
-0.131683349609375 -0.376678466796875 -0.18658447265625 -0.156875610351563
-0.04443359375 -0.386077880859375 -0.147125244140625 -0.226593017578125
0.116058349609375 -0.413543701171875 -0.027740478515625 -0.247116088867188
0.2547607421875 -0.392822265625 0.07275390625 -0.282196044921875
0.476593017578125 -0.206390380859375 0.233413696289063 -0.241607666015625
0.584228515625 -0.14263916015625 0.271240234375 -0.138076782226563
0.59796142578125 -0.03436279296875 -0.0762252807617187 -0.00168609619140625
0.557403564453125 -0.20013427734375 0.130096435546875 0.0428695678710937
0.421356201171875 -0.221435546875 -0.447998046875 -0.11962890625
0.4124755859375 -0.21142578125 -0.449462890625 0.40081787109375
0.333221435546875 -0.34930419921875 -0.031524658203125 0.465423583984375
0.199798583984375 -0.422119140625 0.147628784179688 0.200775146484375
-0.05426025390625 -0.484619140625 0.0572586059570313 0.0122451782226562
-0.18243408203125 -0.41217041015625 -0.0544624328613281 -0.0091667175292969
-0.13775634765625 -0.380828857421875 -0.105255126953125 0.0303115844726562
-0.155303955078125 -0.4193115234375 -0.109603881835938 -0.02978515625
-0.042510986328125 -0.43292236328125 -0.0992584228515625 -0.107200622558594
0.166656494140625 -0.447479248046875 0.013519287109375 -0.156509399414063
0.320343017578125 -0.36785888671875 0.122146606445313 -0.22540283203125
0.486785888671875 -0.118133544921875 0.315032958984375 -0.20867919921875
0.51556396484375 -0.09454345703125 0.41729736328125 -0.114990234375
0.531219482421875 -0.08355712890625 0.1217041015625 0.04803466796875
0.39825439453125 -0.290069580078125 0.298980712890625 0.0382080078125
0.242340087890625 -0.217575073242188 -0.301422119140625 -0.0650939941406251
0.277572631835938 -0.119354248046875 -0.3287353515625 0.4140625
0.29925537109375 -0.247802734375 0.030517578125 0.478668212890625
0.204864501953125 -0.373748779296875 0.161972045898438 0.272720336914063
-0.05322265625 -0.4720458984375 0.114059448242187 0.142959594726562
-0.186767578125 -0.393890380859375 0.048797607421875 0.130989074707031
-0.1484375 -0.359954833984375 -0.00579833984375003 0.151626586914062
-0.16064453125 -0.4022216796875 -0.0240936279296875 0.0948562622070312
-0.03521728515625 -0.4134521484375 -0.0475921630859375 0.0141563415527344
0.19244384765625 -0.404541015625 0.0442161560058594 -0.0575675964355469
0.32977294921875 -0.27337646484375 0.154434204101563 -0.151596069335938
0.396820068359375 -0.01068115234375 0.376495361328125 -0.157928466796875
0.353271484375 -0.053070068359375 0.544097900390625 -0.06451416015625
0.38641357421875 -0.143157958984375 0.29803466796875 0.09716796875
0.159515380859375 -0.30859375 0.423187255859375 0.025299072265625
0.0378189086914063 -0.1270751953125 -0.160476684570313 -0.0108489990234375
0.142990112304688 0.026092529296875 -0.2080078125 0.3880615234375
0.253631591796875 -0.105499267578125 0.067169189453125 0.4437255859375
0.19195556640625 -0.272125244140625 0.14971923828125 0.315460205078125
-0.040008544921875 -0.383697509765625 0.1568603515625 0.255508422851563
-0.159393310546875 -0.309417724609375 0.148147583007813 0.249679565429687
-0.1331787109375 -0.2838134765625 0.09490966796875 0.246658325195312
-0.14483642578125 -0.330291748046875 0.0582427978515625 0.197769165039063
-0.023529052734375 -0.3436279296875 -7.62939453124806E-06 0.119483947753906
0.186065673828125 -0.305206298828125 0.0534858703613281 0.0297203063964844
0.27850341796875 -0.13287353515625 0.162109375 -0.085235595703125
0.218902587890625 0.083282470703125 0.418304443359375 -0.10601806640625
0.122688293457031 -0.04351806640625 0.63751220703125 0.0089111328125
0.190277099609375 -0.213699340820312 0.42547607421875 0.13592529296875
-0.10736083984375 -0.264617919921875 0.48162841796875 0.013671875
-0.144760131835938 -0.000503540039062527 -0.0536231994628906 0.0355987548828125
0.019805908203125 0.160110473632813 -0.1234130859375 0.339263916015625
0.185104370117188 0.0309600830078125 0.069610595703125 0.3966064453125
0.149642944335938 -0.143020629882813 0.1181640625 0.340118408203125
-0.0205078125 -0.238021850585938 0.183837890625 0.334716796875
-0.103744506835938 -0.177474975585938 0.22637939453125 0.32574462890625
-0.0979766845703125 -0.168777465820313 0.17974853515625 0.30169677734375
-0.10980224609375 -0.214813232421875 0.126022338867188 0.26824951171875
-0.00804138183593748 -0.234619140625 0.0364990234375 0.199569702148437
0.152297973632813 -0.173751831054688 0.040618896484375 0.0891189575195312
0.175399780273438 0.0104827880859375 0.147796630859375 -0.0520477294921875
-0.00468444824218749 0.126472473144531 0.445892333984375 -0.08203125
-0.122978210449219 -0.0758514404296875 0.69500732421875 0.07745361328125
-0.0236358642578125 -0.279922485351563 0.492034912109375 0.14422607421875
0.257568359375 0.280746459960938 -0.45269775390625 -0.0917968749999999
0.345550537109375 0.042510986328125 -0.75091552734375 -0.11700439453125
0.207015991210938 -0.141525268554688 -0.44256591796875 0.193084716796875
-0.00354766845703126 -0.124427795410156 -0.106834411621094 0.113044738769531
-0.0635032653808594 -0.000709533691406238 0.00794219970703125 -0.102828979492188
0.0136566162109375 0.0806045532226563 -0.090911865234375 -0.2529296875
0.0535545349121094 0.0330657958984375 -0.223388671875 -0.314300537109375
0.0468559265136719 0.015960693359375 -0.259735107421875 -0.3089599609375
0.0457649230957031 0.0351715087890625 -0.287322998046875 -0.344024658203125
-0.00777816772460937 0.0520706176757813 -0.207977294921875 -0.37872314453125
-0.100227355957031 0.011444091796875 -0.147918701171875 -0.3529052734375
-0.10137939453125 -0.135002136230469 -0.07464599609375 -0.338348388671875
0.103591918945312 -0.24383544921875 0.06927490234375 -0.301483154296875
0.326934814453125 -0.115936279296875 0.0264358520507813 -0.103286743164063
0.292724609375 0.122161865234375 -0.511505126953125 -0.0737304687500001
0.4390869140625 0.20660400390625 -0.3653564453125 -0.0471496582031249
0.478607177734375 0.024993896484375 -0.74176025390625 -0.144287109375
0.389984130859375 -0.16632080078125 -0.493408203125 0.248260498046875
0.147384643554688 -0.2440185546875 -0.0975341796875 0.188934326171875
0.0146026611328125 -0.159194946289063 0.0443649291992188 -0.0754623413085938
-0.0175628662109375 -0.0933609008789062 -0.0885009765625 -0.258773803710938
-0.027130126953125 -0.112709045410156 -0.242156982421875 -0.300384521484375
-0.0197906494140625 -0.126663208007812 -0.28125 -0.269287109375
-0.0356826782226563 -0.128799438476563 -0.295135498046875 -0.3193359375
-0.0349578857421875 -0.121139526367188 -0.2154541015625 -0.36749267578125
-0.0389862060546875 -0.15771484375 -0.11956787109375 -0.345947265625
0.00675964355468748 -0.252578735351563 -0.04052734375 -0.328277587890625
0.240890502929688 -0.280532836914063 0.0877838134765625 -0.279373168945313
0.46258544921875 -0.185516357421875 0.0469436645507813 -0.126495361328125
0.474212646484375 0.0439453125 -0.424835205078125 -0.0500793457031251
0.5648193359375 0.077392578125 -0.227615356445312 -0.000167846679687489
0.54180908203125 -0.05523681640625 -0.69097900390625 -0.14990234375
0.492523193359375 -0.209381103515625 -0.527191162109375 0.3199462890625
0.2635498046875 -0.34442138671875 -0.088348388671875 0.2969970703125
0.0908203125 -0.307403564453125 0.0834503173828125 -0.00341796875000002
-0.048004150390625 -0.268447875976563 -0.0613861083984375 -0.213638305664063
-0.106735229492188 -0.25042724609375 -0.220870971679688 -0.238906860351562
-0.0821075439453125 -0.251312255859375 -0.258712768554688 -0.189697265625
-0.106063842773438 -0.270889282226562 -0.2647705078125 -0.247451782226563
-0.0560760498046875 -0.273757934570313 -0.198516845703125 -0.310638427734375
0.02728271484375 -0.31365966796875 -0.08502197265625 -0.312225341796875
0.126190185546875 -0.353729248046875 0.00308227539062498 -0.31597900390625
0.374053955078125 -0.27935791015625 0.143325805664063 -0.268798828125
0.55572509765625 -0.203857421875 0.132110595703125 -0.1475830078125
0.584716796875 -0.0191650390625 -0.27374267578125 -0.024078369140625
0.61016845703125 -0.08697509765625 -0.0540924072265625 0.02874755859375
0.52301025390625 -0.172576904296875 -0.59771728515625 -0.13092041015625
0.4937744140625 -0.2535400390625 -0.509063720703125 0.390106201171875
0.314971923828125 -0.397216796875 -0.0585327148437499 0.403167724609375
0.14508056640625 -0.411590576171875 0.124076843261719 0.0943679809570312
-0.073394775390625 -0.4088134765625 -0.0122756958007813 -0.11865234375
-0.173004150390625 -0.355621337890625 -0.158172607421875 -0.134307861328125
-0.132232666015625 -0.339202880859375 -0.197479248046875 -0.0797119140625
-0.158477783203125 -0.371337890625 -0.201095581054688 -0.142349243164063
-0.066925048828125 -0.38299560546875 -0.162017822265625 -0.21502685546875
0.089569091796875 -0.425384521484375 -0.0418243408203125 -0.2479248046875
0.2294921875 -0.41094970703125 0.055511474609375 -0.287078857421875
0.46942138671875 -0.237823486328125 0.221633911132813 -0.257919311523438
0.58197021484375 -0.182861328125 0.263015747070313 -0.1583251953125
0.60650634765625 -0.06890869140625 -0.0786056518554687 0.00710296630859375
0.549652099609375 -0.234100341796875 0.135147094726563 0.0330657958984375
0.41070556640625 -0.2486572265625 -0.464813232421875 -0.0958251953124999
0.406829833984375 -0.238922119140625 -0.428680419921875 0.43695068359375
0.313568115234375 -0.37322998046875 -0.000854492187500029 0.46966552734375
0.174407958984375 -0.44146728515625 0.160537719726563 0.19049072265625
-0.089324951171875 -0.481689453125 0.0525360107421875 0.0066871643066406
-0.21307373046875 -0.40380859375 -0.0611190795898438 -0.00195693969726564
-0.164520263671875 -0.374725341796875 -0.105766296386719 0.0439834594726563
-0.186676025390625 -0.41217041015625 -0.115478515625 -0.0180892944335938
-0.07000732421875 -0.430328369140625 -0.106719970703125 -0.0967407226562501
0.13690185546875 -0.46221923828125 0.0046539306640625 -0.15899658203125
0.2994384765625 -0.390716552734375 0.10943603515625 -0.232711791992188
0.486328125 -0.15087890625 0.3052978515625 -0.228546142578125
0.51556396484375 -0.129364013671875 0.411712646484375 -0.1444091796875
0.535400390625 -0.11309814453125 0.126953125 0.044769287109375
0.38262939453125 -0.31591796875 0.307708740234375 0.0181884765625
0.23077392578125 -0.23504638671875 -0.311798095703125 -0.0484619140625001
0.27630615234375 -0.13604736328125 -0.307159423828125 0.44293212890625
0.28668212890625 -0.268798828125 0.061431884765625 0.47808837890625
0.184234619140625 -0.393218994140625 0.179046630859375 0.262542724609375
-0.0875244140625 -0.470703125 0.118049621582031 0.136344909667969
-0.218048095703125 -0.384368896484375 0.0527725219726562 0.132881164550781
-0.173583984375 -0.351470947265625 0.003387451171875 0.159713745117187
-0.192535400390625 -0.39471435546875 -0.0191268920898438 0.101089477539062
-0.06219482421875 -0.4122314453125 -0.0467414855957031 0.0232276916503906
0.163330078125 -0.420318603515625 0.0416717529296875 -0.0608329772949219
0.314117431640625 -0.295318603515625 0.146240234375 -0.160263061523438
0.40216064453125 -0.033843994140625 0.371063232421875 -0.181396484375
0.35186767578125 -0.075469970703125 0.54461669921875 -0.098785400390625
0.3857421875 -0.16656494140625 0.309295654296875 0.083251953125
0.13970947265625 -0.32159423828125 0.433746337890625 -0.00418090820312502
0.0305099487304688 -0.131393432617188 -0.163162231445313 -0.00280761718749998
0.149139404296875 0.019561767578125 -0.186309814453125 0.40704345703125
0.249908447265625 -0.124282836914063 0.0975341796875 0.441497802734375
0.1768798828125 -0.2904052734375 0.16790771484375 0.30670166015625
-0.06787109375 -0.382781982421875 0.168167114257813 0.24713134765625
-0.18328857421875 -0.300811767578125 0.16204833984375 0.246063232421875
-0.155441284179688 -0.277496337890625 0.111495971679687 0.24835205078125
-0.1729736328125 -0.32196044921875 0.070465087890625 0.199295043945312
-0.04766845703125 -0.343109130859375 0.00747680664062499 0.125541687011719
0.164215087890625 -0.321685791015625 0.0563545227050781 0.0262031555175781
0.2716064453125 -0.151657104492188 0.158355712890625 -0.0940704345703125
0.228103637695313 0.0716094970703125 0.413116455078125 -0.12982177734375
0.119651794433594 -0.0506668090820313 0.64483642578125 -0.02789306640625
0.180557250976563 -0.226470947265625 0.441314697265625 0.1165771484375
-0.128219604492188 -0.261032104492188 0.492889404296875 -0.020477294921875
-0.14556884765625 0.00663757324218751 -0.0505714416503906 0.0369338989257813
0.0325775146484375 0.162979125976563 -0.10418701171875 0.350616455078125
0.190719604492188 0.018035888671875 0.094207763671875 0.392578125
0.141448974609375 -0.157257080078125 0.1373291015625 0.33441162109375
-0.04071044921875 -0.2386474609375 0.201812744140625 0.327056884765625
-0.119277954101563 -0.172470092773438 0.2489013671875 0.316741943359375
-0.112548828125 -0.163055419921875 0.201995849609375 0.29559326171875
-0.130203247070312 -0.208343505859375 0.145065307617187 0.264877319335938
-0.0268402099609375 -0.236297607421875 0.0502166748046875 0.20281982421875
0.139434814453125 -0.188461303710938 0.0476608276367188 0.0881576538085938
0.177780151367188 -0.001556396484375 0.1448974609375 -0.059539794921875
0.0045318603515625 0.129852294921875 0.44317626953125 -0.1070556640625
-0.129974365234375 -0.0671539306640625 0.70697021484375 0.04034423828125
-0.040924072265625 -0.281158447265625 0.50994873046875 0.1201171875
0.27386474609375 0.2650146484375 -0.4556884765625 -0.0672607421875
0.339874267578125 0.01654052734375 -0.75384521484375 -0.06976318359375
0.19122314453125 -0.155258178710938 -0.420989990234375 0.220367431640625
-0.013763427734375 -0.120559692382813 -0.0960540771484375 0.1163330078125
-0.0632743835449219 0.00740814208984375 0.000732421874999997 -0.103370666503906
0.0208511352539063 0.0807723999023438 -0.108322143554688 -0.242645263671875
0.0578727722167969 0.030609130859375 -0.244049072265625 -0.294189453125
0.0499038696289062 0.0135345458984375 -0.280853271484375 -0.28741455078125
0.0513420104980469 0.0305519104003906 -0.30743408203125 -0.31903076171875
-0.000919342041015624 0.053253173828125 -0.229736328125 -0.359161376953125
-0.096527099609375 0.0226058959960938 -0.167510986328125 -0.336181640625
-0.110366821289063 -0.123054504394531 -0.09564208984375 -0.326416015625
0.082763671875 -0.248214721679687 0.047943115234375 -0.303192138671875
0.31396484375 -0.141510009765625 0.0160598754882813 -0.104774475097656
0.2979736328125 0.101531982421875 -0.51263427734375 -0.032440185546875
0.447357177734375 0.17999267578125 -0.367034912109375 -0.02801513671875
0.470062255859375 -0.007965087890625 -0.74786376953125 -0.0974121093749999
0.3720703125 -0.19189453125 -0.467681884765625 0.27984619140625
0.126602172851562 -0.248947143554687 -0.082427978515625 0.19049072265625
0.00309753417968749 -0.154510498046875 0.0383224487304687 -0.0801315307617188
-0.0223312377929687 -0.0863723754882813 -0.108413696289063 -0.249801635742188
-0.0323333740234375 -0.106864929199219 -0.263641357421875 -0.277099609375
-0.0249710083007813 -0.123077392578125 -0.2969970703125 -0.24346923828125
-0.04132080078125 -0.124359130859375 -0.315093994140625 -0.291900634765625
-0.0394134521484375 -0.114791870117188 -0.23614501953125 -0.3482666015625
-0.0480804443359375 -0.1484375 -0.139251708984375 -0.33441162109375
-0.0111083984375 -0.24664306640625 -0.059783935546875 -0.317901611328125
0.216766357421875 -0.293670654296875 0.06817626953125 -0.281158447265625
0.443084716796875 -0.2177734375 0.0344009399414063 -0.129890441894531
0.47406005859375 0.012298583984375 -0.424713134765625 -0.0142517089843749
0.56378173828125 0.042236328125 -0.227523803710937 0.0111083984375
0.52825927734375 -0.090179443359375 -0.69970703125 -0.10498046875
0.472503662109375 -0.241363525390625 -0.4969482421875 0.352783203125
0.23358154296875 -0.3555908203125 -0.065643310546875 0.296783447265625
0.06805419921875 -0.306732177734375 0.0820846557617188 -0.0128936767578125
-0.064483642578125 -0.25567626953125 -0.0796051025390625 -0.20751953125
-0.12127685546875 -0.23663330078125 -0.239013671875 -0.216705322265625
-0.0951690673828125 -0.241302490234375 -0.26824951171875 -0.164718627929687
-0.122940063476562 -0.258773803710938 -0.280960083007813 -0.22314453125
-0.0707550048828125 -0.263824462890625 -0.215972900390625 -0.2906494140625
0.00549316406250001 -0.30780029296875 -0.104217529296875 -0.302581787109375
0.100189208984375 -0.354095458984375 -0.01593017578125 -0.30902099609375
0.349639892578125 -0.301361083984375 0.12298583984375 -0.274658203125
0.532745361328125 -0.24298095703125 0.116806030273438 -0.15655517578125
0.57855224609375 -0.05706787109375 -0.2742919921875 3.00956877665149E-17
0.594970703125 -0.124267578125 -0.052825927734375 0.0293159484863281
0.502471923828125 -0.2037353515625 -0.6046142578125 -0.0917968749999999
0.471710205078125 -0.282928466796875 -0.475982666015625 0.420806884765625
0.282501220703125 -0.412322998046875 -0.028289794921875 0.39947509765625
0.114715576171875 -0.4156494140625 0.128684997558594 0.0812149047851562
-0.1011962890625 -0.3934326171875 -0.0259246826171875 -0.11822509765625
-0.1954345703125 -0.335418701171875 -0.170730590820313 -0.118087768554688
-0.15338134765625 -0.323577880859375 -0.200485229492187 -0.058624267578125
-0.183990478515625 -0.353790283203125 -0.210342407226562 -0.121505737304688
-0.089813232421875 -0.369964599609375 -0.172866821289063 -0.197036743164063
0.057647705078125 -0.42059326171875 -0.057373046875 -0.241195678710938
0.19854736328125 -0.41754150390625 0.03704833984375 -0.283782958984375
0.448272705078125 -0.26580810546875 0.201278686523438 -0.26776123046875
0.5604248046875 -0.2198486328125 0.245635986328125 -0.17462158203125
0.59747314453125 -0.1072998046875 -0.0782394409179687 0.0169906616210938
0.525634765625 -0.2635498046875 0.134971618652344 0.0222702026367187
0.386871337890625 -0.273162841796875 -0.471832275390625 -0.0638122558593751
0.38665771484375 -0.2628173828125 -0.393890380859375 0.462890625
0.2825927734375 -0.39056396484375 0.03173828125 0.46185302734375
0.142425537109375 -0.44775390625 0.1697998046875 0.173904418945312
-0.12261962890625 -0.464630126953125 0.0456809997558594 0.00126647949218747
-0.23980712890625 -0.3812255859375 -0.0656242370605469 0.00665664672851559
-0.18841552734375 -0.35552978515625 -0.10125732421875 0.0576324462890625
-0.2166748046875 -0.39239501953125 -0.1160888671875 -0.00607299804687501
-0.0960693359375 -0.415740966796875 -0.1103515625 -0.0827713012695313
0.1014404296875 -0.4627685546875 -0.00567626953125001 -0.15704345703125
0.267242431640625 -0.4061279296875 0.093109130859375 -0.232986450195313
0.472900390625 -0.180206298828125 0.28546142578125 -0.244720458984375
0.499420166015625 -0.161895751953125 0.394989013671875 -0.16943359375
0.52325439453125 -0.1461181640625 0.128303527832031 0.0405807495117187
0.35528564453125 -0.33551025390625 0.3062744140625 -0.00503540039062502
0.210845947265625 -0.2470703125 -0.314056396484375 -0.027984619140625
0.267105102539063 -0.151336669921875 -0.271331787109375 0.461456298828125
0.264801025390625 -0.285614013671875 0.0935363769531251 0.466033935546875
0.155792236328125 -0.40252685546875 0.192901611328125 0.243972778320312
-0.120697021484375 -0.454864501953125 0.119033813476562 0.125144958496094
-0.2449951171875 -0.36322021484375 0.0567703247070312 0.131698608398437
-0.196563720703125 -0.333160400390625 0.015045166015625 0.16375732421875
-0.221435546875 -0.371856689453125 -0.01275634765625 0.105079650878906
-0.089630126953125 -0.399505615234375 -0.0431900024414063 0.0303115844726562
0.128936767578125 -0.424591064453125 0.036712646484375 -0.0627479553222657
0.289215087890625 -0.311248779296875 0.134124755859375 -0.165176391601563
0.3963623046875 -0.059051513671875 0.353790283203125 -0.200653076171875
0.340576171875 -0.0975341796875 0.52838134765625 -0.130523681640625
0.371917724609375 -0.188751220703125 0.312469482421875 0.066192626953125
0.113006591796875 -0.32489013671875 0.431884765625 -0.03619384765625
0.0207748413085938 -0.132369995117188 -0.162261962890625 0.00723266601562498
0.15191650390625 0.0113372802734375 -0.15521240234375 0.41668701171875
0.239822387695313 -0.140609741210938 0.125457763671875 0.425628662109375
0.15313720703125 -0.30096435546875 0.184326171875 0.28997802734375
-0.097686767578125 -0.371002197265625 0.177154541015625 0.232452392578125
-0.205352783203125 -0.283538818359375 0.173538208007813 0.234878540039062
-0.1739501953125 -0.261215209960938 0.127914428710937 0.241744995117187
-0.197998046875 -0.30218505859375 0.083892822265625 0.194000244140625
-0.07208251953125 -0.333648681640625 0.017486572265625 0.127662658691406
0.135498046875 -0.328887939453125 0.0577278137207031 0.0224990844726562
0.257522583007812 -0.1671142578125 0.149688720703125 -0.100479125976563
0.231094360351563 0.05682373046875 0.398345947265625 -0.153167724609375
0.113059997558594 -0.0561294555664062 0.633544921875 -0.06793212890625
0.16424560546875 -0.234481811523437 0.445953369140625 0.08770751953125
-0.14794921875 -0.248443603515625 0.489898681640625 -0.057342529296875
-0.143157958984375 0.015289306640625 -0.0472412109375 0.0378341674804687
0.04644775390625 0.160995483398438 -0.076934814453125 0.3548583984375
0.190704345703125 0.00262451171875 0.118988037109375 0.377838134765625
0.127273559570313 -0.167572021484375 0.155242919921875 0.32049560546875
-0.0602874755859375 -0.231460571289063 0.21728515625 0.307403564453125
-0.132797241210937 -0.160736083984375 0.266326904296875 0.29913330078125
-0.125152587890625 -0.151748657226563 0.219970703125 0.280532836914063
-0.148468017578125 -0.194198608398438 0.16278076171875 0.251617431640625
-0.046051025390625 -0.231216430664063 0.064483642578125 0.19964599609375
0.1212158203125 -0.197998046875 0.0530242919921875 0.0846633911132812
0.175735473632813 -0.0146026611328125 0.1392822265625 -0.0662384033203125
0.0148162841796875 0.129280090332031 0.42938232421875 -0.132659912109375
-0.134239196777344 -0.05548095703125 0.70166015625 -0.0052490234375
-0.05908203125 -0.275146484375 0.51446533203125 0.087677001953125
0.281463623046875 0.248260498046875 -0.448333740234375 -0.04876708984375
0.32659912109375 -0.0023193359375 -0.74102783203125 -0.0302124023437501
0.173599243164062 -0.161239624023438 -0.393585205078125 0.233306884765625
-0.0219039916992188 -0.115158081054688 -0.0858535766601563 0.113853454589844
-0.0615577697753906 0.0136642456054688 -0.00518035888671876 -0.102058410644531
0.0264739990234375 0.080474853515625 -0.119491577148438 -0.228073120117188
0.0612258911132812 0.0283699035644531 -0.254440307617188 -0.269424438476563
0.0530052185058594 0.0109329223632812 -0.288726806640625 -0.261383056640625
0.0543060302734375 0.0261878967285156 -0.31524658203125 -0.29180908203125
0.0048065185546875 0.0535011291503906 -0.23876953125 -0.33697509765625
-0.089691162109375 0.0313796997070313 -0.17596435546875 -0.31549072265625
-0.1136474609375 -0.110908508300781 -0.10662841796875 -0.309600830078125
0.0641632080078125 -0.245864868164063 0.030181884765625 -0.2960205078125
0.29364013671875 -0.15771484375 0.00744628906250002 -0.104057312011719
0.294830322265625 0.08416748046875 -0.498779296875 -9.15527343748856E-05
0.44439697265625 0.1590576171875 -0.36181640625 -0.012847900390625
0.45098876953125 -0.03143310546875 -0.73834228515625 -0.0568847656249999
0.348236083984375 -0.20556640625 -0.435760498046875 0.293304443359375
0.106826782226562 -0.246337890625 -0.06817626953125 0.185379028320313
-0.00491333007812501 -0.146102905273438 0.0331954956054688 -0.0824203491210938
-0.0239639282226563 -0.077392578125 -0.120620727539062 -0.235641479492187
-0.0337600708007813 -0.0999221801757812 -0.273956298828125 -0.252227783203125
-0.0276260375976563 -0.117218017578125 -0.301727294921875 -0.21697998046875
-0.0445175170898438 -0.118492126464844 -0.32275390625 -0.26263427734375
-0.0406265258789063 -0.10736083984375 -0.24395751953125 -0.324432373046875
-0.052520751953125 -0.136672973632813 -0.1500244140625 -0.31427001953125
-0.0234832763671875 -0.235061645507813 -0.071533203125 -0.303314208984375
0.19451904296875 -0.295928955078125 0.05120849609375 -0.275588989257813
0.41583251953125 -0.23736572265625 0.0231781005859375 -0.128921508789063
0.46240234375 -0.010711669921875 -0.4136962890625 0.0136413574218751
0.54913330078125 0.0201416015625 -0.22357177734375 0.01910400390625
0.503143310546875 -0.1123046875 -0.69000244140625 -0.06744384765625
0.445465087890625 -0.2578125 -0.46063232421875 0.366363525390625
0.20477294921875 -0.3543701171875 -0.047210693359375 0.287017822265625
0.0506591796875 -0.298248291015625 0.0790557861328125 -0.0195999145507813
-0.074249267578125 -0.239593505859375 -0.0925750732421875 -0.197601318359375
-0.1285400390625 -0.220504760742188 -0.247100830078125 -0.194122314453125
-0.102493286132813 -0.228347778320313 -0.2689208984375 -0.14056396484375
-0.131973266601562 -0.243255615234375 -0.28436279296875 -0.19818115234375
-0.0792236328125 -0.249664306640625 -0.223587036132812 -0.2685546875
-0.00949096679687503 -0.29473876953125 -0.1142578125 -0.2867431640625
0.0791015625 -0.34619140625 -0.02813720703125 -0.29620361328125
0.32470703125 -0.30877685546875 0.105331420898438 -0.27197265625
0.5032958984375 -0.2646484375 0.101348876953125 -0.1580810546875
0.5599365234375 -0.08258056640625 -0.265396118164062 0.018951416015625
0.5711669921875 -0.14263916015625 -0.0521202087402343 0.0288543701171875
0.474365234375 -0.2188720703125 -0.59747314453125 -0.05908203125
0.4449462890625 -0.2996826171875 -0.43719482421875 0.43414306640625
0.250091552734375 -0.4136962890625 -0.00711059570312498 0.384857177734375
0.09088134765625 -0.40557861328125 0.127548217773438 0.06829833984375
-0.11700439453125 -0.371826171875 -0.038330078125 -0.114089965820313
-0.207427978515625 -0.312225341796875 -0.17596435546875 -0.100418090820313
-0.162872314453125 -0.30517578125 -0.196258544921875 -0.0399627685546875
-0.1981201171875 -0.3306884765625 -0.211410522460937 -0.101776123046875
-0.105926513671875 -0.351409912109375 -0.176910400390625 -0.178421020507813
0.03271484375 -0.408050537109375 -0.0672454833984375 -0.230819702148438
0.170989990234375 -0.412353515625 0.0243377685546875 -0.273513793945313
0.42333984375 -0.27935791015625 0.181838989257813 -0.269424438476563
0.53094482421875 -0.243377685546875 0.226364135742188 -0.18218994140625
0.5770263671875 -0.13189697265625 -0.0741806030273437 0.02581787109375
0.4947509765625 -0.27783203125 0.131454467773438 0.0129547119140625
0.360107421875 -0.28143310546875 -0.465301513671875 -0.038818359375
0.362823486328125 -0.27349853515625 -0.354705810546875 0.47100830078125
0.25445556640625 -0.39129638671875 0.056488037109375 0.442535400390625
0.1142578125 -0.442962646484375 0.172744750976563 0.155563354492187
-0.142974853515625 -0.439422607421875 0.037200927734375 -0.0023765563964844
-0.25439453125 -0.354705810546875 -0.0677032470703125 0.0140838623046875
-0.19970703125 -0.334197998046875 -0.0929946899414063 0.066925048828125
-0.23162841796875 -0.364715576171875 -0.113555908203125 0.00506591796875
-0.113525390625 -0.395599365234375 -0.109710693359375 -0.0708694458007813
0.07220458984375 -0.450531005859375 -0.0130615234375 -0.150665283203125
0.23822021484375 -0.404022216796875 0.0798797607421875 -0.2288818359375
0.45196533203125 -0.196990966796875 0.263626098632813 -0.249969482421875
0.473541259765625 -0.183563232421875 0.370697021484375 -0.183746337890625
0.50262451171875 -0.1661376953125 0.127609252929688 0.0375595092773437
0.325714111328125 -0.340087890625 0.2984619140625 -0.02197265625
0.189956665039063 -0.248428344726563 -0.30914306640625 -0.011138916015625
0.254547119140625 -0.159042358398437 -0.237945556640625 0.46221923828125
0.24237060546875 -0.28961181640625 0.11602783203125 0.44403076171875
0.1304931640625 -0.399688720703125 0.1976318359375 0.2235107421875
-0.141632080078125 -0.43133544921875 0.11419677734375 0.114707946777344
-0.258575439453125 -0.3370361328125 0.0590896606445312 0.129119873046875
-0.207855224609375 -0.310699462890625 0.0250091552734375 0.16278076171875
-0.23736572265625 -0.34466552734375 -0.00674438476562502 0.105682373046875
-0.1080322265625 -0.380462646484375 -0.0387954711914063 0.0355987548828125
0.09881591796875 -0.416717529296875 0.0324363708496094 -0.0615692138671875
0.264373779296875 -0.31427001953125 0.123153686523438 -0.163925170898438
0.383819580078125 -0.076019287109375 0.331756591796875 -0.21246337890625
0.32391357421875 -0.11065673828125 0.506744384765625 -0.152679443359375
0.352691650390625 -0.2001953125 0.307830810546875 0.053070068359375
0.090789794921875 -0.318023681640625 0.4190673828125 -0.059814453125
0.0124130249023438 -0.128707885742188 -0.15814208984375 0.014556884765625
0.151702880859375 0.004791259765625 -0.12744140625 0.41229248046875
0.226516723632812 -0.149581909179688 0.143157958984375 0.40264892578125
0.132965087890625 -0.302215576171875 0.189468383789062 0.269119262695313
-0.115997314453125 -0.35223388671875 0.176483154296875 0.215423583984375
-0.217422485351562 -0.262680053710938 0.178909301757813 0.221649169921875
-0.183547973632812 -0.2420654296875 0.138656616210937 0.23089599609375
-0.211196899414063 -0.277664184570313 0.092041015625 0.18524169921875
-0.089599609375 -0.317840576171875 0.0245132446289063 0.126205444335937
0.110992431640625 -0.325775146484375 0.0567550659179688 0.0197334289550781
0.240310668945313 -0.17449951171875 0.141433715820313 -0.1024169921875
0.228790283203125 0.0458221435546875 0.377471923828125 -0.166290283203125
0.105178833007813 -0.0588912963867188 0.61175537109375 -0.09417724609375
0.14739990234375 -0.235122680664062 0.437652587890625 0.067352294921875
-0.158538818359375 -0.230621337890625 0.475341796875 -0.084442138671875
-0.137847900390625 0.0207977294921875 -0.0425529479980469 0.0373191833496094
0.05731201171875 0.1552734375 -0.055145263671875 0.349029541015625
0.18695068359375 -0.0086669921875 0.1331787109375 0.35595703125
0.113296508789063 -0.171768188476563 0.1639404296875 0.30023193359375
-0.073516845703125 -0.22027587890625 0.22027587890625 0.289459228515625
-0.140457153320313 -0.148452758789062 0.27301025390625 0.278091430664063
-0.131134033203125 -0.13812255859375 0.22857666015625 0.261672973632813
-0.158111572265625 -0.176300048828125 0.171768188476563 0.23638916015625
-0.060394287109375 -0.221923828125 0.0745849609375 0.1923828125
0.103073120117187 -0.199539184570312 0.0558700561523438 0.0810699462890625
0.170135498046875 -0.0239410400390625 0.13165283203125 -0.0688323974609375
0.0223770141601563 0.126091003417969 0.407623291015625 -0.146331787109375
-0.134635925292969 -0.0456924438476562 0.6812744140625 -0.03411865234375
-0.0717926025390625 -0.264007568359375 0.503875732421875 0.061981201171875
0.283233642578125 0.238800048828125 -0.442901611328125 -0.0387878417968749
0.311920166015625 -0.010955810546875 -0.72613525390625 -0.0103759765625
0.160736083984375 -0.160888671875 -0.372802734375 0.235931396484375
-0.0262527465820312 -0.109725952148437 -0.0802764892578125 0.109848022460938
-0.0595970153808594 0.0192680358886719 -0.00894165039062499 -0.100570678710938
0.0304794311523437 0.0807037353515625 -0.122314453125 -0.2166748046875
0.0640792846679688 0.0261611938476563 -0.257080078125 -0.251235961914063
0.0551338195800781 0.00859451293945313 -0.2886962890625 -0.244293212890625
0.0568084716796875 0.0226287841796875 -0.3138427734375 -0.2724609375
0.0096282958984375 0.0525894165039062 -0.23907470703125 -0.321563720703125
-0.0835800170898438 0.0373001098632813 -0.17645263671875 -0.29974365234375
-0.113517761230469 -0.102027893066406 -0.109100341796875 -0.2960205078125
0.05352783203125 -0.2412109375 0.0203857421875 -0.28936767578125
0.278350830078125 -0.164825439453125 0.00165557861328127 -0.101188659667969
0.289306640625 0.075653076171875 -0.48529052734375 0.017547607421875
0.43719482421875 0.1485595703125 -0.355010986328125 -0.00558471679687504
0.433197021484375 -0.040374755859375 -0.72467041015625 -0.0372924804687501
0.330963134765625 -0.209136962890625 -0.41241455078125 0.29522705078125
0.0943450927734375 -0.23956298828125 -0.0605316162109375 0.177947998046875
-0.0089569091796875 -0.137535095214844 0.0291900634765625 -0.0840911865234375
-0.0230064392089844 -0.0701217651367188 -0.126388549804688 -0.2247314453125
-0.0328521728515625 -0.094146728515625 -0.276885986328125 -0.233810424804687
-0.0268325805664063 -0.113685607910156 -0.3006591796875 -0.19903564453125
-0.044647216796875 -0.112739562988281 -0.320159912109375 -0.24346923828125
-0.0394363403320313 -0.10125732421875 -0.244903564453125 -0.306427001953125
-0.0524749755859375 -0.127548217773438 -0.151580810546875 -0.300140380859375
-0.028656005859375 -0.22515869140625 -0.074005126953125 -0.290771484375
0.178741455078125 -0.29345703125 0.0419464111328125 -0.269241333007813
0.393768310546875 -0.244659423828125 0.0149765014648438 -0.125694274902344
0.450714111328125 -0.02044677734375 -0.4019775390625 0.02923583984375
0.534881591796875 0.011322021484375 -0.220993041992188 0.0233306884765625
0.4825439453125 -0.1175537109375 -0.677490234375 -0.04595947265625
0.425079345703125 -0.261749267578125 -0.436279296875 0.368316650390625
0.186431884765625 -0.34710693359375 -0.0369110107421875 0.276824951171875
0.040802001953125 -0.287078857421875 0.0750503540039063 -0.0252456665039063
-0.076629638671875 -0.224380493164063 -0.100540161132813 -0.189407348632813
-0.129531860351563 -0.2081298828125 -0.249832153320313 -0.1776123046875
-0.103607177734375 -0.21826171875 -0.26544189453125 -0.124710083007813
-0.133941650390625 -0.230636596679687 -0.28253173828125 -0.177886962890625
-0.08135986328125 -0.23809814453125 -0.222015380859375 -0.25250244140625
-0.0167236328125 -0.28118896484375 -0.117538452148437 -0.273345947265625
0.06640625 -0.334686279296875 -0.032562255859375 -0.284942626953125
0.307342529296875 -0.309295654296875 0.0945587158203125 -0.266708374023437
0.479156494140625 -0.272064208984375 0.089813232421875 -0.156173706054688
0.5447998046875 -0.09307861328125 -0.256668090820312 0.0306396484375
0.55242919921875 -0.14715576171875 -0.0524826049804687 0.0294876098632812
0.451690673828125 -0.2218017578125 -0.58673095703125 -0.0407104492187499
0.42413330078125 -0.301300048828125 -0.4107666015625 0.43304443359375
0.229278564453125 -0.405364990234375 0.005584716796875 0.370880126953125
0.077789306640625 -0.395660400390625 0.125373840332031 0.0584259033203125
-0.123077392578125 -0.351470947265625 -0.0465316772460937 -0.109909057617188
-0.209808349609375 -0.294586181640625 -0.178192138671875 -0.0881805419921875
-0.1654052734375 -0.290985107421875 -0.190704345703125 -0.02880859375
-0.20159912109375 -0.3121337890625 -0.20831298828125 -0.0880126953125
-0.109039306640625 -0.336761474609375 -0.174362182617187 -0.165618896484375
0.0208740234375 -0.393829345703125 -0.0706024169921875 -0.219879150390625
0.15423583984375 -0.403594970703125 0.018951416015625 -0.265289306640625
0.405120849609375 -0.283172607421875 0.16766357421875 -0.26641845703125
0.507720947265625 -0.250946044921875 0.210891723632813 -0.18280029296875
0.55889892578125 -0.1397705078125 -0.070404052734375 0.0320205688476562
0.4752197265625 -0.278289794921875 0.127685546875 0.00831604003906248
0.34033203125 -0.279083251953125 -0.4569091796875 -0.0240478515625
0.349365234375 -0.275390625 -0.330902099609375 0.467681884765625
0.2337646484375 -0.385986328125 0.06817626953125 0.42437744140625
0.10150146484375 -0.433807373046875 0.169708251953125 0.14141845703125
-0.151611328125 -0.4189453125 0.0288047790527344 -0.00362014770507815
-0.259796142578125 -0.334381103515625 -0.0693168640136719 0.0205802917480468
-0.202423095703125 -0.317779541015625 -0.0861129760742188 0.0728530883789062
-0.237548828125 -0.34332275390625 -0.109748840332031 0.0128402709960937
-0.119964599609375 -0.378173828125 -0.106788635253906 -0.0627593994140625
0.05584716796875 -0.436553955078125 -0.0163726806640625 -0.144210815429688
0.220611572265625 -0.3968505859375 0.0741119384765625 -0.221328735351563
0.43487548828125 -0.20318603515625 0.24822998046875 -0.249176025390625
0.45306396484375 -0.190521240234375 0.35333251953125 -0.186065673828125
0.48687744140625 -0.172698974609375 0.126174926757813 0.0383682250976562
0.306640625 -0.33544921875 0.290252685546875 -0.03155517578125
0.177032470703125 -0.2440185546875 -0.302398681640625 -0.0015869140625
0.247314453125 -0.161117553710938 -0.217041015625 0.45550537109375
0.227294921875 -0.288116455078125 0.1253662109375 0.42279052734375
0.115447998046875 -0.393585205078125 0.19512939453125 0.207199096679687
-0.1519775390625 -0.411407470703125 0.1075439453125 0.107101440429687
-0.264373779296875 -0.316925048828125 0.0584869384765625 0.127449035644531
-0.2105712890625 -0.29486083984375 0.0316314697265625 0.161575317382812
-0.24395751953125 -0.323089599609375 -0.00332641601562501 0.105995178222656
-0.115203857421875 -0.3634033203125 -0.0347747802734375 0.0387611389160156
0.08148193359375 -0.404876708984375 0.0298347473144531 -0.0591773986816407
0.2479248046875 -0.3111572265625 0.11749267578125 -0.160400390625
0.373504638671875 -0.083343505859375 0.315338134765625 -0.2115478515625
0.309661865234375 -0.11529541015625 0.486053466796875 -0.1607666015625
0.33819580078125 -0.202667236328125 0.30145263671875 0.047943115234375
0.079071044921875 -0.30816650390625 0.408447265625 -0.07275390625
0.00803375244140626 -0.123649597167969 -0.152542114257813 0.01751708984375
0.152145385742188 0.0015869140625 -0.1107177734375 0.40447998046875
0.216827392578125 -0.152481079101563 0.149993896484375 0.3828125
0.1202392578125 -0.2991943359375 0.1883544921875 0.253250122070313
-0.12451171875 -0.336578369140625 0.1712646484375 0.203826904296875
-0.222320556640625 -0.246551513671875 0.178741455078125 0.21343994140625
-0.186264038085937 -0.22857666015625 0.143463134765625 0.22271728515625
-0.215972900390625 -0.258621215820313 0.0946807861328125 0.179458618164062
-0.09716796875 -0.30487060546875 0.0289688110351563 0.124176025390625
0.0947265625 -0.31756591796875 0.056182861328125 0.0196800231933594
0.229415893554687 -0.175918579101562 0.134918212890625 -0.101661682128906
0.226165771484375 0.039337158203125 0.362152099609375 -0.16912841796875
0.0978775024414063 -0.05767822265625 0.591552734375 -0.10595703125
0.136886596679687 -0.231246948242188 0.42852783203125 0.058013916015625
-0.161300659179688 -0.216690063476563 0.46240234375 -0.100494384765625
-0.134056091308594 0.0236892700195312 -0.0384559631347656 0.0359230041503906
0.0640716552734375 0.150299072265625 -0.041534423828125 0.341033935546875
0.18255615234375 -0.016143798828125 0.138397216796875 0.337982177734375
0.104156494140625 -0.172622680664063 0.16351318359375 0.28570556640625
-0.08026123046875 -0.211395263671875 0.216934204101562 0.274169921875
-0.144302368164063 -0.13848876953125 0.272384643554688 0.262619018554688
-0.1339111328125 -0.129074096679688 0.231155395507813 0.248489379882813
-0.162216186523438 -0.162033081054688 0.174285888671875 0.224945068359375
-0.068939208984375 -0.213607788085937 0.0792083740234375 0.187301635742188
0.091033935546875 -0.198287963867187 0.0569229125976563 0.0789566040039062
0.16619873046875 -0.0286712646484375 0.126060485839844 -0.068206787109375
0.0273056030273437 0.123626708984375 0.391876220703125 -0.150848388671875
-0.133804321289063 -0.0383987426757812 0.6617431640625 -0.05010986328125
-0.077972412109375 -0.254013061523438 0.491607666015625 0.05084228515625
0.287445068359375 0.23809814453125 -0.442901611328125 -0.035858154296875
0.30462646484375 -0.0140380859375 -0.72320556640625 -0.000671386718750082
0.153167724609375 -0.160552978515625 -0.363433837890625 0.236419677734375
-0.0289764404296875 -0.106338500976563 -0.0777206420898438 0.106575012207031
-0.0584182739257813 0.0241737365722656 -0.0103912353515625 -0.101913452148437
0.0345916748046875 0.08282470703125 -0.124710083007812 -0.21112060546875
0.0680046081542969 0.025787353515625 -0.260040283203125 -0.243499755859375
0.0580482482910156 0.00738525390625 -0.29180908203125 -0.2349853515625
0.059295654296875 0.0210990905761719 -0.314849853515625 -0.263214111328125
0.0139274597167969 0.0535469055175781 -0.238861083984375 -0.315582275390625
-0.0789260864257813 0.04144287109375 -0.174957275390625 -0.29351806640625
-0.1142578125 -0.09765625 -0.110076904296875 -0.29046630859375
0.0462646484375 -0.239944458007813 0.013580322265625 -0.28607177734375
0.270065307617188 -0.17047119140625 -0.00293731689453123 -0.0997543334960938
0.28948974609375 0.072906494140625 -0.47943115234375 0.0288696289062501
0.43896484375 0.147216796875 -0.356170654296875 -0.00198364257812496
0.424285888671875 -0.041900634765625 -0.7222900390625 -0.0260620117187501
0.3228759765625 -0.21075439453125 -0.4019775390625 0.2947998046875
0.0877532958984375 -0.23614501953125 -0.0569610595703125 0.173614501953125
-0.0101089477539062 -0.131843566894531 0.0266189575195313 -0.0865478515625
-0.0195503234863281 -0.0640754699707031 -0.131393432617187 -0.219711303710938
-0.0303726196289062 -0.0908355712890625 -0.279953002929688 -0.223373413085937
-0.0252227783203125 -0.111534118652344 -0.301239013671875 -0.189178466796875
-0.0437393188476563 -0.11102294921875 -0.320526123046875 -0.232666015625
-0.0369873046875 -0.098236083984375 -0.245147705078125 -0.29949951171875
-0.050811767578125 -0.121810913085938 -0.15032958984375 -0.292633056640625
-0.0312652587890625 -0.220550537109375 -0.07403564453125 -0.28607177734375
0.172119140625 -0.291717529296875 0.0358734130859375 -0.267364501953125
0.383636474609375 -0.2503662109375 0.00941467285156252 -0.124114990234375
0.447998046875 -0.02423095703125 -0.396484375 0.03802490234375
0.53271484375 0.010101318359375 -0.22119140625 0.0262603759765625
0.47381591796875 -0.11846923828125 -0.67694091796875 -0.0355834960937502
0.41815185546875 -0.263519287109375 -0.425689697265625 0.368072509765625
0.177978515625 -0.344024658203125 -0.032073974609375 0.271331787109375
0.037750244140625 -0.28271484375 0.0733261108398438 -0.0306396484375
-0.0761566162109375 -0.216339111328125 -0.107162475585938 -0.185165405273438
-0.129043579101562 -0.201309204101563 -0.254226684570313 -0.167327880859375
-0.103866577148438 -0.215057373046875 -0.264266967773438 -0.115234375
-0.13470458984375 -0.224136352539063 -0.28265380859375 -0.1685791015625
-0.079986572265625 -0.2332763671875 -0.22186279296875 -0.24530029296875
-0.018310546875 -0.275360107421875 -0.117080688476562 -0.267303466796875
0.06268310546875 -0.330718994140625 -0.032958984375 -0.281494140625
0.302398681640625 -0.3106689453125 0.0888824462890625 -0.26513671875
0.4688720703125 -0.279083251953125 0.0831756591796875 -0.155166625976563
0.541168212890625 -0.096405029296875 -0.253646850585937 0.038543701171875
0.547210693359375 -0.147857666015625 -0.0527229309082031 0.0309486389160156
0.444183349609375 -0.220977783203125 -0.58673095703125 -0.0303955078125
0.41912841796875 -0.3050537109375 -0.400604248046875 0.43328857421875
0.22039794921875 -0.403778076171875 0.0116271972656251 0.363983154296875
0.072998046875 -0.39263916015625 0.123260498046875 0.0514450073242187
-0.125640869140625 -0.34234619140625 -0.0541534423828125 -0.107452392578125
-0.213134765625 -0.28558349609375 -0.1815185546875 -0.0797119140625
-0.166473388671875 -0.28619384765625 -0.187713623046875 -0.0205230712890625
-0.204193115234375 -0.302642822265625 -0.207077026367188 -0.0798187255859375
-0.110321044921875 -0.3294677734375 -0.173538208007813 -0.158935546875
0.016754150390625 -0.386932373046875 -0.0701751708984375 -0.215194702148438
0.149169921875 -0.400787353515625 0.0179443359375 -0.261764526367188
0.40093994140625 -0.285858154296875 0.162200927734375 -0.265151977539063
0.49725341796875 -0.257720947265625 0.20257568359375 -0.182601928710938
0.555633544921875 -0.143096923828125 -0.0682411193847656 0.03778076171875
0.468658447265625 -0.27581787109375 0.127090454101563 0.00651550292968748
0.333221435546875 -0.27752685546875 -0.455657958984375 -0.015869140625
0.345306396484375 -0.2767333984375 -0.32037353515625 0.46722412109375
0.226593017578125 -0.38427734375 0.072906494140625 0.41607666015625
0.094512939453125 -0.431304931640625 0.167938232421875 0.133255004882812
-0.15576171875 -0.409149169921875 0.0206298828125 -0.00294685363769534
-0.263580322265625 -0.324432373046875 -0.0701713562011719 0.025634765625
-0.2054443359375 -0.31195068359375 -0.0811004638671875 0.0777740478515625
-0.24066162109375 -0.332183837890625 -0.10858154296875 0.0183563232421875
-0.123504638671875 -0.370269775390625 -0.105384826660156 -0.0576019287109375
0.048492431640625 -0.42974853515625 -0.016265869140625 -0.14068603515625
0.21307373046875 -0.39410400390625 0.0741119384765625 -0.219482421875
0.43212890625 -0.207305908203125 0.242431640625 -0.249252319335938
0.444793701171875 -0.19512939453125 0.34368896484375 -0.18902587890625
0.48138427734375 -0.17498779296875 0.128067016601563 0.0415878295898437
0.300048828125 -0.332305908203125 0.28936767578125 -0.036285400390625
0.171707153320313 -0.241409301757813 -0.300201416015625 0.00183105468749996
0.245956420898437 -0.162994384765625 -0.207855224609375 0.4544677734375
0.221832275390625 -0.2884521484375 0.129364013671875 0.413421630859375
0.109954833984375 -0.39337158203125 0.192352294921875 0.198486328125
-0.157379150390625 -0.40277099609375 0.100181579589844 0.105064392089844
-0.269683837890625 -0.307037353515625 0.0580215454101563 0.128799438476563
-0.21441650390625 -0.287994384765625 0.0372772216796875 0.162811279296875
-0.246673583984375 -0.311553955078125 -0.00104522705078128 0.108596801757812
-0.120391845703125 -0.35650634765625 -0.0326995849609375 0.0422134399414062
0.073486328125 -0.40020751953125 0.0300483703613281 -0.0567398071289063
0.241973876953125 -0.310699462890625 0.116317749023438 -0.159774780273438
0.371673583984375 -0.086944580078125 0.3106689453125 -0.213165283203125
0.303558349609375 -0.117523193359375 0.477874755859375 -0.16302490234375
0.3341064453125 -0.20257568359375 0.301971435546875 0.04931640625
0.0736083984375 -0.30303955078125 0.407379150390625 -0.080902099609375
0.00569915771484374 -0.122222900390625 -0.151031494140625 0.0181884765625
0.15576171875 -0.00054931640625 -0.101837158203125 0.402496337890625
0.2139892578125 -0.154754638671875 0.153411865234375 0.37249755859375
0.115447998046875 -0.301300048828125 0.186477661132813 0.244537353515625
-0.130950927734375 -0.33026123046875 0.165435791015625 0.200027465820312
-0.226898193359375 -0.238540649414062 0.179595947265625 0.2100830078125
-0.18896484375 -0.222625732421875 0.148635864257813 0.220703125
-0.220230102539062 -0.247512817382812 0.0967254638671875 0.178237915039063
-0.10321044921875 -0.29833984375 0.03155517578125 0.125518798828125
0.087310791015625 -0.3155517578125 0.0562667846679688 0.0205879211425781
0.226364135742188 -0.177032470703125 0.133880615234375 -0.100868225097656
0.227920532226563 0.0369415283203125 0.3568115234375 -0.17132568359375
0.094573974609375 -0.0574874877929687 0.58489990234375 -0.10980224609375
0.133026123046875 -0.229141235351562 0.42767333984375 0.058197021484375
-0.163772583007813 -0.2095947265625 0.459716796875 -0.110809326171875
-0.132743835449219 0.0252685546875 -0.0356636047363281 0.0333099365234375
0.07080078125 0.14764404296875 -0.035400390625 0.33782958984375
0.182540893554688 -0.0208740234375 0.1400146484375 0.329132080078125
0.100250244140625 -0.17498779296875 0.161514282226563 0.278656005859375
-0.0858917236328125 -0.207107543945312 0.212356567382813 0.26904296875
-0.148300170898438 -0.1331787109375 0.274246215820313 0.256195068359375
-0.135551452636719 -0.12384033203125 0.235595703125 0.243743896484375
-0.165817260742188 -0.154449462890625 0.17694091796875 0.22052001953125
-0.0753021240234375 -0.20989990234375 0.0819854736328125 0.186508178710938
0.0841064453125 -0.199615478515625 0.05853271484375 0.0796737670898437
0.165298461914063 -0.032135009765625 0.124229431152344 -0.0674591064453125
0.0315475463867188 0.122688293457031 0.385711669921875 -0.15240478515625
-0.133934020996094 -0.0347671508789062 0.656005859375 -0.05450439453125
-0.0810394287109375 -0.25006103515625 0.48974609375 0.04925537109375
0.301727294921875 0.23992919921875 -0.451690673828125 -0.0291137695312501
0.305084228515625 -0.017364501953125 -0.73779296875 0.01715087890625
0.149490356445313 -0.164443969726563 -0.36029052734375 0.243804931640625
-0.033447265625 -0.10528564453125 -0.0768356323242188 0.106330871582031
-0.057464599609375 0.029449462890625 -0.0147476196289062 -0.105026245117187
0.041229248046875 0.086456298828125 -0.131378173828125 -0.2098388671875
0.0738372802734375 0.02484130859375 -0.270706176757813 -0.236831665039063
0.0624618530273438 0.0060272216796875 -0.30242919921875 -0.229034423828125
0.06396484375 0.0187110900878906 -0.32427978515625 -0.258697509765625
0.019073486328125 0.0549659729003906 -0.24627685546875 -0.315093994140625
-0.0752334594726563 0.0471267700195313 -0.17803955078125 -0.292236328125
-0.118301391601562 -0.0944290161132813 -0.11505126953125 -0.290496826171875
0.03741455078125 -0.244338989257812 0.006134033203125 -0.2890625
0.266937255859375 -0.180908203125 -0.00769042968749999 -0.0995941162109375
0.29754638671875 0.069183349609375 -0.484893798828125 0.0436706542968751
0.45220947265625 0.1463623046875 -0.363037109375 0.00463867187500006
0.425872802734375 -0.047149658203125 -0.736572265625 -0.0100097656249999
0.32098388671875 -0.2196044921875 -0.399078369140625 0.30487060546875
0.081695556640625 -0.237991333007813 -0.0543060302734375 0.174331665039062
-0.0120773315429687 -0.129974365234375 0.0243072509765625 -0.0914230346679688
-0.0166587829589844 -0.05938720703125 -0.140289306640625 -0.218017578125
-0.0289688110351562 -0.089447021484375 -0.29156494140625 -0.21484375
-0.024932861328125 -0.113029479980469 -0.309295654296875 -0.180755615234375
-0.0444183349609375 -0.110649108886719 -0.329833984375 -0.22674560546875
-0.0359725952148438 -0.097137451171875 -0.2525634765625 -0.2984619140625
-0.0508956909179687 -0.118965148925781 -0.154022216796875 -0.292266845703125
-0.0365447998046875 -0.22076416015625 -0.078460693359375 -0.28741455078125
0.16656494140625 -0.300201416015625 0.028228759765625 -0.270187377929688
0.378662109375 -0.26336669921875 0.00337219238281254 -0.124679565429688
0.4571533203125 -0.031036376953125 -0.400634765625 0.05133056640625
0.5438232421875 0.006591796875 -0.225296020507812 0.0317230224609375
0.47509765625 -0.1241455078125 -0.6907958984375 -0.0201416015624999
0.41680908203125 -0.275726318359375 -0.422271728515625 0.38037109375
0.171417236328125 -0.34869384765625 -0.02685546875 0.271881103515625
0.033660888671875 -0.284454345703125 0.0717544555664063 -0.0363540649414063
-0.0772247314453125 -0.212127685546875 -0.117446899414062 -0.182968139648438
-0.1331787109375 -0.197463989257812 -0.264358520507813 -0.159088134765625
-0.107040405273438 -0.215164184570312 -0.268997192382813 -0.10638427734375
-0.14013671875 -0.22259521484375 -0.28851318359375 -0.160736083984375
-0.08380126953125 -0.232696533203125 -0.2288818359375 -0.241897583007813
-0.02227783203125 -0.274932861328125 -0.1202392578125 -0.268051147460938
0.056671142578125 -0.335601806640625 -0.036285400390625 -0.284149169921875
0.298675537109375 -0.3221435546875 0.08221435546875 -0.270477294921875
0.4642333984375 -0.2933349609375 0.0772705078125 -0.157241821289063
0.55035400390625 -0.10626220703125 -0.2532958984375 0.048309326171875
0.554534912109375 -0.15399169921875 -0.0536575317382812 0.0323600769042969
0.443572998046875 -0.22723388671875 -0.59857177734375 -0.0174560546874999
0.4190673828125 -0.319000244140625 -0.39581298828125 0.44677734375
0.21392822265625 -0.410980224609375 0.019012451171875 0.364776611328125
0.06646728515625 -0.398284912109375 0.123504638671875 0.0444869995117187
-0.131134033203125 -0.339111328125 -0.0643310546875 -0.105758666992188
-0.221435546875 -0.280487060546875 -0.1895751953125 -0.0716094970703125
-0.174041748046875 -0.285369873046875 -0.187896728515625 -0.0127105712890625
-0.2122802734375 -0.298614501953125 -0.210586547851563 -0.07177734375
-0.117767333984375 -0.32867431640625 -0.177413940429688 -0.153961181640625
0.00881958007812497 -0.389495849609375 -0.0732879638671875 -0.214187622070313
0.142913818359375 -0.4085693359375 0.016204833984375 -0.265274047851563
0.402801513671875 -0.29998779296875 0.156585693359375 -0.272003173828125
0.49395751953125 -0.27178955078125 0.198089599609375 -0.1878662109375
0.5634765625 -0.155517578125 -0.0651664733886718 0.0443038940429688
0.47174072265625 -0.28411865234375 0.129341125488281 0.00399780273437498
0.33050537109375 -0.284088134765625 -0.464813232421875 -0.00546264648437492
0.346923828125 -0.289276123046875 -0.314178466796875 0.47998046875
0.22113037109375 -0.39239501953125 0.083282470703125 0.415374755859375
0.087158203125 -0.439849853515625 0.170486450195313 0.12713623046875
-0.1654052734375 -0.4073486328125 0.0126380920410156 -0.00201702117919924
-0.27447509765625 -0.318817138671875 -0.0742950439453125 0.0318069458007812
-0.215301513671875 -0.310577392578125 -0.0773544311523438 0.0837554931640625
-0.25250244140625 -0.3258056640625 -0.107986450195313 0.0254287719726562
-0.13250732421875 -0.3702392578125 -0.106605529785156 -0.0522308349609375
0.039337158203125 -0.435150146484375 -0.017425537109375 -0.140182495117188
0.20867919921875 -0.403533935546875 0.0730438232421875 -0.224380493164063
0.43658447265625 -0.221099853515625 0.238372802734375 -0.25701904296875
0.44244384765625 -0.206634521484375 0.34307861328125 -0.19549560546875
0.488189697265625 -0.1829833984375 0.134140014648438 0.04425048828125
0.299713134765625 -0.33856201171875 0.294830322265625 -0.04541015625
0.168304443359375 -0.245330810546875 -0.304656982421875 0.00796508789062504
0.249740600585938 -0.171539306640625 -0.19940185546875 0.46533203125
0.21929931640625 -0.297332763671875 0.139495849609375 0.41156005859375
0.103851318359375 -0.4033203125 0.195236206054688 0.193283081054687
-0.168609619140625 -0.4033203125 0.0952224731445312 0.1058349609375
-0.281890869140625 -0.301605224609375 0.0598373413085938 0.131851196289062
-0.22515869140625 -0.286865234375 0.045166015625 0.1663818359375
-0.258758544921875 -0.305023193359375 0.00258636474609373 0.112640380859375
-0.12939453125 -0.35540771484375 -0.0309715270996094 0.0465126037597656
0.063995361328125 -0.405059814453125 0.0307502746582031 -0.0567893981933594
0.239471435546875 -0.320037841796875 0.116165161132813 -0.16400146484375
0.378387451171875 -0.0968017578125 0.3087158203125 -0.22222900390625
0.30224609375 -0.124237060546875 0.478759765625 -0.17303466796875
0.335693359375 -0.209747314453125 0.311126708984375 0.048370361328125
0.06878662109375 -0.30517578125 0.41229248046875 -0.094818115234375
0.00252532958984375 -0.1224365234375 -0.15130615234375 0.019134521484375
0.16229248046875 -0.0046539306640625 -0.09234619140625 0.41094970703125
0.214767456054688 -0.163345336914063 0.1619873046875 0.369598388671875
0.1109619140625 -0.310546875 0.189605712890625 0.240707397460938
-0.1416015625 -0.329315185546875 0.163543701171875 0.200302124023437
-0.239593505859375 -0.233642578125 0.185333251953125 0.209945678710937
-0.197921752929687 -0.2193603515625 0.158035278320313 0.221099853515625
-0.230239868164062 -0.240875244140625 0.1029052734375 0.179718017578125
-0.11395263671875 -0.29840087890625 0.0362319946289063 0.129158020019531
0.07818603515625 -0.32049560546875 0.0588340759277344 0.0215911865234375
0.226333618164063 -0.184844970703125 0.13470458984375 -0.1036376953125
0.234527587890625 0.0332489013671875 0.356231689453125 -0.1781005859375
0.092498779296875 -0.0579452514648438 0.5904541015625 -0.120849609375
0.13116455078125 -0.232513427734375 0.438720703125 0.054046630859375
-0.171066284179688 -0.206497192382813 0.46630859375 -0.127899169921875
-0.135108947753906 0.0271835327148438 -0.0341529846191406 0.031707763671875
0.0789947509765625 0.147445678710938 -0.025787353515625 0.342926025390625
0.186309814453125 -0.0278472900390625 0.146759033203125 0.32550048828125
0.0966949462890625 -0.182144165039063 0.16473388671875 0.276840209960937
-0.0939788818359375 -0.207138061523438 0.2139892578125 0.26885986328125
-0.15667724609375 -0.129196166992188 0.2823486328125 0.252227783203125
-0.142135620117188 -0.121612548828125 0.2459716796875 0.240676879882813
-0.1732177734375 -0.148193359375 0.185409545898437 0.219696044921875
-0.08502197265625 -0.209915161132812 0.088714599609375 0.189788818359375
0.077850341796875 -0.2041015625 0.0617218017578125 0.0813064575195312
0.167984008789063 -0.0375518798828125 0.125167846679688 -0.06878662109375
0.0372543334960938 0.124649047851563 0.386993408203125 -0.16033935546875
-0.138191223144531 -0.0305099487304688 0.66461181640625 -0.06658935546875
-0.0871124267578125 -0.2515869140625 0.500579833984375 0.043304443359375
0.324493408203125 0.2352294921875 -0.465789794921875 -0.0106201171875
0.308685302734375 -0.027862548828125 -0.75390625 0.0505981445312499
0.143280029296875 -0.172958374023438 -0.353363037109375 0.26043701171875
-0.04071044921875 -0.104560852050781 -0.07421875 0.108695983886719
-0.0560302734375 0.0364723205566406 -0.0204620361328125 -0.108253479003906
0.0513687133789062 0.0890960693359375 -0.142532348632813 -0.207672119140625
0.081512451171875 0.0214309692382813 -0.286865234375 -0.22674560546875
0.0679054260253906 0.00170516967773438 -0.320159912109375 -0.216827392578125
0.0692329406738281 0.0146293640136719 -0.34130859375 -0.248565673828125
0.025909423828125 0.0562057495117187 -0.2633056640625 -0.311767578125
-0.0712966918945312 0.054107666015625 -0.18853759765625 -0.290008544921875
-0.125434875488281 -0.0891799926757813 -0.127899169921875 -0.290618896484375
0.0241851806640625 -0.250900268554688 -0.00958251953125001 -0.29327392578125
0.260040283203125 -0.197799682617187 -0.0146331787109375 -0.100257873535156
0.309173583984375 0.05950927734375 -0.49200439453125 0.07000732421875
0.4735107421875 0.13525390625 -0.37200927734375 0.0197143554687501
0.4329833984375 -0.06072998046875 -0.75616455078125 0.0244140624999999
0.318267822265625 -0.237274169921875 -0.39276123046875 0.326629638671875
0.0702972412109375 -0.24365234375 -0.0478363037109375 0.17669677734375
-0.016876220703125 -0.128654479980469 0.0188674926757813 -0.09722900390625
-0.0136260986328125 -0.0560150146484375 -0.154632568359375 -0.214797973632813
-0.0288543701171875 -0.0891265869140625 -0.30889892578125 -0.2017822265625
-0.0272216796875 -0.115005493164063 -0.3238525390625 -0.16656494140625
-0.0470046997070313 -0.111259460449219 -0.345672607421875 -0.213043212890625
-0.0370025634765625 -0.0965805053710938 -0.269287109375 -0.293182373046875
-0.0536270141601563 -0.116653442382813 -0.164825439453125 -0.292388916015625
-0.0467681884765625 -0.221954345703125 -0.090362548828125 -0.289886474609375
0.153839111328125 -0.3133544921875 0.0143890380859375 -0.275909423828125
0.371185302734375 -0.286376953125 -0.00525665283203124 -0.125106811523438
0.46820068359375 -0.048797607421875 -0.4052734375 0.0738830566406251
0.560546875 -0.011016845703125 -0.228591918945313 0.04180908203125
0.479522705078125 -0.141693115234375 -0.71026611328125 0.0122680664062501
0.41424560546875 -0.298980712890625 -0.412841796875 0.4049072265625
0.157989501953125 -0.3603515625 -0.01544189453125 0.27587890625
0.023590087890625 -0.29034423828125 0.06951904296875 -0.0446434020996094
-0.083404541015625 -0.208831787109375 -0.13201904296875 -0.17987060546875
-0.140884399414062 -0.193466186523438 -0.279922485351563 -0.144989013671875
-0.117385864257813 -0.215179443359375 -0.277969360351563 -0.0926055908203125
-0.150604248046875 -0.21917724609375 -0.301177978515625 -0.147186279296875
-0.0925445556640625 -0.232406616210938 -0.242507934570313 -0.235137939453125
-0.032196044921875 -0.277084350585938 -0.130294799804688 -0.267593383789062
0.044189453125 -0.34332275390625 -0.046875 -0.289093017578125
0.291046142578125 -0.342742919921875 0.069854736328125 -0.278030395507813
0.456024169921875 -0.3209228515625 0.068115234375 -0.16204833984375
0.562286376953125 -0.129974365234375 -0.25457763671875 0.06451416015625
0.5643310546875 -0.17669677734375 -0.0522651672363281 0.0360298156738281
0.4434814453125 -0.245330810546875 -0.61444091796875 0.01031494140625
0.415008544921875 -0.34429931640625 -0.384185791015625 0.47235107421875
0.198486328125 -0.426605224609375 0.0358886718750001 0.367919921875
0.05267333984375 -0.410247802734375 0.125022888183594 0.0354232788085937
-0.145111083984375 -0.3363037109375 -0.0760955810546875 -0.102630615234375
-0.23748779296875 -0.27288818359375 -0.198883056640625 -0.0590362548828125
-0.1885986328125 -0.28253173828125 -0.189788818359375 -0.00137329101562499
-0.22943115234375 -0.29168701171875 -0.217269897460938 -0.0596923828125
-0.132171630859375 -0.328643798828125 -0.186538696289063 -0.147293090820313
-0.00802612304687501 -0.395172119140625 -0.0804290771484375 -0.21527099609375
0.128265380859375 -0.42169189453125 0.00703430175781252 -0.272445678710937
0.399658203125 -0.325927734375 0.145294189453125 -0.2833251953125
0.489105224609375 -0.299591064453125 0.190628051757813 -0.197998046875
0.5733642578125 -0.17950439453125 -0.0612106323242187 0.0523910522460937
0.471923828125 -0.305511474609375 0.134223937988281 -0.00234985351562502
0.326812744140625 -0.298980712890625 -0.4764404296875 0.0157470703125
0.344970703125 -0.31170654296875 -0.29974365234375 0.503265380859375
0.20867919921875 -0.4091796875 0.10211181640625 0.418243408203125
0.0719909667968751 -0.456512451171875 0.175216674804688 0.11810302734375
-0.185394287109375 -0.404998779296875 0.00527858734130858 0.00056982040405271
-0.296539306640625 -0.307891845703125 -0.0761871337890625 0.0408782958984375
-0.233367919921875 -0.305328369140625 -0.0716552734375 0.0914688110351562
-0.27191162109375 -0.317352294921875 -0.107635498046875 0.0336532592773437
-0.152069091796875 -0.370086669921875 -0.109245300292969 -0.045562744140625
0.020172119140625 -0.441802978515625 -0.0215911865234375 -0.141311645507813
0.196990966796875 -0.420501708984375 0.066375732421875 -0.23309326171875
0.43841552734375 -0.247222900390625 0.229766845703125 -0.273086547851563
0.4393310546875 -0.23065185546875 0.338470458984375 -0.213470458984375
0.493408203125 -0.206817626953125 0.1427001953125 0.0434722900390625
0.292449951171875 -0.35394287109375 0.30120849609375 -0.062103271484375
0.162155151367187 -0.25482177734375 -0.312469482421875 0.0209960937499999
0.251419067382813 -0.188079833984375 -0.180450439453125 0.483612060546875
0.21209716796875 -0.31317138671875 0.15924072265625 0.410797119140625
0.08905029296875 -0.4205322265625 0.203262329101563 0.18487548828125
-0.190338134765625 -0.40087890625 0.0930557250976563 0.107391357421875
-0.302825927734375 -0.291168212890625 0.0653152465820313 0.135154724121094
-0.2432861328125 -0.28155517578125 0.0570220947265625 0.168060302734375
-0.277984619140625 -0.294830322265625 0.00896453857421874 0.117355346679688
-0.14923095703125 -0.35528564453125 -0.0275115966796875 0.05194091796875
0.0458984375 -0.41448974609375 0.0309524536132813 -0.0576858520507813
0.231689453125 -0.33544921875 0.112838745117188 -0.17291259765625
0.38421630859375 -0.116851806640625 0.303131103515625 -0.239410400390625
0.2991943359375 -0.1395263671875 0.479888916015625 -0.1951904296875
0.336151123046875 -0.2257080078125 0.32354736328125 0.040069580078125
0.058013916015625 -0.310760498046875 0.419952392578125 -0.12054443359375
-0.00330352783203125 -0.123283386230469 -0.153594970703125 0.0240325927734375
0.169052124023438 -0.0136260986328125 -0.07440185546875 0.424591064453125
0.21337890625 -0.177627563476563 0.1798095703125 0.36676025390625
0.099273681640625 -0.326446533203125 0.198837280273438 0.235427856445312
-0.1600341796875 -0.328155517578125 0.168380737304688 0.20172119140625
-0.2572021484375 -0.2236328125 0.196441650390625 0.207809448242188
-0.212982177734375 -0.213287353515625 0.174758911132813 0.218124389648438
-0.246261596679688 -0.230941772460938 0.11541748046875 0.180938720703125
-0.1318359375 -0.297576904296875 0.0444259643554687 0.133224487304687
0.063079833984375 -0.330322265625 0.0623397827148438 0.0207939147949219
0.223922729492188 -0.198944091796875 0.133979797363281 -0.111984252929688
0.244384765625 0.0230865478515625 0.354217529296875 -0.196990966796875
0.08868408203125 -0.061004638671875 0.596923828125 -0.14825439453125
0.125 -0.24224853515625 0.453216552734375 0.040008544921875
-0.183212280273437 -0.2003173828125 0.470947265625 -0.157196044921875
-0.138351440429688 0.0334548950195312 -0.0322017669677734 0.0296440124511719
0.091033935546875 0.145675659179688 -0.00842285156249998 0.350860595703125
0.1904296875 -0.0399932861328125 0.161956787109375 0.322021484375
0.089599609375 -0.193817138671875 0.175491333007812 0.275070190429687
-0.107803344726563 -0.206207275390625 0.223846435546875 0.268478393554688
-0.169326782226562 -0.121963500976563 0.298095703125 0.24517822265625
-0.151077270507813 -0.11590576171875 0.26348876953125 0.232879638671875
-0.184890747070313 -0.139541625976563 0.1998291015625 0.21673583984375
-0.100265502929687 -0.20867919921875 0.101226806640625 0.191848754882813
0.067535400390625 -0.212814331054688 0.068450927734375 0.082122802734375
0.171401977539062 -0.0478668212890625 0.124687194824219 -0.0747146606445313
0.0463409423828125 0.1256103515625 0.386627197265625 -0.178680419921875
-0.143646240234375 -0.0230560302734375 0.6767578125 -0.09527587890625
-0.099822998046875 -0.251541137695313 0.5155029296875 0.027099609375
0.349456787109375 0.216461181640625 -0.46978759765625 0.0177917480468749
0.307220458984375 -0.045196533203125 -0.75604248046875 0.1031494140625
0.130691528320313 -0.1826171875 -0.336517333984375 0.281524658203125
-0.0496978759765625 -0.101043701171875 -0.0676498413085938 0.111358642578125
-0.0527496337890625 0.0435295104980469 -0.0291671752929688 -0.109115600585938
0.063323974609375 0.0869064331054688 -0.15606689453125 -0.198471069335938
0.0877609252929688 0.0150909423828125 -0.306976318359375 -0.206024169921875
0.07196044921875 -0.0054473876953125 -0.33673095703125 -0.1937255859375
0.0741043090820313 0.0075531005859375 -0.360137939453125 -0.224395751953125
0.0345191955566406 0.0548286437988281 -0.28375244140625 -0.297332763671875
-0.0644378662109375 0.0616416931152344 -0.203567504882813 -0.281112670898438
-0.133193969726563 -0.0794601440429687 -0.146728515625 -0.282257080078125
0.00288391113281248 -0.252334594726563 -0.03106689453125 -0.290557861328125
0.244110107421875 -0.217025756835938 -0.0228652954101562 -0.0982284545898438
0.318023681640625 0.040740966796875 -0.489837646484375 0.1080322265625
0.493011474609375 0.107269287109375 -0.37298583984375 0.043548583984375
0.430633544921875 -0.085418701171875 -0.76043701171875 0.07794189453125
0.303802490234375 -0.2584228515625 -0.3714599609375 0.3514404296875
0.0526275634765625 -0.247055053710938 -0.03656005859375 0.177993774414062
-0.02362060546875 -0.125617980957031 0.0111923217773437 -0.102363586425781
-0.0111656188964844 -0.0533599853515625 -0.170196533203125 -0.203567504882813
-0.0302810668945312 -0.0868453979492188 -0.326995849609375 -0.177703857421875
-0.0318374633789063 -0.115516662597656 -0.33551025390625 -0.1427001953125
-0.051788330078125 -0.109397888183594 -0.36175537109375 -0.188568115234375
-0.0394363403320312 -0.0941162109375 -0.2900390625 -0.276275634765625
-0.0587081909179688 -0.111457824707031 -0.18048095703125 -0.28424072265625
-0.061737060546875 -0.218551635742187 -0.108001708984375 -0.285400390625
0.131317138671875 -0.32476806640625 -0.00559997558593751 -0.274917602539063
0.349609375 -0.31317138671875 -0.0161209106445312 -0.123283386230469
0.47100830078125 -0.080902099609375 -0.400604248046875 0.104095458984375
0.56988525390625 -0.04498291015625 -0.226394653320312 0.0569610595703124
0.474761962890625 -0.168121337890625 -0.71539306640625 0.0609130859375002
0.396636962890625 -0.32879638671875 -0.38763427734375 0.431793212890625
0.133575439453125 -0.3707275390625 0.00254821777343752 0.27532958984375
0.00476074218749998 -0.2923583984375 0.0645408630371094 -0.0536842346191406
-0.0916595458984375 -0.201828002929688 -0.147964477539063 -0.168975830078125
-0.150985717773438 -0.1824951171875 -0.2940673828125 -0.121124267578125
-0.129623413085938 -0.209030151367187 -0.284149169921875 -0.070709228515625
-0.1639404296875 -0.209671020507812 -0.311981201171875 -0.123992919921875
-0.104690551757812 -0.2261962890625 -0.258316040039063 -0.219528198242188
-0.048797607421875 -0.27447509765625 -0.14501953125 -0.2613525390625
0.021942138671875 -0.348052978515625 -0.064117431640625 -0.28839111328125
0.269775390625 -0.3642578125 0.0494384765625 -0.281768798828125
0.433349609375 -0.3511962890625 0.0543365478515625 -0.1644287109375
0.560211181640625 -0.166717529296875 -0.24945068359375 0.0850982666015625
0.56231689453125 -0.21026611328125 -0.0492019653320312 0.0391349792480469
0.43231201171875 -0.271026611328125 -0.61871337890625 0.0548706054687499
0.39593505859375 -0.373687744140625 -0.35382080078125 0.498687744140625
0.17218017578125 -0.440460205078125 0.06103515625 0.364105224609375
0.025299072265625 -0.416961669921875 0.125228881835938 0.0229949951171875
-0.165283203125 -0.326202392578125 -0.0884475708007813 -0.0938186645507813
-0.25433349609375 -0.255111694335938 -0.206497192382813 -0.0406341552734375
-0.20751953125 -0.271270751953125 -0.18878173828125 0.0150146484375
-0.24810791015625 -0.27606201171875 -0.2218017578125 -0.04156494140625
-0.154266357421875 -0.319549560546875 -0.195907592773438 -0.13348388671875
-0.032470703125 -0.394287109375 -0.091705322265625 -0.211959838867188
0.10302734375 -0.43231201171875 -0.00949096679687502 -0.275909423828125
0.380218505859375 -0.35626220703125 0.12506103515625 -0.293182373046875
0.46624755859375 -0.333038330078125 0.17572021484375 -0.209320068359375
0.56964111328125 -0.21661376953125 -0.0553436279296875 0.0596466064453125
0.460845947265625 -0.335052490234375 0.136894226074219 -0.0133895874023438
0.310394287109375 -0.318603515625 -0.479736328125 0.0493164062499999
0.327239990234375 -0.3382568359375 -0.265228271484375 0.5255126953125
0.1834716796875 -0.42535400390625 0.131439208984375 0.409912109375
0.04180908203125 -0.466827392578125 0.18023681640625 0.103271484375
-0.2109375 -0.39373779296875 -0.00101757049560548 0.0051145553588867
-0.317626953125 -0.285003662109375 -0.0763092041015625 0.0511322021484375
-0.2547607421875 -0.291473388671875 -0.0629196166992187 0.0983200073242188
-0.2921142578125 -0.297027587890625 -0.104721069335938 0.0443572998046875
-0.17584228515625 -0.35906982421875 -0.110153198242188 -0.0356826782226563
-0.011199951171875 -0.444000244140625 -0.0273590087890625 -0.140701293945313
0.170257568359375 -0.43597412109375 0.0513153076171875 -0.2396240234375
0.425628662109375 -0.279632568359375 0.210357666015625 -0.289093017578125
0.421600341796875 -0.2593994140625 0.32476806640625 -0.2347412109375
0.48809814453125 -0.240509033203125 0.150054931640625 0.037139892578125
0.275146484375 -0.3717041015625 0.30047607421875 -0.086090087890625
0.14739990234375 -0.263397216796875 -0.312835693359375 0.0403747558593749
0.243728637695312 -0.207794189453125 -0.1474609375 0.49908447265625
0.193572998046875 -0.330230712890625 0.187347412109375 0.398712158203125
0.060943603515625 -0.434295654296875 0.212051391601563 0.170150756835937
-0.2177734375 -0.3875732421875 0.094085693359375 0.107749938964844
-0.325836181640625 -0.267852783203125 0.072479248046875 0.134674072265625
-0.263015747070313 -0.2657470703125 0.0719146728515625 0.165740966796875
-0.297607421875 -0.27374267578125 0.01861572265625 0.119674682617188
-0.174285888671875 -0.343536376953125 -0.0218658447265625 0.0571517944335937
0.01702880859375 -0.417266845703125 0.0295600891113281 -0.0593490600585938
0.21136474609375 -0.35498046875 0.10272216796875 -0.182113647460938
0.380859375 -0.145111083984375 0.285247802734375 -0.260986328125
0.287261962890625 -0.15740966796875 0.468841552734375 -0.22601318359375
0.327178955078125 -0.248291015625 0.333099365234375 0.0211181640625
0.04046630859375 -0.3138427734375 0.41448974609375 -0.15399169921875
-0.0109100341796875 -0.121711730957031 -0.153076171875 0.0312957763671875
0.1732177734375 -0.0265655517578125 -0.04296875 0.431243896484375
0.204360961914063 -0.195693969726563 0.204132080078125 0.3531494140625
0.0771484375 -0.338775634765625 0.210906982421875 0.222930908203125
-0.185211181640625 -0.318572998046875 0.175689697265625 0.197250366210937
-0.275497436523438 -0.202392578125 0.210128784179687 0.197540283203125
-0.2293701171875 -0.199172973632812 0.193130493164062 0.206512451171875
-0.262725830078125 -0.211334228515625 0.129592895507812 0.174942016601563
-0.154998779296875 -0.286285400390625 0.0555572509765625 0.133338928222656
0.038970947265625 -0.335601806640625 0.0661697387695312 0.0184402465820312
0.213394165039062 -0.216506958007813 0.127395629882813 -0.121612548828125
0.250137329101563 0.0057525634765625 0.3404541015625 -0.222747802734375
0.0824050903320313 -0.0644760131835938 0.59136962890625 -0.18585205078125
0.1124267578125 -0.251083374023438 0.463287353515625 0.01226806640625
-0.19610595703125 -0.18670654296875 0.46240234375 -0.196624755859375
-0.137825012207031 0.0441741943359375 -0.0306072235107422 0.0274391174316406
0.104873657226563 0.13897705078125 0.019287109375 0.3524169921875
0.19036865234375 -0.0566864013671875 0.182769775390625 0.31036376953125
0.0756683349609375 -0.204071044921875 0.189041137695313 0.264739990234375
-0.12506103515625 -0.199081420898437 0.23779296875 0.260162353515625
-0.180938720703125 -0.107955932617187 0.31414794921875 0.22601318359375
-0.160903930664063 -0.104888916015625 0.281982421875 0.215606689453125
-0.195724487304688 -0.123703002929687 0.217300415039063 0.203933715820312
-0.119491577148437 -0.200363159179688 0.117538452148437 0.18878173828125
0.0499420166015625 -0.2196044921875 0.076385498046875 0.0803146362304687
0.1700439453125 -0.0613555908203125 0.120780944824219 -0.0818862915039063
0.0577621459960938 0.122650146484375 0.37530517578125 -0.20654296875
-0.147964477539063 -0.010406494140625 0.67584228515625 -0.13922119140625
-0.11566162109375 -0.2462158203125 0.52349853515625 -0.00256347656250002
0.3626708984375 0.187042236328125 -0.458343505859375 0.0448608398437499
0.297607421875 -0.062042236328125 -0.73040771484375 0.15362548828125
0.113433837890625 -0.185943603515625 -0.307281494140625 0.293609619140625
-0.0583267211914063 -0.0936660766601563 -0.059112548828125 0.110877990722656
-0.04791259765625 0.0491256713867187 -0.0365753173828125 -0.106803894042969
0.0732498168945313 0.0806961059570313 -0.165008544921875 -0.183639526367187
0.0914154052734375 0.0062713623046875 -0.313385009765625 -0.17633056640625
0.0723953247070313 -0.0125579833984375 -0.341033935546875 -0.162841796875
0.075531005859375 -0.00038909912109375 -0.365875244140625 -0.1932373046875
0.0420722961425781 0.0512962341308594 -0.295318603515625 -0.27203369140625
-0.0547065734863281 0.0670089721679687 -0.214141845703125 -0.263046264648437
-0.135818481445313 -0.066497802734375 -0.160430908203125 -0.264236450195313
-0.0179443359375 -0.24407958984375 -0.0509796142578125 -0.277572631835938
0.220657348632813 -0.228546142578125 -0.0302581787109375 -0.0928268432617188
0.316650390625 0.0191650390625 -0.4693603515625 0.143341064453125
0.49542236328125 0.074249267578125 -0.360931396484375 0.0652770996093751
0.41650390625 -0.10833740234375 -0.7376708984375 0.12945556640625
0.278091430664063 -0.272262573242188 -0.33673095703125 0.364349365234375
0.031768798828125 -0.241744995117188 -0.0235748291015625 0.173370361328125
-0.0314254760742188 -0.118812561035156 0.00259399414062499 -0.103813171386719
-0.00831222534179687 -0.0506439208984375 -0.180282592773438 -0.18621826171875
-0.030670166015625 -0.083160400390625 -0.332061767578125 -0.1461181640625
-0.0361785888671875 -0.11273193359375 -0.33673095703125 -0.112030029296875
-0.0551986694335938 -0.105094909667969 -0.365081787109375 -0.15716552734375
-0.0405197143554687 -0.0889663696289063 -0.300323486328125 -0.250518798828125
-0.0611572265625 -0.102920532226563 -0.192352294921875 -0.268035888671875
-0.0755462646484375 -0.20782470703125 -0.123733520507813 -0.272079467773438
0.10357666015625 -0.324310302734375 -0.0259246826171875 -0.264999389648438
0.31512451171875 -0.327911376953125 -0.0269012451171875 -0.116600036621094
0.458709716796875 -0.110076904296875 -0.382659912109375 0.133636474609375
0.56146240234375 -0.07940673828125 -0.216537475585938 0.0688629150390625
0.45465087890625 -0.191925048828125 -0.694580078125 0.1109619140625
0.365692138671875 -0.349151611328125 -0.34710693359375 0.444915771484375
0.10333251953125 -0.367584228515625 0.0214080810546875 0.26544189453125
-0.0145263671875 -0.284759521484375 0.0574722290039063 -0.0598983764648438
-0.097686767578125 -0.188827514648438 -0.158096313476562 -0.153167724609375
-0.155441284179687 -0.167144775390625 -0.296630859375 -0.093048095703125
-0.138336181640625 -0.196853637695313 -0.280120849609375 -0.046112060546875
-0.171524047851563 -0.193222045898438 -0.31158447265625 -0.096832275390625
-0.1138916015625 -0.21282958984375 -0.265350341796875 -0.195785522460938
-0.0635528564453125 -0.262649536132812 -0.156021118164062 -0.247817993164063
-0.00198364257812501 -0.340423583984375 -0.081634521484375 -0.278091430664063
0.237396240234375 -0.373321533203125 0.0270538330078125 -0.275497436523438
0.394561767578125 -0.371185302734375 0.0395965576171875 -0.160919189453125
0.540802001953125 -0.199859619140625 -0.234848022460937 0.102294921875
0.542999267578125 -0.24102783203125 -0.04400634765625 0.0401687622070312
0.406524658203125 -0.28961181640625 -0.6011962890625 0.09716796875
0.362884521484375 -0.394195556640625 -0.308837890625 0.509796142578125
0.136627197265625 -0.4385986328125 0.083099365234375 0.34954833984375
-0.00320434570312499 -0.410491943359375 0.12078857421875 0.0102386474609375
-0.17889404296875 -0.304656982421875 -0.0966339111328125 -0.081695556640625
-0.26263427734375 -0.229141235351562 -0.205520629882813 -0.019683837890625
-0.219070434570313 -0.25244140625 -0.180191040039063 0.029266357421875
-0.259170532226563 -0.25140380859375 -0.217147827148438 -0.022735595703125
-0.168487548828125 -0.299163818359375 -0.198150634765625 -0.114822387695313
-0.05902099609375 -0.381195068359375 -0.101333618164063 -0.201309204101563
0.070343017578125 -0.4305419921875 -0.0278167724609375 -0.27001953125
0.3455810546875 -0.37530517578125 0.098968505859375 -0.29278564453125
0.42828369140625 -0.354339599609375 0.154373168945313 -0.2127685546875
0.546234130859375 -0.24957275390625 -0.0470123291015625 0.0636405944824219
0.434326171875 -0.355743408203125 0.133369445800781 -0.0244216918945313
0.285247802734375 -0.328643798828125 -0.464996337890625 0.08062744140625
0.29949951171875 -0.3546142578125 -0.220794677734375 0.529876708984375
0.15020751953125 -0.427581787109375 0.155059814453125 0.388427734375
0.00942993164062497 -0.46209716796875 0.178314208984375 0.0859222412109375
-0.231414794921875 -0.368011474609375 -0.00504207611083986 0.0100774765014648
-0.32843017578125 -0.25360107421875 -0.0721282958984375 0.0592498779296875
-0.267074584960938 -0.266677856445312 -0.0518875122070313 0.100662231445312
-0.30462646484375 -0.26715087890625 -0.0971298217773438 0.0532989501953125
-0.195281982421875 -0.335235595703125 -0.107307434082031 -0.025115966796875
-0.040191650390625 -0.43109130859375 -0.033416748046875 -0.135940551757813
0.137054443359375 -0.43853759765625 0.034454345703125 -0.238861083984375
0.39923095703125 -0.30206298828125 0.181671142578125 -0.29449462890625
0.391143798828125 -0.27838134765625 0.298614501953125 -0.248809814453125
0.465545654296875 -0.266204833984375 0.152725219726563 0.0276947021484375
0.24884033203125 -0.38067626953125 0.288330078125 -0.10723876953125
0.128936767578125 -0.264999389648438 -0.303802490234375 0.060211181640625
0.226791381835938 -0.221267700195313 -0.10693359375 0.4954833984375
0.167633056640625 -0.336944580078125 0.20904541015625 0.372314453125
0.02911376953125 -0.433013916015625 0.21405029296875 0.14935302734375
-0.23834228515625 -0.3629150390625 0.0944900512695313 0.10479736328125
-0.336273193359375 -0.233917236328125 0.0788192749023438 0.130592346191406
-0.274734497070312 -0.240676879882813 0.08380126953125 0.156326293945312
-0.3076171875 -0.243804931640625 0.0281753540039062 0.117683410644531
-0.196319580078125 -0.3192138671875 -0.01470947265625 0.0597305297851562
-0.0130615234375 -0.40692138671875 0.0274772644042969 -0.059967041015625
0.183197021484375 -0.360748291015625 0.08770751953125 -0.185943603515625
0.364227294921875 -0.168731689453125 0.257980346679688 -0.27197265625
0.266586303710938 -0.169204711914063 0.441162109375 -0.25
0.30645751953125 -0.2645263671875 0.33001708984375 -0.000549316406250016
0.021331787109375 -0.307373046875 0.393646240234375 -0.183135986328125
-0.018341064453125 -0.116470336914062 -0.148513793945313 0.0388031005859375
0.170013427734375 -0.0397796630859375 -0.00885009765624998 0.421630859375
0.187576293945312 -0.20745849609375 0.2210693359375 0.32843017578125
0.05126953125 -0.3416748046875 0.216339111328125 0.202316284179687
-0.20355224609375 -0.296966552734375 0.1805419921875 0.186843872070313
-0.28466796875 -0.175445556640625 0.217208862304687 0.180465698242188
-0.237640380859375 -0.17828369140625 0.204498291015625 0.186660766601563
-0.27044677734375 -0.185394287109375 0.13983154296875 0.16302490234375
-0.173202514648437 -0.265228271484375 0.0665206909179688 0.128578186035156
0.01177978515625 -0.328887939453125 0.0680999755859375 0.0143585205078125
0.19384765625 -0.227294921875 0.11553955078125 -0.127204895019531
0.245849609375 -0.011962890625 0.31402587890625 -0.23870849609375
0.0737457275390625 -0.0638961791992188 0.5634765625 -0.22027587890625
0.0948944091796875 -0.252700805664063 0.45562744140625 -0.0162353515625
-0.202041625976562 -0.167694091796875 0.43731689453125 -0.228302001953125
-0.131637573242188 0.0533294677734375 -0.0296344757080078 0.0243568420410156
0.115242004394531 0.12591552734375 0.045745849609375 0.3408203125
0.1827392578125 -0.0724029541015625 0.196807861328125 0.288330078125
0.05780029296875 -0.208404541015625 0.198898315429688 0.246795654296875
-0.138656616210938 -0.185134887695312 0.245529174804687 0.24310302734375
-0.186309814453125 -0.08990478515625 0.320343017578125 0.199798583984375
-0.165863037109375 -0.09051513671875 0.29010009765625 0.1884765625
-0.200057983398438 -0.1044921875 0.227188110351563 0.18463134765625
-0.13360595703125 -0.184402465820313 0.130294799804687 0.177886962890625
0.0302581787109375 -0.217544555664063 0.0817031860351563 0.0747756958007812
0.16265869140625 -0.0733489990234375 0.112396240234375 -0.087188720703125
0.0672149658203125 0.115577697753906 0.349334716796875 -0.226287841796875
-0.145828247070312 0.00299072265625002 0.652099609375 -0.18109130859375
-0.1282958984375 -0.232574462890625 0.513092041015625 -0.036224365234375
0.360931396484375 0.16131591796875 -0.439239501953125 0.06011962890625
0.283111572265625 -0.070892333984375 -0.693115234375 0.17987060546875
0.0992889404296875 -0.182571411132812 -0.2821044921875 0.290313720703125
-0.0626144409179688 -0.0848617553710938 -0.051971435546875 0.105911254882813
-0.0428085327148437 0.0520401000976562 -0.0406570434570313 -0.103530883789063
0.0787429809570313 0.0738677978515625 -0.165451049804688 -0.17041015625
0.0922622680664063 -0.0005950927734375 -0.309417724609375 -0.150787353515625
0.0708465576171875 -0.01837158203125 -0.3348388671875 -0.13714599609375
0.07379150390625 -0.00750732421875 -0.358612060546875 -0.16650390625
0.0473175048828125 0.0463180541992188 -0.293548583984375 -0.251983642578125
-0.0454826354980469 0.0673179626464844 -0.213623046875 -0.246368408203125
-0.134880065917969 -0.055572509765625 -0.163330078125 -0.246109008789063
-0.0306396484375 -0.23095703125 -0.0604095458984375 -0.260955810546875
0.198593139648438 -0.22906494140625 -0.034027099609375 -0.0860519409179688
0.30810546875 0.004730224609375 -0.44146728515625 0.16064453125
0.484954833984375 0.0482177734375 -0.343963623046875 0.0751342773437499
0.3953857421875 -0.118743896484375 -0.70111083984375 0.156494140625
0.253921508789063 -0.272598266601563 -0.3057861328125 0.361724853515625
0.0183563232421875 -0.230300903320313 -0.01495361328125 0.164199829101562
-0.0346450805664062 -0.110458374023438 -0.00369262695312501 -0.103477478027344
-0.0043792724609375 -0.0480270385742188 -0.18121337890625 -0.171051025390625
-0.02850341796875 -0.0799407958984375 -0.326141357421875 -0.120697021484375
-0.037506103515625 -0.109375 -0.32611083984375 -0.08929443359375
-0.0558090209960937 -0.100677490234375 -0.355194091796875 -0.13250732421875
-0.0386734008789063 -0.0839767456054688 -0.297149658203125 -0.227630615234375
-0.0594711303710938 -0.0944747924804688 -0.193405151367188 -0.251876831054687
-0.0813140869140625 -0.194808959960937 -0.128921508789063 -0.25531005859375
0.08416748046875 -0.313934326171875 -0.03631591796875 -0.24945068359375
0.28533935546875 -0.326507568359375 -0.0319976806640625 -0.107994079589844
0.44012451171875 -0.124176025390625 -0.359344482421875 0.146270751953125
0.542205810546875 -0.100433349609375 -0.204025268554687 0.073394775390625
0.430877685546875 -0.200469970703125 -0.6611328125 0.13702392578125
0.33612060546875 -0.350311279296875 -0.31268310546875 0.4388427734375
0.0819091796875 -0.3544921875 0.0320281982421875 0.250518798828125
-0.027008056640625 -0.2720947265625 0.0495567321777344 -0.0649833679199219
-0.09698486328125 -0.176559448242188 -0.158950805664063 -0.137939453125
-0.152618408203125 -0.153427124023438 -0.288665771484375 -0.0704345703125
-0.139266967773437 -0.185501098632813 -0.268722534179687 -0.028564453125
-0.171218872070313 -0.178665161132812 -0.3016357421875 -0.0761718749999999
-0.114990234375 -0.19891357421875 -0.261764526367187 -0.17547607421875
-0.06976318359375 -0.247726440429688 -0.15777587890625 -0.234054565429688
-0.016632080078125 -0.32684326171875 -0.0895538330078125 -0.264068603515625
0.209930419921875 -0.3690185546875 0.012451171875 -0.262008666992188
0.358184814453125 -0.37017822265625 0.0284423828125 -0.152862548828125
0.514801025390625 -0.215179443359375 -0.218673706054688 0.110916137695312
0.517425537109375 -0.25518798828125 -0.0400238037109375 0.0385589599609375
0.381317138671875 -0.29315185546875 -0.5723876953125 0.1209716796875
0.33349609375 -0.3941650390625 -0.272552490234375 0.49957275390625
0.112060546875 -0.425567626953125 0.09527587890625 0.327880859375
-0.021514892578125 -0.39599609375 0.112396240234375 0.000732421874999976
-0.181488037109375 -0.284576416015625 -0.0982666015625 -0.0714874267578125
-0.25933837890625 -0.206283569335938 -0.1986083984375 -0.00431823730468755
-0.219696044921875 -0.233749389648438 -0.16827392578125 0.0377655029296875
-0.256851196289063 -0.22894287109375 -0.20794677734375 -0.00860595703125
-0.171539306640625 -0.278732299804688 -0.192337036132813 -0.0997161865234375
-0.070831298828125 -0.361236572265625 -0.102676391601562 -0.191375732421875
0.0494384765625 -0.415985107421875 -0.038177490234375 -0.259246826171875
0.31591796875 -0.375091552734375 0.080322265625 -0.281707763671875
0.3914794921875 -0.354339599609375 0.136917114257813 -0.207107543945313
0.5186767578125 -0.26324462890625 -0.03961181640625 0.0649147033691406
0.408203125 -0.359527587890625 0.12799072265625 -0.0308685302734375
0.2626953125 -0.3245849609375 -0.44256591796875 0.0978393554687499
0.27374267578125 -0.355682373046875 -0.186279296875 0.51568603515625
0.1263427734375 -0.41552734375 0.165496826171875 0.361907958984375
-0.013519287109375 -0.447052001953125 0.171279907226562 0.0712738037109375
-0.235260009765625 -0.342041015625 -0.00722599029541017 0.0140151977539062
-0.32427978515625 -0.224884033203125 -0.0674934387207032 0.0655632019042968
-0.26806640625 -0.246383666992187 -0.04266357421875 0.09918212890625
-0.30242919921875 -0.240997314453125 -0.088958740234375 0.0587844848632812
-0.19964599609375 -0.309967041015625 -0.101707458496094 -0.0168914794921875
-0.056976318359375 -0.40887451171875 -0.0357284545898438 -0.130615234375
0.1136474609375 -0.42779541015625 0.02142333984375 -0.231414794921875
0.368377685546875 -0.30853271484375 0.159515380859375 -0.2874755859375
0.359588623046875 -0.279388427734375 0.273635864257813 -0.247695922851563
0.4405517578125 -0.276458740234375 0.15020751953125 0.0210418701171875
0.22784423828125 -0.37579345703125 0.272293090820312 -0.118743896484375
0.113677978515625 -0.258316040039063 -0.2899169921875 0.07000732421875
0.209976196289063 -0.22412109375 -0.07763671875 0.477813720703125
0.14654541015625 -0.3311767578125 0.217193603515625 0.344451904296875
0.00735473632812496 -0.420928955078125 0.2081298828125 0.132400512695312
-0.24505615234375 -0.33770751953125 0.0920486450195313 0.101959228515625
-0.3333740234375 -0.207122802734375 0.080657958984375 0.125038146972656
-0.273422241210938 -0.220077514648438 0.08984375 0.145050048828125
-0.305267333984375 -0.2174072265625 0.034027099609375 0.113655090332031
-0.20074462890625 -0.294219970703125 -0.00868606567382814 0.0598831176757812
-0.03179931640625 -0.387115478515625 0.0260963439941406 -0.0592918395996094
0.16033935546875 -0.3568115234375 0.0749359130859375 -0.182113647460938
0.342926025390625 -0.178680419921875 0.232315063476563 -0.2698974609375
0.246383666992188 -0.168167114257812 0.41192626953125 -0.258209228515625
0.2874755859375 -0.267822265625 0.319061279296875 -0.012115478515625
0.011077880859375 -0.295135498046875 0.36956787109375 -0.196563720703125
-0.021453857421875 -0.109817504882813 -0.142501831054687 0.0414886474609375
0.16497802734375 -0.04736328125 0.01287841796875 0.40240478515625
0.171661376953125 -0.209579467773438 0.22576904296875 0.30145263671875
0.03277587890625 -0.334442138671875 0.212158203125 0.1851806640625
-0.210281372070313 -0.275344848632812 0.178497314453125 0.178054809570312
-0.2825927734375 -0.151824951171875 0.215118408203125 0.165924072265625
-0.23712158203125 -0.16064453125 0.205413818359375 0.168167114257813
-0.266860961914063 -0.162796020507812 0.142669677734375 0.151214599609375
-0.178375244140625 -0.242919921875 0.0721206665039062 0.122314453125
-0.00494384765625 -0.314300537109375 0.068389892578125 0.0111579895019531
0.176422119140625 -0.228683471679688 0.104179382324219 -0.1265869140625
0.236862182617187 -0.023284912109375 0.286895751953125 -0.24072265625
0.0666007995605469 -0.0603752136230469 0.53106689453125 -0.2333984375
0.0824127197265625 -0.247756958007813 0.439605712890625 -0.03399658203125
-0.198532104492188 -0.150833129882813 0.407501220703125 -0.243011474609375
-0.124931335449219 0.0577621459960938 -0.0295429229736328 0.0215873718261719
0.118736267089844 0.114654541015625 0.062591552734375 0.32183837890625
0.172409057617188 -0.0810546875 0.199752807617188 0.264297485351563
0.0441741943359375 -0.206756591796875 0.198226928710938 0.230010986328125
-0.14434814453125 -0.170074462890625 0.243606567382813 0.229522705078125
-0.184417724609375 -0.0749053955078125 0.314788818359375 0.17864990234375
-0.164291381835938 -0.079345703125 0.287017822265625 0.166259765625
-0.196884155273438 -0.0890960693359375 0.22735595703125 0.1676025390625
-0.13848876953125 -0.1676025390625 0.136016845703125 0.166427612304688
0.016387939453125 -0.209457397460937 0.0843582153320313 0.06915283203125
0.153289794921875 -0.080780029296875 0.102874755859375 -0.0872726440429688
0.07171630859375 0.10723876953125 0.32196044921875 -0.23016357421875
-0.139732360839844 0.0122451782226562 0.6180419921875 -0.20062255859375
-0.131439208984375 -0.219253540039063 0.49261474609375 -0.05316162109375
0.355316162109375 0.14739990234375 -0.42425537109375 0.062744140625
0.272964477539063 -0.072052001953125 -0.6640625 0.1851806640625
0.0911407470703125 -0.1761474609375 -0.26531982421875 0.280075073242187
-0.0643157958984375 -0.07806396484375 -0.0485076904296875 0.100074768066406
-0.0396003723144531 0.0544357299804688 -0.0427474975585938 -0.102310180664063
0.0824737548828125 0.0686416625976563 -0.16229248046875 -0.164505004882813
0.0925827026367188 -0.0049896240234375 -0.301513671875 -0.137664794921875
0.0691795349121094 -0.021728515625 -0.32330322265625 -0.123199462890625
0.0724945068359375 -0.01214599609375 -0.3480224609375 -0.153045654296875
0.0510597229003906 0.0419921875 -0.287841796875 -0.23748779296875
-0.0388755798339844 0.0669403076171875 -0.208038330078125 -0.236740112304688
-0.131431579589844 -0.0486907958984375 -0.160171508789063 -0.233169555664063
-0.03533935546875 -0.219284057617188 -0.0623016357421875 -0.248641967773438
0.184234619140625 -0.223159790039062 -0.0348358154296875 -0.0812149047851563
0.300079345703125 -0.0009765625 -0.421875 0.165130615234375
0.473663330078125 0.0364990234375 -0.331451416015625 0.0750122070312501
0.382598876953125 -0.1187744140625 -0.671875 0.16326904296875
0.239669799804688 -0.267181396484375 -0.2889404296875 0.349212646484375
0.0118865966796875 -0.218978881835938 -0.01190185546875 0.155441284179688
-0.0353317260742188 -0.103157043457031 -0.0074920654296875 -0.10382080078125
-0.000129699707031253 -0.0463066101074219 -0.178009033203125 -0.163833618164063
-0.0240249633789063 -0.0786361694335938 -0.316314697265625 -0.107421875
-0.0367584228515625 -0.107437133789063 -0.31396484375 -0.077880859375
-0.0545196533203125 -0.098388671875 -0.345245361328125 -0.11846923828125
-0.0337295532226563 -0.0816802978515625 -0.29058837890625 -0.21405029296875
-0.0553054809570312 -0.0887680053710938 -0.189208984375 -0.242935180664063
-0.08221435546875 -0.1846923828125 -0.127761840820313 -0.2440185546875
0.07470703125 -0.303253173828125 -0.0393524169921875 -0.236679077148438
0.267333984375 -0.317718505859375 -0.033599853515625 -0.101310729980469
0.4248046875 -0.12811279296875 -0.34100341796875 0.149688720703125
0.52606201171875 -0.107208251953125 -0.195724487304687 0.0715484619140625
0.416107177734375 -0.197296142578125 -0.63360595703125 0.1451416015625
0.317535400390625 -0.34552001953125 -0.29376220703125 0.425323486328125
0.07354736328125 -0.33935546875 0.03485107421875 0.237411499023438
-0.0308837890625 -0.2620849609375 0.0441665649414063 -0.0678062438964844
-0.0919342041015625 -0.168960571289063 -0.157272338867188 -0.130279541015625
-0.145706176757813 -0.145721435546875 -0.27923583984375 -0.0581207275390626
-0.136871337890625 -0.178756713867188 -0.257095336914063 -0.0212707519531251
-0.16680908203125 -0.170623779296875 -0.291015625 -0.0654296875
-0.109893798828125 -0.190704345703125 -0.25372314453125 -0.163330078125
-0.06817626953125 -0.236343383789062 -0.154464721679688 -0.22601318359375
-0.021881103515625 -0.314056396484375 -0.0906524658203125 -0.2537841796875
0.19732666015625 -0.358123779296875 0.00640869140625001 -0.249481201171875
0.335968017578125 -0.35986328125 0.0236968994140625 -0.1439208984375
0.498260498046875 -0.217041015625 -0.20721435546875 0.11285400390625
0.50140380859375 -0.25372314453125 -0.03692626953125 0.0353012084960937
0.36651611328125 -0.286102294921875 -0.54998779296875 0.125518798828125
0.315216064453125 -0.38861083984375 -0.253814697265625 0.484344482421875
0.101104736328125 -0.4091796875 0.097686767578125 0.311065673828125
-0.028045654296875 -0.382232666015625 0.105262756347656 -0.00572967529296877
-0.176849365234375 -0.271240234375 -0.0972671508789063 -0.0649185180664063
-0.250579833984375 -0.193344116210938 -0.190933227539063 0.00436401367187499
-0.215911865234375 -0.224273681640625 -0.159164428710937 0.0401153564453125
-0.251190185546875 -0.215591430664063 -0.198532104492188 -0.00184631347656252
-0.166366577148438 -0.265853881835937 -0.1846923828125 -0.0912628173828125
-0.07281494140625 -0.345672607421875 -0.1005859375 -0.18572998046875
0.040771484375 -0.402313232421875 -0.0420989990234375 -0.249114990234375
0.299560546875 -0.36810302734375 0.07098388671875 -0.26934814453125
0.368896484375 -0.3446044921875 0.126998901367188 -0.198928833007813
0.50201416015625 -0.264984130859375 -0.0344009399414062 0.0659942626953125
0.393707275390625 -0.354736328125 0.1243896484375 -0.0345535278320313
0.251129150390625 -0.317474365234375 -0.424346923828125 0.101318359375
0.260009765625 -0.350433349609375 -0.16973876953125 0.497314453125
0.115478515625 -0.403778076171875 0.165557861328125 0.342620849609375
-0.0225830078125 -0.435211181640625 0.163375854492188 0.062469482421875
-0.23101806640625 -0.3255615234375 -0.00922203063964845 0.017953872680664
-0.315155029296875 -0.2093505859375 -0.0633583068847656 0.06817626953125
-0.263916015625 -0.234039306640625 -0.0368728637695313 0.0963897705078125
-0.295654296875 -0.226043701171875 -0.0831222534179688 0.0600128173828125
-0.195159912109375 -0.293365478515625 -0.0951156616210938 -0.0130233764648438
-0.06121826171875 -0.391815185546875 -0.034423828125 -0.127555847167969
0.099945068359375 -0.416351318359375 0.0163116455078125 -0.224319458007813
0.352264404296875 -0.306396484375 0.145645141601563 -0.275787353515625
0.33990478515625 -0.270477294921875 0.257705688476563 -0.24102783203125
0.42523193359375 -0.27587890625 0.148086547851563 0.0203399658203125
0.218017578125 -0.366424560546875 0.261688232421875 -0.122238159179688
0.107681274414062 -0.250732421875 -0.27850341796875 0.070953369140625
0.200729370117188 -0.22247314453125 -0.064117431640625 0.459442138671875
0.136962890625 -0.324066162109375 0.21356201171875 0.3253173828125
-0.00299072265625001 -0.410980224609375 0.198776245117188 0.122589111328125
-0.242401123046875 -0.3209228515625 0.0883102416992187 0.102500915527344
-0.3243408203125 -0.189117431640625 0.0802383422851562 0.12225341796875
-0.269378662109375 -0.208511352539063 0.0910186767578125 0.137100219726563
-0.29705810546875 -0.202239990234375 0.0370254516601562 0.110877990722656
-0.196746826171875 -0.27728271484375 -0.00425338745117188 0.0597343444824219
-0.03704833984375 -0.3709716796875 0.0266380310058594 -0.0590286254882813
0.148681640625 -0.348358154296875 0.0676422119140625 -0.176376342773438
0.33013916015625 -0.179046630859375 0.215835571289063 -0.259567260742188
0.233489990234375 -0.16107177734375 0.39166259765625 -0.253082275390625
0.276046752929688 -0.264755249023438 0.309844970703125 -0.015289306640625
0.00958251953124998 -0.285064697265625 0.352874755859375 -0.19976806640625
-0.0219955444335937 -0.104835510253906 -0.137985229492188 0.040008544921875
0.160629272460938 -0.0511322021484375 0.02264404296875 0.3851318359375
0.162322998046875 -0.208038330078125 0.2213134765625 0.282623291015625
0.021514892578125 -0.327545166015625 0.204421997070313 0.175308227539062
-0.2095947265625 -0.260879516601563 0.173126220703125 0.174606323242187
-0.276016235351563 -0.136856079101563 0.2108154296875 0.158172607421875
-0.233245849609375 -0.150650024414063 0.202102661132812 0.156692504882813
-0.260284423828125 -0.149932861328125 0.142303466796875 0.144760131835938
-0.176498413085937 -0.228057861328125 0.0751113891601563 0.118202209472656
-0.012298583984375 -0.30133056640625 0.0676193237304688 0.00873565673828123
0.166351318359375 -0.225234985351563 0.0973358154296875 -0.122871398925781
0.230560302734375 -0.02728271484375 0.268310546875 -0.233779907226563
0.0627632141113281 -0.0545463562011719 0.5087890625 -0.233062744140625
0.0775146484375 -0.241912841796875 0.42559814453125 -0.0367431640625
-0.192352294921875 -0.142242431640625 0.3887939453125 -0.244354248046875
-0.119873046875 0.0584335327148437 -0.0299549102783203 0.0183219909667969
0.119354248046875 0.106307983398438 0.0693359375 0.305450439453125
0.164657592773438 -0.08477783203125 0.195480346679688 0.24859619140625
0.035736083984375 -0.203598022460938 0.19189453125 0.219314575195313
-0.145599365234375 -0.160614013671875 0.238052368164063 0.2222900390625
-0.181671142578125 -0.064910888671875 0.305084228515625 0.167724609375
-0.162399291992188 -0.0733184814453125 0.279739379882813 0.153671264648438
-0.191696166992188 -0.0803680419921875 0.224044799804688 0.157516479492188
-0.138534545898438 -0.155899047851563 0.136825561523438 0.159103393554687
0.00975036621093752 -0.20233154296875 0.0847625732421875 0.0658493041992188
0.146316528320313 -0.082763671875 0.0967941284179688 -0.0842971801757813
0.0728607177734375 0.101699829101563 0.303741455078125 -0.2257080078125
-0.134124755859375 0.0169525146484375 0.59344482421875 -0.20147705078125
-0.130218505859375 -0.21112060546875 0.47802734375 -0.05670166015625
0.353302001953125 0.1429443359375 -0.42095947265625 0.0581970214843749
0.26983642578125 -0.070404052734375 -0.65325927734375 0.1824951171875
0.089324951171875 -0.173324584960938 -0.261093139648438 0.27362060546875
-0.06512451171875 -0.073486328125 -0.04852294921875 0.0955276489257813
-0.0384407043457031 0.05767822265625 -0.0442886352539063 -0.10418701171875
0.0861129760742188 0.0660018920898438 -0.161819458007813 -0.1654052734375
0.0954208374023438 -0.00910186767578125 -0.297515869140625 -0.1326904296875
0.0698776245117188 -0.0239677429199219 -0.319122314453125 -0.11859130859375
0.0721206665039063 -0.0149917602539063 -0.3431396484375 -0.149932861328125
0.0540504455566406 0.0388565063476563 -0.283477783203125 -0.2364501953125
-0.0342254638671875 0.0664520263671875 -0.20343017578125 -0.2359619140625
-0.130996704101563 -0.045501708984375 -0.156829833984375 -0.229568481445313
-0.0359344482421875 -0.214492797851563 -0.0608062744140625 -0.2427978515625
0.17919921875 -0.220932006835937 -0.0345077514648437 -0.0793609619140625
0.299224853515625 -0.00177001953125 -0.41436767578125 0.164947509765625
0.471649169921875 0.035430908203125 -0.32843017578125 0.0714111328125
0.378662109375 -0.115509033203125 -0.6632080078125 0.16046142578125
0.235671997070313 -0.263946533203125 -0.284576416015625 0.341888427734375
0.010162353515625 -0.21295166015625 -0.0118560791015625 0.1497802734375
-0.0345306396484375 -0.09893798828125 -0.00969696044921876 -0.106536865234375
0.00468826293945312 -0.0470848083496094 -0.177383422851563 -0.16357421875
-0.0193252563476562 -0.0802230834960937 -0.31182861328125 -0.10089111328125
-0.0353012084960938 -0.108512878417969 -0.3089599609375 -0.074188232421875
-0.0528106689453125 -0.0988693237304688 -0.338714599609375 -0.11431884765625
-0.028778076171875 -0.0826034545898438 -0.285919189453125 -0.212158203125
-0.0505523681640625 -0.0878372192382812 -0.185775756835938 -0.242919921875
-0.0812530517578125 -0.181076049804688 -0.125869750976563 -0.240753173828125
0.073272705078125 -0.29779052734375 -0.03857421875 -0.23065185546875
0.26019287109375 -0.310882568359375 -0.03369140625 -0.0974197387695313
0.424163818359375 -0.127471923828125 -0.333953857421875 0.15118408203125
0.52520751953125 -0.107666015625 -0.1937255859375 0.0686492919921875
0.412811279296875 -0.1942138671875 -0.62420654296875 0.14190673828125
0.315887451171875 -0.341827392578125 -0.28887939453125 0.4168701171875
0.071014404296875 -0.332489013671875 0.034576416015625 0.230636596679687
-0.031646728515625 -0.256805419921875 0.04034423828125 -0.0712203979492188
-0.0863189697265625 -0.167343139648437 -0.157058715820313 -0.129425048828125
-0.13958740234375 -0.144180297851563 -0.27587890625 -0.05255126953125
-0.134735107421875 -0.1787109375 -0.25177001953125 -0.0189208984375
-0.16448974609375 -0.168548583984375 -0.28582763671875 -0.06134033203125
-0.104354858398437 -0.1890869140625 -0.249267578125 -0.160720825195313
-0.064361572265625 -0.233200073242188 -0.151641845703125 -0.226181030273438
-0.021881103515625 -0.309783935546875 -0.08966064453125 -0.250274658203125
0.19451904296875 -0.355194091796875 0.00650024414062499 -0.24249267578125
0.3287353515625 -0.3516845703125 0.0229721069335938 -0.13909912109375
0.49627685546875 -0.21551513671875 -0.202255249023437 0.113418579101562
0.50048828125 -0.254486083984375 -0.0360870361328125 0.0329322814941406
0.36376953125 -0.2823486328125 -0.541656494140625 0.1231689453125
0.31085205078125 -0.38629150390625 -0.249359130859375 0.47540283203125
0.0993652343749999 -0.4034423828125 0.0965576171875 0.303009033203125
-0.0306396484375 -0.37860107421875 0.100494384765625 -0.00958251953125002
-0.172195434570312 -0.26715087890625 -0.0982208251953125 -0.06341552734375
-0.244094848632813 -0.190032958984375 -0.188079833984375 0.00785827636718746
-0.21435546875 -0.222976684570312 -0.15496826171875 0.0402679443359375
-0.247573852539063 -0.2127685546875 -0.193939208984375 0.00111389160156248
-0.161407470703125 -0.261672973632813 -0.1798095703125 -0.088592529296875
-0.068878173828125 -0.341522216796875 -0.0980224609375 -0.186187744140625
0.0391845703125 -0.39764404296875 -0.0421295166015625 -0.24664306640625
0.296173095703125 -0.36541748046875 0.068572998046875 -0.26190185546875
0.3629150390625 -0.337188720703125 0.124710083007813 -0.192474365234375
0.50030517578125 -0.263671875 -0.0318107604980468 0.0670547485351562
0.3936767578125 -0.3533935546875 0.123985290527344 -0.036773681640625
0.250732421875 -0.314178466796875 -0.4183349609375 0.0997314453125
0.257568359375 -0.3489990234375 -0.165740966796875 0.48828125
0.114715576171875 -0.39794921875 0.1634521484375 0.33343505859375
-0.02447509765625 -0.43170166015625 0.157089233398437 0.058013916015625
-0.227996826171875 -0.3209228515625 -0.0102214813232422 0.0203609466552734
-0.309600830078125 -0.204437255859375 -0.0619430541992188 0.0706253051757812
-0.262832641601563 -0.231033325195313 -0.0342025756835938 0.0940628051757812
-0.2904052734375 -0.2210693359375 -0.0792312622070313 0.0619354248046875
-0.19036865234375 -0.28924560546875 -0.0912094116210938 -0.0114364624023438
-0.060699462890625 -0.385223388671875 -0.0330734252929688 -0.128204345703125
0.098541259765625 -0.4114990234375 0.014434814453125 -0.220779418945313
0.347930908203125 -0.304351806640625 0.141693115234375 -0.268402099609375
0.335205078125 -0.26348876953125 0.253646850585938 -0.235092163085938
0.424041748046875 -0.27569580078125 0.148452758789063 0.022369384765625
0.220062255859375 -0.364227294921875 0.259292602539063 -0.123916625976563
0.107406616210938 -0.248245239257813 -0.27569580078125 0.068389892578125
0.19970703125 -0.223175048828125 -0.060699462890625 0.450439453125
0.13555908203125 -0.321746826171875 0.210968017578125 0.3162841796875
-0.00637817382812496 -0.410186767578125 0.193145751953125 0.119583129882812
-0.240325927734375 -0.316070556640625 0.0867538452148437 0.105201721191406
-0.31988525390625 -0.182464599609375 0.079681396484375 0.123237609863281
-0.269012451171875 -0.20489501953125 0.091644287109375 0.13385009765625
-0.29290771484375 -0.197723388671875 0.0394973754882812 0.1109619140625
-0.19244384765625 -0.271697998046875 -0.000549316406250017 0.0608634948730469
-0.037872314453125 -0.365509033203125 0.027496337890625 -0.0602645874023438
0.146148681640625 -0.34588623046875 0.065765380859375 -0.173965454101563
0.3271484375 -0.17822265625 0.209197998046875 -0.252655029296875
0.230850219726563 -0.154571533203125 0.385406494140625 -0.246917724609375
0.274810791015625 -0.264907836914063 0.308929443359375 -0.012939453125
0.012298583984375 -0.282440185546875 0.349456787109375 -0.20098876953125
-0.0216293334960937 -0.103378295898438 -0.137931823730469 0.03765869140625
0.161209106445313 -0.053466796875 0.025970458984375 0.375579833984375
0.1602783203125 -0.208343505859375 0.218231201171875 0.275375366210938
0.01751708984375 -0.327880859375 0.199249267578125 0.172500610351562
-0.209823608398437 -0.256515502929688 0.171524047851563 0.176986694335937
-0.27288818359375 -0.131301879882812 0.207656860351562 0.15765380859375
-0.233749389648437 -0.147857666015625 0.200653076171875 0.152511596679687
-0.258026123046875 -0.146011352539063 0.143722534179687 0.14324951171875
-0.173782348632813 -0.221939086914063 0.0772857666015625 0.118003845214844
-0.013153076171875 -0.29669189453125 0.0686988830566406 0.00765228271484373
0.16375732421875 -0.224639892578125 0.0948028564453125 -0.11981201171875
0.229644775390625 -0.0281982421875 0.261642456054688 -0.226455688476562
0.0620651245117188 -0.0495338439941406 0.500701904296875 -0.228057861328125
0.07733154296875 -0.241180419921875 0.42291259765625 -0.033111572265625
-0.188247680664063 -0.1402587890625 0.382171630859375 -0.245819091796875
-0.119186401367188 0.0587158203125 -0.0319805145263672 0.0156497955322266
0.120628356933594 0.102485656738281 0.070831298828125 0.2977294921875
0.161422729492188 -0.087890625 0.191848754882813 0.2413330078125
0.0313720703125 -0.204986572265625 0.18670654296875 0.217849731445313
-0.146820068359375 -0.1566162109375 0.235595703125 0.224029541015625
-0.181076049804688 -0.0600128173828125 0.301361083984375 0.16668701171875
-0.16241455078125 -0.0708465576171875 0.276901245117188 0.149658203125
-0.19024658203125 -0.077545166015625 0.225357055664062 0.154998779296875
-0.1383056640625 -0.150604248046875 0.138946533203125 0.158248901367188
0.00668334960937498 -0.199478149414063 0.085662841796875 0.0648193359375
0.144317626953125 -0.0845947265625 0.0944976806640625 -0.0811691284179688
0.0737152099609375 0.0997314453125 0.29473876953125 -0.22052001953125
-0.131927490234375 0.0198516845703125 0.58612060546875 -0.19964599609375
-0.128692626953125 -0.210830688476563 0.473388671875 -0.053070068359375
0.36102294921875 0.14007568359375 -0.428131103515625 0.0586242675781249
0.274444580078125 -0.0726165771484375 -0.6607666015625 0.1884765625
0.088836669921875 -0.176406860351563 -0.262039184570312 0.275680541992188
-0.0677719116210938 -0.0708160400390625 -0.04901123046875 0.093994140625
-0.0359840393066406 0.0626335144042969 -0.0485763549804687 -0.108627319335938
0.0926055908203125 0.0645675659179688 -0.166839599609375 -0.169464111328125
0.100753784179687 -0.0142745971679687 -0.30242919921875 -0.129058837890625
0.0718536376953125 -0.027435302734375 -0.32269287109375 -0.115570068359375
0.0738906860351563 -0.0176849365234375 -0.3482666015625 -0.14794921875
0.0599517822265625 0.0360870361328125 -0.289215087890625 -0.2381591796875
-0.0295448303222656 0.0679702758789063 -0.206314086914062 -0.24005126953125
-0.133544921875 -0.0417633056640625 -0.1583251953125 -0.230712890625
-0.0387115478515625 -0.214889526367187 -0.0622406005859375 -0.243057250976563
0.177902221679687 -0.224151611328125 -0.035430908203125 -0.0792770385742188
0.30615234375 -0.0045166015625 -0.41650390625 0.172760009765625
0.4820556640625 0.030853271484375 -0.333648681640625 0.0720520019531249
0.385528564453125 -0.120513916015625 -0.669921875 0.16558837890625
0.236465454101563 -0.270370483398437 -0.284912109375 0.344146728515625
0.00825500488281248 -0.212142944335938 -0.0112152099609375 0.148147583007813
-0.0349655151367188 -0.0968475341796875 -0.0141525268554688 -0.111869812011719
0.00946807861328125 -0.0491371154785156 -0.183929443359375 -0.166732788085938
-0.015716552734375 -0.0846328735351563 -0.316741943359375 -0.096038818359375
-0.0355377197265625 -0.112548828125 -0.31195068359375 -0.0705871582031249
-0.0534515380859375 -0.101554870605469 -0.342864990234375 -0.110748291015625
-0.0253524780273438 -0.0866317749023438 -0.290313720703125 -0.21282958984375
-0.0477676391601563 -0.088714599609375 -0.188995361328125 -0.247451782226562
-0.0842132568359375 -0.18157958984375 -0.128082275390625 -0.242813110351563
0.072113037109375 -0.301239013671875 -0.03912353515625 -0.230911254882813
0.260467529296875 -0.3155517578125 -0.0346908569335937 -0.0964202880859375
0.432464599609375 -0.133514404296875 -0.33648681640625 0.1568603515625
0.5350341796875 -0.114990234375 -0.19659423828125 0.0683441162109375
0.4193115234375 -0.19659423828125 -0.6302490234375 0.146240234375
0.31658935546875 -0.350555419921875 -0.288970947265625 0.421142578125
0.070220947265625 -0.3348388671875 0.0365753173828125 0.229888916015625
-0.0343475341796875 -0.258804321289063 0.0363998413085937 -0.076873779296875
-0.0854034423828125 -0.169906616210937 -0.162887573242188 -0.131240844726563
-0.137557983398438 -0.147415161132813 -0.279251098632813 -0.0473480224609375
-0.138275146484375 -0.181961059570313 -0.2532958984375 -0.0163116455078125
-0.166763305664063 -0.17071533203125 -0.288665771484375 -0.0567626953125
-0.103240966796875 -0.192657470703125 -0.25201416015625 -0.16046142578125
-0.0637359619140625 -0.235702514648438 -0.154541015625 -0.231292724609375
-0.0244140625 -0.313568115234375 -0.09259033203125 -0.253326416015625
0.195404052734375 -0.360992431640625 0.00579833984375002 -0.242431640625
0.33087158203125 -0.355560302734375 0.0224456787109375 -0.138778686523438
0.5064697265625 -0.2255859375 -0.201568603515625 0.118927001953125
0.5103759765625 -0.26361083984375 -0.0358848571777343 0.0316352844238281
0.369842529296875 -0.2879638671875 -0.547088623046875 0.127410888671875
0.312347412109375 -0.396270751953125 -0.24957275390625 0.479217529296875
0.09808349609375 -0.4097900390625 0.10028076171875 0.301483154296875
-0.03631591796875 -0.384613037109375 0.0979843139648438 -0.015350341796875
-0.173675537109375 -0.270278930664063 -0.10211181640625 -0.062713623046875
-0.244705200195313 -0.19000244140625 -0.189788818359375 0.01263427734375
-0.219985961914063 -0.225494384765625 -0.155120849609375 0.0422821044921875
-0.251693725585938 -0.213104248046875 -0.194915771484375 0.00521850585937498
-0.161636352539062 -0.26556396484375 -0.18072509765625 -0.08721923828125
-0.0712890625 -0.343841552734375 -0.0999298095703125 -0.191162109375
0.035858154296875 -0.4046630859375 -0.0451812744140625 -0.249053955078125
0.29913330078125 -0.374298095703125 0.06768798828125 -0.261184692382813
0.366485595703125 -0.338714599609375 0.12469482421875 -0.193252563476563
0.509033203125 -0.274139404296875 -0.0285263061523437 0.07049560546875
0.401947021484375 -0.36407470703125 0.126365661621094 -0.0417327880859375
0.253265380859375 -0.320892333984375 -0.42364501953125 0.102630615234375
0.258392333984375 -0.359588623046875 -0.162689208984375 0.492584228515625
0.114410400390625 -0.405609130859375 0.16845703125 0.33203125
-0.03179931640625 -0.441162109375 0.156600952148437 0.0540008544921875
-0.23358154296875 -0.323272705078125 -0.0118789672851563 0.0233516693115234
-0.31353759765625 -0.201934814453125 -0.0610504150390625 0.0743408203125
-0.270126342773438 -0.233230590820313 -0.0321578979492188 0.0942840576171875
-0.296112060546875 -0.22100830078125 -0.0766677856445313 0.0652999877929687
-0.1920166015625 -0.291290283203125 -0.08917236328125 -0.00974273681640627
-0.0635986328125 -0.38885498046875 -0.0335693359375 -0.132217407226563
0.096282958984375 -0.4197998046875 0.0126495361328125 -0.222671508789063
0.35296630859375 -0.313568115234375 0.140899658203125 -0.268096923828125
0.3385009765625 -0.2650146484375 0.256027221679688 -0.236831665039063
0.43157958984375 -0.28515625 0.154052734375 0.0240325927734375
0.22430419921875 -0.373199462890625 0.262481689453125 -0.131729125976563
0.10797119140625 -0.2528076171875 -0.27996826171875 0.0689544677734374
0.202041625976563 -0.230514526367188 -0.0560302734375 0.4515380859375
0.1356201171875 -0.329071044921875 0.214752197265625 0.31439208984375
-0.01385498046875 -0.41998291015625 0.193771362304687 0.116943359375
-0.248199462890625 -0.317291259765625 0.08782958984375 0.109535217285156
-0.324432373046875 -0.178741455078125 0.0822525024414062 0.125823974609375
-0.27685546875 -0.204696655273437 0.095458984375 0.132987976074219
-0.299560546875 -0.19586181640625 0.0438995361328125 0.113754272460937
-0.194534301757813 -0.272125244140625 0.00347900390624999 0.0627250671386719
-0.041168212890625 -0.368408203125 0.0279922485351562 -0.0628013610839844
0.143768310546875 -0.3525390625 0.0641632080078125 -0.17547607421875
0.33203125 -0.18475341796875 0.208297729492188 -0.252777099609375
0.233596801757813 -0.154205322265625 0.38897705078125 -0.251922607421875
0.2791748046875 -0.273330688476562 0.316375732421875 -0.013031005859375
0.01324462890625 -0.2879638671875 0.351043701171875 -0.2122802734375
-0.0228118896484375 -0.103904724121094 -0.141937255859375 0.036834716796875
0.165298461914063 -0.0581512451171875 0.030853271484375 0.375762939453125
0.161346435546875 -0.2164306640625 0.222198486328125 0.271896362304688
0.010467529296875 -0.337554931640625 0.200820922851563 0.172256469726562
-0.2161865234375 -0.25653076171875 0.175094604492188 0.182296752929687
-0.2777099609375 -0.126358032226563 0.21270751953125 0.158935546875
-0.240524291992188 -0.147293090820312 0.205352783203125 0.1505126953125
-0.263214111328125 -0.143447875976563 0.150283813476562 0.144119262695313
-0.177536010742187 -0.221420288085938 0.0828933715820312 0.120498657226563
-0.01715087890625 -0.2994384765625 0.0705947875976563 0.00636291503906248
0.163650512695313 -0.230743408203125 0.093841552734375 -0.120285034179688
0.234451293945313 -0.031097412109375 0.260452270507813 -0.22833251953125
0.0631446838378906 -0.047088623046875 0.506317138671875 -0.233154296875
0.0772857666015625 -0.24798583984375 0.432220458984375 -0.035858154296875
-0.190185546875 -0.141769409179688 0.3837890625 -0.256317138671875
-0.121124267578125 0.0618820190429688 -0.0351314544677735 0.0130748748779297
0.125511169433594 0.100326538085938 0.076171875 0.29522705078125
0.16162109375 -0.0947265625 0.193466186523438 0.238540649414063
0.02545166015625 -0.211349487304688 0.189300537109375 0.219985961914063
-0.15313720703125 -0.15557861328125 0.24053955078125 0.229476928710938
-0.184844970703125 -0.0548248291015625 0.30682373046875 0.16619873046875
-0.168716430664063 -0.0682830810546875 0.281890869140625 0.1475830078125
-0.194625854492187 -0.07464599609375 0.232009887695313 0.155746459960938
-0.142822265625 -0.148406982421875 0.145263671875 0.1602783203125
0.00289916992187499 -0.20184326171875 0.0887985229492188 0.0658645629882812
0.1455078125 -0.088592529296875 0.0941009521484375 -0.0804824829101563
0.0779800415039063 0.0992813110351563 0.2940673828125 -0.221771240234375
-0.132698059082031 0.0234451293945312 0.59320068359375 -0.2041015625
-0.133209228515625 -0.21502685546875 0.481689453125 -0.05487060546875
0.3768310546875 0.131072998046875 -0.440155029296875 0.07196044921875
0.279953002929688 -0.0833892822265625 -0.66912841796875 0.21197509765625
0.085235595703125 -0.184005737304688 -0.25738525390625 0.28619384765625
-0.0716629028320313 -0.0671234130859375 -0.0479583740234375 0.0950546264648438
-0.0323028564453125 0.0697517395019531 -0.0563812255859375 -0.111892700195312
0.100959777832031 0.0610809326171875 -0.179672241210938 -0.1712646484375
0.106033325195312 -0.024017333984375 -0.313995361328125 -0.119171142578125
0.0743331909179688 -0.03289794921875 -0.334259033203125 -0.103668212890625
0.0767288208007813 -0.0227127075195313 -0.361053466796875 -0.139007568359375
0.0655975341796875 0.0316009521484375 -0.30419921875 -0.236175537109375
-0.0243606567382813 0.0705184936523438 -0.217971801757813 -0.242095947265625
-0.137367248535156 -0.0362625122070313 -0.167877197265625 -0.230056762695313
-0.04779052734375 -0.217025756835938 -0.0705718994140625 -0.24530029296875
0.173431396484375 -0.235397338867188 -0.03857421875 -0.07965087890625
0.315887451171875 -0.016326904296875 -0.41998291015625 0.193939208984375
0.497711181640625 0.013458251953125 -0.340850830078125 0.082916259765625
0.39398193359375 -0.133880615234375 -0.678955078125 0.18994140625
0.234527587890625 -0.2855224609375 -0.279296875 0.3587646484375
0.00225830078124999 -0.214569091796875 -0.00753784179687501 0.149017333984375
-0.0379257202148438 -0.0939407348632813 -0.0223159790039062 -0.118316650390625
0.0125541687011719 -0.0523796081542969 -0.196731567382812 -0.166748046875
-0.0147933959960938 -0.091156005859375 -0.327239990234375 -0.084503173828125
-0.0393524169921875 -0.116592407226563 -0.321136474609375 -0.059844970703125
-0.055938720703125 -0.103851318359375 -0.354400634765625 -0.100006103515625
-0.0251388549804688 -0.0910720825195313 -0.3035888671875 -0.21014404296875
-0.0481491088867187 -0.0899658203125 -0.200881958007812 -0.2503662109375
-0.092071533203125 -0.181060791015625 -0.137985229492187 -0.243911743164063
0.064239501953125 -0.310577392578125 -0.046173095703125 -0.23284912109375
0.255096435546875 -0.328857421875 -0.0386886596679687 -0.0964202880859375
0.44244384765625 -0.153656005859375 -0.337005615234375 0.174774169921875
0.547943115234375 -0.13641357421875 -0.199264526367188 0.0753326416015625
0.42596435546875 -0.215911865234375 -0.64202880859375 0.16949462890625
0.31256103515625 -0.37188720703125 -0.28125 0.436279296875
0.061370849609375 -0.34320068359375 0.0449371337890625 0.230087280273437
-0.0448150634765625 -0.260986328125 0.0307235717773437 -0.0847396850585938
-0.0887451171875 -0.171295166015625 -0.173919677734375 -0.130081176757813
-0.141860961914063 -0.149246215820313 -0.28729248046875 -0.036346435546875
-0.14764404296875 -0.184249877929688 -0.2591552734375 -0.00657653808593746
-0.175277709960938 -0.168991088867188 -0.2952880859375 -0.04620361328125
-0.108596801757812 -0.19769287109375 -0.262100219726562 -0.155853271484375
-0.070281982421875 -0.240188598632813 -0.1654052734375 -0.234237670898438
-0.035797119140625 -0.3199462890625 -0.102920532226563 -0.255340576171875
0.188690185546875 -0.377044677734375 -0.000411987304687468 -0.245620727539063
0.3265380859375 -0.3721923828125 0.0187530517578125 -0.140625
0.515960693359375 -0.250274658203125 -0.199691772460937 0.131271362304688
0.5185546875 -0.29071044921875 -0.0350379943847656 0.0315074920654297
0.37213134765625 -0.30712890625 -0.556060791015625 0.146575927734375
0.307464599609375 -0.418975830078125 -0.23883056640625 0.495361328125
0.0881347656249999 -0.421417236328125 0.1123046875 0.300933837890625
-0.052703857421875 -0.392364501953125 0.0957489013671875 -0.0231399536132813
-0.184249877929687 -0.271041870117188 -0.10968017578125 -0.0609359741210938
-0.254196166992187 -0.187973022460938 -0.19378662109375 0.022552490234375
-0.234512329101563 -0.224517822265625 -0.1563720703125 0.0481109619140625
-0.26470947265625 -0.208786010742188 -0.196014404296875 0.01507568359375
-0.170852661132812 -0.268417358398438 -0.184967041015625 -0.08319091796875
-0.081024169921875 -0.34942626953125 -0.1087646484375 -0.19482421875
0.022918701171875 -0.41595458984375 -0.0549774169921875 -0.253097534179688
0.294830322265625 -0.395111083984375 0.0625152587890625 -0.26678466796875
0.364593505859375 -0.355438232421875 0.122909545898438 -0.1995849609375
0.51727294921875 -0.300933837890625 -0.0237655639648437 0.0756607055664062
0.404083251953125 -0.3914794921875 0.1285400390625 -0.0497283935546875
0.2501220703125 -0.337249755859375 -0.432891845703125 0.117095947265625
0.254119873046875 -0.38055419921875 -0.15081787109375 0.505523681640625
0.10400390625 -0.420440673828125 0.182861328125 0.32940673828125
-0.0509033203125 -0.452545166015625 0.1583251953125 0.0458526611328125
-0.248260498046875 -0.322784423828125 -0.0129966735839844 0.0249309539794922
-0.32452392578125 -0.1956787109375 -0.059478759765625 0.0804824829101562
-0.28680419921875 -0.228271484375 -0.0291748046875 0.0961151123046875
-0.310791015625 -0.21417236328125 -0.07257080078125 0.0719375610351562
-0.2042236328125 -0.292236328125 -0.0878677368164063 -0.00578308105468751
-0.076690673828125 -0.396759033203125 -0.0387802124023438 -0.136856079101563
0.08355712890625 -0.432586669921875 0.0047607421875 -0.227798461914063
0.352081298828125 -0.333892822265625 0.1353759765625 -0.274749755859375
0.338592529296875 -0.27777099609375 0.253997802734375 -0.248519897460938
0.43511962890625 -0.311553955078125 0.161972045898438 0.0213775634765625
0.2213134765625 -0.3951416015625 0.264678955078125 -0.148406982421875
0.102584838867188 -0.261917114257813 -0.286376953125 0.0782470703125
0.200836181640625 -0.2464599609375 -0.041900634765625 0.459503173828125
0.127838134765625 -0.344207763671875 0.229339599609375 0.3082275390625
-0.03302001953125 -0.4324951171875 0.1990966796875 0.110427856445312
-0.26513671875 -0.31585693359375 0.0931167602539062 0.11199951171875
-0.336578369140625 -0.169677734375 0.0888290405273437 0.127532958984375
-0.292572021484375 -0.19873046875 0.102287292480469 0.130241394042969
-0.313079833984375 -0.188629150390625 0.0529937744140625 0.116073608398438
-0.207199096679688 -0.271804809570313 0.010009765625 0.0650787353515625
-0.055633544921875 -0.374542236328125 0.02655029296875 -0.0667533874511719
0.135406494140625 -0.366729736328125 0.058868408203125 -0.179901123046875
0.3363037109375 -0.203033447265625 0.2041015625 -0.261032104492187
0.234939575195313 -0.161392211914063 0.390167236328125 -0.269134521484375
0.277801513671875 -0.292999267578125 0.326873779296875 -0.02178955078125
0.006591796875 -0.297943115234375 0.352508544921875 -0.233184814453125
-0.0265884399414062 -0.104866027832031 -0.146774291992188 0.0397491455078125
0.169097900390625 -0.068115234375 0.04425048828125 0.3780517578125
0.157470703125 -0.230361938476563 0.233062744140625 0.265090942382813
-0.00564575195312501 -0.34930419921875 0.208511352539063 0.168289184570312
-0.233596801757813 -0.2537841796875 0.185531616210938 0.184906005859375
-0.28765869140625 -0.116119384765625 0.222213745117187 0.156585693359375
-0.253997802734375 -0.139938354492187 0.214645385742187 0.145339965820313
-0.275131225585937 -0.135711669921875 0.162841796875 0.1429443359375
-0.189102172851563 -0.219085693359375 0.0932083129882812 0.121383666992187
-0.029541015625 -0.3050537109375 0.0732345581054688 0.00382232666015623
0.159255981445312 -0.243011474609375 0.0911407470703125 -0.124168395996094
0.241165161132812 -0.041290283203125 0.25714111328125 -0.237594604492188
0.0648956298828125 -0.0464324951171875 0.51019287109375 -0.25396728515625
0.07049560546875 -0.258575439453125 0.44427490234375 -0.048309326171875
-0.197845458984375 -0.139923095703125 0.38238525390625 -0.281005859375
-0.122673034667969 0.06842041015625 -0.0395851135253906 0.0125808715820313
0.134185791015625 0.095947265625 0.08758544921875 0.2947998046875
0.160888671875 -0.105987548828125 0.202667236328125 0.233154296875
0.0138702392578125 -0.219711303710938 0.1990966796875 0.219131469726563
-0.16607666015625 -0.151412963867188 0.254730224609375 0.2305908203125
-0.191741943359375 -0.0452423095703125 0.319122314453125 0.160552978515625
-0.17767333984375 -0.0615234375 0.293975830078125 0.13922119140625
-0.20440673828125 -0.0669403076171875 0.247329711914063 0.149551391601563
-0.152099609375 -0.145309448242188 0.159210205078125 0.159255981445313
-0.00706481933593748 -0.206863403320313 0.094207763671875 0.0651321411132812
0.145217895507813 -0.0972747802734375 0.0932998657226563 -0.0825958251953125
0.085235595703125 0.09814453125 0.29144287109375 -0.23455810546875
-0.134170532226563 0.0302276611328125 0.59991455078125 -0.22918701171875
-0.145278930664063 -0.218734741210938 0.495208740234375 -0.070281982421875
0.392913818359375 0.110382080078125 -0.4422607421875 0.097900390625
0.280120849609375 -0.100112915039062 -0.663330078125 0.24957275390625
0.0748291015625 -0.192153930664063 -0.2430419921875 0.299346923828125
-0.0762710571289062 -0.06146240234375 -0.0438461303710938 0.0962677001953125
-0.0254135131835937 0.076812744140625 -0.0666427612304687 -0.112464904785156
0.110610961914063 0.0535736083984375 -0.195465087890625 -0.165115356445313
0.108245849609375 -0.036865234375 -0.3240966796875 -0.10052490234375
0.0754241943359375 -0.0409622192382813 -0.343292236328125 -0.0832214355468751
0.0775680541992188 -0.0296554565429687 -0.3731689453125 -0.118072509765625
0.0718307495117188 0.0244216918945313 -0.32073974609375 -0.222625732421875
-0.0167465209960938 0.0720367431640625 -0.23321533203125 -0.234710693359375
-0.140853881835938 -0.0257568359375 -0.180343627929688 -0.222579956054688
-0.06097412109375 -0.215957641601563 -0.0838775634765625 -0.24322509765625
0.16119384765625 -0.247833251953125 -0.0440139770507812 -0.0781936645507813
0.322357177734375 -0.035186767578125 -0.410736083984375 0.222198486328125
0.507415771484375 -0.01531982421875 -0.340545654296875 0.101715087890625
0.393280029296875 -0.15692138671875 -0.6756591796875 0.22833251953125
0.219635009765625 -0.30426025390625 -0.263092041015625 0.372467041015625
-0.010101318359375 -0.215194702148438 0.000915527343750007 0.14813232421875
-0.041595458984375 -0.0893325805664063 -0.0338287353515625 -0.121726989746094
0.0138740539550781 -0.0552215576171875 -0.212814331054687 -0.159408569335938
-0.0175018310546875 -0.0965499877929688 -0.335723876953125 -0.063690185546875
-0.0451736450195312 -0.118232727050781 -0.326507568359375 -0.039306640625
-0.061248779296875 -0.103500366210938 -0.363006591796875 -0.0789794921874999
-0.0276260375976562 -0.0950241088867188 -0.318603515625 -0.195587158203125
-0.0501708984375 -0.0894012451171875 -0.217254638671875 -0.244277954101563
-0.102340698242188 -0.17633056640625 -0.15228271484375 -0.238601684570312
0.048370361328125 -0.317718505859375 -0.057830810546875 -0.231674194335938
0.240264892578125 -0.346954345703125 -0.0439682006835937 -0.0941696166992188
0.443145751953125 -0.181976318359375 -0.32891845703125 0.198822021484375
0.552032470703125 -0.172821044921875 -0.197341918945312 0.0861053466796874
0.421905517578125 -0.2421875 -0.6385498046875 0.2066650390625
0.295562744140625 -0.3973388671875 -0.25970458984375 0.4547119140625
0.043365478515625 -0.349853515625 0.0584259033203125 0.22698974609375
-0.05987548828125 -0.25970458984375 0.0214385986328125 -0.0912628173828125
-0.096527099609375 -0.170028686523438 -0.188232421875 -0.12225341796875
-0.149871826171875 -0.147125244140625 -0.29229736328125 -0.016845703125
-0.159896850585938 -0.180221557617188 -0.261734008789063 0.00961303710937494
-0.18548583984375 -0.162185668945313 -0.298858642578125 -0.025848388671875
-0.118194580078125 -0.196914672851563 -0.272003173828125 -0.142532348632813
-0.08087158203125 -0.239913940429687 -0.180618286132813 -0.229949951171875
-0.05419921875 -0.32061767578125 -0.118179321289062 -0.2525634765625
0.17095947265625 -0.3941650390625 -0.011749267578125 -0.2462158203125
0.309906005859375 -0.39361572265625 0.01123046875 -0.142074584960938
0.5120849609375 -0.2861328125 -0.191375732421875 0.1463623046875
0.512664794921875 -0.327789306640625 -0.0326290130615234 0.0323944091796875
0.36138916015625 -0.331939697265625 -0.554931640625 0.17852783203125
0.287841796875 -0.445343017578125 -0.214385986328125 0.511383056640625
0.06622314453125 -0.431732177734375 0.129638671875 0.294830322265625
-0.077423095703125 -0.394866943359375 0.0904006958007813 -0.0333328247070313
-0.200775146484375 -0.264358520507812 -0.117576599121094 -0.0541915893554688
-0.265121459960937 -0.17779541015625 -0.194915771484375 0.036712646484375
-0.251235961914063 -0.214553833007813 -0.155120849609375 0.0580596923828125
-0.278549194335938 -0.195755004882812 -0.19390869140625 0.028472900390625
-0.185760498046875 -0.264404296875 -0.189376831054688 -0.0733795166015625
-0.100738525390625 -0.3507080078125 -0.12139892578125 -0.192901611328125
-0.000671386718750024 -0.422393798828125 -0.06951904296875 -0.252059936523438
0.278564453125 -0.4189453125 0.050506591796875 -0.270065307617188
0.35113525390625 -0.378326416015625 0.11328125 -0.207015991210938
0.5091552734375 -0.339324951171875 -0.0164871215820312 0.080108642578125
0.38922119140625 -0.423187255859375 0.127960205078125 -0.060089111328125
0.2357177734375 -0.35552978515625 -0.432373046875 0.141326904296875
0.234954833984375 -0.40252685546875 -0.124603271484375 0.5152587890625
0.08172607421875 -0.43438720703125 0.200836181640625 0.318145751953125
-0.0831909179687499 -0.45623779296875 0.157272338867188 0.03375244140625
-0.2705078125 -0.313232421875 -0.0139961242675781 0.0284023284912109
-0.338592529296875 -0.1787109375 -0.0559234619140625 0.0870895385742188
-0.30487060546875 -0.2152099609375 -0.0237884521484375 0.09857177734375
-0.3255615234375 -0.1983642578125 -0.0648269653320313 0.0777816772460937
-0.221466064453125 -0.286163330078125 -0.0852279663085938 -0.000709533691406274
-0.098785400390625 -0.395782470703125 -0.0466995239257813 -0.137130737304688
0.05950927734375 -0.44525146484375 -0.00852966308593751 -0.229202270507813
0.339080810546875 -0.362091064453125 0.123291015625 -0.2813720703125
0.32989501953125 -0.297943115234375 0.24407958984375 -0.264053344726563
0.42437744140625 -0.34454345703125 0.16912841796875 0.0139923095703125
0.203460693359375 -0.41680908203125 0.258636474609375 -0.16876220703125
0.0897216796875 -0.270675659179688 -0.288055419921875 0.094085693359375
0.189605712890625 -0.264068603515625 -0.0179443359375 0.462432861328125
0.11029052734375 -0.358551025390625 0.246612548828125 0.293914794921875
-0.064056396484375 -0.438568115234375 0.202529907226563 0.097137451171875
-0.28826904296875 -0.3037109375 0.099945068359375 0.110649108886719
-0.348968505859375 -0.150848388671875 0.0968551635742187 0.1253662109375
-0.309722900390625 -0.182708740234375 0.110572814941406 0.124488830566406
-0.328521728515625 -0.17083740234375 0.0644454956054687 0.113510131835937
-0.224212646484375 -0.263092041015625 0.017730712890625 0.0653610229492187
-0.07720947265625 -0.3748779296875 0.0236663818359375 -0.0697174072265625
0.11505126953125 -0.380584716796875 0.04913330078125 -0.183013916015625
0.33123779296875 -0.226837158203125 0.192352294921875 -0.271347045898438
0.230850219726562 -0.173370361328125 0.3798828125 -0.292236328125
0.265411376953125 -0.314849853515625 0.333709716796875 -0.038818359375
-0.00860595703125002 -0.3062744140625 0.34124755859375 -0.260406494140625
-0.0333786010742187 -0.103645324707031 -0.150054931640625 0.047943115234375
0.168960571289063 -0.0811920166015625 0.064727783203125 0.375335693359375
0.144912719726563 -0.245941162109375 0.2464599609375 0.24957275390625
-0.032196044921875 -0.35565185546875 0.216339111328125 0.156173706054687
-0.252761840820313 -0.242095947265625 0.198760986328125 0.1793212890625
-0.297760009765625 -0.0974426269531249 0.233612060546875 0.146820068359375
-0.267333984375 -0.124191284179688 0.22564697265625 0.13250732421875
-0.287139892578125 -0.1185302734375 0.177291870117187 0.132797241210937
-0.203140258789063 -0.20928955078125 0.10577392578125 0.1170654296875
-0.048614501953125 -0.30621337890625 0.0744400024414063 0.000114440917968731
0.146697998046875 -0.25653076171875 0.0850601196289063 -0.127716064453125
0.244354248046875 -0.05792236328125 0.245880126953125 -0.250503540039063
0.0645980834960938 -0.0472564697265625 0.501617431640625 -0.28533935546875
0.0549163818359375 -0.26885986328125 0.4510498046875 -0.0723876953125
-0.20770263671875 -0.132766723632812 0.367584228515625 -0.310150146484375
-0.120399475097656 0.077545166015625 -0.0430679321289063 0.0140800476074219
0.142547607421875 0.087005615234375 0.104583740234375 0.28826904296875
0.15362548828125 -0.119888305664062 0.213394165039063 0.220138549804688
-0.00442504882812499 -0.225006103515625 0.211471557617187 0.209060668945312
-0.17919921875 -0.140731811523438 0.271636962890625 0.222320556640625
-0.196640014648438 -0.030792236328125 0.331878662109375 0.144805908203125
-0.185836791992187 -0.049407958984375 0.305084228515625 0.122161865234375
-0.212417602539062 -0.0535888671875 0.26312255859375 0.1337890625
-0.163864135742188 -0.135528564453125 0.174636840820313 0.15179443359375
-0.0205841064453125 -0.208587646484375 0.100341796875 0.0612411499023437
0.1407470703125 -0.108566284179688 0.089324951171875 -0.0853652954101563
0.0941162109375 0.09295654296875 0.27862548828125 -0.24835205078125
-0.133171081542969 0.0403213500976563 0.59375 -0.26556396484375
-0.162094116210938 -0.214691162109375 0.5001220703125 -0.0966796875
0.396728515625 0.083740234375 -0.43035888671875 0.11865234375
0.271408081054688 -0.116409301757813 -0.63751220703125 0.282470703125
0.060699462890625 -0.194412231445313 -0.22149658203125 0.302825927734375
-0.07830810546875 -0.0534820556640625 -0.0367965698242188 0.0942840576171875
-0.0153656005859375 0.0806427001953125 -0.0756759643554688 -0.108253479003906
0.116111755371094 0.0431060791015625 -0.206893920898437 -0.152862548828125
0.105133056640625 -0.0488128662109375 -0.3255615234375 -0.075958251953125
0.0729522705078125 -0.0482406616210938 -0.340545654296875 -0.05841064453125
0.076904296875 -0.037261962890625 -0.37249755859375 -0.0914306640625
0.074371337890625 0.0157852172851563 -0.329742431640625 -0.201263427734375
-0.00864410400390624 0.0711135864257813 -0.242034912109375 -0.219650268554687
-0.139091491699219 -0.0140533447265625 -0.188674926757813 -0.20745849609375
-0.073486328125 -0.207565307617188 -0.095428466796875 -0.233200073242188
0.142105102539063 -0.252914428710938 -0.0479812622070313 -0.074127197265625
0.318206787109375 -0.055633544921875 -0.387969970703125 0.247039794921875
0.50262451171875 -0.047637939453125 -0.328521728515625 0.11932373046875
0.380035400390625 -0.178131103515625 -0.6517333984375 0.26116943359375
0.196136474609375 -0.314361572265625 -0.235626220703125 0.377685546875
-0.0221405029296875 -0.208389282226563 0.00991821289062499 0.142593383789063
-0.0431365966796875 -0.0815048217773438 -0.0449752807617188 -0.12017822265625
0.0146522521972656 -0.0569801330566406 -0.224411010742188 -0.145004272460938
-0.0216903686523438 -0.100006103515625 -0.33392333984375 -0.03924560546875
-0.0513153076171875 -0.116622924804687 -0.322723388671875 -0.015838623046875
-0.0643081665039063 -0.100494384765625 -0.359405517578125 -0.0496826171875
-0.0311126708984375 -0.0958480834960938 -0.325592041015625 -0.173309326171875
-0.0511703491210937 -0.08648681640625 -0.227981567382813 -0.230422973632812
-0.110870361328125 -0.166015625 -0.162445068359375 -0.224563598632813
0.028167724609375 -0.315887451171875 -0.0688018798828125 -0.223464965820313
0.21466064453125 -0.353546142578125 -0.0492019653320312 -0.0893707275390625
0.427703857421875 -0.210418701171875 -0.307037353515625 0.21697998046875
0.53631591796875 -0.20751953125 -0.187591552734375 0.0951690673828125
0.404510498046875 -0.2633056640625 -0.61529541015625 0.23797607421875
0.2652587890625 -0.410888671875 -0.2308349609375 0.45855712890625
0.0216064453125 -0.345916748046875 0.0706329345703125 0.216156005859375
-0.073394775390625 -0.248794555664063 0.00983428955078125 -0.0944976806640625
-0.102249145507813 -0.161834716796875 -0.197067260742188 -0.108627319335938
-0.154678344726562 -0.13970947265625 -0.288818359375 0.00439453124999997
-0.1689453125 -0.16937255859375 -0.255447387695312 0.0280303955078124
-0.190399169921875 -0.149887084960938 -0.292388916015625 -0.00479125976562499
-0.126998901367188 -0.189956665039063 -0.274932861328125 -0.123764038085938
-0.0914459228515625 -0.232498168945313 -0.19171142578125 -0.218154907226563
-0.072540283203125 -0.31158447265625 -0.130218505859375 -0.240875244140625
0.14495849609375 -0.399688720703125 -0.024261474609375 -0.240509033203125
0.28350830078125 -0.403900146484375 0.00339508056640626 -0.138221740722656
0.488494873046875 -0.315887451171875 -0.175888061523437 0.157684326171875
0.487762451171875 -0.358062744140625 -0.0284843444824218 0.0316219329833984
0.33892822265625 -0.347930908203125 -0.53497314453125 0.20892333984375
0.25579833984375 -0.45867919921875 -0.1829833984375 0.51129150390625
0.03912353515625 -0.42901611328125 0.144851684570313 0.277618408203125
-0.10107421875 -0.381927490234375 0.08056640625 -0.0412216186523438
-0.211669921875 -0.247711181640625 -0.122871398925781 -0.0456619262695313
-0.270309448242187 -0.159942626953125 -0.189651489257813 0.0504150390625
-0.261688232421875 -0.196121215820313 -0.148345947265625 0.0680694580078125
-0.28411865234375 -0.175384521484375 -0.184646606445313 0.0413665771484375
-0.197830200195312 -0.251235961914063 -0.188400268554688 -0.061187744140625
-0.1187744140625 -0.338531494140625 -0.13116455078125 -0.184188842773438
-0.027496337890625 -0.41510009765625 -0.08306884765625 -0.242691040039063
0.249847412109375 -0.433013916015625 0.0359039306640625 -0.267135620117188
0.323944091796875 -0.39154052734375 0.099212646484375 -0.208938598632813
0.48150634765625 -0.368804931640625 -0.00740051269531246 0.081573486328125
0.359771728515625 -0.445343017578125 0.122550964355469 -0.0696258544921875
0.212646484375 -0.36279296875 -0.4171142578125 0.164306640625
0.206329345703125 -0.4129638671875 -0.093719482421875 0.511871337890625
0.053619384765625 -0.433349609375 0.214996337890625 0.297454833984375
-0.11334228515625 -0.44232177734375 0.151153564453125 0.0206756591796875
-0.284820556640625 -0.290496826171875 -0.0140609741210938 0.0306358337402344
-0.34222412109375 -0.1549072265625 -0.0497665405273438 0.09112548828125
-0.314788818359375 -0.19158935546875 -0.0175018310546875 0.097930908203125
-0.332244873046875 -0.17181396484375 -0.0549163818359375 0.0804977416992187
-0.234298706054688 -0.268753051757813 -0.080902099609375 0.00363159179687498
-0.121612548828125 -0.383453369140625 -0.0544204711914063 -0.133140563964844
0.031280517578125 -0.440643310546875 -0.0218658447265625 -0.22357177734375
0.314208984375 -0.379852294921875 0.105987548828125 -0.2821044921875
0.308502197265625 -0.31121826171875 0.224288940429688 -0.273590087890625
0.397796630859375 -0.36737060546875 0.170913696289063 0.00527954101562498
0.1763916015625 -0.42816162109375 0.24383544921875 -0.186141967773438
0.0724029541015625 -0.271286010742188 -0.279205322265625 0.109420776367187
0.17071533203125 -0.274215698242188 0.00817871093750004 0.45355224609375
0.085906982421875 -0.362457275390625 0.256057739257813 0.269699096679688
-0.094970703125 -0.428192138671875 0.199356079101563 0.080902099609375
-0.302734375 -0.280029296875 0.104225158691406 0.105484008789062
-0.351348876953125 -0.125579833984375 0.102943420410156 0.118850708007812
-0.31781005859375 -0.15911865234375 0.115509033203125 0.114021301269531
-0.333038330078125 -0.1455078125 0.0743255615234375 0.105865478515625
-0.236358642578125 -0.244247436523438 0.0256462097167969 0.0622749328613281
-0.099090576171875 -0.36346435546875 0.0197677612304687 -0.0703582763671875
0.088470458984375 -0.38165283203125 0.0374755859375 -0.180770874023438
0.3134765625 -0.246429443359375 0.174041748046875 -0.27532958984375
0.218978881835938 -0.181350708007813 0.3560791015625 -0.3096923828125
0.24078369140625 -0.3287353515625 0.3289794921875 -0.05657958984375
-0.02691650390625 -0.305023193359375 0.317596435546875 -0.280853271484375
-0.039031982421875 -0.0981597900390625 -0.147445678710938 0.0562896728515625
0.162445068359375 -0.092987060546875 0.086151123046875 0.360595703125
0.12579345703125 -0.253189086914063 0.251922607421875 0.22613525390625
-0.05938720703125 -0.348052978515625 0.217208862304687 0.139739990234375
-0.266098022460938 -0.219573974609375 0.20672607421875 0.166412353515625
-0.297607421875 -0.074798583984375 0.239120483398437 0.131744384765625
-0.273162841796875 -0.103134155273438 0.229690551757812 0.114517211914063
-0.291046142578125 -0.0963745117187501 0.186187744140625 0.116897583007812
-0.2132568359375 -0.192276000976563 0.115631103515625 0.107864379882812
-0.0675048828125 -0.297576904296875 0.0743789672851563 -0.00385284423828127
0.128005981445313 -0.2623291015625 0.0759429931640625 -0.128227233886719
0.23980712890625 -0.074005126953125 0.226104736328125 -0.2574462890625
0.0621299743652344 -0.0474700927734375 0.476470947265625 -0.309539794921875
0.03582763671875 -0.269378662109375 0.442626953125 -0.0966796875
-0.212997436523437 -0.120086669921875 0.3388671875 -0.330780029296875
-0.114662170410156 0.085906982421875 -0.0452003479003906 0.0166358947753906
0.147079467773438 0.07501220703125 0.1190185546875 0.272781372070313
0.140731811523438 -0.12933349609375 0.2176513671875 0.200302124023438
-0.0236358642578125 -0.22125244140625 0.216293334960937 0.1934814453125
-0.187149047851563 -0.123733520507813 0.28216552734375 0.204833984375
-0.195144653320313 -0.01336669921875 0.334747314453125 0.12255859375
-0.187576293945313 -0.0337677001953125 0.30657958984375 0.09930419921875
-0.213607788085938 -0.0357513427734375 0.269622802734375 0.11138916015625
-0.171188354492188 -0.121231079101562 0.185638427734375 0.137069702148438
-0.035980224609375 -0.203170776367188 0.1041259765625 0.0554885864257812
0.131134033203125 -0.117332458496094 0.083160400390625 -0.0866241455078125
0.0999298095703125 0.0842742919921875 0.257171630859375 -0.25775146484375
-0.128372192382813 0.0496749877929687 0.56854248046875 -0.2957763671875
-0.175155639648438 -0.202316284179688 0.488311767578125 -0.12506103515625
0.39068603515625 0.063812255859375 -0.41339111328125 0.1298828125
0.2591552734375 -0.124588012695312 -0.60760498046875 0.29638671875
0.0487060546875 -0.191986083984375 -0.203125 0.297882080078125
-0.0783920288085938 -0.0470809936523437 -0.031890869140625 0.0891494750976563
-0.00643920898437501 0.0808944702148438 -0.0801773071289063 -0.103569030761719
0.118247985839844 0.0347518920898438 -0.21136474609375 -0.140899658203125
0.0996246337890625 -0.057586669921875 -0.317718505859375 -0.05804443359375
0.0694656372070313 -0.0528030395507813 -0.330078125 -0.038909912109375
0.0745925903320313 -0.0424270629882812 -0.362457275390625 -0.0704650878906249
0.0740585327148438 0.00855255126953125 -0.327056884765625 -0.1827392578125
-0.0015106201171875 0.0684280395507813 -0.242568969726562 -0.206146240234375
-0.134323120117188 -0.00588226318359376 -0.189422607421875 -0.193359375
-0.079559326171875 -0.19677734375 -0.100921630859375 -0.221084594726563
0.126617431640625 -0.250885009765625 -0.0503082275390625 -0.0696258544921875
0.309326171875 -0.067718505859375 -0.362518310546875 0.257720947265625
0.48931884765625 -0.068603515625 -0.314117431640625 0.126220703125
0.3636474609375 -0.188507080078125 -0.62005615234375 0.2764892578125
0.1739501953125 -0.314453125 -0.215301513671875 0.370330810546875
-0.0298309326171875 -0.199661254882812 0.0153884887695313 0.133674621582031
-0.0416107177734375 -0.0743942260742188 -0.0527114868164063 -0.116806030273438
0.0162162780761719 -0.057830810546875 -0.22821044921875 -0.131484985351562
-0.0246047973632812 -0.100624084472656 -0.324493408203125 -0.02117919921875
-0.0545196533203125 -0.114105224609375 -0.311065673828125 0.000640869140625008
-0.0646743774414063 -0.0977859497070312 -0.34796142578125 -0.032257080078125
-0.0322799682617188 -0.0949935913085938 -0.322723388671875 -0.155517578125
-0.0499038696289062 -0.083343505859375 -0.229934692382813 -0.216827392578125
-0.112991333007812 -0.154769897460938 -0.165008544921875 -0.211227416992188
0.014923095703125 -0.30816650390625 -0.073455810546875 -0.213119506835938
0.194305419921875 -0.351593017578125 -0.0517654418945313 -0.0834732055664063
0.409576416015625 -0.222137451171875 -0.285888671875 0.225921630859375
0.51434326171875 -0.225128173828125 -0.176559448242188 0.09765625
0.38433837890625 -0.27313232421875 -0.58758544921875 0.254150390625
0.239044189453125 -0.410552978515625 -0.2066650390625 0.44952392578125
0.00738525390625002 -0.335205078125 0.076324462890625 0.2025146484375
-0.0800628662109375 -0.235458374023438 0.000381469726562501 -0.0937576293945313
-0.101898193359375 -0.1534423828125 -0.199600219726563 -0.0961303710937501
-0.154495239257813 -0.132431030273437 -0.2791748046875 0.0200042724609375
-0.171356201171875 -0.1590576171875 -0.244949340820313 0.0396881103515625
-0.18902587890625 -0.138397216796875 -0.27996826171875 0.00869750976562499
-0.129440307617188 -0.181976318359375 -0.27081298828125 -0.109695434570313
-0.0954437255859375 -0.223556518554688 -0.194580078125 -0.206069946289063
-0.082244873046875 -0.298187255859375 -0.13482666015625 -0.227081298828125
0.125335693359375 -0.39605712890625 -0.030364990234375 -0.230804443359375
0.259002685546875 -0.40045166015625 -0.00267791748046873 -0.132926940917969
0.462799072265625 -0.33013916015625 -0.1602783203125 0.162338256835937
0.4599609375 -0.370513916015625 -0.025156021118164 0.0292587280273437
0.318634033203125 -0.35052490234375 -0.511138916015625 0.220550537109375
0.227935791015625 -0.45770263671875 -0.159271240234375 0.501312255859375
0.02069091796875 -0.418548583984375 0.149093627929688 0.25933837890625
-0.1148681640625 -0.3642578125 0.0700912475585937 -0.0456581115722656
-0.212265014648438 -0.231719970703125 -0.12432861328125 -0.0374832153320313
-0.267486572265625 -0.145782470703125 -0.181549072265625 0.0596923828125
-0.261947631835938 -0.180084228515625 -0.140487670898438 0.07354736328125
-0.281829833984375 -0.1585693359375 -0.173812866210938 0.0482635498046875
-0.201400756835938 -0.237579345703125 -0.182861328125 -0.051727294921875
-0.127105712890625 -0.32501220703125 -0.133956909179688 -0.174957275390625
-0.043243408203125 -0.400054931640625 -0.089691162109375 -0.230758666992188
0.22393798828125 -0.431854248046875 0.0259552001953125 -0.2591552734375
0.300567626953125 -0.389892578125 0.088104248046875 -0.204452514648438
0.453765869140625 -0.37884521484375 -0.00029754638671872 0.0812759399414062
0.33203125 -0.451873779296875 0.117225646972656 -0.07525634765625
0.192138671875 -0.360687255859375 -0.399749755859375 0.173309326171875
0.182586669921875 -0.411529541015625 -0.072662353515625 0.49639892578125
0.03369140625 -0.4234619140625 0.216720581054688 0.27606201171875
-0.130096435546875 -0.424896240234375 0.140327453613281 0.01202392578125
-0.286895751953125 -0.268829345703125 -0.0145606994628906 0.0324115753173828
-0.336639404296875 -0.1368408203125 -0.0451202392578125 0.0927734375
-0.313812255859375 -0.172454833984375 -0.0130386352539063 0.0960617065429687
-0.327880859375 -0.152740478515625 -0.0464019775390625 0.0791244506835937
-0.237274169921875 -0.251480102539062 -0.0753707885742188 0.00650024414062498
-0.130859375 -0.366363525390625 -0.0577392578125 -0.127784729003906
0.0115966796875 -0.427459716796875 -0.0297088623046875 -0.2138671875
0.289093017578125 -0.38543701171875 0.0936431884765625 -0.2752685546875
0.287811279296875 -0.3109130859375 0.206405639648438 -0.27191162109375
0.37103271484375 -0.37506103515625 0.169876098632813 -0.000488281250000023
0.154022216796875 -0.4259033203125 0.22760009765625 -0.1925048828125
0.0609893798828125 -0.264251708984375 -0.267578125 0.116836547851563
0.155044555664062 -0.2750244140625 0.023895263671875 0.43634033203125
0.066680908203125 -0.35614013671875 0.2548828125 0.248016357421875
-0.11376953125 -0.410552978515625 0.189910888671875 0.0701141357421875
-0.30426025390625 -0.256866455078125 0.104423522949219 0.100128173828125
-0.344024658203125 -0.104766845703125 0.10443115234375 0.112884521484375
-0.31597900390625 -0.13922119140625 0.11602783203125 0.105400085449219
-0.328033447265625 -0.12322998046875 0.0796356201171875 0.0973587036132813
-0.2384033203125 -0.227264404296875 0.0306587219238281 0.0583152770996094
-0.11090087890625 -0.347320556640625 0.016815185546875 -0.0693283081054688
0.068939208984375 -0.373931884765625 0.02984619140625 -0.174468994140625
0.29473876953125 -0.255035400390625 0.1580810546875 -0.270187377929688
0.206573486328125 -0.181015014648438 0.331939697265625 -0.312225341796875
0.22021484375 -0.3302001953125 0.31964111328125 -0.066497802734375
-0.039306640625 -0.297882080078125 0.294586181640625 -0.28790283203125
-0.04083251953125 -0.0920028686523438 -0.142562866210938 0.0602874755859375
0.154190063476563 -0.0983123779296875 0.095794677734375 0.342498779296875
0.108901977539063 -0.252685546875 0.247451782226563 0.20770263671875
-0.076263427734375 -0.335540771484375 0.21051025390625 0.126937866210937
-0.26702880859375 -0.199478149414063 0.20758056640625 0.1561279296875
-0.29058837890625 -0.0567016601562499 0.237350463867187 0.118118286132813
-0.26971435546875 -0.086456298828125 0.225997924804687 0.0999298095703125
-0.28631591796875 -0.077667236328125 0.187606811523437 0.102249145507813
-0.215133666992188 -0.17620849609375 0.120170593261719 0.09832763671875
-0.0784912109375 -0.284393310546875 0.0732345581054688 -0.00608062744140627
0.113265991210937 -0.26019287109375 0.0691070556640625 -0.124664306640625
0.229736328125 -0.08392333984375 0.20794677734375 -0.254776000976562
0.0598106384277344 -0.0458297729492188 0.448883056640625 -0.316741943359375
0.0234832763671875 -0.263427734375 0.42724609375 -0.110198974609375
-0.212570190429688 -0.1099853515625 0.312652587890625 -0.337310791015625
-0.107719421386719 0.0899124145507813 -0.0458221435546875 0.0191421508789062
0.1466064453125 0.06494140625 0.124038696289062 0.255096435546875
0.128425598144531 -0.132469177246094 0.211593627929688 0.183456420898437
-0.036468505859375 -0.212600708007813 0.212615966796875 0.180038452148438
-0.18731689453125 -0.108474731445312 0.2828369140625 0.18939208984375
-0.188491821289063 -0.00163269042968749 0.32977294921875 0.1060791015625
-0.184310913085938 -0.0218353271484375 0.30035400390625 0.081451416015625
-0.21014404296875 -0.0219268798828125 0.267196655273437 0.092498779296875
-0.171478271484375 -0.1080322265625 0.189453125 0.1239013671875
-0.0445709228515625 -0.194320678710937 0.104850769042969 0.05072021484375
0.122337341308594 -0.120254516601563 0.07757568359375 -0.084564208984375
0.101028442382812 0.0751266479492187 0.236358642578125 -0.255874633789063
-0.122291564941406 0.055023193359375 0.53778076171875 -0.307037353515625
-0.180496215820312 -0.18927001953125 0.4700927734375 -0.137786865234375
0.38421630859375 0.052581787109375 -0.400970458984375 0.130615234375
0.251419067382813 -0.127105712890625 -0.5867919921875 0.295654296875
0.04119873046875 -0.187942504882813 -0.19549560546875 0.286956787109375
-0.077789306640625 -0.0428619384765625 -0.0294418334960938 0.0831146240234375
4.57763671874947E-05 0.0812835693359375 -0.0832901000976563 -0.100227355957031
0.119857788085938 0.0287017822265625 -0.21368408203125 -0.133209228515625
0.0952606201171875 -0.06243896484375 -0.310699462890625 -0.047607421875
0.0676193237304688 -0.0559120178222656 -0.3192138671875 -0.02935791015625
0.0733261108398438 -0.0469131469726563 -0.35150146484375 -0.0599365234374999
0.0744400024414063 0.00382232666015625 -0.322265625 -0.172607421875
0.00286865234375 0.0654029846191406 -0.238800048828125 -0.199050903320312
-0.129470825195313 -0.00130462646484378 -0.184982299804687 -0.184341430664063
-0.0806427001953125 -0.18927001953125 -0.100433349609375 -0.21258544921875
0.1182861328125 -0.245758056640625 -0.0510520935058594 -0.0660362243652344
0.30352783203125 -0.072509765625 -0.34442138671875 0.258544921875
0.476043701171875 -0.077728271484375 -0.303070068359375 0.1256103515625
0.354339599609375 -0.1905517578125 -0.60150146484375 0.27691650390625
0.1624755859375 -0.30902099609375 -0.205352783203125 0.36065673828125
-0.0327911376953125 -0.1920166015625 0.0167083740234375 0.125442504882812
-0.0383796691894531 -0.0689201354980469 -0.0571517944335938 -0.113716125488281
0.0187873840332031 -0.0587577819824219 -0.229736328125 -0.122817993164063
-0.0258331298828125 -0.10162353515625 -0.316497802734375 -0.0111083984374999
-0.0554275512695312 -0.112655639648438 -0.300537109375 0.00885009765624996
-0.0636749267578125 -0.0974884033203125 -0.336181640625 -0.02325439453125
-0.0319747924804687 -0.0950851440429688 -0.31500244140625 -0.1453857421875
-0.0472640991210938 -0.08154296875 -0.227691650390625 -0.209075927734375
-0.111923217773437 -0.147048950195313 -0.162094116210937 -0.202880859375
0.00875854492187498 -0.2998046875 -0.0742034912109375 -0.20574951171875
0.18218994140625 -0.343902587890625 -0.0522842407226562 -0.0788421630859375
0.398345947265625 -0.225921630859375 -0.269210815429688 0.226211547851563
0.49853515625 -0.231170654296875 -0.169387817382812 0.0951538085937499
0.373565673828125 -0.272308349609375 -0.5706787109375 0.25347900390625
0.223388671875 -0.40484619140625 -0.197021484375 0.438720703125
0.00085449218750003 -0.32464599609375 0.07659912109375 0.19189453125
-0.080535888671875 -0.225814819335938 -0.00584411621093751 -0.09295654296875
-0.097747802734375 -0.148651123046875 -0.200408935546875 -0.0889434814453125
-0.1524658203125 -0.129013061523437 -0.271514892578125 0.02752685546875
-0.17083740234375 -0.152603149414062 -0.23626708984375 0.0449371337890624
-0.185409545898437 -0.13409423828125 -0.269012451171875 0.0149841308593749
-0.129135131835938 -0.177230834960937 -0.263870239257813 -0.101287841796875
-0.094757080078125 -0.21710205078125 -0.193328857421875 -0.199295043945312
-0.0849609375 -0.2877197265625 -0.133758544921875 -0.217880249023438
0.113922119140625 -0.39056396484375 -0.032257080078125 -0.224441528320313
0.248016357421875 -0.39349365234375 -0.00511932373046874 -0.127044677734375
0.44818115234375 -0.329742431640625 -0.14910888671875 0.1614990234375
0.44085693359375 -0.371826171875 -0.0226650238037109 0.0261135101318359
0.306427001953125 -0.347503662109375 -0.49603271484375 0.220947265625
0.2117919921875 -0.449432373046875 -0.149566650390625 0.487884521484375
0.011932373046875 -0.40704345703125 0.147842407226562 0.247116088867187
-0.119354248046875 -0.350860595703125 0.0616645812988281 -0.0469627380371094
-0.207992553710937 -0.221237182617188 -0.125343322753906 -0.032379150390625
-0.262359619140625 -0.13836669921875 -0.175613403320313 0.064910888671875
-0.260848999023438 -0.170623779296875 -0.134574890136719 0.0754623413085937
-0.276092529296875 -0.149261474609375 -0.163970947265625 0.0504913330078125
-0.199508666992188 -0.228851318359375 -0.1767578125 -0.0469970703125
-0.127777099609375 -0.31451416015625 -0.134353637695313 -0.169784545898438
-0.0496826171875 -0.38934326171875 -0.09027099609375 -0.222137451171875
0.211669921875 -0.427581787109375 0.0221099853515625 -0.252166748046875
0.2861328125 -0.3837890625 0.0819549560546875 -0.1983642578125
0.437835693359375 -0.3807373046875 0.00534820556640628 0.0806961059570312
0.314239501953125 -0.450469970703125 0.113357543945313 -0.0783462524414063
0.184051513671875 -0.354949951171875 -0.386627197265625 0.1746826171875
0.169952392578125 -0.405731201171875 -0.065521240234375 0.483856201171875
0.02447509765625 -0.4124755859375 0.21307373046875 0.260284423828125
-0.136810302734375 -0.40899658203125 0.131027221679688 0.00885009765624997
-0.282745361328125 -0.256103515625 -0.0155487060546875 0.0338554382324219
-0.3292236328125 -0.1256103515625 -0.0420074462890625 0.0939254760742187
-0.310394287109375 -0.15997314453125 -0.0108718872070313 0.0944976806640625
-0.32147216796875 -0.14166259765625 -0.0409393310546875 0.0767135620117187
-0.234619140625 -0.240463256835938 -0.0702018737792969 0.00676727294921874
-0.134185791015625 -0.353851318359375 -0.0581588745117187 -0.125068664550781
0.00274658203124997 -0.41632080078125 -0.031982421875 -0.206436157226563
0.273468017578125 -0.383453369140625 0.086883544921875 -0.26800537109375
0.2769775390625 -0.30584716796875 0.195938110351563 -0.265975952148438
0.355804443359375 -0.373016357421875 0.168991088867188 -0.00148010253906252
0.142120361328125 -0.423675537109375 0.2176513671875 -0.194168090820313
0.0557403564453125 -0.2584228515625 -0.260711669921875 0.117019653320312
0.146469116210938 -0.272613525390625 0.027191162109375 0.421783447265625
0.057373046875 -0.349151611328125 0.247970581054688 0.234375
-0.12188720703125 -0.39764404296875 0.180023193359375 0.0650177001953125
-0.301177978515625 -0.242919921875 0.102592468261719 0.0984344482421875
-0.33575439453125 -0.093658447265625 0.103324890136719 0.109413146972656
-0.312255859375 -0.127349853515625 0.114364624023437 0.0998077392578125
-0.321807861328125 -0.1126708984375 0.0811386108398438 0.0902786254882813
-0.235977172851562 -0.215866088867188 0.0341911315917969 0.0547904968261719
-0.11474609375 -0.3360595703125 0.0164909362792969 -0.0684967041015625
0.06158447265625 -0.36492919921875 0.0267333984375 -0.168685913085938
0.28338623046875 -0.257568359375 0.149734497070313 -0.263931274414063
0.200347900390625 -0.177154541015625 0.31793212890625 -0.30670166015625
0.208892822265625 -0.32672119140625 0.313751220703125 -0.068572998046875
-0.04498291015625 -0.2930908203125 0.279632568359375 -0.2874755859375
-0.0408248901367188 -0.0874404907226562 -0.139671325683594 0.0613632202148437
0.149581909179688 -0.100433349609375 0.09625244140625 0.328948974609375
0.0997161865234375 -0.248260498046875 0.239181518554688 0.196182250976562
-0.08514404296875 -0.324920654296875 0.201446533203125 0.122055053710938
-0.264358520507813 -0.187332153320313 0.20526123046875 0.151016235351563
-0.28216552734375 -0.0475463867187499 0.232421875 0.111099243164063
-0.265731811523438 -0.0760650634765625 0.220550537109375 0.0916900634765625
-0.27984619140625 -0.067047119140625 0.185623168945312 0.0916748046875
-0.212997436523438 -0.165481567382813 0.122428894042969 0.0921478271484375
-0.0826263427734375 -0.274261474609375 0.0725784301757813 -0.00755310058593752
0.104598999023438 -0.256179809570312 0.065765380859375 -0.120101928710938
0.222625732421875 -0.08929443359375 0.1976318359375 -0.248764038085938
0.0589942932128906 -0.0424957275390625 0.42999267578125 -0.314849853515625
0.0166168212890625 -0.258026123046875 0.416290283203125 -0.112884521484375
-0.210464477539063 -0.10528564453125 0.293701171875 -0.33538818359375
-0.102645874023438 0.0912704467773437 -0.0459060668945313 0.0200538635253906
0.145339965820313 0.05914306640625 0.12335205078125 0.244293212890625
0.11968994140625 -0.131340026855469 0.20330810546875 0.175201416015625
-0.044189453125 -0.205825805664063 0.205184936523438 0.174240112304688
-0.184982299804688 -0.099365234375 0.279876708984375 0.182266235351563
-0.18157958984375 0.00483703613281246 0.322723388671875 0.09637451171875
-0.180740356445313 -0.015350341796875 0.2930908203125 0.071380615234375
-0.205322265625 -0.014556884765625 0.262466430664063 0.0803070068359375
-0.17034912109375 -0.0996856689453125 0.189834594726563 0.114944458007812
-0.0494384765625 -0.187271118164063 0.106163024902344 0.0483322143554687
0.1163330078125 -0.121002197265625 0.075286865234375 -0.080596923828125
0.10003662109375 0.0698089599609375 0.223770141601563 -0.249069213867187
-0.116859436035156 0.0585250854492188 0.51727294921875 -0.306884765625
-0.180419921875 -0.181503295898437 0.456787109375 -0.14068603515625
0.384613037109375 0.048614501953125 -0.39898681640625 0.130615234375
0.24835205078125 -0.129302978515625 -0.58367919921875 0.2962646484375
0.0376129150390625 -0.187210083007813 -0.194427490234375 0.2833251953125
-0.078033447265625 -0.0396347045898438 -0.030364990234375 0.0789718627929688
0.00604248046875 0.0821914672851563 -0.086669921875 -0.100700378417969
0.122947692871094 0.024658203125 -0.219253540039063 -0.1295166015625
0.0929412841796875 -0.0674591064453125 -0.308441162109375 -0.0419311523437501
0.0670280456542969 -0.0590934753417969 -0.31500244140625 -0.02374267578125
0.0728912353515625 -0.0513229370117188 -0.3482666015625 -0.0557861328125
0.075103759765625 0.000579833984375 -0.322113037109375 -0.169677734375
0.00646591186523438 0.0637283325195313 -0.238601684570313 -0.198638916015625
-0.127754211425781 0.00180816650390624 -0.182846069335938 -0.181793212890625
-0.08197021484375 -0.18682861328125 -0.100677490234375 -0.2091064453125
0.114669799804687 -0.243881225585938 -0.051605224609375 -0.0635185241699219
0.3040771484375 -0.075775146484375 -0.33642578125 0.2618408203125
0.4754638671875 -0.081817626953125 -0.300933837890625 0.124267578125
0.351959228515625 -0.19183349609375 -0.59906005859375 0.2777099609375
0.156707763671875 -0.30859375 -0.205230712890625 0.356109619140625
-0.034942626953125 -0.18780517578125 0.0161666870117188 0.120796203613281
-0.0350265502929688 -0.0663414001464844 -0.061767578125 -0.114463806152344
0.0223121643066406 -0.0605392456054687 -0.233856201171875 -0.119003295898437
-0.026702880859375 -0.104759216308594 -0.313720703125 -0.00463867187500004
-0.0565032958984375 -0.113372802734375 -0.295867919921875 0.0138854980468751
-0.0632858276367187 -0.099334716796875 -0.331024169921875 -0.0194396972656251
-0.0316009521484375 -0.0968170166015625 -0.31475830078125 -0.142059326171875
-0.0447769165039063 -0.0824508666992188 -0.227508544921875 -0.208938598632812
-0.111358642578125 -0.144195556640625 -0.160980224609375 -0.199661254882812
0.00656127929687497 -0.29876708984375 -0.07354736328125 -0.2037353515625
0.17999267578125 -0.3424072265625 -0.0526123046875 -0.0755844116210938
0.39666748046875 -0.22906494140625 -0.262710571289063 0.228500366210937
0.495758056640625 -0.23370361328125 -0.167037963867187 0.092559814453125
0.371368408203125 -0.273284912109375 -0.56689453125 0.2537841796875
0.216583251953125 -0.405548095703125 -0.196136474609375 0.436065673828125
-0.00238037109375 -0.320770263671875 0.0756072998046875 0.186050415039062
-0.079559326171875 -0.22125244140625 -0.0119247436523437 -0.0936737060546875
-0.0949554443359375 -0.148635864257813 -0.204513549804688 -0.0848541259765625
-0.151535034179687 -0.129379272460938 -0.269515991210938 0.033294677734375
-0.172210693359375 -0.151611328125 -0.23199462890625 0.0493316650390625
-0.184967041015625 -0.13360595703125 -0.264068603515625 0.0179443359375
-0.1280517578125 -0.177017211914063 -0.262069702148438 -0.0981903076171875
-0.0941009521484375 -0.216690063476563 -0.193862915039063 -0.198699951171875
-0.08587646484375 -0.285125732421875 -0.133255004882812 -0.215545654296875
0.11053466796875 -0.389373779296875 -0.0325775146484375 -0.222549438476563
0.2437744140625 -0.390777587890625 -0.00586700439453123 -0.123725891113281
0.4459228515625 -0.3343505859375 -0.143417358398437 0.163314819335937
0.4368896484375 -0.376739501953125 -0.0217151641845703 0.0232009887695312
0.304290771484375 -0.347991943359375 -0.49310302734375 0.220916748046875
0.2073974609375 -0.4505615234375 -0.149810791015625 0.486328125
0.00900268554687503 -0.40325927734375 0.145919799804688 0.241424560546875
-0.120361328125 -0.3443603515625 0.0553398132324219 -0.0474395751953125
-0.206161499023438 -0.21856689453125 -0.1278076171875 -0.029327392578125
-0.260162353515625 -0.135955810546875 -0.17388916015625 0.069366455078125
-0.261566162109375 -0.166641235351563 -0.131935119628906 0.0781936645507812
-0.27532958984375 -0.147186279296875 -0.1600341796875 0.0509185791015625
-0.199249267578125 -0.226669311523438 -0.174057006835938 -0.045562744140625
-0.12713623046875 -0.311767578125 -0.133956909179688 -0.169586181640625
-0.0513916015625 -0.384796142578125 -0.090087890625 -0.21923828125
0.205596923828125 -0.43048095703125 0.021484375 -0.249374389648438
0.283416748046875 -0.380645751953125 0.08062744140625 -0.194793701171875
0.433441162109375 -0.38385009765625 0.0101318359375 0.08148193359375
0.3074951171875 -0.453582763671875 0.112472534179688 -0.0817489624023438
0.1822509765625 -0.354888916015625 -0.385589599609375 0.174346923828125
0.166656494140625 -0.405975341796875 -0.06536865234375 0.480682373046875
0.02044677734375 -0.41009521484375 0.210174560546875 0.254730224609375
-0.141082763671875 -0.404327392578125 0.123992919921875 0.00809478759765623
-0.280960083007813 -0.252944946289063 -0.0175323486328125 0.0362358093261719
-0.3267822265625 -0.12255859375 -0.0417633056640625 0.096405029296875
-0.31201171875 -0.15582275390625 -0.010528564453125 0.095062255859375
-0.32110595703125 -0.137451171875 -0.0384674072265625 0.0743865966796875
-0.234390258789063 -0.237274169921875 -0.0673828125 0.0067787170410156
-0.1356201171875 -0.351043701171875 -0.0583572387695312 -0.125015258789063
0.000640869140624974 -0.413116455078125 -0.0319061279296875 -0.203079223632813
0.268402099609375 -0.386627197265625 0.0851898193359376 -0.265457153320313
0.2752685546875 -0.303314208984375 0.192840576171875 -0.262496948242188
0.3521728515625 -0.3779296875 0.1719970703125 -0.00137329101562502
0.135955810546875 -0.424560546875 0.214736938476562 -0.197463989257813
0.05523681640625 -0.257171630859375 -0.259933471679688 0.116806030273438
0.144561767578125 -0.273651123046875 0.027496337890625 0.419219970703125
0.053192138671875 -0.3472900390625 0.243240356445313 0.229568481445313
-0.12811279296875 -0.39422607421875 0.173675537109375 0.0648040771484375
-0.300872802734375 -0.23809814453125 0.102104187011719 0.099273681640625
-0.332977294921875 -0.089324951171875 0.102790832519531 0.109367370605469
-0.3126220703125 -0.12127685546875 0.1131591796875 0.0982208251953125
-0.32061767578125 -0.10687255859375 0.0824432373046875 0.0860595703125
-0.235488891601563 -0.211807250976563 0.0375747680664062 0.0530815124511719
-0.1165771484375 -0.3310546875 0.0167160034179688 -0.0688858032226563
0.0576171875 -0.362060546875 0.025970458984375 -0.165481567382813
0.278701782226563 -0.2607421875 0.1463623046875 -0.260543823242188
0.200057983398438 -0.174774169921875 0.3138427734375 -0.30462646484375
0.2052001953125 -0.32916259765625 0.314483642578125 -0.068756103515625
-0.0489501953125 -0.293548583984375 0.27447509765625 -0.289794921875
-0.0402374267578125 -0.0857772827148438 -0.139801025390625 0.0616607666015625
0.150146484375 -0.102462768554688 0.09515380859375 0.324859619140625
0.0957489013671875 -0.247665405273438 0.23394775390625 0.192642211914062
-0.090911865234375 -0.32159423828125 0.196517944335938 0.122039794921875
-0.264114379882813 -0.182159423828125 0.205825805664062 0.151229858398438
-0.278823852539063 -0.0436248779296875 0.23101806640625 0.110076904296875
-0.266616821289063 -0.07122802734375 0.218017578125 0.0879669189453125
-0.279083251953125 -0.061614990234375 0.185165405273438 0.0855865478515625
-0.212631225585938 -0.161148071289062 0.125556945800781 0.08831787109375
-0.0851287841796875 -0.270950317382813 0.0740127563476563 -0.00833129882812502
0.1021728515625 -0.25634765625 0.065216064453125 -0.117401123046875
0.220657348632813 -0.092041015625 0.192642211914063 -0.244293212890625
0.06011962890625 -0.0398597717285156 0.42315673828125 -0.313507080078125
0.014007568359375 -0.257827758789062 0.414642333984375 -0.11212158203125
-0.211715698242188 -0.104904174804687 0.286956787109375 -0.33673095703125
-0.100799560546875 0.0923538208007813 -0.0470504760742188 0.02069091796875
0.1466064453125 0.0561981201171875 0.12249755859375 0.2388916015625
0.115707397460938 -0.131271362304688 0.1983642578125 0.173782348632813
-0.0489959716796875 -0.203628540039063 0.201507568359375 0.174957275390625
-0.184967041015625 -0.09539794921875 0.279937744140625 0.1817626953125
-0.178909301757813 0.00837707519531249 0.3204345703125 0.093017578125
-0.180221557617188 -0.0105133056640625 0.290374755859375 0.066375732421875
-0.205291748046875 -0.00953674316406249 0.261459350585938 0.0735015869140625
-0.170822143554687 -0.095428466796875 0.193328857421875 0.110809326171875
-0.0516510009765625 -0.18475341796875 0.1077880859375 0.0479507446289062
0.114334106445313 -0.122413635253906 0.0742568969726563 -0.0783004760742188
0.0999984741210938 0.0673828125 0.218948364257813 -0.244918823242188
-0.114906311035156 0.0611114501953125 0.51129150390625 -0.30755615234375
-0.182632446289063 -0.180282592773437 0.455108642578125 -0.14044189453125
0.393951416015625 0.0426025390625 -0.4052734375 0.137481689453125
0.250762939453125 -0.136199951171875 -0.58966064453125 0.31005859375
0.0321807861328125 -0.189651489257812 -0.195892333984375 0.28790283203125
-0.0813140869140625 -0.036224365234375 -0.0316314697265625 0.0766525268554688
0.0128707885742187 0.0839920043945312 -0.0930023193359375 -0.101997375488281
0.128410339355469 0.0194778442382813 -0.23016357421875 -0.125930786132812
0.0919113159179688 -0.0742340087890625 -0.313507080078125 -0.0341796875
0.0668373107910156 -0.064453125 -0.31719970703125 -0.0162658691406251
0.0740203857421875 -0.0571136474609375 -0.351318359375 -0.04901123046875
0.0777664184570313 -0.00333404541015625 -0.330291748046875 -0.166595458984375
0.0107955932617187 0.0636672973632813 -0.245803833007813 -0.200836181640625
-0.128890991210938 0.00603485107421875 -0.186126708984375 -0.180496215820313
-0.0870513916015625 -0.186691284179688 -0.10406494140625 -0.21014404296875
0.111709594726562 -0.249359130859375 -0.0529899597167969 -0.0621833801269531
0.311187744140625 -0.084075927734375 -0.33447265625 0.27386474609375
0.48480224609375 -0.092071533203125 -0.30419921875 0.1280517578125
0.3544921875 -0.202850341796875 -0.60540771484375 0.2904052734375
0.15185546875 -0.3157958984375 -0.206085205078125 0.364898681640625
-0.0394439697265625 -0.187515258789063 0.016265869140625 0.11895751953125
-0.0322113037109375 -0.0644454956054688 -0.0692367553710937 -0.116477966308594
0.0256996154785156 -0.0645599365234375 -0.244888305664062 -0.115005493164063
-0.0289764404296875 -0.109580993652344 -0.317840576171875 0.00445556640625
-0.0601654052734375 -0.11627197265625 -0.297393798828125 0.022308349609375
-0.0663070678710938 -0.103485107421875 -0.333251953125 -0.012451171875
-0.0323104858398438 -0.10040283203125 -0.321990966796875 -0.138427734375
-0.0445709228515625 -0.084869384765625 -0.235305786132813 -0.210983276367188
-0.114242553710938 -0.14349365234375 -0.165390014648438 -0.199325561523438
0.00152587890624997 -0.303802490234375 -0.0773773193359375 -0.204345703125
0.17755126953125 -0.349945068359375 -0.0548477172851563 -0.0737991333007813
0.403564453125 -0.24267578125 -0.26031494140625 0.237823486328125
0.50164794921875 -0.2481689453125 -0.16748046875 0.0941314697265625
0.37457275390625 -0.28558349609375 -0.57379150390625 0.2666015625
0.2119140625 -0.415496826171875 -0.19598388671875 0.445770263671875
-0.00799560546875001 -0.3238525390625 0.078033447265625 0.185195922851563
-0.082183837890625 -0.220901489257813 -0.0188369750976563 -0.0960006713867188
-0.094390869140625 -0.1507568359375 -0.213104248046875 -0.0806884765625
-0.15533447265625 -0.131271362304687 -0.272430419921875 0.0430755615234375
-0.17864990234375 -0.151473999023438 -0.232498168945313 0.0564575195312499
-0.190933227539062 -0.134033203125 -0.2655029296875 0.0234527587890625
-0.132293701171875 -0.180282592773438 -0.2672119140625 -0.0948181152343749
-0.0970306396484375 -0.220016479492188 -0.201187133789062 -0.201065063476563
-0.09161376953125 -0.28704833984375 -0.137405395507813 -0.216217041015625
0.10357666015625 -0.3994140625 -0.0358123779296875 -0.224960327148438
0.2420654296875 -0.3988037109375 -0.0077362060546875 -0.122848510742188
0.450225830078125 -0.350311279296875 -0.138397216796875 0.169723510742187
0.43865966796875 -0.39239501953125 -0.0209484100341797 0.0210285186767578
0.305877685546875 -0.36016845703125 -0.50018310546875 0.230377197265625
0.2015380859375 -0.46295166015625 -0.146820068359375 0.497589111328125
0.00180053710937501 -0.4093017578125 0.149765014648438 0.239517211914062
-0.1287841796875 -0.345611572265625 0.0500907897949219 -0.0502510070800781
-0.209716796875 -0.219924926757812 -0.133941650390625 -0.0253829956054688
-0.265289306640625 -0.134933471679687 -0.175430297851563 0.0772705078125
-0.270309448242187 -0.164108276367188 -0.131813049316406 0.0828857421875
-0.2822265625 -0.144378662109375 -0.160430908203125 0.0543212890625
-0.20562744140625 -0.228546142578125 -0.1759033203125 -0.0432281494140625
-0.133575439453125 -0.316162109375 -0.140106201171875 -0.172256469726563
-0.058197021484375 -0.390411376953125 -0.0945892333984375 -0.219802856445313
0.19940185546875 -0.444427490234375 0.0175018310546875 -0.25299072265625
0.28399658203125 -0.3902587890625 0.0787811279296875 -0.196197509765625
0.435577392578125 -0.402557373046875 0.0158157348632813 0.0840225219726562
0.304595947265625 -0.468170166015625 0.11285400390625 -0.0884552001953125
0.180511474609375 -0.3651123046875 -0.391571044921875 0.1817626953125
0.161529541015625 -0.41796875 -0.061004638671875 0.490386962890625
0.01275634765625 -0.415802001953125 0.214385986328125 0.254348754882813
-0.15325927734375 -0.408203125 0.120819091796875 0.00645446777343747
-0.28814697265625 -0.251861572265625 -0.0197944641113281 0.0392913818359375
-0.331817626953125 -0.11846923828125 -0.0407791137695313 0.101425170898437
-0.32012939453125 -0.15045166015625 -0.00907135009765628 0.0972061157226563
-0.32806396484375 -0.13214111328125 -0.03668212890625 0.0749053955078125
-0.241897583007812 -0.237213134765625 -0.0661125183105469 0.00704574584960936
-0.14239501953125 -0.354461669921875 -0.0618438720703125 -0.127700805664063
-0.007110595703125 -0.420318603515625 -0.035125732421875 -0.204254150390625
0.2646484375 -0.401123046875 0.0819244384765625 -0.269866943359375
0.276763916015625 -0.310302734375 0.191436767578125 -0.267349243164063
0.352508544921875 -0.392608642578125 0.1788330078125 -0.00296020507812502
0.128387451171875 -0.4375 0.214645385742188 -0.207122802734375
0.05255126953125 -0.263031005859375 -0.26434326171875 0.122482299804688
0.1422119140625 -0.2830810546875 0.032073974609375 0.4249267578125
0.047454833984375 -0.353240966796875 0.246917724609375 0.228713989257812
-0.14044189453125 -0.397552490234375 0.173126220703125 0.064483642578125
-0.309417724609375 -0.2374267578125 0.104362487792969 0.101394653320313
-0.33758544921875 -0.084381103515625 0.105514526367187 0.111305236816406
-0.321136474609375 -0.1148681640625 0.115257263183594 0.0970458984375
-0.328765869140625 -0.100616455078125 0.0854110717773437 0.0831298828125
-0.243194580078125 -0.20989990234375 0.0418472290039062 0.0519905090332031
-0.12371826171875 -0.333587646484375 0.0159149169921875 -0.0708999633789063
0.0533447265625 -0.37005615234375 0.024200439453125 -0.166915893554688
0.277496337890625 -0.272689819335938 0.143264770507813 -0.264389038085938
0.203277587890625 -0.178756713867187 0.31317138671875 -0.311187744140625
0.201934814453125 -0.3402099609375 0.322662353515625 -0.07330322265625
-0.056976318359375 -0.30029296875 0.272308349609375 -0.30279541015625
-0.0418472290039062 -0.0866546630859375 -0.1429443359375 0.0640411376953125
0.152374267578125 -0.10955810546875 0.1007080078125 0.3270263671875
0.0925140380859375 -0.253128051757812 0.236663818359375 0.191802978515625
-0.10235595703125 -0.324462890625 0.198074340820313 0.123641967773437
-0.271804809570313 -0.180450439453125 0.212387084960937 0.152618408203125
-0.283111572265625 -0.037841796875 0.235763549804687 0.107635498046875
-0.272491455078125 -0.064117431640625 0.221267700195313 0.0841827392578125
-0.285552978515625 -0.05474853515625 0.189422607421875 0.080322265625
-0.219497680664063 -0.158660888671875 0.132530212402344 0.085723876953125
-0.091461181640625 -0.273345947265625 0.0763778686523438 -0.00999450683593752
0.0996246337890625 -0.262786865234375 0.0651397705078125 -0.117904663085938
0.221511840820312 -0.0997772216796875 0.190231323242188 -0.248550415039063
0.0625343322753906 -0.0384025573730469 0.425567626953125 -0.323150634765625
0.00814819335937498 -0.264633178710938 0.423309326171875 -0.119293212890625
-0.219573974609375 -0.104660034179688 0.284027099609375 -0.349456787109375
-0.100372314453125 0.09735107421875 -0.0485343933105469 0.0211448669433594
0.152450561523438 0.0520477294921875 0.126235961914062 0.2381591796875
0.114700317382813 -0.135101318359375 0.19964599609375 0.174057006835937
-0.057403564453125 -0.205413818359375 0.205276489257813 0.17840576171875
-0.1910400390625 -0.093048095703125 0.28887939453125 0.18231201171875
-0.17987060546875 0.013427734375 0.326202392578125 0.08905029296875
-0.184219360351563 -0.00503540039062502 0.29388427734375 0.05999755859375
-0.2095947265625 -0.00256347656249998 0.267059326171875 0.065338134765625
-0.176101684570313 -0.0922393798828125 0.20159912109375 0.106338500976563
-0.0567169189453125 -0.18658447265625 0.112716674804688 0.0469436645507812
0.114730834960938 -0.128173828125 0.0747528076171875 -0.07861328125
0.102569580078125 0.0657806396484375 0.21661376953125 -0.247726440429687
-0.114448547363281 0.0662384033203125 0.514068603515625 -0.3182373046875
-0.190399169921875 -0.181488037109375 0.46240234375 -0.147796630859375
0.40667724609375 0.0257568359375 -0.4095458984375 0.15411376953125
0.25018310546875 -0.149734497070313 -0.5909423828125 0.33984375
0.02203369140625 -0.193496704101563 -0.19024658203125 0.30096435546875
-0.08538818359375 -0.031036376953125 -0.0313491821289063 0.076568603515625
0.0216140747070312 0.0851898193359375 -0.103935241699219 -0.101203918457031
0.136009216308594 0.0113906860351563 -0.244415283203125 -0.116973876953125
0.089202880859375 -0.0829696655273438 -0.319244384765625 -0.018707275390625
0.0648574829101563 -0.0712127685546875 -0.32080078125 -0.000518798828125005
0.0722503662109375 -0.0651092529296875 -0.3587646484375 -0.03326416015625
0.0808334350585938 -0.00891876220703125 -0.34393310546875 -0.156829833984375
0.01654052734375 0.0626411437988281 -0.259002685546875 -0.197891235351563
-0.130157470703125 0.0132827758789062 -0.194869995117187 -0.175796508789063
-0.0959930419921875 -0.186309814453125 -0.113571166992188 -0.209396362304688
0.10284423828125 -0.259078979492188 -0.0561866760253906 -0.059783935546875
0.316864013671875 -0.100616455078125 -0.32666015625 0.293975830078125
0.492706298828125 -0.11468505859375 -0.305755615234375 0.141571044921875
0.354461669921875 -0.222076416015625 -0.607666015625 0.32080078125
0.138946533203125 -0.3275146484375 -0.197723388671875 0.380401611328125
-0.047943115234375 -0.1864013671875 0.019500732421875 0.117149353027344
-0.0311088562011719 -0.0631179809570313 -0.080352783203125 -0.117164611816406
0.0279121398925781 -0.0696945190429688 -0.259613037109375 -0.104354858398437
-0.0347976684570313 -0.114097595214844 -0.322662353515625 0.021453857421875
-0.0665435791015625 -0.117599487304688 -0.29888916015625 0.03765869140625
-0.0725555419921875 -0.105316162109375 -0.33837890625 0.00292968749999999
-0.0357666015625 -0.103675842285156 -0.3336181640625 -0.127349853515625
-0.0463790893554688 -0.0866546630859375 -0.24993896484375 -0.208175659179688
-0.121673583984375 -0.139839172363281 -0.174240112304688 -0.19598388671875
-0.0111083984375 -0.31060791015625 -0.08642578125 -0.20489501953125
0.166717529296875 -0.362945556640625 -0.0582199096679688 -0.0709381103515625
0.403472900390625 -0.265960693359375 -0.25189208984375 0.25494384765625
0.503265380859375 -0.2747802734375 -0.16650390625 0.100051879882813
0.37054443359375 -0.30731201171875 -0.578125 0.2933349609375
0.197357177734375 -0.432403564453125 -0.184051513671875 0.463775634765625
-0.02130126953125 -0.32666015625 0.08477783203125 0.182754516601562
-0.090118408203125 -0.219497680664063 -0.0292129516601563 -0.0978012084960938
-0.0988311767578125 -0.152328491210938 -0.2261962890625 -0.0709228515625
-0.164337158203125 -0.13037109375 -0.274246215820313 0.0589752197265625
-0.18902587890625 -0.147506713867187 -0.232650756835938 0.0700683593749999
-0.20098876953125 -0.130844116210938 -0.267822265625 0.0357055664062499
-0.141021728515625 -0.180435180664062 -0.274429321289063 -0.085845947265625
-0.106613159179687 -0.221939086914063 -0.214630126953125 -0.199020385742187
-0.10394287109375 -0.288787841796875 -0.147796630859375 -0.213455200195313
0.0885009765625 -0.4136962890625 -0.04522705078125 -0.227493286132813
0.232208251953125 -0.41510009765625 -0.0119171142578125 -0.122047424316406
0.446502685546875 -0.380035400390625 -0.130706787109375 0.180282592773438
0.432098388671875 -0.420318603515625 -0.0200691223144531 0.0188217163085937
0.297882080078125 -0.38104248046875 -0.504058837890625 0.255157470703125
0.1859130859375 -0.4813232421875 -0.132415771484375 0.513427734375
-0.015350341796875 -0.414703369140625 0.15997314453125 0.236892700195312
-0.145172119140625 -0.346038818359375 0.0426368713378906 -0.0528450012207031
-0.22039794921875 -0.217254638671875 -0.1419677734375 -0.0179290771484375
-0.276153564453125 -0.128829956054688 -0.1751708984375 0.0900726318359375
-0.283294677734375 -0.15460205078125 -0.129890441894531 0.0924148559570313
-0.29486083984375 -0.135589599609375 -0.160186767578125 0.0625762939453125
-0.21826171875 -0.225723266601563 -0.178848266601563 -0.0367584228515625
-0.14862060546875 -0.317535400390625 -0.150604248046875 -0.17095947265625
-0.07489013671875 -0.395294189453125 -0.104629516601563 -0.219268798828125
0.18499755859375 -0.4625244140625 0.00767517089843752 -0.257354736328125
0.275726318359375 -0.408599853515625 0.073089599609375 -0.200454711914063
0.429290771484375 -0.431060791015625 0.0244598388671875 0.0859146118164062
0.290740966796875 -0.4935302734375 0.112167358398438 -0.0975799560546875
0.169891357421875 -0.380828857421875 -0.39593505859375 0.20068359375
0.14727783203125 -0.43402099609375 -0.044097900390625 0.504364013671875
-0.00457763671875001 -0.423614501953125 0.225936889648437 0.249160766601562
-0.174560546875 -0.40765380859375 0.117759704589844 0.00299835205078122
-0.303436279296875 -0.245880126953125 -0.0212554931640625 0.0437850952148437
-0.342926025390625 -0.108184814453125 -0.0373764038085938 0.108375549316406
-0.3338623046875 -0.1378173828125 -0.00540161132812502 0.100959777832031
-0.3408203125 -0.1199951171875 -0.034637451171875 0.0773162841796875
-0.25592041015625 -0.231765747070312 -0.0640945434570313 0.00959014892578123
-0.15899658203125 -0.3563232421875 -0.0683441162109375 -0.129005432128906
-0.0234375 -0.428985595703125 -0.043548583984375 -0.204833984375
0.25164794921875 -0.422821044921875 0.071685791015625 -0.275848388671875
0.2725830078125 -0.32574462890625 0.185379028320313 -0.277679443359375
0.343963623046875 -0.418060302734375 0.18695068359375 -0.00946044921875003
0.110626220703125 -0.454071044921875 0.210006713867188 -0.223861694335938
0.0435028076171875 -0.271072387695312 -0.2679443359375 0.134353637695312
0.134307861328125 -0.2974853515625 0.048828125 0.43310546875
0.033721923828125 -0.36138916015625 0.25701904296875 0.222061157226562
-0.162811279296875 -0.3978271484375 0.17462158203125 0.0612945556640625
-0.325469970703125 -0.229248046875 0.109207153320312 0.101821899414062
-0.348052978515625 -0.07208251953125 0.112113952636719 0.111335754394531
-0.333251953125 -0.101287841796875 0.120063781738281 0.0944061279296875
-0.3402099609375 -0.0854492187500001 0.0893325805664062 0.079132080078125
-0.256576538085938 -0.2034912109375 0.0472984313964844 0.0493621826171875
-0.139862060546875 -0.335235595703125 0.0138092041015625 -0.0740203857421875
0.03973388671875 -0.38037109375 0.01849365234375 -0.168838500976563
0.270172119140625 -0.29241943359375 0.133880615234375 -0.271942138671875
0.202590942382813 -0.18756103515625 0.306976318359375 -0.32843017578125
0.190887451171875 -0.359161376953125 0.329681396484375 -0.087066650390625
-0.07391357421875 -0.305633544921875 0.263458251953125 -0.323211669921875
-0.0455093383789062 -0.0860366821289063 -0.145645141601563 0.0702972412109375
0.15264892578125 -0.121261596679688 0.113372802734375 0.3282470703125
0.083465576171875 -0.261398315429688 0.245407104492188 0.186126708984375
-0.120849609375 -0.325927734375 0.2034912109375 0.121322631835937
-0.286346435546875 -0.17279052734375 0.223480224609375 0.14971923828125
-0.289215087890625 -0.02667236328125 0.244613647460937 0.101760864257813
-0.28155517578125 -0.0508422851562501 0.227523803710937 0.0750579833984375
-0.29437255859375 -0.039703369140625 0.194610595703125 0.070037841796875
-0.230758666992188 -0.150741577148437 0.141510009765625 0.0789947509765625
-0.105178833007813 -0.275070190429688 0.0790481567382813 -0.0134353637695313
0.0909423828125 -0.274032592773438 0.061981201171875 -0.120399475097656
0.221176147460938 -0.112579345703125 0.18267822265625 -0.256332397460937
0.0648536682128906 -0.038970947265625 0.421142578125 -0.345489501953125
-0.00465393066406248 -0.272445678710938 0.429443359375 -0.1383056640625
-0.231796264648437 -0.09735107421875 0.272918701171875 -0.370574951171875
-0.0984649658203125 0.10406494140625 -0.0500755310058594 0.0227928161621094
0.160171508789063 0.043304443359375 0.135848999023438 0.23565673828125
0.110824584960938 -0.14276123046875 0.20770263671875 0.170120239257813
-0.0706329345703125 -0.2060546875 0.2149658203125 0.177581787109375
-0.199554443359375 -0.0852508544921875 0.30450439453125 0.176300048828125
-0.182693481445313 0.0229644775390625 0.33526611328125 0.077239990234375
-0.188323974609375 0.00601196289062496 0.29962158203125 0.046356201171875
-0.21417236328125 0.0104217529296875 0.273147583007812 0.05157470703125
-0.18426513671875 -0.08514404296875 0.21319580078125 0.09613037109375
-0.0661163330078125 -0.187789916992187 0.119804382324219 0.0428390502929687
0.111579895019531 -0.137825012207031 0.0739517211914062 -0.0805892944335938
0.106674194335937 0.062255859375 0.208969116210938 -0.2568359375
-0.112548828125 0.0746612548828125 0.51141357421875 -0.344024658203125
-0.204727172851563 -0.178329467773438 0.466461181640625 -0.16796875
0.4130859375 -0.00115966796875 -0.403045654296875 0.177093505859375
0.2413330078125 -0.165817260742188 -0.5736083984375 0.37579345703125
0.008392333984375 -0.193283081054687 -0.1749267578125 0.312835693359375
-0.087554931640625 -0.02239990234375 -0.02996826171875 0.07611083984375
0.0308456420898438 0.083740234375 -0.114326477050781 -0.095855712890625
0.140518188476563 -0.0006866455078125 -0.256942749023438 -0.099365234375
0.0832443237304687 -0.091339111328125 -0.32086181640625 0.00372314453125001
0.0604248046875 -0.0779190063476563 -0.31671142578125 0.0208740234375001
0.0684051513671875 -0.0735321044921875 -0.3572998046875 -0.0110473632812499
0.0823745727539063 -0.0172195434570313 -0.354949951171875 -0.135498046875
0.0229568481445313 0.060577392578125 -0.272781372070313 -0.185760498046875
-0.128578186035156 0.023590087890625 -0.2022705078125 -0.165069580078125
-0.107742309570312 -0.180221557617188 -0.1251220703125 -0.203353881835938
0.0865631103515625 -0.265869140625 -0.0599021911621094 -0.0551834106445313
0.314788818359375 -0.1226806640625 -0.305999755859375 0.316436767578125
0.491363525390625 -0.14617919921875 -0.298675537109375 0.15692138671875
0.34320068359375 -0.2442626953125 -0.59130859375 0.35919189453125
0.117431640625 -0.335845947265625 -0.177032470703125 0.393280029296875
-0.0594024658203125 -0.180908203125 0.0236434936523438 0.113739013671875
-0.0307044982910156 -0.0608558654785156 -0.09283447265625 -0.112571716308594
0.0277938842773438 -0.0748825073242188 -0.271697998046875 -0.08538818359375
-0.0428466796875 -0.11541748046875 -0.321380615234375 0.044342041015625
-0.074981689453125 -0.115921020507812 -0.293670654296875 0.058563232421875
-0.0799942016601563 -0.103424072265625 -0.335601806640625 0.024658203125
-0.0409927368164063 -0.104415893554688 -0.342010498046875 -0.10772705078125
-0.0501937866210937 -0.0864028930664063 -0.265029907226563 -0.1964111328125
-0.129638671875 -0.131965637207031 -0.18414306640625 -0.185958862304688
-0.03076171875 -0.310546875 -0.09832763671875 -0.199813842773438
0.1448974609375 -0.374053955078125 -0.0613632202148437 -0.065216064453125
0.392547607421875 -0.29632568359375 -0.233154296875 0.271682739257812
0.4918212890625 -0.30938720703125 -0.1612548828125 0.107452392578125
0.354217529296875 -0.332183837890625 -0.5648193359375 0.3294677734375
0.17059326171875 -0.446075439453125 -0.158203125 0.476593017578125
-0.040283203125 -0.3228759765625 0.0929718017578125 0.17681884765625
-0.101089477539062 -0.213607788085938 -0.0403213500976563 -0.095916748046875
-0.104568481445312 -0.14886474609375 -0.235824584960938 -0.0537567138671876
-0.173263549804688 -0.124114990234375 -0.270462036132813 0.07989501953125
-0.199600219726562 -0.13665771484375 -0.226715087890625 0.086944580078125
-0.210128784179688 -0.119293212890625 -0.264068603515625 0.0539398193359375
-0.152114868164063 -0.174163818359375 -0.279815673828125 -0.0693206787109375
-0.119384765625 -0.218399047851562 -0.228805541992187 -0.18841552734375
-0.12139892578125 -0.28240966796875 -0.159072875976563 -0.20489501953125
0.0623779296875 -0.4219970703125 -0.059326171875 -0.223648071289063
0.20892333984375 -0.429840087890625 -0.0182342529296875 -0.119186401367188
0.42724609375 -0.411834716796875 -0.115570068359375 0.188934326171875
0.409332275390625 -0.450042724609375 -0.018228530883789 0.0177726745605469
0.27740478515625 -0.4013671875 -0.493896484375 0.285430908203125
0.154510498046875 -0.495635986328125 -0.102294921875 0.52593994140625
-0.039459228515625 -0.412322998046875 0.171463012695313 0.226821899414063
-0.165863037109375 -0.33624267578125 0.0341835021972656 -0.0540924072265625
-0.23089599609375 -0.206649780273437 -0.1474609375 -0.00563049316406254
-0.285125732421875 -0.11505126953125 -0.169189453125 0.104324340820312
-0.294769287109375 -0.136688232421875 -0.123908996582031 0.102653503417969
-0.304718017578125 -0.116668701171875 -0.156463623046875 0.0736846923828125
-0.231918334960937 -0.213958740234375 -0.179794311523438 -0.0267333984375
-0.16864013671875 -0.31072998046875 -0.16326904296875 -0.163894653320313
-0.099212646484375 -0.391143798828125 -0.116546630859375 -0.212066650390625
0.15399169921875 -0.477813720703125 -0.00843811035156247 -0.256820678710938
0.254486083984375 -0.424285888671875 0.062530517578125 -0.202499389648438
0.406341552734375 -0.46343994140625 0.03411865234375 0.0848846435546875
0.26031494140625 -0.517547607421875 0.106353759765625 -0.10821533203125
0.1483154296875 -0.393157958984375 -0.38824462890625 0.224609375
0.121063232421875 -0.447113037109375 -0.016082763671875 0.509307861328125
-0.0284423828125 -0.423065185546875 0.2384033203125 0.235870361328125
-0.200714111328125 -0.397796630859375 0.113059997558594 -0.00200653076171877
-0.318511962890625 -0.22802734375 -0.0210075378417969 0.0484542846679687
-0.351043701171875 -0.0887756347656249 -0.0309295654296875 0.113609313964844
-0.343963623046875 -0.115447998046875 8.39233398437356E-05 0.102668762207031
-0.34942626953125 -0.09674072265625 -0.0296478271484375 0.0800018310546875
-0.270248413085938 -0.216827392578125 -0.0616989135742188 0.0123786926269531
-0.1822509765625 -0.346923828125 -0.0771942138671875 -0.126396179199219
-0.04986572265625 -0.428680419921875 -0.0543670654296875 -0.20086669921875
0.22515869140625 -0.441802978515625 0.05413818359375 -0.277557373046875
0.257354736328125 -0.34130859375 0.17108154296875 -0.286224365234375
0.3173828125 -0.444305419921875 0.1917724609375 -0.02020263671875
0.081512451171875 -0.4658203125 0.1959228515625 -0.241317749023438
0.0272979736328125 -0.275650024414063 -0.2642822265625 0.150466918945312
0.117218017578125 -0.310150146484375 0.073272705078125 0.431732177734375
0.01312255859375 -0.364532470703125 0.268524169921875 0.206695556640625
-0.18975830078125 -0.388336181640625 0.17486572265625 0.0532989501953125
-0.34197998046875 -0.211090087890625 0.115028381347656 0.0988235473632812
-0.3538818359375 -0.05145263671875 0.11846923828125 0.106636047363281
-0.341400146484375 -0.07818603515625 0.123992919921875 0.08770751953125
-0.3460693359375 -0.061309814453125 0.0932235717773437 0.0727996826171875
-0.2701416015625 -0.187347412109375 0.0532455444335937 0.0445098876953125
-0.16064453125 -0.328369140625 0.00970458984374999 -0.0760116577148438
0.015838623046875 -0.38568115234375 0.01019287109375 -0.167678833007813
0.25164794921875 -0.311920166015625 0.117477416992187 -0.276275634765625
0.19500732421875 -0.19903564453125 0.28900146484375 -0.346038818359375
0.16748046875 -0.37457275390625 0.329864501953125 -0.10675048828125
-0.096435546875 -0.30316162109375 0.24267578125 -0.34332275390625
-0.0502777099609375 -0.0832748413085938 -0.145187377929687 0.0790557861328125
0.146728515625 -0.134750366210938 0.131317138671875 0.322021484375
0.06878662109375 -0.26824951171875 0.25372314453125 0.1719970703125
-0.1448974609375 -0.31903076171875 0.208877563476563 0.1129150390625
-0.30047607421875 -0.15496826171875 0.233932495117187 0.139434814453125
-0.2918701171875 -0.00781250000000005 0.25 0.088287353515625
-0.285736083984375 -0.0312194824218751 0.229812622070312 0.06024169921875
-0.2979736328125 -0.0178527832031251 0.197433471679687 0.0561676025390625
-0.24090576171875 -0.135757446289062 0.149612426757812 0.0678863525390625
-0.122879028320312 -0.269454956054688 0.0796890258789062 -0.019073486328125
0.07452392578125 -0.281829833984375 0.0565643310546875 -0.121879577636719
0.214401245117188 -0.127777099609375 0.165924072265625 -0.26348876953125
0.0659294128417969 -0.0411796569824219 0.402374267578125 -0.369598388671875
-0.0244903564453125 -0.274948120117188 0.42584228515625 -0.163482666015625
-0.241897583007813 -0.0830535888671875 0.247589111328125 -0.389617919921875
-0.0921401977539063 0.111572265625 -0.0517959594726563 0.0254936218261719
0.164779663085938 0.0306854248046875 0.147720336914062 0.226287841796875
0.102813720703125 -0.150238037109375 0.214981079101563 0.158966064453125
-0.0869903564453125 -0.201797485351562 0.22601318359375 0.168991088867188
-0.208572387695312 -0.0723724365234375 0.318572998046875 0.161376953125
-0.181594848632813 0.0351409912109375 0.33978271484375 0.057891845703125
-0.189498901367188 0.0201873779296875 0.300750732421875 0.026519775390625
-0.2147216796875 0.028045654296875 0.27520751953125 0.0311431884765625
-0.191192626953125 -0.072265625 0.222732543945313 0.0800323486328125
-0.0794830322265625 -0.184326171875 0.125755310058594 0.0348052978515625
0.103302001953125 -0.147796630859375 0.0705795288085938 -0.0823211669921875
0.111061096191406 0.0557403564453125 0.19293212890625 -0.264373779296875
-0.106216430664063 0.0840377807617187 0.4927978515625 -0.376129150390625
-0.220230102539063 -0.167755126953125 0.46209716796875 -0.195281982421875
0.4061279296875 -0.02789306640625 -0.38458251953125 0.19488525390625
0.226089477539063 -0.17510986328125 -0.537139892578125 0.40264892578125
-0.00410461425781251 -0.187408447265625 -0.15411376953125 0.3134765625
-0.0868911743164063 -0.0136795043945313 -0.0272369384765625 0.074066162109375
0.039154052734375 0.0793914794921875 -0.121726989746094 -0.0860671997070313
0.140625 -0.0135040283203125 -0.261459350585938 -0.0781707763671875
0.0747299194335938 -0.0975875854492188 -0.312286376953125 0.024871826171875
0.05303955078125 -0.081817626953125 -0.3040771484375 0.0400390625
0.0616531372070313 -0.0794830322265625 -0.34466552734375 0.010955810546875
0.080718994140625 -0.0247650146484375 -0.354644775390625 -0.1131591796875
0.0282211303710938 0.0558624267578125 -0.278900146484375 -0.167816162109375
-0.123382568359375 0.0325698852539063 -0.203948974609375 -0.149887084960937
-0.115509033203125 -0.16998291015625 -0.132278442382813 -0.19061279296875
0.0680084228515625 -0.264068603515625 -0.0614395141601563 -0.0492286682128906
0.3031005859375 -0.14068603515625 -0.27655029296875 0.32708740234375
0.4742431640625 -0.175811767578125 -0.28326416015625 0.168426513671875
0.322265625 -0.259185791015625 -0.558837890625 0.3857421875
0.094512939453125 -0.333160400390625 -0.151397705078125 0.39361572265625
-0.0681304931640625 -0.169219970703125 0.0278778076171875 0.108474731445312
-0.02960205078125 -0.05706787109375 -0.102073669433594 -0.104263305664063
0.026824951171875 -0.0795135498046875 -0.274612426757813 -0.06365966796875
-0.0500564575195313 -0.113563537597656 -0.309783935546875 0.0648193359374999
-0.0813751220703125 -0.109909057617188 -0.27984619140625 0.075958251953125
-0.0853271484375 -0.09869384765625 -0.3228759765625 0.0455017089843749
-0.0452651977539063 -0.102531433105469 -0.3397216796875 -0.0849914550781251
-0.0520782470703125 -0.0832366943359375 -0.272079467773438 -0.178207397460938
-0.13311767578125 -0.120391845703125 -0.187973022460937 -0.171005249023438
-0.048919677734375 -0.30267333984375 -0.106521606445313 -0.188690185546875
0.121246337890625 -0.372406005859375 -0.0631103515625 -0.0577316284179688
0.368896484375 -0.31536865234375 -0.207015991210938 0.279998779296875
0.463836669921875 -0.334014892578125 -0.150787353515625 0.111801147460937
0.328948974609375 -0.344818115234375 -0.535797119140625 0.3543701171875
0.13995361328125 -0.444793701171875 -0.128326416015625 0.47662353515625
-0.05694580078125 -0.310821533203125 0.09906005859375 0.166275024414063
-0.107864379882812 -0.202301025390625 -0.0504608154296875 -0.0905609130859375
-0.107406616210938 -0.143539428710938 -0.237884521484375 -0.03424072265625
-0.177810668945313 -0.11370849609375 -0.258941650390625 0.0966949462890625
-0.204360961914062 -0.122161865234375 -0.213516235351562 0.100112915039063
-0.213043212890625 -0.104812622070313 -0.252471923828125 0.0702362060546875
-0.15802001953125 -0.163253784179687 -0.276107788085938 -0.0512542724609375
-0.1280517578125 -0.208343505859375 -0.236602783203125 -0.17266845703125
-0.134597778320312 -0.268890380859375 -0.165084838867188 -0.190536499023438
0.03424072265625 -0.41595458984375 -0.070831298828125 -0.213546752929688
0.180999755859375 -0.43145751953125 -0.0231094360351562 -0.112617492675781
0.393707275390625 -0.43157958984375 -0.0972442626953124 0.191726684570312
0.3743896484375 -0.469024658203125 -0.0166835784912109 0.014810562133789
0.24810791015625 -0.408966064453125 -0.46844482421875 0.307098388671875
0.121490478515625 -0.49444580078125 -0.06951904296875 0.521759033203125
-0.060821533203125 -0.398468017578125 0.178253173828125 0.21136474609375
-0.180511474609375 -0.31787109375 0.0258560180664062 -0.053314208984375
-0.236358642578125 -0.190719604492188 -0.147735595703125 0.00759887695312498
-0.286407470703125 -0.09710693359375 -0.158981323242188 0.115005493164062
-0.297210693359375 -0.11553955078125 -0.113487243652344 0.110061645507813
-0.304595947265625 -0.09527587890625 -0.146484375 0.0828399658203125
-0.238937377929688 -0.196014404296875 -0.175521850585938 -0.016082763671875
-0.18115234375 -0.29534912109375 -0.170242309570313 -0.152542114257813
-0.119659423828125 -0.377166748046875 -0.123825073242187 -0.198883056640625
0.11993408203125 -0.47747802734375 -0.023590087890625 -0.247604370117188
0.226318359375 -0.428619384765625 0.05084228515625 -0.1988525390625
0.369110107421875 -0.4801025390625 0.0428237915039063 0.0809783935546875
0.22222900390625 -0.523895263671875 0.0977020263671875 -0.115509033203125
0.12158203125 -0.394134521484375 -0.367889404296875 0.241424560546875
0.0899658203125 -0.4462890625 0.0123596191406251 0.501800537109375
-0.0517578125 -0.410491943359375 0.243988037109375 0.216506958007813
-0.219757080078125 -0.37481689453125 0.106491088867187 -0.00628662109375002
-0.32427978515625 -0.20648193359375 -0.01971435546875 0.0524749755859375
-0.349609375 -0.0673217773437499 -0.023773193359375 0.115936279296875
-0.3441162109375 -0.0909423828124999 0.00546264648437497 0.102951049804688
-0.34674072265625 -0.0714111328124999 -0.024810791015625 0.0808792114257812
-0.276809692382812 -0.195205688476563 -0.0571479797363281 0.0139884948730469
-0.196685791015625 -0.32989501953125 -0.082977294921875 -0.120246887207031
-0.074554443359375 -0.41534423828125 -0.06304931640625 -0.190750122070313
0.190765380859375 -0.445953369140625 0.0369415283203125 -0.2703857421875
0.234283447265625 -0.347869873046875 0.150787353515625 -0.287628173828125
0.282012939453125 -0.456787109375 0.189910888671875 -0.03082275390625
0.04913330078125 -0.462677001953125 0.175704956054687 -0.250686645507813
0.00982666015624998 -0.271499633789063 -0.252899169921875 0.162368774414063
0.09503173828125 -0.31201171875 0.094940185546875 0.419158935546875
-0.00634765624999997 -0.357269287109375 0.27142333984375 0.186538696289063
-0.2110595703125 -0.367523193359375 0.17138671875 0.0452880859375
-0.3480224609375 -0.185455322265625 0.118072509765625 0.0932540893554687
-0.35052490234375 -0.0291748046875 0.121688842773437 0.0998916625976563
-0.338623046875 -0.0538024902343749 0.124366760253906 0.0798416137695313
-0.34100341796875 -0.0348510742187499 0.0936279296875 0.0656051635742188
-0.274795532226563 -0.165496826171875 0.0567779541015625 0.0378608703613281
-0.176300048828125 -0.31085205078125 0.00486755371093749 -0.0759658813476563
-0.00851440429687496 -0.378570556640625 0.00210571289062501 -0.16217041015625
0.225189208984375 -0.320037841796875 0.0984039306640625 -0.271652221679688
0.18310546875 -0.204437255859375 0.2625732421875 -0.353057861328125
0.138671875 -0.377166748046875 0.31951904296875 -0.123321533203125
-0.115142822265625 -0.2918701171875 0.214569091796875 -0.352203369140625
-0.05438232421875 -0.0782546997070313 -0.139678955078125 0.0861663818359375
0.135330200195313 -0.143768310546875 0.144866943359375 0.30718994140625
0.0538177490234375 -0.266799926757813 0.254440307617188 0.153762817382813
-0.1630859375 -0.3028564453125 0.209442138671875 0.1014404296875
-0.305572509765625 -0.132537841796875 0.238052368164062 0.1243896484375
-0.286773681640625 0.0107116699218749 0.249496459960937 0.072998046875
-0.28216552734375 -0.0108642578125 0.224945068359375 0.046600341796875
-0.29168701171875 0.00436401367187498 0.194015502929687 0.041351318359375
-0.243682861328125 -0.116531372070313 0.152389526367187 0.053985595703125
-0.137222290039063 -0.256134033203125 0.078521728515625 -0.0246429443359375
0.0555877685546875 -0.281143188476563 0.0500564575195313 -0.119758605957031
0.200912475585938 -0.137786865234375 0.1473388671875 -0.260665893554687
0.0656547546386719 -0.042236328125 0.370574951171875 -0.383270263671875
-0.0437164306640625 -0.267990112304688 0.41015625 -0.184173583984375
-0.24359130859375 -0.06640625 0.21759033203125 -0.3978271484375
-0.0835189819335937 0.114974975585938 -0.0513801574707031 0.0280570983886719
0.163864135742188 0.015838623046875 0.1552734375 0.211380004882813
0.0925750732421875 -0.153701782226562 0.21575927734375 0.143447875976563
-0.0997314453125 -0.191497802734375 0.2308349609375 0.1561279296875
-0.210540771484375 -0.056640625 0.323150634765625 0.140167236328125
-0.17559814453125 0.0467529296875 0.334869384765625 0.03692626953125
-0.183929443359375 0.0334625244140625 0.29144287109375 0.007232666015625
-0.207855224609375 0.0445709228515625 0.268020629882813 0.01153564453125
-0.191818237304688 -0.05670166015625 0.224594116210937 0.0612030029296875
-0.0897979736328125 -0.175643920898438 0.127708435058594 0.0256271362304687
0.0918121337890625 -0.152236938476562 0.0657272338867188 -0.0816802978515625
0.112617492675781 0.0483856201171875 0.17242431640625 -0.264205932617188
-0.096221923828125 0.0896835327148437 0.4605712890625 -0.39251708984375
-0.22833251953125 -0.15087890625 0.4415283203125 -0.215484619140625
0.392913818359375 -0.0438232421875 -0.364593505859375 0.200103759765625
0.212478637695313 -0.17742919921875 -0.503692626953125 0.40643310546875
-0.0119781494140625 -0.177978515625 -0.138275146484375 0.306121826171875
-0.0843963623046875 -0.00598907470703126 -0.0257835388183594 0.0702476501464844
0.044342041015625 0.0742416381835938 -0.123870849609375 -0.077423095703125
0.137947082519531 -0.0242462158203125 -0.2591552734375 -0.0605773925781251
0.0664749145507813 -0.0992965698242187 -0.299285888671875 0.0382080078125
0.0471343994140625 -0.0829315185546875 -0.287200927734375 0.050750732421875
0.0545578002929688 -0.0824508666992188 -0.328094482421875 0.0230407714843749
0.0784378051757813 -0.0306549072265625 -0.346160888671875 -0.09375
0.0313301086425781 0.0515708923339844 -0.277328491210938 -0.153335571289062
-0.116775512695313 0.0377883911132813 -0.1998291015625 -0.137588500976563
-0.118301391601563 -0.159515380859375 -0.132888793945313 -0.178619384765625
0.0552978515625 -0.256622314453125 -0.0601844787597656 -0.0434989929199219
0.2891845703125 -0.149871826171875 -0.25042724609375 0.32611083984375
0.452362060546875 -0.189361572265625 -0.267364501953125 0.1705322265625
0.30206298828125 -0.262481689453125 -0.525848388671875 0.3905029296875
0.077392578125 -0.3233642578125 -0.133148193359375 0.384918212890625
-0.070587158203125 -0.157394409179688 0.0281829833984375 0.101364135742187
-0.027252197265625 -0.0537490844726563 -0.106521606445313 -0.09527587890625
0.0257492065429688 -0.0825653076171875 -0.271774291992188 -0.04632568359375
-0.0541000366210937 -0.110069274902344 -0.295684814453125 0.0771789550781251
-0.0834274291992187 -0.103546142578125 -0.262939453125 0.0846405029296876
-0.0869979858398437 -0.0941925048828125 -0.30615234375 0.0559387207031249
-0.0464935302734375 -0.0999374389648438 -0.33013916015625 -0.0694580078125
-0.0520858764648438 -0.0798492431640625 -0.271682739257812 -0.163528442382812
-0.131629943847656 -0.109405517578125 -0.184722900390625 -0.158248901367187
-0.059600830078125 -0.290496826171875 -0.108932495117187 -0.17669677734375
0.103607177734375 -0.362823486328125 -0.0618858337402344 -0.051116943359375
0.34466552734375 -0.321197509765625 -0.185989379882812 0.277267456054688
0.43450927734375 -0.34222412109375 -0.141387939453125 0.109954833984375
0.304473876953125 -0.34600830078125 -0.50445556640625 0.36138916015625
0.11724853515625 -0.43267822265625 -0.10748291015625 0.464508056640625
-0.064453125 -0.294891357421875 0.0997161865234375 0.154739379882812
-0.1087646484375 -0.1898193359375 -0.0560150146484375 -0.0842208862304688
-0.106422424316406 -0.139030456542969 -0.233749389648438 -0.0190582275390625
-0.177658081054687 -0.104583740234375 -0.24505615234375 0.106475830078125
-0.2034912109375 -0.1094970703125 -0.199127197265625 0.106842041015625
-0.210357666015625 -0.09393310546875 -0.237289428710938 0.078338623046875
-0.157684326171875 -0.153961181640625 -0.267059326171875 -0.03961181640625
-0.131011962890625 -0.197952270507813 -0.236984252929688 -0.1588134765625
-0.138565063476563 -0.25360107421875 -0.164093017578125 -0.176895141601563
0.01654052734375 -0.404266357421875 -0.0756683349609375 -0.200607299804688
0.159820556640625 -0.422149658203125 -0.02532958984375 -0.104873657226563
0.363189697265625 -0.43505859375 -0.0819854736328125 0.188568115234375
0.342071533203125 -0.469024658203125 -0.014862060546875 0.0115108489990234
0.2242431640625 -0.405059814453125 -0.4425048828125 0.313446044921875
0.09716796875 -0.481048583984375 -0.050048828125 0.506195068359375
-0.071929931640625 -0.3809814453125 0.178268432617188 0.196456909179687
-0.185150146484375 -0.298858642578125 0.0192832946777344 -0.0501747131347656
-0.233139038085938 -0.177963256835937 -0.145004272460938 0.0177459716796875
-0.28179931640625 -0.083740234375 -0.148223876953125 0.120315551757813
-0.291900634765625 -0.0985717773437501 -0.104171752929688 0.112899780273437
-0.297576904296875 -0.0791015625 -0.136123657226563 0.0871658325195313
-0.236724853515625 -0.180831909179687 -0.167831420898438 -0.010009765625
-0.186111450195312 -0.279388427734375 -0.17181396484375 -0.142044067382813
-0.12786865234375 -0.3583984375 -0.124237060546875 -0.186264038085938
0.096527099609375 -0.465301513671875 -0.031158447265625 -0.23358154296875
0.205108642578125 -0.420745849609375 0.0436248779296875 -0.190628051757813
0.3359375 -0.479156494140625 0.0484161376953125 0.0758895874023437
0.1925048828125 -0.517425537109375 0.088958740234375 -0.118621826171875
0.102569580078125 -0.3851318359375 -0.350921630859375 0.246826171875
0.06884765625 -0.435760498046875 0.030242919921875 0.484954833984375
-0.0634765625 -0.39520263671875 0.240890502929688 0.198715209960938
-0.226593017578125 -0.3516845703125 0.0994644165039063 -0.00815582275390627
-0.321258544921875 -0.186920166015625 -0.0185127258300781 0.0558128356933594
-0.3416748046875 -0.05059814453125 -0.0194320678710938 0.115547180175781
-0.335906982421875 -0.0719604492187499 0.00907135009765623 0.101081848144531
-0.33544921875 -0.0526733398437499 -0.0199966430664063 0.0807418823242188
-0.27337646484375 -0.177978515625 -0.0531387329101563 0.0136871337890625
-0.20355224609375 -0.311370849609375 -0.0860671997070313 -0.113784790039063
-0.0869140625 -0.39910888671875 -0.064971923828125 -0.180191040039063
0.16497802734375 -0.437896728515625 0.0259246826171875 -0.256927490234375
0.21563720703125 -0.342803955078125 0.136611938476563 -0.280441284179688
0.252593994140625 -0.452423095703125 0.18572998046875 -0.0372314453125
0.02630615234375 -0.448577880859375 0.158828735351563 -0.25091552734375
-0.00128173828124998 -0.262481689453125 -0.240875244140625 0.166671752929687
0.078765869140625 -0.307891845703125 0.105804443359375 0.401458740234375
-0.01702880859375 -0.345062255859375 0.265228271484375 0.17071533203125
-0.21929931640625 -0.345550537109375 0.164825439453125 0.0397796630859375
-0.344940185546875 -0.16650390625 0.117691040039062 0.088653564453125
-0.340301513671875 -0.0135498046875 0.120437622070312 0.0945816040039063
-0.329193115234375 -0.03570556640625 0.121589660644531 0.0744552612304688
-0.329071044921875 -0.0174560546875 0.0918731689453125 0.0607070922851563
-0.27044677734375 -0.148086547851563 0.0574951171875 0.0311775207519531
-0.182891845703125 -0.2939453125 0.00206756591796874 -0.0745010375976563
-0.021514892578125 -0.36517333984375 -0.00143432617187502 -0.154296875
0.2041015625 -0.317901611328125 0.085205078125 -0.259796142578125
0.172348022460938 -0.20318603515625 0.239990234375 -0.347564697265625
0.115966796875 -0.370025634765625 0.305999755859375 -0.129638671875
-0.124969482421875 -0.27630615234375 0.19146728515625 -0.3509521484375
-0.0559844970703125 -0.0732040405273438 -0.134536743164063 0.0892333984375
0.12481689453125 -0.14697265625 0.14935302734375 0.2904052734375
0.042938232421875 -0.261123657226562 0.247756958007813 0.139572143554687
-0.171783447265625 -0.285003662109375 0.205459594726563 0.0929107666015625
-0.30194091796875 -0.113616943359375 0.236831665039063 0.113662719726562
-0.276779174804688 0.0231475830078125 0.242828369140625 0.062225341796875
-0.2730712890625 0.00363159179687498 0.216110229492187 0.0374298095703125
-0.279403686523438 0.02044677734375 0.1861572265625 0.0325775146484375
-0.24017333984375 -0.101181030273438 0.150253295898437 0.0424346923828125
-0.1434326171875 -0.241165161132813 0.0761566162109375 -0.0275497436523438
0.0435028076171875 -0.275131225585938 0.0458908081054687 -0.1148681640625
0.188995361328125 -0.140884399414063 0.13262939453125 -0.2509765625
0.0650825500488281 -0.0421066284179687 0.34344482421875 -0.381744384765625
-0.0560302734375 -0.25677490234375 0.389862060546875 -0.190948486328125
-0.239837646484375 -0.05279541015625 0.191436767578125 -0.393157958984375
-0.0760574340820312 0.115196228027344 -0.0505905151367188 0.0295524597167969
0.157928466796875 0.0054779052734375 0.154647827148438 0.197341918945313
0.0839691162109375 -0.153472900390625 0.209884643554687 0.131423950195312
-0.1064453125 -0.179367065429688 0.229156494140625 0.144256591796875
-0.2073974609375 -0.0438232421875 0.320709228515625 0.123992919921875
-0.167861938476562 0.05401611328125 0.324737548828125 0.024261474609375
-0.176589965820312 0.041961669921875 0.27825927734375 -0.003448486328125
-0.197647094726563 0.055145263671875 0.2559814453125 -0.0015411376953125
-0.1876220703125 -0.0452728271484375 0.220413208007812 0.0459136962890625
-0.0950927734375 -0.166854858398438 0.126449584960938 0.019012451171875
0.08197021484375 -0.152801513671875 0.0619964599609375 -0.0780868530273438
0.111625671386719 0.0425338745117188 0.1575927734375 -0.254623413085938
-0.08648681640625 0.09075927734375 0.42962646484375 -0.395538330078125
-0.229751586914063 -0.136688232421875 0.418121337890625 -0.221832275390625
0.382781982421875 -0.051849365234375 -0.351165771484375 0.198211669921875
0.203842163085938 -0.17559814453125 -0.482635498046875 0.4000244140625
-0.0149688720703125 -0.171112060546875 -0.13140869140625 0.298248291015625
-0.0817108154296875 -0.000938415527343757 -0.0265426635742188 0.0666999816894531
0.0471954345703125 0.0707168579101563 -0.124969482421875 -0.0721664428710938
0.135505676269531 -0.0314178466796875 -0.256011962890625 -0.0499420166015625
0.061492919921875 -0.100028991699219 -0.289764404296875 0.044921875
0.0439224243164063 -0.0826797485351563 -0.275070190429688 0.0536346435546874
0.04998779296875 -0.084136962890625 -0.31451416015625 0.026336669921875
0.0763397216796875 -0.0340805053710938 -0.3380126953125 -0.0863952636718751
0.0332069396972656 0.0481796264648438 -0.274566650390625 -0.145767211914062
-0.111869812011719 0.0411148071289063 -0.192855834960938 -0.131759643554687
-0.117630004882813 -0.153549194335937 -0.130569458007812 -0.1707763671875
0.048980712890625 -0.248489379882813 -0.0581016540527344 -0.0398483276367188
0.28125 -0.1531982421875 -0.234100341796875 0.31927490234375
0.43743896484375 -0.19439697265625 -0.256515502929687 0.166900634765625
0.29046630859375 -0.258544921875 -0.5047607421875 0.38751220703125
0.069061279296875 -0.314544677734375 -0.12469482421875 0.37451171875
-0.069854736328125 -0.1484375 0.0265579223632813 0.0964736938476562
-0.0244407653808594 -0.0520057678222656 -0.108818054199219 -0.0899276733398437
0.0258331298828125 -0.0862503051757813 -0.268035888671875 -0.0350799560546875
-0.0564422607421875 -0.10821533203125 -0.284942626953125 0.08392333984375
-0.0842514038085938 -0.0997467041015625 -0.2508544921875 0.0871582031249999
-0.0875091552734375 -0.0923309326171875 -0.291839599609375 0.0600891113281249
-0.0464401245117187 -0.0995864868164063 -0.3212890625 -0.0621643066406249
-0.050872802734375 -0.0785064697265625 -0.269454956054688 -0.1551513671875
-0.12896728515625 -0.102981567382812 -0.179443359375 -0.15179443359375
-0.06298828125 -0.281112670898438 -0.1072998046875 -0.168289184570313
0.09564208984375 -0.35321044921875 -0.0594520568847656 -0.0460472106933594
0.330902099609375 -0.32073974609375 -0.171798706054687 0.272064208984375
0.4169921875 -0.341949462890625 -0.134925842285156 0.105735778808594
0.290557861328125 -0.340789794921875 -0.486175537109375 0.359039306640625
0.106048583984375 -0.422332763671875 -0.0991516113281251 0.453948974609375
-0.066009521484375 -0.28228759765625 0.0970306396484375 0.148040771484375
-0.106796264648438 -0.182815551757813 -0.0590286254882813 -0.0792694091796875
-0.103759765625 -0.137466430664063 -0.230377197265625 -0.00929260253906255
-0.175796508789062 -0.09979248046875 -0.235733032226562 0.111404418945313
-0.199325561523438 -0.10235595703125 -0.18865966796875 0.108169555664063
-0.206802368164063 -0.0877227783203125 -0.225830078125 0.0808258056640625
-0.154586791992187 -0.149185180664063 -0.258880615234375 -0.0348358154296876
-0.13006591796875 -0.19146728515625 -0.235244750976562 -0.151611328125
-0.138137817382813 -0.243423461914063 -0.158843994140625 -0.169662475585938
0.00772094726562499 -0.391510009765625 -0.07489013671875 -0.191070556640625
0.151123046875 -0.412017822265625 -0.02374267578125 -0.0986328125
0.346954345703125 -0.431884765625 -0.0730133056640625 0.183197021484375
0.3216552734375 -0.46319580078125 -0.0148591995239258 0.00796604156494138
0.211639404296875 -0.397674560546875 -0.427734375 0.31256103515625
0.086212158203125 -0.46990966796875 -0.042724609375 0.493804931640625
-0.073638916015625 -0.367584228515625 0.17340087890625 0.187530517578125
-0.182830810546875 -0.287689208984375 0.0144004821777344 -0.0479393005371094
-0.228530883789063 -0.171340942382813 -0.141876220703125 0.0246429443359375
-0.276535034179688 -0.0757293701171875 -0.142227172851563 0.123062133789063
-0.28607177734375 -0.0889282226562501 -0.0973358154296875 0.113685607910156
-0.289794921875 -0.0711669921874999 -0.128242492675781 0.0887908935546875
-0.231796264648438 -0.173294067382812 -0.16241455078125 -0.00813293457031254
-0.185455322265625 -0.268798828125 -0.171066284179687 -0.136032104492188
-0.130035400390625 -0.3466796875 -0.120819091796875 -0.178482055664063
0.084197998046875 -0.452606201171875 -0.0325164794921875 -0.222488403320313
0.1947021484375 -0.412445068359375 0.0411224365234375 -0.183013916015625
0.318206787109375 -0.47564697265625 0.0517501831054688 0.0722427368164062
0.175628662109375 -0.50726318359375 0.0840301513671875 -0.119873046875
0.0927734375 -0.3765869140625 -0.33880615234375 0.246673583984375
0.05767822265625 -0.425140380859375 0.0358581542968751 0.473114013671875
-0.065765380859375 -0.382415771484375 0.234649658203125 0.189834594726562
-0.226806640625 -0.337799072265625 0.0943374633789062 -0.00772857666015627
-0.315826416015625 -0.17755126953125 -0.0173759460449219 0.0581321716308594
-0.33428955078125 -0.04180908203125 -0.0168533325195313 0.116477966308594
-0.32843017578125 -0.0617065429687499 0.0106735229492187 0.101348876953125
-0.326629638671875 -0.0433349609375 -0.0170440673828125 0.079864501953125
-0.267379760742188 -0.168228149414063 -0.0499610900878906 0.0123786926269531
-0.202728271484375 -0.298980712890625 -0.0872955322265625 -0.110145568847656
-0.090972900390625 -0.386016845703125 -0.0626983642578125 -0.172866821289063
0.151458740234375 -0.4278564453125 0.022674560546875 -0.244583129882813
0.207427978515625 -0.33746337890625 0.129745483398438 -0.272064208984375
0.2359619140625 -0.445526123046875 0.183319091796875 -0.0391387939453125
0.014892578125 -0.43597412109375 0.148269653320313 -0.249298095703125
-0.00765991210937502 -0.25482177734375 -0.233993530273438 0.16668701171875
0.069549560546875 -0.30230712890625 0.106475830078125 0.3887939453125
-0.02099609375 -0.336578369140625 0.257904052734375 0.161666870117188
-0.22100830078125 -0.331390380859375 0.159317016601563 0.0377044677734375
-0.339202880859375 -0.153656005859375 0.116859436035156 0.08685302734375
-0.332305908203125 -0.00476074218749999 0.118247985839844 0.0929412841796875
-0.3214111328125 -0.0261230468750001 0.117729187011719 0.0729827880859375
-0.317901611328125 -0.00753784179687505 0.0895462036132812 0.0588150024414063
-0.263992309570313 -0.137847900390625 0.057769775390625 0.0267906188964844
-0.1834716796875 -0.28118896484375 0.000328063964843736 -0.0736160278320313
-0.027374267578125 -0.354949951171875 -0.000488281250000011 -0.148300170898438
0.191162109375 -0.311737060546875 0.08062744140625 -0.247726440429688
0.167434692382812 -0.19940185546875 0.228485107421875 -0.339019775390625
0.102630615234375 -0.362518310546875 0.298309326171875 -0.13018798828125
-0.128753662109375 -0.265838623046875 0.177398681640625 -0.34576416015625
-0.056732177734375 -0.0690574645996094 -0.13177490234375 0.089263916015625
0.117462158203125 -0.147689819335938 0.147750854492188 0.28009033203125
0.03851318359375 -0.25628662109375 0.239303588867188 0.132675170898437
-0.174957275390625 -0.272537231445313 0.200637817382812 0.089080810546875
-0.296905517578125 -0.10296630859375 0.23431396484375 0.107681274414063
-0.269577026367188 0.02984619140625 0.236114501953125 0.0586700439453125
-0.26495361328125 0.01104736328125 0.2080078125 0.0350494384765625
-0.268905639648437 0.02862548828125 0.179397583007812 0.0285186767578125
-0.233779907226562 -0.0915069580078125 0.147628784179687 0.0355072021484375
-0.14385986328125 -0.232315063476563 0.0740127563476563 -0.0299530029296875
0.036773681640625 -0.269439697265625 0.0458145141601563 -0.109931945800781
0.180953979492188 -0.1390380859375 0.126358032226563 -0.238845825195312
0.0662307739257813 -0.0416374206542969 0.3287353515625 -0.37359619140625
-0.06219482421875 -0.247543334960938 0.37811279296875 -0.188934326171875
-0.235198974609375 -0.0457000732421875 0.1766357421875 -0.3857421875
-0.0722503662109375 0.114532470703125 -0.0504913330078125 0.0300750732421875
0.153167724609375 0.000244140625 0.151092529296875 0.189285278320313
0.0795440673828125 -0.15252685546875 0.203277587890625 0.125259399414062
-0.109710693359375 -0.170761108398438 0.226028442382813 0.139175415039063
-0.204025268554688 -0.035491943359375 0.316497802734375 0.114898681640625
-0.161865234375 0.0576324462890625 0.315185546875 0.01824951171875
-0.170608520507813 0.04693603515625 0.267227172851563 -0.00762939453125
-0.189117431640625 0.0608062744140625 0.245498657226563 -0.006561279296875
-0.1832275390625 -0.038116455078125 0.21600341796875 0.0372467041015625
-0.096160888671875 -0.15997314453125 0.125442504882813 0.0147476196289062
0.076263427734375 -0.151626586914063 0.061553955078125 -0.07464599609375
0.110809326171875 0.0389938354492188 0.150604248046875 -0.243453979492187
-0.079925537109375 0.0903167724609375 0.40985107421875 -0.389801025390625
-0.228897094726563 -0.127883911132813 0.40478515625 -0.217803955078125
0.380035400390625 -0.056304931640625 -0.347259521484375 0.193695068359375
0.201522827148438 -0.17596435546875 -0.47491455078125 0.39764404296875
-0.01690673828125 -0.16815185546875 -0.13031005859375 0.29400634765625
-0.0801544189453125 0.00313568115234376 -0.0285835266113281 0.0647048950195313
0.0499763488769531 0.0685768127441406 -0.127830505371094 -0.0692291259765625
0.133934020996094 -0.0375747680664063 -0.256317138671875 -0.042388916015625
0.0586090087890625 -0.102134704589844 -0.28497314453125 0.0501708984375
0.0419921875 -0.0837326049804688 -0.2679443359375 0.054168701171875
0.0464324951171875 -0.0865936279296875 -0.30780029296875 0.0264892578125
0.0757904052734375 -0.037994384765625 -0.334747314453125 -0.08502197265625
0.0351753234863281 0.0459213256835938 -0.275466918945313 -0.14337158203125
-0.109588623046875 0.0438308715820313 -0.188888549804687 -0.130935668945312
-0.118118286132812 -0.150619506835938 -0.128997802734375 -0.168243408203125
0.045928955078125 -0.245635986328125 -0.0565299987792969 -0.0371589660644532
0.279464721679688 -0.156173706054688 -0.226898193359375 0.3179931640625
0.432952880859375 -0.197174072265625 -0.252853393554688 0.162933349609375
0.2860107421875 -0.2596435546875 -0.497528076171875 0.3856201171875
0.065155029296875 -0.31048583984375 -0.122711181640625 0.371795654296875
-0.0687408447265625 -0.143356323242188 0.025115966796875 0.0938796997070312
-0.02154541015625 -0.050994873046875 -0.111885070800781 -0.087554931640625
0.0262603759765625 -0.0909500122070313 -0.267822265625 -0.027435302734375
-0.0579833984375 -0.108589172363281 -0.279769897460938 0.089019775390625
-0.084503173828125 -0.0987701416015625 -0.244171142578125 0.088653564453125
-0.0894393920898437 -0.09246826171875 -0.285125732421875 0.060455322265625
-0.0461959838867188 -0.101676940917969 -0.318328857421875 -0.05975341796875
-0.0496673583984375 -0.0789337158203125 -0.270706176757813 -0.152450561523438
-0.127517700195313 -0.0995407104492188 -0.17535400390625 -0.150405883789063
-0.0661773681640625 -0.277999877929688 -0.105178833007812 -0.164764404296875
0.0921630859375 -0.348480224609375 -0.057373046875 -0.0430145263671875
0.326629638671875 -0.3228759765625 -0.164520263671875 0.269088745117188
0.41058349609375 -0.344635009765625 -0.132606506347656 0.102066040039062
0.286163330078125 -0.3392333984375 -0.48150634765625 0.3582763671875
0.100555419921875 -0.417877197265625 -0.096282958984375 0.451446533203125
-0.0648345947265625 -0.277328491210938 0.09527587890625 0.1451416015625
-0.10479736328125 -0.179000854492187 -0.0626754760742188 -0.077880859375
-0.102684020996094 -0.139335632324219 -0.229965209960938 -0.00315856933593753
-0.175811767578125 -0.0982513427734375 -0.232040405273438 0.116439819335938
-0.199554443359375 -0.09881591796875 -0.183395385742188 0.110580444335938
-0.205886840820313 -0.08636474609375 -0.218978881835938 0.08160400390625
-0.15362548828125 -0.14874267578125 -0.255722045898438 -0.033294677734375
-0.1298828125 -0.189651489257813 -0.237213134765625 -0.148757934570313
-0.137939453125 -0.239990234375 -0.155059814453125 -0.167495727539063
0.00219726562499997 -0.387237548828125 -0.073699951171875 -0.186141967773438
0.14739990234375 -0.407684326171875 -0.0216140747070312 -0.0949935913085938
0.34027099609375 -0.43280029296875 -0.0675506591796875 0.18115234375
0.314239501953125 -0.462677001953125 -0.0148639678955078 0.00431251525878903
0.20562744140625 -0.394989013671875 -0.423553466796875 0.3131103515625
0.07867431640625 -0.46612548828125 -0.039154052734375 0.49169921875
-0.073150634765625 -0.36297607421875 0.171188354492188 0.184188842773438
-0.182464599609375 -0.28204345703125 0.0109977722167969 -0.0473060607910156
-0.22711181640625 -0.17138671875 -0.142318725585938 0.0294952392578125
-0.275848388671875 -0.0731048583984374 -0.140045166015625 0.127433776855469
-0.284942626953125 -0.08416748046875 -0.0938568115234375 0.115821838378906
-0.287322998046875 -0.06768798828125 -0.123031616210938 0.08941650390625
-0.22955322265625 -0.170623779296875 -0.159927368164063 -0.00830078125000001
-0.185531616210938 -0.265350341796875 -0.173095703125 -0.133956909179688
-0.131866455078125 -0.342559814453125 -0.117767333984375 -0.176025390625
0.077392578125 -0.449005126953125 -0.0312957763671875 -0.216018676757813
0.1923828125 -0.408233642578125 0.0420074462890625 -0.179092407226563
0.3104248046875 -0.474884033203125 0.0558319091796875 0.0700950622558593
0.167938232421875 -0.50384521484375 0.0810775756835938 -0.122650146484375
0.0865478515625 -0.3731689453125 -0.336761474609375 0.246795654296875
0.05218505859375 -0.42236328125 0.03680419921875 0.4696044921875
-0.065948486328125 -0.377777099609375 0.231201171875 0.1871337890625
-0.22698974609375 -0.332550048828125 0.0907058715820312 -0.00740051269531252
-0.31451416015625 -0.1734619140625 -0.0172042846679688 0.0606307983398437
-0.332489013671875 -0.0369567871093751 -0.0163040161132813 0.119560241699219
-0.3265380859375 -0.0553588867187499 0.0117645263671875 0.103309631347656
-0.322723388671875 -0.037567138671875 -0.0144424438476563 0.0814895629882813
-0.264068603515625 -0.164703369140625 -0.0485916137695313 0.0107307434082031
-0.202880859375 -0.293243408203125 -0.0889739990234375 -0.109039306640625
-0.09161376953125 -0.380401611328125 -0.0599212646484375 -0.1705322265625
0.1458740234375 -0.42474365234375 0.0236358642578125 -0.237396240234375
0.205841064453125 -0.333831787109375 0.127578735351563 -0.267166137695313
0.228424072265625 -0.4444580078125 0.184951782226563 -0.03955078125
0.00796508789062499 -0.433349609375 0.142715454101563 -0.250869750976563
-0.010650634765625 -0.250900268554688 -0.232986450195312 0.167633056640625
0.064544677734375 -0.30059814453125 0.107757568359375 0.386627197265625
-0.0213623046875 -0.33428955078125 0.253067016601563 0.159194946289063
-0.223175048828125 -0.32489013671875 0.156417846679688 0.0379638671875
-0.338775634765625 -0.148681640625 0.117515563964844 0.0868377685546875
-0.32977294921875 0.00115966796874999 0.116806030273437 0.0939865112304688
-0.318878173828125 -0.01959228515625 0.116424560546875 0.0748519897460938
-0.313079833984375 -0.00177001953124994 0.0898208618164062 0.0589218139648438
-0.260971069335937 -0.134185791015625 0.0574188232421875 0.0235519409179687
-0.184280395507813 -0.27655029296875 -0.00134277343750001 -0.0738372802734375
-0.02978515625 -0.35223388671875 0.00163269042968749 -0.145675659179688
0.18646240234375 -0.3092041015625 0.08056640625 -0.239273071289063
0.16754150390625 -0.198867797851563 0.22503662109375 -0.33367919921875
0.0966796875 -0.358917236328125 0.297332763671875 -0.1297607421875
-0.13165283203125 -0.261703491210938 0.171051025390625 -0.3453369140625
-0.0575599670410156 -0.0657310485839844 -0.131828308105469 0.0900802612304688
0.113815307617188 -0.148666381835938 0.14617919921875 0.278228759765625
0.0374755859375 -0.256561279296875 0.234283447265625 0.13067626953125
-0.178024291992188 -0.267654418945313 0.199020385742187 0.0890350341796875
-0.296875 -0.0964660644531249 0.234771728515625 0.105361938476563
-0.266952514648438 0.0347290039062499 0.233413696289062 0.05780029296875
-0.262527465820313 0.0167694091796876 0.20416259765625 0.0358123779296875
-0.264175415039063 0.034027099609375 0.1767578125 0.02789306640625
-0.23138427734375 -0.0880279541015625 0.146530151367187 0.0306854248046875
-0.145553588867188 -0.227752685546875 0.0733261108398437 -0.0310287475585938
0.0338134765625 -0.268585205078125 0.0472335815429688 -0.107559204101563
0.178817749023438 -0.139373779296875 0.125518798828125 -0.231307983398438
0.0685920715332031 -0.0415878295898437 0.32244873046875 -0.369354248046875
-0.067138671875 -0.244140625 0.376251220703125 -0.186737060546875
-0.234359741210937 -0.04150390625 0.169189453125 -0.384521484375
-0.0707473754882812 0.115928649902344 -0.051910400390625 0.0306625366210938
0.151397705078125 -0.003082275390625 0.148651123046875 0.186538696289063
0.0776824951171875 -0.1539306640625 0.198348999023438 0.124160766601562
-0.112228393554688 -0.166183471679688 0.225692749023437 0.138336181640625
-0.203765869140625 -0.0294647216796875 0.31719970703125 0.111480712890625
-0.15899658203125 0.06109619140625 0.311492919921875 0.0164794921875
-0.167892456054688 0.0512237548828125 0.26165771484375 -0.0079345703125
-0.184555053710938 0.0658416748046875 0.241043090820313 -0.00933837890625
-0.181396484375 -0.034393310546875 0.214797973632813 0.0310211181640625
-0.0982666015625 -0.157608032226563 0.125656127929688 0.0121994018554687
0.0735931396484375 -0.15264892578125 0.0626144409179687 -0.0722122192382813
0.11199951171875 0.0375900268554687 0.149063110351563 -0.236618041992187
-0.0757369995117187 0.0893630981445313 0.401519775390625 -0.387115478515625
-0.231231689453125 -0.12451171875 0.40203857421875 -0.214752197265625
0.38238525390625 -0.066314697265625 -0.34881591796875 0.19793701171875
0.19976806640625 -0.181930541992187 -0.472564697265625 0.407073974609375
-0.02008056640625 -0.16845703125 -0.128143310546875 0.297149658203125
-0.0792999267578125 0.00807952880859376 -0.0305671691894531 0.0641403198242188
0.054534912109375 0.06878662109375 -0.131996154785156 -0.0664825439453125
0.134162902832031 -0.04547119140625 -0.26025390625 -0.0326995849609375
0.0551605224609375 -0.106559753417969 -0.284454345703125 0.05950927734375
0.0403366088867187 -0.0860595703125 -0.26593017578125 0.0583953857421875
0.0426254272460937 -0.0903778076171875 -0.307861328125 0.0292968750000001
0.0756072998046875 -0.0428009033203125 -0.339874267578125 -0.0798034667968751
0.0378036499023438 0.0444183349609375 -0.282470703125 -0.139801025390625
-0.108497619628906 0.0486297607421875 -0.189712524414063 -0.130813598632812
-0.122802734375 -0.149520874023438 -0.131240844726563 -0.168655395507813
0.0422515869140625 -0.247146606445312 -0.0556831359863281 -0.0350685119628906
0.279800415039063 -0.165695190429688 -0.22064208984375 0.32305908203125
0.432220458984375 -0.2073974609375 -0.253509521484375 0.1644287109375
0.284088134765625 -0.26611328125 -0.49639892578125 0.395721435546875
0.05963134765625 -0.313262939453125 -0.11932373046875 0.3760986328125
-0.0694427490234375 -0.14068603515625 0.0244674682617188 0.092559814453125
-0.0195236206054687 -0.051422119140625 -0.118080139160156 -0.08575439453125
0.025146484375 -0.096649169921875 -0.27197265625 -0.017425537109375
-0.0619049072265625 -0.110626220703125 -0.279083251953125 0.09844970703125
-0.0878067016601562 -0.0982742309570313 -0.240798950195312 0.0943756103515625
-0.0938949584960937 -0.0929031372070313 -0.283233642578125 0.064239501953125
-0.0477294921875 -0.104652404785156 -0.321746826171875 -0.055328369140625
-0.0505905151367188 -0.08001708984375 -0.277923583984375 -0.147979736328125
-0.129341125488281 -0.0967254638671875 -0.176681518554688 -0.150665283203125
-0.071929931640625 -0.278045654296875 -0.106918334960937 -0.163497924804688
0.087921142578125 -0.3515625 -0.055694580078125 -0.0403900146484375
0.32470703125 -0.33453369140625 -0.158493041992188 0.271865844726563
0.407928466796875 -0.35516357421875 -0.132637023925781 0.100730895996094
0.2823486328125 -0.346832275390625 -0.479583740234375 0.3675537109375
0.0921630859375 -0.423492431640625 -0.09185791015625 0.45745849609375
-0.06787109375 -0.276123046875 0.096527099609375 0.14373779296875
-0.105926513671875 -0.178329467773437 -0.0685653686523438 -0.077239990234375
-0.105438232421875 -0.143173217773438 -0.233428955078125 0.00607299804687496
-0.179840087890625 -0.0968017578125 -0.23046875 0.125595092773437
-0.203216552734375 -0.095611572265625 -0.179580688476563 0.116241455078125
-0.210494995117188 -0.083740234375 -0.215469360351563 0.08624267578125
-0.156494140625 -0.15020751953125 -0.25750732421875 -0.030059814453125
-0.133392333984375 -0.189743041992188 -0.243698120117187 -0.1458740234375
-0.142227172851562 -0.238037109375 -0.1563720703125 -0.16802978515625
-0.00451660156249998 -0.390380859375 -0.0748138427734375 -0.183609008789063
0.143707275390625 -0.413299560546875 -0.0206222534179687 -0.0929336547851563
0.336181640625 -0.444732666015625 -0.0616455078125 0.181930541992187
0.30609130859375 -0.472900390625 -0.0149946212768555 0.00026988983154294
0.1990966796875 -0.4012451171875 -0.42333984375 0.320587158203125
0.0703125 -0.470306396484375 -0.033172607421875 0.49969482421875
-0.07623291015625 -0.36346435546875 0.173355102539063 0.182235717773437
-0.187759399414063 -0.280044555664062 0.00598144531249999 -0.0476608276367188
-0.23150634765625 -0.171493530273438 -0.143310546875 0.03582763671875
-0.2802734375 -0.0677032470703125 -0.138587951660156 0.135467529296875
-0.28887939453125 -0.07696533203125 -0.0897903442382813 0.121047973632813
-0.2911376953125 -0.06121826171875 -0.119049072265625 0.0932998657226562
-0.233062744140625 -0.170486450195312 -0.16107177734375 -0.00704956054687501
-0.191085815429688 -0.26434326171875 -0.179092407226563 -0.132064819335938
-0.13775634765625 -0.342742919921875 -0.118362426757813 -0.176467895507813
0.068603515625 -0.452117919921875 -0.0316925048828125 -0.213455200195313
0.190460205078125 -0.413360595703125 0.041748046875 -0.177902221679688
0.3031005859375 -0.484161376953125 0.0606689453125 0.0691986083984375
0.158111572265625 -0.51177978515625 0.078704833984375 -0.128349304199219
0.0804443359375 -0.37664794921875 -0.33819580078125 0.25408935546875
0.043487548828125 -0.425811767578125 0.045013427734375 0.474822998046875
-0.07147216796875 -0.380889892578125 0.233474731445313 0.184951782226562
-0.235992431640625 -0.32989501953125 0.0877685546875 -0.00844573974609377
-0.32049560546875 -0.17132568359375 -0.0164642333984375 0.0645637512207031
-0.335784912109375 -0.02880859375 -0.0146026611328125 0.125076293945313
-0.32965087890625 -0.0470275878906251 0.0150680541992187 0.107246398925781
-0.32421875 -0.029998779296875 -0.010833740234375 0.0836715698242188
-0.267868041992187 -0.162734985351562 -0.0491294860839844 0.00953674316406248
-0.21002197265625 -0.29254150390625 -0.0936279296875 -0.1090087890625
-0.099609375 -0.3836669921875 -0.0604400634765625 -0.170623779296875
0.137298583984375 -0.428985595703125 0.0236663818359375 -0.233688354492188
0.204864501953125 -0.33978271484375 0.1260986328125 -0.267715454101563
0.2193603515625 -0.451812744140625 0.188858032226562 -0.0431365966796875
-0.00253295898437498 -0.437103271484375 0.137405395507812 -0.25848388671875
-0.0168304443359375 -0.250701904296875 -0.234954833984375 0.173263549804687
0.0582275390625 -0.303375244140625 0.1141357421875 0.389923095703125
-0.025390625 -0.338836669921875 0.254226684570313 0.158065795898438
-0.2318115234375 -0.322296142578125 0.156219482421875 0.0361328125
-0.3447265625 -0.143402099609375 0.120498657226562 0.0870208740234375
-0.333038330078125 0.00991821289062497 0.118362426757813 0.0959701538085938
-0.321533203125 -0.010162353515625 0.118797302246094 0.0766754150390625
-0.313720703125 0.00631713867187495 0.0920333862304687 0.0591049194335937
-0.264694213867188 -0.130355834960938 0.0582962036132812 0.0201187133789062
-0.190521240234375 -0.274810791015625 -0.00360870361328125 -0.0748977661132813
-0.035980224609375 -0.354248046875 0.00245666503906249 -0.146255493164063
0.18182373046875 -0.31488037109375 0.08087158203125 -0.23626708984375
0.1685791015625 -0.203109741210938 0.220916748046875 -0.336639404296875
0.088104248046875 -0.36163330078125 0.301116943359375 -0.134307861328125
-0.139312744140625 -0.260269165039062 0.163330078125 -0.353729248046875
-0.0597686767578125 -0.0633659362792969 -0.134017944335937 0.0942230224609375
0.111053466796875 -0.15277099609375 0.150482177734375 0.278793334960938
0.0342254638671875 -0.261077880859375 0.234725952148437 0.130218505859375
-0.186187744140625 -0.263961791992188 0.201690673828125 0.0871734619140625
-0.30145263671875 -0.089599609375 0.240203857421875 0.1016845703125
-0.267959594726563 0.043212890625 0.235565185546875 0.0571136474609375
-0.263641357421875 0.025421142578125 0.204879760742187 0.034637451171875
-0.26300048828125 0.0429840087890625 0.17803955078125 0.0253448486328125
-0.23358154296875 -0.0836029052734375 0.1475830078125 0.0253143310546875
-0.151611328125 -0.2261962890625 0.0735397338867187 -0.0334548950195313
0.028839111328125 -0.271286010742188 0.04833984375 -0.108016967773438
0.177337646484375 -0.143844604492188 0.126449584960938 -0.228683471679688
0.0708999633789063 -0.043670654296875 0.317474365234375 -0.37396240234375
-0.0750885009765625 -0.242813110351562 0.378265380859375 -0.19244384765625
-0.237442016601562 -0.0368804931640625 0.160919189453125 -0.39031982421875
-0.0689926147460938 0.119979858398438 -0.0540885925292969 0.0326004028320313
0.151641845703125 -0.007476806640625 0.150421142578125 0.18621826171875
0.0760498046875 -0.158538818359375 0.19866943359375 0.124481201171875
-0.118301391601563 -0.163726806640625 0.230880737304688 0.136734008789062
-0.206069946289063 -0.022125244140625 0.323577880859375 0.10479736328125
-0.158721923828125 0.0675201416015625 0.3135986328125 0.0123291015625
-0.167800903320313 0.057220458984375 0.261001586914063 -0.01141357421875
-0.182296752929688 0.0731353759765625 0.240982055664063 -0.0136260986328125
-0.183258056640625 -0.0294342041015625 0.216827392578125 0.023162841796875
-0.103179931640625 -0.157363891601563 0.128067016601563 0.00835418701171874
0.07122802734375 -0.15673828125 0.0643692016601563 -0.0716781616210938
0.114952087402344 0.0352249145507813 0.150283813476563 -0.2352294921875
-0.0722732543945312 0.0905075073242188 0.395721435546875 -0.39422607421875
-0.238693237304687 -0.1181640625 0.404388427734375 -0.219268798828125
-0.218300279677731 -0.301414011068781 -0.3892667344442 -0.136017886243898
-0.23973617447679 -0.0975285459191263 -0.6099493866572 -0.189705408443751
-0.12435472070645 0.0853019686098509 -0.306241791286175 0.0490366010942132
0.0660658651066781 0.0530598618684229 -0.0668072662935339 -0.0210421307129457
0.022624874779939 -0.0870683422514251 -0.0275874237760732 -0.155896610389565
-0.0962006671351908 -0.0639668570826234 -0.0926408730632982 -0.223595508816323
-0.107819841070465 0.00600993697333541 -0.153732687764697 -0.22528164081899
-0.0712264484201361 0.0203829809982107 -0.17462716417931 -0.218917414481508
-0.0813237811285429 0.0237336094748394 -0.146835225533913 -0.262195109867753
-0.0645986645515025 -0.0301289862023602 -0.0960993420524922 -0.31437424697136
0.0177312083139085 -0.0494121515054469 -0.0170408557068933 -0.331519059357045
0.119737127729116 0.0682529574763373 0.0395703264706772 -0.255621900759557
-0.00624901770768365 0.2036358877593 0.088216000146752 -0.198923134471901
-0.206500417297976 0.114363545414446 0.0107097636231586 -0.0358378115144821
-0.260021525020054 -0.151918661802293 -0.402590039745979 0.0410588865736193
-0.369438542214758 -0.260899530813809 -0.291152455026579 -0.0539077007193289
-0.358240342221987 -0.112821793448752 -0.609798358159802 -0.193642950541863
-0.294761240918084 0.0960156475080976 -0.353038753356777 0.137292732368071
-0.0736275456334887 0.146953773841134 -0.0272786215478324 0.0646490730576288
-0.0110831536806363 0.055771830444815 0.0187110481345497 -0.161874071423598
-0.0661219316129452 0.0500868186440894 -0.0966425939487165 -0.239692008728012
-0.0500218937730578 0.109749655203799 -0.174020027126377 -0.217718974000546
0.000151092916868076 0.11811483775475 -0.191215403540504 -0.188037886825022
-0.00557548447146753 0.138655710983803 -0.157496245753014 -0.234559243516598
-0.035352189843177 0.10481421820371 -0.0888530794705287 -0.291624001509585
-0.0143439492974423 0.100213122056388 0.0137107506173976 -0.328554061371071
0.00648228802899721 0.177045400588857 0.0815822611985379 -0.237160629562624
-0.12944034036831 0.259838728393447 0.102327424177751 -0.162220180645617
-0.312921504168432 0.140982640446349 0.0155231757665859 -0.0247415186770608
-0.413899457015103 -0.0999128104698822 -0.331236401722074 0.0761034422658096
-0.485727936873341 -0.155171487003671 -0.147844300114447 0.0220158631447858
-0.424783717905379 -0.0580206457584957 -0.563309543610019 -0.183892374000419
-0.409973612774506 0.126794405186525 -0.393138786252202 0.225044549340089
-0.200072978347666 0.238116689830853 -0.00308959920965533 0.173931416902375
-0.0457213381193012 0.211655494745068 0.0603401480331844 -0.120976447980212
-0.0234809317839671 0.174731937609096 -0.0859490328019563 -0.211022570531584
0.0219550850906829 0.20543062230759 -0.169178617543858 -0.175841436642783
0.0715084880757428 0.197499211306421 -0.180369262066342 -0.127997305400413
0.0658038028712802 0.229037107154974 -0.141682896207145 -0.17243414444585
-0.00475007739291656 0.2193352870936 -0.0632584987951236 -0.230151917985858
-0.0405660324719274 0.235179128785647 0.0473360234617673 -0.291994597131893
-0.10874545601921 0.276174987463956 0.123704477418205 -0.209530668390225
-0.253444512775215 0.295847639076009 0.139789719534505 -0.132490558580555
-0.395232385249011 0.136672282718189 0.0752573982096708 -0.010918095281223
-0.50782115766811 -0.0485532200116396 -0.205857576456233 0.107308586122603
-0.540540317677168 0.001898374457544 0.0272715272097435 0.0642681793565493
-0.419191461588044 0.0501436689383121 -0.472789186119063 -0.158120762895448
-0.443833212917607 0.17120647686337 -0.3888836330745 0.304247699900122
-0.276266236104249 0.306988440220124 0.0247683025008408 0.27190466387273
-0.0672763362415149 0.343714784858939 0.0928818004066426 -0.0444961495812297
0.0269533250489523 0.284434836340085 -0.0601581466566629 -0.133809536466223
0.0961351090217665 0.276753165693668 -0.13810915546537 -0.100415266342244
0.133613762980115 0.247694927597986 -0.141760664669671 -0.0482720551911563
0.124949053034769 0.281255924887093 -0.104127194065689 -0.0885363836572269
0.0227817870345036 0.291720834099049 -0.0265349951447748 -0.141631307416328
-0.0591527740812248 0.326219093387718 0.0793341347211361 -0.223378079109661
-0.204243506551546 0.33726523002968 0.160463487223054 -0.165094053059777
-0.351662803988455 0.292271384111096 0.186278178528762 -0.102497618275933
-0.426257874579838 0.107919589918526 0.174177358523661 0.00346044413913842
-0.526762235412867 0.00183086238384193 -0.0447794387393652 0.138513847966247
-0.500459784469934 0.158262389349212 0.20782473064427 0.0562227142656187
-0.32829610126443 0.140585657971641 -0.355713289445919 -0.133328896884541
-0.397756758651741 0.173108290542059 -0.33289399451872 0.353484428716194
-0.302288114222457 0.313144813371176 0.0550865195725243 0.331648245812768
-0.0757655517248276 0.41334104119793 0.111610946014439 0.0473854533547384
0.0708976294816917 0.346066726035249 -0.0220907833911181 -0.0206846497847263
0.153111029624055 0.305192423690501 -0.0825355666928419 0.00178881546554729
0.175618587708945 0.258772266941462 -0.0805298599418296 0.0412567370729862
0.164044032865369 0.289569916417718 -0.0512770695387972 0.0021506923459559
0.0461519975904308 0.313691825720414 0.0156934874767271 -0.0430399598832068
-0.0710252652705134 0.356104206527221 0.103973813379445 -0.130449819272753
-0.265885561635261 0.330696250551603 0.182460233368629 -0.0989250311412705
-0.389762236445294 0.22899152029842 0.226878500142128 -0.0626191516349487
-0.384273280978957 0.0572037076097322 0.287643109032663 0.025663627495645
-0.463929213072093 0.057102427902826 0.124619685922905 0.167547939522313
-0.360972336555406 0.263511175915017 0.35479077275204 0.00738761874928448
-0.172043908407309 0.149721952958138 -0.23886186194388 -0.108436744774989
-0.309380904866888 0.098427706494905 -0.246068210130367 0.364205122193557
-0.29916786695096 0.250628359693335 0.0734681158607611 0.343599460690795
-0.079665705353991 0.402790584732445 0.107468986528317 0.136784070258754
0.0968771949340188 0.340710176280857 0.0171815509040794 0.106603889667761
0.178779056696038 0.282645239402646 -0.0123280788773607 0.112004312486451
0.189407451879505 0.232371681068463 -0.00608930867428793 0.125193351159819
0.182711979140151 0.256605274727499 0.00942525501645791 0.0844459624001338
0.0629393791342701 0.290169919456142 0.0538070689672791 0.0491530504814491
-0.0737328082693506 0.329134785671622 0.113572117863907 -0.0303288992482673
-0.283023729866724 0.25649523266856 0.179057841507212 -0.0255799651483988
-0.349362678690908 0.117584432650115 0.247809925694599 -0.020954085879497
-0.265695259233761 0.00798010069515177 0.390213516320092 0.0571447396980005
-0.333125809499351 0.118610304771393 0.272433309560448 0.190834602579508
-0.148629065219747 0.2922200895569 0.438512746938701 -0.0563779362800886
8.57926083532162E-05 0.0754888645424373 -0.138332693892266 -0.0834971082261405
-0.214810797552407 -0.0236876094378628 -0.161707801086222 0.333182829620772
-0.273369881074056 0.14763688358566 0.0605268364028196 0.317760490349212
-0.0759483856640144 0.323094449418988 0.076143303701954 0.214085711756353
0.099406294049375 0.271111166691381 0.0478775585904855 0.22318618240924
0.167483479154973 0.209901957118336 0.0552699533024828 0.209906067692207
0.173878479253022 0.171542599848533 0.06962527005212 0.190464200864784
0.178224787187519 0.192645369800198 0.0680326384177998 0.150028759470873
0.0766642147329929 0.237199453409516 0.0840427699428019 0.124030143939744
-0.0675151932160226 0.265772261225555 0.105170680257222 0.060262328135886
-0.254335765516325 0.148969104351045 0.148471065658282 0.0324568791446366
-0.236019528301246 -0.00361319294245342 0.25327263253491 0.00837742599537263
-0.0944460878882789 -0.0106842969622314 0.471097294617022 0.100074796066972
-0.163743718331547 0.189374851432504 0.377117772643624 0.204374975030244
0.084029629808291 0.258238729168943 0.449159212843157 -0.112921958587828
0.148391417747288 -0.0257639768977084 -0.069217828429648 -0.0637068203469032
-0.115410171653784 -0.134520804145381 -0.112005411769937 0.275654791620598
-0.209475635238512 0.0397064052775681 0.0148704487161484 0.280324815973191
-0.0551716467783713 0.195493482424178 0.0298016606833265 0.277209147636832
0.0839304808479713 0.15372007883276 0.0671964819944885 0.308568707852517
0.126069376615817 0.102940498564224 0.109441467325168 0.275883075565805
0.13189861152426 0.0859122799635579 0.133995930513013 0.228040067305641
0.15332325979807 0.107652471284881 0.12149852109836 0.195805591107645
0.0833808409503063 0.16488160139603 0.107819747594848 0.18027289338579
-0.0519663363222726 0.181968415937912 0.0820592229788625 0.130081831232735
-0.182591047455478 0.0407521110191989 0.104995515091964 0.0550061342507667
-0.0743580052260799 -0.0891555233240248 0.262381500029844 0.00613391020281277
0.0864759813920081 0.0192430106398059 0.535209921823292 0.139076617963243
0.0106701717852604 0.256469810919778 0.428940870044313 0.196358129555475
-0.233906044820685 -0.288028947212249 -0.390907992634151 -0.120034184755983
-0.243011237439443 -0.084402864677303 -0.615125083241187 -0.162537625989908
-0.11814822995052 0.0909039611692091 -0.303274547304021 0.0600591541177115
0.069875650290462 0.0463300321466818 -0.0692247416924408 -0.0214389756124913
0.0159106753321878 -0.090249565869522 -0.0384471601064538 -0.155308982802545
-0.101098270460346 -0.0556936010711998 -0.105950266075485 -0.216835459170919
-0.108205052312507 0.0146000556309789 -0.164351155642387 -0.212804679082638
-0.0711659000026511 0.0247883385228136 -0.181908548612193 -0.206645196295458
-0.0799917378158879 0.0304522059631099 -0.155061162324244 -0.254544652601892
-0.0684490106086782 -0.0246630357907932 -0.111067180577547 -0.308989564755871
0.013036925668227 -0.0500542047036508 -0.0343819291842889 -0.330335867322981
0.123733362958095 0.0596656802537162 0.0306283868524149 -0.256368479955479
0.00435968248865468 0.203581916569845 0.0794452730852858 -0.202941151535556
-0.200196807249421 0.122524521742266 0.00965527131334724 -0.0344899507805744
-0.26959507575849 -0.137442459390049 -0.396764189293425 0.0610969857925364
-0.382179151179913 -0.241755608546865 -0.28969994373534 -0.0434725711245821
-0.362006387262899 -0.0950740689237204 -0.61500628486409 -0.166949439899307
-0.28652246001831 0.110386273774522 -0.346185886782448 0.149852988676101
-0.0661946283520959 0.146912539318636 -0.0256083380105851 0.063124896967661
-0.010863466389845 0.0531977108756475 0.00700854357438078 -0.164581126909474
-0.0658580677182049 0.0562519643518022 -0.111576920041523 -0.232765457223396
-0.0451793974725687 0.114126522176493 -0.185626817519287 -0.203909108441223
0.00507226230365519 0.117409200343074 -0.198281392342261 -0.174309076246354
0.00122670553557642 0.140385701957761 -0.165410048279348 -0.225095451808087
-0.032806851228349 0.109143516654276 -0.101557796248468 -0.286235933941177
-0.0115318369858673 0.100572620608799 -0.00350749677668572 -0.328567441152787
0.0150291508497946 0.174080922593329 0.0737519936206184 -0.239285267942937
-0.115353641200775 0.265763789434829 0.0949078699051509 -0.164997133819481
-0.306689049708106 0.154380393223241 0.015008669859331 -0.022143445069021
-0.420942014831808 -0.0772600397877592 -0.324393962838145 0.0921019020183359
-0.491583316811373 -0.129204159520114 -0.14361480353123 0.0252766350564459
-0.422380564416545 -0.0373542990607273 -0.568204329413217 -0.158514855260799
-0.401545246994563 0.146717310863484 -0.382379759886581 0.242866412565311
-0.189317098816014 0.244124835435996 0.0050368107384437 0.171406384502637
-0.0369183852350159 0.210462266530065 0.0508006426578637 -0.126842460800925
-0.0170670058206374 0.178326791450711 -0.0993217110261886 -0.205450462279083
0.0313941318370248 0.205456962673386 -0.180727077440453 -0.163456805200753
0.0812575477549081 0.192743479349713 -0.184912621399736 -0.115270507447879
0.077060378967558 0.225826524829408 -0.147551904030235 -0.162920958825645
0.00387854635945543 0.220854140924745 -0.0741307000635668 -0.226912619751705
-0.030994624017552 0.236372511816342 0.0305657415337117 -0.294579614404312
-0.0954426598293923 0.279306969109443 0.115981257101506 -0.214372536335759
-0.238990930342416 0.30661932498634 0.133731961771233 -0.134953789603752
-0.387822461887077 0.15328085707294 0.0744829135413198 -0.0104598507137925
-0.510871417340683 -0.0228868310762717 -0.197876838759284 0.118027469738489
-0.536288573852349 0.0302181019005885 0.0327988058425653 0.0581836433773281
-0.413102122746172 0.0692679130074405 -0.481299941585719 -0.140057684070625
-0.43172728861479 0.191533972955877 -0.376009679152081 0.320772117408294
-0.264540932512632 0.317610859416821 0.0368544566104038 0.269445555378424
-0.0506752699512222 0.343359775268105 0.0861983161710856 -0.0524501826906039
0.0384660197867492 0.284739830989114 -0.0693234247956985 -0.130544082800582
0.109299697171108 0.271414080216111 -0.147060837607601 -0.0897902996129118
0.145593745070124 0.238189629939374 -0.144140885667223 -0.0364218158992098
0.139766179520973 0.273599699802972 -0.106913119488582 -0.0803592834382105
0.0345608572295474 0.291237143569484 -0.0328465880549126 -0.140704379857077
-0.0441897446872427 0.327558366988144 0.065654913630827 -0.228023969710806
-0.187244345496257 0.34602926060352 0.155102580564347 -0.170361423778717
-0.336130715790982 0.30732080212284 0.181620191784773 -0.105291090369731
-0.421345094727693 0.125323893937498 0.173571494218668 -0.000515713373530637
-0.525522185816527 0.0292116729465406 -0.0355336087990467 0.14219084498901
-0.489281853859114 0.184344307259563 0.210916654766439 0.042087741647312
-0.317443363000769 0.154649855809617 -0.364319501257048 -0.119531152820997
-0.38600303379862 0.190450417698859 -0.31838123831141 0.37000207985508
-0.289946546041132 0.32722697587328 0.0692311286044561 0.328045771439257
-0.0549157513403483 0.413967334582526 0.109867459575237 0.0383129873255344
0.0877043143256229 0.343448983118866 -0.0255596239634702 -0.0198357661345381
0.168795536063571 0.296059166867311 -0.0869992060762108 0.0085395452670375
0.188471731512071 0.247427249380952 -0.0802128342152582 0.0490874207703274
0.178923743961532 0.278249480959843 -0.0507326821843973 0.00701072477083283
0.0589965352380144 0.311673559114342 0.0142346224545825 -0.0448426534811416
-0.0531442922731082 0.359192904351387 0.095070774709781 -0.136319238623529
-0.249006771970753 0.342644268435952 0.179728425672038 -0.105326879437996
-0.374673725385115 0.245651991280782 0.223103842726932 -0.0675000315252978
-0.381329018153638 0.074087946300835 0.285478974272113 0.0155176871810657
-0.45744404924609 0.0805193457310975 0.134116987728738 0.163567810179459
-0.343948160329398 0.282655334052209 0.354406322938554 -0.015268689067672
-0.161146071815422 0.15554012425635 -0.24604119616838 -0.100221720568963
-0.302611150523709 0.11322617524698 -0.228817886844952 0.37487580686444
-0.289131821935474 0.264927363688701 0.0875002303329372 0.338640727557566
-0.057856763906411 0.404045128717735 0.110931050387712 0.128218874915399
0.114162769659791 0.336020149236572 0.0215899902673801 0.104621050873113
0.193969320189332 0.270924123984382 -0.0124383853564045 0.113685922015822
0.201626962695558 0.219081215525347 -0.00238418555030675 0.12713224216608
0.195624778889264 0.243862414201935 0.0128809867923683 0.0850706328208813
0.0768746981425142 0.286423084593888 0.0566044918603693 0.0445026139864435
-0.0577066206317513 0.331322878229168 0.11062968173212 -0.0364350879364581
-0.269992279110243 0.269678038227814 0.178885363967122 -0.0318807768190829
-0.341310845739753 0.13243849185082 0.24570742001971 -0.0254707963727586
-0.265284991263539 0.0194772743207591 0.38752604378984 0.0417304201243408
-0.323430878433262 0.135870688712348 0.282301294556004 0.180121861926532
-0.131854675376893 0.300349325152874 0.433561808917571 -0.0822544447562781
0.0065240728599733 0.0727740735756322 -0.145476293393565 -0.0797367721305772
-0.215862301689881 -0.0127145159971966 -0.146613699372621 0.340324636656576
-0.267207965905455 0.161860812837212 0.0731673266239934 0.313198279266355
-0.0571127969899044 0.325336961841463 0.0839909808184058 0.208126508880083
0.114656296229264 0.264452405939 0.0581835122150706 0.219022756748069
0.179305596166902 0.198465827251709 0.0605488778905523 0.207020716271002
0.182903461926645 0.160426971253342 0.0753312272192219 0.187110637894146
0.187981991015986 0.179718556988956 0.0744217102729001 0.146383917687127
0.0882143567140141 0.232369257652521 0.0917874731334289 0.117584186462156
-0.0529342044937408 0.268464752037319 0.107237026761656 0.0540923391202217
-0.247561281468661 0.16129301056758 0.150526898555352 0.0283947000426127
-0.235680088745933 0.006881582543563 0.251755611942297 0.00326989566342634
-0.0954794855957367 -0.00684097593586235 0.470018232924238 0.0803793613250998
-0.150357882785911 0.197627173275712 0.386735434699884 0.19027056018727
0.0971606110956643 0.25386862877291 0.4388903793495 -0.137172766616291
0.148990051010537 -0.0346303589890888 -0.0746132301127257 -0.0618360258438817
-0.122710707675638 -0.127169276336812 -0.0989179238316733 0.279502232193358
-0.208206043407786 0.0512302983580553 0.0250069225861811 0.277750828389553
-0.0424377805247968 0.197262720954995 0.0422668105202534 0.274889788900918
0.0938443775972138 0.147689918973519 0.0822713069538515 0.302961180411287
0.132648496078066 0.0939914687695839 0.119664853246888 0.268044855088737
0.137528879340576 0.0770989693051148 0.140989708660025 0.220258308169328
0.158671425199978 0.0967066187485152 0.12978635325296 0.187455106629635
0.0929660248311451 0.159609053203072 0.118482775949099 0.171551274490934
-0.0414212731449994 0.185867408478057 0.0892901472224726 0.125204693042009
-0.18115373546217 0.0506920257009838 0.106656946620207 0.0531870655488104
-0.0802207420435727 -0.0860712390326906 0.260555929581508 0.000149915474117332
0.0860697209655272 0.0154553145116485 0.536513992347747 0.112956519927904
0.0267945222153952 0.254955690870006 0.437520541028144 0.179925955409925
-0.240331016029174 -0.270493056323121 -0.38587894538369 -0.105252728585101
-0.240401408428285 -0.0723831635377801 -0.60476544845586 -0.136451401049803
-0.109754632336468 0.0947273853912149 -0.293880798731083 0.0678900641561146
0.0715626273987685 0.0396589297501367 -0.0709739586873485 -0.0211920531433137
0.00898835422399742 -0.0909529365472585 -0.0472711211198268 -0.152548046677194
-0.103265252088649 -0.0472185642925695 -0.115186924587848 -0.205828459072436
-0.105586812383807 0.0216762417900727 -0.169614903538518 -0.197776088484319
-0.0698617862057641 0.0283651158583111 -0.183103454514173 -0.192310701829699
-0.076579176636389 0.035844402144801 -0.159387071722412 -0.242146189098981
-0.069685587471964 -0.0186840753420795 -0.121335781952173 -0.298464126557449
0.00866268367356328 -0.0496369401506208 -0.0477869030284331 -0.321093451135728
0.123637932099494 0.0506897460899122 0.0220327376855613 -0.25226241234066
0.0140403006342377 0.199935268903356 0.0705908677882051 -0.202620794739137
-0.190762974950194 0.126858448018581 0.00920995672753542 -0.032432255688582
-0.272775923962936 -0.12099356895182 -0.384471430218592 0.0761319494020731
-0.383377368828421 -0.218587591288023 -0.282501848550447 -0.0348136084373573
-0.356152549328331 -0.0791309903314438 -0.606227381731078 -0.142263693167551
-0.274250675327447 0.120167013854121 -0.332463979366977 0.158637872944317
-0.0589690866613769 0.142807314492851 -0.0237039808431658 0.0607570972905714
-0.0107421801541449 0.0495128625677848 -0.00434572950951561 -0.163961634469075
-0.0643921598834358 0.0606357231490116 -0.121882113069217 -0.221927500073327
-0.0398391829937616 0.116380238892004 -0.190754825595548 -0.187865459951272
0.00873455277858925 0.114996227742739 -0.198894787513807 -0.158879329064885
0.00861306299481677 0.138535829764289 -0.168869663787764 -0.212751971627799
-0.029596322542677 0.110580508546178 -0.110914769126183 -0.27634290114226
-0.00908647822306309 0.0991834975581723 -0.0192558797229547 -0.321945141438433
0.0222056555870532 0.167614203998149 0.0651315845328162 -0.237543792436596
-0.101879823236589 0.264859549264624 0.0874599029724898 -0.164290828979244
-0.293526382821077 0.161729331513467 0.0148775316553331 -0.0201203799518148
-0.417014798961633 -0.0565573454667291 -0.311437064518153 0.103771671100977
-0.48484506767873 -0.104433666247311 -0.136007278401211 0.0266791461906113
-0.413016923415378 -0.020578336270866 -0.56394065862224 -0.136440772967705
-0.383123371531728 0.158565591096514 -0.367161683302061 0.251834799226933
-0.176623381250152 0.243574982573137 0.0104613131014663 0.166596948556891
-0.0292783466952923 0.204356048607417 0.0389847153372165 -0.129185259070307
-0.010690968985977 0.177490267847567 -0.109223769297503 -0.196694055041665
0.0400528738384595 0.200875141721089 -0.186051190901037 -0.148106930843382
0.087082735375937 0.184012320833458 -0.184913632938405 -0.10068349028691
0.0864366044199334 0.218006003637805 -0.148693768762732 -0.151848830155962
0.0106624705608575 0.217946824289033 -0.0813261392415363 -0.218804754347576
-0.0218780335723285 0.232389380943934 0.0155154935846109 -0.289932608088917
-0.0823766461418736 0.276034891333676 0.107976435143997 -0.214015767167821
-0.22094474204991 0.309851672103914 0.127018511317783 -0.134519532915508
-0.373375204264569 0.164123730884961 0.0738585850831025 -0.0101769221144077
-0.500885853569631 0.00118106371161906 -0.186218154092069 0.124079107311067
-0.522594172345443 0.0539032021005482 0.0371259781739251 0.0518346304141189
-0.399796576013682 0.0830691062052929 -0.476799649749377 -0.120800880912683
-0.412932008988126 0.205683444294965 -0.357040557966328 0.331173312260505
-0.247491110689396 0.319055969949865 0.0459206660718839 0.261965347682557
-0.0361646143211117 0.33584995710097 0.0773558464575124 -0.0586219115043034
0.0488064668521611 0.278381142512094 -0.076527394361725 -0.124853841686595
0.119300417698302 0.260438765786164 -0.151324022473685 -0.0777864636189277
0.152226839767792 0.225429216945004 -0.142779564551982 -0.0249649494867316
0.148676252691731 0.260594593997019 -0.106771260515736 -0.0720151028233518
0.0443138479750206 0.285763774160184 -0.0372227944090555 -0.136438181752072
-0.0305400264699644 0.322389685308238 0.0518605534542996 -0.226689447084881
-0.170063544513688 0.34499459036953 0.147836768981291 -0.172152667565634
-0.316096787713796 0.314146980071471 0.174902539008051 -0.105726278862228
-0.408537513105015 0.138490530705165 0.169999079027298 -0.00324309338592635
-0.512469394398366 0.0528519700761769 -0.0265091288982878 0.141924799956813
-0.469179571062859 0.203163441291241 0.209316638727095 0.0278999789790941
-0.301768114857569 0.161518568769475 -0.364137257091323 -0.104987980367592
-0.369083684592379 0.202133062482486 -0.298006641008003 0.375733710661233
-0.273427226430727 0.331204162110275 0.0806376893319523 0.318032369553684
-0.0359683529087277 0.40522753366053 0.104459814953204 0.0296666795215909
0.10107182718692 0.332465978091192 -0.0284356721130614 -0.0192725113780027
0.179203750385358 0.280969617339544 -0.0901311481424756 0.015013097629789
0.195050286685019 0.230913990076327 -0.0775309174395714 0.0554626343669552
0.187194651851273 0.261363998045006 -0.048652852721925 0.0110764906034952
0.0698961503657105 0.303442970288041 0.0123918142304826 -0.0449918126564664
-0.0370711601220019 0.352974954322069 0.0850979315199306 -0.138460506260184
-0.229814387390014 0.344729792194911 0.174125917715919 -0.109274000083264
-0.357169577926009 0.256197817215498 0.217351287378659 -0.0684382765187576
-0.371812328765198 0.0868859233536791 0.279424337850934 0.00807048065903731
-0.442159087049564 0.0982768950201225 0.141012712793363 0.156106317288558
-0.322552215510813 0.29316365568904 0.345066065991693 -0.0330153279024713
-0.147904465039069 0.156290481769574 -0.248754118164531 -0.0908951657582073
-0.291236470584778 0.122894612210366 -0.211038379218718 0.37819773777942
-0.274548190053207 0.271337239753908 0.0980264446252437 0.328391325468116
-0.0381332255351353 0.396714055387107 0.109914431134291 0.118395088370265
0.127213277527545 0.324948099273136 0.0234924767055754 0.100405944592216
0.203351069562533 0.25435125924185 -0.0126043708679318 0.114489562356969
0.20794126327388 0.203129792938999 0.000401810302429794 0.127542621144316
0.2022699110792 0.226727586310026 0.0157637042213857 0.083408578772539
0.0866876308735483 0.276988588031727 0.057999851245057 0.039913311673062
-0.041717493928069 0.325630991504659 0.104592917057525 -0.0409586973262092
-0.253147192906779 0.275153989260826 0.175338748132593 -0.0367296584351032
-0.328297734674441 0.143120341247099 0.239757428795005 -0.0283820124488888
-0.26009967291046 0.0288395098544227 0.37916130692011 0.0288552393529568
-0.308358493288709 0.146746525749734 0.285781338644048 0.167639677624383
-0.114844183571127 0.300287854725558 0.417802553696346 -0.102377625512908
0.0120875620942589 0.0685752516688414 -0.149893322742683 -0.0736595689538528
-0.211628244249008 -0.00285311240548281 -0.130342777794452 0.339925994994945
-0.256947279470479 0.170612670543901 0.0820986723013848 0.303992078352547
-0.0402778791372213 0.319131589366293 0.0880674932554573 0.198995191015521
0.125546552831519 0.253439615115047 0.0651024590336308 0.21106373920811
0.185277359885564 0.183779884989941 0.0637048563258092 0.200880012233769
0.18737228635022 0.146192388489994 0.0780112931951655 0.181143868250733
0.192377068254819 0.164355056367444 0.0782349259111339 0.139248907149956
0.0973556817106318 0.223026865148254 0.0949271790341028 0.108828626744599
-0.0397782410220508 0.265418862791207 0.106939640280673 0.0480024145419654
-0.236203565277861 0.169441964631567 0.149422477660096 0.0239209374939817
-0.230976244419183 0.0154852594203165 0.245466756922606 -0.000880612442903584
-0.0942441390114786 -0.00342684172938267 0.46081765351801 0.062208619743511
-0.134766484811 0.199157341679044 0.387154695478988 0.174270529601385
0.107124148938095 0.244823427162216 0.422098788339596 -0.153915338709993
0.145988861110214 -0.0420320393273028 -0.0795453173827047 -0.0592248759910038
-0.126144147672377 -0.117968908416956 -0.0864060399276375 0.277574647412194
-0.202818036951344 0.0606594844883246 0.0332328063345436 0.270857424347909
-0.0306573084399521 0.194189838299442 0.0519380784871384 0.267016182575351
0.100076898097873 0.139006235783613 0.0928834979565109 0.292598510649653
0.135672895316972 0.0835255885052945 0.125180299188446 0.257268435358738
0.140085849314173 0.0674845672300242 0.143670140095665 0.20824726169603
0.160625543496933 0.0848006571385582 0.134421149890469 0.175868694954879
0.099724473951124 0.151661018190779 0.124846865982918 0.160320194150047
-0.0311091209149309 0.18495505412614 0.0939395185710987 0.118484060666969
-0.176942910505328 0.0587730212255722 0.107488378233528 0.0507141056963695
-0.0835009406199574 -0.0809871388838117 0.253775485640314 -0.00535883839868104
0.0846714829041256 0.0117775767136858 0.524744824428439 0.0921741503636629
0.040627108936832 0.24787170568156 0.434921823038672 0.162886942451129
-0.320764742782736 -0.169165625074755 -0.374236796153264 0.0204996469703156
-0.253548768471222 0.0205125630348888 -0.591470976145287 0.0523169845193188
-0.0678890359591001 0.126846158131988 -0.255446016126091 0.144986402614945
0.078333631192921 0.00897811930344252 -0.0790238675903863 0.00475233009374458
-0.0251723253838132 -0.0884233115737137 -0.0916313761348003 -0.124380947358339
-0.111535842085399 -0.00902825891887161 -0.172081465794612 -0.153528957767985
-0.0925728616371402 0.0566227951231722 -0.21654577467789 -0.124218311566418
-0.057062519367309 0.0484376216519417 -0.226683883024995 -0.116035860953984
-0.0574831206734241 0.0586733699578458 -0.22004240945658 -0.174737094938915
-0.0714527792385898 0.00913895929042283 -0.201580737024543 -0.237358761781318
-0.00943571748782951 -0.0474972777038593 -0.145213897017762 -0.275692054011067
0.129418007848249 0.00533787211846629 -0.0571331920300999 -0.239690309720336
0.0755881535775747 0.178976943628768 0.00389692340316556 -0.212576524247988
-0.135940917382987 0.177501494143281 0.00416541063031261 -0.0303468474544811
-0.291171525028357 -0.0284883610390736 -0.323714337957246 0.192608157275834
-0.435814788524275 -0.0726085852044166 -0.255071600883499 0.0456657618544633
-0.363531328033399 0.0521532440540476 -0.593943288034647 0.0429594004995712
-0.210388959119487 0.205253562377975 -0.262221344334074 0.232875675673745
-0.00474878570468839 0.149707173022164 -0.0115049296395413 0.0568985996613846
0.0020391871061795 0.046200777871418 -0.0620398086125232 -0.152028570426354
-0.0422192146158559 0.0760774574527999 -0.188550584112751 -0.166033610919489
-0.000458574620432823 0.122832840011161 -0.236754757042551 -0.109358587977045
0.0413817427049774 0.102208697192141 -0.232775924740636 -0.0786954415606677
0.051942374268835 0.124987644212302 -0.221149688227753 -0.142161628357513
0.00671783613889816 0.115375895773024 -0.188570549296125 -0.221740323669869
0.0224555756818798 0.0940603771191387 -0.121900133344017 -0.288875671585979
0.0722402648401551 0.145624515024384 -0.0120917745884281 -0.242199004959523
-0.010778700834942 0.274541483720827 0.0355197495216488 -0.18127145064927
-0.220568588145985 0.24166440681143 0.015191903520399 -0.0184610362387113
-0.405146349989717 0.0767423983554008 -0.245778992545155 0.197654503111146
-0.492239786099236 0.0688563490306357 -0.101548143831607 0.0509443529132323
-0.397516443367673 0.124864626506873 -0.553548958280212 0.0314703880861773
-0.298595939457371 0.278946624635921 -0.263316042062413 0.324706792835469
-0.0779464635949994 0.284276264040167 0.0513880423910536 0.136471487988769
0.0361540075370568 0.193848799224911 -0.0175534706911598 -0.136736541006089
0.0443204952668342 0.165724805791422 -0.174030368982672 -0.145982461089186
0.101679501340326 0.174732320542467 -0.223844312852477 -0.0758744850494772
0.134380054490332 0.140033939829987 -0.202999031153293 -0.0276602735056942
0.14825507659483 0.170469071546292 -0.18474935687093 -0.0908481134799811
0.0777062246625398 0.201213064845181 -0.145158603262655 -0.180249989741814
0.0535090102998924 0.220401085392416 -0.0839022028261877 -0.273440935058392
0.010280376000113 0.279749677780645 0.03615391872625 -0.236703334899984
-0.106952793439161 0.352265573926257 0.0850859588170748 -0.164883183262608
-0.295217790347508 0.270816521457571 0.0737751642679737 -0.0251805421567805
-0.466292457430868 0.155280516192096 -0.122192306505426 0.18084497456167
-0.471082063459917 0.229281335197583 0.0618973072986706 0.0136142069552234
-0.345891456470549 0.215686244470747 -0.476541878523514 0.0156994787352425
-0.309026746284825 0.331977042977664 -0.23181007626131 0.392146599351751
-0.116451588707033 0.379827381279666 0.111186138139283 0.208288570511153
0.0741171380028613 0.317291965349091 0.0340974691763134 -0.0861323348698531
0.13240451128715 0.239394883301054 -0.124801893195061 -0.0911563012795697
0.195910418649411 0.204698986742991 -0.173161558801547 -0.022942732607546
0.207122044788593 0.156016234933516 -0.142636447813671 0.0294461840390214
0.217676371848433 0.188583504261059 -0.121906047025146 -0.0301670393680585
0.130624605699694 0.251075855182436 -0.0814545037672565 -0.119101831506607
0.0748164745098343 0.305042131151079 -0.0309596180725869 -0.228955987479384
-0.0491684986813011 0.370541983820086 0.086331800558874 -0.212251183693586
-0.192503338735832 0.385093244300869 0.140649928879144 -0.15132297164729
-0.334604555694925 0.258180844961932 0.164627091228322 -0.0473180400044143
-0.4603055447439 0.205793743780618 0.0307068923495464 0.149517425428006
-0.367879299508318 0.350480688538116 0.206678587127948 -0.0642335472084489
-0.22669332752604 0.253828342021058 -0.373442869781219 -0.00127770678527035
-0.269483352155975 0.31419097946629 -0.162234933704819 0.419478986610797
-0.134018164205695 0.401205900815572 0.161487001697481 0.248719844673639
0.0984951644336051 0.381743235427734 0.0841319128063857 -0.013359857342567
0.199085413297799 0.272414284634462 -0.049184970825309 -0.00868655019324965
0.259411721087978 0.20185807347094 -0.0892708482664236 0.0423303402397494
0.248001319512224 0.146887424791229 -0.0588256420480383 0.0825031937244798
0.253190379051029 0.176198963648172 -0.0438834843765269 0.0283102103048333
0.159668555311496 0.257294556324511 -0.00816430989701695 -0.050742828588531
0.077988423189517 0.333676462516495 0.0265431360096291 -0.159739682994827
-0.104212833638498 0.39007554450059 0.131062420269808 -0.161748553431368
-0.249665070130494 0.344686775308904 0.191254899696887 -0.127825325666854
-0.317548888249948 0.197251159184079 0.266323486665161 -0.0695694131305807
-0.381459631840565 0.22624716525999 0.187349586896887 0.111556967677323
-0.199198107894066 0.383789841865124 0.305114264412278 -0.16091174969895
-0.0841146897022029 0.194464694327821 -0.266756318296183 -0.0171042064263959
-0.224403577880639 0.214145318499018 -0.0782960593727345 0.398374998181019
-0.15766365208955 0.347929378754724 0.184195071507455 0.253708117531472
0.0953576052173906 0.37513847008281 0.118684753662816 0.0666305207640694
0.221410813337927 0.256340397396779 0.0376773793419927 0.0847937224608767
0.27393650201982 0.169241121328469 0.0141996023765271 0.108093242623438
0.252209927280223 0.117308471403565 0.0357867732753029 0.122517691503913
0.255710869170938 0.138722263449582 0.0373271318279508 0.0742051402186345
0.167513500220399 0.226807074457728 0.0604162092119218 0.0132664107237329
0.0660010635851403 0.310484508337097 0.0765915223573723 -0.0774989097031995
-0.14762932636094 0.334027263049881 0.155179961995106 -0.0938749414686791
-0.257500922786537 0.23239714887215 0.222706265855723 -0.095170009580593
-0.234269413108846 0.108144502340763 0.361865389239139 -0.0804917818970563
-0.241880932543161 0.228796934798429 0.320861953103581 0.0766511206941164
-0.00144839400778964 0.317730865160189 0.34416619188066 -0.240208159765821
0.0351322931459265 0.056615439898183 -0.170119821995447 -0.0217985344317315
-0.195176923995548 0.0706750241433672 -0.00975839309009913 0.345528672248972
-0.175570468259828 0.250111577097932 0.166258323288781 0.239141911695741
0.0696509722738575 0.306392968805194 0.127793773802435 0.14901037045753
0.197843782667449 0.19235762658434 0.115777876748926 0.173033462050501
0.234611930134106 0.109477300373723 0.114786920500063 0.16382814463543
0.217165774559005 0.0723711487035637 0.124339200097533 0.144511852495602
0.227570865412535 0.085534908588129 0.112413777320994 0.10438924928981
0.16030082098533 0.172780262560311 0.1164814694236 0.0653407343327854
0.0487639254090459 0.255474257185512 0.108490826431325 0.00412099329977172
-0.164732554740408 0.231928493927904 0.149781059584765 -0.0271556790364624
-0.208310216965014 0.0850210463640056 0.233116566182715 -0.0707192990465031
-0.0920627922816207 0.0256254599710239 0.443496925305944 -0.0776256484967116
-0.0648755027942918 0.224943886559056 0.413032561234015 0.0469435348360192
0.187122842253833 0.189986347387113 0.327889389980036 -0.279941333993953
0.121615978606538 -0.0925880068278729 -0.0990580141478355 -0.0214965762008058
-0.155260080294606 -0.0637444337972866 0.0164711302314858 0.278646794724193
-0.163338053197534 0.129140832923767 0.11472977040296 0.228947246854847
0.0377893308696715 0.189450288039678 0.122446686105753 0.226649407151777
0.138734378797016 0.0959125575627258 0.173189056476581 0.239963676514302
0.155302651434909 0.0323865367932559 0.192358516978569 0.195034518760618
0.14968818459442 0.0164065772943672 0.194352343612058 0.145757433317683
0.173745690828792 0.0234373733995676 0.176044647648077 0.118245317380307
0.14152157163554 0.105739113845447 0.160764949112907 0.103958946380294
0.0316363938124342 0.180564069308754 0.121627389723557 0.0743613251880498
-0.14538866028693 0.11182250692339 0.118145199853744 0.0133661303527744
-0.103566688743833 -0.0486280300514396 0.234166361080451 -0.0776093632313802
0.0774370193314977 -0.0172757474084098 0.510334343796617 -0.0727336344642702
0.113537488030303 0.21714912624023 0.452190079388694 0.0194849491366772
-0.317533052621622 -0.163291481595048 -0.367088770786888 0.0192694062987391
-0.249005182748099 0.0220991015858417 -0.580696214337607 0.0533213387103354
-0.0634045591600014 0.125762884804041 -0.252132668564524 0.142630275364622
0.0773553687056147 0.00585061296073996 -0.0800176198226809 0.00487381198814526
-0.0293363541090153 -0.0870302830501601 -0.095158035552613 -0.12070466882725
-0.110784950977762 -0.00505187235178177 -0.173312931409787 -0.147989871297798
-0.0895067261672799 0.0601674282811974 -0.212438284362758 -0.118528894914417
-0.0570387069738523 0.0506427056702162 -0.220519954589708 -0.112100280796547
-0.0552437079674364 0.0600843972215429 -0.215801568030516 -0.171765288341221
-0.0712519647724913 0.0125749636182458 -0.200504591791687 -0.231929896218971
-0.0117772373946668 -0.0462625423578058 -0.145855461232472 -0.26990036483057
0.12665136776556 0.0010919981630899 -0.0568355491628771 -0.237285660112702
0.0773491260848799 0.17635147354706 0.0027159811317851 -0.210788027911371
-0.1330440701827 0.175623146925854 0.00565452122834421 -0.0295124884507007
-0.288525778453469 -0.0229667494223561 -0.317423891732881 0.192616125104056
-0.430634824148724 -0.0677288317152968 -0.249688433558295 0.0425954086464185
-0.357475884189935 0.0557395105150651 -0.583563042476917 0.042223785009528
-0.203485572863794 0.203006030057133 -0.256942164380916 0.23133825749593
-0.00470764035168262 0.145073023500234 -0.0125765924095092 0.055320120952857
-0.00124897565856197 0.0448927924436758 -0.0671587011239105 -0.148701247172853
-0.04164995341053 0.0779955964911775 -0.190326628775654 -0.159955704116245
0.00206536517905827 0.123353591724908 -0.232614551324691 -0.102683648469333
0.0407733200102463 0.101456446142766 -0.225469206202336 -0.0733909337048389
0.0533270107835119 0.122719517104446 -0.216172245329178 -0.138060431667112
0.00700569829178553 0.117433959078053 -0.187409655819307 -0.21709455936947
0.0205885418185967 0.0938204001988325 -0.123557094451594 -0.282469774257304
0.0712612980410857 0.140998963743348 -0.0118477141263532 -0.240221499778001
-0.0073049294871478 0.270804012136905 0.0356364276160936 -0.178710934391898
-0.21717418653129 0.239870701632753 0.016896917342264 -0.016771749748183
-0.399276684365124 0.0810682881495925 -0.238901750683274 0.197437238606616
-0.482744544244763 0.0747872421088269 -0.0982617134777982 0.0453997810795034
-0.389578588203422 0.124716228070723 -0.547827886621614 0.031859219349443
-0.290785734764559 0.276854748978122 -0.257354363904911 0.323016077397573
-0.0763824191001833 0.279072160850163 0.0516956066770889 0.133663573191987
0.034656944281929 0.189115600039568 -0.0241857391352792 -0.134675091347533
0.044915660623776 0.165691292197332 -0.176121886114886 -0.141389071500921
0.102535137135967 0.171963499723003 -0.22136447591782 -0.0682414444085753
0.132465377169335 0.136707648630302 -0.197300594824653 -0.0222112636036772
0.14744260836918 0.16535542856057 -0.180494573941895 -0.0869292549616284
0.0775108286357852 0.200250462986379 -0.144910271042269 -0.176085075383319
0.0525975381697226 0.216930867885327 -0.0860963637593423 -0.268033992252103
0.0115503207018874 0.274472732332999 0.0357224447539429 -0.235386107868822
-0.102299956068695 0.348533823831554 0.0853133811621895 -0.162138121539372
-0.290161390379396 0.267794463763968 0.0746175507066525 -0.0233491482843163
-0.457358664365466 0.158559835197685 -0.117165680909204 0.179307478979012
-0.460636766877151 0.231496391025037 0.0620079127854756 0.00941442467985539
-0.340033069210918 0.213117595207561 -0.471563834286675 0.0184742725006952
-0.301701189976355 0.328346415864837 -0.223656549070512 0.390855889620894
-0.113720284036311 0.374534774767654 0.111748238765991 0.205132372797609
0.0727295331832716 0.31084535601662 0.0274357952280339 -0.0852182078529871
0.132665204459164 0.235881945918276 -0.128028537390418 -0.0866231213907743
0.196259725532383 0.198515635751385 -0.172074440932763 -0.0155798030120085
0.204436648514308 0.150192472119665 -0.137500763334184 0.0342090421445117
0.216923152862729 0.181867556887891 -0.119170854574732 -0.0270546084346763
0.12992726228755 0.248822826804949 -0.0812236934957242 -0.116307465883011
0.0747742784678525 0.299978205659535 -0.0346045230331474 -0.224250503594228
-0.0456491138807663 0.365849702663045 0.0854517489788558 -0.21062098218558
-0.186067554255334 0.381966071872387 0.141178147698485 -0.148170871229005
-0.330142800647626 0.25456327212361 0.164148005910987 -0.0448263941308507
-0.45200007502053 0.20746730891901 0.0334530803377938 0.148195587203932
-0.356979302861001 0.350286978596751 0.202545969165694 -0.0684285259604015
-0.220047541004918 0.248347817987568 -0.37263258609597 0.000621588394228683
-0.263375058416453 0.309878558311968 -0.157432857642558 0.417054028504905
-0.13170112420314 0.398567704532973 0.161389224762578 0.243717839390628
0.0991562974064763 0.375026654975964 0.0775381052797883 -0.013954742952402
0.199510965642573 0.267458227856122 -0.0519970134266592 -0.0071452002384639
0.258489973354555 0.194628534492352 -0.0894330294406639 0.0485771701167105
0.245652323652399 0.139839958128459 -0.0557333039042681 0.0855861954640025
0.250454986579358 0.16741813572489 -0.0422122363900786 0.0297674970833472
0.159899817189156 0.25375074886319 -0.00857321167732389 -0.0502688511901213
0.0785233696944542 0.327141424307728 0.023348661956407 -0.156337772828076
-0.100452307717574 0.385369488417599 0.130293024032362 -0.161633788919815
-0.241995408257361 0.341025405695164 0.191638773369632 -0.124219378118396
-0.312967227139016 0.197089137389979 0.263377958765926 -0.0673081727970781
-0.372192678499727 0.225664927172429 0.18827261891109 0.109786571706977
-0.188699471258875 0.381645834449219 0.297423476430546 -0.163715869527842
-0.0800582637508409 0.187921109165236 -0.267423993687348 -0.0134894654251179
-0.219380668399791 0.212376585950408 -0.0726217558253687 0.396702984729243
-0.15339243699742 0.345954845177785 0.183333587562412 0.248683979491356
0.0971310646800861 0.368752870355083 0.112658038557339 0.0646472607317873
0.222561821697267 0.250548334224795 0.0349632868091243 0.083686418288567
0.272413844140744 0.160674069805696 0.012647308520441 0.111913490288481
0.249688682034254 0.110071570069216 0.0358876691631759 0.124020785080927
0.252426636510441 0.130591211824718 0.0376616220533679 0.0731015579149329
0.167690703056627 0.222197035277432 0.0591802062405779 0.0115537451266206
0.0684191300296503 0.30467731954618 0.0736542935347264 -0.0766149505263034
-0.143025152809626 0.331605289186424 0.154330332517506 -0.0939391692370467
-0.252062271751477 0.230700911366255 0.221765753665973 -0.0914902905703151
-0.230970410841281 0.10706870023954 0.355944219199803 -0.0786972110466711
-0.233410578233477 0.226392365402783 0.31927565176734 0.0744454412588595
0.00501191127420762 0.314258445172449 0.334389633360941 -0.241954942985707
0.0360392326670878 0.0512822331413961 -0.172363973878195 -0.0186046872118016
-0.19214216048864 0.0719607865154261 -0.00477127227185194 0.341147558023766
-0.171553471421226 0.250115368553257 0.164455860197854 0.234630265663335
0.0723931611182717 0.300578754768047 0.124580710140109 0.14592718638267
0.198703157681751 0.185713708375213 0.112992676402694 0.169534217188346
0.232686387641066 0.102340073387472 0.111654868044892 0.163894185069793
0.214540210599602 0.0653537556873505 0.121931331599811 0.143902631045112
0.224253063721299 0.0778947110636538 0.111064755857994 0.101006981628105
0.161894383743056 0.167881002494142 0.114930235539375 0.0609975393081291
0.0520075428162605 0.25137277549425 0.107411274769201 0.00331348603708375
-0.1608395850203 0.231479657443322 0.148983323178359 -0.0275518377077017
-0.205706852368279 0.0862139940955111 0.231220265972963 -0.066287688010255
-0.0909140141805878 0.024624994719544 0.434246662755922 -0.0757619631149741
-0.0599821869919228 0.219931309118863 0.410689223346487 0.0452817110888184
0.1883330887807 0.185665041800035 0.316248258644275 -0.280072251358366
0.119893707405143 -0.0955676714978962 -0.100900629480898 -0.0188736842724925
-0.154321279500902 -0.059899458893938 0.0192574298241672 0.274344620970267
-0.160446456682157 0.131701674309018 0.113730413477206 0.224423133687838
0.0400700570583844 0.18517482000436 0.12188316497889 0.222132289402217
0.139091192216225 0.0908048341327522 0.171656463298819 0.233799174786668
0.153622674530073 0.027314956738047 0.188989693412438 0.193357464385434
0.148861751737919 0.0115926674641423 0.189723947585594 0.142334700999071
0.172292147300773 0.0177446448360258 0.17304389058709 0.112583703326017
0.141938038995723 0.101492562862308 0.16006101751427 0.0981991616273303
0.0354916959597459 0.178120559009437 0.121560861645779 0.071565515755841
-0.142964538838985 0.113504853542982 0.11804106754758 0.01420575830857
-0.103576259238183 -0.0469194801966528 0.231582708193529 -0.0741771809287736
0.0763535653751122 -0.0185518375066895 0.498913316043853 -0.0731392914753293
0.115706107430124 0.211004154538 0.447647523839052 0.0192139876602109
-0.320899290501123 -0.162029045122088 -0.368044867393911 0.0174410955766561
-0.249994867272659 0.0237614184864476 -0.583158149704171 0.0531244063481023
-0.0606857001471106 0.125725323134049 -0.252860664087926 0.144094870129664
0.0781363416921927 0.00149788138203115 -0.0824351077713478 0.00566826369838408
-0.0339687131298711 -0.087147656958721 -0.0999724165290435 -0.119480062117001
-0.112661902878191 -0.000725879024657011 -0.178163014220741 -0.144943883971368
-0.0890106151009051 0.0639911678597691 -0.211573394068825 -0.115853786682446
-0.0575593517496047 0.0541530101894287 -0.217814687612485 -0.110663527450908
-0.0544070797208014 0.0630335472314946 -0.216375948054213 -0.172301498110114
-0.0718979434495135 0.0166397076201997 -0.202977126575796 -0.230844652423288
-0.0147020222369085 -0.0454077481247627 -0.148864860564534 -0.268773815633665
0.126248324989282 -0.00348962342178658 -0.0573457948278987 -0.238878529553746
0.0811593505893358 0.176945359515599 0.00144959074359438 -0.213183368015744
-0.133396812866408 0.178274793719944 0.00734127583001404 -0.0292862152138218
-0.291300024105219 -0.0174202882519773 -0.315654828825797 0.197214003102874
-0.432400921380372 -0.0644920281721024 -0.248741239108895 0.0398360946380386
-0.35949769947295 0.0561623476034544 -0.587649250184289 0.0457269999562129
-0.201859055799095 0.204423510041284 -0.255880079098951 0.235159694407937
-0.00456676252522968 0.144030138668123 -0.0127279356492827 0.0555122275019482
-0.00443799719206169 0.0443699282072718 -0.0733321285707816 -0.148076751855565
-0.0417096460716867 0.082173392858893 -0.195905552973555 -0.15729272076722
0.00404305523021826 0.12593664134847 -0.23304202506835 -0.098526231566515
0.0404799315057632 0.103324435799357 -0.222781233179294 -0.0702908874776521
0.0544840537360445 0.123542228585997 -0.216404024160664 -0.137431755823437
0.0080071926230236 0.120749372416555 -0.190306214866384 -0.215817584815996
0.0195136538308769 0.0954315653271427 -0.126825710119154 -0.282252773335388
0.0712705519559454 0.139753262894788 -0.0120725188710707 -0.243205017576621
-0.00457471543799147 0.273088980226768 0.0360793603845902 -0.18036451236591
-0.217336786906005 0.242559981643964 0.0197480614522242 -0.0162357316342779
-0.400948562056255 0.0876230758527329 -0.237082302979227 0.20122145824031
-0.483881966164314 0.0788404523021074 -0.0970693108262848 0.0420042703223743
-0.391300796792916 0.126998380190774 -0.552383016672506 0.0354798357584955
-0.288532480030868 0.278890305811124 -0.256946574116664 0.327879787158741
-0.0763171873387722 0.281325084232869 0.0526900279724851 0.133067546898969
0.0320730159135588 0.189645792711152 -0.0303843353113887 -0.133965801902604
0.0458034968068564 0.168184145649526 -0.181864615064054 -0.137508571626754
0.106182547236886 0.172770710324526 -0.22242708379735 -0.0624065409044167
0.133283920988007 0.136644524876315 -0.193942152271348 -0.0178489959521992
0.14924140482451 0.164349507410264 -0.179882294814171 -0.0854561733153933
0.0795702420228075 0.203580327042369 -0.147598833535468 -0.17569891842262
0.0527102752552707 0.218671239737131 -0.0896168783625863 -0.26714536218883
0.012735134433156 0.275000582868075 0.0359294742722418 -0.239236337766096
-0.100017818866697 0.35150685314075 0.0875563296064759 -0.162821157260671
-0.291682654701625 0.272691201270273 0.0782142687566569 -0.0216893784784438
-0.459443866493736 0.165874269525811 -0.114032205969802 0.182475723931499
-0.459453557736241 0.237110099391536 0.0625654821715294 0.00410564481076793
-0.340012944889719 0.213265219941763 -0.477790444226734 0.02079615483136
-0.300256078201236 0.329228035479735 -0.222621342459736 0.396198293116471
-0.114535783180129 0.378265657714275 0.11433243890328 0.204925811854822
0.0739867511248872 0.311731937937321 0.0212314892543734 -0.0847709419657105
0.13545880019796 0.237845793144006 -0.132785535971825 -0.0843201382776877
0.199944640818143 0.196892202930985 -0.173409861743267 -0.00858858730963211
0.205826630723221 0.147999581173515 -0.134306725694547 0.0392810154351371
0.218128275238824 0.178155739326975 -0.117800753608187 -0.0246413109551391
0.13328550178975 0.251082390313754 -0.0830891156554818 -0.116099847471397
0.0763442683100209 0.300933584412201 -0.0378812175284866 -0.223857139862194
-0.0437252397212928 0.368455067551389 0.0861354398449717 -0.214753330214851
-0.183738541288022 0.386099725362307 0.144417230646353 -0.148242002761315
-0.331980909270925 0.259053527906101 0.16717827704047 -0.0434826255575238
-0.450756528802614 0.213397972687133 0.0376294982385275 0.149583509389225
-0.35222133565773 0.357173413029837 0.202890949483604 -0.0746264552470655
-0.218687641392366 0.247580462759591 -0.379357664970928 0.00345859539052741
-0.26101173867783 0.312849821729873 -0.153568883267609 0.422272836718564
-0.132106002323562 0.401770363011073 0.164477390056217 0.244298762008161
0.101232054784381 0.375546042628416 0.0726856145947923 -0.0140062472820017
0.204011920649959 0.267443569748844 -0.0563417443873283 -0.00514135185217515
0.262132125740286 0.190759733516163 -0.0907992086120054 0.0558160980645025
0.246889709391665 0.135002320631833 -0.0528885247579097 0.0911441863453157
0.251877370538154 0.162770608686262 -0.0411541482973334 0.0314085689041875
0.163499186159215 0.255439201039664 -0.00948873871137787 -0.0503836931216355
0.080814222218485 0.328423440666705 0.0207423058629929 -0.156489303113319
-0.0985546545968699 0.388690548051953 0.130461801636222 -0.165022801945143
-0.240456898237762 0.346106054582592 0.195738980779336 -0.12368053877031
-0.31535733135817 0.198248991684318 0.265916401282003 -0.0660898836831278
-0.371082024919653 0.23101133039662 0.192956393801241 0.110164556597281
-0.182962184205259 0.386735962061069 0.295788803651758 -0.17037878269968
-0.0785860351094585 0.184559470905972 -0.274062241729301 -0.0102401552265893
-0.219839310143003 0.21447424545568 -0.0686254744948867 0.400657361158777
-0.153828898498951 0.352296891969446 0.186447479946032 0.247763709787617
0.100902448530301 0.369030848421277 0.109586540460983 0.0645849196606517
0.22846562355699 0.247994261827399 0.0325222924754111 0.0845683305637271
0.27592438680223 0.155657627739839 0.0121865876721283 0.118043317811966
0.250997078360341 0.104411250354996 0.0372162936782048 0.12757634925416
0.25395188745965 0.12427142345546 0.0380476245091863 0.0736571069218114
0.171109421845275 0.221640579117749 0.0587807231584318 0.0102309992637576
0.0714791617426274 0.305356610070122 0.0724350424845065 -0.0767461570931475
-0.141961993431202 0.335736484798799 0.155315333953806 -0.0963373647747899
-0.252661961526321 0.234565695450967 0.226299855748569 -0.0896242042113765
-0.232684352955645 0.107755910813287 0.357368623077405 -0.0773365368133542
-0.231793527525395 0.22909493776532 0.32564024903354 0.0742304172946636
0.011304589267869 0.316235661237751 0.330273189824944 -0.247252383961948
0.0370139476505996 0.0460362448964394 -0.177220271401094 -0.0150983190825741
-0.193242117594334 0.074368305566426 -0.00165417305897769 0.342662495143679
-0.172752515409058 0.25585640503938 0.166899964980446 0.233813835979433
0.0762591362734534 0.300910757643469 0.123336526667412 0.146299416597013
0.204642104885572 0.183374007878318 0.112807106055401 0.169749964548949
0.235083908476913 0.097005667636152 0.111695662411907 0.168289272823785
0.216650741305512 0.0600338512632406 0.121967149586535 0.146045586803737
0.226082822770343 0.072235529089035 0.110491925892526 0.0995477252080524
0.16522282293556 0.166694330428296 0.115843198023868 0.0586843814949274
0.0551774705873001 0.252223581987848 0.108278605642756 0.00236233289747913
-0.160609312358862 0.236179410582639 0.150688434004864 -0.0282566279741629
-0.206800779907121 0.0889499762978854 0.234095308820376 -0.0644662940695401
-0.0918862716690838 0.0242652069029457 0.434495786649704 -0.0761269580696987
-0.0563058920159248 0.220436363391518 0.417192111515523 0.0455932625292343
0.194009166554854 0.18457374393529 0.31067074368029 -0.285480184541287
0.120607057248569 -0.101050849190874 -0.104561586109277 -0.0158297605471348
-0.156468670873289 -0.0582588433230756 0.0214447383173787 0.274847149679808
-0.161272436680271 0.135854652272393 0.113901036555641 0.225409556706503
0.0438349489693612 0.18498600513803 0.122586273166275 0.222174423297416
0.142822570241085 0.0869641759423248 0.173013914062615 0.233800126192288
0.154730161342991 0.0230896673894525 0.189466294079883 0.194860080329847
0.150590174148978 0.00650026054415984 0.188488456304065 0.14323095986146
0.17345601460941 0.0124605402262232 0.173046144206812 0.109550095970928
0.145918943176376 0.0990962771245113 0.161614526265469 0.0954435686865996
0.0396121044151862 0.179086495151533 0.12414413729793 0.0704257258295838
-0.143318616868081 0.117958387621551 0.119591354084908 0.0148243649712054
-0.106158060564604 -0.0455568849000134 0.233185992039825 -0.0730851399854129
0.0763101756615886 -0.0202356495538353 0.499620616683665 -0.0738017976766803
0.119023059048116 0.209111492452721 0.453555807511312 0.0180879607322472
-0.332302604526334 -0.156321294034155 -0.371489733054747 0.0229317576594732
-0.253070205771403 0.0313961431767025 -0.591302094152139 0.0645781682815011
-0.0560145748915422 0.127912057128428 -0.2536779550977 0.151964103285565
0.0794858633933619 -0.00336911536480628 -0.0852495643593948 0.00764671405956418
-0.0405763512558526 -0.0875574884494928 -0.107676859006998 -0.117218399009767
-0.114859814948417 0.00579621969077222 -0.187543601378358 -0.14027653639131
-0.0867318068657888 0.0697777802205437 -0.217067380384185 -0.110818283059251
-0.057934012151892 0.0587238088684415 -0.219878742510162 -0.106538697556088
-0.0531734287047045 0.067088997681344 -0.222443032522638 -0.170570501245815
-0.0731573756058393 0.0217666504183819 -0.211830246421934 -0.229305418824471
-0.017844258657095 -0.0446183406885121 -0.157700928830027 -0.268353112174722
0.126997032690558 -0.00960485574332341 -0.0621675636228838 -0.242872394827748
0.0891042303820688 0.177846254088382 -0.00421629597083874 -0.217947698748472
-0.1315311061841 0.185034988205151 0.00912850498170771 -0.0299424229835501
-0.296943620005288 -0.00796697776696146 -0.313732475283162 0.21062028428221
-0.441714412528338 -0.0534946714303297 -0.250627151365244 0.0417671971072728
-0.364217212728995 0.0657479425798148 -0.59723035041735 0.0574123746792187
-0.198308459503508 0.21084929778625 -0.256083311935934 0.245614036926217
-0.00224676749216239 0.144511512878221 -0.0120837679817222 0.0567485163276732
-0.00752950460989402 0.0450746856651984 -0.0821480302764453 -0.146613353731612
-0.0415296772597013 0.0875353892882667 -0.206626520413825 -0.15105760286332
0.00910117865860358 0.129406719298758 -0.238611875457961 -0.0908377699185037
0.0429105596470065 0.105306551008154 -0.223094751629446 -0.0645756678856289
0.0582885034763751 0.124606912537074 -0.221061585652231 -0.134495166865893
0.0110186561896872 0.125614202094051 -0.199286276695831 -0.213593364355913
0.0206036375843012 0.0974510258624004 -0.137117578767507 -0.281664370212362
0.0749279823556114 0.13809332882752 -0.0169911984825794 -0.248408124755596
0.00423830550569809 0.277728820722627 0.0330063639640593 -0.184597152015815
-0.216004594749017 0.252740041760236 0.022241552231877 -0.0158193255843693
-0.406341392388348 0.102581592913386 -0.2337487054129 0.212464900951345
-0.489402246627239 0.0948022907741454 -0.0962744447133926 0.040229566087598
-0.396459762220846 0.136340923325989 -0.563310911547179 0.0472547374204129
-0.285754333636653 0.289467127874179 -0.252400569979758 0.340146154200364
-0.0727316888288249 0.286823005390041 0.0571260071911687 0.134085070306459
0.0341447334387329 0.191310492752499 -0.0387826131725364 -0.133726490811677
0.0506707398907821 0.172707234824526 -0.19168216830281 -0.132477005936518
0.113347968626762 0.173410137320998 -0.226807532531413 -0.0532680420727547
0.137956193189949 0.135229265766183 -0.19226767024099 -0.0108740300958326
0.155387118599162 0.162297238205532 -0.18257733935608 -0.0813964234077867
0.0868711616340366 0.208509940932567 -0.154190983458366 -0.172981627653213
0.0579258776003755 0.222074970085148 -0.0993132055018775 -0.268677170357255
0.0186860303135549 0.278353343186644 0.0314472049016038 -0.245206927595139
-0.089705143262737 0.360117783874651 0.0872745606041348 -0.167245839491255
-0.291294902868928 0.283256575047642 0.0816456583117814 -0.0230155583536875
-0.461949627237534 0.182825929114334 -0.108920137558876 0.189997977150399
-0.457493114997243 0.255301201959091 0.0644351123685816 -0.00173997753821257
-0.34180257399613 0.221249027445788 -0.488150147474195 0.0341308441506318
-0.296215210672048 0.342123238749811 -0.215091909481644 0.410790057077682
-0.108409990141277 0.387955101099378 0.122336927129175 0.205020521205309
0.0802158498372015 0.314361741509076 0.0151478277545248 -0.0846392710928765
0.145179862034054 0.238651618189144 -0.14146851019547 -0.0794683495136271
0.208584603797821 0.192687010796768 -0.176677217394592 0.00161824880197321
0.211236621534026 0.14309010399263 -0.131255292500527 0.047256204858981
0.224577019380144 0.172579661365093 -0.118622102871448 -0.0203060823871831
0.142709990650988 0.254011872792257 -0.0872799944237789 -0.114507104369542
0.0838894634791651 0.304126231566764 -0.0454281403785634 -0.225064765891468
-0.036014077428784 0.375569228758554 0.0825202383179948 -0.222242385296668
-0.175815853701185 0.396925100518077 0.146824885435037 -0.152969560223437
-0.332331679724898 0.271781854434975 0.171634787672065 -0.0461157304427899
-0.452181944375556 0.23038166235751 0.0458213464902531 0.151669687026927
-0.344307342102273 0.371954688921166 0.203153713983394 -0.0842389979152444
-0.215773254796131 0.252806813199207 -0.388179185819674 0.0148232851085029
-0.25795135532637 0.323503060942189 -0.145862992788853 0.436516398296064
-0.126749263740545 0.414871999181912 0.174348359440384 0.243996990148406
0.111989431610749 0.378497837373352 0.0698243546850011 -0.0150761701317868
0.215325366357088 0.265349311266313 -0.0610907727096248 -0.00078854525803392
0.272050475979539 0.183955629597926 -0.0905486554542417 0.0645734072507998
0.252761888695731 0.128927904779249 -0.048487975270662 0.0978815671246698
0.25815837225406 0.154058648658238 -0.0403426142882999 0.0346345558610664
0.172375623485262 0.255934228722022 -0.0108575062935738 -0.0502557749723085
0.0890505486177492 0.330882242151486 0.0161651911200668 -0.158351816831755
-0.0914577582036562 0.398465073780376 0.129189063390411 -0.172596119545619
-0.234866585227937 0.357195954744228 0.199173781615457 -0.127996791215014
-0.318395429088044 0.208379871260266 0.270482072883251 -0.0697334553860333
-0.369821805419271 0.244751804741378 0.202702537037446 0.107860385321486
-0.172288458717934 0.396508989402028 0.293847686426395 -0.182140536805858
-0.0752642940827272 0.184642756991799 -0.2820007866368 -0.000742370930429954
-0.218525888100672 0.223562522132962 -0.0576390763250621 0.40858103175517
-0.149893504223039 0.364941704855607 0.195154844664278 0.24728364071571
0.111959465155445 0.372424166804465 0.109370278131012 0.0637986698297835
0.241303927894931 0.243973373963293 0.0315437122109284 0.0867081523523802
0.284553192466215 0.147778867291686 0.0150997565620615 0.124934543373929
0.256866665353973 0.0961740564771679 0.0425264955359047 0.132662780296019
0.259077096068457 0.115348175005191 0.0400357562297977 0.0745892512823083
0.181255116117571 0.220726665791799 0.0599884175209599 0.00838546897881089
0.0797957892936313 0.307916057087408 0.0714794634817226 -0.0794517471719953
-0.135739210054123 0.346117023278063 0.155752652074467 -0.102221704449017
-0.249535897862138 0.245205276813418 0.23076658785513 -0.093854491859152
-0.235248222549443 0.114286340485273 0.361750034871697 -0.0847713321326399
-0.228491789373183 0.238090447402357 0.335825216112238 0.0673568761988617
0.0243715120901463 0.320890190274235 0.325906384014993 -0.260669750058841
0.0386254684815764 0.0408263509186453 -0.183503594046721 -0.00847029693002661
-0.195865391934878 0.081474355547869 0.00835933187824991 0.348724409331352
-0.17020685511203 0.268274990050437 0.174327026479317 0.232625181687476
0.0869738955790773 0.303669600705256 0.125920289367053 0.145450323515268
0.214613262653486 0.177057997380172 0.116527749487894 0.171525893459543
0.241677556318067 0.0890088177717355 0.11784691587198 0.172808825095235
0.221614081229874 0.0510651610844082 0.127058544105962 0.147513197434818
0.230487709363641 0.0624526281546816 0.113121554401675 0.0981314563616386
0.174277451232929 0.163903474008668 0.119057041575801 0.0551358846577546
0.0639592185350615 0.254154015830807 0.10997187861685 -0.000915638848757942
-0.157455803704779 0.246170544296375 0.153085836064657 -0.0323255252969846
-0.20823370940165 0.0962675977379068 0.238957936234342 -0.0680646728304709
-0.0945813827914472 0.0250316307027088 0.439126957429747 -0.0814712430056293
-0.0509498838259444 0.223699561933142 0.426794001066255 0.0369886590259326
0.206030706744049 0.182075152936873 0.305213674149441 -0.297970020433726
0.119008223739295 -0.110736885712913 -0.109222980079977 -0.0106539676137365
-0.161459562686606 -0.0533881262595966 0.0290417495915862 0.277095127010468
-0.160126522222081 0.145692923601992 0.119649404498945 0.225512511483858
0.0510885100684882 0.186067215311628 0.127768186658635 0.223035023579356
0.149906071530878 0.0810136898688524 0.180578533836586 0.234455923009909
0.157516476898628 0.0168743630015577 0.197306785985407 0.195823894267623
0.153489566755523 -0.00121188344347567 0.191903142405329 0.141985839516498
0.176330473546403 0.003293103015225 0.176528127146782 0.104637546393873
0.153106571217371 0.0948578752830561 0.166138331258488 0.0895650806189136
0.046495376756308 0.181710283522576 0.129671456554663 0.0674056074586761
-0.143170789856172 0.125879359572029 0.122168902938078 0.0136714189961172
-0.110196991221572 -0.0423954273364715 0.23584417023071 -0.0768055554288085
0.0759876647589504 -0.0243689782993598 0.504000168488563 -0.0828136007294043
0.127573971965366 0.207521373257362 0.462070013707576 0.00922791137292287
-0.343951336399002 -0.142884995667323 -0.374385682486186 0.0348344855167423
-0.253723854820929 0.0428045314112705 -0.593119753495746 0.08661160900271
-0.0495444766656892 0.129327993303092 -0.249407700497461 0.163461580346439
0.0801616977772575 -0.0103397116314425 -0.0867050116466281 0.0115243018282761
-0.0489127400412373 -0.0851421340294182 -0.1158215910393 -0.110256496890769
-0.116336982093237 0.0146931299668897 -0.197662360396511 -0.129841665928371
-0.0834986849205048 0.0763329450819164 -0.222662882355143 -0.100649647014608
-0.0560808406340054 0.0648352783379653 -0.222174384046637 -0.0995898296275344
-0.0502143121621786 0.0722553872194457 -0.229454253069893 -0.16299689864871
-0.0734726707397491 0.0281145976287642 -0.223366826075657 -0.22074508100981
-0.0220773961084387 -0.0424937827728157 -0.169802080549945 -0.262063043715583
0.12567326674895 -0.0186529503904588 -0.0724114448420421 -0.24292621802358
0.0997070199151557 0.175278661193445 -0.014569877757044 -0.221269405257685
-0.124632729696448 0.192740937454268 0.00931072393070814 -0.0307622103581077
-0.300136532255848 0.00761990530064498 -0.304326658871569 0.228152191394999
-0.447338590478425 -0.0326034561305169 -0.249315113001307 0.0477812242803144
-0.364862147907653 0.0807155488192652 -0.599583495851365 0.0810314779965006
-0.189418176988758 0.219705799990625 -0.246554308234499 0.258030581904359
0.00310805257545181 0.142987973117929 -0.00976130419816991 0.0578085399022925
-0.00959610586942428 0.046386171640559 -0.092736374827297 -0.141002778654406
-0.0386223961492246 0.0932127605969583 -0.217879812147206 -0.139256019341062
0.0162068354644298 0.130752628134138 -0.243686378725796 -0.0782727921814188
0.0475669813865612 0.105912576753408 -0.22186776016717 -0.0555440478817004
0.0644888682522591 0.123369345177665 -0.22581430823509 -0.124935515448328
0.0164704484169761 0.129121672440444 -0.209627147453036 -0.204876793558976
0.0231096493791609 0.0984628004227252 -0.150514710499653 -0.276416989445535
0.0800496249483648 0.134222331875074 -0.0273921247619758 -0.251075195393465
0.0187052210641206 0.279550465654377 0.0260633216140254 -0.188191272191899
-0.20684683576061 0.264649610118559 0.0240934880188809 -0.0167155121390797
-0.403180215880856 0.123113978108535 -0.223114734815721 0.225522082358977
-0.487450396299053 0.117945463940326 -0.0948977539031114 0.0394822742064259
-0.393585795544369 0.153768917456935 -0.566176348234402 0.0705364885383176
-0.276082855691361 0.303139843465239 -0.238214801945237 0.356774586367483
-0.0629737815164717 0.2917694188279 0.0644534738371841 0.13320342506958
0.0396700691512788 0.192113086107708 -0.0483795984217609 -0.130207258468785
0.0584267029578594 0.173649955099945 -0.202225965737895 -0.121682318229827
0.123443235930531 0.168317364720032 -0.230868539366655 -0.0395802949255451
0.143820505080806 0.130288480454204 -0.188899418181321 -0.00118743378570369
0.162763956517617 0.155604769592199 -0.185715105453711 -0.0726885433295429
0.0977127512758163 0.208111819604976 -0.162671057471345 -0.166178254288113
0.0668618918242322 0.222456397505818 -0.112552648000783 -0.264189244044832
0.0304191400593615 0.279099547427377 0.0211420997106764 -0.249881812898305
-0.072339543133709 0.367204550700287 0.0830568329208163 -0.172618979207955
-0.282584093353017 0.29897095218478 0.0842122944780725 -0.0255919363336578
-0.457668902599373 0.207947374335191 -0.0974613140738296 0.197380010851237
-0.446146144886223 0.27894484618709 0.0646908132168811 -0.00906326894769955
-0.335141177298846 0.235212848201724 -0.492208128606633 0.0564271115327968
-0.283994462061732 0.357818124937834 -0.19765072411282 0.425756239651336
-0.0948351907842558 0.398278435462839 0.132875375343776 0.201371720729277
0.0916245390502197 0.313773263304448 0.00815706158193161 -0.0830430441629429
0.156781604594815 0.235850918256064 -0.149042735615126 -0.0703595984360711
0.220188278790961 0.183151170785073 -0.176556592724482 0.0147301122987193
0.218492854028336 0.13377154143826 -0.125456983568412 0.0553631303946767
0.231973136300523 0.161560048659804 -0.118004631645437 -0.0134300735549962
0.155616987735473 0.251459125236858 -0.0927733177276466 -0.109751904534604
0.0962940378459584 0.304426565352239 -0.0565560732999214 -0.222897760828707
-0.0207000846146743 0.38102119255454 0.0740962473982242 -0.228806288310252
-0.157895270228892 0.406729625361629 0.14441998357785 -0.159474282834002
-0.324740849293949 0.28833249331167 0.174613773880929 -0.0520572000151896
-0.444390771678442 0.25330829317316 0.0561481364973487 0.151333532796244
-0.325696636477019 0.391277483739646 0.200253010466317 -0.0966135947928101
-0.207827873825035 0.260206182545363 -0.393872858948208 0.0340940746731268
-0.246685638792991 0.338330455759346 -0.124176161231054 0.446808729965214
-0.111912178403403 0.426948345928552 0.187461119141361 0.238191367220519
0.127280142823303 0.37765865945538 0.0666504313733224 -0.0155888105977589
0.231042937516335 0.257809702108016 -0.0650158043909452 0.00456140464469582
0.282698434160307 0.169022701385332 -0.0883471142899161 0.0757901449000173
0.258759517721627 0.115447441912398 -0.0417736990602837 0.103364226491298
0.264265417094597 0.140441159086976 -0.0374708452390009 0.0389743246327819
0.186516207118391 0.250467464581278 -0.0133374132095881 -0.049567017503622
0.103581093372916 0.329932543876546 0.00880753681631199 -0.159265498506683
-0.073223532649107 0.407467694956592 0.123086135679059 -0.17996105473329
-0.219237925792778 0.37153285287996 0.199991189032149 -0.135747129048729
-0.312759301620271 0.224003931691786 0.272415280418627 -0.0790698151185999
-0.360978942287747 0.263792057969179 0.211993117614432 0.0998295886032263
-0.149886556036176 0.407168045341084 0.286000064381631 -0.198544022559717
-0.0691868657914263 0.183640665631299 -0.286391974970122 0.0142473243755954
-0.211639930323019 0.235455145004921 -0.0387192177657564 0.416293911427143
-0.136319632832433 0.377621059247373 0.206745534747463 0.240035196717498
0.129362257446277 0.369378825439775 0.109558192135761 0.0612284856386567
0.25547816979615 0.232557005361764 0.033152952236494 0.0884887143099117
0.293703025971625 0.131111262055906 0.0207039780605805 0.131286076350857
0.26138565535066 0.0816794739968599 0.0502371484433555 0.135021372826239
0.263636391041334 0.0997828910015727 0.0433279015496733 0.0751255963453464
0.193709945917802 0.213176752478674 0.0608744278027626 0.00559798736624888
0.0940812233880955 0.306196521201098 0.0675756762163712 -0.0829755693997807
-0.121676966256068 0.356959689797016 0.152667484117675 -0.108769192374391
-0.240591119499247 0.258038004123012 0.232603379827563 -0.10099827256455
-0.23426618549273 0.124748380840043 0.362843160198993 -0.094999635764569
-0.217491263793271 0.249836832889497 0.3437102577618 0.054161889806838
0.0436848968947321 0.32113311243909 0.314508379755211 -0.277858431907701
0.0391345737508351 0.0339660480604546 -0.187549906342703 0.00290589845979408
-0.194560997198033 0.0917898468702109 0.0238818901900377 0.350423938607408
-0.160618897082077 0.281553666419144 0.18384275936655 0.227112246948848
0.102196031946604 0.301307769735803 0.130838168134907 0.142472446708669
0.226556656629722 0.16553348835259 0.122772824367587 0.168829219051988
0.247542471902511 0.0749520444003894 0.126349546955118 0.173085950120327
0.224396998731128 0.037420641630396 0.133515281219425 0.146220962477196
0.232479616641972 0.0474726637855342 0.11637723925438 0.0943710172221047
0.184757351109965 0.155146402382171 0.121876497512419 0.0484443106057843
0.0767298651320866 0.253108624949017 0.110835954372275 -0.00630019020332158
-0.147855570639874 0.25780109811237 0.153087614373141 -0.0377086239874505
-0.205703877320166 0.106578408629747 0.240759223643124 -0.0746710906177463
-0.0953546212183146 0.0286614043509222 0.438426954988375 -0.0983081447279354
-0.039808775086987 0.226394196615478 0.433098437023434 0.0200679239168498
0.218835352878436 0.172565330345154 0.290949067431113 -0.313314583556947
0.114030334909515 -0.122661257207575 -0.112645123889216 -0.00345801458901898
-0.16534092800809 -0.044765473416122 0.0414556389724002 0.275842765122896
-0.155183796644235 0.156893883698032 0.127496721103098 0.222850453660771
0.061734701766829 0.184339052457441 0.137290307723766 0.219198387069102
0.156580674668863 0.0704749557066545 0.191580031721675 0.228632876341593
0.159447673569172 0.00667013724639432 0.207351727316545 0.190978388942357
0.154268611552387 -0.0116959885703076 0.197538412646023 0.13647586487463
0.176821685038702 -0.00880759920357227 0.179163680895779 0.0959733042538427
0.160932087996741 0.0861900670773144 0.171334067677 0.0801495589049692
0.057348889050679 0.181432299308674 0.133963078011756 0.061057216432903
-0.139071713849392 0.136865741261712 0.123564561855436 0.0102111492619721
-0.114242502714217 -0.0369778369879277 0.236096316279616 -0.083811877381946
0.0741841033150547 -0.0285096243806065 0.503355624438284 -0.100946724153784
0.139337335457381 0.201625196786751 0.468476242097798 -0.00918430543009134
-0.367635675237977 -0.0726515024775883 -0.342118792594243 0.0754833741878377
-0.248962462355702 0.0960940544288339 -0.562145993794501 0.160417242220469
-0.0272262556090692 0.137988746047564 -0.222732627697699 0.190167708528226
0.0729237679533222 -0.0265911352908986 -0.0838528225994982 0.0297423079496737
-0.0676074881694759 -0.0746275875217643 -0.127563851811297 -0.0882333914028463
-0.116435181826289 0.0348519825538914 -0.210906917394423 -0.0948745244732245
-0.0719187217550178 0.0924130359489305 -0.228534153833743 -0.066767761574868
-0.0480812285324049 0.0745306347679591 -0.226166332559184 -0.0672651926147243
-0.040635101415407 0.0822892431097349 -0.244592956566701 -0.131606096933384
-0.0706518424717149 0.0447443768227445 -0.245770021760547 -0.190028127885219
-0.032753617729819 -0.035711407608831 -0.197645606750377 -0.23290790411216
0.115437732759953 -0.0385751135845242 -0.103193210040656 -0.229992999466473
0.122504338801667 0.156718258090003 -0.0451271635505008 -0.221101451261465
-0.0946672066638314 0.206591172372566 0.0118248155674545 -0.0302114854923285
-0.291579376453772 0.0524829469555065 -0.262773821344408 0.267400836038692
-0.445793719401348 0.0508516894931986 -0.222045013359015 0.0627959849015257
-0.350602553437958 0.150435521271909 -0.56964415477876 0.151484373270707
-0.14840431597334 0.252446070095057 -0.204530291090119 0.272415082875659
0.0266961884854955 0.137428871240015 -0.00731676989315208 0.0540655983166564
-0.00877439845980563 0.0458147062929301 -0.115595030837247 -0.121340157256475
-0.0298057965972741 0.0989416355078489 -0.236342744364731 -0.100045780633264
0.0354728682461236 0.128655417957749 -0.250148586130562 -0.0414445461835772
0.0581028738017056 0.0993660600101761 -0.220503003977479 -0.0221241587887709
0.0797595611949501 0.114018670576679 -0.236446899393544 -0.0935960683931764
0.0346766614658722 0.130141306988838 -0.233037097177216 -0.176609019642851
0.0328241143222399 0.0949859073404128 -0.183462931566056 -0.25097740845185
0.0944945336422964 0.119111437547938 -0.0588204345455077 -0.248235227492478
0.0589806943917044 0.270125107768045 0.00347449852755183 -0.19582496145996
-0.165992173622649 0.289213541029671 0.0321517972122458 -0.0159882342288844
-0.377878514323865 0.181041915996965 -0.179719463309634 0.255288576898768
-0.455123509314876 0.201540267288097 -0.0787742669542603 0.026993502371992
-0.365479683863289 0.225346351105225 -0.541901238160383 0.135091544238248
-0.217823885635595 0.348405231353914 -0.185593193273758 0.363062123670408
-0.0086130772893989 0.296297950622172 0.0713220117675914 0.108849993725308
0.0635271388463279 0.179113895504389 -0.0781325755021332 -0.116587709714792
0.0762943882350317 0.161255244606882 -0.22272391505734 -0.0817360085643461
0.148409268238885 0.146644942436923 -0.235827605733707 -0.00408318384889155
0.154622100825455 0.108402387467304 -0.180645299052946 0.0277867765977162
0.180398640390028 0.129118516849313 -0.18961595338578 -0.0452631028523931
0.126810217492796 0.194685183272275 -0.182876880400246 -0.14464677867323
0.094328267811925 0.208655896116746 -0.146696114365774 -0.245178474406657
0.0682565792571784 0.27066671046696 -0.0106686842258633 -0.25710374678714
-0.0187064504505103 0.36819925513679 0.0662141823607743 -0.188570932922062
-0.234938919325548 0.333049509623588 0.0935707694530089 -0.030598070063106
-0.419934167156316 0.269194234416115 -0.057698589514258 0.212472561173048
-0.382473444334767 0.347961241039985 0.0606917102553675 -0.0461024289878518
-0.293398707693053 0.293579994722604 -0.476886876143385 0.111881037123366
-0.214082413854811 0.405410191574874 -0.136952343810512 0.422792136889671
-0.0202953505106299 0.40771394382583 0.145767831481289 0.160654632763363
0.136158978953877 0.288296647438232 -0.0214186282537497 -0.0788054709237746
0.183757857825121 0.205294664898046 -0.167258200191962 -0.0384989435476567
0.24685188720169 0.142985776330268 -0.179415833412475 0.0422978962014643
0.227493372254955 0.100124360277355 -0.111170145733926 0.0756225930523196
0.25026721704294 0.122559246968976 -0.116193795204077 0.0047210519158236
0.191767818954351 0.225558243727211 -0.1085472476601 -0.0988839828809924
0.136284062601341 0.282940566090808 -0.0877133342256444 -0.212820246470156
0.0345174691868834 0.378409513849253 0.0448354775450066 -0.243986219872904
-0.0968549221430509 0.419519625770707 0.133177543356725 -0.183038377366725
-0.279620171089409 0.327157477848757 0.178316054711545 -0.0662820654762751
-0.401480089629824 0.311851464508555 0.0879445826145495 0.148686559370172
-0.242923512938677 0.432957987003255 0.170671730920441 -0.148526059133247
-0.165791917364071 0.290856992325075 -0.38666340363104 0.0816365924888762
-0.180301252383728 0.378947607708674 -0.0624884036355184 0.434611136085909
-0.0288494942736789 0.439896041834048 0.201465240602292 0.186611227367734
0.182462775997684 0.345290206041978 0.0425288740471945 -0.0216397731756794
0.261235558914998 0.214282964236683 -0.0753633851111952 0.0221714196598087
0.307594129463515 0.118535662215186 -0.0857190893217226 0.089481177592487
0.265626905023423 0.0746767981703004 -0.0236930141970159 0.111753465197529
0.279114889533363 0.0949213915858633 -0.0314313849773394 0.0461688496999291
0.222109677572551 0.217707127468383 -0.0240755060490071 -0.0490027782117322
0.149047853124557 0.305497936185461 -0.0168685381106044 -0.159593116636327
-0.0126217614382096 0.411136578706137 0.100249086010134 -0.202181229941748
-0.163267756323739 0.391458489013225 0.191878505730178 -0.164640577748167
-0.278844524013065 0.261874168199284 0.270508977788894 -0.103677920720301
-0.316775756769802 0.307555354951958 0.23306643018117 0.0779074810146368
-0.0672896980562136 0.413151320333462 0.232786701474101 -0.251840550071159
-0.0430369360875859 0.190015523139588 -0.284217366171727 0.0549478387451817
-0.162594061893768 0.272857601675201 0.0199446911957669 0.393477817954565
-0.0602830462322392 0.398032174687814 0.224013393784861 0.185349844882526
0.187399177390057 0.338799694795149 0.0961917796106904 0.046607896708351
0.285060244004443 0.184936764546798 0.0327088135802336 0.0896872048433869
0.313425792613897 0.0780776613272858 0.0287301898534772 0.128351562330753
0.264807344997129 0.0400090310181993 0.0681125150082484 0.129992739242801
0.271688190258711 0.0528738610666763 0.0513528721410098 0.0714201985530038
0.224602227071265 0.177620646522527 0.0554280799528204 -0.0044356132017744
0.136396614127442 0.283290932781132 0.0512518017291134 -0.0924905882991585
-0.0654319717048094 0.370332003809251 0.139648378420376 -0.134767677763341
-0.199823521613049 0.283442167821385 0.228881406450287 -0.130816821058393
-0.216333950401501 0.15258322375379 0.353371811397072 -0.13213079122838
-0.178996655727086 0.27215800873639 0.353166431487057 0.0147312730984616
0.104922155969154 0.293927615903896 0.246698722101916 -0.322082867838172
0.0369317781800681 0.0234378530575615 -0.184296555672894 0.0360797909170549
-0.170814513418739 0.12906604640166 0.076791053419205 0.323329925662696
-0.100655746142248 0.308781118350649 0.203620942722897 0.178415864871058
0.151846156399419 0.277339672152285 0.133220395100935 0.121334367566573
0.250116400026718 0.123573008403453 0.134958851853279 0.152574380093191
0.26041630080744 0.0291569123828072 0.139764511644073 0.153135741844252
0.223464996904953 0.00127420706140639 0.149538297225723 0.128626391030456
0.23502526417777 0.00541139188419709 0.123547920271894 0.0795918213787856
0.20733520267729 0.119909114064496 0.121409514528284 0.0305770099256979
0.114428456295246 0.233132596883739 0.104371034571935 -0.0234606635397613
-0.105609651557489 0.277618769796566 0.149578476031883 -0.0615485392997516
-0.188514201887039 0.131525278263423 0.236617230147581 -0.101488940702766
-0.09525676582439 0.0381458622520866 0.422941307498669 -0.147034494916969
-0.00731736235000583 0.223315936929946 0.433151720620041 -0.0321447728684334
0.247351020412516 0.117919636686899 0.219381491082177 -0.34041481751153
0.083248969398681 -0.141727317275309 -0.107065488629154 0.0237990301795921
-0.165304843472384 -0.0100946573773765 0.0872354894142327 0.252765150157279
-0.118219280110922 0.18613150550335 0.15305938734518 0.186848678567509
0.0959411251998851 0.171394423705059 0.157801756229107 0.194875925861275
0.169673550835652 0.0422703188233672 0.214964007739556 0.197278809274583
0.163291595849994 -0.0234352724647862 0.225033171683853 0.158493635931252
0.150224550416838 -0.0378062607783997 0.208865877045067 0.10927471762024
0.172626156389207 -0.0421437322345018 0.184778296310924 0.0729674473946862
0.173964784935897 0.0546055146408613 0.174806482277492 0.0551220864428103
0.0867885191846342 0.166113516012862 0.136137666621876 0.0392951239698044
-0.114855166845829 0.158960258683462 0.127361820270325 -0.00683396238018392
-0.120756936732406 -0.0210345200920072 0.226079416301261 -0.107195256866608
0.0620453410938798 -0.0421730762490265 0.483746765303204 -0.162220937888146
0.165117475576784 0.174188062666911 0.460050799991573 -0.0678681349173356
-0.360886742871639 -0.056663915781879 -0.330052913938134 0.0785192136602542
-0.238375250033072 0.10134004857366 -0.543060168251126 0.169089148673917
-0.0217387351855548 0.134004649576885 -0.210609770142059 0.189412988953672
0.067454527607114 -0.0322244844201883 -0.0803901821214046 0.0321416309159581
-0.0705933036145399 -0.0686339483185899 -0.12716860134651 -0.0776961818377502
-0.110990089117677 0.0412898425630165 -0.209625898011747 -0.0807328482650682
-0.0651043687373311 0.0938689152694941 -0.223397914686129 -0.0558090230101233
-0.0432948077144314 0.0762800873391918 -0.218804980145365 -0.0609359453161493
-0.0354902713209668 0.08254638057996 -0.240435810749703 -0.122129414568917
-0.0674901298749631 0.0490063401511507 -0.243971588994905 -0.175658338945925
-0.0349115999601708 -0.0328144423515769 -0.197572823076363 -0.218109001076924
0.107253073484024 -0.0441942936856747 -0.106486265041258 -0.221117924230595
0.126141275102734 0.146596643189348 -0.053136386746608 -0.213395755375772
-0.0854690453368754 0.203238939053806 0.0111492144468721 -0.0298108227374699
-0.280636474601106 0.062359300904356 -0.244177662333773 0.269265077731075
-0.431329886337368 0.0641420715483389 -0.214843005742308 0.0627610943309161
-0.337179139245369 0.157150077298079 -0.550354028305692 0.162008528717283
-0.135580231183404 0.248800981343602 -0.190229455748344 0.271129841158187
0.0286782396713359 0.131320591879867 -0.00426920022389497 0.0530815963775767
-0.00998738134562488 0.0460026774245875 -0.117115185436706 -0.110591460660096
-0.0256670926249048 0.10021672779761 -0.233973425237885 -0.0851025492078101
0.0398354816572212 0.123333489177063 -0.243638665945141 -0.0287627593140644
0.0592608917955364 0.096498660581722 -0.210989552889784 -0.0164035061053389
0.0805061443382602 0.108753340600674 -0.230350821113664 -0.0842555916549585
0.0386484377664795 0.127756038762498 -0.230420799160912 -0.163139494353125
0.0328792741825619 0.0928587138646684 -0.184847739576452 -0.236057413554558
0.0933292504278499 0.110901979075771 -0.0644891673628954 -0.239927609131576
0.0677681883333317 0.258061663265599 -0.00263803968371012 -0.190450098400072
-0.151936588834011 0.286345224617461 0.0324090062438948 -0.016859725588211
-0.359592470642971 0.189882100609798 -0.162453323952044 0.253663115475437
-0.43226272423887 0.210975905755813 -0.0766132683059024 0.0229747210923814
-0.35042958514485 0.229017837797614 -0.523911816657679 0.147943638666676
-0.201032126691377 0.345437562866438 -0.165655189702659 0.358475654496978
-0.000615790327345796 0.28860294070831 0.0750702846743097 0.103178425883644
0.0641120388329666 0.173534490822577 -0.0804608981432994 -0.1084708520202
0.0798022212920133 0.156713155068696 -0.220542379552083 -0.0683967101869895
0.148594862299843 0.136527022579678 -0.228020590134009 0.00866957814084736
0.152987215750872 0.100669996538082 -0.170187727574721 0.0314890712719559
0.178587430453258 0.119281855602125 -0.182717596096741 -0.0374530697491387
0.130699028365614 0.186444054847243 -0.181439891394427 -0.13362468500248
0.0971320414126432 0.200958787286958 -0.149545998058869 -0.231492042367993
0.0734280557581707 0.259672987595728 -0.0179465748106889 -0.249734122398111
-0.00530886506755616 0.355816415883373 0.0597064148780852 -0.185555125222978
-0.218547670329264 0.330939454934652 0.0921438048121186 -0.0323204387321083
-0.396501274537661 0.276736552077905 -0.0462037881930867 0.208086204378687
-0.356453882189638 0.349705534745736 0.0569616910415514 -0.0508593042246428
-0.277685079871204 0.290827021994765 -0.46187009821708 0.123761826951542
-0.195791283965605 0.399469171694632 -0.117652824067527 0.416455643735682
-0.00654074593558159 0.398288144042973 0.148251371187327 0.152005453708507
0.13905659517329 0.277265272692697 -0.0243687550227818 -0.0738536210381756
0.185720743524553 0.194982657185258 -0.165199014154807 -0.0285408985259577
0.243327889397386 0.127905329058175 -0.171097210308008 0.053322175890978
0.223155646379086 0.0885863663493741 -0.101376569357811 0.0769189729962984
0.244107799070156 0.109177660197599 -0.110081661827059 0.00954660229218037
0.194580506603834 0.213594927895395 -0.107895970985151 -0.0914781817634003
0.139857448236775 0.271850467736499 -0.09208906014217 -0.201607545875186
0.0453132332520857 0.366058363724896 0.0358140234965213 -0.239143991672851
-0.0797148164857177 0.408860914453365 0.126594558538523 -0.182519454795208
-0.262883419238921 0.327168631091769 0.175052157772909 -0.0693573300360457
-0.375304896067339 0.31562869845601 0.0932527046623201 0.14079216427013
-0.216793798172168 0.426770376859732 0.160222521151966 -0.153076414779456
-0.15466308733557 0.28426058208172 -0.373332105939149 0.0937863764105621
-0.163957857612631 0.37378403862422 -0.0455099159922549 0.425791610233429
-0.0137541330036636 0.432223531856857 0.203989190201998 0.174647788219647
0.187672234989041 0.329271153465064 0.0388207243300284 -0.0200685740655508
0.261688630155992 0.198459371208035 -0.0740977913644226 0.0273435307838042
0.300886657813299 0.100720743938418 -0.0781346994751917 0.0965191676823583
0.258189917447923 0.0623347363537965 -0.0155492112288875 0.110680261841075
0.269322192977173 0.0810127320909495 -0.0268356125128658 0.0480041529657702
0.224437421258539 0.203251541737399 -0.0236590691708231 -0.0462435554402423
0.152800078538265 0.293736132137027 -0.0219113723940436 -0.152749269319394
0.000911722708833536 0.40146314081309 0.0916444254921465 -0.199149012959445
-0.145673143268786 0.383362964238688 0.186020253398627 -0.165367806255823
-0.262312234217368 0.263290548968205 0.262913360573853 -0.108620716921333
-0.296451471217888 0.309294462807438 0.230918665039568 0.068416243359543
-0.0473091581315913 0.401844539462821 0.216976290777858 -0.25395305562609
-0.0398347706769167 0.182542853787433 -0.274227280124054 0.0639612700170437
-0.150105069342028 0.269873850450736 0.0330229409208737 0.383884111844888
-0.0454760877570431 0.392937135480456 0.224151433954229 0.173955796521629
0.192966284434507 0.32386822942748 0.093301706598369 0.0433158199970289
0.283451776459817 0.168116420814138 0.0332129611813258 0.088096842300983
0.305316121362712 0.060687012824835 0.0339637304384523 0.129714737183636
0.255431288611357 0.0274479902789878 0.0727898219541383 0.126369172586771
0.261613157272634 0.0398116517250274 0.0523137714756193 0.0699381655135853
0.22457759336414 0.163769741431638 0.0539540031385215 -0.00616788318261661
0.142242668574069 0.271147696538371 0.0462267990571574 -0.0904475536729214
-0.0503794570657039 0.362693156852126 0.132091288861686 -0.134527271860323
-0.184725999942086 0.281100728292505 0.22250241534321 -0.13310389196871
-0.207431644518025 0.154942163625199 0.341871248606225 -0.137665115143177
-0.162352456818597 0.26870507708583 0.344978153249314 0.0036968085249502
0.114851858051217 0.279323760915523 0.227454307922686 -0.320487801524746
0.032100923587422 0.0179207750558546 -0.178224786062389 0.0438614754342146
-0.161634638475787 0.130850534849551 0.0847217561784125 0.312356521472752
-0.0866296702205045 0.307152265903696 0.203220817278298 0.168040951402871
0.157299430488246 0.264088088441285 0.131002265106386 0.114820103639924
0.246510537504698 0.107928976240067 0.135899808746604 0.144760747994286
0.251673679336618 0.0149242331324934 0.142402955300021 0.148410051221263
0.215070336219731 -0.00924736223960811 0.15004529435964 0.123078741533673
0.224476772243313 -0.00556406051140037 0.121131814703803 0.0751300589282014
0.206112498762435 0.107118645656553 0.118078890934516 0.0247702506459245
0.119965396753433 0.222896389664642 0.100037843767246 -0.0262454379739123
-0.0918120868848504 0.275868879861546 0.144480127443681 -0.062861362473814
-0.179276735301036 0.133570585365161 0.230480579379041 -0.103805187503341
-0.0928957770902018 0.0403868728304227 0.407967629750791 -0.152503743771551
0.00201229621537633 0.2151166582339 0.420350178796413 -0.0434300400591204
0.246661402185497 0.10402964139944 0.199147877007844 -0.337245802474259
0.0721199060157716 -0.143171050630141 -0.103033978196361 0.029372537184403
-0.160470903831219 -0.00341846005461324 0.0909180609025324 0.242742796142302
-0.106356374567722 0.187935630702728 0.153217864548818 0.178266832249504
0.100258328708887 0.162168484696567 0.157264247964664 0.184660928512368
0.165407081775668 0.0304732010320834 0.215068062363094 0.185254562581048
0.156418997050674 -0.0316108978907662 0.224391715730935 0.148551421442754
0.142791219295216 -0.0453340752024013 0.205353110899209 0.102745249383268
0.163455049986654 -0.0503972903650528 0.178292729290324 0.0649200332503925
0.171875925225496 0.0439981476390612 0.170615082748318 0.0455251870753138
0.0923590091849087 0.159088811625708 0.13373222117505 0.0330976017281665
-0.105083169071966 0.160020991144175 0.123785752230835 -0.00872566403324334
-0.119072961185016 -0.0155999473993394 0.218555546382601 -0.108465649199694
0.0578892769570908 -0.042826465634167 0.463498556035515 -0.169201167627904
0.166711383638258 0.161410314462474 0.445586274272232 -0.0779334950975642
-0.354070263242988 -0.0488167298969087 -0.3210635352668 0.0760613181967104
-0.231700988003187 0.102351605150136 -0.530996386978135 0.167696249230054
-0.0189469834231376 0.129812913226714 -0.204827385819974 0.186520381920728
0.0638166131623458 -0.0350510456589417 -0.0779420169447629 0.031781310162614
-0.0720007183910232 -0.0654388852017404 -0.124182786387522 -0.0728091599410752
-0.106857087704904 0.0445458933305421 -0.206014165689086 -0.072346068720571
-0.0608383644430218 0.0936591688385473 -0.21776961240638 -0.0504894086946245
-0.0409704400375124 0.0771877361292731 -0.212168832141927 -0.0599628910185634
-0.0328254904911163 0.0821861360139779 -0.234403930042198 -0.119478792763336
-0.0649746685537962 0.0507905845203474 -0.238180216314452 -0.169153445855402
-0.0364104217724028 -0.0312577348511112 -0.193298236124345 -0.21057532597473
0.101704166236718 -0.0462300418356466 -0.105110892245744 -0.215530363667943
0.125793660168888 0.140391977883431 -0.0554314624168653 -0.207368946217527
-0.081390467444678 0.199020318325035 0.0111916253606221 -0.0290878000689835
-0.273008924617061 0.0646474523847563 -0.232570546020804 0.265981989467894
-0.419114946532989 0.0693832733216031 -0.20848400809135 0.058739766489271
-0.328607112464864 0.156764338032095 -0.538117579859763 0.163615859738549
-0.130039323070676 0.24316699808609 -0.183033216840294 0.267250161801082
0.0273247113525287 0.126322265379669 -0.00202430722796202 0.0514478071167914
-0.0121043474172492 0.0468724174837384 -0.115431201826256 -0.104728516452586
-0.0230974228923926 0.101114754534832 -0.230228034236579 -0.0755811266561211
0.0402460924967439 0.120149708817911 -0.236179921990679 -0.0215236729936837
0.0594361318229008 0.0944635783699221 -0.203639330140885 -0.0164630888723762
0.079795321223125 0.105865149316654 -0.223858534345951 -0.0808320202263336
0.0394345381505565 0.126522265908865 -0.225336807005812 -0.156388555100766
0.0313561460999854 0.0915924395551882 -0.181492349917403 -0.227999448040825
0.0895222867070481 0.10595353980925 -0.0644453649697458 -0.234986608997862
0.0698679301542514 0.249906742128216 -0.00487253684002192 -0.185848969518692
-0.145759800260997 0.279822258925925 0.0328253889760867 -0.0167117931697159
-0.347983261927266 0.189431865271841 -0.153675118627999 0.249647735916891
-0.41739430192172 0.211475476712469 -0.0751220492828037 0.0181643575880904
-0.342103572154992 0.226034582123434 -0.512933054008172 0.14805004343155
-0.192887780456127 0.338127068349373 -0.158174634138369 0.352918688137248
0.000984186723808921 0.281614014689727 0.0760876884725426 0.0997250080558899
0.0618225424683009 0.169996495075329 -0.0797928468994004 -0.102696721320402
0.0803584208044055 0.154508219795091 -0.217797484297268 -0.0601829070231055
0.145830978356057 0.129569630076044 -0.220232822079357 0.0163592808858193
0.149971865805507 0.0969568671532309 -0.162645569401354 0.031498881938431
0.173745620963762 0.114928442955785 -0.175692349210307 -0.0352140950534771
0.130617179477868 0.182302465107148 -0.17716144037078 -0.127930231628045
0.0953580660941807 0.196674333042837 -0.1475705478692 -0.222727644225577
0.0722644563882542 0.25253833200082 -0.0188700035222833 -0.245135564897291
-0.00159892977793408 0.344914950528421 0.0584317283037482 -0.181476087480562
-0.211494583425013 0.324785579366157 0.0915201656921157 -0.0328183105941462
-0.381789570430002 0.27523901829289 -0.0402539496647375 0.203341844297156
-0.339842323558609 0.343588039068412 0.0544417867146913 -0.0550453390647811
-0.272452233607772 0.286678287132631 -0.449887344168829 0.125475367271278
-0.188202661435993 0.391617112942884 -0.110226956190308 0.41066628942144
-0.0030799324903046 0.391998483648216 0.149021569363303 0.145793117720361
0.135575141253472 0.271151702945387 -0.0244975566859416 -0.0698187798927595
0.18457430814604 0.188678319788362 -0.16353463421319 -0.0225554758537767
0.23744249355553 0.11951138288633 -0.16390920984861 0.0602409556786308
0.217218031350329 0.0839452813534742 -0.0944421528944736 0.0759448383135123
0.236404893314884 0.103397672750333 -0.104282918523475 0.0114940876532918
0.194170427847556 0.208027592699721 -0.104843863207902 -0.0874117009945754
0.138221741826768 0.265816599870754 -0.0915516918786248 -0.195112398407708
0.0471809607664149 0.356277151362093 0.0334745354260714 -0.234279085611424
-0.0730930544878868 0.397253471654965 0.124962081082969 -0.179881659372648
-0.25427958820031 0.321146863121648 0.172811848269035 -0.0691788745037621
-0.362195148841541 0.31403610340945 0.0954577213590969 0.136681845457578
-0.202820810682947 0.415986003266032 0.153728372988886 -0.155218554255249
-0.151973313786029 0.277909939529991 -0.365154133780589 0.0951442270231257
-0.15749076100433 0.365902959856928 -0.0389106512602905 0.416583314368257
-0.0100590841628129 0.424615410981035 0.202776559913622 0.168526743337784
0.185367813220051 0.322769005899747 0.0372054791295643 -0.0190871858785997
0.258241667668685 0.190531247561604 -0.0740893376943215 0.0302721988037285
0.292300532842361 0.0922388562955955 -0.0723077541138873 0.101342379818095
0.250669880898544 0.0570011929097999 -0.0105332552141684 0.108895684008593
0.260114789627987 0.0754703110460077 -0.0239771098463079 0.0485671395229324
0.221929074736022 0.196103290630609 -0.0229084562256028 -0.0445489727902276
0.151969599022072 0.286644315603118 -0.022363409650344 -0.14766185213197
0.0044915236405664 0.391412291656631 0.0886358966782173 -0.195428679236647
-0.138173876758131 0.374829141930872 0.184747282071932 -0.163656406350006
-0.256069656232023 0.259867766098693 0.25810347758072 -0.107611449603373
-0.283598654902893 0.303225683175479 0.228522193827668 0.0642236212829171
-0.0381171037700712 0.389164515525508 0.20775675315251 -0.253102013537714
-0.0412962175555215 0.176241020648738 -0.267692948982066 0.0668886111690527
-0.144764233526626 0.264928262754509 0.0374203062439253 0.376531860583757
-0.0391416829714328 0.387997322101384 0.221888222134785 0.167253853750011
0.190995367834928 0.315496254435299 0.0901041375163267 0.0427297659849647
0.278214838678389 0.158270913652296 0.0314620395203877 0.0877524408230916
0.295678623301374 0.0520484923975675 0.0376692229277785 0.131543427643503
0.247835300114237 0.021951348214751 0.0746980865809881 0.124234579474427
0.251138496239515 0.0344465373621924 0.0529171438764857 0.0697976386711454
0.221308774522862 0.155829236435005 0.0526300027597873 -0.00680393845127341
0.14154561054163 0.263883783824502 0.0441446874076937 -0.0881944104874673
-0.0453086118876501 0.355553451645644 0.128891571063303 -0.131425336755895
-0.17774840972018 0.27530176589858 0.220882042673715 -0.131740694681744
-0.201820079954251 0.153390958018858 0.334442157772243 -0.135434943523682
-0.154263551280837 0.261817119269071 0.338701010232445 0.00131967794317837
0.118298159656626 0.267853752063537 0.216577679632587 -0.316315762545625
0.0272612679757588 0.0148116317998844 -0.173263637515881 0.0462519911222812
-0.157537818407867 0.130127328413577 0.0859347613906052 0.305483581650069
-0.0799576661535056 0.30487880198322 0.200130880666681 0.163351412626135
0.157876389491964 0.256582306604514 0.127405037620102 0.111777473805142
0.241029425856638 0.099193973938751 0.132659782939362 0.141045410264881
0.244466570398478 0.00822951043934531 0.142613142697978 0.147291561955584
0.207384576977075 -0.0143998054666661 0.148566814667444 0.121366116919198
0.21474862515411 -0.010628526623812 0.118521743010165 0.0742351834722259
0.202953255981864 0.0998777672753321 0.114983866125909 0.0220271675309973
0.121293845779769 0.216618235541243 0.0968648132062486 -0.0267489561179438
-0.0862321098382016 0.271070393734001 0.141434032603596 -0.0606370177103839
-0.174089785930188 0.131470876569956 0.228500365842025 -0.102044433074055
-0.0910817935151077 0.0405317355620387 0.39990241900289 -0.150699817366031
0.00593046957111939 0.208107959289807 0.411822358851613 -0.0447778730249156
0.244150527871132 0.096586606026772 0.188744884570928 -0.331523274584317
0.0651285344102592 -0.143241372885504 -0.100108272000701 0.0312234380133823
-0.15695653147646 -0.000866404294896645 0.089682948196209 0.236736197855487
-0.0997452450652427 0.187375597619173 0.150773365407614 0.174578903697364
0.100589585399089 0.156279735355918 0.153935328511829 0.17916310034528
0.16046774344966 0.0239090955369677 0.211473091202435 0.178621018202779
0.150943991464171 -0.0357119608693136 0.221463097503894 0.14392022175793
0.136972698108656 -0.0489299301269609 0.201249415245523 0.101379690020996
0.156067167128604 -0.0539238984100105 0.172491199614682 0.0634249907814912
0.16902223771907 0.0376516513413941 0.1660279931399 0.0409337197520122
0.0948894929365354 0.154105693113044 0.13066945524654 0.0303364276164114
-0.0999224396730647 0.160175623196239 0.122943440783021 -0.0075097099728432
-0.116922660024345 -0.0134748433824758 0.215000497642743 -0.106249793968465
0.0557372069368813 -0.0419310784368621 0.452759952052471 -0.166492533325533
0.166012057372386 0.154425311690601 0.436487830241723 -0.0780086088215216
-0.352962354320642 -0.0464078700525023 -0.320308107613371 0.0709525029784732
-0.230667950019238 0.101701180146688 -0.532123251349198 0.16418241075865
-0.0180541399423297 0.12837889447966 -0.20499033276893 0.183546733942198
0.061342193922207 -0.0371513927684959 -0.0766487788215836 0.0314738685672527
-0.0746799987782359 -0.0633654538020456 -0.123288153744974 -0.0703470948705184
-0.104867821311857 0.0474737587607784 -0.205256903797071 -0.0680192708096802
-0.059242071618701 0.0942952816264651 -0.216112902230837 -0.0479717067807234
-0.0398142395517286 0.0785568391787543 -0.209864861003249 -0.0632579744035406
-0.0316150684620348 0.0828303374273835 -0.232192658826003 -0.121830132262829
-0.0640177250372063 0.0532741150732371 -0.23556253068778 -0.168411608410723
-0.0382510162511221 -0.0295735770606899 -0.190378285419122 -0.209987972510321
0.0984445186785093 -0.0477077957810791 -0.103286922022214 -0.216685504937476
0.126952056334489 0.137648731588657 -0.0563685400993843 -0.205170849252242
-0.0810562833096975 0.196699789584044 0.0117802545018306 -0.0286160572126534
-0.272115825063187 0.0644883395485813 -0.228681681475864 0.264932849505209
-0.415966118754983 0.0699520089277404 -0.20882520428906 0.0525047376668761
-0.327057968521751 0.155390727314838 -0.539088176367537 0.16082755246031
-0.129446424554759 0.241503389341571 -0.180612805701242 0.265280514849645
0.0262418471363544 0.124873706576344 -0.00102076593049894 0.049537368232434
-0.0151201867464215 0.0483395248795913 -0.114587667261181 -0.102565602867772
-0.0215123362019727 0.103100889930832 -0.229950628487085 -0.0711004951225211
0.04028780827209 0.119372071167275 -0.233307936602275 -0.0174900202419887
0.0593078597669374 0.095272292646511 -0.200254662348576 -0.0191452734299687
0.0789713943765134 0.106599686137152 -0.220619613312919 -0.0826078377900304
0.0402705591637725 0.128634472167853 -0.222821216889937 -0.15520170764775
0.0295307882898364 0.0929605871315325 -0.179020364133077 -0.226198944342775
0.0862525129956176 0.10437510119977 -0.0632164893936669 -0.235545559852212
0.0703881127551653 0.245897930279415 -0.0044365998731911 -0.184262119702144
-0.146081140811302 0.277689082757911 0.0339547523093718 -0.0159217029598866
-0.344292814882016 0.188220179082944 -0.15055530243561 0.248518789493661
-0.413089986477787 0.20927399782934 -0.0755071046248957 0.012799278024683
-0.343497401514913 0.223263890979674 -0.512975625479326 0.146427427238394
-0.193605181709295 0.337356076920176 -0.155897254374777 0.352578172960649
6.02306816801651E-05 0.281807014710891 0.0781870951294573 0.0980425680694268
0.0584242807274023 0.171474567594873 -0.0787987975358476 -0.100948804772705
0.0817142729995589 0.155518099403012 -0.217889745656867 -0.0563307839364807
0.143636067773909 0.127419675479278 -0.216417568841487 0.0219076890826654
0.148538407064611 0.0966665351300821 -0.158094531982188 0.0292493320691317
0.171042227134608 0.115251617955162 -0.172328751250651 -0.0360761998614617
0.131528494146073 0.183950993245262 -0.175730056167893 -0.126839241897283
0.0935700680066749 0.198675954763998 -0.145872168789452 -0.221404069994839
0.0703685722513757 0.250720566786632 -0.0180831757987128 -0.24449097970952
-0.000940975000756223 0.341892894276575 0.0605063198565236 -0.181244622591169
-0.211133339125459 0.323424012572104 0.0927353259517516 -0.0321606410898069
-0.379621009992022 0.273504061281209 -0.0368305301136465 0.203270357994166
-0.334187104589078 0.339552624123039 0.0529645776308263 -0.05968263425168
-0.273294084313375 0.283629050424131 -0.451138540072991 0.124765784090608
-0.190143834948145 0.390678141704977 -0.106226039721815 0.408896483223145
-0.00360011691378304 0.391485539556942 0.151422374885033 0.143979141576865
0.133474413709881 0.273526446481278 -0.0248487285316387 -0.0694059886321781
0.184597689029793 0.189246641337682 -0.164606554572463 -0.0192414653964382
0.234354868346976 0.116402446681472 -0.159864484460564 0.0658813598512627
0.21515591352801 0.0828123610827199 -0.0906607559816571 0.0750290811187368
0.232995553332879 0.103621092755664 -0.101060100495534 0.0115317993414074
0.193999465119954 0.207245862429274 -0.103354762380014 -0.0867730130199257
0.136581996381042 0.266957516848517 -0.090717776890689 -0.19317140180737
0.0456360215541782 0.355259275418871 0.0344410888253498 -0.233580007302205
-0.0744524854612946 0.39483178365501 0.128159235134273 -0.179569617235703
-0.254190426652407 0.320092234186262 0.174005049880615 -0.068626678749193
-0.358048931326145 0.309830069687872 0.0966607873635738 0.136015593215995
-0.197752765896168 0.410832938486633 0.151420126064535 -0.1582394995369
-0.154900516996911 0.275651374841147 -0.365596901089582 0.095050718602194
-0.157962650537866 0.366045047975347 -0.0356263362365659 0.416268981277736
-0.00877649787564446 0.425996828871339 0.204773764145319 0.166951003073837
0.183823108759812 0.32268447690276 0.0360394940576468 -0.0181378244242796
0.257836332920669 0.189290614271139 -0.076056221629348 0.032728725414133
0.288331379333983 0.0881871679843878 -0.0681541066700795 0.106916577989539
0.247500190005675 0.0553656926642977 -0.00744747276216093 0.10860267303526
0.255404969332441 0.0746898691719576 -0.0210096618023658 0.0498882673061689
0.221583863364868 0.194571002487671 -0.0219560626057181 -0.0440574631679244
0.150548468187238 0.286532620584515 -0.0220354583557417 -0.145545783290113
0.00377580068178895 0.389757372809266 0.0890419268166266 -0.194067350194889
-0.138257168871101 0.370932319145391 0.187847680992975 -0.163255681158173
-0.255902408326336 0.258314014912217 0.259884231511468 -0.106493093371488
-0.27977822300784 0.300294989412042 0.230057841733753 0.0643055760371141
-0.0327632696348043 0.384606852983853 0.204309451225413 -0.254626679070906
-0.0450337800252729 0.173901633496961 -0.266896802104713 0.0677277447427877
-0.145287258416494 0.264281638348511 0.0387829905143659 0.374753066751035
-0.0381762709291139 0.388988733282762 0.222984446269841 0.167114640322178
0.190397563519528 0.315510102278396 0.0881511808256477 0.0434818369824696
0.277290385242179 0.156340773439399 0.0293294964781592 0.0891598711781557
0.291581927587136 0.0479083482431987 0.0408517500911557 0.135486469693464
0.243871770449636 0.019677299928595 0.0765488545302693 0.125842742087309
0.246073045617598 0.0333366238802205 0.0537172925552444 0.071239999525186
0.22077262770485 0.15357152020331 0.0520792238818504 -0.00700100711783307
0.1412072316141 0.263531354734735 0.0439099072448775 -0.0866264390726587
-0.0461833549196838 0.354600644169245 0.130213461474872 -0.130002099733939
-0.178257571866288 0.272337236396582 0.224546929184889 -0.130791230218175
-0.201389643726911 0.152288128524392 0.335350154011137 -0.132982579643468
-0.151560527316188 0.259395728840522 0.339726067687463 0.00240397829735233
0.121813363254255 0.263610120762054 0.213314129206217 -0.31654475149109
0.0232738912844552 0.0132357877098892 -0.172806672279599 0.0467319808228277
-0.158024803584277 0.130572693853021 0.0856084685592794 0.304646180423218
-0.0780455141579255 0.306586015813183 0.200705051950474 0.163094588030378
0.157498327601096 0.256363807530547 0.124244085949361 0.11217791849661
0.239330970436247 0.095409960866172 0.130146592872425 0.140877506258018
0.240829206398108 0.00434364266932306 0.143868392756377 0.14878071492308
0.204174013447423 -0.017224905582101 0.149007780428313 0.1237030776096
0.209713794709854 -0.0125975266966111 0.117442125892946 0.0762472753952698
0.202543257925108 0.0963153912250242 0.113707174784646 0.020332986926631
0.121853826504392 0.215539137127383 0.0959520588448841 -0.0259768827240328
-0.0853127373381534 0.271227657695599 0.142749315641602 -0.0591453446371453
-0.174442992924343 0.130401915022969 0.231326245620179 -0.100709714804812
-0.0907074457974905 0.040184136047488 0.398584939892137 -0.147889680962445
0.00726671141823549 0.205657826603485 0.412147019748705 -0.0421627924349742
0.245848643979951 0.0924063376693353 0.185297933198824 -0.330392040087019
0.0607742641680799 -0.143447636464616 -0.0985518828089977 0.0323691170027458
-0.156625393668285 -0.000164327194626817 0.0878112398917418 0.236156610783352
-0.0978914137431915 0.189062248570684 0.150267760815941 0.176197562319958
0.101903669298395 0.154752064646367 0.151343792435438 0.179324887298541
0.157656683263556 0.0202957894415429 0.209333703725407 0.177368437029935
0.148856673146693 -0.0387904708331124 0.221355812923663 0.144020311779895
0.134374096010333 -0.0513851769697715 0.200416192282785 0.103600216770486
0.151921093532529 -0.056550771680952 0.169859990257527 0.0643051711143739
0.168799711913282 0.0341918323337543 0.164290282482209 0.0380211142416351
0.0973746812384501 0.153573262856159 0.129971247660731 0.029965607053512
-0.098060282012997 0.16167588566127 0.123727261759309 -0.00544241596974541
-0.117208452702551 -0.0130142159937487 0.216521732396099 -0.104000825091272
0.0558368471984889 -0.0410168868357017 0.451356095724383 -0.162587115257979
0.165726578192773 0.152117648804664 0.434668405449801 -0.0737783269610038
-0.359390284983609 -0.0430412643613759 -0.326243901560547 0.0689771938717587
-0.233664081881961 0.105690529141733 -0.543712198941429 0.168567098685991
-0.0164496567949933 0.130297812155726 -0.207955794336462 0.18723826628471
0.0603100216995444 -0.0400595842384893 -0.0771093394667226 0.0312123013335323
-0.0784902649597486 -0.0610399317369564 -0.124663930967734 -0.0701658762963926
-0.105026646090461 0.0518223286648363 -0.209036736238334 -0.0628251181442281
-0.058436566280344 0.0974325571351617 -0.219356156216762 -0.0447747063648829
-0.0394002718122057 0.0824266190983247 -0.213925815739548 -0.0651926684818393
-0.0311972899161623 0.0860046037723518 -0.237958623463924 -0.124395051553701
-0.0644059988044285 0.0572097346860413 -0.239553967748152 -0.169827011966763
-0.0415393796889529 -0.0288880202001363 -0.192654309400969 -0.213760306690317
0.0973728093889619 -0.0506338961811646 -0.106626663890521 -0.221979490811858
0.131820577052767 0.137226805843349 -0.0608492002304055 -0.208141221762127
-0.0824760837959342 0.20031183821375 0.0127212057910347 -0.0283239766820009
-0.276471655038662 0.0683441785257789 -0.228010118845809 0.273034858008247
-0.421955027812647 0.0745141721883817 -0.213010735996901 0.0491872310485204
-0.333218670156573 0.161193092622578 -0.552308323439928 0.165426255219999
-0.129305746343446 0.245964613648517 -0.182487835150928 0.27113110664619
0.0258403285519811 0.12581196001433 0.000757042930481832 0.0492668405344723
-0.0174397296279466 0.0514513731815702 -0.116676764344054 -0.10289869064274
-0.019963753672625 0.107814043789711 -0.234855707051956 -0.0662686016067643
0.0413758580424316 0.121332511528642 -0.235756299258655 -0.0122079413790757
0.0614222071471549 0.097554776948738 -0.202924532264975 -0.0204051915641166
0.0809939745003667 0.109384472010647 -0.223969063082236 -0.0842685111902265
0.0429343026564108 0.133285529683578 -0.226786907953015 -0.156326921884824
0.0292057365089572 0.0969525569625107 -0.182059422743931 -0.229945546607857
0.0859765321095759 0.10422517917983 -0.0653398524315646 -0.241179877708239
0.0735675671836246 0.248446465221288 -0.00559229544161183 -0.187312489954624
-0.148573686207595 0.283624895681798 0.0356894592404413 -0.0157284872012377
-0.350565850906129 0.194958431916218 -0.148126816059687 0.254811350860588
-0.417373271081128 0.214156470764515 -0.0780935848372908 0.00797594433350724
-0.348659549953221 0.230598117542807 -0.525118846872133 0.153231856269431
-0.194675163321064 0.343580768792147 -0.153796026933107 0.360227056216813
0.000746351084738759 0.286580880403053 0.0824544846842397 0.0978855650389153
0.0590109476465186 0.177139747223136 -0.0810285521000004 -0.102388514236147
0.0854423641021614 0.159643000415935 -0.22368370082496 -0.0509136777878948
0.145934788441393 0.128311259455767 -0.216637907343508 0.0293925669492604
0.151589368987552 0.0978034804564429 -0.159097040393639 0.0295380943340372
0.174425500128768 0.117025639212054 -0.174138540664638 -0.0364893256965318
0.136786743602757 0.187392683312175 -0.178452157839623 -0.127490819532047
0.0955799260455755 0.204616702555705 -0.148683822648036 -0.224937586322688
0.0710770181248252 0.254587116765437 -0.0188145510592016 -0.251221656349762
0.00152352994161006 0.347554484115165 0.0620885567394857 -0.18587785580971
-0.214363898913841 0.329268230547804 0.095999179526605 -0.0327307885166437
-0.382737066912488 0.281154473799746 -0.0335129347205789 0.206636502221668
-0.334809224638188 0.346545298998981 0.051426459795369 -0.0665917430532398
-0.277711234121485 0.290028112689115 -0.462885499854877 0.131326513249533
-0.191170969453467 0.399502706522139 -0.103186329449059 0.417395422970556
-0.000987677667878776 0.400814993383188 0.157950274692613 0.144276674717355
0.136459339193355 0.280573780289111 -0.0258360982461093 -0.070381240460293
0.190646017799616 0.192558107788205 -0.169823886891486 -0.0146118617329015
0.236099829898531 0.115740329506641 -0.157886691994692 0.074747446682865
0.218183907701998 0.0821091469522278 -0.089349505321177 0.0768906393862542
0.234976659989939 0.104720858382459 -0.100486035209238 0.0126112932538793
0.199764477234146 0.210405576485634 -0.104904545715444 -0.0868228151956203
0.140768062939654 0.273594543934142 -0.0931725943530356 -0.195315936985162
0.0470899678757202 0.362433012487675 0.0347966584831844 -0.240065209759936
-0.0733018205921125 0.401457006662249 0.132091983117754 -0.18520838232746
-0.259165272189399 0.327393577920217 0.179278783507603 -0.0707083639284638
-0.362174775217049 0.318431245719231 0.10291662081555 0.138062074177819
-0.192791230659102 0.417499228629942 0.150401425326576 -0.166895298228277
-0.158718985573028 0.280251545512221 -0.373971780174585 0.100534502652913
-0.159955144741891 0.373173530977072 -0.0295784223792439 0.427350458829896
-0.00698480920809479 0.43717219530188 0.212353999540596 0.168134492556986
0.18934396770014 0.331014299628276 0.0357622872900895 -0.0186067643328309
0.26452320484117 0.190543991858642 -0.0795846453972686 0.036549478457954
0.290936980755571 0.0851091364630225 -0.0634930478374966 0.114723948471719
0.25079457442725 0.052905385202475 -0.00440559891180158 0.110914216163311
0.257346871284756 0.0742235264010793 -0.0183257572713795 0.0515912407127497
0.228223515124952 0.196447481168932 -0.0225035557305912 -0.0447109028038681
0.154920144514505 0.293756153517467 -0.0235020465630179 -0.14725717247204
0.0058672476653019 0.39842218865374 0.0911814363343998 -0.198904740692871
-0.139605076837445 0.377563145846248 0.194186293655004 -0.168779748231466
-0.25979374070626 0.263708130920696 0.266090290037267 -0.109629109761277
-0.281686412537201 0.30659456736442 0.237801274197631 0.0646738581890166
-0.0262094136573234 0.386637689627533 0.202923622995906 -0.263288411059745
-0.0478584673753187 0.175958476654138 -0.273187532304517 0.0712007686417713
-0.14870989755983 0.271728715492293 0.044655480116862 0.384205634827836
-0.0354655987605236 0.400421819090442 0.230944155526047 0.168306460095465
0.196696799112688 0.321859249941363 0.0888773789300183 0.0441900679679732
0.283484564078552 0.155283914592517 0.0284720988205853 0.0931189360848299
0.293642703380283 0.0441367287851278 0.0468565641643461 0.142499817385718
0.245904056468739 0.0164182058274733 0.0815123176274111 0.128840823494165
0.246759429830003 0.0321194781574257 0.0566483282025027 0.0740296401295581
0.226536412217201 0.153086808708651 0.0527558251162127 -0.00784648259078865
0.146950691081023 0.268533791069836 0.0443858501096542 -0.0875093276991901
-0.0447278787561795 0.362403575602689 0.133255203224032 -0.133262437013395
-0.181404454672955 0.278541230830946 0.231789407726853 -0.135413478778703
-0.20434173121657 0.155716287735431 0.341710406417086 -0.136022737034639
-0.151495965177123 0.263881745277573 0.348558302153696 0.00127892053304318
0.129802916622157 0.26223074345226 0.21078266217675 -0.325760537064923
0.0202202123578209 0.0119830105556898 -0.175496733791947 0.050298982374013
-0.161823607221085 0.135006592784339 0.0904697327625273 0.310797146875974
-0.075800254461226 0.315896743480525 0.206841119959202 0.165540879323567
0.164095116389651 0.260666395608859 0.125837594331686 0.114535318667534
0.243243575682733 0.0930377268139412 0.131458985691106 0.144095555636616
0.24333034561937 0.000160075913932536 0.150542232929649 0.153761746742426
0.20541309092774 -0.0208088612797778 0.154271848326524 0.127570817529207
0.209566591433464 -0.0161505198484902 0.120393343659266 0.0789896083464351
0.207266045447961 0.0937190313994113 0.11508632665771 0.0193610995779855
0.127664819878427 0.219171338429784 0.097671597325598 -0.0264835853144647
-0.0844507079472285 0.278881290729483 0.146942351280789 -0.0599851369641054
-0.178030656093923 0.134021425302084 0.237990395736025 -0.104014713886287
-0.0916311848366726 0.0410219068193488 0.406236193931948 -0.150240030496053
0.0103605929160855 0.207054264132131 0.420965013736223 -0.0433867211530788
0.252928351551924 0.0887610540328753 0.183917389713081 -0.336408935887371
0.0577761978009521 -0.148048454488387 -0.100559132020307 0.0343995030224755
-0.160671277792596 0.00171850571922546 0.0908513654287099 0.241341430476718
-0.0968748869168643 0.194899557348874 0.155137087098498 0.179272910544783
0.106702230409031 0.156475813297254 0.153210963186789 0.182968292652596
0.159019563711002 0.0159939630437215 0.213011254221038 0.179671815914524
0.149769257022982 -0.0429325213972231 0.226351106257262 0.146288861085318
0.13383438024473 -0.0552607361906131 0.204986382954493 0.107449382378757
0.15187955163932 -0.060543821905619 0.17239823109825 0.066172061168336
0.172470485707154 0.0310462746059946 0.166179261683894 0.0364383553181661
0.103214206628723 0.154940647577965 0.132437411358177 0.0297012631305848
-0.0976830708751281 0.16832676396861 0.127649829866495 -0.00425522576873479
-0.120922199935642 -0.0114500863604798 0.222154640797316 -0.106789678222839
0.0579558153659352 -0.0425058688598463 0.458894203874855 -0.166211948723882
0.171030255770638 0.152303667348386 0.444666992591851 -0.0747717153534817
-0.364165249040857 0.00985151933281557 -0.32558471738705 0.0594811543288237
-0.223418619529878 0.144668952223789 -0.552759651979495 0.197628684117453
0.00211430537094397 0.135404608081988 -0.208132798957131 0.204508775051413
0.0529533278581455 -0.0489100270344546 -0.0740890373517423 0.0431135666519583
-0.089572038542807 -0.0495777681886537 -0.12913450780864 -0.0661650316275246
-0.102091444347042 0.0677467364307973 -0.219255771052521 -0.04817435017585
-0.0479482390343606 0.108390422690316 -0.227641054042443 -0.0319679922085601
-0.0332700912303691 0.0895728243235197 -0.226251298547843 -0.0495591902259913
-0.0211835638388625 0.0922735507439935 -0.259330754291299 -0.111631355363993
-0.0555142940276997 0.0668580131361682 -0.264856815291197 -0.161740148271601
-0.0435842604982382 -0.024507657113125 -0.217891659060698 -0.208814731596811
0.0947566109783348 -0.0646976490079692 -0.133081803158965 -0.223343293365049
0.153889115512341 0.124140463967912 -0.0906690335906328 -0.216002636501563
-0.0678249075127163 0.217393239544461 0.0239940590935479 -0.0374123089125003
-0.287473756196155 0.0935787236933753 -0.197558465953751 0.3060929116192
-0.411461812439329 0.129730383959471 -0.21911746241776 0.0271796893443137
-0.317022575500024 0.211088891359303 -0.563749364031814 0.189203059094637
-0.097387757353332 0.267633305960557 -0.182696941394508 0.276650370536544
0.0414033940287641 0.12338425377927 -0.00487589771640885 0.047286059541839
-0.0165956018115915 0.0570277704935978 -0.130705561179966 -0.0958931185977434
-0.0112157212755896 0.115786421059826 -0.249849133672999 -0.0448721484092473
0.0560273692564403 0.119931235965677 -0.245943291680198 0.00832020732494975
0.0691746387589854 0.0954540660071283 -0.209469079612439 -0.00262815291220714
0.0947070170635965 0.102804412888441 -0.240793525317593 -0.0704490366931603
0.062170647695173 0.132212534032148 -0.252739439491141 -0.147522566123265
0.0420226715034109 0.0956326489525436 -0.212126765128153 -0.227006475265271
0.101308499525605 0.096656199608429 -0.0942654356775638 -0.25175529567699
0.104427459181387 0.245079803704758 -0.0274732943039823 -0.205952223042047
-0.129210096918286 0.309592028209697 0.0552748839286619 -0.0291703937203663
-0.354523347530605 0.232699908473209 -0.107796448364709 0.278713702809176
-0.387716087900801 0.265312389648906 -0.0946651756727621 -0.0237853608079119
-0.325313730640494 0.279790567744902 -0.540710825332106 0.17524881586366
-0.150198117085471 0.375388362660481 -0.152939963304515 0.360331968445613
0.0398420817118706 0.290072419875242 0.0703655265483891 0.0846868241386399
0.0749912870681198 0.175103626768 -0.103353308906853 -0.0929927115897267
0.10088999819472 0.158154621045343 -0.241498664858898 -0.0260872756069382
0.161688776195383 0.114487494611742 -0.227906794589629 0.0549407663945915
0.159888428765002 0.0869837527173738 -0.158637255178917 0.0467950569500926
0.189240234513873 0.0997929399608006 -0.183501336001037 -0.0233992203603379
0.162461031234469 0.176759179175217 -0.202224035032934 -0.120283298927404
0.12126299995126 0.197108190508546 -0.180769212818169 -0.225060309319139
0.10312258722375 0.253039265796166 -0.0490466971077534 -0.271186580806424
0.0395874075773842 0.354101116381558 0.0469468925228883 -0.215823065295061
-0.192825235157022 0.365304656561132 0.123283595802473 -0.0537894535112044
-0.379803924752291 0.326595015634546 0.013160975874232 0.216322835002955
-0.290338690411377 0.382969674793272 0.0219521045328704 -0.102229599483247
-0.248296511481407 0.331230416270903 -0.481415209710346 0.149325743303522
-0.138576452153502 0.431124345681975 -0.100276579354868 0.41540917924429
0.0540677245738552 0.405171266687842 0.142548253473011 0.123949052433419
0.166442409952662 0.270292362447564 -0.0513099607485567 -0.0596151229424656
0.211202427311213 0.178889473468891 -0.186425205664289 0.012746438820631
0.252320159099474 0.0891484844857464 -0.165886884880342 0.101177109493515
0.225242411069628 0.0643921434706693 -0.0812545779445638 0.0899343419250075
0.248380436677173 0.080005850327521 -0.10131630409015 0.0214203047095443
0.2294223680579 0.19272991809777 -0.123434425008522 -0.083820596985763
0.174172964939833 0.26230020638857 -0.121074648272643 -0.198735238748238
0.0916265913032385 0.366387976951402 0.00729201339501893 -0.267522277396795
-0.0318227323370993 0.419973194289927 0.125026573080607 -0.225933173715227
-0.238962951910204 0.369174197398873 0.210431781545458 -0.0989304549574386
-0.35302954839257 0.365690270348984 0.150998340518426 0.132590373376284
-0.139862788551421 0.431908840908533 0.110592810305947 -0.200165976885306
-0.130115004507542 0.306366886837875 -0.391978765505679 0.119931815722773
-0.111107392832073 0.400091876669095 -0.0237423322971603 0.421061316226424
0.0555374366724721 0.444082624518935 0.197143834683754 0.14174528928723
0.227289186598219 0.315075495541993 0.0116175351445237 -0.00876014913319463
0.28657364160097 0.168264341643156 -0.0904899836438446 0.0607976744045648
0.304044341346376 0.050042129990006 -0.067589865527181 0.137840180260972
0.254603512325997 0.0316126161890135 0.0102173815408743 0.118928220033875
0.265974377585627 0.0472014400172121 -0.0124808885871067 0.056197515605048
0.25421054482674 0.173705543499559 -0.0331690253680577 -0.0459043774781951
0.191202807734856 0.280849070011024 -0.0441723011749065 -0.154502929783891
0.0527552238985259 0.409492470215106 0.0716662727347228 -0.231146879243199
-0.103882796721822 0.404328151229755 0.196087178694769 -0.213663150713614
-0.245447765872986 0.305597501957955 0.296141141480567 -0.14342665983953
-0.268262332911164 0.349070740295392 0.281484116785907 0.0442501705114261
0.0209976001946766 0.379192006062077 0.158319266398269 -0.288553279998836
-0.0314014537319759 0.186644578760188 -0.285438150257614 0.0904383953656357
-0.112439052669855 0.295292856457312 0.0574361342167918 0.371451342986456
0.0218911249970355 0.410187581715544 0.218184742277104 0.140444037125403
0.236420143163329 0.304246690259153 0.0705679437487425 0.0518520947050647
0.302816288777179 0.128413382877646 0.0251638383034849 0.109826095343063
0.303034304619935 0.00678182793845176 0.0485464851167934 0.157175282655379
0.24748206069812 -0.00516329353223367 0.0997712881263944 0.129854680628572
0.249738176816807 0.00422715101558179 0.0672891051167878 0.0734986540066731
0.24643688775789 0.129530606750037 0.0482848829122 -0.0133464159018879
0.179251793894568 0.257102130895039 0.0318756464159703 -0.0971310320020346
-0.0027637518179571 0.378889643307949 0.12459683534573 -0.164510228933595
-0.156463094714904 0.306990724563301 0.240880416165206 -0.177348471677594
-0.197925566912976 0.189116215021761 0.367858952578884 -0.173216597301202
-0.134851273865157 0.292672454486634 0.38353649416419 -0.0301179905854805
0.160606613532827 0.235215216884733 0.170366595009586 -0.337901525911731
0.0173432552094944 0.0115058046779197 -0.176889546964278 0.0663772673275513
-0.14294851912267 0.158455446966415 0.109476401036136 0.294605564102624
-0.0303287455070911 0.330366992193262 0.201071268466974 0.138683213472907
0.19859256042816 0.244553954125834 0.117480393361547 0.118886096991232
0.257331948345201 0.0675315328360281 0.137760162628473 0.150557857057263
0.24636335581999 -0.0325576973665517 0.158021900652831 0.158613025253699
0.203729180616301 -0.0405822353719017 0.174374175236124 0.121320468516489
0.207224546997055 -0.0407722088835583 0.132834424235108 0.0738538364434769
0.219851687568762 0.0707853414935405 0.11648298788751 0.00971363961462047
0.154364239156885 0.207683795303472 0.0942855996170218 -0.0374663184999762
-0.0538348213744322 0.298156892315025 0.148354172829691 -0.0863065802415144
-0.16861526645349 0.160808795304133 0.251192250742001 -0.138073610530933
-0.0915838849516515 0.0591410954977106 0.422742737681561 -0.190705930476183
0.0295572515786907 0.220593054147017 0.445212181884683 -0.0828430721007952
0.260971198845892 0.0480748163336676 0.153207850931495 -0.337162286678652
0.0363291387467301 -0.154365410137015 -0.0916645132864697 0.0471689473702106
-0.158125416067794 0.0236541119054986 0.112811618243501 0.225318903127669
-0.066926098217982 0.211335004920696 0.159230948050149 0.158898156605756
0.130501833636147 0.145585905589297 0.159307044607472 0.182404851238476
0.165089711146324 -0.00273561909883961 0.228101013450412 0.174048189314151
0.148237734418073 -0.065096388646123 0.239670637463781 0.139514374685073
0.129903379594658 -0.070145889444992 0.222780928522105 0.0951865264743741
0.143462081353763 -0.0804510041358562 0.184328692583478 0.0563527747271904
0.177578417195977 0.0102950262714537 0.172751235667873 0.0238485253556417
0.12373019444157 0.146460121271562 0.137389406343319 0.0182328740568568
-0.0801782778084045 0.187039106258595 0.135749523178854 -0.0211043411945745
-0.124701050284145 0.00628575679059888 0.231609661977896 -0.131384780878991
0.0567514740956577 -0.040494656677334 0.467020561556092 -0.21226631073455
0.194202900509965 0.149189357243075 0.457252181822088 -0.11911518129808
-0.366789004369276 0.0330784821868485 -0.328791454844681 0.0740357311788102
-0.216951939682595 0.159175923034961 -0.550608637536693 0.232664747911401
0.0108311597597371 0.136466140692594 -0.200603282636785 0.218093254661394
0.0484635435390569 -0.0540499274849391 -0.0724432617364122 0.0461182925572451
-0.0941170390301746 -0.0428646590575249 -0.133797966564046 -0.059109331939938
-0.0971346656540593 0.0768560948301078 -0.223233782191935 -0.0324414515331807
-0.0409006176930542 0.113630234396292 -0.230934630757738 -0.0174857936558788
-0.0275093060738231 0.0946700467374218 -0.232123986977748 -0.0406894685641373
-0.0145743963721669 0.0964497616091364 -0.271065355862728 -0.100251919937484
-0.0509242740918326 0.0739400368356152 -0.277436461749621 -0.149186093327357
-0.0472259379657568 -0.0196050307939426 -0.231308983950618 -0.200766172958103
0.0890792450403279 -0.0718981552325673 -0.148536768035204 -0.220078441258721
0.164172805177017 0.114341814736318 -0.105951332529041 -0.211729446266335
-0.0574802407588522 0.224263847774386 0.0239209503553915 -0.0387264926199015
-0.286559466147358 0.112702033498498 -0.178918823025282 0.32121725030406
-0.407697515285627 0.155579707263821 -0.223223784747912 0.0351515721384611
-0.309550384794471 0.231828708437043 -0.563244915077018 0.225139944450828
-0.0821831363507496 0.277020256499789 -0.168107249200753 0.289773567411102
0.0484838058172481 0.121833424743173 -0.00131065748242194 0.046231749082996
-0.0137082207556964 0.0612808661521957 -0.13790940727001 -0.0892774404484593
-0.00247717289291573 0.120039855778117 -0.254967022918438 -0.0270074101561212
0.0632408689443884 0.119905789165268 -0.244559644145429 0.0247973535314507
0.0756930343098904 0.0947359763634189 -0.21176167164468 0.00742634774779127
0.10269256186252 0.100416678719909 -0.248228662269621 -0.0586020770604959
0.0722071481617889 0.132513013322694 -0.264779891906997 -0.134697006296558
0.047149634522814 0.0970027258848573 -0.227810796228762 -0.219353520192665
0.105709391342494 0.0922375040879165 -0.110724560988841 -0.252494439152367
0.120629132354506 0.239773333666719 -0.0405068972997269 -0.206324729559177
-0.114538250294271 0.322883674419145 0.0574958374204343 -0.0320565387395706
-0.343849985970931 0.258675779558298 -0.0889128215182787 0.287434137977099
-0.374602931395677 0.289349788290207 -0.100847098481772 -0.0239467184716099
-0.315225702198153 0.303831201717409 -0.538816336577308 0.207918262986576
-0.129811955158454 0.389469757604398 -0.131470287453122 0.372605829290069
0.0572090722364567 0.292068153492538 0.0783383812325485 0.0791449477889295
0.0854865285347026 0.176074206906018 -0.109677095073369 -0.0893648794223573
0.113217667232182 0.155506812612435 -0.246524779381728 -0.00730764286935642
0.168794669629925 0.107346806162253 -0.221805440122445 0.0708283365283799
0.165752346778713 0.0798707226769823 -0.156686022578352 0.0549604267843654
0.197439581404724 0.0913726984992543 -0.185529565639115 -0.0136586723226304
0.176424303540042 0.171144876973804 -0.210686476783623 -0.11028069469624
0.13411551656334 0.196072861372237 -0.195609842553432 -0.218022749650847
0.117802998497968 0.25113038936974 -0.0664646070769905 -0.274427595535087
0.0598085387056863 0.356056768464123 0.0357523259754322 -0.222368341057648
-0.176642487644712 0.382886250263906 0.125090467314583 -0.0609683916892421
-0.365763911920026 0.354185832338548 0.0304555231282452 0.21794499602809
-0.268777056290614 0.400641238829299 0.0127200424946166 -0.109478167671843
-0.234317240145085 0.350792751417973 -0.481019121723474 0.182240631387287
-0.11581382340868 0.446208355097185 -0.0743333182914307 0.425166420976973
0.0788200009512245 0.41019141348782 0.154011192361669 0.114629963557281
0.184738118550096 0.266982407399685 -0.0564498903476397 -0.0588231047196097
0.226216301760385 0.16907244697691 -0.189029224373012 0.0276099986329514
0.258083480305708 0.076002755316887 -0.155042392237176 0.114469135126035
0.230050567620709 0.0526762230996941 -0.074731296734331 0.0951307645506393
0.255092828793005 0.0674043978820642 -0.0992058266428398 0.0276095251998561
0.244128485044486 0.181700452206424 -0.127990800696244 -0.0770206167986471
0.192466971183868 0.25895450657385 -0.13402835208067 -0.194319408166067
0.113133734471369 0.367718627659157 -0.0073271004757085 -0.273623647986885
-0.00925399585708487 0.426095854995766 0.115255735874924 -0.237649439789217
-0.221808588946596 0.388393634899898 0.2098137646299 -0.111894940685431
-0.335198990062988 0.391891831304503 0.164129217403816 0.124737432841024
-0.114915998016005 0.439618697522107 0.0964252605318393 -0.212411143504671
-0.116320253826036 0.316488240658209 -0.391867490292385 0.146450337170741
-0.0894872736498147 0.415463161611765 0.00348169282666907 0.425886457391889
0.0830051970083456 0.449537819282322 0.210706402853086 0.129698733246854
0.249614166382508 0.308321487093264 0.010367147194144 -0.0101095315763761
0.301252792112559 0.152578603672575 -0.0901453728775395 0.0704529320851761
0.307085509006619 0.032749015665633 -0.0527520417912813 0.145782454525571
0.257871200611245 0.0164440544022105 0.020169925180045 0.12044785455776
0.270341645622392 0.0317254913339151 -0.00706968264752851 0.0581907387491837
0.268809040915273 0.16161808459904 -0.0353904353495487 -0.0443375645048151
0.211141374424873 0.27534597604924 -0.0534251401458486 -0.152991389546567
0.0779924688663858 0.413415661573282 0.0597558803864354 -0.239827563028982
-0.0830540753682735 0.415212370658113 0.188349651612536 -0.230116036644901
-0.233014418662217 0.322443046792018 0.29405522529925 -0.16175627152668
-0.251462891723462 0.367842889336355 0.290741159082486 0.028423247593906
0.0465694377591956 0.376128658889721 0.139752882574476 -0.30223066693802
-0.0240819519300969 0.189126088422781 -0.284826593307355 0.109957129320865
-0.0974774706039771 0.307797723433191 0.0829428715791192 0.374206641690297
0.0471287839642765 0.417942525622296 0.232193258639385 0.127392667351869
0.25891587286545 0.296403161796552 0.0730072566747549 0.0487245322926133
0.314259675842554 0.110135990778426 0.0296700935251303 0.113015620687659
0.303879014063498 -0.0124375510396591 0.0640371775655539 0.157961110172675
0.247748534400118 -0.0214158113126641 0.111573225198081 0.126581572826505
0.250751317725511 -0.0104476455372037 0.0752228203893105 0.072186140060288
0.256945795253341 0.114850010246693 0.0487253682866689 -0.0159013656565992
0.197696797729523 0.25033600492663 0.0274870835571916 -0.0999790069619075
0.0209182501017717 0.386954642801838 0.118021521783541 -0.174249104968784
-0.142158047029676 0.320612603502636 0.236705614048876 -0.195759130959688
-0.190174046815962 0.201366450254496 0.364466029513299 -0.196398592100134
-0.117436647416341 0.3019641586243 0.38911959291893 -0.0536959635216675
0.177586221088416 0.222701176388218 0.149957210663504 -0.351389468249059
0.0144434917781715 0.0100827543191807 -0.175953928796996 0.0786145338920923
-0.136041216250144 0.170491255380498 0.129536011773243 0.292560375884639
-0.00990712829094056 0.339745191989916 0.213739098402175 0.127526873378718
0.216898439688516 0.236003442911173 0.124481803311151 0.115176509536749
0.263341206167385 0.0506691485811714 0.146511544864899 0.147444103055901
0.245073087202293 -0.0497110304247937 0.173255539558375 0.152153504560168
0.201073209522312 -0.0539289986439905 0.185683323000216 0.114271399140457
0.204401517682011 -0.0544520422575145 0.14021506736113 0.0690146285820237
0.225924523382119 0.0559433955106929 0.117592486790138 0.00316184573847212
0.171501256317042 0.20108775733352 0.0937076889807543 -0.0430337634162518
-0.0358673256938953 0.308387316702737 0.146899950644865 -0.0952698937313036
-0.162622406295493 0.173145749445941 0.249053691504799 -0.154294180884132
-0.0891982577214158 0.0635341368160753 0.417644326051979 -0.215267822356505
0.0442510246658345 0.218983277759186 0.449002259853652 -0.109069624341584
0.26803369921774 0.0278476103688291 0.133291392472369 -0.347638347288609
0.0242018792552841 -0.158711963895199 -0.0900635595926405 0.0537048886340144
-0.159390558961495 0.035068343036708 0.12847906849193 0.222790855629898
-0.0540848466540436 0.219865240226688 0.172268159599831 0.151704527315819
0.142116352080299 0.137791846943849 0.170072063311887 0.177308976817055
0.164782346270883 -0.0155145769210129 0.239297928688011 0.16513740703074
0.144469581160104 -0.0773421225414576 0.251054055269938 0.127740114390336
0.124867655280261 -0.0797288860195347 0.232567568522556 0.0861122222515946
0.137693508824923 -0.0919508506773638 0.189758768706924 0.0477520429609451
0.180297086665284 -0.00370649766912253 0.174306430943282 0.0127451247118221
0.136676182576784 0.138998964028182 0.14002575657506 0.0115677303746631
-0.0686218435062654 0.197380200576554 0.13862896166378 -0.028084749403321
-0.126515852785404 0.0150251226262173 0.229394255664627 -0.146303194889571
0.0552783503800888 -0.0460518393024569 0.460103005860718 -0.238889543416225
0.206291010845667 0.137781930897145 0.458823966275308 -0.146139733231728
-0.357122312950869 0.0566975986414784 -0.321052763606475 0.0877086011517387
-0.202749208781914 0.169872956878627 -0.529026135378171 0.26315523356115
0.0205044987960066 0.132921884732979 -0.184704117287263 0.225328098367571
0.0429032463009614 -0.0581333826538069 -0.068236638081297 0.0485079062267527
-0.095190050051024 -0.0342297451167568 -0.133687942984438 -0.0507708046269433
-0.0876674850837362 0.0833764745658763 -0.219131554467578 -0.0149687924157421
-0.0316284444648254 0.115472384983017 -0.225827650364306 -0.00189449825804726
-0.0193037312367667 0.0969381685545225 -0.231668111833892 -0.0271721589902298
-0.0071472026243235 0.09783516668289 -0.273084826080655 -0.0827786808936935
-0.0442061359604028 0.0788130018107133 -0.281205435390198 -0.130750288346588
-0.0496631337059475 -0.0141821633350073 -0.24018230840609 -0.184692581604957
0.0800462488505468 -0.0775703956004073 -0.160267876247627 -0.208938607025289
0.169399571882626 0.0990264035053417 -0.118360115088336 -0.199004686177642
-0.0445422476426995 0.224768921963101 0.0235692029020461 -0.0390620920351196
-0.274745313846993 0.130219749242971 -0.152062350173225 0.325409589193402
-0.388656892457747 0.177361416087368 -0.220832398413183 0.0424486757228008
-0.290959631683782 0.246126943500517 -0.540924325959176 0.257330526622882
-0.0625523351072668 0.277305816638539 -0.147111791679875 0.293442165025336
0.0541380034587164 0.115885188639304 0.00257890613259526 0.0431208711791829
-0.0101820434037142 0.0638207261294964 -0.140137282534877 -0.0810467711390866
0.0075261701036181 0.119921701244484 -0.250476255485491 -0.00735117776124428
0.0691647212366496 0.115487959939593 -0.234945522202124 0.039982551240989
0.0805102389231079 0.0895128828697776 -0.207920543062782 0.0186983411322669
0.108097050124835 0.094285829684049 -0.24767969104505 -0.0431992320919296
0.081119873536134 0.12785245282218 -0.267934789075219 -0.115972470870087
0.0520079103398567 0.0953945174081646 -0.237709068590612 -0.202781656424081
0.106992419260886 0.0840719449182 -0.126141618703251 -0.243065794535127
0.132534717864272 0.226299101891298 -0.052269054227963 -0.199188966923306
-0.0933940146024947 0.324159716339805 0.0567013549103973 -0.0349996468741747
-0.322328731536179 0.276185117227471 -0.0662497587177721 0.286205341035245
-0.347811559864071 0.305799909163818 -0.103817735924552 -0.0222203237552615
-0.292916170152282 0.316876800339816 -0.519682077168788 0.24033391963211
-0.102382414119427 0.392376244525468 -0.10562792694805 0.373084652148353
0.0738317278801081 0.284243946463298 0.0842330359943104 0.0695905232105078
0.0956974306228607 0.170773459137275 -0.113762712755713 -0.0828057776323045
0.122913984344882 0.146781491920646 -0.2418093049733 0.0111216253476047
0.170747011492255 0.096242237726583 -0.207860114228298 0.0841151010037215
0.167588877859552 0.069511096089796 -0.149519410615195 0.0625953078025569
0.19934530396147 0.0782845987392021 -0.18193396558883 -0.00244752614762262
0.18543266704962 0.158633978935469 -0.212306061754157 -0.0943018218602061
0.144310219135331 0.187566037223797 -0.205544071353377 -0.203277397524668
0.129585837136354 0.240686445536967 -0.0833469774558357 -0.268103075755757
0.0801230862160678 0.344599898787954 0.0225087068687223 -0.221233629411507
-0.151293009216735 0.387350971823461 0.122198494533 -0.0671079577505203
-0.335745780101806 0.370866413110558 0.0463963841264687 0.210095160613846
-0.23592328907419 0.406048315199329 0.00252963603949816 -0.11222496452925
-0.210428828974245 0.357929451821106 -0.462677966148181 0.209592121812998
-0.0861064353068038 0.447190375077055 -0.0441359230504189 0.421584873852877
0.103776547343983 0.400412152102729 0.160536516394958 0.0989377343272351
0.199632507885995 0.254609746562452 -0.0596861528833168 -0.0567252538022828
0.234566320561647 0.151612400782675 -0.184547966504528 0.0427149889980449
0.255579710061859 0.0594345825607861 -0.138793564733999 0.122720023194456
0.227677006884189 0.0381814512188302 -0.0651313815257268 0.0975245856209726
0.253895565576203 0.0513454608186196 -0.0925345104309274 0.0328837235846903
0.252583473935485 0.163403440626248 -0.1293757615477 -0.0671190078745876
0.206041247272852 0.245485037474732 -0.142985970950559 -0.183260146207665
0.133080856879621 0.356492982188448 -0.0251010394667639 -0.270483163313992
0.0164826287364808 0.419301978034465 0.100505774236802 -0.242453245455896
-0.195713643851782 0.395262163640874 0.202360729745498 -0.123865680794069
-0.302985762547035 0.406001782831499 0.172437567083423 0.111063303516643
-0.0840833314068323 0.432107723060244 0.0783830623387301 -0.216517415360123
-0.0975659458990748 0.317743362050394 -0.377844252930882 0.170113318000512
-0.0621172323259548 0.415225480731647 0.0350904461036317 0.418147191862079
0.111169885846677 0.439136248345328 0.217595380220071 0.110820192780762
0.265870170825234 0.292259813463326 0.00788101329099077 -0.0130895179896351
0.306451975655133 0.129531340442942 -0.0853986018545582 0.0788783554104627
0.300915226171337 0.0131889478867217 -0.0362268509495359 0.146486829160617
0.252290222914819 0.000488160511024053 0.0302505654996598 0.117060810558834
0.266030954853884 0.0156412281973884 0.000284388896042332 0.0577732917165085
0.273702819579282 0.140593879426334 -0.0368028462237836 -0.0407115498936767
0.226291321422713 0.25951305707637 -0.061453874361868 -0.147155321391166
0.101429530223812 0.405280594689989 0.0446545055212798 -0.241175493928147
-0.0564147694917094 0.413608076888057 0.173305386517411 -0.240438720338649
-0.20926286045175 0.331771089148497 0.282310934868921 -0.177345207044373
-0.221058871673728 0.375972330958198 0.291218107355891 0.0087513323939117
0.0679595855491601 0.359054444982473 0.115335158289846 -0.3059437846722
-0.0159599116797606 0.186791019581019 -0.273883998937909 0.127163208750977
-0.0774176850484249 0.309892691724635 0.107665944200607 0.362417320963137
0.0742470174293058 0.41122353018697 0.238100954240172 0.106705250282284
0.274999980511389 0.276806781674607 0.0721123839077723 0.0433697334798599
0.315451530189173 0.0870072408337381 0.0346246741121057 0.112714531981614
0.294281553309803 -0.0328828376490981 0.077937557037277 0.151017345007655
0.239566482462067 -0.0368082170166333 0.120499818004544 0.118278716393559
0.24313945656201 -0.0258335708376837 0.0807424055236406 0.0670461515658295
0.259662426739665 0.0948246678856597 0.0470266376418895 -0.0187472415337181
0.212106600876237 0.233734441816174 0.0211283854805734 -0.100004316488524
0.0457384992035185 0.381473386884189 0.106128224903173 -0.179255712134139
-0.121651126712605 0.324379262034965 0.222853394350231 -0.20897207889807
-0.174822335810959 0.207722418913281 0.347884579922595 -0.213852785170371
-0.0950068815176787 0.3020911990137 0.382234415069461 -0.0754161678501177
0.188104067142143 0.20063777399557 0.122564595866083 -0.353149629300828
0.0106574591402086 0.00816409084473238 -0.168212421248684 0.0897381068670217
-0.123939585549468 0.178201780512006 0.148264126574659 0.279052918474053
0.0134382380406751 0.337954297114339 0.219114502776415 0.110059945435794
0.229465900934702 0.21938819790159 0.127402491952853 0.106914788933154
0.260344931245932 0.0314020073666145 0.151619684494703 0.138682914779587
0.234355215874054 -0.0654731259972049 0.18267180810114 0.138977643846187
0.191912335383839 -0.0673169762893076 0.192581250853675 0.102481318330345
0.194887408155169 -0.0668673746363422 0.143545610188772 0.0603380047238519
0.224838021566174 0.0382476719702166 0.115323896035425 -0.00388710435385653
0.183252566600541 0.185911951991765 0.0895425183764427 -0.0480201039352469
-0.0135943168313881 0.308180563057148 0.139985185994333 -0.103462528797419
-0.150354652964367 0.181291496067504 0.23740755618551 -0.168752620466466
-0.0846119509901615 0.06592882994385 0.400293419001901 -0.235655183813493
0.0585354979603981 0.21012113177323 0.436795148540429 -0.133584211446915
0.264165174914214 0.00465157413798238 0.107748425704355 -0.346678255045785
0.0106417911260683 -0.15786592004318 -0.0851882983710814 0.0600611251417545
-0.155050177844913 0.0451670385064636 0.141120477755685 0.211953950676259
-0.0372712974787557 0.222855062213585 0.179382057911977 0.136819655169213
0.149367890117929 0.125909123871939 0.176275269300697 0.166272373894655
0.158496742574483 -0.0274038684399967 0.244289497463585 0.14940587525176
0.134912296184762 -0.0873718810323998 0.255916704884228 0.111333296459524
0.115382400200966 -0.0884279064626859 0.236275365438887 0.0718192676320538
0.126609910947173 -0.100316956168819 0.189933553786892 0.0366723705246982
0.175729138475973 -0.0185860095309469 0.1709750036252 0.00118339820439501
0.145925885816115 0.126460296281736 0.139363693392315 0.00192688045137099
-0.0525498359314852 0.201101050974822 0.136734681920788 -0.0358817569964624
-0.123728560259558 0.0242019482387994 0.217298508769484 -0.158716304870818
0.0520755794436707 -0.0507610492105735 0.43909694975017 -0.261084363625886
0.212289932531581 0.120238456429956 0.445011564290364 -0.168258222948821
-0.340526456280501 0.0707133881581288 -0.309189123894919 0.0912131047402695
-0.188316315705041 0.171296657996216 -0.499481348949761 0.275583369673335
0.0265831506137026 0.126390916896054 -0.170685201026735 0.224396310720705
0.0373095831450194 -0.0590717360441749 -0.063549986390096 0.0478406812439963
-0.0926673811986085 -0.028180140908302 -0.130910060948836 -0.0451592153497926
-0.0778025604369464 0.0853282411363757 -0.20873779419374 -0.00430604871953399
-0.0244383634826145 0.113807034994645 -0.215108393264089 0.00736157552195061
-0.0132369184658283 0.0957767173463961 -0.22543946181956 -0.0196114313273327
-0.00061075772486931 0.0964744569894391 -0.267485430283729 -0.0707989523837734
-0.037490870551777 0.0800751936705834 -0.275634422980513 -0.115261877595654
-0.0492680942076908 -0.00918864277769969 -0.238688570825718 -0.169480584406969
0.0708128194532076 -0.078290523303603 -0.164986568072064 -0.19559947966431
0.167084739652598 0.0855210404874691 -0.122248563609546 -0.184020156774018
-0.0344702269227732 0.21936641807578 0.0240166178074237 -0.0389820374033152
-0.259207270433769 0.137670220832315 -0.129932324650404 0.317909507336884
-0.365246555330894 0.185365470095553 -0.214657661899169 0.0443969789379243
-0.27088573449553 0.248014443992156 -0.51146335146662 0.269852622438072
-0.047560483413983 0.268846774088551 -0.130739599489181 0.286729942549808
0.055851806858907 0.108540127575703 0.00488960374087073 0.0387383203333015
-0.00665850185785427 0.0640898356301155 -0.138188325420175 -0.074654693012627
0.014667990462003 0.115779667448724 -0.240447177925873 0.00611141451315597
0.0712474329555988 0.109903129673306 -0.221061082708734 0.0484848808962067
0.0816103765451915 0.085016837543261 -0.198901794332981 0.0245803557680345
0.109225595998162 0.0877786469601424 -0.239979932497946 -0.0326869616713569
0.0847469732315852 0.121659346291333 -0.261497276456427 -0.101177973168637
0.0534690981596244 0.0926590595553498 -0.237543675888758 -0.187078828076187
0.10373441731777 0.076341145538055 -0.132761090333099 -0.230262438443966
0.135568335184889 0.210088610704453 -0.0573790355504512 -0.188409593992659
-0.0786838606281226 0.317393395538704 0.0565726278351916 -0.0363300422620307
-0.298626844130582 0.278906071550561 -0.0492897901762654 0.276351119728366
-0.32245144557877 0.303703499784082 -0.104337843125134 -0.021570597507855
-0.271294151032976 0.317179348729236 -0.490762836906519 0.254920303219782
-0.0818988162763927 0.381582182204538 -0.0848471239525385 0.362231191633173
0.0826263633854619 0.270919008609407 0.0847875097284802 0.0599003848354229
0.0996771989194594 0.16329592605352 -0.113834312590113 -0.0780651236268824
0.126913924412262 0.136520554598097 -0.232328320293165 0.0243057748688914
0.167204549917495 0.0876410277445163 -0.191324768616591 0.0891341654033369
0.163829042925215 0.0618163088908972 -0.139768119277168 0.0649601322936183
0.195694556857568 0.0687340011040053 -0.173862011667387 0.00416906763993576
0.187240871132439 0.146190892492099 -0.207306824753215 -0.0823535827303784
0.147720537278367 0.177712055524804 -0.206928122858048 -0.187499373384286
0.133074552867784 0.227157000116219 -0.0923146656958885 -0.256344302727938
0.0894958933828381 0.327122196896853 0.0141205601089307 -0.214453367956489
-0.131479096458262 0.379952859859598 0.117751934656647 -0.0709436855352186
-0.307254335545203 0.370351556059288 0.0558926282458148 0.198220520190185
-0.211347522969217 0.394578958399052 -0.0058164614007289 -0.110918019662218
-0.191310883780871 0.352828780124901 -0.43783284726754 0.222369095531571
-0.064669794362288 0.43526283876234 -0.0235628214883613 0.406582906531719
0.117277649295289 0.382651818599961 0.160683362438853 0.0835869006876707
0.204028973236555 0.240585022489173 -0.0619714315451881 -0.0550626765082934
0.233333355238578 0.136701629933375 -0.176500876849106 0.0521435308046087
0.246987696730424 0.0476170064831557 -0.123157057705525 0.122922973916462
0.219436211303104 0.0286979875909445 -0.0565120901626512 0.0957785908247976
0.24628357268432 0.0402394928966227 -0.0859875636090828 0.0349530750159626
0.250624729935065 0.147325290182452 -0.126109477467802 -0.0593576519694054
0.209829483033554 0.229693793411315 -0.145183788394249 -0.17050814996141
0.141792415796614 0.33918527370673 -0.0361261780312914 -0.260809627593935
0.0316658532791818 0.402393872303805 0.0875827131920035 -0.239726361767208
-0.174109582854992 0.387934088206783 0.192478512200868 -0.127527633380666
-0.273764916671182 0.401061482334892 0.173082775029571 0.0979029071922701
-0.0623700103087213 0.413320904714817 0.0626978531520739 -0.213081150033731
-0.0853387290484071 0.309218018825995 -0.356857578834886 0.181229223581402
-0.0426916374506236 0.403142124793914 0.0520514414203223 0.4007474007599
0.126874236356964 0.420595265798364 0.215794983354736 0.0932144807574597
0.271217357037482 0.27370058652555 0.00356699859018617 -0.0145373077506403
0.300504913150919 0.111904417829855 -0.0805429140872715 0.082494293181065
0.28667556345738 0.000247658034386119 -0.0236352059387734 0.141420577448104
0.240443935431504 -0.00956042224634203 0.0364115055292791 0.111838212613822
0.254600513285069 0.00450695948445854 0.00462100020964429 0.0553282299556581
0.268887186970528 0.122522159034881 -0.0361049165676424 -0.0373005495292899
0.230283307930308 0.241696887553768 -0.0649116202648346 -0.139235346277608
0.114967342357971 0.386997960885862 0.0328781560513084 -0.23548651713759
-0.0401914197364834 0.400201115272664 0.158690381277927 -0.240717196662027
-0.190161662518545 0.326916651860482 0.267147713711728 -0.181349314435345
-0.19616723104092 0.368791592667863 0.28249932750245 -0.00392967112351268
0.0805031033973632 0.33498917680451 0.0957851260502822 -0.298834275462081
-0.0117811842542507 0.179682144884008 -0.25995438801479 0.13548372484456
-0.0619749616106706 0.303564046774322 0.12013425068342 0.343330094107032
0.0902044288703654 0.396659847771977 0.234101066998885 0.0893012677127511
0.278502299071348 0.25781635609787 0.0685322334986207 0.0389161158693999
0.306387956485227 0.0689988206548368 0.036208614561395 0.110328809371448
0.277767919780529 -0.0437880773904224 0.0853986180278695 0.141605800240263
0.226558006508494 -0.0455739328720121 0.12396980537081 0.109947957961353
0.230173551477035 -0.0351395050094545 0.0829126858220191 0.0619355269303192
0.2525808859667 0.0790242127215718 0.0447179652811764 -0.0200246369294364
0.215452628789124 0.216680895961147 0.0166716942368798 -0.0973795084675286
0.0599740781515168 0.367286392689917 0.0958198429733082 -0.178470386941505
-0.105691958872067 0.318215342760987 0.208057963045898 -0.211793310644917
-0.161749556128057 0.205778172259117 0.329162070420739 -0.219115209317759
-0.0780346306964126 0.291810561250101 0.366581400821181 -0.0873708178268102
0.187355801278878 0.178317007912152 0.100896692178322 -0.342431745741996
0.00601665261074247 0.00689304178895683 -0.158605625622467 0.0943591162844995
-0.112526787115264 0.178792456792698 0.156796651158651 0.261789793361238
0.0289829526346243 0.327477611680109 0.215006066897581 0.0939558228016661
0.231617932002658 0.203367055871055 0.124848668262649 0.0990781364762188
0.249868289447316 0.01778544507006 0.150176023077979 0.130263636399916
0.220192932593287 -0.0752675405869066 0.183825586844869 0.126557324961272
0.179615271629984 -0.0734921905338119 0.192007507554928 0.0924909785131252
0.180674990775011 -0.073204719559551 0.142282380784775 0.0538728018700803
0.216678708649414 0.0245880460277685 0.109933657673985 -0.00884275345029822
0.186320332287379 0.16988694016531 0.0845007198989141 -0.0498471584630794
0.00119427820546189 0.299956674047858 0.132281468952484 -0.105896321796555
-0.137914235723118 0.181687697546276 0.223023438919027 -0.172910021891357
-0.0795223953762509 0.0650182078975384 0.375964293029557 -0.24015035215028
0.065591739462159 0.19660766850241 0.416394392326221 -0.14331517263132
0.251940824347905 -0.0116915966595406 0.0873794550710916 -0.334200585270513
0.000443529932374729 -0.152500930536012 -0.0800437527545593 0.06180013104437
-0.147705819441987 0.0517593320405291 0.146288257627504 0.199538274042372
-0.024533366393397 0.217705009516412 0.177633766395664 0.122838219650429
0.15018880908154 0.115019617779891 0.175734715811826 0.155013701828851
0.148807242258398 -0.0346765480279836 0.239832141161888 0.136142671951992
0.123675483576955 -0.0925010820684695 0.25051948022672 0.0975068445108143
0.105557361395688 -0.0904012742566634 0.232618607888841 0.0620178494667824
0.114504610769104 -0.103792801645015 0.184452575612762 0.029270128861638
0.167317397780684 -0.0282233173606345 0.162701243243902 -0.00674986599183258
0.148509991391153 0.113023154229197 0.134449661601336 -0.00411207769676578
-0.0400592977469868 0.19903158454308 0.132128527884108 -0.03974397879019
-0.118762469114402 0.0293709644198964 0.20292417795176 -0.161074212380602
0.0472537786498006 -0.0526838502546462 0.412894326068809 -0.266649653306396
0.210313534576514 0.10487661685832 0.422885957674905 -0.176822703403968
-0.325689567513355 0.0734735195245083 -0.300513198651378 0.0867610141767669
-0.179786727326634 0.167916134207255 -0.481129971784125 0.27060466715262
0.0291507112455372 0.120655432603966 -0.163150889881719 0.219056562245197
0.0333701688560127 -0.0589208012202607 -0.0609246474506845 0.0460568907224704
-0.0898046859313072 -0.0250686994236722 -0.127112966691051 -0.0436663153410155
-0.0717805224244659 0.0837656091782355 -0.199407551789958 0.000292335539744063
-0.0210039626473778 0.111965579284948 -0.207200107924996 0.0103184441479315
-0.00991206000590357 0.0948332371049356 -0.219998398762945 -0.0179270252887456
0.00307864282181788 0.0952001873836496 -0.26067798545204 -0.0667770475502112
-0.0332422193071026 0.0805358230304513 -0.267749321007463 -0.108695826477483
-0.0489376360960481 -0.00572414904635349 -0.232928515069077 -0.161849946394221
0.0646229826508382 -0.0762875910607763 -0.16280967375329 -0.188166110105111
0.16205958615225 0.0778855684611578 -0.120000651319325 -0.173594490196196
-0.0320613071340603 0.214009873315901 0.0253201851755971 -0.0383746959830714
-0.248603845242018 0.13727618482208 -0.119559583148415 0.306687018720672
-0.349706010485811 0.182811457938046 -0.210851684428956 0.0409423449355843
-0.259622870737969 0.243393791212765 -0.491717919718259 0.267948460748837
-0.0402118997909895 0.260333161921221 -0.123328761744417 0.278618096380561
0.0546054833128305 0.103783237021809 0.00546365151398442 0.0347452111573914
-0.00516594329952249 0.0631143259677967 -0.136812698078686 -0.0726486344637186
0.0181704861308019 0.112391806786609 -0.231047230378853 0.010756677305455
0.0711993757818169 0.107724243725487 -0.210261770991893 0.0487147056628131
0.0811111525176803 0.0830613510963727 -0.192544086928249 0.0241214148023198
0.108692912924246 0.0851128613072111 -0.232246036670459 -0.029903663414634
0.0858234232555538 0.118664973730709 -0.253344122298559 -0.0946467522240911
0.052834761788507 0.091854708303291 -0.232021884549828 -0.178199171241037
0.0988165658248059 0.0736546320078557 -0.133074502391386 -0.222273354392328
0.132850457837528 0.199955442514188 -0.0577274357439622 -0.180474999381931
-0.0734590610883089 0.308679092815535 0.0571041542253457 -0.03634408161609
-0.284709744591956 0.273248201978175 -0.0423071151606118 0.265346290435831
-0.306045126010919 0.295153640249697 -0.10473697225831 -0.0240165220898189
-0.260670843258846 0.309806802499881 -0.473437019652655 0.251985722125286
-0.0730710491208715 0.371044359208505 -0.0794588168765647 0.349691809183041
0.083810859657319 0.26141529764301 0.0837467452141274 0.0521987761441935
0.100341191088235 0.15875240294383 -0.113548821286179 -0.0764462658550022
0.12586436042102 0.130251236279382 -0.224087548347985 0.0291480745189079
0.163246534167792 0.0844185647284932 -0.180348931684615 0.0868364075951633
0.159706693361861 0.0592031591350796 -0.134091821881141 0.063553427430738
0.190953197858835 0.0644268579305366 -0.166727443743771 0.00510714229521443
0.184720064481 0.139816077975293 -0.200465708254744 -0.0771421765584706
0.146072750990355 0.1722658175526 -0.202421235885804 -0.179549849786496
0.129547138275774 0.21938670548579 -0.0941199455304119 -0.247899736149962
0.0889322542748586 0.314595345141712 0.0118205027946704 -0.208113590804029
-0.124320782051801 0.369873594389536 0.115613210315443 -0.0709943584911107
-0.291572756809561 0.362313735750849 0.0588562973950224 0.189280264495762
-0.198810195605916 0.379185490257147 -0.0110766155584626 -0.110308862949146
-0.182772813439944 0.343095316175134 -0.420541111340534 0.220813564105604
-0.0556336805045038 0.422687339151983 -0.0174687399676823 0.391973064163525
0.11934882949762 0.369476525230694 0.157292173805292 0.0740122141725196
0.203173743907016 0.232688931160244 -0.0641555804208306 -0.0551322478057118
0.228989853275522 0.128440616745829 -0.171514133091601 0.0558477421762394
0.237232767272619 0.044442855618248 -0.11347996129431 0.118783145907939
0.211510991243229 0.0263150663659704 -0.0522235366280746 0.0929640731713954
0.237682065962584 0.0359465835989163 -0.0801646228258267 0.0347327638420103
0.245591914183161 0.139560546023783 -0.121668065269443 -0.0558756554773309
0.207677877773747 0.221694555487681 -0.143628840675015 -0.163926842593619
0.142022798239852 0.327954151947688 -0.0402089680160282 -0.253339830966275
0.0344026425305099 0.389253903446733 0.0832718602928815 -0.233974494337195
-0.165382398645378 0.377766323101462 0.186725765388363 -0.126656440023132
-0.257249665392883 0.391216099210987 0.170785320508561 0.0902891653091836
-0.0567182921452375 0.393442643187657 0.0547238939234305 -0.208282677698827
-0.0819576379783756 0.300321253057549 -0.344457815089133 0.179290907420084
-0.035050055781371 0.39143345093475 0.0566007890447224 0.384911317703073
0.130185087066825 0.408565087767184 0.210286464683807 0.0814021401177542
0.268321282535666 0.262659655923478 -5.86044105210142E-05 -0.0150983062277359
0.292598500670817 0.10357861427544 -0.0786368959379984 0.0849389851148463
0.274687415094757 -0.00260890426973069 -0.0172836628672227 0.135345202147668
0.230719134408976 -0.0113245687196998 0.039953787570067 0.107083890921493
0.244252750438268 0.00121016536243758 0.0086614608182981 0.0537432447261677
0.26207674698901 0.114896977163346 -0.0345374043885706 -0.0357728703218118
0.22735869119209 0.232021716581814 -0.0651257553985995 -0.134803331188729
0.116952492454544 0.374920241301009 0.0278857454039985 -0.229559002233794
-0.0342062965849272 0.389276291328566 0.151535623614183 -0.236648655881902
-0.181531698084387 0.316939010620218 0.258632246833955 -0.178997857605638
-0.183438963903007 0.357561206461813 0.274485194023406 -0.00905346860752297
0.0783226792702273 0.316163939896199 0.0862683479760682 -0.28905597623271
-0.0131518451186821 0.173933559663008 -0.249229915430928 0.134994385282635
-0.0561438485647427 0.296037594148711 0.122768262807368 0.32794745498386
0.0948619249791529 0.384703716086238 0.227733760755729 0.0791771106827097
0.275516756379888 0.248107812817976 0.0631638200292637 0.0367074626290366
0.296621234602493 0.0622893933105534 0.0342472086833307 0.110415904851537
0.265345323246651 -0.0462162298398834 0.0873120531592063 0.134981494388989
0.216190340374208 -0.0465022950643914 0.124375728161155 0.104575714829476
0.219725644642196 -0.0370953846401888 0.0834283130158552 0.060053886063775
0.244266404044566 0.0715195686628551 0.0430726360358797 -0.0195449774993716
0.213125872563629 0.205923202228089 0.0142929706756153 -0.0949564826334609
0.0646981530393614 0.356348361690996 0.0899613972983753 -0.174415164861843
-0.0982471552764709 0.309311541900034 0.19964849737949 -0.208796729544789
-0.155142561748254 0.1995411955025 0.317540071886578 -0.214867209891132
-0.070461401288132 0.280261457633019 0.354908815433408 -0.0898315582348802
0.180238813035254 0.16375664413965 0.0923830587558337 -0.329231840607536
0.00164299749723868 0.00692221077795041 -0.151741813743543 0.0943444933726435
-0.107465162498513 0.175764996107247 0.156081997969432 0.24925509082528
0.0352820000003336 0.320326375677939 0.209030287416655 0.0847376808680976
0.229585935491134 0.194749466180123 0.119206382044049 0.0965806814366586
0.24017871030563 0.0131919960067505 0.144852173871862 0.127430968214511
0.207948682799166 -0.0771102873100384 0.180780389502243 0.120456753743524
0.170365609902556 -0.0735025508729551 0.190358513677931 0.0876008342554767
0.170638063722952 -0.0733815160117157 0.140533447409881 0.0518510610116218
0.208212170128444 0.0186742217452507 0.104703592227647 -0.00974612333483946
0.183611265008736 0.16063405760801 0.0806832420963303 -0.0499163778517657
0.00769147410526218 0.291928425903225 0.127454344714162 -0.104004730695734
-0.131820001064923 0.178514947730371 0.215189065766812 -0.170627897796557
-0.0772291566060242 0.0617281101135048 0.363080270304022 -0.234611885415988
0.0670563222348389 0.186258857328567 0.40348543753192 -0.142516191316945
0.240480009957754 -0.0192419579259157 0.0801208267220142 -0.321090317036229
-0.00579432023185652 -0.146716892341973 -0.0759895480728868 0.0621568647494514
-0.142740118212733 0.0531926100750062 0.145976441352749 0.190216178328099
-0.0180251906702442 0.213454609062402 0.172866535970262 0.115607445225668
0.148328781555703 0.108829686641677 0.170686798006014 0.151196275430304
0.140486242316011 -0.0365171428851428 0.232777399598116 0.131681580649987
0.115751255587552 -0.0932307040565208 0.243962366596991 0.0927167723997708
0.0994199760629795 -0.0899204598467848 0.228288214949573 0.0576983486062313
0.105565049584248 -0.102689576958885 0.179876924188294 0.0278389465122561
0.159842249226005 -0.0324843114379968 0.155720168804716 -0.00920756993689876
0.147088231350049 0.10518800385756 0.130263249841425 -0.00594786715982196
-0.0327471188910061 0.195165630442809 0.129207395560605 -0.0401456255315867
-0.114160795070779 0.0314878531896747 0.19487009835239 -0.157529529868517
0.0441568774300245 -0.0530816754377632 0.396710843657623 -0.260682104150031
0.204641991466285 0.0959105642431585 0.408715335098809 -0.172936885494789
-0.291590266515025 0.125598599433632 -0.308886064187094 0.129941722445052
-0.136447489821192 0.197172462894033 -0.44689616361994 0.358748362552248
0.0526344371587127 0.107621553891396 -0.12967229343656 0.255186580911031
0.0178981042503312 -0.0621819699632413 -0.046735621534815 0.0557889545374119
-0.0916773051032194 -0.0063389139532406 -0.13892767306838 -0.0269722328042979
-0.051149663138619 0.0953704127128873 -0.201540573833253 0.035509866475115
0.00372572817847309 0.112818888477483 -0.20879824649888 0.0461366887586696
0.00743911994746382 0.0948408928015243 -0.220800583158929 0.021492278672598
0.0198360123827382 0.0903873565600743 -0.272612778230343 -0.0209118225035476
-0.0173054140302704 0.0824251641194561 -0.289115059535308 -0.0608435740147225
-0.0492690205905596 0.00265322113235373 -0.263668416820909 -0.117968852725123
0.0453243850077416 -0.0878459150793099 -0.200257571256189 -0.152316851865366
0.166331824421934 0.0393573376664111 -0.158967303672954 -0.141298152736019
0.0103868673558274 0.214358731560812 0.0149167788864684 -0.0565482883881514
-0.219189347884616 0.184468499439753 -0.0527181073977432 0.310295404481154
-0.295391603336146 0.230427808408302 -0.232615501100164 0.069871247802734
-0.198390236298004 0.284373948140724 -0.46265709665713 0.35550697731708
0.0144637988004148 0.252611150980434 -0.0902234518008095 0.309012265672466
0.0719547115218966 0.0856450467694781 0.00587874301588541 0.0379696726055513
0.00522943826968762 0.0625840544215225 -0.155008347589643 -0.0453508269874315
0.03897420200287 0.106817924758681 -0.228854735329389 0.058441249271098
0.0891267556677815 0.091259698773461 -0.202944600737877 0.0908897050923763
0.0921148131687962 0.0682954073869656 -0.185219337471026 0.0578406562396546
0.11764821575544 0.0625693666940892 -0.238249293340388 0.0103503504854532
0.102845435239459 0.0980708597417882 -0.274670829735788 -0.0476949036096153
0.0643990244246753 0.0767045381332602 -0.268805100738253 -0.132658474033227
0.105613029342186 0.0495247885839376 -0.180847300108391 -0.193260358567981
0.1610770517218 0.160946265491838 -0.102239080454332 -0.164344321040109
-0.011396877763829 0.314045048119341 0.0460098048838324 -0.0670644519115065
-0.226568324126129 0.322703112640857 0.0131701404358223 0.246597375695849
-0.235476513071069 0.326358489221906 -0.142012318671164 -0.00830483849117319
-0.187051479915711 0.3467494832618 -0.448890907897323 0.339512892439309
0.00576149656270084 0.362766250295294 -0.0403404305459704 0.374270631291783
0.132909248227077 0.228128956435113 0.07569545925005 0.0478276535844204
0.124843347580853 0.133704363826021 -0.133999257633721 -0.043516013516106
0.144963892124105 0.104724649378685 -0.217227622594503 0.082261435943957
0.170022296578941 0.0512676846432006 -0.16239641647145 0.129378550378072
0.161859454474097 0.0325357237762604 -0.119322462205108 0.0860713970372611
0.191685050791531 0.0296255524566935 -0.166538933232976 0.0333456001546308
0.201451716577802 0.101375873287161 -0.220502222434816 -0.0381506083630822
0.166022626139325 0.136675145573195 -0.240839029987642 -0.137232145445424
0.163536467572095 0.183464518899918 -0.151210634953619 -0.227528812695646
0.14119470620023 0.279130397856843 -0.0430008313957908 -0.210067750117344
-0.0466837141331927 0.382899011532302 0.0981413469819023 -0.117769753657749
-0.213573744481717 0.408809646556314 0.0968204097310551 0.147082658937871
-0.121638186854972 0.385207737373369 -0.0618091211176219 -0.103944979130132
-0.109592724874097 0.365690839990962 -0.402005410992435 0.302291936810423
0.031486526810271 0.409535278438674 0.0257968252855085 0.407609408873735
0.190951606448125 0.322165829976743 0.145020682976658 0.0617335859821209
0.237845764666418 0.184929508335586 -0.0806819093198946 -0.021558958975408
0.242394241785731 0.0837674154702998 -0.157338161576689 0.105536619498753
0.231795715179824 -0.00195275529391726 -0.0870289350463276 0.153101342047799
0.206677375165869 -0.00832896586962473 -0.0316930613806656 0.0995547468933806
0.230539709914539 -0.00621083807029881 -0.0743847174378886 0.0469838419510406
0.259292692283968 0.0898867104769802 -0.138460138893179 -0.030971880534668
0.232978594051797 0.172694796297462 -0.179621764637681 -0.131842830868393
0.195094839009923 0.285565959263623 -0.100412859336017 -0.24435187023827
0.102780780436635 0.361230710686509 0.0199482786630761 -0.254458162412664
-0.0854692853402252 0.398173021224492 0.159538933878001 -0.189056815421099
-0.173795969536538 0.429703641929071 0.187817431428534 0.0284325638376455
0.0120050500607155 0.372199703792737 -0.0074120387073205 -0.206516417780044
-0.0225604928836937 0.305145822371409 -0.328223523886143 0.24968480373343
0.0438723593499956 0.377181916434543 0.101351729400063 0.38533423136292
0.209845465213858 0.356991203663985 0.19628560268092 0.0617001506436583
0.308006119704297 0.201755687019958 -0.00861213031422834 0.0116940973661706
0.298993334905927 0.0471911326339321 -0.0580547484565163 0.12050603134521
0.257237096113225 -0.0552998954089765 0.0141329578358974 0.154525853618256
0.218042166434371 -0.0477374589412317 0.0612742070359387 0.0972504850685231
0.230324902888121 -0.0401759687265361 0.017672676752061 0.0505518581532432
0.270881846020784 0.063317244760178 -0.0484437253298682 -0.0272158190956924
0.254188340843984 0.178022168739621 -0.0959402548725865 -0.118057769910648
0.182614269443749 0.334043670934709 -0.0290468497780874 -0.235438777686218
0.0395052876441399 0.373061632584547 0.0886264970068185 -0.274140036592895
-0.110971133194513 0.341931092230853 0.221222239766488 -0.252908242446948
-0.106426274099951 0.381598745201752 0.270402549324527 -0.0839878508596899
0.124516281496598 0.276145731570639 0.0196667592828894 -0.290743296754342
0.0174738503533991 0.171673958803022 -0.232974014517377 0.187249083727848
0.00606189066471854 0.291552641589675 0.162161883323469 0.310877897841722
0.172364620358196 0.342884568654837 0.213272697457348 0.0533374933323434
0.312906476550401 0.184206514064263 0.0666914120985806 0.0531195675889204
0.294937621945565 0.00603838157222974 0.0605744453694504 0.12373580039476
0.238693487752519 -0.0960013870625665 0.119587685965433 0.135098513809153
0.198099214873309 -0.0797770698753788 0.144239169192749 0.079646246899145
0.199544231921711 -0.0722920471385714 0.0938164655150051 0.0438167688137447
0.245153403321188 0.0247202157901991 0.0329045169159138 -0.0252256245841894
0.236008900154656 0.156123866972197 -0.00892457142334482 -0.0937796258149331
0.129513082653137 0.327060630165634 0.0454753083500037 -0.194379174224296
-0.0342311432969728 0.310181280133276 0.146700059227634 -0.257345119771613
-0.107633441461934 0.223573376644132 0.275664610993506 -0.29259031726818
-0.00999177433613215 0.283546178391785 0.333090305807636 -0.170968066204323
0.192914472247117 0.116957888951969 0.0304023385925286 -0.333322567246872
7.1571173188326E-05 0.00984236883214628 -0.135451825583635 0.123998032550263
-0.0652335905235054 0.187805684973941 0.186397501749452 0.218042642380986
0.103576425732767 0.294042380580688 0.198840966176633 0.0574404548271143
0.259497781315641 0.141575288915722 0.135660594812409 0.097324618350359
0.231848616568553 -0.0323394674946358 0.173149461652381 0.115813453916437
0.179187034189589 -0.11496635566124 0.209681406347704 0.100721015098966
0.149965104302382 -0.0992673656014642 0.205834309557715 0.0513818692292207
0.14789488861414 -0.0984984931142125 0.148543885565223 0.0264759755004853
0.201532365660088 -0.0203042937028651 0.0975578312478217 -0.0268051574211358
0.201937467941062 0.117193732354002 0.0671753376099932 -0.0625915639444102
0.0648242083144946 0.277103667753684 0.0995247679805293 -0.132082467938994
-0.0887745606811374 0.192715922037585 0.175158395272913 -0.221363578699466
-0.0581119262645914 0.0756542377726548 0.318452236648203 -0.312156906192746
0.106106496863515 0.166168562670256 0.368755340912988 -0.221625709096618
0.217565776165184 -0.0636769306623493 0.0316092790351453 -0.32596399288715
-0.0358765671430473 -0.135224818778051 -0.0591512098739155 0.0723218100795252
-0.122591061007713 0.0788874487272946 0.170774273555524 0.15389555770402
0.031793512939191 0.204620863045127 0.174389719629708 0.0884326564602512
0.165896385086594 0.0743938036584635 0.197831284506919 0.133327040087968
0.127697663590954 -0.0633265508286445 0.259458339017112 0.0970993543551998
0.0885126123049422 -0.113593537901693 0.264715949939414 0.0573642286996049
0.0794395384113629 -0.104203978030836 0.236430999063907 0.0162106632193366
0.0804544330453052 -0.115219297379375 0.183980792014527 -0.00336747421596695
0.146278319370382 -0.0605695747328322 0.149398820563984 -0.035341944904947
0.158683356926776 0.0715277774624417 0.125940179432224 -0.028934450209614
0.00874770961954087 0.193914246505709 0.117854150069858 -0.0680805668380424
-0.0980439108912279 0.0507212555583959 0.163795739677489 -0.201060325760027
0.0385383775485599 -0.0585819245245577 0.34390450213461 -0.335482287778118
0.223224430895078 0.0523102781450965 0.365154138650454 -0.24370860817444
-0.292317607366288 0.130047438933914 -0.317639382115899 0.130066525750657
-0.136251171444425 0.200473323660093 -0.451011158446008 0.365957391503712
0.0557473499077784 0.10581771244672 -0.130636080536784 0.260604865196631
0.0152290864417587 -0.0645751115299724 -0.0468181935375265 0.0550113945073075
-0.0943377578859721 -0.00541736627331333 -0.142761378631373 -0.0274563967306245
-0.0487388480956204 0.0960770596958507 -0.203253847237352 0.0372938512120017
0.00771079080803409 0.114986288836043 -0.210498842990173 0.0482822841089265
0.0102638968675086 0.0968582076344896 -0.226044649724159 0.0227623753520563
0.0235280363937812 0.091218177862624 -0.279533826627396 -0.02035697267193
-0.0146740699170503 0.0857962257207759 -0.293284797259153 -0.060404261038121
-0.0500450930637781 0.00580756266957099 -0.268270730127291 -0.118407667900386
0.0424081066542575 -0.0887262103553166 -0.205578738430193 -0.15214259263129
0.167711905262218 0.0367960117175443 -0.161064124460794 -0.139855522224901
0.0121138573263043 0.218980577197391 0.0169054261998694 -0.0593429987050918
-0.219955482888451 0.190242212459854 -0.0504324050582316 0.311679497744754
-0.296591884711933 0.233501255317656 -0.240825938170335 0.0685867730362552
-0.200102985127303 0.289698569383233 -0.467264839505152 0.363199807711965
0.0178826864194817 0.253388504759386 -0.0889466886019984 0.313487991123276
0.0728012977650726 0.0848911878341621 0.00597879136888469 0.0347268142152576
0.00619649634053742 0.0638056104631568 -0.160671440156363 -0.0456139111226402
0.0424474936704389 0.107460383850301 -0.230978922434273 0.0624614061798998
0.0931423525075365 0.0931842271706522 -0.204047507653765 0.0933315124483124
0.0951380465716271 0.0700024482201975 -0.188490008291863 0.0593024580718393
0.121508675512291 0.0628018841656408 -0.24230883892055 0.0112898640977751
0.108131029176156 0.100280527370625 -0.277973621043808 -0.0473490929522244
0.0667614761691166 0.0800073513067475 -0.274247320925744 -0.132828457463045
0.105692882319794 0.0510224516261233 -0.186761304094156 -0.194251104102702
0.163528493878119 0.160874194080797 -0.104071532275628 -0.16531128116627
-0.00919263336963199 0.319963610201327 0.0482599238373668 -0.0712293010815425
-0.226274260334094 0.329857633432034 0.0158901886504627 0.246943469510969
-0.235834072233287 0.32886878563566 -0.148520468159788 -0.0105296495148493
-0.189587589571074 0.353618297616389 -0.453433930020261 0.347686470515595
0.0101016414406528 0.366505926903767 -0.0376498431790953 0.378564617018749
0.137721901781664 0.229111610163377 0.0754900142543256 0.0429225732057629
0.129476437622892 0.135105583114799 -0.14048486147535 -0.0444089251406007
0.149066334462659 0.104386300327486 -0.219213405534187 0.0885397533023586
0.173779724410245 0.0522210209771746 -0.162506504285775 0.13158372858569
0.165072801649636 0.0332610424492649 -0.119577708655234 0.0870589198805107
0.195155046085691 0.0283233309169802 -0.167605962435573 0.0334488237246416
0.207414114640293 0.1015047617118 -0.222827762889604 -0.0378608706026051
0.171074750822264 0.139362146271456 -0.247074749369324 -0.137260288375965
0.166360680127756 0.186188065878598 -0.157601139399782 -0.228606859962645
0.144419979745591 0.281737848928283 -0.0444647528640016 -0.212985267326239
-0.0446560186408798 0.388825546995034 0.0999259663734979 -0.123068494528583
-0.211988787120443 0.416694724536116 0.0997364939433006 0.145170476056965
-0.122483863697361 0.386064920765494 -0.068400521300084 -0.107124707022353
-0.109869678309074 0.371917603925458 -0.405936795991565 0.31082454540398
0.0374329236183376 0.414156523109185 0.0298154876788514 0.411724366191631
0.197249019157606 0.325370892173216 0.145888833374602 0.0553550780480374
0.245967490097112 0.185805571400827 -0.0870294109243859 -0.0213919373498518
0.247484019492294 0.0819437002497287 -0.158875635903949 0.113036332691252
0.233997660959786 -0.00181213900333799 -0.0852709538578925 0.153978908440207
0.209035273734149 -0.00830698453323529 -0.0297890523659711 0.100276544077504
0.23356744621387 -0.00757203344370861 -0.0733358288137826 0.0461295945797845
0.265140627426277 0.0897798206160797 -0.138804115253268 -0.030910275072326
0.239930647490662 0.174090608038321 -0.185471531702674 -0.132204344752874
0.200849712090209 0.289386524747187 -0.105766726256753 -0.246478121897949
0.1065347028712 0.365134837956016 0.0193102137970044 -0.260281457496738
-0.0827407752353155 0.404763818032827 0.16142307561523 -0.19589702128241
-0.17042547088773 0.433773332240439 0.190251192306409 0.0251412031796223
0.0118952599472439 0.372380142442707 -0.0132927073746031 -0.210947758892892
-0.0222506730501131 0.310208002266794 -0.330075216246061 0.255949325998337
0.0489291199212614 0.383398591547048 0.105960147456219 0.387504757368341
0.218069355169137 0.359913151656806 0.197476275869864 0.0557658186437768
0.317977522460079 0.20101571201646 -0.012731439943534 0.0132335668991741
0.303390379843303 0.0443142151035878 -0.058549966394668 0.128872567484672
0.258132759894866 -0.0571435356490179 0.0163241723363035 0.155443590215815
0.218686058602914 -0.049542679029612 0.0657014627397495 0.0968832794708861
0.231645074944896 -0.0417476459216458 0.0216333708133158 0.048875144722419
0.275522386977893 0.062080097764862 -0.0485178762906368 -0.0275588239529572
0.261066799274834 0.177738484615966 -0.0997395138583686 -0.118349914669651
0.189155385327982 0.33854166947421 -0.033436544601552 -0.237837179057472
0.042557506874049 0.377562531537107 0.08802274432242 -0.279966108980593
-0.110406269819563 0.347009125441292 0.224126543722597 -0.259939762814793
-0.103169732942308 0.38337406194172 0.274262333555451 -0.0892533053134566
0.123807704205769 0.274284936878646 0.0151346018875018 -0.293957976943163
0.0161470662569591 0.175880011855791 -0.234390455032889 0.191169533400423
0.00893648758344096 0.297286098298605 0.166443831352802 0.311018321243307
0.181050598199737 0.347195096708896 0.214330716999827 0.0482470969735715
0.324032749632032 0.184510072823517 0.0639871434554118 0.0561576864598476
0.298250472748283 0.00341008217865128 0.0615094596211863 0.131196470827536
0.238054931035689 -0.0982283295537215 0.123368964750724 0.135084061645437
0.19828139525367 -0.0819595091032007 0.149652583749731 0.0778305332078007
0.199058941516997 -0.0741332781559138 0.0980809453087971 0.04220358133989
0.247957754566362 0.0223111191566952 0.0327405037350518 -0.0258376530977803
0.241860283785569 0.155147982930033 -0.0105818280016915 -0.0944777157178308
0.136674928507429 0.331825290745423 0.0429729269693091 -0.197082721675094
-0.0324430948421791 0.315121234321544 0.147288384071341 -0.262856453185372
-0.109343874620062 0.226262188927653 0.278925454625857 -0.298559159892882
-0.00751163985418411 0.284333190391513 0.337904061958753 -0.1749738340944
0.190505307367032 0.11375296304548 0.028127930010768 -0.336150805359148
-0.00308985079740344 0.0125344448815205 -0.135847377655483 0.126725857771246
-0.0642827498115892 0.193251490196876 0.190180711867004 0.216914039448123
0.111024048543018 0.297980670019359 0.199256309272841 0.0541464004913909
0.268265587086564 0.140817407381692 0.13595919010988 0.100607176520092
0.233402622102948 -0.0346999691906438 0.176375133543231 0.121382243125744
0.176148678687197 -0.118052389799169 0.213439225047143 0.100219476734318
0.149508793652059 -0.101722780589678 0.211756621634883 0.0491740424517991
0.14538886259136 -0.100504925393386 0.153633092949723 0.0255562662746015
0.202195081738967 -0.023726306598724 0.097435254102409 -0.0276102936490999
0.206558815564787 0.115341147982704 0.0667403676514867 -0.063685878856791
0.0717084577557319 0.280799740181521 0.0988459274875573 -0.134482760973426
-0.0886249117287641 0.196414398241154 0.176430145436658 -0.225674884530279
-0.0596569088301387 0.0755113375283668 0.320913360747658 -0.317952755837543
0.108447693320838 0.164126953310278 0.374206474477561 -0.22518015356254
0.215381566775803 -0.0679133815734488 0.0312803756677273 -0.328626990291798
-0.040393651106077 -0.134196693167336 -0.0581760159946353 0.0733475359638859
-0.123460677980374 0.0828825595293406 0.174080023764447 0.152718776768049
0.0373631681129166 0.208278379042438 0.175304960927681 0.0873826602545545
0.171378394089731 0.0724904199522909 0.202100220801378 0.136771160918764
0.126458018750334 -0.064754682666302 0.263850510563387 0.100420395453268
0.0846421407859464 -0.116775315783762 0.269881880275699 0.0570960181907069
0.0776420492007551 -0.107294112681472 0.242671140218975 0.0141087363625592
0.0774912799941138 -0.117027044201617 0.188637212934582 -0.00411238532715057
0.14580207494491 -0.0648497863279886 0.149451457427086 -0.0368659291271531
0.162493077921637 0.0684840651660248 0.127526676992809 -0.0301313949363803
0.0138282436320336 0.19728192924365 0.119656295525597 -0.0696836119822772
-0.0987437062733547 0.0526357625106485 0.164831422680496 -0.204252085484958
0.0373823061570072 -0.0610242134269776 0.34789497950041 -0.339281947185839
0.225869199073676 0.0475659430660883 0.372693991034673 -0.246493054556824
-0.290720079407966 0.142331575044418 -0.324304441165341 0.139446160216771
-0.131375057198796 0.209509199687341 -0.447368878251267 0.388872110606949
0.0614998146076497 0.102965831677717 -0.123183039433836 0.270119329489706
0.0110914804165457 -0.0673741670418999 -0.0454352544597823 0.0552590663911011
-0.0981259769129059 -0.00121129406773587 -0.149615786723101 -0.0231537971845754
-0.0441431366231957 0.0987476415323927 -0.204300222493109 0.0457897623472575
0.0152856711212244 0.117366396987413 -0.211662558347846 0.0573276444215614
0.0162147692211115 0.099445153912239 -0.231928689447283 0.0323897982717317
0.030258156528151 0.0925183592198837 -0.28807878324645 -0.0107531843588466
-0.00902541128255045 0.0892479679938079 -0.301193153351654 -0.0523116824433697
-0.0502566673318701 0.0106658070355759 -0.278423054853954 -0.11213655177555
0.0369727261224584 -0.0910958196629484 -0.216145158175976 -0.147004192199853
0.170905123923178 0.0295440322889666 -0.167804455632879 -0.134762854404908
0.0206062141391495 0.225050004773508 0.0168129600768065 -0.0645354094769431
-0.216969573135988 0.203680123552881 -0.0391086353277921 0.317508916379261
-0.293361632100569 0.246898334374984 -0.248854014263726 0.0747583452059859
-0.194097667363982 0.302215832265245 -0.463141801986455 0.385277538746559
0.0286494392120134 0.255609236780292 -0.0795829988339354 0.322148242263675
0.0760571639564964 0.0823223446876551 0.00615169419667532 0.0316009098464125
0.00839684002329417 0.0650579937250156 -0.16886541541671 -0.0412252753489763
0.049055318912351 0.107240891960704 -0.232358516611724 0.0738695702096391
0.100859262018036 0.0927901555727862 -0.203434147075867 0.101863730285858
0.101198463124884 0.0698018544200487 -0.191240695300018 0.0681387971437619
0.127974045306413 0.0590940745572665 -0.248027453923189 0.0188785001651686
0.117067985326294 0.0992308267412879 -0.284697585499108 -0.0393621578851049
0.0725873755728684 0.0813418733943495 -0.28551029094357 -0.125371878820346
0.10786425199038 0.0489803028211031 -0.199258867227101 -0.189799498658023
0.170714230917159 0.157457348923072 -0.110972268043341 -0.163815378950845
0.00278059449021433 0.328024367812171 0.0481348010949893 -0.077643675660483
-0.216005014563666 0.3464014291547 0.0252470895588197 0.24772464333224
-0.230015100733693 0.340255453886465 -0.158136472518632 -0.00835824974293885
-0.179515057145428 0.367574820756462 -0.44995543934698 0.368714204855536
0.0257939884954457 0.372364923676278 -0.0248202576732359 0.385639051889737
0.148360586557303 0.227729923292482 0.0772885548201134 0.0354442170488402
0.138953025794942 0.133127861006841 -0.150353712471493 -0.0390375619576522
0.157666479643973 0.100076933882269 -0.220322624095566 0.101997868317013
0.180692059583022 0.0486245331052975 -0.160485532007561 0.138484979985013
0.169860982924306 0.0293395072935481 -0.118835871107719 0.0924286450911729
0.200717190987585 0.0218732490908077 -0.169220030271475 0.0391715992827071
0.217704440815941 0.0965678280417681 -0.227456855896703 -0.0314790942092392
0.182338233782682 0.137178814718465 -0.257888268663456 -0.130923386601993
0.176195828966335 0.184619836358726 -0.171605691486194 -0.226146707663651
0.156600520785913 0.282740519464989 -0.0522791020944061 -0.216824119180751
-0.0328432442484261 0.399388704700405 0.0985346007050356 -0.131903629892237
-0.199962250263678 0.432186923297882 0.107133091089796 0.141914557044843
-0.113424688137386 0.394173546767521 -0.0788069438624988 -0.109254136264132
-0.100122132263822 0.383423648096204 -0.403022162125766 0.33118431192042
0.0540612178047853 0.42087158743968 0.0460804822105183 0.415805889142735
0.214741908909546 0.32447941344306 0.148326568550417 0.0457584189140216
0.261603396167207 0.179888609714493 -0.0950871384874858 -0.0173751219668436
0.256317872355656 0.0741697501484832 -0.157356069128757 0.12625934490002
0.238540585456591 -0.00891197463386162 -0.0799582568332544 0.159075953791808
0.212148852097351 -0.0145313459061769 -0.025513419159552 0.101520040265034
0.237263136796815 -0.0155728743893986 -0.0714711476669245 0.047901406998262
0.275061990456066 0.0811163879903926 -0.142212230743835 -0.0277700421023907
0.253225842901289 0.169239904038115 -0.194885370950854 -0.127335562590354
0.216789098194813 0.287514075178 -0.120631279663456 -0.246000082321612
0.122235654745626 0.368877181985681 0.00991959627602759 -0.267412574891811
-0.0709599302749666 0.416108706567249 0.158198254159111 -0.207853083933189
-0.156815581196719 0.44727731996302 0.195492623062205 0.0164535802206066
0.0203382278095099 0.375051441660616 -0.0251224380538383 -0.215291203725517
-0.013398719074557 0.318746093541318 -0.328326010347368 0.273634804269975
0.0656829567390409 0.39029260233429 0.121627424519804 0.388826138913686
0.237589287601945 0.360222458085967 0.199812855455015 0.0440448797017092
0.337246366747274 0.192598401488458 -0.0181792535800319 0.0166065656071634
0.310896476134922 0.0337446061819054 -0.053562323188101 0.138672753269228
0.259203828954187 -0.0655257981457066 0.0238979829748312 0.156569169333577
0.220573328072827 -0.0569050008923254 0.0724781049974771 0.0935755203335929
0.232712915215763 -0.0496845593247327 0.0255882855022024 0.0476233506606942
0.282948677618693 0.0525674791802685 -0.0496433287463433 -0.0269324478225011
0.274199067869822 0.171904025475524 -0.107723151520911 -0.116513284889842
0.206861846674825 0.33881852318633 -0.0453796117831092 -0.239785139972649
0.0567151758412054 0.384073100515971 0.0796984184352655 -0.290239213611919
-0.101781948610576 0.357732510610268 0.220110926034385 -0.274760442928044
-0.0901623259282777 0.391574767065838 0.276991215410942 -0.101252809229886
0.13051431662223 0.272106285486912 0.00302377077007736 -0.300756993039886
0.0205615936267777 0.180645596033936 -0.232350427122202 0.203267692422958
0.0213581869168473 0.304777362769143 0.179635251406038 0.309109536025619
0.201173634298249 0.347910327149443 0.216179127060702 0.03783553068614
0.342042735863944 0.174581980838611 0.0640775296256206 0.0579413431357303
0.304482688490161 -0.00791305816235239 0.0690844882906526 0.137825975622806
0.235569974565617 -0.106761338362443 0.131978062425332 0.132234496253268
0.197234421516854 -0.0904568592880571 0.158509766862713 0.072151664220295
0.197647240093322 -0.0812530686101378 0.104453861466367 0.0378958615614608
0.252657470128351 0.0124302679537816 0.0321236772900331 -0.0273553149253846
0.253630476671129 0.148284796350405 -0.0154433014903241 -0.0953909782923949
0.153727655576677 0.332736336936775 0.0352279953257127 -0.201156480961193
-0.0217132044107313 0.323372369518684 0.141482562241667 -0.275066018839038
-0.104897107824615 0.233273306258116 0.274204688040249 -0.314614946788482
0.00273659943415042 0.285828573069369 0.339804011663841 -0.190193767428117
0.19250135361934 0.106949010464572 0.0163031625004314 -0.342023048277343
-0.00526169017887045 0.0158952766432824 -0.133717648783836 0.13352006530576
-0.0573899521056499 0.201497908098553 0.201242720288416 0.212103250874316
0.128007186039674 0.300523451922334 0.201785133833165 0.0460470378416396
0.283430891393279 0.131712438508804 0.140417310298421 0.101360569800413
0.235719226511813 -0.0438528483176085 0.185691825656499 0.123392115399568
0.171401518993733 -0.125621985999664 0.223124224777451 0.0950729886708911
0.146148925446563 -0.10951437712293 0.220455430291554 0.0405152148442594
0.141068123791893 -0.106429979564323 0.160574464166923 0.0203048710145922
0.203683228780588 -0.0325457342999274 0.0973510831077112 -0.0311059470875996
0.215697701904869 0.108272029174415 0.0649102397485083 -0.0668319408219025
0.0864523766814354 0.283816835764835 0.0961052279374491 -0.140075492388482
-0.0829238444377345 0.204138317445279 0.172911098372184 -0.237124901284949
-0.0596008796367756 0.0775571302521344 0.315594863341984 -0.334524838997308
0.115531312499885 0.159294101614952 0.375188368230917 -0.24286940431704
0.212298434481101 -0.0772738428751941 0.0208642385409215 -0.334311051234786
-0.048131831224076 -0.132662437432959 -0.0567982316289061 0.077194522945897
-0.12208476956401 0.0919812976454741 0.182985246127395 0.147381964337233
0.0488733227812099 0.211524402100708 0.17998236607918 0.0821814427568255
0.181003171449824 0.0659416340592754 0.210729650763728 0.13508751640606
0.124665381073047 -0.0709558173525748 0.274455183142942 0.0965340240834106
0.0777729201630421 -0.12210482753582 0.27852161179451 0.0499888965257678
0.0733292825996209 -0.113136027292314 0.250410582418983 0.00428985780038172
0.0710342175314728 -0.121594254596051 0.193703409660158 -0.0118880719326754
0.144223069629157 -0.0732996790021903 0.149051946048002 -0.0425273339195259
0.168775226525102 0.0609807789170495 0.128287210663375 -0.0349057940403371
0.0258316795107463 0.200551623695217 0.119607269237611 -0.075143760260181
-0.0983474515528972 0.0572353447687345 0.160915969516135 -0.213828757886626
0.0344491654239346 -0.0652035826760484 0.341837359739675 -0.357591340034159
0.22975241338257 0.0370242894453487 0.374514226490189 -0.262957837578636
-0.279763955288365 0.158165184579262 -0.320744934045091 0.154373669474647
-0.11908284350014 0.216895099341581 -0.423058927007435 0.413588130021178
0.066861092309253 0.0959310380419662 -0.106632612851332 0.277032388677948
0.00423417755458491 -0.0686660675824702 -0.0430100002193698 0.0544115310174981
-0.0987704087798695 0.00581139977307769 -0.153123272033847 -0.0156256858638362
-0.0364822889852204 0.0995003636703817 -0.200607971672498 0.0584489700682998
0.0254531042256332 0.115847307114938 -0.206981263938259 0.0699164111567521
0.0242344425443039 0.0997760481744801 -0.229820851748693 0.0465477858399049
0.0377993502239117 0.0893384811111113 -0.290599175837684 0.00590056620035374
-0.000651263658648157 0.0911008852504306 -0.303309727536048 -0.0365196337773951
-0.0493060274954795 0.0157549689433741 -0.283429418372812 -0.0963675555058313
0.0292172276740769 -0.0910719019077859 -0.223287282628052 -0.132574093742896
0.170279733687668 0.0185981424318926 -0.173546912352925 -0.122517400161355
0.0348327158949927 0.225315096209954 0.0143938259612949 -0.0686220487250927
-0.202419694460502 0.21594786752875 -0.0207826182549864 0.315918357048187
-0.276286752714186 0.260886184323427 -0.250791863043279 0.086152852350233
-0.176122445099955 0.312384791319367 -0.441544912147721 0.411016299004058
0.0438603347466309 0.250321879489798 -0.0597688190590362 0.325717510167359
0.078851598353931 0.0767526454022633 0.00654702181151582 0.0264030583321904
0.0120550112774236 0.0651620188734937 -0.174800008350807 -0.0312860310878174
0.056342929790999 0.103126494105103 -0.226533200856383 0.0896345607129497
0.108664700086844 0.0866493950675616 -0.196008550177739 0.113537558793269
0.107021301336267 0.0650691810338246 -0.187769682407578 0.0788063902336685
0.132365402077535 0.0515636528738586 -0.246964195463432 0.0332998878605651
0.125635861990631 0.0926175252864821 -0.285382792410647 -0.0244214013982334
0.0787084995773656 0.0786429038272535 -0.2930948823979 -0.108298316185119
0.108353266548429 0.0447636640158627 -0.210158795462542 -0.176080839850141
0.177823952518262 0.146784923675011 -0.118607289084263 -0.156702711968305
0.021976126850173 0.328183900192306 0.0445226513568995 -0.0838157731501727
-0.193915079117811 0.355636295564513 0.0386755188859472 0.242443969546349
-0.211824760125899 0.34938444988556 -0.164823859536619 -0.00211147381549915
-0.158498352945776 0.378224987616099 -0.428242214232142 0.393041785320573
0.0470860445803777 0.367719322479946 -0.0029367720233486 0.385711578014667
0.160878643242561 0.216793692652908 0.076299082933093 0.0267179647269985
0.147564062820361 0.124678277268753 -0.156477545325179 -0.0298909548002425
0.164163832001215 0.0899819945958318 -0.212133302877741 0.118326610142157
0.18408634801181 0.0388717463480253 -0.151002951646722 0.147120578503374
0.172889442276876 0.0213617030167504 -0.112654342540293 0.0978633040711749
0.201151278038971 0.0112797424987591 -0.166566045294308 0.0475962162573164
0.224972251272323 0.0833492898189492 -0.228019702035818 -0.019647452193236
0.191452086083061 0.127365355416213 -0.266463532131603 -0.115113997145912
0.185279829100208 0.175783243313128 -0.18543598115581 -0.213603626226404
0.172240651988007 0.271754022455975 -0.0643944702848095 -0.214050991034191
-0.00815644972250546 0.401115286630677 0.0913767907014333 -0.140957815568522
-0.171311189249196 0.439223010503527 0.114202009815987 0.13310147299301
-0.0936729400866079 0.396672227692539 -0.090407959930213 -0.106119676215327
-0.0772799847768351 0.388970438608667 -0.382501416571901 0.352547869300038
0.0800395899889279 0.415323370718206 0.0691657646884915 0.411210545152247
0.233538794364185 0.309987359479092 0.146881906020312 0.0321634050002795
0.274691113887302 0.162856410925333 -0.101189918475868 -0.0100409850589046
0.260482995591119 0.0579808587780595 -0.147805556449565 0.140269762448146
0.237769421875994 -0.0208733825234364 -0.0694581904821846 0.162412855512355
0.211004452352417 -0.0250858446316808 -0.0185984317217748 0.100623460456673
0.234284259735987 -0.0284951901065989 -0.0666355247790824 0.049786670468519
0.280501698776502 0.0639808689890092 -0.143100573362775 -0.0208182055727377
0.264566827575282 0.153824406642757 -0.203591090800749 -0.114987864880297
0.233006668653354 0.274453872656746 -0.136360769360588 -0.235164155075138
0.143343056236825 0.360644771588118 -0.00582259518345822 -0.269039928914124
-0.0467030891913747 0.419756597498997 0.146206031746783 -0.219029236974716
-0.128751900001158 0.451521451499198 0.1953994249034 0.00290350411380228
0.036577615179374 0.369972071786984 -0.0416324766360699 -0.213365222898072
0.00357712832696456 0.319757983985744 -0.311197531392761 0.290414227197758
0.0906064192823075 0.38545777335722 0.143798881375772 0.379850335022369
0.261076091294321 0.344984433880951 0.197444231497214 0.0287584478702026
0.351828727060698 0.169859570530212 -0.0212767890531744 0.0211130629228939
0.313318288467368 0.0147560442546165 -0.0432730650605704 0.147826310114912
0.252600851344412 -0.0779545075169326 0.0345892789729062 0.154109193283026
0.215141388167076 -0.0684319204592263 0.079412591630649 0.0868585245120167
0.226902756204549 -0.062413773087927 0.0306280350534304 0.0435475551185261
0.285481433184318 0.0349440593066827 -0.051443125743426 -0.024453496066468
0.284754593748808 0.154605331672773 -0.115726824029054 -0.108476287914129
0.227055844663027 0.324656556675893 -0.0604741970148161 -0.233962604658702
0.0794745794202856 0.379943514206029 0.0624040895896382 -0.296512192902252
-0.081421637451541 0.361654402064461 0.203080230164449 -0.287859555241815
-0.0665254161864152 0.391354511438921 0.270127297414088 -0.118398347639062
0.139956155438459 0.26086671977767 -0.017311851024642 -0.298705522504524
0.0292188287377332 0.180855861228797 -0.221079974252611 0.215336759952317
0.0408596494197333 0.303959989248475 0.196393173501924 0.294691755009039
0.223105966678555 0.335390929730777 0.21361071069887 0.0228295978046928
0.355827202993838 0.15106381014838 0.0646905123266311 0.0577064339435019
0.302087479977374 -0.026741109304 0.0791867667210538 0.1384323005605
0.226165837698261 -0.11822743862706 0.140503931792098 0.124129660123573
0.190046835019482 -0.0999514595204138 0.163473636573079 0.0596746619940774
0.189517418426824 -0.0909952517831546 0.108716512113096 0.029370292287333
0.251401420502755 -0.00311822677649968 0.0301040099220988 -0.0288651431341308
0.262857612143942 0.131039761076651 -0.0224578253053705 -0.0932453271131103
0.174886120854199 0.321852918567434 0.0225883795976569 -0.200701984329743
-0.00330936574667649 0.323385603585815 0.124291885802933 -0.284315791615338
-0.092324626184917 0.237153475928499 0.255262771209183 -0.329359102257081
0.0188919969937191 0.280708688783964 0.328597088017771 -0.20892274903607
0.1926109599815 0.0943116026997657 -0.00432714189129144 -0.341085862714328
-0.0058364944285679 0.0186579665307034 -0.126710665108044 0.13988906644037
-0.0439889458858436 0.206911016909528 0.210763240233247 0.197867028839953
0.14868360493226 0.292261334707546 0.200493825958438 0.0329970909519076
0.294145878739485 0.111942173776048 0.145320277839829 0.0961260476467959
0.23084602477572 -0.0577246950609401 0.194774592209757 0.116189725147425
0.159787863100964 -0.132693079431307 0.229553677100087 0.0817939935405847
0.137393623991498 -0.117249993318265 0.224175268647018 0.0260976654594854
0.131058617878525 -0.112837712372845 0.163290156659006 0.00832106638002678
0.199189159193941 -0.0453428150968948 0.094356040211245 -0.0358640217589009
0.221921201849918 0.0932083351955535 0.060654426010777 -0.0699610841922032
0.105808929272288 0.277098342616654 0.0871677886036482 -0.144208331305302
-0.0706720786834367 0.208094763799602 0.158627550082987 -0.247121135303675
-0.0565475187355736 0.079653111539023 0.295652671822416 -0.350881275911401
0.122204100643527 0.148560061789323 0.364366923054395 -0.261645072330488
0.202522983730879 -0.0887954072277658 0.00207447106752232 -0.332809603501639
-0.0566783660906681 -0.126310342816116 -0.0526988358150488 0.0790358937971205
-0.114105324114277 0.101021253808007 0.189950280911466 0.134392854828982
0.0641691284710307 0.207813843604171 0.181454743914565 0.071611157322722
0.186332100268288 0.0522111451546773 0.218214811760565 0.124544271634633
0.118889435445722 -0.0773398493341675 0.281275632226192 0.0832078033893007
0.0660208164678484 -0.124615331266684 0.281759733120184 0.0346710047273975
0.0640883415664472 -0.117570133039761 0.250797938133189 -0.0111285174210575
0.0605535821475653 -0.123786512531642 0.193941613914689 -0.023614465525719
0.136932278038021 -0.0831352282779288 0.144765503906302 -0.0497528074861802
0.17158704284727 0.0488388394453427 0.12634000263201 -0.0419846635759052
0.0407762188241733 0.197711175621669 0.115032708520955 -0.0812795404343529
-0.0948516298701227 0.063048283824934 0.148488325116735 -0.221876392789664
0.0278649049296363 -0.067240089534937 0.322497206570104 -0.373624052982535
0.227948181652984 0.0211380870947611 0.362124190069315 -0.280078077560754
-0.258557166430227 0.164225399428702 -0.307287205844497 0.16094561475342
-0.103781722355549 0.214123190113756 -0.387418351948127 0.415641882673946
0.0680178573897198 0.0868635469901272 -0.0886235655217607 0.271631821480049
-0.0019206534561148 -0.0663605367665599 -0.039842537350454 0.0513553767257875
-0.0961116215065524 0.012460276872447 -0.150164004856195 -0.0072937432113674
-0.0292185553128022 0.0963116604015278 -0.189438378431791 0.0664237424684975
0.0326409264397962 0.109001810005062 -0.195595011174319 0.0779803343335626
0.030726982151256 0.0955239276343736 -0.220277799007664 0.0571574033637747
0.0425539574789719 0.0834584447577308 -0.280571113387289 0.0197714836681666
0.00670957786429799 0.0882590618994102 -0.294142972884238 -0.0229692542359612
-0.0453540583054465 0.0197966601258172 -0.277961517078239 -0.0808250416043015
0.0214101360494636 -0.0878495032273625 -0.220743631374718 -0.115935242758851
0.163122273761967 0.00852718589082551 -0.170904089342207 -0.108004492832571
0.0455145455064262 0.216398993602464 0.0112964964429426 -0.0708743699674052
-0.182300400565323 0.218557425612431 -0.00445872158885189 0.302203588979944
-0.253404192936463 0.262129688871513 -0.243615430056522 0.0923576598177546
-0.155002897953006 0.309241624545757 -0.40424112424869 0.414683661537071
0.0542115976567966 0.235841373451132 -0.0421377401097897 0.31511509152839
0.0779693418989475 0.0691046123111354 0.00548376226782809 0.0222394658156686
0.0146177694638222 0.0630665224738672 -0.172744032724245 -0.0207278281556572
0.0601635979968282 0.0958926202731162 -0.212516534053388 0.0993333455275827
0.111144524133334 0.0784627571447477 -0.182462380697934 0.119002764683032
0.10789828651695 0.0587628266644484 -0.176827349863368 0.0843418198553203
0.13087794282578 0.0431307615592469 -0.23668988616829 0.0438820903550688
0.128322404189746 0.083484382455015 -0.276042469651274 -0.0118243038299466
0.0806390836122202 0.0736876985562446 -0.287557665796077 -0.0903827165634337
0.104876958964587 0.039517917930487 -0.210381346339735 -0.157772768047073
0.176975123610946 0.131852342520721 -0.120645018720153 -0.145112088814902
0.0378640129828775 0.315514326072561 0.0385488758757263 -0.086411042820241
-0.166938491437926 0.351874464210494 0.048564443988319 0.229342269851832
-0.187654926479267 0.344378266249201 -0.164700092772946 0.00446769431289035
-0.13537324094412 0.370748889925332 -0.393958495583019 0.396718925669667
0.0639067180848176 0.349582500286578 0.0165726355550937 0.369147343546649
0.164666997471358 0.19994233516328 0.0717706890563849 0.0182389043210223
0.149284782529683 0.112319189871724 -0.15614934363888 -0.0196471757998751
0.163104320588398 0.0775463009645861 -0.19580554998088 0.127539217048712
0.180260995189647 0.0293422689793403 -0.136498779606256 0.149078679150067
0.168324996877673 0.0133024665878591 -0.102870668917954 0.098927640794257
0.194568894101152 0.00110186307944991 -0.157355690725064 0.0528870148763935
0.223322850294087 0.0688819986459108 -0.220231812379558 -0.00942839265598278
0.192965468129459 0.114241623401299 -0.262339100501868 -0.0967790039454821
0.186713744596267 0.161692226339957 -0.189041049737702 -0.194791517205665
0.177608704021362 0.253773949307088 -0.0719204294853263 -0.203713549702081
0.0106698628508943 0.386487523070886 0.0810527081282631 -0.143114418364228
-0.140730511735656 0.429204183726468 0.11548961127265 0.120015970181308
-0.0750389862156411 0.383105304527403 -0.0980895618727823 -0.0977201655607594
-0.0575422170404462 0.377782474462754 -0.352657230768444 0.355948003847738
0.0984111919108813 0.394206217241185 0.0844622865930742 0.391533768506707
0.240474494826834 0.286308135966707 0.139447348115886 0.0199702969823034
0.274087389082826 0.141160080820431 -0.101955076968375 -0.00240495890544665
0.254141432839376 0.0423721101314748 -0.132625199852802 0.146298392881338
0.227236382461025 -0.0301035598934185 -0.0578797369434828 0.159318840223629
0.201823211125882 -0.0329740528778135 -0.0119395311876998 0.0958362584515929
0.222981315548904 -0.0378321322633163 -0.0603692544878451 0.0487753767094862
0.274138043754293 0.0473871979562821 -0.138198575764969 -0.0141044961871476
0.264301925482616 0.135329929053306 -0.202480541196026 -0.0989697071633914
0.238829805819472 0.252847161570131 -0.143146123965228 -0.217522415762343
0.154104416882169 0.339622676677202 -0.0193274665779818 -0.25985833382892
-0.0249784704636604 0.404240115855544 0.129459857542272 -0.219816525141839
-0.0989547923506346 0.437190015471453 0.1876322953464 -0.00864539582369101
0.0483248415449008 0.351504841839751 -0.0551861658849225 -0.202683866458105
0.0172388276261552 0.308327303288642 -0.288243431606812 0.293369560003187
0.106326657370149 0.365510311966642 0.154158524068717 0.356564047658968
0.268315379364537 0.31806734977848 0.187454535102199 0.0148024705328755
0.349586358366204 0.143491586283555 -0.0233045408780466 0.0240413130804824
0.301879636604809 -0.00185056701785477 -0.0311798569775823 0.148694567228388
0.238815907985508 -0.0853505299125013 0.0417743512524547 0.145662111123319
0.203760991912843 -0.074333313928464 0.0814173437384147 0.0771547615612818
0.213239650540463 -0.0685020293161047 0.033448056300832 0.036832508414288
0.275788700495218 0.018626372745828 -0.050534112911479 -0.0218114394731574
0.28343714962559 0.134511767946739 -0.117268491592343 -0.0973302063349085
0.23501984469246 0.301514065119435 -0.0695921125073061 -0.219259018016832
0.0940799337547322 0.363143430167176 0.044841209206397 -0.289921756496002
-0.0623423655350272 0.350942619187994 0.181792763879672 -0.287937804972497
-0.0444308801795506 0.375866657894696 0.254383554252579 -0.128084654101485
0.141518186761213 0.243905124580884 -0.0332866694292332 -0.285613613440417
0.0352972836447224 0.174069890324961 -0.203882362689115 0.216751986437984
0.0565416328175276 0.290930991480846 0.201247707120172 0.272419736413632
0.233557413657928 0.311786489288551 0.202936979037907 0.00950271145743684
0.353290866368149 0.124490677071437 0.0628956028066474 0.0559264905895469
0.289447146266032 -0.0401216024884305 0.0867718560558726 0.134679289920008
0.209452284158095 -0.122117226336792 0.142282050474107 0.112365451995976
0.176679527361307 -0.104643794790423 0.161285033509276 0.0466445066499686
0.175995218536824 -0.0943717114510302 0.108607921186579 0.0200069274773888
0.240178827860866 -0.0166629507125702 0.0271996723117637 -0.02878032130215
0.259954949247142 0.112826787533473 -0.027161561956342 -0.0871818360464595
0.185914054010631 0.299987592314498 0.0117793479750991 -0.191846537181966
0.0124355729159327 0.31109162832858 0.105746044965269 -0.281247818298264
-0.0793907962434104 0.231707386306849 0.22993728215212 -0.328625883775397
0.0305847403477007 0.265370129861045 0.307909788904979 -0.217117082238645
0.184200589223664 0.0823538625947736 -0.0208736086363909 -0.326483653669965
-0.00577620165679752 0.0210925328499109 -0.115888051062851 0.140043141887549
-0.029678161953601 0.202529055930538 0.211753561353544 0.178824699852526
0.160447177066911 0.274504198228111 0.191082753164199 0.0215890732554944
0.290985894146328 0.0893260149458648 0.143871360800065 0.0888939634706107
0.219073430079175 -0.0668899025364222 0.196584931126271 0.106303381389364
0.144700527330605 -0.133461704257014 0.226528954825938 0.0674660628248431
0.124388124364372 -0.119559906481141 0.217037590858684 0.0114078999670179
0.11802199832659 -0.112866844980801 0.159313976741781 -0.00214826270669071
0.186934501391213 -0.0550788707446948 0.0884770397476218 -0.0378685193248937
0.217957427421399 0.07684173413245 0.05442968477387 -0.0691698457130384
0.117340916936796 0.259925440367861 0.0767227019438925 -0.140844650922775
-0.0588133383347394 0.204003350435094 0.140269213036029 -0.246083361996276
-0.053206042053659 0.0788446098073857 0.269747274100544 -0.34998527063764
0.122587952186766 0.134046674413914 0.340158952866112 -0.267771112402771
0.186428187982223 -0.0939408643288593 -0.0124655890490662 -0.319017723852509
-0.0609825916411224 -0.116014103062665 -0.0475956445224715 0.0780729854983336
-0.102516521788548 0.104725156593295 0.18856645005486 0.118797348538998
0.0752288806265399 0.196671461029923 0.176306752752527 0.0602981060039142
0.18347567374938 0.0370683901257168 0.216849512077833 0.111884662004676
0.109394492183461 -0.0796162961925869 0.276946334887181 0.0681344175142643
0.0541131111281183 -0.121439452189042 0.274875108997615 0.0194959571122612
0.0532131123057255 -0.116861627245259 0.242461880799022 -0.0243591154948036
0.0494725123432476 -0.120631964348813 0.186715477283076 -0.0339111786630329
0.125395193349199 -0.0884305545445214 0.135999239995596 -0.0539652073402314
0.167956855050799 0.0361912031936535 0.119400064324739 -0.046392958738511
0.0520217620479347 0.187285534592774 0.10735813250092 -0.0828973539304832
-0.0883095609809535 0.0651259407154896 0.131835817832643 -0.220537280582235
0.0225219941939707 -0.0667460242797126 0.292918310184202 -0.372293445665386
0.217392572873938 0.0077007278948768 0.340164956509862 -0.286208568454415
-0.222227846324578 0.184986442864294 -0.280137849056449 0.203761569460146
-0.0635380691738164 0.220018262591727 -0.310130783530104 0.461674017371547
0.0759697281474521 0.0730477002183855 -0.0388680013094409 0.27697222193467
-0.0119515167140005 -0.0588281122333318 -0.0295231796659878 0.048522170522048
-0.0882482406876478 0.0285906322149574 -0.152410385462629 0.0163548151599257
-0.0153110582503558 0.0956904372609624 -0.171564657113469 0.0956346231641282
0.0474163431949889 0.0981714344326642 -0.177492899780835 0.107222389003894
0.0416007107061525 0.0882667847335738 -0.201888200056783 0.0865270096959404
0.0514184150536625 0.0754687814051706 -0.26860466778818 0.0600675250836139
0.0187175968615358 0.0837796108107937 -0.286723019521931 0.0209423807610138
-0.0422084956561864 0.0260185780860675 -0.274670607629219 -0.0343373695175559
0.005356237499515 -0.0855384947238115 -0.224316694842908 -0.0741853410719972
0.150032887308231 -0.0113608658382136 -0.174118678874833 -0.0728397387781685
0.0716431022120865 0.196335353588089 -0.00514329015158691 -0.0730579780289195
-0.145253859001341 0.231038962283562 0.0336265191746857 0.280218895348301
-0.208508128568722 0.274003131943206 -0.232429824998564 0.134928392377156
-0.0989560961257243 0.313924658764544 -0.328517752850601 0.466927225388107
0.0828106155945707 0.211061672409083 0.00796001097799902 0.320532240957227
0.0791757532921901 0.0526332675767295 0.00744820007876233 0.0239858898333718
0.0201446093233406 0.0606255868335194 -0.169141641512081 0.012000337095127
0.0694062371392276 0.0850477568208391 -0.183674179282032 0.130781837926347
0.116338749351078 0.0597705540874998 -0.155773950249604 0.145778191640654
0.109927514639777 0.0455877678845159 -0.15628776508115 0.106382345119341
0.129394715654095 0.0269578552364128 -0.222594440480955 0.0769440624020569
0.132281359794651 0.0635826528495683 -0.26825480671302 0.0326643454238509
0.082737645892617 0.063082167905578 -0.286883083694226 -0.0422035506168008
0.10074882707577 0.0246647759886216 -0.223665188072124 -0.11642049040294
0.176551548434221 0.102591468138491 -0.134466569164946 -0.115449081708137
0.0770387937344433 0.290514540073351 0.0163027573479502 -0.093649297088938
-0.115661823852903 0.353300884003161 0.0722651373796512 0.204563861616278
-0.141392374319116 0.34051772867439 -0.17019663448698 0.0449846064016423
-0.0750490246407468 0.36814509868634 -0.320585804275848 0.450662129585008
0.107698691928662 0.313028718076853 0.0696475491467912 0.37070027958569
0.177434468136852 0.158844458516851 0.0694620000962531 0.0216449323918035
0.150704876579885 0.0873397863142518 -0.145189951786082 0.015850549840791
0.164014894710578 0.0551866114554892 -0.158714793266975 0.155985413826265
0.174466494413208 0.00604376246831599 -0.10337679822268 0.167889363113151
0.161419001933735 -0.0034362105000173 -0.0827718356090543 0.108605271890643
0.183636190626282 -0.0208734576177801 -0.145404673784731 0.0738349645097928
0.21997745253545 0.0375402907143077 -0.214569574747903 0.028798914386576
0.191190214370518 0.0884944746538691 -0.265493479262173 -0.0497731676532368
0.194070257414691 0.128831671990692 -0.211055900784174 -0.155044565053776
0.190997045805303 0.214698124839909 -0.100644907362331 -0.177336908681
0.0606730705140584 0.35827311071156 0.0455351740632578 -0.153807933963573
-0.0829457999961005 0.420515748842126 0.12055095575891 0.092909855280888
-0.0328951988054319 0.362513148217116 -0.118138090367783 -0.057933358933308
-0.00319714128063997 0.364835159510292 -0.286367464019425 0.406415073305027
0.1472575335653 0.350406143353556 0.139621878128085 0.38404560502062
0.260073376160485 0.225535760422817 0.134496644901647 0.0225267683239242
0.271361425851609 0.096107474490081 -0.0836328162458521 0.0277119497199562
0.245230327625671 0.00992921080583834 -0.0913961468781845 0.164047079290881
0.209637858200208 -0.0551716834355065 -0.0225015155735254 0.165239116034171
0.186685596648531 -0.0511307943438198 0.00414529183077621 0.0920244101482936
0.204637279162991 -0.0605083030309089 -0.0531216952240586 0.0561940089624539
0.264620265789318 0.0101290179617701 -0.137183977526756 0.0134027873423097
0.260931742133228 0.100082683759784 -0.209362466398459 -0.0614303897235575
0.255139937256374 0.20885976937065 -0.172369714278007 -0.184721086415806
0.179432831320978 0.298116554214083 -0.0617534661473695 -0.237990855128269
0.0293864368646191 0.379021417245781 0.079182838459677 -0.233197949161546
-0.0433493973137315 0.420667005063912 0.170844739106973 -0.0362725625211082
0.0764857112252813 0.318601652733076 -0.0870122939851561 -0.163861159715128
0.0575208567565817 0.289537022234772 -0.230508116273582 0.334969344544211
0.150195738097552 0.322190912998774 0.200291107039021 0.339434266926166
0.291271084394439 0.251879271822119 0.180225967637227 0.0149045864748202
0.342301459794824 0.0856046974361411 0.00117473607289834 0.0422044163507921
0.284561533996738 -0.0379271560314194 0.00836196789880598 0.149869255774443
0.211749591369259 -0.107358339559376 0.0729882157791238 0.136759564620428
0.18331071349008 -0.0907766644146697 0.0900556381369673 0.0604981181107784
0.191734331170268 -0.0886319797371915 0.0353770503933023 0.0309170648165148
0.261773963755734 -0.0169861376608242 -0.0542671243101444 -0.00641508314827738
0.278767851687029 0.09630420567438 -0.128542770707666 -0.0727695347161238
0.259702287130716 0.253628565106289 -0.104749234709683 -0.198471253411603
0.126834909971583 0.324240110875908 -0.00715663653062128 -0.27791606794043
-0.0117595228090157 0.332518456052026 0.119384184565765 -0.303915142761915
0.00165889200295455 0.354604512474161 0.218413895132151 -0.156441359722328
0.148770021543453 0.208100026051616 -0.0736116293390109 -0.249344055505834
0.0564291517675915 0.162795819313097 -0.161741121888498 0.245125139550813
0.094922358667677 0.258905376120283 0.228759583884413 0.24708296162982
0.259658410809893 0.24903963768179 0.192695359161557 0.00645414351574415
0.344786236165846 0.0662188046393138 0.0891959665404815 0.0585412270774334
0.268299664683376 -0.0736956399781578 0.118506117501974 0.117965132451894
0.179099456474309 -0.138962386534409 0.165355811401415 0.0885168689210047
0.153682706413655 -0.117510341041252 0.161284088588897 0.0206006922938503
0.152569845388884 -0.109142461850643 0.105033170278383 0.00382210196259655
0.223362550329359 -0.0461339673433321 0.0204418244012242 -0.0253442300685085
0.254705047146186 0.0776542868095225 -0.0410016146429652 -0.0770498988211961
0.213333340882988 0.258120465897621 -0.022525833646197 -0.185369382060202
0.0462710333641955 0.285767954559653 0.0513575416571281 -0.279302064293879
-0.0421301341655769 0.223002045460863 0.161250606447876 -0.348048302292443
0.0599738500092194 0.240491340141807 0.259088805359667 -0.245769564769735
0.170877001879031 0.0530622852650576 -0.0634368652196535 -0.297204590125818
-0.00129655555555073 0.024786922541667 -0.0906189204796402 0.151492635265242
0.00429036443266273 0.187835111326467 0.220483317897487 0.148828677271265
0.188184660210899 0.225521915939404 0.181406002619825 0.0156165091344638
0.283369814873178 0.0398179012445116 0.169206508454114 0.074115708676735
0.198365780383491 -0.0910451797882708 0.215125143493655 0.0730442383821368
0.116523581813033 -0.14193404690351 0.23791893407054 0.0327219274974622
0.102116633086367 -0.126354045798535 0.210176983142109 -0.0202309887163718
0.0956587409633727 -0.119477524042618 0.152571099079594 -0.024376433934137
0.167369401240363 -0.0761903579593787 0.0785330948420353 -0.0443646382400496
0.212561224442465 0.0476079533224824 0.0394591349728328 -0.0728447638530212
0.145522484232826 0.228226460887977 0.0482546045326111 -0.147350383932769
-0.0312365126051554 0.193782261968631 0.0902069778246539 -0.253166362019197
-0.0362495875637856 0.0764151784494098 0.19746906045171 -0.369271398370117
0.132182131082297 0.106184634176361 0.285597112447754 -0.295970641860915
0.154802884940796 -0.110229324572131 -0.0521045962478114 -0.299853073313814
-0.0698823279234705 -0.096211317493499 -0.0361740955829558 0.0765920701587673
-0.0759276538403355 0.106665166375723 0.185971693076185 0.0880411403994021
0.10090268325337 0.166062026922482 0.171864345701691 0.0471210223261421
0.177388219798 0.00409864665849003 0.235658995622516 0.0790022146985836
0.0927770845062157 -0.0910570489112548 0.280940176443578 0.0240746097091435
0.0331485916470827 -0.120013510133768 0.274204293765448 -0.0214504773934663
0.035669264606828 -0.117020337553478 0.228666558012207 -0.0585765961448913
0.0300040978340431 -0.119436508715037 0.174881394719655 -0.0588544846249196
0.104968430157654 -0.10035653585977 0.12197415156795 -0.0669124516771002
0.161864120851971 0.0140955791295085 0.10526213004718 -0.0623366838011638
0.0756691288484297 0.169066634363194 0.0876649104633859 -0.0966884987299985
-0.0740480695108161 0.0687004578861942 0.0882261493169339 -0.228347183521599
0.0165031181961282 -0.0688593661687266 0.218197857940552 -0.391219102650395
0.207094259532665 -0.0231022164746489 0.283692936991729 -0.310273730593633
-0.217890394374418 0.173071450303556 -0.281258695316807 0.189476788378807
-0.0659331159476794 0.211539406497605 -0.309028726402117 0.437633572564168
0.0709759517544734 0.0709443799937785 -0.0426216655269483 0.265863004449973
-0.0121553686148789 -0.0564419209789951 -0.0311447647014865 0.0441836826127808
-0.0866231673592409 0.0278160134743088 -0.148998915768614 0.0130291975791208
-0.0164671138845079 0.0916385801910945 -0.166476696357952 0.088873370637028
0.0450610027656686 0.0941629816883785 -0.1720953483444 0.100233693499258
0.0410754229237593 0.0871656315163119 -0.196973709561747 0.079815693419336
0.0491027057910627 0.0740637965330611 -0.261943867374981 0.0529137225292819
0.0187163635507043 0.0816189480636383 -0.27803434760022 0.0122141095907476
-0.0403460071688483 0.0263508291960236 -0.264631842600159 -0.0408718390404978
0.00534242369006224 -0.0809432653568877 -0.213468147955226 -0.07666203924831
0.144149465968839 -0.00763697434003049 -0.164300857175209 -0.0740192560396952
0.0661429314238968 0.192814027355683 -0.00377625497844581 -0.074319835006156
-0.144464035403055 0.219763066363867 0.0255477604430712 0.269852290149687
-0.208136607487984 0.25816717877663 -0.233843136662904 0.124010292562239
-0.103731183959372 0.301931999181162 -0.3287920567207 0.440860562645148
0.0747115144964693 0.203891865990264 0.00207412763881037 0.308390621928102
0.0735297592260105 0.0529075484710523 0.00437919243710631 0.020927200725928
0.0179784877458496 0.0600719446365045 -0.166301702044124 0.00846036491667959
0.0655598923883539 0.083167013010388 -0.177832393636087 0.123366804162594
0.111977184153074 0.0598494661054887 -0.151549117108026 0.137430457447801
0.108135871743038 0.0472072188272735 -0.152629717004132 0.0990203136490441
0.125024573759781 0.0293172370894288 -0.216873648981463 0.0689252681801257
0.129028435861533 0.0639285459800605 -0.260358779627515 0.0243380239162136
0.0799258473258443 0.064322694867894 -0.276348830319745 -0.0459966659771439
0.0956182465625533 0.0278830018603533 -0.212504611531944 -0.116638610347918
0.167213689850245 0.103189101158392 -0.12629504995295 -0.114893329327398
0.0680836158881527 0.282407785546647 0.0165357436824242 -0.0928525942652994
-0.11918866474051 0.336784989543025 0.0644646302618331 0.197695896481626
-0.143935141389006 0.324018125066897 -0.171252714709141 0.0402507134187687
-0.0807080568455075 0.355714012971551 -0.32233637859448 0.427080287913291
0.0974104940097504 0.303100544416068 0.0597788157493236 0.358046975767332
0.167219334544805 0.157504826562 0.0629690961286801 0.0191186354120268
0.144354965222479 0.0876462150781045 -0.143316259857984 0.013643328397823
0.157940471308883 0.0561321095033116 -0.15403502310421 0.148651299367106
0.169290195489772 0.010269430664361 -0.101320243247001 0.159601150794932
0.157744373237685 0.0012115506889063 -0.0820825935857568 0.102079634768473
0.177766708735642 -0.0143589721344525 -0.141772944568272 0.0662469804507011
0.212768322452556 0.0408939648161965 -0.208326616712385 0.0216542659329535
0.184874304237127 0.0903156458473168 -0.255955131002999 -0.0534109479795033
0.183997219658631 0.130451766724026 -0.199412518932152 -0.153600365607363
0.178888439880674 0.212039430614706 -0.0934125502310177 -0.174297202055862
0.0504743763846195 0.347644915853075 0.0456301240091792 -0.150351732770973
-0.088633183998927 0.402301984873467 0.113337497614135 0.0909274811230362
-0.0432263725703604 0.348511254716364 -0.118094452455563 -0.057084926514837
-0.0115657055952031 0.354250311863223 -0.28724924884418 0.385814772550344
0.133782481410199 0.340593630791232 0.126461383630449 0.372708966550186
0.245862272026032 0.223478976028492 0.125773234463569 0.0214393148432369
0.26074001721806 0.097919999831593 -0.0836588794137773 0.0274561239511262
0.237519233931687 0.0143160743522893 -0.0878503726141108 0.158687801807206
0.204119842364188 -0.0470440136465711 -0.023490653350698 0.159064434400972
0.182279833562761 -0.0438517776888163 0.00209354928778761 0.0872553638617644
0.197988075356252 -0.0523906850509587 -0.052039389320189 0.050219574846423
0.255839188383158 0.0149369255281407 -0.132939254802726 0.00867000759026581
0.251811860448594 0.101995748064368 -0.20093504422062 -0.0624168206706989
0.241436361940915 0.208349796486503 -0.160590110310388 -0.181157634287004
0.167376894853824 0.29217279531404 -0.0554413361098499 -0.232455806445101
0.0185540496427658 0.36531959606736 0.0804853971663818 -0.225069244706064
-0.0510856443213454 0.40210165341205 0.164854818505128 -0.0323386722705169
0.0623003134905966 0.310573919287888 -0.0845620241222915 -0.158518537003553
0.0481119236121189 0.28216489382462 -0.233266809650867 0.318592573402062
0.138341919064472 0.313310034097655 0.186262365773045 0.331633378962593
0.276929539876875 0.24944881226788 0.169620221899361 0.0157328621991949
0.329889451707511 0.0880848363936165 -0.00192544083371022 0.0433949309369111
0.275723390157359 -0.0313316101154885 0.00879525650573283 0.147715162011693
0.206327394827875 -0.0972603623927687 0.0691002110730805 0.133593873484344
0.178882347445636 -0.0822550986525399 0.0856952210063988 0.0580940911857792
0.185580929234899 -0.0792758239836004 0.0344314741015102 0.0274798566251989
0.252483419382752 -0.0114060926561197 -0.052038177254119 -0.00818686072678125
0.268722601906622 0.0983737177753488 -0.122693982672692 -0.0711236180823053
0.245102391665558 0.25075615394729 -0.0951848765373289 -0.192361169493014
0.115807460446432 0.316403331379959 -0.00244453950314243 -0.269237921115974
-0.0207491049033389 0.319958412011181 0.121393132101232 -0.291729614360191
-0.00694831403280083 0.338145805786205 0.214663380980877 -0.146254238715082
0.135141575611369 0.206214775667446 -0.0675750506078862 -0.241013730042245
0.0502231723938888 0.160009297032087 -0.16436915582076 0.233639720709442
0.0869335857158423 0.251891874787964 0.216283130036591 0.242639173809237
0.24694337875302 0.24719271053109 0.182357444322494 0.00885306830765077
0.332375313763297 0.0684677206452291 0.0835269632280804 0.0615790857926241
0.260719509392117 -0.0658490033354127 0.115931213019172 0.118856497773139
0.175239421590091 -0.127496425277583 0.159331500906624 0.0889617738608298
0.150296590767284 -0.108733168887371 0.155850439487026 0.021185296382143
0.148004495110178 -0.0990772511765859 0.102689135285984 0.00291830609646766
0.214922425140928 -0.0401182734026781 0.0204225266020939 -0.0239086412089299
0.245077867891404 0.0787235095403071 -0.0381202527265825 -0.0737119486992333
0.201181292067562 0.254206567169422 -0.0158738164455036 -0.178271455903302
0.0379649973880319 0.277164268837028 0.0542222256476722 -0.269760018340832
-0.0477394966496724 0.213832964112898 0.163499230137621 -0.331868948427355
0.0507680630855655 0.230568008995056 0.257232193077384 -0.230607631861569
0.160862975738887 0.0575156371895707 -0.0551824667948544 -0.287214061894547
-0.0025950928836406 0.0257624247876897 -0.0931878012608021 0.14536791913793
0.00131465326916008 0.181416889639263 0.208300684064035 0.147378210151654
0.178962355909146 0.221912659326629 0.172132085838797 0.0184214387342731
0.273526322202368 0.0416650102090876 0.161960334810666 0.0779973119947617
0.193258372835723 -0.0840280962542235 0.210218650976331 0.0779495078643649
0.113597796316379 -0.132091371021617 0.230778395592923 0.0360931163764765
0.0996626610544772 -0.119570634904102 0.203395391975873 -0.0172374634663454
0.0934844943491576 -0.110823377959401 0.148495585581629 -0.0227443722206068
0.160957666967668 -0.0705332018677165 0.0768318588385876 -0.0399671403901642
0.204385884515926 0.0490698686355581 0.0392814422736326 -0.0690149934026214
0.137076734510285 0.223665961301396 0.0512488127290124 -0.140509496754212
-0.0345358244760843 0.186910033844613 0.0927329143475173 -0.243329113620609
-0.0389598739835347 0.072657706208049 0.201268851074503 -0.351026590168449
0.122884502103012 0.104389772232343 0.286187092113148 -0.279527099307883
0.149498757376679 -0.100150496469995 -0.0423707362225139 -0.29017891462365
-0.0651436340017718 -0.0928088696246124 -0.0385434089820946 0.0736865009612295
-0.0738871859918104 0.10136998230331 0.176780773537706 0.088716933330431
0.0955254400790275 0.162685589096982 0.163321603789726 0.0500711445796608
0.171071365275312 0.0052891555641678 0.226478643069864 0.0838367091303033
0.0902685982836497 -0.0856395780883088 0.273232230964595 0.030878594085377
0.0324466002223289 -0.113236712693499 0.266037769849454 -0.0145432006547219
0.0342226474040383 -0.112740100279114 0.222611263884158 -0.0525494507924762
0.029351984708244 -0.112537101619107 0.170614132390779 -0.0544137507734701
0.100720172739645 -0.0951944161969745 0.119351942771008 -0.0613288082875927
0.156000179479142 0.0154295116124694 0.103462601840132 -0.0575293933314938
0.0712246607349623 0.163934033291647 0.0876914078997056 -0.0905099154424736
-0.0733462418129743 0.0648831035796325 0.0904023418182269 -0.21769631546016
0.0162379400680835 -0.0659732276777299 0.220350425793895 -0.370778007719389
0.198511238202033 -0.0175088554344508 0.285498480577385 -0.292428812943036
-0.224583852735245 0.163573740580167 -0.295344541048773 0.178119042038585
-0.0738838810371514 0.210897224914754 -0.328324984959628 0.425276601359241
0.0675158705748912 0.0723867616275773 -0.050307579336401 0.263739664379941
-0.0118114369978058 -0.0563593140847534 -0.0341791346134042 0.0412701137781042
-0.0883718309572934 0.0265601284751653 -0.151922682927315 0.00826512988839004
-0.0207109896861397 0.0918328230976948 -0.169375512446962 0.082624542710852
0.0425119879623426 0.0949153436588591 -0.17435771878281 0.0946886029639268
0.0402507490787209 0.0891559630551881 -0.199853942393827 0.0732066355058863
0.0473120100007039 0.0764822396630707 -0.265897286511373 0.0443730563465571
0.0184368548692888 0.0833083209722069 -0.281398693068268 0.00053378545803252
-0.0407930912095193 0.0269224806738147 -0.264124406238657 -0.0528068582424006
0.00626030131887145 -0.0792172883710405 -0.210629287114058 -0.0857291745530404
0.143260845666537 -0.00249272962649851 -0.159789098119707 -0.0801386689882767
0.0603637893306231 0.196304959950357 -0.00181221742241672 -0.0775039544302982
-0.152893168935805 0.215387563822223 0.0157483228994589 0.270482521875078
-0.218566126679466 0.250073361354294 -0.245340447439348 0.115631646198031
-0.115094846501727 0.300223525411652 -0.348426202162202 0.428472519262971
0.066880155910885 0.206391086108196 -0.00775208844695335 0.308732539688988
0.0704595569788213 0.0559294628723962 0.00125456672316944 0.0183821047512351
0.0155319781995014 0.0626203666443792 -0.169335983597728 0.00391387997594269
0.0627670496748331 0.0857658796412153 -0.181212871247361 0.117750511097514
0.111518726933176 0.0640059483275562 -0.154999137412802 0.132077003219015
0.108672528896663 0.0523398746606304 -0.15614128591014 0.0942609955849891
0.125059451518687 0.0348182848826632 -0.220969759191113 0.0612992841045289
0.129241583932331 0.0688317098823211 -0.262928980302873 0.0134731290941305
0.0794851022380536 0.0691422302229386 -0.27583932158077 -0.0577980019439925
0.0938657710746673 0.0341725766185708 -0.207134854063815 -0.125651552699723
0.16320073365081 0.109902318840056 -0.121464487328279 -0.120016804992747
0.0580714749609165 0.286473662011691 0.0193678673249258 -0.0950765974615685
-0.1326008511068 0.331512392612444 0.0564135382214952 0.199915109365245
-0.160081420222689 0.319919223567749 -0.179691191122173 0.0350182111209592
-0.095395500037713 0.353528288679667 -0.340721247393048 0.416614737080028
0.0859630128154329 0.306677185240032 0.0490529205228864 0.359837430206925
0.160345722161752 0.164480559205142 0.0597078681572911 0.018847576824603
0.141772846722511 0.0934579011056801 -0.146799186470633 0.0100115281594338
0.156322126328884 0.0622395947833209 -0.157174942907635 0.145126708511271
0.170480637972251 0.0166553168863071 -0.105261680021395 0.156313613109486
0.160421396219398 0.00775141508582173 -0.0856407218060491 0.0988038007945294
0.178889791732936 -0.00636511278104266 -0.144054762709802 0.0597118101083179
0.213364379521579 0.0485329066887227 -0.210069590960095 0.0121309781554699
0.183673526278773 0.0984784437117779 -0.254201628231702 -0.0623323859227913
0.178977310525353 0.139623380139962 -0.192662892768966 -0.161120888150724
0.171366951489824 0.220269568391979 -0.0876768157963092 -0.178960435535894
0.0371311727204638 0.350576754678551 0.0505271822640902 -0.150765234632522
-0.105221934543102 0.397751689819309 0.109888478632919 0.0944363587582212
-0.0585750710728855 0.348179276794647 -0.12146304745684 -0.060290968035319
-0.0254745179011021 0.354769347868098 -0.306615901368213 0.377296559620893
0.121778061033829 0.346287364504585 0.11433373497229 0.377508678057694
0.238083246613024 0.234257295278657 0.122107063996065 0.0231472592823242
0.258803480193851 0.105705928979477 -0.0876667398481944 0.0265402865894246
0.23793305082956 0.0230183347865029 -0.09065669032694 0.157937714045848
0.206359140112978 -0.0391789145077755 -0.0278465427169549 0.15782208367029
0.186186739813453 -0.0365991076359637 -0.000889775868372209 0.085893568634948
0.200655433489331 -0.0430785459891744 -0.0536609668712177 0.0460853444054856
0.256670693933058 0.0243845631634483 -0.134167603486062 0.00278546561051371
0.25042335699604 0.111497402988287 -0.199104610142345 -0.0686499214522951
0.235663389933611 0.21964814454627 -0.15287517906188 -0.187107492831075
0.156035711200016 0.299289298722552 -0.0481141553335723 -0.23593334148424
0.00371221881702909 0.368311528151963 0.0881796591175345 -0.224557523606054
-0.0683374890810341 0.398111734920811 0.16665931354575 -0.0268341209390017
0.0479348262881351 0.314425630705691 -0.0829816903046529 -0.160059729946934
0.0366889999499442 0.286521365625693 -0.249091466478965 0.312696348985476
0.127765331940114 0.319408360077171 0.174470366384714 0.338719973624191
0.268713061218386 0.260510461758312 0.16560133035152 0.0194533254821556
0.328862432737996 0.0986309325406816 -0.00547214472685455 0.0469006167324762
0.278830136760205 -0.0213043339007736 0.00765452400331668 0.151054821033752
0.210252145640782 -0.0877260288759239 0.0662799174249291 0.135940388918546
0.182226261869959 -0.0754438183006442 0.0841802657472301 0.0590261213164201
0.188080754373228 -0.0699290451153649 0.0336050346125276 0.0248600696080008
0.253297902280465 -0.00183313095743277 -0.0515527828882622 -0.0106275120027392
0.266901140943573 0.10751757082473 -0.121213214952694 -0.0739953584549374
0.237567621153364 0.260669330285032 -0.0862111289766668 -0.19538166250131
0.103457563982993 0.321972211917567 0.00579065860612022 -0.27107050247674
-0.0346250804981352 0.3193359652282 0.132091211439674 -0.288486873946556
-0.0214473429903251 0.335388390051953 0.222058237069999 -0.139154800291987
0.124363157506214 0.214091060533041 -0.0605248187275592 -0.24185444437661
0.0434756892695234 0.164040463430507 -0.176898621535574 0.229682962230175
0.0788800007893398 0.255642914744461 0.207742195844764 0.250639206978492
0.23995023692771 0.2576932536294 0.17909307847166 0.014497194487065
0.332232143741412 0.078408226699287 0.0816179151834351 0.0680323399431424
0.264507487445112 -0.0575642309430598 0.116157469029279 0.125895487337755
0.179458672364178 -0.119131037587774 0.158438721672787 0.0945628324291377
0.153590218208374 -0.103483838059439 0.154944239395833 0.0249593215418914
0.15061523862385 -0.0911642521097472 0.103288794271504 0.00349466096360661
0.215345586637918 -0.0323265421488333 0.021665226557015 -0.0233109641783804
0.243648814649356 0.0873527785812037 -0.0356871081083301 -0.073871373376222
0.193254631810384 0.262001296676338 -0.00744267667920143 -0.178810515749686
0.0270722617850662 0.280061351839741 0.0632812764512864 -0.269701485004517
-0.0581471171657707 0.212413255742718 0.176681118120449 -0.3260732736421
0.0399654612373517 0.230005385410647 0.269059775973789 -0.221743862822764
0.156198505363086 0.0672475566476457 -0.0448556770123708 -0.288682679149754
-0.00428992618147515 0.0270084186199802 -0.10127763894164 0.143795570245666
-0.00419592416049755 0.182106463197928 0.203172352563395 0.155289921363501
0.173584189636918 0.229808102856956 0.169544350354389 0.0243851148603967
0.273689542816137 0.0488264149342032 0.160501824864327 0.0870766696893104
0.196675714380783 -0.0773559748945522 0.211841303816458 0.0871342947874364
0.117683166405347 -0.12606110596782 0.231374623826416 0.0454426472633464
0.102407221216597 -0.116161294342686 0.204925399420544 -0.0113498622543961
0.0961142468138441 -0.105481656796642 0.150348957886384 -0.020241088968523
0.161336713916729 -0.0650311136420989 0.0792835855485889 -0.0370702731796705
0.203539940984935 0.0547357485389402 0.0420105790309689 -0.0662643531658279
0.130289817069527 0.228897560334675 0.0586136444702244 -0.13809337732266
-0.0425555986029994 0.185913207728808 0.100435569530571 -0.241117148598584
-0.0439960680071264 0.0710483714140046 0.213617443100115 -0.344113213299443
0.117111000615639 0.107585501652695 0.300452592571161 -0.268974006995391
0.152086200836053 -0.0919746659604519 -0.0310615305881585 -0.29244566717774
-0.0622613542872203 -0.0945320113456051 -0.0430375557471947 0.0742924468367852
-0.0771494483317134 0.0994418563319202 0.173241863857145 0.0950535877180675
0.0925801478742869 0.166714039985874 0.160547485907419 0.0569014285918441
0.17105270372791 0.00875437155014844 0.225511506224202 0.0945675247313063
0.0929602005827107 -0.0828399343980669 0.27617497499285 0.0420147624729451
0.0345503027141101 -0.110842449855688 0.269622583869451 -0.00422343618211508
0.0358203385869823 -0.112055924894022 0.225391945739004 -0.0460252842704019
0.0319147690908435 -0.110457046912219 0.173879748527109 -0.050130867044821
0.10164238667539 -0.0926069528881654 0.122775293367284 -0.0562571929275971
0.156495805259316 0.0192461600846118 0.106461770536765 -0.0532423644268535
0.0674385249862025 0.166609638690131 0.0929699665868352 -0.0868849588889533
-0.0766406865171214 0.0631516123439987 0.0978753728746102 -0.214632729323738
0.0173659301488728 -0.0658539751606704 0.236880574797556 -0.36157264533533
0.19737473458056 -0.0103842306450116 0.303138375181348 -0.282771213338167
-0.237787151731953 0.164077012446038 -0.318381420957995 0.177462997298993
-0.081820290428071 0.219175160690683 -0.353744728565842 0.434297915363317
0.068035993308386 0.0761617599431363 -0.0555237668249774 0.272772871089913
-0.0132261621563011 -0.0590117073398504 -0.0374270938235045 0.0395784231022192
-0.0924818527046821 0.028209166590901 -0.160032491118106 0.006009077491719
-0.0236452155657698 0.0962493143089764 -0.17810339868727 0.0826970755672389
0.0428208305302953 0.0995060034117372 -0.181828716247948 0.0944962064031208
0.0426843990041708 0.0945805760565995 -0.209720186145063 0.0727270741088455
0.0493779282993354 0.0809571447942712 -0.27964101243924 0.0403344594359189
0.0193214246544479 0.0872602835253047 -0.295273648012795 -0.00719601687229728
-0.0421895745869905 0.0294598191223079 -0.27428400371763 -0.0635477945543011
0.00671352978111348 -0.0804385452442782 -0.216717785311803 -0.0955574631282951
0.14850190402559 0.000926519393943008 -0.162127920535435 -0.0869377401147953
0.0588339763530479 0.208132270714504 -0.000224339242572202 -0.0844860231217062
-0.164347158623005 0.222314669151217 0.0103148475637853 0.281882573917404
-0.234348168835317 0.25367663588097 -0.265621896726298 0.114842546370011
-0.127831970426894 0.311676573727958 -0.375956398672187 0.438122275875034
0.0645842043760633 0.215640644103138 -0.0127571964562465 0.319846866693861
0.0705852998804906 0.0604749285133799 -0.000879822044004489 0.0160087538640712
0.0148466034798196 0.0666512476881983 -0.179041081222431 0.001344750812941
0.0639296341428479 0.0916365405760226 -0.190261611351174 0.11962622247872
0.116322020797615 0.0695115282056348 -0.16225818464557 0.133772306230662
0.114778216703189 0.0572601635306655 -0.164135492810165 0.0943241267388955
0.130815760942608 0.0401581757398042 -0.231986812692132 0.0579755696084169
0.13572782043442 0.0750315792709673 -0.275568578726907 0.00606866547501172
0.0827413579297479 0.0750674445420126 -0.286983725812804 -0.0670201651802028
0.0962418482764637 0.0399246271206465 -0.212625092028345 -0.137047136392986
0.166847236721584 0.118882523034902 -0.122232323911343 -0.128568804157624
0.0539368825726196 0.301613133370605 0.0218474193716703 -0.102033410757081
-0.145441042237248 0.344120360589634 0.0547383939937522 0.209044857310724
-0.174676714119069 0.328192014018008 -0.195003739630081 0.0330937789428049
-0.109449510061314 0.368175004119226 -0.368837689093198 0.425930957756144
0.0821710138112738 0.320938502674929 0.0437866862432022 0.375311954537943
0.163238916409484 0.175860524377189 0.0591138416442791 0.0172509676081743
0.146447439876137 0.1007155395545 -0.155920034034455 0.00868688197623954
0.162545430940421 0.0685540036543446 -0.164873464671271 0.148825930129821
0.177782844833402 0.0220081039523673 -0.111587648983885 0.160193154440495
0.168711147144662 0.0122524311792457 -0.0909654456071553 0.0999789824265254
0.186963199037546 -0.00110244714399551 -0.151914066131499 0.0569400673956262
0.223675685806918 0.0555273499377009 -0.220333325338042 0.00697049087200508
0.191681728046997 0.107139474840126 -0.264488929237429 -0.0711796116000935
0.183313516408086 0.152291861365495 -0.19581971923199 -0.173494859394782
0.173823460751892 0.2350082007418 -0.0868139348662565 -0.189677180896556
0.0297191759550537 0.367052433458496 0.055204464854831 -0.158021115345995
-0.119651670665474 0.409671180413151 0.11196668242913 0.100763057413692
-0.0718673434567639 0.362350019843819 -0.129849918937267 -0.0636134095265329
-0.0358175981021332 0.370727286450853 -0.330968298393013 0.385198569247801
0.118620088475953 0.362085839104886 0.112610793891065 0.394265324919645
0.242697376609303 0.250667752396175 0.122850613270512 0.0242432046091504
0.268495201883354 0.115937850455076 -0.0941579601863647 0.0280085180279093
0.248325835835515 0.0285670304053619 -0.0945215313187635 0.164399654138831
0.216779459940912 -0.0339002533570597 -0.0302260098051661 0.163590703039008
0.19553661787151 -0.0331485928737003 -0.00274704058499094 0.0877502412655862
0.209812456844453 -0.0375691043141397 -0.0570917009014647 0.0431142116648777
0.268203180077309 0.0309836813033292 -0.140475802730903 -0.000766310849660114
0.259874637716907 0.122322534255268 -0.206273267433726 -0.0750490051377752
0.240062580680026 0.236312104121965 -0.152776838678122 -0.198263837992125
0.155347192376881 0.316396761386509 -0.0456787614784022 -0.248152047268341
-0.00614671348631819 0.383120574365641 0.0959735454749409 -0.233098202836318
-0.0824573986443914 0.409725768085323 0.174933581782123 -0.0245949901266775
0.0399221499074934 0.330356160081959 -0.0854458538104303 -0.166193637605954
0.0307660979126493 0.300526747718786 -0.269681255499035 0.322816232637833
0.127063705747892 0.335766224575621 0.175418665465133 0.355977636500078
0.275062904677193 0.27973317832521 0.16861559083618 0.0220464108347253
0.341812376975437 0.108455519972327 -0.00837773929436839 0.0512957055319519
0.292233073414154 -0.0170466979878385 0.00866377251331729 0.159994810387514
0.221465089261032 -0.0840609879692593 0.0681715625492269 0.14256857854184
0.191824926851633 -0.0735730317764286 0.0856909328750882 0.0620627339418918
0.197603388504353 -0.0656075150062018 0.0345357789810188 0.0232379271803988
0.26346108653678 0.00413691665982695 -0.0532804144110391 -0.0125150140506024
0.277250615082684 0.117903532674114 -0.1244962406846 -0.0789163844795325
0.24217890703078 0.27920536247118 -0.0831243193582929 -0.206194632897199
0.100968197787072 0.338971270099988 0.0108393282635205 -0.282356134038837
-0.0459974588435472 0.332531529130362 0.143747248368917 -0.297096756809155
-0.0328831819086148 0.345972471301104 0.235910935520188 -0.139642000100417
0.122412356849082 0.228550030226134 -0.0591840825394986 -0.251712980188931
0.0406182613066356 0.173933832646921 -0.192202942835836 0.238615986221992
0.0772094201526286 0.268758244643238 0.210728202595684 0.265983227642251
0.246578621471286 0.275943662770122 0.183053747021321 0.0181384144409374
0.345453557341656 0.0872104984523299 0.0828279207723379 0.0752024029770321
0.277288645952656 -0.0546981036481523 0.122756783790709 0.136645854027231
0.189061067128467 -0.116883226347908 0.164906166749321 0.102795718772284
0.161768228390714 -0.103267375678312 0.161384161097225 0.0277939693240867
0.158272544126636 -0.0892289336403279 0.107794885448728 0.00239401972138211
0.223971737680816 -0.0286668030239456 0.0232195609936065 -0.0235693181521711
0.252943220640823 0.095795104860156 -0.0354634667723561 -0.0764221140420603
0.196926592918664 0.278732894074536 -0.0013661379818105 -0.186228817100606
0.021319138224965 0.293031301719005 0.0701667021367676 -0.27996985395956
-0.0686900950411468 0.219352112892411 0.192489230803545 -0.334276337782585
0.0336509880809589 0.238513552234286 0.288588261495489 -0.224314436972093
0.159251827106865 0.0762402790371877 -0.0408421919509496 -0.301580828581498
-0.0060939458170929 0.0297837098137291 -0.111413264749691 0.150503002198007
-0.007492514397361 0.190174048931924 0.20776987002176 0.166890259556208
0.178041970330742 0.24461711060737 0.172974307413157 0.0298717852632362
0.284889949897018 0.0541697017055853 0.165984679130529 0.0971048139139654
0.206653279205445 -0.0774105684551643 0.223487593329872 0.0983052035039738
0.124444114795147 -0.12629105437171 0.242348422329019 0.0524082012855537
0.107627588150435 -0.118419037484261 0.21418299030482 -0.00889043366558852
0.100986315467664 -0.105186828201698 0.15811418556435 -0.020457018239505
0.167516864709485 -0.0638558692595101 0.0840557098298759 -0.036073436742732
0.211658291812935 0.0602020316780548 0.0456026862695485 -0.0667521209375223
0.132542341802408 0.242067716359898 0.0664894550122533 -0.142677112921162
-0.0493760222570321 0.193863989771721 0.109446960477084 -0.249354777776293
-0.0497307494706675 0.0724328227380543 0.234270893446535 -0.350946689151827
0.116992821147343 0.113416238049582 0.325125756747618 -0.272434386399907
0.15974619008207 -0.0899472361372577 -0.0245942488253626 -0.305512852613675
-0.0627615309292359 -0.0990633424691497 -0.0484895710235124 0.0786175710515827
-0.0817131735627539 0.101769208988741 0.178159976157694 0.103001288944399
0.0949492956932026 0.176688353310572 0.165161988745569 0.0631506388007591
0.178234465642829 0.0105397146653248 0.235192091708262 0.105407622569994
0.0979519958118625 -0.0843969419774077 0.290394273243954 0.0521376183248419
0.0372483256849619 -0.11339305036371 0.283167969677218 0.00243921244138078
0.037151630769031 -0.11597693368459 0.236962675885994 -0.0430847304383707
0.0338084155938134 -0.111749922678125 0.18325896349231 -0.0504514195544625
0.104976231986338 -0.0945407595274734 0.129735204504735 -0.055842822985542
0.162350280700227 0.0217746486407775 0.113543390211524 -0.052467200826028
0.0678124715700822 0.175026169382186 0.100894861782653 -0.0880790502198876
-0.0820573174410941 0.0640822690308017 0.105869872083735 -0.220720629862325
0.0186253084562083 -0.0683104091199253 0.255799014152422 -0.369818601137428
0.204260801575552 -0.00588425465840894 0.327792748729587 -0.288524779141721
-0.249698680854077 0.176313912733761 -0.344130263495527 0.19453798423614
-0.082410406513594 0.235303917201696 -0.370623014397063 0.467767939915318
0.0730954669843051 0.0789574464971779 -0.0510287475379429 0.288799625039206
-0.0172161570804452 -0.061770925222992 -0.0398335758944892 0.0395233238871278
-0.0982074931885691 0.0336359907688255 -0.171390396918378 0.00966584194429161
-0.0226826030856216 0.1036482919782 -0.187638430489942 0.0916906709791732
0.0486290636801352 0.104365822099007 -0.190105330090482 0.103439396289536
0.0498905768065392 0.100476496849014 -0.220636692144815 0.0813694780103769
0.0555020240324069 0.0855332251595594 -0.297791331727116 0.0499662545166863
0.0250530814077382 0.0924135823501736 -0.316599582249696 -0.00419224007655709
-0.0438966265578132 0.0338585005234086 -0.293745312512033 -0.0645242495724992
0.00338795853443478 -0.0839179766693918 -0.232193510026425 -0.0983974746283987
0.157521411439633 -0.00187023581936594 -0.171824970850048 -0.0889395159021838
0.0679338219977262 0.222115332060546 -0.00330810084724281 -0.0942087638692899
-0.169835891813962 0.2396613169814 0.01620332221317 0.299043849738778
-0.246044937828507 0.273201253887893 -0.288463816659205 0.128232175816069
-0.129682347055737 0.335072689335015 -0.393657191772559 0.47127915810576
0.0722061901507364 0.227741373724437 -0.00534572295191204 0.339538547892776
0.0749462075478559 0.0636601621918993 -0.0027825292132412 0.0134548628284036
0.0173246209551245 0.0718255866681719 -0.192740580630563 0.00546924030032319
0.0705046386748663 0.0969742346715233 -0.199169710735529 0.131730361123987
0.125655503071842 0.0717160777550938 -0.16884964572103 0.145362789892768
0.125552973182276 0.0598833415423368 -0.171870748620025 0.102787762263633
0.141590406387972 0.0411637362262084 -0.246550502173575 0.0656827105163877
0.148380014691333 0.0772102631539691 -0.294988288347324 0.0110290490286148
0.0906741409397767 0.0800792260456045 -0.306843470450628 -0.0669763511529523
0.102367949294631 0.0434594078495869 -0.228407651421284 -0.143031907260957
0.179484965401302 0.123907738583542 -0.131343367307224 -0.135043488566143
0.0627339967795494 0.321544873749484 0.0203656956255017 -0.111730553180077
-0.150507584276564 0.369058769704607 0.062492742840179 0.221631373408394
-0.181690425020749 0.351942653026561 -0.212536444941857 0.0415737034507269
-0.109643624937706 0.394634700402417 -0.386856148901203 0.461283307864058
0.0944266317659561 0.338975663977825 0.0557042812573756 0.397799679604476
0.175942200319044 0.18502967140298 0.0596712659454479 0.0143327370212476
0.158444271657235 0.104154012784136 -0.169234470272396 0.0139821205848759
0.174919239898571 0.0692635074367591 -0.169675318583411 0.162902953171923
0.191068612296791 0.0207796391848829 -0.114032398315177 0.17109012604228
0.181572420567949 0.0110073052373953 -0.094715566755156 0.107672315711403
0.200627531910889 -0.00321194130091966 -0.161658118996009 0.0614739115285323
0.241243273424496 0.0549130974633087 -0.235042834850829 0.0112341021086312
0.207223695142376 0.11113188440043 -0.283345441698152 -0.0699311901480834
0.198093310609024 0.161816192632216 -0.210550217948765 -0.181923806887125
0.18924474997208 0.247411367044924 -0.0961681044382366 -0.200547179332083
0.0373246230790688 0.391109269971546 0.0547951668795177 -0.171715710402136
-0.121143284993025 0.437402014390335 0.121527964789364 0.104288707047235
-0.0723133874786923 0.386037734386131 -0.144276774446981 -0.0621799527188266
-0.03232610778164 0.396765097127141 -0.347134858557795 0.42032600058726
0.133576484310274 0.383635280427561 0.129726402977225 0.418096253332957
0.264143674333025 0.264059303879751 0.127383011839601 0.0205185273472837
0.289206718113712 0.117333491406916 -0.103440193137885 0.0335500121996865
0.265258852380966 0.0253326035851969 -0.0934891046648393 0.17865842897818
0.231076806405201 -0.0381096345671798 -0.026797858088478 0.174442637864863
0.208284944571743 -0.0378727000538661 -0.000519931051670059 0.0922063392183519
0.223735679159158 -0.0412805640523178 -0.0605959917372116 0.0438945885380927
0.286535372279656 0.0286544238816853 -0.149933928260789 0.00110031958571805
0.280024606851431 0.124712358819221 -0.221036800922326 -0.0749944495553598
0.260933764761865 0.249172316021729 -0.165256867851633 -0.209530333551313
0.171388097517083 0.335786037932035 -0.0545201213880177 -0.263953366721137
-0.00350210698753802 0.409328216394446 0.097430681395447 -0.250816023371998
-0.0827676456889672 0.43682859248389 0.187369482307305 -0.0301838764392718
0.0468970078324847 0.352630638697834 -0.0970519325817406 -0.172624787367617
0.0373488120347629 0.321775735101258 -0.282413180048472 0.35212595181273
0.142259425913286 0.354756524351505 0.19453697815549 0.376515710692308
0.299838408757303 0.294729307452501 0.175832246036431 0.018597225688824
0.367616691879109 0.107180819708703 -0.00965707223407459 0.0574716980314164
0.31101423705504 -0.0249295006990255 0.0167658662383794 0.17162655709115
0.234786670609717 -0.0916332204980102 0.0770038130221882 0.150514774233232
0.203131036882705 -0.0807536675177948 0.0924552511199484 0.0629108025173832
0.208959597286932 -0.0712692250900176 0.0367532283891877 0.0209930577738472
0.281089051861094 -0.000318466762628363 -0.0575216580554865 -0.0126736517042551
0.29736088415946 0.119505958609616 -0.133532763768216 -0.0801252879142963
0.263803853957629 0.29489492087077 -0.0906376149481493 -0.218457463976278
0.112743696332064 0.3600607460793 0.0045680422312975 -0.301291255291152
-0.0466473577047297 0.355628020963758 0.147608125187672 -0.319213217963175
-0.0320846795314226 0.36711807233562 0.251298287862535 -0.153339619639996
0.133015961168198 0.243738271262079 -0.0690416529675242 -0.265062686653896
0.0455826594191498 0.186256614492437 -0.201511502092607 0.261952308971224
0.0883541901940422 0.28506342475433 0.229943486138875 0.279878360239519
0.270243634260396 0.291020553753682 0.191208681411393 0.0154490062597987
0.370552611459247 0.0834805955643199 0.0896238852991791 0.0815646685878723
0.295058046852883 -0.0650020335669278 0.138421843469879 0.144191345406334
0.199492513022786 -0.125484336211609 0.180065324174873 0.105453450354108
0.168579004289475 -0.11253170910845 0.17209159884562 0.0250082710770265
0.166704629060627 -0.0942554632437039 0.113917913763774 -0.00330448371821176
0.236150051324675 -0.033941968305056 0.0246399702021669 -0.0250653308572187
0.271315310712225 0.0957168641476608 -0.0384497474336921 -0.07934478808869
0.216035316849024 0.294343189773453 -0.0030890900893023 -0.199297373360912
0.0279840403727529 0.312911930181877 0.0684915975075579 -0.299576587877568
-0.0726003418702699 0.234684114857398 0.199573713448485 -0.357914685164791
0.0368722110210903 0.251924713658969 0.307515157742673 -0.244474888560445
0.170230936976633 0.0807653624521146 -0.0485103976445866 -0.319094867445765
-0.00622769092681995 0.0332628343764502 -0.117123990427383 0.165912532552051
-0.00368032442620417 0.203165391251573 0.224582260206921 0.173457944910341
0.197284846512231 0.258201222387229 0.182852782727476 0.0284970343547098
0.30531872343345 0.0496256288481749 0.180073085956882 0.103179625974101
0.218440781215871 -0.0870107593461278 0.244414229574297 0.101521203810123
0.129282951421614 -0.134391595396706 0.262076742886959 0.0512904055828005
0.109814652997713 -0.127963432179245 0.228454873567935 -0.0147056263528947
0.105140116816066 -0.111062124034221 0.167839670379384 -0.0284022443780908
0.175020241330278 -0.0708970879788883 0.0896322208887345 -0.0393454228095326
0.226396431772689 0.0591703159047329 0.047730733452768 -0.0712529024184092
0.147099775799174 0.255874089427484 0.0696934301207659 -0.153390289182433
-0.0497811833975208 0.208435973022883 0.109605056994311 -0.26619261657146
-0.0542601018898449 0.0780408390973732 0.243956767845864 -0.376716740197759
0.124057376973128 0.1180896157627 0.345596955460881 -0.297954194575648
0.168259420946112 -0.0959981024362701 -0.0301928951848311 -0.325478027764412
-0.0699037366287877 -0.103158269760248 -0.051033912927135 0.0881588834659978
-0.0843657751254232 0.109522105587233 0.190477252075516 0.106298731339148
0.107606071956705 0.186670702843703 0.175910156967616 0.0649493654839882
0.188686570836836 0.00529462200362819 0.255041348680452 0.110600429309856
0.101865352890473 -0.0926760405244623 0.31421364500471 0.0515067667720834
0.0358202406721483 -0.118864752407584 0.304819447874128 -0.00219442969106047
0.0340360036113765 -0.12422116875116 0.252044697931897 -0.0523527318112831
0.0322658908580779 -0.118369902335178 0.194065696478527 -0.0598484245400251
0.107801485861835 -0.103084132941102 0.13804043681825 -0.0611097876638208
0.173747566842356 0.0177395960274226 0.121099681049281 -0.0578172271407561
0.0784016759485017 0.185221260748503 0.107764415139552 -0.0959244128653921
-0.0878277954187338 0.0705846666459542 0.106920362833792 -0.235526321326315
0.0166517775990358 -0.0734850940774409 0.268421816673166 -0.396443731988011
0.215149326868836 -0.00990640121448271 0.350314099859662 -0.313234524718389
-0.289141594139079 0.141803935343383 -0.402835318463969 0.147471445069279
-0.117423355005502 0.234115030016068 -0.462809331743724 0.433626861325068
0.0625756447921879 0.0947185744454607 -0.0906331009536789 0.292610425698174
-0.0087505467325633 -0.0642813298292921 -0.0481425816265295 0.0271949975960959
-0.106986842510937 0.0225801394065282 -0.187798282250953 -0.0135339409342245
-0.0422427794133079 0.106910616408785 -0.211167095662909 0.0705290617546347
0.0323195994346313 0.115583297912831 -0.216451977734548 0.083330409963202
0.0329858825974998 0.11607778874353 -0.243148086761685 0.0485032180739447
0.0439145346841864 0.0988893534835102 -0.323822748716006 0.00579544655396172
0.010272647250258 0.101012987350919 -0.335153993824114 -0.05489843164846
-0.0549947295402018 0.0281650798709487 -0.294750377930748 -0.115237441354085
0.01301085185756 -0.0881773263841358 -0.222678531440579 -0.135420774801083
0.162761432768096 0.0280072224182737 -0.16654643721852 -0.120491264554485
0.0303012974039348 0.245741935801604 0.00763953705425862 -0.112060712756233
-0.229142201485663 0.227254057381472 -0.0218226907626746 0.306191580304773
-0.303746617091487 0.240101323458063 -0.335212367044093 0.0929333159575123
-0.183585085783096 0.326989943795265 -0.490155973851164 0.439109366345693
0.0365109773142914 0.245793276454609 -0.0515786919269771 0.360769537251528
0.0643474582201989 0.0770991206621408 -0.0040654109693344 0.0155515148905421
0.00405886804090854 0.0811741027086023 -0.203333084037673 -0.0196771564589509
0.0558352077211151 0.115924512631543 -0.226611759227732 0.111201361719291
0.117644567516653 0.0964377746572995 -0.197922336201247 0.130999342051486
0.11993909098477 0.0888105323548832 -0.195926320940818 0.0797938522094438
0.140564614614353 0.0693424055216088 -0.273170543683754 0.0316375227844727
0.141678987046404 0.107940635273321 -0.315736974344989 -0.0340020190254618
0.0772893550792255 0.102961770319801 -0.313029757346795 -0.119678692229702
0.0961380389616794 0.0619078208473737 -0.220615844604483 -0.185986229045831
0.160315928830862 0.164201231841765 -0.117995992329325 -0.165318441140302
0.00551624838317498 0.348301237652392 0.0351932847726413 -0.130637483070913
-0.233248744517801 0.367894017034029 0.0424207506123494 0.226093998775463
-0.252709065642632 0.328040214111486 -0.240796078434861 0.0220224175468779
-0.173585572805546 0.390683341114582 -0.48086839624558 0.430539870924777
0.0408827851898987 0.362729682244698 0.00374699190118355 0.439971548261784
0.148062716340636 0.216108446528573 0.064070602370679 0.0364562464154159
0.143380453862719 0.137794271896781 -0.172963401509381 -0.00643198333985054
0.169392674071213 0.105596490768011 -0.197387746091967 0.148243617264612
0.194137839259177 0.0556960133225564 -0.140866354614082 0.168393126536035
0.186989687872025 0.0504071259577734 -0.11534143087457 0.0962036152809607
0.208933837176801 0.0350184728892688 -0.183604088713379 0.0399803146320196
0.242083719000045 0.100532073721962 -0.253658880370302 -0.0223950950497917
0.193595285847375 0.159572903515092 -0.291940666228106 -0.120269809284371
0.178209058781115 0.202431307023329 -0.203075635544762 -0.228917358966474
0.147043775805213 0.294284813612915 -0.0725291641299875 -0.231552581588056
-0.0352982151419195 0.414558348283085 0.082150307447903 -0.189110133003726
-0.216676709946088 0.44580356668582 0.125024907813461 0.110735561313323
-0.148373322112287 0.382834290911978 -0.147810367002039 -0.0699097589473224
-0.096189297856549 0.405111999636812 -0.431266686373746 0.396861628308351
0.0749230212059618 0.413698237373325 0.0779828001281284 0.47511973954937
0.226056525209627 0.31052923417625 0.136092183456148 0.0611172779057019
0.275963610574335 0.171894230786532 -0.0986854973151276 0.0248435064742722
0.27278738163316 0.0741633735537921 -0.116161614619475 0.175134014796346
0.245105684817567 0.00232956319601482 -0.0469225232870853 0.183721074279186
0.224113225324337 0.00449888107590362 -0.0149051594497973 0.0960519953477078
0.238704273954734 0.000373920138874633 -0.0743597396846502 0.0371463466096327
0.293365545870016 0.0813097612075133 -0.162741325339498 -0.0178365234990813
0.267142432784268 0.187631982305508 -0.229271401421592 -0.114942780997182
0.229662550769628 0.304410770156859 -0.157690163525928 -0.253097642534528
0.11152304610757 0.382099088447421 -0.0204370470244434 -0.292117065248454
-0.0798571988533515 0.425568790300215 0.141656755588134 -0.263235905296062
-0.175284027336451 0.448873954682672 0.215761240481376 -0.0179195512722254
-0.0222744091334717 0.368983416547337 -0.0745453595643823 -0.175770846964451
-0.0134749035720464 0.340121290191951 -0.351288866572556 0.33440199957326
0.088224684422949 0.386206576009936 0.15439290370546 0.442281528555454
0.259070085874133 0.345571193166933 0.18914002608698 0.0717473701213623
0.358874912838352 0.172903356108097 0.000547625874621785 0.063707745356269
0.328633974058335 0.0287330413085226 0.00369236837635372 0.184912696923856
0.257768676819635 -0.05129262020639 0.0680043760591297 0.174054601286862
0.226803738549903 -0.0416870262712333 0.0874030340663553 0.0804394496330455
0.229210906584207 -0.0320780438058712 0.0315089729523096 0.0266529515747341
0.291744473158359 0.0507185625549323 -0.0635915892673721 -0.0172721967302303
0.287188102803314 0.184983228009377 -0.137693384738826 -0.106839540850521
0.227644342270181 0.352869230161238 -0.0796008552070949 -0.253300050895859
0.046118806820919 0.39638409142961 0.0485186802556424 -0.322996902181956
-0.116287978472481 0.358949908179096 0.206536426650474 -0.320933828258831
-0.10684681641888 0.383312421477346 0.301635104318652 -0.133124367745113
0.0845851533213478 0.272334421350412 -0.0251274754362049 -0.270082695719606
0.0170954466182637 0.202376183909968 -0.251217476679639 0.249891391249123
0.0456724600141242 0.304444672121965 0.201248560837379 0.343568014047464
0.230206985776874 0.337922313571779 0.204714448591204 0.0712243765613224
0.367171097347072 0.146892237266514 0.101685747798854 0.103693757902218
0.319584226453877 -0.0165958968435232 0.135227585347804 0.173891988787543
0.227329335941006 -0.0927689818652452 0.183810159236525 0.141401135551588
0.196693870992429 -0.0823634434519109 0.176603711820643 0.053676479701844
0.189129292766231 -0.0647408936224202 0.118459915622372 0.0140000704340253
0.250909757628483 0.0080973444460019 0.0263568000071404 -0.0178587826089625
0.264772425391966 0.153788458096922 -0.0378371209317256 -0.0905421651955422
0.178494812405624 0.344197579418605 0.0111781005757169 -0.220161438769637
-0.0328394439947821 0.330065759834805 0.115771200619186 -0.308262593488833
-0.118939469960763 0.227518367546738 0.268848116856474 -0.34693562102926
-0.0110328705174655 0.272593550107319 0.371947621611801 -0.213959096438965
0.152330552666803 0.112272458004706 0.00939201360278156 -0.329430944268159
-0.0107158063351527 0.0364363555804428 -0.148505371966636 0.159642121365207
-0.034527366109278 0.203906185250491 0.205564307769304 0.228088578393576
0.162954164688428 0.291861925695569 0.190457483304977 0.0815300902256643
0.306241166063412 0.0986431310660497 0.191541196083988 0.138357010435307
0.24451020597654 -0.0543910962967768 0.251641023398633 0.144581979881491
0.156337632795581 -0.114129335096396 0.27767476356557 0.0956206608328321
0.137620282019516 -0.111195991279855 0.242416048603747 0.0208577859258005
0.127690782754167 -0.0935773312868172 0.179533494814275 -0.00398059969442496
0.192800404110789 -0.0422945254674271 0.0982186759387455 -0.0222433907146189
0.226174134320727 0.105889799448731 0.0533644033154043 -0.0682366683673356
0.114299021610521 0.291777467034924 0.0842907469040949 -0.159872589936627
-0.0922819941524595 0.205490690861215 0.155532872297878 -0.26389202389035
-0.0686247592340825 0.0664697634406658 0.315639551241083 -0.349317852644739
0.110099461684241 0.146663725964542 0.414463300581129 -0.256466860397909
0.183223219161304 -0.0700123641086157 0.0310762388836212 -0.340392616561381
-0.0531257944068207 -0.114951782200007 -0.0681776067933034 0.0841272384196684
-0.101337789562129 0.0947749039535461 0.175081347585383 0.148135312413156
0.0842689177295013 0.203751543124418 0.174430083174235 0.112244752405392
0.195492353387104 0.0313828166900107 0.262133491804335 0.15531047383036
0.123819136276189 -0.0813089675791442 0.32754876602876 0.102525731983356
0.0569567572752764 -0.115440875608407 0.328505018418808 0.0443337440985675
0.0584059371943276 -0.123617015664276 0.273668248321966 -0.0146713035059418
0.0536760400577207 -0.114510196933528 0.214958476831027 -0.0330455055152894
0.128179789031643 -0.0892811892467983 0.154215872551024 -0.0384181206452567
0.180310241186165 0.0515471870204884 0.1291688030156 -0.0422379012695521
0.0544732922390498 0.2066683126672 0.119963597399647 -0.090630600512553
-0.103784005824943 0.0545484554551371 0.14825106356898 -0.228072675022895
0.0358168482116894 -0.0777883389336459 0.343840653799035 -0.359444256906148
0.23427267553103 0.0285220496040752 0.415234322028881 -0.268259753361917
-0.278468386869452 0.165358563215386 -0.39887633192515 0.182774653996852
-0.0975781290238816 0.245511324317911 -0.429644710696415 0.475757775701185
0.0701864207206163 0.089041201455906 -0.0644386834045041 0.298143052243172
-0.016320517499819 -0.0634074680585255 -0.0482530579375376 0.0276788317229799
-0.105928876927253 0.0334599199493049 -0.190407625930819 0.00350551526233056
-0.0330088793134295 0.112307044235312 -0.205140478174189 0.0902635051741253
0.0432746963966416 0.113686694077985 -0.209135764074417 0.101971506059542
0.0460870619802033 0.113961885663459 -0.239223679179551 0.0699618380988296
0.0544758708219207 0.0961795075015183 -0.325431207983534 0.0351245680009395
0.0217191088097239 0.10069384445773 -0.343785601483692 -0.0276587764019446
-0.0521007748546728 0.0342880936601911 -0.307836039428181 -0.0927824281915539
0.00371678323028777 -0.087911720747081 -0.234726624098668 -0.117308232144302
0.165907621943405 0.0139180154672461 -0.175108927022504 -0.106850348886684
0.0535329626828598 0.245531013339075 -0.0042481698714424 -0.117219477822334
-0.209613205690936 0.247269895113214 0.00550795138885477 0.308140135386387
-0.286476246078497 0.265063059377728 -0.33471140808219 0.1247565431929
-0.156704056484148 0.34457512350925 -0.45733032956155 0.484034649750745
0.05744890249573 0.241920199824651 -0.0190827125149046 0.362795141046373
0.0703084833820284 0.0720175743601309 -0.00572808774405792 0.012344782859633
0.0109087624833033 0.0820080368225488 -0.208025265902005 -0.000795631464660423
0.0663520358033808 0.111887654517526 -0.216324900904031 0.132905534810132
0.128600006228287 0.086955836042077 -0.186032051378261 0.149054095843538
0.130546099604152 0.0800482168287037 -0.189307333198907 0.0968232690487739
0.148810293624344 0.0583504496491029 -0.272622563080075 0.0553995071872937
0.154368916761992 0.0952450328784157 -0.321753735178457 -0.00707294490506078
0.0875679781186557 0.0983085882837298 -0.326364214722889 -0.0948440502440781
0.100824095017937 0.0569320440097935 -0.23728285735376 -0.168902437707053
0.175323136666442 0.151161151683264 -0.131311547288786 -0.155898156783928
0.0354775034079396 0.350407749245064 0.0221358301799601 -0.137207044592808
-0.202106753879638 0.388178861182068 0.0620400478257671 0.223087671372974
-0.228763412259251 0.350304129100059 -0.244427538201274 0.0455615344211318
-0.140425147679214 0.406514392762493 -0.448003623814094 0.473223280730228
0.0723067803892474 0.359400594436705 0.043392374289407 0.437394989021244
0.167123032367726 0.205304804984532 0.0631711706281605 0.0277200788315139
0.155591451870584 0.126158099167431 -0.176560881305854 0.0101458857822704
0.180004521951368 0.091220783386811 -0.18284790262257 0.167407095865937
0.201067948883828 0.0411846786092406 -0.124512233930216 0.181400478415822
0.193728046213495 0.0349495774629942 -0.106987957533636 0.106237998427478
0.214684715645222 0.0181141440267609 -0.182184003429691 0.0547784376201811
0.253656261068442 0.0799023847596454 -0.257850688024891 -0.000479107720954999
0.209520088329896 0.143920101165559 -0.304169755298842 -0.0950655794378496
0.196538598115577 0.190595924231618 -0.224170820075895 -0.213262427585321
0.172238099182449 0.283617935399148 -0.0924353602848503 -0.226027970218545
-0.00138535538843414 0.420881064551128 0.0651948016465518 -0.1983325681108
-0.179961842841224 0.465059142085666 0.136016634950115 0.099852977141795
-0.116840862848796 0.396480853016963 -0.158083485308048 -0.05468892408137
-0.0627982891971564 0.415376388612332 -0.400061101784388 0.437856448932912
0.110653230758898 0.408442171508972 0.122399335132766 0.469542871036607
0.25478040742366 0.293000330040016 0.137940643208288 0.0479322397242197
0.292646729410467 0.147521953415395 -0.0999098129881916 0.0359380617336158
0.280039544439125 0.0494722464078846 -0.098519853240357 0.187408470293082
0.247671492983934 -0.0164740706450961 -0.0302108950622062 0.188341993534575
0.226340959749854 -0.013562622942055 -0.00667754710090939 0.0967607245991051
0.240544924652355 -0.0181648911560001 -0.0730576239285564 0.0409453401854133
0.302555188739624 0.0571467161114398 -0.165582706102767 -0.00400988830262797
0.28615149810986 0.16562090460709 -0.240307080681132 -0.0941321434804712
0.257566794152712 0.288657092400237 -0.178742633826949 -0.242161130882364
0.144476085240023 0.374386477650528 -0.0458592046053544 -0.291323059546231
-0.0474022096095604 0.43474898746375 0.118660939565625 -0.276642574707997
-0.140000542362254 0.463465834150407 0.216485473349066 -0.0377104374533151
0.00742520808769562 0.372399937931731 -0.0911349610809271 -0.167066200437427
0.0142212963075864 0.343589821941423 -0.325703978696573 0.370420184896751
0.123396795616097 0.379347997671531 0.195528023603726 0.428813461270504
0.291488255980266 0.326972103575305 0.191943185542989 0.0548474803513165
0.376572438321067 0.140688542290341 0.00416648961722502 0.0670266920305606
0.332934650665507 -0.00073986309438468 0.0237085281047116 0.186425685736303
0.255808523680295 -0.0714725675486998 0.0857741540705214 0.169073323965709
0.223375946150664 -0.0597091319087295 0.095084439943962 0.0714969405980102
0.228241082693096 -0.0503715805034318 0.0318877485916114 0.0213506033634672
0.297003522882085 0.0262691194486939 -0.0651920009622159 -0.0113524690545749
0.306061763590359 0.161024840278309 -0.147517980925779 -0.093540153478706
0.260004953262672 0.336248612074324 -0.100649625233013 -0.2486113612056
0.0802617322107504 0.393297717254617 0.0193284189988358 -0.327015483911577
-0.0892982587171341 0.371296520061157 0.181028604843572 -0.339460931403771
-0.0778294913106647 0.391759687125301 0.29343571307318 -0.159964251925656
0.107588619175446 0.266917776401718 -0.0483170336805235 -0.267448617322803
0.0330714664156301 0.202473148947279 -0.230546445803797 0.277372015615254
0.0726874049053678 0.301220792270011 0.233122671039623 0.326988699271845
0.263838281814984 0.320485402720801 0.208739295339395 0.0544311753727275
0.382837827238709 0.113405031854027 0.111299861351568 0.0978083684880612
0.320022806516936 -0.0457869115682901 0.155824077623983 0.163676635327191
0.221776490844973 -0.11061980646489 0.199329670826595 0.126827316320614
0.18876595125877 -0.0989098893113177 0.182399026534687 0.0376997722325065
0.185123977318004 -0.0785724663945477 0.118050012319747 0.000877219658498468
0.251285307919197 -0.0132952805693982 0.0259627684338628 -0.0193506069964103
0.280730530794724 0.131217475091163 -0.0460929720819738 -0.0860072398451085
0.210415080959423 0.331316960121335 -0.00667676569950218 -0.223191830813393
-0.00539006466715951 0.334057984197076 0.0879600509550759 -0.317635964210444
-0.104313179558887 0.23889361733943 0.24164909312129 -0.368897543946776
0.0095582834565365 0.273366450119111 0.358644603463335 -0.247268600598972
0.162638083311675 0.100983899719193 -0.0177756344213318 -0.330297150094707
-0.00886378822790347 0.0376358334290179 -0.134424804839423 0.177278291819175
-0.0161764520565093 0.207644033204915 0.227588817349868 0.211633097905795
0.193119610784441 0.279960464321719 0.196397000065872 0.0658739225533208
0.316560975362998 0.0701971037905888 0.206061291615927 0.124294225458816
0.240904154762279 -0.0777895864512139 0.270053121882051 0.124640155316944
0.1475492615963 -0.126084690994335 0.290090417919639 0.0721874674125726
0.126480784570742 -0.122827609330312 0.245672262006816 -0.000451749064939153
0.11969653503087 -0.102395072202257 0.178689256840312 -0.0220710784560949
0.187722991587683 -0.0588421195756356 0.097908486934728 -0.0305199469548629
0.236551448413608 0.0852497433750861 0.0476355990002068 -0.0711301941382344
0.142578282081047 0.283174419568361 0.0717069067507874 -0.1686841810156
-0.0759115007040899 0.215068661261094 0.131647005752318 -0.27663770651056
-0.066848111204912 0.072653838993422 0.290251102421862 -0.375087478763651
0.120365619423727 0.137222222147477 0.399575863926216 -0.294698345727614
0.179608101723513 -0.0846499530692804 0.00342332412134269 -0.344682902155352
-0.0640522796555202 -0.11088821325877 -0.0608310238097073 0.0936289266823329
-0.0930171507715087 0.10283763005346 0.19013833437688 0.134393778975643
0.105669112957876 0.197269883107202 0.183764784603053 0.099351982791018
0.198081392885427 0.0126145921324807 0.279339866088539 0.134156140057313
0.116095113334625 -0.0936762115734474 0.342246005163836 0.0747613944004188
0.0464847416636987 -0.119049174475856 0.336510160453119 0.0161542950003274
0.0445061121042613 -0.129138285479968 0.274955925721862 -0.0389143240531843
0.0433592988977261 -0.11804586549027 0.211125749603525 -0.0547962975639616
0.118038966420664 -0.0999701699066666 0.153009948501805 -0.0517979725357444
0.185883418620827 0.0342758648464029 0.127628187860093 -0.0526690553813135
0.0746242825643037 0.202531964996398 0.113786018165597 -0.101017561842634
-0.100734550947026 0.0641381559404258 0.128716961441315 -0.238142927022219
0.0268748976704494 -0.0817727967419234 0.316578274665872 -0.386628916267915
0.235640055603684 0.00883053269583231 0.400724747569026 -0.305454677395036
-0.259221254309088 0.175660978837291 -0.379445468600446 0.204511747643319
-0.0785606312432284 0.243404329059652 -0.385093334527437 0.485022910413002
0.0724318320532226 0.0804923605345254 -0.0413172033829258 0.287353153886236
-0.0212758259512307 -0.0598130037825008 -0.0468673285825548 0.0265900443984814
-0.100335665842068 0.0404785906264859 -0.185244134548129 0.0160544944805179
-0.0232787022466561 0.111068660384336 -0.191340153548994 0.101984902270311
0.0501235430389502 0.106851892138402 -0.194446872750776 0.112477572624171
0.0549310838063963 0.10703760722131 -0.226604592272416 0.0825052052511996
0.0603927063865774 0.0893943974950634 -0.312897156616199 0.0555664824771709
0.0292514177359393 0.095637404044673 -0.336516287834848 -0.00486309887620186
-0.0479808043659856 0.038907796674286 -0.304909784543187 -0.0716766241579768
-0.00410620091130089 -0.0831264409637941 -0.234702947184326 -0.0983856696423188
0.160501292034899 0.00170793736375261 -0.17371031348226 -0.0918794586844403
0.0697464059652367 0.234581217401701 -0.0148411181970612 -0.11571808904391
-0.186984067193395 0.252417577508974 0.0254169499202037 0.29742916311985
-0.260806225384262 0.272883743343226 -0.320063120042431 0.144825151335558
-0.130175079272968 0.342489810373171 -0.411951546798161 0.494642306407873
0.0708853170796775 0.229534199100923 0.00655293978863534 0.348254233936653
0.0713591886625242 0.0653535346919786 -0.00798850669447819 0.00943888740680376
0.0158390835293043 0.0789742730248903 -0.202754627804739 0.0138179039660176
0.0715956758497872 0.104346045327854 -0.198275673457822 0.14289233192668
0.131040421135658 0.0757394659142301 -0.16861026814519 0.156445070699059
0.134031247795663 0.0695155707575032 -0.175781570405963 0.105252451762191
0.149724674604688 0.0471252185798781 -0.260990301818345 0.0718186733115815
0.157670084602588 0.0813370149435957 -0.312883160504613 0.013710597288194
0.0917953204148124 0.0909557249122519 -0.323250589786002 -0.0703676150523185
0.10078854600366 0.0510859797106833 -0.239571506840813 -0.148126538287446
0.17825703262184 0.134870743779575 -0.135269973244621 -0.143046288543701
0.0566894709677223 0.33747257448678 0.010411731386499 -0.135752693431243
-0.170274844219291 0.387271707706904 0.074620466202136 0.210048261985681
-0.198908866928315 0.352647434424812 -0.236246967132594 0.0624340742965877
-0.111300751205641 0.403507179851953 -0.403598406967075 0.488687058309031
0.092450251147555 0.341241708937818 0.0728810705273645 0.417088450829234
0.17576218556098 0.187657395614915 0.0587375585829873 0.0203378122771554
0.158887368343641 0.111153455925272 -0.172683297613981 0.0230716028256361
0.179664193645916 0.0760467843606239 -0.163945865987453 0.174292256634681
0.198755125928943 0.0268526464587877 -0.108124536123003 0.183893778041211
0.191998460244618 0.0223562491984413 -0.0958845372549111 0.108566790516854
0.210044797183537 0.00535219327616403 -0.173924602979601 0.0640471607907157
0.251478003947269 0.0609544413117559 -0.25022727534883 0.0163554836146256
0.213384074373804 0.12683224256226 -0.301412089673694 -0.0701371500086723
0.20315628709543 0.173894937296686 -0.229687585716203 -0.191401879407296
0.184517769535973 0.262277495865404 -0.102756561905903 -0.212550825312594
0.0239384622987704 0.408516439310123 0.0487156972291436 -0.19692486894019
-0.14576974699883 0.458217723940284 0.138534116098982 0.0872621139091092
-0.0907812821098783 0.390459167923357 -0.157314878717171 -0.0390015172206716
-0.0360826765714327 0.404813494258967 -0.359555859200144 0.451468314650749
0.133516975593274 0.385376167705211 0.151399061065205 0.442893627123907
0.266691840945812 0.267669515567984 0.132225390306893 0.0360330450112687
0.292915677176585 0.122723636082307 -0.0972214568256837 0.0438383064910822
0.273635929239303 0.0288777604726148 -0.0793482213503675 0.188547690453162
0.241019159685848 -0.0317105032022777 -0.015275569797735 0.184587570192206
0.218664525970449 -0.0263468777149729 0.000795554641566713 0.0932799849724187
0.233513170123622 -0.0316542333784909 -0.0707039202325395 0.0431219329552146
0.29719286401315 0.0357902689365552 -0.160146993850436 0.00767619580050259
0.288521390629525 0.14231509499488 -0.238557189384293 -0.0732882129012923
0.269669788938187 0.265103946876791 -0.188453909624295 -0.223048311179176
0.163121563354999 0.352015683701427 -0.0631418820273055 -0.277334597598204
-0.0194885842750247 0.424353410458656 0.0961728307586469 -0.274705794388201
-0.107594177380667 0.455212124135121 0.207866866671079 -0.0507287889151934
0.0294632622372469 0.360318868436825 -0.0993515413264634 -0.153182665441248
0.0340532083004576 0.330621493946309 -0.289717370742781 0.381650982526007
0.144259760592775 0.356316304983893 0.218211846465741 0.400119357898837
0.306149591293568 0.297931577509704 0.185027832698104 0.0403085409505527
0.373250151214867 0.109488603228229 0.0066320038690817 0.0669364560714629
0.321730695594912 -0.0245841384509865 0.0387444977141476 0.17885796484702
0.244845360636066 -0.0840267085723775 0.095365475667147 0.157247041836991
0.212186195318741 -0.0706985368242417 0.0964004928089042 0.0628783384637355
0.218329288243831 -0.0607444569960358 0.0290287174776099 0.0171743236889496
0.288398920748033 0.006448845539313 -0.0626832565128936 -0.00614998678117091
0.306845934383715 0.135473664465437 -0.14901675124615 -0.0775013421903005
0.274553089885745 0.309691756652971 -0.112992035555133 -0.234541008938427
0.102185398800576 0.374372902045479 -0.0036732327267111 -0.315436033577174
-0.0666123872088797 0.365680138283748 0.154082592764587 -0.338554935041739
-0.0525802286100348 0.381512289680589 0.27573442209977 -0.174357692203309
0.120060351914586 0.252545766507207 -0.0630053780893269 -0.253232578155912
0.0430421270312036 0.193860233520447 -0.20410014486967 0.286348373078151
0.0907372969171843 0.285107997804589 0.249433675769778 0.300018213520964
0.279427933436856 0.293686246777058 0.202191718545241 0.0391937008958845
0.378098985896829 0.0829957006004526 0.114034101677444 0.0898366428570677
0.305236907066954 -0.0674273714335427 0.165414306943854 0.148023420612382
0.208216179649027 -0.119461631221507 0.203511803959428 0.109338226451418
0.175087709477502 -0.106090430449334 0.178681778013381 0.0245136359125497
0.173580795989745 -0.0857172416368099 0.111068886717685 -0.00888632190288012
0.24150859936394 -0.0283398027757563 0.0245080431510926 -0.0199316865580245
0.280428881265454 0.107863267675657 -0.0500514553680041 -0.0777892222724706
0.227679722846698 0.307013616474312 -0.0206588528683729 -0.215364916287213
0.015099818815465 0.323100449888006 0.0640970638500486 -0.310236944599316
-0.0892635252960252 0.238417374778951 0.212095535827924 -0.370221990457468
0.0249766784665286 0.262431103864626 0.333898866335974 -0.263235868469851
0.163897397760339 0.088212017065619 -0.0377088823734397 -0.317039210299779
-0.00734141494870177 0.0378782829088769 -0.116842683271905 0.183830645375353
-0.00160553507629335 0.200257921226895 0.235093778152924 0.18977142547913
0.208243617083488 0.25882361931355 0.191747423697463 0.0529805337431031
0.31080301714666 0.0455331461386068 0.208076022072166 0.108228942682327
0.226960241966436 -0.0926190218753871 0.273441179269761 0.102531193454419
0.134698533760437 -0.129818276195001 0.287760005716785 0.0507729374700715
0.112028631619324 -0.125572316601309 0.237818551026629 -0.0166603303151148
0.109370874534229 -0.105212597812981 0.168995819507844 -0.0350143220506939
0.17573714729225 -0.0683016852720936 0.0935231151531038 -0.0353549844486513
0.23552019005117 0.0652848990594045 0.0417569801279011 -0.0705322498369599
0.157625790307566 0.264475486029519 0.0589775700566524 -0.167167119118477
-0.0605492982810036 0.212819238817378 0.10824189270422 -0.272755249644776
-0.0633600882396045 0.0748016550976009 0.259449468263837 -0.376921444380319
0.123376885162884 0.12422797815835 0.372466571977592 -0.311425038562898
0.168554202364019 -0.0925549312558375 -0.0172556783100836 -0.333235784755074
-0.0697382339296709 -0.102247268393047 -0.0510778848026113 0.0978526281585385
-0.0826494993105738 0.104894852541511 0.193331900249041 0.117993229786169
0.118226755994887 0.18303336976075 0.183812884050199 0.0849263644904845
0.191948763638183 -0.00293591105078452 0.28175860794454 0.112207741994673
0.104703238693024 -0.0991294070976984 0.340014578542776 0.0494206187829247
0.0366800509142359 -0.117187450321827 0.329121907477726 -0.00626651785564473
0.0313005513246495 -0.126419891414764 0.26303987043845 -0.0559029630491533
0.0332731268880741 -0.115347343391346 0.198768505560814 -0.0680068649178646
0.104601807663619 -0.103891966828389 0.145924623977039 -0.0600052959553752
0.18249872222516 0.0187283272992068 0.120283783236343 -0.0590460955904078
0.0878818759466517 0.189998602583998 0.104115537201268 -0.104058966940516
-0.0946075162905397 0.0693803676905451 0.107274878703855 -0.235609699790252
0.0186926407296714 -0.0807236300335545 0.283263545758851 -0.39115182007334
0.227027280905563 -0.00576874716198582 0.372797855377987 -0.322919949481465
-0.245208991854141 0.174296155626426 -0.362545830120961 0.208728475414316
-0.0681612441643766 0.236768740326229 -0.356266438001514 0.476369421629245
0.0707224147149255 0.0750387374596329 -0.0315800829158841 0.272642886221328
-0.0237472051479932 -0.0569149238384393 -0.0462438533994231 0.0240557810620126
-0.094859217629794 0.0431394787416214 -0.177916264344718 0.0204288704411077
-0.0183464035651038 0.108129754039249 -0.179048258908962 0.103988850879466
0.051902788187857 0.100871178309682 -0.182334617800106 0.113229829401352
0.0582451658101739 0.100888574592539 -0.215264292489761 0.0853503298810344
0.0621504443475904 0.0839937082358214 -0.298677906075516 0.0643605264631676
0.0328950873511032 0.0901122987634041 -0.324965893119478 0.00569257412123945
-0.0446427828075185 0.0404537354653462 -0.295766389827104 -0.061161901155393
-0.00765702463961703 -0.0773731818274927 -0.227227629611898 -0.0881878489644378
0.153484971666245 -0.00288588972181098 -0.166593300110425 -0.0837891884716683
0.0749261548572382 0.223164795694792 -0.0204456664770651 -0.112199865994761
-0.172094184131565 0.246385281176155 0.032983459964566 0.283863534231857
-0.244993745840534 0.268320247954528 -0.306229469311882 0.15083694859776
-0.115737906411327 0.332683816225441 -0.381587445188588 0.487583475992839
0.0731932098679232 0.217020939142026 0.0168661685394157 0.32991489978257
0.0701678415278035 0.0603831239199298 -0.0106977643083915 0.00669493865054245
0.01721346340146 0.0759418121503449 -0.196401420294903 0.0195923076002437
0.0723908487647354 0.0982287872201086 -0.184706861340001 0.143203140054457
0.129742032056792 0.0692168487767102 -0.156162281723442 0.155377645670227
0.13309518693016 0.0624906721719617 -0.165028074598517 0.10584480827678
0.146491559010205 0.0409112786114195 -0.249104848420339 0.0764376300290816
0.155496728429424 0.0729802568948696 -0.300995017891741 0.0225826568362287
0.092078302408225 0.0859685638450154 -0.312666494291215 -0.0578025218789682
0.0981394646637209 0.0487677134373054 -0.234065196538661 -0.136341261388949
0.174166595922709 0.123701087566106 -0.132055960537804 -0.133641364680868
0.0644016688148681 0.322782748338896 0.00365243526481079 -0.132114082300427
-0.153535194601083 0.375658941841347 0.0779385433620367 0.199536714782778
-0.184141580563018 0.342710650261645 -0.227463272702229 0.0696267150182339
-0.0983467256236491 0.389599165280651 -0.374479922558884 0.47994497863696
0.0973246435795428 0.323226177881883 0.0825597646515754 0.393752998770551
0.173765416680245 0.174559856055693 0.053971538611687 0.0156638000745082
0.155479110281122 0.10167939048602 -0.167614459355685 0.0287105875205652
0.17426458269573 0.0673950360965319 -0.149800837517862 0.172173327944322
0.193554961514841 0.0202643244027346 -0.0970683456877458 0.179294999751079
0.187015345653491 0.0164289792559449 -0.0878226942844945 0.107247986533714
0.203042926289595 -0.000509200352688104 -0.166594982474259 0.0664863107779886
0.245554177780382 0.0499376158030655 -0.239879209288771 0.0234162128024732
0.209510926094447 0.116285964175697 -0.292011928946848 -0.0571135711620243
0.200701654207067 0.163458594238479 -0.225738617681275 -0.177554145278271
0.182615667377899 0.245865423511003 -0.103335349773723 -0.20061558188344
0.0326790997691485 0.392176890540934 0.0399447350639508 -0.190989243317252
-0.128086177333322 0.442353229684049 0.135549401922636 0.0790506552817354
-0.078865403328324 0.376967891129378 -0.152668168742344 -0.030639260445404
-0.0248560377489099 0.390001031404042 -0.331325966959093 0.445241116557938
0.137699604119909 0.36463176178472 0.158808365288941 0.418106251369027
0.264972402556405 0.249761431927316 0.124384013948503 0.0296715678489956
0.284442300034668 0.107202457678516 -0.094063965320413 0.0467850348490576
0.263468057832687 0.0188958339436351 -0.0689230728096796 0.18279072617055
0.23184378248458 -0.0359134744103953 -0.00807013164597765 0.177462147223482
0.210681995802244 -0.0305979040142398 0.00383614119352084 0.0897588200577443
0.224360871607206 -0.0357112257310776 -0.0685485728493127 0.0428532193832765
0.28714305757995 0.025812404336865 -0.153528994800868 0.0118693780364255
0.282288796528 0.128587655352322 -0.231354033568398 -0.0602560772784482
0.26784150553094 0.247524643373712 -0.187064317899983 -0.208449472933825
0.16548857646062 0.332193739543791 -0.0673934584463268 -0.263084057820356
-0.0108009671043099 0.408658739265737 0.0848416927187923 -0.266245316657475
-0.0912083720425908 0.437931395015961 0.198871652046747 -0.0558891315064782
0.0364292799131892 0.345004379662824 -0.0999135302082578 -0.142313338748741
0.0394929636741817 0.316224331384006 -0.264522717114182 0.376895046569103
0.146786798936711 0.336970050955756 0.222454446871337 0.375238238476475
0.304781240112145 0.278120924772923 0.175684021674397 0.0327835818605361
0.362394637056601 0.0922994017954953 0.00682802989464254 0.0660075689954147
0.306696777327919 -0.0338085613218541 0.0446930341228299 0.170132262432783
0.234590802755191 -0.0868974796731691 0.0982111946064571 0.149635263662158
0.201744616157074 -0.0727740621649264 0.0952220622939275 0.0578326437466048
0.208804486993429 -0.0630206377542444 0.0256779704914306 0.0152856110562986
0.2775027203792 -0.00120625727277376 -0.059983264753941 -0.00329068706652363
0.299394969650354 0.121191185352423 -0.144970749909862 -0.0669689953250493
0.274337419234685 0.29024074433447 -0.114624621984746 -0.22165191858741
0.107377500419026 0.356252877421021 -0.0119154778359152 -0.300302986675271
-0.0565686424564623 0.354020186596955 0.139114734171227 -0.327848254558949
-0.0412043405556684 0.365358905786342 0.261815604603033 -0.175750250747191
0.121950100611786 0.239430311472605 -0.0670882403713547 -0.240348771879291
0.0450086179719399 0.185430076958895 -0.185045349051698 0.283390786541377
0.0946857390931711 0.269154064059772 0.249746504448503 0.279490098840842
0.279941206567736 0.273948362749898 0.192921712760917 0.0325929746053536
0.366048093926677 0.0661227010679753 0.11154546148522 0.084093666019171
0.290265913976147 -0.0748414776630983 0.166284062140423 0.137262191995439
0.198210224487957 -0.119931009168257 0.199853461351477 0.0990377453096191
0.163870355450146 -0.105267362138633 0.172708692522108 0.0181719017911714
0.164989841804064 -0.086164282125643 0.103439935332314 -0.0122475991530736
0.230017921576941 -0.0330611320172028 0.0243273752847753 -0.0191636014832193
0.273458216048244 0.0940440178397537 -0.0496353203565835 -0.0694659195567446
0.229403892358062 0.287288416710658 -0.0256999483735459 -0.205584983623959
0.0221467605224425 0.30890307209643 0.0514428259676368 -0.296638354336966
-0.0830218146419062 0.232471892430978 0.196167981402293 -0.358968693756419
0.029534255812662 0.249932997111869 0.315786194025049 -0.262366988382812
0.159718423839528 0.0807152827084655 -0.0441086665013366 -0.303387542147718
-0.00801853166495209 0.0370022077473702 -0.105201828460913 0.182586493605157
0.00345782589645063 0.190795594640091 0.232381998361739 0.173993152899832
0.21125680543227 0.241926069242859 0.184303381345963 0.0459329680052456
0.299592279121365 0.0326252199435011 0.203960481968723 0.0988666604802531
0.213514772043503 -0.0963464348832607 0.268938996721834 0.0894207340840045
0.126151068079185 -0.127951288062268 0.280479516792439 0.0406769069866311
0.102427151889646 -0.122091637302626 0.227982597459221 -0.0230985342404142
0.102167556404936 -0.102254622121912 0.158465969051108 -0.0395181988898468
0.165150833259949 -0.0700007628471081 0.0904226076337727 -0.0367615528353798
0.228292003728488 0.0541346676212927 0.0386586842702064 -0.0670118234438906
0.16107863991532 0.248120478339716 0.0521925255014995 -0.16152987605394
-0.0537825776859849 0.205637185606178 0.0957721256585822 -0.261061359468338
-0.0619071867105965 0.0742405249169785 0.241519072718734 -0.366672366416717
0.120830506661694 0.115582186266788 0.35247733074876 -0.311048846886438
0.159697839631702 -0.0937499381334402 -0.0258802930174725 -0.319271732351922
-0.0717477765268449 -0.0960186401739257 -0.0441495197469389 0.098155952654859
-0.0772958215279964 0.101291454780286 0.190128575843939 0.107383300094142
0.122391756701544 0.171143539959036 0.178149062041846 0.0779574267967671
0.183414600377057 -0.00938489202468082 0.275562520712637 0.0997173577506498
0.0961068772638924 -0.098792752328711 0.330872925156209 0.0373790719157556
0.0315578804093606 -0.112284448459343 0.318627553725951 -0.0161273278148443
0.0240487383319346 -0.121401621659654 0.250945073582987 -0.0617084117313816
0.0285514927156848 -0.11037383318802 0.186384397514562 -0.0718230853867949
0.0957241710984165 -0.101511238259847 0.13895292889323 -0.0621889437467689
0.176117358266748 0.0107325726611831 0.114231181887373 -0.0588901671485877
0.0917222104158243 0.179005211331457 0.0973348568544817 -0.102052468185991
-0.0901551249345638 0.0693980618905248 0.0957910387014927 -0.224994739672198
0.0140202815767764 -0.0771339277516034 0.26428480061336 -0.379442534032049
0.217047101959639 -0.0112973219933285 0.353135617798484 -0.321830454865844
-0.24126907895509 0.169915834056874 -0.358321143631921 0.207661290007048
-0.0658069875009067 0.232414849060952 -0.349475368902116 0.467360278134025
0.0691513026852404 0.0728937326637232 -0.0297612843495426 0.263067625253029
-0.025429612918131 -0.0555454308811101 -0.0476458659268721 0.0207586338257782
-0.0929638239092511 0.0431727477516176 -0.176132571394571 0.0208730488284155
-0.0173303992938459 0.106726376260151 -0.173617864975075 0.102278201859893
0.0522879327336019 0.09828225937898 -0.176750485228904 0.112391272904219
0.0602356526063914 0.097350716183186 -0.209597222972568 0.0844492626405319
0.0632975086983712 0.0811968628121299 -0.292344391083296 0.0647233829778484
0.0342779308024225 0.0872001661362207 -0.31917930261282 0.00770652693510558
-0.0433950439638702 0.0414982361858984 -0.291076276736916 -0.0600956703762244
-0.00903139836517571 -0.0737651772359425 -0.222560040141039 -0.0854039221588204
0.149555866687768 -0.00502989024231588 -0.161257842386999 -0.0820037619943479
0.0750900993538159 0.218608930564398 -0.0227174411818732 -0.111509434803294
-0.167504134024964 0.24162712767911 0.0338026264971401 0.278292449440331
-0.240882202183434 0.261147985466416 -0.302035827297361 0.150666757570261
-0.112400136699491 0.326133642526511 -0.373685482734019 0.47871549470614
0.0720479507878595 0.211638212504424 0.0181523435579522 0.318925366801507
0.0677904204830278 0.0584761192369252 -0.0130035908829819 0.0041351660928241
0.0168425805662665 0.0737759244000145 -0.194630180081857 0.020278256633667
0.071279577750668 0.0961492931190419 -0.178370736316737 0.141883958545554
0.128498728187871 0.0667576794896883 -0.150636134499011 0.153133387150992
0.133165957372807 0.0608099816915022 -0.160615186163892 0.103793169957349
0.145207496934944 0.0394215717231776 -0.243945779634982 0.0765857842774158
0.154339261144483 0.0700099211364147 -0.29523264782033 0.024067511983218
0.0914612951434783 0.0847298949814874 -0.306896728993651 -0.0547159940170403
0.0959364779772907 0.0494192545650008 -0.229301763884997 -0.132148794983144
0.170110336958718 0.119523436901876 -0.127720280418111 -0.130457531437891
0.0637700139887579 0.31672064150788 0.001056334229377 -0.129835632403071
-0.150897265965267 0.366562642412356 0.0767529120691 0.194482035948317
-0.181283277185329 0.3349889786295 -0.223606940811637 0.072194395323334
-0.0966377489653845 0.382418089977863 -0.364304680694667 0.471639249977643
0.0959383706963419 0.314165344934012 0.0833082647438193 0.380875133241716
0.17110552984293 0.1699034838813 0.0496132753457253 0.0136419503124313
0.151505552203775 0.0978306647750217 -0.167058673205884 0.0300402577240788
0.170253387056649 0.0649540567324637 -0.144366797811457 0.169050441774079
0.191339361656219 0.0193243884454978 -0.0922739991518398 0.176614029348519
0.184868515696449 0.01583325126008 -0.0845238291410541 0.105110895051405
0.199972857215828 -0.00117680359331719 -0.163052134615216 0.0660512464349004
0.241423295235181 0.0480406073708464 -0.234388295808529 0.0242733642969005
0.207202943949916 0.113989837528725 -0.28505784667768 -0.0526205265548425
0.198071788228376 0.160815729771588 -0.221530794250043 -0.172906289624283
0.178321289730856 0.239777427844877 -0.100935892617104 -0.195315186613549
0.0319110095773135 0.384862690409362 0.0366890637077982 -0.186734022317155
-0.125614408727178 0.431265796423638 0.133537046988571 0.0765149228353534
-0.0769088307930086 0.369345111082113 -0.150616524493458 -0.027042080822998
-0.0254585668203134 0.381559324165651 -0.322240066656808 0.437213626756955
0.135670236255699 0.354553171351432 0.160198577330091 0.404212753222268
0.261946548573462 0.242071420330926 0.117889009512304 0.0276402538820216
0.278471568108856 0.102855038811865 -0.0943925457006032 0.0480927006576196
0.256459393030114 0.0172300308982833 -0.0645645519305445 0.179603778114373
0.229494374750325 -0.0360932400623642 -0.00528934141369537 0.174963826458912
0.207317896866605 -0.0297211202529676 0.00541507574564614 0.0870697579217909
0.220429256177221 -0.0350337631274068 -0.0685410384014331 0.0429511851255886
0.282509906109905 0.023729639461713 -0.149437977981819 0.0130423920155386
0.278688471688838 0.124702059756996 -0.22620613001519 -0.0554511027738061
0.265040562089111 0.242814472991645 -0.182758794852687 -0.203155807774055
0.161468024712885 0.324089899425495 -0.0670642478501721 -0.255823035707156
-0.0109652420057129 0.402317484905079 0.0813994129702214 -0.260537681927944
-0.0903714655897331 0.425880146136898 0.195326626473955 -0.0561278170379367
0.0362132481040287 0.337315741829383 -0.0983254115802959 -0.136969588049703
0.037700928938439 0.30969449111561 -0.256433656027972 0.37178771924372
0.144192895471952 0.327424137539606 0.221933599558322 0.362694821228821
0.302163832133749 0.270762331738249 0.169657734714658 0.0311506712921627
0.354835105833578 0.0877885632059423 0.00511211987017335 0.0662395110164735
0.29898489395743 -0.0351561619750681 0.0468529695142377 0.1661784514385
0.231013354007353 -0.0860368269967363 0.0985864791202359 0.145721943769205
0.197449637232523 -0.0705226366158359 0.0939396898206298 0.0556732946970435
0.204823761890525 -0.0615117487153979 0.0229419998403771 0.0149886627986228
0.27223574454977 -0.00255967894131238 -0.0577794276633436 -0.00311440230552885
0.295128806259476 0.116134717240309 -0.140972531724097 -0.0614846204880133
0.271190222205621 0.283319390732482 -0.111791512471538 -0.215844795557099
0.103731174464003 0.347670356134486 -0.0122540251233011 -0.290736011549965
-0.0579643332485525 0.349095341477911 0.136501122268392 -0.319942878707702
-0.0420645752433185 0.356281884988162 0.256945973560872 -0.173642207691284
0.118877370074503 0.23489243387674 -0.066287001694467 -0.233722872720311
0.0422054303615802 0.182330635703798 -0.177881309486042 0.281459643201362
0.0930497264783498 0.261795902233073 0.247097477447692 0.269339009966547
0.278594675922571 0.26715365797545 0.186909824261593 0.0306825013668817
0.358827367605548 0.061525243705572 0.108799971831795 0.0839459712422504
0.281798269660932 -0.0756413967049715 0.166441045233103 0.132897743178103
0.194617590984504 -0.118396087770503 0.199112397846204 0.0965908119188112
0.159679654975878 -0.102168571883093 0.169946697153342 0.0167973801474888
0.161952748677416 -0.0836632867123013 0.0985123841423924 -0.0118103012581254
0.224782293141218 -0.0325762981344396 0.0247577965983603 -0.0188547089147611
0.26830076492763 0.0891839214253314 -0.0480482411829591 -0.0647884699188163
0.227688505086903 0.280517181157637 -0.0252603975544722 -0.200494019874534
0.0210846400692828 0.302883238653091 0.0500528775167785 -0.287591404716249
-0.0833298538767292 0.229445104424908 0.192907816259057 -0.350792860924453
0.0276883699273514 0.242677017230498 0.310819411844475 -0.259452156817791
0.157085518273147 0.0787142914827439 -0.0437080034808024 -0.296256481110149
-0.00923545330906037 0.036647292754227 -0.0990716235460279 0.181464647427616
0.0036341749773952 0.186111663254054 0.23061106485926 0.167599847707942
0.211892501142343 0.235140325021309 0.178923832610601 0.0450477130783387
0.294126142828951 0.0286243655788175 0.201243571476367 0.0962898585355779
0.207031864766078 -0.0965259489565676 0.266420643202159 0.0861324849111891
0.12399099925914 -0.126202298487917 0.276656598378419 0.0379391661386445
0.0982139247612749 -0.118829424303353 0.224014567382803 -0.0240755625884644
0.100070221565893 -0.100236471594158 0.15211141936507 -0.0392060506038777
0.160013708235548 -0.0682883102526741 0.0894313427508332 -0.0363068431183283
0.224647268193175 0.0499169099584014 0.0378117226393841 -0.0631796716677761
0.161494660917752 0.241984254150973 0.0507903824873343 -0.157528692488699
-0.0532089748507169 0.202282645592429 0.0927714298128344 -0.252200730681596
-0.0624805851381068 0.0748663609065549 0.237483378039075 -0.359386038771205
0.117483480905976 0.112420094260808 0.345617406351786 -0.307326847602348
0.156767529776457 -0.0924999919404563 -0.0259815427098902 -0.312768955005563
-0.0717216516187545 -0.0933189126488463 -0.039824734661831 0.0984645386832924
-0.0757902240965922 0.0987067308115014 0.187763534142542 0.103053562864207
0.123713516306186 0.165969990779025 0.173821079267717 0.0756604966881942
0.179199450084334 -0.0114775076416982 0.270866139334911 0.0969584076065737
0.0920713597385533 -0.0979045056199881 0.325993112287773 0.0339017470500578
0.0299590470469025 -0.109979181400635 0.3144813253852 -0.0176341141777273
0.0202458227245181 -0.117844171722549 0.245613497593924 -0.0618513866581924
0.0274014510944583 -0.107582247772602 0.180015972265076 -0.0716662760458748
0.0910471413506136 -0.0991559738966103 0.136045406303704 -0.0621243749773386
0.172717494572202 0.00689120602828232 0.112347840995152 -0.0570163507751448
0.0926954938457567 0.173755879721187 0.0954405549557788 -0.0993945132317035
-0.0897404030618553 0.069831354711002 0.0924488065134399 -0.216389748952355
0.0115597317656797 -0.0748422488320293 0.259793762445338 -0.370969767598123
0.212514908045687 -0.0112800645893344 0.347213321138957 -0.317803346870067
-0.148762462772202 0.251760469867956 -0.243270000144705 0.354500885756973
0.044342971278701 0.23292630041984 -0.11355879749385 0.578553452673404
0.0951122713610902 0.0368767112617183 0.0883510811626661 0.245490673538047
-0.0455895425477587 -0.0383761892091681 -0.0406953626534459 0.0373383123898261
-0.0635836436373577 0.0804171495486682 -0.152195099329936 0.100957073525388
0.0311540834848403 0.104512027207285 -0.109975476266949 0.170955672777037
0.0886283184644632 0.0667694576615344 -0.106824978953495 0.181479578264157
0.0990278866516437 0.0650273954446015 -0.153500825232032 0.169299973186288
0.0925028811293676 0.0472590946201174 -0.238373135879148 0.189310320744157
0.0691941512901896 0.066098406831615 -0.287869097807912 0.149669687974249
-0.0229064653440799 0.0595731903354754 -0.29232309499497 0.0702609181637983
-0.0432815172046442 -0.0614550148588038 -0.233349786683752 0.0146966325414461
0.133994582201485 -0.0703252665685132 -0.176408918410632 -7.84580214732476E-05
0.165506438117901 0.166844696156362 -0.081496350369629 -0.0868818262682001
-0.0458373463428142 0.304555823654352 0.136610095269147 0.228274531767223
-0.114398386898374 0.335701383255438 -0.210894666384907 0.280876918503683
0.0388527408389927 0.337209683747269 -0.12702047903344 0.602100315480521
0.153047566677587 0.159171562699995 0.161937569014831 0.276451437067406
0.0826760978331035 0.0243970486899536 -0.00991583118380767 0.00800806933726909
0.0472708316111607 0.0624322786211744 -0.166499989858849 0.105980277721981
0.107380245271587 0.0583136379542392 -0.0960020364100366 0.205944010766858
0.145148450819235 0.00675820469320179 -0.0631516047867288 0.20486675691954
0.152159878222347 0.000311654537721559 -0.0986707866873989 0.166009657754602
0.150472038785016 -0.0249596320559521 -0.187140369923446 0.18006837977467
0.172110551939363 -0.00105270822961582 -0.255926488005729 0.156247185228176
0.121625729641067 0.0427678885987768 -0.30441744903768 0.0878393280882991
0.106152894900659 0.00401348735872015 -0.264483324881151 -0.0140810575738948
0.205560196229832 0.0371898008936936 -0.172341927908717 -0.0561868077976513
0.196415505665932 0.263581341298386 -0.0719545376958636 -0.114525426963307
0.0269328616611932 0.412686782653337 0.133994462594378 0.13279337276377
-0.0330408756363977 0.380966993889125 -0.167548482193467 0.174864594907554
0.0745783848907099 0.380571359915872 -0.121467592535736 0.59151821972921
0.215530303451303 0.241392309293819 0.253166177819715 0.303894252467703
0.220507312898975 0.0798979394055291 0.0589867746263318 -0.0103340432809093
0.178820491777832 0.0276071237400099 -0.133763097283354 0.0985864691533663
0.184232944873239 -0.0115828737556146 -0.0510379401276513 0.213390686483421
0.182509120728742 -0.0630503872240786 0.00159791316635247 0.198721641101885
0.181799395492548 -0.0625222142337683 -0.0284848245473061 0.133125567798053
0.184827169242773 -0.084334415871967 -0.117635141924324 0.13644315158381
0.243520537813362 -0.0586214825602903 -0.198729256025503 0.13138680431954
0.241570801926026 0.0195291149259373 -0.28269294666178 0.0869245596054523
0.246509914612276 0.0602084483523356 -0.277889755906648 -0.044084900394319
0.265607449480037 0.144985866013099 -0.181808612939277 -0.12376728508531
0.196274932269069 0.341107060739986 -0.0659453596936543 -0.182841942477935
0.0786803307920142 0.460354770278334 0.13203446410559 0.00101621070354832
0.0740969393669473 0.369922523152945 -0.137477818957417 0.0502082953395538
0.137589682154856 0.352606674010427 -0.0943680653436875 0.540104468034504
0.267765415872869 0.260716527444759 0.334432215137995 0.292614422294908
0.33087580165505 0.107145527892045 0.133998310872163 -0.0282504326198833
0.294310069996705 -0.0216198972728575 -0.0579407532105196 0.0784351615045324
0.241748017289886 -0.0923092426822976 0.0253484857485033 0.184523709006603
0.19337558512789 -0.128505524265876 0.0806988349284214 0.155826793951453
0.183283160540964 -0.11330419508409 0.0456880267135951 0.0774349965846308
0.189633874410673 -0.123781267008014 -0.0428423581488892 0.0740755277117201
0.271276093047094 -0.0973768604431948 -0.125087656554476 0.0839703559050628
0.311914477839252 -0.00204897041384041 -0.228641608945436 0.0625424692406525
0.343265001494271 0.104201856643981 -0.258299549057324 -0.0807048601396213
0.285214729738022 0.231201624921116 -0.179534074779702 -0.191812428910839
0.164164332485426 0.375432003945838 -0.0561048876741444 -0.270502422334583
0.109327551924004 0.43838049341388 0.133529917638448 -0.145148123931208
0.164302721350821 0.298280397175291 -0.134071153744916 -0.0779640075049419
0.163424517272402 0.263795017024144 -0.0631913020837568 0.450802892475238
0.262555029160089 0.23292789260032 0.372337408175763 0.227479675050717
0.378874162043233 0.11357794177582 0.184494064531615 -0.0470138331881347
0.355691730003373 -0.0686496477627124 0.0415818181269601 0.0486353403120334
0.257821202844007 -0.158838673613139 0.12107606007113 0.122071578355765
0.175493167981458 -0.174301495336342 0.162104921806784 0.0826573795857227
0.156811928262555 -0.14662606904152 0.113090126828643 0.00940576027098236
0.165407523143908 -0.141468911770627 0.0286525757961096 0.00761266905299727
0.250788966395575 -0.116543599226246 -0.0478410840012829 0.0286681878139346
0.324198946461945 -0.0173645211249777 -0.153658870738456 0.0211879494578777
0.367481029099164 0.137025493419116 -0.201639991344624 -0.120475124694004
0.243502325858428 0.27693601866842 -0.147616307716951 -0.248106930569
0.0984722144215472 0.345414905550322 -0.0279332120182056 -0.351098876460777
0.123630529177643 0.348881416710972 0.143436346305274 -0.275958531362195
0.198815617495202 0.172327010709766 -0.146877007661306 -0.185760536822673
0.114680592044799 0.146673961496594 -0.0326104351401475 0.332257803871947
0.187739490178462 0.194799637943139 0.352107372460379 0.133152630145787
0.357968677595585 0.119351907860914 0.200568779069114 -0.0533479660507437
0.347564636971681 -0.0956340469376107 0.143029838434851 0.0167302647089016
0.224482574977159 -0.189520301323256 0.21350955622088 0.0390205047267578
0.129322049353969 -0.188233038611339 0.230377957111725 -0.00727975571893027
0.10675077438303 -0.159751827652182 0.164292021608226 -0.0594936060435937
0.116113729939267 -0.144546890312455 0.0855662418852715 -0.0506546517233221
0.193713384451305 -0.125100643799053 0.0194899939889502 -0.0234133027511277
0.287825407169074 -0.0325876448041751 -0.0705996617231288 -0.0229668951175696
0.328114609771046 0.152682141763617 -0.117817769602436 -0.146454482699522
0.147967291271871 0.270583729344126 -0.0886044407514046 -0.274586273422047
0.0243270250710605 0.246797409030954 0.017955072287831 -0.403473279984013
0.136793815654872 0.21049264938513 0.163584062647053 -0.37198653558353
0.171309401702445 0.0149789329482889 -0.156745289074424 -0.257277910471826
0.00804453310679248 0.0370429826399054 -0.00706636329261714 0.208097017432208
0.0755811145112486 0.163058628542944 0.288481202357863 0.0529554432475173
0.284977872673603 0.118009261175789 0.196523935929118 -0.036671851135679
0.274835039770875 -0.0998476060745416 0.230412959674393 -0.0113681385064716
0.146333627071286 -0.176700223254693 0.282190918249633 -0.0464422830000736
0.061343290995526 -0.165440400591974 0.273487230220837 -0.0946888383324793
0.0406022057364355 -0.14965248895906 0.194287139488965 -0.120844129274312
0.0515904045065274 -0.133602457032155 0.122074459408837 -0.100393188658337
0.118722115922086 -0.129388135159083 0.0699397121504553 -0.0705272155891355
0.229540810724449 -0.0517640296893661 0.00864247402073358 -0.0615792052764821
0.251701149861745 0.146673740202127 -0.0297112511226168 -0.145224571443781
0.0369485548290674 0.209653919867508 -0.0319024061205039 -0.264633070491497
-0.0227468317737941 0.0938499348976621 0.0639119732001689 -0.429180026850582
0.162403815851342 0.047476583489042 0.183195175941017 -0.423992315122738
0.103481649936191 -0.142514159893882 -0.154671992321408 -0.284400610729963
-0.101669038860595 -0.0553087168476524 0.0067247243935084 0.107365898352726
-0.0311867381708288 0.11699517681996 0.217517018953743 0.0160646760506472
0.178475849130827 0.0918730195313304 0.19959951764278 -0.00478816136030988
0.153751289895155 -0.0897612549352157 0.291095845686989 -0.0391926264339852
0.0405672396882296 -0.129776699100493 0.311506444655122 -0.117177642258441
-0.0179328535475554 -0.111890642240074 0.279869997202101 -0.158810380717368
-0.0324589227566294 -0.116565842627891 0.196784225402687 -0.16531221155438
-0.0190155753451226 -0.11046275359872 0.132235099810604 -0.143273008637286
0.0411564612252054 -0.128629492320401 0.100103516171017 -0.116477624885743
0.163312194992962 -0.0702608599810406 0.0788558719598014 -0.092206293930497
0.160894541431833 0.114760013997137 0.0380156812278502 -0.118015150795471
-0.0523810479792691 0.101726445792585 -0.0111728269506041 -0.234456895444615
-0.0177039913944502 -0.0768729644729296 0.0873400657097632 -0.44575202167227
0.195441005414676 -0.111349216876172 0.186013823761076 -0.428226534194023
-0.14732966008579 0.261658496222287 -0.241611874961069 0.370073107830199
0.0522902753458464 0.236031634824993 -0.101284543060757 0.595089859254982
0.0980998905490938 0.0345641409354602 0.0943262004306051 0.24439660909433
-0.0491682585651158 -0.037572099135122 -0.0440848068050451 0.0385420707075178
-0.0629020115913801 0.0840934471833717 -0.154679257808404 0.108356025485679
0.0353862350188267 0.106284177162661 -0.10662753437782 0.176780052981831
0.0929628323406127 0.0649040575898907 -0.103273812564783 0.187802899888345
0.104737378740688 0.0613876306519454 -0.152341465759409 0.176960959264499
0.0964985751470518 0.0443343520206258 -0.237333373904408 0.201117145749372
0.0728978918223254 0.0641176922929086 -0.290726309943508 0.160327164653625
-0.0201484116246268 0.0635352769342857 -0.299051248110197 0.0787117216918429
-0.0452553191403103 -0.0596209522778986 -0.237557380616317 0.0208321134102329
0.132843669001121 -0.075072198474301 -0.178506065520453 0.00212383797028263
0.174051086308867 0.165871046344739 -0.0884114881846143 -0.0860059609412571
-0.0384969397819805 0.31128059558933 0.14617102264561 0.228712630836589
-0.110379912082394 0.346188627857379 -0.209891260456148 0.294850699016516
0.0483651557095607 0.343370748309085 -0.114520938063135 0.617715467560342
0.160464368069662 0.157212162324558 0.170292752344871 0.27426021643611
0.0835229129282491 0.0226702721306817 -0.0138796309876494 0.00780848701830683
0.0493632318135088 0.0628900675111874 -0.169424431076155 0.114881501355731
0.111284743381049 0.057019517690136 -0.0912164079473215 0.212881598397199
0.14961380415373 0.00111261559539673 -0.0574777305645286 0.211161875072569
0.157369515002284 -0.00581117619309197 -0.0958592727693671 0.17170273132375
0.154423410360007 -0.0304391161968521 -0.185594269056814 0.18997233004324
0.176477854332848 -0.00775571281369036 -0.257291348940908 0.166821513564278
0.127062325681067 0.0411374861211447 -0.308491220741813 0.0996436055789959
0.109078502164171 0.00232556822483651 -0.269533576353955 -0.00703098194825144
0.208604237542146 0.0334696028613808 -0.175526697586885 -0.0548649636257237
0.207385374620078 0.264732171212046 -0.0788592575420838 -0.114253542072545
0.037266443012965 0.418824727462787 0.140664708772701 0.132080554778826
-0.0252157826665493 0.388778852530883 -0.166387992881414 0.185362293466225
0.0852234147694543 0.387455882656021 -0.107861489424188 0.608064026209489
0.225255217766814 0.239732499691883 0.264245346311524 0.300555725219579
0.225846772918757 0.0753987663598436 0.0560248326004589 -0.0124778272097875
0.181787283056704 0.0233393920499692 -0.136563869651644 0.107796800540184
0.187539838005399 -0.0169950473573391 -0.046065474378592 0.219207894301168
0.186020274063138 -0.0707291789600419 0.00908582829483917 0.202675736351963
0.186052176426643 -0.0695836162483081 -0.0241467420720541 0.135932445946026
0.187684957586599 -0.0915208907844908 -0.116629056851943 0.143242479681293
0.248772584111431 -0.0680792229762763 -0.199429250000793 0.139548414608546
0.248744588946646 0.0134205115912849 -0.284834355429819 0.0981470622045116
0.25523480621442 0.0558605183100908 -0.284016186410703 -0.0375624431468354
0.271790376078507 0.14225917273013 -0.185766195981531 -0.122632835920254
0.209512209310414 0.343725112474814 -0.0743855092487821 -0.184361204037926
0.0918496297335018 0.466858842702057 0.134622022096331 -0.00364459433805431
0.0842799085388769 0.377104636768721 -0.139067785366809 0.056915881123844
0.146977583373335 0.358122877636271 -0.0805315793526015 0.554248720862532
0.277735148988008 0.257554685515993 0.346742503647395 0.285358658693553
0.340678947504529 0.0988061767414855 0.132174938496629 -0.0321188819087686
0.298510647271232 -0.0303139375374238 -0.0594619755928143 0.0861871986741817
0.244260355710337 -0.100550724737108 0.0319950060468966 0.188189363195115
0.195928396099149 -0.138591710468799 0.0892071741764801 0.156732181278877
0.186460928562086 -0.120786089965416 0.0499563012885683 0.0765509832639161
0.191519242036585 -0.131511748622186 -0.0410798297429096 0.0774509021480436
0.275218505161769 -0.10850421645559 -0.12479374783946 0.088926925220807
0.320154436278237 -0.0106314473540875 -0.229141254122348 0.0717969071651224
0.355073528204605 0.0971873748878829 -0.265210307456528 -0.0754389044026313
0.294704664853323 0.229491145936849 -0.185584730065998 -0.190836179905054
0.175899615185593 0.381637574445174 -0.0643599968585546 -0.274109858121956
0.12057097612831 0.443695310808603 0.132888619290721 -0.152735207632999
0.174124044758602 0.301374756756825 -0.138235519375789 -0.0739603533031775
0.172467321047079 0.267044561890146 -0.0499300929922144 0.46030553357155
0.272814937567906 0.22933829032602 0.384222375243303 0.218015787470367
0.391394324833502 0.104465748152821 0.184842782898709 -0.0518392923691673
0.360443326383157 -0.0797837236599692 0.0419081279689482 0.0519992402723381
0.257833216551408 -0.168563403654937 0.128392128865472 0.120694099936433
0.175593909876563 -0.183700746658174 0.170950399376799 0.0790951832542296
0.15740958586782 -0.152900816313708 0.117042726340834 0.00551354681909331
0.165652683448269 -0.148543958815999 0.0292858989697818 0.00880163352218563
0.253966459026058 -0.126867007817679 -0.0475339730994579 0.0302980429122865
0.330944314610546 -0.0275769431941875 -0.152186479621512 0.0279678035810509
0.380666647470968 0.129017728294878 -0.207850501346177 -0.1177854919811
0.253934613846849 0.27773888552255 -0.154517976979371 -0.248221225211353
0.108822447488814 0.352489691505233 -0.0362018594353625 -0.356849112543551
0.131280948069741 0.352002968112553 0.140640837490046 -0.286998576617245
0.207112492223958 0.170834943041503 -0.15404810909604 -0.184725632967251
0.119516341759742 0.149184033086739 -0.0220857911702213 0.338839000022145
0.195579033139074 0.193848831552171 0.36207472252171 0.123579525672892
0.370175701641761 0.110258659026291 0.20125842779443 -0.0586251077811664
0.351499989289633 -0.108494603565404 0.145695105734732 0.0155192398825923
0.222790293278145 -0.199348136906113 0.22064530320994 0.0335356539070866
0.1278597605386 -0.196747744464465 0.237295056933348 -0.0153698671748949
0.105289755356291 -0.16457354798961 0.167572969695921 -0.0659286194532179
0.115254713489616 -0.150633499066314 0.0853560234032168 -0.0523491917479054
0.194523542794333 -0.132867926452635 0.020409421683704 -0.0243975237697882
0.292596192261185 -0.0423367386312957 -0.0687963073650818 -0.0200855518135203
0.340288583840883 0.145829853035005 -0.123542285176474 -0.146411556571822
0.156766586404115 0.273491025240443 -0.0953015844478941 -0.275871856323326
0.0300924687771934 0.252795489476396 0.0104419095255234 -0.411975471340967
0.142687547252483 0.210314856368889 0.158403660196397 -0.386417537509853
0.175430837238796 0.0105839613588518 -0.166351066516071 -0.258822158297124
0.00771280159227132 0.0397668081988826 0.000947273321675109 0.211552356093997
0.0801958787946214 0.16466785482629 0.294342772454242 0.0432352202506673
0.296300070354828 0.110222518198606 0.198580724193181 -0.0411370173032442
0.277075597146924 -0.111267319561035 0.234704431684308 -0.0170920789926016
0.143529622151833 -0.184758273907689 0.288577676247781 -0.0563726811858055
0.0582829176159758 -0.170932460334187 0.279095489020008 -0.105764605820873
0.0374980633480929 -0.151963152080605 0.195993249512759 -0.129359785745603
0.0493815532661901 -0.138092871167865 0.12087345384023 -0.104258583557821
0.116966053830786 -0.134914313585015 0.0698982229367882 -0.0737266168728753
0.23200793593796 -0.0612526392017777 0.0103013581923771 -0.0615360557965633
0.261969876524376 0.140395381679366 -0.0332975651005894 -0.14689403552099
0.0424739575726737 0.214593742516897 -0.0368107608787737 -0.266459342467884
-0.021843225783998 0.0975242960338386 0.0578892353230968 -0.438716939590762
0.165530164906687 0.042953043456945 0.176918431060574 -0.439376615684839
0.101880653414623 -0.148592255770155 -0.164371956361598 -0.286048845217709
-0.105924284929155 -0.0517240762535019 0.0126376903890188 0.108397193750682
-0.0300071979296991 0.12100140889405 0.221632608784406 0.0090451272801362
0.186924746466511 0.086163773487911 0.203067614705144 -0.00936882909237612
0.153893951453282 -0.096988409733028 0.296282052136265 -0.0486900377412307
0.0364869131673725 -0.133366923026462 0.316293658564168 -0.129331884704479
-0.0214698634325171 -0.113764865203672 0.283539323829771 -0.171836356954453
-0.03749050884205 -0.116373125303411 0.197107624934481 -0.174428049946124
-0.0225114921598695 -0.112071952901608 0.130400884522719 -0.149162334489898
0.0380865983577883 -0.131043666678334 0.0990446293381845 -0.121562138328312
0.163985364955169 -0.0785155876311121 0.0796008082829643 -0.0964194849314122
0.168770554935862 0.111208745873214 0.0364408291917292 -0.120830352941762
-0.0507042907979942 0.107800105044667 -0.0151628092631261 -0.236249786066777
-0.0203519696811486 -0.0773818788246796 0.080830628752382 -0.45630752301805
0.196219080599823 -0.118887880995205 0.180323103077069 -0.445649529811842
-0.137237774240796 0.271615064453525 -0.227459770859297 0.387806962611116
0.0656158261445836 0.234332954195781 -0.0724819010668357 0.603240677917043
0.101492366129267 0.0293063192651335 0.104952967120622 0.239248494798369
-0.0530201731603982 -0.0342601129907899 -0.0465890275440348 0.0410070578812161
-0.0593435869097204 0.0885916697408781 -0.152484292832245 0.119325151031061
0.0419451475038835 0.105581369821447 -0.0978099922888668 0.184149136443951
0.0984243510002565 0.0595971795492498 -0.0927388347027346 0.195077561934132
0.110010629863797 0.0551730458894902 -0.143725836697688 0.186888191698511
0.100539319266722 0.0377959903053796 -0.227946158265295 0.216026142292294
0.0781763185596077 0.059308923869235 -0.285947924325233 0.177075014226651
-0.0152108335841156 0.0664152860317447 -0.29993459933617 0.0950624470319687
-0.0491127518518892 -0.0567477232376077 -0.235938707626013 0.0334321836823405
0.128269040459951 -0.0817920903949325 -0.178129057719743 0.00859442807750233
0.185678533870098 0.157604774169901 -0.096291886274545 -0.0813445179443379
-0.0233773485707696 0.314557994537894 0.159938251480938 0.223407128508757
-0.0946840230528735 0.354489192440735 -0.197966551350708 0.310614596677069
0.0653073214133934 0.343621119798492 -0.0867983867261809 0.627340930885303
0.169964918959242 0.148682311583194 0.183005879276544 0.264964681790053
0.0832986392868006 0.0185047178076663 -0.0172609735517454 0.00839895981410284
0.0517235387189175 0.0614121383320376 -0.167547787980332 0.127972830872451
0.115709230124275 0.0518262835746448 -0.0812747678817678 0.219557284091809
0.151306486760164 -0.00835946646604876 -0.0449473218904269 0.216071094425703
0.160357980591181 -0.0154413704044253 -0.0871298551501936 0.17681149393148
0.15463695345233 -0.0397561728744731 -0.176031476683336 0.201638217189651
0.178652046987473 -0.0182300440727739 -0.251232356567311 0.181137206810609
0.132472793962129 0.0356791204246801 -0.306192495674094 0.11676269968694
0.111248627454406 -0.00164777453025699 -0.270331902374258 0.00614679370277571
0.210455775403684 0.0239231869277231 -0.17843162523989 -0.0485603005560335
0.222950672424425 0.255979919855805 -0.0878209965880904 -0.109699340199296
0.0585788895465977 0.420174043367273 0.149450305121955 0.125313047369342
-0.0068498352945234 0.393518541874058 -0.159117056232827 0.197575476874865
0.103603779803999 0.387796999878356 -0.0776525227122559 0.617303647026743
0.238708287459575 0.228165933401018 0.278476832432249 0.286991763014459
0.230762728839091 0.0643143065126228 0.0516680845758731 -0.0153263873841748
0.18289434125805 0.0149349110313686 -0.134595275917085 0.120072806651513
0.187750345886831 -0.0262499064577379 -0.0347191269251097 0.224004153242227
0.184123173044936 -0.0833212603443715 0.0217629655289264 0.203818668580372
0.186506396419469 -0.0815500271524055 -0.016109934025855 0.137115438753849
0.1854964770036 -0.102522866440713 -0.10886053401515 0.151720709523583
0.247905445001359 -0.083382741828153 -0.193948796466441 0.15054534527127
0.252976333077474 0.000699107654287828 -0.280445457101948 0.114639642628207
0.26168543575411 0.0432046038844561 -0.287268517217937 -0.0244388871600214
0.279618071027992 0.130817603708291 -0.191822975964891 -0.11561177477324
0.228450165415921 0.338182432256836 -0.0854420249341488 -0.180972630849494
0.11354384831732 0.465470195283152 0.135826139033791 -0.0106885857899804
0.10359808268996 0.375675010386214 -0.136603921431296 0.065987543533072
0.165705320425038 0.355609195033906 -0.0536126400590216 0.561732410269304
0.292264267246653 0.244737711631772 0.360898165260054 0.266124792451837
0.348481849475143 0.0816678277222133 0.127969575522003 -0.03847847713977
0.298099067094213 -0.0452307182541515 -0.0577384341394468 0.0943778033615174
0.240362634769376 -0.113730107597893 0.0426696031193762 0.188176348343238
0.19095154013816 -0.151530743009748 0.101057758574923 0.152921632744035
0.183960746703628 -0.132450681618586 0.0557238533130781 0.0729136557149997
0.187088287815991 -0.142681004073501 -0.0364873752078212 0.0818328511796102
0.272708028859933 -0.124854307758807 -0.121038140785962 0.0959078767998194
0.322554219309629 -0.028101515963749 -0.223490853395366 0.085725253578637
0.364626207600837 0.0789560878891029 -0.270382415548652 -0.0633778230206741
0.307187797656329 0.218055067608055 -0.19438121543193 -0.183154699012224
0.197049782977178 0.37700218430104 -0.079462427801179 -0.271622494090958
0.140626642215481 0.439857263508345 0.125598707613903 -0.161347388798318
0.191466772155051 0.294421032954003 -0.142504650047471 -0.0667343330105601
0.185015732380696 0.262971583777593 -0.0261457515213731 0.465481159560136
0.285264372515132 0.216242315670527 0.395525448881245 0.198062071025715
0.400273365986987 0.0839048097362656 0.179720114948664 -0.0614823847696725
0.358259171371986 -0.101000243179747 0.0433757664211086 0.0547315512527046
0.251158611694499 -0.184088186927941 0.136826943711387 0.115644958428436
0.167822474605632 -0.195786846167234 0.178634768585547 0.0694804976588269
0.152309991168283 -0.162469628929972 0.119213784020196 -0.0020450918436152
0.16002169706617 -0.158656192244114 0.0306376991417041 0.00901156867022477
0.249488404064012 -0.142108890979423 -0.0458205339772906 0.032913262591913
0.332152475749687 -0.0465200629681963 -0.148408419829243 0.0372501488730059
0.392407440059003 0.108875421456157 -0.215267549194843 -0.108305579206881
0.268250244179184 0.268994440904815 -0.165144917728712 -0.241703367966257
0.126422128549913 0.35246138749955 -0.0533064247278824 -0.356799341354942
0.14752202793579 0.347704725318563 0.127264858243454 -0.297551593139074
0.217740721879822 0.161345701664345 -0.163625946447421 -0.177835276912111
0.126904991541576 0.146813503803044 -0.00301783251464159 0.340405975396361
0.205771372312662 0.185501536418529 0.368992842177132 0.103831878141706
0.379655872033681 0.0900331829888525 0.197731463621261 -0.068363979888269
0.348021258696336 -0.128753876194745 0.146224467733285 0.0106038187880451
0.213286546134329 -0.212692162063983 0.225821537989306 0.0215984139151844
0.118603590671503 -0.206328464833809 0.2415234920105 -0.0300120966364195
0.0987738065264665 -0.170529620642353 0.166199323000498 -0.0766519626652079
0.108588251199071 -0.157234287283836 0.0833765739541562 -0.0553091826954361
0.189483481211163 -0.144555946467986 0.0195141570567022 -0.0262014919264856
0.292073682138744 -0.0604057392932675 -0.0664828040094625 -0.0150020778328788
0.351596995470945 0.127638841928823 -0.131339453317914 -0.141019017183052
0.171088220723502 0.269608397674355 -0.107165899221039 -0.271689867953043
0.0415279920317943 0.255198853775292 -0.00883667207982894 -0.415833282177711
0.151751542063968 0.203739738039249 0.140127292560633 -0.399023207041703
0.177227125455859 0.00126458342746266 -0.180022256957498 -0.252295829834197
0.00892078591212028 0.0426554870588387 0.0140283062775847 0.210516894670665
0.0877997100525771 0.162106780178475 0.29830943468255 0.0267494918216818
0.305836223805181 0.0934739365354357 0.196665017444805 -0.051017456889881
0.272424596380655 -0.127685454936291 0.234841157270094 -0.0279398355642898
0.13388255980833 -0.193599712929654 0.290057668436065 -0.0734162520472803
0.0501879142677733 -0.175699478056037 0.278531000968602 -0.124056410003133
0.029986387537411 -0.15385543524763 0.191029688893912 -0.142043180077423
0.04211322847446 -0.141033009421707 0.115937867093441 -0.110173088859182
0.1112223251942 -0.141590899577275 0.0671866271425874 -0.0783341840293619
0.229293369158521 -0.0760727462019934 0.0100978416791942 -0.0609851737256116
0.27301926064605 0.126196680962703 -0.040550213974131 -0.14599838073598
0.0532208620138126 0.215705023835012 -0.0478266771370766 -0.264437463007528
-0.0183696207150487 0.100817868541969 0.0389093813769525 -0.445263403282165
0.166615828185491 0.0350913971968744 0.157327587766566 -0.454609321466638
0.0950600819034081 -0.155601682030633 -0.179452448632575 -0.28086036115579
-0.109550476152863 -0.0448997417819795 0.0200489467507399 0.105905496971323
-0.0254218107386267 0.124396797500005 0.222617034561681 -0.00392765049514864
0.193708039947793 0.0740693646283346 0.204022607673734 -0.0181652922963316
0.149228498139883 -0.107050827558895 0.294921461871263 -0.0646333537004777
0.0286942914774881 -0.136298712560016 0.313751558705427 -0.14824719470857
-0.0286694739577129 -0.113526131979748 0.278902198039632 -0.191016311585369
-0.0441781558922933 -0.11298233352967 0.190029201952806 -0.187416720803309
-0.0293738478090111 -0.111158755729038 0.122615815139761 -0.156020501399672
0.0309972887017227 -0.133474733921169 0.0935143213741774 -0.128489223741034
0.159216331076149 -0.0899374041118463 0.0779524338519817 -0.100753548632419
0.177244691766568 0.101706907209555 0.0319548488993927 -0.12330160772227
-0.0450140201316368 0.112634305858169 -0.0249742819287166 -0.233632922467354
-0.0250205262406062 -0.0765850264870048 0.0616639324609117 -0.465331403091276
0.190765055791073 -0.1291510968314 0.16078567051801 -0.461088491259201
-0.121060493204562 0.274126863113538 -0.204251946691106 0.394706688720377
0.0772346898267059 0.225204237755382 -0.041345211376251 0.59494757722973
0.101724791663639 0.0216042051421708 0.112937074743116 0.227047640637416
-0.0558783393590828 -0.0302468966985897 -0.046882149679843 0.0420720133167685
-0.0541466594982491 0.0909711755264336 -0.14412245723687 0.127520656541884
0.0467843293382345 0.101345419131171 -0.0863794030511268 0.185905893021025
0.100122714867609 0.0515307861693628 -0.0784646717381262 0.196343155264235
0.112227695715474 0.045630885093147 -0.129497261027694 0.191271200080334
0.101031403998078 0.030395544735215 -0.211810677669114 0.224999622600858
0.0805424910909425 0.052415054605104 -0.271100043454707 0.188285080681465
-0.00945693559634665 0.0676243079210486 -0.290543963734102 0.110850848521161
-0.0515374201388213 -0.0518396368196337 -0.227707006287245 0.0441835873344965
0.119982945668134 -0.0863406882621792 -0.17340214771681 0.0151610267633557
0.191016425141914 0.14379926419327 -0.101855391974034 -0.0723396183772847
-0.00726658740610546 0.30796071494144 0.169767655677849 0.21017093632793
-0.0757930451933853 0.352676773251188 -0.17804561251099 0.31625556843328
0.0821738919972691 0.332681563106628 -0.052434383272026 0.619760592736139
0.173992399082365 0.134614411944963 0.190009463109974 0.247117508928321
0.0812093816144386 0.0139987601269996 -0.0202245882369659 0.00920200922099333
0.0528170749476547 0.058641857352435 -0.158898405588052 0.138113315679367
0.1169105464476 0.0447465301073884 -0.0676985057411466 0.220320199281164
0.148407059362725 -0.0181886166109737 -0.0299077839666021 0.213594422473732
0.158269167632637 -0.0262368799123315 -0.074493319232066 0.177570492031014
0.149892948719931 -0.0485384293887985 -0.160654961154995 0.207882552687703
0.174838819897977 -0.0299266851597354 -0.237260194144948 0.19110943324788
0.133531570208067 0.0283081285545747 -0.293850705176485 0.132282451831804
0.109667847239923 -0.00703318404534436 -0.263995363028918 0.0197009563339246
0.205863248535468 0.0141230668428537 -0.176507182172663 -0.0408619717235286
0.233313011567356 0.239384218333033 -0.0933883977434711 -0.100539509518207
0.0766694693830287 0.406411975917354 0.154051907661297 0.115570004662801
0.0134590988047984 0.386558273643882 -0.14438481911517 0.203413892758636
0.121296289051656 0.373969332168377 -0.0441632409966478 0.608645882418038
0.245221498919695 0.208997208910703 0.285360134445243 0.263591925026661
0.227497839882924 0.0503274190585968 0.046013062872116 -0.017403321993842
0.178624059234626 0.00541068467084964 -0.127208695238248 0.129491980115288
0.183256763408605 -0.0358700219022015 -0.0213200626004164 0.222798700304553
0.176541975052842 -0.0933541554240501 0.0352340860527148 0.197911368147837
0.180115104349114 -0.0917961879473237 -0.00766392379469575 0.133457154758034
0.177225669271273 -0.110896399620714 -0.0970935095541183 0.154165501295134
0.238293767950286 -0.0971445383254785 -0.18219843281406 0.158698552302154
0.249887899744272 -0.0125975146373044 -0.266392962966395 0.12874010290495
0.260349440390237 0.0286434021318646 -0.282355616981765 -0.00898030563533883
0.279714273120613 0.115686530827601 -0.192762535499571 -0.105064500703385
0.241953767482405 0.319923109702152 -0.0945463324517032 -0.170842386219389
0.133299304212054 0.447847566726814 0.132532953586786 -0.0176559934178346
0.119879036264681 0.360936876509526 -0.129637320430457 0.0731228621723762
0.179064508397396 0.340761697920505 -0.0225570214436428 0.550962201477297
0.297235704822785 0.22192950120089 0.363848149824844 0.239401560458186
0.344957387036872 0.0608403264613825 0.119729086760479 -0.0441631726336309
0.288909588195313 -0.0600894494053299 -0.0533309973205601 0.100982673643868
0.229381079778039 -0.124068846998692 0.0530365318576127 0.18338478655178
0.179137627950144 -0.160903960546764 0.109312604049263 0.142886457588181
0.174828557543838 -0.140821378286912 0.0587764943165598 0.0661408938104532
0.177222262749009 -0.150128354219992 -0.0302789098173977 0.0826950669422784
0.2602300275678 -0.138704985365919 -0.112858094653388 0.100969096314124
0.316889868268126 -0.0456600514955198 -0.21150389550457 0.0971165684655893
0.363048046673052 0.0578266519506579 -0.267621356102407 -0.0485459380996814
0.311136650483977 0.200103532095294 -0.19776893721547 -0.170898555161503
0.212475923251576 0.360863325937504 -0.0918506645775657 -0.260168250775045
0.157772863158104 0.422326580392974 0.114892166713401 -0.165048830960935
0.202611311039827 0.277335762831601 -0.141884708461043 -0.0573514283091752
0.194022846735621 0.250426209243566 -3.4298105593394E-05 0.456333310334153
0.289203987433592 0.196332409265698 0.394981875597721 0.170149762725795
0.397465236984774 0.059942399169283 0.169935127793862 -0.0692858434015258
0.3441650846645 -0.117925148222972 0.043660066469595 0.0558338056591249
0.235846286190484 -0.193938036282073 0.141359434749222 0.106770878282993
0.154335617332574 -0.20310127967041 0.180965093672897 0.0561743300559247
0.142731680698078 -0.168033681700858 0.116663211760041 -0.0103633161281988
0.148528428026045 -0.163926855433571 0.0307727616083472 0.00838490645789351
0.236659931452567 -0.153580080331216 -0.0423045181509185 0.0347326837346339
0.322983281891225 -0.0641055146919994 -0.138438142295486 0.0460073779373833
0.390997967761217 0.0848072498370726 -0.216375360232005 -0.0950153663333687
0.276219392355527 0.25033732777343 -0.172116609665718 -0.227768523133631
0.141184236314317 0.340939123138104 -0.0697180685624895 -0.346075011388485
0.159757761850614 0.33154333940429 0.108639300198316 -0.298890835564625
0.221326168896842 0.146370039317802 -0.169140977375018 -0.165135659748583
0.131061184926205 0.139852736401149 0.0156228588058324 0.331935120906363
0.209429400697189 0.170673447731734 0.364327897884289 0.0796903129383681
0.37846599263329 0.0662632746735696 0.187472417461813 -0.0768759393125687
0.33368928398636 -0.145537922456538 0.143013065719142 0.00611050302207302
0.196927322102733 -0.220840038933405 0.22370519783274 0.00820062046695501
0.105039966364774 -0.209925599024601 0.237230192058979 -0.0447280256968767
0.088917208057243 -0.171933843423218 0.158588973860765 -0.0863016857119541
0.0977346184201907 -0.159627843175421 0.0791642299850725 -0.0581219723180458
0.177157841582547 -0.151866038302221 0.0185087950802086 -0.0269117884731134
0.281957319761306 -0.0764881087223593 -0.0615088408096046 -0.00997067023174333
0.352613153486224 0.104501016109362 -0.135646149054504 -0.131043432253183
0.181445115017366 0.256143139532554 -0.116378441018208 -0.25943064246339
0.0536067704764691 0.250051449413182 -0.0274092967794039 -0.406936804047031
0.156666774430676 0.191403656546687 0.11643447791261 -0.39998700867993
0.173499812550386 -0.00891580269882422 -0.189315194155519 -0.238942365691874
0.0106226449365014 0.044026112879931 0.025080056111449 0.203336635882084
0.0936405066376915 0.155158220421671 0.29155874571953 0.00816755358349245
0.30598353622507 0.0722819752445424 0.188627100397285 -0.0592436601671728
0.260168396122639 -0.140545091184953 0.22686558065675 -0.038253519922426
0.120028524961029 -0.197595712022227 0.281254727989814 -0.0884842429704852
0.0383614332658739 -0.176030057378079 0.267340481657996 -0.1401109037057
0.022037584395529 -0.150780590401958 0.179461640056815 -0.15099292138718
0.0330806082011632 -0.140132436425256 0.108086780154286 -0.11307217624326
0.100814373778235 -0.144081089219156 0.0621319455529331 -0.0810226239154808
0.219173060377207 -0.0890974091017563 0.0104218214689401 -0.0601150209976938
0.275099468125251 0.107530200538729 -0.0468022317492442 -0.140152281666469
0.063507914032899 0.209721758044214 -0.0580827671396412 -0.254505124392775
-0.0137224628180846 0.101189224212634 0.0175604793128005 -0.438810793824973
0.163305440207178 0.025075516757047 0.129905436005116 -0.45649557907112
0.0845246646566786 -0.158298189061183 -0.190895785690328 -0.266837659972695
-0.109961686769743 -0.0362245655039651 0.0260071486650966 0.099934115825283
-0.0185745962895131 0.124320591823041 0.216374566462182 -0.0167620392851038
0.194457532157893 0.058918766841046 0.19762108749837 -0.0274537885110845
0.139697977995319 -0.113853322347958 0.284279866739131 -0.0790874519748354
0.0197212644484759 -0.135137174405654 0.300527932204876 -0.163997802907027
-0.0346025938241563 -0.110178667393698 0.264212568805609 -0.206318299223593
-0.0499407184008004 -0.106270003133025 0.17535645441762 -0.194229744698224
-0.0351478614308749 -0.107057112053228 0.110531966505838 -0.158366353485455
0.0226998875736399 -0.131515962728576 0.0843827989151835 -0.131797120687009
0.149599122932254 -0.0987095846020637 0.0730321377213676 -0.103141600893165
0.180360571507729 0.0885730022912431 0.0260120993855971 -0.121604387826693
-0.0381521741546035 0.113734105420484 -0.0342555240577656 -0.22517423093788
-0.0298361596877561 -0.0735887773285836 0.0391942871344101 -0.459183086127119
0.179045177614227 -0.136648653180916 0.134244600032162 -0.461548167775295
-0.108405465371961 0.26679508455885 -0.185454588064379 0.388522559043271
0.0813739604848722 0.213191806149304 -0.0197756470689334 0.572490293084927
0.0985199949043493 0.0156406927477277 0.113235087803127 0.212505704079571
-0.0568055489891021 -0.0268419671744543 -0.0467587853893474 0.0417738022235936
-0.0496166675745096 0.0900383227083241 -0.136035504193849 0.129173266810334
0.0495275061418423 0.0962839664662233 -0.077268563296102 0.18291192633654
0.0982045346601764 0.0450350641741683 -0.0678409545310399 0.191098623890133
0.1101397332221 0.038449651990117 -0.117871802030485 0.188277894542272
0.0976909807158001 0.0247751355042395 -0.194987017122975 0.224017414816006
0.0796921926126701 0.0460176581282288 -0.256861158475632 0.190669085395848
-0.00491198935621992 0.0660499595089536 -0.276484023166436 0.116609169550319
-0.051849200052021 -0.0463496425970346 -0.215535479461378 0.0487215131356294
0.111353727207412 -0.0854188219025536 -0.16561438532865 0.0176598360521917
0.188976266720786 0.130553235032943 -0.101716464414248 -0.0642808781392355
2.81327559494872E-05 0.295415389665017 0.171129226526547 0.196446655444623
-0.0623971999627164 0.339464117276715 -0.16116946319954 0.311307797052369
0.088723643454677 0.317042024516062 -0.0316467910258789 0.597919769701647
0.170730249929666 0.121378390943252 0.188009606564508 0.229554934776586
0.0770002980610644 0.011192098536418 -0.0228470988108175 0.00973655929088515
0.0514627897361755 0.0559534377415764 -0.14930652559192 0.142077704297462
0.114290816923451 0.039109080711088 -0.0576962681906728 0.215235365798009
0.142138774299726 -0.0235818450096809 -0.020351245370877 0.206471778415479
0.15215079175911 -0.0325567058382317 -0.0646289529978152 0.172221036192252
0.142674908356855 -0.0521018468429916 -0.146578018837002 0.205015260990684
0.167529727552733 -0.0360090096391594 -0.222630780967387 0.192049750932578
0.131332925416954 0.0231296881741792 -0.277906051372012 0.137580563371199
0.105654282488881 -0.00914755006401921 -0.252025421424717 0.0261382488256928
0.197564410515989 0.00809870982293185 -0.170527223480813 -0.0358511534141993
0.232864974625029 0.222943636311877 -0.0947154881332297 -0.0913252585908835
0.0843480757906271 0.388069187713632 0.152085671858082 0.105386856883106
0.0244950342494327 0.369638479653558 -0.132684421184275 0.201765781739645
0.126734670963482 0.356753585898906 -0.0256523563058557 0.584994306619418
0.240240006584224 0.190365959491588 0.277688626230357 0.24181823291057
0.219659218196043 0.0410580585877259 0.0396104811701799 -0.0182870550839583
0.170797344836857 0.000680960239969699 -0.118678090728585 0.133333658900652
0.175468327008336 -0.0404120002079568 -0.0127270522258255 0.216457575262554
0.166113611105342 -0.0973809962890543 0.0421588731895015 0.188254703689738
0.171763107622407 -0.0960240981576932 -0.00288047389574214 0.126745559528668
0.16742231446043 -0.112754767032859 -0.087651516148814 0.15229026115175
0.226395834466989 -0.103140947423994 -0.170108044363382 0.158431543875992
0.242056735536824 -0.0206865050172686 -0.249550543229052 0.132716993079951
0.252273039113774 0.0195367080241063 -0.271064181220947 -0.000333947464069161
0.271585301068001 0.104142002518654 -0.187625157888221 -0.0970123912286629
0.241960627010376 0.301280466532237 -0.0960170340969723 -0.159231679365582
0.137782112769921 0.424795501959402 0.127132213971078 -0.0209311737723894
0.125649193011465 0.343115926898459 -0.121776719157744 0.0750809633191388
0.180992839333283 0.323709739035669 -0.00574685599960142 0.530989779726912
0.291089013286477 0.202863801295083 0.353199041984961 0.216684239531274
0.333685491438739 0.0471221305258696 0.109371391341847 -0.0456864419919367
0.275158639042181 -0.0663517165348143 -0.0486962012650755 0.104705970926567
0.216633263459957 -0.1275517991895 0.0580398011646392 0.175917119982114
0.166595631053521 -0.162293558767133 0.112013006653059 0.132913641138672
0.165439769750931 -0.143051882033792 0.0583099738173844 0.0597560532183898
0.165649115165713 -0.148936834362461 -0.0253870358132927 0.0806747604990109
0.245924401144044 -0.142821045764067 -0.105400477119738 0.100537438073062
0.304051266492255 -0.0541764424414312 -0.195864571632059 0.100156144383906
0.35220776651563 0.042656332795632 -0.258701031221682 -0.0384248193904544
0.305437470202954 0.183343444229565 -0.194510210791253 -0.158849044255223
0.215462731670991 0.342257497204951 -0.0959974003853187 -0.246420039170248
0.161234523365136 0.400253518031283 0.10503708158516 -0.16221165708428
0.201910061299508 0.258978719010342 -0.137573566471231 -0.0500609002645694
0.193813129939791 0.237438580384336 0.0124679506519522 0.436704013349401
0.281818284235493 0.179549279978022 0.382496743517625 0.149176922962963
0.383788327120857 0.0438122864973989 0.157727592234583 -0.0707466534709753
0.327140841802374 -0.124037813864336 0.0430859351368778 0.0578465634602873
0.220541848523115 -0.194656449039463 0.140506569746073 0.0985960019973463
0.140997035985139 -0.201376874395167 0.17811328954107 0.0457543116514538
0.133557891285244 -0.166989286033138 0.111412979769445 -0.0160218115095508
0.138724941234691 -0.161644262390865 0.031152569041495 0.00735436537075992
0.22134746598514 -0.155941279888538 -0.0392686905685045 0.0345431479093659
0.308578540042805 -0.0730738983075766 -0.128079245886095 0.0483981901922335
0.379552107203468 0.0668954265959211 -0.210311037518007 -0.0842957419398408
0.272720335833714 0.234713358827215 -0.169726092839866 -0.214135033800235
0.145261072431054 0.324655470574127 -0.0765392830106811 -0.329388294376663
0.159718960425303 0.312552199609641 0.095189061183738 -0.29112859805078
0.217164770725463 0.132556389762513 -0.167008743255917 -0.154337639521095
0.129878886104344 0.133434871584451 0.0247759267334606 0.317396470753353
0.20567273020778 0.157600383989898 0.349101698320313 0.0622985221617502
0.366404064836729 0.0501467902386042 0.174862183858864 -0.0790337579757301
0.316187788297595 -0.151334133715966 0.136736385184881 0.00574905476429019
0.181448344091134 -0.2191743377644 0.21681944282206 0.000891637751926297
0.0934547892160822 -0.206264570201014 0.227695267219368 -0.0536908791651004
0.08088235259299 -0.168302644471834 0.148540732265279 -0.0899867631401394
0.0890926875048812 -0.155927943307199 0.0749812616218248 -0.0576150162848477
0.164535039285969 -0.152119924819331 0.0175894432917722 -0.0266906174451525
0.267504817606021 -0.084172709394154 -0.0556911762538742 -0.00782954346459479
0.343879998169592 0.0869666885438814 -0.134164374835127 -0.120969432622338
0.181272539240538 0.242473329446383 -0.11720609630815 -0.244862052790626
0.0582127277611183 0.2399603009559 -0.0373395586508292 -0.390311768858115
0.15417003058978 0.178539603125936 0.0989000146167728 -0.388405551698361
0.166263429613723 -0.0145333411423724 -0.188793034539029 -0.224506407283486
0.0120277800355872 0.0442706566830388 0.0301765543559869 0.192822503753816
0.0938066263923343 0.147379332787625 0.277744541757072 -0.00227474400736032
0.297356314485852 0.0575420781495974 0.177024980593974 -0.0619134669356896
0.245195523256353 -0.145018358042165 0.216445077134802 -0.0412029053015438
0.107923739600106 -0.193992856477286 0.268356081626869 -0.0955339724464772
0.0307456885130615 -0.171089646811325 0.253265401221794 -0.146732556367791
0.0161787019051942 -0.144728009693048 0.166758066853653 -0.151677482809988
0.027440543296974 -0.13534080670656 0.100039341344346 -0.111627716065051
0.0917663975177509 -0.141852330198714 0.0575567679506095 -0.0802175705404861
0.206268857423571 -0.0946570577104094 0.0112203655798783 -0.0582345438290676
0.2689849578013 0.0927045175323548 -0.0489368748307551 -0.13278115182603
0.0671064778617505 0.200604740138949 -0.0611227403208994 -0.24048256349683
-0.0114499320247143 0.0990340152466229 0.00714751989465796 -0.423209408071002
0.156564323268693 0.0193259756962646 0.112051081809264 -0.443665019590045
0.0755734554885506 -0.15509278103757 -0.19237211591046 -0.251704469844496
-0.106205831089065 -0.0293603987566605 0.0275699806367965 0.0940944570436397
-0.0149260392408857 0.121660039210636 0.205715569173289 -0.0243577992533869
0.18898016113631 0.0478882605575694 0.188236405538312 -0.0319290320437397
0.130111496561631 -0.114856724628465 0.269516958398406 -0.084082400684439
0.0133061117570506 -0.130447873921105 0.283955309959577 -0.167902725735574
-0.037842784581305 -0.104119905487237 0.247546894135733 -0.209541864817593
-0.0518066847950758 -0.0988718953144103 0.161570801489734 -0.192734373870265
-0.0374352824228175 -0.100875576003919 0.10011991735306 -0.15524693250647
0.0173073233297581 -0.12614444914664 0.0770821267706799 -0.129812749105857
0.13862817015393 -0.10140469425538 0.0686069362672758 -0.101991368613382
0.17748425699336 0.0780354877535883 0.0217020204532398 -0.116381686920666
-0.0328544941085843 0.111909116827349 -0.0365995969945129 -0.212691822195028
-0.0317405893362257 -0.0684866570210255 0.025964553338279 -0.443910558980031
0.167494743014157 -0.136286480896602 0.114170861298769 -0.450055576117868
-0.121016624676056 0.254101809738093 -0.193023720072903 0.373638197967453
0.0705639789253519 0.206583467363846 -0.0443999078437293 0.544883423742762
0.096765196933323 0.0172859149585719 0.0952631201142393 0.202252420671643
-0.0535380524290778 -0.0275206894861603 -0.0522830731627579 0.039023341329649
-0.051492952047053 0.0854393499239001 -0.134870394701336 0.124645255850447
0.0454889267092474 0.0956841802042558 -0.0786703319402666 0.172247567845217
0.0925643828146341 0.049215965171081 -0.0680732737774109 0.180539331485609
0.106375878018913 0.0418481889058271 -0.116292358248664 0.177064732258734
0.0933392191809052 0.0298861810341083 -0.195079872609366 0.21106016398298
0.0760586927982718 0.0492521857333966 -0.25426909813318 0.178291899309815
-0.0064299113559664 0.0672811862983331 -0.272990709557141 0.102608143044197
-0.0513007112015424 -0.0431257734145487 -0.208268390504639 0.0319654537203793
0.108991686169954 -0.0780067885230266 -0.154463064224142 0.00896109767020135
0.177938017687943 0.131592548423211 -0.0990425016782195 -0.0584375875117412
-0.00633198418369252 0.285985686348119 0.144569037154961 0.198080641811931
-0.0825612595079156 0.328655880997599 -0.161089879872296 0.299100168680913
0.0698884621594296 0.309231439137088 -0.0536267274670916 0.56739666160223
0.159341226386905 0.123817885995275 0.169315524252458 0.219603101641123
0.0712598697770509 0.0151616452099486 -0.0234272800028693 0.0052590171798491
0.0479371413566287 0.0586813317917525 -0.146115007175276 0.132993929201367
0.110521195928844 0.0440117237988629 -0.0602896173748187 0.202793703537707
0.137680325634002 -0.0153405686138362 -0.0228414713992189 0.19470642589008
0.152376858606283 -0.0255753149134764 -0.0649744887579386 0.162145852848114
0.141307315500055 -0.0438646715962041 -0.146051990102599 0.195138040556349
0.164947526829472 -0.0290254433755063 -0.219011043726771 0.181059483695056
0.129429628500806 0.0301611124377829 -0.270001423883205 0.126784886789315
0.098405075093093 -0.00177950493461912 -0.238553386258673 0.0159468080780449
0.188266085599509 0.0176214820153596 -0.157443326924511 -0.0390638373162315
0.215630488504144 0.222618076876458 -0.092224610612529 -0.0831719971853505
0.0699619876662251 0.377077649107783 0.129860657335776 0.114560340754366
-0.00124838131820086 0.363327580035385 -0.124898613208994 0.19154369754338
0.103497416903777 0.351258635050872 -0.0460033007763669 0.555835611632681
0.220781238865382 0.195170091310173 0.257784705670048 0.233834071594013
0.205544275100371 0.0512558442066596 0.042211774296675 -0.0216051938048556
0.16554174579457 0.0122818100480791 -0.115608594640513 0.121030649428074
0.173612934200274 -0.0298045749729381 -0.0184117313051665 0.203077096697542
0.16551108798731 -0.0851852376742631 0.0372876924852275 0.177455760055793
0.175384002994188 -0.0868847783476234 -0.00475713165167779 0.118689763716908
0.1688898284499 -0.101881549030351 -0.0860228279553338 0.145290113574669
0.22496569684334 -0.0920118413215112 -0.164763613610477 0.150181623633853
0.239106472174519 -0.00944377608302624 -0.238276737635294 0.125640606137721
0.238442691095821 0.0303397675971186 -0.251028777687378 -0.00451411447717426
0.256128764829279 0.113685013939621 -0.172063258939322 -0.0938865377064748
0.222040035301689 0.29909710639425 -0.0913914580105011 -0.14760494549074
0.121141668606185 0.413417282741142 0.112313749513766 -0.00640437683895456
0.0997927151266476 0.34347476866958 -0.106852828849398 0.0653461065125191
0.158012246045674 0.323974071511094 -0.0250589878593601 0.502257713221251
0.267220896471263 0.209974435875828 0.330215381649778 0.212262856232712
0.314503900068076 0.0625304442672013 0.113509700265793 -0.0484536257859514
0.268536145623867 -0.047125455758659 -0.0462743076992545 0.0914819982256345
0.217294545393012 -0.112448740669433 0.0494749353169507 0.165245820791465
0.169750502653669 -0.14788322202729 0.104540790091107 0.124170243621705
0.171449842470948 -0.133164644011117 0.0559219012483709 0.0558932304181895
0.169869426321615 -0.138406634896625 -0.0241986079744428 0.0783693762770338
0.245469618453098 -0.131278515266149 -0.0991159210691632 0.0966026014982798
0.300524076407344 -0.040582139279792 -0.183123631596841 0.0975228717167321
0.33347317229821 0.0558746291269056 -0.234846627449657 -0.0358833269296307
0.284928908577772 0.191743319646395 -0.175940936529952 -0.149979996097409
0.193366547672279 0.337133861848345 -0.0873999817717234 -0.232279066150905
0.141660705522846 0.389106776137206 0.100066097682848 -0.141294739841728
0.178890275603979 0.268932593647268 -0.116620212440469 -0.060207695322418
0.175240856039407 0.241646086516721 -0.00434877881959393 0.413318519609639
0.260882437400397 0.188149235808948 0.360964528005158 0.149033519084222
0.36320988653858 0.0623284827670641 0.162489822190892 -0.0717807402774121
0.321964683017838 -0.100422047149884 0.0424973095417619 0.0471547133880152
0.223398104939173 -0.176704095783066 0.12994224231655 0.0930860259516575
0.147828952235007 -0.188184791069358 0.169973746238591 0.0420488509615338
0.142060524217313 -0.158010321369281 0.10795663010654 -0.0158576938203367
0.143689942777439 -0.152014387396528 0.0326648819873816 0.00923814318625216
0.222334313848405 -0.145054010513502 -0.0332207183250845 0.0345193766028842
0.305672441189332 -0.0604718865578691 -0.114577951296181 0.0498048413707408
0.360005435164447 0.0782989212763889 -0.186881361281689 -0.0753363919449704
0.251160731373246 0.238415291030837 -0.151587699993003 -0.20092363306174
0.126914484095923 0.316656863964468 -0.0639793580670784 -0.313786708128915
0.142433267963231 0.303305818502691 0.100188321376036 -0.266120892830631
0.201866621730535 0.14655452332299 -0.144664092396137 -0.165680699618116
0.11994568156704 0.13835409576009 0.00993037591356117 0.300974826446527
0.187566375423212 0.163802154824941 0.333901502479836 0.0695280767774068
0.346645005769243 0.0664559043050359 0.179567228577744 -0.0771719706084815
0.312300853224953 -0.128480104989148 0.132228253121368 2.16518046861841E-05
0.185916896259381 -0.203356172049658 0.205520855460262 0.00341201969442053
0.102272142962213 -0.195582578612075 0.219844534089323 -0.0516983635678059
0.0900108465137857 -0.161485292998925 0.145654776981212 -0.0850780810809649
0.0952908049530433 -0.148365392903224 0.0765272031810711 -0.0526077091655524
0.166569915997476 -0.143368714278169 0.02222594991164 -0.0242745050819012
0.265055764393864 -0.0730681693362831 -0.0431631314276269 -0.00285411952534604
0.324323770887471 0.0942364821792447 -0.113410671328673 -0.10738341562319
0.164027976919506 0.241273928440953 -0.101320191908966 -0.229784089539561
0.0460789132174404 0.230808432966364 -0.0199475055081603 -0.372558289287698
0.140344772511521 0.172398105506455 0.114156785672248 -0.360493149954451
0.161870561224706 0.000364444969911107 -0.168216023925692 -0.234169198288232
0.0104323237211534 0.044469681417852 0.0199136653549081 0.184911612785801
0.0798157885417164 0.147672109309347 0.268905304949029 0.00763060680000586
0.280653287193921 0.0691117542140643 0.180248343050049 -0.0583118606410883
0.241856455696557 -0.128127206986031 0.208563252974217 -0.0405857365876815
0.111831633834787 -0.183922153285095 0.257687478777788 -0.0852095246382125
0.0396282277317341 -0.16513979951955 0.246563568552053 -0.138446600931818
0.02484816985029 -0.14105951648537 0.163860295334773 -0.143780428619356
0.0333263999680878 -0.131595716840026 0.101801158175622 -0.104409194182043
0.0948901914204502 -0.135753859614025 0.0608020420003279 -0.0761830605352775
0.204873830948887 -0.0866297656379739 0.0212860268995479 -0.0509916312518384
0.254866620841904 0.0957660940367586 -0.0335564959772036 -0.11594036513114
0.0557079306846342 0.195719723071908 -0.0476601018068096 -0.226031443444827
-0.0146296741790009 0.0901546026495261 0.0263817214604034 -0.405152034191185
0.148056890279324 0.0181740461758777 0.133692313010554 -0.412459673269577
0.0832895204675856 -0.143323424708235 -0.176421527109527 -0.259738754514231
-0.100062468946971 -0.0347562586691578 0.0207557877167715 0.0938364755249013
-0.0233937840654253 0.116996541574255 0.200712171473113 -0.0116047690491304
0.177083867368176 0.0526932585435606 0.186751450039174 -0.0254478663070554
0.12841516445606 -0.106844481941157 0.258776238996491 -0.0752206157006333
0.0165673194477213 -0.126553916278421 0.275307505809861 -0.151783470157714
-0.02997212522043 -0.104131412103376 0.243205290611757 -0.196796573594438
-0.0450575657235304 -0.0988798992569611 0.159633716602618 -0.182251821172087
-0.0322335749007853 -0.101735548591555 0.101718592972254 -0.147473219876396
0.0215471190330741 -0.123473496511728 0.0802249551509753 -0.124500723175945
0.138087043825099 -0.0968850785810544 0.0767261213254364 -0.0931001571483324
0.168621816560255 0.0783257368810276 0.0312710882624188 -0.101152034482204
-0.0370010197684632 0.104989216993049 -0.0254549010795089 -0.201154810930902
-0.027060670154103 -0.0744010797173011 0.0517079797475707 -0.42584369447014
0.164220207054265 -0.131351040735536 0.142909124455499 -0.420738877203219
-0.124694091627699 0.249587946610472 -0.198494663773841 0.367949962476788
0.0667775174490737 0.204856543569422 -0.0537103612907958 0.537313122571832
0.0954545161158468 0.0165888640591253 0.0895800532308424 0.199554369258759
-0.0547486860641605 -0.0273948120339621 -0.0559332051214188 0.0364995794116773
-0.0524831236376507 0.0855162336468297 -0.135694892440597 0.124108896039324
0.0445008308554359 0.0956543209363969 -0.0800198439754653 0.171260228697807
0.0914638849375242 0.049261107330703 -0.0677413798469503 0.178068959630586
0.106116994241098 0.0415505538403778 -0.116279799499199 0.172933495013889
0.0920039354156163 0.0297696783787361 -0.195323504601322 0.206122008684591
0.0748193401687393 0.0484673506949012 -0.25671025421851 0.173612880303797
-0.0057754894283562 0.0676418397793335 -0.272747102342613 0.0984706590715076
-0.0502669125903268 -0.0420660691496971 -0.205429087057317 0.0266093617245779
0.109159393344878 -0.0747012538812961 -0.153348435267779 0.00437589037472084
0.174099736798285 0.131548078849962 -0.0986878109422522 -0.0576978533787123
-0.0130103673212726 0.284282054450588 0.141768165321732 0.197410634035908
-0.0878389751182556 0.323690877594344 -0.165317627373849 0.294212558515168
0.0633498910607521 0.30695446196168 -0.0632523587252313 0.560412487721901
0.154097919900657 0.122624206019108 0.161727820733725 0.217778255438363
0.069203070717136 0.0164413560557395 -0.0274212591439067 0.00439651965374154
0.0461933396546343 0.0603929487071281 -0.146913597541751 0.132942643255875
0.110047946579808 0.0452324782895844 -0.0622037831702299 0.20164113402517
0.136869163787738 -0.0143053655271158 -0.0230648869821529 0.192585990655821
0.152555042442957 -0.0254303742261324 -0.0663943189302113 0.158208421009726
0.141128283790581 -0.0419293735475583 -0.146675134929976 0.190859886561168
0.16399709326454 -0.0271477904908757 -0.220410601293587 0.177175629263225
0.129950057674951 0.032430021524487 -0.268261305221943 0.121795572276097
0.0982756948542523 0.000430856580716609 -0.236252297837935 0.0111682495723114
0.186064064279005 0.0215646945613767 -0.155799313890232 -0.0435619347005053
0.210107456795108 0.223721854673817 -0.0907799187567695 -0.081859893967251
0.0611695787088783 0.374717378631441 0.127536351637956 0.114597776071188
-0.00779814291126959 0.357981555285326 -0.127349285450082 0.187357782548342
0.0967914565023643 0.351293233748467 -0.0568348719607909 0.549431476668801
0.212927872090535 0.194552564370138 0.247216575382996 0.23435289940629
0.202523815234257 0.0547448166047777 0.0377985178270009 -0.0204953398731583
0.163897284050058 0.016086419577219 -0.11645801788983 0.122535329624789
0.173167061101892 -0.0271870252180385 -0.0199002092861017 0.202622709254449
0.164996981856655 -0.0830959286551091 0.0366557573570811 0.175398424420653
0.17652254943294 -0.0859893378004838 -0.00660966451202498 0.115809172152546
0.169636534642634 -0.0987548140051829 -0.08628485825957 0.142291324856111
0.224451974078639 -0.0889926581460455 -0.16586589867102 0.147394782134447
0.23856006417625 -0.00587357598985957 -0.236756617967716 0.120595855685271
0.237234285800407 0.0342085446443907 -0.249031733736594 -0.00897051168179142
0.251362620937085 0.118432318431704 -0.168923510842263 -0.0977416492846829
0.214334328440784 0.300307303944817 -0.088927061888021 -0.14571109541741
0.110289977956969 0.412295818874001 0.111720272409081 -0.0050329244731315
0.0914849840570787 0.340632286481212 -0.106485337004983 0.062981726636305
0.151194091531525 0.325366589082703 -0.0340929697605073 0.495676913559723
0.260525637834224 0.210620751598289 0.319632956772568 0.212898609502487
0.31105630898708 0.0674218431229948 0.109107661521913 -0.0452301983181745
0.267394831983402 -0.0420579635000041 -0.0475475134657509 0.0950043507826952
0.217770829734972 -0.108127602867628 0.0480681044002606 0.165257619079166
0.169739792929166 -0.145178926156356 0.103508497392098 0.123179087421468
0.173641345898353 -0.13140407392337 0.0533479733375371 0.0544347942623413
0.172073933820608 -0.134169231910317 -0.0242083528323257 0.0766267300779541
0.24495893384207 -0.127143595701927 -0.0999737237803732 0.0949631773188929
0.299575093732799 -0.0364656377696597 -0.180342946443655 0.0931048525068201
0.330401554521673 0.0597634224324443 -0.232482092702672 -0.0392566738950642
0.279005681319476 0.196606934254206 -0.17098034587661 -0.153190075043236
0.18569167359403 0.337125033109883 -0.0825828637029678 -0.229777763791186
0.131055090551855 0.38712311594064 0.101563195726293 -0.138708386983095
0.170819348533522 0.267864942035376 -0.114528429129223 -0.0618136113974078
0.169714393290553 0.245338563133347 -0.0133198371837078 0.408698923197966
0.253273941184519 0.190223527093684 0.349807602475011 0.152062596663702
0.360534066805183 0.0670617530701592 0.157831285388284 -0.0674637493169714
0.320405864194647 -0.0949874414392829 0.0413022323972557 0.0523929366855472
0.224017905772857 -0.172768355310673 0.129461012171766 0.095051828162039
0.148262501839588 -0.185437546032047 0.168545785457074 0.0420696251021382
0.143927704475789 -0.155680344937839 0.105493323899452 -0.0148929867733321
0.146178110196062 -0.147373418257463 0.0324752185355629 0.00938567153738578
0.222447293574996 -0.140745111378561 -0.0332386987618114 0.0337246966152953
0.30392673581375 -0.0555040091891522 -0.111195364044465 0.0475639384273413
0.356246462679567 0.0819703596758049 -0.184007603729336 -0.0770139362536153
0.24550356375837 0.242503653149932 -0.145296957577152 -0.202688510026326
0.119740591132199 0.317977378633707 -0.0563091860879903 -0.311482650891765
0.132822490819499 0.302439167010168 0.103751304746664 -0.262196584330403
0.196183172082179 0.147468770546329 -0.140048909312671 -0.166229661822501
0.116729660803989 0.141316834935754 0.00345655481694766 0.296930712542161
0.181818684507457 0.166089957132508 0.325828703484019 0.0728318860528456
0.344311733552683 0.07056299861989 0.176269698501011 -0.0722832390177932
0.311524630062039 -0.12358748801383 0.130636648709933 0.0068055455167414
0.186786436567827 -0.199282825613398 0.205146966252973 0.00663070292567692
0.103493238819966 -0.192619006837545 0.218738878597989 -0.0505675806279412
0.0928055016110185 -0.159376202728366 0.143589866103454 -0.0823139387551685
0.0970617019716523 -0.145491063853537 0.0768570097909347 -0.0506218318809062
0.166883421666938 -0.140007535496797 0.0227823381071582 -0.0237751558885787
0.263269404866774 -0.0693246026967043 -0.0399160685901206 -0.00388917926993222
0.320196541378544 0.0962409222334376 -0.110439673095483 -0.107028481048218
0.157851545829206 0.243422368026937 -0.0943395396004108 -0.229108257632233
0.0403815696364999 0.230821501286946 -0.0121314433370743 -0.369983336444051
0.134034578150131 0.172869259380052 0.118879441618191 -0.355014033655372
0.159337966357282 0.00245990596838715 -0.1632846672072 -0.235198247181831
0.0102754560645661 0.0464326913357132 0.0157640074650277 0.182661634574412
0.0765495132068076 0.149217131725374 0.263402688997876 0.010475802027725
0.277537593233506 0.0709696418348968 0.177164354963346 -0.0529962495834772
0.24182432322877 -0.124122404157476 0.206033969373889 -0.0338185492853767
0.112409151445706 -0.180093782875751 0.258203905466765 -0.0809981672466522
0.0413469667907079 -0.16316921190378 0.246050507697817 -0.136239970305782
0.0269334157897846 -0.138644378174986 0.162541370532352 -0.140174606242046
0.0345681769839791 -0.129527693572097 0.101316649785429 -0.101423224154613
0.0952194292678498 -0.132611980902566 0.0617323011916938 -0.0747339326219581
0.20233389057146 -0.0841714970382967 0.024336468563811 -0.0507904459607636
0.251578124064597 0.0967660300905217 -0.0308547291260403 -0.114240403158006
0.0518348112177872 0.196178905901302 -0.0414772151098338 -0.223154182821559
-0.0173053449428475 0.0899766610869543 0.0350117514485181 -0.401542963475761
0.145065794272292 0.0201313880959776 0.140402020458456 -0.407726665809516
0.0840119590675946 -0.141002932378261 -0.171188465392077 -0.260326973670302
-0.0978314815637642 -0.0344712008402064 0.019080839956334 0.0924586548279573
-0.0254538870283345 0.117695399438385 0.197354415095502 -0.00928082211427057
0.175109346248361 0.0531189358775168 0.184147490939566 -0.0204230039225149
0.12922875901721 -0.104932495172326 0.256586643683721 -0.0684070141632287
0.016846639981371 -0.125057205642679 0.275620954202373 -0.147507386927569
-0.0296332732415033 -0.102747332439337 0.242938342245265 -0.194372422414571
-0.0435729528019804 -0.0975772751195187 0.158568065296818 -0.178390653832738
-0.0311459989593012 -0.100791579840988 0.102453170056764 -0.143530984501271
0.0229319408554062 -0.12152525179745 0.0806637486675525 -0.122755509889004
0.136959881986582 -0.0951446648850638 0.0785710386410082 -0.0918898953451143
0.166522933460773 0.0783042729256864 0.0336839664455536 -0.0984378825894822
-0.0384714564656556 0.104393803761679 -0.0196516086503578 -0.197119141177832
-0.026144011690509 -0.0732525159846429 0.0598889726718297 -0.42088658061216
0.164369647525842 -0.12720524216667 0.149738521304925 -0.41550247416794
-0.13169313937947 0.253209512796958 -0.209985006214218 0.373085038936845
0.0649048083677591 0.209324208417723 -0.0647642800526327 0.544069172671379
0.0962468967440645 0.0160415423809412 0.0858757788026001 0.20146028196722
-0.0569833929837225 -0.0275650023085811 -0.0612026600911684 0.0362065393708018
-0.0548891752782161 0.0885356623532902 -0.139927989018605 0.126705755686064
0.0464144794870511 0.09843481974007 -0.0827034880377442 0.175047319677687
0.0926830999167003 0.0506630651272612 -0.0688753098945727 0.181005746228587
0.108481390004199 0.0418662630008179 -0.119690358831949 0.172928057070015
0.0940376746661301 0.0312329769629876 -0.201492311224438 0.208182011257867
0.0758671517038681 0.0494396116950027 -0.265506420915118 0.17542871524808
-0.00472057784927116 0.0694703816565427 -0.279940894514033 0.0977302139686203
-0.0510385964964276 -0.041763534582505 -0.209407965812204 0.0217477235493537
0.11218729813439 -0.0743187614664172 -0.156590976734142 0.000869148362764885
0.176290259365643 0.135829045016556 -0.100391537190363 -0.0583438252957115
-0.0189666128688252 0.290146918509657 0.143204412772695 0.202027467828988
-0.0947000780387483 0.328014533278319 -0.173922627006769 0.297693143481703
0.0599582589375604 0.314478720980475 -0.0744454429058769 0.569162127791598
0.153040959782615 0.124682679247911 0.158365839709141 0.22168406063893
0.0688039527829947 0.0184192051175202 -0.0324749349969447 0.00347044650943492
0.0461320369731147 0.0640228424576725 -0.151896453702911 0.136659918138348
0.11300153408211 0.0475963680398603 -0.0647520727095602 0.206627235028527
0.140086191738146 -0.0138677836718254 -0.02296186449825 0.195565233919187
0.156727962750527 -0.0261227359366997 -0.0688577380743289 0.158593736421797
0.146041318121067 -0.0409669648811044 -0.150795453733245 0.191944078281505
0.167565377893605 -0.0277135486183934 -0.228739712788065 0.178601220369219
0.134160529654357 0.0345914911174691 -0.275938373786683 0.121454795926945
0.100636226858645 0.00258770906495418 -0.241041829866845 0.00658698870497441
0.189792785212285 0.0261699848102152 -0.158416302377685 -0.0485081258947033
0.210803058028078 0.230760371344879 -0.0918759830736502 -0.0827619988147457
0.0547920723080143 0.383955398188312 0.129665519355164 0.117979790817232
-0.0155801185656823 0.364433596091502 -0.13283278331453 0.189117053947775
0.0923276355936759 0.360117485546506 -0.0673177987035801 0.558261850073799
0.212234535172722 0.19920615963117 0.245640643226078 0.240313284209419
0.205025877191163 0.0579158587058965 0.0334873765927329 -0.0210134815379918
0.167428511510649 0.0194077305643447 -0.120147920420296 0.128751821304718
0.178331878676937 -0.0259224634024369 -0.0216062269769468 0.208195714290441
0.169107344412398 -0.0835004176876024 0.0373389645351368 0.177975926784568
0.181924239862909 -0.0875625470017676 -0.00838025421615926 0.11682539930386
0.175934299603243 -0.0989345041220478 -0.0895356951347461 0.143388446205809
0.229746170581336 -0.0893484970780998 -0.171578418021676 0.149201735555511
0.245983754689615 -0.00273599300791251 -0.241244102188559 0.119674938346082
0.242110578982147 0.0376557026151052 -0.25422773852636 -0.0134778174611926
0.255373908148208 0.126022700655406 -0.171164728033639 -0.104167790492367
0.214324888240892 0.310649408828996 -0.0883049517521601 -0.147975663336816
0.1031884616576 0.423506832656441 0.115184306356011 -0.00452217807337709
0.086707504634002 0.3474231795187 -0.109961886783075 0.062760664905665
0.149103815367695 0.336313100227239 -0.044923055397889 0.504392584267381
0.259465467431469 0.217925578539826 0.319961889664833 0.221242681980015
0.316958005661913 0.0727644495459328 0.107001522215024 -0.0447192193003761
0.274006045490105 -0.0386299008495527 -0.0492710023124124 0.101151454094148
0.223293353445131 -0.108001257853618 0.0491272123692089 0.170851501073425
0.174583628720929 -0.14677025062674 0.106067480562597 0.124853355134905
0.179506269706531 -0.133437610872344 0.052727274001062 0.0554561670159777
0.17797456190584 -0.134769256299283 -0.0253308143315157 0.0777588612823908
0.251655338370631 -0.127753843020302 -0.102562299128227 0.0960351601989559
0.308253454677959 -0.0334830700302646 -0.182583415913207 0.0917527692265113
0.33788244478476 0.0638773132063099 -0.237514983460763 -0.04310235728563
0.282220964099076 0.206909234126682 -0.172052722876834 -0.160759874981135
0.183368083243006 0.350455121158277 -0.0801541989881406 -0.234096840754673
0.125376497153192 0.396748559913314 0.105503246769617 -0.14023382188335
0.169388284075409 0.275658451555237 -0.116484511147508 -0.0653835802850262
0.169265694720142 0.255104116105859 -0.0213070964297216 0.416632377213477
0.253957907091036 0.197194986139514 0.35081027707468 0.159635236257242
0.367537646119124 0.0731082432306343 0.157543270699559 -0.0655739319049981
0.330045703024617 -0.0927060564805408 0.0416540469161617 0.058905258560892
0.23066406400721 -0.174342330243298 0.132440250943144 0.0999281365289548
0.153567054053154 -0.187274087334536 0.172258518754838 0.043008384647412
0.149761282151964 -0.159063263246547 0.106188948655345 -0.0142132033356527
0.152119654257784 -0.148251832696994 0.0331781636636141 0.00964870223978957
0.228796063740617 -0.141250493553744 -0.0339649721995951 0.0341190119963226
0.312017634772018 -0.0535593421259635 -0.1113238969444 0.0458614920164522
0.362653124084652 0.0861461860958327 -0.186968400351132 -0.0803063953746264
0.247168405380495 0.252475002648126 -0.14421713238159 -0.209651399242621
0.116641520239137 0.328137528236552 -0.0523567489116888 -0.31789332979061
0.128752107781086 0.310732624776495 0.109393578467678 -0.26638287305881
0.197025070275986 0.152835776396462 -0.141099402049395 -0.172299271000156
0.118224259442697 0.148775673311956 -0.00261750069245338 0.301869308275651
0.181933853188804 0.172580195992063 0.32788739059119 0.0777446905491455
0.351655689874253 0.0750967784687696 0.17648714240082 -0.0701497533725836
0.320788033715077 -0.122843859204597 0.132823984361566 0.0137234174948108
0.19290244357911 -0.202130541072309 0.210760973550627 0.00878246436531789
0.106980482758917 -0.195498148042806 0.224214771469717 -0.0527903595515782
0.0969671339441587 -0.161820916864384 0.145638065914368 -0.0818757245743749
0.101373652632705 -0.146578474610171 0.0786282816333145 -0.0505764258857206
0.171300702570111 -0.139880897970443 0.0235318859843655 -0.0243508273533511
0.268534483293276 -0.0686898167042281 -0.0382912748991171 -0.00522565384103176
0.326611596740914 0.100141526820561 -0.11156906222075 -0.109996335485482
0.158141729686701 0.25196915986618 -0.0909502604629268 -0.234687249478121
0.0369773645751652 0.23776823764958 -0.00652757173573321 -0.378089049311977
0.1321402287407 0.177961738663209 0.126819680230136 -0.361096815823806
0.162142619371685 0.00456270406558322 -0.163602612798419 -0.24272941022224
0.0107239978259837 0.0494852154492492 0.0119049047319509 0.185741027761721
0.0756119326116788 0.155067576834181 0.266055411100708 0.013692858885959
0.283515384336675 0.0742180321749199 0.178669336436916 -0.0501447512272354
0.249190019340519 -0.124797895424453 0.210519853082719 -0.0277125474187701
0.116074618608496 -0.182870980416992 0.265684046759784 -0.0796444542450524
0.0429103985354428 -0.165298246163972 0.251463344214905 -0.139689086197526
0.0292794266491848 -0.14136670178903 0.16562055023085 -0.14022019734992
0.0369567214399723 -0.131069319875431 0.103539307289601 -0.101904985026014
0.0984633625613828 -0.133752012554491 0.0631099984170125 -0.0762168846985751
0.206741253390881 -0.0839217322454378 0.0279581241236089 -0.0524177154603713
0.256730055184479 0.0998422748046565 -0.0293790820746381 -0.115332513402251
0.0503267619474553 0.202472165645833 -0.0370761947519729 -0.226756233086988
-0.0198571153388621 0.0930742384311321 0.0438460842570748 -0.408654650805984
0.147297755065028 0.0221432822191998 0.148483603343701 -0.415193890248833
0.0870003091990573 -0.142436383841649 -0.171676787070244 -0.267364827647099
-0.0987242123064959 -0.0353993618981373 0.0176636707818522 0.0932371079615303
-0.0269213794452565 0.121417361611062 0.199678808288591 -0.00746174749122565
0.178750421639354 0.0549501536030843 0.187036877112512 -0.0168114766698066
0.132491464505109 -0.106526748981875 0.261548918491548 -0.0638163445596101
0.0176115395663443 -0.126595990572484 0.283391794846799 -0.1477719971397
-0.0300621847341023 -0.104914417107333 0.248349985234919 -0.197804113750393
-0.0435658118206316 -0.0990664812862913 0.163268088363201 -0.179342357305099
-0.0310454528947933 -0.102406777183584 0.104495003326692 -0.145028585637253
0.0245606505111885 -0.123487365695466 0.0831377308368644 -0.12550235672403
0.139351760118387 -0.0964242869541519 0.0830855626740337 -0.0933375017444168
0.170126345582945 0.0802416785489858 0.0378202137359623 -0.0986196694570483
-0.0398700395087883 0.107003850991424 -0.0140139022863793 -0.199416399782501
-0.0268073812708685 -0.0750923658819945 0.0692463365010577 -0.429063082679802
0.170028695939634 -0.127368381807792 0.15849905770428 -0.421818248773935
-0.135537620430471 0.264242406310207 -0.216843472952023 0.390093749243969
0.0698318478950367 0.215709750716364 -0.0620815296131697 0.566072664141485
0.099049108453503 0.0134759604897261 0.0883231154196155 0.205083860768735
-0.0604552416659768 -0.0266392522618493 -0.0678466992310895 0.0378064991618866
-0.0564657970749566 0.0948122443222412 -0.144827617712048 0.135440350326712
0.0509127538802639 0.101412395188092 -0.0832901138267848 0.184421447331814
0.0983833619140083 0.0511327120531184 -0.0663389304382806 0.188155486090359
0.114356907575062 0.0409794428701079 -0.12175216110205 0.179004728437254
0.099149714941977 0.0311898195314208 -0.206420507693044 0.219222780637754
0.0805204378439965 0.0494022996487807 -0.275802944838591 0.186666542481852
-0.00135384107855515 0.0737685489261896 -0.291153708710346 0.105177896889772
-0.0541219846830721 -0.0415846211740833 -0.217147262455688 0.022758704726519
0.115159225073686 -0.0779874606909563 -0.163570227762381 0.000508877980292772
0.185254528589333 0.137992283822659 -0.106492129509214 -0.0572055989058921
-0.0186007359208639 0.303704620313588 0.153481473928066 0.206496262996522
-0.0969169013466873 0.341073541211896 -0.179875516259346 0.310990462886636
0.0649779788618616 0.326819733373912 -0.0753002072885041 0.592306504736054
0.158127922119407 0.125863621165825 0.163421219854249 0.226901073357189
0.0706857072837644 0.0193600190146334 -0.0388772553843896 0.00374922854058351
0.0485976964616126 0.0674835364075875 -0.156664905728315 0.147372211004814
0.119318581626631 0.0479238301234482 -0.0633433295829728 0.216957746423201
0.14553237838528 -0.0168974802293766 -0.0182135978998332 0.202654642729211
0.164061798099275 -0.0311640016428913 -0.0696645959335803 0.163469909251287
0.152607946351417 -0.0444359834403538 -0.153736018312992 0.200736914213209
0.174644970584997 -0.0313472677354911 -0.235796552154405 0.189556299334952
0.142379112246644 0.0351198332670644 -0.284338854543695 0.128252829898759
0.105798061506245 0.00291309959464986 -0.250865985726939 0.00763116888737097
0.197628163366631 0.0264729294916303 -0.166733241148792 -0.050661779011942
0.22155748283754 0.238252603883477 -0.0967115268557239 -0.0833262659550142
0.05850628297 0.40081770292197 0.138021457379108 0.119027438506988
-0.0139086167402493 0.377338813860238 -0.137746491709949 0.197565616248332
0.0997281126981759 0.375247392168719 -0.0663325769652321 0.581292170548639
0.219730155185868 0.2033825880615 0.253750420831823 0.245991214178467
0.213660743505987 0.0581738164390341 0.0293184150218373 -0.022109040303112
0.17461957068942 0.0196756888812138 -0.124133074498437 0.138723205165155
0.185458138528296 -0.0295966472752882 -0.0182266338435108 0.217993976730349
0.174509731554902 -0.0895177386742714 0.0445553668156338 0.182875280315171
0.18860843831266 -0.0958239184545639 -0.00778363923359652 0.119532510143633
0.183757848674067 -0.105278034991604 -0.090926305233074 0.149055998077328
0.23818643917478 -0.0967189291812348 -0.177022582997529 0.157600805610993
0.258456592337676 -0.00596550921535732 -0.248837467471229 0.126658757244304
0.253784118010625 0.0367874999743291 -0.265533650577233 -0.011357005967344
0.267274060198816 0.130418529800856 -0.180111705507113 -0.108775057103945
0.225468451570071 0.322110792260196 -0.0933254955012194 -0.15136856170351
0.108986730081112 0.439806693977055 0.119887990554532 -0.00648119554444193
0.0911378838256416 0.359969495430646 -0.115142587105476 0.0654262525078402
0.158528201549865 0.351647562536139 -0.0440808925851488 0.526152230179722
0.270007258599138 0.223157610883991 0.330637194594212 0.226718235859258
0.33023333902458 0.0719005653155192 0.105881773874778 -0.0467429492819711
0.285771006027549 -0.0427101240326176 -0.0507863988607188 0.110463408868772
0.231590723503183 -0.116076761078338 0.0544756900486367 0.179072821314733
0.179356354174972 -0.155313717061924 0.113214926165724 0.126145316589916
0.186116174932005 -0.142837818871541 0.0543122286622584 0.0561375007409511
0.186444601402114 -0.14245576655388 -0.0253781099828729 0.0795013550235183
0.260081361906412 -0.136351127574722 -0.105739930283087 0.102022314673342
0.322936547308891 -0.039401241802698 -0.187126313311028 0.0963233581142093
0.352634563923434 0.0621815891698829 -0.247876855182876 -0.0422302740268746
0.296267207550778 0.213463964686191 -0.181268195344788 -0.167488034305891
0.193552651728329 0.364885272538823 -0.0849355955160108 -0.241777226251696
0.131081744581542 0.412122346780664 0.10868568644526 -0.14763364843038
0.17783667156645 0.283185801165206 -0.121889571887117 -0.0673002462499629
0.179739652142777 0.265990469084744 -0.0195700559007719 0.434152417361959
0.264025567053488 0.203092311907823 0.362656987735584 0.162571165165542
0.385168727788639 0.0705281609626811 0.158725822991279 -0.0691895042929357
0.344146182770922 -0.100934451325977 0.0437817491930832 0.0669545595744385
0.238405854820206 -0.184783038714744 0.14064012591231 0.103057075624514
0.156879048396618 -0.196826008954926 0.180285667393853 0.0392750608936172
0.154736965435717 -0.168015164589516 0.108532548422043 -0.0163782925539918
0.157949464387448 -0.156135549371866 0.0348097982752126 0.00914108231621545
0.236008238622218 -0.149562575081344 -0.0347138488401164 0.0360675655757965
0.324622508807855 -0.0604197484770936 -0.112326452786737 0.0474290560893864
0.380331182705102 0.0841225984476633 -0.195466477138928 -0.0805472112048762
0.259861652673942 0.2620783184547 -0.151883119362888 -0.218149421457416
0.124295870716659 0.342439719446468 -0.056776747663225 -0.329585142165143
0.13446989436942 0.321534742612707 0.11165836652658 -0.278315832006674
0.205202714755856 0.156677213080211 -0.149201414432829 -0.177808386066715
0.125717148615459 0.156140113403942 -0.000886783135858015 0.314843729978953
0.190327639063968 0.178592286939535 0.338461307659948 0.0782600438062752
0.369088560406461 0.0731458342438495 0.179726872894679 -0.0728767197499747
0.333797513937958 -0.132782777522678 0.138905127501278 0.018415807959211
0.197973277510922 -0.212919634023446 0.221007982441597 0.0072997061685153
0.108265837907153 -0.204592952086217 0.231629429841483 -0.059884658712065
0.0993146747676099 -0.170205580578589 0.149006433400093 -0.0861873130510735
0.105094727883026 -0.15393599166535 0.0806545872998244 -0.0533102957811677
0.176698515850909 -0.147780606553282 0.024442487429914 -0.0254854726805997
0.279168445823687 -0.0751285522917893 -0.0368565947107191 -0.0065750899226929
0.342333409481843 0.0987860083282107 -0.116397785401427 -0.111038462168017
0.167080874462568 0.262046075332691 -0.0958949575343315 -0.243120434206197
0.0401722610086921 0.249221770578502 -0.00849163600721349 -0.392262681055699
0.13770527008392 0.183312933410709 0.128624940680077 -0.377154522919933
0.16811667992724 0.00216759694015033 -0.1732240846285 -0.251222885237638
0.0133549952127408 0.0532958050420464 0.0137387929909827 0.192507460780545
0.0802227717727931 0.161733251813218 0.274489894050697 0.0116487508483957
0.298591265065489 0.0723076693783853 0.183808915913879 -0.052029577133187
0.258136168556593 -0.134541761949885 0.219169546667692 -0.0261876990397208
0.118011124592952 -0.191643957994793 0.276109334395136 -0.0869173017257011
0.041351317813181 -0.172581102869001 0.258431220324234 -0.150308339499432
0.0286834904199646 -0.147263492223495 0.169249073175919 -0.14610600091919
0.0368218160438209 -0.135918291843089 0.106152109269079 -0.107187299185922
0.100383508131756 -0.140548769226639 0.0647855269359755 -0.0801968425704389
0.213239162620839 -0.0909272723873599 0.0308035836266317 -0.0552546252569185
0.26923540856972 0.099328754114069 -0.0311596834843061 -0.117178373746144
0.0543577250091701 0.211087177905064 -0.0386715800459979 -0.233762562855591
-0.0209911815807841 0.0983872943537247 0.0423240251352548 -0.426939266293012
0.152378588817155 0.0211907556912708 0.150805832483417 -0.433538137820216
0.0892173067920154 -0.149610727390432 -0.182499851070286 -0.277204509887367
-0.102209636326619 -0.0347945270380069 0.0186904628822352 0.0964241836134985
-0.0256039548024453 0.128334129456268 0.205757127771746 -0.00994251703930882
0.186879664439953 0.0531995241195754 0.192909900520744 -0.0173480668002082
0.136682919275274 -0.114656991661441 0.271043932164715 -0.0657339088391288
0.0158462425140824 -0.131471663522386 0.294796703307976 -0.158353511675223
-0.0340125280731618 -0.107604965576447 0.253882044913198 -0.211114600400844
-0.0473118350423026 -0.101348046923628 0.166677664056226 -0.187508714492634
-0.0339680520392096 -0.105564913141285 0.105875271941267 -0.151082815175965
0.0233048407372417 -0.128444113567206 0.0848113114017206 -0.131956937633628
0.142014963448323 -0.10325846864359 0.0872353464032344 -0.0986290716490687
0.179601480903597 0.0806423918730508 0.039734683736651 -0.100989629556749
-0.0406643247535673 0.113065407503853 -0.0144428568829018 -0.204591342531014
-0.0292337799498999 -0.0766167054730249 0.0689813343283726 -0.447712304653919
0.175664232117544 -0.134862947761897 0.16041150237273 -0.441176412577596
-0.129790506437006 0.280480970907947 -0.209998859249091 0.413985490494344
0.0806184271280481 0.221684427267621 -0.0419764348950153 0.587119934543941
0.101179992559477 0.00787254713003223 0.0969842942034286 0.20485511772269
-0.0653901020709672 -0.0239765664561807 -0.0736039713684778 0.0423749036514532
-0.0537256082462449 0.103485236923102 -0.144464236342989 0.148284330158967
0.0593532454343929 0.102505131003458 -0.0767477961977752 0.196361124658425
0.105110829105708 0.0475391281463522 -0.0570607928658849 0.195493877017523
0.122433437483092 0.0360709403613813 -0.11764937415357 0.188510325220797
0.105221732592699 0.0285091741186329 -0.203441496969905 0.235408147408656
0.0859609188057458 0.0463168024646239 -0.279854716134042 0.20709488627547
0.00383830283104588 0.0775660225592024 -0.297349924486766 0.121859616392503
-0.0581601628813158 -0.0385677368713297 -0.224376491642584 0.0298978299421886
0.116656498203056 -0.0854763283256491 -0.170336115442968 0.00516795563332338
0.198036772912482 0.135005147709949 -0.112894431306033 -0.0526575813502484
-0.00738881376682245 0.318240585394372 0.169198452706714 0.204151337043251
-0.0874956991772467 0.357583930598633 -0.175209940645335 0.330193769347198
0.0816187538211188 0.336416994373477 -0.0545411386690784 0.61650280659856
0.166919538697989 0.122230471351047 0.175358043321095 0.225443268088556
0.0732332933662344 0.0171441654091603 -0.0450163178251081 0.00624114967652164
0.0534078279327073 0.0698874604896558 -0.156073885925457 0.16182472738515
0.126880024507144 0.0441979259119639 -0.0540294787314021 0.229760452513257
0.150833700217821 -0.0244790909287433 -0.00644302445080605 0.207948289560267
0.169703895323282 -0.0414823366129837 -0.0654470062861097 0.169990676041232
0.158134892971859 -0.0529943201191613 -0.149825860781695 0.212840301964343
0.180349848373468 -0.0415289232985102 -0.237666704324366 0.207966892456532
0.152704904453618 0.0301128543199928 -0.289510482469052 0.146542541373117
0.110192858633414 -0.000218401166481811 -0.260636205861188 0.0171762797493174
0.206701939081829 0.019980601838609 -0.176118400826622 -0.0477940062091284
0.239510921512495 0.237828135159 -0.103925870336405 -0.0802968223451299
0.0763774718328988 0.414551319602152 0.149057797463646 0.115361177203389
-0.000148709317475921 0.390176874793706 -0.136422431026701 0.210308806331988
0.119811540570535 0.385101475567867 -0.0470885421432723 0.605403525965041
0.232877088480493 0.200730770829725 0.269287699321097 0.243777424689458
0.22246060242124 0.0510151332397988 0.0237329299968643 -0.0234201252826298
0.182268807537572 0.0136794974343447 -0.122789536936431 0.1525128178827
0.192446882254779 -0.0388156971872175 -0.00697981882421753 0.228470374933585
0.177228447108946 -0.101071981610312 0.0558106580210124 0.184797244872384
0.192227853193751 -0.109313554027568 -0.00338007689614303 0.122550136850636
0.188209141544458 -0.116753032211196 -0.0870087037908582 0.15611980826809
0.243114915435901 -0.11146908701397 -0.176859824232489 0.171781077785312
0.270801047425946 -0.0190255050638766 -0.251973441675859 0.141668637413274
0.266640113102864 0.0269988728496488 -0.276399993087325 -0.000975943349965884
0.284468359634163 0.12540001479355 -0.192890431252732 -0.107037856039623
0.248076663383815 0.325180439106569 -0.1029623596054 -0.151480695901512
0.130783922094296 0.452835843621898 0.124215040837962 -0.0132527583033868
0.111045495855333 0.367373786123069 -0.117648607380061 0.0716687012986358
0.179735621854978 0.359029118189114 -0.0252943154981946 0.548549488577098
0.285429446645547 0.219820390962185 0.348754413520983 0.219897665578754
0.345901461029763 0.0597110845519484 0.101525079106608 -0.0523238727569656
0.296222943450149 -0.0567449511957496 -0.0470370282939673 0.121693678322451
0.235284815903106 -0.131624806445779 0.0665923482714774 0.184431821883177
0.178792887040983 -0.169438959464836 0.124607065376782 0.12293406158419
0.186341386600522 -0.158304700574192 0.0571131651740351 0.0549779659561945
0.188897405108686 -0.155681309823658 -0.0229926945321331 0.0824592601828005
0.264105342181763 -0.153330540637064 -0.104375058089088 0.109731337338064
0.335166299775844 -0.0560334063183939 -0.187656569336207 0.106751014979094
0.370550316011081 0.048104794562851 -0.258973651498697 -0.0322848303125193
0.317562692155683 0.211450728170041 -0.195999054476838 -0.167051558567221
0.215698608120466 0.372121274954052 -0.09703790747533 -0.246047848778118
0.152986830733833 0.424242519681451 0.106345288556136 -0.159309229412501
0.195136043607519 0.284680909806387 -0.13039679706995 -0.065918597265913
0.199153174972619 0.270450848471088 -0.00514335586922015 0.450392330606952
0.280145677193413 0.199821107961082 0.37969391296015 0.152990524905484
0.403332110511335 0.0553563616132409 0.157357437681109 -0.0768582005886016
0.354569599926818 -0.119941658379363 0.0497565597201033 0.0725386798180829
0.238029202296892 -0.202810848329623 0.152125526477861 0.10084544379948
0.153389302995226 -0.210742453794503 0.188897020362997 0.0296892837069015
0.153117293096274 -0.182782655548219 0.110927026566123 -0.0203941647707653
0.158563700613893 -0.168899459693314 0.0363298121453513 0.00748658194172083
0.238617021556073 -0.165567224590828 -0.0337564310310867 0.0388229196238331
0.334935883345961 -0.0777747997607888 -0.112679857848448 0.0531846230353949
0.398705616011365 0.069657993746242 -0.206005484399493 -0.0737816166511384
0.281776754089651 0.262124434060156 -0.167353423267694 -0.219534202932179
0.141869027996141 0.351491027242374 -0.0723656823506586 -0.338237391677342
0.150788827791527 0.327670368430151 0.103203399934544 -0.293917465384022
0.219153420675074 0.152200312516692 -0.163119385949193 -0.178682589128347
0.13843168865572 0.158052951749287 0.0105333614433914 0.326335970003482
0.203262785340683 0.1780821056447 0.35116907330316 0.0661499549487103
0.387495948082212 0.0584781145269103 0.179574570381419 -0.0819439994117758
0.342064290369293 -0.15434122244248 0.146546806508154 0.0189231259342803
0.195535063512774 -0.229965177143665 0.231638210238085 -0.00247195286702075
0.101564351230149 -0.216771532143924 0.23638630129895 -0.0751495235944167
0.0951057912086516 -0.181705122251421 0.149653665821533 -0.0951008877880612
0.103411376676281 -0.163671197405431 0.0806632565417897 -0.059275560336222
0.175775806788309 -0.161222308916738 0.024461098540328 -0.0281428475994613
0.285417219851827 -0.0927160835591882 -0.0360561404145002 -0.00617868920370519
0.359531360434336 0.0855604199325525 -0.125443855984424 -0.108096100772092
0.184116530645154 0.266314496460969 -0.109184809759155 -0.247331586328397
0.051248952170711 0.257899194552218 -0.0245534686114468 -0.406297399914786
0.149113286121974 0.183578422187724 0.116304181349366 -0.39641902040037
0.173686510360268 -0.00557638067280372 -0.190603404114366 -0.253292542432594
0.0172935603697985 0.0561089062409085 0.0208988884205689 0.199415501673825
0.0896858156150293 0.166281716957384 0.282435060864512 0.00018030380799341
0.313716786605285 0.0608531602714361 0.185766179263253 -0.0596467275940341
0.263390011814624 -0.154018945010396 0.227637008862531 -0.0315563798307258
0.112402477098677 -0.204171280679879 0.28373629399032 -0.102911039227402
0.0335316054903764 -0.180197368811117 0.259150873517616 -0.170307278033258
0.0228506132522651 -0.15405129440466 0.168037347569395 -0.157943786620337
0.0322694736052289 -0.142404667697883 0.10374728210375 -0.1147357428289
0.09709792398971 -0.149819132782184 0.0636188793344802 -0.0877523865304178
0.215628335253106 -0.105820059613356 0.0315340655152102 -0.0598988984324021
0.284574910695543 0.0881036422702635 -0.0359310817066583 -0.119139550599364
0.0666219016750716 0.218336859010821 -0.0487236315519771 -0.24013865755662
-0.0183620080928274 0.10405936541841 0.0259387237044433 -0.444993472656122
0.157032098685811 0.014818197039143 0.137410408359663 -0.455802735746591
0.0848790345443672 -0.159652305474383 -0.201287820036293 -0.279715451456195
-0.106654497774967 -0.0305081400854443 0.0232370534057089 0.0976917440839236
-0.0205660353561954 0.135830039781598 0.212271617202436 -0.0190492141462354
0.196974114818061 0.0452954899710341 0.198175594366072 -0.0248281326434377
0.136261803940203 -0.127660541511384 0.279537524531485 -0.0763316726785939
0.00882039978164017 -0.136331597943754 0.299222443758631 -0.178801755486011
-0.0414927701770226 -0.109417890427924 0.251090565578294 -0.231907771820647
-0.0545603640324184 -0.102612716106699 0.163229296552437 -0.200291782274531
-0.041069204965744 -0.107843503917785 0.101607671606589 -0.160634499531291
0.0186117585215845 -0.133469780284534 0.0811216551067532 -0.14147958000929
0.141489258485954 -0.114577341414218 0.0881025588973348 -0.10770660958568
0.19045038093086 0.0734264039319515 0.0387837522523696 -0.10418600876947
-0.0381352709155969 0.119916859568642 -0.0212092673269965 -0.208027755657315
-0.0352080103845904 -0.0774922741355374 0.0528349876160123 -0.466469946439719
0.176543434990739 -0.148149091570674 0.148302515896302 -0.463881082042752
-0.239846752382185 0.198879641774534 -0.374534123786692 0.289973508722567
-0.0164407327511197 0.232291391693006 -0.300261127952075 0.51124564777903
0.0899372662173437 0.0472732470723933 -0.00844755270325927 0.222408855714154
-0.0494500969747309 -0.0483109587856835 -0.0911240800158683 0.00611453877829519
-0.0927382606020057 0.0726807034399492 -0.19482558817906 0.0757600251231204
0.0129253705245683 0.120182013444108 -0.155077755435474 0.143200222528992
0.0766567652490794 0.0913715297208092 -0.134604322773961 0.150265949707153
0.0985954549717798 0.0878499957499173 -0.187100063582759 0.116197924672132
0.0858553373367815 0.0740124888539166 -0.285957757232837 0.125919157103542
0.05996402084917 0.082566111339847 -0.344324630560367 0.0689786825128309
-0.02920294078972 0.0769648299339013 -0.326305644984627 -0.0188462055342409
-0.0399400823333138 -0.0564965858414454 -0.216729215898542 -0.0772123524916174
0.143192711577428 -0.025539599105784 -0.155382247788475 -0.0726527653973233
0.120796358693234 0.207792145764351 -0.0860382070405289 -0.0961430734387922
-0.146308738225805 0.290554390130535 0.0562609751226983 0.261553294768362
-0.237354241934291 0.287433335485262 -0.3026028194467 0.226312576398504
-0.0676513893413407 0.338943543002967 -0.323507754391513 0.531060587857847
0.0978313683274312 0.180678287935383 0.0556389783912669 0.273410290196864
0.057322553513442 0.0474971743132284 -0.0483722775925961 -0.0186623841502009
0.0208111037559838 0.0903466671909337 -0.212377164455779 0.0784938005709192
0.100264331618769 0.0969704362594128 -0.151529929849044 0.18250737334407
0.150749152862372 0.04545452337198 -0.0954375655243857 0.182727911473087
0.177726922814668 0.0368321472481037 -0.131697763199153 0.121574927725435
0.169557446777378 0.0237039416625034 -0.227421374666085 0.127562439939912
0.183235031174824 0.0409287153512001 -0.304003959008159 0.0897532639833404
0.129749096511842 0.0973039387638608 -0.325004966506284 0.0113220785992005
0.0967481897726526 0.0512671254339531 -0.241525473462729 -0.100050909694851
0.178026475281298 0.111426170793914 -0.138890798113921 -0.121685483553172
0.112768679895562 0.321922539974758 -0.0674614903747262 -0.117182436433489
-0.113058133358791 0.413825233998707 0.0771734759526686 0.170764217892667
-0.172835535741617 0.356961790421352 -0.210788706275791 0.131802343726195
-0.0558652133224076 0.401475636363359 -0.31181507576268 0.522839610009399
0.121425152228079 0.282595713842644 0.134632154350462 0.32882769893941
0.179590880926857 0.143751196870848 0.0293180793646071 -0.0182673428871867
0.162655581047055 0.0960024746396868 -0.178767520214893 0.0799919996786676
0.19488857899396 0.0482582828808727 -0.110654547609427 0.201415616696066
0.209162389837966 -0.013857212555524 -0.0294288666230179 0.18874980787496
0.228804119967382 -0.0170760108669998 -0.0547351600131793 0.105859011422148
0.224895360477236 -0.0227108094548507 -0.145263548306339 0.103597171432935
0.271814906604738 0.00418822882177023 -0.231277695800438 0.0828356469333248
0.259726767282751 0.102255364281497 -0.285616074727507 0.026341357224158
0.226327538526189 0.142388535207659 -0.244802686785627 -0.117865286970418
0.201402019190647 0.24292491804538 -0.127813867809467 -0.180212321731749
0.0795713138194712 0.405206075305288 -0.035002841734563 -0.183554288219382
-0.0801721523979135 0.471770528066438 0.114703276413934 0.0427507090845959
-0.0643638905259346 0.38574109666599 -0.132172610583582 0.0101373509526253
0.0116784449292802 0.404624940661372 -0.267836702071391 0.478856889646897
0.159552102658607 0.323792426283287 0.215459803077167 0.342916638405075
0.286636341615017 0.204701313198019 0.113241510297311 -0.0141611909290178
0.298818583836515 0.0806564785433724 -0.0998150068673681 0.0797030402404408
0.275573509642813 -0.0173241581639919 -0.0251415069605613 0.194733324507562
0.23974060988969 -0.0764158780214592 0.0588400826322268 0.162322754246649
0.245533789265678 -0.0645562403776522 0.0288203067357866 0.0718979025906646
0.24275091528246 -0.0604872925940051 -0.0554850876505631 0.0643238294663128
0.308190514491054 -0.026154386375214 -0.137455231824099 0.057681906063626
0.335021043377838 0.0940047151342667 -0.208795053187753 0.023551679740534
0.312381907142942 0.206130213859746 -0.214414996834775 -0.135183215979403
0.193444597798507 0.335266958483651 -0.105451524536817 -0.233321527369145
0.0307096956173788 0.431337600421033 0.0135459906802351 -0.267994459712464
-0.0493832492946533 0.452536590601856 0.16687955985051 -0.0971006232299918
0.0502862178125229 0.348671028670538 -0.0843197894733304 -0.124763137894048
0.0686922444943132 0.333385656548111 -0.206940220789816 0.40219126282688
0.164285823739512 0.303614669515267 0.274955469442787 0.295183426513894
0.341334618722728 0.226091783124597 0.174582131583059 -0.0127069734409541
0.379409723874515 0.046685454786031 0.0091353411587306 0.0752705799148687
0.308950068398673 -0.0818886399322945 0.0874118212235277 0.156850508551354
0.235409708234966 -0.127478889911135 0.156567648424156 0.106926401802773
0.22411620793656 -0.101879721827459 0.109535208471735 0.0266455029136237
0.220017264543741 -0.0866207886478693 0.0301796215548243 0.0225501217235249
0.289520161430261 -0.050482819316937 -0.0437772573951051 0.0234603777205507
0.344490514603007 0.0729776468624619 -0.115071194424733 0.00696005601381313
0.327634551669554 0.235062311135642 -0.14625087599066 -0.146630826851931
0.137984645046043 0.365130153393683 -0.055802505859267 -0.267172004585052
-0.0276851494717397 0.380930292113009 0.0825467880087625 -0.343595340317432
-0.0081396318643431 0.364461146208511 0.230035925533894 -0.22059001246991
0.131022236454322 0.240170090361166 -0.06575202176607 -0.245241457631285
0.0616207456281743 0.204046349658543 -0.138794087931146 0.298059124091999
0.102759076909093 0.251780054653612 0.289250661178544 0.206178865938034
0.324889585446055 0.221064942211003 0.198181484818129 -0.00741085859205515
0.382456084372958 0.00776905533580737 0.119539757875767 0.0698704262724028
0.279918655294116 -0.127282747801653 0.205806749953929 0.0983231004049456
0.190756523811421 -0.155408490077 0.245627933164607 0.0330190257044336
0.170004261735453 -0.127103638879129 0.175264068181074 -0.0218793775649898
0.16608148871238 -0.106304411419457 0.0986392887896822 -0.0187888272590775
0.230833010514857 -0.0723382473961361 0.037836245388003 -0.0125405493267738
0.304091200086405 0.0371230119855176 -0.0206983038020279 -0.0143811694656631
0.287200203508762 0.230679780435375 -0.059047837469375 -0.14151296825556
0.047947106115778 0.324977761212696 0.00978279701651936 -0.267543412493661
-0.0686252148357227 0.253837665392728 0.159903600451505 -0.386012817331898
0.0538554749796249 0.229779452408644 0.293231057603925 -0.305891384482651
0.160877332546101 0.0758445104844707 -0.0633516559614057 -0.325474288348293
-0.00728965647989307 0.0573582245104638 -0.0698850373169405 0.189467080271756
0.00569169367805681 0.191989396886088 0.258646012760793 0.118973361878855
0.257568192052027 0.189585209376668 0.195293573915939 0.0177869208952336
0.308162249375962 -0.0276165598178654 0.21613488247588 0.0618412031556801
0.191341511137594 -0.140302188701069 0.300823714536574 0.0316785789260077
0.111169271624512 -0.15294049680272 0.308476048248133 -0.0425153233020241
0.0893682178280959 -0.134103948801934 0.219652639300997 -0.0701126519047153
0.0911853732873693 -0.118174231702346 0.143790014637279 -0.0582223647430215
0.152214448593429 -0.0960376526881812 0.0967701684651051 -0.0511655002348769
0.244537022960844 -0.0063337682288323 0.064273757923074 -0.0367372148906116
0.218612309949397 0.199940966296467 0.024930770189947 -0.113120843272052
-0.038340369130299 0.227460600932664 0.0611090925411372 -0.235000146087878
-0.0634101250482993 0.0814438969341542 0.227537844185918 -0.396295486461084
0.136698167310976 0.0790247219915518 0.341827214010616 -0.348117139148824
0.149042976943939 -0.104915523116065 -0.0642473820248043 -0.350516728821649
-0.0838524672870908 -0.0773235359917601 -0.0218933654204528 0.101243898900017
-0.0820208687889225 0.115966201436407 0.204911221115569 0.0736016006494349
0.158876441367665 0.125036381736126 0.194113699566327 0.060539101842991
0.178446564925753 -0.0608385435269062 0.284683406087091 0.0497600562371118
0.0649377011507498 -0.122983643559191 0.349858807400247 -0.0287009781299509
0.00907676647513455 -0.121310163622035 0.329664838936566 -0.100573940553868
-0.00598896106079143 -0.119182978157377 0.232415538882675 -0.110042000011674
0.00697365459086803 -0.117690181526566 0.160253526086105 -0.102080290221397
0.0723377917401994 -0.11563806042407 0.135185938193818 -0.0944299304983197
0.178642789839115 -0.0476666161260452 0.135239368932366 -0.0579277896062733
0.142518754983546 0.146071533147938 0.0859753451659586 -0.0690055135656128
-0.0887844783523719 0.0928036915778736 0.0744372759235599 -0.195973660512172
0.00199354270211737 -0.0934589099730099 0.267089249520903 -0.403709108962333
0.224380425040147 -0.0601430842656195 0.359396126014563 -0.348321085291214
-0.226810152460219 0.21068611732156 -0.357012157198136 0.306986095674935
-0.00363342581645594 0.230842883862649 -0.270916233540965 0.519976938185094
0.0918617283977861 0.0411080861102542 0.000902144512338335 0.217179123039936
-0.052899855848949 -0.0449735183823844 -0.0943617465951081 0.00995997814990146
-0.0881634337473277 0.0804160459451092 -0.189821055675223 0.0857142902867313
0.0215304756038857 0.118724978874907 -0.144737058890814 0.152467019236306
0.0831220076177234 0.0855113330574018 -0.122582255023483 0.154411524399733
0.10508011296276 0.0806441917342842 -0.178367389337914 0.123147071516625
0.0900195345836566 0.0695186635044111 -0.276488063573247 0.138461167003759
0.0647716458313937 0.0782664790382754 -0.338536656987079 0.0892571990271979
-0.0215707190183212 0.079568518674165 -0.324777874171805 -0.000471857387624637
-0.0431307866412196 -0.0505980096213335 -0.218572437841956 -0.0680577804522895
0.14009086232459 -0.0327887992484182 -0.157840883042234 -0.0659333228545214
0.132002513774285 0.198559304781729 -0.0920051248408173 -0.0900008659644448
-0.130200240450155 0.297255528764367 0.0712286976177316 0.253216879942671
-0.219363955991429 0.296507318899397 -0.288751284002882 0.239282203515185
-0.0490755261990405 0.339618717774101 -0.290961554533957 0.541469872930736
0.104433831397984 0.172021217341036 0.0666359245948965 0.264091544523691
0.0587688131985049 0.0436958879893502 -0.0542738270676127 -0.0168698388457563
0.025347823374005 0.090895263659982 -0.207754321938997 0.0916482450165418
0.105328735017353 0.0904358380365399 -0.138502121427826 0.191433506413745
0.15170369012277 0.0358642539410847 -0.0811513627808101 0.184379036987889
0.179753727935418 0.0249875844294365 -0.122955611664581 0.125118863706268
0.17128053123121 0.0142829804589657 -0.21758993485867 0.137784822217724
0.18503137875959 0.0298330355114238 -0.29705151976626 0.106689206100998
0.137045506552691 0.089805564068716 -0.321122483215155 0.0289022862655209
0.0986495504706261 0.047111758090872 -0.245275380537618 -0.0867558790148128
0.182555897182126 0.101747234151437 -0.145118046721269 -0.114962288777649
0.129062739472604 0.312934784538295 -0.0735252076094838 -0.110805462665786
-0.0894234404886147 0.417810925041154 0.0868259303949871 0.162073820990713
-0.152249044451146 0.361030154536684 -0.203583136936109 0.139813765105935
-0.0333759542429138 0.402000620613756 -0.280992145319063 0.534556766871927
0.133290947744876 0.271176356321979 0.147566072288659 0.315849758566204
0.184203850860026 0.131453105045973 0.0210042723935996 -0.0219917140861879
0.167897099097234 0.0869842642420291 -0.174682792250885 0.0924051498064242
0.197316145670663 0.0370213309744211 -0.0964590462190493 0.208400227920241
0.205428788878077 -0.0257715315626843 -0.0154546508642467 0.186024032800237
0.226758637737834 -0.030629829273518 -0.0489637468486018 0.105251917795439
0.223836438962193 -0.0353830892542891 -0.139348770238789 0.10932680203475
0.26940743306154 -0.0122777101485217 -0.2237129358337 0.096994289552198
0.266796863282669 0.0870260113577087 -0.279401802603806 0.0416607426139691
0.233016040875113 0.129567941756789 -0.250519682584357 -0.104819018497259
0.213369644341947 0.230998413658991 -0.138545032102101 -0.172472977058967
0.10029803013914 0.398637904319588 -0.0437251594562551 -0.176959312619567
-0.0563122992506059 0.47305460617842 0.11642787892534 0.033785831633315
-0.0436591683212394 0.382592988149821 -0.131421862405593 0.0157746366844716
0.0340983383315854 0.401726500694747 -0.242515099058861 0.489511873223331
0.173703735280718 0.311207085157182 0.229272542418335 0.324906727191855
0.296621422538431 0.186098652904289 0.10480730543062 -0.0209819187578405
0.301657448137049 0.0628472961180699 -0.0946590855500032 0.0903297285091291
0.272087440880223 -0.0330716050050593 -0.0131409107071317 0.195387537694111
0.233078976263392 -0.0888070647942569 0.0683702079803196 0.155304884141265
0.240431948230254 -0.0798586092999886 0.0315376049575253 0.0676533791306431
0.238475818941677 -0.0735662370803015 -0.0512713537766859 0.0661716717161466
0.304496182989715 -0.0441659666207162 -0.133550805592385 0.0662535393877606
0.340520134766553 0.0736238283462186 -0.205023616808223 0.0351507014485549
0.322096637694321 0.185435629281171 -0.219519763212242 -0.121161382520049
0.21069162156599 0.324051978898062 -0.117587621379494 -0.226445663190273
0.053673580663319 0.42914365987356 -0.000579527657101876 -0.265523921389086
-0.0266008321035459 0.450906385123254 0.159873313940993 -0.106747948084267
0.0684709050348893 0.340604017161766 -0.0907738225527396 -0.12091963298213
0.0863648763187185 0.328425467795948 -0.185325579942479 0.409156331663588
0.175344778623484 0.292439194262545 0.284024910866196 0.275927889968556
0.351584053990448 0.204194317790109 0.16661231139585 -0.0227992866985208
0.379858892522542 0.0238326408315987 0.0120308500365291 0.0810522411960772
0.3020231416228 -0.0993461587187677 0.0977465042060739 0.152727580737223
0.224943764960582 -0.139544266685734 0.161176599517569 0.0947471393129198
0.217215433559502 -0.114736630202357 0.109547041081883 0.0203708430720735
0.214975829003988 -0.0989179321673348 0.0308167739781353 0.020344254689024
0.284367910427889 -0.0651722705227215 -0.0413435144938614 0.0254809711832638
0.346323501309118 0.0508402724654351 -0.111664363351087 0.0131106040941414
0.339683273738166 0.213733604855639 -0.153921887201168 -0.135514969153257
0.155942022896006 0.355301227044094 -0.0692490918187324 -0.262263787716636
-0.00750281369687334 0.380681790805696 0.0632942662886352 -0.343607959028216
0.00931436125707718 0.360056806810012 0.215442612147992 -0.230702428163882
0.141848790845984 0.227839948531533 -0.0801093566462343 -0.2407206739954
0.0720928903925085 0.200214280856515 -0.12196815678021 0.302377180260513
0.114021901640942 0.245009084071312 0.294314833363301 0.186821940095244
0.336522791074887 0.199997157207022 0.191138052192484 -0.0178719020635695
0.381018638931492 -0.0155071217992509 0.122843171220796 0.0682560142088319
0.268754621040424 -0.14251000570289 0.211673831481534 0.086838340670274
0.178108273664221 -0.164919061334349 0.244333256545683 0.0157294303970989
0.160898789487947 -0.136321940311214 0.17233455774431 -0.0313928959875417
0.158413042390661 -0.114647720465011 0.0960481090425493 -0.0240541347157224
0.223630755331312 -0.0848266296102196 0.0372138231861727 -0.0158373163386101
0.302838997819555 0.0174480656427695 -0.0181174659707794 -0.0140806954497355
0.298692787254925 0.210300616696807 -0.0658018338234557 -0.134078004284238
0.0654291052199127 0.321006971399829 -0.00468712131477159 -0.264136114591008
-0.0557432799678027 0.25737233790251 0.137471314526922 -0.389505514598953
0.0633121032680607 0.223646445631958 0.272826491701767 -0.319088932282705
0.162025197424565 0.0645140242084855 -0.0816650752135062 -0.319652251679034
-0.00364365756587214 0.0590383580117603 -0.059741304679706 0.191666946927152
0.0145519151641696 0.190832169216958 0.260018134865318 0.102830886250769
0.268513487327429 0.173010743066897 0.191006008706594 0.00835959413701796
0.304682418435159 -0.0479130333629779 0.218559189942292 0.0549773642284715
0.180681981251942 -0.149682445037803 0.300960317317751 0.0142823144215698
0.0989772828164667 -0.157425047052179 0.301598704922815 -0.0614011282271924
0.0799991549147406 -0.137315953551432 0.213101941349925 -0.0811203284663972
0.0819224988771644 -0.122461429962359 0.137806947719316 -0.0659689107712217
0.144980841685797 -0.104533194050849 0.0932986120397608 -0.0565547703258905
0.240364752176226 -0.0229307494321451 0.0643247527647228 -0.0401823749165977
0.229643311892713 0.183894710291801 0.0205901354576417 -0.10971405073608
-0.0258761157576039 0.229223798528122 0.0503724999030229 -0.233601139370512
-0.0602632364181643 0.0850596015781633 0.205216197731779 -0.404832400968395
0.138229487736288 0.06932294301395 0.320616276548345 -0.361298439227149
0.140643941119184 -0.113207327308493 -0.0838851483794282 -0.345849438528912
-0.087651848285721 -0.0706921544079235 -0.0167594257961059 0.101293940011225
-0.0741463897327534 0.120404550551091 0.205281339586233 0.0599357685882573
0.166118016463492 0.113397493488818 0.19301337310917 0.0497798622193709
0.17300338565312 -0.07281382611814 0.285052090152007 0.0368616723482248
0.0566508315880747 -0.125803708714282 0.345583444670391 -0.0483427375453298
0.000502144514185489 -0.12007063254308 0.31839745145488 -0.119821304103001
-0.014342052646337 -0.117181477415558 0.223986531541049 -0.12129970704052
-0.00131540334034532 -0.117465213683142 0.151586245517882 -0.108191153896223
0.0648932021161864 -0.118716183770494 0.128161086375528 -0.10253872738283
0.172791924220085 -0.0593598646678263 0.132731599641331 -0.0658518021030276
0.151453065728958 0.135775332456541 0.0839366135648737 -0.0701620754664175
-0.0833401480132418 0.0978477081938512 0.0654370934732363 -0.194595631594707
-0.00442628851628153 -0.0914660136746141 0.243583111757982 -0.414304327308374
0.218361947557817 -0.0729761363287406 0.337774355165084 -0.362994261981125
-0.213944834213548 0.215920630949696 -0.339649325868845 0.314407585498861
0.00590514218441288 0.226600278002142 -0.245977794721658 0.519999037294689
0.0906720451873835 0.0352254735911362 0.00648940318917358 0.209881683991724
-0.0552410844363452 -0.0408619097861466 -0.0955691726377386 0.0126333663092405
-0.0824877332792136 0.0860819197393402 -0.185521947008876 0.092578606285732
0.0268309853113269 0.114729518582278 -0.134836860732887 0.157658290837725
0.0859251395430604 0.0793184911123676 -0.11119398802753 0.154825105628051
0.10802951761392 0.0730144323589607 -0.170797928887484 0.124869184099017
0.0936639827828129 0.0653994311458169 -0.265580727336727 0.146061676365662
0.0669520314942936 0.073432299597484 -0.329833517579016 0.103938443068722
-0.0147624812417252 0.0805165253848792 -0.319477590966345 0.013596980953149
-0.0447560135024274 -0.0456648780737738 -0.217634595074508 -0.0604311898041987
0.13634616098127 -0.0377091238116049 -0.159095980771807 -0.059750824851476
0.136820477707424 0.190166566527116 -0.0943414520770044 -0.0830433635164357
-0.115997089211643 0.299545974273268 0.0812659152362653 0.241804165474475
-0.205473402692595 0.298736902435101 -0.274891374785532 0.244696607989719
-0.0340560754932154 0.335850897924897 -0.266528627461499 0.542412614765206
0.10726694062841 0.163612172509051 0.0724794315826434 0.253905932538274
0.057909745020172 0.0404675115176627 -0.0587249417469753 -0.0154180142530675
0.0292754716393033 0.0902615701488514 -0.20188066007418 0.100782230902737
0.108190963475142 0.0839325659373198 -0.126618357975775 0.195928405300026
0.150888637664073 0.0286239095591081 -0.0690904552945364 0.181942810223783
0.177701921032767 0.0151565616728479 -0.115810032606503 0.125271033654706
0.171300816362778 0.00753828746670643 -0.208258161994678 0.142575467233827
0.183218477664877 0.021340415981285 -0.286722042298557 0.118104996428879
0.141673422853317 0.0828414175639819 -0.313442063027402 0.0415138026851225
0.099265649308202 0.0439492776861067 -0.24434195255825 -0.0768633451226759
0.183859104551194 0.0934149245682043 -0.149090610746515 -0.108733997851254
0.137873680995444 0.302884589942813 -0.0764876511133404 -0.10469598761352
-0.0719917320767201 0.415653532067986 0.0919583190077946 0.152484478072737
-0.137302629701108 0.357406163345677 -0.195305851949206 0.144079698778058
-0.0171296910947678 0.394814018645513 -0.257125591698743 0.535464357436419
0.138156570921986 0.260984053038208 0.154166760573925 0.302442451288798
0.185505907408506 0.121232437973395 0.0144139188920846 -0.022807128942066
0.169036578086114 0.0796996757158372 -0.169467105715916 0.10194977292779
0.195216585703687 0.0275570919586354 -0.0840159432997911 0.21112291327779
0.200680596560583 -0.0338848136660376 -0.0058533264749151 0.181674521848236
0.221813209807796 -0.0423522199762604 -0.0445950595368515 0.103078225761486
0.219624306984883 -0.0434221386036601 -0.13154817522426 0.111110479718553
0.264877259056191 -0.0228231970637998 -0.214479384031301 0.104827031608925
0.268525352797923 0.0742642728359383 -0.271037824775048 0.0522653158038661
0.235355446735039 0.118377458434074 -0.250175331391089 -0.0920625122916154
0.218825266529989 0.219151119534154 -0.144064532767365 -0.165887980393776
0.112566845542814 0.388586921155237 -0.0498253972215611 -0.170582688065218
-0.038508236147629 0.465891989026047 0.115139896756652 0.0268005862474094
-0.0297151889150719 0.373993609357783 -0.12996879038417 0.0192447610414728
0.0485328194592908 0.393316799671872 -0.218112118795144 0.489135543692164
0.179406276706937 0.299291038822552 0.233412114121873 0.309134911436271
0.298386587743762 0.169836922232403 0.0958785053569715 -0.0248892740376465
0.299860728001681 0.0492714978747158 -0.0906359082378102 0.0975264909164544
0.26593719407163 -0.0442296983649645 -0.00278720255445309 0.194576529195348
0.224617087194298 -0.0965875858507031 0.074765140799253 0.147530209832083
0.232113984826587 -0.0901467471666435 0.0334895452323867 0.0643878996668625
0.232446143128075 -0.0817865473928949 -0.0481432214303598 0.0658682201451381
0.297477634413945 -0.0557949746614506 -0.12646002282291 0.0708388049050123
0.338819816506966 0.0565055509852688 -0.197599155294475 0.0426691233256103
0.324474334673075 0.169342154104942 -0.220756498152566 -0.109036979235883
0.220502569089077 0.310441570228258 -0.125061008466758 -0.2179389630516
0.0671019305682761 0.421328864871949 -0.00954957348073901 -0.258483129087025
-0.0102747805259863 0.443074635667259 0.152647935932966 -0.111829756050674
0.0774223808592307 0.328953683635402 -0.0955861433321196 -0.115418940974967
0.096983894210938 0.319564682365205 -0.166894440130675 0.408425101765043
0.181449910241312 0.281182805014899 0.286044458737533 0.259150670001476
0.355424874118258 0.185775481134696 0.156565954023659 -0.028196683028238
0.376097799680622 0.00570210061803777 0.0146556916136416 0.0845522234984945
0.2913046333591 -0.111168881561636 0.104553064753766 0.147298819541365
0.21348967976408 -0.145681293831065 0.161930803309113 0.0845233777649943
0.206744379859538 -0.12318648530948 0.108219951735514 0.0153213795361516
0.207246896477642 -0.10551599078077 0.0301478205053697 0.0181436168769518
0.276702333983839 -0.0763419602529919 -0.0383008811404476 0.0270694707496112
0.342986931284779 0.0341465273809423 -0.105621202175921 0.0171367404046918
0.342549525527043 0.193686523496464 -0.155314375324646 -0.124403466526068
0.167233747425623 0.344839944116907 -0.0783161655469473 -0.254144323392936
0.00590492784550791 0.376624356448361 0.049291134782621 -0.338244658138161
0.0208431313243815 0.351921186538775 0.20229165257755 -0.234604641258695
0.146191894355382 0.21596122573919 -0.0893257260937959 -0.233299892097486
0.0786728065888026 0.195305847292422 -0.109845990576598 0.302585682144127
0.119729700678438 0.237703480391425 0.292673939861075 0.171413020375743
0.340896305548506 0.181441060050437 0.182648500290556 -0.0234305322208428
0.374445528729378 -0.0334462765111108 0.124254948563166 0.0681930039411256
0.257075769374697 -0.151315026603869 0.21332208974333 0.0774568987519387
0.166722681170606 -0.168245204214651 0.238995138959985 0.00381156587945232
0.150472145912307 -0.140114824960153 0.168342878096909 -0.0368426665566282
0.149939526226413 -0.119856045754137 0.0926922915052171 -0.0270156940770581
0.215688346973715 -0.0919496226452097 0.0360568603923541 -0.0170879708179803
0.29738792018261 0.00227873684904894 -0.0152711011948263 -0.0138305752632713
0.302601759812881 0.192105401136653 -0.0684494266184698 -0.126240088698556
0.0774613907002286 0.313644689803847 -0.0132435959457924 -0.257688612836237
-0.0460929664254323 0.256327541039777 0.120238419081051 -0.386282627348448
0.0684172240448287 0.215488470212004 0.256019332957649 -0.323038460352921
0.159968396061428 0.0548933990900299 -0.0942681493367374 -0.310835425500392
-0.00146559329759349 0.0587838189975244 -0.0530858513640761 0.190792012569482
0.0213727179875338 0.188689091010044 0.255932920313242 0.0892589737354129
0.272378839647392 0.158072625517412 0.185092263771387 0.0021109235171861
0.297523531000076 -0.0625224505095531 0.217564369084639 0.0496978159741074
0.169033511769518 -0.154764634822078 0.297937775869857 0.00126434879630021
0.0889470924524181 -0.157171457443972 0.291124252066847 -0.0749876303857655
0.0712727336838633 -0.137862520063979 0.206314137612721 -0.0866403114980095
0.0741651557370006 -0.123606698462356 0.131288279499568 -0.0696518839166039
0.137674368659645 -0.10774684438204 0.0885920938674245 -0.0608488921472447
0.233872939229952 -0.0346814228604934 0.0634119281980445 -0.0431079450033487
0.233355360351487 0.168310697771925 0.0177440974181187 -0.106129105048701
-0.0161758638543756 0.227537311243776 0.0416568171966736 -0.22824454690966
-0.0571528996066241 0.087500956748188 0.186508905270894 -0.403953633041038
0.136354521931509 0.0610767560256597 0.301400272302748 -0.367198754112716
0.131229300452386 -0.117198008470983 -0.0976492133980331 -0.335698779694389
-0.0896685176145191 -0.0651643459286716 -0.0128721167077271 0.0993213200981128
-0.0681414438133621 0.123121823611195 0.202462603673604 0.0494514531837503
0.168840268700313 0.103074016524914 0.18961773266675 0.0430917922844733
0.165701809490988 -0.081366492013821 0.281920282085125 0.0286402011317342
0.0477809582309296 -0.125153213886578 0.337991286306243 -0.0639754528404592
-0.00612537194972239 -0.116588983606921 0.306604436847547 -0.13265265090137
-0.0206975588788513 -0.113258239025306 0.215282037695269 -0.125951936546001
-0.00778835584279717 -0.114912136543211 0.142026657550094 -0.111009118880015
0.0579076749048067 -0.119114731037911 0.12000656665692 -0.107286732938331
0.165355435952168 -0.0668563160884605 0.129407219131389 -0.0713428676384359
0.155302304179914 0.125044173772544 0.0821533849853865 -0.069917231204289
-0.0785429458020162 0.101021942316871 0.0588639083187876 -0.190059921288356
-0.0092973510233458 -0.0888520769776072 0.222193228104703 -0.41518889085255
0.210633503119755 -0.0809319627375118 0.317905742500564 -0.36876434796596
-0.205534561936269 0.219077489709133 -0.326963887858989 0.317697669184324
0.0122491958769764 0.223215579670921 -0.229945327744734 0.516285106941927
0.0890309893242428 0.0304919342663598 0.00934902474961121 0.203589693535259
-0.0569673326857631 -0.0382383993111827 -0.0979679099885571 0.0144481234591127
-0.0777945754721267 0.0896682606754424 -0.181664712987918 0.0978886862650474
0.0310288882058472 0.111849466059829 -0.12679453425599 0.161000231476028
0.0879147361061389 0.0740419959861048 -0.102794064294072 0.154465575200323
0.110176617139667 0.0667780605296338 -0.165698212960887 0.125549083738052
0.09635939059745 0.0624457780451564 -0.258251312603153 0.150663346007337
0.0687932000362338 0.0700643240785441 -0.321824118514634 0.11329231586346
-0.00932661889651315 0.080876876526984 -0.314881885177518 0.0223819678838585
-0.0457800233484153 -0.0415685786818592 -0.215873085597591 -0.0555656012528299
0.133885062339409 -0.0412356539717015 -0.160350259168842 -0.0554864951328183
0.140088905408655 0.183269704787215 -0.0952335808373634 -0.0781290527695056
-0.105256402301952 0.300934012122895 0.0879212306766022 0.232002714434808
-0.195176451140905 0.298557591330678 -0.265931658392914 0.247416106064078
-0.0246153940883231 0.331940373419493 -0.249140739815051 0.539212160452776
0.10778258166398 0.157386312773561 0.0752793876714805 0.246225690268548
0.0569173482581866 0.0380976315316703 -0.0630880127934502 -0.0142713648405532
0.0321204367782927 0.089908231390841 -0.197534749569169 0.107402073297432
0.109551844892669 0.079213004441944 -0.116635863615912 0.19934658627214
0.149526529391907 0.0226311715778815 -0.0601944899184749 0.179510946347854
0.176598259873645 0.00760283627463188 -0.112323481159725 0.124476694401136
0.171224407934342 0.00246860538585132 -0.201310248712966 0.145287159118629
0.181963181771635 0.0154800632802411 -0.278348103175489 0.126581306441167
0.144904398396124 0.0775755898340225 -0.30658071423745 0.0506258926450886
0.0995816356841494 0.0416610987191885 -0.243387142766558 -0.0702688112921284
0.184494965406457 0.0876497659437899 -0.151752897921144 -0.104113355410769
0.144824923334311 0.295780655843768 -0.0778897694976893 -0.0999453297810712
-0.0595228901965972 0.413780224739221 0.0953675890102137 0.144933681712831
-0.128277970204588 0.352505705896747 -0.189976061559901 0.145291536270388
-0.00583900610338285 0.390688404168201 -0.239035353140793 0.533626050738347
0.140102458122072 0.252857611692276 0.156358794873277 0.292967356128665
0.185504336746036 0.113007356465165 0.00795290391603936 -0.0226157835008338
0.169384749931683 0.0740424827862142 -0.165293873382119 0.1102507048776
0.193734248772345 0.0212248561215893 -0.0739172839531964 0.213319351639682
0.195697661987312 -0.0391594805193059 0.00117429276465036 0.177203350662946
0.217262226391811 -0.0491571121818595 -0.0413193602257545 0.101354477389063
0.217148659677977 -0.0491996151157549 -0.12695068765738 0.112222514803295
0.261129161903004 -0.0310808854998814 -0.207330849822354 0.110493767628402
0.269019679188613 0.0631307335023549 -0.264346867141382 0.0594097738240254
0.235174131112753 0.110361728605871 -0.249318653946968 -0.0831742588577965
0.223113072880683 0.211097281507717 -0.148454744234929 -0.15941313144298
0.122214942664301 0.38243673214018 -0.0524502411575589 -0.165720367080478
-0.0248076244911359 0.462056205995063 0.114240196033603 0.0215718214372682
-0.0211873748906799 0.367262020447122 -0.128685595222324 0.0211774217569743
0.0583073946152049 0.387596248502827 -0.202707093630127 0.488362335388999
0.182023819419248 0.29071905307951 0.235173365831614 0.296508555765662
0.298742706364713 0.158242255241526 0.0882806838543078 -0.0256983126030401
0.297692394108131 0.0390976493440292 -0.08630532511615 0.103901056448435
0.259993077350555 -0.0512332850921589 0.00631465020494546 0.194062967882912
0.217172742444776 -0.102188556952505 0.0789333734203396 0.141223091869699
0.225496285071476 -0.0959478608379609 0.034702636212575 0.0617003712413499
0.228354348040151 -0.0875221254042889 -0.046427284354086 0.06586108312865
0.292059667771966 -0.0639755294505576 -0.121357570258777 0.0738875620411241
0.337302275461424 0.0444014757819872 -0.190310319122192 0.0469780760008496
0.325204943070171 0.156903214519296 -0.219762213621155 -0.100044509981056
0.22656800741258 0.300560289009099 -0.130244950488582 -0.211801501702613
0.0770671114060241 0.416069348961577 -0.0150443772288866 -0.253363586144727
0.0010138310364784 0.437698717995155 0.146430905316356 -0.115091122610662
0.0823158947525656 0.319386990134724 -0.0989811668195731 -0.111754356299605
0.104636946001034 0.314403600603861 -0.153623738140381 0.406652033165118
0.18472848963235 0.27365618561824 0.286696837014381 0.246884722070917
0.35593661332721 0.171263121040518 0.147841233492464 -0.031129614900929
0.371988149601831 -0.0078266631293177 0.0183257345455119 0.0889829631274821
0.282946331158744 -0.11816863344286 0.110661521929385 0.143657631762531
0.20505445689967 -0.149483158877461 0.161588124059067 0.0763788140466339
0.199033674144534 -0.127774409428505 0.107388406102644 0.0122916770571934
0.200642530552095 -0.110180038517377 0.0297503167806214 0.0173506017232982
0.270862741534418 -0.0832297756399295 -0.035423372482598 0.0274419176943297
0.339428114899905 0.0209485644326692 -0.100937429908955 0.0189088728662182
0.343884200899948 0.180432249975858 -0.155072366435424 -0.116406484777423
0.176112408549609 0.336212752683575 -0.0840615358738337 -0.247100670718101
0.0146997260782039 0.373093927209597 0.0410463152082559 -0.33273894495152
0.0277823135254189 0.345644226588844 0.193049932161484 -0.236260845552974
0.147112811083523 0.207195780243062 -0.0959829298760584 -0.227803366152051
0.0829748969033869 0.191921000467036 -0.101127493667997 0.301535856771467
0.122847092039627 0.233056483640141 0.290008616290301 0.160813331540494
0.34284668978607 0.167229603998725 0.174576730115224 -0.0264876653013273
0.369067501585 -0.0472619288262971 0.126787693998259 0.0684614618510257
0.248855669471011 -0.15679746453993 0.215363020315051 0.06972766017346
0.157869147182045 -0.169939247500719 0.234560726260545 -0.00449006915900765
0.142829551635146 -0.142711798183999 0.165659245253124 -0.0401502188506012
0.142916045063073 -0.122482960605925 0.0896818789328764 -0.0281486774824559
0.209432142895711 -0.0975083964155825 0.0355313201647958 -0.0185307877175042
0.292688924499662 -0.0089099251503261 -0.0128064430756245 -0.0138020469804684
0.304431752845392 0.178474637286922 -0.0686522494415231 -0.119883369832537
0.0854267552664269 0.308040407928734 -0.0193115383985841 -0.251801493840154
-0.0394951583726524 0.256141518962756 0.109300241366977 -0.382180966774447
0.0715575645239572 0.209279565018279 0.243780826848741 -0.323154052011202
0.156704919429445 0.0486892810568441 -0.103004921002722 -0.303431452591723
-8.51377615577378E-05 0.0594080807285821 -0.0484301670575768 0.189408197541345
0.0258336021290683 0.187434313283434 0.252205830441919 0.0805445464155077
0.274698872823107 0.145507190514665 0.179328113987828 -0.00104227635152312
0.291082285752456 -0.0733411334518287 0.218268459868589 0.0470209444808297
0.160618336575155 -0.156951786411144 0.294940025553997 -0.00767948625922359
0.0811944079680105 -0.156908483704665 0.283634287349649 -0.0838909718088959
0.0639968943435793 -0.136606161677389 0.201577022314755 -0.0905567740143994
0.0676642626021373 -0.123292240350403 0.126116826705483 -0.0710581540983786
0.131939892935354 -0.110649366002263 0.0844217258134845 -0.0632165069965103
0.227250223787337 -0.0424187697033622 0.0641859135089406 -0.0461346726223056
0.235910570671595 0.157260022894246 0.0172423209136563 -0.102213624631559
-0.00970064671251415 0.226161684847675 0.0369574148380869 -0.223326450554971
-0.0553870962950302 0.088680585934514 0.172508465697215 -0.400721581956634
0.134058588535974 0.0554656751320543 0.286938105820136 -0.370999879458944
0.124445707914021 -0.119589285885132 -0.106181404349682 -0.326456267394777
-0.0907146886286776 -0.0606949511168159 -0.0109213495966273 0.0979600493281242
-0.0633810472133203 0.125376696172564 0.19885582117737 0.042311031381934
0.170866718565243 0.0943110422530739 0.186599746319727 0.0388038973652341
0.159791086580447 -0.0875480323083492 0.280897286862796 0.0220695426062392
0.0416486761541498 -0.123692770730192 0.331785853844618 -0.0734580602095447
-0.0115385385223524 -0.113541350619884 0.29616188818659 -0.140985846260815
-0.0252237864755843 -0.109298871452611 0.208843827825504 -0.129215014385468
-0.0137455049039701 -0.112520870426928 0.135079436198422 -0.111610653342496
0.0530413106540004 -0.118965232521055 0.113081722917641 -0.110024010947105
0.158542853654756 -0.072030442347188 0.126936799701 -0.0759664757324484
0.157474343916013 0.117210522424335 0.0821327480757248 -0.0690752658544838
-0.0751058232814213 0.103627739359975 0.0554941901545029 -0.185721002257839
-0.012962741303368 -0.0868055058147554 0.209522725719736 -0.411807420025479
0.203772975698603 -0.0860366317851204 0.304940199995291 -0.371298759564753
-0.197901980151169 0.222456022615315 -0.31682785314205 0.32140994723292
0.018971742110909 0.220259586796018 -0.214895957514455 0.514740281400186
0.0882836263705047 0.0265580528007889 0.0110460490462667 0.199120077219948
-0.0589533501560089 -0.0356629690683467 -0.100189435014466 0.0158613108405806
-0.0739615429624285 0.0928916424646318 -0.179253772131511 0.103183077131634
0.0348865090442747 0.109072987653778 -0.120350408413337 0.165326765948604
0.0896871379627107 0.069028759631501 -0.0954917534501823 0.154658610329439
0.112225229945681 0.0611584467558164 -0.161532626569249 0.126901851667264
0.0995595322117972 0.0586818290293452 -0.252220858951725 0.156302536957081
0.0705853646137415 0.0677232939462763 -0.316370399851623 0.122199433990831
-0.00438366343872421 0.0807605736829028 -0.311558231443434 0.030064273113482
-0.0467587471011353 -0.03789490324183 -0.216566770717799 -0.0515514018013169
0.132229309205921 -0.0447760281842486 -0.161247115208234 -0.051422643033973
0.14466508037271 0.177854201482754 -0.0969840976054122 -0.0733907360288105
-0.0944371778134556 0.303239363872014 0.0935029633617083 0.224250759588016
-0.188406867344931 0.300813695914861 -0.257792492088782 0.24902519196809
-0.0160799066990459 0.329947487692936 -0.232206447990437 0.537382108216708
0.109258516677835 0.152390097148725 0.0777225924983105 0.240635239733509
0.0556158177088395 0.0362824759391456 -0.0675928805157722 -0.012617608152769
0.0347834342005044 0.089201299314935 -0.19431126839807 0.114845351148845
0.11168746140198 0.0747744841109977 -0.108036431061381 0.202840580214034
0.14884032784407 0.0177250388843534 -0.0524172364252685 0.177394952458669
0.175715930332758 0.00135334755554581 -0.108130687715303 0.124725490372261
0.171790909191364 -0.00211711031001684 -0.196110424558303 0.148318382690906
0.181238270385621 0.00999162529825423 -0.271680747829689 0.133568439152634
0.148934024500873 0.071889170267129 -0.302302780348691 0.0578584640267217
0.100154319662328 0.04007501797719 -0.243473932928871 -0.0636634375654645
0.186073435177601 0.0816488763506677 -0.155092986938133 -0.0987574353321035
0.151536289148681 0.290881820114578 -0.0795202441100324 -0.0956995332832973
-0.0446508036472276 0.413890933038272 0.0978152387135865 0.138371539014745
-0.120645282236576 0.351843630545285 -0.185608537895974 0.14728751473728
0.00491503436469479 0.388881345707033 -0.22386204504467 0.533987467695465
0.143693314104691 0.246642409293344 0.159782619333715 0.284557708394107
0.186031520889492 0.107192917752716 0.00241334676476115 -0.02214075836037
0.170912831247468 0.0681089367784097 -0.161288091376938 0.117558489402479
0.193195631280156 0.0159167918612564 -0.0642218650298056 0.215672613567819
0.191909771370893 -0.0448517367296073 0.00877987683273484 0.173719057556084
0.213303612424817 -0.056490090243353 -0.0390525174296033 0.100385568260565
0.216418366363393 -0.0553417179443605 -0.123214642156586 0.113866878181374
0.258881518846844 -0.0389439358468128 -0.201550039960945 0.115975458435352
0.270760708172829 0.0540644626717405 -0.258919653823188 0.0659532061772827
0.238120605384728 0.103460402752482 -0.248515902619074 -0.0759833488080733
0.227132212790492 0.204108291098452 -0.153333550380777 -0.154847805064794
0.131013876460274 0.378591211517674 -0.0549810420878812 -0.161390554102436
-0.0119276469427661 0.458263952042454 0.113401525349867 0.017025559133905
-0.0144547810241932 0.362646462986753 -0.128681250627734 0.0234966170649992
0.0684331243922807 0.38450070744264 -0.189128689978718 0.488893298627326
0.185092686108977 0.285102248842272 0.237819573422451 0.288883352059229
0.299081040944329 0.148424173599622 0.0812690381714691 -0.026936972445104
0.297039930531787 0.0285561206236708 -0.0819889634348899 0.110508594935401
0.256329203192985 -0.0582532407529576 0.0150150656917643 0.193976153618536
0.211236173032644 -0.106754338402967 0.0832529977338909 0.136425758689704
0.219421920814758 -0.102373238981402 0.036347435559603 0.059614123970395
0.224261672651881 -0.0928480767455151 -0.0442081371946971 0.0665976432736184
0.288675754046128 -0.0720220830297372 -0.116776637559161 0.076551401065717
0.33693640295298 0.0327268436570756 -0.184852815706628 0.0517673242436085
0.327233070106893 0.146116402528741 -0.219511355286341 -0.0918919941628391
0.234469456686578 0.293055149033854 -0.134810725891867 -0.206252855239839
0.0874909452598736 0.413087530200523 -0.0197409424871828 -0.249765907507333
0.0126048292610513 0.433547657969941 0.141585584252713 -0.117791041080435
0.0874483488639417 0.314425329247661 -0.102494388959767 -0.108315626540906
0.112142772689752 0.310341458058143 -0.1436953240996 0.408682785091881
0.187782199223257 0.267705905857591 0.287198489225438 0.236754696666876
0.357929993155514 0.160392984311976 0.141755578357265 -0.0328257509783498
0.369825711327873 -0.0196496215062009 0.0223196123129342 0.0933244261155795
0.277118604686909 -0.125373503960901 0.117006356305258 0.140150795156476
0.197245251737566 -0.15379832543094 0.162687884397726 0.0700634373463139
0.192942350878597 -0.132264102598703 0.10654606186202 0.009068536745008
0.196352245449009 -0.115971639701174 0.0295648409220204 0.0167548281536101
0.266074005575047 -0.0906153961145563 -0.0337073194739791 0.0284791606788711
0.337343458413061 0.00898466330580197 -0.0966590205738399 0.0211409746097222
0.346992506000294 0.166578717945547 -0.154959039101096 -0.109289571897686
0.184682723364154 0.328714408186363 -0.0889773549693787 -0.24224775926552
0.0242110545090178 0.373445006958947 0.033427616798926 -0.328528415421245
0.0360794342603897 0.341632640044303 0.185332377339188 -0.239127618056288
0.148991538364279 0.200411203825219 -0.102026506462697 -0.222850391341865
0.0875975901803336 0.189411144663194 -0.0931565655018097 0.303134297890711
0.127716873102807 0.229604923376109 0.289487515023794 0.152660984067479
0.345841837967882 0.155373843803129 0.168847833279714 -0.0286454798544227
0.36423649800642 -0.0599351999724713 0.130214286512815 0.069886158984376
0.240611016961561 -0.16203981548834 0.218014185626848 0.063839264713361
0.149613035907035 -0.172276151093849 0.231832895564557 -0.0119677228876254
0.136000227401039 -0.144481556015464 0.163744522906176 -0.0448729379820653
0.137331670986877 -0.125161564927084 0.0876281363263009 -0.0292136245509722
0.204463169482587 -0.102650753166272 0.0340763812218645 -0.0191340135775385
0.288895403067326 -0.0184576969534487 -0.010525916916826 -0.0147521729815833
0.306900192937539 0.166801598865063 -0.0690229266243338 -0.114963089515439
0.0932210510235014 0.303630270181894 -0.0242872922636545 -0.247424935483215
-0.033771821098312 0.256970330708521 0.0991592561506494 -0.378887665965113
0.0750585507228853 0.204424451381893 0.234563773934111 -0.326749876396622
0.154651196447374 0.0439724267350796 -0.112173600637447 -0.296650831729246
0.0019899492676563 0.0606726574220407 -0.043971071260736 0.190316644945634
0.0299687260970566 0.187367831524933 0.25133194835297 0.0731766462426298
0.277761589518746 0.134723974840779 0.174960445572251 -0.00422423397522049
0.286559928212817 -0.0843195685545853 0.220545988708485 0.0449162949763721
0.153636777872741 -0.15950916547592 0.294543770563298 -0.0169370144449106
0.0735823366956382 -0.156262408384016 0.276994404907285 -0.0922073839277923
0.0576598769368423 -0.136122629246908 0.198916401373578 -0.0948767977207025
0.0613764225370209 -0.123713352738073 0.122696031400384 -0.0724422260712281
0.126492761250282 -0.113314888655691 0.081226608763636 -0.064786415863121
0.222283843058396 -0.0497441184336704 0.0647054524804487 -0.0487834930327146
0.239353713817209 0.147346402739321 0.0170789395713707 -0.0996900406693921
-0.00345192473351357 0.225752352717398 0.0329310284518013 -0.220549813544387
-0.0537144850506415 0.0908573375315962 0.160232395535518 -0.400308194420406
0.131766424949708 0.0498422827453665 0.275781018728033 -0.372381238390079
0.118601290549483 -0.122171328064355 -0.115708811086984 -0.320371200559595
-0.0921174928677997 -0.0559865765588519 -0.0101031714894556 0.0989822034092937
-0.0588430531347076 0.127573444753998 0.19743235797089 0.0357105995503769
0.172778835743711 0.0868971493407929 0.184765404937823 0.0351871071832795
0.154893086153783 -0.0933145534128511 0.280711325474148 0.0179638086694297
0.0359339532133334 -0.122785176177769 0.32709048051415 -0.0829155663630827
-0.0170574123225857 -0.111074236226144 0.288282745154524 -0.148171513069118
-0.0300865271560921 -0.105685248843362 0.204546007575587 -0.133512425133046
-0.0193346517407853 -0.109568721637713 0.130192350861558 -0.112705538153135
0.0485332956907724 -0.119505734244579 0.106898783201829 -0.112389394836902
0.153427056373348 -0.0762497515613018 0.125031197386277 -0.0808434389842691
0.160733712663428 0.109797592021584 0.0827942210428649 -0.0686271546523631
-0.0717845892300525 0.10632962074104 0.0532480792940336 -0.182581880837555
-0.0165964976014411 -0.0858065024686644 0.195498322228526 -0.414271339661356
0.198061718315571 -0.0918047247044184 0.294729945516506 -0.372891237154549
-0.231244715644677 0.169751154606581 -0.372259741071464 0.257793173768131
-0.0225684247755226 0.2058962188247 -0.308967980809388 0.462304761850999
0.077532868911686 0.0384457093864324 -0.0284078987435463 0.192969051828858
-0.0497977109041003 -0.0441487925403208 -0.103292644878994 -0.00513916622639412
-0.0852865758166356 0.0761049088506681 -0.193448654958329 0.0688991927346995
0.0156334888074382 0.110470323314246 -0.148155106076951 0.140496405151694
0.0758268033022184 0.0820238493626373 -0.120476805948255 0.133315098703173
0.100433453919373 0.0793561107992198 -0.181635070993249 0.0911292888780068
0.087468632324189 0.0761229816193382 -0.27469392866086 0.105654888078476
0.0570736223975156 0.0796038076316064 -0.327495397485961 0.0595486162533825
-0.0175638726306649 0.0783957549158716 -0.308022994598711 -0.0275383186996186
-0.0384371607235421 -0.042588013623285 -0.202229022300448 -0.0948607551558032
0.13728841071207 -0.0154413549910793 -0.146458699869117 -0.0820855330755461
0.103462132585667 0.202238778895951 -0.0845452079565486 -0.0865931074285792
-0.152476974791901 0.278520557922098 0.0498902750792899 0.24179423914776
-0.236416752108923 0.246190119980223 -0.302098971415749 0.199175718656571
-0.0754106780063701 0.304217958546627 -0.33484719347247 0.480385555905879
0.0736258674625535 0.162738514610356 0.0242288497029913 0.246443965575
0.0457608904746245 0.0432862589066726 -0.0687458453270557 -0.0239564753124241
0.0197194414674681 0.0905133223463 -0.211652615023109 0.0786587640630914
0.0954756802577778 0.0914770755970712 -0.142940693486787 0.181838677287336
0.141589858791101 0.0428052490137417 -0.0818714597725281 0.164593461329767
0.173200294163332 0.0323743066710227 -0.12952967672073 0.0983686465669283
0.169190487627245 0.0310556851791328 -0.218468347616339 0.107620299749112
0.175227440699985 0.0443345586602926 -0.284383896650699 0.0795023073918573
0.133045267410683 0.0988262759032335 -0.297514178310187 0.00141729649791328
0.0868336779754981 0.0616873505128728 -0.221934587544201 -0.110033931533114
0.163747129309341 0.12027564028095 -0.130117777236918 -0.124395479343498
0.0879577089951331 0.314490905816818 -0.063116249005617 -0.104025687807283
-0.12730965719367 0.394648965741509 0.0716675257886328 0.158615338385255
-0.181894438390255 0.308732529833366 -0.212287153961166 0.113163721970393
-0.0652055437457056 0.364985485711715 -0.32776464409266 0.477906486890736
0.0880498370544756 0.261035281353839 0.0914179427889687 0.30658961049823
0.155169994410433 0.133138540166552 -0.00127297151754041 -0.0175277294192078
0.152553519801735 0.0946588310884714 -0.180746985054373 0.0890400931739508
0.183608592530856 0.0485915378543352 -0.102251924969972 0.204892683201982
0.194430418301802 -0.00924664821821138 -0.021464665175824 0.173063911422762
0.219813233249613 -0.0169372767390602 -0.056990790788884 0.0878783825373166
0.221232310212713 -0.011807230390269 -0.140843282983569 0.0882997724615793
0.258130224256757 0.0112559703933482 -0.211401795677241 0.0746255321136794
0.254302804584473 0.104541825560933 -0.252090542036229 0.0175582449366746
0.205443627901023 0.1494566515176 -0.219506094124407 -0.119655470262788
0.177855259191007 0.249026027927724 -0.115303909384077 -0.175256287021411
0.0501290911890358 0.395918191599989 -0.027424496872516 -0.164875940027561
-0.104690778681248 0.444948797773558 0.111261152508213 0.0413677997195283
-0.0830951180809631 0.340258491781234 -0.132893995642906 0.00340879771601324
-0.00471783716253073 0.372736001649727 -0.286107386979338 0.444048131126291
0.119927455410173 0.306261048466893 0.165019307580688 0.326423476725206
0.255939819495792 0.192095991841594 0.0758416315367268 -0.00511683702189105
0.280019491913515 0.0786690443432182 -0.103904678096831 0.0977698797305609
0.25748216852179 -0.0106682120746952 -0.0199896163616658 0.200506282544101
0.223082334815457 -0.0661330912816613 0.0589147218614133 0.150112539627299
0.234081383063156 -0.060382501092076 0.0241251607526409 0.0628975280972087
0.236349985607497 -0.0464701805478391 -0.0544968256233739 0.0575784670510382
0.293371589187795 -0.0145295737226468 -0.121120070342635 0.052515927862283
0.322210948706508 0.0959842385077591 -0.175777763038597 0.0170020247829396
0.283130421912303 0.207201727641896 -0.183876659418953 -0.127910444796877
0.164900069721766 0.336923703298029 -0.0867358499502251 -0.219591784388631
-0.000296844442341366 0.421387265935594 0.0236373190428409 -0.245328925194035
-0.0764475338188116 0.424434519325335 0.168216183213611 -0.0873379216189579
0.0240986608708119 0.312842448738017 -0.0832137237765166 -0.120159612472649
0.0506103123910182 0.310423137141865 -0.224751003340607 0.376945139740095
0.125966250229943 0.292245800815305 0.222568042458771 0.287227965806703
0.308631299555726 0.213978363694894 0.135104632227567 0.00210738142254361
0.356364034085523 0.0449546233328169 0.00105035192621917 0.100154879694214
0.288576240865404 -0.0717619071817864 0.090276848737473 0.166439452101139
0.217211162961518 -0.113666075989757 0.148478328289522 0.100654852209837
0.212730386122022 -0.0934214218117625 0.102223986909729 0.0282828753482929
0.211481169052192 -0.0729809162001332 0.0272150302241209 0.0236973620463957
0.273923654927143 -0.0373286163514069 -0.0324083722879678 0.0214452214586038
0.324773259003079 0.073348566810837 -0.0839297953304194 0.00249407030621752
0.296999032757097 0.229205867421018 -0.116603998467073 -0.131144104960373
0.109402026296608 0.360870775285693 -0.0357464914458055 -0.244395597468213
-0.0547303911278411 0.368413644372261 0.092167557861718 -0.31456300069501
-0.0354989613850988 0.3394404075357 0.236504791954105 -0.199796433579292
0.106029222158971 0.219068230788736 -0.0621324320446905 -0.232792596224467
0.0490209339156322 0.193442630708336 -0.151822597267083 0.282451667744721
0.0763425652740201 0.24572964851629 0.242854310548807 0.203764584182024
0.298700407640424 0.208489991430467 0.162221247549504 0.0106082735444303
0.359546669822625 0.00525247577402434 0.110754001252929 0.0963075142470318
0.258867479343671 -0.11301746431045 0.204007325417665 0.11022984618679
0.172709917401859 -0.14043252656096 0.231776190374735 0.0322158396623314
0.158684377818747 -0.116482293363939 0.16785018862563 -0.0130774182076548
0.155562771809125 -0.0938653304139888 0.0916462098768082 -0.010013924344098
0.216037246628793 -0.0610006063207202 0.0409877253863758 -0.0119192874317826
0.282073240304038 0.0364188414995494 0.00552344201660719 -0.0175285997279258
0.258813457417687 0.220388188531656 -0.0318700093754764 -0.119290378429151
0.0249026150454587 0.31625125571629 0.0280717345940435 -0.237208911935791
-0.087286761073202 0.24187539672598 0.168734018070161 -0.354045108088995
0.0301903959507091 0.21271025899713 0.303272952354954 -0.27720099743389
0.142022987341241 0.0714558162922731 -0.0564833277294507 -0.308197337426339
-0.0106458560124267 0.0572015932971378 -0.0795443194414374 0.178893470226644
-0.00707947387118423 0.188679061385125 0.221236406568399 0.115650690147212
0.238112492320843 0.175576447179183 0.165183477311492 0.034826797518255
0.286545772811552 -0.0310221981081707 0.204438340300188 0.0874873923083615
0.173354552530499 -0.124956060519892 0.293582236018276 0.0430521100198027
0.0959524260457294 -0.138761923079584 0.289584541701935 -0.0379651022618281
0.0800205259587722 -0.121759507006675 0.210602855915682 -0.0543287131564896
0.0805960975642491 -0.106588456322938 0.1330850336733 -0.0451920785134491
0.142677107645621 -0.0860389070046893 0.0923221515057868 -0.0478421889442801
0.223824097447616 -0.00689651569038845 0.0813935648368134 -0.0376458477042507
0.199193205102039 0.187240832383504 0.0468087818111194 -0.0875100018672958
-0.0521671896655632 0.219390828708027 0.0769167543668482 -0.200584285552295
-0.0742543448103007 0.0751635452434306 0.234610712773637 -0.365219196630239
0.117076214602087 0.0740934607985324 0.355339263852799 -0.314714218501553
0.139457476278 -0.0929372261665827 -0.0550636583667061 -0.33419248009385
-0.0795017493043794 -0.0684430772566998 -0.0243012846543533 0.0924740223989332
-0.0809576228947181 0.115663653976306 0.179224919731234 0.0678190146669445
0.146628145241983 0.11160044225826 0.169664744909322 0.0715919751166843
0.160377927385929 -0.0627252534187159 0.269359248190862 0.070616549015686
0.0531479175350468 -0.109903543231161 0.337030341113099 -0.018729959922687
0.000447852305750954 -0.109921843496566 0.310656492872674 -0.091900999207648
-0.0118951442158101 -0.10771661224442 0.223088608040622 -0.0905046129577647
0.00021535550590183 -0.108803661630198 0.146658136154792 -0.0843747675492397
0.0680174332990564 -0.106680463423514 0.124516769064287 -0.0899644606445595
0.162697337113405 -0.0457521408902086 0.14313339867284 -0.0591662011879562
0.132327602980739 0.136251073816233 0.102383490173804 -0.0458175995495915
-0.0936502023428263 0.0895695699148818 0.0876200236533222 -0.163699702320647
-0.00237559059357525 -0.089244910093956 0.274149156391145 -0.371824703345383
0.210334116738327 -0.0495445842794634 0.375153072861176 -0.314146369420968
-0.223003650203757 0.172908690555 -0.360601750507621 0.259383809838986
-0.0166215924408135 0.201835215686864 -0.291526357870045 0.458527665019349
0.0764196571266823 0.0338186231909657 -0.0254916847005307 0.187034100162112
-0.0510742703292396 -0.0414175465465857 -0.105477626069828 -0.00353264399990337
-0.0808159810968955 0.0792319583367346 -0.190286106050633 0.0750159853567713
0.0189469589782507 0.108081141522568 -0.13971507167973 0.144703247806021
0.0765506833042911 0.0772820591070209 -0.110720460010947 0.132510428185999
0.10225935064494 0.0735061876786219 -0.176364135604159 0.0926962121209982
0.0903367969028605 0.0722238593571276 -0.267228847835021 0.1108835800979
0.0582988551575182 0.0767083494877661 -0.319543738306826 0.0682785537063336
-0.0124650228271149 0.0782259070840673 -0.302661763936143 -0.0188911483790273
-0.0391531618284331 -0.0390557596837265 -0.200772061796201 -0.0893905342596547
0.135007403520239 -0.0195323983406744 -0.146471361661561 -0.0760933359295462
0.108075901402761 0.195260107952623 -0.0857714679989588 -0.081691461222887
-0.140161446658472 0.277413973189369 0.0552613979734527 0.232966561355635
-0.226448674423626 0.247283331945512 -0.292772700916161 0.199407343781522
-0.0649923419412966 0.300504784943136 -0.315678357662669 0.478656432506079
0.075522403301722 0.157060744185002 0.0276458803165668 0.238861754637978
0.0440702729195873 0.0406790289667119 -0.0720402563920658 -0.0224500764640601
0.0221997294983962 0.08949850780083 -0.206212504584135 0.0855943783346396
0.0968147280607383 0.0868909343572257 -0.131711758292582 0.185140994046564
0.139657487330383 0.0377977265538316 -0.0728669642277036 0.161981516698047
0.170511292516555 0.0258712194864185 -0.124488986723331 0.0981406247288936
0.168702051675391 0.0251085094595844 -0.211571374790931 0.110960654213579
0.173489504214243 0.0386991981458796 -0.27565264454758 0.0870555397496792
0.135278680391051 0.0929050612101223 -0.291648961045899 0.00980422345820291
0.0872164948370282 0.0596691094731188 -0.220545303957392 -0.102189000470312
0.164623641961803 0.113066699947552 -0.13194991629066 -0.118256842225516
0.094449959049849 0.307299229278558 -0.0643964802142763 -0.0989861885653916
-0.113391721821894 0.389894179768249 0.0743376454598419 0.152332941406387
-0.173143174213166 0.305270381957736 -0.207126831442221 0.113861027775589
-0.0547392108850697 0.360263492991606 -0.309778429786849 0.476571177401667
0.0913525736245126 0.253182348666171 0.0948741278976135 0.297644340441677
0.154623633432444 0.125138796783921 -0.00632535492422008 -0.0170342866787656
0.153065266971945 0.0886083828228039 -0.174323031293185 0.0956727948797571
0.181366575029778 0.0421734848941107 -0.0909151858920497 0.20535283315842
0.189599711919458 -0.0141295671801949 -0.0132424004207109 0.168537870596852
0.214875077035312 -0.0232402180208309 -0.0538535112920688 0.0868942420230691
0.218365809155708 -0.0173073844084287 -0.135138696559333 0.0899020260351402
0.253928079049282 0.00363052952536817 -0.203496504588233 0.079888270050051
0.254587908108282 0.0943028869750889 -0.245457876765158 0.023453028418136
0.206452777037124 0.141715569442034 -0.217634369378048 -0.111362130923626
0.181618439799316 0.23925711150752 -0.118723506642872 -0.168676082235318
0.0597307280936407 0.389572198528121 -0.0296594361095135 -0.159390471348296
-0.0890234680439778 0.437459078411835 0.110172528736533 0.0370296607380863
-0.0759868708932615 0.334209935589548 -0.132114142335006 0.00590315218823334
0.0052503534098262 0.367245324418086 -0.270089370573361 0.443582511266439
0.123882057827845 0.297170555329793 0.167452659648684 0.315655529815762
0.256010585335581 0.180768982050926 0.0698707862366751 -0.00611853304675475
0.277085370241403 0.0678060767850046 -0.0981840948617998 0.103113952694314
0.252607201262673 -0.0183446054735383 -0.0104509203190241 0.198281370615883
0.215804231774122 -0.0701695854355996 0.0635993687486314 0.144414967033532
0.227328236587469 -0.0653043330515008 0.0255124493839192 0.0603872885670607
0.231033876947455 -0.0524772886078647 -0.0517453738909372 0.0582526063210229
0.286934160266427 -0.023891927765761 -0.115963082302888 0.0553543179316365
0.320493928026316 0.0831627539682475 -0.169115374985958 0.0205012987962537
0.283848281158041 0.194634985640815 -0.182938731556208 -0.119240308152589
0.170826486389574 0.3266007272289 -0.0912174486449847 -0.212234289357998
0.0098806498279705 0.415699161498475 0.0185855794282594 -0.239161866062318
-0.0642109302009374 0.416868786423399 0.162239415434877 -0.0896456875654073
0.0295682358571762 0.304862551370006 -0.0853901067431637 -0.116785764620538
0.0589135337198819 0.304993424691558 -0.212260263778809 0.375261166634859
0.129471070278455 0.284927755957704 0.223433894388437 0.277156201580788
0.30915913732806 0.200225370657717 0.128605073229282 -0.000260281013236698
0.352693726839641 0.0315629569840302 0.00693189308081903 0.102514205464021
0.280788924326239 -0.0780821861808069 0.0972502635202767 0.161594643563846
0.208861878501011 -0.116564603340743 0.148626033567005 0.0928429650538549
0.205217093239663 -0.0977879817010477 0.102117178770911 0.0244004131379679
0.205289804558673 -0.0772657824023543 0.0276924685423822 0.0231560040615156
0.267436936475236 -0.0449835613212075 -0.0296840756645446 0.0231003581586162
0.320912109555548 0.0600633154010042 -0.078732821490044 0.00391955921220224
0.29904476258305 0.216225722377095 -0.115959095118456 -0.123538298122331
0.116564374090153 0.351416158792177 -0.0403756069493959 -0.237544817333932
-0.0448767355649485 0.363531227730144 0.0844929781350961 -0.309140109423448
-0.0263802861785669 0.330892451257285 0.225830259280887 -0.200675893973161
0.10792624536213 0.210733050147728 -0.0673468109978962 -0.226120322914313
0.054029048489832 0.190067457959673 -0.142168597265165 0.282203347396249
0.0804413625755075 0.241045105853903 0.242654923425122 0.194213337869122
0.298992359088888 0.194275471074162 0.155620750411219 0.00780713495264943
0.351874998094184 -0.00716397096232939 0.114435548482575 0.0957996191907164
0.250815903094754 -0.117896882461775 0.206611412084671 0.101981595886117
0.16409952649195 -0.141407049500879 0.226965391157064 0.0248058612800434
0.151151841902999 -0.117338755276671 0.16532516990773 -0.017319844674202
0.148623999260689 -0.0957332909126037 0.0900520537086723 -0.0111444587949262
0.209463496890189 -0.0668750653911064 0.0406428700700351 -0.0120048510099397
0.277379939306199 0.0256590637192068 0.00737367420350416 -0.0183158699524157
0.260678763012724 0.2061892126706 -0.0320130212937609 -0.113385232572967
0.0328149556568926 0.309183402951854 0.0227073491721481 -0.230785430129512
-0.0804611943561093 0.241355907176905 0.158136933589805 -0.348891631964852
0.0327744773384896 0.205705308431142 0.290683972566429 -0.278737780901734
0.139599185477503 0.065275762976928 -0.0648384203123404 -0.300347489172251
-0.00845308453703671 0.058081308991988 -0.07351522125442 0.178879206939686
-0.00275871389403687 0.187430486397283 0.219873136857626 0.108180956822498
0.23931564799225 0.164943043691053 0.160767097976371 0.03064036516365
0.27929330945719 -0.0412926934488652 0.205717901912897 0.0839176464913853
0.165951233468306 -0.127027306926836 0.291295646501358 0.0335010719001754
0.0884736779306287 -0.136712062572249 0.281109990212557 -0.045853203242261
0.0736075806696043 -0.120120488367598 0.206439998191034 -0.0586042236023818
0.0742327181583576 -0.105554665622954 0.128971269937854 -0.0461707912485057
0.136411960288041 -0.088467270250682 0.0891456021387835 -0.0486813235980631
0.218163146586713 -0.0148406744227931 0.0804154351902572 -0.0405172748576484
0.201650195730637 0.176402498933833 0.0465217504744862 -0.0845779514974927
-0.0462184106188078 0.217453693128486 0.0718970071843292 -0.195750892432884
-0.0724131643594987 0.0769632167409189 0.222527161354838 -0.361584437763897
0.115338033941884 0.0684454422194225 0.341181922475063 -0.317157261943709
0.132814892547104 -0.0947281271645426 -0.0642789250613708 -0.324578923048901
-0.0800597035462721 -0.0640361561050021 -0.0220514758872707 0.0927883186963249
-0.0759895279746851 0.117424174421881 0.176920751127443 0.0607710820504377
0.147415467374652 0.103597088635782 0.167742378140052 0.0669960616899113
0.154605200233093 -0.0681720201152851 0.268238502981719 0.0637371531558628
0.0482636790056438 -0.108453012001638 0.331412019566676 -0.0284734586544386
-0.00479237077393616 -0.106273872251164 0.299104617012254 -0.0992327571356555
-0.0158642100999377 -0.104192972880205 0.216922221127251 -0.0943357419315928
-0.00481554021088174 -0.105144082932793 0.140806613026021 -0.0846350006020861
0.062591606761955 -0.106528905998285 0.118581101270228 -0.090502013750068
0.156769451545756 -0.0505931755263868 0.139775127750538 -0.0638948635760937
0.135070788022689 0.128543494125638 0.102450491086081 -0.0463772309124277
-0.0900590256700734 0.0921175651753255 0.0842196232457178 -0.158712179550854
-0.00692206664587273 -0.0872393227206794 0.260542221480349 -0.369837245093241
0.203505086072429 -0.0542903077778531 0.360491319239135 -0.315745095446557
-0.215717926443209 0.172973275810254 -0.35184401624766 0.256325739844381
-0.0133292219158224 0.198049409956688 -0.280505825799441 0.450475023369136
0.0748926811214971 0.0312036123945333 -0.025118216222198 0.180697343272131
-0.0524178579838459 -0.0397007460840893 -0.107675072299948 -0.00214491193289074
-0.0771045559083146 0.0802726251587785 -0.186426773917782 0.07812276825839
0.0216698649433163 0.104952179515589 -0.131645190377115 0.145555026949437
0.0756735548055613 0.0742535606993402 -0.103150772235782 0.129506764964291
0.101718547949944 0.0689399728966448 -0.172108089624154 0.0925153388053014
0.0918258385194791 0.069541783304933 -0.259641023732209 0.112532911512637
0.0589450869618043 0.0746217673381833 -0.31198777369932 0.0735189679639018
-0.00945095362275991 0.0768365451069517 -0.295948492096443 -0.0137240390594454
-0.0400008623948136 -0.0360762368175256 -0.197938456567475 -0.0867050811426982
0.132129361075505 -0.0216242216912426 -0.145364560167024 -0.0714530079298678
0.108385038190206 0.189997312033395 -0.0856046675593776 -0.0772871868725824
-0.132089500845515 0.274048273115712 0.058006472746749 0.224118022231232
-0.221123400986131 0.243946248927075 -0.286031646811642 0.196868282427612
-0.0597786986059929 0.295064832332073 -0.303144944316183 0.470652494035594
0.0745518027545534 0.151447397643595 0.0276434158935115 0.232189155725633
0.042071868988112 0.038650783452415 -0.0756383432170888 -0.0214486417638456
0.0230632079299136 0.0879206563105829 -0.200590509531639 0.0898141957420786
0.0967078893385273 0.0830381482644114 -0.122868165601342 0.18488597869352
0.136801997958596 0.0348354796910498 -0.0654390865903358 0.157858249017957
0.16770529652488 0.0216110341230121 -0.120841726721039 0.0965948962517073
0.168225545696009 0.0221513060245693 -0.205368762829806 0.111966705703604
0.170590740155759 0.0351478817350325 -0.267240220525849 0.0900296515153639
0.136276934291195 0.0880214218895722 -0.284371045173522 0.0132485113778263
0.0859509074967724 0.0577066990956981 -0.216993212637514 -0.097663150283591
0.162587368866228 0.107949516995706 -0.131516006963615 -0.113489386838941
0.096744958457821 0.300360087246993 -0.064273465034435 -0.0945749941628152
-0.105618861576706 0.382311105739399 0.0748553710634744 0.145774304882204
-0.167409817548383 0.300402483285225 -0.2027684433041 0.111947733515859
-0.0483538838853426 0.354282484571741 -0.296921593169894 0.469037002030838
0.0912678641088523 0.246275451648072 0.0948105716901066 0.29008069336245
0.151523045328935 0.118929354596325 -0.0101670367018949 -0.0166008431253166
0.15050777809432 0.0835739175592016 -0.169013403892296 0.0994659325222906
0.178885529506921 0.0380549028631847 -0.0822692168163809 0.20379508312999
0.184970009426706 -0.0165902324198686 -0.00869783169645895 0.163662441448725
0.209117329654496 -0.0263030576309663 -0.0512993146188335 0.0844942580873278
0.215306691068865 -0.0210712358537702 -0.13107241768661 0.0899491998093659
0.248580679404984 -0.000216777497863756 -0.195863454216128 0.081929648357784
0.252347459436194 0.0862644794535856 -0.238413004693439 0.0263055439267131
0.204830510596186 0.135451696437739 -0.214413515809274 -0.105597889872119
0.181856888864573 0.23083453083568 -0.119105327949814 -0.16211583257497
0.0636009473902351 0.382067806402988 -0.0303930122606529 -0.154055766689976
-0.0818652320768319 0.428263697348071 0.108157570136495 0.0343539807724832
-0.0717630076442709 0.326534306989639 -0.129761993490786 0.00513696879296669
0.0112033668302085 0.359280204320257 -0.257497527830697 0.435651030230601
0.123320372109413 0.289000259735058 0.16687052262191 0.308977445493979
0.252211774340399 0.171782004629594 0.0645744077067089 -0.00565929646843979
0.27184557492836 0.0609724010730017 -0.0925217544811277 0.105625369537095
0.246787846693692 -0.0221641591060994 -0.00300116585405756 0.195490044102058
0.20959103985035 -0.0709786595745541 0.0652220292551915 0.139397673953775
0.220834389488606 -0.0676445292764989 0.0259957877292947 0.057470422313576
0.225602832813959 -0.0546465873838968 -0.048756854378239 0.0580786662667916
0.280436977820568 -0.027755911210167 -0.110503726141712 0.0569683971388057
0.315920781816886 0.0749629331985409 -0.163003568098268 0.0224613702804485
0.281531373295578 0.185691261414517 -0.178636692438568 -0.112257910433772
0.172128379788402 0.31660218467558 -0.0918168678996489 -0.205328675178563
0.0145521108841546 0.407473885936881 0.016890479133836 -0.232435547400214
-0.0584404633970457 0.406055563152965 0.158120496110877 -0.0891942954310989
0.0310329054363585 0.296719556685979 -0.0864539569413895 -0.113684420698627
0.0625365473141025 0.298585447643503 -0.202194731927049 0.370797659123413
0.129717451987952 0.27781358102615 0.222008200298998 0.269993269617848
0.305653713116994 0.190426421482814 0.122499557597556 -0.000748551132064951
0.344893817678368 0.0228336212774303 0.011006182311218 0.10327404294877
0.273615830023278 -0.0809065539305973 0.101741631989987 0.156936522726943
0.201248268042613 -0.115825263764946 0.147189486236512 0.0886826601676921
0.198709200918314 -0.097482100714733 0.10128534952294 0.0217101744686811
0.199065413372995 -0.0783217783502755 0.0274899402728963 0.0238024283079629
0.260387891001814 -0.0488457008595925 -0.027019655008972 0.0233589027936765
0.315160049109684 0.0528050756238742 -0.0744629398564046 0.00383359051177157
0.295707208043232 0.205420172869537 -0.112598952856163 -0.117630881108098
0.118779676268596 0.342035173689747 -0.0412785158737799 -0.230050791699998
-0.0395121231269611 0.357986540889381 0.0807269456057599 -0.301430627413857
-0.0233588406466469 0.322294982890249 0.219902596420833 -0.197840111274491
0.105863041695816 0.203126323334767 -0.0696440899721819 -0.221114752005349
0.0561293663389985 0.186124304114405 -0.135731001650512 0.278903489596103
0.0806941625421383 0.23568961543727 0.23820784010761 0.188129956449766
0.295542936330319 0.185858278320053 0.14984695813252 0.00717415973563117
0.343502835287951 -0.0148082471997094 0.115852184899306 0.0947040630013573
0.243164458251089 -0.119288854969437 0.206583906880931 0.0959608205473232
0.157534392737509 -0.138732822515096 0.221204938709743 0.0207772951447107
0.145625485880739 -0.116172939590144 0.162416563811166 -0.0196669703934541
0.14288007286095 -0.0943130237156725 0.0885313927503644 -0.0105736493430486
0.202769033967133 -0.068758817934041 0.04037440076325 -0.0115554461287601
0.270400131079024 0.0189522760402302 0.00880006056844286 -0.0197458150888198
0.258668331470683 0.196435765106117 -0.0301779236174307 -0.108207952923367
0.035308845269308 0.30264553520858 0.021566225270455 -0.224565488353895
-0.0761891408360997 0.238919264074855 0.152487053687019 -0.34199777131085
0.0334222181422988 0.198346118346526 0.281110877952633 -0.274573749778109
0.135663035816522 0.0612815079472894 -0.0679786929105269 -0.292729437599006
-0.00652239381504461 0.0577282153609319 -0.069564286335099 0.17741501959528
-0.000758828660649492 0.185077066879244 0.215975125335419 0.102250693042363
0.237504077628997 0.156732778580912 0.155374897706759 0.0287075498760425
0.271595753508952 -0.0471092129500328 0.206745548424587 0.0807891449547758
0.159944767307981 -0.126287876726682 0.287138776435703 0.0268888098332296
0.0835661100877639 -0.133452119160031 0.272571475942401 -0.0482002399286809
0.0693463042547651 -0.117128836565294 0.201694946479066 -0.0604578529349867
0.0694807804254885 -0.102948078011372 0.125874297653141 -0.0457936912741909
0.131132233721648 -0.0890713179744506 0.0864283275963778 -0.0482269219243298
0.211786148155916 -0.0200182677942657 0.0797277147732553 -0.0428513759997984
0.200567592489994 0.166645772058343 0.047204239012921 -0.0812618024274104
-0.0429024058186498 0.214749288936877 0.0695672256646064 -0.189463237558027
-0.0708562408306039 0.0773678741981305 0.214389450373902 -0.3545600337293
0.112186114301092 0.0636568077292738 0.330458513252219 -0.312858039684574
0.127919590301268 -0.0949141209472447 -0.0671580975618562 -0.315597794268832
-0.078858015660145 -0.0607044947719698 -0.0201838983833632 0.0920022985862978
-0.0727379868211639 0.117862679501228 0.173575716188285 0.0553399766351987
0.147428999827025 0.0984317269149998 0.163015619695187 0.0644018453152173
0.1489599668005 -0.0707625976590281 0.266579603905358 0.0601852625054905
0.044562556521749 -0.106113046917931 0.324808063314165 -0.0343357991637035
-0.00789983328000009 -0.101487482736047 0.289123397554248 -0.101107290759147
-0.0185707190481249 -0.0996031487258123 0.211114028410095 -0.0950713310991098
-0.00839483338521959 -0.100852986314524 0.135934274850346 -0.0826243685985119
0.0584556270186401 -0.106062482495139 0.113065618770427 -0.0898387326115546
0.151209717728225 -0.0533635074876718 0.137203631938242 -0.0664145565857966
0.135562569648454 0.122350163214019 0.102757088043901 -0.0443252795674034
-0.0870695055312471 0.0929301738622136 0.0833178465139147 -0.152916671459401
-0.00974724743205121 -0.0844000920143122 0.250886573700235 -0.362955022292077
0.197393055058991 -0.0564545805866739 0.349626633570115 -0.312622521795255
-0.212527658725865 0.171395597415742 -0.349643285854622 0.25008701476692
-0.0125883584821304 0.194950859741772 -0.277182487078966 0.441570852379316
0.0731586650974616 0.0293158950133678 -0.0275223794550811 0.175722325704068
-0.0532317818736982 -0.039021926126479 -0.109824280821152 -0.00287088817458336
-0.0749320824423668 0.080831553033297 -0.186107187178625 0.0791274302371692
0.0223057398493288 0.102830642026632 -0.126736471598387 0.146039713685844
0.0747100077641435 0.0721759904301302 -0.0985186813780248 0.125137488667894
0.100635543011896 0.0666429026115369 -0.171346146127612 0.0896772739265148
0.093522274502618 0.0676808555969657 -0.256970997898117 0.111504190309598
0.0594187139885742 0.0743841977916873 -0.307331428083658 0.0735573046092229
-0.00748543813797319 0.0763272566638974 -0.292744259559793 -0.0147847897182521
-0.0395473188706688 -0.0336670140427091 -0.195806797838041 -0.0871508628286274
0.130181332341629 -0.0225364209955708 -0.14378675968352 -0.069671006086995
0.107151173999361 0.18715641822816 -0.0843493659136427 -0.0745012479172475
-0.130561282235173 0.270333564707663 0.0575767276414597 0.218354269205345
-0.218969293440806 0.240777242417649 -0.284544037042039 0.190812646683476
-0.0586396293437367 0.291662196585904 -0.299545609803532 0.464305331887696
0.0727766380999144 0.147735157802275 0.024480164112037 0.228212733595672
0.0392353472028078 0.037554623560253 -0.0790732069388184 -0.0211636537014584
0.0226934917425742 0.087687468717277 -0.199508037425204 0.0911630619106241
0.0967683004678682 0.081248993818926 -0.117203224403045 0.184406660919996
0.134922462945387 0.0338875841353553 -0.0615972298407783 0.153347885272795
0.165849195934755 0.0198322170219327 -0.119865918805777 0.0940507434530088
0.168145170837785 0.0208153346856332 -0.202371054654057 0.11088194965419
0.168962524920423 0.0348250477276159 -0.262438462052211 0.0898099131794068
0.136154595802369 0.0856660179058516 -0.279815383714498 0.0134533505965913
0.0852717524040249 0.0579179581189253 -0.21392991723924 -0.0965707814554282
0.160608839156332 0.105716041916595 -0.13055223465547 -0.111197495937513
0.0960365344161336 0.297398613383087 -0.0630229464768476 -0.092034605384444
-0.104138358847945 0.375812013108823 0.0745514785407769 0.142504132701444
-0.16679382352919 0.294885604760675 -0.202131765062517 0.107421877761999
-0.0483457583361087 0.349951566748197 -0.293103642776825 0.463223546686413
0.0879735741261347 0.242070952176842 0.0916311230258027 0.28680617273655
0.147485072079351 0.117441182218169 -0.0142742991180725 -0.015662524852581
0.147955163709747 0.0822525097811472 -0.166622223426453 0.101021652796976
0.177364626806569 0.0371940222699466 -0.0765920508681333 0.202548864852055
0.182012968109443 -0.0157675960909396 -0.00599597308177798 0.159842039556248
0.206219984931235 -0.0263451661669124 -0.0510050179137992 0.0823892573500915
0.213308537520662 -0.0215400010724731 -0.129138171284926 0.0889636745661441
0.246530335447477 -0.000740817500523738 -0.191722745342305 0.0819737401243894
0.250306243407278 0.083273530778249 -0.233647663097124 0.0262593268399597
0.202676017669881 0.133258666926954 -0.210387814933799 -0.103224330379534
0.179471599829496 0.227342270390313 -0.118121984882524 -0.158812152889628
0.0633822821712001 0.378839605158231 -0.0283150131490804 -0.15093347479155
-0.0824422067948236 0.421051119713093 0.107778133957207 0.0331446373995189
-0.0733291562335893 0.319276712374545 -0.130667654259807 0.0032058520111898
0.0112140702305783 0.355042126758079 -0.2554832141993 0.430469567401713
0.11984772188556 0.285170134135123 0.163692710920885 0.306018052534507
0.247614548405353 0.169299704473732 0.0598941206566453 -0.0054245997828384
0.268494308746842 0.0591461940051368 -0.0896517838394896 0.106548313878721
0.244202226469376 -0.0229321434651737 0.00135077045300033 0.192656016496987
0.206145301810371 -0.0699740930520439 0.0657203615453843 0.136548321757342
0.217330875535644 -0.0668644022265831 0.0262100018635537 0.0561040398642984
0.223219527611408 -0.0545356630609621 -0.04759414504769 0.0580577339213173
0.276591759623651 -0.0280881303127389 -0.106718081597044 0.0566304795095125
0.311584244393598 0.0709394408281035 -0.159004903804662 0.0212527462682098
0.277854608978332 0.181544189248936 -0.174358138396645 -0.110142794922468
0.169394514603257 0.312811890594042 -0.0898188751681366 -0.201447430184375
0.0145220722429293 0.404800596748297 0.0192423564072438 -0.228289716805008
-0.0597171425733197 0.397905090472803 0.156360459729725 -0.0868343103252998
0.0279123979534692 0.290508836681554 -0.0862731890010439 -0.113125630980198
0.0630179559589844 0.295520249520021 -0.200492696666384 0.36555473107237
0.125290415131778 0.274550535395096 0.21876071931913 0.267132347925404
0.301238229898713 0.188037283216146 0.117639142301708 0.000431559645632015
0.340476848536403 0.0209207788184988 0.0127448593424462 0.10440551581267
0.269690361178374 -0.0812722225261467 0.104239171011073 0.153641973619191
0.198078441562259 -0.112995436283844 0.145027852039335 0.0874717122925106
0.19551365999673 -0.0957633030740176 0.100619301122471 0.0203371015600946
0.195876273163583 -0.077284864812653 0.0289643246907347 0.0242297384544416
0.256378795706535 -0.0488606833290481 -0.0245645123570075 0.0240231296492639
0.310725858205236 0.0488227668902136 -0.071613617395037 0.00356003264689244
0.29203071182836 0.200653135697062 -0.108223324674078 -0.113731495703734
0.116662878596167 0.3371698863501 -0.0392434116127398 -0.225403974867312
-0.0395441150760337 0.356669203398317 0.0826423355340518 -0.297192793271543
-0.0254479196138443 0.313791658614322 0.217191363821381 -0.193103432115158
0.102485924535135 0.198892083152457 -0.0700289951197315 -0.218029816427383
0.0564660645297954 0.184081796996519 -0.133535958424871 0.275686427575983
0.0786478988351283 0.234194993817293 0.23524695208284 0.185265315005771
0.292524997367373 0.182743812635094 0.145673899404582 0.00846125874362771
0.339835910947379 -0.0169969042446556 0.118303113315402 0.0950668157070352
0.23945250419571 -0.118763235167173 0.206916296417434 0.0931365877446535
0.154106909466492 -0.135323908221558 0.217380466061689 0.0204305516385468
0.142722185860172 -0.113167670949691 0.161011774832217 -0.0200348398073785
0.139219600495349 -0.0924962838138585 0.0883040058685044 -0.00943942078177466
0.19947108385289 -0.0683725714106259 0.0413960716204872 -0.010334788050844
0.265690094516082 0.0160317023634399 0.0112148494022976 -0.0194433366318246
0.255745294740718 0.191586261165865 -0.0264404534241303 -0.104338318650942
0.0346065592067229 0.299187786080082 0.0237967889484421 -0.219094683576793
-0.0763775827464678 0.236927365951109 0.153241988109531 -0.335264216626807
0.0312859987826824 0.193208779278977 0.27911912072141 -0.268818862936326
0.132189450872723 0.059391873781345 -0.0673715663309273 -0.287903967361511
-0.00563960608422293 0.0576871440899348 -0.0680292873025521 0.17611195269511
-0.000445086861029632 0.184168633079952 0.212315716241658 0.100346856416615
0.235929745838253 0.153535443165963 0.151541778468963 0.0305497985880903
0.267808039357296 -0.0495473522715835 0.206067518106171 0.0813078340148541
0.156868539346835 -0.125253844453098 0.28520956293506 0.0243541821651141
0.0813183824713866 -0.129477923568506 0.266678470259854 -0.0475764674844371
0.0675366234107009 -0.114570923659654 0.199441249558806 -0.0598725929288115
0.0666599788970488 -0.100121108231223 0.12465200743575 -0.0431402390838036
0.127444727266788 -0.0881326391441782 0.0855192491066138 -0.0470284575297881
0.207772141545882 -0.0218163754018848 0.0800002405113844 -0.0434093988022765
0.198875460867335 0.162029294904813 0.0494063777959148 -0.0781215444283669
-0.0424014546466492 0.212928303592261 0.0722991627390541 -0.184266476640669
-0.0710823596989782 0.0779427892537703 0.213549148915441 -0.346435068016715
0.109410995356815 0.061306180985239 0.327866685260452 -0.306895747935536
0.124708788260522 -0.0941692298561603 -0.0659533693690579 -0.310688755596751
-0.0776120602484789 -0.0597341409589619 -0.0197039785908838 0.0914943372017631
-0.0707729557782514 0.117903140128053 0.170271330617762 0.0532245802118911
0.146389485573945 0.0962523939874806 0.159641238724244 0.0642492400660985
0.145542341047464 -0.0713500308766645 0.265196416911451 0.0600894276169442
0.0434521588084301 -0.103702552651293 0.319930753289843 -0.0357765119847682
-0.0089644049925462 -0.0983459709370229 0.283328862462295 -0.0997942381543123
-0.0194127281158211 -0.0973073390931894 0.2085527788429 -0.0945510040629029
-0.0104413470945994 -0.0982154855818323 0.133483306778295 -0.0796742576433138
0.0564967295516362 -0.104446892592207 0.110815844452776 -0.08837456456775
0.147683057716878 -0.0536506026682651 0.135359389498041 -0.0672552277079182
0.13499279561745 0.118534774523225 0.103880833693946 -0.0423256271225981
-0.0866994459934363 0.0939994616727679 0.0846217438755598 -0.148057562463955
-0.0108456850468984 -0.0827306067157745 0.247671819054735 -0.356208059880385
0.19419305572396 -0.0556181308417386 0.346674741274154 -0.307514544290662
-0.215185894512306 0.171342931612647 -0.357035413602615 0.247628242673082
-0.0132644219151669 0.196001337657443 -0.28115395907126 0.440579006987495
0.0740736414141434 0.0285424409858845 -0.0311196447675122 0.175014314886952
-0.0555145540683243 -0.0388489216202573 -0.11487757418588 -0.00351103442812917
-0.0753034583668857 0.0828479594433225 -0.188735823716656 0.0805144490081364
0.02272239150793 0.103265905170485 -0.124454957465028 0.148042186835777
0.0755527119744391 0.0729858767471816 -0.0968842288338995 0.122854504487808
0.10141531751054 0.0663678398194758 -0.17286966641895 0.0887030257771582
0.0957843232259328 0.0673846143261603 -0.259045589437499 0.111830235768742
0.0605930861472321 0.0747778332927021 -0.309374572150795 0.074604594806447
-0.00685868330957299 0.0758105362651983 -0.295077425268969 -0.0160666900867835
-0.0404197197971031 -0.0325723365407463 -0.197210648504422 -0.0892514384513466
0.131311377846366 -0.0232614786726157 -0.144332040842767 -0.0693226829916432
0.107084481816846 0.189203206858571 -0.0844010815405877 -0.0743263544062379
-0.13213717544966 0.271926281862496 0.0570448770965701 0.216365094521793
-0.222504894135713 0.239249297513352 -0.290726099142469 0.187841284187333
-0.0591755886385504 0.292753489415978 -0.304075154152437 0.462121158894583
0.0707432435169542 0.147811267750516 0.0226278908540996 0.228738221759414
0.0372145310366072 0.0381937302497283 -0.082720412950687 -0.0215533937072713
0.0226929414695696 0.0888314083411617 -0.201556876374975 0.0927956290948738
0.0973896613672355 0.081380735183504 -0.11505118846899 0.186623258337107
0.135393938228775 0.0349268862066023 -0.0597226225119144 0.151336943854935
0.166837602248894 0.0204845554802987 -0.121214765804124 0.0931601551272707
0.170705117429482 0.0208958833904387 -0.20462182775387 0.110410244815387
0.170929139545842 0.0354924249231748 -0.262930387132915 0.0903664122456213
0.138235753164024 0.085388453585121 -0.280916886983805 0.0121193675240947
0.0852858987082149 0.0590985344975893 -0.214400960425894 -0.0990586407357442
0.161766979837978 0.106246313842127 -0.131338495202823 -0.11080730114172
0.0956554174954353 0.300972024960144 -0.061481182838941 -0.0912759750989551
-0.107172377124166 0.376746055568485 0.0748506179367869 0.1419046659394
-0.171378192219853 0.292583077404471 -0.206380432982708 0.105200597720251
-0.0498829300858751 0.35152848400714 -0.297982879148034 0.462785490061208
0.0851583694243799 0.243562096422474 0.0904728979366708 0.288512221160376
0.146162435845296 0.118125684425163 -0.0182068534472384 -0.0164165483285538
0.147914912210507 0.0833179978626438 -0.168236169067814 0.103101657873894
0.177916230031472 0.0368046539122769 -0.0733702638694762 0.204185139603687
0.183421611083057 -0.014908162948961 -0.00377225114949937 0.158974134208419
0.207522083073181 -0.0263604795464663 -0.0515564252045947 0.081734727208837
0.216489600239948 -0.0217505086988431 -0.130115625586203 0.0902273713028105
0.248536690470059 -0.00076241692419653 -0.191146369262513 0.0820088080529463
0.252338298607896 0.0830036987647377 -0.23302611920476 0.0252367091340513
0.203165706052201 0.134979446717713 -0.209804121979783 -0.104520315703751
0.179464625314278 0.229386902528994 -0.118409752852263 -0.159140146942912
0.0607742023297499 0.383342972432065 -0.0254498210291547 -0.15041598108818
-0.0854000809542532 0.420840754661674 0.108492289867339 0.0334601459634533
-0.0784270298271407 0.31897655270551 -0.132192983886934 0.00115054883794187
0.0106824843950008 0.357334552570283 -0.26075433833737 0.430608106981845
0.116627668200047 0.287687700572676 0.162856600357943 0.30963577857385
0.24731552950926 0.171462724507241 0.0564816076063498 -0.00412374559416601
0.269462456722491 0.0590941657163552 -0.0903031089946714 0.108925952042792
0.245567850444024 -0.0237052492718248 0.00447465367663069 0.194065052280496
0.206875252518382 -0.0681030347937741 0.0674369526777253 0.136783849824985
0.218922506411067 -0.0664232801552911 0.0257247421343348 0.0559402911832205
0.225248317273295 -0.0539457919704871 -0.047129094724904 0.0583619934455616
0.27842697365908 -0.0282569645091887 -0.105084610339363 0.0566293740786878
0.313469204705834 0.0709740094443776 -0.157160403487238 0.0205921682859694
0.279244299561574 0.183415777334076 -0.173093943018871 -0.110259180714843
0.169172790867577 0.314989279259299 -0.0886836343337497 -0.201947383280279
0.0131609568316735 0.410218177761978 0.023139679660275 -0.229241533733806
-0.0635740341911085 0.397118121812691 0.157894114828342 -0.0864945230587593
0.0235891522322441 0.289649381579296 -0.0878690080733124 -0.115353214161023
0.0620565559426172 0.297127476405369 -0.203277129923521 0.367179060901357
0.122738173454525 0.278038402748362 0.21802919559901 0.27068191914304
0.30181686217433 0.190002515498863 0.115111838835476 0.00179288588583821
0.341972707616673 0.0202810905823223 0.0138006198940294 0.107189549780363
0.271714050801398 -0.0819140040770253 0.107281300320372 0.154311441625681
0.199200696138908 -0.111888308541102 0.146295105649395 0.0877865460430011
0.19648490351345 -0.0953334070647136 0.101857613622242 0.0208403727557236
0.197491763968897 -0.0760221130234781 0.0302227939916443 0.0249783205063212
0.257089058715948 -0.048986487083416 -0.0222456473215578 0.0236914282937078
0.31182655687686 0.0481265823284088 -0.0691167651090781 0.00250038477312348
0.292769965007556 0.201364119519083 -0.105184298294757 -0.112650315819747
0.114482879705534 0.340957908234402 -0.0358795791164925 -0.225755840738104
-0.0425084462665207 0.359801743592589 0.0871285901899976 -0.297031096568198
-0.0292514669465775 0.313824575929173 0.220384541962026 -0.19219800044594
0.0995402955074606 0.198330042731616 -0.0696497864445617 -0.219742247289951
0.0569971326489776 0.185900334061787 -0.136240485758475 0.277552609729487
0.0770694367298426 0.237278728873212 0.235957728783347 0.187655634255778
0.2950178749915 0.183763560656563 0.14306415328031 0.0101929344155397
0.341217599382142 -0.0189714441537227 0.120283542985537 0.098295311521975
0.241285550285369 -0.11849300284002 0.209883221327166 0.0930170745700987
0.155406375064032 -0.134070709298564 0.218362147265011 0.0227458192531104
0.143818312197206 -0.112828420203604 0.162642752531883 -0.019462154271038
0.139728792038537 -0.0913335629591935 0.0900413186030101 -0.00786461007291545
0.199416770337642 -0.0683507323638385 0.043533498702966 -0.01015833029198
0.26574715368686 0.0143928849203579 0.0132318555357963 -0.0204461377223246
0.255571180295124 0.191339588963928 -0.0225307220263625 -0.10311034561557
0.032758332083873 0.301435450492054 0.0277356493383896 -0.218554880910357
-0.0791158199867346 0.239047389911256 0.156912858028017 -0.334787793459303
0.028061442503566 0.192184875874146 0.282183458210554 -0.266619855441917
0.130900181374994 0.0589941020622556 -0.066505707829134 -0.289766460915383
-0.0057340890614423 0.0580389975985525 -0.0692078046903702 0.177546535986506
-0.00186844196006418 0.187122954949787 0.212215532953546 0.100730955873491
0.238091473926616 0.154461623434458 0.150055582232007 0.0329449269881342
0.268561644583429 -0.0511719509405224 0.208832942091074 0.08403404655024
0.158612732644791 -0.125032004237735 0.287967168348026 0.0244583455910038
0.0812057467377299 -0.128590015271787 0.268702974832517 -0.0457527147171052
0.0673348582009696 -0.114012078135952 0.201130536953432 -0.0595438558834295
0.0659162230310433 -0.0991920696948679 0.126156532412521 -0.042140966706111
0.127535891147618 -0.0884022460601325 0.0870675020812448 -0.0469298660815872
0.206773085009291 -0.022854570003839 0.081929849268696 -0.0447769550192155
0.19973194564871 0.161475110437735 0.0539579034506777 -0.0763524789554265
-0.0446301421225587 0.215149541829142 0.0765353029883294 -0.183021919686944
-0.0735542891614751 0.0784160164659446 0.218074948322485 -0.346291925586722
0.108479987733166 0.0605126307703157 0.33224380158205 -0.304835649378665
0.124618556363009 -0.0945350160860155 -0.0650437293812291 -0.311801780525337
-0.0776624467155617 -0.0596879736500664 -0.0197041885840852 0.0921845143940829
-0.0710733481585372 0.119491495973341 0.169702360406588 0.0522560234213298
0.147919308333926 0.0953210664393419 0.158488242440199 0.0664773799054086
0.145843275531712 -0.0733208516619165 0.268215190884185 0.0623039136106937
0.0442877684413751 -0.102815170874296 0.321729810927621 -0.0349651175210094
-0.0093440494992076 -0.0970671373232415 0.283312705503858 -0.0980844364096342
-0.019856515080756 -0.0963989589424249 0.210910174769143 -0.0935551075833817
-0.0111219425131145 -0.0970410391011172 0.13412892254597 -0.0780091185901261
0.056321707552273 -0.105027390134089 0.111143363714958 -0.0882885638724998
0.147722964237619 -0.0547933966636647 0.137540746518923 -0.0688015124223993
0.136679266885552 0.1186669744521 0.108816792024707 -0.0402983828947433
-0.0879284424562796 0.0963534891976577 0.0898580355627103 -0.146026731626185
-0.0120777870860191 -0.0822406779273905 0.254224441746849 -0.355137257781338
0.195760963415704 -0.0554213558027172 0.352445789339926 -0.30654557817036
-0.0826036466963015 0.268029070777296 -0.128108274535163 0.432649796253586
0.103230308750336 0.167489427378546 0.046019805675487 0.532615015712918
0.0762227978581038 -0.020088677997587 0.0800881144340139 0.160109100254344
-0.0683125295733315 0.00345566484732067 -0.102524989158108 0.0714530717023853
-0.0102066180829795 0.112243362292983 -0.102840662515661 0.185415215446587
0.0810666302814029 0.068700262844898 -0.00446950903606122 0.197485962082469
0.105455190058791 0.0130058211328269 -0.000337309569503041 0.156775573383283
0.124078637777912 -0.00871628477068669 -0.0877790526448106 0.177927519981491
0.121630189433183 -0.00404365214942217 -0.14239710251838 0.253264602059135
0.0979461718508512 0.0248187587718999 -0.206759249936804 0.252324575820439
0.0419725166635668 0.0689680923787045 -0.248143411360455 0.168405450173466
-0.0545948957310744 0.00142729481005318 -0.21791777244679 0.0484003456520502
0.0936661221939692 -0.103904727135884 -0.160759544664014 0.0367183869844016
0.209351905193263 0.0900717117375562 -0.12063694248698 -0.000598630519963039
0.0655204055463766 0.317529202124292 0.177207134325827 0.127086000088388
-0.0522792604663746 0.327969226294926 -0.106407151537402 0.342534232601171
0.121233974717155 0.272249804371855 0.0418846519058538 0.570885255903631
0.143754711331713 0.0800607121406313 0.161522030222511 0.175345177509675
0.0495824498877694 0.0108998947657036 -0.0823388904853641 0.0355874637201225
0.0715614981105013 0.0600857675101035 -0.104586990629587 0.201857991630826
0.127669237059266 0.00698234185719358 0.029691652877071 0.22046110623846
0.131210348385656 -0.0537320674805406 0.047885478864748 0.15593464464868
0.149452977051301 -0.0855447623620274 -0.0427799165748939 0.150364723210734
0.155124885207878 -0.0888583904819497 -0.0979647360335958 0.219300638787538
0.163662931281566 -0.0766195420260739 -0.158954516897126 0.236838843072586
0.167024220396617 -0.0142849657821964 -0.219668041236684 0.181214001124797
0.107345061594118 -0.00028363630746153 -0.238676565205018 0.0512019686754784
0.202016775502423 -0.0128015388292638 -0.177459732593748 -0.00590222985266136
0.271989893047294 0.19031141992943 -0.115929309963797 -0.0304019553944752
0.154241629894702 0.388837226093159 0.138064467932153 0.0531082345273655
0.0190842500329351 0.343648414807577 -0.0851136549451502 0.220160893784996
0.162812903764741 0.3137230748783 0.047848031399012 0.567578985510491
0.211587417154264 0.150968685330375 0.259655845374446 0.185492346673958
0.183499157856209 0.0129034379962996 -0.0197402465846905 -0.00222923038747957
0.168815042124514 -0.0185958560153363 -0.0695247441285938 0.186546140702413
0.166150656570734 -0.0777779676377701 0.0745157583036157 0.207349374989989
0.138912025466849 -0.122347889024758 0.098432714239567 0.127131791363523
0.154825042035644 -0.148427835267034 0.00721219911719926 0.0984630739735992
0.1665202818803 -0.151684989611648 -0.0494341486458063 0.156631671250911
0.204613452540927 -0.155533270118716 -0.105449963708973 0.18509006105178
0.260073595810612 -0.0889258284162801 -0.173916322081724 0.161060010818594
0.251676900276171 -0.0103842045863593 -0.239020376129723 0.0438563732041151
0.295363258903701 0.0800055613762703 -0.197202929883884 -0.0553247679072187
0.296545131604648 0.281097694466683 -0.126826228184667 -0.10290027037998
0.199819298057536 0.409491207146383 0.0951030471872768 -0.056798403431692
0.111389341525476 0.311768418580235 -0.0869196540408386 0.0839465239191016
0.214844043979073 0.283604973356691 0.0627815404320806 0.517892996529874
0.263530701940558 0.170359390067531 0.334255732074599 0.158741128771112
0.295593838733645 -0.00316483669738688 0.0541537371541094 -0.0411147286901806
0.251979468039373 -0.110499258230965 -0.0012326052846411 0.141367190077352
0.184273355405429 -0.166830258362666 0.131977894952049 0.148502546166331
0.12691808172579 -0.179979980624688 0.143039656401202 0.0648778515690717
0.13931681696907 -0.188286206706532 0.0556477343130779 0.029193785028481
0.153206362836676 -0.183306603054117 -0.000822885751875777 0.0799950010794373
0.212123825756986 -0.197330312802328 -0.0505399960995604 0.11172196690402
0.302575931385318 -0.138707255432903 -0.11492680518423 0.109145802252244
0.344299460251129 -0.0175331140923762 -0.210651465611947 0.014924756232445
0.341549993774814 0.159698744674455 -0.200352863128686 -0.109495046884263
0.271782847185094 0.332901242320748 -0.138325886313164 -0.199523929904831
0.202857251614605 0.373855423741218 0.0607092590200173 -0.184601630392864
0.179341914944142 0.229418714860819 -0.123602312760648 -0.0447521067296199
0.222161198234476 0.205388206272056 0.0689146468735553 0.429994453250263
0.263711355016625 0.157596596362043 0.356991795801303 0.0923330480500095
0.35150502156601 -0.020558301928417 0.108918671389918 -0.0734059742847648
0.287856106063153 -0.184752830357255 0.0828865630825137 0.0739411973480362
0.170826574531863 -0.230240119200209 0.190090265234654 0.0513674800695868
0.0935120208532702 -0.210371612086588 0.177778317824223 -0.0231289206462636
0.103202374329866 -0.199371100974511 0.0961888160893492 -0.0453436093169487
0.116051796420862 -0.184500905357699 0.0423839408773038 0.00445971517661617
0.180668573803657 -0.200890146452015 -0.00176631433661908 0.0333748620336431
0.286345363544864 -0.156266145123235 -0.0553445162950681 0.0399562764358276
0.36671563301314 -0.0129617085506127 -0.156188036852293 -0.0296773678529644
0.311690527180447 0.2152896019276 -0.171537327410133 -0.163380479823638
0.192088373228014 0.325095091098438 -0.127143736579079 -0.29788159470553
0.176344107960237 0.279158707722343 0.0479102759876196 -0.307837562594832
0.191875752658333 0.108997062540703 -0.179424547851931 -0.144013151070563
0.153032489513156 0.11779175459819 0.0671651209557911 0.312419417244481
0.20348038830696 0.151077399818511 0.317896575941152 0.0147396720715431
0.343413607168302 -0.021684352838819 0.137110648292138 -0.0837231982148491
0.263234334434207 -0.217178530152858 0.162697048139033 0.000619734886286993
0.123616046008057 -0.242640922288391 0.233346656010094 -0.0616472586187872
0.043989110772758 -0.201378450152152 0.194025210766489 -0.12079922331361
0.0483669446847464 -0.180590559830717 0.121254491949508 -0.115593775093877
0.0594068256504268 -0.161015141687968 0.0710841653159338 -0.060443402315493
0.120028311165043 -0.181265849484516 0.0303587013802113 -0.0351032656516849
0.2268947204675 -0.155359326720637 -0.00298634377255191 -0.0299124792489755
0.330639194232409 -5.31985016408391E-05 -0.0818163895072892 -0.0731792212885922
0.218096200946105 0.234228976675607 -0.114271737320256 -0.19749201026694
0.0849850808302602 0.246689134385423 -0.0912958612761331 -0.37603100310784
0.147046631860348 0.138630885450368 0.0563428810958986 -0.404179981943937
0.138687184806926 -0.0256268177394382 -0.228132909717839 -0.202905912653458
0.0292935800831159 0.0505420005360941 0.0542858140718965 0.188651335376922
0.110113989225465 0.155432926163178 0.242097886649265 -0.0413233044578197
0.280895526691495 -0.0136358231858458 0.154116754348156 -0.0678331725057929
0.185088126628682 -0.201367406978695 0.224244848961564 -0.0651687311369654
0.0529479966086474 -0.197129830790001 0.251335192931976 -0.163497360409238
-0.012484983196445 -0.152049416036894 0.191165850202493 -0.205948685566803
-0.0148192092984756 -0.134424393219849 0.128178935351589 -0.171665012331978
-0.00590789811760455 -0.121686522435577 0.0794033282835861 -0.110721987028007
0.0481467059938481 -0.152660747061353 0.0431054960398665 -0.0916042481160405
0.155117573888562 -0.150479567399788 0.0366089593309659 -0.0900240638856826
0.26486582967033 0.00953384941382252 -0.00101956988848243 -0.0982063918882845
0.0984542993736425 0.20965512738458 -0.049531818766539 -0.19919359359134
-0.0126113611584159 0.107633963118752 -0.0455878624452072 -0.424003008429025
0.131657035716063 -0.02480657238519 0.0760129393410195 -0.460486705296057
0.0476920210126896 -0.150685761163072 -0.250354762690285 -0.219690912455229
-0.0964133080309686 -0.00297512666963191 0.0363347384038263 0.0883280885508537
0.0144955689609786 0.139817016315607 0.172057227461358 -0.0540470167803837
0.174884888850341 -0.00932591286206424 0.177793407473626 -0.0440407505706596
0.0730298409593636 -0.146805727902 0.257342154152961 -0.117038695677157
-0.0268578094973208 -0.110309329916841 0.23807806367192 -0.22962943294956
-0.0678255208810383 -0.0719586632998099 0.169408464654232 -0.256852484237276
-0.0759206277046119 -0.065958506557415 0.1150005146215 -0.204745720396042
-0.0684200913684777 -0.0728997145983024 0.0636269221603349 -0.145525745539672
-0.0205398501414567 -0.121491501323428 0.0369065238396386 -0.139747060765781
0.0866365915958545 -0.139796502986529 0.0663790486961389 -0.14285749516326
0.187409336118957 0.0115489539342465 0.0667409107574183 -0.103352096690874
-0.012591993773178 0.136982602483335 -0.0150334485975263 -0.175578861602827
-0.0636802629469777 -0.0661409312868032 -0.0177269606630846 -0.450242762229195
0.132320373985236 -0.178255299927422 0.0954510127591162 -0.468925441356314
-0.0764919681374024 0.278929937892971 -0.121861986314902 0.449792232849905
0.111994358213745 0.169491311916676 0.060672560090483 0.546279664816577
0.0765300181505274 -0.024013378314634 0.0838843421956984 0.162949347234274
-0.0705816639648177 0.00653045103046571 -0.105609136905035 0.0801698125946984
-0.00535640095286399 0.116959609481837 -0.100794625958659 0.1979746210356
0.0857497122245028 0.0679302539598725 0.00485946304795483 0.201507451166644
0.108213627996138 0.00947549224982851 0.00377938352047349 0.157248103166651
0.128432944482223 -0.0140684959786546 -0.0860666856888758 0.186214894073107
0.126334514353719 -0.0102665013441839 -0.138441268929795 0.266723726575979
0.10251383330233 0.0217153576810971 -0.204816368019572 0.267287550940518
0.0467726734319922 0.0691801012667957 -0.251770625652758 0.181260647857616
-0.0552336674962671 0.00432676883246372 -0.225046241485103 0.0561410737272383
0.0918344202027868 -0.111667161419136 -0.163175737878771 0.0448277344988939
0.219572796285077 0.0866032101087782 -0.123099134245483 0.00385725527294199
0.0792363281609533 0.326005152286009 0.183201531241671 0.12293988300958
-0.0461728362741825 0.340571799473012 -0.103243354923214 0.356811714502109
0.133322230257712 0.276771849140035 0.0574105220837061 0.584863738509444
0.148604204191152 0.0782779043165028 0.171115173310548 0.17506225089115
0.0502248846492733 0.0110567520641312 -0.0870918828977203 0.042092004128695
0.0756666669469599 0.06044436639019 -0.101071637088549 0.214900958413918
0.131434962646806 0.00189677229689689 0.0401479921298248 0.22370863370712
0.133905903675592 -0.0595710934131487 0.0543284695070462 0.155123031265668
0.151643848921766 -0.0941086357322046 -0.0406739647763912 0.156056141505065
0.157304720107979 -0.0981685846697952 -0.0935027117252269 0.229781250806685
0.167060219939755 -0.0852388520759781 -0.155463877611003 0.248074633390324
0.172527736865259 -0.0212807901997196 -0.221178915742403 0.193600559604909
0.111006157245626 -0.00287398253634099 -0.24478203286067 0.0604033011859119
0.206502850829411 -0.020528924538201 -0.182068642664917 0.000390420385013822
0.28726523215157 0.188099041499046 -0.118685188600763 -0.027642061657682
0.168989690616478 0.395200614833102 0.143216044667484 0.0491040134295871
0.02595681101628 0.354613465001982 -0.0846060231913776 0.228864166560587
0.178233423662108 0.318294845564095 0.064358781892889 0.583755478498288
0.220460163435393 0.150068695891488 0.272103332434477 0.183439148523035
0.187788200897363 0.00856468101731672 -0.023367756652131 0.0018472092395749
0.172814267407412 -0.0244121782348881 -0.0646094338250803 0.198227188467578
0.167792435846052 -0.0859968209278776 0.085996073728544 0.208926129973365
0.140128307312719 -0.130582699078049 0.105720529666965 0.124660246377954
0.155176601583349 -0.158409489615485 0.00996483615850118 0.100336624290774
0.16683062531283 -0.162623046436519 -0.0455140843323753 0.162586566090097
0.206797962363421 -0.167867055310402 -0.100899013083291 0.192849048060887
0.265188212048482 -0.101381316574973 -0.172414830663882 0.169813714515539
0.25947023210241 -0.018801693423186 -0.243166215115244 0.0522177997335876
0.306471887768486 0.0731850549102547 -0.204247052899321 -0.0495698962229874
0.315054471122708 0.279749720823448 -0.132173431744346 -0.103015850903291
0.214988786438448 0.415818807326347 0.0970544929365579 -0.0621017230981353
0.120232806530871 0.319528779675533 -0.0888760270596752 0.089278506384306
0.230253992732416 0.285984771707999 0.0785390745933152 0.532307810277414
0.275280779428323 0.168607586274038 0.349899887963696 0.153054288085096
0.304073003582351 -0.0114763469136823 0.0516733525402647 -0.0405908432284364
0.255378936187129 -0.121829385473059 0.00441172377735812 0.149508581651246
0.183452786768652 -0.178624386922299 0.1422213647793 0.145889904624841
0.124980939368515 -0.189228359652379 0.149838023223414 0.0604928010025089
0.138290405678137 -0.199155214830409 0.0577895045227303 0.0273692936251738
0.152755870520014 -0.193948930070605 0.00301500729354512 0.0820484574911147
0.211660782590278 -0.2107422579103 -0.0467023390878108 0.114589330810372
0.305966450197059 -0.153627115272933 -0.113525147206931 0.113962784289873
0.35385781347017 -0.0293640365439 -0.214913368239841 0.0216782986667881
0.355965606494218 0.155111658714248 -0.208079057884593 -0.107090731662321
0.292811651907634 0.336843033273778 -0.146428707508341 -0.203139539919036
0.215265692844257 0.378651184285135 0.0590683651625077 -0.19274123716579
0.187941568488361 0.232633289001775 -0.130086828496604 -0.0421082259915338
0.235317438117574 0.204015385109057 0.0833242837994629 0.440701972218173
0.275901206960385 0.156985973355367 0.371208037724213 0.0848395935145054
0.362726936005401 -0.0332339983335248 0.107560033577265 -0.0754806056643092
0.288563131426338 -0.200426537859243 0.0897604152239384 0.0763506650864429
0.166978062251854 -0.243700612234529 0.198820511284436 0.0443412880291002
0.0898341747281571 -0.219271797697194 0.182464529585204 -0.0303093359124201
0.100141483880258 -0.208256339939815 0.0977205002282326 -0.0505487023659071
0.114032619992126 -0.192965767647214 0.0453985430407835 0.00143965806273429
0.17924006309325 -0.21340321842417 0.000142762287699477 0.0330158598101228
0.288402001995756 -0.171017543899517 -0.0547009698347289 0.0408026043327934
0.376194587011226 -0.0252235698459888 -0.158848557341615 -0.0273059945997278
0.327357958742091 0.212789173165292 -0.179414165937625 -0.163786406563211
0.210442550584606 0.330260808914582 -0.139024502197387 -0.304802397102423
0.185966024735245 0.281897377485457 0.0428165512648949 -0.319061760110847
0.197178463512497 0.108219367920968 -0.189791505694779 -0.142560375840189
0.161879946867224 0.116667664495587 0.0790824920992626 0.320852222681628
0.213445630791798 0.152459331828211 0.328810214217635 0.00521472135853072
0.352587113628298 -0.035232394519704 0.136378395475181 -0.087356072076601
0.261714702188622 -0.233840613665121 0.170698231789539 -0.00349177028621726
0.118971291367148 -0.25452853210318 0.239173888040858 -0.0733213315563294
0.0396670434695976 -0.208080379221443 0.197100827158056 -0.130060872400061
0.0446009088415934 -0.187489879137511 0.122167689656339 -0.123682437527316
0.0561181816683589 -0.166366435761103 0.0739631409988412 -0.0648706751977671
0.116445973283806 -0.190313659515602 0.0311004561734234 -0.0386356308440683
0.226541046488558 -0.16855867083888 -0.00330208079547661 -0.0321551996188146
0.3385622451255 -0.0115927396725435 -0.0826224228200398 -0.07425951470445
0.232443599220466 0.236738579895321 -0.119453678392208 -0.200977049303704
0.0956454997150221 0.253036313152501 -0.103730575025965 -0.385328063946327
0.152026639789908 0.137365442853626 0.0482737663981802 -0.417894596990743
0.13997181187849 -0.0294511112162763 -0.241595213070618 -0.201560643564351
0.0316915141714724 0.0509476932213742 0.0628941507480047 0.193231234170706
0.118722559632271 0.158219599564244 0.247054786275759 -0.050024252273223
0.289224647139474 -0.0242645168284836 0.154931902513054 -0.071950741070262
0.181930728315691 -0.215017928595204 0.231246983637239 -0.073758724885927
0.0474851134975543 -0.205803587014615 0.253932698503993 -0.17830389282781
-0.0172232829367856 -0.154701635778099 0.191662560198591 -0.217261101058395
-0.0196592976464632 -0.137179630369449 0.127945424046992 -0.181229491275465
-0.0102163718362219 -0.12344217290919 0.0797946841293397 -0.116070276596714
0.0434145273087503 -0.158222303617612 0.041787461396627 -0.0962487111382696
0.152424408254195 -0.160474408377218 0.0355285707151199 -0.0954536555447704
0.272387503348961 -0.000734609751509933 -7.15206102412873E-05 -0.103274356017887
0.10925612348275 0.215096532439454 -0.0533419029213209 -0.204843967685797
-0.0103170366930052 0.113309257160078 -0.0572212068531097 -0.433942276590731
0.131359954868034 -0.0299040056774509 0.0672915907423635 -0.475728425650027
0.0438497195096376 -0.155281856188273 -0.263924317403063 -0.218558857005873
-0.0994447236416083 0.000257820294005757 0.0406797562862632 0.0902332010589989
0.0202013058704103 0.145120869961745 0.172926576387601 -0.0616315354992458
0.179749678492519 -0.0177622062831626 0.180730351716548 -0.0491951135504317
0.0683698738188731 -0.155397145529282 0.263229141138826 -0.129117404018008
-0.0309642524824761 -0.112752678025602 0.237855040649839 -0.244760858118881
-0.0717196674256948 -0.06956453192766 0.16698429600851 -0.267995180187838
-0.0803371750567959 -0.0643414103326449 0.112698019495916 -0.213883900890491
-0.0728665971196486 -0.0707120091623887 0.0624241142452189 -0.150383175342025
-0.026225382684995 -0.12328247377879 0.0326822284956136 -0.145810391383338
0.0827687533721697 -0.147029292469739 0.0625467855433438 -0.150799357106097
0.193132121191656 0.0042941944261184 0.0693231330775955 -0.110044178737239
-0.00769062104919845 0.14430370586258 -0.0166586231885173 -0.181854771050757
-0.0681565565162807 -0.0646622708696451 -0.0303632283048619 -0.464134785628386
0.129240780759042 -0.187412364150638 0.0875906782248893 -0.486823104620366
-0.0645437699540845 0.287286354679252 -0.105141199744947 0.463888403178149
0.122669548289984 0.165662103388492 0.0862272588690328 0.548526876757645
0.0743587215695607 -0.0296302418382663 0.0906111089657298 0.160907655941693
-0.0721756418150456 0.0121542094838477 -0.104952363361267 0.089611327364795
0.00261758330310214 0.120016735048556 -0.0913782125566302 0.211020969875225
0.0908189237876157 0.0630678499885684 0.0179638391987187 0.202063337350753
0.110759790441308 0.00326093261418003 0.0103340976513316 0.15595546730819
0.130160764681395 -0.0221677464772257 -0.0784582994306961 0.193964834426746
0.128437921090378 -0.0196771987958672 -0.125919509754366 0.278167956079292
0.106130329420947 0.0154137736146783 -0.192016873749682 0.282174224374605
0.052265267399239 0.0671907154516407 -0.246699585530781 0.196010824216362
-0.0546953297004096 0.00905553505727219 -0.226536351762813 0.0688325068594524
0.0856054337094656 -0.118911076748403 -0.161407257415524 0.0545754184762145
0.228819571799936 0.0760960890133842 -0.123183354549111 0.010468041949495
0.0987329229888398 0.32685819277268 0.188935777521923 0.113092456662193
-0.0319244565444281 0.349079590752483 -0.0904598453889641 0.36768485018708
0.149746718975184 0.2740356813064 0.0860135230207492 0.589715302299481
0.152843466529346 0.0714768452859934 0.180609269159346 0.169483012327252
0.0503975550694667 0.00995213653608347 -0.0885826734474414 0.0502027600136507
0.0806897629323741 0.0587717126920395 -0.0897303452487766 0.227845296421321
0.132375764163725 -0.00499547617482121 0.0550557226563052 0.222424035430069
0.13258884836061 -0.0672300858328262 0.062761336152213 0.150482640628302
0.15013179239009 -0.104070112722657 -0.0346778928277879 0.160113483696503
0.155555289318646 -0.110139799263379 -0.082102177185219 0.237651362167269
0.165585326114138 -0.0970221176519335 -0.142741571074746 0.259471378587671
0.174029577559963 -0.0313276331614584 -0.21399726482796 0.207048306269477
0.113118014343067 -0.00774667578295746 -0.245791711174096 0.0732745524388145
0.207082896203086 -0.032567255289316 -0.183282445412224 0.0111325707797003
0.303019787165082 0.175902819328037 -0.120227473368565 -0.0227097340012359
0.190993414795653 0.392213580517653 0.145606251928479 0.039693516911779
0.0406989249813519 0.360783884498973 -0.0777214306654939 0.237563082719651
0.19586992155479 0.313728763217367 0.0949004674363154 0.588287937214947
0.229360220108454 0.142242358145409 0.286230879277265 0.172183595478881
0.189977734406451 -0.000125889587873293 -0.0266747898277728 0.00582183636900895
0.173569540464627 -0.0326374683195877 -0.0528133344905029 0.208862989433969
0.164271639820192 -0.0964817312417269 0.100067938363219 0.204304177760712
0.13569949706471 -0.139556483059387 0.113472198872575 0.117176584288662
0.15052780710107 -0.169366042377032 0.0141161350932181 0.100439356744943
0.161821430964073 -0.174775309196867 -0.0362907194431719 0.167202291012128
0.20025371537353 -0.182056980509135 -0.090726953498332 0.19894102033591
0.263086350402067 -0.11764092747104 -0.165791558562197 0.180180773699715
0.261571673400587 -0.0315706962937797 -0.243622548981184 0.0643909312302481
0.313822960906314 0.0588514989690518 -0.207844478746535 -0.0396671913449702
0.337031200934773 0.269059992405322 -0.137975758126391 -0.0989925776025315
0.236362904252904 0.409217828024423 0.0946369955902224 -0.0685158382161029
0.132769868642598 0.319824373252568 -0.0897653127282246 0.0957176377756673
0.248415910045482 0.278039710164704 0.105261707389253 0.53583007965482
0.286773089883209 0.159740359847836 0.364554674854975 0.138181087655365
0.306826059240782 -0.0276074228688763 0.0472598197161772 -0.0405431634785332
0.250911466200387 -0.137301892884076 0.0150957574906591 0.155113040968003
0.175075513014168 -0.191525313628332 0.153317064908386 0.138310311951659
0.118133163845395 -0.197793756352554 0.155998205200104 0.0511561621152887
0.130811855308395 -0.209593224479937 0.0599166219320416 0.0242676951618893
0.145236984914848 -0.204893066273784 0.00840558211770433 0.0825882790060026
0.201707593611396 -0.225636263680636 -0.0393377730267471 0.117500558116257
0.30092382824203 -0.173261244249448 -0.108195457964419 0.120054311114052
0.356571951977726 -0.0491093246866699 -0.214694407209625 0.030384893750699
0.368244822596982 0.138873160066775 -0.215447068179027 -0.0982326959780953
0.315649101855996 0.326645620998691 -0.157351370660809 -0.199946723203947
0.234026533435792 0.37184582982833 0.0518648859760816 -0.198600840233782
0.199148186739012 0.228847012571421 -0.136536478837391 -0.035490126111837
0.249898128233219 0.194324941125299 0.106906868274049 0.44362303725801
0.287022804604997 0.148418700868551 0.382713899550964 0.0659626198349912
0.363870288007099 -0.0522217288602756 0.10173020041923 -0.0784509471906295
0.280438356011892 -0.219855506514915 0.0981192744193697 0.074863106450245
0.155462173190305 -0.25671757239444 0.204702020932355 0.0323042205373835
0.0808923106589185 -0.225538231564778 0.184768951283297 -0.0414584152686158
0.0917343306163563 -0.216997122648705 0.0969481427370374 -0.0585470282920437
0.10616217066756 -0.200422158494394 0.0488327701531519 -0.00161857242170108
0.169245508146078 -0.225657243693217 0.00343749234716336 0.0309616155715774
0.281389277425057 -0.189414396109672 -0.0520355989479856 0.041673532049753
0.379225455366287 -0.0459188005912776 -0.158620508832588 -0.0209418495533372
0.343188171720987 0.199893792926887 -0.188039269932989 -0.157467314684679
0.232043488688163 0.325895985302508 -0.155036019689489 -0.303821444829157
0.197828688202648 0.276305965599169 0.0302384723531158 -0.324890108329219
0.2033576662006 0.101557256324347 -0.200986598658469 -0.13449051185389
0.170594020561779 0.109240268717419 0.0967292791439544 0.322276894743699
0.224938976890682 0.145361000887695 0.333795917653067 -0.0124007794412419
0.357666626431688 -0.0548976786628183 0.131952622007265 -0.0919968356717066
0.251428178211045 -0.253023891937444 0.176245512949565 -0.0108092324100587
0.105354855065535 -0.265411474231414 0.239260259173411 -0.0887431779053627
0.0301787585561263 -0.211447084229563 0.194784470586594 -0.142298691978671
0.0357194296000418 -0.191823842782293 0.118658389968721 -0.132966990002984
0.049267014681191 -0.169527284250777 0.0726981157143636 -0.0704296484953994
0.106460620481669 -0.199006334312259 0.0304301072384569 -0.0423221099644714
0.218467349823173 -0.183101871827019 -0.00400067370294752 -0.0345812902851712
0.340649740781231 -0.0298113635063526 -0.0831414610656699 -0.0732545576489184
0.247090517481286 0.22911366042167 -0.128885311443424 -0.199506642755269
0.110224266295173 0.252812075593903 -0.122937103691756 -0.38680552676566
0.156292899404758 0.130754564565316 0.0319270597148989 -0.424824493496395
0.13885698114872 -0.0357263701005261 -0.255657612155097 -0.1918217913893
0.034748708313025 0.0495933866319202 0.0743637197107 0.193630737495633
0.129893247909564 0.156099871617864 0.246741285033694 -0.0632959295625135
0.292349561647353 -0.0422985892413835 0.152399274381758 -0.0780477858039647
0.1707825880401 -0.229528961040378 0.234262628156627 -0.086905725594065
0.0361471186435411 -0.211932628604028 0.247940893361346 -0.195286504682401
-0.0247300496092038 -0.154032442535604 0.183122195138978 -0.22913242935493
-0.0273419619373095 -0.136982860445178 0.121598096266993 -0.190629840191156
-0.0163492141831031 -0.12216036416367 0.0774818123226885 -0.122046096179651
0.0340334597812635 -0.162015976124933 0.0371221697282684 -0.100618414945787
0.143646929843054 -0.170122154024416 0.0313507999090256 -0.0999389104570336
0.274740714127884 -0.0169279337890249 -0.00133715567845984 -0.107097053066085
0.122734073226471 0.213711492889262 -0.0614833077731972 -0.206395519440313
-0.0048292599459186 0.115593012291507 -0.0794442300617828 -0.437105216141082
0.128020009858452 -0.0380413728245895 0.0470514391110861 -0.484718743931117
0.0360323831817227 -0.158767476331934 -0.278672237659598 -0.207703316298281
-0.101533931465111 0.00610090887382451 0.0470236871106602 0.0903923104557126
0.0300056617249735 0.146777645831651 0.170112212729097 -0.0706168150424662
0.181649683414102 -0.0291620634842911 0.180249480810621 -0.0562224916740767
0.0587948569980366 -0.161947402671851 0.262278313342612 -0.144920100741579
-0.0372412124423628 -0.11363979416713 0.228234569121339 -0.261214317922136
-0.0754205233582309 -0.0646880772285052 0.155844427549297 -0.279463091419795
-0.0845745527603101 -0.059270846313432 0.104673075115684 -0.223248542913684
-0.0773135987956152 -0.0658814524016224 0.0568206132274821 -0.154467495747302
-0.0338935761856067 -0.12346702669464 0.0239792528835516 -0.14913700495658
0.074498666665383 -0.153376054270077 0.0550680108149001 -0.157130179561928
0.195661457211627 -0.00797712144153078 0.068702287244468 -0.11722783003573
0.00124446861266509 0.148543149066335 -0.0223171991411207 -0.184489233274677
-0.0737428637995119 -0.0611476962641456 -0.0543725146396204 -0.467370792382047
0.120564967442697 -0.19797897175533 0.0665381127606034 -0.49741747881561
-0.0491735761617299 0.288701581397065 -0.0844865815412781 0.466100237044435
0.13071468104017 0.157646425113755 0.108711988414802 0.537506032103648
0.0705477295534251 -0.0338206325707153 0.0956186825103824 0.154998855601008
-0.0705901264684839 0.0170035594076446 -0.101072598884681 0.0975384699762538
0.0112629815547103 0.119447564786858 -0.0784611892727237 0.218225490845015
0.0937644430086712 0.0573965932033076 0.0308211081195075 0.197153753023627
0.110213496490749 -0.00308723746484233 0.0168870036127316 0.149971951567008
0.12791872686761 -0.0303206626227771 -0.0692896897598175 0.196280732021338
0.126851378695029 -0.0290769032396374 -0.109334441827452 0.282675659452879
0.106622749713323 0.00869668817734881 -0.173628329657696 0.290061076938389
0.0568402184952803 0.0631651482590047 -0.234789781726735 0.207814469178637
-0.0530373156389229 0.013354764724843 -0.222773444833921 0.0804999036974122
0.0764990519722671 -0.122769933631639 -0.155029444881851 0.0632276196872072
0.23141199203499 0.0631768214906546 -0.120475458972928 0.0168006253884433
0.116872727592301 0.31781389544094 0.190051518736024 0.0999659846639016
-0.0156720515727034 0.348734880298257 -0.0750025246591935 0.369595037462128
0.162949546760239 0.263396125226222 0.112468972488016 0.578851857140264
0.153992115329509 0.0633015456531411 0.187405545628385 0.158218790884683
0.0488932581419533 0.00897668396342561 -0.0873995872069467 0.0576302981233493
0.0842451066142031 0.0546306430274691 -0.0747495982955937 0.234945223870414
0.130895610510378 -0.0121740796249473 0.0687017422108585 0.214485632540809
0.128565885771206 -0.0737527741714382 0.069549530191081 0.142049343180103
0.14375721586085 -0.11243744383666 -0.0273417275542148 0.160424386369535
0.149404524768079 -0.119287904957914 -0.0680659156921937 0.239725365026649
0.159423118510689 -0.105821868402778 -0.127214846385036 0.263446502716037
0.172034226628643 -0.0412515038045568 -0.201281759620942 0.215367818200705
0.112469503836246 -0.0123767945367431 -0.24037219726457 0.0850871348887613
0.202488027158854 -0.0426745686461423 -0.178674390765271 0.0211300393420379
0.311238003318396 0.158137726995637 -0.119109014847507 -0.0169030544264365
0.210332553251215 0.377581242223503 0.144055522059892 0.0304682188367255
0.0564244457704428 0.356848643659989 -0.0692272169967791 0.239535469128362
0.211861201318175 0.29988522692524 0.12096535649735 0.578742107681734
0.233272158265349 0.13086995519176 0.293465519140299 0.154850704792716
0.187121355966509 -0.00892728098761689 -0.0294353289537293 0.0102929071620316
0.170465598887094 -0.0405712561727246 -0.0390072574946139 0.213892714177339
0.157134826616801 -0.103596113709501 0.111899844141628 0.194704375814868
0.128272058067552 -0.145077379168136 0.118557622234108 0.107368346636316
0.140732041818095 -0.177664809787667 0.0180644966796282 0.099040551212732
0.15224730516578 -0.182843944201176 -0.0264389777588919 0.166763331060903
0.188926054173995 -0.191806475976547 -0.0785824509206576 0.200951220911731
0.255127674257217 -0.132396432318589 -0.155252602385187 0.185891284607858
0.258563709685164 -0.044867616128336 -0.237160703506203 0.0758411947059448
0.312564350057027 0.042208481926307 -0.207326034019678 -0.0278625743616932
0.349806574770035 0.249384033978957 -0.14059902274095 -0.0920707359991641
0.253435486653843 0.39355410611147 0.0898761076448189 -0.0745760123517305
0.146357969906388 0.312634665852544 -0.0866354227572072 0.0992934191000763
0.261230316712929 0.261950978347125 0.131291390317623 0.527723582760695
0.292259740676839 0.145397142634174 0.370197842803161 0.116821708164219
0.302400829616377 -0.0428626126022274 0.0413591585567639 -0.0391558035886487
0.240084276216704 -0.148846619720967 0.0267405999922722 0.155517141848473
0.162291584506488 -0.198476216949412 0.160137249736394 0.126333250255789
0.107169288696933 -0.201703925585471 0.157452610773107 0.0405607138663741
0.119400937450474 -0.216006330393654 0.0598333732018895 0.0199872963726667
0.134220896805102 -0.210803232290735 0.0143257472851095 0.0800005758046691
0.188294506814203 -0.234919620189423 -0.0320795913748897 0.115500880845999
0.288842719011781 -0.188113359628763 -0.100376795677643 0.122644977566137
0.350607510013799 -0.0672979500119589 -0.209017513103904 0.0402356817364596
0.371052116735304 0.119618794959317 -0.216929062271702 -0.0869890197330756
0.331803435802564 0.307379114401049 -0.16517714397617 -0.19146615486423
0.245684253770865 0.357306904915811 0.0422517160825446 -0.199698215643252
0.206594333995543 0.218814530536367 -0.139743880252645 -0.0281570258698615
0.257150525163215 0.179334152175673 0.129946451105952 0.433885664669755
0.29296119680068 0.13427133896224 0.384224289334212 0.0433085142673198
0.359666728182081 -0.0711467916614829 0.0947610242240723 -0.0791803345702725
0.26417537790066 -0.234253080741646 0.105675785562477 0.0719962290826982
0.139169001973173 -0.262950748462173 0.204473596258773 0.019458196556959
0.0693966223691028 -0.227859083478901 0.18237995328121 -0.0519052535528981
0.079870375500646 -0.220222254750127 0.0930571815190237 -0.0635242542916393
0.0955297756686734 -0.20361960374954 0.0493967467950782 -0.00470555116401181
0.153980752848434 -0.232746535384319 0.00554766091218245 0.0284060801105451
0.266989655021668 -0.203310389922571 -0.048415451506867 0.0419742423615417
0.371381691213377 -0.0659234497667402 -0.15560787805436 -0.0154337134994763
0.349975771147434 0.182439112205504 -0.1931496831151 -0.148065408971325
0.247801223328633 0.310338911202849 -0.168398572176871 -0.293263115303613
0.20520819854765 0.263533649541343 0.015805253497408 -0.323801618126677
0.204368688453971 0.0915934204003711 -0.208555514054049 -0.122132408883886
0.174091201876746 0.0985894745106042 0.113187975676534 0.316092976950546
0.231765499201556 0.134744115341202 0.330882124686811 -0.0306291056272394
0.350559206324698 -0.074720544156892 0.124108920834339 -0.0942454945157821
0.232612257389435 -0.265465252666583 0.177672534488116 -0.0188106212739741
0.0889268819639027 -0.269509930205509 0.232769003427298 -0.102045884703079
0.0194617091044587 -0.210844599190607 0.186853496731713 -0.151294399207398
0.0244686390544105 -0.192119529667811 0.110518320541689 -0.138507914175373
0.0397444743031097 -0.169390748827597 0.0705908573610183 -0.0745127299127899
0.0933973865420519 -0.201927135527809 0.0278007708232718 -0.0446594538313557
0.204448855876052 -0.193164427130218 -0.00553649404092852 -0.0358788459805074
0.334385199634435 -0.0490187677143378 -0.0823689460184471 -0.0711973173247966
0.257373428090853 0.214711450227973 -0.136127750877849 -0.192269109355625
0.122405469736964 0.24491121619309 -0.140822197140284 -0.376649781688889
0.156319204567425 0.121194777264871 0.0129895715370311 -0.422766987145451
0.133748886883816 -0.0420132414642413 -0.26408630256684 -0.175349860334239
0.0366874610836971 0.0470572611275007 0.0847827719872865 0.189385822436047
0.138133199779891 0.149222918857481 0.239670031443972 -0.0762898272784588
0.287691764169878 -0.0587547386436579 0.145287604327382 -0.0811516644453003
0.153904003505863 -0.237501529329046 0.230344702803512 -0.0982425064572569
0.0230986970606105 -0.213019381286385 0.235652435752001 -0.207123829208691
-0.0316660298994102 -0.150934944084838 0.17104482242666 -0.236756831724276
-0.0342787777352916 -0.133141924008434 0.111084144983526 -0.196308224721616
-0.0226656939855088 -0.118358939894561 0.072398691853516 -0.12498257848678
0.0239506129943113 -0.161500887995679 0.031390376268988 -0.101752209711272
0.130554170020282 -0.176667054196185 0.0259387148005267 -0.101189691615185
0.269578035353029 -0.0327145339589442 -0.00258064461950513 -0.108373635993079
0.133278636516745 0.20687237402224 -0.0691178341649331 -0.202558760328148
0.000407747985701663 0.11591677671821 -0.100251652481538 -0.428298964396355
0.121293303259778 -0.0449556838505159 0.0252821518725297 -0.483236582423303
0.0263969958526287 -0.158917433171392 -0.2869934639183 -0.190499443989088
-0.100345940940339 0.0117316503099489 0.0525407457585772 0.0878260742277051
0.0391686959180324 0.145055185686915 0.162001911514089 -0.0782959378720334
0.177838725388849 -0.0404278213778087 0.174812362789475 -0.0624731389000762
0.0463282771045833 -0.165206201099441 0.253897126299421 -0.1579872630364
-0.0441750842813458 -0.110509683766654 0.21229437079499 -0.270879393987686
-0.0768318042362786 -0.0586330648435406 0.141115944179448 -0.283440463780542
-0.0874744280330941 -0.0526093921703155 0.0930253902219765 -0.22674110601373
-0.0796924579602008 -0.0587756327931313 0.0508215270376702 -0.155921293840958
-0.041122924781897 -0.119496373826675 0.0148716715947127 -0.148063557096965
0.0639943602643339 -0.15605256862377 0.0458137022910539 -0.158790308053294
0.193298860230466 -0.020436892923351 0.0652979884962202 -0.122700896049665
0.0110492116146658 0.148352452641876 -0.0282157046375093 -0.182289738830278
-0.0766860674017385 -0.0559661695249841 -0.076288884143266 -0.458564946097799
0.106389104901145 -0.203097868124871 0.044844716100913 -0.496220419087276
-0.0375096372544507 0.284408957054032 -0.0686856191522986 0.459323153107355
0.133721489181878 0.149489085908101 0.122324706660699 0.519454835776245
0.0660602386403003 -0.0370750005968362 0.0960505553079538 0.147943972547048
-0.0687874852940799 0.0200447528963189 -0.0963121915465136 0.100786138476176
0.0171620426854878 0.116219131626685 -0.065121800340013 0.220508734611979
0.0937150893035275 0.0520223233115058 0.0385154100261315 0.189096103553211
0.107557641108642 -0.00738606294914736 0.0197765026470844 0.14283797144584
0.124711943450938 -0.0365052673457685 -0.0625459128153007 0.195449381554379
0.123321688788101 -0.0350439381817532 -0.0952576214987612 0.2800797343171
0.105325402347524 0.00372816767984546 -0.158164832341171 0.288837356537605
0.0595748947952127 0.0595090458354 -0.222829087375269 0.211015202632586
-0.0507545805038868 0.0160867550403828 -0.215290758898537 0.0873402037381203
0.0687243673101503 -0.123289250384223 -0.146666081847301 0.0675563288532794
0.229922108678413 0.0514631423386548 -0.115740109825486 0.0205394965020586
0.126941492010204 0.305663287428666 0.184774046374138 0.0890902263818794
-0.00331865277283507 0.342583333867954 -0.0652685266049246 0.363782595482298
0.169296113972231 0.251092561563354 0.126758670665446 0.560440712923374
0.150712586394666 0.0560441465317573 0.187366632889189 0.146743944562819
0.0474003350605856 0.00770807743562673 -0.0857375499437452 0.0619468579140712
0.0859974686206445 0.0514085004127364 -0.0610967864351185 0.236223095216614
0.127267032520225 -0.0163039257376971 0.0757772149120043 0.204594933759029
0.12387214406833 -0.0775344313747744 0.0706235089790329 0.133281938040257
0.137483456292306 -0.116585154969065 -0.0224714087538452 0.157948329274296
0.142797091306931 -0.124071206464097 -0.057869024331074 0.236108517312478
0.152451697034694 -0.109357184604082 -0.113167487592422 0.260749492104213
0.167600256861228 -0.0475906552476668 -0.18967062182183 0.21690077486651
0.109999572586744 -0.0149622077485947 -0.231790261305987 0.0923697208430901
0.194091225099733 -0.0483929116556598 -0.172221089001101 0.0274897880855685
0.310781289341324 0.142897077813481 -0.116220367676576 -0.0133037711209454
0.218076859016846 0.360752343437115 0.139291307101527 0.0238826039995778
0.066410525725136 0.34939608458751 -0.0633357393243363 0.236739584526704
0.217378303774201 0.284987586307645 0.135664864068293 0.559237382070159
0.232075326267295 0.120351888893374 0.292548107104721 0.139094855911161
0.181132856396386 -0.0150162941895952 -0.0307545953042356 0.0144601812724321
0.165873719424216 -0.0451523296972863 -0.0274310221782307 0.214026880410136
0.149072220675092 -0.107143501276516 0.117499781457503 0.183678954670379
0.121244701606645 -0.146101558212459 0.118903681424359 0.0976802225231825
0.132511791331637 -0.17933276492716 0.0205205589760602 0.0957163382669675
0.143167304444347 -0.185137905385475 -0.0192908100870683 0.163042603061871
0.177011973994182 -0.194043733417736 -0.0685351207065934 0.19695458666234
0.244444130127152 -0.139763671822456 -0.144585705247744 0.185775402726418
0.250673456215582 -0.0533338079313477 -0.228589892782501 0.0810983560946426
0.305897865544085 0.0315833349885542 -0.201372132722426 -0.0200244964632546
0.351748565737535 0.229693064317765 -0.139783173890929 -0.0854140316428707
0.258871485279979 0.375593878789314 0.0848080644974361 -0.0766054157678954
0.150695955761634 0.302747489990851 -0.0854787582970529 0.100421944693705
0.263029076164781 0.246298569573574 0.143494236355024 0.509488962950163
0.289667881579371 0.134527260624374 0.366079593421059 0.0984679477546097
0.293438246599386 -0.0523027048695403 0.0358638048942567 -0.0358040712611893
0.228919343837019 -0.153829847756911 0.0353760400225503 0.153743132836527
0.150625171286666 -0.200008662319691 0.161196000137572 0.11605514244273
0.0983647484257834 -0.200524784866556 0.155948824291702 0.0316650256296923
0.109533295309973 -0.215820986759089 0.0586112872755822 0.0172481340434765
0.12509716721751 -0.211259700729055 0.0174363034900077 0.0767420911075515
0.174276501075811 -0.235736270372908 -0.0270098054478725 0.111435342802431
0.27423169300859 -0.195474878717292 -0.0930321239352565 0.120929471827879
0.339322133087475 -0.0780900478634753 -0.200889008712979 0.0442218388750417
0.366953166223853 0.105553287699733 -0.213349424275039 -0.0776391820715404
0.334720658154709 0.287094167000918 -0.16691145510107 -0.182102111589918
0.249147734127127 0.340549364915878 0.0350436020372693 -0.197227045181319
0.206479271381524 0.208636248681188 -0.139591610094231 -0.0213348239744224
0.256387869021203 0.164557328509407 0.140250027567189 0.420645090883007
0.290743929279626 0.124192282942748 0.377548466171832 0.0271653702266403
0.347918719230902 -0.0819786853819507 0.0871445883532645 -0.0762230129336103
0.248470650688629 -0.237410579857565 0.109515084411487 0.0681989715686602
0.124506767703553 -0.261750215621708 0.200899525014891 0.010015244547739
0.0604749528030473 -0.22452351631554 0.177349642828197 -0.0579083649126589
0.0701667858883445 -0.218493636481075 0.088822620597789 -0.065850490983027
0.0876275365019026 -0.201786274313405 0.0487901152898443 -0.0081296049983357
0.141205966956753 -0.232048908747718 0.00724069871709189 0.0257894683968555
0.25194518397886 -0.208514605653479 -0.0451599174710167 0.0415026095760511
0.35841677525255 -0.0771038114617835 -0.149752397548623 -0.0126204839983227
0.348980148031611 0.167943496628679 -0.192342770073514 -0.138713450516515
0.25275646905748 0.294627360852953 -0.172936090869829 -0.282087996950481
0.203855564806375 0.250792544774579 0.0075959008624824 -0.316953163408308
0.200699867593053 0.0842013043304673 -0.208358033022663 -0.11056117551799
0.172128757537255 0.0889729691263994 0.122686764523069 0.304829485687142
0.231847924732368 0.126172280857062 0.32118099252421 -0.0429898879249201
0.340852934935129 -0.0856511059639635 0.115965125849379 -0.0918454221188459
0.213993450799215 -0.268898315189537 0.176322551881515 -0.0236681884425138
0.0748260732533254 -0.266119220489887 0.222959177692295 -0.108765810675688
0.013315641946786 -0.20599365933908 0.178599628362298 -0.154643161880079
0.0179876270105391 -0.188542025032873 0.104309961638314 -0.140594542570818
0.0344686886934956 -0.165747011016156 0.0677009892466107 -0.0763704108604761
0.0824764423164967 -0.199997994801815 0.0256099339204274 -0.0458479643461922
0.190697807519818 -0.195639136173512 -0.00586828437262544 -0.0359307321411363
0.322943944640173 -0.0607963760522002 -0.0796753404310684 -0.0701105299735958
0.259508136888227 0.202993857570729 -0.138049530671072 -0.184035100066336
0.127417319493923 0.235966555649105 -0.148823273224217 -0.362623813558741
0.151657360528389 0.113456244891611 0.00264007869867498 -0.413696693584602
0.127930111652693 -0.0441753037769073 -0.264089145866894 -0.161026380371786
0.0362642755219809 0.0442638083297228 0.0909775526676735 0.182659475463403
0.14159003091714 0.142976388609242 0.230359743199286 -0.083568341902881
0.279341880949436 -0.0693288813339972 0.137816255253939 -0.0801600638918639
0.138343830266229 -0.23855630861614 0.224027269461408 -0.10394442604901
0.0126443115173414 -0.209120282873418 0.221659115979748 -0.211715840021528
-0.0344520177410064 -0.145216319183866 0.160133071112417 -0.236213445475837
-0.0384533691092924 -0.12812591228871 0.102799616030624 -0.19618557943947
-0.0253407376027884 -0.113642024940233 0.0673994081933639 -0.124991878210298
0.0163228129649247 -0.157217206006188 0.0261497778288779 -0.0998283085681805
0.118785331312452 -0.176885573432739 0.0215542095581419 -0.101395417676286
0.261186258550453 -0.0430584160708086 -0.00291258623696384 -0.109090167314083
0.138809962124191 0.198881000820339 -0.0721218568767877 -0.195944085681239
0.0031188524401692 0.11410829556359 -0.110950371519933 -0.413326677614198
0.111715599241549 -0.0472577539300782 0.0129146858089163 -0.471938147358012
0.0194716677723128 -0.155829461029278 -0.285955155872248 -0.174303592332744
-0.0979518549158254 0.0149085599361359 0.0564365487493517 0.0837616077077388
0.045100006711053 0.140751821326093 0.153142377226293 -0.0810682929152922
0.17224431243834 -0.0478250069197201 0.167457626976439 -0.0633835974877975
0.0358307633546543 -0.162887583303693 0.243035815663889 -0.163493933554992
-0.0481765671984475 -0.106389132698019 0.196564149212621 -0.272741206139519
-0.0758179761710811 -0.0534973261468365 0.128403453256171 -0.281046254733444
-0.0874183472103924 -0.0469088201769775 0.0840803783336636 -0.225332452773297
-0.0794947508445783 -0.0536447504903014 0.0457770807259355 -0.153248297618856
-0.045243066274056 -0.114208254927302 0.00804988161491018 -0.143449192600711
0.0548387813380374 -0.155171971751523 0.0382809727604803 -0.157115839294849
0.187094603968924 -0.0286419693544928 0.0625427966606513 -0.124656476465713
0.0180003210141409 0.145861457281534 -0.0312709973720174 -0.177436150807621
-0.0776829390804277 -0.0508255100998932 -0.0882804199512796 -0.442415831447556
0.0944473860418286 -0.201395808364052 0.0295603212296108 -0.487135292523331
-0.162058563755978 0.243487701960409 -0.224137874081569 0.381723309587135
0.0551072967317906 0.188307097835379 -0.0998466065236689 0.507751680268863
0.0736793499363842 -0.00624510172540004 0.0211761071461612 0.167445093096021
-0.0692100011233584 -0.0109462982414655 -0.130871047919565 0.0582414644143633
-0.030899822879036 0.109175435252435 -0.141442453716022 0.175611876334177
0.0612285508885511 0.0837452843571935 -0.0365421389820284 0.181845498846926
0.0984478154110892 0.0370514541577096 -0.040274813412526 0.131625788558408
0.128057959769864 0.0162890106813951 -0.13671129012536 0.148397713135692
0.127297882413913 0.0173872067252644 -0.197849090386109 0.21293231256463
0.0952297268714732 0.0460167057880061 -0.259014983513842 0.196481582700562
0.0332314456314419 0.0798878963800485 -0.284651685406497 0.0962518550879527
-0.0522193432560846 -0.00104124146238593 -0.229986674587525 -0.0117945198524268
0.107843673632026 -0.0857641387628883 -0.151841820117202 0.00113443019278675
0.189358174543687 0.132675800439007 -0.111444510162989 -0.0163552039220384
0.00913764333891894 0.327142745581333 0.110656875759335 0.153483508668756
-0.159474474598681 0.311850487931573 -0.175367211924148 0.29250041043433
0.0408571304435619 0.2926258513131 -0.105436735389835 0.546231493960088
0.109736824904024 0.113581317272842 0.111884256485939 0.199175079065291
0.0369698062095565 0.0276720605180114 -0.104828950699781 0.0207097522579749
0.0561192975575911 0.0807756053653011 -0.146627262147224 0.185856506753056
0.11858110926654 0.037739425595364 -0.0111305379984057 0.207473601815069
0.141085369795128 -0.0174819278118954 0.00922071276016772 0.141914436465842
0.172305752307963 -0.0504397517240547 -0.0860038241665537 0.131502163271459
0.18009360601551 -0.0546492906516231 -0.143988988755735 0.189371218178223
0.181844512886475 -0.0377306841846211 -0.204678445495099 0.189111918711645
0.172240833101613 0.0247645551903424 -0.255637185803817 0.115519027104544
0.1051955258891 0.0337638891853841 -0.244190311201372 -0.0116834868807042
0.194477612370711 0.031805428301523 -0.158827340813208 -0.0419002392435145
0.227983774145661 0.24370725845076 -0.101597347016656 -0.0414233569890544
0.0691949237175095 0.410150744569835 0.0930652858861244 0.0795631282895074
-0.0999170007631843 0.349601547835402 -0.122049922154369 0.170920251177433
0.0673821442704328 0.342916487465707 -0.0948719017166794 0.547429485078389
0.154570773736456 0.206844181034265 0.215115088660712 0.230656413166152
0.16383150347219 0.0650534642850167 -0.0356322923693227 -0.00847397846571024
0.165486104212095 0.0293365293938105 -0.109889713418212 0.174808987155076
0.175257735950742 -0.0324113864312785 0.0308041352722382 0.202767838074614
0.166949015738452 -0.0793345166858356 0.0672291344939309 0.129931647363603
0.192754456632855 -0.109160458561356 -0.0223947977624929 0.0932786815538601
0.205261803929725 -0.109712060403447 -0.0792109693813184 0.138563283235566
0.236509908136162 -0.104063342548168 -0.137002694014271 0.149086198071079
0.276128771232059 -0.0289714036182313 -0.200729290346849 0.105441583632943
0.245976930713434 0.0546672497647716 -0.23350473162246 -0.0196723014374269
0.266121974042402 0.148304818534628 -0.166726470992804 -0.0935482875381259
0.231216767296535 0.338319455822302 -0.0966754987147618 -0.114215538416705
0.0968103552875624 0.437818032493757 0.0845296356983207 -0.0302884464767241
-0.00277914230546232 0.344933075543487 -0.0918740890217757 0.0326656397721345
0.125989392344331 0.328727235356997 -0.0663265001209322 0.504487198490387
0.200661000865641 0.244850664695452 0.301050459056927 0.221043551877855
0.277706589741056 0.080572572429214 0.045665336386876 -0.0333679539466577
0.265692013225768 -0.0393908717674828 -0.0336471964074252 0.141645798814722
0.213941465753377 -0.114110858466712 0.0944474222025635 0.158520723838121
0.169827128431588 -0.136541505202857 0.127223392547816 0.0860105242988335
0.186817274277445 -0.150421489697702 0.0447824356859767 0.0383923492620419
0.198381736990519 -0.140000970452143 -0.0101727812621358 0.0759739761900399
0.248555373849432 -0.143236354595568 -0.0638575280155229 0.0894374781822002
0.323263685820963 -0.069725061383807 -0.128519381436986 0.0684164367997948
0.335028719753725 0.0652708603395334 -0.190987767224578 -0.0406644650053563
0.294264086219927 0.23882137238183 -0.155023984963541 -0.14751943280486
0.192702842567754 0.383863212079753 -0.0856670719086154 -0.21099187538875
0.0994870791231257 0.399869652392202 0.0929314629163089 -0.158499445103117
0.0907984404798857 0.283612195707887 -0.101081581853186 -0.103500794192954
0.154095262906621 0.254524449347953 -0.0363996488014309 0.423469258338087
0.207088296210165 0.236213218643521 0.339562661556812 0.160884744413725
0.340035957897809 0.0766964269332033 0.10828546975212 -0.0527633697773424
0.317127941233881 -0.106427520835561 0.0639562804698505 0.0926906603666409
0.21621088595018 -0.179685458113017 0.169675050999633 0.0797077191120334
0.146510392657413 -0.172910706415247 0.183009704725752 0.0157903404174783
0.152265984414125 -0.168076658929559 0.105632789412487 -0.0231471734398293
0.160418215970368 -0.146096568779603 0.052049782282809 0.0133845200026275
0.215581643909446 -0.153385051364046 0.00089546060565432 0.0256554905953781
0.306525428533302 -0.0906873134316387 -0.0525274195654583 0.0161595126162366
0.351948469543529 0.0718591449513715 -0.121464930075082 -0.0704781465953576
0.250823575579962 0.288201332817288 -0.11205628067738 -0.193567802370583
0.114890880108086 0.357852385206262 -0.0528133903118651 -0.305314623957968
0.0883629170499254 0.299581796661695 0.123088133304179 -0.277683586752739
0.141750062061268 0.167827809018212 -0.138379079796432 -0.208234149544343
0.11134196894218 0.151011475910636 -0.00877400705964198 0.316086129228421
0.153599674864234 0.21306309653696 0.318347222526294 0.079076303117099
0.335291634138627 0.0698401974203314 0.140955098442251 -0.0533676791843167
0.298707394287826 -0.146443746649266 0.160511314766454 0.0377393407212174
0.174569719052091 -0.204386144233918 0.236930464360241 -0.0159837334869041
0.0964421904027351 -0.175633789644848 0.223413700620919 -0.0688214787168004
0.0914803125892919 -0.16239553869973 0.150693538107899 -0.0828604956354787
0.0975094862968298 -0.134903509968563 0.0955157583402872 -0.0406234119112839
0.14971036397774 -0.146447405705115 0.0455149417172737 -0.0307628881994054
0.245241788663187 -0.103632898021456 0.0126428728944911 -0.0361461141083176
0.311898930126477 0.0712313723161747 -0.0354151793901773 -0.0935529013105165
0.157311694297228 0.285953468729832 -0.0460558705563008 -0.212909956854985
0.0213493773647984 0.256911394625989 0.00224798828913988 -0.374359425154486
0.0903348310890491 0.153789946669698 0.166397143583197 -0.365717505628137
0.134037804119952 0.0168879975249845 -0.179537919896698 -0.265246126534384
0.0114475922001318 0.0536238917733791 0.0107984873470603 0.200103732454002
0.0667203826967719 0.189319553015063 0.251644999749235 0.0110326440765581
0.274103549754982 0.0567975851029039 0.157313320332449 -0.0309521800056996
0.217376639533995 -0.152741580209538 0.235658886037572 -0.00990792081375411
0.0960343019417927 -0.178356166836097 0.278082370463902 -0.104575211825748
0.0294774021812255 -0.14122993854752 0.240120381673383 -0.146886341544083
0.0165663144530183 -0.129654689534944 0.171795080987497 -0.133615188798595
0.0225136029043261 -0.11106737466732 0.114401327627887 -0.0846062488088701
0.0733570937560456 -0.134335133835502 0.0664621184910514 -0.0796452776381868
0.172291576511207 -0.115482804090565 0.0633032535549975 -0.082158501786379
0.249641783671472 0.0609139312486679 0.0484621809987157 -0.0973431985556431
0.0496224955193833 0.235144305339897 0.0160093886130349 -0.198891370264903
-0.0459505098318233 0.100127202532911 0.0601537753712062 -0.410790769199942
0.114790270383494 -0.0105733329975519 0.208702402564821 -0.414215184364044
0.0866115202257303 -0.133564821386389 -0.20286664801383 -0.272039106273987
-0.0939760268198226 -0.0296099720795229 0.0177398808076882 0.104837872611063
-0.017921124382848 0.145469235600877 0.179070215960568 -0.0116737246465327
0.171397552757932 0.029405090502123 0.176751262473124 0.00289206111559496
0.0951118250295524 -0.128378145846697 0.279399289972278 -0.0493819422606746
0.000114669186904627 -0.113487993712394 0.282813968744246 -0.163392585709769
-0.0443841935392326 -0.0770439851956708 0.229708927273111 -0.197332928917644
-0.0602439631038992 -0.0759100674944648 0.168146915722788 -0.166638486712784
-0.0506005484099964 -0.0790368110803803 0.104948022697224 -0.119375703521297
0.00235777706373662 -0.120357733039177 0.066329549017901 -0.126012335435154
0.105954563502931 -0.120489816071845 0.0992596709764579 -0.125474092770338
0.179295301115659 0.0441122570373296 0.112983423652707 -0.084726491494092
-0.0402070935072712 0.141204937011545 0.0448759958911887 -0.167865131871174
-0.0590669348546096 -0.0790216048637084 0.09828525185838 -0.43361793152639
0.157539370612268 -0.158032068734884 0.236505238985077 -0.417630594150618
-0.157829998317863 0.246243943127136 -0.224394281244255 0.380946944426418
0.0587970687847771 0.187912409858249 -0.0988333427943347 0.507321084472064
0.0723983242749585 -0.0087482506960971 0.0205485897019103 0.165910165631743
-0.0704941873399485 -0.00942847441239056 -0.132004226391468 0.06048527406685
-0.0272850062513621 0.110614088634403 -0.13737526768022 0.180765144905065
0.0629957020892166 0.082452760248441 -0.0320317257842435 0.180394727532744
0.0999563362547929 0.0359200652025183 -0.040356306076377 0.128361833995565
0.129941352943038 0.0123416937474296 -0.136566473652473 0.150109348097368
0.12883091342105 0.0123489086022205 -0.194200730315505 0.215791510628115
0.098070835060355 0.0445551132891598 -0.255441289159708 0.19919211749727
0.0359361334465347 0.0787238472558155 -0.285596556988012 0.100916359080675
-0.0515375669351697 0.00111444725261901 -0.230941608921071 -0.00822056102053355
0.105199275183955 -0.087368399809213 -0.14905026473106 0.00309899401062884
0.193072542956689 0.129180602069443 -0.111859368454058 -0.0143351751348943
0.014591841469019 0.325496706756574 0.10886838195581 0.150832619153718
-0.15496941113925 0.316005918740773 -0.178448298610701 0.293047534710677
0.0455552044809135 0.291387729688503 -0.1034261531199 0.545094392701137
0.110487613648104 0.112036007249256 0.113072499745422 0.19501419188204
0.0359754804942718 0.0281800594692399 -0.108116688310056 0.0234091818913191
0.0584228638940188 0.0806029080765008 -0.141823473199872 0.191549564498977
0.119709250652788 0.0362879227268387 -0.00669422567062066 0.206199691036964
0.142453789603957 -0.0196921243572393 0.0102309108061039 0.138438398845634
0.174101658592374 -0.0550930255837173 -0.0859133134242635 0.132566807175892
0.181333451952062 -0.0598643954805042 -0.141035157058734 0.190781818702186
0.182446647224395 -0.0400876854122707 -0.20151735249896 0.190559886529733
0.174122529642647 0.0214739798429547 -0.254641090505081 0.118268224098564
0.105998826088766 0.0337193846434249 -0.244881296079336 -0.00883640097191765
0.193765898310622 0.0292025070227411 -0.157371925619965 -0.0397731646867727
0.233036280821793 0.240989027628477 -0.102333160250467 -0.0410610509662174
0.0738712867567933 0.409772632099428 0.0909295708659334 0.0769992105968847
-0.0969063398376776 0.351372326257547 -0.126029258601861 0.171492267208932
0.0723454184541263 0.341362913685658 -0.0903728105955051 0.54679653186774
0.15681831093634 0.205912203114343 0.217985575873948 0.224388637165198
0.16316452986571 0.0634941598922377 -0.0395032823191775 -0.00570259746537049
0.166991723507881 0.0274364193532114 -0.105838507968906 0.179237325248253
0.17393510349059 -0.0348935353789603 0.0359100259994117 0.201015009121756
0.16775749362131 -0.0818852344356441 0.0684185948309299 0.125288544827273
0.192890896027979 -0.114070779206137 -0.0223984559797155 0.0931991312272276
0.206885732723337 -0.113482194286673 -0.0770233710704672 0.139798787623044
0.236161381502794 -0.107982500856117 -0.133705732042227 0.149268633837464
0.277193169384525 -0.0349282980948212 -0.198873862048639 0.107408060640028
0.247348357266931 0.0520213417612759 -0.23312634091134 -0.0172859768388219
0.268036465911286 0.145329418590648 -0.166409377508564 -0.0906597929784227
0.237783001284808 0.334717399472297 -0.0982746288227296 -0.113349113549968
0.0994549941457891 0.435442232816361 0.0834457261517829 -0.0326611513883876
-0.000930696565455204 0.345623256263673 -0.0960276222062239 0.0327461817297845
0.128641892051809 0.325781497916251 -0.0624607953719588 0.503882719868002
0.20410875363038 0.244632233513244 0.30367225295786 0.213161363514787
0.278140096405019 0.0767688781323375 0.0416113367633293 -0.0306462647545034
0.2650582677703 -0.042884544064094 -0.0284305188002708 0.145269033392422
0.21165824204981 -0.117210903971128 0.0978795889498172 0.156335568374752
0.169834143742906 -0.138842325263218 0.129119211313655 0.0824998968550687
0.186303513117621 -0.15490174094667 0.0453042184621781 0.0374999144027588
0.199550876241229 -0.143198474127047 -0.00815665307766224 0.0750890521075737
0.246667502376063 -0.146645195000703 -0.062185696453709 0.0889227692473543
0.322783747284324 -0.0759773911952892 -0.126487560554161 0.0688113455475038
0.335845338880467 0.0614296540722677 -0.189949456340096 -0.0404204960202606
0.295982703095589 0.236370363895751 -0.155182744782625 -0.146609182953958
0.198540274823236 0.380690104448986 -0.0875473038926207 -0.210516246025612
0.0983876137214834 0.39853713678617 0.0925638423377762 -0.160324342748263
0.0914220902487435 0.284104455684006 -0.105402193440595 -0.102008197098778
0.154861446884316 0.250899673083154 -0.0329552460163799 0.424108781957132
0.210235146625149 0.236724981219316 0.342064539001398 0.153058309007188
0.340701366335191 0.0717318867795441 0.103773425671561 -0.0501762136899361
0.314176371195328 -0.110281207880746 0.0688944712748406 0.0930638483531799
0.212708239317698 -0.182889381059993 0.171739548554207 0.0766889746850655
0.145118258310272 -0.175091689758427 0.185274627220192 0.0113194599118684
0.150239525640543 -0.171628745872723 0.105748028666459 -0.0254735485551256
0.161168439975816 -0.148584186535611 0.0531908834450675 0.011568945160824
0.21282957245807 -0.155060670753334 0.00199490157741645 0.0245672491782206
0.303757728212783 -0.0966158791668978 -0.051566813357891 0.0151692256874242
0.351641360986161 0.0675128471769542 -0.119407414569589 -0.0719367502284606
0.256799049210492 0.287531989839968 -0.112650726802501 -0.192445814984445
0.117559064351875 0.356924007297767 -0.0550315612181653 -0.305565335309819
0.0865380753601884 0.298193082051736 0.123187258511993 -0.279501556163789
0.141466558752889 0.166127626937715 -0.14312648060195 -0.205985708545155
0.112200966762741 0.148635253400551 -0.00481445099660557 0.316247167501402
0.156921164460113 0.214983408751426 0.318776429109533 0.0717808245273933
0.336542155355721 0.0649668899841739 0.137603221547651 -0.0507069625401002
0.295116303725069 -0.151885879268337 0.1637221669284 0.0378156511760984
0.169686713566401 -0.207709879761552 0.237174007775194 -0.0195644411319808
0.0964236211126386 -0.177261915631461 0.225263056312622 -0.072245453682834
0.0895184673708846 -0.163326938739468 0.150339067607368 -0.0862657245640787
0.0971247940563487 -0.134657697490629 0.0961597877641068 -0.0426363575010816
0.14721382597405 -0.147894783946223 0.0458226840477195 -0.0319665661396272
0.241074901372801 -0.108295929433413 0.0133665571031649 -0.0373051859234371
0.312530272085365 0.0658709171415397 -0.0334761522740345 -0.0961852817443693
0.161785877520033 0.28538177112901 -0.0471854544956947 -0.212923591776589
0.0227803689343513 0.257045406842799 -0.00123788181137156 -0.373509841232991
0.0860576536325983 0.151488496573064 0.165958809930046 -0.36724572526134
0.132499941888596 0.0154797317392925 -0.18265563386364 -0.26065596791644
0.0101581025539493 0.0531224469498919 0.0153417366625721 0.199338187391578
0.0692306762014894 0.19154699344396 0.249863846321055 0.00675061040352933
0.275665559552097 0.0516554878998373 0.154292501360378 -0.0281441436387388
0.213390817477244 -0.156695339159457 0.238086731522249 -0.0127402848235184
0.0916346248337515 -0.180568981036966 0.276415318916506 -0.107601439102517
0.0285152055022328 -0.140605805014827 0.240034719430393 -0.149315720590939
0.0141496430053415 -0.129257834154841 0.17243106166236 -0.136571798880925
0.0213868529394408 -0.110281475712248 0.114113387754245 -0.0863870465490613
0.0706221139864156 -0.134610145580909 0.0652136292960663 -0.0789881908534646
0.168354513704049 -0.118498379510894 0.0623759527226082 -0.0843743359924238
0.25006609856381 0.0554033973016941 0.0505548262654071 -0.100227374161815
0.0532674962332863 0.236859633149277 0.0162436666917397 -0.198418100943595
-0.0470354296961855 0.10146707485677 0.0576266337128786 -0.408949973824395
0.109883984696109 -0.0117493203113191 0.206796199372831 -0.415854553839251
0.0835179105578904 -0.135462623526296 -0.204674627588489 -0.267908201898419
-0.0954121976053055 -0.0282805946489264 0.0211036679784188 0.104367930668768
-0.015101571351523 0.146889872519247 0.176103454554713 -0.0143350322923321
0.17258988027855 0.0253141040064723 0.176044449220034 0.00424388799865168
0.0909011241307348 -0.13092670358614 0.278896396129218 -0.0535188960474372
-0.00283344829150684 -0.113371707537747 0.279630437585932 -0.166019008510845
-0.0446927723346168 -0.0751750253415324 0.228692036190263 -0.199478749927997
-0.0621282556276586 -0.0734467390044638 0.167612868393738 -0.16916623857114
-0.0519965215843984 -0.0769711460079032 0.104799449625315 -0.119432380520779
-0.000740217379241818 -0.120497756573638 0.0634634609634261 -0.125061353844968
0.102067918831973 -0.122108017688105 0.0977758916496723 -0.127809494312581
0.180377135267364 0.0397675868699251 0.114712670110069 -0.0884212371796871
-0.036701790008948 0.143319545920764 0.0451802789132476 -0.167693597966455
-0.0612863858247706 -0.0772716937752191 0.0948177687295413 -0.43127547058687
0.153516602737218 -0.160450305947508 0.23621470615838 -0.419030814058931
-0.152859591077607 0.254186554493584 -0.223491674953453 0.392414627980754
0.0665619319953634 0.188597069165274 -0.0919339645359112 0.513531053556688
0.0716072815593635 -0.0124650681188129 0.0223071470837585 0.165988139705565
-0.0729245508243174 -0.00644944210319458 -0.134509779687128 0.0649712413015273
-0.0222054428647409 0.113236923087295 -0.131696535865868 0.189592739823448
0.0670876746874866 0.0812186812238211 -0.0253746930359633 0.182055554154908
0.103015464070029 0.0323941646458472 -0.0397954810149951 0.128076979996053
0.133737929845542 0.00627675940411671 -0.135685076180637 0.15652689627085
0.13265787043123 0.00702952750222343 -0.190441939265577 0.224194958266673
0.102754828402786 0.0427416411889878 -0.252336775629839 0.208512528187952
0.0405999851415021 0.078435546029875 -0.287393375799733 0.110545824373688
-0.0525046099527082 0.00459425275780081 -0.234678958065406 -0.001860232049135
0.102731174550673 -0.0922335771539723 -0.147932471689689 0.00762121955722215
0.20019626196022 0.124163479102637 -0.113650921919954 -0.0109254435620479
0.0248517332631865 0.328132252238339 0.111085676655953 0.147603411019105
-0.149277622742842 0.324384097498102 -0.179858274006127 0.300722813365908
0.0550321716224711 0.294115797959397 -0.09413955620132 0.554045455889881
0.113114402121163 0.109765319226075 0.117780554217566 0.191776039739772
0.0357236166235345 0.028037419969679 -0.111752854392342 0.0271403844231048
0.0633966730198794 0.0808275293192061 -0.135599983885989 0.200605402783697
0.122909583067493 0.0332695575507394 0.00135805901420747 0.207172270953296
0.14446823650423 -0.0239771591566729 0.0125814013996296 0.136100108359316
0.176500891592002 -0.0628507693037358 -0.084155188467689 0.136688413735651
0.184356139912138 -0.0675645953959224 -0.137655243134966 0.196702406825366
0.186140058267207 -0.0464119809522439 -0.197397036778736 0.196992390307209
0.178601600332124 0.0153423774591726 -0.255237110692611 0.127713414258993
0.109079921270296 0.0331848134796713 -0.247591170985598 -0.00289370138414103
0.196469812170671 0.0242783852389193 -0.1587429193438 -0.0357853628380688
0.243812898672497 0.236891808318724 -0.104048500653805 -0.0392372004278583
0.083547931769518 0.412307467714997 0.0919412430655981 0.0741293396996598
-0.0903914268849212 0.360227199047155 -0.129041362948936 0.175965892550343
0.0817217318869516 0.343231990329122 -0.081925673181602 0.555768007812129
0.163389790357672 0.205270886408658 0.225218282726691 0.217810158997896
0.165885321830351 0.0601060426827896 -0.0439044379452107 -0.00234477743533235
0.170025388301461 0.0237957746990725 -0.0993495678549695 0.18716783956154
0.176138348561017 -0.0401726774206196 0.0426699536933379 0.201478679789376
0.167943031342617 -0.0877116164910721 0.0725558380971462 0.122334765572459
0.194739289767617 -0.122651658564588 -0.0198934105768205 0.0946877040357435
0.208941521789522 -0.122636433063231 -0.0731962971420648 0.142624977134011
0.237059864860011 -0.115770180065029 -0.130231283341915 0.153177442277216
0.279986631978917 -0.0448050682287514 -0.197441493892173 0.113460092791441
0.252840637263443 0.0475110672490485 -0.236204378140452 -0.0126902344260626
0.275254946414645 0.140947321598864 -0.169548658775346 -0.0879836552044342
0.250127425569727 0.331916754022727 -0.101931016407419 -0.11289484262808
0.109721451921046 0.438868303477017 0.0828774829997916 -0.0365927298735474
0.00672251480969369 0.351540753417978 -0.101948493863276 0.0363356975620414
0.138319834226101 0.32633476771447 -0.053330401837052 0.511013739578671
0.212803721356879 0.24477950726688 0.312420127169379 0.204209405145733
0.283495679261379 0.0704489269196561 0.0369110927375273 -0.0287382475877409
0.267154390132715 -0.0513262909711442 -0.022049532137304 0.149868231587693
0.210858566359786 -0.124330277964234 0.103810473377515 0.154249536593982
0.169227781219994 -0.145279154461025 0.133792546565815 0.0764461166433286
0.185585171130797 -0.163602055435883 0.0465024407425005 0.0361672460345322
0.200795262778084 -0.151543525125132 -0.00515552623145291 0.0754070012339381
0.24700556791635 -0.155239006097191 -0.0591588877917675 0.0903496119280624
0.325340403740687 -0.0876778837799805 -0.124749219004276 0.0719722866352602
0.342446089591716 0.0533776168655845 -0.192964748729267 -0.0373624048236404
0.306953591603837 0.233323200897988 -0.159721360713133 -0.144771990019223
0.212041242719329 0.380765063678796 -0.0940540980455491 -0.211475158649485
0.106012678708837 0.40066986490706 0.0907335937474379 -0.165657346252914
0.0977726895822337 0.285999990815015 -0.113323979840871 -0.0996545684098786
0.162706953349135 0.250100548976267 -0.0243625710826211 0.429722521637685
0.21990162844669 0.23745340337036 0.349368053952311 0.142504924529385
0.347647768449482 0.0630376386195069 0.100748488750694 -0.0491669188013186
0.314888399257267 -0.121385672572879 0.075527585094217 0.0950333629638129
0.209127217378595 -0.191614561041262 0.176199343566211 0.0725299721762148
0.143810513514677 -0.181772920186381 0.189125003787431 0.00460317490716803
0.148330178138554 -0.17877395042 0.1071437101921 -0.0294935480229947
0.160829605946964 -0.154520424525751 0.0559092638004806 0.00932251126417067
0.211452333178602 -0.162577220701122 0.0035026863583509 0.0235115481733613
0.30431637438845 -0.107757161285158 -0.0496358775057643 0.0159334068858926
0.357772265562758 0.0574685322146387 -0.120934210769248 -0.0722263530258348
0.267415173091712 0.285154750931168 -0.118145088721242 -0.193452846464362
0.12918882577963 0.359337389858148 -0.0633983725435015 -0.3076002556804
0.0887834332741857 0.300235533019935 0.119851129612256 -0.287191213311314
0.145374099745851 0.164740053181114 -0.151898456003432 -0.203605843844414
0.11520355380416 0.147550266862653 0.00343284766334804 0.319917806461033
0.165403375005388 0.21622700649761 0.322966285719505 0.0615519796129541
0.34470153129857 0.0558422857396522 0.134978901768655 -0.0503214656702504
0.294219257990404 -0.162539781577176 0.169651377523218 0.0344189115973051
0.164243974300144 -0.21526901869053 0.239328036886931 -0.0268235734531606
0.0934034736528683 -0.182417928376179 0.227533407178745 -0.0808489584519626
0.0861963273434111 -0.167682742640488 0.151285754147326 -0.0923643326006537
0.095518339121214 -0.138499862025902 0.0978766815922019 -0.0468866799924256
0.143471126198057 -0.153139775374353 0.0457941943280425 -0.0342719299907887
0.239007406629707 -0.117520375311432 0.0141674690862914 -0.0394438564356935
0.317445074886054 0.0568072447741072 -0.0341894127677625 -0.0993631899724237
0.172273586281843 0.286200474334921 -0.0514593453688491 -0.215312907915641
0.0287706331838428 0.260031031589894 -0.00928359053264211 -0.376391101012707
0.0852067987428146 0.151977449280646 0.1622703870656 -0.37634572983343
0.132417510622095 0.0124952894118312 -0.19160493453729 -0.258369911582915
0.00927157020024553 0.0543563030627325 0.0218633740129023 0.20190481786777
0.0766358716001219 0.194214686665268 0.25120544754546 -0.00192758097421365
0.281302367986897 0.0433352762442216 0.153738067695304 -0.0277766146662853
0.209313293235581 -0.165093570261786 0.242716707676742 -0.0189231303244943
0.085933793807318 -0.185532860316081 0.276296116446323 -0.117559295112772
0.0259969843674798 -0.143737931664678 0.241632969949412 -0.158373785832934
0.01040889513952 -0.129681744328968 0.172188440358425 -0.143948436371532
0.019845196349644 -0.110720853188902 0.115032361194453 -0.0906987749617262
0.0667810999423342 -0.137982155481737 0.0631910775796488 -0.0816291469702967
0.164035936110141 -0.12530757747434 0.0616419857454365 -0.0878785607825349
0.254817703655837 0.0475136906129598 0.0512227283395465 -0.106102783274145
0.0610674134541417 0.239804698415323 0.0133573024154881 -0.201677971761386
-0.047229452076802 0.104823614246622 0.0480747750437028 -0.414862882701658
0.106230824249162 -0.0154427962691741 0.204267033476471 -0.426069657925523
0.0800036606088692 -0.138754919202504 -0.212836311018945 -0.264430365958319
-0.099351055510616 -0.0243321601608404 0.0266100741360521 0.105028968328548
-0.0096297740174757 0.150897157001409 0.175920301220018 -0.0188121819722517
0.175646027298454 0.0189948178947906 0.17713614545455 0.00481397266277367
0.0858936018163898 -0.13493658629308 0.282644383862879 -0.0604870778378289
-0.00750412712297659 -0.114789592973655 0.27868200997587 -0.175906053095065
-0.0463411940970321 -0.0743401614679298 0.227957918176275 -0.207506052213528
-0.0658720610816053 -0.071288630412699 0.166270727784235 -0.175841544955292
-0.0550469956999107 -0.0750161131888337 0.104343381152168 -0.123570495086053
-0.00503947208919886 -0.121794538437219 0.0597109527213606 -0.126442100724126
0.0989238485650773 -0.127505821858147 0.0953789514620884 -0.132792094901265
0.183954677288684 0.0329219764978191 0.116841759643352 -0.0954181098358337
-0.0320139934869832 0.148550552735618 0.044364058043034 -0.170231801515498
-0.0663958724148568 -0.0751585187668593 0.0870041437563778 -0.436292073749244
0.148505679966335 -0.166629048007233 0.230748156469334 -0.431798417027264
-0.139306109607728 0.262737944797951 -0.211376466098116 0.403882702282918
0.0779935896967146 0.185207366366034 -0.0712455072310485 0.520474386712216
0.0692156279873953 -0.0174059937881857 0.0278428462010733 0.164098738419174
-0.0746958123818495 -0.00161606074829813 -0.134155217351532 0.0720062757018807
-0.0143546464266652 0.114534384684651 -0.120254858824972 0.198833431158563
0.0720401847595999 0.0776541104403371 -0.0147021610486889 0.181908592818905
0.106129013989751 0.0265912639229567 -0.0360812318533058 0.12816998468732
0.135144036558278 -0.00364128008602754 -0.129291307090827 0.164477138634167
0.134742577762431 -0.00277577619023227 -0.179763873252122 0.23465866254849
0.1074749353702 0.0370079761626148 -0.242231517528797 0.220963242248778
0.0462452335957033 0.0760106116166792 -0.284955001022842 0.126012299736881
-0.0516377973610493 0.00933229867130709 -0.235419677759717 0.00973461136756475
0.0971717707488274 -0.0982458283967283 -0.145898134538813 0.0135416035034069
0.208944244076452 0.112528535616764 -0.114768217494745 -0.00577187545171073
0.0423335165935075 0.326731936005305 0.114369584347791 0.142556827153857
-0.13344065923401 0.334471048661353 -0.172037254246895 0.310464151943643
0.0707663410888366 0.291339540655417 -0.0722921159381191 0.559703106772566
0.117580973634069 0.104016555467014 0.124776531106034 0.184292371867412
0.0354890961199731 0.0271450772124138 -0.114012002657392 0.0344456334303221
0.0684013979818875 0.0781703009608303 -0.12401361057359 0.210564879917561
0.124836052941571 0.0271861924769847 0.0135722506358686 0.206292285475156
0.144961197674653 -0.0319471585662405 0.0172746172622159 0.133424567926953
0.174588269460833 -0.0751870892688877 -0.0786685939443491 0.14128578123427
0.183150847308929 -0.0797001877470875 -0.127342547264433 0.204304607827113
0.186841814531953 -0.0563934419550751 -0.18756997434811 0.206054542136176
0.180983778017048 0.00485229651267781 -0.248725349934067 0.140377038383473
0.111937458731836 0.0297251937983347 -0.248324100195521 0.0089378766247451
0.196686103404354 0.0145200311671578 -0.15901617343838 -0.0283766934919745
0.257476324220598 0.223772734987695 -0.106736307289492 -0.0341879800112567
0.103138432315724 0.407642594240295 0.0926290489217286 0.068931416356676
-0.0749209958947521 0.365624749267896 -0.128212793548006 0.183702093808993
0.0993527732888498 0.339200318771471 -0.0598828992304376 0.562485925785256
0.173669449564781 0.198064603396273 0.235093615384368 0.204393699089794
0.168162128531307 0.0535030923553743 -0.0483646574822152 0.00149951232314097
0.172585866147629 0.0151983640675387 -0.0876331469463491 0.1950096508048
0.174329672632906 -0.0492331346424073 0.0546526247238842 0.198732424895995
0.165472516545463 -0.0971273298070357 0.0774552589926332 0.115575801481742
0.18945448937505 -0.135693492457089 -0.0165502398631007 0.0961353002499001
0.20498780551251 -0.136084993953942 -0.0655438231895751 0.146203096481692
0.234302373903626 -0.12896785693977 -0.122332883655902 0.158485901584909
0.279271499368823 -0.0609045281546882 -0.191591189107488 0.123792540931169
0.256767697609564 0.0356917444893755 -0.237688133081673 -0.00138010910958101
0.282372442934668 0.127621070069879 -0.173104442787028 -0.0803933892905665
0.2690746620177 0.320219076517494 -0.108059995390579 -0.108823359441632
0.127062585427529 0.434394207975959 0.0805933466089893 -0.041429926214412
0.0211385204841369 0.353036955045152 -0.106259375928774 0.042904357862139
0.152227619589184 0.319711515392899 -0.0339484508502671 0.516135315466959
0.226093875315059 0.236906578382024 0.32113374099422 0.185752179901888
0.28696001728381 0.0574765092472435 0.0321778430410274 -0.0268189017159543
0.265394659386638 -0.0647271073879727 -0.0115512362566102 0.153284511429259
0.204900796300995 -0.135242507672579 0.112894266959879 0.148635480220428
0.163761588382343 -0.155422069556422 0.137814448745571 0.067831758444288
0.178105788128539 -0.175535092267229 0.0484867457331219 0.0329525050382069
0.195898544675277 -0.163883850577473 -0.00026875977409418 0.0752093213235728
0.240741946312188 -0.167971506249426 -0.0543359919228361 0.0911659638866412
0.32071143861768 -0.106051109979167 -0.119829287332099 0.0776783414473164
0.346565277229161 0.0366943638581003 -0.194316446500445 -0.0301113858350589
0.320044529490352 0.219998025867577 -0.167343720395929 -0.138298451187788
0.230990056899534 0.371197179498477 -0.10430670360752 -0.208025532264157
0.12004093968075 0.399219425850625 0.0833024291132956 -0.1721257529186
0.109209468866538 0.282869252158305 -0.122102324897147 -0.0928655381899594
0.173193539892988 0.242422473894975 -0.00476152756626386 0.431545564311022
0.233090152488722 0.230015096227148 0.355921167079981 0.123455132497696
0.351886485566464 0.0460023235564346 0.0959189771853989 -0.0500174515037133
0.309427462191065 -0.137987655073639 0.0835264573370912 0.0919642692480465
0.199144120080306 -0.203195387688427 0.181246756552882 0.0634290118683655
0.136018184757606 -0.190112399328133 0.190645367835303 -0.00721898797219268
0.139957278005282 -0.187552675601939 0.106679829059915 -0.0365046209367622
0.154976134169862 -0.163073504313106 0.0581813817525829 0.0053092693456003
0.204482062968589 -0.173468348258205 0.00542882400930865 0.021815187726564
0.298078403480116 -0.124878117980135 -0.0474217770166145 0.0171498378275765
0.362216087060698 0.0399763079061034 -0.123482286088624 -0.0689092534082517
0.283325349365106 0.274487517663226 -0.12677508348058 -0.189055386727902
0.145987460690462 0.354658856219852 -0.077734572389246 -0.30526279336165
0.0977928195324339 0.298632069950101 0.108877794283636 -0.294772908632045
0.150489948260985 0.158983219192911 -0.16349397561958 -0.194774276947298
0.12023542963489 0.143277609088388 0.0181420133958452 0.320573326607795
0.178807902276592 0.21153757570031 0.324870190702272 0.0427184334338421
0.34869952434709 0.0369469609710717 0.131351833652689 -0.052512147700648
0.284653828106045 -0.177728953585334 0.17586575874364 0.0266499573233286
0.152249595342242 -0.223883133566191 0.239679129941505 -0.0383823147899912
0.084722683393534 -0.18790016779916 0.226183650655903 -0.0947286899044933
0.0775718342935048 -0.171605546981233 0.148128656493369 -0.101473620662138
0.0899026295463812 -0.143288374681249 0.0981189449183869 -0.0530370884987271
0.135472920911602 -0.159756828089597 0.0449499113058334 -0.0370510284656665
0.230536957498542 -0.130883376516401 0.0134852756625765 -0.0420356578587172
0.319876420634285 0.040298737124633 -0.0373405490803678 -0.100714543623923
0.187598097231153 0.2801407813728 -0.0612852229013934 -0.21361144630913
0.0397284672375657 0.260926817278863 -0.0260299086352474 -0.375837206135573
0.0868708813477834 0.149327159325357 0.149043890995597 -0.387324872201669
0.131338726827932 0.00591001097896875 -0.204444650912932 -0.248890598697415
0.0102426678228247 0.0549655931703103 0.0326496650250851 0.200498096046642
0.0883008629944113 0.194018107633511 0.249875465152724 -0.0150843972279467
0.285582217106498 0.0279169683108829 0.151599790123938 -0.030098815257794
0.19966542793602 -0.175944139688599 0.245247791255841 -0.0305810865391353
0.0752468480996621 -0.18964522339954 0.27230776708454 -0.130703511466763
0.018662512561083 -0.145692476281526 0.236367667369498 -0.172072712603345
0.0032709051706494 -0.129120942781069 0.166973167598962 -0.154076002600535
0.0136522073995199 -0.110554615149448 0.11239337618524 -0.0971950062992872
0.0580885690844482 -0.140647666587262 0.0601923700109894 -0.0844341282484999
0.155645899120771 -0.134472352738913 0.059038852933307 -0.0921955861954893
0.256387381801396 0.0332375776399026 0.0484134040427684 -0.111652795567528
0.074308607234083 0.238354826050928 0.00534425970807649 -0.202945317602426
-0.0439274681846548 0.108871089631316 0.0303177903937307 -0.415570684429717
0.100702481734846 -0.0191378084335855 0.188224492439898 -0.437529951700441
0.0715293358280971 -0.142849043147503 -0.223903652460488 -0.254138312196075
-0.102522086277314 -0.0186267667513057 0.0337960663618754 0.102350286617199
-0.00121906315052055 0.153519684191755 0.173242701877332 -0.0268386355683149
0.177645668515645 0.00828412005241762 0.176874999006717 0.000664706861709072
0.0768065663466648 -0.139665421730843 0.281662964775536 -0.0744927372552367
-0.0151872857502235 -0.113981943644339 0.271087705750769 -0.190269688869824
-0.0504090749562207 -0.0721272172424074 0.220633575000793 -0.219608957530746
-0.0702708041520784 -0.066041449192458 0.159543070279415 -0.185583748067572
-0.0593700502499672 -0.070627795668031 0.099758438865183 -0.128951019346154
-0.012866034139967 -0.121399960916409 0.0530874938293151 -0.127794968166523
0.090370863398525 -0.13293873212723 0.089044959174193 -0.138923164920646
0.185947920556618 0.0214412188532923 0.115336373438535 -0.103523832251467
-0.0232046111794623 0.152041185365783 0.0388646138708476 -0.171935155377984
-0.0718917356388319 -0.0706977951049883 0.067269455776713 -0.438004498859103
0.138138277268851 -0.174744297708274 0.215833877326256 -0.444783822612288
-0.121037630896616 0.263749987045706 -0.192624290253226 0.405423474364319
0.0882443219251123 0.175375475648975 -0.0478434861222584 0.510593676931287
0.0645012288451856 -0.0222067649585857 0.0320089972725729 0.157631570116949
-0.0743532114094874 0.00325960022903973 -0.130511432276388 0.0775756933229955
-0.00605112504032174 0.112643782446715 -0.104552038845973 0.20180084470898
0.0748021676680879 0.0709282201598936 -0.00308272237056187 0.176535181146289
0.105547132523317 0.0200793220925571 -0.0312060535286549 0.125053739242154
0.132487086877938 -0.0136870766828505 -0.11942912642322 0.167645979339758
0.13201490982719 -0.0125421213708367 -0.163020535244452 0.238618821853962
0.108344889187336 0.029584800756556 -0.224265246990542 0.227270290368576
0.0510174083474152 0.0711044153491329 -0.272070988152318 0.13832560779947
-0.0490298014292509 0.0139019768602409 -0.228590435931674 0.0215057231737782
0.0877088049792013 -0.101468073381014 -0.13841501110105 0.0200652133088358
0.210738200777488 0.0968805062896592 -0.112338256185843 0.00124791700672989
0.0580253526908665 0.314979243067727 0.11435436460397 0.132699531454751
-0.114043965952387 0.332210040011417 -0.159576468278452 0.313268122691287
0.0855862209749535 0.278997343486332 -0.0469130747276132 0.54962596939454
0.119205247539759 0.0943619235992123 0.128314834883062 0.170740450585415
0.0340760225573505 0.0263974497314712 -0.113345697197977 0.0407833006478132
0.0718255022460219 0.0728175668165153 -0.106666095827671 0.212953357300568
0.123748978563766 0.0195500548678248 0.0255389708357058 0.198218797623341
0.140760307359083 -0.0392851935249235 0.0211495878679498 0.127562408256523
0.166874856799971 -0.085141645166503 -0.0704988616306026 0.142321821189636
0.175836974430155 -0.0907651772568769 -0.113197309664608 0.205585972920574
0.180663538611991 -0.066362437952621 -0.171917218199394 0.209482334256689
0.178023365966893 -0.00584785795785014 -0.235657175339182 0.150207363781615
0.111977150111403 0.0243605878179071 -0.242204366298601 0.0209028011896768
0.191741427444239 0.0040586588793794 -0.154815758004227 -0.0201557938026524
0.263729581003913 0.203365240311895 -0.106093539210946 -0.0277169176328634
0.120435420180792 0.393136176511072 0.0917586318562246 0.0625699822133458
-0.0561032060190982 0.360598393644626 -0.122002841858496 0.187909845060604
0.113629245196034 0.323922884330304 -0.03461201645539 0.552139715886656
0.179555295747107 0.184554649272952 0.235984297733222 0.184834438375771
0.16529756841871 0.0444950600940725 -0.0507786777587814 0.00684519257941433
0.169359449730589 0.00603447610893692 -0.0725721374436658 0.196142510035371
0.167333962814165 -0.0570226473608889 0.0654979914218483 0.189579676820061
0.157526639392418 -0.10385435314348 0.0801305098591062 0.106696498825758
0.178312522124874 -0.144621801807941 -0.0116597845482547 0.0936902637070324
0.194127848520026 -0.145420595344331 -0.0550001213786405 0.145074792412083
0.223272310425446 -0.138946325697609 -0.111132989214391 0.159179079540454
0.269131307923554 -0.0763457853640548 -0.179260359120312 0.130129980551831
0.253813312254121 0.0229054911875178 -0.231186940363496 0.00852174867306553
0.282109805021784 0.111279901337916 -0.172117662608841 -0.0700113142964868
0.278474684198915 0.296829141726164 -0.110763113463426 -0.100800408115235
0.144417040863717 0.418496575518753 0.0744833303585076 -0.0450163818980338
0.0360775193225416 0.344910031668233 -0.106176628236441 0.048882380594633
0.16466634224267 0.304096870621518 -0.00894223322997901 0.507075365112428
0.233020637522381 0.220991277782429 0.320027641363019 0.162471473311373
0.28258641758435 0.0416132064118165 0.0266118378979372 -0.0240911731986292
0.255272470361084 -0.0772956761249255 -0.00103182735500191 0.150624680656762
0.191901953882184 -0.142670883019456 0.118849130820065 0.138161642245514
0.152833092726413 -0.160712218395726 0.137843025964605 0.0567251282416848
0.164874341338806 -0.182435105291283 0.0496078421291723 0.0286097095319079
0.1835591906571 -0.171179651258024 0.00480745450488082 0.0715279616829754
0.22685615416307 -0.177237391583725 -0.0475858809763088 0.0899064836970239
0.305911405387177 -0.122700738442279 -0.111266109209574 0.0806691618946478
0.340761572808672 0.0175451014643252 -0.190934340708941 -0.0220184957478488
0.323524460073688 0.199946060255071 -0.169186265604819 -0.126509250265896
0.244425353529876 0.349647288395972 -0.112049061990569 -0.198075286125104
0.132472516472751 0.383769020357722 0.072825243335832 -0.172922483224736
0.11751137483921 0.271000439093722 -0.127190318485003 -0.0827879858931184
0.178957079621252 0.227076440454442 0.0145372312632267 0.422150711844789
0.241026251498738 0.214618824763642 0.351023155213999 0.0984491225472705
0.34616604726522 0.0276588567021425 0.0887302209397953 -0.0485623166856278
0.293619483097679 -0.150398937264056 0.0891257629483166 0.0857462627862513
0.182556206970687 -0.208107767868561 0.180592246333455 0.0519392886238182
0.123559309677493 -0.193265901259309 0.187260868763946 -0.0195820652596101
0.126540887269319 -0.190726324736888 0.102854176403219 -0.0421494478088578
0.144411426122134 -0.168456274592022 0.0583319584214193 0.000754033837464047
0.189388978600538 -0.180286604323274 0.0072918308435125 0.0196831615095443
0.281888234730567 -0.138900448468604 -0.0434455205010265 0.0171829006614939
0.354873248568869 0.0199001224500918 -0.123480937501488 -0.063986673744317
0.290480201803432 0.253976806233229 -0.133616589286162 -0.178278646939937
0.159684747845261 0.339360594769569 -0.0901441188035664 -0.293263255561085
0.10443432263689 0.28854639482209 0.0933337135242819 -0.294655318065516
0.151962954280504 0.148377123129741 -0.171056995125885 -0.180053113867438
0.122437781060615 0.134323215460897 0.0323236366180975 0.311528387102935
0.186590584227797 0.199849416068131 0.316647096687219 0.0232920656163992
0.343014355203085 0.0178102290065786 0.124257998516451 -0.0528964807779737
0.267272367887079 -0.18885376759769 0.175631064125246 0.0173826128440445
0.135504343681146 -0.225230870086498 0.232177088533518 -0.0503736435823135
0.0737958911123913 -0.188446925824071 0.217443011618764 -0.105948922009734
0.0663727922790062 -0.171373020306278 0.140730582237332 -0.108575191006739
0.0814918227464908 -0.143452208082901 0.094139626318365 -0.0576688328233528
0.123023482360503 -0.16161542308054 0.0428565011230304 -0.0388279749377919
0.216570470590868 -0.139791570472331 0.0126201327917397 -0.0436310865147197
0.313703681006945 0.0212224579046622 -0.0399087940718962 -0.0990308242068839
0.197603944454661 0.263963714947453 -0.0690189427415814 -0.205835868760138
0.0502331666206878 0.253706327231916 -0.0428801300160036 -0.36442734237303
0.08634810288496 0.143621433974921 0.128205184839299 -0.387419186875142
0.125767295916762 -0.000182351769898817 -0.210681294894717 -0.23132900281336
0.0108893667136661 0.054497066142045 0.0425697449478376 0.192422608047457
0.0980570158594757 0.186949934845388 0.240218271308575 -0.0288013362862758
0.280418688154875 0.0110572920923149 0.14629085383447 -0.0318879853142627
0.18338866206311 -0.182331760559229 0.239563205956408 -0.0420588956608908
0.0609028913632833 -0.187939255582435 0.259002873127311 -0.140850409650814
0.0110438156062641 -0.143249514091126 0.223355715442036 -0.181810481991168
-0.00401493781491264 -0.124837172852377 0.157022569381874 -0.160487282838236
0.00863457809012352 -0.107006923396066 0.106850643272673 -0.101970834985841
0.0477906478143884 -0.139698871193372 0.0541607258572884 -0.0847383534759123
0.142134095091673 -0.139379029561364 0.0532625091718319 -0.095163823924984
0.250875288762859 0.0170548120357017 0.0435380956518431 -0.114142189531446
0.086095359157039 0.230261034507553 -0.00323124995177098 -0.197815509903977
-0.0396093788853105 0.111221007750079 0.011125856971008 -0.40350435013053
0.0926440293358394 -0.0225034744170975 0.165826909945912 -0.43868733370148
0.0609622466055691 -0.143053447527503 -0.229496658530644 -0.236597930924576
-0.101979578771136 -0.0110796781619129 0.0394119131388422 0.0967173837869224
0.00881834579518322 0.151187788161467 0.165808484905793 -0.035196436930838
0.174166103730984 -0.00333569847185463 0.173523805849739 -0.00413196445620358
0.0655106487090196 -0.139949195463621 0.272726451833636 -0.0871203113531446
-0.0225123947902383 -0.109497658655297 0.253896199615439 -0.197408795687178
-0.0522479332208482 -0.067614180604736 0.206050701122942 -0.226606082595849
-0.0724566573190434 -0.058151040532878 0.148418602516797 -0.190645869084665
-0.0606200869897884 -0.0639717341896475 0.0918382254848267 -0.131545385263231
-0.0199558285174184 -0.117194924627638 0.0450351219635052 -0.12618899917253
0.0792396583606222 -0.134094763635034 0.0800836776451858 -0.141585585972044
0.181656352358314 0.00914985658107505 0.109692967651219 -0.109367263979577
-0.0126024494704309 0.151126686263622 0.0311157327469558 -0.168969765779077
-0.0756167130718044 -0.0622904795389919 0.0458712857502612 -0.427010105246545
0.122973240163503 -0.176139801006469 0.192836510370989 -0.445751409352848
-0.0806695940683411 0.275955887744263 -0.132499496659603 0.386867817989381
0.1062818480616 0.157466800779351 0.0123662069655856 0.48683829830993
0.0576287184679126 -0.0288255671012371 0.0448854510828475 0.146621026483216
-0.0706901480741501 0.0132476040615637 -0.114191422014619 0.0947757195653302
0.00712715725709588 0.10700941931904 -0.0681582569736838 0.203220908429486
0.0797420886475679 0.0587146122085688 0.0205871193004804 0.163165906081698
0.102463110069764 0.00729663960545234 -0.0168351171859373 0.120775348493103
0.123951343888617 -0.0312184655596977 -0.0925227276627339 0.17339393083044
0.125058243054506 -0.0312107100209312 -0.123927711225261 0.24334722890079
0.108317710259641 0.0123138051760364 -0.181819354840911 0.241693345798524
0.060217604236806 0.0591732036205257 -0.240815844677942 0.16308342101998
-0.0415763569499425 0.022185831625613 -0.216526388797138 0.049081185725953
0.0683217988604776 -0.106210128053003 -0.128819136654793 0.0295441302050526
0.207643285233075 0.0633700418505307 -0.0956760211098415 0.0141067482002977
0.0975474317273812 0.28130786063274 0.123910530658758 0.122701868997236
-0.0673387603098251 0.34211979566449 -0.115300558548533 0.289743372700841
0.11460773823562 0.25656975476861 0.0168477595167762 0.520094321077034
0.124146267699717 0.0747983149097143 0.135789670814438 0.140487876712412
0.0335038233261988 0.0227083041575628 -0.10662592898251 0.0555745365844818
0.075696819834259 0.0603465220117921 -0.0728087544014166 0.21408961013979
0.120585684513617 0.00484823483051558 0.0477858511597756 0.180198038891637
0.129554116608387 -0.0530947134990975 0.0331192257975849 0.114174722448155
0.147664286096009 -0.103362214563851 -0.0493825986302614 0.1428606367591
0.156886718319777 -0.110286375302287 -0.0819827094171752 0.203816971842948
0.1646375056621 -0.0865748019121525 -0.134280267400042 0.21504760348789
0.169328836395243 -0.0295171595957152 -0.204407184004951 0.166029518900607
0.111207763394556 0.012747989858536 -0.22713770453112 0.0461861091203493
0.179846892636294 -0.0204374483242543 -0.144848601990459 -0.00702479393374644
0.268773464844371 0.156349599146011 -0.0888380374804863 -0.0115872401806871
0.161579442569478 0.346414740202988 0.0952243456472093 0.0609272295993719
-0.00790258101838117 0.362876310195846 -0.0994066015009812 0.165080071863589
0.144222469718264 0.297573022797456 0.0290993350967274 0.521014084242006
0.192718062206181 0.153646673768374 0.239010316401724 0.135546380199475
0.159677167150384 0.0250530219619545 -0.0550334700344843 0.012791989153788
0.160361829438403 -0.0133351707117643 -0.0465883448891059 0.193321347834117
0.153246546117592 -0.0727092011246423 0.0811461177316155 0.16793996642288
0.138890675131299 -0.115812047308509 0.0863661857976175 0.0862916408215303
0.1515032075574 -0.161037121731138 0.000743853152337183 0.0880603132806751
0.167501751564741 -0.164559342912586 -0.0341143764198097 0.138512457564256
0.194174534147112 -0.159261389900299 -0.083206234166215 0.156715261012786
0.243881724711594 -0.10627361072546 -0.154556413113918 0.135303244615616
0.243407384324388 -0.00582885634381332 -0.216239293378519 0.0287088191182644
0.279119536078953 0.0694601321874317 -0.162596407135976 -0.0522538837645244
0.291949453637949 0.242590312797778 -0.0989739899215888 -0.0767093306150734
0.18358796578971 0.369527814836561 0.0678660750205793 -0.0398487332675046
0.0784033343559924 0.332960970937709 -0.108045033448991 0.0328835477779749
0.189408841624297 0.271950992752211 0.0450659523049316 0.475893789264313
0.25010537398378 0.182059974219952 0.313471376965524 0.101510726031251
0.271497962038503 0.0100662786331752 0.0114174875433343 -0.029319906746384
0.231597087127693 -0.101755519108091 0.0108191120689268 0.140974857749284
0.166249772592306 -0.156816965251856 0.123201026097611 0.114619595573082
0.127408955063205 -0.168900253205457 0.13519046654038 0.0300296397065458
0.134913501138785 -0.194856989583508 0.0506463699938888 0.0181536120746734
0.154283869804916 -0.187496639923636 0.0140548844645799 0.061243046738868
0.192084453687768 -0.194651229262719 -0.0325693074627185 0.0824186401477243
0.271679120529086 -0.153961425930206 -0.0963085435699602 0.0787133769184872
0.323448624964356 -0.0211839623563327 -0.179491821771345 -0.00875592718355586
0.329416003154275 0.146757912286494 -0.164019251729008 -0.105386414533293
0.266502992324141 0.298237264445987 -0.112377350948536 -0.165531188862346
0.166769979113591 0.341524277188464 0.0517643567693288 -0.164102733355114
0.147868038877305 0.250128152190667 -0.147924506465389 -0.0828856025368183
0.194731171902328 0.198643642617756 0.0579658349750001 0.393788223908192
0.257364261096595 0.175324880232058 0.334458004798138 0.0377368158818092
0.331360983414693 -0.0108139915593399 0.0656930940236235 -0.0615653660937998
0.259698551911036 -0.175667909764056 0.0849152172646991 0.0687518175988803
0.149597199197069 -0.217751183570706 0.169282943496207 0.0267742355929131
0.0958314320166557 -0.196691378092461 0.172524849248073 -0.0492597172452709
0.0964535852197688 -0.197516651900644 0.0923512886994515 -0.0557699955334032
0.117211565895614 -0.177214169781909 0.0558087692469449 -0.0126210320738541
0.156093895166446 -0.191500826774546 0.0101423031733534 0.0100282668940331
0.245521008440314 -0.165608254474168 -0.0398983465783979 0.0111861680072381
0.334573247216237 -0.0223985920772661 -0.12009703697841 -0.0574937030748989
0.305787423566077 0.202166343766792 -0.135055969026039 -0.156777491455373
0.185483018256025 0.299676169257421 -0.106605381696463 -0.257268550097374
0.126979678947507 0.25615041728056 0.0564569667349728 -0.286994365934267
0.163490195843287 0.12543633821484 -0.200306336843037 -0.159982587053141
0.130552196757765 0.117025153082567 0.0646787744046814 0.288584596342435
0.204431747381227 0.168075902679521 0.295305134580372 -0.0289409348875082
0.327125515223885 -0.0200208373116795 0.100614732058165 -0.0693912426156896
0.230356456696014 -0.207539412142986 0.158055993025314 -0.00615762509367767
0.102209395124859 -0.228903303673488 0.20678600483528 -0.0750419620909988
0.0495059759689532 -0.187385417056442 0.192342833814932 -0.134073858612187
0.0423642959442696 -0.170152449188047 0.120223260223465 -0.12334500888288
0.0596216727618618 -0.145616489009773 0.082418332848306 -0.0714339733819627
0.0944013287405321 -0.165952898400071 0.0348492030243443 -0.0477340629104852
0.182430508608847 -0.15814448603123 0.00592260150714092 -0.0511868743993528
0.294374499940505 -0.0161143904296326 -0.0443527810893852 -0.100575079414322
0.22000977374696 0.225214964093198 -0.0775832979261149 -0.187506137783777
0.0712333224875173 0.234408656287931 -0.075706701216632 -0.329718340194804
0.0895644231132077 0.123487689603382 0.0809687994669373 -0.384564870864402
0.117650288477418 -0.0158864219747607 -0.239088840923712 -0.191749690823496
0.0150951831002627 0.0535518633259522 0.0639460260976199 0.175733512259201
0.118516424685464 0.16638029879748 0.219541755166306 -0.0668316713847217
0.26731268523395 -0.0209800505928951 0.127635172554101 -0.0522336751102699
0.152059299229588 -0.192737753540715 0.215030154870424 -0.0691409438254935
0.0362946462376543 -0.184937710635923 0.223876052728293 -0.163684118246954
-0.00480554112630929 -0.137493185702521 0.190465672252877 -0.205445291317303
-0.0184573360180786 -0.116428903945942 0.128678665102252 -0.173704493807918
-0.00495538631932714 -0.100891559164428 0.0889045880858868 -0.112104584717471
0.0265603893813544 -0.134839627577347 0.0396229799279435 -0.08990965610005
0.113423470493564 -0.147488404155003 0.0365899379270637 -0.102177331314625
0.234001060396619 -0.0142907523787945 0.0332605857613903 -0.123069691990055
0.110483861177519 0.20716878772362 -0.0161923141032615 -0.184998136837301
-0.0291308796002082 0.112688216364184 -0.0349330300786811 -0.376464956320981
0.0736707755553633 -0.0322134355877914 0.110798666752121 -0.440962352203653
0.0360365971753445 -0.147572542625974 -0.248015364847169 -0.184522709204803
-0.0989435760226777 0.00353636665078211 0.0537500790521123 0.0848174190205098
0.0288034417285026 0.143838617473659 0.151847814380362 -0.0613575090632061
0.164273435677264 -0.0230609302631215 0.160168019496066 -0.0279051562470276
0.0445333473979496 -0.138926132702655 0.245110237623349 -0.114322968284813
-0.0350674546080971 -0.100912490170796 0.217105596371389 -0.21634254090223
-0.0566203025821428 -0.058696087684925 0.170169345468917 -0.243174645782127
-0.0753737378978917 -0.044673021337904 0.117268934565691 -0.199761455639765
-0.0659888751027118 -0.0512634031490224 0.0717202936610484 -0.135454407819896
-0.0349535532593894 -0.105488963182332 0.0252125146996476 -0.125413254374468
0.0550454297403515 -0.134484115259668 0.0557178103168065 -0.147079558902663
0.16952146359532 -0.0143116465966047 0.096434054121094 -0.125822808934828
0.00811488564636682 0.145682761229798 0.0170466162985639 -0.160611316725587
-0.0839148286940572 -0.0444542833979523 -0.011474057245436 -0.409133411146293
0.0831401827719353 -0.180272044353724 0.137077215934936 -0.456634231312716
-0.0774264140432919 0.263077893511455 -0.134574109060507 0.372536243175612
0.102601881702628 0.148933637588534 0.00520994199561119 0.467498614380503
0.0530945100003435 -0.0277566370674473 0.0395778300601181 0.140335072675177
-0.0687324438645269 0.0138859859201556 -0.113488981399987 0.0915215437191007
0.00840971839905619 0.101490318131031 -0.0642732126915448 0.196204805521565
0.0765722084958246 0.0560893912658136 0.0202964388953822 0.154274010341251
0.099009690045872 0.00628933762207782 -0.019017079402777 0.11542697451322
0.118480764610506 -0.0317880021322099 -0.0908328346595635 0.167192786794646
0.119520468502107 -0.0323966080799512 -0.118435966262161 0.232814557683312
0.10544160539913 0.0105520140442553 -0.175717577432093 0.23061183285762
0.0579947779837796 0.0561433917766111 -0.231194751574255 0.155977362787185
-0.0388727269322233 0.0228076922170794 -0.208440068308418 0.046189454473087
0.0633203673989902 -0.101520201718326 -0.121532463379699 0.0262218939256447
0.199008772118813 0.0594636554156573 -0.0918903179924428 0.0136175461238123
0.0920778853601049 0.268277088293954 0.114815181552411 0.119063849514944
-0.0663772132977654 0.32731341931862 -0.117286431743787 0.280811609805778
0.108897961858724 0.2445411699078 0.0104388189461879 0.501961911377811
0.116435250982197 0.0717855016402745 0.12679085653912 0.134089214938885
0.0312633833697454 0.023572205269735 -0.105630430266821 0.0554454788485526
0.0732476941563984 0.0581312351707342 -0.0683857105106649 0.205993263826383
0.115560156905598 0.00474277228276574 0.0460204602506079 0.170836552409354
0.125605415077643 -0.0512356410217426 0.0293979949078677 0.108324652016706
0.142232213938175 -0.101078277213134 -0.0487824895845037 0.136391356955722
0.150647795012841 -0.108546016413632 -0.0788801161776845 0.195146340415405
0.159434388192752 -0.0840119481179366 -0.129768222492438 0.204339637463947
0.162420300078531 -0.0290693830546574 -0.195766658933255 0.157784406988808
0.107856146729808 0.0134873593078258 -0.217432865895081 0.0425559883972849
0.171605389231984 -0.017787867443868 -0.137053799625874 -0.00792111755147972
0.256546874885146 0.149750137223216 -0.0846112602184183 -0.010739147814133
0.151634765276423 0.332367791242078 0.0877294509248009 0.0600844213326382
-0.0112564128590402 0.348128813096166 -0.101445159777831 0.161364583364119
0.136973539295536 0.286221432927839 0.0222247684511064 0.502574143675227
0.183444873194506 0.148449405052272 0.225251615234543 0.129478580504087
0.151710018089313 0.0265302862907565 -0.0553592019750986 0.0159364937286089
0.153316506365298 -0.0120434507360461 -0.0433697289424475 0.185222844637169
0.147104693013787 -0.0687705662453522 0.0780099335565782 0.160214596671228
0.134681225804461 -0.110905044072848 0.0816879080934304 0.0820631694216475
0.145569979628269 -0.15572519871096 0.000487102674745842 0.0835717785537837
0.161571484538308 -0.159986724259298 -0.032369528202072 0.131189540993374
0.187813251356994 -0.153457817664948 -0.0804462951673471 0.148623286218937
0.234043996928295 -0.102556342233785 -0.147376344238372 0.127671544200945
0.234270771826545 -0.00486277980235108 -0.20716845122898 0.0257380314772016
0.266324548063868 0.0678119581345187 -0.154426886032174 -0.0513528761800877
0.278139210377599 0.234252104758224 -0.0944272840700512 -0.0743710294417584
0.171700741607782 0.355838759459421 0.0637550523310484 -0.037441914591668
0.0714422381411918 0.321200556099857 -0.107470139179812 0.0347859770678395
0.178275646841164 0.262403000298878 0.0376477766249576 0.458876366318332
0.238352669940794 0.176488506414791 0.297412680120169 0.0973040352269109
0.259225174963358 0.0115703601626158 0.00931998299265853 -0.023482176393726
0.221892908221379 -0.0961871670740635 0.0116681902271933 0.135443910709005
0.159473057702153 -0.149220952596322 0.118301392789194 0.109883751114712
0.123535083134517 -0.162556529298423 0.128672051188132 0.0276336852567492
0.128840520958224 -0.187124333764027 0.0480841399368034 0.0157080198197269
0.149996691061179 -0.180777921470975 0.014153091138727 0.0567874675883464
0.185811554793935 -0.186657424814663 -0.0306565620237971 0.07733063765236
0.259226657662047 -0.147754562311635 -0.0907179767053111 0.0730443823211159
0.310150505132871 -0.019719638507422 -0.172172471478637 -0.0102802180936862
0.314958784803714 0.143196032951265 -0.155200475736141 -0.101625544110875
0.253175018623856 0.287343624438975 -0.10626720384586 -0.159080557150938
0.154032252041003 0.330833459282987 0.0504500906031054 -0.157183338594761
0.138022785698233 0.242403263327771 -0.143267718125375 -0.0771675442679945
0.184126620190887 0.193205716403242 0.0516907268084101 0.381044438016018
0.246419951099791 0.170710579866241 0.318004793454103 0.0352842760383574
0.317257007592646 -0.00934380326206852 0.0628738880157588 -0.0542106255445045
0.247945050445085 -0.16721845030137 0.0836079664881446 0.0662868377656597
0.142844272564216 -0.206985992179155 0.163084606785106 0.0260399232197953
0.0929754646961635 -0.18960658680356 0.16554925693132 -0.0477728732787187
0.0934924445269143 -0.189244335012757 0.0888904360882644 -0.0560959259308781
0.113722465305835 -0.170832759322635 0.0552096852282325 -0.0139862713081943
0.150140123840772 -0.182169998963634 0.00990090881222379 0.00781237461400822
0.23349105401053 -0.157807467822426 -0.037005582852984 0.00761737965169677
0.320698909334549 -0.0205453717515947 -0.11449264885008 -0.0583964260626332
0.292799225301248 0.196749695954045 -0.127430678194959 -0.150929427000602
0.174249621556593 0.289275143317585 -0.0995745160433357 -0.246093193129137
0.116240060113756 0.249732714283306 0.0568732638602385 -0.275991924583323
0.153084267987989 0.122149381197211 -0.191141801660052 -0.152104936484118
0.122200632739749 0.114199471888991 0.0597536178365731 0.277738914105059
0.19696041403491 0.163885971616287 0.279650104817855 -0.0273864922417714
0.314881449123126 -0.0187895308695402 0.0969916580592637 -0.0619082469234411
0.219919124635645 -0.198334509307059 0.153971165935855 -0.00554851348841024
0.0981277443135772 -0.217861909782267 0.198812608622375 -0.0709979665587372
0.0481639887160352 -0.179056502465527 0.185982744027631 -0.13011622456885
0.0413621120401768 -0.162729381662859 0.116470012761096 -0.120614644207752
0.0587487315286193 -0.138995672055029 0.0809877926192182 -0.0699370037740385
0.0911124282477212 -0.157535328362155 0.0346033820992124 -0.0460185989313273
0.172740796546738 -0.149566525368228 0.00675671948943156 -0.0513086600562265
0.280281115672978 -0.015830614733709 -0.0412408793618369 -0.0989809184157026
0.210152711644149 0.217667985975664 -0.071358412807248 -0.180150443704397
0.0667976755284291 0.227015752233037 -0.0687014328355399 -0.315400447141485
0.0817049882977407 0.122550588434009 0.0814971042595415 -0.368976847962496
0.109870069084621 -0.014234894957372 -0.226153139235872 -0.184617587303755
0.012830440840222 0.0535682639333876 0.0604397439177096 0.167380267446212
0.115204004570723 0.161596327919943 0.208193314307869 -0.0642123534266423
0.25667042501224 -0.0202488525455794 0.124222905703911 -0.0454385162721475
0.144895991200954 -0.183150006403698 0.208504400075426 -0.0660777293445934
0.0339598516558577 -0.175744704653466 0.216059834439927 -0.155521059999945
-0.00425648068335584 -0.131891146203105 0.184734860855583 -0.198235914265276
-0.0176717681510102 -0.110233894060683 0.125928739392427 -0.169479298442034
-0.00357649610635415 -0.0959419257637633 0.0872698584232765 -0.108574579582074
0.0248941075236074 -0.127802383763109 0.0394174393135918 -0.0853449682460376
0.106382365364767 -0.140338999957726 0.0363225779954007 -0.099364191682648
0.223092180030422 -0.013901497023545 0.0334646751014221 -0.120138865177539
0.106433593112231 0.200885588774233 -0.0121846536010435 -0.177183479855503
-0.0298259891446918 0.110902033263446 -0.0294069041409783 -0.358713553389107
0.0674158440411626 -0.0275447680157279 0.11171590383411 -0.425097750721431
0.0333470556570808 -0.140706852667728 -0.234187727486678 -0.178628846361665
-0.0958095031591559 0.00557726513974623 0.0518305133413773 0.0792689410370138
0.029178655313695 0.138423293653247 0.143742556040712 -0.05770673367344
0.157428108353734 -0.0234011787903283 0.156189336624886 -0.022364272922588
0.0416334602151372 -0.131930669992835 0.23641477706322 -0.108925792174072
-0.0332865810888147 -0.0958399589997028 0.210834340673486 -0.206581230606663
-0.0545997269288606 -0.0564252966586916 0.166231507939194 -0.234343810764391
-0.0721416028592791 -0.0415404758946811 0.114659631940552 -0.192881170409473
-0.0625533253760952 -0.0480284210171493 0.0708960614198329 -0.130955549323441
-0.034466033120545 -0.0999602192505573 0.0256169214815188 -0.118170484438904
0.0518303186680017 -0.128840263095599 0.0533491586080893 -0.142185851355159
0.161120430420918 -0.0144854312039551 0.0942842910519198 -0.122325598015252
0.00941865739840647 0.140621474206767 0.020212344970617 -0.153224059651066
-0.0810916988100325 -0.0404163386278227 -0.00535404517488035 -0.390285026446543
0.0784046553306446 -0.170718148837757 0.137434310626372 -0.439577657714345
-0.0821708843991034 0.256253174577354 -0.148021352348768 0.365762111855367
0.098529091184045 0.146756973123902 -0.011053264896351 0.462135438661376
0.0515666569335264 -0.0270394778659631 0.0326134180275656 0.139063381167844
-0.0686490286447785 0.0135950203228536 -0.117394506242588 0.0887696023845711
0.00661400964696608 0.0997646113096009 -0.066089891896069 0.192198576242643
0.0736409050950505 0.0563967528478084 0.0165557473560457 0.150392126325921
0.0982205671263243 0.00786289423669792 -0.0236224676471672 0.11340188157707
0.116846978148502 -0.0306412838004295 -0.0945066295506807 0.162929321661259
0.118139157609342 -0.0315848822958572 -0.123322645101372 0.225726686443071
0.105037587075854 0.0118804364160476 -0.178949169561811 0.222098584106474
0.0564439883655523 0.0562831519417332 -0.23142776735694 0.14762092674743
-0.0373554351855663 0.0225110263294479 -0.205581879125828 0.0386670481020988
0.0637160350444792 -0.0980035509985163 -0.118183160631918 0.020970604592652
0.194287786978557 0.0622700920726898 -0.090984303917641 0.0120584229711795
0.0820702309323513 0.26535945495088 0.107408850482603 0.121829283085094
-0.0741548203640112 0.320097096411937 -0.129170144883609 0.277151861146257
0.0999909829833165 0.242027748687745 -0.00746118079819331 0.495931715869663
0.111060135891867 0.0730666229448369 0.118764766011816 0.134575643703136
0.0293450399378417 0.0252054692996268 -0.108455255337835 0.0546176272818371
0.0712528894652235 0.0591009458194242 -0.0713223303001476 0.201996285215443
0.113796609513893 0.00744488781036219 0.0419578064580431 0.167720841160584
0.126119193158467 -0.0475779422082854 0.0248992420313329 0.1074323812709
0.141881436639076 -0.098046067310342 -0.0520942788174607 0.133472986569188
0.151873118983335 -0.105410947779489 -0.0827872818091101 0.188594123791144
0.160249996382343 -0.0803209466663689 -0.133793229859679 0.196631259239269
0.160727477172032 -0.0250904408864728 -0.196071729737066 0.149476255774277
0.107237845802186 0.0170525296975561 -0.215851846489697 0.0356394142531885
0.168288814532307 -0.0121937966903438 -0.132760573180176 -0.0127081512348837
0.247606079130846 0.153353106909322 -0.0835008836369412 -0.0126013718277237
0.138680675337543 0.331480936828143 0.0825747945789815 0.0621861804140425
-0.0222813162201801 0.344285531304357 -0.109207485228265 0.159637698188295
0.124843018903361 0.282432579989461 0.00479357181198691 0.498135075143258
0.174638861119636 0.150909982080339 0.215979667723292 0.132355845048334
0.148048623123356 0.0311756884555514 -0.0576826456068723 0.0172911068848988
0.15139661396727 -0.00772286646143022 -0.0462572945039738 0.18261368982975
0.145981517857628 -0.0640120295049029 0.074037970489227 0.15804290471671
0.135868195223876 -0.106552932178056 0.077228798361386 0.081435639149247
0.146946904832087 -0.151437532206044 -0.00192870461522336 0.0818271770163533
0.164354731999138 -0.155762268803496 -0.0352340349203722 0.127359472800937
0.190321125851205 -0.1478531810985 -0.0820247079992489 0.142728902353879
0.231989429658736 -0.0955060310218267 -0.14736026040971 0.120645733559321
0.231265673544937 0.00120581007865324 -0.204550314524068 0.0190601307122387
0.259747000004321 0.0754052673325513 -0.149300658520207 -0.054918926191387
0.267260863057945 0.237546784167644 -0.0909333844324419 -0.0753067923116767
0.155722590557586 0.357373688661665 0.0622592050734621 -0.0343169172705985
0.0586258155381718 0.319597074621011 -0.109937799207128 0.0347906567141598
0.166769845301166 0.2632826123631 0.0216855420922744 0.456251642712734
0.229439591827511 0.18017203409164 0.287559506916718 0.102802219674501
0.254798665519641 0.018839127057276 0.00861289344781824 -0.0186773230117027
0.220688033200718 -0.0889977069840705 0.00981878015333475 0.134209436922756
0.160289698282996 -0.142428329113672 0.115477944560786 0.110852125959201
0.126524097698599 -0.157304162423815 0.126759085348542 0.0295500556210675
0.13118630167621 -0.182485826126656 0.0476056932344728 0.0153997809865545
0.153616985471969 -0.175688371538743 0.0132869378267935 0.0541824603236696
0.18733362364467 -0.179469540539787 -0.0313387024298971 0.0733622666025757
0.257839996162457 -0.139070268865594 -0.0904788686641614 0.0672912353941386
0.305587333786972 -0.0117349371549766 -0.168982197347905 -0.0163242295741229
0.306106881845403 0.149840842019282 -0.148798411456175 -0.104139235326671
0.241332957242349 0.290865565045948 -0.099160946846805 -0.159620370858541
0.139595347057296 0.333179623372168 0.0534695826903692 -0.153765756606443
0.125651675912593 0.244406498757413 -0.140198378888815 -0.0769242050216085
0.173132272574192 0.196580380246156 0.0388437659797165 0.378230888709987
0.238995708987958 0.175239934822433 0.308942517291167 0.0423967612137252
0.314180587118548 -0.000468545764491312 0.0635133001640888 -0.047666283312676
0.248715167889268 -0.157585658828549 0.0820228369741602 0.066750351305585
0.146153119726978 -0.199093739706207 0.161410994027482 0.0294328518209847
0.0970842305181501 -0.184644088357484 0.165103372191873 -0.0442447263071632
0.0964041133432339 -0.184690920283243 0.088992834964652 -0.0549106371350449
0.117490515470273 -0.166363271394334 0.0549531102316562 -0.0149796778617753
0.151692116010334 -0.17621825374159 0.0106548351177809 0.0067871093258926
0.231650087672474 -0.149678048065045 -0.0346200916581497 0.00426900190147479
0.314644386151589 -0.012764399203863 -0.110344417678159 -0.0620406620475692
0.283238485299064 0.202881182178795 -0.119230814234288 -0.151189931586756
0.163202116532662 0.291945307225819 -0.0894987831334162 -0.244773715245335
0.103402552407506 0.252238471473426 0.0650632216620954 -0.270981637049682
0.144134703998162 0.126352241785975 -0.183835302384732 -0.153265433625918
0.115261538226062 0.118446127064366 0.0498374115263941 0.2764394665314
0.190490493273906 0.168154147670243 0.273613040662885 -0.0202265629664439
0.311605572007995 -0.0114820573941131 0.0986692837814236 -0.0542862489100889
0.221521039307327 -0.18882643072862 0.153872396128357 -0.00247828836188261
0.10219706146878 -0.211073694337577 0.198925846538629 -0.0646768538687533
0.052608576360662 -0.1760852301573 0.186945901199407 -0.12509359628358
0.0443521307042888 -0.159007349449765 0.118226542977163 -0.118610167689558
0.0628931041753612 -0.135185554603793 0.0831477634890683 -0.0685107781710577
0.0935251526443133 -0.151940700378047 0.0370474152302939 -0.0452462884209274
0.170756471461203 -0.142842482468863 0.00871195678113828 -0.0523165689076349
0.274581346732813 -0.00890714892040683 -0.0366620497920652 -0.101010593349446
0.202110386963095 0.220838550800036 -0.064152066740819 -0.178503204046804
0.0582116604886225 0.22887268685184 -0.056071347865287 -0.310817314608881
0.0730269122464032 0.126628312734429 0.0924460563047857 -0.362670578954753
0.106111835799433 -0.00938009954621263 -0.216510208895574 -0.187651093768423
0.0094648840717763 0.0563512188206435 0.0543469406847573 0.166175663140613
0.111180532978483 0.163136023349204 0.204098517675715 -0.0574080774737586
0.254047292151752 -0.0146023721736229 0.124798100761759 -0.0376707531734918
0.14629546863416 -0.176155271416518 0.208665093167607 -0.060332496872365
0.0382586810035465 -0.170996623780479 0.218399919491787 -0.14705311017254
-0.000441574658345318 -0.129903651820751 0.188936058005464 -0.192168964090392
-0.0142945271139616 -0.107880600354031 0.128632242192904 -0.165389439385589
0.000214725361474168 -0.0934046803283652 0.0900636984612272 -0.106066888711626
0.0273137858228378 -0.124277492651225 0.0420561746428863 -0.0829700474300511
0.106300710882622 -0.134600620939326 0.0389074360204622 -0.098170200797887
0.218442122533285 -0.009143260986625 0.0376021475809155 -0.120290169259376
0.100642679175581 0.201011488802184 -0.00479699235471929 -0.17412937207926
-0.0335055928034151 0.110346290443981 -0.0146347076631391 -0.352563481057161
0.0647186554667999 -0.0219071325825668 0.1255817245457 -0.417298587884265
0.0345222287154488 -0.137025804654893 -0.223705345864156 -0.182959206436055
-0.0946423951169294 0.00502791958563005 0.0486334734639328 0.077529415720732
0.0272022224923372 0.138450364494664 0.141296879558892 -0.0528979181733235
0.155250063397172 -0.0203115641356426 0.156649369771243 -0.0149092731977761
0.0424338563348243 -0.128166950156177 0.237697617281599 -0.101917292212665
-0.0306471635931227 -0.0936598749777253 0.21366057866713 -0.197054442796893
-0.0521671490828399 -0.0568465440509459 0.171015033000526 -0.228405274366392
-0.0696201359945619 -0.0407145989467807 0.118543610064097 -0.189695770373324
-0.0599783693852923 -0.0472452342634944 0.0745741585731634 -0.127505515118653
-0.0318166971690552 -0.0986408022577629 0.0288354738392231 -0.115232371892143
0.0523290117971073 -0.124867266606868 0.0560993212311836 -0.138951961264504
0.158283937696888 -0.0113061365769521 0.0976806811757347 -0.120499384365287
0.00745620809743723 0.140056325747607 0.0268233355446025 -0.149691606850942
-0.0789420444120206 -0.0394109742572293 0.00852161087552658 -0.381733939208441
0.0801880908060509 -0.164053454965913 0.151111315882362 -0.429861176183557
-0.0896743945396595 0.258549003897737 -0.166296992946615 0.372140006725664
0.0969498949851891 0.149850925663573 -0.0266387866380667 0.473668139111035
0.0512359263409019 -0.026555339605584 0.0273929964550461 0.141253759679241
-0.0705727619588529 0.0132781294539662 -0.124654740574829 0.0902162588348725
0.00566584677181148 0.102129957077058 -0.0706902317518182 0.195584493530834
0.074047298394576 0.0592551023694751 0.0140717353541263 0.151993533017951
0.101246158754247 0.00982030294772139 -0.0294176922777302 0.115421967167395
0.120053547909525 -0.0306416795236315 -0.101736844275663 0.164912966526712
0.121939636414419 -0.0323292639104123 -0.132086592542419 0.227260891530714
0.108089518003758 0.0127635075485102 -0.189134009095031 0.222333009877705
0.0568297331718749 0.058792399665545 -0.240213790100286 0.144872542230051
-0.0372018608896013 0.0228532217541265 -0.211061725971915 0.0333029368650535
0.0657431521419728 -0.098711439516934 -0.119113649843131 0.0163283798252656
0.196182287026666 0.0659468053074997 -0.0933557442218251 0.0108578344331664
0.076128867897863 0.272559039242798 0.103144525137548 0.128968247577375
-0.0850262684522135 0.32537564147788 -0.14425044921333 0.282888637655105
0.0957664141430005 0.248191522577807 -0.0233754653185034 0.508783306489925
0.109097764223005 0.0771469083937165 0.115156476641657 0.139055274173602
0.0280516689198349 0.0280692517384662 -0.114562542358769 0.0560130836246
0.0716420852348607 0.0623703861768151 -0.0751642009152765 0.205034310302326
0.116160073216855 0.0107569516858245 0.0398934398408809 0.170039505909205
0.130932648546248 -0.0469156226044952 0.0207910549638009 0.109788034328066
0.147346489692641 -0.0986621977380751 -0.0577471952208048 0.135395849233935
0.15798955276698 -0.107237218310072 -0.0887507590886942 0.189448861163188
0.167537006808305 -0.0796668059650493 -0.141231668533956 0.196315189820515
0.164447569455399 -0.0221380943944517 -0.203094688563939 0.146501600884031
0.11034178556241 0.0204556720791444 -0.220695366475488 0.029653970373659
0.16995581504486 -0.00736966719440894 -0.133732945866742 -0.0174897158394683
0.248912181726516 0.161905964258763 -0.0848191323298194 -0.0143231677931742
0.130567821292133 0.342524224679009 0.0808866582705837 0.0676775344203625
-0.0337658824624983 0.351173969967699 -0.120224696387859 0.164671924765119
0.119253991994038 0.291716433917641 -0.0129822896654611 0.511770092376685
0.172870970707808 0.158345901857489 0.214578529937342 0.139778414574889
0.149640619900724 0.0364722028787983 -0.0613741000183697 0.0199674058734575
0.154389707028729 -0.0033592771997027 -0.049770895528331 0.18591472975436
0.150660983570476 -0.0607489636074444 0.0728442849554408 0.161845410996738
0.142492503922943 -0.106444227984095 0.0763473106487795 0.0841831662726046
0.153429343343482 -0.153557008256525 -0.0047508107634312 0.082376290878643
0.172413170708928 -0.157479638217642 -0.038882232723641 0.127068918788924
0.19920304537336 -0.147700097087551 -0.0877363537357184 0.141741894435036
0.238711678659743 -0.0921806832294723 -0.151229538027412 0.117201309292861
0.237085292617831 0.00749362784890454 -0.209374249707318 0.012367941905387
0.261760342115375 0.0850692314702332 -0.149396399727129 -0.0605627692608814
0.266111881864913 0.250072106237228 -0.0910045966879338 -0.0784815053805508
0.147185573432932 0.370824365333992 0.0630479764617882 -0.0326386064230768
0.0482256662066848 0.329881176862092 -0.115902583922072 0.0367673394082184
0.161079150554248 0.273863935665188 0.00793965829178742 0.469901676846696
0.229470637304164 0.191504899794704 0.288430312617199 0.111090195988571
0.259756373477212 0.026396249556866 0.00791222216852632 -0.0154348711030875
0.227513905043949 -0.0845040175778185 0.00809998831415817 0.137087607474764
0.167270315204084 -0.140432244107716 0.115572387150161 0.115111903845799
0.134100211208183 -0.159602594123586 0.128481748059554 0.03226159471922
0.13808472162961 -0.185007689076417 0.0478116142950218 0.0146440690111508
0.162031421579972 -0.177865152892481 0.0127186638189301 0.0536829513035605
0.197034445136553 -0.179255391551164 -0.0333909260325528 0.0718431004643383
0.264869014878325 -0.135406743927272 -0.0915629553961934 0.0639940863532289
0.312226720127824 -0.00418454867721486 -0.171657062401931 -0.0230587919839649
0.308359168352217 0.162976199901611 -0.147633564519793 -0.111031280067227
0.237580213815171 0.304973157680243 -0.0964565983365663 -0.164494595245222
0.129064631209373 0.346368551730047 0.0590796536690621 -0.155115633028071
0.119163461987379 0.254964305410702 -0.141930636438714 -0.0792388496744371
0.170013421346411 0.207663590993148 0.0270328223087056 0.390822217526054
0.240071245533649 0.187449453478058 0.312309166869671 0.051160984164156
0.321357615651704 0.00700991798321991 0.066079638485048 -0.0426050550697902
0.258001828689464 -0.154440941915224 0.0839827162005798 0.0710657622373936
0.154056107709138 -0.199084360570627 0.164660666541002 0.0343133024060597
0.104169245668258 -0.187076583924946 0.170495782134261 -0.0431042827870978
0.102999537693897 -0.186547025763919 0.0922768691309394 -0.0568598236586987
0.125136108500734 -0.167803107691586 0.057402674479827 -0.0158795801574698
0.160933853425892 -0.175583887950537 0.0116475660009468 0.00539254748983785
0.238134358797803 -0.146388577422426 -0.034215440851885 0.00126099001903437
0.320705865974241 -0.00523666648487268 -0.110594851883153 -0.0688596176467889
0.282894482528105 0.215132537920913 -0.115919885664551 -0.158056151980805
0.158613332195488 0.304223034309638 -0.0829326960846133 -0.25154473004828
0.0944290390956083 0.265466976942414 0.0751990624728854 -0.275784798734038
0.141090915002926 0.135105812478936 -0.182983307220153 -0.160482627284726
0.112805971962918 0.126514932493982 0.0430232909159303 0.284917701311769
0.191892268223743 0.178123113449312 0.27699174669707 -0.0145753817856749
0.318526422005637 -0.00455292615414764 0.103131773552481 -0.0490250142521328
0.230295566038951 -0.187078247270637 0.158322724977187 0.00139795898949425
0.109030524561411 -0.212742704330608 0.205869909477486 -0.0611746435938507
0.057783990140495 -0.179073995181457 0.195750176691828 -0.125124000474407
0.0493180171128364 -0.160556331300457 0.123822680646629 -0.120947938160382
0.0691437723916558 -0.136360088812359 0.0876242462698198 -0.0704424714574731
0.0989933333145634 -0.151449922459892 0.0400231642326167 -0.0464499121305395
0.175734111532233 -0.140671098631652 0.0112865618667742 -0.0556726462574714
0.278881167757761 -0.00305799230861264 -0.0342639530263221 -0.106537465922497
0.200139870057793 0.233043342195035 -0.0578440943552822 -0.183505410437285
0.0523619842874429 0.237477481956271 -0.0464348695023525 -0.318233406303796
0.067095862315508 0.134983356724811 0.107315966910432 -0.369630521252919
0.105321733549097 -0.00515116431635575 -0.214452197367269 -0.196748665298419
0.00836822600569598 0.0607179254127032 0.0499602750004491 0.171131854560545
0.111064111610126 0.171596342105743 0.208067467100444 -0.0542518724592182
0.260473730157701 -0.0103830759125426 0.130740381977596 -0.0324089077678158
0.152198208604665 -0.175410075847866 0.216779150772367 -0.0561167397881937
0.0436053125925042 -0.172394902676 0.228290837798239 -0.144756137447839
0.00196577528458299 -0.133230934278146 0.198798403370717 -0.194018430121476
-0.0120006350621908 -0.108768558182585 0.13592470417619 -0.169040487657789
0.00327015714530929 -0.0940666229468824 0.0962386675943843 -0.107352769926519
0.03026271601932 -0.124577512153029 0.0467321171171044 -0.0837053722536452
0.109115501514403 -0.133828123746732 0.0428494764421827 -0.101129617691375
0.221037323066723 -0.00494840120565244 0.0426757312916351 -0.124638752610994
0.0981726908005825 0.208959625154526 0.00365145387426636 -0.176999652349399
-0.0375875251617892 0.115009581206315 -0.00219245635837877 -0.358148911688505
0.0640676729263183 -0.0176306791495252 0.142622822796724 -0.423778544397256
0.0364349288670156 -0.137814704170387 -0.222009591327263 -0.194332162226967
-0.0963834265354461 0.00587161378567905 0.0476815867275096 0.0781819476880043
0.0263527371327646 0.142993282780473 0.143056917853842 -0.0503816133138518
0.159481474229005 -0.0189270170847843 0.161706445487455 -0.00871271204785748
0.0452647639328575 -0.129164848430473 0.246201610011648 -0.096924325222547
-0.0289616400861928 -0.0956213251420478 0.224629867380044 -0.196027684166426
-0.0525325864094357 -0.0591268419617535 0.181766750728199 -0.231183145812172
-0.0702631951405305 -0.0414656978695315 0.127330803024153 -0.193003704084829
-0.0595026520127769 -0.0482116834125923 0.0811515689318933 -0.129612526511641
-0.0312137422509461 -0.0996868593643659 0.0335145055060339 -0.115846998889995
0.0553412089746538 -0.125808385772445 0.0608348362758149 -0.140931998576533
0.160932653465963 -0.00872637088425082 0.10427008806299 -0.123454752668195
0.00558813024690074 0.144605916535787 0.0349269553034842 -0.150963501964929
-0.0798591929801699 -0.0399011352846019 0.0244663903521676 -0.386446645422797
0.0854305797566226 -0.163402915424694 0.171049732177684 -0.43718538377539
-0.0945605723491087 0.27106164078337 -0.180771371408539 0.39512876960417
0.102079322450107 0.154447145397571 -0.032215881806689 0.498778938887432
0.0517297904240601 -0.0291314131191938 0.026272752999985 0.148242609462689
-0.0747995315033398 0.0154369465303202 -0.134459326681884 0.0974666085542253
0.00674931135891419 0.106079570550289 -0.0718251125798827 0.206850535845724
0.0782984496015161 0.0620214000018387 0.0156586666962795 0.1569441082971
0.107568734912547 0.00878086848311696 -0.0318463095185394 0.122008188289818
0.125956165169049 -0.0352147472549324 -0.108074221990724 0.175557878523481
0.127773106600209 -0.0367962328514855 -0.139213394272613 0.239087467599189
0.115047569990476 0.0114349989829372 -0.199304234367315 0.232468006437979
0.0607092262885021 0.0613598461508534 -0.253099250723218 0.152007592001288
-0.0387445164630831 0.0249029486246967 -0.221932348073841 0.0345096946482582
0.0669703094425756 -0.102920980451229 -0.123689990051222 0.0154709477722204
0.20597955952122 0.0676474169436159 -0.0978914563486229 0.0124167663112678
0.0794599799362574 0.285969575903012 0.105971614660066 0.137203154993189
-0.089816619481854 0.34232726760859 -0.157769080272947 0.30218866243068
0.0999191289818873 0.25813125239773 -0.0283213924565861 0.537792095227846
0.112657517874287 0.0804090516758272 0.117919579946531 0.144902766937664
0.028277774726959 0.0302500277325226 -0.123437206199184 0.0624318894690217
0.0762908950384093 0.0653597888011952 -0.0769898478440998 0.216803449965859
0.122146678115641 0.0112559727470637 0.0428255962597838 0.176559393253729
0.138754112517932 -0.0507611299968972 0.0212666693908138 0.115271028046863
0.154251398673332 -0.106595356926379 -0.0613131449965757 0.142994478819459
0.166412269694849 -0.116124026235751 -0.0936783115321716 0.199148740548735
0.177243364618783 -0.0860565403607093 -0.14895805650842 0.204469552548684
0.173312643223429 -0.0236134332917548 -0.213191707251162 0.152804876709995
0.117299880581742 0.021832105273449 -0.231748945051375 0.0311349500836382
0.177661206069604 -0.00649990095156988 -0.139130469430144 -0.0194117225058777
0.261664569134925 0.169383431288502 -0.0893179772947225 -0.0142567060149701
0.134226556442286 0.361547301607447 0.0825868709991446 0.073522000110842
-0.0379498023925868 0.371024774767072 -0.130593029329778 0.177636804706014
0.12360555029377 0.307082382923294 -0.0164667532137861 0.541792785781626
0.180202278229228 0.167251155936573 0.222856067657446 0.144948125466656
0.156300758524905 0.0396681314484749 -0.0666636680494909 0.0244193118024016
0.16263524575963 -0.003373082794185 -0.0507927245479795 0.195961600071683
0.158451187655422 -0.0642166497249453 0.0777244757866639 0.168252919982129
0.151234831249178 -0.113425728687385 0.0801156020060042 0.0871638732010471
0.160514211801869 -0.162570411502012 -0.00553465584906853 0.0859975144955353
0.182351013906676 -0.168926300708272 -0.0403274484848182 0.132009621803356
0.210896930779645 -0.157321267479873 -0.091619485231324 0.146494658420308
0.250191077583898 -0.0970292962820512 -0.158742306971392 0.121242806218126
0.25026484888794 0.00787630211328331 -0.220415150576394 0.0121317369265916
0.275580479466534 0.090460411426876 -0.155210016972639 -0.0643093515535499
0.279402190206906 0.262991241766374 -0.0950960707353425 -0.0817776267279452
0.15153488684575 0.392879047679838 0.0658199871428252 -0.0332154384063554
0.0481777952291613 0.34912622644654 -0.124059072865091 0.0425723402264947
0.167912509928706 0.289390994499711 0.00682806938024532 0.496254290062045
0.239970739463366 0.202174544846294 0.300796143544935 0.115345726744548
0.272914556932574 0.0282808024496395 0.00703623643590634 -0.0122501694769237
0.239458824610217 -0.0889911358177137 0.0098702079018702 0.145433813319801
0.175668824141839 -0.147862160689112 0.122687985098015 0.121055912407388
0.141250161066181 -0.168700653684298 0.135668895828129 0.0309658858841165
0.144590396738178 -0.195181810273872 0.0496609425551586 0.0128068835508634
0.170802651063506 -0.189276313519906 0.0139817038184538 0.0540058305172835
0.207742590637564 -0.189756157552801 -0.0347110992104357 0.0733752610863475
0.276569807204725 -0.142251767852929 -0.0954239438869849 0.0639867169829161
0.327656372828797 -0.00494874437381308 -0.180424799339153 -0.0256289938551245
0.324708051100369 0.173220166115228 -0.153239272505479 -0.116939178093708
0.249069335504721 0.321918969120327 -0.100320233552419 -0.1723572327778
0.132438020584778 0.368787167865947 0.0628252321233935 -0.163329351093445
0.121170899698064 0.271395400354271 -0.149987785125892 -0.0805381991815119
0.177238811702316 0.220300580115223 0.027373484941424 0.414632188534734
0.252231054155008 0.199306661043018 0.325366113424776 0.0527627566417566
0.337859623101486 0.0075010273093489 0.0691127530213525 -0.0415840395082864
0.271279698899922 -0.161585877562546 0.0893449511654721 0.0740770498309217
0.161484669529301 -0.209161881005728 0.174201334264277 0.0359752054696346
0.110033513650661 -0.198089889074045 0.180147295581435 -0.0492420893328985
0.106957091782215 -0.196130323873882 0.0973538881514808 -0.0627055127304016
0.132954912682189 -0.177369334647748 0.0622069884009062 -0.0195906059398523
0.168709425378243 -0.184698976378392 0.0135385611073876 0.00332039543257126
0.247453704572161 -0.153326241738924 -0.034842076485032 -0.0019522962656991
0.335779749336684 -0.00590823702467825 -0.115476926877426 -0.0746486411558158
0.298255208962017 0.228760528368434 -0.119925162473007 -0.16584985571126
0.166161158948693 0.324056507135645 -0.0856930608283189 -0.264395321910875
0.0961397335099982 0.282713115343644 0.0806267524251836 -0.29093568417329
0.145268435607647 0.145096855071844 -0.19228036374371 -0.167990588207992
0.117822106623402 0.136588307541882 0.0439855405373886 0.302596112557593
0.20302435614893 0.190111825265202 0.288949349074192 -0.0161245037808852
0.335489162434572 -0.00541454132744898 0.10973229450265 -0.048408412365143
0.241691831652667 -0.196335354389662 0.167790213579735 0.000970246422917114
0.113989643470118 -0.223150722017964 0.21858853280979 -0.0641727072534404
0.060055933100699 -0.189231774721165 0.206646893141807 -0.134733324311608
0.0516582605411172 -0.167791838469884 0.130181966523714 -0.13045288282982
0.0734308042125282 -0.143713257126651 0.0931591068694008 -0.0767189080167511
0.103372593835469 -0.15883413568118 0.0431968487862893 -0.0502000276110896
0.18241698250789 -0.146605565071358 0.0136483091975817 -0.0612650761664284
0.291543756451531 -0.0030138459916595 -0.0354688602859091 -0.114966365104417
0.211599577639259 0.246171046314744 -0.0576459026866628 -0.193156916908979
0.0546366810403857 0.253090980782587 -0.0454105857105209 -0.333437271114134
0.067785532972539 0.146535311247561 0.115088329333523 -0.389624627227382
0.108109562727607 -0.00245955424551576 -0.223468577776694 -0.208408594997886
0.00785141894790814 0.0667208635274367 0.0525623877637062 0.180291750878375
0.119166295736454 0.182430897875361 0.21582228101522 -0.0571404493386216
0.274073494871156 -0.0115058638904553 0.138921246063011 -0.0309619181565301
0.159426343528396 -0.18394872319086 0.228455425055394 -0.0595459892087652
0.0453634131891699 -0.180956967611605 0.241795919536748 -0.15277349021107
0.00185164342639189 -0.140247732547829 0.210265454257541 -0.206873245970648
-0.0126258225556047 -0.112896548932158 0.142748386687237 -0.181119147964962
0.00422074815151546 -0.0978477800594992 0.102959786280104 -0.11518285850854
0.0315572104516923 -0.129622417031521 0.0503992253526884 -0.0883183899796657
0.113035272020998 -0.139862102578115 0.0454450481072785 -0.107538201816996
0.231064821232653 -0.00532382440487917 0.0459062712106268 -0.13390741133426
0.104722832006853 0.22111266053142 0.0066819820240582 -0.185979222937735
-0.0403113436542375 0.124129091032328 0.00279655463512193 -0.375182084069571
0.0656194416368786 -0.0155649957670966 0.154455477287699 -0.449085907655663
0.0360495737574098 -0.142784300691167 -0.230788300879119 -0.206406169069179
-0.101165011246406 0.00900976344369397 0.0496033244452403 0.0811078233126229
0.0301564307265509 0.151268977549005 0.14797990096659 -0.053420242699672
0.167456305798973 -0.0213697297366498 0.173372260231413 -0.00652407867909333
0.0462878497837723 -0.135305173224949 0.259978229091027 -0.101912765022748
-0.0306965957532332 -0.0993328672374242 0.237790419951153 -0.205317641662648
-0.0558095818407689 -0.0615657035138294 0.192204244741013 -0.245163335510882
-0.073891463763197 -0.040754890084949 0.134502744557495 -0.2058120017378
-0.0622727811928389 -0.0490562325252967 0.086452337828309 -0.136975802928747
-0.0333431557310926 -0.103297808522789 0.0366881340922238 -0.120616846059708
0.0564867033318404 -0.13187150626349 0.0638215451807697 -0.149498936223733
0.168132348407599 -0.0103184457037542 0.110264579088744 -0.132415339296111
0.00836681673036269 0.152544903042121 0.0405285941272461 -0.158021066151127
-0.0844133886140619 -0.0380311648870294 0.0300833412147081 -0.40484060156768
0.0887988976825517 -0.169957182598266 0.181428589444083 -0.462998418631337
-0.0532600648717834 0.298448787509887 -0.137700639213519 0.429994148707565
0.126358427595843 0.141228235081614 0.0429078871149897 0.530027079626229
0.0460829905561894 -0.0394983510492209 0.0478443832513627 0.153609243434826
-0.0767233668371172 0.0265568859912996 -0.120610825972273 0.127807224071523
0.0213147114609351 0.107254649990293 -0.0362875863739368 0.223733535325728
0.0902840804565253 0.0518935414731461 0.0392925490384669 0.157132926894319
0.114239513846368 -0.00878304830803158 -0.0158839091626858 0.134076394633435
0.123528883518246 -0.0600156173584467 -0.0846557680191804 0.201815629916479
0.123066010396188 -0.0623208868252373 -0.107767664804138 0.273017921481402
0.120793903063921 -0.0102066176106813 -0.170605491683657 0.273965695888473
0.0725337561559098 0.0506139685765809 -0.242610143354192 0.198910719721586
-0.0335987220088775 0.0321391521053512 -0.226726402149761 0.0707237918690082
0.0505304291282559 -0.117715422994852 -0.128213550115193 0.0341682326592105
0.221716905026047 0.0350714298976162 -0.0994501422201998 0.0251612954271029
0.126786015855833 0.279173928267388 0.130967900314131 0.131147117811218
-0.0364787551482261 0.376770210804206 -0.133218642065006 0.324936895690132
0.138942210183724 0.252303888556906 0.0503148690440235 0.566504488267106
0.126684188520902 0.0665148852957103 0.137349251757913 0.130260108579608
0.0329790957803383 0.0275339974936615 -0.120672765988183 0.0892850307046083
0.0866862500607323 0.0543185980979902 -0.0439761870714582 0.238028656514044
0.128715479265827 -0.00811378389412407 0.0690576393168822 0.175935974591271
0.137866713334951 -0.0755414417031741 0.0374449125648388 0.116984158406103
0.142332591089947 -0.139233227312642 -0.0419602691597523 0.159689864867265
0.150931639956513 -0.151048205846733 -0.0674871452683407 0.222814170926431
0.169237698509164 -0.12113572762762 -0.124111298593815 0.235010745358787
0.175411832119788 -0.0548316333649289 -0.202540522299745 0.192501123206667
0.127435452853495 0.00546893647521468 -0.24148276274441 0.0669117457206789
0.181454289957356 -0.035284108680252 -0.149912433224913 -0.00215330596286094
0.294602627518577 0.132864221713697 -0.0915655542270145 -0.00567867318098916
0.193751477880139 0.349837878045311 0.0979362647366125 0.0681851629221495
0.0249964297176074 0.398592362158674 -0.13060450941331 0.19015678897558
0.171602288769301 0.301886322195026 0.0641707653555096 0.566956099579641
0.211295497169868 0.148708490361881 0.241395026901112 0.109756689817788
0.168256017198427 0.0189024913830763 -0.0739890668927248 0.0401735459381512
0.166200447348766 -0.0287677957565455 -0.0249046203105392 0.215848521194643
0.154402087826621 -0.0912007811412447 0.103596440086953 0.166401634557635
0.140616920414092 -0.142955347399698 0.0937850716794994 0.0773008329680905
0.140196885639922 -0.197272461080815 0.00684684345964926 0.0900030293185655
0.159995143282337 -0.207965816956805 -0.0224659880347674 0.143544035115997
0.192488731427135 -0.198672894430889 -0.0741606859469596 0.164002995267666
0.242044684994644 -0.142144770436913 -0.150371362371967 0.150153145948715
0.262558326604528 -0.0296834817281615 -0.233096237566259 0.0447441843515182
0.299414369464902 0.0491717298252879 -0.173237700092877 -0.048508074787357
0.328300627170773 0.229214126062739 -0.105821313001659 -0.0763224764779984
0.213201599503605 0.382039256168808 0.0649614632198179 -0.0414994865690656
0.112298413873323 0.364203402321402 -0.149509703907313 0.0517890322108457
0.214658779194535 0.277564873262392 0.0776213939469668 0.520600716959941
0.280488358687605 0.178575468971748 0.31526130779589 0.0648709041414261
0.289308578942478 -0.00896239854955898 -0.00918106838489078 -0.0103318927773639
0.234279340479501 -0.12810107484996 0.0253724509223769 0.15658998843301
0.159338969245411 -0.181406843025826 0.142372233865464 0.113310188433245
0.122495858389189 -0.198613918097766 0.141925613102264 0.00828365970442111
0.119724038415475 -0.227934691423788 0.052268653687099 0.00515140290720629
0.145912699447899 -0.226140457365349 0.021919095516049 0.0519840033915339
0.184699620406289 -0.230992186522161 -0.0264187962029718 0.0777569813790294
0.26156549860117 -0.191900607151556 -0.094057636304732 0.0799198448784635
0.339820878515956 -0.0538324715119922 -0.199220511497928 -0.00265643171388313
0.364457200602237 0.126236092422611 -0.179279986534326 -0.105423867844722
0.307200828894303 0.296453625227943 -0.124667705761602 -0.169855320222211
0.19137797963695 0.362545823700357 0.0416811889886722 -0.179449959757806
0.177734973831421 0.270169276646064 -0.197018735409867 -0.0667488461857219
0.216152706666778 0.2066764815304 0.0877511650045771 0.430224254530887
0.295440347758867 0.172599175999215 0.328269013384343 -0.0043796796452207
0.354813251461666 -0.0412803040882921 0.0485546256537479 -0.0509668526525362
0.257256619615726 -0.207655911133393 0.0948311327614816 0.0721524584346526
0.13458344417876 -0.242675798475386 0.184143075286463 0.0193831182585196
0.0848065784378043 -0.223235406089265 0.175903387673339 -0.0833668543248273
0.0807356750547631 -0.221468660295486 0.0897269562832528 -0.0824625253067306
0.109948168036428 -0.206911582259011 0.0605982096540842 -0.0337696956110711
0.145858838911959 -0.217773736576873 0.0129213819627993 -0.00293277860791625
0.229237226266368 -0.196693834566594 -0.0407997181792458 0.000496886869977601
0.347100234394475 -0.0550579500070107 -0.139310802044389 -0.0653221428366484
0.347626262078989 0.188264586248783 -0.149299230913543 -0.162289219571808
0.221851967734472 0.312624941355768 -0.122392375038349 -0.265916719806411
0.13915917102837 0.281309873841693 0.0414068220268084 -0.317650616116738
0.180593855888697 0.13190960333363 -0.249644697572958 -0.14331106422344
0.142253747062109 0.128366911670312 0.0905511447918363 0.310658435000698
0.244225528188612 0.171797567180594 0.281155052482798 -0.0711080404515331
0.351368963807726 -0.0544553801574511 0.0900210655697834 -0.0657258895908152
0.222028481675531 -0.23760447768071 0.165928294211849 -0.0172604404828874
0.0844889364280538 -0.24871012228395 0.216434202640327 -0.0927655463075741
0.0340059199276413 -0.206227464047961 0.189359284871662 -0.179206962387084
0.027877550630139 -0.181676745929644 0.112665596944115 -0.159177507228091
0.0538036159517784 -0.159976472094026 0.085612698371942 -0.0984748637033971
0.0818206168462573 -0.178806925911982 0.0365006547992416 -0.0625654129184089
0.162746066670181 -0.178008031135376 0.00136094997263561 -0.0675340939996762
0.300570265138813 -0.0451756037735944 -0.0606565538342396 -0.120950110008953
0.260694690458699 0.220763156947079 -0.0865866913657821 -0.199565827852468
0.0964359702597868 0.257806620660848 -0.0919722127836986 -0.34201349561221
0.088966397039599 0.145029679397815 0.0634934422017559 -0.430316543916074
0.115283404187199 -0.0192015353356278 -0.276956584803778 -0.175334952747702
0.0169490326697425 0.0719406193561578 0.0840045705502184 0.178834678165699
0.155830854182245 0.176535730504008 0.200965513937225 -0.103669297855309
0.284727088872611 -0.0524170731062895 0.128822197078928 -0.0533949092590711
0.138292431952511 -0.211697519808586 0.223076660495286 -0.0928302062956424
0.0186631946318914 -0.193183972333799 0.229202562261702 -0.191946588165398
-0.0193985374464688 -0.145737179690557 0.183297530719047 -0.257335187027711
-0.0295345044050611 -0.112837916673837 0.119393140728755 -0.214305727046058
-0.00965972794096661 -0.100991819353934 0.0895196917644181 -0.14021279238148
0.0121755065767923 -0.136916194427807 0.0386385820598793 -0.102029895584749
0.0930040389992578 -0.159377598471946 0.0284410272941449 -0.120916776347399
0.236499323985114 -0.0391668302088847 0.0230791332315689 -0.153693927679752
0.14609450783644 0.212208063147643 -0.0163932294893773 -0.20135982142336
-0.0218401748240549 0.139687967573621 -0.0504798490198174 -0.391147923406035
0.0603175743990347 -0.0215230485092424 0.0948116221022558 -0.497228486996244
0.0144176788304367 -0.156036039727011 -0.271457982921468 -0.169548172892317
-0.10507354729562 0.0269628796117334 0.0690573860344282 0.0734248100897419
0.0582214413007951 0.156057947662567 0.136563089546791 -0.0881794247535076
0.169607198362881 -0.0473676841016238 0.17349670934716 -0.0346998334845897
0.0273811560078708 -0.14270886822061 0.253708889463825 -0.145886943692702
-0.0479870371159136 -0.0962948161306111 0.218443409081212 -0.251632903046979
-0.0685289959091169 -0.0539555914426239 0.159849824574645 -0.294614168246874
-0.0816670823691347 -0.0273805372489418 0.105921844010945 -0.238824771494617
-0.0703948109270658 -0.0382681887183873 0.0696403767444868 -0.159408543762116
-0.0501951463611871 -0.10019063353399 0.018984159510768 -0.131313383405605
0.0366208014574346 -0.142574165344489 0.0413293357231631 -0.166285270279057
0.171429123006789 -0.0349885572999968 0.0932444186153716 -0.161431960304933
0.0366220741373405 0.15747284409304 0.0243963958393932 -0.174762204993236
-0.0922173884560532 -0.0208255218940079 -0.0298956720674437 -0.42563332821923
0.0611840188524012 -0.185549786206209 0.122648702423356 -0.518425777805488
-0.0284376508513316 0.306529035915946 -0.107097176508616 0.454726964679988
0.139375230264429 0.128832833086629 0.0857240381997409 0.535871201197919
0.0407496006216878 -0.0435869493714697 0.058308715476865 0.151298279014886
-0.0765292545240927 0.0354448536258063 -0.113099405533906 0.143345564674955
0.0315236608339023 0.106084497181193 -0.0154829888876289 0.229967145772957
0.0969267074046102 0.044060147873977 0.0526624954459766 0.153907247078016
0.11565977246904 -0.0210162508151171 -0.00488132161474668 0.137624875189595
0.118266676479928 -0.0747327417925221 -0.069533423999831 0.213652647056774
0.118827118534509 -0.0773747683412692 -0.0865187742433338 0.286329100902647
0.122209047394043 -0.0236201250745947 -0.150932025961599 0.293188008103009
0.0791613003341339 0.0450565689349139 -0.229675137235739 0.222063549903238
-0.0308136232671126 0.0361285713861678 -0.224809072427909 0.0898644126291466
0.039579888521915 -0.12277217212977 -0.125844334306423 0.0431374454910834
0.226558869114302 0.0139907285854653 -0.0976230663700596 0.0355110306365147
0.151515504581283 0.272200189068901 0.142123142475446 0.125451931231668
-0.00466577380008079 0.385202166791422 -0.109635972417145 0.347709431708703
0.161681092784505 0.242955953239101 0.0976492499881177 0.574249066305334
0.131673410356009 0.0574579093017794 0.14624775449128 0.119815031456317
0.0351053797540158 0.0267636541282104 -0.117071066313278 0.105507010509616
0.0927635246786416 0.0473647760785153 -0.022428397629054 0.245170704804076
0.130390583220526 -0.0189722477514597 0.0848381990048547 0.169807379833053
0.133442545621942 -0.0907928015633362 0.0469407970428066 0.114570280906576
0.130602355730319 -0.156028864087208 -0.0296934850300787 0.166450262213146
0.139594648539385 -0.169564485234962 -0.0489421889730337 0.23186336998022
0.162060242120388 -0.140712095137391 -0.106546749783999 0.248633069409894
0.173411949301537 -0.071095355032087 -0.189489472627543 0.211646764311195
0.130422651745547 -0.0049053290848504 -0.23929643608423 0.0875066384374975
0.180420753983921 -0.0496628097197856 -0.150880183525992 0.00876023466009986
0.30885668417781 0.108609330758075 -0.0928159724733107 0.00363356254644188
0.225320952146515 0.340051135900941 0.104198582854478 0.0634003627971997
0.0590642133982238 0.405909413051716 -0.117534282683308 0.209392180546422
0.199118335866668 0.291791961293979 0.113823850978572 0.57479131552974
0.225821205272839 0.133260519971179 0.250518099251924 0.089335203302946
0.171172247029945 0.00656720613762606 -0.0734807866986247 0.0518727590945782
0.166513987006407 -0.0434470725934608 -0.00500890768002033 0.222129372410385
0.14919277638251 -0.106296123446254 0.119512478314842 0.158080291888948
0.129927927154697 -0.159608217793096 0.100934232811874 0.0682530209461985
0.123861038207588 -0.215080133527816 0.0128975060938299 0.0906798594489903
0.144213653428671 -0.228246308059956 -0.011104283129238 0.14574059666955
0.177693733064488 -0.221072451167621 -0.0626647633065543 0.170639080137577
0.233158920098231 -0.165880106566656 -0.140525498018046 0.161968436761102
0.264474184036877 -0.0514502003104364 -0.233560063688556 0.0641516335973206
0.308892304983179 0.0255410460500434 -0.178595895027931 -0.0354541475641846
0.354283078422452 0.204513660100082 -0.113736090673883 -0.0673606995796793
0.247085897430337 0.373096239036501 0.0618754437255368 -0.0457187918767541
0.144028255832744 0.362470628320066 -0.148056175090086 0.0696251541309403
0.24152190114814 0.265606254069192 0.124158149409301 0.525247916524068
0.300288976957008 0.157016333401669 0.320561716523921 0.037874389041809
0.292618007951293 -0.0334198166086533 -0.0104688277459475 -0.00577917748313926
0.226326768563521 -0.149958702878255 0.0403282452009295 0.157470054586972
0.146433658792472 -0.197560747665002 0.155871961737406 0.101292312450061
0.106185065364363 -0.2135507809443 0.14407459297822 -0.00651526667232671
0.100108092833576 -0.243205767626658 0.0511968513925903 -0.00110747268585017
0.12850302897554 -0.245475614540281 0.0258932837868269 0.047612224149884
0.167627639745856 -0.25221761343065 -0.0208683190287888 0.0785112817053075
0.247614752804242 -0.216806028479275 -0.0888272490038877 0.0849399706859329
0.340055437454825 -0.0833458968312844 -0.203161862775264 0.012629661217259
0.380870908590057 0.0978987522418222 -0.188269896196279 -0.0918009679298582
0.337769606320659 0.276658448162723 -0.139260059657247 -0.160964641642903
0.222698505720775 0.354907174268558 0.0279731749066639 -0.184429017175982
0.202770188567288 0.261992300280009 -0.205298246802254 -0.0483349157159862
0.237511347691787 0.192240236088783 0.126812462984188 0.434303847060115
0.316557438636979 0.151381109097041 0.328665364139695 -0.0325149546265293
0.357129532159631 -0.0720588187821541 0.0447928992282132 -0.0533454402228559
0.242510324896562 -0.233698877038047 0.103082440194451 0.0651799770510474
0.115689213750452 -0.257819436194193 0.190242627511791 0.00306847197583887
0.0651683704873504 -0.235246848549212 0.169256999437149 -0.102778360730194
0.0629345234530079 -0.232373204170145 0.0811991949482483 -0.0944836801723602
0.0931803032770415 -0.220801997796633 0.0577411509155557 -0.0425528804102628
0.128189757612439 -0.234104355814477 0.0123920240020664 -0.00664395258902933
0.214681897876575 -0.217609902290739 -0.0411362585696178 3.37907144265867E-05
0.346242560769569 -0.0853788346262752 -0.148516731091556 -0.0564824938107678
0.369531795807189 0.16287027228275 -0.163070841258809 -0.152280812653939
0.252231277983539 0.299576544546699 -0.144343929147998 -0.258085081199495
0.163391308708202 0.2782799320814 0.01605250540587 -0.326879730738551
0.193166567567687 0.122624034794644 -0.263903093922611 -0.124268865599993
0.15558408859635 0.120057727442616 0.12005503609447 0.310502786935401
0.264840312201493 0.153576633857588 0.275289091793866 -0.0957807858231542
0.351953453877392 -0.0866036069674871 0.0872164192994622 -0.0718072028867595
0.204846199146787 -0.260855666541871 0.167768314512921 -0.031668090147955
0.063937374243872 -0.259043915613674 0.213220584255981 -0.114014852475891
0.0158708303676728 -0.212933576510827 0.176044470332635 -0.201275222781282
0.0127489635572612 -0.186124517670861 0.097969430438342 -0.17509321014935
0.0416366171276351 -0.167998432253007 0.0773199480603917 -0.111380494674887
0.067906696980379 -0.188534813566811 0.0319963612064662 -0.068751856720083
0.147804223628354 -0.192855760398013 -0.00467586796326769 -0.0722996593835014
0.29956757364891 -0.071782153131467 -0.0718597814471713 -0.119596001652151
0.284345011342958 0.202772159437044 -0.102490827296823 -0.196207747446025
0.120803161104898 0.255876461506992 -0.119537581061072 -0.339169642581918
0.100219345949351 0.144144733324782 0.029792543204703 -0.44323655198625
0.113993094288655 -0.0256523700617741 -0.295599213021594 -0.156908471836574
0.0244648468924979 0.0741771857226314 0.102139168280987 0.175018886768195
0.176615041885918 0.165721876777137 0.190919590898348 -0.121276879561188
0.284750848445642 -0.0794843969440742 0.127249347274769 -0.0628936591179194
0.1212431677952 -0.226927925989778 0.220100423220102 -0.113507809491095
0.00255251433970045 -0.197043560866735 0.217942203246163 -0.215704029106469
-0.033743344362412 -0.144961292455194 0.162610072116749 -0.279550216026133
-0.03893049826458 -0.110960478637443 0.100139626623706 -0.230631483625123
-0.0176205016456509 -0.100631178871853 0.0788375935996353 -0.153113127630596
0.000224580336447131 -0.13875463654802 0.0314408179577334 -0.108091554191716
0.0782989190597667 -0.168732570486619 0.0183077319698281 -0.126716740393261
0.235244797302962 -0.0603389790497559 0.0100453483877055 -0.159845604530005
0.168574901965834 0.20344035497173 -0.0300453648302351 -0.203407900382218
-0.00796611896087241 0.146708481079808 -0.080741778935567 -0.391542724491944
0.0577365730217216 -0.0245337497275033 0.0572346054017137 -0.516204362979342
0.000108068199346167 -0.156690535708213 -0.288645638682287 -0.152752651691929
-0.103015301711393 0.0387257375576708 0.0770190976003468 0.0661077492884001
0.0754469622012509 0.153520825919073 0.127863110236866 -0.0999693108601439
0.167868294509795 -0.0638917267556713 0.176272525852117 -0.0487590131352231
0.0144951213540134 -0.146214884631851 0.247236218318539 -0.170274134799015
-0.0569597177943432 -0.0923703644779998 0.202309089741937 -0.275520991471383
-0.0752959478796096 -0.0465854486706332 0.136567353341119 -0.31653652051504
-0.0841706823867129 -0.0190313630998197 0.0858862154238991 -0.25514019654795
-0.0738033670653758 -0.0318015172748448 0.0578935691731239 -0.171049499175556
-0.0602997188522304 -0.0951433442965008 0.0100118359914624 -0.135366531359014
0.0235198285673173 -0.147156139734731 0.0275448920580305 -0.173245124128337
0.17069719316637 -0.0516386943815134 0.0803394871397441 -0.175342824127309
0.0529109035453723 0.157070317825181 0.014218542021185 -0.180608371467574
-0.0935946926052436 -0.0101905555546388 -0.0613212716402462 -0.428336353940438
0.0449103696371086 -0.192583931730818 0.0820575733079381 -0.539328664428259
-0.00415580538297813 0.295062036436571 -0.0707638961432242 0.45302329750881
0.142923415129476 0.111053612274922 0.122310153256169 0.511487826511776
0.0341761381984649 -0.0437508391138861 0.0640193820015354 0.140955724984547
-0.0709438861613444 0.0420398750466331 -0.100516720560148 0.149972468355629
0.0390695043015089 0.0989388757341779 0.00435816241736904 0.221280462589339
0.0977063065946134 0.0344117359424018 0.061982467185317 0.141189262278868
0.109718059062067 -0.0305441470631147 0.00459986912908022 0.133907846236896
0.106896491496787 -0.0834939604329362 -0.0500158095198983 0.213385222490318
0.106421195202983 -0.0858121626759837 -0.0610743848113702 0.282927169926631
0.116602669184918 -0.0346164957769196 -0.123802282097745 0.293395475368727
0.0815103176798103 0.0376045386363067 -0.205192498252781 0.231122101460796
-0.0262538648947991 0.0379402652441959 -0.209790206424296 0.102372326822013
0.0272697210769872 -0.119551650440699 -0.117047952860488 0.0488945498819713
0.216920513268082 -0.00431350315949482 -0.0898162980469644 0.0427747284036406
0.165917852449317 0.250827573993495 0.146034824585318 0.113408977327933
0.024263190434499 0.371185033426489 -0.0809885733107114 0.350427084426862
0.172887266183626 0.219943168650669 0.138077404547004 0.549072649804909
0.129598992250445 0.046176880030996 0.146384167166879 0.103812012880759
0.0353490218711208 0.025427616994959 -0.10569314265415 0.113427350039267
0.0928673318309095 0.0385963030291059 -0.000927313861901103 0.238295804418546
0.124491843725578 -0.0287918874795379 0.094719050077729 0.155196337323927
0.121251983849063 -0.0994473759653195 0.0529926328924993 0.106856390941569
0.111928172135617 -0.162721226651952 -0.0167506558684303 0.162728918724263
0.119783420438953 -0.17717847259822 -0.0303424481850053 0.226528070122748
0.144675228964715 -0.150944331500881 -0.0849245618329198 0.246486680547899
0.163092664103727 -0.0819286567771179 -0.16693936096509 0.216387779553939
0.126338170975345 -0.0136127213874788 -0.224355498607666 0.102127482646187
0.168817970022165 -0.0603793414815702 -0.143499254600566 0.018420450082208
0.304170607710448 0.0803397908374792 -0.0885076396572575 0.0116597810313604
0.241366214272949 0.312895006898336 0.105063175515325 0.056966358058772
0.0868172463981183 0.38712387403012 -0.0975937295128029 0.217104128673977
0.212950096765424 0.264689447074201 0.153537164960892 0.549913284341038
0.227001433776171 0.112331369689135 0.244182021876316 0.0674829477986878
0.1652639554952 -0.0051954907688855 -0.067781202388741 0.0596887042131477
0.157432916302837 -0.0553770553739245 0.0137368741708316 0.214434534567937
0.136567109295703 -0.113773823373395 0.127810533247711 0.142209991817804
0.112719003207848 -0.16479560861053 0.100804254052641 0.056976303967747
0.101623839999748 -0.218852994055279 0.0165922202365667 0.0858012251818208
0.119779609766241 -0.234512454211744 1.3398304093162E-05 0.139569996380752
0.154893024465193 -0.229347104062814 -0.0482759784498539 0.167459663909553
0.212010117538136 -0.177648095399029 -0.124152663476436 0.163784365593898
0.251201832691302 -0.0694379150798804 -0.22113166987927 0.0779685880769168
0.298992703017862 0.00263238949732494 -0.173472824404916 -0.0215312080602207
0.355573743875968 0.170411524740757 -0.113926535867237 -0.0549535446737423
0.266352680238566 0.344560844083789 0.0569708496827009 -0.0458199245279574
0.166188563583512 0.340993519408551 -0.138140928205451 0.0822866886543125
0.253073785128067 0.238496569590874 0.16086484014277 0.500985791171997
0.300822962940875 0.129089333159747 0.308189546303768 0.0127603190996669
0.279093712421907 -0.0535611463680616 -0.0107231402261437 -0.000756189773208741
0.206416704428562 -0.163029109784168 0.0517907661371334 0.149122990814954
0.126286018187096 -0.201950078292363 0.159346802724126 0.0851620755589229
0.0850069246971175 -0.214513606911396 0.136371840061891 -0.0186552107309336
0.0768632246903332 -0.242617780991647 0.0469845623469432 -0.00600445663941645
0.104739730196352 -0.248721458558111 0.027578885451701 0.0419854106516565
0.142102184452828 -0.257791658426295 -0.0153981002811874 0.0750825340703041
0.221389183774946 -0.227097099472561 -0.0799756261032251 0.0846673251467873
0.321346755466171 -0.105678870368361 -0.195158625495505 0.0262480686962452
0.375880526041777 0.066709708762734 -0.186953342885896 -0.075188938512159
0.347059564440156 0.241840182456288 -0.145677315544199 -0.142831351766287
0.239940708458486 0.329814208474494 0.0147934541230875 -0.178143009629628
0.213903917473391 0.240815118529887 -0.201436931600791 -0.0293678603135967
0.24275032373651 0.170231892482777 0.158164011819145 0.411627176421294
0.317985093504193 0.121939542896709 0.310582675460053 -0.0567944515965145
0.339467408254147 -0.0970484545458837 0.0400508699720164 -0.0504801106350446
0.215713067809015 -0.244569744847965 0.104326450593439 0.0562851884958283
0.0919302192475218 -0.257461514815617 0.185364222004008 -0.0124968734394779
0.0436534191231469 -0.232258284906223 0.154328106391864 -0.114592143345736
0.0420408258253313 -0.229422479436506 0.068048476864357 -0.0996496969888921
0.0730475220816395 -0.222406978028181 0.0515464391622622 -0.0482641061701843
0.105764562375997 -0.236267877425495 0.0105891624663663 -0.00991917947208527
0.188629918966228 -0.224696833633898 -0.0406048524965769 -0.000994358791672836
0.326178151633554 -0.108249780338762 -0.147662072184702 -0.0444213567661727
0.36934458394731 0.130197696831445 -0.166913008573582 -0.135768594921989
0.26640668210699 0.270911773747173 -0.156507404202106 -0.237766781107279
0.176812062437344 0.260422888179178 -0.00672569834345793 -0.316600139284574
0.195569705489991 0.107068131819171 -0.263596651828745 -0.101098080352176
0.159541364261055 0.106794558557749 0.141852407219918 0.291724932795505
0.269923755911677 0.128744187708913 0.254686469790216 -0.112647079397644
0.333172323136157 -0.111682740391985 0.0797938050149881 -0.0725657686997899
0.177078254453944 -0.268016804121334 0.159864639436183 -0.0430042150971643
0.0417563471171109 -0.254876508782184 0.198428419733129 -0.127468364177066
-0.0021673623711267 -0.205322118392678 0.152453030169573 -0.210097543869653
-0.00217228132544287 -0.179921271042346 0.0785247481502961 -0.178312624914698
0.027806660622148 -0.165431363516046 0.0653795790709443 -0.116162106575938
0.0506185572735858 -0.186786564773496 0.0255406498278514 -0.0710383364326098
0.126373815881883 -0.195075631381141 -0.0102472387280706 -0.0727289257564945
0.281483444437404 -0.0914533035511742 -0.078996114532645 -0.111752831847801
0.29069184804061 0.175123640971701 -0.110435886541457 -0.182570356705268
0.137166242266717 0.239303359453673 -0.137621431644939 -0.317264931357482
0.106267906738516 0.135033293399919 -0.00215077616864344 -0.431610413936418
0.107191175134181 -0.0289578339276011 -0.296975463228859 -0.131329117873872
0.0300672344031242 0.0724232955632056 0.113790848271114 0.160624869308707
0.185875198443242 0.145959522172073 0.171489875832698 -0.129697384797777
0.268625381745133 -0.100090094508922 0.120765762870563 -0.0683521438884112
0.0990587174091192 -0.227441745674947 0.204499832876159 -0.126492546661168
-0.0127022068210385 -0.190052704234228 0.195066461359833 -0.226009446617183
-0.0441520649710418 -0.136544359982499 0.133778765171875 -0.284810389744317
-0.0453028330093718 -0.102334439560739 0.0767694686932155 -0.23300362176404
-0.0232142651732416 -0.0952204700472773 0.0637313918966187 -0.156545428474345
-0.0101043087717832 -0.132632013360009 0.0224599603735878 -0.107794601341563
0.0608399820531416 -0.166866618386532 0.00666301145171342 -0.12591740412329
0.220686264570598 -0.0755883960982488 -0.00297741585453652 -0.157150648483855
0.178792201413738 0.183868595829148 -0.0407845132365799 -0.195789274156797
0.00428969361805216 0.144829709959444 -0.103206954994277 -0.371729743240082
0.052547711742441 -0.0251557268000131 0.0182908686758379 -0.504255339663078
-0.0127930945335553 -0.147661349119579 -0.290154539102999 -0.128651944962293
-0.0951821437716534 0.046882138204931 0.079261146617499 0.0561523943872077
0.0870610592675286 0.140843719963196 0.112033630176096 -0.103102689533562
0.155909140502379 -0.0760709822699835 0.167525463096228 -0.0599359071432654
0.00172050033870941 -0.141239998330441 0.226552990500711 -0.183029636035717
-0.0620264385960769 -0.0847160791576656 0.175769388451765 -0.28279868187438
-0.0763096545452519 -0.0378568218770374 0.104979648745349 -0.317653282722196
-0.0815008650894701 -0.0088308742874588 0.0621943907969576 -0.255116662581918
-0.0726594038361086 -0.0233638715467675 0.0422736438677883 -0.171485532922073
-0.0653569602994257 -0.0859705444083297 0.000470322224305379 -0.131188201153065
0.00989609823980205 -0.143634751733767 0.0126724460128789 -0.169212355265891
0.159799283466919 -0.0637718884885836 0.0634375846245187 -0.177674102943891
0.0652993613783979 0.147949744232181 0.00446105169689453 -0.17668059910582
-0.089525352324115 -0.000710952695117253 -0.0871394011262401 -0.407954876040357
0.0282015837008778 -0.186807160341402 0.0422421337762793 -0.530066727389713
0.00472978532266991 0.276079927938753 -0.0536524333485757 0.4350362461312
0.136816761329744 0.09711856244323 0.131304164051994 0.479724222358103
0.0287941988349238 -0.0423431466432307 0.0613151373767922 0.131139928570752
-0.0649039889355671 0.0439145399561645 -0.091364524500937 0.147629912200441
0.039919027818823 0.0913329931457886 0.0133874537260585 0.207607644301793
0.0941957715821511 0.0294151898725723 0.0618003199496973 0.129516038545678
0.102094957908166 -0.0352534128867054 0.00930229025858045 0.125727992508613
0.09540145998667 -0.08392989492543 -0.0403191542862296 0.20421166373986
0.0954984715510021 -0.0865610620489031 -0.0482275995604548 0.269809366035707
0.108304219958621 -0.0392083068015002 -0.10755181340486 0.28036976226489
0.0799389885781583 0.0319769939002342 -0.185229402682036 0.224918079886371
-0.0222584904261448 0.0380684694204288 -0.19446716447993 0.101524770395452
0.0202285701396112 -0.112673658723309 -0.108180407204414 0.0474273988530314
0.201597356690831 -0.0126272684598906 -0.0828414730214454 0.043843920968193
0.163602335628297 0.231024443367101 0.140565337547206 0.105498669536852
0.0347174954383607 0.3483865582707 -0.0652666351483472 0.338384260817705
0.168284586489948 0.199250452497057 0.147152918350351 0.514356720213452
0.121429874425833 0.0397722105887013 0.136764937538265 0.0931040734132165
0.0338645159453073 0.0248537901383701 -0.0971546517491587 0.114520670088796
0.0891731143591486 0.0330687010894405 0.00805394362299764 0.224060042287511
0.116830574231873 -0.0315588750630874 0.0928887600712465 0.141773801452248
0.110794931379219 -0.0994003536085223 0.0522860702891383 0.0991351592182035
0.097429505289847 -0.159094474261943 -0.011478680198576 0.15505517956427
0.105506340974723 -0.173883581652393 -0.021070996642979 0.21338206636334
0.131048792334452 -0.149607703136899 -0.0732986398551441 0.234522933426567
0.151384795145491 -0.0829493544395794 -0.151056485087304 0.207509605068956
0.119786008023238 -0.0163675039130338 -0.208295794958966 0.102605428063016
0.156439909152328 -0.0609871183509431 -0.133388596325287 0.0204573210651328
0.287307624388557 0.0661498846398913 -0.0823665914667814 0.0153771924304048
0.236177105071975 0.288548708087563 0.10184729718527 0.0537464761705453
0.0946407676810069 0.362084021756289 -0.0851119704366555 0.211820774953624
0.207557309291802 0.241721929719566 0.163539155548143 0.515474982516346
0.215372856673439 0.0989916582718131 0.228288983085771 0.0555786818386939
0.155185669455871 -0.0086174253437365 -0.0625591477296425 0.0622525855757569
0.145906276622309 -0.0572256619350451 0.0211742340981555 0.202695087232443
0.125365899312611 -0.111920814087357 0.124991281178512 0.128566931086077
0.100222829323987 -0.160679901297264 0.095526383585016 0.0498626119091505
0.085450436950881 -0.210731145683881 0.0172689820890456 0.0801014155955019
0.10408324645127 -0.227077051696132 0.00356771306875547 0.13033461573252
0.137672464751093 -0.223735359274598 -0.0422098011037835 0.158428116589109
0.194517215441506 -0.174469582060232 -0.111937907162144 0.155481862321216
0.235325234260363 -0.0730674258820292 -0.205789029903974 0.0813635535397595
0.281728199779349 -0.00521095565649115 -0.162538132866927 -0.0161946332312334
0.338838543039529 0.149876150378617 -0.107372780978218 -0.0463942976990138
0.260925939668414 0.318736684160499 0.0538748238830301 -0.0428051852434153
0.167204865552451 0.316551894031442 -0.126864651268678 0.0853232511577865
0.243944518285536 0.216581904365665 0.169506806831248 0.470133152708901
0.287355166171608 0.112584799064741 0.287453454686287 0.00227095446427514
0.260783812127447 -0.0591375065535972 -0.010143861413311 0.00391182613398795
0.189158041158126 -0.16048464274494 0.0548702945996161 0.140227047948147
0.112112627474538 -0.194487074794725 0.153597637305488 0.0740391711232002
0.0719086146035782 -0.205792727993308 0.125827891406548 -0.0231763041209613
0.0628455268935182 -0.232278703437128 0.0409584618823949 -0.00808272081742256
0.0889825670887521 -0.240453603506849 0.0259295426682887 0.0357549561722776
0.124598368824602 -0.249130541193868 -0.0137152768730118 0.069452135707854
0.200731188144548 -0.221040543830124 -0.0740781267371586 0.0785187707595807
0.299672558899674 -0.109655105987117 -0.183458254591424 0.0301656334781988
0.355809023157881 0.0523488723511885 -0.176415143119358 -0.0646711873290175
0.334554356484237 0.216134884214502 -0.139117371513557 -0.128555461574982
0.236095711743554 0.307575616796343 0.0101082539074465 -0.166687418619518
0.209394250533195 0.221468440279647 -0.190200201645703 -0.0190873506272212
0.233942351867803 0.153304917289331 0.164188539176696 0.385628789345275
0.303657385819709 0.10505515420003 0.287481423375823 -0.062450560612302
0.316549617017625 -0.102808508505766 0.0350116878042601 -0.0450295446189922
0.194846238002723 -0.238350720792874 0.10070377800432 0.0501745057970721
0.0783043189164555 -0.246136843365481 0.175382636432741 -0.0197015063167749
0.0323498969084516 -0.220701267152322 0.140197732190739 -0.114272808333416
0.0308024158052265 -0.217240935619151 0.0579414399700602 -0.0967126002701536
0.0606402121462509 -0.212382737445879 0.0454173057965731 -0.0496274658307732
0.0917378782206082 -0.226716940827658 0.00881414607351689 -0.0119509167781699
0.169259113746759 -0.216779595670407 -0.0397682579392184 -0.00275187185613304
0.303405106093102 -0.111619117696445 -0.140121538954356 -0.0386126654745124
0.352390615928729 0.111655657267604 -0.158644861518857 -0.123432688243507
0.260100159325611 0.247470868032496 -0.15163967602803 -0.217361089069763
0.173798658041059 0.243104312201822 -0.014303064502888 -0.29811996967786
0.186517722532971 0.0968548338086209 -0.251393291868494 -0.0867732279183803
0.153605119657612 0.0974157160649395 0.145947084556604 0.270496605980464
0.260121813396137 0.112551887403793 0.232706468782474 -0.113202822465489
0.310749303998639 -0.117445056298289 0.0737896459665677 -0.0681814342983722
0.157244505715862 -0.259044630723589 0.15019899802862 -0.0450993135423445
0.0304857719366622 -0.241292858821757 0.183708417725825 -0.128195114911641
-0.00985699401560997 -0.19278680710469 0.134133030379604 -0.204735517485751
-0.00751896880790266 -0.168263773620592 0.0654097104855285 -0.17199669146238
0.0209410562235337 -0.157480029852904 0.0557837407188615 -0.11368209007055
0.0407881095038566 -0.177048207417724 0.0211401822463269 -0.0694791981557753
0.110835270771565 -0.186624656882166 -0.0128078652437225 -0.0714137401121805
0.261719717933966 -0.0951570388174573 -0.0785293898039428 -0.103451928389501
0.280189764470458 0.156210712580611 -0.107704150323093 -0.169154767024758
0.137521472676882 0.222783607393296 -0.13556995133189 -0.293406236831191
0.102730833524936 0.127290364709258 -0.0148335096351647 -0.407888142543912
0.0994833747680127 -0.0280999769537415 -0.283697421161617 -0.115675344429899
0.0313064477886401 0.0689236732757986 0.112601388827547 0.145826993357574
0.181566554325184 0.130800284045783 0.154494884457868 -0.12647196756317
0.249302318663535 -0.104574708676619 0.113104047762966 -0.0660027858288869
0.0848040188684316 -0.217782803494272 0.189621292939254 -0.126190984019776
-0.0192888636484777 -0.17882873952679 0.177537082822483 -0.221533561128938
-0.0466867447288235 -0.125456767017893 0.113898239310746 -0.274678946454573
-0.0447809950155523 -0.0937593813375664 0.0615490333026104 -0.223859079034902
-0.0248050317216575 -0.0892203782349126 0.0539076691682451 -0.151447292038003
-0.014269354449271 -0.123084156092298 0.0182109535107376 -0.103705433490173
0.0506789155877438 -0.157608195892847 0.0016263806657097 -0.120335287693273
0.203984656049402 -0.0793153602576198 -0.0081566364358359 -0.149580504763597
0.176461915293618 0.167558664724036 -0.0425093285481095 -0.184507569773007
0.0104438855324927 0.137542873829833 -0.104342167376761 -0.34651106883776
0.0471809459793621 -0.0223369368437128 0.0022894582974824 -0.479920093116555
-0.0166810750002001 -0.135576155419663 -0.277989708193874 -0.115945035672866
-0.0862316579245242 0.0488601005417851 0.0756788803600704 0.0481328884800103
0.0889772303187758 0.128728408455155 0.0990635209420153 -0.0987927991102365
0.142835235986361 -0.0787530627379399 0.158187364365864 -0.0602031053923557
-0.00409591660323926 -0.131711958920765 0.208870797425548 -0.180265000482183
-0.0612945098122871 -0.0767094452574575 0.157754090487104 -0.274177928578042
-0.0730652667389246 -0.0310691812587039 0.0873376157622946 -0.304124465689472
-0.0750972349255734 -0.00418572277640834 0.047740008465679 -0.244159175167849
-0.0680781415338251 -0.0188701560507231 0.0336217541394899 -0.16413880492714
-0.0651563041495563 -0.0775289481925182 -0.00311043396335485 -0.12489111689092
0.00322667341559447 -0.134162396757441 0.0057035127760674 -0.160470041034431
0.147478533790597 -0.0660313777608403 0.0534359659075384 -0.170966337169358
0.0684640592327908 0.136377931551651 0.00212509415127575 -0.168307105760577
-0.0826744347028641 0.00425746978412677 -0.0909619264044202 -0.381548767373014
0.0193297452132866 -0.176105868750649 0.0237477328932462 -0.504393198422445
0.00197503144839445 0.263555347769542 -0.0556547657241569 0.420903232492967
0.127969572457481 0.0921902998510867 0.121889265332208 0.463280746002259
0.0262316273763234 -0.0397495601371194 0.0537641928450701 0.126077016845044
-0.0622967523797811 0.0433145089357816 -0.0900682869497681 0.144319159005838
0.0380392828514028 0.0877772129237892 0.0125223868319366 0.198354938452751
0.0907218060559343 0.0276130032191147 0.0572422158923083 0.123050763139085
0.097812987982504 -0.0350717088840056 0.00704275070922963 0.120752022239663
0.090000630005893 -0.0811677407894782 -0.0401471119841821 0.195945593928236
0.0898670184137123 -0.0843280827552539 -0.0481517526959682 0.25764333900557
0.103956047706597 -0.0388857932441714 -0.106916088976025 0.26835269328163
0.0779395073876993 0.0313046613023581 -0.180161613587343 0.213345544511864
-0.0213618821906124 0.0375673421419867 -0.188032194101139 0.0950743900917497
0.0187133462525777 -0.106395100966048 -0.103183939117748 0.0418672947476796
0.190556686320747 -0.0102449904029088 -0.079349927106702 0.0425711871004916
0.154596410275136 0.221994215534591 0.13405589581204 0.105927508909544
0.0298363446911494 0.332886505415762 -0.0652826248590015 0.329467858165186
0.15719888901244 0.190804637561344 0.136804358450248 0.49695785970407
0.114435331398162 0.0391671906407874 0.126472405932543 0.0905820627971236
0.0319544922333355 0.0257857853423907 -0.0953297794479075 0.112447733998459
0.0848343711901074 0.0322441919787756 0.00709307882279568 0.215274159939893
0.112567059543924 -0.0302650264546125 0.0883363349094791 0.134731483087333
0.106524120065339 -0.096447637342925 0.0490352088640209 0.0948194995804638
0.093283841844989 -0.152918141089807 -0.0128272195920735 0.149159939543788
0.0998099252513546 -0.167998927626033 -0.0226287588603005 0.204786847777712
0.12639025121494 -0.144966660214294 -0.0735967617607433 0.223395848459516
0.146941244686628 -0.0791993823972333 -0.147264950203845 0.196033737927612
0.11618212566947 -0.0144391481090918 -0.200636530133864 0.0951305386549672
0.149307728227976 -0.055734824138385 -0.126284408460867 0.016656723575835
0.272434506861143 0.0662563213517748 -0.0778231043576584 0.015397487458934
0.223268873522126 0.280517865712321 0.0988459917674298 0.0551682017384128
0.0871167159813139 0.347712985177501 -0.0834691921933236 0.206887086290637
0.195395503010061 0.232859943160124 0.152979201102233 0.496938050139195
0.2034189413748 0.096795335658748 0.21444608438102 0.0551359481147987
0.148256851244157 -0.00657170341367565 -0.0612679070973677 0.0626958511198336
0.139960565623582 -0.0534363782025111 0.0190247009141887 0.194550461390648
0.120572902612226 -0.106651030387185 0.118718471624378 0.122515037867996
0.0965318837712333 -0.153523069712853 0.0892100990367471 0.047831319986585
0.0825134062607422 -0.202521483820841 0.0144075473956876 0.0773919291073565
0.0992807241256667 -0.219732685401321 0.0010393152614345 0.123927738883072
0.133034413228466 -0.215841913460401 -0.0428632036123964 0.150488496851483
0.187739507399233 -0.165335421479124 -0.110060274640283 0.146059115961914
0.226845697845847 -0.0681313511143655 -0.198256352297177 0.0746961210063975
0.269530296427792 -0.00105513538882102 -0.153721991739632 -0.017215552287904
0.321986837435358 0.14702628313528 -0.100528186975976 -0.0434705406056679
0.246142232919495 0.311267179422505 0.0543085233260157 -0.0383127555771038
0.156847018173634 0.306021602863508 -0.120750314421371 0.0841123976767635
0.230224028772169 0.209661736070776 0.163561856731024 0.454056725844402
0.273303608598133 0.11097087600017 0.271934059311804 0.00472095697699545
0.251656118575449 -0.0540832891083146 -0.0106590554351477 0.00748034821244831
0.182004662807358 -0.152830840206166 0.0519435535488547 0.136651500278594
0.108873892694352 -0.185403251715082 0.146773227107056 0.0709570357267053
0.0697224750327047 -0.197137826371983 0.118436797526108 -0.0222370106130016
0.0606710900859061 -0.221930744932635 0.0366473432257527 -0.00704445944749845
0.0856730016695912 -0.231056640107136 0.0232153037201376 0.033195604645222
0.120252436067592 -0.239285188239267 -0.015567850987419 0.0650322833897234
0.194088618227662 -0.208255493941898 -0.0733101253666481 0.0722537167480825
0.288747690551674 -0.101670762008519 -0.175914697790044 0.0267761164601104
0.340664255799273 0.0539828472501023 -0.166467658523184 -0.0651877680647987
0.317660011001087 0.211658538424028 -0.129073869560542 -0.122526574903291
0.220453990182553 0.300669101888678 0.0145687379577798 -0.159651306756773
0.198508621441463 0.216085583569235 -0.180989372471336 -0.0188269298673071
0.221341906002151 0.150384948116767 0.158032932474409 0.37135437013869
0.290111676760136 0.104536102829925 0.272661651770295 -0.0570053178619807
0.304255600339624 -0.0971683009038822 0.035456279209899 -0.0390317430948658
0.188450666028039 -0.227605537870557 0.0974624964505791 0.0505166349494439
0.0766172896315764 -0.235201384816426 0.168365768458523 -0.0179305252635538
0.0318912509870095 -0.210991431198034 0.132366131872152 -0.109507459477034
0.0304892773414674 -0.208402865710773 0.0527950621585504 -0.0925547585393642
0.0595825145458766 -0.205332325600746 0.042014226170074 -0.049647174361189
0.0887211683601602 -0.216887487892594 0.00780030580609837 -0.0129366963663651
0.163180028811354 -0.205277743010313 -0.0400008545407467 -0.00606241809747749
0.290606019750764 -0.104072595288183 -0.134307536441424 -0.0388766902870988
0.336880026301741 0.111128984969196 -0.149003592719783 -0.120035064132706
0.247557948348422 0.240459126563886 -0.139546804009738 -0.207952746386067
0.16296699340918 0.239948753377401 -0.0086768164004153 -0.285936957645711
0.177761372642989 0.0972672816384378 -0.23995204248631 -0.0856136716647255
0.145846466651529 0.096424480833816 0.139380032417553 0.260363572140058
0.249404646721209 0.110432401216979 0.220237532035445 -0.104751003186828
0.299379133265485 -0.110902095374905 0.0726989619757933 -0.0615340441291421
0.152250876829282 -0.247969631954001 0.145621108880468 -0.0411147451039243
0.0307456642713697 -0.231172382934268 0.178254769712569 -0.122668149948314
-0.0085777593371 -0.184189111984327 0.128027553406879 -0.196947528948614
-0.00624532021246326 -0.161434763209973 0.0605266679488546 -0.164822760217606
0.0216027996743065 -0.15120827170373 0.0530163802487695 -0.111008311249928
0.0402866588293481 -0.168730585688341 0.020387247790564 -0.0680268066703987
0.106541572200123 -0.175787583940657 -0.0134256858920627 -0.070369640341712
0.2507647622529 -0.0885722398143647 -0.0746845195900313 -0.101377850692037
0.268039848634647 0.153076429274495 -0.09889552344692 -0.164055527208123
0.130259699176159 0.215800660594383 -0.122319557016009 -0.281655712839493
0.0957644137260766 0.12649005809132 -0.00764440168989511 -0.393189970955053
0.0960898098332911 -0.022680569882415 -0.271545515850244 -0.115088864433926
0.0296372490665831 0.0681607362543902 0.10792504769449 0.140302257925669
0.175200636799944 0.12652671226587 0.145778610074361 -0.117613574428351
0.239346055428131 -0.0997651403468772 0.109932552470851 -0.0607550150213518
0.0827375474018975 -0.208148250171288 0.183644118794602 -0.118681956777056
-0.0174327693715887 -0.171152198542134 0.172036100559215 -0.21197836984701
-0.0442443998532944 -0.119213980897747 0.109533636815169 -0.263771957251702
-0.041569024678012 -0.0888092251939324 0.0583935725663936 -0.215328213716474
-0.0213085790781135 -0.0849955453142569 0.0513902464705023 -0.147193005994286
-0.0130289529274691 -0.117642299092506 0.0186484618366247 -0.100051744643706
0.0478198738526278 -0.148787189759009 0.00250132129721669 -0.117120051520022
0.195072953110806 -0.0746875663869229 -0.00732720783619379 -0.144186912674429
0.16837869360178 0.163013215349067 -0.0355306847191152 -0.177858009650405
0.00959534291073152 0.133369629870692 -0.0924184378331212 -0.331828140854329
0.0435913410279174 -0.0183743108508457 0.00908203406497334 -0.462480235879411
-0.0149539060005454 -0.126827181370597 -0.26662207568334 -0.115977004175025
-0.0821008975210782 0.0476523147666092 0.0711286682022932 0.0443356063432579
0.0859621049839266 0.122965389950197 0.0929364292300064 -0.0913142832234913
0.136884685575436 -0.0749771333732656 0.154111839612646 -0.0550708963197405
-0.00351588248300092 -0.125794019003877 0.202634852602375 -0.170703233358508
-0.0581844322447857 -0.0731960642814343 0.15349235067021 -0.263074065135853
-0.0699741548045544 -0.0292433683691769 0.0837695333271907 -0.292659313811393
-0.0705331809470996 -0.00272066425080518 0.0458035614668809 -0.23479051914715
-0.0639277701748995 -0.0180830601708404 0.0336416062536969 -0.159575366851375
-0.0617202481209339 -0.0734321961191859 -0.000518349879819878 -0.120040439058765
0.00276022536379368 -0.12784309317027 0.00629228493399567 -0.15426183935776
0.14019256149284 -0.0627783492787798 0.0532101552540086 -0.164098289690503
0.0672815257200956 0.131281658538477 0.00600344045039227 -0.162142725010747
-0.0775665342810812 0.00466177979955047 -0.0795365625048213 -0.364595574582154
0.0185732974108181 -0.166592468941349 0.0289186439464161 -0.486409366882117
-0.0367617293229292 0.254953330788647 -0.132968863513797 0.40107332784052
0.106604222235188 0.107426268278923 0.0415557067352211 0.479837269847353
0.0304620590625445 -0.0348119063457463 0.0313987206750063 0.135755517377852
-0.0679470349078207 0.0319904689324941 -0.107809007121102 0.127527469706407
0.020448764888917 0.0912919995528509 -0.0191519849882737 0.192434375524783
0.0843025650940669 0.0405900496179433 0.032671147391025 0.130543121241126
0.102791573255721 -0.0188585196724063 -0.0128231194451819 0.121141623411621
0.100243627107775 -0.0647104365529778 -0.0710815643613941 0.187697670947807
0.101155833429605 -0.0658995792697147 -0.0900303585214672 0.245474026071568
0.10805659840817 -0.0197211423611369 -0.151368182715427 0.242792658759561
0.0716761451224149 0.0460089061525591 -0.214076493501951 0.177587537914953
-0.0255963014898391 0.0370922522739234 -0.201160147508515 0.0603969769472246
0.0336618484411322 -0.0973568765012263 -0.108780217864647 0.0214153893389253
0.185216483848252 0.0238309194886155 -0.0873247259905981 0.0253923235070015
0.112687957052246 0.242077339858402 0.114869507368128 0.128546563617668
-0.0205080234849668 0.328671794677963 -0.13537284330266 0.308185557764359
0.119016720707548 0.208865580944908 0.0478267972521088 0.514696167253321
0.102645434805609 0.0568544212336712 0.101284443027678 0.112699795967977
0.0262490160085589 0.0309800546321179 -0.112537545879083 0.0994471204504014
0.0749466262519768 0.0467239946408283 -0.0281847605551584 0.211545743497485
0.115472484581059 -0.0118493057882354 0.0622362300626765 0.150289091714036
0.121488898327619 -0.0779440310445978 0.030338728575278 0.101950458139926
0.114845740001539 -0.134939106201079 -0.0368552327913209 0.145194370467216
0.12535649467058 -0.146127564980965 -0.057491181865705 0.196134479512596
0.146878470836002 -0.120180388051782 -0.1137500636443 0.204399947660423
0.157618978082493 -0.0491811104885868 -0.181801445968181 0.16393297156842
0.116823678346455 0.0102913986947582 -0.217049548585971 0.0579335385221833
0.152146326876812 -0.0253461887548184 -0.127594666924601 -0.00937926670246248
0.251344500141449 0.112954140999393 -0.0795517439845037 -0.0037571948349404
0.167783194069162 0.312542637030573 0.0903477464741818 0.0709793292611112
0.0333839137289005 0.353227201771478 -0.137441034292352 0.188242895745922
0.149130254896137 0.256562047192666 0.0619520738054658 0.519106708528038
0.180822847244208 0.128048905900459 0.186911490069307 0.0934320298721321
0.144430874774614 0.020666366854501 -0.0757085737080461 0.0601518988729633
0.143252465568426 -0.0263596656238404 -0.014654605760002 0.198902615415657
0.135279805835119 -0.0853796380172122 0.0974650205256266 0.145892684405968
0.121529109226251 -0.136635753802222 0.0779680793463789 0.0621542925211322
0.114333568361886 -0.184727860713303 0.000441279702447154 0.0781557177357545
0.133222843235946 -0.197444400064521 -0.0215416859039069 0.119554991656024
0.163864402138698 -0.187857738329697 -0.0730722931665546 0.136843761020737
0.210427224791154 -0.126116426084157 -0.139342658532509 0.11981482414542
0.234383160699847 -0.0222385152125062 -0.212372791833132 0.0381289502205962
0.260103659523566 0.0477932424181716 -0.147257324704443 -0.0496176535413623
0.28418734525474 0.199853868508827 -0.0895823523836459 -0.0684153353080238
0.182309207225406 0.347815163334794 0.0644475490381085 -0.0312859903333567
0.107962090287272 0.322718910480404 -0.157652670171897 0.0657930394108682
0.187355613459649 0.242209876756316 0.0775347865001134 0.47907647005914
0.246875956238665 0.153162814339025 0.24781024683004 0.0555867468722686
0.252938810328653 -0.00892535062554584 -0.021023246829929 0.0174839309642659
0.201980919802578 -0.114352400321354 0.0254722686563493 0.151916244689815
0.136492573635086 -0.163609025819237 0.13607730871368 0.10295975647133
0.102214240407831 -0.183216381613561 0.116550575061094 -0.00112692104745988
0.0962132470946128 -0.208502692604038 0.0361490227164256 -0.00129200091731237
0.12201817552169 -0.211671454139115 0.0147050730096744 0.0335907332425265
0.155879808375365 -0.21278919287822 -0.0318948728682499 0.0569864091964282
0.222117833886106 -0.167799456702765 -0.0906836129944483 0.0535032194651201
0.298585203030875 -0.0450056095993052 -0.183321399489357 -0.00643982926373324
0.318445959755352 0.113364608930164 -0.150977582961457 -0.0993983386670924
0.268826396771871 0.262673581064319 -0.101365509673913 -0.151034341109963
0.158485310616297 0.334386862168904 0.0457508767307175 -0.160254199753883
0.162107948699252 0.241590295588838 -0.198018889921241 -0.0388979923290418
0.189466874184911 0.184018098642828 0.0888111612706216 0.397167026047397
0.26561679506576 0.149822111000471 0.258103002662762 -0.00438905221256146
0.312368554707766 -0.0411946432459994 0.0300850563018839 -0.0189991360134198
0.221951294218113 -0.186001256981343 0.0839491785626341 0.0790537580971256
0.112647003485657 -0.216744203775836 0.174886247201376 0.0185373959775384
0.0669603332755132 -0.202480175277003 0.143383273581349 -0.0852960425885542
0.0652757817947227 -0.199400983389355 0.0647634850718115 -0.0823921178189642
0.0924947558762449 -0.19077358668672 0.0466130780797982 -0.0446170013278503
0.121415067663838 -0.195787858401606 0.00444588113572807 -0.0153987835927222
0.190936842919773 -0.168472954984193 -0.0438865345812827 -0.017040632794349
0.300276961891185 -0.0485607691351776 -0.13047214510654 -0.0631932491142859
0.305074728305483 0.166483695519277 -0.122881034432607 -0.151063954038919
0.195212297032706 0.278670240071762 -0.0946192889808884 -0.235627955707499
0.110137056564285 0.26401131133675 0.0458993687502316 -0.290775942969593
0.159891614547776 0.123144443192949 -0.237897433197855 -0.111826884214822
0.125623331422033 0.119806331160569 0.0913383717405243 0.281691290716593
0.225765766519075 0.14902270021497 0.216069443967345 -0.0610577443052643
0.309368547977185 -0.0564709938084398 0.0704016855713276 -0.0358631771789463
0.190745102748019 -0.211261712759911 0.145895830992261 -0.00388932502487359
0.0665836375809784 -0.219827922785823 0.201346964225773 -0.0849097381407477
0.0223250408486815 -0.183554022002428 0.15274896808154 -0.172521739596958
0.0218202438701893 -0.15962913857981 0.0849329209097767 -0.152408815333207
0.0463767942854338 -0.144664317381126 0.0684216528986922 -0.102876741742671
0.06627702171756 -0.157155670821987 0.0285552946290239 -0.0655754109162185
0.130316482672528 -0.151290909330233 -0.00531028960104031 -0.074566430062766
0.256216747043339 -0.0416827571911558 -0.0600600622145595 -0.1144518237404
0.231742717568424 0.194230410844466 -0.0651509321813753 -0.185025354907324
0.0855991937083833 0.233294318995739 -0.0625958532865458 -0.302137230036729
0.0629826295885687 0.142533209285259 0.0654064723703281 -0.396069425319855
0.0977447772585318 -0.00548162731086962 -0.2542076348479 -0.147762798514577
0.0180395541177284 0.0738533110042947 0.0822108348166932 0.152316367026885
0.151430552504064 0.152812796213696 0.145606140554399 -0.0877436810670639
0.248851442103215 -0.0562852237874369 0.110268854414916 -0.0308906018321598
0.117878490078895 -0.185518853342526 0.197662544203548 -0.0773778694795238
0.00978270875999067 -0.168604498647768 0.209438416302112 -0.178394179075476
-0.0242488741311311 -0.125846306326456 0.145088439098545 -0.242543138523823
-0.0251059231625466 -0.0946076989235544 0.0912221811391642 -0.201861593384577
-0.00684480512876597 -0.0872297622107871 0.0739178786950187 -0.138059447142183
0.00553937214767943 -0.115768174360965 0.0340788126315675 -0.0967538525477961
0.0684826885684985 -0.135079703609369 0.0190163682453431 -0.115299803883782
0.200043657323538 -0.039104299542936 0.0154553901214897 -0.145844790138754
0.135017671552855 0.185442831634973 0.000832106748489379 -0.185567224911989
-0.0176944285902732 0.1320627058239 -0.0246290012232143 -0.342960811770464
0.0374350568891598 -0.00869005065607484 0.0930937720827575 -0.46065973061
0.00482075999182137 -0.123534252506593 -0.23862849620216 -0.151400664151398
-0.0868601027145448 0.035287848221255 0.0626524426721618 0.0470691147105308
0.0656373331994678 0.134032993969925 0.0930768523162307 -0.0735874379793905
0.144488137118439 -0.0496660084772473 0.156240128904498 -0.0245294163268024
0.0196210597165185 -0.120376156263305 0.226664550948441 -0.131171442240072
-0.0473351142258834 -0.080750501597524 0.197296997743562 -0.235817955388791
-0.0651506803344787 -0.03973799651282 0.125694155845929 -0.276773386302879
-0.0675201089887149 -0.014735843715926 0.082375435061679 -0.223929456229376
-0.0595282548517939 -0.0284186902726877 0.0589127351818289 -0.152020513990809
-0.0488982654197608 -0.0805748015492388 0.0194956347972279 -0.117773462900915
0.0212937757356246 -0.123385196504906 0.03054251533817 -0.15048327486665
0.145042667644341 -0.0387949418604655 0.0788488406821165 -0.155769071828786
0.0426295336198947 0.136974540783207 0.0391963130414692 -0.16187800240837
-0.0800351702433444 -0.00878538390848287 -0.00895478937947838 -0.370288930185384
0.0390736953122362 -0.159944349611731 0.11631942095965 -0.48113701698664
-0.0412282852313266 0.258948803449491 -0.141960372932967 0.415583920643069
0.106819541976278 0.108325721561868 0.0373255067428053 0.49254614490911
0.0294788561218091 -0.0358878614792226 0.0272534146571315 0.140148260757612
-0.0693795490780796 0.0333593309694822 -0.113161569012097 0.133475123177219
0.0200811709290523 0.0941154517219285 -0.0196757144224266 0.196829866435075
0.0871519990500433 0.0414223533074907 0.0321518570051922 0.132670248617491
0.105298549475595 -0.0204274148387111 -0.014200534871362 0.124245600466253
0.100800644489643 -0.0675798459045193 -0.0748052409072525 0.192627827923197
0.102553760346827 -0.0690319403984651 -0.094767278876713 0.251206370020771
0.111213355428817 -0.0219010467796211 -0.158803980246728 0.248486147331802
0.0756389253512792 0.0469291245540088 -0.223103520631757 0.17993916659094
-0.0260312784503336 0.0389652024236122 -0.208382958941736 0.0581730530655931
0.0330313070729602 -0.0987121367879468 -0.111093462152017 0.0179279023952531
0.187673182467714 0.02660306477604 -0.0892136672890274 0.0277177540810782
0.113176040616351 0.249219627659085 0.11831119641829 0.136807002946586
-0.0254866157598649 0.335518407798481 -0.142455481496124 0.319437685123413
0.117858022110008 0.213722637040866 0.0432884447278126 0.53028245654301
0.10250899304292 0.0594479600713382 0.0990147863205017 0.116588662700869
0.0263547551424419 0.0332046056290146 -0.117181999514678 0.105132763145744
0.0759313254380068 0.0487578935045751 -0.0288496480219166 0.217353510186877
0.118953168675814 -0.0118992573036304 0.0624464840887243 0.153441729703772
0.124722122032097 -0.0809530632815798 0.0303940778882125 0.105488437810916
0.117255563789785 -0.139485621321143 -0.0403816083710878 0.149540328604373
0.127756872483031 -0.151862420016271 -0.0612169827749039 0.20001602984007
0.151106872383344 -0.124806176752536 -0.120075536066753 0.209110744600651
0.163633462422735 -0.0501771757497168 -0.189998956629151 0.165907944510255
0.121141758950441 0.0126530885225395 -0.223660645516866 0.0566536908281343
0.156146210987712 -0.0233505673119254 -0.128670400171676 -0.0128643393000841
0.255237474540632 0.118811742704276 -0.0800150272102928 -0.00215786239475998
0.168660428141807 0.324109481468768 0.0945639400580325 0.0762663197593178
0.028693301202244 0.361738829229317 -0.143216718291458 0.196465898590694
0.147569538092736 0.264487742328589 0.0603176647495864 0.53569583684442
0.182187619853691 0.133708555780926 0.187906689707461 0.0977120153418386
0.147461876768686 0.0230982510205477 -0.0792694519596494 0.0651360589748931
0.146405764352931 -0.025870234576827 -0.0154942206088448 0.205682690141506
0.139963319829638 -0.0865382271370212 0.0990051600777444 0.149915365897761
0.12527767489634 -0.140081785430527 0.0786523144159871 0.0646419636410742
0.116486574067252 -0.190019002008565 -0.00208974384564047 0.0816573894536019
0.13699795727755 -0.204631847836917 -0.0243019240692171 0.122099208150869
0.169188650800735 -0.194710415884814 -0.0777028534850951 0.139726508153355
0.218515801923674 -0.127806894379618 -0.146536080089168 0.120087069153291
0.241386971778083 -0.0203241827834318 -0.217689997662922 0.0359243588012072
0.265591624099652 0.0537039483364851 -0.148973817704939 -0.0531079416142907
0.28940223436403 0.21068647646643 -0.0882625445274982 -0.0686365976635284
0.182592082101188 0.362769249061873 0.0694310950581883 -0.030866506202677
0.10665042840722 0.333527134018935 -0.161237566509325 0.0696363080952488
0.188525870227669 0.251253739489265 0.0769955036398984 0.492771134695241
0.250650771825773 0.161117908343024 0.249718842571508 0.0591518613549722
0.259199455559944 -0.0064004370911564 -0.0220913484029179 0.0217335235104134
0.207259610200298 -0.116134718186341 0.0257866881049677 0.158389674035224
0.141075654317381 -0.166626260277849 0.139720580006928 0.10572959309669
0.106424966820539 -0.188127008875786 0.119418996647734 -0.00151704533419169
0.0995635142623694 -0.213339244368817 0.0345515550559334 -0.000829121142080093
0.125805885982035 -0.218295455245884 0.0135582868039093 0.0327835316051953
0.161003011350394 -0.21921921195232 -0.0341853572678894 0.0570294231301634
0.230116445098764 -0.169759369419741 -0.0957835319406105 0.0511657892533887
0.308101900354852 -0.0439382546470856 -0.187749164367867 -0.00883778172892632
0.326184804673555 0.121198434691607 -0.151396412564693 -0.104365345005725
0.273130095381438 0.273786104419069 -0.0982203773593375 -0.153937440569767
0.158344847315638 0.3492640190195 0.0526131065968139 -0.164412921186332
0.162466735015811 0.251136738046224 -0.202156543219985 -0.0405228060197639
0.191282489830372 0.192819821127308 0.0897228480688578 0.407992578870553
0.270747569531789 0.158072628165403 0.261074903898116 -0.00188410793517236
0.321521835031257 -0.0405911373473036 0.0311091438561335 -0.0148310008731946
0.228671960188947 -0.18955704516557 0.0865824384950233 0.0839015315132878
0.116846740279344 -0.221578043245764 0.180384951467636 0.0202985420435546
0.0702627772181535 -0.20807429180169 0.146983265006792 -0.0866912375480668
0.0679795294115738 -0.203541393343326 0.064963035263413 -0.0839681409206133
0.0956861033133136 -0.196050051564286 0.046607242884678 -0.0473855041421613
0.125202223753867 -0.201217354991783 0.00412020412057905 -0.0171486364178909
0.196068855062464 -0.170728891854646 -0.0471152303636658 -0.0208199947752454
0.308864051701455 -0.0472097427342278 -0.132705979196512 -0.0676397128317398
0.311894239233933 0.175696893660784 -0.121531417700723 -0.156304742064611
0.197953122860957 0.289370085681972 -0.0894814617404328 -0.240978396798004
0.108491924256063 0.277749968275605 0.0538103693705519 -0.299404149625855
0.162419221841223 0.130549521428761 -0.243341585290057 -0.116370135666619
0.127584493047836 0.127327035371725 0.0922013290917134 0.289466122597643
0.231783335652674 0.156540417344367 0.217896169178027 -0.0588927455501659
0.319046571155287 -0.0567250151916257 0.0729922694051254 -0.0322773697500841
0.197586086188365 -0.21633793129717 0.151796632159823 -0.000245985055980049
0.0697546611571092 -0.225278700455815 0.208500344991378 -0.0861855030249352
0.0234913328380864 -0.18844492891021 0.157167299732362 -0.177002376336466
0.0240958602866201 -0.163307572685794 0.0853979456369075 -0.156273884323876
0.0489167814357957 -0.14854843304752 0.0696007576622188 -0.106936491864019
0.06850269457333 -0.160345809951147 0.029624036740724 -0.0699224675692375
0.133977069674787 -0.152127073298611 -0.00671257293674292 -0.0785380954185969
0.262828113003983 -0.0410647767424046 -0.0592545528039563 -0.118748949667541
0.236421487367914 0.203020179955844 -0.0617493968685084 -0.190641992381737
0.0854974165853636 0.241704026245533 -0.0553178964407829 -0.309576143551237
0.0613046929811842 0.150938186197568 0.0738881491550385 -0.40838417022277
0.100369058213753 -0.00226072296694941 -0.260439399260802 -0.156010425340392
0.018299508446889 0.0789981197085473 0.0828326188224229 0.155597349016423
0.156250843271576 0.158831038624117 0.146991229493259 -0.0869976622695484
0.256207530559578 -0.0570157846304899 0.114697148776568 -0.0283672419942382
0.121401635775145 -0.190133384178963 0.205538781812605 -0.0755139677065538
0.0108071805768072 -0.173161495854307 0.217016760951306 -0.181694947991739
-0.0240948813223318 -0.128327720566775 0.150081507589536 -0.248883944458265
-0.0232253593073413 -0.0963055943370868 0.0928135259379302 -0.207808970118016
-0.00534448454051366 -0.089521612879285 0.0758852271439428 -0.142207762180557
0.00612359246421787 -0.118229789520479 0.0359394675435009 -0.100365953333648
0.0699307233951636 -0.136743096627767 0.0198275197564649 -0.120226064152826
0.204169898687289 -0.039496078816217 0.0172994480455139 -0.150655947690396
0.137895756639294 0.192276688784332 0.00580317080037978 -0.190957003096102
-0.0184482285841477 0.136944354154711 -0.015543744394632 -0.35122497793561
0.036620418034699 -0.0057585240409368 0.101804078542499 -0.475892307743809
0.00660784433659211 -0.124462033063162 -0.244914080060292 -0.159562176409044
-0.0887625970811567 0.0377250351232174 0.0629539591562602 0.0456732699017988
0.0683611217051535 0.138103825713852 0.0940304871422106 -0.0726532990900702
0.148777639059896 -0.0516106353558322 0.161982069089247 -0.0214030869030163
0.020493717225249 -0.123398430205381 0.235322961365242 -0.131651977670919
-0.0480746608576549 -0.0826768580982497 0.20510172259623 -0.240944555674258
-0.0666016874963663 -0.0401337126734231 0.130539660322063 -0.283358642756765
-0.0676114805663335 -0.0133567833070188 0.0853792728680291 -0.230500431341999
-0.0601963472184248 -0.0288661575434964 0.0608571899895552 -0.157096047620778
-0.0500129274063431 -0.0820949452654927 0.0218456940040896 -0.122248245897319
0.0211427437644031 -0.125736216550989 0.0333892977158195 -0.154101432643222
0.148333458203969 -0.0408154298137167 0.0830475843554086 -0.160221511946353
0.044734482728153 0.141307083818476 0.0446903077695249 -0.166535117930676
-0.0804252286223924 -0.00844024727007049 -0.000119290663331623 -0.380301884209094
0.0393405159005995 -0.161264544635225 0.125601871745637 -0.495864770367415
-0.0365579636366213 0.268283868686926 -0.135155399403739 0.438001025463404
0.110291357084201 0.106717100807283 0.0534271680874387 0.509811432803763
0.0270478211379106 -0.0383593027013188 0.0291875709227223 0.145011961019503
-0.0704285694358857 0.0378225305385446 -0.114158206736041 0.144774519613781
0.0236912652639309 0.0969284753020497 -0.0144204159410893 0.203606842333444
0.0918621537103448 0.0385744764771844 0.0364886631760352 0.135675957944044
0.107282016382653 -0.0261804553450148 -0.0107872368849292 0.129069289189911
0.0997729746584682 -0.0739899146866808 -0.0703680158414953 0.204040152076165
0.102188395517922 -0.0765976640181042 -0.0907295746564794 0.262448346982094
0.114063464544856 -0.0279643093372167 -0.157792228843579 0.263009766266936
0.0810139581589572 0.0459647010836761 -0.227071099866427 0.192376732885165
-0.0248590140212062 0.0428354925576182 -0.214083350292989 0.0657299678609507
0.030695244630773 -0.101929641311217 -0.114075243537672 0.0188959354524843
0.193187570469575 0.0217257230804047 -0.090779259798949 0.0336317545394309
0.123847883176205 0.253873508206588 0.127499410109281 0.140443785665977
-0.0184965325752907 0.346894960756251 -0.137467598250201 0.338763491464594
0.125115342110352 0.215940983170552 0.0614909219260488 0.549987908078614
0.105053207066837 0.0587392264143333 0.101728484214136 0.118590335768933
0.0275192631498167 0.0347468366643843 -0.118812207340609 0.115641137603065
0.079837054728415 0.0487107737089862 -0.0217030225529991 0.225770010305023
0.12325796234181 -0.0164861214661566 0.0694314611457635 0.15564240663157
0.126689380730258 -0.0887524929506191 0.0343220867817162 0.107504133010155
0.115200260529296 -0.148242110720078 -0.0381340453085985 0.15807224962067
0.12612787922604 -0.1634669619641 -0.058120053845024 0.208947146719441
0.151671042349584 -0.136038076863862 -0.119294427886164 0.22074874233088
0.169585844302115 -0.0577507077871146 -0.193675522183136 0.17700425601783
0.126947361106384 0.0104566826431957 -0.229949370505416 0.0646746035689945
0.159538023060514 -0.0266729831804036 -0.132088099380696 -0.0119258062991716
0.266131039133147 0.117880632391414 -0.0803590961947708 0.00260628223248693
0.18326749774485 0.331339599802891 0.102379837767194 0.0774530984618396
0.0386582498380331 0.373464620981278 -0.141522949267161 0.210507192345036
0.158638066761409 0.26910320513637 0.0775089360558319 0.553255765263643
0.189829029844626 0.134102941644277 0.192252520404246 0.0960504728806925
0.152921504988743 0.0203465238560177 -0.0803732213712056 0.0731405013627978
0.150215486262601 -0.0300341977695148 -0.00793043068153138 0.214366087090063
0.142061158490266 -0.0942196344529458 0.107639158854066 0.150990054048552
0.125091620065914 -0.149855714660631 0.0826999964961256 0.0639036273892843
0.113459975541428 -0.201114228291228 -0.00099830093744532 0.0854159451276372
0.133964491774051 -0.217895769231949 -0.0223358065412165 0.125607545773154
0.167608346870858 -0.208839610422301 -0.0775976109512659 0.146768743574864
0.223966234018416 -0.139757291347811 -0.15061287182115 0.127228289144845
0.250695640962987 -0.028496141348362 -0.224275713375643 0.0426559681197969
0.276152254941377 0.0497141699126951 -0.153101775214094 -0.0521434369363223
0.304473842530449 0.210804957002722 -0.0895544346471397 -0.0658114360050739
0.198966190415313 0.37242059025092 0.0752216210247121 -0.0337258112474645
0.117623949260686 0.34108733527177 -0.164344572323334 0.0793785328124452
0.200074583835267 0.256298082070254 0.0942883835169798 0.507325674062619
0.262656359461119 0.161556232295594 0.255356988311305 0.0547263599586953
0.267443796936369 -0.0141509545935256 -0.0219568780590039 0.0269477937446534
0.210851462492388 -0.126131412352081 0.0334058975489868 0.165811344717145
0.140209857751701 -0.176757731263413 0.14854562940985 0.104999122707572
0.104041318607231 -0.198098495851266 0.122601922620971 -0.00580436774920481
0.0966185831107511 -0.224638750742566 0.0334704514235723 -0.000899995934949176
0.122851426549364 -0.231817308951646 0.0130497883705686 0.0326326177740131
0.15802876454695 -0.232569116037564 -0.03508318101186 0.0591262696793905
0.233313950738843 -0.181806547054232 -0.100187281788908 0.0545284420513398
0.317040607717219 -0.0546553569776255 -0.194019184159951 -0.00497863535571544
0.34138202481126 0.1186949736909 -0.156292223566966 -0.104368311918958
0.290189288397381 0.277189537114936 -0.100838261456223 -0.155301127956096
0.172772018682509 0.361260610552965 0.053642820608497 -0.172933274695427
0.173354724415945 0.256209530679473 -0.209823545274723 -0.0346309768075164
0.202953370162441 0.196753094097149 0.104694349487356 0.418616449328855
0.285260931808133 0.157839713575306 0.265878363245599 -0.00807751475319135
0.330904119916591 -0.0520102842414949 0.0325615722231119 -0.0125018148966584
0.230084648540414 -0.203916010475392 0.094541525436491 0.0868634813985096
0.114190050693493 -0.232373242827216 0.188372397537092 0.0148290009930169
0.065993341508452 -0.216897935527528 0.148347602725312 -0.0956557846804168
0.0648195677073106 -0.213015255010488 0.0623904650705776 -0.0882176385053613
0.0931711136872131 -0.206981068784353 0.0456254734269335 -0.052172905219835
0.121642941152362 -0.212505193993191 0.00212267926475974 -0.0195106721806215
0.197840935833521 -0.181484912743405 -0.0513278241091427 -0.0219199363975072
0.317486650900403 -0.0577334768400296 -0.138759247450063 -0.0664556685670085
0.329196876407866 0.174894794285094 -0.126966896769823 -0.159304459934909
0.212319671541335 0.295117966814578 -0.0926004308708202 -0.246010695083919
0.119572880126972 0.288209994223138 0.0501784054496016 -0.313366190173053
0.17030311384216 0.13250534988026 -0.254693239883566 -0.113601614337315
0.136291982920302 0.131225473687175 0.105194188692625 0.295109403361965
0.245991485688196 0.156235955154293 0.219778465686898 -0.0659182701462921
0.327749777503562 -0.0700894059879929 0.0761682273308675 -0.0319483491152912
0.197208968945019 -0.231409017560061 0.15860871784867 -0.00262630349475409
0.0648413397961569 -0.234978870941793 0.214245899409193 -0.0958357445956081
0.0182945956802348 -0.194798358991853 0.155910733914723 -0.188381521291692
0.0210448837426951 -0.169169561669837 0.0814853976460805 -0.164846069327839
0.0460405692419104 -0.155847578647607 0.0674118509963193 -0.114345650337949
0.0650014119401861 -0.167479432744806 0.0275166390375697 -0.0740798724329325
0.132604194200576 -0.160344257197239 -0.0102437681520619 -0.0824811903487925
0.269281241859748 -0.0502986307053766 -0.0641168848832045 -0.122522361417718
0.252130483181121 0.204977888833809 -0.0656470930822912 -0.195845371679371
0.0956037495095686 0.249281726977187 -0.0597776869334981 -0.31869893994672
0.0660969407423078 0.158431715282872 0.0662748524788155 -0.426939552364736
0.103886299588512 -0.00302825567750808 -0.274482749175968 -0.153933658928124
0.0226247190845938 0.08392635614104 0.0898745021056217 0.156397413109458
0.16882699223529 0.16027259425453 0.145229211929667 -0.0913915426936483
0.263323860123545 -0.0692718778755926 0.11934841299354 -0.0297463762682799
0.119608123913978 -0.201365454529189 0.212787805426894 -0.0833188279509107
0.00578782494469647 -0.179364414415804 0.219843492208158 -0.195445907607513
-0.0295546943375761 -0.130891200667887 0.145732100843966 -0.262520583098968
-0.0255460073139052 -0.097853506775116 0.0878857079207333 -0.218249720383448
-0.00797483917802719 -0.0921963108659458 0.0724025528700465 -0.151879514799926
0.0022791858794669 -0.121465123887972 0.0342890355842617 -0.106738872764734
0.0667500614422099 -0.141719267081298 0.0165110405185986 -0.125355158805714
0.209058429792638 -0.0477761946395805 0.0146690389844769 -0.156570444485825
0.150407906823911 0.195505160086074 0.0039693524932069 -0.198677413153236
-0.0145449187690752 0.142868238022109 -0.0207480572066809 -0.362973282028693
0.035334991749292 -0.00340063969603092 0.0929785754637722 -0.496824613001325
0.00409873007422401 -0.126553929054979 -0.259240768664341 -0.161075644758007
-0.0884596399947228 0.0433690151533578 0.0637714927817579 0.043413653922549
0.0766551211441562 0.140244955134058 0.0922479319629034 -0.0749189973995828
0.150955510232754 -0.0587919776572782 0.168092366319592 -0.0252522959730122
0.017607789020495 -0.128297694622527 0.241939390205538 -0.142771293504391
-0.0523830455896739 -0.0833422531716713 0.205683119406546 -0.25537673466871
-0.0694251153626306 -0.0383887679913006 0.123403656371733 -0.29814374949256
-0.0682899705608135 -0.0110085770193135 0.0795041593121927 -0.242324074407039
-0.0619996992945623 -0.0269296685649409 0.0568215762352772 -0.165701675909699
-0.0541799790242558 -0.0826053516635351 0.0189991144487709 -0.127890947718774
0.0165750020409005 -0.128878321530159 0.0295213205212244 -0.161180500455083
0.150892379970637 -0.04776923226221 0.0811951180659942 -0.169669654804903
0.0529357943133846 0.144388829359507 0.0451540029170405 -0.174730536703048
-0.0817795362639314 -0.00455145279726584 -0.0058105487934273 -0.393056004294218
0.0341670701894302 -0.16582100399816 0.113875766466165 -0.519035822554459
-0.0236160730628783 0.27112556990496 -0.111719758611134 0.450960835762514
0.113669288563013 0.100390452992281 0.0812572113564149 0.509579412038725
0.0227641856895751 -0.0396299253440629 0.034275916507383 0.14523299382036
-0.0689016648542637 0.0428170232435827 -0.107727576597263 0.155088215482736
0.0301563217076798 0.0962971307485426 -0.00215364025721394 0.205157490735288
0.0945242186321231 0.0324922285889794 0.0433654939794004 0.133597046111177
0.105861973585637 -0.0344619312475045 -0.0034276237989885 0.130638248668777
0.0945504362448573 -0.0803915962679222 -0.0596205546615167 0.211731320731883
0.0960495494193622 -0.0846256948949353 -0.0765282947164587 0.270461807522556
0.112509813931403 -0.0369136699100582 -0.144880319644774 0.275144436337159
0.0862064982809955 0.040424423378222 -0.219013102694314 0.206730426163925
-0.0209123996105686 0.0454338456533722 -0.212414019127786 0.0760321614806267
0.0237117232042431 -0.102825235579606 -0.113004477869597 0.0223416844176142
0.194521116070882 0.012069607963861 -0.0872325267864612 0.0414179071832007
0.139011280919841 0.24841238721503 0.138618929547869 0.136489786496801
-0.00163100694000435 0.350719360040765 -0.118552698585169 0.352681090526389
0.135118238016883 0.210184668032805 0.0917782587002851 0.550584810545857
0.106455949766314 0.0538174717034861 0.105334571138463 0.11488640813216
0.0294025703720902 0.0346696849174963 -0.114024209668806 0.126457039298533
0.0833783593357478 0.0451634846396842 -0.00838254833286779 0.229606250015211
0.123299745715848 -0.024004668405767 0.078627667072028 0.152321323670226
0.121582997608914 -0.098546893118296 0.0402463935026971 0.1055608745919
0.10620418044815 -0.15672850823618 -0.0295940732556162 0.162769711723054
0.115393994374273 -0.174422062145375 -0.0468697161545922 0.213557913986097
0.143647341675748 -0.148595208348088 -0.108249483293987 0.229366482110247
0.169186680761339 -0.0691072292550739 -0.188021316963099 0.188624384938569
0.129945649239664 0.003963516849242 -0.227972723176229 0.0761743159128419
0.158356752546922 -0.0329536756720049 -0.132161906172617 -0.00710700037841228
0.273625033948962 0.104929252063462 -0.0779373965917931 0.00895958127624814
0.202984021211322 0.325319509383291 0.110883105399169 0.0730050709192398
0.0570988680899481 0.3742713946307 -0.13043089635602 0.222515548964008
0.171932336484346 0.263684845834111 0.10890927337585 0.553625845668283
0.196838721162542 0.126122779827726 0.194294848788213 0.0868586116108376
0.154227387623992 0.0126006490601238 -0.0776665484433318 0.082340990402193
0.149598340554651 -0.0379335463179773 0.00459655025318645 0.218008643290473
0.137985504176757 -0.102698014004955 0.116579731082778 0.14609096640619
0.117249990934904 -0.159234266108981 0.0867395696132964 0.0588230701012114
0.103104394300544 -0.209149081991324 0.00269809208891333 0.0878021136277302
0.120432783718633 -0.229154917248288 -0.016117491244076 0.126932849460217
0.155765582312834 -0.220653719019419 -0.0705905700426973 0.152244384519362
0.218239212742463 -0.154767966062112 -0.147213406349263 0.136010097721288
0.251857574427605 -0.0419433959806837 -0.223050996846127 0.0538055593879214
0.281373316602107 0.0386737419352222 -0.154399523191663 -0.046248830401185
0.318243401295215 0.196765310401671 -0.0903337753776395 -0.0607293134221089
0.221383401340317 0.367452994195946 0.0766275607181126 -0.0388898089886637
0.134382454205139 0.339354773377541 -0.160443332658846 0.0910979210468285
0.214613466690419 0.248712981720217 0.123124905154571 0.506822087324064
0.272802842494006 0.150097868347064 0.256069260679597 0.0423407757894962
0.268023169753832 -0.0285975936106036 -0.0208845920753811 0.0324838266564053
0.204533278150017 -0.138532852986605 0.0446684382292612 0.167576180285137
0.132176256399912 -0.185464500557981 0.156766786040498 0.0967610758326767
0.0921911891887051 -0.205434436010384 0.123050090649285 -0.0130376594898499
0.0839237734883064 -0.231325901642515 0.0319672970944853 -0.00129223919137864
0.109499433093716 -0.242323086618436 0.013604520104719 0.0297144547014681
0.143847604554693 -0.244577447422113 -0.0330556740117327 0.0610233592011363
0.224909092382233 -0.197198259780325 -0.101280652291544 0.0589074716278447
0.317219208260465 -0.0718946738885169 -0.194749868349624 0.00493400622955401
0.352479690585752 0.103777340089664 -0.159685171144593 -0.0984192275935698
0.30764681764516 0.265556622159927 -0.104403548260788 -0.151479516917643
0.193788158272745 0.358407305553193 0.0469844598247699 -0.179313457008394
0.187024510531406 0.250629236657292 -0.213222373485766 -0.0220730826032408
0.214643555714812 0.190000669834131 0.130348880208252 0.416067444343603
0.296782251300297 0.144803719336243 0.262996469821883 -0.0207642786844498
0.330901577485586 -0.0716776516992842 0.0324508906826282 -0.0103962248106892
0.220438889620362 -0.219232502103149 0.101979819736534 0.0851143310976944
0.101663415746902 -0.240912495622953 0.191052422984359 0.00433624654382476
0.0533112574726104 -0.221428701406095 0.143631757638425 -0.104957740572542
0.0532081421673007 -0.218479933266528 0.0560210315627138 -0.0917691700606396
0.0814999644882016 -0.21551203959432 0.0413215828656337 -0.0566239001082406
0.109708397383911 -0.220251019329181 0.000638396877949487 -0.0210646866599956
0.188459630547004 -0.192896562702023 -0.0548460033647811 -0.0206370457768186
0.315340523951292 -0.0748567898631734 -0.142316871918255 -0.0611227020478815
0.343441899221757 0.160664380182778 -0.132159126115451 -0.155045803807698
0.230817582611952 0.287942924896931 -0.10069263111691 -0.244683085450353
0.135644743229209 0.288358017646985 0.0353794095998163 -0.321337588409293
0.178038872091995 0.126281196471207 -0.263451940332882 -0.100659010913723
0.145072445278701 0.127380863392701 0.122215705878554 0.290433675728901
0.258680528422166 0.145527658509864 0.212432084270578 -0.0768877947567225
0.326317115594076 -0.0897647352557551 0.0768538483564118 -0.0330735379911273
0.185466632626491 -0.245249947915091 0.163155392095159 -0.0102751920558338
0.0526117944629022 -0.240269124895704 0.211367935214574 -0.10869233043599
0.00645591153412786 -0.195752669417593 0.145534635612711 -0.198696167985492
0.0129803633670167 -0.171298572458891 0.0708751461272545 -0.170205081853076
0.0384006489598343 -0.160260962372817 0.0599780880396488 -0.120980692766108
0.055195784962285 -0.171565448743093 0.0234990845698209 -0.0777427759486492
0.124071622021199 -0.166938887552082 -0.0163222393246395 -0.0836632580360251
0.266838690569892 -0.0659054830685979 -0.0706539542094417 -0.121402986044588
0.266977568625525 0.193391260172115 -0.0725870114971907 -0.194921708098584
0.110599130355849 0.247731367136134 -0.0706130105997004 -0.319086109402324
0.0739995275501356 0.160836429444956 0.045713346430981 -0.4365740334144
0.104098141554732 -0.0063885798058997 -0.285892227562582 -0.141557143201942
0.0293978025195111 0.0856174198603766 0.0977975796993698 0.150636966773744
0.181441809965379 0.152878812010173 0.137995849252592 -0.0979894983925745
0.261418017632621 -0.0853872215137848 0.120109306875752 -0.0334396529438875
0.108112843269808 -0.209812847870861 0.213067634302103 -0.0948477968737608
-0.00442239260637378 -0.180824678773267 0.212413467677168 -0.208939953449606
-0.0367635454333063 -0.128189406972406 0.130946181232956 -0.273130209906226
-0.0301514778424653 -0.0967530749463379 0.0737528945949313 -0.226070387287839
-0.0118567332542917 -0.0924623859494548 0.0631651086473036 -0.158651497943665
-0.00500478670481025 -0.121054802409055 0.0278501196094132 -0.110938175723576
0.0583828476657593 -0.145102035600668 0.00900684598901602 -0.128407947598681
0.206768623244674 -0.0600736398274691 0.00659606332780627 -0.160348441405572
0.164708340914025 0.189360355642702 -0.00269698607275015 -0.201176180175166
-0.0067164269831743 0.146093226069019 -0.0347309177780477 -0.365948040622375
0.0342571036352359 -0.00190559889345 0.0659116375349668 -0.50831873359505
-0.00161294715660094 -0.125966987334029 -0.271751877342955 -0.149427150007419
-0.0840728166178121 0.0503862648725154 0.0634872422679579 0.0380438195889339
0.0878246618233845 0.136697471657354 0.0854359309695042 -0.0771011483266057
0.14798179574513 -0.0693603827949262 0.17048976418451 -0.0323784939585934
0.00943869454111813 -0.130609869130651 0.237969123738918 -0.156180697782142
-0.0578012593078046 -0.0800862955556956 0.193327839649085 -0.269920268953319
-0.0724596011767204 -0.032841083833059 0.10728200704938 -0.306420083445621
-0.0678510808505804 -0.00668770084713886 0.06501473599387 -0.250462550759199
-0.0623327910012349 -0.0229657292460449 0.0473238904535146 -0.171296558903344
-0.0590417637238134 -0.0793007985189213 0.0120128021332718 -0.131658799302
0.00810277982318693 -0.130164292998752 0.0215592489494426 -0.164983849710842
0.148772115629121 -0.0573674286962553 0.0730548184306051 -0.176569056435419
0.0640041023382794 0.142408603860437 0.0394378625047805 -0.178640838698661
-0.082122714667057 -0.00021339759548345 -0.021539349466902 -0.39619214532926
0.0239207794430856 -0.16592988599655 0.0866437030929171 -0.531748613072188
-0.0111227572835509 0.264404167093145 -0.0879442564270284 0.446490252159889
0.112646857662975 0.0916748820354511 0.0998765943881997 0.492422261872705
0.0181044096542873 -0.0389361917180022 0.0374005329620281 0.141144925268605
-0.0644536180691673 0.0456714976503577 -0.0984981499195848 0.158365649285575
0.034009793126594 0.0927579086961271 0.00827559696860638 0.198985664015309
0.0937594085093277 0.0261046643858782 0.0483359650033125 0.126924834226563
0.100419195116031 -0.0403165035089748 0.00279271460842859 0.126639476517025
0.0853763473611771 -0.0833644490644064 -0.0466586195891407 0.210157415856573
0.0866933705218691 -0.0877882872098947 -0.061420287636442 0.267301264946317
0.106564581300495 -0.0433467234794933 -0.127590838668892 0.275471254987389
0.087138786675753 0.0341990613299879 -0.204765630097169 0.21193201313785
-0.016612179788413 0.0465614101212911 -0.203849711512232 0.0826468495979257
0.0159234617303057 -0.0994206406957476 -0.108961413879512 0.0242796196107883
0.188417487115107 0.00282822519406243 -0.0804283577608931 0.0466214979076943
0.145555340242263 0.234090336985 0.142941654181171 0.127909669496248
0.0129631065154044 0.340862330350358 -0.098525392275405 0.350436825329313
0.137754049689751 0.19825757061477 0.115223024375533 0.530104047984002
0.102969513953467 0.0487000060579582 0.10401553221147 0.108575452496755
0.029303230835245 0.0331694344221483 -0.105233098516468 0.131965012666521
0.0833348145135659 0.0411842366858365 0.00349400481679148 0.223318876586284
0.118624804767162 -0.0302534289652124 0.0825630758739332 0.142996954932082
0.112857957031654 -0.102494924494295 0.0445781135306509 0.100605799628668
0.0943275720170551 -0.157326663540121 -0.0204764949453103 0.162353946724348
0.101507930035859 -0.176862818419592 -0.035428007311236 0.209866917735104
0.131238706791888 -0.152449242282736 -0.0947736396448503 0.228997542579961
0.161951548960573 -0.0770047787580826 -0.175888158838365 0.193069486376364
0.128222037101686 -0.00153552019791317 -0.217883695550207 0.0839430710302564
0.152366357474524 -0.0374910696511233 -0.127669424730669 -0.00346019179735442
0.270677017565344 0.090335779882284 -0.0720365367786911 0.0131729838540633
0.212511304113117 0.307109796162139 0.112587457474463 0.0660062163782498
0.0705278984507761 0.361869425017382 -0.115008023476493 0.22541333897214
0.177169272224696 0.24884961609042 0.132161163784364 0.533874571495023
0.194938455034705 0.115562558700603 0.189539013954826 0.0772847579739236
0.149303789064001 0.00599144795151657 -0.0714500416807926 0.0877562009551548
0.143577889557433 -0.0432506428355144 0.0169062306424899 0.213232105031905
0.129160440831285 -0.106744618518563 0.120179630495576 0.135618228885978
0.10510914680528 -0.160468868037326 0.0860441497561838 0.0521363169626161
0.0883557315614206 -0.208740754877557 0.00620273897068503 0.0870978196180281
0.104115908919214 -0.230915171822459 -0.0110094640379733 0.123471796468421
0.138811638838618 -0.223531055553635 -0.0613892915499313 0.151330809486508
0.205587759501394 -0.162364681581787 -0.139192211264992 0.139365898645938
0.243546237641872 -0.052360657809812 -0.215062100242489 0.0621010251142662
0.277060566553077 0.0255030788067589 -0.150264219152128 -0.0406680559973202
0.318096889406693 0.179422596887783 -0.0861488177738463 -0.0549762765967468
0.232104233746685 0.349610818490304 0.0749488709786411 -0.0435990967748728
0.144859158273403 0.32574093662171 -0.150679610783501 0.0976903555955313
0.218774708395842 0.232771798235032 0.145983113544228 0.487212703862197
0.271454350548699 0.13548772080534 0.246871940192547 0.0310345410596232
0.258487264444918 -0.0403171704615737 -0.0186528217791632 0.0367695893152351
0.191834851116778 -0.144427323153989 0.0540511059340708 0.161155923939378
0.119381638410507 -0.186566958659026 0.157357093276899 0.085536424706451
0.0793279141492067 -0.203596677462352 0.118303427118434 -0.0201666852939629
0.0697538921597465 -0.230009224936199 0.0297088161805641 -0.00105281798581955
0.0932563323187801 -0.243394501479374 0.0128320310960854 0.0272239320588954
0.126663856743737 -0.244426881061364 -0.0299290189972017 0.0604220663121432
0.209584911400562 -0.203425402919073 -0.0981857872915246 0.0623799530259808
0.304672592867843 -0.0855811432593013 -0.189199486411913 0.0123930248301911
0.3490131177951 0.0862468072004381 -0.156436536930478 -0.0905752212713938
0.311166371992799 0.244989994117524 -0.103581162484237 -0.143951262803745
0.205141243724049 0.342300706726314 0.0393834150285178 -0.17900961680946
0.1923386664649 0.236632618682439 -0.207928873224194 -0.0105651507834387
0.218010325495794 0.176774931863934 0.147221013461373 0.398612004097561
0.297117832257998 0.128727414810649 0.249723089024315 -0.0299042488740501
0.317912589433029 -0.085529292731935 0.0316994482031314 -0.00805306005218586
0.203666171310996 -0.223890725738829 0.105850641119662 0.0786171762977247
0.087033007545759 -0.239103451806465 0.187355121157171 -0.00573949719708569
0.0410022225129107 -0.217373932617703 0.132863064343931 -0.109906365420649
0.0417269719220655 -0.215419517331254 0.0480285331258963 -0.0909354645318928
0.0680304978686131 -0.214058906194542 0.0357745992414698 -0.0589464015552237
0.0947849135444215 -0.219597177279657 -0.00101576207723032 -0.0209676686677128
0.1738615971681 -0.196588733934912 -0.0568727495836601 -0.0172334550861975
0.302451515480554 -0.0882420701983856 -0.140577527486221 -0.0536696428851852
0.343544512444203 0.141717742938981 -0.132030125389981 -0.146138982678563
0.238641796744544 0.27001995766855 -0.103158413508523 -0.234739660612537
0.14590140319684 0.277742621395119 0.0210618345816851 -0.316966854883688
0.177920597372527 0.116791703720398 -0.260546492440014 -0.0846532959886876
0.148263114896449 0.11964193455457 0.131826190739828 0.275706858982131
0.259992067474914 0.130119583558854 0.199410420934707 -0.0812181900925147
0.3131731691322 -0.104041543595303 0.0740992579557419 -0.0324924575726809
0.167551364637995 -0.248027780410853 0.161468600262859 -0.0164079946359683
0.0395704267167809 -0.236207422661511 0.201882597194262 -0.115701031916849
-0.00215573894828279 -0.189466138363938 0.130948997024504 -0.201915308992744
0.00436010859716825 -0.167344841970101 0.0583692405245737 -0.168617592626727
0.0302176419343342 -0.158094618103557 0.0506825278248688 -0.122007340206215
0.0446643326571354 -0.168502883142668 0.0178138930238184 -0.078215556096785
0.111403706775274 -0.166694297693964 -0.021030560162034 -0.0815516405759445
0.255137813861376 -0.0766656519981492 -0.0743847090799138 -0.11631668444498
0.270287128787555 0.177275222923439 -0.0751200289664027 -0.188040291118868
0.12007866064544 0.236760203410572 -0.0781034490671708 -0.309581532280456
0.0793921124230062 0.157122965090038 0.0240482852432911 -0.429434560112813
0.100952083866603 -0.00856061531967953 -0.285613152173163 -0.125280198660338
0.0347195454035859 0.0840355634597019 0.0997812054292084 0.141004395924807
0.186017795522248 0.139420009472553 0.125425501483428 -0.0982158125366916
0.249404225501113 -0.0974008103651015 0.11705898881701 -0.0359168997447478
0.0949205443840326 -0.210674642570364 0.204892168895901 -0.101667311370145
-0.0130580690019225 -0.174935824270055 0.197020750809397 -0.213816153133062
-0.0424174634578147 -0.121403623131093 0.113207815704923 -0.272039524004721
-0.0326616215925756 -0.092588337858669 0.0592529795501802 -0.22334913296395
-0.0150075463563724 -0.0891804066394573 0.0520604692950594 -0.158714072295573
-0.0110373822959793 -0.11603354823416 0.0212223242663098 -0.11054133520957
0.0484881919243361 -0.142764815627178 0.00234323759676235 -0.125783376663938
0.195911667518885 -0.0686153670490564 -0.000629959918636571 -0.157770904375621
0.170649675788946 0.176405412207279 -0.00864957148561121 -0.196459622555338
0.00118997684381471 0.142643112735648 -0.0444789722516337 -0.355888176385121
0.0321918159883098 0.00114007234194216 0.0419878979843763 -0.498900499744319
-0.00646712537950949 -0.120713377091421 -0.273007038037761 -0.133916332543821
-0.077199196490524 0.0538716551736246 0.0598152034765396 0.0328498707701215
0.0941651000196053 0.12759087471795 0.0764043429758245 -0.0750845438537213
0.139512751777277 -0.0756154078574439 0.165852129542757 -0.0378999070029806
0.00206255181062804 -0.127297521961062 0.227076288921071 -0.162903130159859
-0.0604040098243215 -0.0753909813673359 0.176968921156693 -0.271521434232212
-0.071426910109882 -0.0267076481781287 0.0888867827028346 -0.304415453807882
-0.0649547416487055 -0.00241588158791378 0.0482507949191161 -0.247526092406934
-0.0602225264322054 -0.0185071578318401 0.0364666367405419 -0.169676326090516
-0.06126674259774 -0.0728716919028536 0.00470231818077166 -0.129346599864129
0.00138091660371091 -0.126073173851577 0.0127937423522748 -0.162797005429072
0.140489110508309 -0.0643346124415453 0.063486852604498 -0.176616089719855
0.0720716396941598 0.134210284880622 0.0328582273534329 -0.177108406234949
-0.0788614862917794 0.00385257455972907 -0.0351734715877265 -0.384313297765037
0.0146152427865839 -0.159379770844392 0.0595366923678632 -0.52080531071018
-0.0444074182789844 0.243289893061457 -0.148718068987323 0.415360637563811
0.0898739182776683 0.0994358979465383 0.0379731033688022 0.482208423402145
0.0194202112836088 -0.0330043598213636 0.0185039597530677 0.137316529770124
-0.0683960651929785 0.0336812296512801 -0.111416660718342 0.135904657678311
0.0182298964547265 0.0928722364387883 -0.0188844454100223 0.186050347182017
0.0838032032862013 0.0351003507676577 0.0300643670520522 0.128369185619932
0.100277528752508 -0.0282684302038733 -0.0122990348338251 0.120967791982062
0.0915739061126553 -0.0691166735212902 -0.0683580586220967 0.195398446348759
0.0933947259461314 -0.0742564641216622 -0.0927612736198927 0.249570185785438
0.107272942876412 -0.0296727113377903 -0.159492178107478 0.248756730098637
0.0826733059195524 0.0425601329030422 -0.227037715827923 0.177406315797514
-0.0179211524656981 0.0443320599497617 -0.208145776500147 0.053388433240936
0.0261422667686224 -0.0909444808418109 -0.109807925793422 0.010417579689786
0.180090365754253 0.0257742204802551 -0.0891189429846315 0.0380523095064878
0.111697000929478 0.242080891156785 0.116062813530935 0.137841690702002
-0.0315673511294549 0.317897563009761 -0.152664298489105 0.329306997486708
0.0990221075759731 0.201990867723855 0.0454779715867524 0.524622029309565
0.0867098213549722 0.060880755940009 0.0813573415911436 0.120909652836838
0.0210379558265775 0.0366375449117897 -0.115169934255851 0.113340337278261
0.0716082223999346 0.0520944062818563 -0.0249616826567065 0.211263792652832
0.114574785381931 -0.0143047257736822 0.0633840235608267 0.147790129684164
0.119792837507707 -0.0853745871830819 0.0292140605638116 0.101330254230381
0.110007915740106 -0.140194128153817 -0.0395372571717215 0.152104396536361
0.118078282422151 -0.157933507908888 -0.0631517544236938 0.197356555818075
0.144114217349909 -0.130627254675888 -0.124136017461207 0.210333496601775
0.167998394558253 -0.0543804271849031 -0.201542487675494 0.165635599057129
0.128317426730598 0.0158482682839429 -0.22514593350411 0.0540213359044045
0.152002109698404 -0.0135658532742379 -0.127245542781913 -0.0225987542566052
0.249066464797874 0.120477451255376 -0.0803097005011601 0.00248125154338717
0.16849790498819 0.322934226957671 0.090089730402242 0.0712155852684052
0.0189151557191127 0.346405275151182 -0.152622847909651 0.213147111985308
0.12819833090697 0.255143677845213 0.0605740601148578 0.533678825085614
0.163610870638653 0.136508194917211 0.162995354354968 0.108494029818215
0.13724932421867 0.0289812533564719 -0.0782163099880488 0.0817558425067942
0.140854440446208 -0.0181662836481118 -0.00904811521449268 0.207883783639772
0.134014352303629 -0.0839425193319784 0.104336573774321 0.145039001407023
0.120413016708458 -0.141273839632874 0.0751966933327688 0.0609517484289608
0.110737716410182 -0.190616074461811 -0.00630446025966689 0.083389169692318
0.128270670071601 -0.20975848567498 -0.0307672082801689 0.118080282291067
0.160217068614749 -0.196769098505202 -0.0852065277600871 0.140404270704668
0.219499102216654 -0.130293095528398 -0.16224286846468 0.120085082496455
0.245994321388018 -0.0181914844347118 -0.222024004931254 0.0351685797637721
0.26500279255665 0.0617481706838799 -0.146489502391357 -0.0643196082418799
0.284994751468806 0.212889629713877 -0.0874833890894576 -0.0706973782862601
0.182376238748637 0.365604782675747 0.064401970766259 -0.042890404906592
0.0914272012145985 0.321982364625518 -0.168207478977339 0.0938436518404818
0.17000238607411 0.24709283414435 0.0804371966584174 0.491298773217797
0.233248075594978 0.1655520078369 0.222578712800969 0.0761335359747905
0.246633970896681 0.00130607372771336 -0.0209727582883782 0.0464694735062096
0.202087240314052 -0.105931423891954 0.035331909351369 0.169391639575405
0.136659289411751 -0.15975158151634 0.148394275493589 0.101519518457894
0.100961589487382 -0.185187283013373 0.113138514226679 -0.00351125523102053
0.0959605111900891 -0.212928903139991 0.0263080687339973 0.00171780607163032
0.11919660605198 -0.222232465958641 0.00398878761644224 0.0282042275450035
0.151554126424858 -0.217730815670621 -0.0430452014101295 0.0573486666450507
0.227456698052352 -0.167593269175562 -0.11428604586944 0.0512053881805375
0.30787028460636 -0.0414697148266904 -0.193331774944865 -0.00876737518383866
0.327626027339903 0.127594115700539 -0.147235740610703 -0.115721265729668
0.270687205933624 0.276331344215801 -0.0920759494082503 -0.162710709980919
0.157168490990353 0.359685910280459 0.0473190038619814 -0.182080803734764
0.146820429870835 0.246297448602241 -0.202304709032038 -0.0140949910561203
0.178389419901106 0.194921785887318 0.0930724236948191 0.40765012651567
0.259150168477654 0.16280799547885 0.233468382914503 0.0211054014665126
0.310612419109165 -0.0327040518104074 0.0334744209091239 0.012393984743879
0.225238001446465 -0.17964370234647 0.097411167512482 0.0994082631683784
0.113330863575229 -0.211365078233997 0.188578151541728 0.0176152516936132
0.0646663281949737 -0.20183306372371 0.138758666834814 -0.0865454336266237
0.0667469053755067 -0.20291317941636 0.0542262333863595 -0.0809747916255074
0.0912978680543031 -0.197857645414816 0.0363499272807566 -0.0523507764291294
0.116980256760539 -0.196121362307766 -0.00482977952583182 -0.0178418881179673
0.190942975520899 -0.164227388417504 -0.062786076591753 -0.0200110895628563
0.303868294477934 -0.0437561416984419 -0.137984877228312 -0.0676386664566625
0.314610761262154 0.180747486094593 -0.115263902236232 -0.167899178568177
0.195679114843895 0.292032970601883 -0.0789396714159091 -0.253025614622565
0.10621117426253 0.29236196782476 0.0480820773788138 -0.318113527842656
0.149579839213721 0.132928266144363 -0.237650966819765 -0.0943948838982351
0.122211628222726 0.133232256783089 0.0921391942825117 0.283820561470286
0.226602891793048 0.158475608971047 0.191035275388443 -0.0338813352075427
0.309159132411399 -0.0517922092941869 0.0771603263178693 -0.00497254237223701
0.195150219457182 -0.208713228473243 0.161786784151127 0.0159325113150602
0.0671449108294596 -0.214839541660749 0.214654068864836 -0.0875624222127017
0.0196566307234652 -0.180119123412935 0.147150599367445 -0.174001223231778
0.025820553844567 -0.161374070046399 0.0728142674300546 -0.153923435525247
0.0482367087418286 -0.148005616027296 0.059075580563117 -0.111272721042702
0.0623901061250072 -0.153590629418626 0.02221380933044 -0.0702152156677596
0.12713522988861 -0.143548070744669 -0.0180108279050501 -0.0777492118235509
0.254792141084625 -0.0389479425161561 -0.064020778768697 -0.121205706698815
0.2404850666491 0.204455472012916 -0.053204387637043 -0.20080928159324
0.0854749863481866 0.244944754348275 -0.0390745046409717 -0.321814090181744
0.0564381601142985 0.168074364535267 0.070456496591777 -0.424041436503725
0.0949005605904023 0.00580608381008745 -0.251226706997323 -0.143124864556841
0.0224309806058709 0.0846980497019545 0.0747540678146658 0.146831668793431
0.157121737109247 0.155508140955127 0.122326130840069 -0.061049822441107
0.247902131753762 -0.0552607738817861 0.117684089571955 -0.00639922151922507
0.121278345387118 -0.183601145136462 0.212642887291632 -0.0626106015176731
0.0101932885481134 -0.163825041679505 0.21831123389846 -0.181195547397099
-0.0259630873527691 -0.119187337882619 0.138559562260178 -0.244398881336814
-0.0191493265667456 -0.0929667675722365 0.0798199849481062 -0.206575120249114
-0.00353493707844966 -0.0872891491895646 0.0670885312459667 -0.146172432429879
0.00359312861445454 -0.110711025920229 0.0309714132804611 -0.10101312214214
0.0636301791214272 -0.128184551545331 0.0130599261807605 -0.118497136768721
0.194850035527644 -0.0394135497961302 0.0143447068756188 -0.152210173494302
0.143709131851327 0.191359059155622 0.0150363222939058 -0.199322770886099
-0.0171754805128883 0.141099689926942 0.00328963819077313 -0.358685525006031
0.0285061049175346 0.0116515412448136 0.0999650031778297 -0.484760222620827
0.00952068033951601 -0.11234568444199 -0.23474640248003 -0.159670255594251
-0.0765983526211231 0.0402381661743494 0.0451313595692032 0.0345638860355303
0.0724986500658847 0.130944531318199 0.0719425508380054 -0.0505349867645296
0.141194035155444 -0.0510471998198599 0.162442640024403 -0.00747858326520222
0.0208807528084014 -0.119099621826397 0.237665378458355 -0.12273732193985
-0.0475288526728971 -0.0753093368462375 0.20152018120018 -0.238651001014844
-0.0661585075150865 -0.0315033079018863 0.1181302940494 -0.278104528530593
-0.0608778313146565 -0.0105433882993676 0.073804874988545 -0.230166622420875
-0.0556571268998362 -0.0251612236443468 0.0549523912595243 -0.158789353475415
-0.0496921945316297 -0.074855018357365 0.0198933023393991 -0.121637145960422
0.0158192820318007 -0.117897720375995 0.030886664220815 -0.152682656824136
0.140808875991803 -0.0421687698028601 0.0786187946161599 -0.163461794491987
0.0527348067443782 0.138122392624614 0.0556211215142111 -0.172483588574276
-0.0772724719908568 -0.00152054232011978 0.0199607321036635 -0.378454560857593
0.0298607407889696 -0.1459685396859 0.125057894960093 -0.499367953554517
-0.0481433537555609 0.237034096388585 -0.15495075487049 0.405344563658288
0.0837594221184963 0.0985468133393996 0.0273644654323355 0.472782060797379
0.017924007806534 -0.0314681804762342 0.0129176466184527 0.135464411431363
-0.0680440432425205 0.032901411508923 -0.11285612120047 0.133346800712989
0.0167087824134009 0.0921017668855168 -0.0228021818455115 0.181287830261459
0.0810765496046297 0.0350557613361043 0.0264493058323407 0.12554510705172
0.0981221135630413 -0.0268646785934616 -0.0141635590034322 0.117810463564616
0.0903034368092814 -0.0663029656557133 -0.0696311944732143 0.191491645576595
0.0908874106591987 -0.0716535703106462 -0.0954991071668989 0.242948946194826
0.10502294385993 -0.0287916708637551 -0.16044750947981 0.240381614934543
0.0818375639389372 0.0420396333425525 -0.227325187920109 0.169939682469031
-0.0174610121781301 0.044543110755446 -0.205353008399452 0.0463524348923852
0.0261390209117286 -0.0861708203825468 -0.107330377178817 0.0055543535660664
0.175864008934251 0.0286252041509687 -0.0861129317777501 0.0372445115517596
0.104674165902686 0.238039772396596 0.11214273779819 0.138328445747529
-0.038281991396362 0.310898229158347 -0.156187525204604 0.320802570672934
0.0908914005093624 0.199870970079511 0.0328529246752516 0.514949571036685
0.0808867413146712 0.0629391499765141 0.0740895442870555 0.120935761397073
0.0187728481563033 0.0374909690259834 -0.115862256348829 0.111835858603126
0.0699849216203097 0.0531983840267499 -0.0279227010570559 0.207134372279095
0.112542483832257 -0.0122797254657795 0.0590863523084832 0.145258775389043
0.118729335939075 -0.0823006216604675 0.0264377622380299 0.0986519715949142
0.109108103148933 -0.135676629664321 -0.0411967962533864 0.149126923015697
0.117198773465927 -0.153323108934034 -0.0664241716475218 0.19164718594118
0.14297344982248 -0.126481567086047 -0.125848685760009 0.203138441572353
0.166934945331928 -0.0519205570943072 -0.201704288854497 0.159409168859938
0.126761139463475 0.0190362543228452 -0.222411179545503 0.0468707543878086
0.148828950404452 -0.00806859714523551 -0.122963407466111 -0.0273635341692378
0.24154189706038 0.124655148186836 -0.0757755566777753 0.00153628984487646
0.157798289012601 0.319479669085123 0.0886687294145785 0.070938533959599
0.00963453191452706 0.340333886875364 -0.153805073344759 0.207266248612956
0.118329752485566 0.253294557854748 0.0491612808511693 0.524576015983948
0.155945979096553 0.13869995185681 0.153168063185972 0.111149249374218
0.132869622605971 0.0330796215490637 -0.0792096370952364 0.0812811394072624
0.139115255192538 -0.0144091189958927 -0.0114288965339063 0.204317533272639
0.133180409780406 -0.0800491229919185 0.0997698273173722 0.143165961600246
0.12034073461426 -0.136458908884349 0.071659353598433 0.0601289192525715
0.111682731006407 -0.185232414247804 -0.00753248700660387 0.0830103181874006
0.128096400408168 -0.204634491996307 -0.0339363541284459 0.113495965039609
0.159604883902579 -0.190291579939921 -0.0858696130544399 0.135540217413044
0.217829329590688 -0.125058381226545 -0.163329160052734 0.115780931500862
0.242143770023986 -0.0125735532525684 -0.218421867444666 0.0285176945750166
0.259834777483605 0.0685851858438719 -0.139988146116977 -0.0690654147810106
0.276802330004106 0.215355959798095 -0.0808489407468866 -0.0716820664096882
0.171664993669496 0.365143326384708 0.0652726449896325 -0.0418364068836872
0.081140987268718 0.318931123906516 -0.166997274935482 0.089303155599092
0.160753167845462 0.247734449362796 0.0687938459373722 0.485296881749648
0.225116748473377 0.169264765169875 0.212374722551781 0.0818809080333936
0.241176478176094 0.00660932148212251 -0.0219635972852852 0.0473194436067458
0.200908181921104 -0.100088849261683 0.0325900150689836 0.167293184446065
0.137030306693251 -0.153855098154456 0.144327521907151 0.102638708681425
0.102680735319988 -0.180204206825677 0.110351419240623 -0.00177826833856426
0.0973826478210685 -0.207601413243079 0.0248777805840223 0.00340058091592626
0.120027415615287 -0.216990052375613 0.00069307612256388 0.0263954997167579
0.151337904634099 -0.210285644376906 -0.0434287062208465 0.054128091395642
0.225738683344319 -0.160499871305753 -0.114288054945558 0.0492132620058992
0.302705537671013 -0.0341169925701292 -0.1889287943196 -0.0141405088952753
0.320952570071154 0.134770081327469 -0.138477270775193 -0.119829891122928
0.261523936047223 0.277626448013318 -0.0845813351190504 -0.163588698162649
0.146824927250703 0.358768413099437 0.0500376794507769 -0.179387066108547
0.136963305920815 0.246532716887312 -0.197803397854193 -0.017882214039532
0.170593920945505 0.197003931696171 0.0819273878802625 0.401322700384861
0.252215444235575 0.167297115713806 0.22416753308098 0.0281008821601916
0.304342068808395 -0.0263534577105372 0.0325216588040086 0.01674343179393
0.224522574253285 -0.17222784626715 0.0953054082929561 0.101455545172608
0.11474882563406 -0.205771305811535 0.186424187774895 0.021627905109714
0.067564140278529 -0.195540144459448 0.136579994797467 -0.0836461703728126
0.0694422443890785 -0.198551624415245 0.0528914163650756 -0.0779270518727796
0.0928095111462759 -0.192909853483541 0.0340212000218895 -0.0526297780281424
0.117722234693103 -0.189470121286647 -0.00483086894309064 -0.0189689414532854
0.189949035017546 -0.156536923373424 -0.0621594446502424 -0.0211064730088938
0.297020493979933 -0.0366232722816679 -0.133090850368933 -0.0713235402446071
0.307138676885284 0.185436506436951 -0.10560112359707 -0.169665827132125
0.18664431717155 0.291926819985902 -0.0669579246566138 -0.252345181476273
0.0979919578163325 0.291979274335325 0.0547851032579978 -0.312812289339618
0.14234700005943 0.135497636010647 -0.231284521190301 -0.0976970583034715
0.117516892173311 0.135484047178139 0.0843707478598285 0.28000999452157
0.220638167749885 0.161530908915609 0.18358790492973 -0.0256397409260292
0.302904471455588 -0.0459682396690356 0.0763453398037994 -0.00063591066229747
0.1954115013359 -0.201572708497615 0.160933977334213 0.0193311249607837
0.0707047333680286 -0.209423641163152 0.213490053000994 -0.0816094238343213
0.0237797699759377 -0.174825280136942 0.146514615574764 -0.168607076272946
0.0290177378286629 -0.157342334990241 0.0723002722346932 -0.14931676348955
0.0500962293191992 -0.144991155142984 0.0580368348759181 -0.109573674258901
0.0639734528467781 -0.147538222831019 0.0229330492718569 -0.0699927915297544
0.125999427920906 -0.137654158617133 -0.0167565424813836 -0.0772267954635465
0.247952764813107 -0.0330145291482881 -0.0590019830594765 -0.122024852441939
0.23339681851744 0.206269198441233 -0.0441333756580264 -0.200408381128251
0.0790587123895918 0.24378946558314 -0.0265041656451953 -0.318274129064079
0.05118628796053 0.169854600968317 0.0783597339499185 -0.416176258121993
0.0918644353860632 0.00963373042772937 -0.243801061945639 -0.14545680006851
0.0211431536158841 0.0855554866718931 0.0686456871254661 0.144020419749375
0.153274121738031 0.156241870488621 0.117803596073232 -0.0543378456919906
0.243524820871969 -0.0508092935086347 0.117284972572149 -0.00131658081511118
0.120987828429007 -0.178242988907296 0.212525460702119 -0.0577257377629217
0.0129956981715339 -0.160187246391738 0.218779557784334 -0.174414501996123
-0.0224993497442819 -0.115644344876131 0.139684798879633 -0.23804843620019
-0.0158421763075493 -0.0914487480680623 0.0803597569683977 -0.20127109417347
-0.000840677862708449 -0.0860909014523859 0.0664256813184538 -0.143659334966431
0.00580246268934865 -0.10692094782202 0.0315985460078841 -0.0994432639491063
0.0630058062112422 -0.122843850102743 0.0147275905859712 -0.11615612465639
0.190332529262579 -0.0348943112752405 0.0176630497751771 -0.150936580337957
0.139528696832184 0.189971730252768 0.0227969151200596 -0.196537967083922
-0.0189810984396046 0.139050293225891 0.0158332118208015 -0.352380246545967
0.0272808545697773 0.0158861926264462 0.110069276325649 -0.473989947461372
0.0119703980978625 -0.108574479253412 -0.228644527180889 -0.162277338189793
-0.0745630355890869 0.0390349959149221 0.040252048662427 0.0337283887201401
0.0704698265339216 0.12916345778578 0.0692929553678423 -0.0443614482214487
0.138767238180632 -0.0483241251640258 0.161002835876591 -0.00292427205628542
0.0216878546597587 -0.116879177843207 0.238171286087219 -0.115920609832824
-0.0453905101872219 -0.0739740795774135 0.203677183130819 -0.231072927050504
-0.0632635623837922 -0.0308250060878094 0.120496329341356 -0.271256406832738
-0.0585310526683 -0.0108089211784196 0.0740239923303489 -0.225085589799369
-0.0523322225473254 -0.0255451482434225 0.0549146292856698 -0.155081895390669
-0.0462803024278524 -0.0741468656576024 0.0206465653736731 -0.11913567561237
0.0168350902856901 -0.114462046091883 0.032402183383486 -0.149439360915679
0.136955754337493 -0.0396931029394304 0.0811766171699093 -0.16022133717814
0.0518438437280838 0.135333143662037 0.0616593607744359 -0.16834426386944
-0.0751490746388296 -0.00206283852301516 0.0320670687911444 -0.371646129143735
0.0316043005279881 -0.13933630199038 0.132041272322482 -0.486647589665657
-0.0568095691975954 0.238623185401251 -0.170540665264328 0.410945367855972
0.0801559539373103 0.102392596403856 0.0120443694014828 0.481441615283817
0.0165076800791358 -0.0307679471973476 0.0066312375954274 0.138034762946491
-0.0701135696333805 0.0330765336742942 -0.119785515016355 0.135695015990688
0.0158837811148486 0.0943419384848265 -0.0274755588450869 0.184039202726005
0.0819618581274822 0.0368147195609538 0.0229556164365447 0.12761881562133
0.0996348948371004 -0.0266701400888908 -0.0178113440707467 0.118247301009396
0.0926463638420448 -0.0650849213522925 -0.0746372112624595 0.194035739921463
0.0918387487337864 -0.070687524906619 -0.103317405915873 0.24416733930965
0.107644929257728 -0.0276634487949239 -0.170236836556351 0.240602599549363
0.0840003275411855 0.0444389378888515 -0.237061374094586 0.16764509175474
-0.0174079710814238 0.046281808926601 -0.210259405119004 0.039575795426609
0.0280339279285736 -0.0847982342133776 -0.108974054329556 -0.000288262648902394
0.176913443346941 0.0349096424514211 -0.0857800018190928 0.0371447328033747
0.0992294411045268 0.244926419607089 0.110794047373474 0.144712194475485
-0.0494118258104567 0.315412441292329 -0.168684444586335 0.322882781481116
0.0843851312196224 0.205716281036725 0.0183094694835997 0.526331065928552
0.079076177517645 0.0677845790227931 0.0690477529905093 0.125407146349602
0.0175552738223134 0.040500856046802 -0.121604447334467 0.112905283823459
0.0707102119948863 0.0567574001305251 -0.0335330600035954 0.209776618757041
0.114425435204011 -0.00988426841591072 0.056877661685855 0.148697354247199
0.122365034892912 -0.0825256319872612 0.0239170429779815 0.100354338660777
0.114147451624342 -0.136032023923425 -0.0449160345587874 0.151773353831063
0.121518918159428 -0.154718163257458 -0.0736537641625874 0.193088224776667
0.147902032974296 -0.125829687897167 -0.133322880491438 0.202213920789391
0.172455640993229 -0.0493926816382868 -0.2107103842983 0.156814248786163
0.130096846899454 0.0240724048791516 -0.227432630818347 0.0395057162495587
0.152799188501729 -0.0020110077612774 -0.123720425226118 -0.0350058233546912
0.242504097134637 0.134657028702771 -0.074536476755871 -0.000110946524071941
0.1515076576114 0.330516816068399 0.0884661660185173 0.0737646768134432
-0.00123030978747086 0.347258331606044 -0.163684364745817 0.208684353629528
0.111161814952495 0.261460468695591 0.0357893262171226 0.536432347670324
0.153428975137574 0.147447270178722 0.150008850054009 0.119005330259864
0.133286916834623 0.0381602090444105 -0.0838526501914582 0.0843232090161642
0.141702686959104 -0.0103951632590081 -0.0159606242549679 0.209013458321358
0.137661441779032 -0.0776440832234984 0.0986689972480942 0.148252762537555
0.126522436542329 -0.136532262032416 0.0706368817923024 0.0619321348716267
0.118110034218083 -0.18688606626007 -0.0102711870939749 0.0854890592178748
0.134241746804627 -0.20588585882472 -0.03913690420326 0.113197526332784
0.166529794916724 -0.19057100947676 -0.090724707070112 0.134208634878292
0.225372821108724 -0.122991992983121 -0.17010203669969 0.113461215416135
0.247960672358432 -0.00500090266017913 -0.222924618378998 0.0204509516324113
0.263984851934859 0.0790555364406715 -0.138558860569473 -0.0778222465088146
0.275703966667233 0.228596795669823 -0.0777082121980262 -0.076234838751066
0.163445622545322 0.379219925645552 0.0677509537451841 -0.0428687783444457
0.0718319912745977 0.328372950974128 -0.172444759185659 0.0866831509444427
0.155592237782972 0.258524913265017 0.0554688275827161 0.496136224539519
0.224331888325738 0.181085489647505 0.210007206566945 0.0909659568403898
0.244377041189854 0.0150588167506749 -0.0243161365585008 0.0511768595226765
0.206893147222956 -0.096203062869267 0.0299615487361817 0.172243600569386
0.143205815429497 -0.152853172793329 0.145865909346233 0.107381244478079
0.110017981532377 -0.180488833845529 0.112049209453559 -0.000672855192297563
0.105103705917902 -0.209718617960049 0.0239659979650532 0.00515565963458251
0.127255696949475 -0.219314614089248 -0.00279029501232745 0.025099286424612
0.158881360994249 -0.209952605505333 -0.0458544574737415 0.0521579477354689
0.233666097940725 -0.157927269546191 -0.118056892576577 0.0470448952330233
0.308520236090689 -0.0251960011549204 -0.191150454871419 -0.0219604560716538
0.325211237440565 0.147711243350864 -0.134932543957075 -0.129654638753111
0.258028575922906 0.292427119974379 -0.077385207470164 -0.170535958544015
0.138091255322043 0.37194258038171 0.0568122358187865 -0.183577784391267
0.130293916142278 0.257473538863176 -0.201984564287269 -0.0230394845166975
0.168196893835332 0.207752088462507 0.0733086895154024 0.408675470631526
0.252958454629655 0.179646966222648 0.224199564831848 0.0382810395284772
0.310385657362387 -0.0179866723118247 0.0334615597713183 0.0212983249425233
0.232726942304513 -0.170134717950642 0.0967882240005856 0.105816859840099
0.122664734000584 -0.206153268272587 0.190960598745182 0.02587197868668
0.0757003642361635 -0.19734595283005 0.140525583323709 -0.0820185793380513
0.0762423669504266 -0.200474692003052 0.0543674399430525 -0.0767183813713752
0.0996318911211703 -0.195415136482398 0.0332055762485881 -0.0542455225912477
0.124040969501883 -0.189061352788461 -0.00472992941189529 -0.0210487739748577
0.195959819716292 -0.154495004043976 -0.0633352780514684 -0.0236849982902135
0.302773095293473 -0.0277817583009969 -0.132245183092958 -0.0788546364427418
0.309604080416928 0.197713039945343 -0.0991733939686072 -0.179826986378425
0.182604051785753 0.304672479302313 -0.0566978760771232 -0.262203751823335
0.0906005106144981 0.303074567331719 0.0649452546386452 -0.319651324340171
0.139365938161794 0.144246733350431 -0.233575371994533 -0.106290744444971
0.116849132331527 0.143740127609312 0.0766445671418641 0.287338860197845
0.222292754256599 0.172539932098414 0.185513979983592 -0.0175924180285226
0.309681834013452 -0.0388375654496276 0.0785693944553721 0.00446071259242498
0.204505608945957 -0.200840483447228 0.165710181586155 0.0242644431605845
0.0773868047278659 -0.211370620896097 0.221614655551672 -0.0774755993382781
0.0303252848739309 -0.176675844093225 0.152433580345293 -0.168696521359236
0.0342262676442121 -0.159896458566661 0.0760090277828665 -0.149630711163498
0.0548588902786694 -0.14666524192698 0.059429980870673 -0.111302913597202
0.06914070330282 -0.147493829329621 0.0242939091717415 -0.0721836467231936
0.130431005191569 -0.135314360271991 -0.0152531318535078 -0.0791987778375443
0.252468906577522 -0.0263380429169287 -0.0561320979996514 -0.127220205438721
0.234309898331641 0.216546278480486 -0.0349558907552175 -0.207681355746299
0.0737367066031553 0.251881733283417 -0.0138337216834534 -0.327955258222548
0.0465686317915341 0.17791912787142 0.0920465452502216 -0.423991837990009
0.0923089709953917 0.0147208302127806 -0.244943257724763 -0.156339775381774
0.020536911548055 0.0895608398791568 0.0633196840787375 0.149274719235385
0.154120234261702 0.163687852299155 0.118472375382599 -0.0477894579326675
0.249626676120671 -0.0460014817820039 0.120330311291754 0.00413147643412754
0.127255060515458 -0.179465242751603 0.220781696622829 -0.052836552064559
0.0170102240322 -0.16242418344534 0.229966987730929 -0.171756774570305
-0.0188496786961524 -0.117211201047581 0.146615910849861 -0.238662703124779
-0.0129531233960557 -0.0933251800017616 0.0842583006717853 -0.202763342353905
0.00173255950962789 -0.0873959011612366 0.0693388683536802 -0.145175279149951
0.0080578929019383 -0.107376939107242 0.0342776105362103 -0.101653750352752
0.0663196934041692 -0.121924206889728 0.0178978205872919 -0.119314021729694
0.193205097589291 -0.0303561053185471 0.0227739175833757 -0.154513366307397
0.138625912595424 0.197016892272909 0.0327083796830471 -0.200706219192471
-0.0236302925358389 0.142440534971794 0.0312020644571217 -0.36020149361945
0.0268198263418509 0.0204494735740881 0.124965661363969 -0.482144956581323
0.0147643416836349 -0.107965295591497 -0.22818551003454 -0.173322428745469
-0.0749212920394317 0.0387122108566229 0.0369952824060711 0.0342017600722403
0.0705584275376227 0.132843676577484 0.0691746184050867 -0.0392751241041548
0.142301772530972 -0.0465883198219188 0.165936304346477 0.00338250357480775
0.0242356592523771 -0.119041024173199 0.248253247511835 -0.111701314610954
-0.0444467395043482 -0.0760237985340096 0.215144244660697 -0.23121973367637
-0.0630083359252081 -0.0305952299943849 0.129116598011129 -0.273482976484876
-0.0576735680813462 -0.0114983003644526 0.0788369926045402 -0.228449565278374
-0.0516459886629543 -0.0270751566117568 0.0590377857923691 -0.15755913689139
-0.0458013570137814 -0.0758893110057126 0.0239043015955758 -0.121348551322504
0.019297449281131 -0.11560026452353 0.0369530065961568 -0.152892715098886
0.140001373891234 -0.0372315735721248 0.0880388419475245 -0.161936363481649
0.051134504593295 0.138589822639529 0.070235617152485 -0.170288731100687
-0.0761061514484423 -0.00340942525044471 0.0474116325762037 -0.377895858134746
0.035709504686291 -0.137205651706916 0.149241435456734 -0.491430468015138
