TRXV5
3
4
4
9
string Extension=J
integer IsArchMeasurement=1
integer IsSpherical=1
string Generator=SPM
string GeneratorVersion=1.3.1 Dev
double ArchRadius=0.449999988079071
integer FrequencyAxisIndex=0
integer AzimuthAxisIndex=1
integer ElevationAxisIndex=2
Frequency
5 136 690000000 960000000 LIN
Azimuth
7 8 0 2.74889357189107 LIN
Elevation
7 15 -2.74889357189107 2.74889357189107 LIN
Polar H Real Part
13
Polar H Imaginary Part
14
Polar V Real Part
13
Polar V Imaginary Part
14
Polar H Magnitude (dB)
12 0xC0000002 0 1
Polar H Phase
7 0xC0000003 0 1
Polar V Magnitude (dB)
12 0xC0000002 2 3
Polar V Phase
7 0xC0000003 2 3
0.0450439453125 0.3048095703125 -0.36083984375 -0.305755615234375
0.15545654296875 0.280227661132813 -0.53656005859375 -0.5677490234375
0.216262817382813 0.0955810546875 -0.52294921875 -0.194244384765625
0.122909545898437 -0.05120849609375 -0.212982177734375 0.0135345458984375
0.0179557800292969 -0.0480613708496094 0.0540847778320313 -0.0100479125976563
-0.0223464965820313 0.000772476196289061 0.164520263671875 -0.187515258789063
0.00203609466552734 0.0102510452270508 0.13165283203125 -0.376495361328125
0.0318794250488281 0.00356292724609375 0.071136474609375 -0.480255126953125
0.00780963897705078 -0.00159692764282227 0.06622314453125 -0.5283203125
-0.0128707885742187 -0.0261001586914063 0.1510009765625 -0.510772705078125
-0.0117225646972656 -0.0686302185058594 0.177032470703125 -0.4376220703125
0.0549850463867188 -0.137260437011719 0.228851318359375 -0.3262939453125
0.2086181640625 -0.065399169921875 0.269744873046875 -0.166305541992188
0.235061645507813 0.124359130859375 0.00532531738281253 -0.103416442871094
0.143829345703125 0.18310546875 -0.33465576171875 -0.400726318359375
0.225311279296875 0.3790283203125 -0.305908203125 -0.23681640625
0.28997802734375 0.3511962890625 -0.4932861328125 -0.5731201171875
0.336273193359375 0.186920166015625 -0.578125 -0.21075439453125
0.29833984375 0.014190673828125 -0.26153564453125 0.05535888671875
0.196075439453125 -0.069091796875 0.0463676452636719 0.0328941345214844
0.131904602050781 -0.12591552734375 0.175323486328125 -0.17926025390625
0.088623046875 -0.1573486328125 0.127685546875 -0.356109619140625
0.109451293945313 -0.14935302734375 0.052886962890625 -0.447509765625
0.09716796875 -0.16766357421875 0.04962158203125 -0.49835205078125
0.111221313476563 -0.168243408203125 0.14312744140625 -0.493865966796875
0.13690185546875 -0.140914916992188 0.182464599609375 -0.416351318359375
0.200912475585937 -0.150115966796875 0.2362060546875 -0.30810546875
0.317108154296875 -0.037994384765625 0.262039184570313 -0.154281616210937
0.36529541015625 0.1514892578125 0.049407958984375 -0.0903091430664062
0.32098388671875 0.236175537109375 -0.2799072265625 -0.333526611328125
0.39605712890625 0.381744384765625 -0.209823608398437 -0.132720947265625
0.41357421875 0.3388671875 -0.43646240234375 -0.522979736328125
0.421478271484375 0.21429443359375 -0.63348388671875 -0.18304443359375
0.428863525390625 0.05377197265625 -0.330230712890625 0.122894287109375
0.347747802734375 -0.089447021484375 0.00047302246093752 0.101837158203125
0.272018432617187 -0.2403564453125 0.144454956054688 -0.117935180664063
0.163238525390625 -0.304351806640625 0.101287841796875 -0.269485473632813
0.1727294921875 -0.281082153320313 0.029510498046875 -0.350341796875
0.172637939453125 -0.311065673828125 0.03131103515625 -0.4058837890625
0.220458984375 -0.2899169921875 0.1300048828125 -0.42523193359375
0.272247314453125 -0.201797485351563 0.18359375 -0.366607666015625
0.337432861328125 -0.152191162109375 0.2568359375 -0.279037475585938
0.4033203125 0.00421142578125 0.29119873046875 -0.12615966796875
0.447509765625 0.171112060546875 0.139984130859375 -0.046844482421875
0.446502685546875 0.25225830078125 -0.179702758789062 -0.228897094726563
0.51043701171875 0.31134033203125 -0.0821990966796875 -0.013763427734375
0.479248046875 0.249755859375 -0.37005615234375 -0.418670654296875
0.439849853515625 0.179595947265625 -0.65216064453125 -0.10894775390625
0.483062744140625 0.064239501953125 -0.382720947265625 0.210540771484375
0.433990478515625 -0.107940673828125 -0.0637054443359375 0.19171142578125
0.363739013671875 -0.32208251953125 0.0876083374023438 -0.00793457031250002
0.21343994140625 -0.407745361328125 0.0602798461914063 -0.1259765625
0.210174560546875 -0.371307373046875 0.00244140624999999 -0.200271606445313
0.222869873046875 -0.406585693359375 0.0127410888671875 -0.268203735351563
0.30230712890625 -0.365997314453125 0.108154296875 -0.311553955078125
0.377777099609375 -0.22943115234375 0.18194580078125 -0.28521728515625
0.43896484375 -0.130615234375 0.280563354492188 -0.234832763671875
0.44384765625 0.0596923828125 0.348419189453125 -0.079010009765625
0.463775634765625 0.185546875 0.263580322265625 0.0268707275390625
0.501953125 0.233795166015625 -0.0469512939453125 -0.101303100585938
0.5311279296875 0.184539794921875 0.0587921142578125 0.097259521484375
0.4425048828125 0.124481201171875 -0.293182373046875 -0.2823486328125
0.36773681640625 0.125732421875 -0.60992431640625 -0.00311279296874991
0.446197509765625 0.06585693359375 -0.391815185546875 0.302398681640625
0.439208984375 -0.1103515625 -0.11865234375 0.284820556640625
0.391754150390625 -0.355743408203125 0.017425537109375 0.132545471191406
0.22491455078125 -0.4459228515625 0.01165771484375 0.0514869689941406
0.2149658203125 -0.404815673828125 -0.0254859924316406 -0.0225620269775391
0.24908447265625 -0.440032958984375 -0.01092529296875 -0.103157043457031
0.349609375 -0.37689208984375 0.0729522705078125 -0.169113159179688
0.4315185546875 -0.204193115234375 0.166030883789063 -0.17926025390625
0.474273681640625 -0.068145751953125 0.296112060546875 -0.164093017578125
0.409210205078125 0.12200927734375 0.40887451171875 -0.00125122070312499
0.4049072265625 0.177093505859375 0.390411376953125 0.1341552734375
0.48565673828125 0.175445556640625 0.0885086059570313 0.038116455078125
0.44598388671875 0.033660888671875 0.184844970703125 0.184585571289063
0.300537109375 0.011810302734375 -0.208206176757812 -0.140533447265625
0.222686767578125 0.094573974609375 -0.5142822265625 0.0973815917968749
0.343048095703125 0.08636474609375 -0.35650634765625 0.36041259765625
0.38031005859375 -0.083526611328125 -0.157470703125 0.35791015625
0.356292724609375 -0.3287353515625 -0.0462799072265625 0.275253295898438
0.199615478515625 -0.413116455078125 -0.0305938720703125 0.234512329101562
0.189849853515625 -0.379241943359375 -0.04931640625 0.15631103515625
0.2425537109375 -0.4071044921875 -0.0398330688476562 0.0617904663085937
0.3468017578125 -0.322509765625 0.0213356018066406 -0.0246391296386719
0.4146728515625 -0.13348388671875 0.131690979003906 -0.073486328125
0.421844482421875 0.019622802734375 0.291961669921875 -0.082916259765625
0.286468505859375 0.16064453125 0.450225830078125 0.100128173828125
0.280441284179688 0.126373291015625 0.48504638671875 0.269744873046875
0.407501220703125 0.076202392578125 0.203414916992188 0.170883178710938
0.279327392578125 -0.111663818359375 0.27850341796875 0.240341186523438
0.0962982177734375 -0.0626449584960938 -0.131462097167969 -0.0222549438476563
0.05743408203125 0.0922012329101563 -0.396209716796875 0.15948486328125
0.209671020507813 0.110702514648438 -0.307708740234375 0.3770751953125
0.2752685546875 -0.0388641357421875 -0.182891845703125 0.400115966796875
0.27349853515625 -0.250167846679688 -0.094879150390625 0.397796630859375
0.147125244140625 -0.31463623046875 -0.059600830078125 0.39385986328125
0.13507080078125 -0.295654296875 -0.06561279296875 0.311859130859375
0.200164794921875 -0.318267822265625 -0.072265625 0.203811645507812
0.2906494140625 -0.22589111328125 -0.0442886352539062 0.095428466796875
0.3265380859375 -0.046173095703125 0.0781478881835938 0.006561279296875
0.2845458984375 0.091888427734375 0.266250610351563 -0.015655517578125
0.112052917480469 0.138572692871094 0.467529296875 0.203125
0.124404907226563 0.0187301635742188 0.530609130859375 0.407562255859375
0.294586181640625 -0.057952880859375 0.2860107421875 0.275115966796875
0.069976806640625 -0.23040771484375 0.32257080078125 0.257537841796875
-0.112373352050781 -0.0997772216796875 -0.0806961059570313 0.0494461059570312
-0.0922317504882813 0.0968246459960938 -0.302154541015625 0.178924560546875
0.0697479248046875 0.128128051757813 -0.271331787109375 0.361236572265625
0.146560668945313 0.016204833984375 -0.197845458984375 0.41357421875
0.162002563476563 -0.1297607421875 -0.122467041015625 0.482635498046875
0.0755615234375 -0.166748046875 -0.069061279296875 0.501220703125
0.0616302490234375 -0.168304443359375 -0.067962646484375 0.418792724609375
0.123855590820313 -0.1876220703125 -0.09954833984375 0.30126953125
0.181198120117187 -0.1094970703125 -0.107650756835937 0.17340087890625
0.180404663085938 0.0261077880859375 0.0250320434570313 0.0434455871582031
0.0955734252929688 0.113693237304688 0.238876342773438 0.017242431640625
-0.0664405822753906 0.0458526611328125 0.4805908203125 0.2857666015625
-0.0206298828125 -0.133926391601563 0.535247802734375 0.5228271484375
0.161331176757813 -0.204116821289063 0.333160400390625 0.327362060546875
0.07171630859375 0.3013916015625 -0.3878173828125 -0.27325439453125
0.181732177734375 0.264755249023438 -0.58612060546875 -0.51861572265625
0.221572875976563 0.0751953125 -0.53460693359375 -0.14959716796875
0.115333557128906 -0.0611495971679688 -0.206253051757813 0.026336669921875
0.0126266479492188 -0.0492973327636719 0.0573348999023438 -0.0202484130859375
-0.0222206115722656 0.00404930114746094 0.147796630859375 -0.207382202148438
0.00424098968505859 0.0113382339477539 0.094940185546875 -0.390838623046875
0.0317745208740234 4.57763671875E-05 0.020843505859375 -0.48516845703125
0.0068659782409668 -0.00238609313964844 0.013916015625 -0.53033447265625
-0.0158653259277344 -0.0238189697265625 0.101348876953125 -0.5194091796875
-0.0174484252929688 -0.0665855407714844 0.139007568359375 -0.4500732421875
0.040802001953125 -0.141204833984375 0.19549560546875 -0.3446044921875
0.201370239257813 -0.084686279296875 0.252288818359375 -0.192550659179688
0.246871948242188 0.101547241210938 -0.00541687011718749 -0.0999069213867188
0.157028198242188 0.169906616210938 -0.3685302734375 -0.367279052734375
0.258880615234375 0.3590087890625 -0.3262939453125 -0.209686279296875
0.320556640625 0.32452392578125 -0.54248046875 -0.531005859375
0.350372314453125 0.159271240234375 -0.5953369140625 -0.158447265625
0.296661376953125 -0.012054443359375 -0.250961303710938 0.0725555419921875
0.188446044921875 -0.087158203125 0.0522270202636719 0.0216789245605469
0.1171875 -0.137260437011719 0.157394409179688 -0.200088500976562
0.0733184814453125 -0.163070678710938 0.09210205078125 -0.370941162109375
0.0934600830078125 -0.160491943359375 0.00732421875000003 -0.450897216796875
0.0782470703125 -0.178436279296875 -0.00201416015625002 -0.49749755859375
0.0943145751953125 -0.178115844726563 0.09747314453125 -0.502471923828125
0.123992919921875 -0.153305053710938 0.142242431640625 -0.430450439453125
0.184814453125 -0.168792724609375 0.205902099609375 -0.3287353515625
0.312347412109375 -0.06591796875 0.245101928710938 -0.177566528320313
0.379119873046875 0.118865966796875 0.0397720336914063 -0.0917739868164063
0.339691162109375 0.208740234375 -0.308319091796875 -0.304931640625
0.4295654296875 0.347686767578125 -0.22247314453125 -0.115036010742187
0.440673828125 0.301910400390625 -0.480621337890625 -0.484588623046875
0.434967041015625 0.178741455078125 -0.64532470703125 -0.1268310546875
0.43231201171875 0.0162353515625 -0.312255859375 0.145233154296875
0.336700439453125 -0.12176513671875 0.0107192993164063 0.0941085815429687
0.2457275390625 -0.263961791992188 0.131050109863281 -0.136848449707031
0.131317138671875 -0.316741943359375 0.073577880859375 -0.282623291015625
0.142730712890625 -0.298065185546875 -0.00717163085937496 -0.35089111328125
0.137786865234375 -0.32989501953125 -0.00967407226562499 -0.403961181640625
0.190277099609375 -0.3125 0.0877990722656251 -0.4332275390625
0.253997802734375 -0.227432250976562 0.148345947265625 -0.380859375
0.323150634765625 -0.184814453125 0.228424072265625 -0.302886962890625
0.401885986328125 -0.030120849609375 0.276641845703125 -0.150787353515625
0.4625244140625 0.132598876953125 0.133285522460938 -0.056427001953125
0.46844482421875 0.21240234375 -0.198562622070312 -0.211273193359375
0.536285400390625 0.26776123046875 -0.0842742919921875 -0.00737762451171873
0.499542236328125 0.210174560546875 -0.403778076171875 -0.388397216796875
0.452056884765625 0.14306640625 -0.65704345703125 -0.05126953125
0.4884033203125 0.019744873046875 -0.3585205078125 0.24005126953125
0.42242431640625 -0.148284912109375 -0.045013427734375 0.190048217773437
0.32891845703125 -0.35418701171875 0.082122802734375 -0.0210723876953125
0.16925048828125 -0.4241943359375 0.04559326171875 -0.136100769042969
0.169921875 -0.3912353515625 -0.0184783935546875 -0.202102661132813
0.1795654296875 -0.428497314453125 -0.015106201171875 -0.265426635742187
0.26495361328125 -0.396240234375 0.07568359375 -0.318267822265625
0.355316162109375 -0.26556396484375 0.150421142578125 -0.30035400390625
0.425140380859375 -0.173614501953125 0.256179809570313 -0.258956909179688
0.446319580078125 0.020111083984375 0.337158203125 -0.10595703125
0.47955322265625 0.145904541015625 0.263916015625 0.00648498535156251
0.522705078125 0.18878173828125 -0.0540542602539062 -0.0959854125976562
0.5469970703125 0.140411376953125 0.0654373168945313 0.0902938842773438
0.451629638671875 0.087432861328125 -0.314117431640625 -0.257843017578125
0.37799072265625 0.095855712890625 -0.60479736328125 0.0534667968750001
0.45343017578125 0.02508544921875 -0.35845947265625 0.332122802734375
0.4295654296875 -0.15093994140625 -0.09332275390625 0.288482666015625
0.352691650390625 -0.39031982421875 0.0256576538085938 0.124435424804687
0.1771240234375 -0.463409423828125 0.0151252746582031 0.0448722839355468
0.1710205078125 -0.427032470703125 -0.0279808044433594 -0.0226917266845703
0.200927734375 -0.464813232421875 -0.0220794677734375 -0.0985641479492188
0.30841064453125 -0.4114990234375 0.0537261962890625 -0.173233032226563
0.410308837890625 -0.246002197265625 0.1451416015625 -0.193618774414063
0.4666748046875 -0.11529541015625 0.277664184570313 -0.189956665039063
0.417266845703125 0.085296630859375 0.403717041015625 -0.0330810546875
0.420318603515625 0.14190673828125 0.399200439453125 0.102386474609375
0.5023193359375 0.131500244140625 0.0933685302734375 0.0316543579101563
0.447998046875 -0.003662109375 0.200225830078125 0.166473388671875
0.29876708984375 -0.01165771484375 -0.21746826171875 -0.12457275390625
0.23077392578125 0.0778350830078125 -0.50103759765625 0.14300537109375
0.351593017578125 0.052459716796875 -0.320281982421875 0.388671875
0.373565673828125 -0.11810302734375 -0.12579345703125 0.36602783203125
0.32208251953125 -0.363739013671875 -0.0247039794921875 0.27374267578125
0.15545654296875 -0.42742919921875 -0.00947570800781249 0.231689453125
0.147735595703125 -0.396484375 -0.034149169921875 0.157745361328125
0.196807861328125 -0.431854248046875 -0.0350532531738281 0.0676307678222656
0.31298828125 -0.35845947265625 0.0153961181640625 -0.0241050720214844
0.400115966796875 -0.17218017578125 0.119155883789063 -0.0849838256835938
0.4210205078125 -0.02313232421875 0.27886962890625 -0.10772705078125
0.2989501953125 0.134674072265625 0.4541015625 0.06396484375
0.290557861328125 0.103515625 0.506256103515625 0.228912353515625
0.41571044921875 0.0399169921875 0.219863891601563 0.15460205078125
0.267990112304688 -0.134063720703125 0.29962158203125 0.213897705078125
0.0892333984375 -0.0679092407226563 -0.129409790039062 -0.0128326416015625
0.0667190551757813 0.088775634765625 -0.37738037109375 0.1943359375
0.221893310546875 0.091583251953125 -0.270233154296875 0.400482177734375
0.272705078125 -0.064483642578125 -0.146484375 0.411468505859375
0.246078491210938 -0.2755126953125 -0.059295654296875 0.40155029296875
0.11273193359375 -0.32568359375 -0.021575927734375 0.393280029296875
0.10125732421875 -0.30889892578125 -0.033599853515625 0.3128662109375
0.164337158203125 -0.340728759765625 -0.0529022216796875 0.211654663085937
0.265975952148438 -0.255599975585938 -0.0373916625976562 0.102798461914063
0.320556640625 -0.07843017578125 0.0739212036132813 -2.28881835937548E-05
0.292236328125 0.06231689453125 0.258056640625 -0.038818359375
0.123382568359375 0.128036499023438 0.482269287109375 0.1644287109375
0.125473022460938 0.00928497314453125 0.567138671875 0.36212158203125
0.28948974609375 -0.083648681640625 0.311798095703125 0.25030517578125
0.0479888916015625 -0.235275268554688 0.34405517578125 0.227935791015625
-0.121818542480469 -0.0867156982421875 -0.071746826171875 0.0559768676757813
-0.0822219848632813 0.106277465820313 -0.2823486328125 0.20599365234375
0.0818862915039063 0.120933532714844 -0.237335205078125 0.3826904296875
0.148513793945313 0.0023956298828125 -0.159759521484375 0.42791748046875
0.147476196289063 -0.146682739257813 -0.0789794921874999 0.4888916015625
0.0571746826171875 -0.172744750976563 -0.01959228515625 0.502105712890625
0.0420379638671875 -0.174285888671875 -0.024627685546875 0.419403076171875
0.101974487304687 -0.201751708984375 -0.068817138671875 0.31195068359375
0.170440673828125 -0.127944946289063 -0.091461181640625 0.188201904296875
0.181289672851562 0.0087890625 0.0241928100585938 0.0419464111328125
0.105209350585938 0.102546691894531 0.233245849609375 -0.00326538085937499
-0.0623588562011719 0.0507011413574219 0.503082275390625 0.24371337890625
-0.0322723388671875 -0.130821228027344 0.58050537109375 0.475341796875
0.142120361328125 -0.218368530273438 0.3626708984375 0.299224853515625
0.0921630859375 0.28448486328125 -0.394439697265625 -0.232421875
0.197494506835938 0.241958618164063 -0.60186767578125 -0.45428466796875
0.218399047851563 0.0557708740234375 -0.524078369140625 -0.10321044921875
0.105155944824219 -0.0666427612304688 -0.193679809570313 0.034271240234375
0.0070953369140625 -0.0486679077148438 0.0566635131835938 -0.030517578125
-0.0221385955810547 0.00574874877929688 0.1265869140625 -0.216278076171875
0.00648307800292969 0.010401725769043 0.05694580078125 -0.387176513671875
0.0305213928222656 -0.0027923583984375 -0.0269775390625 -0.46624755859375
0.00518226623535156 -0.00282716751098633 -0.03314208984375 -0.50897216796875
-0.0166664123535156 -0.0217227935791016 0.0552978515625 -0.505828857421875
-0.0214347839355469 -0.062469482421875 0.097198486328125 -0.44287109375
0.0264892578125 -0.138267517089844 0.15985107421875 -0.347198486328125
0.187118530273438 -0.0975494384765625 0.225540161132813 -0.205978393554688
0.245773315429687 0.0769805908203125 -0.0137557983398437 -0.0919342041015625
0.161911010742188 0.153366088867188 -0.382476806640625 -0.323333740234375
0.277069091796875 0.32666015625 -0.3294677734375 -0.177154541015625
0.335357666015625 0.288787841796875 -0.561859130859375 -0.470428466796875
0.3486328125 0.127532958984375 -0.58154296875 -0.10736083984375
0.2847900390625 -0.034271240234375 -0.231201171875 0.08306884765625
0.173919677734375 -0.0997772216796875 0.0535163879394531 0.0101509094238281
0.100227355957031 -0.140571594238281 0.133560180664063 -0.210342407226563
0.0564727783203125 -0.161697387695313 0.054473876953125 -0.368072509765625
0.0753173828125 -0.16229248046875 -0.035797119140625 -0.43280029296875
0.05859375 -0.17938232421875 -0.04351806640625 -0.47650146484375
0.074981689453125 -0.1798095703125 0.050201416015625 -0.489837646484375
0.108139038085937 -0.158126831054688 0.100006103515625 -0.42474365234375
0.164627075195313 -0.177810668945313 0.1715087890625 -0.332550048828125
0.2947998046875 -0.087890625 0.219497680664063 -0.189712524414063
0.374786376953125 0.085113525390625 0.0296401977539063 -0.087646484375
0.34185791015625 0.17437744140625 -0.320892333984375 -0.268341064453125
0.442138671875 0.30169677734375 -0.221817016601563 -0.094696044921875
0.448883056640625 0.257537841796875 -0.498565673828125 -0.4312744140625
0.43243408203125 0.139556884765625 -0.62921142578125 -0.0720825195312499
0.418609619140625 -0.01904296875 -0.285980224609375 0.15802001953125
0.3143310546875 -0.144073486328125 0.0192337036132813 0.08270263671875
0.212661743164063 -0.272720336914063 0.111785888671875 -0.147384643554688
0.099639892578125 -0.314300537109375 0.043426513671875 -0.282440185546875
0.108489990234375 -0.298797607421875 -0.040863037109375 -0.3375244140625
0.100799560546875 -0.329315185546875 -0.04461669921875 -0.38568115234375
0.155731201171875 -0.3177490234375 0.047119140625 -0.423004150390625
0.226455688476562 -0.240921020507813 0.109619140625 -0.378509521484375
0.294097900390625 -0.207183837890625 0.192840576171875 -0.31085205078125
0.383270263671875 -0.062042236328125 0.251998901367188 -0.164779663085938
0.458404541015625 0.09283447265625 0.123344421386719 -0.06146240234375
0.4688720703125 0.167724609375 -0.208145141601562 -0.186126708984375
0.54046630859375 0.2171630859375 -0.0812149047851562 -0.00263977050781247
0.4984130859375 0.163360595703125 -0.416961669921875 -0.34429931640625
0.44647216796875 0.105865478515625 -0.6351318359375 0.00134277343750014
0.47467041015625 -0.01904296875 -0.32196044921875 0.253387451171875
0.394683837890625 -0.17791748046875 -0.0274505615234375 0.179718017578125
0.28668212890625 -0.36700439453125 0.0733566284179688 -0.032623291015625
0.1258544921875 -0.4190673828125 0.0295944213867188 -0.140518188476563
0.126129150390625 -0.391387939453125 -0.037872314453125 -0.193740844726563
0.13189697265625 -0.429351806640625 -0.0376129150390625 -0.250381469726563
0.218719482421875 -0.40435791015625 0.04400634765625 -0.310791015625
0.32110595703125 -0.285491943359375 0.117095947265625 -0.30047607421875
0.395599365234375 -0.204559326171875 0.221054077148438 -0.267974853515625
0.430877685546875 -0.01422119140625 0.31317138671875 -0.125274658203125
0.475433349609375 0.10467529296875 0.254287719726563 -0.0112152099609375
0.521209716796875 0.1417236328125 -0.0589065551757812 -0.0861740112304687
0.5391845703125 0.093475341796875 0.0702667236328125 0.0804977416992188
0.4429931640625 0.051422119140625 -0.320281982421875 -0.2275390625
0.370391845703125 0.065704345703125 -0.5760498046875 0.09796142578125
0.441650390625 -0.0126953125 -0.3160400390625 0.342864990234375
0.40460205078125 -0.180877685546875 -0.0671844482421875 0.280059814453125
0.30657958984375 -0.405303955078125 0.03082275390625 0.113128662109375
0.128265380859375 -0.45806884765625 0.0148162841796875 0.0369300842285156
0.124664306640625 -0.424346923828125 -0.03143310546875 -0.0223827362060547
0.14874267578125 -0.466156005859375 -0.0299911499023437 -0.0901718139648438
0.259979248046875 -0.42193603515625 0.0352935791015625 -0.167800903320313
0.375335693359375 -0.270904541015625 0.12005615234375 -0.19647216796875
0.438323974609375 -0.1517333984375 0.247634887695313 -0.2027587890625
0.406341552734375 0.0498046875 0.3837890625 -0.060150146484375
0.417694091796875 0.106719970703125 0.392303466796875 0.071044921875
0.496734619140625 0.087066650390625 0.0939178466796875 0.0238800048828125
0.432525634765625 -0.03656005859375 0.205825805664063 0.144561767578125
0.287689208984375 -0.030792236328125 -0.2147216796875 -0.1053466796875
0.229263305664063 0.059234619140625 -0.468658447265625 0.17645263671875
0.34613037109375 0.02197265625 -0.274871826171875 0.39630126953125
0.350830078125 -0.14630126953125 -0.091766357421875 0.358154296875
0.27850341796875 -0.375457763671875 -0.00453186035156251 0.2623291015625
0.110321044921875 -0.4241943359375 0.00762939453125003 0.218856811523438
0.1033935546875 -0.39459228515625 -0.0206756591796875 0.151260375976562
0.146942138671875 -0.434600830078125 -0.0275115966796875 0.0707473754882812
0.26727294921875 -0.371185302734375 0.0119819641113281 -0.0204200744628906
0.37066650390625 -0.199432373046875 0.103340148925781 -0.089813232421875
0.403350830078125 -0.059478759765625 0.254470825195313 -0.12481689453125
0.297149658203125 0.1068115234375 0.441253662109375 0.029754638671875
0.288818359375 0.079132080078125 0.506103515625 0.18304443359375
0.405120849609375 0.00567626953125 0.224502563476563 0.133377075195313
0.24822998046875 -0.149383544921875 0.30419921875 0.181884765625
0.0812530517578125 -0.0689773559570313 -0.121711730957031 -0.00444030761718749
0.0724105834960938 0.082427978515625 -0.34649658203125 0.215240478515625
0.2225341796875 0.06890869140625 -0.2254638671875 0.404541015625
0.258987426757812 -0.0847625732421875 -0.106964111328125 0.405029296875
0.21429443359375 -0.287750244140625 -0.025634765625 0.3876953125
0.077880859375 -0.32183837890625 0.01116943359375 0.37579345703125
0.066925048828125 -0.30499267578125 -0.00512695312499998 0.30023193359375
0.12347412109375 -0.344207763671875 -0.031646728515625 0.210845947265625
0.232162475585938 -0.270584106445313 -0.0271148681640625 0.106132507324219
0.301788330078125 -0.1015625 0.0654945373535156 -0.00452041625976563
0.283935546875 0.0340576171875 0.239654541015625 -0.0553131103515625
0.127479553222656 0.113204956054688 0.47601318359375 0.12310791015625
0.12213134765625 0.00131988525390625 0.5760498046875 0.30743408203125
0.273788452148438 -0.10333251953125 0.320281982421875 0.21844482421875
0.0263519287109375 -0.229583740234375 0.34912109375 0.194122314453125
-0.123466491699219 -0.0697479248046875 -0.0609321594238281 0.0579948425292969
-0.0688400268554687 0.110786437988281 -0.25213623046875 0.21832275390625
0.089874267578125 0.110275268554688 -0.196380615234375 0.385711669921875
0.145172119140625 -0.010589599609375 -0.11865234375 0.422943115234375
0.12994384765625 -0.155593872070313 -0.0374755859375 0.47607421875
0.0382843017578125 -0.169967651367188 0.0229187011718751 0.482269287109375
0.02099609375 -0.170608520507813 0.012298583984375 0.400909423828125
0.076934814453125 -0.204818725585938 -0.0380859375 0.30810546875
0.152664184570313 -0.138992309570313 -0.0713653564453125 0.1932373046875
0.174942016601563 -0.0061492919921875 0.0212631225585938 0.0414772033691406
0.108489990234375 0.0891952514648438 0.219146728515625 -0.0187835693359375
-0.0560836791992188 0.0527877807617188 0.502655029296875 0.1964111328125
-0.0418701171875 -0.122505187988281 0.5977783203125 0.41619873046875
0.120697021484375 -0.222457885742188 0.373748779296875 0.263885498046875
0.100677490234375 0.265838623046875 -0.384307861328125 -0.20477294921875
0.2001953125 0.22064208984375 -0.59075927734375 -0.40362548828125
0.2099609375 0.04351806640625 -0.498260498046875 -0.0755615234374999
0.09600830078125 -0.0672225952148438 -0.180557250976562 0.0345001220703125
0.00395584106445313 -0.04595947265625 0.053314208984375 -0.0387191772460938
-0.0217170715332031 0.00763130187988282 0.110061645507813 -0.21771240234375
0.00704383850097656 0.0100908279418945 0.03021240234375 -0.371856689453125
0.0283870697021484 -0.00396156311035156 -0.05303955078125 -0.438507080078125
0.0035405158996582 -0.00231146812438965 -0.0587158203125 -0.48004150390625
-0.0162296295166016 -0.0193519592285156 0.02813720703125 -0.4814453125
-0.0220222473144531 -0.0588264465332031 0.068023681640625 -0.424957275390625
0.0175857543945313 -0.131568908691406 0.1346435546875 -0.336761474609375
0.17266845703125 -0.102188110351563 0.2022705078125 -0.20733642578125
0.23834228515625 0.0612335205078125 -0.0181198120117187 -0.0830764770507813
0.159652709960938 0.140975952148438 -0.37872314453125 -0.285675048828125
0.279876708984375 0.29620361328125 -0.3206787109375 -0.154205322265625
0.333984375 0.2589111328125 -0.551849365234375 -0.4227294921875
0.335723876953125 0.1072998046875 -0.553009033203125 -0.0773010253906249
0.268585205078125 -0.0458526611328125 -0.214889526367187 0.081817626953125
0.15924072265625 -0.103485107421875 0.0515365600585938 -0.000232696533203131
0.08636474609375 -0.136528015136719 0.114883422851562 -0.212326049804688
0.0436248779296875 -0.155349731445313 0.02923583984375 -0.3553466796875
0.0613250732421875 -0.157852172851563 -0.06170654296875 -0.407073974609375
0.0434112548828125 -0.173080444335938 -0.067779541015625 -0.447784423828125
0.0610504150390625 -0.175201416015625 0.02093505859375 -0.4661865234375
0.0955810546875 -0.156494140625 0.073577880859375 -0.407806396484375
0.147003173828125 -0.177459716796875 0.1436767578125 -0.3232421875
0.275619506835938 -0.09710693359375 0.197525024414063 -0.189620971679688
0.3623046875 0.06500244140625 0.0233840942382813 -0.08148193359375
0.3330078125 0.1513671875 -0.317169189453125 -0.23748779296875
0.43609619140625 0.265655517578125 -0.21435546875 -0.0796966552734375
0.43994140625 0.225982666015625 -0.490875244140625 -0.389373779296875
0.416839599609375 0.11724853515625 -0.59747314453125 -0.0402832031249999
0.39764404296875 -0.037445068359375 -0.261093139648438 0.15631103515625
0.2919921875 -0.15362548828125 0.022064208984375 0.0705490112304687
0.185272216796875 -0.26837158203125 0.0963897705078125 -0.151336669921875
0.0772705078125 -0.301177978515625 0.022369384765625 -0.273651123046875
0.0845947265625 -0.288665771484375 -0.06036376953125 -0.31756591796875
0.074859619140625 -0.31939697265625 -0.06317138671875 -0.36041259765625
0.128631591796875 -0.310302734375 0.021087646484375 -0.402374267578125
0.205215454101563 -0.24237060546875 0.08221435546875 -0.364013671875
0.269500732421875 -0.212127685546875 0.16455078125 -0.302337646484375
0.3619384765625 -0.07598876953125 0.229400634765625 -0.165695190429688
0.442352294921875 0.068939208984375 0.11328125 -0.0610809326171875
0.45318603515625 0.13897705078125 -0.2052001953125 -0.165283203125
0.525909423828125 0.181121826171875 -0.076416015625 0.000541687011718775
0.482208251953125 0.133880615234375 -0.409332275390625 -0.311676025390625
0.428985595703125 0.083099365234375 -0.5994873046875 0.03082275390625
0.45111083984375 -0.04168701171875 -0.291748046875 0.24957275390625
0.368499755859375 -0.189239501953125 -0.018218994140625 0.166488647460938
0.251983642578125 -0.361572265625 0.0647506713867188 -0.0391769409179688
0.09527587890625 -0.40191650390625 0.0156402587890625 -0.139106750488281
0.096221923828125 -0.37725830078125 -0.049346923828125 -0.181488037109375
0.09771728515625 -0.415863037109375 -0.0488433837890625 -0.23309326171875
0.184661865234375 -0.39581298828125 0.023895263671875 -0.29541015625
0.290313720703125 -0.28900146484375 0.0943603515625 -0.2889404296875
0.364288330078125 -0.2164306640625 0.194244384765625 -0.264694213867187
0.4083251953125 -0.032470703125 0.290283203125 -0.12982177734375
0.458343505859375 0.079254150390625 0.240997314453125 -0.02008056640625
0.50299072265625 0.11004638671875 -0.0590896606445312 -0.0772705078125
0.52008056640625 0.062286376953125 0.0712127685546875 0.0724716186523438
0.425201416015625 0.028594970703125 -0.311431884765625 -0.205963134765625
0.355255126953125 0.049102783203125 -0.5394287109375 0.117919921875
0.42205810546875 -0.033111572265625 -0.280517578125 0.33502197265625
0.376434326171875 -0.19244384765625 -0.050140380859375 0.263763427734375
0.2698974609375 -0.400604248046875 0.0312881469726563 0.102394104003906
0.096954345703125 -0.438995361328125 0.0119380950927734 0.0300445556640625
0.090576171875 -0.40802001953125 -0.0334377288818359 -0.0203342437744141
0.11114501953125 -0.4495849609375 -0.0323486328125 -0.081817626953125
0.222412109375 -0.417877197265625 0.022979736328125 -0.158859252929688
0.3426513671875 -0.276763916015625 0.100311279296875 -0.19036865234375
0.4075927734375 -0.167877197265625 0.220458984375 -0.203262329101563
0.387969970703125 0.03033447265625 0.360626220703125 -0.071258544921875
0.403045654296875 0.0843505859375 0.376983642578125 0.05108642578125
0.47723388671875 0.060546875 0.0911407470703125 0.0201339721679688
0.411163330078125 -0.054229736328125 0.202163696289063 0.12689208984375
0.274520874023437 -0.0424957275390625 -0.206390380859375 -0.094085693359375
0.222503662109375 0.0488128662109375 -0.4337158203125 0.18731689453125
0.331634521484375 0.00384521484375 -0.2384033203125 0.384002685546875
0.329559326171875 -0.15679931640625 -0.0696105957031249 0.3404541015625
0.244842529296875 -0.37200927734375 0.00642395019531252 0.246078491210937
0.08197021484375 -0.4056396484375 0.01507568359375 0.20361328125
0.07354736328125 -0.378082275390625 -0.0132598876953125 0.141647338867187
0.1116943359375 -0.42156982421875 -0.0212478637695312 0.0710372924804687
0.232513427734375 -0.36968994140625 0.00954341888427736 -0.0166797637939453
0.34185791015625 -0.208709716796875 0.088958740234375 -0.0871200561523438
0.377838134765625 -0.07867431640625 0.2310791015625 -0.128021240234375
0.28662109375 0.08892822265625 0.41864013671875 0.011871337890625
0.27880859375 0.06439208984375 0.49041748046875 0.152587890625
0.3857421875 -0.014373779296875 0.221221923828125 0.117538452148437
0.22998046875 -0.153045654296875 0.298095703125 0.157989501953125
0.0756454467773438 -0.0673751831054688 -0.112052917480469 -0.00207519531249998
0.0750885009765625 0.0767745971679688 -0.315155029296875 0.219390869140625
0.21673583984375 0.0553131103515625 -0.1922607421875 0.39215087890625
0.243972778320313 -0.094512939453125 -0.081695556640625 0.38653564453125
0.189666748046875 -0.28704833984375 -0.0078125 0.36810302734375
0.0556640625 -0.30865478515625 0.0281982421875 0.35296630859375
0.04296875 -0.29132080078125 0.00976562499999999 0.282196044921875
0.094635009765625 -0.333526611328125 -0.01678466796875 0.203094482421875
0.206146240234375 -0.270828247070313 -0.0201034545898437 0.106391906738281
0.282470703125 -0.110687255859375 0.0574226379394531 -0.00390625000000001
0.271224975585938 0.016082763671875 0.219512939453125 -0.0611419677734375
0.125869750976563 0.101974487304688 0.456085205078125 0.097564697265625
0.116523742675781 -0.00319671630859375 0.562255859375 0.2655029296875
0.255874633789063 -0.111663818359375 0.31549072265625 0.1956787109375
0.01416015625 -0.218093872070313 0.340240478515625 0.166534423828125
-0.119613647460938 -0.05902099609375 -0.051300048828125 0.055511474609375
-0.0578079223632813 0.109161376953125 -0.227554321289063 0.216949462890625
0.0919570922851562 0.100563049316406 -0.16558837890625 0.37322998046875
0.138961791992188 -0.0173110961914063 -0.09136962890625 0.404876708984375
0.115753173828125 -0.157546997070313 -0.0118408203125 0.451324462890625
0.027496337890625 -0.163009643554687 0.04632568359375 0.453369140625
0.00854492187499999 -0.161361694335937 0.03271484375 0.376800537109375
0.058624267578125 -0.199691772460938 -0.017120361328125 0.295501708984375
0.137664794921875 -0.14154052734375 -0.0563507080078125 0.191802978515625
0.167694091796875 -0.0139312744140625 0.01727294921875 0.0416603088378906
0.107078552246094 0.0777130126953125 0.201553344726563 -0.025146484375
-0.051544189453125 0.0530471801757812 0.485260009765625 0.16455078125
-0.0454254150390625 -0.11334228515625 0.58837890625 0.36700439453125
0.103775024414063 -0.216812133789063 0.366729736328125 0.23480224609375
0.100112915039063 0.253662109375 -0.370758056640625 -0.19171142578125
0.198959350585938 0.209197998046875 -0.57177734375 -0.382080078125
0.2041015625 0.038665771484375 -0.47796630859375 -0.0680541992187501
0.0922393798828125 -0.0658645629882813 -0.173110961914063 0.0295562744140625
0.00236892700195313 -0.0439910888671875 0.0512924194335938 -0.0453224182128906
-0.0211582183837891 0.00975608825683593 0.101913452148437 -0.217086791992188
0.00734233856201172 0.00998210906982422 0.01824951171875 -0.360687255859375
0.027435302734375 -0.00375747680664063 -0.064178466796875 -0.4169921875
0.00227832794189453 -0.000971317291259766 -0.067535400390625 -0.457122802734375
-0.0160932540893555 -0.0172357559204102 0.0179443359375 -0.463409423828125
-0.0209693908691406 -0.0563316345214844 0.059173583984375 -0.409454345703125
0.0141754150390625 -0.125961303710938 0.121612548828125 -0.325897216796875
0.164443969726562 -0.10107421875 0.189712524414062 -0.203536987304688
0.231918334960938 0.0557861328125 -0.0183181762695312 -0.0762557983398438
0.155670166015625 0.136001586914063 -0.369415283203125 -0.266357421875
0.273544311523437 0.280471801757812 -0.3087158203125 -0.144012451171875
0.327362060546875 0.24444580078125 -0.5357666015625 -0.40032958984375
0.326324462890625 0.10003662109375 -0.530364990234375 -0.0672302246093751
0.260360717773438 -0.0492401123046875 -0.205596923828125 0.0753631591796875
0.150619506835938 -0.10260009765625 0.0494384765625 -0.00742721557617188
0.0798721313476563 -0.132247924804688 0.104965209960937 -0.211532592773438
0.0391845703125 -0.14874267578125 0.01617431640625 -0.345703125
0.0548553466796875 -0.152557373046875 -0.07196044921875 -0.387298583984375
0.035858154296875 -0.167526245117188 -0.07513427734375 -0.426025390625
0.0539703369140625 -0.171005249023438 0.0106811523437501 -0.448028564453125
0.090850830078125 -0.153656005859375 0.062164306640625 -0.39385986328125
0.139068603515625 -0.173721313476562 0.132080078125 -0.3126220703125
0.264251708984375 -0.0971832275390625 0.18560791015625 -0.185073852539063
0.352630615234375 0.056671142578125 0.0216064453125 -0.07562255859375
0.323211669921875 0.142913818359375 -0.308807373046875 -0.222686767578125
0.42279052734375 0.249114990234375 -0.206161499023437 -0.0755615234374999
0.4290771484375 0.2117919921875 -0.47650146484375 -0.36993408203125
0.404693603515625 0.110198974609375 -0.573974609375 -0.0316162109374999
0.38507080078125 -0.04412841796875 -0.249114990234375 0.147857666015625
0.277984619140625 -0.153289794921875 0.0218544006347656 0.0618095397949219
0.172622680664063 -0.259414672851562 0.0876617431640625 -0.152328491210938
0.06781005859375 -0.28863525390625 0.011199951171875 -0.267990112304688
0.0738067626953125 -0.278656005859375 -0.06793212890625 -0.30072021484375
0.0611572265625 -0.308197021484375 -0.06829833984375 -0.342987060546875
0.116912841796875 -0.30218505859375 0.010009765625 -0.386199951171875
0.19427490234375 -0.238037109375 0.068817138671875 -0.34991455078125
0.256149291992188 -0.21142578125 0.152008056640625 -0.293426513671875
0.346343994140625 -0.0775146484375 0.217864990234375 -0.16064453125
0.429595947265625 0.06036376953125 0.108467102050781 -0.0573959350585937
0.440277099609375 0.129241943359375 -0.200210571289063 -0.154464721679687
0.510162353515625 0.16497802734375 -0.0727996826171875 0.000160217285156272
0.468994140625 0.122314453125 -0.395355224609375 -0.297882080078125
0.416595458984375 0.078033447265625 -0.5745849609375 0.0349121093749999
0.437713623046875 -0.048126220703125 -0.275741577148438 0.238052368164063
0.352386474609375 -0.189239501953125 -0.0156097412109375 0.154281616210938
0.23370361328125 -0.3531494140625 0.058441162109375 -0.0433425903320313
0.0830078125 -0.386749267578125 0.00768280029296874 -0.137565612792969
0.08245849609375 -0.36376953125 -0.0547637939453125 -0.172622680664063
0.080047607421875 -0.40252685546875 -0.0514068603515625 -0.220672607421875
0.167205810546875 -0.38592529296875 0.014617919921875 -0.28179931640625
0.275054931640625 -0.285003662109375 0.0828857421875001 -0.277267456054688
0.347137451171875 -0.2158203125 0.180709838867188 -0.256088256835937
0.392486572265625 -0.034759521484375 0.276580810546875 -0.126373291015625
0.44580078125 0.0709228515625 0.231246948242188 -0.0192108154296875
0.48663330078125 0.09820556640625 -0.0574264526367187 -0.072021484375
0.503997802734375 0.05096435546875 0.070220947265625 0.0673027038574219
0.41314697265625 0.021392822265625 -0.300140380859375 -0.19732666015625
0.347381591796875 0.045013427734375 -0.515655517578125 0.119293212890625
0.408447265625 -0.04144287109375 -0.26422119140625 0.320465087890625
0.361907958984375 -0.192596435546875 -0.0448150634765625 0.25067138671875
0.251495361328125 -0.391082763671875 0.0289535522460938 0.0943756103515625
0.08331298828125 -0.423248291015625 0.00821113586425782 0.0257339477539062
0.07635498046875 -0.393157958984375 -0.0357246398925781 -0.0196266174316406
0.090576171875 -0.435699462890625 -0.0320281982421875 -0.0763397216796875
0.203338623046875 -0.40765380859375 0.017974853515625 -0.1497802734375
0.32550048828125 -0.27374267578125 0.089691162109375 -0.182205200195313
0.387481689453125 -0.170684814453125 0.20574951171875 -0.196487426757813
0.374267578125 0.024810791015625 0.345672607421875 -0.069183349609375
0.393402099609375 0.077789306640625 0.364471435546875 0.046142578125
0.46124267578125 0.050018310546875 0.0888900756835938 0.0202865600585938
0.39813232421875 -0.059173583984375 0.197341918945313 0.1181640625
0.26556396484375 -0.044219970703125 -0.19708251953125 -0.0916595458984375
0.217849731445313 0.0457611083984375 -0.411956787109375 0.18304443359375
0.32379150390625 -0.0028076171875 -0.22186279296875 0.369598388671875
0.316192626953125 -0.158721923828125 -0.062744140625 0.32568359375
0.22802734375 -0.364715576171875 0.007598876953125 0.233688354492187
0.069610595703125 -0.39117431640625 0.0155181884765625 0.192733764648437
0.058837890625 -0.36358642578125 -0.0122146606445312 0.135650634765625
0.092864990234375 -0.408355712890625 -0.0164833068847656 0.0695152282714843
0.2135009765625 -0.361236572265625 0.00927162170410158 -0.0129060745239258
0.325897216796875 -0.208526611328125 0.08056640625 -0.0817642211914063
0.361846923828125 -0.083984375 0.216827392578125 -0.123062133789063
0.27679443359375 0.083038330078125 0.401824951171875 0.00799560546875001
0.271743774414063 0.0602264404296875 0.474578857421875 0.14093017578125
0.37359619140625 -0.01995849609375 0.2166748046875 0.111572265625
0.22137451171875 -0.151885986328125 0.29046630859375 0.148345947265625
0.0742034912109375 -0.0651779174804688 -0.105171203613281 -0.00393676757812501
0.0750579833984375 0.0746841430664063 -0.297607421875 0.212371826171875
0.21307373046875 0.049163818359375 -0.17608642578125 0.377471923828125
0.236618041992188 -0.0965576171875 -0.07208251953125 0.370849609375
0.1761474609375 -0.2828369140625 -0.00234985351562501 0.352264404296875
0.046630859375 -0.297332763671875 0.0318603515625 0.3367919921875
0.03326416015625 -0.278701782226563 0.01422119140625 0.268951416015625
0.078765869140625 -0.322845458984375 -0.008880615234375 0.196273803710938
0.191253662109375 -0.266815185546875 -0.0157546997070312 0.106941223144531
0.270919799804688 -0.111907958984375 0.0517730712890625 7.62939453124931E-05
0.26025390625 0.0103759765625 0.205001831054688 -0.058319091796875
0.121994018554688 0.0982284545898438 0.43896484375 0.08843994140625
0.113029479980469 -0.002593994140625 0.54656982421875 0.248992919921875
0.245590209960938 -0.111785888671875 0.3082275390625 0.186920166015625
0.011383056640625 -0.211395263671875 0.33111572265625 0.15557861328125
-0.114158630371094 -0.0538864135742188 -0.0455665588378906 0.0508155822753906
-0.0523300170898438 0.105606079101563 -0.212783813476563 0.210357666015625
0.0923690795898438 0.0953140258789063 -0.151031494140625 0.360321044921875
0.136070251464844 -0.0205307006835938 -0.080047607421875 0.389678955078125
0.10699462890625 -0.156600952148438 -0.00323486328124999 0.433013916015625
0.02239990234375 -0.157012939453125 0.05364990234375 0.434356689453125
0.0032196044921875 -0.152587890625 0.03863525390625 0.358642578125
0.0482635498046875 -0.194137573242188 -0.00772094726562501 0.285308837890625
0.129241943359375 -0.141937255859375 -0.04827880859375 0.19000244140625
0.16326904296875 -0.0149993896484375 0.0138282775878906 0.0453262329101563
0.104263305664062 0.0738372802734375 0.188369750976563 -0.0230560302734375
-0.0495033264160156 0.0525703430175781 0.46923828125 0.1517333984375
-0.046234130859375 -0.108024597167969 0.5753173828125 0.346923828125
0.09710693359375 -0.211578369140625 0.35809326171875 0.223602294921875
0.0982666015625 0.253158569335938 -0.367950439453125 -0.1895751953125
0.200790405273438 0.20672607421875 -0.565185546875 -0.37835693359375
0.204238891601563 0.037261962890625 -0.472259521484375 -0.067718505859375
0.0915985107421875 -0.0668411254882813 -0.17254638671875 0.024322509765625
0.00130081176757812 -0.0433540344238281 0.0498123168945313 -0.050811767578125
-0.0208110809326172 0.0113639831542969 0.0985870361328125 -0.223953247070312
0.00714111328125 0.0110502243041992 0.010833740234375 -0.359619140625
0.0274333953857422 -0.00367164611816406 -0.070587158203125 -0.407928466796875
0.00193285942077637 0.000649571418762207 -0.070343017578125 -0.4495849609375
-0.015411376953125 -0.0167694091796875 0.01446533203125 -0.45758056640625
-0.0199813842773437 -0.05694580078125 0.053497314453125 -0.40533447265625
0.0135726928710937 -0.124732971191406 0.119415283203125 -0.323699951171875
0.162796020507813 -0.102127075195313 0.184951782226563 -0.202743530273438
0.233123779296875 0.054168701171875 -0.0180892944335937 -0.071990966796875
0.154998779296875 0.138168334960938 -0.368072509765625 -0.26165771484375
0.270904541015625 0.277420043945313 -0.305511474609375 -0.143585205078125
0.329803466796875 0.242523193359375 -0.52947998046875 -0.399383544921875
0.3267822265625 0.099090576171875 -0.526580810546875 -0.068634033203125
0.259109497070313 -0.051513671875 -0.203048706054687 0.0699310302734375
0.14898681640625 -0.102081298828125 0.049896240234375 -0.0132179260253906
0.076904296875 -0.129676818847656 0.100997924804688 -0.218063354492187
0.037109375 -0.146636962890625 0.00827026367187501 -0.344329833984375
0.052093505859375 -0.151382446289063 -0.076416015625 -0.3792724609375
0.0314178466796875 -0.1646728515625 -0.078125 -0.418548583984375
0.05218505859375 -0.1702880859375 0.00610351562500002 -0.442901611328125
0.090362548828125 -0.155548095703125 0.057861328125 -0.388671875
0.136444091796875 -0.173736572265625 0.12652587890625 -0.31085205078125
0.2625732421875 -0.09686279296875 0.181686401367188 -0.182891845703125
0.353485107421875 0.054443359375 0.0216522216796875 -0.07183837890625
0.32470703125 0.142852783203125 -0.3095703125 -0.216522216796875
0.42132568359375 0.244049072265625 -0.204086303710937 -0.075439453125
0.43060302734375 0.207916259765625 -0.4705810546875 -0.3712158203125
0.40606689453125 0.1104736328125 -0.568115234375 -0.0327148437499999
0.382354736328125 -0.046478271484375 -0.2464599609375 0.143508911132813
0.276031494140625 -0.154754638671875 0.0205192565917969 0.0561866760253906
0.168594360351563 -0.258438110351563 0.0820770263671875 -0.157699584960938
0.062774658203125 -0.285125732421875 0.00395202636718753 -0.267501831054688
0.067779541015625 -0.276931762695313 -0.073333740234375 -0.29638671875
0.053985595703125 -0.305389404296875 -0.07037353515625 -0.336639404296875
0.11004638671875 -0.30242919921875 0.00515747070312498 -0.379150390625
0.191390991210938 -0.240219116210938 0.066802978515625 -0.3463134765625
0.252288818359375 -0.212982177734375 0.14739990234375 -0.29022216796875
0.34454345703125 -0.077178955078125 0.214828491210938 -0.157241821289063
0.430999755859375 0.059112548828125 0.108413696289063 -0.0543670654296875
0.440277099609375 0.12677001953125 -0.199462890625 -0.151718139648437
0.50872802734375 0.1605224609375 -0.0720748901367187 -0.00163269042968749
0.469757080078125 0.1192626953125 -0.391632080078125 -0.298309326171875
0.417572021484375 0.078033447265625 -0.56982421875 0.03472900390625
0.435821533203125 -0.05340576171875 -0.273300170898438 0.233383178710938
0.3502197265625 -0.192413330078125 -0.0161285400390625 0.1497802734375
0.22821044921875 -0.35321044921875 0.0541648864746094 -0.0489006042480469
0.07720947265625 -0.383392333984375 0.00177764892578125 -0.138839721679688
0.07513427734375 -0.361114501953125 -0.058502197265625 -0.1697998046875
0.07037353515625 -0.399200439453125 -0.051666259765625 -0.21759033203125
0.159759521484375 -0.386138916015625 0.0112457275390625 -0.275604248046875
0.272552490234375 -0.286529541015625 0.0772857666015625 -0.273147583007813
0.34210205078125 -0.219879150390625 0.174392700195313 -0.252532958984375
0.3896484375 -0.036407470703125 0.274658203125 -0.122634887695313
0.448486328125 0.069427490234375 0.230972290039063 -0.0188140869140625
0.486602783203125 0.09442138671875 -0.058197021484375 -0.0702667236328125
0.50274658203125 0.04730224609375 0.0699729919433594 0.0641326904296875
0.413543701171875 0.018798828125 -0.295379638671875 -0.199920654296875
0.347259521484375 0.04473876953125 -0.5107421875 0.117828369140625
0.409912109375 -0.045623779296875 -0.260772705078125 0.315032958984375
0.35986328125 -0.1971435546875 -0.0442352294921875 0.245864868164063
0.24566650390625 -0.393157958984375 0.02667236328125 0.0896224975585937
0.078125 -0.419891357421875 0.00325584411621094 0.0226268768310547
0.069122314453125 -0.3892822265625 -0.0377655029296875 -0.0186347961425781
0.081329345703125 -0.4322509765625 -0.030975341796875 -0.0737762451171875
0.194244384765625 -0.407470703125 0.01580810546875 -0.145217895507813
0.32257080078125 -0.276031494140625 0.085052490234375 -0.177947998046875
0.3837890625 -0.17523193359375 0.199752807617188 -0.19329833984375
0.37176513671875 0.024749755859375 0.341796875 -0.066436767578125
0.393280029296875 0.076080322265625 0.36322021484375 0.04620361328125
0.46026611328125 0.046478271484375 0.0892791748046875 0.0202102661132813
0.398040771484375 -0.06353759765625 0.196914672851563 0.115432739257813
0.267257690429688 -0.0454254150390625 -0.1944580078125 -0.0949554443359374
0.2183837890625 0.0462188720703125 -0.406646728515625 0.18194580078125
0.32476806640625 -0.00738525390625 -0.217315673828125 0.363433837890625
0.315460205078125 -0.161773681640625 -0.06024169921875 0.3203125
0.2220458984375 -0.367889404296875 0.0070037841796875 0.229156494140625
0.064361572265625 -0.388458251953125 0.013946533203125 0.189468383789062
0.053741455078125 -0.3594970703125 -0.0117645263671875 0.134117126464844
0.082122802734375 -0.404571533203125 -0.0148506164550781 0.0693893432617187
0.206573486328125 -0.363433837890625 0.00910282135009767 -0.00909900665283205
0.325103759765625 -0.21075439453125 0.0772476196289063 -0.0768356323242188
0.35845947265625 -0.08709716796875 0.209640502929688 -0.120376586914063
0.27545166015625 0.082794189453125 0.39892578125 0.010009765625
0.2723388671875 0.06005859375 0.474273681640625 0.13916015625
0.372802734375 -0.022705078125 0.21600341796875 0.111190795898438
0.220626831054687 -0.15313720703125 0.287628173828125 0.145111083984375
0.0753173828125 -0.0657958984375 -0.101844787597656 -0.00775909423828125
0.0769805908203125 0.0757369995117188 -0.294769287109375 0.20916748046875
0.215194702148438 0.0462646484375 -0.171112060546875 0.372711181640625
0.236404418945313 -0.099853515625 -0.06878662109375 0.36639404296875
0.1702880859375 -0.285614013671875 -0.000885009765625013 0.347625732421875
0.0428466796875 -0.29583740234375 0.034515380859375 0.333221435546875
0.029052734375 -0.274627685546875 0.0160064697265625 0.265426635742188
0.070404052734375 -0.320648193359375 -0.00457763671874999 0.194869995117187
0.184097290039062 -0.269073486328125 -0.0123672485351562 0.110702514648437
0.269805908203125 -0.11431884765625 0.0489387512207031 0.00478363037109374
0.257720947265625 0.0076751708984375 0.199249267578125 -0.054901123046875
0.121284484863281 0.0993881225585938 0.436309814453125 0.088043212890625
0.113410949707031 -0.00150299072265625 0.5435791015625 0.245849609375
0.244308471679687 -0.114089965820312 0.30755615234375 0.18438720703125
0.01123046875 -0.211029052734375 0.33062744140625 0.152679443359375
-0.112541198730469 -0.0518569946289063 -0.0427970886230469 0.0474357604980469
-0.050506591796875 0.105926513671875 -0.20928955078125 0.207412719726562
0.094635009765625 0.094940185546875 -0.145416259765625 0.356292724609375
0.136039733886719 -0.0231781005859375 -0.076690673828125 0.384735107421875
0.103485107421875 -0.160842895507813 0.000671386718750022 0.428497314453125
0.019561767578125 -0.155868530273438 0.05718994140625 0.43084716796875
0.000473022460937493 -0.1494140625 0.041534423828125 0.35650634765625
0.042022705078125 -0.1932373046875 -0.0010986328125 0.283233642578125
0.126708984375 -0.144821166992188 -0.0423126220703125 0.193389892578125
0.16473388671875 -0.0165557861328125 0.0114288330078125 0.0510749816894531
0.102989196777344 0.0722808837890625 0.182083129882813 -0.019134521484375
-0.0495948791503906 0.0538558959960937 0.465423583984375 0.147674560546875
-0.0456695556640625 -0.10589599609375 0.57342529296875 0.341552734375
0.095428466796875 -0.210784912109375 0.356658935546875 0.223236083984375
0.102462768554688 0.258575439453125 -0.376495361328125 -0.1878662109375
0.211334228515625 0.206787109375 -0.58099365234375 -0.3798828125
0.210723876953125 0.0332183837890625 -0.481597900390625 -0.0633544921875001
0.0924453735351563 -0.0713653564453125 -0.176300048828125 0.024444580078125
1.90734863281204E-05 -0.0433464050292969 0.0499038696289063 -0.0578765869140625
-0.02069091796875 0.0142250061035156 0.0937652587890625 -0.23779296875
0.00844669342041016 0.0127906799316406 -0.00268554687499996 -0.36834716796875
0.02813720703125 -0.00266647338867188 -0.082550048828125 -0.40850830078125
0.00255393981933594 0.00266790390014648 -0.08154296875 -0.4532470703125
-0.0164556503295898 -0.0162420272827148 0.00311279296875002 -0.466278076171875
-0.0211715698242188 -0.0587234497070312 0.046295166015625 -0.4129638671875
0.0113143920898438 -0.126792907714844 0.113922119140625 -0.33135986328125
0.164825439453125 -0.107254028320313 0.183364868164063 -0.210159301757813
0.241424560546875 0.051055908203125 -0.0195045471191406 -0.0688438415527344
0.162063598632813 0.141311645507813 -0.380859375 -0.256011962890625
0.280166625976562 0.27960205078125 -0.31304931640625 -0.143035888671875
0.34185791015625 0.239990234375 -0.543365478515625 -0.402557373046875
0.33746337890625 0.09490966796875 -0.536529541015625 -0.0629272460937501
0.263565063476563 -0.05999755859375 -0.207138061523438 0.0698394775390625
0.149749755859375 -0.108230590820313 0.0485992431640625 -0.01983642578125
0.0749435424804688 -0.132431030273438 0.0955352783203125 -0.231109619140625
0.0345001220703125 -0.148345947265625 -0.004730224609375 -0.352783203125
0.048583984375 -0.155609130859375 -0.08929443359375 -0.380523681640625
0.027374267578125 -0.166854858398437 -0.088226318359375 -0.421844482421875
0.0474395751953125 -0.174545288085938 -0.00424194335937495 -0.448760986328125
0.0892791748046875 -0.162612915039063 0.0486145019531251 -0.396484375
0.135650634765625 -0.17974853515625 0.1224365234375 -0.31829833984375
0.267364501953125 -0.102401733398438 0.18109130859375 -0.18798828125
0.365020751953125 0.049102783203125 0.0210189819335938 -0.0693817138671875
0.33380126953125 0.141693115234375 -0.32012939453125 -0.2135009765625
0.434417724609375 0.240692138671875 -0.207962036132813 -0.075958251953125
0.44451904296875 0.202362060546875 -0.48309326171875 -0.374298095703125
0.41900634765625 0.10662841796875 -0.57891845703125 -0.0280151367187499
0.391143798828125 -0.058624267578125 -0.250228881835938 0.145339965820312
0.279067993164063 -0.164627075195312 0.0211601257324219 0.0528297424316406
0.165069580078125 -0.267547607421875 0.0767822265625 -0.169464111328125
0.057830810546875 -0.290435791015625 -0.007232666015625 -0.274703979492187
0.06243896484375 -0.283294677734375 -0.082672119140625 -0.296478271484375
0.0455322265625 -0.31146240234375 -0.077972412109375 -0.34014892578125
0.103851318359375 -0.310333251953125 -0.00259399414062495 -0.384796142578125
0.191604614257813 -0.252120971679688 0.058074951171875 -0.35125732421875
0.2530517578125 -0.222869873046875 0.142547607421875 -0.29693603515625
0.352691650390625 -0.08319091796875 0.216598510742188 -0.162384033203125
0.4459228515625 0.05181884765625 0.110275268554688 -0.0546646118164063
0.453155517578125 0.12164306640625 -0.2069091796875 -0.148330688476563
0.52093505859375 0.153045654296875 -0.0738449096679687 -0.00225067138671874
0.48480224609375 0.110260009765625 -0.4022216796875 -0.30413818359375
0.43060302734375 0.0750732421875 -0.5814208984375 0.0415649414062501
0.446685791015625 -0.0653076171875 -0.273956298828125 0.23779296875
0.353973388671875 -0.204437255859375 -0.014862060546875 0.150238037109375
0.2252197265625 -0.366455078125 0.0501747131347656 -0.05615234375
0.07000732421875 -0.39166259765625 -0.00654602050781248 -0.143875122070313
0.0657958984375 -0.368682861328125 -0.0656585693359375 -0.170272827148438
0.058990478515625 -0.406585693359375 -0.057159423828125 -0.219390869140625
0.15118408203125 -0.397705078125 0.00590515136718748 -0.277191162109375
0.273651123046875 -0.301513671875 0.0719451904296875 -0.276718139648438
0.344879150390625 -0.2332763671875 0.17047119140625 -0.259033203125
0.3988037109375 -0.041015625 0.27789306640625 -0.126922607421875
0.4620361328125 0.063140869140625 0.2353515625 -0.0212554931640625
0.50018310546875 0.08740234375 -0.0599403381347656 -0.0686836242675781
0.5135498046875 0.037109375 0.0726089477539063 0.0631942749023438
0.4256591796875 0.0089111328125 -0.305389404296875 -0.20550537109375
0.3582763671875 0.042022705078125 -0.520233154296875 0.1265869140625
0.418914794921875 -0.0574951171875 -0.258697509765625 0.322021484375
0.364166259765625 -0.21051025390625 -0.041168212890625 0.248611450195313
0.240142822265625 -0.408721923828125 0.0249252319335938 0.0865936279296875
0.069732666015625 -0.4283447265625 0.000829696655273443 0.0211925506591797
0.05841064453125 -0.39739990234375 -0.0402107238769531 -0.0179595947265625
0.068756103515625 -0.44073486328125 -0.0312423706054687 -0.0749893188476563
0.185760498046875 -0.421356201171875 0.013916015625 -0.14422607421875
0.324554443359375 -0.291595458984375 0.082061767578125 -0.178375244140625
0.387847900390625 -0.188079833984375 0.197265625 -0.197113037109375
0.381591796875 0.020721435546875 0.348846435546875 -0.0711669921875
0.407684326171875 0.0718994140625 0.37188720703125 0.041168212890625
0.472320556640625 0.03778076171875 0.0921859741210938 0.0209808349609375
0.40576171875 -0.073028564453125 0.2021484375 0.1134033203125
0.274429321289063 -0.053558349609375 -0.1981201171875 -0.0991058349609375
0.22698974609375 0.045196533203125 -0.413787841796875 0.191253662109375
0.334014892578125 -0.015533447265625 -0.214691162109375 0.371002197265625
0.321563720703125 -0.1746826171875 -0.055267333984375 0.32586669921875
0.217071533203125 -0.382293701171875 0.00918579101562501 0.230026245117187
0.057220458984375 -0.3988037109375 0.01654052734375 0.19195556640625
0.0440673828125 -0.365020751953125 -0.0113677978515625 0.136726379394531
0.070831298828125 -0.412567138671875 -0.01123046875 0.0710601806640625
0.198211669921875 -0.376678466796875 0.0109138488769531 -0.00523471832275393
0.328155517578125 -0.223724365234375 0.07586669921875 -0.0749282836914063
0.361572265625 -0.097869873046875 0.208160400390625 -0.121047973632813
0.283843994140625 0.08172607421875 0.407562255859375 0.00640869140625001
0.282562255859375 0.0576171875 0.485137939453125 0.134429931640625
0.38153076171875 -0.0313720703125 0.222869873046875 0.112564086914063
0.222763061523438 -0.162490844726563 0.2965087890625 0.14239501953125
0.0780487060546875 -0.0703353881835938 -0.103294372558594 -0.0108413696289063
0.08221435546875 0.0762176513671875 -0.297119140625 0.217498779296875
0.223541259765625 0.0417022705078125 -0.1671142578125 0.379730224609375
0.241561889648438 -0.1090087890625 -0.06268310546875 0.373046875
0.16497802734375 -0.2998046875 0.006103515625 0.352264404296875
0.036376953125 -0.302734375 0.041412353515625 0.338592529296875
0.021697998046875 -0.278213500976562 0.02130126953125 0.269638061523438
0.0601806640625 -0.326812744140625 0.00198364257812499 0.198471069335937
0.178955078125 -0.280685424804688 -0.00734710693359373 0.1162109375
0.275558471679688 -0.12347412109375 0.0480270385742188 0.0105819702148437
0.26275634765625 0.001922607421875 0.198089599609375 -0.053985595703125
0.125968933105469 0.100517272949219 0.44683837890625 0.084197998046875
0.117935180664063 -0.00215911865234375 0.560577392578125 0.240875244140625
0.248245239257812 -0.121490478515625 0.3179931640625 0.1846923828125
0.00770568847656249 -0.216842651367188 0.3399658203125 0.150115966796875
-0.1143798828125 -0.05126953125 -0.0406074523925781 0.0458221435546875
-0.0486297607421875 0.109825134277344 -0.2100830078125 0.212417602539063
0.100830078125 0.0944976806640625 -0.14080810546875 0.364227294921875
0.139884948730469 -0.028228759765625 -0.070281982421875 0.392913818359375
0.0982818603515625 -0.169097900390625 0.010498046875 0.43463134765625
0.0165252685546875 -0.159942626953125 0.070526123046875 0.437164306640625
-0.00318908691406248 -0.150009155273438 0.05181884765625 0.361297607421875
0.0357666015625 -0.197280883789063 0.00900268554687497 0.288726806640625
0.124557495117188 -0.1533203125 -0.0352325439453125 0.202590942382813
0.170639038085938 -0.021270751953125 0.0111618041992188 0.0584602355957031
0.1064453125 0.07257080078125 0.18145751953125 -0.01727294921875
-0.04998779296875 0.0561332702636719 0.476470947265625 0.144317626953125
-0.0478515625 -0.106430053710937 0.59173583984375 0.33978271484375
0.0937957763671875 -0.218093872070313 0.36859130859375 0.22406005859375
0.115737915039063 0.262161254882812 -0.396087646484375 -0.175323486328125
0.229827880859375 0.200958251953125 -0.6126708984375 -0.36614990234375
0.219894409179688 0.0222015380859375 -0.495758056640625 -0.0457763671875001
0.0904769897460938 -0.0792007446289062 -0.181121826171875 0.0294036865234375
-0.00217819213867187 -0.0442466735839844 0.0478858947753906 -0.0689697265625
-0.0207614898681641 0.0177783966064453 0.0786895751953125 -0.256973266601563
0.0102729797363281 0.0150613784790039 -0.02642822265625 -0.37860107421875
0.0303897857666016 -0.00450515747070313 -0.107696533203125 -0.411346435546875
0.00422763824462891 0.00446748733520508 -0.106109619140625 -0.458984375
-0.0178451538085938 -0.0157413482666016 -0.02069091796875 -0.478363037109375
-0.0247726440429688 -0.0608444213867187 0.0264892578125 -0.425262451171875
0.00591278076171875 -0.130561828613281 0.099853515625 -0.345489501953125
0.164215087890625 -0.11865234375 0.176254272460938 -0.22479248046875
0.253585815429688 0.03955078125 -0.0215339660644531 -0.0652923583984375
0.17633056640625 0.139602661132813 -0.40338134765625 -0.24151611328125
0.299468994140625 0.275482177734375 -0.32666015625 -0.133056640625
0.366485595703125 0.227935791015625 -0.57568359375 -0.3939208984375
0.354736328125 0.08203125 -0.554473876953125 -0.0411376953125
0.266738891601563 -0.075408935546875 -0.210342407226563 0.07928466796875
0.1488037109375 -0.118927001953125 0.0477828979492188 -0.0272140502929688
0.0701751708984375 -0.140571594238281 0.079559326171875 -0.250137329101563
0.0278778076171875 -0.150543212890625 -0.029266357421875 -0.36224365234375
0.0400848388671875 -0.161590576171875 -0.111297607421875 -0.381927490234375
0.0187530517578125 -0.171249389648438 -0.110137939453125 -0.428375244140625
0.0395355224609375 -0.181900024414063 -0.027587890625 -0.459716796875
0.0840606689453125 -0.174514770507813 0.029754638671875 -0.40765380859375
0.132400512695313 -0.1927490234375 0.11029052734375 -0.332183837890625
0.27105712890625 -0.11859130859375 0.176406860351563 -0.2003173828125
0.3814697265625 0.032257080078125 0.0190620422363282 -0.0694160461425781
0.35247802734375 0.12860107421875 -0.340240478515625 -0.20086669921875
0.4576416015625 0.22906494140625 -0.219284057617187 -0.070068359375
0.471038818359375 0.183441162109375 -0.513671875 -0.368560791015625
0.44024658203125 0.08917236328125 -0.5977783203125 -0.000427246093749984
0.401458740234375 -0.08258056640625 -0.2510986328125 0.156997680664062
0.278213500976563 -0.184951782226563 0.0246658325195313 0.0496444702148437
0.154205322265625 -0.282073974609375 0.0642852783203125 -0.182449340820313
0.043853759765625 -0.299713134765625 -0.02777099609375 -0.2822265625
0.047271728515625 -0.293243408203125 -0.10125732421875 -0.29864501953125
0.02911376953125 -0.32025146484375 -0.097564697265625 -0.3455810546875
0.087921142578125 -0.3253173828125 -0.021514892578125 -0.39337158203125
0.183090209960938 -0.271896362304687 0.0389709472656251 -0.36370849609375
0.248489379882812 -0.244033813476562 0.1295166015625 -0.309967041015625
0.360382080078125 -0.1014404296875 0.215286254882813 -0.1749267578125
0.4647216796875 0.030029296875 0.111824035644531 -0.0580368041992188
0.47393798828125 0.102447509765625 -0.2197265625 -0.140213012695313
0.5438232421875 0.133819580078125 -0.07550048828125 -9.1552734375007E-05
0.50726318359375 0.0869140625 -0.427459716796875 -0.30023193359375
0.44891357421875 0.058258056640625 -0.5948486328125 0.0699462890624999
0.457275390625 -0.091461181640625 -0.271987915039062 0.254745483398438
0.353240966796875 -0.2315673828125 -0.00796508789062498 0.151824951171875
0.207305908203125 -0.389068603515625 0.0427322387695313 -0.0648422241210938
0.050262451171875 -0.403472900390625 -0.0201263427734375 -0.148056030273438
0.046661376953125 -0.3814697265625 -0.07708740234375 -0.1715087890625
0.0362548828125 -0.41888427734375 -0.069580078125 -0.223419189453125
0.130950927734375 -0.4176025390625 -0.006927490234375 -0.282012939453125
0.265533447265625 -0.329071044921875 0.05816650390625 -0.2847900390625
0.343994140625 -0.259063720703125 0.160614013671875 -0.27105712890625
0.411834716796875 -0.061553955078125 0.281219482421875 -0.142181396484375
0.4842529296875 0.04022216796875 0.242141723632813 -0.0295867919921875
0.51971435546875 0.063751220703125 -0.0643234252929687 -0.0663795471191406
0.529449462890625 0.012908935546875 0.0758819580078125 0.0599822998046875
0.439422607421875 -0.01483154296875 -0.32489013671875 -0.20184326171875
0.373046875 0.027069091796875 -0.53070068359375 0.155059814453125
0.429931640625 -0.08258056640625 -0.251617431640625 0.34124755859375
0.36669921875 -0.238067626953125 -0.03118896484375 0.255508422851563
0.222991943359375 -0.436004638671875 0.0263748168945313 0.0841217041015625
0.047943115234375 -0.44317626953125 -0.0020599365234375 0.0210819244384765
0.038970947265625 -0.410430908203125 -0.0434532165527344 -0.0165443420410157
0.043243408203125 -0.4549560546875 -0.0363998413085937 -0.0772171020507813
0.164276123046875 -0.44415283203125 0.00914001464843752 -0.145034790039063
0.3192138671875 -0.320526123046875 0.0745849609375 -0.183349609375
0.387908935546875 -0.21539306640625 0.191314697265625 -0.20745849609375
0.395538330078125 0.00482177734375 0.3560791015625 -0.08740234375
0.42669677734375 0.0540771484375 0.384307861328125 0.02593994140625
0.487884521484375 0.014404296875 0.0961456298828125 0.0175933837890625
0.413909912109375 -0.0975341796875 0.212692260742188 0.105911254882813
0.28173828125 -0.071685791015625 -0.209442138671875 -0.0977325439453125
0.237319946289062 0.0379180908203125 -0.41650390625 0.213226318359375
0.346832275390625 -0.034912109375 -0.20074462890625 0.3887939453125
0.32391357421875 -0.19891357421875 -0.040069580078125 0.335723876953125
0.20001220703125 -0.40838623046875 0.0186004638671875 0.233108520507812
0.036285400390625 -0.412445068359375 0.02398681640625 0.194046020507813
0.02569580078125 -0.376129150390625 -0.0050506591796875 0.140640258789062
0.047576904296875 -0.427154541015625 -0.00643157958984375 0.0722732543945312
0.179443359375 -0.4000244140625 0.0142049789428711 -0.00271034240722659
0.328033447265625 -0.24969482421875 0.073394775390625 -0.07550048828125
0.367889404296875 -0.1199951171875 0.20623779296875 -0.128555297851563
0.297882080078125 0.072601318359375 0.419342041015625 -0.01153564453125
0.2962646484375 0.0457763671875 0.50531005859375 0.116424560546875
0.39154052734375 -0.051971435546875 0.235015869140625 0.10467529296875
0.221298217773438 -0.179519653320312 0.3114013671875 0.132232666015625
0.0772705078125 -0.077667236328125 -0.106346130371094 -0.01104736328125
0.0904312133789063 0.07684326171875 -0.29608154296875 0.236419677734375
0.23443603515625 0.0300445556640625 -0.150115966796875 0.394378662109375
0.24493408203125 -0.1278076171875 -0.04486083984375 0.384185791015625
0.1505126953125 -0.31927490234375 0.022064208984375 0.35931396484375
0.020111083984375 -0.3134765625 0.059783935546875 0.3453369140625
0.00772094726562498 -0.2852783203125 0.035430908203125 0.274505615234375
0.04071044921875 -0.338623046875 0.0142822265625 0.20172119140625
0.166473388671875 -0.302001953125 0.00159454345703127 0.123283386230469
0.279876708984375 -0.143905639648438 0.0508232116699219 0.0149879455566406
0.26947021484375 -0.0125732421875 0.19818115234375 -0.059600830078125
0.134536743164063 0.0979461669921875 0.46209716796875 0.066558837890625
0.123138427734375 -0.0072174072265625 0.58782958984375 0.22210693359375
0.250701904296875 -0.138748168945312 0.336700439453125 0.177703857421875
-0.00494384765625 -0.226287841796875 0.358612060546875 0.136932373046875
-0.119834899902344 -0.0489654541015625 -0.0387191772460938 0.0457992553710938
-0.0445556640625 0.114913940429687 -0.204147338867188 0.2264404296875
0.112174987792969 0.0912857055664063 -0.124725341796875 0.3770751953125
0.144821166992188 -0.0378875732421875 -0.0501708984375 0.403900146484375
0.0885772705078125 -0.181854248046875 0.03424072265625 0.44451904296875
0.0079345703125 -0.166351318359375 0.09735107421875 0.445343017578125
-0.00962829589843748 -0.151382446289062 0.0728759765625 0.366973876953125
0.02362060546875 -0.205047607421875 0.02618408203125 0.294830322265625
0.1187744140625 -0.166595458984375 -0.0210418701171875 0.212158203125
0.1768798828125 -0.0341949462890625 0.0140876770019531 0.0662345886230469
0.114356994628906 0.069488525390625 0.183502197265625 -0.0206298828125
-0.0482826232910156 0.0617446899414063 0.49676513671875 0.125091552734375
-0.0531005859375 -0.106842041015625 0.6260986328125 0.32000732421875
0.0856781005859375 -0.229202270507813 0.390625 0.213165283203125
0.135025024414063 0.25811767578125 -0.407684326171875 -0.14703369140625
0.247360229492187 0.1832275390625 -0.641845703125 -0.32794189453125
0.225265502929688 0.0045013427734375 -0.49981689453125 -0.0113525390625
0.0843582153320313 -0.0880279541015625 -0.1810302734375 0.040435791015625
-0.00426101684570312 -0.0429534912109375 0.0402679443359375 -0.0763626098632813
-0.0175552368164063 0.0202102661132813 0.052947998046875 -0.269363403320312
0.0143547058105469 0.0149784088134766 -0.05865478515625 -0.374786376953125
0.0295734405517578 -0.00569915771484375 -0.139923095703125 -0.3995361328125
0.00469303131103516 0.00501871109008789 -0.142974853515625 -0.453399658203125
-0.0172443389892578 -0.0125274658203125 -0.057037353515625 -0.47686767578125
-0.0292930603027344 -0.0603446960449219 -0.00692749023437497 -0.428802490234375
-0.00296783447265624 -0.130523681640625 0.074554443359375 -0.353302001953125
0.158981323242188 -0.13385009765625 0.158584594726563 -0.237152099609375
0.260574340820313 0.019561767578125 -0.0240249633789062 -0.0585670471191406
0.189117431640625 0.128860473632813 -0.423065185546875 -0.208740234375
0.322784423828125 0.260467529296875 -0.33917236328125 -0.108551025390625
0.388031005859375 0.2022705078125 -0.60809326171875 -0.35888671875
0.365631103515625 0.0560302734375 -0.56011962890625 -0.00292968750000004
0.265045166015625 -0.0977325439453125 -0.206817626953125 0.09271240234375
0.140312194824219 -0.132438659667969 0.0437507629394531 -0.0383796691894531
0.056488037109375 -0.14312744140625 0.053680419921875 -0.260772705078125
0.0174407958984375 -0.153762817382813 -0.06219482421875 -0.360809326171875
0.0285186767578125 -0.166107177734375 -0.14227294921875 -0.37225341796875
0.00350952148437499 -0.170928955078125 -0.143280029296875 -0.421112060546875
0.0236968994140625 -0.187332153320312 -0.061126708984375 -0.45989990234375
0.070220947265625 -0.183319091796875 3.05175781249609E-05 -0.410614013671875
0.117263793945312 -0.205535888671875 0.08392333984375 -0.34063720703125
0.267929077148438 -0.140609741210938 0.159652709960938 -0.212615966796875
0.389678955078125 0.00323486328125 0.0143051147460938 -0.068023681640625
0.36920166015625 0.106781005859375 -0.354248046875 -0.173004150390625
0.475799560546875 0.199462890625 -0.226959228515625 -0.0550689697265625
0.488800048828125 0.147674560546875 -0.54339599609375 -0.3372802734375
0.451202392578125 0.05706787109375 -0.60394287109375 0.041015625
0.3966064453125 -0.115631103515625 -0.241409301757813 0.17431640625
0.26568603515625 -0.20947265625 0.0268325805664063 0.0435447692871094
0.1337890625 -0.297821044921875 0.0452423095703125 -0.196365356445313
0.0213623046875 -0.30059814453125 -0.057708740234375 -0.28314208984375
0.022979736328125 -0.29461669921875 -0.125518798828125 -0.2896728515625
0.000335693359374968 -0.322021484375 -0.123199462890625 -0.338775634765625
0.0584716796875 -0.336151123046875 -0.05010986328125 -0.39044189453125
0.163543701171875 -0.2921142578125 0.0111083984375 -0.3631591796875
0.232894897460938 -0.265899658203125 0.10662841796875 -0.321502685546875
0.359649658203125 -0.129364013671875 0.20257568359375 -0.189788818359375
0.47357177734375 -0.00604248046875 0.108940124511719 -0.0630645751953125
0.485870361328125 0.064849853515625 -0.2327880859375 -0.12451171875
0.556915283203125 0.093048095703125 -0.0779037475585937 0.00851440429687501
0.51806640625 0.04541015625 -0.453369140625 -0.27630615234375
0.460845947265625 0.025390625 -0.59808349609375 0.11334228515625
0.457183837890625 -0.131927490234375 -0.254119873046875 0.271774291992188
0.337066650390625 -0.261932373046875 0.00495910644531251 0.14996337890625
0.176300048828125 -0.40765380859375 0.0321731567382813 -0.0708389282226563
0.02069091796875 -0.41021728515625 -0.03466796875 -0.147079467773438
0.014892578125 -0.385711669921875 -0.090911865234375 -0.162185668945313
0.00134277343750001 -0.42156982421875 -0.09161376953125 -0.219573974609375
0.09228515625 -0.43365478515625 -0.0269622802734375 -0.279190063476563
0.242645263671875 -0.355560302734375 0.036163330078125 -0.287506103515625
0.32415771484375 -0.289764404296875 0.140167236328125 -0.280853271484375
0.414947509765625 -0.09112548828125 0.272476196289063 -0.15911865234375
0.49114990234375 0.005126953125 0.240951538085938 -0.0461883544921875
0.529296875 0.025909423828125 -0.0692558288574219 -0.05938720703125
0.5374755859375 -0.027069091796875 0.0807418823242188 0.0537185668945313
0.441864013671875 -0.049530029296875 -0.34197998046875 -0.185028076171875
0.382171630859375 0.00189208984375 -0.525787353515625 0.194366455078125
0.429779052734375 -0.11932373046875 -0.227294921875 0.35772705078125
0.35296630859375 -0.2723388671875 -0.01171875 0.254348754882812
0.187744140625 -0.457855224609375 0.0283660888671875 0.07989501953125
0.0133056640625 -0.451019287109375 -0.0030517578125 0.0190811157226562
0.00372314453124996 -0.41375732421875 -0.0472869873046875 -0.0137672424316406
0.00607299804687498 -0.45843505859375 -0.04119873046875 -0.0769577026367188
0.125518798828125 -0.459808349609375 0.000396728515625012 -0.1446533203125
0.29583740234375 -0.3505859375 0.062896728515625 -0.186111450195313
0.374114990234375 -0.247650146484375 0.176620483398438 -0.218902587890625
0.403228759765625 -0.024078369140625 0.354156494140625 -0.10986328125
0.43634033203125 0.0198974609375 0.387115478515625 0.000213623046875001
0.495208740234375 -0.022552490234375 0.099578857421875 0.01226806640625
0.40826416015625 -0.13140869140625 0.219940185546875 0.0905914306640625
0.279251098632813 -0.0972747802734375 -0.219039916992187 -0.0881500244140625
0.245651245117188 0.019866943359375 -0.40447998046875 0.246490478515625
0.348480224609375 -0.0628662109375 -0.17437744140625 0.40350341796875
0.31146240234375 -0.227020263671875 -0.01373291015625 0.337921142578125
0.16864013671875 -0.429351806640625 0.031829833984375 0.231124877929688
0.00579833984375002 -0.417724609375 0.03753662109375 0.190017700195312
-0.00543212890625001 -0.3800048828125 0.00436401367187499 0.141769409179687
0.01080322265625 -0.430450439453125 -0.001800537109375 0.0708847045898437
0.144012451171875 -0.41546630859375 0.017521858215332 -0.00136661529541018
0.311065673828125 -0.28125 0.0702285766601563 -0.0783233642578125
0.359954833984375 -0.1522216796875 0.19537353515625 -0.14111328125
0.306671142578125 0.052337646484375 0.422760009765625 -0.038726806640625
0.3033447265625 0.0238037109375 0.518341064453125 0.08038330078125
0.390777587890625 -0.084869384765625 0.242568969726563 0.0898895263671875
0.207687377929688 -0.201126098632813 0.323028564453125 0.11029052734375
0.0711593627929687 -0.0845108032226562 -0.108856201171875 -0.00699615478515624
0.097900390625 0.0691986083984375 -0.280502319335938 0.257308959960938
0.24200439453125 0.0095367431640625 -0.120819091796875 0.405792236328125
0.238555908203125 -0.151962280273438 -0.016143798828125 0.38909912109375
0.123016357421875 -0.336334228515625 0.047821044921875 0.3572998046875
-0.00439453124999997 -0.318115234375 0.085540771484375 0.338592529296875
-0.014129638671875 -0.287353515625 0.0567779541015625 0.273193359375
0.010101318359375 -0.34228515625 0.031219482421875 0.198883056640625
0.13970947265625 -0.31781005859375 0.0173873901367188 0.124160766601563
0.272369384765625 -0.169952392578125 0.0560035705566406 0.0169639587402344
0.270675659179688 -0.0333404541015625 0.193740844726563 -0.0680389404296875
0.145034790039063 0.0899658203125 0.47137451171875 0.033416748046875
0.125785827636719 -0.01641845703125 0.6077880859375 0.1781005859375
0.240524291992188 -0.160263061523438 0.352264404296875 0.152252197265625
-0.0228271484375 -0.230087280273438 0.368896484375 0.113616943359375
-0.125495910644531 -0.0406646728515625 -0.0371055603027344 0.0459098815917969
-0.036346435546875 0.119636535644531 -0.19012451171875 0.241836547851562
0.118721008300781 0.0814666748046875 -0.09710693359375 0.387237548828125
0.14501953125 -0.0493011474609375 -0.019866943359375 0.406829833984375
0.0717010498046875 -0.190902709960938 0.069000244140625 0.443756103515625
-0.00642395019531252 -0.168869018554688 0.13525390625 0.437255859375
-0.01922607421875 -0.1497802734375 0.10198974609375 0.3642578125
0.00534057617187502 -0.2042236328125 0.049530029296875 0.294830322265625
0.103500366210938 -0.180252075195312 0.00161743164062501 0.216232299804687
0.1783447265625 -0.046844482421875 0.0202713012695313 0.0731582641601563
0.119773864746094 0.06292724609375 0.181015014648438 -0.027496337890625
-0.0452308654785156 0.0674362182617188 0.50787353515625 0.08868408203125
-0.059478759765625 -0.104629516601563 0.651123046875 0.27496337890625
0.0716705322265625 -0.2379150390625 0.40966796875 0.188079833984375
0.149856567382813 0.247787475585938 -0.405364990234375 -0.116851806640625
0.257125854492188 0.160919189453125 -0.6494140625 -0.27923583984375
0.219253540039063 -0.0147247314453125 -0.487823486328125 0.0205078125
0.0754928588867188 -0.0938568115234375 -0.176910400390625 0.0482177734375
-0.00993728637695312 -0.0421943664550781 0.0316925048828125 -0.083343505859375
-0.0166435241699219 0.0229415893554688 0.025634765625 -0.271560668945313
0.0160846710205078 0.0153255462646484 -0.090606689453125 -0.361480712890625
0.0306034088134766 -0.00831222534179687 -0.16522216796875 -0.377777099609375
0.00667953491210938 0.00699996948242188 -0.17205810546875 -0.429412841796875
-0.0186729431152344 -0.0104522705078125 -0.089996337890625 -0.461151123046875
-0.034942626953125 -0.0577354431152344 -0.038055419921875 -0.41650390625
-0.0115585327148437 -0.126251220703125 0.046905517578125 -0.347320556640625
0.145858764648438 -0.14190673828125 0.135467529296875 -0.24365234375
0.259429931640625 -0.0003204345703125 -0.0239448547363281 -0.0521087646484375
0.195083618164063 0.112991333007813 -0.42474365234375 -0.171783447265625
0.330047607421875 0.23492431640625 -0.33526611328125 -0.085479736328125
0.393463134765625 0.166839599609375 -0.6192626953125 -0.31317138671875
0.363739013671875 0.026092529296875 -0.545562744140625 0.0346679687500001
0.248214721679688 -0.11907958984375 -0.1971435546875 0.099853515625
0.12738037109375 -0.142013549804688 0.0402069091796875 -0.0448112487792969
0.0459136962890625 -0.145233154296875 0.0260162353515625 -0.263214111328125
0.00704956054687498 -0.149917602539063 -0.09173583984375 -0.3463134765625
0.01513671875 -0.161651611328125 -0.16748046875 -0.351898193359375
-0.00671386718750001 -0.166595458984375 -0.173919677734375 -0.4010009765625
0.00852966308593751 -0.181777954101563 -0.0924072265625 -0.439208984375
0.054290771484375 -0.187026977539062 -0.032989501953125 -0.39617919921875
0.0982513427734375 -0.210174560546875 0.058258056640625 -0.337554931640625
0.25140380859375 -0.155502319335938 0.1439208984375 -0.21868896484375
0.385528564453125 -0.027984619140625 0.0144538879394531 -0.062835693359375
0.366912841796875 0.07550048828125 -0.359100341796875 -0.14068603515625
0.481414794921875 0.164825439453125 -0.221527099609375 -0.037078857421875
0.487518310546875 0.10772705078125 -0.55767822265625 -0.298187255859375
0.448089599609375 0.02685546875 -0.58477783203125 0.0810546875
0.380950927734375 -0.14227294921875 -0.225341796875 0.183837890625
0.243072509765625 -0.22509765625 0.0279083251953125 0.0369377136230469
0.103607177734375 -0.298675537109375 0.020355224609375 -0.195755004882813
-0.00112915039062498 -0.295867919921875 -0.0795440673828125 -0.269149780273438
3.05175781250035E-05 -0.2908935546875 -0.147537231445312 -0.273040771484375
-0.024993896484375 -0.313995361328125 -0.14605712890625 -0.32421875
0.0325927734375 -0.33154296875 -0.0770263671875 -0.37579345703125
0.1370849609375 -0.2999267578125 -0.015777587890625 -0.35382080078125
0.207000732421875 -0.276702880859375 0.080047607421875 -0.31671142578125
0.342041015625 -0.1513671875 0.187698364257813 -0.197677612304688
0.46697998046875 -0.040435791015625 0.104141235351563 -0.06390380859375
0.479583740234375 0.0302734375 -0.233200073242187 -0.100067138671875
0.55230712890625 0.054473876953125 -0.0746994018554687 0.0104522705078125
0.506256103515625 0.00537109375 -0.464263916015625 -0.24444580078125
0.4569091796875 -0.006744384765625 -0.57513427734375 0.15264892578125
0.435791015625 -0.163665771484375 -0.232742309570313 0.27972412109375
0.313079833984375 -0.284149169921875 0.01373291015625 0.141677856445312
0.14178466796875 -0.412139892578125 0.0201187133789063 -0.0742416381835938
-0.011474609375 -0.400299072265625 -0.0503387451171875 -0.14239501953125
-0.01513671875 -0.376739501953125 -0.103851318359375 -0.153228759765625
-0.031097412109375 -0.409912109375 -0.102783203125 -0.207473754882813
0.058380126953125 -0.428955078125 -0.0446624755859375 -0.271774291992188
0.207916259765625 -0.3665771484375 0.016265869140625 -0.278579711914063
0.29498291015625 -0.30743408203125 0.116546630859375 -0.28057861328125
0.400604248046875 -0.1168212890625 0.25848388671875 -0.173416137695313
0.486480712890625 -0.033782958984375 0.235443115234375 -0.0585174560546875
0.518280029296875 -0.015350341796875 -0.0730972290039062 -0.0520095825195313
0.523101806640625 -0.06390380859375 0.0799789428710938 0.0486679077148438
0.427154541015625 -0.084991455078125 -0.348846435546875 -0.1632080078125
0.37860107421875 -0.023895263671875 -0.499755859375 0.22711181640625
0.4136962890625 -0.150146484375 -0.198394775390625 0.36102294921875
0.32403564453125 -0.2935791015625 0.00888061523437502 0.247390747070313
0.14666748046875 -0.4625244140625 0.026885986328125 0.072662353515625
-0.02105712890625 -0.44061279296875 -0.00649642944335937 0.0194263458251953
-0.027740478515625 -0.402313232421875 -0.0488471984863281 -0.00983810424804689
-0.032867431640625 -0.4466552734375 -0.0472183227539063 -0.0717926025390625
0.08477783203125 -0.460235595703125 -0.0075225830078125 -0.141159057617188
0.26239013671875 -0.36651611328125 0.0472412109375 -0.181304931640625
0.345428466796875 -0.27105712890625 0.156494140625 -0.222381591796875
0.39385986328125 -0.049652099609375 0.339324951171875 -0.12982177734375
0.43072509765625 -0.011138916015625 0.380859375 -0.024139404296875
0.481048583984375 -0.06024169921875 0.0975494384765625 0.00611114501953125
0.39031982421875 -0.156097412109375 0.222854614257813 0.0730438232421875
0.262405395507813 -0.116744995117188 -0.221572875976562 -0.0749969482421875
0.24566650390625 0.00286865234375 -0.380157470703125 0.269500732421875
0.33929443359375 -0.091217041015625 -0.143585205078125 0.4031982421875
0.29119873046875 -0.25067138671875 0.010223388671875 0.32708740234375
0.1280517578125 -0.43255615234375 0.0446929931640625 0.220291137695312
-0.030853271484375 -0.410736083984375 0.04888916015625 0.183425903320312
-0.03277587890625 -0.367889404296875 0.0148544311523438 0.135528564453125
-0.023223876953125 -0.4190673828125 0.00417709350585938 0.0675239562988281
0.1053466796875 -0.4193115234375 0.0224533081054688 -0.00255775451660159
0.28192138671875 -0.300384521484375 0.0641098022460938 -0.0745391845703125
0.33953857421875 -0.173828125 0.183242797851563 -0.145278930664063
0.30426025390625 0.030853271484375 0.4117431640625 -0.066192626953125
0.300811767578125 0.000640869140625 0.511016845703125 0.04425048828125
0.37493896484375 -0.11065673828125 0.245819091796875 0.0698699951171875
0.188232421875 -0.211273193359375 0.32366943359375 0.086181640625
0.0622787475585938 -0.0905532836914063 -0.108253479003906 -0.00269317626953127
0.103614807128906 0.0635147094726563 -0.257354736328125 0.272674560546875
0.239486694335937 -0.0095977783203125 -0.0922546386718749 0.40155029296875
0.223358154296875 -0.167678833007813 0.013336181640625 0.376129150390625
0.09173583984375 -0.338836669921875 0.06988525390625 0.34344482421875
-0.0301513671875 -0.3116455078125 0.10894775390625 0.3223876953125
-0.0361785888671875 -0.278656005859375 0.07586669921875 0.260208129882813
-0.016998291015625 -0.334075927734375 0.0458831787109375 0.191619873046875
0.1103515625 -0.322723388671875 0.0304718017578125 0.12066650390625
0.25274658203125 -0.189529418945313 0.0563011169433594 0.0175056457519531
0.261337280273438 -0.05169677734375 0.184280395507813 -0.074462890625
0.148361206054688 0.0803680419921875 0.46051025390625 0.00152587890625001
0.122062683105469 -0.0262832641601563 0.6053466796875 0.1336669921875
0.224197387695313 -0.173858642578125 0.3555908203125 0.126068115234375
-0.0423431396484375 -0.22320556640625 0.372528076171875 0.085662841796875
-0.127723693847656 -0.0310211181640625 -0.0309219360351563 0.0431480407714844
-0.0269775390625 0.121902465820313 -0.170608520507813 0.2481689453125
0.125747680664063 0.0695266723632813 -0.066070556640625 0.38092041015625
0.138938903808594 -0.0625381469726563 0.01019287109375 0.3970947265625
0.0519561767578125 -0.192901611328125 0.097625732421875 0.425201416015625
-0.0191802978515625 -0.166610717773438 0.164276123046875 0.4132080078125
-0.030487060546875 -0.14599609375 0.127166748046875 0.343597412109375
-0.0145263671875 -0.201614379882812 0.0733489990234375 0.280609130859375
0.084716796875 -0.184295654296875 0.0232086181640625 0.212799072265625
0.171554565429688 -0.0642547607421875 0.0297698974609375 0.07318115234375
0.122238159179688 0.0516586303710938 0.174545288085938 -0.0350494384765625
-0.0398788452148438 0.0683555603027344 0.500274658203125 0.050689697265625
-0.0658340454101563 -0.0976715087890625 0.65496826171875 0.2242431640625
0.0525360107421875 -0.2376708984375 0.41241455078125 0.156036376953125
0.156784057617188 0.235336303710938 -0.390777587890625 -0.095184326171875
0.256729125976563 0.142486572265625 -0.63653564453125 -0.24267578125
0.211090087890625 -0.0259246826171875 -0.46795654296875 0.0386962890625001
0.0661392211914063 -0.0940475463867188 -0.16986083984375 0.0529327392578125
-0.01177978515625 -0.0414085388183594 0.0237579345703125 -0.0856857299804688
-0.0138511657714844 0.0239543914794922 0.00410461425781248 -0.263107299804688
0.0197696685791016 0.0137119293212891 -0.108062744140625 -0.33953857421875
0.0297946929931641 -0.00937271118164063 -0.17718505859375 -0.35223388671875
0.0090484619140625 0.00803756713867187 -0.18743896484375 -0.406219482421875
-0.0178394317626953 -0.00794219970703125 -0.107666015625 -0.438873291015625
-0.0368309020996094 -0.0550346374511719 -0.05548095703125 -0.396087646484375
-0.01715087890625 -0.122177124023437 0.02783203125 -0.336456298828125
0.134918212890625 -0.145095825195313 0.119491577148438 -0.239151000976563
0.2518310546875 -0.01416015625 -0.0209999084472656 -0.0464096069335938
0.1942138671875 0.10186767578125 -0.415069580078125 -0.141815185546875
0.33148193359375 0.21185302734375 -0.322723388671875 -0.06719970703125
0.387969970703125 0.140899658203125 -0.60943603515625 -0.27618408203125
0.353546142578125 0.008087158203125 -0.5225830078125 0.0577087402343751
0.23321533203125 -0.126571655273438 -0.187957763671875 0.1041259765625
0.113235473632812 -0.141860961914062 0.033447265625 -0.0477256774902344
0.0363311767578125 -0.139907836914062 0.00502014160156253 -0.254898071289063
0.0015869140625 -0.144134521484375 -0.11114501953125 -0.327484130859375
0.00808715820312498 -0.155487060546875 -0.179840087890625 -0.327545166015625
-0.0152740478515625 -0.158279418945313 -0.187469482421875 -0.376678466796875
-0.00115966796875001 -0.175216674804688 -0.108856201171875 -0.420135498046875
0.0422210693359375 -0.1844482421875 -0.0498046875 -0.3780517578125
0.0869293212890625 -0.208236694335938 0.03851318359375 -0.324920654296875
0.238189697265625 -0.16278076171875 0.12890625 -0.214584350585938
0.373443603515625 -0.045745849609375 0.0139923095703125 -0.0575447082519531
0.3565673828125 0.057159423828125 -0.3499755859375 -0.117584228515625
0.471649169921875 0.13800048828125 -0.21343994140625 -0.0249481201171875
0.4739990234375 0.078399658203125 -0.550689697265625 -0.265777587890625
0.43707275390625 0.00421142578125 -0.55816650390625 0.104095458984375
0.359466552734375 -0.157989501953125 -0.211105346679687 0.184600830078125
0.223373413085937 -0.23065185546875 0.0267696380615235 0.0297756195068359
0.084136962890625 -0.2913818359375 0.0047149658203125 -0.189361572265625
-0.014739990234375 -0.28509521484375 -0.0946197509765625 -0.252822875976563
-0.014404296875 -0.278549194335937 -0.155960083007813 -0.252853393554688
-0.038909912109375 -0.2974853515625 -0.159088134765625 -0.30419921875
0.012481689453125 -0.319122314453125 -0.090423583984375 -0.35797119140625
0.115997314453125 -0.29815673828125 -0.03131103515625 -0.33660888671875
0.185989379882813 -0.279678344726563 0.063079833984375 -0.30584716796875
0.326751708984375 -0.16278076171875 0.1741943359375 -0.196441650390625
0.450714111328125 -0.062774658203125 0.101005554199219 -0.065673828125
0.462310791015625 0.00457763671875 -0.229171752929687 -0.0842437744140626
0.535400390625 0.027587890625 -0.0724639892578125 0.014617919921875
0.488067626953125 -0.020477294921875 -0.460418701171875 -0.21875
0.445068359375 -0.026214599609375 -0.5460205078125 0.1739501953125
0.413665771484375 -0.181549072265625 -0.2139892578125 0.278762817382813
0.286407470703125 -0.290618896484375 0.0176773071289063 0.1314697265625
0.112213134765625 -0.403594970703125 0.00939178466796876 -0.074005126953125
-0.031463623046875 -0.3868408203125 -0.0599136352539062 -0.132232666015625
-0.0347900390625 -0.359771728515625 -0.10919189453125 -0.141830444335938
-0.053680419921875 -0.3909912109375 -0.110397338867187 -0.196624755859375
0.031768798828125 -0.415557861328125 -0.0538787841796875 -0.260482788085938
0.1812744140625 -0.36749267578125 0.0030670166015625 -0.26715087890625
0.268890380859375 -0.311309814453125 0.0999908447265625 -0.272445678710937
0.383148193359375 -0.132904052734375 0.243453979492188 -0.176727294921875
0.469390869140625 -0.055999755859375 0.225555419921875 -0.0635986328125
0.49700927734375 -0.03936767578125 -0.0716171264648437 -0.04510498046875
0.501129150390625 -0.085479736328125 0.0801925659179688 0.0450668334960937
0.4049072265625 -0.104278564453125 -0.346282958984375 -0.14569091796875
0.3673095703125 -0.040283203125 -0.469451904296875 0.241455078125
0.392547607421875 -0.16754150390625 -0.176300048828125 0.354461669921875
0.298431396484375 -0.303253173828125 0.0186614990234375 0.233596801757813
0.115570068359375 -0.452911376953125 0.024566650390625 0.0680656433105468
-0.0426025390625 -0.425537109375 -0.00899124145507813 0.0195426940917968
-0.047607421875 -0.38555908203125 -0.0486679077148438 -0.00691604614257814
-0.056396484375 -0.42578125 -0.0514793395996094 -0.0678291320800781
0.055450439453125 -0.446624755859375 -0.0105819702148437 -0.136566162109375
0.232513427734375 -0.3714599609375 0.0393524169921875 -0.174606323242188
0.31951904296875 -0.2791748046875 0.140869140625 -0.215713500976563
0.3802490234375 -0.067535400390625 0.323516845703125 -0.13909912109375
0.415863037109375 -0.03228759765625 0.365936279296875 -0.038787841796875
0.458343505859375 -0.079559326171875 0.0928573608398438 0.003326416015625
0.368560791015625 -0.169097900390625 0.215988159179688 0.063140869140625
0.246017456054688 -0.126174926757813 -0.21929931640625 -0.0668792724609375
0.239578247070312 -0.00616455078125 -0.351776123046875 0.2769775390625
0.32373046875 -0.10791015625 -0.12005615234375 0.389892578125
0.266693115234375 -0.259368896484375 0.025543212890625 0.311492919921875
0.0976867675781251 -0.424041748046875 0.0497589111328125 0.208465576171875
-0.050323486328125 -0.394561767578125 0.05364990234375 0.172882080078125
-0.050994873046875 -0.3519287109375 0.0197830200195312 0.129348754882812
-0.047576904296875 -0.400390625 0.006103515625 0.063507080078125
0.07940673828125 -0.4095458984375 0.0236778259277344 -0.00530815124511721
0.256866455078125 -0.30755615234375 0.061370849609375 -0.0727767944335938
0.31732177734375 -0.184722900390625 0.168975830078125 -0.143112182617188
0.29754638671875 0.01434326171875 0.3935546875 -0.0814208984375
0.292755126953125 -0.014495849609375 0.49493408203125 0.01995849609375
0.354766845703125 -0.1259765625 0.238372802734375 0.058868408203125
0.17120361328125 -0.212646484375 0.31549072265625 0.069427490234375
0.0537185668945313 -0.0899887084960937 -0.105049133300781 -0.00179290771484377
0.104461669921875 0.0582427978515625 -0.236328125 0.27313232421875
0.232192993164063 -0.0244903564453125 -0.06982421875 0.386016845703125
0.20794677734375 -0.177078247070312 0.031341552734375 0.358978271484375
0.067291259765625 -0.331390380859375 0.0821533203125 0.324554443359375
-0.046875 -0.30108642578125 0.1204833984375 0.3021240234375
-0.0482025146484375 -0.266006469726563 0.0858306884765625 0.244857788085937
-0.035888671875 -0.318634033203125 0.053436279296875 0.179595947265625
0.0860595703125 -0.316497802734375 0.039398193359375 0.113471984863281
0.234130859375 -0.198837280273438 0.0576820373535156 0.0170783996582031
0.248886108398437 -0.0626983642578125 0.174667358398438 -0.0750274658203125
0.147720336914063 0.070892333984375 0.44439697265625 -0.01751708984375
0.11920166015625 -0.03179931640625 0.58697509765625 0.1011962890625
0.208206176757813 -0.179611206054688 0.345977783203125 0.1077880859375
-0.051971435546875 -0.213821411132813 0.360565185546875 0.064422607421875
-0.125175476074219 -0.0217437744140625 -0.0287704467773437 0.0405158996582031
-0.0190277099609375 0.119850158691406 -0.153778076171875 0.246078491210938
0.127059936523438 0.0595932006835938 -0.04620361328125 0.366180419921875
0.131362915039063 -0.0711593627929688 0.029998779296875 0.37896728515625
0.0382232666015625 -0.18951416015625 0.1138916015625 0.40118408203125
-0.0283966064453125 -0.161041259765625 0.180023193359375 0.38726806640625
-0.03564453125 -0.1400146484375 0.1409912109375 0.32275390625
-0.023681640625 -0.192474365234375 0.084381103515625 0.264907836914063
0.0713958740234375 -0.184341430664063 0.036529541015625 0.202774047851563
0.16278076171875 -0.07415771484375 0.0339584350585938 0.0727615356445313
0.120750427246094 0.0451812744140625 0.167007446289063 -0.037261962890625
-0.03411865234375 0.0684623718261719 0.48114013671875 0.026947021484375
-0.0663070678710938 -0.091522216796875 0.64093017578125 0.1868896484375
0.0390777587890625 -0.233001708984375 0.403106689453125 0.134429931640625
0.159027099609375 0.229385375976563 -0.375518798828125 -0.0876159667968749
0.253753662109375 0.132369995117188 -0.62359619140625 -0.2261962890625
0.20465087890625 -0.0311737060546875 -0.453399658203125 0.04473876953125
0.0606765747070312 -0.0931320190429687 -0.165863037109375 0.0547637939453125
-0.0140113830566406 -0.0392532348632813 0.0181808471679687 -0.0869293212890625
-0.0127239227294922 0.0254592895507813 -0.0074920654296875 -0.256591796875
0.0210475921630859 0.0128288269042969 -0.11572265625 -0.324920654296875
0.0296764373779297 -0.00992012023925781 -0.180816650390625 -0.336578369140625
0.0118446350097656 0.00855350494384766 -0.192169189453125 -0.38836669921875
-0.0169277191162109 -0.00597190856933594 -0.11431884765625 -0.424468994140625
-0.038421630859375 -0.0524787902832031 -0.062652587890625 -0.3809814453125
-0.0184097290039062 -0.119041442871094 0.020843505859375 -0.32568359375
0.12884521484375 -0.145782470703125 0.110214233398438 -0.233322143554688
0.24700927734375 -0.0207977294921875 -0.0170021057128906 -0.0421943664550781
0.19195556640625 0.0962677001953125 -0.40435791015625 -0.127166748046875
0.329681396484375 0.201934814453125 -0.3111572265625 -0.059234619140625
0.380767822265625 0.128204345703125 -0.5986328125 -0.25897216796875
0.345977783203125 0.000732421875 -0.50714111328125 0.0636596679687501
0.222991943359375 -0.1295166015625 -0.181930541992188 0.103439331054688
0.105377197265625 -0.141357421875 0.0299491882324219 -0.0503044128417969
0.0305557250976563 -0.134750366210938 -0.00659179687499998 -0.247695922851563
-0.00146484375 -0.140899658203125 -0.118621826171875 -0.311309814453125
0.00334167480468751 -0.151504516601563 -0.18359375 -0.311279296875
-0.018402099609375 -0.152420043945313 -0.19195556640625 -0.361480712890625
-0.00608825683593748 -0.169708251953125 -0.116729736328125 -0.405914306640625
0.035430908203125 -0.18255615234375 -0.0555419921875 -0.363922119140625
0.0802764892578125 -0.205154418945312 0.031585693359375 -0.313629150390625
0.229690551757812 -0.165878295898437 0.121307373046875 -0.211212158203125
0.365020751953125 -0.056549072265625 0.0160102844238281 -0.0531425476074219
0.349395751953125 0.048614501953125 -0.340606689453125 -0.103668212890625
0.463226318359375 0.126068115234375 -0.205322265625 -0.020416259765625
0.4635009765625 0.065185546875 -0.54241943359375 -0.252227783203125
0.428863525390625 -0.004913330078125 -0.5404052734375 0.111907958984375
0.343719482421875 -0.163909912109375 -0.20294189453125 0.1827392578125
0.208648681640625 -0.230575561523438 0.0247287750244141 0.0247364044189453
0.07293701171875 -0.284271240234375 -0.00650024414062499 -0.183059692382813
-0.0219879150390625 -0.27813720703125 -0.101715087890625 -0.242156982421875
-0.02191162109375 -0.269973754882813 -0.15887451171875 -0.240570068359375
-0.04583740234375 -0.28692626953125 -0.164459228515625 -0.29083251953125
0.00296020507812498 -0.311370849609375 -0.09515380859375 -0.347137451171875
0.10369873046875 -0.29534912109375 -0.036376953125 -0.323211669921875
0.17474365234375 -0.277114868164063 0.0557861328125 -0.296722412109375
0.317230224609375 -0.1671142578125 0.167236328125 -0.194259643554688
0.439453125 -0.074066162109375 0.099578857421875 -0.0627288818359375
0.450469970703125 -0.00244140625 -0.223175048828125 -0.07427978515625
0.523681640625 0.015228271484375 -0.0678634643554687 0.016845703125
0.472015380859375 -0.029998779296875 -0.454132080078125 -0.207733154296875
0.435791015625 -0.036163330078125 -0.525360107421875 0.181304931640625
0.398162841796875 -0.189117431640625 -0.202682495117187 0.273208618164063
0.270355224609375 -0.29278564453125 0.0193023681640625 0.124252319335937
0.09619140625 -0.394287109375 0.001708984375 -0.0715179443359375
-0.04095458984375 -0.376251220703125 -0.0654144287109375 -0.126327514648438
-0.043365478515625 -0.34552001953125 -0.11151123046875 -0.134254455566406
-0.0626220703125 -0.3768310546875 -0.11553955078125 -0.187637329101563
0.0169677734375 -0.403594970703125 -0.0572509765625 -0.252761840820313
0.166656494140625 -0.36431884765625 -0.00170898437499999 -0.2574462890625
0.253387451171875 -0.31103515625 0.0931854248046875 -0.264022827148438
0.373748779296875 -0.137481689453125 0.236587524414063 -0.176513671875
0.458709716796875 -0.066558837890625 0.22003173828125 -0.0643463134765625
0.481597900390625 -0.0484619140625 -0.0715484619140625 -0.039642333984375
0.48895263671875 -0.093841552734375 0.0793914794921875 0.0437393188476563
0.391357421875 -0.11065673828125 -0.342437744140625 -0.13873291015625
0.362579345703125 -0.04742431640625 -0.450531005859375 0.2452392578125
0.378387451171875 -0.1756591796875 -0.166046142578125 0.346160888671875
0.28179931640625 -0.303955078125 0.0219268798828125 0.223526000976562
0.0977783203125 -0.4425048828125 0.0211563110351563 0.0652961730957031
-0.05450439453125 -0.414337158203125 -0.0111160278320313 0.0188179016113281
-0.0562744140625 -0.372406005859375 -0.0498695373535156 -0.00642395019531252
-0.0660400390625 -0.410797119140625 -0.053985595703125 -0.0644950866699219
0.0396728515625 -0.43585205078125 -0.0112380981445312 -0.134544372558594
0.2161865234375 -0.36968994140625 0.035858154296875 -0.168045043945313
0.303497314453125 -0.279693603515625 0.133697509765625 -0.208633422851563
0.37091064453125 -0.07427978515625 0.314178466796875 -0.140533447265625
0.40826416015625 -0.0419921875 0.35723876953125 -0.0421142578125
0.44329833984375 -0.087890625 0.0889434814453125 0.0041351318359375
0.357818603515625 -0.17291259765625 0.212677001953125 0.0582733154296875
0.234909057617188 -0.129241943359375 -0.21661376953125 -0.0640106201171875
0.23797607421875 -0.010650634765625 -0.336883544921875 0.27783203125
0.314300537109375 -0.11572265625 -0.109832763671875 0.379638671875
0.252410888671875 -0.262252807617188 0.03143310546875 0.298187255859375
0.080596923828125 -0.416534423828125 0.0496826171875 0.201202392578125
-0.061370849609375 -0.385711669921875 0.053802490234375 0.165664672851562
-0.058441162109375 -0.3409423828125 0.0202407836914062 0.1236572265625
-0.059295654296875 -0.386749267578125 0.00540924072265624 0.0620689392089844
0.062255859375 -0.40008544921875 0.0268001556396484 -0.00834465026855471
0.241668701171875 -0.30859375 0.0599899291992188 -0.0696525573730469
0.304107666015625 -0.18719482421875 0.162643432617188 -0.138824462890625
0.29278564453125 0.008392333984375 0.38372802734375 -0.085418701171875
0.286529541015625 -0.023345947265625 0.480072021484375 0.011444091796875
0.341552734375 -0.130889892578125 0.23150634765625 0.0537872314453125
0.161727905273438 -0.211563110351563 0.308990478515625 0.061737060546875
0.0488815307617188 -0.0892257690429688 -0.103744506835938 -0.0020294189453125
0.105308532714844 0.055145263671875 -0.223556518554688 0.271072387695312
0.226226806640625 -0.0322418212890625 -0.060516357421875 0.374176025390625
0.1976318359375 -0.180938720703125 0.037689208984375 0.343536376953125
0.054595947265625 -0.325531005859375 0.084747314453125 0.31170654296875
-0.05633544921875 -0.293365478515625 0.123565673828125 0.2882080078125
-0.053497314453125 -0.25872802734375 0.0887908935546875 0.234161376953125
-0.045806884765625 -0.308319091796875 0.0547637939453125 0.17340087890625
0.072052001953125 -0.31072998046875 0.0452041625976563 0.107467651367187
0.222198486328125 -0.203262329101563 0.0587615966796875 0.0177154541015625
0.241592407226563 -0.066680908203125 0.169418334960938 -0.07220458984375
0.146163940429688 0.0654754638671875 0.43145751953125 -0.025848388671875
0.115707397460938 -0.0353546142578125 0.5731201171875 0.089599609375
0.198089599609375 -0.180465698242188 0.33746337890625 0.0997314453125
-0.0565185546875 -0.207489013671875 0.35418701171875 0.05560302734375
-0.123641967773437 -0.017578125 -0.0274391174316406 0.0362548828125
-0.014312744140625 0.118515014648438 -0.145034790039062 0.241683959960938
0.126518249511719 0.0522232055664063 -0.037261962890625 0.35302734375
0.126144409179688 -0.0756912231445313 0.03753662109375 0.364654541015625
0.02886962890625 -0.186141967773438 0.118682861328125 0.38555908203125
-0.03375244140625 -0.157791137695313 0.18414306640625 0.36767578125
-0.0371551513671875 -0.136672973632813 0.144989013671875 0.30755615234375
-0.0299530029296875 -0.186126708984375 0.0891876220703125 0.2550048828125
0.0620574951171875 -0.182357788085938 0.044586181640625 0.19464111328125
0.157684326171875 -0.0795440673828125 0.0376739501953125 0.0730972290039063
0.120063781738281 0.041168212890625 0.161712646484375 -0.03521728515625
-0.0325126647949219 0.0674934387207031 0.466064453125 0.016632080078125
-0.0663223266601563 -0.089263916015625 0.62628173828125 0.1724853515625
0.0343170166015625 -0.22869873046875 0.394134521484375 0.125213623046875
0.164306640625 0.2291259765625 -0.3709716796875 -0.085296630859375
0.256942749023438 0.12762451171875 -0.6229248046875 -0.21990966796875
0.202896118164063 -0.0349884033203125 -0.45098876953125 0.05084228515625
0.057769775390625 -0.0937652587890625 -0.165069580078125 0.05615234375
-0.0155754089355469 -0.0382728576660156 0.0140228271484375 -0.0896987915039063
-0.0124397277832031 0.0273342132568359 -0.0167694091796875 -0.25579833984375
0.0219898223876953 0.0125217437744141 -0.123748779296875 -0.318511962890625
0.0300769805908203 -0.0106582641601563 -0.1849365234375 -0.328643798828125
0.0140514373779297 0.00947761535644531 -0.200469970703125 -0.382354736328125
-0.0160446166992188 -0.00435066223144531 -0.12176513671875 -0.421600341796875
-0.0413818359375 -0.0524215698242188 -0.0662841796875 -0.3770751953125
-0.0203399658203125 -0.118721008300781 0.0159912109375 -0.325164794921875
0.126922607421875 -0.14898681640625 0.105850219726563 -0.233352661132813
0.247222900390625 -0.0261383056640625 -0.0132675170898437 -0.0399246215820313
0.194549560546875 0.09613037109375 -0.401885986328125 -0.120025634765625
0.333709716796875 0.19842529296875 -0.307281494140625 -0.0567016601562501
0.38238525390625 0.121368408203125 -0.60247802734375 -0.2542724609375
0.34661865234375 -0.006561279296875 -0.502777099609375 0.0697326660156249
0.218612670898437 -0.133407592773437 -0.181594848632813 0.106521606445313
0.101470947265625 -0.14227294921875 0.0262184143066406 -0.0536155700683594
0.0271530151367187 -0.132858276367188 -0.0161895751953125 -0.24676513671875
-0.00444030761718751 -0.140296936035156 -0.126708984375 -0.305450439453125
0.000244140624999992 -0.150360107421875 -0.188140869140625 -0.30462646484375
-0.019927978515625 -0.1505126953125 -0.20013427734375 -0.354278564453125
-0.00987243652343751 -0.168212890625 -0.121612548828125 -0.403656005859375
0.0290069580078125 -0.18377685546875 -0.05999755859375 -0.36126708984375
0.0763092041015625 -0.206497192382812 0.02716064453125 -0.31201171875
0.229095458984375 -0.170608520507812 0.119598388671875 -0.2108154296875
0.365478515625 -0.062835693359375 0.0194168090820313 -0.0511817932128906
0.35003662109375 0.04571533203125 -0.3399658203125 -0.0971374511718751
0.46673583984375 0.118255615234375 -0.20159912109375 -0.017608642578125
0.4609375 0.058319091796875 -0.547393798828125 -0.24810791015625
0.432159423828125 -0.012603759765625 -0.535736083984375 0.118682861328125
0.339599609375 -0.171234130859375 -0.201904296875 0.184463500976563
0.202911376953125 -0.23443603515625 0.0233840942382813 0.0220603942871094
0.06536865234375 -0.28314208984375 -0.014007568359375 -0.182571411132813
-0.0278778076171875 -0.275741577148438 -0.107925415039062 -0.238861083984375
-0.028106689453125 -0.266815185546875 -0.164993286132812 -0.235748291015625
-0.050628662109375 -0.28387451171875 -0.17095947265625 -0.285400390625
-0.00494384765624998 -0.30859375 -0.100555419921875 -0.346282958984375
0.096435546875 -0.297698974609375 -0.0399169921875 -0.32049560546875
0.16943359375 -0.281707763671875 0.051666259765625 -0.294677734375
0.3173828125 -0.173431396484375 0.166824340820313 -0.19561767578125
0.43902587890625 -0.08221435546875 0.102394104003906 -0.0612335205078125
0.44976806640625 -0.0076904296875 -0.223159790039062 -0.0687255859375
0.524505615234375 0.0084228515625 -0.0661392211914062 0.0185737609863281
0.469390869140625 -0.03839111328125 -0.45831298828125 -0.2034912109375
0.439605712890625 -0.044158935546875 -0.521392822265625 0.18695068359375
0.39251708984375 -0.19744873046875 -0.201904296875 0.27532958984375
0.26519775390625 -0.297637939453125 0.0195693969726563 0.121406555175781
0.086700439453125 -0.39306640625 -0.00444030761718749 -0.0707473754882813
-0.050445556640625 -0.374420166015625 -0.0703506469726562 -0.123565673828125
-0.050567626953125 -0.343902587890625 -0.115959167480469 -0.131256103515625
-0.070159912109375 -0.372772216796875 -0.11962890625 -0.182937622070313
0.00628662109375 -0.402099609375 -0.0615692138671875 -0.253173828125
0.15692138671875 -0.369232177734375 -0.00358581542968751 -0.254928588867188
0.2467041015625 -0.3154296875 0.089813232421875 -0.262313842773438
0.373291015625 -0.146270751953125 0.235733032226563 -0.178192138671875
0.459381103515625 -0.0755615234375 0.222122192382813 -0.0653839111328125
0.4814453125 -0.053558349609375 -0.071624755859375 -0.0353012084960937
0.487335205078125 -0.103057861328125 0.0821075439453125 0.0433120727539062
0.38787841796875 -0.116363525390625 -0.344940185546875 -0.137451171875
0.3651123046875 -0.053131103515625 -0.44598388671875 0.250732421875
0.374481201171875 -0.183990478515625 -0.162994384765625 0.34600830078125
0.276092529296875 -0.311309814453125 0.0242462158203125 0.219207763671875
0.084716796875 -0.443695068359375 0.016815185546875 0.0649833679199218
-0.066162109375 -0.41259765625 -0.0134143829345703 0.018524169921875
-0.064178466796875 -0.3695068359375 -0.0518302917480469 -0.0053215026855469
-0.076629638671875 -0.406097412109375 -0.0567054748535156 -0.0624237060546875
0.027984619140625 -0.4334716796875 -0.0120697021484375 -0.136367797851563
0.207733154296875 -0.376129150390625 0.0357208251953125 -0.166336059570313
0.297821044921875 -0.286376953125 0.131988525390625 -0.2066650390625
0.37158203125 -0.081024169921875 0.313323974609375 -0.144775390625
0.40814208984375 -0.051666259765625 0.356964111328125 -0.04547119140625
0.44134521484375 -0.0936279296875 0.0883255004882813 0.00601959228515624
0.354736328125 -0.17974853515625 0.214950561523438 0.0568389892578125
0.230880737304688 -0.132827758789063 -0.220046997070312 -0.064117431640625
0.241470336914063 -0.0139617919921875 -0.331451416015625 0.281463623046875
0.311187744140625 -0.124267578125 -0.106353759765625 0.377777099609375
0.2469482421875 -0.270309448242188 0.034515380859375 0.293792724609375
0.069305419921875 -0.417266845703125 0.0488128662109375 0.199310302734375
-0.07330322265625 -0.3839111328125 0.055023193359375 0.162338256835937
-0.066864013671875 -0.339263916015625 0.0202255249023438 0.121528625488281
-0.067535400390625 -0.382537841796875 0.00457000732421874 0.0627708435058594
0.05078125 -0.401153564453125 0.0281200408935547 -0.0115680694580078
0.2318115234375 -0.316253662109375 0.0615348815917969 -0.06854248046875
0.300628662109375 -0.193634033203125 0.1622314453125 -0.13641357421875
0.29327392578125 0.003875732421875 0.382171630859375 -0.089813232421875
0.286285400390625 -0.029205322265625 0.480712890625 0.0089111328125
0.33917236328125 -0.135101318359375 0.230865478515625 0.054901123046875
0.15789794921875 -0.2147216796875 0.311187744140625 0.059417724609375
0.0463180541992188 -0.0896453857421875 -0.105506896972656 -0.00432586669921878
0.109222412109375 0.0543212890625 -0.21978759765625 0.273605346679688
0.225875854492187 -0.0386810302734375 -0.05706787109375 0.370574951171875
0.193359375 -0.187652587890625 0.040863037109375 0.338897705078125
0.043853759765625 -0.325592041015625 0.086883544921875 0.308563232421875
-0.065673828125 -0.293121337890625 0.127197265625 0.28277587890625
-0.0594482421875 -0.257736206054688 0.091827392578125 0.229812622070312
-0.052978515625 -0.305877685546875 0.0570220947265625 0.172042846679687
0.06231689453125 -0.31256103515625 0.0496139526367188 0.103256225585937
0.216964721679688 -0.21026611328125 0.0609817504882813 0.0185089111328125
0.239578247070313 -0.0711669921875 0.16839599609375 -0.0701446533203125
0.14752197265625 0.0637054443359375 0.429107666015625 -0.030487060546875
0.1153564453125 -0.0397491455078125 0.5726318359375 0.0833740234375
0.19512939453125 -0.18414306640625 0.336181640625 0.09881591796875
-0.061370849609375 -0.206146240234375 0.3548583984375 0.051727294921875
-0.124771118164062 -0.014129638671875 -0.0285873413085938 0.0343151092529297
-0.0112838745117188 0.121086120605469 -0.1412353515625 0.24237060546875
0.127639770507813 0.0485000610351562 -0.034515380859375 0.349884033203125
0.123954772949219 -0.0802230834960938 0.04095458984375 0.359954833984375
0.0225372314453125 -0.185562133789063 0.122467041015625 0.379669189453125
-0.0402984619140625 -0.158782958984375 0.189300537109375 0.359832763671875
-0.0401687622070313 -0.137313842773438 0.149810791015625 0.30059814453125
-0.0350799560546875 -0.183837890625 0.0941009521484375 0.25189208984375
0.0550537109375 -0.18414306640625 0.0516815185546875 0.190582275390625
0.15582275390625 -0.0856475830078125 0.0410690307617187 0.074981689453125
0.120903015136719 0.0391616821289063 0.161056518554688 -0.033660888671875
-0.0325660705566406 0.06884765625 0.4644775390625 0.010986328125
-0.0680999755859375 -0.0900955200195312 0.6246337890625 0.16302490234375
0.0321502685546875 -0.230758666992188 0.39263916015625 0.122589111328125
0.175582885742187 0.229705810546875 -0.37481689453125 -0.0801696777343749
0.266571044921875 0.120315551757812 -0.64044189453125 -0.209228515625
0.206130981445312 -0.042816162109375 -0.45703125 0.062652587890625
0.0543746948242187 -0.096710205078125 -0.165969848632812 0.0622711181640625
-0.0179405212402344 -0.0369377136230469 0.00941467285156251 -0.0941085815429688
-0.0116310119628906 0.0308437347412109 -0.0309600830078125 -0.259567260742188
0.0234050750732422 0.0124664306640625 -0.13775634765625 -0.317840576171875
0.03021240234375 -0.0116100311279297 -0.20025634765625 -0.324493408203125
0.0171852111816406 0.00940704345703125 -0.216949462890625 -0.379608154296875
-0.0157861709594727 -0.00258731842041015 -0.137725830078125 -0.42413330078125
-0.0459480285644531 -0.05145263671875 -0.07867431640625 -0.380706787109375
-0.0248565673828125 -0.120498657226562 0.00708007812499997 -0.32989501953125
0.124465942382813 -0.15771484375 0.09979248046875 -0.238723754882813
0.253021240234375 -0.0356597900390625 -0.00953674316406248 -0.0387763977050781
0.202896118164063 0.0947723388671875 -0.410980224609375 -0.10821533203125
0.34783935546875 0.19281005859375 -0.309722900390625 -0.05169677734375
0.3927001953125 0.11090087890625 -0.61846923828125 -0.24395751953125
0.354217529296875 -0.018218994140625 -0.50909423828125 0.084503173828125
0.217025756835938 -0.143768310546875 -0.180801391601563 0.113128662109375
0.095703125 -0.14727783203125 0.0230865478515625 -0.0582199096679688
0.0227737426757812 -0.133209228515625 -0.0292816162109375 -0.248825073242188
-0.009979248046875 -0.141159057617188 -0.14080810546875 -0.30340576171875
-0.00502014160156251 -0.151596069335938 -0.203826904296875 -0.30029296875
-0.0244293212890625 -0.150741577148438 -0.216827392578125 -0.35101318359375
-0.01654052734375 -0.168960571289063 -0.139801025390625 -0.407440185546875
0.021636962890625 -0.188385009765625 -0.071990966796875 -0.3629150390625
0.0706634521484375 -0.2138671875 0.018463134765625 -0.31719970703125
0.22894287109375 -0.183059692382813 0.115280151367188 -0.217361450195313
0.371734619140625 -0.077728271484375 0.0232315063476563 -0.05126953125
0.359222412109375 0.0384521484375 -0.3470458984375 -0.084716796875
0.480224609375 0.1064453125 -0.203018188476562 -0.0132598876953125
0.471588134765625 0.04351806640625 -0.5640869140625 -0.23919677734375
0.4432373046875 -0.02777099609375 -0.541778564453125 0.135772705078125
0.34033203125 -0.186279296875 -0.200027465820312 0.193695068359375
0.197235107421875 -0.245895385742188 0.0225753784179688 0.0183696746826172
0.055267333984375 -0.286773681640625 -0.0251922607421875 -0.183425903320313
-0.0400848388671875 -0.278823852539063 -0.12115478515625 -0.236328125
-0.03912353515625 -0.268997192382813 -0.178207397460938 -0.231964111328125
-0.062042236328125 -0.284942626953125 -0.185867309570312 -0.280853271484375
-0.0185546875 -0.312255859375 -0.115692138671875 -0.349853515625
0.0841064453125 -0.30841064453125 -0.048980712890625 -0.323150634765625
0.161651611328125 -0.293365478515625 0.0443115234375 -0.298828125
0.318756103515625 -0.189361572265625 0.164398193359375 -0.20367431640625
0.44635009765625 -0.101165771484375 0.1063232421875 -0.0634078979492187
0.458038330078125 -0.018218994140625 -0.228195190429688 -0.0590972900390625
0.53704833984375 -0.0096435546875 -0.0630378723144531 0.02099609375
0.476287841796875 -0.0545654296875 -0.473968505859375 -0.197265625
0.451019287109375 -0.0589599609375 -0.523529052734375 0.205047607421875
0.39300537109375 -0.215423583984375 -0.19775390625 0.285888671875
0.256378173828125 -0.31280517578125 0.021881103515625 0.11993408203125
0.0712890625 -0.40130615234375 -0.0109100341796875 -0.0709991455078125
-0.067138671875 -0.377716064453125 -0.0782394409179687 -0.122833251953125
-0.0660400390625 -0.34722900390625 -0.126274108886719 -0.128623962402344
-0.085601806640625 -0.374969482421875 -0.129608154296875 -0.179336547851563
-0.011688232421875 -0.409149169921875 -0.071441650390625 -0.257568359375
0.143096923828125 -0.3834228515625 -0.010345458984375 -0.257675170898438
0.23931884765625 -0.331787109375 0.0849609375 -0.2664794921875
0.377166748046875 -0.163787841796875 0.236373901367188 -0.188323974609375
0.466278076171875 -0.094390869140625 0.227890014648438 -0.0696868896484375
0.48834228515625 -0.067230224609375 -0.0731887817382812 -0.030120849609375
0.49407958984375 -0.1217041015625 0.0870895385742188 0.0432815551757812
0.38946533203125 -0.130706787109375 -0.35797119140625 -0.131439208984375
0.375762939453125 -0.067962646484375 -0.445648193359375 0.267608642578125
0.3751220703125 -0.20257568359375 -0.1580810546875 0.357086181640625
0.268157958984375 -0.32940673828125 0.0298614501953125 0.2193603515625
0.0692138671875 -0.451934814453125 0.0150794982910156 0.0665473937988281
-0.086517333984375 -0.417205810546875 -0.0169353485107422 0.0187149047851562
-0.07989501953125 -0.372955322265625 -0.0566635131835938 -0.00345230102539064
-0.093231201171875 -0.40850830078125 -0.0612945556640625 -0.0590629577636719
0.00863647460937503 -0.441162109375 -0.017547607421875 -0.141571044921875
0.1927490234375 -0.392303466796875 0.03265380859375 -0.168624877929688
0.29205322265625 -0.301788330078125 0.12945556640625 -0.211837768554688
0.37744140625 -0.09600830078125 0.31646728515625 -0.1566162109375
0.41436767578125 -0.06756591796875 0.365325927734375 -0.053253173828125
0.446258544921875 -0.107513427734375 0.0904388427734375 0.00700378417968749
0.356719970703125 -0.195648193359375 0.222198486328125 0.052886962890625
0.229537963867188 -0.142181396484375 -0.22833251953125 -0.061248779296875
0.249649047851563 -0.02349853515625 -0.327362060546875 0.29522705078125
0.311798095703125 -0.13946533203125 -0.098846435546875 0.385528564453125
0.241241455078125 -0.286346435546875 0.041656494140625 0.295074462890625
0.053314208984375 -0.42578125 0.052215576171875 0.2010498046875
-0.09271240234375 -0.3868408203125 0.05780029296875 0.161834716796875
-0.081146240234375 -0.3431396484375 0.021759033203125 0.12213134765625
-0.0839233398437501 -0.3856201171875 0.00620269775390624 0.0642166137695312
0.033905029296875 -0.408538818359375 0.0291652679443359 -0.016225814819336
0.223114013671875 -0.33221435546875 0.0616722106933594 -0.0697021484375
0.298828125 -0.20782470703125 0.162689208984375 -0.139846801757813
0.30029296875 -0.00665283203125 0.3873291015625 -0.10198974609375
0.290618896484375 -0.041290283203125 0.492034912109375 -0.003662109375
0.341064453125 -0.1488037109375 0.235336303710938 0.0531463623046875
0.153701782226563 -0.224319458007813 0.3194580078125 0.051971435546875
0.0434494018554688 -0.0906906127929688 -0.1094970703125 -0.00370788574218751
0.116554260253906 0.052276611328125 -0.214569091796875 0.28448486328125
0.228729248046875 -0.0496063232421875 -0.04998779296875 0.37713623046875
0.189773559570313 -0.201019287109375 0.0496826171875 0.3399658203125
0.029998779296875 -0.332427978515625 0.09527587890625 0.3109130859375
-0.081787109375 -0.29669189453125 0.13592529296875 0.279998779296875
-0.070526123046875 -0.260726928710938 0.098388671875 0.22857666015625
-0.066680908203125 -0.308380126953125 0.063507080078125 0.172714233398437
0.049072265625 -0.320220947265625 0.0559005737304687 0.0997314453125
0.211502075195313 -0.224777221679688 0.0647926330566407 0.0192375183105469
0.24114990234375 -0.0811920166015625 0.171051025390625 -0.0725860595703125
0.15216064453125 0.060760498046875 0.43475341796875 -0.043182373046875
0.115982055664063 -0.0460968017578125 0.58587646484375 0.0706787109375
0.19287109375 -0.195098876953125 0.3446044921875 0.09429931640625
-0.070037841796875 -0.207473754882813 0.364013671875 0.042510986328125
-0.127281188964844 -0.00825500488281252 -0.0290279388427735 0.0327548980712891
-0.00516510009765624 0.124519348144531 -0.137069702148438 0.250900268554688
0.131477355957031 0.04290771484375 -0.027435302734375 0.355255126953125
0.12310791015625 -0.0889511108398437 0.0506591796875 0.361480712890625
0.0135345458984375 -0.1895751953125 0.135040283203125 0.380859375
-0.049835205078125 -0.160659790039063 0.202850341796875 0.35577392578125
-0.046051025390625 -0.139945983886719 0.162628173828125 0.29815673828125
-0.043670654296875 -0.185943603515625 0.105453491210937 0.25250244140625
0.047698974609375 -0.190505981445312 0.0615081787109375 0.189697265625
0.1544189453125 -0.0955963134765625 0.0457305908203125 0.077392578125
0.125717163085938 0.03546142578125 0.164047241210938 -0.0351409912109375
-0.0324172973632813 0.0715255737304688 0.469573974609375 -0.001739501953125
-0.0726394653320313 -0.0921096801757812 0.6416015625 0.1495361328125
0.02569580078125 -0.239044189453125 0.4031982421875 0.117401123046875
0.193099975585938 0.225982666015625 -0.381988525390625 -0.0654602050781249
0.278717041015625 0.105484008789063 -0.66265869140625 -0.17724609375
0.20635986328125 -0.0575408935546875 -0.45928955078125 0.08868408203125
0.0481796264648438 -0.10101318359375 -0.164413452148438 0.072174072265625
-0.0220527648925781 -0.0352821350097656 0.000663757324218739 -0.0985641479492188
-0.00971412658691406 0.0350723266601562 -0.05322265625 -0.259994506835938
0.02484130859375 0.0128498077392578 -0.16064453125 -0.3101806640625
0.0307407379150391 -0.0129280090332031 -0.2220458984375 -0.31341552734375
0.0203056335449219 0.00861930847167969 -0.244842529296875 -0.369232177734375
-0.0156850814819336 -0.000510215759277343 -0.168670654296875 -0.421173095703125
-0.0522193908691406 -0.0476837158203125 -0.101226806640625 -0.37957763671875
-0.0333328247070312 -0.121360778808594 -0.01361083984375 -0.334259033203125
0.11651611328125 -0.169464111328125 0.0859527587890625 -0.246246337890625
0.25640869140625 -0.052642822265625 -0.00703048706054686 -0.0381050109863281
0.214706420898438 0.087005615234375 -0.420867919921875 -0.08441162109375
0.364776611328125 0.17572021484375 -0.314300537109375 -0.03851318359375
0.405364990234375 0.08966064453125 -0.64422607421875 -0.21575927734375
0.36151123046875 -0.041290283203125 -0.510223388671875 0.11395263671875
0.210052490234375 -0.159896850585938 -0.177474975585938 0.124954223632812
0.086578369140625 -0.155197143554688 0.0172843933105469 -0.0625152587890625
0.01416015625 -0.133270263671875 -0.0503082275390625 -0.249465942382813
-0.0191192626953125 -0.139938354492188 -0.16387939453125 -0.29669189453125
-0.0148468017578125 -0.151840209960938 -0.2261962890625 -0.29010009765625
-0.03338623046875 -0.15087890625 -0.242706298828125 -0.33953857421875
-0.0285797119140625 -0.16949462890625 -0.1690673828125 -0.4061279296875
0.0064849853515625 -0.192474365234375 -0.093597412109375 -0.3634033203125
0.0580596923828125 -0.222320556640625 -0.000457763671874971 -0.321319580078125
0.221847534179688 -0.201934814453125 0.104660034179688 -0.226058959960938
0.3758544921875 -0.104400634765625 0.0253143310546875 -0.0516738891601563
0.3699951171875 0.0203857421875 -0.355010986328125 -0.0638427734375
0.49554443359375 0.07989501953125 -0.20269775390625 -0.00479125976562503
0.481719970703125 0.017242431640625 -0.58935546875 -0.2132568359375
0.45123291015625 -0.056854248046875 -0.541290283203125 0.167236328125
0.332977294921875 -0.21173095703125 -0.193191528320313 0.208480834960938
0.181991577148438 -0.261627197265625 0.0220870971679688 0.0153541564941406
0.037506103515625 -0.291778564453125 -0.040496826171875 -0.1827392578125
-0.0598602294921875 -0.277114868164063 -0.140151977539063 -0.229965209960938
-0.0567626953125 -0.268218994140625 -0.19708251953125 -0.220977783203125
-0.081756591796875 -0.28411865234375 -0.207199096679688 -0.271240234375
-0.0404052734375 -0.31414794921875 -0.140838623046875 -0.348602294921875
0.063323974609375 -0.319091796875 -0.06781005859375 -0.32421875
0.146026611328125 -0.308837890625 0.02838134765625 -0.304168701171875
0.314117431640625 -0.21295166015625 0.156219482421875 -0.216064453125
0.449188232421875 -0.131195068359375 0.109970092773438 -0.0682449340820313
0.46600341796875 -0.044677734375 -0.232864379882813 -0.0442962646484375
0.545806884765625 -0.041900634765625 -0.0597457885742187 0.0242881774902344
0.479949951171875 -0.08489990234375 -0.496124267578125 -0.176513671875
0.458282470703125 -0.090087890625 -0.520477294921875 0.237548828125
0.384979248046875 -0.24462890625 -0.18536376953125 0.301025390625
0.23974609375 -0.33404541015625 0.027923583984375 0.119049072265625
0.0469970703125 -0.409027099609375 -0.0188713073730469 -0.0694236755371094
-0.09527587890625 -0.3759765625 -0.0906219482421875 -0.119247436523438
-0.088714599609375 -0.345306396484375 -0.139183044433594 -0.120193481445313
-0.111846923828125 -0.37371826171875 -0.143768310546875 -0.1724853515625
-0.040069580078125 -0.4117431640625 -0.090667724609375 -0.25811767578125
0.118988037109375 -0.399139404296875 -0.02484130859375 -0.259506225585938
0.2236328125 -0.352325439453125 0.0721893310546875 -0.274093627929687
0.374603271484375 -0.188934326171875 0.230209350585938 -0.205184936523438
0.46905517578125 -0.125701904296875 0.23236083984375 -0.08258056640625
0.491668701171875 -0.09686279296875 -0.0743255615234375 -0.0231399536132813
0.496978759765625 -0.154541015625 0.0941619873046875 0.039764404296875
0.3868408203125 -0.156341552734375 -0.37432861328125 -0.11602783203125
0.382171630859375 -0.09368896484375 -0.436676025390625 0.297760009765625
0.368927001953125 -0.23101806640625 -0.14129638671875 0.37225341796875
0.249847412109375 -0.351287841796875 0.0417327880859375 0.218887329101562
0.039642333984375 -0.46185302734375 0.0158119201660156 0.0682373046875
-0.117340087890625 -0.41546630859375 -0.0195064544677734 0.0206737518310547
-0.10675048828125 -0.372161865234375 -0.0613327026367188 0.00134277343749998
-0.1219482421875 -0.407318115234375 -0.0669746398925781 -0.0543670654296875
-0.023681640625 -0.447235107421875 -0.0281982421875 -0.14495849609375
0.169586181640625 -0.4122314453125 0.0248870849609375 -0.171295166015625
0.278472900390625 -0.32611083984375 0.121566772460938 -0.219131469726563
0.379119873046875 -0.12017822265625 0.31536865234375 -0.17669677734375
0.417816162109375 -0.09429931640625 0.372222900390625 -0.07269287109375
0.446533203125 -0.136138916015625 0.0931320190429688 0.00672912597656249
0.351287841796875 -0.222564697265625 0.232025146484375 0.04217529296875
0.2237548828125 -0.158203125 -0.2379150390625 -0.05133056640625
0.257720947265625 -0.0404815673828125 -0.31591796875 0.31829833984375
0.308746337890625 -0.16229248046875 -0.080596923828125 0.39892578125
0.225677490234375 -0.307464599609375 0.057708740234375 0.29437255859375
0.02508544921875 -0.434967041015625 0.061920166015625 0.201644897460937
-0.1226806640625 -0.386627197265625 0.0648345947265625 0.16021728515625
-0.105377197265625 -0.341400146484375 0.0262527465820312 0.12359619140625
-0.11163330078125 -0.38397216796875 0.0107345581054687 0.0659446716308593
0.00283813476562498 -0.41546630859375 0.027679443359375 -0.0213699340820313
0.202667236328125 -0.353851318359375 0.0609359741210938 -0.0727767944335938
0.2908935546875 -0.22967529296875 0.15960693359375 -0.147964477539063
0.305328369140625 -0.023895263671875 0.388519287109375 -0.126068115234375
0.292938232421875 -0.060211181640625 0.501739501953125 -0.029632568359375
0.337554931640625 -0.1722412109375 0.2431640625 0.044891357421875
0.142623901367187 -0.239425659179688 0.330413818359375 0.034759521484375
0.0382766723632813 -0.0942230224609375 -0.113533020019531 0.000228881835937491
0.12603759765625 0.0458984375 -0.20159912109375 0.300201416015625
0.229354858398438 -0.066070556640625 -0.029937744140625 0.38580322265625
0.179046630859375 -0.218231201171875 0.069122314453125 0.340301513671875
0.00698852539062503 -0.3385009765625 0.1121826171875 0.309967041015625
-0.1055908203125 -0.294708251953125 0.15240478515625 0.274459838867188
-0.0893096923828125 -0.260360717773438 0.110610961914062 0.224609375
-0.089080810546875 -0.307281494140625 0.0768585205078125 0.172088623046875
0.02593994140625 -0.327880859375 0.0629501342773438 0.0946044921875
0.198104858398438 -0.243179321289063 0.0693550109863281 0.0180168151855469
0.240234375 -0.09783935546875 0.17205810546875 -0.07977294921875
0.158035278320313 0.052825927734375 0.43878173828125 -0.068511962890625
0.11370849609375 -0.05487060546875 0.6016845703125 0.04034423828125
0.183853149414063 -0.21234130859375 0.353668212890625 0.0821533203125
-0.0854034423828125 -0.207748413085938 0.373504638671875 0.022552490234375
-0.129005432128906 0.0008697509765625 -0.0292205810546875 0.0326881408691406
0.00515747070312501 0.128021240234375 -0.12518310546875 0.262069702148438
0.137115478515625 0.0343780517578125 -0.00790405273437497 0.36151123046875
0.118141174316406 -0.100044250488281 0.070465087890625 0.362396240234375
-0.000900268554687502 -0.192855834960938 0.15692138671875 0.37738037109375
-0.06451416015625 -0.158981323242188 0.224945068359375 0.345611572265625
-0.0571746826171875 -0.140823364257813 0.180206298828125 0.29071044921875
-0.0576629638671875 -0.185943603515625 0.123580932617188 0.249099731445312
0.033447265625 -0.196807861328125 0.076324462890625 0.184661865234375
0.150253295898438 -0.109832763671875 0.0535125732421875 0.0781326293945313
0.130264282226563 0.0283203125 0.165267944335938 -0.0416259765625
-0.0299072265625 0.0767059326171875 0.47491455078125 -0.028076171875
-0.0817642211914063 -0.0905075073242188 0.66131591796875 0.118408203125
0.01165771484375 -0.248092651367188 0.4150390625 0.100189208984375
0.209304809570313 0.211715698242188 -0.379669189453125 -0.041351318359375
0.284088134765625 0.08294677734375 -0.66796875 -0.130126953125
0.199935913085938 -0.073455810546875 -0.446380615234375 0.1201171875
0.0389175415039063 -0.103157043457031 -0.157318115234375 0.083038330078125
-0.0264663696289063 -0.0320835113525391 -0.0108642578125 -0.0995025634765625
-0.00537872314453125 0.0387115478515625 -0.077423095703125 -0.251556396484375
0.0266551971435547 0.0126800537109375 -0.184051513671875 -0.292236328125
0.0289840698242188 -0.0141620635986328 -0.243072509765625 -0.288360595703125
0.0226173400878906 0.00635528564453125 -0.2711181640625 -0.34210205078125
-0.0153656005859375 0.00241661071777344 -0.20220947265625 -0.40228271484375
-0.0576286315917969 -0.0416793823242188 -0.129852294921875 -0.366943359375
-0.0430755615234375 -0.118278503417969 -0.03936767578125 -0.328216552734375
0.10137939453125 -0.178192138671875 0.06646728515625 -0.247650146484375
0.251419067382812 -0.072967529296875 -0.00452041625976561 -0.0367774963378906
0.22265625 0.07171630859375 -0.42041015625 -0.05169677734375
0.375579833984375 0.14849853515625 -0.309844970703125 -0.020294189453125
0.40777587890625 0.056915283203125 -0.6541748046875 -0.16864013671875
0.35601806640625 -0.07110595703125 -0.49639892578125 0.148345947265625
0.194259643554688 -0.174072265625 -0.166152954101563 0.137069702148437
0.0718231201171875 -0.158782958984375 0.0101966857910156 -0.0655441284179688
0.0034942626953125 -0.128593444824219 -0.07373046875 -0.2406005859375
-0.029754638671875 -0.133888244628906 -0.186309814453125 -0.277816772460938
-0.027191162109375 -0.147140502929688 -0.246185302734375 -0.265060424804687
-0.0440826416015625 -0.1461181640625 -0.266693115234375 -0.314300537109375
-0.0423583984375 -0.162673950195313 -0.201690673828125 -0.3856201171875
-0.01153564453125 -0.189239501953125 -0.1182861328125 -0.35205078125
0.0387725830078125 -0.225738525390625 -0.025054931640625 -0.316192626953125
0.203811645507813 -0.218414306640625 0.0866241455078125 -0.228866577148438
0.36480712890625 -0.133056640625 0.0264892578125 -0.0528678894042969
0.3702392578125 -0.007965087890625 -0.354034423828125 -0.0342712402343749
0.4970703125 0.041168212890625 -0.197433471679687 0.00740051269531249
0.475921630859375 -0.020477294921875 -0.598876953125 -0.16937255859375
0.445098876953125 -0.093292236328125 -0.5235595703125 0.20526123046875
0.31097412109375 -0.2354736328125 -0.17681884765625 0.221511840820312
0.1583251953125 -0.27197265625 0.0209770202636719 0.0110664367675781
0.01324462890625 -0.287811279296875 -0.0583648681640625 -0.175567626953125
-0.082061767578125 -0.266738891601563 -0.158950805664062 -0.213897705078125
-0.0779266357421875 -0.258697509765625 -0.21380615234375 -0.199264526367188
-0.103515625 -0.273361206054688 -0.2266845703125 -0.248611450195313
-0.067596435546875 -0.305816650390625 -0.170623779296875 -0.33380126953125
0.033599853515625 -0.319915771484375 -0.091339111328125 -0.3145751953125
0.1190185546875 -0.31805419921875 0.00558471679687502 -0.301666259765625
0.294586181640625 -0.2362060546875 0.139678955078125 -0.22418212890625
0.438262939453125 -0.166290283203125 0.108924865722656 -0.0756683349609375
0.459716796875 -0.078643798828125 -0.231338500976562 -0.023040771484375
0.53656005859375 -0.084442138671875 -0.0531997680664062 0.0264930725097656
0.468780517578125 -0.120330810546875 -0.505828857421875 -0.13916015625
0.449432373046875 -0.126312255859375 -0.49725341796875 0.2725830078125
0.361724853515625 -0.27294921875 -0.16162109375 0.3131103515625
0.2093505859375 -0.34912109375 0.03466796875 0.113800048828125
0.013336181640625 -0.406341552734375 -0.0278778076171875 -0.0655250549316407
-0.12615966796875 -0.361541748046875 -0.102226257324219 -0.1085205078125
-0.115081787109375 -0.33270263671875 -0.149581909179687 -0.1044921875
-0.14117431640625 -0.358489990234375 -0.156631469726562 -0.156524658203125
-0.0758972167968749 -0.401885986328125 -0.113067626953125 -0.24945068359375
0.081939697265625 -0.4061279296875 -0.043182373046875 -0.253341674804688
0.192779541015625 -0.365692138671875 0.0518798828125 -0.274246215820313
0.358154296875 -0.217041015625 0.21441650390625 -0.219284057617187
0.45794677734375 -0.1627197265625 0.22894287109375 -0.098480224609375
0.48150634765625 -0.1326904296875 -0.0737838745117187 -0.0129318237304687
0.4796142578125 -0.192413330078125 0.099853515625 0.0310592651367187
0.370086669921875 -0.18463134765625 -0.382598876953125 -0.089385986328125
0.37603759765625 -0.12445068359375 -0.410400390625 0.32501220703125
0.346221923828125 -0.25775146484375 -0.11358642578125 0.379669189453125
0.2174072265625 -0.367431640625 0.0556488037109375 0.21173095703125
0.00210571289062499 -0.458831787109375 0.0182456970214844 0.0683975219726562
-0.151580810546875 -0.399505615234375 -0.0212116241455078 0.023233413696289
-0.135498046875 -0.3568115234375 -0.0638427734375 0.00923156738281247
-0.15325927734375 -0.39105224609375 -0.0704498291015625 -0.0466461181640625
-0.061920166015625 -0.437957763671875 -0.042205810546875 -0.142730712890625
0.13104248046875 -0.42242431640625 0.0131683349609375 -0.17010498046875
0.249969482421875 -0.34454345703125 0.105560302734375 -0.223358154296875
0.36749267578125 -0.149078369140625 0.299407958984375 -0.19805908203125
0.406768798828125 -0.12615966796875 0.36712646484375 -0.0989990234375
0.43206787109375 -0.169342041015625 0.09423828125 0.00433349609374999
0.32940673828125 -0.248870849609375 0.23663330078125 0.0246124267578125
0.210052490234375 -0.173751831054688 -0.24200439453125 -0.0354156494140625
0.256103515625 -0.0628204345703125 -0.2886962890625 0.338348388671875
0.292724609375 -0.18695068359375 -0.0502929687499999 0.3992919921875
0.19708251953125 -0.32293701171875 0.077423095703125 0.285491943359375
-0.012115478515625 -0.430816650390625 0.07440185546875 0.1966552734375
-0.15582275390625 -0.368499755859375 0.0729217529296875 0.153839111328125
-0.132232666015625 -0.32763671875 0.031402587890625 0.121879577636719
-0.141265869140625 -0.36993408203125 0.0151824951171875 0.0652656555175781
-0.03326416015625 -0.410369873046875 0.0231189727783203 -0.0262794494628907
0.168212890625 -0.367279052734375 0.056976318359375 -0.0747451782226563
0.269088745117188 -0.25042724609375 0.14874267578125 -0.1552734375
0.30072021484375 -0.0460205078125 0.37603759765625 -0.15386962890625
0.28521728515625 -0.08251953125 0.4986572265625 -0.066680908203125
0.320343017578125 -0.197113037109375 0.245468139648438 0.03155517578125
0.121414184570313 -0.249542236328125 0.333343505859375 0.01025390625
0.0302505493164063 -0.0964279174804688 -0.115371704101562 0.00661468505859376
0.131912231445313 0.033447265625 -0.177581787109375 0.31146240234375
0.222000122070313 -0.0846405029296875 -0.00302124023437498 0.3836669921875
0.15740966796875 -0.232131958007812 0.091094970703125 0.3310546875
-0.022064208984375 -0.334991455078125 0.132659912109375 0.298828125
-0.1318359375 -0.281707763671875 0.16790771484375 0.259429931640625
-0.11065673828125 -0.25054931640625 0.124038696289063 0.214065551757812
-0.114593505859375 -0.296173095703125 0.0899810791015625 0.164749145507812
-0.00466918945312499 -0.32568359375 0.0687255859375 0.0849761962890625
0.174346923828125 -0.258682250976563 0.0727157592773438 0.0141220092773437
0.2305908203125 -0.115203857421875 0.165908813476563 -0.0884246826171875
0.160720825195313 0.0423431396484375 0.428863525390625 -0.100006103515625
0.106925964355469 -0.063690185546875 0.6004638671875 -0.00335693359375
0.1651611328125 -0.22723388671875 0.35888671875 0.058807373046875
-0.101226806640625 -0.200241088867188 0.37451171875 -0.00582885742187501
-0.127532958984375 0.0113296508789063 -0.0286693572998047 0.0320281982421875
0.0179061889648438 0.125747680664063 -0.104965209960938 0.268020629882813
0.138275146484375 0.022430419921875 0.01763916015625 0.35772705078125
0.107444763183594 -0.111045837402344 0.09515380859375 0.35247802734375
-0.01837158203125 -0.19012451171875 0.183013916015625 0.36187744140625
-0.0800323486328125 -0.1517333984375 0.247283935546875 0.321929931640625
-0.0695037841796875 -0.135894775390625 0.198684692382813 0.271514892578125
-0.0736541748046875 -0.179443359375 0.143585205078125 0.235000610351563
0.014495849609375 -0.1982421875 0.08990478515625 0.173187255859375
0.138847351074219 -0.122932434082031 0.061309814453125 0.0756759643554688
0.132400512695313 0.0174331665039063 0.161788940429688 -0.05010986328125
-0.0247344970703125 0.0802001953125 0.4664306640625 -0.0621337890625
-0.0902862548828125 -0.084228515625 0.66552734375 0.06915283203125
-0.00871276855468751 -0.25030517578125 0.419708251953125 0.07342529296875
0.21612548828125 0.193115234375 -0.36676025390625 -0.02459716796875
0.279693603515625 0.061981201171875 -0.650146484375 -0.08782958984375
0.186477661132813 -0.08489990234375 -0.42047119140625 0.140838623046875
0.0290985107421875 -0.101799011230469 -0.14605712890625 0.088836669921875
-0.0287895202636719 -0.0274333953857422 -0.0207366943359375 -0.095672607421875
-0.000766754150390626 0.0405349731445313 -0.0958404541015625 -0.233963012695313
0.0277156829833984 0.0110797882080078 -0.196029663085938 -0.265625
0.0270576477050781 -0.0146064758300781 -0.251480102539062 -0.258453369140625
0.0236625671386719 0.00459098815917969 -0.28399658203125 -0.306732177734375
-0.0132894515991211 0.00560474395751953 -0.22283935546875 -0.370330810546875
-0.0598411560058594 -0.0335159301757813 -0.14801025390625 -0.342681884765625
-0.0501327514648438 -0.110275268554688 -0.05889892578125 -0.310333251953125
0.084869384765625 -0.179473876953125 0.0485076904296875 -0.238800048828125
0.238311767578125 -0.088287353515625 -0.00209808349609373 -0.0360298156738281
0.22137451171875 0.056549072265625 -0.403900146484375 -0.0209655761718751
0.371917724609375 0.121246337890625 -0.29718017578125 -0.00500488281250003
0.394989013671875 0.0299072265625 -0.63885498046875 -0.125
0.338165283203125 -0.09381103515625 -0.468048095703125 0.17218017578125
0.1737060546875 -0.179656982421875 -0.150863647460938 0.141845703125
0.0562591552734375 -0.15545654296875 0.00176239013671875 -0.0647697448730469
-0.00440216064453125 -0.12115478515625 -0.09027099609375 -0.223831176757813
-0.0370407104492187 -0.124290466308594 -0.198989868164062 -0.252029418945313
-0.0354995727539062 -0.137725830078125 -0.252822875976562 -0.2337646484375
-0.0520858764648438 -0.136505126953125 -0.278366088867188 -0.280029296875
-0.05224609375 -0.151687622070313 -0.22308349609375 -0.355224609375
-0.02618408203125 -0.179733276367188 -0.137664794921875 -0.32830810546875
0.0213165283203125 -0.220046997070313 -0.042724609375 -0.30029296875
0.18115234375 -0.224456787109375 0.0707550048828125 -0.224349975585937
0.34393310546875 -0.15472412109375 0.0273933410644532 -0.0533027648925781
0.358367919921875 -0.027984619140625 -0.3397216796875 -0.00967407226562506
0.4803466796875 0.00830078125 -0.186904907226563 0.0151214599609375
0.45623779296875 -0.048797607421875 -0.58770751953125 -0.1279296875
0.423736572265625 -0.12164306640625 -0.4893798828125 0.228729248046875
0.282562255859375 -0.24749755859375 -0.155380249023438 0.224533081054687
0.132034301757813 -0.270111083984375 0.0182380676269531 0.00850486755371092
-0.00613403320312501 -0.274520874023438 -0.07073974609375 -0.162933349609375
-0.0975341796875 -0.246856689453125 -0.168060302734375 -0.193191528320313
-0.091033935546875 -0.240921020507813 -0.218673706054688 -0.173507690429688
-0.118118286132812 -0.253570556640625 -0.235015869140625 -0.220474243164063
-0.0863037109375 -0.28570556640625 -0.190216064453125 -0.30706787109375
0.00842285156249997 -0.308349609375 -0.107513427734375 -0.29449462890625
0.0916748046875 -0.313720703125 -0.01348876953125 -0.287445068359375
0.269210815429688 -0.247421264648438 0.121719360351563 -0.223587036132813
0.41021728515625 -0.19061279296875 0.104034423828125 -0.0809402465820313
0.438812255859375 -0.103240966796875 -0.221115112304687 -0.00566101074218751
0.51019287109375 -0.116424560546875 -0.0473098754882812 0.0260581970214844
0.4400634765625 -0.14453125 -0.498260498046875 -0.104034423828125
0.426300048828125 -0.154998779296875 -0.461517333984375 0.291717529296875
0.328765869140625 -0.28753662109375 -0.1356201171875 0.312286376953125
0.175140380859375 -0.34844970703125 0.037994384765625 0.105445861816406
-0.015472412109375 -0.389892578125 -0.0338058471679688 -0.0593681335449219
-0.146453857421875 -0.335052490234375 -0.107833862304688 -0.0953598022460938
-0.13311767578125 -0.30950927734375 -0.151901245117188 -0.0864105224609375
-0.160614013671875 -0.333160400390625 -0.160781860351563 -0.139312744140625
-0.103057861328125 -0.37738037109375 -0.129196166992187 -0.231430053710938
0.04754638671875 -0.393829345703125 -0.0565643310546875 -0.238754272460938
0.1591796875 -0.364776611328125 0.034423828125 -0.263381958007813
0.331024169921875 -0.232574462890625 0.193893432617188 -0.224197387695313
0.42950439453125 -0.187042236328125 0.2178955078125 -0.109664916992188
0.453399658203125 -0.1561279296875 -0.0692634582519531 -0.00561904907226564
0.448394775390625 -0.21612548828125 0.101348876953125 0.0216217041015625
0.34222412109375 -0.2020263671875 -0.375701904296875 -0.0640869140625001
0.35498046875 -0.148529052734375 -0.375244140625 0.33697509765625
0.315216064453125 -0.273773193359375 -0.08587646484375 0.373443603515625
0.182769775390625 -0.369232177734375 0.0654449462890625 0.198867797851562
-0.0306396484375 -0.437896728515625 0.019866943359375 0.0664405822753906
-0.1739501953125 -0.36932373046875 -0.0217456817626953 0.0256023406982422
-0.154541015625 -0.332183837890625 -0.0620841979980469 0.0165977478027344
-0.174774169921875 -0.3638916015625 -0.071044921875 -0.0389480590820313
-0.093597412109375 -0.414154052734375 -0.0540008544921875 -0.134201049804688
0.09375 -0.413848876953125 0.0033416748046875 -0.162673950195313
0.215362548828125 -0.34771728515625 0.089874267578125 -0.218765258789063
0.343841552734375 -0.166259765625 0.278213500976563 -0.208633422851563
0.38525390625 -0.14935302734375 0.35113525390625 -0.1187744140625
0.40496826171875 -0.190093994140625 0.09320068359375 0.00119781494140624
0.300048828125 -0.262054443359375 0.231475830078125 0.00753784179687498
0.188720703125 -0.18096923828125 -0.237701416015625 -0.0193328857421875
0.244537353515625 -0.080657958984375 -0.258758544921875 0.34271240234375
0.26947021484375 -0.201080322265625 -0.025238037109375 0.387969970703125
0.165985107421875 -0.32586669921875 0.0916595458984375 0.26824951171875
-0.04278564453125 -0.412445068359375 0.08270263671875 0.1861572265625
-0.176666259765625 -0.34130859375 0.07763671875 0.144287109375
-0.150299072265625 -0.304046630859375 0.03619384765625 0.116767883300781
-0.163482666015625 -0.343780517578125 0.0194320678710937 0.0612983703613281
-0.064208984375 -0.387481689453125 0.0168266296386719 -0.027984619140625
0.1346435546875 -0.3631591796875 0.0522308349609375 -0.0738983154296875
0.241683959960937 -0.259353637695313 0.1356201171875 -0.155319213867188
0.286712646484375 -0.063018798828125 0.353118896484375 -0.169525146484375
0.268600463867188 -0.0986175537109375 0.477508544921875 -0.094512939453125
0.294189453125 -0.211273193359375 0.239608764648438 0.01934814453125
0.0994110107421875 -0.249053955078125 0.323944091796875 -0.011749267578125
0.022064208984375 -0.094482421875 -0.113304138183594 0.01220703125
0.131309509277344 0.020599365234375 -0.1512451171875 0.309814453125
0.208419799804687 -0.0981903076171875 0.02117919921875 0.36944580078125
0.13372802734375 -0.234939575195313 0.108062744140625 0.309600830078125
-0.045318603515625 -0.319671630859375 0.146591186523438 0.27935791015625
-0.148544311523437 -0.259918212890625 0.175567626953125 0.238784790039062
-0.124267578125 -0.2332763671875 0.131805419921875 0.197418212890625
-0.132064819335938 -0.2750244140625 0.097442626953125 0.150161743164062
-0.02923583984375 -0.3111572265625 0.0692138671875 0.074249267578125
0.14739990234375 -0.260833740234375 0.0733566284179688 0.01031494140625
0.214218139648438 -0.1259765625 0.15643310546875 -0.0921630859375
0.15753173828125 0.0328521728515625 0.407379150390625 -0.121612548828125
0.0973281860351563 -0.0691452026367188 0.58001708984375 -0.0404052734375
0.141998291015625 -0.231170654296875 0.34942626953125 0.0391845703125
-0.112716674804688 -0.185928344726563 0.362152099609375 -0.029327392578125
-0.120170593261719 0.018890380859375 -0.0289974212646485 0.0315093994140625
0.0270767211914062 0.11871337890625 -0.0848388671875 0.26361083984375
0.134933471679688 0.0107498168945312 0.0382080078125 0.342620849609375
0.093994140625 -0.115470886230469 0.1129150390625 0.3306884765625
-0.032073974609375 -0.180938720703125 0.1988525390625 0.335601806640625
-0.0900344848632812 -0.139694213867188 0.255950927734375 0.292816162109375
-0.07733154296875 -0.127479553222656 0.206787109375 0.246734619140625
-0.0844879150390625 -0.168075561523438 0.154525756835937 0.214599609375
-0.00227355957031252 -0.192062377929688 0.0974578857421875 0.156951904296875
0.123847961425781 -0.129234313964844 0.0673179626464844 0.0696945190429687
0.128959655761719 0.00749969482421875 0.153961181640625 -0.055450439453125
-0.019073486328125 0.0815277099609375 0.44342041015625 -0.088134765625
-0.093902587890625 -0.0751419067382813 0.6455078125 0.02490234375
-0.0269775390625 -0.243179321289062 0.40924072265625 0.0477294921875
0.214492797851563 0.178604125976563 -0.349517822265625 -0.0180969238281249
0.26904296875 0.04913330078125 -0.62188720703125 -0.0664672851562499
0.17425537109375 -0.0876922607421875 -0.3961181640625 0.143646240234375
0.0227279663085938 -0.0974807739257812 -0.135818481445313 0.088592529296875
-0.0289974212646484 -0.0229225158691406 -0.0266876220703125 -0.0901641845703125
0.00224685668945313 0.0416717529296875 -0.102767944335938 -0.215927124023438
0.0285911560058594 0.0118141174316406 -0.196273803710938 -0.244491577148438
0.0257511138916016 -0.0129966735839844 -0.24664306640625 -0.233596801757813
0.0233974456787109 0.0032806396484375 -0.278671264648438 -0.278488159179688
-0.0120553970336914 0.00750923156738281 -0.22625732421875 -0.34033203125
-0.0595932006835938 -0.02691650390625 -0.15264892578125 -0.319000244140625
-0.05230712890625 -0.103546142578125 -0.065948486328125 -0.2913818359375
0.0732879638671875 -0.174026489257813 0.039703369140625 -0.2265625
0.22515869140625 -0.0938720703125 0.000915527343750017 -0.0353126525878906
0.215530395507813 0.0464324951171875 -0.3824462890625 -0.00741577148437506
0.359527587890625 0.103363037109375 -0.2822265625 -0.00173950195312497
0.376678466796875 0.014801025390625 -0.61328125 -0.10308837890625
0.31744384765625 -0.10308837890625 -0.439117431640625 0.175933837890625
0.157760620117188 -0.177581787109375 -0.13922119140625 0.139663696289063
0.047210693359375 -0.14801025390625 -0.00309753417968749 -0.0615577697753906
-0.00753784179687499 -0.112266540527344 -0.0970916748046875 -0.20697021484375
-0.0379867553710938 -0.113334655761719 -0.198211669921875 -0.231002807617187
-0.0378341674804688 -0.127975463867188 -0.247787475585937 -0.2100830078125
-0.0540542602539063 -0.127120971679688 -0.273941040039063 -0.253753662109375
-0.05517578125 -0.139686584472656 -0.22674560546875 -0.32647705078125
-0.0330810546875 -0.167587280273438 -0.14068603515625 -0.3060302734375
0.012054443359375 -0.210281372070313 -0.0498046875 -0.281341552734375
0.164932250976563 -0.221923828125 0.0616455078125 -0.213821411132813
0.324005126953125 -0.160736083984375 0.0282325744628906 -0.0522689819335938
0.34283447265625 -0.03857421875 -0.32110595703125 0.00146484375000001
0.455413818359375 -0.0081787109375 -0.175277709960937 0.0158843994140625
0.4312744140625 -0.061737060546875 -0.564697265625 -0.1068115234375
0.398956298828125 -0.133209228515625 -0.458251953125 0.231353759765625
0.25897216796875 -0.244598388671875 -0.14068603515625 0.218994140625
0.11456298828125 -0.259796142578125 0.0161466598510742 0.00642204284667967
-0.015380859375 -0.258438110351563 -0.07501220703125 -0.149185180664063
-0.10064697265625 -0.227691650390625 -0.168441772460938 -0.176193237304688
-0.0953521728515625 -0.224014282226563 -0.213790893554688 -0.153518676757812
-0.12249755859375 -0.235946655273438 -0.229782104492187 -0.199234008789062
-0.09478759765625 -0.265396118164063 -0.1943359375 -0.28155517578125
-0.00659179687500002 -0.29241943359375 -0.112747192382813 -0.274734497070313
0.075408935546875 -0.302947998046875 -0.0194549560546875 -0.271743774414063
0.247146606445313 -0.246841430664063 0.110519409179688 -0.215469360351563
0.38690185546875 -0.197021484375 0.100822448730469 -0.08172607421875
0.4151611328125 -0.1138916015625 -0.208404541015625 0.00325012207031248
0.481292724609375 -0.128326416015625 -0.0421485900878906 0.0224380493164063
0.412384033203125 -0.152374267578125 -0.478118896484375 -0.086212158203125
0.402801513671875 -0.16546630859375 -0.43023681640625 0.29180908203125
0.301361083984375 -0.285980224609375 -0.11895751953125 0.30242919921875
0.153045654296875 -0.337310791015625 0.0385055541992188 0.0981826782226562
-0.028900146484375 -0.367279052734375 -0.0357246398925781 -0.0533790588378906
-0.151123046875 -0.310028076171875 -0.107147216796875 -0.085174560546875
-0.13775634765625 -0.287811279296875 -0.148284912109375 -0.0733795166015625
-0.16552734375 -0.309295654296875 -0.158248901367188 -0.123580932617188
-0.114105224609375 -0.3505859375 -0.134567260742187 -0.2130126953125
0.02899169921875 -0.37640380859375 -0.06121826171875 -0.224319458007813
0.136749267578125 -0.354217529296875 0.026580810546875 -0.250350952148438
0.30792236328125 -0.232940673828125 0.179794311523438 -0.219161987304688
0.403900146484375 -0.195098876953125 0.207611083984375 -0.112808227539063
0.426239013671875 -0.163818359375 -0.0634002685546875 -0.000411987304687505
0.41717529296875 -0.223114013671875 0.0995025634765625 0.0149078369140625
0.31719970703125 -0.203125 -0.3623046875 -0.05084228515625
0.33367919921875 -0.15814208984375 -0.3468017578125 0.33160400390625
0.290191650390625 -0.27288818359375 -0.069610595703125 0.358795166015625
0.160491943359375 -0.356689453125 0.067474365234375 0.185440063476562
-0.0457763671875 -0.415435791015625 0.0202293395996094 0.06414794921875
-0.181396484375 -0.342132568359375 -0.0215778350830078 0.0262680053710937
-0.1595458984375 -0.309173583984375 -0.0603065490722656 0.0209579467773437
-0.180999755859375 -0.339111328125 -0.0692214965820313 -0.0337142944335938
-0.107421875 -0.386962890625 -0.0599594116210937 -0.1256103515625
0.070892333984375 -0.39703369140625 -0.00012207031250001 -0.153839111328125
0.19171142578125 -0.339508056640625 0.0810394287109375 -0.20904541015625
0.32427978515625 -0.169586181640625 0.258834838867188 -0.207382202148438
0.361968994140625 -0.156707763671875 0.332733154296875 -0.126129150390625
0.3765869140625 -0.1944580078125 0.0910186767578125 0.00150299072265624
0.274993896484375 -0.26068115234375 0.22381591796875 -0.00244140625000002
0.171981811523438 -0.178558349609375 -0.229934692382813 -0.0122528076171876
0.230865478515625 -0.0891265869140625 -0.23492431640625 0.334228515625
0.2489013671875 -0.201919555664063 -0.0111083984375 0.372161865234375
0.14569091796875 -0.316314697265625 0.09429931640625 0.2501220703125
-0.05810546875 -0.390045166015625 0.0846099853515625 0.175643920898437
-0.1837158203125 -0.315765380859375 0.0764694213867188 0.135734558105469
-0.15496826171875 -0.284332275390625 0.036834716796875 0.112007141113281
-0.16900634765625 -0.320220947265625 0.0196304321289062 0.0582351684570312
-0.07867431640625 -0.36492919921875 0.0110454559326172 -0.0271072387695313
0.11212158203125 -0.35089111328125 0.0498580932617188 -0.0714492797851563
0.221038818359375 -0.25469970703125 0.127548217773438 -0.150314331054688
0.272933959960938 -0.0684356689453125 0.332183837890625 -0.1715087890625
0.253005981445313 -0.1038818359375 0.45440673828125 -0.106353759765625
0.27117919921875 -0.211044311523438 0.231216430664063 0.0138092041015625
0.083526611328125 -0.240875244140625 0.309967041015625 -0.02337646484375
0.0167465209960938 -0.0905838012695313 -0.11065673828125 0.01495361328125
0.12744140625 0.0127029418945313 -0.13580322265625 0.299591064453125
0.19476318359375 -0.102554321289063 0.030853271484375 0.35101318359375
0.11749267578125 -0.229278564453125 0.11163330078125 0.28997802734375
-0.056854248046875 -0.3021240234375 0.148086547851563 0.261398315429688
-0.15350341796875 -0.239715576171875 0.174453735351563 0.220809936523437
-0.128173828125 -0.217636108398438 0.130645751953125 0.184921264648438
-0.1373291015625 -0.256759643554688 0.0977020263671875 0.138481140136719
-0.042877197265625 -0.2933349609375 0.0652313232421875 0.0672492980957031
0.12860107421875 -0.254364013671875 0.0732040405273438 0.00810241699218748
0.199066162109375 -0.128097534179688 0.148727416992188 -0.0903167724609375
0.152496337890625 0.0272064208984375 0.38287353515625 -0.128082275390625
0.0895538330078125 -0.06927490234375 0.55035400390625 -0.055908203125
0.124526977539063 -0.225967407226562 0.336822509765625 0.02960205078125
-0.115402221679687 -0.173507690429688 0.34552001953125 -0.04010009765625
-0.115432739257813 0.023223876953125 -0.0288200378417969 0.0303077697753906
0.0318603515625 0.109710693359375 -0.073089599609375 0.253463745117188
0.129364013671875 0.00418853759765625 0.0482177734375 0.324310302734375
0.0838241577148438 -0.114585876464844 0.1165771484375 0.31103515625
-0.03826904296875 -0.17071533203125 0.20050048828125 0.311248779296875
-0.0938568115234375 -0.127243041992188 0.252899169921875 0.268310546875
-0.0801620483398438 -0.119491577148437 0.2044677734375 0.226776123046875
-0.0880279541015625 -0.156814575195312 0.154083251953125 0.196319580078125
-0.011444091796875 -0.182693481445313 0.097198486328125 0.14288330078125
0.11187744140625 -0.129356384277344 0.0692863464355469 0.0648040771484375
0.124305725097656 0.0023345947265625 0.145980834960938 -0.05548095703125
-0.014068603515625 0.0804595947265625 0.419189453125 -0.095947265625
-0.0934982299804687 -0.0693740844726563 0.6141357421875 0.00531005859375
-0.0362701416015625 -0.23382568359375 0.39312744140625 0.03704833984375
0.211151123046875 0.172988891601563 -0.3397216796875 -0.02215576171875
0.262222290039063 0.044708251953125 -0.6026611328125 -0.0634155273437499
0.165847778320313 -0.087432861328125 -0.38226318359375 0.139678955078125
0.0187149047851563 -0.0941696166992188 -0.130882263183594 0.0858230590820313
-0.0297203063964844 -0.0201549530029297 -0.0295562744140625 -0.0859832763671875
0.00454330444335937 0.04180908203125 -0.104721069335937 -0.204330444335938
0.0299644470214844 0.0121650695800781 -0.192581176757812 -0.231643676757813
0.02490234375 -0.0119228363037109 -0.238784790039063 -0.221038818359375
0.0229949951171875 0.00252723693847656 -0.271713256835937 -0.262054443359375
-0.0102386474609375 0.00892257690429687 -0.2232666015625 -0.32269287109375
-0.0583114624023438 -0.0226631164550781 -0.149444580078125 -0.30609130859375
-0.0528564453125 -0.0991439819335938 -0.06610107421875 -0.27978515625
0.068267822265625 -0.169662475585937 0.038604736328125 -0.217605590820313
0.21832275390625 -0.094635009765625 0.00392913818359376 -0.0361785888671875
0.212417602539063 0.0435028076171875 -0.36895751953125 -0.00665283203124996
0.34918212890625 0.098480224609375 -0.272964477539063 -0.00564575195312497
0.365447998046875 0.01123046875 -0.5947265625 -0.09783935546875
0.305389404296875 -0.10296630859375 -0.42425537109375 0.17156982421875
0.148727416992188 -0.173370361328125 -0.13250732421875 0.135658264160156
0.0418243408203125 -0.141433715820313 -0.00635528564453124 -0.0602798461914063
-0.00721740722656249 -0.106071472167969 -0.0987396240234375 -0.196212768554687
-0.0367202758789063 -0.10699462890625 -0.19549560546875 -0.218765258789063
-0.0385055541992187 -0.121009826660156 -0.2406005859375 -0.1981201171875
-0.0540924072265625 -0.121559143066406 -0.266845703125 -0.238433837890625
-0.0559616088867188 -0.132438659667969 -0.2232666015625 -0.308319091796875
-0.035430908203125 -0.159194946289063 -0.13873291015625 -0.29278564453125
0.008148193359375 -0.20318603515625 -0.0495452880859375 -0.271194458007813
0.157150268554688 -0.216506958007813 0.0596466064453125 -0.206558227539063
0.3125 -0.161224365234375 0.030731201171875 -0.0536270141601563
0.333648681640625 -0.03973388671875 -0.3079833984375 0.00421142578124997
0.440216064453125 -0.0111083984375 -0.169509887695312 0.011962890625
0.415313720703125 -0.062408447265625 -0.548919677734375 -0.102783203125
0.38409423828125 -0.134979248046875 -0.44219970703125 0.224639892578125
0.24664306640625 -0.239044189453125 -0.132919311523437 0.212326049804687
0.106201171875 -0.250686645507812 0.0134439468383789 0.00543975830078123
-0.0177154541015625 -0.247238159179688 -0.0763397216796875 -0.142379760742188
-0.0982208251953125 -0.216140747070312 -0.165756225585938 -0.16717529296875
-0.09429931640625 -0.21343994140625 -0.2073974609375 -0.143936157226563
-0.120651245117188 -0.224594116210937 -0.224899291992187 -0.18701171875
-0.0956878662109375 -0.25238037109375 -0.194091796875 -0.266311645507812
-0.0108642578125 -0.280426025390625 -0.109756469726563 -0.2628173828125
0.06884765625 -0.2930908203125 -0.0189971923828125 -0.260574340820313
0.2373046875 -0.240753173828125 0.1072998046875 -0.209762573242188
0.3729248046875 -0.197113037109375 0.0999298095703125 -0.0823974609375
0.401702880859375 -0.111846923828125 -0.19891357421875 0.00555419921874999
0.46258544921875 -0.12811279296875 -0.039581298828125 0.0185470581054687
0.3968505859375 -0.149932861328125 -0.46502685546875 -0.0811767578125001
0.38616943359375 -0.167694091796875 -0.41510009765625 0.28399658203125
0.28729248046875 -0.281005859375 -0.112457275390625 0.293609619140625
0.14337158203125 -0.3260498046875 0.0369873046875 0.093109130859375
-0.03302001953125 -0.3533935546875 -0.0364570617675781 -0.0493659973144531
-0.1500244140625 -0.295135498046875 -0.106124877929688 -0.0804901123046875
-0.135971069335937 -0.274658203125 -0.14361572265625 -0.0673828125
-0.165069580078125 -0.29522705078125 -0.154922485351563 -0.115798950195313
-0.115692138671875 -0.334503173828125 -0.13458251953125 -0.200729370117188
0.019378662109375 -0.361114501953125 -0.05975341796875 -0.214920043945313
0.12847900390625 -0.343658447265625 0.026519775390625 -0.241256713867188
0.2967529296875 -0.22991943359375 0.173980712890625 -0.21417236328125
0.388641357421875 -0.195220947265625 0.204010009765625 -0.113128662109375
0.41156005859375 -0.160858154296875 -0.0593452453613281 0.000885009765624998
0.399993896484375 -0.219970703125 0.0974884033203125 0.010589599609375
0.303466796875 -0.19805908203125 -0.3524169921875 -0.047149658203125
0.322784423828125 -0.1585693359375 -0.333404541015625 0.322998046875
0.278396606445313 -0.268142700195313 -0.0645751953125 0.348114013671875
0.149505615234375 -0.3463134765625 0.0659637451171875 0.177169799804687
-0.051788330078125 -0.4000244140625 0.019439697265625 0.0620803833007812
-0.180023193359375 -0.324676513671875 -0.0226173400878906 0.0258502960205078
-0.1573486328125 -0.2960205078125 -0.0580024719238281 0.0227775573730469
-0.1810302734375 -0.322296142578125 -0.0680732727050782 -0.0308303833007813
-0.11090087890625 -0.369659423828125 -0.062591552734375 -0.117271423339844
0.062164306640625 -0.38311767578125 3.05175781249953E-05 -0.148483276367188
0.181243896484375 -0.3310546875 0.0809173583984375 -0.201370239257813
0.312713623046875 -0.16748046875 0.251541137695313 -0.203262329101563
0.348419189453125 -0.157135009765625 0.32373046875 -0.12652587890625
0.36175537109375 -0.190185546875 0.0904388427734375 0.00296783447265624
0.260269165039063 -0.255096435546875 0.218338012695313 -0.00587463378906252
0.163375854492188 -0.17364501953125 -0.224929809570313 -0.0100250244140625
0.22308349609375 -0.091033935546875 -0.22613525390625 0.32421875
0.238372802734375 -0.200759887695312 -0.00769042968749995 0.35888671875
0.135498046875 -0.3072509765625 0.0921173095703125 0.239730834960938
-0.061126708984375 -0.37579345703125 0.0831756591796875 0.168533325195312
-0.18212890625 -0.300750732421875 0.07415771484375 0.130142211914062
-0.153564453125 -0.272796630859375 0.036773681640625 0.108970642089844
-0.17022705078125 -0.306365966796875 0.0194358825683594 0.0562667846679687
-0.082427978515625 -0.349273681640625 0.00761985778808593 -0.0258140563964844
0.10198974609375 -0.34197998046875 0.0495529174804688 -0.0690574645996094
0.210128784179688 -0.249221801757812 0.125381469726563 -0.144485473632813
0.26507568359375 -0.0692138671875 0.32000732421875 -0.16900634765625
0.243377685546875 -0.10491943359375 0.440673828125 -0.10772705078125
0.2569580078125 -0.206314086914062 0.225830078125 0.0148162841796875
0.076904296875 -0.234375 0.302276611328125 -0.02545166015625
0.0143890380859375 -0.0867767333984375 -0.108245849609375 0.015533447265625
0.123870849609375 0.00865936279296875 -0.128387451171875 0.290679931640625
0.187286376953125 -0.103103637695313 0.032958984375 0.3399658203125
0.109970092773438 -0.224273681640625 0.108795166015625 0.277435302734375
-0.060394287109375 -0.291107177734375 0.145416259765625 0.25
-0.153106689453125 -0.227142333984375 0.16925048828125 0.211227416992187
-0.1280517578125 -0.20892333984375 0.1279296875 0.1783447265625
-0.13824462890625 -0.245147705078125 0.0949478149414062 0.131614685058594
-0.0479583740234375 -0.281143188476563 0.0606727600097656 0.0636787414550781
0.119491577148438 -0.248291015625 0.0729293823242188 0.00711059570312498
0.192031860351563 -0.12677001953125 0.145523071289063 -0.086639404296875
0.149169921875 0.0261688232421875 0.369171142578125 -0.125396728515625
0.085235595703125 -0.0689697265625 0.53277587890625 -0.060028076171875
0.1148681640625 -0.220077514648438 0.32806396484375 0.0306396484375
-0.115219116210938 -0.166488647460937 0.33612060546875 -0.041595458984375
-0.110893249511719 0.0242996215820312 -0.0295696258544922 0.0302448272705078
0.032318115234375 0.105751037597656 -0.0688323974609375 0.246490478515625
0.124588012695313 0.000732421875 0.04888916015625 0.312469482421875
0.078399658203125 -0.113540649414062 0.114105224609375 0.29656982421875
-0.0406494140625 -0.164535522460938 0.19549560546875 0.29803466796875
-0.09442138671875 -0.121009826660156 0.245162963867188 0.255279541015625
-0.0809097290039063 -0.115707397460937 0.198806762695313 0.21630859375
-0.089080810546875 -0.150177001953125 0.150405883789063 0.186630249023437
-0.0157012939453125 -0.175857543945313 0.0930252075195313 0.136070251464844
0.106147766113281 -0.127479553222656 0.070068359375 0.0624160766601562
0.121315002441406 -0.00025177001953125 0.143081665039063 -0.052520751953125
-0.0123062133789063 0.0796661376953125 0.4029541015625 -0.095916748046875
-0.092987060546875 -0.0662002563476563 0.59552001953125 0.001220703125
-0.0411224365234375 -0.226470947265625 0.383148193359375 0.0369873046875
0.211654663085938 0.173019409179687 -0.339263916015625 -0.0287170410156249
0.262069702148438 0.042236328125 -0.600341796875 -0.0675659179687499
0.163970947265625 -0.088775634765625 -0.380889892578125 0.13525390625
0.0167465209960937 -0.0924148559570313 -0.129890441894531 0.0842056274414063
-0.0309505462646484 -0.0183277130126953 -0.0316009521484375 -0.0846786499023438
0.00667953491210938 0.0430374145507813 -0.10662841796875 -0.199111938476563
0.0321826934814453 0.0129966735839844 -0.192459106445312 -0.2291259765625
0.0249805450439453 -0.0107898712158203 -0.235748291015625 -0.218093872070313
0.0234565734863281 0.00233268737792969 -0.26849365234375 -0.25701904296875
-0.00877952575683594 0.0101900100708008 -0.221405029296875 -0.31549072265625
-0.058258056640625 -0.02001953125 -0.14874267578125 -0.301971435546875
-0.053436279296875 -0.0991897583007813 -0.0651702880859375 -0.276718139648438
0.0662384033203125 -0.16961669921875 0.03948974609375 -0.215438842773438
0.2178955078125 -0.0972747802734375 0.00746917724609377 -0.0385971069335938
0.21392822265625 0.0430755615234375 -0.3662109375 -0.00781250000000005
0.34759521484375 0.0986328125 -0.271408081054688 -0.0116729736328125
0.362091064453125 0.009429931640625 -0.591796875 -0.10101318359375
0.302398681640625 -0.10467529296875 -0.42236328125 0.168487548828125
0.144989013671875 -0.172012329101563 -0.131690979003906 0.134407043457031
0.0393142700195312 -0.138633728027344 -0.00838851928710937 -0.0594367980957031
-0.00701904296875001 -0.102447509765625 -0.099884033203125 -0.192169189453125
-0.0344467163085938 -0.104637145996094 -0.196243286132813 -0.215927124023438
-0.0368804931640625 -0.118743896484375 -0.2381591796875 -0.193954467773438
-0.0540771484375 -0.119308471679688 -0.263656616210938 -0.233566284179687
-0.0560226440429688 -0.1287841796875 -0.222412109375 -0.302154541015625
-0.0361175537109375 -0.156173706054687 -0.137908935546875 -0.289459228515625
0.00535583496093751 -0.203033447265625 -0.0481414794921875 -0.268463134765625
0.155593872070313 -0.21685791015625 0.061370849609375 -0.205535888671875
0.311248779296875 -0.163970947265625 0.0334663391113281 -0.0565147399902344
0.33251953125 -0.039947509765625 -0.3050537109375 0.00332641601562499
0.439239501953125 -0.010772705078125 -0.167831420898437 0.00750732421874998
0.412384033203125 -0.06048583984375 -0.546356201171875 -0.106292724609375
0.38226318359375 -0.13623046875 -0.44122314453125 0.2213134765625
0.242843627929688 -0.2401123046875 -0.131668090820312 0.2117919921875
0.103408813476562 -0.24713134765625 0.012394905090332 0.0038175582885742
-0.018829345703125 -0.243087768554687 -0.0770187377929688 -0.139129638671875
-0.097320556640625 -0.211471557617188 -0.168426513671875 -0.164810180664062
-0.094024658203125 -0.210678100585938 -0.20697021484375 -0.140670776367188
-0.1212158203125 -0.2208251953125 -0.2227783203125 -0.182952880859375
-0.0970458984375 -0.246871948242188 -0.192306518554688 -0.259841918945313
-0.0139007568359375 -0.276718139648438 -0.108734130859375 -0.259963989257813
0.066253662109375 -0.29278564453125 -0.0168609619140625 -0.258575439453125
0.2364501953125 -0.240371704101563 0.109115600585938 -0.209854125976563
0.370758056640625 -0.1993408203125 0.103385925292969 -0.0840301513671875
0.39947509765625 -0.111724853515625 -0.196441650390625 0.00540161132812503
0.4569091796875 -0.128204345703125 -0.0382575988769531 0.015380859375
0.393341064453125 -0.149810791015625 -0.46435546875 -0.0838623046875
0.384185791015625 -0.170379638671875 -0.413848876953125 0.27978515625
0.284088134765625 -0.28118896484375 -0.110504150390625 0.291900634765625
0.139892578125 -0.32171630859375 0.0355453491210938 0.0909652709960937
-0.035125732421875 -0.34912109375 -0.0373573303222656 -0.0482406616210938
-0.14813232421875 -0.2889404296875 -0.107940673828125 -0.0793228149414063
-0.135818481445313 -0.271652221679688 -0.143402099609375 -0.0644989013671875
-0.16510009765625 -0.290313720703125 -0.153976440429688 -0.112457275390625
-0.119598388671875 -0.328369140625 -0.136703491210938 -0.195968627929688
0.0169677734375 -0.359161376953125 -0.05828857421875 -0.21270751953125
0.12548828125 -0.34307861328125 0.02899169921875 -0.239837646484375
0.296234130859375 -0.23016357421875 0.175765991210938 -0.21484375
0.387542724609375 -0.19866943359375 0.205047607421875 -0.114578247070313
0.408416748046875 -0.159637451171875 -0.0569381713867187 0.00299453735351562
0.396026611328125 -0.218109130859375 0.0983200073242188 0.00869750976562499
0.2998046875 -0.19677734375 -0.352203369140625 -0.0498046875
0.31982421875 -0.1617431640625 -0.331451416015625 0.31988525390625
0.274276733398438 -0.26849365234375 -0.0626220703125 0.346710205078125
0.1470947265625 -0.343994140625 0.0641632080078125 0.17449951171875
-0.053253173828125 -0.395233154296875 0.0187339782714844 0.0617179870605468
-0.179168701171875 -0.319305419921875 -0.0240936279296875 0.0256633758544922
-0.157318115234375 -0.29296875 -0.0576705932617188 0.0236892700195312
-0.18292236328125 -0.318389892578125 -0.0682716369628907 -0.0286521911621094
-0.112548828125 -0.3614501953125 -0.063995361328125 -0.114273071289063
0.05804443359375 -0.381378173828125 0.00146484375000001 -0.147140502929688
0.17938232421875 -0.329833984375 0.0838165283203125 -0.199996948242188
0.312744140625 -0.16748046875 0.251388549804688 -0.202957153320313
0.3470458984375 -0.159576416015625 0.32391357421875 -0.128692626953125
0.35772705078125 -0.187347412109375 0.0911483764648438 0.00543975830078124
0.259109497070313 -0.25299072265625 0.219833374023438 -0.00769042968750001
0.159622192382813 -0.172210693359375 -0.22467041015625 -0.011749267578125
0.22161865234375 -0.0940704345703125 -0.223724365234375 0.32293701171875
0.236236572265625 -0.20233154296875 -0.00729370117187496 0.357208251953125
0.13262939453125 -0.306549072265625 0.0907440185546875 0.236968994140625
-0.064422607421875 -0.37310791015625 0.0826568603515625 0.166488647460937
-0.183258056640625 -0.295684814453125 0.0730209350585937 0.129417419433594
-0.155410766601563 -0.27020263671875 0.036285400390625 0.109909057617187
-0.171234130859375 -0.30133056640625 0.0181617736816406 0.055877685546875
-0.08575439453125 -0.342376708984375 0.0045490264892578 -0.0241470336914063
0.097137451171875 -0.33905029296875 0.0512313842773438 -0.0694732666015625
0.208023071289063 -0.248794555664063 0.128829956054688 -0.143173217773438
0.264511108398438 -0.0696258544921875 0.3206787109375 -0.169708251953125
0.2412109375 -0.107070922851563 0.4390869140625 -0.107269287109375
0.252960205078125 -0.204574584960938 0.226333618164063 0.0175323486328125
0.074188232421875 -0.232803344726563 0.303375244140625 -0.027374267578125
0.012786865234375 -0.085113525390625 -0.108474731445313 0.01495361328125
0.122871398925781 0.0063323974609375 -0.127960205078125 0.28900146484375
0.186309814453125 -0.105178833007813 0.033172607421875 0.3365478515625
0.107833862304688 -0.223556518554688 0.106536865234375 0.274368286132813
-0.062774658203125 -0.289215087890625 0.144927978515625 0.247299194335937
-0.154830932617187 -0.222610473632813 0.1668701171875 0.208145141601563
-0.131134033203125 -0.207168579101563 0.126968383789063 0.1759033203125
-0.140045166015625 -0.241943359375 0.0939178466796875 0.130447387695312
-0.05145263671875 -0.277145385742188 0.0581398010253906 0.0628013610839844
0.1162109375 -0.248565673828125 0.0742950439453125 0.00646209716796873
0.190460205078125 -0.126632690429688 0.14837646484375 -0.0849456787109375
0.14996337890625 0.0272064208984375 0.36798095703125 -0.125091552734375
0.0832672119140625 -0.069122314453125 0.530120849609375 -0.05938720703125
0.112106323242187 -0.218093872070312 0.328033447265625 0.034393310546875
-0.116424560546875 -0.165786743164063 0.337921142578125 -0.042327880859375
-0.11065673828125 0.0252456665039063 -0.0304050445556641 0.0300312042236328
0.033416748046875 0.103889465332031 -0.0692901611328125 0.2442626953125
0.125389099121094 -0.00102996826171875 0.04766845703125 0.3099365234375
0.0759735107421875 -0.113609313964844 0.11273193359375 0.2928466796875
-0.0424957275390625 -0.163742065429688 0.1944580078125 0.294097900390625
-0.0960540771484375 -0.1177978515625 0.2423095703125 0.250839233398438
-0.0835113525390625 -0.115425109863281 0.197555541992188 0.213546752929688
-0.0914306640625 -0.148895263671875 0.150146484375 0.183975219726563
-0.0178070068359375 -0.174423217773438 0.0909881591796875 0.13360595703125
0.104026794433594 -0.129150390625 0.0715484619140625 0.0617294311523437
0.120933532714844 -0.0006256103515625 0.144485473632813 -0.050537109375
-0.010833740234375 0.0807876586914063 0.40020751953125 -0.0941162109375
-0.0942153930664062 -0.06646728515625 0.5911865234375 -0.000122070312500004
-0.044036865234375 -0.226364135742188 0.383697509765625 0.040374755859375
0.219589233398438 0.1724853515625 -0.347625732421875 -0.0301513671875
0.267837524414063 0.0362548828125 -0.61328125 -0.0647583007812499
0.164291381835938 -0.094085693359375 -0.388092041015625 0.141632080078125
0.0132827758789063 -0.0934066772460938 -0.130126953125 0.086395263671875
-0.0329990386962891 -0.0156078338623047 -0.0350723266601562 -0.0851669311523438
0.0091705322265625 0.045501708984375 -0.113922119140625 -0.197494506835938
0.0353660583496094 0.0128326416015625 -0.2005615234375 -0.228378295898438
0.0267677307128906 -0.00988006591796875 -0.242172241210937 -0.216018676757813
0.0245037078857422 0.00255775451660156 -0.274581909179687 -0.255020141601563
-0.00741767883300781 0.0114908218383789 -0.226409912109375 -0.312347412109375
-0.0595779418945312 -0.0168266296386719 -0.15496826171875 -0.3026123046875
-0.0582275390625 -0.100051879882813 -0.0703582763671875 -0.27874755859375
0.0635986328125 -0.174636840820313 0.0384674072265625 -0.218917846679688
0.220382690429688 -0.10504150390625 0.0100784301757813 -0.0418357849121094
0.220382690429687 0.0396575927734375 -0.3720703125 -0.00369262695312493
0.3555908203125 0.095123291015625 -0.278091430664063 -0.01336669921875
0.368927001953125 0.003509521484375 -0.60430908203125 -0.098876953125
0.3040771484375 -0.11456298828125 -0.42889404296875 0.17572021484375
0.142745971679688 -0.176788330078125 -0.130790710449219 0.136665344238281
0.037109375 -0.138641357421875 -0.0107383728027344 -0.0604629516601563
-0.00725555419921875 -0.101593017578125 -0.106491088867187 -0.19171142578125
-0.0342178344726563 -0.104026794433594 -0.204544067382813 -0.215499877929687
-0.0396499633789063 -0.117835998535156 -0.244903564453125 -0.19219970703125
-0.0568161010742187 -0.119064331054688 -0.270706176757813 -0.231033325195312
-0.0583419799804687 -0.127891540527344 -0.2293701171875 -0.2994384765625
-0.040771484375 -0.15643310546875 -0.144195556640625 -0.288909912109375
0.000808715820312501 -0.206512451171875 -0.0520172119140625 -0.271728515625
0.153060913085938 -0.224655151367188 0.06036376953125 -0.210830688476563
0.313323974609375 -0.175384521484375 0.0358009338378906 -0.0606918334960938
0.33953857421875 -0.046478271484375 -0.31011962890625 0.00808715820312504
0.443695068359375 -0.017120361328125 -0.170822143554687 0.00469970703125
0.416168212890625 -0.069580078125 -0.55877685546875 -0.10296630859375
0.38287353515625 -0.147857666015625 -0.44586181640625 0.2313232421875
0.240768432617188 -0.247970581054688 -0.129608154296875 0.21661376953125
0.099456787109375 -0.251251220703125 0.0108604431152344 0.00295829772949217
-0.0223236083984375 -0.244003295898438 -0.0826568603515625 -0.138557434082031
-0.099945068359375 -0.212387084960938 -0.1749267578125 -0.164443969726563
-0.0992584228515625 -0.2099609375 -0.212417602539063 -0.13751220703125
-0.127395629882813 -0.221298217773437 -0.229583740234375 -0.180511474609375
-0.10400390625 -0.24578857421875 -0.200180053710938 -0.2569580078125
-0.02056884765625 -0.280044555664063 -0.114028930664062 -0.26080322265625
0.060638427734375 -0.299774169921875 -0.0191650390625 -0.262954711914063
0.2354736328125 -0.251724243164063 0.109268188476563 -0.216812133789063
0.3736572265625 -0.213134765625 0.106712341308594 -0.091400146484375
0.405853271484375 -0.1182861328125 -0.198257446289062 0.00877380371093751
0.462646484375 -0.1358642578125 -0.03826904296875 0.0110969543457031
0.394775390625 -0.15887451171875 -0.474517822265625 -0.0830078124999999
0.386474609375 -0.18194580078125 -0.416717529296875 0.29095458984375
0.282562255859375 -0.292938232421875 -0.107666015625 0.2978515625
0.1375732421875 -0.329620361328125 0.0364608764648438 0.091033935546875
-0.04180908203125 -0.3531494140625 -0.0395469665527344 -0.0489997863769531
-0.15484619140625 -0.2882080078125 -0.113929748535156 -0.0784759521484375
-0.143569946289063 -0.272140502929687 -0.147430419921875 -0.0622100830078125
-0.17498779296875 -0.28948974609375 -0.158248901367188 -0.110122680664063
-0.12896728515625 -0.327880859375 -0.14306640625 -0.19329833984375
0.00833129882812501 -0.3636474609375 -0.060882568359375 -0.214126586914063
0.120758056640625 -0.35211181640625 0.0290069580078125 -0.243621826171875
0.297698974609375 -0.24078369140625 0.176895141601563 -0.223037719726563
0.3897705078125 -0.2122802734375 0.208526611328125 -0.123092651367188
0.4132080078125 -0.167327880859375 -0.0562744140625 0.00533294677734373
0.398345947265625 -0.227630615234375 0.101577758789063 0.00376892089843749
0.2998046875 -0.20550537109375 -0.3612060546875 -0.04705810546875
0.3211669921875 -0.1739501953125 -0.333831787109375 0.330474853515625
0.27294921875 -0.280654907226563 -0.0570068359375 0.353271484375
0.143585205078125 -0.351715087890625 0.06689453125 0.174484252929687
-0.0614013671875 -0.400970458984375 0.0193672180175781 0.0619354248046875
-0.18841552734375 -0.31842041015625 -0.0265026092529297 0.0268630981445312
-0.167236328125 -0.293121337890625 -0.0598564147949219 0.02667236328125
-0.192596435546875 -0.317413330078125 -0.0702629089355469 -0.0271873474121094
-0.124481201171875 -0.362030029296875 -0.0697555541992188 -0.111763000488281
0.04949951171875 -0.38812255859375 -0.000106811523437505 -0.149093627929688
0.17462158203125 -0.3397216796875 0.0858306884765625 -0.204696655273438
0.315765380859375 -0.177825927734375 0.253768920898438 -0.212783813476562
0.34881591796875 -0.170684814453125 0.330108642578125 -0.136932373046875
0.360260009765625 -0.194549560546875 0.0959091186523438 0.00669097900390624
0.256820678710938 -0.262451171875 0.225341796875 -0.01373291015625
0.158233642578125 -0.176971435546875 -0.229644775390625 -0.0097503662109375
0.222503662109375 -0.102279663085938 -0.223480224609375 0.329925537109375
0.236282348632812 -0.211898803710938 -0.00115966796875 0.363861083984375
0.129241943359375 -0.313140869140625 0.09490966796875 0.23748779296875
-0.074798583984375 -0.377655029296875 0.08642578125 0.166290283203125
-0.192474365234375 -0.2945556640625 0.07373046875 0.128852844238281
-0.164321899414062 -0.2701416015625 0.0381393432617187 0.11041259765625
-0.18212890625 -0.300628662109375 0.0194892883300781 0.0566596984863281
-0.095977783203125 -0.34246826171875 0.00260162353515625 -0.0221500396728516
0.09039306640625 -0.346893310546875 0.0518112182617188 -0.0718994140625
0.206222534179688 -0.257492065429688 0.132293701171875 -0.148147583007813
0.269882202148438 -0.0756378173828125 0.323974609375 -0.178924560546875
0.242233276367188 -0.114669799804688 0.44415283203125 -0.11767578125
0.251754760742188 -0.210891723632812 0.232879638671875 0.0176544189453125
0.07098388671875 -0.237533569335937 0.31097412109375 -0.0345458984375
0.0111236572265625 -0.086334228515625 -0.110893249511719 0.0161209106445312
0.124244689941406 0.00252532958984375 -0.125244140625 0.2952880859375
0.186920166015625 -0.112335205078125 0.039337158203125 0.34014892578125
0.1043701171875 -0.229354858398438 0.1116943359375 0.275009155273437
-0.070220947265625 -0.2918701171875 0.15057373046875 0.24688720703125
-0.161834716796875 -0.220962524414063 0.171249389648437 0.207244873046875
-0.138931274414062 -0.207183837890625 0.131149291992187 0.17626953125
-0.148651123046875 -0.2418212890625 0.097900390625 0.129829406738281
-0.060150146484375 -0.278656005859375 0.0588798522949219 0.0636634826660156
0.11181640625 -0.2562255859375 0.0777511596679688 0.00501251220703124
0.191268920898438 -0.133102416992188 0.153335571289063 -0.0890655517578125
0.15411376953125 0.02508544921875 0.371978759765625 -0.133819580078125
0.082000732421875 -0.0733108520507813 0.537811279296875 -0.069488525390625
0.107147216796875 -0.223388671875 0.336456298828125 0.033416748046875
-0.122329711914063 -0.164642333984375 0.3443603515625 -0.049285888671875
-0.1104736328125 0.0289306640625 -0.0300369262695313 0.0317516326904297
0.0357666015625 0.104057312011719 -0.0661773681640625 0.249435424804688
0.126777648925781 -0.00464630126953125 0.053070068359375 0.31414794921875
0.0745315551757812 -0.117393493652344 0.116607666015625 0.2943115234375
-0.046844482421875 -0.165084838867188 0.202880859375 0.2923583984375
-0.100921630859375 -0.116424560546875 0.249588012695313 0.249801635742188
-0.0901641845703125 -0.11517333984375 0.204391479492187 0.212356567382812
-0.09832763671875 -0.149200439453125 0.1549072265625 0.183029174804688
-0.0240478515625 -0.176971435546875 0.0929794311523438 0.134368896484375
0.102325439453125 -0.135482788085938 0.0751495361328125 0.0605926513671875
0.124420166015625 -0.00418853759765625 0.147857666015625 -0.0527801513671875
-0.00833892822265625 0.0838775634765625 0.404632568359375 -0.10137939453125
-0.0983734130859375 -0.0662918090820313 0.60064697265625 -0.00836181640625
-0.051239013671875 -0.228836059570313 0.39202880859375 0.039764404296875
0.2318115234375 0.167709350585937 -0.357421875 -0.02117919921875
0.274398803710938 0.0234222412109375 -0.6292724609375 -0.04486083984375
0.160781860351562 -0.103179931640625 -0.3890380859375 0.15838623046875
0.00841522216796875 -0.0948638916015625 -0.128509521484375 0.0926132202148437
-0.0350780487060547 -0.0117416381835938 -0.0414276123046875 -0.0840377807617188
0.0144309997558594 0.0468902587890625 -0.126296997070313 -0.192642211914062
0.0395965576171875 0.010986328125 -0.21600341796875 -0.222335815429687
0.027740478515625 -0.0102043151855469 -0.254104614257812 -0.209945678710938
0.0256481170654297 0.00178337097167969 -0.287841796875 -0.247222900390625
-0.00531101226806641 0.01336669921875 -0.242034912109375 -0.30548095703125
-0.0618476867675781 -0.012359619140625 -0.169677734375 -0.29937744140625
-0.0654525756835938 -0.0989456176757813 -0.0830535888671875 -0.279327392578125
0.0562896728515625 -0.181365966796875 0.0308074951171875 -0.225082397460938
0.219314575195313 -0.119293212890625 0.0105781555175781 -0.0467681884765625
0.22735595703125 0.030364990234375 -0.379119873046875 0.01190185546875
0.36505126953125 0.0831298828125 -0.28558349609375 -0.00778198242187493
0.37445068359375 -0.012969970703125 -0.6224365234375 -0.0797119140625
0.30169677734375 -0.128082275390625 -0.428985595703125 0.195709228515625
0.13623046875 -0.186019897460938 -0.12628173828125 0.144989013671875
0.03009033203125 -0.141189575195313 -0.0148735046386719 -0.0615386962890625
-0.0104522705078125 -0.101646423339844 -0.117828369140625 -0.187973022460937
-0.037506103515625 -0.104354858398438 -0.220230102539063 -0.208084106445313
-0.04425048828125 -0.117538452148438 -0.257080078125 -0.1837158203125
-0.062530517578125 -0.11773681640625 -0.283447265625 -0.2227783203125
-0.06463623046875 -0.124374389648437 -0.2451171875 -0.289794921875
-0.0493927001953125 -0.154525756835938 -0.1583251953125 -0.28668212890625
-0.00967407226562499 -0.211013793945313 -0.06341552734375 -0.273696899414063
0.14605712890625 -0.237213134765625 0.05352783203125 -0.218399047851563
0.31011962890625 -0.1954345703125 0.0363426208496094 -0.0664024353027344
0.344940185546875 -0.060638427734375 -0.314056396484375 0.021697998046875
0.450103759765625 -0.034881591796875 -0.175857543945313 0.00730895996093748
0.4190673828125 -0.08819580078125 -0.57550048828125 -0.087158203125
0.38128662109375 -0.168609619140625 -0.4453125 0.25225830078125
0.231796264648438 -0.263351440429688 -0.122467041015625 0.2252197265625
0.090057373046875 -0.257614135742188 0.00913143157958985 0.00204277038574217
-0.0339813232421875 -0.24615478515625 -0.0909042358398438 -0.137306213378906
-0.108734130859375 -0.209793090820313 -0.188629150390625 -0.158538818359375
-0.109222412109375 -0.208221435546875 -0.22210693359375 -0.129928588867188
-0.140151977539063 -0.217208862304688 -0.2403564453125 -0.172149658203125
-0.116165161132813 -0.241744995117187 -0.214599609375 -0.248794555664063
-0.03497314453125 -0.282012939453125 -0.125259399414062 -0.259017944335938
0.046722412109375 -0.307647705078125 -0.029449462890625 -0.267562866210938
0.229034423828125 -0.267837524414063 0.101959228515625 -0.227279663085938
0.36907958984375 -0.2374267578125 0.105934143066406 -0.0998458862304688
0.408538818359375 -0.136962890625 -0.200653076171875 0.0175933837890625
0.462799072265625 -0.157562255859375 -0.0391197204589843 0.00929641723632812
0.394439697265625 -0.176910400390625 -0.48980712890625 -0.0681152343749999
0.382720947265625 -0.204315185546875 -0.413848876953125 0.310821533203125
0.274871826171875 -0.31146240234375 -0.095611572265625 0.308685302734375
0.125335693359375 -0.339508056640625 0.0395584106445312 0.0889434814453125
-0.0587158203125 -0.3553466796875 -0.0429878234863281 -0.0486793518066406
-0.168487548828125 -0.285125732421875 -0.122161865234375 -0.0746536254882813
-0.1578369140625 -0.268661499023438 -0.15472412109375 -0.0557861328125
-0.1907958984375 -0.28448486328125 -0.166046142578125 -0.104080200195313
-0.145782470703125 -0.323944091796875 -0.154159545898437 -0.187240600585938
-0.00906372070312501 -0.368896484375 -0.0703125 -0.214736938476563
0.105804443359375 -0.366241455078125 0.0206146240234375 -0.251846313476562
0.292938232421875 -0.260711669921875 0.170684814453125 -0.23785400390625
0.385345458984375 -0.23565673828125 0.208648681640625 -0.136703491210938
0.41339111328125 -0.186248779296875 -0.0552291870117187 0.00922012329101561
0.395477294921875 -0.24810791015625 0.104019165039063 -0.00453948974609377
0.29547119140625 -0.220672607421875 -0.3717041015625 -0.03515625
0.317169189453125 -0.19189453125 -0.326171875 0.34820556640625
0.265228271484375 -0.298675537109375 -0.041748046875 0.362335205078125
0.130401611328125 -0.363494873046875 0.074676513671875 0.174057006835937
-0.083404541015625 -0.4036865234375 0.0213851928710938 0.0607147216796875
-0.206207275390625 -0.314605712890625 -0.0290641784667969 0.0283966064453125
-0.18389892578125 -0.289093017578125 -0.0618705749511719 0.0304069519042969
-0.211669921875 -0.312347412109375 -0.0727920532226563 -0.0237960815429688
-0.143585205078125 -0.35772705078125 -0.0769500732421875 -0.107666015625
0.0308837890625 -0.396240234375 -0.00494384765625001 -0.151077270507813
0.161834716796875 -0.353302001953125 0.0819549560546875 -0.214324951171875
0.315460205078125 -0.196014404296875 0.24993896484375 -0.229660034179688
0.345489501953125 -0.19073486328125 0.330047607421875 -0.1553955078125
0.357757568359375 -0.212493896484375 0.100341796875 0.00453948974609374
0.250259399414063 -0.276779174804688 0.2301025390625 -0.0257415771484375
0.152740478515625 -0.185028076171875 -0.235916137695313 -0.00415039062500002
0.220184326171875 -0.115753173828125 -0.214569091796875 0.34521484375
0.230667114257812 -0.22784423828125 0.015350341796875 0.369903564453125
0.118499755859375 -0.32366943359375 0.105575561523437 0.23712158203125
-0.093292236328125 -0.3809814453125 0.0944061279296875 0.164566040039062
-0.208709716796875 -0.288238525390625 0.0776901245117188 0.128250122070312
-0.180496215820312 -0.266281127929688 0.0420150756835937 0.111549377441406
-0.20050048828125 -0.29638671875 0.0218582153320312 0.0576400756835937
-0.115966796875 -0.341156005859375 -0.000263214111328133 -0.0202980041503906
0.074737548828125 -0.357025146484375 0.0521316528320313 -0.0742034912109375
0.198486328125 -0.272201538085938 0.132232666015625 -0.15826416015625
0.272476196289062 -0.0891876220703125 0.322418212890625 -0.197845458984375
0.239654541015625 -0.128952026367188 0.44891357421875 -0.138824462890625
0.246536254882813 -0.222564697265625 0.241607666015625 0.011016845703125
0.0609130859375 -0.244644165039062 0.31781005859375 -0.05047607421875
0.00800323486328124 -0.0866241455078125 -0.112754821777344 0.0195236206054688
0.126091003417969 -0.00374603271484375 -0.115631103515625 0.305450439453125
0.185195922851563 -0.124588012695313 0.0556640625 0.345245361328125
0.095855712890625 -0.23895263671875 0.12371826171875 0.273910522460938
-0.086517333984375 -0.294036865234375 0.16302490234375 0.243133544921875
-0.175323486328125 -0.21551513671875 0.180908203125 0.203109741210938
-0.152511596679688 -0.203353881835938 0.14013671875 0.173385620117188
-0.164215087890625 -0.238052368164063 0.104301452636719 0.128486633300781
-0.0752716064453125 -0.277389526367188 0.0602340698242188 0.0632705688476562
0.0998992919921875 -0.266448974609375 0.080810546875 0.00172424316406248
0.189620971679688 -0.144577026367188 0.15521240234375 -0.0972442626953125
0.160415649414062 0.018646240234375 0.373077392578125 -0.15283203125
0.077178955078125 -0.0788040161132813 0.5438232421875 -0.092620849609375
0.0972137451171875 -0.23016357421875 0.347625732421875 0.023162841796875
-0.131805419921875 -0.161865234375 0.352386474609375 -0.067230224609375
-0.110641479492188 0.0349807739257813 -0.0294342041015625 0.0324516296386719
0.0410232543945313 0.103721618652344 -0.05743408203125 0.255813598632813
0.129615783691406 -0.012115478515625 0.067626953125 0.316009521484375
0.0705184936523438 -0.122962951660156 0.130615234375 0.29449462890625
-0.0561981201171875 -0.166900634765625 0.217742919921875 0.28863525390625
-0.109222412109375 -0.111961364746094 0.262161254882813 0.242050170898438
-0.0995254516601563 -0.11224365234375 0.215255737304687 0.20599365234375
-0.10845947265625 -0.146865844726563 0.165725708007813 0.178741455078125
-0.0334014892578125 -0.178604125976563 0.0992965698242188 0.132553100585938
0.0968475341796875 -0.144882202148438 0.0809478759765625 0.0585556030273437
0.127326965332031 -0.0106201171875 0.15118408203125 -0.0589141845703125
-0.00211334228515625 0.086822509765625 0.40692138671875 -0.119598388671875
-0.105812072753906 -0.0626449584960938 0.61029052734375 -0.032958984375
-0.0655670166015625 -0.230056762695312 0.404388427734375 0.0277099609375
0.241302490234375 0.154693603515625 -0.361846923828125 -0.00567626953124999
0.274551391601563 0.0050811767578125 -0.63525390625 -0.01470947265625
0.15350341796875 -0.112030029296875 -0.382293701171875 0.178802490234375
0.00202941894531251 -0.0939254760742187 -0.12152099609375 0.0969924926757813
-0.0359878540039063 -0.00798416137695313 -0.046478271484375 -0.080780029296875
0.0200424194335938 0.0472679138183594 -0.137954711914063 -0.180404663085937
0.0422859191894531 0.00738525390625 -0.230392456054688 -0.207061767578125
0.0282230377197266 -0.0114784240722656 -0.265487670898438 -0.194168090820313
0.0275096893310547 0.000736236572265625 -0.299407958984375 -0.22845458984375
-0.00282478332519531 0.0144281387329102 -0.255584716796875 -0.288848876953125
-0.0618820190429688 -0.00559234619140626 -0.185089111328125 -0.287750244140625
-0.07318115234375 -0.0952377319335937 -0.098541259765625 -0.273239135742188
0.0441436767578125 -0.185638427734375 0.0190277099609375 -0.225799560546875
0.213226318359375 -0.134307861328125 0.00933837890625001 -0.0513534545898438
0.230743408203125 0.017730712890625 -0.37957763671875 0.032073974609375
0.3690185546875 0.06292724609375 -0.289764404296875 0.00396728515625006
0.373687744140625 -0.034912109375 -0.629638671875 -0.0490112304687499
0.29278564453125 -0.147735595703125 -0.419891357421875 0.218536376953125
0.12396240234375 -0.193145751953125 -0.116531372070313 0.150161743164063
0.02166748046875 -0.140327453613281 -0.0190162658691406 -0.060821533203125
-0.0151290893554688 -0.0986785888671875 -0.129562377929687 -0.17669677734375
-0.0401840209960937 -0.10211181640625 -0.233367919921875 -0.1932373046875
-0.0501327514648438 -0.112617492675781 -0.26922607421875 -0.166900634765625
-0.068359375 -0.112579345703125 -0.2952880859375 -0.204376220703125
-0.069549560546875 -0.118965148925781 -0.261260986328125 -0.273773193359375
-0.059661865234375 -0.149124145507813 -0.173355102539063 -0.275680541992188
-0.0232696533203125 -0.2100830078125 -0.0780487060546875 -0.269622802734375
0.130569458007813 -0.247467041015625 0.0414581298828125 -0.222061157226563
0.296844482421875 -0.21630859375 0.0320587158203125 -0.072509765625
0.342681884765625 -0.08154296875 -0.311920166015625 0.038177490234375
0.447418212890625 -0.05743408203125 -0.177536010742187 0.0125732421875
0.41412353515625 -0.113311767578125 -0.58349609375 -0.0595092773437499
0.370819091796875 -0.19073486328125 -0.43218994140625 0.275909423828125
0.21453857421875 -0.276031494140625 -0.106521606445312 0.231689453125
0.074981689453125 -0.261199951171875 0.00902366638183594 0.0012531280517578
-0.04705810546875 -0.242202758789062 -0.100166320800781 -0.130714416503906
-0.119552612304688 -0.20318603515625 -0.20086669921875 -0.14508056640625
-0.12042236328125 -0.199066162109375 -0.231430053710937 -0.11456298828125
-0.151412963867188 -0.207473754882813 -0.2506103515625 -0.157577514648438
-0.130874633789062 -0.231414794921875 -0.228378295898438 -0.232177734375
-0.053009033203125 -0.277572631835938 -0.1383056640625 -0.250473022460937
0.027069091796875 -0.310333251953125 -0.042236328125 -0.264862060546875
0.2127685546875 -0.28399658203125 0.09088134765625 -0.235626220703125
0.3543701171875 -0.25946044921875 0.100517272949219 -0.109146118164063
0.400543212890625 -0.160369873046875 -0.197952270507812 0.0301361083984375
0.453338623046875 -0.181549072265625 -0.0406112670898437 0.00721740722656248
0.38189697265625 -0.19781494140625 -0.496307373046875 -0.0442504882812501
0.368621826171875 -0.225311279296875 -0.396514892578125 0.332977294921875
0.25439453125 -0.327728271484375 -0.076263427734375 0.312774658203125
0.1053466796875 -0.34564208984375 0.044769287109375 0.0862274169921875
-0.079071044921875 -0.34942626953125 -0.0469169616699219 -0.0459976196289063
-0.184555053710938 -0.274124145507813 -0.130294799804688 -0.0657730102539063
-0.1734619140625 -0.256561279296875 -0.160812377929688 -0.04437255859375
-0.207550048828125 -0.270553588867187 -0.172760009765625 -0.0924835205078125
-0.164794921875 -0.310028076171875 -0.166259765625 -0.174575805664063
-0.0325927734375 -0.3658447265625 -0.0821533203125 -0.208450317382813
0.081817626953125 -0.372528076171875 0.00877380371093752 -0.254119873046875
0.276046752929688 -0.27789306640625 0.155532836914063 -0.249053955078125
0.369842529296875 -0.258880615234375 0.202407836914063 -0.151199340820313
0.401885986328125 -0.207305908203125 -0.0541229248046875 0.0142173767089844
0.379486083984375 -0.26922607421875 0.103134155273438 -0.0135498046875
0.28131103515625 -0.23590087890625 -0.3770751953125 -0.01800537109375
0.30352783203125 -0.210723876953125 -0.309173583984375 0.36676025390625
0.2449951171875 -0.31640625 -0.02069091796875 0.36260986328125
0.108673095703125 -0.370208740234375 0.0839996337890625 0.168731689453125
-0.107086181640625 -0.3973388671875 0.02398681640625 0.0580253601074219
-0.221588134765625 -0.30023193359375 -0.031209945678711 0.0307483673095703
-0.201004028320312 -0.275543212890625 -0.062530517578125 0.0362701416015625
-0.23028564453125 -0.296142578125 -0.075103759765625 -0.0188369750976563
-0.16650390625 -0.343536376953125 -0.0830459594726563 -0.100624084472656
0.00457763671875002 -0.39581298828125 -0.0114898681640625 -0.149948120117188
0.139923095703125 -0.364013671875 0.0720062255859375 -0.220977783203125
0.303314208984375 -0.214996337890625 0.2354736328125 -0.246002197265625
0.332122802734375 -0.2120361328125 0.321258544921875 -0.174957275390625
0.34588623046875 -0.2293701171875 0.103469848632813 0.00105285644531249
0.23272705078125 -0.291046142578125 0.228729248046875 -0.0431365966796875
0.141815185546875 -0.192184448242188 -0.238449096679688 0.00695800781249994
0.210952758789062 -0.128875732421875 -0.195281982421875 0.355377197265625
0.216445922851563 -0.2435302734375 0.037567138671875 0.368927001953125
0.0989990234375 -0.331512451171875 0.11810302734375 0.229873657226562
-0.11822509765625 -0.37384033203125 0.102951049804687 0.156280517578125
-0.22515869140625 -0.2752685546875 0.0815353393554687 0.123855590820312
-0.197616577148438 -0.253250122070312 0.0450057983398437 0.11083984375
-0.21832275390625 -0.282684326171875 0.0249061584472656 0.0561294555664062
-0.136016845703125 -0.328582763671875 -0.00342178344726563 -0.0182590484619141
0.050750732421875 -0.36163330078125 0.04974365234375 -0.0778579711914063
0.181549072265625 -0.28509521484375 0.125381469726563 -0.16656494140625
0.268997192382812 -0.105224609375 0.30938720703125 -0.21795654296875
0.228912353515625 -0.143997192382812 0.439544677734375 -0.165283203125
0.233016967773437 -0.234466552734375 0.245223999023438 3.05175781249856E-05
0.0463409423828125 -0.2470703125 0.316650390625 -0.07098388671875
0.002685546875 -0.08563232421875 -0.113243103027344 0.0246124267578125
0.124275207519531 -0.0119400024414063 -0.09912109375 0.31085205078125
0.177261352539063 -0.13800048828125 0.0762939453125 0.340087890625
0.0835113525390625 -0.24530029296875 0.138107299804688 0.265151977539062
-0.1055908203125 -0.288848876953125 0.1766357421875 0.230728149414062
-0.188003540039062 -0.203567504882813 0.190093994140625 0.192581176757813
-0.165130615234375 -0.193008422851563 0.1478271484375 0.165924072265625
-0.179824829101563 -0.225906372070312 0.112190246582031 0.122200012207031
-0.0928802490234375 -0.270309448242188 0.0622367858886719 0.0618515014648437
0.08270263671875 -0.27239990234375 0.0834579467773438 -0.00288391113281252
0.180130004882813 -0.15625 0.150909423828125 -0.107421875
0.1622314453125 0.009002685546875 0.361358642578125 -0.174102783203125
0.0706863403320313 -0.0841445922851562 0.53753662109375 -0.121917724609375
0.08282470703125 -0.233871459960937 0.352508544921875 0.00622558593749999
-0.142120361328125 -0.153106689453125 0.350372314453125 -0.08984375
-0.108497619628906 0.0427627563476563 -0.0276145935058594 0.0334720611572266
0.0472030639648438 0.0996551513671875 -0.042724609375 0.25811767578125
0.128585815429688 -0.0205154418945313 0.08648681640625 0.312347412109375
0.0634613037109375 -0.128387451171875 0.145904541015625 0.285858154296875
-0.0677947998046875 -0.164520263671875 0.232254028320313 0.273971557617188
-0.116943359375 -0.103683471679688 0.273086547851563 0.225494384765625
-0.107795715332031 -0.1046142578125 0.22705078125 0.192855834960938
-0.118301391601562 -0.138992309570313 0.17547607421875 0.168197631835938
-0.04644775390625 -0.176483154296875 0.106163024902344 0.127639770507813
0.08758544921875 -0.15142822265625 0.0850753784179688 0.0536422729492187
0.12774658203125 -0.0193328857421875 0.149276733398438 -0.0679168701171875
0.0044708251953125 0.0884017944335938 0.397796630859375 -0.14312744140625
-0.110870361328125 -0.0557098388671875 0.60638427734375 -0.063720703125
-0.08135986328125 -0.224884033203125 0.408294677734375 0.00729370117187499
0.242950439453125 0.139968872070313 -0.3565673828125 0.00836181640625008
0.268341064453125 -0.0102386474609375 -0.6251220703125 0.0150146484375
0.143630981445313 -0.115921020507813 -0.367645263671875 0.19384765625
-0.0032958984375 -0.0910415649414062 -0.113700866699219 0.099700927734375
-0.0356483459472656 -0.00362014770507812 -0.048736572265625 -0.0759124755859375
0.0229530334472656 0.0435371398925781 -0.144424438476562 -0.166427612304688
0.0427742004394531 0.00414657592773438 -0.238693237304688 -0.189865112304687
0.0296802520751953 -0.0103816986083984 -0.2669677734375 -0.176223754882813
0.0300655364990234 9.1552734375E-05 -0.301300048828125 -0.2093505859375
-0.0021829605102539 0.0152254104614258 -0.264205932617188 -0.268478393554688
-0.0627479553222656 9.5367431640629E-05 -0.192642211914062 -0.26837158203125
-0.0784225463867187 -0.088623046875 -0.108856201171875 -0.2591552734375
0.0328369140625 -0.185211181640625 0.00775146484374998 -0.2227783203125
0.202774047851563 -0.142547607421875 0.00974273681640626 -0.0523910522460938
0.226547241210938 0.0055389404296875 -0.370147705078125 0.05023193359375
0.362884521484375 0.045928955078125 -0.28680419921875 0.016448974609375
0.362030029296875 -0.0506591796875 -0.62103271484375 -0.0198974609375001
0.274368286132813 -0.15692138671875 -0.39886474609375 0.230621337890625
0.110015869140625 -0.1939697265625 -0.105560302734375 0.151229858398437
0.0151290893554687 -0.133811950683594 -0.0202674865722656 -0.0587921142578125
-0.0194854736328125 -0.0926437377929688 -0.137542724609375 -0.166702270507813
-0.0443267822265625 -0.099456787109375 -0.24151611328125 -0.176406860351563
-0.05181884765625 -0.108726501464844 -0.269912719726563 -0.147857666015625
-0.0723037719726562 -0.103836059570313 -0.300018310546875 -0.183319091796875
-0.0733871459960938 -0.110969543457031 -0.266159057617187 -0.254608154296875
-0.0677947998046875 -0.139480590820313 -0.181472778320313 -0.2593994140625
-0.0354461669921875 -0.206039428710938 -0.0880126953125 -0.257919311523437
0.111282348632812 -0.24822998046875 0.0314178466796875 -0.217819213867188
0.280120849609375 -0.2265625 0.03192138671875 -0.0760116577148438
0.3294677734375 -0.09906005859375 -0.3067626953125 0.0535888671874999
0.434967041015625 -0.075531005859375 -0.178009033203125 0.0185699462890625
0.393707275390625 -0.127685546875 -0.5751953125 -0.0357666015625
0.35076904296875 -0.204925537109375 -0.40899658203125 0.2891845703125
0.1944580078125 -0.28277587890625 -0.0920867919921875 0.231735229492187
0.0602264404296875 -0.258590698242188 0.00907135009765626 0.0011930465698242
-0.0583038330078125 -0.233413696289062 -0.104072570800781 -0.124565124511719
-0.124557495117188 -0.192001342773437 -0.204544067382813 -0.129562377929687
-0.128097534179688 -0.184005737304688 -0.234893798828125 -0.09906005859375
-0.156051635742187 -0.190750122070313 -0.254013061523438 -0.141128540039062
-0.136077880859375 -0.213607788085938 -0.234039306640625 -0.215667724609375
-0.0642242431640625 -0.266387939453125 -0.145706176757813 -0.233123779296875
0.00836181640624998 -0.30517578125 -0.0537872314453125 -0.257797241210938
0.190521240234375 -0.286895751953125 0.0757598876953125 -0.233688354492188
0.332611083984375 -0.27337646484375 0.0924224853515625 -0.113235473632813
0.38787841796875 -0.176239013671875 -0.191055297851562 0.03765869140625
0.43670654296875 -0.19830322265625 -0.0407333374023437 0.00923919677734374
0.360992431640625 -0.21148681640625 -0.4918212890625 -0.02239990234375
0.347015380859375 -0.239105224609375 -0.3720703125 0.341156005859375
0.229888916015625 -0.334442138671875 -0.058868408203125 0.307159423828125
0.08740234375 -0.34130859375 0.0441665649414063 0.081207275390625
-0.096160888671875 -0.336761474609375 -0.0493202209472656 -0.0427398681640625
-0.193008422851562 -0.261550903320312 -0.13568115234375 -0.055419921875
-0.183090209960938 -0.241622924804687 -0.161224365234375 -0.031524658203125
-0.218063354492187 -0.251571655273438 -0.172866821289063 -0.0817413330078125
-0.17388916015625 -0.2908935546875 -0.17041015625 -0.15802001953125
-0.0528564453125 -0.355682373046875 -0.08868408203125 -0.198715209960938
0.0594482421875 -0.36834716796875 -0.00158691406249999 -0.251708984375
0.255645751953125 -0.2857666015625 0.141143798828125 -0.251083374023438
0.34722900390625 -0.271636962890625 0.191421508789063 -0.156875610351563
0.383148193359375 -0.220489501953125 -0.0500755310058594 0.0188407897949219
0.357330322265625 -0.2806396484375 0.097503662109375 -0.0214004516601563
0.26214599609375 -0.239608764648438 -0.37115478515625 -0.00103759765625001
0.28607177734375 -0.220245361328125 -0.285064697265625 0.371612548828125
0.222991943359375 -0.322113037109375 -0.00115966796875001 0.354705810546875
0.089385986328125 -0.36798095703125 0.090545654296875 0.158065795898437
-0.127288818359375 -0.381744384765625 0.0243606567382812 0.0536422729492187
-0.232208251953125 -0.280517578125 -0.0316219329833984 0.032379150390625
-0.2100830078125 -0.25640869140625 -0.0608787536621094 0.0433197021484375
-0.241165161132813 -0.275772094726563 -0.073699951171875 -0.0145111083984375
-0.17864990234375 -0.322998046875 -0.0879974365234375 -0.0891952514648438
-0.01513671875 -0.38629150390625 -0.0169525146484375 -0.14593505859375
0.1171875 -0.36285400390625 0.0587005615234375 -0.221420288085938
0.285797119140625 -0.228668212890625 0.215972900390625 -0.253982543945313
0.3118896484375 -0.22686767578125 0.30609130859375 -0.19024658203125
0.324981689453125 -0.237548828125 0.102195739746094 -0.00257873535156251
0.2137451171875 -0.293731689453125 0.223358154296875 -0.0544891357421875
0.131790161132813 -0.19464111328125 -0.23583984375 0.0178527832031249
0.199462890625 -0.134994506835938 -0.17779541015625 0.35650634765625
0.19732666015625 -0.248992919921875 0.05474853515625 0.359527587890625
0.082000732421875 -0.329559326171875 0.126129150390625 0.217086791992187
-0.136962890625 -0.35906982421875 0.107696533203125 0.14520263671875
-0.233474731445313 -0.256500244140625 0.0854721069335937 0.116226196289062
-0.206329345703125 -0.2347412109375 0.0486984252929687 0.1085205078125
-0.230636596679688 -0.261962890625 0.0266494750976562 0.0545539855957031
-0.150054931640625 -0.311492919921875 -0.00427627563476563 -0.0143661499023438
0.03155517578125 -0.353424072265625 0.0453567504882812 -0.077392578125
0.16058349609375 -0.287750244140625 0.115371704101563 -0.171630859375
0.25482177734375 -0.11578369140625 0.288818359375 -0.226409912109375
0.213836669921875 -0.148956298828125 0.423004150390625 -0.1822509765625
0.21649169921875 -0.240310668945313 0.243408203125 -0.00759887695312501
0.03466796875 -0.243667602539063 0.3060302734375 -0.08697509765625
-0.001220703125 -0.0834884643554688 -0.110832214355469 0.0265731811523437
0.121391296386719 -0.018463134765625 -0.08160400390625 0.306396484375
0.166549682617188 -0.14544677734375 0.09271240234375 0.329803466796875
0.06842041015625 -0.24517822265625 0.146926879882813 0.251388549804688
-0.12164306640625 -0.277023315429688 0.181411743164063 0.215774536132813
-0.1949462890625 -0.189346313476562 0.193527221679688 0.178802490234375
-0.172897338867188 -0.179107666015625 0.152313232421875 0.155319213867188
-0.187042236328125 -0.209335327148438 0.116218566894531 0.113563537597656
-0.106658935546875 -0.257522583007813 0.0626945495605469 0.0573577880859375
0.06280517578125 -0.271652221679688 0.0814132690429688 -0.00841522216796877
0.169677734375 -0.16412353515625 0.144210815429688 -0.112380981445313
0.158737182617187 -0.0003662109375 0.341552734375 -0.18792724609375
0.062957763671875 -0.0828475952148438 0.519805908203125 -0.146728515625
0.0702362060546875 -0.22821044921875 0.346954345703125 -0.00854492187500001
-0.143142700195313 -0.142227172851563 0.33935546875 -0.102508544921875
-0.0989761352539062 0.0468902587890625 -0.0252094268798828 0.0351028442382813
0.0518264770507812 0.0954437255859375 -0.03094482421875 0.253555297851563
0.124771118164063 -0.0295944213867188 0.100860595703125 0.298614501953125
0.0553512573242187 -0.130722045898438 0.157150268554688 0.269699096679688
-0.07562255859375 -0.156661987304688 0.238754272460938 0.251907348632813
-0.118682861328125 -0.093536376953125 0.274856567382813 0.208770751953125
-0.112274169921875 -0.0959930419921875 0.231277465820313 0.178192138671875
-0.124031066894531 -0.128379821777344 0.180557250976563 0.156600952148438
-0.05615234375 -0.170120239257813 0.107879638671875 0.118659973144531
0.0758056640625 -0.15362548828125 0.086639404296875 0.0496063232421875
0.124374389648438 -0.0245819091796875 0.143814086914063 -0.07257080078125
0.0113143920898437 0.0861053466796875 0.3782958984375 -0.158447265625
-0.113410949707031 -0.0494155883789063 0.59210205078125 -0.08929443359375
-0.0917816162109375 -0.216018676757813 0.400634765625 -0.00958251953125001
0.241363525390625 0.13287353515625 -0.349761962890625 0.015625
0.260208129882813 -0.01922607421875 -0.609375 0.0288696289062499
0.135604858398438 -0.118019104003906 -0.35260009765625 0.197906494140625
-0.006622314453125 -0.0874557495117188 -0.109039306640625 0.0973892211914062
-0.0346088409423828 -0.000738143920898442 -0.0499420166015625 -0.0744857788085938
0.0260200500488281 0.0429649353027344 -0.143447875976562 -0.1568603515625
0.0424842834472656 0.0021820068359375 -0.23681640625 -0.17498779296875
0.0299777984619141 -0.0112018585205078 -0.265670776367188 -0.162643432617187
0.0304126739501953 -0.000188827514648438 -0.298797607421875 -0.195098876953125
0.00156307220458984 0.015019416809082 -0.260940551757813 -0.2530517578125
-0.0597991943359375 0.00463104248046875 -0.193557739257813 -0.256072998046875
-0.0806808471679687 -0.0821914672851563 -0.11376953125 -0.24700927734375
0.02520751953125 -0.180633544921875 0.00413513183593748 -0.215652465820313
0.19293212890625 -0.146011352539063 0.00802993774414063 -0.0558509826660156
0.221511840820312 -0.001220703125 -0.359771728515625 0.058837890625
0.3548583984375 0.03704833984375 -0.280517578125 0.0197296142578125
0.3516845703125 -0.0594482421875 -0.608154296875 -0.00451660156250009
0.265472412109375 -0.159881591796875 -0.38616943359375 0.235107421875
0.0982208251953125 -0.193634033203125 -0.0961761474609375 0.146942138671875
0.010955810546875 -0.130439758300781 -0.0239524841308594 -0.0558509826660156
-0.01763916015625 -0.0893630981445313 -0.136550903320313 -0.155319213867188
-0.0439529418945313 -0.0941848754882812 -0.240676879882812 -0.161483764648437
-0.0519561767578125 -0.102195739746094 -0.266754150390625 -0.134765625
-0.072601318359375 -0.09747314453125 -0.29437255859375 -0.170501708984375
-0.0715408325195313 -0.10162353515625 -0.263519287109375 -0.236312866210938
-0.0692367553710938 -0.131439208984375 -0.179840087890625 -0.246185302734375
-0.0438995361328125 -0.196868896484375 -0.094757080078125 -0.24774169921875
0.101943969726563 -0.244903564453125 0.0241851806640625 -0.214492797851563
0.262939453125 -0.23016357421875 0.027252197265625 -0.0765457153320313
0.322845458984375 -0.10028076171875 -0.292816162109375 0.0601806640625
0.421783447265625 -0.084930419921875 -0.173751831054687 0.020599365234375
0.3831787109375 -0.136474609375 -0.56597900390625 -0.0172119140625
0.336151123046875 -0.205474853515625 -0.394683837890625 0.29046630859375
0.17681884765625 -0.2806396484375 -0.082550048828125 0.224380493164062
0.051300048828125 -0.249893188476563 0.00701284408569336 -0.000474452972412125
-0.06396484375 -0.222152709960937 -0.106788635253906 -0.114181518554688
-0.126815795898438 -0.182693481445313 -0.207077026367188 -0.1181640625
-0.128662109375 -0.176620483398438 -0.231964111328125 -0.084259033203125
-0.15985107421875 -0.181610107421875 -0.248046875 -0.126922607421875
-0.137710571289063 -0.202377319335937 -0.231231689453125 -0.198333740234375
-0.0720977783203125 -0.253860473632813 -0.146255493164062 -0.224456787109375
-0.00183105468749999 -0.297943115234375 -0.0599822998046875 -0.250381469726563
0.179443359375 -0.287200927734375 0.06561279296875 -0.228973388671875
0.31317138671875 -0.2750244140625 0.0891494750976563 -0.11871337890625
0.37371826171875 -0.17919921875 -0.184951782226562 0.0464019775390625
0.419525146484375 -0.205535888671875 -0.0432968139648437 0.00625991821289062
0.348968505859375 -0.214080810546875 -0.48297119140625 -0.0128479003906251
0.33135986328125 -0.24053955078125 -0.35699462890625 0.344451904296875
0.2105712890625 -0.331146240234375 -0.0467529296875 0.299346923828125
0.074310302734375 -0.334381103515625 0.046905517578125 0.0779190063476562
-0.1082763671875 -0.32275390625 -0.0499038696289063 -0.0422782897949219
-0.195556640625 -0.24578857421875 -0.134689331054688 -0.0499191284179687
-0.181869506835938 -0.225875854492188 -0.158309936523438 -0.0222320556640625
-0.217498779296875 -0.237045288085937 -0.171646118164063 -0.0715789794921875
-0.177139282226563 -0.2734375 -0.168441772460938 -0.147323608398438
-0.063720703125 -0.3409423828125 -0.088348388671875 -0.192153930664063
0.04522705078125 -0.3603515625 -0.0104522705078125 -0.243408203125
0.2418212890625 -0.28668212890625 0.12725830078125 -0.248703002929688
0.328277587890625 -0.274658203125 0.180328369140625 -0.16387939453125
0.369720458984375 -0.223236083984375 -0.0456161499023437 0.0197067260742187
0.34033203125 -0.28350830078125 0.0944595336914063 -0.023773193359375
0.25018310546875 -0.240615844726562 -0.3663330078125 0.00720214843750006
0.271453857421875 -0.222671508789062 -0.26971435546875 0.368804931640625
0.205078125 -0.319732666015625 0.010894775390625 0.344024658203125
0.075225830078125 -0.36090087890625 0.091796875 0.1507568359375
-0.1385498046875 -0.366729736328125 0.0236778259277344 0.0507392883300781
-0.235916137695312 -0.266693115234375 -0.0330924987792969 0.0349006652832031
-0.211196899414062 -0.242584228515625 -0.0592231750488281 0.0459938049316406
-0.2423095703125 -0.259628295898437 -0.0745925903320313 -0.0105972290039063
-0.1832275390625 -0.303985595703125 -0.0880508422851563 -0.0822601318359375
-0.02960205078125 -0.374176025390625 -0.0184326171875 -0.140914916992188
0.101806640625 -0.355560302734375 0.0513153076171875 -0.217376708984375
0.27288818359375 -0.2294921875 0.20245361328125 -0.252960205078125
0.2947998046875 -0.227691650390625 0.293670654296875 -0.193939208984375
0.312408447265625 -0.238189697265625 0.103897094726563 -0.00251007080078126
0.2000732421875 -0.2933349609375 0.2137451171875 -0.061004638671875
0.121475219726563 -0.189849853515625 -0.232208251953125 0.0220184326171875
0.189361572265625 -0.13653564453125 -0.162628173828125 0.3511962890625
0.183013916015625 -0.250045776367188 0.0670776367187501 0.3443603515625
0.069427490234375 -0.32452392578125 0.128158569335938 0.205169677734375
-0.14837646484375 -0.34466552734375 0.104301452636719 0.137939453125
-0.237106323242188 -0.240188598632812 0.0828323364257812 0.1134033203125
-0.2073974609375 -0.222396850585938 0.0485687255859375 0.107254028320312
-0.230987548828125 -0.243972778320313 0.0267982482910156 0.0516471862792969
-0.155853271484375 -0.294189453125 -0.00490856170654298 -0.0122318267822266
0.016143798828125 -0.345001220703125 0.0435028076171875 -0.076934814453125
0.149261474609375 -0.283905029296875 0.107650756835938 -0.172500610351563
0.24664306640625 -0.1212158203125 0.273117065429688 -0.22735595703125
0.202560424804688 -0.151840209960938 0.408233642578125 -0.18927001953125
0.20404052734375 -0.234375 0.240478515625 -0.0121002197265625
0.0263519287109375 -0.237136840820313 0.29766845703125 -0.095458984375
-0.001922607421875 -0.0795669555664063 -0.109992980957031 0.0293121337890625
0.118125915527344 -0.01837158203125 -0.07391357421875 0.302154541015625
0.156158447265625 -0.146957397460938 0.09954833984375 0.314697265625
0.0598297119140625 -0.2418212890625 0.149520874023437 0.238906860351562
-0.129241943359375 -0.265579223632813 0.180801391601563 0.202056884765625
-0.197189331054688 -0.175613403320312 0.192276000976563 0.169082641601563
-0.17340087890625 -0.167861938476563 0.151397705078125 0.150222778320313
-0.190689086914063 -0.197494506835937 0.114242553710937 0.1077880859375
-0.112030029296875 -0.245529174804688 0.0612564086914062 0.0578498840332031
0.05352783203125 -0.26617431640625 0.0802536010742188 -0.00968933105468752
0.159500122070313 -0.164382934570313 0.137542724609375 -0.116035461425781
0.156753540039063 -0.0021514892578125 0.325714111328125 -0.191253662109375
0.0563278198242188 -0.0814056396484375 0.502655029296875 -0.15289306640625
0.0611114501953125 -0.2225341796875 0.34234619140625 -0.0152587890625
-0.146835327148438 -0.134033203125 0.331085205078125 -0.115234375
-0.0947723388671875 0.0484390258789062 -0.024648666381836 0.0321540832519531
0.0535430908203125 0.0937957763671875 -0.023162841796875 0.248672485351563
0.120559692382812 -0.0313873291015625 0.10772705078125 0.286407470703125
0.0501632690429688 -0.130317687988281 0.158050537109375 0.257186889648438
-0.08221435546875 -0.150436401367188 0.239105224609375 0.2374267578125
-0.120849609375 -0.0879364013671875 0.274551391601563 0.195602416992188
-0.112449645996094 -0.088165283203125 0.227264404296875 0.166839599609375
-0.12750244140625 -0.122108459472656 0.179855346679688 0.1448974609375
-0.0596771240234375 -0.163467407226563 0.106910705566406 0.115028381347656
0.0665435791015625 -0.15350341796875 0.08758544921875 0.0438079833984375
0.121017456054688 -0.0321807861328125 0.138496398925781 -0.075927734375
0.0143890380859375 0.0829086303710938 0.3631591796875 -0.163055419921875
-0.114158630371094 -0.0406723022460938 0.57232666015625 -0.1005859375
-0.0960235595703125 -0.203704833984375 0.395172119140625 -0.01953125
0.241043090820313 0.12957763671875 -0.349029541015625 0.01751708984375
0.2567138671875 -0.02227783203125 -0.6068115234375 0.0336914062500001
0.133026123046875 -0.119300842285156 -0.347625732421875 0.201690673828125
-0.010101318359375 -0.0858306884765625 -0.105827331542969 0.0970687866210937
-0.0339031219482422 0.00229454040527343 -0.0499954223632812 -0.0716705322265625
0.028045654296875 0.0422286987304688 -0.14337158203125 -0.151092529296875
0.0443496704101562 0.000484466552734375 -0.23797607421875 -0.167617797851563
0.0314807891845703 -0.0117664337158203 -0.264938354492188 -0.156295776367187
0.0315265655517578 -0.000707626342773438 -0.298828125 -0.186859130859375
0.004119873046875 0.0157585144042969 -0.25762939453125 -0.246932983398438
-0.0570297241210938 0.00761795043945312 -0.192230224609375 -0.248886108398438
-0.0819091796875 -0.07861328125 -0.11346435546875 -0.241958618164062
0.0214080810546875 -0.179336547851562 0.00196838378906251 -0.212997436523438
0.188507080078125 -0.150588989257813 0.00727081298828126 -0.0580825805664062
0.221511840820313 -0.0042724609375 -0.356903076171875 0.065582275390625
0.352142333984375 0.033905029296875 -0.278701782226563 0.0218353271484376
0.34552001953125 -0.065765380859375 -0.60528564453125 -0.00207519531249994
0.260284423828125 -0.161911010742188 -0.380218505859375 0.238006591796875
0.09271240234375 -0.190475463867188 -0.09521484375 0.14501953125
0.00778961181640624 -0.126052856445312 -0.0239295959472656 -0.055938720703125
-0.0205841064453125 -0.0875473022460938 -0.137435913085938 -0.151626586914062
-0.0445938110351563 -0.0921478271484375 -0.242294311523438 -0.154098510742188
-0.0510940551757812 -0.0996551513671875 -0.267425537109375 -0.126556396484375
-0.0702743530273438 -0.0961990356445312 -0.29461669921875 -0.16357421875
-0.0725326538085937 -0.0985641479492188 -0.262283325195313 -0.228652954101562
-0.0694351196289063 -0.127342224121094 -0.179107666015625 -0.239761352539063
-0.047393798828125 -0.191757202148437 -0.09429931640625 -0.242828369140625
0.0968017578125 -0.24481201171875 0.021942138671875 -0.211380004882813
0.259292602539063 -0.233367919921875 0.026885986328125 -0.0810089111328125
0.318359375 -0.10357666015625 -0.290740966796875 0.065155029296875
0.41455078125 -0.087554931640625 -0.173431396484375 0.0215911865234375
0.377197265625 -0.137786865234375 -0.56341552734375 -0.0151367187499999
0.32965087890625 -0.207977294921875 -0.3895263671875 0.293487548828125
0.169189453125 -0.27685546875 -0.0790863037109375 0.220932006835937
0.04681396484375 -0.24560546875 0.00796031951904297 -0.00192117691040041
-0.067657470703125 -0.216339111328125 -0.10772705078125 -0.113616943359375
-0.128875732421875 -0.177719116210938 -0.207977294921875 -0.111282348632812
-0.125885009765625 -0.172119140625 -0.229476928710937 -0.0778808593750001
-0.158584594726563 -0.174942016601563 -0.251052856445313 -0.121673583984375
-0.138290405273437 -0.194808959960938 -0.23028564453125 -0.191818237304687
-0.07720947265625 -0.24859619140625 -0.144378662109375 -0.219863891601563
-0.009124755859375 -0.29217529296875 -0.0624237060546875 -0.247146606445313
0.170928955078125 -0.2860107421875 0.0632781982421875 -0.227890014648438
0.304473876953125 -0.27984619140625 0.0865478515625 -0.120498657226563
0.369354248046875 -0.179595947265625 -0.1810302734375 0.0482025146484374
0.4102783203125 -0.2047119140625 -0.0430030822753906 0.00650787353515624
0.34136962890625 -0.21392822265625 -0.481353759765625 -0.00918579101562506
0.324859619140625 -0.23980712890625 -0.351837158203125 0.345062255859375
0.20111083984375 -0.32958984375 -0.04193115234375 0.2955322265625
0.06732177734375 -0.3310546875 0.0479507446289063 0.0746917724609375
-0.110748291015625 -0.314239501953125 -0.0530433654785156 -0.0414047241210938
-0.197433471679687 -0.238204956054688 -0.136528015136719 -0.0436248779296875
-0.181793212890625 -0.220321655273437 -0.157089233398438 -0.0148162841796875
-0.219268798828125 -0.230133056640625 -0.173126220703125 -0.067840576171875
-0.178466796875 -0.262588500976562 -0.168380737304688 -0.140289306640625
-0.0693359375 -0.33489990234375 -0.086639404296875 -0.187744140625
0.037506103515625 -0.355804443359375 -0.0134429931640625 -0.241470336914063
0.2347412109375 -0.28662109375 0.123382568359375 -0.247055053710938
0.3179931640625 -0.277069091796875 0.1771240234375 -0.166732788085938
0.364501953125 -0.222564697265625 -0.043365478515625 0.0214157104492187
0.334197998046875 -0.283538818359375 0.0920791625976563 -0.0246810913085938
0.244216918945313 -0.240325927734375 -0.36614990234375 0.0087890625
0.263687133789063 -0.221710205078125 -0.264739990234375 0.369232177734375
0.195892333984375 -0.32080078125 0.0167236328125 0.338226318359375
0.06951904296875 -0.357757568359375 0.0909576416015625 0.146957397460937
-0.14447021484375 -0.357421875 0.0217628479003906 0.0477066040039062
-0.238815307617187 -0.25775146484375 -0.0346565246582031 0.0370674133300781
-0.211715698242188 -0.2354736328125 -0.0578422546386719 0.0505447387695312
-0.243881225585937 -0.251190185546875 -0.0750503540039063 -0.00716400146484377
-0.183868408203125 -0.29315185546875 -0.0878219604492188 -0.0767822265625
-0.036346435546875 -0.368377685546875 -0.017608642578125 -0.139556884765625
0.093231201171875 -0.353790283203125 0.04840087890625 -0.217391967773438
0.266006469726563 -0.22955322265625 0.196258544921875 -0.25030517578125
0.287109375 -0.226898193359375 0.288177490234375 -0.195709228515625
0.308624267578125 -0.23687744140625 0.105117797851563 -0.00121307373046876
0.194732666015625 -0.29290771484375 0.210983276367188 -0.0648193359375
0.118057250976563 -0.188827514648438 -0.232681274414063 0.022613525390625
0.185882568359375 -0.136001586914063 -0.16119384765625 0.35064697265625
0.175506591796875 -0.249893188476562 0.070404052734375 0.338287353515625
0.06427001953125 -0.3233642578125 0.127716064453125 0.20050048828125
-0.1539306640625 -0.334716796875 0.103034973144531 0.132293701171875
-0.23919677734375 -0.232559204101563 0.0810470581054687 0.113265991210937
-0.208023071289063 -0.214508056640625 0.050445556640625 0.109146118164062
-0.233963012695312 -0.237747192382813 0.0252532958984375 0.0535469055175781
-0.1583251953125 -0.28411865234375 -0.00619506835937501 -0.00808572769165041
0.00872802734374998 -0.341156005859375 0.0441818237304688 -0.0776443481445313
0.1417236328125 -0.283599853515625 0.104171752929688 -0.171005249023438
0.243316650390625 -0.12176513671875 0.26654052734375 -0.22833251953125
0.195465087890625 -0.150558471679688 0.401397705078125 -0.1912841796875
0.200958251953125 -0.231216430664063 0.240859985351563 -0.0136871337890625
0.02276611328125 -0.2349853515625 0.293731689453125 -0.099822998046875
-0.000671386718750005 -0.0778884887695313 -0.10943603515625 0.0294036865234375
0.116058349609375 -0.0183944702148438 -0.071502685546875 0.300048828125
0.150955200195313 -0.147659301757813 0.103485107421875 0.308319091796875
0.05499267578125 -0.241912841796875 0.149368286132813 0.232940673828125
-0.1346435546875 -0.25811767578125 0.17779541015625 0.195220947265625
-0.198028564453125 -0.170135498046875 0.190261840820313 0.16583251953125
-0.175445556640625 -0.161773681640625 0.150650024414063 0.148040771484375
-0.1943359375 -0.191162109375 0.113349914550781 0.105003356933594
-0.114898681640625 -0.237442016601563 0.0603256225585937 0.0590705871582031
0.0470428466796875 -0.263320922851562 0.081573486328125 -0.0110092163085938
0.154449462890625 -0.165542602539063 0.134193420410156 -0.115936279296875
0.155502319335938 -0.004730224609375 0.31878662109375 -0.189788818359375
0.0529251098632813 -0.0790939331054688 0.49560546875 -0.154693603515625
0.0578765869140625 -0.218612670898438 0.34197998046875 -0.01605224609375
-0.14617919921875 -0.131103515625 0.327606201171875 -0.12115478515625
-0.0920257568359375 0.0490951538085937 -0.0250568389892578 0.0309638977050781
0.0541610717773438 0.0935134887695313 -0.0218658447265625 0.246688842773437
0.118370056152344 -0.0347061157226563 0.110137939453125 0.2796630859375
0.0468597412109375 -0.131179809570312 0.1571044921875 0.251068115234375
-0.0858154296875 -0.14703369140625 0.23553466796875 0.230056762695312
-0.121047973632812 -0.0840072631835938 0.273056030273438 0.188369750976563
-0.113395690917969 -0.085479736328125 0.227676391601563 0.162612915039063
-0.131057739257812 -0.117927551269531 0.178878784179688 0.141799926757812
-0.0643310546875 -0.159530639648438 0.106803894042969 0.114646911621094
0.0621337890625 -0.155715942382813 0.08721923828125 0.0436477661132812
0.120498657226563 -0.0332717895507813 0.136062622070312 -0.07684326171875
0.015716552734375 0.0826492309570313 0.3541259765625 -0.16217041015625
-0.114463806152344 -0.0380477905273437 0.56414794921875 -0.10455322265625
-0.09625244140625 -0.198715209960938 0.39385986328125 -0.020294189453125
0.246719360351562 0.129730224609375 -0.353790283203125 0.0219116210937501
0.258499145507813 -0.028564453125 -0.6136474609375 0.0413208007812499
0.13165283203125 -0.124168395996094 -0.34783935546875 0.20867919921875
-0.0123519897460938 -0.0850143432617188 -0.105888366699219 0.098663330078125
-0.0342864990234375 0.00520706176757813 -0.0521469116210938 -0.0723419189453125
0.0302467346191406 0.0427055358886719 -0.146575927734375 -0.1490478515625
0.0453681945800781 -0.000270843505859375 -0.243545532226563 -0.16314697265625
0.0333042144775391 -0.0121231079101563 -0.26983642578125 -0.152236938476563
0.0344104766845703 -0.00116729736328125 -0.30548095703125 -0.184539794921875
0.00676822662353516 0.0167989730834961 -0.26239013671875 -0.245132446289062
-0.056427001953125 0.0111312866210938 -0.195068359375 -0.247665405273438
-0.0857696533203125 -0.0756454467773438 -0.116165161132812 -0.24114990234375
0.0181884765625 -0.182266235351563 0.00120544433593752 -0.215774536132813
0.188003540039063 -0.157623291015625 0.00597381591796876 -0.0623855590820313
0.225753784179688 -0.007720947265625 -0.360870361328125 0.072784423828125
0.355255126953125 0.031951904296875 -0.28271484375 0.023773193359375
0.3466796875 -0.0712890625 -0.61407470703125 0.0032348632812499
0.2601318359375 -0.167800903320313 -0.381439208984375 0.247955322265625
0.0880126953125 -0.192337036132813 -0.093780517578125 0.147705078125
0.00520324707031249 -0.12567138671875 -0.0250930786132813 -0.056671142578125
-0.021575927734375 -0.0859603881835938 -0.141921997070313 -0.150482177734375
-0.0465240478515625 -0.0918807983398438 -0.248489379882813 -0.148239135742188
-0.0520782470703125 -0.0985336303710938 -0.271697998046875 -0.120742797851563
-0.07037353515625 -0.095184326171875 -0.301177978515625 -0.1593017578125
-0.0719375610351563 -0.0959701538085937 -0.265594482421875 -0.225479125976562
-0.071746826171875 -0.124664306640625 -0.181320190429687 -0.239532470703125
-0.0529632568359375 -0.191009521484375 -0.098663330078125 -0.242095947265625
0.0933074951171875 -0.249008178710937 0.0196990966796875 -0.214096069335938
0.2572021484375 -0.242401123046875 0.0245361328125 -0.0849685668945313
0.322296142578125 -0.10955810546875 -0.29376220703125 0.07232666015625
0.416473388671875 -0.090850830078125 -0.175613403320312 0.0231170654296875
0.37762451171875 -0.144744873046875 -0.57244873046875 -0.00958251953125013
0.32928466796875 -0.21368408203125 -0.39044189453125 0.30389404296875
0.163360595703125 -0.281829833984375 -0.0760650634765625 0.223556518554687
0.0430908203125 -0.24639892578125 0.00809335708618164 -0.002805233001709
-0.0715179443359375 -0.213058471679688 -0.112373352050781 -0.112686157226563
-0.132965087890625 -0.175201416015625 -0.214767456054688 -0.106292724609375
-0.1282958984375 -0.170654296875 -0.233718872070313 -0.0697784423828125
-0.162521362304687 -0.17291259765625 -0.255599975585937 -0.116439819335938
-0.140533447265625 -0.191574096679687 -0.23455810546875 -0.18817138671875
-0.0827789306640625 -0.247695922851563 -0.147384643554688 -0.220870971679688
-0.0166015625 -0.29364013671875 -0.0670166015625 -0.246139526367188
0.168060302734375 -0.291717529296875 0.0602569580078125 -0.230453491210938
0.301361083984375 -0.28704833984375 0.08416748046875 -0.125732421875
0.372314453125 -0.185028076171875 -0.1810302734375 0.052215576171875
0.410247802734375 -0.21148681640625 -0.0442314147949218 0.00662994384765623
0.34161376953125 -0.22076416015625 -0.4898681640625 -0.00234985351562502
0.32391357421875 -0.247406005859375 -0.352203369140625 0.356475830078125
0.19525146484375 -0.3350830078125 -0.0377197265625 0.299163818359375
0.06353759765625 -0.33349609375 0.0483779907226563 0.0723037719726562
-0.118560791015625 -0.310638427734375 -0.0557022094726563 -0.0417709350585938
-0.204025268554687 -0.234710693359375 -0.141876220703125 -0.0388336181640625
-0.186996459960937 -0.217239379882813 -0.15875244140625 -0.00799560546875002
-0.224517822265625 -0.225982666015625 -0.176742553710938 -0.0632781982421875
-0.18206787109375 -0.258544921875 -0.1722412109375 -0.135330200195313
-0.076873779296875 -0.334564208984375 -0.088623046875 -0.188461303710938
0.0296630859375 -0.35784912109375 -0.017333984375 -0.242767333984375
0.231689453125 -0.2928466796875 0.120559692382813 -0.250564575195312
0.31658935546875 -0.284698486328125 0.17559814453125 -0.173370361328125
0.369354248046875 -0.22698974609375 -0.0414924621582031 0.0238723754882812
0.332000732421875 -0.291046142578125 0.0924758911132813 -0.0272369384765625
0.243408203125 -0.24664306640625 -0.373046875 0.013519287109375
0.263778686523438 -0.225738525390625 -0.26531982421875 0.379241943359375
0.188873291015625 -0.325164794921875 0.0205078125 0.341583251953125
0.064544677734375 -0.36224365234375 0.0934295654296875 0.145767211914062
-0.1539306640625 -0.353851318359375 0.0190200805664062 0.0466117858886719
-0.24603271484375 -0.254409790039063 -0.0371360778808594 0.0408477783203125
-0.2166748046875 -0.232589721679688 -0.0582542419433594 0.0566635131835937
-0.250900268554688 -0.246688842773437 -0.0774383544921875 -0.0031585693359375
-0.189300537109375 -0.290008544921875 -0.0894088745117188 -0.0719528198242188
-0.045196533203125 -0.369537353515625 -0.01751708984375 -0.141494750976563
0.085113525390625 -0.358642578125 0.044708251953125 -0.219223022460938
0.264923095703125 -0.234954833984375 0.192886352539063 -0.253997802734375
0.28570556640625 -0.23358154296875 0.286529541015625 -0.204254150390625
0.311248779296875 -0.24078369140625 0.108642578125 -0.00182342529296876
0.191436767578125 -0.299224853515625 0.213409423828125 -0.0688934326171875
0.117156982421875 -0.192947387695313 -0.237823486328125 0.02642822265625
0.185989379882813 -0.137847900390625 -0.1585693359375 0.358001708984375
0.170928955078125 -0.255508422851563 0.076751708984375 0.33892822265625
0.059539794921875 -0.3280029296875 0.13116455078125 0.198638916015625
-0.163909912109375 -0.33233642578125 0.102096557617188 0.130706787109375
-0.246124267578125 -0.229248046875 0.0819015502929687 0.1138916015625
-0.214981079101562 -0.211654663085938 0.0532608032226562 0.111976623535156
-0.24163818359375 -0.233413696289062 0.0254936218261719 0.0559196472167969
-0.164154052734375 -0.27978515625 -0.00606775283813478 -0.00378990173339845
0.000854492187500035 -0.34283447265625 0.044464111328125 -0.0796432495117188
0.136138916015625 -0.288543701171875 0.102493286132813 -0.174057006835938
0.244796752929688 -0.12603759765625 0.264923095703125 -0.232345581054687
0.193878173828125 -0.153823852539063 0.401641845703125 -0.198455810546875
0.201400756835938 -0.234893798828125 0.246231079101563 -0.015594482421875
0.0175933837890625 -0.239334106445313 0.2962646484375 -0.106658935546875
-0.000999450683593753 -0.0791091918945313 -0.112396240234375 0.0309066772460938
0.11773681640625 -0.0188827514648437 -0.0692138671875 0.306488037109375
0.148788452148438 -0.151748657226563 0.108856201171875 0.30780029296875
0.050445556640625 -0.246932983398438 0.152877807617188 0.231765747070313
-0.142684936523438 -0.255935668945313 0.179092407226562 0.192901611328125
-0.20465087890625 -0.165359497070312 0.193191528320312 0.165130615234375
-0.180892944335938 -0.158294677734375 0.154830932617188 0.14898681640625
-0.201141357421875 -0.187591552734375 0.115638732910156 0.105567932128906
-0.120773315429688 -0.234649658203125 0.0621223449707031 0.0622749328613281
0.0399017333984375 -0.2664794921875 0.0826492309570313 -0.01275634765625
0.151947021484375 -0.1693115234375 0.133377075195313 -0.118911743164063
0.15814208984375 -0.0059967041015625 0.318756103515625 -0.19281005859375
0.0510025024414063 -0.0793228149414063 0.497802734375 -0.16253662109375
0.0563507080078125 -0.220367431640625 0.348907470703125 -0.01934814453125
-0.150741577148438 -0.130538940429687 0.3302001953125 -0.12896728515625
-0.0903091430664063 0.0497512817382813 -0.0254096984863281 0.0310878753662109
0.0571517944335938 0.0944366455078125 -0.0195770263671875 0.250396728515625
0.118316650390625 -0.0381393432617188 0.114166259765625 0.2786865234375
0.0443191528320313 -0.134346008300781 0.159469604492188 0.250885009765625
-0.0915069580078125 -0.144866943359375 0.236862182617188 0.227432250976563
-0.124488830566406 -0.0820541381835938 0.277236938476563 0.18603515625
-0.118324279785156 -0.0838088989257813 0.232254028320313 0.160720825195313
-0.136764526367187 -0.114791870117188 0.18255615234375 0.140213012695312
-0.069732666015625 -0.158676147460938 0.109626770019531 0.116783142089844
0.0578460693359375 -0.159164428710938 0.0890274047851563 0.0429763793945312
0.120132446289063 -0.0359268188476563 0.135688781738281 -0.0793380737304688
0.0180130004882812 0.08392333984375 0.355438232421875 -0.16522216796875
-0.116989135742187 -0.0341567993164063 0.568359375 -0.1099853515625
-0.09942626953125 -0.197952270507812 0.401458740234375 -0.024169921875
0.257339477539063 0.126373291015625 -0.361358642578125 0.031097412109375
0.26141357421875 -0.040557861328125 -0.6292724609375 0.0600585937499999
0.12896728515625 -0.132232666015625 -0.347991943359375 0.22705078125
-0.0164031982421875 -0.085113525390625 -0.104156494140625 0.104469299316406
-0.0346450805664062 0.00877761840820313 -0.0560836791992188 -0.0718765258789063
0.0335197448730469 0.043426513671875 -0.15472412109375 -0.146148681640625
0.0467338562011719 -0.001800537109375 -0.255279541015625 -0.155426025390625
0.0351352691650391 -0.0139713287353516 -0.280899047851563 -0.144256591796875
0.0371017456054688 -0.00337982177734375 -0.31787109375 -0.17633056640625
0.00955772399902344 0.017420768737793 -0.276199340820313 -0.239791870117188
-0.0557289123535156 0.0162696838378906 -0.206893920898438 -0.24560546875
-0.0910797119140625 -0.0717086791992188 -0.125015258789062 -0.240005493164063
0.0098114013671875 -0.187088012695313 -0.00547790527343749 -0.221206665039062
0.186325073242188 -0.171401977539063 0.00313949584960938 -0.0664100646972656
0.23175048828125 -0.015716552734375 -0.367034912109375 0.089385986328125
0.36517333984375 0.0230712890625 -0.28936767578125 0.032257080078125
0.350555419921875 -0.08624267578125 -0.6312255859375 0.0220336914062501
0.259963989257813 -0.181045532226562 -0.380859375 0.268157958984375
0.08203125 -0.197860717773438 -0.0902252197265625 0.15350341796875
0.000831604003906248 -0.125892639160156 -0.0274238586425781 -0.0573463439941406
-0.0240707397460938 -0.08380126953125 -0.15020751953125 -0.148529052734375
-0.050079345703125 -0.0904693603515625 -0.26116943359375 -0.139785766601563
-0.054595947265625 -0.0983352661132813 -0.28192138671875 -0.1102294921875
-0.0752029418945313 -0.094329833984375 -0.313079833984375 -0.14892578125
-0.0747833251953125 -0.0936813354492188 -0.278900146484375 -0.220001220703125
-0.07794189453125 -0.122146606445312 -0.191558837890625 -0.237945556640625
-0.062774658203125 -0.190521240234375 -0.107696533203125 -0.2427978515625
0.0850677490234375 -0.257125854492188 0.0142059326171875 -0.219329833984375
0.2523193359375 -0.2593994140625 0.0203781127929688 -0.090606689453125
0.32757568359375 -0.123077392578125 -0.29803466796875 0.0859985351562499
0.422637939453125 -0.1046142578125 -0.179779052734375 0.0282440185546875
0.379547119140625 -0.1597900390625 -0.59149169921875 0.00860595703124999
0.329193115234375 -0.229705810546875 -0.38916015625 0.326416015625
0.155426025390625 -0.291534423828125 -0.069610595703125 0.230743408203125
0.0360260009765625 -0.251800537109375 0.00816583633422852 -0.00467967987060548
-0.079986572265625 -0.210525512695312 -0.120071411132813 -0.112098693847656
-0.141815185546875 -0.171524047851563 -0.225418090820312 -0.0971679687500001
-0.135757446289063 -0.168228149414063 -0.241073608398438 -0.0584564208984375
-0.172088623046875 -0.169265747070313 -0.266693115234375 -0.106964111328125
-0.147781372070313 -0.187957763671875 -0.24566650390625 -0.181076049804687
-0.09454345703125 -0.246292114257813 -0.156509399414063 -0.220916748046875
-0.02972412109375 -0.2965087890625 -0.076568603515625 -0.247268676757813
0.16046142578125 -0.303436279296875 0.0540771484375 -0.237762451171875
0.296295166015625 -0.307037353515625 0.0793685913085938 -0.134757995605469
0.375732421875 -0.201385498046875 -0.182952880859375 0.061859130859375
0.41107177734375 -0.2291259765625 -0.0458602905273437 0.00794219970703124
0.34027099609375 -0.2371826171875 -0.506195068359375 0.0139770507812499
0.3232421875 -0.26300048828125 -0.348480224609375 0.379425048828125
0.184539794921875 -0.346099853515625 -0.027069091796875 0.306396484375
0.0531005859375 -0.342193603515625 0.0524368286132812 0.0710372924804687
-0.13214111328125 -0.308868408203125 -0.0619430541992188 -0.0422821044921875
-0.217788696289062 -0.229949951171875 -0.149002075195313 -0.0318603515625
-0.197998046875 -0.214126586914062 -0.162078857421875 0.00254821777343751
-0.238418579101563 -0.221511840820313 -0.1844482421875 -0.0544891357421875
-0.193923950195313 -0.253890991210938 -0.17889404296875 -0.128829956054688
-0.092437744140625 -0.336151123046875 -0.0962677001953125 -0.190322875976563
0.014373779296875 -0.363983154296875 -0.0268707275390625 -0.245147705078125
0.226409912109375 -0.30712890625 0.114013671875 -0.260223388671875
0.311370849609375 -0.303741455078125 0.17138671875 -0.184829711914063
0.37109375 -0.2437744140625 -0.0409584045410156 0.0277290344238281
0.328125 -0.307525634765625 0.0942230224609375 -0.0304718017578125
0.238800048828125 -0.260604858398438 -0.38543701171875 0.02642822265625
0.262588500976562 -0.239120483398437 -0.2596435546875 0.40081787109375
0.1795654296875 -0.3370361328125 0.03411865234375 0.347198486328125
0.052398681640625 -0.37188720703125 0.101150512695313 0.144302368164062
-0.170135498046875 -0.3516845703125 0.0172882080078125 0.0460205078125
-0.261215209960938 -0.247817993164063 -0.0390777587890625 0.0458717346191406
-0.230697631835938 -0.227890014648437 -0.0564613342285157 0.0651473999023437
-0.267440795898438 -0.240386962890625 -0.0795364379882813 0.00277709960937499
-0.2025146484375 -0.2855224609375 -0.0928878784179688 -0.066497802734375
-0.061920166015625 -0.374237060546875 -0.0223388671875 -0.144439697265625
0.072784423828125 -0.367889404296875 0.0375823974609375 -0.224349975585938
0.263717651367188 -0.249191284179688 0.188674926757813 -0.265548706054688
0.2813720703125 -0.2474365234375 0.28509521484375 -0.2188720703125
0.3106689453125 -0.2562255859375 0.11346435546875 -0.00441741943359377
0.182861328125 -0.312835693359375 0.216567993164062 -0.07867431640625
0.112838745117188 -0.201248168945313 -0.24603271484375 0.035919189453125
0.187255859375 -0.146331787109375 -0.151702880859375 0.377044677734375
0.163986206054688 -0.265151977539063 0.090911865234375 0.34271240234375
0.0477294921875 -0.33795166015625 0.139144897460937 0.197952270507812
-0.18060302734375 -0.330413818359375 0.105819702148437 0.129783630371094
-0.261688232421875 -0.222457885742188 0.0846633911132812 0.116325378417969
-0.228286743164062 -0.206008911132813 0.0590591430664062 0.116508483886719
-0.25830078125 -0.227294921875 0.0276374816894531 0.0589981079101562
-0.176834106445312 -0.277191162109375 -0.00499010086059571 0.00025129318237303
-0.014678955078125 -0.348846435546875 0.044036865234375 -0.0838623046875
0.1265869140625 -0.297607421875 0.0970306396484375 -0.180328369140625
0.2469482421875 -0.1370849609375 0.262802124023438 -0.244384765625
0.191268920898438 -0.162384033203125 0.402923583984375 -0.216033935546875
0.200241088867187 -0.246047973632812 0.2537841796875 -0.023834228515625
0.00808715820312498 -0.245834350585937 0.30035400390625 -0.121917724609375
-0.00374603271484375 -0.0817489624023437 -0.115882873535156 0.0353546142578125
0.121002197265625 -0.0222549438476563 -0.060577392578125 0.318389892578125
0.145156860351563 -0.160400390625 0.122344970703125 0.30975341796875
0.04132080078125 -0.255142211914063 0.16229248046875 0.231231689453125
-0.158203125 -0.253463745117188 0.186172485351563 0.19183349609375
-0.21685791015625 -0.160430908203125 0.201797485351562 0.16339111328125
-0.191787719726563 -0.15374755859375 0.164108276367188 0.148193359375
-0.2154541015625 -0.181427001953125 0.12200927734375 0.105926513671875
-0.132675170898438 -0.232894897460938 0.0658378601074219 0.0644035339355469
0.0283050537109375 -0.27374267578125 0.0847854614257813 -0.0161285400390625
0.147979736328125 -0.177871704101563 0.131240844726563 -0.125358581542969
0.162521362304688 -0.010223388671875 0.317291259765625 -0.206634521484375
0.0484848022460938 -0.0807037353515625 0.50439453125 -0.182403564453125
0.0516204833984375 -0.226150512695312 0.35943603515625 -0.031219482421875
-0.16058349609375 -0.128799438476563 0.334381103515625 -0.145904541015625
-0.0895919799804687 0.0530166625976563 -0.0257968902587891 0.0322303771972656
0.0637893676757813 0.0953521728515625 -0.0115509033203125 0.2596435546875
0.119293212890625 -0.0428466796875 0.125579833984375 0.27899169921875
0.038970947265625 -0.140609741210938 0.170028686523438 0.249832153320313
-0.101577758789063 -0.143569946289063 0.246337890625 0.22406005859375
-0.131111145019531 -0.0771560668945313 0.289031982421875 0.18011474609375
-0.125381469726563 -0.0790863037109375 0.24346923828125 0.155014038085938
-0.14727783203125 -0.110183715820313 0.192306518554688 0.137557983398438
-0.0797119140625 -0.15875244140625 0.116561889648438 0.117729187011719
0.051025390625 -0.165252685546875 0.093475341796875 0.0411529541015625
0.121337890625 -0.0416183471679688 0.135124206542969 -0.0846939086914063
0.0224380493164062 0.085784912109375 0.35638427734375 -0.178802490234375
-0.120635986328125 -0.0290985107421875 0.57830810546875 -0.1287841796875
-0.108001708984375 -0.198654174804688 0.412139892578125 -0.03790283203125
0.269271850585937 0.11651611328125 -0.365997314453125 0.048919677734375
0.259719848632812 -0.05859375 -0.63714599609375 0.09619140625
0.120147705078125 -0.142303466796875 -0.337127685546875 0.250762939453125
-0.0225830078125 -0.084075927734375 -0.0977630615234375 0.110687255859375
-0.0337657928466797 0.0131340026855469 -0.06103515625 -0.069915771484375
0.0376777648925781 0.0430450439453125 -0.164642333984375 -0.137680053710938
0.0491065979003906 -0.003326416015625 -0.268173217773438 -0.1395263671875
0.0369758605957031 -0.0162582397460938 -0.292938232421875 -0.127899169921875
0.0396766662597656 -0.00718307495117188 -0.332061767578125 -0.15679931640625
0.0121183395385742 0.016998291015625 -0.291259765625 -0.225982666015625
-0.0536613464355469 0.0231399536132813 -0.221542358398438 -0.235824584960938
-0.0962295532226563 -0.06439208984375 -0.138809204101562 -0.234329223632813
-0.0030059814453125 -0.189773559570313 -0.01788330078125 -0.225265502929687
0.177032470703125 -0.1881103515625 -0.00263214111328124 -0.0699272155761719
0.234405517578125 -0.030059814453125 -0.36676025390625 0.11517333984375
0.371734619140625 0.006805419921875 -0.292205810546875 0.04718017578125
0.346038818359375 -0.10772705078125 -0.64227294921875 0.0578613281249999
0.25042724609375 -0.1983642578125 -0.365875244140625 0.295684814453125
0.0688934326171875 -0.202789306640625 -0.0807037353515625 0.159194946289063
-0.00542449951171874 -0.124618530273438 -0.0311088562011719 -0.0571670532226563
-0.0277328491210937 -0.0801925659179688 -0.16180419921875 -0.141250610351563
-0.0544586181640625 -0.0866851806640625 -0.273422241210938 -0.122940063476563
-0.0592803955078125 -0.0951309204101562 -0.291015625 -0.09149169921875
-0.0791168212890625 -0.0901947021484375 -0.32733154296875 -0.128997802734375
-0.0791702270507813 -0.0890274047851563 -0.2939453125 -0.2047119140625
-0.0852203369140625 -0.115715026855469 -0.206741333007812 -0.229385375976563
-0.07574462890625 -0.185989379882813 -0.121856689453125 -0.237533569335937
0.0691070556640625 -0.26507568359375 0.00125122070312501 -0.2239990234375
0.237625122070312 -0.279876708984375 0.0132904052734375 -0.0948562622070313
0.32513427734375 -0.1435546875 -0.295806884765625 0.10760498046875
0.421356201171875 -0.12841796875 -0.181381225585937 0.0365753173828125
0.371063232421875 -0.185028076171875 -0.60333251953125 0.042236328125
0.31988525390625 -0.251861572265625 -0.372283935546875 0.35400390625
0.13763427734375 -0.300750732421875 -0.054962158203125 0.23614501953125
0.02154541015625 -0.25384521484375 0.00857686996459961 -0.00592184066772463
-0.091949462890625 -0.204010009765625 -0.130546569824219 -0.106460571289063
-0.152557373046875 -0.16339111328125 -0.235610961914063 -0.0816497802734375
-0.146072387695313 -0.160797119140625 -0.245925903320313 -0.0405426025390625
-0.183334350585938 -0.159683227539062 -0.275985717773438 -0.0878143310546875
-0.158416748046875 -0.1787109375 -0.256683349609375 -0.165634155273438
-0.110519409179687 -0.239883422851563 -0.169342041015625 -0.2142333984375
-0.049041748046875 -0.29486083984375 -0.0913543701171875 -0.244155883789063
0.1431884765625 -0.31536865234375 0.0414886474609375 -0.243896484375
0.279571533203125 -0.3280029296875 0.0705718994140625 -0.142745971679688
0.37005615234375 -0.2255859375 -0.181045532226562 0.0764617919921875
0.401275634765625 -0.25250244140625 -0.0463104248046875 0.00902557373046873
0.32757568359375 -0.25811767578125 -0.516510009765625 0.043426513671875
0.312896728515625 -0.28472900390625 -0.329193115234375 0.40789794921875
0.165191650390625 -0.3585205078125 -0.00775146484374996 0.310028076171875
0.03460693359375 -0.347564697265625 0.0576629638671875 0.0666084289550781
-0.151397705078125 -0.299713134765625 -0.0687103271484375 -0.0391197204589844
-0.23388671875 -0.2158203125 -0.15533447265625 -0.0189971923828125
-0.211746215820312 -0.202926635742188 -0.161651611328125 0.0177764892578125
-0.255035400390625 -0.20611572265625 -0.189544677734375 -0.0400238037109375
-0.209014892578125 -0.242111206054688 -0.186737060546875 -0.115249633789063
-0.11614990234375 -0.331085205078125 -0.107986450195312 -0.187789916992188
-0.008514404296875 -0.3662109375 -0.0406036376953125 -0.24462890625
0.21038818359375 -0.3233642578125 0.100082397460938 -0.268783569335938
0.29510498046875 -0.325531005859375 0.160675048828125 -0.198211669921875
0.363983154296875 -0.268798828125 -0.0380058288574219 0.03240966796875
0.310516357421875 -0.328399658203125 0.0933456420898438 -0.0381546020507813
0.22454833984375 -0.276092529296875 -0.393310546875 0.05035400390625
0.251846313476563 -0.256576538085938 -0.23846435546875 0.42315673828125
0.1591796875 -0.34991455078125 0.056121826171875 0.34759521484375
0.03131103515625 -0.37994384765625 0.109603881835937 0.137794494628906
-0.192779541015625 -0.341064453125 0.0165634155273437 0.0452995300292969
-0.279327392578125 -0.232269287109375 -0.039703369140625 0.0521583557128906
-0.246383666992187 -0.21380615234375 -0.0515213012695313 0.0732650756835938
-0.288238525390625 -0.222564697265625 -0.0801467895507813 0.01153564453125
-0.219329833984375 -0.272674560546875 -0.095703125 -0.057586669921875
-0.0869140625 -0.370391845703125 -0.0310821533203125 -0.1455078125
0.050933837890625 -0.37255859375 0.0255584716796875 -0.227340698242188
0.251983642578125 -0.267547607421875 0.175491333007813 -0.27886962890625
0.268539428710938 -0.266433715820313 0.273895263671875 -0.2391357421875
0.30322265625 -0.27642822265625 0.116355895996094 -0.00904083251953127
0.164703369140625 -0.326446533203125 0.214645385742188 -0.0933685302734375
0.10137939453125 -0.210067749023438 -0.248992919921875 0.051025390625
0.181808471679688 -0.157257080078125 -0.130767822265625 0.393310546875
0.149368286132813 -0.275970458984375 0.113037109375 0.33978271484375
0.02825927734375 -0.344757080078125 0.151779174804688 0.190536499023437
-0.203857421875 -0.318511962890625 0.1099853515625 0.1241455078125
-0.278961181640625 -0.20635986328125 0.0912094116210937 0.114601135253906
-0.243499755859375 -0.192474365234375 0.06842041015625 0.117782592773437
-0.276840209960938 -0.209609985351563 0.0319900512695312 0.060455322265625
-0.194168090820313 -0.266098022460938 -0.00315499305725099 0.00425243377685545
-0.03961181640625 -0.34881591796875 0.0399551391601563 -0.0875701904296875
0.109100341796875 -0.30645751953125 0.08807373046875 -0.18621826171875
0.242355346679688 -0.152267456054688 0.250900268554688 -0.261016845703125
0.182952880859375 -0.174148559570313 0.3944091796875 -0.242095947265625
0.18988037109375 -0.260345458984375 0.258392333984375 -0.037445068359375
-0.00939941406250001 -0.248062133789063 0.297607421875 -0.14312744140625
-0.00897979736328125 -0.0830764770507813 -0.116928100585938 0.0431747436523437
0.122871398925781 -0.0277633666992187 -0.042816162109375 0.329437255859375
0.137069702148437 -0.169540405273437 0.141632080078125 0.304595947265625
0.026031494140625 -0.260589599609375 0.176071166992188 0.223480224609375
-0.176284790039062 -0.242950439453125 0.1953125 0.182418823242188
-0.229095458984375 -0.14666748046875 0.21246337890625 0.154342651367188
-0.203933715820313 -0.140701293945312 0.17645263671875 0.14227294921875
-0.231903076171875 -0.166580200195313 0.130027770996094 0.101287841796875
-0.147491455078125 -0.22552490234375 0.072845458984375 0.0650100708007812
0.00900268554687498 -0.277297973632813 0.0844268798828125 -0.0214996337890625
0.138198852539063 -0.187713623046875 0.124763488769531 -0.13275146484375
0.164093017578125 -0.0191650390625 0.308624267578125 -0.226470947265625
0.0434188842773437 -0.0832443237304688 0.500030517578125 -0.21136474609375
0.04022216796875 -0.231430053710937 0.3646240234375 -0.05279541015625
-0.172637939453125 -0.120132446289063 0.330535888671875 -0.1722412109375
-0.087890625 0.056884765625 -0.0249557495117188 0.0341949462890625
0.071990966796875 0.094482421875 0.00349426269531248 0.265884399414062
0.118484497070313 -0.0505905151367188 0.143142700195312 0.272918701171875
0.0294647216796875 -0.145050048828125 0.184478759765625 0.242263793945313
-0.113204956054687 -0.136474609375 0.259231567382813 0.212692260742188
-0.1392822265625 -0.068511962890625 0.30157470703125 0.16461181640625
-0.133049011230469 -0.0704116821289062 0.256088256835937 0.142898559570313
-0.158706665039063 -0.0996551513671875 0.2034912109375 0.127227783203125
-0.091796875 -0.154022216796875 0.126670837402344 0.114646911621094
0.0381622314453125 -0.170669555664063 0.0962905883789063 0.0363845825195312
0.120048522949219 -0.0500717163085938 0.130264282226563 -0.092041015625
0.029205322265625 0.0866775512695313 0.349334716796875 -0.19976806640625
-0.124053955078125 -0.0210037231445313 0.57891845703125 -0.16094970703125
-0.120361328125 -0.1949462890625 0.41729736328125 -0.06231689453125
0.275238037109375 0.100051879882813 -0.35968017578125 0.068450927734375
0.249298095703125 -0.0755767822265625 -0.62615966796875 0.13458251953125
0.107650756835938 -0.148818969726563 -0.312591552734375 0.26904296875
-0.0282058715820312 -0.0806121826171875 -0.0877456665039063 0.113121032714844
-0.03179931640625 0.0167903900146484 -0.0639839172363281 -0.0659866333007812
0.0416526794433594 0.040802001953125 -0.1712646484375 -0.1240234375
0.0497055053710937 -0.00616455078125 -0.273727416992188 -0.117218017578125
0.0369796752929688 -0.0186729431152344 -0.297027587890625 -0.1053466796875
0.0405502319335938 -0.010345458984375 -0.33685302734375 -0.13079833984375
0.0152568817138672 0.0160160064697266 -0.30084228515625 -0.202850341796875
-0.0496711730957031 0.0284423828125 -0.23175048828125 -0.217132568359375
-0.0991897583007813 -0.0550155639648437 -0.150070190429687 -0.220947265625
-0.0177154541015625 -0.187301635742187 -0.0321044921875 -0.222183227539063
0.159469604492188 -0.199478149414063 -0.00894927978515623 -0.0709381103515625
0.23040771484375 -0.045074462890625 -0.352752685546875 0.1417236328125
0.367950439453125 -0.014678955078125 -0.28704833984375 0.06304931640625
0.333160400390625 -0.127716064453125 -0.6339111328125 0.0973510742187501
0.232925415039062 -0.211944580078125 -0.3411865234375 0.3154296875
0.0529632568359375 -0.202362060546875 -0.067901611328125 0.160171508789062
-0.01348876953125 -0.120147705078125 -0.0333900451660156 -0.0565223693847656
-0.030731201171875 -0.0743942260742188 -0.169647216796875 -0.1282958984375
-0.05743408203125 -0.0803604125976562 -0.278182983398437 -0.09942626953125
-0.0628738403320312 -0.0895309448242188 -0.291717529296875 -0.0683898925781251
-0.083038330078125 -0.0836257934570313 -0.330322265625 -0.102081298828125
-0.0818939208984375 -0.081146240234375 -0.301849365234375 -0.180877685546875
-0.0905990600585938 -0.105094909667969 -0.218338012695313 -0.212677001953125
-0.08685302734375 -0.175949096679688 -0.132888793945313 -0.22509765625
0.0498199462890625 -0.265625 -0.0135345458984375 -0.222137451171875
0.213287353515625 -0.293243408203125 0.00428771972656252 -0.09600830078125
0.313140869140625 -0.1619873046875 -0.2840576171875 0.129730224609375
0.407135009765625 -0.14892578125 -0.178024291992187 0.046722412109375
0.352630615234375 -0.203704833984375 -0.597900390625 0.0803222656249999
0.297149658203125 -0.26953125 -0.34344482421875 0.374908447265625
0.114837646484375 -0.302490234375 -0.0371246337890625 0.234466552734375
0.00509643554687501 -0.249526977539062 0.00834751129150391 -0.0084967613220215
-0.102066040039063 -0.191299438476563 -0.138130187988281 -0.0963287353515625
-0.15985107421875 -0.148849487304688 -0.239715576171875 -0.061279296875
-0.152572631835938 -0.148025512695313 -0.243682861328125 -0.0201568603515625
-0.190032958984375 -0.143264770507813 -0.27777099609375 -0.0644378662109375
-0.165237426757813 -0.16326904296875 -0.262466430664063 -0.144119262695313
-0.124313354492188 -0.225341796875 -0.180892944335938 -0.200119018554688
-0.067718505859375 -0.2845458984375 -0.103012084960938 -0.233642578125
0.1207275390625 -0.320220947265625 0.02545166015625 -0.243865966796875
0.251678466796875 -0.3421630859375 0.0573883056640625 -0.146621704101563
0.351654052734375 -0.245147705078125 -0.1719970703125 0.0899200439453125
0.379638671875 -0.27191162109375 -0.0464630126953125 0.0111732482910156
0.303375244140625 -0.274444580078125 -0.5115966796875 0.0760498046875
0.29156494140625 -0.299560546875 -0.2974853515625 0.424774169921875
0.138702392578125 -0.36151123046875 0.01312255859375 0.30438232421875
0.011505126953125 -0.343902587890625 0.0609817504882812 0.0600471496582031
-0.16656494140625 -0.28143310546875 -0.0744781494140625 -0.0339279174804688
-0.243942260742188 -0.195343017578125 -0.15582275390625 -0.00460815429687503
-0.22088623046875 -0.184280395507813 -0.155990600585938 0.0318756103515625
-0.2647705078125 -0.183380126953125 -0.188934326171875 -0.022247314453125
-0.218017578125 -0.222000122070313 -0.18988037109375 -0.0990905761718751
-0.13592529296875 -0.314971923828125 -0.118850708007813 -0.177581787109375
-0.032379150390625 -0.357025146484375 -0.0544281005859375 -0.23699951171875
0.1884765625 -0.332763671875 0.0814056396484375 -0.271560668945313
0.268463134765625 -0.338409423828125 0.14306640625 -0.2060546875
0.343658447265625 -0.28662109375 -0.0337448120117187 0.0366249084472656
0.283843994140625 -0.340362548828125 0.0887527465820313 -0.0447235107421875
0.201568603515625 -0.285614013671875 -0.388336181640625 0.075592041015625
0.233917236328125 -0.2681884765625 -0.20660400390625 0.436248779296875
0.134796142578125 -0.35260009765625 0.07861328125 0.33880615234375
0.00704956054687503 -0.375396728515625 0.117019653320312 0.126235961914062
-0.2113037109375 -0.3193359375 0.0142974853515625 0.0436897277832031
-0.29144287109375 -0.207550048828125 -0.0380020141601563 0.0580596923828125
-0.256149291992187 -0.192947387695313 -0.0431137084960938 0.0794754028320312
-0.2984619140625 -0.1981201171875 -0.0776290893554688 0.0202484130859375
-0.232070922851563 -0.2523193359375 -0.0953826904296875 -0.0476531982421875
-0.110626220703125 -0.355987548828125 -0.0400390625 -0.141571044921875
0.02392578125 -0.367431640625 0.01141357421875 -0.223770141601563
0.23394775390625 -0.279129028320313 0.1546630859375 -0.285400390625
0.245849609375 -0.279495239257813 0.253311157226562 -0.252471923828125
0.28326416015625 -0.29034423828125 0.115943908691406 -0.0144271850585938
0.13714599609375 -0.329071044921875 0.205780029296875 -0.107421875
0.0843505859375 -0.213455200195312 -0.2451171875 0.0682525634765624
0.171371459960938 -0.166595458984375 -0.102691650390625 0.39764404296875
0.129074096679687 -0.280715942382813 0.133636474609375 0.325531005859375
0.00494384765624999 -0.34228515625 0.161148071289063 0.176361083984375
-0.221771240234375 -0.2967529296875 0.111473083496094 0.115638732910156
-0.289520263671875 -0.182403564453125 0.0954360961914062 0.110336303710938
-0.251785278320313 -0.170867919921875 0.0775070190429687 0.114356994628906
-0.288482666015625 -0.18463134765625 0.0360221862792969 0.0598487854003906
-0.207672119140625 -0.246994018554688 -0.000774860382080091 0.00743532180786131
-0.0628662109375 -0.33880615234375 0.0332107543945312 -0.088958740234375
0.087860107421875 -0.30694580078125 0.0754852294921875 -0.187469482421875
0.230789184570313 -0.164505004882813 0.230575561523438 -0.272659301757813
0.167999267578125 -0.182022094726563 0.37249755859375 -0.26422119140625
0.171432495117188 -0.269302368164063 0.253936767578125 -0.05230712890625
-0.0275115966796875 -0.2423095703125 0.284881591796875 -0.163330078125
-0.0159835815429688 -0.0816802978515625 -0.11468505859375 0.0504989624023438
0.121757507324219 -0.0340957641601563 -0.01971435546875 0.32952880859375
0.124420166015625 -0.17572021484375 0.1588134765625 0.288848876953125
0.00759887695312503 -0.259414672851563 0.18646240234375 0.2081298828125
-0.190994262695312 -0.22528076171875 0.200836181640625 0.167526245117188
-0.237472534179688 -0.1273193359375 0.218841552734375 0.140380859375
-0.210418701171875 -0.123016357421875 0.184890747070313 0.129547119140625
-0.240859985351563 -0.145217895507813 0.136283874511719 0.0919570922851563
-0.16107177734375 -0.210845947265625 0.07818603515625 0.061614990234375
-0.01116943359375 -0.27178955078125 0.0811080932617188 -0.0266571044921875
0.12420654296875 -0.192550659179688 0.114952087402344 -0.137825012207031
0.162429809570313 -0.02886962890625 0.290679931640625 -0.240936279296875
0.0359725952148438 -0.082977294921875 0.4796142578125 -0.239105224609375
0.0249481201171875 -0.23175048828125 0.35748291015625 -0.0736083984375
-0.180831909179688 -0.105499267578125 0.31524658203125 -0.194427490234375
-0.0836105346679688 0.060272216796875 -0.0238800048828125 0.0346546173095703
0.0800399780273438 0.0884475708007813 0.0216064453125 0.26348876953125
0.114273071289063 -0.0580673217773438 0.157424926757812 0.257827758789063
0.0176239013671875 -0.146102905273437 0.196090698242188 0.226638793945312
-0.121726989746094 -0.125404357910156 0.265701293945313 0.193359375
-0.143310546875 -0.0567474365234375 0.3074951171875 0.143096923828125
-0.137016296386719 -0.0584259033203125 0.262191772460938 0.123748779296875
-0.1650390625 -0.0836334228515625 0.209518432617188 0.1124267578125
-0.102294921875 -0.145843505859375 0.133651733398438 0.106582641601563
0.024200439453125 -0.170791625976563 0.097320556640625 0.0305023193359375
0.114860534667969 -0.0568771362304688 0.122459411621094 -0.09722900390625
0.0354232788085938 0.084320068359375 0.33197021484375 -0.21771240234375
-0.124053955078125 -0.01080322265625 0.56304931640625 -0.19573974609375
-0.131805419921875 -0.185012817382812 0.409820556640625 -0.0869140625
0.273544311523438 0.086761474609375 -0.34716796875 0.0796508789062501
0.233657836914063 -0.084991455078125 -0.603515625 0.1591796875
0.094146728515625 -0.149200439453125 -0.287506103515625 0.27484130859375
-0.0327072143554688 -0.075164794921875 -0.0788955688476563 0.11083984375
-0.0302047729492188 0.0201148986816406 -0.0653343200683594 -0.0620307922363281
0.043487548828125 0.0384941101074219 -0.171798706054688 -0.1107177734375
0.0498390197753906 -0.0081634521484375 -0.270553588867188 -0.0980224609375
0.0372886657714844 -0.0205116271972656 -0.292572021484375 -0.08514404296875
0.039886474609375 -0.0137138366699219 -0.3310546875 -0.107421875
0.0172872543334961 0.0156707763671875 -0.298736572265625 -0.18157958984375
-0.0439987182617188 0.0318946838378906 -0.232467651367187 -0.198028564453125
-0.0977401733398438 -0.046478271484375 -0.152664184570313 -0.205825805664063
-0.0270843505859375 -0.179779052734375 -0.041961669921875 -0.2144775390625
0.142105102539062 -0.20257568359375 -0.0136260986328125 -0.0690460205078125
0.221481323242188 -0.05450439453125 -0.332183837890625 0.156951904296875
0.35675048828125 -0.028228759765625 -0.278335571289063 0.0720977783203125
0.31219482421875 -0.138214111328125 -0.6124267578125 0.1248779296875
0.213623046875 -0.21514892578125 -0.31158447265625 0.31915283203125
0.0401763916015625 -0.196182250976562 -0.0565948486328125 0.155487060546875
-0.0183334350585937 -0.113052368164063 -0.0348129272460938 -0.0550804138183594
-0.0309944152832031 -0.0672149658203125 -0.171768188476563 -0.114761352539062
-0.0568466186523437 -0.07391357421875 -0.274993896484375 -0.0801849365234375
-0.0629348754882813 -0.0836257934570313 -0.284698486328125 -0.049072265625
-0.08349609375 -0.07647705078125 -0.32269287109375 -0.07965087890625
-0.0798721313476563 -0.0735244750976562 -0.298492431640625 -0.15985107421875
-0.0899734497070313 -0.0941085815429687 -0.219284057617188 -0.194290161132812
-0.091888427734375 -0.162704467773438 -0.13653564453125 -0.210556030273438
0.0343780517578125 -0.25799560546875 -0.0235595703125 -0.214797973632813
0.188720703125 -0.295501708984375 -0.00319671630859374 -0.0935745239257813
0.295654296875 -0.17132568359375 -0.2662353515625 0.141647338867187
0.38775634765625 -0.158935546875 -0.17303466796875 0.052703857421875
0.328094482421875 -0.211639404296875 -0.57781982421875 0.10650634765625
0.275772094726563 -0.273757934570313 -0.3104248046875 0.377471923828125
0.095245361328125 -0.29620361328125 -0.023651123046875 0.225997924804687
-0.00555419921875 -0.239334106445313 0.00723457336425781 -0.0112028121948242
-0.105224609375 -0.176239013671875 -0.140975952148438 -0.085418701171875
-0.159988403320313 -0.133987426757813 -0.235916137695313 -0.04345703125
-0.152923583984375 -0.135025024414063 -0.233200073242188 -0.00425720214843754
-0.189895629882813 -0.127456665039062 -0.270339965820313 -0.044464111328125
-0.1654052734375 -0.148605346679688 -0.258819580078125 -0.125091552734375
-0.13006591796875 -0.208251953125 -0.183670043945313 -0.183975219726562
-0.07818603515625 -0.268218994140625 -0.1087646484375 -0.219436645507813
0.10150146484375 -0.31451416015625 0.012481689453125 -0.237380981445313
0.224334716796875 -0.3441162109375 0.0459442138671875 -0.144363403320313
0.33056640625 -0.253387451171875 -0.1600341796875 0.097900390625
0.353302001953125 -0.276397705078125 -0.0460700988769531 0.0128936767578125
0.279373168945313 -0.276580810546875 -0.495391845703125 0.0998840332031249
0.2686767578125 -0.303314208984375 -0.26513671875 0.424835205078125
0.114837646484375 -0.354217529296875 0.02850341796875 0.29180908203125
-0.00375366210937497 -0.331756591796875 0.0610885620117188 0.0524253845214844
-0.172683715820313 -0.2607421875 -0.0777740478515625 -0.0285415649414063
-0.244796752929688 -0.174072265625 -0.152328491210938 0.00784301757812497
-0.220489501953125 -0.166488647460938 -0.146270751953125 0.0415802001953125
-0.264602661132813 -0.160781860351562 -0.182876586914063 -0.00857543945312502
-0.21966552734375 -0.202438354492188 -0.185684204101563 -0.0840301513671875
-0.14593505859375 -0.2943115234375 -0.12274169921875 -0.165145874023438
-0.04803466796875 -0.340728759765625 -0.061981201171875 -0.2254638671875
0.1680908203125 -0.329803466796875 0.06549072265625 -0.266754150390625
0.241851806640625 -0.3408203125 0.126571655273438 -0.20623779296875
0.32025146484375 -0.293365478515625 -0.0287704467773437 0.0402107238769531
0.25823974609375 -0.339569091796875 0.0834274291992188 -0.0476150512695313
0.180511474609375 -0.284149169921875 -0.375457763671875 0.0931396484375
0.215072631835938 -0.270462036132813 -0.1771240234375 0.43194580078125
0.1124267578125 -0.3447265625 0.092987060546875 0.321075439453125
-0.010498046875 -0.36456298828125 0.118637084960938 0.113960266113281
-0.2188720703125 -0.295867919921875 0.0116462707519531 0.0421257019042969
-0.29193115234375 -0.18414306640625 -0.0351676940917969 0.0618667602539062
-0.25543212890625 -0.172470092773437 -0.0346221923828125 0.0818023681640625
-0.29827880859375 -0.17218017578125 -0.0730743408203125 0.0267257690429688
-0.235092163085938 -0.230117797851563 -0.0923614501953125 -0.039093017578125
-0.125030517578125 -0.3350830078125 -0.0455703735351563 -0.134117126464844
0.00680541992187499 -0.3546142578125 0.002471923828125 -0.215805053710938
0.2147216796875 -0.279510498046875 0.1358642578125 -0.28326416015625
0.22283935546875 -0.281707763671875 0.231552124023437 -0.255401611328125
0.26055908203125 -0.2945556640625 0.113319396972656 -0.0170440673828125
0.116943359375 -0.32208251953125 0.194610595703125 -0.115615844726563
0.06976318359375 -0.209228515625 -0.236236572265625 0.0783233642578125
0.159744262695313 -0.168380737304687 -0.077850341796875 0.390869140625
0.110671997070313 -0.2772216796875 0.1451416015625 0.306243896484375
-0.01171875 -0.33148193359375 0.162490844726563 0.160919189453125
-0.227783203125 -0.272537231445313 0.109413146972656 0.108200073242187
-0.290618896484375 -0.159271240234375 0.0971145629882812 0.104537963867187
-0.251754760742188 -0.151611328125 0.0829544067382812 0.108551025390625
-0.2886962890625 -0.159515380859375 0.0391426086425781 0.0577163696289062
-0.212005615234375 -0.226913452148438 0.00159740447998046 0.00907135009765623
-0.0780029296875 -0.321807861328125 0.0274887084960937 -0.0864334106445313
0.070159912109375 -0.298065185546875 0.0650177001953125 -0.18341064453125
0.216888427734375 -0.169418334960938 0.209915161132812 -0.273101806640625
0.152801513671875 -0.18280029296875 0.348114013671875 -0.271331787109375
0.152786254882813 -0.266921997070312 0.24420166015625 -0.060577392578125
-0.04022216796875 -0.2301025390625 0.26788330078125 -0.173553466796875
-0.0206222534179688 -0.0779571533203125 -0.109664916992188 0.054718017578125
0.118873596191406 -0.0384597778320313 -0.00106811523437496 0.320770263671875
0.111785888671875 -0.175613403320313 0.166641235351563 0.269699096679688
-0.00553894042968752 -0.252105712890625 0.188369750976563 0.190704345703125
-0.195480346679687 -0.206207275390625 0.197738647460938 0.1531982421875
-0.237213134765625 -0.109481811523438 0.217514038085937 0.126693725585937
-0.21002197265625 -0.106658935546875 0.186843872070313 0.11676025390625
-0.241119384765625 -0.123748779296875 0.136764526367187 0.0832061767578125
-0.166275024414062 -0.193862915039063 0.0806808471679688 0.0571060180664062
-0.0260009765625 -0.261032104492188 0.0770721435546875 -0.0282516479492188
0.111358642578125 -0.191131591796875 0.104942321777344 -0.136474609375
0.1572265625 -0.0343170166015625 0.269287109375 -0.245559692382813
0.0303115844726562 -0.0800933837890625 0.454864501953125 -0.252288818359375
0.0128936767578125 -0.225112915039063 0.343414306640625 -0.087646484375
-0.18182373046875 -0.0911102294921875 0.295166015625 -0.2060546875
-0.079803466796875 0.0610733032226562 -0.0216541290283203 0.0342197418212891
0.0841140747070312 0.0823593139648437 0.0356597900390625 0.255172729492187
0.108192443847656 -0.0627365112304688 0.164047241210938 0.240081787109375
0.00906372070312501 -0.142913818359375 0.198318481445313 0.209243774414063
-0.125083923339844 -0.114410400390625 0.263259887695313 0.174468994140625
-0.14276123046875 -0.047332763671875 0.304534912109375 0.12347412109375
-0.136306762695313 -0.0478515625 0.259506225585938 0.106719970703125
-0.165618896484375 -0.068939208984375 0.209243774414063 0.097991943359375
-0.108047485351562 -0.134834289550781 0.136260986328125 0.09796142578125
0.0130462646484375 -0.16571044921875 0.095245361328125 0.0260162353515625
0.109275817871094 -0.0606536865234375 0.113433837890625 -0.098297119140625
0.0395050048828125 0.0800399780273438 0.310272216796875 -0.223724365234375
-0.12127685546875 -0.00367736816406251 0.536224365234375 -0.2132568359375
-0.136642456054688 -0.172897338867187 0.39178466796875 -0.10198974609375
0.269195556640625 0.0802764892578125 -0.337646484375 0.083740234375
0.22076416015625 -0.086822509765625 -0.58294677734375 0.16937255859375
0.085601806640625 -0.145767211914063 -0.2691650390625 0.270187377929688
-0.0345840454101563 -0.0701446533203125 -0.073455810546875 0.106925964355469
-0.0278301239013672 0.0227069854736328 -0.0645713806152344 -0.0603599548339844
0.0450706481933594 0.0389900207519531 -0.168655395507813 -0.101837158203125
0.0506858825683594 -0.0093536376953125 -0.264297485351563 -0.0848846435546875
0.0372848510742188 -0.02093505859375 -0.28497314453125 -0.073577880859375
0.0388641357421875 -0.0151786804199219 -0.32171630859375 -0.0945129394531249
0.0192966461181641 0.0144481658935547 -0.292022705078125 -0.1680908203125
-0.0389785766601563 0.0343399047851562 -0.226730346679688 -0.184585571289063
-0.0950546264648438 -0.0408859252929687 -0.150588989257813 -0.195236206054688
-0.03253173828125 -0.173416137695312 -0.0471954345703125 -0.206924438476563
0.129501342773438 -0.200973510742188 -0.0170860290527344 -0.0666389465332031
0.214324951171875 -0.0569610595703125 -0.31488037109375 0.162689208984375
0.347137451171875 -0.031707763671875 -0.270339965820313 0.0750579833984375
0.29559326171875 -0.137542724609375 -0.59375 0.13623046875
0.200592041015625 -0.213165283203125 -0.291961669921875 0.315521240234375
0.0328216552734375 -0.188339233398438 -0.0502471923828125 0.14947509765625
-0.0192184448242188 -0.105995178222656 -0.0353546142578125 -0.0543632507324219
-0.0285873413085937 -0.0621986389160156 -0.17022705078125 -0.1058349609375
-0.054779052734375 -0.0686683654785156 -0.268356323242187 -0.06719970703125
-0.0609054565429688 -0.0796737670898437 -0.275634765625 -0.0377197265625
-0.08087158203125 -0.0715484619140625 -0.312347412109375 -0.0661621093750001
-0.0765380859375 -0.0683746337890625 -0.290496826171875 -0.1458740234375
-0.0873260498046875 -0.086151123046875 -0.2149658203125 -0.181564331054688
-0.09149169921875 -0.153656005859375 -0.13525390625 -0.199676513671875
0.0264892578125 -0.250762939453125 -0.0291900634765625 -0.207763671875
0.171905517578125 -0.29046630859375 -0.00727844238281249 -0.089874267578125
0.283233642578125 -0.171661376953125 -0.251296997070313 0.145492553710937
0.3721923828125 -0.158966064453125 -0.167510986328125 0.055084228515625
0.3109130859375 -0.208404541015625 -0.559478759765625 0.119720458984375
0.259780883789063 -0.271026611328125 -0.2904052734375 0.371673583984375
0.08441162109375 -0.286285400390625 -0.017333984375 0.216354370117187
-0.0104217529296875 -0.229461669921875 0.00662517547607422 -0.0139589309692383
-0.103073120117187 -0.164932250976562 -0.141021728515625 -0.0788116455078125
-0.156448364257813 -0.12322998046875 -0.2303466796875 -0.032073974609375
-0.149627685546875 -0.126632690429688 -0.2239990234375 0.00462341308593746
-0.186233520507812 -0.116912841796875 -0.260711669921875 -0.0327301025390625
-0.160736083984375 -0.138504028320312 -0.251449584960938 -0.112838745117187
-0.128921508789063 -0.195632934570313 -0.180557250976563 -0.172088623046875
-0.081756591796875 -0.255752563476563 -0.10772705078125 -0.2098388671875
0.09136962890625 -0.306884765625 0.005584716796875 -0.230239868164063
0.2061767578125 -0.33795166015625 0.038604736328125 -0.139671325683594
0.315460205078125 -0.253173828125 -0.149932861328125 0.1014404296875
0.337615966796875 -0.271636962890625 -0.0451736450195312 0.0138626098632812
0.261001586914063 -0.271026611328125 -0.480194091796875 0.11004638671875
0.25335693359375 -0.299072265625 -0.24652099609375 0.417022705078125
0.10321044921875 -0.343170166015625 0.0346527099609375 0.279495239257813
-0.011199951171875 -0.320159912109375 0.0598068237304687 0.0462150573730468
-0.170989990234375 -0.24444580078125 -0.0797882080078125 -0.0241928100585938
-0.239974975585938 -0.15948486328125 -0.148422241210938 0.015167236328125
-0.215957641601562 -0.155563354492188 -0.137237548828125 0.0467529296875
-0.259368896484375 -0.146438598632813 -0.175262451171875 -0.000305175781250032
-0.214981079101562 -0.189407348632813 -0.17901611328125 -0.0749359130859375
-0.14752197265625 -0.277008056640625 -0.121551513671875 -0.155609130859375
-0.05364990234375 -0.32696533203125 -0.062255859375 -0.216644287109375
0.156219482421875 -0.32171630859375 0.0567779541015625 -0.259490966796875
0.2232666015625 -0.33563232421875 0.11541748046875 -0.201385498046875
0.304351806640625 -0.290435791015625 -0.0239677429199218 0.0420875549316406
0.242279052734375 -0.33123779296875 0.0802459716796875 -0.0482025146484375
0.16650390625 -0.275619506835938 -0.36346435546875 0.101654052734375
0.204208374023438 -0.267166137695313 -0.16058349609375 0.423980712890625
0.101226806640625 -0.335357666015625 0.098175048828125 0.305572509765625
-0.01800537109375 -0.3524169921875 0.115623474121094 0.104972839355469
-0.21820068359375 -0.277862548828125 0.00760650634765624 0.0418167114257812
-0.287353515625 -0.1685791015625 -0.0327339172363282 0.0640869140625
-0.250778198242188 -0.160202026367188 -0.0281524658203125 0.0822525024414062
-0.292724609375 -0.154876708984375 -0.0685997009277344 0.0308074951171875
-0.230743408203125 -0.21533203125 -0.087890625 -0.0341949462890625
-0.12933349609375 -0.317779541015625 -0.0463180541992187 -0.127494812011719
-0.000976562499999994 -0.340087890625 -0.00074768066406252 -0.208572387695313
0.20245361328125 -0.276138305664063 0.125244140625 -0.27630615234375
0.207229614257813 -0.276641845703125 0.217376708984375 -0.251968383789063
0.246917724609375 -0.28997802734375 0.111557006835938 -0.0169525146484375
0.105010986328125 -0.31121826171875 0.185745239257813 -0.117279052734375
0.0606842041015625 -0.202117919921875 -0.228195190429688 0.082733154296875
0.152542114257813 -0.166702270507813 -0.065643310546875 0.382080078125
0.101364135742188 -0.269561767578125 0.147674560546875 0.2906494140625
-0.0185546875 -0.321990966796875 0.159210205078125 0.14874267578125
-0.227859497070312 -0.255874633789063 0.103080749511719 0.102592468261719
-0.284942626953125 -0.144561767578125 0.095855712890625 0.101158142089844
-0.2471923828125 -0.139389038085938 0.0859832763671875 0.104385375976563
-0.283203125 -0.142822265625 0.0401611328125 0.057281494140625
-0.210311889648438 -0.212783813476563 0.00401020050048827 0.0104742050170898
-0.083984375 -0.306365966796875 0.0250015258789063 -0.0835342407226563
0.062164306640625 -0.288909912109375 0.0600128173828125 -0.1787109375
0.208755493164063 -0.168731689453125 0.197235107421875 -0.268798828125
0.141693115234375 -0.179306030273438 0.329986572265625 -0.270660400390625
0.142593383789062 -0.26177978515625 0.2374267578125 -0.061798095703125
-0.0453338623046875 -0.219161987304687 0.256011962890625 -0.176544189453125
-0.0232620239257812 -0.07464599609375 -0.105209350585938 0.0556869506835937
0.116813659667969 -0.040374755859375 0.00814819335937503 0.311614990234375
0.1044921875 -0.1728515625 0.167816162109375 0.25396728515625
-0.0120697021484375 -0.244735717773438 0.1842041015625 0.178512573242188
-0.194976806640625 -0.19268798828125 0.190872192382813 0.144683837890625
-0.23394775390625 -0.0971221923828125 0.213088989257812 0.117752075195313
-0.205825805664062 -0.0959320068359375 0.18603515625 0.108718872070312
-0.236221313476563 -0.109283447265625 0.135093688964844 0.0778656005859375
-0.16668701171875 -0.182235717773438 0.08099365234375 0.0544891357421875
-0.0327301025390625 -0.249755859375 0.073822021484375 -0.02783203125
0.104537963867188 -0.18634033203125 0.0993728637695313 -0.133132934570313
0.153610229492188 -0.0364837646484375 0.254119873046875 -0.242019653320313
0.025909423828125 -0.0770721435546875 0.43365478515625 -0.25262451171875
0.00659179687499998 -0.21746826171875 0.33135986328125 -0.08984375
-0.178955078125 -0.0810089111328125 0.279830932617188 -0.209884643554688
-0.0765457153320313 0.0603103637695313 -0.0204963684082031 0.032745361328125
0.0858917236328125 0.0771942138671875 0.0422821044921875 0.246444702148437
0.103385925292969 -0.0644149780273438 0.163528442382813 0.226364135742187
0.00434112548828125 -0.139328002929688 0.194076538085938 0.196807861328125
-0.12506103515625 -0.106193542480469 0.255050659179688 0.163711547851563
-0.141265869140625 -0.0399932861328125 0.29718017578125 0.1112060546875
-0.133781433105469 -0.0406494140625 0.25494384765625 0.095916748046875
-0.162704467773438 -0.059112548828125 0.205535888671875 0.08868408203125
-0.10980224609375 -0.127021789550781 0.135772705078125 0.0929412841796875
0.00659179687499999 -0.160873413085937 0.092864990234375 0.0247344970703125
0.105079650878906 -0.0616683959960937 0.107772827148438 -0.096282958984375
0.0419769287109375 0.0774383544921875 0.29559326171875 -0.2227783203125
-0.118453979492188 7.6293945312757E-06 0.515167236328125 -0.216949462890625
-0.137298583984375 -0.1636962890625 0.37774658203125 -0.106536865234375
0.270217895507813 0.0794525146484375 -0.335235595703125 0.08416748046875
0.213882446289063 -0.08489990234375 -0.57794189453125 0.1748046875
0.0816497802734375 -0.143112182617188 -0.260772705078125 0.266891479492187
-0.0355987548828125 -0.0679359436035156 -0.0715179443359375 0.103767395019531
-0.0263633728027344 0.0254421234130859 -0.0646400451660156 -0.0601425170898438
0.0474281311035156 0.0396804809570313 -0.166641235351563 -0.0971221923828125
0.0525321960449219 -0.00999069213867188 -0.261093139648438 -0.0787506103515625
0.0384445190429688 -0.0215568542480469 -0.281890869140625 -0.067413330078125
0.0396728515625 -0.0159988403320313 -0.315887451171875 -0.088531494140625
0.0218162536621094 0.0145988464355469 -0.28704833984375 -0.163604736328125
-0.0349922180175781 0.0353050231933594 -0.222564697265625 -0.179580688476563
-0.09356689453125 -0.0386199951171875 -0.1485595703125 -0.19146728515625
-0.035186767578125 -0.169845581054688 -0.0489654541015625 -0.20367431640625
0.123077392578125 -0.20050048828125 -0.0190048217773438 -0.0651397705078125
0.211868286132812 -0.056854248046875 -0.3070068359375 0.165252685546875
0.344268798828125 -0.02911376953125 -0.267318725585938 0.076568603515625
0.28741455078125 -0.134735107421875 -0.58795166015625 0.1419677734375
0.19525146484375 -0.210220336914062 -0.284027099609375 0.311737060546875
0.029693603515625 -0.183456420898438 -0.0487823486328125 0.145431518554688
-0.0187911987304688 -0.101936340332031 -0.0355606079101563 -0.0555000305175781
-0.0253028869628906 -0.0578880310058594 -0.168869018554688 -0.101425170898437
-0.0517425537109375 -0.0663642883300781 -0.2664794921875 -0.0601654052734375
-0.0586166381835938 -0.0777435302734375 -0.270523071289063 -0.0316925048828125
-0.0792465209960937 -0.0686721801757813 -0.307952880859375 -0.059539794921875
-0.0735397338867188 -0.0658340454101563 -0.28533935546875 -0.1402587890625
-0.0841903686523438 -0.0821685791015625 -0.2109375 -0.176895141601563
-0.0912017822265625 -0.149215698242188 -0.132400512695312 -0.197097778320313
0.0233612060546875 -0.246841430664063 -0.0310211181640625 -0.204879760742188
0.16448974609375 -0.28790283203125 -0.0102920532226562 -0.0879440307617188
0.279647827148438 -0.170074462890625 -0.243881225585937 0.14874267578125
0.3685302734375 -0.15423583984375 -0.166427612304687 0.05645751953125
0.302703857421875 -0.204620361328125 -0.553985595703125 0.124847412109375
0.254638671875 -0.269241333007813 -0.28369140625 0.36865234375
0.079833984375 -0.280136108398438 -0.0156402587890625 0.211288452148438
-0.0102996826171875 -0.224472045898438 0.00548553466796875 -0.0167770385742188
-0.0999755859375 -0.158782958984375 -0.142410278320313 -0.0747222900390625
-0.1531982421875 -0.118392944335937 -0.227584838867187 -0.0252532958984375
-0.146484375 -0.123291015625 -0.217941284179688 0.00914001464843748
-0.183609008789062 -0.111419677734375 -0.256011962890625 -0.02764892578125
-0.157180786132813 -0.13348388671875 -0.246627807617188 -0.108428955078125
-0.126602172851562 -0.18841552734375 -0.177642822265625 -0.168258666992187
-0.08172607421875 -0.250274658203125 -0.105499267578125 -0.206649780273438
0.08795166015625 -0.30328369140625 0.00248718261718748 -0.22711181640625
0.197418212890625 -0.33441162109375 0.0345001220703125 -0.137351989746094
0.311248779296875 -0.25054931640625 -0.144515991210938 0.104095458984375
0.332763671875 -0.265594482421875 -0.0443077087402344 0.0149765014648437
0.25555419921875 -0.264419555664063 -0.474151611328125 0.1148681640625
0.24847412109375 -0.2972412109375 -0.238311767578125 0.413787841796875
0.098846435546875 -0.3365478515625 0.0366668701171875 0.273193359375
-0.012176513671875 -0.31524658203125 0.057525634765625 0.0416755676269531
-0.1685791015625 -0.23675537109375 -0.082672119140625 -0.0213623046875
-0.2371826171875 -0.152313232421875 -0.14727783203125 0.020233154296875
-0.213409423828125 -0.15020751953125 -0.13250732421875 0.0502777099609375
-0.25567626953125 -0.138565063476562 -0.17059326171875 0.004425048828125
-0.21258544921875 -0.1826171875 -0.175872802734375 -0.0704345703125
-0.146255493164062 -0.269790649414063 -0.119186401367188 -0.151260375976563
-0.054443359375 -0.31976318359375 -0.0612640380859375 -0.213897705078125
0.15057373046875 -0.320709228515625 0.053497314453125 -0.25616455078125
0.21539306640625 -0.332672119140625 0.109954833984375 -0.198333740234375
0.30029296875 -0.28692626953125 -0.0207672119140625 0.0442695617675781
0.23760986328125 -0.324310302734375 0.0791244506835938 -0.0486984252929688
0.160507202148438 -0.2706298828125 -0.360260009765625 0.104705810546875
0.201126098632813 -0.2650146484375 -0.15386962890625 0.418182373046875
0.09735107421875 -0.32879638671875 0.099151611328125 0.298553466796875
-0.020965576171875 -0.348724365234375 0.11260986328125 0.099456787109375
-0.216018676757813 -0.269622802734375 0.00269699096679686 0.0432777404785156
-0.285003662109375 -0.15924072265625 -0.0326423645019531 0.0670585632324219
-0.248443603515625 -0.154205322265625 -0.0237045288085938 0.0825958251953125
-0.2886962890625 -0.146209716796875 -0.0653953552246094 0.0332374572753906
-0.227813720703125 -0.208206176757813 -0.0846023559570313 -0.0309906005859375
-0.130096435546875 -0.309051513671875 -0.045745849609375 -0.124176025390625
-0.00274658203124999 -0.33477783203125 -0.000274658203125014 -0.205780029296875
0.198715209960937 -0.275009155273438 0.120071411132812 -0.273208618164063
0.200027465820312 -0.274032592773438 0.210296630859375 -0.249282836914063
0.24310302734375 -0.287322998046875 0.113273620605469 -0.01434326171875
0.101287841796875 -0.3046875 0.18267822265625 -0.118881225585938
0.057586669921875 -0.197677612304688 -0.225357055664063 0.0844726562499999
0.151809692382813 -0.166732788085938 -0.059051513671875 0.3785400390625
0.0979766845703125 -0.2655029296875 0.147186279296875 0.283050537109375
-0.0218505859375 -0.318817138671875 0.156097412109375 0.143463134765625
-0.225875854492188 -0.249343872070313 0.097930908203125 0.10247802734375
-0.2838134765625 -0.135894775390625 0.095306396484375 0.100997924804687
-0.244766235351563 -0.133560180664063 0.0891494750976562 0.102279663085937
-0.28021240234375 -0.134048461914063 0.0420799255371094 0.0574798583984375
-0.208877563476563 -0.205810546875 0.0063791275024414 0.0115528106689453
-0.086090087890625 -0.298736572265625 0.0242919921875 -0.0815811157226563
0.060272216796875 -0.28533935546875 0.0595703125 -0.176422119140625
0.206146240234375 -0.168991088867187 0.19256591796875 -0.265396118164063
0.136795043945313 -0.1771240234375 0.322662353515625 -0.26812744140625
0.139450073242188 -0.257766723632813 0.23699951171875 -0.060577392578125
-0.04705810546875 -0.212692260742188 0.250717163085938 -0.1798095703125
-0.025146484375 -0.072021484375 -0.104103088378906 0.0552444458007812
0.116981506347656 -0.04193115234375 0.012298583984375 0.307342529296875
0.102676391601563 -0.171218872070313 0.166000366210938 0.24786376953125
-0.0140533447265625 -0.24273681640625 0.180007934570313 0.172882080078125
-0.19384765625 -0.18658447265625 0.184967041015625 0.143020629882813
-0.2330322265625 -0.09075927734375 0.211044311523437 0.114791870117188
-0.204544067382813 -0.0910797119140625 0.186050415039063 0.104721069335938
-0.234527587890625 -0.10113525390625 0.134895324707031 0.076202392578125
-0.166793823242188 -0.175765991210938 0.0826034545898438 0.0547943115234375
-0.0356903076171875 -0.244583129882813 0.0730438232421875 -0.026947021484375
0.102508544921875 -0.185028076171875 0.09747314453125 -0.131645202636719
0.153335571289063 -0.03729248046875 0.249221801757813 -0.240005493164063
0.0235061645507813 -0.0748062133789063 0.4276123046875 -0.252197265625
0.00480651855468752 -0.213821411132813 0.328857421875 -0.089324951171875
-0.177490234375 -0.076019287109375 0.27484130859375 -0.213668823242188
-0.0768280029296875 0.0599288940429688 -0.0202884674072266 0.0314064025878906
0.0878372192382813 0.0743408203125 0.044708251953125 0.24285888671875
0.102432250976563 -0.0658798217773438 0.161163330078125 0.219818115234375
0.00227355957031249 -0.137687683105469 0.19036865234375 0.192413330078125
-0.125717163085938 -0.102287292480469 0.249221801757813 0.1600341796875
-0.140525817871094 -0.0362319946289063 0.294036865234375 0.105743408203125
-0.132553100585938 -0.0372085571289062 0.25323486328125 0.090850830078125
-0.161376953125 -0.0533905029296875 0.203689575195313 0.0854034423828125
-0.11248779296875 -0.122291564941406 0.136474609375 0.0908050537109375
0.00328063964843752 -0.158187866210937 0.0927200317382813 0.0253982543945312
0.103858947753906 -0.062164306640625 0.105392456054688 -0.0943069458007813
0.0438690185546875 0.0762405395507813 0.288055419921875 -0.220123291015625
-0.116958618164063 0.0024566650390625 0.508270263671875 -0.2164306640625
-0.137252807617188 -0.16046142578125 0.374664306640625 -0.105377197265625
0.278533935546875 0.078765869140625 -0.33929443359375 0.09088134765625
0.212478637695313 -0.0851898193359375 -0.5814208984375 0.18597412109375
0.07843017578125 -0.144454956054687 -0.256912231445313 0.270843505859375
-0.0373725891113281 -0.0665969848632812 -0.0708389282226562 0.103599548339844
-0.0247859954833984 0.0287227630615234 -0.0671157836914063 -0.06109619140625
0.0519294738769531 0.0403900146484375 -0.16845703125 -0.09539794921875
0.0550079345703125 -0.0116462707519531 -0.264175415039063 -0.073150634765625
0.0404891967773438 -0.0232200622558594 -0.284027099609375 -0.060760498046875
0.041107177734375 -0.0179252624511719 -0.318817138671875 -0.083465576171875
0.0242938995361328 0.0140361785888672 -0.290618896484375 -0.16064453125
-0.0324745178222656 0.0369415283203125 -0.22344970703125 -0.177993774414062
-0.0947036743164063 -0.036285400390625 -0.150375366210938 -0.190673828125
-0.0401763916015625 -0.17041015625 -0.0542755126953125 -0.20416259765625
0.1170654296875 -0.2039794921875 -0.0212669372558594 -0.0649070739746094
0.214553833007813 -0.0599212646484375 -0.304779052734375 0.173614501953125
0.3507080078125 -0.031158447265625 -0.269851684570312 0.0816192626953125
0.286590576171875 -0.135498046875 -0.5911865234375 0.15350341796875
0.193145751953125 -0.215530395507813 -0.28021240234375 0.316497802734375
0.0266571044921875 -0.183242797851562 -0.0475616455078125 0.145294189453125
-0.0190353393554688 -0.100273132324219 -0.0376319885253906 -0.0575485229492187
-0.0221443176269531 -0.0562858581542969 -0.172958374023438 -0.0983734130859375
-0.0499763488769531 -0.0656890869140625 -0.268035888671875 -0.0533294677734375
-0.058013916015625 -0.0777359008789063 -0.271514892578125 -0.0253753662109375
-0.0795822143554688 -0.0684127807617187 -0.30859375 -0.0529174804687501
-0.072418212890625 -0.064910888671875 -0.288970947265625 -0.136962890625
-0.0834579467773438 -0.08001708984375 -0.212799072265625 -0.174758911132813
-0.09344482421875 -0.147201538085938 -0.135116577148438 -0.197372436523438
0.01922607421875 -0.249404907226562 -0.03607177734375 -0.205413818359375
0.15753173828125 -0.292938232421875 -0.0137176513671875 -0.0875625610351563
0.281219482421875 -0.175018310546875 -0.240753173828125 0.1546630859375
0.3729248046875 -0.15618896484375 -0.16705322265625 0.0596466064453125
0.300506591796875 -0.205291748046875 -0.559967041015625 0.135589599609375
0.25262451171875 -0.274078369140625 -0.278656005859375 0.374267578125
0.076568603515625 -0.280197143554687 -0.0131683349609375 0.211578369140625
-0.012786865234375 -0.225784301757813 0.004302978515625 -0.0198764801025391
-0.099151611328125 -0.156341552734375 -0.147506713867187 -0.071502685546875
-0.153701782226563 -0.115371704101563 -0.23016357421875 -0.0185394287109376
-0.148452758789062 -0.121917724609375 -0.217788696289062 0.0157318115234374
-0.185531616210937 -0.107162475585938 -0.255813598632813 -0.02056884765625
-0.158248901367187 -0.131484985351563 -0.24884033203125 -0.103729248046875
-0.128829956054688 -0.186737060546875 -0.178680419921875 -0.166213989257812
-0.0854644775390625 -0.249649047851563 -0.107589721679688 -0.20751953125
0.084747314453125 -0.308258056640625 -0.00239562988281251 -0.22918701171875
0.19122314453125 -0.34014892578125 0.0302505493164063 -0.137710571289063
0.312713623046875 -0.25677490234375 -0.140625 0.10882568359375
0.33465576171875 -0.269012451171875 -0.0439338684082031 0.0155029296875
0.253097534179688 -0.267120361328125 -0.478973388671875 0.125
0.247894287109375 -0.304840087890625 -0.2337646484375 0.418914794921875
0.095703125 -0.337677001953125 0.040557861328125 0.272171020507813
-0.015533447265625 -0.318115234375 0.0575103759765625 0.0380210876464843
-0.170272827148437 -0.234100341796875 -0.0873565673828125 -0.0174942016601562
-0.2403564453125 -0.146942138671875 -0.148284912109375 0.027130126953125
-0.216094970703125 -0.147720336914063 -0.129638671875 0.0539779663085937
-0.259368896484375 -0.132400512695313 -0.170211791992188 0.010284423828125
-0.214599609375 -0.1793212890625 -0.175796508789063 -0.067657470703125
-0.150283813476562 -0.266860961914063 -0.119735717773438 -0.15069580078125
-0.05853271484375 -0.3211669921875 -0.0630950927734375 -0.215667724609375
0.149383544921875 -0.3267822265625 0.048583984375 -0.25897216796875
0.20904541015625 -0.337432861328125 0.106689453125 -0.200698852539063
0.301971435546875 -0.292694091796875 -0.0166816711425781 0.0477485656738281
0.2366943359375 -0.32763671875 0.0799789428710938 -0.0505828857421875
0.158065795898438 -0.272384643554688 -0.362518310546875 0.1119384765625
0.200164794921875 -0.27105712890625 -0.147705078125 0.425567626953125
0.09344482421875 -0.331451416015625 0.10369873046875 0.2974853515625
-0.023681640625 -0.35321044921875 0.112686157226563 0.09619140625
-0.220489501953125 -0.265777587890625 -0.000915527343750014 0.0470504760742187
-0.289520263671875 -0.15240478515625 -0.032135009765625 0.0705490112304687
-0.252487182617188 -0.150421142578125 -0.0195465087890625 0.0847244262695312
-0.2928466796875 -0.1385498046875 -0.0632972717285156 0.03662109375
-0.232528686523438 -0.204345703125 -0.0842437744140625 -0.0283432006835938
-0.1357421875 -0.307708740234375 -0.0461196899414063 -0.123886108398438
-0.00747680664062498 -0.336761474609375 -0.00218200683593751 -0.208770751953125
0.198883056640625 -0.2821044921875 0.116531372070313 -0.2774658203125
0.195281982421875 -0.278564453125 0.20794677734375 -0.253097534179688
0.242828369140625 -0.29266357421875 0.117820739746094 -0.0145950317382813
0.09942626953125 -0.304901123046875 0.183639526367187 -0.1243896484375
0.053558349609375 -0.197906494140625 -0.227493286132813 0.089019775390625
0.152572631835938 -0.172103881835938 -0.053131103515625 0.38275146484375
0.0960693359375 -0.268341064453125 0.151809692382813 0.280426025390625
-0.025482177734375 -0.323089599609375 0.156173706054688 0.140396118164062
-0.231063842773438 -0.24505615234375 0.0956039428710937 0.10540771484375
-0.289215087890625 -0.128570556640625 0.0973739624023437 0.102546691894531
-0.249008178710938 -0.129150390625 0.0941314697265625 0.101593017578125
-0.283538818359375 -0.12530517578125 0.0445785522460937 0.058929443359375
-0.213104248046875 -0.20147705078125 0.0085783004760742 0.0132570266723633
-0.092041015625 -0.298919677734375 0.0252532958984375 -0.081451416015625
0.0570068359375 -0.287994384765625 0.0580596923828125 -0.179092407226563
0.207473754882813 -0.17401123046875 0.189346313476563 -0.270126342773438
0.13287353515625 -0.178939819335938 0.322296142578125 -0.274383544921875
0.13818359375 -0.260391235351563 0.241622924804688 -0.0620269775390625
-0.0497894287109375 -0.210906982421875 0.249862670898438 -0.188735961914063
-0.02752685546875 -0.0710525512695312 -0.105392456054687 0.0569915771484375
0.119895935058594 -0.0451812744140625 0.019012451171875 0.31097412109375
0.101791381835938 -0.174575805664062 0.170074462890625 0.244644165039062
-0.0186767578125 -0.246322631835938 0.181121826171875 0.170623779296875
-0.1995849609375 -0.183013916015625 0.183792114257813 0.1444091796875
-0.237442016601562 -0.083770751953125 0.21392822265625 0.112518310546875
-0.207534790039062 -0.087127685546875 0.191207885742188 0.100997924804688
-0.237213134765625 -0.0939483642578125 0.138374328613281 0.07476806640625
-0.171875 -0.17315673828125 0.0858993530273438 0.0552291870117187
-0.0408782958984375 -0.245330810546875 0.0746307373046875 -0.0268478393554688
0.101943969726563 -0.188446044921875 0.0967864990234375 -0.133613586425781
0.156295776367188 -0.03997802734375 0.2474365234375 -0.24462890625
0.0208511352539063 -0.0742416381835938 0.4271240234375 -0.259918212890625
0.00209045410156251 -0.214736938476562 0.3330078125 -0.09197998046875
-0.179733276367188 -0.0709991455078125 0.271499633789063 -0.223983764648438
-0.0781936645507813 0.0609893798828125 -0.0209617614746094 0.0297279357910156
0.0916213989257813 0.0721893310546875 0.0511627197265625 0.245025634765625
0.103401184082031 -0.0693740844726563 0.164230346679688 0.216949462890625
-0.00106811523437499 -0.14068603515625 0.191680908203125 0.191299438476563
-0.129585266113281 -0.100189208984375 0.250335693359375 0.160903930664062
-0.144134521484375 -0.031494140625 0.29638671875 0.10150146484375
-0.13421630859375 -0.0333328247070313 0.256973266601562 0.0859375
-0.163284301757812 -0.0480194091796875 0.207244873046875 0.0823211669921875
-0.117095947265625 -0.11981201171875 0.140869140625 0.0909881591796875
-0.000991821289062512 -0.159957885742188 0.0945816040039062 0.0255584716796875
0.104949951171875 -0.0658035278320313 0.104698181152344 -0.0950164794921875
0.0473480224609375 0.0754928588867188 0.286865234375 -0.225799560546875
-0.119049072265625 0.00543975830078123 0.510101318359375 -0.22589111328125
-0.14080810546875 -0.159805297851562 0.376983642578125 -0.109832763671875
0.291778564453125 0.070404052734375 -0.342926025390625 0.103271484375
0.211593627929687 -0.0915985107421875 -0.58551025390625 0.21112060546875
0.07366943359375 -0.148086547851563 -0.2498779296875 0.28216552734375
-0.0418205261230469 -0.0653266906738281 -0.0687637329101563 0.106033325195312
-0.0232963562011719 0.0320053100585938 -0.071502685546875 -0.0610504150390625
0.0580024719238281 0.0393600463867187 -0.1734619140625 -0.090667724609375
0.0582122802734375 -0.0150566101074219 -0.27081298828125 -0.0618896484375
0.0428237915039063 -0.0266227722167969 -0.290008544921875 -0.0494384765625
0.0430068969726563 -0.0213966369628906 -0.32562255859375 -0.0712890625
0.0277080535888672 0.0129718780517578 -0.299560546875 -0.152984619140625
-0.0286903381347656 0.0399169921875 -0.229827880859375 -0.1737060546875
-0.0979843139648437 -0.0324554443359375 -0.158187866210938 -0.188583374023437
-0.0489349365234375 -0.170486450195312 -0.0639190673828125 -0.204360961914063
0.108551025390625 -0.211181640625 -0.0247154235839844 -0.0643806457519531
0.218017578125 -0.06787109375 -0.300567626953125 0.189300537109375
0.3609619140625 -0.041595458984375 -0.271499633789063 0.0922698974609375
0.28662109375 -0.143798828125 -0.59722900390625 0.17962646484375
0.187545776367188 -0.22393798828125 -0.272613525390625 0.32940673828125
0.0193939208984375 -0.185272216796875 -0.04339599609375 0.147003173828125
-0.0213699340820313 -0.099456787109375 -0.0418739318847656 -0.0596084594726563
-0.0204963684082031 -0.0549163818359375 -0.18011474609375 -0.0926666259765625
-0.0504798889160156 -0.0648460388183594 -0.274887084960937 -0.040771484375
-0.0602264404296875 -0.0776748657226563 -0.27471923828125 -0.0126953125
-0.0814590454101563 -0.0663299560546875 -0.31402587890625 -0.0409545898437501
-0.0735626220703125 -0.0637664794921875 -0.29705810546875 -0.127960205078125
-0.0853652954101563 -0.077117919921875 -0.218734741210938 -0.170913696289063
-0.100143432617187 -0.145736694335938 -0.142364501953125 -0.19622802734375
0.00885009765625001 -0.253341674804687 -0.0461883544921875 -0.206451416015625
0.146087646484375 -0.30181884765625 -0.01849365234375 -0.0867462158203125
0.2822265625 -0.1876220703125 -0.23651123046875 0.167465209960938
0.37884521484375 -0.16973876953125 -0.167312622070312 0.066650390625
0.29937744140625 -0.213897705078125 -0.56500244140625 0.16009521484375
0.246978759765625 -0.2889404296875 -0.267913818359375 0.390106201171875
0.06640625 -0.285614013671875 -0.00509643554687501 0.213653564453125
-0.019805908203125 -0.228424072265625 0.00145912170410156 -0.02294921875
-0.103057861328125 -0.153579711914062 -0.154190063476562 -0.0648193359375
-0.158004760742188 -0.109954833984375 -0.234710693359375 -0.00563049316406252
-0.153060913085938 -0.118331909179687 -0.218414306640625 0.025848388671875
-0.18963623046875 -0.100662231445313 -0.258804321289062 -0.00926208496093756
-0.163330078125 -0.126937866210937 -0.255203247070313 -0.0950622558593751
-0.135665893554688 -0.183059692382813 -0.184906005859375 -0.162872314453125
-0.0958099365234375 -0.24969482421875 -0.1160888671875 -0.208786010742188
0.073394775390625 -0.316864013671875 -0.01190185546875 -0.232101440429688
0.178314208984375 -0.351165771484375 0.0247039794921875 -0.138603210449219
0.311309814453125 -0.269927978515625 -0.135452270507812 0.116432189941406
0.335052490234375 -0.28106689453125 -0.0432815551757812 0.0173606872558594
0.248336791992188 -0.2752685546875 -0.483978271484375 0.146820068359375
0.2413330078125 -0.319549560546875 -0.221160888671875 0.43572998046875
0.085052490234375 -0.34503173828125 0.0504913330078125 0.273788452148438
-0.026092529296875 -0.324066162109375 0.0571136474609375 0.0337562561035156
-0.178451538085937 -0.229782104492187 -0.092742919921875 -0.0116729736328125
-0.247314453125 -0.138076782226563 -0.149795532226563 0.0367279052734375
-0.224395751953125 -0.140945434570312 -0.126304626464844 0.060760498046875
-0.266586303710938 -0.121749877929687 -0.1700439453125 0.0190277099609375
-0.223159790039062 -0.173233032226563 -0.178985595703125 -0.0600128173828125
-0.161544799804687 -0.263931274414063 -0.125198364257813 -0.149505615234375
-0.070892333984375 -0.3233642578125 -0.070526123046875 -0.218490600585938
0.13909912109375 -0.339385986328125 0.038970947265625 -0.264556884765625
0.19732666015625 -0.3489990234375 0.100067138671875 -0.205810546875
0.2978515625 -0.309173583984375 -0.0115699768066406 0.0496902465820312
0.23291015625 -0.33746337890625 0.0800857543945313 -0.0552215576171875
0.151229858398438 -0.278518676757813 -0.36688232421875 0.129730224609375
0.194854736328125 -0.28399658203125 -0.1336669921875 0.43829345703125
0.084014892578125 -0.33941650390625 0.115478515625 0.2967529296875
-0.037567138671875 -0.359771728515625 0.114570617675781 0.0912094116210937
-0.23187255859375 -0.260482788085937 -0.00337982177734376 0.0517501831054687
-0.29852294921875 -0.140228271484375 -0.0302505493164063 0.076629638671875
-0.261215209960938 -0.141998291015625 -0.0138168334960938 0.0869064331054687
-0.3004150390625 -0.1253662109375 -0.0611763000488282 0.0414810180664062
-0.243011474609375 -0.197097778320313 -0.0842208862304688 -0.0237274169921875
-0.149169921875 -0.305938720703125 -0.0491180419921875 -0.124015808105469
-0.01885986328125 -0.341949462890625 -0.00891113281250001 -0.213241577148438
0.191558837890625 -0.295318603515625 0.10748291015625 -0.28558349609375
0.185699462890625 -0.288787841796875 0.20111083984375 -0.264022827148438
0.23779296875 -0.305419921875 0.123199462890625 -0.0174636840820313
0.0919189453125 -0.310699462890625 0.181900024414063 -0.13604736328125
0.046783447265625 -0.200119018554687 -0.22930908203125 0.098876953125
0.150146484375 -0.181304931640625 -0.0374755859375 0.392242431640625
0.0889129638671875 -0.277114868164063 0.163238525390625 0.278182983398438
-0.03875732421875 -0.330291748046875 0.16058349609375 0.1353759765625
-0.243881225585938 -0.238937377929687 0.0967941284179688 0.107902526855469
-0.2987060546875 -0.115966796875 0.101707458496094 0.102378845214844
-0.256866455078125 -0.120361328125 0.101036071777344 0.0982131958007812
-0.290679931640625 -0.112945556640625 0.0490913391113281 0.0590782165527344
-0.224700927734375 -0.194915771484375 0.0111942291259765 0.0145950317382812
-0.104705810546875 -0.298736572265625 0.02392578125 -0.0829315185546875
0.048736572265625 -0.295257568359375 0.05352783203125 -0.185073852539063
0.206146240234375 -0.18572998046875 0.1807861328125 -0.281646728515625
0.126373291015625 -0.184494018554688 0.316986083984375 -0.2899169921875
0.13250732421875 -0.2698974609375 0.246719360351563 -0.0700531005859375
-0.0573883056640625 -0.209487915039063 0.246078491210937 -0.204025268554687
-0.0322532653808594 -0.0693740844726563 -0.106124877929687 0.0608062744140625
0.121795654296875 -0.05169677734375 0.033172607421875 0.315643310546875
0.0988006591796875 -0.182647705078125 0.180465698242188 0.241104125976563
-0.0291900634765625 -0.252365112304688 0.1865234375 0.166458129882813
-0.210205078125 -0.177886962890625 0.188430786132812 0.144790649414062
-0.244171142578125 -0.0723876953125 0.220077514648437 0.107406616210938
-0.213302612304687 -0.078948974609375 0.198806762695313 0.0939788818359375
-0.243270874023438 -0.0829925537109376 0.144256591796875 0.0707855224609375
-0.182235717773438 -0.166976928710938 0.0909423828125 0.0543060302734375
-0.05145263671875 -0.246978759765625 0.07598876953125 -0.0287857055664063
0.096832275390625 -0.196044921875 0.0938720703125 -0.139411926269531
0.158798217773438 -0.047393798828125 0.240936279296875 -0.258377075195313
0.016571044921875 -0.0736160278320313 0.425323486328125 -0.279541015625
-0.00502014160156248 -0.218002319335938 0.3388671875 -0.10418701171875
-0.18450927734375 -0.0639190673828125 0.26544189453125 -0.241012573242187
-0.0792160034179687 0.0656967163085938 -0.0211582183837891 0.0290794372558594
0.0977249145507813 0.0685043334960938 0.0637664794921875 0.247299194335938
0.102882385253906 -0.0763397216796875 0.172454833984375 0.212326049804688
-0.00685119628906252 -0.144912719726563 0.198654174804688 0.1881103515625
-0.136856079101563 -0.0954818725585937 0.256820678710937 0.157745361328125
-0.14862060546875 -0.02362060546875 0.303009033203125 0.09088134765625
-0.137542724609375 -0.0277175903320312 0.26385498046875 0.0753173828125
-0.166946411132813 -0.0391845703125 0.214553833007813 0.075775146484375
-0.126312255859375 -0.11492919921875 0.148468017578125 0.087799072265625
-0.00910949707031249 -0.162185668945313 0.098541259765625 0.0242385864257812
0.104904174804688 -0.0719070434570313 0.103683471679687 -0.0994338989257813
0.0526199340820313 0.0748062133789063 0.282501220703125 -0.24078369140625
-0.121444702148437 0.01171875 0.512237548828125 -0.24871826171875
-0.148834228515625 -0.1561279296875 0.3817138671875 -0.122039794921875
0.30126953125 0.053985595703125 -0.3392333984375 0.12213134765625
0.207275390625 -0.100982666015625 -0.57403564453125 0.24798583984375
0.063934326171875 -0.15216064453125 -0.23382568359375 0.294342041015625
-0.0474014282226562 -0.0619468688964844 -0.0634689331054688 0.108741760253906
-0.0200786590576172 0.0351238250732422 -0.0754318237304688 -0.0581817626953125
0.0644493103027344 0.0359840393066406 -0.178634643554687 -0.08172607421875
0.0601577758789063 -0.0202980041503906 -0.274642944335938 -0.0435028076171875
0.0429153442382813 -0.0312995910644531 -0.292572021484375 -0.029296875
0.0430793762207031 -0.0257110595703125 -0.3297119140625 -0.0515747070312501
0.0311107635498047 0.0108127593994141 -0.30859375 -0.136444091796875
-0.0239601135253906 0.0421791076660156 -0.237838745117187 -0.162551879882813
-0.100555419921875 -0.0256500244140625 -0.168182373046875 -0.180374145507813
-0.0615692138671875 -0.166488647460938 -0.07623291015625 -0.19915771484375
0.0942840576171875 -0.217544555664063 -0.0293350219726562 -0.0622673034667969
0.217300415039062 -0.080413818359375 -0.287200927734375 0.20819091796875
0.3653564453125 -0.061737060546875 -0.26702880859375 0.107101440429688
0.280075073242188 -0.156753540039062 -0.5892333984375 0.216064453125
0.174728393554688 -0.235397338867187 -0.253387451171875 0.34442138671875
0.00759887695312499 -0.184661865234375 -0.0347900390625 0.148666381835938
-0.0261306762695313 -0.0968475341796875 -0.0464515686035156 -0.0594596862792969
-0.0193252563476563 -0.0537452697753906 -0.186004638671875 -0.0821990966796875
-0.0511207580566406 -0.0624656677246094 -0.278045654296875 -0.021148681640625
-0.0631637573242187 -0.0758285522460938 -0.274505615234375 0.00549316406250002
-0.0837478637695312 -0.0620040893554688 -0.316314697265625 -0.020477294921875
-0.0750732421875 -0.0593948364257813 -0.30419921875 -0.11053466796875
-0.0875091552734375 -0.0710067749023438 -0.22723388671875 -0.160934448242187
-0.108566284179687 -0.139289855957031 -0.153289794921875 -0.189239501953125
-0.00782775878906249 -0.254150390625 -0.0583038330078125 -0.203079223632813
0.125518798828125 -0.3095703125 -0.0241622924804687 -0.0843505859375
0.274917602539063 -0.20367431640625 -0.223358154296875 0.183334350585937
0.376251220703125 -0.189697265625 -0.163833618164062 0.0757904052734375
0.290283203125 -0.226959228515625 -0.557769775390625 0.1943359375
0.230987548828125 -0.30401611328125 -0.2454833984375 0.404510498046875
0.0501708984375 -0.288116455078125 0.0071258544921875 0.212738037109375
-0.0319366455078125 -0.227706909179688 -0.00172042846679688 -0.0254077911376953
-0.10821533203125 -0.147598266601563 -0.159469604492188 -0.0540618896484375
-0.161163330078125 -0.0999603271484375 -0.23553466796875 0.011993408203125
-0.158782958984375 -0.110275268554688 -0.214218139648438 0.0409393310546875
-0.194046020507812 -0.08941650390625 -0.258224487304688 0.00881958007812497
-0.169036865234375 -0.116836547851562 -0.260055541992188 -0.0794677734375
-0.145111083984375 -0.174224853515625 -0.19287109375 -0.154632568359375
-0.109756469726563 -0.244369506835938 -0.127777099609375 -0.204010009765625
0.054595947265625 -0.322845458984375 -0.026641845703125 -0.230056762695313
0.15478515625 -0.36083984375 0.01507568359375 -0.138298034667969
0.299530029296875 -0.2896728515625 -0.125709533691406 0.126068115234375
0.32501220703125 -0.299468994140625 -0.0414390563964844 0.0191001892089844
0.23431396484375 -0.28790283203125 -0.477508544921875 0.17596435546875
0.224517822265625 -0.335052490234375 -0.1959228515625 0.447601318359375
0.066314697265625 -0.349822998046875 0.066070556640625 0.269744873046875
-0.045196533203125 -0.324493408203125 0.0569000244140625 0.0283699035644531
-0.189865112304688 -0.219039916992187 -0.0955734252929688 -0.00307464599609377
-0.2535400390625 -0.121673583984375 -0.147964477539063 0.0493316650390625
-0.230850219726563 -0.128829956054687 -0.120391845703125 0.069488525390625
-0.271194458007813 -0.104568481445312 -0.167587280273438 0.0306396484375
-0.232101440429688 -0.158843994140625 -0.181533813476563 -0.0485076904296875
-0.176223754882813 -0.253662109375 -0.13177490234375 -0.143280029296875
-0.09063720703125 -0.3209228515625 -0.0836334228515625 -0.216522216796875
0.119537353515625 -0.350738525390625 0.0221099853515625 -0.266845703125
0.173583984375 -0.358612060546875 0.087249755859375 -0.210617065429688
0.2841796875 -0.327728271484375 -0.00479507446289061 0.0516777038574219
0.2191162109375 -0.35064697265625 0.0776290893554688 -0.0619125366210938
0.13720703125 -0.284698486328125 -0.36065673828125 0.15240478515625
0.180084228515625 -0.298126220703125 -0.106353759765625 0.448455810546875
0.0655517578125 -0.345062255859375 0.13299560546875 0.28912353515625
-0.058868408203125 -0.36151123046875 0.117546081542969 0.083038330078125
-0.24700927734375 -0.2467041015625 -0.00260162353515626 0.056793212890625
-0.3056640625 -0.119873046875 -0.025848388671875 0.0818939208984375
-0.268997192382812 -0.126556396484375 -0.00596618652343752 0.0879745483398437
-0.305816650390625 -0.10565185546875 -0.0569915771484375 0.0466194152832031
-0.253631591796875 -0.180694580078125 -0.083587646484375 -0.0175552368164063
-0.16717529296875 -0.29638671875 -0.0548324584960938 -0.122207641601563
-0.0384521484375 -0.34246826171875 -0.0217742919921875 -0.214553833007813
0.175048828125 -0.3095703125 0.088623046875 -0.29180908203125
0.166259765625 -0.296966552734375 0.18609619140625 -0.27459716796875
0.223846435546875 -0.320159912109375 0.126380920410156 -0.0239181518554688
0.078033447265625 -0.314910888671875 0.174667358398437 -0.149429321289063
0.0364532470703125 -0.201248168945313 -0.225509643554687 0.112884521484375
0.140960693359375 -0.191970825195313 -0.012298583984375 0.395904541015625
0.073333740234375 -0.28350830078125 0.17962646484375 0.267776489257813
-0.058868408203125 -0.3323974609375 0.165542602539063 0.1258544921875
-0.258163452148438 -0.224685668945313 0.100929260253906 0.107795715332031
-0.304901123046875 -0.0949401855468749 0.107963562011719 0.0985031127929688
-0.263534545898438 -0.104339599609375 0.109054565429687 0.0914382934570313
-0.29534912109375 -0.092681884765625 0.0541648864746094 0.0572891235351563
-0.236083984375 -0.179428100585938 0.0141944885253906 0.0154428482055664
-0.12298583984375 -0.29132080078125 0.0213546752929687 -0.084747314453125
0.031829833984375 -0.29986572265625 0.04241943359375 -0.189712524414063
0.196853637695313 -0.200393676757813 0.16302490234375 -0.292266845703125
0.113189697265625 -0.188751220703125 0.3009033203125 -0.307830810546875
0.119140625 -0.277572631835938 0.247344970703125 -0.0841217041015625
-0.0667572021484375 -0.204498291015625 0.2332763671875 -0.22210693359375
-0.0366668701171875 -0.0657730102539063 -0.10498046875 0.0663909912109375
0.12078857421875 -0.0608062744140625 0.054534912109375 0.314544677734375
0.0887603759765625 -0.19036865234375 0.193557739257813 0.229232788085938
-0.0449371337890625 -0.254150390625 0.194381713867188 0.1563720703125
-0.222396850585938 -0.16387939453125 0.195175170898438 0.139419555664063
-0.249038696289062 -0.055206298828125 0.226760864257813 0.0950927734375
-0.2181396484375 -0.0655059814453125 0.205856323242188 0.08050537109375
-0.24676513671875 -0.065093994140625 0.14984130859375 0.0627899169921875
-0.193618774414062 -0.153564453125 0.0967330932617188 0.04998779296875
-0.067840576171875 -0.243423461914062 0.0763092041015625 -0.0323715209960938
0.08673095703125 -0.2030029296875 0.086395263671875 -0.14520263671875
0.157913208007813 -0.0581207275390625 0.225204467773438 -0.272857666015625
0.0107955932617188 -0.0716552734375 0.411712646484375 -0.3040771484375
-0.0167236328125 -0.218002319335938 0.3359375 -0.12237548828125
-0.186553955078125 -0.051116943359375 0.24951171875 -0.260269165039063
-0.0771942138671875 0.0720291137695312 -0.0218048095703125 0.0288925170898437
0.103340148925781 0.061767578125 0.080657958984375 0.243301391601563
0.0995025634765625 -0.0855026245117188 0.183456420898437 0.202346801757812
-0.0172576904296875 -0.14666748046875 0.207443237304687 0.17803955078125
-0.144088745117188 -0.08648681640625 0.264785766601563 0.1473388671875
-0.150421142578125 -0.0125274658203125 0.30804443359375 0.07342529296875
-0.139289855957031 -0.0187225341796875 0.26849365234375 0.0580596923828125
-0.168350219726563 -0.026336669921875 0.220230102539063 0.062408447265625
-0.134910583496094 -0.105461120605469 0.15643310546875 0.07989501953125
-0.0205841064453125 -0.16192626953125 0.101875305175781 0.0205917358398437
0.101547241210938 -0.0796737670898438 0.0977783203125 -0.104759216308594
0.0585861206054688 0.07122802734375 0.268402099609375 -0.256668090820313
-0.121726989746094 0.0208511352539063 0.5010986328125 -0.276885986328125
-0.158111572265625 -0.148284912109375 0.377777099609375 -0.143096923828125
0.301544189453125 0.032440185546875 -0.324493408203125 0.136474609375
0.197052001953125 -0.108551025390625 -0.544921875 0.27581787109375
0.052490234375 -0.150802612304688 -0.20941162109375 0.297698974609375
-0.0513343811035156 -0.0558738708496094 -0.0552749633789063 0.107887268066406
-0.0164680480957031 0.0374336242675781 -0.0780258178710938 -0.0539093017578125
0.0680809020996094 0.03021240234375 -0.17840576171875 -0.0701904296875
0.0597343444824219 -0.0254859924316406 -0.270538330078125 -0.023468017578125
0.0409164428710938 -0.0355796813964844 -0.28533935546875 -0.00955200195312496
0.04119873046875 -0.029876708984375 -0.323516845703125 -0.0286560058593751
0.033111572265625 0.00768089294433594 -0.307830810546875 -0.11578369140625
-0.0182151794433594 0.043243408203125 -0.239212036132813 -0.146942138671875
-0.099334716796875 -0.0173721313476563 -0.173492431640625 -0.166244506835938
-0.0712432861328125 -0.156387329101563 -0.0862274169921875 -0.187469482421875
0.0761566162109375 -0.216766357421875 -0.0323677062988281 -0.0582199096679688
0.209701538085937 -0.091461181640625 -0.26422119140625 0.221160888671875
0.357330322265625 -0.082733154296875 -0.254135131835938 0.117904663085937
0.264907836914063 -0.165985107421875 -0.560699462890625 0.245574951171875
0.156051635742188 -0.23968505859375 -0.225189208984375 0.348846435546875
-0.0042572021484375 -0.177993774414063 -0.0254669189453125 0.145278930664063
-0.0305252075195313 -0.0924530029296875 -0.0501823425292969 -0.0574150085449219
-0.0177879333496094 -0.0515289306640625 -0.18634033203125 -0.0685577392578125
-0.0510444641113281 -0.0592765808105469 -0.271484375 -0.000305175781250061
-0.0644302368164063 -0.072509765625 -0.265029907226562 0.023529052734375
-0.0833892822265625 -0.0575485229492188 -0.307525634765625 0.000701904296874945
-0.0740280151367188 -0.053680419921875 -0.302032470703125 -0.089385986328125
-0.0873870849609375 -0.06378173828125 -0.229248046875 -0.14569091796875
-0.113960266113281 -0.12841796875 -0.160537719726562 -0.176910400390625
-0.023773193359375 -0.245758056640625 -0.0695037841796875 -0.191986083984375
0.101837158203125 -0.306915283203125 -0.0289230346679687 -0.0790786743164063
0.258880615234375 -0.214950561523437 -0.20477294921875 0.19183349609375
0.36151123046875 -0.2080078125 -0.154342651367187 0.0816192626953125
0.27166748046875 -0.236038208007812 -0.531829833984375 0.2242431640625
0.207763671875 -0.309295654296875 -0.21453857421875 0.4075927734375
0.0321044921875 -0.281219482421875 0.0189666748046875 0.20489501953125
-0.0442962646484375 -0.220108032226563 -0.00569152832031251 -0.0275707244873047
-0.109725952148437 -0.137641906738281 -0.159744262695313 -0.040740966796875
-0.159835815429688 -0.087890625 -0.228057861328125 0.0294036865234375
-0.159805297851563 -0.100021362304687 -0.203475952148438 0.05413818359375
-0.192916870117187 -0.075469970703125 -0.248916625976562 0.0255126953125
-0.168441772460938 -0.103805541992187 -0.256622314453125 -0.0610809326171875
-0.14959716796875 -0.160675048828125 -0.194747924804688 -0.141189575195313
-0.121353149414062 -0.231353759765625 -0.136444091796875 -0.192703247070313
0.033477783203125 -0.31744384765625 -0.0408782958984375 -0.221176147460938
0.126129150390625 -0.357635498046875 0.00625610351562499 -0.134140014648438
0.278167724609375 -0.301422119140625 -0.112281799316406 0.130691528320313
0.305328369140625 -0.310943603515625 -0.0390815734863281 0.0194015502929687
0.215484619140625 -0.290069580078125 -0.4556884765625 0.201416015625
0.19879150390625 -0.34088134765625 -0.162994384765625 0.448516845703125
0.043701171875 -0.3441162109375 0.080474853515625 0.2572021484375
-0.064178466796875 -0.315521240234375 0.0539131164550781 0.0217628479003906
-0.19561767578125 -0.20233154296875 -0.09478759765625 0.00595855712890623
-0.251434326171875 -0.10186767578125 -0.140792846679688 0.06085205078125
-0.23211669921875 -0.112335205078125 -0.110603332519531 0.0755081176757813
-0.268386840820312 -0.0849914550781251 -0.159591674804688 0.0419769287109375
-0.233657836914063 -0.139541625976563 -0.17779541015625 -0.03521728515625
-0.18585205078125 -0.234909057617187 -0.135650634765625 -0.13311767578125
-0.10662841796875 -0.307220458984375 -0.0944061279296875 -0.20721435546875
0.095672607421875 -0.34820556640625 0.00422668457031253 -0.259353637695313
0.146240234375 -0.356842041015625 0.0718841552734375 -0.208175659179688
0.26080322265625 -0.336456298828125 0.00148391723632814 0.0504875183105469
0.19683837890625 -0.35296630859375 0.0724563598632813 -0.0667037963867188
0.1187744140625 -0.282684326171875 -0.343353271484375 0.170501708984375
0.15887451171875 -0.30181884765625 -0.07550048828125 0.441680908203125
0.0450439453125 -0.340423583984375 0.145980834960937 0.272064208984375
-0.079498291015625 -0.3515625 0.115928649902344 0.072235107421875
-0.254165649414063 -0.22607421875 -0.000972747802734395 0.0596122741699219
-0.303375244140625 -0.09686279296875 -0.0200881958007813 0.0843124389648438
-0.26824951171875 -0.107528686523438 0.00124359130859374 0.0850296020507813
-0.30242919921875 -0.0830078125 -0.0511665344238282 0.0505447387695312
-0.25616455078125 -0.15826416015625 -0.0804595947265625 -0.0110397338867188
-0.180526733398437 -0.276382446289063 -0.0584716796875 -0.116790771484375
-0.057769775390625 -0.331878662109375 -0.0345458984375 -0.208526611328125
0.152313232421875 -0.312774658203125 0.067474365234375 -0.2889404296875
0.14208984375 -0.294891357421875 0.164474487304688 -0.277236938476563
0.20281982421875 -0.3272705078125 0.124763488769531 -0.0313720703125
0.0614013671875 -0.310211181640625 0.161041259765625 -0.157516479492188
0.0248870849609375 -0.19561767578125 -0.214675903320313 0.1236572265625
0.12762451171875 -0.1971435546875 0.013153076171875 0.384429931640625
0.05615234375 -0.28155517578125 0.189834594726563 0.248550415039063
-0.0789794921875 -0.323333740234375 0.165756225585938 0.11199951171875
-0.264434814453125 -0.202117919921875 0.103614807128906 0.104011535644531
-0.301910400390625 -0.0711059570312501 0.11053466796875 0.0920333862304687
-0.26263427734375 -0.0860748291015625 0.113006591796875 0.081512451171875
-0.291229248046875 -0.07080078125 0.0572891235351562 0.0535430908203125
-0.239791870117188 -0.157089233398437 0.0174350738525391 0.0150585174560547
-0.137802124023437 -0.275680541992188 0.0177001953125 -0.0844573974609375
0.01416015625 -0.29510498046875 0.0299835205078125 -0.187698364257813
0.180374145507813 -0.207794189453125 0.13934326171875 -0.293731689453125
0.0980987548828125 -0.18695068359375 0.275177001953125 -0.316497802734375
0.102005004882812 -0.278762817382813 0.238525390625 -0.0967254638671875
-0.0739288330078125 -0.194259643554688 0.212356567382813 -0.231979370117188
-0.0397377014160156 -0.0602378845214844 -0.100517272949219 0.0704345703125
0.114974975585938 -0.0672531127929688 0.0748291015625 0.301971435546875
0.075286865234375 -0.19305419921875 0.200454711914063 0.210296630859375
-0.061798095703125 -0.247726440429688 0.19580078125 0.141815185546875
-0.226608276367187 -0.145614624023438 0.197647094726562 0.129409790039063
-0.245895385742188 -0.0358428955078125 0.2259521484375 0.0803680419921875
-0.215667724609375 -0.050933837890625 0.204696655273437 0.0644989013671875
-0.242446899414062 -0.0468597412109375 0.150772094726562 0.0519866943359375
-0.197601318359375 -0.134613037109375 0.0994796752929687 0.0432510375976562
-0.0822601318359375 -0.231674194335938 0.07427978515625 -0.035980224609375
0.0730438232421875 -0.204437255859375 0.074676513671875 -0.146240234375
0.151153564453125 -0.0664825439453125 0.202011108398438 -0.278854370117188
0.005645751953125 -0.0670814514160156 0.382659912109375 -0.319366455078125
-0.02777099609375 -0.2120361328125 0.32330322265625 -0.138702392578125
-0.182968139648438 -0.037567138671875 0.22528076171875 -0.270950317382813
-0.071929931640625 0.0765380859375 -0.0223217010498047 0.0280990600585937
0.105323791503906 0.0523452758789063 0.0955352783203125 0.230987548828125
0.0909805297851563 -0.0918350219726563 0.189056396484375 0.18524169921875
-0.0283660888671875 -0.14404296875 0.210693359375 0.163055419921875
-0.146820068359375 -0.0737152099609375 0.266311645507812 0.132598876953125
-0.148147583007812 -0.000625610351562507 0.30242919921875 0.053070068359375
-0.137290954589844 -0.00986480712890625 0.263885498046875 0.0396270751953125
-0.165115356445313 -0.0139617919921875 0.219100952148438 0.046844482421875
-0.138778686523438 -0.0914535522460937 0.159454345703125 0.069000244140625
-0.0314178466796875 -0.15582275390625 0.102523803710938 0.014678955078125
0.0944747924804688 -0.0853958129882813 0.0886993408203125 -0.106544494628906
0.0627861022949219 0.0651779174804688 0.24481201171875 -0.266448974609375
-0.11767578125 0.0296478271484375 0.472320556640625 -0.29925537109375
-0.16253662109375 -0.136001586914063 0.3616943359375 -0.158966064453125
0.292633056640625 0.017913818359375 -0.306549072265625 0.1395263671875
0.185928344726563 -0.109481811523438 -0.511932373046875 0.28289794921875
0.044097900390625 -0.145721435546875 -0.191009521484375 0.2899169921875
-0.0530166625976563 -0.0498085021972656 -0.0490493774414062 0.104049682617188
-0.0136642456054687 0.0378570556640625 -0.0773696899414063 -0.0511856079101562
0.0692672729492188 0.0252151489257813 -0.173507690429688 -0.0628204345703125
0.0577507019042969 -0.0291175842285156 -0.259735107421875 -0.0105743408203125
0.03839111328125 -0.0376968383789063 -0.27239990234375 0.00318908691406252
0.0387382507324219 -0.0328826904296875 -0.309417724609375 -0.01605224609375
0.0345230102539063 0.00485038757324219 -0.298980712890625 -0.100616455078125
-0.0131645202636719 0.0419197082519531 -0.233627319335937 -0.134979248046875
-0.0960693359375 -0.0119857788085937 -0.170989990234375 -0.154159545898437
-0.0750274658203125 -0.146148681640625 -0.0879974365234375 -0.1754150390625
0.0633087158203125 -0.208969116210937 -0.0327072143554687 -0.0544013977050781
0.2003173828125 -0.0952606201171875 -0.243942260742187 0.22149658203125
0.3443603515625 -0.09295654296875 -0.24078369140625 0.1197509765625
0.251068115234375 -0.165863037109375 -0.52911376953125 0.255645751953125
0.14129638671875 -0.234573364257813 -0.2037353515625 0.34002685546875
-0.0107879638671875 -0.168655395507812 -0.0193939208984375 0.138267517089844
-0.0319747924804688 -0.086181640625 -0.0522537231445313 -0.0562896728515625
-0.0158767700195312 -0.0501976013183594 -0.18170166015625 -0.0604095458984375
-0.0482711791992187 -0.0567741394042969 -0.259506225585938 0.0126495361328125
-0.0635452270507813 -0.0693893432617188 -0.250823974609375 0.0338897705078125
-0.0808792114257813 -0.0532760620117188 -0.292694091796875 0.012939453125
-0.0702247619628906 -0.0493621826171875 -0.292205810546875 -0.07525634765625
-0.0833587646484375 -0.05731201171875 -0.223831176757813 -0.13494873046875
-0.114234924316406 -0.118110656738281 -0.159408569335938 -0.1650390625
-0.03204345703125 -0.233612060546875 -0.0733184814453125 -0.179641723632813
0.084716796875 -0.295684814453125 -0.0309600830078125 -0.0737533569335938
0.24456787109375 -0.216079711914063 -0.1868896484375 0.191299438476563
0.344818115234375 -0.213623046875 -0.145187377929687 0.082000732421875
0.255218505859375 -0.232467651367188 -0.501434326171875 0.23309326171875
0.18841552734375 -0.304046630859375 -0.19140625 0.396331787109375
0.0209808349609375 -0.269515991210938 0.0250244140625 0.193313598632812
-0.0504913330078125 -0.209762573242188 -0.00866317749023438 -0.0288753509521485
-0.107749938964844 -0.12896728515625 -0.15557861328125 -0.032928466796875
-0.153961181640625 -0.0794525146484375 -0.216812133789063 0.0399017333984375
-0.155990600585938 -0.091583251953125 -0.191131591796875 0.05938720703125
-0.1864013671875 -0.0664215087890625 -0.2359619140625 0.0349273681640625
-0.162872314453125 -0.092926025390625 -0.246475219726563 -0.0488739013671875
-0.147430419921875 -0.14764404296875 -0.191070556640625 -0.131561279296875
-0.124893188476562 -0.217544555664063 -0.13763427734375 -0.1807861328125
0.020355224609375 -0.3048095703125 -0.0474090576171875 -0.20904541015625
0.106353759765625 -0.34423828125 0.00135040283203126 -0.126579284667969
0.25921630859375 -0.29840087890625 -0.100517272949219 0.12896728515625
0.286346435546875 -0.31024169921875 -0.0363883972167969 0.0181503295898437
0.198974609375 -0.28338623046875 -0.429229736328125 0.209381103515625
0.17999267578125 -0.334686279296875 -0.13946533203125 0.432830810546875
0.031280517578125 -0.329803466796875 0.0856170654296875 0.241714477539062
-0.073516845703125 -0.30242919921875 0.0495223999023437 0.0165786743164062
-0.192733764648438 -0.187744140625 -0.0915374755859375 0.0113677978515625
-0.242141723632813 -0.088226318359375 -0.13214111328125 0.0664520263671875
-0.225830078125 -0.10162353515625 -0.101303100585938 0.076324462890625
-0.25848388671875 -0.0715789794921876 -0.149200439453125 0.0474090576171875
-0.226058959960938 -0.124526977539062 -0.169387817382812 -0.027008056640625
-0.185592651367188 -0.2176513671875 -0.133186340332031 -0.125617980957031
-0.112548828125 -0.29083251953125 -0.098419189453125 -0.196151733398438
0.0789794921875 -0.338958740234375 -0.00608825683593752 -0.246719360351563
0.126129150390625 -0.34307861328125 0.061676025390625 -0.200103759765625
0.242889404296875 -0.332977294921875 0.00631332397460939 0.0484733581542969
0.181427001953125 -0.34820556640625 0.0668067932128906 -0.06829833984375
0.10650634765625 -0.274261474609375 -0.324249267578125 0.176513671875
0.142303466796875 -0.29718017578125 -0.0545654296875 0.424652099609375
0.031646728515625 -0.32855224609375 0.148849487304687 0.254318237304688
-0.091156005859375 -0.337005615234375 0.111106872558594 0.0632247924804687
-0.249618530273437 -0.206695556640625 0.00104522705078123 0.0606117248535156
-0.292510986328125 -0.0801696777343751 -0.0156707763671875 0.0841445922851563
-0.26116943359375 -0.094757080078125 0.00601959228515623 0.0809249877929688
-0.290435791015625 -0.0682373046875001 -0.0455856323242188 0.05120849609375
-0.249359130859375 -0.14056396484375 -0.0748519897460938 -0.00694274902343749
-0.18212890625 -0.257369995117188 -0.058868408203125 -0.11212158203125
-0.067138671875 -0.316925048828125 -0.04095458984375 -0.19970703125
0.135650634765625 -0.306610107421875 0.0528564453125 -0.27691650390625
0.124755859375 -0.28387451171875 0.147979736328125 -0.268951416015625
0.18511962890625 -0.32171630859375 0.121566772460938 -0.0338211059570313
0.051971435546875 -0.30108642578125 0.148239135742188 -0.159210205078125
0.01806640625 -0.187408447265625 -0.203109741210937 0.126007080078125
0.116683959960938 -0.194656372070313 0.028411865234375 0.36798095703125
0.0445098876953125 -0.273208618164063 0.189849853515625 0.2296142578125
-0.090667724609375 -0.3101806640625 0.159866333007813 0.10150146484375
-0.261077880859375 -0.18402099609375 0.103096008300781 0.100547790527344
-0.29058837890625 -0.054718017578125 0.109718322753906 0.08624267578125
-0.254837036132813 -0.0739898681640624 0.111557006835937 0.072296142578125
-0.279815673828125 -0.055572509765625 0.0586318969726562 0.04962158203125
-0.234100341796875 -0.140045166015625 0.01971435546875 0.0142135620117187
-0.14215087890625 -0.256484985351563 0.0155563354492187 -0.082366943359375
0.00234985351562499 -0.28436279296875 0.020904541015625 -0.180526733398438
0.166412353515625 -0.206451416015625 0.12091064453125 -0.28387451171875
0.086822509765625 -0.178054809570312 0.25152587890625 -0.31195068359375
0.09039306640625 -0.27154541015625 0.228363037109375 -0.100021362304688
-0.0747528076171875 -0.183837890625 0.194473266601563 -0.231582641601563
-0.0399589538574219 -0.0548324584960937 -0.0961685180664062 0.07147216796875
0.109359741210938 -0.070281982421875 0.0843505859375 0.285186767578125
0.0655059814453125 -0.189315795898438 0.198410034179687 0.19329833984375
-0.0708465576171875 -0.237884521484375 0.19036865234375 0.12994384765625
-0.223342895507813 -0.130661010742188 0.19439697265625 0.121597290039063
-0.237030029296875 -0.0223846435546875 0.218673706054687 0.0702667236328125
-0.209213256835938 -0.04095458984375 0.198410034179688 0.053314208984375
-0.232513427734375 -0.034881591796875 0.147308349609375 0.044891357421875
-0.192764282226563 -0.119384765625 0.0992660522460937 0.03839111328125
-0.0880279541015625 -0.217803955078125 0.0717391967773438 -0.0377197265625
0.0631103515625 -0.199920654296875 0.065704345703125 -0.141998291015625
0.143646240234375 -0.069580078125 0.180892944335938 -0.271591186523438
0.00307846069335938 -0.0609397888183594 0.356231689453125 -0.319183349609375
-0.033416748046875 -0.203323364257813 0.307281494140625 -0.143157958984375
-0.174636840820313 -0.029449462890625 0.203353881835938 -0.268844604492188
-0.0672531127929688 0.0771255493164063 -0.0232257843017578 0.0273494720458984
0.10400390625 0.045318603515625 0.101409912109375 0.215972900390625
0.0839614868164063 -0.0938186645507813 0.186431884765625 0.170272827148438
-0.0342941284179687 -0.138702392578125 0.206436157226563 0.150497436523438
-0.145462036132813 -0.0635833740234375 0.260177612304688 0.121780395507813
-0.142730712890625 0.00744628906250002 0.290130615234375 0.041656494140625
-0.131797790527344 -0.00373077392578126 0.253097534179687 0.02734375
-0.15740966796875 -0.00588989257812498 0.212478637695313 0.0372314453125
-0.136611938476562 -0.079925537109375 0.157852172851563 0.0606231689453125
-0.0374755859375 -0.147598266601563 0.100822448730469 0.0107574462890625
0.08782958984375 -0.0870742797851563 0.0806350708007813 -0.10394287109375
0.0630455017089844 0.0597152709960938 0.222030639648438 -0.261947631835938
-0.111602783203125 0.0344009399414062 0.4423828125 -0.302490234375
-0.159912109375 -0.12542724609375 0.3453369140625 -0.16436767578125
0.28497314453125 0.01239013671875 -0.296478271484375 0.135650634765625
0.179656982421875 -0.1058349609375 -0.490203857421875 0.277435302734375
0.0407791137695313 -0.140487670898438 -0.18109130859375 0.278732299804688
-0.05267333984375 -0.0451507568359375 -0.0463943481445313 0.097991943359375
-0.0118598937988281 0.0386466979980469 -0.0768280029296875 -0.0509872436523437
0.0699043273925781 0.0224189758300781 -0.1688232421875 -0.0613861083984375
0.0570526123046875 -0.031219482421875 -0.24981689453125 -0.00621032714843747
0.0368003845214844 -0.0392875671386719 -0.26171875 0.00747680664062504
0.0369720458984375 -0.0342903137207031 -0.297454833984375 -0.01165771484375
0.0354576110839844 0.00291824340820313 -0.288543701171875 -0.095550537109375
-0.00925064086914063 0.0409393310546875 -0.226211547851563 -0.130905151367187
-0.0930252075195313 -0.00940704345703126 -0.165725708007813 -0.147705078125
-0.0740203857421875 -0.13873291015625 -0.08587646484375 -0.167678833007813
0.0574493408203125 -0.201248168945313 -0.0320777893066406 -0.0520744323730469
0.194900512695312 -0.0948944091796875 -0.2314453125 0.216323852539063
0.333984375 -0.095611572265625 -0.232513427734375 0.115341186523437
0.2420654296875 -0.16070556640625 -0.50714111328125 0.24932861328125
0.134231567382813 -0.227798461914063 -0.194244384765625 0.325927734375
-0.01251220703125 -0.159408569335938 -0.0172653198242187 0.130805969238281
-0.0309219360351563 -0.0817489624023438 -0.0534172058105469 -0.0564155578613281
-0.0127487182617187 -0.0500717163085937 -0.1767578125 -0.0576324462890625
-0.0448455810546875 -0.0569076538085937 -0.249114990234375 0.0166473388671874
-0.0618476867675781 -0.0688438415527344 -0.239227294921875 0.03533935546875
-0.0780868530273438 -0.052276611328125 -0.281082153320313 0.0165252685546875
-0.06549072265625 -0.0486106872558594 -0.28167724609375 -0.070220947265625
-0.0785446166992188 -0.0546035766601562 -0.216461181640625 -0.130279541015625
-0.11126708984375 -0.112075805664063 -0.154754638671875 -0.158447265625
-0.033111572265625 -0.2242431640625 -0.0712432861328125 -0.171859741210938
0.077606201171875 -0.28302001953125 -0.0300827026367187 -0.0691795349121094
0.236526489257812 -0.212127685546875 -0.176300048828125 0.185745239257813
0.33447265625 -0.210723876953125 -0.140304565429688 0.0780029296875
0.246932983398438 -0.225296020507813 -0.482452392578125 0.2286376953125
0.179290771484375 -0.29583740234375 -0.17999267578125 0.3812255859375
0.017974853515625 -0.2581787109375 0.025787353515625 0.184600830078125
-0.05072021484375 -0.201934814453125 -0.0109825134277344 -0.0308246612548828
-0.102554321289062 -0.124557495117188 -0.151168823242188 -0.03106689453125
-0.14697265625 -0.0763702392578125 -0.207931518554688 0.042816162109375
-0.151153564453125 -0.089324951171875 -0.181808471679687 0.0596771240234375
-0.178741455078125 -0.0631256103515625 -0.225051879882812 0.0370330810546875
-0.1551513671875 -0.089202880859375 -0.236495971679688 -0.04473876953125
-0.1409912109375 -0.140869140625 -0.18548583984375 -0.127593994140625
-0.122833251953125 -0.208450317382812 -0.135101318359375 -0.1741943359375
0.01727294921875 -0.295166015625 -0.0467071533203125 -0.1988525390625
0.099365234375 -0.3292236328125 0.000236511230468763 -0.120719909667969
0.251190185546875 -0.291748046875 -0.0932998657226562 0.125205993652344
0.278411865234375 -0.303955078125 -0.0355796813964844 0.0163955688476562
0.192184448242188 -0.274200439453125 -0.41204833984375 0.204681396484375
0.170989990234375 -0.326568603515625 -0.12939453125 0.41796875
0.02734375 -0.317596435546875 0.0850372314453125 0.229736328125
-0.07464599609375 -0.29229736328125 0.0446205139160156 0.0134696960449219
-0.18634033203125 -0.179534912109375 -0.0890655517578125 0.0132904052734375
-0.231918334960938 -0.0826263427734375 -0.12506103515625 0.0681915283203125
-0.219711303710938 -0.0974578857421875 -0.0950698852539063 0.074127197265625
-0.248641967773438 -0.0664520263671875 -0.141220092773438 0.048248291015625
-0.215652465820313 -0.1181640625 -0.162063598632813 -0.0236053466796875
-0.179367065429688 -0.207611083984375 -0.129478454589844 -0.122421264648438
-0.112411499023438 -0.279739379882813 -0.0980224609375 -0.18896484375
0.072479248046875 -0.32763671875 -0.00857543945312498 -0.235977172851563
0.117919921875 -0.328765869140625 0.057464599609375 -0.1912841796875
0.233367919921875 -0.32623291015625 0.00909042358398438 0.0465316772460937
0.176727294921875 -0.338897705078125 0.0642242431640625 -0.0682106018066406
0.10186767578125 -0.2650146484375 -0.311187744140625 0.171356201171875
0.13543701171875 -0.289764404296875 -0.047607421875 0.407196044921875
0.0286865234375 -0.3170166015625 0.145401000976562 0.2412109375
-0.09344482421875 -0.327178955078125 0.104446411132813 0.0591354370117187
-0.24237060546875 -0.197067260742188 0.00108718872070311 0.0615882873535156
-0.281143188476562 -0.0728912353515625 -0.0127792358398438 0.0834808349609375
-0.253616333007813 -0.0903472900390624 0.00806427001953123 0.0767593383789062
-0.279251098632813 -0.0623474121093749 -0.041290283203125 0.0507774353027344
-0.238967895507813 -0.132858276367187 -0.0698890686035156 -0.00571823120117187
-0.177032470703125 -0.244964599609375 -0.0570755004882812 -0.109870910644531
-0.068328857421875 -0.305755615234375 -0.0423126220703125 -0.192123413085938
0.128662109375 -0.298126220703125 0.047119140625 -0.265243530273437
0.118484497070313 -0.27105712890625 0.141342163085938 -0.259719848632813
0.17938232421875 -0.313201904296875 0.119911193847656 -0.0333709716796875
0.051025390625 -0.292999267578125 0.140792846679688 -0.157440185546875
0.01690673828125 -0.180389404296875 -0.195571899414063 0.123611450195312
0.112045288085938 -0.1910400390625 0.032440185546875 0.351409912109375
0.040618896484375 -0.264862060546875 0.184097290039063 0.217041015625
-0.092437744140625 -0.30145263671875 0.152069091796875 0.0959930419921875
-0.254364013671875 -0.174102783203125 0.100624084472656 0.0999679565429687
-0.279739379882813 -0.0471954345703125 0.107246398925781 0.0837631225585937
-0.247665405273438 -0.0689544677734375 0.10919189453125 0.067413330078125
-0.269439697265625 -0.050140380859375 0.0585174560546875 0.0478057861328125
-0.225051879882813 -0.130630493164062 0.0216064453125 0.0141620635986328
-0.139541625976563 -0.24493408203125 0.014739990234375 -0.0811843872070313
-0.000793457031249993 -0.275039672851562 0.017486572265625 -0.174102783203125
0.159347534179688 -0.201980590820312 0.112884521484375 -0.272247314453125
0.083099365234375 -0.169326782226563 0.24224853515625 -0.3018798828125
0.0859527587890625 -0.264755249023438 0.222305297851563 -0.0984344482421875
-0.07135009765625 -0.177932739257813 0.183853149414063 -0.227508544921875
-0.0386276245117188 -0.0511322021484375 -0.0939407348632813 0.0694732666015625
0.106132507324219 -0.0699691772460938 0.0861053466796875 0.271865844726563
0.0611114501953125 -0.185638427734375 0.192367553710938 0.182403564453125
-0.07373046875 -0.231063842773437 0.182403564453125 0.124771118164062
-0.21820068359375 -0.1221923828125 0.189697265625 0.118667602539062
-0.227813720703125 -0.0162353515625 0.211227416992187 0.0669403076171875
-0.203750610351563 -0.037445068359375 0.191757202148437 0.0482635498046875
-0.223968505859375 -0.03021240234375 0.1439208984375 0.0417022705078125
-0.18658447265625 -0.110916137695313 0.0986251831054687 0.0365982055664062
-0.0872650146484375 -0.208023071289063 0.0702667236328125 -0.0379219055175781
0.0587310791015625 -0.194869995117188 0.0612258911132813 -0.136260986328125
0.13909912109375 -0.0695266723632813 0.169540405273438 -0.261398315429688
0.00272369384765625 -0.0554466247558594 0.341583251953125 -0.309783935546875
-0.033172607421875 -0.196701049804687 0.298004150390625 -0.138824462890625
-0.167694091796875 -0.02752685546875 0.19287109375 -0.263565063476563
-0.0644912719726562 0.0764923095703125 -0.0249996185302734 0.0262432098388672
0.102104187011719 0.0412521362304688 0.1016845703125 0.204681396484375
0.07879638671875 -0.0937271118164063 0.180038452148438 0.161163330078125
-0.0376205444335938 -0.135200500488281 0.1986083984375 0.145034790039063
-0.142669677734375 -0.0585479736328125 0.253021240234375 0.118438720703125
-0.1375732421875 0.0115814208984375 0.27984619140625 0.0377197265625
-0.1287841796875 -0.00180053710937501 0.243728637695313 0.0231781005859375
-0.151763916015625 -0.00323486328125003 0.206222534179688 0.033538818359375
-0.133377075195313 -0.0736846923828125 0.155349731445313 0.0570831298828125
-0.038299560546875 -0.141326904296875 0.0988998413085938 0.00984954833984374
0.0837936401367188 -0.0859146118164062 0.0763015747070313 -0.0994949340820313
0.0629081726074219 0.0568351745605469 0.209854125976563 -0.252365112304688
-0.107170104980469 0.036712646484375 0.426055908203125 -0.29498291015625
-0.155654907226563 -0.121292114257813 0.333160400390625 -0.158935546875
0.283721923828125 0.012481689453125 -0.296905517578125 0.129608154296875
0.179306030273438 -0.103134155273438 -0.4859619140625 0.269134521484375
0.0409393310546875 -0.138038635253906 -0.180953979492188 0.271987915039063
-0.0526542663574219 -0.0425682067871094 -0.04681396484375 0.0937423706054688
-0.010986328125 0.0397987365722656 -0.077392578125 -0.0538101196289063
0.0717239379882813 0.02008056640625 -0.167953491210938 -0.0639801025390625
0.0582618713378906 -0.0336494445800781 -0.2462158203125 -0.00622558593750001
0.0367851257324219 -0.0404930114746094 -0.257492065429688 0.00675964355468751
0.0364952087402344 -0.0354957580566406 -0.293670654296875 -0.0133056640625
0.0373420715332031 0.0008544921875 -0.284515380859375 -0.096923828125
-0.00690460205078125 0.0397491455078125 -0.221969604492188 -0.133026123046875
-0.0922698974609375 -0.00802612304687501 -0.16192626953125 -0.147064208984375
-0.072601318359375 -0.135910034179688 -0.08221435546875 -0.165664672851563
0.0571441650390625 -0.197509765625 -0.0309906005859375 -0.0521392822265625
0.195587158203125 -0.0936279296875 -0.228256225585938 0.212265014648438
0.33428955078125 -0.093292236328125 -0.232696533203125 0.110427856445313
0.24298095703125 -0.15643310546875 -0.5030517578125 0.2403564453125
0.13427734375 -0.2249755859375 -0.194122314453125 0.319244384765625
-0.011505126953125 -0.15576171875 -0.018157958984375 0.12615966796875
-0.0292892456054687 -0.079559326171875 -0.0543289184570313 -0.0590629577636719
-0.00984954833984375 -0.0505104064941406 -0.176101684570313 -0.059600830078125
-0.0414466857910156 -0.0582313537597656 -0.245071411132813 0.0170135498046875
-0.0606307983398437 -0.0703811645507813 -0.235458374023438 0.0345611572265625
-0.0766983032226563 -0.0535049438476562 -0.276748657226563 0.0155181884765625
-0.0623664855957031 -0.0499267578125 -0.277114868164063 -0.071563720703125
-0.074676513671875 -0.0548629760742187 -0.213180541992188 -0.133041381835938
-0.109619140625 -0.110527038574219 -0.152023315429688 -0.15826416015625
-0.0308990478515625 -0.221832275390625 -0.068572998046875 -0.1695556640625
0.078155517578125 -0.277572631835938 -0.0289306640625 -0.0679206848144531
0.237747192382813 -0.209228515625 -0.17388916015625 0.18255615234375
0.3348388671875 -0.208831787109375 -0.140228271484375 0.0750961303710938
0.247787475585937 -0.219314575195312 -0.47857666015625 0.220947265625
0.18011474609375 -0.292510986328125 -0.181640625 0.373016357421875
0.0199127197265625 -0.253860473632813 0.023651123046875 0.179885864257812
-0.049346923828125 -0.2003173828125 -0.0140171051025391 -0.0333633422851563
-0.0987548828125 -0.125007629394531 -0.15081787109375 -0.0317535400390625
-0.1416015625 -0.078216552734375 -0.204238891601563 0.044158935546875
-0.149520874023438 -0.09130859375 -0.178009033203125 0.05804443359375
-0.175689697265625 -0.0638427734375 -0.222000122070313 0.036712646484375
-0.150115966796875 -0.0901031494140625 -0.232040405273438 -0.0452728271484375
-0.137123107910156 -0.1396484375 -0.182510375976563 -0.129653930664062
-0.119827270507813 -0.206771850585938 -0.132110595703125 -0.173507690429687
0.018768310546875 -0.292388916015625 -0.0442352294921875 -0.195938110351563
0.100738525390625 -0.3218994140625 0.0019378662109375 -0.11785888671875
0.2525634765625 -0.2891845703125 -0.0909271240234375 0.123085021972656
0.28082275390625 -0.30145263671875 -0.0351066589355469 0.0139102935791015
0.194839477539063 -0.269699096679688 -0.40875244140625 0.19964599609375
0.17205810546875 -0.3236083984375 -0.1318359375 0.408966064453125
0.030609130859375 -0.313568115234375 0.0817108154296875 0.225311279296875
-0.0743408203125 -0.290679931640625 0.0404281616210937 0.011383056640625
-0.181915283203125 -0.178756713867187 -0.089019775390625 0.013214111328125
-0.227020263671875 -0.0833587646484375 -0.12286376953125 0.0689620971679688
-0.21728515625 -0.0988006591796875 -0.092559814453125 0.0717239379882812
-0.24456787109375 -0.0673370361328125 -0.137702941894531 0.0484848022460938
-0.209884643554688 -0.118255615234375 -0.1580810546875 -0.024322509765625
-0.174606323242187 -0.205673217773438 -0.127418518066406 -0.124847412109375
-0.109832763671875 -0.277496337890625 -0.096099853515625 -0.187301635742188
0.074798583984375 -0.324951171875 -0.00665283203124999 -0.231216430664063
0.120025634765625 -0.320587158203125 0.0596771240234375 -0.187728881835938
0.236968994140625 -0.321441650390625 0.0112037658691406 0.0463981628417969
0.1800537109375 -0.337127685546875 0.0637550354003906 -0.06939697265625
0.104873657226563 -0.261245727539063 -0.30963134765625 0.16778564453125
0.136505126953125 -0.28759765625 -0.0501708984375 0.4012451171875
0.0316162109375 -0.3140869140625 0.141571044921875 0.236282348632812
-0.093536376953125 -0.32501220703125 0.100112915039063 0.0576858520507812
-0.238693237304688 -0.195907592773438 0.000305175781249985 0.0626564025878906
-0.27569580078125 -0.0722656249999999 -0.011993408203125 0.084686279296875
-0.251480102539063 -0.091094970703125 0.00821685791015624 0.0746536254882813
-0.27520751953125 -0.0620574951171875 -0.0388870239257813 0.0507736206054687
-0.232955932617188 -0.132080078125 -0.0665702819824219 -0.00547409057617189
-0.17291259765625 -0.242385864257813 -0.0554122924804688 -0.111297607421875
-0.0657958984375 -0.30328369140625 -0.04119873046875 -0.189834594726563
0.12945556640625 -0.295074462890625 0.048309326171875 -0.258407592773438
0.12017822265625 -0.263824462890625 0.141693115234375 -0.254348754882812
0.181396484375 -0.310760498046875 0.121635437011719 -0.0320358276367188
0.054718017578125 -0.291717529296875 0.139755249023437 -0.156845092773438
0.0186614990234375 -0.177810668945313 -0.195526123046875 0.120376586914062
0.112655639648437 -0.190170288085938 0.031402587890625 0.34417724609375
0.0423126220703125 -0.263275146484375 0.18023681640625 0.213592529296875
-0.0941162109375 -0.3009033203125 0.14764404296875 0.0953521728515625
-0.250259399414063 -0.172454833984375 0.099700927734375 0.101737976074219
-0.27471923828125 -0.0462799072265625 0.106369018554687 0.0847015380859375
-0.246658325195312 -0.0690155029296875 0.107994079589844 0.0658187866210938
-0.265151977539063 -0.05096435546875 0.0595932006835937 0.0479202270507813
-0.2197265625 -0.130142211914063 0.0241661071777344 0.0141716003417969
-0.136032104492188 -0.242111206054688 0.0157089233398437 -0.0817337036132813
0.000930786132812487 -0.2730712890625 0.01788330078125 -0.17169189453125
0.1600341796875 -0.199356079101563 0.111679077148437 -0.265411376953125
0.08392333984375 -0.16314697265625 0.241485595703125 -0.296142578125
0.088623046875 -0.262969970703125 0.223541259765625 -0.0947723388671875
-0.068084716796875 -0.178115844726563 0.182449340820313 -0.226699829101563
-0.0375137329101563 -0.0500717163085938 -0.0951080322265625 0.0680084228515625
0.106048583984375 -0.0705413818359375 0.08441162109375 0.265838623046875
0.0612640380859375 -0.185256958007813 0.187042236328125 0.178939819335938
-0.0748291015625 -0.231170654296875 0.178192138671875 0.12493896484375
-0.216140747070313 -0.120376586914062 0.188232421875 0.1219482421875
-0.22442626953125 -0.01495361328125 0.2086181640625 0.067840576171875
-0.2025146484375 -0.0373382568359375 0.188934326171875 0.0476226806640625
-0.2208251953125 -0.0302886962890625 0.14385986328125 0.042510986328125
-0.182693481445313 -0.109619140625 0.0999679565429687 0.0367050170898437
-0.0857391357421875 -0.20526123046875 0.070404052734375 -0.0372695922851563
0.058563232421875 -0.1932373046875 0.06072998046875 -0.132881164550781
0.139533996582031 -0.0686187744140625 0.1673583984375 -0.254547119140625
0.00391387939453125 -0.0519485473632813 0.3388671875 -0.3035888671875
-0.0315093994140625 -0.19635009765625 0.298980712890625 -0.134307861328125
-0.164321899414063 -0.029083251953125 0.189041137695313 -0.260879516601563
-0.0648040771484375 0.0767669677734375 -0.0273685455322266 0.0256862640380859
0.101974487304687 0.0399322509765625 0.100372314453125 0.19964599609375
0.0767669677734375 -0.0945205688476563 0.174697875976563 0.158523559570313
-0.0392379760742187 -0.135612487792969 0.195114135742188 0.145614624023438
-0.142486572265625 -0.05670166015625 0.250564575195312 0.12152099609375
-0.136001586914063 0.0139541625976563 0.275909423828125 0.038787841796875
-0.128761291503906 -0.00155639648437502 0.240219116210938 0.0230865478515625
-0.150619506835938 -0.00233459472656252 0.205535888671875 0.033660888671875
-0.13116455078125 -0.0716934204101562 0.155807495117188 0.057281494140625
-0.03875732421875 -0.1396484375 0.0989151000976563 0.0104293823242187
0.0823440551757813 -0.0859832763671875 0.0755996704101563 -0.0959930419921875
0.062713623046875 0.0557746887207031 0.2071533203125 -0.246444702148438
-0.105583190917969 0.0371170043945312 0.42303466796875 -0.289215087890625
-0.154052734375 -0.123184204101562 0.332916259765625 -0.15325927734375
0.288665771484375 0.010833740234375 -0.303863525390625 0.130767822265625
0.1834716796875 -0.104385375976563 -0.4945068359375 0.271697998046875
0.041778564453125 -0.140060424804688 -0.183120727539062 0.273178100585938
-0.0529594421386719 -0.0408363342285156 -0.0478439331054687 0.092681884765625
-0.00956344604492188 0.0429649353027344 -0.0812301635742188 -0.056549072265625
0.0746002197265625 0.0188064575195313 -0.172515869140625 -0.0663604736328125
0.0602073669433594 -0.0381889343261719 -0.249160766601563 -0.00378417968750004
0.03717041015625 -0.0432472229003906 -0.259658813476563 0.00885009765625005
0.0366172790527344 -0.0374908447265625 -0.29766845703125 -0.0121154785156251
0.0397109985351563 -0.00200653076171875 -0.289276123046875 -0.098236083984375
-0.00444412231445312 0.0392799377441406 -0.2255859375 -0.137466430664063
-0.0941848754882813 -0.00677490234374998 -0.163742065429687 -0.1505126953125
-0.0740585327148438 -0.136787414550781 -0.0833740234375 -0.168365478515625
0.0567779541015625 -0.199508666992188 -0.0307960510253906 -0.0530662536621094
0.200653076171875 -0.0968780517578125 -0.229965209960937 0.216171264648438
0.340850830078125 -0.097320556640625 -0.238128662109375 0.112030029296875
0.248672485351563 -0.157760620117188 -0.51104736328125 0.24420166015625
0.135971069335938 -0.22857666015625 -0.195098876953125 0.32098388671875
-0.0115814208984375 -0.156097412109375 -0.0188827514648437 0.125213623046875
-0.0294723510742187 -0.07916259765625 -0.058258056640625 -0.0631561279296875
-0.00749969482421875 -0.0528564453125 -0.180908203125 -0.061614990234375
-0.0405731201171875 -0.0626106262207031 -0.248153686523438 0.019500732421875
-0.0617218017578125 -0.07318115234375 -0.2371826171875 0.0363922119140625
-0.0777359008789063 -0.0559234619140625 -0.27984619140625 0.017486572265625
-0.0604019165039063 -0.0530204772949219 -0.280746459960938 -0.0724639892578125
-0.0736160278320313 -0.0562744140625 -0.217498779296875 -0.137451171875
-0.111297607421875 -0.111473083496094 -0.154922485351562 -0.1614990234375
-0.0315093994140625 -0.224929809570313 -0.068634033203125 -0.171157836914063
0.0789642333984375 -0.28021240234375 -0.0286636352539062 -0.0689010620117188
0.243820190429688 -0.215240478515625 -0.173934936523437 0.185836791992188
0.34375 -0.212646484375 -0.143280029296875 0.0748291015625
0.253952026367188 -0.22314453125 -0.4859619140625 0.2239990234375
0.182952880859375 -0.29901123046875 -0.18304443359375 0.37664794921875
0.0214996337890625 -0.256698608398438 0.0242156982421875 0.179718017578125
-0.0512542724609375 -0.2022705078125 -0.0175132751464844 -0.0363922119140625
-0.0983200073242187 -0.1279296875 -0.154678344726563 -0.032562255859375
-0.142288208007812 -0.08111572265625 -0.2060546875 0.046112060546875
-0.15240478515625 -0.0940093994140625 -0.1793212890625 0.0592193603515625
-0.178009033203125 -0.065216064453125 -0.223098754882813 0.0391845703125
-0.149993896484375 -0.09295654296875 -0.234786987304688 -0.0461273193359375
-0.136886596679688 -0.142593383789062 -0.186309814453125 -0.13385009765625
-0.12274169921875 -0.209442138671875 -0.135406494140625 -0.17657470703125
0.018798828125 -0.297607421875 -0.0438995361328125 -0.197601318359375
0.1021728515625 -0.32501220703125 0.00262451171875002 -0.118904113769531
0.259979248046875 -0.29730224609375 -0.089630126953125 0.125350952148437
0.288055419921875 -0.309173583984375 -0.0358924865722656 0.0129508972167969
0.1993408203125 -0.27386474609375 -0.41668701171875 0.20135498046875
0.175140380859375 -0.331939697265625 -0.133392333984375 0.4130859375
0.0316162109375 -0.319061279296875 0.08306884765625 0.225723266601562
-0.078125 -0.295318603515625 0.0379409790039062 0.00913238525390623
-0.183822631835938 -0.182342529296875 -0.0917129516601563 0.0143356323242187
-0.228744506835938 -0.0846710205078125 -0.123886108398438 0.0716705322265625
-0.22216796875 -0.100616455078125 -0.0924835205078125 0.072113037109375
-0.247940063476562 -0.0670928955078125 -0.137893676757813 0.0508270263671875
-0.211212158203125 -0.120803833007812 -0.1578369140625 -0.0241851806640625
-0.176666259765625 -0.208831787109375 -0.129959106445313 -0.128898620605469
-0.112335205078125 -0.281707763671875 -0.098052978515625 -0.190872192382813
0.076324462890625 -0.33233642578125 -0.0062255859375 -0.23291015625
0.121856689453125 -0.3232421875 0.061187744140625 -0.189285278320313
0.242828369140625 -0.332489013671875 0.0140380859375 0.047393798828125
0.185272216796875 -0.34613037109375 0.0645217895507813 -0.0724716186523438
0.106674194335937 -0.265182495117188 -0.31500244140625 0.16973876953125
0.138580322265625 -0.294952392578125 -0.0494384765625 0.4029541015625
0.0318603515625 -0.32073974609375 0.143234252929688 0.237136840820313
-0.099639892578125 -0.331634521484375 0.0986404418945313 0.0565872192382812
-0.242156982421875 -0.198577880859375 0.000556945800781231 0.0653953552246094
-0.277572631835938 -0.07183837890625 -0.0114593505859375 0.0868911743164063
-0.257171630859375 -0.091522216796875 0.00903320312499998 0.0741500854492188
-0.278945922851562 -0.06207275390625 -0.0367698669433594 0.0529670715332031
-0.234298706054688 -0.134552001953125 -0.0648384094238281 -0.00538635253906251
-0.17535400390625 -0.245697021484375 -0.0569610595703125 -0.115142822265625
-0.06805419921875 -0.308746337890625 -0.042694091796875 -0.192459106445313
0.1328125 -0.301788330078125 0.049102783203125 -0.260208129882813
0.122894287109375 -0.264999389648438 0.145233154296875 -0.25762939453125
0.18621826171875 -0.31976318359375 0.126609802246094 -0.0328216552734375
0.057373046875 -0.299957275390625 0.140853881835938 -0.162567138671875
0.019256591796875 -0.180435180664063 -0.200119018554687 0.122634887695313
0.1146240234375 -0.195831298828125 0.0335693359375 0.346099853515625
0.04229736328125 -0.269500732421875 0.181381225585938 0.2132568359375
-0.099700927734375 -0.30731201171875 0.147720336914063 0.095916748046875
-0.255706787109375 -0.174026489257813 0.102348327636719 0.10504150390625
-0.27703857421875 -0.04449462890625 0.108367919921875 0.0868453979492187
-0.252212524414063 -0.069183349609375 0.109603881835938 0.0648574829101563
-0.269699096679688 -0.0501708984375 0.06353759765625 0.0489883422851563
-0.2218017578125 -0.1312255859375 0.0271205902099609 0.0145263671875
-0.138778686523438 -0.244735717773438 0.0158767700195312 -0.0847396850585938
0.000152587890624992 -0.27825927734375 0.017242431640625 -0.172866821289063
0.164138793945313 -0.204345703125 0.113143920898438 -0.2669677734375
0.0870361328125 -0.162368774414063 0.2457275390625 -0.299957275390625
0.0899658203125 -0.270095825195313 0.229949951171875 -0.09649658203125
-0.0677337646484375 -0.183212280273438 0.182647705078125 -0.232879638671875
-0.0384902954101563 -0.049591064453125 -0.0991592407226563 0.0689620971679687
0.108993530273438 -0.0738296508789063 0.0868377685546875 0.265472412109375
0.061279296875 -0.190673828125 0.188888549804688 0.178848266601563
-0.0809326171875 -0.23590087890625 0.179412841796875 0.126190185546875
-0.220733642578125 -0.119842529296875 0.192825317382813 0.12554931640625
-0.22698974609375 -0.0117034912109375 0.21160888671875 0.069244384765625
-0.207534790039063 -0.035858154296875 0.191650390625 0.0465545654296875
-0.224349975585938 -0.0286865234375 0.14886474609375 0.0420989990234375
-0.184646606445313 -0.109115600585938 0.103996276855469 0.0366744995117187
-0.088409423828125 -0.207565307617188 0.071807861328125 -0.0389175415039063
0.05914306640625 -0.197341918945313 0.0613250732421875 -0.133499145507812
0.142807006835938 -0.0708465576171875 0.16888427734375 -0.255569458007812
0.00523757934570313 -0.0498313903808594 0.345703125 -0.307373046875
-0.0322113037109375 -0.201828002929688 0.30657958984375 -0.136627197265625
-0.16619873046875 -0.0305633544921875 0.190185546875 -0.267791748046875
-0.0663909912109375 0.07952880859375 -0.0303554534912109 0.0263385772705078
0.104583740234375 0.0384597778320313 0.10174560546875 0.199661254882813
0.0758438110351562 -0.0989837646484375 0.175918579101563 0.1593017578125
-0.04443359375 -0.138458251953125 0.197357177734375 0.148468017578125
-0.14599609375 -0.055023193359375 0.256790161132813 0.124847412109375
-0.137649536132812 0.0170974731445312 0.279510498046875 0.039093017578125
-0.132286071777344 0.000289916992187516 0.24346923828125 0.022186279296875
-0.152969360351563 -0.00105285644531249 0.210922241210938 0.032440185546875
-0.133155822753906 -0.07025146484375 0.160781860351563 0.0579071044921875
-0.0409088134765625 -0.141448974609375 0.101654052734375 0.0107879638671875
0.0837783813476562 -0.0885772705078125 0.0764312744140625 -0.0950546264648438
0.0652122497558594 0.0559768676757813 0.2078857421875 -0.247665405273437
-0.106025695800781 0.0393905639648437 0.43023681640625 -0.292572021484375
-0.157440185546875 -0.126129150390625 0.34124755859375 -0.154754638671875
0.2989501953125 0.00189208984375 -0.310882568359375 0.141510009765625
0.186614990234375 -0.11175537109375 -0.499908447265625 0.2900390625
0.038726806640625 -0.145980834960937 -0.17926025390625 0.28228759765625
-0.0558204650878906 -0.0381736755371094 -0.047698974609375 0.09423828125
-0.00653076171875 0.0467453002929688 -0.08734130859375 -0.057647705078125
0.0793609619140625 0.0153884887695313 -0.182098388671875 -0.0653076171875
0.0616378784179688 -0.0446586608886719 -0.255538940429688 0.00456237792968749
0.0373497009277344 -0.04730224609375 -0.265533447265625 0.017913818359375
0.03656005859375 -0.0411567687988281 -0.30474853515625 -0.00292968750000002
0.0426559448242188 -0.00619125366210938 -0.299591064453125 -0.094268798828125
-0.000999450683593748 0.0393829345703125 -0.235092163085938 -0.136672973632812
-0.0956344604492188 -0.00226593017578125 -0.171768188476562 -0.1502685546875
-0.0800018310546875 -0.138214111328125 -0.088897705078125 -0.170303344726563
0.052032470703125 -0.2060546875 -0.0326805114746094 -0.0545272827148438
0.20587158203125 -0.106948852539062 -0.228546142578125 0.229461669921875
0.349212646484375 -0.110382080078125 -0.242462158203125 0.119873046875
0.2530517578125 -0.168609619140625 -0.5181884765625 0.26202392578125
0.133148193359375 -0.240493774414063 -0.192138671875 0.331573486328125
-0.0152435302734375 -0.158447265625 -0.016082763671875 0.126510620117188
-0.0316314697265625 -0.078582763671875 -0.0647201538085938 -0.0652809143066406
-0.00691604614257812 -0.0559158325195313 -0.189910888671875 -0.0590667724609375
-0.0421371459960938 -0.0668373107910156 -0.252960205078125 0.02886962890625
-0.0656356811523438 -0.0755157470703125 -0.241897583007813 0.0450439453125
-0.0806350708007813 -0.0553665161132813 -0.285308837890625 0.02716064453125
-0.0619926452636719 -0.055633544921875 -0.28961181640625 -0.06671142578125
-0.0741729736328125 -0.0568313598632813 -0.227249145507813 -0.136962890625
-0.117134094238281 -0.110260009765625 -0.162689208984375 -0.161819458007813
-0.0386199951171875 -0.229568481445313 -0.0738372802734375 -0.173934936523438
0.07293701171875 -0.28753662109375 -0.0303840637207031 -0.0700531005859375
0.246688842773438 -0.231002807617188 -0.171661376953125 0.196044921875
0.34820556640625 -0.231536865234375 -0.145599365234375 0.080169677734375
0.256637573242187 -0.235061645507813 -0.492767333984375 0.2418212890625
0.18060302734375 -0.314178466796875 -0.1781005859375 0.387847900390625
0.0161590576171875 -0.26348876953125 0.029083251953125 0.181076049804687
-0.0582122802734375 -0.205551147460938 -0.0228042602539063 -0.03948974609375
-0.103080749511719 -0.129592895507813 -0.162445068359375 -0.0288238525390625
-0.146209716796875 -0.0816192626953125 -0.209243774414063 0.05584716796875
-0.160186767578125 -0.0934906005859375 -0.181427001953125 0.0658416748046875
-0.183807373046875 -0.0615386962890625 -0.226058959960938 0.0475311279296875
-0.154281616210937 -0.0941009521484375 -0.240631103515625 -0.0407257080078125
-0.143280029296875 -0.143707275390625 -0.195816040039062 -0.134750366210938
-0.132171630859375 -0.211074829101563 -0.14385986328125 -0.178192138671875
0.011444091796875 -0.30694580078125 -0.0491180419921875 -0.201019287109375
0.096435546875 -0.3350830078125 0.000701904296875016 -0.121665954589844
0.260406494140625 -0.31597900390625 -0.0858001708984375 0.131607055664062
0.28961181640625 -0.329498291015625 -0.0373802185058594 0.0130500793457031
0.199737548828125 -0.286529541015625 -0.422607421875 0.216827392578125
0.169525146484375 -0.347442626953125 -0.126495361328125 0.424957275390625
0.02423095703125 -0.328521728515625 0.09002685546875 0.226776123046875
-0.09027099609375 -0.30145263671875 0.0358963012695312 0.00571441650390623
-0.19244384765625 -0.182098388671875 -0.0955581665039063 0.017822265625
-0.235061645507813 -0.0819244384765625 -0.123947143554688 0.0784149169921875
-0.232147216796875 -0.0982818603515625 -0.092559814453125 0.076385498046875
-0.255767822265625 -0.0611572265625 -0.13714599609375 0.0575332641601562
-0.217987060546875 -0.119461059570312 -0.160018920898438 -0.0209197998046875
-0.18548583984375 -0.2093505859375 -0.137283325195312 -0.130569458007813
-0.1246337890625 -0.285888671875 -0.106521606445313 -0.192962646484375
0.069610595703125 -0.3446044921875 -0.011566162109375 -0.23712158203125
0.118316650390625 -0.333984375 0.05914306640625 -0.196258544921875
0.24188232421875 -0.351715087890625 0.0191535949707031 0.0482444763183593
0.182220458984375 -0.36505126953125 0.0634918212890625 -0.0777053833007813
0.1041259765625 -0.275039672851562 -0.320159912109375 0.1824951171875
0.134246826171875 -0.309906005859375 -0.041534423828125 0.4127197265625
0.02423095703125 -0.331878662109375 0.151947021484375 0.23577880859375
-0.114715576171875 -0.338287353515625 0.0995864868164062 0.0534210205078125
-0.254058837890625 -0.19671630859375 0.00197219848632811 0.0683097839355469
-0.285064697265625 -0.066009521484375 -0.00862884521484376 0.0907440185546875
-0.267959594726562 -0.08636474609375 0.0117034912109375 0.0746917724609375
-0.287841796875 -0.054901123046875 -0.0332145690917969 0.0557899475097656
-0.242462158203125 -0.132492065429687 -0.0635414123535156 -0.00399398803710939
-0.18658447265625 -0.246734619140625 -0.0621795654296875 -0.118011474609375
-0.079833984375 -0.315765380859375 -0.0495452880859375 -0.1956787109375
0.128265380859375 -0.315643310546875 0.04461669921875 -0.267059326171875
0.120712280273438 -0.2735595703125 0.142684936523438 -0.268524169921875
0.1834716796875 -0.33709716796875 0.132423400878906 -0.0371170043945313
0.0523681640625 -0.3133544921875 0.138916015625 -0.173065185546875
0.01544189453125 -0.184722900390625 -0.204925537109375 0.131256103515625
0.1124267578125 -0.206680297851562 0.0430908203125 0.35101318359375
0.0366058349609375 -0.279922485351563 0.189788818359375 0.210723876953125
-0.115692138671875 -0.313232421875 0.151535034179688 0.0926971435546875
-0.267776489257813 -0.170074462890625 0.108795166015625 0.106788635253906
-0.28411865234375 -0.036102294921875 0.114036560058594 0.0862350463867187
-0.261734008789063 -0.0624237060546875 0.113761901855469 0.061676025390625
-0.277542114257813 -0.0424194335937501 0.0689315795898437 0.0477638244628906
-0.229141235351563 -0.128158569335937 0.0311717987060547 0.0136375427246094
-0.150131225585937 -0.247299194335937 0.0144424438476562 -0.0885009765625
-0.00912475585937501 -0.286468505859375 0.0129547119140625 -0.176742553710938
0.164596557617188 -0.216796875 0.109786987304688 -0.274215698242188
0.086334228515625 -0.166778564453125 0.2454833984375 -0.313873291015625
0.08526611328125 -0.282867431640625 0.2369384765625 -0.104934692382813
-0.0733184814453125 -0.188690185546875 0.179443359375 -0.2470703125
-0.0408821105957031 -0.0487785339355469 -0.102592468261719 0.0737152099609375
0.110488891601563 -0.0810699462890625 0.0958404541015625 0.26690673828125
0.0558929443359375 -0.199630737304687 0.196319580078125 0.175628662109375
-0.0946044921875 -0.2406005859375 0.185699462890625 0.124313354492187
-0.231719970703125 -0.114654541015625 0.202804565429688 0.12506103515625
-0.23162841796875 -0.00315856933593751 0.219833374023437 0.065277099609375
-0.21575927734375 -0.0294189453125 0.197372436523438 0.0401763916015625
-0.231277465820312 -0.02203369140625 0.156295776367187 0.0372467041015625
-0.191757202148438 -0.106903076171875 0.111930847167969 0.03460693359375
-0.09747314453125 -0.210647583007813 0.0728073120117188 -0.0416793823242188
0.05462646484375 -0.205276489257813 0.05865478515625 -0.136726379394531
0.146377563476563 -0.0783538818359375 0.166290283203125 -0.263992309570313
0.00551223754882812 -0.04852294921875 0.347015380859375 -0.32513427734375
-0.0396881103515625 -0.208099365234375 0.314300537109375 -0.147857666015625
-0.170684814453125 -0.02813720703125 0.1839599609375 -0.282318115234375
-0.0660858154296875 0.0847854614257813 -0.0331687927246094 0.0276451110839844
0.109199523925781 0.0345840454101563 0.109420776367188 0.198959350585938
0.0728912353515625 -0.105560302734375 0.181961059570313 0.156417846679688
-0.05364990234375 -0.1409912109375 0.205718994140625 0.147689819335938
-0.152938842773438 -0.04937744140625 0.268356323242188 0.12213134765625
-0.139877319335938 0.0241012573242187 0.28778076171875 0.032684326171875
-0.137199401855469 0.00639343261718752 0.249801635742188 0.0145416259765625
-0.157943725585937 0.00465393066406253 0.2198486328125 0.02496337890625
-0.139328002929688 -0.066864013671875 0.169586181640625 0.054046630859375
-0.047821044921875 -0.143157958984375 0.105751037597656 0.00851440429687499
0.083038330078125 -0.0945663452148438 0.0760574340820312 -0.0976409912109375
0.0696449279785156 0.0546913146972656 0.2052001953125 -0.257232666015625
-0.107620239257813 0.0449752807617187 0.434417724609375 -0.31329345703125
-0.167404174804688 -0.126907348632813 0.349609375 -0.167388916015625
0.305816650390625 -0.014556884765625 -0.309234619140625 0.159454345703125
0.184906005859375 -0.123260498046875 -0.49200439453125 0.3187255859375
0.03118896484375 -0.151275634765625 -0.167236328125 0.292327880859375
-0.0577278137207031 -0.0345306396484375 -0.0434722900390625 0.095947265625
-0.000514984130859373 0.0499343872070313 -0.0945205688476563 -0.0555419921875
0.083343505859375 0.00911712646484375 -0.192047119140625 -0.0579833984375
0.0606193542480469 -0.0528945922851562 -0.25848388671875 0.0197906494140625
0.0358543395996094 -0.0520210266113281 -0.26708984375 0.0333709716796875
0.0358161926269531 -0.0453834533691406 -0.30877685546875 0.014892578125
0.0448226928710938 -0.0114402770996094 -0.30914306640625 -0.0805358886718751
0.003814697265625 0.0386199951171875 -0.245681762695313 -0.128738403320313
-0.0966033935546875 0.00393676757812501 -0.181045532226563 -0.144027709960938
-0.0886154174804688 -0.135139465332031 -0.0978851318359375 -0.168258666992188
0.0418243408203125 -0.211456298828125 -0.0362129211425781 -0.0542793273925781
0.204696655273438 -0.1212158203125 -0.217498779296875 0.245941162109375
0.35113525390625 -0.13250732421875 -0.24078369140625 0.133270263671875
0.250076293945313 -0.183441162109375 -0.51397705078125 0.292633056640625
0.122299194335937 -0.252822875976563 -0.177337646484375 0.342529296875
-0.0228729248046875 -0.158798217773438 -0.01007080078125 0.126617431640625
-0.0343399047851562 -0.0756912231445313 -0.07244873046875 -0.06488037109375
-0.00791168212890625 -0.0580368041992187 -0.199752807617188 -0.0507965087890625
-0.0451469421386719 -0.0692634582519531 -0.254974365234375 0.04437255859375
-0.07086181640625 -0.0752029418945313 -0.241546630859375 0.0590972900390625
-0.0842971801757813 -0.0531539916992187 -0.286865234375 0.0445556640625
-0.0642890930175781 -0.0562934875488281 -0.297393798828125 -0.0529174804687499
-0.0762710571289063 -0.0555496215820312 -0.23858642578125 -0.128753662109375
-0.12457275390625 -0.104728698730469 -0.173660278320312 -0.156173706054688
-0.050994873046875 -0.231796264648438 -0.08270263671875 -0.172454833984375
0.059783935546875 -0.29534912109375 -0.0339317321777344 -0.0699958801269531
0.2396240234375 -0.2509765625 -0.161941528320312 0.208969116210937
0.3448486328125 -0.2562255859375 -0.142990112304687 0.088134765625
0.25103759765625 -0.2515869140625 -0.4898681640625 0.268096923828125
0.16534423828125 -0.3310546875 -0.16314697265625 0.400360107421875
0.003662109375 -0.267868041992188 0.0381317138671875 0.179489135742188
-0.0701904296875 -0.20428466796875 -0.02911376953125 -0.0407562255859375
-0.109710693359375 -0.1270751953125 -0.169448852539063 -0.0211334228515625
-0.15185546875 -0.0777130126953125 -0.209030151367188 0.0692596435546875
-0.16815185546875 -0.087615966796875 -0.179489135742188 0.0767822265625
-0.189010620117188 -0.0535430908203125 -0.224090576171875 0.0624237060546875
-0.160232543945312 -0.089691162109375 -0.245437622070313 -0.0289764404296876
-0.15130615234375 -0.13922119140625 -0.205902099609375 -0.128219604492188
-0.1456298828125 -0.20733642578125 -0.1551513671875 -0.173477172851563
-0.00469970703125 -0.31427001953125 -0.05853271484375 -0.20098876953125
0.081329345703125 -0.343719482421875 -0.00482940673828125 -0.124046325683594
0.249908447265625 -0.3385009765625 -0.0779190063476563 0.138298034667969
0.2786865234375 -0.353973388671875 -0.0364494323730469 0.0136947631835937
0.189666748046875 -0.301055908203125 -0.419647216796875 0.242462158203125
0.153717041015625 -0.364837646484375 -0.108306884765625 0.434539794921875
0.00839233398437498 -0.33648681640625 0.102584838867187 0.22259521484375
-0.11004638671875 -0.30010986328125 0.0325450897216797 0.00223350524902342
-0.204727172851562 -0.175262451171875 -0.0981521606445313 0.024261474609375
-0.241180419921875 -0.0722198486328125 -0.12152099609375 0.0879745483398437
-0.2418212890625 -0.086944580078125 -0.0898361206054688 0.0825042724609375
-0.262191772460938 -0.04864501953125 -0.133125305175781 0.0660934448242188
-0.226089477539063 -0.1121826171875 -0.161285400390625 -0.0132598876953125
-0.198287963867188 -0.203475952148437 -0.147552490234375 -0.12677001953125
-0.142547607421875 -0.283477783203125 -0.11810302734375 -0.190383911132813
0.05206298828125 -0.3563232421875 -0.0218353271484375 -0.2396240234375
0.104156494140625 -0.3427734375 0.0508270263671875 -0.202239990234375
0.227142333984375 -0.37408447265625 0.0249671936035156 0.0475273132324218
0.16802978515625 -0.383453369140625 0.0602798461914063 -0.0841064453125
0.092620849609375 -0.28521728515625 -0.318023681640625 0.201629638671875
0.11981201171875 -0.324066162109375 -0.0216064453125 0.418853759765625
0.00723266601562496 -0.339935302734375 0.16485595703125 0.22857666015625
-0.137786865234375 -0.33770751953125 0.0995941162109375 0.0473861694335937
-0.2689208984375 -0.1856689453125 0.00451660156249998 0.0703506469726562
-0.291412353515625 -0.052032470703125 -0.00325775146484377 0.0938491821289063
-0.2784423828125 -0.0719604492187499 0.0154495239257812 0.07415771484375
-0.294097900390625 -0.0387878417968749 -0.0274162292480469 0.0579681396484375
-0.251846313476563 -0.122787475585937 -0.0619392395019531 -0.00190734863281251
-0.202377319335937 -0.240737915039063 -0.0701751708984375 -0.11761474609375
-0.0982666015625 -0.315704345703125 -0.0607147216796875 -0.195358276367188
0.11419677734375 -0.330352783203125 0.032989501953125 -0.2713623046875
0.11029052734375 -0.2821044921875 0.131149291992188 -0.2794189453125
0.167816162109375 -0.3555908203125 0.135818481445313 -0.0449905395507813
0.037078857421875 -0.324981689453125 0.130691528320313 -0.184539794921875
0.00634765624999999 -0.18817138671875 -0.202789306640625 0.144363403320313
0.103195190429688 -0.21856689453125 0.06060791015625 0.35113525390625
0.02093505859375 -0.288421630859375 0.200820922851562 0.20111083984375
-0.138824462890625 -0.311798095703125 0.155120849609375 0.0855560302734375
-0.280975341796875 -0.156341552734375 0.11572265625 0.104354858398437
-0.288818359375 -0.01995849609375 0.120460510253906 0.082183837890625
-0.270599365234375 -0.047607421875 0.118194580078125 0.0557785034179688
-0.284027099609375 -0.025970458984375 0.0755157470703125 0.04327392578125
-0.23876953125 -0.118392944335937 0.0359268188476562 0.0109138488769531
-0.165496826171875 -0.241897583007812 0.00926208496093749 -0.0907135009765625
-0.02484130859375 -0.290924072265625 0.00422668457031251 -0.178543090820313
0.155807495117188 -0.23114013671875 0.097198486328125 -0.282318115234375
0.081207275390625 -0.17169189453125 0.232879638671875 -0.331817626953125
0.07110595703125 -0.294342041015625 0.23828125 -0.120269775390625
-0.0844268798828125 -0.190673828125 0.166107177734375 -0.261871337890625
-0.0436134338378906 -0.0454978942871094 -0.102798461914063 0.08123779296875
0.107864379882812 -0.0905609130859375 0.108901977539062 0.263442993164063
0.0450439453125 -0.207199096679687 0.20404052734375 0.16552734375
-0.112838745117188 -0.23907470703125 0.192184448242188 0.11614990234375
-0.241775512695312 -0.101943969726563 0.213958740234375 0.1181640625
-0.23388671875 0.011688232421875 0.225936889648437 0.0543975830078125
-0.2218017578125 -0.0160675048828125 0.201080322265625 0.028594970703125
-0.236373901367188 -0.007781982421875 0.163131713867188 0.02703857421875
-0.199844360351563 -0.0974578857421875 0.118087768554687 0.0277099609375
-0.110916137695312 -0.207855224609375 0.0722274780273438 -0.046295166015625
0.0443572998046875 -0.212371826171875 0.0528793334960937 -0.139572143554688
0.145843505859375 -0.088592529296875 0.15423583984375 -0.273590087890625
0.0044403076171875 -0.0478668212890625 0.334716796875 -0.3485107421875
-0.0530242919921875 -0.210891723632813 0.313934326171875 -0.16680908203125
-0.17529296875 -0.0211334228515625 0.168701171875 -0.298004150390625
-0.0624465942382813 0.0910568237304688 -0.0352897644042969 0.0309867858886719
0.112442016601563 0.0280532836914063 0.120437622070312 0.192764282226562
0.0657196044921875 -0.112022399902344 0.18890380859375 0.1470947265625
-0.0656356811523438 -0.139839172363281 0.214492797851563 0.139862060546875
-0.158920288085937 -0.039398193359375 0.280548095703125 0.111038208007812
-0.139785766601563 0.0347518920898438 0.2935791015625 0.01800537109375
-0.139518737792969 0.016357421875 0.253433227539063 0.000259399414062501
-0.16064453125 0.015167236328125 0.226104736328125 0.0105438232421875
-0.144973754882813 -0.0593719482421875 0.1785888671875 0.0444488525390625
-0.05706787109375 -0.141845703125 0.108779907226562 0.00421142578124999
0.0791473388671875 -0.101409912109375 0.0720596313476563 -0.100448608398438
0.0740890502929687 0.0506820678710937 0.192947387695313 -0.268692016601563
-0.106239318847656 0.0524444580078125 0.42388916015625 -0.34051513671875
-0.17877197265625 -0.120361328125 0.34893798828125 -0.1881103515625
0.3043212890625 -0.03363037109375 -0.29754638671875 0.17340087890625
0.176849365234375 -0.133255004882813 -0.468719482421875 0.341705322265625
0.020965576171875 -0.151626586914063 -0.147735595703125 0.2940673828125
-0.0583610534667969 -0.0302352905273438 -0.0370407104492188 0.0949249267578125
0.00576400756835937 0.0506935119628906 -0.0988693237304688 -0.0503692626953125
0.085418701171875 0.0022125244140625 -0.19659423828125 -0.0472412109375
0.0558052062988281 -0.0597114562988281 -0.253173828125 0.03546142578125
0.0324172973632813 -0.0554542541503906 -0.25946044921875 0.05108642578125
0.0331039428710938 -0.0492210388183594 -0.303009033203125 0.0347900390625
0.0434188842773438 -0.0168304443359375 -0.309844970703125 -0.062408447265625
0.00837326049804687 0.0363960266113281 -0.249481201171875 -0.114959716796875
-0.0935897827148437 0.011077880859375 -0.186172485351563 -0.132095336914062
-0.0953750610351562 -0.127616882324219 -0.10528564453125 -0.161346435546875
0.0280303955078125 -0.211227416992187 -0.0392036437988281 -0.0522727966308594
0.196014404296875 -0.133651733398438 -0.1973876953125 0.255859375
0.341827392578125 -0.153350830078125 -0.229507446289062 0.144546508789063
0.238616943359375 -0.196334838867188 -0.4901123046875 0.316558837890625
0.104690551757813 -0.257904052734375 -0.156646728515625 0.345916748046875
-0.0312347412109375 -0.154754638671875 -0.00273132324218751 0.123008728027344
-0.0362777709960938 -0.0718917846679687 -0.0788803100585938 -0.0614547729492188
-0.00889205932617187 -0.0583038330078125 -0.203811645507813 -0.0385284423828125
-0.0489006042480469 -0.0692214965820312 -0.248123168945313 0.0606231689453124
-0.075408935546875 -0.0715103149414063 -0.2333984375 0.074981689453125
-0.0854873657226562 -0.0492706298828125 -0.277145385742188 0.0627288818359375
-0.0664100646972656 -0.0549774169921875 -0.29541015625 -0.0354919433593749
-0.0769119262695313 -0.0518264770507813 -0.243255615234375 -0.115570068359375
-0.127838134765625 -0.0948486328125 -0.179641723632813 -0.144622802734375
-0.0645294189453125 -0.226654052734375 -0.0897674560546875 -0.166229248046875
0.04193115234375 -0.29412841796875 -0.0374488830566406 -0.0672149658203125
0.22418212890625 -0.263778686523438 -0.145034790039063 0.216217041015625
0.32781982421875 -0.27532958984375 -0.135391235351562 0.0940475463867187
0.236663818359375 -0.262939453125 -0.466827392578125 0.292724609375
0.143585205078125 -0.337860107421875 -0.139312744140625 0.401092529296875
-0.01171875 -0.264556884765625 0.047698974609375 0.172210693359375
-0.0799713134765625 -0.196090698242188 -0.0351600646972656 -0.0404434204101563
-0.113548278808594 -0.119789123535156 -0.171676635742188 -0.00971984863281252
-0.154388427734375 -0.070343017578125 -0.201766967773438 0.0827178955078125
-0.172637939453125 -0.0776824951171875 -0.171798706054688 0.0878143310546875
-0.1885986328125 -0.042510986328125 -0.214141845703125 0.0750885009765625
-0.16290283203125 -0.081939697265625 -0.242111206054688 -0.0146026611328125
-0.155563354492187 -0.129592895507813 -0.211624145507813 -0.115997314453125
-0.155746459960937 -0.195068359375 -0.162841796875 -0.161895751953125
-0.023529052734375 -0.31134033203125 -0.0673675537109375 -0.19598388671875
0.061859130859375 -0.34320068359375 -0.0112533569335937 -0.122673034667969
0.227996826171875 -0.351348876953125 -0.06524658203125 0.141342163085938
0.254730224609375 -0.368743896484375 -0.0341911315917969 0.0140533447265625
0.171966552734375 -0.3082275390625 -0.4014892578125 0.261688232421875
0.12774658203125 -0.371307373046875 -0.083587646484375 0.433441162109375
-0.0113525390625 -0.33294677734375 0.111618041992188 0.211196899414062
-0.12652587890625 -0.289703369140625 0.0277862548828125 -0.00141334533691408
-0.210235595703125 -0.160537719726562 -0.0975341796875 0.0308303833007812
-0.241683959960938 -0.0580596923828125 -0.113578796386719 0.0958099365234375
-0.244140625 -0.071319580078125 -0.0830841064453125 0.0866622924804688
-0.259933471679687 -0.0322418212890624 -0.124122619628906 0.073028564453125
-0.2293701171875 -0.0992431640625 -0.158355712890625 -0.00437927246093754
-0.20672607421875 -0.189651489257812 -0.153289794921875 -0.118087768554688
-0.15728759765625 -0.2708740234375 -0.1275634765625 -0.17999267578125
0.0301513671875 -0.35736083984375 -0.033660888671875 -0.2359619140625
0.083770751953125 -0.34344482421875 0.038665771484375 -0.202621459960938
0.202880859375 -0.386627197265625 0.0309677124023438 0.0453071594238281
0.143798828125 -0.39373779296875 0.0546798706054687 -0.0889968872070313
0.0762939453125 -0.285919189453125 -0.301971435546875 0.21820068359375
0.09808349609375 -0.328704833984375 0.000610351562500047 0.412811279296875
-0.013702392578125 -0.336944580078125 0.172760009765625 0.213592529296875
-0.159088134765625 -0.3245849609375 0.0961761474609375 0.0399932861328125
-0.275360107421875 -0.166336059570313 0.00769805908203123 0.0709075927734375
-0.289215087890625 -0.0335998535156249 0.00222015380859373 0.0942764282226563
-0.280227661132813 -0.053680419921875 0.0193405151367187 0.0723648071289062
-0.291473388671875 -0.01971435546875 -0.020843505859375 0.0574684143066406
-0.254776000976563 -0.107269287109375 -0.0590171813964844 0.000541687011718749
-0.212738037109375 -0.225357055664062 -0.0760345458984375 -0.112556457519531
-0.116363525390625 -0.30572509765625 -0.0709228515625 -0.188629150390625
0.093414306640625 -0.335723876953125 0.0185394287109375 -0.269363403320313
0.09423828125 -0.283843994140625 0.114044189453125 -0.283966064453125
0.144073486328125 -0.3638916015625 0.134323120117188 -0.052703857421875
0.017059326171875 -0.326690673828125 0.116867065429688 -0.192230224609375
-0.00393676757812499 -0.184799194335937 -0.193984985351563 0.15478515625
0.0886077880859375 -0.223800659179687 0.077972412109375 0.340606689453125
0.00225830078124997 -0.286834716796875 0.205764770507813 0.185104370117187
-0.1585693359375 -0.298980712890625 0.153762817382813 0.0756072998046875
-0.286895751953125 -0.136566162109375 0.120704650878906 0.0972061157226562
-0.2843017578125 -0.00177001953125001 0.124244689941406 0.0750198364257813
-0.2708740234375 -0.0288848876953125 0.118537902832031 0.0471954345703125
-0.28082275390625 -0.0073394775390625 0.0791473388671875 0.0359725952148438
-0.24224853515625 -0.102279663085937 0.0386428833007812 0.00711822509765624
-0.1776123046875 -0.228591918945313 0.00383758544921874 -0.0902786254882813
-0.04193115234375 -0.285675048828125 -0.00569152832031249 -0.174636840820313
0.141357421875 -0.239974975585938 0.08050537109375 -0.282073974609375
0.07196044921875 -0.172805786132813 0.210052490234375 -0.340362548828125
0.050933837890625 -0.2965087890625 0.230941772460938 -0.132431030273438
-0.0953369140625 -0.186233520507812 0.146408081054687 -0.26983642578125
-0.0452537536621094 -0.0410881042480469 -0.0991668701171875 0.0876083374023438
0.101242065429688 -0.0968399047851563 0.121047973632812 0.251663208007813
0.0301513671875 -0.2080078125 0.206329345703125 0.150497436523438
-0.129806518554688 -0.227890014648438 0.193145751953125 0.103851318359375
-0.244766235351563 -0.0844573974609375 0.219009399414062 0.104537963867188
-0.22833251953125 0.02703857421875 0.226531982421875 0.04132080078125
-0.220474243164062 -1.52587890625134E-05 0.199050903320313 0.01580810546875
-0.23358154296875 0.00834655761718749 0.16387939453125 0.014007568359375
-0.203094482421875 -0.0832977294921875 0.121253967285156 0.0188751220703125
-0.12225341796875 -0.197296142578125 0.0696754455566406 -0.0492057800292969
0.0310821533203125 -0.213088989257813 0.0450668334960938 -0.138870239257813
0.139701843261719 -0.0981369018554687 0.136215209960938 -0.27655029296875
0.00316238403320312 -0.0454940795898438 0.311614990234375 -0.362396240234375
-0.06597900390625 -0.205368041992187 0.302398681640625 -0.183013916015625
-0.17449951171875 -0.012115478515625 0.145050048828125 -0.30419921875
-0.0559234619140625 0.0956039428710937 -0.0354995727539063 0.0348739624023438
0.113052368164062 0.0202102661132812 0.12786865234375 0.181732177734375
0.0555419921875 -0.114921569824219 0.190277099609375 0.134201049804688
-0.0766525268554687 -0.132011413574219 0.21722412109375 0.125747680664063
-0.15899658203125 -0.0263671875 0.285614013671875 0.094818115234375
-0.134292602539063 0.0453414916992187 0.28985595703125 0.001007080078125
-0.137359619140625 0.0268173217773438 0.24871826171875 -0.0162353515625
-0.15777587890625 0.02691650390625 0.224746704101562 -0.006378173828125
-0.147705078125 -0.048004150390625 0.181976318359375 0.031829833984375
-0.0658035278320313 -0.136238098144531 0.109199523925781 -0.00138092041015626
0.0719223022460937 -0.105636596679687 0.0660018920898438 -0.100959777832031
0.0769577026367187 0.0446929931640625 0.173446655273437 -0.273956298828125
-0.101539611816406 0.0595626831054688 0.399871826171875 -0.36083984375
-0.185592651367188 -0.108306884765625 0.33489990234375 -0.205108642578125
0.296478271484375 -0.046173095703125 -0.2833251953125 0.17852783203125
0.167953491210938 -0.136856079101563 -0.442962646484375 0.346282958984375
0.013031005859375 -0.148971557617187 -0.13446044921875 0.287200927734375
-0.0579757690429687 -0.0259780883789062 -0.0329742431640625 0.0901260375976562
0.0106544494628906 0.0502052307128906 -0.100631713867188 -0.0459976196289063
0.0851364135742188 -0.00341033935546875 -0.196640014648438 -0.03814697265625
0.0509376525878906 -0.0637245178222656 -0.243759155273438 0.0460662841796875
0.0292472839355469 -0.0575141906738281 -0.24786376953125 0.061065673828125
0.0307159423828125 -0.051422119140625 -0.290771484375 0.0470581054687501
0.0423011779785156 -0.0209388732910156 -0.30419921875 -0.0485839843750001
0.01129150390625 0.0337867736816406 -0.247467041015625 -0.104568481445313
-0.0897216796875 0.0155792236328125 -0.184661865234375 -0.12176513671875
-0.0973052978515625 -0.120002746582031 -0.107635498046875 -0.15313720703125
0.01849365234375 -0.204971313476563 -0.0404396057128906 -0.0493888854980469
0.18743896484375 -0.138397216796875 -0.179473876953125 0.256637573242188
0.32757568359375 -0.1634521484375 -0.216903686523437 0.147491455078125
0.22698974609375 -0.2005615234375 -0.46697998046875 0.321868896484375
0.09063720703125 -0.254989624023438 -0.141876220703125 0.33734130859375
-0.0353546142578125 -0.148696899414063 0.00157165527343749 0.116035461425781
-0.0353355407714844 -0.0672950744628906 -0.082275390625 -0.0575180053710938
-0.00820159912109374 -0.0579376220703125 -0.202590942382813 -0.028411865234375
-0.0506820678710938 -0.0683326721191406 -0.238296508789063 0.0703582763671875
-0.0762405395507813 -0.068267822265625 -0.221405029296875 0.08245849609375
-0.0841903686523438 -0.0466384887695312 -0.264266967773438 0.072418212890625
-0.0659523010253906 -0.0530357360839844 -0.288360595703125 -0.02337646484375
-0.074859619140625 -0.0492401123046875 -0.241287231445312 -0.104568481445313
-0.126693725585938 -0.0870285034179688 -0.179290771484375 -0.134170532226563
-0.071502685546875 -0.218231201171875 -0.0922393798828125 -0.158828735351562
0.02978515625 -0.28656005859375 -0.0394287109375 -0.0637588500976563
0.20831298828125 -0.267379760742188 -0.12945556640625 0.21575927734375
0.307952880859375 -0.282379150390625 -0.127670288085937 0.0943527221679688
0.222122192382813 -0.264724731445313 -0.4439697265625 0.29852294921875
0.1246337890625 -0.334930419921875 -0.12359619140625 0.3931884765625
-0.0207061767578125 -0.256561279296875 0.0514373779296875 0.162933349609375
-0.0846099853515625 -0.186172485351562 -0.0399055480957031 -0.0387115478515625
-0.11260986328125 -0.112594604492188 -0.16986083984375 -0.00122070312500001
-0.152267456054688 -0.06378173828125 -0.192291259765625 0.090057373046875
-0.171829223632813 -0.0689697265625 -0.161819458007813 0.092681884765625
-0.183746337890625 -0.035186767578125 -0.201644897460938 0.0818939208984375
-0.161163330078125 -0.0751953125 -0.235092163085937 -0.0055999755859375
-0.155075073242188 -0.120773315429688 -0.21063232421875 -0.106185913085937
-0.15789794921875 -0.182601928710937 -0.163604736328125 -0.151214599609375
-0.03515625 -0.3028564453125 -0.0720977783203125 -0.188385009765625
0.047943115234375 -0.334686279296875 -0.0155487060546875 -0.118049621582031
0.20806884765625 -0.35247802734375 -0.0550918579101563 0.1392822265625
0.233062744140625 -0.372222900390625 -0.0323810577392578 0.0128955841064453
0.157257080078125 -0.306610107421875 -0.38092041015625 0.268310546875
0.1094970703125 -0.36663818359375 -0.068359375 0.42181396484375
-0.024200439453125 -0.32373046875 0.115066528320313 0.198486328125
-0.135162353515625 -0.274795532226563 0.0220546722412109 -0.00251960754394533
-0.209274291992187 -0.147415161132813 -0.09552001953125 0.0357437133789063
-0.236328125 -0.0482177734375 -0.10638427734375 0.0995635986328125
-0.241592407226563 -0.0592651367187501 -0.07684326171875 0.08837890625
-0.252609252929688 -0.0211334228515626 -0.114570617675781 0.0748138427734375
-0.226119995117188 -0.088623046875 -0.15252685546875 0.00108337402343752
-0.207611083984375 -0.1766357421875 -0.15411376953125 -0.109725952148437
-0.163925170898438 -0.256515502929688 -0.129928588867188 -0.170059204101563
0.01544189453125 -0.350677490234375 -0.040313720703125 -0.22796630859375
0.069976806640625 -0.3363037109375 0.03009033203125 -0.19805908203125
0.182373046875 -0.38507080078125 0.0351142883300781 0.0423583984375
0.123931884765625 -0.39239501953125 0.0496368408203125 -0.0904312133789063
0.0651092529296875 -0.280426025390625 -0.28839111328125 0.222991943359375
0.08135986328125 -0.324920654296875 0.012725830078125 0.3984375
-0.027069091796875 -0.328460693359375 0.173370361328125 0.199493408203125
-0.16900634765625 -0.307769775390625 0.0905532836914062 0.0358123779296875
-0.27288818359375 -0.1497802734375 0.00933074951171873 0.07037353515625
-0.2816162109375 -0.0211181640625 0.00614166259765623 0.092620849609375
-0.275177001953125 -0.0398101806640626 0.0213203430175781 0.0695915222167969
-0.282989501953125 -0.00680541992187505 -0.0159339904785156 0.0550804138183594
-0.25140380859375 -0.0943450927734375 -0.0554618835449219 0.00150299072265625
-0.215164184570313 -0.209930419921875 -0.0784378051757813 -0.107597351074219
-0.125091552734375 -0.291900634765625 -0.07513427734375 -0.1796875
0.076995849609375 -0.332244873046875 0.00865173339843748 -0.262130737304688
0.082366943359375 -0.277801513671875 0.100006103515625 -0.279586791992188
0.1253662109375 -0.360748291015625 0.1318359375 -0.0564346313476563
0.00244140625 -0.32208251953125 0.10479736328125 -0.192962646484375
-0.0093536376953125 -0.179153442382813 -0.183868408203125 0.157943725585938
0.0772705078125 -0.221710205078125 0.085784912109375 0.32720947265625
-0.0100555419921875 -0.279922485351563 0.204376220703125 0.171371459960937
-0.169158935546875 -0.282745361328125 0.147552490234375 0.0679779052734375
-0.283660888671875 -0.119781494140625 0.121139526367187 0.0911941528320312
-0.274795532226562 0.010162353515625 0.123687744140625 0.0692825317382813
-0.264678955078125 -0.0154571533203125 0.116073608398438 0.0407638549804688
-0.272262573242188 0.00622558593750003 0.0796127319335937 0.0291595458984375
-0.238845825195313 -0.090484619140625 0.0397071838378906 0.00374603271484374
-0.180892944335937 -0.214401245117188 0.00101470947265624 -0.088836669921875
-0.0519561767578125 -0.276321411132813 -0.0118865966796875 -0.167953491210938
0.127456665039063 -0.241622924804688 0.0683746337890625 -0.276092529296875
0.065643310546875 -0.168411254882813 0.1922607421875 -0.33837890625
0.038055419921875 -0.291107177734375 0.222503662109375 -0.137374877929688
-0.10137939453125 -0.179702758789063 0.129104614257813 -0.2689208984375
-0.0440750122070312 -0.0371246337890625 -0.094024658203125 0.0903854370117187
0.094818115234375 -0.0990142822265625 0.124786376953125 0.238494873046875
0.019287109375 -0.20367431640625 0.201904296875 0.138320922851563
-0.137954711914063 -0.215179443359375 0.188064575195313 0.0955352783203125
-0.240020751953125 -0.0701141357421875 0.217864990234375 0.0945587158203125
-0.218505859375 0.0372467041015625 0.221359252929688 0.0316009521484375
-0.213851928710937 0.010711669921875 0.192626953125 0.0063629150390625
-0.226287841796875 0.0201263427734375 0.160537719726563 0.0043182373046875
-0.2001953125 -0.0719146728515625 0.120826721191406 0.0111923217773437
-0.126373291015625 -0.186187744140625 0.0672874450683594 -0.0502166748046875
0.02178955078125 -0.208602905273437 0.0394821166992187 -0.134956359863281
0.132041931152344 -0.102890014648438 0.12176513671875 -0.271133422851562
0.00309371948242187 -0.0423851013183594 0.28839111328125 -0.36376953125
-0.073394775390625 -0.198089599609375 0.288665771484375 -0.189239501953125
-0.170547485351563 -0.00625610351562499 0.1265869140625 -0.301300048828125
-0.050048828125 0.0967330932617188 -0.034515380859375 0.0370559692382813
0.110687255859375 0.0144729614257813 0.129730224609375 0.170074462890625
0.047271728515625 -0.113189697265625 0.185546875 0.123733520507812
-0.0826568603515625 -0.123741149902344 0.213211059570313 0.116104125976563
-0.154953002929688 -0.017181396484375 0.281494140625 0.08172607421875
-0.127113342285156 0.0512313842773438 0.282012939453125 -0.010406494140625
-0.132514953613281 0.0340423583984375 0.239608764648438 -0.02667236328125
-0.152297973632813 0.0357818603515625 0.217788696289063 -0.01806640625
-0.14508056640625 -0.03948974609375 0.18035888671875 0.0218353271484375
-0.0706787109375 -0.128181457519531 0.108512878417969 -0.00441741943359376
0.06585693359375 -0.106666564941406 0.0610198974609375 -0.098358154296875
0.0767059326171875 0.0389175415039063 0.156753540039062 -0.269134521484375
-0.0956192016601563 0.0631790161132813 0.373687744140625 -0.363739013671875
-0.186279296875 -0.0978851318359375 0.317718505859375 -0.2120361328125
0.28924560546875 -0.05218505859375 -0.274185180664063 0.177566528320313
0.162185668945313 -0.1375732421875 -0.428619384765625 0.343719482421875
0.00872802734375001 -0.145370483398438 -0.129486083984375 0.278717041015625
-0.0569992065429687 -0.0234107971191406 -0.0315093994140625 0.08526611328125
0.0148048400878906 0.0489387512207031 -0.101570129394531 -0.0446548461914062
0.0849456787109375 -0.00685882568359375 -0.196640014648437 -0.0328826904296875
0.0477485656738281 -0.0653495788574219 -0.236831665039063 0.0509643554687499
0.0269393920898437 -0.0583953857421875 -0.238525390625 0.0657196044921875
0.0290565490722656 -0.0528755187988281 -0.2794189453125 0.05157470703125
0.0406074523925781 -0.0235595703125 -0.297576904296875 -0.042816162109375
0.0130119323730469 0.0307979583740234 -0.2427978515625 -0.100021362304688
-0.086181640625 0.01763916015625 -0.181365966796875 -0.11669921875
-0.096649169921875 -0.114639282226563 -0.106796264648438 -0.147933959960938
0.013946533203125 -0.199844360351563 -0.0407524108886719 -0.0468711853027344
0.181732177734375 -0.139602661132812 -0.167388916015625 0.253311157226563
0.31903076171875 -0.16766357421875 -0.209915161132812 0.144927978515625
0.21929931640625 -0.20001220703125 -0.450469970703125 0.319854736328125
0.0821380615234375 -0.250839233398438 -0.13531494140625 0.32855224609375
-0.0374298095703125 -0.14324951171875 0.00220489501953124 0.110038757324219
-0.0333709716796875 -0.0634346008300781 -0.0844573974609375 -0.0559539794921875
-0.00677108764648437 -0.0581741333007813 -0.2027587890625 -0.02337646484375
-0.0508346557617188 -0.0677604675292969 -0.23028564453125 0.074432373046875
-0.0764541625976562 -0.066925048828125 -0.212738037109375 0.086029052734375
-0.08270263671875 -0.0458831787109375 -0.253158569335937 0.0761871337890625
-0.0655326843261719 -0.0528068542480469 -0.281219482421875 -0.016998291015625
-0.0725936889648437 -0.0478744506835938 -0.23797607421875 -0.0994720458984375
-0.124603271484375 -0.0818023681640625 -0.176666259765625 -0.1282958984375
-0.0737762451171875 -0.2120361328125 -0.0921173095703125 -0.153762817382813
0.024139404296875 -0.279190063476563 -0.0394210815429688 -0.0608558654785156
0.199798583984375 -0.265350341796875 -0.119491577148438 0.212249755859375
0.297210693359375 -0.28411865234375 -0.123069763183594 0.0921630859375
0.214675903320313 -0.262908935546875 -0.43157958984375 0.29632568359375
0.1143798828125 -0.3294677734375 -0.117095947265625 0.38348388671875
-0.0258026123046875 -0.249755859375 0.0515289306640625 0.155044555664062
-0.08538818359375 -0.17840576171875 -0.0433540344238281 -0.0376167297363281
-0.109237670898438 -0.108833312988281 -0.168365478515625 0.00325012207031251
-0.149368286132813 -0.0617523193359375 -0.185317993164063 0.093475341796875
-0.16937255859375 -0.06463623046875 -0.15460205078125 0.094390869140625
-0.178863525390625 -0.032440185546875 -0.19293212890625 0.0831146240234375
-0.158187866210938 -0.0720977783203125 -0.228164672851563 -0.00151062011718752
-0.151962280273438 -0.116592407226563 -0.208175659179688 -0.1015625
-0.156875610351563 -0.174636840820312 -0.161895751953125 -0.14501953125
-0.039642333984375 -0.29595947265625 -0.072723388671875 -0.183151245117188
0.04150390625 -0.3262939453125 -0.0170211791992188 -0.113815307617188
0.198333740234375 -0.349395751953125 -0.0480270385742187 0.136680603027344
0.221282958984375 -0.36968994140625 -0.0306777954101562 0.0115013122558594
0.151092529296875 -0.302764892578125 -0.368682861328125 0.266143798828125
0.099212646484375 -0.36077880859375 -0.062591552734375 0.41162109375
-0.029937744140625 -0.31549072265625 0.113189697265625 0.189849853515625
-0.137802124023438 -0.264678955078125 0.0177040100097656 -0.00232315063476564
-0.204376220703125 -0.141128540039062 -0.0943145751953125 0.0385208129882812
-0.229766845703125 -0.0434722900390625 -0.1015625 0.101554870605469
-0.23779296875 -0.052642822265625 -0.0724563598632813 0.08795166015625
-0.245742797851563 -0.016510009765625 -0.107666015625 0.0737457275390625
-0.221893310546875 -0.0833282470703125 -0.147171020507812 0.00312805175781249
-0.204360961914063 -0.168563842773437 -0.152725219726563 -0.10638427734375
-0.163497924804687 -0.246749877929688 -0.12945556640625 -0.163925170898438
0.00778198242187499 -0.344024658203125 -0.042877197265625 -0.221878051757813
0.063446044921875 -0.32763671875 0.0263519287109375 -0.192245483398438
0.171722412109375 -0.380401611328125 0.0381965637207031 0.0410690307617187
0.112701416015625 -0.38763427734375 0.046630859375 -0.0909957885742188
0.060150146484375 -0.275436401367188 -0.278640747070313 0.220855712890625
0.073272705078125 -0.31878662109375 0.01702880859375 0.38873291015625
-0.033538818359375 -0.319610595703125 0.169586181640625 0.19073486328125
-0.171478271484375 -0.295745849609375 0.0845870971679687 0.033599853515625
-0.266937255859375 -0.14117431640625 0.00952529907226561 0.0701255798339844
-0.273086547851563 -0.015472412109375 0.00788879394531249 0.0920257568359375
-0.269332885742188 -0.0322723388671875 0.0219993591308594 0.0674781799316406
-0.275100708007813 -0.000579833984374977 -0.0129547119140625 0.0519981384277344
-0.24627685546875 -0.0882568359375 -0.0524826049804688 0.00100326538085938
-0.212448120117188 -0.200302124023438 -0.078582763671875 -0.104774475097656
-0.126983642578125 -0.28204345703125 -0.075714111328125 -0.173370361328125
0.068359375 -0.328277587890625 0.00498962402343751 -0.255157470703125
0.0771484375 -0.270553588867188 0.09326171875 -0.273406982421875
0.115570068359375 -0.355712890625 0.130744934082031 -0.0575790405273438
-0.00549316406250002 -0.31707763671875 0.0979461669921875 -0.191329956054688
-0.0108642578125 -0.174346923828125 -0.17803955078125 0.157684326171875
0.071258544921875 -0.218887329101563 0.086151123046875 0.316925048828125
-0.0159149169921875 -0.273773193359375 0.197860717773437 0.1630859375
-0.171890258789063 -0.271286010742188 0.141448974609375 0.06561279296875
-0.277603149414063 -0.110931396484375 0.120071411132812 0.0884323120117188
-0.265380859375 0.015655517578125 0.121337890625 0.0657272338867188
-0.2589111328125 -0.00823974609375005 0.112953186035156 0.0374526977539063
-0.264328002929688 0.0128173828125 0.07855224609375 0.0243911743164062
-0.234634399414062 -0.0834655761718751 0.0411758422851562 0.00105285644531249
-0.180068969726563 -0.205062866210937 -1.52587890625184E-05 -0.0868606567382813
-0.055755615234375 -0.268569946289063 -0.012908935546875 -0.162796020507813
0.119430541992187 -0.239898681640625 0.061920166015625 -0.268478393554688
0.0628814697265625 -0.163864135742188 0.180938720703125 -0.332427978515625
0.031585693359375 -0.2852783203125 0.216934204101563 -0.138137817382813
-0.1041259765625 -0.175918579101563 0.119155883789063 -0.264389038085938
-0.0431137084960938 -0.0349617004394531 -0.091339111328125 0.0909500122070313
0.0915374755859375 -0.0991134643554688 0.123794555664063 0.229263305664063
0.0135650634765625 -0.19879150390625 0.195831298828125 0.1324462890625
-0.141311645507813 -0.205474853515625 0.182159423828125 0.092071533203125
-0.234848022460938 -0.0629730224609375 0.214279174804688 0.089385986328125
-0.210296630859375 0.0404815673828125 0.215927124023438 0.026885986328125
-0.208419799804688 0.0162353515625 0.186752319335938 0.002166748046875
-0.219131469726563 0.0257110595703125 0.155853271484375 -0.0019989013671875
-0.196258544921875 -0.0661468505859375 0.120170593261719 0.00679779052734375
-0.126571655273438 -0.178665161132813 0.0662307739257812 -0.0505256652832031
0.0176239013671875 -0.204544067382813 0.036834716796875 -0.130645751953125
0.12664794921875 -0.1044921875 0.11260986328125 -0.264358520507813
0.00371170043945312 -0.039520263671875 0.2757568359375 -0.35833740234375
-0.075958251953125 -0.191650390625 0.28070068359375 -0.188262939453125
-0.1689453125 -0.004241943359375 0.11474609375 -0.2960205078125
-0.0466995239257813 0.09619140625 -0.0343093872070312 0.0392189025878906
0.109764099121094 0.01141357421875 0.126907348632813 0.162261962890625
0.0425949096679688 -0.1104736328125 0.179168701171875 0.118927001953125
-0.0849456787109375 -0.11761474609375 0.2078857421875 0.112335205078125
-0.150375366210938 -0.011932373046875 0.276901245117188 0.076324462890625
-0.120704650878906 0.0536727905273437 0.273666381835938 -0.0157928466796875
-0.127861022949219 0.0374755859375 0.232040405273438 -0.031585693359375
-0.1475830078125 0.039154052734375 0.21063232421875 -0.02490234375
-0.142349243164063 -0.0344085693359375 0.178329467773438 0.015472412109375
-0.071380615234375 -0.123001098632812 0.107963562011719 -0.00611877441406251
0.062591552734375 -0.106498718261719 0.0584640502929688 -0.0953292846679688
0.0749588012695313 0.0353927612304688 0.14697265625 -0.261947631835938
-0.0915908813476563 0.0651779174804687 0.358367919921875 -0.359710693359375
-0.184524536132813 -0.0921630859375 0.308502197265625 -0.21075439453125
0.288726806640625 -0.054931640625 -0.273239135742188 0.17608642578125
0.161407470703125 -0.1385498046875 -0.42529296875 0.3426513671875
0.00602722167968748 -0.144912719726563 -0.129364013671875 0.275375366210937
-0.0575523376464844 -0.0216407775878906 -0.0318756103515625 0.0815200805664063
0.0180778503417969 0.0489158630371094 -0.103828430175781 -0.0444412231445313
0.0864715576171875 -0.0100326538085937 -0.1993408203125 -0.029541015625
0.0449943542480469 -0.0677490234375 -0.234664916992188 0.05499267578125
0.02587890625 -0.06005859375 -0.233673095703125 0.0686187744140625
0.027923583984375 -0.0553741455078125 -0.275497436523438 0.0538482666015625
0.0403289794921875 -0.0253639221191406 -0.296722412109375 -0.04022216796875
0.0151214599609375 0.0288429260253906 -0.24273681640625 -0.0998687744140625
-0.0840835571289063 0.0192108154296875 -0.18017578125 -0.1153564453125
-0.0970840454101563 -0.112785339355469 -0.106033325195312 -0.146575927734375
0.0128021240234375 -0.197952270507813 -0.040985107421875 -0.0459213256835938
0.182144165039063 -0.141769409179687 -0.161773681640625 0.25323486328125
0.316375732421875 -0.169891357421875 -0.208587646484375 0.143463134765625
0.2181396484375 -0.201828002929687 -0.449127197265625 0.3179931640625
0.078125 -0.2503662109375 -0.1353759765625 0.326568603515625
-0.0386199951171875 -0.14111328125 0.0014495849609375 0.106658935546875
-0.0312690734863281 -0.0621414184570312 -0.0875778198242188 -0.0551910400390625
-0.00446319580078124 -0.0599327087402344 -0.203750610351563 -0.0200653076171875
-0.0520095825195313 -0.0690956115722656 -0.227584838867188 0.07928466796875
-0.077484130859375 -0.0663223266601562 -0.208236694335938 0.0885009765625
-0.0827178955078125 -0.0467147827148438 -0.248916625976563 0.0774688720703125
-0.0655364990234375 -0.0533409118652344 -0.279693603515625 -0.0153961181640625
-0.0714569091796875 -0.04901123046875 -0.2376708984375 -0.09942626953125
-0.123344421386719 -0.079315185546875 -0.175628662109375 -0.1268310546875
-0.0750579833984375 -0.210586547851563 -0.092132568359375 -0.152862548828125
0.0225372314453125 -0.276596069335938 -0.0390472412109375 -0.05938720703125
0.199417114257812 -0.267257690429687 -0.113861083984375 0.211746215820313
0.293426513671875 -0.286041259765625 -0.12127685546875 0.0898895263671875
0.213241577148437 -0.264404296875 -0.42938232421875 0.296478271484375
0.10992431640625 -0.329071044921875 -0.1173095703125 0.381683349609375
-0.0271148681640625 -0.24676513671875 0.050262451171875 0.151153564453125
-0.0841827392578125 -0.175735473632813 -0.0468482971191406 -0.0372085571289063
-0.106620788574219 -0.108909606933594 -0.17022705078125 0.0065460205078125
-0.148147583007813 -0.0615997314453125 -0.181716918945313 0.096893310546875
-0.169586181640625 -0.06317138671875 -0.151031494140625 0.0957183837890625
-0.178146362304688 -0.031890869140625 -0.188125610351563 0.083526611328125
-0.156951904296875 -0.07183837890625 -0.226211547851563 0.000289916992187476
-0.151321411132813 -0.115997314453125 -0.208251953125 -0.101058959960937
-0.156112670898437 -0.171966552734375 -0.161666870117188 -0.143051147460938
-0.04302978515625 -0.295318603515625 -0.073516845703125 -0.182662963867188
0.040435791015625 -0.323150634765625 -0.0165557861328125 -0.11273193359375
0.196563720703125 -0.35076904296875 -0.0435562133789062 0.135429382324219
0.217010498046875 -0.371978759765625 -0.0301685333251953 0.00890922546386716
0.149627685546875 -0.30267333984375 -0.36895751953125 0.26666259765625
0.09613037109375 -0.3597412109375 -0.06243896484375 0.410797119140625
-0.032257080078125 -0.31268310546875 0.111282348632813 0.186172485351562
-0.138442993164063 -0.26055908203125 0.0135288238525391 -0.00255680084228517
-0.201889038085938 -0.139175415039063 -0.09503173828125 0.0406341552734375
-0.228042602539062 -0.0423583984375 -0.100013732910156 0.103591918945313
-0.236968994140625 -0.0496368408203125 -0.0701141357421875 0.08905029296875
-0.244049072265625 -0.0142059326171875 -0.105430603027344 0.0732269287109375
-0.220291137695312 -0.08160400390625 -0.144744873046875 0.003692626953125
-0.203964233398437 -0.166488647460938 -0.1533203125 -0.105087280273438
-0.16387939453125 -0.243637084960938 -0.129135131835938 -0.161575317382813
0.00335693359374998 -0.343902587890625 -0.043731689453125 -0.220855712890625
0.0628662109375 -0.324371337890625 0.025726318359375 -0.190811157226563
0.169586181640625 -0.382171630859375 0.0418434143066406 0.0395660400390625
0.10809326171875 -0.388885498046875 0.0452651977539063 -0.0927276611328125
0.0594482421875 -0.275405883789063 -0.27685546875 0.220657348632812
0.0701904296875 -0.31903076171875 0.015655517578125 0.38739013671875
-0.0355224609375 -0.31695556640625 0.167129516601563 0.187896728515625
-0.1744384765625 -0.291595458984375 0.0803985595703125 0.0345001220703125
-0.264862060546875 -0.138473510742188 0.00930786132812498 0.0714111328125
-0.269622802734375 -0.0138702392578124 0.00881958007812499 0.0934600830078125
-0.26904296875 -0.0284576416015625 0.0219268798828125 0.0674934387207031
-0.272811889648438 0.00218200683593747 -0.011749267578125 0.0502166748046875
-0.24481201171875 -0.0862274169921875 -0.0500984191894531 0.000541687011718754
-0.212570190429687 -0.197784423828125 -0.078643798828125 -0.104087829589844
-0.12811279296875 -0.2794189453125 -0.075836181640625 -0.171096801757813
0.064483642578125 -0.32843017578125 0.00274658203125001 -0.25299072265625
0.077667236328125 -0.2677001953125 0.0911865234375 -0.27099609375
0.113250732421875 -0.356719970703125 0.132896423339844 -0.05865478515625
-0.010040283203125 -0.317596435546875 0.0947265625 -0.19287109375
-0.010772705078125 -0.173019409179688 -0.17767333984375 0.15771484375
0.0700531005859375 -0.219223022460937 0.0860595703125 0.314666748046875
-0.0187225341796875 -0.270843505859375 0.194625854492188 0.16107177734375
-0.175445556640625 -0.26751708984375 0.138069152832031 0.0664901733398437
-0.27557373046875 -0.108184814453125 0.120010375976562 0.08831787109375
-0.262100219726563 0.0173797607421875 0.121147155761719 0.0656967163085938
-0.258056640625 -0.00445556640625001 0.111312866210937 0.0357818603515625
-0.262115478515625 0.016204833984375 0.0780181884765625 0.0210647583007813
-0.232666015625 -0.0800628662109375 0.0426673889160156 -0.00067520141601563
-0.179977416992187 -0.201751708984375 -1.52587890625081E-05 -0.0872726440429688
-0.0569305419921875 -0.26666259765625 -0.0131072998046875 -0.160751342773438
0.115982055664063 -0.2413330078125 0.060150146484375 -0.265899658203125
0.06402587890625 -0.161758422851563 0.178863525390625 -0.33001708984375
0.028961181640625 -0.28594970703125 0.217529296875 -0.137954711914063
-0.107101440429688 -0.17578125 0.115447998046875 -0.26507568359375
-0.0417289733886719 -0.0338478088378906 -0.0915374755859375 0.0912704467773438
0.0911941528320313 -0.10064697265625 0.122406005859375 0.227005004882813
0.0117950439453125 -0.197280883789063 0.192047119140625 0.131576538085938
-0.143936157226563 -0.202499389648437 0.178970336914063 0.093170166015625
-0.233444213867188 -0.0596160888671875 0.21429443359375 0.088470458984375
-0.207077026367188 0.0429229736328125 0.214096069335938 0.0259246826171875
-0.206771850585938 0.019561767578125 0.183853149414062 -0.000396728515624999
-0.21710205078125 0.029449462890625 0.154052734375 -0.0059661865234375
-0.195541381835937 -0.06298828125 0.121131896972656 0.0042877197265625
-0.126983642578125 -0.1754150390625 0.066436767578125 -0.0511817932128906
0.01605224609375 -0.204574584960937 0.0363235473632813 -0.128807067871094
0.124427795410156 -0.106452941894531 0.110244750976563 -0.260879516601563
0.00537490844726563 -0.0371856689453125 0.27099609375 -0.357330322265625
-0.077789306640625 -0.191177368164062 0.279891967773438 -0.1885986328125
-0.16961669921875 -0.00405883789062503 0.110015869140625 -0.2952880859375
-0.0450286865234375 0.0965957641601563 -0.034820556640625 0.0401725769042969
0.110343933105469 0.0095367431640625 0.125518798828125 0.159805297851563
0.039886474609375 -0.109474182128906 0.176223754882813 0.119949340820313
-0.0876922607421875 -0.114730834960937 0.205886840820312 0.113861083984375
-0.149368286132813 -0.01025390625 0.27728271484375 0.0746917724609375
-0.117835998535156 0.0551986694335937 0.270919799804688 -0.0182342529296875
-0.126296997070313 0.0399169921875 0.228302001953125 -0.0347442626953125
-0.146240234375 0.042572021484375 0.208328247070313 -0.029449462890625
-0.14208984375 -0.031829833984375 0.1790771484375 0.0118408203125
-0.0719985961914062 -0.120986938476563 0.108963012695312 -0.00715637207031251
0.0609359741210937 -0.106895446777344 0.0588302612304688 -0.093170166015625
0.074432373046875 0.0341033935546875 0.143783569335938 -0.25836181640625
-0.0895843505859375 0.0670547485351563 0.354827880859375 -0.358062744140625
-0.184707641601563 -0.0908355712890625 0.306854248046875 -0.21075439453125
0.293975830078125 -0.061737060546875 -0.276412963867187 0.18170166015625
0.161102294921875 -0.143936157226562 -0.42913818359375 0.35394287109375
0.0019073486328125 -0.146377563476563 -0.12872314453125 0.280731201171875
-0.0592041015625 -0.0192756652832031 -0.033447265625 0.0805740356445313
0.0226287841796875 0.0491447448730469 -0.109344482421875 -0.044158935546875
0.0899429321289063 -0.01422119140625 -0.205886840820313 -0.0250396728515625
0.0429916381835938 -0.0716552734375 -0.235916137695313 0.0619964599609375
0.0243415832519531 -0.0631179809570312 -0.232666015625 0.07452392578125
0.0271682739257813 -0.0590133666992188 -0.27606201171875 0.060211181640625
0.040802001953125 -0.0284080505371094 -0.301544189453125 -0.03619384765625
0.0170173645019531 0.02783203125 -0.24920654296875 -0.0992431640625
-0.0840530395507813 0.021820068359375 -0.183456420898438 -0.113861083984375
-0.100448608398438 -0.112281799316406 -0.109771728515625 -0.147705078125
0.00936889648437502 -0.200469970703125 -0.0413055419921875 -0.0454063415527344
0.184539794921875 -0.148590087890625 -0.156997680664062 0.2596435546875
0.320953369140625 -0.178802490234375 -0.210235595703125 0.147430419921875
0.21942138671875 -0.209121704101563 -0.4537353515625 0.330963134765625
0.074310302734375 -0.2547607421875 -0.13568115234375 0.333526611328125
-0.0416717529296875 -0.141204833984375 0.00136566162109375 0.105812072753906
-0.0299911499023438 -0.0618095397949219 -0.0933837890625 -0.0552444458007813
-0.00300979614257812 -0.062774658203125 -0.210678100585938 -0.01483154296875
-0.0542831420898438 -0.0715484619140625 -0.228118896484375 0.0864105224609375
-0.080474853515625 -0.0668792724609375 -0.207046508789063 0.0947723388671875
-0.0849380493164063 -0.0479278564453125 -0.249099731445312 0.08380126953125
-0.0674285888671875 -0.0546188354492187 -0.283660888671875 -0.0103759765624999
-0.0717620849609375 -0.049530029296875 -0.244400024414063 -0.0979919433593749
-0.125358581542969 -0.0779190063476563 -0.179458618164062 -0.12542724609375
-0.080291748046875 -0.212783813476562 -0.0962982177734375 -0.154983520507812
0.0191802978515625 -0.279800415039062 -0.039947509765625 -0.0590248107910157
0.199066162109375 -0.277984619140625 -0.108688354492187 0.216751098632813
0.2940673828125 -0.296112060546875 -0.121788024902344 0.091339111328125
0.21368408203125 -0.272689819335938 -0.433685302734375 0.30682373046875
0.105194091796875 -0.335601806640625 -0.115020751953125 0.39013671875
-0.031585693359375 -0.248519897460938 0.0510406494140625 0.151321411132812
-0.0865020751953125 -0.175506591796875 -0.0524406433105469 -0.0374946594238281
-0.107955932617187 -0.110221862792969 -0.175186157226563 0.0109710693359375
-0.151535034179687 -0.0618438720703125 -0.181777954101562 0.10467529296875
-0.173614501953125 -0.0608062744140625 -0.14971923828125 0.101226806640625
-0.18170166015625 -0.03021240234375 -0.188232421875 0.0881195068359375
-0.160980224609375 -0.0711669921875 -0.227447509765625 0.00373840332031253
-0.15472412109375 -0.116165161132812 -0.21435546875 -0.100494384765625
-0.160858154296875 -0.171524047851563 -0.165740966796875 -0.1429443359375
-0.04962158203125 -0.300262451171875 -0.077484130859375 -0.184326171875
0.037078857421875 -0.32708740234375 -0.0181198120117187 -0.112411499023438
0.193878173828125 -0.36346435546875 -0.0383987426757812 0.137626647949219
0.213531494140625 -0.38287353515625 -0.0309028625488281 0.00723457336425779
0.147613525390625 -0.31158447265625 -0.37225341796875 0.276641845703125
0.089385986328125 -0.368560791015625 -0.059844970703125 0.419097900390625
-0.038055419921875 -0.315887451171875 0.113906860351563 0.186325073242187
-0.144668579101563 -0.260177612304688 0.00970458984374999 -0.00181007385253908
-0.20538330078125 -0.139297485351562 -0.0974655151367188 0.0449447631835937
-0.231246948242187 -0.0403594970703125 -0.097900390625 0.109359741210938
-0.242080688476562 -0.0448455810546875 -0.0692214965820313 0.0917205810546875
-0.248428344726563 -0.0100860595703125 -0.104866027832031 0.0755386352539063
-0.224685668945313 -0.0806427001953125 -0.144699096679688 0.00573730468750002
-0.208892822265625 -0.165359497070313 -0.158126831054687 -0.105926513671875
-0.17010498046875 -0.244049072265625 -0.133071899414063 -0.161331176757813
-0.00408935546875001 -0.351226806640625 -0.048370361328125 -0.223312377929688
0.06103515625 -0.32940673828125 0.0233001708984375 -0.19287109375
0.16717529296875 -0.3941650390625 0.0465621948242188 0.0386466979980469
0.101654052734375 -0.3980712890625 0.0441131591796875 -0.0972671508789063
0.056121826171875 -0.282318115234375 -0.280380249023438 0.228652954101562
0.06549072265625 -0.326446533203125 0.021392822265625 0.3935546875
-0.04193115234375 -0.32086181640625 0.170089721679688 0.187591552734375
-0.183441162109375 -0.291229248046875 0.0789031982421875 0.0352325439453125
-0.2703857421875 -0.137252807617188 0.00917816162109373 0.073974609375
-0.27288818359375 -0.010498046875 0.0112228393554687 0.0968093872070313
-0.273025512695313 -0.0223236083984375 0.0231056213378906 0.0686874389648438
-0.276336669921875 0.00856018066406249 -0.0114212036132813 0.0493431091308594
-0.249725341796875 -0.0828552246093749 -0.04852294921875 8.77380371093673E-05
-0.218154907226563 -0.197036743164062 -0.0824813842773438 -0.10589599609375
-0.13427734375 -0.280990600585937 -0.0792236328125 -0.172073364257813
0.0577392578125 -0.336883544921875 -0.00152587890625002 -0.256637573242188
0.0767364501953125 -0.2724609375 0.088714599609375 -0.2757568359375
0.109649658203125 -0.367034912109375 0.137825012207031 -0.062744140625
-0.017578125 -0.323944091796875 0.0916900634765625 -0.199325561523438
-0.0132904052734375 -0.176727294921875 -0.179702758789063 0.162811279296875
0.0675201416015625 -0.225250244140625 0.090118408203125 0.318359375
-0.0233917236328125 -0.2744140625 0.197998046875 0.160873413085937
-0.183853149414063 -0.266738891601563 0.138282775878906 0.0675506591796875
-0.281463623046875 -0.105712890625 0.122734069824219 0.0893707275390625
-0.264541625976563 0.0220184326171875 0.124099731445313 0.066162109375
-0.261474609375 0.00225830078125003 0.112548828125 0.034637451171875
-0.265518188476563 0.023162841796875 0.0788955688476562 0.0185623168945313
-0.237396240234375 -0.0769500732421875 0.0450019836425781 -0.00353622436523438
-0.185653686523437 -0.201553344726562 -0.00148773193359376 -0.0889434814453125
-0.06280517578125 -0.27032470703125 -0.0152587890625 -0.16119384765625
0.1121826171875 -0.248687744140625 0.0561370849609375 -0.268783569335938
0.0649566650390625 -0.164047241210938 0.17633056640625 -0.33636474609375
0.0233154296875 -0.293121337890625 0.221725463867188 -0.144882202148438
-0.11431884765625 -0.1783447265625 0.1102294921875 -0.272201538085938
-0.042510986328125 -0.0340423583984375 -0.0931167602539062 0.094970703125
0.0920562744140625 -0.10552978515625 0.125946044921875 0.228439331054688
0.00802612304687499 -0.200119018554688 0.194839477539062 0.131561279296875
-0.15179443359375 -0.201141357421875 0.181854248046875 0.0946044921875
-0.238021850585938 -0.0564117431640625 0.219741821289062 0.0879974365234375
-0.20758056640625 0.04656982421875 0.217147827148438 0.0225830078125
-0.209701538085938 0.0255584716796875 0.184722900390625 -0.004241943359375
-0.2198486328125 0.03594970703125 0.154647827148438 -0.01141357421875
-0.200042724609375 -0.05938720703125 0.124977111816406 -0.000534057617187504
-0.132095336914063 -0.175918579101563 0.0677833557128906 -0.0532722473144531
0.0126953125 -0.208648681640625 0.0353622436523438 -0.129486083984375
0.123443603515625 -0.111419677734375 0.106231689453125 -0.263137817382813
0.00728988647460938 -0.0362281799316406 0.270050048828125 -0.365325927734375
-0.083526611328125 -0.194366455078125 0.284271240234375 -0.19598388671875
-0.174545288085938 -0.002044677734375 0.104827880859375 -0.3016357421875
-0.043548583984375 0.0997085571289063 -0.0353775024414062 0.0421180725097656
0.113204956054688 0.005523681640625 0.1282958984375 0.158859252929688
0.0385360717773438 -0.111137390136719 0.179458618164062 0.119888305664063
-0.0928955078125 -0.113273620605469 0.21075439453125 0.115478515625
-0.152542114257812 -0.00680541992187503 0.28369140625 0.072174072265625
-0.117340087890625 0.0580062866210938 0.273544311523438 -0.0230865478515625
-0.1278076171875 0.0445098876953125 0.228927612304688 -0.0399169921875
-0.1478271484375 0.0479583740234375 0.209091186523437 -0.036590576171875
-0.145004272460938 -0.028961181640625 0.184158325195313 0.006011962890625
-0.0757369995117187 -0.121833801269531 0.112762451171875 -0.00939941406250001
0.0595855712890625 -0.111160278320313 0.058502197265625 -0.0936431884765625
0.0755767822265625 0.0332717895507812 0.140609741210938 -0.260391235351563
-0.08892822265625 0.0706100463867188 0.35455322265625 -0.370147705078125
-0.191177368164062 -0.0901031494140625 0.311553955078125 -0.2166748046875
0.29852294921875 -0.076202392578125 -0.275436401367188 0.195144653320313
0.15826416015625 -0.153167724609375 -0.42523193359375 0.37860107421875
-0.00575256347656251 -0.148117065429688 -0.122589111328125 0.289703369140625
-0.0613822937011719 -0.0149497985839844 -0.0330963134765625 0.0814743041992188
0.0284271240234375 0.0481224060058594 -0.116508483886719 -0.0409927368164063
0.0923614501953125 -0.0210800170898438 -0.214752197265625 -0.0142669677734375
0.0394363403320313 -0.0764846801757813 -0.237075805664063 0.0745697021484375
0.0217819213867187 -0.066680908203125 -0.230499267578125 0.0865478515624999
0.0242767333984375 -0.0636405944824219 -0.276397705078125 0.072906494140625
0.0410728454589844 -0.0317878723144531 -0.30859375 -0.0234680175781249
0.0201816558837891 0.0259552001953125 -0.258834838867188 -0.0933685302734375
-0.083648681640625 0.0264511108398437 -0.189773559570312 -0.109909057617187
-0.106597900390625 -0.109352111816406 -0.116928100585938 -0.146148681640625
0.00128173828124999 -0.2037353515625 -0.0436973571777344 -0.0437965393066406
0.183639526367188 -0.161209106445313 -0.14642333984375 0.270706176757813
0.321319580078125 -0.196990966796875 -0.209152221679687 0.156219482421875
0.215042114257812 -0.222427368164062 -0.45172119140625 0.354888916015625
0.06341552734375 -0.260910034179688 -0.126434326171875 0.34515380859375
-0.0485916137695313 -0.139579772949219 0.00295257568359375 0.105766296386719
-0.0302162170410156 -0.0615081787109375 -0.101242065429687 -0.05279541015625
-0.00345611572265625 -0.0665016174316406 -0.218368530273438 -0.00384521484375003
-0.05865478515625 -0.072845458984375 -0.22772216796875 0.0993194580078125
-0.0852279663085938 -0.0660629272460938 -0.204315185546875 0.1058349609375
-0.0891342163085938 -0.0465774536132812 -0.247894287109375 0.0952606201171875
-0.0706253051757813 -0.0549240112304688 -0.288421630859375 0.00119018554687506
-0.0744705200195313 -0.0492324829101563 -0.2542724609375 -0.0924835205078125
-0.130142211914062 -0.074127197265625 -0.186752319335937 -0.121063232421875
-0.090911865234375 -0.213363647460938 -0.103866577148438 -0.153900146484375
0.00930786132812497 -0.28472900390625 -0.0415573120117187 -0.0575141906738281
0.1934814453125 -0.293548583984375 -0.098968505859375 0.224258422851562
0.289398193359375 -0.31622314453125 -0.120658874511719 0.095458984375
0.2071533203125 -0.287750244140625 -0.432830810546875 0.329803466796875
0.09246826171875 -0.346160888671875 -0.104461669921875 0.403228759765625
-0.0421142578125 -0.250640869140625 0.055572509765625 0.150405883789063
-0.0934906005859375 -0.174362182617188 -0.0585823059082031 -0.0355300903320313
-0.111572265625 -0.110694885253906 -0.180908203125 0.021087646484375
-0.156341552734375 -0.059234619140625 -0.179244995117187 0.116058349609375
-0.179641723632813 -0.05438232421875 -0.146270751953125 0.110137939453125
-0.18658447265625 -0.0239410400390625 -0.186111450195313 0.0976715087890625
-0.166015625 -0.0672454833984375 -0.230804443359375 0.013580322265625
-0.161514282226562 -0.112655639648438 -0.223709106445313 -0.0949859619140625
-0.16973876953125 -0.167495727539063 -0.173614501953125 -0.138580322265625
-0.064178466796875 -0.304412841796875 -0.087188720703125 -0.184494018554688
0.025909423828125 -0.334228515625 -0.0218734741210937 -0.112991333007813
0.183624267578125 -0.380584716796875 -0.0301055908203125 0.140449523925781
0.20269775390625 -0.40057373046875 -0.0313301086425781 0.00636100769042966
0.138336181640625 -0.324554443359375 -0.37103271484375 0.29571533203125
0.077301025390625 -0.37945556640625 -0.045867919921875 0.43170166015625
-0.05059814453125 -0.319000244140625 0.1212158203125 0.184722900390625
-0.1575927734375 -0.258071899414063 0.00531721115112304 -0.00132894515991212
-0.213653564453125 -0.13525390625 -0.0999755859375 0.05181884765625
-0.236953735351563 -0.0336151123046875 -0.0939407348632812 0.117469787597656
-0.2489013671875 -0.0349884033203125 -0.0657806396484375 0.0969161987304688
-0.253173828125 0.000457763671875003 -0.102607727050781 0.0809860229492188
-0.231903076171875 -0.072845458984375 -0.145828247070313 0.0107269287109375
-0.218902587890625 -0.160659790039062 -0.166229248046875 -0.10247802734375
-0.1827392578125 -0.241226196289063 -0.14093017578125 -0.158157348632813
-0.020263671875 -0.358001708984375 -0.058746337890625 -0.224441528320313
0.0501708984375 -0.337158203125 0.01788330078125 -0.195587158203125
0.152496337890625 -0.4112548828125 0.0525856018066406 0.0358009338378906
0.084136962890625 -0.41253662109375 0.0404586791992187 -0.103424072265625
0.04669189453125 -0.290985107421875 -0.279403686523438 0.244781494140625
0.053070068359375 -0.33709716796875 0.03460693359375 0.4013671875
-0.0556640625 -0.324249267578125 0.178939819335937 0.184432983398437
-0.199005126953125 -0.287872314453125 0.0781936645507812 0.0346527099609375
-0.28070068359375 -0.129440307617188 0.0113601684570312 0.0769882202148437
-0.27825927734375 -0.00103759765625001 0.0156478881835937 0.099365234375
-0.279129028320313 -0.00997924804687494 0.02618408203125 0.0691871643066406
-0.280715942382813 0.02142333984375 -0.00958251953125001 0.0506591796875
-0.257293701171875 -0.074005126953125 -0.0483589172363281 0.000293731689453118
-0.229690551757813 -0.19219970703125 -0.0889205932617188 -0.105201721191406
-0.1480712890625 -0.28094482421875 -0.0866546630859375 -0.170639038085938
0.043121337890625 -0.346466064453125 -0.01214599609375 -0.258743286132813
0.0701751708984375 -0.279220581054688 0.08074951171875 -0.28253173828125
0.094940185546875 -0.38128662109375 0.141159057617187 -0.070404052734375
-0.034271240234375 -0.331268310546875 0.083892822265625 -0.20855712890625
-0.0207061767578125 -0.180145263671875 -0.178619384765625 0.173904418945312
0.0592193603515625 -0.235076904296875 0.10333251953125 0.321624755859375
-0.0341644287109375 -0.277969360351563 0.205520629882813 0.156295776367188
-0.199981689453125 -0.263381958007813 0.140884399414062 0.066253662109375
-0.29180908203125 -0.09619140625 0.1285400390625 0.0878067016601563
-0.268508911132812 0.0320587158203125 0.129020690917969 0.063446044921875
-0.265960693359375 0.01544189453125 0.114891052246094 0.0307159423828125
-0.268997192382813 0.037139892578125 0.0794143676757812 0.0141830444335938
-0.244674682617187 -0.0681304931640625 0.0475997924804687 -0.00723648071289063
-0.197097778320313 -0.197357177734375 -0.00454711914062501 -0.0914840698242188
-0.0741729736328125 -0.273162841796875 -0.0211944580078125 -0.162582397460938
0.102188110351562 -0.259262084960938 0.0457611083984375 -0.2730712890625
0.0621490478515625 -0.168380737304688 0.16748046875 -0.348419189453125
0.010223388671875 -0.301361083984375 0.222915649414063 -0.15716552734375
-0.1270751953125 -0.17730712890625 0.099609375 -0.283416748046875
-0.0444984436035156 -0.0326690673828125 -0.0926742553710937 0.100631713867188
0.0900497436523438 -0.113578796386719 0.135665893554687 0.2274169921875
0.00045776367187498 -0.203994750976563 0.20196533203125 0.12744140625
-0.164627075195313 -0.196853637695312 0.18804931640625 0.0916748046875
-0.245681762695312 -0.0477752685546875 0.228195190429687 0.081939697265625
-0.20941162109375 0.055633544921875 0.22174072265625 0.01495361328125
-0.21258544921875 0.0366363525390625 0.185836791992188 -0.0115966796875
-0.221572875976563 0.048675537109375 0.154632568359375 -0.0200347900390625
-0.205703735351563 -0.051422119140625 0.128746032714844 -0.008453369140625
-0.14227294921875 -0.17340087890625 0.0687255859375 -0.0579376220703125
0.004547119140625 -0.214447021484375 0.0323333740234375 -0.131317138671875
0.120872497558594 -0.118743896484375 0.097564697265625 -0.26837158203125
0.00801849365234375 -0.0359687805175781 0.26220703125 -0.382171630859375
-0.0949859619140625 -0.196212768554688 0.2835693359375 -0.21099853515625
-0.180511474609375 0.00561523437499998 0.0909423828125 -0.311309814453125
-0.03997802734375 0.103736877441406 -0.0360374450683594 0.0451011657714844
0.116622924804688 -0.00099945068359375 0.1351318359375 0.15594482421875
0.0344619750976563 -0.1138916015625 0.185302734375 0.116241455078125
-0.100677490234375 -0.110504150390625 0.219635009765625 0.11151123046875
-0.156036376953125 0.000305175781250009 0.29296875 0.062591552734375
-0.116218566894531 0.0640640258789063 0.276031494140625 -0.0340423583984375
-0.127723693847656 0.0523223876953125 0.228775024414062 -0.0513458251953125
-0.1480712890625 0.0575714111328125 0.2098388671875 -0.0486907958984375
-0.149261474609375 -0.022247314453125 0.189132690429688 -0.0048675537109375
-0.0825271606445312 -0.121017456054688 0.116661071777344 -0.0144119262695313
0.0561447143554687 -0.116851806640625 0.0565261840820312 -0.0950927734375
0.077911376953125 0.03125 0.132156372070313 -0.2664794921875
-0.0861053466796875 0.0771484375 0.347198486328125 -0.389495849609375
-0.200912475585938 -0.0848541259765625 0.309539794921875 -0.23321533203125
0.296051025390625 -0.09619140625 -0.266143798828125 0.210418701171875
0.149368286132813 -0.162368774414063 -0.40435791015625 0.40411376953125
-0.0155792236328125 -0.146041870117188 -0.106903076171875 0.296142578125
-0.06243896484375 -0.00928497314453124 -0.0300979614257813 0.0818328857421875
0.0340919494628906 0.0454673767089844 -0.122322082519531 -0.0333480834960937
0.09332275390625 -0.0297622680664062 -0.218612670898437 0.00146484374999995
0.0331802368164063 -0.0807647705078125 -0.2308349609375 0.089874267578125
0.0168685913085937 -0.0690498352050781 -0.221725463867188 0.100616455078125
0.01953125 -0.0675239562988281 -0.268646240234375 0.0898132324218751
0.0395164489746094 -0.0361824035644531 -0.309783935546875 -0.00540161132812503
0.0227451324462891 0.0229568481445313 -0.265457153320313 -0.0792388916015624
-0.081024169921875 0.03204345703125 -0.194686889648437 -0.099365234375
-0.112533569335938 -0.102958679199219 -0.125785827636719 -0.139678955078125
-0.010650634765625 -0.203018188476563 -0.0451698303222656 -0.04107666015625
0.175933837890625 -0.17437744140625 -0.1268310546875 0.279052734375
0.311126708984375 -0.21826171875 -0.20111083984375 0.167892456054688
0.202835083007813 -0.235061645507813 -0.431640625 0.381378173828125
0.046875 -0.263763427734375 -0.10748291015625 0.352508544921875
-0.0559616088867188 -0.134475708007813 0.00709533691406249 0.103935241699219
-0.0311126708984375 -0.0598220825195312 -0.108100891113281 -0.045989990234375
-0.0048065185546875 -0.0693168640136719 -0.221786499023438 0.0123291015625
-0.0645980834960937 -0.071502685546875 -0.220123291015625 0.11492919921875
-0.090179443359375 -0.0614852905273438 -0.194366455078125 0.118377685546875
-0.0933837890625 -0.04266357421875 -0.239059448242187 0.110687255859375
-0.0728607177734375 -0.05224609375 -0.287109375 0.0182800292968749
-0.07623291015625 -0.0462188720703125 -0.261016845703125 -0.0785369873046874
-0.133346557617187 -0.0658798217773437 -0.193206787109375 -0.110794067382813
-0.104354858398438 -0.208145141601562 -0.113433837890625 -0.147506713867187
-0.00695800781249998 -0.284423828125 -0.0440559387207031 -0.0540504455566407
0.177215576171875 -0.30810546875 -0.0818634033203125 0.2291259765625
0.2716064453125 -0.33441162109375 -0.115348815917969 0.100921630859375
0.191864013671875 -0.300811767578125 -0.416595458984375 0.3565673828125
0.0712890625 -0.350799560546875 -0.08197021484375 0.40966796875
-0.0561065673828125 -0.2457275390625 0.0629425048828125 0.146484375
-0.101806640625 -0.168609619140625 -0.0646095275878906 -0.0304489135742188
-0.116325378417969 -0.1068115234375 -0.181777954101563 0.0350189208984375
-0.161300659179687 -0.0522918701171875 -0.170852661132813 0.1285400390625
-0.183578491210938 -0.0437164306640625 -0.137710571289063 0.119804382324219
-0.188247680664063 -0.0128021240234375 -0.177978515625 0.109359741210938
-0.169906616210938 -0.0582122802734375 -0.228134155273438 0.02703857421875
-0.1676025390625 -0.104232788085938 -0.231231689453125 -0.0829010009765625
-0.17962646484375 -0.15777587890625 -0.1810302734375 -0.128128051757813
-0.0833740234375 -0.300811767578125 -0.0982818603515625 -0.178512573242188
0.00808715820312497 -0.334869384765625 -0.0265731811523437 -0.110618591308594
0.16064453125 -0.395599365234375 -0.018524169921875 0.14093017578125
0.178009033203125 -0.41497802734375 -0.0313358306884765 0.00601005554199216
0.120513916015625 -0.333892822265625 -0.356536865234375 0.3184814453125
0.051666259765625 -0.385284423828125 -0.022003173828125 0.43597412109375
-0.068634033203125 -0.314422607421875 0.129531860351563 0.177658081054687
-0.171005249023437 -0.248519897460938 0.00250768661499022 0.000272512435913071
-0.22100830078125 -0.12445068359375 -0.0987701416015625 0.0612030029296875
-0.2396240234375 -0.0213317871093749 -0.086029052734375 0.125099182128906
-0.250686645507813 -0.0190887451171875 -0.0586776733398438 0.1026611328125
-0.252471923828125 0.015899658203125 -0.097442626953125 0.087890625
-0.235626220703125 -0.059661865234375 -0.143310546875 0.01873779296875
-0.227951049804687 -0.148696899414063 -0.173995971679688 -0.09332275390625
-0.196502685546875 -0.230606079101563 -0.149459838867187 -0.149398803710938
-0.043548583984375 -0.357513427734375 -0.07220458984375 -0.219375610351563
0.033477783203125 -0.339630126953125 0.00778198242187501 -0.195953369140625
0.126953125 -0.423187255859375 0.0578193664550781 0.030853271484375
0.05792236328125 -0.41961669921875 0.0336532592773438 -0.107635498046875
0.029083251953125 -0.29510498046875 -0.268173217773438 0.261154174804687
0.03167724609375 -0.342254638671875 0.057708740234375 0.4029541015625
-0.0733642578125 -0.320770263671875 0.186935424804688 0.174285888671875
-0.216445922851563 -0.275497436523438 0.0775985717773437 0.0325775146484375
-0.2886962890625 -0.113616943359375 0.0145111083984375 0.0794525146484375
-0.27862548828125 0.0147552490234375 0.0226974487304687 0.100502014160156
-0.279815673828125 0.00872802734375 0.0298805236816406 0.0690803527832031
-0.27874755859375 0.040252685546875 -0.00680541992187502 0.051361083984375
-0.260940551757813 -0.0589599609375 -0.0464935302734375 0.00142288208007812
-0.2412109375 -0.178237915039062 -0.0955276489257813 -0.100990295410156
-0.164520263671875 -0.272415161132813 -0.09503173828125 -0.164337158203125
0.019866943359375 -0.349822998046875 -0.0279083251953125 -0.256195068359375
0.05694580078125 -0.283477783203125 0.065460205078125 -0.2874755859375
0.071075439453125 -0.389495849609375 0.140037536621094 -0.0807113647460938
-0.05682373046875 -0.330596923828125 0.0705108642578125 -0.215606689453125
-0.031524658203125 -0.179733276367188 -0.171737670898437 0.18536376953125
0.0445709228515625 -0.240859985351563 0.12078857421875 0.316925048828125
-0.050140380859375 -0.27618408203125 0.212051391601563 0.145111083984375
-0.217361450195313 -0.250167846679688 0.143478393554687 0.05999755859375
-0.298248291015625 -0.0786132812500001 0.134132385253906 0.0826187133789063
-0.266952514648438 0.0473937988281249 0.132560729980469 0.0567245483398438
-0.265579223632813 0.031982421875 0.114936828613281 0.024566650390625
-0.2655029296875 0.0556488037109374 0.0789337158203125 0.0089874267578125
-0.248992919921875 -0.052490234375 0.0482864379882812 -0.0128669738769531
-0.208999633789063 -0.185836791992188 -0.00980377197265627 -0.0921249389648438
-0.0904083251953125 -0.269744873046875 -0.02978515625 -0.159713745117188
0.085418701171875 -0.2655029296875 0.0299530029296875 -0.272567749023438
0.0554351806640625 -0.170730590820313 0.1473388671875 -0.358184814453125
-0.010284423828125 -0.303985595703125 0.216552734375 -0.17144775390625
-0.14019775390625 -0.169754028320313 0.0802001953125 -0.290374755859375
-0.0464744567871094 -0.0300979614257813 -0.089141845703125 0.107261657714844
0.0835647583007813 -0.121665954589844 0.147201538085938 0.219863891601563
-0.0110931396484375 -0.203933715820313 0.206985473632813 0.116561889648438
-0.17816162109375 -0.1866455078125 0.193161010742188 0.083831787109375
-0.2493896484375 -0.0323333740234375 0.234283447265625 0.0698089599609375
-0.206253051757813 0.068206787109375 0.221755981445313 0.002838134765625
-0.210525512695313 0.0513763427734375 0.18280029296875 -0.0223388671875
-0.217910766601563 0.0648040771484375 0.151412963867188 -0.030426025390625
-0.209060668945313 -0.0379638671875 0.129310607910156 -0.0188751220703125
-0.152694702148438 -0.16546630859375 0.0661735534667969 -0.0630073547363281
-0.00851440429687498 -0.216140747070313 0.0260467529296875 -0.131538391113281
0.112785339355469 -0.125984191894531 0.08209228515625 -0.270919799804687
0.00899505615234375 -0.0357208251953125 0.239227294921875 -0.397064208984375
-0.109375 -0.19091796875 0.27447509765625 -0.22772216796875
-0.18310546875 0.01702880859375 0.069671630859375 -0.31695556640625
-0.033599853515625 0.10687255859375 -0.0349960327148438 0.0482025146484375
0.116523742675781 -0.0109710693359375 0.141708374023438 0.1474609375
0.0280303955078125 -0.116096496582031 0.190139770507813 0.107131958007813
-0.109184265136719 -0.103126525878906 0.227066040039063 0.101333618164063
-0.156875610351563 0.0111083984375 0.298614501953125 0.046630859375
-0.112205505371094 0.0714645385742188 0.273635864257812 -0.0503692626953125
-0.124114990234375 0.0615081787109375 0.22296142578125 -0.0653533935546875
-0.143661499023437 0.0690765380859375 0.204483032226563 -0.063507080078125
-0.150711059570313 -0.0121002197265625 0.189971923828125 -0.0193023681640625
-0.0901641845703125 -0.116409301757813 0.118209838867188 -0.021942138671875
0.0490875244140625 -0.122482299804688 0.0523757934570313 -0.0961151123046875
0.0802459716796875 0.0268020629882813 0.116287231445313 -0.2698974609375
-0.0798873901367187 0.0828704833984375 0.32501220703125 -0.4102783203125
-0.208770751953125 -0.0733795166015625 0.29852294921875 -0.249664306640625
0.2847900390625 -0.1121826171875 -0.248611450195313 0.21893310546875
0.136672973632813 -0.16607666015625 -0.3717041015625 0.4150390625
-0.0238037109375 -0.1397705078125 -0.088775634765625 0.2943115234375
-0.0610008239746094 -0.00334548950195313 -0.0268020629882813 0.0799179077148438
0.0378379821777344 0.0413169860839844 -0.123771667480469 -0.0251846313476563
0.0910263061523438 -0.038055419921875 -0.216064453125 0.016937255859375
0.0267410278320313 -0.0819778442382812 -0.2188720703125 0.102584838867188
0.0115089416503906 -0.0692214965820313 -0.207199096679687 0.110107421875
0.0142250061035156 -0.0687904357910156 -0.253128051757813 0.102142333984375
0.0369300842285156 -0.0396804809570313 -0.302001953125 0.01177978515625
0.0246868133544922 0.0199832916259766 -0.265228271484375 -0.064483642578125
-0.0764312744140625 0.0360336303710938 -0.1937255859375 -0.08734130859375
-0.115562438964844 -0.0944366455078125 -0.129676818847656 -0.129478454589844
-0.021636962890625 -0.19659423828125 -0.0455741882324219 -0.0370979309082031
0.16363525390625 -0.182220458984375 -0.104995727539063 0.278244018554688
0.292327880859375 -0.231903076171875 -0.187118530273437 0.17303466796875
0.186080932617188 -0.240402221679687 -0.40118408203125 0.396728515625
0.030120849609375 -0.25860595703125 -0.086700439453125 0.349334716796875
-0.0607376098632812 -0.125274658203125 0.0113143920898437 0.100418090820312
-0.0311660766601563 -0.0571212768554687 -0.110946655273438 -0.037841796875
-0.00672912597656249 -0.0707244873046875 -0.217880249023437 0.0280456542968749
-0.0680503845214844 -0.0675239562988281 -0.206802368164063 0.126571655273437
-0.0919189453125 -0.0550537109375 -0.179931640625 0.12646484375
-0.0941238403320313 -0.0376663208007812 -0.2242431640625 0.121353149414063
-0.0736770629882813 -0.0483322143554688 -0.2783203125 0.0339508056640625
-0.0763473510742188 -0.04254150390625 -0.260986328125 -0.063201904296875
-0.133132934570312 -0.0562744140625 -0.19293212890625 -0.097381591796875
-0.113723754882812 -0.19708251953125 -0.118522644042969 -0.136428833007813
-0.0214080810546875 -0.276702880859375 -0.0446052551269531 -0.0496444702148438
0.1563720703125 -0.312835693359375 -0.0640869140625 0.226791381835937
0.24542236328125 -0.344696044921875 -0.107124328613281 0.103317260742187
0.17120361328125 -0.303863525390625 -0.387725830078125 0.3704833984375
0.049041748046875 -0.3455810546875 -0.058685302734375 0.40447998046875
-0.0674285888671875 -0.234817504882813 0.0677871704101562 0.139015197753906
-0.10736083984375 -0.158889770507812 -0.067535400390625 -0.0245437622070312
-0.118209838867188 -0.100601196289062 -0.177597045898438 0.047637939453125
-0.161407470703125 -0.0429534912109375 -0.15850830078125 0.136245727539063
-0.182342529296875 -0.03173828125 -0.125015258789063 0.124557495117188
-0.184829711914063 -0.00205993652343751 -0.165451049804687 0.11712646484375
-0.168441772460938 -0.0485382080078125 -0.219741821289062 0.0376739501953125
-0.1690673828125 -0.0931549072265625 -0.231201171875 -0.0689697265625
-0.183212280273438 -0.143417358398437 -0.181381225585938 -0.114639282226563
-0.100372314453125 -0.287994384765625 -0.105667114257813 -0.1673583984375
-0.00842285156249997 -0.326446533203125 -0.0307540893554688 -0.105636596679688
0.134307861328125 -0.39801025390625 -0.00687408447265626 0.136764526367187
0.149139404296875 -0.41748046875 -0.0301761627197266 0.0053443908691406
0.099273681640625 -0.332763671875 -0.33123779296875 0.33062744140625
0.0284423828125 -0.379150390625 0.000640869140624968 0.42742919921875
-0.082855224609375 -0.30181884765625 0.134552001953125 0.166213989257812
-0.180267333984375 -0.231979370117188 -0.000123023986816417 0.0020550489425659
-0.220901489257813 -0.111160278320312 -0.0942916870117188 0.0683364868164063
-0.236190795898438 -0.00851440429687502 -0.07574462890625 0.12811279296875
-0.246261596679688 -0.00292968750000001 -0.0507354736328125 0.104423522949219
-0.244720458984375 0.0311431884765624 -0.0879135131835937 0.0920791625976563
-0.231948852539063 -0.045166015625 -0.137496948242188 0.0245742797851562
-0.230178833007813 -0.13238525390625 -0.175857543945313 -0.0824737548828125
-0.20355224609375 -0.2142333984375 -0.151931762695313 -0.137191772460938
-0.0645751953125 -0.346221923828125 -0.0823211669921875 -0.207275390625
0.01580810546875 -0.33251953125 -0.00123596191406251 -0.191070556640625
0.099029541015625 -0.4224853515625 0.0609397888183594 0.0253257751464844
0.03076171875 -0.41461181640625 0.0256195068359375 -0.109512329101563
0.01165771484375 -0.290435791015625 -0.248458862304688 0.270492553710937
0.010009765625 -0.336334228515625 0.077728271484375 0.390960693359375
-0.087799072265625 -0.308074951171875 0.1903076171875 0.159927368164062
-0.226531982421875 -0.255157470703125 0.0756378173828125 0.0299758911132812
-0.288238525390625 -0.09564208984375 0.0185317993164062 0.07989501953125
-0.27227783203125 0.029876708984375 0.0280685424804687 0.0983123779296875
-0.2725830078125 0.025634765625 0.0332603454589844 0.0671005249023437
-0.268264770507813 0.056976318359375 -0.00374603271484376 0.0513153076171875
-0.257354736328125 -0.04156494140625 -0.0437812805175781 0.00202560424804687
-0.2454833984375 -0.16058349609375 -0.0998077392578125 -0.09417724609375
-0.175369262695313 -0.257354736328125 -0.0996246337890625 -0.153823852539063
-0.00155639648437496 -0.341583251953125 -0.040557861328125 -0.244598388671875
0.0419464111328125 -0.279571533203125 0.049041748046875 -0.2833251953125
0.045440673828125 -0.386016845703125 0.134040832519531 -0.0881881713867188
-0.076751708984375 -0.3193359375 0.0545654296875 -0.215850830078125
-0.041778564453125 -0.1734619140625 -0.158859252929687 0.19195556640625
0.0285491943359375 -0.238815307617188 0.13372802734375 0.303741455078125
-0.062774658203125 -0.267105102539063 0.213043212890625 0.130691528320312
-0.2271728515625 -0.230682373046875 0.142410278320312 0.053558349609375
-0.29638671875 -0.059722900390625 0.135818481445312 0.0754776000976563
-0.258895874023438 0.0623321533203125 0.132614135742187 0.0492477416992188
-0.256698608398438 0.0488128662109375 0.111808776855469 0.01904296875
-0.253799438476563 0.0720672607421874 0.0765228271484375 0.0049285888671875
-0.244415283203125 -0.0363922119140625 0.0472908020019531 -0.0179176330566406
-0.2138671875 -0.16937255859375 -0.0146026611328125 -0.0905838012695313
-0.103179931640625 -0.258575439453125 -0.035369873046875 -0.152633666992188
0.0670166015625 -0.263931274414063 0.0144500732421875 -0.263519287109375
0.04791259765625 -0.169677734375 0.124114990234375 -0.3568115234375
-0.02996826171875 -0.2967529296875 0.203033447265625 -0.179397583007813
-0.148773193359375 -0.157089233398438 0.0594482421875 -0.287872314453125
-0.0477371215820312 -0.026641845703125 -0.0824813842773438 0.11083984375
0.0730667114257812 -0.126052856445313 0.154006958007813 0.206756591796875
-0.02105712890625 -0.199020385742188 0.206222534179688 0.103042602539062
-0.185867309570313 -0.17047119140625 0.193023681640625 0.0733642578125
-0.247039794921875 -0.015289306640625 0.233169555664062 0.0560760498046875
-0.197708129882813 0.079254150390625 0.215896606445313 -0.00888061523437499
-0.201431274414063 0.063720703125 0.174392700195313 -0.031585693359375
-0.20721435546875 0.0785369873046875 0.143463134765625 -0.0382537841796875
-0.205551147460938 -0.0236053466796875 0.1256103515625 -0.0287628173828125
-0.158721923828125 -0.1534423828125 0.0618934631347656 -0.0663986206054688
-0.0209503173828125 -0.211456298828125 0.0197219848632812 -0.12774658203125
0.103302001953125 -0.128982543945313 0.0653228759765625 -0.264022827148438
0.0094146728515625 -0.03485107421875 0.21173095703125 -0.3997802734375
-0.12078857421875 -0.180374145507812 0.256317138671875 -0.237594604492187
-0.17919921875 0.0286102294921875 0.04791259765625 -0.313323974609375
-0.02667236328125 0.10626220703125 -0.0326309204101563 0.0502395629882813
0.112892150878906 -0.0202255249023438 0.144546508789063 0.135971069335938
0.0215530395507812 -0.115806579589844 0.189620971679688 0.095458984375
-0.113845825195313 -0.0931625366210937 0.228347778320313 0.088287353515625
-0.153640747070313 0.0205841064453125 0.2955322265625 0.028656005859375
-0.105522155761719 0.0771865844726563 0.262603759765625 -0.0634613037109375
-0.117317199707031 0.068267822265625 0.210494995117188 -0.0756988525390625
-0.135147094726563 0.0780563354492188 0.19268798828125 -0.075164794921875
-0.147872924804687 -0.00102233886718748 0.18487548828125 -0.03265380859375
-0.0955047607421875 -0.109390258789062 0.115753173828125 -0.0293731689453125
0.0406646728515625 -0.123977661132813 0.0471115112304688 -0.0942764282226563
0.0802230834960938 0.0224761962890625 0.098785400390625 -0.26458740234375
-0.0712051391601563 0.0864791870117188 0.294952392578125 -0.41680908203125
-0.210220336914062 -0.0592041015625 0.278366088867188 -0.259796142578125
0.270706176757813 -0.119674682617188 -0.23272705078125 0.217864990234375
0.1268310546875 -0.1640625 -0.3441162109375 0.411651611328125
-0.02764892578125 -0.131874084472656 -0.07720947265625 0.28436279296875
-0.05810546875 0.00140380859375 -0.0247344970703125 0.0762481689453125
0.0389938354492188 0.0376014709472656 -0.122856140136719 -0.0186386108398437
0.0874786376953125 -0.0436172485351563 -0.209136962890625 0.0277099609375
0.0217208862304687 -0.0804901123046875 -0.205947875976563 0.108169555664062
0.00737762451171875 -0.0681686401367188 -0.191970825195312 0.111907958984375
0.00987625122070312 -0.068206787109375 -0.237014770507813 0.105484008789062
0.03472900390625 -0.0414962768554688 -0.28961181640625 0.0220031738281249
0.0251655578613281 0.0168113708496094 -0.259231567382813 -0.0543060302734375
-0.0713119506835938 0.0383682250976562 -0.18804931640625 -0.07879638671875
-0.114540100097656 -0.0868148803710938 -0.127494812011719 -0.119720458984375
-0.02728271484375 -0.187454223632813 -0.044158935546875 -0.0340232849121094
0.151565551757812 -0.18359375 -0.0885772705078125 0.269317626953125
0.273406982421875 -0.235153198242188 -0.174224853515625 0.171234130859375
0.1717529296875 -0.237060546875 -0.3736572265625 0.396087646484375
0.020111083984375 -0.248794555664063 -0.07183837890625 0.3388671875
-0.0620880126953125 -0.116241455078125 0.0127182006835937 0.0946807861328125
-0.0298881530761719 -0.05462646484375 -0.111007690429688 -0.031524658203125
-0.00797271728515625 -0.0716552734375 -0.211013793945313 0.038421630859375
-0.0692558288574219 -0.063690185546875 -0.193099975585938 0.130477905273438
-0.0907440185546875 -0.0497360229492187 -0.165634155273438 0.127685546875
-0.0926132202148438 -0.0340499877929688 -0.20770263671875 0.124053955078125
-0.0720748901367188 -0.0454254150390625 -0.265457153320313 0.04217529296875
-0.0742034912109375 -0.0392913818359375 -0.255111694335938 -0.05267333984375
-0.129653930664063 -0.0493392944335937 -0.187347412109375 -0.08819580078125
-0.117095947265625 -0.185073852539063 -0.117607116699219 -0.126762390136719
-0.028961181640625 -0.264328002929687 -0.0433311462402344 -0.0459861755371094
0.139678955078125 -0.309173583984375 -0.0511627197265625 0.2183837890625
0.224639892578125 -0.3416748046875 -0.0994186401367187 0.100296020507812
0.154083251953125 -0.298614501953125 -0.362274169921875 0.368682861328125
0.03472900390625 -0.333953857421875 -0.044464111328125 0.393280029296875
-0.0706329345703125 -0.222030639648438 0.068389892578125 0.130477905273437
-0.105987548828125 -0.149551391601563 -0.0682640075683594 -0.0201797485351563
-0.11590576171875 -0.0962905883789063 -0.170761108398438 0.056121826171875
-0.1585693359375 -0.036895751953125 -0.146728515625 0.138824462890625
-0.1766357421875 -0.0234832763671875 -0.113670349121094 0.125053405761719
-0.178497314453125 0.00454711914062496 -0.152145385742188 0.118911743164063
-0.162994384765625 -0.0420379638671875 -0.208633422851563 0.0433349609375
-0.165191650390625 -0.08489990234375 -0.226776123046875 -0.059112548828125
-0.180511474609375 -0.131500244140625 -0.1768798828125 -0.10467529296875
-0.107025146484375 -0.273818969726562 -0.106002807617187 -0.155685424804688
-0.0174560546875 -0.314239501953125 -0.0310516357421875 -0.100105285644531
0.11444091796875 -0.389862060546875 0.000709533691406267 0.130241394042969
0.127777099609375 -0.406768798828125 -0.0290451049804687 0.00422477722167966
0.08349609375 -0.3236083984375 -0.310516357421875 0.329925537109375
0.013458251953125 -0.365570068359375 0.014678955078125 0.41357421875
-0.0888671875 -0.286834716796875 0.133529663085938 0.155288696289062
-0.1802978515625 -0.21722412109375 -0.00198340415954591 0.00354981422424315
-0.215972900390625 -0.10125732421875 -0.0889358520507813 0.072479248046875
-0.228744506835937 0.000381469726562456 -0.0679244995117188 0.127952575683594
-0.237213134765625 0.00642395019531249 -0.043548583984375 0.103736877441406
-0.233154296875 0.0399932861328125 -0.079437255859375 0.0925369262695312
-0.22344970703125 -0.035430908203125 -0.130195617675781 0.0267715454101563
-0.225418090820312 -0.119720458984375 -0.173919677734375 -0.074005126953125
-0.203201293945313 -0.199371337890625 -0.148635864257813 -0.126495361328125
-0.07525634765625 -0.3299560546875 -0.085235595703125 -0.194961547851563
0.00686645507812497 -0.320648193359375 -0.00628662109375 -0.183151245117188
0.078704833984375 -0.412139892578125 0.0618324279785156 0.0204696655273437
0.012908935546875 -0.39947509765625 0.01959228515625 -0.108016967773438
0.000350952148437503 -0.2794189453125 -0.231826782226563 0.270263671875
-0.00299072265625 -0.32464599609375 0.087432861328125 0.3746337890625
-0.0938720703125 -0.293365478515625 0.186279296875 0.148361206054687
-0.226806640625 -0.2373046875 0.072235107421875 0.0283737182617187
-0.280303955078125 -0.0821228027343751 0.0208053588867187 0.078857421875
-0.261871337890625 0.0393218994140625 0.0304031372070312 0.0954360961914063
-0.261093139648438 0.0361480712890625 0.0343284606933594 0.0653533935546875
-0.254470825195313 0.0654144287109375 -0.00126647949218752 0.0507621765136719
-0.247604370117188 -0.03106689453125 -0.0414848327636719 0.0011138916015625
-0.240966796875 -0.145736694335938 -0.0998153686523438 -0.0875778198242188
-0.176910400390625 -0.24139404296875 -0.0987396240234375 -0.14434814453125
-0.014892578125 -0.328155517578125 -0.046173095703125 -0.230316162109375
0.0338134765625 -0.270172119140625 0.0390625 -0.273406982421875
0.02642822265625 -0.37469482421875 0.128013610839844 -0.0903778076171875
-0.08819580078125 -0.303924560546875 0.042724609375 -0.210403442382813
-0.047271728515625 -0.165145874023438 -0.148178100585938 0.192001342773438
0.0175018310546875 -0.231903076171875 0.1380615234375 0.288909912109375
-0.06890869140625 -0.2552490234375 0.207366943359375 0.119522094726562
-0.227325439453125 -0.21282958984375 0.138343811035156 0.04888916015625
-0.2877197265625 -0.04608154296875 0.134567260742187 0.0696487426757813
-0.247833251953125 0.0702362060546875 0.128997802734375 0.0444564819335938
-0.2449951171875 0.0578460693359375 0.107643127441406 0.0161361694335938
-0.239227294921875 0.0805206298828125 0.072479248046875 0.00301361083984375
-0.235641479492188 -0.0251922607421875 0.0455970764160156 -0.0213050842285156
-0.212615966796875 -0.155517578125 -0.017425537109375 -0.0877151489257813
-0.107864379882813 -0.245773315429687 -0.036468505859375 -0.144973754882813
0.054962158203125 -0.255233764648438 0.00692749023437503 -0.249603271484375
0.043243408203125 -0.1649169921875 0.10760498046875 -0.34698486328125
-0.041717529296875 -0.28424072265625 0.19171142578125 -0.179641723632813
-0.1510009765625 -0.144393920898438 0.0453033447265625 -0.279388427734375
-0.0468368530273437 -0.0225563049316406 -0.0768890380859375 0.111351013183594
0.0650787353515625 -0.125930786132813 0.154098510742188 0.194305419921875
-0.0265350341796875 -0.191848754882813 0.199005126953125 0.0938873291015625
-0.186141967773438 -0.155838012695312 0.188690185546875 0.0661773681640625
-0.23870849609375 -0.00418090820312499 0.228591918945313 0.0467529296875
-0.18792724609375 0.08477783203125 0.2071533203125 -0.0146484375
-0.1915283203125 0.07061767578125 0.164642333984375 -0.03472900390625
-0.19403076171875 0.0854034423828125 0.134788513183594 -0.041168212890625
-0.198013305664063 -0.01446533203125 0.11981201171875 -0.035369873046875
-0.158706665039062 -0.141448974609375 0.0580215454101562 -0.067047119140625
-0.0274658203125 -0.204025268554688 0.0170364379882812 -0.121971130371094
0.0947723388671875 -0.12738037109375 0.055816650390625 -0.251937866210938
0.0107517242431641 -0.0332756042480469 0.190826416015625 -0.390228271484375
-0.125228881835937 -0.16796875 0.239898681640625 -0.23565673828125
-0.172607421875 0.035125732421875 0.033111572265625 -0.302001953125
-0.0226669311523438 0.103904724121094 -0.0306587219238281 0.0508995056152344
0.10693359375 -0.0253524780273437 0.141616821289063 0.12628173828125
0.0165328979492187 -0.112602233886719 0.183517456054688 0.0869903564453125
-0.113945007324219 -0.0842132568359375 0.224380493164063 0.079071044921875
-0.147979736328125 0.0281829833984375 0.287689208984375 0.017578125
-0.0987777709960938 0.0792922973632813 0.249908447265625 -0.0695037841796875
-0.110305786132813 0.07159423828125 0.197402954101563 -0.0793304443359375
-0.125190734863281 0.0823898315429688 0.179794311523437 -0.079071044921875
-0.141891479492188 0.00550842285156247 0.176422119140625 -0.0410614013671875
-0.0963287353515625 -0.101882934570313 0.111915588378906 -0.0341949462890625
0.033935546875 -0.122406005859375 0.0441818237304688 -0.0900650024414063
0.0798416137695313 0.0190811157226562 0.0879058837890625 -0.25384521484375
-0.0632171630859375 0.0857162475585938 0.26910400390625 -0.410430908203125
-0.20684814453125 -0.0483856201171875 0.260391235351563 -0.256912231445313
0.261795043945313 -0.120864868164062 -0.2236328125 0.211990356445313
0.122116088867188 -0.160964965820313 -0.329315185546875 0.402923583984375
-0.0283126831054687 -0.126731872558594 -0.0724639892578125 0.275283813476563
-0.0553627014160156 0.0044097900390625 -0.024810791015625 0.0727157592773438
0.0404891967773438 0.0355415344238281 -0.1214599609375 -0.0158538818359375
0.0843124389648438 -0.0474166870117187 -0.204437255859375 0.0335540771484375
0.0191116333007813 -0.0802688598632813 -0.197509765625 0.109573364257812
0.00601577758789063 -0.066558837890625 -0.181884765625 0.109786987304687
0.00669097900390625 -0.0676994323730469 -0.225357055664063 0.103652954101563
0.0332374572753906 -0.043060302734375 -0.279647827148437 0.02459716796875
0.0252056121826172 0.0150146484375 -0.25469970703125 -0.0504150390625
-0.0680427551269531 0.0387916564941406 -0.18212890625 -0.075897216796875
-0.112037658691406 -0.0825424194335937 -0.124465942382812 -0.115135192871094
-0.027923583984375 -0.180267333984375 -0.0419845581054688 -0.032257080078125
0.145614624023438 -0.18243408203125 -0.0802001953125 0.260604858398438
0.262313842773438 -0.232955932617188 -0.167617797851562 0.166229248046875
0.163864135742188 -0.232772827148438 -0.35955810546875 0.38629150390625
0.0164947509765625 -0.240493774414063 -0.067962646484375 0.328582763671875
-0.0597381591796875 -0.109931945800781 0.0118179321289062 0.0904693603515625
-0.0281562805175781 -0.0522499084472656 -0.109886169433594 -0.0279006958007813
-0.00811767578125 -0.0733718872070312 -0.2054443359375 0.044036865234375
-0.0691795349121094 -0.0621566772460937 -0.184722900390625 0.131195068359375
-0.0893402099609375 -0.0469512939453125 -0.156478881835938 0.12530517578125
-0.09130859375 -0.032623291015625 -0.196975708007813 0.122146606445312
-0.070159912109375 -0.0452041625976562 -0.256118774414063 0.04327392578125
-0.0722274780273438 -0.037628173828125 -0.25042724609375 -0.0482177734375
-0.125267028808594 -0.045623779296875 -0.180557250976563 -0.0848541259765625
-0.115478515625 -0.177658081054688 -0.114410400390625 -0.120460510253906
-0.030181884765625 -0.255081176757812 -0.0408134460449219 -0.0433425903320313
0.131683349609375 -0.303680419921875 -0.044464111328125 0.210769653320312
0.214263916015625 -0.333587646484375 -0.0949783325195313 0.0955429077148437
0.14678955078125 -0.29119873046875 -0.34869384765625 0.361541748046875
0.028900146484375 -0.323760986328125 -0.039276123046875 0.381622314453125
-0.069091796875 -0.212997436523437 0.0663375854492188 0.125808715820313
-0.1029052734375 -0.143524169921875 -0.0685958862304688 -0.0177040100097656
-0.112968444824219 -0.0943984985351562 -0.165512084960938 0.060394287109375
-0.15460205078125 -0.0337677001953125 -0.139442443847656 0.138679504394531
-0.1722412109375 -0.0202178955078125 -0.10614013671875 0.123115539550781
-0.172409057617187 0.00672912597656253 -0.142868041992187 0.117156982421875
-0.157623291015625 -0.0396270751953125 -0.20074462890625 0.043731689453125
-0.16058349609375 -0.0807952880859375 -0.22296142578125 -0.0546875
-0.176254272460938 -0.125579833984375 -0.170791625976562 -0.101043701171875
-0.108108520507813 -0.26318359375 -0.103683471679688 -0.14752197265625
-0.01922607421875 -0.30322265625 -0.0293655395507813 -0.0960159301757813
0.106170654296875 -0.380218505859375 0.00432586669921875 0.123908996582031
0.11712646484375 -0.398284912109375 -0.0284290313720703 0.00188446044921873
0.076690673828125 -0.314605712890625 -0.2977294921875 0.323577880859375
0.00738525390625004 -0.353912353515625 0.0185546875 0.40130615234375
-0.0873260498046875 -0.276504516601563 0.129714965820313 0.14947509765625
-0.176284790039063 -0.20831298828125 -0.00387048721313478 0.00533390045166014
-0.21038818359375 -0.09735107421875 -0.0854873657226563 0.0749893188476563
-0.222030639648438 0.00389099121093754 -0.0641098022460938 0.12701416015625
-0.22943115234375 0.0115203857421875 -0.03948974609375 0.102272033691406
-0.225112915039062 0.04229736328125 -0.072967529296875 0.0907974243164062
-0.2159423828125 -0.0322723388671875 -0.125114440917969 0.0253219604492187
-0.220184326171875 -0.113128662109375 -0.170989990234375 -0.069793701171875
-0.199111938476563 -0.190475463867187 -0.143280029296875 -0.121673583984375
-0.077728271484375 -0.317291259765625 -0.0825958251953125 -0.18463134765625
0.00418090820312497 -0.3111572265625 -0.00674438476562499 -0.176864624023438
0.069061279296875 -0.40045166015625 0.062469482421875 0.0169143676757812
0.00497436523437501 -0.38751220703125 0.017120361328125 -0.10626220703125
-0.00398254394531251 -0.269638061523438 -0.224197387695313 0.2666015625
-0.00857543945312497 -0.315093994140625 0.0880126953125 0.363555908203125
-0.0921630859375 -0.2838134765625 0.180450439453125 0.142822265625
-0.223068237304688 -0.227096557617188 0.06939697265625 0.0283470153808594
-0.27264404296875 -0.0764923095703125 0.0216522216796875 0.0784988403320313
-0.25421142578125 0.04327392578125 0.0308685302734375 0.094451904296875
-0.251968383789063 0.0407562255859375 0.0350494384765625 0.0646820068359375
-0.243759155273437 0.0685882568359375 0.000961303710937485 0.0498313903808594
-0.238677978515625 -0.026947021484375 -0.0395660400390625 -0.000102996826171885
-0.235122680664063 -0.137802124023437 -0.0995101928710938 -0.084381103515625
-0.174545288085938 -0.232345581054688 -0.0954513549804688 -0.138885498046875
-0.01953125 -0.317291259765625 -0.0447845458984375 -0.219451904296875
0.032257080078125 -0.26263427734375 0.0358123779296875 -0.264419555664062
0.018218994140625 -0.36224365234375 0.125625610351563 -0.0902328491210938
-0.091064453125 -0.292205810546875 0.0374298095703125 -0.20587158203125
-0.0486297607421875 -0.157974243164062 -0.14288330078125 0.189407348632813
0.013031005859375 -0.225845336914063 0.136245727539063 0.280303955078125
-0.0681610107421875 -0.247955322265625 0.199600219726563 0.11444091796875
-0.224136352539063 -0.202560424804687 0.134010314941406 0.0474319458007812
-0.279312133789063 -0.0391998291015624 0.132171630859375 0.0671005249023438
-0.239288330078125 0.0736083984375001 0.125389099121094 0.04315185546875
-0.2364501953125 0.0620269775390625 0.104026794433594 0.0166778564453125
-0.228897094726563 0.0826568603515625 0.0706253051757812 0.00296783447265626
-0.2269287109375 -0.0209197998046875 0.0433921813964844 -0.0237693786621094
-0.207763671875 -0.147781372070312 -0.0186080932617188 -0.08502197265625
-0.108261108398438 -0.23748779296875 -0.03448486328125 -0.139236450195313
0.0496826171875 -0.2479248046875 0.00631713867187499 -0.237884521484375
0.042266845703125 -0.1610107421875 0.1007080078125 -0.33660888671875
-0.04638671875 -0.274185180664063 0.185760498046875 -0.177108764648438
-0.149307250976563 -0.136138916015625 0.03790283203125 -0.271560668945313
-0.0468292236328125 -0.0205001831054687 -0.0746078491210937 0.110023498535156
0.0599746704101563 -0.123710632324219 0.14990234375 0.187957763671875
-0.02728271484375 -0.186920166015625 0.191543579101563 0.090118408203125
-0.184112548828125 -0.147857666015625 0.184234619140625 0.0638427734375
-0.231185913085937 0.00108337402343751 0.224472045898438 0.0423736572265625
-0.1805419921875 0.086456298828125 0.199874877929688 -0.01556396484375
-0.184127807617187 0.072906494140625 0.15789794921875 -0.033294677734375
-0.184707641601563 0.0866851806640625 0.129020690917969 -0.04119873046875
-0.190338134765625 -0.0103912353515625 0.115737915039062 -0.0380020141601563
-0.155776977539062 -0.13470458984375 0.0555191040039062 -0.0671310424804688
-0.0297698974609375 -0.198394775390625 0.0175933837890625 -0.116935729980469
0.0908126831054688 -0.124252319335937 0.05303955078125 -0.240142822265625
0.0126953125 -0.0332813262939453 0.17926025390625 -0.3798828125
-0.126007080078125 -0.160354614257813 0.231826782226563 -0.23004150390625
-0.167007446289062 0.038238525390625 0.026214599609375 -0.29217529296875
-0.0205612182617187 0.101905822753906 -0.0308036804199219 0.0508766174316406
0.102088928222656 -0.0268402099609375 0.136604309082031 0.121574401855469
0.0150909423828125 -0.110298156738281 0.1773681640625 0.0836029052734375
-0.112663269042969 -0.0781097412109375 0.219070434570312 0.07562255859375
-0.142547607421875 0.0318603515625 0.28118896484375 0.012481689453125
-0.0938796997070313 0.0788726806640625 0.240890502929687 -0.069915771484375
-0.105003356933594 0.07232666015625 0.188430786132813 -0.0780487060546875
-0.118148803710937 0.083526611328125 0.171524047851563 -0.0790252685546875
-0.13653564453125 0.00851440429687498 0.170608520507813 -0.044921875
-0.0954818725585938 -0.0975494384765625 0.108833312988281 -0.0355453491210938
0.0310821533203125 -0.120002746582031 0.0441207885742188 -0.0860595703125
0.07855224609375 0.0177993774414063 0.0842132568359375 -0.242416381835938
-0.0577011108398438 0.083465576171875 0.255950927734375 -0.400848388671875
-0.203506469726563 -0.0435791015625 0.251602172851563 -0.25
0.259048461914063 -0.121170043945313 -0.221786499023438 0.208175659179687
0.12078857421875 -0.159759521484375 -0.32562255859375 0.39617919921875
-0.0279541015625 -0.124847412109375 -0.072998046875 0.270584106445313
-0.053497314453125 0.00646209716796874 -0.0264663696289063 0.0708084106445313
0.0414657592773438 0.0345649719238281 -0.122398376464844 -0.0140228271484375
0.0822982788085938 -0.0503387451171875 -0.20257568359375 0.03790283203125
0.01708984375 -0.0802459716796875 -0.19354248046875 0.11151123046875
0.00479888916015625 -0.0662612915039063 -0.1776123046875 0.10791015625
0.00452804565429687 -0.0682144165039063 -0.220733642578125 0.100753784179687
0.0322914123535156 -0.0443191528320313 -0.276748657226563 0.0241394042968749
0.0258388519287109 0.0133399963378906 -0.254013061523438 -0.049346923828125
-0.066558837890625 0.0397796630859375 -0.178787231445313 -0.0761871337890625
-0.111228942871094 -0.081268310546875 -0.121971130371094 -0.11370849609375
-0.0277099609375 -0.1776123046875 -0.0399436950683594 -0.0315628051757813
0.144485473632813 -0.18292236328125 -0.0768890380859375 0.255844116210938
0.259552001953125 -0.23248291015625 -0.165771484375 0.161178588867188
0.162933349609375 -0.229949951171875 -0.354339599609375 0.380859375
0.01556396484375 -0.23736572265625 -0.068328857421875 0.32537841796875
-0.0571365356445312 -0.107032775878906 0.0101089477539062 0.0882644653320313
-0.0257225036621094 -0.0517387390136719 -0.110847473144531 -0.0272369384765625
-0.00882720947265625 -0.075714111328125 -0.203460693359375 0.0484619140625
-0.0695838928222656 -0.0623512268066406 -0.180755615234375 0.132583618164063
-0.0886154174804687 -0.0456390380859375 -0.15264892578125 0.12371826171875
-0.0920944213867187 -0.0323410034179687 -0.1925048828125 0.1199951171875
-0.0691795349121094 -0.0462799072265625 -0.251953125 0.0429077148437501
-0.0714035034179688 -0.0383834838867188 -0.250473022460938 -0.0475616455078125
-0.123336791992188 -0.0442428588867187 -0.177780151367187 -0.0847930908203125
-0.115676879882813 -0.174713134765625 -0.111480712890625 -0.118461608886719
-0.0286102294921875 -0.25152587890625 -0.03857421875 -0.042266845703125
0.128753662109375 -0.30267333984375 -0.0417022705078125 0.205474853515625
0.2095947265625 -0.3311767578125 -0.09490966796875 0.0917816162109375
0.144622802734375 -0.28759765625 -0.344879150390625 0.358673095703125
0.0272216796875 -0.319488525390625 -0.039215087890625 0.379150390625
-0.0666656494140625 -0.20977783203125 0.0645217895507813 0.123504638671875
-0.101287841796875 -0.141647338867188 -0.0703125 -0.0169601440429688
-0.11181640625 -0.09552001953125 -0.164474487304687 0.0637664794921875
-0.154129028320313 -0.033660888671875 -0.136337280273438 0.14031982421875
-0.17010498046875 -0.01849365234375 -0.102836608886719 0.122039794921875
-0.171493530273438 0.00689697265624998 -0.138114929199219 0.115577697753906
-0.155288696289063 -0.0406494140625 -0.197952270507813 0.0425262451171875
-0.158905029296875 -0.0798797607421875 -0.222625732421875 -0.05352783203125
-0.174026489257813 -0.123306274414063 -0.167526245117187 -0.100204467773438
-0.107757568359375 -0.258941650390625 -0.100418090820313 -0.144393920898438
-0.017822265625 -0.300018310546875 -0.0276031494140625 -0.0943756103515625
0.10333251953125 -0.376983642578125 0.0065155029296875 0.120597839355469
0.114288330078125 -0.393280029296875 -0.0288333892822266 -0.000745773315429718
0.07476806640625 -0.310546875 -0.29571533203125 0.32000732421875
0.00521850585937499 -0.350189208984375 0.0181884765625 0.3992919921875
-0.0843505859375 -0.273468017578125 0.1273193359375 0.147994995117187
-0.174118041992188 -0.205078125 -0.00612926483154298 0.00594091415405272
-0.20831298828125 -0.0972442626953125 -0.0845870971679688 0.07696533203125
-0.220672607421875 0.00497436523437497 -0.0621337890625 0.129013061523438
-0.226806640625 0.013397216796875 -0.0373153686523438 0.102348327636719
-0.221694946289062 0.0431365966796875 -0.0697174072265625 0.0902481079101562
-0.212692260742188 -0.0328369140625 -0.123283386230469 0.024658203125
-0.217605590820312 -0.11175537109375 -0.1712646484375 -0.0690460205078125
-0.196975708007812 -0.188079833984375 -0.1396484375 -0.120574951171875
-0.078582763671875 -0.31298828125 -0.0792236328125 -0.180084228515625
0.00640869140625002 -0.30755615234375 -0.00520324707031248 -0.174041748046875
0.0665283203125 -0.39764404296875 0.0640449523925781 0.0152626037597656
0.00244140624999997 -0.3834228515625 0.0157318115234375 -0.108001708984375
-0.00561523437500003 -0.265823364257812 -0.22198486328125 0.26409912109375
-0.010986328125 -0.31121826171875 0.087127685546875 0.360992431640625
-0.090850830078125 -0.28173828125 0.177322387695313 0.141998291015625
-0.221054077148437 -0.222640991210938 0.0671157836914062 0.0288505554199219
-0.269866943359375 -0.0750885009765625 0.0224838256835937 0.0794677734375
-0.251617431640625 0.044891357421875 0.03118896484375 0.0956573486328125
-0.249099731445313 0.0432586669921876 0.0354499816894531 0.0656547546386719
-0.239120483398437 0.0696563720703125 0.00261688232421873 0.0501441955566406
-0.234573364257813 -0.0269622802734375 -0.0392227172851563 -0.00219345092773438
-0.232757568359375 -0.135238647460937 -0.0998916625976563 -0.0832290649414063
-0.173309326171875 -0.229522705078125 -0.0918350219726563 -0.137786865234375
-0.02069091796875 -0.312591552734375 -0.04071044921875 -0.2142333984375
0.0325775146484375 -0.260482788085938 0.0357818603515625 -0.260086059570313
0.016265869140625 -0.358734130859375 0.126220703125 -0.0902786254882813
-0.09283447265625 -0.288177490234375 0.0347747802734375 -0.204986572265625
-0.049163818359375 -0.155044555664063 -0.142959594726563 0.188522338867187
0.0106964111328125 -0.223297119140625 0.133743286132812 0.278564453125
-0.0671539306640625 -0.246047973632813 0.195846557617188 0.114700317382812
-0.22314453125 -0.198318481445312 0.131828308105469 0.0479965209960937
-0.276611328125 -0.0370330810546875 0.132118225097656 0.0669708251953125
-0.235580444335938 0.0755462646484375 0.123779296875 0.0449371337890625
-0.232513427734375 0.0642547607421875 0.103012084960938 0.0187301635742188
-0.223495483398438 0.0838165283203125 0.070404052734375 0.00376892089843751
-0.223007202148437 -0.02008056640625 0.0426063537597656 -0.0261383056640625
-0.205657958984375 -0.144195556640625 -0.0195693969726563 -0.0850067138671875
-0.107757568359375 -0.23492431640625 -0.0319595336914063 -0.137649536132813
0.0487518310546875 -0.24481201171875 0.00938415527343751 -0.231521606445313
0.044036865234375 -0.160003662109375 0.09918212890625 -0.330780029296875
-0.0491485595703125 -0.269775390625 0.185623168945313 -0.174697875976563
-0.14935302734375 -0.133758544921875 0.0350799560546875 -0.268325805664062
-0.0466079711914063 -0.0179901123046875 -0.0753021240234375 0.11029052734375
0.05804443359375 -0.122673034667969 0.147552490234375 0.187271118164063
-0.027252197265625 -0.186172485351562 0.188064575195313 0.091583251953125
-0.1829833984375 -0.143661499023438 0.182754516601563 0.0647125244140625
-0.228378295898437 0.00372314453124996 0.22320556640625 0.041107177734375
-0.17791748046875 0.087921142578125 0.19683837890625 -0.014495849609375
-0.181243896484375 0.0751800537109375 0.154693603515625 -0.0313720703125
-0.179763793945312 0.0880126953125 0.126312255859375 -0.0404739379882812
-0.187347412109375 -0.00901794433593747 0.113784790039062 -0.041015625
-0.155303955078125 -0.132217407226563 0.0550613403320313 -0.0673942565917969
-0.030609130859375 -0.197097778320313 0.0198440551757812 -0.114982604980469
0.08984375 -0.123565673828125 0.0556182861328125 -0.233062744140625
0.0146255493164062 -0.0335979461669922 0.177581787109375 -0.3743896484375
-0.126846313476563 -0.156524658203125 0.231674194335938 -0.226608276367188
-0.1656494140625 0.03948974609375 0.02301025390625 -0.28826904296875
-0.02001953125 0.102371215820313 -0.0306739807128906 0.0517387390136719
0.100257873535156 -0.0277175903320312 0.133773803710938 0.121269226074219
0.0143890380859375 -0.110145568847656 0.17315673828125 0.0851287841796875
-0.112876892089844 -0.0751266479492187 0.218505859375 0.0754547119140625
-0.140609741210937 0.0337677001953125 0.279586791992188 0.0104827880859375
-0.0912094116210938 0.0799789428710937 0.236419677734375 -0.0688629150390625
-0.103523254394531 0.073028564453125 0.184341430664063 -0.0755157470703125
-0.114128112792969 0.0843048095703125 0.167755126953125 -0.078155517578125
-0.1341552734375 0.00965881347656248 0.168289184570313 -0.0476837158203125
-0.0955581665039063 -0.0969390869140625 0.109306335449219 -0.036712646484375
0.0291976928710938 -0.119766235351563 0.0452423095703125 -0.0835113525390625
0.0789337158203125 0.0167388916015625 0.0857391357421875 -0.235733032226563
-0.0555419921875 0.0811691284179688 0.25103759765625 -0.39404296875
-0.203521728515625 -0.040924072265625 0.250350952148438 -0.24407958984375
0.259292602539063 -0.127243041992188 -0.222579956054687 0.21044921875
0.120223999023437 -0.1627197265625 -0.325042724609375 0.40252685546875
-0.029815673828125 -0.124931335449219 -0.0724029541015625 0.272735595703125
-0.0524978637695313 0.00928878784179689 -0.0285072326660156 0.070159912109375
0.0438232421875 0.034393310546875 -0.125755310058594 -0.0120925903320312
0.0811691284179688 -0.0549850463867187 -0.203506469726563 0.0446319580078125
0.0149002075195313 -0.0821990966796875 -0.191009521484375 0.116912841796875
0.00383758544921876 -0.0670166015625 -0.1756591796875 0.109954833984375
0.00169754028320312 -0.0693397521972656 -0.21954345703125 0.102035522460938
0.0316810607910156 -0.0468940734863281 -0.278457641601563 0.0274963378906251
0.0266952514648438 0.0116825103759766 -0.25811767578125 -0.0461273193359375
-0.0659408569335937 0.0425300598144531 -0.179718017578125 -0.076507568359375
-0.113296508789063 -0.0803985595703125 -0.123054504394531 -0.114509582519531
-0.02935791015625 -0.1773681640625 -0.0388259887695313 -0.03125
0.143417358398437 -0.188186645507812 -0.072845458984375 0.256011962890625
0.25750732421875 -0.238311767578125 -0.166717529296875 0.162078857421875
0.161483764648438 -0.233673095703125 -0.354522705078125 0.387420654296875
0.0127105712890625 -0.238418579101562 -0.066314697265625 0.328460693359375
-0.0570907592773438 -0.105484008789063 0.009857177734375 0.0876998901367188
-0.0247116088867187 -0.0519752502441406 -0.114944458007812 -0.02587890625
-0.010009765625 -0.0794906616210938 -0.204833984375 0.0548858642578125
-0.071990966796875 -0.0628814697265625 -0.17816162109375 0.138763427734375
-0.0901260375976563 -0.0448379516601562 -0.149276733398437 0.12640380859375
-0.094482421875 -0.0314865112304687 -0.18927001953125 0.121658325195312
-0.07086181640625 -0.0480117797851562 -0.2537841796875 0.045623779296875
-0.071441650390625 -0.0387725830078125 -0.254989624023438 -0.0439910888671875
-0.124351501464844 -0.0419158935546875 -0.178756713867188 -0.08502197265625
-0.118743896484375 -0.174102783203125 -0.112625122070312 -0.118247985839844
-0.0301361083984375 -0.252716064453125 -0.0371665954589844 -0.0419158935546875
0.12603759765625 -0.30804443359375 -0.0381927490234375 0.2054443359375
0.205963134765625 -0.338531494140625 -0.0953521728515625 0.0906143188476562
0.142791748046875 -0.290985107421875 -0.344207763671875 0.36328125
0.022857666015625 -0.321563720703125 -0.037841796875 0.382598876953125
-0.0667572021484375 -0.209381103515625 0.064605712890625 0.123245239257813
-0.102493286132813 -0.140792846679688 -0.0735397338867188 -0.0154647827148438
-0.114067077636719 -0.0980377197265625 -0.164093017578125 0.069366455078125
-0.1566162109375 -0.0319061279296875 -0.133819580078125 0.145538330078125
-0.1712646484375 -0.0152740478515625 -0.0995407104492188 0.124908447265625
-0.172515869140625 0.00997924804687498 -0.134979248046875 0.116859436035156
-0.156097412109375 -0.0413055419921875 -0.198532104492187 0.04400634765625
-0.160186767578125 -0.078460693359375 -0.2274169921875 -0.0508880615234375
-0.176437377929688 -0.121566772460938 -0.16815185546875 -0.10107421875
-0.112442016601563 -0.2586669921875 -0.100051879882813 -0.143508911132813
-0.0191650390625 -0.301788330078125 -0.0263595581054688 -0.0944900512695313
0.09906005859375 -0.383575439453125 0.009490966796875 0.119186401367187
0.10858154296875 -0.39739990234375 -0.0303535461425781 -0.00365638732910158
0.071502685546875 -0.312744140625 -0.296142578125 0.327117919921875
0.000335693359375006 -0.35137939453125 0.02166748046875 0.40399169921875
-0.086517333984375 -0.274337768554688 0.128494262695313 0.1483154296875
-0.177505493164062 -0.203903198242188 -0.00787830352783204 0.00662040710449217
-0.210952758789062 -0.09735107421875 -0.083404541015625 0.0811843872070312
-0.223220825195312 0.00820922851562498 -0.0597610473632813 0.133720397949219
-0.227935791015625 0.018157958984375 -0.0343475341796875 0.105361938476563
-0.2216796875 0.047088623046875 -0.0664138793945313 0.0916671752929687
-0.213546752929688 -0.0327301025390625 -0.123481750488281 0.02459716796875
-0.219680786132813 -0.110076904296875 -0.175338745117187 -0.0668182373046875
-0.200531005859375 -0.187240600585938 -0.140396118164063 -0.121330261230469
-0.08380126953125 -0.313812255859375 -0.07818603515625 -0.178787231445313
0.00393676757812498 -0.309906005859375 -0.00523376464843752 -0.1741943359375
0.059112548828125 -0.401214599609375 0.0664520263671875 0.0131874084472656
-0.00347900390625001 -0.384796142578125 0.0123062133789062 -0.110763549804688
-0.00987243652343752 -0.265884399414063 -0.223358154296875 0.269210815429688
-0.015777587890625 -0.312652587890625 0.091064453125 0.366058349609375
-0.0928955078125 -0.28350830078125 0.17877197265625 0.142486572265625
-0.226089477539062 -0.220458984375 0.0661087036132812 0.028900146484375
-0.272811889648437 -0.0729217529296874 0.0235595703125 0.0811920166015625
-0.2523193359375 0.04949951171875 0.0326614379882812 0.0988845825195313
-0.249160766601563 0.0488433837890625 0.0379219055175781 0.0681495666503906
-0.238174438476563 0.0745849609375 0.00551986694335936 0.0504684448242188
-0.235305786132813 -0.0255584716796875 -0.0397529602050781 -0.00382614135742188
-0.235153198242187 -0.132720947265625 -0.102943420410156 -0.0824203491210938
-0.177261352539063 -0.229629516601562 -0.091583251953125 -0.138671875
-0.025054931640625 -0.3138427734375 -0.0400543212890625 -0.21240234375
0.032379150390625 -0.262863159179688 0.0344696044921875 -0.260772705078125
0.010009765625 -0.36077880859375 0.128311157226563 -0.0929946899414063
-0.09832763671875 -0.288299560546875 0.0305633544921875 -0.207351684570313
-0.052001953125 -0.153274536132812 -0.143112182617187 0.19268798828125
0.00738525390625 -0.224807739257813 0.13763427734375 0.281402587890625
-0.0697174072265625 -0.248489379882813 0.196563720703125 0.115554809570313
-0.22796630859375 -0.195785522460937 0.132980346679688 0.0479736328125
-0.27850341796875 -0.0330352783203125 0.134490966796875 0.0660171508789063
-0.235733032226563 0.080810546875 0.124961853027344 0.0462646484375
-0.23223876953125 0.0704345703125 0.104202270507812 0.0199737548828125
-0.221725463867188 0.088958740234375 0.0718231201171875 0.00396728515625
-0.2236328125 -0.018218994140625 0.0423622131347656 -0.0290336608886719
-0.209060668945313 -0.142547607421875 -0.02142333984375 -0.0856170654296875
-0.111465454101563 -0.235458374023438 -0.03094482421875 -0.138542175292969
0.0455474853515625 -0.2467041015625 0.0101318359375 -0.230194091796875
0.0440826416015625 -0.162521362304688 0.096649169921875 -0.332427978515625
-0.0547027587890625 -0.2691650390625 0.187835693359375 -0.178192138671875
-0.152450561523438 -0.131423950195313 0.0299224853515625 -0.270736694335937
-0.0478363037109375 -0.0162887573242187 -0.0762557983398438 0.114295959472656
0.0563125610351563 -0.124473571777344 0.1502685546875 0.188583374023438
-0.0293426513671875 -0.188751220703125 0.188995361328125 0.09197998046875
-0.1868896484375 -0.140457153320312 0.185028076171875 0.06341552734375
-0.229873657226563 0.00839233398437497 0.2264404296875 0.038055419921875
-0.17657470703125 0.0926055908203125 0.197616577148438 -0.01519775390625
-0.180801391601563 0.07977294921875 0.155044555664062 -0.031219482421875
-0.177886962890625 0.092742919921875 0.126876831054688 -0.0418167114257812
-0.187835693359375 -0.00677490234375001 0.112998962402344 -0.04449462890625
-0.158935546875 -0.131195068359375 0.0545234680175781 -0.06890869140625
-0.03314208984375 -0.1983642578125 0.020843505859375 -0.115287780761719
0.08929443359375 -0.125068664550781 0.056396484375 -0.231369018554687
0.0160675048828125 -0.035369873046875 0.173919677734375 -0.376434326171875
-0.131820678710937 -0.154129028320313 0.233795166015625 -0.229598999023438
-0.165802001953125 0.0420379638671875 0.017974853515625 -0.2890625
-0.0189208984375 0.10467529296875 -0.0316314697265625 0.0539321899414063
0.100105285644531 -0.0294342041015625 0.135139465332031 0.122283935546875
0.0130767822265625 -0.111953735351563 0.1737060546875 0.0864715576171875
-0.115409851074219 -0.072479248046875 0.222442626953125 0.0743865966796875
-0.140579223632813 0.0383758544921875 0.28271484375 0.006011962890625
-0.0901031494140625 0.0830612182617187 0.236404418945313 -0.071441650390625
-0.102943420410156 0.0767440795898437 0.18267822265625 -0.076629638671875
-0.112213134765625 0.0879974365234375 0.166549682617188 -0.08074951171875
-0.134895324707031 0.01202392578125 0.167587280273438 -0.053253173828125
-0.098846435546875 -0.0960464477539062 0.110000610351563 -0.0390777587890625
0.0274810791015625 -0.121917724609375 0.0469970703125 -0.0831527709960938
0.0808868408203125 0.0152664184570312 0.08624267578125 -0.234893798828125
-0.0535964965820312 0.08154296875 0.24847412109375 -0.396728515625
-0.207183837890625 -0.0371551513671875 0.25250244140625 -0.246566772460938
-0.215688421078851 -0.169961428287139 -0.310336430880208 -0.032373327892884
-0.187591450556185 -0.0416982782446701 -0.525191445685802 -0.0717369121308664
-0.0872165557840954 0.0714836130845738 -0.263467347263667 0.0809512956005399
0.0469636819970918 0.0298744974422107 -0.0741473207987085 -0.00835718221643954
0.00479158727433623 -0.0590782886068682 -0.067241920544595 -0.119304096841469
-0.0729614640565094 -0.0267309534910506 -0.129277815985524 -0.146659688356846
-0.0698107452949025 0.0245067302940419 -0.171182869633914 -0.126261680711737
-0.0402301709665082 0.0310896322533536 -0.18106413000243 -0.11335583511157
-0.0435092987512864 0.0382888414591418 -0.176408282109428 -0.157278221663359
-0.0436825327229883 0.00100391269442305 -0.152406112962966 -0.216358195922713
0.00195246829764341 -0.0233162370115341 -0.0871767655623525 -0.262921173278178
0.0871621141452317 0.0344712465387447 -0.00989499235242911 -0.215813633382536
0.0327195297252823 0.143611968411007 0.042625165925316 -0.167334735259151
-0.115022909154032 0.126492227301055 0.020612753674633 -0.0313279383440329
-0.215482544387254 -0.0316221458159592 -0.250889505930441 0.113508917249611
-0.310696732752544 -0.105356859013586 -0.221694519330473 -0.00161569423245916
-0.26756759619426 -0.0300128778410043 -0.520427818514951 -0.0916776635634902
-0.209859045392567 0.0965596326114928 -0.291015624269288 0.139066144301356
-0.0531739930319255 0.113695069919938 -0.0403729907358986 0.0484229345054298
-0.00962874403107537 0.0554145837264937 -0.0331981404180602 -0.125157410141897
-0.0348922995124911 0.0568774135264467 -0.129592617037755 -0.154924320048706
-0.00780350995694485 0.0903203484495406 -0.178266770689947 -0.117752713935376
0.0332626251460487 0.0842613499723129 -0.182774313063462 -0.0893315393524692
0.0421547571533377 0.0973443840502273 -0.177301146652846 -0.131772869098569
0.0188614454508594 0.0816260836306578 -0.143359946017809 -0.196144872944093
0.0298603532075933 0.0831434022489345 -0.0719440886315295 -0.262884630387299
0.0496005598287298 0.13742826437826 0.0143891132401849 -0.214397192085471
-0.0274081312952427 0.213959763823847 0.0588837584003955 -0.152452883558404
-0.171891971664998 0.171566505081196 0.0345811536794839 -0.0273075034946382
-0.301689322963953 0.0429389627975445 -0.190093492770429 0.122709710041919
-0.370114174267918 -0.00196189659259481 -0.10407456818734 0.0219259099057462
-0.303016370340061 0.0229023203081315 -0.483987602062196 -0.0888552611702292
-0.289200843737431 0.131528212963294 -0.311603219753927 0.20987554154479
-0.142238391673314 0.193331711247931 -0.0177244005791771 0.127550088820722
-0.0227924021353729 0.176090067361116 -0.00375337674350951 -0.090201986033946
0.0118867102942311 0.146179985477888 -0.115150296760328 -0.125863296457583
0.0607670109307886 0.148294846656448 -0.162801413127463 -0.0862863641427638
0.102995594976209 0.124866183298516 -0.158465586781896 -0.049673332825832
0.118886351091055 0.138787477336648 -0.146866336412183 -0.0915306274316486
0.0760806127568426 0.145537532668005 -0.107410129164358 -0.158526950091786
0.0586642515045528 0.175960045355306 -0.0392904199845948 -0.244602723793379
0.0120409570696859 0.231223129900676 0.0489796194031213 -0.206942054565324
-0.0900179475056455 0.270979242548388 0.0920015308129503 -0.148561470745493
-0.216911152893432 0.193833099708017 0.0865885079329121 -0.0371290357882403
-0.346268568198162 0.106303086230786 -0.0927277026824505 0.116245074957276
-0.375099009678974 0.120174798507476 0.0289821798343915 0.0182779163164663
-0.278874581547843 0.0999109039002351 -0.4133288761459 -0.0696820648584135
-0.307270963275243 0.168113886477305 -0.290988164761684 0.274051562654851
-0.191045720850023 0.25405313224855 0.00981316723506565 0.201597444436239
-0.0208395761315676 0.276652523101963 0.0240174678725994 -0.0268242421229208
0.0652319271397047 0.216974950791075 -0.0841119508575914 -0.0628034723305673
0.127677556203662 0.186204053998603 -0.121734772120615 -0.0316882320901422
0.159050510442288 0.145674162345379 -0.109656211602756 -0.00211727461631536
0.173941643657035 0.159628298123827 -0.0954679076142735 -0.0453330410848991
0.115818356790878 0.187019621359616 -0.0498254317974614 -0.110015557862298
0.0730141018965279 0.240589253198652 0.00952430339857504 -0.206177650091326
-0.0318122450143206 0.292504023351499 0.0915278219478335 -0.184894147064247
-0.14942838023011 0.29207199102505 0.13550236789945 -0.142970283501343
-0.238346299076558 0.185918404534761 0.163364353207404 -0.0551818642409076
-0.343674682385099 0.149170442622606 0.0256135555504596 0.100127341186124
-0.30846081299595 0.219056743068396 0.152510464613848 -0.0202600099082077
-0.1943313623992 0.143749993936462 -0.320330217990209 -0.0477185457943775
-0.270709417471363 0.164765227198701 -0.226165514934451 0.313259302692695
-0.198156518541518 0.268156103502047 0.0426248393637638 0.243839420492049
-0.00489218912245867 0.323449876452711 0.0482566105587457 0.048473343658885
0.112633704727883 0.246776019360334 -0.0355189400220661 0.0230094414752642
0.175023972200995 0.192711231075504 -0.0581429454469064 0.0352066918935539
0.190255237704901 0.144379480044355 -0.0425331622362467 0.0466146138149762
0.200931314441208 0.158198721561986 -0.0297827162642122 0.00128662706885052
0.131055471901347 0.201783542412847 0.0148629088085197 -0.0548777820060478
0.0629971279238076 0.268030615285785 0.0633427203406169 -0.145694719878696
-0.084714760522819 0.299855344972773 0.132332581233695 -0.139901172686242
-0.194159600593954 0.254662647916503 0.179629226111008 -0.124722539767353
-0.221388205399809 0.141953496196554 0.251898322047852 -0.0663951195931945
-0.287083010650464 0.173251974595572 0.147725977433933 0.0821632078513276
-0.181483494736736 0.254594437155873 0.24112479450588 -0.0792439756702392
-0.0805859923940026 0.116535736446219 -0.222468611386165 -0.0307752371354547
-0.212420959313867 0.103033089386859 -0.144219421808837 0.3069839143852
-0.186068100857087 0.227395068808727 0.0638061229763599 0.249677202797225
0.00837366855305084 0.305611172899225 0.0641422973892506 0.120670045187575
0.135845265621397 0.225836221101831 0.0226668512569033 0.112380506924336
0.188429662346215 0.163742038347887 0.0188566120736727 0.101650852585836
0.191503483283944 0.121907627823378 0.0319770297626245 0.0884994026020023
0.198525782023263 0.136730947108001 0.0379730839108032 0.0433887356603775
0.125244213341421 0.189786985935616 0.0721452800052061 0.00345092427019981
0.0352394314561314 0.254037505027435 0.103909829163302 -0.0668185351641501
-0.134447171160361 0.24716164451825 0.15312832815395 -0.0753596927098743
-0.203402073268892 0.159429110983665 0.211272003756128 -0.0912467791616653
-0.156325934611863 0.0779883645719343 0.337428400125111 -0.0563251174676624
-0.187669936789407 0.183142478679939 0.253732974532392 0.0689237612772556
-0.0254743899340933 0.223834419200244 0.27859600680778 -0.135279261541789
0.0237022951995333 0.0347305464588488 -0.138047537247956 -0.0225071560480689
-0.156002497563912 0.0127312721900637 -0.0787943730760639 0.268536795971071
-0.160846525523767 0.152898341104718 0.0597593626436571 0.23284816277792
0.0152374543633597 0.235239203241173 0.0695491510502749 0.182449688393247
0.127736548200123 0.162754087792293 0.0786595666869448 0.186815957476434
0.163815933256478 0.108893038768359 0.0928567078902587 0.152823219489495
0.162741177931746 0.0825567366010731 0.101425000805126 0.116609271298897
0.172216777873704 0.0983150881214901 0.0977917272448989 0.0788315593577161
0.109219368987014 0.155809614726683 0.114521394805405 0.0574168456714749
0.00667938768001586 0.208567586722051 0.119663860395355 0.0158205678315288
-0.152747594117771 0.156556615435252 0.142517062483011 -0.012224205552615
-0.156774654568586 0.0428238324106311 0.224805827018381 -0.0585408716858718
-0.0478948912016034 0.026961173646484 0.408872154203074 -0.0252447024204554
-0.0620747029074194 0.189422588476826 0.326888021349224 0.0636935712887285
0.123807943189566 0.145672113323802 0.266348717017592 -0.171601808696138
0.10117811256073 -0.0580322061251644 -0.082484601965863 -0.0210030763496802
-0.0997464702585141 -0.0737154830086384 -0.0500435182879576 0.218183024854632
-0.123106668882805 0.0629614301961803 0.0327744526310665 0.218483053949498
0.00884779683933957 0.132381898046755 0.0684149270948667 0.232967051089732
0.0894876233413809 0.0770748874592804 0.122807480223247 0.233895419188233
0.107797711907299 0.0397779775913864 0.150023368001422 0.180285561378583
0.109806474310437 0.0314917011855797 0.155177357055453 0.128197086392376
0.127743284556749 0.0464705527510813 0.145033694777685 0.104709252036456
0.087232616552964 0.103588454886159 0.139620356658003 0.102959273395766
-0.0102114971998666 0.140026418630695 0.110629186688681 0.0844582417939872
-0.124927640427621 0.0557600474587766 0.108491393771448 0.0243322285666911
-0.0591488835291205 -0.0516045712583239 0.232863853484052 -0.0476284525333318
0.077263087792489 0.0125843776000473 0.465319079039813 0.0126707729663461
0.0640955322275634 0.1920009315944 0.358011580744694 0.0570389654232666
-0.222123360201338 -0.159528116795348 -0.309785304296269 -0.0221098706796716
-0.188121179617536 -0.0333995858583342 -0.527523539484224 -0.0504299012814982
-0.0830411131070937 0.0753736616845584 -0.259375112430756 0.0896598603689338
0.0485898810166126 0.0259164271149107 -0.0758885467681162 -0.008125989098523
0.000946542793308731 -0.0604253852281225 -0.0745704405730634 -0.117717692270848
-0.0748526463311707 -0.0213368662192828 -0.137718736574139 -0.138606251211111
-0.0689073538320301 0.0295529484422041 -0.176088822215373 -0.115415551644293
-0.0392968053490181 0.033116561739823 -0.182879908486359 -0.103958446605043
-0.0409699896141111 0.04161860028785 -0.180281295377221 -0.149249597315456
-0.044605394084153 0.00463920497132352 -0.160825808416087 -0.209666323165465
-0.000498302555182559 -0.0228797235984752 -0.0997125443900568 -0.259970066387509
0.0889133716485575 0.0290841144311846 -0.0173337228231517 -0.216870524207789
0.039609532073588 0.142687291446136 0.0366224363795442 -0.169334170322948
-0.109996758433593 0.12990706433447 0.0208356206341891 -0.031415735499824
-0.218091320208884 -0.0203536538747196 -0.244400705820984 0.123229548413707
-0.313546537729067 -0.0903690116489327 -0.219191998901106 0.00438797019598641
-0.267990025484767 -0.0196788051270326 -0.52362201786084 -0.0720671495604015
-0.203400600445108 0.106055793477577 -0.286295856058834 0.149629013074619
-0.0491036905568188 0.113285840657992 -0.0391461046735274 0.048331043270588
-0.0083632818468143 0.0535218029187337 -0.041778674844919 -0.12561340336515
-0.0337965245927157 0.0610815279159489 -0.1372257389997 -0.147651704698208
-0.00455622095615194 0.0924808245457985 -0.183787567292503 -0.106818506886926
0.0365777079799771 0.0826412677897987 -0.184751441414429 -0.0789776449083657
0.047185656235457 0.0953146110519723 -0.180451164158272 -0.122912913854718
0.0212857206738395 0.082294325526898 -0.151364206990763 -0.189537323278806
0.0325221083336378 0.0822548472892357 -0.0852659276080364 -0.260424825424338
0.0554598713479198 0.134330964487013 0.00806945344866901 -0.215744343232372
-0.0175581534439651 0.214480484068937 0.0538483740298823 -0.153848162329914
-0.165342165689331 0.17728787753972 0.0348516754384119 -0.0269650086595384
-0.299970782580177 0.0579694512942523 -0.182442510898708 0.130276760751774
-0.369518513922584 0.0148705499407782 -0.100863501535964 0.0226666395573946
-0.299917490492517 0.0342994666047116 -0.487050323240953 -0.0717110150148744
-0.281043958414821 0.143423420218519 -0.303431582092647 0.221113984174626
-0.135086781478399 0.196995261257987 -0.0135953525325274 0.127756811006731
-0.0166221391318023 0.175727751082136 -0.0103363074624895 -0.0922225916188503
0.0167807766238842 0.147773565852337 -0.122834720878662 -0.119847224072666
0.0666682877236563 0.146776701295081 -0.168004402594273 -0.0748236842939265
0.107604841590213 0.119126952504458 -0.159020530857944 -0.0403833676982513
0.12529614848608 0.133445649127862 -0.148825592681406 -0.0838864110112466
0.080715063470372 0.14399775143444 -0.112854581986844 -0.154431180115525
0.0652947203664186 0.173185922568239 -0.0524230379103456 -0.243577945648918
0.0212474331902236 0.229600538696997 0.0426845929588839 -0.20990863015482
-0.0777532199520671 0.2739707389673 0.0872638002263728 -0.15039624051608
-0.209607985969661 0.201620902438624 0.0857108947615984 -0.038418833212657
-0.341834539727845 0.1232103088098 -0.085655356993014 0.120240563187687
-0.367381013095042 0.136780620062552 0.0311774329184332 0.0131616248424239
-0.271714476129646 0.110102304140272 -0.41761655080817 -0.0552826641780062
-0.297602109375313 0.180421204154173 -0.280715676482031 0.286654531492829
-0.181725338830196 0.260906696751665 0.0173375415731236 0.200307109983828
-0.00889892920423326 0.275184012937651 0.0191567965353987 -0.0302671664796247
0.074282494492488 0.215700698450616 -0.0876738532891203 -0.0588618316706978
0.135371677440449 0.179983656410026 -0.125910383898858 -0.0236157562715102
0.16462757271078 0.136040192002431 -0.109450556495206 0.00601859689531487
0.180560185516549 0.15046785516392 -0.0951319121038736 -0.0392979790476637
0.121909310525559 0.182818403505418 -0.0542096262807062 -0.108712301726503
0.0829466154407098 0.236670034324218 -0.00142321092879924 -0.206778136505499
-0.0193207972993558 0.293617540606595 0.0860704445536204 -0.188688925191653
-0.13683921381986 0.297458899574923 0.130911137507106 -0.145943085890163
-0.23157789042846 0.194656836532172 0.16109640158069 -0.0596567830386278
-0.33641862830098 0.16548295010286 0.0315390920147415 0.099167509007616
-0.29689013177883 0.233215866341441 0.151773152964461 -0.0301372948566202
-0.185414537871053 0.150338718489125 -0.324353688119364 -0.0363598847332173
-0.261423404264555 0.175158295933175 -0.214879972698679 0.322659813585355
-0.188550720649292 0.276352182476803 0.051897689926498 0.241881535567368
0.00967797044981701 0.321175535846847 0.0470008103329775 0.044199243740682
0.122731420542621 0.242205803683263 -0.0360853016530521 0.0245852090162788
0.183427328032767 0.18302085515287 -0.0599459787959656 0.0402192441939644
0.19635510673073 0.133489228417203 -0.0414923317356743 0.0517087703386069
0.207198069041217 0.146533621720908 -0.0283130574588605 0.00425914069020319
0.138493710268783 0.19649186607915 0.0126790107128928 -0.0566899585772031
0.0743598228896633 0.263679800236153 0.0549053038916115 -0.148452881676011
-0.072428873594256 0.303028805571068 0.128416944528917 -0.144643602524609
-0.182342246134155 0.261921558623066 0.175727040018824 -0.127838134850841
-0.216698955159101 0.1508026328909 0.248440140481091 -0.0745596619679263
-0.277967690694801 0.18637954404082 0.153336844963135 0.0760264477747895
-0.168378158663982 0.262964612648275 0.235558405527169 -0.0922982561502503
-0.0731000053677423 0.117379004387284 -0.22707337438038 -0.0227008718006766
-0.206835551721457 0.111913062636012 -0.132763342634516 0.314598050017208
-0.177851284584332 0.235058832521243 0.072639297153382 0.247213607762685
0.023781885443135 0.303067496701895 0.0667200040084108 0.115588041677246
0.145526912493674 0.219457003039639 0.0262198538556025 0.110785748966449
0.196025208492155 0.153642632139584 0.019500879423271 0.1023338434426
0.196976197814929 0.111333110395849 0.0339952097291862 0.0887054685492211
0.204137475953804 0.125672769196217 0.0401838203451028 0.0425698538692475
0.133219687492621 0.184608995309295 0.0730589051189001 -0.00191476254039855
0.0459027315139106 0.25226384818321 0.100079698078554 -0.0717907568832388
-0.123434803095907 0.25306965371805 0.151654239419779 -0.0809108944711519
-0.196013507724395 0.166768560744293 0.207504776062877 -0.0956069341335085
-0.153461634028391 0.0842052832570386 0.332562466525001 -0.0680730842768824
-0.177046342224806 0.190586412596181 0.25776136173737 0.0605022772601913
-0.0143304847780056 0.224745439523233 0.269641246603526 -0.148898414176671
0.0267643165701863 0.0312764299931635 -0.142241952229563 -0.0168778135080221
-0.155849821119779 0.0193923329370706 -0.0686063367927327 0.272525373121121
-0.155254998552856 0.159993389810084 0.0673106119832328 0.231058944679262
0.0266241968969219 0.232708756733983 0.0761958564587568 0.179083763579289
0.135231099970191 0.156240591082385 0.0866771169417534 0.181987098716196
0.169000190775182 0.0996069950899063 0.0964897054293384 0.149729730002047
0.166773521785508 0.0730009729667918 0.103686775414654 0.113265719710745
0.175861236458926 0.0879361494646514 0.100283605355457 0.0742537494064139
0.115605180377969 0.150773981858398 0.117236941184861 0.0506320255731762
0.0160266010743189 0.207812130673909 0.120498376663364 0.0105095549547562
-0.146135682494099 0.16298108456325 0.142507459482668 -0.0161708167778391
-0.155131461129263 0.0487430973038811 0.221923577355977 -0.0641007487990136
-0.0473649351801333 0.0294458416992626 0.405103138465908 -0.041183151772218
-0.0513162658554866 0.191229604827184 0.330427785271912 0.0520298995465522
0.130832199578306 0.140077451420848 0.255169317649128 -0.183825563129085
0.0997896781474665 -0.063423984445789 -0.0864911832091672 -0.0181141615152762
-0.103235433054904 -0.0679248939578991 -0.0417646146396764 0.219989415852314
-0.119774236839633 0.0689361163615359 0.038631145692444 0.216696475191282
0.01628789779477 0.130383690496222 0.0781895484117053 0.229955230872247
0.0934015775314971 0.0719107399170382 0.133531201461344 0.226996211821424
0.109915913821074 0.033167348958334 0.15464871334448 0.172895087432789
0.11177551757002 0.0246553326598665 0.157774016242884 0.121852476584574
0.12961896485703 0.0386593731926001 0.149174638373828 0.0969254709630333
0.0928609253741613 0.0992640947680671 0.144624770787597 0.0944650103170225
-0.00299932734776718 0.140771475899131 0.114610293422361 0.0793351526594886
-0.123351809799345 0.0622474888993074 0.109855533546965 0.0225166074357842
-0.0621991315928879 -0.0490173829514538 0.230451788964279 -0.0524324481180395
0.0773399313406871 0.00992517977909038 0.461961212838586 -0.00347764174540241
0.0745111619761802 0.188676784416784 0.361385917674133 0.0452153065600109
-0.223866738699822 -0.147277375422047 -0.302745997488772 -0.012650251196614
-0.186095701109983 -0.025713630736444 -0.516187167159859 -0.0344558668238684
-0.077635477028259 0.0773924974401702 -0.251901839979568 0.0949844735765593
0.0486833022886266 0.0225400973427141 -0.0757762760947631 -0.00739927959818261
-0.00348822208007763 -0.0603678972068745 -0.0799735321709297 -0.113799422192461
-0.0752046910773237 -0.0155961794351496 -0.141721444838975 -0.130018857047014
-0.0664223457105695 0.033934893104868 -0.175959210330307 -0.103399434692662
-0.0385689993016316 0.034855824351743 -0.180479666912918 -0.0934043165809687
-0.0377497884932991 0.0438501520748409 -0.180119454864492 -0.140617341141881
-0.0445475280760559 0.00861138592991506 -0.164703820932449 -0.20008321749809
-0.0022898039803916 -0.0220791696811311 -0.108507267563774 -0.250869029718536
0.0883276234743857 0.0231027141124116 -0.0227802326876973 -0.212765052786442
0.0445639754023014 0.138590415665735 0.0315083564062497 -0.167998308717851
-0.103338971428767 0.130864310700592 0.0211937188147661 -0.0312589067671662
-0.216078603292111 -0.010448111885431 -0.233430993119177 0.12979262630968
-0.310869121734386 -0.0765349596243175 -0.213504017622047 0.00911484655273975
-0.262218791653405 -0.0108720194460173 -0.516649080915387 -0.0539029249565903
-0.19450640716922 0.111478724308065 -0.275517372936354 0.155447012120206
-0.0449397339343305 0.111278793002626 -0.0379084181918458 0.0473211682170489
-0.00828872004123531 0.051656640441981 -0.0485345108284283 -0.123671243603519
-0.0316543090643922 0.0636159816702033 -0.142433326218257 -0.138701611791654
-0.000750760311468576 0.0928147670594673 -0.183980104442755 -0.0942074780797853
0.0382393194303743 0.0796855727111877 -0.181853876420737 -0.0680882874121687
0.0505129081749486 0.0923242508230832 -0.178131638617884 -0.113768505362403
0.0225725290328884 0.0825007770040488 -0.154819222284858 -0.180407821384674
0.0341990305908052 0.0796130486481656 -0.0949481083517969 -0.251960225383016
0.0589945319450639 0.127659638833497 0.00168553339258009 -0.212910972109878
-0.00946281926175382 0.211217439355622 0.0487135591011873 -0.152127134930093
-0.156733217377669 0.179113590957404 0.0349626062506814 -0.0267285031182956
-0.293264002816506 0.069662004563001 -0.172536125082851 0.13402312129376
-0.360691116605385 0.0286500388826537 -0.0966419539339047 0.0225826636479549
-0.292004542463255 0.0430727024047224 -0.480935048674853 -0.0554048789044993
-0.268790713303972 0.150858243153132 -0.291200757798313 0.228280898308672
-0.127460210222987 0.197396583151795 -0.00910864517742963 0.125086137221757
-0.0111482295206928 0.170921510809318 -0.017848889076674 -0.0922860891769847
0.0211647082509455 0.146268499467292 -0.126801753854104 -0.112446998342714
0.0713248361033796 0.142434523814925 -0.16839391493948 -0.063669679660698
0.109878604456194 0.111685403033341 -0.156341474208537 -0.0306486636843036
0.128125819019855 0.12539071050446 -0.147052402979565 -0.0758628734718109
0.0834847833237399 0.140302828575275 -0.115733482253645 -0.147726014585241
0.0694470230977511 0.167683917593582 -0.0621855299992841 -0.237253386327462
0.0298504494491539 0.223838242925511 0.0362966882454778 -0.208016357531074
-0.0663701679589862 0.270490734393341 0.0818963945121534 -0.14894181215142
-0.19907695700725 0.204853540910606 0.0843658383776156 -0.0397003956194169
-0.330055261200626 0.134326610526081 -0.0779575986241407 0.12077429429349
-0.353389449925844 0.149493932052154 0.031748857355963 0.00870249092698332
-0.261612029429876 0.115576838883699 -0.41220655686467 -0.0416803746389292
-0.284345501104625 0.187603838894436 -0.265496928520468 0.293009128186531
-0.170736205494665 0.262323688965022 0.0240133503740805 0.1961714445612
0.000544542654240774 0.268643508103493 0.0136557878440723 -0.0318721342293007
0.0804025863908932 0.210823144580677 -0.0907277076880743 -0.0545651914865285
0.140398793882301 0.171360524851467 -0.126347853037685 -0.0146706576122838
0.165806251852014 0.126199426103818 -0.106544720817036 0.0128493841451839
0.182671613492258 0.139097910121139 -0.0930272184030029 -0.0336885749823253
0.125551759200582 0.176289901242653 -0.0565855831511637 -0.105466231608926
0.0893885735598495 0.22894360355582 -0.0112348035986611 -0.203447582168487
-0.00823720786950787 0.288181982267232 0.080197177789581 -0.189307899554514
-0.122341836518079 0.296160429575531 0.124904773108431 -0.145046621989832
-0.221403665430281 0.198351924219011 0.157071278462821 -0.0622386844105879
-0.321539276977968 0.175311634857112 0.0368503400043326 0.0962736410534533
-0.279668433540158 0.240595626060548 0.146912389566029 -0.0385815646605634
-0.174405762838924 0.151141268826615 -0.322748158601199 -0.0255810434283054
-0.248268518388919 0.181071909819457 -0.200390251931324 0.325009436841694
-0.177089246549439 0.278678279179474 0.0590329376919069 0.2365190295273
0.021587195666961 0.314040172016519 0.0441821781708405 0.0402762310033643
0.130309205159526 0.234052441089658 -0.0363835148615168 0.0247673233600111
0.187376170624165 0.170946661556538 -0.0601759570099485 0.0446806161618965
0.197574322505729 0.121148799024116 -0.0386825503206617 0.0551385759051184
0.208822046464219 0.133392990695189 -0.0266483071927903 0.00599515378571744
0.142728073450885 0.188226505943622 0.0109160147874181 -0.0571896969302185
0.0824362001321866 0.254980777430048 0.04707252409939 -0.147579418489616
-0.0598235575417574 0.299550701627731 0.12282033001955 -0.146638826633545
-0.169412898163506 0.262811107010597 0.169394747508449 -0.127974624292856
-0.207533961462679 0.155291750771016 0.241297551008988 -0.0793690979886622
-0.263843168726165 0.193181355353155 0.154959127184047 0.0701506388284924
-0.153462168815423 0.265074852698665 0.22556455359097 -0.101281576313717
-0.0649459329352179 0.115129846251533 -0.227230134164887 -0.0146121945186959
-0.198304121373152 0.117229873387455 -0.12058032002522 0.314337121249421
-0.167082596451676 0.239252911323993 0.0786237354011214 0.240171087372184
0.0345611470213603 0.295247236272974 0.0665784588663786 0.110477714041324
0.152767500919044 0.210066225331638 0.0283762446289769 0.106629036371114
0.199116656237826 0.141192778846867 0.0198884713666794 0.102134080997401
0.197519138023843 0.0989633893090399 0.0353952870464347 0.0883609174965548
0.204084458821267 0.112192624169986 0.0408087593290112 0.0405739644729214
0.137423500731211 0.176753815257561 0.0717256059395089 -0.00611828707333824
0.0549392741995486 0.244341278342306 0.0939954380615087 -0.0738144393665836
-0.112602163272207 0.252921726405549 0.147510670856167 -0.083476785460966
-0.186362031506158 0.16998381987267 0.201819062170193 -0.0964435798563849
-0.147758300481083 0.0874492570461678 0.322374697697166 -0.0756853994356233
-0.163798363066314 0.193536078232556 0.257185539405948 0.051286672172308
-0.00350542865734208 0.221625382805123 0.256419070203213 -0.157886523983999
0.0296208548392191 0.027580660609401 -0.144132261054614 -0.0121760223082151
-0.151731260904561 0.0247639972492369 -0.0582565983181825 0.270639644423873
-0.147690654485894 0.16367298072617 0.0722823535789636 0.225031388891254
0.0353404829810575 0.22606810553985 0.0793776047870383 0.172565389517485
0.139796508489263 0.14708608942608 0.0908996490380578 0.174448665080265
0.170520660389128 0.0885639171140864 0.0967127674523102 0.144486226445195
0.166939317058198 0.0632121168354696 0.103695369672054 0.108574902674413
0.175749909999722 0.0772341736752181 0.101050583771052 0.0683230124123266
0.119843134993493 0.143750036053438 0.116954510892451 0.0433659002412693
0.024289055164588 0.202899316117245 0.117422374899663 0.00534638614665997
-0.137704301951124 0.165554585816579 0.140349698908995 -0.0193077451241043
-0.150846349654661 0.0524822315809647 0.215645890818978 -0.0658091414109952
-0.0456585165621434 0.0298365397149626 0.39333874023064 -0.0521725520700993
-0.0405863758154252 0.188347044213914 0.326982815464734 0.0418846950556187
0.133859086533363 0.132811691388724 0.24074421116517 -0.190574707113716
0.0971412476652551 -0.0678021204271915 -0.0883048026489363 -0.0148161792837933
-0.103908241078606 -0.0624332228461261 -0.0342096969694528 0.217779866103148
-0.116225010041907 0.0725129513767158 0.0440091945440986 0.212572694605009
0.0222441441304093 0.126047330007591 0.084261506706268 0.223567713671253
0.0955482608732755 0.065857283687028 0.139035780493783 0.216795988074002
0.110099530139739 0.0261977833149747 0.155777465990092 0.164484117660006
0.111111438359419 0.0187475622347426 0.156771905369731 0.112629995467298
0.128853620171603 0.0314094037632688 0.149051135216147 0.0877029925339254
0.0958550154213288 0.093342792013483 0.146066169401554 0.0850199620074108
0.00341718134020694 0.139158814052011 0.115854883790027 0.0736311705102169
-0.119285365625152 0.066286176406189 0.108680686174821 0.0206841967365952
-0.0637090486012468 -0.0462069823605644 0.2234535898945 -0.0563834923801501
0.076264750550457 0.00730559875796551 0.450845438860843 -0.0190577485611426
0.082402275837644 0.180874801036756 0.35655223088437 0.0342923131467558
-0.262162292888141 -0.061387232314312 -0.274889556833888 0.0765226947131945
-0.185849485605338 0.0436084992931969 -0.483791310817702 0.119916736575222
-0.0444603072330236 0.0999172904324363 -0.208735036883735 0.158833548329
0.0519200038345383 0.00228982484266822 -0.0772785788877086 0.0180509795246723
-0.0258726065607626 -0.0555026441642033 -0.110081990242953 -0.0798726223401931
-0.0751907770576646 0.00973281351533547 -0.173009033145734 -0.0760101092685529
-0.0521136583222269 0.0546094969660823 -0.193228177371926 -0.0374543083042575
-0.025753169263822 0.0447024247162597 -0.192965593542444 -0.0279995722902919
-0.0202259952935618 0.0531662278121978 -0.20784131343158 -0.0746386215782586
-0.0385965346372829 0.0249814930573256 -0.212600278147383 -0.135416102857861
-0.00929953820078666 -0.0190242894328648 -0.178324099123254 -0.195101923398788
0.0887297961040495 -0.00731867096629505 -0.0860545620364919 -0.190396666052927
0.0837687087139023 0.114235326534291 -0.0211534245886623 -0.169023340694744
-0.0558198805049087 0.153724469292938 0.0148202130497286 -0.035410530893124
-0.204672386154802 0.0562352422253792 -0.171286247454856 0.191621257900965
-0.31928028979635 0.0341495577281314 -0.185486279363978 0.0639042389223556
-0.252668120203875 0.0828190186633415 -0.488793591824881 0.0962984192299675
-0.140765452406846 0.169760516879095 -0.211822295515567 0.217234700091357
-0.00344670781744788 0.117213076693559 -0.0266780162653549 0.0502888862127944
0.00576195453485341 0.0484355329141527 -0.0888674927598972 -0.100644670889871
-0.0104110510422444 0.0689316526170057 -0.18008430841584 -0.0827037820396957
0.028428492971778 0.0879106539863013 -0.200707042000833 -0.0270687609130001
0.0578529080614259 0.0614292357075468 -0.187688618442518 -0.00257395753285384
0.075548088500538 0.0683250117363292 -0.198684185450736 -0.048968129200225
0.0463374055468337 0.0719409156830051 -0.199553026901837 -0.121042553806738
0.0558263453579566 0.0630193179302908 -0.169074845177408 -0.201721332579734
0.0941276621619396 0.098628121441331 -0.0634129742421655 -0.200626193190269
0.0568026611982885 0.197398634673406 0.00178178704306327 -0.160357985563237
-0.0904252711997188 0.215267019438935 0.0305062285561118 -0.0348402245064885
-0.251960148311299 0.154145538672004 -0.110692928771844 0.177788143245126
-0.329949139879718 0.151417728360446 -0.0747353264191255 0.0355683209596738
-0.261317117299422 0.142043869392734 -0.460025843885145 0.0819248293398775
-0.19609347264334 0.231953687336957 -0.203953700927553 0.284694104359216
-0.049375915259341 0.225099950635769 0.0211382408246192 0.107654927442932
0.0420062108100208 0.159687209579707 -0.0558086096699291 -0.0833358253230233
0.0642804928517096 0.127800402339053 -0.161255896447212 -0.0634654576641904
0.112058079746158 0.111136894926448 -0.179864774884142 -0.00377714046060372
0.133077307556981 0.0683141823064735 -0.154042895038485 0.0257442535866101
0.156542344132311 0.0739633977911921 -0.158426366380375 -0.0222948533188393
0.120242212668293 0.105814344107166 -0.155591080249637 -0.102959419915934
0.115850946576553 0.132065790057271 -0.137656519180803 -0.198899654429111
0.0967256053658008 0.197142679921614 -0.0301861938941445 -0.209361323811374
0.0219439497177918 0.270104678937057 0.0364943722973275 -0.167215834023773
-0.122244498895172 0.252930237753412 0.0731017249244616 -0.0603606508582443
-0.268852163929491 0.225402860616857 -0.0254824006607368 0.138049602576328
-0.281703317262332 0.260568187327026 0.0355186830511589 -0.0203823626172823
-0.20740046132842 0.19782354176251 -0.396931391175767 0.0740537100700641
-0.197760430196837 0.270858940569477 -0.16117657253263 0.336224243520128
-0.0667834992553895 0.301795769546131 0.0719779241206064 0.160773755434339
0.0852247389919858 0.246246167716712 -0.0121046753805482 -0.0378971905496225
0.139445361421276 0.167695222202708 -0.111910064107358 -0.0198789332521205
0.186277459916925 0.115347206633572 -0.127839707394238 0.0278584661585869
0.188923167426302 0.0636060688698985 -0.0953037264204312 0.0511675319497257
0.210311165459607 0.0680305627012225 -0.0971741024646443 0.000320132688111704
0.170373239936382 0.124914735733602 -0.0893589939491148 -0.0823970690492958
0.153881988971433 0.18198692275658 -0.0810908337265058 -0.18429585354911
0.0817369271779827 0.268814545986102 0.0161495233970738 -0.206025093282941
-0.0220500185893099 0.309782774533747 0.0793659173541354 -0.175795839369213
-0.144121849114132 0.254611084755908 0.133803710666599 -0.102758146482812
-0.248007322432391 0.261408883905375 0.074083770021514 0.081852823647181
-0.181096144862604 0.320579100583167 0.122505768891672 -0.0988951855355874
-0.112453589802587 0.19990189362216 -0.312961032664071 0.0652426739518369
-0.167609484339454 0.253053597452273 -0.0908999703712832 0.349421587515557
-0.0665350557951144 0.319936519322759 0.115862647010264 0.18668139552084
0.11977423834814 0.281287235249704 0.0363883750552007 0.0200362870040846
0.193514732318687 0.174217722306707 -0.0373504056919749 0.0365885400954251
0.231332367920477 0.0986591570197646 -0.0492449473982623 0.0623538456185579
0.21655255366467 0.0481616074639693 -0.0208204072879849 0.068967379486592
0.231601213630553 0.0545214594005435 -0.0239031989149223 0.016265558300045
0.190147722387171 0.129869510666342 -0.0125941317481173 -0.0588969072523657
0.155249243737388 0.208616003075429 -0.0104549734531644 -0.152469402162556
0.0373402193181194 0.295968740971874 0.0699056183831448 -0.179753789737347
-0.0759376562363505 0.293352974098335 0.126256619049223 -0.1722851395748
-0.145979979715017 0.209279694458334 0.20505249826737 -0.142631712546519
-0.188573073480543 0.259634475707855 0.174014892958054 0.0224822144896149
-0.0519049395954259 0.299843581128667 0.170895336930116 -0.178105710764511
-0.0227498977582255 0.128212309447079 -0.222840084221234 0.0525711417221603
-0.141996877686921 0.176391766514532 -0.0160424248556498 0.317467055698501
-0.0711505613417227 0.279810166340207 0.137842398948189 0.186499466412657
0.127220443888691 0.260506287978776 0.0804440926039477 0.0793703302408244
0.206846498669169 0.144801829347519 0.0490773205398937 0.0923740549770535
0.232743055188457 0.0666677973844108 0.0425848525578291 0.089057540913745
0.210216688802713 0.0274254123730577 0.0576524663692157 0.0752050869556766
0.22120792603306 0.0363198254464885 0.048586051712015 0.0268124838684843
0.18158498764817 0.119414118422749 0.058920573789024 -0.0303994399742718
0.127176613358993 0.206740634049642 0.057533563060207 -0.100077654233006
-0.0256648317432483 0.269286898988916 0.112599238029236 -0.127642311345161
-0.119936767115728 0.212859830763312 0.164607643030213 -0.149669304636158
-0.112515077229356 0.127824942757584 0.279286058807701 -0.163744048787418
-0.0954655632210978 0.22925432671348 0.260756710467815 -0.0265517067847372
0.0732324449559421 0.207948222357709 0.178467770463553 -0.233249832935586
0.0363146972338595 0.0134091876809036 -0.142928480024361 0.03650045919619
-0.130725793789031 0.0753677883127609 0.0317682944094256 0.261932090468755
-0.0784988170874218 0.204670651179702 0.130657053742843 0.176861570420265
0.106784352214552 0.19666506421102 0.115684140793163 0.133381201645931
0.176737650543639 0.0919585770600854 0.131716509531646 0.134811795331956
0.189311709205963 0.0278018558847736 0.129181094524724 0.103410089401469
0.171840470100612 0.00417459178757856 0.126137349921884 0.0702101899384954
0.184557683822202 0.0135184522181739 0.111923792419053 0.032678171246239
0.155678775638572 0.0938249233063905 0.116774286190299 0.00105444781698667
0.0873017474393084 0.179054836876306 0.105818177837251 -0.0351196187763637
-0.0762779665157116 0.197254849351097 0.126698949571823 -0.0632773180767639
-0.123849694050704 0.0947618218215863 0.184652508769387 -0.12330493817711
-0.0361547761988646 0.0418609713682181 0.350115214568476 -0.161888376034906
0.0181260804968739 0.187358323835213 0.319826901024323 -0.0577804338007244
0.172442916785822 0.0775522746489646 0.154115782226484 -0.250918021379461
0.0674574767879861 -0.0984869490789491 -0.0896822528940801 0.0215183765349344
-0.116038888599176 -0.0213679353872637 0.0410852209861339 0.208291531012799
-0.0805438406310184 0.109380819958728 0.103757664125435 0.177361802251471
0.0625508713077298 0.10966025413024 0.141615148554273 0.180422458947208
0.110636583229629 0.0316510291421862 0.19423267912601 0.157793748286907
0.113167974761399 -0.0115305747202374 0.192256849721018 0.102798267013263
0.108641879983364 -0.0191007402149095 0.176666031765727 0.0552539817620491
0.127918898051549 -0.0134290120580453 0.162977382417028 0.0341637857934947
0.118469822895316 0.0546801283594702 0.157619670470317 0.0312576932622614
0.0484054543112585 0.127846399675548 0.127686089274149 0.0275975480072283
-0.0900000436313438 0.099624116579177 0.109313173648825 -0.014212327138368
-0.0746287898306224 -0.0229286078134908 0.191501044898256 -0.116635211659311
0.0690399464830417 -0.0174126897373085 0.411398182010201 -0.151089147490451
0.130902829923672 0.143279297577263 0.342242858986299 -0.0741786951719563
-0.259710578081419 -0.0589817494984213 -0.270541343170943 0.0741788282456798
-0.182955983932882 0.0442384934419049 -0.477720713607621 0.116768193306974
-0.0415370950971189 0.098588399478764 -0.206700953138522 0.156821833115078
0.051577678046142 0.00061839401528226 -0.0777121517889062 0.0172583902466335
-0.0279884578470857 -0.0544275369558291 -0.111969881830854 -0.0780068054808349
-0.0741997908067391 0.0125167025853494 -0.172672932025354 -0.072444065038045
-0.0504481381081306 0.0556855157657286 -0.188856360176383 -0.0343949907810564
-0.0257802733403947 0.0461582847392078 -0.187863967567345 -0.026519903855144
-0.0186356026740633 0.0532715742207749 -0.20388039578548 -0.0740164820734588
-0.0383033748727833 0.0272294029343477 -0.21035778640805 -0.132450515420904
-0.0108013611689388 -0.0176327138914152 -0.178250191868459 -0.191182065196883
0.0868399585189001 -0.00940895791359027 -0.0857329705047021 -0.189442103134899
0.0843915207999118 0.113026047089081 -0.0214717862894935 -0.168261450954896
-0.0555974598144941 0.152431785599559 0.0160509375912369 -0.0354894645042329
-0.202294791529654 0.0587365420178578 -0.16698977835834 0.189888307774076
-0.315320534567467 0.0357594232948742 -0.181991187390402 0.0604579099657452
-0.249289742000289 0.0822059626067537 -0.484012546919705 0.0938021944737351
-0.136586260987853 0.167889993063374 -0.207804649327311 0.215260287823779
-0.00338307416782477 0.115251107143791 -0.0273364438910607 0.0492401191567832
0.00347535130147743 0.0483426878482816 -0.0922057159760288 -0.0983077956508936
-0.00977917748839362 0.0696683127578361 -0.180653909211725 -0.079744706547609
0.0296961573549898 0.0879819490011893 -0.196921053687253 -0.0234077024789967
0.0563938062029763 0.0614104569028439 -0.182264926832335 -0.000580983801837268
0.0751211033381776 0.0676043457872764 -0.194941833261942 -0.047742388659717
0.0465517932970997 0.0733667491851263 -0.197617423036857 -0.118832420580891
0.0545111978006949 0.0627337434451747 -0.170061445151662 -0.197012725579752
0.0926796715349794 0.0960924736231127 -0.0627739306541245 -0.20025245136247
0.0569857661059044 0.195324606087348 0.00247873072714754 -0.159210160639595
-0.0895816191480134 0.21316407932215 0.0319939452900718 -0.0344398730281036
-0.248556819669188 0.155656850396898 -0.106909347423758 0.175939725014236
-0.324702926487682 0.151542092258165 -0.0734480513770003 0.0320607685014405
-0.25780043718378 0.139663628131704 -0.456359302721322 0.0818623497104475
-0.191651716326872 0.228740445098835 -0.200726219967006 0.282173313204733
-0.0488868789540563 0.222955921828579 0.0220127740156162 0.105973024166718
0.0400996068727996 0.15755591707488 -0.0592220111807987 -0.0816732434409081
0.0652229330234484 0.12730911966677 -0.161595865750433 -0.0603642032862346
0.11263845522529 0.109565765124371 -0.176607926984526 4.39347535181459E-05
0.130744882533912 0.0666578336719281 -0.149187397574514 0.0284239115008809
0.154957853671342 0.0709624454206965 -0.154904252249027 -0.0215092227074102
0.119845953506316 0.105735580143667 -0.154391179303249 -0.100942554430798
0.114473523041182 0.130490657021019 -0.137905917107467 -0.195165964202627
0.0961803646958928 0.194129350716493 -0.0301804147552147 -0.208567904175665
0.0232679686556455 0.266861570972111 0.0372679039003857 -0.165777764107847
-0.120638972149546 0.251105716997633 0.0744787913876988 -0.0600705582956403
-0.263286524258171 0.226490958150489 -0.0224038965857401 0.136467586061001
-0.274107393922078 0.259877851949564 0.0346266788105369 -0.0230385393542323
-0.204103442063279 0.19412410924266 -0.395007693892412 0.0755296625043958
-0.192724396691426 0.266595527983296 -0.15793356823128 0.335147924358624
-0.0658554136018059 0.299222049221348 0.0718194787564488 0.158762647745712
0.0837568620573264 0.241976494385521 -0.0161824344830657 -0.0366856471855948
0.139362370443799 0.166052301049557 -0.113693652109959 -0.0177004498204714
0.185183166951461 0.111935056729582 -0.125983013832087 0.0324802615703844
0.186354107032376 0.0601046832121783 -0.0914526322211921 0.0533749355832005
0.207047512014647 0.0640433134505724 -0.0941325017276921 0.00120340947143752
0.16999376606357 0.124331038701013 -0.0888476969260383 -0.0808423387030609
0.151609270602676 0.178542036321832 -0.0823343810625046 -0.180527851741552
0.0820655999439424 0.26499124469877 0.0156709375177397 -0.205603998460522
-0.0201548632143518 0.306521312510766 0.0806199635244926 -0.173692116047629
-0.142528780381698 0.251962885982319 0.133751159434958 -0.101176888850301
-0.243520367992426 0.2600007559613 0.0750468114623589 0.0804296647115182
-0.174378601557181 0.318184736088128 0.119393436786033 -0.100634726051697
-0.109863001525641 0.195576826337696 -0.312247084278849 0.0668872311918842
-0.163920616361741 0.249762226900558 -0.0865515703709641 0.347479463634442
-0.0652402328496773 0.317407422749282 0.115844401902172 0.1842856371443
0.118843318175121 0.276610514771281 0.0324921949825736 0.0203306346529158
0.19350433535697 0.170866948365317 -0.0393339597615556 0.0380057089574552
0.229502119448756 0.0940846518166491 -0.0489405343496302 0.0664266547490765
0.213527211361928 0.0439716715684041 -0.0189588245063301 0.0708768516991613
0.227739702556967 0.0499990148465307 -0.0225305348013731 0.0164757481084041
0.188815131646315 0.12800457026576 -0.0133949311243181 -0.0585929846540036
0.154431989679027 0.204871960339139 -0.0121445411843194 -0.149468780633138
0.0378266168771872 0.2922500425557 0.0693332438945535 -0.178770438154621
-0.0736442010205049 0.290582470501378 0.126790485392034 -0.169358819512983
-0.144382104102371 0.206865774548678 0.203403135126321 -0.139274854380146
-0.183639203096279 0.256618058202922 0.174523943695121 0.0212538083229548
-0.0465129763572401 0.296822875428906 0.165549015946415 -0.17774104691855
-0.021802415518718 0.123515047825026 -0.222777142813253 0.0545768688279292
-0.139784465820888 0.174226906908793 -0.0149837471808078 0.315303559709711
-0.0695022466588861 0.278601749183661 0.136592135369709 0.183916671569446
0.127453775323223 0.255600672404664 0.077210896406914 0.078987707574308
0.207268247655492 0.140774557621401 0.0470425758051282 0.0917517217852994
0.229839512714367 0.0619647627199023 0.0419428217607729 0.0923276754873222
0.207438032099164 0.0231807629395789 0.05738505292133 0.0763604089167584
0.217562095353913 0.0316820489512993 0.0481806364603199 0.0259285642110714
0.180547742524873 0.116857000823524 0.0575256368043704 -0.0313771047504915
0.126515442603082 0.203300664665488 0.0556974495158526 -0.0991041568287259
-0.0245718150852442 0.266949438817517 0.112498321638163 -0.127439938658484
-0.117685935776596 0.211505308280617 0.164859114988513 -0.146643065111266
-0.111229961528892 0.125581690496722 0.275467035322777 -0.159954619046211
-0.0917371259975889 0.226211452493763 0.260265372118099 -0.0267711234880103
0.0760252064383642 0.204997708751481 0.172547135903792 -0.231863911260901
0.0362283904211353 0.0103573767333329 -0.143988397857394 0.0387319556386877
-0.128924910207754 0.0753370688394282 0.0332927602079505 0.259411082693535
-0.0769663476915505 0.203911441671994 0.129064814981631 0.174993086773083
0.106682392685064 0.192746088772195 0.112712410113513 0.132456811236961
0.176390156495868 0.088674442516084 0.129359899467934 0.132093604141843
0.187065098928895 0.0230646302258702 0.127094378982867 0.104707144324046
0.169995031235617 0.00041636365605884 0.12449065755044 0.0705735108569149
0.181505502482234 0.00947490473398351 0.110004421700558 0.030811462456409
0.155140959308488 0.0911693222770858 0.114853677594676 -0.00107194341502522
0.087487890538401 0.175952310347348 0.104693490588508 -0.034877783945888
-0.0753250256706852 0.196675234560588 0.126468987482958 -0.0627895660502605
-0.122509855981918 0.0946416940981877 0.183492118038898 -0.119785377950607
-0.0355538600191132 0.0407540099481129 0.344575909898205 -0.160097995308177
0.0197921774020363 0.183504124808419 0.318411607246835 -0.0571903587222327
0.172507967204965 0.0755713757676664 0.147845111071385 -0.248204391061814
0.0664226158865297 -0.100568328760065 -0.0907230643707753 0.0241516542055013
-0.114847029000528 -0.0197080738136621 0.0416989228325778 0.205927762502068
-0.0794369089452277 0.110005227461545 0.102534216297817 0.176348129231722
0.0629834173536896 0.10715137589948 0.140530881563024 0.177885340200946
0.11068048555961 0.0285662997411936 0.191395781229683 0.154591475181299
0.110614716065699 -0.0138074181096729 0.189473784351937 0.102109876153808
0.107038255394947 -0.0219230846956066 0.172783986709912 0.0549214932231444
0.126163091011406 -0.0164456744571906 0.159960141476693 0.0314489033529225
0.118022239698872 0.0524799210966587 0.155589396193455 0.0284585063435485
0.0494938593759783 0.126300943359221 0.127495134495045 0.0272270694157823
-0.0898615567079832 0.100599836556447 0.109364019173835 -0.0126908348240171
-0.0743982328168675 -0.0220865492874175 0.189241488562804 -0.113061368404761
0.0683144233872346 -0.0183877961082712 0.402870588943584 -0.148597510182518
0.131315024792531 0.139246588408105 0.340796954987023 -0.0734394379097775
-0.262540949308488 -0.0583465000850285 -0.271902753710764 0.0725429250475477
-0.184139630358868 0.0456554384743274 -0.482142985705247 0.117003272086732
-0.0400333571824379 0.0985619337564436 -0.208251584701913 0.158545694009968
0.0519370927403762 -0.00120838555926798 -0.0793283703204124 0.0178723096510858
-0.0312703033387568 -0.0541203925050274 -0.116065585376558 -0.0768654752949503
-0.0746470815049283 0.0151482571843432 -0.177215624124405 -0.0701584181162767
-0.049231384025207 0.0584126105540332 -0.189143965638076 -0.0325075384449277
-0.0261735945495693 0.0481855486069869 -0.186255710370506 -0.025785330769832
-0.0185089021764539 0.0544200087623653 -0.204247101642647 -0.0744283669767657
-0.0383143498851572 0.0293837890119312 -0.213393370786152 -0.132088710544088
-0.0120456871122362 -0.0165083054137231 -0.180788823561055 -0.191253516996805
0.0865893952676234 -0.0115986554196434 -0.0865400453452751 -0.192172061585275
0.0863609012318068 0.113660891769188 -0.0224162273605984 -0.171293716534671
-0.0559046908899451 0.154657765813286 0.0175738381552622 -0.036845870782587
-0.203841097069679 0.0622090430172152 -0.166438222792357 0.192823816645715
-0.317635433145339 0.0381501545836744 -0.182281544665597 0.0586145999346667
-0.251234105914158 0.0835539348361989 -0.489285278690432 0.0962595937381526
-0.13590417676356 0.168013515385358 -0.2091976487873 0.218090497220159
-0.00335291229460633 0.115419584010817 -0.0270715288614558 0.0494093499840657
0.0014899291155067 0.0489607410268195 -0.0963297749191799 -0.0975746052772792
-0.00930734853277991 0.0723211694886076 -0.185155564933805 -0.0770955412692874
0.0313299530901781 0.0900491990630228 -0.19686547859217 -0.0201613520552633
0.0567060780382477 0.0625160868556962 -0.179732286966885 0.00104394033094149
0.0758751595083423 0.0676589357066157 -0.194487807021464 -0.0476389900141668
0.0470962197957436 0.0752047858376549 -0.200284162101608 -0.117921951408447
0.05388446803034 0.0636138004911286 -0.172906177266779 -0.197386683929165
0.093114949522596 0.0954271596929395 -0.0641746835433641 -0.203290252362433
0.0589958315490535 0.19666372533754 0.00294966689685313 -0.161401303310672
-0.0896905151869737 0.216390856036204 0.0339869423492456 -0.0351012198016046
-0.249737051629992 0.1605197528864 -0.10595967096892 0.178248225873053
-0.325969077813313 0.155239484972491 -0.0733372517336397 0.0289618456424211
-0.259718804731508 0.140445815140542 -0.461341570307498 0.0835675536031065
-0.192844493509523 0.229963460827336 -0.199816740075262 0.287552226760663
-0.0495143713796791 0.225391400130838 0.0226075400520382 0.106723224151005
0.0389519274541011 0.158644590586663 -0.0637986119638654 -0.0805430885494002
0.0662668738683676 0.129976824619374 -0.166204595732113 -0.0582149357492124
0.115586454022951 0.109785516284062 -0.177061989505419 0.00414578720247055
0.131739368105588 0.066087509787876 -0.146352766464852 0.0310105739608741
0.155618989376312 0.0696250226377581 -0.154186265127627 -0.0206908206170729
0.121504387588892 0.108319548250441 -0.155870099156669 -0.100082353200084
0.115191361810371 0.131299376714962 -0.141284208538101 -0.194515625761054
0.0975601420119473 0.194171151587473 -0.0313097445203493 -0.212678716566754
0.0255661994794519 0.269427200165538 0.0393592213279966 -0.168259305960224
-0.122035045395318 0.253564088746902 0.0765095406669296 -0.0606818092099809
-0.263731754278546 0.230780974586592 -0.0203262623061428 0.137140890580765
-0.273584583301978 0.263956940651465 0.034104757464239 -0.0268689899302293
-0.204854703528533 0.193880462335245 -0.400639569511723 0.077491079641694
-0.193721945144763 0.268544971214992 -0.158018492647519 0.34042153426478
-0.0665199674974893 0.303210832935797 0.0740789848208846 0.160111984501651
0.0848009223064773 0.244246925132873 -0.0205453634305043 -0.0356223176093739
0.142406331732738 0.166701552057439 -0.117236004351164 -0.015458982585501
0.188644589299796 0.110787727452015 -0.125874367374993 0.0373736129359107
0.186682095942394 0.0581820675008169 -0.0889172716179791 0.0566953904437101
0.207670798134266 0.0613884376465036 -0.0930681277718659 0.00208377310204736
0.171654282340274 0.125896510995124 -0.09039059892775 -0.0815559134309045
0.152637963921089 0.179865207488136 -0.0846904427000876 -0.180502764365449
0.0831264679323077 0.266947981770444 0.0154769957539662 -0.209123823949484
-0.0185294344000576 0.309942162563757 0.0832968304882829 -0.175508698783192
-0.143832369046809 0.254702968071425 0.136881465087313 -0.101587105028751
-0.243024757075696 0.264402410641049 0.0787160108008499 0.0804237124462367
-0.170241173262848 0.322048660758014 0.118285389686393 -0.104561920068986
-0.110811176716707 0.194491141833726 -0.317387230404131 0.0699725628419979
-0.164086002520156 0.25157692712861 -0.084695204443396 0.352005746821644
-0.0654625286016343 0.323179135682366 0.118156885572116 0.185702127968893
0.120697914891774 0.278414847439971 0.0295228707149777 0.0218883300151044
0.197342334291572 0.170694401513449 -0.0421353971886188 0.0396875125026823
0.231752978471864 0.0919508035528164 -0.0479576134584661 0.0712961967725535
0.214212130031454 0.0408319920506904 -0.0159419373651306 0.0741820974088269
0.227858891974083 0.0467056824241619 -0.0217721051417702 0.0172997430284878
0.191473260143811 0.128826930555597 -0.0142467244700401 -0.0589933634850036
0.15568068867476 0.204873124728037 -0.0133600908082009 -0.149816934461634
0.039243527610092 0.295503324899165 0.069797027274085 -0.182826755614611
-0.0719148719907542 0.293723100293042 0.130881022801368 -0.169824811557519
-0.145680037612011 0.20903287426062 0.206342362050041 -0.139898783445418
-0.182848880916449 0.260599182713209 0.179171584458287 0.0201006514342134
-0.0416724184582432 0.299916234592804 0.164682497171488 -0.181588463007816
-0.0214533984441859 0.12042810196815 -0.227544824351963 0.0587843007336582
-0.140744166343036 0.176008996311586 -0.0114652680572673 0.319503485682962
-0.0695003546063755 0.283598023119472 0.138103544257829 0.185380691428011
0.129642196554057 0.257424658894832 0.0759486476645263 0.0803396520429483
0.211160395249762 0.139047626907859 0.0452412269373954 0.0929707291355352
0.23247097679669 0.0588542140813894 0.0431721035031332 0.0968771710389321
0.207762304715423 0.0194295406450468 0.058989521907072 0.0789256493905747
0.21810562963374 0.0277451213261707 0.0485639316175545 0.0263202157203461
0.183259637826532 0.116445653715161 0.0570788323239144 -0.0327799781358658
0.129062994936265 0.204215359183978 0.0561272709074665 -0.0999443766276518
-0.0243942843171681 0.270776097872182 0.113760427534143 -0.129524284986997
-0.117876611128818 0.214248654814998 0.168759799868593 -0.14669058287063
-0.112568813998863 0.127039485811074 0.278839497293314 -0.16029215553517
-0.0901524874300732 0.227391267928423 0.264168020947718 -0.0285459333672869
0.0813381886003088 0.20616953362829 0.170068549021126 -0.234609907865473
0.0358709183929593 0.00601283960044245 -0.146888839244307 0.0429964233368087
-0.130152186396617 0.0770195692548794 0.0351763553521211 0.261836037449669
-0.0772875321161958 0.208391107245517 0.130225238125578 0.176023041949979
0.109774756551583 0.19332103551972 0.11208077085904 0.133535639207894
0.179742950685394 0.0857188146045615 0.129444357496947 0.133642390876742
0.18830470385225 0.0200542230396528 0.128047541361973 0.108116333272345
0.170762111529838 -0.00299433537152448 0.124426584533225 0.072095593188193
0.181769251814487 0.00560105620113182 0.110128649258589 0.0296417791515647
0.158132579749336 0.0907501278817917 0.11535314971177 -0.00351744679442022
0.0898590345356188 0.177747638851503 0.10616343216318 -0.0363657558905511
-0.0756761544776149 0.200767025767614 0.127579291354876 -0.063291462501463
-0.123679322062814 0.0964754207623405 0.187138446993481 -0.119078457924098
-0.0366774208381282 0.0398957858852678 0.34678192835654 -0.15973347211836
0.021439811081895 0.183597310410572 0.323519699105731 -0.0585398614465255
0.176814907810379 0.0751736612701953 0.1447981830595 -0.251149457290277
0.0663394490141234 -0.104967916221651 -0.0930901556171101 0.0275789202712338
-0.115889270678552 -0.0181190504824916 0.0424781237886559 0.20703542035736
-0.0792936642350934 0.112761664542444 0.103508159391417 0.178807926054515
0.0649075892898465 0.106423479829665 0.142036325546135 0.178691677079043
0.112835735983459 0.0257996735746793 0.193228877170634 0.154802838216015
0.111199166281273 -0.0161694636265386 0.190938979669694 0.104494492437992
0.108137403660098 -0.0249298567044342 0.172297049829638 0.0556812324416613
0.126397099537661 -0.0200652913084034 0.159580005280338 0.0287435721390804
0.121304629657872 0.0516042498735189 0.156556490100551 0.0249227592589078
0.0525395174093807 0.126925241757757 0.129257839346564 0.0260969356193932
-0.0897210423019791 0.104475171125019 0.110845771090998 -0.0122286189114317
-0.0764958440386485 -0.0209896039852663 0.191634815764289 -0.112559493286747
0.068363015604684 -0.0198076016827427 0.406822323496709 -0.148460225236211
0.13304471269941 0.138478836984722 0.345236829148842 -0.0736561641858011
-0.270406376124906 -0.0528292370010041 -0.274993959732826 0.0772062433894758
-0.186657144895258 0.0508254814425138 -0.488619985530525 0.128270821479159
-0.0366687295963713 0.100440378933102 -0.208180296543011 0.165931025754966
0.0527102793151924 -0.00408993800639855 -0.0809332085840584 0.0200985035195243
-0.0354686683782587 -0.0537715328130317 -0.122142335963632 -0.07363742060976
-0.075959455403087 0.0195626370845173 -0.184184078677628 -0.064603364815447
-0.0474193925190789 0.0623987902379782 -0.191964503296187 -0.0273522680691458
-0.0254095230690319 0.0517354143918631 -0.187026519362957 -0.0229550790594013
-0.0168243039334014 0.0569810405477243 -0.208148544812726 -0.0720571278556048
-0.0387410425436373 0.0329423552127173 -0.220379584128456 -0.128920725713216
-0.0140417123642662 -0.0156719048443054 -0.189645189974268 -0.188748242797909
0.0867379212470667 -0.0159744552269429 -0.092579438016274 -0.195369103755579
0.0921385738924496 0.114085711592106 -0.0271177293210663 -0.175892402533481
-0.0539046873685621 0.15949076783168 0.0182654776953787 -0.0391532783938056
-0.205928518198471 0.070219530533114 -0.162782898799571 0.201178565309566
-0.322737738215955 0.0471975870629692 -0.184277973395585 0.0597951696480045
-0.25491155287612 0.0893773783496979 -0.497337064785513 0.107806453590647
-0.134148764371482 0.173245028777837 -0.208055159229891 0.227954536754972
-0.00110982979311116 0.116533086778069 -0.0263808316610753 0.0505154514016683
-0.000490563531494679 0.0500780581198438 -0.103698555702273 -0.0957989467103259
-0.00793236736419276 0.0760830181090673 -0.192315161559676 -0.0715848188700398
0.0361341501157241 0.0918108252432214 -0.199775034501102 -0.0139849969038704
0.05958027801669 0.0633311598463798 -0.179818603642206 0.00569028557314798
0.0786972325379125 0.066852200450148 -0.197686962383675 -0.0439679250998031
0.0502051835376976 0.0775688073570987 -0.206774863987023 -0.114832733471823
0.0555254238348092 0.0651929244949824 -0.181289301115738 -0.195346863640441
0.0964543871910611 0.0934186690409509 -0.0699680760255546 -0.207436911551339
0.0668510412705985 0.199372206322573 0.000127922890351348 -0.165905467988468
-0.0879617495316588 0.223461559447765 0.0361831998206813 -0.0370833580750121
-0.250271425895775 0.171285368794382 -0.101737339854958 0.184162285633084
-0.32653324515882 0.166444055665648 -0.074229959516591 0.0274593724593663
-0.261880983510084 0.147251040020822 -0.470274661965126 0.0950065645712642
-0.190803882605774 0.237624203614996 -0.196148934725488 0.298255502579264
-0.045367531937441 0.230827248870228 0.0265104731806143 0.10813581791313
0.0416295207127814 0.161037412789911 -0.0699799702494969 -0.0786441910260782
0.0707327205704832 0.13150098358238 -0.173305455646112 -0.0524848720078324
0.121420303198761 0.108685373656245 -0.179122756146215 0.0115925257975559
0.134560546709259 0.0644220058315255 -0.143877043284851 0.0355693449153618
0.158601738933595 0.0661570411521595 -0.155263582130803 -0.0176004712396924
0.126939546935389 0.10846207793454 -0.161798093404785 -0.0979599016297617
0.119139214471586 0.132032105301232 -0.148951781508729 -0.193257189837786
0.103278574169001 0.194961674620411 -0.036734028935092 -0.217244794202977
0.0337414079674087 0.274354436934354 0.0380257270081012 -0.173055276395345
-0.119446106893327 0.261974623798309 0.0792841219327178 -0.0636107531502401
-0.262557955663209 0.243891506424597 -0.0148237684250738 0.140175459373232
-0.269342286674176 0.276340500974243 0.0340840973474426 -0.0314696149162135
-0.205386782023665 0.200037023310053 -0.408186365712112 0.0878086922996949
-0.191169880180319 0.277189699616197 -0.151540247845365 0.351854097477169
-0.060691702682991 0.311738701012577 0.079371221407812 0.161357947155613
0.0904987886952565 0.247423281965826 -0.0239753440981142 -0.0341846504824438
0.149751615353881 0.167016216573704 -0.122721839923 -0.0104991526365334
0.195697176371532 0.106688794848569 -0.126246505433814 0.0445501767403952
0.19070920249427 0.0536855957807785 -0.0856551948418819 0.0615555127232322
0.210782692431224 0.056136212062707 -0.0926747822800515 0.00509223254678952
0.178625906639972 0.125447819902627 -0.0942154441434517 -0.0800216604174866
0.158887344572466 0.180035417533527 -0.0915554837441492 -0.180702874579461
0.0905245220816926 0.270350401907601 0.0106865085640122 -0.215041711108353
-0.0103926809577097 0.316271368855834 0.0834464061511231 -0.180913791723673
-0.14191445900934 0.263373766609017 0.139556138787489 -0.105715389406852
-0.24003872612117 0.276495636287663 0.0845955822603853 0.0792441328676882
-0.160251918386705 0.333478608781338 0.117152360370395 -0.111697505613426
-0.109055027907521 0.196925875214756 -0.323749622236037 0.0808760694813996
-0.162113337960535 0.259384010656156 -0.0765944610458203 0.363947900986943
-0.0594589626491394 0.332316159690173 0.124663769763084 0.187120144309152
0.12943503953535 0.280759249302037 0.027944858900586 0.0234307778958875
0.206340782807245 0.167930340714506 -0.0445643319840889 0.043535924946783
0.238754847116322 0.0851745128650142 -0.046162855914029 0.0782850255505934
0.217141209927983 0.0342567289062392 -0.011954758491701 0.0782609336494436
0.231010259801215 0.0391079321219449 -0.0210431457663495 0.0190935745974523
0.198944614367955 0.126486625488634 -0.0163889448379654 -0.0600403163132392
0.162566181510876 0.20552643514547 -0.0174760439431852 -0.151491047065258
0.0460568735750138 0.300962392169827 0.0670270234722026 -0.188717377052096
-0.0654906723636753 0.301142035992344 0.13226788403976 -0.175777486125713
-0.144795792451828 0.216593306124031 0.20894601548274 -0.145614186612247
-0.178927175696005 0.269962605178922 0.185244423697029 0.0153700320494688
-0.0309835094935618 0.305436883204632 0.160546792383798 -0.190162946540842
-0.0198347604890915 0.119025280106487 -0.232299684420672 0.0684504198740458
-0.139622748174254 0.182868590970519 -0.00275561599015298 0.326315372294509
-0.0654522669868661 0.292982156373531 0.145339788395336 0.18696130949919
0.138190000241003 0.259215531790057 0.076596422859071 0.0811050213034693
0.219754810423158 0.135094207861754 0.0468517774510945 0.0951740802270204
0.237598342364695 0.0515806062676431 0.0468327550870419 0.102007894627144
0.211054507469735 0.0123195484134555 0.0635751867591737 0.0816152551293459
0.22004191617331 0.0199230560489574 0.0490627788101724 0.0254750745210157
0.190852093973609 0.114251636934248 0.0567902715532777 -0.0354688878859214
0.135928024756001 0.204768723768635 0.0547067978173854 -0.103085209602278
-0.0184455418413574 0.277824905601385 0.112959409270413 -0.134989476107655
-0.11433038168502 0.221132558795898 0.171726749129709 -0.15121517506089
-0.113273612239881 0.130691272617028 0.281297471429963 -0.166874018437801
-0.0855292694489254 0.233805186449322 0.271286096810553 -0.036117787471108
0.0908269221403882 0.20662377236353 0.164901419468705 -0.242087717520953
0.0359228048310251 0.00124574860851503 -0.150507611731069 0.0504530346950561
-0.13119113276253 0.0824895519775097 0.0428833127513026 0.265731426972013
-0.0739856452391018 0.216785674063853 0.135599824741187 0.177320491137396
0.116320574093891 0.194308201831943 0.116720594087747 0.134645843463152
0.185831422857624 0.0799773100542363 0.13386052197278 0.133285118935302
0.191730926397693 0.0132335902056169 0.134019879774647 0.110176331437939
0.172485973851053 -0.0106302611675117 0.128621329015399 0.072995209573412
0.183694395627172 -0.00200738009313154 0.11074279133427 0.0270970275421663
0.164689163370163 0.0871899764647693 0.115870560562572 -0.00732506164730132
0.0966051724254319 0.178552599619068 0.107670981046963 -0.0396803274126832
-0.0722265170509669 0.208548899968181 0.129312878482568 -0.0671171191468423
-0.124216641738349 0.101213825481675 0.189622437038392 -0.122959584542972
-0.0375925200284279 0.040553255668756 0.350174705923753 -0.168820055385366
0.0268153752521029 0.185930715031286 0.330724147489767 -0.06737819916286
0.184632855876732 0.0708651288775217 0.138171891164375 -0.258147006613578
0.0642847941363241 -0.112451107865798 -0.0963199413901968 0.0331966430068447
-0.118733797088656 -0.0146573883399562 0.0479569129290196 0.209687868360234
-0.078246295373751 0.118384112571835 0.108290756863563 0.180612349748428
0.0691826668153702 0.106620042299302 0.148416542056709 0.179212626638989
0.116456582386769 0.0203743776261953 0.200441295389384 0.153090404173595
0.112241053866663 -0.021371099956738 0.197493047050035 0.104045367035676
0.109021787137368 -0.0308100115664248 0.174619450471389 0.0546585686556868
0.128429244875832 -0.0261624974711562 0.16033824120193 0.0242920687544534
0.126779695372774 0.0475253955980168 0.158979397303316 0.0194756180451051
0.0577166380617964 0.128461240109829 0.13383880678214 0.0228837225959198
-0.0897074021706695 0.110331080083385 0.113259671279174 -0.0143253217057818
-0.0793092123040418 -0.0190308045637294 0.19355928699288 -0.116698420335727
0.0688361188164608 -0.0227206562677403 0.410217709519642 -0.157066433289227
0.139734574309343 0.136921286603325 0.352518589793671 -0.0828057429992362
-0.276806766639742 -0.04096711986482 -0.273798720749284 0.0860517472358641
-0.18687029653926 0.0591535866366109 -0.489022985359982 0.14834621218837
-0.032045569038779 0.101721685559626 -0.2031954765056 0.175443352437681
0.0534176697922082 -0.00935576483226552 -0.0815546166477879 0.0236401494075437
-0.0406267606486694 -0.0516025151198794 -0.128886876284158 -0.067355212245931
-0.0759118539657172 0.0248499645632391 -0.191141505034228 -0.05414458619764
-0.0436876947933453 0.0663985249061732 -0.193803704730959 -0.0183342848353717
-0.0235425096713883 0.0551262065432634 -0.18609214413054 -0.016391066019225
-0.0139515234422461 0.0592915187656262 -0.211945108083869 -0.0642350370654486
-0.0380265010226505 0.0370135665767273 -0.227799234543172 -0.120047715880569
-0.0154366172032807 -0.0145862672169678 -0.199796320646778 -0.181246547393899
0.0855041639412521 -0.0216876036328239 -0.101703284868092 -0.194939099615448
0.0995364480997277 0.111115507326919 -0.035630601751503 -0.178187609492293
-0.0477250010807537 0.16400642840441 0.01830436417865 -0.0409915003015514
-0.204605734313764 0.0813799787235946 -0.154032313629525 0.210770703427153
-0.323822776548496 0.062640471932748 -0.183131636366275 0.0637064325432293
-0.254749865472711 0.100432144523832 -0.499578075118731 0.128114821752622
-0.127345298117246 0.17904773702081 -0.199560822762018 0.238810324226297
0.00351677170150941 0.116040126492911 -0.0247581651104127 0.0516438769560047
-0.000204800208552645 0.0515735118647372 -0.110778482748769 -0.0897939467228431
-0.00498835650423175 0.0788257749820512 -0.200189106805937 -0.0603617308117785
0.04158778566226 0.0909909553381097 -0.201696276352082 -0.00352724730211613
0.0619424450485247 0.062608843515978 -0.176930418796078 0.0131191239933936
0.0820429185602722 0.0644127084964328 -0.199087526246978 -0.0362317102623462
0.0544477075134927 0.0780400135718895 -0.212995978245007 -0.106033434378715
0.058226149511162 0.0639871130185661 -0.192258843846212 -0.187934227314234
0.100355618295849 0.0892017761355155 -0.0803731988518297 -0.208060281694338
0.0771895260517092 0.198027053253514 -0.00692671442308319 -0.168908135850372
-0.0796556353926152 0.229931007738003 0.0362957166655838 -0.0397375250044424
-0.244379690206269 0.185805274228039 -0.0922441487980021 0.190722720682928
-0.321178682515983 0.183829260369497 -0.0736784850737378 0.0268229108533498
-0.259679718061981 0.158679092903017 -0.473177741442471 0.11513631246864
-0.181833276485494 0.247474656331596 -0.184874872665848 0.311104874971836
-0.037082699074156 0.235643067648958 0.0320751914026945 0.108314398004458
0.0472892141595353 0.161890081437244 -0.0760519886622086 -0.0744692579017609
0.077356543936224 0.131318983822125 -0.179371570502403 -0.042400932605218
0.128367169939446 0.103056451078814 -0.178987178634937 0.0221683895941566
0.138234733570206 0.0593603122260438 -0.139978933661545 0.0427092534146221
0.161693137612043 0.0592881123114942 -0.155546106928818 -0.0104751798011422
0.134097004359196 0.105855603595338 -0.167147827712984 -0.0915499287214291
0.124907482808582 0.128710725442864 -0.159914086305644 -0.186973294281293
0.112378746050807 0.19229505981065 -0.046707281634084 -0.218729369176702
0.047627619467597 0.275310926347003 0.0321490539560509 -0.177179665204315
-0.110178828860158 0.270613529342482 0.0793088668962342 -0.068071093448543
-0.252524677034909 0.259190222096227 -0.00647807975962693 0.141706284510882
-0.257164606506083 0.291613669996086 0.032936457083943 -0.0363158021451505
-0.200249562596095 0.208399333513131 -0.410794551844174 0.107263126864184
-0.181779799372211 0.287988018958912 -0.136931864849694 0.3623695771861
-0.0491322077989941 0.318879615197477 0.088287726063419 0.160130443757653
0.100714343970204 0.245848214234444 -0.0280708948383765 -0.030078516334477
0.158683046124418 0.162427579068332 -0.125878439948379 -0.00208663228472239
0.202595249560971 0.0970549687394373 -0.124970928084654 0.0544664151127406
0.192954356055553 0.0453300483779192 -0.0797468665221243 0.0667395991120477
0.213660845857784 0.0454564951509156 -0.0918823767816137 0.00942484960473073
0.186925736458055 0.119721549798897 -0.0983684491497997 -0.0764124218388193
0.167136099087596 0.175470979698226 -0.100314009610173 -0.177567935595665
0.102346934947645 0.269145835810795 0.00167898530086851 -0.219239557685041
0.00445165113000796 0.319117905976239 0.0790443410772582 -0.186354054507083
-0.133051621053893 0.272115545056356 0.138886841835661 -0.112511961847714
-0.229198137306693 0.291246459714789 0.0914559153683707 0.0759008833379144
-0.143234752368147 0.342004626467544 0.112320636393531 -0.119791317261689
-0.103290803148358 0.200095043655338 -0.325052253646599 0.0977539272417391
-0.152944215851853 0.269179332049897 -0.0609224003708628 0.370484442144209
-0.046679018899226 0.339813214937717 0.134658281718071 0.184219158857449
0.141532802465839 0.278159361906382 0.0272238735171316 0.0250158522551178
0.216030857289719 0.159658863596483 -0.044937539196227 0.0484500141229172
0.24447797830611 0.0729888437151348 -0.0420325681172505 0.0848667303681836
0.219240826797127 0.0233127726115115 -0.0055857174559208 0.0806471407681548
0.23173929775846 0.0271235628119677 -0.0195853974723148 0.020915681264039
0.207637793083776 0.119601500451397 -0.019230802380603 -0.0597511416521447
0.172507010879291 0.200772992202751 -0.0246642502993399 -0.151500318322945
0.0599586659999866 0.30233263168282 0.0590192869980892 -0.194316333306673
-0.0527974689693094 0.306073914417896 0.129359799381955 -0.182495861985805
-0.138704583235771 0.224532041460145 0.207387464346891 -0.155262618934932
-0.167313441317932 0.281300578503649 0.189921312519312 0.00661242444477839
-0.0140374126996666 0.308075632278131 0.152515706338185 -0.199340242148224
-0.0170565772533515 0.117319948697917 -0.232521601724745 0.0815858213389416
-0.133442599143564 0.190870600563713 0.0116959094308795 0.330615395813567
-0.0525127301411745 0.301175515194565 0.154126759914702 0.182510434846453
0.150462019525177 0.255920096281199 0.079353956017914 0.0813275200559216
0.228154947465506 0.124446740687097 0.0500907144300975 0.0959488203573472
0.241409547593422 0.0383450556166409 0.0531252527949138 0.104196952311566
0.211550991232164 0.000629047666025104 0.0695203145223277 0.0811303867333746
0.220128895031211 0.00716146337459372 0.0506539300307131 0.0246453191186307
0.198744660512277 0.10580252364428 0.0552021523362521 -0.0387813954419409
0.145556619819817 0.201544572956072 0.0505526113456387 -0.105715988557218
-0.00627609863306471 0.283090905691433 0.108373051068134 -0.141023481206232
-0.105995651330799 0.228021590287167 0.170129363057552 -0.159023504561127
-0.110312502025137 0.136289479260509 0.27936719589275 -0.178630891195925
-0.0748646983628679 0.239243067487442 0.274265964696736 -0.0487348773191427
0.104140146654785 0.203401840948103 0.154558932613803 -0.251019346401429
0.0338289374739444 -0.00487510009704604 -0.150245548458988 0.0608160975213198
-0.129522775363212 0.0893269011465714 0.0545894056162691 0.26675962232552
-0.0651217783043404 0.225018314084968 0.144037162094532 0.17438845894858
0.126629124184673 0.190319706811544 0.122428569255379 0.132378135619172
0.192154790700914 0.0698330305284712 0.13996156192743 0.129998580918651
0.19380250931356 0.00166305345119036 0.141289201465155 0.10849400994376
0.172230978585542 -0.0209250307983233 0.133038805493638 0.0702880188297832
0.183376536251768 -0.0136182673245647 0.110694866463036 0.022637344515744
0.17146968944394 0.0787734903333093 0.115483359551297 -0.0130578629666688
0.105811010855868 0.176147533510915 0.106950852533986 -0.0451646259198117
-0.0630196918403539 0.215751917659533 0.128253803518309 -0.0724911985204992
-0.121368097675418 0.107293504044032 0.18904477091443 -0.129902418749057
-0.037374259756494 0.042295899740112 0.347935659619687 -0.183211745605692
0.0369409611042409 0.185868647046768 0.332018094587597 -0.0819347034806331
0.191897241016826 0.0616711020416571 0.126426368560326 -0.265216372916914
0.057573046109229 -0.119818774434797 -0.0957856200984057 0.0405998923804157
-0.12034081034359 -0.00814786757222526 0.0563616232508249 0.209279419260543
-0.0727588056966675 0.125899094555149 0.115284298436042 0.179225555816946
0.0755714199303867 0.103992384345562 0.156882998907746 0.174583966729118
0.119366238849782 0.012007119190965 0.208343677028647 0.146232769345971
0.113026576423324 -0.0283612850949393 0.204512067703702 0.0976887021227004
0.107847243079902 -0.0389544517603559 0.177323548490202 0.0500524451943298
0.126758311909248 -0.0350748129509467 0.16010085952877 0.0167122860255142
0.130714382868959 0.0407668926471548 0.161235771741625 0.0109007051614697
0.0658099315399204 0.127604475457601 0.136619477954711 0.0162992257373923
-0.0855325416934579 0.118071007023926 0.114577784893359 -0.0168621090533236
-0.081877947521231 -0.015343664570676 0.191817154021901 -0.123275146277637
0.0675946923428067 -0.0267630310913291 0.408413192533278 -0.173077394422654
0.147934733526007 0.131310423270308 0.353799606755631 -0.0979390999468536
-0.282646700645587 0.0140711557576642 -0.244551597029977 0.111481025031432
-0.178496235741591 0.0998861960041265 -0.454107414466933 0.208482271226957
-0.0148778651344803 0.108766855395845 -0.174419076563422 0.196765205615397
0.0477541873778875 -0.0195977743044712 -0.0773300621645877 0.0383534360079963
-0.052961242613363 -0.0426563804462703 -0.1341139284916 -0.0449380236694605
-0.073795324543514 0.0393081274508286 -0.193875765568218 -0.0223571252315877
-0.0332409312061796 0.075851160014262 -0.189895433391815 0.00953156973742742
-0.0164871014108966 0.0601322184058398 -0.181441819044118 0.0088560958752517
-0.00627280278956478 0.0632031183962561 -0.215271196665968 -0.037311498771676
-0.0322937257825734 0.0471215359599087 -0.238745461844942 -0.0900581541709707
-0.020371370163421 -0.00872001257784091 -0.217568840955735 -0.151518658329791
0.0767579019221783 -0.0344262841014985 -0.126253975954813 -0.179589630302054
0.113086731290882 0.0946466827786832 -0.0608467174523675 -0.175116543996331
-0.0238155189903629 0.168160212290796 0.0180830200870252 -0.0436273713788685
-0.188529149488467 0.110647641681245 -0.117877385620776 0.228505721281071
-0.306964467439817 0.121466724540804 -0.163349926419562 0.0722044434534161
-0.237901260395689 0.150960637339365 -0.468825777124742 0.18616048727159
-0.0942744075725655 0.201506288135064 -0.163375037835756 0.251947341817835
0.0219327977933177 0.11212862310663 -0.0210717295513755 0.0512826515203063
0.00328036498052191 0.0508032865399853 -0.125057760623945 -0.0687102430286103
0.00257667159595618 0.0803900771060285 -0.206203771911148 -0.0256966974614454
0.0553967599235361 0.0852105220301722 -0.198326624095796 0.0263398603168629
0.067305406703777 0.0548352129308567 -0.167830779677055 0.0367777634645106
0.0891563204449137 0.0530637479174686 -0.198943511280954 -0.0101820357597393
0.0651131069180231 0.0725297436630745 -0.224981199833413 -0.0780332261069267
0.0632865138755578 0.0564265990893592 -0.213880232416795 -0.158679828909666
0.109430511837022 0.0729345488761305 -0.107175963186309 -0.198248032950759
0.104092573376003 0.1829915348332 -0.0279462241909766 -0.17252272931038
-0.0460230767943109 0.237531786604568 0.0387459406579137 -0.044744305813339
-0.21317754620626 0.218244631569642 -0.0572218726230679 0.200480166603077
-0.280314234999283 0.235654152776572 -0.0674285946157352 0.017060659332649
-0.232861686135021 0.206781286475184 -0.447682142366478 0.169970649514004
-0.135472867092951 0.278465774004211 -0.139307945644269 0.315745969407082
0.00573303717463743 0.236794964922173 0.0382958808650081 0.092354931431326
0.0670651136958036 0.15008915884295 -0.0946021901258116 -0.0577802485247797
0.0906268752788039 0.118039960333845 -0.186468841024842 -0.00924020815217142
0.142842444664822 0.0814634357047014 -0.176071056509268 0.0498410208486792
0.140287638905822 0.0398718596063395 -0.126912376707174 0.0630723368165557
0.166032233341583 0.0340014952350309 -0.152632463266404 0.0106723511018187
0.148014621307563 0.0873352474435691 -0.178679157466838 -0.0689613083482673
0.13851624082188 0.1092131856332 -0.18312114927218 -0.162853937841636
0.137215161949935 0.172766259340186 -0.0769808699523771 -0.216499568982768
0.0852786358061587 0.26164487123709 0.0115254431272918 -0.186543820017639
-0.0710136956245979 0.281488352237989 0.0802007590743298 -0.0773335077582272
-0.211624127457579 0.29135298946647 0.0222038748960525 0.141544121809965
-0.197099570944991 0.326684034974865 0.0205099754982876 -0.0596165374657937
-0.165819588187806 0.243061477239145 -0.390876980324037 0.155351121689477
-0.126908744735962 0.318129572217706 -0.0867981941944019 0.358850309705107
0.0106906429595851 0.322073062902037 0.0979732213458437 0.131336041599461
0.134743425724623 0.224106489715548 -0.045009553165103 -0.0214980324352841
0.176719344049332 0.135268396335581 -0.130711754517909 0.0233521207412243
0.216050882043522 0.0617357305655743 -0.12030278167719 0.0742499316573685
0.192251433188017 0.0172825487192415 -0.0655811225028801 0.0792310558601533
0.214435648268842 0.0116461702707867 -0.0876627851224756 0.0231341771120529
0.202543606612597 0.0906606284608349 -0.109993849555445 -0.0634336832048923
0.186427254749755 0.147622965541066 -0.124669132026321 -0.16121372778427
0.140477193980355 0.25072977509967 -0.0287248943635445 -0.22325440273342
0.0487274477001324 0.311006946632292 0.0594696405507745 -0.202349461323186
-0.0952497633064568 0.285802291458256 0.133292974646019 -0.127870571296013
-0.183937265890452 0.318553895912561 0.110333840876123 0.0638067970477778
-0.077460351476239 0.352790225765759 0.0802284822864555 -0.14843338249446
-0.0722484119339211 0.216296681246516 -0.308811487317377 0.137814669124688
-0.100395458685669 0.294186000028914 -0.0120093274708332 0.3564916597321
0.0180674035230071 0.343123018497478 0.146179694833493 0.147946110363497
0.181984759511923 0.249223888930858 0.016078205634633 0.0258919291811916
0.233628113193333 0.122558964153082 -0.0450269613182222 0.0621284162887343
0.254122298784623 0.0295411828593518 -0.0361009242569765 0.0931098645792694
0.214591287287192 -0.00844458561793018 0.00812607682528031 0.083307683900619
0.229067145245125 -0.0102004398755644 -0.0159430596425061 0.0252733885044227
0.221978648885014 0.0851924045459936 -0.030703592071331 -0.0566594956846495
0.196461071965832 0.170418569995578 -0.0478228966019336 -0.146355970448442
0.103850934274602 0.289746035925527 0.0329459376568264 -0.206573191442951
-0.00961098488185318 0.305569394697154 0.111874466703182 -0.203090944107061
-0.108404923330395 0.239575452668913 0.195375431995124 -0.177221333975543
-0.125743856820739 0.298146439120887 0.196945768998825 -0.0158522711257337
0.0438869617707123 0.295295195415661 0.104994203510518 -0.224374464928198
-0.00233856511871196 0.118775414461088 -0.218452699443311 0.113902444130729
-0.0941006291450079 0.214344501930386 0.0559717168604103 0.309432305026319
0.00630921419035905 0.307163748719329 0.166347991917812 0.145024136280925
0.188823469072295 0.225901212602538 0.0760362093003133 0.0722354638455582
0.242241930327217 0.0853336781727337 0.0551802089869225 0.0945618575377003
0.246340246661771 -0.00593785632980524 0.0599847417806903 0.0982776313081363
0.204183431761319 -0.0311468856659077 0.0806045501140286 0.0738745381448258
0.215166889117648 -0.02933731262465 0.0523059809958228 0.0204563768799642
0.211773786860706 0.0716584690748804 0.0453519197501173 -0.0457095100765299
0.171666531731187 0.17341646808483 0.0312659275309711 -0.111678102029696
0.0362992414842246 0.280619154109698 0.0895690789612495 -0.15906856086338
-0.0734105016559791 0.236606005863065 0.155895903946827 -0.181784881161027
-0.0937503016280944 0.148783283589083 0.260137063655178 -0.208693431799963
-0.0406277038519453 0.243823162033883 0.270322321654503 -0.0810417352368241
0.139281341119913 0.171601079912365 0.100002016342723 -0.26652902394461
0.0266488602903716 -0.0104960356117374 -0.137594893659108 0.0862230023781799
-0.107399531712989 0.113290609889716 0.0919886842749433 0.242870944185468
-0.0190044084422241 0.234394749715729 0.158150167580828 0.140538304145231
0.157609600369185 0.166328989535365 0.129177460592911 0.115471453052619
0.20162357324 0.0365305655064296 0.149877982267671 0.111957838201383
0.194405036886722 -0.0338765915156309 0.148106191854537 0.0883658786013244
0.164286666698481 -0.0476343012081155 0.139386090637328 0.0536364459902224
0.176150703741196 -0.0449383403794134 0.110003490316157 0.010283644257193
0.181474235512618 0.0473283512033266 0.108848030675206 -0.0286641774215293
0.130784145807312 0.1542220946719 0.0960333736851122 -0.0597999539924826
-0.030173575007237 0.223525366746205 0.119447312945854 -0.0910754160936874
-0.106468177204411 0.121212110772584 0.176872491068287 -0.15163966790342
-0.0368520026964116 0.0451568667692807 0.323621043018806 -0.221798294018341
0.0614649919078098 0.174269733388437 0.320315997733178 -0.122317177024602
0.198436607440695 0.0189212885776165 0.0747748404263906 -0.267820584623038
0.0301369532797459 -0.127066137111103 -0.0831786962091032 0.0613112570360971
-0.115780466031998 0.0154131235565513 0.0892955748158549 0.18898827578041
-0.0437019353435306 0.138709812191102 0.135189241894806 0.15232477448819
0.0951481501291476 0.0902691487892864 0.174198478907736 0.149592908139076
0.123151905362176 -0.00921275605530958 0.221634124441731 0.114627022237842
0.110044958525725 -0.0502967322141991 0.210773586067493 0.0679717512990095
0.0998617884238094 -0.0568833880926714 0.178652832435194 0.0270731774854623
0.118783939875643 -0.0593774480884857 0.156476283570974 -0.00290083715424145
0.136114882965201 0.0154051236479653 0.156796648402494 -0.0104362028751171
0.0858203620175637 0.112349698907815 0.134005991226751 -0.00345557871096802
-0.066078179159068 0.130475312015855 0.112669326602806 -0.0320208654154574
-0.0858106414372543 -0.00447675170626274 0.176860741983468 -0.142538639650163
0.0561094623068733 -0.0379348217631301 0.381340574054398 -0.222058074696276
0.162875944891855 0.10481549713299 0.336136227492224 -0.140784065919828
-0.274185167667776 0.0244434162055782 -0.235482406844885 0.112962596507534
-0.170333585456259 0.102695141059508 -0.437521836106016 0.214335525833892
-0.0100681229153062 0.105256246506306 -0.163864468104219 0.195163758207405
0.0444246550909081 -0.0229838049047965 -0.0733438892734913 0.0397324997794192
-0.0544886741629495 -0.0384960345587665 -0.132265045292143 -0.0364146054874234
-0.0695130025299235 0.0431645235850324 -0.189206103610171 -0.0120891895414667
-0.0286568605038353 0.0754267996392307 -0.183207441015676 0.0167118103652835
-0.0133135087449879 0.0602348207644024 -0.17370499190795 0.0117734891094057
-0.00279285975409978 0.0629288445233575 -0.209210419991748 -0.030930265279263
-0.029528893015696 0.0490578255559004 -0.233734831794884 -0.0791777302323132
-0.0212795711468192 -0.00735869117099138 -0.215775254579067 -0.139039397672338
0.0714757631718778 -0.0373425778651423 -0.128207571204014 -0.171578934670955
0.11404950418776 0.0869842609789558 -0.0658802472107001 -0.168556104049398
-0.0178293450566854 0.163628765729178 0.0162638409890459 -0.0438151472777387
-0.17918590157499 0.114671335424477 -0.10518997831746 0.225182072489365
-0.293826402095332 0.128808778579857 -0.157631345935939 0.0714574440294186
-0.227515823844051 0.154576703590055 -0.451243901032909 0.193793244751704
-0.0851991916505298 0.198766077290501 -0.150474455724493 0.248896470038835
0.0244275742398993 0.107855300114183 -0.0177718121282246 0.0497691399311901
0.0029914189622537 0.0503413980269437 -0.124370372510436 -0.0607050271110409
0.00574087870137266 0.0798024070943815 -0.202101804643037 -0.014842951552095
0.0569298790008664 0.0799773447547793 -0.191043685286886 0.0347152557942733
0.0667582021061768 0.051940400803011 -0.158732885347442 0.0397178915090443
0.0877631436985733 0.0483496283515212 -0.192217518240587 -0.00453810781586635
0.0662612974435482 0.070531412721008 -0.21996541509175 -0.0680013200851929
0.0623706772185549 0.0538926553069843 -0.212073325018219 -0.146250523806916
0.106746255742419 0.0665974694901976 -0.110737207796934 -0.190454398871575
0.1080852000509 0.172772210888039 -0.0338156226756452 -0.166703876466461
-0.0374704183375575 0.232232530682703 0.0371986339359563 -0.045846465058142
-0.197937618104603 0.219950810521432 -0.0473727183172103 0.195942765023115
-0.262132948431398 0.23741762187114 -0.0661683651812255 0.0147373007716016
-0.221564521685041 0.207367035923609 -0.430069156143697 0.179144712525581
-0.122914124981859 0.274031667448801 -0.124778370135364 0.312259893329953
0.0119327033972733 0.230610139679317 0.0424574749450332 0.0882312675194615
0.0690508343198866 0.145325219952583 -0.0936715557864117 -0.0513933354369662
0.0924520636382357 0.113234208942072 -0.182231963316028 0.000503958461005771
0.141291134293274 0.0731756476900437 -0.16801650790102 0.057576134124033
0.136653552746083 0.0345595164359116 -0.118268807695468 0.0638875627075602
0.160923576567018 0.0277969031371993 -0.145638619597649 0.014964615592732
0.147029201144237 0.0805722508980022 -0.175055656755627 -0.0603230818113507
0.137011548530982 0.103124571383054 -0.182489961799921 -0.150928078135046
0.137702166292281 0.163519761838609 -0.0818523874762135 -0.208454764636421
0.0920485658421829 0.25053366956439 0.00624011528129275 -0.182287904808514
-0.0607032986166644 0.276106754961578 0.0771497890336049 -0.0786597769797938
-0.195193501305102 0.290832290827917 0.0282151715289369 0.135974712155945
-0.177294098315046 0.321637581479039 0.0168107670685702 -0.0616980425102551
-0.15648020609257 0.240086550518097 -0.376731644944402 0.164303232136069
-0.113627562453335 0.312974133936396 -0.072231164718394 0.353050137250845
0.0194648874401507 0.314475534993436 0.101822273581626 0.124779484128862
0.136984719294472 0.214548933989993 -0.0437860247186741 -0.017527284731329
0.176316031091938 0.126450941885709 -0.126877012671161 0.0302780263402167
0.210520327464288 0.0503982797990252 -0.112291713315064 0.0803485019258042
0.185760585742539 0.0103620315665096 -0.0578335022835446 0.0785210637598748
0.206136494591898 0.0042119543300661 -0.0825026427925804 0.0252915595408166
0.20054961072927 0.0816066052747597 -0.108182900817964 -0.0570387158160136
0.184865160282401 0.138773179298805 -0.12619206288547 -0.15167156988055
0.144140164171662 0.238546121762089 -0.0350901929482697 -0.216935752396635
0.0573464000103703 0.299401386485488 0.053639970006973 -0.199239312096969
-0.0838214994486915 0.281613166897184 0.127945884916344 -0.128860887358896
-0.16609322266556 0.315233086501178 0.111239723711527 0.0573924728346709
-0.0599625763373919 0.344151465153637 0.0721977233590476 -0.149172133599321
-0.067231906898451 0.210672262728128 -0.296474531673792 0.145333411254404
-0.0885939629433198 0.288867103959099 -0.000294242246928955 0.348923570524804
0.0289919669606632 0.334731207733005 0.147837276459247 0.140149117688576
0.184395697826826 0.237341866222399 0.0160852769478133 0.0258472774814009
0.231135615430724 0.110922844276982 -0.0425359325176408 0.0644711245307115
0.245884381084183 0.0173686177474726 -0.0298172493836595 0.0954715516525386
0.205611787460406 -0.0161849383176496 0.0133459569795776 0.080576668981339
0.218991669638679 -0.0185742919124468 -0.0127859177854154 0.0259870626044098
0.219512006160305 0.0754147413110713 -0.0315066269005296 -0.0537180877290327
0.195862494582157 0.160158542466059 -0.0511123195966512 -0.139777156138281
0.109969175873443 0.278404429852587 0.0254164077528194 -0.201715491861717
0.000406425971605812 0.296456738997108 0.105724023628864 -0.201946765938931
-0.0985185202281503 0.236409027015105 0.186227281444851 -0.178255365484974
-0.110502070115708 0.293075528070559 0.192171846307072 -0.0227893140932382
0.0552989009132568 0.282780228712519 0.0936823805669216 -0.221916678059962
-0.00206296348321995 0.113853000681436 -0.208704218835266 0.119279777671501
-0.0851009168033288 0.210769515971842 0.0650158243835666 0.300416404464695
0.0163910614333625 0.300627022068255 0.167786716241753 0.137214765354207
0.191156239477838 0.21379392407046 0.075558164982721 0.0695996880643984
0.237905851506642 0.0732038125388508 0.0561630694475841 0.0917831967391577
0.236467906868864 -0.016561897521189 0.0640525970284882 0.096316849350929
0.195068744778613 -0.0382091789323751 0.0823476083796956 0.0699021403281708
0.204294061160468 -0.0370820012228683 0.0514076154865096 0.0193773031462237
0.208584769267049 0.0606878651122628 0.0425922458453207 -0.0459449676370259
0.172279445688466 0.163968731293699 0.0273531172990241 -0.10939399968643
0.0447514676640936 0.272563118858346 0.0829897625912397 -0.156874941530893
-0.0646012502809445 0.231675073165982 0.149277565353936 -0.18175240179725
-0.087624226484842 0.14790188756647 0.24861748525849 -0.210602310274285
-0.0293043782768237 0.237081651142961 0.261701891602329 -0.0875675646977939
0.143708023991804 0.15893858017973 0.0878194481385468 -0.262273368975543
0.0217048314362703 -0.0122971216157103 -0.130419523920389 0.0903881584485426
-0.100457079329272 0.113644627158082 0.0965025494930458 0.233967635296275
-0.0099617513961658 0.230218918706906 0.158687790376719 0.133421890003792
0.158714599989394 0.15642294633987 0.128137751419153 0.109439393352025
0.196013592200287 0.0259570795179647 0.148527222277962 0.105114590826011
0.185927381095544 -0.0415872027103486 0.148467981736304 0.0829732962865451
0.155572818149441 -0.0533710164948083 0.13832991788754 0.0497414613989993
0.166846034309974 -0.0518469058890544 0.105773123433903 0.00802214975072416
0.17814254955984 0.0383632047412353 0.104269253085396 -0.0321647225037594
0.132894134421981 0.146015150873642 0.0910311932031038 -0.0616078617923909
-0.0207850853219468 0.219199010983607 0.114207961629519 -0.0912517637312447
-0.099721304471083 0.121424665712094 0.170226152281105 -0.15188934000978
-0.0351242003994237 0.0451853059493677 0.307964641067481 -0.224985198449722
0.0665621542296367 0.166081102656541 0.308693602352269 -0.128236377877261
0.195013422464505 0.00952602185641032 0.0624998382398009 -0.262127602884165
0.0218195928783136 -0.126083322677926 -0.077797784684961 0.064644682239635
-0.111236806167098 0.0189651874754296 0.0908608520053564 0.181086962773447
-0.0366412478692792 0.137767276100112 0.136306768331771 0.146135717978021
0.0960896685440985 0.0839488169651194 0.173501287209647 0.14050187887701
0.118516236404681 -0.0160414732450323 0.218337222088172 0.104041051267115
0.104208254629784 -0.0548946855981067 0.207404513801849 0.0594055235959009
0.0932422861302684 -0.0606181309996918 0.173935080718532 0.0229075949312564
0.111541466174699 -0.0632072149235206 0.149521770494992 -0.00680083242557142
0.133322862103357 0.00799091948719998 0.151317881013476 -0.0163298779651082
0.0892339342090074 0.106713628052165 0.130122611024151 -0.00826287263173412
-0.0586281644782918 0.130703053045691 0.109885526513689 -0.0325223249142807
-0.0842654211629204 -0.000604775984802169 0.169753282028696 -0.142379800656912
0.0530844982269167 -0.0379263073198444 0.364288327950859 -0.227139688528155
0.162153309795 0.0956814957065835 0.323196211653869 -0.145660731246079
-0.267894817773958 0.0278302386423336 -0.229470228722509 0.109647238908858
-0.165666057775313 0.101852486798945 -0.42750726066481 0.212425503232141
-0.00902571983746889 0.102556342863744 -0.15859844506748 0.191016109966144
0.0414862271244828 -0.0244664508540248 -0.0705599690211456 0.0389281654230355
-0.0549497222637058 -0.0359681244260267 -0.128992855073558 -0.032928049844821
-0.0661766699491655 0.0445865806312778 -0.185088321009603 -0.00593737401409695
-0.0258365015324193 0.0741592695942797 -0.177962847400293 0.0200350698550862
-0.0116869975039649 0.0598425247883537 -0.168312228492611 0.010700350462047
-0.00159927932396758 0.061864010071491 -0.203884502191331 -0.0302456115264251
-0.0277073590955506 0.0500322667805572 -0.228347248430519 -0.074601911466226
-0.0217740909636598 -0.00601316068339763 -0.210783741442959 -0.133059543380912
0.0672974108565499 -0.0384073912935349 -0.127204724667084 -0.167703090804751
0.113478086872479 0.0824993875077062 -0.0679215611871729 -0.163602098485138
-0.0157714142315505 0.159855597932695 0.0158656793429948 -0.0434256012825161
-0.173182323716069 0.114251066848412 -0.0983036476267511 0.220814694525891
-0.284583261283044 0.129196562315266 -0.153810236799865 0.0676327260929907
-0.22125370847865 0.151890682845442 -0.441392205279341 0.192523660987062
-0.0818543578735657 0.193698367603836 -0.14397052912479 0.244742560055676
0.023466012352621 0.103389704659309 -0.0151375185548058 0.0483444485612861
0.00162743984959792 0.0502330877023884 -0.121745165487286 -0.0563264634150752
0.00764439451145532 0.0797385882453017 -0.197397091217016 -0.00837898498926969
0.0568497978549647 0.0771778814405741 -0.184214363108335 0.0387393509941896
0.0661608168491743 0.0505942565505374 -0.153183628501152 0.0380544468423216
0.0853528777060519 0.0472966397696385 -0.185809196105495 -0.00400408479083189
0.0662081973109156 0.0694102902481706 -0.214526391770549 -0.0638391649886469
0.060538228269001 0.0531122833548279 -0.207436645324394 -0.140246953953689
0.103002411475617 0.0630103909835882 -0.110205838331687 -0.185783744538055
0.10740789196067 0.165886832814603 -0.034171025680205 -0.162522329366087
-0.03490944587306 0.226979515418871 0.0365460802768219 -0.0454123827066035
-0.190414714420098 0.216829247185631 -0.0418577346655768 0.19100451377407
-0.251647596503322 0.234339890450881 -0.0653355148239217 0.0111661149495316
-0.216530461312625 0.204001150234286 -0.420294743781472 0.177746123255942
-0.118287942699006 0.268627780070463 -0.117377648434128 0.307427577961943
0.0131371632962969 0.224698658217798 0.0440901140952313 0.085037605994351
0.0673492150129749 0.142441036224496 -0.091520853392962 -0.0483027477396016
0.0928772709728961 0.110493859402727 -0.178502346640294 0.00545660962051261
0.13767439212623 0.0686255255408547 -0.161001271468652 0.061852639179678
0.133638105209766 0.0323293896258124 -0.112523775240603 0.0614366978274066
0.155129202569133 0.0261045699145475 -0.140236522983515 0.0152716988456592
0.145553921063114 0.0781896453105863 -0.170433646820337 -0.0567341386004243
0.134523320371304 0.100342267107197 -0.179342045413234 -0.145370554894794
0.134832920833975 0.157773487398404 -0.0821974198196241 -0.203498309600733
0.0921135067320181 0.242179272734195 0.0061868411987024 -0.179262708229063
-0.0570937563319706 0.270131526120072 0.0755739286399036 -0.0780461309126997
-0.185617442940688 0.285369625864603 0.0310270083635399 0.131610421646398
-0.168389511587588 0.314638773819993 0.0150685602614068 -0.0640253246149502
-0.152805681690968 0.235182530947356 -0.366242574995225 0.164606240463651
-0.108599303658677 0.306382968438379 -0.0656923525045495 0.34616691638965
0.0228050793898743 0.308022726568751 0.102772553413965 0.120370515845764
0.134963753834133 0.209757287391886 -0.0428708574447537 -0.0154121972163014
0.174234814389138 0.121655441331058 -0.124956114535984 0.0333987635401563
0.20394346612899 0.0448010763517646 -0.106078396072766 0.083795750838008
0.180086407092714 0.00767244347181022 -0.052891337627573 0.0758828029760609
0.198173882183985 0.00227888342883739 -0.0783108469576596 0.025809702990912
0.197281875980219 0.0781249413935186 -0.105536566258029 -0.0542692884169718
0.181955595068179 0.135140339976539 -0.124854156354268 -0.146352691998948
0.142079655990601 0.231676498925369 -0.0361530373671686 -0.212123278797714
0.058920117002523 0.289791490772906 0.052668780960602 -0.196436167107317
-0.0798968796528931 0.276353511279595 0.12601426816955 -0.128432837823436
-0.157339537846185 0.308607098512178 0.111166678853955 0.0542949328515425
-0.0519158853520347 0.332851962552794 0.0678002874781596 -0.148664263283916
-0.0663740593013421 0.205711173403207 -0.289724016344976 0.145655212282874
-0.0849087047595419 0.282523325438498 0.00519902864563488 0.341959661681652
0.0320121151565073 0.328913475924732 0.148139432341786 0.135534081894118
0.181626884252208 0.23098780923007 0.0158656456281809 0.026811619729528
0.227375073111694 0.104667339372179 -0.0416428412533911 0.065777154770205
0.237583176642694 0.0118009543847738 -0.0249150000241704 0.0967729906142013
0.198846158487309 -0.0189139237530595 0.0166066577991742 0.0782985421138277
0.210641142523794 -0.0208621523132369 -0.0108197458096 0.026525967909938
0.215757958824189 0.0705515500496763 -0.0307121724318467 -0.0521206876097601
0.192327890314939 0.155333677290998 -0.0512951291008972 -0.135454644106678
0.110104514310305 0.271625716532647 0.0239240519121146 -0.198046733237503
0.00225036989006586 0.288115103981154 0.104383463504484 -0.199262824013328
-0.0943742971299341 0.232153102954658 0.182094751575911 -0.176139811016597
-0.102826220865268 0.286553349493368 0.189079386099826 -0.0243207111478064
0.0599201859834228 0.271979254617244 0.0875113731153916 -0.219398167777586
-0.00403899833251885 0.109941292165396 -0.202326409918936 0.120131556252873
-0.0819613236639303 0.206695534892677 0.0674482146643125 0.293838894115992
0.0201664768663491 0.296090745701544 0.166495959810595 0.13302685738997
0.189240167416399 0.207620776519317 0.0739231662305503 0.0685680526272442
0.232447774595351 0.067746941340686 0.05470346797165 0.0901175286909164
0.228999503196934 -0.0213428829247088 0.0658536533175464 0.0959470271537224
0.187761680428949 -0.0408219965597253 0.0829726311579534 0.0683193443509066
0.195017769361984 -0.0386514739450665 0.051301199895069 0.0201316369012012
0.204146204841318 0.0557869291682003 0.0405666490177042 -0.0452003156132842
0.170211969707259 0.158742350444569 0.0252574795591033 -0.106347660653409
0.046855917589815 0.266382681148664 0.0810273409849611 -0.153722553033474
-0.0614715031468324 0.225491162401934 0.147526475750012 -0.1795723621104
-0.0844857864175713 0.145885732030395 0.242379667128395 -0.207021336628156
-0.0253287446058231 0.229857961990362 0.255881676335269 -0.0875807469307377
0.144344460979375 0.150447511762859 0.0804933369435083 -0.256927275410208
0.0176601011905274 -0.0131325584234119 -0.125727954467253 0.0909969049003869
-0.0977233001180616 0.112225796347844 0.0967894895513577 0.228600876462927
-0.00569528201171697 0.227137626900822 0.157411910509809 0.130646341331708
0.157377713745265 0.15185014984983 0.125531395997543 0.106447701974071
0.190538620125713 0.0213084185340455 0.1459320967963 0.101697871120491
0.179059394653546 -0.0456098890686762 0.147376636992484 0.0813579513516862
0.149000878970174 -0.0553002733320098 0.136480716403351 0.0486982189409504
0.159068821690799 -0.0537764472625485 0.102955671596089 0.0083922752179661
0.174314718118371 0.033203362685465 0.100383427200735 -0.0332679726990998
0.132825708068294 0.140921676079538 0.0879768499892506 -0.060797575818696
-0.0171389044814472 0.215648677485196 0.112121269310968 -0.0891244790731117
-0.0972571739929699 0.118873046226163 0.167917873924378 -0.1497652617796
-0.0337906818683403 0.0448787476116389 0.300589463618644 -0.220631940991184
0.0678798229257325 0.159961991224335 0.301101348218839 -0.126673686070798
0.191867605471597 0.00462171996805226 0.0566852264667789 -0.255218509699442
0.0169375409939182 -0.123924545341344 -0.0753547928259035 0.0652036795014867
-0.108841944607779 0.0195521340215073 0.0890840655403575 0.178653303217749
-0.03345706670543 0.136364912051265 0.135501927777165 0.143615641187656
0.0956178301814204 0.0805017869431238 0.170138033774808 0.136138061016471
0.113122776774042 -0.0196539092979486 0.214117424823417 0.0997433482698522
0.0996359934551386 -0.0567948290060615 0.203978447504214 0.0566940552955947
0.0887390666323958 -0.0617203977863271 0.170692544673361 0.0226712277822662
0.105315004991054 -0.0649030210004696 0.144213187841582 -0.0064730080597207
0.130553377686649 0.00328105482769983 0.14636046667522 -0.0188476160587959
0.0904048020638557 0.103064422461234 0.126829813536764 -0.00946273800512596
-0.0550927278539902 0.129886717869224 0.10841506091243 -0.0313346294082754
-0.0827384367624135 -2.44494979028554E-05 0.165705593578168 -0.139439235382256
0.0515289466640171 -0.0372318581892792 0.354838565944205 -0.223095103628
0.160308647460677 0.0908278091234632 0.315278408427772 -0.143822474502812
-0.265965137254246 0.0292998611945777 -0.228994956520689 0.104763386601019
-0.164917159285421 0.101128466309056 -0.428654907997371 0.208710925580588
-0.00795682945626232 0.101239476732514 -0.159370651831134 0.188675238780347
0.0397434403520007 -0.0260921221931385 -0.0699567647570887 0.0379122718403175
-0.0557598688197455 -0.0342847835190283 -0.12731524298494 -0.0321213885137819
-0.0645825132474289 0.0462328052737051 -0.18379472821465 -0.00288395575779757
-0.0242432733675345 0.074134935064877 -0.175661893393226 0.0214968746134428
-0.011712371785862 0.0610771707052454 -0.165785374415599 0.00836701151395673
-0.0011030220320088 0.0619867471261192 -0.202658671569202 -0.0320714538992007
-0.0268596064491726 0.0513623706595164 -0.225544856910332 -0.0746992053946552
-0.023336017738027 -0.00484032757145929 -0.208341132062907 -0.132576700177772
0.0646995411050001 -0.0390035206336445 -0.126077776786442 -0.16840826043989
0.113477629542979 0.0803596845456409 -0.068135751984509 -0.162273302372923
-0.0170220668422738 0.158528664496077 0.0162314311628071 -0.0432621372190914
-0.171876911017371 0.113948358561652 -0.0959217574955691 0.219779032359439
-0.282173760932642 0.127307997863934 -0.154044836873027 0.0632438359225285
-0.221330163611998 0.150399414888428 -0.442996816320274 0.190611264605992
-0.0807753944547773 0.191958637126409 -0.14369602498913 0.243664508140531
0.0221933579438864 0.10255570408637 -0.0138508317750151 0.0470617232639481
0.00019054796640073 0.0515805250280398 -0.120246032578362 -0.0560694254239613
0.00843396357649951 0.0806065048231261 -0.196586804683958 -0.00531122683472901
0.0570719082231936 0.076364057300417 -0.181463693129386 0.0410526157414371
0.0658590257652749 0.0508245076974993 -0.15109017440138 0.0356371553578843
0.0847356123735009 0.0476121469286551 -0.183887833214061 -0.00533540899541011
0.0671005617803102 0.0707199191794405 -0.212361277689136 -0.0633327119156608
0.058878986535264 0.0546651190903224 -0.205849037451262 -0.139406058326627
0.100415959206722 0.061999810401358 -0.109539629948876 -0.186428836730064
0.106944618944424 0.163628532116102 -0.033320762078 -0.162083207149735
-0.0359315996981582 0.225371424584071 0.0369250626503564 -0.0452204763843679
-0.188368972756718 0.215783712911186 -0.0394505810017533 0.189491297071632
-0.247780332523857 0.231223456873019 -0.0668691300539098 0.00726631846982333
-0.21657001554053 0.202193830760226 -0.421982437245137 0.175617057385947
-0.118207136239301 0.266410538900551 -0.117525278211833 0.306162952786804
0.012888723565057 0.224352594071073 0.0453813488434785 0.0828701571644874
0.0656315021151112 0.143675782936314 -0.0903410951053233 -0.0474575689677629
0.0934726580979426 0.111107255060449 -0.178439633325891 0.00829844210313929
0.136030865925642 0.0668381707745498 -0.157620366161557 0.0650184160432374
0.132286810478023 0.0324422585757198 -0.110150523725278 0.0596006460820634
0.152931661558834 0.0260722188866023 -0.13780253020914 0.0141973591457207
0.145623464049557 0.0783815282034197 -0.169201132600818 -0.0561133148376789
0.132634281910517 0.101656929777781 -0.178390382347765 -0.144225687566344
0.132406686009772 0.156790030383088 -0.0811633922153208 -0.203999302987901
0.0912228660845983 0.239734072690586 0.00722509517867292 -0.17926957909785
-0.05773636556488 0.268947930623679 0.0765363237628874 -0.0786459621690578
-0.184093856710859 0.282795391589827 0.0327873952625497 0.130359606079397
-0.164554413390457 0.310542543834715 0.0133421935155056 -0.0675255409484273
-0.154418498910189 0.233842179145325 -0.366110274199019 0.162511742228692
-0.109177815387969 0.304074690390115 -0.0645515198033789 0.344722282144416
0.0216289314771483 0.307702902878563 0.104516166137563 0.1188402846807
0.133262142917454 0.210927797159334 -0.0419057847314383 -0.0149309695072836
0.173754583457378 0.12150879199618 -0.125464603977336 0.0363759818443632
0.20045382701725 0.0426426635157441 -0.102277998760675 0.0869847666872352
0.177465991624712 0.00774425421484228 -0.0505988634721229 0.0748332485262934
0.194641761374921 0.00247915117896953 -0.0756312938393872 0.0254230027861039
0.197002398447039 0.0771543618224995 -0.104120024354408 -0.053917057901125
0.18038843759988 0.135978461040519 -0.123976618663328 -0.145065595697311
0.139979755043922 0.230735790499056 -0.0353264122541644 -0.212160856295289
0.0574596176122053 0.287727723591227 0.0551168924149343 -0.197147499795798
-0.0805936690249907 0.274625394807951 0.126399767234227 -0.127778779626907
-0.156470030572484 0.305655205461269 0.112135640365362 0.0536186565123761
-0.0494949117595965 0.327934409552516 0.0651411642016912 -0.150318122018223
-0.0685182225849514 0.203690016755511 -0.288976954750288 0.144589426207683
-0.0856605522658372 0.281772557149622 0.0071709980171446 0.341446765349562
0.0320003607887351 0.329219505826845 0.149965278114439 0.134333213184902
0.181272002476154 0.232222678143115 0.0156621429029534 0.0269069289840114
0.225881022482643 0.104184397189487 -0.043283420466468 0.0671182619438511
0.233010510596461 0.00991911671390444 -0.0215115667644581 0.100324017438264
0.195588474001146 -0.0188252424650651 0.0187007703715141 0.0772445906525029
0.205753929408621 -0.0201632113169423 -0.00933690395324466 0.0270727862724397
0.214513496746627 0.0696906588181444 -0.0304591253652797 -0.0513403570204079
0.191229482977471 0.156288319263982 -0.0507014935340663 -0.134430818475569
0.108918194538989 0.270466198305374 0.0243121832735058 -0.19732749048439
0.000442394337157129 0.285763679537409 0.106956914795558 -0.199642558110427
-0.0949517097038947 0.231323725537178 0.183195182437388 -0.175179136043038
-0.100928150767385 0.283547297273741 0.190021812673942 -0.0245074555117683
0.0615004758513292 0.266289724845043 0.0848776048283134 -0.219383379400001
-0.00703594990465899 0.108571126999698 -0.202733258190221 0.11990806710062
-0.0829000292498914 0.20514877267285 0.068033106713883 0.293971893768014
0.0207559989680891 0.295231791801804 0.1675456276222 0.132769760988353
0.188546815366878 0.207718964926539 0.0731160423743538 0.0692967439375453
0.230607206710568 0.0652389132075325 0.0529258091264921 0.0921168738445077
0.224554023316861 -0.0237291603371903 0.0684428420700191 0.0979720122601951
0.184917349291209 -0.0411233775717345 0.0845549154846476 0.0683304133297678
0.190559272058335 -0.0382726386903906 0.0518369466232543 0.0214136915279823
0.203516289142604 0.0541852472246499 0.0402983059839831 -0.0455235786893999
0.170114951354315 0.158789896946962 0.0250032350904835 -0.105282303070663
0.0464701269424107 0.265846544724931 0.0817845374254246 -0.152579443816293
-0.062556206392293 0.224091114321536 0.149863591698282 -0.178968072874871
-0.0841286125882089 0.144996870981445 0.242959318931614 -0.205614138238559
-0.0239386613680084 0.227081399797433 0.256127611182162 -0.0866109010199505
0.145732368876645 0.146330554634595 0.0782326141917238 -0.255635304431482
0.0150194361418269 -0.013730600181398 -0.124849138225894 0.0914824058002292
-0.0980169753513252 0.111912673349218 0.0965558161276075 0.22917674374655
-0.00395859161105349 0.227660678019836 0.157267664211227 0.130532588314398
0.156957998836879 0.150928201858727 0.123863773009046 0.107138884872191
0.188372550809388 0.0188949352765311 0.143500529450797 0.102350924436863
0.175581875948411 -0.0473144911287884 0.148116943399811 0.0819527154008455
0.146340891251862 -0.0564928756941778 0.137187614352462 0.0497888378498735
0.15497578892771 -0.0536448943303874 0.102299457159054 0.0103503514586974
0.172773303011444 0.0305721915315829 0.0986940648781561 -0.0338569180457054
0.133167668891477 0.140256890531636 0.0875462779945518 -0.0604669283772321
-0.0169465348213332 0.215539933540401 0.112987093171842 -0.0873635233059161
-0.0978938263004546 0.118014386412014 0.169938893035106 -0.148555034159377
-0.0337943263072469 0.0448935381543724 0.300583379268192 -0.217746431259887
0.0684140955070579 0.157431420357339 0.300735938890738 -0.123945691236981
0.192642151308588 0.00196871155273396 0.053818604765708 -0.252889676222305
0.0148051396564165 -0.12377298899064 -0.0745868405043622 0.0659820814762236
-0.108648687634773 0.0203830900541162 0.0881256961149672 0.178674212301817
-0.0317130976146416 0.13647800645246 0.135565993649535 0.145101379165307
0.096224828737904 0.0791881709535452 0.168196133333769 0.136159306968868
0.111104578111023 -0.0212922267428453 0.211902284045669 0.0994606181395974
0.0975693303844086 -0.0581499543520606 0.20274684199476 0.0561199390784578
0.0865144518962098 -0.0627064329535156 0.169809182808175 0.0248833267399526
0.102671231594166 -0.0657565175295501 0.142037557494905 -0.00463163401532314
0.129510310862093 0.00126524109012557 0.144599156294795 -0.0191881664240492
0.0921347267125445 0.102290068400274 0.126262079566419 -0.00891962164030291
-0.0543823363633408 0.130990006344301 0.109555638624315 -0.0293093177090179
-0.0830122496851193 0.000359837175464754 0.167358096222782 -0.13783923520272
0.05148643671952 -0.0364149695196073 0.354004145439861 -0.219300537183589
0.16000954529796 0.0893906671964595 0.315809539798483 -0.139823349011797
-0.270395495374432 0.0332664730092913 -0.233098120107105 0.103600351481045
-0.167342432669749 0.104088580238655 -0.438131401647672 0.214238695095883
-0.00720923754437818 0.10242867994834 -0.161324970602036 0.19307033381173
0.0389353980746545 -0.0281491561154079 -0.0699803012873869 0.0378248666637925
-0.0581629148856419 -0.0328691060191915 -0.129343580242273 -0.0313531679276014
-0.0641807368911825 0.0488703267986546 -0.185631685778416 0.00240355946377393
-0.0230955036512379 0.0758313205254287 -0.176864395973548 0.024373513435411
-0.0107439630020518 0.0630065714174001 -0.168702709347532 0.00712736832069506
-0.000495223231446875 0.0641140803417323 -0.206412570551758 -0.0335688897557138
-0.0264399713997076 0.0545667042100312 -0.22870492850863 -0.0754959777336591
-0.0247609042554725 -0.00335565607026783 -0.212549156683245 -0.135445925197968
0.0634777685590711 -0.0409983877145938 -0.129996488132221 -0.172369778450817
0.116641401656743 0.0794995219617944 -0.0713647383684449 -0.164409763753277
-0.0174019617714754 0.161239077298727 0.0166406350354979 -0.0441715640996762
-0.174226509130177 0.116990684839808 -0.0938693095787214 0.223294750585944
-0.285229878821398 0.132077099088138 -0.157798941862759 0.0601648957619695
-0.225223184974148 0.154411320728761 -0.451936572453315 0.195145902596705
-0.081367343990161 0.195329979230118 -0.143901455136647 0.247901540925612
0.0224152195011904 0.103844542420017 -0.012764385241306 0.0464057220144329
-0.000549022826849021 0.0541624869702392 -0.122305880075433 -0.0551306644267477
0.0105050510870972 0.0834060872672257 -0.20004595110575 -0.000949445023192408
0.0576078802881264 0.0771639996233179 -0.181731890449852 0.0451820512523911
0.0672224918569117 0.0521351262958882 -0.151829511115371 0.0354752977764095
0.0858560294718602 0.0489025375896773 -0.186645001517122 -0.00589539851295719
0.0694045263102707 0.0726283417679672 -0.215309486922793 -0.062881261713835
0.0597096771855055 0.0566797417092151 -0.20917694097219 -0.14175950823028
0.101044642771901 0.0623083179469346 -0.113016696061593 -0.190995603457202
0.110152111534122 0.164650110361213 -0.0347969635614313 -0.165447379759112
-0.0357943342875149 0.22967491831379 0.0383453155137348 -0.0463702792606069
-0.190454859080365 0.220776394686351 -0.0369536412871387 0.192255878502291
-0.248871979377195 0.235513673126159 -0.0694931329316704 0.0034394494807952
-0.22060027488563 0.20669708614816 -0.431492134187133 0.182989138077897
-0.119352411049643 0.271755265688865 -0.115643139052886 0.311690097523137
0.0133675334836915 0.22902131369757 0.0489094459694618 0.0826036354789331
0.0667687354754488 0.147869348402425 -0.0917361249350873 -0.0471247219551758
0.0966844083566732 0.113056962945893 -0.181396257779721 0.0131458679291381
0.13722980422347 0.0668257451223178 -0.156074307281535 0.070328764209763
0.133874992430588 0.032406553531744 -0.110477622279459 0.0594423412262448
0.155037349744535 0.0270918182476508 -0.138675801503549 0.0141891551769841
0.149703434980823 0.0796819841852005 -0.171057552293918 -0.0565489222212022
0.13548266249915 0.104396451475423 -0.181815495175351 -0.145961761097927
0.13391819049656 0.159077969095803 -0.0839739545042664 -0.208671468506238
0.0930928294274427 0.241848583274681 0.00686915604729647 -0.183997073024206
-0.0589927483755352 0.274293173741075 0.078691548838051 -0.0800183872958689
-0.184629748781155 0.288671555017547 0.0358773010957478 0.131048833502213
-0.162714242811122 0.313831189553204 0.0101840606289469 -0.0722521484460216
-0.157465622992803 0.237595206599949 -0.375078403193859 0.168506045829885
-0.110859010992426 0.310836913196585 -0.0612845153239763 0.353071381638698
0.0240271470779236 0.314322825464125 0.109511777595981 0.1185444794624
0.136679950204849 0.216160018195017 -0.0428866146554862 -0.0154443969165342
0.178450688489173 0.122519730771753 -0.128149718592842 0.0404981831704891
0.202113719711291 0.0413391918074793 -0.099269709174116 0.0924864839590109
0.179350375277131 0.0063370214653669 -0.0494562222856969 0.0750916466837622
0.196188902300494 0.00252259339881988 -0.0749278854532313 0.0260049337301285
0.201337325495135 0.0775252364014735 -0.105480812959349 -0.054232438871051
0.184764262624741 0.139315202977238 -0.126609314378991 -0.14661936856089
0.14324763118174 0.234848575380425 -0.0378136523466717 -0.217252880779479
0.0594552634745471 0.291880134678964 0.0572297672702941 -0.202740673591989
-0.0814269586117839 0.280540544728133 0.129622719630243 -0.130955165146531
-0.155016262906788 0.312327001150899 0.116949158788705 0.0535408861358282
-0.0459676115600013 0.329305198522713 0.0629829202490743 -0.155851902301801
-0.0702957837322716 0.207599250879624 -0.294796855522159 0.14925688507221
-0.0865690379708267 0.286936051149529 0.0118899013758688 0.348595308263961
0.0351744475582099 0.336116528909138 0.155386480740839 0.134380183483966
0.186107296615961 0.237255605764292 0.0159695851261563 0.0277403987451055
0.230460977974428 0.1040590174332 -0.0442596761417018 0.0718580018335035
0.234654080573843 0.00660836806674452 -0.0171474039602929 0.104709776368652
0.19677143574179 -0.021342242464947 0.020835049719795 0.0788164897810044
0.206884318619142 -0.020507963746333 -0.00708012782688823 0.0275857076990696
0.218839939457313 0.06824098565743 -0.0309685286241923 -0.0526988092046793
0.196057277329696 0.158902899599523 -0.0521374011031349 -0.136060817791851
0.111863551573772 0.27577976240837 0.0245678432208348 -0.201698590401769
0.000935581371282231 0.290557428146215 0.110176334332072 -0.205703713276463
-0.0952745835547013 0.236003134173874 0.187153432604914 -0.17963436715442
-0.099800981665132 0.287790385948488 0.195243717318933 -0.0265812231644287
0.066781178227392 0.266050224377314 0.0825961665437942 -0.224690874754072
-0.00853324347196438 0.110041152936721 -0.206279067039333 0.124114575391965
-0.0841366371114413 0.210452889733515 0.0726650967467838 0.299864791765546
0.0242154072623405 0.303069291922479 0.173603794910473 0.133259736199545
0.194091375650703 0.211814920772535 0.0745065746742209 0.070838909450494
0.234919008655325 0.0640433887428819 0.0533209540477913 0.0951914943865306
0.225051069983529 -0.0269503077700129 0.0740130149409703 0.101662893078706
0.185264514277257 -0.0439290438061632 0.0876688863623827 0.0696717776733072
0.191086553684772 -0.0400018015061502 0.0544956217572903 0.0223666363538088
0.206157885861624 0.051988704262981 0.0400156010716644 -0.0465906168215925
0.174855142320067 0.16101798510575 0.0255354162696697 -0.107181577993741
0.0489058779903829 0.271149674108443 0.0838720639568489 -0.155728357553821
-0.0637413567809888 0.227813432808584 0.154706589318565 -0.184246301934595
-0.0855320595244201 0.147507992795024 0.247522639058007 -0.21019791015863
-0.0218212255052917 0.229489168566427 0.26187730620203 -0.0890055164793547
0.150498658769271 0.14370244175247 0.0751913241908522 -0.260186287858532
0.0126770186437727 -0.0145269465201146 -0.126597890744935 0.0948015408376321
-0.099955240246196 0.115477542927305 0.100235658470763 0.23444560632175
-0.00247584119404471 0.233573178830318 0.163297768082389 0.13262117507277
0.162361682839776 0.152946395180219 0.125719717452989 0.108950503846326
0.1901063959711 0.016696301340617 0.144935491014208 0.104675357815411
0.176321032967049 -0.0512900345131821 0.153475462004791 0.0844496828981811
0.146401350611046 -0.0596339513129684 0.141019788918545 0.0513217520048212
0.154593427519443 -0.0558039498806577 0.104436733278882 0.0115977488189883
0.175374748327807 0.0286390942156037 0.0997593973342635 -0.0353569578557303
0.138455047840361 0.141559434733512 0.0885857622765464 -0.0618198117813476
-0.0152496535720657 0.221110603238297 0.116445955351412 -0.0889694630155038
-0.0998783040104988 0.120496355499903 0.174013416869994 -0.151843399750911
-0.0331620636338131 0.045529771560142 0.305643323881815 -0.222047262861585
0.0710724797558355 0.158367745191926 0.307738502881915 -0.126218239946004
0.197104813873561 -0.00262243978681006 0.05156948249913 -0.256224964255211
0.0116368084103231 -0.12565261802951 -0.0751496715894316 0.0683591207106414
-0.111163989988053 0.0218149671916697 0.0905525298335889 0.18337532515996
-0.0303279859130475 0.139939521090696 0.140467690978311 0.147494368748344
0.0992207886251563 0.0800881830159308 0.17069890786232 0.138979996672213
0.110973436407477 -0.0241723894886184 0.214359998698571 0.100410612041528
0.0975549499083761 -0.0617789255508366 0.206781325126261 0.0560787932301304
0.0857766969139467 -0.0658956635891279 0.173608900899126 0.0262475411885104
0.101274424674404 -0.0688205783102765 0.143584223925386 -0.00414961916998401
0.132120196069684 -0.00157239112461296 0.145751581747828 -0.0221683037699905
0.0968737492019233 0.102843160310207 0.128698452650558 -0.0101968874194309
-0.0535175102239678 0.13521663538987 0.113003966969965 -0.0287579907227881
-0.0851023439464219 0.00161147108236704 0.171006172408384 -0.140469618032328
0.0533090898126159 -0.037678470649362 0.3601186178027 -0.222887495963718
0.164371760179943 0.0890721625085129 0.322417620292116 -0.142698571561138
-0.264035258183547 0.0704040154822468 -0.233972138788175 0.0961135632076432
-0.154921357768985 0.132856626621375 -0.43949001262034 0.24068554702519
0.00792600267417696 0.106170650679468 -0.158163732093887 0.20624748425593
0.0338351486682564 -0.0327186481461098 -0.0664544158121611 0.0466634434759447
-0.0646509641426324 -0.024055789387912 -0.131614423486743 -0.0250940231910444
-0.0599669749299638 0.05885558479793 -0.190095411320599 0.0168491125544008
-0.0147567310964907 0.0815401428977133 -0.178733753647927 0.0370461072241732
-0.00558588462786745 0.0668358971109997 -0.172912662022391 0.0213525070618994
0.00720431590667419 0.0652302365377839 -0.218626474646087 -0.0187131007715117
-0.0179271275084611 0.058209493095728 -0.2460657319458 -0.0624579387044786
-0.0234930791144435 -0.00106676227605921 -0.232362209810743 -0.124358336402954
0.0617035213619977 -0.0506454635054089 -0.153067780339086 -0.168639553106387
0.130967263029677 0.0675278800751234 -0.0954553503149875 -0.16793342809622
-0.00346489804570835 0.170956982390342 0.0218141843033022 -0.056239946140767
-0.175815649927438 0.136472811269586 -0.0656820555143466 0.238315939665483
-0.266827182556723 0.168718454732153 -0.166717465598695 0.0460197602171864
-0.208144032550739 0.189570903814354 -0.456935633762246 0.218989224770082
-0.0554302686316175 0.20992405800654 -0.142004644251801 0.25395188877703
0.0348588984615059 0.101676293643753 -0.0179767666081562 0.0459017461739927
0.0022171403052342 0.0576518806263891 -0.132206821417454 -0.0461893760046861
0.0182954619433466 0.0870415652404043 -0.20628998908257 0.0195284234978761
0.0667610370159015 0.0728961080681403 -0.1845481577988 0.0639523058016549
0.0709156488745186 0.0487648112377689 -0.152482959234127 0.0496779839310249
0.0923425455479771 0.0408820936856846 -0.1942430365974 0.00859538284924784
0.0805366605872559 0.0667434458624886 -0.231857707773456 -0.0493369442625227
0.0682760100350965 0.0502231121163894 -0.233323172698587 -0.130997496042054
0.111523983232552 0.0517146500115304 -0.140589260505299 -0.192520495678653
0.131804240972108 0.155773657847396 -0.0571525035655286 -0.177101619122216
-0.0160655573309958 0.244112816032724 0.0477163688616255 -0.0629218092957601
-0.183243660032191 0.246878328852004 -0.00463270960518294 0.196768804251066
-0.21870708118139 0.26433933172057 -0.0884780302092992 -0.0159594197370326
-0.198963388263169 0.240390943471727 -0.441275092904168 0.203814306288906
-0.0832725049781717 0.29084452940981 -0.114590679075072 0.313132066889013
0.0438216735747058 0.229018890881157 0.0391281650427667 0.0745799101155507
0.0806906334537603 0.144577905782772 -0.107049722205601 -0.0359437974149604
0.107775654376938 0.10836139143362 -0.189383784166521 0.0358310767751657
0.145540178781675 0.0520833210674366 -0.15933948506752 0.0920389939040507
0.136482301959682 0.0235312472790599 -0.106151616685705 0.0716410642881883
0.158453441563896 0.0107784203456445 -0.143001701394241 0.0262255689831455
0.16300448561047 0.0650009877221125 -0.187166332844959 -0.0441093565469472
0.150228203350738 0.0917880040828687 -0.207024985846078 -0.137177287285374
0.156864826566361 0.147197655680116 -0.113911892155533 -0.216016154099576
0.122334603885755 0.237781884528459 -0.0136497792392951 -0.204672737964551
-0.0341450259247912 0.29340883592497 0.0897733984981681 -0.104198457693392
-0.17011737152435 0.318722333578845 0.069726851614396 0.124798131709022
-0.122191473136027 0.32865195138892 -0.0188587427844653 -0.0910700414529584
-0.131387770042949 0.263583853896125 -0.385050746628985 0.189791412175058
-0.069868370412365 0.329531737487839 -0.0579379584605509 0.352399390838402
0.0671095639404983 0.314935848570232 0.0966875893894332 0.105747668422637
0.160232485029568 0.20473655628786 -0.0600315428287124 -0.00250748131358162
0.192644596081055 0.109079078979976 -0.134129633436832 0.063763838900399
0.208846204546574 0.0188866509287093 -0.0998505386808857 0.113542657428149
0.179175066898349 -0.00788456889854017 -0.0401306772301977 0.0830185795941474
0.197176376894604 -0.0180767400649127 -0.0746301191791373 0.0331570665045231
0.214136417665844 0.0566066302464936 -0.119255337263561 -0.0469154979682442
0.2033865259915 0.121164630159088 -0.149836128603366 -0.142126373091273
0.17445342442352 0.224468003275217 -0.0669087387308762 -0.231317719267835
0.0925248347605075 0.293519612230241 0.0384271576432077 -0.231908459369393
-0.056950856613521 0.303103994743481 0.140577142942337 -0.161693519129086
-0.135894802470187 0.340098653562881 0.146662781624222 0.0356786481526064
-0.00596992425198307 0.327125877248328 0.0279076330598793 -0.170555501250474
-0.0484582114852981 0.221112701797859 -0.303519020912702 0.170633902876333
-0.0475189326579803 0.301723196669521 0.0179565995660319 0.343732588062754
0.0821737907906936 0.335308732175877 0.142401655440277 0.118338012623086
0.214589265125957 0.219928856882308 0.00209703865138423 0.0399846430053135
0.243166962252858 0.0835119429469931 -0.0462534357734093 0.0911952523821082
0.23754383810505 -0.0215143895410831 -0.0154225466352982 0.121814852691708
0.195019309701732 -0.0375876365737897 0.0328012767792324 0.0810439058163072
0.204205943108906 -0.0427833028294723 -0.00304006261310875 0.0298140868784223
0.229638993044059 0.0457077029666779 -0.0409107712751794 -0.0514879842119204
0.217509870921833 0.141046859958343 -0.072286023518977 -0.137248004450634
0.147304310915263 0.27160105505289 0.000417576646014708 -0.222254122262376
0.032399403756392 0.299010668299713 0.0972375049986263 -0.239758901558363
-0.0756668416688556 0.25877629597684 0.196335559475485 -0.21468945363981
-0.0791363636555004 0.310922065459855 0.218979197279717 -0.0534956443791724
0.0975981514768357 0.249766316564397 0.0471586105682714 -0.231815231875959
0.00216758334116837 0.115857905781641 -0.208755928320921 0.141813150173427
-0.0551954159609673 0.224035176031441 0.0826916092010626 0.289741524993613
0.0669279117821087 0.302883576364228 0.163664826978112 0.116230693249683
0.221266490164159 0.193149837874102 0.0660753485562613 0.080244652968402
0.244409304526818 0.0419227676962723 0.0562344873681412 0.107402366834318
0.224449054314956 -0.0558608273103623 0.077764043739893 0.111404411591385
0.180979599334674 -0.060390721083981 0.100142371937559 0.0656549014403032
0.186179148868736 -0.060999704300512 0.0599727722687516 0.0196184789054262
0.215461269609014 0.030301940197462 0.032928883571492 -0.0512471458386666
0.195647214334799 0.144980065845397 0.0117934230550301 -0.114372650879248
0.0820421876391901 0.27511231517304 0.0690133424175833 -0.179224323220584
-0.0408566594021313 0.24341324272471 0.149551974693725 -0.218690316224207
-0.0731735724291452 0.166956330032368 0.254445047697356 -0.247055345731663
-0.00165623213550923 0.244024188759877 0.278201823210744 -0.122000073766226
0.16421177362435 0.117438451102473 0.0467894362880549 -0.258984326019055
0.00919698337274327 -0.0132962965556252 -0.122168655270514 0.107669510196038
-0.083753832219597 0.129678484278212 0.112588595376956 0.220880138425015
0.0320132970487716 0.236589695388761 0.159579570732439 0.116660036705854
0.183729225687735 0.136544722071543 0.125546152435764 0.113609393598941
0.194850202431939 -0.00349305838514312 0.153362042036018 0.10652042631626
0.17267338840548 -0.075554160192388 0.159104203016548 0.08429528863112
0.141322142390606 -0.0732372405931348 0.152703414649627 0.0425437377183032
0.146837375910461 -0.0732910058801534 0.110561286573283 0.00474596138905936
0.181029263026424 0.00946438222599761 0.0967940935098302 -0.0446705682786158
0.156519405903554 0.129088251550561 0.0830610173300755 -0.0725933510811881
0.0106519299947171 0.231144311579368 0.112801304557962 -0.110549677988355
-0.0892071697865547 0.137543666587172 0.175475220606082 -0.18120528021323
-0.0285563459339695 0.0563410310005126 0.307348931069599 -0.259484259844735
0.0906996032778616 0.162366664110078 0.315645602669982 -0.162262030641585
0.193124647375435 -0.0320412352604486 0.0331688290899251 -0.24841826600486
-0.00448683581500855 -0.125799619543131 -0.063751337559636 0.0778093178823229
-0.106690640343539 0.0363514503795103 0.105791964309663 0.17095033492048
-0.00881297044830592 0.145855084072703 0.145405021212555 0.134592313034943
0.113512977365622 0.0687951377246497 0.179506418124462 0.135598808432937
0.112123679519309 -0.0386835546997442 0.225996455219388 0.0913630529876724
0.0925676463129224 -0.0774532356847705 0.213183724431361 0.0479955129858503
0.0807879812178736 -0.0750351301816389 0.183234959946927 0.012786040235905
0.092658157452672 -0.0817183662045126 0.148493920154674 -0.015177187624424
0.13230335855084 -0.0167562693897962 0.147636276877623 -0.0345451339389044
0.110532533016786 0.0941096324547077 0.130263602439166 -0.0215483347989679
-0.0386128506330778 0.147567592535927 0.117316584583195 -0.0440106408412276
-0.0859785652291178 0.0147137066497181 0.172517694108349 -0.162248848798834
0.0541039280091529 -0.0369473798023257 0.357275923184352 -0.263515844564747
0.182049850454285 0.0824992328544992 0.323260441310485 -0.178449269196119
-0.261803611279253 0.088032367479485 -0.234147086949779 0.106284384078686
-0.149947789215101 0.142503230489905 -0.433471074783201 0.267983292786026
0.0140028482058029 0.106535183851334 -0.149449544269241 0.217177013316655
0.0310063687898172 -0.0362289399119434 -0.0643077681475563 0.0491358233806395
-0.0667541857001728 -0.0189077700023646 -0.133889224270325 -0.0183317410887007
-0.0552354705977387 0.0643253104397082 -0.188938868182349 0.0300482023201646
-0.00942027596521977 0.0837348389335673 -0.176493968414772 0.0483130806391741
-0.0011257031905155 0.069216325075166 -0.173899733139863 0.0287309750478982
0.0117093509389998 0.0675285806563017 -0.2224949283677 -0.0083569885262715
-0.0139342838409781 0.0615494158002939 -0.252461141069924 -0.0504152511136101
-0.0244258146733483 0.00133253522270241 -0.242173289499441 -0.114621824829754
0.0575120353578559 -0.0549162355650652 -0.165723803058586 -0.164113169493775
0.136677992853446 0.0592031606807789 -0.106586380770648 -0.163921943151006
0.00521549750873148 0.174028499284749 0.020349937274121 -0.0575416505592008
-0.17055130717897 0.14891819561372 -0.0507755823324672 0.243291194207497
-0.258610550970761 0.18423459276936 -0.169926797389761 0.0517592468063045
-0.200892420445842 0.20271506978403 -0.453505782404802 0.24871794664798
-0.0436678551158806 0.215322092549216 -0.129722777230135 0.263948085073759
0.0407037474410251 0.100420113380756 -0.0142935512553301 0.0452566439120602
0.0052758238082929 0.0598554320097366 -0.135852900203989 -0.0405231310885207
0.0247788735197726 0.087478492270042 -0.20675128613089 0.034332860246865
0.0710281801427012 0.0708066379855996 -0.179711406325472 0.075890105027627
0.074670376968086 0.0467837666586319 -0.1506604004274 0.0568343935391707
0.0958520640673061 0.0375582318142744 -0.196525111044868 0.0186165758779191
0.0865439300952016 0.0640678173405806 -0.237311137183304 -0.0370933870218378
0.0718442531560262 0.0492582157649503 -0.244018596968606 -0.1201105980223
0.11389513482287 0.0456410359725712 -0.153767191546615 -0.188970554957412
0.141876262234711 0.148579130844924 -0.0686974912377133 -0.17617250816049
-0.00376331842346589 0.249002160759538 0.0466284374928389 -0.0675650688423855
-0.1712485226544 0.260399470562807 0.00895911910297429 0.197819649808364
-0.20472051928928 0.276560725704526 -0.0940037489497613 -0.0147325467879128
-0.189762524367894 0.254188827065576 -0.43622195605243 0.232093449248071
-0.0683837103712891 0.299617471917956 -0.0972726522639686 0.322868927595654
0.0568688471987738 0.230276609960633 0.0451891098276387 0.0703757515343049
0.0902133832121441 0.143481890057761 -0.110586408277562 -0.0322439218920375
0.117239647751957 0.103755002530314 -0.189333082828511 0.0501428206695007
0.149415554472963 0.0457681422448951 -0.151102110306946 0.102364655102768
0.138445598752411 0.0164556859170239 -0.101604768511003 0.0775504613463392
0.161238784734673 0.00305789132229127 -0.141672922004873 0.0335860341353586
0.169595044268887 0.0571881412372898 -0.191654405971532 -0.0344163256750635
0.157934530883546 0.0857502956130529 -0.217277203364343 -0.127689515368411
0.165816892884372 0.140483759951728 -0.128489856506549 -0.214277460187895
0.136188492210282 0.233404598086283 -0.0248837040535491 -0.207586902995042
-0.0196747099463301 0.299811735079222 0.0869315295492756 -0.111159738357301
-0.153581909466945 0.331311333129809 0.0795975041098558 0.120628768306715
-0.105361532897531 0.333673622582456 -0.0270884175743235 -0.0935702644356946
-0.120278570867866 0.273825395202303 -0.381213048638766 0.214903220403382
-0.0526636630820286 0.337591096770534 -0.0370039587606277 0.358163570243114
0.0852680158835003 0.315716405159193 0.10569616827787 0.0982584690212881
0.174500488611132 0.20127788316475 -0.0606521285675572 -0.000761189826629193
0.201778823160873 0.099619361329126 -0.132224351559345 0.0748521637526589
0.209509670185511 0.00695885450518374 -0.0899287636263314 0.121961998379717
0.179809856797291 -0.0174008412027388 -0.0349941800598727 0.0857771382905159
0.196892590939801 -0.028778422702124 -0.0720945804641379 0.0375217617333123
0.220297282837455 0.0452285645122227 -0.122068527540214 -0.0407203694537695
0.21354829788802 0.112939140463999 -0.16017534338275 -0.13587188747159
0.189123331941407 0.218524364381315 -0.0815199362295422 -0.231598829390244
0.108617980467349 0.291960995287785 0.0270407523150342 -0.239212156227701
-0.0416802338353785 0.310007069611933 0.135241829723573 -0.171825755579062
-0.118503417399592 0.351167852941963 0.152822038314029 0.0256619952547535
0.0139325848295627 0.327497944413475 0.015564606662448 -0.175774663116633
-0.0387388808239189 0.226065289676967 -0.299188447416621 0.190070477026439
-0.0320730287676778 0.308966929860449 0.039668158063169 0.34704890520525
0.101872980225062 0.33723736158231 0.15390644544831 0.109196483897209
0.230666133161085 0.213420928507924 0.00366968267348547 0.0399694475136343
0.251811989532943 0.0705360459203059 -0.0420049804418666 0.098303263587641
0.236136969903669 -0.0349988485026017 -0.00425145605842802 0.124566598444694
0.193044324254595 -0.0488669383902087 0.0391547390909937 0.0794884728323928
0.202388828292909 -0.0540998245214482 0.000346162615939347 0.0301302177514043
0.235151296613447 0.0323886208640333 -0.0439185457851948 -0.0496305603547628
0.228490361956587 0.131539143869431 -0.0803392523501794 -0.134912366645527
0.164436887504302 0.268047056532452 -0.0117479175835663 -0.226160730592116
0.0484134001231921 0.301815024221456 0.0867505692494725 -0.251369262322672
-0.0627917692598444 0.265604959702845 0.188410712399889 -0.228208501718365
-0.0616366526999938 0.318396576395142 0.220820199746072 -0.0668643100368804
0.112396129752608 0.241750896833982 0.0324565437528823 -0.237428287035132
0.0061222041915783 0.11626178988908 -0.203837692469201 0.156655390581071
-0.0439455711208387 0.231325277593609 0.101932686854139 0.288911868736375
0.0854489825189497 0.305235096572062 0.174465680725302 0.106585823214235
0.236014496612601 0.183981390511594 0.0709269443896396 0.0783762736321313
0.249202744679384 0.0269922852611915 0.0623264055409264 0.107947467876841
0.220830052850874 -0.0697525359091743 0.0885260617590976 0.108530894250462
0.17753096022693 -0.0716222099339866 0.107057649918751 0.0614461987837438
0.182465522968165 -0.0717789024726846 0.0631064056905223 0.0170134017759943
0.218574331095843 0.0169918263236783 0.031413534218865 -0.0535627231544302
0.207547745753511 0.135558685503484 0.00546569295065488 -0.116281301689626
0.0991761867434505 0.275669981152052 0.0610511011823352 -0.186301214047466
-0.0287634910957235 0.248639551030117 0.141162521826123 -0.231497340483129
-0.0648939536491284 0.17187466701847 0.244615008171005 -0.263420512011798
0.0129757072768786 0.245012966119594 0.276878568175037 -0.138971549036364
0.172753258208148 0.104690442712804 0.0306925506045686 -0.263943101548102
0.00591505021222434 -0.0139042145453735 -0.117577957501896 0.11693246783041
-0.0778507637725682 0.137062807617954 0.129308132521034 0.217905166657706
0.0465913958980039 0.239575933279687 0.169266413615393 0.107722664449771
0.195149365666068 0.128083607560537 0.132791128852736 0.109454069169528
0.196096359685554 -0.0157991722018841 0.160397506520548 0.101718019082488
0.167463826294313 -0.0869279675588596 0.16823155500426 0.077097242324381
0.13669346742464 -0.0822663880286962 0.158317190473743 0.0355490113668878
0.142441572888322 -0.0826814594289682 0.113265015985379 0.000127356793001099
0.182583681508473 -0.00286477004692029 0.0951631743690756 -0.0505773609434371
0.167309535053735 0.121363224098753 0.0807515707327609 -0.0777245189030359
0.0245131365361008 0.235462301317838 0.110021673981309 -0.118101251274439
-0.0837532158867947 0.144735935665743 0.1692765472441 -0.19457086237099
-0.025979725217605 0.0572618994416973 0.298956200615847 -0.277465359326898
0.10141293726486 0.157018754032757 0.312720006965461 -0.181166059662307
0.192997968440587 -0.0471351819321226 0.0183216549958472 -0.250485521658704
-0.0138813166200104 -0.127036902705109 -0.0603138619488121 0.0834754657254697
-0.105880747012808 0.0439911406762078 0.118219677166131 0.168930509322652
0.000530079918709174 0.149835605884316 0.156047524974395 0.12799309425368
0.118947016935513 0.0620411090957336 0.187932280347573 0.128739120283405
0.109023375814898 -0.0464117824215713 0.23321891658219 0.0823081646598561
0.087459040693443 -0.0847669525618198 0.219251527792602 0.0370365444017969
0.0756451351906648 -0.0808356899842565 0.187011706009223 0.00458139305883005
0.086975321313045 -0.0888684289823081 0.149468587715074 -0.0218701098606805
0.13280383672618 -0.026600237408512 0.145675505743795 -0.0442416028201665
0.118894474677076 0.0878919634355269 0.131402011689011 -0.0293479248317924
-0.029714829829969 0.154449377418886 0.118659345518575 -0.0502086939445282
-0.0869427360094148 0.0200859896791446 0.16649588135035 -0.173735764089571
0.0535349352114056 -0.041646543691453 0.347192145594089 -0.285681551927605
0.189535605699994 0.0712067335968993 0.319356981387018 -0.196658339650265
-0.250401853516831 0.101786866300867 -0.226537257567864 0.114923668765715
-0.138859997561119 0.148945646449158 -0.411216801243697 0.289207862732764
0.0210595106487086 0.103150171658292 -0.134958298670889 0.22169733693967
0.0270410519475354 -0.0382263452198802 -0.0603303372850001 0.0505170985917091
-0.0666311467692564 -0.0134353372788499 -0.132081034513663 -0.0112464965132119
-0.0482908651911539 0.0671115672853523 -0.18173950178837 0.0427066202718645
-0.0037553115252904 0.0835629302029948 -0.168165765203099 0.0581421985798757
0.00409403853241325 0.0700063142709822 -0.169576285036301 0.0363211605275369
0.0169268605099373 0.06709156709943 -0.219920894877919 0.00354708919347944
-0.0084280060643526 0.0636262961028276 -0.250288910457038 -0.0346234459891498
-0.024814865813802 0.00498998920442371 -0.244607473898816 -0.0987435519336331
0.0508781091458981 -0.0573495919287775 -0.174812458200427 -0.152243882105887
0.137881721843553 0.0481566960800983 -0.115928937537922 -0.153603186835625
0.0147533378739588 0.171802015145972 0.0185961575453147 -0.0583364994617775
-0.157722279753485 0.156884780757149 -0.0337046187093695 0.23948707287707
-0.241706915994145 0.194719500131223 -0.166693133049942 0.057563383270817
-0.187086540806236 0.210770031648835 -0.433008666382134 0.271619347705022
-0.0296481781511729 0.214064154217754 -0.111568661669944 0.266092338255989
0.0451128022428145 0.0963896662619017 -0.0106300614871843 0.0424896861829456
0.00920143186293529 0.0603189996708855 -0.135642944162838 -0.0334657729189752
0.0314486109160517 0.0850391597191221 -0.199298468605562 0.0477318160068551
0.0738962203451383 0.0662053641040297 -0.168392344735979 0.0849694205569171
0.0766619813239659 0.0429373412563357 -0.14491671802167 0.062796946626349
0.0967684285243918 0.0320281629309408 -0.191618558966748 0.0287526509019646
0.0909529055317426 0.0588460762872277 -0.234740153369856 -0.022900235837501
0.0736329758452332 0.0463723297830125 -0.247131627853315 -0.102946014903627
0.113030537954157 0.0385985875580589 -0.164116462608756 -0.177807124739516
0.1474107787217 0.136655421831225 -0.0773696880806875 -0.168342417335401
0.0100314167552897 0.245642505005363 0.0442148218441245 -0.0694507405248843
-0.151314537880309 0.266123286230784 0.022461992584113 0.191117652100693
-0.183798001240288 0.280564385606407 -0.0960804156436913 -0.0119272292105718
-0.173403962984495 0.260209515334395 -0.415903741804981 0.255181899539307
-0.0490267989555989 0.298244185836138 -0.0750818159602427 0.321527147624715
0.0691764096923193 0.223047358109452 0.0500846531148525 0.0637457241860768
0.098257507472663 0.13774841728757 -0.110982808234099 -0.0266038727018107
0.122154855149873 0.0957031971164491 -0.18208295244591 0.062423308349979
0.148104563852857 0.0369091605235721 -0.138049189097545 0.10901576630197
0.136853982803997 0.00919571819487873 -0.0947832647588926 0.0811426367619632
0.157993747385272 -0.00505893654089179 -0.136053220710036 0.0404894410779218
0.171051336702386 0.0465636211423375 -0.189413837394291 -0.0226332950352804
0.160535451586895 0.0771267444954619 -0.221554106310329 -0.112873838589971
0.170434092881568 0.129729936285608 -0.14098185149137 -0.204022328982764
0.147196366670702 0.220596823173766 -0.0364704166697661 -0.203379297796101
-0.00305294363707176 0.29627076756606 0.0809201334353043 -0.115096535079087
-0.129610573324366 0.335191271770437 0.0872781735523399 0.111411874087898
-0.0826920644492379 0.329833607302801 -0.0352596303799832 -0.0926830049546564
-0.104054096154789 0.275431805447071 -0.362004011598201 0.233453789940997
-0.030255107149256 0.335730000469149 -0.013537994906949 0.35399892208295
0.102947319329523 0.306184847817997 0.111295780622763 0.087439663220839
0.18510931141894 0.189098545573149 -0.0605876350838307 0.0012866898217939
0.204919280960019 0.0853316604017853 -0.125110967629239 0.0845519095398957
0.20404199841934 -0.00474436476512422 -0.0762150751177516 0.124108449239789
0.174598792853876 -0.0268089306683447 -0.0275182811564442 0.085331010844177
0.190415322720355 -0.0389299256155125 -0.066499691124566 0.0403534350465251
0.22011774746223 0.0315420270530967 -0.121855298766682 -0.0327839553094644
0.217956703893958 0.09989389826913 -0.16596344831586 -0.124076419962465
0.198352220333004 0.205555311321186 -0.0948048605474575 -0.224288947829487
0.12363394715969 0.279968981165342 0.0129112958484177 -0.238591281933185
-0.0237794615881147 0.306824360265225 0.124965002993438 -0.178077289548048
-0.0936298773114238 0.350984080114241 0.153078730731841 0.0145995307973136
0.0325856297620564 0.314059431957226 0.00206752629904019 -0.174283185940862
-0.0269278893256556 0.224310837355748 -0.283903174798311 0.206729936207241
-0.013729387978966 0.306787218324786 0.0622136974312972 0.33759736261651
0.120908552310628 0.326893481392381 0.159194325886967 0.094885452995973
0.241387608545024 0.197086101888427 0.00464646456996361 0.0375113360759717
0.251915989493081 0.0532076912626123 -0.0355070460400366 0.101384499515963
0.226817261413396 -0.04796146727452 0.00824733265929336 0.121611358589969
0.184937803447932 -0.0591831304549622 0.0449931498350434 0.0760128283306759
0.194163348768333 -0.0640925329716444 0.00383267281154564 0.0293352579863832
0.232322942788834 0.0171095858503289 -0.0456047095261771 -0.0458463606735273
0.234012519217561 0.116434144079417 -0.0873978573793645 -0.128233777752101
0.177454763786037 0.25561997293087 -0.0251497584619582 -0.223054954238312
0.0642657278543556 0.294214818248867 0.0711824217250293 -0.254954499870825
-0.0469327690203046 0.264232663937605 0.173425251591008 -0.236058295227421
-0.0394509069093308 0.31423997516566 0.214500106451876 -0.0805503494007958
0.124197852804963 0.2243527053282 0.0152703446658753 -0.234906302542141
0.0102913682920342 0.113114672966685 -0.191337576869851 0.16727338356276
-0.0297045541790554 0.230288600967225 0.119344646809593 0.277486990629119
0.103371347401363 0.297693786926171 0.179025417063675 0.0914789668869987
0.244587280162527 0.16857346863527 0.0726694243996046 0.0725602115228822
0.245688978488268 0.0103697295137014 0.0677403807402632 0.105715632307104
0.209817197745121 -0.0817164054916398 0.0966425325377356 0.100408249794301
0.168045515898172 -0.0806189135392555 0.110597071224922 0.0540085339690588
0.172799701671964 -0.0804065907954638 0.0649532178988203 0.0136435062030949
0.214234338949753 0.00240937951169541 0.0274765887110111 -0.0542208727167247
0.213553356703593 0.121130061489937 -0.00119630902834433 -0.114768447157319
0.114097507601262 0.266854453322607 0.0499757685918409 -0.18740076716232
-0.0151071815936643 0.247321274442327 0.126411390270715 -0.238077161464576
-0.0548078720049507 0.1714855559316 0.226920522289892 -0.272160432697747
0.0285163401447199 0.238036102559832 0.266003274990443 -0.153304613633627
0.174275203732557 0.0874753037608432 0.0134018541396158 -0.258846366908284
0.00232616943056808 -0.0146531666825225 -0.109059169441607 0.122851737584924
-0.0684184986366491 0.140722220185665 0.141434681582656 0.206086003485167
0.0609902500439988 0.234664288213692 0.173999645025466 0.0943137693320974
0.200129706036251 0.11422354840857 0.136212201533152 0.100899120558725
0.190085020309441 -0.0284243084272472 0.16321844195233 0.092505564406875
0.15662218962358 -0.0967052774202246 0.1715179832179 0.0653034579234668
0.126926215005802 -0.089128769190945 0.159847757833754 0.0262257846072669
0.132566454488276 -0.09017634454434 0.112066638317151 -0.00623735744438896
0.177870424226902 -0.015541756322596 0.0895380517907437 -0.0555685121995149
0.172950482963195 0.108035113628005 0.0747431492557267 -0.0816404928579965
0.0397514114751899 0.232006959703968 0.10291594768772 -0.122572071581579
-0.0748292274336947 0.148383307868282 0.15658901701233 -0.202424112695899
-0.0227377088294614 0.0561353642852035 0.278310262730108 -0.290369654179778
0.109952557204378 0.145749718137042 0.298429777572454 -0.195696578830419
0.184915541014035 -0.0620688050374241 0.00245596750150901 -0.244488023774064
-0.0230516875960239 -0.124021224025944 -0.0543347490307214 0.0861955841402782
-0.101624890455614 0.0506092273677451 0.127996410077745 0.159556607578583
0.0103418783944893 0.148722526862206 0.161975634736161 0.115503805086767
0.121663809038154 0.0532045621825432 0.192610568211783 0.117080971261742
0.102346294970589 -0.0532813030655268 0.233433066194098 0.0679856831569817
0.0791289292671487 -0.0901931013297751 0.21726536596239 0.0242142234502024
0.0676787588559426 -0.0845097511065422 0.185540954246296 -0.00514484813464072
0.077808156725279 -0.0929188062296877 0.146027099126603 -0.02933593858458
0.127388061217871 -0.036375109672804 0.139557546828546 -0.0523316837180016
0.124224573691113 0.0779323754662412 0.127598562843768 -0.036814930622601
-0.0187223508402057 0.155489602240623 0.115427910342883 -0.0555271325520002
-0.0842922027381776 0.0264350864471438 0.153745603129108 -0.180453677840799
0.0496710817441482 -0.0457100007260125 0.3250525384493 -0.299165205809549
0.190680521714994 0.0562210612413902 0.304934771673185 -0.209962718387518
-0.235710423126924 0.107194345992429 -0.216588930248771 0.114966300293061
-0.128509944431923 0.148291178544819 -0.386548208083928 0.293394699832688
0.0256338532926712 0.0977696245953448 -0.122853979754667 0.217233690235254
0.0230911390273035 -0.0385991107096464 -0.0557967046480264 0.0494835044437372
-0.0638313115304962 -0.00998694976225156 -0.128071171330352 -0.00712257947542507
-0.0419028855497812 0.0668594242796873 -0.171040581748031 0.0492375076253008
0.000561816755261702 0.0811105615538829 -0.158217544084452 0.0623252476055868
0.00820954388027206 0.0684173875823713 -0.162973648221363 0.0394645876023644
0.0200881272998176 0.0648696526301829 -0.212436619805276 0.0108935642710475
-0.00414786478624143 0.0628732786631769 -0.242432159102221 -0.0246135282596023
-0.0240079249076485 0.00724931666746645 -0.239687031327167 -0.0866431985369811
0.0446761157500176 -0.0572415700705904 -0.174977107767775 -0.141062632392393
0.134176393603486 0.0393594382506853 -0.117479813159797 -0.142141050978804
0.0196732699506321 0.165252681173858 0.0174790315996262 -0.0580642368142641
-0.146068179587367 0.157794643344208 -0.0211879655732597 0.230348466255401
-0.224613136218996 0.19483021607977 -0.161680064052967 0.0582357862339338
-0.173326348276755 0.209563660380243 -0.40668153683375 0.277176383924985
-0.0195586108559993 0.206547699036339 -0.0973776110180347 0.259600156064704
0.0463130612921622 0.0906684438052702 -0.00836691355103328 0.0386221470888755
0.0119415875805205 0.0581563939129136 -0.133033342132077 -0.0288422922623909
0.0351345411209033 0.0807953076718878 -0.189065345149924 0.0548068029814286
0.0734827895720674 0.0621252218682945 -0.156063021952794 0.0878058242849141
0.0761380588450555 0.0396363866500038 -0.136877321956462 0.0643796408178638
0.0953392647884566 0.0283967056728974 -0.182859497592009 0.0333387797540665
0.0912938385457795 0.0545701498822335 -0.226578824450897 -0.01386480594235
0.0729458537950259 0.0435937090996653 -0.242877621079784 -0.0905842127142492
0.107766434167273 0.0331975914731527 -0.166105096280578 -0.165495261094111
0.146163684372928 0.124788307341674 -0.0810095029009465 -0.159227679411871
0.0178732129356802 0.236606580187959 0.0416666745233825 -0.069470499521267
-0.136103720238893 0.26123447019812 0.0304859704198383 0.181557725782981
-0.165977661045118 0.273764895791739 -0.0965183200611129 -0.0106351118960225
-0.158813102086368 0.256143569941996 -0.393600487183101 0.261531444635687
-0.0355401659502601 0.289630150013066 -0.0597227772463742 0.311676128557139
0.0749895422061605 0.212096263725087 0.0510167742110771 0.0557873655179146
0.101388282808663 0.130031819580524 -0.109149162795648 -0.0242329415137723
0.123466040530532 0.086829417802234 -0.172173559148111 0.0691755766486501
0.142832833022962 0.0314570528617957 -0.125287153667802 0.109309222746492
0.131679391276894 0.0052472876712854 -0.0873513087722536 0.080136010715957
0.151919264754943 -0.0102038358990526 -0.128672297140851 0.0433325226077901
0.167205033052221 0.0390701753590837 -0.181967420478181 -0.0156448495310371
0.158405232337933 0.0700000833567736 -0.218463797325601 -0.100491947418002
0.167235764856752 0.119290430132578 -0.144544224894892 -0.192397370247296
0.148946827346783 0.206484593589751 -0.0425857562252286 -0.195602958680213
0.00822804901444611 0.285196414949877 0.0757931005398336 -0.114724369962887
-0.112081353977465 0.327147703956112 0.0901376707640659 0.101314428561455
-0.0684490193070625 0.315659217132591 -0.0399418875012459 -0.0897430454064767
-0.0927399763865651 0.268729519063567 -0.341200643257025 0.240492763474096
-0.0175875022306088 0.324352546481192 0.000934769856626035 0.340512996672266
0.111211397873626 0.292258844785462 0.111343018026588 0.0756178306897066
0.187598606566545 0.176805470462353 -0.0606206867894669 0.00100869027166889
0.201616182118493 0.0736743936739009 -0.11755640764931 0.0877280686586825
0.194377237119495 -0.0111468460696587 -0.064969488231545 0.120975338879385
0.165601900128462 -0.0311841566773636 -0.021655893493104 0.0827732992616414
0.181341372640111 -0.0437352317613587 -0.0608304429786457 0.0406269366602103
0.212595015201917 0.0222812174175826 -0.117545952233089 -0.0272102877568424
0.214896730719347 0.089263169110369 -0.165268501839259 -0.113584981645647
0.197919063995711 0.191470157670327 -0.101020950484829 -0.213357048429811
0.127709782446574 0.265445381279888 0.00324308203835141 -0.232223792340501
-0.0123573783219473 0.296403347009526 0.115335286124264 -0.176899263876078
-0.076042134847951 0.340126198337785 0.149442442960788 0.00612629354172681
0.0416985280759817 0.295606957570886 -0.00690075094040639 -0.168503955856176
-0.0206015608367289 0.216121448489198 -0.265081163123529 0.210325754383084
-0.00156652715825304 0.296334178307889 0.0727768792008471 0.321796736045846
0.130628262482797 0.311368837717714 0.157267123511065 0.0814555556702373
0.241942304212942 0.182670907274416 0.00373011397321225 0.0352865718289416
0.244334648598295 0.0410646682140593 -0.0308614029814391 0.101934617260858
0.214095828746744 -0.0542375697063943 0.0157102541021389 0.115145303752766
0.173884865382801 -0.0627721892535752 0.0483756365571022 0.0705839522806901
0.182643004918615 -0.068358516128542 0.00706232215956469 0.0282385510783183
0.223616363912942 0.00696679088006392 -0.0452169585405878 -0.0430398755462501
0.230410721992604 0.103339844571285 -0.0896507091550935 -0.119975162380086
0.180976444210737 0.240653291526887 -0.0329126456565209 -0.215017589500186
0.0711514561510575 0.281007936698535 0.0593214139271219 -0.250095619695575
-0.0361394829736375 0.255310001968532 0.159903336639026 -0.233609784301608
-0.02636217500785 0.301694644735325 0.205387946903772 -0.0861874278738175
0.125071686202576 0.205988224908502 0.00399146194527748 -0.22578343420772
0.0107839415991017 0.108103376919881 -0.178596707788197 0.169753200045086
-0.0203768775436494 0.223751272326008 0.126882172945871 0.261749806412008
0.112414281006828 0.284239432434956 0.176324396180828 0.0780922334175008
0.2435892889436 0.153842750459622 0.0709839848635063 0.0677633184966203
0.236030188297469 0.000261315179816498 0.0693980307176812 0.101726332093133
0.195592695291696 -0.0867710342639741 0.0989249648874465 0.0923544049329475
0.15709568448545 -0.0835770212135108 0.11085438954438 0.047845302649738
0.160754242412895 -0.0834145200085117 0.0645422635114603 0.0112976128778293
0.205461692840455 -0.00648770418342468 0.0243860192090379 -0.053871022358508
0.211218105039724 0.107925127509022 -0.00518826844466025 -0.110957720496118
0.121663205525145 0.253836909070522 0.0407994018525697 -0.18345092818484
-0.00647710594159967 0.239334517349591 0.113603209299544 -0.235480857999794
-0.0471200759359307 0.165723619545235 0.209501951761674 -0.27105009343354
0.0366778615246826 0.225328380559327 0.251358358943447 -0.156913135380476
0.168295507360932 0.0726192154676967 0.00232650837881227 -0.24759369437084
-0.00125045440953023 -0.0135052417241625 -0.0998069883226052 0.12395273083293
-0.0612793475847289 0.13863641091341 0.145285305772621 0.192769606878624
0.0692185757236452 0.225451394345017 0.171286431256974 0.0818681915748062
0.198756002616373 0.103278700530518 0.134332993341009 0.0937412904906645
0.179941700282742 -0.0356622776120976 0.159637474257921 0.0861050737171288
0.144464235032998 -0.0994158813468414 0.168357659432908 0.0560287136247176
0.117274090895757 -0.090946782381897 0.156268323052102 0.0199050652853904
0.12152731687954 -0.0921082717403213 0.109187106974168 -0.00841035351092236
0.168890261199442 -0.0230513156235035 0.083866265776767 -0.0564840120480919
0.171573189517986 0.0963621479282694 0.0688322115560798 -0.0816946343932148
0.0484090346863535 0.223322730645725 0.0951827096292217 -0.122778385828432
-0.0674419741840317 0.146437767907372 0.143621111853047 -0.200629461557376
-0.0209653903562864 0.0532341073562982 0.257833427461929 -0.288624262789986
0.111237748560048 0.133632266120588 0.282240362030567 -0.197915176737402
0.173565749758507 -0.0698439614697565 -0.00627944327824508 -0.232881139028138
-0.0288273475820629 -0.118208282967275 -0.049283056856145 0.0860470659263174
-0.0956725958406913 0.0528303593878016 0.130880423335783 0.149018526334989
0.0171298164964542 0.14407013379278 0.160062374159715 0.103775686476105
0.119715391949652 0.0463330077786104 0.189044726573748 0.108410680456739
0.0946665153563729 -0.05606784509465 0.226312921188119 0.058723352587712
0.0705507549672526 -0.0916574585052073 0.2098764310939 0.0168038871578257
0.0603781620735478 -0.084855099202233 0.179810675750927 -0.0107890241171049
0.0684881044536993 -0.0932017543552171 0.139873070463966 -0.0318653525700071
0.120121914862475 -0.0417225185390667 0.130948117666278 -0.0563188686203299
0.123766414009527 0.0681213040470539 0.122302503107917 -0.0402811137118704
-0.00960406108649985 0.152353229105382 0.110904135900625 -0.057619993422761
-0.0803711922580428 0.0291988303036957 0.141786788775389 -0.17911748499884
0.0457531445419778 -0.0475881002551406 0.302869943212607 -0.298105144575948
0.185802609564362 0.0456378627762283 0.287925486706739 -0.210842376184656
-0.225857852688278 0.105875994153608 -0.211594259023729 0.109629475981616
-0.123048985817591 0.144236376505973 -0.370637997165266 0.286511431581775
0.0268760559658316 0.0937194285909397 -0.117722700178549 0.21163351450368
0.0211918286220358 -0.038628519546255 -0.0538495605614891 0.0464862375442364
-0.0613315190339486 -0.00929061311902478 -0.124811352004161 -0.0072095055592906
-0.0379844578013303 0.0644137732538099 -0.163204095658438 0.0497784186358477
0.00200984843550686 0.079209700504829 -0.150797424209694 0.0612982658269975
0.0096106696951607 0.067394281327997 -0.158495787775601 0.0383900082382225
0.0220222553206515 0.0631882203295816 -0.205786683162906 0.0112315263826426
-0.00147601429317227 0.0619222550027534 -0.234409692432452 -0.0225027922634933
-0.023102085670938 0.0092353213877605 -0.233787571719538 -0.0817852585421443
0.0405294042761908 -0.0554882793593083 -0.172707585886508 -0.135172595201313
0.129478281885568 0.0352163278585538 -0.11471056297044 -0.135012615089329
0.0201458055378085 0.161401807302967 0.0180466637403172 -0.0573898165182615
-0.139714496477575 0.15383777265468 -0.0173726340957971 0.220506939926264
-0.214871019306576 0.188338237062935 -0.159853588222329 0.0539503593041519
-0.166757071583956 0.204484128108049 -0.391378266261574 0.273333721462114
-0.0158821200641142 0.199273326168225 -0.0927679311926159 0.251852513512069
0.0451334906228007 0.086485450480124 -0.00778603105218718 0.0350405127798245
0.0125119177742302 0.0569628826201189 -0.13055117946849 -0.0285781420543595
0.0362838723956835 0.0773826594587814 -0.181052898596355 0.0562260992873192
0.0719622898349943 0.0603400512189183 -0.147924806948882 0.0850460253984026
0.0749783457792705 0.0393295703373524 -0.132397638847535 0.0624405166899911
0.0938897203909253 0.0275901623085674 -0.176258669273368 0.0327816215412539
0.0901503820464412 0.053193079167575 -0.218490537354722 -0.0112258462577406
0.0720222417715407 0.0435240684286559 -0.235923104185262 -0.0855180419661102
0.102793496551002 0.032270429495061 -0.164391345572388 -0.158959056378864
0.141837610905017 0.118646811485307 -0.0791292032494934 -0.153027301240984
0.0192344807424237 0.230017266440936 0.0415258009061087 -0.0690001709751923
-0.128354452601913 0.254143122602619 0.0324328937829708 0.172603361270489
-0.158547834603798 0.262475956363477 -0.0967414550697191 -0.0123392090630537
-0.153120471116191 0.249661933975146 -0.37666762212475 0.256142307559036
-0.0309878143653826 0.279450918200578 -0.053182079408695 0.301754704806909
0.0747772134604543 0.204974110687134 0.0505409463273328 0.0501141171083815
0.10057156402516 0.125907204129787 -0.107956903903092 -0.0240153901436242
0.121073248357162 0.0826295088565271 -0.165462148628925 0.0707584022269789
0.137926279467194 0.0301571747505793 -0.117453024240429 0.105488880039269
0.127728486372384 0.0050799709545904 -0.0828222660722953 0.0775677727320435
0.147252598967435 -0.0106251166200628 -0.122677646713769 0.0420448192251247
0.163498357371977 0.0370548411179818 -0.175251696152602 -0.0131793500875975
0.155758534747574 0.0674625559121524 -0.213113608203843 -0.0951415286145039
0.162605619843093 0.115500273267104 -0.14398964121198 -0.185188295154135
0.145415603779501 0.198527281830625 -0.0427402568282513 -0.190009571196687
0.00927365923282418 0.277028697627005 0.0738820255806445 -0.113482297528519
-0.104685160771405 0.316052759173912 0.0882668850939666 0.0949135812950953
-0.0638875011065186 0.301149297965457 -0.0431757386375217 -0.0885199936442265
-0.0896602366068834 0.2607991213923 -0.329376410318462 0.237854994227053
-0.0128730633994824 0.314424723776182 0.00458621071353153 0.327483387894295
0.111594200760137 0.282351706930207 0.108740880131468 0.0680947542277623
0.184530822771657 0.171240453708091 -0.0610115986484099 0.000122567911563461
0.19564395150787 0.0683432140942467 -0.112974167392791 0.0888003347199544
0.186433423066418 -0.0111716792870623 -0.0590517979535029 0.11572715301753
0.159329631760705 -0.030749543485679 -0.0189494399145347 0.0789841262717869
0.173935429870518 -0.0432587647203074 -0.0564189948698747 0.0387369201424821
0.206910236000939 0.0195428944605029 -0.11353085740251 -0.0260722563960352
0.210553533444939 0.0855368583226511 -0.162180220699125 -0.108263668424335
0.193690771334888 0.185202181553709 -0.101177896416177 -0.207152437927913
0.124990946665507 0.256443380838468 0.00195973117797165 -0.226358720655204
-0.0104623401709198 0.286969282286738 0.111927138855086 -0.173578138528067
-0.0695034724930381 0.326704708662082 0.145517702283611 0.00229593539186735
0.0403129305861095 0.280314660032289 -0.011199894997783 -0.163276277442562
-0.0201617033194878 0.209769653141549 -0.254940371438045 0.206984028833759
0.00195134086947832 0.286896296598762 0.0757876591336233 0.309397358136319
0.1302546124825 0.30178264766698 0.153278644368348 0.0735844400943862
0.238539062356435 0.175406447661242 0.00130458399798079 0.0330621992668308
0.23605064970284 0.036233401695696 -0.0294724217444247 0.102202630372823
0.203952885792606 -0.0535150663241434 0.0185132420179316 0.109490323522557
0.166447466556566 -0.0615797443184766 0.0493039471804722 0.067629609052221
0.174197640076436 -0.0671700712038205 0.00934628198218993 0.0263920751716029
0.215811200063724 0.00461724549809848 -0.0433213450827775 -0.0414370832136983
0.225680616352795 0.0977686094902969 -0.0885514693718824 -0.115932235795261
0.179004031991219 0.23284706990985 -0.0354080752497201 -0.208682134233379
0.0710744291806407 0.272194290548537 0.0554765540699732 -0.244128220566624
-0.0344550579802606 0.246637160591135 0.154863461402821 -0.228526451076017
-0.0217002891970938 0.289901671711736 0.19831092125143 -0.0869654382270134
0.119744908373606 0.192741977529334 0.000360464276798716 -0.217088890986868
0.00869421287396384 0.10481783617275 -0.170503610131727 0.166804419763788
-0.0179947848403372 0.217607626967235 0.127376798903308 0.251276989122458
0.112947112012066 0.275461995479975 0.170504945969268 0.0700731782034762
0.240235000749106 0.147758141985002 0.0678187939802426 0.0653977547531118
0.22745502672882 -0.00245111043255265 0.066945966901129 0.100771249970031
0.18567558539997 -0.085513783986968 0.0989943821682148 0.0866286495734373
0.149369447835379 -0.0819322014673625 0.110048324641107 0.0451347757521828
0.152387654784681 -0.0818266388519663 0.065178829389197 0.0101387731409905
0.197618587008456 -0.00918028910792245 0.0227603830664234 -0.0521586585444723
0.206562641695904 0.101845425406601 -0.00703760141110132 -0.107534759044721
0.121582789889231 0.245948667595176 0.0379374053631126 -0.179378699968902
-0.00484838586241653 0.232588400584361 0.107787009456532 -0.230572923072909
-0.0453002675789833 0.159441802936781 0.202414600944059 -0.263395790954974
0.0383314952834835 0.214648646139936 0.24267734739271 -0.154986543418246
0.159699576340912 0.0646381382815179 -0.000635414981871273 -0.237304714527958
-0.0040541618871198 -0.0128303071248501 -0.0952976342108293 0.121826734626511
-0.0579599217644227 0.135772946797156 0.143865732012352 0.18408786590695
0.0717710776300793 0.219750221708768 0.166228324124344 0.0752223962791981
0.19553955365589 0.0980415230171192 0.129779130501735 0.0911980136145858
0.17283471937927 -0.0362660747304299 0.155107303969004 0.0845514310942795
0.135170481457794 -0.0981830247740753 0.164585586875656 0.052595592257901
0.110989756269456 -0.0892010829892654 0.153960653693868 0.0178757850649722
0.114084040114724 -0.0899175346427504 0.10740735728732 -0.00885347675774005
0.161933147901735 -0.0250080252552043 0.0796496763682732 -0.0558843205962173
0.168386818770939 0.0902212243471376 0.0653194917174731 -0.0796900188994206
0.0516624131559651 0.217325579670155 0.0914991286863981 -0.120492938782014
-0.0639106686818233 0.142816269081299 0.137438542588729 -0.195888015063168
-0.0209414860377713 0.0502758219740369 0.247038401902647 -0.279073148937486
0.108791775826753 0.12598057834141 0.273329807693583 -0.192929717056259
0.163630035739155 -0.0715234640408608 -0.00793766378103812 -0.222435681154034
-0.0320337960855739 -0.113377270469763 -0.0457172275741878 0.0854804633245424
-0.0925815660937589 0.0528681625883378 0.129168993098493 0.142900865241088
0.0198219719579407 0.140709456870409 0.155965075429339 0.0980354394615696
0.117594804378146 0.0438612099615869 0.183685390495262 0.104244764863903
0.0887261184901614 -0.0557675117339247 0.219478667713 0.0569802001890798
0.0645145097409787 -0.0906041768643812 0.203775934136062 0.0148082554011458
0.0562462697477364 -0.0834019119220624 0.175619487033348 -0.0115485939033651
0.0626268975305434 -0.0905220566229231 0.135912089438609 -0.0317722753871901
0.114336457568421 -0.043220716138849 0.124733845067436 -0.0556714664142035
0.121832768537776 0.0626820800325672 0.118110836784563 -0.040591997987934
-0.00511647798152897 0.148859553599855 0.108231850044551 -0.0566769948584588
-0.0774845191891966 0.0296368813595273 0.135634161720225 -0.174024998431559
0.0431706954228638 -0.0474210017129472 0.291675910693229 -0.288841254067238
0.179993985315118 0.0399769826135902 0.279368767293991 -0.205135970888173
-0.193191572633876 0.137515365762976 -0.212349497475946 0.142151051073046
-0.0880546246981884 0.163748467234579 -0.331861551673311 0.355492474892151
0.0445940115313846 0.0830010921043903 -0.0839315361669168 0.238698809529773
0.0109245462984249 -0.040364594959957 -0.0418819251299456 0.054283253261884
-0.061848812571447 0.00369788939111621 -0.129778457258098 0.0106864590082004
-0.0231863960643532 0.0701415428324995 -0.155517646763337 0.0783837323084728
0.0186302054469398 0.0766032669868417 -0.142497089861071 0.0873646703025405
0.0216855739979071 0.064203471209012 -0.151014838591658 0.0652662257407832
0.0319223537367674 0.057108420219648 -0.204129328661115 0.0464256128748417
0.00905780964439812 0.0596539596750855 -0.239960283776889 0.0202999783518485
-0.0223604683568228 0.0118508353811165 -0.249655745625851 -0.0374855857643524
0.0267859071922361 -0.0625784000159967 -0.198917355391647 -0.0988188585777071
0.127743257929588 0.00671908758292967 -0.143352899968862 -0.106547180527163
0.050604887115148 0.153043382807228 0.00215740695300213 -0.0699125473443239
-0.109568541729397 0.179127214623299 0.0255984652544539 0.208292190133703
-0.170017508689717 0.211736939853297 -0.172815850208285 0.0807989446203609
-0.11950141726857 0.228028591402772 -0.358633541008594 0.343455983869135
0.0242720271411889 0.191236641921162 -0.0600652578743747 0.275398271586747
0.0598107009954756 0.0727923060964978 -0.00705538770480389 0.0392383688197065
0.0218345664171685 0.0532721528494789 -0.139898488429891 -0.00166175814697151
0.0501270675408244 0.0702251515325066 -0.170493290763519 0.0924237351559381
0.0801976457167492 0.0456547779345898 -0.13277102668338 0.114214533324897
0.0784500271187614 0.0270503667029035 -0.119161686847573 0.0842911550311254
0.0933514082718683 0.0112958541640032 -0.171423933980732 0.0635018588056433
0.0952281517667048 0.0347699231064218 -0.223640766277776 0.0297733655908905
0.0733659975020318 0.0285525073991067 -0.253457471015672 -0.0382618307282181
0.10239390996741 0.0100685301504944 -0.19841580637742 -0.123925786588178
0.154911666270543 0.084364564140581 -0.115523374144443 -0.132940138721716
0.0631002611982379 0.219783591166331 0.0208731184080109 -0.0900438266315817
-0.0787903190395923 0.274475447208902 0.0615594961563043 0.146928062099105
-0.105469113408927 0.270192206177997 -0.12274516582218 0.00803401636366238
-0.0976639585783518 0.269233053674566 -0.349129549286891 0.328663341399585
0.0255899258549703 0.270116338763665 -0.0179762108360618 0.319750973008056
0.112241444939462 0.177831854908144 0.0449264839421069 0.049194495330204
0.118846250294473 0.103028206799197 -0.116674621125956 0.00639504919999357
0.131673210244191 0.0592933479909464 -0.150626553486828 0.109826650626001
0.136763602943448 0.00427125705798044 -0.096029054337099 0.132887384105827
0.123465774286731 -0.014013073686657 -0.0673966475596658 0.0903380923043346
0.137574875880872 -0.0336585957682911 -0.116078008453409 0.0626254665913919
0.162592132148378 0.00716336039166903 -0.181207901719116 0.0215360633031042
0.156825830084423 0.0370756652408815 -0.233039377171143 -0.0508607818560062
0.17500287909604 0.0792529297721574 -0.185841148858589 -0.15385340653591
0.172577663699598 0.159913530267489 -0.0900324538731152 -0.178393198979762
0.0631284896089911 0.266813320085444 0.0433883309755685 -0.143430040285074
-0.042752349189774 0.327849682057303 0.100854838329678 0.0574700729011608
-0.011191861548252 0.289668876587504 -0.0796068109105132 -0.0725586539850214
-0.0364707150996973 0.267849855052948 -0.30075078171558 0.301390465144692
0.0485248295145145 0.299234963050031 0.0450559006605811 0.337522638268221
0.163048278601 0.244081102680648 0.101877540635209 0.0619878845781737
0.209285271642663 0.129204385056072 -0.0637770885351113 0.0292122425185947
0.20066295584684 0.0326025046446705 -0.0920675761838389 0.121935200725189
0.173505619667134 -0.0444722607883132 -0.0325031827141237 0.135835854099378
0.147427627379645 -0.0535381685928714 -0.00317233519018288 0.0804561842934064
0.157438498217291 -0.0692013271693922 -0.0503531687879526 0.0478059469991946
0.201392002947078 -0.0169699264626454 -0.122589528987701 -0.00236719021147894
0.211445068884455 0.0442444182890654 -0.184890665703879 -0.0729726514557712
0.218057488460685 0.140045435238262 -0.148908613441154 -0.183569364467755
0.165401574047615 0.219068534602871 -0.0554729863589276 -0.225695076883181
0.0470305937871446 0.27944273731149 0.0691251295717772 -0.21182549118352
-0.00456685930318476 0.331376943408066 0.13847051428723 -0.0439481816506987
0.0819784421909386 0.251398673978739 -0.0547735351939732 -0.149008294629716
0.0189972089666301 0.206458808734618 -0.228873348011448 0.260212609881692
0.0575440531446247 0.271144574959295 0.112430628882977 0.305773854093741
0.186439133019515 0.258241662435452 0.145205891459827 0.0621439681111568
0.262455956765531 0.123252288683026 0.00738709168563766 0.0547616738868112
0.233994709138846 -0.00625411685165722 -0.00438733312433488 0.121769321965795
0.181239781185533 -0.088889448620081 0.0456318414140805 0.117439429450086
0.149022367421318 -0.0847104213884204 0.0624497648470762 0.0563521276246768
0.153074497350222 -0.0920068847083285 0.0132156644552442 0.0242109957389146
0.207365140490218 -0.0327462190756927 -0.0555356891870512 -0.0301899874779053
0.22940884792337 0.053441000250754 -0.11344903066464 -0.0944144347383767
0.213962825789733 0.188296200850246 -0.0843570060340977 -0.199863135815603
0.117520383755834 0.243646764193194 -0.00493573219025982 -0.256899214685347
0.0168289082727275 0.245025816387469 0.103679857331003 -0.273771023277629
0.0353476553991085 0.283418376583293 0.174036158842116 -0.138449834432405
0.14100141165415 0.15665119182351 -0.0442597367860731 -0.205572879356784
0.0267562161180634 0.1012342893308 -0.145701179932993 0.202605751541291
0.0262148567985182 0.210186898078331 0.157665150723866 0.232898609263595
0.16596550013686 0.237172899217239 0.163299189796373 0.0542330875407318
0.259749816518869 0.0955009648718263 0.0813117972396886 0.0736040008467194
0.218293389588351 -0.0428415816225502 0.092001581491578 0.10192843488565
0.157613475524829 -0.115978969198729 0.122030741103363 0.080320702081852
0.129242005170233 -0.102065057767276 0.117942469291357 0.0240585223052567
0.129621210500572 -0.102269988722461 0.0663292213656725 -0.00150003565991246
0.186775550266371 -0.0430607433047224 0.00863294854856506 -0.0532157226609983
0.211879111304065 0.0595174217714799 -0.0306057119271597 -0.10231895440383
0.162516521451736 0.212377696360629 -0.00419868908122664 -0.18578308542277
0.0392568535713485 0.219979663403903 0.0535766907339856 -0.255456748332009
-0.00986998925089 0.162392128532975 0.146965481759921 -0.312994182332955
0.080335082279837 0.199375542064929 0.206786911397699 -0.207657099037358
0.157059664413043 0.0301594661421777 -0.0405011620774063 -0.228017691007513
-0.00772960177061359 -0.00900101311042216 -0.0728980833702747 0.139703851168144
-0.0278492476531917 0.139735944187108 0.165430478170436 0.158637402948788
0.115398047946294 0.192844118250828 0.163083892307071 0.0568809699311315
0.208686816933683 0.0559957719086453 0.149574431966674 0.0838858360096648
0.158853329736783 -0.067035807675252 0.176516838705898 0.0666919539595725
0.107174522301224 -0.119989018485334 0.181013753240635 0.0324463283310016
0.0911943024444532 -0.103582318407214 0.156561180086888 -0.0109355911514354
0.0921543945167423 -0.103836254539886 0.105461989522578 -0.0271337514928415
0.150418834477782 -0.0530823762308662 0.0652442814807849 -0.0672866500469718
0.175175364000369 0.0548057291919079 0.0475389202159175 -0.0895719272863362
0.0911210869588129 0.198094215886297 0.0628603219579671 -0.138570737659394
-0.0324290427518002 0.14584463839743 0.0936084898908357 -0.227145062436761
-0.00611398278802569 0.0520197410161707 0.193042044543941 -0.332083310480451
0.13353728254622 0.0990515206839268 0.229724912801544 -0.244565306366916
0.137888925020856 -0.0974524518263713 -0.0379986789012874 -0.217458906252783
-0.0523163877297775 -0.0995408631663537 -0.0269462877679625 0.0902687852619569
-0.0758888761053178 0.0683010667860332 0.147153632087385 0.115079129941837
0.0512243912512612 0.128506752036433 0.161709081562852 0.0759358784074745
0.123818934065852 0.0173340616323992 0.205982736573862 0.0800072673488882
0.074604894710845 -0.0715537031356904 0.233065976909263 0.0228607196026893
0.0415554588533609 -0.0997910604635553 0.210783070792545 -0.0159719506037698
0.0397446343857928 -0.0898883617991781 0.172629970636598 -0.0424468162385758
0.0431656174812862 -0.0969041500823008 0.130190123213211 -0.0544282423099236
0.101932056005743 -0.0624420511583782 0.111549598994785 -0.0766920571556522
0.12694997692352 0.0366267480350693 0.107831185730889 -0.06132811181253
0.02522026721726 0.144295735943386 0.0949010628661096 -0.0795491731055568
-0.0650169420829072 0.041841227298417 0.101693855131198 -0.203110820276653
0.0382228793724094 -0.054114966881201 0.233243084834647 -0.343710944741031
0.186683792706108 0.00291250363731633 0.233833630182607 -0.249518254270183
-0.194362572702649 0.139598271580333 -0.218964973384527 0.142415375391182
-0.0890511670747869 0.166629210677844 -0.336997650361378 0.361890095795889
0.0465463007325518 0.0823138202249637 -0.0838363353080066 0.242176534894729
0.00971507622078001 -0.0415543293581413 -0.0423921665241884 0.0532250201129681
-0.0636176192131601 0.0040095268136334 -0.133743606189862 0.0107873532824728
-0.0215695051785539 0.0700150803026382 -0.15614080567597 0.0806182675870673
0.0213625768199266 0.0778747787326149 -0.143314438581679 0.0885768038932975
0.023597291042845 0.0657549694334934 -0.153958646300366 0.0664984391994556
0.0346630622538432 0.057552319288415 -0.209031268687345 0.0471518220475267
0.0118081884383307 0.061608351364303 -0.243805026953148 0.0201237995615688
-0.0221665082402221 0.0139955261256639 -0.253274611070324 -0.0376702285444717
0.0251745702670693 -0.0626252110335407 -0.203786442345228 -0.0985726725977509
0.128826719037552 0.00524035196385963 -0.145388796463323 -0.106384027396831
0.0523694516413578 0.156866267493019 0.00274748912680634 -0.073328352790896
-0.109833670626786 0.183243279774415 0.0265878479580269 0.208695440458295
-0.171987937115153 0.213040517514171 -0.180129537310995 0.0795584533723498
-0.121695767013525 0.232769511036317 -0.363191495010722 0.350823537121371
0.0262458546725956 0.191785989421621 -0.0591282207563403 0.278664804643026
0.0602627066564882 0.0724786640618668 -0.00722350624343368 0.0362447372311316
0.022075044105741 0.0540159071092043 -0.144830835094996 -0.00197040519651377
0.052289304570989 0.0694665882400608 -0.171868602153248 0.0963319675607917
0.0832132967729306 0.0470942977190177 -0.133767860232801 0.115937214948644
0.081548980117122 0.028327009486312 -0.122246603290552 0.0849149444667125
0.0967074574028239 0.0110767957465894 -0.173717594489289 0.0638835663684526
0.0989207943017171 0.0359625053778122 -0.226362341460533 0.0304007971813883
0.0757865630657569 0.0299084792776878 -0.259014039610074 -0.0377275324017659
0.10289168244555 0.0106643984834697 -0.203528707703186 -0.124531180272616
0.156578277275952 0.084793566510246 -0.117624405134658 -0.133996754481231
0.0651347105044705 0.224278143039595 0.0220732071574739 -0.094228889842629
-0.0777208427025869 0.278647936338415 0.0629808247804393 0.146107032725014
-0.106647258810007 0.271481425904454 -0.129666754743414 0.00659129329162777
-0.100295617528684 0.273911804126995 -0.353982285854284 0.334029715515106
0.0282687959323202 0.272288014610843 -0.0171202029542224 0.323328414138804
0.115029346062992 0.17899650767549 0.0449268221207874 0.0455895083095832
0.12264679228647 0.104219914477655 -0.122215354992433 0.00678061910670864
0.134363958767013 0.0590545738350149 -0.151933957072172 0.114273671017801
0.139343666802747 0.00496580518168218 -0.0957169702758715 0.134740155475193
0.125729493494696 -0.0137415897576199 -0.0685097983336588 0.0914735917467827
0.139377538511719 -0.0341512271473792 -0.116454300880976 0.0627331000641941
0.166991926328753 0.00652393084647676 -0.184064849118944 0.0219250176555545
0.160602298981299 0.037135175219087 -0.238033703393293 -0.0496795018169849
0.177777605470064 0.0804100231310962 -0.190909298930255 -0.154635014593886
0.175664571116398 0.162012995556869 -0.0919327965532613 -0.181413428070443
0.065132625378945 0.271314198200296 0.0439879652054825 -0.148645505656835
-0.0410735752980882 0.332671020828515 0.101996941950115 0.0553145844427058
-0.0131086801570484 0.290964053790649 -0.085486319187675 -0.0745109569859888
-0.0367082556899428 0.272950083877521 -0.303630789768933 0.308314248167242
0.0517109419825395 0.303094630534019 0.0474218660163354 0.341274026040043
0.167866631655224 0.24648648228982 0.101242540762144 0.0579895346464861
0.215776437350206 0.129262870217388 -0.0684073407431996 0.0303790470049432
0.204618663079372 0.0313351138979513 -0.0923931940404234 0.12817742018037
0.175435681771501 -0.0441969070961783 -0.0318110678549168 0.136826870345883
0.149603505793212 -0.0541560492138391 -0.0018944951875662 0.080299285794026
0.15852834812254 -0.0705942311735478 -0.0495109040568738 0.0471192735288334
0.204965090105216 -0.0187828973837229 -0.123774499337559 -0.00222102822775112
0.216382051833917 0.0434535066000839 -0.189234852711308 -0.0718007002198235
0.223407952602456 0.14139553763943 -0.154469645852652 -0.185091599051918
0.168813670074423 0.222177872228351 -0.0578512423965868 -0.230688605386054
0.0488580183870816 0.283130305690976 0.0702964801724744 -0.217667814354366
-0.00223786239520915 0.334620670525748 0.140122912101843 -0.0471541215466075
0.0798854386520357 0.252005822909471 -0.0593614050004433 -0.15201331513287
0.0186654076734254 0.210352970598896 -0.231107351760082 0.265835621364631
0.059757734089026 0.275304539479768 0.115904715205159 0.308192838256694
0.192214387725949 0.261534373827653 0.145569656448091 0.0581977429003622
0.270445846176555 0.123660885582845 0.00428297075680924 0.0571551370471481
0.237321153430306 -0.00827580484565913 -0.00308768468623439 0.127669422490033
0.182102664740774 -0.089401187851879 0.0473871438375159 0.117923315871469
0.149691547109983 -0.0858321806509349 0.0649765685661927 0.0556450127137381
0.153694165670652 -0.0935233520920248 0.0152607087805306 0.022771101330164
0.210467845567469 -0.034885611796294 -0.0564941368215109 -0.0302883684826891
0.234163224113767 0.052428743281393 -0.117024394665859 -0.0946772308727917
0.219204405073906 0.190479397397892 -0.0887013817103583 -0.201905312394036
0.120410021529308 0.247412005246233 -0.00609564685092818 -0.262092724423967
0.0170989586837975 0.248095296091367 0.104678299927679 -0.279405291816374
0.0378257329873049 0.285356955725817 0.176351525332624 -0.142131906517085
0.138712482258801 0.156624850678179 -0.0472322358137778 -0.207721779132409
0.0259004522097439 0.10392280690556 -0.14685088050857 0.206709569424307
0.0276770437190593 0.214082581840148 0.160667806699971 0.234156500184554
0.171168836725348 0.239805033489088 0.164129546704422 0.0524313253187138
0.267621578048479 0.0944165121646985 0.0812556023019792 0.0768380361620935
0.220054254927116 -0.0448429309332207 0.0952735302630973 0.107047672199487
0.156491641728894 -0.116540396207488 0.124430354921872 0.0802524559084285
0.128951245787528 -0.103268107560311 0.121710362399033 0.0221725266803679
0.129483156968152 -0.103356696525066 0.0692309941688813 -0.00304265740122428
0.188722930053161 -0.0452615912276158 0.00814856536505385 -0.053791744454469
0.216555194477413 0.0583428019527614 -0.0324840805383837 -0.10323965997375
0.169022288804135 0.214873285475422 -0.00665544047044771 -0.188485307627107
0.040738187612773 0.223629340942237 0.0533087497580146 -0.260822158258557
-0.0102520682133161 0.163951505494786 0.148669963164712 -0.31851836671345
0.0822115918037062 0.198774096220084 0.210238762432966 -0.212101394779124
0.154924863057868 0.0290701806041549 -0.0424965829048087 -0.230554531942888
-0.00971701655529598 -0.00759791349722964 -0.0729639011538204 0.142101572116964
-0.0270059897405417 0.143573496617775 0.169103092113947 0.158753825678374
0.120834369944405 0.194988514106765 0.164272399986632 0.0553722834033603
0.214561408760992 0.0546866255176239 0.15146141981049 0.0866657661687379
0.159682645282609 -0.0690448080745032 0.180463296988318 0.0699874098623039
0.105241479870576 -0.121367477578496 0.18429490458131 0.0318793454255644
0.0905964232342184 -0.105987339812825 0.160118220620436 -0.0122430782106902
0.0903151320963009 -0.104468383031652 0.108723157189603 -0.0286309233146316
0.15065814488586 -0.0552706812161109 0.0652716461549331 -0.0684196236204431
0.178414737581736 0.0532612918952357 0.0472758419450634 -0.09022177014368
0.0963534909244208 0.201540301744176 0.063071923891969 -0.141619382307563
-0.0327420008603615 0.148831806799243 0.0952495955534102 -0.232256125802788
-0.007493406756383 0.0518552407803499 0.195132353246511 -0.336455347809631
0.134784484007669 0.0969492696057634 0.235255204609367 -0.248082832822545
0.135874489238591 -0.099793530262293 -0.0386280350782865 -0.218901321880038
-0.0549430467439259 -0.0990279658915277 -0.0260824336664917 0.091905534464477
-0.0768560438231142 0.0715538523752957 0.150150486446054 0.114660305505778
0.0554145274980727 0.130579265794465 0.163280331679537 0.0756034428827674
0.127597959953522 0.015751363593191 0.210143060489481 0.0825331550542312
0.073394900614374 -0.0727678047578331 0.237882335449928 0.0247647244624242
0.0382387932718544 -0.101938903929461 0.214813688181906 -0.0154322999983211
0.0387001615929366 -0.0923384753088676 0.176579831030725 -0.0448805266010487
0.0409537958668421 -0.0977179020642883 0.132685643390812 -0.0563144510870163
0.101202887309835 -0.0647320762067363 0.111646938613413 -0.0780498480001414
0.129295315677242 0.0349219694097302 0.109565794061404 -0.0623723546284664
0.0291601442913138 0.146401988077438 0.096522822068546 -0.0812402839583069
-0.0660000491490392 0.0423942921663821 0.102852108372518 -0.206055845771824
0.0370051677670202 -0.0558742721719705 0.236795882461072 -0.347477379006005
0.18850360693078 -0.000682997778116742 0.240415259336143 -0.253227590469288
-0.193077709634008 0.1485734993751 -0.223263796439729 0.150343119583075
-0.0858716263486097 0.173653308317992 -0.332112100851865 0.381333083532231
0.0506350922939146 0.0799271382860629 -0.0770966061277576 0.250928161227961
0.00733715074436428 -0.0434684340691759 -0.042386286101898 0.052738584956043
-0.0656934732407938 0.00710317065993171 -0.138207845388187 0.0151666856053133
-0.0186585615844335 0.0712548303103458 -0.156874164102293 0.0878602869200125
0.0261549534350906 0.0786857365716729 -0.143305564776362 0.0955407750583694
0.0279969028706646 0.0670862935900634 -0.156311545505727 0.0732808641856137
0.0390688438068098 0.0575401481413775 -0.21370490304393 0.054590721703927
0.0161382349356126 0.0631794534929864 -0.248079983237176 0.0283268634009192
-0.0213783847018975 0.0166926029479027 -0.261015284482413 -0.0296133814268342
0.0221515862761548 -0.0637403607921324 -0.212550550898891 -0.0936123532042098
0.1307547740037 0.000236399626310921 -0.151719871975797 -0.103223022431718
0.0589347884170051 0.160233867101514 0.00111903618062075 -0.0778637640691767
-0.105249773262279 0.192344137663278 0.0333004904930762 0.209637097256784
-0.16887640832054 0.222026486657532 -0.186246367237265 0.0851393754325708
-0.116776587030487 0.242166327660264 -0.359924980503976 0.368780558892131
0.0335195038098491 0.193258863867751 -0.0511774151779532 0.286025073165594
0.0634708762267373 0.0714111890681954 -0.00746233516454546 0.0333991202297985
0.0246958803356239 0.0547749457560323 -0.151461669437219 0.00296381457096492
0.0563882075142427 0.0684033758201642 -0.171758776553848 0.106247574409563
0.0882095410718236 0.0457945797944593 -0.131499743981394 0.122519287928173
0.0856510028726322 0.0269638424255771 -0.122577573865078 0.0911880903853706
0.0997963653099287 0.00812468067120484 -0.176964919441817 0.0708816878864038
0.105201908401137 0.0335365485266585 -0.23029123193715 0.0375122861809239
0.0797544123699766 0.0290992069313275 -0.266351271906583 -0.0296928447176482
0.104872337168508 0.00925405853630471 -0.214073140457964 -0.11962490640997
0.161588966018955 0.0808965437932265 -0.124553967286025 -0.133623327418993
0.0742892954941622 0.228080024303334 0.019701921441727 -0.0999801540037501
-0.0692751983654349 0.287640679195659 0.0684022058174602 0.145027597721392
-0.102564024249123 0.278262932639722 -0.137640595704482 0.0093249586064925
-0.0937962692504334 0.284044656967818 -0.351104914176733 0.353352831067898
0.0376959558293021 0.276495934551082 -0.00633991951535059 0.329897661761679
0.123057528110012 0.178593395090873 0.0451770879037144 0.0410319300822862
0.130478525471666 0.101879023451683 -0.128348917506745 0.0115362971299277
0.140392614846042 0.0549289440518405 -0.150379847182866 0.125132958921497
0.143235667953765 0.00168980792565551 -0.0926408533809201 0.139696119895689
0.128601913618175 -0.0174000717504944 -0.0662447409056776 0.0946623149919574
0.141651548531024 -0.0397883083800485 -0.117335071350544 0.0667572088154029
0.172600596656871 0.00111515682718705 -0.186841827330488 0.0274949086637521
0.167424169584745 0.0334841808455657 -0.246973812700063 -0.0417826909607408
0.18440593149473 0.0772242857167732 -0.202656688772527 -0.149543353574693
0.184612743128868 0.159893841857445 -0.100053647744781 -0.183393568940991
0.0759254394365857 0.275874412661209 0.0400372816464872 -0.156424056575948
-0.0290006719404587 0.339271692212086 0.104971672463098 0.0515243548183218
-0.00662727037247531 0.294862756975697 -0.0946294393287144 -0.0736691117857359
-0.0304180516807162 0.280233624610825 -0.302800007862576 0.324533301106548
0.0638004136425113 0.307349393211069 0.057936438079291 0.345371322990243
0.181074910857868 0.245603007065419 0.102612159393713 0.0520984506485581
0.227909505139054 0.124315566674984 -0.0727065917995085 0.0349520122892635
0.210366762920723 0.024317421720079 -0.088732423812361 0.137856628646528
0.177726207770809 -0.0490059085616861 -0.0272425122955297 0.140085555308003
0.15080162750584 -0.059216948514327 0.00140899632982086 0.0804270662875861
0.159257701478916 -0.0756663800394887 -0.0481543971114897 0.0479059505712511
0.209573029640289 -0.0257846368092141 -0.126827959309478 0.00119230638905983
0.224399423590678 0.0376370629240938 -0.197768311840094 -0.0664455482991076
0.233665562182317 0.137550992186005 -0.166433971638577 -0.182198511722102
0.179973949188036 0.221856688662443 -0.0668967522428418 -0.235180121477613
0.0593121124869833 0.289022136101294 0.0647133290565689 -0.227768461255671
0.00931987869228328 0.339615979904515 0.140943280737768 -0.0545239416311111
0.0855718870522492 0.252808784598834 -0.0690821168356532 -0.152775005344273
0.0250487415202927 0.214842067242274 -0.228735786988997 0.278450581922179
0.0716907173648017 0.279543897120948 0.127676525533432 0.309263829482912
0.207198990386849 0.259705823762401 0.147267603428447 0.052518817173533
0.283848551091484 0.115507640499613 0.00311983443907371 0.05959772057076
0.242304901215439 -0.0171282534452329 0.00215633895910221 0.134716435319373
0.181909293269898 -0.0950357372074344 0.0531948868261757 0.118195361607677
0.149221556922894 -0.0915392663531568 0.0692170051986257 0.0523162819117604
0.152469197478218 -0.0988315795496959 0.0179809855762585 0.0204309311840397
0.213861666204166 -0.0426576703915363 -0.0593964991425648 -0.0298478211218309
0.242339197999795 0.045224526005985 -0.123896228337289 -0.0919957041361404
0.232459180785364 0.18753945189747 -0.0987090104957208 -0.202098905130131
0.130775733102833 0.248975857711176 -0.0155864186012031 -0.269286525881364
0.0246665361269007 0.252587241516428 0.0978303368266584 -0.290848348478883
0.0482415203838828 0.287162016056766 0.175375204545881 -0.151998434730693
0.142163568463115 0.153990735777573 -0.0578165040603899 -0.210290571883276
0.0281259182275167 0.106944687404004 -0.143247118291464 0.216703518636057
0.0367057079491394 0.218081057473426 0.171575815213586 0.232738912631916
0.185440966805609 0.239622843016484 0.1661797083384 0.0463729448636856
0.280108997115547 0.0852710817607862 0.0837050976107605 0.0778668593829478
0.223710989625167 -0.0538187776681205 0.102419467603911 0.110326256852458
0.153191798861028 -0.122752635810682 0.130896208265206 0.0778459371549887
0.127485298319517 -0.108996077194922 0.126122696475733 0.0166897341689461
0.126701036456328 -0.108398481572127 0.072303495700095 -0.00739375695164297
0.190204971103381 -0.0529660690679361 0.00618313629025467 -0.0549449666121942
0.224543014475799 0.0515784074355105 -0.0379205670771251 -0.103536159796168
0.18204148658336 0.214125353727123 -0.0139810949386445 -0.191204776807518
0.0489936328307676 0.227402099889079 0.0455309505553786 -0.269540041145886
-0.00702568295636343 0.167413423593576 0.142466750366367 -0.331129723236869
0.0900746597937706 0.197017346019945 0.209527435022502 -0.223305712723086
0.154447832635216 0.0243798834497212 -0.0512239540871918 -0.233249615675367
-0.0114681901643225 -0.00568993174266142 -0.0698044705590315 0.147888997209663
-0.0219117633672545 0.149116570614178 0.177197142863698 0.15489683971409
0.132896534915703 0.195378997877988 0.166993707916711 0.049937127325107
0.223774138417023 0.0463458877276752 0.157712383852663 0.0854025291079209
0.159969833967718 -0.075488430352601 0.188973998603909 0.0691467479373381
0.100319624707672 -0.126044488635742 0.190802307317748 0.0268501540194105
0.0876120183202252 -0.110666064832249 0.164717225103573 -0.0197718463586714
0.0870591690783158 -0.108239721527162 0.111847558651227 -0.0351695537819901
0.150938827159485 -0.0621265752762711 0.0629596193372797 -0.0718682151939296
0.184429038264719 0.046950606105908 0.0443536779004532 -0.0934910662520011
0.107822289190373 0.201591124133731 0.0589893478694951 -0.146137892448587
-0.0286843048362396 0.153786545468462 0.0901440720559251 -0.240622301131679
-0.00732857210786981 0.0523375307456339 0.18925744833858 -0.34962371724108
0.139336253446875 0.091723084024707 0.234442247746301 -0.259926128835378
0.132024494875411 -0.106208989982638 -0.0458553123610998 -0.221610455464414
-0.0608133760768655 -0.0976194242084815 -0.0235775341733046 0.0949203115394399
-0.0745901963983775 0.0772915705618726 0.1570307016275 0.111084376019104
0.0629695078392151 0.131979722116784 0.168118965438897 0.0718914391320301
0.132655858208402 0.00975709498679473 0.218905989651751 0.0788752807250195
0.0712695550331496 -0.0762867502513004 0.244943990441298 0.0187115694422515
0.0328448979187232 -0.104176734187954 0.219858697811181 -0.0222649614535221
0.0345607878570365 -0.0959243852101914 0.179581953410931 -0.0524649895276811
0.036548365307076 -0.0998721334906812 0.13537070561234 -0.0624572986799753
0.0995341895500783 -0.0710755774069846 0.11027471042356 -0.0829499339132211
0.1338905624918 0.0291497788139842 0.109814358869313 -0.0667363528443209
0.037578425622141 0.148589927966862 0.0965380956435046 -0.0858843192697051
-0.0658208589472261 0.0457429152190707 0.098453507565093 -0.213057734973576
0.0347935934673364 -0.0593048386737484 0.232448366674532 -0.362148143845406
0.1906634291037 -0.0089188729219021 0.240906950514241 -0.265217856789669
-0.18293487473612 0.157679607291314 -0.219785930028419 0.159941123440052
-0.0761711190120967 0.179149485047598 -0.31082561652407 0.397783101470212
0.054494435735145 0.0752052300245186 -0.0631743558530798 0.253765104380708
0.00315229874417166 -0.0447764624718191 -0.0402298183973257 0.052541322343603
-0.066260500140516 0.0117412385631613 -0.139724934426833 0.0235032665804999
-0.014208789908521 0.071038905119054 -0.150657483962736 0.0972374473826701
0.0327435898795799 0.0764484508005369 -0.137157470705043 0.103353620398534
0.0339249171588091 0.065873772174291 -0.153523883815875 0.0828046576479808
0.0433146056134045 0.0546034497216508 -0.211339110510611 0.0671205080452766
0.0224392474805861 0.0622419066090635 -0.246834177313228 0.0403713514284688
-0.0196934684425944 0.0191971929366261 -0.262042695647326 -0.0151800598931385
0.016718587522932 -0.0638041758075677 -0.218096111220541 -0.0799385840310292
0.129770760460915 -0.007958216887502 -0.156377724063403 -0.0940544235992738
0.0695700651485451 0.158309208060667 -0.00282776733346402 -0.0814602940509072
-0.093014546806431 0.198538901097813 0.0445893636881855 0.205354644899501
-0.157142289627408 0.229453243292599 -0.18725846571949 0.0936728152674891
-0.103945003712457 0.248723079306631 -0.339557155449634 0.387969047890864
0.0442338691039854 0.189070205023526 -0.0350273956260542 0.287704354916236
0.0659809560058981 0.0664642033161586 -0.00809493047646625 0.031043488050797
0.0276540471803519 0.0538392757498032 -0.154513613678171 0.0122060993445173
0.0609917454585178 0.0644962903425282 -0.164658259531322 0.117313717634464
0.0928722033642968 0.0407190005286851 -0.124239839741136 0.129508018352873
0.0888110910237118 0.0230162909496931 -0.117408052811235 0.0980378194845364
0.100770786843383 0.00256496025248164 -0.172723059708185 0.0796867453880181
0.108913989637047 0.0279980528130335 -0.227922878043521 0.0492268141908744
0.0825813648390719 0.0252958572519497 -0.268416403730101 -0.0143550630697145
0.104958403861995 0.00512093796186888 -0.22188680437917 -0.105604286998587
0.165614126819136 0.0713561344385611 -0.131726044886049 -0.127101022768519
0.0883899873554086 0.22498761419301 0.0142589656752995 -0.104328796367356
-0.0515047576653664 0.290070060839 0.0745001496831181 0.138392727867571
-0.0892010536413191 0.282350990994327 -0.141827338387593 0.0158891377953249
-0.0789446959383307 0.289468002691088 -0.332098795307406 0.370909076006126
0.053354508597588 0.272356144532009 0.0115788302251163 0.328877084524446
0.132842505366984 0.170747739929917 0.0447088054617015 0.0349584266768131
0.136629174553891 0.0940955021834339 -0.130809242998605 0.019984829733659
0.144150072651499 0.0465246407043581 -0.141941508421438 0.13577168044041
0.144279190157935 -0.00567570454383985 -0.0838316243437833 0.144553119502386
0.128876724072437 -0.0232219452976685 -0.060676155891812 0.0968376981352144
0.13935653235704 -0.0471403387643041 -0.113107217151459 0.0723173437286971
0.174142683547069 -0.00907072923626068 -0.18544372807346 0.0364767657903021
0.170610597683641 0.0243956086835456 -0.248929624087475 -0.0263850776547299
0.188105772775777 0.068215247041155 -0.211885451122987 -0.136100091203503
0.192279032017966 0.149894907265754 -0.110985258940094 -0.178612905859762
0.0915811139167918 0.271922772611671 0.0313179578350759 -0.160956237060704
-0.00886794805999476 0.338909580448022 0.106370740097641 0.0431130673098957
0.00575298729644514 0.292826789940729 -0.102889613690521 -0.0688339887154378
-0.015102934708634 0.28255650784529 -0.28445322739516 0.340348452416386
0.0813461929914721 0.302473552962139 0.0761322343223418 0.341320481842401
0.195336081551613 0.234407434310464 0.102025459364623 0.0429133696647286
0.236291168834127 0.110136042466503 -0.0740657257872513 0.0407223779002551
0.211829052649641 0.0120115166365463 -0.0793584896204477 0.146355011082978
0.175070054073794 -0.0578657452144498 -0.0192373301384035 0.141114657027882
0.147221542011042 -0.066052744536336 0.0064006603658163 0.0785967359098469
0.153728824610855 -0.0837442375355653 -0.0443250290805829 0.0484268576299774
0.208897610425654 -0.0381139369978423 -0.12634459066219 0.0074638566148413
0.227687343621081 0.0245053749414995 -0.20206721343871 -0.0533098456673368
0.241928468900783 0.125354586045127 -0.177297845104883 -0.170983716687174
0.191986850701621 0.21187618207515 -0.0815525906659658 -0.232839793082827
0.0740198173980682 0.285355244669385 0.0514772586932621 -0.232636647261129
0.0294280768975866 0.336137466339439 0.137401035909059 -0.0636136709018736
0.0948148235122252 0.246396076328106 -0.0810892926452817 -0.148740889092785
0.0356656378488956 0.214008820345419 -0.213815025767561 0.290716755834439
0.0882744310697286 0.274766233705299 0.143835270325266 0.300783771441159
0.222303660136327 0.24755146867689 0.146860300832017 0.0410057402171488
0.29245868598815 0.0966925757870445 0.00421466994472384 0.0620880891529565
0.241009090584169 -0.030670811730682 0.0127277126640105 0.137982220114546
0.175017251362726 -0.103361672253211 0.060237054376681 0.114686586569116
0.143450709818649 -0.0986388704879905 0.0725372738063623 0.046958795606757
0.145520534152898 -0.105215043756502 0.0204413848000608 0.0169204422390792
0.210978000983651 -0.0556096315013121 -0.0616050605372359 -0.0268429602447657
0.245830069209242 0.0310610595828539 -0.130434650440646 -0.0831137097376467
0.243082357250452 0.174933253080038 -0.111272661883461 -0.194509123973862
0.145785043267042 0.242091497457434 -0.0321668837129597 -0.270285570253624
0.0379221378238362 0.250698020265333 0.0813475397663416 -0.29719558846613
0.0643784935977555 0.281568416766169 0.167228899313483 -0.162569932781204
0.146231143037749 0.145514450473523 -0.0711463492729915 -0.205836807422433
0.0330519655419866 0.106195559707275 -0.133015131212982 0.223926037650509
0.0497747841930142 0.216504325840858 0.182570724317982 0.221824703778456
0.201142301126947 0.229050110069051 0.165750365684668 0.035433362917916
0.287329526064979 0.0660622296268151 0.0868348812576799 0.0758282261641672
0.219886727459844 -0.0669108486723922 0.111547257687111 0.108400954654704
0.144976826735083 -0.128850812306041 0.136120127855419 0.0700338333489407
0.120116840861654 -0.11551773977029 0.126859681512949 0.00742297158303327
0.119282910280227 -0.113518922920017 0.0728894873106192 -0.0139441433073408
0.186463492672922 -0.0640630552761562 0.00203338251268126 -0.055247526335198
0.2275323238184 0.0376497243723083 -0.0449114524649941 -0.100270952056848
0.194912533314431 0.203403700035087 -0.0250463904157423 -0.189024138804093
0.0615841621113784 0.225223888509628 0.02973016168117 -0.273108261568855
0.000639060946924033 0.166995305341648 0.124076990535139 -0.339160879926983
0.0991783613883863 0.18897099262735 0.198025163661978 -0.234420514554488
0.151655621117956 0.0155238609812992 -0.0640731507557613 -0.228967566953249
-0.0129175825640259 -0.00286672361382396 -0.0620157673305397 0.15173576296915
-0.0119637847195355 0.15150807368703 0.184410511743116 0.143769023912687
0.145910420201361 0.187817835045162 0.167272420269316 0.0404259554792307
0.228669476145574 0.0306005115947809 0.162219296781765 0.0796600017127073
0.154504244754197 -0.083652821705283 0.195168461012275 0.0607848646415764
0.0909386895461097 -0.129117895462893 0.192774064591326 0.0163879784288665
0.0796472555742206 -0.115013381586087 0.16350379608914 -0.0303978750551022
0.0788459411579662 -0.111727509900381 0.110632721887902 -0.0421029693433131
0.14553642150167 -0.0716258768525464 0.0582906580837617 -0.0743921871250739
0.187425919191418 0.0350629764670129 0.0388932030408262 -0.09523983220794
0.120850203369017 0.195107692404584 0.0513905581284171 -0.148530885840184
-0.0202398187296465 0.154948050243534 0.0761522958005525 -0.245733863135086
-0.00632119700216653 0.0520125981983093 0.169568789208903 -0.358445032207995
0.142191414689578 0.0816357890632913 0.222626715383191 -0.272334128775796
0.123153271386304 -0.112323351921418 -0.0563713955977624 -0.217674278101112
-0.066449212089968 -0.0918799025598118 -0.0183351111000514 0.0961747315233615
-0.0689730791473747 0.081989928734816 0.162718376234288 0.102054646272167
0.0731274254197461 0.12747903490389 0.170510049577853 0.0628860493188666
0.134286677298297 -0.000589255476629516 0.223682523352115 0.0672994847953589
0.065880518040156 -0.0793049144363408 0.248362152158317 0.00693644765031795
0.023691172028595 -0.10469299139949 0.219320046680065 -0.0337470622680316
0.0274251726311573 -0.0983431026299868 0.177188208529482 -0.0639676077157234
0.0284711466953833 -0.100911899989082 0.13249502964666 -0.0712362003370226
0.093953910042968 -0.0776895392911982 0.103627352322263 -0.0882021832649234
0.13514179158591 0.0199608495610827 0.106494419709024 -0.0728346780702084
0.0483210085262818 0.146208759713501 0.0913898541452785 -0.0906310136762142
-0.0634870966668517 0.0490349958492045 0.0865144808419029 -0.217549722624084
0.030286222711697 -0.0617254001786469 0.213739834438275 -0.37298558272155
0.187167281015325 -0.0208385120280364 0.229673814626041 -0.277561589154321
-0.168352980618762 0.159941006541732 -0.210143407739613 0.162581298253829
-0.0652895273933755 0.176677984168439 -0.281941326266194 0.395856484812902
0.0553807878231138 0.068133668910531 -0.0484351063912548 0.247697706934905
-0.000863026983747375 -0.0431616450849832 -0.037643712455934 0.0500761728669272
-0.0640503963524529 0.0155986849263384 -0.134911051023065 0.0298033748418174
-0.0101601418298821 0.0684668675980449 -0.140070540616018 0.101848114725101
0.0369545790513284 0.071290642846855 -0.126385424411918 0.106214169198014
0.0377847983285654 0.0625036596734899 -0.144313796102381 0.0876850546520543
0.0458095502937622 0.0501187544974086 -0.202268164905844 0.0745141234051762
0.0267160483417313 0.0594138266292669 -0.236880171868707 0.0491690133889649
-0.0173437366944964 0.0206762555241097 -0.253966343603394 -0.00224321094753257
0.0116948640903197 -0.0602456088171688 -0.213920407290439 -0.0660383370252667
0.124122456368507 -0.0140962429409998 -0.153900847298583 -0.0825861259059755
0.0758123614635179 0.150383297838227 -0.00697677860100829 -0.0816914751730783
-0.0791090324912087 0.196087189991163 0.0515811054020628 0.193806884424534
-0.141532102312742 0.227464201806845 -0.181157515569213 0.0973872120649466
-0.0889425048847901 0.244762505922437 -0.310723755388222 0.3896051561015
0.0515884640083081 0.178829432366966 -0.0198763420532912 0.278111688677214
0.0652583884793928 0.0606176178485853 -0.00789696680873015 0.0271141959010159
0.0291749888760968 0.051078598281046 -0.150103773904522 0.0200478749202796
0.061985077066327 0.0589155129898055 -0.151692210777416 0.123215369990995
0.0927135500142389 0.0357338650211761 -0.112883686523611 0.130722066108614
0.0883506649528506 0.0190785778890725 -0.109324529217712 0.0994258461549726
0.0982496852509901 -0.00243138936314824 -0.163664939522257 0.0843795912888437
0.108864030540425 0.0214713386313442 -0.218414001178414 0.0568796441428891
0.0820795627853632 0.0212990943470569 -0.259942578119987 -0.000285873070778301
0.0996880313581047 0.000879006001641895 -0.218276436611324 -0.0899820188133121
0.162115936517714 0.0615701551407869 -0.132068944809152 -0.116534316118764
0.096170968304314 0.213698740447976 0.00815475721365794 -0.103925674613866
-0.0344996195237978 0.281499033326914 0.0776476433753789 0.128247826377778
-0.0747006026508018 0.273996333801232 -0.141551993083188 0.0217831250267386
-0.0637249779699828 0.282956690704801 -0.303732496143118 0.372354540215512
0.0648952376729624 0.259050602281964 0.0272617407012408 0.316259146310523
0.135280941788873 0.157726821715001 0.0420719089641476 0.0291431898383661
0.137060325608645 0.0838260778453286 -0.127923867042758 0.0267657293610225
0.140624687155211 0.0371460343125826 -0.128169838015926 0.140619077392466
0.140007070932429 -0.0116482739501703 -0.0728130608078624 0.143390285062415
0.12394283025693 -0.0275523435512617 -0.0542497979428516 0.0954928729324677
0.132169038659939 -0.0507203424504117 -0.105414161295918 0.0736389887733321
0.169337494620282 -0.017135050676964 -0.177314992550936 0.0428226533667857
0.167072134921078 0.0157231588845889 -0.242439133066878 -0.0127382773785603
0.185024129817042 0.057793185894312 -0.211405884869975 -0.120082912247065
0.192926204215857 0.135767360102027 -0.116580926547606 -0.168737453214749
0.101347791123592 0.258008189203689 0.0212937058489772 -0.159620403104167
0.00846647437040008 0.325569790857519 0.103357649628386 0.0350426937883285
0.0160090456247537 0.281277850777825 -0.107567960981424 -0.0609912333800013
-0.00321846990587127 0.273539253998003 -0.260718150665814 0.341618884895568
0.0931126624901167 0.287148283285328 0.0903426990932315 0.325058794992774
0.198386537345731 0.21592718610279 0.0974540010003359 0.0345295580919549
0.234389721764968 0.093498696133083 -0.0718836964469792 0.0444692515443053
0.205399848497426 0.000314555669709894 -0.0667556997741022 0.147627715738657
0.165644632272177 -0.0627798765416254 -0.0104808863267652 0.136996586427933
0.139819532588403 -0.0692563430204083 0.00991680586977979 0.0742547086419535
0.143660971021966 -0.0863757304053041 -0.0396766930505198 0.0465325081497879
0.200336083508681 -0.0476220594633074 -0.121925142384734 0.0129389902006299
0.222254316597369 0.012745777430959 -0.197790847515763 -0.0403526931917663
0.239401276121199 0.109768859747731 -0.179521805984425 -0.154351533875138
0.195387444918593 0.195814323489239 -0.0904423536210881 -0.221848814413641
0.0853270775361208 0.270884334737478 0.0376023255924779 -0.228930884337435
0.0447159524736706 0.319434716398327 0.128263128926061 -0.0689847383167168
0.0995979064419337 0.233093059842464 -0.088718301530615 -0.138422298781159
0.0429818941121332 0.205508188179102 -0.193723901828872 0.290512629388698
0.0984529834604806 0.260575132843348 0.152257355724043 0.282604967767159
0.226812712041029 0.227899762256034 0.140731079377468 0.0309253106843475
0.288224691275384 0.0766060164477357 0.00469252881774327 0.0620563530101084
0.231623897737316 -0.0416759799433082 0.022063305405162 0.135388019667011
0.163756040743221 -0.105535991140871 0.0643502054337529 0.107928036898307
0.133414725861864 -0.100109250527221 0.0723119945289178 0.0394972897630283
0.133894247953698 -0.107043007082799 0.0213583703095303 0.0131007657540906
0.200370946926436 -0.0639447087941348 -0.0609185325142137 -0.0232006059704349
0.239019959903921 0.0174811656219968 -0.130207515362777 -0.0722034486479714
0.243871685229922 0.157268926047384 -0.116338730263983 -0.179992948165688
0.151415655482258 0.227084977207263 -0.044576659823396 -0.260043193723325
0.0472369874103539 0.239253352423349 0.0644441087034063 -0.291995644652996
0.0742729757272374 0.265110922864622 0.15349864939601 -0.164836360527663
0.1433228068405 0.134071328104206 -0.0798172539195806 -0.193388853705746
0.0358827482778192 0.102085653713291 -0.118045547959415 0.222139189118156
0.0597899460564285 0.206564432394503 0.186228577725196 0.205560443320084
0.206468186560778 0.211049473469962 0.159072595795857 0.0254392665774262
0.281837935738642 0.0476848525725483 0.0861229600292977 0.0714745360831639
0.208584841611958 -0.0742144538823969 0.115946923813548 0.101227518895026
0.132428510413578 -0.128921102074166 0.13510426342464 0.0609466363434371
0.109276576757356 -0.116288169827827 0.122606614535222 -0.000720463622720777
0.107801732505679 -0.113380109203164 0.0704460268328156 -0.0193207600747632
0.175739316094158 -0.0714430257792748 -0.00096231284261607 -0.0527775238716778
0.221375458755197 0.0248528760663913 -0.0488258358692148 -0.0930786335575279
0.198967059554172 0.186747628347386 -0.0332887687048496 -0.179991666258487
0.0694018346539859 0.214593367609916 0.0151461606357405 -0.26562571454762
0.00696711077228785 0.160818925394838 0.104456638665576 -0.332464567189717
0.103001821298318 0.175482765275676 0.181405346483343 -0.236021631124201
0.143332834516006 0.00976907206144801 -0.0719089938694527 -0.216679742938516
-0.0130090558838426 -0.000981530840412306 -0.0537357597029515 0.149181051772117
-0.00277354936790203 0.146772761514904 0.18422730718943 0.129857389467479
0.151559717045369 0.1737906562081 0.161428887179697 0.0317179402717664
0.222652396156661 0.0156691571041176 0.160484816381155 0.0706697129179387
0.145265626130141 -0.0882462630722235 0.194541309533784 0.0515427329047514
0.0801227747337792 -0.126458642916072 0.187331900503337 0.00707132895279145
0.0697187666348551 -0.114440699401631 0.15665349799537 -0.0389028442178495
0.0694705574960129 -0.109457738550406 0.105475265171654 -0.0481023527245299
0.135626061842055 -0.0769392091271896 0.0519845278754218 -0.073263515187138
0.18275710891089 0.0238883984809317 0.032702030216286 -0.0930752777046797
0.128145272577177 0.181858910856325 0.0421548261975557 -0.144664555316367
-0.0129190920289333 0.151155539497181 0.0618206675003866 -0.24089103419274
-0.0056311625139877 0.0502369543102973 0.148590236447146 -0.353973107683535
0.138402122769485 0.0704194438780204 0.2049385563952 -0.272645363023108
0.110917577943363 -0.112934229674217 -0.063550505209551 -0.207017397339002
-0.0683180205023785 -0.0842719451453575 -0.0136052658091825 0.0934746216513515
-0.0607352182702856 0.0835298859155934 0.161172661620998 0.0901213539617977
0.0789988816009929 0.119508797976354 0.166122229177048 0.0532137900738109
0.130036420747649 -0.0101403571514967 0.220073213496804 0.0555290913187639
0.0587842294772416 -0.0793398614606061 0.242201261210172 -0.00425851647069523
0.0161265618874951 -0.10017341119773 0.211259445850226 -0.0429411483810194
0.0201885311488267 -0.096461664171436 0.168420174235141 -0.0715408189056405
0.0212385472981157 -0.0971497047231105 0.124624727981275 -0.0760031359367883
0.0852750555726874 -0.0799755486093232 0.0954050423037876 -0.0889253697266176
0.131658286059297 0.011635320256724 0.099051676978367 -0.0753492802800899
0.0554572883985744 0.138108328057703 0.085100311922979 -0.0912761283795411
-0.0595877539998855 0.0504057198480584 0.0727994852986129 -0.213487564331205
0.0247152668593501 -0.0612499377649728 0.189932474235625 -0.369799681152841
0.177011630096126 -0.0294847737310977 0.212280038533135 -0.277791362120096
-0.139400649262494 0.170700213232389 -0.184860202008722 0.191710158092864
-0.0321320990504233 0.178932429870192 -0.210964422538911 0.427016837893838
0.0623543102681734 0.0575326730752001 -0.00540202736131136 0.246523645685283
-0.00722681418580087 -0.0381862069840778 -0.0290397390013154 0.0481992581791669
-0.0574476714272139 0.0267509943010544 -0.130014180549906 0.0498421580322574
-0.000138068684708133 0.0670821867139004 -0.118410344963767 0.120504262761932
0.0458435113317625 0.0623232523055735 -0.107154753483461 0.123383270143387
0.0445904462986297 0.0559003577348086 -0.126147601066654 0.104518867724362
0.0504792458844878 0.0430986399467208 -0.185848094723067 0.101658977806682
0.0337014055426939 0.0539022325706972 -0.221313118209005 0.082311539356357
-0.0151301003976057 0.0239094663683925 -0.24092593672371 0.0359583353801155
0.000135745559594927 -0.0585086761748075 -0.211648628485689 -0.0289331101245044
0.111588520400095 -0.0270110966083464 -0.15547790848267 -0.0530884822301195
0.0910373887978205 0.131694754812682 -0.0239513546486455 -0.0789533266379906
-0.0508923173257958 0.197522634589865 0.0723322736051176 0.172522026419914
-0.108506346061176 0.229233012461631 -0.167435562044451 0.130380511082401
-0.0471001833440218 0.246192973282754 -0.241423633713078 0.427167597009693
0.0726390715489403 0.159747408891995 0.0233742622454991 0.278850150435523
0.0675460463512647 0.0473459070223173 -0.00475258510702651 0.0313569653988615
0.0329802151043374 0.0472615275255177 -0.140465284073059 0.0464682191913043
0.0671553554244738 0.0495568299972033 -0.122957145675248 0.142588820631466
0.0933772377587307 0.0219163076181995 -0.0871568800568768 0.14547065912695
0.0871027214126006 0.00938829927582504 -0.0900070018788099 0.111031889091025
0.0936075659484189 -0.0127612004817443 -0.146518962411748 0.105388727414243
0.106674360431861 0.00786611226383909 -0.201340935348486 0.0889805138301383
0.0787830888724871 0.0138777887682872 -0.24787017071039 0.0403902964043707
0.0919578464620049 -0.0110174410232569 -0.221688475562133 -0.0508091271600366
0.156019892269876 0.0392370047999336 -0.141621173748726 -0.0878529625445131
0.118455767250572 0.186457027971652 -0.0151229790632665 -0.10260575925041
0.000906092946633164 0.271979970737116 0.086699281228976 0.1078149560789
-0.0434231627290226 0.264927262990383 -0.138987332673412 0.0556956297278489
-0.0193609393803671 0.277320969875177 -0.237737851350207 0.411820654958463
0.0957380845145567 0.231367792720331 0.072625433755598 0.313364268049879
0.145931738730068 0.125696465431582 0.0430512113277833 0.0339130463852769
0.137801654588799 0.0629362674763254 -0.111427479304862 0.0526160816984103
0.139213456142159 0.0197581692133831 -0.0939517478801536 0.155815211727049
0.130668954278887 -0.026970729317629 -0.0435355550515984 0.150981965199287
0.115574686473791 -0.0380723812028373 -0.037126814868723 0.0986555926795705
0.118935670866588 -0.062394528489933 -0.0918739466566798 0.0865481751869177
0.157918165665277 -0.037021695628314 -0.16360227896948 0.0718045065081773
0.158193075577265 -0.000614215690187776 -0.233095582754933 0.0263439386215956
0.179681013081818 0.0326883370490291 -0.220817663745917 -0.0805770007830969
0.193032077407228 0.104431908824702 -0.136644375047178 -0.138065655953021
0.128591800598141 0.226819301530059 -0.0121436495404352 -0.156518593980268
0.046322081699054 0.306198911459268 0.0980994489551457 0.0170480022381993
0.0402719972028012 0.260203587586083 -0.115275908214718 -0.0261993701953213
0.0354670885375593 0.259858431972804 -0.199285880394952 0.375727233641466
0.126051160158295 0.252367842142119 0.135430773800255 0.314648169443803
0.212326347118315 0.17000143111057 0.0988050433141239 0.0377581509887157
0.229141208860203 0.0569038451449889 -0.0491502917885907 0.0632313898453948
0.194520314952012 -0.0229389041591814 -0.0305791796268703 0.152340520223265
0.148519873182035 -0.0782710861198006 0.0180388125160658 0.134622540362941
0.12477112468583 -0.0792802733984596 0.021148936083109 0.0688345835425845
0.124725893142868 -0.0973569754370778 -0.032451088889259 0.0516827296019914
0.182833961684294 -0.0693155676438906 -0.115214923976161 0.0358212864178358
0.209704276346563 -0.010213218478943 -0.195500765390454 -0.00539135650977731
0.239171513702852 0.0739340097364847 -0.197414038425208 -0.118289503346589
0.202212391794613 0.159524764611409 -0.121515873206362 -0.192380867529559
0.114355900184003 0.240437862315077 -0.00715564425738945 -0.22424333244667
0.0782864546423331 0.294525025205608 0.108013010958564 -0.0830424578838091
0.110944041548576 0.205591858825365 -0.104831971116967 -0.103138908033503
0.0683856956453439 0.190384614390103 -0.140671906269131 0.316126327312564
0.128573195370925 0.226183045326458 0.188377842884943 0.264240503369707
0.240506054783349 0.176591399420496 0.1396844641099 0.0306193021663243
0.278023440708594 0.0332627653840564 0.0313260627214293 0.0676374813523888
0.21437519805261 -0.0669538454432139 0.053625295691738 0.126502530235679
0.139925883263163 -0.117800433342415 0.0870734735764561 0.094587367177012
0.115227986702977 -0.107973166891208 0.0752976451202681 0.0267939162364249
0.113295810506086 -0.115376439581914 0.0209316724299343 0.0105787278555689
0.180729098638129 -0.0852100512804667 -0.0620068552862814 -0.00710754465954634
0.226047706592132 -0.00782557348110438 -0.135815394606279 -0.046886931702868
0.249960476846022 0.117457407157644 -0.142229252970619 -0.15332498704474
0.16462127878905 0.193669791953333 -0.0843355821891581 -0.235720085720178
0.0751307783147089 0.214514808253081 0.00980678578315568 -0.285817559173293
0.0999664194847089 0.238077292457859 0.119984640271604 -0.175922037108896
0.140948500279577 0.109227355325622 -0.101127966451353 -0.161508035406909
0.0483271334412569 0.0941318195003137 -0.0791218432940028 0.234988213299964
0.0854702990370861 0.180388932540113 0.20766460306767 0.181436077972402
0.220680108133252 0.162936925309107 0.157317959300146 0.0214465685547222
0.268845715674779 0.00495316450665569 0.111077161477292 0.0631375044883355
0.188446163906426 -0.0966679911422032 0.138083272014107 0.0793139026366987
0.107345108476509 -0.135732716880388 0.148439742250983 0.0386527780313135
0.0901945303899832 -0.120456082404062 0.118431101685611 -0.0187926959164029
0.0875236063379773 -0.118684068420755 0.0643754883316559 -0.027983600937809
0.155949677620622 -0.0896364357033277 -0.0087615287016876 -0.0447307581975791
0.210166680672532 -0.000513140243097934 -0.0618448362664183 -0.0789669477655386
0.21220080316087 0.150597392466087 -0.0626293985164867 -0.166251449763431
0.0879475153304661 0.190405032935845 -0.0299051728985026 -0.251774339625047
0.0272495515899418 0.14556020635111 0.043491365904133 -0.329488001959432
0.116268260393971 0.149184141014832 0.138708984868153 -0.245255150651929
0.127488013496298 -0.00676181227311955 -0.0958700777733184 -0.190380879260959
-0.0102849463691618 0.00365586576716972 -0.0297126448967726 0.151341463100959
0.0200519768361955 0.133379056401367 0.190882900924714 0.10520416164094
0.166343439254109 0.13603557067085 0.159144700413545 0.0234082449392934
0.210364686414141 -0.0188595679136293 0.178717435347886 0.0475942517600634
0.126060846636278 -0.102574581168734 0.202493550975571 0.0190645839240904
0.0576749076596509 -0.127728871622854 0.18966665999317 -0.0222254626250842
0.051848417835902 -0.115581966024764 0.144717442994675 -0.0597611588372986
0.0506215401636609 -0.110882579224509 0.0944853220957058 -0.0606651209745535
0.11695318908526 -0.0900449608362894 0.038975162587082 -0.0733143232220196
0.173726701121046 0.00211410219513889 0.0155283310314053 -0.0922348385187017
0.145024928168928 0.154677488392315 0.0155895060459746 -0.144923193472334
0.00469054384548838 0.139974007302662 0.0185412157808014 -0.23593896554849
0.00314659238585185 0.0433016674396325 0.0846855315695345 -0.354104717705974
0.138867117438978 0.0458047388004272 0.157809963013414 -0.282385379190339
0.0854461175202188 -0.117533945945183 -0.0859695331093781 -0.188598117956652
-0.07233315929119 -0.0675711965519898 -0.00133931817266595 0.0885197612299334
-0.0417850089636734 0.0823064981004313 0.160367554038509 0.0654808791144511
0.0918742575438628 0.0952578937208836 0.165799772312713 0.0370531577914876
0.120437289271251 -0.0317085562428635 0.227589942519629 0.0215068430042543
0.0452645413067835 -0.0840177526994368 0.235238204464288 -0.0414408093453376
0.00115107712191125 -0.0953743060261096 0.202044387284684 -0.0732923853679129
0.00627824604524687 -0.0935533154856443 0.151300927989993 -0.0922840303284502
0.00681095314125589 -0.0942922440755049 0.10890911062119 -0.0905431357193565
0.0693221048289419 -0.0875045364120446 0.0784697365034434 -0.0958125507324375
0.125062294005895 -0.00485122520313677 0.0819567464650569 -0.0860246567681997
0.0722566752112909 0.121664131204224 0.0657010232239343 -0.0999926292842109
-0.0495288076464861 0.0518986398781478 0.0347494147743239 -0.212807207726845
0.0187182909911811 -0.0648018972920672 0.122650298613891 -0.374382093476003
0.164536278094775 -0.0526863604496595 0.166248877360204 -0.287834360166043
-0.138664788732982 0.16087943810693 -0.188132178076604 0.180815767777616
-0.0351110760909237 0.173481483617131 -0.214855907520079 0.406721481938887
0.0581610057705424 0.0566366460553438 -0.0100086216614214 0.237724877398274
-0.00755287306515667 -0.0365547862946839 -0.030615468181897 0.0442956023161057
-0.0564528938432887 0.0258435722359992 -0.128216058608259 0.0457911595098635
-0.00163045083298041 0.064884132096334 -0.116248324750395 0.113344336754272
0.0439605666947761 0.0605674061373483 -0.105008886815695 0.116885035464971
0.0434367258094523 0.0553093341648525 -0.124452973223781 0.0990109322927626
0.0490544719167813 0.0432051663434295 -0.182809869107884 0.0939341565470427
0.0337205488956647 0.0528391350384911 -0.216963961056881 0.0734875028245734
-0.0140852817273876 0.0239739455399509 -0.235132856359026 0.0284179146889972
0.000338663462321484 -0.0547039854156278 -0.203160119135199 -0.0328897882114756
0.107628868271304 -0.0235801592274635 -0.148635276495868 -0.0548245092882216
0.0863678719486014 0.130044485707597 -0.0221799222453899 -0.0797704071403169
-0.05323624294631 0.189592414109777 0.0648948338523948 0.167552954632161
-0.11202454208623 0.218460867662343 -0.170259381923739 0.122425472661112
-0.0509330654497134 0.238485990209898 -0.244605021566963 0.40721866436324
0.0660710058715011 0.155141632430825 0.0169946235354018 0.269327533761786
0.0631520387781957 0.04718757861117 -0.00757985133940181 0.027847747528044
0.0311206387377401 0.0468437564060345 -0.138313631006262 0.042666463664333
0.0637883696813557 0.0497729931447937 -0.119951649156382 0.13553567883322
0.0904851538062415 0.0227952044088458 -0.086057895539463 0.1388357167177
0.0858386924792128 0.0112317241559925 -0.0890570648266967 0.105329291982903
0.0909667879470704 -0.00928002424530374 -0.144185127536129 0.0986181954800221
0.104027179997754 0.00928437324253354 -0.197701194595569 0.0813476676554135
0.077240725656607 0.0160523293946721 -0.240038652769319 0.0338225657557131
0.0892927137451601 -0.00677502153360952 -0.212885805009956 -0.0539928849518872
0.150038217287351 0.0413851178515125 -0.135720756096538 -0.0890885405871136
0.110755118139775 0.183775666368866 -0.0139045173481584 -0.101978023259149
-0.00534810245103486 0.261574110288903 0.0802501320654596 0.105515118122931
-0.0498571418593399 0.255062822145435 -0.140190490542301 0.0517801236020365
-0.0261774535301816 0.269135613357191 -0.240560099677169 0.393275129830519
0.0867577958995935 0.225216147164344 0.0647900724524795 0.303842346552429
0.137342419950132 0.12541946103119 0.0385372975090913 0.0315026273992196
0.132244500747205 0.0629698187953211 -0.11095642294526 0.0501524377420812
0.134365671619574 0.0216218275717953 -0.0914973741384667 0.149920374085192
0.128093157672087 -0.0229607317563879 -0.0443010064945959 0.145115158261251
0.113955986116687 -0.0338672589309276 -0.0382236208533314 0.0938746626261797
0.116621474375723 -0.056687995039837 -0.0911542170812756 0.0805033984764613
0.155030171219425 -0.0327958532684694 -0.16077825278218 0.0654004912311903
0.154513907782582 0.00294780666295488 -0.225463185625392 0.0213421102144858
0.173371782519499 0.0369807278129002 -0.211381940984371 -0.0826210821782953
0.184045629232905 0.105552510641316 -0.129754495451897 -0.137829202852032
0.118684304975513 0.22267507738764 -0.00955135618047374 -0.153876172748929
0.0363170781621647 0.29522928455552 0.0936953487245028 0.0184245407944178
0.0308103706593597 0.25329272430468 -0.114335088863586 -0.0261073745745851
0.027024210594916 0.253113637102611 -0.202820182204464 0.359290710957633
0.11620068874954 0.246308201313119 0.124551043780568 0.306530255660187
0.201405834126152 0.170098370810344 0.0913170147589885 0.0361915258765615
0.220992059697575 0.0594500739133969 -0.0506750073832686 0.0615134325771998
0.189615782674801 -0.0185522885376732 -0.029536464728497 0.148003155831394
0.145769598769797 -0.0713198059037559 0.0157738396583946 0.130457896099465
0.124082661758292 -0.0733487902600629 0.0190365677001251 0.0660636698171396
0.122884194128422 -0.0894725343701237 -0.0329720594026438 0.046542462961425
0.179233325013663 -0.0630177401722453 -0.112304177854372 0.0312217134630702
0.20414719783487 -0.00570191927804652 -0.188754490364506 -0.00879334360799588
0.230245160516915 0.077655421503673 -0.187433387551347 -0.118131940994305
0.191779777771495 0.159062711514273 -0.115136015225865 -0.189769782559371
0.104160830929669 0.234858512957289 -0.00360250889890092 -0.21795076380586
0.0681681995632989 0.283780927843127 0.105800369650376 -0.0787562366011072
0.0999943095148398 0.203240000335695 -0.101417570444699 -0.100111873163162
0.0608463821136605 0.186554655796253 -0.145086893056449 0.30313074416703
0.119400585147089 0.221194580282439 0.177487896497499 0.259399486360665
0.229833120184126 0.176732045172234 0.132084348975558 0.0309823445245127
0.268397151680943 0.0360769636921396 0.0274194921255055 0.0682216367211603
0.208621877145399 -0.0603838893575209 0.0524972836521598 0.124539323160066
0.138307409692722 -0.109155796434685 0.0837957816410572 0.0932197164205358
0.113865331243821 -0.100822387955723 0.0722512969243516 0.0261377203315101
0.11115513344963 -0.107020883229807 0.0201977028520291 0.00793122757839831
0.176328368881694 -0.0785215876148043 -0.0594290591005871 -0.00831799944996286
0.219714941179107 -0.00331220310178283 -0.130443653768148 -0.046556656499492
0.239766991281532 0.119789563395517 -0.132534160128849 -0.150438264193834
0.155427328041503 0.19139568443913 -0.0789358038370393 -0.23128592771872
0.0657318035222928 0.208958515656327 0.0150201659449327 -0.276986039665791
0.0891850794585652 0.230025690137184 0.120863554848348 -0.167951277310206
0.130690880622244 0.1104035060753 -0.0954616452757894 -0.156345429372301
0.0435899456209229 0.093201654693507 -0.0832601243314584 0.227105861768963
0.0792912999099521 0.176437681425699 0.196416862112854 0.179828448388045
0.210361136706514 0.163082431080513 0.149014614950909 0.0235906944723585
0.260190456995051 0.00867891927007369 0.105539587721512 0.0648242670593132
0.185145709539306 -0.0895572087956932 0.135338526183325 0.0808370400479296
0.107029436932767 -0.126823267125507 0.143794934352507 0.0407815219501155
0.08899293035757 -0.114116048289658 0.114049322706267 -0.0168571616483241
0.0863524111093323 -0.110674181117162 0.0626624165909902 -0.0277550286497847
0.151561895483386 -0.0828394857368972 -0.00725716848062702 -0.0434093346201956
0.20371253981952 0.00299322246790896 -0.0581701923941742 -0.0766547033556476
0.202885518168528 0.150287698853248 -0.0558847585865778 -0.161616232671601
0.0804742398305632 0.18686349019477 -0.0243881410662341 -0.244221191122133
0.0216275197496122 0.140938075454916 0.049707936663318 -0.317677735620254
0.10698780047451 0.144911486995624 0.141635007525381 -0.234157172050399
0.12136307050254 -0.00142031613353162 -0.0889007854239351 -0.18562700356786
-0.0109412606979261 0.00416890904357811 -0.0332454693030824 0.147020886374017
0.0173967356669541 0.12931072565278 0.182255557248059 0.105867875944857
0.159497919218434 0.135209213899517 0.152082604829192 0.0260853787962735
0.204165800171377 -0.0161047026661202 0.172561356830958 0.0513236724927297
0.124409055358272 -0.0966428038685541 0.198684475942035 0.0236089814766278
0.0580780446948148 -0.120202750369836 0.184983821565942 -0.0169772797474593
0.0516002790859701 -0.110170469855627 0.14106305244398 -0.0557773682270162
0.0506250469840339 -0.104028812933753 0.0926455119750098 -0.0585941436992659
0.113212000933694 -0.0840817343430151 0.0396696758037362 -0.0695952654080214
0.16832728180997 0.00431635752496592 0.0169307703141719 -0.0879283388218022
0.138401118468909 0.152547570386622 0.0198340118413687 -0.139463871674267
0.00125112572443203 0.136774616137223 0.0228383428017967 -0.228338239089658
0.00071388287229841 0.0420515311705778 0.0910886040650622 -0.340482598571108
0.131154276258427 0.0464932535188628 0.162111593115478 -0.270607982079389
0.0833671716265397 -0.109625470002595 -0.0783713365943051 -0.184626545559951
-0.0684574295911385 -0.0661320255047097 -0.00409661006419492 0.0863215003510548
-0.0410289978817966 0.0782325066821581 0.153986605490685 0.0670085422054953
0.0883002653904535 0.0938137231660147 0.159497131536491 0.039772584068625
0.11656112513582 -0.0302424359446665 0.220987071228579 0.0260269311187115
0.0451781353939332 -0.0804037848750758 0.230965785022652 -0.0342379311206033
0.00151860878717393 -0.0905871345893098 0.198422232449129 -0.0664312618881964
0.00659633602828953 -0.0903280535649438 0.147973841455641 -0.087166284015906
0.00716941655327262 -0.0891167722072317 0.107383466201505 -0.0862204876725166
0.0665669886704781 -0.0835312706517556 0.078484361039489 -0.0901864380789593
0.120883751756174 -0.00317907740404496 0.0820556142153218 -0.0808885999611973
0.0683862138567872 0.11925891398136 0.0667334901967901 -0.0949314235849744
-0.0496601773702127 0.0494733148694223 0.0384883945783308 -0.204415504007003
0.0183584343402771 -0.0618064407303133 0.128627220434782 -0.357564508172432
0.158403081748713 -0.047307463449345 0.171580178633096 -0.275298982850082
-0.145889091932388 0.155381093174125 -0.20074460160748 0.174456481629714
-0.0411120716610473 0.173696467942265 -0.233758195477774 0.399814588190205
0.0560779926779759 0.058562248419814 -0.016900747255919 0.237399065096262
-0.00779382168743788 -0.0365375728948582 -0.0341335362904623 0.0419101209690447
-0.0582824441402695 0.0255556241433987 -0.131544470748035 0.0417200306281256
-0.00423591732665782 0.0654243109911671 -0.120147307505628 0.109833240858659
0.0427317622999867 0.0618488830142611 -0.107844111051135 0.113295371213068
0.0435856964911073 0.0570463334527966 -0.128341394804395 0.0950261149108208
0.0479417982499818 0.0447833732497964 -0.188275063864247 0.0885272496690855
0.0333857997610452 0.0538533328669127 -0.222141367975524 0.0655126712531075
-0.0140330529325448 0.0251349110744088 -0.237286760680009 0.0197139854475103
0.00151973155165024 -0.0533362833980644 -0.202810457941688 -0.041145275569426
0.108524272009107 -0.0200382796184178 -0.146207101647022 -0.0612215374907664
0.082985000033939 0.134824438058929 -0.0206313748774199 -0.083250400443867
-0.0604694781646763 0.188893122859933 0.0583805761137418 0.169846028124046
-0.121444413468774 0.215042262138371 -0.181200419845455 0.117371697749722
-0.0605778897459586 0.238351951158223 -0.262856586967564 0.399285353573009
0.0607609824717601 0.15785463381088 0.00898334602330692 0.270459313122799
0.0606632259506492 0.0503540917307951 -0.0104522935536637 0.0255788159284639
0.0297616068188875 0.0491396773506159 -0.142249429079688 0.0387584076467927
0.062480660902261 0.0522249990404627 -0.123631135630434 0.132252763514315
0.0912642067628092 0.0265492176908639 -0.0898412507912617 0.13538818507956
0.0876615685121988 0.0144642388957038 -0.0930893532272552 0.10252282491723
0.0918906444179459 -0.00525914309678633 -0.148723862538045 0.0934742263895581
0.106338764064333 0.0129427566791339 -0.202656758308805 0.0741374990321073
0.0779727392305364 0.019569140100165 -0.242452987190137 0.0252165862588498
0.0890593354898837 -0.00172907738548545 -0.210922302441898 -0.0619508608904416
0.148808699207196 0.0474165857274586 -0.133172995917741 -0.0952143464638
0.104491927036662 0.189073565570344 -0.0110893020981639 -0.104983403795791
-0.0155849661491121 0.261746886272555 0.0761639852034748 0.108513621927473
-0.0611439911676323 0.253989965276705 -0.147862013206689 0.0483523343194318
-0.0360883163761946 0.270177722645881 -0.25865672200925 0.385533428876982
0.0787753330666276 0.228955210792996 0.0545753880732132 0.30670823314398
0.132605855657169 0.131826878359506 0.0350887603858681 0.0301565556581826
0.131032286186718 0.0682781178577039 -0.115204888402397 0.0470037699619709
0.134630216806251 0.0266472611485123 -0.0948423068680712 0.147218743783371
0.130387483038231 -0.0182029043162456 -0.0479100581286431 0.14374314266565
0.117347729531951 -0.0292738847527704 -0.0410830386808758 0.0920161916272559
0.119700947901531 -0.0511873725430616 -0.094375673707786 0.0748786717000133
0.157604815707993 -0.0277328690131998 -0.164779703310103 0.0592206766302723
0.156154216414587 0.00867354758956839 -0.226799854888914 0.0144022866199327
0.173056732853295 0.0447164181294504 -0.208604829150019 -0.0901764703885741
0.181421817020586 0.113363414724426 -0.126288272199437 -0.143871282795186
0.110475749818583 0.228176454383939 -0.00542214008473337 -0.155836118253621
0.0250741043897444 0.296535368653398 0.0930248054153896 0.0213865787952945
0.0188723970452164 0.256279802790601 -0.117959608551516 -0.0279760847469921
0.0167940061895891 0.256327822506503 -0.220621045970634 0.354950385119964
0.108018245139399 0.251304483233974 0.115512001497181 0.311931925214541
0.19588419484831 0.179026208034548 0.087462290383603 0.0373219866814444
0.221138813390753 0.066859244544356 -0.0552570110153704 0.0620893287645236
0.191252844798455 -0.0123428558733415 -0.032481269736896 0.148395137825153
0.149350287413219 -0.0648780649841879 0.0128796625569643 0.13115137934305
0.127882963212776 -0.0685342720707821 0.016608964383202 0.0654724531919464
0.126505080815847 -0.0828777337686618 -0.0351445836948772 0.0429164799915121
0.182193679917814 -0.0568936139482615 -0.114301365590676 0.027157667348162
0.206656251768667 0.00159879388329865 -0.188667468074436 -0.0137841346547103
0.228990509669751 0.0882677203915984 -0.182402829242009 -0.125283225965331
0.187106505934234 0.167744376181926 -0.10931384906217 -0.195145633192786
0.0945934142823626 0.239496666774696 0.00324601843470361 -0.219750993874314
0.0559139214591005 0.285287546423214 0.109544075245425 -0.0755278533013321
0.0907039588544558 0.209642384746215 -0.100392639824329 -0.102640837039099
0.0530038542088482 0.190818479344099 -0.159361089525221 0.300700746049516
0.111176710381564 0.226020158412294 0.169488528070833 0.266956077341789
0.22477889283874 0.187210300557647 0.128373908795363 0.0344133512622881
0.26990418212326 0.0448589795327952 0.0235701326756758 0.0713610716151672
0.212471460605622 -0.0539892647713132 0.0518153251879526 0.12847527690229
0.143257635238213 -0.102849258270879 0.0823773577164033 0.0966306174439749
0.118254096014351 -0.096815795442301 0.0710147006757722 0.0276010458090939
0.11572393982637 -0.100642350241402 0.0197611777396207 0.00586909817148893
0.179435095102646 -0.0721769833592469 -0.0598802848843066 -0.0108106236453117
0.221175917682238 0.00388831122883481 -0.128888727168075 -0.0499538239733087
0.237399398812591 0.129644611374506 -0.126211169541295 -0.156286478502577
0.148933377358186 0.199070685444376 -0.0723553823603636 -0.235303025187033
0.0566034319246289 0.212598344982532 0.0246445440608059 -0.278152931664748
0.0792458208901791 0.232187779110876 0.128488693703346 -0.165106231253348
0.12578291984898 0.118377922653916 -0.0912295778483034 -0.159221545441827
0.0398759166176935 0.0965025798791968 -0.0933020318109877 0.227293862465299
0.0730909689682614 0.179996786075335 0.191775855802742 0.188466344099036
0.207190848057734 0.172698215215143 0.14621658364541 0.0285546972371518
0.261263059151339 0.0165384007016884 0.103685010406882 0.0711191171611678
0.188939328666853 -0.0838656760710319 0.136411858872113 0.0867796429706897
0.11163640194917 -0.12172536299887 0.144779842922565 0.0461336977414514
0.0931214855483207 -0.110504319983557 0.114661590521115 -0.0138119604612801
0.0900375321166997 -0.105610742744506 0.0639476381777277 -0.0286661628837087
0.154021803136803 -0.0772433840942331 -0.00579871035654493 -0.0435135021355778
0.205098542655267 0.00985087212803642 -0.0547660029575307 -0.0775031127016649
0.199092345857911 0.158900949318001 -0.0483193164134822 -0.164066718582261
0.0738974161205367 0.191609959723091 -0.0171468696995263 -0.246952242041148
0.0141572252329539 0.142420596528386 0.0625197445068824 -0.316952464657807
0.0996365334181557 0.148232634004137 0.153264700464172 -0.230770304746245
0.120317007629097 0.0057403126088066 -0.0817755301359552 -0.188994300213503
-0.0117540508605529 0.004816017294337 -0.0394652156440722 0.148775265654527
0.0131056304106864 0.130631215452071 0.178978434162207 0.112987152156486
0.157490854156725 0.142690061315003 0.150055295243581 0.0318404697138261
0.205195920930403 -0.01047179845618 0.172688770868019 0.0590944362610101
0.128003242224954 -0.0932383158269766 0.201797200616879 0.0316513648797652
0.0622515866974231 -0.116981149595357 0.18798742851791 -0.0102314228219343
0.0546384798661612 -0.108379860901926 0.14383338586896 -0.051710279851599
0.0539267115673234 -0.100447898399291 0.0951988657788405 -0.0575753102399222
0.114940929603545 -0.0803009327076798 0.0429400747991559 -0.0678948545142895
0.168956613368547 0.00942559031548547 0.0211923732133742 -0.0866214427436992
0.13508307336282 0.158144438387897 0.0262652925798757 -0.139037847706173
-0.00467906388752259 0.137820979467173 0.0307709264501248 -0.228036627278088
-0.00293889358579113 0.0419936496714602 0.104920893789987 -0.337579103530004
0.127523326937903 0.0512042428617112 0.176940223572748 -0.266647260708566
0.0873224530258679 -0.104719898887408 -0.0706710590609332 -0.187920664080973
-0.0670402901007851 -0.0684178514493137 -0.00762289199153856 0.0887816445037347
-0.0437639075773363 0.0768060435434317 0.152190916896864 0.0726955149236779
0.0871973554104565 0.0974676922510026 0.158245220491183 0.0465923488969342
0.117586835665065 -0.027965599804284 0.222386981978235 0.0347982849042147
0.0474731580078882 -0.0795963149657142 0.234999449899378 -0.0253996270513406
0.00408598010783004 -0.0893398158663289 0.203213964144087 -0.0594868372256197
0.00821743533634977 -0.0901284533777847 0.15235953586486 -0.0826954228842382
0.00947585818720435 -0.0879661996241027 0.111194072694512 -0.0840203392561496
0.067702211492887 -0.0813429381785467 0.0819963904562448 -0.0870614927006651
0.122006409876829 -0.000200692638091193 0.0861448760328074 -0.0779319911970428
0.0658857278935575 0.121674194189666 0.0721632013301851 -0.0925946607561547
-0.0527507612178701 0.0488862230191717 0.0452272378079374 -0.202991720651942
0.0198749828336331 -0.061691099487945 0.143907909640379 -0.354950188068538
0.159642235970141 -0.0409029539455526 0.186791629253543 -0.271156310129661
-0.156130513841981 0.157879964418842 -0.219417740590497 0.177253844388302
-0.0466487211287771 0.18160125592355 -0.255551955129803 0.411077473312786
0.0570961765194683 0.061030292566288 -0.0212973000738041 0.245607297779805
-0.00854678337411453 -0.0381240208017232 -0.0366933746133301 0.0408470518007547
-0.060971407090646 0.0268506721944497 -0.138885246746477 0.0410647939928206
-0.00634091284361605 0.0688424239823455 -0.126304822738546 0.111990794992945
0.0428882727985438 0.0650689885610147 -0.113808597770221 0.115576990702425
0.0464745148022908 0.060779709654195 -0.13501532779574 0.0969366575025893
0.0502614790216 0.0483163021500088 -0.198318255893503 0.0886592215089977
0.035867951581396 0.0575069487683406 -0.234356504235223 0.0625151966370412
-0.0143587392107071 0.0274796983944825 -0.247842387907444 0.0133195908408086
0.00152872764779106 -0.0542771584313348 -0.210932423843969 -0.0480178586491648
0.112953212665165 -0.0184019070758542 -0.150074048743389 -0.0675992527241576
0.084767398073281 0.143602301131335 -0.0208540670378202 -0.0906091832541325
-0.0668757795385185 0.196259386510588 0.056697553515061 0.178200610026914
-0.132723207158745 0.220994020184769 -0.197408068696226 0.11925328038856
-0.0688720866317915 0.248459060486111 -0.286402039995129 0.410003135084836
0.0591019292146838 0.165339720420488 0.00511750103451321 0.281416199678389
0.0613403637578938 0.0547065477462957 -0.0137546813351605 0.0233604935626766
0.0296398419641897 0.0527437241568131 -0.150899780437439 0.0376230467802755
0.0640187093008602 0.0564141236300995 -0.130450393451255 0.135232831938682
0.0952045449859659 0.0293280853574041 -0.0948420573225362 0.138766409781831
0.0932400618965844 0.0169933755932414 -0.0988322771096637 0.104832221962004
0.0975931345166657 -0.00218731606914504 -0.158005402310203 0.0932438179097048
0.112926010184465 0.01528509958219 -0.214179242835467 0.071806822324833
0.0826148642799154 0.0229826302289435 -0.253925612151528 0.0205315718788173
0.0927336485512086 0.00254823175086387 -0.218473487783165 -0.0700261907385575
0.153613318763735 0.0535844221832297 -0.136449867730251 -0.102661015936156
0.104751860861586 0.200660407559929 -0.0111725004595021 -0.112249197341223
-0.0228516912239238 0.273026086597003 0.0765220343503063 0.11407019952725
-0.0713252463667847 0.264147207645956 -0.160308240883472 0.0486583252713248
-0.0447717283617363 0.282054838045497 -0.282176818095149 0.398637061985358
0.0765564316057034 0.240664322609172 0.0520015402068945 0.319886462580175
0.134790516928679 0.141763994300115 0.0333428073290857 0.0302165276520766
0.135773579745679 0.074059786770607 -0.123395834534731 0.0476399903793681
0.139750254706955 0.030606941275413 -0.0999416603296003 0.152456873055782
0.13701836127473 -0.0151359340392915 -0.0514745222795929 0.148409973367668
0.124606943079914 -0.0279689235622044 -0.0446341818174969 0.0945086433301754
0.126851002345139 -0.0489432841416617 -0.100744955241933 0.0748558543725931
0.166240774920769 -0.0257727789330073 -0.174042731305112 0.0573274569179487
0.164295008117919 0.012387941293361 -0.238040030206508 0.0105425655189
0.179999560962907 0.0526518322267092 -0.214824089000157 -0.0995776514531698
0.186990913669702 0.123637743719416 -0.128882819923776 -0.153667782797926
0.109409662397065 0.241593717299618 -0.00359775159170193 -0.164532065288168
0.0178951286001924 0.309155765833854 0.0969558886837815 0.0234863519548038
0.0123944899521366 0.268916966683572 -0.126145398990048 -0.0297876114906419
0.0110798869980872 0.26946248681372 -0.240216284282275 0.367011434431242
0.105993670370301 0.264594164575637 0.114426907835178 0.327540572251129
0.200719901705062 0.192997328302935 0.0880310627801973 0.0387667830539583
0.229507409163174 0.0739126761949302 -0.0607835276137835 0.064565853999633
0.200383371521176 -0.00871281896351099 -0.0338945904017389 0.154807117568236
0.158178229348462 -0.0630713422503034 0.0125451877412347 0.136227213974275
0.135623209360596 -0.0679989536514637 0.0159787884197644 0.067710648419901
0.134610913077275 -0.0819837209236852 -0.0382575416460916 0.0418015864735408
0.191854820510077 -0.0556105465956663 -0.120346128994643 0.0250179278814293
0.21656627784782 0.00573446743107392 -0.196730827282606 -0.0178545010806869
0.237857256047601 0.0989304120302582 -0.186981949498148 -0.135176766010702
0.191586626838339 0.18026650090365 -0.111991524406977 -0.20683236760829
0.0915302975069357 0.253257801324761 0.00797090142992945 -0.230374864484246
0.0496581284699416 0.297458687810762 0.116252662810191 -0.0770164637076103
0.0880726415045894 0.221939894426938 -0.104573055337027 -0.106896645362597
0.0503448625087415 0.201912618681565 -0.174665992843676 0.313202931910662
0.111011326308351 0.238943116287146 0.171653815716135 0.282176178218915
0.231311786910527 0.201791477434171 0.130535028663919 0.0378378906263379
0.280399073351733 0.0519075534159023 0.0225066360163828 0.0770922262390961
0.222452975364877 -0.0527910603425553 0.0548039289819228 0.135776214092128
0.151816930192721 -0.102269974266169 0.0855340591049525 0.10207766267678
0.125787124079443 -0.0976701528184828 0.0740930702891424 0.0298538640711614
0.122932618967574 -0.0998921927313017 0.0193549182754457 0.0037734374408586
0.188277622006192 -0.0706086727212075 -0.0619194432041788 -0.0129136242760813
0.23153403047614 0.0084877760326523 -0.132440438061242 -0.0539416152033855
0.246429536181589 0.142982146212475 -0.127071450390566 -0.166824323210136
0.15068136906135 0.21216573112277 -0.0716531983964665 -0.247233408813471
0.0516019766684385 0.223540951979993 0.032258817622789 -0.289541723745294
0.0740185052750823 0.242726345204155 0.139667372610894 -0.169480933932381
0.127398593938111 0.128957974560204 -0.0925217435364083 -0.166677051691961
0.0378574571300192 0.102284001274573 -0.103409810339657 0.238344437861141
0.0726805587198252 0.189605315015828 0.196481039031176 0.200620253264714
0.213698811313434 0.186160898511716 0.150028325640996 0.0331857261232372
0.273431746169794 0.0207889492482894 0.107174943926788 0.0786019436449082
0.198630438248845 -0.0845613677850294 0.144413835398574 0.0942612835397729
0.119355544666935 -0.121893965131805 0.152712527577291 0.0507784749670097
0.0985878588477923 -0.112908147198208 0.120110243425889 -0.0128514385140381
0.096254680513722 -0.105397110194111 0.0674376726902083 -0.030536005074479
0.16129196308435 -0.0773603301495282 -0.00443295821058207 -0.0457013380157526
0.214578480797516 0.0137205520340196 -0.0551527016914522 -0.0809948326048894
0.20601353346795 0.170794426337632 -0.0452329080209876 -0.173080249474768
0.0721038440396484 0.202568988302558 -0.0134251337262435 -0.25784812723956
0.00875176768876522 0.149088973809894 0.0727605886333664 -0.329102011585081
0.0975788093033802 0.155936543466825 0.168160171316499 -0.23843238953776
0.125196765790762 0.010994104414262 -0.081196320142763 -0.19842645651132
-0.0128788961100133 0.00598555009812105 -0.0447009080676042 0.156643586267773
0.0111898047577738 0.136624775404632 0.184959777216264 0.122722622054931
0.162967708193203 0.153113164573789 0.154892184883127 0.0371507723958827
0.214428974636608 -0.00805916517559693 0.180119339429028 0.0673145975878479
0.134963738105869 -0.0950239728072941 0.213551143183858 0.0382647898176411
0.0673241175621623 -0.118139214444151 0.198609514835063 -0.00655274061691179
0.0580408359868026 -0.111715719309086 0.150925134011129 -0.0519281951702116
0.0574668988058324 -0.101580900697924 0.100602405976991 -0.060100313450318
0.120297185497962 -0.0812940646942598 0.0462829946764146 -0.0697329878805642
0.176394072620813 0.01235732623949 0.0249747232610972 -0.0893840846669238
0.138439339347916 0.16861240842934 0.0325056258772798 -0.145611280298601
-0.00851144576725512 0.144577370296448 0.0355969119735062 -0.237019071789496
-0.00609518591730942 0.0434507609637684 0.11825800031588 -0.349652078203117
0.129987879113757 0.0561116756334546 0.193920124350672 -0.275245351299609
0.0933708228576182 -0.105003030502277 -0.0687702365056587 -0.198434216754023
-0.0690350580066417 -0.0722771953904473 -0.0100296093296571 0.0943671121345426
-0.0468156874300103 0.0793254492819148 0.157099940658198 0.0800645569049455
0.0905634229831747 0.103973868787068 0.16401009230947 0.0528002044395502
0.122398399802555 -0.0276918856499176 0.233214056793377 0.0426909500254599
0.0505863194111664 -0.0821058778550679 0.249330668735618 -0.0210248066483239
0.00515497658194651 -0.0920091531932757 0.215388105696412 -0.0572954982414105
0.00796777192649258 -0.0942460424078489 0.161007449923754 -0.0834457625610896
0.0108420730767303 -0.0895027551396068 0.118035073927644 -0.0870577400655235
0.070649193892703 -0.0835878818790589 0.0880795318584819 -0.0893547112668721
0.127791432308574 0.000962254402653207 0.0926809022365626 -0.0792778818949318
0.0675399514934351 0.128272415142089 0.0786431425133076 -0.094779852695487
-0.0569474986000707 0.0497722402982264 0.0507512444990278 -0.209669537440895
0.0209433845769353 -0.0648457506280641 0.159482394123922 -0.364179314380231
0.165418118182663 -0.0387628759535004 0.205990457699896 -0.279901561579332
-0.16391485803959 0.170686410734347 -0.236773872674084 0.194024004417209
-0.0456316075446104 0.195106603413538 -0.265909876110994 0.443169915586943
0.0613109502479266 0.0637295425517821 -0.0153763206252575 0.259791540024566
-0.0110357553336053 -0.0396005205747735 -0.0398653970299526 0.041248816813565
-0.0641268757628599 0.0312031341991818 -0.148109661138049 0.0467562522322643
-0.00516954227478843 0.0743589582994252 -0.131915620109757 0.12210933356702
0.0478486267129869 0.0680672778356216 -0.117476441686621 0.124861314206235
0.0524466502015323 0.0637148183797487 -0.141430532593524 0.105745694862356
0.0556743679797707 0.0507187250774035 -0.210409588555152 0.0992297826618451
0.0412874399250112 0.0597977283431018 -0.250147816466131 0.0703286169121674
-0.0141566798338523 0.0304213541399689 -0.265081918536176 0.0181543818530779
-0.000583769169315677 -0.0556273351803739 -0.225426915267838 -0.0476675023067674
0.119593738828624 -0.0212630411394953 -0.160794438742799 -0.0699231883196965
0.0943939766262859 0.152415097492494 -0.0257912857221456 -0.0990856236115707
-0.0679494370301633 0.210809130984131 0.063789617321983 0.188193489693346
-0.138496337728443 0.23748220886501 -0.213382577904694 0.13271602209817
-0.0685163136175975 0.266736872440166 -0.298960343833986 0.441841111605913
0.0659309247146014 0.175180686778113 0.0129285951789247 0.296930705229383
0.0652973748368822 0.0580038027033113 -0.0156151284327601 0.0224122164819838
0.0330426363117546 0.0563095772700574 -0.161713828996679 0.0437245457959261
0.0699573186428762 0.058771139275998 -0.13492513892213 0.147085370122988
0.102844622856688 0.0301841140012377 -0.0968040423557087 0.149149032668286
0.10105554872956 0.0166402648060943 -0.102394270728085 0.11265056018772
0.104761132165355 -0.00344980265140979 -0.166938517039195 0.102285900959037
0.121821673524721 0.0136319559020731 -0.227860347124196 0.0801375222381583
0.089315667262878 0.0233503283572182 -0.270141773897088 0.0269266526909275
0.0989898243571374 0.00298172966343828 -0.234342932023603 -0.0710898305255972
0.164826953728101 0.0547100470412278 -0.147106261144619 -0.10789031932584
0.116075043143169 0.212853383692548 -0.0156280014940074 -0.121611904930499
-0.0198498432107529 0.29174063654675 0.0841780592614103 0.119739817597869
-0.0723090055580648 0.282675431444459 -0.174608141926561 0.0578319203448621
-0.0428066024989034 0.301956810347288 -0.294148640037317 0.430201814508075
0.0858096155410214 0.254061908888486 0.0637141187868133 0.338621335529493
0.146395932087796 0.149539438480801 0.0332298515204701 0.0285240155230439
0.146272296459941 0.0761578111662073 -0.13276090914777 0.0537190267632475
0.150074190018751 0.0296196754776881 -0.101181574993515 0.164405359830438
0.146902891558081 -0.0176557371187948 -0.0503922220514421 0.15772628353517
0.133467897147739 -0.0322895697296649 -0.0453149800617396 0.100872760193877
0.13498150117328 -0.0524926160956747 -0.106982014842384 0.080292762341141
0.178238686384601 -0.0306425741974445 -0.184719371907024 0.0636658281509721
0.176067813926798 0.0101923655212432 -0.252095735546164 0.0158573925084584
0.193715099715035 0.0551286346092171 -0.230349795834902 -0.102345517997063
0.201323745486056 0.129296196862456 -0.141634877274464 -0.161374268661272
0.119971684601689 0.25590432642307 -0.00853279164975513 -0.176848846267927
0.0233172169973137 0.328161131773062 0.103689568970931 0.0229306095069714
0.0164381253009621 0.287066462269065 -0.137827945150966 -0.0263626967326077
0.0158454723732026 0.287361074360506 -0.249515362997156 0.397574699487563
0.118079771810812 0.278637737306858 0.129671227771419 0.346137366148786
0.218677834286571 0.203561069769672 0.0907876589586597 0.0378805346099778
0.246592618832045 0.0731119338174853 -0.0650279920275012 0.0716815008297804
0.213529468810406 -0.013957976664724 -0.0297863170048319 0.165661387372938
0.168380421303602 -0.06875640427265 0.0179037540695336 0.144007160937127
0.143324094180112 -0.0748513030683463 0.0190683845759239 0.0715812326738676
0.14260784860484 -0.087353326499784 -0.040879589721858 0.0427881434751849
0.204327626765558 -0.0629636728531134 -0.1287778545334 0.0286753451629931
0.231319617464111 0.0018315300398836 -0.209533175158534 -0.0147630976250336
0.256914189063605 0.102705908948229 -0.201323940644283 -0.142164657223629
0.207958330040441 0.189780867764789 -0.123788143636768 -0.218429349413628
0.0991079820192063 0.269405408938339 0.00383083581441382 -0.246383613307013
0.0563962851599342 0.31574506378221 0.123241203925524 -0.0850794474078868
0.0971717936561005 0.23684197450049 -0.114933066464635 -0.109249600532486
0.056299236968748 0.214285222358942 -0.180834712019093 0.340365986079204
0.123094948997007 0.251922908912305 0.190180585119117 0.296944832303455
0.251382132112698 0.212801879442 0.136645416795755 0.0368821533998332
0.300475785343168 0.0479322683556163 0.0244427874755481 0.0837925994097853
0.236842160576741 -0.0611606832148212 0.064728798832632 0.143625643772104
0.161688537386498 -0.109583962591076 0.0951210771245109 0.105947267367257
0.13166418988572 -0.105919962496322 0.0791572475267614 0.0298088463325556
0.129731851441452 -0.106651545326625 0.0199194444979521 0.00071210870678306
0.199304194312656 -0.0790780061012878 -0.0666910382269168 -0.0127322911637326
0.247469903998245 0.00431594140493556 -0.142275279861009 -0.0536773727758373
0.266767371720097 0.148170609038026 -0.137469914002187 -0.176058031557244
0.164480692217575 0.223884429779795 -0.0825123972370953 -0.261854706966154
0.0558920763938379 0.238522693023958 0.028730651665857 -0.30982982286282
0.0807813761391271 0.256326338952946 0.147273808403677 -0.184330546190598
0.137422833199619 0.137107353873693 -0.101928945808889 -0.173747102042368
0.041373439247021 0.109433583358594 -0.105504345546074 0.259025073842001
0.0812135292706447 0.200291245855835 0.215071481165541 0.210050050478147
0.234245491920902 0.195407958246667 0.157533244623871 0.032214060528807
0.291438796345153 0.0149862489082432 0.115700481646553 0.0839988982151924
0.209993348334903 -0.095103401867781 0.160066475422879 0.0973635572658815
0.125657505727766 -0.130558185924564 0.165293732053275 0.0506905496022194
0.101744330286816 -0.120939876558783 0.127643412821253 -0.0168724705804343
0.100794807546117 -0.11181918673572 0.0694396217910505 -0.0369363886455867
0.169554710727782 -0.0849012544763172 -0.00575643887561655 -0.048403689799633
0.228952305378626 0.00943259837142215 -0.0593067468468719 -0.0841360525476284
0.22450139659994 0.178773477560881 -0.0509398268367561 -0.185222440092779
0.0800637848016157 0.215492074063116 -0.0213383021007088 -0.273846529830291
0.00972460156397732 0.159279286854948 0.0715053394650969 -0.351791251447097
0.104028445293633 0.16412264040838 0.177459984106079 -0.258267101737538
0.133702000604546 0.0118133937468418 -0.0895998748734506 -0.20928881127282
-0.014634057528663 0.00789897376668411 -0.0442089462444482 0.171083362896046
0.0149855967711742 0.145078089293516 0.201310781052619 0.127252330430806
0.179138203060784 0.160364756902797 0.163801584024179 0.0372525495250032
0.228096329383996 -0.0148818140771424 0.194212916623581 0.0696183108807102
0.141959982977208 -0.104382246314359 0.232107347117417 0.0353041183297947
0.0689440462095163 -0.1253702725831 0.213872964624342 -0.011308263099682
0.0575235914014138 -0.119653616236451 0.160241636596633 -0.0588309578764979
0.059404314782971 -0.107334072643196 0.105216550793131 -0.0682340318551106
0.124396442289754 -0.0883752710974281 0.0488385698395369 -0.0745912854902544
0.18847327824112 0.00843167917086463 0.0256408062828522 -0.0949522848055142
0.152093350545812 0.176468033878421 0.0327970842190124 -0.155990559789124
-0.00679745900210001 0.155460721676672 0.0320297735304713 -0.252453518023082
-0.00855654022362004 0.0462864310280485 0.120942297998648 -0.373080223130595
0.137281423853063 0.0576107514187159 0.205124378761822 -0.298602253179841
0.0982885652888 -0.111948133874042 -0.0765868618265602 -0.210237292021801
-0.0760100882593834 -0.0751259148225536 -0.0078716851199906 0.103083078403567
-0.0475266391063997 0.0851190799089379 0.169425128073651 0.0826412967436332
0.100579117462352 0.108751263432716 0.175775376964655 0.0539416419315079
0.128592213203435 -0.0340333632007081 0.251663276895944 0.0420274285125104
0.0511097608049509 -0.0884191895950984 0.268477509892519 -0.0280840198529508
0.00244638187906796 -0.0963960657187045 0.230232857194148 -0.0654806786451016
0.00473790478993796 -0.0999278268695841 0.16984238996195 -0.0924999235297474
0.00848762269987176 -0.0942481155080349 0.124004650988047 -0.0969116072632076
0.0713626172756603 -0.0903594519121041 0.093024951756983 -0.096123349789219
0.136203021533777 -0.00297039145274782 0.0984178746092951 -0.0862417619720715
0.0764158866599608 0.135409111758474 0.0838283818165945 -0.102756676201016
-0.0607210494341296 0.0553280666907108 0.0498128691173555 -0.222759384527054
0.0193074260344538 -0.0693532653075301 0.164772309336258 -0.390725803882478
0.173862823633913 -0.0437642400712851 0.219241111335855 -0.304276711194787
-0.198881455258341 0.150126353669791 -0.28887720546283 0.165176340388702
-0.07300518377539 0.19753821776094 -0.349340674942215 0.424283608215452
0.0540981180522411 0.0767198849124777 -0.0506922834443121 0.268556791794434
-0.00594253649142478 -0.0404513350792754 -0.0494738988009133 0.03054543468764
-0.0709714356540943 0.0251902639888563 -0.167326442950997 0.0285249264130254
-0.0178566498583827 0.0792849506985357 -0.156686116899122 0.109448060317771
0.0377791285645513 0.0785873743157223 -0.142646547351479 0.115268695081065
0.0431903075723208 0.0775200458237612 -0.164382511458774 0.0880408746152691
0.0502670382306768 0.0629263251450965 -0.239547454910138 0.0722281808538367
0.0330068109602033 0.0698190547259364 -0.276075492086491 0.0341518297172526
-0.022711333196312 0.029769367481973 -0.278511221334125 -0.0233885851381742
0.0048917849633883 -0.0586888069966755 -0.225682104887471 -0.0827668394843765
0.127916477834484 0.00017898993485762 -0.158210509693906 -0.0977274887089742
0.0716365031621338 0.176325914631711 -0.0170880111745241 -0.116611221376984
-0.11326327196618 0.215179528220675 0.04206422752154 0.197767889424028
-0.185587212678689 0.222342071184723 -0.254149771099278 0.1113333584534
-0.109300147191396 0.266879669018274 -0.384330668644678 0.421119301724482
0.0394346464145057 0.190587415858063 -0.0274430366957736 0.317890630827257
0.0556646368699315 0.0702886991949851 -0.0200702614521456 0.0219381434785745
0.0244971643699637 0.0669915687182144 -0.174997029309225 0.0237942531590562
0.0625198946014191 0.0759537111018701 -0.16077196652856 0.134597340840165
0.10161799574014 0.0492540855296012 -0.122105256151521 0.144237212025453
0.102896325001409 0.0386842645053094 -0.123805779140891 0.101533008633052
0.110954022168201 0.0160529625174106 -0.194224311687827 0.0819744968978233
0.124755640254549 0.0357790598509308 -0.254501550546238 0.050855982759728
0.0870737345962674 0.0436556337332029 -0.288706970035259 -0.0136519195938831
0.099680857746895 0.019479935562184 -0.238195288036072 -0.109680700784824
0.159733800704593 0.0891715812173631 -0.139414099687936 -0.137186324902192
0.0821322691169938 0.243276730172376 -0.00319311922669981 -0.14079999297709
-0.0793131779469664 0.309262079201729 0.074288848648113 0.125075341167924
-0.127643888977221 0.279350876137975 -0.197787286527706 0.0442673254108354
-0.090203293055859 0.307108524490571 -0.377114817469862 0.412831276267686
0.0470483046291914 0.273921704916584 0.0203892356490348 0.374647237355437
0.124227537626789 0.175684817107808 0.0334378090872304 0.045215389847474
0.13710071959777 0.106082105755531 -0.140602566191212 0.0394315001127797
0.151874836684994 0.0591206411810975 -0.125280887936168 0.157627876405418
0.155093954120054 0.00766547487671598 -0.0718815232085826 0.160836172498156
0.14565700378695 -0.00534771481798405 -0.0627972132881155 0.0973958327395997
0.149821963389783 -0.0289447132322423 -0.126877728942783 0.0683782870622519
0.191252648615803 3.64422602427885E-05 -0.206322060188582 0.0419700909222394
0.180669963380153 0.0468552812501031 -0.271639512706887 -0.020990207506053
0.191374692466067 0.0896125126927856 -0.235014845904418 -0.14293070562309
0.183988895200521 0.173214272027053 -0.127771271222601 -0.194221863158126
0.076992329423245 0.288253597849783 0.0128728840143898 -0.197897086046567
-0.0405962809340925 0.356165069083996 0.110163097592931 0.0244825914881789
-0.0384640401033155 0.298074263895847 -0.141472120214717 -0.0351469255686218
-0.0284812517584756 0.300678232727287 -0.322648638131114 0.385814363213153
0.0752039770769015 0.304782284761215 0.0896805982005827 0.393992374886762
0.189919907172901 0.240753887064821 0.0948289518788514 0.0702058127653708
0.240986787958856 0.119265674553739 -0.0676171545674028 0.0681932282055777
0.225786591214971 0.0234309893920925 -0.048925511981482 0.168850742644998
0.186392377550151 -0.0401190175264783 0.00417978412711009 0.156559371686695
0.16410163301401 -0.0473800971865084 0.0086338085634668 0.0767686209901972
0.16409908501264 -0.0625706889359393 -0.0519162883922435 0.0392988240459927
0.224504033479939 -0.028614361359082 -0.141988420498503 0.0144030237314888
0.240398842802598 0.0486379048390744 -0.223378782110463 -0.045831473129714
0.250700046136443 0.150134127074261 -0.202505295997304 -0.180408580944461
0.178837728756674 0.237072899160785 -0.101694317107888 -0.252005732740644
0.0524478206382088 0.297184881321426 0.0378208643511884 -0.266668160942094
-0.00343271560575127 0.347351818351377 0.148929335726511 -0.0845867997752421
0.0519863686024423 0.260116935385068 -0.0994256689924831 -0.11783852524991
0.024439381466339 0.232895764465296 -0.239817408898478 0.33469860960956
0.0853014016709449 0.276955344153394 0.160513630823591 0.351842445851719
0.223712714006208 0.255029548647946 0.145082676529384 0.0791764328712611
0.301860513698132 0.099853922400482 0.0284723369770416 0.0935864917656901
0.258213756438338 -0.0220450934981109 0.0549726676427691 0.160339220415147
0.185742104157688 -0.0833253788383079 0.0924658134754516 0.127730667102356
0.157938926060704 -0.0819883638562297 0.0784920435335778 0.04276262082673
0.154506627273996 -0.0840727451273363 0.0182548175717188 0.00438274030641913
0.221159713701998 -0.0460674755988258 -0.0704800952117278 -0.0189018760543416
0.257963160169178 0.0530195336880307 -0.148347475374597 -0.0762421038672046
0.255905203083033 0.198528140876581 -0.134063420333613 -0.20887761075392
0.126881899586457 0.264721430093281 -0.0507302739134193 -0.29147082064493
0.0134093625052228 0.256357718915495 0.0775805869937247 -0.325822169755118
0.0341965930915432 0.288810049628264 0.190122007975372 -0.181311087911255
0.111237319235641 0.165239845038785 -0.0721209837553828 -0.186860360494608
0.0265975069586642 0.121658558031694 -0.149143361577528 0.259528534301803
0.0515721487979175 0.216466537905882 0.196442263694152 0.263269453584556
0.209449964471193 0.234426061299618 0.168081030273392 0.077448406331464
0.298445900363254 0.063045837789407 0.124606681419508 0.106313672483018
0.236609436649328 -0.062938961282836 0.161900515699236 0.125525091788295
0.152374799082616 -0.111018479986573 0.175266626845173 0.0787842614091987
0.128989107893763 -0.104464774325424 0.137051369035552 0.0034322968057747
0.12499025514027 -0.0949891088813045 0.0768675470697728 -0.0277781936171387
0.190895779691812 -0.0575895369798899 -2.36759851102186E-05 -0.0465498904577956
0.23798741627991 0.0551717169500502 -0.0571122468358518 -0.0964803500985392
0.207101200715638 0.223672551778472 -0.0398345478528564 -0.206436523073435
0.0412822792196853 0.23921996934778 0.0173937318738476 -0.293277558170439
-0.0203315233336804 0.164028323649657 0.131756350271595 -0.357407562853031
0.0783661989837161 0.193308915551022 0.232029420806419 -0.24981911187218
0.129948263630137 0.0362454852583193 -0.051890333766343 -0.2263609404413
-0.0145534542468205 0.00711790871404917 -0.0726848427607794 0.174533714870492
-0.00681703479262467 0.148302751792779 0.189696267327879 0.172287542520843
0.15984118454991 0.189871364960205 0.172343392716729 0.08050258030735
0.237650825456257 0.0193090267327749 0.206667543293301 0.101557783926585
0.166841348397399 -0.0863488562169727 0.244942428403722 0.0720495688447076
0.0935129928204996 -0.116247246209899 0.234359399305114 0.0204336773968926
0.0825412040689447 -0.11251657553314 0.177737844662548 -0.0355481907129141
0.0804976500756971 -0.0983561445260803 0.120523195094314 -0.0554305276611934
0.144247641246582 -0.0698090322159096 0.0622754540526505 -0.0667102739080731
0.196618739791816 0.04520646041379 0.0347571507443545 -0.0947468302836565
0.132674653610943 0.209654077567919 0.0468261911086866 -0.163973045186607
-0.0377279181577913 0.159231533340626 0.071451204187336 -0.260533056573045
-0.0165325128888169 0.0427569018098929 0.187418603096518 -0.365896867243882
0.134836350749036 0.085230263515624 0.266417168468588 -0.28195390735072
0.116977378582612 -0.0971332546100028 -0.0386038303229119 -0.231854441205016
-0.0636604786863053 -0.088116894164733 -0.025338238767955 0.105790756053544
-0.0614915323951212 0.0757397124273039 0.160704314522017 0.117907375974073
0.0888673233249178 0.123175853222551 0.17894112475913 0.0944943064175873
0.13883719635395 -0.0181828372508921 0.264820822783764 0.0800990190893744
0.0698347415279821 -0.086027573189636 0.289884906396336 0.0109290277501886
0.0187421551286127 -0.0980213938955668 0.257838999171666 -0.0347426638202997
0.0230433070078134 -0.104147546934818 0.194059037422392 -0.0697192246717358
0.025820908476205 -0.0944032433226151 0.145524082376901 -0.0833639973710923
0.0886055903875957 -0.0817479236982834 0.112428158726361 -0.0836201398595117
0.14409691867957 0.022546714793548 0.111970609435224 -0.0751857769696376
0.0598944297604584 0.153945119093204 0.0973538771562212 -0.0990711217518812
-0.0729707490297966 0.0443769278460995 0.0860276352663253 -0.223075316527795
0.0363198943385696 -0.0734205975778031 0.234355902942917 -0.372302783639197
0.195402094900647 -0.0153370562926711 0.276987042515555 -0.281321288904457
-0.187614833933875 0.166771414073142 -0.280962183478724 0.193323188569115
-0.0558628197815593 0.204839627891931 -0.315177086727432 0.456115875850166
0.0598896163485131 0.0717001288124127 -0.0268482766026 0.269973281381003
-0.0106594980759893 -0.0396959890004574 -0.0488829595600421 0.0315180188835617
-0.068520362507916 0.0327961871512702 -0.166236660623609 0.0432460575846365
-0.0104941489345136 0.0813573678702458 -0.146400579772611 0.123861629054132
0.045635622688245 0.0757581111399493 -0.132002886094193 0.128293523286754
0.0522166981750779 0.0741048114411738 -0.156835748108845 0.101674872230515
0.0573096412563788 0.059429225192001 -0.234454109691507 0.0933696152344574
0.0404545319941533 0.0666256853909433 -0.276032999704218 0.0587577341410542
-0.0195866876068239 0.0330863579714272 -0.282178866711493 -0.000990220482595789
-0.00103878834343598 -0.057544209314525 -0.233683933584733 -0.0640682692515898
0.127958484249285 -0.0112501749341742 -0.166383518965078 -0.084457703946578
0.0880640730516854 0.171755134741355 -0.0295140077769977 -0.118050883602806
-0.0944288409776757 0.225865429398872 0.0588671309107086 0.19398658933076
-0.169038675478014 0.238007006804771 -0.24978760610946 0.13567672341063
-0.0868587898519894 0.277192648115057 -0.350544672506241 0.456544360661348
0.0556074820846408 0.186273158243477 0.00218365616703987 0.317923421754031
0.0617389965993438 0.0659019944635334 -0.020598990270432 0.0208149291796968
0.0300079830186881 0.0656271774181648 -0.175629679861538 0.0392475874851991
0.0697957080527226 0.0707720890577201 -0.1484175652432 0.14961703555839
0.107125713610999 0.0409317360901999 -0.10838333302101 0.155594660695444
0.108630115613456 0.030034944185285 -0.115635174582597 0.111433929787437
0.113616593927754 0.0070420936958362 -0.188493488072567 0.0988394416547366
0.130214637918484 0.0244782165196762 -0.252392033379274 0.0728723984312331
0.0924062940588595 0.0371386813347328 -0.292282425965407 0.0107888278298864
0.101990555009169 0.0133698802789664 -0.248394245871285 -0.0900991914420158
0.168196448297464 0.0749547924414548 -0.152531898628597 -0.126316752707301
0.102596853217304 0.238164189450868 -0.0175544325643141 -0.142451789008374
-0.052572974698465 0.317233641317307 0.0849995161816028 0.117654868155403
-0.105966226912791 0.289608871935312 -0.197694218876414 0.0647961608049527
-0.0645315662278538 0.3160970007856 -0.343383985119659 0.447377824426023
0.0700387204142391 0.270296046380673 0.0541379324647401 0.371386276200455
0.139822309820233 0.166140748224324 0.0339142524906164 0.0395586218715688
0.147042694453126 0.0940994464383643 -0.139890952091529 0.0532562791486594
0.157458154514709 0.0452302388484093 -0.110393172148301 0.169609430366646
0.157806936768497 -0.00479527077248461 -0.0569024882174163 0.167304977290042
0.146986621042612 -0.0173094260638743 -0.0538989188844678 0.102714979357869
0.149850585037825 -0.0407858039507464 -0.122790983023599 0.0788071119442122
0.193421428807812 -0.0170472253541062 -0.204273224156338 0.0602523723041613
0.186955819128917 0.0320815728466775 -0.274460237255966 0.00287869621813433
0.20132740013695 0.0754972017874838 -0.248792684690942 -0.123299784762823
0.199595666800647 0.158389463291201 -0.145252659031624 -0.183714199110794
0.1001055571493 0.284658641508899 -0.00523876868622263 -0.200293890622068
-0.0114945373327537 0.360690443061713 0.113627160195047 0.0141294337040493
-0.0140600609438704 0.302981797653753 -0.146587998510303 -0.0202647469610876
-0.00385177761145176 0.304322359047343 -0.29123243545449 0.418304837999449
0.101809064879949 0.298561293173479 0.126017697739907 0.385418031153613
0.213019673887395 0.226689696727769 0.0974445195717796 0.0605016931055727
0.2532556579861 0.0971910325746095 -0.0634608088385127 0.0759186010280997
0.228392632266571 0.00302074093725744 -0.0323288312735659 0.174521380170996
0.184907497571286 -0.0556005201124827 0.0191195118194903 0.156142848105494
0.161325592660705 -0.0607922138274813 0.0159184880821924 0.0754484770591384
0.160742097484549 -0.075249477227745 -0.0510906431582129 0.0423721572617224
0.223225053160975 -0.0479070297355912 -0.141393993295216 0.0273511757373843
0.246999056176718 0.028240663484007 -0.228455891688278 -0.0251386544008259
0.266641770326432 0.130861217929429 -0.219546152174175 -0.16461048911666
0.199868335517597 0.222736129814993 -0.12504056362262 -0.243605218810907
0.0757074225694154 0.29542068294304 0.0142194584229161 -0.271952078480992
0.0244119633813622 0.34865130678469 0.143432205522644 -0.0988875167251058
0.0735257837616098 0.257207880381015 -0.11083371486825 -0.10749359079387
0.0425255123238327 0.231366185059503 -0.211670111937587 0.35936703357808
0.109476018725898 0.26990693769352 0.194113998614647 0.338022320255218
0.249090097084067 0.238176680210192 0.149916004242103 0.0666580111756076
0.311969598016991 0.0730551348258499 0.0359541724358647 0.093030464876655
0.256639850892332 -0.046380639410592 0.0720994518435264 0.155647070048531
0.180799207337709 -0.0985486903535946 0.10592932797936 0.119730299275174
0.150783781560033 -0.0946799503404405 0.0830705340090467 0.0359315683609038
0.147844763930036 -0.0962884081265438 0.0165684659569694 0.00122708444723382
0.218362459228496 -0.0648695131899206 -0.0719677674293722 -0.0123155915218706
0.264058559208755 0.0316580100214867 -0.155118180312804 -0.0624204052437042
0.275512559134656 0.17889634251197 -0.152270391615907 -0.199174951926839
0.15018057309879 0.255045790633488 -0.0769095992686476 -0.286750565012469
0.0320124887163828 0.2576158673818 0.0501949931168075 -0.333522491164499
0.0565614599855975 0.285260579570998 0.177079040679106 -0.199912574018795
0.125512589358882 0.15755617363298 -0.0881808440305582 -0.179835180129874
0.0351607724365137 0.120474091810773 -0.126087953978745 0.276584567779929
0.0700425607822225 0.212207616244996 0.221382224232139 0.246351127226537
0.233301819193441 0.218612830733358 0.172667915162464 0.064078826069481
0.305102272768861 0.0360389473504663 0.135078843193863 0.0969824557779471
0.231307600691523 -0.0850352479805065 0.176480616232465 0.111600139629371
0.144761566262761 -0.123390190081497 0.184574765803976 0.0633845809068588
0.119867017665871 -0.11547853806785 0.138036040551151 -0.00927049794456815
0.117643830452981 -0.104313590301385 0.0725498521609577 -0.0364556671008661
0.185587856823426 -0.0739348189929457 -0.00346099010741994 -0.0465908769545406
0.24412461376796 0.0340596663848694 -0.0655203633158626 -0.0906152003436528
0.22922552736707 0.207021947294055 -0.0579508754108791 -0.204625937501741
0.0613482743080541 0.236988455140774 -0.00847327855817904 -0.294672936570451
-0.009639873157836 0.16812080738629 0.102818474523609 -0.369135723658835
0.0923098897454558 0.186674112649099 0.214312600110927 -0.271782755422608
0.13449479928873 0.0261238051954877 -0.0716331999688709 -0.222272423362929
-0.0151850868784158 0.00877664249733393 -0.0562533003611715 0.183778348597024
0.00586600771589782 0.148650190002496 0.207166882260086 0.156195772769582
0.180205330397844 0.176509493151893 0.178972916695066 0.0675802840989069
0.240412914385773 -0.00301431141637795 0.218220760126173 0.0852018729214292
0.159217138847161 -0.102189091498079 0.255729954825356 0.0502553317292227
0.0838126418291744 -0.123220485255509 0.239034760691071 -0.000401565817606929
0.07097244025717 -0.119356158056368 0.175208384085614 -0.0517332684445003
0.0727606825074574 -0.104277336624205 0.113855865605421 -0.0679993930252192
0.13697865027101 -0.0814265592550256 0.0572660113551025 -0.072086345209554
0.201445187039524 0.0272577376559446 0.0268580072967813 -0.0977365514269349
0.153946614314117 0.19913107821806 0.0332055419491555 -0.16916420140568
-0.0253905780347688 0.163605661293617 0.048545417902317 -0.26491588366951
-0.0159600584252542 0.0445489153594781 0.159475508831436 -0.381861681230808
0.140746952980918 0.0741906745115885 0.246394012865457 -0.307929267693344
0.11000065729184 -0.107200584931957 -0.0574085703401583 -0.229764452003019
-0.0723506094267605 -0.0823976690566276 -0.0149296311411538 0.111373778483693
-0.0546390894794983 0.0806707062757551 0.173504234114405 0.105449847241581
0.102798387914374 0.115664295156951 0.188094502233813 0.081052946649089
0.136967463897894 -0.0319459901500721 0.27545240537598 0.0583557247980635
0.0607857750530185 -0.0927131611634958 0.294867824200452 -0.0142456137445897
0.0100581858071588 -0.0990695818302627 0.258706375000464 -0.0574470562564749
0.0114248087599911 -0.105264240855163 0.18844077983766 -0.0873024390312193
0.0171995792655595 -0.0952488541486579 0.137009895802237 -0.0980037269801176
0.0796627175165576 -0.0894092646144987 0.106674578727045 -0.0940076215924949
0.146946671107048 0.00842896398527758 0.106681868247701 -0.0848012675794422
0.0753416564932834 0.148526471734564 0.0897619098467725 -0.107219954434504
-0.0708027305980829 0.0514221899231293 0.0659707315860549 -0.228631782474925
0.0283116346187612 -0.0766645361287049 0.204738312830114 -0.391359752641908
0.193657747396468 -0.0319707707285507 0.259025045117481 -0.308512684841807
-0.170952924042338 0.171918131705306 -0.263527707077593 0.206600734010729
-0.0407544054303979 0.201910859434207 -0.27652959328598 0.460772821621483
0.0617614822097297 0.0648268925190397 -0.00813514258594922 0.259006746963476
-0.0134891044162883 -0.0377168573081526 -0.0475731405243541 0.0308165048308794
-0.0641853894740983 0.0368172407800428 -0.158358413965737 0.0528292195352554
-0.00417586923763489 0.0797476724487174 -0.132455172479181 0.129806829101912
0.0495139961622203 0.0704927200945839 -0.117742475930884 0.131398327211165
0.0571067467806091 0.0676857527031475 -0.14434948894166 0.107851062878982
0.060515672118516 0.0534960521271855 -0.220673048122653 0.106258985128602
0.0449745006568421 0.0608430409688914 -0.264461521945507 0.0749615210525509
-0.0161740545881181 0.0345861354567293 -0.27402826474832 0.0174809663977744
-0.00542912143372012 -0.053651397855808 -0.230320655339825 -0.0467580224214433
0.122679075403161 -0.0190829633602801 -0.164570349001811 -0.0712968094727108
0.0971944823222151 0.160530143249751 -0.0391772229061615 -0.113415907430192
-0.0769372842548228 0.224024277492136 0.0690100547013988 0.182706532077139
-0.149374088032599 0.239380695830605 -0.235504645250094 0.150073050913826
-0.0665497233203207 0.273221331027142 -0.311506997307608 0.464799302193931
0.0649181557090972 0.175874335144407 0.0235046858197178 0.302747648940421
0.0635901314329739 0.0600040785977297 -0.0217211777613786 0.0190122671665019
0.0334183734387912 0.0611215796240046 -0.168630290282915 0.0500340883904937
0.0720612477493977 0.0639236966445274 -0.131992878428356 0.15435381220465
0.10759746945683 0.0330722258548504 -0.0934102463347412 0.157254309045379
0.108563381276851 0.0218930692560652 -0.103613697897248 0.114714425437366
0.111953868417308 -0.000222582831563119 -0.176606404213793 0.108126403843603
0.129210470356812 0.0144297487883514 -0.239708472990701 0.0864590801991336
0.0924752132884473 0.0308004650898604 -0.282509525216095 0.0298555124764265
0.0996868840205933 0.00831019676031673 -0.246017981137767 -0.0713779575620994
0.166550955497396 0.0618455503964038 -0.154787362295991 -0.111865113475813
0.114103736773639 0.224080615405681 -0.0282634764521188 -0.13752000848524
-0.03110285038288 0.308588327694839 0.0895955187643556 0.108147542465033
-0.0856984568407126 0.286455885332404 -0.188748727007468 0.0779349746844915
-0.0437174928326697 0.308592514345497 -0.30402942748517 0.452787163904312
0.0841082936848437 0.255192960998455 0.0777338919492484 0.351454212190894
0.146224007940166 0.152225731416261 0.0318035873590184 0.0339267246158581
0.148014330387181 0.0805535128264195 -0.133437728800705 0.0616559751946259
0.154631930441746 0.0331481937026964 -0.0941441670370592 0.170172095615346
0.153592613806369 -0.0148618942163487 -0.0427013675811443 0.164544508266311
0.142290917746234 -0.0259676876101978 -0.0448303492718261 0.102145598355555
0.14347540848848 -0.0479894247902569 -0.115306017252116 0.0831489798022055
0.186965146315222 -0.0292525200037573 -0.193472893480493 0.0718543014745847
0.183348255537181 0.0192254702344337 -0.265179863943105 0.022104899055089
0.200594452228495 0.0616466550918086 -0.248787267702252 -0.103474636437886
0.202419092496035 0.138974782504623 -0.151996044173502 -0.16755404728852
0.113844469721073 0.269733355395546 -0.0195611939211359 -0.194327992767525
0.0105813554426889 0.347866641112308 0.110732621325284 0.00535286252677809
0.00445392092075704 0.292646149854591 -0.143510826070755 -0.00697161191569983
0.0141176990944073 0.294106697709563 -0.255139909931564 0.423459215746813
0.116448982144781 0.280356580499366 0.148902566419246 0.361257859396761
0.22156773915028 0.205944255030467 0.0950220250548738 0.0516055975966755
0.249914178014156 0.0769759128212937 -0.058199877563269 0.0787786478649582
0.219622935854849 -0.0124445699446249 -0.017526174443666 0.169512540145839
0.176819326894452 -0.0648877556950229 0.029934641219213 0.14878427717128
0.152865312065211 -0.0683939087673538 0.0208004643100566 0.0716301832234465
0.151225568827005 -0.0814533504136458 -0.0488676955350765 0.0434078901962125
0.212847675763401 -0.0606271269288945 -0.135159668908517 0.0359885689902417
0.241346648765983 0.011430759141538 -0.221589410448692 -0.00844074755555445
0.268151884998568 0.110102601438385 -0.222777135117348 -0.144803275683073
0.207190999552866 0.201808781502771 -0.136521460710784 -0.226013211778518
0.0897747399767204 0.282455235893208 -0.0033313679559901 -0.263454854623094
0.044035050922422 0.33392608222355 0.132832867005417 -0.105622610838827
0.0869573899978689 0.24337069303395 -0.113360956104022 -0.0942947176588869
0.0539409693750267 0.221224337027504 -0.180409508332162 0.363401554396418
0.122575815853527 0.252317678261176 0.211440808128044 0.311776031569532
0.257238372592377 0.214739740247588 0.145764875813701 0.053891775552292
0.305773513931813 0.049036462698605 0.0398161483030909 0.0893475598925756
0.244504552729642 -0.0626247195531556 0.0822144509752554 0.145085608859148
0.169528035887785 -0.105895031051434 0.111323982314236 0.10831979894528
0.139917658181894 -0.100444781369465 0.0825572839151986 0.0288298350065154
0.138122064493757 -0.100525540401486 0.0128270862237722 -0.000638427186040674
0.206839101994688 -0.0760099450572357 -0.0697419497726884 -0.00706114546018037
0.258385514729908 0.0130164003497884 -0.153403014720282 -0.0485109348691394
0.279630350401381 0.155434654867747 -0.160086643813943 -0.182367413894626
0.160566047190719 0.236566201863691 -0.0931445798750775 -0.270428702217469
0.0442114331543749 0.248595080475532 0.0282075184926985 -0.325039472058817
0.0703223226408137 0.271273555001489 0.159632282692278 -0.205280665203374
0.131299591486163 0.143923564309319 -0.0961735047882979 -0.166633465429472
0.0400260201513801 0.114477161679122 -0.102218434988701 0.277645976036887
0.0808059086254853 0.199574646619774 0.232313712253089 0.221707851957568
0.242494679584314 0.196668289250353 0.169741100611631 0.0509599181484066
0.297449399771887 0.0132388754004339 0.137065445795885 0.0865736475622922
0.216823052482233 -0.0984035507890287 0.180336870992951 0.0951854107826311
0.133362545297329 -0.127813259693008 0.183944000015295 0.0486381911603275
0.107496143647541 -0.117773215466687 0.13308848543929 -0.0173390738383021
0.107727885880361 -0.106555237819708 0.0653613741973688 -0.0405555291989041
0.173743913742183 -0.0820241686424014 -0.00574083958588745 -0.0441384365993335
0.238588420997448 0.0164200956966643 -0.068158011685711 -0.0816556473273423
0.237171173148928 0.185143581118251 -0.0691852388381805 -0.193992278656342
0.0738197253999059 0.225237711632252 -0.0277456614621486 -0.281286629303363
-0.00182208890875683 0.163878747919817 0.0780224214867022 -0.36169856835025
0.0992678456771748 0.174168745539357 0.192019385136369 -0.278191113603738
0.131958107531074 0.0167830569962656 -0.0827742265185055 -0.210010549581142
-0.0151841783390633 0.00999583480036506 -0.0403900396734138 0.183983035444249
0.0149239428801034 0.142511179169064 0.21221323864964 0.136663388646031
0.188002111973355 0.15884234555117 0.176842287837602 0.0543065384806999
0.231924725835704 -0.0197388751762489 0.217889692363708 0.0692616572648787
0.145752527585975 -0.109842016689447 0.253371798594796 0.0307641034530837
0.073597072130605 -0.1238421668942 0.23303596970088 -0.0167008937746981
0.0591757960130085 -0.118679013623908 0.166248583922685 -0.0614720130558906
0.0639038910116681 -0.103377277415416 0.103320351784785 -0.0740139100460687
0.125538106095345 -0.0865623628957815 0.0518714693466556 -0.0734621540284179
0.196627846669607 0.0121900847604381 0.0201232910526021 -0.0948014369742921
0.162363850723477 0.181856792542609 0.0212643460397383 -0.164816915542295
-0.0149738580262918 0.160289418913607 0.0296388590734089 -0.255385643706036
-0.0151215225705887 0.044980366851725 0.132037137435995 -0.377484747425917
0.139224935718391 0.0631322291393079 0.221075548674436 -0.315399878892182
0.100421934252827 -0.110345526664304 -0.0704573936523926 -0.218370754473966
-0.0759485694250654 -0.0745393638051673 -0.00564721740095336 0.109763020660681
-0.0476505688366068 0.0809261694542247 0.175705888982998 0.0907217535874165
0.108729940672425 0.104253551879892 0.186656254034355 0.0666080661632614
0.129844679012297 -0.0409243554240732 0.271330718571676 0.0375740602455081
0.0512850265477049 -0.0936460979847461 0.285929846584388 -0.0340141197048386
0.00317971979155213 -0.0950890697057082 0.247418131904292 -0.0728754431449994
0.00185392091356167 -0.101144301604973 0.176977158488587 -0.0963261552340168
0.0104463114471495 -0.092107442672646 0.123665898963905 -0.103876039367897
0.0695105303312416 -0.0905945360275006 0.0976080600952461 -0.0976427919675729
0.142311129087089 -0.0035245393388318 0.0984333456814563 -0.0884741682033025
0.0842757918737528 0.138161396814871 0.0803534700583903 -0.108386537432879
-0.066130189838568 0.054886195952742 0.0491710763230078 -0.22125346622694
0.0203684738617487 -0.0759252737540664 0.175328020192637 -0.389159538266563
0.183898279384903 -0.0421641039449382 0.233316698738535 -0.316939923814545
-0.160932015598375 0.168236118936006 -0.250304348481486 0.207613151828252
-0.033165901882296 0.194797533308164 -0.253256727025006 0.448328744553738
0.0601572662808168 0.0603410215540583 -0.000481426104762275 0.244632544311416
-0.0152490413691218 -0.0356398836709663 -0.0467329131599892 0.0283928427716197
-0.0604501504030715 0.0373500338755932 -0.15103300489389 0.0544908647684493
-0.00162475455448772 0.0770461709075157 -0.1217586249052 0.127898641320037
0.0507071455338073 0.0657704885996936 -0.108311723934769 0.129038690913407
0.058541427954984 0.0625610887709966 -0.134965393204228 0.106807051360643
0.0610368089075288 0.0488913562274474 -0.208762699499193 0.108937133147229
0.0459973167260087 0.0562292544967062 -0.252429433839417 0.0793714315533622
-0.0144751895893206 0.0347121269843603 -0.263442726980463 0.023306206074902
-0.00723298130639305 -0.0491072674316749 -0.221834145747541 -0.037683968489997
0.116645239056806 -0.0221375308448279 -0.158954343322543 -0.0641413165044142
0.0988802848838514 0.151444315930116 -0.0434473512355662 -0.108678869016158
-0.0674818814785325 0.216250389078925 0.0708971098764948 0.172916912913705
-0.138495209173831 0.232388465461172 -0.223600162693519 0.153364153335772
-0.0574083704670476 0.263690677392514 -0.285485768598866 0.452186746778655
0.0659523179199068 0.166329412031441 0.0307797634572458 0.286369005641344
0.0623488234828613 0.0556396821656103 -0.023003342380879 0.0165917846632592
0.033575222058936 0.057685104812297 -0.161446888690982 0.052693144182434
0.0708159864325994 0.0592738246789283 -0.121311171221375 0.151397739177066
0.105086021217696 0.0279145357758143 -0.084978310936152 0.15250663217803
0.106283200178215 0.0178765736722961 -0.0954220117306468 0.112258267753265
0.108680949940993 -0.00317238280858007 -0.167348519365202 0.108773899277697
0.125092150081202 0.00964555652457577 -0.22761406513926 0.0904375716299073
0.0900580105584116 0.027894742038049 -0.269308312921424 0.0368504641035201
0.0961148362845864 0.00680153833793544 -0.237687170399375 -0.0607321891897419
0.161030745285343 0.0541826010125709 -0.150891092296011 -0.103318636155391
0.115714390657511 0.212470981063718 -0.0326484824212624 -0.131703482829936
-0.022508763178646 0.296518340323832 0.0889311931747274 0.101288301653498
-0.0763732382115126 0.275985580208004 -0.179863325556596 0.0824019073951095
-0.0349959950356356 0.297691433534491 -0.279549810943004 0.445325977678311
0.0861689307382301 0.241699416222326 0.0849678169260944 0.331051488740753
0.145013952854225 0.142217655015426 0.0284682178168224 0.0301544790345581
0.143455422449933 0.0722363661676973 -0.12812579339861 0.0633632776511085
0.148223297676969 0.027255434888386 -0.0841913332352298 0.165438198168545
0.148592382314516 -0.0185304349078505 -0.0355193279550011 0.158421424183671
0.137153861251688 -0.0285156358474374 -0.0394813814693388 0.0985091643201564
0.137293561314507 -0.049636331708356 -0.109606642379887 0.0832819475077856
0.179263377463491 -0.0338757211304923 -0.183699342917983 0.0745654468381855
0.177390663614585 0.0138375106486365 -0.253424078166964 0.0292829364915271
0.195305423780107 0.0548724773135903 -0.241453478292928 -0.0924288081430653
0.196521007249069 0.12789283395443 -0.149770269942419 -0.156404730166818
0.115508362962625 0.256820014511116 -0.0247956213626842 -0.185502205120894
0.0187415375064044 0.332624313721745 0.106487128591959 0.00180510216824391
0.00991750023949829 0.279574499843417 -0.137614869143469 -0.0010500903068641
0.0185708032456717 0.281493717909398 -0.232172809135493 0.414490572857095
0.117756292812675 0.264719522498253 0.15345573108195 0.339191930680414
0.218864897367976 0.191845128663322 0.0903864173107185 0.0455326416362146
0.241500824605377 0.0652728505192597 -0.0551686963540781 0.0785057081403035
0.209745852268696 -0.0185362706404477 -0.0107454203183957 0.162541572222005
0.169249669412066 -0.0672117152028883 0.0341930143126301 0.142041778305691
0.145572181518534 -0.0691996343091905 0.0227810729741839 0.0673453955780944
0.143905515157984 -0.0817044915636567 -0.0472879733452718 0.0431599021720687
0.202441879431395 -0.064138270377193 -0.127508367819207 0.0387909478805123
0.232966190694659 0.0045830328958399 -0.212244212720615 0.000418870535409014
0.26134271922929 0.0990793513270384 -0.218283080495058 -0.133052409989942
0.202942877767992 0.188616121098853 -0.136565343909781 -0.211405926156925
0.0916252448691633 0.270603703741849 -0.0108419479605654 -0.25256467234847
0.0489910856560029 0.318579637957871 0.125713419755593 -0.105586771346353
0.0886147355244571 0.230961541934053 -0.110769434957191 -0.0859047156313837
0.0553575906548118 0.210394646344103 -0.161788819540682 0.355472746448669
0.122422124362044 0.237830300641931 0.211961245960888 0.289713076365191
0.255144488404643 0.199118365316845 0.139429907278492 0.0476129980631481
0.294342972250898 0.0368964347774157 0.0398876702816075 0.0856837860361025
0.231211654522823 -0.0672594444925751 0.0849125298250373 0.136097194036597
0.161561331784805 -0.106562436921708 0.111003761608025 0.100124766706511
0.131743909591422 -0.0991307678444646 0.0806664046171592 0.0252266394960233
0.13095080630909 -0.0990267886546583 0.00969847217754835 -0.00109857207297105
0.196106264773263 -0.0784305575883988 -0.0666644628378003 -0.0042382777418089
0.248584853155137 0.00439981986958888 -0.147345088841241 -0.040212337084486
0.274703513167315 0.141438621191456 -0.158683812781324 -0.170327693460647
0.159458060376072 0.222537459601276 -0.0965328656579711 -0.254258631446595
0.0469639820214123 0.239418295631117 0.0192571781836555 -0.311173869816272
0.072852892346007 0.257271692697457 0.148684030589972 -0.202474301032382
0.129156230792412 0.134560630150021 -0.0958115038263645 -0.156317217385564
0.0392184923735895 0.109105089474984 -0.0881816558113621 0.270566112026904
0.081604908767964 0.187700113864072 0.231382934278731 0.203983883073519
0.240239587288223 0.181252467505219 0.16287301990169 0.0438547556464592
0.285237286003365 0.00292575635946788 0.134283430533399 0.0798358508380662
0.203692031623339 -0.101140628166106 0.178081743163595 0.0854413928786598
0.124908817951773 -0.126002435779599 0.179324590164971 0.041061003451087
0.0992471290334695 -0.114530824130848 0.127641623724572 -0.0211046276844488
0.101259932412544 -0.104165810675828 0.0585527663649563 -0.0400026428849396
0.164178503391451 -0.0832881572994209 -0.00622794800902841 -0.0418696282761051
0.2301983888648 0.00817810000755784 -0.0672156538473541 -0.0741207347598271
0.234420024157346 0.170764749035838 -0.0717561438032672 -0.183312760648374
0.076011106733473 0.214308193134522 -0.0340738826948332 -0.265871177216317
0.000165177876301145 0.159594171126459 0.0670533434133599 -0.348332647655883
0.0988245520208933 0.164177582992547 0.178371697915832 -0.273456924162309
0.12726603744132 0.0124635251326501 -0.0842724385226063 -0.198055438394435
-0.0163197361925696 0.0105315643472427 -0.0314040714209492 0.179033706709249
0.0169757018913548 0.135544758770738 0.209324531098509 0.123865120632686
0.187426504782431 0.146060961882211 0.170480420458534 0.0475970247358619
0.221847736779215 -0.0271221833737245 0.211436941194715 0.0602902336205659
0.135268311902302 -0.11004420148924 0.246447209387078 0.0211239764890632
0.0683900480672961 -0.120249845707187 0.224534599487118 -0.0231687777322151
0.0521233791681041 -0.114014676055529 0.157384226330942 -0.063681436666109
0.0586649863367635 -0.100379844284703 0.0942726996711285 -0.0737361685688158
0.117459652327636 -0.0855120649059745 0.0480551697066146 -0.0717457396726537
0.189467769436949 0.00471043634955742 0.0173104390934429 -0.090143821378635
0.162844739881539 0.169513600457723 0.0163307396742445 -0.158056986088561
-0.011167439914274 0.155055519929314 0.0215574884927739 -0.242670717754127
-0.0159260270782683 0.0449032094548648 0.11936371013947 -0.364008832406624
0.134374738647113 0.0569978610442068 0.205919903882483 -0.31038192969677
0.093623593114449 -0.109121993487702 -0.0727518739379824 -0.207696954760909
-0.0758601315589415 -0.0687564203157189 0.000107393260062208 0.107002740683036
-0.0438602688624331 0.0780271135321442 0.172110409063128 0.0817489317707492
0.109970890379921 0.0955774221205214 0.181504025528084 0.0585889129948484
0.122559563942322 -0.043628244680961 0.263248215087773 0.0280170144400853
0.045547319744785 -0.0922204935972363 0.275692618907884 -0.0424614142491702
8.52630232609135E-05 -0.0911121110512285 0.237470615876887 -0.0774396113133837
-0.0029399986164628 -0.0962046349101539 0.166350290417977 -0.097862391075714
0.00748924422042754 -0.0882159270708476 0.113319119759672 -0.103479451265573
0.0629116783391787 -0.0875611515090154 0.0910259452097378 -0.0964110628896008
0.136529710119971 -0.0090079885478247 0.0922523046283234 -0.0874316817319978
0.0853934154208932 0.129753350421983 0.075020596441096 -0.10572932248266
-0.0626089285650476 0.0553182381580553 0.0416771467539451 -0.209814122731171
0.0156658294591885 -0.0721301741932763 0.161060766057079 -0.376047118329306
0.175175319980289 -0.0446111788765056 0.218002164680218 -0.31236832589768
-0.158073068118397 0.164268707586068 -0.247321982643705 0.205094712141324
-0.0317493953744596 0.191009464828503 -0.247446654938852 0.438894557933299
0.0585558030725154 0.0585204112369048 0.00055482511937372 0.235640426131406
-0.0160339700606729 -0.0349504881188178 -0.0481416556634325 0.0255537470330216
-0.0594491206688866 0.0372025614186495 -0.149124056738976 0.0531651719802083
-0.000798774889888715 0.0755070187073894 -0.117876993947098 0.124462989462341
0.0505334594297844 0.0634588287781711 -0.10451002002116 0.126458090924532
0.0588593874621989 0.0602308050018069 -0.131543119987008 0.104828377910156
0.0612330455645654 0.0476179603966543 -0.204132391323518 0.107725300948384
0.0464896845091022 0.053931101214583 -0.247750462557661 0.079551366660842
-0.013175863085414 0.0355151297179494 -0.25795443642761 0.0236989636786335
-0.00767365503341858 -0.0466905637816468 -0.216594636772427 -0.0357384793272616
0.112947323358014 -0.0225467087050115 -0.153405723126849 -0.063139857855715
0.0983753679877059 0.147733126823583 -0.0450979974354533 -0.10672103791448
-0.0658768063887801 0.211789367552511 0.0700547095724593 0.169074887801689
-0.13698441086196 0.226998518312804 -0.220441889118165 0.152690175070367
-0.0558099498436783 0.258629200463984 -0.279242536289476 0.443994451606466
0.0642856019511594 0.161772877621213 0.0311060697925624 0.27656592660908
0.0601030250446486 0.0538216290567171 -0.0250448004137178 0.0137378379265477
0.0324937078745763 0.0561469658563913 -0.159913899895929 0.0520193952151675
0.0690249874208909 0.0578213275254688 -0.116665724334171 0.148014599876573
0.104427960091345 0.0265280604902392 -0.0811271856148754 0.149325122818557
0.105928638219919 0.0164592696336293 -0.0924806585726101 0.109792112422384
0.107982764896074 -0.00407865060425619 -0.164134609571288 0.107288026357946
0.123692445233893 0.00799086934335468 -0.222584497418723 0.0903809801518217
0.0892272804349787 0.0275629841682047 -0.263783128348935 0.0374775557191147
0.0948806335698146 0.00790032287888292 -0.233094583215026 -0.0592744038105021
0.156644861727976 0.0519125957370236 -0.146235508129975 -0.100542293286618
0.113662278454951 0.208061824609693 -0.0341605316748417 -0.129249216237596
-0.0220099810438902 0.289658898164193 0.0871254779582288 0.0979580173930851
-0.0761619453429518 0.269740919323677 -0.176454780115501 0.0836474955692399
-0.0354972247152727 0.29093856170641 -0.272305987611376 0.437270853011288
0.0843944460570032 0.235018744615576 0.0849459447517546 0.319948023384664
0.14179242993456 0.137569199013411 0.0248411488541672 0.0280408053020738
0.139869373496553 0.0698093148745798 -0.127232524704174 0.0632048186846591
0.144982934888307 0.0260890835501942 -0.0812433060956062 0.162016777743631
0.146554974154504 -0.019265397946347 -0.0331344831425222 0.155986352385781
0.135649399994682 -0.0283748686011505 -0.0372523070044832 0.0961421529391622
0.135576631324185 -0.0485294711648916 -0.107747669828407 0.0829052660160028
0.176012789542497 -0.0342898851033147 -0.179424141503592 0.0739393020053293
0.174536393749328 0.0130793863975956 -0.246809554854117 0.0306389201494536
0.192652406729269 0.0543787184524349 -0.236101228180441 -0.0898437028907775
0.191973645314537 0.124271180952223 -0.146007749892695 -0.152100556007603
0.112379619430186 0.252362225361973 -0.0255419417768493 -0.181372060375239
0.0177513665155317 0.324306277875882 0.104277662647642 0.000345574475356012
0.00896770810422101 0.273259776034714 -0.134722926396213 0.00124869927846999
0.0170418568040388 0.275367959223634 -0.224477290859345 0.406649919344202
0.11398146518616 0.257294270128099 0.152900764759713 0.326944193876169
0.215509637939786 0.186112131229784 0.0853615554183072 0.0432733295041361
0.235811048214482 0.0624589933592975 -0.0558534576704094 0.0777851363950006
0.203913234947143 -0.0188882214843364 -0.00937568608997242 0.158871167820958
0.166659961969763 -0.0668153730686742 0.0351254508966781 0.138556684707987
0.143340620049787 -0.0681496673212691 0.0231986356207633 0.0654509957837874
0.142255048621992 -0.079630722972806 -0.0474797597033755 0.0429351203559251
0.198631952011685 -0.063207505438111 -0.124452986244234 0.0384068586248306
0.228500018484371 0.00351012090566017 -0.205965074937074 0.0030873486915926
0.2582298335569 0.0967093734350139 -0.213693223539201 -0.129015592167747
0.19766287355027 0.183549051127127 -0.133901652332802 -0.205529804563738
0.0889370183903134 0.266593385411435 -0.0112882034985277 -0.246228714078773
0.0467689409933682 0.310041579072609 0.122992942180217 -0.10432799970528
0.0856378916276954 0.225445000575191 -0.108286591836791 -0.0826156866733494
0.052242447964626 0.206775962608759 -0.154796996577389 0.349083156086181
0.118682028212995 0.231573561666584 0.209529215500544 0.279315070419883
0.251921826080517 0.193689493869348 0.134082770132428 0.0455834722650098
0.287819860237826 0.0338280084381613 0.0379963503383817 0.0848770159923885
0.224863342587349 -0.0664833966710503 0.0844277709057675 0.131991185131715
0.158528178415697 -0.105333185042972 0.110948978978178 0.0979724226977005
0.128754175483108 -0.0960862788735533 0.0799165258317587 0.0239843677453252
0.129190103770087 -0.0965505093325523 0.00819493017681727 2.0956570226544E-05
0.191667979571338 -0.0768910405275483 -0.0643896387163835 -0.00377908140143828
0.24415993883343 0.00286731613477299 -0.143104231706901 -0.0360276895529827
0.271360002023488 0.136970250184976 -0.155486859138096 -0.165672979501364
0.155554879486318 0.217537662735481 -0.0946604140623646 -0.24677740579305
0.044146930420288 0.236556430838089 0.019074024603917 -0.304127535346988
0.0704152935233588 0.250880298734845 0.146082007654912 -0.199809321094651
0.125535426893801 0.131405767347902 -0.0935403292567779 -0.151456907497783
0.0364475328800946 0.107657231725751 -0.0826120568093134 0.266302042674343
0.0787865267977209 0.183347812761559 0.227532727950849 0.195554894979234
0.238512130528922 0.17597931339237 0.15811251209684 0.0427484696053151
0.279057531726146 0.00049719869205143 0.131368970850591 0.0784059239942248
0.198169215634779 -0.100058924043564 0.176012709241035 0.0818793864100806
0.123061824518192 -0.124471830995612 0.177554656872457 0.0393895453750051
0.0962699619722143 -0.111649915221743 0.124961403552101 -0.0206243755633317
0.0994962038429367 -0.101342832101661 0.055054733497648 -0.0385287812201689
0.160054008341295 -0.0815231172922902 -0.00516608726993705 -0.0408553492439761
0.225486936834941 0.00529737275421628 -0.0650131700896087 -0.0701031445860656
0.231576857284841 0.165876307611976 -0.0703991947652473 -0.178640233572658
0.0734604688446381 0.210096474400605 -0.0327065767552978 -0.257868187889668
-0.0013250433470459 0.15841846026139 0.0669501457535952 -0.340252545480785
0.0955810476054154 0.159909102404787 0.174702624953553 -0.269660140123775
0.124088285804488 0.0115569753365123 -0.0827704767554938 -0.193457364413196
-0.0179979767420064 0.0112303346815803 -0.0269247878217947 0.176303772647569
0.0157789726035832 0.132213641922657 0.205973158937984 0.118290927636729
0.186873098487455 0.141005401572204 0.165623480453769 0.0466566528542309
0.216921959257973 -0.0281986582833144 0.207718184760412 0.0580694271059944
0.130875619117064 -0.10843173859017 0.24259106542448 0.0185142002134022
0.0661297922792329 -0.118706967562817 0.221659100979428 -0.0238660560598554
0.0497503825009347 -0.110340235622998 0.154124114623469 -0.0624223098089104
0.0577533082818737 -0.0978727955901796 0.0902404971064021 -0.0714022833347156
0.113914930418422 -0.0832273508642825 0.0472703228634204 -0.0705199622628318
0.185710680676421 0.00167567335076152 0.0170879079094178 -0.0864459992226618
0.161289592004399 0.16462725653154 0.0161527435168399 -0.153705585280917
-0.0117113585461519 0.152032043164299 0.0213770239392659 -0.235068648260821
-0.0171853734276777 0.0458968012794168 0.118184528934585 -0.356676799348008
0.130513936966481 0.0553247800234762 0.201833629616836 -0.306116334657613
0.0914558507728926 -0.106759372495642 -0.0711809999193752 -0.203161495078042
-0.0756021347467937 -0.066640956588628 0.00276936582499349 0.1060868290622
-0.0439976783655585 0.0762505270687808 0.170013573491582 0.0776360109713108
0.110040827677725 0.0915674277645316 0.177059047608321 0.0573884958442627
0.119303890273339 -0.0442627740466862 0.258355661414658 0.0261988975062163
0.0423891548560668 -0.0899902676936719 0.271206525556053 -0.0434455713084306
-0.000822450094233596 -0.0893141892862749 0.233448678901084 -0.0769384197393193
-0.00465585799540329 -0.0928717769801499 0.16216427325549 -0.0963036405074941
0.00734031982905602 -0.0855626810550579 0.108926887378587 -0.101225917697978
0.0598560952695456 -0.085367219939793 0.0887940685273614 -0.0951988994326289
0.133730288728711 -0.0108413385785173 0.090961895216424 -0.0854223099779904
0.0853279758402207 0.125794166955059 0.0733800987392836 -0.101945845606773
-0.0624500405474949 0.0556391404006191 0.0407099508121731 -0.20177645871687
0.0141414299963452 -0.0697149858989894 0.159041583734765 -0.367804933181626
0.170866178920604 -0.043435428497935 0.214781518755459 -0.307877994210188
-0.076570802761071 0.212712205070884 -0.140250510958072 0.302806761239773
0.0560846402951554 0.181008633405584 -0.0322736919334283 0.507623058151655
0.0792773446979687 0.0273698509581277 0.102993583422787 0.207761751119023
-0.0284704116159047 -0.0240159291822819 -0.0379827638568001 0.0424732013535531
-0.0358274423206353 0.0594282187722532 -0.112936228121483 0.116693524074235
0.0324159757096521 0.0692645103431914 -0.0506851391233579 0.164316436162279
0.0727076172995901 0.036187307707867 -0.0368031222580127 0.161733227281598
0.0821470054764227 0.0305265146947211 -0.0738389677886683 0.153447632773274
0.0758881832715685 0.0173011566754752 -0.13854862429149 0.189271877641145
0.0656577862164217 0.0302936380855713 -0.190496053032034 0.182533431259429
0.00279013550864661 0.0405903180981804 -0.225474491442551 0.132206840910628
-0.0295422301143378 -0.037405932829338 -0.209137127481238 0.0582531706022806
0.0928948771753683 -0.0700412375471315 -0.162302226077555 0.0121441451161833
0.154770926089657 0.0922080064113725 -0.0958760695668947 -0.0727911326387781
0.0355955763232788 0.229071360989464 0.123377441451273 0.118778382919138
-0.0336167471756627 0.262177898349001 -0.134523304075192 0.243445917443655
0.060356724384872 0.252053457306855 -0.0576836772947259 0.527192833025871
0.125467686783168 0.117966620111286 0.153025034480814 0.232468676016551
0.0752578492285141 0.0235702189207969 -0.0163150100357024 0.0225056768520701
0.0539933592965725 0.0386288751180771 -0.121033581182187 0.117748855329918
0.0886154991089401 0.0240333734689417 -0.0389326387750881 0.183453733896499
0.106344140808046 -0.0198105524635569 -0.00345468619225369 0.170588828065397
0.107253201057787 -0.0293677553246027 -0.0348378988120223 0.140064220611288
0.0985185783607783 -0.0492058137472846 -0.101283506763978 0.171794239221827
0.117498888061085 -0.0444570633338089 -0.16093004936924 0.182056092060203
0.0954478783989343 -0.0103459425857978 -0.223014315532619 0.151794199183669
0.0872790097259335 -0.0327350152340246 -0.233800729289832 0.0522562786021968
0.16472477469905 -0.0188585153161882 -0.174314643558906 -0.0226429121003068
0.194495586785818 0.142288537284607 -0.0974122325846645 -0.0963767262994582
0.111754415589048 0.281372812164563 0.105189576508778 0.0477852608531916
0.0374875153607533 0.278447215267607 -0.119503643114141 0.160317368096559
0.0910258853057354 0.274277219725033 -0.0539186185280861 0.51773964647996
0.171869592514832 0.175090396439047 0.223439022438417 0.249091772863554
0.181922184761439 0.0644383861611923 0.0409685276854217 0.0135499692271939
0.155829565554602 0.00619811009861814 -0.0846553080054928 0.110026683453845
0.144172949779464 -0.0364728541657022 0.000680129700779527 0.178449204590792
0.125632571422608 -0.0787113153015739 0.0436668077753557 0.152439784152411
0.116735670129355 -0.0830601732045257 0.0101969222064439 0.103401601643404
0.105715758229063 -0.101901991249209 -0.0607886083138573 0.124817725740201
0.147995299598254 -0.106010236236572 -0.126460187204593 0.149302909992432
0.169030830730945 -0.0599348502522179 -0.207612778283964 0.14285314314739
0.195752000897021 -0.0335303142155644 -0.249274879982599 0.0342006238103209
0.228131643995123 0.0336502337964201 -0.199121735482316 -0.0654122398625677
0.212311386882637 0.184102367872338 -0.113358494051728 -0.148087859785207
0.163964886520178 0.294045615953076 0.0774844373998165 -0.0465921616563124
0.115030533380134 0.249444238150154 -0.113017546288197 0.0641059151309651
0.130704004169416 0.240068990760824 -0.0209916682207159 0.468104800036232
0.207259500463374 0.183690100814129 0.289332894229428 0.226085344665929
0.26708393503426 0.0761297247156249 0.107264426259973 0.000112884444557915
0.238376562755268 -0.0405757199645141 -0.0117652193237314 0.0893162460635035
0.178395347191406 -0.10298636387221 0.0644650124429859 0.142030413336167
0.124188898629458 -0.130262047508073 0.0978384073349434 0.105374728557092
0.107530778550592 -0.122062471033801 0.0520566007059791 0.0485437075056453
0.0990714437924838 -0.132585881755538 -0.023133091674433 0.0632841179707041
0.157437677803698 -0.142393382774024 -0.0911939422193922 0.0926973802651159
0.214713674793137 -0.0932069816218764 -0.181064126165927 0.102065007080084
0.27387734654644 -0.0239512822482455 -0.245874086992424 -0.00621540651277607
0.259337693987684 0.0855434429483778 -0.212877771608401 -0.117997479416401
0.196685354691377 0.206821576135697 -0.127399543464357 -0.214885172499684
0.18372930604962 0.266988745505502 0.0509938815338067 -0.149035249979501
0.165667947201177 0.175987625283434 -0.12292417874836 -0.0277316429628272
0.133472164365712 0.164255680494869 0.016610496211586 0.384638876358758
0.199724109413818 0.158416276242124 0.320162070920261 0.157727073258866
0.303239480862276 0.0671157595740563 0.155591783885166 -0.0193945393364282
0.272989574631014 -0.0893551132429247 0.0764736098994368 0.051491613150939
0.17634565891509 -0.155249836297996 0.137122664559721 0.0761914482176351
0.101628696480314 -0.16161221080758 0.148640639950968 0.0337077003713563
0.0817038653955326 -0.142556607357923 0.0851306886189123 -0.0137341799418624
0.0801368699995837 -0.142595876725846 0.00869208357508149 -0.000290978085602613
0.144407151504392 -0.151175630901258 -0.054317107666759 0.0282003472316387
0.228463877804751 -0.100928885677539 -0.140876247888969 0.0409719780495064
0.304046388073784 0.0063167237687275 -0.211084793311869 -0.0612231776446792
0.23487610213131 0.135297592783331 -0.196460341274436 -0.173302972018848
0.14337627264982 0.197874406632518 -0.121782597753847 -0.282529808074862
0.178896283361382 0.200455759572871 0.0355313166660298 -0.244782342057068
0.164998438830634 0.0737317281455065 -0.14080185575042 -0.101626785194312
0.0779635194914619 0.0812207020618935 0.0444838141111147 0.276438356759383
0.143119242895003 0.131009104638968 0.298097545502691 0.0756210735216996
0.284216231069621 0.0559818520106829 0.175497590492949 -0.0319860983722045
0.250766387035309 -0.117071302848666 0.157352174119103 0.00371627111173512
0.137289699234953 -0.174355861719951 0.19741928015136 -0.00955341104530956
0.0608260009277497 -0.163537154208277 0.182711969480104 -0.0486980011076795
0.0438874062391429 -0.142409580203017 0.106956175700611 -0.0744768136252851
0.050619089922665 -0.135580482500955 0.0344535230326877 -0.05635520151331
0.113503014305761 -0.141675280878704 -0.0178275558067069 -0.0330086926752835
0.211627454379838 -0.0915654707542114 -0.0849029838972204 -0.0242870984843793
0.281208535940881 0.0481295021507791 -0.142457347284617 -0.110799645671353
0.156479184311803 0.163080057689687 -0.146131666488282 -0.2114104250752
0.0670722166431724 0.144998496927783 -0.0889743904870879 -0.338089282991417
0.161447560934697 0.102783212783424 0.0384955787622972 -0.318580521430363
0.116335194374055 -0.0347764654948595 -0.152397327605468 -0.147706176263563
-0.0104656412206938 0.0165492518984867 0.0540047468631961 0.171628303228621
0.0647099478703443 0.110401552190818 0.242748465715804 0.0174671386630497
0.224033118026638 0.0452689053965088 0.182151882613399 -0.0312818413683044
0.181305959179991 -0.118378805268178 0.216350981564688 -0.0476695855411933
0.0719956946596265 -0.154186923036419 0.228760536201986 -0.0953188722146709
0.0119311758637663 -0.134572792061286 0.193425202652957 -0.124198708728089
-8.41947479514682E-05 -0.121952845919546 0.114143909019313 -0.125222749597651
0.0133895799733311 -0.114526580068561 0.0512984662425443 -0.102366058386693
0.0695668072172067 -0.123951928268804 0.0162031248723544 -0.0835778148353303
0.173135542003768 -0.0791000858047641 -0.018362114181584 -0.0766442859096868
0.217471530618505 0.0770961853812593 -0.0549122939106359 -0.129656753915306
0.0539276865973993 0.145602227221196 -0.0852959261435037 -0.21763918255134
0.00562218609209734 0.04702216283882 -0.0423206864435721 -0.37444068570817
0.147959458848168 -0.0107682621994584 0.0530592743970252 -0.36086469300673
0.0397545458432488 -0.13127603599237 -0.151398687998441 -0.161746754186255
-0.0947166414536752 -0.0299274600141001 0.0485903152167604 0.0960095127352896
-0.0116137877875197 0.0844297192009782 0.190022757503264 -0.000869005618212482
0.135304253825832 0.03210205622611 0.19310546592758 -0.0248528389755035
0.0854384206067971 -0.0925291405038273 0.245746776933797 -0.0958956847761741
-0.00155028055458568 -0.100413839683268 0.226956071248949 -0.160917743051427
-0.0370318090450867 -0.0800298133892957 0.17922467253628 -0.176052768188872
-0.0444391933850167 -0.0827877782401026 0.106540654176498 -0.158699765663225
-0.0283531957741429 -0.0822058970736481 0.0546058461087162 -0.138357022499875
0.0189052350146153 -0.103205254280674 0.0416862732778773 -0.125352211628703
0.119673743982601 -0.0695091520255257 0.0476320889528901 -0.110709219089591
0.132584467616869 0.0745921315475351 0.0194217119095086 -0.113263255511037
-0.0334474574719381 0.0771317026698099 -0.050006286497014 -0.19866445442986
-0.0143843719398305 -0.0734076200973881 -0.00410293936445042 -0.401630585446708
0.141244618744213 -0.121108897727661 0.0698286942052879 -0.364835843012363
-0.0744517980426941 0.220060636362048 -0.137994198477812 0.314733069533172
0.0625199882653458 0.182739755855357 -0.0223571081289301 0.519253468990522
0.0820245765023036 0.0256468155655714 0.107586420715258 0.206767931952138
-0.0303738027776837 -0.0236765616635186 -0.0414506035902691 0.043701485962794
-0.0356446290271553 0.0619881291728016 -0.114627790801535 0.122754827291842
0.0352848400618978 0.0693392993062855 -0.0475754486736748 0.168505659974782
0.0759941462690207 0.0340259715102101 -0.0325398836783784 0.165618208882961
0.0850008214251962 0.0277237660611943 -0.0711573769561644 0.157883133381165
0.0786967216391825 0.0139125027237469 -0.136541570556117 0.19732298683729
0.0683567835312885 0.0279503433875527 -0.190120488347856 0.191367092769804
0.0051877292890301 0.0426383788205374 -0.22800760664881 0.14029019042288
-0.0303525067696835 -0.0368464377390382 -0.211026305805612 0.0644086509734789
0.0914722857919726 -0.0737380270917861 -0.164442693534656 0.0145962902742013
0.160332808969078 0.090230828999874 -0.101766923268537 -0.070804311636658
0.0425618061003438 0.232476542746474 0.129268603507881 0.117907849661723
-0.0295463881516184 0.269645500688047 -0.132142034128819 0.253965828581926
0.0671665003565542 0.25619888404813 -0.0469517992842074 0.540089042689326
0.129743816532203 0.116730285214038 0.158917921058032 0.230276635049179
0.0761850995056474 0.0217248667496642 -0.0197938774407132 0.0227641059795843
0.0546191595740457 0.0386045701842285 -0.122974851101763 0.125036092095457
0.0913092646914324 0.0226274554106927 -0.0354952892282374 0.188434297318823
0.108779957612761 -0.0243079001625423 0.00182727832006964 0.17343467351821
0.109881159064685 -0.0341968180108754 -0.0311957252330508 0.143095005140394
0.0996165741332564 -0.0530969332198203 -0.0981609440340298 0.178608783442888
0.119416815750547 -0.0499387185189314 -0.159900140845188 0.189862597740556
0.0986075475288704 -0.0123202651142983 -0.22302045796196 0.161170773603351
0.0895807983602391 -0.0348833090442117 -0.236416391147606 0.0589296976408888
0.166565387592537 -0.0225700503117082 -0.177913675373511 -0.0204945152955436
0.202902862866756 0.140953006796747 -0.104098525618762 -0.0952616165099144
0.119630284396655 0.283388617876889 0.108345789908269 0.046467342606118
0.0430723218327907 0.283442504528239 -0.117824488828402 0.168094689831762
0.0985492935898029 0.278276452578079 -0.0407731174841815 0.528808243863624
0.178240350863977 0.173787565978972 0.231205933905579 0.245203336579603
0.187130261865216 0.0603599187935555 0.0383858915166252 0.0119212394692851
0.157672948293191 0.00289048031712531 -0.0863493730043573 0.116989025243885
0.145820139659756 -0.0401964847527406 0.00449216864873832 0.182138854804926
0.126535112742816 -0.0848267086148323 0.0496563469403258 0.154118429754504
0.118543830608589 -0.0887396556048606 0.0133035454782341 0.103809369746901
0.106227906758069 -0.106688102141477 -0.0585359038376327 0.129825470733955
0.149364651282696 -0.113408264820313 -0.125574067905321 0.154993653098509
0.172285507418587 -0.066184618059474 -0.207096270051092 0.151241549955831
0.200775042131929 -0.0388488251801544 -0.252998675241597 0.040790944679432
0.232583660802141 0.0292736195180593 -0.203234621860271 -0.0630286144893325
0.220737904312245 0.184313739151565 -0.120581074431388 -0.147365369957651
0.17200262380068 0.296035628518427 0.0777736103552707 -0.050241415399161
0.121927751136633 0.252197929249093 -0.112893593073364 0.0694254191488047
0.13782246589838 0.243523559601798 -0.00991869690327219 0.477273266824463
0.215121245058732 0.181732065564813 0.297982577365136 0.219988230642704
0.275023241206266 0.0707633644784804 0.106813141482532 -0.00206096482365115
0.241402870903315 -0.0472140700899972 -0.0123042267110613 0.0942598171999717
0.179210643756154 -0.108783939003912 0.0699533997248728 0.143928266786503
0.124001373701605 -0.137036803224903 0.104936714681128 0.10457470030714
0.107840901280406 -0.127779761072435 0.0551845762220294 0.0469114217173501
0.0991472675865557 -0.137911457317966 -0.0215316613945632 0.0655938772632161
0.157195693284499 -0.150192701199435 -0.0906139500182675 0.096947317958728
0.217369782635675 -0.101250696730024 -0.180149076282315 0.110201805280726
0.281054237453589 -0.0321033085624673 -0.250535761964505 -0.000243755556780677
0.265254140779201 0.0821190891360667 -0.21783009418544 -0.115154961223828
0.205545346552752 0.208923055644877 -0.135770699934707 -0.215271392718155
0.192775908738952 0.268013028950476 0.0483675305967822 -0.15471243289438
0.172623287475046 0.175961858064175 -0.125916777695413 -0.0247534869652746
0.138514555277928 0.166375932308045 0.0273328837077376 0.389541144005621
0.206147648165146 0.156644830364815 0.327519849821141 0.150340007786025
0.311162031084835 0.0598041753018804 0.155265557394415 -0.0228132848409633
0.275755783766807 -0.0982685538853524 0.0774754372298568 0.0531015247657762
0.176503928795296 -0.162463584842776 0.143085296386219 0.0740308216089469
0.100102287092942 -0.168592690109052 0.154222634465453 0.029212989134152
0.0809833648296023 -0.147487935745773 0.0875190782402935 -0.017525581486032
0.0790806632015472 -0.147108930078329 0.00905957663739957 0.000515683218767162
0.144065410440507 -0.158630918392996 -0.05446292861864 0.029922275880779
0.230916978217524 -0.109871578582386 -0.139602718239828 0.0457053721201553
0.311895867731212 -0.00249572044809628 -0.216041494347405 -0.0572814492199105
0.241838563013595 0.134144908630152 -0.202526635602198 -0.170584200039117
0.150741134669291 0.200472147367106 -0.130303702576387 -0.285107560225172
0.185320078823921 0.199587013293997 0.0307925248800162 -0.251903905687933
0.169867846741489 0.0713451380628934 -0.145506054207097 -0.0998077992325642
0.0801071533741055 0.0835856833535829 0.053487181955693 0.280078492953516
0.147722032058355 0.130482527967142 0.30412837836003 0.067313576796379
0.292213713082172 0.0489154290831453 0.176335651812244 -0.035883818092794
0.252509702628214 -0.126406586582675 0.159834000894447 0.00118402147172213
0.135372810648569 -0.181393186935399 0.202213025664547 -0.0152615880695677
0.0582759280161616 -0.168905103274983 0.18702733443974 -0.055908820951862
0.0422724581555576 -0.145832012437473 0.107417877536007 -0.079257957721964
0.0486395826753881 -0.139289718444411 0.0336566278946388 -0.0567743906302834
0.112733036369912 -0.146975317405591 -0.0186303856640777 -0.0332562488295743
0.213502285449492 -0.100219532655691 -0.083958593685586 -0.0214340155759341
0.289076749383612 0.0407635315495475 -0.147083147181394 -0.109391771245278
0.162963878655033 0.164175742016475 -0.151454398185018 -0.211271281853985
0.0719556033882721 0.148374099681875 -0.0972849230427905 -0.34275212483181
0.165199208341105 0.100702935031458 0.0316947158391326 -0.327900976574191
0.117515806808673 -0.0387254020674027 -0.158708184002622 -0.146532746960118
-0.0114166051303129 0.0197086614819912 0.0611629541164756 0.171875108346889
0.0682068924173087 0.112103026248953 0.247266370137619 0.0102610048691829
0.23054108428589 0.038520084780549 0.18411070506514 -0.0356178192028149
0.180881806095777 -0.126313475499217 0.219299660969278 -0.0534358434441135
0.068354228907136 -0.158947224561491 0.232145850604446 -0.104814795034846
0.00877668898637637 -0.137809292074133 0.195833613065095 -0.134023268748946
-0.00326103872580537 -0.12307160806221 0.114151592471339 -0.131396913364286
0.0108305815750797 -0.116972784989199 0.0494628010985565 -0.104066537105444
0.0675758371532158 -0.127802661993289 0.0146659042762015 -0.0865606272368898
0.173491382063698 -0.0866708109044071 -0.0183375226947724 -0.0767411885187028
0.225222264106021 0.0714854387960856 -0.0584828105450306 -0.13050021119642
0.0584967643874725 0.148878215379066 -0.0895473145907508 -0.218214514702702
0.00612802388268802 0.0497427187192608 -0.0497910422329647 -0.381892117915422
0.149354114380776 -0.0150758822694536 0.0457924372705533 -0.372030902000612
0.0370819897112598 -0.135702713644945 -0.158425262404326 -0.161576343177204
-0.0977959734597744 -0.0269569128476919 0.0541826429304844 0.0950717689369611
-0.0104017628403143 0.0873997466453894 0.192742600235111 -0.0073715271941145
0.139395528086119 0.0265843269932919 0.196225366997135 -0.0298503947226677
0.0842545635046377 -0.097202284928889 0.247889174960201 -0.105356171795975
-0.00477209518087332 -0.102518743579813 0.228066288055982 -0.171522327802296
-0.0402576119905017 -0.0806886541354404 0.180332623304093 -0.186276903368586
-0.0482128908592394 -0.0818767051057582 0.104727282049326 -0.164947977049635
-0.0311508077213608 -0.0835996967377998 0.0512835248792648 -0.141086363500043
0.0166378811102552 -0.104344156175681 0.0398978332910064 -0.129943971882077
0.118785991661284 -0.0755112364185887 0.047533449941844 -0.113345981960975
0.138264479278727 0.0723376932513756 0.0183088478909168 -0.115734572006903
-0.032475747532215 0.0809891124384642 -0.0531126892303057 -0.198711980559001
-0.0164513665061792 -0.0739766570331532 -0.0104006417230387 -0.410218402684338
0.140561560602676 -0.127230654302761 0.0623884618320057 -0.376378281280961
-0.0654744362011532 0.225765779085945 -0.125788364861866 0.326637213159221
0.0722530131613011 0.180563897845351 0.00254675662700087 0.525360665260796
0.0836266806840816 0.0211764835641628 0.116171181501069 0.201404766994053
-0.0334360018447678 -0.0222127908948567 -0.0432846074887221 0.0458690475220977
-0.0332533668668084 0.0644610837166347 -0.111395614351499 0.13060741665783
0.0391835900043393 0.0688991072597926 -0.0399020378302612 0.172488224922054
0.0784595344530998 0.0292046209054593 -0.0234501047942028 0.168091205614785
0.0878026343725938 0.0220985236545661 -0.063831765478862 0.162605966154956
0.0802660825968352 0.00891893543036597 -0.126903671944484 0.20638778295026
0.0713454552754895 0.0233998045622854 -0.183025965792928 0.201918837643733
0.00857951695929412 0.0435611794385363 -0.224083129036829 0.153708175124563
-0.032135027806314 -0.0343348420782046 -0.208369745855389 0.0752059365500131
0.087422927202636 -0.0779508953160947 -0.164597468381932 0.020663256484974
0.16758024289974 0.0826287526098451 -0.108224572047522 -0.0652438716301193
0.0532201587556495 0.231712179818089 0.136796453861353 0.112501765206218
-0.0179435163469274 0.274043904947817 -0.121401951775016 0.264366457089236
0.0798523746267474 0.25549847208396 -0.0206135638494753 0.546546219556573
0.136776373200064 0.109705347981844 0.168979347481036 0.221747495868615
0.0764922048725542 0.0181150581501947 -0.0223788939206569 0.0241599649074134
0.0563063279847896 0.03660620572504 -0.119978229969445 0.135004436067391
0.093528285789206 0.018552884640232 -0.0263198917417445 0.191763228941939
0.108353018923303 -0.031572720291788 0.0115406953627018 0.174435880190778
0.110494746931745 -0.0413336139058224 -0.0244942947390312 0.14497645378473
0.0987051486411078 -0.0594120540471017 -0.0888722099173686 0.18553683859494
0.118505392616671 -0.0579636591057394 -0.152741456257759 0.199196110338139
0.10034451927603 -0.0167682408809115 -0.21690267811948 0.173929753860383
0.0897150484697471 -0.0387667134011968 -0.234936689861817 0.0711457930770471
0.165217018412899 -0.0298759801678621 -0.179979517629745 -0.0137063947070634
0.211597028333056 0.133189495313546 -0.111440949466464 -0.0899201460169462
0.13372624920705 0.280116588350875 0.111748297963222 0.04100130721684
0.056529761364968 0.28484987321914 -0.110168559611039 0.176541997087089
0.111166351123517 0.276615173991163 -0.0159572688351229 0.533619283416083
0.187053634071804 0.165948024240576 0.242639752359275 0.234213323649098
0.189480695793979 0.0520748895795011 0.0361117670780307 0.0107269325913923
0.157654695504138 -0.00458195017922608 -0.0834363423575746 0.125399108278016
0.144824368514469 -0.0475792908652408 0.0137098753447388 0.184295288297282
0.12355211004617 -0.093796589269898 0.0592662995074344 0.151897683409256
0.115796460871465 -0.0963947339183524 0.0187017806844764 0.102715249523505
0.103089483441141 -0.113548391226824 -0.0515902109579698 0.134783950438578
0.14493836404045 -0.122735146061499 -0.1186232994078 0.16302312921944
0.171935171020255 -0.074822495510202 -0.199869412492028 0.164086906462221
0.202019012996228 -0.0495213908358455 -0.253422686383826 0.0538490830952705
0.235010672088732 0.0200038162873946 -0.207330912432427 -0.0555691386570097
0.233171662187817 0.176021209332971 -0.129938679105886 -0.141704966102017
0.186459204594594 0.289669421402417 0.0758776208333289 -0.054193355836788
0.134272728868056 0.248731217311287 -0.109411067481143 0.0764184608768338
0.148661773456977 0.240505384089521 0.0129705755443552 0.480300459316875
0.223934342959489 0.17312953725688 0.308384596469386 0.205147606274548
0.280043193957078 0.0572638944504731 0.104422604269352 -0.00672686175591435
0.24005064171799 -0.0592885154671466 -0.00971930981405442 0.0991671249022331
0.175370962111897 -0.118177641619739 0.0775543831993162 0.14178532771721
0.118312048773111 -0.146046060181415 0.112865257218298 0.098562754547737
0.103622647147274 -0.134740251982184 0.0580064350316583 0.0426192713981003
0.0938068728504957 -0.143958957451411 -0.0178950211855194 0.0682389251756809
0.151292716107552 -0.160402912690938 -0.0863813446563842 0.102119910055412
0.215524696944232 -0.113357391151527 -0.173772719365061 0.120328381050759
0.283473133037478 -0.0474445746853544 -0.252893540554756 0.0122675368248918
0.271665253537525 0.0721836148847008 -0.224889978251104 -0.106657486080724
0.217562385929627 0.202610351689842 -0.147066795535371 -0.209991077157789
0.20437435939927 0.260211883244767 0.0406909179919443 -0.1587523222602
0.181774342182747 0.168769596962114 -0.126651281936914 -0.0181172819273114
0.146776237104776 0.163219587303789 0.0471417411260866 0.389702606363697
0.213797856578707 0.14836673148623 0.334493940644252 0.133435353094279
0.317100116430286 0.0441123669721214 0.153095028642684 -0.0296637545726206
0.272041131320128 -0.112431256722208 0.0793779140423551 0.0530215208420092
0.169603955748828 -0.1725090499116 0.148671474994834 0.067257100272192
0.0922351429625905 -0.176101179130931 0.159225767134267 0.0202153407998952
0.0752052557758109 -0.152666745341657 0.0875888088849247 -0.0234926832351669
0.0729421385943282 -0.152694997286156 0.0103189554106728 0.00113862278712392
0.13725097087592 -0.167842699843154 -0.0532740831966002 0.0326954846104417
0.227224948519619 -0.123029400144373 -0.134926996953428 0.0537868683809887
0.315934315974828 -0.0193101339648708 -0.220986804467955 -0.0472757461188292
0.250214254783933 0.124934394942311 -0.210437310254708 -0.162047472325873
0.161769067272152 0.197350042314952 -0.144849757651162 -0.281485459609402
0.194047886996776 0.191695243466849 0.0177130893534586 -0.256463336679734
0.17363112179671 0.0637884054941295 -0.150717975887027 -0.0928165745246746
0.0840136230188006 0.0826926125449469 0.069198044986005 0.276991148367153
0.154177537525451 0.12552344539607 0.307469310132583 0.0510948053982346
0.29709029587813 0.0328680626252207 0.174827920677434 -0.0445205760611744
0.247214069715245 -0.140103126219385 0.160353002038265 -0.00432759107812074
0.126877677837584 -0.189579130444818 0.203709341210917 -0.0261717963938388
0.0500940614046571 -0.17441540854757 0.187593993020627 -0.068115839832448
0.035713813367099 -0.148425582630494 0.104685273683273 -0.0868946783636634
0.0423253998145616 -0.142216207519402 0.0317882788890695 -0.0574878226331631
0.106026463299434 -0.154552393125547 -0.0203059995798459 -0.0325199510081988
0.209577005011706 -0.113002697358124 -0.0829479021770821 -0.0171212263471679
0.294899908510059 0.0250540516205872 -0.153388428021927 -0.102703811114334
0.171596929281066 0.15949594108917 -0.160648097704114 -0.204953003235169
0.0790024746073485 0.148039553278739 -0.113151996556262 -0.341874028606528
0.169943953520309 0.0937858440980354 0.0160056485728961 -0.33405925228043
0.116298738701839 -0.0449064101611025 -0.166614299350991 -0.140293712958341
-0.0107867989212552 0.022410572429517 0.0718087599420437 0.168600700826758
0.0731689112825904 0.110551540847533 0.248543181298902 -0.00369392748188389
0.235133144125235 0.0250931499003166 0.183224269030078 -0.0440407494600229
0.175771783856798 -0.13629710042439 0.217734166909703 -0.0640292563164925
0.0604763947401159 -0.164075498757679 0.2289278478931 -0.118256861158352
0.0014143274105956 -0.139901953821869 0.1925680162332 -0.14722256228881
-0.00908994857220773 -0.122470861480353 0.109099356341171 -0.138625998000068
0.00463668882152781 -0.118285046651731 0.0451694978092983 -0.106092334135684
0.0619952864434747 -0.132287420117073 0.0102214388773345 -0.0878496941984219
0.169189400772444 -0.0977187272003007 -0.0194980480297406 -0.0759730537422529
0.232043674427699 0.0599435889590695 -0.0646349993077001 -0.128339740248867
0.0656885061766287 0.148420200454811 -0.0983401980816613 -0.21407333255741
0.00791096757244418 0.0510921621708599 -0.0666569438387445 -0.383198138243538
0.148746996675587 -0.0221699785923663 0.0285281028357266 -0.378988631083924
0.0306348288824888 -0.138989003161454 -0.167370898721427 -0.155346826873015
-0.100039439025951 -0.0207424302826535 0.0606597529869319 0.0909358636797353
-0.00693392343638376 0.0898423846998013 0.193451320377349 -0.0181948534168241
0.142225435994144 0.017410545456468 0.196016924782819 -0.0391502716043501
0.0793625856950379 -0.103072285096367 0.244799673954027 -0.117850918764574
-0.0105338382893811 -0.102669511099053 0.221820927806326 -0.18630661759773
-0.0448723463587819 -0.0788798822469414 0.172987904487033 -0.199295355033716
-0.0535407948321279 -0.0784266740162673 0.0974264405619655 -0.171872074403245
-0.0360755056740189 -0.0818538929599341 0.0444546445921295 -0.143907712772272
0.0114650918969469 -0.105158482024678 0.0335318864812437 -0.13270022292592
0.114443073226365 -0.0836157140910747 0.043799372910481 -0.116807164101916
0.143388059424114 0.064946487128397 0.0147133140753921 -0.117136847248672
-0.0286392816401752 0.0845305025631573 -0.0608295938062906 -0.195329406456691
-0.0206693351270441 -0.073395132543724 -0.0289793311760277 -0.414167919287463
0.135150120268879 -0.134244949979734 0.0454291136754963 -0.38474045475668
-0.0535743635944936 0.225469613628559 -0.106972714980921 0.329998124322657
0.080682513229791 0.172544507457371 0.0290062821671303 0.515329430063568
0.0835644400739 0.0153146703617514 0.121989499159039 0.189098457635074
-0.0352236985188545 -0.0196834372818223 -0.042777887671649 0.0479608391342982
-0.0300701370960937 0.0656903007011973 -0.103389341643379 0.135660993227029
0.0424448967929919 0.0657266107855676 -0.0308429760925742 0.171338175933218
0.0788194483472077 0.0231486883247987 -0.0136115821111364 0.165740761261831
0.0883512370270718 0.0149396751324337 -0.053803026358126 0.163066336572196
0.0793828640091049 0.00350856622515735 -0.11388249801388 0.209643602215555
0.0714345992960121 0.0182055776658909 -0.170027003935181 0.208095971577098
0.0124638839610091 0.0430939444001365 -0.212610621887618 0.163349475988734
-0.0332526303999192 -0.0309747660497542 -0.19917202092608 0.0836049729901608
0.0808024084603826 -0.0800166887258204 -0.160486570055748 0.0269375387147765
0.169394511167744 0.0713900382264867 -0.111573746743823 -0.0569363213467069
0.0633272331816816 0.223697191094183 0.140680243191319 0.102458211346119
-0.00436978075488202 0.269519059856162 -0.105411974392948 0.26741480345449
0.0901562695739065 0.246412547434015 0.00573201742156216 0.536581509841451
0.139072180197989 0.0993302139141617 0.174072124446477 0.206967977366259
0.074439169353883 0.0140062485963589 -0.0237386036337196 0.0246925603344562
0.0561034865292048 0.0341720258326499 -0.112231128076506 0.141235106734248
0.0933379068167698 0.0137036880359624 -0.0167867144712976 0.190164575187496
0.104712293076651 -0.0380201617038438 0.021936380896437 0.170365500669187
0.107016304605771 -0.048054051543186 -0.0157490194023235 0.142923572225118
0.0939994531606265 -0.0648316918815352 -0.0766663118480444 0.186645879983905
0.113784399507128 -0.0643065391814383 -0.139567614204105 0.203580631032383
0.0994360985657393 -0.0220288144237421 -0.203094543293411 0.183087194955624
0.0865218104758637 -0.0426175548980132 -0.225399904486524 0.0819647288137097
0.159838969834497 -0.0360620153899843 -0.177343128423257 -0.00591233362545666
0.215009707617897 0.119515099509661 -0.114630471704774 -0.0804822247473965
0.143848746599531 0.266403652777084 0.111738655925402 0.0346246756985415
0.0687353895804179 0.276299546088605 -0.0983038147821822 0.180761441690534
0.121832781678942 0.266823267859811 0.0111336941600243 0.525066564647848
0.190176529187134 0.152122461264822 0.245827917230074 0.214882153050376
0.187568793866433 0.0413597051353653 0.0321962684538901 0.00918392717163499
0.153882086669849 -0.0117420674427655 -0.0768821077932576 0.131606792633475
0.140557865439268 -0.0540273987340865 0.0229945341633263 0.180779357627688
0.115958898826261 -0.100094924950794 0.0680357895485752 0.145166936631159
0.110086401089769 -0.102485677924831 0.0237083563324777 0.098093043441799
0.0961469527085011 -0.117144488839136 -0.0428438173508103 0.13469500622411
0.135823637858075 -0.129340453496785 -0.108254780583501 0.166142681051403
0.165701750010034 -0.0828579948282501 -0.185712479923577 0.170977758059949
0.197155017341665 -0.0594746672962461 -0.245347761327569 0.0654759453934767
0.231082833331032 0.00982579817337517 -0.205904008407172 -0.0454178514560056
0.237416487235863 0.161204090317818 -0.135287228645108 -0.130857043990042
0.195061818808344 0.274462705892282 0.0714747144343258 -0.0574507354664956
0.143731592964841 0.236752551878643 -0.103094982363908 0.0816081209529608
0.156656106640356 0.230434560231911 0.0367480528320865 0.469762220221552
0.225850246500939 0.157418746350354 0.309548131147258 0.183476786478212
0.277285202834716 0.0419516755174998 0.0985542110649394 -0.0112563709951208
0.232070943766771 -0.0699783665729324 -0.0056800664676799 0.102268772864106
0.165932250285168 -0.125274448723483 0.0838690109275056 0.136250773941782
0.107873747375219 -0.150322852828112 0.1170750211337 0.0894069211873993
0.0956110056983543 -0.138870527009023 0.0589974477456959 0.0377341166633708
0.0854421593019596 -0.146198480498363 -0.0132490912886397 0.0687402515935877
0.140022199825282 -0.165695050085285 -0.0790983625000238 0.104971716558323
0.206229298998987 -0.122789423561022 -0.161256053963713 0.126701096305789
0.277100399751869 -0.0623467077665404 -0.247195091872491 0.0253576531849445
0.269210287162201 0.0580684362534709 -0.223927481948794 -0.0936986885230637
0.223772522477403 0.188436736996315 -0.15488142734657 -0.197859706624908
0.210609064559388 0.244381809877233 0.0317231728701991 -0.157988740278495
0.186051795930624 0.156074191541227 -0.124288860147763 -0.0114282967391157
0.150938575013436 0.155456662434608 0.0666408029508001 0.378573532965506
0.216141538917431 0.134208427017806 0.331760089323961 0.111595152628773
0.313505437681364 0.0265074536810582 0.145843729967424 -0.0365730289271589
0.26076728456198 -0.123893681135483 0.0797405103430121 0.0515071016072385
0.156718127479896 -0.177526825310707 0.149384062276726 0.0588510916200069
0.0803063250436481 -0.178464035416736 0.158295747097065 0.00959022802151335
0.067067966997852 -0.154058303864328 0.0844754684303697 -0.0296396319208753
0.0641981947464586 -0.153412029400854 0.0105748719553514 0.00160165879910592
0.126070830984933 -0.172211033315515 -0.0496439478247539 0.035042303897421
0.216315300808563 -0.133887609574699 -0.126228126023028 0.0598625599848608
0.309900643837776 -0.0371474701343184 -0.21879155344402 -0.0345834467341585
0.252049667065241 0.111114012438922 -0.212761844951084 -0.148759717351871
0.16833291506407 0.187462006199466 -0.155102244228207 -0.268341386589579
0.19731659824474 0.177972576782496 0.00467561688262123 -0.252705772501873
0.173209530103035 0.0526307442531648 -0.151864037940813 -0.0837823367689996
0.0861145821452386 0.079811833306812 0.0822036761034052 0.266666256796283
0.156078451196342 0.115676757181765 0.301790137450519 0.0327279800279412
0.293686088863704 0.0155578196945154 0.166915009367475 -0.0521706638148489
0.234827072826089 -0.150350533072962 0.155645968268548 -0.00974846340877482
0.114117016555358 -0.192465841919832 0.198794507522307 -0.0371557475998306
0.0389625040521258 -0.174391286630227 0.181510032831372 -0.0791726959350341
0.0283461764110058 -0.147065482053748 0.0980371880002057 -0.0914262854763069
0.0342877755847533 -0.141402422101792 0.028895019677542 -0.0575475768437478
0.0949331256890835 -0.157017642358136 -0.0204610639323406 -0.0307851489938428
0.198591273815042 -0.122743665428201 -0.0786718832686001 -0.0123519331145684
0.291185296112055 0.00725084654896299 -0.155183770638527 -0.0923363937105828
0.176827956515153 0.148775835618339 -0.165959438635628 -0.191501481825679
0.0846166430267323 0.143263318577868 -0.126552733639178 -0.329863122910312
0.169128974614795 0.0828845108859193 -0.00167797507169135 -0.328879177765746
0.110813325053862 -0.0507161966178522 -0.16969929325952 -0.129838124418267
-0.00945947905080493 0.0247548463281762 0.0788431898176876 0.15948100578439
0.0765659644903433 0.106087658281837 0.241256163799384 -0.0175663547585514
0.232587698530707 0.0111415430630726 0.176471423726378 -0.0518688834448874
0.164350736447717 -0.144262202355123 0.208751146646874 -0.0728806846703296
0.0505240980715036 -0.164216454068341 0.21942875690255 -0.128736899046452
-0.00697457960437457 -0.137449401179004 0.181333677676425 -0.157576617513211
-0.0149815291969794 -0.118830276881313 0.0994161523937696 -0.142501975639415
-0.00216032112249765 -0.116094249248149 0.038499736736259 -0.105255172614466
0.0533470552064117 -0.132494289644263 0.00621624191227192 -0.0866690527666332
0.159473413437755 -0.106020145561318 -0.0204560307868268 -0.0736615602439787
0.230591391098497 0.0448431939188392 -0.0692076619578308 -0.121708558223734
0.0720159220324594 0.144040169712965 -0.104528479112549 -0.203475534474696
0.0092982512230813 0.0510261446437921 -0.082982971785153 -0.37321123663822
0.14313906079415 -0.0289803511436542 0.00878112686278315 -0.374367732249375
0.0219716353471978 -0.138441970826816 -0.172430838154591 -0.144152619171535
-0.0988368280104638 -0.0138443875223351 0.0638608458900911 0.0841195560895644
-0.00262533369977472 0.08965041196695 0.187425713057913 -0.0281229579221534
0.140508792816168 0.00802158718679866 0.189446038789398 -0.0477996856533567
0.0717186285759742 -0.105700986323949 0.232232180264194 -0.128470721105157
-0.0167926187175817 -0.0997029988471774 0.207603132778566 -0.195147322212127
-0.0488276272506904 -0.0748812853876022 0.16021667551197 -0.207245964115747
-0.0562380116875961 -0.0724609229415858 0.0863668286340421 -0.174490861438588
-0.039773939516425 -0.0781799610293905 0.0353810130255848 -0.141789429936395
0.0056142548438906 -0.103097358964012 0.0256939613431182 -0.132831154475012
0.106344528811206 -0.0894695202487182 0.0386693368795528 -0.117011728920954
0.14561460472743 0.0549630647000238 0.00959613498537049 -0.114465838960465
-0.0237015917394912 0.0853904931333248 -0.0666448021156316 -0.186600841599219
-0.0249024595314976 -0.0700650026867708 -0.0475616687278568 -0.40513913757062
0.125319667371676 -0.138543509371621 0.024946757456313 -0.381488360560606
-0.0452883474612775 0.218677050248694 -0.0934616313978796 0.322447600502855
0.0820189650293053 0.162742235936042 0.0420145561189437 0.493475328350701
0.0807566601905382 0.0106633751306619 0.120556124495934 0.176065505126104
-0.035910017688531 -0.0172198380266114 -0.0428752083477363 0.0468619790951069
-0.0276717603197255 0.0650212355620289 -0.0970273461936847 0.135566395848046
0.043896763919874 0.0621912581429733 -0.0245896131758284 0.166793893180187
0.0760941313012684 0.0191671657596337 -0.00650451691155298 0.159883399481546
0.0854538370965642 0.0101616248694968 -0.0458632494590963 0.158269271672949
0.0764196590651175 -0.000546060648400213 -0.102366299368994 0.205681147490954
0.069243313948871 0.0137021436012893 -0.158832678486781 0.206024619530928
0.014513248116634 0.0414061070285301 -0.199750024609271 0.164066820094825
-0.0329459990216442 -0.0278994520820526 -0.188196402587877 0.0856206807385296
0.0747551755832691 -0.0788208065684428 -0.153983713288935 0.0292529724454228
0.165710148725259 0.0627713009293468 -0.110469291765119 -0.049203695238169
0.0654350378822141 0.21314622476533 0.138572588590432 0.0941958352117161
0.00305006410672389 0.259447912095591 -0.0937834853394953 0.262134099997773
0.0934396122813402 0.234418604330246 0.0192723481243076 0.515180669751807
0.135354592634549 0.0901057871989158 0.170698558387875 0.191969100019632
0.0705108732156121 0.0116148179363689 -0.0257839703456345 0.0247444931895321
0.0540853891762202 0.032527397298489 -0.105319644215145 0.142495967987541
0.0902571694053348 0.010801405164206 -0.0101714808616707 0.184751769279225
0.0985458551319038 -0.0407456409624997 0.0276028153953288 0.162889125135226
0.10181532326979 -0.0513428589464379 -0.0106319711464738 0.137039409204259
0.0890859619670602 -0.065721686512019 -0.0675439319970595 0.182153625488692
0.10710677332257 -0.0669776068780105 -0.128686491029772 0.200793197281297
0.0965141138632291 -0.0243316626058752 -0.189624866119622 0.183059746415818
0.0829365855732672 -0.0433637004307504 -0.214605992358782 0.084802558274585
0.152726757254649 -0.0381021886422618 -0.170831353561327 -0.00209464652400029
0.211128604846323 0.108537247356963 -0.113670421378103 -0.0722092350992331
0.143479264930287 0.252039231549149 0.109186007415216 0.0294727177001986
0.0733115112155183 0.263215879013238 -0.0892625300685184 0.177161688187012
0.123888007078283 0.254618525201232 0.0249571336887144 0.502714927352114
0.186519191136322 0.139503613630624 0.239747411422865 0.197074126345585
0.181399939289889 0.03424859551656 0.0277864209391627 0.00792949090087492
0.146812752829407 -0.0148919219656094 -0.0714167049515076 0.133519543383698
0.134055564172218 -0.0563090789954018 0.028252577802607 0.174978729394378
0.107537386865908 -0.100121041692538 0.0716813453911141 0.137117746634731
0.103378898659757 -0.103658420962722 0.0257910657445265 0.0920612811190146
0.0892474478634703 -0.11667835096414 -0.0365023912478948 0.130874882429436
0.126488433364303 -0.129773170275397 -0.09934470591406 0.163133651160414
0.158134333003885 -0.0854018118134088 -0.171180620613029 0.170836601471301
0.188930420694944 -0.0633791098519052 -0.234322582135957 0.0695044245406385
0.222891151801753 0.00418364378845265 -0.199379134687695 -0.0386082510897037
0.233225965928908 0.1491763322997 -0.134347321689748 -0.120235639598184
0.193175401982665 0.25822266415492 0.0673933919664014 -0.0576199008424767
0.143589235669007 0.222885024602952 -0.0963065227345328 0.08194554308148
0.156047296478006 0.219126718432621 0.0489503171704996 0.448654292810259
0.220485246225132 0.144256624960869 0.299111119988098 0.165631149861386
0.267315528045656 0.0326745197113173 0.0907513797391464 -0.0131887870158159
0.220068179149133 -0.0739698598234034 -0.00311419247309859 0.10300812100533
0.156496639230264 -0.125427321346124 0.0856794691791923 0.129976981187601
0.0983329906646567 -0.149405953831085 0.117216554500328 0.081244843273418
0.0884422049091989 -0.138394605455226 0.0578112462335963 0.0325177221963719
0.0788226402227018 -0.144004671551639 -0.0100757538232538 0.0663403581171317
0.129309719439609 -0.164635683393266 -0.0725290598404658 0.103564432049176
0.195354125220057 -0.124950840047333 -0.148645640960402 0.126281532426544
0.265448824896631 -0.0694891440754312 -0.237566080271854 0.0323519212995569
0.260887020161313 0.0504485573581866 -0.217582643776815 -0.0844669479926325
0.221110208458197 0.176406538082656 -0.154501241950588 -0.18456351544664
0.207281082387827 0.229005014871223 0.0262470768207849 -0.153349348982561
0.182083140408484 0.144009492542869 -0.11951028842219 -0.00719303000120476
0.148768797454415 0.147669195563932 0.073459761371075 0.361276666494909
0.209630982857097 0.124015610916388 0.318618731765804 0.0960751816352992
0.302535363101128 0.0156882410278666 0.136149313996234 -0.0386463415104963
0.246887779165434 -0.126957375335793 0.0775761681643047 0.052039558857471
0.14548217744639 -0.176657023496192 0.146259248881776 0.0528608032795413
0.0703868100196694 -0.174753108027343 0.1533714284208 0.00191877043110082
0.060567573711025 -0.15120086393617 0.0796428000201716 -0.0324374721912367
0.0579035219625211 -0.149502175544536 0.0112953315534168 0.00156150445261612
0.115107151946903 -0.170013916438302 -0.0465799872937101 0.035305232783225
0.20366696617072 -0.135934353270762 -0.116515089129429 0.0608511143199165
0.297208831624255 -0.0472501677619561 -0.211137649539499 -0.025923007409585
0.245384619198843 0.100731799169438 -0.207084808008914 -0.137861732903825
0.16716566673588 0.177017933358629 -0.156038049867756 -0.253718178463283
0.19271647271157 0.16556845239761 -0.00337997255538388 -0.243969383713975
0.166647283872816 0.0453634259496376 -0.147906976735281 -0.0759254594853124
0.0852530519466352 0.0769970587051953 0.0857846544323815 0.252362200137346
0.152497912269934 0.108127605384885 0.288458125190897 0.0210459827568516
0.283662950468316 0.00569608303066522 0.156508153874092 -0.0540051780814828
0.221130141307396 -0.151830111424363 0.14874703797774 -0.0104574860780497
0.10352471684216 -0.189234326171107 0.190828513020919 -0.0413785765125665
0.0315523597646599 -0.169254310861499 0.172159578287075 -0.0840546769658909
0.0233991419228718 -0.142263139055071 0.0907699252856364 -0.0925596849865306
0.0291533996390963 -0.137146983901454 0.0264858905664755 -0.0550398375402666
0.0862728585987095 -0.153319685499912 -0.0204912724657172 -0.0295917315751725
0.186365494821312 -0.125226836407151 -0.0731394915088823 -0.010029365698468
0.281296210768279 -0.00311088945905763 -0.151648654578547 -0.0836748382060423
0.173843648859517 0.139731751113624 -0.162723086097667 -0.179804504403822
0.0847816041324676 0.136873895158054 -0.129943347795147 -0.31389846557826
0.162244312292672 0.0750485840524038 -0.0108482746963306 -0.315944659662304
0.104112008027578 -0.0525686114893941 -0.167400298287293 -0.119686151072634
-0.00819919633231058 0.0260720089591175 0.0800955062193343 0.149334591503967
0.0758952740199986 0.10162379135436 0.22928319343926 -0.0250265168798772
0.224061608033789 0.00172006379141176 0.166309774944072 -0.0545681244423157
0.153887378618023 -0.144132517570068 0.197771711710015 -0.074345535629966
0.0428193325335629 -0.159092143944511 0.207898720095203 -0.131650213595094
-0.0119661309140773 -0.132031138145342 0.169251847605688 -0.159519296032688
-0.0178993665042099 -0.113400446686756 0.0903272085154948 -0.14091276554188
-0.00539114765667304 -0.111129231179973 0.0339550184853948 -0.101567198010702
0.0474334594459064 -0.128743467596514 0.00372665878591554 -0.0836006739926387
0.148688081267811 -0.108049676957904 -0.0192740142277269 -0.0704233554049761
0.224183718913302 0.0346619951363543 -0.0696087251222597 -0.113636943508537
0.0736985006929309 0.13746247788925 -0.103494534915495 -0.191227246752637
0.00979184199405128 0.0503357891933525 -0.0892526920714334 -0.358003644528735
0.135905592379597 -0.0319353463128307 -0.00287165710930293 -0.361336301862802
0.0163105977245824 -0.1339105974929 -0.169667469317373 -0.133417405634673
-0.094951631029198 -0.00915135086294816 0.0639795202866878 0.0777089766438674
-0.0001850325289341 0.0877907837805692 0.178776824199978 -0.0340974906886876
0.135393048655263 0.00119747014156059 0.181287906627417 -0.0509547186200198
0.0654462103563446 -0.104153163983401 0.218134009276866 -0.129877622162842
-0.0199248216130664 -0.0951024915952739 0.194282065332788 -0.195850687458444
-0.0504559355462571 -0.069816765413451 0.146911599213022 -0.206274790165873
-0.0567079616635459 -0.0667926040978643 0.0771620393315062 -0.170361144219466
-0.0415357901992642 -0.0736079571462942 0.0297237941744182 -0.136466281060352
0.00190520656152355 -0.0988667764479669 0.0203182053532319 -0.127994389458407
0.0977164833697523 -0.0903907596121599 0.0351021531602839 -0.114337119724172
0.141944402888033 0.0472327454658017 0.00728942795565744 -0.109695455318473
-0.0198820316595128 0.0839725581715124 -0.0665113771640199 -0.175116000997011
-0.026578911055451 -0.066054991834205 -0.0562421916920679 -0.389012042465301
0.116580434835048 -0.135812226360906 0.01350534793559 -0.369534743685062
-0.0571431889589848 0.210459397659509 -0.102464728065737 0.312470977475521
0.0730863430720453 0.158413356357751 0.0182699299461121 0.473798070385896
0.0797446920078962 0.0123427522310364 0.104074124604151 0.169385001043237
-0.0340702057141232 -0.0178635280312674 -0.0478127575273188 0.0430736884933606
-0.0288625010624898 0.0619661178544975 -0.0980765382279064 0.13106037715875
0.0408640266306392 0.0625267453566394 -0.0290007714578035 0.158572238475315
0.0723585103774352 0.0226012827024394 -0.00962461039147949 0.152338774522852
0.0842270055182021 0.0134960724472814 -0.047340506568454 0.150024562382775
0.0743064249873932 0.0038536788444889 -0.104923072521095 0.196448157742143
0.0670667134009151 0.0166841058543501 -0.159596384612814 0.195336854966245
0.0138926194940142 0.0429104118910149 -0.200258546110029 0.151445607892327
-0.0331355806454413 -0.0246780101904297 -0.184373205462461 0.0701195630496065
0.0736581884003444 -0.072644858853141 -0.145841747318896 0.0197459731551846
0.157444979042142 0.0653946969082574 -0.105470958189845 -0.0461003969119162
0.058522922607951 0.208646883230321 0.121433366616324 0.100749979955242
-0.0131570674140095 0.25408837483883 -0.0965833430641162 0.251740060026354
0.0787850240790744 0.230345855801057 -0.00204172831350961 0.49311807209202
0.126642997322399 0.0927807764650888 0.154037781375323 0.184970229907992
0.0661824176452594 0.0158589665715716 -0.0267268241590287 0.0202927906999582
0.0519051119287676 0.035395573666736 -0.104857694043567 0.133804849606815
0.0891792117391441 0.0147002029506799 -0.016006146588573 0.174913251794122
0.0975302513265454 -0.0341603081254546 0.0230299000313014 0.154407993238041
0.103927457321551 -0.0464151238157531 -0.0135188353718974 0.129849009061876
0.0897653595300229 -0.05968100940467 -0.0704064913217299 0.17396478506072
0.107191515677647 -0.0609894905413552 -0.128858556060835 0.191321771276399
0.0969301491699819 -0.0182146012214716 -0.186382976771161 0.170961586326407
0.0793921070717049 -0.0352266489697251 -0.2055841712198 0.0713749264649705
0.147502922814933 -0.0292050610464071 -0.159988590573193 -0.00795887681083793
0.198271869500803 0.112460254150884 -0.107792848462589 -0.0671137109743416
0.131486762889984 0.248469770809691 0.0963140229325926 0.0400768698982016
0.0538818860250202 0.263609595723081 -0.085161927329229 0.167120898989661
0.106535611121829 0.253176222548011 0.00341846490790019 0.480619735333559
0.171166759260042 0.144296449162966 0.220800237943113 0.192893997344982
0.170470351217883 0.0435107222672044 0.0288697375718275 0.00443191164597325
0.143730070684345 -0.004350990982138 -0.0705669385893896 0.123219705009469
0.134138830160932 -0.0474755480897084 0.021171611473876 0.165627713929906
0.109693906989789 -0.0914294076948459 0.0649570195162772 0.130125010654778
0.108605583444963 -0.0979106492638941 0.0227033345328756 0.0870386644914041
0.0932015467337567 -0.10958332791389 -0.0372991195626659 0.125891415021304
0.128887764858216 -0.121745415657299 -0.0973632795944396 0.155025756576727
0.160691125984526 -0.076101178104589 -0.16519767667317 0.161204719686401
0.182141289142086 -0.051245284936753 -0.219229084228404 0.059899187314616
0.213774024467677 0.0144870546822791 -0.185530691481418 -0.041601058480753
0.219023984664081 0.152710965831547 -0.125807587271518 -0.114439551395404
0.177944341952878 0.255798216123924 0.0622379216785326 -0.0442194130782029
0.125105796363434 0.229602326116581 -0.0871070798883841 0.0708118483169203
0.13965112714772 0.221419395281086 0.027296178558722 0.429132530132027
0.203716321249788 0.1517804434174 0.279704762972348 0.164548278763971
0.253549182753246 0.0458571865129702 0.0923546041811346 -0.015435923962053
0.21723914075873 -0.0575628040809602 -0.00429374778664379 0.0922658091302565
0.158668733155598 -0.113797698642679 0.0766916000813696 0.123280365763894
0.103556569985425 -0.138893723831589 0.10970477201059 0.076664598275818
0.0961363719115521 -0.132379985778295 0.0543371815007219 0.0304616702208663
0.0843646507587618 -0.136964273086694 -0.00930015174466336 0.0641115671899329
0.132874567016807 -0.156458898785892 -0.0687172571215747 0.0982779305778707
0.197583713701763 -0.11467905870495 -0.138757020258635 0.120277019289658
0.255735375391364 -0.0550183060800564 -0.217134611619276 0.0258222846527734
0.248422867187081 0.0608157750256705 -0.199917586855974 -0.0846433347122713
0.205475055743976 0.178172277985354 -0.142155330247167 -0.177503079449245
0.191261717000132 0.226759637607411 0.0288249201497628 -0.138029205827393
0.167651989083746 0.156047885601833 -0.106497317930339 -0.0193140692025437
0.136593269178233 0.152741798916962 0.0541672415777294 0.346392292236918
0.194148453257873 0.131883167298375 0.302158812366556 0.100140850262359
0.287785286047987 0.0315667486245467 0.138299196813906 -0.0389936743407504
0.245382384909682 -0.108340073427051 0.073705922449872 0.0440658357389041
0.150297733450389 -0.163747308691764 0.136482189353472 0.0513703764833602
0.0788405628211925 -0.165272349870444 0.146619746455053 0.00140946806818361
0.0688052546818843 -0.14625092082951 0.0773138079134199 -0.031475296297588
0.0641068923611709 -0.143558345069443 0.0130941320219877 0.002027788800723
0.119498034805482 -0.16229176399926 -0.0414320085009081 0.0323897776190221
0.206521994953272 -0.125412569826281 -0.105044539067715 0.0573454400851563
0.285599647775053 -0.0333307846003303 -0.189181757478568 -0.02628009733357
0.231091746128226 0.109474666505218 -0.188583374631934 -0.133758817627399
0.153024880190853 0.176223398769044 -0.139978098479515 -0.246189964385369
0.178179069227019 0.163896249144916 0.00908280900598366 -0.226850593214424
0.159647812367864 0.0588495952521147 -0.134530423243578 -0.0883781836332055
0.0792007445397705 0.0799471909984882 0.069917829772362 0.244482781930905
0.139285053801743 0.113519124509603 0.275749101699125 0.0293197969841632
0.270343376175307 0.019944364431471 0.158650733022171 -0.0523824068507311
0.221190162738983 -0.135071321969455 0.143283206117081 -0.0128011709903756
0.108563783878921 -0.178048903361841 0.182107970148249 -0.0363935691831362
0.0406198609714822 -0.162677810845004 0.166864428381176 -0.0802058409181315
0.0316291128495447 -0.139279052222673 0.0891558199822435 -0.0883834690313363
0.0349588132999659 -0.133220653469799 0.0296539307925927 -0.052218614009052
0.0900524793846554 -0.147640806825489 -0.0149924017612996 -0.02888956549438
0.187519936245752 -0.11605173760268 -0.060656313547082 -0.00938578027079785
0.269170045941493 0.00595887238793063 -0.130958149324255 -0.0771758210050239
0.160903765175259 0.14283018203169 -0.145647099010896 -0.172461561041389
0.074915217501665 0.132986876490618 -0.110911744306085 -0.305521040509972
0.15196238286899 0.0744456700904111 0.007813336779716 -0.299065125368806
0.104929187336715 -0.0418321191479133 -0.155532131913244 -0.130162573876255
-0.00828941018463069 0.0253485125944526 0.0692560150706775 0.147536913535279
0.0663281622430063 0.102600717393257 0.222789236331819 -0.015275240939166
0.21373445579464 0.0118914477682436 0.167396694973106 -0.0506157930644333
0.154189642040581 -0.131997575153219 0.190804006115246 -0.0699097652998982
0.0475206570483049 -0.15259048914955 0.201136031363114 -0.119730956288971
-0.0039722336079698 -0.129499847397433 0.165756442205403 -0.151421692160401
-0.0106497153309521 -0.112174021347326 0.0900185328601967 -0.13399479264781
-0.000462247364750157 -0.109695039312434 0.0377597534045492 -0.0969609057677878
0.0506200767512099 -0.124697523212965 0.00860685486195676 -0.0811209489989691
0.148820507389769 -0.101350384124103 -0.00870251715263349 -0.0657961798582903
0.213663540402222 0.0395889404609249 -0.0535767810985221 -0.103211825456776
0.0641987910950834 0.135537252886085 -0.0895728087425439 -0.182874310726458
0.00652016517464306 0.0444991364051205 -0.0665593046396063 -0.348464668367273
0.129528860436564 -0.0300369332694854 0.0216313503250377 -0.342464717731146
0.0245716802993002 -0.127989910033272 -0.161389887185592 -0.141914680499987
-0.090876395010596 -0.0149961274909185 0.0573784969610312 0.0800631679545089
-0.0069355048272438 0.0851410934856187 0.174952622672898 -0.0230411850305486
0.128113388706176 0.00591499889721623 0.17928831167385 -0.0436987218320836
0.0655608731523991 -0.0989484346553526 0.211347644822113 -0.11911423292749
-0.0169251398421452 -0.0933042851947048 0.191181984634285 -0.179605279968137
-0.0443339396212647 -0.0716091355526496 0.146752020053084 -0.195767896731333
-0.0515906277108757 -0.0683109602518495 0.0784521995806702 -0.162412826257898
-0.0373594409956931 -0.0750593721795608 0.0337781238599839 -0.131153905132173
0.00553387294773398 -0.0976434660148967 0.0249034058499287 -0.123894266120049
0.0983454461164696 -0.0865138069482781 0.0438489575379123 -0.107326116394678
0.135475472227317 0.049129336002388 0.016898540099324 -0.0978927543778923
-0.0237428695511615 0.078988624568375 -0.0545846411601886 -0.168251542263652
-0.0235777389501003 -0.0709704366484914 -0.0294450495948102 -0.378613976119384
0.114731826340836 -0.132036250976199 0.040407134104353 -0.35083652893678
-0.0610467742104377 0.20822456166604 -0.108460691170856 0.308733783224796
0.0694462603718534 0.158613149091339 0.00852144348319176 0.469066391103531
0.0779957362518663 0.0116683272495158 0.0980148051410037 0.167527510845025
-0.0350734453787332 -0.0174361104597911 -0.0517163553256672 0.041598210989322
-0.0298817152711436 0.0625759687927376 -0.10004760145363 0.130285337278707
0.0405115223651939 0.0626071131914704 -0.0315863655373926 0.158693101614651
0.0711978381382316 0.0228859531256408 -0.0109559231244116 0.151272624301514
0.0838194688725592 0.0132707465526635 -0.0488346017520274 0.146772522272365
0.0737546398405721 0.00467477214773142 -0.106876140009032 0.193530279786884
0.0666368754435633 0.0164926848752058 -0.162963796395397 0.192407126693064
0.0144456256254775 0.0431731892226454 -0.201924072110613 0.147672450877949
-0.0322479933952178 -0.024242219658751 -0.183436392801395 0.0653813733860806
0.0741114969983003 -0.0700674130531025 -0.145368814349039 0.0158086447407852
0.155318076245047 0.0663471986388142 -0.104726453727445 -0.0459111961633877
0.052515942263011 0.208421776278303 0.119763322405268 0.101355335894144
-0.0190419096245747 0.252010452690322 -0.100695082947674 0.248171931387679
0.0734196298666941 0.230411752355329 -0.0128542852818274 0.487998429301536
0.122720020887087 0.0927340316846729 0.146232852716274 0.18427178828579
0.0645000352533731 0.0177687240058812 -0.0304900905726489 0.0197492866796316
0.050259736215949 0.0371417603979357 -0.106717966409473 0.134070923110701
0.0887968392279095 0.0159251742961062 -0.0178647471048901 0.17494361728607
0.0968687791833331 -0.032969563904562 0.0219217697168803 0.153909064783228
0.104171462800995 -0.0465183131719308 -0.0150320312778436 0.126921881464512
0.0907149347588913 -0.0583404223931584 -0.0716876466539443 0.171564632066413
0.107774762316396 -0.0597536497984082 -0.131386844258952 0.188457639073611
0.0981569847051393 -0.0168188607851808 -0.187274396990978 0.16694345360097
0.0798132812332827 -0.0331377544943929 -0.205678687813899 0.0668493874176133
0.147236683943907 -0.0253116713967272 -0.159659307007618 -0.0118338300064845
0.195576116356457 0.114896046669643 -0.106917332227586 -0.0670903481038854
0.124011476956518 0.249208302117303 0.0953950470045782 0.0409667843824628
0.0475243207512418 0.261612508287834 -0.0880532485089886 0.164068918668587
0.100283867956995 0.254863786570605 -0.00747977843609895 0.477069040080242
0.165738682271879 0.144562218662337 0.212498758556351 0.193810743217929
0.167859200355156 0.0465259291278956 0.0247943816809531 0.00445285511580893
0.142630547405535 -0.00114935832386171 -0.0732168944661842 0.123973410356978
0.134357808557952 -0.0456732279929828 0.019102353364497 0.165973095522411
0.110067604015089 -0.0890203435299002 0.0641183300094 0.129041903135696
0.109118665534601 -0.0973365231876596 0.0205629503097907 0.0856171054721796
0.0950770920427867 -0.10747663718591 -0.0385088628586985 0.123706181188246
0.130297821863953 -0.119906149912557 -0.099835006657851 0.152669492877479
0.162226887943136 -0.0733818721079885 -0.165556729821446 0.156258833900561
0.182485032236869 -0.0482262359374643 -0.219103391322806 0.0554207414106179
0.21247096897867 0.0199633014823233 -0.18316202362954 -0.0455196341194042
0.214364393483846 0.156501705056082 -0.122905277709173 -0.114156239716196
0.169968560766353 0.257348838477365 0.0623303629559572 -0.0431065659325045
0.118014945941975 0.229127582203142 -0.0879045363580346 0.0683777379888806
0.134696097915284 0.224821725465945 0.0173382731639724 0.426230825063961
0.197138869259875 0.153684581103362 0.271193108432904 0.168136273765945
0.251236072636505 0.0502764909935612 0.0884432561276984 -0.0133488249477128
0.217174199533113 -0.0530465324524084 -0.00608618590443937 0.0958247210514972
0.159552540875982 -0.110998828115251 0.0753035203190877 0.124716489694398
0.10430912134661 -0.136583774066619 0.10916754300835 0.0757952267281278
0.0977310628629775 -0.131119112823384 0.0520150209228574 0.0300190184321648
0.0866599828450564 -0.134799782612715 -0.00999788192949408 0.0634941386450196
0.133888097949487 -0.153462852301035 -0.0696459153934703 0.0961576372649685
0.199274143651566 -0.111633493287166 -0.137818812927535 0.115564463915857
0.255427437435467 -0.0522180183535707 -0.217009676293408 0.0225163252038433
0.246284852671945 0.0664223736552907 -0.196434696497197 -0.088160037920512
0.200755335969309 0.182512944335215 -0.137696116407148 -0.17818840936347
0.183083770520501 0.229053493554073 0.0316305153463346 -0.136829028220381
0.161950670614341 0.157505051356666 -0.105295858993115 -0.0209694692029342
0.133041580843011 0.156881514844401 0.0466532559787698 0.343939093463507
0.188640837719366 0.134884812338383 0.294373981553036 0.104110358143756
0.285711701617204 0.0362021049415009 0.134597704830884 -0.0349899399253114
0.24604253394327 -0.103181497226202 0.0725085054391489 0.0492848276733178
0.151482948901135 -0.160058579713234 0.136308908378704 0.0538696977131556
0.0805073221514208 -0.162859084913237 0.145809826872597 0.00166346648298951
0.0710639361231013 -0.144564886897639 0.0754936600171066 -0.0301992144648775
0.066736204126764 -0.141702463372193 0.0134757067968245 0.0022672253733153
0.121029933598157 -0.159415068007641 -0.0417382761098321 0.0316302993093059
0.207084688108298 -0.121479390544392 -0.102609207668184 0.0543240293557141
0.285188384402472 -0.0301537958272664 -0.187603554036311 -0.0284953820316122
0.228068868716319 0.114462452514547 -0.183623192014393 -0.137057742849238
0.148047654676777 0.179078787879046 -0.133547288573233 -0.245829812679494
0.171211738023355 0.166513361354124 0.0126649680421923 -0.225332144007075
0.155577101312884 0.0611536646144117 -0.131548548191764 -0.0902841600035624
0.0779012680820998 0.0834529904000637 0.0642455891760666 0.243185458340374
0.135480119616813 0.116579152428175 0.270170714976318 0.0336848935944533
0.269262060094072 0.023362003348924 0.155718352543545 -0.0480308381601476
0.222592111250767 -0.130939700592746 0.141514601273057 -0.00666937799468922
0.110912104843865 -0.17524679201777 0.182290018221448 -0.0330139879551485
0.0419817110732968 -0.160540247884315 0.166264510017343 -0.0789390839047904
0.0341555666960518 -0.137766454035101 0.0892648874051849 -0.0859534252942009
0.0370388940505805 -0.131335970466068 0.0308618863828285 -0.051077146294291
0.0919470402598595 -0.145033548184966 -0.0140017940921815 -0.0292134771708077
0.187365285976911 -0.113250011452195 -0.0582930224828329 -0.0108341637380528
0.267593695169752 0.00884083100743429 -0.128664460619089 -0.0776889845703951
0.157736950041324 0.145667442759794 -0.139453453947755 -0.173539121835339
0.0711427589471625 0.134911320359222 -0.103316183908162 -0.305115920114905
0.147750315341413 0.077132026630891 0.0129974121678174 -0.29696855923457
0.104052166862552 -0.0393800293013663 -0.151464145213267 -0.131556564165405
-0.00811561913221656 0.0265373060956403 0.0661253569070729 0.146919441313199
0.0637372270628552 0.104723673686965 0.218743305504725 -0.0117367944021717
0.21277376428976 0.0139883162565433 0.165192384240748 -0.0464443070573727
0.155561938477343 -0.129405481312739 0.190066664283859 -0.063753338214209
0.0488375027797354 -0.150375903914859 0.201508516814991 -0.116223955869712
-0.00248842831164845 -0.128021780778381 0.165835285385344 -0.150169320833395
-0.00828086523824589 -0.110871991438978 0.0901240492334098 -0.131208605745445
0.00132622802687621 -0.108515592971665 0.0388184939914759 -0.0951792720884964
0.0518146103109918 -0.122766742671872 0.0101556451551137 -0.0804043598151589
0.148331847307314 -0.0985387564510196 -0.00565047808673033 -0.0660633209038295
0.212033712525574 0.0415154978976113 -0.0503059707781546 -0.101626116023483
0.0617318444894192 0.136998557595999 -0.0826977729954989 -0.182051823928828
0.00470417687386378 0.0459201428959254 -0.0589712623039106 -0.346912461253138
0.128260749568728 -0.027462542993161 0.0282462628882273 -0.340213194798336
0.0259697298460071 -0.126447475812145 -0.158076072443675 -0.143200381971633
-0.0894654036120934 -0.0157005230364481 0.0552165424964906 0.0799053745350621
-0.00782301309942295 0.0855948659394414 0.172250421203453 -0.0203714391863766
0.126915963239917 0.00620845392919801 0.177854729218798 -0.0395223882402438
0.066846740852423 -0.0983453996467127 0.210853587159428 -0.112849142779884
-0.0160382084758071 -0.0923937645269364 0.19282552229968 -0.176223861827511
-0.0439409597810887 -0.0708620694623969 0.147110833351917 -0.194201519507893
-0.050268123834067 -0.0673770412942788 0.0792077988536229 -0.159068220664267
-0.0372552172656579 -0.074366508437334 0.0350212406064937 -0.128272262812575
0.00659476608000407 -0.0962570360966463 0.0264258115471682 -0.123126902054083
0.0969345485478896 -0.0851727215225252 0.0463580176918787 -0.106157992831576
0.134857734300682 0.0496635871413295 0.0198208912156473 -0.0950856116380465
-0.024710271638012 0.0791751058752397 -0.0483433592610433 -0.166420508397895
-0.0223282499532879 -0.0702362439311354 -0.0212770080474574 -0.377217336236054
0.116168618760275 -0.128362750924592 0.0467828937373822 -0.348262040595481
-0.0660645549192261 0.211755728319535 -0.116058274488445 0.314788919673589
0.0686749308825082 0.162292687897109 -9.41269811036385E-05 0.477375429038432
0.0787261576250845 0.0113729320401815 0.0949055253679513 0.17004354360267
-0.0368034167548816 -0.0176229563290258 -0.0571842045107128 0.0413442496603581
-0.0314362433429028 0.0647132200404299 -0.104629840697447 0.133708586190847
0.0416026307350086 0.0644819734388259 -0.0332604723602713 0.162805056282911
0.0727571927789569 0.0240104437552892 -0.0103343385709007 0.153669944999286
0.0854156211955606 0.0131784558918878 -0.0513453825932062 0.147910066703341
0.0754315902921929 0.00509720517467674 -0.111264455246389 0.196076175118048
0.0681519087074363 0.0165896461185781 -0.169991275864751 0.195207665322379
0.0159569085126792 0.0447705052705984 -0.20830464855405 0.148742418495227
-0.0327162272440415 -0.0241539042485307 -0.188645430278019 0.0622685859618241
0.0767159862105542 -0.0703019124652685 -0.149764887742575 0.0129247448461462
0.157744196537713 0.0689602843761101 -0.106994437465764 -0.0463128192958329
0.0493714373250619 0.21480796595817 0.121692070203083 0.103707552213913
-0.0246458605323657 0.256891598072865 -0.107516299236995 0.252791831936172
0.0711523218304554 0.237202389665831 -0.0223429170525925 0.498713831909029
0.121617636710489 0.0945952514540906 0.144181253774184 0.188044846805608
0.0641892148523224 0.0189801604862954 -0.0358889999546058 0.0195637542343188
0.0514711161873497 0.0399965542485346 -0.111389786666629 0.138229772698939
0.091463149990223 0.0171152791915504 -0.0192871353891334 0.180129835550694
0.0993729222180997 -0.0325245669897314 0.0226148078733686 0.156272871315643
0.10750345237782 -0.0476630345884371 -0.0172765418610219 0.128384132287347
0.0945781910446354 -0.0588349033813908 -0.0749384899177254 0.174134004440565
0.110674505529514 -0.0608833507152299 -0.13723310489273 0.191138414534266
0.102956017464883 -0.0162243630295898 -0.19293954139922 0.167772202365263
0.08299272273538 -0.0324623320552083 -0.211402755406803 0.0646382801667451
0.151110745628382 -0.0229896948881971 -0.164104019450595 -0.0152965725793049
0.198161147509637 0.119914667691019 -0.108403313559454 -0.0686086037779185
0.121476041761808 0.257853213097786 0.0976044643498148 0.0424624662534352
0.0436395354815218 0.267869558765496 -0.092826788728168 0.166121271041598
0.0985121397249445 0.262957555187541 -0.0157118662730994 0.486476015480847
0.16519911948228 0.149716253223339 0.210881716851535 0.200433183744505
0.171256531750633 0.0499265159588319 0.0211017894976788 0.00497772826369803
0.146205202095537 0.00160971108099041 -0.0764967148040849 0.129274169602306
0.138401238209942 -0.0454388422032736 0.018894792979202 0.170782810274283
0.112708881738812 -0.0898061242817809 0.0658980030884427 0.131067787738305
0.113646308845128 -0.0995016193228171 0.019339142086272 0.0864966301540463
0.0996381877458148 -0.109264317887888 -0.0408467771736119 0.125406508562112
0.134566308830443 -0.122392522932667 -0.104067718014411 0.155695393148444
0.168266409790172 -0.0735140776395908 -0.169515750286323 0.157029339716768
0.188146760791271 -0.0474532775007004 -0.22539316388645 0.0538613067081475
0.217175420447349 0.0242849054454876 -0.187476033594919 -0.0502005504295099
0.216795524244844 0.164013860550171 -0.124075101334627 -0.117516413819519
0.167468269419292 0.266888421634157 0.0647591591172244 -0.0441771913619252
0.116121791348843 0.235748967457367 -0.0909750866289108 0.0687627648818
0.134085997113045 0.233750085462711 0.0106637822018229 0.435653772702419
0.197270814838353 0.160383157363394 0.27125242195691 0.174991706055814
0.256318752856883 0.0547672354940692 0.086742270931763 -0.0120428803680655
0.223201503259717 -0.0508072137456746 -0.00790515071650819 0.102247723742121
0.165114359539521 -0.111572036317869 0.0770817710376948 0.129336764263078
0.107946722168492 -0.138149604916875 0.111340212764377 0.0768905128240633
0.101929761306853 -0.133815789569939 0.0518916076863198 0.0304265445865772
0.092327807760279 -0.136739949856029 -0.0106814273223751 0.0641709865363728
0.139178944650998 -0.155962780619049 -0.0724813381794228 0.0977348308893914
0.206634591309381 -0.111433975282281 -0.14066830236599 0.115381257987445
0.262890930948064 -0.0501839195875207 -0.222080545432778 0.0204871573930747
0.252121573403253 0.0733357285814037 -0.200073538973317 -0.0942350915637845
0.202653671755286 0.191304643385048 -0.137870476735296 -0.183142081378544
0.181435613426654 0.237833502602195 0.0338739212295035 -0.139928501418021
0.161484421023849 0.163101620839165 -0.107432616153938 -0.0235504350643845
0.134269762454701 0.164638954708124 0.0411106166934338 0.351952561310744
0.189302390438606 0.141296240338969 0.295547010437072 0.110742693879948
0.29309701455821 0.0398312171232502 0.134556801707456 -0.0334552195677181
0.254409076094511 -0.102166518794762 0.0733580243634495 0.0558987838128706
0.157014103514355 -0.162196056215361 0.140007500795103 0.0574868849054427
0.0839245093564636 -0.165139727492047 0.148911060127123 0.00123310534399508
0.074646311890263 -0.14790583004568 0.0763513071197966 -0.0295364571280666
0.0710546513217798 -0.143495881614669 0.0136053566890089 0.00247883273734681
0.125668271761874 -0.161501603529149 -0.0426044023074057 0.031865909530043
0.213249432625611 -0.122336754358793 -0.1036678775162 0.0529502327729081
0.292395823861022 -0.0284496350929077 -0.19078336846708 -0.0308819291884011
0.232522600569765 0.121219336252731 -0.185036693574824 -0.143068667677818
0.148480206148183 0.186832783135957 -0.132586781877481 -0.25326157814115
0.170661013923101 0.173401210530167 0.016377411734657 -0.230341581223369
0.157379423746313 0.0646940115442729 -0.133362798430466 -0.0944107238730834
0.0792461837305612 0.0880576284175152 0.0613006868589068 0.249033948465591
0.13651249053469 0.122487742068519 0.27271443409279 0.0384649300907972
0.276720944051896 0.0269707544660761 0.157013690501379 -0.0455923397101109
0.230302154990896 -0.131782503528139 0.145313132039415 -0.000736942182020843
0.115288481101573 -0.177949113301424 0.187700786803902 -0.0311089814421418
0.044911060762259 -0.163301446308803 0.169709058016142 -0.0814453711270139
0.0370386772495814 -0.140192397780319 0.0905054948892998 -0.0859319361400012
0.0401877372922334 -0.133297208872969 0.032335292623206 -0.0509771832501623
0.0955279851242091 -0.147410302840112 -0.0139001860453152 -0.0296312007989181
0.192433981104033 -0.113522584921582 -0.0567682813572764 -0.0130133072378483
0.274055219906241 0.0109371939419051 -0.129452938877503 -0.0799804257077567
0.159508652144954 0.152649261311484 -0.13888557140119 -0.179600992775586
0.0707403834373104 0.140696751830219 -0.100473762133284 -0.313785675758611
0.148085762754574 0.0814856379394209 0.0177913613979014 -0.30338072847688
0.106417864788859 -0.0388060375426231 -0.15326419222883 -0.137100691674435
-0.00781095444247443 0.0288615056691988 0.0642684254799491 0.150432801958141
0.0638110930637731 0.109474158298486 0.221658569498041 -0.00895044896490361
0.217810141893301 0.0154116751473927 0.168199980412474 -0.0441508578374709
0.161607329817228 -0.131551699415969 0.195458074843254 -0.0594405405369598
0.0513656341137009 -0.152807843060042 0.208593109375307 -0.116602088864232
-0.00170028247560395 -0.130039600208003 0.170014064169912 -0.153094297296703
-0.00760050252331951 -0.113119876981923 0.0931300572607929 -0.131955250417737
0.00243257374956832 -0.109994121954307 0.0400485512705446 -0.095900214428026
0.0546573529632568 -0.124286526635939 0.0111177845151312 -0.0824851741646739
0.151995305274753 -0.100085811287833 -0.00253725232189856 -0.0683017440410076
0.217195173897295 0.0437102628484776 -0.0489093428575234 -0.103231548339702
0.0614925665948124 0.142432228969512 -0.0800067221168136 -0.186218399964267
0.0035626044310818 0.0481292706188994 -0.0551164571674768 -0.355848833484716
0.130857807958759 -0.0259534186954269 0.0332521490071756 -0.348009649731041
0.027944327380001 -0.128701639208795 -0.159178297680729 -0.1479813920206
-0.0906476630520418 -0.0165267706540667 0.0552440014263003 0.081211864778994
-0.0083104781589306 0.088990384384201 0.174774582194494 -0.0184368894851778
0.129958782396894 0.00672725133176197 0.181546572734438 -0.0363592819679861
0.0687839231044297 -0.100446783435732 0.216530586585899 -0.110221926721054
-0.0162521835451288 -0.0939833916626362 0.199600640515599 -0.178375529231135
-0.0448489954873772 -0.0726085520957162 0.151251563269481 -0.198384336159263
-0.0511971274479396 -0.0687761722785537 0.0826662743321381 -0.160694284969059
-0.0369866772102854 -0.07606958756684 0.0363462236682913 -0.129793070270859
0.00804647294288045 -0.0985038919976497 0.0280977077144067 -0.125279150079439
0.0993365178634786 -0.08602616769632 0.0501533755898939 -0.10858186134175
0.137580510714859 0.0512673869335479 0.0228331784745466 -0.0960379524727554
-0.0261196527226997 0.0813279948780828 -0.0443821083424377 -0.168886898005879
-0.0225335568650034 -0.071819900889277 -0.0170528023137135 -0.384531619977434
0.121174900733513 -0.129063310504467 0.0538481711052558 -0.356211413586408
-0.0674806554797433 0.221289677960205 -0.120156141686017 0.329791093408055
0.0729215461372336 0.16846844551737 0.00442176222647088 0.495980517626898
0.0809180456980922 0.00925969099253263 0.0983055513640186 0.17315219016062
-0.0392743649666394 -0.0166851903472982 -0.0633953330426613 0.0436182617291943
-0.0320613724763981 0.0693880850371755 -0.108180366693846 0.142061911144657
0.045705829012741 0.0667486357083752 -0.0321681740819838 0.171139049987976
0.0761533639775746 0.0230184984472512 -0.00695486629975921 0.158513216762404
0.0900666826247264 0.0117856613933871 -0.0519394248755773 0.153147361064317
0.0791275232690866 0.00425010382597237 -0.113076231491937 0.205151529217836
0.0714477585132778 0.0159503186483994 -0.176063414435396 0.206635726629012
0.0191338801338595 0.0464738588450473 -0.215989905686151 0.1572781505723
-0.0340129357711717 -0.0235590923332313 -0.196323951034506 0.0653438194918343
0.0792191981215537 -0.0732248482336483 -0.156745932093791 0.0139769354501446
0.165555336027875 0.069770180872847 -0.113077676206082 -0.0459660022892877
0.052754972928041 0.224988811600753 0.129102515522787 0.10571047884835
-0.0234624603550001 0.267977218819991 -0.110875265730906 0.263996447643556
0.0762125048958424 0.247076780316618 -0.0184991646247368 0.51747525708947
0.126208797437042 0.0966061080363832 0.148486290716082 0.19293664755293
0.0664716741193725 0.020148581913571 -0.041263551014431 0.0203909014216206
0.0540777949882531 0.0424282728863556 -0.114559247987544 0.147793263623426
0.0964522345249006 0.0159981032097108 -0.0169165816692859 0.188534297991356
0.102692717914878 -0.0355788224959704 0.0275954175895676 0.160217756530752
0.111809349137364 -0.0530142852200649 -0.0167265679957085 0.132279538184478
0.098672816089021 -0.0631813188078909 -0.0756286038458354 0.181583982663642
0.114743128252541 -0.0656398046654357 -0.142386986353434 0.201984438984427
0.108881626031957 -0.0184402170904487 -0.198888422224166 0.177491128558807
0.0868407159692379 -0.0344752411294442 -0.219998105225536 0.0690495782430251
0.157844447741094 -0.0245046726882844 -0.17255421318854 -0.0154025206720715
0.20712660853703 0.123373559800246 -0.1141132104682 -0.0684278855248798
0.128083463959622 0.269356258620037 0.102883888584157 0.0414475375645277
0.0468443181162603 0.277493498931781 -0.0963718553967868 0.173863430993652
0.10567669144698 0.27473751929561 -0.0138398667014033 0.507862271806463
0.170410096837653 0.154317417711903 0.217797243298838 0.204995891987893
0.178152524358239 0.0504446183610269 0.01720013917563 0.00565107534368572
0.152972294114499 0.000514483883308387 -0.078338783519365 0.139054995203508
0.143629258057248 -0.0491813033510904 0.0227054723123733 0.179467338474121
0.116283395444081 -0.0954542324660235 0.0715020518535187 0.133314958491118
0.11698993385937 -0.107050346292203 0.0201457571830273 0.0886037546275972
0.103757242963753 -0.114931430504855 -0.0405804204864616 0.130214253880022
0.138717150573292 -0.129325096988236 -0.106418488721249 0.164025071129912
0.176676530159685 -0.0796061502768394 -0.174473628455786 0.164696508325904
0.19663359354966 -0.0515734938242196 -0.234762042328988 0.0585354045912423
0.228115575377863 0.0243664699670403 -0.197888108295395 -0.0512373386907017
0.22875516057815 0.16983099231146 -0.13032825167029 -0.120171225988817
0.175716824492666 0.277258180587232 0.0675228446865662 -0.0476996065584762
0.121887011065025 0.244012007609892 -0.0938154299841242 0.0716620902785524
0.142768948344482 0.245207880860738 0.0128035255465896 0.453744066370454
0.204959758679024 0.165344066751133 0.280815372401688 0.179263601674031
0.268294690303466 0.0545053051401361 0.0858271568718819 -0.012638190417027
0.233470934585291 -0.0555948539564016 -0.00612180511528298 0.110512562973001
0.170692646166426 -0.118523484861188 0.0832617274051486 0.134581923437959
0.110892384778769 -0.145261181390467 0.11720389436378 0.0766450741818238
0.104395710527332 -0.142599430241342 0.053890451259446 0.0311508186522693
0.0947451520940902 -0.143966625986174 -0.010701383961383 0.0661687245664811
0.143193894789569 -0.164667624429968 -0.0739735692842472 0.102637546220442
0.215946323178543 -0.119486297846917 -0.14444556798601 0.120504581288421
0.275140443972603 -0.057266425491559 -0.23133310596486 0.0249850966883069
0.264403043730912 0.0748254146626398 -0.210781498893527 -0.096798201063323
0.21312892115827 0.198789890437055 -0.145405369176097 -0.188770074874141
0.189667889556487 0.246765949930094 0.0338609303103293 -0.146476584326166
0.168596961481428 0.168304741602515 -0.112556970989617 -0.0237516618329885
0.142614929945996 0.172271059146643 0.0446847507787246 0.366300099290034
0.197024558616365 0.146493530642563 0.305800404088766 0.112128930098129
0.306327077819907 0.0389273826975377 0.135777291559828 -0.0345699795559881
0.265207619601905 -0.110452003720478 0.0780223103180621 0.0613419495634257
0.161515155040865 -0.170821138888443 0.147689710933385 0.0583026641952853
0.0852744163545974 -0.173224900758129 0.154630389497561 -0.00270987387209418
0.0761087917781223 -0.155433244401066 0.0783513788362072 -0.0317067357574926
0.0734442649380785 -0.151252413575129 0.0142396991431435 0.00208890810981037
0.128736551167138 -0.169412357839386 -0.043870490186729 0.0343609858792371
0.222387672943351 -0.130535356755297 -0.106110331827222 0.0548400799746566
0.304843016456974 -0.0340316216671124 -0.198970786035456 -0.028565700226439
0.244374537524695 0.12545770774034 -0.194507994742638 -0.147874728710111
0.156579058970066 0.195731467920382 -0.139714388799033 -0.262709760299395
0.177354836070403 0.179590534460981 0.0147443319094183 -0.240821107696647
0.163820294231939 0.0653191677104835 -0.139738501459931 -0.0971034147742032
0.0846108477783794 0.0933150541179156 0.064530011577537 0.258510774446875
0.142723917958149 0.127569542175292 0.281728158578595 0.0375965100957862
0.289316119115298 0.0246314695833069 0.160367040316771 -0.0474509475240247
0.23905907614149 -0.140888776602753 0.152071167754915 0.00184070354717137
0.1175692263497 -0.187104396233861 0.197159166373342 -0.0351712191716339
0.0435151463521527 -0.170447860738768 0.174978755320929 -0.088283115519694
0.0369096288990515 -0.146708947588121 0.0927392176805927 -0.0898744054969278
0.0406628503982722 -0.139422322883372 0.0325067598440406 -0.0539811015629617
0.0977603151259135 -0.153926611168835 -0.0145269478445915 -0.0307649518079707
0.199309424737283 -0.121257275019655 -0.0573774939770698 -0.0142335620144347
0.285751960391085 0.00650151922638698 -0.134483541636614 -0.0802955352171437
0.168764016813008 0.159102970712693 -0.144876480674029 -0.185800394888608
0.0747644346549158 0.147947648390864 -0.107043810646803 -0.326131490569721
0.153182347336736 0.0831956929672587 0.0157889046682102 -0.316976677909405
0.109937077624503 -0.0415008180181662 -0.160958668897624 -0.141555725395393
-0.006600919924987 0.0312038324459383 0.0676700473686989 0.15551192260782
0.0679691691446487 0.114388091314533 0.228527107301986 -0.0121573294398697
0.228387834768121 0.0128830801220322 0.172781018776402 -0.0460214984601664
0.166727221205405 -0.140006878989013 0.203692230559607 -0.0603847101222793
0.0510965291234598 -0.159790942697519 0.216327235703588 -0.12466767513101
-0.00323802078473091 -0.135220010881388 0.173672266207377 -0.163255046742897
-0.00931117874083511 -0.117413901045621 0.0950412722330356 -0.137485181303611
0.000907871896276846 -0.115014948112549 0.0407150234096101 -0.0995728968463278
0.0548378341370715 -0.130581290187717 0.010185388351047 -0.0858809246258633
0.156662563241675 -0.106210716934592 -0.00196275910202395 -0.0723629649966139
0.227599314158079 0.0412315376301495 -0.0508048837726444 -0.105208474534936
0.0658210370984132 0.148364002414149 -0.0835986660979315 -0.192555727592994
0.0037529071013876 0.0517979403365561 -0.0599205023677086 -0.370217725519987
0.135186372596459 -0.028789337385087 0.0315315621951313 -0.362867063406652
0.0275574182000166 -0.134483090152705 -0.167301075791942 -0.152899626477424
-0.0937399824954221 -0.0153519095740866 0.0574887828891352 0.0833774688608695
-0.0063625999476149 0.0940828888654529 0.180809086923319 -0.0219794475265817
0.135602644990835 0.00451741826009438 0.188172589140277 -0.0387741538045845
0.0701798401107626 -0.10670179544812 0.225379975044965 -0.114889569442239
-0.0186782314709922 -0.0970344828548076 0.205619745536508 -0.188796129921061
-0.0483754022805793 -0.0736499051605143 0.152563251014878 -0.209551825420476
-0.0544439361840893 -0.0697829503205781 0.0839067854635228 -0.166935289306749
-0.0403925842367661 -0.0784449249378727 0.0360874708831209 -0.134631763792864
0.00682417344639513 -0.102321703001057 0.0277000680134987 -0.130876810449223
0.101023903419017 -0.0914074241058278 0.0529106713178682 -0.114519146359138
0.145270016182384 0.0506986807027942 0.02529393796278 -0.0986993847945108
-0.026556576856642 0.0861965828806249 -0.0450070445110192 -0.173959781148852
-0.0249388542210314 -0.0732413914588194 -0.0198684238582787 -0.401591731933611
0.125043704574255 -0.136425048942148 0.0528236013901797 -0.371896009919475
-0.0607491813789472 0.233568418467951 -0.112112670723702 0.348486372849798
0.0834044088192611 0.171187512648267 0.0231207190326127 0.514509394128756
0.0832996502200473 0.00465349402293837 0.104972710709812 0.17348133168169
-0.042137805613099 -0.0145532064728595 -0.0677680808543367 0.0479319356521067
-0.0298043406992629 0.0762830725954209 -0.106749992769774 0.153403531726387
0.0517737388365167 0.0670724832318227 -0.0253377598857428 0.179817584799816
0.0814053392039461 0.0200372288435532 0.00182555424649608 0.162967247414929
0.0946673641969419 0.00635916355424737 -0.0470455997554558 0.158668627370197
0.0834412199064862 0.000174273727012586 -0.10746260998614 0.217135652023928
0.0752082784401069 0.0123150521730676 -0.175006425994914 0.223063961813396
0.0244076272113027 0.0484777580577024 -0.217746056456869 0.17287661758017
-0.0361723687635826 -0.0212081152327374 -0.20157821446356 0.0748714026665686
0.0793661012570984 -0.0791650234166015 -0.163203541136362 0.02016691792888
0.174461835802464 0.0647011976435955 -0.120118875301469 -0.0416094849246911
0.0640559894597217 0.232671840540444 0.138859316793397 0.101866422274896
-0.0135102848742652 0.279506381373017 -0.104606173516477 0.279272357732456
0.090061059239529 0.253822380172773 -0.000407072952111646 0.538901754736031
0.133163110276573 0.0942683229071914 0.158950883013812 0.191644179707643
0.0690484297229396 0.0184749392195619 -0.0467061542798646 0.0234573055810064
0.0586650920432561 0.0434682395640736 -0.113503595120667 0.160630815412538
0.102071284212247 0.0117965223889622 -0.00826788657213305 0.197193558528263
0.105432028215345 -0.0422588986279002 0.0374935686256709 0.162941507356812
0.114052059509852 -0.0618667912800729 -0.012222282816571 0.135680275981471
0.100887776857241 -0.0698854634349799 -0.0705586751717509 0.190946085272963
0.116143709642143 -0.0739432952964418 -0.138487588063182 0.217719327695169
0.114553135192323 -0.0238341413430654 -0.198605218240442 0.192056234654775
0.0889174799696357 -0.0393638566362858 -0.226283049881262 0.0805085935873231
0.162909276550043 -0.0312206559400309 -0.180718815495952 -0.00985596628084503
0.220636850047595 0.119430331169451 -0.121007117342761 -0.0644517286076479
0.144453455681292 0.275264611075168 0.1086702316958 0.0372117615299945
0.0595735180137229 0.286506398261736 -0.0941304411339636 0.184638844539135
0.121654997713888 0.282323541509702 0.00591398271796318 0.527046816997471
0.181191113120503 0.153317418712741 0.231958938995695 0.203488947736449
0.187732859326321 0.0440630027921472 0.0141041545041127 0.00586025030267489
0.159407375164169 -0.00506555900605327 -0.0746755188993249 0.1508664987415
0.148419981677614 -0.0583575570436617 0.033645000852909 0.185946250464066
0.116748416912165 -0.104294159234591 0.0817076316251777 0.13241268994496
0.116219584096445 -0.117507015415872 0.0242272123004924 0.0899945495259711
0.10365146279911 -0.124986108306963 -0.0368298635734383 0.13668796327069
0.138061621017835 -0.140598754623503 -0.103188601533583 0.174846257851685
0.18273636082815 -0.0912791022115383 -0.172742694968593 0.177194899083738
0.203587037303064 -0.0636546204262847 -0.241923407169312 0.0712362801925348
0.239301875321498 0.0169050889371112 -0.208454668519896 -0.0456731530405393
0.244018593474166 0.167125288537825 -0.139335170077607 -0.118363583402894
0.193362803749508 0.282553151467437 0.0676251590790323 -0.0537795622295808
0.134842093887692 0.247199608822738 -0.0964407296382557 0.0782884607567087
0.158905783123146 0.250181664775866 0.031583526326813 0.470195304369206
0.217404275283248 0.163815597321691 0.2946856024341 0.173766031442073
0.28054264432519 0.0448084684158144 0.0838991195889365 -0.0154005803199205
0.241722726886898 -0.0679601284139907 -0.00197292141352001 0.119177834862416
0.17209107408039 -0.131757852406311 0.0939767581941209 0.136739769689769
0.108090371814574 -0.156308815447625 0.124499702393144 0.0714287232705423
0.103164734547807 -0.1544519048655 0.0554865941844038 0.0284410801159891
0.0938364141357092 -0.153220350179085 -0.00778951162190643 0.0677295619750647
0.141695205990097 -0.177223223099869 -0.0717779063538543 0.110397871983397
0.220623016978465 -0.135275915934402 -0.142750983234725 0.130391853880273
0.284196487736973 -0.0720295453353512 -0.239481239016516 0.036202536423256
0.278829822650783 0.0676270228958599 -0.223482777273366 -0.0918672025899298
0.229524085727405 0.198556959502052 -0.157815191696012 -0.188937682653142
0.205979953472646 0.24887442380493 0.0288811349675058 -0.154663129134888
0.181052382888002 0.166609903058625 -0.118548568764174 -0.0200483033814216
0.156476659781583 0.174675870515166 0.060214922730728 0.378236000941133
0.209217110264828 0.145038650708559 0.319433101783469 0.10426982316095
0.322336348203008 0.0265580622064152 0.13558534802234 -0.0397803821583232
0.271977576265481 -0.127029316919252 0.0856239456048411 0.0649877521392438
0.160454858970765 -0.186225700891667 0.157926057364896 0.0544146780271969
0.0800506166305165 -0.18275576249077 0.159929239474325 -0.0122373484273473
0.0723080541032574 -0.16604126813866 0.0792050826227235 -0.036313280183295
0.0705065094187467 -0.159519044992707 0.0151255392419594 0.00119086878602521
0.126157260632166 -0.182168606709693 -0.0436985389161022 0.0374709923458607
0.22562007463479 -0.147283538713162 -0.105980952177035 0.0600566029566426
0.31663541687264 -0.0510733128200883 -0.206943909795287 -0.0195372545667715
0.260470776745311 0.121189472616833 -0.207899687502509 -0.145184844810692
0.171482374771995 0.198895322153456 -0.156382521216797 -0.266465323733527
0.18950876342326 0.179248417732484 0.00444822810889654 -0.251121379302032
0.171830711408001 0.0606559192174336 -0.149405838194075 -0.0964782129397762
0.0930942998297311 0.0945547644134921 0.0776852577382216 0.26645699415693
0.15300317034369 0.128039877381339 0.291335814779588 0.0266073106799122
0.302346764837198 0.0107633589606637 0.16223778328858 -0.0548679428915991
0.242735774077 -0.158473860871137 0.160232588749994 -0.000524787767715826
0.11329261977519 -0.19955262958695 0.204266725293748 -0.0456089196012643
0.0380326514988424 -0.178103081035539 0.17583174627156 -0.101409785659623
0.0318979299471114 -0.154768607126479 0.092064919102345 -0.0964524488013278
0.0361683361839515 -0.146476319113069 0.0313687702555982 -0.0573161771472667
0.0938518084638605 -0.163691186749237 -0.0168280301738483 -0.0315835551542068
0.201684511491367 -0.136506781254635 -0.0592983333450153 -0.0134378297807198
0.297741178112581 -0.0080878150447391 -0.142349072862844 -0.0756620732172224
0.182276021170894 0.158804585329863 -0.157194410159763 -0.186252087639996
0.0833715354851546 0.152505910803511 -0.124778743811118 -0.333023325642555
0.161911070152871 0.0802155864409048 0.00338137878517731 -0.329546753718047
0.111134242758154 -0.0492582499655078 -0.173424346037555 -0.139829972708381
-0.00470816830466842 0.0341685079337655 0.0758887830481568 0.157712221481447
0.076329552757378 0.117394390963127 0.234633497356838 -0.0224221971564602
0.238882570674646 0.00206463446547602 0.175254433091081 -0.0533648560736921
0.167582505587202 -0.155227422476857 0.211333317169707 -0.0686176226123249
0.0451186805312557 -0.16754200241988 0.220294838845729 -0.139380122766665
-0.0107315900102171 -0.13947751291413 0.170885800011241 -0.178432401556355
-0.0151658842126799 -0.120794779662994 0.0928070337554844 -0.146267580084908
-0.00449053768735248 -0.119035705482059 0.0375274179172673 -0.103685901597944
0.0507439623703929 -0.137559732522665 0.00721843779043738 -0.0901322963273582
0.15637248421822 -0.117919504296863 -0.00363777342990821 -0.0763597924030513
0.239962732861218 0.0305398159194201 -0.0559210622808031 -0.105662473565127
0.0751385773127747 0.153268305198771 -0.0927083949828204 -0.195295824404988
0.00537818242272551 0.0555435834163064 -0.0773910753770739 -0.381757333408104
0.137936927720055 -0.0364652568706533 0.0186405691169706 -0.378583558617776
0.0224040963571108 -0.141460573447845 -0.180241629632243 -0.1518442990716
-0.0969126418423266 -0.0116014621916223 0.062646727063373 0.0831272902053697
-0.00215614547914391 0.0990852258207981 0.18570781593331 -0.0316129250952942
0.140854756874532 -0.00303110921439962 0.192743746846808 -0.0476913019791255
0.0676082424062846 -0.115850928132345 0.229793091117924 -0.127037551004978
-0.0252606492834346 -0.098570228409906 0.205162460212219 -0.206291522711488
-0.0544567369524639 -0.0733104449927965 0.147536014587727 -0.224327531416804
-0.0602068421061754 -0.0689265806812522 0.0800881803195506 -0.176025176283763
-0.0463456974838144 -0.0788338367129791 0.0303577952198401 -0.139652769378264
0.00220220376796874 -0.106225901682817 0.0220645119896388 -0.138191535161534
0.099591920977815 -0.101053374174408 0.0507544807492448 -0.122030290220763
0.15412017216242 0.0444265993074608 0.0250216827340426 -0.102199083622679
-0.0239226760889167 0.0923819304423068 -0.0510118841312171 -0.176774423208943
-0.0297544066227749 -0.0740925198079462 -0.0369390420760367 -0.417201275448387
0.123252631070972 -0.147233335665196 0.0394945195647605 -0.388415479080302
-0.156383814835666 0.185751265330491 -0.256438860683121 0.273534583497424
0.00524445738572765 0.188161344989547 -0.207205015763812 0.475880126317323
0.0743959573826108 0.0375126194085955 0.0146968266092647 0.198243502867435
-0.0318823214514122 -0.0304550395720253 -0.087661662939054 0.0139121052863398
-0.057886482247889 0.057834831075259 -0.162169301841949 0.0952120090050678
0.021456545262271 0.0835528469767049 -0.102156115074385 0.151824563162537
0.0670118389182676 0.0550177978506321 -0.0685819073164896 0.146418271958458
0.0866508699604034 0.0480863921548244 -0.110892352273478 0.121770958949215
0.0771523915689393 0.0380098929016897 -0.190925472591476 0.151186287724607
0.0645326125144581 0.0452616008038667 -0.255853018155847 0.130008788838859
0.00354943574227838 0.0574339890600014 -0.275719543225172 0.0635685756586563
-0.0261141666206551 -0.0312694618030435 -0.216085924100584 -0.0254431669524252
0.106371405554018 -0.0368320397994797 -0.156462752719362 -0.0557877411397139
0.129560500456621 0.134310125188632 -0.0961155573626904 -0.0887666726200466
-0.0437182925863947 0.243574841402993 0.0760426211916321 0.155474505868244
-0.135110332969682 0.247867356226959 -0.216589813363265 0.210823515600057
-0.0247781929792096 0.266987252517583 -0.239906224592585 0.487852400278468
0.0785994199285539 0.140854412899003 0.0571079327310465 0.23677481618426
0.0555491298497224 0.0477276643407574 -0.0566415093472683 -0.00187711980190497
0.0365268684177197 0.0669766596350528 -0.173197648925662 0.0952417531188171
0.0901488893058375 0.0559210820133413 -0.0956792415311327 0.175071010276642
0.116298472546862 0.00812133881052133 -0.0360022043839794 0.162540435351437
0.134797251937808 -0.00590704881110862 -0.0703634460049279 0.115065147668724
0.124147889321131 -0.0198162031374483 -0.1453592600133 0.142563039947961
0.139634055157956 -0.0164050235919066 -0.218833148123242 0.139462313915484
0.118699828627399 0.0287664033367535 -0.262148563771527 0.0912326275095546
0.0961686190226117 0.0072169674751063 -0.239435764344741 -0.0280300638133374
0.161354021041976 0.045310670372684 -0.161006074602982 -0.0896429712202957
0.148064216039285 0.206005079753722 -0.087132044579755 -0.110883030172884
0.0110060707981854 0.316845975385943 0.0773007184917496 0.0827047311766059
-0.0724994813621074 0.287908408973983 -0.162531158139015 0.124576051111471
-0.00868407682034494 0.306829736186719 -0.229491998950411 0.477336498817331
0.0959276098409853 0.217692676656632 0.119196373063433 0.278645667417249
0.150589997956162 0.122369200323235 0.00639143593781633 0.00500949730381283
0.151061155549571 0.066607118760501 -0.13607615203892 0.0999035893998436
0.163646835216536 0.0122013833747767 -0.0545419297766715 0.181187241045354
0.154512059863866 -0.04450874246223 0.0158472224817692 0.152597809575759
0.162236554213225 -0.058294649158244 -0.0170085667847251 0.0881984573896856
0.150398487972356 -0.0679978179034854 -0.0914391248654397 0.106537896045438
0.188533384222834 -0.0702993068402535 -0.167031912348488 0.117261058517614
0.210672302954034 -0.0043773485224684 -0.22922967683626 0.088878198732265
0.209854760533718 0.0336082351524449 -0.246171207728496 -0.0392172894346485
0.209030203193559 0.122810797383219 -0.168687994564756 -0.1316599474719
0.147833717824844 0.261306133565939 -0.0806331201936448 -0.16864028719947
0.0510075301380873 0.344228442815656 0.0823186608043494 -0.0193763592619428
0.0138061433634188 0.286873033743559 -0.118250159298617 0.0235994293594009
0.0400294127521949 0.294793668158049 -0.181374488375472 0.438112785936154
0.122861233321062 0.243949996558187 0.189066115484381 0.280068864040179
0.235232375595235 0.163450828849654 0.0807245148993904 0.014104398706586
0.253448185373848 0.0446399186351358 -0.0563945990215929 0.100596551914866
0.217175829828656 -0.0463186390597319 0.0204884357254035 0.163525480223012
0.168893813612462 -0.096271815534326 0.0809143859763174 0.117008122502598
0.164090429853984 -0.0973769503210768 0.0376358839748696 0.0481924169580716
0.153539747797863 -0.0998093380386979 -0.0352242424803051 0.0583235133744764
0.206803626043482 -0.101866634378776 -0.109823958172213 0.0715744614998808
0.263565448217467 -0.0288340307342505 -0.180166715375172 0.0594375843431108
0.28640745631788 0.059134141847051 -0.225088198357412 -0.0675366414394207
0.221895048587525 0.186901821691985 -0.162412260818362 -0.179777681943747
0.120216511398621 0.282737420503216 -0.0650192339851607 -0.243579250868063
0.0765995156233348 0.319336334677174 0.0950985380787447 -0.129082413481014
0.091764778214616 0.234578428892416 -0.0970682216919947 -0.0783288517969384
0.070436868051978 0.226038354572947 -0.115354144516132 0.367413207692747
0.12463333342708 0.224562798602845 0.241267445508817 0.226854414710204
0.280788941233119 0.163605641844405 0.138417345268851 0.0131213907259989
0.306222820167201 0.00315298552492592 0.0451967343768434 0.087301360606303
0.228666931029658 -0.101424284791408 0.114270646681368 0.117347510769773
0.155232596602515 -0.133592054885539 0.148176755257024 0.0566300250805136
0.141390213921777 -0.122591628646124 0.0872170573678754 -0.000824466690973013
0.135154227773836 -0.115921946611528 0.0142582263088904 0.0076209852121476
0.19372994316624 -0.113245414103956 -0.051599989520157 0.0168302059835389
0.272770611663464 -0.0384795133426609 -0.113938957551707 0.0125372919575725
0.30652909522859 0.0910571915429526 -0.17108534994853 -0.101852296210018
0.181947706699303 0.22772024442927 -0.125372817669319 -0.219509119914914
0.0659820870992029 0.254109058300646 -0.0264844527663827 -0.314904658839921
0.0927513981480898 0.245809369526799 0.120880278419035 -0.227411188548663
0.131211946667933 0.134010519643338 -0.0934547501354259 -0.161159420827272
0.0455221368481507 0.125129774830648 -0.0494640222596813 0.275786616491851
0.0804030486207786 0.184622856507014 0.251610222307626 0.147635859748666
0.270760275965276 0.141437146136849 0.169588281900635 0.0131103181987277
0.292684584050979 -0.0400110158797124 0.140891535044178 0.061577589792904
0.191744836339871 -0.134893068188055 0.201637319936666 0.0481720168273126
0.112879004613376 -0.148282766436948 0.201502768113195 -0.0168771419353088
0.0978672948721891 -0.130279394545943 0.124533750014477 -0.0494639849951256
0.0977642668645893 -0.118909667326279 0.0533446987937733 -0.0381390881238878
0.156721248666673 -0.110811955111791 0.00177264928759211 -0.0352546654494026
0.244733293252785 -0.0393733761545381 -0.0392440513915342 -0.0348229559325206
0.271914302058084 0.120653184187835 -0.0879702114281501 -0.123040013010086
0.0936817277741016 0.226884131966634 -0.0610033883856475 -0.234869663138118
0.00719167069208754 0.173927637843586 0.0366894750137934 -0.364773613599763
0.110329693151037 0.14214488902825 0.158025170529141 -0.298876187284479
0.12260859119989 0.0071826071915394 -0.0982981787829393 -0.211121476824618
-0.0188697604514648 0.0271778012276163 -0.000470555032238027 0.177680621026293
0.0144935795272543 0.141436082884475 0.223088395690305 0.0794789874121549
0.21472463506481 0.104143521412449 0.182751976670073 0.0219520093521789
0.220524716370877 -0.0716027375927256 0.217653730169323 0.025398313193787
0.11254875638668 -0.135648959264144 0.259334764919899 -0.0299702567356442
0.0507529898463294 -0.13394985420158 0.232887991849741 -0.088519535314622
0.0397767268551902 -0.12021687471721 0.146594512130688 -0.0930862407426503
0.0470388770185097 -0.110370721786055 0.0799026444746062 -0.0784119156538664
0.10401988417559 -0.104887042216784 0.0471774212886515 -0.0795731421548281
0.194741641054257 -0.0430087861693847 0.0370558692603708 -0.068787504681521
0.203321955751106 0.128469783410597 0.00201453535121641 -0.11175022166711
-0.00124513378283291 0.172498586942064 0.00304583129007085 -0.215015534450721
-0.0202871550892051 0.0480015487634074 0.10490109917219 -0.387834767226607
0.139961696197156 0.0260176307267121 0.197242020786512 -0.334285468988728
0.0835380380662623 -0.11826797407755 -0.102409382441343 -0.222425379451387
-0.0852126026063483 -0.0544015123677375 0.0231840943409105 0.104891441109113
-0.0486286298026898 0.0902470606232893 0.184496531413697 0.0507889329927178
0.1276474469693 0.0568193117567402 0.197999540794052 0.0382328804537911
0.109828986344412 -0.0797122161051951 0.260335677076393 -0.0159132981366666
0.0176288039584813 -0.103582151457425 0.277870968294616 -0.0959221248245671
-0.0178661581414813 -0.093153520724933 0.231287410182265 -0.139255077979572
-0.0264246288664221 -0.0900601073528031 0.147829644840556 -0.123361866781677
-0.0089700847444257 -0.0929803010189747 0.0867816620805775 -0.112516877323005
0.046591031292789 -0.0980384122346043 0.0800760910602501 -0.11684166961574
0.134621207247394 -0.0511108274462797 0.106831892668766 -0.0888510314252432
0.122492737148873 0.104243756379207 0.0729617460424103 -0.074272817326064
-0.0645436361477259 0.0726095420121438 0.0326587271955865 -0.182157796551715
0.00354333544529094 -0.0867336265098689 0.160498109505344 -0.398894400858996
0.175710043719095 -0.0819296214223783 0.224725906570806 -0.332467831676278
-0.144450584269941 0.193902512627902 -0.239848441932631 0.285347780658417
0.0163691636456605 0.185224438838627 -0.179881873936875 0.481874394590707
0.075398723679992 0.0321223642794701 0.0224633486029943 0.192775183480987
-0.0338204973973103 -0.0280915641380747 -0.0902253619679742 0.0184706904592553
-0.0543252917286991 0.0630712052830733 -0.157684171671461 0.104600681462507
0.0272992669250923 0.0809977250466002 -0.0921092056799372 0.157761075633037
0.0702712704596417 0.0498282548422039 -0.0576252388519562 0.147141048717848
0.0894608754243074 0.0410784027794891 -0.103863933209716 0.123509725013149
0.0801009589224465 0.0333783989401416 -0.181225459808644 0.159261184711603
0.0670797797018407 0.0402484743779894 -0.247148299603097 0.144492883836627
0.00849373946899322 0.0579277513961773 -0.269258833169915 0.0785195618606937
-0.0274574543118262 -0.026617212008146 -0.216880424072315 -0.015062572508201
0.103415802317009 -0.0417490806398825 -0.159515455953786 -0.0477948292399871
0.136294228341252 0.126082941601291 -0.101001581095954 -0.0821273373702412
-0.0296022024099902 0.24590351471109 0.0849313420745209 0.147107959610113
-0.120394647230886 0.252835217757863 -0.204692742290468 0.220200547590881
-0.00929908036312769 0.267078848339091 -0.210959240146539 0.494649279837048
0.0842624978560957 0.134756662778396 0.0651522459861005 0.229514732454493
0.0562781719798453 0.0432856975786842 -0.0611526415430359 -0.00103952221318181
0.0411271160939686 0.06571750744401 -0.168677211301136 0.106518423357463
0.093950480132757 0.050069807887263 -0.0832644866426629 0.180018278426645
0.116423858305578 0.000884448757498355 -0.0248808739867448 0.160437254074084
0.133708584133468 -0.0157424370828834 -0.0625799258072308 0.115637951106265
0.123329591809739 -0.0267298228653401 -0.135765526806926 0.148082055274585
0.137281201361603 -0.0249738642258514 -0.208126522791373 0.152040937331561
0.121580153866979 0.0220836506548536 -0.25504336387197 0.104495554878662
0.0960316914992402 0.00289663340015233 -0.239738652163778 -0.014451621101581
0.163935037539797 0.0370948164628354 -0.165660168695838 -0.0803774338027552
0.158071195407337 0.196899446614696 -0.0935359909656827 -0.104742014587978
0.0269547949265745 0.315739934932142 0.0824451674344033 0.0751513737645316
-0.0571990422550932 0.288070102126767 -0.15636738396519 0.132103994235728
0.00898187874613144 0.305834142914229 -0.201997768810639 0.487005801974635
0.104317320539777 0.209627493615745 0.130173823263829 0.267005681241716
0.154959597989312 0.112346531446899 0.00216009312628584 0.00346436896488526
0.154122634285605 0.0585821201456241 -0.130253255256561 0.108774773368581
0.163107543589132 0.00213698982974437 -0.0422871412592206 0.185289087817877
0.149386082810917 -0.053205697306542 0.0253606480199562 0.14909076752778
0.156772325705866 -0.0680377510837006 -0.0120508264932003 0.0866074491977296
0.147639229043123 -0.076250258382894 -0.0846301777611327 0.110106765717807
0.183060805919891 -0.0796558206939457 -0.1574935803797 0.125913988912543
0.210263053581861 -0.0168305818630548 -0.221400592720545 0.101809178669011
0.211228265231792 0.0217311434481171 -0.246730505819298 -0.0248982330334834
0.214980875353371 0.111651833077165 -0.176336906622231 -0.122320979840828
0.160251776027156 0.251666453981166 -0.0902044829109955 -0.160793459305225
0.0693853638335298 0.339570052904495 0.0809745276291871 -0.0251529899971435
0.0274984799783566 0.282511952198843 -0.117108242515664 0.0300215748516201
0.0556547930689659 0.291758586797661 -0.157051757528441 0.442511169366801
0.133286142897146 0.236257646218482 0.199626317821673 0.265079499567392
0.242831749338507 0.147880369408708 0.0750341680505741 0.00951658831409083
0.25401058531318 0.0298807652338141 -0.0514690183077968 0.105592393286835
0.212238385082436 -0.0581618081196414 0.0319134969109212 0.162895914034211
0.161619587474557 -0.104285643479401 0.0880090571047172 0.10863489072352
0.156603832736908 -0.107181693055524 0.0389673304107545 0.0444345663326578
0.147559412616159 -0.108584033809961 -0.0326285638824911 0.0581480361725462
0.198999476618832 -0.112986671688265 -0.104020294130486 0.0771660876848621
0.261812888428504 -0.04533292574369 -0.172825518285636 0.0687346605826347
0.28782848469523 0.0419283385500749 -0.227559085289709 -0.0531935492012536
0.232327503844077 0.175169954506093 -0.171560634904441 -0.168782040324205
0.134095205516849 0.274759121228544 -0.0768383525467232 -0.236224715291994
0.0922396597983382 0.312332321723702 0.0879737787700146 -0.133696745065214
0.10177367778093 0.225797319975104 -0.101013497141117 -0.0727224317455005
0.0822506910329043 0.222001704164654 -0.0960211527543728 0.370727310534097
0.132704233916976 0.216621523909649 0.248579354746186 0.211457850930757
0.287684333194526 0.145242635645343 0.133355288882666 0.00683242730819985
0.304979222443048 -0.0165824749864118 0.0489208475645794 0.0885479442959918
0.220954752111458 -0.112500467279673 0.122268683377842 0.111145149168889
0.145813191306403 -0.140378197846607 0.14994613964813 0.0453568932864343
0.132270620933691 -0.130179006963674 0.0860409017093546 -0.00534345666343739
0.127597170945356 -0.123313513985894 0.013696998405555 0.00627638394667914
0.185376171251355 -0.122522456548619 -0.049421490150223 0.0191056006995128
0.269457469765266 -0.055237527998032 -0.109883330836192 0.0181212342152335
0.310035229806522 0.0713704238705657 -0.174359523153145 -0.0901251085008045
0.19352950246481 0.216916763444615 -0.135984990781525 -0.210931900706414
0.0786566733687983 0.251025890011369 -0.0427543305578512 -0.309409058760231
0.103526782076244 0.239026338215712 0.10710554726992 -0.231542139764356
0.134607206045078 0.123687057289912 -0.103793123647316 -0.154991290688198
0.0525783686056929 0.122946959047297 -0.0352797477198332 0.275027668480857
0.0882822146932792 0.179927557910986 0.254876999341829 0.131081731236936
0.277769182269766 0.123831362635435 0.164750045509466 0.00421691028138431
0.289169752380508 -0.0583773200192368 0.144735017840007 0.0573336577243955
0.180544297332039 -0.144099812517143 0.20442510123796 0.0367900233566447
0.102539564871997 -0.152672858307052 0.198262509587036 -0.0297059108445388
0.0885368510331606 -0.134405051171423 0.120276711960334 -0.0551534652785242
0.0888933507327519 -0.123023494408605 0.0510032478279928 -0.0409634262685719
0.148685912610493 -0.118887968080871 -3.21184304694229E-05 -0.0346300748625817
0.240296153162336 -0.0553861486564856 -0.0375395556937562 -0.0328609240420762
0.277948558624541 0.101391732764645 -0.0923369209148947 -0.11524417362033
0.105813509571994 0.221442011086178 -0.0712142261743241 -0.228796549019715
0.0148923586050945 0.172865987510156 0.016792683350466 -0.362129904192154
0.114915771727134 0.134254287786654 0.140671564694921 -0.304886948633873
0.121578342013735 -0.000429352112190685 -0.10989769851355 -0.203745931496651
-0.0176669519055628 0.0286798329802034 0.00805770723207525 0.176406870353559
0.0222834756265734 0.140869659855792 0.223224142639206 0.0652733754649467
0.22090683166671 0.0899550530685169 0.180525994825811 0.0126385491589325
0.214466103223584 -0.0853972470344345 0.217666671635036 0.0154623871530596
0.103081436298251 -0.140660275808156 0.256744207634972 -0.0446972151591826
0.0416206214525894 -0.134293193431905 0.223453646913799 -0.101935904716174
0.0304213890144635 -0.119703009172671 0.140254984012059 -0.0985142315007792
0.0383285793853714 -0.112525994076689 0.0735110847556303 -0.0809558703559028
0.0970592113484695 -0.109293927897822 0.0415152210483402 -0.0807972741078489
0.189557265382396 -0.0554091435462235 0.0363158143822773 -0.0709667026527718
0.209464870675769 0.113866031117204 -0.00142417184085852 -0.109248641621302
0.00880908965546964 0.173281187982478 -0.00698097677880881 -0.211940803869814
-0.0193579431230306 0.0504587616878229 0.0821630075647753 -0.388594413615004
0.13899753886814 0.0166434901602811 0.177609116509773 -0.34260215575547
0.074491132751452 -0.12211270464531 -0.114599667583124 -0.214529427320465
-0.0878946600865399 -0.0489960643693686 0.0277153874812937 0.102767185346624
-0.0416687396062042 0.0929554585349944 0.18437221355374 0.0401997822370115
0.131488982833352 0.0478305706663185 0.197087445167171 0.0274151744525215
0.10298905142106 -0.086827085535669 0.259372773529541 -0.0281989245377525
0.0105050067319554 -0.102464647046584 0.269774230898577 -0.111369360467963
-0.0247546561841144 -0.0900666458522409 0.220165885345069 -0.152402690752219
-0.0324567236572386 -0.0868058109927529 0.139328423814385 -0.130568811459018
-0.0165127638244798 -0.0912907906388958 0.0793625758067688 -0.115813076322625
0.039847492646829 -0.0989003321188015 0.0714327637352261 -0.12024045352958
0.128576665840841 -0.0591779126468336 0.102149521768725 -0.094546788559129
0.12711690683384 0.0957235879286931 0.0697337378222264 -0.0759927676800189
-0.0599390971353039 0.0776293866285133 0.0254020863071897 -0.179258235140489
-0.00185462052638106 -0.0858490079043802 0.136848398852413 -0.404499411357999
0.169250554927956 -0.0914690232347092 0.204732663125203 -0.341313843747139
-0.133885834969454 0.195435230947113 -0.224957163011332 0.28955439688388
0.0233436582000933 0.181207657661613 -0.159799436316544 0.478282232363065
0.0744359490818808 0.0269311330136372 0.0267436198648645 0.185323234432198
-0.0358074941473578 -0.0256381800741303 -0.0913873473761089 0.0208543287407693
-0.0498646613983377 0.0661753323840126 -0.152734715889836 0.109842700725533
0.0313660625597583 0.0781755674542821 -0.0823524662191397 0.159598821059647
0.0715364318673214 0.0451322665506574 -0.0487905881096389 0.145224357830673
0.0906537693871934 0.0351636304217209 -0.0973514782394492 0.123309275944569
0.0814298295303199 0.0300302521337671 -0.171356006091824 0.162982986113802
0.0679999556642877 0.0363116442012287 -0.236576262843037 0.15311966381347
0.0135313618619407 0.0570072210927781 -0.261113101950526 0.0886559630540738
-0.0279025414226569 -0.0232066169438789 -0.213751211167605 -0.00732309181164861
0.100763402075572 -0.0447904620747076 -0.159792475601165 -0.0411070219455559
0.138891587708766 0.117969227105229 -0.103162237781879 -0.0747499036384401
-0.0184556248572211 0.244527046124018 0.0890849079865169 0.137878936506975
-0.109563254496509 0.252561433002673 -0.193547407809092 0.223707412479628
0.000996190746229936 0.262860072997573 -0.188717818593213 0.492037323709019
0.0866915008230585 0.128078405060932 0.0703294686773461 0.220245655866404
0.05622940623355 0.0400204506376364 -0.0641943325449485 0.00132468076471715
0.0432565297179013 0.0645714102759876 -0.162505841067984 0.113247206984153
0.0951894333637129 0.0448862564806895 -0.0732103788092592 0.182324788523676
0.114020563248275 -0.00412515926982345 -0.0157418563342867 0.156068464719173
0.130229204376713 -0.0225211283604975 -0.0576167829952881 0.113433288766171
0.121426258603445 -0.0304062906254018 -0.127318061553397 0.149619015774077
0.134427734923816 -0.0304369452932408 -0.197347949686402 0.158248944229386
0.122720463845832 0.0162512814217589 -0.245092243807014 0.113138812968122
0.0955549158596735 0.000208407481715842 -0.235963346852588 -0.00513782645988534
0.162551575045763 0.0303164937418255 -0.16764628080019 -0.0728576315709253
0.162678443941546 0.187469483274574 -0.0957609286364884 -0.0974379832238171
0.0396423134572064 0.310716633398388 0.0829414570378947 0.0678080000449309
-0.0465995313491904 0.283625636559335 -0.14845654219498 0.135711768480815
0.0204473549836176 0.300695147362773 -0.180120152469243 0.484757425447148
0.108476796934173 0.201968417079721 0.134832791710036 0.255167478940456
0.156697291348831 0.10334063769604 -0.00291812315970021 0.00317888177637792
0.154024610745466 0.0511430619945428 -0.124093719264144 0.116096217600829
0.160440057093905 -0.00557469409855793 -0.0323758104885766 0.18483299433352
0.144265643178187 -0.0584530340141991 0.0324282000788674 0.14242708049615
0.151016624102443 -0.0746397484163002 -0.0093975551456637 0.0841110002618368
0.142606438809968 -0.080894036545946 -0.0782472703639479 0.109922041030131
0.176356926542095 -0.0862366581244666 -0.148585828807935 0.130719433967725
0.208096633733989 -0.0264913722126112 -0.211755422403854 0.108526361536419
0.209045852324367 0.0124355128880856 -0.243215604208674 -0.013794340036564
0.216225791675582 0.102131991602947 -0.179845798624582 -0.112521350190914
0.166897441390613 0.243067094735043 -0.0937115727080912 -0.154230716660047
0.0807445977653126 0.331592069262236 0.0780354316715523 -0.0296108074653907
0.0363616294259517 0.274866775968799 -0.114897024731838 0.0331864853946418
0.066317440083185 0.285386495578281 -0.138170049586574 0.440889620432673
0.13750061389293 0.227823084290342 0.203003724601643 0.251738744833885
0.244970106888693 0.134755702717925 0.0689823573819817 0.00661053160729896
0.252028900628566 0.0178627305864853 -0.0461504767900166 0.10971096823921
0.205967212500004 -0.0658599934185471 0.0395891304884917 0.158897721633976
0.153594563928934 -0.108363610480462 0.090769099464303 0.101243047767599
0.148525165016804 -0.113013683862124 0.0399951258894657 0.0407278412157056
0.14194949616889 -0.112541334934244 -0.0302963850206128 0.057650613601247
0.190175382416394 -0.119276125397028 -0.09743201678768 0.0800370803392028
0.256466647699813 -0.0571484188128922 -0.164638309284453 0.0742035015844363
0.286374222911048 0.0280640654730583 -0.224965959900573 -0.0415144160311105
0.235554537662764 0.163452590757777 -0.176102885491782 -0.158793328701228
0.142220600000272 0.267363817479171 -0.084005346207697 -0.228361253385881
0.101225085745405 0.302949213859276 0.0799812550144323 -0.135813233621226
0.106378067617757 0.215646929370313 -0.103549366114236 -0.0679446379085291
0.0892485849684194 0.215844720230324 -0.0798420207268825 0.367790095663375
0.136421075435279 0.209569971926757 0.249602070445911 0.197214675803067
0.289379258800382 0.130596995022505 0.126891027391591 0.00198390156836503
0.300420611914576 -0.0304765665935054 0.0526354161830504 0.0889495233290687
0.211160746678873 -0.12039376329188 0.126520825351743 0.104751155498595
0.13579968596929 -0.143503180771454 0.148538142419149 0.0372293725163777
0.123911323751916 -0.133121868327831 0.0840666139447059 -0.00903882765335091
0.119836199384916 -0.126124031477101 0.0132976208634012 0.00516097925673889
0.177317997254327 -0.128525636185205 -0.0468810967205817 0.0207150039513986
0.262643602982809 -0.067600060584538 -0.10516811226875 0.0212218325179239
0.307832177882839 0.0549495138649942 -0.173630365426875 -0.0793135523669389
0.199852183330701 0.205984425734802 -0.141079521854183 -0.201082128127131
0.0872207356873665 0.246202238506466 -0.0534184498080135 -0.30138089057696
0.109797377281551 0.23029915720108 0.0956362505684049 -0.232421357482541
0.134244588429987 0.114996298263223 -0.108300370513337 -0.14843277070719
0.0562938573982822 0.120042285488867 -0.0243447422287232 0.271444864572837
0.0929719133556098 0.175378809946223 0.252241648841171 0.118321054548443
0.279071961683806 0.109217301028993 0.158185692684805 -0.000906967216176639
0.281842848852845 -0.0724233305036838 0.145817473031966 0.0537551816991634
0.170400538291756 -0.149656412693533 0.204086340946725 0.0278117145702097
0.093620994932817 -0.153321126452021 0.192647903565823 -0.0389732780948592
0.0803627754117356 -0.134671138719812 0.117094303266163 -0.0583225059932578
0.0817550617463409 -0.124194537924971 0.0474802872719222 -0.0415572098821424
0.140443496909761 -0.121985166922021 -0.000892641554235999 -0.0347883526181547
0.23253049764182 -0.0659470061045469 -0.0361459187746887 -0.0312446193580352
0.276768619442807 0.0868027913954391 -0.0933092158084054 -0.106602682509946
0.114081597679988 0.214057359695738 -0.0786605055380948 -0.220479767310752
0.0213939789522139 0.171032447415211 0.00261530602370637 -0.35451368964279
0.1167262434208 0.126179378493819 0.126044608168365 -0.304154857454112
0.116999352671826 -0.00676012825692506 -0.117083467054173 -0.196086829987911
-0.0157682144087469 0.0302704132794852 0.0139798013624987 0.17250263465211
0.0276693777146587 0.139074721717254 0.220195550997152 0.0544181847731938
0.221793526855428 0.0773194155710241 0.174925587475136 0.00651531756591808
0.205801029298817 -0.0952812681131611 0.215691627323068 0.00944119880198032
0.0943208862888747 -0.141968930738373 0.251172113508131 -0.0550820732707161
0.0342144621764995 -0.133162581353793 0.212865648285745 -0.109689850284852
0.0240072092051374 -0.118112078556547 0.133747010398089 -0.101822596408125
0.0317828018272897 -0.111568628195649 0.0681105934871137 -0.0813247640170533
0.0902333776761127 -0.111509479289826 0.0370499924808964 -0.081646284586717
0.183058690176878 -0.0639372805464418 0.0344031074774455 -0.0721630222056902
0.211170328453913 0.101624716362826 -0.0034361579594196 -0.104481758872586
0.0152830515946987 0.171173396547036 -0.0134324561227319 -0.205590983893865
-0.0178807598271885 0.0515345095747439 0.0661774368782718 -0.382960819045662
0.135527627131348 0.00991432869197274 0.161034768801584 -0.342777008747449
0.0666621160273245 -0.122913299062938 -0.121487466311871 -0.205906063211728
-0.0886676044955791 -0.0434175649412988 0.0304114650631717 0.0991752779560616
-0.0370750367098873 0.0946100514738992 0.181057831567984 0.0311996149226165
0.131783340304824 0.0399112042956612 0.193112244900734 0.0199031215116896
0.09616158079141 -0.0912938138987416 0.254387469562706 -0.0370926101614209
0.00431802407959089 -0.10011767441763 0.259861883742571 -0.121638927172943
-0.0299356261510213 -0.0860701028869379 0.208048126914225 -0.159374319897444
-0.0366420535655109 -0.0825535400309015 0.131880988314958 -0.132749489323323
-0.0214919393344516 -0.0881702924300677 0.0719415995321797 -0.115030409989084
0.0345369127551698 -0.098662388121589 0.0640264024134006 -0.121607905566056
0.122290851926284 -0.0644042606964737 0.0975852877647429 -0.0987069457078056
0.130459033045262 0.087271841309575 0.0689028242231627 -0.0762786958329024
-0.0561918732650308 0.0802717660143314 0.0207125890194005 -0.17391840504243
-0.00680596283018064 -0.0828146527182831 0.118384180913835 -0.400312788741028
0.161105583417981 -0.0970937197484503 0.189284605483194 -0.342281205309961
-0.127169600284681 0.196541121109016 -0.215003889069059 0.289920109212797
0.0282857601117587 0.177622767366414 -0.142443881348192 0.474205795868246
0.0730190471144338 0.0239837486429904 0.0288081978216419 0.179866550631197
-0.0365543302831797 -0.0234514943528854 -0.0925414849766133 0.0220901257995238
-0.0460104164858213 0.0683829375147823 -0.148618797629588 0.113804255197994
0.0340436936085496 0.0754353985752186 -0.0754126627285871 0.161599354137939
0.0719848951841373 0.0407968378125253 -0.0423966039285668 0.142851457950326
0.0908273246376896 0.0303136360943806 -0.0934949123551294 0.122162001902946
0.0826130589805338 0.0270760041573733 -0.164215792054255 0.165228949700412
0.0682114248505172 0.0333650301423083 -0.22869480790761 0.159255813247678
0.0173410841462224 0.0561464268493867 -0.254236866157962 0.0950126835631307
-0.0278147104502133 -0.0208829640624167 -0.21094102875165 -0.00177236022155034
0.0982647509419309 -0.0471850020751723 -0.159954343491872 -0.0356927944897552
0.140055907037031 0.111772709697519 -0.103758000509213 -0.0692637088144389
-0.010462132293219 0.243297238122438 0.0917177396345382 0.130111797151625
-0.10211980419776 0.250400621172038 -0.18460567702979 0.224488337530762
0.00826826430821128 0.259298894620848 -0.171920944561381 0.489254766622101
0.0870963207491956 0.123370405118745 0.0728676570311341 0.213174461295003
0.0552734132448603 0.0382055443550328 -0.0672845946440667 0.00265571188142327
0.0456236138034854 0.0631768951818854 -0.15804466988518 0.118646456727918
0.0949940755174183 0.0410526849299854 -0.065308944978203 0.182851959051751
0.111621017327242 -0.0077907230571343 -0.00963733721801675 0.15262576214094
0.127510801301544 -0.0279205399154872 -0.0545343597490941 0.111534675677454
0.120428091944179 -0.033704433812987 -0.121454138704192 0.149961847961142
0.131634700460492 -0.034909469747385 -0.189312951649835 0.16293966061355
0.123654535144446 0.0119996611575052 -0.237200387835634 0.118831324819061
0.0949724199551145 -0.00221834973876454 -0.233037648802242 0.00165232962223785
0.1618787386137 0.0256415646383797 -0.16880179701689 -0.0666007881485481
0.165301486515645 0.181416325343203 -0.0967601603637099 -0.0920714882790587
0.0481312207018592 0.306715426506202 0.0836017043999038 0.0620755419365826
-0.040360571959574 0.27899643399973 -0.144374140492475 0.136859987698151
0.0287160614122809 0.296627299324045 -0.164526008298673 0.480659680831619
0.110507725963135 0.196968818510244 0.136955368429918 0.246354592813977
0.15604014390828 0.0974440833974882 -0.00722217632960603 0.00280424871294808
0.153818273940268 0.0460519670314007 -0.119617066970091 0.120785756542243
0.157609736308742 -0.0103129991872066 -0.0236732523313833 0.183937115431124
0.140104220525456 -0.0618649561691433 0.0372018696695582 0.137710281545872
0.145473173498893 -0.0790776787954593 -0.00760440075535891 0.0817622213139723
0.13887697763188 -0.0840416771895754 -0.0745349289182036 0.10942095323899
0.17113637072223 -0.0905821297447285 -0.141179059146797 0.132839747834205
0.205754295161924 -0.034141967104395 -0.204348228934762 0.112327790266221
0.207082083232035 0.00596944043292298 -0.240010418560482 -0.00625759627395086
0.217017844364239 0.0945035987705812 -0.181376798245599 -0.105321022672823
0.17132070883225 0.236334731434512 -0.0959153048853968 -0.147887691685343
0.0888521056462263 0.325509655641146 0.0750606068791473 -0.0328589781057547
0.0410738143687409 0.268027244086644 -0.113303647821996 0.0350922240527832
0.0731420996408099 0.280595108272012 -0.124639468256578 0.43897271344415
0.140205341972315 0.221593170217971 0.204169141219749 0.242254824291091
0.244503251408058 0.125082898933661 0.0637753486047265 0.00578044631210526
0.249098383733537 0.00886584934029632 -0.0416850210916122 0.113875599051547
0.200581224788877 -0.0713785145263377 0.0464031929317548 0.157196049865342
0.146848909159925 -0.111393021002128 0.0926971908718279 0.0953536731708348
0.141753922548942 -0.115626710918205 0.0403261082910089 0.0384318588149788
0.136889395263773 -0.115397734361187 -0.028693483999839 0.0575261577988109
0.18424601508666 -0.123389143802262 -0.0925627375231299 0.081434930418478
0.251652280103719 -0.0656148554326732 -0.157994012660101 0.0768342438844668
0.282994919026395 0.0179858524764983 -0.221661545870914 -0.0334232986458658
0.238200686191952 0.15465955080337 -0.178216716527195 -0.150840592343989
0.147329006155266 0.261867403305518 -0.0886254419904635 -0.221370012468242
0.10740977937397 0.29650282249748 0.0747728740476629 -0.136319693905968
0.107646250063481 0.209079049564882 -0.104832919696846 -0.0638992429718934
0.0932729519630138 0.21160701558433 -0.0695168558196835 0.364981119300082
0.139342254753533 0.204396166779854 0.248720200897325 0.188157667365189
0.289442595020797 0.119394862635332 0.120931789020187 -0.000272993557125317
0.293813803283189 -0.0403460058842015 0.0556822757766964 0.0906042820905897
0.204291739832076 -0.124918415594608 0.130424476795509 0.0998192717702103
0.128684181722836 -0.144799351484636 0.147062133049494 0.0308192741759742
0.116871402772699 -0.134270030387844 0.0820641116298018 -0.0113546535277462
0.114105054633007 -0.127411151587902 0.0126971502709931 0.00465342181849381
0.17069361524972 -0.131707709087297 -0.0449383334885602 0.0216511252301666
0.256620650084505 -0.0758794592660137 -0.100357114529783 0.0229727065906043
0.305590035086296 0.0439835254778754 -0.171601258334111 -0.0718671156335915
0.203291298342744 0.198347154705879 -0.144637681653692 -0.193425631739803
0.0929299874692652 0.241942453621428 -0.0608726457757586 -0.294164400034306
0.112564358004163 0.224239747834519 0.0879662550768593 -0.231748552491541
0.133376879423348 0.108590312753539 -0.112238928353644 -0.143011192068053
0.0587182353708419 0.118173166853906 -0.0167946191612849 0.268480187455549
0.0955735007248861 0.172011590410052 0.249561722482206 0.109405160444298
0.278662509249916 0.0970678318018538 0.152716704134281 -0.0036932330802963
0.275193231668465 -0.0821402149851213 0.146660023695923 0.0527940660979791
0.162663379569017 -0.152040768977157 0.203601703033699 0.0207939151478898
0.0863369522014239 -0.153003725236561 0.186941962362498 -0.0448446189118639
0.0739519343334403 -0.134557695363498 0.113424979161596 -0.060707806077072
0.0756669336925366 -0.124832977376851 0.0452595817720744 -0.0415229353986957
0.133825773142468 -0.124540975513362 -0.00177815389644333 -0.0337518408173816
0.225902703688262 -0.073755333593056 -0.0343522665613827 -0.0309452367461948
0.275622572920309 0.0751266189352979 -0.0926875955149851 -0.100949849079271
0.118758477485225 0.208407322036864 -0.0818977231943325 -0.213565335775703
0.0252821195121587 0.169755102000449 -0.00748432411804811 -0.347911107228852
0.116655622410917 0.120877809771473 0.116393912636511 -0.303653564540736
0.11321453986372 -0.010088840672153 -0.122068882706768 -0.188913590375483
-0.0150814655723362 0.0316352694603935 0.0179976890770562 0.170154437499473
0.0309282445907717 0.138374303829285 0.215759975312507 0.0476195343630199
0.221581335535325 0.0678720717762234 0.170588913548586 0.00322033084023918
0.199601939418944 -0.101543553828892 0.214884502448397 0.00544250373810877
0.0874614622170312 -0.141813373390816 0.24614607776738 -0.0624229188096613
0.0282831181166906 -0.130592777327203 0.205071094212941 -0.115340735910819
0.0190447230409943 -0.115506930302947 0.129429689661317 -0.103624874415356
0.0261359267267539 -0.109968173264658 0.0640570146076708 -0.0812153462619958
0.0850783974546915 -0.112128964908638 0.0331545116316562 -0.0814777376478424
0.176115456886825 -0.0698510819033098 0.0334441420551459 -0.0734045941340069
0.212051936863351 0.0917388963390352 -0.00329841318687688 -0.100883023490052
0.0199802984598131 0.169622266999666 -0.0167278293399739 -0.200331476925377
-0.0169348484714638 0.0528319233014271 0.0541365480948903 -0.378317268186048
0.131977973651369 0.00602381600792392 0.15054694969285 -0.34125928197387
0.0609325490932605 -0.122615935499283 -0.125741873880867 -0.198929418764899
-0.0889614445802436 -0.039380449553655 0.0319524949509326 0.096958631827251
-0.0329960913897283 0.0951272598900855 0.177553310363114 0.0251893117013626
0.131744293825567 0.0338361901455664 0.189869675527021 0.0156937900993061
0.0906370306536593 -0.0937541084977243 0.250903015368687 -0.0418033986920401
0.000408872895239671 -0.0973676411484189 0.252643046697807 -0.128258026097279
-0.0328427925613953 -0.0823322862376218 0.198962656185316 -0.163489060243117
-0.0394340507158052 -0.0785936443679991 0.1267579242006 -0.133665024483549
-0.0260114940147149 -0.0852460781790507 0.0670744908329647 -0.114032128110198
0.0302641663141825 -0.0983230918124194 0.0581804342355139 -0.121581369857231
0.117212686107712 -0.0675350488531769 0.0939300631873879 -0.101565889755965
0.131711606110313 0.0808681803087814 0.0688126071824619 -0.0749274867574159
-0.0530430151122421 0.0824165478777944 0.0182403426597442 -0.169401909425248
-0.00960946808741055 -0.0806361666003428 0.105182475196572 -0.396346770209224
0.155323652013496 -0.100487752433126 0.177462007458427 -0.342788170585165
-0.120329228160194 0.199019820735467 -0.205469901740699 0.292176569513146
0.0327095926790762 0.175419788383362 -0.132358599167715 0.470292546310347
0.0720927601104371 0.020591357213628 0.0312239191885692 0.174750515787151
-0.0379523135034916 -0.0216369462956639 -0.0949389315546149 0.0236784728991551
-0.0428492562314398 0.0710004213994579 -0.146048110062606 0.118298995538823
0.0364267551564381 0.0732124728813888 -0.0684106565087935 0.162961964126733
0.0721508316659153 0.0370858866439693 -0.0359050189743004 0.141384679942545
0.0910975612302902 0.0257941120419009 -0.0908263830879392 0.122262112845607
0.0839941155828276 0.0239909303984613 -0.158306270744331 0.167427917600484
0.0688122325985769 0.0307070236246376 -0.221208103689511 0.166418542734304
0.0205645032712207 0.0546104624699746 -0.249677460414015 0.100970336576552
-0.0277606711405142 -0.0189241939832752 -0.210677179893189 0.00273138615176872
0.095778580355569 -0.0491760641186166 -0.16088104556454 -0.0309826570396726
0.141476016555462 0.107315126792899 -0.104610375866521 -0.0645226315418911
-0.00226183255687572 0.242757852798288 0.0933998674015118 0.124083141119378
-0.0959881622966943 0.250848568500669 -0.178747580817847 0.226194668325068
0.0152134954353775 0.256834315229599 -0.158881499605682 0.487029485647695
0.0877792150960061 0.119530755049694 0.0749642234056553 0.207968618776316
0.0549407924606231 0.0362847100631091 -0.0706172738189659 0.00408317909051516
0.0470921917878163 0.0624303476617668 -0.154017531996611 0.124391156096553
0.0957164417087123 0.0371917421002687 -0.0569597778108449 0.184406832100684
0.110241354391041 -0.0115018287895954 -0.00344104445072567 0.148842883935745
0.12604086909667 -0.0318669692067698 -0.0517268397095194 0.110910808287368
0.119654198799248 -0.0375165933238765 -0.117099432258912 0.15072801218027
0.12960860970844 -0.0382882169072557 -0.18170061594002 0.167231679878048
0.125178185287395 0.00691541068106688 -0.23111284889933 0.123338441200784
0.0945552415961874 -0.00399942235949001 -0.230813865001247 0.00750014415493532
0.161667723582654 0.0208314214115395 -0.170535117649035 -0.061100108015491
0.168859534226179 0.176454814285223 -0.0976434756689655 -0.0880425644066012
0.0576196571511651 0.303096523333278 0.083373626477428 0.057460157335167
-0.035281225168717 0.276938902938363 -0.140343535889024 0.138726522909774
0.0352666526978755 0.294112543323437 -0.150967265187412 0.479755555269794
0.11315233590086 0.192249596196759 0.139718562932825 0.239897839555053
0.156131915814941 0.0915527740600524 -0.011096189899032 0.00389446469460707
0.153937348700779 0.0411815417820121 -0.115653616490611 0.126588506687976
0.155845123009344 -0.0145853309028014 -0.015619474263861 0.183378863424
0.136162338495703 -0.0648186758701408 0.0421724131980011 0.132633653818227
0.141898182206644 -0.082494054838611 -0.00598989911400493 0.0799717484299462
0.136576985716493 -0.0872041728273175 -0.0714857598246489 0.109739731630066
0.167918663570445 -0.0949601029757163 -0.135847294755655 0.136414130025138
0.20381320766129 -0.041155537425412 -0.19775222427841 0.117341013442111
0.207096783087354 -0.000316005628404345 -0.237713075892664 0.00144295956959322
0.218626633017954 0.088479501744612 -0.183354006337893 -0.098807039756459
0.176423023414124 0.231693033249274 -0.0984612326939575 -0.143348319562557
0.0975646883215365 0.319753624168665 0.0725576053949336 -0.035201425601409
0.0443641573903909 0.26358916676831 -0.112913856660075 0.037208979097964
0.0795788402773281 0.277444359833246 -0.112062946015113 0.437744581921513
0.142665312776484 0.218140427501024 0.206207700215154 0.23469524992706
0.245203485899658 0.116170169634949 0.0590021231485649 0.00501996344226243
0.24676235074069 0.0012699150834773 -0.03755910250256 0.117932174391922
0.196289834410305 -0.0766126978963073 0.0532746900451903 0.154686450097235
0.141912642227807 -0.113570749145905 0.0947029280133319 0.0896531215705249
0.136543609901454 -0.118077560134744 0.0406527632011747 0.0359441870011609
0.132620208008435 -0.117604053157479 -0.0268614393118849 0.0576503693872109
0.179553062213809 -0.127678251938823 -0.0884013494538542 0.0831529280187288
0.248403611683709 -0.0741141226140965 -0.152577822058154 0.0796423957703669
0.282352944507743 0.0088084804051884 -0.21914680902037 -0.0254356226814417
0.241102140934989 0.147706067815076 -0.180636611838465 -0.144052913404015
0.153873144876506 0.257521424800626 -0.0924193808016924 -0.216478574684627
0.114278421833631 0.291295550846638 0.0696717173151271 -0.137661741510669
0.109181646161355 0.20364189173223 -0.106690813768619 -0.0607783577169176
0.0982684382070241 0.208981261108363 -0.0578198880756932 0.363854734850128
0.142730937306299 0.200760909553761 0.248587986771731 0.179853916965667
0.289981391015684 0.109860126566008 0.116109885689499 -0.00110275522538088
0.290341471356925 -0.0499805150682711 0.0598062264113364 0.0916826285526982
0.199044383248335 -0.129966562733321 0.134739376431266 0.0949270057168148
0.122684622845873 -0.145764909428065 0.145793690079481 0.0248940797275794
0.111258335212505 -0.135525208652316 0.0816767948003785 -0.0140876571695536
0.108886934619634 -0.12890226144972 0.0126502916424072 0.0045809602033273
0.164946299709381 -0.135093213696783 -0.0431870394679788 0.0226427028522592
0.251547627884331 -0.0844512967163469 -0.0962410422857403 0.0241264963416259
0.304398691795308 0.033763889140714 -0.170055357627115 -0.064957038011811
0.207207508201099 0.191781948203029 -0.147899911740977 -0.186507791203437
0.0980449708428667 0.240052610197063 -0.0666940379319166 -0.288400655511091
0.116068094178634 0.218885281313151 0.0811038810239838 -0.23184373836868
0.132631632906956 0.104184854163805 -0.116071900677098 -0.138812671582351
0.0612123664232904 0.116833451791975 -0.0105900897694453 0.267333621425924
0.0990179140154528 0.169712901452846 0.248483333768046 0.102735837365553
0.278691763467941 0.0879069010159406 0.148110103353012 -0.00558965284604934
0.269753150558079 -0.0914034145374552 0.149016231772536 0.0516007186252375
0.156656321215874 -0.154274884268455 0.204352978899999 0.0144149807830966
0.0804733743433298 -0.151879812418254 0.183083381848468 -0.0512840377676905
0.0684315990765567 -0.13384212318727 0.111739710383741 -0.063524404515676
0.0698850056003222 -0.124096946159598 0.0434091637722249 -0.0417519144382252
0.129081047038957 -0.127473410914826 -0.00299876041223496 -0.0330620663905008
0.221031257778097 -0.080878144796778 -0.0331930512532101 -0.0309778472793123
0.27549397244074 0.0643633105350712 -0.0917711663651226 -0.0955874303659513
0.123529414882478 0.204213271516221 -0.0843663914492105 -0.208561372978586
0.0293663427447342 0.169740061813269 -0.0151253233429696 -0.342980285539495
0.117130980446927 0.116265143970745 0.108031501586163 -0.302630101932091
0.11010722809925 -0.0129799807821692 -0.126587424840189 -0.184304396641033
-0.0136649955693374 0.0329981075991342 0.0216070459845804 0.168929221464109
0.0344580790164253 0.137757935354052 0.213564344088964 0.0418257666702125
0.222230205718576 0.0585894916403398 0.166522018932225 0.000237446857107825
0.194139462267797 -0.109290981034023 0.215883886172505 0.0022124024858831
0.0820266943706606 -0.141701366355942 0.243323367522989 -0.0697730245539056
0.0233007786405669 -0.128837232139099 0.198610928760949 -0.120536891561918
0.0150859243494022 -0.113203488225563 0.126189382892584 -0.106288264868242
0.021572814375883 -0.108230064183795 0.0617075354138421 -0.0803469545981962
0.0801040581400285 -0.11379212543388 0.0304509990261274 -0.081063163501978
0.171616807435218 -0.0752849957771274 0.0328481850495819 -0.0751298687120569
0.21228100194137 0.0834576527628364 -0.00284536965411102 -0.0984899568355532
0.0251066631526718 0.168876807418067 -0.0199940425527278 -0.196002472940075
-0.0163760920040882 0.053883739783453 0.0432651562020935 -0.374097363678635
0.129337795424218 0.00183093876506351 0.13975573543605 -0.341931560134424
0.0554547172087328 -0.123347615479654 -0.130519407102844 -0.192369063086869
-0.0891530208298856 -0.0344587677502007 0.0335447781102901 0.0959856425135789
-0.0293360122549766 0.0966680887995221 0.175692381553462 0.020537476946894
0.131684861122718 0.0278744352775642 0.187894620591374 0.0109081942797756
0.0855619651379824 -0.0968010529331757 0.249327229603799 -0.0470313530112489
-0.003025674586257 -0.0952428125453508 0.24607211128237 -0.134472487346018
-0.0362917362764408 -0.0794834042913717 0.191145965010893 -0.167457259980258
-0.0419550320979609 -0.0747089724626126 0.122558641659687 -0.135697970973517
-0.0297924207530729 -0.081735209717896 0.0623287910967063 -0.112463473282332
0.0263417780277457 -0.0981934874310222 0.0529151816119853 -0.121067639336298
0.112588025803653 -0.07107004687701 0.0922864276350444 -0.104994012581836
0.13304019829041 0.075704041664635 0.0694371168600536 -0.0747840196415891
-0.0500283627647575 0.0847984239083469 0.0167616433767771 -0.166100924239016
-0.0132970031345592 -0.0787172333431145 0.0934693427222074 -0.392009043376509
0.149881108992153 -0.103021031788398 0.16944759043146 -0.343064872408831
-0.153029413584379 0.162083109333276 -0.256979922935339 0.250038937528545
-0.00264962490579922 0.166108814463353 -0.217363124144989 0.433806692873065
0.0625309218660192 0.0307352504101596 -0.00508379704719885 0.172592550979719
-0.0322414694035609 -0.0275093909784301 -0.0995196492839369 0.00377811268269644
-0.0518682355430957 0.0593447230633018 -0.163259699597229 0.0890240511303271
0.0226360368568034 0.0751914385158242 -0.0967057917439235 0.148210693804365
0.0637623939367143 0.0479100262917464 -0.0601160349491637 0.130668654608352
0.0850214660845902 0.0406576839756359 -0.111611379813661 0.0996610243347948
0.0782139668243187 0.0385093604767263 -0.185076533838108 0.133151922824438
0.0613737637793603 0.0433887027550524 -0.244029763290537 0.118938802958012
0.0112848703523804 0.0572983219532534 -0.259624537909688 0.0522980868311159
-0.0229974650575052 -0.0197372755075381 -0.20738515816236 -0.0401173346762435
0.103367879517724 -0.027155548822838 -0.150508425460342 -0.0623046730998849
0.115100020384411 0.132956170748719 -0.0922200454441788 -0.0802103575009411
-0.0498510446539381 0.237258468712615 0.0689965924095819 0.142106132139557
-0.139518426746461 0.217257723439303 -0.218931474026674 0.190674911075271
-0.033479390238554 0.24063298381123 -0.250192031535127 0.444126430260329
0.0587006218419784 0.129007205423876 0.0284175115574802 0.21388369411485
0.0450164162725187 0.0431738345196116 -0.0742548046510015 -0.00795235242982424
0.035266820966212 0.0659595626089035 -0.173025194428395 0.0950892454357197
0.0864653372806432 0.0517971070686034 -0.0890485992700437 0.172597201792397
0.108791408617607 0.00861489776197158 -0.0295016215812233 0.144801281221346
0.12886483806679 -0.008748236036747 -0.0716029836301736 0.0954252024192797
0.124267499890176 -0.0137041663099158 -0.141412371884175 0.123964882638486
0.133253977466472 -0.0125750042176945 -0.204482098544652 0.1267643596949
0.121382469101751 0.0311015264960432 -0.241964609064463 0.0762264371769599
0.0912622088842958 0.0182386589966209 -0.224132745627463 -0.0377240258304812
0.152557681548025 0.055427743743515 -0.15201982751212 -0.0910255882894163
0.127415440096052 0.206745789465337 -0.0813592544269534 -0.100569254856173
-0.00393454347458851 0.307122316629877 0.071967732291823 0.0739996600425055
-0.0875031357314926 0.254734927880727 -0.164967821428387 0.11301113754098
-0.0199018001529808 0.280504124740433 -0.241600646764012 0.439113665399147
0.0691240719932461 0.204416945000982 0.0824468154269471 0.258785842751526
0.130399691870356 0.113196829091043 -0.0181924925060742 0.00465174920940058
0.141206289514084 0.0648931806104187 -0.137315938129548 0.104752138963148
0.152565375326175 0.0124523022469908 -0.0480349571001161 0.18097998050185
0.143059947851377 -0.0383181603209357 0.0178407338688285 0.138000103964575
0.154158206626013 -0.0553919096173953 -0.0218807716182439 0.0750832299996358
0.150044277907711 -0.0580781327554514 -0.0897512647772671 0.0933532096813497
0.18008774424563 -0.0598758002108484 -0.152560624026436 0.104459152389934
0.207686813546465 -0.000615442182282526 -0.205986983345542 0.0744097317630365
0.197632982573368 0.0434395999894157 -0.224946666202005 -0.0457719178505734
0.194230778070394 0.134011078542805 -0.156116492458746 -0.129335282433127
0.124051944639903 0.262285678444515 -0.0709834316723599 -0.155200097145253
0.0307146742584487 0.33162587339671 0.0812599607967011 -0.0205536452950963
-0.00856301486251725 0.257855773256991 -0.118815376933141 0.0190581131376002
0.0249347362378951 0.273257409113782 -0.197448220414759 0.408549942304486
0.0925755664968141 0.235442438966868 0.147109751601679 0.267606916366731
0.209500510555431 0.152516308823558 0.0496295474487517 0.021228248029323
0.236074474674619 0.0431479848803376 -0.0602637729147403 0.11111185595578
0.202688059390252 -0.0389826158486476 0.0253109012741451 0.165808773795273
0.156891407259396 -0.0843680903732484 0.0778728328839092 0.106204714951731
0.155494068467149 -0.090922937647778 0.032074032122668 0.0416212019992169
0.151578859457437 -0.0881465648032015 -0.0360171888106688 0.0509314335643695
0.197520865011542 -0.0888990205346743 -0.0963038255766364 0.062407353707556
0.255905823226793 -0.0235737124880161 -0.152802684149725 0.045068751790971
0.268085845388534 0.067132834573833 -0.19872389294549 -0.0676182969453066
0.202593624728398 0.196052199166518 -0.143405515805764 -0.17112523615685
0.0957531912399708 0.283227988312712 -0.0514426394339414 -0.227026097069843
0.0516918960184214 0.306329947910202 0.0993834409453379 -0.122498994054106
0.0653761517039238 0.213320100812925 -0.0939506740220585 -0.0753766801137894
0.0546129350800388 0.212923562062673 -0.129605121030996 0.348333920405318
0.0964540558179163 0.220270247228057 0.198697808014199 0.223066393413673
0.252993758075235 0.154289546365764 0.106756788483424 0.026429367875692
0.285815245094874 0.00183671246034533 0.0381093717476126 0.103897544125523
0.213730699910867 -0.0894901840197505 0.116009226546619 0.123489735597985
0.143691860776246 -0.119102488047762 0.139629094966303 0.0519104571629595
0.132948334665052 -0.111694666824957 0.0813955955737733 0.00159909152788526
0.130588625144748 -0.102584169747391 0.0124996190446735 0.00800271130121417
0.184849426781026 -0.0988286644497592 -0.0416324498575824 0.0124300414787341
0.25992259384739 -0.0337155031675089 -0.0876709072444077 0.00257117761925461
0.283242291837986 0.0940283244835395 -0.14132265195944 -0.0953549173615346
0.16002413438922 0.232052325305935 -0.102161532692687 -0.204956121477215
0.0450950474742689 0.254046958367447 -0.0121730467939977 -0.29463012783492
0.0676117063254064 0.23572530777072 0.13046706074353 -0.214622615238117
0.107697420298862 0.123170834242515 -0.0886264261659863 -0.153323267151922
0.0357326124094716 0.120625094858087 -0.0616283854645012 0.261470546421593
0.0610012418085962 0.184095180667534 0.213776640375449 0.14692969753035
0.246610411939393 0.131606583256555 0.139743367482562 0.0287113243933969
0.272714949655942 -0.0410446161773503 0.133397867381601 0.0809623675985847
0.176684745756585 -0.119903648644982 0.199168724381111 0.0565008451463829
0.102501738695529 -0.132970030095213 0.189817511968483 -0.0148439430145945
0.0912281624732867 -0.117716992954932 0.120371029262162 -0.0401078356299126
0.0908543633865977 -0.105327502190492 0.0513058879331505 -0.0309543816008913
0.148108586010027 -0.0979668437963248 0.00701997997728901 -0.0330204945098445
0.228385081294974 -0.0364075775432394 -0.0173054069171158 -0.0398888273760165
0.249880851949705 0.117332508396031 -0.0596194554663483 -0.108265708667492
0.0759525053390019 0.22536254785973 -0.0382538325826545 -0.212655814546881
-0.00856419120157204 0.17123171320121 0.049127907394661 -0.339191680698457
0.0893603581870562 0.136092777528086 0.171703260864552 -0.280663933588803
0.10892789683976 0.00877004773283846 -0.0904726201877112 -0.200508197998557
-0.0207871456279412 0.0293914366413006 -0.00940684822214702 0.168668794654465
0.00682724558741107 0.142145422388712 0.192533818178827 0.0798984795298088
0.197881127440568 0.0947721008175172 0.158506121637882 0.0357380062042837
0.201875301016269 -0.070228417345843 0.207842935951179 0.0439478554273735
0.102119470714065 -0.12016380614966 0.253364707136546 -0.0196940735749912
0.0431197474654607 -0.120084965081633 0.217642959433642 -0.0796972090989291
0.0343220780077356 -0.106859152628695 0.142802520379387 -0.0788236716435093
0.0403093913830695 -0.0984785496227764 0.0752390952907891 -0.0650774978666079
0.097608815616275 -0.0944157128285332 0.0458695535836209 -0.0724108004529452
0.179263315497423 -0.0402809700205252 0.0532639968171955 -0.0702762899228979
0.185555054208214 0.12112255788814 0.0259519002923275 -0.0931547218611166
-0.0123533997185333 0.170709801488212 0.0208090821351842 -0.189464253686639
-0.030164909149915 0.0488815194956542 0.115428716376481 -0.36084974463326
0.124342735608095 0.02778815645318 0.214407235790604 -0.313259222603874
0.0779695578834219 -0.106759386201505 -0.0925260412600806 -0.210518712234198
-0.0808498357743756 -0.047656595541047 0.0181550305165477 0.0969732475305115
-0.0460789113671211 0.0906962772595295 0.162154683538892 0.049231998702093
0.117158451115707 0.0492631069669933 0.178203271089849 0.0480358625476767
0.0958872727126287 -0.0766351188588839 0.250585132714935 0.0011264741546096
0.0112929873291939 -0.0898771589656412 0.267091113947593 -0.085462818413354
-0.0239769580084805 -0.0824337983239779 0.217825543340478 -0.128343205857068
-0.0281922480586383 -0.0795303958214889 0.14427254131906 -0.107639157958167
-0.0142856681619693 -0.0834974216442012 0.0822146728974411 -0.0959105840991396
0.0424443934376164 -0.0897177414046094 0.0737718678442167 -0.107685181332807
0.121495757361609 -0.047468536290725 0.113407113831088 -0.0878387908317286
0.113298428299024 0.0972863711080748 0.0893604498547495 -0.0563987557177184
-0.0680646800126517 0.0726597257617452 0.0487125675129199 -0.155381644328635
-0.00128318046937217 -0.0807864834806556 0.170201707970787 -0.370613697353085
0.165371515061299 -0.0701355189426719 0.243755788572266 -0.309686295576532
-0.146100636044568 0.163186091145389 -0.246766715110126 0.249339576991866
0.00231765041436361 0.162603085776714 -0.203219100967799 0.429420545620742
0.06150909855291 0.0272945550113936 -0.00320338397870136 0.1669969659462
-0.0331368805880792 -0.0259990683041794 -0.100857674109919 0.00509117946441522
-0.048691802897871 0.0608953196918963 -0.15937225568824 0.0932036661245703
0.0248102405893546 0.0732769727290507 -0.0894088140400489 0.14876700625734
0.0635563587210485 0.0451316147072676 -0.0530090112607405 0.128415153338377
0.0848980167109027 0.0365416128623992 -0.107492378176833 0.0996474896115939
0.0795201960170789 0.0362748609528372 -0.178394070368019 0.135334390422433
0.0615457662580935 0.0403914467784888 -0.236162063095951 0.123665217784557
0.0146266718433833 0.0558095177261376 -0.253037436340519 0.0575399024905489
-0.022705201607323 -0.0176772596767748 -0.203966794110947 -0.0344078261679323
0.100708375150322 -0.0300777580736236 -0.149531936897237 -0.0562475539955456
0.116314279632835 0.127249958509632 -0.0927979029196339 -0.0752532328609278
-0.0412854939161653 0.234222962080466 0.0707411346818374 0.134855155959784
-0.132883109369345 0.216347370224025 -0.210614494028204 0.190808758409374
-0.0263268604173784 0.237615415580091 -0.234694462140456 0.440333083274519
0.0598408998201315 0.124509780069177 0.0305912846786253 0.207109423905173
0.0441102385143186 0.0406419535679849 -0.0772144078331096 -0.00699603044961567
0.0364967215948501 0.0649190019341331 -0.16747737538811 0.0997528526394236
0.0859557852748448 0.0484811804430793 -0.0804316029967156 0.17217872356976
0.106287034856314 0.00508007135383734 -0.0227356335977189 0.141547620197282
0.126248518724381 -0.0131336875040889 -0.0686590605979518 0.0951291689876823
0.12315331929154 -0.0165001827415355 -0.136112128591674 0.125516850772809
0.130285340582072 -0.0160165397147386 -0.19543413869736 0.13039155730974
0.121781949144841 0.026354075633214 -0.23511096688455 0.0809141508248361
0.0906284074735228 0.0160774324465084 -0.22079682169941 -0.0316866015020607
0.151426031954662 0.0504547758815164 -0.151841974166688 -0.0845523155068242
0.131177359431001 0.20029478021352 -0.0823034131707268 -0.0955437157357866
0.00542780033232692 0.301076814849882 0.0720468254740508 0.0690502017957697
-0.080525890990533 0.250568318997849 -0.16063608880228 0.112924366833536
-0.0124132764418488 0.276237649599544 -0.225332717869638 0.435543299639647
0.071325792319558 0.198824432539239 0.0857919667291237 0.250487129124255
0.129853609544965 0.107929106002797 -0.0218204265841764 0.00473188536599749
0.139868355613103 0.0592105735635894 -0.131285684870574 0.108795744353279
0.150502341438267 0.00779581408539057 -0.0395156251984117 0.179477634189865
0.138617218923748 -0.0409672477551886 0.0233212815566678 0.132878248670071
0.148880688634602 -0.0584893728783325 -0.0194062889862214 0.0730095964799321
0.146877390078422 -0.061287755278435 -0.0857804732645819 0.0934949078048248
0.174844060798914 -0.0634437804879387 -0.145211783338426 0.106886715694861
0.20468625227861 -0.00755657284421054 -0.19803888661026 0.0776081497165272
0.195456780831651 0.0376399186879226 -0.220962406917646 -0.0384968581307788
0.194592530719072 0.125864132439751 -0.156484610867213 -0.121341245869581
0.128629972587052 0.25550017504551 -0.0726214089331653 -0.149775299216204
0.0386487031773881 0.323506088674684 0.0781259211570155 -0.022660346792709
-0.00377113394359089 0.252039032738311 -0.117309298983818 0.021271587100404
0.0313133869770712 0.268499400628838 -0.182275185008422 0.40529674049668
0.0948560612351191 0.229134653096602 0.148862327610275 0.257825818109795
0.208869249284896 0.144292459473491 0.0453655278380793 0.0197017691566827
0.231916793987755 0.0344589068667807 -0.0548126825290981 0.113250544514007
0.197254109798171 -0.0435590144392469 0.0319977392208266 0.16219128168435
0.151227528631956 -0.0858588114869673 0.0797339611042405 0.100459349647099
0.149201343052888 -0.0927678364184152 0.0322597726017724 0.0389038436240569
0.147022417719232 -0.0893907933236968 -0.0340847192402526 0.0511903191164653
0.191098974130788 -0.0929930803936084 -0.0913817677249454 0.063941337561328
0.250493404039775 -0.0314503686935574 -0.14641219977916 0.0481920291143926
0.264447162060029 0.0576327531205747 -0.194729297529336 -0.0599603185601856
0.204140098751918 0.187595072065693 -0.144703498079887 -0.163084808637672
0.101444187876982 0.277391043877195 -0.0549427384985892 -0.22005130939673
0.0586982822641639 0.29751182491605 0.0942561831967685 -0.122769859319103
0.0683084892808413 0.207182331140837 -0.0952179239819589 -0.0721800262839265
0.0593372996077804 0.208554996847766 -0.11820306672442 0.343797896516895
0.0989827293858057 0.215144690009286 0.198281539143414 0.214517901359838
0.25225524372967 0.144026899653614 0.102075352518075 0.0250086548837147
0.279387943951059 -0.0080707098261306 0.0423021084335118 0.103823680041133
0.206911002695479 -0.0935106153976523 0.120068892247429 0.116772658675063
0.1361574057557 -0.118935196848621 0.137706771174696 0.0464516841035091
0.127491238944178 -0.112055318527108 0.0806587595549008 -0.000896384739963645
0.124612725370158 -0.10348228691159 0.0126787932115042 0.00792436243687512
0.178136320135803 -0.102125139544716 -0.0398897205464342 0.0140565695902763
0.253857436095619 -0.0417720321670079 -0.0840368467324104 0.00333411211555867
0.281071749120097 0.0825309518802226 -0.138835299419045 -0.088029320275337
0.162718715180078 0.223576088714853 -0.104488275140357 -0.197059258463153
0.0503580599727685 0.249745490545724 -0.0176413638094938 -0.287329893486794
0.0708388264259654 0.228121997394908 0.12250323812598 -0.21296579830057
0.106418871707574 0.118722268361909 -0.0916348139806674 -0.147781500845669
0.0381735395916145 0.118560806982008 -0.0535167713957977 0.258293113289828
0.0643979912249901 0.180002157725557 0.212763059315068 0.13926317980643
0.245386855860166 0.121751991101265 0.135510764923306 0.025922063955685
0.265228836924846 -0.0498118955112186 0.135286433594107 0.0780508203742308
0.170265920087161 -0.122117405927866 0.198662868650848 0.0490474292856856
0.0968141567234043 -0.131034569272861 0.184416093641639 -0.0195924802710234
0.0855907740343703 -0.11640546606964 0.117048835724593 -0.0431521324428964
0.0855236062576924 -0.104587992168891 0.049573216606125 -0.0301076944674593
0.141647538546532 -0.100518233827968 0.00678415861526282 -0.0317204060182297
0.222855687166252 -0.0433553473159513 -0.0156597453364188 -0.0398962264330055
0.247934205711091 0.105745484580352 -0.0579856519763476 -0.10252256631836
0.0801652121021903 0.219991106651179 -0.040954411918903 -0.2060608741222
-0.00512745661413534 0.169123724526692 0.0407306773832816 -0.332313667777975
0.0893193113801636 0.129846538949912 0.162163232192822 -0.278496561292236
0.105158558067173 0.00513399131007681 -0.0942986554323938 -0.193650175739869
-0.0190102700745624 0.0307698302370436 -0.00472493556515676 0.166585323127919
0.0105244317290868 0.140166495916694 0.190546989209257 0.0740105830665268
0.19723215168218 0.0866829752164864 0.154201567588056 0.0329147482536147
0.19490599869573 -0.0760389425300929 0.207121396446533 0.0391586534832374
0.0967332219516575 -0.119682879047446 0.248551770781772 -0.0279167096593304
0.0385785596138751 -0.116516182532498 0.209355353390334 -0.0841845944515746
0.030508829066223 -0.104488008011856 0.138291523630792 -0.0801144137385467
0.0354331188942168 -0.0963936655391693 0.0723439935646481 -0.0643213496708292
0.0925341632586981 -0.0954050516254237 0.0433964717922853 -0.0717947238601557
0.173650534624164 -0.045418377316142 0.0514974892413218 -0.0716883612991009
0.186628133059405 0.111733564600136 0.0263756561983336 -0.0896859202412396
-0.00818000422740053 0.168287274178528 0.0176694221909403 -0.183805622811502
-0.0296747347281354 0.0499394354434557 0.105294738310876 -0.353732784365858
0.120595442802422 0.0227282427224264 0.202144232048023 -0.310728594251229
0.0728251651728854 -0.106024720164896 -0.0963229876067058 -0.203270256554708
-0.0796653721359232 -0.0433414867302815 0.0200586253597943 0.0951004824822769
-0.0427215723846688 0.0910826649808058 0.159605029791248 0.0438495138329027
0.116981804603053 0.0433880970995901 0.174513674663235 0.0433764217161238
0.0903956199013591 -0.0789521038177417 0.24727645421789 -0.00402858513118205
0.00825348454293999 -0.0867358984545289 0.259458560221358 -0.0916761314015766
-0.0267157728209598 -0.0783531542563775 0.208306981364043 -0.130904178954766
-0.0309758259256836 -0.0756692867292077 0.139018952233056 -0.109331471536325
-0.0176330524715651 -0.0797082180772606 0.0773956822071132 -0.0940378539474173
0.0384178075634882 -0.0889762890529858 0.0689795156317004 -0.10562020649594
0.116797315408729 -0.0503624886672154 0.109411323595347 -0.0906658940795711
0.113796999468698 0.090815703475821 0.0892872041535199 -0.0556846175289878
-0.0656322061613974 0.0747399269085089 0.0461665314074968 -0.150921876646092
-0.00400525882688357 -0.078091783227305 0.158180805982897 -0.365385481059451
0.159743193372697 -0.0725298274791797 0.23240507153868 -0.309127465871994
-0.141368446503306 0.162180219523867 -0.240525192736435 0.245282487643454
0.00411476679822039 0.159281102765407 -0.195100403215392 0.419045361985033
0.0597641392543702 0.0247996291170569 -0.00349948085128 0.16143560762831
-0.0340548719599935 -0.0248907018366329 -0.102804547278604 0.00623307483653977
-0.0457137197194362 0.0617539906216821 -0.156256461995415 0.0943539749835978
0.0258024843625968 0.070737221530451 -0.083008137582764 0.147543714672677
0.0627696313509433 0.0425335180770825 -0.047929199349075 0.123357956919303
0.0837389766772738 0.0334054236601916 -0.104277052815039 0.0978981131455491
0.079466085674887 0.033730292011984 -0.172969845579151 0.134604527587524
0.0612703208775143 0.038672089512667 -0.227753212690654 0.125344057875826
0.0170603614938985 0.0538968511657442 -0.246778084398335 0.0591623848917287
-0.0225456715240186 -0.0158239696313405 -0.200553563350879 -0.0323613919547754
0.0983327529513201 -0.0311065046845513 -0.14748731361858 -0.0523065722752283
0.115811411553458 0.122966431140839 -0.092089955401509 -0.0709698478148869
-0.0360333151440856 0.228964925322118 0.070603715368958 0.129168914264926
-0.128037942885861 0.21358246894261 -0.206054172181152 0.187065591819633
-0.0226215550575023 0.232702749606507 -0.224627631223793 0.43198099614903
0.0593837003441827 0.119988562352228 0.0306552139768588 0.200997466730803
0.0424354076866731 0.0392344559802241 -0.0788206077334874 -0.00550824331169844
0.036818140724598 0.0627148218745843 -0.16276228569485 0.101355039766647
0.0850541672536418 0.0455346822287137 -0.0736796075509025 0.170364810902291
0.103482442820557 0.00427921764888592 -0.0181694080032469 0.135637067692603
0.122548853993355 -0.0156803276890984 -0.0668694891528858 0.0920470678279439
0.121602827577951 -0.018723130067353 -0.131318075447498 0.124447255014513
0.127013917468877 -0.0176729592474714 -0.188174602674805 0.1309061854763
0.121101416087063 0.0232799340010335 -0.227717755041191 0.0810804226882445
0.0891308036780008 0.0145125273030657 -0.215969788504802 -0.028141155263528
0.148599197505763 0.0469809166437616 -0.150619211112756 -0.0792531747722506
0.131346953648471 0.195086207432451 -0.0810306887799231 -0.0919789757599799
0.00920207697263124 0.293404217995876 0.0708856565018636 0.0657962319337491
-0.0779658888142542 0.245683197991909 -0.157285219794383 0.110711106112026
-0.00876518147385962 0.271184962137089 -0.215358849654856 0.428184536057672
0.0704451882950162 0.193042517666104 0.0848826817830346 0.243730161191562
0.127030516835034 0.103403444124309 -0.0255017295248597 0.00527551289297513
0.136690729499783 0.0559070661219724 -0.126383389707398 0.110205717446402
0.147162258132052 0.0051802086921356 -0.03314302017861 0.17657606507852
0.134306091116605 -0.0412028624185943 0.0252839345601139 0.128000204220648
0.143855815391977 -0.0592617405312168 -0.0186679373585781 0.07017319231277
0.143068049461464 -0.0621316888356265 -0.0828787266354346 0.0928138055151804
0.170200506587712 -0.06493955607677 -0.139396791166492 0.107024045686108
0.20125183835697 -0.0117979129152522 -0.191496020500592 0.0781575432661223
0.191849199406338 0.0334455759561973 -0.21510677671112 -0.0340619812905815
0.191463176228715 0.120786340862523 -0.155097941770497 -0.11521478688074
0.129290551723049 0.249177672759637 -0.0723090709561524 -0.144651574938409
0.0418955714631703 0.31440848657602 0.0763727268113674 -0.0230425423572845
-0.00305744611900665 0.246100250202262 -0.115661624599413 0.0207959650528183
0.0344677994520505 0.262655426988361 -0.17365593380445 0.397778460927923
0.0944030639989068 0.222987853502103 0.147171405486078 0.251495601144768
0.205439437338879 0.138046012165088 0.0417753337723725 0.0200164650630675
0.227322370486171 0.0296927173162587 -0.051114278010885 0.113945455787577
0.192505783481824 -0.0457352638862295 0.0363215079837034 0.157792804096997
0.145997876167502 -0.0849776409416378 0.0796995792445587 0.0964237236547345
0.144266980419023 -0.0924731113664281 0.0322583617783882 0.0366612456547756
0.142454194690624 -0.0899802251229773 -0.0331872269398961 0.0510900877420825
0.185218098170451 -0.093442328907785 -0.0866787808782622 0.064011004114495
0.245569019438659 -0.0370279661525736 -0.140802089568126 0.0482357869635107
0.259461010082318 0.0513656925814192 -0.189459058302758 -0.0546907341096116
0.202590042173308 0.180934745033326 -0.143222953803591 -0.155909851801911
0.10235050975521 0.27179918016731 -0.0552241190960286 -0.214114584343043
0.0603838558481919 0.288088205741117 0.0905147883196803 -0.120472899867974
0.0661711322793081 0.200533896983852 -0.0949721450914601 -0.0694086481608538
0.0611223375603306 0.203291939431167 -0.111303370782579 0.337504827441089
0.0984381798128679 0.210063879963771 0.196892100959225 0.208074183023691
0.248169726236677 0.137433561176785 0.0974941576840531 0.024610041778501
0.272857169771635 -0.0129643818236737 0.0449118474573035 0.103493189798061
0.200789880340155 -0.0947641906613385 0.121230804837403 0.112164123749698
0.131457279850187 -0.116694814227347 0.134915183815206 0.0427383189896485
0.122811191775523 -0.110533574452042 0.0784997944363107 -0.00277074752176283
0.120884588496487 -0.102107246262369 0.012849948173456 0.00879068232783774
0.171637460196554 -0.102967889418665 -0.0370768798402445 0.0148318886997563
0.247113441013929 -0.0465819150467081 -0.0800605852616602 0.00296502454867291
0.27542140360317 0.0759032260849501 -0.134064640640702 -0.0833482185171363
0.162144412411664 0.217356454804197 -0.103313254266906 -0.190164792780326
0.0522215834314257 0.245600601324608 -0.0187447735755108 -0.279737604011179
0.0708947593909071 0.220579663797962 0.117771250934443 -0.209482554174236
0.104017728440372 0.113080379272646 -0.09176589295691 -0.143686556159062
0.0395668760043598 0.116021438816356 -0.0484176937779353 0.253776620722422
0.0644804089988881 0.176728098002558 0.209490259676102 0.134085207100251
0.242157319442827 0.115190544358252 0.13094271766562 0.0256252065313381
0.25782976495887 -0.0539293537378447 0.136357627453813 0.0766288497733791
0.164213620807294 -0.12223752705956 0.197316771918631 0.0441423207212621
0.0919970091346956 -0.127799755434242 0.179210154507385 -0.0213723383509889
0.0819352996005524 -0.114065297538241 0.114550572632498 -0.0436614752208001
0.0817168384525975 -0.101565725391106 0.0493040074500349 -0.0291185390189607
0.135891817951523 -0.100304406038755 0.00742016433273293 -0.0303721996008043
0.215893881939661 -0.047038491585787 -0.0140409017226243 -0.0391521038489187
0.24395740272028 0.0986402322183191 -0.0549150806404547 -0.0981893865620371
0.0807850722667326 0.214807386210855 -0.04047626517892 -0.199435934100154
-0.00286254672116322 0.166888842562097 0.0377763247754321 -0.324312418229796
0.0873932804895471 0.124967772588832 0.155521902277616 -0.273245412599547
0.101161455744998 0.003228090294358 -0.0945347206171057 -0.187838481905514
-0.0181164477492474 0.0305087885807393 -0.000668702771339233 0.163795556249142
0.0123149589653025 0.138153618511569 0.187114789275229 0.0687153385225041
0.19424126902369 0.0808216297372784 0.150896702777641 0.0317959884843448
0.187926363127725 -0.078715977795421 0.204766020604021 0.0366139285723265
0.0925666965856903 -0.118227640418783 0.24419805549142 -0.0320074275043737
0.0347735284865716 -0.11276139762448 0.202760180011055 -0.0844382015705305
0.0283509703781109 -0.101424152380213 0.134507064823641 -0.0811148707226387
0.032416773255141 -0.0932861556155288 0.070755258201627 -0.0622075608675602
0.0882853405664191 -0.0945569549890902 0.0416111443411916 -0.0700206146422
0.167383679379261 -0.0483198714800649 0.0496838961062526 -0.0712323869153075
0.184628973475351 0.105221084162683 0.026917936290377 -0.0868393700593009
-0.00599221443854249 0.165499398661179 0.0182525538553512 -0.178000917140677
-0.0288695715621403 0.0493930431752612 0.0994523874007733 -0.345896362573333
0.117365332036903 0.0206321679466602 0.19580567958312 -0.306074160169787
0.0685838996688489 -0.104984352800122 -0.0965443158169017 -0.196830762647858
-0.0786422993718933 -0.0405213819572398 0.0218534007922023 0.0933287706690749
-0.0401056660148885 0.0905670249513092 0.155555295144952 0.0399078998182228
0.115922781444288 0.0407598879118682 0.170705494683748 0.0408256083735804
0.0860457012518929 -0.0790310578558354 0.243350090584536 -0.00697516463688719
0.00619403441541523 -0.0840248502471172 0.252397340635282 -0.0945562412995451
-0.0277513591417355 -0.0741469974560064 0.200535567323871 -0.130727974720002
-0.0312141198787581 -0.0717425471106034 0.134636661389815 -0.107775140042434
-0.0195158215901666 -0.0759916605202768 0.074501672587353 -0.09155076630072
0.0355859631034483 -0.0870445012877692 0.0655749899756998 -0.103919978112893
0.112814107417631 -0.0514715259403953 0.106313790065897 -0.0913057596280009
0.114405397313444 0.0869328594888827 0.0898918612804059 -0.0540538588830116
-0.063248530332616 0.0758926331437557 0.0458248994267431 -0.145267720847139
-0.00537023640399591 -0.0752360328541506 0.150286375870616 -0.356729780486609
0.154076440213379 -0.0732028565933012 0.224668463196791 -0.305095722906571
-0.139355920394264 0.159850417851642 -0.239801283692999 0.239978280642454
0.00438411229561022 0.156495771166799 -0.193060013122511 0.412407636878258
0.0583599500239182 0.0236560804055301 -0.00664489927501995 0.157324770858621
-0.034691770589865 -0.0239420083791771 -0.104462837843608 0.00561978617459036
-0.044078021246338 0.0614020846683828 -0.155038226511181 0.0946322927457605
0.0266152640041012 0.0691606840425942 -0.0794308787763899 0.146776602306736
0.0617270503091929 0.0419176013084138 -0.0453879496803501 0.11968005443039
0.0823637369244033 0.0320837442112549 -0.103808686197087 0.0954875713928811
0.0803468322822105 0.0320787813973256 -0.170566644630941 0.132854460095863
0.0608563512027908 0.0382842361823029 -0.224460897684658 0.124184393038197
0.0175964341320916 0.0530297047387688 -0.243643987797602 0.0580083038906855
-0.0220641321072839 -0.0143021945662146 -0.198353570520368 -0.0335673491062327
0.09677117533898 -0.031328094790636 -0.145461224122458 -0.050819994229879
0.114369657103044 0.121407635529659 -0.0903069236947802 -0.0686879113254151
-0.035164044748505 0.225434128123496 0.0689816168142288 0.125036223635676
-0.12826140850043 0.209175505706845 -0.205504102564136 0.182566756922162
-0.0221245960240364 0.229160116065287 -0.222852552979693 0.424738643845383
0.0570485316654645 0.118251201913176 0.0277049733480071 0.197197111695671
0.0399799870935082 0.0385347887571113 -0.081556480075407 -0.00589824664202199
0.03699895147428 0.0622728533631768 -0.161350423138086 0.101051738561265
0.0843220546540978 0.04436663955154 -0.0693951520021047 0.168655956587325
0.101988534361744 0.00419359733951071 -0.0160321322338021 0.131829229126197
0.121223547908673 -0.0152704843224285 -0.0666349646511702 0.089904793941557
0.121213306006599 -0.0188372025058274 -0.130064049625384 0.122217920597728
0.125702760110644 -0.0166527543903894 -0.184243558118912 0.128900750243262
0.120798300886211 0.0215103710815209 -0.224338324544406 0.0798421986826874
0.0879710621108326 0.0149708031623739 -0.212162383821804 -0.0280136570042169
0.146526200353615 0.0463715917738703 -0.148590562507977 -0.0782364828168704
0.129665567128316 0.19343150323568 -0.0789921076125749 -0.0895492696672845
0.00789831018366547 0.288318451642705 0.0700743735962565 0.0638549430298169
-0.0783250658856258 0.241341976027179 -0.156686046923201 0.107415609093247
-0.00886150972033948 0.268165747991558 -0.214314002530747 0.421716292717828
0.0679253727471504 0.190331129831886 0.0818775542514259 0.240413345316294
0.123610453504601 0.101754686331008 -0.0279087459033246 0.00600613342969716
0.134910102589298 0.054916166396857 -0.124581271100919 0.110127436526787
0.145500788358059 0.00452163101780516 -0.0296366249826058 0.173612429355856
0.132435852783281 -0.0401817829385496 0.0260703884729657 0.124064487613318
0.142112677694789 -0.0582279208089373 -0.018347932230473 0.0686952669475991
0.142069818453878 -0.0613930914940516 -0.0819699513613398 0.0916740962144163
0.168628557729261 -0.0637910862512066 -0.135411511230527 0.105716862160003
0.199496762500839 -0.0137971050336569 -0.18792172313265 0.0768313079890837
0.189793783783849 0.0325169557025995 -0.210855050367577 -0.0333350541373022
0.188977705011069 0.119055681635564 -0.152315108785892 -0.113097140704859
0.12754319558456 0.247838878393688 -0.0695140060959466 -0.142237750903358
0.0393491480413818 0.308353032992231 0.0750745765469049 -0.0230781691016286
-0.00528979286886206 0.24114028467527 -0.115136619302548 0.0193519434198574
0.034176641107318 0.260009903113881 -0.171275017166772 0.391419170287181
0.0908553066941157 0.220189814323808 0.14476833582568 0.249048453134881
0.201598458457313 0.135523747082555 0.0377520209596256 0.0204915846748208
0.222713022434034 0.028500734876935 -0.0495381446863352 0.113892462472722
0.189747973782604 -0.0460873381825235 0.0384443017677251 0.155185427292414
0.14315117433339 -0.0826021914205715 0.0793201038174427 0.0938435385205483
0.142512077098263 -0.0903842882617305 0.0321773208091858 0.0359372693897131
0.140743072276707 -0.08858224163403 -0.0324398872659336 0.0510702183722425
0.182598586855604 -0.092387583849029 -0.0842006090463663 0.0628494912449791
0.24222889886316 -0.0383608255303426 -0.13725342381109 0.0468439585577018
0.256880823774096 0.0494204093316071 -0.184646814723123 -0.0531520078417191
0.199472535800725 0.179020179880062 -0.139987416413 -0.153211231455579
0.101670598075408 0.269428737612192 -0.0519696954067216 -0.210767874945522
0.0567639685118533 0.283359409954682 0.0900795578398766 -0.118926190335094
0.0625751936547094 0.196989032937937 -0.0943679167860612 -0.0696442694316076
0.0604007785710501 0.201525062991803 -0.109925404696967 0.332602057900976
0.0949631338955148 0.208079491576469 0.193542909204477 0.205530863990555
0.244910446028711 0.136044779823687 0.0933618798846164 0.0258223474455915
0.268645776649185 -0.0137246626021444 0.0457050897005852 0.103746999540822
0.198090694742609 -0.0938582532894945 0.122047005815388 0.109222247923829
0.129766398836006 -0.113665383230189 0.133179489945261 0.0426219229640733
0.120790475114834 -0.108634469129448 0.0774633889577508 -0.00371753682889677
0.118679143439611 -0.100168865257743 0.0137371475553758 0.00945454570523027
0.168758162107123 -0.100875177827892 -0.034592774362002 0.0145513911058885
0.242912401467933 -0.0476463543639477 -0.0774236105148927 0.00301437882589798
0.271313696048927 0.0733959914241945 -0.129217079248596 -0.0806102646156318
0.159666093386058 0.214837437364439 -0.0999476432256073 -0.186676746807963
0.0512718286244988 0.243645368542837 -0.0163566435348418 -0.275197632438042
0.0671685327641945 0.216377625652065 0.117393265638826 -0.204765322937035
0.0998541673880387 0.11092642759745 -0.0904122714805464 -0.141241032277436
0.0400899072106731 0.115404423086108 -0.0481429902830093 0.251030655212104
0.0631412221515889 0.175839657096753 0.205884648892919 0.1331967325493
0.239163673473658 0.113808990998983 0.126970354891943 0.026854838981419
0.253672139817347 -0.0546767545949664 0.136096108588075 0.0767697934691806
0.161975259907002 -0.120687251638004 0.196015491389208 0.0422821947783373
0.0904986305189703 -0.12450061044282 0.17608801906138 -0.020279830783406
0.08062048803073 -0.111053691717432 0.11378896049778 -0.0434302147239137
0.0797513732646944 -0.0992007640397496 0.0492663576454428 -0.0281234113339815
0.13327042567512 -0.0983550750175349 0.008586898441721 -0.0300979737263582
0.211970218766957 -0.0478342960618872 -0.0123706011844254 -0.0398127212023268
0.240327485548721 0.0953767132014833 -0.0512234495875408 -0.0959342633601776
0.0795569284459512 0.213265461370061 -0.0378869770530004 -0.195521238196451
-0.0040706798727792 0.166569858188616 0.0401202768423995 -0.319024347085975
0.0833608409155438 0.121417447213049 0.155745789536098 -0.267578573664478
0.0981107728606893 0.00313371899569944 -0.0927219923524898 -0.185124633267038
-0.0171692049002578 0.0308328459775924 -0.00132359517253733 0.161607074722625
0.0119988666350317 0.137439379780567 0.184171708026149 0.0688607323311952
0.192290219323616 0.079339772825704 0.147175514790819 0.0327309690846553
0.184216518223332 -0.0791255295508569 0.204051752858575 0.0377731278722043
0.0908213998525474 -0.116231220265264 0.24092831804688 -0.0319994666236223
0.0344786954611302 -0.109060036073174 0.197778233288777 -0.0819409824327294
0.0270180451201374 -0.0982476960712137 0.13344985779823 -0.0798555720767922
0.031085406794222 -0.090308971472191 0.0705558234374368 -0.0602803079112565
0.085719643625828 -0.0933629296186955 0.0416056336104186 -0.0682472102171564
0.164208542142213 -0.0491204795605818 0.0508438799679461 -0.0711173665394485
0.18209255816231 0.101851533630279 0.0307725748451291 -0.0841023549298704
-0.00656389373993565 0.165212925822475 0.0209060841181228 -0.173904364747361
-0.0290034082167623 0.0507244449765366 0.100376959155939 -0.33964372433748
0.11431274858049 0.0197744361614012 0.194090388561175 -0.300302180196663
0.0670391519020816 -0.103330978192196 -0.0940447348514149 -0.192699820401832
-0.0771124823570959 -0.0396095264506677 0.0214785450136037 0.0926443812438914
-0.0384472222171736 0.0904567733265118 0.152756172542773 0.0386858797704486
0.114216823859809 0.0384544981360219 0.168160288120641 0.0420507310446906
0.0835104209276114 -0.0793891841338818 0.241216839935176 -0.00575496266960406
0.00669325308213548 -0.0817503319358771 0.248608216721672 -0.0935265002213062
-0.027445155804521 -0.0710808191439073 0.195960392777914 -0.12705699536771
-0.0311158538154632 -0.0692782587365252 0.133627351849548 -0.106057579140329
-0.0198480562823738 -0.073435286339774 0.0736386091556747 -0.0882553007046888
0.0339294044863583 -0.0858303917652293 0.0646185761644379 -0.101778836046138
0.109911954542746 -0.0517149125711812 0.10524499741684 -0.0908496890749727
0.112912820796711 0.0838253772009981 0.0922098869552749 -0.0521933294936918
-0.0627048518521479 0.0760786708117139 0.0482320153034363 -0.141211372679344
-0.00681793442900439 -0.0734216037657837 0.149484528180498 -0.35116830599566
0.152439406889911 -0.0717665677568991 0.224065425004142 -0.299489998059406
-0.141536321054048 0.160047292495918 -0.245758826423298 0.238386154010811
0.00351710568089334 0.157441777645182 -0.197127327064099 0.410993727174166
0.0581071846049863 0.0232078380728442 -0.00981530987074712 0.15628475911269
-0.0362560621047125 -0.0242005365804059 -0.109034841739625 0.00486787224646087
-0.0441014343523644 0.0625019315786845 -0.157865968105988 0.0955877375276712
0.0264403050163527 0.0691537810984818 -0.0780369544244665 0.147379992259205
0.0617505478877854 0.0422286392882201 -0.0441902966239023 0.117568101819971
0.0827899932229298 0.0319246369567389 -0.106306913153031 0.0950744527776798
0.0820606332477955 0.0320126206820773 -0.172839625489328 0.13306458198145
0.0616526326082601 0.0390402564443975 -0.225747830006 0.124709738262628
0.0192224574998028 0.0529734167131506 -0.245273673725858 0.0567891600442268
-0.0217615693930606 -0.013205190151762 -0.199646943037249 -0.0355925397246441
0.0973491229726131 -0.0317229620238284 -0.146119554751297 -0.0506540398292381
0.114347477517082 0.123594057512518 -0.0902600162513537 -0.0685943770740023
-0.0368398996297123 0.227130000988234 0.0686139292348327 0.123706263863073
-0.130546132285516 0.208868581378293 -0.210075350277821 0.180181398548988
-0.023501056751943 0.230763362557594 -0.227273907127757 0.423603594861311
0.0558734062204668 0.118297458625651 0.0254661828219778 0.197987270142074
0.0385070806634659 0.0395477377969925 -0.0859206932214436 -0.00585031199435697
0.0364215756027618 0.0637724632647681 -0.163538930114482 0.102427304844076
0.0850024605003599 0.0446952266370554 -0.0677162259805281 0.169377949188906
0.102484501042224 0.00492777573415015 -0.0151238846677391 0.130042762816451
0.121766981359169 -0.0148626467362665 -0.0679725492903689 0.0894563773422258
0.123085022486179 -0.0191361512571174 -0.131979545687508 0.122905482030589
0.127378182600693 -0.0163067433065426 -0.184823371071348 0.128938762443969
0.122074946746095 0.0211207334389118 -0.225308724362585 0.0793063820744027
0.0888895794716613 0.0165706426452552 -0.213037708514177 -0.0297489914662951
0.147502514839775 0.0472893445374262 -0.148978989354599 -0.0777479586684121
0.129328894602871 0.196061023562029 -0.0784162668526421 -0.0896599769833069
0.00605557691170892 0.289503874386141 0.0694739681728791 0.0629884531201299
-0.0834929242450472 0.240974230123071 -0.160400498160928 0.105952366661473
-0.0106671544492587 0.26954035704189 -0.218368324389413 0.420618138076168
0.0651726415101209 0.19191435811428 0.0802202885992482 0.241805169247934
0.122434476536629 0.103460876072007 -0.0314861779136816 0.00533563687162315
0.1350498329574 0.0561643242717675 -0.126751666087042 0.11202753217572
0.145751009878533 0.0043899698046007 -0.0285997263664384 0.174025338452176
0.133310255689352 -0.0395903541078512 0.0269839742933536 0.123514904951456
0.142889352621712 -0.0583298749602739 -0.0196755546182737 0.0689445753092939
0.144371730808101 -0.0611057273995259 -0.0824777555277466 0.0922662661130537
0.169652510217223 -0.0629996284327456 -0.135320183951398 0.105158262079276
0.20110085067645 -0.014093585852388 -0.18811209514416 0.075474038759174
0.190848550492674 0.0335934188293253 -0.210565002540717 -0.0348851926870032
0.189411605446249 0.120838063818596 -0.152285716381888 -0.113363502936462
0.127122311072562 0.251441990069392 -0.0676507843106554 -0.142789000285104
0.0366989645908434 0.309065415800317 0.0757703224742402 -0.0231641035867905
-0.00994623011227357 0.24140776474051 -0.117577063598622 0.0175961299238804
0.0323591663107667 0.262061179871002 -0.175420642940004 0.392331317123168
0.0881253319667654 0.22380165193861 0.143398905762413 0.251256103550981
0.201352751107189 0.138344609581285 0.0345832116370773 0.0220401228954285
0.223893839482503 0.0287226239678954 -0.0505339407249146 0.115879179352882
0.1908838221612 -0.0470463305345665 0.0401649019863114 0.15558755277677
0.144512245352155 -0.0815290920281742 0.0800877560635374 0.0936703097542441
0.143678165970816 -0.0896228516404929 0.0317365699524717 0.0355781566476533
0.143211304363802 -0.0884125931337938 -0.0324439734644844 0.0514572615458884
0.18456507552895 -0.0917658486210902 -0.0827175152139244 0.0623574010604717
0.243412555341938 -0.0392903743798561 -0.136955663962563 0.0457385968293759
0.25700597297786 0.0504442894905333 -0.183014661836876 -0.0542997120620826
0.200033135954476 0.18118158000762 -0.138658305398335 -0.153988438822857
0.100695864028782 0.273884016554182 -0.0496010416991602 -0.21192987826064
0.0527836925086769 0.284034312541071 0.0921397642893004 -0.118010298421412
0.0586265118835178 0.197545895613715 -0.0951420685459715 -0.0707551175990949
0.0595842237213615 0.203135020719477 -0.113368846388294 0.334113511471375
0.0926551168725364 0.211543808535937 0.193680140055857 0.208677828462071
0.245580354184477 0.138435992613224 0.0915270468492589 0.0273664239070599
0.269439600175443 -0.0135014182989554 0.0461574580311219 0.105957314019927
0.198896841023946 -0.0941261537156633 0.123614666471843 0.109035695362703
0.13088481869489 -0.113146582391107 0.133973313904847 0.0432833825156748
0.122408201075167 -0.107656272967455 0.0789617964587157 -0.00360640855930062
0.119820975178319 -0.0989973494442045 0.0142729715311678 0.0101693070408665
0.170319567657282 -0.100818680061394 -0.0327974037089134 0.0139294210575468
0.244674953352619 -0.0482570146398686 -0.0759489436718149 0.000579531511074288
0.272499644519322 0.0741976686378535 -0.126044372958034 -0.0808973853039794
0.158789182073073 0.218142320091595 -0.097279697226678 -0.18742326840541
0.0502735082502782 0.247130348518774 -0.0121257825789383 -0.276214707908785
0.0638108433734913 0.215989868880336 0.119742186980763 -0.204073834452939
0.0969088539387604 0.112006300733122 -0.090251320482285 -0.142751227508665
0.0392410461786022 0.116298016885726 -0.0489014377602566 0.251754820867984
0.0609976462448206 0.178844573552126 0.205976483610859 0.13478286823458
0.240323985875622 0.114877490559985 0.125512498957477 0.0296107860826583
0.254541955899061 -0.0552444798499947 0.137196474994939 0.0789774972597043
0.163285373539104 -0.120629062427183 0.197395837014347 0.0412870108483721
0.0918397522593083 -0.12386680791289 0.177238415363545 -0.0188051282297392
0.0819198850569685 -0.110692122323391 0.115181728673123 -0.0433901461716025
0.080580048629559 -0.0982739169380453 0.050553632525067 -0.0259111171918907
0.13389229419928 -0.0985206602495888 0.0104228022996453 -0.0303156265830553
0.211617160684922 -0.0485441530208943 -0.010361630090673 -0.0415368033382379
0.240771606609921 0.0957091925741692 -0.0467277626022101 -0.0953341995331427
0.0778148488573477 0.216350901213865 -0.0339013453481771 -0.19563099944644
-0.00544556606199274 0.168400764886281 0.0440536054907844 -0.319114680876342
0.0813477327003042 0.121584716119618 0.159133236707599 -0.266874102524302
0.0970773287593169 0.00328092848294282 -0.091176535278816 -0.185984520904872
-0.0173036794609401 0.0311630631845041 -0.00192335329069104 0.16190433987585
0.0103828532064364 0.140208837028526 0.183922785622062 0.0688823463624621
0.193870363036306 0.079601493681815 0.146449997843792 0.0351268815889732
0.185567847419792 -0.0801213802865438 0.206710429607545 0.0398972354559459
0.0923046825544623 -0.116515865508242 0.242555699533976 -0.0328626095286164
0.035097802337776 -0.108862411011506 0.199661143955167 -0.0803801708219196
0.0278312290014826 -0.0977172764028871 0.135139426503988 -0.0787688558086542
0.0315238568433205 -0.0887526863906468 0.0722141587432211 -0.0585791597463558
0.0854957674835122 -0.092926252731889 0.0433027023689691 -0.0681589982422838
0.16324785191387 -0.0496716051304394 0.0521150493326596 -0.0730036160697117
0.182191506003995 0.101678350414039 0.0350095952552793 -0.0826681039291889
-0.00742633506500934 0.167760578792179 0.0247684807205399 -0.172732949886558
-0.0308765701147563 0.051967823471615 0.104356236144724 -0.339602172200465
0.113460232515281 0.019422741573927 0.19929962552055 -0.298842821583828
0.0666408642438469 -0.103622062481576 -0.0923881109318122 -0.19501734908848
-0.0773753750184853 -0.0399152828984889 0.0216910031991459 0.0930142790350763
-0.038721136133472 0.0915356756395136 0.152321620640672 0.0379929181311551
0.115615912949106 0.0385250016704128 0.167494099352198 0.0438499748142002
0.0837717597482293 -0.0798415587287342 0.244128419208611 -0.0049094167457554
0.00749732336710292 -0.0817218438558762 0.2503346705062 -0.0934943258771936
-0.0273392209564734 -0.0702325786389076 0.196567876581877 -0.12555925207209
-0.0310777620836231 -0.0692106174555167 0.135004605049992 -0.106102867840658
-0.0199455220970213 -0.0713430496535204 0.0750515354331169 -0.0868009601488578
0.0336732029689131 -0.0860107069027892 0.0659961875967393 -0.101492923264205
0.109799470420159 -0.051941456552907 0.106750254947516 -0.0921499756017286
0.113570526906177 0.0836151301068012 0.0957973203411368 -0.0507746173786597
-0.0638402363116968 0.0784056070888078 0.0530287742278398 -0.139780721635675
-0.00721938898742083 -0.0727132898513487 0.154059663830633 -0.350718111233707
0.152776077435491 -0.0712027457631382 0.227343903336972 -0.298865770007422
-0.0276528100026235 0.215401414936326 -0.0447545907043182 0.351824335440218
0.0948091759164583 0.127000554066328 0.0938483813893293 0.457058007439701
0.0608521616772861 -0.0148367518199542 0.0858073818401363 0.132690243027835
-0.0433251484301911 0.00313626108049826 -0.0912673425061509 0.0739620545643851
0.00237676423608074 0.0773616270963211 -0.0697019162717618 0.177438217658367
0.0636504106917419 0.0394161775303808 0.0309407156638725 0.168186887738899
0.0758535166596103 -0.00339165775545929 0.0376345947223715 0.12065526268826
0.0873461242319153 -0.0249445438145144 -0.0292491452268483 0.142624876134177
0.0878972600408562 -0.0241943416120774 -0.0586219900997452 0.216694427044082
0.0762893474797671 -0.00587762838189453 -0.108249830526416 0.24188844433504
0.0490578024930585 0.0329623051903491 -0.163930371566334 0.196282315967264
-0.0265999190626386 0.00518192337990941 -0.18606432372609 0.0948608764806724
0.060048093288481 -0.0886178603669656 -0.150000746861665 0.05247273037308
0.172922482493248 0.0308628752977526 -0.119397474732977 0.00696939100999149
0.117007549118456 0.216747649019828 0.125735299221904 0.0501125600629151
0.00698202102611413 0.251621149096117 -0.0480465495873805 0.28258905142601
0.114363684981367 0.201764253385893 0.0785244421353735 0.489160678313621
0.114012698808789 0.0657766239093518 0.143898675613976 0.147659030189534
0.0521139874343291 0.0114191826389123 -0.0746997597694342 0.0489630075094853
0.0675751383149164 0.0313870008345526 -0.0693148236778969 0.185524302874467
0.0955820368613821 -0.0154019838856567 0.0541591871874712 0.177633626368978
0.0864616618013779 -0.0580895466736598 0.0692316617072519 0.112345455244942
0.0904447640812839 -0.0867860191520432 -0.00148894683921951 0.114811300507815
0.0908417293900891 -0.0921525704845985 -0.0306840551790106 0.183666777387029
0.0953591448748129 -0.0926280823134719 -0.0721914333183133 0.219981142052415
0.114306691326213 -0.0583346312658281 -0.134758847357023 0.20177778325233
0.0848665453852438 -0.0385835449511123 -0.194467523677206 0.108209637840459
0.152740512051794 -0.0533363449682177 -0.17076466892957 0.0314948120829703
0.232564412741289 0.0823967923120516 -0.125883774023842 -0.0182833014958211
0.192275572028235 0.24055328070674 0.0841318207050122 -0.000387835820659494
0.0644135468106805 0.250256121167389 -0.050640864764619 0.18683273998119
0.147189450601346 0.225786445088277 0.0855324538818879 0.481636624170716
0.165318209121922 0.121015166258254 0.219089794113474 0.152449981766324
0.157153289329212 0.0145595433812933 -0.0175543886232293 0.0241745385871081
0.141739023037966 -0.0331830611024268 -0.0323985892694934 0.167342516543885
0.120848960264135 -0.0841849546129274 0.0894568628270335 0.154942932251447
0.0846117291452327 -0.112139384497733 0.100201402894429 0.0794538187375255
0.0821594549138058 -0.135035800812953 0.0258307330264396 0.0679607507888668
0.0817653011736689 -0.139767301204721 -0.00941875132152994 0.128379335640679
0.101465324422121 -0.158054197147379 -0.0459684891861446 0.169593687093296
0.157365779986618 -0.13767806659063 -0.107673165316864 0.17497203826703
0.180420388932966 -0.087368123928889 -0.196154277084046 0.102358884772397
0.236034478124756 -0.0169130533709475 -0.196173167002695 0.00336556375838414
0.266698827649898 0.129738780899943 -0.152287970258154 -0.0688631279095452
0.229263355964067 0.236765439657876 0.033294409196584 -0.0743532495712019
0.124238872549073 0.209297074911469 -0.0698210931791974 0.0844027425693616
0.177043158565808 0.194616150263236 0.103070198502133 0.429608134596628
0.202822342721606 0.133999318430414 0.279175629271401 0.121761286794787
0.241060324195836 -0.00249458821880961 0.0500098680591285 -0.00546538531582624
0.198039054991279 -0.106959652570708 0.0337146081819989 0.122582481386456
0.127100249169372 -0.151955623395835 0.133590993035045 0.0958158066633925
0.0682664481582987 -0.153071056457157 0.124382532077551 0.0229196830440745
0.0628695413535068 -0.161630077456548 0.0474850385599992 0.00957195827493961
0.0639209334663818 -0.160955497260888 0.00725024036170753 0.0637068615733786
0.095066406888155 -0.190972678096505 -0.0291522276839012 0.102079357711798
0.175644792755843 -0.185342449177629 -0.084589209719 0.117819635730793
0.245202285808375 -0.115503555042126 -0.184818011388308 0.0682903791373029
0.283049876209189 0.0276705095527889 -0.209995730839762 -0.0387457465038689
0.257722767461327 0.163863731820059 -0.182524953689571 -0.137951853211699
0.225861052188128 0.203160711861126 -0.0126016471304585 -0.161501896278468
0.157143361773873 0.133488082942018 -0.10869001557789 -0.0052103242149114
0.166105447741891 0.131642552021247 0.119481559763479 0.344011679959207
0.200955618252953 0.121485136460315 0.294367093057994 0.0561830579867083
0.277329846064124 -0.0289465182240814 0.102239378393595 -0.0372088606930546
0.209078108685075 -0.168977448906012 0.105655142592075 0.0537948698146208
0.105699962548227 -0.196293975836081 0.17250043239085 0.00571192891121757
0.0381174441426556 -0.169846131221045 0.13739760395837 -0.0510139827457457
0.0348529756338578 -0.163381598052918 0.0627537765321268 -0.0510463424762946
0.0382468641739239 -0.155437562227461 0.0201519572856932 0.000600306864970582
0.0766663995341833 -0.189302872672701 -0.017191888472762 0.0314086392727969
0.170908252559717 -0.193382476768668 -0.0626189176725956 0.043884452236441
0.271580027736636 -0.105666573427459 -0.154141466874469 0.0100134190160954
0.271651225823514 0.0847034222665527 -0.197555127282711 -0.0924950658717833
0.197480354713537 0.173600379187586 -0.192731702928498 -0.216455613128234
0.190799627712503 0.138196716661535 -0.0403495025395267 -0.248397416043365
0.140854281272145 0.0391396031199222 -0.154163677414537 -0.06804105716167
0.098914285253278 0.0722762282280983 0.118356418255135 0.23608226092874
0.15595331768963 0.111856131148058 0.258646489786348 -0.012340169276178
0.260450549450199 -0.04564920612559 0.130598964393949 -0.056869857995829
0.172217445307613 -0.195290818574389 0.16353576745653 -0.0249037760635894
0.0600127967560711 -0.196624882536893 0.189722418749228 -0.0936820998036046
-8.18722680364942E-06 -0.154959033188784 0.133568718377333 -0.128430713091337
-0.000773673491539168 -0.141122341406481 0.0680786387596725 -0.105624521611989
0.00642358787004081 -0.130317252719578 0.0274520159500056 -0.0520993992695039
0.04796089657812 -0.164329894603303 -0.00934898139831493 -0.0316932639558433
0.142847158935926 -0.17307791841003 -0.0353381543382474 -0.0302191778311306
0.25842225363487 -0.0689190680351012 -0.0970875374926284 -0.0510391377216649
0.202811142181682 0.134205044509156 -0.149423789060243 -0.140282635804948
0.100854026644345 0.141936586276992 -0.172675076567544 -0.288672691954735
0.145262239950724 0.0461022675310032 -0.0440309448596616 -0.321612696453209
0.0797569756557412 -0.0517132089500806 -0.18842675653981 -0.101518968663363
0.0044282877898771 0.0356293841822927 0.0985162221927414 0.134250588193653
0.0925372233947008 0.109085405423129 0.197135092682435 -0.0513823371856883
0.202168864476669 -0.0477798914556313 0.149022368878601 -0.0644151862194842
0.101393912280495 -0.174440772595268 0.193830649939384 -0.0982261815921575
0.00479305779507506 -0.150168070694129 0.178576362135021 -0.180130221166865
-0.0374520432442867 -0.108018540803665 0.113384277008128 -0.191143199868312
-0.0369138630495387 -0.0970694753144222 0.0629511517434162 -0.146650918801352
-0.0283498583470626 -0.0920439721830855 0.0249213385797609 -0.0917005704843586
0.0113636025290954 -0.129479043804472 -0.00568702357950858 -0.0829481530432213
0.103262088647196 -0.144325109448114 -0.00377211021706895 -0.0934396857070275
0.214181021784485 -0.0285801794645343 -0.0211751128594306 -0.0921535015559766
0.0995714594366498 0.146710285565076 -0.0858205060949037 -0.158542231778115
0.00462945930956937 0.0595152050057993 -0.13214859852317 -0.34467508044815
0.10810975475059 -0.0611866260656275 -0.0276320065381946 -0.370538151904297
-0.00491296917759977 -0.124416843968377 -0.200542641486437 -0.104510373969917
-0.0846135789102217 0.0120629968200321 0.0710979919635138 0.0636873266469196
0.0239629347831898 0.0971075110223762 0.148626076869468 -0.0571042696630172
0.114813223299529 -0.0370452193219149 0.169436671882357 -0.0689815724756511
0.0188207363628045 -0.114682404257398 0.195558473920465 -0.154861396367843
-0.0435324488832314 -0.0704072295019294 0.144494655590856 -0.231160806223946
-0.0651548044926548 -0.039305289719195 0.0829485515870164 -0.225134060052152
-0.067741486002141 -0.036880878146239 0.0462593434858808 -0.16838614909134
-0.0609154545069541 -0.046340230694569 0.0103968633093038 -0.116204089213347
-0.0261244053107031 -0.0914638074409838 -0.00879286075685903 -0.123821518501576
0.0574656677857213 -0.112893027120819 0.0277801772309298 -0.141902205712018
0.146835833270782 -0.00198635384276461 0.0493348125431098 -0.103869786442061
-0.00363734436226884 0.106702741681563 -0.0411320359036917 -0.147867719689898
-0.054422701555323 -0.0602061484416342 -0.0957405157851651 -0.384201311208882
0.0851437142591319 -0.16296511604775 -0.00148446872695471 -0.384559846628848
-0.0232717709076576 0.223313187659261 -0.0389175222261375 0.365874004398278
0.10136979959139 0.127540065855144 0.108425471803657 0.467914727958688
0.0612432067778691 -0.0175629668685332 0.0896821309984591 0.134559720704823
-0.0449982406016046 0.00584676725202641 -0.0944334068804501 0.0816937116975371
0.00612687428686378 0.0799278268159706 -0.0672075463642872 0.188297935990083
0.0667175714283713 0.0380754314056684 0.0383725708066128 0.170759969676335
0.0777295433365492 -0.00598221494465601 0.0410886369113361 0.120352922245206
0.0892718014457347 -0.0290569678887194 -0.0270310511965114 0.148177235237838
0.0904731126665524 -0.0290360551868768 -0.0535419630159935 0.226298067041557
0.078707174444088 -0.0090980680696426 -0.103254274889913 0.253099966048395
0.0513053079687705 0.032213484604051 -0.16364911882308 0.207433755814365
-0.0263304906440787 0.00726903456582297 -0.189868151678964 0.103216336248338
0.0583190553470364 -0.0935110316390294 -0.151766428545887 0.0591456808341677
0.180257438673618 0.0270630930780496 -0.121511348638121 0.0113167559753895
0.127796688646357 0.220354951116185 0.12890657545881 0.046546998127627
0.0127414387302157 0.259750177463834 -0.0444661346421285 0.292403697129064
0.123659682251972 0.205085602967305 0.0937707921247884 0.501829243035786
0.117987697774052 0.0648578623489803 0.151022954352835 0.147775681832291
0.0534624672212301 0.0113335272580891 -0.0783451571402334 0.0548312891570366
0.0707919131052907 0.0308315075556968 -0.0654839322278506 0.196559374784255
0.0975994765658999 -0.0195110209984426 0.0624496927092766 0.179531505709344
0.08712458680535 -0.062356541542558 0.0741232948190003 0.110093145393424
0.0906415434181914 -0.092623170987962 0.000990490354484888 0.118227827965144
0.0913178682425904 -0.0987362041124108 -0.0252695439557199 0.190691710172193
0.0963196899475623 -0.0987427684259897 -0.0666383012356385 0.228954185013049
0.116000133058044 -0.0644308592865876 -0.133126606859598 0.21200594946342
0.0864629087884303 -0.0422657172336181 -0.197134341399258 0.116615076776812
0.154842854297488 -0.059506468546851 -0.1737292443041 0.0378543253912565
0.243648334015153 0.0787504587250829 -0.128979708923982 -0.0147782137361124
0.204739994640995 0.243275079433668 0.0855221263812756 -0.00366899664971902
0.070711115036006 0.257789598075605 -0.0493006998657002 0.194987815189276
0.158360706610408 0.228347793040055 0.100099517303092 0.494686531501191
0.173190426004863 0.121364990451678 0.230031808876993 0.151139505769374
0.161398429688248 0.0114127592358874 -0.0207925071597553 0.0274988410945873
0.145086032083557 -0.0377263033533208 -0.0273632454371637 0.17703405132683
0.121153008966902 -0.0906300608722622 0.0980461927389294 0.155320431601981
0.0844988345790319 -0.117572677864212 0.104734914987585 0.0766990571287465
0.0813429579871908 -0.141764775111899 0.0275012715383053 0.0685953840761405
0.0803416155388808 -0.147528352216297 -0.00472905531707338 0.132826878028152
0.0997966224111085 -0.166939039663413 -0.0411138856184254 0.175380940450281
0.156994517616405 -0.147988476794875 -0.105356219244665 0.182509583479738
0.182940183648133 -0.0960208339370236 -0.197311011204774 0.109956224194249
0.242958960372967 -0.024444070411355 -0.201295531660431 0.00955636974835914
0.280367492114811 0.126798589903916 -0.158038818134571 -0.0674478164263004
0.24113421991829 0.238330251881348 0.0321856711155772 -0.0778599381742413
0.131474974165142 0.214288861987237 -0.071348761695341 0.0896807055190016
0.189168215967963 0.195823305771679 0.119210857342845 0.441299464087811
0.212892022927227 0.134914925312234 0.29159784562005 0.117495711043689
0.247700369502801 -0.0094109686603088 0.0493128510462196 -0.00448594052660203
0.199311414036665 -0.116658655227231 0.0397940677814247 0.12779635040047
0.12546808230001 -0.160966006907897 0.141931055892832 0.0927321062601147
0.0663864468236448 -0.159663294430871 0.129216713001147 0.0183263595630941
0.061354975822603 -0.168300321587573 0.0493632585066185 0.00774566717496479
0.0617973546594833 -0.167949256214772 0.0109675494785334 0.0656230524659267
0.0913559260351996 -0.199553668575551 -0.0256693556532912 0.104655522320207
0.174803728570441 -0.197011367410827 -0.083397550311759 0.123215968182117
0.249394066719742 -0.12690445999603 -0.186597868983101 0.0747193590860552
0.293314333408463 0.021071464053416 -0.217653841018002 -0.0344092836063546
0.272777771191985 0.163103722301195 -0.19127604783539 -0.138453226798372
0.235807350124361 0.203841041036804 -0.0169775846075415 -0.166239953229394
0.162475585877978 0.135297537938702 -0.113470708217374 -0.00130842332619024
0.174259748682488 0.130954225437452 0.132624026746538 0.351184162385557
0.209955807871154 0.122171294000082 0.305449985808797 0.0493233147961819
0.285465092863956 -0.0378785937153509 0.102284512553621 -0.0379963011595637
0.208974724475764 -0.181373682714746 0.113064238695637 0.0546076664997874
0.101677683981024 -0.205980923414192 0.177833779712693 -0.000660808912825976
0.0346353777228674 -0.175776667860278 0.140180396660309 -0.0571208433889268
0.0318043373866164 -0.168974690616669 0.0635895248856799 -0.0554263514438414
0.0356541394205674 -0.160920846264998 0.0221181700413129 -0.000363036085223995
0.0730504221490415 -0.197155947294282 -0.0163950856619794 0.0313387913999433
0.168687739543005 -0.204612467041261 -0.0629410301096414 0.0457259615289628
0.27596723544761 -0.118338343233505 -0.155279083061398 0.0135744240368702
0.283393482947483 0.0798226554902543 -0.204550345019796 -0.0908022206832405
0.209908058013659 0.174470191861403 -0.203856839822241 -0.219025258537973
0.197280700293862 0.137754572530002 -0.0466515999109091 -0.255551100036926
0.144054890933028 0.0389153102016719 -0.161157267804749 -0.0654699575401283
0.104014669661384 0.0721400343352056 0.12945739082318 0.24017890238369
0.164172705626563 0.113248474942377 0.265871701054484 -0.0203402555060661
0.267707033804895 -0.0550597842849045 0.131796564419974 -0.0601480018821063
0.169536941880986 -0.207381340726171 0.170342406015214 -0.0291511360981754
0.0549287398349322 -0.20522320082463 0.192267095019714 -0.104285768825301
-0.0049099444045324 -0.15855306251699 0.134593593130547 -0.135881049291974
-0.0045547404678976 -0.14475945647654 0.0680047528411279 -0.112257954443511
0.00316083381848054 -0.133259863309238 0.0285880259001134 -0.0546326472044267
0.0434668428250834 -0.170245194585986 -0.00953403725565114 -0.0332260468510152
0.140807143989327 -0.182801073268544 -0.0371382228061618 -0.0315997498100529
0.263351132593204 -0.0806800176041566 -0.097722837261009 -0.0518298506886982
0.212903746292441 0.133313432410591 -0.15592120244167 -0.14173829772792
0.108773712741977 0.144307286210198 -0.184096508949034 -0.293229323508456
0.148200329694834 0.0430322811992073 -0.0518079052637596 -0.331305335844071
0.0784223687076359 -0.0545029261378679 -0.196855791220898 -0.0985325246294861
0.0056372352486034 0.0369639998759641 0.105684279601302 0.135963409232893
0.099314933372291 0.11055038246251 0.200897843603374 -0.0590899091063357
0.207300042789987 -0.0572782524809817 0.150458804011882 -0.068386483441463
0.0969620856285325 -0.184184848328546 0.198302576383009 -0.106651450675505
-6.06808324885694E-05 -0.155593822500623 0.17805511926717 -0.191804230667298
-0.0416350435527295 -0.109293359016221 0.112647001215848 -0.199896680639841
-0.0408523672879766 -0.0983597710379104 0.0610556774378975 -0.154297252130318
-0.0317409566258064 -0.0930785861054225 0.0253167082316802 -0.0952082771578135
0.00743808405403412 -0.133398235032306 -0.00807125864110961 -0.0857211119997934
0.0999625486223307 -0.152004736494635 -0.0064554787031147 -0.0970998149322941
0.218971933352287 -0.0375615753847911 -0.0205604503028329 -0.0963717899175526
0.10791131275892 0.149885146775691 -0.0912866309889751 -0.161814617609018
0.00655079319449399 0.0623093125170172 -0.145103368113568 -0.351234690165466
0.106551426833626 -0.0663381157249959 -0.0365751826004589 -0.381259477467502
-0.00970676015242023 -0.126670996810463 -0.209448114445219 -0.1025328299841
-0.0876027026675868 0.0158311067375614 0.0751283587958072 0.063752754811756
0.028596586562388 0.10006908600307 0.149800948920759 -0.0623019924208022
0.117385380365804 -0.0430354302936565 0.171338497189517 -0.0741241648363466
0.0146758605533618 -0.120278503771084 0.197804246517147 -0.165915815363331
-0.0467642476441699 -0.071556677810918 0.142202997489267 -0.242816620506128
-0.0681763362718629 -0.0369914102522634 0.0794718084959989 -0.233235842257534
-0.0709802170173601 -0.0350965351039366 0.043949307390788 -0.174160813486246
-0.0633069590903078 -0.04488456944674 0.00927370100720521 -0.119522362669771
-0.0305475886865674 -0.0925101000059682 -0.0122396313865387 -0.126791643664098
0.0542907049409232 -0.117948519012154 0.0241101702689335 -0.148450917009915
0.151385736581041 -0.0085226914567927 0.0514554852468696 -0.110568519454614
0.000896682927978109 0.111847126478441 -0.0438301195220882 -0.151900052411283
-0.0575603750946229 -0.0598402547473536 -0.109378760804758 -0.391423410914654
0.0817064641464807 -0.170653862834915 -0.00995036371683637 -0.39756275881358
-0.0119435982957401 0.228735951435441 -0.0233000128214834 0.373996339695422
0.109943325047241 0.124258096938025 0.130459787472241 0.46721058282487
0.0596000531129612 -0.0216510971647596 0.0951755790589395 0.132080600759011
-0.0459267066940318 0.00969085162305874 -0.0937126712882515 0.0909412401751017
0.0116188977122909 0.0818385805067636 -0.0581743319083524 0.198887685181571
0.0694802308291766 0.0343205370601959 0.0492593499288372 0.169567355762036
0.078312204858341 -0.0103652096080617 0.0465295601328136 0.116673605368056
0.0896243475590995 -0.0350615170399436 -0.0207898640287525 0.15200686881993
0.0908017878347311 -0.036209236616642 -0.0419431887828946 0.232900983970823
0.0794606558808084 -0.0136810337673751 -0.0909364426359501 0.262173226154509
0.0550075037493686 0.0293036167269798 -0.157005197132465 0.21965346414077
-0.0250299474600116 0.00922613524520456 -0.189174227875289 0.114884808414322
0.0527446145943173 -0.0984868207451283 -0.149659454421994 0.0685250800309809
0.185485634000663 0.0180155026515792 -0.121510035156806 0.0179610629641282
0.142075562615103 0.217757483275702 0.130668020736142 0.0391096969234101
0.0246562709095747 0.264599766774143 -0.0335948579298581 0.300480275687765
0.136668223471537 0.201518304530048 0.116732776175651 0.502555635925998
0.121769669332889 0.0597978837036652 0.15963142694681 0.142717049943161
0.0542790008782267 0.00986864139406843 -0.0796556850119754 0.0625450980225056
0.0737550643391626 0.0279432660730855 -0.0560382007452393 0.206064625916032
0.0975374631829908 -0.0242958154258847 0.0738762450795577 0.177090494244088
0.0857248305596927 -0.0677117705843868 0.0791896558722256 0.105798585963464
0.0877678872409657 -0.0991755363060935 0.0054752323651912 0.120074065309203
0.0876536367786982 -0.106284217233445 -0.0158494233013625 0.194638666901952
0.0928604486533205 -0.106383546266605 -0.0546327598763617 0.234770628612534
0.114420942614494 -0.0723328316875026 -0.124614735854263 0.22138134315681
0.087172643697997 -0.0469492033634663 -0.19483756877346 0.128753642585273
0.153988256295932 -0.0680381043245636 -0.173304294570715 0.0480204245842638
0.253055799098117 0.0672062564761388 -0.130789502751895 -0.00949088206404143
0.22020602953081 0.236118790538135 0.0853596543061126 -0.00899164718886251
0.0820885476483118 0.260669918423626 -0.0431844948348889 0.200795327449497
0.172067378417474 0.224612314912442 0.125132878563636 0.496569925222083
0.180860956542058 0.116478570710463 0.241243862218899 0.141341426706088
0.163926597781153 0.0042938658223408 -0.0225889329719059 0.0321937279985979
0.144916161026098 -0.0451146082520757 -0.017317506173835 0.184890632175736
0.117416785820967 -0.0985738858683608 0.108954672130288 0.150383766709796
0.0804391362942824 -0.123247444567135 0.109249003152264 0.0706371577598842
0.0759439456229078 -0.148561022232714 0.0307856991643492 0.0678419556930342
0.0754160199344649 -0.154756492552617 0.00220219837090609 0.134936388272175
0.0920071894147891 -0.174760296808127 -0.0319129557229651 0.178293793913483
0.151889436914776 -0.158952223272248 -0.0973183106727503 0.19026196480483
0.181173124737158 -0.107033246266455 -0.194211584888518 0.121504630374407
0.244434036199253 -0.0366042362570336 -0.202374291382898 0.019898662621706
0.293501188146767 0.114008363023892 -0.163445331069051 -0.0609658335148125
0.255275193875681 0.229810956981706 0.028025550642031 -0.0811942438156571
0.141738998814487 0.213642540732719 -0.0700586032135073 0.0949168757011898
0.201923172191706 0.189598545686926 0.141835990788552 0.44211882492461
0.222559278944449 0.128875258250774 0.302223334319986 0.104312807950761
0.250948785354829 -0.0213315472925021 0.0471560875369165 -0.00380889095206094
0.195971421217537 -0.127615875889943 0.0484277743419523 0.130839776743011
0.117810022924049 -0.170276301802431 0.148814616122428 0.0850007105687213
0.0598712740052117 -0.164631070567743 0.131544821745508 0.0107616569828572
0.0538554793156149 -0.174533915628776 0.0493462109074553 0.00456836410739079
0.0547058525135005 -0.173267413411287 0.0155464426160846 0.0650772524257401
0.082390338685827 -0.207917334349949 -0.0208752274382349 0.105790492039271
0.16605534612116 -0.209847879343673 -0.0783298334572754 0.127428589239221
0.2460995291277 -0.141853965053245 -0.183994017949887 0.0827249485624882
0.299148470029391 0.00672976864100596 -0.220983541241251 -0.0249948457152063
0.286644520526715 0.151621716322899 -0.200891297809716 -0.131949163150227
0.24677823918841 0.195916502992148 -0.0242958628527863 -0.168409895378748
0.169916340281123 0.131913928060756 -0.116271393221692 0.00425768368060336
0.18388626769856 0.124734392643663 0.15243981592003 0.349758368156228
0.219817135059466 0.115964425642012 0.312810009034227 0.0350004065610139
0.28801526095953 -0.0534326905304449 0.0998220400304741 -0.0409538241126001
0.201438238204174 -0.195243197811068 0.120128971392168 0.0520154143889299
0.0917606960544223 -0.215013675942035 0.180775424115168 -0.0117095481304518
0.0270179840218297 -0.179745985859232 0.140331585990923 -0.0663110249981303
0.023746477885022 -0.173443657268282 0.0614603929040276 -0.0602264803045967
0.0283574693154548 -0.16465446826386 0.0247231114050598 -0.00252244771225848
0.06289150691789 -0.2037387422303 -0.0145497797925777 0.0307590309618134
0.15899072899318 -0.217646406491388 -0.0605890678685127 0.0479241926942779
0.273325192153563 -0.134731349530965 -0.155009550651477 0.0190782559832067
0.292304202904136 0.0683104451169303 -0.210950002145008 -0.0837750603119569
0.223892087348483 0.167347467774852 -0.217516247501979 -0.213028660182606
0.203644056526697 0.130812932028538 -0.0579535263403575 -0.25770133011932
0.146305769270242 0.0343183722214364 -0.168157402826014 -0.0578752168420361
0.109161009279106 0.0681193288754313 0.143488757880801 0.237675772812418
0.173104498481033 0.108869191533114 0.268394617184902 -0.0339700645500417
0.269411259491163 -0.0706917628888723 0.129459259243011 -0.0642463067147653
0.159333806437855 -0.219950276899142 0.174003465013424 -0.0369966320667433
0.0445647565515328 -0.211456063086556 0.18979526499716 -0.116734043717954
-0.0120370078177304 -0.160244123846439 0.13049715087037 -0.145216073686575
-0.0117474831816264 -0.146403909602243 0.0637206183020064 -0.117585629937028
-0.00258576782095751 -0.134080571006436 0.027609008413995 -0.0577660675982622
0.0345147093777343 -0.174621688414089 -0.0112020975527196 -0.034469781707068
0.130979146794057 -0.193131059225684 -0.0389497581907831 -0.0312485164059352
0.261623990983099 -0.0956078503918612 -0.0987993556720695 -0.0507155518792723
0.224596541901804 0.126013990691961 -0.163737757276231 -0.13785208453562
0.11805535674466 0.141714563828302 -0.200948270901125 -0.289207607556054
0.147959718202835 0.036899041126415 -0.0665518308735464 -0.334464764671455
0.0763886620555545 -0.0571501890320433 -0.205065165522427 -0.0901071887146403
0.00717991204141149 0.0376771420949106 0.115127730452949 0.13303521478758
0.108423531936013 0.109013766697516 0.199279846635835 -0.0699717245909301
0.207630900212692 -0.0694496221983346 0.149229186687304 -0.0741017731495392
0.0863021699095254 -0.192749546125034 0.199230563890826 -0.118117758422151
-0.00876519630268124 -0.158423303849943 0.169897653260947 -0.203708256489593
-0.0461866230167592 -0.107721263915375 0.104590632663883 -0.207848595849966
-0.0465015129964005 -0.0970825323378123 0.055380272723728 -0.160046123760544
-0.0361772792488728 -0.0916182722314683 0.0219453658935993 -0.0980155720750472
-0.000884252959086308 -0.133910516939965 -0.0126366156229965 -0.0869871239375717
0.0916024370364215 -0.159196208272758 -0.0117913078778184 -0.0992516454483651
0.218386879182953 -0.0502266024596431 -0.0225128571435568 -0.0994366760927008
0.118508153156611 0.148527445464191 -0.0968911227827341 -0.161296309928522
0.0100066170625792 0.0633817270042927 -0.162878444245862 -0.348293235205164
0.101911178777966 -0.0726846319491684 -0.0527752438936644 -0.386007224598415
-0.0166421564864057 -0.127055230678361 -0.21777736488558 -0.0930839703808882
-0.0879966933012796 0.020565247712542 0.080534729452307 0.0609866272078207
0.0357158743772632 0.101150013946723 0.146780525200677 -0.0701669006458351
0.116512125806563 -0.0514480477384337 0.17052230324467 -0.0820848172915816
0.00635445294405578 -0.122789826715978 0.194252621829077 -0.178884301314487
-0.051359480315513 -0.070516131081639 0.131619954699381 -0.253871805664995
-0.0700832624730376 -0.0326424499007472 0.0694897747642002 -0.240289465472958
-0.073527309467428 -0.031092808466658 0.0366928949571174 -0.179655497085291
-0.0663226307695004 -0.0411583063171298 0.00502495627773769 -0.121405779433422
-0.036488223212051 -0.0922514098382233 -0.0199891620923421 -0.127668165527003
0.0478792164388164 -0.122890287508036 0.0166077319600774 -0.15172042156075
0.152591777173775 -0.0177792690291428 0.0504098447468712 -0.116893458127279
0.00811164394199543 0.115313114100829 -0.0488599149431329 -0.153261259122521
-0.0622678136555239 -0.0566922822485294 -0.128677475802118 -0.39033031620425
0.0733058846561243 -0.178082425839666 -0.0254018784647049 -0.403646569688381
-0.00078508689230065 0.228017909783564 -0.00733496077841186 0.37386003344157
0.116543945421883 0.117549866551595 0.150508345036118 0.457224972347157
0.0570835922278309 -0.0251317258722686 0.0987296954339478 0.12656149893556
-0.0448363656593154 0.0130033797431184 -0.0896742592365148 0.0975259448133658
0.0171785900591487 0.0804964880633722 -0.0463303242298242 0.204128833722228
0.0705627863670207 0.030337077832106 0.0592374096352481 0.164164302239327
0.0774196231024403 -0.0152326696635629 0.0497367475070999 0.111276728874814
0.0874164537887034 -0.0405905097248144 -0.0143859254283789 0.152123027726673
0.0877619818894523 -0.0422627814534301 -0.0285736890306263 0.233536908851143
0.0789289248320031 -0.0184024484892801 -0.0757334485435944 0.264588675183894
0.0567639809468068 0.0250692108980754 -0.144795918797618 0.22536591817648
-0.0239295468214346 0.0108037365944174 -0.183416856470081 0.123267698953661
0.0455307522412869 -0.10073142760286 -0.143049780179704 0.0760948471982762
0.18583624552624 0.00765209053212654 -0.11892015476349 0.0239144382667777
0.153761058123546 0.208138492861418 0.128905591964728 0.0316736373338407
0.0369693822175105 0.262607618967445 -0.0213360709101251 0.300632390712531
0.14605743788314 0.192738213706512 0.139791163036015 0.491701411095765
0.123036328737447 0.0538430118722956 0.164643685553397 0.133120831785776
0.0538307093792007 0.0083545019963397 -0.0775050687868101 0.0688003602324141
0.0755230215028436 0.0248079904655787 -0.0431371858113042 0.210839381587251
0.094836996436983 -0.0298333682683187 0.0833036363907391 0.169767948482888
0.0816298749878649 -0.0717122008048709 0.0824529162357774 0.0976570521732079
0.0830559141362399 -0.104485644391326 0.0104997406640036 0.118822634285535
0.0827091421180981 -0.111843077804914 -0.00501614102997146 0.1939450526022
0.0867239785584215 -0.111036834028889 -0.0416852597920167 0.234718013604948
0.110736366368517 -0.0789176152587953 -0.112390327499977 0.226033192228436
0.0840262789849488 -0.0506420348956445 -0.18708417012868 0.138068979047069
0.148446682821578 -0.0753256099386221 -0.167743823250024 0.0568305910270181
0.256207222450116 0.0526781739144095 -0.129533197266806 -0.00267764872394075
0.229991628766168 0.223143290206776 0.0826073085306743 -0.0133640629258556
0.093162615617684 0.256965640032599 -0.0360370902593893 0.202644638723958
0.182818402960463 0.213374873641512 0.147935250270485 0.486194351105303
0.185332672671159 0.108389842279234 0.245690345568707 0.127368337442973
0.16241949474924 -0.00364043593186 -0.0231232931453625 0.0359473620157555
0.141574238124107 -0.0515431424229615 -0.00536598296933666 0.187041918664166
0.111075628644721 -0.103510343978598 0.115700755378157 0.14198242866229
0.0735735131386563 -0.126665994642799 0.111489013453755 0.0623349348843526
0.068181310125244 -0.152563733170055 0.0323264826073217 0.0654564388694991
0.0668084863909545 -0.158007219919691 0.0106575169115011 0.132511166063332
0.0821888149473629 -0.179209625275776 -0.0222710541160503 0.177689959814599
0.142100855305516 -0.167071921138387 -0.0872812341806987 0.192507024742069
0.174721353961127 -0.116009447229658 -0.186235088317832 0.129563739886094
0.24132566739385 -0.0479405230638512 -0.199138026050905 0.0302559823299778
0.298858671916045 0.0976882190808724 -0.165223523858284 -0.0533557564914898
0.262643306052487 0.215834243749793 0.023787361292737 -0.0826588802159104
0.149887422992381 0.207404882508299 -0.0670588584101341 0.0981535818334736
0.21003376083321 0.177752222809398 0.160844022847197 0.432408963274211
0.228182857975341 0.118421291778558 0.304968725303714 0.0873735756451531
0.248639065604967 -0.0334472771530738 0.0435285203976042 -0.00271970057854034
0.186669262453886 -0.137200176504462 0.057771054954128 0.130266938760601
0.107257887612816 -0.174790048962063 0.152139135239386 0.0750709057597695
0.0517123065804189 -0.165771074994797 0.130955983766215 0.00283484885785897
0.0452524450376125 -0.176764750811347 0.048620627997293 0.00134638619651091
0.0470936706989793 -0.174883413015909 0.0197096324392444 0.0626700767322698
0.0706159007277049 -0.210170546623537 -0.0144698251315741 0.104765016645724
0.153365941251065 -0.218213959991556 -0.0706427588556221 0.129361072257805
0.235820267582268 -0.154210220125805 -0.175895655523891 0.0897065450774879
0.297436034571208 -0.00772771490371248 -0.21962454550676 -0.0136628845150979
0.294302088548743 0.136234082768124 -0.205329494943186 -0.121810671471403
0.251321970615619 0.182822044471161 -0.0316291579433433 -0.167122341207018
0.173898769578669 0.124473450638383 -0.116781074589731 0.0109851746805131
0.188973328601252 0.113737422672171 0.167546416652987 0.339431500323569
0.224519564674951 0.106625386565447 0.311654845537053 0.0168292957728885
0.283203092629099 -0.0677947601686956 0.0952108244876571 -0.041674965991304
0.188494939411256 -0.204405441081781 0.125016643724807 0.0464972182165023
0.0784249402466555 -0.217958944210484 0.178195453522611 -0.0220359035574781
0.0188032961332213 -0.179271577221237 0.136270592493734 -0.0735905561202791
0.0148824574050054 -0.173794941575508 0.05733557466244 -0.0636875603629656
0.0211588386772087 -0.164378178186088 0.0253847575577943 -0.00493259947068135
0.0511564944391027 -0.20421949189919 -0.012754271370375 0.0296859268448335
0.144973069731583 -0.22395075665081 -0.0573050604533355 0.0491345376003009
0.262429056582989 -0.147240662819343 -0.150689029968022 0.0231089235888435
0.294047948612951 0.0534482381130786 -0.212426259800502 -0.0733077921102975
0.231347072984725 0.154526625403594 -0.225933475538866 -0.200562594912292
0.204305589201579 0.120186442712463 -0.0687236705669785 -0.253504620927621
0.145436223359151 0.0284438143510929 -0.170473683769886 -0.0481467308527072
0.111712027781829 0.0623937700509556 0.154871467499115 0.228772749445003
0.178877306187967 0.101310814813053 0.264301997191728 -0.0482788021773292
0.263934210903317 -0.0847615412718681 0.124156956295361 -0.0669864185946528
0.144441435988325 -0.22735251187451 0.174069462944912 -0.0452574591548481
0.0314941532848449 -0.212734610981612 0.182127775786714 -0.126969862846662
-0.0182975038702536 -0.157829605061847 0.123623757086095 -0.151069153067549
-0.0188768050297771 -0.14479410779839 0.0572370936645579 -0.121154574557863
-0.00899402638202122 -0.132157874306222 0.0260392565086736 -0.0599690008131436
0.0242834030943561 -0.173932838928288 -0.0129370546820727 -0.0350025051955921
0.117833993091745 -0.198078363420926 -0.0394549777142156 -0.030120258838765
0.253224708170804 -0.109184940671785 -0.0977606968408175 -0.0484088158115127
0.230165920232156 0.114664118998349 -0.168014514922204 -0.129370490313288
0.124546418887767 0.135250828354613 -0.212386958761446 -0.276425978625076
0.144737243752866 0.030837234461723 -0.0799444006813006 -0.329707396754762
0.0716302888945387 -0.059449334803018 -0.208272763375639 -0.0782221354859832
0.00854101381357712 0.0373054297609649 0.121583072115925 0.125329340541484
0.114015213105954 0.10378313318409 0.193281923386092 -0.0795937211360302
0.202440741468616 -0.0814571469476671 0.143650426928278 -0.0781030432992312
0.073438078581483 -0.196084886743999 0.193333658295636 -0.128134746948328
-0.0178497502111565 -0.156831594445927 0.15813574013906 -0.213108585311896
-0.0504863981758683 -0.103364600545771 0.0942562333216337 -0.211120141575063
-0.0511359758231543 -0.0928353081339792 0.0472468810399194 -0.162243026637785
-0.0400226322540481 -0.0872936680782571 0.018627752773979 -0.0989806665959598
-0.00786426703202506 -0.132691118742945 -0.0170029379862897 -0.0857988736359861
0.0811587242165795 -0.162358304637981 -0.015825576889897 -0.098709357124705
0.213480683737435 -0.0627337383340599 -0.0245362536564863 -0.101188685640064
0.126815667780327 0.142434280317748 -0.102557565536102 -0.156273073319389
0.0129428807120014 0.0640067469377183 -0.178064642190861 -0.336060178196008
0.0939182280591979 -0.0769027809545906 -0.0692198858134267 -0.381354988814237
-0.0225974965549969 -0.125168678897492 -0.219881055771476 -0.0807439681043585
-0.0862602940278537 0.0255160942785619 0.0840911649096225 0.0561010930937318
0.0415220683035198 0.0983136100126332 0.140346371457721 -0.0763122510183014
0.112267890352334 -0.057886503696782 0.164443264453457 -0.0880259678267442
-0.00233330232064374 -0.122131706015552 0.185016105228529 -0.189089187665901
-0.0552922717592346 -0.067805569842519 0.116645747098941 -0.258188373420988
-0.0700460720170318 -0.0271169161362237 0.0579660590685402 -0.241535852981634
-0.0745975771293804 -0.0257799054639539 0.028048992524188 -0.180767178291903
-0.0673092490002886 -0.0359140828147867 0.000206688111259723 -0.120592938993892
-0.0413850596089259 -0.0890685409533313 -0.026886332311744 -0.124617963045352
0.039278094497663 -0.124463810341401 0.00847850294045222 -0.152506951645576
0.150840202217153 -0.0272128591476561 0.0465544926598193 -0.121995131274457
0.0159102058944307 0.115693152311136 -0.0539418050580244 -0.151022245016175
-0.0647695037980923 -0.0521151488421098 -0.146629114252738 -0.378873060131482
0.062080598239763 -0.180921863383381 -0.0438088184309585 -0.401398389244788
0.00780033332197807 0.223276444852081 0.00294302237422414 0.366428961566361
0.118193028238998 0.111071374244805 0.15926022472403 0.44143951839925
0.0532345928457698 -0.0270800719800602 0.0989717101355766 0.119895306371673
-0.0435182988375997 0.0147163711672181 -0.0857446503712698 0.10052139955443
0.0212480344938325 0.0775584842605302 -0.03563932516667 0.204055554769682
0.0701418026747828 0.0266466851665573 0.0645953680097798 0.156959373230643
0.0752895030057583 -0.0174338857326957 0.0508456032617044 0.104486911614894
0.0842738294634259 -0.0442088967430813 -0.00965355033665344 0.149698025272632
0.0846504055253033 -0.0464257440075635 -0.0195304771693577 0.228909164135365
0.0766903341728785 -0.0219026500062822 -0.0632547184668242 0.261056580895656
0.0570335164934747 0.0218333171372637 -0.134185573035818 0.226384518726213
-0.0220428141825657 0.0120004181429262 -0.1755631474767 0.127827008160987
0.0398858462472835 -0.0995597555016205 -0.135035295770503 0.0791284786867068
0.183147738847357 -0.000737738156957506 -0.11478834694822 0.0274087663992361
0.158860036616307 0.196397371532453 0.124223496988438 0.0257378487687853
0.0442698038324865 0.256966127707699 -0.014304277837159 0.295492760526222
0.149930641298313 0.183299608277528 0.151484034197642 0.476060739039528
0.121563021962251 0.0485306563867559 0.16387889163677 0.123129632545866
0.0525386070507191 0.00680663293741937 -0.0760497752325686 0.0725698090276181
0.0758006112834984 0.0221931736230903 -0.032339813772632 0.210886192349147
0.0911640094177504 -0.0322579697075907 0.088237244894801 0.161684303867994
0.0784139131481001 -0.0735353827776052 0.0821431887810971 0.0909033444789226
0.0779418908700141 -0.106179594158964 0.0131732275173259 0.115688034152183
0.0773294403875338 -0.113508832512889 0.00266580269043051 0.189378248794699
0.0814425428882166 -0.112438179576227 -0.03175354927317 0.230066992828129
0.105377991448183 -0.0824898753080911 -0.102396056898069 0.224710249173803
0.0811843276639987 -0.0530701034992819 -0.178254474451312 0.140593668574792
0.142207470068018 -0.0782085929248191 -0.160651017031629 0.060791131115334
0.253224676927235 0.0416237353859692 -0.126534530956019 0.00140415743519487
0.23127225393645 0.209625872957102 0.0780587197674771 -0.0164945436998357
0.0994556678756062 0.249691101675116 -0.0312083704369958 0.199926747093089
0.18602830184983 0.202261224285624 0.15903837179293 0.469391620867467
0.18420616512081 0.1003099325167 0.244099087164966 0.114212856005749
0.159329846874963 -0.00812527567048029 -0.0239008378701446 0.0394218110637632
0.136662816625079 -0.0547825835593427 0.00426785540184526 0.185173493985786
0.104237733692674 -0.105024492194646 0.118581972100774 0.133420160362899
0.0685422356503649 -0.12624436395779 0.110183842811866 0.0554815044260323
0.061633394494635 -0.152222550298231 0.0327419877329982 0.0634877662978666
0.061276008732515 -0.15790103991147 0.0152284491283873 0.129349776689055
0.0746193348144852 -0.177860697335296 -0.0149949360708171 0.17285012463149
0.132852570219867 -0.169702345064606 -0.0776955744820824 0.190356945740423
0.167322185113878 -0.119596343894266 -0.177182562108459 0.131590896637223
0.234436754828698 -0.0553226466169994 -0.192114359583523 0.0357552580857639
0.297062551562588 0.0841210285079808 -0.163732725488498 -0.0461922181180026
0.26239265131153 0.202244892473603 0.0196136850239856 -0.0815920188619885
0.152109410105111 0.199841333755019 -0.065268629570557 0.0996194042291351
0.210711478330864 0.166141962272255 0.171320991556225 0.415542261413455
0.226550283499369 0.110698684618137 0.300827362911467 0.0727289433314729
0.242001022321755 -0.0412078158898949 0.040413938754537 -0.000446046870373931
0.177970618444314 -0.140156814985315 0.06404191405131 0.126726896582855
0.0979257076478902 -0.175075369194707 0.151287352626893 0.0670575705931232
0.0461203911786522 -0.165042368641161 0.127915757670735 -0.00311998177389979
0.0384720780355828 -0.175270784717343 0.0471087884650104 -0.00115217099765935
0.0410125315260407 -0.173607532010484 0.022710659876409 0.0589362175013638
0.0613722961445281 -0.20771373905723 -0.0105998930015097 0.100703882257844
0.142219527856872 -0.219421797176369 -0.0642152913772732 0.127248114787067
0.225214686197102 -0.15929492544661 -0.168425912887757 0.0915491388881747
0.291278940644524 -0.0171723437381007 -0.214372462754797 -0.00650211759305913
0.294137494331434 0.12247509977335 -0.204773098398142 -0.112191977014296
0.248068117013514 0.171435789814924 -0.0362950948752458 -0.162517507402659
0.17257300436634 0.1176511159246 -0.115535529828957 0.0156435748820439
0.187482442278703 0.105389337337409 0.17457582335096 0.325733597499324
0.224560634010431 0.0990159341004879 0.305856265614704 0.00414395415782742
0.27546679159182 -0.076387481853224 0.0900000038332166 -0.039808093627027
0.175815185129078 -0.206051314223445 0.127163175120809 0.0419898262303632
0.0679115287424978 -0.215947643135337 0.173146913170264 -0.0291563552031786
0.0134515680770319 -0.175945586457988 0.131037167275574 -0.0772265675718973
0.00887382525557398 -0.171059383595037 0.0541273316028551 -0.0650836197862022
0.0164436560445148 -0.161170629970826 0.0254979246124761 -0.00713431645329856
0.0424945092603634 -0.201472730089811 -0.0116561822319507 0.0281329395465594
0.132965705005737 -0.22438591041825 -0.0544913628370701 0.0485092482717234
0.250879183374743 -0.153770436019784 -0.14451085884573 0.0248400017661552
0.290806968622384 0.0434077612995293 -0.209253807154461 -0.0652846480020466
0.232084573542503 0.143396542276672 -0.227026967563747 -0.188895281109092
0.199425460278343 0.112957609949957 -0.0740863720514996 -0.246526630753899
0.141979898258632 0.0243414152782043 -0.168823476614225 -0.0401355113450153
0.110118722382172 0.0572699207489361 0.159664559896009 0.217736010801749
0.180211823068004 0.0950839042218958 0.255661933021009 -0.0570988468712109
0.255568122596099 -0.0930393634388285 0.117843257398 -0.0653830676042996
0.130921885874461 -0.226108800103362 0.170692216321703 -0.0498403292108042
0.0219452329516378 -0.209358123049155 0.172640986167517 -0.131510113785405
-0.022609407263936 -0.153393254613644 0.116299902250333 -0.152420297047587
-0.0236436819334126 -0.140652421665878 0.0520784627626177 -0.120988433106973
-0.0118397809834253 -0.127446720027513 0.0249920246285588 -0.0612045067898196
0.0174302196881843 -0.170148273757385 -0.0137866015565091 -0.034983060448291
0.107788469903088 -0.197998191967922 -0.0398586555674706 -0.0300367840877359
0.242076182950074 -0.115988881944585 -0.0950946777045892 -0.047777865179824
0.230569139814754 0.104938245392615 -0.167012166820707 -0.120712859411538
0.125931347996342 0.128870882959728 -0.215671470243899 -0.263109911118714
0.138718035756665 0.0272467379553527 -0.0872373620180427 -0.320483666901923
0.0671901684016137 -0.059709338847285 -0.205064917365341 -0.0692584052175261
0.0089991301694646 0.0365777143788551 0.12405972087092 0.117984005868011
0.116262977592769 0.09903751917072 0.184124807978911 -0.084261037047271
0.19490597899672 -0.0879783562905879 0.137596087083859 -0.0771960456510953
0.0623100305743095 -0.193730300894411 0.187042868432811 -0.132077424606847
-0.0240349851032487 -0.152972037067061 0.145982103671192 -0.213673619682942
-0.0520125042970627 -0.0990508454597685 0.0861398267687945 -0.209904330042032
-0.0528292824838457 -0.0876971010143073 0.0415000864829889 -0.160737694418921
-0.0405914156162196 -0.0827550419402307 0.0165629803555483 -0.0983136501016316
-0.0127550001034565 -0.128411479445655 -0.020135369194066 -0.0828501311894642
0.0719211822523525 -0.161621118755998 -0.0192669558524318 -0.0967934904930826
0.205559117117753 -0.0696678826336083 -0.0248541775114742 -0.10160160257145
0.130473423883779 0.136112862427281 -0.104267946923464 -0.14988789732448
0.0140843421213449 0.0632634252079643 -0.182802006818204 -0.321596349776631
0.0864274279222225 -0.0766993226217416 -0.0775644310019895 -0.372595835424353
-0.0272440154533154 -0.121316866656423 -0.216562082580111 -0.0706169809349806
-0.0833955577446334 0.0284997291004265 0.0852486415191128 0.0519944268929729
0.0459297663072357 0.0949832420912131 0.13216886436656 -0.0781831982336999
0.1073492517668 -0.0626958296642819 0.157045984200343 -0.0877449954606095
-0.00878964948695325 -0.119081124122484 0.174815387832555 -0.191164433916082
-0.0573020699366843 -0.0642224797296123 0.104473212866069 -0.256823253721393
-0.0680987799949832 -0.0234965058741484 0.0491864774465184 -0.237085341952613
-0.073153053032233 -0.0215159058026267 0.021924330111842 -0.178336751473489
-0.0662936725093575 -0.031847968951022 -0.00164759014393279 -0.117900160009092
-0.043781816693021 -0.0849943112969058 -0.0312526959646068 -0.119926077111566
0.0333706680513183 -0.122853972485863 0.00292569327012734 -0.149315086466443
0.145075261757484 -0.0330552918148568 0.0436892744373939 -0.123868777521024
0.0219689393313157 0.113039862403454 -0.0556765099297959 -0.145568663908969
-0.0661988011731604 -0.0477862984282151 -0.153761398493848 -0.361918400546538
0.0533773046582805 -0.178122238999187 -0.0538825989629764 -0.392180371675355
-0.0933772109359879 0.208476812451784 -0.127766483560725 0.325022073055312
0.0572327843897595 0.147787007320836 -0.0353643190753477 0.454532302594295
0.0588678123401748 -0.00258439897724289 0.0362899322610278 0.14470901276107
-0.0446214547767346 -0.00538283347020637 -0.121288561068353 0.0601736907708746
-0.0121669341515346 0.0763572625769784 -0.111404114452747 0.1716249401565
0.0510920771420971 0.0516985930062977 -0.00280572591906744 0.163930310103512
0.0738226152001407 0.0150411469568964 0.00179634903431601 0.110943762101106
0.0946962897045382 -0.00675920870052323 -0.0707514907558561 0.129489224907667
0.0963501916967333 -0.00852361112242046 -0.108850214509477 0.197694378929228
0.079540116411848 0.0110053984973167 -0.162043829223726 0.210103323343564
0.0459145797391564 0.0440795904763347 -0.212912354598802 0.146124163624876
-0.0235191571787395 0.00544132769965945 -0.210469694581069 0.0427707315162655
0.0732770390767603 -0.0740078497562966 -0.14776993340503 0.0151874247582468
0.165993428088959 0.068885987249939 -0.111047870791872 -0.0124022303186246
0.0763226537650658 0.237153023850281 0.0860191241730394 0.0771760177340598
-0.0758402976870802 0.255696603767756 -0.111563774309239 0.249573156944717
0.0532526270107949 0.225141920377694 -0.0519210238685279 0.481250078891691
0.087423101179484 0.0950047089445015 0.0999063362357498 0.170095810648424
0.0426473650977757 0.028915481739495 -0.0995508380150817 0.0329859584053905
0.0589122056788427 0.0498376212506339 -0.112882859035312 0.175406616042426
0.0935118684819908 0.00870015486885409 0.0152923133459505 0.175381685111605
0.0994044067302077 -0.0326083352860645 0.0354942249508987 0.110473782998092
0.114372309022216 -0.0650903018533814 -0.0368896606235781 0.108936600297775
0.117025865675625 -0.0720214710673945 -0.072456192902608 0.171147794199198
0.118805482733898 -0.0686699409195566 -0.11953844871439 0.193735846995807
0.129826723154085 -0.0317703720744021 -0.181635091120442 0.156790654359182
0.0950116912562497 -0.0119551817875006 -0.215979166964565 0.0530226372304267
0.158667122270714 -0.0153243367674733 -0.163096093727246 -0.0090703242240624
0.214395705897047 0.132760446554529 -0.112643424631151 -0.0368627382260428
0.136400688838661 0.276284457096839 0.0608961182797589 0.0234612376251086
-0.0238991075506583 0.273995892928783 -0.0896205657116893 0.150713947627363
0.0766163665033806 0.257539839071573 -0.0410042048415791 0.477308692374929
0.122112814967727 0.169081366347426 0.180291819873751 0.190981162682923
0.141899686805608 0.0608362340436696 -0.038584068706864 0.0181905851068986
0.14389589681333 0.0087138963760483 -0.0720015418772156 0.163384323467476
0.134489755012582 -0.0497691828528861 0.0508889952963942 0.16027648295531
0.113222288365515 -0.0833345881073968 0.0751707952344172 0.0894390349462405
0.118791068184465 -0.113235149290589 0.00223312782534496 0.0699720245301037
0.120266066859356 -0.117794832863202 -0.0354516931159041 0.121483652770011
0.137443189137455 -0.130218527791389 -0.0807379877042501 0.148585279901621
0.187569058759307 -0.100524357134218 -0.145533225462603 0.136116235570308
0.197885442873445 -0.0389662908288138 -0.208731711269193 0.0452592145636127
0.235189813101851 0.0412507329110181 -0.180937566711822 -0.0422113988644068
0.23630340662065 0.187198551793065 -0.128019337450233 -0.0920455486025995
0.164181932163021 0.280742982489658 0.0366292343213529 -0.0578275779370575
0.0456800054421948 0.252785964486384 -0.0836832431954692 0.0415905272731471
0.113220086100429 0.236626381900581 -0.0100580619370882 0.433206683273852
0.156155677748525 0.197056794641426 0.25043983458368 0.17520202997901
0.229125845045106 0.0675978816224643 0.0358445392744646 0.00353557473840398
0.215155302031718 -0.0491948182517151 0.00216159710800717 0.131856449938426
0.157544446370021 -0.113936422248786 0.104529894438644 0.113231008246293
0.108736176237211 -0.126139921523725 0.115410878255477 0.0454250183280484
0.106175990892336 -0.142955320723634 0.0413344450868066 0.0185613569054252
0.107446397677032 -0.13971132306422 -0.000339537400515313 0.0609839977188054
0.137002306052635 -0.162358125876251 -0.0469631087376491 0.0853040087101162
0.213784556097273 -0.1428044374167 -0.106632398906958 0.0848735629588934
0.265423095499296 -0.0533677398652755 -0.182837602316482 0.0128239023303115
0.273193504054991 0.0984736862546545 -0.183148579977965 -0.0875446703932188
0.217684764241245 0.21979937708737 -0.140856581776929 -0.167089799341253
0.160339233215727 0.246663760485137 0.0220031190287558 -0.152899660440884
0.101236102540467 0.186850544885044 -0.102967441324561 -0.0544138200489714
0.118863898471599 0.172959744996783 0.0295887641949982 0.355187890699105
0.159098029597689 0.185982240097657 0.281748848739747 0.11529741365028
0.273698446792284 0.0510369684625575 0.0964273746918591 -0.0140359986641859
0.240283703535563 -0.10751847006041 0.0912602236927508 0.0803827132320288
0.14862690870931 -0.162699256550714 0.161252310768151 0.0369882060378044
0.0850388158144267 -0.150129558348958 0.148748354506475 -0.019183267151749
0.0777066795461682 -0.15031303735104 0.0742178257431791 -0.0363097789360663
0.0800328302222536 -0.138230366389309 0.029784789921872 0.00317421474682286
0.116406173135458 -0.163232437989921 -0.0177558441890258 0.0196186035918375
0.20533557113848 -0.1511669463285 -0.0653600174203135 0.0190364086034289
0.285269013070361 -0.0388404652321216 -0.13285489610528 -0.0377759464023115
0.248857934351372 0.153468335159218 -0.156556118879104 -0.13732026891512
0.151604842319036 0.216271571190939 -0.131892968952994 -0.247518383945985
0.135295678745499 0.174753272527408 0.0269660450816655 -0.246111975628123
0.115637966600481 0.0872906902173663 -0.136293484160329 -0.121464446813738
0.0708764356286287 0.0973976455521213 0.0577908913163452 0.254974954180146
0.121239171868807 0.163578040274611 0.261700676841568 0.0421965909476779
0.263734216926996 0.02681475610373 0.131644432986742 -0.0240365637008904
0.20854499958132 -0.144430138967214 0.166501393273705 0.0173665152482268
0.104805820972434 -0.174937451416929 0.201912149127435 -0.0520641846695867
0.0445225221673743 -0.144398304724029 0.166090119269493 -0.091448490279758
0.0358517405711382 -0.135877874120073 0.0964225410694454 -0.0870960107503444
0.0411599312225899 -0.119308963051152 0.0501479321751172 -0.0459336415265722
0.0804600539494826 -0.144868593014679 0.00456914203873683 -0.0374946689891705
0.170947393842041 -0.137563800093642 -0.0202545475093129 -0.0443966618201491
0.262068218893092 -0.00951885124995513 -0.0588918521051004 -0.0823587759128503
0.168625099151173 0.186467853689775 -0.0968459203770062 -0.171065443961196
0.0599358481743793 0.162837134033451 -0.0918711725816956 -0.313304658704953
0.110006126422732 0.0715069719491816 0.0518656944324726 -0.319047677747393
0.0863568551530133 -0.023807948702147 -0.163965815074581 -0.151973126439655
-0.0093879570354875 0.0360020161090722 0.0656524832642514 0.156426387251174
0.062944219991697 0.139136306654558 0.206961334272695 -0.00643314936852921
0.208020784995598 0.00428575691181728 0.154404676134319 -0.0241042047205447
0.13282234941743 -0.144108397393087 0.214894488763381 -0.0468897168629075
0.0401167351049019 -0.144512281551643 0.21281993505615 -0.133258690809365
-0.00386140418275882 -0.108240777533251 0.163219650345431 -0.153582072762441
-0.0123680702674303 -0.100748164981932 0.103653831547028 -0.127329512674666
-0.00339795381671734 -0.0899912268245145 0.0572481155179403 -0.0817823235862746
0.0372675429844697 -0.119150521118556 0.018048556780303 -0.0836453339598562
0.124634558209659 -0.118451193444123 0.0246857590774965 -0.0950251152000216
0.21003532520754 0.0163300216534752 0.0251520460392322 -0.100940220216849
0.066618074152143 0.175555525357223 -0.0301996749882008 -0.171600522412961
-0.0177218467754065 0.0601823678524766 -0.0377677309405983 -0.358021877116382
0.101340377082298 -0.043396457139627 0.0876540162341224 -0.361874338611891
0.0290976168146583 -0.122494688415518 -0.177204976623187 -0.146866075552972
-0.0867062773242177 -0.0108258756844913 0.0575623521774828 0.0864340531687744
0.00147467124867647 0.104486074809812 0.156376287881417 -0.0168636436454026
0.120306167103681 -0.0099649236927093 0.177309112479467 -0.0209917330545995
0.0384333193400389 -0.107883700909844 0.230838491468928 -0.0995522918755434
-0.0250930535722692 -0.0792346630499061 0.195637961175795 -0.185855836138442
-0.0489877452617614 -0.0479285283609042 0.141600639998113 -0.191835373477921
-0.0572476820750203 -0.0484870348447795 0.0932859283092892 -0.149974289147172
-0.0475498903326173 -0.053852865514345 0.0478274045908998 -0.10721861699041
-0.00785640251714321 -0.0930806290736711 0.0210371094094137 -0.120691686349224
0.0750867672495115 -0.0990375693900892 0.0642772815029403 -0.132911085590501
0.142551151828932 0.0242259926691323 0.0946502850410215 -0.0926510337605873
-0.0238920671751241 0.112517537587958 0.0104997961878329 -0.149886338968443
-0.0489696348029044 -0.0701483594556999 0.0103919383508412 -0.388091202345696
0.109717739648399 -0.149811353968421 0.122260245825741 -0.369881786031761
-0.0900539428749906 0.2102056792346 -0.128269207627272 0.326857529140544
0.0603687325009302 0.146909129934534 -0.0328785104971105 0.452958880478076
0.057309529777811 -0.00427717827110284 0.0357873791370948 0.143149412508278
-0.0453683154583196 -0.00449665746622522 -0.122589632685851 0.0628630583004644
-0.00962152994522952 0.0774168057467132 -0.107458408504869 0.176150314630291
0.051528432322457 0.0503776205740772 0.000845534975715654 0.16291867854688
0.0747617653026358 0.0140536198670174 0.00104914579054028 0.108763756469084
0.0956898735978017 -0.00967708029270606 -0.0713137758825283 0.130817712249139
0.0978640670004642 -0.0116037018950857 -0.105747429215498 0.199683769065324
0.0810519266968197 0.00991003728572647 -0.15881045005624 0.211140097005999
0.0478815698929872 0.0432276558564013 -0.212866594727193 0.149952121560016
-0.0229262237364647 0.00696358928070048 -0.210946172333953 0.0459176412058667
0.0716879268489152 -0.0754707011772667 -0.14565320086404 0.0167604087600649
0.168765380711601 0.0655169413136865 -0.111207951260698 -0.00995249051492034
0.0808162898268703 0.23554419256338 0.0841862600819276 0.0756623417666869
-0.072919779130449 0.258594151286187 -0.113416116639275 0.251185369920659
0.0572139785205466 0.22411083081465 -0.0492935464125688 0.480475849573849
0.088097791250783 0.0937466085840481 0.100544178376864 0.166600626384762
0.0423303232818883 0.0286411667544803 -0.102048424100831 0.0364704801766773
0.0604439633889478 0.0495529119237898 -0.109364715134839 0.180037238552862
0.094120807660156 0.0071638638677772 0.0182246794882872 0.174184254552958
0.100196964708929 -0.0344228034448552 0.0362381114182668 0.108168779308652
0.114204294926177 -0.0678151139628523 -0.0367591234320922 0.10929449830394
0.117752643291358 -0.0753167090463219 -0.0697070514351358 0.171914927959052
0.11913763314192 -0.0708711614694133 -0.116783342167943 0.194606053560372
0.130442115950935 -0.035234744074826 -0.180544589118078 0.159972157331052
0.0958225679973709 -0.0133257303944119 -0.216302526535001 0.0566704819383271
0.159152837110156 -0.0170790155999707 -0.162061215378671 -0.00700075052700321
0.217554059853933 0.129122749219914 -0.112894246005327 -0.0345728161872192
0.139015339207535 0.274379028320784 0.0592520377041769 0.0223445375800191
-0.0219060550653144 0.275815539571835 -0.0915804163725055 0.151240961803713
0.0798672097953072 0.256387939732686 -0.03870225623545 0.476549732550705
0.123901687653322 0.169138774897993 0.181240380292365 0.187239806009694
0.142627789362034 0.0591462061547679 -0.0423054207894664 0.0204310299646889
0.145089947922774 0.00683833822782944 -0.0680473388858064 0.167129145138626
0.133443439818516 -0.0514669185437054 0.0538192041624958 0.15874653002427
0.113174319169231 -0.0851669352230931 0.076187570915408 0.0865599277666615
0.118539242025842 -0.115716183908283 0.00192726111457554 0.0697778238675252
0.120200756456968 -0.121176134552748 -0.0333489376551251 0.12160279721294
0.137314168757351 -0.132512383791704 -0.0783174626357941 0.14856465291096
0.187225203861672 -0.104687291691277 -0.14389663314901 0.137540936153171
0.198653494725322 -0.0416075233684407 -0.207943688066902 0.0474962668860528
0.237080166126355 0.0390388534662024 -0.180690993375695 -0.0402192881601316
0.240973284602324 0.184158071668898 -0.129844325988565 -0.090471137715227
0.165074866087448 0.279289706991304 0.0345701448646969 -0.0585535588385119
0.0479291722391764 0.253842629997107 -0.0872180336048726 0.0429475836540087
0.115519459537592 0.235401553731155 -0.00648216861714168 0.432324155760199
0.158759376599159 0.197550334248383 0.251912834235967 0.169273299931973
0.23075930192712 0.0646325636033262 0.0325865151003264 0.00608380782209274
0.214526163355297 -0.0520100017321274 0.00629728596047129 0.13397876985159
0.155170444302488 -0.115890423420157 0.105896350774065 0.111540569485417
0.108614173423378 -0.128000742276639 0.115745203267424 0.0416569657043581
0.105332873415728 -0.145469197897451 0.0407331546182829 0.0180211206323999
0.107841011768356 -0.142156152553475 0.0014478301464614 0.0604698338659637
0.135609809747768 -0.164140522600726 -0.0455295443784114 0.0846954948644902
0.211817220056798 -0.147564971708967 -0.105308579770769 0.0858370672633346
0.265355560871045 -0.0563889082340132 -0.182160492954156 0.0129251475269333
0.27547271092235 0.0958591947660256 -0.184374748382932 -0.0861912615042341
0.221404602434847 0.217550407452629 -0.142817265396112 -0.165955934534849
0.159091404305615 0.246250082349751 0.0206889913119405 -0.155101999066443
0.102147816769263 0.186763501270436 -0.106151886884096 -0.0529629455647669
0.119611406731228 0.171855049781511 0.031863174308032 0.354266304356979
0.162446246964773 0.187388833867273 0.28228527391309 0.109216371493906
0.275626943562855 0.0473400908385837 0.0941164104506458 -0.0117505429817878
0.23855046743983 -0.111468595208928 0.0949432631351099 0.0810933102373594
0.144741382460886 -0.165057267441429 0.161745559466676 0.034222149723786
0.0841086306375721 -0.151278327685345 0.149636125258549 -0.0231822064259431
0.0761715733527116 -0.152381419469637 0.0741306907865459 -0.037953184974459
0.0802104042254385 -0.139345457530932 0.0308095760760933 0.00177799459044829
0.114762309105301 -0.164988762077395 -0.0176040524355198 0.0184205295579858
0.202986429393426 -0.155127116267097 -0.0638903519285131 0.0182879768004035
0.285110144051449 -0.0434610343125197 -0.132452257413842 -0.038468417219681
0.252318816088629 0.151821249738544 -0.157078910950108 -0.136374697055296
0.154666716800031 0.215404231586621 -0.133565300326164 -0.24604373007431
0.132933827993275 0.174226322721805 0.0263724647627684 -0.247258619771105
0.11467453858609 0.0864357121102971 -0.138477096462419 -0.118964068200538
0.0710256393652685 0.097359399382925 0.0603947246954498 0.253987877986721
0.124580600581994 0.165089369140582 0.261593872768774 0.0375052567360687
0.265270327984006 0.0223809688223798 0.130094903815459 -0.0224820868537356
0.205800720885584 -0.146970016050049 0.17052364377941 0.0161257217224308
0.100942371263441 -0.177085458768037 0.200456573763933 -0.0557954340529503
0.0432323266510617 -0.145321344543694 0.166278363227821 -0.0945499270613026
0.0345158092150016 -0.136220112896383 0.0954852814609878 -0.0896967405259855
0.0412238285406547 -0.119537550867332 0.0510583573119955 -0.0468820159234425
0.0785787985971583 -0.145412700481482 0.00403539547864311 -0.0382299288987375
0.16765013859437 -0.140401685766066 -0.0196566260713754 -0.0455858149956414
0.262096311355406 -0.0144898243086946 -0.0578727408601223 -0.0846495454100543
0.17311023061506 0.185324450706683 -0.0976341383771798 -0.170124870036734
0.061357113423243 0.163540270722551 -0.0945748931647745 -0.311239965866827
0.106858760112128 0.07215955038913 0.0507587309151534 -0.321572006869127
0.0841802634015613 -0.0242504749011318 -0.165785582582802 -0.149375613662721
-0.00984309907536589 0.0369653691658229 0.0688042557304604 0.155153206823327
0.0658128742313615 0.140555397805839 0.205186276758577 -0.00980541862569293
0.209320048623232 0.000221911899419677 0.153338169790228 -0.0225481726934284
0.129719982578401 -0.146460720476379 0.216348242351676 -0.0491070543545015
0.0369545210454596 -0.144905542002708 0.210408297559868 -0.136622411225456
-0.00502153552275251 -0.108183203685749 0.162747460570472 -0.156370356235672
-0.013588462445538 -0.0994671968132629 0.10313217281623 -0.129731300160858
-0.0036941541608392 -0.0892651528287724 0.0576932153092513 -0.0837085842083769
0.0346937576842934 -0.119700009170534 0.0165993249336286 -0.0824901786390381
0.121064707547576 -0.120540270187254 0.0238905634830872 -0.0961432015526577
0.210390074883103 0.0116345012535458 0.0263101136325026 -0.103659306975231
0.0701417870521351 0.175979717846691 -0.030802832431286 -0.171199167094176
-0.0188343662965483 0.0624673287532676 -0.0408082603441239 -0.355857243200767
0.0975523163611639 -0.0442838245383791 0.086325770902096 -0.364085682127217
0.0260250473323829 -0.123221385575508 -0.177810283501488 -0.14495030495048
-0.088081619788506 -0.00903212284650168 0.060130562907998 0.0849262977859468
0.00394445855374217 0.105582906596103 0.154071826914779 -0.0177673785354621
0.119743238372077 -0.0134653530410018 0.176568883276461 -0.0200670475631194
0.0348494003910929 -0.10867603875559 0.230022502851233 -0.102521282552017
-0.027097094184822 -0.0793693689209922 0.192921343909578 -0.187912675359068
-0.0490985136662092 -0.0466121450117824 0.140875623323615 -0.193833119969503
-0.0581527504888524 -0.0464930739579859 0.092995656641589 -0.151808903497023
-0.0474252836166571 -0.0524456689656157 0.0483169257681219 -0.107827187543509
-0.0095412013838483 -0.0926193446664032 0.0190337148485795 -0.119310119641163
0.0720650671132688 -0.10060646538274 0.0632739134920978 -0.134111753604034
0.1440173375148 0.0210338381703738 0.0970284436541005 -0.0958420338196195
-0.0200427503453885 0.114794273671147 0.010872788117164 -0.149532361768405
-0.0509684600536332 -0.0685565438443779 0.00761058593523583 -0.385669400710671
0.106274925244565 -0.151804725701504 0.120773986023296 -0.373153266257752
-0.0849117334591644 0.215786984835329 -0.12574798063938 0.334595856051046
0.0667357759196797 0.147095414605585 -0.0235366090476439 0.46020810545476
0.0569967598759621 -0.00718714800703079 0.0376593315953351 0.142213218843397
-0.0467700435716256 -0.00248385069246467 -0.124510061365123 0.0671468440788154
-0.00606216694701063 0.0783869023044563 -0.102300760880282 0.184014577188381
0.0540950250789648 0.0489297245430694 0.00630585339586754 0.163707003267865
0.0767201358676459 0.0115635386997062 0.00228007943444058 0.107813992084974
0.0975211071228475 -0.0145409293648645 -0.0693978878796728 0.134721016727031
0.0998009597669146 -0.0171027833655778 -0.101081360573854 0.205094739003665
0.0841096595018283 0.00807173199156367 -0.153889417202252 0.218299122685164
0.0509992820057429 0.0411681254707763 -0.211266498816895 0.158553371346764
-0.0223619153546728 0.00885409657797889 -0.21238393231933 0.0528574240023514
0.0694250130074264 -0.0785390343428413 -0.145349595170773 0.0204681604181303
0.1735696423634 0.060479833288004 -0.113331777768271 -0.00752656565300761
0.0890721776940578 0.235297252226904 0.0846340963550372 0.0741882899575391
-0.0672536699615116 0.26404985654851 -0.112552932495473 0.2573672212675
0.0648399690152169 0.225633674354823 -0.0414588297380601 0.487576973133739
0.0907476351398005 0.0926653035676599 0.104179590007088 0.163831011296512
0.0427090291184911 0.0284426729941767 -0.10595503127022 0.0401051555573443
0.063663547931384 0.0490179287667073 -0.103544373754592 0.187052205370351
0.0956947941951138 0.00472068225435537 0.0245317369366369 0.175121979009387
0.101217031032793 -0.0376137666693944 0.0381320167968729 0.105716419215061
0.11512528811708 -0.0742383803783691 -0.0351376014938399 0.112757195420615
0.11877646715966 -0.0821146248230023 -0.0658809984424747 0.175415677348356
0.119942978569826 -0.0755411839195338 -0.112230671806798 0.199605794513674
0.132072393728117 -0.0406967384831854 -0.178681923739961 0.168264255685443
0.0980404706331234 -0.014953521460439 -0.217935079037187 0.0629224201910571
0.160182550736916 -0.0219113625597028 -0.16336824614498 -0.00278676686316888
0.225549979749079 0.123592513957747 -0.11518721653833 -0.0327394764742027
0.147798701290536 0.273689311305348 0.058256313998063 0.0210144867257618
-0.0151004715312366 0.281068456797042 -0.0938792313429711 0.156239540983271
0.0882745397609953 0.257276989331048 -0.028244585486285 0.483363741485237
0.130126893095808 0.169293256491236 0.187132579530908 0.181087425143228
0.145402619518283 0.0567775212147031 -0.0450978434202347 0.0243574081116457
0.147343651969029 0.00294944569013478 -0.0630359011737441 0.173267409773518
0.133592590363653 -0.0564161609682526 0.0599698859359878 0.158624896062305
0.113591756648835 -0.0894406244686606 0.0785531400480871 0.083477517789159
0.117127732222235 -0.122725254028963 0.00323224330548023 0.0709259772024226
0.120731670859105 -0.127857741621193 -0.0295652552854171 0.12321076250957
0.136310419884025 -0.13865507997659 -0.0754765487232724 0.151216844456959
0.186812198976816 -0.113633785035728 -0.140229291557396 0.143737802056729
0.200529468560533 -0.0479902502800466 -0.209062735988197 0.0528056654451293
0.241910568035001 0.0333840877989559 -0.183304504380011 -0.0363750299818334
0.250265838602771 0.178880192250244 -0.133366317446421 -0.0887977245926391
0.172103773891032 0.279248151430817 0.0328122175914963 -0.0613076804280261
0.0533680340079676 0.256741692894411 -0.0908145609564541 0.0461323587053704
0.123026467533201 0.235290110248229 0.00137307534156889 0.43895262433426
0.167257410902364 0.197987570149645 0.258051784527393 0.161909679776608
0.235350387498909 0.0600980764813482 0.0303494875730913 0.00816680000525947
0.21612591054196 -0.0586741114304414 0.013180060900253 0.136801591491426
0.153772045993093 -0.122271345277994 0.111157341276098 0.1096722497146
0.107605039288711 -0.132869985775774 0.118427639694226 0.0369620007370367
0.103243898989412 -0.151736311130096 0.0416555677595384 0.0169236831093963
0.107604335087751 -0.148401685156201 0.00359086467416748 0.060537518734565
0.133644931663615 -0.170437293971215 -0.0435089745453841 0.0856213093472878
0.210042281011844 -0.157068000637198 -0.10266948470104 0.0888596537339706
0.267817731042037 -0.065369123988065 -0.183283352700114 0.0165836128591757
0.283606462208136 0.0909300619960624 -0.187685267983573 -0.0831877552301357
0.23100028578782 0.214825899802126 -0.149355306701659 -0.165065893976678
0.164688299437366 0.246885140055527 0.016976047261883 -0.158405722549806
0.105990585596622 0.188530949986822 -0.111264056465626 -0.0500201330888088
0.125492268632924 0.172138818841118 0.0398785203752499 0.35731328536128
0.171319888386454 0.187472325347668 0.28771857267936 0.100956910113547
0.281397151247262 0.0402368977553412 0.0920364841881093 -0.0101572554452177
0.237865211840077 -0.119891580527348 0.100861543480026 0.0804052802211667
0.141358498560513 -0.171536353331784 0.16474836730225 0.0301377250465914
0.0824555478696841 -0.15616995487381 0.151162444742238 -0.0290339756627423
0.0734984086244608 -0.157005330846151 0.0744643692615643 -0.0411505632746162
0.0792094619789665 -0.144141702744806 0.0320346442079836 -0.000383957042850092
0.112332477387822 -0.169817050228014 -0.0165270879515504 0.0179438868100441
0.199506407759729 -0.164335717660031 -0.0633823282587547 0.0194684843423914
0.287319380135754 -0.0522845649192232 -0.133765909949776 -0.0384870071329528
0.261212368505791 0.146730694243272 -0.161662784287503 -0.13503507632538
0.163103058635498 0.214448296814841 -0.142097346627103 -0.245363767246065
0.134651942452138 0.175325357759414 0.0210449441619957 -0.253476256981656
0.116745220473907 0.0862663746076463 -0.143891010222409 -0.116186397912406
0.0731226918674127 0.0978429101896422 0.067213793911926 0.254456467718843
0.132513090576802 0.16682938646608 0.263528196740137 0.0288271440485941
0.270089978789284 0.0149622493627759 0.130486711958032 -0.0219129652922116
0.203516604161912 -0.155089538011123 0.175692070422446 0.0117193803108289
0.0962546759374295 -0.181752771007658 0.201797194389596 -0.0621077527276679
0.0406150984897664 -0.149067459206792 0.167248790966518 -0.102149915250587
0.0305836127567411 -0.138612148227407 0.0951285938614969 -0.0942479308915786
0.0392105320141838 -0.121357576888081 0.0511868355556682 -0.0500594580545409
0.0760572029828781 -0.149525267900952 0.00298061331298836 -0.0390178814534928
0.164109789341246 -0.147945816496704 -0.0201696786652454 -0.046666169341561
0.263884062132607 -0.0225334523302579 -0.0595267415014572 -0.0869650361718299
0.182227363870039 0.184141994838825 -0.102387762669233 -0.170523079370697
0.0661112718345239 0.165223440273106 -0.102931840039876 -0.312397560124952
0.105609466406151 0.0719459417402892 0.0458878277757351 -0.32917773144405
0.0828909475244262 -0.026041011186431 -0.171343622117688 -0.146360760223507
-0.0104994928826049 0.039103822993446 0.0746064076284013 0.153310656763136
0.0718245071277197 0.142883764813572 0.206082811067566 -0.0157099227924023
0.212147292925046 -0.0063788470059161 0.15365036883385 -0.0224498136399166
0.125440874801537 -0.152356839291367 0.220670641082755 -0.0553716178586308
0.032470651629848 -0.14797114192123 0.20874837019198 -0.143279169372628
-0.0070989415700507 -0.109173604694459 0.161822789544519 -0.16412359895232
-0.016637029597456 -0.0992344051558787 0.102078963596589 -0.135407601335558
-0.00550309638780433 -0.0894828883377458 0.0570742475199548 -0.0865842587482492
0.0311305204636587 -0.121529646926092 0.0144677647157058 -0.0838348382864587
0.116767240378836 -0.126182687058648 0.0226364535999539 -0.0995619662500285
0.213258045774708 0.00427187184175303 0.0264342979788181 -0.109352246056774
0.0773468646600039 0.177823731009968 -0.0337044760060053 -0.172991571218902
-0.0183834709067558 0.0649002930117612 -0.0485263171081548 -0.357635793620308
0.094112252851735 -0.0463323874754403 0.0805933884688858 -0.373844064845643
0.0213567766587935 -0.124791985351399 -0.182203203092864 -0.141585416981336
-0.0896808040199305 -0.00570419289732734 0.0645437770826197 0.0827311096415125
0.00797221138195147 0.107749696672918 0.154379556031785 -0.0221542365401185
0.12121349553024 -0.0186157889394959 0.1786248083801 -0.0211579612941012
0.0308327172835241 -0.110790417273677 0.232100822299725 -0.109916657195521
-0.0303669082539195 -0.078875407740265 0.189789308721184 -0.195109446954768
-0.0503632276159068 -0.0453682193799339 0.138532065495029 -0.200165405705375
-0.0612892866512459 -0.0433035784861911 0.0918166372118943 -0.157658013286849
-0.0497366392058101 -0.0504570262956253 0.0469600393270486 -0.111104641712874
-0.0133134185795304 -0.0936717806010182 0.0164544702169924 -0.11997650249624
0.0682938336065104 -0.104249873357063 0.0607654632902138 -0.138181282360494
0.146040914962927 0.0154037015032375 0.0980395421835445 -0.102440948415083
-0.0161895263379177 0.117968512937765 0.00954395834161982 -0.151150523283947
-0.0552731739630212 -0.0669470683677803 -0.00235573674748426 -0.388776444910079
0.101394168525136 -0.156164274613385 0.115801962019079 -0.383041889925809
-0.0731066032294316 0.22078809428852 -0.114330310082182 0.343472614720591
0.0759920691371977 0.143328354207559 -0.00511240133582847 0.462428829074712
0.0555286304243132 -0.0109645091585295 0.0416813294852671 0.139610419406438
-0.0481915411757863 0.000780517714713854 -0.123945403378481 0.0740099755703251
-0.000141249622783411 0.0792061713987237 -0.0911059839661314 0.19168338347171
0.0570462462212809 0.0462107957259992 0.015332383288916 0.162706825798105
0.0782217895047038 0.00719358025064076 0.00556646789089684 0.106317245273084
0.0974440978389943 -0.0217780685502131 -0.0640569930660145 0.139663539173468
0.100104031715241 -0.0243507206197043 -0.0910424915654384 0.21110936549414
0.0860872275893385 0.00242158860550287 -0.143481571121697 0.226471962180459
0.0544326434920438 0.0380491418782515 -0.204751618703136 0.170881994663726
-0.0212746037703842 0.0110319936804626 -0.210408520356524 0.0641404865145925
0.065103582765635 -0.0824886416537038 -0.143192422866002 0.0267429619927376
0.178473135892154 0.0503508338891127 -0.114039176886476 -0.00130791141841413
0.101547329903447 0.23044384873976 0.0854595941964532 0.0702340038218252
-0.0541881709110653 0.269843153685717 -0.106328281817544 0.265264713973439
0.0776583186167044 0.22230696751844 -0.0201498690793242 0.492048168999185
0.0951918690823281 0.0876571810901661 0.11000439131832 0.156746032479747
0.043194146755675 0.0270107839931528 -0.107421845178429 0.0469772670192712
0.0671917418708073 0.0458755067177042 -0.0924029946858802 0.194418888473761
0.0958887087311612 -0.00079725393906394 0.0349891507434202 0.173091296987915
0.0998013602250827 -0.0437222790884338 0.0407665628796483 0.102614447848906
0.112688028447477 -0.0825450293314608 -0.0310018890260069 0.114776035940868
0.116011781013741 -0.0904650097358049 -0.0558837383354313 0.179559845743923
0.118074451172575 -0.0824472134413296 -0.102782050982011 0.204967585623711
0.130784047747114 -0.0493241828720485 -0.169893964275569 0.177827937649969
0.0981104590988928 -0.0195595829256388 -0.214452143347302 0.0737894410486258
0.159681802922793 -0.0298676120263076 -0.162553908702075 0.00418977517741949
0.23342883504628 0.111915313714643 -0.117420895728983 -0.0269274133277158
0.160396557918302 0.267465022717643 0.0575418233866754 0.0175257696175566
-0.00284921819659068 0.283429227803084 -0.0914841252330242 0.162931418801157
0.100648685506336 0.253477906564541 -0.0092477704292704 0.486122597537891
0.139036185270392 0.163394715139037 0.194390305555972 0.170416236793818
0.14829987617448 0.0506777746372386 -0.0476400059721621 0.0290342381880573
0.148456014683162 -0.00446190581011572 -0.0528846862478031 0.178049923979381
0.131238911078505 -0.0633099002439423 0.0686796107660962 0.155056949188383
0.110576771753371 -0.0966490282996174 0.0811646392774115 0.0779801339111853
0.11203744328796 -0.131519963109185 0.00642305964599977 0.0706975239144059
0.116215315926328 -0.136640548212045 -0.0229093845478964 0.123894285929071
0.131615161578008 -0.146704943699789 -0.0673895339180702 0.154597627352358
0.18170901144774 -0.125226738047649 -0.133166938572894 0.150702789448688
0.200364315014617 -0.0581827275155497 -0.206736331006858 0.0619494680073504
0.244899277882534 0.0218195707027026 -0.184642182320348 -0.0281351415420263
0.260285792814695 0.166685687378354 -0.138019807727046 -0.0828048489048451
0.183769113244877 0.272421378002955 0.0287929710679598 -0.0633050392791229
0.0656566875419591 0.256333038342645 -0.0927188040326396 0.0526231615488522
0.133885078437657 0.230339713751713 0.02041459364508 0.440451271957044
0.178842886252175 0.191814627377114 0.264689245585709 0.147676351649847
0.239399448611531 0.0486140164918881 0.0280563615668608 0.0103883123602108
0.213756444232694 -0.0703349761825915 0.0216618216092283 0.137658514850111
0.147406613099253 -0.131027930069578 0.117071468018581 0.103456995711195
0.101497481767616 -0.139403619724106 0.120558176499697 0.0290478597460401
0.0962477317797954 -0.158883869446114 0.0428982682921417 0.0139146254827255
0.101480145249765 -0.155553286567132 0.00709375837218818 0.0592245136142595
0.126363608186678 -0.177765581303509 -0.0393692513583113 0.0869920785873442
0.201487332353834 -0.170261699533233 -0.097660005614834 0.09318405682347
0.266148996235035 -0.0790289492803927 -0.182978968854794 0.023417212766866
0.28968468157212 0.0770884517457325 -0.192538320370587 -0.0743532862270841
0.243353512054052 0.203984995945547 -0.15793665971239 -0.158064442477707
0.173612004232771 0.242432203717006 0.0092477825460834 -0.161375866611445
0.114348817403357 0.185358696170508 -0.115942791006423 -0.0437141194284419
0.132403453365152 0.166508770012167 0.0549603080977867 0.355890903081785
0.182835673164147 0.182503730907541 0.290855561309103 0.0854344446634707
0.284859456867831 0.0259941157703176 0.0906388238100882 -0.0111070922742616
0.232317421150351 -0.132151517740486 0.108259345839961 0.0757883101640082
0.132159353401224 -0.178825075242963 0.167195253588156 0.0213977892017383
0.0749385153411085 -0.161745654122304 0.150675965056555 -0.0388155081254289
0.0657625235456235 -0.161906014576049 0.0731362465319898 -0.0461129542723865
0.073521958698154 -0.149223566805412 0.0330127929558849 -0.00304694439462265
0.104563903283346 -0.175940345355064 -0.0154677702309538 0.0177882917854257
0.190793183037213 -0.175778915597539 -0.0607584601457516 0.0207110123370018
0.286361673993985 -0.0677274718268669 -0.135918797563472 -0.0346209941043146
0.271093858968325 0.135671417559854 -0.168571487174556 -0.12729809878306
0.173339008864603 0.208335235504559 -0.153977570020899 -0.239131322558096
0.139372293350258 0.17230200257576 0.00994488367921304 -0.25711577085868
0.119651006639061 0.0818942464896558 -0.150839151798924 -0.108444238600143
0.0770973095168925 0.095599433159229 0.0788272666966321 0.251472295312529
0.143323860757835 0.163103807566349 0.263732545899818 0.014714265207409
0.272896036584337 0.000801093873978622 0.128730079184992 -0.0245929812899734
0.194959383928539 -0.166190900268361 0.179648525290981 0.00254059507786683
0.085681559066767 -0.187507125003533 0.19899752780375 -0.0732448376430322
0.0340213930874785 -0.151693926629612 0.16341182622047 -0.112408566483327
0.023767763841227 -0.140170269067014 0.0916354553700427 -0.101011871221227
0.0346990728440749 -0.123455445387251 0.0501267686215392 -0.0542322568118828
0.0676435669975775 -0.152328138518463 0.00191207091252878 -0.0398062165017482
0.155341048661028 -0.156945056243781 -0.0209262956020842 -0.0473989654890149
0.263235745013081 -0.0366064561890073 -0.0629610621124646 -0.0876460121900157
0.192986158260579 0.176955090748814 -0.110130326439364 -0.166567155365075
0.0727409809728587 0.164128464865368 -0.117384496948724 -0.307903103687839
0.104712366363973 0.0696866364095894 0.0324877842464776 -0.334650996297582
0.0797443655820814 -0.0291496370329267 -0.177827562437754 -0.138336719151093
-0.00959546400224545 0.0415577588969242 0.0815335021850779 0.148809044081772
0.0816671144076207 0.141762646646766 0.204759987065755 -0.0264354143821279
0.212601205692791 -0.018190016852736 0.15307476625302 -0.0263280664036498
0.116828310160909 -0.158501500940668 0.220565392764818 -0.0666760534865047
0.0235920164047713 -0.149341563050853 0.202605554140871 -0.154422188223687
-0.0116250294071364 -0.10909762143678 0.155104717521964 -0.173266113436921
-0.0215046751362286 -0.0975221474171186 0.0965168470013268 -0.142057442975068
-0.00945763419583421 -0.0884662570998743 0.0542927157736898 -0.0906315228527471
0.0242726255124994 -0.123400916731121 0.0111550768216617 -0.0841142698518442
0.109043799088476 -0.133012340101173 0.018563503742982 -0.102226163335913
0.213042783046254 -0.00807182824605015 0.0226407623216419 -0.113610681057009
0.0889881532086551 0.17607206787364 -0.0401656408968837 -0.171835577809106
-0.0167818862506607 0.0680285109252956 -0.0639219702061616 -0.354966532593278
0.0884390618315034 -0.0493860517982446 0.0664783005583871 -0.380717099838628
0.0145872366399541 -0.126169542513196 -0.188566651414086 -0.133454596405927
-0.0913580163867632 0.000499843418923769 0.0690265751660696 0.0778625825549493
0.0150799108174808 0.109623148310594 0.152272855207768 -0.028354773418043
0.120776545970252 -0.0268985827433911 0.178770966284171 -0.0270660512526718
0.0232525024931953 -0.11261679807688 0.228418346523262 -0.121634920499739
-0.0359074500448814 -0.0767822456251603 0.180320845300228 -0.204662577415256
-0.0525565321893437 -0.0427473787764396 0.130274147564445 -0.20849897143559
-0.0632695622375597 -0.0390983118308091 0.0846070489086145 -0.163346374968481
-0.0527158029928242 -0.0473796861880845 0.043218971527327 -0.11336981012465
-0.018982915978393 -0.0923456691525376 0.00993364127641451 -0.119881836012004
0.0615195714469777 -0.107795859660879 0.0547632384772142 -0.143297694058367
0.146659723318806 0.00628900794377942 0.0950323952256707 -0.11054186676052
-0.00832288799106151 0.120666280695866 0.00464446306383623 -0.151153235598002
-0.0596289621103106 -0.0620207678409142 -0.0191729277217931 -0.386800431356882
0.0919916762421504 -0.161562669352798 0.100465763099779 -0.391509263721399
-0.0585713730022219 0.218917612016705 -0.0989411622908223 0.342548671520459
0.0830817527087709 0.134400181951636 0.0150945411925248 0.451059811221234
0.0519616944906352 -0.0140535351988025 0.0451542934083425 0.133443067067831
-0.0478411961495187 0.00415490668697153 -0.120253617276823 0.0796958046248746
0.00498418098932846 0.0768365353114772 -0.0773887288943808 0.193046675939892
0.0585753921795742 0.0414804533587763 0.0251276550892269 0.156765115553112
0.0770112475749765 0.00255257861471877 0.00834190335348147 0.102496402455806
0.0937805197492097 -0.0284893609458374 -0.0563383948960717 0.140276339207016
0.0965572145099275 -0.031595322766267 -0.0764300403369876 0.210198935224412
0.0854163767046405 -0.00272846671008047 -0.127813829754157 0.227645604589777
0.0559902537917943 0.0326994425568997 -0.191689934116976 0.178404966496908
-0.0193440109226589 0.0137133790183242 -0.201624661804071 0.0730742514146502
0.0575372205386888 -0.0835791734541935 -0.135701451054732 0.0326100725655773
0.176929459567168 0.0380999468833772 -0.110991017321283 0.0051394575856522
0.11123100773962 0.217978569658955 0.0844459146149267 0.0646635477057607
-0.0386930684357193 0.265661845729727 -0.0952459828352033 0.266736931085279
0.0876711064798616 0.211456952071169 0.00170769887177035 0.482112332058642
0.0966909766344228 0.080653252110443 0.112671893241388 0.145997704129744
0.0425166190928657 0.024831253596194 -0.105899393468404 0.0528571416137541
0.068774014508383 0.0409874873139029 -0.0775315223779103 0.196619691507542
0.0936683848979243 -0.00556467468572296 0.0445344358497635 0.165379811671458
0.0956318732199373 -0.0484885054516692 0.04366463210172 0.0965353725478864
0.105524952616857 -0.0881671933156606 -0.0250867077864068 0.113896562825631
0.108601043604193 -0.0977371901148244 -0.0446640199699151 0.176721918379634
0.112708213397337 -0.0882905051115046 -0.0888749160875086 0.20402982282263
0.125823205092381 -0.0569574896265573 -0.156415048730652 0.183214452751356
0.095681611888518 -0.02378165424789 -0.205555158741237 0.0821525180940117
0.154543122410996 -0.0369834174830946 -0.157450959312536 0.0120032709893703
0.233298467988744 0.0952803125774788 -0.116435576547246 -0.020144947581107
0.168671492812644 0.25228549352234 0.0553230615435962 0.0147162580235023
0.0106270270894236 0.277472006468048 -0.0858781132276749 0.166342870635541
0.1110624802816 0.241516809223818 0.0130242575164846 0.476150841388607
0.14403837994679 0.152877468921948 0.19599182991707 0.153831714998093
0.146371585670152 0.0420134675343598 -0.0487665626742748 0.0330059562204356
0.144285073312837 -0.0121901652220361 -0.0395544351977534 0.178272775164558
0.124197467429642 -0.0683145100740448 0.0754500630215641 0.146747536809695
0.103152280577942 -0.10039513031825 0.082058004195669 0.0705229988435308
0.102465445953323 -0.13558995126995 0.00987978081407545 0.068009618296618
0.106782972124107 -0.141535621168348 -0.0156120093220769 0.121308421608971
0.121617701910654 -0.151926493495761 -0.0577300352219947 0.152796806093766
0.169558125661986 -0.133979069010615 -0.120505280465686 0.15285015379498
0.193206028576138 -0.0671038199794464 -0.198371462370981 0.0706174100111022
0.240186487006883 0.00834878330850749 -0.18093561674752 -0.0178222945077514
0.263079311536765 0.148793932617782 -0.139612092977086 -0.0728396061890877
0.191725539314989 0.257903406464406 0.0231433069875572 -0.0632746235422048
0.0747486791987283 0.24852614095404 -0.0911239768955956 0.0585319636695263
0.14180284767215 0.21810149957046 0.0391873139878481 0.429898543297146
0.185695060516461 0.179502257907458 0.263354131652772 0.128482691305825
0.23673231928862 0.0356021244467019 0.0255052519204444 0.0118763673418602
0.204445075892035 -0.0797006417544269 0.0312291063943601 0.133936733448247
0.136022357287896 -0.134781851506876 0.120074603459532 0.0938706358957556
0.0924870900233905 -0.142189730258345 0.118243774509555 0.0208286365971416
0.0855545718720021 -0.16110116193838 0.0429378523479034 0.0104520902976641
0.0920463263154265 -0.158788973092862 0.0112032190634867 0.0562436615483306
0.114519312806252 -0.18106085722388 -0.0335254865839317 0.085488114328358
0.186529163858404 -0.178287770833028 -0.088812862161591 0.0945306792055665
0.25580295426892 -0.0920093379309903 -0.177318287056238 0.0303028436535986
0.287408816180062 0.0599646108440937 -0.191438237153487 -0.0626254674846954
0.247253962836252 0.186571619694871 -0.162305340323694 -0.14602038398841
0.178315348135446 0.229801581774028 0.000847758577718818 -0.158196743997523
0.118733581096577 0.176116978370276 -0.11774850080635 -0.0347535948653114
0.136343819537612 0.156672401697353 0.0698452851634651 0.345764328921929
0.189936682946428 0.170150251822485 0.285590120726463 0.0661568285488252
0.279973301357354 0.010630491245406 0.0862313158717396 -0.0114344025153901
0.218733563108879 -0.141419324469871 0.111847440345673 0.068034399762262
0.118500274064644 -0.181127727435225 0.164306797424755 0.0115136497091501
0.0652448124895583 -0.161971422258477 0.144615769634098 -0.0478564891542669
0.0557477293178411 -0.161716548379235 0.0691000272081308 -0.050337001575039
0.0650313872103972 -0.150228867893833 0.0328783573367224 -0.00653573921792117
0.0928816144937619 -0.177329197459352 -0.0140747798826094 0.0174559507510566
0.175284321657767 -0.182850168270863 -0.0567473044557136 0.022152861011772
0.275410021483075 -0.0820636169349407 -0.134118348298418 -0.0289058819826662
0.272452814669926 0.118870057576319 -0.170591934210395 -0.115989926604966
0.17945446183731 0.19567242063623 -0.161687634757192 -0.224990131590604
0.140686325962405 0.164212968204837 -0.0020882948253365 -0.252697214632051
0.118661387804015 0.0754349578626515 -0.153373123578619 -0.097369525160984
0.0785253526610814 0.0907761922533799 0.0882260957116696 0.241324353205778
0.150526568951524 0.153550307972384 0.25549855497072 0.000224368029826487
0.267098163396219 -0.0137454624372647 0.124442653625399 -0.0258414924693882
0.180418803962618 -0.17233595880388 0.176834503622439 -0.00681179197955516
0.0729211169051014 -0.186772684706056 0.19074174860245 -0.0813475091680066
0.0254172998768521 -0.149853597403048 0.15412951991433 -0.119965060187824
0.0162436938896402 -0.137766769072274 0.0853809031156527 -0.104630459432993
0.0282646156567506 -0.12211608896146 0.0474427629376563 -0.0566426089817718
0.0578644377076004 -0.152609516418671 -2.90577062864605E-05 -0.0392327572179952
0.140638036539535 -0.161223324288545 -0.0220236789211938 -0.0468117920909043
0.254597912669732 -0.05087455186434 -0.0650826896841039 -0.0845777091639579
0.199563978584269 0.162984975732953 -0.11472117893973 -0.156425427208897
0.07872477829922 0.158278312916989 -0.128732711739467 -0.293514150569027
0.102397090349417 0.0660312754385388 0.0160404718994656 -0.330562632900857
0.0745643095513968 -0.031712294720855 -0.179926108794933 -0.125919385635918
-0.00788126384793815 0.0425127472312157 0.0864192619750859 0.140261008970405
0.0897936455644982 0.135080036820247 0.195715661071622 -0.035803281275888
0.207137322760932 -0.0309568994772168 0.149559935599103 -0.0297026809489691
0.104142872128216 -0.160630566169033 0.212852278189936 -0.0773518579410992
0.0138373108523832 -0.14602046699199 0.190200074855212 -0.160981193039622
-0.016714747899513 -0.106132272606083 0.143910891176062 -0.179025453473576
-0.0263642869005731 -0.0926554508717184 0.0875441957877338 -0.145745726290454
-0.0126051632576677 -0.0844331266151743 0.0497036129330595 -0.0930114136341035
0.0164571678907288 -0.120565835318544 0.00730694568817343 -0.081842063010177
0.0969892164899014 -0.134438914573634 0.0137738788071334 -0.102024413446912
0.20685742441634 -0.019948805450605 0.0169854385391911 -0.115107789408353
0.0969989166745122 0.167316547827808 -0.0463678677969942 -0.164843590013485
-0.0138947271494564 0.0700937612876416 -0.0782813043481148 -0.341778318212204
0.0799895200378251 -0.050223412833715 0.0478981593798155 -0.377146783110536
0.00593053145693608 -0.123102873245654 -0.188778288428707 -0.120622676725627
-0.0893771307615389 0.0075301614873806 0.0723837845934245 0.0706827921489151
0.0224120885800216 0.107317881798795 0.145840632562198 -0.0352716592833056
0.115664258293151 -0.033663742821877 0.174088294739803 -0.0329147449223119
0.0148232412158356 -0.110586128552538 0.218383678973353 -0.131264693842892
-0.0400816008741831 -0.0719112361287935 0.166037801139418 -0.209077772972822
-0.0528146427311303 -0.0387669689618272 0.118033585032515 -0.211263313769452
-0.06375806068048 -0.0329534353010443 0.0758792621652914 -0.164921280573516
-0.052757943433408 -0.0427628031763351 0.037237478911037 -0.113594220400327
-0.0243905005822774 -0.0887334270188862 0.00361686655368091 -0.116028874553888
0.0535442287413504 -0.108074184680531 0.0456009695618427 -0.143581388049792
0.143519500202777 -0.00227192750290477 0.0887065664753802 -0.114739134117681
-0.000397654083449231 0.11915312573556 -0.000857450382824343 -0.147759853936302
-0.0629213553043846 -0.0547994654667405 -0.0356522558733705 -0.374659603746348
0.0788794675642466 -0.160257677728205 0.0814981795938662 -0.38995481015752
-0.0259795502564057 0.22243616291469 -0.0545310331312603 0.320951822694007
0.0965327767338899 0.118510017943896 0.065249224401284 0.42426918119615
0.046574608897586 -0.0197944154737951 0.0545655854551998 0.121484894268476
-0.0453311517492733 0.010301671329768 -0.10456009144 0.0954041181686798
0.0138255777111101 0.0719249283463937 -0.0450009122496105 0.191937581889342
0.0604125079796986 0.0322855561579677 0.0445901450346578 0.141744643588241
0.0730967392770562 -0.00701498622495563 0.0192579510066875 0.0944871593527718
0.0849702397320327 -0.0402875989436619 -0.0366399985530077 0.139384111227811
0.0878057342334325 -0.0441328188009206 -0.0463827697165012 0.206133297546655
0.0815165750226527 -0.0151106433015133 -0.0912973629789917 0.229300368816879
0.0592508514097595 0.0221940059277636 -0.159943260308016 0.191192803517267
-0.0134487771307205 0.0170252838120905 -0.183908422396036 0.0948326275224109
0.042171502293086 -0.0852374321409732 -0.125662234275861 0.042415241361502
0.169448203975701 0.0131947361179533 -0.0957485399056431 0.0172199307513952
0.132058373324495 0.184521085694494 0.0895356132395249 0.0594456050532662
-0.00180810992661959 0.266468289639455 -0.0630866243866508 0.244793187768186
0.108290047127383 0.192345492905688 0.0556031715379588 0.451470312470398
0.100659962255509 0.0645218932085378 0.119446365015608 0.119111627771132
0.0418978477718537 0.0201806200442665 -0.0970187707894795 0.065906625100273
0.0687397580520546 0.0312626801067002 -0.0480132464861821 0.195513981240419
0.08854935021764 -0.0153808149205116 0.0608041796089901 0.148482432384685
0.0863314900742542 -0.0563913019090422 0.0509963127977317 0.083683951506134
0.0881943725195042 -0.0983012648817532 -0.0102933312476597 0.109840162515012
0.0915600094663457 -0.108115765419478 -0.0208870618936633 0.169888351928019
0.0962277504962922 -0.098420512964845 -0.0579126516099811 0.200683223224009
0.112135234053383 -0.0707302554562986 -0.126626016975119 0.187998742848221
0.0905301032452341 -0.031728377645699 -0.186348684455326 0.100227445687276
0.139962380340705 -0.0538525041782522 -0.145022059752135 0.0243092348666712
0.227664277324362 0.0606413856185339 -0.10018130699019 -0.0062642998700574
0.188486076909726 0.211141026668782 0.0574473042535624 0.0165687049441237
0.0472505762975621 0.270402740908486 -0.0710503452167402 0.148267205093571
0.134104215045243 0.218570105587632 0.065014732680446 0.444051348787876
0.156091800388767 0.127485379594224 0.197314335099716 0.11336215622105
0.142393624316555 0.0251355333525182 -0.0476241818030438 0.0373898182037214
0.134295661863335 -0.0279735832338705 -0.0178400517526665 0.172525735036976
0.110402634124329 -0.0785587919202704 0.0860956610401216 0.127411711177845
0.0865670564946807 -0.106743350686871 0.0837528352715775 0.0528118115600308
0.0799908270361792 -0.142230119435034 0.0170556374897815 0.0614376362159164
0.0842614005436501 -0.149460970048277 -0.000198072973974162 0.112731784468528
0.096639991152241 -0.158202795873731 -0.035905595206494 0.145608896295966
0.143876992934024 -0.148528674141449 -0.0982239432705206 0.153636697964182
0.175769781450395 -0.0850577718707347 -0.181220640848631 0.0842942977639771
0.227923242479042 -0.022184798214497 -0.169119696228216 -0.00225755084322121
0.260729179633373 0.107321774137942 -0.126952947324086 -0.0516814087901349
0.208499085495894 0.214860503719058 0.018534555850344 -0.0549623920371192
0.104413839718623 0.234038403380018 -0.0928212101409389 0.049371617760361
0.159085418831901 0.193625996788968 0.0843095426329189 0.398524686949992
0.199410295211917 0.148162971143462 0.256251251160498 0.0789001797440552
0.227679183255904 0.00931006482111932 0.0175139816419373 0.00543257040477484
0.183289907817807 -0.0977531512723837 0.0401424972471018 0.121976294707576
0.113771006957413 -0.142854127823457 0.119535401080281 0.0735774480902146
0.0726331243628866 -0.144864315040025 0.111904529619824 0.000284568191047048
0.0610320202060292 -0.163937513913953 0.0412872788519261 0.00210447254676844
0.0683940746259084 -0.162984647215881 0.016608394785663 0.0474137299844296
0.0861464786504382 -0.185048303747952 -0.0219627728070103 0.0785961974965735
0.152916236618575 -0.192599186938714 -0.0767352415504344 0.0927827210830965
0.230244426924919 -0.114879426559361 -0.165071285193737 0.0411975739909102
0.279100956794812 0.0201526156361544 -0.181499528457194 -0.044420667746694
0.250094692640577 0.146261618609349 -0.156676689229989 -0.116496171501549
0.190978709834805 0.19236710169066 -0.0142288761480627 -0.145170946784398
0.136423760047255 0.158089480840004 -0.13113350601137 -0.0302817094753311
0.147370541145222 0.136237865376171 0.102957797991183 0.316390660482537
0.203089665910783 0.139155296788199 0.270456163669813 0.0173514802735535
0.266808925254311 -0.01980050130588 0.071268757942614 -0.0251596341376497
0.190919573497533 -0.157626633770477 0.106283553674097 0.0500995617478805
0.091207480799953 -0.184762796868798 0.150375084244377 -0.0084055016053383
0.0445145560811214 -0.160380339795175 0.128671889136795 -0.0682490895919289
0.0330968141128257 -0.160126877025224 0.0585041673969318 -0.0588489722316916
0.0437426210446158 -0.150472440679552 0.0299845549900693 -0.0146145325006298
0.0653572685354814 -0.177118693355807 -0.0125625433506247 0.0124489593053429
0.139910053848521 -0.193630295752104 -0.0544482356458791 0.0196374893789839
0.248956448897964 -0.108698116759164 -0.129914473975764 -0.0212257720609197
0.272651753671583 0.0777625214801492 -0.165971800661905 -0.0948671710080288
0.187786264530597 0.164768640604988 -0.169131311414926 -0.189702764895489
0.146252028582224 0.137495862895916 -0.0300744935933014 -0.238141726652081
0.122007492740865 0.0589579714776506 -0.169753604714493 -0.0775015671580659
0.0850051224233764 0.0806964011115943 0.110387618816924 0.215673742551248
0.164421818954326 0.128668666352844 0.234917947592525 -0.0410555821752237
0.251780379888654 -0.0429333413022592 0.106244063800733 -0.0435810285737437
0.151028388317016 -0.182224118294072 0.160359148245718 -0.0287218399789364
0.0481703505691835 -0.184591042164063 0.1655247240405 -0.0985328811701428
0.00770494122323789 -0.145593065183374 0.129583550541506 -0.137390820712994
-0.00110443907201865 -0.132473071386869 0.0670416156615762 -0.112226321428862
0.0125320044779848 -0.119103837359604 0.0372252566975407 -0.0634642449220055
0.0360639263385555 -0.148549406312221 -0.00572285716679101 -0.0415568900010725
0.111148684327683 -0.16861110827442 -0.0293667735963368 -0.0486376593676698
0.231706741916118 -0.077548499917327 -0.0697371340971817 -0.0827565465595415
0.209332714306184 0.128954005036884 -0.117763183021439 -0.137974394075581
0.0886607195158034 0.142326033258396 -0.149975881727961 -0.257173822572465
0.0963497080175003 0.0513119586466149 -0.0217951795315566 -0.318408610260801
0.0654575771930336 -0.0390929311465077 -0.191922900492745 -0.0940246983927593
-0.00311002926194541 0.0442059383749495 0.0996380818346683 0.119911313286493
0.10410687054639 0.118043662991521 0.176775410574252 -0.0660064664637474
0.193273811506365 -0.0520005202204584 0.132277866989692 -0.0494876905860389
0.0797744754357122 -0.162057221162604 0.187500321297669 -0.0988688672666183
-0.00390176985732447 -0.138985364656223 0.157773758286835 -0.174248376407505
-0.0276521666393964 -0.0998367661501971 0.113601622155651 -0.19200087273438
-0.0357840450508247 -0.0838708371741761 0.0652585818753683 -0.150776342876796
-0.0222938751969966 -0.0771900394621681 0.0357367557594254 -0.0961861354794828
-0.000250826754231941 -0.113209374484287 -0.00517829433521174 -0.0812146270399347
0.0727407390089694 -0.137032129391312 -0.00146773753287477 -0.103832467684383
0.189062378739272 -0.0432161252537003 0.00564890941260316 -0.119598550521316
0.113870071223027 0.14650779341204 -0.0550658299614668 -0.150692885788944
-0.00817209959043979 0.0720017397511708 -0.112841669570902 -0.309688794271913
0.0604707411763963 -0.0541817934038894 0.00309619765095474 -0.370966734934993
-0.0131007287255188 -0.11991424127743 -0.191766106507206 -0.0825209097175296
-0.0834611974075556 0.0186454883497182 0.0798912452670652 0.0559704436912787
0.0362037887697919 0.0987746751089433 0.13267554448851 -0.056851017534282
0.105915270098799 -0.04580410039472 0.158648704863338 -0.0541337327468254
0.000971513711722409 -0.104662483165606 0.18854355680256 -0.150122661308594
-0.0463757774436537 -0.0632661459996113 0.132371414330839 -0.216282111815061
-0.0543781843258678 -0.0316992129036162 0.0869348395960533 -0.218069316671725
-0.0635259439777349 -0.0221824715713865 0.0516443064263701 -0.16726010662097
-0.0555137500400361 -0.0315664340463579 0.0211160869286177 -0.112825787483599
-0.0348310269995145 -0.0784342152563429 -0.0116887896478379 -0.110602700445614
0.0348726323119861 -0.106361007667834 0.024508962079372 -0.144780183380152
0.131488352616917 -0.0209376073659065 0.0741349324527503 -0.12718498312203
0.0170047363865389 0.113405912878445 -0.0125477321552538 -0.137722336646749
-0.0688531888552204 -0.0389371651720701 -0.0815048726675327 -0.348565234772256
0.0459702210795453 -0.157976714630296 0.0338539346521686 -0.390130023713205
-0.025106438703756 0.212703998423604 -0.0573519159462514 0.309714779474204
0.0925952947064577 0.112361098268779 0.0596758412712957 0.408058779960736
0.0434849873159154 -0.0190649923918608 0.0490364373406173 0.116168358860805
-0.0444516104000754 0.0105827053684848 -0.102933020457691 0.0922669035690862
0.0138134276813807 0.0676689607560963 -0.0420254090501103 0.184314682207449
0.0578271585510428 0.0310966381093044 0.0423468475994438 0.134580807280199
0.0707947948473377 -0.00681832748657537 0.0161700836211956 0.0908544611973502
0.0805859786972026 -0.0401482123681555 -0.0366006935790715 0.134263221234732
0.0840222029900337 -0.0442072266793914 -0.0450965795619592 0.197072379548045
0.0794976848865403 -0.0159855881887032 -0.0873266259394413 0.21964707178658
0.057236138352633 0.0211018179874718 -0.152708838475749 0.183350362617349
-0.0118666495659422 0.0164325050123034 -0.177269001049773 0.0892195192079447
0.0400170483486167 -0.0810357287337858 -0.119004237651544 0.0390643759673133
0.161888960798493 0.0113495934173669 -0.091917048988575 0.0164352618681409
0.125162513323224 0.176608273182602 0.0830678846888929 0.0588416179420889
-0.00368216882467634 0.254879867053216 -0.06459739615032 0.237407502716891
0.102917857164317 0.182795869035901 0.0500762753492051 0.435238727145641
0.0952782419118994 0.0622635478570646 0.111053596903435 0.113853839743665
0.0395315077680644 0.0210582409719288 -0.0965866715044746 0.0655986366400299
0.0659379217494284 0.0296097006637617 -0.0450659830074985 0.18681749121356
0.0845569086248844 -0.0145546325044125 0.0585488030035844 0.140764509477464
0.0834159215402338 -0.0540243133312121 0.0468442080072452 0.0800778070082362
0.0840629366003632 -0.0957668340181582 -0.0102170378787147 0.106304239493719
0.0879649055679254 -0.105477657896284 -0.0203877204621013 0.162037954535537
0.0936022037115027 -0.0960268008998034 -0.0564957190554981 0.190972549240701
0.107687503610797 -0.0687540732145221 -0.121237185951799 0.17984385632486
0.0877203462157255 -0.0299876485532488 -0.178671547803169 0.0945404334428474
0.133534202377335 -0.0500678008237698 -0.137760070474744 0.0220926519878038
0.21776542573557 0.0579203702580629 -0.0962195939638024 -0.00585337829197384
0.178357639734801 0.204071251787186 0.0532103368654185 0.0172419735709093
0.0426943702135146 0.260595628137821 -0.0714425538143098 0.145157689551031
0.126635334464848 0.208866893350085 0.0575446691369287 0.428159349871256
0.148250425801725 0.12299911749783 0.1854475290577 0.108204281463461
0.135831563127039 0.0257717118389082 -0.0478352512241737 0.0386735609465259
0.128911044599229 -0.026529540237672 -0.0160537184257938 0.165169372702062
0.105062072509838 -0.074535827216054 0.0823086893481496 0.121064888967332
0.0844812151626125 -0.102548609247631 0.0782272311929065 0.0503905100675127
0.076483769098702 -0.137403487992295 0.0156902198689014 0.0588699057970187
0.0812075627765888 -0.145402991537518 -0.000549266528581739 0.106818165478817
0.0933284610473715 -0.153361634899783 -0.0353509036335296 0.138781025568829
0.136665344133076 -0.143278358890789 -0.0940851155290069 0.145557202766115
0.169214912666811 -0.0815597897605916 -0.173819097779232 0.0792612350184887
0.219002469952408 -0.019601749060267 -0.160880890358464 -0.00289445409417731
0.249517893558405 0.103788981554672 -0.120690393122956 -0.0502879733664014
0.196609732225443 0.208518470589251 0.0171736799411461 -0.052287486066864
0.0966440018229561 0.226082110748896 -0.0915923026398933 0.0494626964303654
0.150482913393805 0.18669429624044 0.0763923379620177 0.384821402305226
0.190541624255739 0.1436555777711 0.242843239992689 0.0763418083109556
0.218065376337654 0.00967361126618406 0.0153625437367619 0.00907263832427108
0.176249358578452 -0.093107351743019 0.0393009201425914 0.117062851498621
0.108760234452476 -0.136035494805282 0.114278035265076 0.0703450537023032
0.0703606088934476 -0.139477902378877 0.106157072702222 -0.000354336680624274
0.0581864008699041 -0.157866103944474 0.0389253722704591 0.00116037379089077
0.0661399096246568 -0.1574185469446 0.0159931905897977 0.0432295658551256
0.0831575671257522 -0.177227426402772 -0.0212784614040287 0.0745428997757646
0.145107909902613 -0.18411623478894 -0.0723445199333421 0.0870792278699954
0.22104618615167 -0.110621369654712 -0.158277870023868 0.0373658114099643
0.268118990723094 0.0210226143193304 -0.172517606640599 -0.0423310352183404
0.23975656757084 0.141523748329105 -0.149029858550468 -0.111561259991827
0.179602894578508 0.187940468009329 -0.0132169062649613 -0.138638866301367
0.127980576400512 0.153968811148592 -0.125896719840969 -0.0270590063369743
0.139472899901259 0.133278657823143 0.0962122602624013 0.304933777347945
0.195269473755537 0.135123808806942 0.255678554220753 0.0169281216224022
0.256876486831953 -0.0188018515053482 0.0686589937186275 -0.0201030591593688
0.182551946363773 -0.150279494203831 0.103245544827773 0.0476094692479494
0.0879880282087543 -0.175871518844648 0.143935629531785 -0.00768746112136347
0.0434356297444005 -0.154535507450818 0.122603881913118 -0.0660295502231945
0.0316559883680303 -0.153614843310762 0.0563599644739973 -0.0575169089299494
0.0433970537619662 -0.144816325589618 0.0297293046700797 -0.0158220144473808
0.0635830613929788 -0.169447656022069 -0.0115592582159149 0.0108173643376277
0.132685216966456 -0.185176486451191 -0.0515842745920189 0.0164769493683139
0.237758241870208 -0.104119597650358 -0.124490022047274 -0.0232289047801956
0.261417872959696 0.0759629003234958 -0.157290419742698 -0.0918328575862965
0.179648532895618 0.159674925424095 -0.158770155518386 -0.181731444510002
0.137309006810826 0.136715377191383 -0.0265930134328735 -0.229210532379831
0.114464689817062 0.0595211812578989 -0.161842012771774 -0.074176854436056
0.0803846762395413 0.0796003481642239 0.103367232206796 0.206879064298466
0.15901314738222 0.124268436098491 0.223002445174601 -0.0378069588450924
0.241976332250525 -0.0412368918916366 0.103829398841191 -0.0375155043804229
0.144353878270525 -0.173606922434343 0.155207750206458 -0.0273449057567262
0.0461613324837442 -0.175457522091859 0.158730266896205 -0.093853648488672
0.0079883333727169 -0.139485142859286 0.124111798390545 -0.13257330381614
-0.000780691664919955 -0.126516913287645 0.0643982285781568 -0.109380506209799
0.0134570383288641 -0.114174123129408 0.0371128509333498 -0.062270551345015
0.0341473249108573 -0.142007442520363 -0.00520496879640317 -0.0408283302929937
0.103839059604389 -0.16011910673875 -0.0277520643435491 -0.0488978948397642
0.220478046884117 -0.0736165323603815 -0.0661165373116503 -0.0818962524423636
0.201475297979296 0.124880792121841 -0.110115805070291 -0.132113758817636
0.0849527059711604 0.139515724759595 -0.140803735025755 -0.246696074445666
0.0898753879529114 0.0533389656014019 -0.0186992690813229 -0.306927150040409
0.060139667412401 -0.0356411277335816 -0.181990615893297 -0.0908394314054483
-0.00320974296027171 0.0447118296141116 0.0937973326325238 0.114560152777021
0.10114611495551 0.114220964633121 0.167682044100695 -0.0623679919717563
0.185000948548678 -0.0505747369478536 0.12885023026884 -0.0442053990265553
0.0751595451168481 -0.154583968547306 0.181487560256267 -0.0951920411825022
-0.00295899666031878 -0.132505158586246 0.152738171057766 -0.166804190588902
-0.0262045369003022 -0.0952255319905406 0.109848333968883 -0.184070445331249
-0.0339000024032878 -0.0791918372388712 0.0631558953212803 -0.146100779753042
-0.0198540367786902 -0.0738020809514983 0.0355059914010337 -0.0936541831644636
-0.000203482056180272 -0.107373523620201 -0.00290196605378418 -0.0768574480291657
0.0675187480493974 -0.13091247928726 -0.000987543026245373 -0.100388501304403
0.180039413385493 -0.0413998167399752 0.00676458673412453 -0.117287614708124
0.110417034778962 0.141083411962623 -0.0501646180261897 -0.143919783786
-0.00843844712058235 0.0715479811840572 -0.103181042990541 -0.296357895266344
0.0569973918050161 -0.0485107116067371 0.00547700033137726 -0.356917437619898
-0.0135301675381881 -0.113817596908293 -0.181788608889296 -0.0814631167638454
-0.079869206582318 0.0197958048191341 0.0757931931366944 0.0517512544781878
0.0364638341760803 0.0941036212076182 0.126192040451176 -0.0529026161220685
0.100968421309969 -0.0444264251512079 0.154565057791568 -0.0484506022568512
-7.48753831987994E-05 -0.0994978908228143 0.182473214257011 -0.143152179637789
-0.044267211086783 -0.0596877750326394 0.128733028876332 -0.20655044287633
-0.0522352959390614 -0.0308889260346127 0.0850907887460956 -0.20937477660257
-0.0610383802699273 -0.0204673199879534 0.050819278689445 -0.161306462936803
-0.0516149230019705 -0.0300729745482033 0.0227027213388291 -0.108596717809552
-0.0338816274368898 -0.0738533125455998 -0.00977558310332897 -0.105130377143799
0.0325483421720459 -0.102023624463458 0.0236311501032904 -0.13874680996281
0.124794883925894 -0.0199998643685315 0.0728580821648476 -0.123560228059401
0.0174916138962618 0.109438949018552 -0.00860422918688385 -0.130598311829218
-0.0661969296834977 -0.0348886392981836 -0.0730960479881694 -0.333104170813208
0.0441802110311545 -0.150038407585368 0.0356356099967078 -0.375289488445733
-0.0296507886580166 0.207552578649383 -0.0687017466111541 0.305833371991037
0.0889001678436009 0.110432774678973 0.0446821807493876 0.403436968247101
0.0415898887314743 -0.0180760602426956 0.0437641988448107 0.114977653272957
-0.0444025182980766 0.0109054361219606 -0.106465003326107 0.0899093333790194
0.0126745764865422 0.0665145187845232 -0.0444159244606014 0.181302930958063
0.0558232439069263 0.0321454234836714 0.03929881940855 0.131907895182441
0.0708361023668138 -0.00510394466154861 0.011506899210474 0.0898800400606589
0.0801166254300692 -0.0390148850783616 -0.0404052912361412 0.132071517688054
0.0830609085817164 -0.0438786508755087 -0.0491921028344803 0.192248488709953
0.0793332515556114 -0.0147825989813544 -0.0918079301894101 0.212540155624776
0.0557578558732254 0.0206597804954265 -0.154948416261954 0.17631851606559
-0.0106269755870646 0.0164451527310902 -0.176373057545724 0.0825652310100716
0.0404492003925494 -0.0782117997941486 -0.116895673314088 0.0337012033653299
0.158094928239667 0.0142470204409437 -0.0901789167408775 0.0137644447548079
0.117806701840644 0.17589397141563 0.0783126923005094 0.0614143973297228
-0.0107506403547639 0.250243538886724 -0.0743957283119574 0.23508995365005
0.0960338004417371 0.181007655335818 0.0353635631502456 0.430254617119102
0.0904489887790966 0.0637859038853966 0.10434539097745 0.113858038649729
0.0373150053743852 0.0220205860357426 -0.0982863595648219 0.0639633301606529
0.0645674711203727 0.0307575154730268 -0.0479795158503946 0.183658650043433
0.0832675278834258 -0.0123400868955841 0.0548376968924196 0.138288118521965
0.0842139754557861 -0.0523793503124662 0.0425689538485833 0.0797637637733883
0.0848030694654238 -0.0932892214686826 -0.01390279197097 0.103981389854129
0.0889223979667563 -0.103118081271135 -0.0240513648664448 0.157398820364698
0.0949243840010802 -0.0933977667366546 -0.0606548127584372 0.185572845241681
0.107497463763425 -0.0657815333893056 -0.123582632992823 0.172735815373319
0.0884383862421879 -0.0280397020862535 -0.178154585348766 0.0873463499739831
0.132147652653111 -0.045109006927252 -0.13451832955173 0.0172841457348816
0.212719636948359 0.0618830846241006 -0.093960096168207 -0.0079808026191658
0.168278909680334 0.20586301011511 0.0506700868879464 0.0197967531337261
0.0333449878713034 0.257889829365928 -0.0775006777591997 0.144470728091513
0.117549008955196 0.209212262372916 0.0443326920281671 0.424205941411566
0.142048724908553 0.125270901670776 0.177644567534367 0.110547674304474
0.133009927766824 0.0294932446631543 -0.0499099664880259 0.0394902288643385
0.126736427062961 -0.021532340537604 -0.0187187095729624 0.163418181651943
0.105442375977411 -0.0701868682297312 0.078645147485382 0.120873646913199
0.0858199459622589 -0.0993020072871042 0.074902695881006 0.050663943840368
0.0782033310073822 -0.134592166267338 0.0138701074929725 0.0577683728444807
0.08338332590795 -0.142651640539946 -0.00319635852358261 0.103806687004796
0.0968846215318691 -0.14982020340932 -0.0377321241211474 0.13430384157667
0.137080539702162 -0.138326499257153 -0.0952812113708398 0.139515514069534
0.16962336900598 -0.0761901623553566 -0.173318870536176 0.0723003561503724
0.215142148410638 -0.0128316725029438 -0.157224527527734 -0.00773832401081603
0.241969414412062 0.10923860880412 -0.116871248570261 -0.0515468216564572
0.185883470110876 0.213288485713838 0.017820433472729 -0.0497051486392301
0.0873360783493852 0.226874196644951 -0.0933077822094367 0.0499739805262738
0.14171883277567 0.188752936574002 0.0632275983875107 0.381126289997902
0.183498076165171 0.147055988230218 0.234421332915267 0.0802211931560356
0.214623313269958 0.0153559428119584 0.0138406400145467 0.012946945092472
0.17513581688049 -0.0863771107665241 0.0368290264181445 0.116647054565191
0.110572866747758 -0.130149245081839 0.110898497294815 0.0720740225601109
0.0731425599009467 -0.1361613718167 0.103935708509086 0.00220259425412648
0.0612926819759285 -0.154412918556475 0.0375662902715703 0.000849644071095619
0.0698881137011277 -0.154700291602063 0.0148719048104567 0.0417732499082856
0.0870920043706756 -0.173755831711999 -0.0225977951881897 0.071235860893012
0.145839385046577 -0.177821622591977 -0.0730971405855482 0.0812411987498265
0.220751805556621 -0.10448102751284 -0.156854949347314 0.0305206495188658
0.26362796529329 0.0282270744636054 -0.167026888163484 -0.0465168442447798
0.231698602281791 0.14732897830267 -0.14342527574912 -0.113251898117635
0.169693531548595 0.193641751684731 -0.0095403511423642 -0.136676613764785
0.119250918303434 0.157623711657623 -0.124429180545655 -0.0277112930293028
0.132715954584577 0.136463964099913 0.0847259267880391 0.304127969268118
0.189626093307792 0.139156598091216 0.249441812599634 0.0230074734972136
0.253597000487829 -0.0120259781246687 0.0681375919216861 -0.0143477973999604
0.183172098095012 -0.142529280225545 0.101665746733028 0.0491366246611893
0.0909710511334653 -0.170355080611246 0.142475539588012 -0.00371145356463237
0.0469262800207108 -0.151445633255946 0.122386348363557 -0.062479827318093
0.0353992204753196 -0.150522548262332 0.0562900114445583 -0.0574778363684874
0.0476073915443221 -0.142498521728596 0.0295773808737376 -0.0162782396579953
0.0669385335095507 -0.165296373014806 -0.0111926644897808 0.00925407230446404
0.133269170436499 -0.178594239545058 -0.0504563847783326 0.0126345723547597
0.235718538885893 -0.0968701325904523 -0.121316251843906 -0.0279813405074664
0.256265978725639 0.0824174287784324 -0.150544398671917 -0.0948191665776199
0.172446001411898 0.164316860258457 -0.149972278866682 -0.182229050438504
0.129351533221885 0.141813496128297 -0.0195392450524592 -0.226994814953847
0.10926416056657 0.0640076885377284 -0.1568923926496 -0.0765404434986448
0.07572913588436 0.0836850177960879 0.09447033642633 0.207813623949576
0.154815380050668 0.127176534000326 0.218465945707033 -0.0315676816336961
0.239609495416162 -0.0350491081995979 0.103753479319786 -0.0309590143246365
0.146156825879058 -0.167149480343952 0.154063600882438 -0.0241723093161752
0.0500908025636098 -0.170327068014907 0.159730227272758 -0.0879307258051274
0.0113774744054744 -0.137146002386506 0.125968729590387 -0.128914250790159
0.00238158428220244 -0.123660975148321 0.0662102924784639 -0.108406008895
0.0170026043361554 -0.112200079771338 0.0385855660181229 -0.0621821482947494
0.0371469166491679 -0.137802130834434 -0.00324054582093639 -0.0405688042509437
0.10438089290639 -0.153735681033237 -0.0247560139949911 -0.0507302557245214
0.217465215339076 -0.0675484839116873 -0.0625444957850264 -0.0844843426452919
0.195018447276775 0.129375148316826 -0.102485296713507 -0.132169304419649
0.0793635118110099 0.142596577975885 -0.129439498884022 -0.24631641460129
0.0845526346989132 0.0594817129304578 -0.00854167139798772 -0.303601674971889
0.0583477367340566 -0.0315719792132439 -0.175758627405444 -0.0953829576922213
-0.00436811031122883 0.045982917417515 0.0878332739996775 0.114142699709305
0.0988346181296058 0.115534651483929 0.164527562421737 -0.0564096853828094
0.183181921238776 -0.0460576519598921 0.129993093283392 -0.0372661655873522
0.0776090746682548 -0.149338782770398 0.182386058216768 -0.089213487790589
0.000520687133096717 -0.12977439727906 0.154887582636853 -0.159006044487466
-0.0229771310141101 -0.09399615913827 0.113209331556576 -0.18031798419404
-0.0309368733029632 -0.0776505833471256 0.0657828188135968 -0.143953254900234
-0.0167681303661477 -0.0724585283142089 0.0382105572491228 -0.0925387781653561
0.00265932715864471 -0.104774144575436 0.000201841267156112 -0.0768039290225909
0.0684467458306381 -0.125269086682948 0.00248946432081038 -0.100468282636241
0.176944295866709 -0.0372977355991136 0.0110464302174319 -0.117559431637857
0.105606408382895 0.142662928749589 -0.0417947271508018 -0.142630941851968
-0.0103555091690987 0.0724544700260334 -0.0905248925788584 -0.293395730148437
0.0555340410944249 -0.0427487646953225 0.0179721622768278 -0.353429529438666
-0.012238058104233 -0.110555646190147 -0.17517252749335 -0.0875383617267204
-0.0790553565009353 0.0192008855955575 0.0714768404449626 0.0512103090696484
0.0347651012697132 0.0942510179568047 0.123589840172497 -0.0488324840902018
0.100209656907036 -0.0425505157528552 0.15497011576644 -0.0411234385781607
0.00139546102254165 -0.0966254260749829 0.183950007701228 -0.135897736912416
-0.0417987593386616 -0.0585838880870088 0.133251030668054 -0.199675898851571
-0.0504445426156847 -0.0312532397258013 0.0901096297999282 -0.205437694149076
-0.0589311613384645 -0.0202672184790756 0.0548387900712061 -0.159949723485324
-0.050019368141439 -0.0298906423865211 0.0263456111647651 -0.107328192556052
-0.0315596997043399 -0.0723735808377977 -0.00572595662574433 -0.103249851951863
0.0334156592562164 -0.0989267108397846 0.0266219770777845 -0.137077711805135
0.123185067024363 -0.0177813116567002 0.0757275150056129 -0.121624770741117
0.0164985055376073 0.108474655132977 -0.00172829262769623 -0.128167053348375
-0.063976322179354 -0.0338613996536466 -0.0586025254416081 -0.327824999085984
0.0465524268786704 -0.144091976815196 0.0481365937766302 -0.372126841793849
-0.0357621862910385 0.209845839392568 -0.0820528496007663 0.313336307274879
0.0879561918955237 0.112575606129147 0.0319188875094032 0.412893634478411
0.0412619578130427 -0.0172665027498255 0.0387946270718394 0.117333759917825
-0.0454801034935027 0.0109186247155381 -0.11355045556479 0.0908870086819148
0.0115958751088221 0.0680195942492765 -0.0483165368287429 0.184645805054683
0.0562089466709867 0.0335509093630608 0.0368026021226544 0.133162405171091
0.0724670912037955 -0.00440593982523232 0.00799865190080008 0.0919907959400079
0.0817404326175684 -0.0395500000546654 -0.0451899352570369 0.134940142771777
0.0850718647214391 -0.0439633016533098 -0.0551693640152081 0.194663121628169
0.0815659101015071 -0.0143197496185069 -0.100140521456275 0.214162340431492
0.0567003342311777 0.0225148028440905 -0.162478828235599 0.175964214482554
-0.0103948969806721 0.017124245520446 -0.181646375660201 0.0794111703704671
0.0420964343794371 -0.0779780292586833 -0.118969433885418 0.0295029638561937
0.160186237850441 0.0171136570254903 -0.0919517136077979 0.0127385436990004
0.114034159355071 0.182326851001726 0.0764898718025414 0.0668803624769086
-0.0183645672421364 0.255495047795251 -0.0858652781489594 0.242144465742763
0.0928325626638038 0.185825689509416 0.0210435321649198 0.441567042383128
0.0889260056177151 0.0664105597524076 0.100165698684017 0.117873899281644
0.0366638333539277 0.0248166557102627 -0.104651866608095 0.0650539306771859
0.0658599539609247 0.0327219296767128 -0.052601552153164 0.187112605852609
0.085158551153104 -0.0103182027409964 0.0523841536364285 0.140916451160048
0.0878646733740675 -0.0515020941864621 0.0401415181814192 0.0820305856054512
0.08852954686403 -0.0947404162520533 -0.0178321227523011 0.105534852465788
0.0930025359618214 -0.105783417853285 -0.0289569732403333 0.158981275955058
0.100872291716337 -0.0942095270119108 -0.0670729274816473 0.186387672640202
0.110260982355035 -0.0650581232213422 -0.129689775112315 0.171445639475935
0.0915299240131872 -0.026479408971886 -0.184032280937242 0.0844497515419212
0.135700256430694 -0.0417676308513347 -0.137266211295712 0.012751471205056
0.214738709447213 0.0684743864385849 -0.0950472725418196 -0.00952060659472713
0.164575285874251 0.215277448147222 0.0497879936194727 0.0233264308193783
0.0267153022826451 0.265927268795875 -0.0849373136982679 0.148717334690176
0.113064364290906 0.215989019420622 0.0306398005438057 0.438455023059007
0.140204727279018 0.131490737775046 0.175106572824521 0.115972883950668
0.134051065497149 0.0338955245103619 -0.0538506605540609 0.0424900189279121
0.130317134095792 -0.0188191149333681 -0.0223989778240286 0.165819761017245
0.108919356556778 -0.0688576477498073 0.0777735401896986 0.124157116024129
0.091048614621556 -0.0998326231965279 0.0746782739533449 0.0530784841477592
0.0824643584021847 -0.136357873823552 0.0120381954572473 0.0584451492050585
0.089187348476642 -0.144929391081899 -0.00592043425579157 0.104036686905919
0.10284612270556 -0.151322888277664 -0.0423892678661939 0.134741159980843
0.141955347528161 -0.138225027635971 -0.0999200526160437 0.137473868547063
0.174865001633936 -0.0739322261129513 -0.178745425078708 0.0686067410757318
0.220307872747987 -0.0074319754566216 -0.158231710844896 -0.0126111213754437
0.244542140029653 0.118191906133924 -0.117687092941975 -0.0556323468334229
0.181421838742763 0.224338715795721 0.0191419194611749 -0.0485448466795738
0.0815135400985676 0.235711187949442 -0.0983863464151618 0.051355955031591
0.138466736509141 0.197418247774159 0.0512209273443599 0.393884514381677
0.183007210566131 0.155622854959413 0.234036640652839 0.0870178218154982
0.218613794096486 0.0223242510814843 0.0132398719233285 0.0164839122231481
0.18098630338917 -0.0832000892531363 0.0355880163093282 0.120295138347331
0.115732902902797 -0.129452844725986 0.112101178755124 0.0760756349581135
0.0789752220665653 -0.137748211499963 0.10583484011583 0.00397935343323205
0.0655930549227487 -0.156914089975056 0.0382941874082072 0.000680979379907216
0.0757851720275533 -0.157855335592898 0.0145180444867515 0.041047498491138
0.0937169236303745 -0.175178189659526 -0.0249452490823685 0.0703725602613883
0.151904417021458 -0.177487806603235 -0.0748744975896566 0.0789128597151299
0.227436110723576 -0.100887046234687 -0.161008830182937 0.0261215155636523
0.268723184824998 0.0369697639994095 -0.167458701858341 -0.0521725170564913
0.233352236347723 0.158200377149477 -0.142332929296462 -0.118914356052566
0.165845823769341 0.205186074643475 -0.00510272026898581 -0.139864040563567
0.115729794178713 0.165981363836451 -0.126585035187461 -0.0299706376929206
0.13071517426064 0.145084264269176 0.0762230310406774 0.314880805603945
0.190955478962173 0.147732907495824 0.250699726093412 0.0295234689439638
0.259588823261795 -0.00502830579681975 0.0696836536994407 -0.00988136813465323
0.190971337652367 -0.140142717763432 0.103485612278534 0.0524666172106084
0.0966345123664158 -0.170012622544834 0.145568400045208 -0.000224414993259798
0.0518938598852082 -0.154556485957247 0.126255402032949 -0.0620375821386438
0.0388317183419496 -0.152874136405836 0.0583404300509749 -0.0588614650448041
0.0522939513217716 -0.145255705326366 0.0308038602450996 -0.0178956907235843
0.0726808599866662 -0.167099119169396 -0.0114953264869508 0.00715678691707123
0.138742436859452 -0.178191849733757 -0.0506557106611927 0.00935941674026435
0.241964415006254 -0.0934979588660766 -0.12325338157207 -0.0342039526434263
0.260303975716469 0.0909473274440116 -0.148743616744523 -0.10040742501964
0.171875721317592 0.174131119776109 -0.147488954556931 -0.190143942058645
0.126046778882495 0.152327719876435 -0.0127483146522192 -0.232889429097441
0.107846086856522 0.0713157418886548 -0.157514236350161 -0.0818967518432619
0.0746167814378907 0.0899566618592775 0.0901340211037626 0.214879085869619
0.156392765442925 0.134707343110048 0.220943264926838 -0.0269786328306264
0.245646540906245 -0.0300565562093169 0.108425066201145 -0.0264019243068384
0.153852701038344 -0.165718592686931 0.158855509342729 -0.0204009826963026
0.0546801095401338 -0.172442109877884 0.165356996068303 -0.0858398090813804
0.0155872652446467 -0.140171422067322 0.131921659709433 -0.130046910418918
0.00574793906435789 -0.125589473894682 0.0698152051920153 -0.110625518713908
0.0212786255713955 -0.113891732847387 0.0415789481996606 -0.0644036968314767
0.0418187018383045 -0.138904644696809 -0.000870730211911142 -0.0426332919052856
0.108523678049602 -0.153027823296585 -0.0229917970782928 -0.0542728280131701
0.22268394591342 -0.0634677173252003 -0.060616242746205 -0.0902771303720043
0.196912152782324 0.137796838606973 -0.098469909618925 -0.138544269914453
0.0775086770605641 0.149835242446066 -0.122731898497041 -0.253669147800653
0.0832120282417678 0.0666800662104196 0.00127840640122112 -0.311624388681632
0.0588193226376621 -0.0275259510149458 -0.176005790417888 -0.103448810326216
-0.0058468609937773 0.049706370479734 0.085951021146461 0.118467350953808
0.100171865704964 0.120883089254304 0.167082820302714 -0.0533422101931545
0.188687662421624 -0.0433953335151675 0.136036052726884 -0.031770265972975
0.0818767008719709 -0.150097698428413 0.18890610201815 -0.0870319875406252
0.00375273343191609 -0.130845799980298 0.163073372987282 -0.158152185500701
-0.0215183380067074 -0.0964772275634214 0.120100031790803 -0.182720050878824
-0.0291066634844664 -0.0788620560293372 0.0707176322542403 -0.147712833741813
-0.0141832029516562 -0.073701185692122 0.0423719484116272 -0.0951594932256198
0.0052029726087884 -0.105147121375652 0.00332032198486778 -0.0784595312172057
0.0715291355061728 -0.125395135519764 0.00568893671811913 -0.103974593188956
0.179828947355899 -0.033079241968213 0.0150596003397107 -0.121961871296898
0.105291735646042 0.148790157220767 -0.0360504780716748 -0.146202199145345
-0.0119638550253784 0.0759062404922113 -0.081450470311711 -0.300846168563524
0.0570645886064759 -0.0395070916897345 0.0291096325850797 -0.36194809289257
-0.0106560293692337 -0.111389970105044 -0.175019921762127 -0.0954473297532168
-0.0801899188253895 0.0195868636324339 0.0711476534139516 0.053202120326151
0.035949892131751 0.0969428721469991 0.125382648108034 -0.0455598933495665
0.102496469444723 -0.0420141395171659 0.161435396215611 -0.036574308421889
0.00339542075949228 -0.0975940442394898 0.192914365274734 -0.13468095357711
-0.0415636192227537 -0.0603278855889656 0.141883427823247 -0.200515490546415
-0.0509155748155573 -0.0322327751983394 0.0980225384892936 -0.20887642704658
-0.0592743726568628 -0.0201511845104104 0.0597171853226377 -0.164130035251112
-0.0491039508721305 -0.0306388829037683 0.0301578152619968 -0.109859679603117
-0.03044826456795 -0.0735263909171209 -0.00204462365642088 -0.105073976155197
0.0360717489824711 -0.09935774977479 0.0307864636053078 -0.139409640773774
0.125251679705233 -0.0151788888475871 0.0819439684649208 -0.124965017502737
0.0154725275070639 0.111728411157235 0.00548168331528032 -0.130288062909977
-0.0644726082304545 -0.0335857849060767 -0.0476413034330343 -0.335154959926109
0.0505692474140422 -0.143802759912398 0.0609618541000516 -0.379861540680875
-0.0373699710455234 0.219554259476481 -0.0900433496022832 0.332412576505678
0.0918084504376893 0.116169083697573 0.0307551135040641 0.436021434163164
0.0414523913639244 -0.018391466182339 0.0383794810528294 0.122417823099065
-0.0480443939586142 0.0122332959855498 -0.12203573614213 0.0978414403824035
0.0132100927243624 0.0708523088585247 -0.0497316321942934 0.194572587003044
0.0590507548284629 0.0351304168785165 0.0392068917147557 0.138230274271899
0.0768512539152375 -0.00574079110851738 0.0070393039807278 0.0972775332238022
0.0853576802780762 -0.0434065599184615 -0.0483180587443191 0.14244724569444
0.0890341333899351 -0.0485195950845441 -0.0588918636583846 0.203154127099356
0.0867088927464246 -0.0168621409897881 -0.105335754460828 0.224675786625283
0.0593413206339984 0.0231976223803547 -0.170661716901987 0.184210779426883
-0.0100569702547234 0.0181939032598289 -0.190834716708453 0.0823995454976004
0.0428852313680279 -0.0812302819631102 -0.124565081524499 0.0293791140831296
0.168481644484524 0.0169738129676009 -0.095774348098656 0.0140514170606864
0.118536667264929 0.191101289413632 0.0783881479996013 0.0721349214137054
-0.0202278537704659 0.268136713280109 -0.0938038654591948 0.259154900088985
0.0964653613552025 0.194140597860323 0.0207166519522954 0.464380116582816
0.0918064690398478 0.0704121988992982 0.102335305573666 0.122552565117121
0.038096668581097 0.0271317162756462 -0.112345089387103 0.07118460821869
0.0688440803241841 0.0344733774925731 -0.0536573342810491 0.196250396000947
0.0895836757299373 -0.010872252605179 0.055327742165851 0.146138154206851
0.093311105882669 -0.0558758242285065 0.0412225789501666 0.0854392370245973
0.0917789276341662 -0.100989217797551 -0.0193194080639046 0.111521471098978
0.0973305796211843 -0.113298439661922 -0.0309929797403539 0.166666351230571
0.10598493397204 -0.101042592800631 -0.0706486090891955 0.194575284593037
0.115971495351028 -0.0687868977793344 -0.136502970924239 0.178931626766964
0.0970465851537742 -0.0277260437811846 -0.193787351998843 0.0879828257614314
0.142067037520742 -0.0429990103915485 -0.143023046317106 0.0120813527536392
0.224885531941766 0.0715691231501218 -0.0995464926125154 -0.00924095554002971
0.170820188439107 0.227218997095154 0.0515907730239752 0.0260170767405166
0.0258643573082661 0.280460852617391 -0.0922514886808165 0.161090283484743
0.11762083393334 0.22679680553139 0.0309553460052006 0.461538164895541
0.145512080155066 0.139019274478495 0.181237520275697 0.120743153553194
0.140674990678597 0.0366891580972159 -0.0587057416363439 0.047311861780148
0.137081398162758 -0.0196871737462055 -0.022076260662649 0.174880008450977
0.114265321617408 -0.0718797336856379 0.08166231822899 0.129354246272621
0.09597140379027 -0.106418330820369 0.0779888192171273 0.0546744745738337
0.0863821377188463 -0.145029128461224 0.0114265645233029 0.0607255785596144
0.0931105534638313 -0.154688791617499 -0.00661414539669022 0.10818753619218
0.108979917519995 -0.160691231639173 -0.0447400826374509 0.139519518602814
0.148184487721563 -0.1450687288125 -0.104545185361666 0.142102391840067
0.184651173419321 -0.0784096010732097 -0.188804749936435 0.0705369313186656
0.232252376142203 -0.00633085529096969 -0.165169378955616 -0.0142730447348129
0.257005765671585 0.125128534513903 -0.123506632770147 -0.0574597223062042
0.188783512751071 0.238533653541738 0.0198463456650963 -0.050134366799804
0.0833947561216721 0.250068634739226 -0.104733742072916 0.0577212349597443
0.143872853910812 0.209286033506462 0.0532647986184007 0.415719478196606
0.192291203278349 0.164835721212503 0.242926626474826 0.0904422429921518
0.229683917790968 0.0238456469960503 0.0126058043170842 0.0206835719317645
0.190133678828242 -0.0871837837194687 0.0384273568256649 0.126244608428813
0.121198043195904 -0.135978863515254 0.118079612315383 0.0796983935389747
0.0831259027440912 -0.146186790363141 0.110493259080265 0.00189636986013913
0.067850024795837 -0.165598184681215 0.0389472522559017 -0.000969603041896226
0.0796334752008199 -0.167696566403742 0.0147692912476594 0.0411124830563131
0.099041513716398 -0.185928849388106 -0.0263791418679439 0.0718726419446457
0.157621935073027 -0.185880240013669 -0.0788365691448433 0.0793263333500807
0.238046256321778 -0.106338623962289 -0.169371048457889 0.0258059511429938
0.282814571739031 0.0395036704626063 -0.174793323928313 -0.055904660279991
0.244826694771516 0.167762155045011 -0.147933694881599 -0.124960585135552
0.172087181270984 0.220259935164327 -0.00576542268724185 -0.146525503734302
0.119845088260566 0.177393020155998 -0.133292618414596 -0.0298045844643233
0.136425312842142 0.154896369737614 0.0787621634107751 0.332935347741151
0.201288492359023 0.157425743421537 0.26090576625647 0.0314094662830272
0.273034220758673 -0.00595728680915238 0.0737908460954953 -0.00777544363069027
0.200617558043025 -0.147185423287023 0.10920566524064 0.0554865729796168
0.101162302751779 -0.178496399447476 0.153751569343774 0.000366197221202832
0.0547468056415807 -0.162850021033819 0.13264540807404 -0.0668607572678666
0.0410735451755465 -0.161078556116137 0.060400471420019 -0.0639799057429679
0.0559371975417334 -0.152928451034048 0.0320127534845714 -0.0214058014446588
0.076623114497079 -0.176130347770369 -0.0112248401894083 0.00617114059138162
0.144278179098359 -0.186167770773412 -0.052296694202901 0.00669047567479657
0.253257048338912 -0.0981043150113181 -0.129782255401825 -0.0381962233695757
0.274114198921527 0.0972783634208162 -0.154035107306715 -0.106044262458269
0.181303665786492 0.186084741720492 -0.152232442079534 -0.199345365216054
0.13049411136214 0.164255668173445 -0.0128900313066085 -0.245835996363366
0.110940676644112 0.0779760745841099 -0.165078502870803 -0.0856117353272237
0.0787350670446834 0.0973628552892934 0.0935596813867839 0.227497150645343
0.166738574768851 0.143154581381042 0.228439402817125 -0.0281642378409035
0.258900215346184 -0.0328785285872809 0.114594010313983 -0.0253863523804684
0.160214332838096 -0.174274336284865 0.167840443772322 -0.0216971500507407
0.0581290646094665 -0.179838172602304 0.174994680600561 -0.0894330472214078
0.016657495294621 -0.148027973853852 0.13798777162862 -0.13781228598531
0.00627828117095606 -0.131106547897334 0.0732101186097967 -0.11888678342229
0.0237441496853441 -0.119890292947034 0.0446780352986929 -0.0700833091182304
0.0441409984037109 -0.145701303036829 0.000618354204385279 -0.0461722390280161
0.112301332643372 -0.159782884002141 -0.023484708314852 -0.0598363412630302
0.23209246114861 -0.0670443614412535 -0.063744918946207 -0.0972111262537428
0.208357856815008 0.145399114342375 -0.10040716343609 -0.145837038169568
0.0821300557148822 0.160623305242865 -0.12483619621049 -0.266711690986004
0.0866787374211198 0.0734516881491687 0.00266768860129169 -0.329620741517763
0.0603843923433394 -0.0266723073361945 -0.184008534004801 -0.109396474292221
-0.00511846905342582 0.0549805398989874 0.0895491748320672 0.124918530593413
0.107360116443603 0.127713194587669 0.172891548453463 -0.0558701754396842
0.19851894802684 -0.0469850984180626 0.144895690452084 -0.0317041822733905
0.0865409105839618 -0.156948030088846 0.199700312281781 -0.0914037477232539
0.00391299076445348 -0.137426142894765 0.17248129994368 -0.165889794538957
-0.0222741823137649 -0.101526579210402 0.127075903311427 -0.194249975534756
-0.0305030424745993 -0.0816939201528286 0.0740320474850289 -0.157977951904169
-0.0138180542597768 -0.0775146828786035 0.0453220074533772 -0.102043163988718
0.00500998426093823 -0.110308683903296 0.00483346402467097 -0.0830348190906078
0.0736590726423627 -0.130510582952558 0.00671275636263225 -0.110426993313801
0.187682958800299 -0.035329507569452 0.0160409526511669 -0.130989218103525
0.112157981263442 0.157392594124823 -0.0345118439276823 -0.154092206264711
-0.0119949254567168 0.0833116126739124 -0.0818732764440259 -0.315437020836463
0.0585192251589525 -0.0379810997049117 0.0328362905936273 -0.383246456706581
-0.0120585569422881 -0.115509915501077 -0.183187532439096 -0.10323520986057
-0.0832920436255565 0.0225246416333309 0.0731205324342852 0.054817688649272
0.0395211223237222 0.101924117096946 0.129332577990473 -0.048104738285456
0.107117886438332 -0.0458404993464849 0.172237875881787 -0.0372172533194717
0.00211825379662113 -0.102091333483373 0.203659044183984 -0.141091334613266
-0.0426408739479289 -0.063046716542152 0.150002756913724 -0.210582809498173
-0.054221122142724 -0.0337764957799481 0.102482563188986 -0.221985555065835
-0.0614522086241164 -0.020305267549505 0.06331956304588 -0.174911779220254
-0.0515463199095207 -0.0314677358270428 0.0333584941978477 -0.117159569460888
-0.0322943918951361 -0.0764861898465717 -0.00110197889961992 -0.110825438250864
0.0368102284986065 -0.103499588141949 0.0327816224694344 -0.147595007532351
0.131157261785414 -0.0165144720174983 0.0868537283440456 -0.133210508809452
0.0177464211897397 0.117754652781586 0.00925755441860982 -0.137149234613274
-0.0669607575258571 -0.0330796078242953 -0.0450918364231473 -0.351652216675009
0.0528888466341417 -0.148967542692725 0.0661697378174948 -0.401256856887066
-0.00286798558292786 0.235326500151516 -0.0517413456741055 0.354982380774271
0.109573082291479 0.10363724467381 0.0992174567400101 0.450987682792104
0.0377370628770267 -0.0264220679284534 0.0563624227081547 0.123860793919511
-0.0497102833636772 0.0194397860719117 -0.108469622696527 0.126335735785214
0.0213043620666902 0.0692090042070461 -0.0165115389863947 0.208126336468931
0.0662861003387451 0.0269795006436994 0.0611340099653646 0.135175908668201
0.0795962787879663 -0.0181552063946861 0.021582839496596 0.101404733959698
0.0797561790272472 -0.060956841254922 -0.0275399066776937 0.157567175907724
0.0813555050210324 -0.0671368517269775 -0.0296464605076428 0.222091740727882
0.085991141190578 -0.0342638140911404 -0.0743640393019805 0.249971369688646
0.064266422018581 0.0117710885506456 -0.151287287888906 0.219384649628934
-0.00550907680061354 0.0196250418648853 -0.187641734000969 0.115968652569853
0.0306696831584383 -0.09047529255636 -0.12632400666225 0.0488801579216072
0.174774571444406 -0.00981221136557501 -0.0965684225386348 0.0264311817829146
0.15096295594719 0.17684563031341 0.0935028695716806 0.0666809865559844
0.0235581455517316 0.28588705372508 -0.071798970840707 0.27541361846431
0.125419957480037 0.186355635538243 0.0912398652289371 0.482725718051757
0.103817120484553 0.0599175753204371 0.118201547402097 0.109087072147461
0.0427004438723717 0.0225103129455762 -0.107457082981902 0.0966167083130229
0.0743088657432969 0.024472946870449 -0.0233198340967364 0.213701631213311
0.0912237415502369 -0.0252615737125255 0.0784118291156468 0.143145989181792
0.0888471665201921 -0.0730307659626098 0.0546311420360704 0.0829879921671304
0.0787485809639855 -0.121664974963875 -0.00325851809589168 0.119995099894743
0.0796884433824517 -0.135451658608387 -0.00651204341741213 0.178483636137578
0.0924721706118604 -0.124121049693938 -0.0445071925009357 0.212903898607209
0.107125060446636 -0.0915751728172336 -0.11732009521564 0.208769178541954
0.0981958361142891 -0.044201504999252 -0.191798901553046 0.121930164601978
0.139935534603348 -0.0672555444847257 -0.149133955774987 0.0327103577517389
0.242357127378322 0.0390067737734209 -0.102792653185399 0.0010861889458261
0.209370639191695 0.207190563189264 0.0581249845310253 0.0223120467161586
0.0755802839021489 0.293343069697337 -0.0895140608211284 0.173442432824022
0.152973710823547 0.219582715940268 0.0994934637633938 0.476990879392514
0.171515702213496 0.124519186618454 0.195583203610618 0.0918089332981482
0.150766836980181 0.0180215925238925 -0.0608934089643256 0.0626077237083724
0.136906408732035 -0.0412443321588223 0.00234117362454121 0.188629262522335
0.106775282177851 -0.0925145296711293 0.102303872720876 0.125473042524518
0.0844197166176447 -0.125954480872448 0.0869166306795953 0.0452280452322044
0.0657897802895014 -0.165258569020942 0.0206996754302535 0.0619856193616061
0.0710158226590477 -0.177145226322018 0.00972849799474502 0.112796250968833
0.0864218818164121 -0.185703878787455 -0.0264477225602859 0.150537971441861
0.128829431389759 -0.175136950795827 -0.0904358312058811 0.164292712982565
0.180972500899799 -0.109373852693476 -0.189973461586503 0.102894663128254
0.238736742881453 -0.044458910234832 -0.176289255454742 0.00682695614995815
0.284245508807806 0.0890635028016839 -0.133692295036174 -0.0462226767770153
0.229535492505089 0.219067942660625 0.0144802894545718 -0.0533754534673922
0.132004550979326 0.251888916425804 -0.120776057028628 0.0711231559653761
0.178940493308044 0.198444158859838 0.114634200207553 0.427611721107213
0.225733923631176 0.145164115708103 0.252926117726174 0.049815034652702
0.243166825131726 -0.00842054519414368 0.00540461237198586 0.0223438763305352
0.182678020663766 -0.118016761327625 0.0539193721916284 0.131218842240188
0.104891469915161 -0.159340063913927 0.132870672450908 0.0709184433994563
0.0649784333496241 -0.165632007407172 0.112008121692665 -0.0159825071476601
0.0451725304448785 -0.183912284798835 0.0393969308724097 -0.00790001113976945
0.0555223994336742 -0.188317664686483 0.020614340562531 0.0388129724826744
0.0725081779414249 -0.209314823879535 -0.0181585120067867 0.076516638854254
0.131456541665709 -0.217762835418293 -0.0733829972885712 0.0947761119878299
0.231857763309478 -0.14610920213974 -0.179561251049867 0.0518704857823642
0.299843307043788 -0.0061317932652572 -0.192484813291459 -0.0362640504684229
0.280489442223856 0.136882364500158 -0.169646071272087 -0.112102157779627
0.209392158396519 0.203264900613699 -0.0268451792685136 -0.151125181497154
0.159165765918639 0.170435271843066 -0.16427841793448 -0.0100549244486677
0.164357646022718 0.143954150128024 0.130730623779154 0.33764516829865
0.234647606031103 0.137198382674003 0.260762879886523 -0.014001236006842
0.284594539827859 -0.0450741420997524 0.062604687261676 -0.0165493359678426
0.186092582755142 -0.180932205055283 0.115464952687006 0.0471460585559662
0.078210020101279 -0.201186715780319 0.158485705993966 -0.016394484967002
0.0332025231888236 -0.178335802237328 0.123656110511877 -0.092818694428578
0.0179282377954766 -0.173688121426999 0.0506047469138136 -0.0768474444943052
0.0338958719240166 -0.16894303342436 0.0295540626739893 -0.0298045050808308
0.0515943630707336 -0.194975949487256 -0.0128406310261693 0.00540683571382041
0.118182746061345 -0.21397386716369 -0.0575180078095942 0.0142471141752763
0.248176276473911 -0.138878123604432 -0.147719509226438 -0.0223758110226956
0.299943043104771 0.0556685496218722 -0.177781529907585 -0.0933182820827634
0.217183463892022 0.166765624450839 -0.184960382763318 -0.187796919289095
0.157845635965394 0.153993831108408 -0.0496976030415024 -0.256522695111202
0.132669231060803 0.0655929839193598 -0.200411135025972 -0.0601813208613903
0.0957690213446902 0.0924922602034636 0.130784093316406 0.22391419935063
0.197500127984383 0.127073110353068 0.218833635221683 -0.0704304159912523
0.266373143546127 -0.0709936984392147 0.103106786238046 -0.0421870269256371
0.141826669999445 -0.202335788930734 0.165039876489868 -0.0428261829092713
0.032992728261925 -0.195450983330336 0.16815590749422 -0.114481804420723
-0.00546311129461706 -0.157620703063524 0.118340955117457 -0.169281261444856
-0.0125034761688794 -0.136683218292719 0.054690189072314 -0.136645903846811
0.00591795622463574 -0.128077580861407 0.0340533073918344 -0.0830317269949276
0.022818796426204 -0.157171150874064 -0.00888841224635926 -0.0502692774772367
0.0902575336229028 -0.180746892880311 -0.0360780933807633 -0.0603908281428848
0.230243161707542 -0.102440960490783 -0.0873276512646448 -0.0959906352979234
0.240583665566688 0.117194255759942 -0.12598384213113 -0.143058505220267
0.111918152101603 0.157313953952343 -0.166996831113493 -0.260676037341732
0.0985184625912629 0.067672322993257 -0.0468567200450817 -0.347860842002916
0.0606000394055205 -0.0363045661185736 -0.214753997278912 -0.0802250357791527
0.00271794046777009 0.060583100489053 0.113963242794808 0.114826220233465
0.134802953947505 0.1190572224196 0.1593002499079 -0.0903703178803824
0.199535744262951 -0.0775780282764287 0.137452118087959 -0.054106332338143
0.0676357377380263 -0.17237861867688 0.190130640849619 -0.123259495553109
-0.01621350052808 -0.141550176550887 0.155375607640591 -0.19715072009058
-0.0386151511325292 -0.102320494961149 0.0974621626135398 -0.227303187677311
-0.0428357497555411 -0.0789744080717969 0.0499673277090879 -0.177742577481437
-0.025335469129695 -0.0767995744279487 0.0311683550829436 -0.116034432640397
-0.0107646146403592 -0.113180258512156 -0.00870702140343173 -0.0887236213737499
0.0546350382340451 -0.144900292289412 -0.0122788273014181 -0.116581333982344
0.188183052310571 -0.0637548846713239 -0.00726534043388152 -0.143597953571529
0.14373818868302 0.144433506422718 -0.0557359114870798 -0.160248853114254
0.00246162560551939 0.091858185397823 -0.129858649607948 -0.316678786081045
0.0516495426946919 -0.04390425489094 -0.0231590314325477 -0.410116731057781
-0.0323310115439967 -0.118765868992343 -0.202738376885769 -0.0732467127825047
-0.0833009248651718 0.0383635229043898 0.0879437091431727 0.0412343049519121
0.0591295288115649 0.102439875374122 0.11974822266252 -0.0751458844882847
0.104332743509591 -0.0616561962910451 0.169924209465181 -0.0666296892713683
-0.0115290297029536 -0.102444145179523 0.189274723382856 -0.178420200254384
-0.0532511496016062 -0.0563878813242096 0.126730255289653 -0.243387313411423
-0.0609424494428159 -0.0256161398959232 0.0692742713551065 -0.253853465885304
-0.0648916104532646 -0.00858554655493138 0.0374544709900593 -0.193294977018898
-0.0565275207954242 -0.0235146431733383 0.0162939983580692 -0.129693751152647
-0.0443345166081542 -0.0731368250901467 -0.0179240633423089 -0.115239910176544
0.0216122895329538 -0.111069550056418 0.0100078242230306 -0.159766450218129
0.131922985710596 -0.0358683247800859 0.0673499406528341 -0.157800221348418
0.0401104370715494 0.118891269789218 -0.00592444788988371 -0.147306134109122
-0.0723008562442084 -0.0189170450519256 -0.10021400590876 -0.358128629429471
0.0282417516496948 -0.158532199735735 0.00864547012274003 -0.436493825348508
0.0165173815292259 0.238013950651092 -0.0242283959719577 0.369446824831626
0.118538039896932 0.0935998378395233 0.136079703939105 0.451175228203854
0.0342363160788704 -0.0294603494731882 0.0644671774465933 0.120403145682118
-0.0491553812595395 0.0255271830161137 -0.101479010214176 0.139932856125372
0.0281147120203953 0.0680789769940102 0.0025360999973958 0.212138456147307
0.069672478442795 0.0216757130043191 0.0729050052366482 0.129608677458838
0.079329860647623 -0.027286220881328 0.0291272748114773 0.10101739689877
0.0743617231642877 -0.0705568961897451 -0.0153143754630709 0.163674196494721
0.0750120083545111 -0.0770136156565757 -0.0115535381699805 0.22723649939533
0.0842411666836891 -0.0441103545863024 -0.0549772493275314 0.259489574370301
0.0670061624272536 0.00664177654162736 -0.135107684611879 0.235728044963291
-0.00306408785892663 0.0206253081097539 -0.180777137667476 0.132505827164451
0.0224724723560991 -0.0928131848753624 -0.122901190516382 0.057722614550657
0.174158008891831 -0.0260910863929895 -0.0947462715386194 0.0355477827079885
0.167274934868545 0.166347610325371 0.0998491098136233 0.0623584337056249
0.0477423035113517 0.287854111467343 -0.0503765774289541 0.290812284693789
0.142427729440541 0.176827517700041 0.132131476609833 0.483239855107753
0.109297443881212 0.0521510009429282 0.12494270999198 0.0999293217399684
0.0447359697221951 0.0204062712979016 -0.10236955384054 0.110298156118537
0.0774979958101038 0.0182966153223409 -0.00357087809853644 0.21865975481115
0.0898562900262346 -0.0333008471203721 0.0914083818808583 0.137093671226578
0.0838865297462036 -0.082930845552686 0.0609795883538006 0.079237267038382
0.0677023180608995 -0.131544558059371 0.00614808037485173 0.122079822491568
0.0678498665027181 -0.146274342804749 0.00764533574920972 0.180947795770832
0.0824106630939789 -0.135970827614752 -0.0274506962090439 0.218241019381744
0.101245408652077 -0.102518283651507 -0.101434530409726 0.219534716268707
0.0966256380876994 -0.0528597314461152 -0.184884780860844 0.139058464573003
0.13628271335639 -0.0796289786543697 -0.147366297073467 0.0436096475708882
0.24807753838573 0.0185411254651274 -0.103053642043426 0.0107032018597482
0.229068368866246 0.194346980398601 0.0614915272340961 0.0204891105274902
0.10081108715048 0.29293834905184 -0.076653914825818 0.188671385917361
0.172646842655971 0.209896604506474 0.141441129045201 0.477794945311429
0.18410275570792 0.112474540133653 0.202254875808768 0.0771560808759048
0.154263765323973 0.00636714534430678 -0.0575509028837765 0.0715896648777742
0.135036539010701 -0.0531132585922795 0.0189810736870335 0.19130038417211
0.101065539994371 -0.103057840860373 0.114585224590454 0.117266782670715
0.0735514851775366 -0.136505431222393 0.0909305367497396 0.0368323935718977
0.0510547697196322 -0.174565269484618 0.0244919242467022 0.0605339444386972
0.055305028559478 -0.188312119075939 0.0178077388669043 0.112513120529956
0.0711124137843756 -0.198434422542943 -0.0150760869734594 0.154020899654871
0.11480598572432 -0.188918698428779 -0.0782360514080389 0.172279246806543
0.17411165100756 -0.126904221402055 -0.184988307251828 0.119472625588397
0.239384631689314 -0.0649442556426615 -0.176820732207247 0.0207681568642391
0.296441330545889 0.0676282753236844 -0.138778108953563 -0.0350609184372266
0.250645382473192 0.20597144641424 0.0103438285804158 -0.0534175903090515
0.155459407830679 0.247584660494687 -0.116505354964353 0.0857398475221498
0.198489470447798 0.187273556158359 0.153408353168155 0.425500445542265
0.241776792031468 0.129449385910126 0.257198300021187 0.0299332972030133
0.245792880970152 -0.0288050162828574 0.00643420617182147 0.0253435330739313
0.175296726174265 -0.135896424502222 0.0667507545180402 0.127978201987528
0.0925697312264106 -0.170152509818737 0.141328290697634 0.0602919204583125
0.0506814176530258 -0.174390230855619 0.110742340508293 -0.0267706449049751
0.0291959060089759 -0.190130204176592 0.0376541054543122 -0.0119187326180093
0.0389295441308925 -0.197597821269642 0.0229166342342307 0.0356485583462478
0.0554616733088562 -0.219878936020626 -0.0126135983412706 0.0774128398476959
0.114687635020803 -0.231300381839119 -0.0675289058703923 0.0991594044698015
0.222036755047438 -0.167417012417598 -0.177967694441888 0.0664363400906964
0.304630090079847 -0.0308656615589845 -0.196280642486867 -0.0218537013813085
0.296710707716464 0.115859259546163 -0.179703414077621 -0.0991053589364103
0.22874150857004 0.192770242725499 -0.0386240392549815 -0.151111808994376
0.174695001517517 0.162471449537364 -0.166199708307864 0.00476579355377091
0.178726834912535 0.134344298550378 0.16228029783506 0.332942364698861
0.252087246428614 0.119939923898626 0.259950868436719 -0.0362837985750893
0.285303944475372 -0.07047376216823 0.0620816706429159 -0.0190691697545371
0.173649911088658 -0.19963315864451 0.121342683858869 0.038272773779765
0.0620890846953431 -0.20975046153255 0.160315526513399 -0.0302265369008387
0.0170944764835097 -0.184486439917426 0.115210741652456 -0.106099311940101
0.00319879136798372 -0.177472895365946 0.0428773852297802 -0.0843641286720123
0.0193073295826152 -0.175503830792262 0.0260781363575598 -0.0354374965403693
0.03604721150433 -0.202780518600061 -0.0134537703048982 0.00461870126157874
0.100798590033607 -0.226195783938405 -0.0579175266456825 0.01588982734822
0.239388135951765 -0.161456990984152 -0.151801344093058 -0.0118453212389098
0.310971558268965 0.0306716974680845 -0.186035237712756 -0.08090098459606
0.236343756961338 0.152297170575627 -0.201221492248039 -0.174836537157277
0.172903790000024 0.146975110774341 -0.0710487769396462 -0.255968552237631
0.139966037502757 0.0591567452328967 -0.208194104757214 -0.0445201718663685
0.105947946243494 0.0873318671795506 0.15300181872035 0.217204235571619
0.213947283605377 0.112372056968049 0.213437801871941 -0.0895026608163912
0.263955897202298 -0.0956647436743613 0.102086153486191 -0.0496016955443104
0.126313227065665 -0.217892896208496 0.164576801021485 -0.0589363172368127
0.01726945331916 -0.200565961431024 0.161708107321727 -0.130576329586524
-0.0197652526302895 -0.158537657618444 0.10352922276403 -0.18373960870022
-0.0243148896112907 -0.137058652044243 0.0416124561900354 -0.145240238457477
-0.00394735573077814 -0.131303674966473 0.0262996750238449 -0.0896037876763295
0.00981812340601085 -0.160744367351591 -0.0126103736079232 -0.0522090842458548
0.0748412431248324 -0.190419942204576 -0.0428631469531602 -0.0605649187236507
0.223523485987567 -0.123123988847118 -0.0966474087540487 -0.0916409974236347
0.254793882084867 0.0977300363572131 -0.136779270346267 -0.136003332176067
0.129066918745822 0.151576712578754 -0.188141775426485 -0.250369990167597
0.105089127081883 0.0640111866257282 -0.075643939701789 -0.351223018460227
0.0582555359662751 -0.0379132176594492 -0.224253423091827 -0.0654343400463939
0.00937150162505417 0.0637323188416279 0.124729205674821 0.106651505868277
0.149496644660558 0.109183491321184 0.150871202938261 -0.103863337398637
0.196043300935193 -0.0964055399819512 0.136350914515275 -0.0654526470780306
0.052978653646607 -0.18022822045823 0.183402594659806 -0.141986188589926
-0.0285683233700487 -0.141736044789241 0.14215795760982 -0.21431203329138
-0.0490883401450376 -0.0995256797310395 0.0782232275210888 -0.241154145212968
-0.0487507459373104 -0.0748510573370443 0.0343681009554519 -0.18684705954448
-0.0311542895809102 -0.0755428706015659 0.0210280129140738 -0.122984266582817
-0.0203553188383021 -0.113390579986621 -0.0155109588494396 -0.09067991753449
0.042815350664243 -0.149268290490634 -0.0227361503671367 -0.120313958018426
0.184722425779322 -0.0811259497223017 -0.0197473424845039 -0.147319098243614
0.15936901485798 0.134486608075258 -0.066527177269242 -0.159410629356559
0.0118093215186706 0.0959796033096599 -0.154560820113353 -0.310728585616044
0.0484037327510408 -0.0462391865288626 -0.0574316717620305 -0.417685782595924
-0.0426894969960334 -0.114611810718314 -0.212437831850237 -0.060809144258727
-0.0800518590314433 0.0470161945510965 0.0918895411470837 0.0325796159657782
0.0709411154379249 0.096864201537142 0.113306369297795 -0.0837882024259203
0.0995778810794582 -0.0731888897092337 0.168798285807214 -0.0810517733218911
-0.0206087769411169 -0.101545482258147 0.178344711243733 -0.197242538146163
-0.0591143965891607 -0.0521391406313016 0.108526009477765 -0.259596195740334
-0.0645511076957126 -0.0198189602688043 0.046513212395402 -0.264722419065072
-0.0656164877062311 -0.00231137244347932 0.0193450162934393 -0.201935019157249
-0.0582481481032777 -0.017358286834354 0.00531855206454136 -0.135180842119596
-0.0512255766027366 -0.0688158081406032 -0.0268732263199105 -0.115839247501272
0.0117300462316862 -0.113950256139824 -0.00359304160570879 -0.163918299308641
0.130716552230638 -0.0486578365907651 0.0553390812019839 -0.167849990210824
0.0531389486500882 0.117413616525695 -0.0150747554386647 -0.149944047968663
-0.0727839941461598 -0.0105268320739126 -0.127519859015522 -0.355149332291567
0.0149038393806128 -0.161754543556124 -0.0267139984380114 -0.445277787427749
0.033154409814981 0.226418655712256 0.00294252836397167 0.363329810064633
0.120004945316006 0.0793600500889322 0.163510845554231 0.426415586345371
0.0295461714430368 -0.0302946426225998 0.0671889022324119 0.111250004196375
-0.045128462652822 0.0300059369497539 -0.0888002249308106 0.145785615111876
0.0324644002785857 0.0629938943013787 0.019864201865611 0.203687516160891
0.0691058605552533 0.0151605399173715 0.0786591460219025 0.117725605136242
0.074417292617327 -0.0337006760449527 0.0348594556247 0.0959113824259298
0.0644239638838022 -0.0747609377141653 -0.00311364291493741 0.160015623616937
0.0650911355589507 -0.0816935459024714 0.00606296285674911 0.220186281947973
0.0774058991647554 -0.0510641089749256 -0.0342413281013393 0.25343205577214
0.0659823452709298 0.00105104484507034 -0.112999449686747 0.237292264127114
-0.000557692114223321 0.0205335594724504 -0.165669903948142 0.140747961021703
0.0141375891775715 -0.0903605632064163 -0.113684213588834 0.0628081505008793
0.164420935955757 -0.0379004873917404 -0.0867477288132242 0.0415637223067292
0.173166525287963 0.148202628596466 0.100272815338596 0.0554419233237512
0.0669637460374187 0.274138387200137 -0.0262827225240736 0.289615453774575
0.148755749892019 0.158520571827392 0.164368588683632 0.457441913264534
0.108347275679101 0.0432378711000445 0.123504106989474 0.0870905499706057
0.0443255529505306 0.0176231286026866 -0.0917458114509944 0.11730854304749
0.0759655002172967 0.0116622730990424 0.0139186291725004 0.210287484893858
0.0849426181929949 -0.0386191315032677 0.0974861861640377 0.123749813896839
0.0740887301690662 -0.0878998697601034 0.0637320904274845 0.0714039716767961
0.0533033808429714 -0.133334558154951 0.0142660655715282 0.118248558094795
0.052861331419142 -0.147805365573693 0.0197331573834188 0.173729006851697
0.0690275418568493 -0.139693062438104 -0.0114913282766318 0.212281071013292
0.0906378425683877 -0.106259239115495 -0.0818143350236874 0.218005274474087
0.0894447551973177 -0.0587170633435513 -0.168150971243478 0.147039729077395
0.125182477150294 -0.0858626149126771 -0.137729243186752 0.0518638375902246
0.239165414508468 -0.000605500067203556 -0.0972690531053582 0.0183656138635845
0.23440166359077 0.173008313308386 0.0621932371585003 0.0175162454131896
0.11862342396464 0.27522597268538 -0.0597396170727264 0.192297205231758
0.180892256084736 0.190312283628258 0.170987679426679 0.452126336613088
0.185558097729819 0.0954098504985511 0.197001944382866 0.0591852010821534
0.149571932682967 -0.00407775005648253 -0.0515984022033531 0.0767037892381628
0.126301084836234 -0.0616246108820177 0.0338032397534071 0.182918976771551
0.0894286219890553 -0.106230762262882 0.119348741117137 0.103003869326314
0.060412528629739 -0.13858160625439 0.0886248067670868 0.0284393378624684
0.0346136145989795 -0.173050706592189 0.026500368003251 0.0565718515218468
0.0379241778125889 -0.187477160832432 0.0249149876823949 0.10575501124044
0.0525981991734199 -0.198591409415026 -0.0049780947748687 0.148101353303111
0.0962986270340468 -0.190671731998703 -0.0649928929319339 0.16920702406162
0.158553554625961 -0.13496934505806 -0.170165171694987 0.127800045805027
0.226272243812038 -0.0800480576759825 -0.168696213577536 0.0317074041987419
0.290517100497676 0.0430708188285267 -0.134907508335247 -0.0229055217310055
0.256617260818637 0.182507179448428 0.00796559964141937 -0.0502797836743549
0.16787722588293 0.228750522074561 -0.105297004928092 0.0946435609623972
0.204427667096298 0.166754538554332 0.181318406326609 0.402223563762346
0.242438455878873 0.107960046747767 0.246203471613868 0.0105594052937559
0.235249338889339 -0.0457556031266055 0.00723320562058106 0.0272873967079908
0.15919724388201 -0.143901266782887 0.0738744538053676 0.119044457770771
0.0769400147529011 -0.170982952389546 0.140582009458797 0.0472125749170344
0.0342680154214684 -0.172095239320423 0.102771819351235 -0.0343459784688322
0.0129084832172442 -0.186441713762155 0.0330417279665838 -0.0151474462498275
0.0222908645308801 -0.19522727866343 0.0232402092866386 0.0310928643555147
0.0365934974251054 -0.218259465710581 -0.00801131207728903 0.0739168116145068
0.0915129521894024 -0.231049937090929 -0.058665952198273 0.0979658235131685
0.201346825031372 -0.178184369836332 -0.167991959107841 0.0763091766806707
0.29209894507771 -0.0525737460449459 -0.189525449172379 -0.00782945824484938
0.29545565260901 0.0903873217229994 -0.178921667687037 -0.0813557818889452
0.2350927352399 0.173235237219451 -0.0471018059619275 -0.141998610986028
0.181380403199378 0.146458831076107 -0.159712370666662 0.0176590042517271
0.183101928106584 0.118142074699212 0.181530871218894 0.311096314872844
0.253437752327764 0.0962376255802159 0.244230195192422 -0.0523934579609558
0.270433556799663 -0.0899102204885319 0.0588669297111295 -0.0202530726226158
0.152385541724684 -0.206667413804869 0.120521030014252 0.028493391757414
0.0442404568398356 -0.206893951061599 0.153086916906755 -0.0418254104885274
0.00162028007842763 -0.179167218788376 0.101349794016235 -0.111162376952111
-0.0102660167711535 -0.17163352000957 0.0323989623037222 -0.085143630862904
0.00567741461362138 -0.172166215490828 0.0210981154983899 -0.0382305161302915
0.0187707359095948 -0.198530112126121 -0.0133224619015312 0.0040150548887745
0.0795502875637352 -0.224823871438599 -0.0564092644603919 0.0161864114773137
0.218310824586649 -0.173802423492677 -0.148222826254218 -0.00140060521463009
0.302688149431399 0.00747391348251677 -0.182640029410778 -0.0656911335394498
0.240345261409475 0.130208436483032 -0.204671887322248 -0.153499741647503
0.177327054764599 0.133312532222181 -0.0860661602818121 -0.242381762827629
0.139923520457001 0.0506128090701677 -0.203468239947813 -0.0278698088353297
0.110517447809841 0.0789567740590402 0.164341784751138 0.198737686105216
0.216614586365179 0.0927300202504674 0.196441080590023 -0.0996399778155431
0.247993923572091 -0.113198512366248 0.0969088240551673 -0.0531479123175016
0.105639584716992 -0.219823074960511 0.154177604956243 -0.0685002451437026
0.000610384841062578 -0.1952472230955 0.147599928001992 -0.1391108528193
-0.0314182612943205 -0.151082022456333 0.0841612207325354 -0.185363794767578
-0.0331611765437575 -0.129956890793555 0.0265834441363788 -0.143908070793909
-0.0130022344185569 -0.126540130300426 0.0175067162377131 -0.090720350334997
-0.00272241959060204 -0.155696542174311 -0.0165421776179523 -0.0512768754186179
0.0573805549634857 -0.187535707020197 -0.0470652491572542 -0.0579375403505026
0.205787623045462 -0.135161224837996 -0.100734297878776 -0.0824688152541655
0.254377029671869 0.0763691712522987 -0.139825404031461 -0.122436425245886
0.136854142584038 0.137858555378194 -0.197798934970678 -0.226928498803005
0.106268914794437 0.0577500548401942 -0.0979982046385484 -0.334896356471536
0.0536731283597812 -0.0376864764223903 -0.22132924337393 -0.048782946912851
0.0154119475619687 0.0620223959536261 0.128559477642375 0.0939925993147336
0.153976287721154 0.0934239184424587 0.135128983073023 -0.109211937534813
0.181384027962333 -0.109141123065083 0.129070493567243 -0.0719435181773564
0.0372669070690053 -0.178519856272974 0.167593565318766 -0.149855399810493
-0.037967928779532 -0.134870821461994 0.121853904725682 -0.218742627312264
-0.0545748561387838 -0.090942099704552 0.0552938612143182 -0.239533843763694
-0.0520702024769161 -0.0684205980210512 0.0166831642694256 -0.184532467726673
-0.0349950589868602 -0.0703779471178072 0.0107418496531717 -0.122809994707152
-0.0285908366157532 -0.106811911694359 -0.0217074564272452 -0.0877927107410379
0.0294019340672728 -0.146385509984448 -0.0313828485307508 -0.11594865255661
0.171162840947417 -0.0915554861239487 -0.0298006290751147 -0.142241245341804
0.165180643299674 0.117692662845204 -0.0734419947585007 -0.150786860633817
0.0210047020764464 0.0932407514746948 -0.168751062960853 -0.288319826422925
0.0431907509022522 -0.0459211663369829 -0.0851987176587163 -0.400259263980555
-0.04970850979778 -0.104335542078538 -0.210187845406397 -0.0453250854967702
-0.0718301083586516 0.052050434205614 0.0892057206958334 0.0236616444695668
0.0772523933737061 0.087004711766477 0.100247080210156 -0.0868469740173144
0.0893739788272254 -0.0788746031388891 0.159399551450011 -0.0902745855728414
-0.0279892237430347 -0.0956458975187678 0.15800135278558 -0.204851915369318
-0.0604474872632442 -0.0454283764668747 0.0857592005024735 -0.259436213519874
-0.0640365154273846 -0.01293411035248 0.0245238151048151 -0.260318609855686
-0.0622670107797661 0.00363269830207635 0.00197558037187896 -0.197266852795021
-0.0565162793046156 -0.0120317281505016 -0.00480110537568976 -0.132419502924381
-0.0542161467274563 -0.0612383259649816 -0.0334635452180505 -0.110187858639489
0.00212376936441456 -0.109871738390329 -0.0160684591474345 -0.158760543109082
0.122114891655178 -0.0569885990638756 0.0409739271829584 -0.168051583022088
0.0616426204321997 0.109086243241651 -0.0220789483181941 -0.145522345847409
-0.0688149173458375 -0.0036458882496533 -0.145551221226041 -0.333444148577243
0.00254667661063634 -0.155516383029701 -0.0588557703155497 -0.431241566467281
0.03791243277008 0.210623187914747 0.0140884788016269 0.347689902786794
0.113371093733497 0.0684825872938648 0.167433642184878 0.395955397399713
0.0255005087687533 -0.0289740676377988 0.0627922597351508 0.103080065746206
-0.0412235475369825 0.0307088280251128 -0.0807253963583906 0.142678082053604
0.0323685733692825 0.0582585576861448 0.0254627782060722 0.190526370190524
0.0664187268172347 0.0117223237682858 0.0765647541833749 0.106993055102089
0.0686109699175248 -0.0353889402116789 0.0358135145020812 0.089561659999593
0.0564429551854991 -0.0733803685661542 0.00304307924699291 0.152068908509317
0.0565129743015093 -0.0804332296536569 0.0120257868571485 0.207873393126323
0.0711344620852377 -0.052702988747786 -0.0250435638407611 0.239799850217489
0.0628080068177013 -0.00215852951559 -0.099665672336148 0.226937979760971
0.000988246306766636 0.0200562649603608 -0.152093555892983 0.13650687236179
0.00997332510956675 -0.0848194464730296 -0.104901395324372 0.0600978671357096
0.15085327623847 -0.0415588089010971 -0.0796301260275868 0.0422707803412464
0.166655623278268 0.134073549684543 0.0973313933234409 0.0520506461833902
0.0715815558885779 0.255739749413284 -0.0158531839376694 0.278283035283703
0.143677298561003 0.143388263326197 0.166598411789536 0.42774489867034
0.100933341888051 0.0380076088561032 0.115669617019823 0.0789170999061556
0.0420730633114019 0.0170353026942313 -0.0836096301951193 0.116577998852503
0.0715429399812545 0.00889016644826829 0.0202037194034835 0.197765916744112
0.0791124042873063 -0.0391972963472509 0.0953117205110685 0.111980590321625
0.066151148877158 -0.0865636490322767 0.0612513961722981 0.0651807535288411
0.0442029803059292 -0.128250649384618 0.0165157905803068 0.111609416199357
0.043602261156917 -0.143297117501672 0.0235832537559712 0.162806639951622
0.0596528092600777 -0.13593298316935 -0.00572469636414845 0.199152413930385
0.0820411750795525 -0.103805294032791 -0.071775531994528 0.207014106835832
0.0837018386151457 -0.0576283972038336 -0.154326359734635 0.143929004947301
0.115252205147808 -0.0841970360425167 -0.127876830486067 0.0513218432493292
0.224167317584453 -0.00741153847161214 -0.0898893046534735 0.0207690978604316
0.225437661207047 0.157009914994171 0.0600648797466884 0.0175488855802536
0.119916996526137 0.256723447056232 -0.0484037821924945 0.186321539298715
0.175520127467006 0.172521951842519 0.176341026176711 0.421682510326336
0.176426048262883 0.0849543867750835 0.182251245268328 0.0500410078978396
0.140280557447919 -0.00748800387975881 -0.0461547402934915 0.077950702178967
0.116673045328646 -0.0617125540216071 0.0373777808506565 0.172147055225622
0.0810886620351709 -0.103142265555742 0.114689092042235 0.0930747898458232
0.0516817255109168 -0.13280695606308 0.0830262646950257 0.0239633608277131
0.0260411781012398 -0.1644094103904 0.0249658625061246 0.0529256879969467
0.0280870408345582 -0.179666788101411 0.025883725347329 0.0984470611493608
0.0422517650207002 -0.190849090639644 -0.00113237234607236 0.139115525617249
0.0852023317072886 -0.183011191098771 -0.0565020344435266 0.1598594466875
0.145391778128776 -0.132499896505919 -0.156382610774898 0.125644960278015
0.210996662438125 -0.0813705264050323 -0.155652639300702 0.0335416819795828
0.27468238703463 0.0318705504208523 -0.126414448332891 -0.0164715612394941
0.246573080192158 0.167501748883718 0.00756017054509974 -0.0465746373420319
0.164824730555667 0.211675720453523 -0.09543930626615 0.0946486616077384
0.197351877292397 0.151755774741442 0.184157675619524 0.375054740455259
0.231822882258844 0.0938629659135558 0.228079883727706 0.00342350981883117
0.220424316145536 -0.0493383868376527 0.00794199759009265 0.0290725207836797
0.145449663950505 -0.141352227771644 0.0729934683492341 0.110758860230218
0.0667926448490426 -0.163411661790688 0.134914368517048 0.038865572057822
0.0267028231356071 -0.163696018439906 0.094520523454498 -0.0361178368228301
0.00539974262668808 -0.176663161155771 0.0278644209782221 -0.0151649341200753
0.0135922418367672 -0.186248418669606 0.021722853871946 0.027454778623734
0.0264924948583439 -0.207605086105676 -0.00660668912644298 0.0687723087414802
0.0791336254026538 -0.220297792989687 -0.0544593599873685 0.0910464478331348
0.184677501591247 -0.174094949394221 -0.156256540872912 0.0767820890508547
0.274094786268286 -0.0577204590729524 -0.176792716004326 -0.00242427406871018
0.281582322769906 0.0761431657343639 -0.168810791565781 -0.0701795786673033
0.226628408711221 0.159728322170456 -0.0467802945984391 -0.131606898680605
0.175610257857739 0.134444782161671 -0.149093429523984 0.0232262883312839
0.176366468238989 0.106623496535236 0.18346838189355 0.288414594755419
0.242526359589915 0.0834863584257699 0.225515690848666 -0.0560727143413164
0.252274027353504 -0.0942405873404691 0.0550738228438113 -0.018131589017046
0.13661925822496 -0.199876942892911 0.114311887836859 0.0239528144794825
0.0349483500310957 -0.196697548145547 0.143587812319913 -0.0450351942747902
-0.00466741171264236 -0.168818748479391 0.0907536536420489 -0.108691612850675
-0.0160745093131926 -0.161566498749329 0.0255549855733792 -0.0813699746246715
-0.000599178267854193 -0.163622173120604 0.0167815853248731 -0.0370222625305575
0.0107224936323513 -0.188711727770002 -0.0134765590765719 0.00204794221420032
0.0671870222442583 -0.213091873887351 -0.0540364548782455 0.0142739594531588
0.198664725746969 -0.170665881318987 -0.139606489201451 0.00273795554013559
0.286097055071138 -0.00326107385883204 -0.17209235957974 -0.0580047857729562
0.231849133177668 0.115649378603876 -0.194500022624646 -0.137803063481208
0.171436136570817 0.124002439761329 -0.0869989556679474 -0.226513617084692
0.133795101116231 0.0457034061819403 -0.192702275220756 -0.0205623739932479
0.106879373392518 0.0725077001959471 0.162112361996992 0.182096652496271
0.208917928638324 0.0793361886986132 0.178127324179374 -0.0982944409219239
0.229807618164484 -0.115253437223894 0.0905708990512955 -0.050559426052924
0.0916545639436612 -0.211108440527501 0.143959801900615 -0.0688201407950405
-0.00541573003672468 -0.183617418070522 0.135481787048927 -0.136615013121874
-0.0352552692046036 -0.140678529569282 0.07170660182466 -0.178093713339042
-0.0350764726612882 -0.120713656060807 0.0182488500934424 -0.137367733789224
-0.0161187270353263 -0.119508531738072 0.0127088484067621 -0.0872358604639891
-0.00773542072541699 -0.146073670973663 -0.0175460011960118 -0.0490858604001438
0.0474432365019951 -0.177454369333145 -0.0471861462505566 -0.0549339579164888
0.18885245767201 -0.133621370723795 -0.0978585680481544 -0.0763126497532272
0.243281840191076 0.0639546205073173 -0.13269196021232 -0.112846949727774
0.134566402345048 0.127106547257856 -0.189164333652315 -0.207937031567614
0.101491696944964 0.0546912220970843 -0.102268136014676 -0.313690650083867
0.0499372089989611 -0.0341874157442609 -0.211523219912679 -0.04013053419459
0.017350896984731 0.0590993742817687 0.123659287336872 0.0833242102278065
0.149975804560212 0.0817690761767736 0.122136160971951 -0.104673497516423
0.166441447082278 -0.109364158052608 0.120684054208821 -0.0710731704314282
0.029438427635392 -0.169063106628408 0.1537178460013 -0.14618192527218
-0.0399021574767487 -0.125857380486125 0.108562084882935 -0.211138373836983
-0.054722401300524 -0.0830016731178199 0.0433080247774045 -0.228306878842289
-0.0496053998211276 -0.0617921479102513 0.00690941977501143 -0.174712737356386
-0.0343337372514392 -0.0651779511727932 0.00436866800512828 -0.11743144416558
-0.0299991707044852 -0.0989024841095356 -0.0230671936313545 -0.0830510769253759
0.0217986306133102 -0.13750576014315 -0.033800084575342 -0.109425918447693
0.15767778012447 -0.091879865138305 -0.0329099243307474 -0.134828212486111
0.160243862036437 0.105505906799116 -0.0712691493358796 -0.14091494055553
0.0240915200912388 0.0879885908332098 -0.163806495934505 -0.266511214213539
0.0382257119857462 -0.0414322229124938 -0.0919742197245303 -0.377684406624967
-0.0488059259570053 -0.0945661757138107 -0.201920839809561 -0.0383762253109099
-0.0641117456239781 0.0523679376836349 0.083675867741844 0.0175182415713818
0.0765958800522932 0.0780293143637313 0.0901766905072471 -0.0825933266521758
0.0797500697046935 -0.0776983436588752 0.149238809984642 -0.090232147574195
-0.029942097944413 -0.0879255707998956 0.143634289704823 -0.198686298424064
-0.058826421631037 -0.0410337653603437 0.073729644526233 -0.248302495765762
-0.0601761305721589 -0.00853475123280033 0.0129337920928626 -0.246266338459955
-0.0567929959825446 0.00679938762526431 -0.00610347435637462 -0.187101945908659
-0.0526995148653242 -0.00926882096530173 -0.00941846146152978 -0.126364643341477
-0.0531703493989239 -0.0554361405665204 -0.0334563050515765 -0.103627471271411
-0.0024594903046928 -0.102562802457598 -0.0197292957337096 -0.149538334927816
0.112399807609423 -0.0580387823046389 0.0332245319949925 -0.16110990166622
0.0634238123122071 0.0999023494486867 -0.0225290473412877 -0.1378626604358
-0.0635939861491996 -0.000367513175265401 -0.144156170707536 -0.310559776772331
-0.00393020637869261 -0.145478952873524 -0.0677253010469033 -0.407710292153561
0.0340916264270792 0.200704335631617 0.0109421025515343 0.335952666907377
0.105969391545766 0.0652540827251335 0.154780970396309 0.382455143515932
0.0235563647460912 -0.0270628746096633 0.0560293046996983 0.099664980689111
-0.0391335038380221 0.0305030339853942 -0.0794949455088899 0.138472332677379
0.0305073022321757 0.0557536040847872 0.0230331936096578 0.182516346169669
0.0634858938973834 0.0110691523828896 0.0714775936111024 0.102029168058183
0.0652273085604591 -0.0345421629527787 0.0328174420406161 0.0864521932092417
0.0528179498615277 -0.0704094271345927 0.00154347080622284 0.147137129675731
0.0529693312759831 -0.0777531116367207 0.00951354581699144 0.198999793273317
0.0680264790033121 -0.0511305144091329 -0.0273763743985904 0.229540907595137
0.0610029136496668 -0.00144170717278579 -0.0986129962515426 0.216073456845906
0.0012680889817565 0.0196932865240828 -0.147543091339352 0.129250699307538
0.00997276374758305 -0.0796804078126254 -0.100741131516684 0.053874121373258
0.144039271579073 -0.0384513381030598 -0.076300973236906 0.0401153135224696
0.15785589125848 0.130677802743329 0.0934198937623456 0.0534082623512976
0.0654044452300243 0.245505229668392 -0.0168698771281154 0.270582542523167
0.134404673231174 0.137931395632045 0.15557882413579 0.411673288339763
0.09546899571186 0.0373519606145748 0.10641943236698 0.0768033920634332
0.0406393645152471 0.0175464080922625 -0.0818570616938737 0.114427108301601
0.0680857179228755 0.00924786679457193 0.0174678336039737 0.190024729411806
0.0760051402194648 -0.0369375508003125 0.0891658083181087 0.107722466400794
0.063465227941617 -0.0831663102253404 0.0568133761371721 0.0637658313626235
0.0415160899721241 -0.123178085433735 0.0140966777469206 0.108417833514042
0.0414056624032472 -0.138132012847287 0.0209536281237798 0.155582923347964
0.0570944074753964 -0.131870324387835 -0.00857748924659842 0.191222855364708
0.0797934686382134 -0.0990535507873333 -0.0722563862532129 0.197066515948718
0.0812441194460675 -0.0544596995040664 -0.14991770456887 0.13517226607124
0.111272726802789 -0.0780970976494238 -0.121768526366741 0.0451689639401451
0.213907592685085 -0.00487927788712587 -0.0850568402355973 0.0197846977160716
0.214642538058385 0.154672294796893 0.0592024042953702 0.0194593564922669
0.112000648906053 0.247510359972993 -0.0474420022355485 0.181385713010084
0.164553436506037 0.167234840617553 0.164690085296788 0.407233456515081
0.16684581107584 0.0835466210876469 0.171726257161736 0.0508265812259015
0.134680006444833 -0.00510915342853956 -0.0452608002668913 0.0772763562519028
0.111587991807368 -0.0580673668983629 0.0345388676729776 0.166174187936926
0.0785760560022224 -0.0977516761859924 0.109097944020311 0.0899970237825157
0.0500164150206947 -0.12725911328563 0.0786931083458049 0.0237320263838437
0.0250716506147847 -0.157914177802392 0.0223480426243507 0.0522255085208031
0.0275450653371986 -0.173359181223072 0.0227520296960146 0.0939019767712132
0.0413331163173922 -0.184263985257104 -0.00358071044882416 0.132576017900618
0.0827899282214819 -0.17480880010151 -0.0577273920802186 0.151511180453161
0.140771193164332 -0.125244326379824 -0.151821165775494 0.118252426285708
0.202792444147663 -0.0753509719279455 -0.148835610128146 0.0291939099795751
0.262509531451923 0.0348747983699913 -0.118412297858918 -0.01612017319111
0.235079846844198 0.165454342453976 0.0105275633727988 -0.0427862379567422
0.155380633161319 0.206338940285322 -0.0911662967515927 0.0913092964453427
0.186463428906844 0.147472325003864 0.173286590040366 0.361031989395822
0.221250441367093 0.0938000581789412 0.21540196004202 0.00571303939464866
0.211916043358206 -0.0455361086988897 0.00697154589862129 0.0317503291633974
0.139570159520377 -0.134266613155947 0.0697461677758029 0.108661236763349
0.0651439363846192 -0.155456668004405 0.128505253829487 0.0382006838341464
0.0267365849188948 -0.156795312463604 0.0894902396777891 -0.0339918475096602
0.00589489063452815 -0.169308421075162 0.0251110161396781 -0.0135884383675786
0.0141704166891683 -0.179544697667372 0.0188273137470424 0.0255915145354215
0.0257287799575795 -0.200406063352882 -0.00857208896202095 0.0650449075191583
0.0773360297650774 -0.210503355055632 -0.0551345030297465 0.0847957831876058
0.178021464682055 -0.165276947976632 -0.149680892321704 0.0711249617755447
0.263754704837093 -0.0525779918040673 -0.168020669051474 -0.00579462592064636
0.26957923690515 0.0777566559282973 -0.15771890313392 -0.0680044147716437
0.215832763029387 0.158787477191618 -0.0411539579819933 -0.126840868081897
0.167274918453002 0.132651531929267 -0.142898278087941 0.0214493403126126
0.167506007184412 0.105870525574211 0.174022134768522 0.278080617255082
0.232095698011515 0.082890917031197 0.213249644050826 -0.0496720715031507
0.242792905832912 -0.0880649028917089 0.0536573078587607 -0.0133058353029276
0.132520176934435 -0.190982981587086 0.110496250719977 0.0255614059753289
0.0345582347929123 -0.188479740095101 0.138843172929114 -0.0417131851106088
-0.00406284192200594 -0.161337513076454 0.087057136264394 -0.103183444044471
-0.0140383571426423 -0.154833328498748 0.0231294800525133 -0.0773596867636885
0.00100477475976666 -0.157330996268055 0.0149126263782686 -0.0373001943845229
0.0107676717495077 -0.180725258763708 -0.0136808621742112 0.00109018302325617
0.0652349173612485 -0.20262428793471 -0.0541398723975862 0.0111675083700278
0.192005761615789 -0.161803661152735 -0.134508345137282 0.000101436072886867
0.275592353422459 0.00174270084608501 -0.162575208562674 -0.0586322473007316
0.221807656963106 0.114412549849907 -0.181299841383956 -0.133716643865055
0.162616813884077 0.124607175494824 -0.0791273884092637 -0.218858543279395
0.128475535661839 0.0475075421333687 -0.185260662197287 -0.0222773730594274
0.102310460345299 0.0724339054957254 0.154316393596195 0.175783664043343
0.200454958934092 0.0781918410493791 0.169552903688132 -0.090507497538674
0.22114920143107 -0.109697567923163 0.0882042201265611 -0.0450904081910232
0.0896467821197559 -0.202658641298125 0.139238700152401 -0.063511243861447
-0.00379711624789528 -0.176204657106065 0.131180479186516 -0.130884582752723
-0.0322739527619148 -0.134388387509576 0.0693173949610822 -0.170019128658214
-0.0328779848024961 -0.116383754804934 0.0164117420123023 -0.131615843526862
-0.0143864399077823 -0.115887202311866 0.0108617233150011 -0.0856771397855922
-0.00633856382597111 -0.140412104575665 -0.017246595122876 -0.0490216807421567
0.046111582835141 -0.167810488586298 -0.0459832421466807 -0.0558834856416588
0.181651973235643 -0.126850850494036 -0.0926076783079761 -0.0753608054595193
0.233370868780238 0.0638330224317016 -0.123251492394012 -0.110918058295984
0.128875473986444 0.123831523538057 -0.175738924169277 -0.200599719557056
0.0960788073760963 0.0567355405959726 -0.092707134159136 -0.30397947284376
0.0493919995120163 -0.0298908749964731 -0.203498275609369 -0.04254063273074
0.0174196579433089 0.0584432307207802 0.117225920546348 0.0801205597624223
0.144117485951515 0.0788329937527207 0.11558166021244 -0.0972745816453243
0.160158867229879 -0.104428009914621 0.118151190785093 -0.0654093931400071
0.0290435747005503 -0.162073543243351 0.149704262120149 -0.138629081222381
-0.0369013151562448 -0.121531605299884 0.106018061862376 -0.202683932470563
-0.0511079270081316 -0.0793637439721079 0.0410520372898406 -0.218628842936823
-0.0466554507099496 -0.0587243194936435 0.0066948849877224 -0.167855198225288
-0.0318156791837481 -0.0630855290706591 0.00387502118814228 -0.113740670975761
-0.0282621120634903 -0.0949963163611933 -0.0206174159342742 -0.0813220005292451
0.0216995055918433 -0.13019801243017 -0.0319254509491474 -0.107026996096039
0.151184459282831 -0.0869072446181607 -0.0301422025041302 -0.13013664498375
0.154891160738214 0.102783425348009 -0.0637713944580025 -0.137513397808844
0.0236081719465621 0.0856017577803111 -0.151146459254697 -0.257869848417199
0.0364365922185131 -0.0369786620175494 -0.08452326922402 -0.364146630666419
-0.0447252515382467 -0.0885005924652265 -0.194157838240937 -0.0411974192264919
-0.0607743124663772 0.0498051874554248 0.0780872692590553 0.0164244932115133
0.0734091568452644 0.0741221233572244 0.0859191265862225 -0.0750765011835038
0.0766759876366587 -0.0742826298016737 0.145319603832384 -0.0837345034656363
-0.0282228418428979 -0.0844555282005753 0.139955464946713 -0.188655050385463
-0.0558680064176219 -0.039479286223027 0.0733502032307411 -0.238690269249475
-0.0568026892777567 -0.0082480514103345 0.0132195741313621 -0.23698882110056
-0.0533819609109251 0.00712164335779612 -0.00567883937093259 -0.180515118297168
-0.0491625997387895 -0.00857118324174606 -0.00804209250708979 -0.123059154615692
-0.050394222881881 -0.0526887979277938 -0.0304865640637954 -0.100950191647506
-0.00263900476491167 -0.0975960481750559 -0.0179980442242294 -0.14437906313004
0.107181328769916 -0.0557200146681397 0.0340331962783712 -0.155957960161375
0.0616643962443075 0.0963358834289325 -0.0170914540259912 -0.133931791522183
-0.0594106652672507 0.00069316861047399 -0.130534089624276 -0.299254063304185
-0.00274398072442978 -0.137560217523121 -0.0627732710712365 -0.393706808169672
0.00240027497199974 0.199930825160076 -0.0539629053876318 0.331312145548141
0.0896336284987009 0.0785738155167706 0.0896712875880158 0.404734713744232
0.0258120853045351 -0.0229023347809714 0.0373379144951785 0.109534455943735
-0.0432733306641221 0.0230359134886097 -0.0978375868161818 0.124594679476618
0.0189762730526348 0.059719493871835 -0.00633073957413131 0.179796133267826
0.060551028785037 0.020236224874043 0.0509380495316924 0.112772775895757
0.0706424313364349 -0.0241233409217086 0.0174992593460507 0.0904879114001646
0.062623108780452 -0.0600364324276864 -0.0222739481732228 0.145013353171076
0.0643537813576933 -0.066196433838056 -0.0251404697990468 0.197347739864129
0.0755632846613026 -0.0382776817239593 -0.0673646131799805 0.219634687313642
0.0620069940970768 0.0110064956282275 -0.135009645374402 0.194204362376626
-0.000415607340599812 0.0222768537675974 -0.168712961119896 0.10109926571679
0.0222575754267388 -0.0725099176230058 -0.108958078621853 0.0336070747458911
0.145376491711039 -0.011043146804713 -0.0835667565844931 0.0239153724460089
0.130739110060132 0.154287150892552 0.0838671078383286 0.0700754194267817
0.0267600398028021 0.248406591971716 -0.0744095464903788 0.262321984153373
0.105236505260279 0.1548916499992 0.0813124021164059 0.435348060718093
0.085521161014553 0.0522577568311918 0.0844377117133658 0.0961521190359779
0.0359757101558198 0.024682054224091 -0.0994805199197207 0.102944660483441
0.0628411176919009 0.0220285637859638 -0.0131366949912941 0.189015748330179
0.080173303276504 -0.0245140174747891 0.0690765508967369 0.123086109773307
0.0767433401121018 -0.0721960521903535 0.0448444256883893 0.0728774671700616
0.0605580782503446 -0.114015082411823 -0.00456221661524538 0.108718194487967
0.063434650599114 -0.127552725159452 -0.0074799172520518 0.156205725291233
0.0785645295329897 -0.118719377375951 -0.0450190628193426 0.185078364566898
0.0964746704262243 -0.0804714180270659 -0.108118272438058 0.179680471484989
0.0910152575779707 -0.0362644195356987 -0.173118238611944 0.106862771587999
0.120343940963194 -0.0542757439577167 -0.129519885322162 0.020650289809519
0.206579645669304 0.0353082836027074 -0.0886319777581224 0.000624010235262091
0.180621635842451 0.189562714352523 0.0563884344240201 0.028615383418931
0.0729412880160991 0.258154817636526 -0.0936546759148834 0.172606979054988
0.130139289430576 0.18923247652939 0.0900260845158218 0.43220645914884
0.147668961244142 0.10939356437556 0.148116649122262 0.0820345180317003
0.131323881424665 0.0185399741458014 -0.062069820680741 0.0753972999184621
0.117197837261617 -0.0353525846065726 0.00487461308364535 0.173593084269911
0.0930929331861368 -0.0829541122653955 0.0933304664196582 0.111127522650212
0.071055938098999 -0.117227888817813 0.071042439477102 0.0381510374154648
0.0504567247467724 -0.15062747596721 0.0120502913366145 0.0547788233815014
0.0556942471112748 -0.164952904569698 0.00408459182687336 0.0948843703257299
0.0704871591812718 -0.172579570406459 -0.0314436992824396 0.128364712142394
0.111156820082579 -0.153596088477736 -0.0883579500357145 0.137095365400589
0.16128412932148 -0.0949017001405419 -0.173862895919259 0.0902598093642075
0.209235441733818 -0.0357950995860826 -0.152675949519624 -0.00185876147125482
0.247614689008589 0.0813358467179244 -0.113490140520832 -0.0425166479709848
0.198195430278213 0.205528853447154 0.0203075644230401 -0.0434834374850627
0.122410289211725 0.225317273738397 -0.12230874547838 0.0812150645836325
0.15540828677985 0.175480112741023 0.106429341825619 0.388502572295752
0.199624274860207 0.128398205357075 0.195749382034314 0.047290695185959
0.213455541859161 -0.00682771547625447 -0.00603287518596962 0.0417920522182156
0.158499219751096 -0.104181285437795 0.0482548285179002 0.125480084648833
0.0895900657174355 -0.141431873745693 0.123681929980034 0.0662559560357498
0.0525457746558568 -0.150785899994518 0.0913067987780909 -0.0169852649359142
0.0341750795875196 -0.165858505541435 0.0250011109614545 -0.00923581450201343
0.0437911750084355 -0.172880747587036 0.0116398708001909 0.026837649931689
0.0582098436504697 -0.190622583380403 -0.0246992779943761 0.0614908249606924
0.110604863573575 -0.18864690529236 -0.0748797760272137 0.0715432487359261
0.203683201781498 -0.12776700550698 -0.164547318292511 0.0443301327444917
0.264044843341493 -0.00329738925852668 -0.165053314705753 -0.0406610198795797
0.247070385050555 0.124533823432753 -0.141709381336478 -0.101526254678961
0.18038917841083 0.197707031795265 -0.0163025118372482 -0.136969323405409
0.144737945943264 0.156389022776376 -0.159093184619573 0.00677688809364483
0.145673690200976 0.132161846151598 0.121223952679789 0.306739235066754
0.213032502212041 0.119930465693333 0.202562204753251 -0.00720420765676046
0.251145568342421 -0.043175016153529 0.0465750805501101 0.00653954035859487
0.161615369497254 -0.160218747854889 0.101632920615658 0.0531426847649566
0.065086612398609 -0.177961833372255 0.148626688843058 -0.0117746364600239
0.0237553796116948 -0.160228836461288 0.0988267537530327 -0.0861296724362237
0.0128218633435161 -0.154203313534062 0.0333682960698232 -0.0725428039116655
0.0270663914360987 -0.154173262528189 0.0185308998504973 -0.0358442415292029
0.0406607707546703 -0.173960686380063 -0.0179608526004095 -0.00304717253762047
0.0964984676420979 -0.183345083276611 -0.0606674494792363 -3.07688968947152E-05
0.214755211929795 -0.121897752945031 -0.136914578763266 -0.024135654501824
0.265653540333219 0.0502492928335516 -0.148839061944157 -0.0921375740941696
0.194441863705715 0.152674069449103 -0.151315617502124 -0.169182532347067
0.132954593400431 0.154057846042559 -0.0377665583627748 -0.235967241073396
0.119433657891691 0.0676736123884252 -0.187757913719964 -0.0426867821802579
0.0883010667149726 0.090099582157738 0.120345870453537 0.199223182994033
0.183599403334682 0.10985215771768 0.166781182606753 -0.0545757467382539
0.234154504670085 -0.0682454606208825 0.0878062707549225 -0.0194435226831369
0.123455472248154 -0.179051597336383 0.146589503272145 -0.0299537870344154
0.0245930147715013 -0.172352348344827 0.15592230227849 -0.102565298449228
-0.00974719099678488 -0.138874399161235 0.091662044389568 -0.154481225817703
-0.011523204261649 -0.119246078213225 0.0358816293446929 -0.126775010500835
0.00519576813546919 -0.115370800003783 0.0226867408001564 -0.0837959864638222
0.0163478155015041 -0.136796453547699 -0.0116999142782356 -0.0518158629189654
0.0711571384641589 -0.152968000539934 -0.0403165449103975 -0.0646397869809633
0.197216188773453 -0.0900280416969462 -0.0820854457935208 -0.0916922483961077
0.214025512422436 0.102845297648841 -0.0997829260160911 -0.13627391500716
0.101158087682375 0.145101080205111 -0.132090248067904 -0.233064640385408
0.0786681798924817 0.0764994292758139 -0.037108936179899 -0.322537463151107
0.0539162578911891 -0.0199300231117449 -0.196242079311755 -0.068271213510554
0.00871763424103893 0.0621254522676682 0.100043924838733 0.0947681208355069
0.129287197071314 0.101433293671661 0.116580116947532 -0.071065771580262
0.172564686929856 -0.07424361764459 0.122433302529946 -0.0369824993537095
0.0578097964524078 -0.151110312925521 0.169426215918185 -0.105744832835336
-0.0176314495023812 -0.123855434635733 0.141788983311827 -0.180445984705681
-0.0376823410132413 -0.0876432297010183 0.0725893874268984 -0.207905234010176
-0.0347307019237857 -0.0659580790786923 0.0325368973627925 -0.163872336924091
-0.0208293677049552 -0.0680318552767326 0.0206499574552758 -0.112463872623942
-0.0125216769881038 -0.096427291820631 -0.00885236048386576 -0.0836676983720766
0.0400859988473787 -0.121886206491252 -0.0161546582493715 -0.112039461214731
0.159989962080392 -0.0576136933395524 -0.00897631803972515 -0.136745911085276
0.131053357304381 0.125940303824326 -0.0351335399301312 -0.151294987870674
0.00531751181784317 0.0890988544890143 -0.0970309676842775 -0.281533990683342
0.0357293379643439 -0.026699136847292 -0.0185397524705472 -0.380718771697649
-0.0295758890240815 -0.0913791528502741 -0.180363310344968 -0.0708801352299294
-0.0662435926923527 0.0407190223160823 0.0721947683176213 0.0219546212695879
0.0610674393780711 0.0837803600021682 0.0885318158647831 -0.057808223035163
0.0862008206965823 -0.0590482430387306 0.154380378905987 -0.0560729525763388
-0.0107248730356185 -0.0858101342113118 0.169258669388147 -0.162208303353347
-0.0492582952946018 -0.0464974163869424 0.112885508732022 -0.224874536597608
-0.0559519636072497 -0.0171020082847523 0.0475301216614209 -0.232107445399206
-0.0519125934562975 -0.00192259450116996 0.0229363538827521 -0.178551233312387
-0.046316050941753 -0.017627782627453 0.0110149835889767 -0.122602872383557
-0.0407204414283035 -0.0591127936695001 -0.0134325051231191 -0.10429241474821
0.0114083489030046 -0.0949078495173134 0.00601957287002663 -0.145243540293502
0.112180384504498 -0.0373454459482628 0.0583574031144141 -0.149797725025317
0.0433874707884975 0.102127071947624 0.010600235056532 -0.137820020533404
-0.0604234147494376 -0.00894943065015402 -0.0725963253171401 -0.315503582731909
0.0147753679317826 -0.13337416602139 0.00966630735633999 -0.402256758359116
-0.000712287312746262 0.20384593989697 -0.0578237301712258 0.344830635980519
0.0891164143992697 0.0798798316455913 0.086477637917852 0.417388247033922
0.0249874289175585 -0.0235866969343786 0.0333541558316499 0.113472131739694
-0.0441723189821373 0.0241192918911186 -0.102805583593807 0.129857502478898
0.0189377448911602 0.0612814775249059 -0.00766731294485492 0.184535125324982
0.062571905772005 0.020609087791384 0.0501721409688722 0.115487649541262
0.0720724658755663 -0.0256733451636794 0.0167830879080175 0.093895413463766
0.062740935489045 -0.0623227539757437 -0.0245626571913851 0.150353642743328
0.0651019369781204 -0.0684686123908679 -0.0279891172274988 0.202670630142395
0.077638468258166 -0.0403723315361253 -0.0722307254897256 0.225897720184933
0.0641946073353639 0.0110364945824211 -0.141892743972195 0.198380570254284
0.000132773623352763 0.0240110421753272 -0.174792430657467 0.101119063734496
0.0225005714519555 -0.0738197853213359 -0.112543929620446 0.0311116909076077
0.147438034080209 -0.00892436484156822 -0.0848710068847866 0.0246754843833862
0.132226043391197 0.159288995816675 0.0873911159602312 0.0754615964639369
0.0239578090755593 0.255127051099262 -0.0785846307522966 0.272641940790541
0.104189587998542 0.159271932603308 0.0795590003530204 0.446853778269604
0.0852773366977341 0.0549632003874585 0.0822054446100111 0.0998998354541206
0.0365979904827882 0.0262586951262641 -0.104258192297665 0.10799300108518
0.0638503049488367 0.0228657304347202 -0.0146461498291651 0.195613727653945
0.0836128451684498 -0.0249818172943875 0.0685395768602358 0.12694499483457
0.0793228014698856 -0.0741918647945977 0.0439765147230352 0.0756337296963721
0.0616710776875859 -0.117209994315319 -0.00666168860113308 0.113102201917856
0.0643024245353816 -0.132370708885193 -0.0096060241812182 0.160703961763651
0.0801621801560931 -0.123260131670538 -0.0484167962542721 0.189814362327979
0.100614428908786 -0.0830415126284377 -0.114587180195542 0.183211618069132
0.0940312011722251 -0.0360772677411961 -0.17965467095135 0.107964909897289
0.124317253289486 -0.0532546547907874 -0.132417908905929 0.0176786321995173
0.21185217603697 0.0389798487911654 -0.0887234352161691 0.000746799637673974
0.183876513657838 0.198445871621586 0.0604678933783031 0.0311052602307705
0.0705016451805408 0.266538791954253 -0.0969186181506966 0.178694308892767
0.129834115951353 0.196018994718907 0.0887068637340366 0.444390969426137
0.149304240705066 0.11474205447815 0.147502902497844 0.0862541846742054
0.134615548827352 0.0207911223787955 -0.0650246671679629 0.0805521761848125
0.119972558902518 -0.0346968559155502 0.00420055325259313 0.179241122940435
0.0963045418935234 -0.0844956399665544 0.0946481496589117 0.115060846823563
0.0740475111658434 -0.121207036936173 0.0718702452613714 0.0393056650185472
0.0521637784801991 -0.155160726349342 0.0105477847645691 0.0578603795152808
0.0577700006746316 -0.17017096454864 0.00202010299652217 0.0974392609176892
0.0731561912769341 -0.178708644304802 -0.0338857003554556 0.131578016055543
0.116091209982731 -0.157932072508453 -0.0944308429945619 0.138688725713529
0.16745641393902 -0.0963762402959303 -0.179922626704255 0.0899842443830927
0.215250536616531 -0.0337285041166791 -0.155064278789782 -0.00495233235340303
0.253382830817393 0.0882155506096938 -0.11294559917261 -0.044409726783074
0.20183904410942 0.217489296453411 0.0239954706772159 -0.0449144016147398
0.122096414548777 0.233953242216286 -0.125951968540541 0.084402968162053
0.15715277540544 0.183359065787143 0.106764815240194 0.399001117140856
0.203584458963826 0.135007582915824 0.196316442429206 0.0511763526333896
0.218706067510748 -0.00501013377094102 -0.00651276333719299 0.0468724549283951
0.16369218350303 -0.10553949434276 0.0489417250438199 0.131899656248214
0.0930519662927664 -0.14482978626611 0.126794739896551 0.0690921240574241
0.0550360776433727 -0.154178992533044 0.0935602590241774 -0.0164628321106732
0.0361161054032096 -0.169767195584843 0.0241169169207709 -0.00783945717693527
0.0460044192075268 -0.179117167620009 0.010499449981375 0.0267374517516037
0.0599365078297873 -0.195908774735775 -0.026613732887369 0.0620536287336393
0.115199782386204 -0.193290373763378 -0.0804307411269277 0.0717818706369341
0.21008062555175 -0.129528537572623 -0.169320625951186 0.0425982657143046
0.271413315209204 -2.74957807545749E-05 -0.166731532156439 -0.0443666083727138
0.252705123393518 0.131718643832606 -0.140998648960271 -0.105231234171207
0.182571602348416 0.208208219772641 -0.0124873082912115 -0.142042375565282
0.145577035631481 0.163281476548148 -0.163018369476231 0.00648996595979465
0.1480002104107 0.139331366245545 0.121949367270513 0.315377845025984
0.218181737448643 0.126551124263279 0.204649260305273 -0.00333840579336868
0.25858574224735 -0.0431702882020783 0.0481462887778525 0.0112207079185856
0.167353595477679 -0.163997454272191 0.10514825249759 0.0572012401686777
0.0677890658883756 -0.18168876849688 0.153605623722708 -0.0116158106847668
0.0255935559131434 -0.164406263290428 0.101877252586509 -0.0871537875230764
0.0141726263728175 -0.159002789210736 0.0329318981141654 -0.0730550531288636
0.0291336141347155 -0.158831756137476 0.0173683259291805 -0.038081301483533
0.0423101850082006 -0.179307933910609 -0.0196880626809445 -0.0045195156893277
0.100673684002841 -0.187237505582691 -0.0647758713917564 -0.00279283886974248
0.221625944227478 -0.123372097466691 -0.140090092192585 -0.0271282095243742
0.273570899713192 0.0544085953604008 -0.149609799625346 -0.0980202407332795
0.198723734912706 0.159970490776169 -0.148961456901706 -0.175208909029376
0.135309258672797 0.164128358575499 -0.0351351179676706 -0.244308041935791
0.121916831103394 0.0728630271893352 -0.192967877128938 -0.0461641896656972
0.0907461410481233 0.0954629844696065 0.121830065461031 0.20505618730886
0.188933749233447 0.115299548589283 0.169104711961945 -0.0532151976908242
0.241096498353612 -0.0686477847529888 0.0903571581791002 -0.01593708132848
0.127851535114783 -0.183736741851968 0.151346507480886 -0.0276287486485672
0.026414828169619 -0.17694016476504 0.161960663322135 -0.103724141921854
-0.00862139242920126 -0.142708533121964 0.0944942286753153 -0.158285426598449
-0.00973906638890151 -0.122910110177508 0.0363667001136892 -0.129413566043559
0.00674687428470791 -0.119112422365699 0.0226736908084272 -0.0864005055932461
0.017430138957373 -0.140776595934212 -0.0114702019909994 -0.054751215632501
0.0733081700907436 -0.156339822539314 -0.0416241831395096 -0.0676984095539078
0.203234444053739 -0.0922558115029018 -0.0830845341854167 -0.095916456197381
0.22011221793425 0.108564174121152 -0.0985695315213419 -0.141919698364383
0.103558185787837 0.151398513619415 -0.127578713325906 -0.241121183864442
0.0792822906811304 0.0826245321682665 -0.0341274785133436 -0.333575894139621
0.0560930815365643 -0.0172432913758943 -0.20130095381014 -0.0729095305005331
0.00933081776574176 0.0664313805550828 0.10070980385397 0.0968225622542356
0.133487695524297 0.10412349553241 0.118810489685966 -0.0696184795101321
0.178923937667772 -0.0756692972572419 0.12717100510303 -0.0349106219271052
0.0599508935589155 -0.154378115962306 0.176355361482089 -0.106653710540485
-0.0176327726858516 -0.127398218517261 0.147986034567154 -0.184470571696627
-0.0382614194044161 -0.0893252640766078 0.0757768230610282 -0.213369096273499
-0.0345116782773581 -0.067543664032604 0.03355053371519 -0.169097648871683
-0.0199053780776788 -0.0699753074773738 0.0209128543374935 -0.117377704046808
-0.0122315460628881 -0.0984812341044936 -0.0081219623304541 -0.0882794543603013
0.0413602046489559 -0.123517517185111 -0.0155861312142306 -0.115765925663435
0.164003788329515 -0.0594438396645044 -0.00806223606647057 -0.140564726769742
0.135606672667392 0.130394195562826 -0.0315489817427789 -0.15635927078635
0.00560079674314319 0.0930420134206575 -0.092682228900725 -0.290193261014018
0.0361814786608056 -0.0236280791324933 -0.0148096158364098 -0.393176049525295
-0.028329916987095 -0.092035779897139 -0.18660148483802 -0.0754264556088975
-0.0670841583568243 0.0422092195687265 0.0712844244982129 0.0228427307756139
0.0630882321465776 0.0865517089448868 0.0897546706265663 -0.0561121133771257
0.0882684011557109 -0.0607365423377913 0.160575482484701 -0.0548267766356785
-0.0108878763344127 -0.0880827826605346 0.176557133106606 -0.163895299715556
-0.050006134030465 -0.0482993005431486 0.118483190848338 -0.229933191442398
-0.0571100135879662 -0.0169231297224597 0.0491200790354503 -0.238100189457908
-0.0528965661432548 -0.00177744286797392 0.0240996216927496 -0.184329885728786
-0.0473432828778822 -0.0180468422587606 0.0117546229020014 -0.126892755475257
-0.0417110281789383 -0.0606524169234232 -0.0123679179249657 -0.108744537795456
0.0120745418005197 -0.0967347955012788 0.00768033324412277 -0.150003880257154
0.11443610286626 -0.0377452578617966 0.0626620234585541 -0.155037698571631
0.0452659630804858 0.105241431953705 0.015180145950797 -0.142235627019353
-0.060588978237824 -0.00894330972458434 -0.0668327445071183 -0.325175483436728
0.0154103594756739 -0.134287606783017 0.0122150990870578 -0.417599286008205
0.0041655607130823 0.210110041473998 -0.0497627198309498 0.361948664789433
0.0920783870693515 0.0789025665473679 0.100735514263813 0.428231269994908
0.0231381005390588 -0.0245071556074025 0.0347772630084813 0.117336864452537
-0.044673789965127 0.027153896168671 -0.103155877977578 0.140633940307966
0.0212520797033132 0.0627957303450092 -0.00176148929371736 0.191565669134393
0.0653312594172429 0.0187633893047131 0.0551649108535684 0.117376243803927
0.0735225727682836 -0.0296250555609191 0.0201398355480373 0.097435020592905
0.0610334561986621 -0.0659078607976608 -0.0210644138816563 0.158186882350633
0.063100509679125 -0.0740018670056551 -0.0231478445164193 0.211099274106693
0.0780720316841273 -0.045683879633011 -0.0696166072054659 0.236314548115004
0.0681782280078445 0.00888668374036252 -0.142605374008036 0.209618039585783
0.00237729077844926 0.0256733768234799 -0.179370356851158 0.109143069075951
0.0206901515210607 -0.0756613815586299 -0.115500623252437 0.0328412915411659
0.151205718779028 -0.0128088523669566 -0.0855102245117795 0.0291791995111803
0.141592862697701 0.161376622150849 0.0951240407633302 0.077329194366389
0.0312901117905815 0.263259453612344 -0.0726697590554929 0.287967256852385
0.109845382121085 0.160896218579423 0.0942774954204663 0.462724855629543
0.088121019676293 0.0548119036471071 0.0842714744463918 0.100801297395813
0.0386182600556735 0.0267299757328536 -0.105353448220825 0.117527367130911
0.0662159457019707 0.0222810677809851 -0.00925957870488044 0.203683156680886
0.085590830692276 -0.028326233721136 0.0752540834194937 0.127979235862081
0.0796369538174253 -0.0802302181745501 0.0472932445533718 0.0770194590525893
0.0591052690448793 -0.122826100157819 -0.00340232537300893 0.118721180928335
0.0618100021829247 -0.140414932088339 -0.0063081521897595 0.166475692765909
0.0784363415618318 -0.132259500910856 -0.0451372638469452 0.19950028722117
0.102289107029069 -0.0900029006978922 -0.114903734236124 0.192454486852237
0.0976850441363553 -0.0406773608731811 -0.183850795890619 0.116585129445264
0.127479693311788 -0.0572207487696728 -0.135271670310771 0.0199799359824508
0.220180231574765 0.0354896630965985 -0.0897009546046114 0.00437180498397533
0.197231434797364 0.201861639313183 0.0665139133668754 0.0316644519815746
0.0793536749522939 0.274116751361259 -0.0937548150404133 0.191156160416631
0.138647246016192 0.200068517892282 0.105014594664256 0.458782373435413
0.156339662881905 0.116148577896235 0.150960274722776 0.0851726019583545
0.138642685605213 0.0179738816711461 -0.0654386136840151 0.0883125070983865
0.123532404647173 -0.0390328582688036 0.00994132552008694 0.186630598026617
0.0969841193324394 -0.089902038419647 0.102566368101761 0.11595596507148
0.0722780321826384 -0.128099953372258 0.0753908817922987 0.0386132281124592
0.0485298977332021 -0.162419038223527 0.0117912425242532 0.0605957165817884
0.0533520361413099 -0.179926148120873 0.00411267285446869 0.100328410138752
0.0686759977434395 -0.188454395219189 -0.0330385755215388 0.137267459459411
0.115185218590343 -0.167607029802804 -0.0958746520106823 0.145860164321305
0.170887187629797 -0.105221313864178 -0.183674805775722 0.0979842719197467
0.223858834199439 -0.0393925498747949 -0.159120499172775 -0.00318236370663042
0.265785747220023 0.0848981103257316 -0.115158957425014 -0.0417668610030726
0.216677503444068 0.222036671637555 0.0264235596668797 -0.0476662175292334
0.131789095878448 0.240277102983182 -0.12659523858372 0.0925128626371483
0.166165650325742 0.187703456956519 0.122544758840495 0.411931083251415
0.213839128847477 0.135762120529945 0.201880622546391 0.0484391434956468
0.226024787907472 -0.0120339510549102 -0.00504586118387126 0.0522558977594248
0.165553638028275 -0.1140435008678 0.0555528036237747 0.137187538684221
0.0920966018197478 -0.151814915680563 0.133974109916992 0.0675807406771034
0.0514106539108339 -0.162229588115116 0.0950888499152328 -0.0199840598132306
0.0326182869122506 -0.176863060996177 0.0231500518777115 -0.00745787455386394
0.0414976773391764 -0.188544035870437 0.0103281726254808 0.0269767490145577
0.0548925961564946 -0.206461304967369 -0.0269592934282321 0.064947020523864
0.114093591070771 -0.203831333107561 -0.0834302650086045 0.0758486589696508
0.214270798111715 -0.14109579052849 -0.175119365277754 0.0470956023341932
0.282711836940994 -0.00578449044367375 -0.171318797558825 -0.0435021437364142
0.267314334900239 0.131253295741548 -0.144212110690089 -0.105211853099133
0.196175230557073 0.214383182756865 -0.0143161708918842 -0.148467694028455
0.154651530390893 0.166915784796027 -0.168279817167192 0.0123844716188497
0.157377331263345 0.142762074821882 0.135545368421132 0.323530058638226
0.23086503575824 0.126452030445577 0.208111670201647 -0.00797856359202785
0.266270705221099 -0.0523883934011132 0.0507696479143949 0.0139391270089783
0.168391573322505 -0.174891215780117 0.11195482765918 0.0583742519286221
0.0649201874239085 -0.189919631957581 0.159757236636646 -0.0154573852539534
0.0209627423011711 -0.17092828852202 0.10268443944695 -0.0928349465813475
0.0109219992712066 -0.165055849298753 0.0296620914883678 -0.0760369328403129
0.0252032016058751 -0.166655317033797 0.0151429410340206 -0.0408483404386826
0.0372228710374918 -0.186698612083394 -0.0212305261627671 -0.00449263717173322
0.09801322118001 -0.196666422385648 -0.0688244286571083 -0.00237347305976131
0.225556967885408 -0.134200074103545 -0.145464128058858 -0.0257279066951645
0.286824202974408 0.0507387000715126 -0.1544640813629 -0.0985927763996478
0.211263528776683 0.161301590483414 -0.154025237925771 -0.17837435114364
0.145402832831738 0.170311862528641 -0.0408280146865291 -0.254456537585043
0.128491172155976 0.0736704951199513 -0.201309787448061 -0.0417058052351952
0.0981448930615689 0.0984604319698163 0.131753318432627 0.207683960328754
0.201586054195623 0.114891763575958 0.170326972527449 -0.0569879486808367
0.247348986647495 -0.0800213674602564 0.094819039143141 -0.0165232336508344
0.126961939852191 -0.195093953000328 0.157854030050848 -0.0318329246527889
0.0224581611924925 -0.184220085446021 0.165578684420957 -0.112913692952545
-0.0135818051247852 -0.14668692728182 0.0931092157417323 -0.166415451488084
-0.0131924170397511 -0.126932096224681 0.0315040996264312 -0.134803584371023
0.00354031090399294 -0.124308529366004 0.0189410587816078 -0.0917539939836142
0.0131760563508681 -0.145897845509947 -0.0150088173245402 -0.0580061400697686
0.0709922226761135 -0.162618110718026 -0.045872655983186 -0.0704886518043841
0.206268442250224 -0.101761783603642 -0.0882502783354115 -0.0993805294659205
0.233298548224499 0.106365586833102 -0.101988729085847 -0.145323721662515
0.113178941167893 0.155326937326903 -0.133983876419909 -0.247646168475891
0.0845160855668693 0.0878477232612644 -0.0434087203868023 -0.346647693281052
0.0584072378356613 -0.0173095138948653 -0.212071888340781 -0.0708119104922938
0.0136099864450131 0.0693940658709469 0.105251777530916 0.0975809891602983
0.142844240513205 0.104654748508698 0.117719237219558 -0.0723776656460651
0.181252006690925 -0.0850948626327784 0.132001772678685 -0.0382396201121244
0.0575417295772147 -0.16215563511309 0.181681406860841 -0.114497905264743
-0.0220926091980216 -0.130894515714858 0.147704012536959 -0.195329542062472
-0.0419314759682498 -0.0908454226092726 0.0705858293256904 -0.223232083916792
-0.0358781907038777 -0.0690739133871231 0.0274509926077146 -0.175380315308006
-0.0215364169871673 -0.0720216360550192 0.0176551038181135 -0.122417743018615
-0.0158792620550006 -0.100702318880069 -0.0108609945110854 -0.0924682845975306
0.0385504382413758 -0.128506546411176 -0.0201329275001275 -0.120926967941772
0.167199630551982 -0.0672635368208249 -0.0113311015085732 -0.146992417155783
0.145724668324414 0.131393246528501 -0.0342510124189199 -0.162608616785115
0.00929183833578594 0.0970123716142198 -0.0990759149029396 -0.29915361601847
0.0360693203563101 -0.0217392749150598 -0.0265800317341944 -0.408940765932241
-0.0310657004943346 -0.0928739269033981 -0.197117151002654 -0.0743872246923412
-0.066066500936845 0.046648741676959 0.0715002063863167 0.0201119417740862
0.069589930451239 0.0869779675949491 0.0893397028857091 -0.0578965232228099
0.088559641355295 -0.066467700709896 0.166488873991924 -0.060099879811814
-0.0146660253346888 -0.090202761036214 0.180327441881213 -0.174661912177958
-0.0538676571588377 -0.0483903635372995 0.116238180304088 -0.242019789134727
-0.0584754677217845 -0.0151729143317739 0.043182480626029 -0.247109472190038
-0.0528114304920306 1.95695075199099E-05 0.0181278405125396 -0.192217762579853
-0.0479959500761769 -0.0168353878554016 0.00740345537059613 -0.133327096672613
-0.0445396026167328 -0.060576265511888 -0.0161519002428065 -0.113695381808934
0.00885507860894167 -0.0993650400214752 0.00373856609494567 -0.156756017249325
0.117255108550612 -0.0435821083851336 0.0612381066818333 -0.163217495113821
0.0524838465911843 0.107579210124736 0.0146868574442231 -0.148856938458149
-0.0619104810287814 -0.00649743144038413 -0.0742068204865951 -0.335604467021009
0.0106797062409981 -0.137151388051007 0.0016700266697188 -0.433958871543308
0.0145007492915311 0.211272492152361 -0.0297003584873965 0.370809295926463
0.0942457733201517 0.0738440323314927 0.123744011548768 0.427393124261327
0.0197408015718772 -0.0257757194565313 0.0384245619385663 0.118033627935993
-0.0432140565684042 0.030191802382509 -0.0969622281038258 0.150515110987423
0.0252864957349814 0.0631578103498247 0.00917034394546771 0.192889563735272
0.0671135452890642 0.0143850767000107 0.0612437672677725 0.114688690600978
0.0715273108750594 -0.035903989051405 0.0258487061188859 0.0968716310859276
0.0559482534388662 -0.0697813313880049 -0.0116651936221791 0.16254650617297
0.0573488478018949 -0.0789903607144476 -0.0111549544747854 0.215052862430315
0.0749503470839756 -0.0522383086170231 -0.0577881058945595 0.243757263059342
0.0702749910116619 0.00365327681196417 -0.132669693107879 0.219893378849777
0.00494430454370604 0.0261213671766976 -0.175787108768801 0.11887019726912
0.0155676649655754 -0.0762635936403755 -0.115584250899668 0.036997057696185
0.15114992024621 -0.0209202651382713 -0.0825227560916189 0.0351587466444584
0.151198578434017 0.155173109690739 0.101839326795491 0.0740529429057466
0.0449494758064591 0.264505923497867 -0.0563654166936187 0.296970920960225
0.116802428518706 0.156736292596108 0.120071848728108 0.460903617652626
0.0895561448721336 0.0515674197091825 0.0870292995669599 0.0989460743287827
0.0398376766124837 0.0256565523454568 -0.100574437308331 0.127301923420308
0.0688368027101163 0.0191081500622824 0.00211669927548956 0.206881694874633
0.084477873758177 -0.03386233185722 0.0817937260173052 0.125177637266136
0.074776532048215 -0.0859951774771133 0.0518635050704827 0.0744064512013751
0.0515463733239843 -0.127052916247717 0.00273324244513052 0.122193988624419
0.0520253558345024 -0.146266427590193 0.00278397412100167 0.16826394763268
0.0700615171707084 -0.139369259482379 -0.0353095050597884 0.203940934420395
0.0991781567668177 -0.0988981490028368 -0.107277216186333 0.200913222582046
0.0975661448753524 -0.0458535054741069 -0.1801027185875 0.126702976099127
0.12609812348156 -0.0637368594997065 -0.135280816003489 0.0253676098726504
0.223968821464047 0.025589744068549 -0.0866920365078104 0.00903732393784695
0.209840271288416 0.19411319236293 0.0720686641257314 0.0281427954787606
0.0934855270470828 0.27370641664509 -0.082437832255072 0.200989662053044
0.148964255915413 0.194863335439696 0.130526832550203 0.456710682947781
0.163066140566922 0.109479724011559 0.153016853605218 0.0787420539036072
0.140250261271075 0.0112380664478505 -0.0614320518229937 0.0961488911158524
0.122148153063468 -0.0454763719563418 0.0215449893981092 0.189588947675871
0.0932867928228302 -0.0966307399492502 0.109572178537818 0.110926320038905
0.0650908510163981 -0.133345558637107 0.0773608710268568 0.0341549730223895
0.0395642071816924 -0.166666301374676 0.014089168614705 0.0627769824570813
0.042139931594142 -0.185869509644684 0.00821062296093059 0.100986856635576
0.0569741726816748 -0.195767044366478 -0.0254793039961949 0.140597877758085
0.107912893025853 -0.176695811818281 -0.0910818063139907 0.152129960891636
0.167264422137506 -0.115297453228338 -0.180028992027764 0.10794905871505
0.225080326445962 -0.0511560432654445 -0.159089778082244 0.00336294458979269
0.273540435051532 0.072694543550691 -0.114744569377073 -0.0371569618616288
0.230954160148099 0.215303450888742 0.026711738384671 -0.0511298274647251
0.144277892452867 0.237671171349323 -0.121591616562182 0.102095018227916
0.178254501005283 0.181120465916199 0.144957492144357 0.408561243094874
0.223602739712949 0.126922024807703 0.200757166929569 0.0402132514358108
0.227975307223024 -0.0241432049853393 -0.00253193562222115 0.05699439889089
0.160374322594331 -0.123917856955818 0.0650944543512821 0.13738565477622
0.0848191835294672 -0.158893777280063 0.13949684562582 0.0606616507248083
0.0424827548350038 -0.166434714460818 0.0949636715460692 -0.0262043765275363
0.0226540593984539 -0.180459866825146 0.0220828150916495 -0.00744401329913046
0.0303196065055849 -0.193583079307728 0.0102694025040709 0.0256619270017906
0.0415655735393889 -0.212305608350408 -0.0247581977680881 0.0661557004426665
0.102448391808247 -0.212546057612871 -0.0823705191221108 0.0808167626413522
0.207708208274033 -0.154279783230696 -0.174067550746328 0.056518040595126
0.287057836867492 -0.0203757072767392 -0.173315868017736 -0.0373597925712846
0.277667503599813 0.11898035413399 -0.146775338530568 -0.100034755212814
0.211123455830059 0.208574639686623 -0.0209243023847121 -0.150937166335668
0.164786854189974 0.16218049231517 -0.168189540789091 0.0219941393005234
0.167268040187123 0.137375994113452 0.154352608634946 0.317228542491087
0.240980695047555 0.116098893473536 0.205433386305113 -0.0167972868808485
0.265320268073121 -0.068490796647121 0.0533644745845631 0.0150976258424015
0.159432638611163 -0.186904930429817 0.118431903768233 0.0548841643370971
0.0547655776471527 -0.195595016833657 0.160589980805941 -0.0245156201243703
0.0114464941741128 -0.172639325599112 0.0972944558255472 -0.0998592982340608
0.00179162890914231 -0.16732912211356 0.0245525343586544 -0.0773792324740097
0.015043042203658 -0.170979169792016 0.0118093819555071 -0.0427400700362007
0.0250564942038816 -0.190553705021474 -0.023088161923143 -0.00453385598870319
0.0872924440568068 -0.20330464208632 -0.0722300118859264 0.000865701476985913
0.219073894630197 -0.14877648400048 -0.147657001851571 -0.0195190169806535
0.293724250266356 0.0357622233517577 -0.158521487468428 -0.0935747584941989
0.223230070596895 0.152591367027564 -0.160412863203859 -0.173996585501074
0.156330879613392 0.168174445521736 -0.0534286701017503 -0.256951064977914
0.133550128316347 0.0695347587998682 -0.205246401808139 -0.0313484994457612
0.10582727311674 0.0966661222089764 0.143079588411925 0.201521669670198
0.211588013754764 0.105699218483704 0.165510879521708 -0.0634786325890722
0.245060726288856 -0.0960660893013322 0.0968122258287002 -0.0185333613644187
0.116434646356276 -0.204169251152728 0.160280871813207 -0.0398243546363346
0.012012502479355 -0.187164119663356 0.161929351683573 -0.122251094391358
-0.0219167436238228 -0.146048303850212 0.0835211253297166 -0.172888514653451
-0.0196337015858852 -0.128187393846761 0.0220035850572559 -0.137248250735681
-0.00309950296093882 -0.126277764180848 0.0127187578446959 -0.0949498385668517
0.004212664828997 -0.147839584833013 -0.0188352286613849 -0.058644129322009
0.0615199066879504 -0.167785583128165 -0.052379815976927 -0.069631965188621
0.201758086679676 -0.113655121278774 -0.0942495692536866 -0.0971298395567708
0.243020906461279 0.0944365869718205 -0.107942546263556 -0.14387276070721
0.12378985094268 0.151011253898719 -0.143736599489158 -0.244845304330116
0.0909797088431897 0.0884230305666102 -0.0625862024117184 -0.349007656480149
0.0587464784297372 -0.0193454118982527 -0.219115339366756 -0.0605890120631829
0.020061734554031 0.0710374744380314 0.108988982850772 0.0909374910444979
0.152402762746959 0.0968951605856233 0.112110573951798 -0.0767145404722149
0.177845800644786 -0.097506386201932 0.133479287832015 -0.0434230966619797
0.0480268846280412 -0.167773392182601 0.179362196885878 -0.125511329640103
-0.0295623442880521 -0.131278761418597 0.139897967895144 -0.205387499197574
-0.0474276208340674 -0.0881730689772477 0.0578098930085984 -0.227996188140029
-0.0388885623081168 -0.0674365295018964 0.0165933035790756 -0.178049234954298
-0.026069815493439 -0.0709559990435673 0.00914145429890757 -0.126190380012529
-0.021919687867259 -0.100381211987008 -0.0178246451913433 -0.094284300332815
0.0307990708220278 -0.130749436430044 -0.0272966407850026 -0.122342479327272
0.163841417233453 -0.0766710353107389 -0.0195224249607396 -0.1499943994746
0.156760613625754 0.124265895442848 -0.0394322417959929 -0.163764644149391
0.0165493172112962 0.0980599055521331 -0.111480825226869 -0.298367760543596
0.0358975918701268 -0.0203543127136548 -0.0500248360019781 -0.412462824976338
-0.0346499673238288 -0.0909347710804937 -0.204915201454885 -0.0655521102864213
-0.0617642732377436 0.0503428007961877 0.0693227828304286 0.0159630512888358
0.0766378561083955 0.0821670935590684 0.0848498588675327 -0.0591608726605157
0.0840966500408058 -0.0727781926010833 0.166369128615189 -0.0692137737672424
-0.0198136768837977 -0.0908077592891358 0.173908751160215 -0.186290998915987
-0.0566328692552054 -0.0445276432061073 0.105334662745519 -0.251726222680063
-0.0601368716037587 -0.0110184658924246 0.0288311968519526 -0.251613365414086
-0.0522335230901795 0.00328113411185677 0.00498100904859712 -0.195636870220245
-0.0489937960759679 -0.0138751908154945 -0.00108498046236029 -0.135819254720819
-0.0481885959774859 -0.0575927617879862 -0.0232668556065829 -0.114969082844139
0.00243755348715497 -0.100163350083168 -0.00422684830933106 -0.159535828336836
0.114241775868286 -0.05123357954436 0.0533365561685269 -0.169422027454126
0.0606087295593816 0.104120542301911 0.00944036148007345 -0.151574883620426
-0.0618804007718732 -0.00285354077556849 -0.0889758626695153 -0.335142565844706
0.00346813532011178 -0.135888070826463 -0.0242425130823896 -0.438586329002924
0.0228063925061646 0.203573822342948 -0.0106928558497428 0.363526548498087
0.0929478837980946 0.067457898407345 0.138915672380278 0.409950172961197
0.0163839304994743 -0.0248466145452239 0.0402253369262653 0.113686334514599
-0.0403657098094107 0.0316727152514368 -0.0874779740440237 0.152793710800173
0.0277544219193288 0.0600328850909566 0.0184049804258328 0.187296439352891
0.065389447515766 0.00984974368848304 0.0641746147280089 0.108157315063813
0.0668664387812327 -0.0388201147581942 0.029457807241337 0.0937871588128974
0.0499113391013329 -0.0700016608905914 -0.00299035375824257 0.160237835049459
0.0497414410163726 -0.0798918943124574 -0.00121851842775464 0.210184035551165
0.0694131653443389 -0.0560263154621518 -0.044612031996918 0.240115331644867
0.0697217989929963 -0.000913661437894607 -0.119974459894061 0.220640566843359
0.00749703724587584 0.0251034978935031 -0.166012987627598 0.123532888974353
0.0115420987158554 -0.0736634936812812 -0.110303516789548 0.0383436817148438
0.145552326458924 -0.0261774731292865 -0.0763988379267738 0.0388362832945526
0.15344636292619 0.144039388563498 0.105108177753618 0.0681585320392601
0.0542227986287553 0.255112242307706 -0.0392305739082605 0.293119530586638
0.119676010519031 0.147084052759819 0.136841560488996 0.44211235512238
0.0876941640260242 0.0472927618380395 0.0856549775973078 0.0932936716893703
0.0394810656956929 0.0240462380371584 -0.0921379348185993 0.131474096647139
0.0684322066596611 0.0160869558545458 0.0128110583706808 0.200959251991611
0.080914400710977 -0.0378115706229969 0.0847079518041842 0.117006047314605
0.0676640497935729 -0.088502981322695 0.0536002695354764 0.069948439242408
0.0429403864863415 -0.126598692466595 0.00857376663274086 0.120569894010114
0.0413419426386114 -0.146084810399032 0.010627379370887 0.163759728164761
0.0594570603045944 -0.139693367466366 -0.0252887227953578 0.200633488458413
0.0919683358811922 -0.101909750680276 -0.0963900218880809 0.20118912954853
0.0935605890585725 -0.0497994788962218 -0.16961417409194 0.131122890062617
0.119455852606643 -0.066898961420984 -0.129365907297816 0.0281805130314672
0.220085459741226 0.0151964308913088 -0.0817646619387715 0.0129269445393171
0.214246106656699 0.180324132635811 0.0726537323936643 0.023112355657678
0.103122476156046 0.26284985246166 -0.0690429838111704 0.20096359843518
0.153079126258499 0.184498809492507 0.148546551805284 0.437765861907099
0.162446387526097 0.101193066029939 0.149164711924219 0.0716756920434403
0.136469031009767 0.00494169686163376 -0.0554436236070533 0.0995024672258472
0.116438524368944 -0.049188075760042 0.0315102139603341 0.184479850859214
0.0857781064747868 -0.0982580716246794 0.111633905878859 0.102772766756481
0.0562542384220087 -0.133364549887151 0.0759804752044713 0.0298235302497328
0.0298081243024523 -0.164339557065338 0.0167689663094707 0.0620293395401778
0.0299125778516661 -0.184129693913965 0.0116115892444953 0.0972412505890565
0.0448545160137226 -0.194137229799225 -0.0193061108113539 0.138816554629477
0.0963239921380398 -0.178815096421613 -0.0837961508759975 0.152721766815086
0.157312773136307 -0.120604324355443 -0.170321069425702 0.112393808047801
0.218162645966139 -0.0590032410071428 -0.153245327634472 0.0083675041160465
0.270706148467654 0.0593409667669494 -0.109872729550168 -0.0314938649827072
0.236461483020737 0.200015423275115 0.0250429081788778 -0.0524516061216158
0.150476658525231 0.225681149262251 -0.112791953492204 0.106484094279626
0.181042092352251 0.169850331395795 0.160616024865188 0.389805937194643
0.223633747234908 0.114363052730915 0.194016715096462 0.031896233105914
0.219362741279565 -0.0345485173349139 0.000603093331763476 0.0579815434139116
0.150141236489773 -0.1278068074355 0.0716414253344178 0.131582713535008
0.0743267773673394 -0.158267888886078 0.139443620257904 0.0522125475293085
0.0329483393712195 -0.163442328917216 0.0903938701397157 -0.0299817395358205
0.0126895889415375 -0.177610453767166 0.0199847035320735 -0.00668577893452208
0.0184776545544564 -0.191316421577653 0.00908389565733048 0.0242683231106541
0.029163351628771 -0.208047346896232 -0.0210903808853703 0.0652789736841943
0.0892094262229107 -0.212976195652528 -0.0785068718654147 0.082177724449027
0.194965762784763 -0.160453716663188 -0.166653015192744 0.0621839764951311
0.280339593604728 -0.0327217130895624 -0.16794430576795 -0.0309967798580501
0.277207202445786 0.103341659289624 -0.143805413626983 -0.0928579276692675
0.217424959683139 0.19595995966994 -0.0263286845850899 -0.148139646200357
0.166777835939571 0.152681536543936 -0.162097478698907 0.0301405025193618
0.16981463089897 0.127160848689267 0.163695272322477 0.301891435098564
0.241654998869588 0.102820552000464 0.195585378684831 -0.0232158203182418
0.254732039020384 -0.080021736912909 0.0533286802385269 0.0147829241129135
0.146310470195541 -0.189945979078132 0.119663003347113 0.0487479652405421
0.0440707443432524 -0.19257573307266 0.156137782757758 -0.0312357300081187
0.00241427533041809 -0.167904363057368 0.0895880410856471 -0.101471059758037
-0.00583246100761715 -0.163673101542657 0.0189936870122931 -0.0748252296544852
0.00619070142299033 -0.167982650872275 0.00756257477492009 -0.0433337300731077
0.014402358058445 -0.186621944196493 -0.0232590240944501 -0.0038259002173675
0.0742769393232876 -0.202030155464914 -0.0720558440073015 0.0038663219179678
0.205056649930313 -0.154624767662548 -0.144572404401571 -0.0139365485038083
0.289578132462986 0.0207230002305648 -0.155183338731699 -0.0866883116300304
0.226480757359779 0.139534818857884 -0.159656008795589 -0.16516233405235
0.162904933284662 0.159910034282974 -0.0643715720270184 -0.249549643153532
0.132982048795385 0.0634958257449258 -0.201628066893378 -0.0209263706351716
0.109794149578336 0.0905027152057231 0.146342482421851 0.188891455597597
0.21287535098344 0.0927088748132253 0.154456765050052 -0.0662364087110341
0.233303576972989 -0.105700077698646 0.0951982830442073 -0.0207399019373426
0.102281722705332 -0.205004624471867 0.157009944571165 -0.0456846947023889
0.00332163178037481 -0.182260235000766 0.152710329896739 -0.12683717312487
-0.0283826649321827 -0.140369868536022 0.0725330524135411 -0.17170092959982
-0.0251529837684253 -0.123527820329925 0.0136986988376912 -0.13337097476631
-0.00927281857592209 -0.124080689971075 0.00565928343303112 -0.0938562135169302
-0.00377129587119968 -0.143227751388486 -0.0223541015730637 -0.0570851829695758
0.0507424919950246 -0.164767023447424 -0.056065907297947 -0.066877524384023
0.188886031316264 -0.120441149711472 -0.0951912673311519 -0.0912965610074115
0.242947028539636 0.0808295362373645 -0.109175976172276 -0.13746690627632
0.129260443696054 0.14216699281126 -0.147091496163899 -0.234246319392339
0.0938670858932903 0.0849327652492532 -0.0774449679180949 -0.339238881916904
0.0565293859420233 -0.0201091848344568 -0.216892335087922 -0.0487875197436048
0.0246875197612431 0.0693087645135775 0.107939513492061 0.0831272691430249
0.154731424897726 0.0862402332978826 0.103184550151044 -0.0760381036231387
0.167660874290643 -0.104680505015315 0.130119519271284 -0.0463171293060672
0.0378200975919934 -0.165843393830007 0.170775615170866 -0.131189125062448
-0.0348528513434729 -0.125760069428 0.12729466505954 -0.207090519593447
-0.0491586745556505 -0.0824321619823335 0.0448343391665721 -0.224673729137742
-0.0402194400783261 -0.0639986244404551 0.00508722395953453 -0.174389477822367
-0.0280484968981031 -0.0688838531063251 0.00155353164171896 -0.123593332379487
-0.0267592485419533 -0.0956071219577051 -0.0218875933707833 -0.0912417404693589
0.022779173714466 -0.127272643369308 -0.0335067879030733 -0.118705813274073
0.153813476867302 -0.082915993104701 -0.0249272183745727 -0.14598912295834
0.160244161640454 0.112232534890997 -0.0431455938754849 -0.15894557498568
0.0215734087697198 0.0951366596790734 -0.117962915120804 -0.286877230081567
0.0339976832275831 -0.0178790032083337 -0.0677128509890964 -0.400539617345395
-0.0363720475730302 -0.0858574951960952 -0.204448078879586 -0.0543729901033929
-0.0557718197434219 0.0523026921530221 0.0647908744631328 0.0125972558062797
0.0797230886332517 0.0744351731858967 0.0786288622213223 -0.0579440871716599
0.077145412767312 -0.0754237715835906 0.161632988871358 -0.0746212120766541
-0.0249328749084195 -0.0880685986373328 0.162356558689862 -0.190395806465086
-0.0575121898697061 -0.0409373092338253 0.0905257423885991 -0.250053511899786
-0.057995433127631 -0.00641318814736644 0.014617741355909 -0.245545712058144
-0.0494108165659388 0.00571806794711876 -0.00593836742074244 -0.191013044075162
-0.0472476853815916 -0.0107396077366496 -0.00910118900567944 -0.132236295198423
-0.049723796301407 -0.0532275263617801 -0.0284308897899468 -0.111478772750805
-0.00236132808072803 -0.0972094282310992 -0.0121891197468354 -0.157200375646432
0.107020507607401 -0.0557157965952008 0.0438532432185747 -0.169151164873154
0.0658690724736759 0.0971181107413109 0.00476580000241547 -0.149249961225493
-0.0593148724255439 0.000717714891008435 -0.098987302042861 -0.322963089473548
-0.00296980476777314 -0.128571090040466 -0.0451190970786909 -0.425093564174337
-0.00450064048604819 0.192257329740354 -0.0606757909755278 0.347891367934574
0.0747956176770814 0.0746846684807043 0.0848795661246422 0.406425387469707
0.0163539298989906 -0.0203650238545993 0.0229727668716314 0.112674485188586
-0.0438134620493886 0.0244939123794539 -0.100268772220078 0.132118965790474
0.0169953167391238 0.06103278972747 -0.0071878067190783 0.176854503703974
0.0589063578361774 0.0165884036387408 0.0477311231397608 0.111493893824123
0.0679203241637866 -0.0305805906077012 0.0168042284147836 0.0924470905874919
0.0561790087140914 -0.060883878739692 -0.0213577456554603 0.152375378171558
0.0566793457509495 -0.0708149189554668 -0.0276778735260705 0.202363948677911
0.0727819085365968 -0.0464555623058063 -0.0745164710440633 0.225443820345828
0.0694815982059925 0.00686579166182217 -0.14633597679756 0.198221695559957
0.00758746071307656 0.0253121930201122 -0.177090937392477 0.0986088410311902
0.0201857960402834 -0.0672572142637553 -0.113380689143884 0.0232918369507446
0.142707702671607 -0.00741014608607741 -0.0822860997445719 0.0312781464859112
0.131296493388216 0.155874455684689 0.0872451782587099 0.0785316827875348
0.0173817394441163 0.244361618296446 -0.0826314526872249 0.281686162100655
0.0888125806886288 0.152741153148919 0.0775837360856118 0.441895234665523
0.0736373021921483 0.0571700415524949 0.0658147279252672 0.103679200895835
0.0319346562754492 0.0283506993225934 -0.102093026190721 0.115146120897906
0.0614900895114979 0.026134406932205 -0.0126852916621252 0.191817917934208
0.079548222203087 -0.0255366286178144 0.0692411817226264 0.122469750385734
0.075298919142888 -0.0773155410135395 0.0420109718562494 0.0734992787417838
0.0568305173264742 -0.116335606841257 -0.00644284464894655 0.116529717556233
0.0568663246287899 -0.135278457464948 -0.0125152224456816 0.159983939590762
0.0741379465317557 -0.127523043744591 -0.0522877146363422 0.192750484109253
0.103148880549293 -0.0880491921538774 -0.123733681930066 0.185934895150795
0.101055341291981 -0.03651260631429 -0.183656364423105 0.10789811504319
0.125738835596419 -0.0476833403351427 -0.132908599683446 0.00960041799604923
0.2105034291705 0.0422000658119771 -0.0875185236665325 0.00331881010052543
0.185510024829352 0.199383357168912 0.0586525840939331 0.0291564630475172
0.0618765306287639 0.258243576640626 -0.100567840717264 0.194674181691625
0.115545819144171 0.192087212225636 0.0873576948731051 0.441596328070422
0.136630630981771 0.11794852489173 0.126333873238318 0.0963952577291653
0.126159802215668 0.0257828603297671 -0.0642695593535026 0.0941730691035323
0.116494872966173 -0.0278783642690045 0.00872110285254781 0.182165444665351
0.0929317655922101 -0.0814888619617915 0.0987659510081948 0.112105848971419
0.0696137360510589 -0.121314459559591 0.0685104282973382 0.0381955065445786
0.0486472667989854 -0.154625401468636 0.00675507526662036 0.0614817796606466
0.0510469013435807 -0.1737143806693 -0.00378077903043019 0.0965482030988045
0.0658579177687639 -0.180569969210323 -0.0393359495403408 0.134251804239066
0.115744141538325 -0.160752747263508 -0.10657209982562 0.143411745167583
0.17032477990887 -0.0968231576619012 -0.184272780909228 0.0910285158785831
0.219654759662366 -0.0292410377941071 -0.155973065351016 -0.0149657280871647
0.254825245728914 0.0905611078377673 -0.11182321289501 -0.0457203014003211
0.205598799926754 0.223574113858337 0.0191301072037713 -0.0521147277336775
0.111179108905827 0.230612046184675 -0.126406507392399 0.103228236386424
0.144991942099712 0.184128348783395 0.105721140771173 0.397500108234616
0.193098808789447 0.139403102952112 0.173387560126827 0.0682274560223334
0.210115823363611 0.000459377745035314 -0.00590780605067831 0.0661525961500805
0.160717250229674 -0.0976543198984157 0.055201000202582 0.141348494908798
0.0904117510395242 -0.1385100565356 0.133398123643396 0.066823512160296
0.0511790075770658 -0.151923521439113 0.0892607677378621 -0.0166363143540287
0.0338527957754501 -0.170050323664562 0.0180490827559538 -0.00398836309407445
0.0409670332079392 -0.181636600890406 0.00242559846561276 0.0256757079088838
0.0533011033663105 -0.195337130988163 -0.0328996427497604 0.0645520952735555
0.113030934289747 -0.193228136419613 -0.0933756888545206 0.076816000872902
0.21065831716154 -0.12951422234263 -0.174193099195867 0.0440796644617989
0.277140657631623 0.00292149691926473 -0.166118989181012 -0.0564051045820629
0.256736884544301 0.134563862120408 -0.137738952024544 -0.112525390153638
0.188580640261072 0.219486734717538 -0.0192283456936016 -0.153523544204595
0.135610041187281 0.16437540644131 -0.160139176090304 0.0250668783083268
0.141065559534529 0.143121998035596 0.120499915472641 0.313095726422405
0.21246618891222 0.13049358377749 0.182211130348219 0.0183403188721193
0.250403184570909 -0.0370369756984815 0.050682008065267 0.0340453070543049
0.166531330265528 -0.156328527099816 0.112832255846431 0.0696813810101641
0.0663904326783778 -0.174089456562441 0.160610748683868 -0.0121838245895294
0.0228565164953891 -0.159718762117985 0.096740759639687 -0.0849883066573268
0.0150225826683648 -0.15840970464685 0.0243312855397554 -0.0686481349034733
0.0261720128367847 -0.161142177890917 0.0078567014923358 -0.0394117732058962
0.0361570577026489 -0.176084999109445 -0.0259089662436754 -0.00310707590052227
0.0968716624138065 -0.182650926749556 -0.0765175079017906 0.000399700459961566
0.218164918371497 -0.122119110443431 -0.144535301079334 -0.0272924829678734
0.278538040199873 0.0566580405182569 -0.146607727394877 -0.109194901773531
0.201957409041693 0.162918495684647 -0.142216806064184 -0.186585310138267
0.138442567771527 0.17847732291124 -0.0418281549527274 -0.256844845105213
0.115461491545113 0.0781111765102408 -0.187572780636691 -0.0318579382973449
0.0909415312599024 0.100082301112698 0.116088952069276 0.201490115519071
0.187678363150948 0.115854555044619 0.149107892971303 -0.027809385575525
0.234269671564997 -0.0645972531192901 0.0950918355031408 0.00472885321274072
0.127366224006141 -0.178182893319018 0.15996199808647 -0.0160251118096351
0.0263725847166321 -0.169311754130532 0.166289743887424 -0.104126777994355
-0.00986071649499802 -0.136267454070255 0.0891145468527172 -0.15366933015057
-0.00838291205307121 -0.122950585421735 0.0269908071264613 -0.125015658885403
0.00628849708455291 -0.11979912430485 0.0135427199419245 -0.0888642633188893
0.0133945087690416 -0.135853484889043 -0.0178139878053786 -0.0552606715672858
0.0690354351119491 -0.150046528096362 -0.0512454927799172 -0.0667283119383448
0.196851665583328 -0.0903717288586717 -0.0859056344705652 -0.0983194974363596
0.225801138307543 0.107704258875058 -0.0923933770996382 -0.153923288652637
0.1074324128484 0.155544882970606 -0.117781695405446 -0.252537328019666
0.0809260682384566 0.0999629131230155 -0.0408308642221229 -0.344341440018963
0.0556515530084923 -0.00931589594973711 -0.195316783814169 -0.0671213948760635
0.0162060310816339 0.0685087750289566 0.0876135748187966 0.0932794678707959
0.134228033582729 0.100614259808072 0.102724472296289 -0.0455156356521038
0.172383476815958 -0.0738215091667194 0.131507693073825 -0.0195341165149055
0.0606254076959209 -0.151074805651543 0.182162802231074 -0.0979160243399795
-0.0165386831493454 -0.121096100631356 0.149676093859659 -0.184294096935375
-0.037713247959664 -0.0836351334474028 0.068465077175844 -0.206940273119046
-0.0300324601288171 -0.0669797748052679 0.023357442832152 -0.165327401847619
-0.0181731191713033 -0.0698155185060955 0.014078776905668 -0.118804719526765
-0.0134289759292513 -0.0929821875508481 -0.0115020832303614 -0.0884768710122271
0.0370592080333776 -0.1170521010169 -0.0205333266121196 -0.115995668727739
0.156979217800207 -0.058675077657094 -0.0101876856984677 -0.144639631305184
0.141099193271452 0.128103127892743 -0.023078872855782 -0.165724856879737
0.00985446691936971 0.0969355559642373 -0.0785002553154719 -0.29816935926339
0.0347522316805533 -0.00693863773161131 -0.0183589591811243 -0.400041774323207
-0.0229171557610034 -0.0837712350281943 -0.183519220764992 -0.0789124611211527
-0.0567389834480453 0.0415976261362553 0.0527048395542144 0.0186013403089662
0.06580574663877 0.0795684557418395 0.0764844866626317 -0.0359118631407747
0.0832725028698279 -0.0594837504285612 0.163177360800628 -0.04510707441489
-0.0100749051378158 -0.0855923363921711 0.178840580951842 -0.15853384380129
-0.048624902373726 -0.0431254655022338 0.115803350976425 -0.22871015650852
-0.0550365061428549 -0.0110097256600227 0.0420521408931556 -0.232079830046056
-0.0469969926135662 -0.00106134138975974 0.0147351158141224 -0.182652835909728
-0.0436947569850751 -0.0161081880887031 0.00619712919418925 -0.128698368552626
-0.0400048052425769 -0.056213031621617 -0.0148187861257723 -0.10904499579464
0.00838648192849594 -0.0908796286276872 0.0062361039795497 -0.150443208948419
0.10830995209864 -0.0390975263678653 0.0605486861495687 -0.159043885131197
0.052481337258637 0.101767238817176 0.0251369464966598 -0.148560988861289
-0.0565825134853362 -0.00286839015851948 -0.0520111396696645 -0.326380175698789
0.0111379188872843 -0.119076228327419 0.00880670992878008 -0.419508018005665
-0.00860463133082668 0.187348669741692 -0.0668432722245044 0.341488939653589
0.07008960683943 0.0742199137444468 0.0729551091394951 0.40009185874642
0.0148991101243732 -0.0184030173947599 0.0184072027934609 0.111550277962344
-0.0435389977718868 0.024089669707776 -0.102345781249867 0.129807192249429
0.0162924572021269 0.0605017043574286 -0.0105257278595574 0.17320712169827
0.0573792154879539 0.0166914039695797 0.0436361225080699 0.110146014450244
0.0662913062596074 -0.0296916789020325 0.014818013010954 0.090759679529389
0.0551685320528431 -0.05840778915605 -0.022276901871153 0.150521903670463
0.0556659559200065 -0.0686383621159867 -0.0309466380279184 0.198267081444458
0.071538065626552 -0.0443603753683161 -0.0770681630158784 0.22061563999022
0.06921756743307 0.00615823229692868 -0.148122239409997 0.191972149128889
0.00815329034401996 0.0257458439951756 -0.176570651734677 0.0919232220789403
0.0207107142961581 -0.0635246643255005 -0.111955186680975 0.0178267572613913
0.139748167935966 -0.00435056593698647 -0.0793296723675649 0.0288925632729512
0.124582321870106 0.154936385302358 0.0855897756461933 0.0795300582774689
0.0124079372408006 0.240193703976585 -0.0863422505051064 0.276691746695994
0.0832261968035361 0.151792013674959 0.0664640876843583 0.432788835423489
0.0693378913244615 0.0592807895683151 0.0594338021907556 0.104542665214386
0.0305421469132785 0.0295467828731089 -0.103616657449893 0.113498629472714
0.0604019158599121 0.0273500518176921 -0.0159132685908083 0.188587686857205
0.0785889146189082 -0.0239958649791494 0.0648618098381654 0.121628270881482
0.0748550401823632 -0.0751526680273488 0.0394716271264027 0.0726672366881263
0.0567188705501048 -0.113751950470204 -0.00767835832091639 0.114989065119884
0.0565958603138754 -0.131918499634549 -0.0163967229555152 0.156306462910727
0.0737817764571946 -0.124687914965013 -0.0555592178283175 0.187857802368497
0.103218431577522 -0.0865123052579909 -0.124994843186989 0.180802877919146
0.0998790579897368 -0.0337553608901063 -0.182560860580902 0.100782141313544
0.124583939139142 -0.0427879300624015 -0.131287643775449 0.00404632607563683
0.206393338003856 0.0458147175581834 -0.0836425529784257 0.000774667442611875
0.178195243705585 0.200253012780144 0.0586674038322719 0.0296304985979212
0.0546381236222067 0.255733670768632 -0.10131215508471 0.190187585937788
0.108871109909185 0.190828427270663 0.0766951663628165 0.435109785906958
0.131143962027337 0.120084958721301 0.117618401118586 0.097980781718907
0.122423433641663 0.0282619173985622 -0.0656417175079165 0.0936757482470047
0.115364911418895 -0.025086586126507 0.00620400037461327 0.180345455723038
0.0918460094912281 -0.0784677607039848 0.095060755924584 0.111819839238118
0.070279737018456 -0.117283812278289 0.0662446419715324 0.0389184930382659
0.0501627451757372 -0.151288243282364 0.00595838528088598 0.0613462329109555
0.0518659513952058 -0.17024317742061 -0.00713839388300337 0.0943346679538602
0.0663728799821123 -0.176210887870793 -0.041951413626571 0.130497646587478
0.116075678714173 -0.156420604345748 -0.108010767294923 0.138852987514625
0.170161177632293 -0.0919211792441815 -0.182561834706911 0.0843099424878365
0.217037260582937 -0.0238024390642761 -0.152144382318331 -0.0204556549291174
0.249770945139407 0.0949938247098267 -0.106397263113938 -0.0492579625154214
0.198800792461715 0.224692131917287 0.0205709523983343 -0.0522000214014124
0.103282601676713 0.230598398739803 -0.125802620673063 0.0989209266998436
0.138780879069526 0.18491774769153 0.0963985987903698 0.39271467489239
0.18684984073161 0.142119705264468 0.165347143385815 0.0724126182949384
0.205611677719438 0.0059003730346398 -0.0074598380961656 0.0678031936269317
0.159514799831258 -0.0922456666746008 0.0531736782137497 0.140392811003224
0.0913472888558041 -0.133964096550474 0.129811404129832 0.0675966590503646
0.0532977423012827 -0.147975421110704 0.0873014173607072 -0.0145098713058376
0.0360873283765353 -0.166350836069067 0.0166344451456333 -0.00226471522031753
0.0427781973242319 -0.178883212204535 -0.000528054381918364 0.0240565380487879
0.0545044807830599 -0.190486035537381 -0.0341259837989154 0.0611876701749643
0.113791648828423 -0.187443963785672 -0.0944857312534492 0.0735247334258783
0.208837480541082 -0.122462452749947 -0.171791540896249 0.0374830172726088
0.273763151055325 0.00939930965824752 -0.160341859132468 -0.0620635990366465
0.250143401213374 0.13806429408341 -0.129786684560195 -0.115295095449584
0.181648531413629 0.221690743857506 -0.0162257153856803 -0.152581763011838
0.129350167429905 0.166402322142629 -0.157677697294062 0.0214638973680807
0.136243317949822 0.145154957190539 0.111374817014734 0.310421288427852
0.207215650920055 0.133813758880427 0.175095962025735 0.0248675016969046
0.246456648253687 -0.0311969495237262 0.049383913078947 0.0368839009005822
0.165528618928248 -0.150530373828674 0.111315245263733 0.0708827295283162
0.0684317632491643 -0.170055474757063 0.158771395025898 -0.00860915431271556
0.0261409210003432 -0.155865236029479 0.0960731852074755 -0.0811124563753113
0.0176992158621648 -0.155869055522566 0.0242628398700789 -0.0658196575903668
0.0281448002318517 -0.157899854547095 0.00682223604593014 -0.0394344779083395
0.0384543558224747 -0.170388545642625 -0.0258227789742291 -0.00432163511304861
0.0972594361188272 -0.177786282293404 -0.0762534634359027 -0.00145914229412322
0.215643209015801 -0.11546018661601 -0.141024488136207 -0.0322391986567156
0.274692644933908 0.06114867955668 -0.139678610282998 -0.114235600269959
0.196716995384008 0.165589962171274 -0.132616426778696 -0.188826724261674
0.134056871143187 0.18123857908889 -0.0361438237559953 -0.255061987772005
0.111559652876265 0.0806295917091777 -0.183470415937871 -0.0357035858498457
0.0884464325372161 0.10119188092861 0.108165219568114 0.200377755606224
0.18402534705684 0.118189556540001 0.144267985629388 -0.0210424528479567
0.230566358274339 -0.0605008598903036 0.0943182736956217 0.0090686853815833
0.128344724234869 -0.172539960434506 0.159170542146845 -0.012624409178848
0.0291742785834105 -0.16554220465667 0.166900987079959 -0.0992673545463755
-0.00687883186910119 -0.133016313116972 0.0892706759109533 -0.14885052466984
-0.00549311304170369 -0.120706153689664 0.0274565995944043 -0.121317463216554
0.00780091008901699 -0.118149542828591 0.0122405978571444 -0.0880157938315104
0.0157661928939617 -0.131890863555251 -0.0171661703819254 -0.0549759581163142
0.0697082345213931 -0.144734955732216 -0.0499192640932026 -0.0672659924714313
0.193685189548788 -0.0843375671289691 -0.082456935826388 -0.100370250466862
0.22136394710902 0.109649347476563 -0.0841912088624563 -0.15512076583843
0.103926724444048 0.155432430853085 -0.106928982456357 -0.253425867614097
0.0780563731136127 0.102739697793711 -0.0327305297521986 -0.340752939968328
0.0547682050261908 -0.00654596398210022 -0.19186256767974 -0.0699318542200284
0.0164281934703627 0.0687682865687487 0.0817070231474513 0.0932508496195939
0.131955629800003 0.100892535135499 0.0988752556564981 -0.0378994037866968
0.169880627745284 -0.0697232990175682 0.130588077945852 -0.0151689190199617
0.0613514740939821 -0.147036977730807 0.182800083714725 -0.0931370724701801
-0.0141299977709245 -0.118636769427806 0.151062618601861 -0.177636637412373
-0.0345601539022871 -0.0811011250902643 0.0702887456040518 -0.201977596233947
-0.0278469525138553 -0.0668255590942906 0.0244947816694268 -0.161947476241263
-0.016304217289851 -0.0687451392615691 0.0137024375935405 -0.116487354694858
-0.0114362082522565 -0.0906110904809191 -0.0112590050199087 -0.0877247235176042
0.0376325789668687 -0.112599641856846 -0.0190850035316188 -0.114947211283746
0.153845691433326 -0.0547419521291058 -0.00703127443411451 -0.14373218071622
0.138204332958355 0.128078752707899 -0.0162425758998515 -0.164134329225173
0.0084307993398338 0.0969356094897881 -0.0672171990545064 -0.295607995368332
0.0349134236869425 -0.00252721546734224 -0.0116830875107189 -0.393329931973374
-0.0200525201598975 -0.08133494979705 -0.179739031471613 -0.0816161302151547
-0.054662365595736 0.0395186234373617 0.0473574152519881 0.0193980931728713
0.0637786485982519 0.0777621304879576 0.0743533804298268 -0.0300252091939804
0.0816950910884921 -0.0574940225222854 0.162168785862652 -0.0404817096895661
-0.00871894366900715 -0.0835492074079218 0.179548645104019 -0.153272149407775
-0.0465488527833378 -0.0433966372586688 0.118845820245616 -0.222360791417378
-0.052506199427902 -0.0105183828664016 0.0448252977277773 -0.226133657483572
-0.0452131205675306 -0.00115892458851893 0.0161513101879568 -0.178345337085975
-0.0417923800684041 -0.0164431768680611 0.00647003165821546 -0.126003431933361
-0.0380704439452677 -0.054981063518299 -0.012407363975855 -0.107467591367927
0.010119134806024 -0.0887079989819422 0.0078217249785066 -0.148726909211214
0.105856482793776 -0.0363452132960323 0.0630723242262825 -0.156105667943695
0.0510040792139024 0.0994412835256236 0.0301786206686985 -0.145648146623413
-0.0549812878922749 -0.00304587395124684 -0.0409267291659007 -0.322128915504927
0.0131115907834411 -0.113922888613344 0.0183257318413899 -0.410486607360968
-0.0142573576594044 0.189753079320033 -0.0775073970088955 0.346217593178704
0.0676906933964845 0.0776410483336028 0.0603758851153831 0.408654053796848
0.0141104187418998 -0.0169272049041723 0.0127374599163851 0.113890485943603
-0.044973248260387 0.0239720475431203 -0.107723156434078 0.131567667293457
0.0157306484229827 0.0623737073431763 -0.0155636989607983 0.176183651086586
0.0579603443281879 0.018102806135891 0.0411178023388167 0.112885509742353
0.0674171343663589 -0.0290953350765618 0.0124295624476717 0.0916647900914209
0.0572993191417569 -0.0578848008588053 -0.0256053686611667 0.153541880007975
0.0565001371473077 -0.0680476538333349 -0.0369718738461637 0.20037456342583
0.0730445539752114 -0.0449924144765854 -0.0850583120729075 0.222251717577207
0.0709855664530943 0.00694955520036304 -0.156511948225454 0.192226718736837
0.00853333228232268 0.0271348119678298 -0.182109917643713 0.0875598025963457
0.0225299237779132 -0.063248606610834 -0.114824838422122 0.0129663112118194
0.142369439645043 4.45581233662188E-05 -0.078665301992939 0.02772416867799
0.122469571684998 0.16048854328419 0.0866637734128221 0.0837301947553928
0.00548253283646904 0.244428430717169 -0.095778817756488 0.280002834972098
0.0785624946381353 0.156782099015926 0.0546436610647753 0.442502518221795
0.0679002924931629 0.0636814428374147 0.0548090683906829 0.108445741133746
0.0297859560425768 0.0326231994809129 -0.109232339511214 0.114686045175864
0.0612581129874071 0.0299092701565516 -0.0207813524961834 0.191869244132976
0.0801988127194826 -0.0224524930641326 0.0624159306365649 0.124905811969334
0.0780065172932546 -0.0747098817498527 0.0375669321300509 0.0748215114318743
0.0604097211263597 -0.11438620801372 -0.0102666539270342 0.118326193996057
0.0595140500673727 -0.133533340511106 -0.0214792402012844 0.158123390377272
0.0769642656542919 -0.126132073938106 -0.0611421801496132 0.188896384813126
0.106751767912988 -0.0862090152462565 -0.133964025813302 0.181333088934194
0.104576637031722 -0.0309902990572862 -0.188519663735451 0.0958647880135354
0.129253594398327 -0.039054303562892 -0.133490816125408 -0.00316142245884941
0.209323430660181 0.0534460387855691 -0.0824155639776301 -0.00199250759182655
0.175969443987925 0.210026163894826 0.0592616046912734 0.0307939810366055
0.0481640273210317 0.262555693847042 -0.108093509428651 0.192226488261227
0.10459569053248 0.198796517711005 0.0664521971387749 0.443137483629339
0.129206636031092 0.127622871716603 0.114540068710357 0.104885603290188
0.123652048130915 0.0334710007515699 -0.0705531116262354 0.0967092520368174
0.118621725367164 -0.0221051116570966 0.00150101353760617 0.183863552684799
0.0959459417890965 -0.0771340765529604 0.0945614415724425 0.116084793329065
0.074921228903946 -0.118366211426839 0.0655538159584437 0.0406722870643252
0.0545069625950742 -0.153290215221049 0.00500924956627998 0.0637507058483056
0.0554489526124833 -0.172352101151197 -0.0105509479044269 0.0951546926591761
0.0712001973230561 -0.178202701348141 -0.046553099820468 0.130706714824414
0.120865980680059 -0.157614493098103 -0.114611108236642 0.138719805212615
0.175569294896055 -0.0891643190326823 -0.188236054094201 0.079789625033452
0.223428391637375 -0.017995401949495 -0.153844826473674 -0.0291009272682578
0.252643363683717 0.103998799920059 -0.104565774984266 -0.0549351668001212
0.19723692920942 0.236115957193613 0.0222743446197764 -0.0531795001165676
0.0979450185325562 0.239029642222803 -0.130583653565641 0.0978335713971958
0.135503102628948 0.193508771846137 0.0867936066159893 0.402014369818605
0.18695275611121 0.152195496154887 0.163219602730088 0.0808962482300306
0.208836940885811 0.0124052382912419 -0.00968374633815512 0.0717485879976293
0.164842262312288 -0.0898809492010856 0.0508827196751204 0.144725978760707
0.0964514285196365 -0.13431486944852 0.131947169657106 0.0721141756403948
0.0586347951805128 -0.149308091023667 0.0884743652713032 -0.0128443726284364
0.0407176129883632 -0.168912529651516 0.0167231212658983 -0.000703404095193636
0.0471990680830057 -0.181528764620786 -0.00321324395727589 0.023721868087912
0.0591845644710824 -0.191985106323625 -0.0369208877298101 0.0609054710417074
0.119312233930489 -0.18850668357017 -0.0995254600211877 0.072180515869578
0.215997830964598 -0.119125557894372 -0.176013506232216 0.0312773218588551
0.280960107351666 0.016625888811351 -0.160506823827856 -0.0711959142994942
0.253184356773019 0.148750034544008 -0.126153770800791 -0.123431163898776
0.179604442498914 0.232783879421022 -0.0121046022815617 -0.158151285134561
0.126224682732404 0.175888921830531 -0.16060531905156 0.0172716071377489
0.135433572661133 0.153743521248942 0.104199596258368 0.318170145766807
0.209339401773367 0.143032193437636 0.174493414931797 0.0325647896767831
0.251466661506796 -0.0245401710296811 0.0497453761876966 0.0417857534222921
0.172383226397741 -0.150090648858721 0.112354291508996 0.0762442207381088
0.0740829507064688 -0.171268591464146 0.163376832272811 -0.00495205497985798
0.0311070958659606 -0.157637873725155 0.0989737387488318 -0.079971243343549
0.021904961371809 -0.158817778580244 0.0256730588217179 -0.0651548408625058
0.0321201304783278 -0.161021422890673 0.00513085436541653 -0.0405664502553832
0.0423081409753941 -0.172027573952577 -0.0272862612204132 -0.0061744492206797
0.102075239078776 -0.177629835729175 -0.0783768853251584 -0.0040358376046969
0.222166450666204 -0.111191771559002 -0.1427549767564 -0.0388461797253871
0.280725530027884 0.0699442720537995 -0.136318964942416 -0.123824745121505
0.197512989601238 0.174177073173769 -0.126760072717022 -0.198346013745608
0.132728331528924 0.190868926806953 -0.029979879734546 -0.262447253546677
0.110815885936966 0.0880788093490212 -0.185856017391434 -0.0414732127227651
0.0892383524542615 0.107641361909517 0.102803200018301 0.207370855721724
0.185878649437255 0.12550451674894 0.144932514639342 -0.0129420631317544
0.236034935437014 -0.0556751521231753 0.0969313643854323 0.0143450461731071
0.133924072622876 -0.172856486662447 0.163407514006658 -0.00854332877190461
0.033829194988052 -0.168110774843 0.173997101296722 -0.0978980488414801
-0.00216355085064112 -0.13505587485134 0.0935541348891919 -0.149290023356865
-0.00178319350841211 -0.123944008618406 0.0290123223674321 -0.122406212311898
0.0114886773553453 -0.120245244407384 0.012813329908691 -0.089365283209205
0.019097784946927 -0.132460689444961 -0.016497387503831 -0.0574016348611955
0.0726807377008625 -0.144361902897116 -0.0499865228479545 -0.0703938002688575
0.197649010333236 -0.0806771088306528 -0.0800329081165469 -0.106637757334868
0.22504511658843 0.117016118056952 -0.0791998232694645 -0.163745766174013
0.103395960354423 0.162281588909375 -0.0983259530336749 -0.263597423787332
0.0773123242524681 0.110122090423415 -0.024247845349695 -0.348693250949614
0.0561646327699512 -0.00317335004280813 -0.193995853173346 -0.0776357441701765
0.0169057055089128 0.0714705025182479 0.0777077603335382 0.0975086276554883
0.133848757252225 0.105911321698763 0.10066496864949 -0.032348046906618
0.173943609795324 -0.0673174437027791 0.135977675620708 -0.0101431008652877
0.0649792209516824 -0.148513144345176 0.190522784406622 -0.0905336345288732
-0.0110533829547652 -0.121271537922952 0.160085154390654 -0.177600857921665
-0.032262236214841 -0.0823417823954544 0.0761898935023997 -0.203146035177996
-0.0251187148254447 -0.0678639915313312 0.0270934354825416 -0.163600140267765
-0.0147136928581126 -0.070543779168872 0.0155191394740558 -0.118227468014921
-0.00964240137599125 -0.0917616361926941 -0.00954909969398718 -0.0904294015208666
0.0398057629289407 -0.11224175792042 -0.0175935656881246 -0.118963282626543
0.156102393809335 -0.0510622773002692 -0.0019091523948255 -0.147664838839671
0.138964726824688 0.132431594132332 -0.00878918081632411 -0.170099979922395
0.00708639396840048 0.100118414903237 -0.0567067897745119 -0.305850623313944
0.0363854563809864 0.00153274465638082 -0.000592329089878262 -0.401553022103011
-0.0179699478290821 -0.0817314145025384 -0.181819007164573 -0.0896385451689668
-0.0548497699054169 0.0393282192407747 0.0442482265608914 0.0215076034827955
0.06452917599037 0.0801191877167738 0.0748274872594589 -0.0241504358897984
0.08342888089421 -0.0572239755813007 0.168118722184781 -0.0367934800092094
-0.00810424831966832 -0.0855485654678466 0.189056087739969 -0.151583739038481
-0.046616401578833 -0.0451118339418722 0.128417882682819 -0.224388729309928
-0.0522299231814504 -0.0106907970924523 0.051355189215932 -0.229208450507297
-0.04532719137543 -0.00219661066462882 0.019611147512401 -0.181538399594564
-0.0417530790821303 -0.0181795307868998 0.00881016106591991 -0.128445386456614
-0.037126928658935 -0.0574561606370505 -0.0112994249833037 -0.110391721296565
0.0117134874412811 -0.0895093022175552 0.0118569696010598 -0.152209666159887
0.108493923691782 -0.0345132844641136 0.068476934121825 -0.158622808504315
0.05092010761058 0.101162840465684 0.0381784776513526 -0.147829928293167
-0.0548401040429342 -0.00371647888241095 -0.0283196644209942 -0.329065118291501
0.018236698388058 -0.112637551253494 0.0287481511612771 -0.416844266088757
