TRXV5
3
4
4
9
string Extension=J
integer IsArchMeasurement=1
integer IsSpherical=1
string Generator=SPM
string GeneratorVersion=1.3.1 Dev
double ArchRadius=0.449999988079071
integer FrequencyAxisIndex=0
integer AzimuthAxisIndex=1
integer ElevationAxisIndex=2
Frequency
5 136 690000000 960000000 LIN
Azimuth
7 8 0 2.74889357189107 LIN
Elevation
7 15 -2.74889357189107 2.74889357189107 LIN
Polar H Real Part
13
Polar H Imaginary Part
14
Polar V Real Part
13
Polar V Imaginary Part
14
Polar H Magnitude (dB)
12 0xC0000002 0 1
Polar H Phase
7 0xC0000003 0 1
Polar V Magnitude (dB)
12 0xC0000002 2 3
Polar V Phase
7 0xC0000003 2 3
-0.0213470458984375 0.0227985382080078 0.3084716796875 0.69549560546875
0.0399627685546875 0.128036499023438 0.0263519287109375 0.275833129882813
0.142868041992188 0.02288818359375 -0.22625732421875 0.2835693359375
0.077301025390625 -0.107757568359375 -0.175811767578125 0.454315185546875
-0.03094482421875 -0.0997772216796875 -0.024993896484375 0.39764404296875
-0.0854415893554687 -0.0444183349609375 -0.035064697265625 0.33953857421875
-0.0846023559570312 0.040802001953125 -0.111114501953125 0.375701904296875
-0.0649566650390625 0.0364913940429688 -0.180694580078125 0.406982421875
-0.0730667114257813 0.0246505737304687 -0.28558349609375 0.3973388671875
-0.103851318359375 -0.00896453857421873 -0.38775634765625 0.283416748046875
-0.0810546875 -0.0620498657226562 -0.35260009765625 0.128204345703125
0.00172424316406251 -0.111610412597656 -0.2728271484375 -0.0564117431640625
0.112998962402344 0.0003814697265625 -0.0438690185546875 -0.189361572265625
0.028961181640625 0.125579833984375 0.243804931640625 -0.0228424072265625
-0.06170654296875 0.0842132568359375 0.3126220703125 0.119659423828125
-0.156661987304688 -0.227752685546875 0.2486572265625 0.66650390625
-0.160842895507812 -0.111557006835938 -0.0291748046875 0.228240966796875
-0.0818939208984375 -0.104530334472656 -0.2803955078125 0.295501708984375
-0.131729125976563 -0.146728515625 -0.199371337890625 0.495330810546875
-0.205215454101562 -0.08099365234375 -0.00439453124999999 0.413055419921875
-0.247802734375 0.05157470703125 -0.00100708007812505 0.329254150390625
-0.204010009765625 0.168930053710937 -0.0714111328125 0.3162841796875
-0.179336547851563 0.1522216796875 -0.13323974609375 0.34375
-0.1875 0.152511596679688 -0.23095703125 0.349456787109375
-0.228958129882813 0.101516723632813 -0.327667236328125 0.277252197265625
-0.2249755859375 -0.00546264648437503 -0.3037109375 0.149627685546875
-0.176361083984375 -0.103591918945312 -0.262954711914063 -0.0147857666015625
-0.0557785034179687 -0.107322692871094 -0.0596466064453125 -0.158401489257813
-0.0878524780273437 -0.0661239624023438 0.213150024414063 -0.0511016845703125
-0.15850830078125 -0.118057250976562 0.284271240234375 0.076934814453125
-0.240325927734375 -0.45965576171875 0.13897705078125 0.5745849609375
-0.31103515625 -0.367095947265625 -0.112747192382812 0.174758911132812
-0.285919189453125 -0.257110595703125 -0.298065185546875 0.3251953125
-0.336761474609375 -0.195465087890625 -0.163360595703125 0.5235595703125
-0.365386962890625 -0.0640563964843751 0.06744384765625 0.403076171875
-0.3817138671875 0.13470458984375 0.0783233642578125 0.27752685546875
-0.294342041015625 0.26617431640625 0.00376892089843749 0.206283569335938
-0.268600463867187 0.242340087890625 -0.06890869140625 0.2261962890625
-0.26995849609375 0.259811401367188 -0.16864013671875 0.25384521484375
-0.320068359375 0.210601806640625 -0.264389038085938 0.231399536132812
-0.338470458984375 0.0716857910156249 -0.2596435546875 0.129180908203125
-0.333282470703125 -0.0540771484374999 -0.247802734375 -0.0125732421875
-0.239105224609375 -0.164505004882812 -0.059051513671875 -0.157974243164063
-0.23272705078125 -0.220657348632812 0.174880981445312 -0.104278564453125
-0.259124755859375 -0.301300048828125 0.23138427734375 -0.0194091796875
-0.2640380859375 -0.62890625 0.00152587890624999 0.431304931640625
-0.39459228515625 -0.5694580078125 -0.21136474609375 0.118331909179687
-0.433868408203125 -0.379852294921875 -0.277099609375 0.363616943359375
-0.4925537109375 -0.221588134765625 -0.063232421875 0.52862548828125
-0.476104736328125 -0.0364685058593751 0.18157958984375 0.357757568359375
-0.455230712890625 0.194305419921875 0.19122314453125 0.185501098632813
-0.338470458984375 0.321868896484375 0.101325988769531 0.06060791015625
-0.316619873046875 0.292205810546875 0.00533294677734374 0.076690673828125
-0.31707763671875 0.330841064453125 -0.105537414550781 0.120849609375
-0.371551513671875 0.295654296875 -0.202423095703125 0.137313842773438
-0.414520263671875 0.148956298828125 -0.222137451171875 0.060211181640625
-0.453857421875 0.01763916015625 -0.225448608398438 -0.0525970458984375
-0.4127197265625 -0.181304931640625 -0.0462646484375 -0.181533813476563
-0.378448486328125 -0.332855224609375 0.1187744140625 -0.167221069335938
-0.342620849609375 -0.44757080078125 0.144760131835937 -0.153289794921875
-0.24176025390625 -0.69775390625 -0.136306762695313 0.263824462890625
-0.41082763671875 -0.6654052734375 -0.297332763671875 0.067474365234375
-0.4969482421875 -0.42022705078125 -0.218841552734375 0.38482666015625
-0.549530029296875 -0.19482421875 0.074798583984375 0.491119384765625
-0.49237060546875 0.00839233398437498 0.310302734375 0.27154541015625
-0.4423828125 0.2271728515625 0.31072998046875 0.059295654296875
-0.32366943359375 0.328826904296875 0.1988525390625 -0.100479125976563
-0.31707763671875 0.29864501953125 0.0774078369140625 -0.086273193359375
-0.319366455078125 0.348388671875 -0.043548583984375 -0.0313911437988281
-0.376922607421875 0.332427978515625 -0.138130187988281 0.00974273681640628
-0.439971923828125 0.199432373046875 -0.180084228515625 -0.0487670898437499
-0.517852783203125 0.0794677734375 -0.184616088867188 -0.126266479492187
-0.5340576171875 -0.179443359375 -0.0187225341796875 -0.21435546875
-0.480987548828125 -0.406097412109375 0.04345703125 -0.224014282226563
-0.378387451171875 -0.545318603515625 0.029296875 -0.315216064453125
-0.18170166015625 -0.65692138671875 -0.248489379882813 0.109298706054687
-0.375244140625 -0.63458251953125 -0.3487548828125 0.0315246582031249
-0.46771240234375 -0.359344482421875 -0.13671875 0.3720703125
-0.4925537109375 -0.118804931640625 0.20599365234375 0.403778076171875
-0.4071044921875 0.05657958984375 0.40863037109375 0.15765380859375
-0.343170166015625 0.22491455078125 0.4039306640625 -0.07684326171875
-0.253219604492187 0.280715942382813 0.273529052734375 -0.250106811523438
-0.266632080078125 0.257644653320313 0.135391235351563 -0.237075805664062
-0.2738037109375 0.30743408203125 0.0126190185546875 -0.180770874023437
-0.327911376953125 0.30706787109375 -0.0736312866210938 -0.130958557128906
-0.40289306640625 0.204559326171875 -0.130661010742188 -0.177886962890625
-0.508941650390625 0.1077880859375 -0.121307373046875 -0.223922729492188
-0.56683349609375 -0.1785888671875 0.0307006835937499 -0.252471923828125
-0.498260498046875 -0.440521240234375 -0.0272979736328125 -0.272857666015625
-0.341796875 -0.57659912109375 -0.08935546875 -0.48394775390625
-0.10784912109375 -0.5240478515625 -0.324188232421875 -0.00747680664062505
-0.305938720703125 -0.500152587890625 -0.3541259765625 0.0148925781249999
-0.36993408203125 -0.226531982421875 -0.048797607421875 0.32452392578125
-0.348663330078125 -0.0216064453125 0.298583984375 0.285369873046875
-0.255615234375 0.0908660888671876 0.44708251953125 0.038818359375
-0.190261840820312 0.181472778320313 0.44580078125 -0.198455810546875
-0.1455078125 0.190277099609375 0.311798095703125 -0.3673095703125
-0.176300048828125 0.1788330078125 0.16925048828125 -0.353118896484375
-0.185440063476563 0.218536376953125 0.0592041015625 -0.300567626953125
-0.22601318359375 0.231201171875 -0.010894775390625 -0.254806518554688
-0.302093505859375 0.170989990234375 -0.070953369140625 -0.295318603515625
-0.423095703125 0.104400634765625 -0.033782958984375 -0.315338134765625
-0.5010986328125 -0.1719970703125 0.104263305664062 -0.280441284179688
-0.416717529296875 -0.428070068359375 -0.076263427734375 -0.30987548828125
-0.2352294921875 -0.530975341796875 -0.181884765625 -0.63592529296875
-0.02215576171875 -0.325653076171875 -0.3602294921875 -0.067474365234375
-0.2081298828125 -0.3013916015625 -0.323486328125 0.020416259765625
-0.227310180664063 -0.0744476318359375 0.024566650390625 0.260971069335938
-0.166275024414063 0.0622711181640625 0.338592529296875 0.167510986328125
-0.0803146362304687 0.0971221923828125 0.43408203125 -0.05584716796875
-0.0231704711914063 0.103691101074219 0.43731689453125 -0.281494140625
-0.0234298706054687 0.0684089660644531 0.30889892578125 -0.43353271484375
-0.0594635009765625 0.0681571960449219 0.176025390625 -0.41937255859375
-0.0606460571289062 0.0943679809570313 0.085601806640625 -0.368804931640625
-0.0793685913085938 0.129478454589844 0.035888671875 -0.337371826171875
-0.147994995117187 0.12713623046875 -0.015655517578125 -0.38165283203125
-0.269134521484375 0.0931854248046875 0.0639953613281249 -0.389434814453125
-0.352447509765625 -0.1383056640625 0.190338134765625 -0.29400634765625
-0.255950927734375 -0.342071533203125 -0.085205078125 -0.3314208984375
-0.080657958984375 -0.39544677734375 -0.228515625 -0.74981689453125
-0.0238456726074219 0.0230026245117187 0.37139892578125 0.6796875
0.05242919921875 0.129074096679688 0.057586669921875 0.281951904296875
0.146697998046875 0.011383056640625 -0.198089599609375 0.305877685546875
0.0663681030273438 -0.114959716796875 -0.133819580078125 0.469146728515625
-0.03973388671875 -0.0961074829101563 0.00631713867187501 0.3975830078125
-0.0899276733398438 -0.0362701416015625 -0.011810302734375 0.340972900390625
-0.0806121826171875 0.0497360229492188 -0.0806579589843751 0.388702392578125
-0.0630874633789063 0.0438423156738281 -0.14520263671875 0.429595947265625
-0.073577880859375 0.0340576171875 -0.250030517578125 0.430694580078125
-0.107582092285156 0.00317382812500002 -0.3648681640625 0.326507568359375
-0.0877532958984375 -0.0529327392578125 -0.344818115234375 0.162628173828125
-0.0104904174804687 -0.112030029296875 -0.279861450195313 -0.0283050537109375
0.111686706542969 -0.0109329223632813 -0.0613555908203125 -0.179428100585938
0.0419921875 0.125106811523438 0.246597290039063 -0.0369873046875
-0.0557022094726562 0.0922012329101563 0.32757568359375 0.09918212890625
-0.182540893554688 -0.219741821289063 0.3096923828125 0.6563720703125
-0.171661376953125 -0.0972747802734375 -0.00488281250000002 0.239791870117188
-0.0902557373046875 -0.100852966308594 -0.251922607421875 0.31951904296875
-0.14996337890625 -0.137054443359375 -0.155364990234375 0.50921630859375
-0.2161865234375 -0.0626983642578125 0.02996826171875 0.41265869140625
-0.244522094726563 0.0744628906250001 0.0234375 0.329254150390625
-0.190261840820312 0.191604614257813 -0.046234130859375 0.325927734375
-0.168365478515625 0.173583984375 -0.104949951171875 0.358184814453125
-0.175918579101563 0.174972534179687 -0.199188232421875 0.376007080078125
-0.223785400390625 0.127059936523438 -0.304168701171875 0.316192626953125
-0.229629516601563 0.0174102783203125 -0.29132080078125 0.181121826171875
-0.191329956054687 -0.0870513916015625 -0.264877319335938 0.0144500732421875
-0.0661087036132812 -0.10614013671875 -0.07061767578125 -0.147994995117188
-0.0914154052734375 -0.060821533203125 0.214126586914063 -0.0627899169921875
-0.173202514648438 -0.10662841796875 0.294281005859375 0.057830810546875
-0.287841796875 -0.451080322265625 0.18896484375 0.5714111328125
-0.346771240234375 -0.34429931640625 -0.094757080078125 0.19036865234375
-0.309326171875 -0.2406005859375 -0.269287109375 0.35003662109375
-0.361480712890625 -0.16943359375 -0.1158447265625 0.53460693359375
-0.37786865234375 -0.031036376953125 0.10162353515625 0.39599609375
-0.3740234375 0.16827392578125 0.10186767578125 0.271881103515625
-0.273162841796875 0.29705810546875 0.0187835693359375 0.207443237304688
-0.250503540039062 0.272293090820313 -0.0488128662109375 0.233963012695313
-0.251068115234375 0.2939453125 -0.14544677734375 0.273452758789063
-0.306121826171875 0.246490478515625 -0.242523193359375 0.261138916015625
-0.33905029296875 0.105194091796875 -0.248794555664063 0.157089233398437
-0.34698486328125 -0.0222778320312499 -0.248580932617188 0.0150299072265625
-0.257369995117187 -0.1484375 -0.0695037841796875 -0.1492919921875
-0.2518310546875 -0.207000732421875 0.169815063476562 -0.114501953125
-0.291290283203125 -0.286041259765625 0.23114013671875 -0.035369873046875
-0.3243408203125 -0.6199951171875 0.0382080078125 0.437713623046875
-0.44818115234375 -0.543548583984375 -0.200973510742188 0.140243530273438
-0.469482421875 -0.3521728515625 -0.246978759765625 0.3836669921875
-0.522003173828125 -0.1812744140625 -0.017120361328125 0.53265380859375
-0.485443115234375 0.00515747070312498 0.215362548828125 0.3428955078125
-0.442291259765625 0.236572265625 0.210556030273437 0.168548583984375
-0.31304931640625 0.35614013671875 0.104331970214844 0.0508880615234375
-0.296478271484375 0.32855224609375 0.0124969482421875 0.0752639770507813
-0.2928466796875 0.369842529296875 -0.0939865112304688 0.133071899414063
-0.351837158203125 0.336669921875 -0.187301635742188 0.161285400390625
-0.407745361328125 0.189971923828125 -0.214447021484375 0.0837554931640625
-0.462738037109375 0.0611572265625 -0.229660034179688 -0.02728271484375
-0.433685302734375 -0.151397705078125 -0.057525634765625 -0.175628662109375
-0.410858154296875 -0.308013916015625 0.107406616210937 -0.174560546875
-0.38995361328125 -0.428802490234375 0.130996704101562 -0.164077758789063
-0.30755615234375 -0.6903076171875 -0.116104125976562 0.277374267578125
-0.47412109375 -0.63897705078125 -0.294769287109375 0.09356689453125
-0.537841796875 -0.388458251953125 -0.186920166015625 0.399871826171875
-0.57684326171875 -0.14990234375 0.119537353515625 0.4798583984375
-0.4976806640625 0.05230712890625 0.33856201171875 0.243743896484375
-0.425811767578125 0.267059326171875 0.321197509765625 0.03057861328125
-0.2972412109375 0.36102294921875 0.18853759765625 -0.120162963867187
-0.294769287109375 0.33575439453125 0.0700607299804687 -0.0969924926757812
-0.29315185546875 0.387786865234375 -0.0448150634765625 -0.0289573669433593
-0.351776123046875 0.373199462890625 -0.133003234863281 0.0263519287109375
-0.4317626953125 0.243255615234375 -0.182647705078125 -0.0284576416015625
-0.5238037109375 0.128936767578125 -0.196701049804688 -0.105667114257813
-0.55609130859375 -0.1387939453125 -0.0340423583984375 -0.214447021484375
-0.52069091796875 -0.37457275390625 0.0240020751953125 -0.226531982421875
-0.434051513671875 -0.526824951171875 -0.00128173828125002 -0.318603515625
-0.2442626953125 -0.6531982421875 -0.24285888671875 0.1282958984375
-0.43603515625 -0.60968017578125 -0.353240966796875 0.06048583984375
-0.50225830078125 -0.329071044921875 -0.106903076171875 0.3782958984375
-0.510223388671875 -0.0768432617187499 0.241912841796875 0.382354736328125
-0.40692138671875 0.0938720703124999 0.4268798828125 0.11981201171875
-0.325286865234375 0.253509521484375 0.402984619140625 -0.115997314453125
-0.228424072265625 0.3065185546875 0.251998901367188 -0.278793334960938
-0.248992919921875 0.290374755859375 0.114044189453125 -0.254257202148438
-0.252532958984375 0.341339111328125 -0.0013885498046875 -0.185150146484375
-0.3062744140625 0.3426513671875 -0.080230712890625 -0.121986389160156
-0.392822265625 0.244598388671875 -0.144638061523438 -0.161972045898437
-0.5093994140625 0.155792236328125 -0.142654418945312 -0.209625244140625
-0.58734130859375 -0.134765625 0.0106658935546874 -0.257888793945313
-0.540740966796875 -0.40936279296875 -0.054107666015625 -0.271041870117188
-0.40093994140625 -0.560211181640625 -0.134979248046875 -0.479583740234375
-0.156463623046875 -0.52471923828125 -0.328338623046875 0.0147705078124999
-0.35650634765625 -0.478179931640625 -0.3609619140625 0.04229736328125
-0.390960693359375 -0.200958251953125 -0.023956298828125 0.323272705078125
-0.356109619140625 0.00842285156250004 0.323150634765625 0.252685546875
-0.24896240234375 0.112838745117188 0.456451416015625 -0.00503540039062499
-0.174575805664063 0.194992065429688 0.435516357421875 -0.243621826171875
-0.128570556640625 0.204147338867187 0.278594970703125 -0.401031494140625
-0.164169311523438 0.199752807617188 0.138458251953125 -0.375885009765625
-0.170623779296875 0.23980712890625 0.033843994140625 -0.31146240234375
-0.208755493164062 0.255126953125 -0.02825927734375 -0.253250122070313
-0.29296875 0.20025634765625 -0.09503173828125 -0.286895751953125
-0.42083740234375 0.142303466796875 -0.063568115234375 -0.31146240234375
-0.521270751953125 -0.134735107421875 0.079132080078125 -0.29498291015625
-0.458404541015625 -0.40087890625 -0.108734130859375 -0.30584716796875
-0.288787841796875 -0.521575927734375 -0.24273681640625 -0.62542724609375
-0.052703857421875 -0.3289794921875 -0.369140625 -0.0437622070312501
-0.238525390625 -0.286590576171875 -0.330230712890625 0.0436096191406249
-0.234893798828125 -0.0579986572265625 0.04266357421875 0.253189086914062
-0.16217041015625 0.0765838623046875 0.35186767578125 0.130645751953125
-0.0724411010742188 0.102859497070313 0.43310546875 -0.10101318359375
-0.0136871337890625 0.1007080078125 0.417266845703125 -0.32818603515625
-0.0166206359863281 0.0685844421386719 0.271484375 -0.470123291015625
-0.0554046630859375 0.0753250122070313 0.139251708984375 -0.440155029296875
-0.0563583374023438 0.101112365722656 0.054443359375 -0.383270263671875
-0.0688629150390625 0.136772155761719 0.012451171875 -0.341278076171875
-0.139404296875 0.141403198242188 -0.04742431640625 -0.37969970703125
-0.265792846679688 0.117233276367187 0.02606201171875 -0.39453125
-0.36663818359375 -0.110107421875 0.164215087890625 -0.317169189453125
-0.288848876953125 -0.3265380859375 -0.1199951171875 -0.327239990234375
-0.11944580078125 -0.396881103515625 -0.29815673828125 -0.73846435546875
-0.0258598327636719 0.0245323181152344 0.4197998046875 0.63543701171875
0.0624923706054688 0.124618530273438 0.0878753662109375 0.273635864257813
0.145538330078125 -0.0003814697265625 -0.164337158203125 0.3116455078125
0.0543975830078125 -0.11468505859375 -0.0902099609374999 0.463897705078125
-0.0465087890625 -0.0880584716796875 0.033538818359375 0.3817138671875
-0.0901641845703125 -0.0265960693359375 0.00863647460937502 0.332733154296875
-0.0735397338867187 0.05810546875 -0.051025390625 0.385345458984375
-0.0576286315917969 0.0496826171875 -0.106231689453125 0.4293212890625
-0.0690460205078125 0.0414619445800781 -0.207061767578125 0.442901611328125
-0.105056762695313 0.0138397216796875 -0.325836181640625 0.351531982421875
-0.0897979736328125 -0.0427017211914063 -0.32257080078125 0.1876220703125
-0.021514892578125 -0.108482360839844 -0.273696899414063 -0.000564575195312556
0.10748291015625 -0.0212249755859375 -0.0711212158203125 -0.161972045898438
0.0533981323242187 0.120529174804688 0.240859985351563 -0.0483551025390625
-0.048614501953125 0.09576416015625 0.3255615234375 0.07574462890625
-0.199966430664063 -0.204116821289062 0.352294921875 0.61767578125
-0.173614501953125 -0.0809783935546875 0.022308349609375 0.238189697265625
-0.0941390991210938 -0.094482421875 -0.21551513671875 0.329132080078125
-0.16033935546875 -0.121261596679687 -0.10906982421875 0.502593994140625
-0.214920043945312 -0.0434112548828125 0.0601806640625 0.395111083984375
-0.231170654296875 0.092193603515625 0.0439453125 0.3175048828125
-0.168319702148437 0.2030029296875 -0.02294921875 0.32257080078125
-0.150131225585938 0.185226440429688 -0.07275390625 0.356536865234375
-0.157089233398438 0.189132690429688 -0.16156005859375 0.385284423828125
-0.20849609375 0.145004272460937 -0.267303466796875 0.337493896484375
-0.222824096679688 0.0379791259765625 -0.267654418945313 0.202362060546875
-0.196640014648438 -0.06719970703125 -0.254180908203125 0.0390777587890625
-0.0742721557617188 -0.100517272949219 -0.0772018432617188 -0.133155822753906
-0.092437744140625 -0.054107666015625 0.207733154296875 -0.072418212890625
-0.17816162109375 -0.09197998046875 0.28948974609375 0.038726806640625
-0.31927490234375 -0.4222412109375 0.228790283203125 0.54559326171875
-0.3631591796875 -0.30975341796875 -0.071929931640625 0.196563720703125
-0.318328857421875 -0.216278076171875 -0.23175048828125 0.35797119140625
-0.371612548828125 -0.139129638671875 -0.07196044921875 0.524810791015625
-0.3707275390625 -0.000885009765624987 0.129852294921875 0.37567138671875
-0.3499755859375 0.19171142578125 0.119247436523437 0.254608154296875
-0.24188232421875 0.314544677734375 0.031646728515625 0.201187133789063
-0.22296142578125 0.2911376953125 -0.0295562744140625 0.231491088867188
-0.2230224609375 0.3118896484375 -0.117416381835938 0.279754638671875
-0.277877807617187 0.269821166992188 -0.209625244140625 0.278518676757812
-0.323944091796875 0.132965087890625 -0.226150512695313 0.175613403320313
-0.34417724609375 0.00790405273437493 -0.237869262695313 0.040924072265625
-0.263595581054688 -0.128005981445313 -0.0747604370117187 -0.135520935058594
-0.260528564453125 -0.18682861328125 0.158920288085937 -0.119598388671875
-0.308563232421875 -0.2589111328125 0.220306396484375 -0.047393798828125
-0.37115478515625 -0.58416748046875 0.070587158203125 0.425201416015625
-0.479278564453125 -0.497314453125 -0.182540893554688 0.15484619140625
-0.485076904296875 -0.31378173828125 -0.20843505859375 0.388092041015625
-0.526275634765625 -0.138580322265625 0.0247802734375 0.51409912109375
-0.47479248046875 0.044219970703125 0.237335205078125 0.314300537109375
-0.411346435546875 0.262603759765625 0.218856811523437 0.145172119140625
-0.275604248046875 0.37255859375 0.102203369140625 0.0411911010742188
-0.26385498046875 0.350433349609375 0.0168266296386719 0.0693283081054688
-0.255218505859375 0.390411376953125 -0.0794906616210938 0.136085510253906
-0.31475830078125 0.36151123046875 -0.16387939453125 0.176040649414063
-0.386993408203125 0.221343994140625 -0.198654174804688 0.103347778320312
-0.45184326171875 0.0995483398437499 -0.22271728515625 -0.00170898437500004
-0.435150146484375 -0.1158447265625 -0.065582275390625 -0.16448974609375
-0.423370361328125 -0.27435302734375 0.0921630859375 -0.174362182617188
-0.417694091796875 -0.392425537109375 0.112091064453125 -0.16583251953125
-0.3592529296875 -0.65594482421875 -0.091644287109375 0.278060913085937
-0.51348876953125 -0.58868408203125 -0.279708862304688 0.114959716796875
-0.552520751953125 -0.343505859375 -0.151397705078125 0.39697265625
-0.57891845703125 -0.10308837890625 0.1512451171875 0.4530029296875
-0.4840087890625 0.0897216796875 0.348907470703125 0.20867919921875
-0.393707275390625 0.290557861328125 0.317626953125 0.00112915039062502
-0.259124755859375 0.374420166015625 0.170562744140625 -0.133590698242187
-0.263031005859375 0.356353759765625 0.05859375 -0.1024169921875
-0.2559814453125 0.408477783203125 -0.0446701049804688 -0.0262908935546875
-0.313720703125 0.398284912109375 -0.121726989746094 0.0386886596679688
-0.40380859375 0.27435302734375 -0.175613403320313 -0.00869750976562496
-0.505950927734375 0.1702880859375 -0.1976318359375 -0.0809478759765625
-0.55340576171875 -0.0965576171875001 -0.046142578125 -0.205612182617188
-0.535919189453125 -0.33148193359375 0.00497436523437495 -0.219223022460938
-0.470001220703125 -0.48431396484375 -0.029571533203125 -0.30670166015625
-0.29217529296875 -0.623779296875 -0.227264404296875 0.140518188476562
-0.474273681640625 -0.56158447265625 -0.34100341796875 0.0858764648437499
-0.5146484375 -0.287261962890625 -0.078704833984375 0.369903564453125
-0.506927490234375 -0.0357971191406251 0.26068115234375 0.34539794921875
-0.3907470703125 0.1212158203125 0.425262451171875 0.0794677734375
-0.29766845703125 0.268341064453125 0.38531494140625 -0.14837646484375
-0.1986083984375 0.314453125 0.2197265625 -0.2933349609375
-0.21966552734375 0.306304931640625 0.0885772705078125 -0.2596435546875
-0.22039794921875 0.35858154296875 -0.0157623291015625 -0.182601928710938
-0.270538330078125 0.361328125 -0.08251953125 -0.110664367675781
-0.366607666015625 0.270172119140625 -0.149368286132813 -0.142333984375
-0.489837646484375 0.19512939453125 -0.1549072265625 -0.186599731445312
-0.584228515625 -0.0894165039062501 -0.00914001464843756 -0.253982543945313
-0.561004638671875 -0.361968994140625 -0.077056884765625 -0.25750732421875
-0.440338134765625 -0.519500732421875 -0.173248291015625 -0.453399658203125
-0.19708251953125 -0.50445556640625 -0.31982421875 0.036590576171875
-0.386474609375 -0.4384765625 -0.352386474609375 0.06689453125
-0.39556884765625 -0.17047119140625 -0.00296020507812503 0.31011962890625
-0.34716796875 0.0360107421875 0.328216552734375 0.213226318359375
-0.23516845703125 0.128616333007812 0.442596435546875 -0.044158935546875
-0.155044555664063 0.198410034179687 0.4063720703125 -0.276580810546875
-0.109161376953125 0.206405639648437 0.234893798828125 -0.415069580078125
-0.145782470703125 0.209609985351563 0.10272216796875 -0.378509521484375
-0.149185180664063 0.251144409179688 0.00827026367187501 -0.30859375
-0.183868408203125 0.26611328125 -0.0428009033203125 -0.243408203125
-0.2725830078125 0.219131469726562 -0.111984252929687 -0.266891479492188
-0.402496337890625 0.1739501953125 -0.0877685546875 -0.293243408203125
-0.517578125 -0.093536376953125 0.052947998046875 -0.29608154296875
-0.478546142578125 -0.360992431640625 -0.13470458984375 -0.28912353515625
-0.328521728515625 -0.490447998046875 -0.28985595703125 -0.5902099609375
-0.07861328125 -0.3197021484375 -0.36334228515625 -0.0206298828125
-0.257034301757813 -0.25909423828125 -0.323394775390625 0.06549072265625
-0.232513427734375 -0.04150390625 0.0557708740234375 0.236892700195312
-0.151840209960938 0.087646484375 0.3460693359375 0.092864990234375
-0.0615310668945313 0.105140686035156 0.4107666015625 -0.136810302734375
-0.00638580322265626 0.0930938720703125 0.37994384765625 -0.358917236328125
-0.0120811462402344 0.0644073486328125 0.224151611328125 -0.47991943359375
-0.0496826171875 0.0783615112304687 0.0996398925781251 -0.441558837890625
-0.0499267578125 0.104072570800781 0.0242919921875 -0.38079833984375
-0.057098388671875 0.138214111328125 -0.011138916015625 -0.333251953125
-0.126861572265625 0.14837646484375 -0.07366943359375 -0.361541748046875
-0.251541137695313 0.135635375976563 -0.00723266601562502 -0.382720947265625
-0.36541748046875 -0.08184814453125 0.1319580078125 -0.325836181640625
-0.3072509765625 -0.2982177734375 -0.148651123046875 -0.31060791015625
-0.152435302734375 -0.3814697265625 -0.35101318359375 -0.69720458984375
-0.0282535552978516 0.0259914398193359 0.43499755859375 0.59271240234375
0.069366455078125 0.118217468261719 0.107070922851563 0.2598876953125
0.142196655273437 -0.00836181640625 -0.13775634765625 0.304840087890625
0.0458221435546875 -0.110916137695313 -0.06256103515625 0.443145751953125
-0.04656982421875 -0.08184814453125 0.0478515625 0.361907958984375
-0.0860977172851563 -0.021331787109375 0.018280029296875 0.319244384765625
-0.0651130676269531 0.0609397888183594 -0.03216552734375 0.373626708984375
-0.0526237487792969 0.0527153015136719 -0.0792236328125001 0.417999267578125
-0.0641860961914063 0.0461578369140625 -0.172393798828125 0.437408447265625
-0.09906005859375 0.02166748046875 -0.291473388671875 0.355926513671875
-0.0872726440429688 -0.0344467163085937 -0.29913330078125 0.197998046875
-0.027740478515625 -0.0998001098632813 -0.259490966796875 0.0171203613281249
0.099945068359375 -0.02496337890625 -0.0719757080078125 -0.1455078125
0.0594558715820313 0.113922119140625 0.232330322265625 -0.05279541015625
-0.042022705078125 0.0952682495117188 0.316497802734375 0.061737060546875
-0.207321166992188 -0.187225341796875 0.368896484375 0.58050537109375
-0.168167114257813 -0.0696563720703125 0.03997802734375 0.2296142578125
-0.0928878784179688 -0.0906829833984375 -0.18902587890625 0.323638916015625
-0.161483764648438 -0.108612060546875 -0.08038330078125 0.48388671875
-0.20843505859375 -0.0315704345703125 0.075042724609375 0.374481201171875
-0.217254638671875 0.098907470703125 0.05364990234375 0.302520751953125
-0.150375366210938 0.204681396484375 -0.00970458984374999 0.311798095703125
-0.135299682617188 0.188735961914063 -0.05279541015625 0.34625244140625
-0.14129638671875 0.194091796875 -0.13299560546875 0.37884521484375
-0.192031860351563 0.152755737304688 -0.234832763671875 0.340057373046875
-0.212478637695313 0.050079345703125 -0.24505615234375 0.209091186523437
-0.194122314453125 -0.0525665283203125 -0.238662719726563 0.0549163818359375
-0.0771255493164063 -0.094329833984375 -0.075103759765625 -0.118927001953125
-0.0890655517578125 -0.0488204956054687 0.19903564453125 -0.074859619140625
-0.177230834960938 -0.0793304443359375 0.278900146484375 0.0284423828125
-0.3333740234375 -0.3922119140625 0.245391845703125 0.515228271484375
-0.361419677734375 -0.2816162109375 -0.0537872314453125 0.195083618164062
-0.314056396484375 -0.19964599609375 -0.202667236328125 0.350982666015625
-0.365570068359375 -0.11578369140625 -0.0445556640625 0.50213623046875
-0.357940673828125 0.016387939453125 0.141845703125 0.353057861328125
-0.326446533203125 0.1993408203125 0.125442504882812 0.237335205078125
-0.21697998046875 0.313873291015625 0.03619384765625 0.192794799804688
-0.19940185546875 0.29388427734375 -0.017852783203125 0.221755981445313
-0.195037841796875 0.314788818359375 -0.0972747802734375 0.275070190429688
-0.252960205078125 0.27557373046875 -0.182373046875 0.28021240234375
-0.305755615234375 0.145660400390625 -0.204559326171875 0.181747436523438
-0.3333740234375 0.027984619140625 -0.222076416015625 0.0557403564453125
-0.259552001953125 -0.112899780273437 -0.072540283203125 -0.123733520507812
-0.258026123046875 -0.170303344726563 0.150192260742188 -0.11798095703125
-0.311492919921875 -0.23590087890625 0.207107543945312 -0.0511627197265625
-0.39068603515625 -0.54638671875 0.0861816406249999 0.4063720703125
-0.48394775390625 -0.457244873046875 -0.164230346679688 0.158096313476562
-0.479400634765625 -0.287811279296875 -0.180694580078125 0.37896728515625
-0.5172119140625 -0.108978271484375 0.045318603515625 0.488677978515625
-0.455810546875 0.0626220703125 0.242950439453125 0.28851318359375
-0.382781982421875 0.27008056640625 0.217056274414062 0.126861572265625
-0.24615478515625 0.3712158203125 0.0964431762695312 0.0350418090820313
-0.235076904296875 0.3536376953125 0.0177803039550781 0.0648040771484375
-0.224273681640625 0.392852783203125 -0.0685195922851563 0.135269165039063
-0.283203125 0.366943359375 -0.1429443359375 0.17877197265625
-0.363433837890625 0.23541259765625 -0.180557250976563 0.111557006835938
-0.432342529296875 0.120697021484375 -0.209365844726563 0.0151519775390625
-0.4232177734375 -0.09381103515625 -0.06622314453125 -0.153594970703125
-0.418914794921875 -0.249847412109375 0.080596923828125 -0.166778564453125
-0.422454833984375 -0.3590087890625 0.0972900390625 -0.159698486328125
-0.37982177734375 -0.6156005859375 -0.076171875 0.271728515625
-0.5211181640625 -0.540924072265625 -0.262191772460938 0.122955322265625
-0.546478271484375 -0.312255859375 -0.128173828125 0.383392333984375
-0.56512451171875 -0.0704956054687499 0.160308837890625 0.422760009765625
-0.46185302734375 0.1090087890625 0.34454345703125 0.180023193359375
-0.3651123046875 0.294342041015625 0.3065185546875 -0.017181396484375
-0.23211669921875 0.37109375 0.154281616210937 -0.135833740234375
-0.236053466796875 0.35986328125 0.0488967895507812 -0.102912902832031
-0.22515869140625 0.40936279296875 -0.0447998046875 -0.0228347778320312
-0.28094482421875 0.400726318359375 -0.108978271484375 0.044647216796875
-0.378021240234375 0.286285400390625 -0.163787841796875 0.00317382812500005
-0.480316162109375 0.19189453125 -0.189666748046875 -0.06256103515625
-0.536529541015625 -0.069427490234375 -0.0520782470703125 -0.195327758789063
-0.53179931640625 -0.298736572265625 -0.00654602050781253 -0.207504272460938
-0.48016357421875 -0.446014404296875 -0.046356201171875 -0.289154052734375
-0.31463623046875 -0.588134765625 -0.212677001953125 0.14300537109375
-0.484832763671875 -0.51739501953125 -0.32379150390625 0.096160888671875
-0.506561279296875 -0.258453369140625 -0.06103515625 0.3546142578125
-0.4908447265625 -0.010345458984375 0.260284423828125 0.3148193359375
-0.371002197265625 0.13568115234375 0.410003662109375 0.0518798828125
-0.273757934570312 0.268707275390625 0.364959716796875 -0.165557861328125
-0.177001953125 0.30828857421875 0.192779541015625 -0.292633056640625
-0.196807861328125 0.308197021484375 0.069976806640625 -0.254913330078125
-0.194915771484375 0.358917236328125 -0.0250701904296875 -0.17584228515625
-0.242095947265625 0.362945556640625 -0.0791244506835938 -0.10205078125
-0.342681884765625 0.278900146484375 -0.145767211914063 -0.126113891601562
-0.46405029296875 0.211944580078125 -0.155242919921875 -0.165374755859375
-0.56414794921875 -0.0620727539062501 -0.0214080810546875 -0.244522094726562
-0.556549072265625 -0.327484130859375 -0.0892486572265625 -0.241348266601563
-0.45233154296875 -0.482208251953125 -0.19146728515625 -0.42352294921875
-0.2158203125 -0.475921630859375 -0.30572509765625 0.045745849609375
-0.393768310546875 -0.40130615234375 -0.3375244140625 0.079986572265625
-0.388702392578125 -0.148834228515625 0.00634765624999995 0.29296875
-0.33251953125 0.0512695312499999 0.31695556640625 0.183074951171875
-0.21978759765625 0.13348388671875 0.41943359375 -0.06939697265625
-0.141998291015625 0.193252563476563 0.37579345703125 -0.28961181640625
-0.096405029296875 0.200592041015625 0.20355224609375 -0.410003662109375
-0.130569458007812 0.2108154296875 0.07708740234375 -0.3682861328125
-0.13262939453125 0.250686645507813 -0.00845336914062501 -0.297882080078125
-0.164657592773438 0.26544189453125 -0.0478515625 -0.231597900390625
-0.25408935546875 0.22393798828125 -0.115509033203125 -0.246841430664062
-0.379974365234375 0.1865234375 -0.097930908203125 -0.27056884765625
-0.50238037109375 -0.0692749023437501 0.0343017578124999 -0.288299560546875
-0.47906494140625 -0.327911376953125 -0.147476196289063 -0.269012451171875
-0.34344482421875 -0.460296630859375 -0.30914306640625 -0.548828125
-0.092681884765625 -0.3046875 -0.35089111328125 -0.00674438476562507
-0.261184692382812 -0.235824584960938 -0.31060791015625 0.0769042968749999
-0.22528076171875 -0.032257080078125 0.0587615966796875 0.220535278320313
-0.1409912109375 0.090972900390625 0.329132080078125 0.06561279296875
-0.0550689697265625 0.102409362792969 0.384490966796875 -0.154327392578125
-0.00479888916015625 0.0857925415039063 0.345794677734375 -0.367919921875
-0.00971984863281251 0.0589332580566406 0.188629150390625 -0.47265625
-0.04522705078125 0.0779037475585937 0.07183837890625 -0.427947998046875
-0.0450592041015625 0.103263854980469 0.00268554687499998 -0.367218017578125
-0.0488357543945312 0.134063720703125 -0.0224609375 -0.31890869140625
-0.11517333984375 0.147720336914063 -0.08477783203125 -0.339202880859375
-0.235183715820313 0.142868041992188 -0.0271301269531251 -0.36260986328125
-0.353515625 -0.0643310546875001 0.107147216796875 -0.320220947265625
-0.310394287109375 -0.27508544921875 -0.162506103515625 -0.2900390625
-0.167083740234375 -0.36029052734375 -0.371826171875 -0.65216064453125
-0.0311660766601562 0.0275077819824219 0.43402099609375 0.57061767578125
0.072235107421875 0.114707946777344 0.115951538085937 0.24993896484375
0.13958740234375 -0.0127410888671875 -0.12506103515625 0.29638671875
0.0424652099609375 -0.106666564941406 -0.052947998046875 0.4285888671875
-0.044036865234375 -0.0777511596679688 0.051910400390625 0.348724365234375
-0.0828475952148438 -0.0193710327148438 0.018951416015625 0.310333251953125
-0.0588722229003906 0.06170654296875 -0.02825927734375 0.36566162109375
-0.0479850769042969 0.0544586181640625 -0.069061279296875 0.409027099609375
-0.0608444213867188 0.0482597351074219 -0.15576171875 0.430419921875
-0.0949478149414063 0.0241470336914063 -0.273468017578125 0.35418701171875
-0.0837326049804688 -0.0304946899414063 -0.28564453125 0.2008056640625
-0.0294189453125 -0.0941238403320313 -0.248611450195313 0.0256195068359375
0.0967636108398438 -0.0253677368164063 -0.0685195922851562 -0.13397216796875
0.0625228881835938 0.111656188964844 0.22802734375 -0.0504150390625
-0.0397796630859375 0.0953903198242188 0.30853271484375 0.059295654296875
-0.20843505859375 -0.17767333984375 0.367706298828125 0.56195068359375
-0.162307739257813 -0.0651702880859375 0.048675537109375 0.223297119140625
-0.09161376953125 -0.0910797119140625 -0.17547607421875 0.316162109375
-0.161575317382813 -0.102340698242187 -0.0706787109375 0.467681884765625
-0.203094482421875 -0.026763916015625 0.078094482421875 0.360565185546875
-0.209884643554688 0.0977020263671875 0.05499267578125 0.292205810546875
-0.141250610351563 0.202224731445313 -0.00701904296875003 0.306243896484375
-0.127349853515625 0.1903076171875 -0.04620361328125 0.338653564453125
-0.131591796875 0.194931030273437 -0.1190185546875 0.37176513671875
-0.18194580078125 0.155593872070312 -0.216827392578125 0.33465576171875
-0.205154418945313 0.0540008544921875 -0.230789184570313 0.20989990234375
-0.19012451171875 -0.0446014404296875 -0.225540161132813 0.0625457763671875
-0.07666015625 -0.0909652709960938 -0.0699539184570312 -0.110824584960938
-0.0853347778320313 -0.0473785400390625 0.195816040039063 -0.0722808837890625
-0.174545288085937 -0.075103759765625 0.270477294921875 0.028778076171875
-0.335205078125 -0.37677001953125 0.2469482421875 0.49993896484375
-0.35516357421875 -0.269378662109375 -0.0439453125 0.191604614257812
-0.30841064453125 -0.1962890625 -0.189727783203125 0.3409423828125
-0.36163330078125 -0.107696533203125 -0.0355224609375 0.48760986328125
-0.35009765625 0.020294189453125 0.143829345703125 0.3370361328125
-0.314971923828125 0.198089599609375 0.12506103515625 0.227752685546875
-0.205047607421875 0.3082275390625 0.035430908203125 0.1885986328125
-0.188873291015625 0.293914794921875 -0.015777587890625 0.216018676757813
-0.181976318359375 0.315216064453125 -0.0880126953125 0.269515991210938
-0.239059448242187 0.2755126953125 -0.166229248046875 0.276351928710938
-0.296112060546875 0.150970458984375 -0.191299438476563 0.18218994140625
-0.3255615234375 0.0361328125000001 -0.20965576171875 0.0630340576171875
-0.254257202148437 -0.107864379882813 -0.0672454833984375 -0.117378234863281
-0.25286865234375 -0.1663818359375 0.147003173828125 -0.11309814453125
-0.3094482421875 -0.22637939453125 0.199081420898438 -0.0470123291015625
-0.392730712890625 -0.527435302734375 0.0884399414062499 0.394287109375
-0.476470947265625 -0.439056396484375 -0.153488159179688 0.157501220703125
-0.47052001953125 -0.282257080078125 -0.168701171875 0.36761474609375
-0.51031494140625 -0.0986938476562501 0.04876708984375 0.469970703125
-0.445068359375 0.0677795410156251 0.240890502929687 0.272293090820313
-0.37091064453125 0.266357421875 0.214096069335938 0.118026733398438
-0.23486328125 0.36480712890625 0.0912551879882812 0.0335922241210938
-0.2232666015625 0.3538818359375 0.0161628723144531 0.0615768432617188
-0.208282470703125 0.391326904296875 -0.063690185546875 0.132736206054688
-0.2667236328125 0.365570068359375 -0.129608154296875 0.177459716796875
-0.3526611328125 0.2366943359375 -0.168914794921875 0.113677978515625
-0.421966552734375 0.128997802734375 -0.197906494140625 0.022857666015625
-0.413055419921875 -0.0890808105468751 -0.063720703125 -0.14691162109375
-0.41278076171875 -0.2415771484375 0.077056884765625 -0.160369873046875
-0.42059326171875 -0.3453369140625 0.0894012451171875 -0.151123046875
-0.381103515625 -0.5938720703125 -0.07073974609375 0.265350341796875
-0.515472412109375 -0.519439697265625 -0.251388549804688 0.12371826171875
-0.53857421875 -0.303009033203125 -0.11968994140625 0.3712158203125
-0.554107666015625 -0.0606079101562501 0.157684326171875 0.40521240234375
-0.4510498046875 0.113677978515625 0.337158203125 0.16748046875
-0.35302734375 0.290557861328125 0.298553466796875 -0.024444580078125
-0.220245361328125 0.364501953125 0.144729614257813 -0.134689331054687
-0.223297119140625 0.357086181640625 0.0431060791015625 -0.102500915527344
-0.211517333984375 0.407257080078125 -0.0443115234375 -0.0222969055175781
-0.265899658203125 0.399261474609375 -0.0995407104492188 0.0460433959960938
-0.36602783203125 0.288299560546875 -0.154312133789063 0.00892639160156252
-0.4681396484375 0.197357177734375 -0.181442260742188 -0.0518646240234375
-0.52337646484375 -0.0643615722656249 -0.0521087646484375 -0.189163208007812
-0.524383544921875 -0.287445068359375 -0.0104217529296876 -0.198074340820313
-0.47705078125 -0.4295654296875 -0.0524444580078126 -0.274932861328125
-0.3177490234375 -0.56707763671875 -0.205276489257813 0.141326904296875
-0.47918701171875 -0.496307373046875 -0.313995361328125 0.097686767578125
-0.499725341796875 -0.249725341796875 -0.056793212890625 0.342010498046875
-0.480377197265625 -0.00256347656250003 0.251373291015625 0.29730224609375
-0.360198974609375 0.137176513671875 0.3974609375 0.0411376953125
-0.265090942382813 0.261520385742188 0.35162353515625 -0.171905517578125
-0.167877197265625 0.302093505859375 0.1798095703125 -0.28790283203125
-0.186981201171875 0.306243896484375 0.06121826171875 -0.249404907226562
-0.182647705078125 0.3575439453125 -0.0287322998046875 -0.170272827148438
-0.228851318359375 0.359588623046875 -0.0741348266601563 -0.097808837890625
-0.330718994140625 0.279327392578125 -0.138351440429688 -0.116851806640625
-0.451446533203125 0.216217041015625 -0.151199340820313 -0.152328491210938
-0.55120849609375 -0.0577392578124999 -0.024383544921875 -0.237716674804688
-0.548828125 -0.31622314453125 -0.0934600830078125 -0.230316162109375
-0.45220947265625 -0.464813232421875 -0.196502685546875 -0.404876708984375
-0.2196044921875 -0.460052490234375 -0.296295166015625 0.04681396484375
-0.3912353515625 -0.384002685546875 -0.32757568359375 0.082366943359375
-0.37994384765625 -0.14501953125 0.00692749023437496 0.28173828125
-0.323577880859375 0.054290771484375 0.30389404296875 0.170806884765625
-0.212371826171875 0.134002685546875 0.40240478515625 -0.075408935546875
-0.13800048828125 0.187881469726563 0.358551025390625 -0.29193115234375
-0.093231201171875 0.194076538085938 0.187347412109375 -0.40350341796875
-0.124847412109375 0.208969116210938 0.0666809082031249 -0.360504150390625
-0.12530517578125 0.248504638671875 -0.013824462890625 -0.2890625
-0.156478881835938 0.261810302734375 -0.046600341796875 -0.223388671875
-0.245956420898437 0.223480224609375 -0.112930297851563 -0.235076904296875
-0.369476318359375 0.188995361328125 -0.0988769531250001 -0.256210327148438
-0.487457275390625 -0.0638122558593751 0.025909423828125 -0.282012939453125
-0.472747802734375 -0.31671142578125 -0.152496337890625 -0.256576538085938
-0.3441162109375 -0.440643310546875 -0.312225341796875 -0.526336669921875
-0.096649169921875 -0.29534912109375 -0.3394775390625 -0.00552368164062509
-0.258682250976563 -0.223114013671875 -0.30206298828125 0.0780334472656249
-0.219589233398437 -0.0302581787109375 0.0563201904296875 0.210906982421875
-0.135749816894531 0.089447021484375 0.3116455078125 0.05572509765625
-0.0515975952148438 0.100051879882812 0.366455078125 -0.15966796875
-0.0066680908203125 0.0804977416992187 0.328399658203125 -0.3671875
-0.011993408203125 0.0555267333984375 0.1719970703125 -0.463470458984375
-0.0443191528320313 0.0773162841796875 0.06103515625 -0.4156494140625
-0.04388427734375 0.102455139160156 -0.00372314453124998 -0.357147216796875
-0.0465621948242188 0.130538940429688 -0.0242919921875 -0.308074951171875
-0.111434936523437 0.145584106445313 -0.085418701171875 -0.324432373046875
-0.227828979492188 0.142837524414062 -0.033355712890625 -0.346343994140625
-0.3433837890625 -0.059173583984375 0.09423828125 -0.31475830078125
-0.3072509765625 -0.265625 -0.168136596679688 -0.276748657226563
-0.17279052734375 -0.348419189453125 -0.3746337890625 -0.62664794921875
-0.0345230102539063 0.0298271179199219 0.43963623046875 0.56829833984375
0.0752487182617188 0.11376953125 0.124069213867187 0.248062133789062
0.140449523925781 -0.0147171020507813 -0.120880126953125 0.294830322265625
0.0426254272460938 -0.104598999023438 -0.048797607421875 0.425140380859375
-0.0429534912109375 -0.0782470703125 0.051055908203125 0.345001220703125
-0.0826568603515625 -0.0207061767578125 0.018524169921875 0.3115234375
-0.057403564453125 0.0622596740722656 -0.027313232421875 0.368865966796875
-0.0456962585449219 0.0566673278808594 -0.063446044921875 0.409942626953125
-0.0582199096679688 0.0515098571777344 -0.149139404296875 0.431060791015625
-0.0931854248046875 0.0268707275390625 -0.2655029296875 0.358978271484375
-0.0826034545898438 -0.0290679931640625 -0.28179931640625 0.2060546875
-0.0313949584960938 -0.0927276611328125 -0.244461059570313 0.0313262939453125
0.0974044799804687 -0.02569580078125 -0.0643768310546875 -0.129570007324219
0.0676651000976563 0.111221313476563 0.231826782226563 -0.047882080078125
-0.0400619506835937 0.0964279174804687 0.30804443359375 0.0631103515625
-0.2135009765625 -0.176101684570313 0.3720703125 0.56195068359375
-0.161483764648438 -0.066009521484375 0.0565032958984375 0.223968505859375
-0.0918045043945313 -0.095062255859375 -0.1705322265625 0.315673828125
-0.16259765625 -0.100738525390625 -0.0679321289062501 0.46624755859375
-0.202774047851563 -0.0267486572265625 0.080322265625 0.357025146484375
-0.210494995117188 0.0974884033203125 0.05517578125 0.291778564453125
-0.139846801757812 0.204330444335938 -0.00665283203125 0.30938720703125
-0.124053955078125 0.193359375 -0.04345703125 0.338623046875
-0.128433227539063 0.198379516601563 -0.11541748046875 0.372802734375
-0.178985595703125 0.159454345703125 -0.209136962890625 0.33697509765625
-0.2047119140625 0.0576324462890625 -0.225418090820313 0.212554931640625
-0.192092895507813 -0.0410614013671875 -0.220703125 0.0677337646484375
-0.07757568359375 -0.0929336547851562 -0.066375732421875 -0.107719421386719
-0.0837936401367187 -0.0499038696289063 0.19873046875 -0.068603515625
-0.176544189453125 -0.0741119384765625 0.26983642578125 0.03192138671875
-0.33905029296875 -0.375518798828125 0.248046875 0.500579833984375
-0.355987548828125 -0.26971435546875 -0.0386962890625 0.19195556640625
-0.311676025390625 -0.20196533203125 -0.18572998046875 0.34210205078125
-0.364013671875 -0.105377197265625 -0.03448486328125 0.48529052734375
-0.352508544921875 0.02154541015625 0.14593505859375 0.33343505859375
-0.316497802734375 0.197235107421875 0.12646484375 0.225433349609375
-0.204559326171875 0.310211181640625 0.0342559814453125 0.19134521484375
-0.1854248046875 0.2998046875 -0.0154876708984375 0.216506958007813
-0.177947998046875 0.320770263671875 -0.0849456787109375 0.2706298828125
-0.2353515625 0.281890869140625 -0.159011840820313 0.278472900390625
-0.296142578125 0.156341552734375 -0.186080932617188 0.185302734375
-0.327545166015625 0.041534423828125 -0.203567504882813 0.0677032470703125
-0.255584716796875 -0.1092529296875 -0.0646438598632813 -0.115928649902344
-0.253814697265625 -0.1680908203125 0.14788818359375 -0.11065673828125
-0.311981201171875 -0.22552490234375 0.19683837890625 -0.042449951171875
-0.3975830078125 -0.525421142578125 0.089996337890625 0.39666748046875
-0.479278564453125 -0.43988037109375 -0.149703979492188 0.15863037109375
-0.475067138671875 -0.28692626953125 -0.167327880859375 0.3670654296875
-0.51336669921875 -0.0952758789062499 0.0490417480468749 0.468475341796875
-0.448394775390625 0.0706481933593749 0.2425537109375 0.268875122070313
-0.37152099609375 0.265411376953125 0.215744018554687 0.113113403320313
-0.234619140625 0.36651611328125 0.0889892578125 0.0352630615234375
-0.220855712890625 0.359039306640625 0.0131568908691406 0.0613288879394531
-0.204803466796875 0.397003173828125 -0.0625 0.133766174316406
-0.26324462890625 0.371307373046875 -0.12213134765625 0.178176879882813
-0.352020263671875 0.244293212890625 -0.164047241210938 0.115859985351562
-0.424560546875 0.135040283203125 -0.192596435546875 0.02880859375
-0.41619873046875 -0.0898742675781249 -0.0615234375 -0.14752197265625
-0.416046142578125 -0.244232177734375 0.07598876953125 -0.156326293945313
-0.425201416015625 -0.345245361328125 0.085723876953125 -0.146255493164063
-0.387939453125 -0.59222412109375 -0.0706024169921876 0.266220092773437
-0.52069091796875 -0.518096923828125 -0.249542236328125 0.12457275390625
-0.541778564453125 -0.308868408203125 -0.118255615234375 0.370086669921875
-0.558807373046875 -0.057647705078125 0.15606689453125 0.403167724609375
-0.452880859375 0.116058349609375 0.338104248046875 0.16357421875
-0.354461669921875 0.2908935546875 0.299560546875 -0.031646728515625
-0.220550537109375 0.365478515625 0.141006469726563 -0.13525390625
-0.222076416015625 0.36370849609375 0.0390625 -0.102516174316406
-0.207672119140625 0.412109375 -0.0456581115722656 -0.021148681640625
-0.261993408203125 0.404327392578125 -0.0938873291015625 0.0457382202148438
-0.365814208984375 0.29443359375 -0.149215698242188 0.011260986328125
-0.471343994140625 0.20391845703125 -0.177444458007813 -0.0464935302734375
-0.5245361328125 -0.0662231445312501 -0.0518035888671875 -0.1895751953125
-0.529754638671875 -0.2911376953125 -0.012908935546875 -0.194534301757813
-0.48297119140625 -0.4285888671875 -0.0567626953125 -0.270477294921875
-0.3231201171875 -0.56610107421875 -0.2052001953125 0.142135620117187
-0.48382568359375 -0.49261474609375 -0.313446044921875 0.09832763671875
-0.5029296875 -0.254150390625 -0.0554809570312501 0.3399658203125
-0.4833984375 9.15527343750307E-05 0.247314453125 0.296356201171875
-0.36236572265625 0.140380859375 0.395843505859375 0.035400390625
-0.266937255859375 0.263046264648437 0.3511962890625 -0.17822265625
-0.170654296875 0.302520751953125 0.176422119140625 -0.2891845703125
-0.187408447265625 0.31201171875 0.0568084716796875 -0.249832153320312
-0.1800537109375 0.361114501953125 -0.0305938720703125 -0.17022705078125
-0.22607421875 0.363677978515625 -0.070068359375 -0.0981216430664062
-0.33294677734375 0.284088134765625 -0.134559631347656 -0.114280700683594
-0.4532470703125 0.221649169921875 -0.148406982421875 -0.146270751953125
-0.553131103515625 -0.058868408203125 -0.0273895263671875 -0.239013671875
-0.5538330078125 -0.317901611328125 -0.0976104736328125 -0.226348876953125
-0.45867919921875 -0.464202880859375 -0.201416015625 -0.399688720703125
-0.222442626953125 -0.4615478515625 -0.29571533203125 0.04547119140625
-0.394622802734375 -0.379791259765625 -0.328094482421875 0.0818481445312499
-0.38330078125 -0.146759033203125 0.00518798828124997 0.27984619140625
-0.32421875 0.056182861328125 0.297393798828125 0.16748046875
-0.212600708007812 0.13494873046875 0.39874267578125 -0.08074951171875
-0.140716552734375 0.186416625976563 0.356292724609375 -0.29840087890625
-0.0955352783203125 0.193801879882813 0.182586669921875 -0.403533935546875
-0.125930786132813 0.212432861328125 0.062042236328125 -0.36090087890625
-0.124847412109375 0.252700805664062 -0.017120361328125 -0.288543701171875
-0.155364990234375 0.263504028320313 -0.044403076171875 -0.22381591796875
-0.247390747070313 0.22601318359375 -0.109634399414063 -0.233200073242187
-0.371185302734375 0.191925048828125 -0.0980682373046875 -0.25213623046875
-0.48944091796875 -0.0668029785156249 0.021148681640625 -0.28326416015625
-0.4786376953125 -0.319000244140625 -0.157562255859375 -0.253143310546875
-0.3492431640625 -0.443023681640625 -0.318450927734375 -0.522308349609375
-0.0997314453125 -0.295684814453125 -0.339080810546875 -0.00711059570312496
-0.261260986328125 -0.220596313476562 -0.302764892578125 0.0789794921875
-0.223342895507813 -0.03350830078125 0.053558349609375 0.208969116210938
-0.135330200195313 0.0883941650390625 0.304107666015625 0.051422119140625
-0.0508270263671875 0.100761413574219 0.359039306640625 -0.1634521484375
-0.00888061523437501 0.0784530639648438 0.322601318359375 -0.37359619140625
-0.0150489807128906 0.0538978576660156 0.166290283203125 -0.46502685546875
-0.0465164184570313 0.0781326293945312 0.0570068359375 -0.4161376953125
-0.044677734375 0.103523254394531 -0.00582885742187504 -0.355987548828125
-0.0471878051757813 0.130363464355469 -0.023223876953125 -0.30816650390625
-0.11212158203125 0.14593505859375 -0.08404541015625 -0.32183837890625
-0.22821044921875 0.14385986328125 -0.035369873046875 -0.34259033203125
-0.34466552734375 -0.059967041015625 0.0881042480468749 -0.31500244140625
-0.309173583984375 -0.26715087890625 -0.175140380859375 -0.273880004882813
-0.177001953125 -0.347900390625 -0.37945556640625 -0.6240234375
-0.0384902954101563 0.0342674255371094 0.4619140625 0.5751953125
0.0806655883789063 0.115699768066406 0.138824462890625 0.252059936523438
0.144119262695313 -0.0190277099609375 -0.11370849609375 0.303924560546875
0.0429000854492187 -0.107261657714844 -0.04095458984375 0.433929443359375
-0.0440139770507813 -0.0803604125976562 0.05743408203125 0.348724365234375
-0.08648681640625 -0.0214767456054688 0.020599365234375 0.31951904296875
-0.0557708740234375 0.0657119750976563 -0.020477294921875 0.383270263671875
-0.0431747436523438 0.0602226257324219 -0.0562744140625 0.422576904296875
-0.0573196411132813 0.056304931640625 -0.1412353515625 0.44390869140625
-0.0949478149414063 0.0313034057617187 -0.260162353515625 0.3740234375
-0.0851211547851563 -0.0269622802734375 -0.281585693359375 0.2198486328125
-0.0329360961914063 -0.0923995971679687 -0.244766235351563 0.040313720703125
0.1021728515625 -0.0276565551757813 -0.0640640258789063 -0.127304077148437
0.0756988525390625 0.112403869628906 0.24090576171875 -0.04876708984375
-0.0393905639648438 0.101753234863281 0.318695068359375 0.0643310546875
-0.225372314453125 -0.176727294921875 0.39202880859375 0.57196044921875
-0.166534423828125 -0.06683349609375 0.0677642822265625 0.230422973632813
-0.0965652465820312 -0.101028442382813 -0.165557861328125 0.325714111328125
-0.169967651367188 -0.0998382568359375 -0.06103515625 0.477508544921875
-0.211944580078125 -0.0248870849609375 0.087860107421875 0.361114501953125
-0.217819213867187 0.102691650390625 0.05950927734375 0.297027587890625
-0.13922119140625 0.212982177734375 -0.00280761718749998 0.320343017578125
-0.12042236328125 0.20416259765625 -0.038787841796875 0.3499755859375
-0.12701416015625 0.209976196289063 -0.1083984375 0.384979248046875
-0.179595947265625 0.170272827148438 -0.201751708984375 0.351287841796875
-0.209075927734375 0.0652008056640625 -0.223678588867187 0.225967407226562
-0.198501586914062 -0.036865234375 -0.220001220703125 0.0770416259765625
-0.0797119140625 -0.0951004028320313 -0.0659332275390625 -0.107269287109375
-0.0838699340820313 -0.0506362915039062 0.206222534179688 -0.0703277587890625
-0.1832275390625 -0.072540283203125 0.277069091796875 0.0337066650390625
-0.357330322265625 -0.380523681640625 0.262847900390625 0.514404296875
-0.371551513671875 -0.273223876953125 -0.0322418212890625 0.199539184570312
-0.325927734375 -0.210357666015625 -0.18096923828125 0.352294921875
-0.378021240234375 -0.102203369140625 -0.027435302734375 0.496826171875
-0.363739013671875 0.02679443359375 0.1566162109375 0.33673095703125
-0.326416015625 0.2081298828125 0.132965087890625 0.226242065429688
-0.20574951171875 0.324310302734375 0.0378875732421875 0.198089599609375
-0.183502197265625 0.316253662109375 -0.013092041015625 0.223037719726563
-0.173828125 0.33612060546875 -0.08087158203125 0.280197143554688
-0.234466552734375 0.297607421875 -0.152069091796875 0.28802490234375
-0.30181884765625 0.169189453125 -0.182586669921875 0.195114135742188
-0.33734130859375 0.052337646484375 -0.201614379882813 0.0777130126953125
-0.264877319335938 -0.111526489257812 -0.0638961791992188 -0.117362976074219
-0.262771606445313 -0.172500610351563 0.151901245117187 -0.110885620117188
-0.326751708984375 -0.2264404296875 0.19976806640625 -0.0408477783203125
-0.4189453125 -0.533050537109375 0.098236083984375 0.408477783203125
-0.501983642578125 -0.444488525390625 -0.1484375 0.16607666015625
-0.4967041015625 -0.295440673828125 -0.1629638671875 0.377197265625
-0.532867431640625 -0.0906982421875 0.0553588867187499 0.480255126953125
-0.462005615234375 0.0798645019531249 0.254684448242187 0.269073486328125
-0.3826904296875 0.27880859375 0.22479248046875 0.107742309570313
-0.236175537109375 0.382659912109375 0.0901260375976562 0.0353622436523438
-0.218841552734375 0.379425048828125 0.0118827819824219 0.0632553100585938
-0.199554443359375 0.415924072265625 -0.0626220703125 0.138969421386719
-0.2615966796875 0.389923095703125 -0.117294311523438 0.1839599609375
-0.359771728515625 0.26025390625 -0.160400390625 0.123794555664062
-0.437347412109375 0.150360107421875 -0.191207885742188 0.0367279052734375
-0.431732177734375 -0.0900268554687499 -0.0629119873046875 -0.150711059570313
-0.433837890625 -0.248504638671875 0.0759735107421875 -0.157424926757813
-0.4454345703125 -0.347503662109375 0.0824432373046875 -0.14508056640625
-0.40960693359375 -0.6029052734375 -0.0692901611328126 0.276077270507812
-0.545379638671875 -0.52349853515625 -0.252609252929688 0.1324462890625
-0.5660400390625 -0.3157958984375 -0.11419677734375 0.37933349609375
-0.57769775390625 -0.0501098632812501 0.163909912109375 0.411041259765625
-0.46624755859375 0.127716064453125 0.34979248046875 0.15869140625
-0.363494873046875 0.3040771484375 0.30804443359375 -0.042266845703125
-0.223876953125 0.379730224609375 0.139686584472656 -0.140533447265625
-0.219879150390625 0.383148193359375 0.0340423583984375 -0.105911254882812
-0.20294189453125 0.431793212890625 -0.0476760864257813 -0.0199737548828125
-0.2593994140625 0.421966552734375 -0.091949462890625 0.046630859375
-0.37347412109375 0.31256103515625 -0.148544311523438 0.015869140625
-0.484283447265625 0.220611572265625 -0.177169799804688 -0.0406036376953125
-0.54296875 -0.0648498535156251 -0.0564117431640625 -0.1939697265625
-0.55230712890625 -0.29498291015625 -0.01776123046875 -0.194992065429688
-0.505859375 -0.432708740234375 -0.0668487548828125 -0.269195556640625
-0.34197998046875 -0.5762939453125 -0.208358764648438 0.148849487304688
-0.507080078125 -0.496978759765625 -0.319366455078125 0.106536865234375
-0.524688720703125 -0.2586669921875 -0.0531921386718751 0.347686767578125
-0.49871826171875 0.00720214843749993 0.25445556640625 0.29888916015625
-0.370758056640625 0.1492919921875 0.40521240234375 0.02716064453125
-0.273025512695312 0.273681640625 0.357025146484375 -0.1944580078125
-0.17388916015625 0.314117431640625 0.17266845703125 -0.300048828125
-0.186553955078125 0.32659912109375 0.0500335693359375 -0.257400512695313
-0.177764892578125 0.37786865234375 -0.03619384765625 -0.17236328125
-0.22625732421875 0.379425048828125 -0.0703506469726563 -0.100898742675781
-0.33929443359375 0.301361083984375 -0.135856628417969 -0.113853454589844
-0.465667724609375 0.23797607421875 -0.150466918945313 -0.144134521484375
-0.57147216796875 -0.056884765625 -0.0329742431640625 -0.245071411132812
-0.5782470703125 -0.3214111328125 -0.10772705078125 -0.226531982421875
-0.482391357421875 -0.469512939453125 -0.217559814453125 -0.40093994140625
-0.23809814453125 -0.47039794921875 -0.30133056640625 0.0491943359375
-0.412994384765625 -0.38262939453125 -0.335052490234375 0.0898742675781249
-0.40057373046875 -0.148681640625 0.00833129882812495 0.28436279296875
-0.33380126953125 0.062469482421875 0.30224609375 0.166412353515625
-0.217117309570312 0.142868041992188 0.403778076171875 -0.09173583984375
-0.143997192382813 0.192459106445313 0.357025146484375 -0.318450927734375
-0.0989837646484374 0.20037841796875 0.176544189453125 -0.420257568359375
-0.126693725585938 0.222335815429687 0.054901123046875 -0.36920166015625
-0.12335205078125 0.263229370117188 -0.022735595703125 -0.294891357421875
-0.15570068359375 0.2744140625 -0.0466461181640625 -0.229965209960937
-0.251617431640625 0.237350463867187 -0.113128662109375 -0.235198974609375
-0.380767822265625 0.204681396484375 -0.102920532226563 -0.252334594726563
-0.506195068359375 -0.065155029296875 0.01373291015625 -0.291595458984375
-0.499847412109375 -0.322723388671875 -0.171401977539063 -0.253341674804688
-0.369659423828125 -0.448577880859375 -0.33880615234375 -0.52667236328125
-0.1087646484375 -0.3028564453125 -0.3460693359375 -0.00555419921875006
-0.274398803710938 -0.218978881835937 -0.30841064453125 0.08349609375
-0.230789184570312 -0.0321044921875 0.05511474609375 0.211349487304688
-0.138374328613281 0.0928726196289062 0.3055419921875 0.047393798828125
-0.0500946044921875 0.104316711425781 0.36016845703125 -0.17547607421875
-0.0104751586914063 0.079864501953125 0.319091796875 -0.39312744140625
-0.0186004638671875 0.0554084777832031 0.160003662109375 -0.480865478515625
-0.0478057861328125 0.0818252563476562 0.05023193359375 -0.42596435546875
-0.0453948974609375 0.108619689941406 -0.01202392578125 -0.363739013671875
-0.0472869873046875 0.134071350097656 -0.0269775390625 -0.315338134765625
-0.1138916015625 0.15191650390625 -0.08905029296875 -0.32757568359375
-0.23272705078125 0.152801513671875 -0.041900634765625 -0.3477783203125
-0.356353759765625 -0.059814453125 0.081787109375 -0.3253173828125
-0.325286865234375 -0.269317626953125 -0.189971923828125 -0.274871826171875
-0.190185546875 -0.352935791015625 -0.40496826171875 -0.63214111328125
-0.0411643981933594 0.0398025512695313 0.50543212890625 0.57647705078125
0.090301513671875 0.115684509277344 0.162750244140625 0.252426147460938
0.147262573242188 -0.0275115966796875 -0.098907470703125 0.316009521484375
0.0415496826171875 -0.113548278808594 -0.020721435546875 0.446258544921875
-0.04876708984375 -0.0826034545898438 0.07330322265625 0.355499267578125
-0.0934524536132812 -0.0185928344726563 0.032440185546875 0.330169677734375
-0.0517349243164063 0.0695343017578125 -0.00201416015625002 0.399505615234375
-0.0378799438476562 0.0638999938964844 -0.0355224609375 0.43951416015625
-0.0547256469726562 0.0620079040527344 -0.120849609375 0.4652099609375
-0.095947265625 0.0387420654296875 -0.245849609375 0.3997802734375
-0.0873641967773438 -0.0236282348632813 -0.276565551757812 0.24493408203125
-0.0383529663085938 -0.0941390991210937 -0.246017456054688 0.0572509765625
0.106483459472656 -0.0352401733398438 -0.0673294067382812 -0.125083923339844
0.0885009765625 0.108894348144531 0.250885009765625 -0.058746337890625
-0.0365142822265625 0.107833862304687 0.33154296875 0.053375244140625
-0.2430419921875 -0.171279907226563 0.43133544921875 0.57781982421875
-0.17559814453125 -0.060150146484375 0.0862274169921875 0.235443115234375
-0.106887817382813 -0.104537963867188 -0.149169921875 0.341522216796875
-0.179519653320312 -0.095947265625 -0.040008544921875 0.493560791015625
-0.221023559570313 -0.0158843994140625 0.10455322265625 0.366058349609375
-0.223953247070313 0.116546630859375 0.07440185546875 0.302886962890625
-0.13385009765625 0.229293823242187 0.013916015625 0.334381103515625
-0.111587524414063 0.219329833984375 -0.021728515625 0.362640380859375
-0.116256713867188 0.223968505859375 -0.091400146484375 0.402557373046875
-0.176010131835938 0.186325073242188 -0.187347412109375 0.37091064453125
-0.211883544921875 0.0788116455078125 -0.21563720703125 0.246414184570312
-0.2073974609375 -0.0257415771484375 -0.21746826171875 0.0946807861328125
-0.0867767333984375 -0.0976333618164062 -0.0693588256835937 -0.106758117675781
-0.087432861328125 -0.0528717041015625 0.2125244140625 -0.0782318115234375
-0.194549560546875 -0.06512451171875 0.28826904296875 0.0267333984375
-0.389068603515625 -0.37445068359375 0.295135498046875 0.524383544921875
-0.399078369140625 -0.26611328125 -0.0186767578125 0.208816528320312
-0.350555419921875 -0.20660400390625 -0.165283203125 0.368499755859375
-0.39892578125 -0.0874938964843751 -0.00411987304687504 0.51336669921875
-0.378631591796875 0.045654296875 0.176727294921875 0.33642578125
-0.333648681640625 0.229583740234375 0.147842407226563 0.223770141601563
-0.1982421875 0.347442626953125 0.0487518310546875 0.204818725585938
-0.17108154296875 0.339996337890625 -0.00555419921874999 0.231857299804688
-0.160736083984375 0.358551025390625 -0.06988525390625 0.291229248046875
-0.2257080078125 0.321380615234375 -0.139251708984375 0.30328369140625
-0.3046875 0.192169189453125 -0.174468994140625 0.2117919921875
-0.34930419921875 0.07342529296875 -0.1986083984375 0.092193603515625
-0.280471801757813 -0.106903076171875 -0.0684661865234375 -0.117385864257812
-0.281051635742188 -0.170211791992187 0.154876708984375 -0.118698120117188
-0.3497314453125 -0.219940185546875 0.203399658203125 -0.0455474853515625
-0.457794189453125 -0.53253173828125 0.12078857421875 0.423095703125
-0.54217529296875 -0.435302734375 -0.142684936523438 0.179473876953125
-0.532562255859375 -0.29132080078125 -0.146514892578125 0.393798828125
-0.559356689453125 -0.0682373046875001 0.0803527832031249 0.493011474609375
-0.478302001953125 0.104827880859375 0.275604248046875 0.262847900390625
-0.38800048828125 0.307037353515625 0.238113403320312 0.09564208984375
-0.227935791015625 0.410247802734375 0.0940017700195312 0.0337905883789063
-0.206756591796875 0.405670166015625 0.0122909545898437 0.0661201477050782
-0.18353271484375 0.44244384765625 -0.056793212890625 0.146957397460938
-0.24951171875 0.419158935546875 -0.108795166015625 0.192657470703125
-0.36016845703125 0.29241943359375 -0.15478515625 0.1357421875
-0.446746826171875 0.1798095703125 -0.189163208007813 0.0507965087890625
-0.451385498046875 -0.078277587890625 -0.0701446533203126 -0.1531982421875
-0.462188720703125 -0.2406005859375 0.0719757080078125 -0.16259765625
-0.478118896484375 -0.338348388671875 0.07562255859375 -0.14764404296875
-0.4515380859375 -0.60516357421875 -0.05938720703125 0.29046630859375
-0.59033203125 -0.51702880859375 -0.253387451171875 0.14886474609375
-0.6060791015625 -0.308837890625 -0.0990600585937501 0.39398193359375
-0.60626220703125 -0.0244140624999999 0.186920166015625 0.418212890625
-0.479766845703125 0.154876708984375 0.368896484375 0.14434814453125
-0.36492919921875 0.332733154296875 0.3157958984375 -0.063385009765625
-0.21490478515625 0.406829833984375 0.135848999023438 -0.152572631835937
-0.208465576171875 0.412261962890625 0.0258255004882812 -0.110443115234375
-0.187255859375 0.459381103515625 -0.0515899658203125 -0.0170211791992187
-0.246856689453125 0.453277587890625 -0.08843994140625 0.0495223999023438
-0.37481689453125 0.347076416015625 -0.148757934570313 0.0232696533203125
-0.4925537109375 0.256317138671875 -0.179489135742188 -0.0293731689453125
-0.56964111328125 -0.0458984375000001 -0.067108154296875 -0.199066162109375
-0.58984375 -0.28240966796875 -0.029083251953125 -0.196456909179688
-0.54742431640625 -0.4256591796875 -0.084808349609375 -0.268783569335938
-0.380615234375 -0.58172607421875 -0.20782470703125 0.163803100585937
-0.549346923828125 -0.4892578125 -0.323516845703125 0.1246337890625
-0.5589599609375 -0.24932861328125 -0.03741455078125 0.35797119140625
-0.51904296875 0.0309448242187501 0.27294921875 0.297210693359375
-0.37908935546875 0.175567626953125 0.417266845703125 0.00796508789062501
-0.273712158203125 0.295562744140625 0.357940673828125 -0.22314453125
-0.166473388671875 0.33477783203125 0.160064697265625 -0.318817138671875
-0.17852783203125 0.3509521484375 0.036163330078125 -0.26776123046875
-0.16534423828125 0.400848388671875 -0.0463409423828125 -0.175460815429687
-0.216156005859375 0.40625 -0.0756149291992188 -0.102188110351563
-0.33984375 0.331787109375 -0.142654418945313 -0.1104736328125
-0.47442626953125 0.271331787109375 -0.159698486328125 -0.138916015625
-0.59600830078125 -0.0371704101562501 -0.04827880859375 -0.252227783203125
-0.61883544921875 -0.30914306640625 -0.125747680664063 -0.2237548828125
-0.5242919921875 -0.46405029296875 -0.2467041015625 -0.399200439453125
-0.268463134765625 -0.475982666015625 -0.30731201171875 0.0631713867187499
-0.44537353515625 -0.373687744140625 -0.34051513671875 0.10565185546875
-0.425811767578125 -0.13775634765625 0.0208740234375 0.2896728515625
-0.343719482421875 0.0803222656249999 0.31427001953125 0.1573486328125
-0.218536376953125 0.159286499023438 0.4100341796875 -0.114044189453125
-0.142623901367188 0.206436157226562 0.35003662109375 -0.35076904296875
-0.09600830078125 0.2122802734375 0.15936279296875 -0.44207763671875
-0.120651245117188 0.239486694335938 0.037078857421875 -0.38409423828125
-0.115707397460937 0.279556274414063 -0.037384033203125 -0.30218505859375
-0.148468017578125 0.292694091796875 -0.0569610595703125 -0.235336303710938
-0.252456665039063 0.260025024414062 -0.125137329101563 -0.23760986328125
-0.38641357421875 0.233123779296875 -0.11627197265625 -0.252304077148437
-0.528778076171875 -0.047119140625 -0.00228881835937506 -0.30218505859375
-0.534149169921875 -0.314117431640625 -0.19384765625 -0.249588012695313
-0.40777587890625 -0.446014404296875 -0.3780517578125 -0.52398681640625
-0.12750244140625 -0.308197021484375 -0.35626220703125 0.00585937499999998
-0.293548583984375 -0.212158203125 -0.315216064453125 0.098541259765625
-0.244094848632813 -0.0241394042968749 0.0647430419921875 0.21331787109375
-0.139633178710938 0.100868225097656 0.31036376953125 0.033477783203125
-0.0469970703125 0.110069274902344 0.35845947265625 -0.199310302734375
-0.00902557373046875 0.081298828125 0.305419921875 -0.42608642578125
-0.0196762084960937 0.0579376220703125 0.13677978515625 -0.5047607421875
-0.047637939453125 0.0890426635742187 0.03033447265625 -0.441375732421875
-0.0429458618164062 0.114646911621094 -0.029541015625 -0.37432861328125
-0.042999267578125 0.140670776367187 -0.040985107421875 -0.32415771484375
-0.112411499023437 0.162750244140625 -0.104278564453125 -0.3330078125
-0.236419677734375 0.169342041015625 -0.05950927734375 -0.3526611328125
-0.3720703125 -0.048187255859375 0.065185546875 -0.339813232421875
-0.34967041015625 -0.266204833984375 -0.2144775390625 -0.271194458007813
-0.21514892578125 -0.356231689453125 -0.45037841796875 -0.63323974609375
-0.0414085388183594 0.04693603515625 0.555633544921875 0.54730224609375
0.0971832275390625 0.110191345214844 0.189193725585938 0.240859985351563
0.149261474609375 -0.0401611328125 -0.0743408203125 0.32293701171875
0.0328292846679688 -0.1197509765625 0.00973510742187495 0.448089599609375
-0.0564041137695313 -0.0825958251953125 0.097412109375 0.353759765625
-0.100830078125 -0.01116943359375 0.053802490234375 0.33349609375
-0.0467681884765625 0.0737838745117188 0.028717041015625 0.40789794921875
-0.0314521789550781 0.0667991638183594 -0.00454711914062505 0.44586181640625
-0.0490570068359375 0.0682296752929687 -0.0875549316406251 0.47845458984375
-0.09033203125 0.0468215942382813 -0.215972900390625 0.417572021484375
-0.0908966064453125 -0.0176239013671875 -0.256256103515625 0.268768310546875
-0.0444107055664063 -0.0907363891601563 -0.23858642578125 0.0788116455078125
0.104774475097656 -0.0462570190429688 -0.0743637084960938 -0.121894836425781
0.101799011230469 0.102859497070313 0.25146484375 -0.0735626220703125
-0.0324325561523438 0.114143371582031 0.340667724609375 0.036712646484375
-0.264328002929688 -0.152694702148437 0.478118896484375 0.558990478515625
-0.181686401367188 -0.048980712890625 0.110977172851562 0.23028564453125
-0.117340087890625 -0.101829528808594 -0.12298583984375 0.3509521484375
-0.192535400390625 -0.08514404296875 -0.00582885742187506 0.50006103515625
-0.2255859375 -0.00381469726562498 0.1312255859375 0.361328125
-0.222305297851563 0.136138916015625 0.096160888671875 0.301483154296875
-0.116104125976563 0.240020751953125 0.041015625 0.339630126953125
-0.0936431884765625 0.231109619140625 0.00372314453124999 0.3680419921875
-0.0997161865234375 0.238006591796875 -0.064056396484375 0.412017822265625
-0.162673950195313 0.205093383789062 -0.158203125 0.385833740234375
-0.2100830078125 0.0975494384765625 -0.195068359375 0.26544189453125
-0.2147216796875 -0.00682067871093746 -0.204864501953125 0.113052368164063
-0.0955886840820313 -0.0956192016601563 -0.0745620727539063 -0.0986175537109375
-0.0915756225585938 -0.0511093139648438 0.213821411132813 -0.093963623046875
-0.202590942382813 -0.053741455078125 0.294525146484375 0.011322021484375
-0.4207763671875 -0.353118896484375 0.3355712890625 0.51446533203125
-0.42486572265625 -0.243499755859375 0.00164794921874999 0.213623046875
-0.374298095703125 -0.193115234375 -0.137847900390625 0.381439208984375
-0.4146728515625 -0.0643310546875 0.03076171875 0.5201416015625
-0.38763427734375 0.074371337890625 0.200775146484375 0.3251953125
-0.325592041015625 0.2568359375 0.165786743164063 0.212478637695313
-0.176055908203125 0.3673095703125 0.064971923828125 0.204757690429688
-0.146026611328125 0.356414794921875 0.0120849609375 0.236480712890625
-0.13446044921875 0.3759765625 -0.04754638671875 0.303741455078125
-0.204437255859375 0.345367431640625 -0.117767333984375 0.311981201171875
-0.294769287109375 0.220458984375 -0.154037475585938 0.227066040039063
-0.351287841796875 0.10400390625 -0.18499755859375 0.108261108398438
-0.29443359375 -0.091064453125 -0.0765228271484375 -0.113601684570312
-0.29791259765625 -0.155670166015625 0.15057373046875 -0.127456665039063
-0.372772216796875 -0.197601318359375 0.200408935546875 -0.0551605224609375
-0.50213623046875 -0.507781982421875 0.14990234375 0.423248291015625
-0.580078125 -0.404052734375 -0.126846313476563 0.190780639648437
-0.561309814453125 -0.2637939453125 -0.11590576171875 0.4031982421875
-0.57427978515625 -0.03076171875 0.111572265625 0.491729736328125
-0.484222412109375 0.13995361328125 0.297760009765625 0.24029541015625
-0.375732421875 0.3411865234375 0.245681762695312 0.0737762451171875
-0.20257568359375 0.43206787109375 0.09967041015625 0.0262451171875
-0.1776123046875 0.429718017578125 0.0147933959960937 0.0662498474121094
-0.153350830078125 0.46490478515625 -0.0471343994140625 0.1534423828125
-0.218719482421875 0.4454345703125 -0.095977783203125 0.200088500976563
-0.34442138671875 0.327178955078125 -0.143280029296875 0.148712158203125
-0.441864013671875 0.218109130859375 -0.182998657226563 0.067230224609375
-0.4654541015625 -0.051300048828125 -0.080047607421875 -0.149734497070313
-0.489013671875 -0.216094970703125 0.0639190673828125 -0.166763305664063
-0.51104736328125 -0.308868408203125 0.0658111572265625 -0.147262573242188
-0.5 -0.58282470703125 -0.035736083984375 0.301300048828125
-0.6348876953125 -0.47845458984375 -0.241851806640625 0.168060302734375
-0.6429443359375 -0.27520751953125 -0.0700073242187501 0.399444580078125
-0.617919921875 0.01702880859375 0.217315673828125 0.408935546875
-0.47906494140625 0.1912841796875 0.382720947265625 0.11773681640625
-0.35040283203125 0.364013671875 0.31317138671875 -0.093017578125
-0.192169189453125 0.428985595703125 0.125213623046875 -0.165328979492188
-0.179779052734375 0.43499755859375 0.0169601440429687 -0.111640930175781
-0.153778076171875 0.480682373046875 -0.0518379211425781 -0.0129547119140625
-0.215301513671875 0.478607177734375 -0.0848617553710938 0.0564956665039063
-0.3572998046875 0.381195068359375 -0.147796630859375 0.03350830078125
-0.48431396484375 0.297698974609375 -0.178329467773438 -0.01513671875
-0.5830078125 -0.0108642578125001 -0.0822296142578126 -0.199432373046875
-0.6195068359375 -0.2501220703125 -0.045623779296875 -0.19232177734375
-0.58642578125 -0.3912353515625 -0.105148315429688 -0.256790161132813
-0.42449951171875 -0.5655517578125 -0.196731567382813 0.1795654296875
-0.59173583984375 -0.4547119140625 -0.31634521484375 0.1478271484375
-0.58984375 -0.2174072265625 -0.0135192871093751 0.359588623046875
-0.52850341796875 0.0702819824218751 0.29205322265625 0.28076171875
-0.372406005859375 0.20526123046875 0.421417236328125 -0.024932861328125
-0.2598876953125 0.320831298828125 0.342864990234375 -0.256011962890625
-0.148529052734375 0.354705810546875 0.13690185546875 -0.3343505859375
-0.153778076171875 0.371978759765625 0.0155792236328125 -0.270797729492188
-0.136566162109375 0.420440673828125 -0.057952880859375 -0.17181396484375
-0.1900634765625 0.427947998046875 -0.0829696655273438 -0.101219177246094
-0.3238525390625 0.361602783203125 -0.148406982421875 -0.100448608398437
-0.4632568359375 0.3125 -0.16546630859375 -0.126052856445312
-0.61309814453125 0.000427246093749908 -0.0692291259765625 -0.252517700195313
-0.65130615234375 -0.2724609375 -0.144134521484375 -0.215347290039063
-0.562225341796875 -0.432708740234375 -0.278778076171875 -0.3780517578125
-0.30474853515625 -0.463714599609375 -0.304534912109375 0.08203125
-0.478271484375 -0.34356689453125 -0.339752197265625 0.12640380859375
-0.443084716796875 -0.112457275390625 0.042205810546875 0.287445068359375
-0.3458251953125 0.104949951171875 0.32275390625 0.137847900390625
-0.211669921875 0.17724609375 0.40264892578125 -0.14642333984375
-0.132888793945312 0.21893310546875 0.3258056640625 -0.38641357421875
-0.08331298828125 0.226104736328125 0.1268310546875 -0.459869384765625
-0.106414794921875 0.253280639648437 0.00872802734375002 -0.389617919921875
-0.10009765625 0.294464111328125 -0.058013916015625 -0.30279541015625
-0.130889892578125 0.30804443359375 -0.07281494140625 -0.235748291015625
-0.2391357421875 0.285186767578125 -0.141067504882813 -0.230743408203125
-0.3785400390625 0.266998291015625 -0.132980346679688 -0.244338989257812
-0.54296875 -0.015625 -0.0291137695312501 -0.304962158203125
-0.566650390625 -0.28326416015625 -0.216278076171875 -0.232711791992188
-0.444549560546875 -0.422332763671875 -0.422698974609375 -0.49713134765625
-0.150848388671875 -0.305908203125 -0.3570556640625 0.0279846191406249
-0.310546875 -0.191314697265625 -0.3115234375 0.118804931640625
-0.252395629882813 -0.00744628906250004 0.0773162841796875 0.207504272460938
-0.138603210449219 0.113594055175781 0.30902099609375 0.013671875
-0.0394439697265625 0.114875793457031 0.344268798828125 -0.2298583984375
-0.00710296630859374 0.0825653076171875 0.26904296875 -0.4560546875
-0.0166816711425781 0.0605659484863281 0.096588134765625 -0.520416259765625
-0.04339599609375 0.0982589721679688 -0.000946044921875005 -0.44940185546875
-0.0373153686523438 0.122215270996094 -0.0540771484375 -0.377593994140625
-0.034149169921875 0.1456298828125 -0.061676025390625 -0.32537841796875
-0.103195190429688 0.173660278320312 -0.128448486328125 -0.328521728515625
-0.229888916015625 0.189483642578125 -0.086181640625 -0.352325439453125
-0.38153076171875 -0.027191162109375 0.038482666015625 -0.3494873046875
-0.3748779296875 -0.245849609375 -0.239898681640625 -0.254989624023437
-0.242523193359375 -0.34393310546875 -0.50384521484375 -0.601806640625
-0.0402870178222656 0.0551567077636719 0.5809326171875 0.50341796875
0.105377197265625 0.105056762695313 0.207046508789062 0.222946166992188
0.143463134765625 -0.04815673828125 -0.046844482421875 0.317138671875
0.0264434814453125 -0.11932373046875 0.03875732421875 0.437469482421875
-0.0615463256835937 -0.0793914794921875 0.117156982421875 0.337310791015625
-0.102027893066406 -0.00342559814453125 0.074615478515625 0.323822021484375
-0.0396652221679688 0.074310302734375 0.05902099609375 0.39678955078125
-0.0226783752441406 0.0663528442382813 0.030670166015625 0.436981201171875
-0.0406646728515625 0.07257080078125 -0.052886962890625 0.472747802734375
-0.0865325927734375 0.0551834106445312 -0.17681884765625 0.42657470703125
-0.0904693603515625 -0.0107269287109375 -0.229415893554687 0.280441284179688
-0.0520095825195313 -0.0870285034179687 -0.224273681640625 0.094085693359375
0.1015625 -0.0531997680664062 -0.0772171020507812 -0.112060546875
0.106178283691406 0.0895538330078125 0.246536254882813 -0.087554931640625
-0.021026611328125 0.116020202636719 0.336578369140625 0.01580810546875
-0.269439697265625 -0.129531860351563 0.510223388671875 0.518585205078125
-0.184005737304688 -0.0341339111328125 0.12908935546875 0.217086791992188
-0.124336242675781 -0.0960617065429687 -0.094085693359375 0.34796142578125
-0.195892333984375 -0.07159423828125 0.030242919921875 0.48870849609375
-0.225906372070313 0.0142822265625 0.154541015625 0.342620849609375
-0.21380615234375 0.15057373046875 0.110565185546875 0.2886962890625
-0.0986480712890625 0.245635986328125 0.063507080078125 0.328765869140625
-0.073089599609375 0.231704711914062 0.030181884765625 0.36138916015625
-0.076812744140625 0.242507934570313 -0.03369140625 0.40985107421875
-0.14447021484375 0.212966918945313 -0.12713623046875 0.389129638671875
-0.200469970703125 0.112091064453125 -0.167755126953125 0.273880004882813
-0.210067749023438 0.00779724121093748 -0.18798828125 0.12451171875
-0.101776123046875 -0.0930023193359375 -0.0783615112304687 -0.0964584350585938
-0.0944595336914063 -0.049530029296875 0.207183837890625 -0.1033935546875
-0.201934814453125 -0.034759521484375 0.289031982421875 -0.001190185546875
-0.441436767578125 -0.319122314453125 0.367156982421875 0.486602783203125
-0.432464599609375 -0.208099365234375 0.020050048828125 0.206253051757813
-0.386444091796875 -0.16998291015625 -0.10760498046875 0.37652587890625
-0.415283203125 -0.0375671386718751 0.06475830078125 0.50714111328125
-0.376068115234375 0.0994873046875 0.221343994140625 0.304840087890625
-0.30816650390625 0.28082275390625 0.173446655273437 0.194625854492188
-0.1495361328125 0.375152587890625 0.0783233642578125 0.196487426757813
-0.114959716796875 0.36407470703125 0.0254669189453125 0.2313232421875
-0.104461669921875 0.3819580078125 -0.025146484375 0.300445556640625
-0.173828125 0.356201171875 -0.090423583984375 0.31341552734375
-0.275009155273438 0.239959716796875 -0.133087158203125 0.233428955078125
-0.336456298828125 0.128143310546875 -0.168670654296875 0.12054443359375
-0.29974365234375 -0.075164794921875 -0.0797195434570313 -0.107887268066406
-0.30657958984375 -0.139434814453125 0.141647338867187 -0.1329345703125
-0.378509521484375 -0.166656494140625 0.19439697265625 -0.0592498779296875
-0.5284423828125 -0.46856689453125 0.179473876953125 0.408172607421875
-0.59527587890625 -0.3572998046875 -0.108261108398438 0.19677734375
-0.57861328125 -0.22845458984375 -0.0867309570312501 0.3963623046875
-0.573974609375 0.00531005859375008 0.141326904296875 0.475738525390625
-0.46795654296875 0.172760009765625 0.30902099609375 0.217071533203125
-0.352386474609375 0.361572265625 0.24530029296875 0.053070068359375
-0.17205810546875 0.4420166015625 0.0974273681640625 0.0197296142578125
-0.142242431640625 0.4378662109375 0.0174560546875 0.0661811828613282
-0.115447998046875 0.469879150390625 -0.0352325439453125 0.155014038085938
-0.182403564453125 0.4556884765625 -0.0775146484375 0.201431274414063
-0.3179931640625 0.349273681640625 -0.125518798828125 0.156082153320313
-0.422332763671875 0.24884033203125 -0.167633056640625 0.0764312744140625
-0.46746826171875 -0.02459716796875 -0.0899505615234376 -0.142822265625
-0.50018310546875 -0.185546875 0.0510406494140625 -0.162628173828125
-0.5230712890625 -0.270233154296875 0.0532608032226562 -0.139915466308594
-0.528717041015625 -0.543975830078125 -0.01348876953125 0.298980712890625
-0.65679931640625 -0.42889404296875 -0.225921630859375 0.178253173828125
-0.65673828125 -0.23590087890625 -0.0433349609375001 0.38970947265625
-0.6126708984375 0.0588989257812499 0.237091064453125 0.3883056640625
-0.462677001953125 0.222808837890625 0.382049560546875 0.0855712890625
-0.323486328125 0.384613037109375 0.298797607421875 -0.118743896484375
-0.162445068359375 0.438018798828125 0.1104736328125 -0.169052124023437
-0.145355224609375 0.4432373046875 0.00634765624999998 -0.109580993652344
-0.116119384765625 0.486846923828125 -0.0509033203125 -0.0091438293457031
-0.178680419921875 0.487335205078125 -0.0796356201171875 0.0595932006835938
-0.326019287109375 0.404266357421875 -0.13702392578125 0.0432205200195313
-0.458160400390625 0.33209228515625 -0.170761108398438 -0.00143432617187499
-0.581298828125 0.02398681640625 -0.0941314697265625 -0.189437866210937
-0.63079833984375 -0.20977783203125 -0.0564422607421875 -0.180801391601562
-0.602294921875 -0.3443603515625 -0.120361328125 -0.238494873046875
-0.4549560546875 -0.53070068359375 -0.1787109375 0.188262939453125
-0.61016845703125 -0.405517578125 -0.29998779296875 0.16241455078125
-0.602294921875 -0.1806640625 0.00970458984374994 0.34765625
-0.518157958984375 0.103973388671875 0.302734375 0.259979248046875
-0.35546875 0.22845458984375 0.40887451171875 -0.0552978515625
-0.235870361328125 0.333953857421875 0.316864013671875 -0.281341552734375
-0.12408447265625 0.359588623046875 0.111175537109375 -0.337738037109375
-0.125518798828125 0.37933349609375 -0.00456237792968752 -0.26641845703125
-0.106048583984375 0.4266357421875 -0.0700225830078125 -0.164749145507813
-0.155181884765625 0.435272216796875 -0.0861587524414063 -0.0933990478515625
-0.292633056640625 0.383880615234375 -0.149581909179688 -0.088592529296875
-0.43603515625 0.342437744140625 -0.167999267578125 -0.111618041992187
-0.607177734375 0.0354003906249999 -0.0867156982421875 -0.2451171875
-0.66522216796875 -0.2303466796875 -0.156967163085938 -0.193084716796875
-0.58477783203125 -0.38763427734375 -0.298370361328125 -0.34454345703125
-0.33001708984375 -0.439483642578125 -0.28961181640625 0.098358154296875
-0.490966796875 -0.30377197265625 -0.32275390625 0.1455078125
-0.45001220703125 -0.08477783203125 0.0557708740234375 0.275070190429688
-0.3355712890625 0.127716064453125 0.3206787109375 0.11566162109375
-0.19622802734375 0.18939208984375 0.381500244140625 -0.17242431640625
-0.118133544921875 0.224411010742188 0.28533935546875 -0.402069091796875
-0.06976318359375 0.226959228515625 0.09271240234375 -0.45855712890625
-0.0869293212890625 0.259170532226563 -0.01812744140625 -0.381805419921875
-0.076904296875 0.298187255859375 -0.0770263671875 -0.292266845703125
-0.10784912109375 0.3116455078125 -0.085052490234375 -0.226974487304687
-0.218048095703125 0.29815673828125 -0.151458740234375 -0.216262817382812
-0.354736328125 0.288970947265625 -0.145721435546875 -0.229415893554688
-0.538909912109375 0.0151062011718751 -0.0496215820312501 -0.299713134765625
-0.579833984375 -0.24505615234375 -0.229324340820313 -0.208938598632813
-0.466400146484375 -0.38653564453125 -0.4481201171875 -0.4547119140625
-0.168701171875 -0.292816162109375 -0.34844970703125 0.0447998046875
-0.319122314453125 -0.165252685546875 -0.29730224609375 0.133026123046875
-0.252853393554688 0.00631713867187498 0.0873565673828125 0.194793701171875
-0.129287719726563 0.1201171875 0.29840087890625 -0.00671386718749999
-0.0317611694335938 0.115936279296875 0.317169189453125 -0.24713134765625
-0.00259399414062499 0.0807647705078125 0.2281494140625 -0.468109130859375
-0.0159454345703125 0.0612449645996094 0.0595703125 -0.517486572265625
-0.0369338989257812 0.0988922119140625 -0.029388427734375 -0.440582275390625
-0.0296707153320313 0.122314453125 -0.07562255859375 -0.367431640625
-0.02642822265625 0.146942138671875 -0.079498291015625 -0.3150634765625
-0.0899658203125 0.17913818359375 -0.14630126953125 -0.311614990234375
-0.212509155273438 0.205322265625 -0.106201171875 -0.3370361328125
-0.379364013671875 -0.00381469726562502 0.00997924804687498 -0.344757080078125
-0.387176513671875 -0.22052001953125 -0.257232666015625 -0.228256225585938
-0.262786865234375 -0.32183837890625 -0.534423828125 -0.553680419921875
-0.0383415222167969 0.0600204467773437 0.585205078125 0.46710205078125
0.108390808105469 0.09869384765625 0.215576171875 0.203369140625
0.13763427734375 -0.0535812377929688 -0.031219482421875 0.30474853515625
0.0208969116210938 -0.116737365722656 0.055938720703125 0.420379638671875
-0.0620269775390625 -0.0750274658203125 0.127716064453125 0.320770263671875
-0.100936889648438 0.00508117675781251 0.0838623046875 0.312835693359375
-0.0349197387695313 0.0721893310546875 0.073944091796875 0.381317138671875
-0.0189132690429687 0.0620346069335938 0.047637939453125 0.42010498046875
-0.03448486328125 0.0716705322265625 -0.028900146484375 0.462005615234375
-0.080810546875 0.0583343505859375 -0.15081787109375 0.419677734375
-0.0879669189453125 -0.00604248046875001 -0.20379638671875 0.283721923828125
-0.0528564453125 -0.0797805786132813 -0.206924438476563 0.100875854492188
0.0949859619140625 -0.0604400634765625 -0.075347900390625 -0.103569030761719
0.107475280761719 0.080078125 0.23883056640625 -0.0924224853515625
-0.016326904296875 0.116958618164063 0.32501220703125 0.00546264648437501
-0.268692016601563 -0.113555908203125 0.51593017578125 0.48419189453125
-0.178390502929688 -0.025238037109375 0.141754150390625 0.202774047851563
-0.127922058105469 -0.0906829833984375 -0.075897216796875 0.335052490234375
-0.195785522460937 -0.0629119873046875 0.047760009765625 0.472686767578125
-0.220016479492188 0.0224761962890625 0.1611328125 0.323089599609375
-0.206695556640625 0.159942626953125 0.118255615234375 0.275421142578125
-0.087005615234375 0.243698120117188 0.07470703125 0.31585693359375
-0.0611419677734375 0.227142333984375 0.044921875 0.348541259765625
-0.064117431640625 0.239349365234375 -0.012664794921875 0.399749755859375
-0.12823486328125 0.215667724609375 -0.103607177734375 0.38018798828125
-0.189559936523438 0.118423461914062 -0.146621704101563 0.270965576171875
-0.204025268554687 0.0192108154296875 -0.17059326171875 0.128204345703125
-0.104423522949219 -0.0882339477539063 -0.0763931274414063 -0.0884933471679687
-0.094329833984375 -0.0481491088867187 0.198715209960938 -0.1064453125
-0.197372436523438 -0.0251007080078125 0.278717041015625 -0.00927734375
-0.440826416015625 -0.291717529296875 0.37786865234375 0.459075927734375
-0.42578125 -0.184722900390625 0.0339508056640625 0.198135375976562
-0.386505126953125 -0.155242919921875 -0.088653564453125 0.362030029296875
-0.409149169921875 -0.0171203613281249 0.0837707519531249 0.489410400390625
-0.363616943359375 0.11212158203125 0.22601318359375 0.28277587890625
-0.2919921875 0.288543701171875 0.174362182617187 0.179412841796875
-0.130096435546875 0.373443603515625 0.0827484130859375 0.185745239257813
-0.0960693359375 0.35748291015625 0.0343017578125 0.224349975585938
-0.0810546875 0.376800537109375 -0.0115966796875 0.292083740234375
-0.150177001953125 0.35418701171875 -0.07391357421875 0.306243896484375
-0.256881713867187 0.248703002929688 -0.114822387695313 0.2303466796875
-0.321807861328125 0.142333984375 -0.151260375976563 0.122467041015625
-0.297515869140625 -0.064666748046875 -0.0806961059570313 -0.102378845214844
-0.305389404296875 -0.126800537109375 0.134780883789062 -0.131782531738281
-0.373046875 -0.14666748046875 0.18536376953125 -0.0603485107421875
-0.53179931640625 -0.434783935546875 0.19366455078125 0.389617919921875
-0.59100341796875 -0.324462890625 -0.0928649902343751 0.1915283203125
-0.57952880859375 -0.20562744140625 -0.0698547363281251 0.37994384765625
-0.562225341796875 0.029052734375 0.159088134765625 0.457611083984375
-0.450225830078125 0.189727783203125 0.30877685546875 0.1927490234375
-0.328277587890625 0.369964599609375 0.237945556640625 0.035858154296875
-0.1488037109375 0.43951416015625 0.0938186645507812 0.0132217407226563
-0.117828369140625 0.431793212890625 0.017822265625 0.064117431640625
-0.089630126953125 0.463958740234375 -0.0271759033203125 0.1519775390625
-0.155548095703125 0.453277587890625 -0.0653839111328125 0.19635009765625
-0.29345703125 0.355682373046875 -0.110443115234375 0.1556396484375
-0.4005126953125 0.26507568359375 -0.152862548828125 0.0809783935546875
-0.4615478515625 -0.00769042968750005 -0.0929183959960938 -0.136726379394531
-0.496826171875 -0.16436767578125 0.0460357666015625 -0.157089233398438
-0.51708984375 -0.2418212890625 0.0470657348632812 -0.131263732910156
-0.536346435546875 -0.50921630859375 0.00180053710937498 0.290496826171875
-0.6505126953125 -0.3902587890625 -0.209686279296875 0.180282592773437
-0.65472412109375 -0.2083740234375 -0.02825927734375 0.371307373046875
-0.59832763671875 0.0819702148437499 0.24371337890625 0.369384765625
-0.43927001953125 0.23785400390625 0.37322998046875 0.06622314453125
-0.301727294921875 0.38836669921875 0.281951904296875 -0.131561279296875
-0.140350341796875 0.43487548828125 0.0982513427734375 -0.1707763671875
-0.119140625 0.438934326171875 -0.000625610351562503 -0.104446411132812
-0.092193603515625 0.480712890625 -0.05072021484375 -0.00532531738281248
-0.149749755859375 0.4820556640625 -0.07379150390625 0.0590362548828125
-0.300201416015625 0.410888671875 -0.126564025878906 0.0476455688476563
-0.432037353515625 0.345367431640625 -0.160690307617188 0.00457763671875001
-0.56982421875 0.04217529296875 -0.102310180664063 -0.181365966796875
-0.6265869140625 -0.180908203125 -0.0599822998046875 -0.168914794921875
-0.59796142578125 -0.31207275390625 -0.126602172851563 -0.218551635742188
-0.461883544921875 -0.500091552734375 -0.16180419921875 0.188003540039062
-0.6075439453125 -0.36773681640625 -0.28448486328125 0.166015625
-0.597412109375 -0.15509033203125 0.0188903808593749 0.32916259765625
-0.501678466796875 0.123443603515625 0.302032470703125 0.239593505859375
-0.336273193359375 0.23828125 0.3924560546875 -0.071533203125
-0.218017578125 0.3360595703125 0.289459228515625 -0.2906494140625
-0.10723876953125 0.3560791015625 0.091644287109375 -0.33319091796875
-0.103302001953125 0.376373291015625 -0.0183563232421875 -0.256683349609375
-0.083648681640625 0.42034912109375 -0.073516845703125 -0.157318115234375
-0.131988525390625 0.43170166015625 -0.0857925415039063 -0.0875244140625
-0.27154541015625 0.388763427734375 -0.145797729492188 -0.0800628662109375
-0.412994384765625 0.35333251953125 -0.164520263671875 -0.1005859375
-0.59442138671875 0.0549316406249999 -0.09735107421875 -0.23480224609375
-0.6597900390625 -0.20068359375 -0.159576416015625 -0.176620483398437
-0.58233642578125 -0.35418701171875 -0.30413818359375 -0.3162841796875
-0.338165283203125 -0.416778564453125 -0.274810791015625 0.102020263671875
-0.4876708984375 -0.274505615234375 -0.305999755859375 0.1495361328125
-0.44439697265625 -0.0671081542968751 0.061279296875 0.2584228515625
-0.3233642578125 0.13916015625 0.311614990234375 0.0999755859375
-0.182113647460938 0.1942138671875 0.35760498046875 -0.18304443359375
-0.107696533203125 0.223892211914063 0.254608154296875 -0.40484619140625
-0.059814453125 0.225738525390625 0.06768798828125 -0.447845458984375
-0.0725555419921875 0.257003784179688 -0.035400390625 -0.36932373046875
-0.062744140625 0.29364013671875 -0.0853424072265625 -0.280670166015625
-0.092041015625 0.309661865234375 -0.089569091796875 -0.217453002929687
-0.200164794921875 0.300750732421875 -0.154006958007813 -0.202499389648437
-0.33416748046875 0.2967529296875 -0.148345947265625 -0.214584350585937
-0.5269775390625 0.0333557128906251 -0.0660400390625 -0.2884521484375
-0.57684326171875 -0.2181396484375 -0.232528686523438 -0.187835693359375
-0.468017578125 -0.35809326171875 -0.45147705078125 -0.41778564453125
-0.175857543945313 -0.279022216796875 -0.333740234375 0.0517578124999999
-0.31561279296875 -0.145843505859375 -0.283538818359375 0.13775634765625
-0.247726440429688 0.0156402587890625 0.0887451171875 0.1826171875
-0.121841430664062 0.122856140136719 0.28387451171875 -0.0166015625
-0.0250167846679687 0.113388061523437 0.290863037109375 -0.25140380859375
-0.0019683837890625 0.07763671875 0.1956787109375 -0.464385986328125
-0.0147323608398438 0.0610504150390625 0.0350341796875 -0.502197265625
-0.0316009521484375 0.0989837646484375 -0.047027587890625 -0.425140380859375
-0.0242080688476563 0.121345520019531 -0.088714599609375 -0.353363037109375
-0.02069091796875 0.143051147460938 -0.087127685546875 -0.303192138671875
-0.0807037353515625 0.179183959960938 -0.15411376953125 -0.294189453125
-0.198455810546875 0.2081298828125 -0.11572265625 -0.318145751953125
-0.371673583984375 0.00833129882812498 -0.008636474609375 -0.334136962890625
-0.38690185546875 -0.200927734375 -0.259445190429688 -0.205154418945312
-0.267242431640625 -0.302490234375 -0.539337158203125 -0.511871337890625
-0.0376205444335938 0.0646591186523438 0.5810546875 0.44964599609375
0.109664916992188 0.0965957641601563 0.220062255859375 0.191864013671875
0.134429931640625 -0.0552597045898437 -0.02569580078125 0.293670654296875
0.0186920166015625 -0.115791320800781 0.062225341796875 0.4097900390625
-0.0630645751953125 -0.0744857788085938 0.129241943359375 0.309722900390625
-0.101325988769531 0.0108795166015625 0.086883544921875 0.306976318359375
-0.035064697265625 0.0713424682617188 0.07891845703125 0.371795654296875
-0.0177497863769531 0.0586738586425781 0.054290771484375 0.4093017578125
-0.0305938720703125 0.0716934204101563 -0.021728515625 0.453704833984375
-0.0763092041015625 0.0597000122070313 -0.139862060546875 0.41162109375
-0.0865020751953125 -0.00408935546875001 -0.19049072265625 0.280548095703125
-0.0533599853515625 -0.0779190063476563 -0.195541381835938 0.1019287109375
0.0915069580078125 -0.0636749267578125 -0.072509765625 -0.0981674194335937
0.106948852539062 0.074249267578125 0.236724853515625 -0.09283447265625
-0.011993408203125 0.117698669433594 0.31707763671875 0.00399780273437501
-0.26776123046875 -0.106491088867187 0.515869140625 0.470428466796875
-0.174026489257813 -0.0221710205078125 0.14691162109375 0.194442749023438
-0.129989624023437 -0.090545654296875 -0.069183349609375 0.323333740234375
-0.195205688476563 -0.058624267578125 0.0557861328125 0.461212158203125
-0.21795654296875 0.0252838134765625 0.163299560546875 0.310791015625
-0.202194213867188 0.164703369140625 0.1192626953125 0.26568603515625
-0.08343505859375 0.243179321289063 0.078094482421875 0.306396484375
-0.05419921875 0.222808837890625 0.04925537109375 0.34222412109375
-0.056243896484375 0.237655639648438 -0.00500488281249998 0.39288330078125
-0.11981201171875 0.215652465820313 -0.094757080078125 0.373687744140625
-0.183517456054688 0.121810913085937 -0.134613037109375 0.266647338867187
-0.200149536132813 0.0237884521484375 -0.159393310546875 0.1268310546875
-0.106895446777344 -0.088134765625 -0.0745849609375 -0.0850830078125
-0.0952224731445312 -0.0480117797851563 0.196212768554688 -0.106216430664063
-0.192245483398438 -0.0209503173828125 0.272552490234375 -0.00811767578125
-0.439117431640625 -0.28070068359375 0.37969970703125 0.44744873046875
-0.419708251953125 -0.176055908203125 0.0402984619140625 0.191390991210938
-0.38934326171875 -0.1519775390625 -0.08245849609375 0.3489990234375
-0.406890869140625 -0.0114746093750001 0.0903320312499999 0.477783203125
-0.358001708984375 0.11627197265625 0.22772216796875 0.268295288085938
-0.284393310546875 0.29266357421875 0.171646118164062 0.169204711914063
-0.12249755859375 0.37115478515625 0.08251953125 0.179229736328125
-0.08502197265625 0.353515625 0.03643798828125 0.2203369140625
-0.07086181640625 0.372772216796875 -0.00494384765624999 0.286834716796875
-0.139495849609375 0.353515625 -0.06561279296875 0.2996826171875
-0.248184204101562 0.2508544921875 -0.104248046875 0.22650146484375
-0.31341552734375 0.14898681640625 -0.1412353515625 0.12103271484375
-0.297882080078125 -0.0624999999999999 -0.0815277099609375 -0.0997085571289062
-0.306121826171875 -0.12347412109375 0.132415771484375 -0.129989624023438
-0.36627197265625 -0.138702392578125 0.180435180664063 -0.0547027587890625
-0.530364990234375 -0.42205810546875 0.198211669921875 0.381683349609375
-0.58502197265625 -0.3099365234375 -0.0855560302734376 0.186843872070312
-0.5830078125 -0.19866943359375 -0.066162109375 0.367340087890625
-0.556182861328125 0.0397338867187501 0.16302490234375 0.44659423828125
-0.441253662109375 0.19464111328125 0.306243896484375 0.18084716796875
-0.3201904296875 0.373138427734375 0.230804443359375 0.02703857421875
-0.139129638671875 0.4375 0.0891647338867187 0.0102462768554688
-0.10565185546875 0.427734375 0.0174407958984375 0.0643501281738282
-0.07928466796875 0.4578857421875 -0.0225372314453125 0.150390625
-0.1409912109375 0.4503173828125 -0.0606689453125 0.192962646484375
-0.282440185546875 0.358428955078125 -0.102554321289063 0.152923583984375
-0.389007568359375 0.27056884765625 -0.142684936523438 0.0806884765625
-0.46063232421875 -0.00369262695312504 -0.0943756103515625 -0.132942199707031
-0.496673583984375 -0.156951904296875 0.0443267822265625 -0.151458740234375
-0.510162353515625 -0.2303466796875 0.0449676513671875 -0.123001098632813
-0.534912109375 -0.495849609375 0.00817871093749996 0.28436279296875
-0.642578125 -0.3746337890625 -0.200668334960938 0.176498413085937
-0.6561279296875 -0.20068359375 -0.0272521972656251 0.357208251953125
-0.5908203125 0.0921630859375001 0.244384765625 0.3594970703125
-0.429168701171875 0.242950439453125 0.3662109375 0.05487060546875
-0.292388916015625 0.391815185546875 0.271148681640625 -0.139328002929687
-0.131622314453125 0.431182861328125 0.0903167724609375 -0.170089721679687
-0.1092529296875 0.433868408203125 -0.00333404541015627 -0.100975036621094
-0.080078125 0.475433349609375 -0.048919677734375 -0.00442886352539059
-0.135528564453125 0.480133056640625 -0.0701141357421875 0.0587043762207032
-0.287139892578125 0.412811279296875 -0.119094848632813 0.04791259765625
-0.420806884765625 0.350830078125 -0.153213500976563 0.00695800781250002
-0.5673828125 0.0469970703125 -0.107101440429688 -0.176406860351562
-0.62506103515625 -0.17303466796875 -0.0604400634765625 -0.161056518554688
-0.59002685546875 -0.29925537109375 -0.12603759765625 -0.205657958984375
-0.46240234375 -0.48895263671875 -0.15313720703125 0.184097290039062
-0.60125732421875 -0.35321044921875 -0.2752685546875 0.163589477539062
-0.59716796875 -0.14501953125 0.0185546874999999 0.31671142578125
-0.495758056640625 0.132049560546875 0.297882080078125 0.2327880859375
-0.326263427734375 0.242828369140625 0.381988525390625 -0.077880859375
-0.210296630859375 0.335906982421875 0.275115966796875 -0.29248046875
-0.099090576171875 0.354736328125 0.08074951171875 -0.32904052734375
-0.095245361328125 0.372650146484375 -0.02264404296875 -0.249908447265625
-0.074920654296875 0.41729736328125 -0.0734100341796875 -0.153518676757812
-0.120452880859375 0.4295654296875 -0.0846023559570313 -0.0856781005859375
-0.259857177734375 0.3909912109375 -0.14105224609375 -0.0769500732421875
-0.402557373046875 0.357330322265625 -0.159072875976563 -0.0947265625
-0.59100341796875 0.05859375 -0.10284423828125 -0.22808837890625
-0.65692138671875 -0.19085693359375 -0.159835815429688 -0.166213989257813
-0.5772705078125 -0.34088134765625 -0.29974365234375 -0.29901123046875
-0.338714599609375 -0.406585693359375 -0.265869140625 0.0989990234375
-0.4820556640625 -0.260528564453125 -0.298736572265625 0.1468505859375
-0.444122314453125 -0.060089111328125 0.05963134765625 0.2479248046875
-0.317047119140625 0.14520263671875 0.303924560546875 0.09625244140625
-0.175094604492188 0.195083618164063 0.34368896484375 -0.18408203125
-0.103042602539062 0.223312377929688 0.23663330078125 -0.402923583984375
-0.056610107421875 0.2244873046875 0.056488037109375 -0.4415283203125
-0.0663909912109375 0.255645751953125 -0.040252685546875 -0.360626220703125
-0.05596923828125 0.292205810546875 -0.087677001953125 -0.275100708007813
-0.0841064453125 0.3067626953125 -0.08966064453125 -0.212860107421875
-0.192108154296875 0.30218505859375 -0.151031494140625 -0.195556640625
-0.326202392578125 0.30145263671875 -0.146438598632813 -0.206329345703125
-0.524444580078125 0.0368041992187501 -0.0728759765625 -0.281341552734375
-0.5748291015625 -0.20751953125 -0.231399536132813 -0.17596435546875
-0.46502685546875 -0.34698486328125 -0.446502685546875 -0.397003173828125
-0.177383422851562 -0.273574829101563 -0.323272705078125 0.048095703125
-0.311126708984375 -0.13836669921875 -0.277374267578125 0.134078979492188
-0.246139526367188 0.01934814453125 0.084930419921875 0.175003051757813
-0.118782043457031 0.124641418457031 0.273391723632812 -0.0174713134765625
-0.0224380493164063 0.113471984863281 0.275543212890625 -0.247528076171875
-0.00187683105468751 0.07708740234375 0.17694091796875 -0.456878662109375
-0.0153236389160156 0.0609054565429688 0.0234375 -0.491668701171875
-0.0291824340820313 0.09857177734375 -0.052459716796875 -0.41619873046875
-0.0219192504882812 0.120567321777344 -0.0911865234375 -0.3465576171875
-0.0183258056640625 0.1412353515625 -0.087677001953125 -0.29608154296875
-0.0767669677734375 0.17877197265625 -0.152099609375 -0.284912109375
-0.192428588867187 0.208953857421875 -0.116241455078125 -0.3082275390625
-0.37005615234375 0.011322021484375 -0.017822265625 -0.32666015625
-0.38616943359375 -0.194366455078125 -0.258697509765625 -0.192291259765625
-0.26708984375 -0.292816162109375 -0.535369873046875 -0.48992919921875
-0.03778076171875 0.0689697265625 0.58941650390625 0.44903564453125
0.113868713378906 0.0974349975585938 0.2265625 0.186859130859375
0.137725830078125 -0.0577774047851563 -0.023681640625 0.291534423828125
0.0175323486328125 -0.117744445800781 0.06610107421875 0.4093017578125
-0.0656356811523437 -0.0764083862304688 0.13348388671875 0.30615234375
-0.101646423339844 0.0164947509765625 0.089996337890625 0.307403564453125
-0.0355682373046875 0.074066162109375 0.082275390625 0.370880126953125
-0.0180931091308594 0.0589637756347656 0.058746337890625 0.411376953125
-0.0282363891601563 0.0725479125976563 -0.013336181640625 0.459259033203125
-0.0756378173828125 0.062408447265625 -0.13482666015625 0.414794921875
-0.0882415771484375 -0.00201416015624999 -0.185028076171875 0.283111572265625
-0.053924560546875 -0.0781326293945313 -0.191558837890625 0.103591918945312
0.090118408203125 -0.0668487548828125 -0.0711288452148437 -0.0966720581054688
0.109024047851563 0.0717620849609375 0.240615844726563 -0.0935821533203125
-0.00903320312499999 0.120338439941406 0.3184814453125 0.00524902343750001
-0.271270751953125 -0.102752685546875 0.526641845703125 0.472442626953125
-0.174560546875 -0.02099609375 0.153900146484375 0.190841674804688
-0.13421630859375 -0.0926513671875 -0.0684814453125 0.32122802734375
-0.198837280273438 -0.0574798583984375 0.06005859375 0.462615966796875
-0.221450805664063 0.0267333984375 0.167205810546875 0.305938720703125
-0.20269775390625 0.173248291015625 0.12042236328125 0.264801025390625
-0.081512451171875 0.24896240234375 0.080078125 0.305572509765625
-0.052215576171875 0.2252197265625 0.052978515625 0.34210205078125
-0.0519256591796875 0.240966796875 0.00161743164062504 0.394134521484375
-0.116317749023438 0.220596313476563 -0.089599609375 0.375885009765625
-0.18438720703125 0.127883911132813 -0.129501342773438 0.2684326171875
-0.2017822265625 0.0273590087890625 -0.154052734375 0.127960205078125
-0.112640380859375 -0.0898666381835937 -0.0746536254882812 -0.0837020874023438
-0.0984420776367188 -0.0502471923828125 0.199661254882813 -0.10675048828125
-0.190841674804687 -0.018951416015625 0.273513793945313 -0.0052642822265625
-0.447509765625 -0.280242919921875 0.388092041015625 0.449310302734375
-0.425018310546875 -0.176788330078125 0.045562744140625 0.189376831054688
-0.3994140625 -0.153472900390625 -0.084197998046875 0.347900390625
-0.41339111328125 -0.00546264648437501 0.0964965820312499 0.47979736328125
-0.361846923828125 0.120758056640625 0.23175048828125 0.2635498046875
-0.285125732421875 0.3031005859375 0.17181396484375 0.163986206054688
-0.121429443359375 0.380615234375 0.0828857421875 0.178863525390625
-0.081573486328125 0.356903076171875 0.0387725830078125 0.2218017578125
-0.065032958984375 0.37689208984375 3.05175781249948E-05 0.288360595703125
-0.13287353515625 0.35888671875 -0.0618896484375 0.303375244140625
-0.246780395507813 0.25970458984375 -0.098876953125 0.226211547851563
-0.31561279296875 0.156463623046875 -0.135856628417969 0.121604919433594
-0.3067626953125 -0.0606689453125 -0.0828018188476563 -0.0985183715820313
-0.31439208984375 -0.124114990234375 0.135475158691406 -0.129692077636719
-0.36932373046875 -0.138275146484375 0.1817626953125 -0.0500335693359375
-0.5391845703125 -0.42510986328125 0.205352783203125 0.38330078125
-0.591796875 -0.3089599609375 -0.082244873046875 0.18548583984375
-0.597412109375 -0.19891357421875 -0.06878662109375 0.364013671875
-0.56597900390625 0.0482177734375 0.168792724609375 0.44915771484375
-0.4449462890625 0.202911376953125 0.308441162109375 0.1754150390625
-0.320068359375 0.384735107421875 0.2291259765625 0.0200653076171875
-0.13690185546875 0.447021484375 0.0874404907226562 0.00913238525390628
-0.0997314453125 0.4342041015625 0.0175933837890625 0.0659942626953125
-0.071258544921875 0.466278076171875 -0.0200347900390625 0.150421142578125
-0.13470458984375 0.45721435546875 -0.0573883056640625 0.194793701171875
-0.279022216796875 0.369293212890625 -0.09771728515625 0.153060913085938
-0.389862060546875 0.280242919921875 -0.138801574707031 0.0814361572265625
-0.471710205078125 -0.00109863281249998 -0.0985641479492188 -0.131965637207031
-0.507171630859375 -0.156951904296875 0.045501708984375 -0.150146484375
-0.515838623046875 -0.231842041015625 0.0455322265625 -0.116981506347656
-0.5443115234375 -0.500030517578125 0.013824462890625 0.285430908203125
-0.65087890625 -0.37347412109375 -0.199188232421875 0.175323486328125
-0.67279052734375 -0.198486328125 -0.0298461914062501 0.355438232421875
-0.59820556640625 0.1016845703125 0.2498779296875 0.361053466796875
-0.43243408203125 0.252227783203125 0.368408203125 0.050018310546875
-0.29296875 0.40045166015625 0.267303466796875 -0.146759033203125
-0.128387451171875 0.44049072265625 0.08734130859375 -0.172821044921875
-0.102447509765625 0.44183349609375 -0.00544738769531251 -0.0995254516601562
-0.073333740234375 0.481781005859375 -0.0484580993652344 -0.00449752807617185
-0.1295166015625 0.48687744140625 -0.0690269470214844 0.0590896606445313
-0.285614013671875 0.423828125 -0.115509033203125 0.0484390258789063
-0.422119140625 0.362579345703125 -0.149581909179688 0.00828552246093753
-0.5797119140625 0.0505981445312501 -0.11126708984375 -0.175460815429688
-0.6395263671875 -0.17071533203125 -0.0614471435546875 -0.157485961914063
-0.59783935546875 -0.2994384765625 -0.125885009765625 -0.199783325195313
-0.47161865234375 -0.491668701171875 -0.149459838867188 0.183029174804687
-0.60687255859375 -0.3533935546875 -0.276168823242188 0.162841796875
-0.61236572265625 -0.14337158203125 0.015899658203125 0.314544677734375
-0.501251220703125 0.140167236328125 0.30255126953125 0.234649658203125
-0.327545166015625 0.250244140625 0.3818359375 -0.0826416015625
-0.210205078125 0.343353271484375 0.267974853515625 -0.29974365234375
-0.097747802734375 0.360687255859375 0.075592041015625 -0.33160400390625
-0.090789794921875 0.37939453125 -0.025909423828125 -0.250244140625
-0.069427490234375 0.423797607421875 -0.0746612548828125 -0.15484619140625
-0.1142578125 0.435394287109375 -0.0845413208007813 -0.0856475830078125
-0.259185791015625 0.401214599609375 -0.139846801757813 -0.0758285522460937
-0.403350830078125 0.36859130859375 -0.156875610351563 -0.094085693359375
-0.605224609375 0.062255859375 -0.109771728515625 -0.227203369140625
-0.67083740234375 -0.188720703125 -0.162261962890625 -0.162673950195312
-0.58392333984375 -0.34307861328125 -0.301666259765625 -0.29364013671875
-0.34564208984375 -0.411224365234375 -0.264511108398438 0.0967559814453125
-0.486907958984375 -0.259918212890625 -0.299102783203125 0.146270751953125
-0.45416259765625 -0.0580444335937499 0.0562591552734375 0.246551513671875
-0.319091796875 0.15203857421875 0.305511474609375 0.09735107421875
-0.173126220703125 0.200592041015625 0.34197998046875 -0.1871337890625
-0.102569580078125 0.2274169921875 0.22918701171875 -0.407958984375
-0.055755615234375 0.229080200195313 0.050323486328125 -0.443206787109375
-0.0632781982421875 0.259918212890625 -0.043853759765625 -0.36163330078125
-0.053375244140625 0.296661376953125 -0.0897064208984375 -0.277908325195313
-0.081268310546875 0.311798095703125 -0.0910797119140625 -0.214126586914062
-0.191650390625 0.31036376953125 -0.151168823242188 -0.19488525390625
-0.3270263671875 0.30938720703125 -0.146011352539063 -0.205276489257813
-0.53558349609375 0.0398254394531249 -0.080657958984375 -0.281036376953125
-0.58819580078125 -0.2086181640625 -0.235366821289063 -0.170379638671875
-0.47161865234375 -0.34735107421875 -0.450897216796875 -0.392913818359375
-0.181610107421875 -0.276947021484375 -0.3223876953125 0.044921875
-0.31512451171875 -0.136444091796875 -0.279037475585938 0.133468627929688
-0.251861572265625 0.0223388671875 0.08270263671875 0.173583984375
-0.11865234375 0.128379821777344 0.27276611328125 -0.0170440673828125
-0.019744873046875 0.115325927734375 0.270828247070313 -0.248931884765625
-0.00208282470703126 0.0786056518554688 0.166961669921875 -0.4581298828125
-0.0164299011230469 0.06219482421875 0.017822265625 -0.49432373046875
-0.028167724609375 0.101051330566406 -0.057098388671875 -0.4168701171875
-0.0211181640625 0.122611999511719 -0.093292236328125 -0.349029541015625
-0.016265869140625 0.14361572265625 -0.0885009765625 -0.299102783203125
-0.076416015625 0.182357788085938 -0.15350341796875 -0.283843994140625
-0.19232177734375 0.215164184570313 -0.11798095703125 -0.30755615234375
-0.3782958984375 0.012847900390625 -0.024658203125 -0.327880859375
-0.395263671875 -0.194854736328125 -0.263351440429688 -0.186752319335938
-0.27093505859375 -0.29376220703125 -0.542572021484375 -0.489501953125
-0.0375595092773437 0.0763473510742187 0.6202392578125 0.44952392578125
0.122482299804688 0.0998992919921875 0.24285888671875 0.181304931640625
0.141937255859375 -0.0648040771484375 -0.0179443359375 0.296630859375
0.01544189453125 -0.122459411621094 0.077880859375 0.41644287109375
-0.07220458984375 -0.0784683227539063 0.142730712890625 0.30828857421875
-0.102981567382813 0.0238800048828125 0.100006103515625 0.313690185546875
-0.0344085693359375 0.0793533325195313 0.093658447265625 0.3785400390625
-0.0180320739746094 0.0613288879394531 0.071197509765625 0.419952392578125
-0.0250930786132813 0.0755691528320312 0.000152587890624951 0.4735107421875
-0.07476806640625 0.067962646484375 -0.125335693359375 0.429901123046875
-0.0909576416015625 0.000694274902343754 -0.180084228515625 0.29437255859375
-0.0582504272460937 -0.0788192749023438 -0.189956665039063 0.111465454101562
0.0895233154296875 -0.0730209350585937 -0.07293701171875 -0.09564208984375
0.113922119140625 0.0696792602539063 0.24945068359375 -0.101089477539063
-0.00330352783203125 0.124763488769531 0.326934814453125 0.00198364257812501
-0.283660888671875 -0.096588134765625 0.5567626953125 0.476409912109375
-0.179061889648438 -0.0169525146484375 0.167755126953125 0.188507080078125
-0.143783569335938 -0.09381103515625 -0.0655517578125 0.32843017578125
-0.207962036132813 -0.0535888671875 0.073699951171875 0.47265625
-0.2294921875 0.032257080078125 0.17822265625 0.30670166015625
-0.204208374023438 0.189422607421875 0.129180908203125 0.266769409179688
-0.0769195556640625 0.262298583984375 0.08892822265625 0.312164306640625
-0.04736328125 0.234756469726563 0.063232421875 0.350982666015625
-0.044952392578125 0.249832153320313 0.014678955078125 0.406463623046875
-0.110794067382813 0.231353759765625 -0.079833984375 0.389373779296875
-0.184707641601563 0.13824462890625 -0.121200561523438 0.277862548828125
-0.206451416015625 0.035003662109375 -0.15106201171875 0.134841918945313
-0.121635437011719 -0.0900421142578125 -0.07769775390625 -0.0823822021484375
-0.1046142578125 -0.0507354736328125 0.206100463867188 -0.11322021484375
-0.195709228515625 -0.0164794921875 0.281494140625 -0.00634765625
-0.472137451171875 -0.277496337890625 0.414337158203125 0.45416259765625
-0.4423828125 -0.171417236328125 0.05615234375 0.191436767578125
-0.4241943359375 -0.14971923828125 -0.081878662109375 0.355560302734375
-0.42999267578125 0.00454711914062504 0.111572265625 0.490997314453125
-0.37200927734375 0.1351318359375 0.243576049804687 0.262191772460938
-0.286712646484375 0.324371337890625 0.178482055664062 0.160995483398438
-0.112701416015625 0.398712158203125 0.0876312255859375 0.180343627929688
-0.072845458984375 0.372314453125 0.046234130859375 0.227493286132813
-0.053375244140625 0.39385986328125 0.00885009765625002 0.29595947265625
-0.123199462890625 0.374908447265625 -0.053466796875 0.312896728515625
-0.24493408203125 0.2781982421875 -0.0911102294921875 0.234375
-0.32025146484375 0.172943115234375 -0.131484985351563 0.127105712890625
-0.323974609375 -0.0540771484375001 -0.0874176025390625 -0.0972366333007812
-0.330657958984375 -0.121551513671875 0.138504028320312 -0.135871887207031
-0.382293701171875 -0.13568115234375 0.187728881835937 -0.0490570068359375
-0.56982421875 -0.42657470703125 0.224884033203125 0.389190673828125
-0.61859130859375 -0.3072509765625 -0.07781982421875 0.1893310546875
-0.63189697265625 -0.19287109375 -0.0660400390625001 0.37225341796875
-0.5850830078125 0.0659790039062499 0.186309814453125 0.4593505859375
-0.454742431640625 0.221405029296875 0.322662353515625 0.16827392578125
-0.319793701171875 0.41033935546875 0.232040405273437 0.00926208496093752
-0.128662109375 0.468719482421875 0.0877838134765625 0.00563049316406253
-0.088470458984375 0.45123291015625 0.0202102661132812 0.0685806274414063
-0.058197021484375 0.484588623046875 -0.01617431640625 0.15423583984375
-0.12152099609375 0.47662353515625 -0.05218505859375 0.202224731445313
-0.27685546875 0.392486572265625 -0.0916748046875 0.158584594726563
-0.395233154296875 0.30474853515625 -0.135162353515625 0.0861740112304688
-0.49383544921875 0.0114746093750001 -0.106086730957031 -0.131202697753906
-0.53314208984375 -0.14935302734375 0.044830322265625 -0.152725219726563
-0.535400390625 -0.228973388671875 0.0456085205078125 -0.114349365234375
-0.577392578125 -0.504150390625 0.023895263671875 0.291259765625
-0.6805419921875 -0.37115478515625 -0.199066162109375 0.18359375
-0.708984375 -0.18902587890625 -0.027435302734375 0.362823486328125
-0.61773681640625 0.123046875 0.26727294921875 0.365875244140625
-0.43865966796875 0.273681640625 0.38031005859375 0.0379638671875
-0.290496826171875 0.42449951171875 0.26629638671875 -0.162109375
-0.119140625 0.460784912109375 0.082733154296875 -0.181137084960937
-0.0912170410156249 0.4598388671875 -0.00815582275390626 -0.10162353515625
-0.059844970703125 0.50128173828125 -0.0501213073730469 -0.00475692749023436
-0.115509033203125 0.5074462890625 -0.0675773620605469 0.062713623046875
-0.28192138671875 0.449920654296875 -0.114234924316406 0.0511703491210938
-0.425140380859375 0.390350341796875 -0.149185180664063 0.0112457275390625
-0.60406494140625 0.0681762695312501 -0.121627807617188 -0.17462158203125
-0.66986083984375 -0.16107177734375 -0.0655975341796876 -0.156951904296875
-0.62408447265625 -0.297119140625 -0.132095336914063 -0.196365356445313
-0.50091552734375 -0.4991455078125 -0.146881103515625 0.187408447265625
-0.63458251953125 -0.34820556640625 -0.280364990234375 0.171173095703125
-0.6429443359375 -0.1337890625 0.01812744140625 0.320068359375
-0.51470947265625 0.160980224609375 0.31646728515625 0.233734130859375
-0.32855224609375 0.2685546875 0.389007568359375 -0.094818115234375
-0.20660400390625 0.362762451171875 0.262969970703125 -0.315216064453125
-0.09039306640625 0.37750244140625 0.0672607421875 -0.34295654296875
-0.08050537109375 0.393524169921875 -0.03369140625 -0.255218505859375
-0.057708740234375 0.440399169921875 -0.08184814453125 -0.159439086914062
-0.10357666015625 0.45330810546875 -0.087615966796875 -0.0864334106445312
-0.2552490234375 0.4261474609375 -0.142410278320313 -0.0745697021484375
-0.40545654296875 0.396728515625 -0.15966796875 -0.09332275390625
-0.6297607421875 0.0819091796875 -0.123199462890625 -0.228790283203125
-0.70458984375 -0.17999267578125 -0.170730590820313 -0.15875244140625
-0.61090087890625 -0.34002685546875 -0.31549072265625 -0.290008544921875
-0.368743896484375 -0.418914794921875 -0.268417358398438 0.099456787109375
-0.508392333984375 -0.256103515625 -0.30609130859375 0.153564453125
-0.475677490234375 -0.0468750000000001 0.0592803955078124 0.250457763671875
-0.326019287109375 0.167877197265625 0.31634521484375 0.09344482421875
-0.170700073242188 0.213348388671875 0.34442138671875 -0.201019287109375
-0.0994110107421875 0.238983154296875 0.218658447265625 -0.4251708984375
-0.0511016845703125 0.238388061523438 0.0394287109375 -0.457183837890625
-0.056884765625 0.270584106445312 -0.054290771484375 -0.370880126953125
-0.04522705078125 0.308990478515625 -0.099700927734375 -0.2850341796875
-0.07318115234375 0.325439453125 -0.097076416015625 -0.21875
-0.18719482421875 0.32861328125 -0.158126831054688 -0.196487426757812
-0.3304443359375 0.330963134765625 -0.152236938476562 -0.206695556640625
-0.559600830078125 0.055145263671875 -0.094268798828125 -0.28497314453125
-0.6177978515625 -0.199951171875 -0.247589111328125 -0.164764404296875
-0.4957275390625 -0.346832275390625 -0.471923828125 -0.389892578125
-0.194580078125 -0.283172607421875 -0.33038330078125 0.0466003417968749
-0.3265380859375 -0.131439208984375 -0.285675048828125 0.139892578125
-0.263107299804688 0.0302581787109375 0.085723876953125 0.175323486328125
-0.118537902832031 0.137641906738281 0.277801513671875 -0.021759033203125
-0.0148391723632813 0.119720458984375 0.2703857421875 -0.261245727539063
-0.000396728515624996 0.081939697265625 0.153778076171875 -0.473114013671875
-0.0163612365722656 0.0654525756835938 0.00500488281249997 -0.507171630859375
-0.0264053344726563 0.105751037597656 -0.0693359375 -0.42779541015625
-0.0184402465820313 0.127021789550781 -0.1051025390625 -0.357391357421875
-0.0125885009765625 0.148452758789063 -0.097686767578125 -0.306854248046875
-0.072174072265625 0.191848754882813 -0.16265869140625 -0.28717041015625
-0.1922607421875 0.228469848632813 -0.127288818359375 -0.3123779296875
-0.39471435546875 0.0217895507812501 -0.0377807617187501 -0.3355712890625
-0.41583251953125 -0.19073486328125 -0.276535034179687 -0.181182861328125
-0.286865234375 -0.296112060546875 -0.5679931640625 -0.4881591796875
-0.0342864990234375 0.0859756469726563 0.6650390625 0.43218994140625
0.135612487792969 0.0966415405273438 0.26324462890625 0.16766357421875
0.144515991210938 -0.07708740234375 -0.00366210937500001 0.302276611328125
0.00938415527343751 -0.127662658691406 0.10113525390625 0.42327880859375
-0.081268310546875 -0.0778884887695313 0.16033935546875 0.304779052734375
-0.103424072265625 0.0337600708007812 0.118072509765625 0.316253662109375
-0.0295867919921875 0.0859756469726563 0.115386962890625 0.384185791015625
-0.0153083801269531 0.0642471313476563 0.096710205078125 0.426727294921875
-0.0199127197265625 0.0796279907226563 0.031768798828125 0.486663818359375
-0.0707931518554687 0.0753326416015625 -0.101806640625 0.448486328125
-0.0941314697265625 0.00675964355468751 -0.16351318359375 0.31256103515625
-0.0651779174804687 -0.0785293579101563 -0.184616088867188 0.124679565429688
0.0870590209960938 -0.0821533203125 -0.0771560668945313 -0.091644287109375
0.121757507324219 0.0645523071289063 0.255844116210938 -0.117507934570313
0.00661468505859375 0.128494262695313 0.33538818359375 -0.0108642578125
-0.299407958984375 -0.080047607421875 0.60076904296875 0.46136474609375
-0.183319091796875 -0.00679016113281247 0.186553955078125 0.179901123046875
-0.156005859375 -0.0914764404296875 -0.05242919921875 0.33795166015625
-0.218551635742188 -0.043609619140625 0.101806640625 0.481842041015625
-0.238845825195312 0.04638671875 0.19927978515625 0.302642822265625
-0.198699951171875 0.21063232421875 0.14410400390625 0.265518188476563
-0.061370849609375 0.277786254882813 0.1060791015625 0.3160400390625
-0.033843994140625 0.244430541992188 0.08587646484375 0.355865478515625
-0.0287933349609375 0.260940551757813 0.041778564453125 0.4161376953125
-0.0970458984375 0.2459716796875 -0.056884765625 0.404144287109375
-0.18145751953125 0.155731201171875 -0.104583740234375 0.291290283203125
-0.2099609375 0.0493011474609375 -0.142242431640625 0.145065307617187
-0.133712768554687 -0.0865020751953125 -0.081573486328125 -0.0777053833007812
-0.113327026367187 -0.04779052734375 0.209197998046875 -0.127685546875
-0.20013427734375 -0.00842285156250004 0.289886474609375 -0.015380859375
-0.50360107421875 -0.259918212890625 0.453887939453125 0.447296142578125
-0.465362548828125 -0.153350830078125 0.0701141357421875 0.18902587890625
-0.451385498046875 -0.13336181640625 -0.069244384765625 0.367645263671875
-0.44512939453125 0.0296630859375 0.1439208984375 0.50018310546875
-0.379638671875 0.16131591796875 0.263168334960938 0.251434326171875
-0.277374267578125 0.35479736328125 0.187210083007812 0.152618408203125
-0.09014892578125 0.4212646484375 0.097381591796875 0.18023681640625
-0.051422119140625 0.388427734375 0.061248779296875 0.23077392578125
-0.029541015625 0.40911865234375 0.0272216796875 0.303497314453125
-0.099578857421875 0.395050048828125 -0.034820556640625 0.324066162109375
-0.23529052734375 0.3038330078125 -0.0765228271484375 0.243850708007813
-0.31884765625 0.1998291015625 -0.122901916503906 0.135894775390625
-0.342315673828125 -0.036712646484375 -0.09466552734375 -0.093048095703125
-0.352386474609375 -0.1082763671875 0.137893676757812 -0.145797729492188
-0.400787353515625 -0.122894287109375 0.192596435546875 -0.0545196533203125
-0.61474609375 -0.40985107421875 0.254486083984375 0.388275146484375
-0.65533447265625 -0.28143310546875 -0.06781005859375 0.19561767578125
-0.67156982421875 -0.16571044921875 -0.05303955078125 0.384002685546875
-0.604248046875 0.102294921875 0.218292236328125 0.46173095703125
-0.4578857421875 0.256439208984375 0.340240478515625 0.15069580078125
-0.30633544921875 0.444244384765625 0.233749389648437 -0.00698852539062497
-0.101104736328125 0.49383544921875 0.0875778198242188 0.00016021728515628
-0.061798095703125 0.470550537109375 0.0258598327636719 0.0692634582519532
-0.028961181640625 0.502838134765625 -0.0080108642578125 0.157684326171875
-0.093292236328125 0.499053955078125 -0.0395050048828125 0.210357666015625
-0.260284423828125 0.4248046875 -0.08111572265625 0.166336059570313
-0.38775634765625 0.341888427734375 -0.128807067871094 0.0939559936523438
-0.51397705078125 0.0425720214843751 -0.116561889648438 -0.126930236816406
-0.56494140625 -0.1243896484375 0.0399017333984375 -0.156814575195313
-0.56536865234375 -0.209716796875 0.0441131591796875 -0.113655090332031
-0.62445068359375 -0.4921875 0.0429992675781249 0.295684814453125
-0.7220458984375 -0.344970703125 -0.194839477539063 0.196075439453125
-0.75323486328125 -0.15509033203125 -0.014312744140625 0.372283935546875
-0.63238525390625 0.1636962890625 0.297088623046875 0.362548828125
-0.43634033203125 0.308441162109375 0.39471435546875 0.01519775390625
-0.27569580078125 0.457183837890625 0.259124755859375 -0.185562133789062
-0.0948181152343749 0.484039306640625 0.0727996826171875 -0.191268920898437
-0.06512451171875 0.478607177734375 -0.0126495361328125 -0.103744506835937
-0.0292663574218749 0.52239990234375 -0.0524559020996094 -0.00283432006835934
-0.085662841796875 0.530731201171875 -0.0637588500976563 0.0677604675292969
-0.261444091796875 0.48480224609375 -0.110748291015625 0.0574035644531251
-0.4156494140625 0.43255615234375 -0.147491455078125 0.0186920166015625
-0.62750244140625 0.10675048828125 -0.137283325195313 -0.170639038085937
-0.70849609375 -0.12921142578125 -0.07464599609375 -0.1544189453125
-0.65850830078125 -0.27606201171875 -0.143157958984375 -0.188812255859375
-0.545654296875 -0.48992919921875 -0.13970947265625 0.1961669921875
-0.6751708984375 -0.32452392578125 -0.279678344726563 0.187408447265625
-0.67999267578125 -0.0999755859375 0.0308837890625 0.326690673828125
-0.52276611328125 0.1971435546875 0.339752197265625 0.225128173828125
-0.3214111328125 0.297088623046875 0.395111083984375 -0.121307373046875
-0.191864013671875 0.38861083984375 0.247100830078125 -0.341949462890625
-0.07000732421875 0.395477294921875 0.049652099609375 -0.358642578125
-0.05810546875 0.41119384765625 -0.0481414794921875 -0.260818481445313
-0.032958984375 0.459197998046875 -0.0942535400390625 -0.160430908203125
-0.07769775390625 0.4752197265625 -0.0931625366210938 -0.0846023559570312
-0.236083984375 0.4580078125 -0.146697998046875 -0.0707855224609375
-0.39453125 0.43609619140625 -0.166107177734375 -0.0867156982421875
-0.653076171875 0.1214599609375 -0.141677856445313 -0.225204467773438
-0.742919921875 -0.147705078125 -0.184371948242188 -0.14813232421875
-0.6505126953125 -0.32244873046875 -0.336456298828125 -0.277099609375
-0.40399169921875 -0.414520263671875 -0.269210815429688 0.110000610351563
-0.538299560546875 -0.23394775390625 -0.30767822265625 0.170928955078125
-0.50048828125 -0.0197143554687499 0.0701751708984375 0.253219604492188
-0.32708740234375 0.193450927734375 0.330963134765625 0.080078125
-0.160812377929688 0.229843139648438 0.342681884765625 -0.2242431640625
-0.0882568359375 0.253326416015625 0.1983642578125 -0.447998046875
-0.0385284423828125 0.249954223632813 0.013641357421875 -0.47247314453125
-0.041900634765625 0.2828369140625 -0.075531005859375 -0.377532958984375
-0.028533935546875 0.32257080078125 -0.119720458984375 -0.28857421875
-0.054779052734375 0.340972900390625 -0.110931396484375 -0.220443725585938
-0.173248291015625 0.35223388671875 -0.170364379882813 -0.19439697265625
-0.320587158203125 0.36444091796875 -0.165908813476563 -0.204452514648438
-0.58148193359375 0.08843994140625 -0.116241455078125 -0.284637451171875
-0.6549072265625 -0.17333984375 -0.263717651367188 -0.150894165039063
-0.53082275390625 -0.3331298828125 -0.50433349609375 -0.373809814453125
-0.2181396484375 -0.284576416015625 -0.33599853515625 0.0577392578125
-0.34527587890625 -0.116119384765625 -0.28857421875 0.15631103515625
-0.273910522460938 0.048248291015625 0.09417724609375 0.175277709960938
-0.114242553710938 0.14996337890625 0.283233642578125 -0.036041259765625
-0.00507354736328125 0.123931884765625 0.261734008789062 -0.280471801757813
0.00409698486328125 0.0847015380859375 0.127777099609375 -0.489349365234375
-0.0139198303222656 0.06890869140625 -0.0239562988281249 -0.521820068359375
-0.0209884643554688 0.110069274902344 -0.09228515625 -0.436370849609375
-0.0117645263671875 0.132316589355469 -0.127960205078125 -0.3616943359375
-0.00308227539062501 0.153823852539063 -0.11614990234375 -0.310760498046875
-0.062103271484375 0.203231811523438 -0.18096923828125 -0.28662109375
-0.18408203125 0.249313354492188 -0.146942138671875 -0.313934326171875
-0.409271240234375 0.0451965332031249 -0.061370849609375 -0.340850830078125
-0.444915771484375 -0.17449951171875 -0.2955322265625 -0.165618896484375
-0.311004638671875 -0.288970947265625 -0.60931396484375 -0.47137451171875
-0.0254287719726563 0.0944671630859375 0.7022705078125 0.3865966796875
0.146102905273438 0.0867462158203125 0.278091430664063 0.141708374023438
0.140701293945313 -0.091400146484375 0.015289306640625 0.301025390625
-4.5776367187501E-05 -0.130416870117187 0.13262939453125 0.416595458984375
-0.09124755859375 -0.0717010498046875 0.18060302734375 0.29248046875
-0.09930419921875 0.0446548461914063 0.14068603515625 0.30792236328125
-0.0213241577148437 0.091064453125 0.14276123046875 0.3770751953125
-0.0101470947265625 0.0661964416503906 0.128021240234375 0.420379638671875
-0.012359619140625 0.0811767578125 0.0728149414062499 0.48431396484375
-0.0636215209960937 0.0817108154296875 -0.0653076171875 0.457122802734375
-0.094207763671875 0.0154571533203125 -0.1356201171875 0.32568359375
-0.0720901489257813 -0.0742263793945313 -0.170623779296875 0.138778686523437
0.0795364379882813 -0.0895538330078125 -0.0800094604492188 -0.083740234375
0.128097534179688 0.0543746948242188 0.2510986328125 -0.136886596679688
0.0173187255859375 0.127143859863281 0.3355712890625 -0.0296630859375
-0.30694580078125 -0.0548400878906249 0.6397705078125 0.4207763671875
-0.183486938476563 0.00677490234375001 0.202926635742188 0.160858154296875
-0.167755126953125 -0.0814208984375 -0.03143310546875 0.342132568359375
-0.224609375 -0.02716064453125 0.138824462890625 0.47576904296875
-0.23980712890625 0.0652313232421875 0.21875 0.285430908203125
-0.182952880859375 0.230941772460938 0.160888671875 0.254974365234375
-0.03765869140625 0.2862548828125 0.12744140625 0.309326171875
-0.014312744140625 0.249298095703125 0.113250732421875 0.349639892578125
-0.00666809082031249 0.264846801757813 0.074798583984375 0.412078857421875
-0.0753631591796875 0.255844116210938 -0.02496337890625 0.409759521484375
-0.169097900390625 0.173385620117187 -0.0787353515625 0.297882080078125
-0.207244873046875 0.06683349609375 -0.12646484375 0.15478515625
-0.1434326171875 -0.0751953125 -0.0853195190429688 -0.070404052734375
-0.118576049804688 -0.0405502319335938 0.203201293945313 -0.144058227539063
-0.201187133789062 0.00469970703125002 0.291168212890625 -0.0308837890625
-0.52655029296875 -0.221466064453125 0.490447998046875 0.416290283203125
-0.47894287109375 -0.117401123046875 0.0866851806640625 0.180587768554688
-0.47296142578125 -0.10107421875 -0.047271728515625 0.37353515625
-0.447174072265625 0.065185546875 0.18292236328125 0.4923095703125
-0.3709716796875 0.190887451171875 0.281005859375 0.229232788085938
-0.25042724609375 0.38275146484375 0.1947021484375 0.13751220703125
-0.05523681640625 0.432464599609375 0.109542846679688 0.173187255859375
-0.018798828125 0.39373779296875 0.079071044921875 0.225051879882813
0.00549316406250001 0.41448974609375 0.0509033203125 0.300506591796875
-0.06585693359375 0.40606689453125 -0.00686645507812503 0.32757568359375
-0.21002197265625 0.326324462890625 -0.052978515625 0.247329711914063
-0.303619384765625 0.228668212890625 -0.1080322265625 0.142807006835938
-0.35052490234375 -0.00820922851562502 -0.0999298095703125 -0.0844039916992188
-0.3660888671875 -0.0819091796875 0.13018798828125 -0.155960083007813
-0.41168212890625 -0.0945129394531251 0.191375732421875 -0.061248779296875
-0.649169921875 -0.36480712890625 0.285308837890625 0.371551513671875
-0.6793212890625 -0.23486328125 -0.0524749755859375 0.19769287109375
-0.69842529296875 -0.11407470703125 -0.0296630859375 0.389862060546875
-0.6024169921875 0.1490478515625 0.256439208984375 0.448455810546875
-0.44061279296875 0.293853759765625 0.350616455078125 0.123626708984375
-0.2730712890625 0.474334716796875 0.228424072265625 -0.026336669921875
-0.062347412109375 0.50665283203125 0.0858993530273438 -0.00743103027343747
-0.0244140625 0.476715087890625 0.03131103515625 0.0665321350097657
0.01422119140625 0.51007080078125 0.0030670166015625 0.15838623046875
-0.050750732421875 0.509033203125 -0.020965576171875 0.213394165039063
-0.224090576171875 0.451171875 -0.0641937255859375 0.169509887695313
-0.361480712890625 0.37811279296875 -0.11749267578125 0.100822448730469
-0.519561767578125 0.084686279296875 -0.1253662109375 -0.115798950195313
-0.58355712890625 -0.0822753906250001 0.030059814453125 -0.158157348632813
-0.58367919921875 -0.17144775390625 0.0392913818359375 -0.110214233398438
-0.6663818359375 -0.45050048828125 0.066131591796875 0.29156494140625
-0.7529296875 -0.293212890625 -0.181243896484375 0.207595825195312
-0.77874755859375 -0.09796142578125 0.00836181640624994 0.3748779296875
-0.627197265625 0.2158203125 0.32757568359375 0.341766357421875
-0.413726806640625 0.34381103515625 0.395111083984375 -0.01837158203125
-0.240631103515625 0.484893798828125 0.241058349609375 -0.20684814453125
-0.05511474609375 0.496002197265625 0.0563507080078125 -0.198562622070313
-0.02734375 0.485870361328125 -0.020111083984375 -0.104255676269531
0.013427734375 0.52984619140625 -0.054473876953125 0.000450134277343781
-0.040679931640625 0.5408935546875 -0.0562896728515625 0.0723342895507813
-0.22259521484375 0.511566162109375 -0.103530883789063 0.062652587890625
-0.382568359375 0.47064208984375 -0.142730712890625 0.02783203125
-0.628173828125 0.15875244140625 -0.151748657226563 -0.157608032226562
-0.72906494140625 -0.0758056640625 -0.0858764648437501 -0.14501953125
-0.68450927734375 -0.2313232421875 -0.153411865234375 -0.172897338867188
-0.58770751953125 -0.45477294921875 -0.124725341796875 0.201919555664063
-0.7021484375 -0.27490234375 -0.268234252929688 0.204940795898438
-0.700439453125 -0.04449462890625 0.050750732421875 0.325225830078125
-0.5108642578125 0.241790771484375 0.35986328125 0.19866943359375
-0.2987060546875 0.323944091796875 0.386474609375 -0.152984619140625
-0.161712646484375 0.405914306640625 0.21795654296875 -0.36199951171875
-0.038360595703125 0.40521240234375 0.020599365234375 -0.364288330078125
-0.02581787109375 0.41754150390625 -0.067108154296875 -0.258834838867188
0.00463867187500003 0.466094970703125 -0.107833862304687 -0.153366088867188
-0.03765869140625 0.485137939453125 -0.0979995727539062 -0.0784988403320312
-0.199432373046875 0.4827880859375 -0.149795532226562 -0.062286376953125
-0.36346435546875 0.47296142578125 -0.170028686523438 -0.0762786865234374
-0.6546630859375 0.17333984375 -0.162063598632813 -0.211441040039063
-0.765380859375 -0.0905761718750001 -0.19482421875 -0.129653930664063
-0.67791748046875 -0.27667236328125 -0.3553466796875 -0.248565673828125
-0.4403076171875 -0.3885498046875 -0.2628173828125 0.12335205078125
-0.558807373046875 -0.19384765625 -0.298065185546875 0.1907958984375
-0.5106201171875 0.0221862792968749 0.085205078125 0.248092651367188
-0.314117431640625 0.221893310546875 0.337982177734375 0.0556640625
-0.140701293945313 0.24322509765625 0.32501220703125 -0.2509765625
-0.0680084228515625 0.26287841796875 0.161346435546875 -0.461181640625
-0.01953125 0.254486083984375 -0.021759033203125 -0.476531982421875
-0.02008056640625 0.287384033203125 -0.102874755859375 -0.374786376953125
-0.00323486328125001 0.32720947265625 -0.143035888671875 -0.280899047851563
-0.02734375 0.346343994140625 -0.126296997070313 -0.213287353515625
-0.144866943359375 0.3702392578125 -0.183074951171875 -0.183349609375
-0.29364013671875 0.39324951171875 -0.179397583007813 -0.193222045898437
-0.58380126953125 0.13427734375 -0.141403198242188 -0.273208618164063
-0.67755126953125 -0.12432861328125 -0.275848388671875 -0.12603759765625
-0.55682373046875 -0.296173095703125 -0.5322265625 -0.336090087890625
-0.242630004882813 -0.271240234375 -0.334808349609375 0.0746765136718749
-0.35589599609375 -0.089080810546875 -0.279953002929687 0.1739501953125
-0.275711059570313 0.0727081298828125 0.104644775390625 0.167633056640625
-0.104156494140625 0.160903930664063 0.280227661132813 -0.0564727783203125
0.00697326660156251 0.124443054199219 0.2393798828125 -0.297943115234375
0.0112457275390625 0.0845413208007813 0.0885620117187501 -0.496368408203125
-0.01025390625 0.0710067749023438 -0.063201904296875 -0.5205078125
-0.01251220703125 0.112648010253906 -0.125091552734375 -0.430816650390625
-0.00246429443359376 0.133743286132813 -0.15625 -0.354888916015625
0.00935363769531249 0.153976440429688 -0.139129638671875 -0.303802490234375
-0.044647216796875 0.209609985351562 -0.201416015625 -0.27459716796875
-0.16510009765625 0.266098022460938 -0.169830322265625 -0.303955078125
-0.41357421875 0.0769348144531251 -0.0902099609375 -0.33331298828125
-0.463592529296875 -0.141448974609375 -0.30731201171875 -0.13751220703125
-0.3338623046875 -0.26763916015625 -0.6453857421875 -0.4278564453125
-0.0157623291015625 0.0983810424804688 0.7122802734375 0.33172607421875
0.15167236328125 0.074371337890625 0.280136108398438 0.114517211914062
0.131393432617188 -0.102447509765625 0.031280517578125 0.290863037109375
-0.00864410400390626 -0.129554748535156 0.155517578125 0.39678955078125
-0.09637451171875 -0.063720703125 0.191238403320312 0.272293090820313
-0.091400146484375 0.0518112182617188 0.15478515625 0.291717529296875
-0.0127182006835937 0.0919570922851563 0.162109375 0.358001708984375
-0.00531387329101562 0.0657081604003906 0.15264892578125 0.39837646484375
-0.0059814453125 0.0799636840820312 0.106170654296875 0.462310791015625
-0.0553817749023438 0.0850601196289063 -0.0303955078125 0.448760986328125
-0.090576171875 0.0227508544921875 -0.105377197265625 0.32391357421875
-0.0769119262695313 -0.0677108764648438 -0.15252685546875 0.145050048828125
0.0709304809570313 -0.0930557250976563 -0.078582763671875 -0.0754852294921875
0.129013061523438 0.0428314208984375 0.238204956054687 -0.1510009765625
0.025909423828125 0.1214599609375 0.324981689453125 -0.044708251953125
-0.30218505859375 -0.0303955078124999 0.65374755859375 0.37017822265625
-0.175857543945313 0.0188751220703125 0.208450317382812 0.139678955078125
-0.172866821289063 -0.069854736328125 -0.01141357421875 0.33489990234375
-0.221969604492188 -0.01239013671875 0.167938232421875 0.454681396484375
-0.232177734375 0.080291748046875 0.228424072265625 0.261825561523438
-0.1610107421875 0.240890502929688 0.170135498046875 0.237213134765625
-0.0146484375 0.283843994140625 0.143646240234375 0.29315185546875
0.00389099121093752 0.24383544921875 0.13238525390625 0.330841064453125
0.014556884765625 0.258331298828125 0.1025390625 0.393890380859375
-0.052947998046875 0.254241943359375 0.00830078124999998 0.399688720703125
-0.151031494140625 0.181915283203125 -0.05078125 0.29180908203125
-0.196990966796875 0.0808563232421875 -0.107528686523438 0.155685424804688
-0.146713256835938 -0.06353759765625 -0.08489990234375 -0.0618362426757813
-0.120292663574219 -0.0316390991210937 0.191543579101562 -0.153762817382813
-0.195632934570313 0.0151824951171875 0.28411865234375 -0.042388916015625
-0.528656005859375 -0.17938232421875 0.50732421875 0.374664306640625
-0.474365234375 -0.0834655761718749 0.09661865234375 0.166091918945313
-0.477203369140625 -0.067138671875 -0.025634765625 0.367095947265625
-0.4354248046875 0.0950927734375001 0.211944580078125 0.46612548828125
-0.350921630859375 0.213775634765625 0.286895751953125 0.200897216796875
-0.217987060546875 0.393951416015625 0.194107055664063 0.120758056640625
-0.020538330078125 0.427581787109375 0.114395141601563 0.161544799804688
0.00915527343749996 0.385650634765625 0.0915374755859375 0.21209716796875
0.03582763671875 0.404937744140625 0.0694580078125 0.286895751953125
-0.031829833984375 0.4000244140625 0.01849365234375 0.316802978515625
-0.17974853515625 0.336090087890625 -0.0303192138671875 0.239913940429688
-0.279159545898438 0.246337890625 -0.0913543701171875 0.142547607421875
-0.3450927734375 0.0174560546875 -0.100883483886719 -0.07427978515625
-0.367828369140625 -0.054473876953125 0.118453979492187 -0.158599853515625
-0.408203125 -0.068511962890625 0.186370849609375 -0.0652618408203125
-0.65948486328125 -0.3134765625 0.304351806640625 0.34222412109375
-0.67730712890625 -0.1845703125 -0.0377349853515626 0.192855834960938
-0.6982421875 -0.0623779296875 -0.00817871093750003 0.382598876953125
-0.58184814453125 0.1895751953125 0.28167724609375 0.419586181640625
-0.41119384765625 0.316741943359375 0.3489990234375 0.091827392578125
-0.234344482421875 0.485565185546875 0.216110229492187 -0.042236328125
-0.025787353515625 0.499114990234375 0.0803756713867188 -0.0131072998046875
0.0101318359375 0.466796875 0.0338668823242188 0.0602684020996094
0.051666259765625 0.497802734375 0.0132904052734375 0.15362548828125
-0.00808715820312504 0.499176025390625 -0.00273132324218751 0.207687377929688
-0.1839599609375 0.459381103515625 -0.047882080078125 0.165313720703125
-0.323089599609375 0.39605712890625 -0.103630065917969 0.102561950683594
-0.50567626953125 0.121734619140625 -0.129684448242188 -0.101966857910156
-0.5806884765625 -0.0404052734375 0.02178955078125 -0.1529541015625
-0.581298828125 -0.13153076171875 0.03607177734375 -0.104522705078125
-0.6824951171875 -0.39581298828125 0.0845031738281249 0.277069091796875
-0.75384521484375 -0.23583984375 -0.163406372070313 0.209793090820312
-0.776123046875 -0.0394287109375001 0.027801513671875 0.364044189453125
-0.6016845703125 0.25537109375 0.343597412109375 0.309814453125
-0.3797607421875 0.364593505859375 0.3822021484375 -0.04742431640625
-0.2003173828125 0.49151611328125 0.216445922851563 -0.218536376953125
-0.018096923828125 0.4884033203125 0.0391998291015625 -0.198623657226562
0.00906372070312505 0.474639892578125 -0.0277023315429687 -0.100868225097656
0.052642822265625 0.517333984375 -0.0545921325683594 0.0043907165527344
0.00164794921874998 0.531280517578125 -0.0468292236328125 0.0729904174804688
-0.178192138671875 0.5169677734375 -0.0934371948242188 0.0648651123046875
-0.33868408203125 0.4892578125 -0.134056091308594 0.0333786010742188
-0.60894775390625 0.2010498046875 -0.15850830078125 -0.140243530273438
-0.72381591796875 -0.0244140625 -0.0909881591796875 -0.13128662109375
-0.68389892578125 -0.183349609375 -0.156051635742188 -0.152984619140625
-0.606201171875 -0.4066162109375 -0.109512329101563 0.200347900390625
-0.701171875 -0.2200927734375 -0.249038696289063 0.213973999023438
-0.6944580078125 0.00775146484374996 0.066192626953125 0.31292724609375
-0.485931396484375 0.272857666015625 0.364349365234375 0.16961669921875
-0.266845703125 0.3365478515625 0.36419677734375 -0.17633056640625
-0.129364013671875 0.40985107421875 0.183624267578125 -0.367584228515625
-0.009002685546875 0.39703369140625 -0.00653076171874998 -0.35833740234375
0.004425048828125 0.4090576171875 -0.0833740234375 -0.249465942382812
0.037689208984375 0.455841064453125 -0.116607666015625 -0.141159057617188
-0.00125122070312505 0.474761962890625 -0.0974502563476562 -0.0706939697265625
-0.158355712890625 0.485931396484375 -0.148284912109375 -0.0527191162109375
-0.3214111328125 0.490753173828125 -0.168060302734375 -0.0651702880859375
-0.63330078125 0.21630859375 -0.17315673828125 -0.1907958984375
-0.7596435546875 -0.0352783203125 -0.196441650390625 -0.108001708984375
-0.68017578125 -0.2279052734375 -0.359710693359375 -0.2138671875
-0.458282470703125 -0.35137939453125 -0.249755859375 0.130889892578125
-0.556243896484375 -0.149749755859375 -0.280746459960938 0.201950073242187
-0.501983642578125 0.0606384277343749 0.0958099365234375 0.2349853515625
-0.29345703125 0.240081787109375 0.33306884765625 0.03106689453125
-0.118209838867187 0.246749877929688 0.298126220703125 -0.26568603515625
-0.0470733642578125 0.260498046875 0.12237548828125 -0.458465576171875
-0.00215148925781248 0.250015258789062 -0.0545654296875 -0.463348388671875
-6.10351562499889E-05 0.2813720703125 -0.12481689453125 -0.35906982421875
0.019012451171875 0.3194580078125 -0.159011840820313 -0.263229370117187
-0.000579833984374972 0.340179443359375 -0.1353759765625 -0.200103759765625
-0.11370849609375 0.372528076171875 -0.18865966796875 -0.167938232421875
-0.259002685546875 0.40594482421875 -0.185577392578125 -0.177230834960937
-0.56610107421875 0.17303466796875 -0.157638549804688 -0.252410888671875
-0.676025390625 -0.0753173828124999 -0.275619506835938 -0.0980224609375
-0.56146240234375 -0.254241943359375 -0.536773681640625 -0.290496826171875
-0.256500244140625 -0.25030517578125 -0.323974609375 0.0872497558593749
-0.351531982421875 -0.060028076171875 -0.263641357421875 0.18438720703125
-0.267105102539062 0.0934448242187499 0.110427856445312 0.154632568359375
-0.091217041015625 0.166030883789063 0.267868041992188 -0.0733795166015625
0.01739501953125 0.119529724121094 0.21087646484375 -0.303955078125
0.0172958374023438 0.081268310546875 0.0515441894531251 -0.4842529296875
-0.00636291503906249 0.0699310302734375 -0.095458984375 -0.505218505859375
-0.00525665283203124 0.110343933105469 -0.148895263671875 -0.412384033203125
0.0061798095703125 0.130203247070313 -0.174468994140625 -0.334014892578125
0.0196380615234375 0.14971923828125 -0.15350341796875 -0.28704833984375
-0.027984619140625 0.207931518554688 -0.213531494140625 -0.253494262695313
-0.141952514648438 0.272674560546875 -0.184478759765625 -0.28387451171875
-0.403076171875 0.104949951171875 -0.11279296875 -0.315185546875
-0.46649169921875 -0.106109619140625 -0.307159423828125 -0.10858154296875
-0.340484619140625 -0.240203857421875 -0.65582275390625 -0.3729248046875
-0.00942230224609375 0.09832763671875 0.70184326171875 0.295166015625
0.151565551757813 0.0652008056640625 0.272598266601563 0.0958404541015625
0.121849060058594 -0.106346130371094 0.0381011962890625 0.280838012695313
-0.0144805908203125 -0.126625061035156 0.1650390625 0.37646484375
-0.0981216430664062 -0.05682373046875 0.192703247070313 0.255706787109375
-0.0837783813476563 0.055938720703125 0.158599853515625 0.27691650390625
-0.00711059570312499 0.0897750854492188 0.167724609375 0.340972900390625
-0.00221252441406251 0.0640525817871094 0.16033935546875 0.37774658203125
-0.00144195556640625 0.0775070190429687 0.121124267578125 0.439544677734375
-0.0491790771484375 0.0845260620117188 -0.00726318359374997 0.431793212890625
-0.0859375 0.0261077880859375 -0.08441162109375 0.31427001953125
-0.0772628784179687 -0.0629806518554688 -0.136474609375 0.143569946289063
0.0640106201171875 -0.0933914184570313 -0.0743942260742187 -0.0693893432617188
0.127304077148438 0.035858154296875 0.226959228515625 -0.154556274414063
0.0291290283203125 0.115425109863281 0.311370849609375 -0.048583984375
-0.2908935546875 -0.0148620605468749 0.6463623046875 0.33502197265625
-0.167587280273438 0.0252227783203125 0.205963134765625 0.123199462890625
-0.172836303710938 -0.06085205078125 -0.00186157226562505 0.324005126953125
-0.21759033203125 -0.00373840332031253 0.1787109375 0.43292236328125
-0.223403930664063 0.0873565673828124 0.228057861328125 0.242156982421875
-0.143692016601563 0.24072265625 0.169631958007812 0.22222900390625
-0.000503540039062518 0.275161743164063 0.146881103515625 0.278213500976563
0.01336669921875 0.235061645507813 0.137420654296875 0.312835693359375
0.02581787109375 0.2493896484375 0.11346435546875 0.37384033203125
-0.0376129150390625 0.247207641601562 0.02667236328125 0.382049560546875
-0.135543823242187 0.183349609375 -0.03363037109375 0.27899169921875
-0.186004638671875 0.0859222412109375 -0.09490966796875 0.151336669921875
-0.1458740234375 -0.0543060302734375 -0.0796127319335938 -0.0562591552734375
-0.118949890136719 -0.0269775390625 0.180374145507813 -0.154754638671875
-0.189544677734375 0.020050048828125 0.274368286132813 -0.04443359375
-0.51617431640625 -0.152740478515625 0.504791259765625 0.34552001953125
-0.45965576171875 -0.063751220703125 0.10052490234375 0.152633666992188
-0.46783447265625 -0.0432128906249999 -0.013824462890625 0.3544921875
-0.42059326171875 0.109527587890625 0.22314453125 0.442291259765625
-0.33245849609375 0.219970703125 0.282073974609375 0.17987060546875
-0.192535400390625 0.39227294921875 0.187835693359375 0.107757568359375
-0.00170898437499997 0.415863037109375 0.114364624023438 0.151824951171875
0.02508544921875 0.370758056640625 0.0936737060546875 0.19921875
0.053802490234375 0.38916015625 0.0771636962890625 0.272109985351562
-0.012237548828125 0.386199951171875 0.033538818359375 0.303497314453125
-0.154876708984375 0.3323974609375 -0.017333984375 0.227767944335938
-0.258163452148438 0.24993896484375 -0.079559326171875 0.136772155761719
-0.3353271484375 0.0313415527343749 -0.09747314453125 -0.066497802734375
-0.36004638671875 -0.0389099121093749 0.110733032226562 -0.155929565429688
-0.396209716796875 -0.054107666015625 0.18109130859375 -0.0638580322265625
-0.6485595703125 -0.27996826171875 0.3072509765625 0.31890869140625
-0.65966796875 -0.1531982421875 -0.0294647216796875 0.1829833984375
-0.6837158203125 -0.0299682617187501 0.00311279296874992 0.367706298828125
-0.5582275390625 0.208648681640625 0.289398193359375 0.3927001953125
-0.38580322265625 0.322174072265625 0.33740234375 0.072967529296875
-0.20556640625 0.480743408203125 0.202316284179688 -0.049285888671875
-0.00308227539062498 0.483642578125 0.0736465454101563 -0.01593017578125
0.02880859375 0.4481201171875 0.033294677734375 0.056243896484375
0.0724182128906251 0.478240966796875 0.01690673828125 0.147415161132813
0.015228271484375 0.4814453125 0.00814819335937502 0.197601318359375
-0.153839111328125 0.451263427734375 -0.03692626953125 0.156509399414063
-0.2960205078125 0.397979736328125 -0.0924301147460938 0.09869384765625
-0.48712158203125 0.139434814453125 -0.127342224121094 -0.0916748046875
-0.56787109375 -0.0147094726562499 0.0175628662109375 -0.145050048828125
-0.56732177734375 -0.108642578125 0.0350112915039062 -0.0970535278320313
-0.67364501953125 -0.35687255859375 0.0920715332031249 0.262481689453125
-0.73370361328125 -0.19805908203125 -0.150482177734375 0.204269409179687
-0.7581787109375 -0.00262451171874999 0.03594970703125 0.349761962890625
-0.5738525390625 0.27496337890625 0.34356689453125 0.28515625
-0.352783203125 0.3671875 0.3646240234375 -0.062225341796875
-0.17230224609375 0.48486328125 0.19525146484375 -0.219284057617187
0.00256347656250003 0.472564697265625 0.02679443359375 -0.193435668945312
0.027587890625 0.457183837890625 -0.0320053100585938 -0.097412109375
0.074066162109375 0.4969482421875 -0.0538101196289062 0.00712585449218753
0.0277099609375 0.51025390625 -0.0395278930664062 0.0703506469726563
-0.1485595703125 0.50799560546875 -0.0853195190429688 0.0619964599609375
-0.30645751953125 0.489898681640625 -0.125175476074219 0.0338211059570313
-0.58404541015625 0.220703125 -0.157730102539063 -0.126083374023438
-0.7061767578125 0.00659179687499987 -0.0903091430664063 -0.118705749511719
-0.66766357421875 -0.1544189453125 -0.150619506835938 -0.1378173828125
-0.60064697265625 -0.37139892578125 -0.0994262695312501 0.192962646484375
-0.6827392578125 -0.1845703125 -0.234100341796875 0.211166381835937
-0.67535400390625 0.040771484375 0.0714111328125 0.2978515625
-0.46051025390625 0.28717041015625 0.358551025390625 0.148895263671875
-0.24267578125 0.335357666015625 0.343780517578125 -0.185638427734375
-0.1068115234375 0.400634765625 0.160186767578125 -0.36029052734375
0.00686645507812498 0.384307861328125 -0.023223876953125 -0.34637451171875
0.019439697265625 0.395111083984375 -0.090850830078125 -0.237960815429688
0.05621337890625 0.4388427734375 -0.117904663085938 -0.130615234375
0.021759033203125 0.4583740234375 -0.094757080078125 -0.0660171508789062
-0.13140869140625 0.478424072265625 -0.142974853515625 -0.04754638671875
-0.28948974609375 0.48828125 -0.163131713867188 -0.05780029296875
-0.60943603515625 0.23724365234375 -0.174514770507813 -0.17401123046875
-0.74395751953125 -0.00128173828124986 -0.191268920898438 -0.09259033203125
-0.6644287109375 -0.19744873046875 -0.348968505859375 -0.191131591796875
-0.456939697265625 -0.323883056640625 -0.237899780273438 0.129364013671875
-0.540771484375 -0.12481689453125 -0.265289306640625 0.201004028320313
-0.486572265625 0.083953857421875 0.09674072265625 0.220718383789063
-0.275009155273438 0.247238159179687 0.320709228515625 0.017974853515625
-0.102294921875 0.240707397460937 0.276077270507813 -0.266403198242188
-0.0334320068359375 0.253311157226563 0.09808349609375 -0.443450927734375
0.00775146484375001 0.24151611328125 -0.073150634765625 -0.446563720703125
0.00999450683593751 0.272857666015625 -0.134979248046875 -0.343353271484375
0.031707763671875 0.309539794921875 -0.163223266601563 -0.246139526367188
0.014892578125 0.327789306640625 -0.135787963867188 -0.189590454101562
-0.0920104980468749 0.364410400390625 -0.187286376953125 -0.155685424804688
-0.232635498046875 0.404052734375 -0.184738159179688 -0.165481567382813
-0.547027587890625 0.19146728515625 -0.1632080078125 -0.23321533203125
-0.66107177734375 -0.0449829101562499 -0.266403198242188 -0.0795135498046875
-0.553619384765625 -0.225738525390625 -0.525238037109375 -0.258544921875
-0.257980346679688 -0.233505249023437 -0.31085205078125 0.088592529296875
-0.338775634765625 -0.0445861816406251 -0.25018310546875 0.182998657226563
-0.255645751953125 0.10504150390625 0.108230590820312 0.142166137695313
-0.08245849609375 0.167068481445313 0.253005981445312 -0.080169677734375
0.022979736328125 0.114227294921875 0.19024658203125 -0.29888916015625
0.0207672119140625 0.0771026611328125 0.030303955078125 -0.4656982421875
-0.00440216064453126 0.0689010620117188 -0.113677978515625 -0.48388671875
-0.00222015380859376 0.107948303222656 -0.158843994140625 -0.393646240234375
0.00958251953125 0.126701354980469 -0.180572509765625 -0.315582275390625
0.025634765625 0.142791748046875 -0.157516479492187 -0.27117919921875
-0.0172271728515625 0.201370239257813 -0.214447021484375 -0.236724853515625
-0.125473022460938 0.2698974609375 -0.18731689453125 -0.267333984375
-0.38983154296875 0.11895751953125 -0.122222900390625 -0.296234130859375
-0.457855224609375 -0.0832824707031251 -0.297943115234375 -0.0881652832031251
-0.33599853515625 -0.220550537109375 -0.64532470703125 -0.33538818359375
-0.00466156005859376 0.0995101928710938 0.6912841796875 0.2802734375
0.152587890625 0.0616455078125 0.267318725585938 0.08697509765625
0.116081237792969 -0.107864379882813 0.0394439697265625 0.273956298828125
-0.0174331665039062 -0.125503540039063 0.1678466796875 0.36614990234375
-0.099822998046875 -0.0533218383789063 0.189605712890625 0.246917724609375
-0.0792694091796875 0.056060791015625 0.158218383789063 0.269195556640625
-0.00199127197265624 0.0886611938476563 0.1676025390625 0.330780029296875
-0.000968933105468751 0.0639419555664063 0.161285400390625 0.365509033203125
3.8146972656249E-05 0.0759811401367188 0.127288818359375 0.424835205078125
-0.0455169677734375 0.0848159790039063 0.00158691406250002 0.4212646484375
-0.0836563110351562 0.0279922485351563 -0.072509765625 0.303253173828125
-0.0775833129882813 -0.060211181640625 -0.127342224121094 0.139518737792969
0.0613250732421875 -0.09326171875 -0.0694732666015625 -0.0670547485351563
0.126701354980469 0.0306854248046875 0.221359252929688 -0.155517578125
0.0289688110351562 0.111717224121094 0.304168701171875 -0.044830322265625
-0.283843994140625 -0.00897216796874994 0.63946533203125 0.32147216796875
-0.161407470703125 0.0269317626953125 0.2032470703125 0.114151000976563
-0.173736572265625 -0.0562896728515625 0.00122070312499996 0.317138671875
-0.21527099609375 -0.000473022460937489 0.1832275390625 0.4207763671875
-0.220962524414063 0.09033203125 0.224472045898438 0.232025146484375
-0.135498046875 0.240646362304687 0.1676025390625 0.214874267578125
0.00688171386718747 0.269927978515625 0.145248413085938 0.26995849609375
0.0180206298828125 0.230209350585938 0.13616943359375 0.301910400390625
0.0308685302734375 0.2435302734375 0.1168212890625 0.361236572265625
-0.0305938720703125 0.242385864257813 0.0362548828125 0.36981201171875
-0.12750244140625 0.182113647460937 -0.025390625 0.267791748046875
-0.180526733398438 0.088104248046875 -0.0863189697265625 0.146499633789062
-0.144500732421875 -0.051177978515625 -0.0754470825195313 -0.05291748046875
-0.117752075195312 -0.0246810913085938 0.175872802734375 -0.154464721679688
-0.185501098632812 0.0202789306640625 0.269683837890625 -0.04095458984375
-0.5067138671875 -0.140533447265625 0.501220703125 0.33306884765625
-0.448577880859375 -0.0563049316406251 0.100204467773437 0.145126342773438
-0.464141845703125 -0.0328674316406251 -0.01165771484375 0.347930908203125
-0.414581298828125 0.115447998046875 0.228424072265625 0.4288330078125
-0.32562255859375 0.22119140625 0.276031494140625 0.170684814453125
-0.181243896484375 0.389617919921875 0.18133544921875 0.102996826171875
0.00808715820312499 0.407440185546875 0.11126708984375 0.146942138671875
0.03179931640625 0.363128662109375 0.092041015625 0.19287109375
0.061981201171875 0.379913330078125 0.0791168212890625 0.264663696289063
-0.000427246093749995 0.37701416015625 0.04010009765625 0.29248046875
-0.14288330078125 0.328857421875 -0.0102691650390625 0.217239379882813
-0.246994018554687 0.250701904296875 -0.0724945068359375 0.131446838378906
-0.329315185546875 0.038238525390625 -0.0948638916015625 -0.06268310546875
-0.356048583984375 -0.030548095703125 0.108642578125 -0.15234375
-0.390533447265625 -0.0493469238281251 0.179702758789063 -0.058837890625
-0.63922119140625 -0.26458740234375 0.30615234375 0.30804443359375
-0.64752197265625 -0.14154052734375 -0.026336669921875 0.176254272460938
-0.67706298828125 -0.0139160156250001 0.00332641601562497 0.35870361328125
-0.5462646484375 0.2166748046875 0.29022216796875 0.379150390625
-0.37518310546875 0.322021484375 0.329010009765625 0.0640869140625
-0.191314697265625 0.4761962890625 0.192352294921875 -0.0518341064453125
0.00772094726562502 0.474273681640625 0.0675544738769531 -0.0165328979492187
0.037353515625 0.438934326171875 0.0304527282714844 0.0537528991699219
0.0830688476562501 0.46710205078125 0.0182647705078125 0.143646240234375
0.02838134765625 0.469268798828125 0.01373291015625 0.190658569335938
-0.140625 0.44549560546875 -0.0319671630859375 0.148910522460938
-0.282196044921875 0.398284912109375 -0.0870513916015625 0.09454345703125
-0.47845458984375 0.146240234375 -0.1243896484375 -0.0856475830078125
-0.5614013671875 -0.00286865234375007 0.0175399780273437 -0.138671875
-0.557952880859375 -0.101806640625 0.0384597778320312 -0.0896148681640625
-0.66546630859375 -0.34228515625 0.0933074951171875 0.253280639648438
-0.71856689453125 -0.1861572265625 -0.146072387695313 0.198379516601563
-0.74810791015625 0.0161743164062499 0.0358276367187499 0.34002685546875
-0.5601806640625 0.2822265625 0.340972900390625 0.272216796875
-0.33905029296875 0.3648681640625 0.354888916015625 -0.0684814453125
-0.158935546875 0.478271484375 0.183807373046875 -0.217086791992187
0.010894775390625 0.462799072265625 0.018951416015625 -0.189910888671875
0.034271240234375 0.447418212890625 -0.03570556640625 -0.0957870483398437
0.083343505859375 0.4871826171875 -0.0526123046875 0.00890350341796878
0.040679931640625 0.498046875 -0.0354766845703125 0.0668525695800782
-0.13275146484375 0.501129150390625 -0.0804367065429688 0.0584640502929688
-0.289459228515625 0.4884033203125 -0.120506286621094 0.0325698852539063
-0.57373046875 0.22979736328125 -0.156082153320313 -0.1171875
-0.6971435546875 0.0224609374999999 -0.0860748291015626 -0.1103515625
-0.65643310546875 -0.14471435546875 -0.143997192382813 -0.129287719726562
-0.59552001953125 -0.35797119140625 -0.0958862304687501 0.186111450195312
-0.66888427734375 -0.17144775390625 -0.227828979492188 0.205245971679687
-0.66485595703125 0.0573120117187501 0.06878662109375 0.28857421875
-0.448760986328125 0.294464111328125 0.3515625 0.139251708984375
-0.231842041015625 0.331268310546875 0.33087158203125 -0.186553955078125
-0.095245361328125 0.394287109375 0.147369384765625 -0.35418701171875
0.013671875 0.37677001953125 -0.031982421875 -0.33917236328125
0.025543212890625 0.388031005859375 -0.095611572265625 -0.231155395507812
0.063812255859375 0.4302978515625 -0.117996215820313 -0.124176025390625
0.03271484375 0.447357177734375 -0.0913314819335938 -0.0652618408203125
-0.117767333984375 0.47119140625 -0.140129089355469 -0.0471420288085937
-0.27484130859375 0.4873046875 -0.15924072265625 -0.0566864013671874
-0.60028076171875 0.24603271484375 -0.174606323242188 -0.162841796875
-0.7337646484375 0.0127563476562501 -0.185195922851563 -0.081939697265625
-0.65435791015625 -0.18719482421875 -0.339599609375 -0.1805419921875
-0.451751708984375 -0.312530517578125 -0.232742309570313 0.124801635742187
-0.526824951171875 -0.112152099609375 -0.259506225585938 0.195175170898437
-0.47698974609375 0.0950317382812501 0.091949462890625 0.212814331054688
-0.265899658203125 0.251022338867188 0.311614990234375 0.01165771484375
-0.093597412109375 0.237152099609375 0.26385498046875 -0.263961791992188
-0.0271759033203125 0.247756958007813 0.086669921875 -0.433502197265625
0.0108642578125 0.236160278320313 -0.081024169921875 -0.43658447265625
0.0134124755859375 0.267608642578125 -0.13861083984375 -0.333038330078125
0.036590576171875 0.303375244140625 -0.16253662109375 -0.236984252929688
0.02264404296875 0.3193359375 -0.134048461914063 -0.183914184570312
-0.081756591796875 0.359039306640625 -0.185592651367188 -0.15045166015625
-0.2208251953125 0.40155029296875 -0.182754516601563 -0.159637451171875
-0.538726806640625 0.2000732421875 -0.164443969726563 -0.220596313476562
-0.65283203125 -0.0285034179687501 -0.258880615234375 -0.068450927734375
-0.542724609375 -0.216064453125 -0.5142822265625 -0.244537353515625
-0.2579345703125 -0.226806640625 -0.306304931640625 0.084320068359375
-0.33001708984375 -0.037139892578125 -0.245071411132813 0.177566528320313
-0.249267578125 0.111099243164062 0.102241516113281 0.135749816894531
-0.07763671875 0.167739868164063 0.24249267578125 -0.082183837890625
0.0267868041992188 0.109474182128906 0.1796875 -0.292236328125
0.0218124389648437 0.0737991333007812 0.021087646484375 -0.452117919921875
-0.00393295288085938 0.0677947998046875 -0.119903564453125 -0.47039794921875
-0.0016632080078125 0.107170104980469 -0.16119384765625 -0.385009765625
0.010772705078125 0.124137878417969 -0.17938232421875 -0.305511474609375
0.0287628173828125 0.137603759765625 -0.156387329101563 -0.262771606445313
-0.01220703125 0.197372436523438 -0.212753295898437 -0.227340698242188
-0.118179321289063 0.267333984375 -0.187347412109375 -0.2584228515625
-0.384002685546875 0.124908447265625 -0.12518310546875 -0.283172607421875
-0.452880859375 -0.07232666015625 -0.29022216796875 -0.0775146484375
-0.3297119140625 -0.212799072265625 -0.634033203125 -0.31951904296875
-0.00101470947265624 0.10284423828125 0.69769287109375 0.27777099609375
0.156570434570313 0.060150146484375 0.267898559570313 0.0829010009765625
0.114715576171875 -0.110549926757813 0.040771484375 0.274917602539063
-0.0201797485351563 -0.126678466796875 0.171966552734375 0.365753173828125
-0.103828430175781 -0.0498886108398438 0.19122314453125 0.246444702148437
-0.0778884887695313 0.0582733154296875 0.16015625 0.269134521484375
0.00131225585937501 0.0889053344726563 0.16845703125 0.332000732421875
0.00036239624023438 0.0647010803222656 0.162353515625 0.364349365234375
0.00112915039062499 0.0768814086914062 0.13055419921875 0.420867919921875
-0.0430221557617188 0.0868606567382812 0.00918579101562498 0.4195556640625
-0.083587646484375 0.0293045043945312 -0.0660400390625 0.300323486328125
-0.0805282592773438 -0.0600051879882813 -0.122467041015625 0.138427734375
0.0595626831054687 -0.0960235595703125 -0.0655937194824219 -0.0673408508300781
0.127128601074219 0.0269393920898438 0.222305297851563 -0.1588134765625
0.0282821655273438 0.112312316894531 0.30718994140625 -0.039031982421875
-0.282470703125 -0.00555419921874996 0.64593505859375 0.32000732421875
-0.160003662109375 0.028106689453125 0.204849243164063 0.109786987304688
-0.177947998046875 -0.053741455078125 0.00119018554687502 0.318084716796875
-0.219512939453125 0.00190734863281253 0.189544677734375 0.419219970703125
-0.223251342773438 0.0944213867187501 0.224716186523438 0.22998046875
-0.131332397460938 0.24456787109375 0.167678833007812 0.215286254882813
0.01251220703125 0.270614624023438 0.14501953125 0.270523071289063
0.021087646484375 0.231201171875 0.137176513671875 0.301544189453125
0.036773681640625 0.245697021484375 0.119354248046875 0.358734130859375
-0.024261474609375 0.244094848632812 0.043060302734375 0.36676025390625
-0.124267578125 0.184097290039063 -0.0199432373046875 0.26422119140625
-0.18011474609375 0.092010498046875 -0.081756591796875 0.1441650390625
-0.14617919921875 -0.05035400390625 -0.0736312866210938 -0.052581787109375
-0.120376586914063 -0.02392578125 0.17626953125 -0.155838012695313
-0.188201904296875 0.020751953125 0.273468017578125 -0.036376953125
-0.509246826171875 -0.137176513671875 0.50897216796875 0.331146240234375
-0.449310302734375 -0.0528259277343749 0.100906372070312 0.14202880859375
-0.470916748046875 -0.0252380371093749 -0.0123291015625 0.348358154296875
-0.4180908203125 0.12384033203125 0.2332763671875 0.427764892578125
-0.32763671875 0.2274169921875 0.276687622070313 0.166717529296875
-0.176055908203125 0.397552490234375 0.180450439453125 0.101776123046875
0.014373779296875 0.40911865234375 0.108917236328125 0.148040771484375
0.036163330078125 0.3646240234375 0.0902862548828125 0.1929931640625
0.06817626953125 0.38238525390625 0.08056640625 0.263626098632813
0.00842285156249997 0.377899169921875 0.0457763671875 0.28887939453125
-0.136871337890625 0.3323974609375 -0.00650024414062501 0.212982177734375
-0.243804931640625 0.255661010742187 -0.0696563720703125 0.12884521484375
-0.331634521484375 0.0439758300781249 -0.0936203002929688 -0.060943603515625
-0.361236572265625 -0.025054931640625 0.109786987304687 -0.152816772460938
-0.39453125 -0.049285888671875 0.184829711914062 -0.0548095703125
-0.64202880859375 -0.26116943359375 0.310302734375 0.30682373046875
-0.6488037109375 -0.136474609375 -0.025909423828125 0.173782348632812
-0.6844482421875 -0.00341796875 0.00143432617187493 0.36029052734375
-0.55010986328125 0.228851318359375 0.2952880859375 0.376983642578125
-0.374725341796875 0.328765869140625 0.32830810546875 0.0596923828125
-0.185150146484375 0.482879638671875 0.188873291015625 -0.0532684326171875
0.01434326171875 0.47711181640625 0.0637168884277344 -0.0165824890136718
0.042755126953125 0.44146728515625 0.0279922485351563 0.0541572570800781
0.09033203125 0.468475341796875 0.0186767578125 0.144729614257813
0.037841796875 0.468963623046875 0.0176239013671875 0.187789916992188
-0.13201904296875 0.44970703125 -0.028839111328125 0.144882202148438
-0.275909423828125 0.407745361328125 -0.0856246948242188 0.0925445556640625
-0.48114013671875 0.1566162109375 -0.124282836914063 -0.0820846557617187
-0.5677490234375 0.00701904296875012 0.019195556640625 -0.136398315429688
-0.562103271484375 -0.10015869140625 0.0435562133789062 -0.085235595703125
-0.6702880859375 -0.34027099609375 0.0948333740234375 0.252120971679688
-0.7210693359375 -0.1805419921875 -0.14727783203125 0.19659423828125
-0.75567626953125 0.0301513671875 0.0318908691406249 0.33966064453125
-0.561431884765625 0.29766845703125 0.3463134765625 0.27056884765625
-0.337127685546875 0.370086669921875 0.352508544921875 -0.073577880859375
-0.15234375 0.485107421875 0.17791748046875 -0.218582153320312
0.01708984375 0.464874267578125 0.0127716064453125 -0.189804077148437
0.039764404296875 0.452789306640625 -0.0392303466796875 -0.0943145751953125
0.09228515625 0.487518310546875 -0.0530624389648438 0.0110282897949219
0.049530029296875 0.495941162109375 -0.0329933166503906 0.0641517639160157
-0.122833251953125 0.505645751953125 -0.0796737670898438 0.05645751953125
-0.28436279296875 0.496551513671875 -0.119956970214844 0.0314178466796875
-0.57855224609375 0.24078369140625 -0.156753540039063 -0.112335205078125
-0.7049560546875 0.0341796875000002 -0.0835952758789063 -0.10687255859375
-0.66009521484375 -0.14373779296875 -0.140342712402344 -0.125885009765625
-0.6004638671875 -0.35711669921875 -0.0960998535156251 0.184417724609375
-0.6693115234375 -0.16790771484375 -0.230789184570312 0.203598022460938
-0.67108154296875 0.0694580078125001 0.065032958984375 0.287506103515625
-0.4462890625 0.3060302734375 0.353515625 0.13641357421875
-0.226959228515625 0.3345947265625 0.32867431640625 -0.191802978515625
-0.090179443359375 0.396575927734375 0.141357421875 -0.35528564453125
0.016815185546875 0.37823486328125 -0.038330078125 -0.340179443359375
0.029541015625 0.389312744140625 -0.09930419921875 -0.230545043945312
0.07012939453125 0.431671142578125 -0.119483947753906 -0.12249755859375
0.041351318359375 0.445709228515625 -0.0905227661132813 -0.067138671875
-0.1099853515625 0.47552490234375 -0.139373779296875 -0.048004150390625
-0.268035888671875 0.494903564453125 -0.1600341796875 -0.05682373046875
-0.60357666015625 0.25787353515625 -0.175857543945313 -0.156753540039062
-0.741455078125 0.0232543945312499 -0.182968139648438 -0.0758514404296875
-0.657470703125 -0.18597412109375 -0.338287353515625 -0.1778564453125
-0.4580078125 -0.3138427734375 -0.236282348632812 0.121475219726563
-0.525726318359375 -0.1097412109375 -0.262969970703125 0.193832397460938
-0.47900390625 0.1053466796875 0.087493896484375 0.211578369140625
-0.263137817382812 0.260284423828125 0.310791015625 0.00903320312500002
-0.0889129638671875 0.237030029296875 0.259994506835938 -0.26531982421875
-0.0234375 0.247909545898438 0.081390380859375 -0.433074951171875
0.0124969482421875 0.237625122070313 -0.08831787109375 -0.436187744140625
0.015533447265625 0.27044677734375 -0.143585205078125 -0.33343505859375
0.0406494140625 0.304656982421875 -0.16424560546875 -0.236083984375
0.028106689453125 0.317474365234375 -0.133712768554688 -0.18548583984375
-0.076629638671875 0.3621826171875 -0.18634033203125 -0.149520874023438
-0.2164306640625 0.408966064453125 -0.184906005859375 -0.158599853515625
-0.542205810546875 0.21136474609375 -0.167205810546875 -0.214996337890625
-0.6597900390625 -0.02020263671875 -0.256515502929688 -0.0617218017578125
-0.54571533203125 -0.217010498046875 -0.515228271484375 -0.241455078125
-0.261749267578125 -0.22796630859375 -0.309906005859375 0.080322265625
-0.3282470703125 -0.0358886718750001 -0.249740600585938 0.1754150390625
-0.250213623046875 0.117279052734375 0.0971755981445313 0.134056091308594
-0.0754241943359375 0.173248291015625 0.240203857421875 -0.0824432373046875
0.0304794311523437 0.108680725097656 0.17578125 -0.291839599609375
0.023101806640625 0.0719757080078125 0.016357421875 -0.4486083984375
-0.00462722778320312 0.0681495666503906 -0.1256103515625 -0.4720458984375
-0.00108337402343749 0.108512878417969 -0.164886474609375 -0.384765625
0.0108108520507813 0.125175476074219 -0.180328369140625 -0.304656982421875
0.0305099487304688 0.136039733886719 -0.156524658203125 -0.2635498046875
-0.00898742675781252 0.198654174804688 -0.214447021484375 -0.224563598632812
-0.1142578125 0.27056884765625 -0.189285278320312 -0.256088256835938
-0.387664794921875 0.133209228515625 -0.128509521484375 -0.278671264648438
-0.457183837890625 -0.064666748046875 -0.2877197265625 -0.0711059570312499
-0.329803466796875 -0.21484375 -0.63677978515625 -0.316650390625
0.00484466552734375 0.107559204101563 0.72412109375 0.26934814453125
0.166183471679687 0.057159423828125 0.2762451171875 0.075927734375
0.113632202148438 -0.117324829101563 0.0462646484375 0.281341552734375
-0.0265426635742188 -0.129936218261719 0.185150146484375 0.369598388671875
-0.109268188476562 -0.04669189453125 0.20098876953125 0.246963500976563
-0.0762405395507813 0.0624847412109375 0.17041015625 0.2711181640625
0.00616455078124999 0.0903091430664063 0.1788330078125 0.33612060546875
0.003021240234375 0.0667991638183594 0.171173095703125 0.368896484375
0.00543975830078124 0.0802459716796875 0.144866943359375 0.4248046875
-0.04022216796875 0.0903244018554687 0.023101806640625 0.42486572265625
-0.0853652954101563 0.0331192016601562 -0.0572509765625 0.303680419921875
-0.0851364135742187 -0.0582656860351563 -0.117477416992187 0.14208984375
0.0582656860351562 -0.101303100585938 -0.0652084350585937 -0.0685310363769531
0.131011962890625 0.0224838256835938 0.224990844726563 -0.167831420898438
0.0294647216796875 0.115493774414063 0.316162109375 -0.039031982421875
-0.28717041015625 0.00210571289062502 0.67071533203125 0.31427001953125
-0.160079956054688 0.0316314697265625 0.211807250976562 0.105987548828125
-0.185516357421875 -0.0481719970703125 0.00643920898437496 0.325775146484375
-0.226470947265625 0.00994873046875004 0.207183837890625 0.424285888671875
-0.229034423828125 0.104995727539062 0.2342529296875 0.22906494140625
-0.126007080078125 0.256149291992188 0.174530029296875 0.215286254882813
0.0212860107421875 0.277145385742187 0.151947021484375 0.2752685546875
0.029571533203125 0.237396240234375 0.1453857421875 0.305267333984375
0.046417236328125 0.250808715820313 0.13067626953125 0.361846923828125
-0.01513671875 0.249176025390625 0.054718017578125 0.370574951171875
-0.121780395507813 0.192901611328125 -0.0114898681640625 0.264495849609375
-0.18206787109375 0.10052490234375 -0.0770721435546875 0.14556884765625
-0.15203857421875 -0.0462646484375 -0.0738601684570313 -0.0518569946289062
-0.124908447265625 -0.0207748413085938 0.17803955078125 -0.162155151367188
-0.194183349609375 0.0268707275390625 0.283935546875 -0.036590576171875
-0.524505615234375 -0.130035400390625 0.529754638671875 0.327850341796875
-0.459686279296875 -0.042877197265625 0.106491088867187 0.140388488769531
-0.48565673828125 -0.00921630859375007 -0.00674438476562503 0.357147216796875
-0.42755126953125 0.1412353515625 0.252685546875 0.43121337890625
-0.33221435546875 0.243927001953125 0.2855224609375 0.161834716796875
-0.167266845703125 0.41229248046875 0.183578491210938 0.099945068359375
0.027008056640625 0.417694091796875 0.112503051757813 0.150833129882813
0.049468994140625 0.373687744140625 0.093902587890625 0.19659423828125
0.084930419921875 0.3902587890625 0.0874176025390625 0.266845703125
0.022125244140625 0.384185791015625 0.056915283203125 0.29095458984375
-0.127685546875 0.345947265625 0.000228881835937492 0.212326049804688
-0.240478515625 0.27154541015625 -0.06591796875 0.130081176757813
-0.3397216796875 0.056732177734375 -0.0948944091796875 -0.0587387084960937
-0.373321533203125 -0.0135498046874999 0.11083984375 -0.156478881835938
-0.4066162109375 -0.041229248046875 0.1939697265625 -0.0548095703125
-0.6644287109375 -0.25579833984375 0.3255615234375 0.30706787109375
-0.664794921875 -0.1246337890625 -0.0251159667968751 0.17572021484375
-0.70440673828125 0.02099609375 0.00576782226562497 0.367828369140625
-0.559478759765625 0.254608154296875 0.31414794921875 0.37738037109375
-0.376861572265625 0.346923828125 0.336334228515625 0.049896240234375
-0.1754150390625 0.50201416015625 0.187149047851563 -0.05908203125
0.02740478515625 0.4879150390625 0.0611648559570313 -0.0159950256347656
0.05609130859375 0.4517822265625 0.0264663696289063 0.0565986633300781
0.10992431640625 0.478302001953125 0.0221099853515625 0.147933959960938
0.056640625 0.476043701171875 0.0246429443359375 0.18731689453125
-0.12054443359375 0.464508056640625 -0.0251312255859375 0.144393920898438
-0.26654052734375 0.426177978515625 -0.0832290649414063 0.0944671630859375
-0.490509033203125 0.17681884765625 -0.127189636230469 -0.077850341796875
-0.58416748046875 0.0271606445312499 0.020172119140625 -0.137916564941406
-0.580078125 -0.0913696289062499 0.0487899780273437 -0.0847015380859375
-0.69573974609375 -0.33502197265625 0.10302734375 0.255111694335938
-0.73992919921875 -0.16900634765625 -0.149566650390625 0.2010498046875
-0.7750244140625 0.0570678710937499 0.0347290039062499 0.34783935546875
-0.5665283203125 0.32623291015625 0.361541748046875 0.266845703125
-0.336029052734375 0.388580322265625 0.35809326171875 -0.085968017578125
-0.141357421875 0.499755859375 0.172027587890625 -0.22747802734375
0.0299072265625 0.475311279296875 0.00415039062499999 -0.192398071289063
0.05364990234375 0.46197509765625 -0.0449752807617188 -0.0932235717773437
0.11138916015625 0.497222900390625 -0.0544891357421875 0.0142173767089844
0.0684814453125 0.504150390625 -0.0313835144042969 0.0635452270507813
-0.1104736328125 0.523590087890625 -0.0786514282226562 0.0558547973632813
-0.27301025390625 0.519927978515625 -0.121536254882813 0.0334167480468751
-0.5888671875 0.2669677734375 -0.161834716796875 -0.106674194335937
-0.72515869140625 0.0599365234375001 -0.0842590332031251 -0.102264404296875
-0.67926025390625 -0.13507080078125 -0.140945434570313 -0.123123168945312
-0.62445068359375 -0.35302734375 -0.09613037109375 0.188339233398438
-0.68743896484375 -0.15850830078125 -0.236587524414063 0.211105346679688
-0.68719482421875 0.0948486328125 0.06646728515625 0.29302978515625
-0.447998046875 0.3321533203125 0.364044189453125 0.129486083984375
-0.221923828125 0.34808349609375 0.329681396484375 -0.2042236328125
-0.078460693359375 0.4083251953125 0.1309814453125 -0.365234375
0.026824951171875 0.38568115234375 -0.052032470703125 -0.345001220703125
0.042633056640625 0.39996337890625 -0.108963012695313 -0.231704711914062
0.086273193359375 0.441864013671875 -0.124603271484375 -0.121292114257812
0.0579833984375 0.451141357421875 -0.0924224853515625 -0.0687332153320312
-0.096527099609375 0.489990234375 -0.14300537109375 -0.0473785400390625
-0.2589111328125 0.518035888671875 -0.16473388671875 -0.0532073974609375
-0.61517333984375 0.28607177734375 -0.183181762695313 -0.150970458984375
-0.76214599609375 0.0507812500000001 -0.184127807617188 -0.06829833984375
-0.6805419921875 -0.178466796875 -0.34564208984375 -0.17352294921875
-0.4781494140625 -0.3126220703125 -0.242767333984375 0.126556396484375
-0.53887939453125 -0.09979248046875 -0.27032470703125 0.20037841796875
-0.48870849609375 0.1273193359375 0.0880279541015625 0.213821411132813
-0.2601318359375 0.2789306640625 0.31640625 0.00201416015625002
-0.0828094482421875 0.243301391601562 0.2587890625 -0.277267456054687
-0.01593017578125 0.252792358398438 0.069366455078125 -0.44122314453125
0.0179443359375 0.24249267578125 -0.10406494140625 -0.443023681640625
0.0247039794921875 0.2769775390625 -0.15545654296875 -0.336944580078125
0.05047607421875 0.312164306640625 -0.172760009765625 -0.237136840820312
0.039154052734375 0.32220458984375 -0.1396484375 -0.188278198242187
-0.065338134765625 0.373382568359375 -0.192901611328125 -0.148941040039062
-0.208526611328125 0.42742919921875 -0.193344116210937 -0.157577514648437
-0.5537109375 0.23602294921875 -0.176254272460938 -0.21063232421875
-0.67974853515625 0.00274658203125006 -0.259567260742188 -0.0518341064453126
-0.56500244140625 -0.21295166015625 -0.5296630859375 -0.235076904296875
-0.276535034179687 -0.230056762695313 -0.320220947265625 0.084197998046875
-0.33514404296875 -0.029632568359375 -0.257186889648438 0.182830810546875
-0.252517700195313 0.130996704101563 0.0956802368164063 0.134521484375
-0.070159912109375 0.183700561523438 0.239883422851563 -0.08905029296875
0.0363388061523438 0.108154296875 0.17169189453125 -0.29913330078125
0.0249557495117188 0.0716934204101563 0.004150390625 -0.45538330078125
-0.00360107421875 0.0703125 -0.14202880859375 -0.477630615234375
0.00136566162109376 0.112060546875 -0.177947998046875 -0.39056396484375
0.0138778686523437 0.128623962402344 -0.189605712890625 -0.30841064453125
0.0355072021484375 0.136390686035156 -0.165237426757813 -0.266128540039063
-0.00155639648437502 0.202743530273438 -0.223175048828125 -0.223556518554688
-0.10797119140625 0.28228759765625 -0.201431274414062 -0.257156372070312
-0.397613525390625 0.150909423828125 -0.138565063476563 -0.276931762695313
-0.471343994140625 -0.0528259277343749 -0.29193115234375 -0.0610961914062501
-0.3416748046875 -0.215301513671875 -0.660400390625 -0.31109619140625
0.013031005859375 0.109756469726563 0.75701904296875 0.24151611328125
0.175750732421875 0.0488128662109375 0.28460693359375 0.060150146484375
0.110099792480469 -0.126152038574219 0.060546875 0.28570556640625
-0.0348663330078125 -0.131072998046875 0.210723876953125 0.368865966796875
-0.116584777832031 -0.03948974609375 0.216339111328125 0.24090576171875
-0.0732269287109375 0.0682754516601563 0.186737060546875 0.2686767578125
0.012054443359375 0.0908889770507813 0.198455810546875 0.33587646484375
0.00763702392578125 0.0686378479003906 0.191650390625 0.3690185546875
0.011962890625 0.082489013671875 0.167327880859375 0.4234619140625
-0.0351104736328125 0.0956497192382813 0.047882080078125 0.427947998046875
-0.0851974487304688 0.0379791259765625 -0.038909912109375 0.308746337890625
-0.0921630859375 -0.0540008544921875 -0.108901977539063 0.147415161132813
0.0538864135742188 -0.107315063476563 -0.0664901733398438 -0.0676002502441406
0.133537292480469 0.0142059326171875 0.22283935546875 -0.18212890625
0.0345993041992188 0.118995666503906 0.325531005859375 -0.0484619140625
-0.291900634765625 0.01654052734375 0.70599365234375 0.2906494140625
-0.157196044921875 0.0404052734375 0.221343994140625 0.0949554443359375
-0.192459106445313 -0.0377197265625 0.022064208984375 0.333709716796875
-0.23223876953125 0.0236206054687501 0.235687255859375 0.42303466796875
-0.231979370117187 0.121124267578125 0.250701904296875 0.220504760742188
-0.114120483398438 0.271194458007813 0.187423706054688 0.211776733398438
0.037841796875 0.2825927734375 0.168289184570313 0.275802612304688
0.0438690185546875 0.241439819335938 0.161285400390625 0.3056640625
0.0635223388671875 0.253692626953125 0.148681640625 0.36065673828125
0.000473022460937501 0.25445556640625 0.076629638671875 0.36962890625
-0.1112060546875 0.203994750976563 0.00404357910156249 0.264541625976563
-0.180206298828125 0.113265991210938 -0.068450927734375 0.148956298828125
-0.157989501953125 -0.039459228515625 -0.0748062133789063 -0.0492324829101563
-0.129920959472656 -0.0132064819335937 0.175582885742188 -0.173812866210938
-0.199066162109375 0.03753662109375 0.29486083984375 -0.045166015625
-0.542205810546875 -0.1065673828125 0.55902099609375 0.3128662109375
-0.46893310546875 -0.021240234375 0.114143371582031 0.13629150390625
-0.49853515625 0.0207519531249999 0.00646972656250001 0.367828369140625
-0.428955078125 0.169830322265625 0.281097412109375 0.426910400390625
-0.328399658203125 0.267333984375 0.29937744140625 0.149627685546875
-0.14715576171875 0.433441162109375 0.188369750976563 0.0931549072265625
0.050689697265625 0.42669677734375 0.119491577148438 0.151077270507813
0.070587158203125 0.380584716796875 0.103912353515625 0.197891235351563
0.11114501953125 0.392913818359375 0.102584838867188 0.268478393554688
0.046966552734375 0.388519287109375 0.0732421875 0.289154052734375
-0.110565185546875 0.359649658203125 0.0121612548828125 0.21051025390625
-0.229156494140625 0.292266845703125 -0.0587158203125 0.133514404296875
-0.344696044921875 0.07757568359375 -0.097503662109375 -0.0538101196289063
-0.38397216796875 0.00921630859374998 0.107635498046875 -0.164031982421875
-0.419189453125 -0.0237426757812501 0.202545166015625 -0.06109619140625
-0.69415283203125 -0.22906494140625 0.34844970703125 0.29986572265625
-0.68365478515625 -0.0953369140624999 -0.0191650390625 0.179306030273438
-0.72235107421875 0.0626220703124999 0.019073486328125 0.377960205078125
-0.556976318359375 0.2957763671875 0.34246826171875 0.36859130859375
-0.367919921875 0.376861572265625 0.34564208984375 0.031890869140625
-0.149566650390625 0.5238037109375 0.1846923828125 -0.06884765625
0.0545349121093749 0.4976806640625 0.0589065551757812 -0.0165863037109375
0.08251953125 0.459625244140625 0.0293388366699219 0.0587959289550782
0.141021728515625 0.48138427734375 0.0289154052734375 0.151077270507813
0.086395263671875 0.47869873046875 0.035491943359375 0.186050415039063
-0.0941162109375 0.482421875 -0.017791748046875 0.143844604492188
-0.248077392578125 0.452606201171875 -0.0792160034179688 0.0996932983398438
-0.492431640625 0.211639404296875 -0.132362365722656 -0.0699615478515625
-0.597412109375 0.0629882812499999 0.0182266235351562 -0.138374328613281
-0.59814453125 -0.0665893554687499 0.05206298828125 -0.085723876953125
-0.73077392578125 -0.31134033203125 0.116470336914062 0.255950927734375
-0.76397705078125 -0.13677978515625 -0.146392822265625 0.21258544921875
-0.79156494140625 0.1044921875 0.046905517578125 0.355438232421875
-0.560546875 0.367950439453125 0.383636474609375 0.253570556640625
-0.3216552734375 0.41436767578125 0.360321044921875 -0.10760498046875
-0.11639404296875 0.51995849609375 0.160675048828125 -0.24017333984375
0.05413818359375 0.4853515625 -0.00849914550781249 -0.194808959960938
0.08087158203125 0.469482421875 -0.0517044067382812 -0.0905075073242187
0.14202880859375 0.502655029296875 -0.0551681518554687 0.0185546875
0.100616455078125 0.50738525390625 -0.0265159606933594 0.0631484985351563
-0.0800170898437499 0.54034423828125 -0.07733154296875 0.0569610595703125
-0.24945068359375 0.54888916015625 -0.121292114257813 0.041046142578125
-0.58782958984375 0.3104248046875 -0.169540405273438 -0.095947265625
-0.738525390625 0.10284423828125 -0.0860061645507813 -0.096710205078125
-0.703857421875 -0.10699462890625 -0.144210815429688 -0.117477416992187
-0.65997314453125 -0.33349609375 -0.0911407470703125 0.196578979492187
-0.707275390625 -0.12811279296875 -0.235992431640625 0.225570678710938
-0.6962890625 0.1400146484375 0.07525634765625 0.298004150390625
-0.437469482421875 0.36956787109375 0.37744140625 0.1124267578125
-0.2060546875 0.365509033203125 0.325469970703125 -0.226593017578125
-0.0576171875 0.420806884765625 0.11187744140625 -0.37689208984375
0.04705810546875 0.394378662109375 -0.073394775390625 -0.34698486328125
0.06561279296875 0.406341552734375 -0.123672485351563 -0.229339599609375
0.114532470703125 0.44671630859375 -0.133087158203125 -0.116867065429688
0.08514404296875 0.45501708984375 -0.0966873168945313 -0.06890869140625
-0.06939697265625 0.505889892578125 -0.147613525390625 -0.0439300537109375
-0.235321044921875 0.546142578125 -0.169891357421875 -0.0462799072265624
-0.61590576171875 0.33087158203125 -0.193084716796875 -0.139236450195313
-0.7783203125 0.0989379882812501 -0.18634033203125 -0.056854248046875
-0.70562744140625 -0.151611328125 -0.358245849609375 -0.15936279296875
-0.507415771484375 -0.2984619140625 -0.244247436523438 0.138458251953125
-0.554168701171875 -0.0779724121093749 -0.271560668945313 0.217208862304687
-0.490478515625 0.16021728515625 0.0933837890625 0.215728759765625
-0.2471923828125 0.303863525390625 0.320892333984375 -0.0137939453125
-0.068267822265625 0.251388549804688 0.24920654296875 -0.295806884765625
-0.00251770019531248 0.257644653320313 0.046630859375 -0.451324462890625
0.0299072265625 0.2474365234375 -0.131988525390625 -0.44573974609375
0.03973388671875 0.2828369140625 -0.175323486328125 -0.3348388671875
0.068939208984375 0.316925048828125 -0.187149047851563 -0.233718872070312
0.057281494140625 0.323486328125 -0.150421142578125 -0.187362670898438
-0.046173095703125 0.38519287109375 -0.20404052734375 -0.143295288085937
-0.18878173828125 0.4498291015625 -0.205047607421875 -0.149459838867188
-0.5570068359375 0.2750244140625 -0.189071655273437 -0.200668334960937
-0.6953125 0.0436401367187499 -0.2623291015625 -0.0359802246093751
-0.5880126953125 -0.194091796875 -0.552947998046875 -0.214599609375
-0.2972412109375 -0.223052978515625 -0.3282470703125 0.0978393554687501
-0.341888427734375 -0.015350341796875 -0.259140014648437 0.197586059570313
-0.251052856445312 0.151336669921875 0.0985260009765625 0.134162902832031
-0.05865478515625 0.195404052734375 0.238739013671875 -0.100906372070312
0.04534912109375 0.107032775878906 0.160491943359375 -0.31024169921875
0.0284271240234375 0.070159912109375 -0.019134521484375 -0.460723876953125
-0.002471923828125 0.072601318359375 -0.170623779296875 -0.481964111328125
0.00791168212890625 0.115692138671875 -0.20172119140625 -0.390380859375
0.0205078125 0.131820678710937 -0.20880126953125 -0.30718994140625
0.0432052612304688 0.134567260742187 -0.180526733398437 -0.264999389648438
0.0104522705078125 0.206375122070312 -0.238052368164062 -0.216644287109375
-0.094757080078125 0.294525146484375 -0.219131469726562 -0.251205444335938
-0.401123046875 0.18084716796875 -0.1546630859375 -0.271148681640625
-0.485687255859375 -0.0259704589843751 -0.296539306640625 -0.044677734375
-0.3599853515625 -0.207733154296875 -0.69000244140625 -0.2862548828125
0.021942138671875 0.1107177734375 0.77496337890625 0.19342041015625
0.181716918945313 0.03460693359375 0.28863525390625 0.039337158203125
0.102783203125 -0.134674072265625 0.0770263671875 0.28350830078125
-0.0451431274414063 -0.130142211914063 0.2354736328125 0.35308837890625
-0.120712280273438 -0.0303421020507813 0.231369018554687 0.227157592773437
-0.0684814453125 0.0743408203125 0.2037353515625 0.256210327148438
0.0190811157226562 0.0896682739257813 0.218658447265625 0.32647705078125
0.0133285522460937 0.068359375 0.21343994140625 0.35809326171875
0.0199203491210937 0.0824966430664063 0.1939697265625 0.411285400390625
-0.0273666381835937 0.0984878540039063 0.0777587890625 0.41925048828125
-0.0833511352539063 0.0446319580078125 -0.0167236328125 0.30438232421875
-0.0977096557617187 -0.0479583740234375 -0.096343994140625 0.150527954101563
0.0461654663085937 -0.112068176269531 -0.067413330078125 -0.0642547607421875
0.134429931640625 0.004364013671875 0.212265014648438 -0.195770263671875
0.0419387817382813 0.120780944824219 0.327972412109375 -0.062896728515625
-0.290374755859375 0.034881591796875 0.727783203125 0.24737548828125
-0.153076171875 0.0475006103515625 0.227294921875 0.079620361328125
-0.193435668945313 -0.0253753662109375 0.040771484375 0.336456298828125
-0.230224609375 0.0403289794921875 0.264007568359375 0.404815673828125
-0.224472045898438 0.138809204101563 0.26422119140625 0.201263427734375
-0.0937042236328125 0.280990600585938 0.198501586914063 0.198562622070313
0.057525634765625 0.280975341796875 0.185256958007813 0.268218994140625
0.0614776611328125 0.240402221679688 0.18017578125 0.297821044921875
0.082672119140625 0.249221801757813 0.17205810546875 0.35015869140625
0.02044677734375 0.25323486328125 0.10052490234375 0.359161376953125
-0.0972747802734375 0.21331787109375 0.0222625732421875 0.259017944335938
-0.172348022460937 0.12640380859375 -0.055511474609375 0.149551391601563
-0.160507202148438 -0.029754638671875 -0.0753326416015625 -0.0450820922851562
-0.130691528320313 -0.00518798828125 0.1673583984375 -0.18365478515625
-0.197341918945312 0.0512542724609375 0.299224853515625 -0.057861328125
-0.550994873046875 -0.0747680664062499 0.58367919921875 0.28033447265625
-0.467681884765625 0.0058288574218751 0.121864318847656 0.128608703613281
-0.496673583984375 0.055389404296875 0.02783203125 0.37017822265625
-0.41839599609375 0.202911376953125 0.313079833984375 0.408660888671875
-0.3123779296875 0.2930908203125 0.308074951171875 0.127960205078125
-0.11669921875 0.4459228515625 0.192581176757812 0.0814056396484375
0.0797119140625 0.4259033203125 0.127105712890625 0.145538330078125
0.097259521484375 0.376220703125 0.115585327148438 0.194122314453125
0.140655517578125 0.38543701171875 0.1180419921875 0.260513305664063
0.0762939453125 0.3819580078125 0.0928192138671875 0.279937744140625
-0.0833740234375 0.36865234375 0.025787353515625 0.204925537109375
-0.205352783203125 0.310272216796875 -0.0473175048828125 0.134918212890625
-0.338836669921875 0.100311279296875 -0.0974044799804688 -0.046966552734375
-0.3837890625 0.037445068359375 0.101181030273437 -0.168701171875
-0.421630859375 0.00402832031250003 0.206878662109375 -0.069976806640625
-0.7093505859375 -0.1868896484375 0.371246337890625 0.2808837890625
-0.68963623046875 -0.0537109374999999 -0.00935363769531255 0.179916381835938
-0.718017578125 0.11651611328125 0.0384521484375 0.38128662109375
-0.536163330078125 0.3389892578125 0.36798095703125 0.346466064453125
-0.34320068359375 0.404815673828125 0.34576416015625 0.00552368164062503
-0.11187744140625 0.537017822265625 0.175933837890625 -0.08050537109375
0.086761474609375 0.495819091796875 0.0562515258789063 -0.0183830261230468
0.114013671875 0.4549560546875 0.0321388244628906 0.0596389770507813
0.176177978515625 0.47100830078125 0.0381927490234375 0.150634765625
0.12176513671875 0.47015380859375 0.047210693359375 0.179718017578125
-0.057891845703125 0.48883056640625 -0.00852203369140625 0.138031005859375
-0.21337890625 0.472198486328125 -0.0706939697265625 0.102912902832031
-0.4794921875 0.2479248046875 -0.131797790527344 -0.0580673217773438
-0.59417724609375 0.10662841796875 0.01385498046875 -0.13714599609375
-0.6048583984375 -0.0285034179687499 0.0532608032226562 -0.0865554809570313
-0.75396728515625 -0.26617431640625 0.135147094726562 0.2496337890625
-0.77227783203125 -0.0911254882812499 -0.136917114257813 0.222579956054688
-0.7830810546875 0.16192626953125 0.06329345703125 0.35601806640625
-0.533355712890625 0.411529541015625 0.400909423828125 0.22821044921875
-0.29315185546875 0.4365234375 0.352386474609375 -0.13360595703125
-0.0784912109375001 0.527313232421875 0.141693115234375 -0.247940063476562
0.08642578125 0.485931396484375 -0.023651123046875 -0.191085815429687
0.1131591796875 0.465606689453125 -0.0572891235351563 -0.0851821899414062
0.179443359375 0.49310302734375 -0.0534782409667969 0.0228195190429688
0.134796142578125 0.497100830078125 -0.021575927734375 0.0602607727050781
-0.039825439453125 0.546783447265625 -0.0744171142578125 0.0587081909179688
-0.20843505859375 0.56854248046875 -0.116195678710938 0.0471878051757813
-0.56927490234375 0.35296630859375 -0.172027587890625 -0.08056640625
-0.73260498046875 0.15869140625 -0.0866470336914063 -0.08746337890625
-0.7108154296875 -0.0654296874999999 -0.14654541015625 -0.10693359375
-0.68292236328125 -0.29510498046875 -0.0797271728515626 0.202972412109375
-0.71539306640625 -0.0846557617187501 -0.226272583007813 0.242416381835938
-0.6849365234375 0.18914794921875 0.0879211425781249 0.295684814453125
-0.40789794921875 0.404052734375 0.3839111328125 0.08831787109375
-0.1800537109375 0.378173828125 0.3099365234375 -0.24896240234375
-0.027496337890625 0.422882080078125 0.0848083496093751 -0.382171630859375
0.0718994140625 0.39337158203125 -0.0986328125 -0.340087890625
0.091796875 0.40185546875 -0.137832641601562 -0.219024658203125
0.145538330078125 0.437652587890625 -0.1392822265625 -0.1075439453125
0.114654541015625 0.44586181640625 -0.100090026855469 -0.06561279296875
-0.033935546875 0.511322021484375 -0.150650024414063 -0.036712646484375
-0.193359375 0.56536865234375 -0.172073364257812 -0.0338592529296875
-0.5947265625 0.377197265625 -0.199020385742188 -0.121810913085937
-0.77288818359375 0.15460205078125 -0.182601928710938 -0.04180908203125
-0.71490478515625 -0.111572265625 -0.365692138671875 -0.13629150390625
-0.530426025390625 -0.268035888671875 -0.238494873046875 0.153182983398437
-0.558135986328125 -0.04364013671875 -0.263107299804688 0.235153198242188
-0.4788818359375 0.196990966796875 0.10162353515625 0.212570190429688
-0.222198486328125 0.325653076171875 0.318023681640625 -0.033935546875
-0.0492095947265625 0.254074096679688 0.22802734375 -0.310302734375
0.0158538818359375 0.256317138671875 0.0155029296875 -0.45111083984375
0.044586181640625 0.246566772460938 -0.163055419921875 -0.43450927734375
0.05889892578125 0.280624389648438 -0.19805908203125 -0.322998046875
0.090362548828125 0.313323974609375 -0.199630737304687 -0.221954345703125
0.079345703125 0.31719970703125 -0.160797119140625 -0.179214477539063
-0.01837158203125 0.38616943359375 -0.212509155273437 -0.13037109375
-0.1573486328125 0.46490478515625 -0.214096069335937 -0.13470458984375
-0.53912353515625 0.317657470703125 -0.198867797851563 -0.1829833984375
-0.693115234375 0.0936889648437501 -0.259078979492188 -0.0160369873046875
-0.60162353515625 -0.162353515625 -0.564453125 -0.1800537109375
-0.3155517578125 -0.205718994140625 -0.325714111328125 0.115814208984375
-0.34197998046875 0.00433349609374998 -0.252288818359375 0.214202880859375
-0.240249633789063 0.171295166015625 0.100105285644531 0.129875183105469
-0.04205322265625 0.202423095703125 0.230224609375 -0.115188598632812
0.0547637939453125 0.101173400878906 0.139984130859375 -0.31915283203125
0.03369140625 0.0668716430664063 -0.047271728515625 -0.4569091796875
0.00074005126953125 0.0730667114257813 -0.2034912109375 -0.470428466796875
0.0150299072265625 0.115798950195312 -0.2257080078125 -0.377899169921875
0.02862548828125 0.130203247070313 -0.224334716796875 -0.29693603515625
0.0508956909179687 0.129898071289063 -0.1942138671875 -0.255035400390625
0.025360107421875 0.2037353515625 -0.249649047851563 -0.1998291015625
-0.07281494140625 0.301971435546875 -0.235443115234375 -0.234771728515625
-0.39111328125 0.209228515625 -0.17010498046875 -0.257125854492188
-0.487640380859375 0.00881958007812504 -0.293548583984375 -0.0242004394531251
-0.373992919921875 -0.188446044921875 -0.7100830078125 -0.242919921875
0.029449462890625 0.107025146484375 0.7734375 0.147216796875
0.183135986328125 0.0209197998046875 0.282257080078125 0.019287109375
0.09295654296875 -0.141311645507813 0.090240478515625 0.274917602539063
-0.0517425537109375 -0.12298583984375 0.25201416015625 0.33294677734375
-0.120269775390625 -0.019775390625 0.236862182617188 0.207290649414063
-0.0615310668945312 0.0778350830078125 0.211532592773437 0.238784790039062
0.0238418579101563 0.0886077880859375 0.2283935546875 0.310333251953125
0.0193443298339844 0.0671005249023438 0.22698974609375 0.34033203125
0.0248794555664062 0.0801467895507813 0.20965576171875 0.38970947265625
-0.0196762084960938 0.0971145629882813 0.099151611328125 0.401123046875
-0.0783538818359375 0.05047607421875 0.00170898437500001 0.292083740234375
-0.0984344482421875 -0.0394287109375 -0.0841064453125 0.1502685546875
0.0389480590820313 -0.114944458007813 -0.06512451171875 -0.0622215270996094
0.131393432617188 -0.00524139404296875 0.199600219726562 -0.20013427734375
0.048797607421875 0.118392944335938 0.322845458984375 -0.07391357421875
-0.28399658203125 0.048553466796875 0.73052978515625 0.20751953125
-0.145706176757813 0.0496978759765625 0.22637939453125 0.0651397705078125
-0.193557739257813 -0.0140838623046875 0.0555419921875 0.32952880859375
-0.223602294921875 0.0536346435546875 0.279876708984375 0.3839111328125
-0.21417236328125 0.15167236328125 0.268386840820313 0.1826171875
-0.073822021484375 0.280380249023438 0.201187133789062 0.18255615234375
0.0730133056640625 0.271408081054688 0.194046020507813 0.252548217773438
0.07635498046875 0.230606079101563 0.190185546875 0.284149169921875
0.0955352783203125 0.237075805664062 0.188446044921875 0.331878662109375
0.037261962890625 0.245407104492188 0.11834716796875 0.33843994140625
-0.0808258056640625 0.214202880859375 0.034912109375 0.244949340820313
-0.159439086914062 0.134765625 -0.0444488525390625 0.148330688476562
-0.157180786132813 -0.0183563232421875 -0.0722808837890625 -0.0369644165039063
-0.127761840820313 0.00516510009765627 0.154449462890625 -0.187530517578125
-0.190292358398438 0.062591552734375 0.2965087890625 -0.069183349609375
-0.54547119140625 -0.0433654785156251 0.5908203125 0.24639892578125
-0.45477294921875 0.027008056640625 0.123458862304687 0.12060546875
-0.485107421875 0.0838317871093749 0.046051025390625 0.364990234375
-0.39508056640625 0.22662353515625 0.327423095703125 0.380889892578125
-0.288787841796875 0.30694580078125 0.30889892578125 0.105010986328125
-0.08624267578125 0.44256591796875 0.18743896484375 0.07025146484375
0.104644775390625 0.41558837890625 0.131324768066406 0.139389038085938
0.118255615234375 0.3624267578125 0.12255859375 0.184829711914063
0.163055419921875 0.36578369140625 0.127716064453125 0.249679565429688
0.0987548828125 0.365509033203125 0.10400390625 0.263824462890625
-0.057342529296875 0.363037109375 0.0350799560546875 0.190399169921875
-0.180419921875 0.318115234375 -0.0359039306640625 0.130104064941406
-0.32525634765625 0.120147705078125 -0.0924453735351563 -0.0375518798828125
-0.37066650390625 0.0621032714843749 0.0938568115234375 -0.165740966796875
-0.4117431640625 0.027252197265625 0.206375122070312 -0.0773468017578125
-0.70947265625 -0.14630126953125 0.381103515625 0.258544921875
-0.6715087890625 -0.0204467773437499 -0.000946044921875058 0.175384521484375
-0.6962890625 0.15509033203125 0.0540771484375 0.37152099609375
-0.501556396484375 0.36578369140625 0.380523681640625 0.31866455078125
-0.3128662109375 0.415283203125 0.338043212890625 -0.0167236328125
-0.076934814453125 0.531890869140625 0.166061401367188 -0.085418701171875
0.11444091796875 0.48297119140625 0.0496292114257813 -0.0160598754882812
0.13970947265625 0.43963623046875 0.0364265441894531 0.0581779479980469
0.20068359375 0.451446533203125 0.0452728271484375 0.14630126953125
0.147552490234375 0.447418212890625 0.05828857421875 0.169815063476563
-0.025726318359375 0.479766845703125 -0.000579833984375012 0.130470275878906
-0.17889404296875 0.473602294921875 -0.0612106323242188 0.102630615234375
-0.452117919921875 0.270904541015625 -0.128662109375 -0.049407958984375
-0.5745849609375 0.139892578125 0.0102462768554687 -0.133941650390625
-0.59368896484375 0.00158691406250001 0.0530471801757812 -0.0870819091796875
-0.75347900390625 -0.2218017578125 0.146194458007812 0.23919677734375
-0.75830078125 -0.0458984375000001 -0.124557495117188 0.225357055664063
-0.75555419921875 0.20556640625 0.0764465332031249 0.35137939453125
-0.49237060546875 0.437286376953125 0.4024658203125 0.200286865234375
-0.25994873046875 0.442474365234375 0.33392333984375 -0.1510009765625
-0.043701171875 0.518829345703125 0.12298583984375 -0.246780395507812
0.116119384765625 0.470672607421875 -0.03485107421875 -0.183868408203125
0.13897705078125 0.44903564453125 -0.0599365234375 -0.07763671875
0.204376220703125 0.467529296875 -0.0507164001464843 0.0266876220703125
0.160430908203125 0.473052978515625 -0.0198478698730469 0.0569419860839844
-0.00274658203124998 0.53521728515625 -0.0695457458496094 0.0573616027832032
-0.16802978515625 0.56787109375 -0.107582092285156 0.0535964965820313
-0.537689208984375 0.381439208984375 -0.167327880859375 -0.0667572021484375
-0.70574951171875 0.201171875 -0.0819320678710938 -0.0776824951171875
-0.700927734375 -0.0297241210937499 -0.144699096679688 -0.0959625244140625
-0.68865966796875 -0.2510986328125 -0.066192626953125 0.202545166015625
-0.7030029296875 -0.0496826171875 -0.209625244140625 0.250137329101563
-0.65643310546875 0.22802734375 0.09735107421875 0.29046630859375
-0.369232177734375 0.42279052734375 0.378814697265625 0.064361572265625
-0.15240478515625 0.378326416015625 0.285003662109375 -0.26043701171875
0.000732421874999955 0.413665771484375 0.059417724609375 -0.376007080078125
0.093536376953125 0.383270263671875 -0.1207275390625 -0.324462890625
0.11444091796875 0.39013671875 -0.146530151367188 -0.204757690429687
0.16973876953125 0.42022705078125 -0.142379760742188 -0.0955352783203125
0.139373779296875 0.4259033203125 -0.099822998046875 -0.063079833984375
0.00100708007812505 0.500579833984375 -0.151535034179688 -0.0290374755859375
-0.15478515625 0.5662841796875 -0.166824340820313 -0.0247344970703125
-0.55914306640625 0.409027099609375 -0.195220947265625 -0.102386474609375
-0.74761962890625 0.19805908203125 -0.174896240234375 -0.0294647216796875
-0.70977783203125 -0.0745849609375 -0.36041259765625 -0.11285400390625
-0.537078857421875 -0.234283447265625 -0.226104736328125 0.162429809570312
-0.545989990234375 -0.0133056640625 -0.246627807617188 0.245162963867188
-0.45458984375 0.2230224609375 0.105270385742187 0.207550048828125
-0.192596435546875 0.3338623046875 0.306854248046875 -0.048675537109375
-0.029632568359375 0.24786376953125 0.205047607421875 -0.313934326171875
0.032684326171875 0.24725341796875 -0.00939941406249999 -0.43756103515625
0.0564117431640625 0.240798950195313 -0.18682861328125 -0.4144287109375
0.0747222900390625 0.271011352539062 -0.21002197265625 -0.30609130859375
0.106719970703125 0.30145263671875 -0.20709228515625 -0.206451416015625
0.09521484375 0.30279541015625 -0.165130615234375 -0.168975830078125
0.00637817382812496 0.378875732421875 -0.212997436523438 -0.116180419921875
-0.1224365234375 0.465057373046875 -0.214950561523438 -0.11737060546875
-0.509918212890625 0.344146728515625 -0.19842529296875 -0.163497924804687
-0.6724853515625 0.13433837890625 -0.24725341796875 -0.00181579589843754
-0.59857177734375 -0.12884521484375 -0.560577392578125 -0.147003173828125
-0.324310302734375 -0.1856689453125 -0.317779541015625 0.130401611328125
-0.334869384765625 0.0223999023437501 -0.238861083984375 0.222259521484375
-0.2213134765625 0.18524169921875 0.101188659667969 0.125556945800781
-0.0243988037109375 0.204025268554688 0.215988159179688 -0.121246337890625
0.0609893798828125 0.094268798828125 0.1190185546875 -0.31646728515625
0.0384521484375 0.062347412109375 -0.067230224609375 -0.437225341796875
0.003692626953125 0.0730514526367188 -0.224365234375 -0.445892333984375
0.0207138061523437 0.114776611328125 -0.241668701171875 -0.35931396484375
0.0343551635742188 0.128776550292969 -0.234664916992188 -0.279251098632813
0.0552215576171875 0.1224365234375 -0.203445434570313 -0.238723754882812
0.0396881103515625 0.196640014648438 -0.255706787109375 -0.181365966796875
-0.0501708984375 0.300201416015625 -0.239349365234375 -0.214813232421875
-0.37017822265625 0.231475830078125 -0.175704956054688 -0.237838745117187
-0.473968505859375 0.03839111328125 -0.280914306640625 -0.00790405273437497
-0.37640380859375 -0.16741943359375 -0.70526123046875 -0.19921875
0.0312271118164063 0.104484558105469 0.759521484375 0.121337890625
0.178863525390625 0.012725830078125 0.273361206054688 0.0098724365234375
0.08563232421875 -0.14117431640625 0.095367431640625 0.268081665039063
-0.0551376342773438 -0.118011474609375 0.256011962890625 0.3172607421875
-0.117820739746094 -0.011810302734375 0.236495971679688 0.192901611328125
-0.0585479736328125 0.0799331665039063 0.209442138671875 0.224395751953125
0.0264129638671875 0.0851211547851563 0.232879638671875 0.2965087890625
0.0211257934570313 0.0670242309570313 0.228759765625 0.327606201171875
0.0289993286132812 0.0773391723632813 0.21307373046875 0.37030029296875
-0.0141220092773437 0.0970687866210938 0.106201171875 0.384185791015625
-0.0758590698242187 0.0531997680664063 0.00997924804687497 0.276809692382813
-0.0988540649414063 -0.0315475463867188 -0.0728912353515625 0.142379760742188
0.0331497192382813 -0.113807678222656 -0.0643653869628906 -0.0597953796386719
0.126655578613281 -0.00858306884765625 0.187301635742188 -0.201263427734375
0.0524826049804687 0.117469787597656 0.31817626953125 -0.0780029296875
-0.27520751953125 0.0571136474609374 0.72161865234375 0.1793212890625
-0.137619018554688 0.0538253784179688 0.22021484375 0.055328369140625
-0.186935424804688 -0.00773620605468746 0.064178466796875 0.322540283203125
-0.216690063476563 0.062744140625 0.28887939453125 0.3624267578125
-0.203292846679688 0.156707763671875 0.265411376953125 0.165542602539063
-0.0608978271484375 0.278244018554688 0.198974609375 0.17205810546875
0.0817108154296875 0.265594482421875 0.194671630859375 0.245681762695313
0.0816802978515625 0.224029541015625 0.193618774414062 0.27203369140625
0.10614013671875 0.227096557617188 0.1875 0.318603515625
0.048187255859375 0.23394775390625 0.122283935546875 0.32330322265625
-0.0701904296875 0.210739135742187 0.0400390625 0.229629516601563
-0.148208618164063 0.1378173828125 -0.036224365234375 0.1387939453125
-0.153579711914063 -0.015106201171875 -0.0689048767089844 -0.0368461608886719
-0.123252868652344 0.011199951171875 0.147964477539062 -0.184341430664062
-0.182632446289063 0.0678863525390625 0.290557861328125 -0.073333740234375
-0.532928466796875 -0.025299072265625 0.584228515625 0.222900390625
-0.441131591796875 0.0403442382812501 0.125434875488281 0.113914489746094
-0.4686279296875 0.0968322753906251 0.053466796875 0.358367919921875
-0.3746337890625 0.23443603515625 0.334991455078125 0.361663818359375
-0.271270751953125 0.308746337890625 0.299224853515625 0.08868408203125
-0.06658935546875 0.43597412109375 0.183731079101563 0.0622711181640625
0.118621826171875 0.40191650390625 0.1312255859375 0.133941650390625
0.125946044921875 0.348358154296875 0.125778198242188 0.177490234375
0.1727294921875 0.35015869140625 0.131301879882813 0.23858642578125
0.11053466796875 0.348388671875 0.106735229492188 0.24957275390625
-0.03973388671875 0.355682373046875 0.0371856689453125 0.180282592773438
-0.161346435546875 0.313995361328125 -0.0278472900390625 0.124580383300781
-0.310028076171875 0.12615966796875 -0.0887985229492188 -0.03515625
-0.358062744140625 0.073455810546875 0.0892486572265625 -0.163604736328125
-0.40301513671875 0.03765869140625 0.20068359375 -0.0802001953125
-0.69635009765625 -0.1199951171875 0.38482666015625 0.2406005859375
-0.65380859375 -0.00103759765625006 0.00463867187499998 0.174880981445312
-0.6685791015625 0.1746826171875 0.061859130859375 0.368804931640625
-0.474517822265625 0.37347412109375 0.380889892578125 0.2943115234375
-0.28973388671875 0.41363525390625 0.3258056640625 -0.02935791015625
-0.0529479980468749 0.517913818359375 0.155563354492188 -0.089080810546875
0.129486083984375 0.47064208984375 0.0487289428710938 -0.0160064697265625
0.151092529296875 0.423492431640625 0.0357017517089844 0.0571365356445313
0.214019775390625 0.4276123046875 0.0474395751953125 0.142044067382813
0.158660888671875 0.425506591796875 0.0578155517578125 0.158401489257813
-0.00469970703124995 0.466278076171875 -0.00153350830078125 0.124092102050781
-0.151153564453125 0.46875 -0.0534820556640625 0.0984344482421875
-0.431121826171875 0.281402587890625 -0.121429443359375 -0.0416336059570312
-0.551666259765625 0.1591796875 0.0111618041992187 -0.126243591308594
-0.5789794921875 0.0181274414062501 0.0538406372070312 -0.0861434936523438
-0.74267578125 -0.19293212890625 0.151763916015625 0.228286743164063
-0.73541259765625 -0.02825927734375 -0.112869262695313 0.22296142578125
-0.72808837890625 0.224853515625 0.0829772949218749 0.342559814453125
-0.46124267578125 0.445343017578125 0.397308349609375 0.181488037109375
-0.237579345703125 0.43829345703125 0.317352294921875 -0.160675048828125
-0.0220947265625 0.505645751953125 0.109054565429687 -0.242645263671875
0.127105712890625 0.457550048828125 -0.042999267578125 -0.172988891601562
0.14971923828125 0.432403564453125 -0.0602340698242188 -0.0738067626953125
0.216339111328125 0.45050048828125 -0.0480995178222656 0.0277976989746094
0.173095703125 0.4493408203125 -0.0177192687988281 0.0527076721191407
0.01763916015625 0.5218505859375 -0.0687904357910156 0.0554656982421875
-0.13934326171875 0.560028076171875 -0.09930419921875 0.053375244140625
-0.50775146484375 0.391937255859375 -0.15740966796875 -0.0578765869140625
-0.67767333984375 0.22088623046875 -0.0765838623046875 -0.0730514526367188
-0.68560791015625 -0.0118408203125001 -0.1397705078125 -0.0892410278320312
-0.68121337890625 -0.22369384765625 -0.05523681640625 0.199417114257813
-0.68365478515625 -0.0272827148437499 -0.198440551757813 0.249343872070313
-0.630126953125 0.24456787109375 0.10015869140625 0.2857666015625
-0.339385986328125 0.424713134765625 0.3681640625 0.052734375
-0.1331787109375 0.371246337890625 0.268264770507813 -0.263168334960938
0.01763916015625 0.400726318359375 0.044769287109375 -0.363616943359375
0.104949951171875 0.370819091796875 -0.127532958984375 -0.30865478515625
0.122833251953125 0.37396240234375 -0.14813232421875 -0.196029663085938
0.179901123046875 0.403533935546875 -0.138931274414063 -0.0862045288085937
0.150146484375 0.403717041015625 -0.0996017456054687 -0.0599365234375
0.018402099609375 0.48651123046875 -0.14691162109375 -0.0243988037109375
-0.126434326171875 0.557159423828125 -0.160247802734375 -0.0168914794921875
-0.53082275390625 0.417877197265625 -0.186599731445313 -0.091827392578125
-0.71697998046875 0.22003173828125 -0.166000366210938 -0.020751953125
-0.6932373046875 -0.05450439453125 -0.3519287109375 -0.1007080078125
-0.534820556640625 -0.2115478515625 -0.213470458984375 0.163742065429687
-0.5316162109375 -0.00250244140625009 -0.235092163085938 0.246826171875
-0.432037353515625 0.23388671875 0.103729248046875 0.203338623046875
-0.170562744140625 0.33428955078125 0.294586181640625 -0.055755615234375
-0.01953125 0.23834228515625 0.1868896484375 -0.31280517578125
0.0402374267578125 0.236572265625 -0.020904541015625 -0.420440673828125
0.0631103515625 0.232666015625 -0.194427490234375 -0.396484375
0.08172607421875 0.263107299804688 -0.21380615234375 -0.29046630859375
0.114044189453125 0.28985595703125 -0.206039428710938 -0.19439697265625
0.1016845703125 0.288238525390625 -0.166213989257812 -0.162033081054688
0.020965576171875 0.366424560546875 -0.211212158203125 -0.106597900390625
-0.10198974609375 0.45660400390625 -0.208709716796875 -0.1068115234375
-0.483245849609375 0.3570556640625 -0.193206787109375 -0.1494140625
-0.6478271484375 0.15252685546875 -0.233810424804688 0.00732421874999996
-0.58831787109375 -0.11334228515625 -0.54949951171875 -0.1268310546875
-0.32525634765625 -0.168212890625 -0.30517578125 0.13446044921875
-0.3236083984375 0.028411865234375 -0.228515625 0.224929809570313
-0.208343505859375 0.187667846679687 0.096435546875 0.123519897460938
-0.0123748779296875 0.199554443359375 0.20269775390625 -0.123260498046875
0.065582275390625 0.0838241577148438 0.10369873046875 -0.307586669921875
0.0372886657714844 0.0555801391601562 -0.0787353515625 -0.42138671875
0.004730224609375 0.0715103149414063 -0.23309326171875 -0.428558349609375
0.0244522094726562 0.108863830566406 -0.245819091796875 -0.34405517578125
0.0378036499023438 0.123542785644531 -0.235595703125 -0.265411376953125
0.0569000244140625 0.115867614746094 -0.202560424804688 -0.227767944335938
0.04547119140625 0.187393188476563 -0.250930786132812 -0.16632080078125
-0.03875732421875 0.294891357421875 -0.2391357421875 -0.199615478515625
-0.352386474609375 0.24139404296875 -0.172470092773438 -0.222625732421875
-0.459228515625 0.0524902343749999 -0.269546508789063 0.00189208984374999
-0.375030517578125 -0.157958984375 -0.6934814453125 -0.17498779296875
0.0317764282226563 0.104835510253906 0.756103515625 0.10882568359375
0.177276611328125 0.0076751708984375 0.266937255859375 0.0047454833984375
0.0799789428710938 -0.140380859375 0.09710693359375 0.265548706054688
-0.057281494140625 -0.116279602050781 0.258880615234375 0.306854248046875
-0.118522644042969 -0.007843017578125 0.234619140625 0.185150146484375
-0.0554046630859375 0.0822982788085938 0.207183837890625 0.21807861328125
0.0300521850585937 0.0870285034179687 0.234375 0.2919921875
0.0226364135742188 0.0662002563476562 0.23004150390625 0.320831298828125
0.0315933227539063 0.075103759765625 0.2130126953125 0.36175537109375
-0.0105514526367188 0.0977020263671875 0.10968017578125 0.372955322265625
-0.0751113891601563 0.05615234375 0.012969970703125 0.268585205078125
-0.0987014770507813 -0.0296554565429687 -0.06915283203125 0.136451721191406
0.0281906127929688 -0.116500854492187 -0.0626449584960938 -0.0581016540527344
0.124702453613281 -0.0116500854492187 0.184249877929688 -0.198593139648438
0.05413818359375 0.117622375488281 0.319000244140625 -0.0765380859375
-0.272537231445313 0.063934326171875 0.72015380859375 0.165283203125
-0.133468627929688 0.0526199340820312 0.218612670898437 0.0510406494140625
-0.186080932617187 -0.00526428222656248 0.06781005859375 0.32098388671875
-0.212142944335937 0.065155029296875 0.292510986328125 0.352020263671875
-0.20001220703125 0.161651611328125 0.260589599609375 0.156494140625
-0.0546112060546875 0.277053833007813 0.196014404296875 0.168121337890625
0.088409423828125 0.262496948242188 0.19476318359375 0.240798950195313
0.0845184326171875 0.218826293945313 0.193618774414063 0.267303466796875
0.108871459960938 0.222244262695313 0.18756103515625 0.310882568359375
0.0507659912109375 0.228897094726563 0.123321533203125 0.313934326171875
-0.0656280517578125 0.2103271484375 0.0397491455078125 0.222061157226563
-0.141754150390625 0.139938354492188 -0.0319976806640625 0.1334228515625
-0.153488159179688 -0.01434326171875 -0.0661430358886719 -0.0366172790527344
-0.121421813964844 0.0121383666992188 0.145401000976563 -0.182891845703125
-0.178924560546875 0.0717926025390625 0.292633056640625 -0.074371337890625
-0.527313232421875 -0.014923095703125 0.58770751953125 0.2099609375
-0.43310546875 0.0433349609375 0.126235961914062 0.109855651855469
-0.4598388671875 0.1041259765625 0.056854248046875 0.35638427734375
-0.366973876953125 0.240020751953125 0.339111328125 0.34747314453125
-0.26434326171875 0.30999755859375 0.293731689453125 0.079071044921875
-0.055419921875 0.433013916015625 0.177963256835938 0.059600830078125
0.125885009765625 0.397674560546875 0.129737854003906 0.13262939453125
0.1337890625 0.342803955078125 0.125137329101563 0.17425537109375
0.177825927734375 0.342041015625 0.130813598632813 0.2354736328125
0.115966796875 0.338104248046875 0.108047485351563 0.240646362304688
-0.03082275390625 0.350677490234375 0.0354766845703125 0.173324584960938
-0.1502685546875 0.313232421875 -0.0257644653320313 0.119796752929688
-0.305023193359375 0.130035400390625 -0.0851516723632813 -0.0338516235351562
-0.351165771484375 0.0795898437499999 0.0891571044921875 -0.161468505859375
-0.39666748046875 0.04315185546875 0.203292846679687 -0.081146240234375
-0.6907958984375 -0.108642578125 0.3868408203125 0.23089599609375
-0.64483642578125 0.00640869140624999 0.00819396972656247 0.171188354492188
-0.65948486328125 0.18341064453125 0.0653076171874999 0.365753173828125
-0.457366943359375 0.380340576171875 0.3824462890625 0.286041259765625
-0.28009033203125 0.4127197265625 0.316650390625 -0.036346435546875
-0.041717529296875 0.51171875 0.147857666015625 -0.0874176025390625
0.138458251953125 0.463531494140625 0.0456314086914063 -0.0137290954589843
0.15692138671875 0.416259765625 0.0359687805175781 0.0549507141113282
0.220245361328125 0.41986083984375 0.0491714477539063 0.139533996582031
0.166412353515625 0.411590576171875 0.0571136474609375 0.152297973632813
0.00625610351562502 0.46087646484375 -0.00292205810546875 0.119735717773438
-0.1363525390625 0.466217041015625 -0.049072265625 0.0946426391601563
-0.419647216796875 0.284332275390625 -0.116775512695313 -0.0393295288085937
-0.5406494140625 0.16815185546875 0.0150985717773437 -0.124771118164062
-0.5723876953125 0.0227661132812499 0.055938720703125 -0.0847091674804688
-0.73870849609375 -0.1802978515625 0.15826416015625 0.221893310546875
-0.72607421875 -0.02056884765625 -0.107879638671875 0.221542358398438
-0.71441650390625 0.2342529296875 0.0843505859375 0.342376708984375
-0.441680908203125 0.44903564453125 0.397003173828125 0.173675537109375
-0.2261962890625 0.434356689453125 0.3084716796875 -0.165740966796875
-0.011505126953125 0.4954833984375 0.10205078125 -0.239349365234375
0.134735107421875 0.450164794921875 -0.0457611083984375 -0.1685791015625
0.15533447265625 0.424102783203125 -0.0601425170898438 -0.0726699829101562
0.22320556640625 0.44049072265625 -0.0463981628417969 0.0301895141601563
0.177764892578125 0.43621826171875 -0.0181846618652344 0.0487442016601563
0.02886962890625 0.511932373046875 -0.0695686340332031 0.0535354614257813
-0.122772216796875 0.5577392578125 -0.0956192016601563 0.0518417358398438
-0.49493408203125 0.395751953125 -0.151107788085938 -0.0539398193359375
-0.664306640625 0.2318115234375 -0.0713043212890626 -0.0710830688476563
-0.6795654296875 -0.00500488281249999 -0.136672973632813 -0.0864791870117188
-0.67822265625 -0.21148681640625 -0.0491485595703126 0.195449829101563
-0.67327880859375 -0.0215454101562501 -0.192230224609375 0.248046875
-0.6162109375 0.25128173828125 0.0995788574218749 0.28411865234375
-0.322265625 0.427886962890625 0.36297607421875 0.047943115234375
-0.124847412109375 0.364105224609375 0.259140014648438 -0.263931274414063
0.025054931640625 0.390289306640625 0.039794921875 -0.355712890625
0.10968017578125 0.365386962890625 -0.13067626953125 -0.300750732421875
0.128631591796875 0.369659423828125 -0.148406982421875 -0.191940307617187
0.18560791015625 0.396697998046875 -0.137580871582031 -0.085479736328125
0.1541748046875 0.393524169921875 -0.100715637207031 -0.0611419677734375
0.0303955078125 0.478759765625 -0.146484375 -0.0233306884765625
-0.112213134765625 0.55352783203125 -0.152999877929688 -0.0144805908203125
-0.517730712890625 0.4227294921875 -0.17962646484375 -0.0871429443359375
-0.7041015625 0.23095703125 -0.158065795898438 -0.0185394287109375
-0.68658447265625 -0.05120849609375 -0.3492431640625 -0.09564208984375
-0.53363037109375 -0.199615478515625 -0.20843505859375 0.161163330078125
-0.523590087890625 0.00326538085937491 -0.229080200195313 0.245880126953125
-0.422088623046875 0.238616943359375 0.102859497070312 0.205032348632813
-0.15576171875 0.334014892578125 0.2872314453125 -0.057647705078125
-0.01373291015625 0.231170654296875 0.17864990234375 -0.309967041015625
0.044219970703125 0.227645874023438 -0.026123046875 -0.41339111328125
0.0649261474609375 0.22998046875 -0.19915771484375 -0.386566162109375
0.084991455078125 0.25885009765625 -0.215057373046875 -0.284027099609375
0.11785888671875 0.28497314453125 -0.204620361328125 -0.190109252929688
0.103546142578125 0.2794189453125 -0.1654052734375 -0.160568237304687
0.0284423828125 0.35943603515625 -0.210128784179688 -0.101516723632812
-0.089874267578125 0.4547119140625 -0.204757690429688 -0.102249145507812
-0.471527099609375 0.363128662109375 -0.187744140625 -0.143814086914062
-0.636474609375 0.16143798828125 -0.226547241210938 0.00978088378906255
-0.58416748046875 -0.1087646484375 -0.546844482421875 -0.11834716796875
-0.3272705078125 -0.159698486328125 -0.300811767578125 0.1339111328125
-0.319366455078125 0.0306701660156249 -0.224945068359375 0.224777221679688
-0.202224731445313 0.191802978515625 0.093597412109375 0.125885009765625
-0.00247192382812501 0.199081420898438 0.195449829101563 -0.12115478515625
0.0673446655273438 0.0778884887695313 0.097747802734375 -0.303375244140625
0.0372467041015625 0.0511894226074219 -0.082427978515625 -0.41162109375
0.00421142578125 0.0718154907226563 -0.238128662109375 -0.418548583984375
0.026153564453125 0.108322143554687 -0.2476806640625 -0.33624267578125
0.0389175415039063 0.122222900390625 -0.234222412109375 -0.25994873046875
0.0573654174804688 0.111396789550781 -0.200820922851563 -0.225814819335938
0.0492401123046875 0.182373046875 -0.24871826171875 -0.159713745117187
-0.030975341796875 0.2926025390625 -0.236434936523437 -0.192611694335938
-0.34259033203125 0.247222900390625 -0.169998168945313 -0.216476440429687
-0.451690673828125 0.0595703125 -0.261978149414063 0.00424194335937499
-0.3740234375 -0.155548095703125 -0.69000244140625 -0.162841796875
0.0330810546875 0.10784912109375 0.7679443359375 0.09619140625
0.17962646484375 0.003173828125 0.268295288085938 -0.0005035400390625
0.0778350830078125 -0.144195556640625 0.102401733398438 0.26898193359375
-0.061187744140625 -0.116813659667969 0.267486572265625 0.305419921875
-0.120506286621094 -0.003692626953125 0.236068725585938 0.18096923828125
-0.0530548095703125 0.08660888671875 0.208282470703125 0.217041015625
0.0338516235351563 0.088653564453125 0.239410400390625 0.293487548828125
0.0250282287597656 0.066497802734375 0.236083984375 0.322601318359375
0.0344696044921875 0.0754241943359375 0.21856689453125 0.362030029296875
-0.00846099853515625 0.0987930297851563 0.11395263671875 0.37103271484375
-0.0762710571289063 0.0598526000976563 0.0157318115234375 0.26513671875
-0.101081848144531 -0.0273361206054688 -0.0671539306640625 0.133514404296875
0.0241546630859375 -0.120635986328125 -0.0624885559082031 -0.0598640441894531
0.1243896484375 -0.013885498046875 0.184799194335938 -0.201461791992188
0.0578079223632813 0.119926452636719 0.327178955078125 -0.07977294921875
-0.275344848632813 0.07208251953125 0.73297119140625 0.1556396484375
-0.133049011230469 0.0527877807617188 0.221450805664063 0.0470733642578125
-0.188400268554688 -0.0028228759765625 0.07366943359375 0.32647705078125
-0.212890625 0.069366455078125 0.301788330078125 0.34808349609375
-0.199325561523437 0.167449951171875 0.26220703125 0.150970458984375
-0.0478515625 0.28240966796875 0.1968994140625 0.166732788085938
0.0976409912109375 0.2647705078125 0.1995849609375 0.241806030273438
0.0914306640625 0.219924926757813 0.198654174804688 0.26727294921875
0.116317749023438 0.222000122070312 0.1920166015625 0.312286376953125
0.05615234375 0.227340698242188 0.126708984375 0.310760498046875
-0.05999755859375 0.212677001953125 0.04058837890625 0.21820068359375
-0.139251708984375 0.143341064453125 -0.0291748046875 0.129722595214844
-0.156463623046875 -0.0136566162109375 -0.0660858154296875 -0.036895751953125
-0.121635437011719 0.01470947265625 0.147232055664063 -0.18450927734375
-0.179306030273438 0.0750885009765625 0.29962158203125 -0.078155517578125
-0.5347900390625 -0.00473022460937494 0.6011962890625 0.20361328125
-0.434478759765625 0.0475769042968749 0.130393981933594 0.107162475585938
-0.462982177734375 0.11090087890625 0.063232421875 0.362060546875
-0.3629150390625 0.248809814453125 0.3492431640625 0.343231201171875
-0.262725830078125 0.31829833984375 0.293121337890625 0.07232666015625
-0.0455322265625 0.435791015625 0.176361083984375 0.0594482421875
0.13800048828125 0.3997802734375 0.131797790527344 0.134262084960938
0.14178466796875 0.342803955078125 0.128585815429688 0.174331665039063
0.1873779296875 0.339752197265625 0.134536743164063 0.236587524414063
0.124420166015625 0.33514404296875 0.108566284179688 0.237274169921875
-0.021697998046875 0.35333251953125 0.0349273681640625 0.171051025390625
-0.142333984375 0.318145751953125 -0.0228118896484375 0.117103576660156
-0.305999755859375 0.13543701171875 -0.0843429565429688 -0.033416748046875
-0.351104736328125 0.088104248046875 0.0921478271484375 -0.162887573242188
-0.4012451171875 0.04718017578125 0.208969116210937 -0.082977294921875
-0.699462890625 -0.0980224609375 0.39752197265625 0.22515869140625
-0.650146484375 0.01275634765625 0.0111846923828124 0.1712646484375
-0.66180419921875 0.19598388671875 0.0716552734375 0.372650146484375
-0.44976806640625 0.39202880859375 0.390411376953125 0.280670166015625
-0.276031494140625 0.419586181640625 0.314483642578125 -0.04486083984375
-0.03045654296875 0.513946533203125 0.145538330078125 -0.087677001953125
0.150543212890625 0.466094970703125 0.0445365905761719 -0.010650634765625
0.166961669921875 0.416046142578125 0.0362739562988281 0.0548744201660157
0.231536865234375 0.41900634765625 0.0515289306640625 0.141510009765625
0.174224853515625 0.407562255859375 0.0570831298828125 0.149261474609375
0.017791748046875 0.462249755859375 -0.00459289550781251 0.118057250976563
-0.124114990234375 0.4720458984375 -0.0449371337890625 0.0926589965820313
-0.41864013671875 0.294403076171875 -0.113777160644531 -0.0389633178710937
-0.538787841796875 0.180206298828125 0.0191116333007812 -0.124275207519531
-0.5809326171875 0.0277099609375 0.0584182739257812 -0.0856246948242188
-0.74853515625 -0.16802978515625 0.166748046875 0.21966552734375
-0.73089599609375 -0.01263427734375 -0.10479736328125 0.223480224609375
-0.7178955078125 0.24774169921875 0.0890197753906249 0.348785400390625
-0.4310302734375 0.4615478515625 0.40283203125 0.16839599609375
-0.22174072265625 0.4390869140625 0.303955078125 -0.17315673828125
-0.000946044921875036 0.496612548828125 0.0973663330078125 -0.240631103515625
0.14532470703125 0.452880859375 -0.0501556396484375 -0.165451049804687
0.16461181640625 0.426727294921875 -0.0624313354492188 -0.0725936889648437
0.23504638671875 0.440704345703125 -0.0450782775878906 0.0320663452148438
0.187042236328125 0.431396484375 -0.019256591796875 0.0462684631347656
0.0408325195312499 0.51324462890625 -0.07183837890625 0.0537643432617188
-0.10791015625 0.56365966796875 -0.0916748046875 0.050811767578125
-0.491455078125 0.409423828125 -0.147735595703125 -0.05242919921875
-0.66436767578125 0.24468994140625 -0.0668067932128907 -0.0692100524902344
-0.68951416015625 0.000732421874999972 -0.136848449707031 -0.0853118896484375
-0.6895751953125 -0.20166015625 -0.044952392578125 0.193893432617188
-0.6798095703125 -0.0143432617187501 -0.190155029296875 0.251724243164063
-0.61627197265625 0.265625 0.102752685546875 0.289459228515625
-0.30926513671875 0.43780517578125 0.36627197265625 0.04290771484375
-0.118408203125 0.36529541015625 0.254074096679687 -0.271652221679688
0.0318603515625 0.3880615234375 0.034820556640625 -0.35791015625
0.11773681640625 0.3675537109375 -0.138275146484375 -0.29791259765625
0.136688232421875 0.370452880859375 -0.15350341796875 -0.191619873046875
0.194732666015625 0.396697998046875 -0.138992309570312 -0.084075927734375
0.159271240234375 0.389801025390625 -0.102729797363281 -0.0633697509765624
0.042205810546875 0.478363037109375 -0.148818969726563 -0.022216796875
-0.0979614257812499 0.560211181640625 -0.152008056640625 -0.0151214599609375
-0.514862060546875 0.4383544921875 -0.176284790039063 -0.0863037109375
-0.704345703125 0.24505615234375 -0.153274536132813 -0.015655517578125
-0.69818115234375 -0.04534912109375 -0.353179931640625 -0.0903930664062499
-0.542144775390625 -0.19219970703125 -0.2069091796875 0.162124633789062
-0.528900146484375 0.0096130371093751 -0.22979736328125 0.248977661132812
-0.421173095703125 0.248321533203125 0.10467529296875 0.20916748046875
-0.143341064453125 0.339447021484375 0.286895751953125 -0.0609130859375
-0.0085601806640625 0.228561401367188 0.17376708984375 -0.312744140625
0.04803466796875 0.223159790039063 -0.032806396484375 -0.413299560546875
0.0689849853515625 0.231048583984375 -0.208160400390625 -0.384490966796875
0.0896453857421875 0.259170532226563 -0.221771240234375 -0.28521728515625
0.1246337890625 0.28594970703125 -0.208709716796875 -0.190353393554687
0.10748291015625 0.276519775390625 -0.169281005859375 -0.162857055664062
0.0362548828125 0.3602294921875 -0.212417602539063 -0.0991821289062499
-0.078582763671875 0.460113525390625 -0.20452880859375 -0.1005859375
-0.470062255859375 0.376617431640625 -0.186187744140625 -0.142684936523437
-0.63739013671875 0.173583984375 -0.223983764648438 0.0130462646484375
-0.5955810546875 -0.106689453125 -0.55322265625 -0.1104736328125
-0.334197998046875 -0.154876708984375 -0.30194091796875 0.13592529296875
-0.322296142578125 0.0333862304687501 -0.225875854492187 0.227767944335938
-0.199859619140625 0.198257446289063 0.0937271118164062 0.130477905273438
0.0073089599609375 0.201019287109375 0.193267822265625 -0.122116088867187
0.0711135864257813 0.0721511840820313 0.093780517578125 -0.304107666015625
0.0369529724121094 0.0466079711914063 -0.084747314453125 -0.410919189453125
0.00397491455078124 0.0735702514648438 -0.247894287109375 -0.414886474609375
0.0276947021484375 0.108711242675781 -0.255615234375 -0.335662841796875
0.0407562255859375 0.123115539550781 -0.240936279296875 -0.262680053710938
0.0580215454101562 0.109207153320313 -0.204971313476563 -0.227218627929688
0.0541229248046875 0.181243896484375 -0.250762939453125 -0.156509399414063
-0.02349853515625 0.2952880859375 -0.238937377929688 -0.190658569335938
-0.341827392578125 0.256683349609375 -0.169570922851563 -0.217254638671875
-0.453887939453125 0.0662536621093749 -0.26153564453125 0.00665283203124997
-0.382110595703125 -0.154937744140625 -0.70068359375 -0.15435791015625
0.0367202758789062 0.113761901855469 0.78973388671875 0.0699462890625
0.18389892578125 -0.0045013427734375 0.272705078125 -0.010040283203125
0.07330322265625 -0.151657104492188 0.116058349609375 0.273941040039063
-0.0682144165039063 -0.117355346679688 0.28497314453125 0.29937744140625
-0.125144958496094 0.0034942626953125 0.244735717773437 0.175811767578125
-0.049591064453125 0.0933303833007812 0.215499877929688 0.21600341796875
0.0409469604492188 0.090850830078125 0.253631591796875 0.295166015625
0.0298500061035156 0.0684471130371094 0.252227783203125 0.323211669921875
0.0389480590820313 0.0765151977539063 0.231475830078125 0.3638916015625
-0.00414276123046875 0.101730346679688 0.126220703125 0.37237548828125
-0.0771865844726563 0.0665206909179688 0.021942138671875 0.264785766601563
-0.105491638183594 -0.0232086181640625 -0.0649490356445312 0.1343994140625
0.0173492431640625 -0.125801086425781 -0.0640182495117187 -0.0610923767089844
0.126815795898438 -0.0201263427734375 0.185226440429687 -0.211578369140625
0.0648727416992188 0.123733520507812 0.33843994140625 -0.09088134765625
-0.279327392578125 0.0864715576171875 0.75811767578125 0.1324462890625
-0.132881164550781 0.056610107421875 0.227340698242188 0.0390777587890625
-0.193618774414063 0.00193786621093754 0.0894775390625 0.332916259765625
-0.213943481445313 0.077545166015625 0.323089599609375 0.342681884765625
-0.200149536132813 0.179824829101563 0.269393920898438 0.143020629882813
-0.037567138671875 0.290313720703125 0.202316284179688 0.166397094726563
0.11334228515625 0.266891479492187 0.211380004882813 0.244369506835938
0.102401733398437 0.222808837890625 0.210494995117188 0.267974853515625
0.128387451171875 0.222915649414063 0.204437255859375 0.312713623046875
0.0645904541015625 0.228012084960938 0.137054443359375 0.310211181640625
-0.053009033203125 0.219512939453125 0.045928955078125 0.216949462890625
-0.135589599609375 0.150558471679688 -0.0259170532226563 0.128677368164063
-0.162872314453125 -0.0102386474609375 -0.0668411254882813 -0.03662109375
-0.122581481933594 0.0186767578125 0.148147583007813 -0.192581176757813
-0.18060302734375 0.0837860107421875 0.30865478515625 -0.089263916015625
-0.546844482421875 0.0157470703124999 0.6259765625 0.1851806640625
-0.44073486328125 0.0611877441406249 0.136650085449219 0.103256225585937
-0.47149658203125 0.12939453125 0.0768127441406249 0.371337890625
-0.359588623046875 0.266510009765625 0.36981201171875 0.33612060546875
-0.259429931640625 0.3343505859375 0.298004150390625 0.061920166015625
-0.0303955078125 0.445709228515625 0.179351806640625 0.057525634765625
0.1575927734375 0.403656005859375 0.138214111328125 0.136474609375
0.158233642578125 0.346466064453125 0.1351318359375 0.172988891601563
0.206329345703125 0.340545654296875 0.144256591796875 0.238433837890625
0.13720703125 0.332305908203125 0.115325927734375 0.235595703125
-0.00677490234375004 0.359283447265625 0.03741455078125 0.1705322265625
-0.12908935546875 0.327972412109375 -0.0186996459960938 0.115257263183594
-0.309051513671875 0.148101806640625 -0.0841445922851563 -0.0322723388671875
-0.354034423828125 0.10205078125 0.0938568115234375 -0.168441772460938
-0.409942626953125 0.0611572265625 0.214828491210937 -0.091156005859375
-0.71844482421875 -0.07427978515625 0.41864013671875 0.21533203125
-0.66351318359375 0.0317993164062499 0.0178985595703125 0.1727294921875
-0.67034912109375 0.22393798828125 0.085113525390625 0.38177490234375
-0.442840576171875 0.416595458984375 0.41033935546875 0.270294189453125
-0.269317626953125 0.437408447265625 0.315887451171875 -0.0582275390625
-0.013458251953125 0.523101806640625 0.143463134765625 -0.09228515625
0.1739501953125 0.471527099609375 0.0449142456054688 -0.0092506408691406
0.1854248046875 0.419342041015625 0.0371589660644531 0.0541877746582032
0.25518798828125 0.41717529296875 0.0569915771484375 0.144271850585938
0.1904296875 0.40496826171875 0.06011962890625 0.148162841796875
0.0394287109375 0.468292236328125 -0.00350189208984374 0.119293212890625
-0.104278564453125 0.483917236328125 -0.04107666015625 0.0910415649414063
-0.418182373046875 0.31591796875 -0.113548278808594 -0.0376739501953125
-0.543212890625 0.202362060546875 0.0217056274414062 -0.128036499023438
-0.59600830078125 0.0452880859375 0.0611419677734375 -0.0884246826171875
-0.76947021484375 -0.146728515625 0.18109130859375 0.216461181640625
-0.74737548828125 0.00775146484374987 -0.100326538085938 0.228744506835937
-0.724853515625 0.277587890625 0.102203369140625 0.356231689453125
-0.4183349609375 0.484466552734375 0.418182373046875 0.157135009765625
-0.211029052734375 0.45281982421875 0.301971435546875 -0.18853759765625
0.015960693359375 0.502655029296875 0.090850830078125 -0.246566772460937
0.1663818359375 0.4591064453125 -0.0565185546875 -0.164535522460937
0.1832275390625 0.429473876953125 -0.0667190551757812 -0.0732421875
0.257537841796875 0.44049072265625 -0.0455513000488281 0.0344581604003907
0.20367431640625 0.42974853515625 -0.0216102600097656 0.0454826354980469
0.064666748046875 0.5206298828125 -0.0731887817382812 0.0566177368164063
-0.08502197265625 0.5770263671875 -0.0892486572265625 0.05029296875
-0.488372802734375 0.4375 -0.148651123046875 -0.0502471923828125
-0.6678466796875 0.274169921875 -0.0642967224121094 -0.0681266784667968
-0.7073974609375 0.0183105468749999 -0.140190124511719 -0.0812835693359375
-0.7109375 -0.1829833984375 -0.037445068359375 0.19610595703125
-0.69403076171875 0.00329589843749988 -0.187774658203125 0.259719848632813
-0.62255859375 0.29150390625 0.1138916015625 0.296234130859375
-0.293212890625 0.457366943359375 0.37554931640625 0.031707763671875
-0.108978271484375 0.371917724609375 0.247894287109375 -0.285858154296875
0.04412841796875 0.38970947265625 0.02386474609375 -0.3651123046875
0.134307861328125 0.37200927734375 -0.151275634765625 -0.29718017578125
0.1527099609375 0.373992919921875 -0.16375732421875 -0.192153930664063
0.214996337890625 0.3990478515625 -0.143966674804688 -0.0822296142578125
0.17303466796875 0.3887939453125 -0.109947204589844 -0.0646743774414062
0.062286376953125 0.48541259765625 -0.15283203125 -0.0180969238281249
-0.07501220703125 0.574462890625 -0.152175903320313 -0.013763427734375
-0.51153564453125 0.46832275390625 -0.178787231445313 -0.082794189453125
-0.7105712890625 0.273681640625 -0.152069091796875 -0.01141357421875
-0.720458984375 -0.0303344726562499 -0.36322021484375 -0.0792846679687501
-0.561126708984375 -0.17706298828125 -0.204864501953125 0.168014526367187
-0.539825439453125 0.023895263671875 -0.229248046875 0.258682250976563
-0.42108154296875 0.270721435546875 0.112411499023437 0.215042114257813
-0.126708984375 0.35064697265625 0.290191650390625 -0.069244384765625
-0.000411987304687511 0.228118896484375 0.165283203125 -0.32318115234375
0.053985595703125 0.221481323242187 -0.045135498046875 -0.42059326171875
0.0783843994140625 0.235137939453125 -0.226470947265625 -0.383697509765625
0.100296020507813 0.261932373046875 -0.236175537109375 -0.285064697265625
0.138519287109375 0.287933349609375 -0.219131469726562 -0.18975830078125
0.116256713867187 0.276275634765625 -0.180419921875 -0.164276123046875
0.052093505859375 0.363739013671875 -0.219573974609375 -0.0946044921874999
-0.06085205078125 0.47271728515625 -0.209762573242188 -0.0984344482421874
-0.468170166015625 0.404327392578125 -0.190536499023438 -0.141311645507813
-0.6448974609375 0.1976318359375 -0.224288940429688 0.0196990966796875
-0.616455078125 -0.0924072265624999 -0.57177734375 -0.0932006835937499
-0.349273681640625 -0.145660400390625 -0.30511474609375 0.14495849609375
-0.32958984375 0.04278564453125 -0.22711181640625 0.237411499023438
-0.196685791015625 0.211578369140625 0.0989456176757812 0.134597778320313
0.020965576171875 0.2037353515625 0.19171142578125 -0.1280517578125
0.0750503540039063 0.06610107421875 0.086181640625 -0.310302734375
0.0361976623535156 0.0426521301269531 -0.099395751953125 -0.416595458984375
0.00492095947265625 0.0766830444335937 -0.267974853515625 -0.414520263671875
0.0318069458007813 0.110923767089844 -0.272857666015625 -0.33709716796875
0.0464706420898438 0.124794006347656 -0.255111694335937 -0.262466430664063
0.0610809326171875 0.107551574707031 -0.217559814453125 -0.2281494140625
0.062286376953125 0.180038452148437 -0.258682250976563 -0.151153564453125
-0.00979614257812503 0.302093505859375 -0.249298095703125 -0.1883544921875
-0.339630126953125 0.276580810546875 -0.177536010742188 -0.21734619140625
-0.46099853515625 0.08203125 -0.2635498046875 0.0148468017578125
-0.398284912109375 -0.150054931640625 -0.72430419921875 -0.13214111328125
0.04425048828125 0.118492126464844 0.8037109375 0.02471923828125
0.1861572265625 -0.015838623046875 0.273178100585938 -0.0263824462890625
0.0637664794921875 -0.158538818359375 0.134078979492188 0.27301025390625
-0.077362060546875 -0.115928649902344 0.3065185546875 0.28399658203125
-0.127372741699219 0.0133285522460938 0.254592895507813 0.163238525390625
-0.0424118041992187 0.0995330810546875 0.228500366210938 0.209259033203125
0.049957275390625 0.0885162353515625 0.274871826171875 0.28717041015625
0.0362167358398438 0.0673179626464844 0.27197265625 0.3148193359375
0.0456314086914062 0.07598876953125 0.253387451171875 0.356475830078125
0.00316619873046874 0.103668212890625 0.14697265625 0.367034912109375
-0.0748825073242188 0.0743408203125 0.0334625244140625 0.262420654296875
-0.108734130859375 -0.0160140991210937 -0.0578460693359375 0.135627746582031
0.00621795654296875 -0.129714965820312 -0.0674095153808594 -0.0591583251953125
0.125526428222656 -0.02880859375 0.1800537109375 -0.224517822265625
0.0741195678710937 0.123298645019531 0.341827392578125 -0.110504150390625
-0.276779174804688 0.107330322265625 0.77752685546875 0.0894775390625
-0.129722595214844 0.0629119873046875 0.231475830078125 0.02569580078125
-0.197769165039063 0.012969970703125 0.1097412109375 0.333709716796875
-0.212265014648437 0.08953857421875 0.347259521484375 0.3253173828125
-0.1937255859375 0.19482421875 0.276702880859375 0.127853393554688
-0.018798828125 0.297454833984375 0.211166381835937 0.15966796875
0.133407592773438 0.262725830078125 0.228469848632813 0.23895263671875
0.118881225585937 0.218612670898438 0.22662353515625 0.261199951171875
0.145034790039063 0.21697998046875 0.22259521484375 0.30682373046875
0.0794219970703125 0.2242431640625 0.152130126953125 0.30352783203125
-0.0395660400390625 0.22503662109375 0.0550079345703125 0.214111328125
-0.126846313476562 0.158737182617188 -0.0196304321289063 0.12646484375
-0.167449951171875 -0.00239562988281252 -0.0675621032714844 -0.0347518920898438
-0.123001098632813 0.02496337890625 0.143692016601563 -0.203125
-0.17822265625 0.096771240234375 0.31243896484375 -0.1077880859375
-0.55181884765625 0.048614501953125 0.64666748046875 0.151123046875
-0.4425048828125 0.083984375 0.144577026367188 0.0953216552734375
-0.470458984375 0.15631103515625 0.099761962890625 0.37347412109375
-0.346221923828125 0.287872314453125 0.394012451171875 0.31634521484375
-0.246337890625 0.353790283203125 0.30133056640625 0.044036865234375
-0.00433349609375 0.45269775390625 0.181777954101563 0.050048828125
0.187591552734375 0.397552490234375 0.147750854492187 0.132843017578125
0.180999755859375 0.339569091796875 0.144744873046875 0.168106079101563
0.23223876953125 0.3321533203125 0.157958984375 0.234237670898438
0.157928466796875 0.3231201171875 0.126235961914062 0.229263305664063
0.01654052734375 0.360626220703125 0.04437255859375 0.16748046875
-0.107330322265625 0.33673095703125 -0.0122604370117188 0.112030029296875
-0.305328369140625 0.16748046875 -0.0841751098632813 -0.029998779296875
-0.350616455078125 0.122711181640625 0.0911407470703125 -0.176986694335938
-0.41351318359375 0.084991455078125 0.21734619140625 -0.104537963867187
-0.73065185546875 -0.0339355468749999 0.43804931640625 0.19171142578125
-0.66851806640625 0.0651855468750001 0.0279388427734375 0.1712646484375
-0.668212890625 0.26495361328125 0.107635498046875 0.38409423828125
-0.419952392578125 0.443878173828125 0.430694580078125 0.2484130859375
-0.249481201171875 0.457611083984375 0.3128662109375 -0.078216552734375
0.016510009765625 0.52825927734375 0.138786315917969 -0.0993270874023437
0.205841064453125 0.4659423828125 0.0454139709472656 -0.00962829589843747
0.2122802734375 0.41241455078125 0.0389404296875 0.0524368286132813
0.2850341796875 0.4066162109375 0.065338134765625 0.144073486328125
0.213714599609375 0.394073486328125 0.065155029296875 0.14288330078125
0.06939697265625 0.467498779296875 0.000221252441406258 0.119209289550781
-0.07275390625 0.49273681640625 -0.0355987548828125 0.0886611938476563
-0.40484619140625 0.343719482421875 -0.11383056640625 -0.0341262817382812
-0.5361328125 0.23681640625 0.0212783813476562 -0.1317138671875
-0.605224609375 0.0761108398437499 0.060394287109375 -0.0926437377929688
-0.78753662109375 -0.1072998046875 0.196853637695312 0.20477294921875
-0.7554931640625 0.0441284179687499 -0.0899505615234375 0.234466552734375
-0.719482421875 0.3226318359375 0.1219482421875 0.3575439453125
-0.389556884765625 0.512969970703125 0.43243408203125 0.134429931640625
-0.190826416015625 0.46795654296875 0.291107177734375 -0.20782470703125
0.043792724609375 0.504180908203125 0.0780487060546875 -0.253173828125
0.197479248046875 0.453521728515625 -0.065521240234375 -0.161148071289062
0.210601806640625 0.42340087890625 -0.073974609375 -0.0714340209960937
0.290313720703125 0.429840087890625 -0.0437164306640625 0.0380897521972657
0.229034423828125 0.418701171875 -0.0224647521972656 0.0446624755859375
0.098388671875 0.51959228515625 -0.072235107421875 0.06005859375
-0.04681396484375 0.5858154296875 -0.086151123046875 0.0504837036132813
-0.4703369140625 0.473419189453125 -0.148696899414063 -0.044921875
-0.661865234375 0.3153076171875 -0.0624275207519532 -0.0664749145507812
-0.72296142578125 0.0554809570312501 -0.144287109375 -0.0738525390625
-0.7298583984375 -0.14605712890625 -0.0257720947265626 0.195465087890625
-0.70343017578125 0.0401611328125 -0.17877197265625 0.270294189453125
-0.613525390625 0.3336181640625 0.131011962890625 0.296051025390625
-0.264190673828125 0.476043701171875 0.38116455078125 0.011444091796875
-0.08929443359375 0.37750244140625 0.230377197265625 -0.3028564453125
0.06378173828125 0.387542724609375 0.00411987304687498 -0.370086669921875
0.156524658203125 0.369384765625 -0.1693115234375 -0.290863037109375
0.176788330078125 0.369293212890625 -0.1781005859375 -0.187423706054688
0.2437744140625 0.38958740234375 -0.1502685546875 -0.07562255859375
0.195465087890625 0.38043212890625 -0.117752075195312 -0.0617141723632812
0.092926025390625 0.48223876953125 -0.156784057617188 -0.0105895996093749
-0.0380859375 0.5831298828125 -0.15350341796875 -0.00976562499999996
-0.491180419921875 0.506072998046875 -0.181182861328125 -0.0768280029296874
-0.70391845703125 0.3170166015625 -0.148391723632813 -0.00363159179687495
-0.73687744140625 0.00732421874999999 -0.37225341796875 -0.0582275390625
-0.5780029296875 -0.14752197265625 -0.198379516601563 0.176116943359375
-0.547760009765625 0.0512390136718751 -0.221969604492188 0.272613525390625
-0.40985107421875 0.300628662109375 0.124130249023437 0.214950561523438
-0.10101318359375 0.35870361328125 0.288818359375 -0.084869384765625
0.011932373046875 0.224517822265625 0.148101806640625 -0.3350830078125
0.0635833740234375 0.216445922851562 -0.067657470703125 -0.421630859375
0.0921630859375 0.2349853515625 -0.2515869140625 -0.37359619140625
0.116363525390625 0.258987426757813 -0.257232666015625 -0.277236938476563
0.1578369140625 0.283050537109375 -0.2327880859375 -0.181121826171875
0.130401611328125 0.2703857421875 -0.193435668945313 -0.15887451171875
0.074554443359375 0.361358642578125 -0.226333618164063 -0.0838012695312499
-0.029266357421875 0.479766845703125 -0.216827392578125 -0.0906982421874999
-0.4510498046875 0.437774658203125 -0.197418212890625 -0.134140014648438
-0.64215087890625 0.23553466796875 -0.222381591796875 0.0325775146484375
-0.63519287109375 -0.06365966796875 -0.58673095703125 -0.0588378906250001
-0.362335205078125 -0.12652587890625 -0.30230712890625 0.158599853515625
-0.33282470703125 0.05950927734375 -0.222412109375 0.25115966796875
-0.186416625976563 0.228302001953125 0.105964660644531 0.135101318359375
0.0385589599609375 0.201934814453125 0.186203002929688 -0.136962890625
0.0781478881835938 0.0564422607421875 0.07000732421875 -0.3154296875
0.0341873168945313 0.0383071899414063 -0.121368408203125 -0.414764404296875
0.00746154785156251 0.079681396484375 -0.2960205078125 -0.404510498046875
0.0383148193359375 0.110885620117187 -0.296630859375 -0.327728271484375
0.0533523559570313 0.122749328613281 -0.273101806640625 -0.255599975585938
0.0645675659179688 0.103614807128906 -0.233306884765625 -0.221588134765625
0.0735626220703125 0.17498779296875 -0.268478393554688 -0.137496948242188
0.010467529296875 0.3050537109375 -0.262359619140625 -0.17742919921875
-0.327880859375 0.3035888671875 -0.189590454101563 -0.212310791015625
-0.463836669921875 0.1072998046875 -0.26409912109375 0.02923583984375
-0.41607666015625 -0.132843017578125 -0.74365234375 -0.0896606445312499
0.0530166625976562 0.12005615234375 0.7989501953125 -0.0272216796875
0.18389892578125 -0.0290679931640625 0.266647338867188 -0.0435943603515625
0.0520782470703125 -0.162185668945313 0.151702880859375 0.261993408203125
-0.0852890014648437 -0.110626220703125 0.32080078125 0.26025390625
-0.125846862792969 0.0241622924804687 0.25982666015625 0.144927978515625
-0.033721923828125 0.103828430175781 0.235763549804688 0.194915771484375
0.0584716796875 0.083587646484375 0.290069580078125 0.27093505859375
0.0419845581054688 0.0639190673828125 0.288665771484375 0.29669189453125
0.0531158447265625 0.0727462768554688 0.27117919921875 0.33740234375
0.0103988647460938 0.102890014648437 0.16455078125 0.35107421875
-0.0686798095703125 0.080963134765625 0.04644775390625 0.254409790039063
-0.109893798828125 -0.00862121582031251 -0.0499267578125 0.133277893066406
-0.00559234619140626 -0.129920959472656 -0.0691642761230469 -0.0566024780273438
0.121429443359375 -0.0375747680664063 0.167144775390625 -0.233230590820313
0.0832672119140625 0.119956970214844 0.335601806640625 -0.1307373046875
-0.265853881835938 0.127166748046875 0.7777099609375 0.03912353515625
-0.123512268066406 0.0675811767578125 0.230056762695313 0.0097808837890625
-0.196990966796875 0.0238037109375 0.129852294921875 0.32391357421875
-0.204925537109375 0.100357055664062 0.36468505859375 0.29754638671875
-0.18133544921875 0.20745849609375 0.277587890625 0.10845947265625
0.00177001953124999 0.297943115234375 0.21612548828125 0.146224975585938
0.151901245117187 0.249603271484375 0.241653442382813 0.223800659179688
0.132415771484375 0.206954956054688 0.23870849609375 0.2451171875
0.160659790039063 0.204559326171875 0.23699951171875 0.289581298828125
0.0928192138671875 0.215194702148438 0.165191650390625 0.286773681640625
-0.023712158203125 0.22467041015625 0.0641326904296875 0.204803466796875
-0.113922119140625 0.16326904296875 -0.0120925903320312 0.1212158203125
-0.169235229492188 0.0076904296875 -0.0672760009765625 -0.0320587158203125
-0.120643615722656 0.03131103515625 0.133926391601563 -0.211212158203125
-0.169052124023438 0.108489990234375 0.30633544921875 -0.125885009765625
-0.54071044921875 0.0841369628906249 0.65130615234375 0.10791015625
-0.429962158203125 0.1055908203125 0.1490478515625 0.082733154296875
-0.45855712890625 0.184112548828125 0.122283935546875 0.3642578125
-0.323211669921875 0.30487060546875 0.410003662109375 0.284942626953125
-0.22259521484375 0.366485595703125 0.29522705078125 0.023193359375
0.024871826171875 0.446990966796875 0.181640625 0.041229248046875
0.212677001953125 0.37994384765625 0.156036376953125 0.124008178710938
0.2021484375 0.32330322265625 0.151580810546875 0.15802001953125
0.253631591796875 0.310211181640625 0.170150756835938 0.223907470703125
0.175201416015625 0.307647705078125 0.134078979492188 0.216522216796875
0.041473388671875 0.35247802734375 0.0508575439453125 0.161346435546875
-0.08282470703125 0.334747314453125 -0.00570678710937501 0.105697631835938
-0.293731689453125 0.184417724609375 -0.0829086303710938 -0.0266036987304687
-0.338897705078125 0.1431884765625 0.0846405029296875 -0.181961059570313
-0.4058837890625 0.109893798828125 0.212493896484375 -0.1163330078125
-0.723876953125 0.0108032226562501 0.448272705078125 0.1610107421875
-0.6561279296875 0.10137939453125 0.03729248046875 0.164932250976563
-0.64654541015625 0.304443359375 0.1298828125 0.374420166015625
-0.38385009765625 0.461883544921875 0.442779541015625 0.216827392578125
-0.222686767578125 0.466827392578125 0.299560546875 -0.097564697265625
0.049102783203125 0.519683837890625 0.130126953125 -0.1043701171875
0.235626220703125 0.446685791015625 0.0459060668945313 -0.0115242004394531
0.236297607421875 0.393768310546875 0.0394477844238281 0.0497055053710938
0.30975341796875 0.382232666015625 0.0726699829101563 0.139625549316406
0.234222412109375 0.37127685546875 0.0695419311523438 0.136299133300781
0.101165771484375 0.453033447265625 0.00505065917968751 0.116294860839844
-0.03662109375 0.48583984375 -0.0307540893554688 0.0839080810546875
-0.38037109375 0.366424560546875 -0.112136840820313 -0.0300140380859375
-0.51556396484375 0.267120361328125 0.0187835693359375 -0.133491516113281
-0.59637451171875 0.11248779296875 0.05792236328125 -0.094512939453125
-0.78533935546875 -0.0606689453124998 0.209365844726562 0.1864013671875
-0.74578857421875 0.0850219726562501 -0.0772705078125 0.234344482421875
-0.6927490234375 0.3663330078125 0.14111328125 0.34722900390625
-0.348876953125 0.528839111328125 0.43572998046875 0.105682373046875
-0.161468505859375 0.47161865234375 0.270034790039063 -0.224273681640625
0.071441650390625 0.4930419921875 0.0611419677734375 -0.253875732421875
0.224212646484375 0.43658447265625 -0.0738677978515625 -0.154922485351562
0.23541259765625 0.40484619140625 -0.0800704956054687 -0.0669021606445312
0.316070556640625 0.403045654296875 -0.0408401489257812 0.0404510498046875
0.2489013671875 0.39752197265625 -0.0234107971191406 0.0437774658203125
0.130950927734375 0.501800537109375 -0.06951904296875 0.0623626708984375
-0.00555419921875001 0.57745361328125 -0.0828628540039063 0.04931640625
-0.435150146484375 0.498382568359375 -0.14703369140625 -0.0390777587890625
-0.6343994140625 0.35296630859375 -0.0597076416015625 -0.0640449523925781
-0.71624755859375 0.0963134765624999 -0.144271850585938 -0.0625
-0.7303466796875 -0.1015625 -0.013641357421875 0.189712524414063
-0.6949462890625 0.0764160156249998 -0.16387939453125 0.275177001953125
-0.586669921875 0.36920166015625 0.146270751953125 0.2877197265625
-0.225738525390625 0.4833984375 0.376617431640625 -0.011199951171875
-0.0679931640625 0.375457763671875 0.206268310546875 -0.311920166015625
0.08343505859375 0.3753662109375 -0.0191650390625 -0.36444091796875
0.177947998046875 0.356109619140625 -0.18572998046875 -0.276107788085938
0.196502685546875 0.353912353515625 -0.190032958984375 -0.17529296875
0.266998291015625 0.367828369140625 -0.153854370117187 -0.0662078857421875
0.21197509765625 0.361602783203125 -0.124031066894531 -0.0557098388671875
0.12225341796875 0.467987060546875 -0.15618896484375 -0.00167846679687498
0.00238037109375005 0.57489013671875 -0.152755737304688 -0.00546264648437495
-0.45404052734375 0.533416748046875 -0.180862426757813 -0.0677642822265625
-0.676513671875 0.35845947265625 -0.1419677734375 0.00379943847656252
-0.73486328125 0.0486450195312502 -0.37042236328125 -0.0316467285156251
-0.58013916015625 -0.1116943359375 -0.186843872070313 0.180877685546875
-0.539306640625 0.08056640625 -0.208023071289063 0.280502319335937
-0.3870849609375 0.32501220703125 0.135421752929688 0.207870483398438
-0.07196044921875 0.35687255859375 0.278884887695313 -0.100357055664062
0.0230255126953125 0.216110229492187 0.124176025390625 -0.337921142578125
0.0714263916015625 0.206741333007813 -0.091522216796875 -0.412628173828125
0.105728149414062 0.228118896484375 -0.27252197265625 -0.3543701171875
0.130081176757813 0.249557495117188 -0.2735595703125 -0.259323120117187
0.174560546875 0.268875122070312 -0.242431640625 -0.166488647460937
0.141830444335938 0.2572021484375 -0.20379638671875 -0.147064208984375
0.095306396484375 0.348785400390625 -0.227554321289063 -0.0689239501953125
0.00265502929687502 0.473388671875 -0.220062255859375 -0.0796051025390624
-0.417816162109375 0.4639892578125 -0.201065063476563 -0.123458862304687
-0.6220703125 0.27276611328125 -0.21380615234375 0.0452117919921876
-0.6363525390625 -0.02691650390625 -0.58221435546875 -0.0193481445312501
-0.366851806640625 -0.101715087890625 -0.291534423828125 0.170196533203125
-0.329193115234375 0.07720947265625 -0.21124267578125 0.259796142578125
-0.169281005859375 0.240585327148437 0.112358093261719 0.13134765625
0.0551300048828125 0.193862915039063 0.174346923828125 -0.144729614257813
0.0784378051757813 0.0451507568359375 0.050872802734375 -0.312225341796875
0.0305557250976562 0.0336780548095703 -0.143951416015625 -0.401153564453125
0.0116958618164063 0.0811233520507813 -0.317108154296875 -0.3809814453125
0.0438308715820313 0.107421875 -0.315093994140625 -0.306396484375
0.0595703125 0.1180419921875 -0.286346435546875 -0.23785400390625
0.0670013427734375 0.096405029296875 -0.244781494140625 -0.206573486328125
0.0823516845703125 0.164825439453125 -0.271743774414062 -0.119522094726562
0.032501220703125 0.298736572265625 -0.26995849609375 -0.160537719726563
-0.304107666015625 0.3233642578125 -0.199188232421875 -0.200424194335937
-0.452117919921875 0.13372802734375 -0.256973266601563 0.0443572998046875
-0.4239501953125 -0.107666015625 -0.742919921875 -0.0402221679687501
0.0606689453125 0.11944580078125 0.7747802734375 -0.0638427734375
0.178726196289063 -0.03717041015625 0.255783081054687 -0.05474853515625
0.041595458984375 -0.160873413085938 0.1600341796875 0.247726440429688
-0.0895538330078125 -0.104217529296875 0.324462890625 0.235504150390625
-0.120429992675781 0.0321731567382813 0.255706787109375 0.128326416015625
-0.0246963500976563 0.104286193847656 0.236083984375 0.179977416992188
0.063446044921875 0.0762939453125 0.296295166015625 0.250457763671875
0.0464286804199219 0.0587425231933594 0.2935791015625 0.27716064453125
0.0579109191894531 0.0681686401367188 0.27545166015625 0.315826416015625
0.0163421630859375 0.0998001098632812 0.17132568359375 0.331085205078125
-0.062042236328125 0.0846633911132813 0.05401611328125 0.242340087890625
-0.107734680175781 -0.003021240234375 -0.0428009033203125 0.127174377441406
-0.0157394409179688 -0.126167297363281 -0.0678863525390625 -0.0535430908203125
0.11444091796875 -0.0428314208984375 0.156494140625 -0.2362060546875
0.0884552001953125 0.115501403808594 0.32305908203125 -0.142181396484375
-0.248382568359375 0.138992309570313 0.75885009765625 0.00177001953125001
-0.114692687988281 0.068695068359375 0.2232666015625 -0.002593994140625
-0.1912841796875 0.0312652587890625 0.1424560546875 0.30938720703125
-0.195053100585938 0.105453491210938 0.36767578125 0.267974853515625
-0.168502807617188 0.211761474609375 0.27130126953125 0.0911865234375
0.01849365234375 0.2889404296875 0.215423583984375 0.133926391601563
0.162307739257813 0.233612060546875 0.2467041015625 0.207305908203125
0.139785766601563 0.194473266601562 0.241775512695312 0.228286743164062
0.168060302734375 0.1885986328125 0.242279052734375 0.272735595703125
0.098663330078125 0.203140258789063 0.167617797851563 0.2706298828125
-0.0117340087890625 0.218292236328125 0.0680389404296875 0.193435668945313
-0.103225708007813 0.160934448242188 -0.00824737548828125 0.112266540527344
-0.16668701171875 0.0146026611328125 -0.0654144287109375 -0.0303230285644531
-0.115623474121094 0.0351028442382813 0.124740600585937 -0.213165283203125
-0.158798217773438 0.114105224609375 0.2955322265625 -0.136688232421875
-0.519134521484375 0.10693359375 0.6409912109375 0.07257080078125
-0.410675048828125 0.118438720703125 0.148086547851562 0.07135009765625
-0.43817138671875 0.200042724609375 0.134979248046875 0.349090576171875
-0.2987060546875 0.3074951171875 0.41162109375 0.25537109375
-0.2025146484375 0.366668701171875 0.28399658203125 0.00827026367187502
0.0458984375 0.43328857421875 0.177749633789063 0.0325775146484375
0.227294921875 0.357391357421875 0.158233642578125 0.113494873046875
0.212158203125 0.3031005859375 0.151687622070313 0.1470947265625
0.26214599609375 0.2864990234375 0.174972534179688 0.211166381835938
0.18096923828125 0.287109375 0.135482788085938 0.203582763671875
0.0567626953125 0.33636474609375 0.0542755126953125 0.15179443359375
-0.062744140625 0.323760986328125 -0.00276947021484375 0.09759521484375
-0.278915405273438 0.192642211914063 -0.0800704956054688 -0.024810791015625
-0.322418212890625 0.15472412109375 0.0796966552734375 -0.183731079101563
-0.38934326171875 0.1246337890625 0.205596923828125 -0.123550415039063
-0.70166015625 0.04071044921875 0.44525146484375 0.133056640625
-0.6318359375 0.12261962890625 0.0416717529296875 0.155731201171875
-0.617431640625 0.32476806640625 0.14117431640625 0.360076904296875
-0.3502197265625 0.4635009765625 0.43975830078125 0.188323974609375
-0.1976318359375 0.4622802734375 0.282318115234375 -0.109375
0.0704345703125 0.501129150390625 0.121292114257813 -0.106819152832031
0.251617431640625 0.421356201171875 0.0445518493652344 -0.0133247375488281
0.24871826171875 0.370819091796875 0.0374870300292969 0.0471115112304688
0.320892333984375 0.352508544921875 0.0774002075195313 0.133857727050781
0.24169921875 0.348602294921875 0.0685195922851563 0.12884521484375
0.119110107421875 0.4307861328125 0.00744628906250002 0.111236572265625
-0.011474609375 0.46807861328125 -0.0284652709960937 0.0772933959960938
-0.35418701171875 0.3731689453125 -0.107864379882813 -0.0266342163085937
-0.487213134765625 0.284637451171875 0.0187530517578125 -0.133476257324219
-0.5762939453125 0.1343994140625 0.0562896728515625 -0.09405517578125
-0.7640380859375 -0.0249633789062501 0.212646484375 0.166976928710938
-0.71868896484375 0.1104736328125 -0.0671997070312501 0.228591918945313
-0.65972900390625 0.3887939453125 0.15179443359375 0.333953857421875
-0.310272216796875 0.524658203125 0.426300048828125 0.081695556640625
-0.139678955078125 0.463836669921875 0.24859619140625 -0.23016357421875
0.089447021484375 0.47393798828125 0.0477142333984375 -0.248077392578125
0.24041748046875 0.414031982421875 -0.0785369873046875 -0.147171020507812
0.2469482421875 0.382904052734375 -0.08441162109375 -0.0613555908203125
0.328125 0.37457275390625 -0.0372848510742187 0.0420646667480469
0.255645751953125 0.371063232421875 -0.024932861328125 0.0431251525878906
0.15093994140625 0.47674560546875 -0.0657882690429687 0.0628471374511719
0.0235595703125 0.555877685546875 -0.0800552368164063 0.0468673706054688
-0.39892578125 0.5062255859375 -0.14239501953125 -0.0343475341796875
-0.5994873046875 0.37274169921875 -0.0548973083496094 -0.0623054504394531
-0.69683837890625 0.1253662109375 -0.139724731445313 -0.053253173828125
-0.71240234375 -0.0685424804687499 -0.00555419921875005 0.180099487304688
-0.6715087890625 0.10125732421875 -0.151702880859375 0.273117065429688
-0.5546875 0.3887939453125 0.15313720703125 0.2762451171875
-0.193145751953125 0.4761962890625 0.36444091796875 -0.02734375
-0.052215576171875 0.3638916015625 0.184539794921875 -0.3116455078125
0.09442138671875 0.358306884765625 -0.033538818359375 -0.352203369140625
0.191802978515625 0.337738037109375 -0.192459106445313 -0.2603759765625
0.207183837890625 0.335296630859375 -0.195297241210938 -0.161972045898437
0.27655029296875 0.343902587890625 -0.15191650390625 -0.05743408203125
0.21832275390625 0.33966064453125 -0.126266479492188 -0.0490646362304687
0.140625 0.444427490234375 -0.15185546875 0.00376892089843756
0.03106689453125 0.553985595703125 -0.149932861328125 -0.00244140624999994
-0.416015625 0.54144287109375 -0.176559448242188 -0.0603179931640624
-0.64190673828125 0.37982177734375 -0.132522583007813 0.00789642333984374
-0.71636962890625 0.07843017578125 -0.358245849609375 -0.01202392578125
-0.5701904296875 -0.0832519531250001 -0.17608642578125 0.178924560546875
-0.52264404296875 0.100494384765625 -0.196319580078125 0.281005859375
-0.3599853515625 0.3372802734375 0.139480590820312 0.199935913085938
-0.048797607421875 0.345672607421875 0.264480590820313 -0.108489990234375
0.028533935546875 0.203781127929688 0.1043701171875 -0.33221435546875
0.0740509033203125 0.195892333984375 -0.106689453125 -0.394500732421875
0.11376953125 0.218017578125 -0.28070068359375 -0.3311767578125
0.137420654296875 0.237136840820313 -0.28070068359375 -0.239425659179687
0.180740356445312 0.252120971679688 -0.243179321289063 -0.15179443359375
0.145004272460938 0.242202758789063 -0.207168579101563 -0.1348876953125
0.108642578125 0.329498291015625 -0.223342895507813 -0.057647705078125
0.026885986328125 0.456207275390625 -0.218093872070313 -0.069244384765625
-0.3853759765625 0.473388671875 -0.199661254882813 -0.113143920898437
-0.5938720703125 0.294677734375 -0.201766967773438 0.0523529052734375
-0.625244140625 -0.000976562500000011 -0.56463623046875 0.0108642578124999
-0.3621826171875 -0.0814208984375 -0.280242919921875 0.173370361328125
-0.31976318359375 0.0879516601562499 -0.201278686523438 0.2625732421875
-0.151687622070312 0.244979858398438 0.114303588867187 0.127052307128906
0.0660247802734375 0.182205200195313 0.161331176757813 -0.145294189453125
0.0743255615234375 0.0359725952148438 0.035980224609375 -0.30267333984375
0.0264244079589844 0.0307941436767578 -0.155426025390625 -0.382049560546875
0.0148162841796875 0.0805740356445313 -0.328033447265625 -0.35498046875
0.046661376953125 0.1031494140625 -0.32379150390625 -0.283935546875
0.0616378784179688 0.11163330078125 -0.290313720703125 -0.220062255859375
0.0653839111328125 0.0901565551757813 -0.247695922851563 -0.190994262695312
0.0858306884765625 0.152816772460937 -0.26715087890625 -0.105300903320312
0.046234130859375 0.286285400390625 -0.269821166992188 -0.144454956054687
-0.27996826171875 0.3289794921875 -0.2022705078125 -0.188217163085937
-0.435089111328125 0.148529052734375 -0.245452880859375 0.05419921875
-0.421295166015625 -0.088653564453125 -0.7225341796875 -0.0027465820312499
0.0670089721679688 0.11932373046875 0.7535400390625 -0.0777587890625
0.175094604492187 -0.0416259765625 0.247161865234375 -0.059783935546875
0.03656005859375 -0.158401489257813 0.16217041015625 0.238723754882813
-0.0917587280273438 -0.100776672363281 0.320281982421875 0.220245361328125
-0.115463256835938 0.036773681640625 0.248916625976562 0.117340087890625
-0.0171890258789063 0.104240417480469 0.232101440429688 0.170608520507813
0.0660400390625 0.0706710815429688 0.296112060546875 0.2371826171875
0.0476188659667969 0.05474853515625 0.29290771484375 0.264404296875
0.0617942810058594 0.0639457702636719 0.27349853515625 0.304443359375
0.020172119140625 0.097381591796875 0.170654296875 0.317169189453125
-0.057586669921875 0.0864105224609375 0.0549468994140625 0.230682373046875
-0.106430053710938 -0.00022888183593752 -0.0411834716796875 0.119918823242188
-0.0225982666015625 -0.122795104980469 -0.0653305053710938 -0.0534515380859375
0.109733581542969 -0.0446014404296875 0.150619506835938 -0.235183715820313
0.0921554565429688 0.112686157226563 0.315032958984375 -0.145477294921875
-0.234893798828125 0.142349243164063 0.7406005859375 -0.01690673828125
-0.108451843261719 0.0656661987304687 0.217666625976563 -0.0093231201171875
-0.186767578125 0.0340423583984375 0.145355224609375 0.2987060546875
-0.188308715820312 0.104324340820313 0.3653564453125 0.250396728515625
-0.16009521484375 0.211990356445313 0.261993408203125 0.0818939208984375
0.027313232421875 0.281890869140625 0.211227416992188 0.126571655273438
0.166152954101563 0.22100830078125 0.245925903320313 0.1964111328125
0.140518188476563 0.1846923828125 0.239471435546875 0.218887329101563
0.171524047851562 0.177032470703125 0.240829467773437 0.262069702148437
0.100753784179688 0.193252563476563 0.164566040039062 0.258865356445313
-0.00523376464843751 0.21197509765625 0.0673980712890625 0.183517456054688
-0.0968170166015625 0.156509399414063 -0.00754547119140625 0.105438232421875
-0.165206909179687 0.017730712890625 -0.0626983642578125 -0.0297355651855469
-0.111320495605469 0.0375747680664063 0.121261596679688 -0.212783813476563
-0.149154663085938 0.115203857421875 0.288482666015625 -0.139556884765625
-0.500335693359375 0.11517333984375 0.62884521484375 0.05621337890625
-0.397613525390625 0.118438720703125 0.145156860351563 0.0636138916015625
-0.423583984375 0.203887939453125 0.139404296875 0.33953857421875
-0.2833251953125 0.302337646484375 0.4072265625 0.236785888671875
-0.19110107421875 0.362335205078125 0.27227783203125 0.00131225585937502
0.0552978515625 0.420501708984375 0.172821044921875 0.0290679931640625
0.232177734375 0.33941650390625 0.157180786132813 0.106155395507813
0.21307373046875 0.289703369140625 0.148880004882812 0.141204833984375
0.264999389648438 0.269317626953125 0.174072265625 0.203399658203125
0.181243896484375 0.272293090820313 0.131912231445312 0.195327758789063
0.064117431640625 0.323028564453125 0.052337646484375 0.144332885742188
-0.05364990234375 0.312652587890625 -0.0037689208984375 0.0901718139648438
-0.26763916015625 0.19403076171875 -0.0772018432617188 -0.0242156982421875
-0.309600830078125 0.158416748046875 0.077880859375 -0.183853149414063
-0.376129150390625 0.130126953125 0.201095581054687 -0.124526977539062
-0.68011474609375 0.0526123046875001 0.4375 0.116668701171875
-0.61260986328125 0.1278076171875 0.0423736572265625 0.148193359375
-0.5966796875 0.33135986328125 0.1456298828125 0.350311279296875
-0.32843017578125 0.454345703125 0.43084716796875 0.171173095703125
-0.18560791015625 0.4547119140625 0.267425537109375 -0.112045288085937
0.07867431640625 0.48626708984375 0.115821838378906 -0.105628967285156
0.257415771484375 0.403350830078125 0.0428276062011719 -0.0143051147460937
0.250640869140625 0.356414794921875 0.0342330932617188 0.0457344055175781
0.322509765625 0.332672119140625 0.0785980224609375 0.129783630371094
0.239532470703125 0.329925537109375 0.0655975341796875 0.124916076660156
0.125579833984375 0.41253662109375 0.00720977783203126 0.106277465820313
2.75394415933749E-17 0.44976806640625 -0.0294952392578125 0.0713424682617188
-0.33758544921875 0.372283935546875 -0.104248046875 -0.0262832641601563
-0.4686279296875 0.288482666015625 0.0203475952148437 -0.133811950683594
-0.562103271484375 0.14263916015625 0.0565567016601562 -0.092803955078125
-0.74462890625 -0.0103149414062501 0.210922241210937 0.1549072265625
-0.70074462890625 0.11761474609375 -0.064605712890625 0.222091674804688
-0.634033203125 0.3946533203125 0.152801513671875 0.325286865234375
-0.28729248046875 0.5125732421875 0.4171142578125 0.0694580078125
-0.129669189453125 0.45318603515625 0.233535766601563 -0.228408813476562
0.095977783203125 0.457977294921875 0.0418243408203125 -0.242279052734375
0.24462890625 0.394775390625 -0.0808258056640625 -0.142074584960937
0.248809814453125 0.367950439453125 -0.086639404296875 -0.0572433471679688
0.32843017578125 0.3538818359375 -0.0340995788574219 0.0416450500488281
0.254058837890625 0.35400390625 -0.0269317626953125 0.0431594848632813
0.15618896484375 0.45501708984375 -0.06475830078125 0.0608139038085938
0.03668212890625 0.53460693359375 -0.0797042846679688 0.0430831909179688
-0.3792724609375 0.50323486328125 -0.138191223144531 -0.0336227416992187
-0.57623291015625 0.37847900390625 -0.0489578247070313 -0.0627937316894531
-0.67919921875 0.13409423828125 -0.133331298828125 -0.048309326171875
-0.6953125 -0.052734375 -0.00315856933593753 0.171310424804687
-0.65545654296875 0.10821533203125 -0.14752197265625 0.267547607421875
-0.531707763671875 0.393585205078125 0.1529541015625 0.269195556640625
-0.172943115234375 0.46246337890625 0.352569580078125 -0.035614013671875
-0.047454833984375 0.352386474609375 0.169891357421875 -0.305450439453125
0.09625244140625 0.345794677734375 -0.040283203125 -0.340667724609375
0.195831298828125 0.324981689453125 -0.194244384765625 -0.249435424804687
0.208343505859375 0.32269287109375 -0.198165893554687 -0.153076171875
0.278228759765625 0.32470703125 -0.1488037109375 -0.053192138671875
0.217071533203125 0.32391357421875 -0.126876831054688 -0.0448150634765625
0.14501953125 0.42413330078125 -0.14862060546875 0.00628662109375005
0.0439453125 0.53424072265625 -0.148284912109375 -0.00169372558593746
-0.393798828125 0.539764404296875 -0.171920776367188 -0.0580139160156249
-0.6165771484375 0.384521484375 -0.12347412109375 0.00797271728515628
-0.70184326171875 0.0890502929687499 -0.345703125 -0.00292968749999997
-0.555206298828125 -0.0692749023437499 -0.170684814453125 0.17376708984375
-0.51019287109375 0.1048583984375 -0.191497802734375 0.278076171875
-0.342132568359375 0.3388671875 0.139175415039062 0.195343017578125
-0.03564453125 0.3336181640625 0.253936767578125 -0.109054565429688
0.029052734375 0.194076538085938 0.0933837890625 -0.3231201171875
0.0718536376953125 0.187973022460938 -0.11114501953125 -0.381072998046875
0.11627197265625 0.211212158203125 -0.282470703125 -0.31591796875
0.13848876953125 0.228591918945313 -0.28204345703125 -0.22686767578125
0.18133544921875 0.24066162109375 -0.240875244140625 -0.14349365234375
0.143218994140625 0.2322998046875 -0.205810546875 -0.126785278320312
0.110870361328125 0.31549072265625 -0.21759033203125 -0.0521697998046874
0.038604736328125 0.439849853515625 -0.215438842773437 -0.0646820068359375
-0.363983154296875 0.470794677734375 -0.195877075195313 -0.10821533203125
-0.5721435546875 0.29888916015625 -0.191177368164063 0.053863525390625
-0.61431884765625 0.00994873046874988 -0.548919677734375 0.0227661132812499
-0.35418701171875 -0.06976318359375 -0.27337646484375 0.171539306640625
-0.314300537109375 0.092193603515625 -0.198028564453125 0.261856079101563
-0.14044189453125 0.245193481445313 0.114356994628906 0.12457275390625
0.0717315673828125 0.172256469726563 0.152450561523438 -0.141220092773438
0.0696792602539063 0.0302162170410156 0.030059814453125 -0.2926025390625
0.021575927734375 0.0298652648925781 -0.158050537109375 -0.368621826171875
0.0168533325195312 0.0801620483398437 -0.328216552734375 -0.336395263671875
0.04766845703125 0.100120544433594 -0.32415771484375 -0.269012451171875
0.0605545043945312 0.108222961425781 -0.288665771484375 -0.209014892578125
0.0626983642578125 0.0864028930664063 -0.246002197265625 -0.181716918945313
0.0847015380859375 0.143402099609375 -0.26025390625 -0.0965881347656249
0.052825927734375 0.275466918945313 -0.266067504882813 -0.134902954101562
-0.265045166015625 0.3289794921875 -0.200149536132813 -0.18121337890625
-0.423309326171875 0.153717041015625 -0.2357177734375 0.057098388671875
-0.416412353515625 -0.079010009765625 -0.7025146484375 0.01593017578125
0.0730514526367188 0.12164306640625 0.75030517578125 -0.086669921875
0.175323486328125 -0.0449371337890625 0.243621826171875 -0.0623931884765625
0.0341033935546875 -0.159088134765625 0.164520263671875 0.236099243164063
-0.0934906005859375 -0.101280212402344 0.32232666015625 0.2138671875
-0.113792419433594 0.0389862060546875 0.245254516601563 0.113418579101562
-0.0113906860351563 0.103713989257813 0.22955322265625 0.168212890625
0.0685043334960938 0.0671157836914063 0.296600341796875 0.232574462890625
0.0494422912597656 0.0529441833496094 0.294281005859375 0.261688232421875
0.0648727416992188 0.0610618591308594 0.27252197265625 0.302520751953125
0.0230331420898438 0.09759521484375 0.168792724609375 0.313720703125
-0.0544052124023437 0.087860107421875 0.0533599853515625 0.225173950195312
-0.106491088867188 0.00173950195312501 -0.0418319702148438 0.114662170410156
-0.0268020629882813 -0.121368408203125 -0.0645828247070313 -0.0547943115234375
0.108055114746094 -0.0447921752929688 0.151092529296875 -0.237747192382812
0.0960235595703125 0.112754821777344 0.314361572265625 -0.1461181640625
-0.227066040039062 0.145416259765625 0.73828125 -0.0244140625
-0.1058349609375 0.0625762939453125 0.215103149414062 -0.01300048828125
-0.186553955078125 0.0339508056640625 0.1483154296875 0.297271728515625
-0.18707275390625 0.102615356445312 0.36614990234375 0.243499755859375
-0.157608032226562 0.213516235351563 0.257278442382813 0.0780792236328125
0.0333709716796875 0.279678344726563 0.208831787109375 0.125030517578125
0.169235229492188 0.2152099609375 0.245407104492188 0.192413330078125
0.143142700195313 0.1807861328125 0.2388916015625 0.21636962890625
0.175430297851563 0.172012329101563 0.239593505859375 0.259979248046875
0.101272583007813 0.190353393554688 0.161300659179687 0.255722045898437
-0.00216674804687499 0.208877563476563 0.0653533935546875 0.178375244140625
-0.0957794189453125 0.154052734375 -0.00957489013671875 0.100082397460938
-0.1663818359375 0.0200653076171875 -0.0608406066894531 -0.0318489074707031
-0.11041259765625 0.0380172729492188 0.123519897460937 -0.215652465820313
-0.145004272460938 0.11602783203125 0.288604736328125 -0.14093017578125
-0.4921875 0.11865234375 0.62640380859375 0.04833984375
-0.393280029296875 0.1162109375 0.144805908203125 0.060333251953125
-0.42144775390625 0.207183837890625 0.142181396484375 0.338623046875
-0.278289794921875 0.30108642578125 0.406341552734375 0.2296142578125
-0.1905517578125 0.362335205078125 0.2659912109375 -0.00137329101562498
0.06231689453125 0.41748046875 0.170578002929688 0.028656005859375
0.236053466796875 0.333892822265625 0.156021118164063 0.103652954101563
0.214202880859375 0.285858154296875 0.146835327148438 0.1412353515625
0.268814086914063 0.2611083984375 0.173782348632813 0.20208740234375
0.180328369140625 0.267074584960938 0.128082275390625 0.194091796875
0.067230224609375 0.31732177734375 0.0499725341796875 0.140670776367188
-0.05084228515625 0.306396484375 -0.00747680664062501 0.085693359375
-0.266448974609375 0.196365356445312 -0.075347900390625 -0.0262451171875
-0.304412841796875 0.160614013671875 0.0810546875 -0.187667846679688
-0.37249755859375 0.1326904296875 0.20306396484375 -0.125228881835938
-0.671630859375 0.05645751953125 0.43701171875 0.10919189453125
-0.6094970703125 0.125732421875 0.041748046875 0.1456298828125
-0.5911865234375 0.335205078125 0.145538330078125 0.3502197265625
-0.32171630859375 0.45013427734375 0.43084716796875 0.1654052734375
-0.183990478515625 0.4534912109375 0.260818481445313 -0.113510131835937
0.08258056640625 0.4810791015625 0.114097595214844 -0.104438781738281
0.260986328125 0.39630126953125 0.0414352416992188 -0.0150489807128906
0.252593994140625 0.351409912109375 0.0315284729003906 0.0470466613769531
0.32550048828125 0.3236083984375 0.0793991088867188 0.128890991210938
0.239959716796875 0.32452392578125 0.0624008178710938 0.124443054199219
0.1270751953125 0.404754638671875 0.00583648681640625 0.104080200195313
0.00497436523437505 0.442230224609375 -0.0317153930664062 0.0682487487792969
-0.332489013671875 0.374542236328125 -0.102684020996094 -0.0281295776367188
-0.460662841796875 0.29193115234375 0.0246047973632812 -0.137184143066406
-0.55914306640625 0.14599609375 0.0588455200195312 -0.0928802490234375
-0.73822021484375 -0.00775146484375009 0.210800170898437 0.148101806640625
-0.69677734375 0.11614990234375 -0.0654144287109376 0.220123291015625
-0.6270751953125 0.40020751953125 0.154449462890625 0.32550048828125
-0.27947998046875 0.508270263671875 0.41314697265625 0.065185546875
-0.1292724609375 0.450531005859375 0.226516723632813 -0.226898193359375
0.097686767578125 0.453765869140625 0.039642333984375 -0.240478515625
0.248565673828125 0.390411376953125 -0.0826034545898437 -0.140541076660156
0.25 0.36431884765625 -0.0901870727539062 -0.054931640625
0.33184814453125 0.347259521484375 -0.0343818664550781 0.0421409606933594
0.25360107421875 0.34832763671875 -0.0289649963378906 0.044464111328125
0.158447265625 0.446868896484375 -0.0659332275390625 0.0603523254394532
0.042327880859375 0.527496337890625 -0.0819473266601562 0.0411224365234375
-0.371795654296875 0.50604248046875 -0.136123657226563 -0.0347061157226562
-0.568359375 0.38092041015625 -0.0441932678222657 -0.0659637451171875
-0.67706298828125 0.1383056640625 -0.130027770996094 -0.0465927124023437
-0.68939208984375 -0.05047607421875 -0.00350952148437506 0.165451049804688
-0.65185546875 0.1094970703125 -0.14910888671875 0.268035888671875
-0.5244140625 0.398193359375 0.153945922851562 0.270401000976562
-0.16473388671875 0.457550048828125 0.34906005859375 -0.035919189453125
-0.046630859375 0.3475341796875 0.16400146484375 -0.302215576171875
0.095855712890625 0.34210205078125 -0.0399169921875 -0.33837890625
0.198455810546875 0.321197509765625 -0.196517944335937 -0.2452392578125
0.210174560546875 0.320281982421875 -0.201156616210938 -0.149169921875
0.279815673828125 0.31903076171875 -0.148544311523437 -0.0521392822265625
0.21588134765625 0.32025146484375 -0.128730773925781 -0.0429153442382812
0.146270751953125 0.417388916015625 -0.148345947265625 0.00650024414062505
0.04998779296875 0.5260009765625 -0.149658203125 -0.00245666503906244
-0.386871337890625 0.5419921875 -0.169815063476563 -0.059051513671875
-0.609619140625 0.3883056640625 -0.118316650390625 0.00642395019531252
-0.7020263671875 0.0919189453124999 -0.34136962890625 0.000396728515624983
-0.551971435546875 -0.0669250488281249 -0.171676635742188 0.169906616210937
-0.510040283203125 0.106903076171875 -0.194503784179688 0.280532836914063
-0.3350830078125 0.3426513671875 0.139938354492187 0.197067260742188
-0.02813720703125 0.326690673828125 0.250289916992187 -0.1077880859375
0.02630615234375 0.189682006835938 0.0908203125 -0.3177490234375
0.0684661865234375 0.18548583984375 -0.111328125 -0.37750244140625
0.11865234375 0.208877563476562 -0.2845458984375 -0.309478759765625
0.139984130859375 0.227340698242187 -0.285491943359375 -0.2213134765625
0.182052612304687 0.23760986328125 -0.241455078125 -0.142013549804687
0.140762329101563 0.230087280273438 -0.207183837890625 -0.124725341796875
0.109375 0.308135986328125 -0.216476440429688 -0.05084228515625
0.042877197265625 0.433380126953125 -0.215682983398438 -0.0630950927734375
-0.357818603515625 0.473388671875 -0.194656372070313 -0.1080322265625
-0.56768798828125 0.3031005859375 -0.186050415039063 0.05340576171875
-0.6156005859375 0.0128173828125001 -0.5443115234375 0.0295104980468749
-0.35113525390625 -0.0667724609375001 -0.274063110351562 0.169525146484375
-0.315643310546875 0.095062255859375 -0.201065063476563 0.266006469726563
-0.134552001953125 0.248672485351563 0.116020202636719 0.127227783203125
0.0766448974609375 0.16680908203125 0.150070190429688 -0.137954711914063
0.066192626953125 0.0259590148925781 0.029052734375 -0.287872314453125
0.0176734924316406 0.0298042297363281 -0.1575927734375 -0.36370849609375
0.0183944702148438 0.0810470581054688 -0.329254150390625 -0.330352783203125
0.0479736328125 0.100181579589844 -0.328399658203125 -0.264862060546875
0.0601882934570312 0.107337951660156 -0.289947509765625 -0.207550048828125
0.0593032836914063 0.08563232421875 -0.246139526367188 -0.180587768554688
0.0832138061523438 0.139007568359375 -0.256362915039063 -0.0944976806640625
0.05560302734375 0.270950317382812 -0.266693115234375 -0.13238525390625
-0.259918212890625 0.33148193359375 -0.20037841796875 -0.179946899414063
-0.4197998046875 0.156524658203125 -0.23114013671875 0.05902099609375
-0.41851806640625 -0.07720947265625 -0.69775390625 0.0231933593750001
0.0832366943359375 0.125007629394531 0.7626953125 -0.101318359375
0.17999267578125 -0.0503692626953125 0.245376586914063 -0.0691375732421875
0.03204345703125 -0.164352416992188 0.173538208007813 0.238311767578125
-0.0989151000976563 -0.102500915527344 0.331634521484375 0.20892333984375
-0.114082336425781 0.0424270629882813 0.247451782226563 0.110275268554688
-0.00481414794921875 0.1053466796875 0.232864379882813 0.1690673828125
0.0729522705078125 0.0648422241210938 0.305908203125 0.231597900390625
0.0533943176269531 0.0511932373046875 0.304595947265625 0.262176513671875
0.0712203979492188 0.058807373046875 0.281829833984375 0.30535888671875
0.0265426635742187 0.0990447998046875 0.17254638671875 0.316741943359375
-0.051727294921875 0.0920639038085938 0.055023193359375 0.224899291992188
-0.10968017578125 0.0043487548828125 -0.0428543090820313 0.1136474609375
-0.0326385498046875 -0.121452331542969 -0.0649604797363281 -0.0579261779785156
0.109039306640625 -0.0476303100585938 0.152847290039063 -0.2476806640625
0.104469299316406 0.114349365234375 0.32147216796875 -0.15399169921875
-0.222869873046875 0.151885986328125 0.753173828125 -0.03839111328125
-0.105232238769531 0.0609970092773438 0.218551635742188 -0.019256591796875
-0.189361572265625 0.0367889404296875 0.15667724609375 0.300445556640625
-0.190216064453125 0.104385375976563 0.37567138671875 0.237823486328125
-0.157730102539063 0.22137451171875 0.25787353515625 0.0748138427734375
0.041595458984375 0.28253173828125 0.211715698242188 0.12530517578125
0.17822265625 0.21368408203125 0.252487182617188 0.191314697265625
0.15087890625 0.180587768554688 0.245773315429688 0.217926025390625
0.183837890625 0.168838500976563 0.24749755859375 0.2628173828125
0.107070922851563 0.191116333007813 0.165420532226563 0.258331298828125
0.00256347656250001 0.211502075195313 0.0653076171875 0.177230834960937
-0.094635009765625 0.156631469726563 -0.0114364624023438 0.0986709594726563
-0.170608520507813 0.02459716796875 -0.060821533203125 -0.0338287353515625
-0.109748840332031 0.0418853759765625 0.12579345703125 -0.225448608398438
-0.141876220703125 0.1209716796875 0.2947998046875 -0.14794921875
-0.494293212890625 0.1258544921875 0.64056396484375 0.03533935546875
-0.39752197265625 0.11871337890625 0.147232055664063 0.0570068359375
-0.4267578125 0.216827392578125 0.150238037109375 0.3431396484375
-0.2791748046875 0.305328369140625 0.416046142578125 0.223236083984375
-0.190643310546875 0.373443603515625 0.266387939453125 -0.00457763671874998
0.07159423828125 0.421783447265625 0.173431396484375 0.027435302734375
0.24749755859375 0.331939697265625 0.159576416015625 0.103378295898438
0.225616455078125 0.286407470703125 0.14971923828125 0.143661499023438
0.279098510742188 0.257858276367188 0.180282592773438 0.2047119140625
0.187026977539062 0.26666259765625 0.130599975585937 0.19622802734375
0.07318115234375 0.317596435546875 0.0498046875 0.139923095703125
-0.04632568359375 0.308868408203125 -0.00873565673828126 0.0843582153320313
-0.26788330078125 0.20587158203125 -0.07574462890625 -0.0274505615234375
-0.30364990234375 0.1695556640625 0.0835418701171875 -0.196502685546875
-0.375823974609375 0.140167236328125 0.207977294921875 -0.130706787109375
-0.680419921875 0.0642700195312499 0.447662353515625 0.102020263671875
-0.618896484375 0.1314697265625 0.043487548828125 0.145904541015625
-0.59716796875 0.3524169921875 0.154510498046875 0.3551025390625
-0.319000244140625 0.457611083984375 0.44024658203125 0.15997314453125
-0.184295654296875 0.465118408203125 0.259796142578125 -0.117080688476562
0.09326171875 0.48626708984375 0.114906311035156 -0.108230590820312
0.274993896484375 0.395050048828125 0.0399246215820313 -0.0152549743652344
0.264404296875 0.353179931640625 0.0300140380859375 0.0499916076660156
0.3382568359375 0.3197021484375 0.082611083984375 0.131126403808594
0.2459716796875 0.323333740234375 0.06341552734375 0.126777648925781
0.135589599609375 0.404266357421875 0.00408935546875001 0.104110717773438
0.012176513671875 0.44439697265625 -0.0345878601074219 0.0674552917480469
-0.33172607421875 0.390777587890625 -0.103355407714844 -0.0290374755859375
-0.461334228515625 0.30615234375 0.0274810791015625 -0.144500732421875
-0.569580078125 0.15673828125 0.0622711181640625 -0.0943603515625
-0.74853515625 -0.00195312499999997 0.216827392578125 0.144317626953125
-0.7098388671875 0.1243896484375 -0.066314697265625 0.224411010742188
-0.6319580078125 0.41845703125 0.16046142578125 0.33184814453125
-0.27423095703125 0.5162353515625 0.421783447265625 0.05926513671875
-0.1282958984375 0.45977783203125 0.224258422851563 -0.231842041015625
0.105560302734375 0.457977294921875 0.037933349609375 -0.245452880859375
0.261962890625 0.3896484375 -0.087860107421875 -0.141159057617187
0.262939453125 0.367034912109375 -0.0956192016601563 -0.0517501831054687
0.34326171875 0.343170166015625 -0.0340347290039062 0.0435905456542969
0.261016845703125 0.34783935546875 -0.0305137634277344 0.0461387634277344
0.16644287109375 0.449005126953125 -0.06829833984375 0.0613327026367188
0.05084228515625 0.531494140625 -0.0859603881835938 0.0414962768554688
-0.37017822265625 0.52496337890625 -0.13787841796875 -0.0351486206054687
-0.568359375 0.3995361328125 -0.04107666015625 -0.0709762573242187
-0.69244384765625 0.14996337890625 -0.129753112792969 -0.044189453125
-0.70184326171875 -0.044921875 -0.00250244140625004 0.165390014648438
-0.66436767578125 0.11737060546875 -0.15093994140625 0.276214599609375
-0.524810791015625 0.4166259765625 0.159759521484375 0.275100708007812
-0.155853271484375 0.46173095703125 0.353759765625 -0.0421142578125
-0.0462646484375 0.353546142578125 0.160858154296875 -0.307098388671875
0.09979248046875 0.345458984375 -0.04461669921875 -0.343536376953125
0.208648681640625 0.321685791015625 -0.20550537109375 -0.24554443359375
0.220794677734375 0.32366943359375 -0.210006713867188 -0.146026611328125
0.290069580078125 0.317413330078125 -0.153106689453125 -0.051239013671875
0.2213134765625 0.322265625 -0.133056640625 -0.041351318359375
0.15362548828125 0.4200439453125 -0.151412963867188 0.00791931152343751
0.06048583984375 0.531951904296875 -0.154586791992188 -0.000686645507812487
-0.38348388671875 0.5623779296875 -0.173477172851563 -0.0584716796874999
-0.61297607421875 0.40838623046875 -0.115501403808594 0.00581359863281253
-0.71881103515625 0.10272216796875 -0.344818115234375 0.00808715820312495
-0.560516357421875 -0.06109619140625 -0.1739501953125 0.17230224609375
-0.5198974609375 0.11572265625 -0.197235107421875 0.29168701171875
-0.331878662109375 0.358642578125 0.145736694335937 0.201339721679688
-0.019317626953125 0.3280029296875 0.251861572265625 -0.11016845703125
0.0261383056640625 0.19024658203125 0.087432861328125 -0.321746826171875
0.0694122314453125 0.187606811523438 -0.115234375 -0.38177490234375
0.125167846679688 0.210220336914062 -0.295166015625 -0.30926513671875
0.14630126953125 0.229232788085937 -0.295745849609375 -0.21917724609375
0.189315795898438 0.237228393554688 -0.248779296875 -0.141632080078125
0.1435546875 0.232528686523438 -0.213348388671875 -0.124496459960937
0.1136474609375 0.30987548828125 -0.22015380859375 -0.0495605468749999
0.05096435546875 0.43731689453125 -0.221511840820313 -0.06036376953125
-0.356842041015625 0.490509033203125 -0.19915771484375 -0.108139038085937
-0.572998046875 0.3177490234375 -0.18463134765625 0.0564727783203125
-0.63238525390625 0.0200195312499999 -0.55169677734375 0.0407104492187501
-0.35711669921875 -0.06329345703125 -0.27996826171875 0.174423217773437
-0.322723388671875 0.103607177734375 -0.20489501953125 0.279571533203125
-0.12835693359375 0.25909423828125 0.121047973632812 0.129898071289063
0.0837860107421875 0.164321899414062 0.14923095703125 -0.13861083984375
0.0642013549804688 0.0230827331542969 0.02703857421875 -0.29034423828125
0.0150642395019531 0.0312271118164063 -0.161041259765625 -0.36749267578125
0.0208587646484375 0.0826644897460938 -0.34210205078125 -0.329315185546875
0.0507125854492188 0.100799560546875 -0.33917236328125 -0.26220703125
0.0619049072265625 0.109107971191406 -0.30023193359375 -0.20892333984375
0.0590744018554688 0.08685302734375 -0.253219604492188 -0.181427001953125
0.0840377807617188 0.137977600097656 -0.26104736328125 -0.0927886962890625
0.061431884765625 0.272384643554688 -0.273544311523438 -0.129501342773438
-0.2589111328125 0.3448486328125 -0.206756591796875 -0.181671142578125
-0.428070068359375 0.164764404296875 -0.231658935546875 0.064117431640625
-0.431640625 -0.0744628906250001 -0.7083740234375 0.0373535156249999
0.0976715087890625 0.126731872558594 0.7784423828125 -0.135009765625
0.184188842773438 -0.0613555908203125 0.24700927734375 -0.0809173583984375
0.0251007080078125 -0.171234130859375 0.190032958984375 0.237075805664063
-0.109298706054688 -0.102546691894531 0.3475341796875 0.198394775390625
-0.114776611328125 0.049530029296875 0.254531860351563 0.103408813476563
0.00373077392578125 0.107162475585937 0.242782592773438 0.166534423828125
0.079193115234375 0.0609283447265625 0.322357177734375 0.223876953125
0.0585517883300781 0.0476570129394531 0.3245849609375 0.2576904296875
0.0789413452148437 0.0543060302734375 0.3018798828125 0.30377197265625
0.0344467163085938 0.101226806640625 0.186614990234375 0.319122314453125
-0.047149658203125 0.0975875854492188 0.0611419677734375 0.22491455078125
-0.112991333007812 0.0100326538085937 -0.0419845581054688 0.114761352539063
-0.0414276123046875 -0.121566772460938 -0.068267822265625 -0.0599594116210938
0.109970092773438 -0.0526809692382813 0.149322509765625 -0.263931274414063
0.117225646972656 0.113533020019531 0.326751708984375 -0.170257568359375
-0.216644287109375 0.16375732421875 0.7723388671875 -0.07177734375
-0.104354858398438 0.0618133544921875 0.222793579101563 -0.0298004150390625
-0.19390869140625 0.0444488525390625 0.175323486328125 0.303009033203125
-0.193649291992187 0.11181640625 0.393951416015625 0.224365234375
-0.154388427734375 0.235198974609375 0.263824462890625 0.0678253173828125
0.057708740234375 0.2874755859375 0.220962524414062 0.12213134765625
0.193267822265625 0.20819091796875 0.26483154296875 0.186553955078125
0.163177490234375 0.176422119140625 0.260025024414063 0.21539306640625
0.197738647460938 0.160446166992187 0.264312744140625 0.26287841796875
0.118087768554688 0.190780639648438 0.176910400390625 0.259475708007813
0.01202392578125 0.215499877929688 0.0698089599609375 0.177597045898438
-0.0917510986328125 0.16290283203125 -0.0109710693359375 0.098785400390625
-0.17547607421875 0.0342254638671875 -0.0625648498535156 -0.03424072265625
-0.107872009277344 0.0475921630859375 0.122512817382813 -0.241058349609375
-0.136741638183594 0.1290283203125 0.301055908203125 -0.163818359375
-0.49810791015625 0.146697998046875 0.65960693359375 0.00982666015625001
-0.40240478515625 0.130950927734375 0.15277099609375 0.050445556640625
-0.429046630859375 0.239227294921875 0.16845703125 0.345611572265625
-0.27728271484375 0.32049560546875 0.435699462890625 0.209930419921875
-0.1834716796875 0.392791748046875 0.269210815429688 -0.0133056640625
0.09088134765625 0.4290771484375 0.17840576171875 0.0213470458984375
0.268585205078125 0.326141357421875 0.165939331054688 0.0998687744140625
0.2442626953125 0.282867431640625 0.157928466796875 0.144317626953125
0.299163818359375 0.246826171875 0.193359375 0.205963134765625
0.2010498046875 0.264053344726563 0.139114379882813 0.197891235351563
0.08734130859375 0.32012939453125 0.0528793334960938 0.140243530273438
-0.03594970703125 0.314788818359375 -0.00843811035156249 0.0853195190429688
-0.266326904296875 0.223724365234375 -0.0777816772460938 -0.0274505615234375
-0.30078125 0.186920166015625 0.081512451171875 -0.209625244140625
-0.37750244140625 0.15740966796875 0.21234130859375 -0.142196655273437
-0.69281005859375 0.0887451171875001 0.464447021484375 0.083251953125
-0.63134765625 0.15478515625 0.0496673583984375 0.145950317382813
-0.5985107421875 0.3853759765625 0.172119140625 0.3603515625
-0.3099365234375 0.476409912109375 0.456451416015625 0.144866943359375
-0.1741943359375 0.487579345703125 0.259368896484375 -0.128616333007812
0.11376953125 0.494781494140625 0.113609313964844 -0.115516662597656
0.299713134765625 0.391265869140625 0.038787841796875 -0.0171699523925781
0.28692626953125 0.350372314453125 0.0306205749511719 0.0535125732421875
0.36212158203125 0.308319091796875 0.0904083251953125 0.133171081542969
0.26348876953125 0.319244384765625 0.067718505859375 0.12921142578125
0.1533203125 0.405487060546875 0.00516510009765625 0.105918884277344
0.03033447265625 0.4517822265625 -0.0356559753417969 0.0696449279785157
-0.321380615234375 0.416717529296875 -0.106208801269531 -0.028076171875
-0.4559326171875 0.333831787109375 0.02618408203125 -0.155120849609375
-0.578369140625 0.1826171875 0.064544677734375 -0.0985641479492187
-0.765869140625 0.02325439453125 0.228668212890625 0.13531494140625
-0.724609375 0.15203857421875 -0.0605926513671876 0.23297119140625
-0.6302490234375 0.4586181640625 0.17633056640625 0.3365478515625
-0.259246826171875 0.5343017578125 0.43267822265625 0.043182373046875
-0.116943359375 0.477020263671875 0.219039916992188 -0.244232177734375
0.123809814453125 0.463958740234375 0.030609130859375 -0.253890991210937
0.28564453125 0.386993408203125 -0.0977783203124999 -0.140510559082031
0.2847900390625 0.36517333984375 -0.102577209472656 -0.04559326171875
0.3673095703125 0.33404541015625 -0.0329666137695312 0.0475311279296875
0.279571533203125 0.34552001953125 -0.0319252014160156 0.0495567321777344
0.186187744140625 0.448699951171875 -0.0696563720703125 0.0647544860839844
0.07470703125 0.53759765625 -0.0886688232421875 0.0453720092773438
-0.356170654296875 0.555999755859375 -0.14178466796875 -0.0327606201171875
-0.5634765625 0.43463134765625 -0.0406646728515625 -0.0748672485351562
-0.70867919921875 0.1802978515625 -0.130813598632813 -0.03857421875
-0.72021484375 -0.0221557617187501 0.00326538085937496 0.165573120117188
-0.678955078125 0.14312744140625 -0.147369384765625 0.29083251953125
-0.518890380859375 0.451690673828125 0.17449951171875 0.279006958007813
-0.13934326171875 0.47369384765625 0.359039306640625 -0.054840087890625
-0.03656005859375 0.363189697265625 0.152099609375 -0.3182373046875
0.113250732421875 0.347991943359375 -0.0577392578125 -0.35198974609375
0.227691650390625 0.31951904296875 -0.22186279296875 -0.242431640625
0.23992919921875 0.3214111328125 -0.223190307617188 -0.13775634765625
0.31109619140625 0.3111572265625 -0.159194946289062 -0.045928955078125
0.2374267578125 0.321014404296875 -0.139488220214844 -0.0361328125
0.17010498046875 0.422576904296875 -0.156051635742188 0.0131225585937501
0.0826416015624999 0.53973388671875 -0.159530639648438 0.00523376464843753
-0.367431640625 0.5946044921875 -0.179092407226563 -0.0552520751953124
-0.60992431640625 0.4442138671875 -0.113418579101563 0.00704193115234378
-0.73944091796875 0.13250732421875 -0.350555419921875 0.0247192382812501
-0.57757568359375 -0.0458984375 -0.173873901367188 0.180191040039063
-0.53240966796875 0.138702392578125 -0.193695068359375 0.310638427734375
-0.32177734375 0.383941650390625 0.157608032226562 0.20269775390625
-0.00405883789062497 0.331207275390625 0.253326416015625 -0.120529174804687
0.030670166015625 0.192184448242188 0.07843017578125 -0.32958984375
0.074951171875 0.1884765625 -0.131744384765625 -0.388153076171875
0.137908935546875 0.20977783203125 -0.31610107421875 -0.3040771484375
0.159683227539063 0.228775024414063 -0.31439208984375 -0.210235595703125
0.202484130859375 0.234832763671875 -0.262420654296875 -0.1351318359375
0.154144287109375 0.232391357421875 -0.225326538085937 -0.119552612304688
0.125946044921875 0.311187744140625 -0.2276611328125 -0.0432891845703125
0.069976806640625 0.444091796875 -0.229965209960938 -0.0532684326171875
-0.341827392578125 0.52166748046875 -0.207962036132813 -0.104324340820312
-0.57366943359375 0.35101318359375 -0.182388305664063 0.0633697509765625
-0.653564453125 0.0450439453125001 -0.5611572265625 0.0680541992187499
-0.36724853515625 -0.05303955078125 -0.282928466796875 0.1885986328125
-0.330535888671875 0.12078857421875 -0.202362060546875 0.300048828125
-0.116363525390625 0.274627685546875 0.130546569824219 0.130821228027344
0.0959014892578125 0.16021728515625 0.147705078125 -0.144561767578125
0.0624809265136719 0.0183563232421875 0.02020263671875 -0.296142578125
0.0128192901611328 0.0321788787841797 -0.177032470703125 -0.371337890625
0.025390625 0.08465576171875 -0.363861083984375 -0.323150634765625
0.0558013916015625 0.101463317871094 -0.359588623046875 -0.2529296875
0.0665283203125 0.109504699707031 -0.318145751953125 -0.202056884765625
0.0619659423828125 0.0867767333984375 -0.267410278320313 -0.177230834960937
0.0884170532226563 0.136802673339844 -0.269058227539063 -0.086334228515625
0.0749053955078125 0.27435302734375 -0.28533935546875 -0.1212158203125
-0.25 0.365386962890625 -0.219085693359375 -0.178878784179687
-0.432647705078125 0.18798828125 -0.231704711914063 0.07501220703125
-0.45050048828125 -0.058197021484375 -0.7235107421875 0.0718383789062501
0.114555358886719 0.122055053710938 0.77813720703125 -0.18914794921875
0.184783935546875 -0.077239990234375 0.241943359375 -0.0996551513671875
0.013580322265625 -0.176803588867188 0.210067749023438 0.226470947265625
-0.119842529296875 -0.0969924926757813 0.363800048828125 0.1746826171875
-0.112167358398438 0.0589370727539063 0.260726928710938 0.088836669921875
0.0161819458007813 0.106513977050781 0.254165649414063 0.155258178710938
0.0858230590820313 0.0540771484375 0.34088134765625 0.207122802734375
0.0637435913085938 0.0422821044921875 0.345001220703125 0.238616943359375
0.0862808227539063 0.0456466674804688 0.32318115234375 0.291534423828125
0.0449905395507813 0.101119995117187 0.2081298828125 0.312286376953125
-0.039306640625 0.102897644042969 0.0727996826171875 0.22076416015625
-0.114654541015625 0.0181427001953125 -0.0386276245117188 0.115791320800781
-0.05181884765625 -0.117912292480469 -0.071990966796875 -0.0594940185546875
0.109474182128906 -0.0605697631835938 0.136444091796875 -0.280807495117188
0.131263732910156 0.106605529785156 0.32293701171875 -0.1939697265625
-0.203369140625 0.178131103515625 0.7777099609375 -0.12615966796875
-0.100677490234375 0.0654067993164062 0.221923828125 -0.0473480224609375
-0.193588256835938 0.05621337890625 0.1976318359375 0.29473876953125
-0.192413330078125 0.123733520507813 0.41265869140625 0.20001220703125
-0.142425537109375 0.250778198242188 0.267227172851563 0.0529937744140625
0.080291748046875 0.284515380859375 0.230072021484375 0.110870361328125
0.209716796875 0.194732666015625 0.27886962890625 0.172454833984375
0.177108764648438 0.165328979492187 0.276519775390625 0.203567504882813
0.212265014648438 0.1444091796875 0.28448486328125 0.2525634765625
0.132598876953125 0.183853149414063 0.193618774414062 0.253250122070313
0.02630615234375 0.216506958007812 0.077728271484375 0.17315673828125
-0.0829315185546875 0.168960571289063 -0.00765991210937501 0.0990829467773438
-0.17498779296875 0.0476837158203125 -0.065032958984375 -0.0338706970214844
-0.102577209472656 0.0544662475585937 0.110382080078125 -0.25616455078125
-0.126457214355469 0.138031005859375 0.297271728515625 -0.185272216796875
-0.490966796875 0.17645263671875 0.67034912109375 -0.03515625
-0.39935302734375 0.154388427734375 0.15777587890625 0.038421630859375
-0.4197998046875 0.27020263671875 0.192535400390625 0.34088134765625
-0.262359619140625 0.33843994140625 0.453338623046875 0.181671142578125
-0.162933349609375 0.412841796875 0.268661499023438 -0.02899169921875
0.1209716796875 0.425689697265625 0.181198120117188 0.0107269287109375
0.294097900390625 0.30914306640625 0.173019409179688 0.092010498046875
0.266571044921875 0.267974853515625 0.167587280273438 0.139892578125
0.31964111328125 0.225067138671875 0.209854125976563 0.19854736328125
0.220077514648437 0.251388549804687 0.151214599609375 0.192092895507813
0.1082763671875 0.314849853515625 0.0582962036132813 0.13714599609375
-0.017120361328125 0.316986083984375 -0.00579833984375 0.0857315063476563
-0.252685546875 0.245315551757813 -0.0789642333984375 -0.0252151489257813
-0.28729248046875 0.20758056640625 0.071624755859375 -0.222427368164062
-0.37091064453125 0.182373046875 0.210357666015625 -0.15765380859375
-0.6942138671875 0.128662109375 0.47650146484375 0.051361083984375
-0.63128662109375 0.1907958984375 0.058807373046875 0.142318725585938
-0.5811767578125 0.4300537109375 0.19415283203125 0.35528564453125
-0.28375244140625 0.4989013671875 0.469268798828125 0.11700439453125
-0.149383544921875 0.50567626953125 0.251739501953125 -0.144180297851562
0.146148681640625 0.491668701171875 0.107505798339844 -0.125373840332031
0.32867431640625 0.37225341796875 0.0361328125 -0.0186882019042969
0.31243896484375 0.333648681640625 0.0331764221191406 0.0561790466308594
0.383636474609375 0.283294677734375 0.101821899414063 0.131309509277344
0.2855224609375 0.305145263671875 0.0750045776367188 0.127662658691406
0.1795654296875 0.3975830078125 0.00830841064453126 0.106483459472656
0.0587158203125 0.4500732421875 -0.03448486328125 0.0716171264648438
-0.296112060546875 0.442138671875 -0.107833862304688 -0.0242843627929687
-0.434844970703125 0.36566162109375 0.020416259765625 -0.163833618164062
-0.57513427734375 0.2215576171875 0.0642318725585937 -0.103424072265625
-0.7760009765625 0.0673828125000001 0.240310668945312 0.118698120117188
-0.7259521484375 0.19525146484375 -0.04693603515625 0.238723754882812
-0.60687255859375 0.50653076171875 0.199676513671875 0.331512451171875
-0.226165771484375 0.551544189453125 0.439300537109375 0.016265869140625
-0.09161376953125 0.49267578125 0.204986572265625 -0.258255004882812
0.153564453125 0.46002197265625 0.0150146484375 -0.260955810546875
0.313385009765625 0.37054443359375 -0.109779357910156 -0.134468078613281
0.31134033203125 0.348114013671875 -0.108139038085938 -0.0357589721679687
0.392486572265625 0.309295654296875 -0.0296363830566406 0.0510711669921875
0.302032470703125 0.329345703125 -0.0305976867675781 0.0535316467285156
0.21551513671875 0.44061279296875 -0.0691986083984375 0.0694541931152344
0.109283447265625 0.534637451171875 -0.0881118774414062 0.0516357421875
-0.32098388671875 0.58740234375 -0.144195556640625 -0.0263977050781249
-0.536346435546875 0.47491455078125 -0.0415496826171875 -0.0781326293945312
-0.70733642578125 0.22918701171875 -0.129714965820313 -0.029327392578125
-0.73040771484375 0.0155029296875 0.0136566162109375 0.163314819335937
-0.68194580078125 0.1875 -0.131866455078125 0.305389404296875
-0.491455078125 0.4925537109375 0.19317626953125 0.274200439453125
-0.107177734375 0.482452392578125 0.35906982421875 -0.075225830078125
-0.0189208984375 0.37005615234375 0.134857177734375 -0.329437255859375
0.13323974609375 0.3443603515625 -0.080078125 -0.354339599609375
0.25115966796875 0.305877685546875 -0.242721557617187 -0.229751586914062
0.262786865234375 0.30889892578125 -0.235519409179688 -0.1217041015625
0.3321533203125 0.29144287109375 -0.164016723632812 -0.03570556640625
0.258544921875 0.308074951171875 -0.145553588867188 -0.028289794921875
0.197174072265625 0.413116455078125 -0.1585693359375 0.022491455078125
0.1165771484375 0.536834716796875 -0.161880493164063 0.016204833984375
-0.3311767578125 0.62738037109375 -0.183059692382813 -0.0467376708984375
-0.5855712890625 0.4884033203125 -0.109809875488281 0.0110549926757813
-0.74334716796875 0.1826171875 -0.348358154296875 0.0497741699218751
-0.587646484375 -0.01416015625 -0.165634155273438 0.190032958984375
-0.532012939453125 0.17474365234375 -0.177154541015625 0.330322265625
-0.29510498046875 0.410675048828125 0.172500610351562 0.197036743164063
0.0198974609375 0.32916259765625 0.247451782226563 -0.134796142578125
0.0388641357421875 0.1912841796875 0.060211181640625 -0.3365478515625
0.083343505859375 0.18572998046875 -0.1580810546875 -0.386871337890625
0.153335571289063 0.201797485351563 -0.340179443359375 -0.285186767578125
0.175247192382813 0.22015380859375 -0.333038330078125 -0.189605712890625
0.218765258789063 0.222763061523438 -0.275375366210938 -0.119491577148437
0.16851806640625 0.225296020507813 -0.237136840820313 -0.107025146484375
0.143585205078125 0.305755615234375 -0.2333984375 -0.0301055908203125
0.10028076171875 0.441741943359375 -0.235885620117188 -0.0385894775390625
-0.309783935546875 0.553924560546875 -0.215850830078125 -0.0931701660156249
-0.557220458984375 0.39227294921875 -0.176071166992188 0.0739593505859375
-0.66241455078125 0.08868408203125 -0.559600830078125 0.10687255859375
-0.374969482421875 -0.0338439941406249 -0.275665283203125 0.20501708984375
-0.3284912109375 0.146514892578125 -0.18634033203125 0.32244873046875
-0.093780517578125 0.287109375 0.140975952148438 0.12567138671875
0.109207153320313 0.151458740234375 0.140869140625 -0.151947021484375
0.059783935546875 0.0132942199707031 0.00411987304687501 -0.299591064453125
0.0108184814453125 0.0327129364013672 -0.201995849609375 -0.366546630859375
0.0317153930664063 0.0834121704101563 -0.388458251953125 -0.30096435546875
0.0617294311523438 0.0978927612304688 -0.381378173828125 -0.230316162109375
0.0725860595703125 0.107124328613281 -0.336944580078125 -0.18414306640625
0.0656661987304688 0.0841445922851563 -0.2822265625 -0.163238525390625
0.0950241088867187 0.13177490234375 -0.276473999023438 -0.0719757080078124
0.093536376953125 0.270034790039063 -0.2957763671875 -0.102996826171875
-0.226898193359375 0.38916015625 -0.233474731445313 -0.167510986328125
-0.4259033203125 0.217437744140625 -0.225448608398438 0.09075927734375
-0.46295166015625 -0.0316162109375 -0.72369384765625 0.12286376953125
0.127761840820313 0.110916137695312 0.75 -0.24114990234375
0.178115844726562 -0.091278076171875 0.229568481445313 -0.1141357421875
0.00125122070312499 -0.175750732421875 0.223464965820312 0.207687377929687
-0.128250122070313 -0.0862350463867188 0.368896484375 0.144927978515625
-0.10565185546875 0.0676116943359375 0.258010864257813 0.071685791015625
0.0273818969726562 0.101448059082031 0.258743286132813 0.139114379882813
0.0894393920898438 0.0454483032226563 0.34661865234375 0.18096923828125
0.0658302307128906 0.0350761413574219 0.354766845703125 0.211639404296875
0.0895767211914063 0.0350265502929688 0.341094970703125 0.267303466796875
0.0545425415039062 0.0948715209960938 0.22216796875 0.29296875
-0.0295791625976563 0.104476928710937 0.082244873046875 0.209671020507813
-0.111480712890625 0.0272293090820313 -0.0325469970703125 0.114151000976563
-0.0597915649414062 -0.109695434570312 -0.0745925903320313 -0.0568161010742188
0.104934692382813 -0.0672378540039063 0.115753173828125 -0.289337158203125
0.14068603515625 0.09356689453125 0.30572509765625 -0.21173095703125
-0.18194580078125 0.185928344726563 0.75457763671875 -0.1768798828125
-0.09344482421875 0.0654449462890625 0.21295166015625 -0.0631561279296875
-0.187362670898437 0.0673370361328125 0.215042114257813 0.27655029296875
-0.18414306640625 0.133560180664063 0.417633056640625 0.16650390625
-0.123550415039062 0.258926391601563 0.263534545898438 0.035369873046875
0.101272583007812 0.2720947265625 0.232070922851563 0.09576416015625
0.22003173828125 0.173675537109375 0.284454345703125 0.151824951171875
0.1851806640625 0.148727416992188 0.285675048828125 0.1832275390625
0.218338012695313 0.122634887695313 0.298431396484375 0.231658935546875
0.144134521484375 0.170013427734375 0.204055786132812 0.2371826171875
0.04071044921875 0.209091186523438 0.083740234375 0.16339111328125
-0.0715789794921875 0.170516967773437 -0.00348663330078126 0.0960464477539063
-0.167266845703125 0.0603179931640625 -0.0646896362304688 -0.0321197509765625
-0.092864990234375 0.0587692260742188 0.0930938720703125 -0.264251708984375
-0.111587524414063 0.141220092773438 0.28240966796875 -0.202392578125
-0.46759033203125 0.2015380859375 0.65557861328125 -0.0828857421875
-0.382904052734375 0.172027587890625 0.156051635742187 0.0245361328125
-0.3941650390625 0.29296875 0.210968017578125 0.32269287109375
-0.238006591796875 0.346893310546875 0.4552001953125 0.14691162109375
-0.134124755859375 0.42047119140625 0.259994506835938 -0.04461669921875
0.150177001953125 0.41021728515625 0.177658081054688 -0.000900268554687475
0.310546875 0.28076171875 0.174362182617188 0.079833984375
0.277191162109375 0.24481201171875 0.174209594726563 0.128555297851563
0.326263427734375 0.194305419921875 0.221176147460938 0.183502197265625
0.23175048828125 0.230010986328125 0.15948486328125 0.18096923828125
0.12664794921875 0.2996826171875 0.0618972778320313 0.130500793457031
0.00329589843750002 0.309600830078125 -0.00302886962890625 0.083648681640625
-0.229248046875 0.258163452148438 -0.0780258178710938 -0.0225753784179687
-0.263137817382812 0.22088623046875 0.05718994140625 -0.228317260742188
-0.34967041015625 0.20257568359375 0.200180053710938 -0.16986083984375
-0.6734619140625 0.1656494140625 0.47161865234375 0.01300048828125
-0.60711669921875 0.224365234375 0.066802978515625 0.133026123046875
-0.541656494140625 0.460540771484375 0.213226318359375 0.339019775390625
-0.24774169921875 0.503997802734375 0.468658447265625 0.0833740234375
-0.1156005859375 0.511199951171875 0.236236572265625 -0.1563720703125
0.17633056640625 0.471038818359375 0.0971527099609375 -0.131317138671875
0.3472900390625 0.340545654296875 0.0329303741455078 -0.0186824798583984
0.327362060546875 0.30535888671875 0.0362205505371094 0.0566978454589844
0.394500732421875 0.246551513671875 0.109992980957031 0.123565673828125
0.297149658203125 0.276092529296875 0.0804824829101563 0.122161865234375
0.201873779296875 0.375 0.01171875 0.103752136230469
0.086334228515625 0.433868408203125 -0.0308609008789062 0.0721588134765625
-0.2559814453125 0.452789306640625 -0.106666564941406 -0.0189590454101562
-0.396636962890625 0.38555908203125 0.01177978515625 -0.167953491210937
-0.549957275390625 0.2542724609375 0.0612335205078125 -0.106201171875
-0.75732421875 0.111328125 0.243438720703125 0.09661865234375
-0.70257568359375 0.23663330078125 -0.0317230224609375 0.236068725585938
-0.56103515625 0.53802490234375 0.215484619140625 0.3162841796875
-0.18524169921875 0.55145263671875 0.4312744140625 -0.01080322265625
-0.05975341796875 0.492095947265625 0.183197021484375 -0.264678955078125
0.178619384765625 0.441009521484375 -0.00303649902343748 -0.259201049804688
0.3309326171875 0.339080810546875 -0.118881225585937 -0.123123168945312
0.3277587890625 0.321380615234375 -0.108451843261719 -0.0236358642578125
0.403076171875 0.27386474609375 -0.02423095703125 0.0531425476074219
0.31573486328125 0.300994873046875 -0.0279998779296875 0.0560874938964844
0.238525390625 0.413909912109375 -0.0660476684570312 0.0734939575195313
0.142730712890625 0.512908935546875 -0.084259033203125 0.0558700561523438
-0.271484375 0.5982666015625 -0.141860961914063 -0.0193634033203125
-0.490509033203125 0.49896240234375 -0.0420608520507813 -0.0796356201171875
-0.68328857421875 0.2716064453125 -0.123397827148438 -0.0193023681640625
-0.71966552734375 0.0584716796875 0.0227813720703124 0.154251098632813
-0.66046142578125 0.22711181640625 -0.109954833984375 0.30865478515625
-0.446502685546875 0.516754150390625 0.206405639648437 0.258804321289063
-0.07244873046875 0.47412109375 0.347442626953125 -0.095550537109375
0.00299072265624998 0.36639404296875 0.1094970703125 -0.330657958984375
0.14935302734375 0.32806396484375 -0.102783203125 -0.34515380859375
0.266250610351563 0.281036376953125 -0.255142211914062 -0.206939697265625
0.278045654296875 0.28607177734375 -0.239776611328125 -0.10009765625
0.344329833984375 0.262939453125 -0.162826538085937 -0.0237274169921875
0.271331787109375 0.2830810546875 -0.145782470703125 -0.016693115234375
0.21881103515625 0.39093017578125 -0.156448364257813 0.03271484375
0.151214599609375 0.514495849609375 -0.1583251953125 0.0263519287109375
-0.27801513671875 0.63916015625 -0.18115234375 -0.0362091064453125
-0.53887939453125 0.515472412109375 -0.102088928222656 0.0131378173828125
-0.72064208984375 0.23040771484375 -0.332427978515625 0.0727539062500001
-0.58026123046875 0.0196533203124999 -0.151382446289063 0.192794799804688
-0.513153076171875 0.20770263671875 -0.152099609375 0.33795166015625
-0.2557373046875 0.42340087890625 0.18182373046875 0.18426513671875
0.043853759765625 0.31494140625 0.234527587890625 -0.145431518554687
0.0472412109375 0.185073852539063 0.03790283203125 -0.333587646484375
0.0896759033203125 0.177581787109375 -0.17852783203125 -0.37060546875
0.162567138671875 0.1859130859375 -0.354766845703125 -0.25457763671875
0.18505859375 0.204483032226562 -0.338897705078125 -0.160858154296875
0.226531982421875 0.203826904296875 -0.27874755859375 -0.099029541015625
0.177078247070312 0.209365844726563 -0.241119384765625 -0.0892791748046874
0.158966064453125 0.288818359375 -0.231582641601562 -0.0150451660156249
0.12591552734375 0.42376708984375 -0.233963012695313 -0.021636962890625
-0.26239013671875 0.5645751953125 -0.216949462890625 -0.07928466796875
-0.5191650390625 0.420135498046875 -0.162582397460938 0.0812225341796875
-0.64959716796875 0.1307373046875 -0.536407470703125 0.145721435546875
-0.373016357421875 -0.0113525390624999 -0.258895874023437 0.215423583984375
-0.314239501953125 0.168060302734375 -0.16119384765625 0.33233642578125
-0.06695556640625 0.28765869140625 0.147674560546875 0.115554809570313
0.118980407714844 0.135246276855469 0.12890625 -0.154678344726563
0.0557518005371094 0.00860977172851563 -0.013427734375 -0.29345703125
0.00884819030761718 0.0333576202392578 -0.22161865234375 -0.3486328125
0.0363693237304688 0.079071044921875 -0.402679443359375 -0.268585205078125
0.0655059814453125 0.0920944213867188 -0.388916015625 -0.197296142578125
0.0762557983398437 0.101219177246094 -0.3446044921875 -0.15771484375
0.0668563842773438 0.0776138305664063 -0.2889404296875 -0.14324951171875
0.0998306274414063 0.122100830078125 -0.27593994140625 -0.0541076660156249
0.109817504882812 0.256866455078125 -0.297027587890625 -0.0805053710937499
-0.193756103515625 0.398681640625 -0.240188598632812 -0.149703979492188
-0.4046630859375 0.24072265625 -0.210281372070313 0.102676391601562
-0.4610595703125 0.000457763671875008 -0.69647216796875 0.1705322265625
0.134498596191406 0.0998153686523438 0.71246337890625 -0.26458740234375
0.1689453125 -0.099090576171875 0.2127685546875 -0.1195068359375
-0.007415771484375 -0.170654296875 0.22613525390625 0.187789916992187
-0.130470275878906 -0.0758285522460937 0.36175537109375 0.119537353515625
-0.0988540649414063 0.072174072265625 0.24908447265625 0.0592803955078125
0.0344085693359375 0.0936737060546875 0.255462646484375 0.126235961914063
0.0899810791015625 0.0374526977539063 0.342803955078125 0.15985107421875
0.0654563903808594 0.0292701721191406 0.35186767578125 0.1881103515625
0.0889663696289062 0.0258865356445312 0.341766357421875 0.244842529296875
0.0608291625976563 0.0882110595703125 0.226058959960938 0.273834228515625
-0.0213851928710938 0.102783203125 0.0844573974609375 0.196929931640625
-0.107421875 0.0323104858398438 -0.0292205810546875 0.110198974609375
-0.0622482299804688 -0.100669860839844 -0.0750350952148438 -0.053802490234375
0.0996170043945313 -0.0699234008789063 0.099090576171875 -0.2880859375
0.144302368164063 0.0815582275390625 0.28753662109375 -0.217529296875
-0.164215087890625 0.184234619140625 0.71978759765625 -0.20587158203125
-0.0873031616210938 0.0626907348632813 0.199996948242187 -0.0717315673828125
-0.1790771484375 0.0721282958984375 0.2203369140625 0.2568359375
-0.175323486328125 0.136810302734375 0.4088134765625 0.140106201171875
-0.108322143554688 0.258926391601563 0.253707885742188 0.0250091552734375
0.112014770507812 0.255447387695313 0.227432250976563 0.083160400390625
0.221176147460938 0.155120849609375 0.2794189453125 0.135787963867188
0.184738159179688 0.134597778320313 0.283599853515625 0.16546630859375
0.215377807617187 0.104522705078125 0.301239013671875 0.21136474609375
0.147323608398437 0.155715942382812 0.206161499023437 0.221893310546875
0.0492706298828125 0.198898315429688 0.0831756591796875 0.153457641601563
-0.062774658203125 0.166534423828125 -0.001708984375 0.09185791015625
-0.15728759765625 0.066680908203125 -0.0637779235839844 -0.0301322937011719
-0.0835800170898438 0.0582504272460937 0.078521728515625 -0.2637939453125
-0.0982437133789062 0.138435363769531 0.266647338867187 -0.207305908203125
-0.441253662109375 0.21124267578125 0.6295166015625 -0.11260986328125
-0.36297607421875 0.178466796875 0.149826049804688 0.014007568359375
-0.36712646484375 0.29937744140625 0.218017578125 0.303497314453125
-0.2177734375 0.344573974609375 0.44622802734375 0.121307373046875
-0.111572265625 0.416351318359375 0.246994018554688 -0.052642822265625
0.162811279296875 0.385986328125 0.170440673828125 -0.00903320312499998
0.311859130859375 0.25384521484375 0.169784545898438 0.0716705322265625
0.278289794921875 0.222412109375 0.1737060546875 0.119796752929688
0.321197509765625 0.169189453125 0.223526000976563 0.168960571289063
0.23175048828125 0.209609985351563 0.15997314453125 0.169876098632813
0.1334228515625 0.281494140625 0.0615081787109375 0.123489379882813
0.014801025390625 0.2952880859375 -0.0010528564453125 0.0800857543945313
-0.206893920898437 0.257476806640625 -0.0755691528320313 -0.0207138061523437
-0.238739013671875 0.220199584960938 0.0460052490234375 -0.22802734375
-0.326904296875 0.208740234375 0.18939208984375 -0.173507690429688
-0.64300537109375 0.18603515625 0.455352783203125 -0.0111083984375
-0.58056640625 0.2371826171875 0.0682754516601562 0.122406005859375
-0.5003662109375 0.468505859375 0.220306396484375 0.319793701171875
-0.21832275390625 0.49365234375 0.455230712890625 0.060089111328125
-0.0916748046875 0.501556396484375 0.219711303710938 -0.159439086914063
0.18927001953125 0.44659423828125 0.0861892700195313 -0.132194519042969
0.349212646484375 0.3096923828125 0.0291080474853516 -0.0182380676269531
0.328460693359375 0.2802734375 0.0368576049804688 0.0566520690917969
0.38818359375 0.217376708984375 0.113494873046875 0.115875244140625
0.294952392578125 0.252105712890625 0.0816497802734375 0.116302490234375
0.208099365234375 0.35107421875 0.0123367309570313 0.101158142089844
0.099700927734375 0.411224365234375 -0.0280303955078125 0.0709381103515625
-0.224884033203125 0.44647216796875 -0.102981567382813 -0.0165176391601562
-0.362030029296875 0.38433837890625 0.00642395019531248 -0.168319702148437
-0.518768310546875 0.266632080078125 0.0591583251953125 -0.106590270996094
-0.7291259765625 0.1343994140625 0.237869262695312 0.076446533203125
-0.6708984375 0.25482177734375 -0.0217132568359375 0.22662353515625
-0.5167236328125 0.54290771484375 0.219329833984375 0.2996826171875
-0.156402587890625 0.53594970703125 0.416534423828125 -0.027587890625
-0.03887939453125 0.480560302734375 0.165069580078125 -0.261947631835937
0.187347412109375 0.416961669921875 -0.0157623291015625 -0.251373291015625
0.333404541015625 0.309539794921875 -0.121543884277344 -0.111801147460937
0.329315185546875 0.295562744140625 -0.106101989746094 -0.014984130859375
0.3990478515625 0.244049072265625 -0.0199928283691406 0.0524749755859375
0.31243896484375 0.275421142578125 -0.0259017944335937 0.057098388671875
0.246490478515625 0.387451171875 -0.06353759765625 0.0748977661132813
0.1591796875 0.485107421875 -0.0796890258789062 0.0571975708007813
-0.23089599609375 0.5863037109375 -0.137313842773438 -0.0159225463867187
-0.44805908203125 0.499114990234375 -0.0412521362304688 -0.0808334350585937
-0.64874267578125 0.2904052734375 -0.114669799804688 -0.0150909423828125
-0.69415283203125 0.0836791992187501 0.026611328125 0.142669677734375
-0.62994384765625 0.24676513671875 -0.0928955078125 0.301483154296875
-0.404571533203125 0.518157958984375 0.208404541015625 0.244659423828125
-0.0489501953125 0.4544677734375 0.3310546875 -0.104766845703125
0.01666259765625 0.354461669921875 0.092559814453125 -0.32196044921875
0.155181884765625 0.310943603515625 -0.115631103515625 -0.33001708984375
0.267318725585938 0.256362915039063 -0.255386352539062 -0.186798095703125
0.279632568359375 0.26507568359375 -0.235610961914062 -0.0833587646484375
0.3399658203125 0.2362060546875 -0.157638549804687 -0.015594482421875
0.269119262695313 0.260177612304688 -0.142669677734375 -0.00914001464843748
0.225494384765625 0.365966796875 -0.151077270507813 0.039398193359375
0.166412353515625 0.48681640625 -0.151214599609375 0.0314636230468751
-0.2366943359375 0.62823486328125 -0.175689697265625 -0.0303955078124999
-0.494110107421875 0.518890380859375 -0.0942764282226563 0.011993408203125
-0.6881103515625 0.2529296875 -0.311767578125 0.0837402343750001
-0.5628662109375 0.040283203125 -0.140533447265625 0.186752319335938
-0.4886474609375 0.223114013671875 -0.1317138671875 0.333221435546875
-0.224395751953125 0.4190673828125 0.182449340820312 0.1727294921875
0.056915283203125 0.296173095703125 0.220565795898438 -0.147430419921875
0.050506591796875 0.17626953125 0.0223388671875 -0.322479248046875
0.089935302734375 0.16888427734375 -0.190216064453125 -0.351531982421875
0.163665771484375 0.170455932617188 -0.352935791015625 -0.22857666015625
0.18585205078125 0.1898193359375 -0.33343505859375 -0.1365966796875
0.225006103515625 0.186233520507813 -0.273147583007813 -0.0830230712890625
0.175872802734375 0.193618774414062 -0.237213134765625 -0.0753326416015625
0.163375854492188 0.270538330078125 -0.224655151367187 -0.00456237792968751
0.141082763671875 0.400177001953125 -0.225021362304688 -0.010894775390625
-0.225616455078125 0.55615234375 -0.21173095703125 -0.0694580078125
-0.482666015625 0.425628662109375 -0.149078369140625 0.081817626953125
-0.6246337890625 0.15484619140625 -0.5047607421875 0.1640625
-0.364410400390625 0.00225830078125002 -0.243850708007813 0.213790893554687
-0.296966552734375 0.178375244140625 -0.13946533203125 0.330810546875
-0.046783447265625 0.2786865234375 0.147140502929688 0.106307983398438
0.120651245117188 0.119720458984375 0.11859130859375 -0.151824951171875
0.0505409240722656 0.00622940063476563 -0.02496337890625 -0.28240966796875
0.00685882568359375 0.0339946746826172 -0.228424072265625 -0.328216552734375
0.0378952026367187 0.0740203857421875 -0.3995361328125 -0.240081787109375
0.0653305053710938 0.0863113403320312 -0.383880615234375 -0.171661376953125
0.0750808715820313 0.0949859619140625 -0.33941650390625 -0.13739013671875
0.0645294189453125 0.0720138549804688 -0.284942626953125 -0.126373291015625
0.0994110107421875 0.112754821777344 -0.267654418945313 -0.0408172607421875
0.117095947265625 0.240859985351562 -0.28863525390625 -0.06475830078125
-0.16650390625 0.393646240234375 -0.23712158203125 -0.136001586914063
-0.382232666015625 0.248931884765625 -0.19342041015625 0.104934692382813
-0.44732666015625 0.021514892578125 -0.66070556640625 0.19598388671875
0.137977600097656 0.0922927856445313 0.68353271484375 -0.26885986328125
0.1630859375 -0.103042602539063 0.201644897460938 -0.119369506835938
-0.0113525390625 -0.167144775390625 0.223983764648437 0.175033569335938
-0.129859924316406 -0.0692520141601562 0.352142333984375 0.106781005859375
-0.0934066772460938 0.0743637084960938 0.241119384765625 0.055419921875
0.0385589599609375 0.0873489379882813 0.249908447265625 0.120147705078125
0.0898895263671875 0.0324783325195313 0.333038330078125 0.1502685546875
0.0645484924316406 0.0259437561035156 0.343994140625 0.1761474609375
0.0873794555664063 0.0201568603515625 0.338531494140625 0.232513427734375
0.06439208984375 0.0828018188476563 0.223434448242188 0.263351440429688
-0.0169296264648438 0.100814819335938 0.0812835693359375 0.188186645507813
-0.103935241699219 0.034881591796875 -0.028289794921875 0.106346130371094
-0.0612258911132813 -0.0943069458007813 -0.0745391845703125 -0.0529556274414063
0.0967178344726563 -0.070892333984375 0.090240478515625 -0.284820556640625
0.14447021484375 0.0744171142578125 0.275909423828125 -0.214889526367187
-0.151214599609375 0.17852783203125 0.6925048828125 -0.211669921875
-0.0842208862304688 0.0569915771484375 0.190933227539063 -0.0742034912109375
-0.172561645507813 0.071258544921875 0.219009399414063 0.244125366210938
-0.170196533203125 0.135574340820312 0.399169921875 0.1253662109375
-0.10009765625 0.256637573242188 0.24420166015625 0.021942138671875
0.115234375 0.243072509765625 0.221343994140625 0.0785980224609375
0.217910766601563 0.142776489257813 0.272720336914062 0.128860473632812
0.1817626953125 0.126358032226563 0.277557373046875 0.1571044921875
0.209487915039062 0.0941162109375 0.298126220703125 0.201385498046875
0.146209716796875 0.146240234375 0.202346801757813 0.21307373046875
0.0517730712890625 0.19073486328125 0.0794219970703125 0.146530151367188
-0.058746337890625 0.161727905273438 -0.00177764892578126 0.08868408203125
-0.149688720703125 0.0669403076171875 -0.0625190734863281 -0.0303726196289063
-0.0766677856445313 0.0544052124023438 0.0713653564453125 -0.260589599609375
-0.0903167724609375 0.133224487304688 0.257232666015625 -0.205291748046875
-0.422332763671875 0.20751953125 0.60675048828125 -0.12274169921875
-0.35052490234375 0.1739501953125 0.143768310546875 0.00811767578125001
-0.352142333984375 0.29559326171875 0.21636962890625 0.29217529296875
-0.2073974609375 0.334869384765625 0.433074951171875 0.1090087890625
-0.100830078125 0.40948486328125 0.237045288085938 -0.0532989501953125
0.16522216796875 0.369110107421875 0.163543701171875 -0.0117950439453125
0.305633544921875 0.236907958984375 0.164352416992188 0.06884765625
0.27313232421875 0.210617065429688 0.169921875 0.115509033203125
0.3116455078125 0.153717041015625 0.222244262695313 0.160369873046875
0.225357055664063 0.196670532226563 0.15667724609375 0.164093017578125
0.13311767578125 0.2679443359375 0.0572891235351563 0.119552612304688
0.017364501953125 0.282806396484375 -0.00173187255859374 0.0771560668945313
-0.194183349609375 0.251815795898438 -0.0737457275390625 -0.0219192504882812
-0.22369384765625 0.213165283203125 0.040985107421875 -0.22747802734375
-0.3118896484375 0.204803466796875 0.183853149414062 -0.172378540039063
-0.61962890625 0.18701171875 0.43914794921875 -0.022979736328125
-0.5599365234375 0.2353515625 0.0665664672851562 0.114082336425781
-0.47802734375 0.464263916015625 0.21746826171875 0.31097412109375
-0.206268310546875 0.479217529296875 0.44207763671875 0.050323486328125
-0.079437255859375 0.492584228515625 0.209426879882812 -0.156600952148437
0.19110107421875 0.427490234375 0.0797195434570313 -0.130386352539062
0.342010498046875 0.290283203125 0.0259151458740235 -0.015420913696289
0.323974609375 0.266510009765625 0.0366134643554688 0.0571556091308594
0.377960205078125 0.201995849609375 0.114395141601563 0.1102294921875
0.28656005859375 0.236785888671875 0.0795516967773438 0.113555908203125
0.20538330078125 0.3330078125 0.0105514526367188 0.0990371704101563
0.101776123046875 0.391937255859375 -0.0272254943847656 0.0683631896972657
-0.2080078125 0.434326171875 -0.100090026855469 -0.01788330078125
-0.339111328125 0.374267578125 0.00363159179687498 -0.169586181640625
-0.498687744140625 0.2667236328125 0.0595932006835937 -0.106712341308594
-0.706298828125 0.1402587890625 0.229568481445312 0.0653839111328125
-0.648681640625 0.25537109375 -0.0187072753906251 0.216812133789063
-0.489532470703125 0.536376953125 0.21636962890625 0.290557861328125
-0.143280029296875 0.516815185546875 0.403900146484375 -0.03369140625
-0.02996826171875 0.469940185546875 0.15521240234375 -0.255172729492187
0.188568115234375 0.39947509765625 -0.0216522216796875 -0.244979858398437
0.32696533203125 0.291900634765625 -0.121673583984375 -0.103240966796875
0.324249267578125 0.281158447265625 -0.103179931640625 -0.00914001464843747
0.387786865234375 0.227081298828125 -0.01690673828125 0.05108642578125
0.303009033203125 0.25946044921875 -0.0254707336425781 0.0568656921386719
0.24237060546875 0.369232177734375 -0.0627212524414063 0.0753250122070313
0.1600341796875 0.463775634765625 -0.0772018432617187 0.05609130859375
-0.21136474609375 0.56976318359375 -0.133560180664063 -0.0170822143554687
-0.4229736328125 0.486785888671875 -0.039703369140625 -0.084564208984375
-0.62371826171875 0.29315185546875 -0.106292724609375 -0.0148849487304687
-0.67376708984375 0.0889282226562499 0.0246810913085937 0.132644653320313
-0.60791015625 0.24908447265625 -0.086273193359375 0.29217529296875
-0.3798828125 0.50933837890625 0.205230712890625 0.237396240234375
-0.0416259765625 0.435699462890625 0.319091796875 -0.10540771484375
0.020477294921875 0.344635009765625 0.08355712890625 -0.311767578125
0.151641845703125 0.298370361328125 -0.119232177734375 -0.31915283203125
0.26123046875 0.241668701171875 -0.252578735351563 -0.174301147460937
0.273773193359375 0.25054931640625 -0.229766845703125 -0.073333740234375
0.33123779296875 0.222412109375 -0.152694702148437 -0.01251220703125
0.261459350585938 0.247543334960938 -0.139442443847656 -0.00545501708984374
0.221832275390625 0.34844970703125 -0.147140502929688 0.04217529296875
0.168609619140625 0.46484375 -0.146163940429688 0.0326690673828125
-0.21490478515625 0.60980224609375 -0.171112060546875 -0.0300598144531249
-0.469085693359375 0.50762939453125 -0.0885162353515625 0.00720214843750002
-0.6656494140625 0.256591796875 -0.295440673828125 0.08502197265625
-0.548004150390625 0.0467529296875 -0.13677978515625 0.178543090820313
-0.470672607421875 0.22613525390625 -0.12188720703125 0.324432373046875
-0.204925537109375 0.408599853515625 0.179000854492188 0.167343139648438
0.05963134765625 0.279678344726563 0.211563110351563 -0.144210815429687
0.0493011474609375 0.170425415039063 0.016693115234375 -0.31195068359375
0.0867156982421875 0.162887573242188 -0.191253662109375 -0.338470458984375
0.160202026367187 0.160476684570313 -0.3472900390625 -0.213409423828125
0.181900024414063 0.181198120117188 -0.325408935546875 -0.126373291015625
0.2178955078125 0.177200317382812 -0.266342163085937 -0.0756988525390625
0.169387817382813 0.184051513671875 -0.232162475585938 -0.0688018798828125
0.160385131835938 0.258346557617188 -0.219009399414063 9.15527343750176E-05
0.14141845703125 0.382843017578125 -0.218460083007812 -0.00712585449218744
-0.2066650390625 0.540802001953125 -0.206390380859375 -0.0672149658203125
-0.4595947265625 0.41827392578125 -0.139076232910156 0.07647705078125
-0.6038818359375 0.16168212890625 -0.481292724609375 0.166412353515625
-0.3558349609375 0.00732421875000001 -0.236404418945313 0.207382202148437
-0.284454345703125 0.181365966796875 -0.12823486328125 0.323516845703125
-0.035888671875 0.269943237304688 0.144546508789063 0.10186767578125
0.119041442871094 0.108863830566406 0.11297607421875 -0.146560668945313
0.0460014343261719 0.00522232055664063 -0.0276031494140625 -0.272994995117188
0.00401687622070312 0.0352592468261719 -0.2261962890625 -0.3155517578125
0.0361785888671875 0.0704116821289063 -0.391357421875 -0.222564697265625
0.0630722045898438 0.0827102661132813 -0.374359130859375 -0.15789794921875
0.0719833374023438 0.092376708984375 -0.332550048828125 -0.12677001953125
0.0598945617675781 0.0693702697753906 -0.279083251953125 -0.118255615234375
0.095703125 0.10595703125 -0.259979248046875 -0.0351409912109375
0.117767333984375 0.228973388671875 -0.280471801757813 -0.058685302734375
-0.151702880859375 0.384307861328125 -0.2315673828125 -0.129898071289062
-0.3675537109375 0.246673583984375 -0.181289672851563 0.102340698242188
-0.43438720703125 0.0282592773437501 -0.63189697265625 0.20086669921875
0.142120361328125 0.088226318359375 0.675048828125 -0.26751708984375
0.1617431640625 -0.10748291015625 0.196502685546875 -0.11785888671875
-0.0133056640625 -0.167800903320313 0.221511840820313 0.170913696289063
-0.131179809570313 -0.0666046142578125 0.346893310546875 0.10205078125
-0.0907669067382812 0.0767059326171875 0.237747192382813 0.0556488037109375
0.0416641235351563 0.0834884643554688 0.247817993164063 0.120208740234375
0.0914077758789062 0.0296096801757813 0.330780029296875 0.150421142578125
0.06494140625 0.0246810913085938 0.34063720703125 0.174530029296875
0.0872344970703125 0.0167617797851563 0.33837890625 0.23028564453125
0.0668869018554688 0.0798416137695313 0.22137451171875 0.260498046875
-0.0145721435546875 0.100936889648437 0.0766754150390625 0.185440063476563
-0.103416442871094 0.03643798828125 -0.0299301147460938 0.104782104492187
-0.060089111328125 -0.0921630859375 -0.0746917724609375 -0.0541534423828125
0.0973892211914063 -0.0728607177734375 0.088470458984375 -0.286041259765625
0.145538330078125 0.07086181640625 0.275497436523438 -0.212020874023438
-0.145767211914062 0.1739501953125 0.683837890625 -0.21466064453125
-0.0838165283203125 0.0519943237304687 0.18621826171875 -0.0758819580078125
-0.172332763671875 0.0699310302734375 0.216339111328125 0.241165161132813
-0.171096801757813 0.135574340820312 0.394805908203125 0.12109375
-0.0974273681640625 0.258529663085938 0.240753173828125 0.0218505859375
0.116424560546875 0.237701416015625 0.21795654296875 0.0785980224609375
0.216445922851563 0.138031005859375 0.269210815429688 0.128585815429688
0.180953979492188 0.124557495117187 0.274627685546875 0.156784057617188
0.20654296875 0.089935302734375 0.298248291015625 0.1988525390625
0.144744873046875 0.1424560546875 0.200042724609375 0.212570190429688
0.0509033203125 0.188125610351563 0.074554443359375 0.145278930664063
-0.0599822998046875 0.159683227539063 -0.00371551513671874 0.0870132446289063
-0.146453857421875 0.0660400390625 -0.0620841979980469 -0.0324821472167969
-0.0733184814453125 0.0499343872070313 0.0691680908203125 -0.263168334960938
-0.0872573852539063 0.129684448242188 0.2567138671875 -0.204483032226563
-0.41583251953125 0.202392578125 0.597900390625 -0.12579345703125
-0.347137451171875 0.167236328125 0.139366149902344 0.00441741943359376
-0.34832763671875 0.29376220703125 0.21258544921875 0.291229248046875
-0.208648681640625 0.330078125 0.428985595703125 0.104888916015625
-0.0989990234375 0.411102294921875 0.233551025390625 -0.0521392822265625
0.16534423828125 0.362762451171875 0.160430908203125 -0.01226806640625
0.301605224609375 0.231048583984375 0.16168212890625 0.070770263671875
0.271255493164063 0.207809448242188 0.168441772460938 0.117080688476563
0.307647705078125 0.149688720703125 0.222732543945313 0.15863037109375
0.221176147460937 0.1920166015625 0.154449462890625 0.164077758789063
0.130096435546875 0.263641357421875 0.0533676147460938 0.119186401367188
0.015655517578125 0.278579711914063 -0.00231170654296875 0.0753707885742188
-0.189529418945313 0.246627807617187 -0.0737075805664063 -0.0241622924804687
-0.218597412109375 0.206741333007813 0.039642333984375 -0.230941772460938
-0.30859375 0.201263427734375 0.184585571289062 -0.172332763671875
-0.61541748046875 0.18304443359375 0.43365478515625 -0.02703857421875
-0.555877685546875 0.2305908203125 0.0637588500976562 0.109642028808594
-0.47137451171875 0.460601806640625 0.21563720703125 0.311187744140625
-0.205474853515625 0.473297119140625 0.437774658203125 0.047943115234375
-0.0775756835937501 0.492156982421875 0.20635986328125 -0.15411376953125
0.1884765625 0.421661376953125 0.0764007568359375 -0.13055419921875
0.3377685546875 0.2841796875 0.0238399505615235 -0.0123519897460937
0.32073974609375 0.263824462890625 0.0362586975097656 0.0603599548339844
0.372161865234375 0.196044921875 0.115249633789063 0.10894775390625
0.279205322265625 0.233108520507813 0.078369140625 0.1141357421875
0.20086669921875 0.32806396484375 0.00723266601562501 0.100410461425781
0.099334716796875 0.385772705078125 -0.028045654296875 0.0671615600585938
-0.203125 0.42877197265625 -0.100517272949219 -0.0207443237304687
-0.33380126953125 0.365234375 0.00360107421874999 -0.174423217773438
-0.494110107421875 0.263397216796875 0.0619354248046875 -0.108322143554687
-0.70263671875 0.13714599609375 0.224899291992187 0.0604095458984375
-0.6439208984375 0.2506103515625 -0.0203857421875 0.211746215820313
-0.481048583984375 0.534088134765625 0.21295166015625 0.29364013671875
-0.142425537109375 0.5087890625 0.399383544921875 -0.03399658203125
-0.02960205078125 0.467620849609375 0.152359008789063 -0.251541137695312
0.185638427734375 0.39532470703125 -0.024078369140625 -0.244232177734375
0.32171630859375 0.285003662109375 -0.122383117675781 -0.0995559692382813
0.321044921875 0.278076171875 -0.102798461914062 -0.00527191162109373
0.3818359375 0.22259521484375 -0.0155754089355469 0.0505218505859375
0.29534912109375 0.256256103515625 -0.0262069702148437 0.0582008361816406
0.23724365234375 0.362579345703125 -0.0634307861328125 0.0769195556640625
0.1561279296875 0.455963134765625 -0.0774993896484375 0.0550308227539063
-0.20745849609375 0.56201171875 -0.133552551269531 -0.0208435058593749
-0.417144775390625 0.479156494140625 -0.03887939453125 -0.0901107788085937
-0.61968994140625 0.28887939453125 -0.102005004882813 -0.0175628662109375
-0.6717529296875 0.0863037109375 0.0214385986328125 0.127113342285156
-0.60455322265625 0.24603271484375 -0.086639404296875 0.287322998046875
-0.371185302734375 0.504638671875 0.202590942382812 0.239913940429688
-0.039825439453125 0.426361083984375 0.31689453125 -0.10296630859375
0.0205078125 0.341522216796875 0.08154296875 -0.308441162109375
0.148101806640625 0.294830322265625 -0.121490478515625 -0.31695556640625
0.25628662109375 0.236831665039063 -0.251724243164062 -0.168792724609375
0.270294189453125 0.248504638671875 -0.22760009765625 -0.0690460205078125
0.325347900390625 0.2193603515625 -0.1512451171875 -0.0126190185546875
0.253250122070313 0.244964599609375 -0.139411926269531 -0.0037689208984375
0.217437744140625 0.344146728515625 -0.147384643554687 0.0443115234375
0.16619873046875 0.457794189453125 -0.145370483398438 0.0319671630859375
-0.21112060546875 0.60205078125 -0.171127319335938 -0.0339508056640625
-0.463897705078125 0.5003662109375 -0.0857772827148438 0.00105285644531254
-0.6612548828125 0.25531005859375 -0.2886962890625 0.082244873046875
-0.54730224609375 0.0445251464843751 -0.139312744140625 0.173248291015625
-0.4666748046875 0.225982666015625 -0.121337890625 0.3206787109375
-0.19873046875 0.404388427734375 0.177139282226563 0.168548583984375
0.0593414306640625 0.270782470703125 0.209930419921875 -0.14080810546875
0.047393798828125 0.169235229492188 0.01593017578125 -0.30780029296875
0.0832061767578125 0.162582397460938 -0.1923828125 -0.33636474609375
0.155914306640625 0.157196044921875 -0.34600830078125 -0.207489013671875
0.179275512695313 0.179489135742188 -0.32281494140625 -0.12017822265625
0.214187622070313 0.176193237304688 -0.264556884765625 -0.074188232421875
0.163070678710938 0.182876586914063 -0.23138427734375 -0.0681915283203125
0.155441284179688 0.253707885742188 -0.217208862304688 0.00230407714843748
0.139068603515625 0.37677001953125 -0.216094970703125 -0.00691223144531247
-0.202789306640625 0.5343017578125 -0.205902099609375 -0.0697479248046874
-0.456512451171875 0.4127197265625 -0.134635925292969 0.071197509765625
-0.60028076171875 0.16009521484375 -0.47247314453125 0.163238525390625
-0.35546875 0.00671386718749998 -0.237991333007813 0.202850341796875
-0.281158447265625 0.182464599609375 -0.12603759765625 0.321014404296875
-0.0304107666015625 0.265029907226563 0.143035888671875 0.102447509765625
0.117431640625 0.102668762207031 0.1126708984375 -0.142745971679688
0.0434989929199219 0.00516510009765625 -0.0272216796875 -0.269454956054688
0.00179672241210938 0.0373153686523438 -0.2259521484375 -0.31231689453125
0.0349769592285156 0.0691375732421875 -0.388336181640625 -0.2191162109375
0.0606918334960938 0.0822525024414063 -0.370452880859375 -0.15411376953125
0.0694656372070313 0.0932083129882813 -0.3311767578125 -0.125091552734375
0.0553512573242188 0.0692596435546875 -0.277816772460938 -0.1175537109375
0.0925216674804688 0.103744506835938 -0.256927490234375 -0.0340118408203125
0.116119384765625 0.2242431640625 -0.277603149414062 -0.0576171875
-0.1485595703125 0.381072998046875 -0.230850219726563 -0.130569458007812
-0.3656005859375 0.2452392578125 -0.176055908203125 0.0980377197265626
-0.4329833984375 0.0283813476562499 -0.62066650390625 0.1986083984375
0.150802612304688 0.0857086181640625 0.68060302734375 -0.279541015625
0.162521362304688 -0.115097045898437 0.195144653320312 -0.121383666992188
-0.0164337158203125 -0.172027587890625 0.22552490234375 0.16900634765625
-0.136238098144531 -0.0651702880859375 0.352325439453125 0.097198486328125
-0.0904159545898438 0.0822601318359375 0.242416381835938 0.0550994873046875
0.0459976196289062 0.0816726684570313 0.25323486328125 0.122100830078125
0.0947723388671875 0.0254287719726562 0.33685302734375 0.1510009765625
0.0673332214355469 0.0235633850097656 0.347991943359375 0.173828125
0.0896224975585938 0.0137481689453125 0.3494873046875 0.2298583984375
0.0715484619140625 0.0790176391601563 0.227157592773437 0.263946533203125
-0.0122756958007812 0.1041259765625 0.075286865234375 0.1868896484375
-0.105323791503906 0.0395660400390625 -0.031341552734375 0.1060791015625
-0.0614013671875 -0.0927963256835938 -0.0763778686523437 -0.0552444458007813
0.0989761352539063 -0.0770187377929688 0.0849609375 -0.29498291015625
0.15057373046875 0.06903076171875 0.2796630859375 -0.217666625976562
-0.142730712890625 0.174423217773437 0.69036865234375 -0.225341796875
-0.0863189697265625 0.0482635498046875 0.184036254882813 -0.079833984375
-0.175247192382813 0.0710906982421875 0.22088623046875 0.24371337890625
-0.175994873046875 0.13946533203125 0.39892578125 0.116973876953125
-0.0947265625 0.268447875976563 0.243728637695313 0.0213470458984375
0.121047973632812 0.238311767578125 0.220855712890625 0.078521728515625
0.221023559570313 0.134552001953125 0.273269653320313 0.130950927734375
0.185577392578125 0.123886108398438 0.280517578125 0.159133911132813
0.209930419921875 0.08599853515625 0.30828857421875 0.198822021484375
0.147994995117188 0.141845703125 0.20452880859375 0.216339111328125
0.0534210205078125 0.190750122070313 0.0728302001953125 0.147918701171875
-0.06085205078125 0.162506103515625 -0.003662109375 0.0882415771484375
-0.147842407226563 0.0674285888671875 -0.0642929077148438 -0.0345573425292969
-0.073028564453125 0.0476760864257813 0.066650390625 -0.272369384765625
-0.0860443115234375 0.130409240722656 0.2606201171875 -0.209854125976563
-0.419891357421875 0.2066650390625 0.60369873046875 -0.13616943359375
-0.355072021484375 0.168243408203125 0.137771606445312 0.00025939941406251
-0.35150146484375 0.300262451171875 0.21783447265625 0.2978515625
-0.21356201171875 0.3370361328125 0.43609619140625 0.099609375
-0.096099853515625 0.4217529296875 0.235855102539062 -0.054779052734375
0.16998291015625 0.365814208984375 0.160842895507813 -0.0141754150390625
0.306793212890625 0.22869873046875 0.163681030273438 0.0731964111328125
0.277572631835938 0.208480834960938 0.17242431640625 0.121124267578125
0.3116455078125 0.146148681640625 0.229766845703125 0.158889770507813
0.222808837890625 0.192169189453125 0.158248901367188 0.16766357421875
0.132354736328125 0.2652587890625 0.052642822265625 0.12261962890625
0.015869140625 0.27996826171875 -0.00381469726562499 0.0765304565429688
-0.190017700195312 0.250473022460938 -0.07708740234375 -0.026153564453125
-0.217681884765625 0.206268310546875 0.0361175537109375 -0.24066162109375
-0.310821533203125 0.204833984375 0.187652587890625 -0.178878784179687
-0.62384033203125 0.18798828125 0.436859130859375 -0.03546142578125
-0.566162109375 0.234375 0.0612411499023437 0.1070556640625
-0.47589111328125 0.47247314453125 0.22119140625 0.32061767578125
-0.207489013671875 0.479644775390625 0.44512939453125 0.04278564453125
-0.0738525390625 0.504486083984375 0.207260131835938 -0.157684326171875
0.195343017578125 0.425262451171875 0.0740814208984375 -0.134574890136719
0.34344482421875 0.283660888671875 0.0228404998779297 -0.0095386505126953
0.32904052734375 0.263885498046875 0.0380058288574219 0.0649604797363281
0.376983642578125 0.193145751953125 0.11907958984375 0.108940124511719
0.281112670898438 0.233795166015625 0.0796432495117188 0.116966247558594
0.2049560546875 0.3289794921875 0.00668334960937502 0.104240417480469
0.10198974609375 0.388916015625 -0.0292625427246094 0.0679664611816407
-0.201385498046875 0.4332275390625 -0.105216979980469 -0.0233001708984375
-0.333648681640625 0.369232177734375 0.000167846679687469 -0.183395385742187
-0.500030517578125 0.27069091796875 0.0634613037109375 -0.113128662109375
-0.715576171875 0.1414794921875 0.224685668945312 0.0548095703125
-0.65521240234375 0.2584228515625 -0.0225677490234375 0.212142944335938
-0.4814453125 0.547210693359375 0.219268798828125 0.302703857421875
-0.1416015625 0.5133056640625 0.406402587890625 -0.03692626953125
-0.024505615234375 0.477569580078125 0.151687622070313 -0.256179809570313
0.18988037109375 0.39801025390625 -0.0299072265625 -0.249267578125
0.3245849609375 0.284637451171875 -0.126441955566406 -0.0970840454101563
0.32916259765625 0.280029296875 -0.103836059570312 -0.000228881835937483
0.38623046875 0.22174072265625 -0.0155792236328125 0.0503654479980469
0.296356201171875 0.257476806640625 -0.0269660949707031 0.0611572265625
0.241943359375 0.364959716796875 -0.0654754638671875 0.0811538696289063
0.16180419921875 0.458709716796875 -0.0790939331054687 0.0560684204101563
-0.2044677734375 0.5701904296875 -0.139091491699219 -0.0227890014648437
-0.418212890625 0.485382080078125 -0.0412063598632813 -0.0982513427734375
-0.62921142578125 0.29937744140625 -0.101539611816406 -0.0190582275390625
-0.6866455078125 0.0926513671874999 0.0188140869140625 0.125396728515625
-0.6129150390625 0.25506591796875 -0.0881042480468751 0.289886474609375
-0.369415283203125 0.5157470703125 0.208328247070312 0.247406005859375
-0.03753662109375 0.428741455078125 0.32110595703125 -0.106903076171875
0.023773193359375 0.3472900390625 0.079376220703125 -0.3125
0.14984130859375 0.297698974609375 -0.12884521484375 -0.3214111328125
0.258636474609375 0.235275268554688 -0.258392333984375 -0.165634155273438
0.277114868164063 0.251113891601563 -0.231948852539063 -0.0639190673828125
0.3299560546875 0.218719482421875 -0.154586791992187 -0.01153564453125
0.25439453125 0.247207641601562 -0.142578125 -0.001495361328125
0.220855712890625 0.344940185546875 -0.149322509765625 0.048095703125
0.171295166015625 0.460205078125 -0.147491455078125 0.0326385498046876
-0.20758056640625 0.612548828125 -0.177032470703125 -0.0360107421875
-0.467681884765625 0.50799560546875 -0.086029052734375 -0.00464630126953122
-0.673095703125 0.2630615234375 -0.290435791015625 0.083892822265625
-0.55975341796875 0.0502319335937501 -0.14434814453125 0.174102783203125
-0.471923828125 0.233489990234375 -0.121673583984375 0.324981689453125
-0.1937255859375 0.411895751953125 0.181076049804687 0.173828125
0.0623779296875 0.268814086914063 0.21234130859375 -0.141937255859375
0.0487823486328125 0.171218872070313 0.013336181640625 -0.310760498046875
0.082550048828125 0.165069580078125 -0.199676513671875 -0.339630126953125
0.156600952148438 0.15704345703125 -0.352874755859375 -0.203765869140625
0.182586669921875 0.18157958984375 -0.3280029296875 -0.116424560546875
0.217071533203125 0.178665161132813 -0.270858764648438 -0.0727996826171875
0.162322998046875 0.185867309570313 -0.236618041992188 -0.0670166015625
0.157379150390625 0.255325317382813 -0.219955444335938 0.00485229492187506
0.144989013671875 0.379425048828125 -0.219696044921875 -0.00616455078124997
-0.199310302734375 0.5450439453125 -0.212493896484375 -0.071868896484375
-0.462677001953125 0.422576904296875 -0.13427734375 0.067901611328125
-0.613037109375 0.16558837890625 -0.475860595703125 0.16839599609375
-0.364990234375 0.010284423828125 -0.244216918945312 0.20562744140625
-0.2838134765625 0.19049072265625 -0.12445068359375 0.327178955078125
-0.024261474609375 0.268203735351563 0.146942138671875 0.104476928710938
0.119972229003906 0.09783935546875 0.11334228515625 -0.143051147460938
0.0419464111328125 0.004547119140625 -0.030364990234375 -0.272384643554688
0.000518798828124998 0.0396461486816406 -0.23333740234375 -0.316375732421875
0.0337600708007812 0.0699844360351563 -0.396514892578125 -0.21575927734375
0.0605697631835937 0.0840072631835938 -0.376953125 -0.15142822265625
0.0694656372070313 0.0969467163085937 -0.33819580078125 -0.123992919921875
0.052520751953125 0.0709381103515625 -0.283721923828125 -0.11785888671875
0.092132568359375 0.102867126464844 -0.260711669921875 -0.0324249267578125
0.11981201171875 0.224594116210938 -0.28265380859375 -0.056549072265625
-0.146636962890625 0.3883056640625 -0.238327026367188 -0.133102416992187
-0.373291015625 0.253265380859375 -0.173980712890625 0.0968780517578125
-0.442230224609375 0.031402587890625 -0.62640380859375 0.2060546875
0.162490844726563 0.0785675048828125 0.68505859375 -0.30804443359375
0.161026000976562 -0.127761840820313 0.192306518554688 -0.129043579101562
-0.02642822265625 -0.1776123046875 0.234710693359375 0.165023803710938
-0.14544677734375 -0.0597076416015625 0.362579345703125 0.08502197265625
-0.0869216918945312 0.0900192260742188 0.249237060546875 0.0488128662109375
0.051910400390625 0.0791168212890625 0.26361083984375 0.11767578125
0.098907470703125 0.0190277099609375 0.35137939453125 0.14532470703125
0.071929931640625 0.0208053588867188 0.36285400390625 0.16766357421875
0.0927581787109375 0.0076446533203125 0.3692626953125 0.222564697265625
0.0785598754882813 0.0766677856445313 0.24188232421875 0.264022827148438
-0.0077667236328125 0.108078002929688 0.079254150390625 0.189468383789063
-0.107704162597656 0.0465621948242188 -0.0303802490234375 0.109504699707031
-0.0661239624023438 -0.0925064086914063 -0.0807418823242188 -0.0553131103515625
0.098968505859375 -0.0843429565429688 0.075103759765625 -0.308624267578125
0.1597900390625 0.06427001953125 0.281646728515625 -0.231781005859375
-0.137863159179687 0.178970336914062 0.698486328125 -0.2557373046875
-0.09002685546875 0.047454833984375 0.181198120117188 -0.0881500244140625
-0.180191040039063 0.07781982421875 0.233810424804688 0.244583129882813
-0.179580688476563 0.150405883789062 0.411834716796875 0.104583740234375
-0.085968017578125 0.282135009765625 0.249221801757813 0.012908935546875
0.133880615234375 0.23724365234375 0.227828979492188 0.0728607177734375
0.230300903320313 0.127944946289063 0.28631591796875 0.12811279296875
0.194869995117188 0.1199951171875 0.294403076171875 0.15570068359375
0.217300415039062 0.0780181884765625 0.32501220703125 0.19403076171875
0.155181884765625 0.139312744140625 0.21728515625 0.215927124023437
0.0612335205078125 0.1934814453125 0.0760040283203125 0.149826049804688
-0.0589447021484375 0.168685913085938 -0.00263214111328125 0.0889663696289063
-0.149093627929688 0.072357177734375 -0.0681686401367188 -0.0343513488769531
-0.0717239379882813 0.0466079711914063 0.055084228515625 -0.285675048828125
-0.0823822021484375 0.13397216796875 0.261734008789063 -0.22552490234375
-0.422088623046875 0.221954345703125 0.6131591796875 -0.16229248046875
-0.3619384765625 0.179595947265625 0.136009216308594 -0.00662994384765624
-0.352142333984375 0.32049560546875 0.2340087890625 0.302825927734375
-0.210845947265625 0.352386474609375 0.448638916015625 0.086090087890625
-0.081787109375 0.44073486328125 0.238021850585938 -0.0634765625
0.18658447265625 0.366607666015625 0.1614990234375 -0.0204315185546875
0.320770263671875 0.221832275390625 0.17041015625 0.0730438232421875
0.292144775390625 0.203582763671875 0.182083129882813 0.121353149414063
0.3226318359375 0.136810302734375 0.2430419921875 0.154281616210938
0.232177734375 0.189849853515625 0.167861938476563 0.168304443359375
0.143173217773437 0.266494750976563 0.0550918579101563 0.12591552734375
0.02337646484375 0.285400390625 -0.00252532958984375 0.0776596069335938
-0.186737060546875 0.26153564453125 -0.0819549560546875 -0.0262527465820312
-0.215408325195313 0.213638305664062 0.025238037109375 -0.253433227539063
-0.31195068359375 0.2181396484375 0.187301635742187 -0.19110107421875
-0.635498046875 0.21038818359375 0.445770263671875 -0.054443359375
-0.575927734375 0.254638671875 0.06146240234375 0.1041259765625
-0.47021484375 0.5023193359375 0.23931884765625 0.32843017578125
-0.19921875 0.4971923828125 0.45758056640625 0.02880859375
-0.056304931640625 0.521270751953125 0.206100463867188 -0.168991088867187
0.2120361328125 0.427398681640625 0.0672607421875 -0.14166259765625
0.358306884765625 0.276031494140625 0.0233249664306641 -0.00695610046386717
0.346343994140625 0.259368896484375 0.0426521301269531 0.0699577331542969
0.3916015625 0.184112548828125 0.126594543457031 0.107025146484375
0.291259765625 0.23114013671875 0.0858306884765625 0.119346618652344
0.217742919921875 0.328369140625 0.00899505615234377 0.108726501464844
0.115234375 0.390777587890625 -0.0286788940429688 0.0700836181640625
-0.192291259765625 0.4482421875 -0.111892700195313 -0.0219802856445312
-0.329071044921875 0.385467529296875 -0.00935363769531251 -0.194091796875
-0.50665283203125 0.29315185546875 0.0626068115234375 -0.120162963867188
-0.72979736328125 0.1676025390625 0.229598999023437 0.04547119140625
-0.666259765625 0.28375244140625 -0.0209197998046875 0.214874267578125
-0.4742431640625 0.578369140625 0.23651123046875 0.310821533203125
-0.130462646484375 0.527374267578125 0.415374755859375 -0.0518798828125
-0.00805664062500002 0.492340087890625 0.145263671875 -0.267852783203125
0.20513916015625 0.40283203125 -0.0424652099609375 -0.255615234375
0.33856201171875 0.278076171875 -0.133384704589844 -0.0911712646484375
0.34625244140625 0.27581787109375 -0.105018615722656 0.00733947753906252
0.401702880859375 0.212493896484375 -0.0144081115722656 0.0523147583007813
0.30810546875 0.25506591796875 -0.026336669921875 0.0654640197753906
0.256866455078125 0.36358642578125 -0.0647964477539063 0.08795166015625
0.179412841796875 0.461151123046875 -0.0799789428710937 0.0588150024414063
-0.18914794921875 0.58905029296875 -0.147232055664063 -0.0209655761718749
-0.413421630859375 0.507476806640625 -0.0473480224609375 -0.105476379394531
-0.638427734375 0.32635498046875 -0.103240966796875 -0.0181884765625
-0.7039794921875 0.11676025390625 0.020355224609375 0.124122619628906
-0.6212158203125 0.2806396484375 -0.0840454101562501 0.29754638671875
-0.35809326171875 0.5411376953125 0.22344970703125 0.253662109375
-0.02471923828125 0.4356689453125 0.3265380859375 -0.118743896484375
0.03704833984375 0.355743408203125 0.0704345703125 -0.321044921875
0.16094970703125 0.301239013671875 -0.145660400390625 -0.325927734375
0.26837158203125 0.231109619140625 -0.271087646484375 -0.157989501953125
0.2913818359375 0.2479248046875 -0.238357543945312 -0.054412841796875
0.344573974609375 0.214141845703125 -0.159469604492188 -0.00628662109374998
0.263504028320313 0.246429443359375 -0.147430419921875 0.00445556640625003
0.233856201171875 0.345550537109375 -0.151123046875 0.056060791015625
0.19024658203125 0.464385986328125 -0.15087890625 0.037750244140625
-0.193115234375 0.633544921875 -0.18695068359375 -0.0332794189453125
-0.46392822265625 0.534820556640625 -0.089111328125 -0.00786590576171871
-0.6849365234375 0.29327392578125 -0.292022705078125 0.09466552734375
-0.57672119140625 0.0689697265625001 -0.145721435546875 0.180450439453125
-0.47613525390625 0.255828857421875 -0.11517333984375 0.336181640625
-0.18023681640625 0.428314208984375 0.193954467773438 0.175994873046875
0.07232666015625 0.268020629882813 0.21380615234375 -0.150741577148437
0.0550384521484375 0.17242431640625 0.00296020507812503 -0.316802978515625
0.0870361328125 0.16839599609375 -0.21795654296875 -0.3409423828125
0.161331176757813 0.155654907226562 -0.36883544921875 -0.19464111328125
0.190948486328125 0.1812744140625 -0.338653564453125 -0.1048583984375
0.226669311523438 0.177093505859375 -0.281402587890625 -0.0650939941406249
0.16802978515625 0.187118530273437 -0.24615478515625 -0.060089111328125
0.166397094726563 0.25531005859375 -0.2242431640625 0.0134887695312501
0.16015625 0.380035400390625 -0.225982666015625 0.00062561035156252
-0.18487548828125 0.56494140625 -0.223297119140625 -0.0682220458984375
-0.462127685546875 0.44873046875 -0.134078979492188 0.0692214965820313
-0.6265869140625 0.1904296875 -0.47882080078125 0.188446044921875
-0.376983642578125 0.023406982421875 -0.247512817382813 0.216522216796875
-0.282623291015625 0.2064208984375 -0.1163330078125 0.337982177734375
-0.0117340087890625 0.273727416992188 0.155593872070313 0.103744506835938
0.125381469726563 0.0914993286132813 0.112457275390625 -0.147140502929687
0.0417213439941406 0.0029296875 -0.0397186279296875 -0.2757568359375
-0.000442504882812504 0.0430030822753906 -0.250762939453125 -0.316436767578125
0.0343551635742188 0.070709228515625 -0.41357421875 -0.2042236328125
0.062255859375 0.084808349609375 -0.390289306640625 -0.14013671875
0.073394775390625 0.0996322631835937 -0.35296630859375 -0.113800048828125
0.0526809692382813 0.0724868774414063 -0.295928955078125 -0.11126708984375
0.0951156616210938 0.101051330566406 -0.26611328125 -0.024261474609375
0.1309814453125 0.223892211914063 -0.29193115234375 -0.047454833984375
-0.136077880859375 0.40313720703125 -0.252059936523438 -0.1290283203125
-0.377655029296875 0.274261474609375 -0.172576904296875 0.101287841796875
-0.45587158203125 0.0460815429687501 -0.630859375 0.231689453125
0.172821044921875 0.0658416748046875 0.67266845703125 -0.351806640625
0.152816772460938 -0.142349243164063 0.183273315429688 -0.13800048828125
-0.0411376953125 -0.178848266601563 0.244354248046875 0.153854370117188
-0.153823852539063 -0.0492095947265625 0.368865966796875 0.0648193359375
-0.0803070068359375 0.0996246337890625 0.252670288085938 0.033905029296875
0.0590133666992188 0.0739517211914063 0.272354125976563 0.105316162109375
0.102447509765625 0.0102386474609375 0.364654541015625 0.1295166015625
0.0750274658203125 0.015289306640625 0.376861572265625 0.14959716796875
0.0945968627929688 -0.000579833984375 0.38885498046875 0.20220947265625
0.0860595703125 0.0715713500976563 0.260604858398438 0.254547119140625
0.000579833984374992 0.111961364746094 0.0869293212890625 0.187835693359375
-0.107955932617188 0.0557861328125 -0.0259475708007813 0.111190795898438
-0.0731048583984375 -0.0901336669921875 -0.085784912109375 -0.0526275634765625
0.0952987670898438 -0.0938339233398438 0.054962158203125 -0.319610595703125
0.1683349609375 0.055145263671875 0.273712158203125 -0.251129150390625
-0.127609252929687 0.184829711914063 0.68914794921875 -0.29864501953125
-0.0922775268554688 0.0486907958984375 0.173934936523438 -0.09820556640625
-0.18115234375 0.0890350341796875 0.25177001953125 0.236740112304688
-0.178268432617188 0.1646728515625 0.420257568359375 0.080352783203125
-0.0684814453125 0.293853759765625 0.2506103515625 -0.00175476074218748
0.149337768554688 0.231002807617188 0.232635498046875 0.0612030029296875
0.239151000976563 0.11297607421875 0.297882080078125 0.11663818359375
0.205322265625 0.108596801757813 0.307952880859375 0.142547607421875
0.222702026367187 0.064056396484375 0.34051513671875 0.176666259765625
0.164474487304688 0.132003784179688 0.23211669921875 0.208084106445313
0.0724945068359375 0.19317626953125 0.0816192626953125 0.149246215820313
-0.0519866943359375 0.17486572265625 0.000648498535156239 0.0894699096679688
-0.148345947265625 0.080963134765625 -0.072662353515625 -0.0322265625
-0.0699958801269531 0.0471649169921875 0.035186767578125 -0.296600341796875
-0.0745010375976563 0.139335632324219 0.253265380859375 -0.243865966796875
-0.415313720703125 0.24530029296875 0.60919189453125 -0.20068359375
-0.361114501953125 0.197662353515625 0.131668090820312 -0.0146865844726562
-0.340057373046875 0.34454345703125 0.2581787109375 0.297607421875
-0.197967529296875 0.369842529296875 0.458099365234375 0.060333251953125
-0.054718017578125 0.453399658203125 0.235183715820313 -0.0785369873046875
0.208099365234375 0.360076904296875 0.1591796875 -0.03009033203125
0.33587646484375 0.20513916015625 0.178375244140625 0.067169189453125
0.308380126953125 0.18829345703125 0.193771362304688 0.115203857421875
0.33184814453125 0.117889404296875 0.255477905273438 0.141693115234375
0.243072509765625 0.179412841796875 0.179367065429688 0.16290283203125
0.157302856445313 0.261138916015625 0.0604705810546875 0.126220703125
0.036773681640625 0.28631591796875 6.86645507812499E-05 0.0779876708984375
-0.175827026367188 0.273178100585937 -0.0871505737304688 -0.0221633911132812
-0.206069946289063 0.223953247070312 0.00601196289062499 -0.262313842773438
-0.30242919921875 0.23828125 0.179458618164062 -0.205718994140625
-0.63226318359375 0.246826171875 0.444610595703125 -0.0831298828125
-0.57354736328125 0.28741455078125 0.0624542236328125 0.100074768066406
-0.44537353515625 0.535003662109375 0.26556396484375 0.324981689453125
-0.176849365234375 0.5145263671875 0.46478271484375 0.00170898437500003
-0.0250244140625 0.5341796875 0.196624755859375 -0.182144165039062
0.237152099609375 0.421051025390625 0.0562591552734375 -0.14813232421875
0.37451171875 0.258209228515625 0.0236167907714844 -0.00565910339355467
0.3656005859375 0.24365234375 0.0491867065429688 0.0713348388671875
0.40252685546875 0.160980224609375 0.134010314941406 0.101295471191406
0.303741455078125 0.21844482421875 0.0933380126953125 0.118072509765625
0.235870361328125 0.320343017578125 0.0143051147460938 0.111831665039063
0.13555908203125 0.3873291015625 -0.0271224975585937 0.0716476440429688
-0.170013427734375 0.4625244140625 -0.118576049804688 -0.0157928466796875
-0.31231689453125 0.40338134765625 -0.0251312255859375 -0.200912475585938
-0.497222900390625 0.325714111328125 0.0573959350585937 -0.12628173828125
-0.73272705078125 0.20941162109375 0.232177734375 0.0295562744140625
-0.6614990234375 0.32257080078125 -0.0141754150390626 0.21575927734375
-0.4427490234375 0.61309814453125 0.262725830078125 0.307525634765625
-0.105224609375 0.5390625 0.41748046875 -0.075408935546875
0.021697998046875 0.4979248046875 0.131362915039063 -0.277618408203125
0.228363037109375 0.39447021484375 -0.061767578125 -0.256820678710938
0.35467529296875 0.26275634765625 -0.140144348144531 -0.0815353393554687
0.364105224609375 0.26068115234375 -0.103652954101562 0.0167770385742188
0.415435791015625 0.19085693359375 -0.012237548828125 0.0541305541992188
0.322662353515625 0.244720458984375 -0.0229110717773437 0.0694923400878906
0.27593994140625 0.353729248046875 -0.0605010986328125 0.0941696166992188
0.205322265625 0.453033447265625 -0.0797195434570312 0.063751220703125
-0.1597900390625 0.606201171875 -0.155380249023438 -0.0125579833984374
-0.389984130859375 0.534454345703125 -0.057373046875 -0.109298706054687
-0.629638671875 0.366455078125 -0.103904724121094 -0.0139312744140625
-0.709228515625 0.156982421875 0.0239105224609374 0.120895385742188
-0.61444091796875 0.31646728515625 -0.0727233886718751 0.303375244140625
-0.3267822265625 0.56878662109375 0.244766235351562 0.24798583984375
-0.00207519531250004 0.436431884765625 0.324798583984375 -0.1370849609375
0.057220458984375 0.356689453125 0.0526123046875 -0.327301025390625
0.1768798828125 0.296142578125 -0.16925048828125 -0.321990966796875
0.280914306640625 0.219711303710938 -0.283050537109375 -0.14068603515625
0.307861328125 0.234527587890625 -0.242233276367187 -0.03802490234375
0.35882568359375 0.198028564453125 -0.162857055664062 0.003692626953125
0.277191162109375 0.238418579101563 -0.149276733398437 0.0145263671875
0.25347900390625 0.336395263671875 -0.148849487304687 0.066864013671875
0.217437744140625 0.455841064453125 -0.151885986328125 0.0461883544921875
-0.15850830078125 0.6510009765625 -0.196136474609375 -0.0231170654296875
-0.44091796875 0.56658935546875 -0.0924148559570313 -0.00848388671874999
-0.67919921875 0.334716796875 -0.28826904296875 0.112030029296875
-0.58282470703125 0.10345458984375 -0.1407470703125 0.187286376953125
-0.46624755859375 0.286529541015625 -0.1002197265625 0.344482421875
-0.153289794921875 0.4400634765625 0.208877563476563 0.169998168945313
0.087188720703125 0.26177978515625 0.21026611328125 -0.16204833984375
0.064422607421875 0.169998168945313 -0.01483154296875 -0.318359375
0.0950927734375 0.166580200195313 -0.24267578125 -0.333038330078125
0.168807983398438 0.148513793945313 -0.3837890625 -0.171783447265625
0.202560424804688 0.17401123046875 -0.3466796875 -0.084991455078125
0.238143920898437 0.1693115234375 -0.28961181640625 -0.047760009765625
0.176742553710937 0.183517456054688 -0.252883911132813 -0.045196533203125
0.17938232421875 0.248687744140625 -0.22479248046875 0.0272064208984375
0.1839599609375 0.373199462890625 -0.2298583984375 0.0133209228515626
-0.1541748046875 0.5836181640625 -0.234756469726563 -0.0562286376953125
-0.44512939453125 0.481475830078125 -0.1312255859375 0.0724411010742188
-0.6285400390625 0.22845458984375 -0.471160888671875 0.217926025390625
-0.383636474609375 0.04656982421875 -0.241912841796875 0.231155395507812
-0.272735595703125 0.226425170898438 -0.099945068359375 0.34783935546875
0.00775146484375003 0.27484130859375 0.16485595703125 0.09710693359375
0.131568908691406 0.0805892944335938 0.107925415039063 -0.15252685546875
0.03997802734375 -0.000789642333984375 -0.0543212890625 -0.274887084960938
0.000751495361328128 0.0456314086914063 -0.271942138671875 -0.304901123046875
0.0360107421875 0.0703659057617188 -0.42962646484375 -0.181884765625
0.0661163330078125 0.0843048095703125 -0.402130126953125 -0.117462158203125
0.078826904296875 0.0995635986328125 -0.364471435546875 -0.0933227539062499
0.0542373657226563 0.0730667114257813 -0.30743408203125 -0.096221923828125
0.09814453125 0.0961990356445313 -0.269256591796875 -0.00982666015624995
0.1456298828125 0.216949462890625 -0.298431396484375 -0.0313720703124999
-0.11236572265625 0.417083740234375 -0.265655517578125 -0.1168212890625
-0.370147705078125 0.301513671875 -0.167312622070313 0.1080322265625
-0.46380615234375 0.072601318359375 -0.6219482421875 0.27227783203125
0.176406860351563 0.0500030517578125 0.63909912109375 -0.38397216796875
0.138626098632813 -0.151718139648438 0.168716430664063 -0.142532348632813
-0.0554962158203125 -0.172760009765625 0.248245239257813 0.138702392578125
-0.1580810546875 -0.035247802734375 0.363494873046875 0.040618896484375
-0.0702056884765625 0.105712890625 0.24774169921875 0.0185546875
0.0644989013671875 0.0661163330078125 0.272659301757812 0.0892486572265625
0.101516723632813 0.000640869140625 0.36895751953125 0.10797119140625
0.0756301879882813 0.00835418701171875 0.37933349609375 0.124114990234375
0.0925827026367188 -0.00939178466796875 0.396697998046875 0.172882080078125
0.0907821655273438 0.063201904296875 0.272567749023438 0.235519409179688
0.00988006591796875 0.112495422363281 0.0929718017578125 0.18109130859375
-0.103790283203125 0.0641326904296875 -0.020751953125 0.110870361328125
-0.0781173706054687 -0.0843582153320312 -0.0888671875 -0.0481719970703125
0.0879364013671875 -0.0996322631835938 0.030609130859375 -0.3201904296875
0.172195434570313 0.04248046875 0.255584716796875 -0.263946533203125
-0.11346435546875 0.185211181640625 0.6583251953125 -0.33673095703125
-0.0922393798828125 0.0504684448242187 0.160614013671875 -0.104949951171875
-0.175918579101563 0.099090576171875 0.262542724609375 0.219833374023438
-0.170074462890625 0.17626953125 0.415496826171875 0.052093505859375
-0.04620361328125 0.296722412109375 0.243576049804688 -0.01617431640625
0.161209106445313 0.215408325195313 0.229110717773438 0.0472564697265625
0.24127197265625 0.0954742431640625 0.301727294921875 0.098480224609375
0.2095947265625 0.09375 0.313262939453125 0.12310791015625
0.220809936523438 0.0466766357421875 0.347625732421875 0.15155029296875
0.170242309570313 0.11993408203125 0.241806030273438 0.1920166015625
0.0826416015625 0.186599731445313 0.0863494873046875 0.143707275390625
-0.0426483154296875 0.176254272460938 0.0041351318359375 0.087554931640625
-0.142135620117188 0.088104248046875 -0.0759124755859375 -0.027984619140625
-0.0662155151367188 0.0467109680175781 0.011566162109375 -0.2960205078125
-0.0623626708984375 0.139533996582031 0.234909057617188 -0.255401611328125
-0.39544677734375 0.26220703125 0.583984375 -0.23651123046875
-0.34747314453125 0.21331787109375 0.122932434082031 -0.0224227905273437
-0.31402587890625 0.3602294921875 0.274978637695313 0.280853271484375
-0.176849365234375 0.376678466796875 0.454010009765625 0.03021240234375
-0.024322509765625 0.45208740234375 0.224029541015625 -0.0909576416015625
0.2264404296875 0.338897705078125 0.15008544921875 -0.0388946533203125
0.339202880859375 0.179656982421875 0.180587768554688 0.0570526123046875
0.31512451171875 0.16650390625 0.199234008789063 0.103485107421875
0.329864501953125 0.093963623046875 0.260589599609375 0.1234130859375
0.248443603515625 0.162643432617188 0.186050415039063 0.151214599609375
0.168914794921875 0.248519897460938 0.064422607421875 0.122543334960938
0.0504150390625 0.278366088867188 0.0028533935546875 0.0759735107421875
-0.157943725585937 0.278152465820313 -0.0906753540039063 -0.0160751342773437
-0.18939208984375 0.227615356445313 -0.0150299072265625 -0.260650634765625
-0.283294677734375 0.250335693359375 0.163818359375 -0.213027954101562
-0.6097412109375 0.27655029296875 0.42913818359375 -0.11114501953125
-0.55096435546875 0.313934326171875 0.0609283447265625 0.0931243896484375
-0.40582275390625 0.55419921875 0.28582763671875 0.3067626953125
-0.14703369140625 0.514862060546875 0.457977294921875 -0.026885986328125
0.00918579101562498 0.528045654296875 0.180892944335938 -0.1905517578125
0.257080078125 0.39959716796875 0.041473388671875 -0.14862060546875
0.380035400390625 0.23138427734375 0.0235042572021485 -0.00462722778320311
0.37347412109375 0.21783447265625 0.0556640625 0.0696792602539063
0.403839111328125 0.1329345703125 0.138595581054688 0.0916671752929688
0.309600830078125 0.199188232421875 0.0989990234375 0.112541198730469
0.24847412109375 0.301666259765625 0.018951416015625 0.110809326171875
0.1536865234375 0.369873046875 -0.0240097045898437 0.071533203125
-0.140960693359375 0.465667724609375 -0.1214599609375 -0.00704193115234373
-0.2825927734375 0.411376953125 -0.0417633056640625 -0.199325561523437
-0.469573974609375 0.348968505859375 0.0494308471679687 -0.1279296875
-0.71258544921875 0.24676513671875 0.22564697265625 0.0118560791015625
-0.63494873046875 0.35614013671875 -0.00733947753906253 0.211639404296875
-0.39581298828125 0.630126953125 0.2828369140625 0.28948974609375
-0.072784423828125 0.53424072265625 0.408447265625 -0.099334716796875
0.052703857421875 0.489654541015625 0.112045288085938 -0.279342651367187
0.245025634765625 0.375244140625 -0.0813446044921875 -0.24835205078125
0.362274169921875 0.23760986328125 -0.1424560546875 -0.068939208984375
0.3760986328125 0.235076904296875 -0.0979232788085937 0.0254898071289063
0.418701171875 0.163330078125 -0.00914764404296872 0.0551490783691406
0.32806396484375 0.22296142578125 -0.0181655883789062 0.0715866088867188
0.289306640625 0.331329345703125 -0.0537185668945313 0.09808349609375
0.226837158203125 0.431610107421875 -0.075714111328125 0.0671005249023438
-0.12225341796875 0.604736328125 -0.158203125 -0.00100708007812496
-0.35345458984375 0.54583740234375 -0.0671615600585938 -0.107902526855469
-0.6007080078125 0.398681640625 -0.10162353515625 -0.00759124755859373
-0.69158935546875 0.1956787109375 0.0269393920898437 0.114227294921875
-0.58837890625 0.34844970703125 -0.059234619140625 0.301177978515625
-0.28277587890625 0.57830810546875 0.260086059570313 0.233016967773438
0.0230712890625 0.426361083984375 0.31365966796875 -0.153350830078125
0.077728271484375 0.347320556640625 0.032958984375 -0.322601318359375
0.18878173828125 0.281585693359375 -0.190032958984375 -0.305206298828125
0.284912109375 0.200927734375 -0.2867431640625 -0.118682861328125
0.31573486328125 0.214813232421875 -0.237442016601562 -0.0205841064453124
0.363250732421875 0.174285888671875 -0.160659790039062 0.0155792236328125
0.28399658203125 0.220245361328125 -0.1466064453125 0.024627685546875
0.2650146484375 0.315643310546875 -0.142120361328125 0.0758209228515625
0.23931884765625 0.431243896484375 -0.147705078125 0.0547027587890625
-0.116943359375 0.652099609375 -0.1986083984375 -0.00856018066406249
-0.4007568359375 0.58282470703125 -0.0930862426757813 -0.00672912597656246
-0.6533203125 0.3704833984375 -0.273788452148438 0.127456665039063
-0.57049560546875 0.13714599609375 -0.131240844726563 0.18927001953125
-0.44281005859375 0.309051513671875 -0.082275390625 0.342498779296875
-0.11962890625 0.440643310546875 0.219329833984375 0.156707763671875
0.100143432617188 0.246719360351563 0.199539184570313 -0.170684814453125
0.072174072265625 0.161895751953125 -0.031829833984375 -0.310394287109375
0.100616455078125 0.159317016601563 -0.261627197265625 -0.311492919921875
0.171188354492188 0.137710571289063 -0.38690185546875 -0.144134521484375
0.208740234375 0.160903930664062 -0.342864990234375 -0.060760498046875
0.243392944335937 0.154251098632813 -0.28778076171875 -0.027984619140625
0.181671142578125 0.173019409179688 -0.252365112304688 -0.0287628173828125
0.187606811523438 0.234420776367188 -0.21832275390625 0.03997802734375
0.20294189453125 0.352630615234375 -0.22576904296875 0.0266876220703125
-0.11724853515625 0.58502197265625 -0.238067626953125 -0.039520263671875
-0.410247802734375 0.501373291015625 -0.125282287597656 0.0747985839843751
-0.608642578125 0.2635498046875 -0.44720458984375 0.241363525390625
-0.3778076171875 0.0704650878906249 -0.227920532226563 0.23919677734375
-0.2542724609375 0.239364624023438 -0.079681396484375 0.34716796875
0.029144287109375 0.266677856445313 0.169342041015625 0.0857391357421875
0.133255004882813 0.0665740966796875 0.1005859375 -0.154388427734375
0.0376319885253906 -0.003997802734375 -0.0677947998046875 -0.264999389648438
0.00188446044921874 0.0464401245117187 -0.28741455078125 -0.283233642578125
0.0369071960449219 0.0681915283203125 -0.432830810546875 -0.15087890625
0.0687789916992188 0.0809555053710938 -0.39935302734375 -0.089599609375
0.083251953125 0.0958480834960937 -0.36346435546875 -0.067169189453125
0.054656982421875 0.071136474609375 -0.30902099609375 -0.076324462890625
0.0988693237304688 0.088409423828125 -0.264007568359375 0.00624084472656254
0.15606689453125 0.201400756835938 -0.296234130859375 -0.0122070312499999
-0.08441162109375 0.418365478515625 -0.271163940429688 -0.097259521484375
-0.347259521484375 0.3211669921875 -0.155517578125 0.111740112304688
-0.45513916015625 0.099090576171875 -0.59271240234375 0.30389404296875
0.173934936523438 0.0369110107421875 0.601806640625 -0.39569091796875
0.124923706054687 -0.154037475585937 0.157272338867188 -0.139739990234375
-0.0638580322265625 -0.1629638671875 0.244430541992187 0.127273559570313
-0.157257080078125 -0.0222625732421875 0.351043701171875 0.02374267578125
-0.0602340698242188 0.107048034667969 0.236968994140625 0.00910949707031251
0.0664863586425781 0.0584182739257812 0.265426635742188 0.078033447265625
0.0978164672851563 -0.00707244873046875 0.36248779296875 0.089569091796875
0.0736465454101563 0.00257110595703125 0.372467041015625 0.105987548828125
0.0878219604492188 -0.0160140991210938 0.390838623046875 0.150238037109375
0.0927658081054688 0.0565414428710938 0.272659301757813 0.217727661132813
0.0167388916015625 0.110054016113281 0.093658447265625 0.17291259765625
-0.0988235473632813 0.0696487426757812 -0.0182876586914063 0.108444213867188
-0.0806350708007812 -0.078399658203125 -0.0897140502929688 -0.04443359375
0.0807647705078125 -0.101524353027344 0.012542724609375 -0.31256103515625
0.17144775390625 0.031036376953125 0.237640380859375 -0.264816284179687
-0.10308837890625 0.179107666015625 0.620361328125 -0.35089111328125
-0.0920639038085938 0.0499954223632812 0.14825439453125 -0.105026245117188
-0.168991088867188 0.104049682617188 0.263748168945313 0.205001831054688
-0.161544799804688 0.181137084960938 0.403778076171875 0.034912109375
-0.029998779296875 0.290313720703125 0.231552124023438 -0.02386474609375
0.164215087890625 0.200790405273438 0.2205810546875 0.039215087890625
0.23602294921875 0.0806884765625 0.2972412109375 0.084381103515625
0.206497192382813 0.0807952880859375 0.3084716796875 0.10711669921875
0.213653564453125 0.034881591796875 0.342987060546875 0.132354736328125
0.169403076171875 0.109542846679688 0.241989135742188 0.177886962890625
0.088165283203125 0.179519653320313 0.0852432250976562 0.13739013671875
-0.0373382568359375 0.174072265625 0.0048980712890625 0.0848846435546875
-0.136550903320313 0.0905532836914062 -0.0767974853515625 -0.023773193359375
-0.0625419616699219 0.0438385009765625 -0.00567626953124998 -0.288543701171875
-0.0529022216796875 0.1348876953125 0.2171630859375 -0.256942749023438
-0.37353515625 0.26495361328125 0.552734375 -0.252105712890625
-0.333892822265625 0.216644287109375 0.112876892089844 -0.0250244140625
-0.291412353515625 0.361175537109375 0.28131103515625 0.263763427734375
-0.16064453125 0.374114990234375 0.439422607421875 0.0126953125
-0.00296020507812497 0.44085693359375 0.2103271484375 -0.0955963134765625
0.232208251953125 0.319122314453125 0.138572692871094 -0.0412445068359375
0.33355712890625 0.160491943359375 0.177490234375 0.0498504638671875
0.31085205078125 0.1480712890625 0.198272705078125 0.0933380126953125
0.320159912109375 0.076568603515625 0.257919311523437 0.109817504882812
0.245452880859375 0.14947509765625 0.187423706054688 0.140045166015625
0.172454833984375 0.235198974609375 0.0649490356445313 0.117950439453125
0.0559234619140625 0.267715454101563 0.00386810302734376 0.07318115234375
-0.143478393554688 0.27484130859375 -0.090667724609375 -0.0104522705078125
-0.175079345703125 0.223007202148437 -0.02984619140625 -0.2529296875
-0.264068603515625 0.251327514648437 0.150787353515625 -0.212966918945312
-0.581787109375 0.28729248046875 0.407379150390625 -0.125823974609375
-0.527008056640625 0.32330322265625 0.0558624267578125 0.0874557495117188
-0.370025634765625 0.55230712890625 0.29229736328125 0.288055419921875
-0.127044677734375 0.505615234375 0.441741943359375 -0.042999267578125
0.031524658203125 0.511810302734375 0.166717529296875 -0.18975830078125
0.262237548828125 0.3773193359375 0.0290374755859375 -0.144332885742187
0.3753662109375 0.209930419921875 0.0227699279785157 -0.00395774841308592
0.37017822265625 0.195770263671875 0.0582122802734375 0.0660552978515625
0.39300537109375 0.11273193359375 0.138229370117188 0.0836257934570313
0.305816650390625 0.183837890625 0.101005554199219 0.106712341308594
0.24920654296875 0.282958984375 0.021728515625 0.108489990234375
0.159881591796875 0.351806640625 -0.022705078125 0.0707321166992188
-0.120880126953125 0.454864501953125 -0.121261596679688 0.000854492187500051
-0.259246826171875 0.406005859375 -0.053314208984375 -0.192642211914062
-0.441314697265625 0.35516357421875 0.0445175170898437 -0.125938415527344
-0.68231201171875 0.26416015625 0.214813232421875 -0.000411987304687484
-0.60565185546875 0.365234375 -0.00579833984375005 0.204696655273438
-0.35577392578125 0.6234130859375 0.290435791015625 0.2724609375
-0.0533447265625 0.51824951171875 0.39276123046875 -0.11187744140625
0.07037353515625 0.47137451171875 0.097625732421875 -0.27374267578125
0.24884033203125 0.354736328125 -0.0924224853515625 -0.235931396484375
0.35601806640625 0.21759033203125 -0.141128540039062 -0.058929443359375
0.371551513671875 0.213653564453125 -0.0911178588867187 0.0298385620117188
0.40802001953125 0.142059326171875 -0.00561904907226561 0.0549583435058594
0.324493408203125 0.206329345703125 -0.0145721435546875 0.0716094970703125
0.290313720703125 0.310882568359375 -0.0482330322265625 0.0985641479492188
0.232635498046875 0.405426025390625 -0.072479248046875 0.068511962890625
-0.09649658203125 0.592041015625 -0.156463623046875 0.00891113281250003
-0.321807861328125 0.53948974609375 -0.072418212890625 -0.104133605957031
-0.568603515625 0.408447265625 -0.0963134765625 -0.00371551513671874
-0.6654052734375 0.2149658203125 0.0259628295898437 0.106208801269531
-0.55914306640625 0.35870361328125 -0.05169677734375 0.29296875
-0.24822998046875 0.56768798828125 0.265640258789063 0.216476440429688
0.03656005859375 0.40716552734375 0.299530029296875 -0.160064697265625
0.088134765625 0.330902099609375 0.02069091796875 -0.312652587890625
0.189834594726563 0.26617431640625 -0.19940185546875 -0.28717041015625
0.281097412109375 0.184799194335937 -0.280914306640625 -0.100967407226563
0.31500244140625 0.197357177734375 -0.22845458984375 -0.00949096679687503
0.3555908203125 0.15618896484375 -0.153915405273437 0.0224609375
0.279632568359375 0.206161499023438 -0.141433715820312 0.030548095703125
0.266357421875 0.296844482421875 -0.133995056152344 0.0795364379882813
0.246856689453125 0.40673828125 -0.142013549804687 0.05877685546875
-0.087646484375 0.6363525390625 -0.195205688476563 0.00262451171875008
-0.36651611328125 0.5789794921875 -0.0924911499023438 -0.00644683837890622
-0.62261962890625 0.38433837890625 -0.257308959960938 0.13287353515625
-0.55023193359375 0.155242919921875 -0.124008178710938 0.185501098632812
-0.418670654296875 0.316436767578125 -0.071929931640625 0.335052490234375
-0.0950927734375 0.427093505859375 0.220367431640625 0.14349365234375
0.105194091796875 0.230361938476563 0.188720703125 -0.172744750976562
0.074371337890625 0.152206420898438 -0.040863037109375 -0.297821044921875
0.100753784179688 0.151657104492188 -0.266754150390625 -0.290618896484375
0.167678833007813 0.129165649414063 -0.3792724609375 -0.122314453125
0.208099365234375 0.150253295898438 -0.33197021484375 -0.0443115234375
0.240859985351563 0.141830444335938 -0.279327392578125 -0.0140228271484375
0.179733276367188 0.16400146484375 -0.245834350585937 -0.0171661376953125
0.186920166015625 0.220382690429687 -0.208984375 0.0472412109375
0.208221435546875 0.33026123046875 -0.218063354492188 0.035064697265625
-0.0887451171875 0.572021484375 -0.234634399414063 -0.0258331298828125
-0.379547119140625 0.503997802734375 -0.117774963378906 0.073089599609375
-0.5831298828125 0.2796630859375 -0.419464111328125 0.250152587890625
-0.36566162109375 0.084747314453125 -0.215576171875 0.2381591796875
-0.235946655273438 0.241897583007813 -0.067138671875 0.338470458984375
0.0413055419921875 0.253143310546875 0.167678833007813 0.0760498046875
0.129745483398438 0.0550384521484375 0.0935211181640625 -0.152587890625
0.0335826873779297 -0.00629043579101563 -0.0725860595703125 -0.25238037109375
0.001800537109375 0.046661376953125 -0.2901611328125 -0.26312255859375
0.0361747741699219 0.0665397644042969 -0.424163818359375 -0.127197265625
0.0685653686523438 0.078094482421875 -0.38726806640625 -0.0713195800781249
0.0843353271484375 0.0922164916992187 -0.353424072265625 -0.0492553710937499
0.0527915954589844 0.0695648193359375 -0.30218505859375 -0.061767578125
0.0958480834960938 0.082183837890625 -0.253890991210937 0.0152435302734375
0.158050537109375 0.1856689453125 -0.287445068359375 0.000579833984374993
-0.062469482421875 0.410125732421875 -0.267684936523438 -0.0813598632812499
-0.324981689453125 0.327362060546875 -0.14404296875 0.110183715820313
-0.4410400390625 0.11529541015625 -0.557464599609375 0.3153076171875
0.169586181640625 0.030242919921875 0.579345703125 -0.39141845703125
0.115707397460937 -0.152664184570312 0.151382446289063 -0.13287353515625
-0.066680908203125 -0.1556396484375 0.23944091796875 0.122299194335937
-0.155120849609375 -0.0138702392578125 0.340301513671875 0.019134521484375
-0.0538253784179688 0.106971740722656 0.227767944335938 0.00691223144531251
0.0661392211914063 0.0519371032714844 0.257843017578125 0.0750732421875
0.094879150390625 -0.011810302734375 0.35638427734375 0.082672119140625
0.0713424682617188 -0.00051116943359375 0.36297607421875 0.09613037109375
0.08380126953125 -0.0196762084960938 0.383087158203125 0.139404296875
0.0936431884765625 0.0516891479492188 0.27001953125 0.208282470703125
0.0210418701171875 0.108444213867187 0.0904388427734375 0.168777465820313
-0.095916748046875 0.0730819702148438 -0.01776123046875 0.105819702148438
-0.0810928344726563 -0.0745315551757813 -0.0894546508789063 -0.0419387817382813
0.0768508911132813 -0.103324890136719 0.00289916992187503 -0.304443359375
0.17041015625 0.0246124267578125 0.226272583007812 -0.2611083984375
-0.099334716796875 0.1724853515625 0.59722900390625 -0.349365234375
-0.0938491821289062 0.048583984375 0.140853881835937 -0.10052490234375
-0.163726806640625 0.104812622070312 0.261611938476563 0.198043823242188
-0.156875610351563 0.183761596679688 0.391571044921875 0.027130126953125
-0.021697998046875 0.2857666015625 0.222274780273438 -0.0247344970703125
0.162796020507812 0.190292358398438 0.211227416992188 0.0385894775390625
0.229827880859375 0.0732879638671875 0.291473388671875 0.07830810546875
0.201751708984375 0.07427978515625 0.301788330078125 0.100555419921875
0.205841064453125 0.028961181640625 0.335601806640625 0.12286376953125
0.1676025390625 0.103790283203125 0.237884521484375 0.16973876953125
0.089324951171875 0.174118041992187 0.0822906494140625 0.134918212890625
-0.0356597900390625 0.172714233398438 0.00366973876953125 0.0823516845703125
-0.133460998535156 0.0903472900390625 -0.0765762329101563 -0.0209274291992187
-0.0609207153320313 0.039520263671875 -0.0149993896484375 -0.280731201171875
-0.0491485595703125 0.128341674804688 0.207382202148438 -0.252395629882813
-0.361724853515625 0.2603759765625 0.531829833984375 -0.253936767578125
-0.327239990234375 0.21527099609375 0.10443115234375 -0.0247116088867187
-0.278045654296875 0.355316162109375 0.280731201171875 0.253646850585938
-0.154266357421875 0.37109375 0.427978515625 0.00485229492187502
0.00576782226562502 0.429901123046875 0.201095581054687 -0.0950469970703125
0.229217529296875 0.304229736328125 0.129554748535156 -0.0395660400390625
0.325439453125 0.150970458984375 0.173080444335938 0.0466461181640625
0.305419921875 0.139404296875 0.194976806640625 0.089111328125
0.310455322265625 0.068756103515625 0.2530517578125 0.1026611328125
0.239669799804688 0.142654418945313 0.184249877929688 0.13494873046875
0.170196533203125 0.226516723632813 0.0627517700195313 0.115737915039063
0.055450439453125 0.260284423828125 0.0032958984375 0.0719680786132813
-0.137496948242188 0.269515991210938 -0.0897293090820313 -0.00607299804687499
-0.167922973632813 0.214981079101563 -0.0380401611328125 -0.246566772460938
-0.253341674804688 0.246688842773438 0.14361572265625 -0.209381103515625
-0.5638427734375 0.28643798828125 0.389923095703125 -0.1307373046875
-0.514190673828125 0.32061767578125 0.0490341186523437 0.0849990844726563
-0.3505859375 0.54107666015625 0.293975830078125 0.27764892578125
-0.11749267578125 0.494171142578125 0.43072509765625 -0.049774169921875
0.03955078125 0.498809814453125 0.1578369140625 -0.186248779296875
0.2581787109375 0.3616943359375 0.021392822265625 -0.138565063476563
0.36572265625 0.1995849609375 0.021383285522461 -0.00174522399902343
0.363739013671875 0.185272216796875 0.0592727661132813 0.0647048950195313
0.380950927734375 0.1038818359375 0.136604309082031 0.0802078247070313
0.297637939453125 0.17547607421875 0.100830078125 0.103218078613281
0.24359130859375 0.272232055664063 0.0218124389648438 0.107353210449219
0.15673828125 0.33837890625 -0.0220794677734375 0.0691413879394531
-0.1119384765625 0.44482421875 -0.119400024414062 0.00686645507812501
-0.246185302734375 0.394134521484375 -0.0588836669921875 -0.187576293945312
-0.42620849609375 0.35089111328125 0.0425949096679687 -0.123306274414062
-0.6629638671875 0.26580810546875 0.204849243164063 -0.00628662109374998
-0.5892333984375 0.36370849609375 -0.010711669921875 0.199676513671875
-0.3348388671875 0.6102294921875 0.291778564453125 0.261474609375
-0.0455322265624999 0.50341796875 0.38201904296875 -0.1148681640625
0.076324462890625 0.456573486328125 0.09185791015625 -0.2666015625
0.243927001953125 0.34027099609375 -0.09771728515625 -0.22601318359375
0.3460693359375 0.207672119140625 -0.137474060058594 -0.0533294677734375
0.366424560546875 0.203948974609375 -0.0868377685546875 0.0312118530273438
0.3980712890625 0.132232666015625 -0.00403213500976561 0.0548210144042969
0.3160400390625 0.198455810546875 -0.0125808715820312 0.0713729858398438
0.2840576171875 0.299102783203125 -0.0453262329101562 0.09808349609375
0.22723388671875 0.38934326171875 -0.0700798034667968 0.0679054260253907
-0.0843505859375 0.578125 -0.153900146484375 0.0147857666015626
-0.3067626953125 0.527130126953125 -0.0751571655273438 -0.102645874023437
-0.550689697265625 0.407073974609375 -0.0909271240234375 -0.00274658203124997
-0.6478271484375 0.2183837890625 0.0226058959960937 0.100341796875
-0.542144775390625 0.356475830078125 -0.0525817871093751 0.286468505859375
-0.229248046875 0.55242919921875 0.26495361328125 0.208419799804688
0.040802001953125 0.391693115234375 0.290802001953125 -0.160491943359375
0.08966064453125 0.3193359375 0.017791748046875 -0.30328369140625
0.185470581054688 0.257522583007813 -0.2003173828125 -0.274185180664063
0.272293090820313 0.178070068359375 -0.274871826171875 -0.0913543701171875
0.30999755859375 0.188140869140625 -0.220062255859375 -0.00532531738281252
0.346710205078125 0.14776611328125 -0.147857666015625 0.02593994140625
0.273208618164063 0.20001220703125 -0.135734558105469 0.032745361328125
0.260101318359375 0.285858154296875 -0.128013610839844 0.0805740356445313
0.24310302734375 0.388702392578125 -0.137557983398437 0.0601654052734375
-0.076416015625 0.622314453125 -0.191558837890625 0.0101013183593751
-0.3482666015625 0.5689697265625 -0.0909652709960938 -0.00768280029296871
-0.6044921875 0.3836669921875 -0.244583129882813 0.1312255859375
-0.535980224609375 0.15911865234375 -0.122634887695313 0.180007934570313
-0.4039306640625 0.312896728515625 -0.07025146484375 0.32830810546875
-0.083160400390625 0.41339111328125 0.21856689453125 0.136764526367188
0.10418701171875 0.216842651367188 0.182830810546875 -0.170257568359375
0.0730438232421875 0.145401000976563 -0.04156494140625 -0.288116455078125
0.0970458984375 0.147979736328125 -0.265487670898438 -0.277252197265625
0.161956787109375 0.12579345703125 -0.36907958984375 -0.110595703125
0.204544067382812 0.1448974609375 -0.321136474609375 -0.0382080078125001
0.236465454101563 0.136337280273438 -0.270599365234375 -0.00775146484375001
0.17413330078125 0.16033935546875 -0.238800048828125 -0.0128936767578125
0.18212890625 0.212295532226563 -0.2012939453125 0.0496826171875
0.2059326171875 0.316070556640625 -0.211441040039063 0.0382843017578125
-0.0767822265625 0.558807373046875 -0.229995727539063 -0.0182647705078124
-0.36236572265625 0.49652099609375 -0.113510131835938 0.06988525390625
-0.567626953125 0.280517578125 -0.399627685546875 0.247467041015625
-0.35626220703125 0.089385986328125 -0.210494995117188 0.23272705078125
-0.226760864257812 0.2391357421875 -0.06427001953125 0.331787109375
0.047210693359375 0.241119384765625 0.165252685546875 0.07208251953125
0.124893188476563 0.047088623046875 0.0909576416015625 -0.14996337890625
0.0304317474365234 -0.00719642639160156 -0.0716400146484375 -0.243911743164062
0.000492095947265621 0.0475387573242188 -0.2861328125 -0.250518798828125
0.033447265625 0.0665931701660156 -0.411773681640625 -0.115081787109375
0.0675506591796875 0.0769729614257813 -0.37615966796875 -0.062896728515625
0.0840301513671875 0.0909194946289063 -0.343719482421875 -0.042266845703125
0.0495223999023437 0.0702629089355469 -0.2955322265625 -0.0555419921875
0.0914688110351563 0.0785675048828125 -0.244903564453125 0.018280029296875
0.155975341796875 0.175277709960938 -0.279632568359375 0.00567626953125
-0.051727294921875 0.401947021484375 -0.262680053710938 -0.0731353759765624
-0.312103271484375 0.326812744140625 -0.137100219726563 0.104515075683594
-0.43048095703125 0.11669921875 -0.532623291015625 0.3126220703125
0.168472290039063 0.027252197265625 0.57403564453125 -0.387451171875
0.111419677734375 -0.153228759765625 0.150604248046875 -0.1297607421875
-0.06915283203125 -0.152999877929688 0.238113403320313 0.123764038085937
-0.154937744140625 -0.0067596435546875 0.33642578125 0.0181884765625
-0.0494613647460938 0.107276916503906 0.223617553710938 0.00854492187500001
0.0661888122558594 0.0476799011230469 0.255767822265625 0.0775299072265625
0.0929641723632813 -0.0155487060546875 0.353668212890625 0.080841064453125
0.070343017578125 -0.00266265869140625 0.361053466796875 0.09521484375
0.0814895629882813 -0.0217361450195313 0.38134765625 0.135406494140625
0.09600830078125 0.0488815307617188 0.269744873046875 0.20556640625
0.02484130859375 0.108734130859375 0.0864410400390625 0.169113159179688
-0.095428466796875 0.076934814453125 -0.0194244384765625 0.105941772460938
-0.0827407836914063 -0.0729141235351562 -0.0907974243164063 -0.0418014526367187
0.0747833251953125 -0.105621337890625 -0.00238037109375001 -0.302734375
0.170425415039063 0.0206756591796875 0.223403930664062 -0.260162353515625
-0.099639892578125 0.168991088867187 0.59027099609375 -0.346923828125
-0.097564697265625 0.04718017578125 0.137039184570313 -0.09857177734375
-0.163787841796875 0.105239868164063 0.262924194335937 0.1978759765625
-0.15643310546875 0.187408447265625 0.387664794921875 0.0247802734375
-0.018310546875 0.284942626953125 0.218002319335937 -0.0236358642578125
0.160934448242188 0.186019897460938 0.206924438476563 0.04156494140625
0.226730346679687 0.06927490234375 0.290191650390625 0.07781982421875
0.20050048828125 0.0722198486328125 0.30059814453125 0.09979248046875
0.202163696289063 0.026702880859375 0.334930419921875 0.121063232421875
0.167984008789063 0.1015625 0.238571166992187 0.168289184570312
0.090850830078125 0.173553466796875 0.0789718627929688 0.13555908203125
-0.03662109375 0.174118041992188 0.00289154052734374 0.081573486328125
-0.133903503417969 0.090606689453125 -0.0774612426757813 -0.0191192626953125
-0.0623512268066406 0.035064697265625 -0.0212860107421875 -0.278396606445313
-0.04779052734375 0.124786376953125 0.204681396484375 -0.250686645507813
-0.360809326171875 0.25653076171875 0.523468017578125 -0.25299072265625
-0.32989501953125 0.212738037109375 0.099090576171875 -0.0232009887695312
-0.27642822265625 0.353668212890625 0.2825927734375 0.2518310546875
-0.15301513671875 0.371124267578125 0.42498779296875 0.00320434570312502
0.00903320312499997 0.428375244140625 0.197738647460938 -0.093475341796875
0.225616455078125 0.30126953125 0.125205993652344 -0.035491943359375
0.32159423828125 0.147735595703125 0.171783447265625 0.0470428466796875
0.303436279296875 0.13690185546875 0.194961547851563 0.088592529296875
0.305450439453125 0.067657470703125 0.2528076171875 0.101165771484375
0.238250732421875 0.141708374023438 0.185028076171875 0.134124755859375
0.168746948242188 0.225677490234375 0.0607986450195313 0.117225646972656
0.0523529052734375 0.2596435546875 0.00237274169921876 0.0713043212890625
-0.136627197265625 0.269256591796875 -0.0900955200195313 -0.00331878662109375
-0.167495727539063 0.20867919921875 -0.04345703125 -0.2442626953125
-0.251983642578125 0.2421875 0.143096923828125 -0.208282470703125
-0.56317138671875 0.283447265625 0.38201904296875 -0.13214111328125
-0.515716552734375 0.318878173828125 0.0424652099609375 0.0863037109375
-0.34735107421875 0.537445068359375 0.2969970703125 0.277130126953125
-0.1177978515625 0.491943359375 0.428375244140625 -0.050933837890625
0.04266357421875 0.49578857421875 0.155914306640625 -0.184661865234375
0.2540283203125 0.357696533203125 0.0166015625 -0.134078979492187
0.359893798828125 0.197509765625 0.0212745666503906 -0.000343322753906238
0.361907958984375 0.18267822265625 0.06011962890625 0.0647506713867188
0.376373291015625 0.102630615234375 0.136955261230469 0.0795669555664063
0.29498291015625 0.175018310546875 0.10137939453125 0.103034973144531
0.242324829101563 0.2705078125 0.0219497680664063 0.108558654785156
0.1533203125 0.33544921875 -0.0224647521972656 0.0696372985839844
-0.10968017578125 0.443450927734375 -0.118453979492188 0.0107498168945313
-0.244842529296875 0.387054443359375 -0.0626220703125 -0.186904907226562
-0.42474365234375 0.34844970703125 0.043304443359375 -0.122833251953125
-0.66046142578125 0.26287841796875 0.1983642578125 -0.00842285156249998
-0.590087890625 0.36199951171875 -0.016937255859375 0.2001953125
-0.327880859375 0.6043701171875 0.294891357421875 0.25927734375
-0.0448608398437499 0.49713134765625 0.37994384765625 -0.115478515625
0.076751708984375 0.452178955078125 0.0902252197265625 -0.264511108398438
0.24029541015625 0.338836669921875 -0.100860595703125 -0.220703125
0.34136962890625 0.20660400390625 -0.136466979980469 -0.050262451171875
0.36566162109375 0.20111083984375 -0.0843048095703125 0.0320510864257813
0.392608642578125 0.1307373046875 -0.00197982788085935 0.0554656982421875
0.31298828125 0.199798583984375 -0.01177978515625 0.0714492797851563
0.281646728515625 0.297027587890625 -0.0440139770507812 0.09912109375
0.2244873046875 0.385162353515625 -0.0698318481445312 0.0680007934570313
-0.08135986328125 0.57611083984375 -0.152725219726562 0.019805908203125
-0.30364990234375 0.521209716796875 -0.077484130859375 -0.102790832519531
-0.54876708984375 0.405548095703125 -0.087921142578125 -0.00305938720703121
-0.6458740234375 0.2169189453125 0.0177764892578125 0.0972976684570313
-0.541229248046875 0.3563232421875 -0.058563232421875 0.28668212890625
-0.22296142578125 0.54718017578125 0.266693115234375 0.206817626953125
0.039398193359375 0.384796142578125 0.2896728515625 -0.1602783203125
0.089019775390625 0.314971923828125 0.017364501953125 -0.30023193359375
0.180770874023438 0.256195068359375 -0.202163696289063 -0.268402099609375
0.26812744140625 0.179046630859375 -0.272415161132813 -0.0883636474609374
0.3082275390625 0.1871337890625 -0.216690063476562 -0.00335693359375001
0.345458984375 0.146942138671875 -0.145401000976562 0.027435302734375
0.26934814453125 0.202041625976563 -0.134956359863281 0.03369140625
0.257110595703125 0.283843994140625 -0.125175476074219 0.0811309814453125
0.239044189453125 0.382904052734375 -0.136528015136719 0.0606765747070313
-0.070556640625 0.61956787109375 -0.190078735351563 0.0146026611328125
-0.3447265625 0.56585693359375 -0.0921401977539063 -0.0102767944335937
-0.6019287109375 0.38348388671875 -0.239532470703125 0.130462646484375
-0.53485107421875 0.16046142578125 -0.12542724609375 0.176986694335938
-0.4029541015625 0.313201904296875 -0.073883056640625 0.329010009765625
-0.079315185546875 0.4075927734375 0.218994140625 0.136154174804688
0.102401733398438 0.210342407226563 0.1822509765625 -0.170028686523438
0.07098388671875 0.142471313476563 -0.039459228515625 -0.285552978515625
0.093841552734375 0.14862060546875 -0.265411376953125 -0.272857666015625
0.157882690429688 0.127456665039063 -0.36541748046875 -0.106781005859375
0.203598022460938 0.1446533203125 -0.317718505859375 -0.036163330078125
0.235107421875 0.137405395507813 -0.26702880859375 -0.00642395019531246
0.171310424804687 0.163009643554688 -0.23822021484375 -0.0121002197265625
0.17901611328125 0.2122802734375 -0.197158813476563 0.0497589111328125
0.203399658203125 0.3095703125 -0.209625244140625 0.0394744873046875
-0.070587158203125 0.556732177734375 -0.228286743164063 -0.0142364501953124
-0.358062744140625 0.495574951171875 -0.111991882324219 0.0655899047851563
-0.5675048828125 0.2821044921875 -0.394134521484375 0.245574951171875
-0.3546142578125 0.0912475585937499 -0.21240234375 0.230270385742188
-0.224899291992188 0.2386474609375 -0.066070556640625 0.332977294921875
0.0493316650390625 0.235321044921875 0.163543701171875 0.0711669921875
0.122444152832031 0.0413742065429688 0.090576171875 -0.148818969726563
0.0283298492431641 -0.00810623168945313 -0.0689544677734375 -0.242111206054688
-0.00127029418945312 0.04962158203125 -0.284576416015625 -0.246673583984375
0.0309867858886719 0.0683860778808594 -0.408172607421875 -0.111358642578125
0.0668716430664063 0.0780792236328125 -0.3714599609375 -0.0623779296874999
0.0844268798828125 0.0923080444335938 -0.340667724609375 -0.0394287109375
0.0470733642578125 0.0727386474609375 -0.294097900390625 -0.05438232421875
0.088104248046875 0.0786666870117187 -0.241134643554688 0.017730712890625
0.15435791015625 0.1697998046875 -0.277084350585938 0.00746154785156255
-0.045562744140625 0.40069580078125 -0.260955810546875 -0.0694122314453125
-0.307891845703125 0.327423095703125 -0.134559631347656 0.100074768066406
-0.431671142578125 0.118988037109375 -0.525665283203125 0.310150146484375
0.172012329101563 0.0246124267578125 0.57958984375 -0.400634765625
0.108245849609375 -0.157821655273438 0.1527099609375 -0.13201904296875
-0.073577880859375 -0.154190063476562 0.244064331054688 0.125091552734375
-0.157424926757812 0.000869750976562529 0.341339111328125 0.014190673828125
-0.0459823608398437 0.110588073730469 0.225128173828125 0.00846862792968751
0.0670318603515625 0.04443359375 0.26092529296875 0.079254150390625
0.0934677124023438 -0.0203628540039063 0.36102294921875 0.077545166015625
0.0710601806640625 -0.00435638427734375 0.366485595703125 0.092681884765625
0.0807571411132813 -0.0249099731445313 0.38873291015625 0.13043212890625
0.101066589355469 0.0451126098632813 0.278091430664063 0.204849243164063
0.0304412841796875 0.110946655273437 0.0866241455078125 0.173019409179687
-0.0953292846679688 0.0835647583007812 -0.0198287963867188 0.107711791992187
-0.0876541137695312 -0.0725021362304688 -0.0948257446289063 -0.0420761108398438
0.0724716186523438 -0.111961364746094 -0.011474609375 -0.30755615234375
0.174957275390625 0.015838623046875 0.223495483398438 -0.265960693359375
-0.100601196289063 0.171966552734375 0.59649658203125 -0.35980224609375
-0.102798461914063 0.0487518310546875 0.136398315429688 -0.0993194580078125
-0.16741943359375 0.108993530273438 0.272171020507813 0.199066162109375
-0.156631469726563 0.1971435546875 0.396270751953125 0.020538330078125
-0.0123291015625 0.290771484375 0.219375610351563 -0.0246124267578125
0.16485595703125 0.185546875 0.21087646484375 0.044708251953125
0.229751586914063 0.06591796875 0.2958984375 0.07562255859375
0.204818725585938 0.0699462890625 0.306365966796875 0.098052978515625
0.203384399414062 0.023712158203125 0.34320068359375 0.117340087890625
0.17376708984375 0.0997467041015625 0.24530029296875 0.167648315429688
0.09613037109375 0.176406860351563 0.0791854858398437 0.139801025390625
-0.0362701416015625 0.179733276367188 0.00299072265625 0.0829696655273438
-0.136558532714844 0.0946121215820312 -0.080078125 -0.0170516967773438
-0.06549072265625 0.0315666198730469 -0.029937744140625 -0.28289794921875
-0.046905517578125 0.124786376953125 0.204574584960937 -0.256912231445313
-0.366485595703125 0.2623291015625 0.528289794921875 -0.26531982421875
-0.338531494140625 0.219635009765625 0.0962600708007812 -0.02252197265625
-0.27679443359375 0.36248779296875 0.294677734375 0.25274658203125
-0.15216064453125 0.380828857421875 0.4324951171875 -0.00247192382812498
0.0159912109375 0.43572998046875 0.198623657226563 -0.095947265625
0.231536865234375 0.30230712890625 0.124618530273438 -0.03314208984375
0.326141357421875 0.147003173828125 0.175552368164063 0.047119140625
0.31097412109375 0.13555908203125 0.199661254882813 0.0890045166015625
0.3094482421875 0.065216064453125 0.259689331054688 0.0992431640625
0.243820190429688 0.1412353515625 0.190643310546875 0.134140014648437
0.17449951171875 0.228836059570313 0.0621414184570313 0.120567321777344
0.0537109375 0.26416015625 0.00225830078125 0.0722427368164063
-0.137100219726562 0.27587890625 -0.091278076171875 0.00122070312500003
-0.170379638671875 0.208892822265625 -0.051727294921875 -0.247329711914063
-0.25408935546875 0.247726440429687 0.143264770507812 -0.211929321289062
-0.5726318359375 0.29278564453125 0.38458251953125 -0.1400146484375
-0.52557373046875 0.3299560546875 0.0384597778320312 0.0896072387695313
-0.345794677734375 0.548980712890625 0.3096923828125 0.276947021484375
-0.115325927734375 0.500762939453125 0.43572998046875 -0.05865478515625
0.0491943359374999 0.5035400390625 0.155776977539063 -0.188583374023437
0.259246826171875 0.361663818359375 0.0126113891601563 -0.132232666015625
0.3658447265625 0.198638916015625 0.0210609436035156 0.00166320800781251
0.371826171875 0.182769775390625 0.0632362365722657 0.0667533874511719
0.382568359375 0.0999755859375 0.142898559570313 0.07952880859375
0.30059814453125 0.175933837890625 0.1048583984375 0.104049682617188
0.248153686523438 0.274139404296875 0.023193359375 0.111366271972656
0.154541015625 0.338470458984375 -0.02197265625 0.0708084106445313
-0.1060791015625 0.45159912109375 -0.118743896484375 0.0161895751953125
-0.246978759765625 0.39208984375 -0.0700836181640625 -0.1895751953125
-0.429962158203125 0.35821533203125 0.0445327758789062 -0.125785827636719
-0.67401123046875 0.27410888671875 0.1982421875 -0.0122222900390625
-0.59942626953125 0.3775634765625 -0.0210418701171876 0.206619262695313
-0.32513427734375 0.61602783203125 0.305328369140625 0.260162353515625
-0.0426025390625 0.5045166015625 0.386627197265625 -0.12286376953125
0.08404541015625 0.458038330078125 0.089202880859375 -0.270233154296875
0.243743896484375 0.3436279296875 -0.107528686523437 -0.220352172851563
0.34674072265625 0.209136962890625 -0.139785766601562 -0.04736328125
0.375152587890625 0.201385498046875 -0.0840072631835937 0.0351638793945313
0.40032958984375 0.130615234375 0.000766754150390654 0.0571784973144531
0.319580078125 0.201904296875 -0.0106048583984375 0.0732498168945313
0.288665771484375 0.30035400390625 -0.0423355102539062 0.102432250976563
0.228851318359375 0.38726806640625 -0.0701065063476562 0.07000732421875
-0.0736694335937501 0.58612060546875 -0.153411865234375 0.026763916015625
-0.303253173828125 0.531005859375 -0.0826568603515625 -0.105972290039062
-0.556060791015625 0.41949462890625 -0.0865020751953125 -0.00308990478515622
-0.6578369140625 0.2279052734375 0.0147933959960937 0.0969619750976563
-0.55029296875 0.36956787109375 -0.06134033203125 0.29583740234375
-0.220916748046875 0.55596923828125 0.276718139648438 0.2073974609375
0.042388916015625 0.3861083984375 0.293792724609375 -0.16693115234375
0.093017578125 0.3172607421875 0.015655517578125 -0.306304931640625
0.183563232421875 0.260955810546875 -0.21014404296875 -0.268203735351563
0.2711181640625 0.183090209960938 -0.277053833007813 -0.084228515625
0.317169189453125 0.18804931640625 -0.21844482421875 -0.000228881835937468
0.352996826171875 0.1490478515625 -0.1456298828125 0.0305328369140625
0.275390625 0.206207275390625 -0.137031555175781 0.0361862182617188
0.261810302734375 0.28839111328125 -0.124618530273438 0.0843505859375
0.243621826171875 0.384552001953125 -0.138099670410156 0.063201904296875
-0.0623779296874999 0.63153076171875 -0.191818237304688 0.0213165283203125
-0.345703125 0.57757568359375 -0.0948944091796875 -0.01171875
-0.61279296875 0.40008544921875 -0.238922119140625 0.133544921875
-0.543853759765625 0.169677734375 -0.13006591796875 0.180099487304687
-0.407745361328125 0.325439453125 -0.07525634765625 0.33917236328125
-0.073211669921875 0.411224365234375 0.22589111328125 0.136566162109375
0.104354858398438 0.207321166992188 0.184707641601563 -0.174301147460938
0.071929931640625 0.14190673828125 -0.041412353515625 -0.29052734375
0.094635009765625 0.153060913085938 -0.27142333984375 -0.271636962890625
0.158935546875 0.132156372070313 -0.371246337890625 -0.1031494140625
0.20904541015625 0.14544677734375 -0.320770263671875 -0.0325622558593749
0.241317749023437 0.13885498046875 -0.269622802734375 -0.00183105468750005
0.174560546875 0.168350219726563 -0.24200439453125 -0.00910949707031251
0.181686401367187 0.215347290039062 -0.198196411132813 0.052276611328125
0.20697021484375 0.3106689453125 -0.21240234375 0.0433502197265626
-0.061279296875 0.56768798828125 -0.231155395507812 -0.00837707519531246
-0.3583984375 0.508758544921875 -0.112869262695313 0.0634078979492188
-0.5806884765625 0.293701171875 -0.39495849609375 0.25146484375
-0.3616943359375 0.099456787109375 -0.21746826171875 0.236251831054688
-0.2276611328125 0.247604370117187 -0.06451416015625 0.343414306640625
0.053924560546875 0.235519409179688 0.167129516601563 0.07208251953125
0.122772216796875 0.036346435546875 0.0914459228515625 -0.151809692382813
0.0262432098388672 -0.00999259948730469 -0.070556640625 -0.24554443359375
-0.00241851806640625 0.052642822265625 -0.290924072265625 -0.2467041015625
0.0295257568359375 0.0728683471679688 -0.413665771484375 -0.106536865234375
0.0684432983398438 0.08038330078125 -0.376617431640625 -0.0571289062499999
0.0873336791992188 0.095184326171875 -0.344024658203125 -0.035736083984375
0.0468521118164062 0.077789306640625 -0.300079345703125 -0.051971435546875
0.088043212890625 0.0801925659179688 -0.243942260742188 0.0192413330078125
0.157028198242188 0.16802978515625 -0.2816162109375 0.0121459960937501
-0.03790283203125 0.407623291015625 -0.265457153320313 -0.0653228759765624
-0.308868408203125 0.338958740234375 -0.134002685546875 0.098297119140625
-0.442169189453125 0.127044677734375 -0.5279541015625 0.319732666015625
0.178054809570313 0.0181884765625 0.5784912109375 -0.429443359375
0.102996826171875 -0.165740966796875 0.152053833007813 -0.138717651367188
-0.0825653076171875 -0.15478515625 0.256423950195313 0.121246337890625
-0.15899658203125 0.0115203857421875 0.3489990234375 0.001129150390625
-0.040924072265625 0.11444091796875 0.228729248046875 0.00285339355468751
0.0692138671875 0.0390968322753906 0.270797729492188 0.0755462646484375
0.0940017700195313 -0.0282516479492188 0.3721923828125 0.06561279296875
0.0721588134765625 -0.00882720947265625 0.37896728515625 0.081268310546875
0.0799789428710938 -0.0303192138671875 0.404510498046875 0.11810302734375
0.107254028320313 0.0388870239257813 0.29302978515625 0.197723388671875
0.0390625 0.112174987792969 0.0919036865234375 0.176742553710938
-0.0935821533203125 0.0926513671875 -0.0175628662109375 0.111358642578125
-0.0941619873046875 -0.0701217651367188 -0.100387573242187 -0.0385818481445313
0.0679779052734375 -0.120437622070312 -0.02825927734375 -0.313812255859375
0.180374145507812 0.0069122314453125 0.218246459960937 -0.278732299804688
-0.0971221923828125 0.178390502929688 0.596923828125 -0.38873291015625
-0.107879638671875 0.0542068481445312 0.135231018066406 -0.10491943359375
-0.169479370117188 0.11712646484375 0.288299560546875 0.193817138671875
-0.152908325195313 0.210739135742187 0.405120849609375 0.00515747070312501
-0.000274658203124988 0.298614501953125 0.221771240234375 -0.0319061279296875
0.172958374023438 0.181961059570313 0.217269897460938 0.042083740234375
0.235443115234375 0.0583648681640625 0.305145263671875 0.067535400390625
0.2125244140625 0.0636749267578125 0.317291259765625 0.09027099609375
0.207748413085938 0.0166473388671875 0.356109619140625 0.1064453125
0.181884765625 0.093658447265625 0.257766723632813 0.162521362304688
0.107070922851562 0.17681884765625 0.0836334228515625 0.141937255859375
-0.0309295654296875 0.188186645507813 0.0049285888671875 0.0846481323242188
-0.13623046875 0.10260009765625 -0.0818862915039063 -0.013427734375
-0.068756103515625 0.0302886962890625 -0.046295166015625 -0.286590576171875
-0.0426559448242187 0.126731872558594 0.199615478515625 -0.268646240234375
-0.368194580078125 0.28082275390625 0.5283203125 -0.288665771484375
-0.34283447265625 0.23797607421875 0.0947036743164062 -0.023590087890625
-0.27239990234375 0.379486083984375 0.313720703125 0.248046875
-0.14141845703125 0.3963623046875 0.443756103515625 -0.020111083984375
0.03436279296875 0.445831298828125 0.1988525390625 -0.104476928710937
0.2435302734375 0.301544189453125 0.125885009765625 -0.0344619750976562
0.33673095703125 0.139984130859375 0.180755615234375 0.0442352294921875
0.323638916015625 0.1273193359375 0.208267211914063 0.085052490234375
0.31756591796875 0.055389404296875 0.27117919921875 0.091552734375
0.254501342773438 0.135711669921875 0.200439453125 0.13031005859375
0.186721801757812 0.22796630859375 0.0668487548828125 0.1226806640625
0.0619049072265625 0.27032470703125 0.00459289550781251 0.0729904174804688
-0.13055419921875 0.28717041015625 -0.09112548828125 0.00706481933593752
-0.170135498046875 0.214935302734375 -0.0668487548828125 -0.249725341796875
-0.250640869140625 0.260848999023438 0.139511108398437 -0.22174072265625
-0.5792236328125 0.3184814453125 0.384521484375 -0.1578369140625
-0.53143310546875 0.35845947265625 0.0376815795898437 0.0934600830078125
-0.3341064453125 0.5711669921875 0.330108642578125 0.2724609375
-0.101348876953125 0.51568603515625 0.44635009765625 -0.076751708984375
0.070037841796875 0.513214111328125 0.15252685546875 -0.199111938476562
0.274658203125 0.362884521484375 0.00713348388671876 -0.132293701171875
0.379608154296875 0.192962646484375 0.0215225219726563 0.00309181213378907
0.388519287109375 0.17230224609375 0.0684242248535157 0.0672988891601563
0.393707275390625 0.089324951171875 0.150665283203125 0.075775146484375
0.3138427734375 0.171295166015625 0.111785888671875 0.102935791015625
0.26336669921875 0.270919799804688 0.0277252197265625 0.114250183105469
0.1666259765625 0.341522216796875 -0.0200119018554687 0.0719985961914063
-0.09173583984375 0.4664306640625 -0.1182861328125 0.0240707397460938
-0.240692138671875 0.404449462890625 -0.08209228515625 -0.190902709960937
-0.42803955078125 0.3824462890625 0.0427932739257812 -0.130279541015625
-0.68231201171875 0.3031005859375 0.198272705078125 -0.0207977294921875
-0.606201171875 0.41046142578125 -0.0191650390625001 0.215621948242188
-0.31103515625 0.6400146484375 0.325286865234375 0.256011962890625
-0.027923583984375 0.51275634765625 0.39404296875 -0.140472412109375
0.10052490234375 0.4637451171875 0.0831146240234375 -0.279876708984375
0.258209228515625 0.3441162109375 -0.119232177734375 -0.218734741210938
0.3599853515625 0.2060546875 -0.1439208984375 -0.040802001953125
0.391082763671875 0.192626953125 -0.08251953125 0.0404739379882813
0.41473388671875 0.12164306640625 0.00532531738281253 0.058380126953125
0.333648681640625 0.1981201171875 -0.00728607177734373 0.0758209228515625
0.302276611328125 0.298248291015625 -0.0384597778320312 0.106613159179688
0.24365234375 0.3880615234375 -0.0684890747070312 0.0736083984375
-0.05291748046875 0.60211181640625 -0.152099609375 0.0365753173828125
-0.293792724609375 0.55108642578125 -0.0908584594726563 -0.105781555175781
-0.5548095703125 0.45086669921875 -0.0862503051757813 -0.000709533691406241
-0.6683349609375 0.25592041015625 0.0142364501953125 0.0975570678710938
-0.55316162109375 0.40155029296875 -0.056640625 0.30926513671875
-0.2027587890625 0.57379150390625 0.2926025390625 0.2030029296875
0.05438232421875 0.38885498046875 0.29656982421875 -0.1810302734375
0.104705810546875 0.31866455078125 0.00735473632812498 -0.313934326171875
0.193466186523437 0.263015747070313 -0.224838256835938 -0.26470947265625
0.28070068359375 0.1822509765625 -0.285736083984375 -0.074005126953125
0.331634521484375 0.181671142578125 -0.221115112304688 0.00910949707031255
0.36724853515625 0.139434814453125 -0.145172119140625 0.03619384765625
0.28814697265625 0.204742431640625 -0.138092041015625 0.0428237915039063
0.27593994140625 0.28741455078125 -0.12255859375 0.0895919799804688
0.260528564453125 0.382720947265625 -0.137748718261719 0.0694503784179688
-0.0375366210937499 0.6484375 -0.192596435546875 0.0325012207031251
-0.3333740234375 0.6021728515625 -0.0986099243164063 -0.0121383666992187
-0.61517333984375 0.43389892578125 -0.23602294921875 0.142684936523437
-0.553314208984375 0.19561767578125 -0.130996704101563 0.187255859375
-0.408599853515625 0.35040283203125 -0.066741943359375 0.35357666015625
-0.058990478515625 0.42010498046875 0.237060546875 0.132308959960938
0.1109619140625 0.20343017578125 0.1837158203125 -0.1844482421875
0.0763320922851563 0.140304565429688 -0.05023193359375 -0.29595947265625
0.0992889404296875 0.156387329101563 -0.288543701171875 -0.266845703125
0.164779663085938 0.13433837890625 -0.38140869140625 -0.0894775390625
0.218536376953125 0.143524169921875 -0.32720947265625 -0.02117919921875
0.253158569335937 0.134994506835938 -0.273284912109375 0.00778198242187502
0.183944702148438 0.170547485351563 -0.24847412109375 0.000244140624999998
0.190872192382813 0.215286254882813 -0.198410034179688 0.0592803955078125
0.219268798828125 0.308837890625 -0.21502685546875 0.0520172119140625
-0.0384521484375 0.5828857421875 -0.234573364257813 0.00276184082031249
-0.34820556640625 0.5333251953125 -0.113845825195313 0.0649566650390625
-0.58636474609375 0.32489013671875 -0.391204833984375 0.268890380859375
-0.3677978515625 0.116851806640625 -0.216827392578125 0.248672485351562
-0.223907470703125 0.264495849609375 -0.0545654296875 0.35748291015625
0.0647125244140625 0.236618041992188 0.17376708984375 0.0683746337890625
0.123359680175781 0.028564453125 0.0886383056640625 -0.157501220703125
0.0239524841308594 -0.0125389099121094 -0.078399658203125 -0.248855590820312
-0.00203704833984375 0.0575218200683594 -0.305755615234375 -0.240753173828125
0.0305023193359375 0.0786895751953125 -0.42523193359375 -0.09368896484375
0.0717086791992188 0.0814285278320313 -0.38360595703125 -0.0447998046875
0.0932464599609375 0.0956954956054687 -0.35125732421875 -0.023223876953125
0.0494003295898438 0.0814971923828125 -0.30938720703125 -0.042449951171875
0.0899276733398438 0.079620361328125 -0.246414184570312 0.026885986328125
0.163818359375 0.163864135742188 -0.286468505859375 0.0241394042968751
-0.019378662109375 0.417022705078125 -0.272613525390625 -0.0556030273437499
-0.302337646484375 0.36083984375 -0.132980346679688 0.100273132324219
-0.45263671875 0.148162841796875 -0.525482177734375 0.341949462890625
0.182754516601563 0.0067901611328125 0.560089111328125 -0.46533203125
0.09100341796875 -0.173660278320313 0.145965576171875 -0.147247314453125
-0.094757080078125 -0.150985717773438 0.266494750976563 0.109634399414062
-0.15704345703125 0.024627685546875 0.3511962890625 -0.019927978515625
-0.0316619873046875 0.117622375488281 0.229629516601562 -0.00885009765624999
0.0708694458007813 0.0324478149414063 0.279342651367188 0.06396484375
0.0900726318359375 -0.0371551513671875 0.378326416015625 0.0438232421875
0.0723724365234375 -0.0143508911132813 0.38507080078125 0.0606689453125
0.0782318115234375 -0.0362319946289062 0.4132080078125 0.0941162109375
0.112190246582031 0.0283126831054687 0.306396484375 0.1802978515625
0.0499038696289063 0.110137939453125 0.100204467773437 0.17486572265625
-0.087554931640625 0.102554321289062 -0.011932373046875 0.113166809082031
-0.0997390747070313 -0.0636749267578125 -0.103775024414063 -0.0329513549804688
0.0582199096679688 -0.127555847167969 -0.051177978515625 -0.312774658203125
0.184036254882813 -0.0064849853515625 0.203125 -0.290802001953125
-0.08770751953125 0.184524536132812 0.578369140625 -0.42718505859375
-0.109138488769531 0.0607070922851563 0.128028869628906 -0.111564636230469
-0.16680908203125 0.127395629882813 0.303619384765625 0.179779052734375
-0.1416015625 0.222763061523437 0.409820556640625 -0.0198974609375
0.01947021484375 0.300323486328125 0.220443725585937 -0.0428009033203125
0.18267822265625 0.172500610351563 0.222030639648438 0.034088134765625
0.239578247070312 0.044342041015625 0.311737060546875 0.0517578125
0.217926025390625 0.0509796142578125 0.324005126953125 0.073516845703125
0.209991455078125 0.0048828125 0.366729736328125 0.08477783203125
0.189071655273438 0.081207275390625 0.268585205078125 0.147171020507813
0.120071411132813 0.1717529296875 0.0905685424804688 0.140327453613281
-0.0208587646484375 0.194427490234375 0.00923919677734375 0.0841293334960938
-0.132072448730469 0.111747741699219 -0.0822830200195313 -0.00763702392578123
-0.0714187622070313 0.0303268432617188 -0.067291259765625 -0.283538818359375
-0.0347976684570313 0.127548217773438 0.186203002929687 -0.27947998046875
-0.35858154296875 0.303497314453125 0.515380859375 -0.3209228515625
-0.336883544921875 0.2606201171875 0.0901565551757812 -0.0273513793945312
-0.254150390625 0.3966064453125 0.333892822265625 0.232696533203125
-0.1220703125 0.408172607421875 0.447784423828125 -0.04815673828125
0.06024169921875 0.447021484375 0.194259643554688 -0.115951538085937
0.260650634765625 0.291534423828125 0.12451171875 -0.0380859375
0.346649169921875 0.12237548828125 0.184463500976563 0.0361785888671875
0.333740234375 0.1090087890625 0.215896606445313 0.07464599609375
0.32257080078125 0.037872314453125 0.2796630859375 0.0750885009765625
0.264663696289063 0.121688842773438 0.20941162109375 0.119949340820313
0.202301025390625 0.219375610351563 0.0728683471679688 0.121635437011719
0.075592041015625 0.2711181640625 0.00823211669921875 0.0719451904296875
-0.114471435546875 0.29595947265625 -0.0885238647460938 0.0136871337890625
-0.163665771484375 0.221435546875 -0.08544921875 -0.24517822265625
-0.2376708984375 0.275146484375 0.12957763671875 -0.230682373046875
-0.56829833984375 0.35260009765625 0.376861572265625 -0.181488037109375
-0.519561767578125 0.39300537109375 0.0384674072265625 0.0947799682617188
-0.30670166015625 0.59527587890625 0.35125732421875 0.25537109375
-0.07598876953125 0.523223876953125 0.445343017578125 -0.104461669921875
0.099853515625 0.51171875 0.142333984375 -0.209182739257812
0.294647216796875 0.353240966796875 -9.15527343749846E-05 -0.130775451660156
0.392913818359375 0.17633056640625 0.0217170715332031 0.00427818298339845
0.4017333984375 0.15142822265625 0.0742645263671875 0.0653228759765625
0.401580810546875 0.0684814453125 0.158660888671875 0.0662078857421875
0.32537841796875 0.15594482421875 0.118911743164063 0.0969085693359375
0.279403686523438 0.259521484375 0.0351104736328125 0.113739013671875
0.183868408203125 0.335601806640625 -0.0165252685546875 0.0721511840820313
-0.06365966796875 0.473846435546875 -0.113555908203125 0.03326416015625
-0.224151611328125 0.4173583984375 -0.096282958984375 -0.186676025390625
-0.410736083984375 0.409271240234375 0.0382766723632812 -0.1337890625
-0.67431640625 0.34344482421875 0.194747924804688 -0.0332794189453125
-0.59063720703125 0.45001220703125 -0.0120697021484375 0.22216796875
-0.2783203125 0.660888671875 0.346588134765625 0.238983154296875
-0.00155639648437499 0.516754150390625 0.390777587890625 -0.166015625
0.127960205078125 0.4615478515625 0.068450927734375 -0.28826904296875
0.2763671875 0.33624267578125 -0.1324462890625 -0.2117919921875
0.3720703125 0.194091796875 -0.147018432617187 -0.0301971435546875
0.40625 0.173004150390625 -0.0788421630859375 0.0461502075195313
0.424713134765625 0.098541259765625 0.0112533569335938 0.0569648742675781
0.3463134765625 0.1837158203125 -0.00242614746093748 0.077178955078125
0.321014404296875 0.28497314453125 -0.0321884155273437 0.108573913574219
0.263641357421875 0.377655029296875 -0.0647506713867187 0.0763015747070313
-0.01654052734375 0.609130859375 -0.147171020507813 0.0476837158203125
-0.26788330078125 0.5684814453125 -0.0996627807617188 -0.10235595703125
-0.53692626953125 0.485687255859375 -0.0834426879882813 0.00238037109375002
-0.66357421875 0.29742431640625 0.0157699584960937 0.09600830078125
-0.53619384765625 0.438262939453125 -0.0426025390625 0.319244384765625
-0.1705322265625 0.58770751953125 0.30902099609375 0.188812255859375
0.0736083984375 0.38397216796875 0.290771484375 -0.199676513671875
0.121307373046875 0.313751220703125 -0.00869750976562497 -0.3184814453125
0.207473754882812 0.258529663085938 -0.24078369140625 -0.253326416015625
0.292755126953125 0.17425537109375 -0.291290283203125 -0.0567626953125
0.34429931640625 0.166259765625 -0.219802856445312 0.021453857421875
0.37713623046875 0.121795654296875 -0.141326904296875 0.04400634765625
0.3016357421875 0.19384765625 -0.136421203613281 0.051116943359375
0.293182373046875 0.27716064453125 -0.1173095703125 0.095977783203125
0.279571533203125 0.371124267578125 -0.134201049804688 0.076934814453125
0.00213623046874998 0.6544189453125 -0.187820434570313 0.0458526611328126
-0.30487060546875 0.62432861328125 -0.101707458496094 -0.00924682617187495
-0.598876953125 0.47442626953125 -0.226654052734375 0.1556396484375
-0.54913330078125 0.228271484375 -0.124465942382813 0.194625854492188
-0.391845703125 0.38006591796875 -0.0489501953125 0.36431884765625
-0.03314208984375 0.425506591796875 0.247802734375 0.121322631835938
0.119338989257813 0.193923950195313 0.176559448242188 -0.195266723632812
0.0809707641601563 0.134498596191406 -0.06439208984375 -0.29583740234375
0.107498168945313 0.155715942382813 -0.304351806640625 -0.252838134765625
0.172409057617188 0.132949829101563 -0.388275146484375 -0.0679626464843751
0.228851318359375 0.134307861328125 -0.32720947265625 -0.00341796874999995
0.263031005859375 0.122695922851563 -0.271835327148438 0.0226287841796875
0.194503784179688 0.165985107421875 -0.250503540039063 0.0142517089843751
0.202774047851563 0.208404541015625 -0.195465087890625 0.0691070556640625
0.235107421875 0.29644775390625 -0.212142944335937 0.0646972656250001
-0.00128173828124996 0.5882568359375 -0.231674194335938 0.0182952880859375
-0.32196044921875 0.558258056640625 -0.111106872558594 0.0673141479492188
-0.5765380859375 0.3626708984375 -0.375823974609375 0.290374755859375
-0.365570068359375 0.140655517578125 -0.208236694335938 0.261444091796875
-0.210296630859375 0.281982421875 -0.033660888671875 0.367462158203125
0.080841064453125 0.232192993164062 0.179779052734375 0.0602874755859375
0.122024536132812 0.018218994140625 0.0821380615234375 -0.162094116210938
0.0200977325439453 -0.0151863098144531 -0.0904541015625 -0.24749755859375
0.00088119506835937 0.0611038208007813 -0.319976806640625 -0.225616455078125
0.0345535278320313 0.0834503173828125 -0.4320068359375 -0.069061279296875
0.0756683349609375 0.0810546875 -0.38653564453125 -0.025115966796875
0.10015869140625 0.0925140380859375 -0.3525390625 -0.00445556640625
0.0533676147460938 0.0830459594726563 -0.31427001953125 -0.0249328613281251
0.0926742553710938 0.0767288208007813 -0.245376586914063 0.038238525390625
0.171875 0.153961181640625 -0.28607177734375 0.0411376953125
0.00915527343749998 0.420928955078125 -0.275650024414063 -0.0400390624999999
-0.284912109375 0.38238525390625 -0.127288818359375 0.102828979492188
-0.451812744140625 0.17657470703125 -0.507568359375 0.37103271484375
0.18280029296875 -0.0058746337890625 0.52392578125 -0.4908447265625
0.078155517578125 -0.175933837890625 0.135101318359375 -0.15216064453125
-0.103851318359375 -0.142547607421875 0.270889282226562 0.0932464599609375
-0.150482177734375 0.0350799560546875 0.34381103515625 -0.040740966796875
-0.0225067138671875 0.117149353027344 0.223403930664063 -0.0191802978515625
0.0697593688964844 0.0253372192382813 0.28033447265625 0.0487213134765625
0.0847702026367188 -0.045318603515625 0.374603271484375 0.022979736328125
0.070587158203125 -0.0196990966796875 0.381134033203125 0.039276123046875
0.073974609375 -0.041656494140625 0.411041259765625 0.066986083984375
0.113471984863281 0.0172195434570313 0.3111572265625 0.15802001953125
0.058746337890625 0.103897094726563 0.10565185546875 0.169219970703125
-0.078277587890625 0.108322143554688 -0.006195068359375 0.1114501953125
-0.102218627929688 -0.0565185546875 -0.104530334472656 -0.0268325805664063
0.0471878051757813 -0.131034851074219 -0.0723876953125 -0.3017578125
0.18218994140625 -0.0197601318359375 0.18292236328125 -0.2930908203125
-0.0752105712890625 0.185195922851563 0.544891357421875 -0.45098876953125
-0.106605529785156 0.0663070678710937 0.118209838867187 -0.115531921386719
-0.15972900390625 0.134628295898437 0.310089111328125 0.1595458984375
-0.126571655273437 0.228347778320313 0.40087890625 -0.043975830078125
0.037384033203125 0.294464111328125 0.213180541992188 -0.0534515380859375
0.1875 0.1590576171875 0.221588134765625 0.02288818359375
0.236984252929687 0.0286865234375 0.30926513671875 0.03497314453125
0.218841552734375 0.0374908447265625 0.32269287109375 0.0557861328125
0.206527709960938 -0.0085906982421875 0.3642578125 0.0616455078125
0.1912841796875 0.0658721923828125 0.271713256835938 0.129241943359375
0.130203247070313 0.161697387695313 0.0950927734375 0.135429382324219
-0.00909423828124999 0.194656372070313 0.0127487182617187 0.080352783203125
-0.123458862304688 0.116973876953125 -0.079437255859375 -0.00249481201171875
-0.0727767944335938 0.0306396484375 -0.086456298828125 -0.271987915039063
-0.0260391235351562 0.123519897460937 0.168212890625 -0.2825927734375
-0.336883544921875 0.316497802734375 0.48675537109375 -0.345367431640625
-0.319244384765625 0.275634765625 0.0841445922851562 -0.0297317504882812
-0.230621337890625 0.40509033203125 0.341766357421875 0.209014892578125
-0.0994873046875 0.40771484375 0.43914794921875 -0.07550048828125
0.085052490234375 0.436004638671875 0.182861328125 -0.124465942382812
0.271011352539063 0.274261474609375 0.12158203125 -0.0424575805664062
0.348114013671875 0.10150146484375 0.18450927734375 0.0277252197265625
0.33563232421875 0.08856201171875 0.21710205078125 0.0624542236328125
0.31866455078125 0.019134521484375 0.279541015625 0.056182861328125
0.266525268554688 0.103515625 0.21234130859375 0.1051025390625
0.2119140625 0.204513549804688 0.0770721435546875 0.117057800292969
0.087860107421875 0.263885498046875 0.0111351013183594 0.0684585571289063
-0.095794677734375 0.29656982421875 -0.082427978515625 0.0187835693359375
-0.152862548828125 0.223175048828125 -0.100738525390625 -0.233963012695313
-0.217803955078125 0.280563354492188 0.116348266601562 -0.2320556640625
-0.5416259765625 0.3770751953125 0.357818603515625 -0.200164794921875
-0.491424560546875 0.416656494140625 0.039093017578125 0.0943984985351563
-0.2689208984375 0.59991455078125 0.360443115234375 0.230682373046875
-0.0489501953125 0.5181884765625 0.4356689453125 -0.12896728515625
0.124420166015625 0.499053955078125 0.128158569335938 -0.2144775390625
0.30755615234375 0.3330078125 -0.00806427001953124 -0.127166748046875
0.39666748046875 0.156005859375 0.0225391387939453 0.00603675842285157
0.404144287109375 0.127288818359375 0.0785751342773438 0.06048583984375
0.398406982421875 0.045928955078125 0.160919189453125 0.0539703369140625
0.328643798828125 0.136138916015625 0.122520446777344 0.0885543823242188
0.289398193359375 0.241851806640625 0.0400466918945313 0.110267639160156
0.197174072265625 0.32135009765625 -0.0125923156738281 0.069732666015625
-0.03643798828125 0.468017578125 -0.105018615722656 0.0394744873046875
-0.201019287109375 0.420654296875 -0.107513427734375 -0.177108764648438
-0.380340576171875 0.423431396484375 0.0329742431640625 -0.1337890625
-0.64794921875 0.37396240234375 0.18572998046875 -0.044921875
-0.557464599609375 0.476409912109375 -0.00294494628906253 0.222686767578125
-0.2364501953125 0.66412353515625 0.355316162109375 0.21600341796875
0.0224609375000001 0.50396728515625 0.37835693359375 -0.1856689453125
0.146697998046875 0.445068359375 0.05218505859375 -0.288055419921875
0.288970947265625 0.31842041015625 -0.142257690429687 -0.2000732421875
0.3792724609375 0.17474365234375 -0.145767211914062 -0.0185546875
0.410369873046875 0.147979736328125 -0.0725631713867187 0.0498733520507813
0.42327880859375 0.073272705078125 0.0167579650878907 0.053375244140625
0.35113525390625 0.164764404296875 0.00220489501953127 0.0761871337890625
0.331390380859375 0.26556396484375 -0.025390625 0.107711791992188
0.276702880859375 0.3570556640625 -0.059661865234375 0.0769195556640625
0.02056884765625 0.5972900390625 -0.136154174804688 0.0555725097656251
-0.2330322265625 0.5723876953125 -0.105430603027344 -0.0956344604492187
-0.50177001953125 0.508087158203125 -0.078765869140625 0.00495910644531253
-0.63787841796875 0.32940673828125 0.0171127319335937 0.0916900634765625
-0.504425048828125 0.464080810546875 -0.0269775390625 0.31988525390625
-0.1336669921875 0.58551025390625 0.3167724609375 0.169403076171875
0.0892333984375 0.3690185546875 0.276992797851563 -0.212890625
0.13360595703125 0.300048828125 -0.02459716796875 -0.314361572265625
0.216796875 0.24578857421875 -0.25115966796875 -0.235809326171875
0.29925537109375 0.162017822265625 -0.2880859375 -0.037200927734375
0.348114013671875 0.145599365234375 -0.212005615234375 0.0328521728515625
0.379547119140625 0.098724365234375 -0.133750915527344 0.0490188598632812
0.307708740234375 0.17742919921875 -0.13104248046875 0.0583724975585938
0.30224609375 0.25714111328125 -0.109092712402344 0.0989456176757813
0.290771484375 0.3502197265625 -0.127487182617187 0.0812606811523438
0.0420532226562499 0.6400146484375 -0.17657470703125 0.0558319091796876
-0.26702880859375 0.6290283203125 -0.1014404296875 -0.00558471679687495
-0.5638427734375 0.49957275390625 -0.211135864257813 0.162841796875
-0.53033447265625 0.257476806640625 -0.115371704101563 0.197189331054688
-0.364166259765625 0.39752197265625 -0.0282287597656251 0.36383056640625
-0.00784301757812498 0.4168701171875 0.252288818359375 0.106536865234375
0.123733520507813 0.179824829101563 0.164901733398438 -0.201217651367188
0.0833053588867188 0.126792907714844 -0.0777587890625 -0.28900146484375
0.113418579101563 0.150741577148438 -0.312255859375 -0.2320556640625
0.178619384765625 0.127777099609375 -0.384307861328125 -0.0448303222656251
0.232391357421875 0.121627807617188 -0.3192138671875 0.013580322265625
0.266159057617188 0.10736083984375 -0.263275146484375 0.0356292724609375
0.200363159179688 0.155914306640625 -0.244979858398438 0.028167724609375
0.209701538085938 0.19586181640625 -0.18743896484375 0.0760040283203126
0.244552612304687 0.278076171875 -0.203750610351562 0.074310302734375
0.0356445312500001 0.5765380859375 -0.2227783203125 0.03033447265625
-0.2862548828125 0.56719970703125 -0.106544494628906 0.0682678222656251
-0.549713134765625 0.390594482421875 -0.35040283203125 0.302886962890625
-0.352752685546875 0.16046142578125 -0.192733764648438 0.267608642578125
-0.19012451171875 0.29205322265625 -0.0108642578125 0.36553955078125
0.0944976806640625 0.221343994140625 0.180953979492187 0.0514068603515625
0.116973876953125 0.007904052734375 0.07354736328125 -0.162078857421875
0.0154438018798828 -0.0166501998901367 -0.100051879882813 -0.239761352539062
0.00435256958007813 0.062652587890625 -0.326690673828125 -0.20513916015625
0.0396957397460938 0.0862884521484375 -0.427215576171875 -0.0445251464843749
0.0785369873046875 0.0786514282226563 -0.378326416015625 -0.00610351562499993
0.103935241699219 0.0871200561523437 -0.343902587890625 0.01318359375
0.0573883056640625 0.0824356079101563 -0.31024169921875 -0.00738525390624997
0.093963623046875 0.0711593627929688 -0.238128662109375 0.04949951171875
0.175094604492188 0.1407470703125 -0.277084350585938 0.0574798583984375
0.036102294921875 0.410614013671875 -0.270599365234375 -0.024383544921875
-0.258544921875 0.39202880859375 -0.120010375976563 0.102752685546875
-0.438720703125 0.20050048828125 -0.476470947265625 0.3897705078125
0.1795654296875 -0.0150146484375 0.490264892578125 -0.49566650390625
0.0675811767578125 -0.173721313476563 0.125595092773438 -0.15191650390625
-0.108726501464844 -0.1339111328125 0.267669677734375 0.082275390625
-0.1427001953125 0.0412750244140625 0.3309326171875 -0.053314208984375
-0.0155792236328125 0.114295959472656 0.215652465820313 -0.0254364013671875
0.0668067932128906 0.0198974609375 0.276016235351563 0.0382537841796875
0.0777435302734375 -0.0505447387695313 0.36456298828125 0.0091552734375
0.0691566467285156 -0.0239639282226563 0.368621826171875 0.025390625
0.0701103210449219 -0.0449028015136719 0.39849853515625 0.04931640625
0.110954284667969 0.00689697265625 0.305908203125 0.1407470703125
0.0647506713867188 0.097381591796875 0.106719970703125 0.162933349609375
-0.0702743530273437 0.111198425292969 -0.00258636474609375 0.107093811035156
-0.101951599121094 -0.0504837036132813 -0.102363586425781 -0.0226058959960938
0.0374755859375 -0.130470275878906 -0.085296630859375 -0.287567138671875
0.177047729492188 -0.0290679931640625 0.16748046875 -0.286956787109375
-0.0658111572265625 0.180038452148437 0.511749267578125 -0.45953369140625
-0.102783203125 0.068695068359375 0.109039306640625 -0.114501953125
-0.152313232421875 0.137603759765625 0.308624267578125 0.144256591796875
-0.115463256835938 0.227508544921875 0.387969970703125 -0.060302734375
0.0484619140625 0.2847900390625 0.203994750976563 -0.0583343505859375
0.186538696289063 0.147552490234375 0.217453002929688 0.0156707763671875
0.2296142578125 0.01751708984375 0.301971435546875 0.024261474609375
0.214553833007813 0.02685546875 0.3150634765625 0.043121337890625
0.19873046875 -0.016876220703125 0.354888916015625 0.04388427734375
0.187515258789062 0.0542755126953125 0.267593383789063 0.113540649414063
0.134170532226563 0.15081787109375 0.0951385498046875 0.129722595214844
-0.00141906738281249 0.191741943359375 0.0142974853515625 0.0757293701171875
-0.115570068359375 0.117507934570313 -0.07489013671875 -0.000846862792968758
-0.0735244750976563 0.0299530029296875 -0.096343994140625 -0.25665283203125
-0.02001953125 0.11688232421875 0.154769897460937 -0.277435302734375
-0.315216064453125 0.317626953125 0.456939697265625 -0.354400634765625
-0.30206298828125 0.279296875 0.0766754150390625 -0.029541015625
-0.210845947265625 0.401824951171875 0.341796875 0.19085693359375
-0.08489990234375 0.40020751953125 0.42413330078125 -0.09149169921875
0.098358154296875 0.421173095703125 0.172348022460938 -0.126449584960937
0.271255493164062 0.258590698242188 0.116233825683594 -0.0445175170898437
0.34222412109375 0.087066650390625 0.180404663085938 0.0225372314453125
0.330810546875 0.072998046875 0.213729858398438 0.0536651611328125
0.30950927734375 0.006011962890625 0.27362060546875 0.0418853759765625
0.261688232421875 0.0901947021484375 0.2091064453125 0.093994140625
0.214157104492188 0.190750122070313 0.0779037475585938 0.111534118652344
0.093719482421875 0.25518798828125 0.0120162963867188 0.0637931823730469
-0.081634521484375 0.29010009765625 -0.075225830078125 0.0200653076171875
-0.145431518554688 0.219497680664063 -0.1083984375 -0.220046997070313
-0.20050048828125 0.276763916015625 0.107284545898437 -0.228042602539062
-0.51629638671875 0.384521484375 0.336151123046875 -0.207183837890625
-0.463165283203125 0.422393798828125 0.0362091064453125 0.092559814453125
-0.24114990234375 0.5938720703125 0.360107421875 0.21142578125
-0.03240966796875 0.50445556640625 0.419525146484375 -0.14410400390625
0.13873291015625 0.48004150390625 0.116378784179688 -0.212997436523438
0.30828857421875 0.31561279296875 -0.0130386352539062 -0.122360229492187
0.392913818359375 0.138702392578125 0.0232791900634766 0.00838661193847657
0.3995361328125 0.108154296875 0.0796432495117188 0.0563507080078125
0.387786865234375 0.029205322265625 0.159042358398438 0.044097900390625
0.323516845703125 0.121063232421875 0.12213134765625 0.0813140869140625
0.290252685546875 0.2247314453125 0.042083740234375 0.106048583984375
0.199676513671875 0.3079833984375 -0.011627197265625 0.0654296875
-0.017364501953125 0.45355224609375 -0.0949935913085938 0.041168212890625
-0.18536376953125 0.41180419921875 -0.112442016601563 -0.166229248046875
-0.353729248046875 0.422210693359375 0.0302047729492187 -0.131698608398437
-0.6197509765625 0.38702392578125 0.175003051757813 -0.050689697265625
-0.524658203125 0.48321533203125 0.000534057617187487 0.219619750976563
-0.20562744140625 0.65240478515625 0.35498046875 0.197723388671875
0.03460693359375 0.48724365234375 0.362335205078125 -0.196014404296875
0.158294677734375 0.426300048828125 0.040008544921875 -0.28302001953125
0.290191650390625 0.30255126953125 -0.146820068359375 -0.188629150390625
0.3773193359375 0.159393310546875 -0.140823364257812 -0.0102081298828125
0.404205322265625 0.1279296875 -0.0669708251953125 0.0508880615234375
0.41229248046875 0.0565185546875 0.0190467834472656 0.0485725402832031
0.346038818359375 0.148651123046875 0.00528717041015627 0.0738601684570313
0.330902099609375 0.246612548828125 -0.0210113525390625 0.104789733886719
0.277099609375 0.339324951171875 -0.0558853149414062 0.0749969482421875
0.04107666015625 0.57489013671875 -0.124862670898438 0.05810546875
-0.210601806640625 0.560882568359375 -0.107223510742188 -0.0895309448242187
-0.4698486328125 0.51153564453125 -0.0732574462890625 0.00593566894531252
-0.6104736328125 0.34332275390625 0.0154953002929687 0.087677001953125
-0.472991943359375 0.46929931640625 -0.017059326171875 0.314422607421875
-0.1077880859375 0.57196044921875 0.315643310546875 0.153594970703125
0.094329833984375 0.352813720703125 0.264434814453125 -0.216766357421875
0.136810302734375 0.285430908203125 -0.034271240234375 -0.305572509765625
0.217971801757812 0.233932495117187 -0.253646850585938 -0.219894409179688
0.298858642578125 0.15093994140625 -0.279296875 -0.0231781005859375
0.345550537109375 0.130035400390625 -0.202651977539062 0.0387115478515625
0.37139892578125 0.08331298828125 -0.126564025878906 0.0498199462890625
0.304595947265625 0.164276123046875 -0.124710083007812 0.0619964599609375
0.303253173828125 0.24017333984375 -0.102516174316406 0.0986251831054688
0.291778564453125 0.330963134765625 -0.121292114257812 0.081512451171875
0.065185546875 0.61676025390625 -0.164459228515625 0.0599822998046875
-0.238037109375 0.61834716796875 -0.100296020507813 -0.00445556640624994
-0.5308837890625 0.507537841796875 -0.195770263671875 0.162445068359375
-0.50634765625 0.269256591796875 -0.108474731445313 0.194091796875
-0.338165283203125 0.403594970703125 -0.01470947265625 0.356964111328125
0.010345458984375 0.4022216796875 0.251083374023438 0.095245361328125
0.12152099609375 0.167312622070313 0.155548095703125 -0.200393676757812
0.0820846557617188 0.119064331054688 -0.084991455078125 -0.2794189453125
0.114501953125 0.144851684570313 -0.31268310546875 -0.21484375
0.181365966796875 0.123291015625 -0.3734130859375 -0.027191162109375
0.230392456054688 0.113143920898438 -0.307281494140625 0.02215576171875
0.262161254882813 0.0968170166015625 -0.251388549804688 0.0412445068359375
0.199691772460938 0.147857666015625 -0.236373901367188 0.03619384765625
0.209442138671875 0.183563232421875 -0.179214477539063 0.078704833984375
0.244125366210938 0.262100219726563 -0.1942138671875 0.0785980224609375
0.057464599609375 0.554290771484375 -0.211105346679688 0.036773681640625
-0.2589111328125 0.560150146484375 -0.101882934570313 0.0664825439453125
-0.5218505859375 0.401519775390625 -0.32806396484375 0.303466796875
-0.336578369140625 0.170654296875 -0.180145263671875 0.265823364257813
-0.171417236328125 0.29339599609375 0.00344848632812497 0.35711669921875
0.101913452148437 0.20867919921875 0.179885864257813 0.04510498046875
0.1097412109375 0.00160980224609375 0.0680389404296875 -0.158203125
0.0112152099609375 -0.0168037414550781 -0.103179931640625 -0.230789184570312
0.00680160522460938 0.0624923706054688 -0.324920654296875 -0.187164306640625
0.0448760986328125 0.087493896484375 -0.41412353515625 -0.027587890625
0.0793685913085938 0.0765838623046875 -0.3651123046875 0.00518798828125009
0.103836059570313 0.083099365234375 -0.33001708984375 0.0224609375
0.0577621459960938 0.0812911987304688 -0.300750732421875 0.00421142578124999
0.0918731689453125 0.0670623779296875 -0.2288818359375 0.053985595703125
0.172683715820313 0.130203247070312 -0.264999389648438 0.065826416015625
0.0535888671875 0.39471435546875 -0.260513305664063 -0.0151824951171875
-0.236328125 0.3914794921875 -0.113380432128906 0.0992507934570313
-0.42138671875 0.213897705078125 -0.44573974609375 0.39215087890625
0.177581787109375 -0.0217742919921875 0.468780517578125 -0.492462158203125
0.060943603515625 -0.17132568359375 0.119247436523437 -0.149017333984375
-0.110885620117188 -0.127006530761719 0.26519775390625 0.0774688720703125
-0.137481689453125 0.0446014404296875 0.321685791015625 -0.059051513671875
-0.0112838745117187 0.111984252929687 0.209808349609375 -0.026123046875
0.0637931823730469 0.016754150390625 0.272247314453125 0.0333709716796875
0.0718002319335938 -0.0540313720703125 0.35504150390625 0.001983642578125
0.0675735473632813 -0.0272712707519531 0.359832763671875 0.02099609375
0.0670852661132813 -0.0470809936523438 0.39068603515625 0.039764404296875
0.108413696289063 0.000274658203125 0.299896240234375 0.13055419921875
0.067962646484375 0.0922775268554688 0.104721069335937 0.160446166992187
-0.0639724731445313 0.112274169921875 -0.00152587890624999 0.102958679199219
-0.101173400878906 -0.0479202270507813 -0.100357055664063 -0.0215606689453125
0.0312118530273437 -0.129470825195313 -0.0908355712890625 -0.275131225585938
0.174407958984375 -0.0356597900390625 0.160995483398438 -0.279251098632813
-0.0600433349609375 0.173858642578125 0.490081787109375 -0.456939697265625
-0.101097106933594 0.0687789916992187 0.1021728515625 -0.111640930175781
-0.147994995117188 0.138412475585937 0.30560302734375 0.136749267578125
-0.1092529296875 0.225631713867188 0.378021240234375 -0.067291259765625
0.0536651611328125 0.278305053710938 0.1973876953125 -0.058624267578125
0.183013916015625 0.141647338867188 0.213150024414062 0.012176513671875
0.223709106445313 0.01165771484375 0.296173095703125 0.020294189453125
0.211334228515625 0.019500732421875 0.308441162109375 0.03790283203125
0.194076538085938 -0.0212860107421875 0.345794677734375 0.035736083984375
0.183135986328125 0.0463714599609375 0.263046264648438 0.105865478515625
0.136306762695313 0.143585205078125 0.0936813354492188 0.128517150878906
0.00279235839843751 0.189346313476562 0.0135879516601563 0.0716400146484375
-0.111740112304688 0.115623474121094 -0.0713043212890625 -0.00101470947265624
-0.0758514404296875 0.02862548828125 -0.101226806640625 -0.245529174804688
-0.016448974609375 0.110084533691406 0.148681640625 -0.27093505859375
-0.30377197265625 0.31427001953125 0.436492919921875 -0.353607177734375
-0.29248046875 0.27874755859375 0.0708999633789062 -0.026824951171875
-0.201629638671875 0.3970947265625 0.338714599609375 0.181304931640625
-0.079559326171875 0.393524169921875 0.413116455078125 -0.09844970703125
0.103851318359375 0.411773681640625 0.165664672851563 -0.125717163085937
0.267776489257813 0.24957275390625 0.112586975097656 -0.044952392578125
0.33514404296875 0.08062744140625 0.178146362304688 0.0216827392578125
0.32623291015625 0.064178466796875 0.210372924804688 0.0500030517578125
0.30242919921875 0.000213623046875 0.2679443359375 0.0348052978515625
0.256195068359375 0.0825653076171875 0.205673217773438 0.0882110595703125
0.21368408203125 0.181976318359375 0.0767135620117188 0.110237121582031
0.0950469970703125 0.249710083007813 0.0104141235351563 0.0594329833984375
-0.075836181640625 0.282989501953125 -0.069976806640625 0.0185928344726563
-0.14337158203125 0.214431762695313 -0.110610961914063 -0.210113525390625
-0.191787719726562 0.26947021484375 0.10382080078125 -0.223220825195312
-0.4979248046875 0.383056640625 0.321380615234375 -0.20770263671875
-0.4490966796875 0.42138671875 0.0328750610351562 0.0938491821289063
-0.226806640625 0.58416748046875 0.357757568359375 0.202056884765625
-0.027374267578125 0.492828369140625 0.409820556640625 -0.150299072265625
0.14251708984375 0.46856689453125 0.109954833984375 -0.210128784179688
0.30523681640625 0.30657958984375 -0.0160598754882812 -0.119369506835937
0.3876953125 0.129608154296875 0.0241832733154297 0.0105934143066406
0.39373779296875 0.09967041015625 0.0799331665039063 0.0541610717773438
0.3800048828125 0.02294921875 0.15618896484375 0.0381317138671875
0.31634521484375 0.114288330078125 0.1212158203125 0.077728271484375
0.28851318359375 0.214813232421875 0.0419082641601563 0.103965759277344
0.197052001953125 0.2998046875 -0.0118026733398437 0.0624465942382813
-0.01031494140625 0.441375732421875 -0.0883026123046875 0.039825439453125
-0.17877197265625 0.403411865234375 -0.1134033203125 -0.158935546875
-0.341094970703125 0.414764404296875 0.0307693481445312 -0.130088806152344
-0.6007080078125 0.38836669921875 0.16619873046875 -0.052276611328125
-0.50592041015625 0.48291015625 0.000320434570312455 0.21844482421875
-0.189453125 0.63946533203125 0.3533935546875 0.188568115234375
0.03778076171875 0.474212646484375 0.35272216796875 -0.199249267578125
0.159393310546875 0.41302490234375 0.0352325439453125 -0.278854370117188
0.286346435546875 0.2947998046875 -0.148590087890625 -0.181884765625
0.373199462890625 0.15313720703125 -0.135810852050781 -0.00424957275390626
0.399932861328125 0.120147705078125 -0.0632476806640625 0.0508804321289063
0.404510498046875 0.049407958984375 0.01983642578125 0.0443763732910156
0.33935546875 0.14190673828125 0.00666046142578127 0.0723342895507813
0.327728271484375 0.236236572265625 -0.019561767578125 0.102569580078125
0.2740478515625 0.32916259765625 -0.0552978515625 0.071502685546875
0.05108642578125 0.5599365234375 -0.116355895996094 0.0563888549804688
-0.20025634765625 0.550323486328125 -0.107048034667969 -0.0858230590820312
-0.451751708984375 0.5050048828125 -0.0683746337890625 0.00422286987304691
-0.59326171875 0.34674072265625 0.0126724243164062 0.0850143432617188
-0.4542236328125 0.46978759765625 -0.014251708984375 0.310882568359375
-0.09375 0.5584716796875 0.313568115234375 0.1458740234375
0.093902587890625 0.34124755859375 0.257110595703125 -0.2177734375
0.135848999023438 0.276718139648438 -0.038848876953125 -0.300506591796875
0.214874267578125 0.22833251953125 -0.252578735351562 -0.21099853515625
0.2978515625 0.146820068359375 -0.271438598632813 -0.0154266357421874
0.3409423828125 0.123626708984375 -0.195709228515625 0.0401611328125
0.36383056640625 0.07781982421875 -0.122367858886719 0.047332763671875
0.3001708984375 0.15924072265625 -0.120979309082031 0.0624771118164063
0.299407958984375 0.23248291015625 -0.098663330078125 0.0968475341796875
0.288482666015625 0.320037841796875 -0.118217468261719 0.080047607421875
0.07421875 0.59967041015625 -0.155441284179688 0.0584564208984375
-0.22589111328125 0.6090087890625 -0.0987701416015625 -0.00418853759765623
-0.513458251953125 0.505767822265625 -0.186553955078125 0.1580810546875
-0.49151611328125 0.27398681640625 -0.106552124023438 0.190277099609375
-0.3204345703125 0.401458740234375 -0.00891113281250005 0.351531982421875
0.01898193359375 0.389068603515625 0.249435424804688 0.090362548828125
0.117279052734375 0.159591674804688 0.151153564453125 -0.19805908203125
0.0784912109375 0.114913940429688 -0.086151123046875 -0.273971557617188
0.113189697265625 0.142379760742188 -0.30853271484375 -0.205078125
0.182479858398438 0.121719360351563 -0.36322021484375 -0.0190429687500001
0.22845458984375 0.109024047851562 -0.298065185546875 0.025299072265625
0.258102416992188 0.0921173095703125 -0.24468994140625 0.0410308837890625
0.197357177734375 0.144973754882813 -0.230087280273437 0.03936767578125
0.20654296875 0.177810668945313 -0.174285888671875 0.07843017578125
0.239028930664063 0.252838134765625 -0.1888427734375 0.0789031982421875
0.06756591796875 0.5362548828125 -0.202606201171875 0.0368499755859375
-0.243804931640625 0.553253173828125 -0.0994720458984375 0.0632705688476563
-0.506988525390625 0.40277099609375 -0.31341552734375 0.296630859375
-0.3265380859375 0.174407958984375 -0.17388916015625 0.26123046875
-0.159393310546875 0.292327880859375 0.01123046875 0.349334716796875
0.105194091796875 0.198623657226563 0.177978515625 0.0420989990234375
0.10400390625 -0.001983642578125 0.0662841796875 -0.154434204101563
0.0072784423828125 -0.0159988403320313 -0.103668212890625 -0.225418090820313
0.00790023803710938 0.0625839233398438 -0.320648193359375 -0.178863525390625
0.048248291015625 0.0885391235351563 -0.40380859375 -0.019378662109375
0.0796661376953125 0.0777053833007813 -0.3546142578125 0.00915527343750005
0.10284423828125 0.0815353393554688 -0.320648193359375 0.0241088867187499
0.0570220947265625 0.081817626953125 -0.2940673828125 0.00817871093749999
0.0895919799804688 0.0651321411132813 -0.222396850585938 0.0550689697265625
0.168746948242188 0.123458862304688 -0.257598876953125 0.068817138671875
0.060791015625 0.38006591796875 -0.252792358398438 -0.01220703125
-0.223876953125 0.3873291015625 -0.109931945800781 0.0945587158203125
-0.41168212890625 0.218475341796875 -0.4288330078125 0.38580322265625
0.178741455078125 -0.0268402099609375 0.46038818359375 -0.4957275390625
0.0576629638671875 -0.170440673828125 0.116455078125 -0.14874267578125
-0.113449096679688 -0.123512268066406 0.267257690429688 0.0763092041015625
-0.134719848632813 0.0468215942382813 0.31829833984375 -0.063232421875
-0.00697326660156249 0.112220764160156 0.20849609375 -0.02642822265625
0.0625228881835938 0.0153121948242187 0.272232055664063 0.0304718017578125
0.0672836303710938 -0.0569038391113281 0.35443115234375 -0.000213623046875003
0.0670814514160156 -0.0310401916503906 0.358612060546875 0.019378662109375
0.0659065246582031 -0.0499267578125 0.3883056640625 0.034698486328125
0.107162475585938 -0.0053863525390625 0.298187255859375 0.1259765625
0.0723342895507813 0.0890731811523438 0.104507446289063 0.162033081054688
-0.0601654052734375 0.115020751953125 -0.0020599365234375 0.101226806640625
-0.101982116699219 -0.0471878051757813 -0.100814819335938 -0.0226364135742187
0.0263748168945313 -0.13055419921875 -0.0957794189453125 -0.269287109375
0.175216674804688 -0.0412750244140625 0.160552978515625 -0.275909423828125
-0.0582275390625 0.170623779296875 0.48095703125 -0.459503173828125
-0.102005004882812 0.0701217651367188 0.0986709594726563 -0.109138488769531
-0.147842407226563 0.140838623046875 0.307952880859375 0.135162353515625
-0.108047485351563 0.227676391601563 0.37432861328125 -0.072265625
0.0575103759765625 0.277511596679688 0.196151733398437 -0.058990478515625
0.1822509765625 0.140304565429688 0.212051391601562 0.010345458984375
0.220596313476562 0.0081634521484375 0.29608154296875 0.01812744140625
0.211654663085937 0.015777587890625 0.3070068359375 0.037109375
0.192596435546875 -0.0245819091796875 0.34356689453125 0.031951904296875
0.18182373046875 0.0414581298828125 0.26123046875 0.102325439453125
0.139328002929687 0.140167236328125 0.0927352905273438 0.129745483398438
0.00598144531250001 0.19085693359375 0.0115089416503906 0.0694732666015625
-0.111312866210938 0.11474609375 -0.0698089599609375 -0.00299453735351562
-0.0792999267578125 0.0276260375976563 -0.104888916015625 -0.239425659179688
-0.0153884887695313 0.104263305664063 0.14898681640625 -0.269027709960938
-0.301361083984375 0.313568115234375 0.429656982421875 -0.353759765625
-0.291259765625 0.280364990234375 0.0665206909179688 -0.0231895446777344
-0.197479248046875 0.39752197265625 0.34149169921875 0.17840576171875
-0.077911376953125 0.39447021484375 0.410400390625 -0.1041259765625
0.10748291015625 0.41046142578125 0.163711547851563 -0.126495361328125
0.2679443359375 0.249053955078125 0.109970092773438 -0.04498291015625
0.334075927734375 0.076568603515625 0.179412841796875 0.021820068359375
0.3265380859375 0.059112548828125 0.210342407226563 0.0491485595703125
0.300750732421875 -0.0028076171875 0.266036987304688 0.0310821533203125
0.253631591796875 0.079498291015625 0.205108642578125 0.0851898193359375
0.215484619140625 0.17816162109375 0.0756683349609375 0.111061096191406
0.0963897705078125 0.250595092773438 0.00799560546875001 0.057220458984375
-0.07421875 0.279922485351563 -0.0668869018554688 0.0168075561523438
-0.145767211914062 0.213165283203125 -0.113174438476563 -0.205184936523438
-0.189666748046875 0.265060424804688 0.105239868164063 -0.22296142578125
-0.496490478515625 0.38421630859375 0.314483642578125 -0.20867919921875
-0.44439697265625 0.42291259765625 0.0291595458984375 0.0975265502929688
-0.2208251953125 0.582763671875 0.360107421875 0.199005126953125
-0.02801513671875 0.49188232421875 0.40789794921875 -0.155303955078125
0.145843505859375 0.46466064453125 0.107437133789063 -0.211074829101562
0.304229736328125 0.306243896484375 -0.0193023681640625 -0.117767333984375
0.389129638671875 0.128265380859375 0.0265617370605469 0.0128574371337891
0.394805908203125 0.094146728515625 0.0804595947265625 0.0541839599609375
0.377960205078125 0.019287109375 0.154937744140625 0.0347137451171875
0.314300537109375 0.112213134765625 0.120773315429688 0.0764083862304688
0.288238525390625 0.21124267578125 0.0412063598632813 0.104011535644531
0.197540283203125 0.299072265625 -0.0142593383789062 0.0605430603027344
-0.00686645507812504 0.43634033203125 -0.0835189819335938 0.037017822265625
-0.179229736328125 0.402618408203125 -0.114791870117188 -0.155288696289062
-0.337005615234375 0.41314697265625 0.03253173828125 -0.131034851074219
-0.5982666015625 0.3914794921875 0.160858154296875 -0.0522308349609375
-0.5009765625 0.48486328125 -0.00173950195312501 0.221954345703125
-0.18267822265625 0.6370849609375 0.355712890625 0.186187744140625
0.037078857421875 0.471160888671875 0.351318359375 -0.2030029296875
0.16046142578125 0.413665771484375 0.031982421875 -0.278640747070313
0.2852783203125 0.29473876953125 -0.151962280273438 -0.1790771484375
0.376495361328125 0.151641845703125 -0.132682800292969 -0.000480651855468752
0.402191162109375 0.116180419921875 -0.0611801147460937 0.0514869689941406
0.40386962890625 0.04656982421875 0.0187339782714844 0.0417633056640625
0.3388671875 0.1407470703125 0.00706481933593752 0.07220458984375
0.328369140625 0.232421875 -0.0194091796875 0.102302551269531
0.273468017578125 0.327911376953125 -0.0567779541015625 0.0703964233398438
0.054229736328125 0.552734375 -0.111763000488281 0.0546798706054688
-0.198516845703125 0.5491943359375 -0.108047485351563 -0.084320068359375
-0.44964599609375 0.505126953125 -0.0656394958496094 0.00172424316406252
-0.58984375 0.34918212890625 0.00957489013671872 0.084442138671875
-0.44610595703125 0.472747802734375 -0.0144958496093751 0.31341552734375
-0.087738037109375 0.554412841796875 0.316802978515625 0.144805908203125
0.091461181640625 0.337738037109375 0.257415771484375 -0.2197265625
0.133804321289063 0.27386474609375 -0.040374755859375 -0.29986572265625
0.214218139648438 0.229751586914063 -0.256072998046875 -0.20654296875
0.30145263671875 0.146697998046875 -0.268325805664063 -0.01068115234375
0.342620849609375 0.121551513671875 -0.193862915039063 0.0409393310546875
0.364166259765625 0.07574462890625 -0.121864318847656 0.04534912109375
0.3004150390625 0.1602783203125 -0.11920166015625 0.06298828125
0.299163818359375 0.229278564453125 -0.0982131958007812 0.0963592529296875
0.286163330078125 0.31829833984375 -0.117965698242187 0.0803909301757813
0.0809326171875 0.59210205078125 -0.150772094726562 0.0568695068359375
-0.2215576171875 0.60821533203125 -0.0996017456054688 -0.0054855346679687
-0.511474609375 0.508392333984375 -0.181930541992188 0.154632568359375
-0.48828125 0.277252197265625 -0.108444213867188 0.1898193359375
-0.313323974609375 0.40411376953125 -0.00659179687500005 0.353118896484375
0.023895263671875 0.384735107421875 0.252471923828125 0.08917236328125
0.113662719726563 0.155685424804688 0.152297973632813 -0.199005126953125
0.0754928588867188 0.113105773925781 -0.0874176025390625 -0.273513793945313
0.112777709960938 0.143280029296875 -0.31134033203125 -0.20111083984375
0.186203002929688 0.122756958007813 -0.358856201171875 -0.0149230957031249
0.229827880859375 0.1082763671875 -0.295745849609375 0.02557373046875
0.258041381835938 0.0923919677734375 -0.243621826171875 0.039398193359375
0.197494506835938 0.147064208984375 -0.229644775390625 0.040771484375
0.206085205078125 0.1766357421875 -0.172698974609375 0.0781402587890625
0.237762451171875 0.250274658203125 -0.187362670898438 0.07977294921875
0.072479248046875 0.52960205078125 -0.198333740234375 0.0359954833984375
-0.24005126953125 0.55279541015625 -0.099395751953125 0.0602264404296875
-0.505523681640625 0.4097900390625 -0.308502197265625 0.29473876953125
-0.3232421875 0.177978515625 -0.173568725585938 0.260162353515625
-0.153594970703125 0.294342041015625 0.014984130859375 0.349334716796875
0.10845947265625 0.192703247070312 0.180343627929687 0.040924072265625
0.100090026855469 -0.00473785400390625 0.067779541015625 -0.153518676757813
0.00377368927001953 -0.0164976119995117 -0.104461669921875 -0.224990844726563
0.00752639770507812 0.0636062622070313 -0.321533203125 -0.174560546875
0.0520706176757812 0.0907745361328125 -0.3988037109375 -0.0154724121093751
0.080780029296875 0.0797653198242188 -0.351318359375 0.00811767578125002
0.103469848632813 0.0833053588867188 -0.31842041015625 0.02288818359375
0.05755615234375 0.08447265625 -0.29193115234375 0.010284423828125
0.0875625610351563 0.0649795532226563 -0.2213134765625 0.0552520751953125
0.167617797851563 0.121414184570313 -0.254241943359375 0.0707855224609375
0.06494140625 0.37591552734375 -0.2503662109375 -0.0111083984375
-0.219635009765625 0.38958740234375 -0.109207153320313 0.0905990600585938
-0.410919189453125 0.22412109375 -0.42340087890625 0.38433837890625
0.181732177734375 -0.0344696044921875 0.45318603515625 -0.50921630859375
0.0531005859375 -0.173477172851563 0.115081787109375 -0.150680541992188
-0.118927001953125 -0.120559692382813 0.275054931640625 0.0724334716796875
-0.134468078613281 0.0517501831054688 0.319610595703125 -0.071136474609375
-0.00218963623046876 0.114181518554688 0.210357666015625 -0.0300445556640625
0.0623703002929688 0.0137786865234375 0.277435302734375 0.0244903564453125
0.0624809265136719 -0.0607719421386719 0.3580322265625 -0.007568359375
0.0677833557128906 -0.0363121032714844 0.36248779296875 0.014617919921875
0.0653724670410156 -0.0544815063476562 0.391510009765625 0.02630615234375
0.107017517089844 -0.0127029418945313 0.30267333984375 0.120635986328125
0.0777664184570313 0.0862579345703125 0.108245849609375 0.165924072265625
-0.055694580078125 0.120246887207031 -0.00235748291015624 0.100273132324219
-0.10577392578125 -0.045806884765625 -0.103836059570313 -0.0219268798828125
0.0206832885742188 -0.133552551269531 -0.104568481445313 -0.265914916992188
0.177093505859375 -0.0496673583984375 0.159149169921875 -0.279342651367188
-0.0558929443359375 0.170867919921875 0.47503662109375 -0.472076416015625
-0.103515625 0.0728302001953125 0.0954818725585938 -0.109390258789063
-0.148056030273438 0.146621704101563 0.31732177734375 0.131195068359375
-0.10565185546875 0.234420776367187 0.377166748046875 -0.08306884765625
0.0660247802734375 0.280410766601563 0.196807861328125 -0.0633697509765625
0.186325073242187 0.140289306640625 0.213653564453125 0.00692749023437501
0.220779418945313 0.00341796875 0.3009033203125 0.012939453125
0.215118408203125 0.00872802734375 0.311553955078125 0.033111572265625
0.193984985351563 -0.0303802490234375 0.346923828125 0.02410888671875
0.182815551757813 0.036346435546875 0.2647705078125 0.097991943359375
0.145797729492188 0.136550903320313 0.0950851440429688 0.132339477539063
0.0107574462890625 0.195510864257812 0.0100860595703125 0.0680770874023438
-0.111732482910156 0.117530822753906 -0.0705413818359375 -0.0036773681640625
-0.084136962890625 0.0285110473632813 -0.111770629882812 -0.2354736328125
-0.0141983032226562 0.100540161132812 0.149551391601563 -0.273422241210938
-0.300262451171875 0.32208251953125 0.426971435546875 -0.363861083984375
-0.290985107421875 0.28997802734375 0.0638236999511719 -0.0207328796386719
-0.19378662109375 0.406341552734375 0.352081298828125 0.176025390625
-0.07403564453125 0.40264892578125 0.413299560546875 -0.11712646484375
0.118194580078125 0.413238525390625 0.1624755859375 -0.131362915039062
0.27410888671875 0.2503662109375 0.107948303222656 -0.0461654663085937
0.339569091796875 0.0711669921875 0.184524536132813 0.019927978515625
0.333099365234375 0.05078125 0.213790893554688 0.0476531982421875
0.304046630859375 -0.009307861328125 0.268325805664063 0.02471923828125
0.255828857421875 0.07598876953125 0.208648681640625 0.082427978515625
0.222503662109375 0.174453735351562 0.07781982421875 0.113609313964844
0.102386474609375 0.254241943359375 0.00582885742187501 0.0565910339355469
-0.07086181640625 0.283172607421875 -0.065704345703125 0.0152359008789063
-0.1473388671875 0.217849731445312 -0.1192626953125 -0.202194213867187
-0.188751220703125 0.268218994140625 0.1053466796875 -0.228103637695312
-0.4976806640625 0.397918701171875 0.3115234375 -0.2142333984375
-0.442047119140625 0.4376220703125 0.0275039672851562 0.103347778320313
-0.21142578125 0.59454345703125 0.372650146484375 0.196624755859375
-0.02349853515625 0.49920654296875 0.410369873046875 -0.167877197265625
0.156585693359375 0.469757080078125 0.1041259765625 -0.216339111328125
0.3135986328125 0.30889892578125 -0.0250396728515625 -0.117362976074219
0.39739990234375 0.12249755859375 0.0302200317382813 0.0147838592529297
0.4017333984375 0.086700439453125 0.0836334228515625 0.0545501708984375
0.383270263671875 0.01287841796875 0.155807495117188 0.03106689453125
0.31988525390625 0.10986328125 0.123893737792969 0.0743865966796875
0.29705810546875 0.206573486328125 0.0428924560546875 0.105934143066406
0.204925537109375 0.30194091796875 -0.0165748596191406 0.0606117248535156
-0.00119018554687503 0.4404296875 -0.0812606811523438 0.0361557006835938
-0.17730712890625 0.409942626953125 -0.119430541992188 -0.153549194335937
-0.3365478515625 0.421600341796875 0.032958984375 -0.1353759765625
-0.60137939453125 0.40625 0.158905029296875 -0.0553436279296875
-0.498626708984375 0.50262451171875 -0.00102233886718751 0.229644775390625
-0.17132568359375 0.6475830078125 0.36663818359375 0.183135986328125
0.0418701171875 0.477264404296875 0.354278564453125 -0.215087890625
0.168731689453125 0.4144287109375 0.02679443359375 -0.284027099609375
0.2938232421875 0.29766845703125 -0.160079956054688 -0.1768798828125
0.386260986328125 0.14813232421875 -0.131027221679688 0.00472259521484375
0.410064697265625 0.108245849609375 -0.0602607727050781 0.0539512634277344
0.40960693359375 0.0406494140625 0.0182342529296875 0.0401077270507813
0.34521484375 0.141082763671875 0.00862884521484377 0.0724334716796875
0.33587646484375 0.229583740234375 -0.0185775756835937 0.104698181152344
0.281158447265625 0.33062744140625 -0.0589675903320313 0.07196044921875
0.06439208984375 0.557647705078125 -0.10833740234375 0.053955078125
-0.194091796875 0.5594482421875 -0.111801147460938 -0.0837936401367187
-0.447509765625 0.520111083984375 -0.06378173828125 0.000251770019531285
-0.59375 0.3668212890625 0.00791168212890621 0.0851669311523438
-0.44207763671875 0.489227294921875 -0.010467529296875 0.32196044921875
-0.07598876953125 0.559783935546875 0.326507568359375 0.141021728515625
0.093780517578125 0.339202880859375 0.258590698242188 -0.229446411132812
0.138351440429688 0.274703979492188 -0.04730224609375 -0.304351806640625
0.219863891601563 0.232391357421875 -0.26507568359375 -0.202835083007813
0.310516357421875 0.14544677734375 -0.267990112304688 -0.00297546386718747
0.350433349609375 0.116302490234375 -0.194503784179687 0.044219970703125
0.37060546875 0.071624755859375 -0.124382019042969 0.0466232299804687
0.3065185546875 0.161041259765625 -0.120338439941406 0.0657196044921875
0.306640625 0.227294921875 -0.098358154296875 0.0990829467773438
0.293426513671875 0.31842041015625 -0.119300842285156 0.082763671875
0.09185791015625 0.59686279296875 -0.1484375 0.0579376220703125
-0.21490478515625 0.6190185546875 -0.10186767578125 -0.0053939819335937
-0.511016845703125 0.52392578125 -0.179840087890625 0.15631103515625
-0.491607666015625 0.2926025390625 -0.1090087890625 0.193130493164063
-0.306549072265625 0.41632080078125 -0.00109863281250006 0.360382080078125
0.033355712890625 0.385009765625 0.259963989257813 0.0856475830078125
0.1131591796875 0.153976440429688 0.152862548828125 -0.204483032226563
0.0745315551757813 0.112762451171875 -0.093536376953125 -0.27630615234375
0.114837646484375 0.145767211914063 -0.320281982421875 -0.19610595703125
0.193710327148438 0.123489379882813 -0.360107421875 -0.00546264648437494
0.236297607421875 0.10845947265625 -0.297607421875 0.030242919921875
0.263168334960938 0.091583251953125 -0.24676513671875 0.0419464111328125
0.20245361328125 0.1495361328125 -0.231552124023438 0.0456085205078125
0.210220336914062 0.175872802734375 -0.174102783203125 0.08135986328125
0.243881225585938 0.249710083007812 -0.188247680664062 0.0838470458984375
0.0853271484375 0.5322265625 -0.1982421875 0.037841796875
-0.2332763671875 0.56488037109375 -0.100570678710938 0.0594329833984375
-0.505706787109375 0.42779541015625 -0.305694580078125 0.30010986328125
-0.323699951171875 0.18841552734375 -0.173721313476563 0.265792846679688
-0.1455078125 0.302276611328125 0.022735595703125 0.354766845703125
0.11468505859375 0.188369750976563 0.185134887695313 0.03863525390625
0.0975189208984375 -0.00727081298828125 0.06927490234375 -0.155624389648438
0.000452995300292969 -0.016026496887207 -0.10888671875 -0.227264404296875
0.00723648071289063 0.0657272338867188 -0.329376220703125 -0.171234130859375
0.0572357177734375 0.0935440063476563 -0.401214599609375 -0.00704956054687495
0.0846939086914063 0.0825119018554688 -0.3544921875 0.01214599609375
0.106910705566406 0.0859451293945313 -0.322235107421875 0.025970458984375
0.0592269897460938 0.0887832641601563 -0.295379638671875 0.01507568359375
0.0877227783203125 0.0648880004882813 -0.222915649414063 0.0588531494140625
0.17041015625 0.118988037109375 -0.254776000976563 0.0766754150390625
0.074737548828125 0.375579833984375 -0.2525634765625 -0.00958251953125002
-0.21429443359375 0.3992919921875 -0.109519958496094 0.0888290405273438
-0.41461181640625 0.237884521484375 -0.4215087890625 0.392974853515625
-0.170188492981744 -0.0613773279345678 0.678483908823204 0.126431228841536
-0.182099315725496 0.0854281662177758 0.216252922520256 0.0647864869968754
-0.0563514939960286 0.171570191475457 0.122049504148719 0.287066120125186
0.114689662197282 0.0871116930253503 0.228309024099471 0.209074793184256
0.0623396371928542 -0.077670502719911 0.127093017733865 0.173232391391052
-0.0567446475539125 -0.0622940447721003 0.0957976418910632 0.266594577458016
-0.107404403246021 -0.0193119184986918 0.131005866789659 0.35067480844929
-0.0963408345532202 -0.0211247544528471 0.15861463344855 0.365691104089551
-0.111706590141372 -0.0322987381204446 0.137124347819192 0.386286166227872
-0.0995717387167262 -0.0733421846353111 0.0302240846310549 0.323745803960992
0.00261485786965851 -0.125282630828666 -0.121495767570966 0.182490543483772
0.137976023920073 -0.0359556293947741 -0.100111714883755 0.0228966880650126
0.0532486685352812 0.108448689984104 -0.0289771048022706 -0.104283873125301
-0.106030256421967 0.0799779761876785 0.177914763274114 -0.207352318567194
-0.136042428814475 -0.0957363001429475 0.288942946944654 -0.0338146627771313
0.119691979587467 0.0183665316142449 0.655224612642193 0.118037015428334
0.120351258723141 0.0513055514773389 0.147960930195222 0.00901276001229053
0.177741684092032 0.0354930434781733 0.0321086661692838 0.321806153576125
0.249206178579312 -0.0636128816448073 0.217833404128833 0.240510191950659
0.136855263065819 -0.24667748770247 0.122205446921703 0.147585945617093
-0.0302695323867827 -0.235977634120006 0.0548251351351227 0.211139816675678
-0.131181403195021 -0.197630964908935 0.0647770363972288 0.312046621342938
-0.154612263264782 -0.159257912544328 0.105187027006176 0.336917969764157
-0.162199678321183 -0.157285851491253 0.106646168261635 0.351259351196917
-0.1058104803208 -0.165142174632473 0.0174581555325707 0.283028838483879
-0.00418924680650302 -0.207057244676476 -0.108736617157902 0.154677652761193
0.161386947191782 -0.136699860190991 -0.0810715624989599 0.0155416509889905
0.164246871198623 -0.00609442919372079 -0.0354820544371634 -0.078186146171302
0.0782503366237282 0.0622595093143785 0.151756970371904 -0.219815005249388
0.0763710938310556 -0.0210062384515803 0.298712645618874 -0.0552789211402324
0.375866996423696 0.124093781439727 0.535108815330043 0.0915916034920975
0.417684565999937 0.0558716356317448 0.0374613922791667 -0.0345958584732305
0.416826787005945 -0.0839370752780893 -0.0448986273802914 0.339867703017973
0.36936149591319 -0.203883135283044 0.221026223002146 0.242844723911298
0.201868080250261 -0.375947531139828 0.14530543910858 0.0807376120548866
0.0111439551578361 -0.366598953374161 0.0328907772853025 0.0974224847111764
-0.126142300323727 -0.341827049010871 -0.00545172713173077 0.208232996703372
-0.192209675591538 -0.27523715193686 0.035984067324089 0.258296719359461
-0.202177697430197 -0.263877195351749 0.0613393732146 0.285677864496281
-0.11791646903473 -0.250556218240027 -0.00816283095151504 0.22992029945034
-0.0266977899434824 -0.287736931984867 -0.110202380402747 0.131733223746982
0.156786671487864 -0.249214006445631 -0.0906369405786318 0.0077354695203809
0.246066587254358 -0.15276223809616 -0.0622958864748116 -0.0713580827090852
0.258918410819975 -0.00341228762256217 0.1184884945123 -0.231751716503738
0.294666143233842 0.0296893717342583 0.25715969176202 -0.0808466485209717
0.554788455619943 0.224590704722521 0.350432595756096 0.0462667578567047
0.636723684448099 0.0698777809955554 -0.101917534655082 -0.0514845663889148
0.581876573841593 -0.179071444192982 -0.0943453286675271 0.34306845309718
0.419212538147096 -0.311316408812208 0.235005726164346 0.216777055353616
0.221735717010021 -0.436678781653298 0.182119130404427 -0.0171503285586786
0.0447829565498759 -0.424316928918296 0.0255856075366855 -0.0529021967983732
-0.100743303833973 -0.422056091767379 -0.0676325797369031 0.0595424124914172
-0.202215582853257 -0.350033287642576 -0.0394401597749219 0.140365843818824
-0.21979661974358 -0.34346084813511 5.76350848607372E-05 0.186458537507694
-0.126121750167105 -0.324952957502622 -0.0522160287795317 0.156301432973548
-0.0506754286798818 -0.363641997800829 -0.130875480717966 0.0989872964248541
0.137125830885514 -0.366224102126225 -0.123444302829125 -0.00592610291420031
0.300238015552915 -0.313672060088699 -0.103750478495353 -0.0766703666727823
0.421003271019563 -0.0977471308238479 0.0707298162151121 -0.230101080488635
0.491019977154516 0.0631332833388502 0.160464394340242 -0.09846755387069
0.630440324484357 0.282617389893162 0.136008834784625 -0.00983029698310884
0.724651316968564 0.0622071243272218 -0.23742759213424 -0.0322726408503171
0.602030219031806 -0.244432574900308 -0.101064012444137 0.333471222134919
0.357273582394514 -0.346169138690777 0.247671142909278 0.162818964553621
0.182981364589001 -0.397293992119118 0.209927650822135 -0.123703571456996
0.0628325287397004 -0.394979492309758 0.0219094637116252 -0.202222049302015
-0.0632541814418214 -0.425972148061602 -0.116303646456462 -0.100062822803916
-0.179685277236658 -0.371649366562002 -0.109294864954925 0.000250765028981086
-0.201673434323754 -0.380506559514813 -0.069984894486132 0.0620552998806633
-0.111476826149343 -0.368063271930037 -0.110843260145509 0.0556074600123694
-0.0570408312080284 -0.40828120975218 -0.165153837042227 0.0416351565593601
0.117323256764767 -0.447772349697229 -0.166978712626319 -0.034235844883309
0.33428322774294 -0.443926014368237 -0.146643546082857 -0.092416990809227
0.542901341088742 -0.179444279820629 0.00999312336463776 -0.205125775797183
0.626796445433562 0.0934280608634286 0.0112708512244042 -0.103844265562923
0.610708810217385 0.27799219725773 -0.0652326978673386 -0.0566123022146614
0.673833670179451 0.0157088636516449 -0.33253254381396 0.0168285191188857
0.475709214300545 -0.269449788019589 -0.0739772529563788 0.306166310688182
0.208668169584096 -0.293483093469514 0.241778092546778 0.100349845206874
0.110432829884336 -0.270537491926319 0.20942702238842 -0.202839754801623
0.0685868803427098 -0.291351520060649 0.0123762907175176 -0.314829892133207
-0.0173949355090725 -0.357295958695877 -0.146418740380626 -0.239831614328771
-0.125482092511387 -0.335209599696314 -0.16156256025564 -0.140361255824165
-0.14117237339048 -0.364096967123631 -0.134078482642866 -0.0750885868069449
-0.0623780956615833 -0.353374592131947 -0.16388632834925 -0.0630354448109018
-0.0330552582563729 -0.384134930697967 -0.19501824605195 -0.0382039429309596
0.103338243909835 -0.452637608776593 -0.206477892847646 -0.0810334232511169
0.342201598955686 -0.489216030588568 -0.177354376801268 -0.1247451966122
0.600104019041859 -0.202595107516367 -0.0519494514593418 -0.166312974547042
0.669222806331304 0.130047454306584 -0.171254594439187 -0.101324447989484
0.507051204104613 0.220426024014353 -0.222717738562569 -0.0764436551810514
0.527540341837677 -0.0544927525830091 -0.367824246269503 0.0774584011256735
0.27071629348285 -0.253645612147455 -0.029998533841333 0.258133347717516
0.043061555060106 -0.18324111874807 0.211319148292915 0.0470756395353989
0.0440406827073146 -0.107750388678225 0.184806780699139 -0.235011671840173
0.0730354207856604 -0.155587795140798 0.00164737995741968 -0.368901991229417
0.0302958692710063 -0.240869888152856 -0.15863065171917 -0.337673760162242
-0.051115032722586 -0.247242681478288 -0.189270468378198 -0.257932131891243
-0.0549435109370554 -0.280873483273617 -0.171692320289242 -0.201975496880801
0.0021731741179384 -0.265864391282194 -0.186318257613856 -0.175892039686934
-0.00119527172289521 -0.276672362680196 -0.199584233547397 -0.121852875215293
0.0766153534470577 -0.365847696184858 -0.227134083202878 -0.138560751033207
0.306707406246353 -0.436325986266856 -0.18374008961473 -0.173052090733181
0.568495282292949 -0.161516831263362 -0.102696172751797 -0.12923079564643
0.595642911619449 0.165661116712518 -0.356069116940335 -0.102562322283321
0.340354837230123 0.129223155107072 -0.322118185106417 -0.060069850395726
0.327846820540374 -0.110878936353476 -0.351502101870648 0.136739753943102
0.0680368949450651 -0.202812183351205 0.00939803178343302 0.202672990903754
-0.0778702938678552 -0.0609303669373532 0.168136003823028 0.0116704516246305
0.00517830370162198 0.0351394978592439 0.15278092445389 -0.227854582617876
0.0800906619277822 -0.0247435540991005 -0.00472300125485681 -0.374379993494872
0.0784467165458734 -0.103632091708837 -0.150250606178213 -0.38686679475099
0.0320250405464421 -0.12087727135712 -0.190033963646013 -0.333668610929493
0.0369748745584491 -0.140033533853106 -0.172142447604797 -0.291749772974055
0.0509027981296323 -0.112067852953324 -0.168909670213589 -0.250451320331078
0.0021081417716714 -0.109259316801331 -0.177867739812587 -0.177062057705245
0.0118984721592657 -0.222087299104191 -0.23039464584194 -0.194198843458921
0.211886571947826 -0.312753404608852 -0.163797561997119 -0.234552333429009
0.434658231200951 -0.0809561439130365 -0.125371180753003 -0.106183470338132
0.409684018874702 0.18164722165919 -0.50496054027838 -0.116946196245717
-0.17602718110597 -0.0512476640083148 0.681961164682352 0.0895405023592836
-0.175813308507546 0.095150658332684 0.2172279926434 0.0534010423062644
-0.0448961701767995 0.174117368802371 0.13826503182906 0.282023924498938
0.119938898621027 0.0791689297847296 0.237923572799424 0.196212278883717
0.0556825959455001 -0.083031681443289 0.133978060355787 0.167217958243141
-0.0597751295498363 -0.0596388442397745 0.107755290750139 0.2608802619588
-0.106516189346579 -0.01121253827702 0.148217960724083 0.342133162004484
-0.0988480553238678 -0.01314603286566 0.174036417404119 0.35746655090013
-0.114652586727248 -0.0235863131962031 0.157887186003618 0.376882149992717
-0.104442027430351 -0.0642197846355596 0.0470453730990966 0.320533581168219
-0.00818409214013179 -0.125460906996531 -0.114633635829118 0.191046783510169
0.135513568601472 -0.0469911299724171 -0.10029626407426 0.0242396809322636
0.0609808177970802 0.10734759875133 -0.0342628428279672 -0.105351115620712
-0.0993113033004661 0.088030276913576 0.163002369985765 -0.213776970980845
-0.14488116869521 -0.0859892285281636 0.287226925140332 -0.0431807664402318
0.119256246759038 0.014019819093346 0.656395703088787 0.0837454179560745
0.123166427313328 0.0448628531525708 0.143615188884659 0.00236234169206212
0.181451476272423 0.0260775198650817 0.0499591719358301 0.321550783879444
0.248684231258985 -0.0760456044294847 0.231786362655305 0.225178672390301
0.122938700101596 -0.254327656251302 0.128390055299545 0.140023346400792
-0.0409466181422633 -0.236085045074547 0.0625952735981604 0.20707427316793
-0.139668043426161 -0.189635762025826 0.0801835852073707 0.308103395559696
-0.164926710584379 -0.148867350438254 0.120256818326098 0.332254683633205
-0.171222312172705 -0.145889637652202 0.125009704464294 0.344243544228443
-0.113414184600358 -0.157108879483281 0.0314271953713635 0.280418266125582
-0.018046456319257 -0.205659080573683 -0.103383267903374 0.161885449109724
0.154482008295705 -0.147685561833855 -0.0825612047336027 0.0157418026565217
0.165038863196349 -0.0127873140314136 -0.0377837079548639 -0.0781160199197369
0.0844376481177762 0.0607921711496547 0.136928114124327 -0.225223502695773
0.0724018430713522 -0.0211801670582976 0.296841134244632 -0.0668872210453077
0.382659968337862 0.105848830644123 0.536878941042068 0.0640618944505923
0.419973692069357 0.0341183344236871 0.0291505825593773 -0.0359927374905579
0.413108707534143 -0.103669192658606 -0.0272240835911416 0.343615244538818
0.362615826719728 -0.222038777057781 0.236615747112091 0.229271869896455
0.181254345087674 -0.386601254780562 0.148874978821747 0.0722502207682152
-0.00471842706067784 -0.370447473612048 0.0328295295917883 0.0939993601187632
-0.143074983865094 -0.335776216216919 0.00504190142810583 0.209382895759565
-0.207887438527321 -0.262189209924243 0.0479322364472694 0.257364251349663
-0.216543134819887 -0.250890763604181 0.075828523708124 0.280374830131498
-0.128484112861965 -0.243792352767075 0.00377904279026784 0.228651998113364
-0.0426034954459672 -0.285063634964183 -0.105396504022701 0.138291971342998
0.145419948736323 -0.259397035112833 -0.0930663201145249 0.00874029767105379
0.238390653458712 -0.163158417838091 -0.0621393277532785 -0.0687095652639143
0.261039764980537 -0.0136284102146286 0.104182306434853 -0.235781211621329
0.29442637079773 0.0189445067338903 0.255654247403367 -0.0921764195731601
0.566118405109039 0.19793114866992 0.350680255296443 0.0272379479299225
0.63836419257196 0.0393837893006226 -0.110576529416809 -0.0450004019415403
0.571059559555797 -0.208263349545519 -0.0757796923761835 0.351033608144281
0.406991906296846 -0.329368610055909 0.249129883293625 0.200137753940694
0.199105081619774 -0.446932752261626 0.18237227719062 -0.0278847855442473
0.0269921435177046 -0.430363003089466 0.0170593573688897 -0.0556501891539924
-0.121303852469775 -0.418378517875668 -0.0639243110848631 0.0655650378467843
-0.221322934277498 -0.338623308389724 -0.0331724882443001 0.143811124004974
-0.238046283952823 -0.331440694222967 0.00869161005329673 0.185843576979819
-0.139517359334745 -0.319717334074773 -0.0448606791763373 0.157268241192719
-0.0679482768459363 -0.359434165715553 -0.127166280460373 0.105539105284572
0.121086112358774 -0.373287863023182 -0.125619023841077 -0.00276627824736509
0.285739424643484 -0.326989903960318 -0.103032403576784 -0.0716916458015599
0.41813976461738 -0.116974683200554 0.0583770887407816 -0.232472686477762
0.494393095352483 0.0415846231074185 0.158345853356335 -0.106930693237939
0.646379552732765 0.250449427218681 0.133395702870992 -0.0186911058460575
0.725484457274108 0.0234218899918733 -0.244964208657769 -0.0187349702142402
0.58632417179186 -0.273970831105853 -0.0822685724841247 0.3431953645812
0.343496960083205 -0.360084335964693 0.260329385192173 0.147751336528509
0.163020093795596 -0.404514590754445 0.203800815112707 -0.135369038765123
0.0471383688579597 -0.400686298009222 0.00583203968614493 -0.205496910072071
-0.0845501848671303 -0.425801885823078 -0.120300169030193 -0.0910656844454434
-0.199422395829556 -0.36140138899493 -0.109205962537576 0.00733197113771679
-0.220387372359435 -0.371481595143548 -0.0678525344002376 0.0636526530276073
-0.12682907866264 -0.365100084469634 -0.109300733466388 0.0601286245968889
-0.075138219241448 -0.403506743112809 -0.163010285187093 0.0495306731401633
0.0979749385437154 -0.454455025806537 -0.17079437150189 -0.0278547166939276
0.311111970822233 -0.456680456346376 -0.14642478960945 -0.0853694184991724
0.534923883392986 -0.203934346549502 0.000284196335296367 -0.206850267444686
0.634700396994422 0.0634447843602949 0.00919299263778468 -0.105959695280819
0.62621399684409 0.249726509887253 -0.0687894211870261 -0.0560897814099741
0.672739978159644 -0.0214764865961619 -0.335714898302815 0.0356298572821395
0.456892590573533 -0.291712649700562 -0.0556040274229384 0.312946800076638
0.195881613531735 -0.299483758915096 0.250880658039936 0.0871331918518155
0.0983750914491713 -0.272351125237408 0.200655479478884 -0.214945530566176
0.0590833944716342 -0.297336431759306 -0.00736931959840357 -0.316659150846145
-0.0350612032239751 -0.360207485035086 -0.157297189963355 -0.228327708580074
-0.142284923934952 -0.329709708937231 -0.167799684623306 -0.131029038721334
-0.158633338464397 -0.359334668392699 -0.138513802248622 -0.0701637901575954
-0.0770578428268441 -0.353004405877243 -0.168544965025852 -0.0554537430904718
-0.0504453202117756 -0.3805696683785 -0.196595271483926 -0.0290503159433252
0.0825044236806195 -0.456178615480566 -0.211410341833361 -0.0716998143944439
0.315240525264118 -0.503303105326089 -0.179168701309485 -0.115293666011986
0.590255229612026 -0.233221700327886 -0.0588669743281579 -0.166433545911804
0.679003988187231 0.0973752802677952 -0.17274985118502 -0.0952280834409655
0.520931770032731 0.194596051594079 -0.227009962364562 -0.0689900756889064
0.520899764199219 -0.083195726038423 -0.365439402221448 0.0977201282272491
0.254531741268999 -0.265158644643388 -0.014037627575889 0.262526932094234
0.0359234286796883 -0.180651253563791 0.216985741604283 0.0358882823780015
0.0418073478861495 -0.106823211680277 0.173734599732069 -0.245401161475215
0.0702667003265749 -0.161104783887687 -0.0191242767519202 -0.369314064539194
0.0187111276373502 -0.247231821157806 -0.173325377565088 -0.325493113060314
-0.0622938034887555 -0.245930053979869 -0.200756524376473 -0.24766010182249
-0.0673090181747698 -0.280826119920168 -0.181779888313088 -0.19537386760062
-0.00793940661015287 -0.268804656932526 -0.196068217247394 -0.16679321420837
-0.0126191953528216 -0.275689832827532 -0.204572374967311 -0.111971097223319
0.0594293343629283 -0.369088892034336 -0.233695550150203 -0.12753482428602
0.28268456288117 -0.449277565838164 -0.189246062900395 -0.163379566883516
0.562361221115723 -0.190560849484679 -0.106498327000895 -0.127802073415584
0.607751060749526 0.136404606071033 -0.357948672611879 -0.0864802260101073
0.349398103477697 0.110939168654736 -0.325323893869422 -0.0470924180325807
0.319533532380447 -0.130846450280074 -0.343955196396148 0.157737638974164
0.0541099622337862 -0.203655774655923 0.0222428733107909 0.203944482746324
-0.0795742154064302 -0.0540002578592652 0.170266030572379 0.00455840910857896
0.0104690832395861 0.0366332050852218 0.141707828819288 -0.235431839174634
0.0826652991739748 -0.0299535890866376 -0.0258966797514114 -0.373645020846412
0.073691288801199 -0.111064408515027 -0.168469321880872 -0.375433264443502
0.0271248789771075 -0.124764690183274 -0.203206943428553 -0.324714186200143
0.0322060227474293 -0.144371135308081 -0.186098402721677 -0.285357966873447
0.0484725970312854 -0.117564300978485 -0.182045679361083 -0.24280608340474
-0.000726765069618289 -0.107702068094576 -0.185923249388025 -0.169359875199921
0.00089432312841573 -0.221389234753458 -0.238383433133325 -0.180727697915539
0.192624915851195 -0.322468642969681 -0.173112730581321 -0.226447991274896
0.432323323973209 -0.104380783562748 -0.127377892115292 -0.104343160244285
0.42308916092949 0.160958484336041 -0.509818139431598 -0.0943739195949872
-0.177046583221426 -0.0403390087457262 0.669166864775881 0.0595363554121427
-0.166693270483751 0.10104900742902 0.212008749231429 0.0434898274617284
-0.0336659926989388 0.171863200696723 0.150271900206754 0.27162947904219
0.122037550562279 0.0697112219247601 0.241618426592399 0.180892391564536
0.0482364888897064 -0.0853405052002059 0.136844608747567 0.157356441197565
-0.0621147377570466 -0.0553159474121872 0.114549972738321 0.250435663475056
-0.102715713267917 -0.00363983688028132 0.159330033217829 0.326820931158859
-0.0979509275447705 -0.00459929839674543 0.184029187272503 0.342874503851082
-0.114130488218777 -0.0142933414331633 0.171090564698344 0.359724611051072
-0.10582710314255 -0.0545860942470075 0.0597299249516097 0.309962755360373
-0.0177483746380699 -0.122182016054137 -0.105344043921461 0.195222171034352
0.129880627479019 -0.0559756064611634 -0.0996060072736656 0.025253143204163
0.066521319180048 0.103799996044147 -0.0388301666142917 -0.103463791554643
-0.0914771251152683 0.0920588172111609 0.145723179101263 -0.214225404802241
-0.149185177766033 -0.0744692572818266 0.279620108895511 -0.0512216853591511
0.115874191006539 0.0097438870653808 0.644265370505259 0.0535797486205525
0.123064210625896 0.039170251827052 0.136224517203338 -0.00241550453030782
0.179767969617299 0.0179518938584999 0.0652941744229772 0.314938010183277
0.243217010752555 -0.0880449498110485 0.23706939677104 0.208364200569918
0.107323791570263 -0.256540598228158 0.130802923413532 0.130586354445594
-0.0503172370943295 -0.231565553638198 0.0660667261264773 0.200061685558977
-0.143754587957552 -0.178621044363886 0.0914897767100823 0.29721171459939
-0.168599773858268 -0.135277880793884 0.130107481380926 0.320843608463483
-0.175226528048873 -0.132589151895347 0.136473140517711 0.329778863392815
-0.117759128007421 -0.146738358063968 0.04262416196877 0.271591478531763
-0.0295526380867291 -0.199588195643479 -0.0957034989372378 0.164888810101881
0.144241720697426 -0.153900829192922 -0.0832470400690305 0.0160863186026695
0.162448107294112 -0.0177181731412119 -0.0395166806317094 -0.0765564667593779
0.087287602311166 0.0578405284396613 0.120630527042863 -0.223391618689316
0.0680349774653628 -0.0197058993089984 0.289474777942136 -0.0759197546872168
0.379286958058696 0.0878021795013422 0.527393845110357 0.0386662654443864
0.412526404051437 0.0162865980367163 0.0212775367892202 -0.0348540584234709
0.400602644260396 -0.118201662243916 -0.00979474346742633 0.339542959486685
0.351399939911507 -0.232771125940359 0.243217922179682 0.208753248540365
0.160895131578553 -0.386870092599708 0.148941595600886 0.0622412736756199
-0.0204524066436812 -0.367407554391333 0.0315601572045623 0.0908191076123418
-0.15447721534643 -0.323668136728816 0.0141928600692719 0.204738006012774
-0.215943257252021 -0.245647217290875 0.0564761462222177 0.251165619692555
-0.223500920962187 -0.234425401338755 0.0855122016178731 0.270313920943258
-0.135049074848323 -0.232752214782025 0.0125138439493636 0.222381727344977
-0.0554562677345802 -0.275723181116727 -0.0992410377438161 0.140651708320731
0.131317011451227 -0.261482351152385 -0.0935678650553314 0.00999454184999704
0.226931829849157 -0.167851779862746 -0.0610303428461854 -0.0662570818566186
0.256833329380043 -0.0233924204493262 0.0901007553357824 -0.233639254554262
0.288522495640477 0.00913810794710193 0.248426697344306 -0.100682321340525
0.563600522365874 0.169683348145511 0.343477605361954 0.0108121023907832
0.626354168138564 0.0115957414084814 -0.116578781912138 -0.0370922903062146
0.548092150481222 -0.228349912435781 -0.0575926831307924 0.349723684945725
0.389679442035199 -0.340095463501527 0.256106863743901 0.180452846763735
0.176523690634465 -0.446660961551724 0.177123294917558 -0.0373664482670215
0.00967577042335983 -0.426425505057742 0.00934705776341883 -0.0562493096792288
-0.137016217565975 -0.407187088804528 -0.0592873364923945 0.067896458337977
-0.231971873012509 -0.320022907549526 -0.0270455285966503 0.143735449196483
-0.247609589276245 -0.31199299495828 0.016166801021418 0.179851295966273
-0.148526822148016 -0.30779267648633 -0.0385404855635194 0.154836540111598
-0.0839675755371283 -0.348150920979123 -0.121521740017363 0.109187186577053
0.103840742200091 -0.371915723258614 -0.12582030421493 0.000750909850331332
0.265858400007842 -0.329323222474167 -0.0997747009071076 -0.0670015613309666
0.405064629929251 -0.130566958782985 0.0463636624820288 -0.230304788316735
0.486353597444799 0.0225781105465168 0.15266167550715 -0.112333695518425
0.647289848738463 0.21850452316054 0.129199959330499 -0.0262538192372769
0.708483749513524 -0.00795451344597736 -0.245695988327265 -0.00540185896281595
0.560220358213481 -0.292642604591183 -0.0640557270328132 0.342240386703005
0.324067744737222 -0.366212122545357 0.264099771716324 0.129524192141289
0.143652855894552 -0.40097251419977 0.195331440646941 -0.144579715996373
0.032197028222367 -0.398300528883913 -0.00880869511652159 -0.202701675774779
-0.102232173965467 -0.41734817256348 -0.121000450921351 -0.0821518841871588
-0.210100883750543 -0.345182099993519 -0.106578683569418 0.012872936691102
-0.232084323981056 -0.35424271146312 -0.0648562906949334 0.0642463858187012
-0.137064401908043 -0.354131508636434 -0.10599350530239 0.0628651779780639
-0.090417002994819 -0.390957074377561 -0.158587049268821 0.0548381785920378
0.0768913283895818 -0.44895990024628 -0.170070012060051 -0.0213074162373207
0.284695290966822 -0.458114721226138 -0.142400788348153 -0.0777355131872021
0.516842931518098 -0.222083282393138 -0.00809683845994289 -0.204305285282642
0.626644137421074 0.036315824630813 0.00625232149090529 -0.106283658298188
0.62758353921922 0.216453482591042 -0.070178932407848 -0.0544889698822921
0.655658042870637 -0.0519270346756898 -0.330719944614353 0.0512748461551646
0.431342822382147 -0.305062234105555 -0.0378312242744311 0.311381386568483
0.182456212372803 -0.298378506822824 0.25280841498063 0.0723567010276813
0.0879549708203436 -0.26750027770303 0.187948016053841 -0.221932904195763
0.0489234945481989 -0.29678101918988 -0.0256028391869634 -0.31038826296804
-0.0496813287880342 -0.354946830995117 -0.163079550940692 -0.214688282732466
-0.153523270735893 -0.317044460420995 -0.169352287199792 -0.120792814680867
-0.169749682288392 -0.345445755461248 -0.139961701225887 -0.063939936254137
-0.0892687072394218 -0.346781677070681 -0.169128278588469 -0.0475079759037002
-0.0634945707402497 -0.368988238788272 -0.193652065826403 -0.0213638554620639
0.0617601288959539 -0.449688165701875 -0.211302171923311 -0.0617182232441528
0.284855837176402 -0.504796738711693 -0.175978629491424 -0.105845966148688
0.569394835494256 -0.253662305690534 -0.0637381158285736 -0.162765382517267
0.671634717793481 0.0654312984817843 -0.171584362341767 -0.0881014517318426
0.522307736768739 0.167006473669799 -0.225314642390064 -0.0603603311437398
0.505087071974514 -0.106476115102624 -0.354669351412055 0.114594101772835
0.23239656773696 -0.26836979932392 0.00160557253431122 0.259362652353405
0.0294737492953452 -0.17493151810767 0.217141515669253 0.0251117446822124
0.0401414919878443 -0.10331163073565 0.159991689290002 -0.248768884950818
0.0661038102501449 -0.163114148472001 -0.0391432668813872 -0.361037012630392
0.00769929162498303 -0.247502785507824 -0.183841707774958 -0.30892154621766
-0.0710383470979831 -0.240317045160321 -0.205598763479801 -0.234400977940121
-0.0775084140573156 -0.275204293506787 -0.187310981677145 -0.18530904587021
-0.0174887819434972 -0.267115409170586 -0.201449492906824 -0.154992811620395
-0.0224312829539446 -0.268550227892957 -0.204582806121797 -0.102304210780908
0.0437709853770666 -0.363203639693177 -0.234062441995396 -0.114668095098373
0.255010711516531 -0.450434798256416 -0.188780379916923 -0.152696658873033
0.542283313402112 -0.212759626560149 -0.107937650985906 -0.124530588597629
0.606193484592567 0.106086057280498 -0.353177442749799 -0.0731665863947765
0.349015391587718 0.092648544913057 -0.320128127935294 -0.0350878821633234
0.304793891135206 -0.143426106685483 -0.328480125781715 0.170904461603001
0.0403257870504918 -0.199326200230436 0.0331709442897947 0.199754158759274
-0.0791304411771122 -0.0462716478352423 0.168863567610069 -0.00222095254314337
0.0148993604387885 0.0376199319211687 0.129259036219439 -0.237429663262064
0.0832692908909116 -0.0342364673837502 -0.0430439907495587 -0.364225243462091
0.067507612220577 -0.116239808841811 -0.179504925558948 -0.360343424930849
0.0220064364859979 -0.126505456101865 -0.210002780257386 -0.310592403668625
0.0270571563419563 -0.146362256727873 -0.194178774794715 -0.274186306176211
0.0450883394770851 -0.119696989300803 -0.189394331985978 -0.229293272550156
-0.00220414721919599 -0.105196288755137 -0.188348386959068 -0.15859798887582
-0.00877506565978391 -0.214413522045909 -0.240981015020142 -0.165210823424457
0.172438925995742 -0.321514620186622 -0.177730139910873 -0.215122048230426
0.417881598818032 -0.123283638745041 -0.126703367264149 -0.100936819256356
0.425918526457701 0.138745296738003 -0.500690890571507 -0.0720925001997856
-0.177547110484016 0.0197578019388675 0.640834526561327 -0.162625702770443
-0.117069506095797 0.150000946199643 0.209163836652234 -0.0354464787691789
0.0308970735602346 0.168674851919214 0.217818844173071 0.199319719576546
0.137746391549462 0.0175820266389071 0.274584000035917 0.0944339478663266
0.0151167050328011 -0.0935169844219819 0.177173778986692 0.106706916525491
-0.0729958570021357 -0.0272238132197352 0.187811786172726 0.191406951060677
-0.0932035706213964 0.0343000928711974 0.257075021741841 0.24580980101494
-0.0889453377926989 0.0306054492417153 0.280096332285264 0.251478960176731
-0.108237382400466 0.0267441391714217 0.270687886794269 0.271840096355393
-0.11319442666956 -0.0141216927039127 0.153172556335917 0.264213225080635
-0.0596017076103345 -0.103680283273517 -0.0313523412594665 0.216166845747488
0.0992419878161558 -0.095399558620297 -0.0890961261567356 0.0545361424104674
0.0963440924165437 0.0745383099114023 -0.0704643863015925 -0.0869251428685672
-0.0531302925317851 0.116515883717128 0.0684212884741171 -0.238040795874504
-0.164496275679754 -0.0179728962369011 0.242700577122867 -0.120652013823123
0.115990376882878 -0.0341078769939539 0.607605268787254 -0.153276356567903
0.128829436392313 -0.00607613394704144 0.117098286302666 -0.0389197675199893
0.174697730337323 -0.0445845396781847 0.158251165655429 0.28254884719906
0.195621053863256 -0.168235769229969 0.286095964863218 0.12882355898363
0.0141379065468532 -0.269743649659396 0.169434850610817 0.0874731572939198
-0.120175414583023 -0.194547466526725 0.131686747765866 0.165436089461531
-0.190955266576387 -0.116917275635131 0.188613008067165 0.246387419787508
-0.194009247384658 -0.0658441069773151 0.227274699108304 0.248945326112669
-0.201304731941991 -0.0619139745715102 0.231110676788255 0.255845014137502
-0.153035264355458 -0.0965744012466617 0.127093713693783 0.235832214015798
-0.0931722239578386 -0.170715643230886 -0.0316194149769591 0.185506495775449
0.0827917897866519 -0.189202493293033 -0.0762941383810062 0.0426306130349897
0.145809472883893 -0.065774338722063 -0.063388144692831 -0.0614285953625802
0.100130163935346 0.0279643627400405 0.0411539952671067 -0.24161205790829
0.0557593905690948 -0.0334448596175119 0.241838263278635 -0.153799992723886
0.388786785984059 -0.0493048458041377 0.487433279077369 -0.122664418202115
0.388406233020908 -0.126265827308113 -0.00731877651003325 -0.0189406582315165
0.33152379759969 -0.243295524123771 0.0995880191153074 0.344167259075655
0.242789837351105 -0.337772103339508 0.298967648826403 0.1373677655345
0.0227326924147844 -0.406975340394541 0.169764771592469 0.021088421733384
-0.135896840478113 -0.329941724055353 0.0668809504310206 0.0788454572506214
-0.250107391384891 -0.250934630867424 0.0893138188782819 0.191615870728223
-0.272102934405919 -0.152204774463051 0.139552662111176 0.210193212440252
-0.278102881630186 -0.13976720271923 0.166800293733315 0.217495603233378
-0.195408190368937 -0.171783776000068 0.0841599140104072 0.201988670474092
-0.139742929149853 -0.232203098915981 -0.0410470886423487 0.165304964838144
0.0388599219511634 -0.284174516555731 -0.0866349039332744 0.0427879412486509
0.15773894624422 -0.223094890031358 -0.0805302932696644 -0.0430917465801662
0.230197223844934 -0.100663237750807 0.00704455260060221 -0.24402778770196
0.27214950615682 -0.0745727491660827 0.1936360018442 -0.172078201554206
0.591725133529766 -0.0358968180016068 0.30062922139401 -0.087877991887293
0.583721934489536 -0.204671137664562 -0.142591284590141 0.0325022528129964
0.430461028773551 -0.393729925456227 0.0628714623979829 0.380331121667911
0.242433437960759 -0.447901910378643 0.308120594203981 0.110201646298118
0.0192977810525109 -0.46656422206899 0.166954835181728 -0.079498794978064
-0.126525393075661 -0.398408066627655 -7.34241431306287E-05 -0.046828824844823
-0.263447150706849 -0.336743170207169 -0.0230938006123049 0.0940394074124844
-0.310275426314835 -0.215926703693636 0.0305067968249411 0.139873788021184
-0.326065107012464 -0.204904244933431 0.0746556586526328 0.157912883609744
-0.232644404261722 -0.237297917289518 0.0180900510998523 0.1578337328451
-0.186109332305708 -0.290148770557599 -0.0696443648396716 0.142918126732718
-0.0205043347004682 -0.376027746649242 -0.118116163444997 0.0467660128450545
0.141835457378547 -0.381852343754908 -0.117133668290483 -0.0294289594485006
0.332999721469695 -0.246856182158282 -0.0339335160788565 -0.230119569875935
0.461619694574037 -0.124950537415326 0.0991947564629122 -0.160989490945691
0.686515204593895 -0.017499548898718 0.0868805490565517 -0.0529178824267089
0.654486570716115 -0.249868113435466 -0.252909109360514 0.106861114943526
0.416809878521992 -0.454949494780094 0.0595057226841871 0.375123480200838
0.173813337359419 -0.447052999859957 0.303155655201995 0.0576839683608002
0.00488514562611521 -0.414789866914446 0.148792868181546 -0.186019473109279
-0.0961976732177753 -0.380786107319347 -0.0652788159862017 -0.176195374438057
-0.234434225051254 -0.358490508329658 -0.130006798200477 -0.0216758909392927
-0.299003943197592 -0.246987684838131 -0.0843999244369879 0.046647492574809
-0.324510962471868 -0.249570730972873 -0.0356442171038448 0.0780716500427594
-0.237508756352244 -0.285091455809528 -0.072588861459525 0.0954144055960489
-0.206907652177859 -0.327711828039645 -0.119697558341837 0.106140723489352
-0.0692985651635576 -0.438381931675813 -0.163337472862225 0.0415888251563708
0.117599978003314 -0.5060074729987 -0.161096166342662 -0.0235288067622106
0.405425538664117 -0.368412241231107 -0.0791404010948993 -0.191447601533761
0.597960794768642 -0.156907132351405 -0.0347740432192857 -0.116965940343211
0.666510160948483 -0.0129960250753068 -0.106806266323414 -0.0166471793373045
0.589485404546541 -0.273091125423005 -0.308373710596564 0.184875287437166
0.29444185436793 -0.422770951986939 0.0761104213700146 0.33193074137762
0.0665085969879581 -0.335069596884667 0.273448355648711 -0.000675159978936898
-0.00148860151794315 -0.274380862877764 0.113458955640189 -0.259019772419515
-0.048116253550312 -0.294508610519195 -0.118708003928034 -0.270391607339492
-0.166511157051002 -0.320164403389569 -0.215280962289699 -0.13102185323545
-0.23928973301012 -0.241043935761793 -0.186058678836295 -0.0541297490792439
-0.266635672726459 -0.262185654849962 -0.144908115508459 -0.015479045318471
-0.190703657127912 -0.293324818851462 -0.166590369013605 0.015251525724487
-0.173983808663097 -0.318200491336824 -0.176883206493506 0.0474008582245174
-0.0829117233757288 -0.435917225746439 -0.212052816387262 0.01706026925658
0.104325127519277 -0.547582217515509 -0.201249263003525 -0.0375015279548614
0.442854593568509 -0.414667105636592 -0.118244238169265 -0.139207264169342
0.650494970969318 -0.146128915767106 -0.19275712616033 -0.0500369146519708
0.547887251911061 -0.022788661449054 -0.24733372199412 0.025047625515215
0.428911931551712 -0.270563961269938 -0.301888932887581 0.244363304764021
0.122219833306907 -0.322469356520023 0.0969970431689497 0.258117814893112
-0.0297885565384625 -0.167072031430192 0.220376595933568 -0.0426063309489274
0.008300040357059 -0.108437127329878 0.073494412678287 -0.278964640338173
0.0106279024346782 -0.178344291257888 -0.151254566501603 -0.3137807950436
-0.0763861064503408 -0.23853801828743 -0.267118291601535 -0.213573865097248
-0.141199961882589 -0.198841914087068 -0.258029017062855 -0.146570396080896
-0.158662512537857 -0.22984701592168 -0.227728734731718 -0.110950408897386
-0.0992032161665302 -0.243273934963985 -0.230671603260372 -0.0742493598561057
-0.102206168806391 -0.239400434259717 -0.214665515496756 -0.0245703891563008
-0.0730370263705992 -0.346158940173749 -0.247654286045364 -0.0250595112534984
0.0918891614030033 -0.48936781181568 -0.227204217500401 -0.0768327613003763
0.432377164566523 -0.368861950016295 -0.146142151478293 -0.0911868485772737
0.602866824879135 -0.0881988657048315 -0.351582230600653 0.0182225715452807
0.359228986709106 -0.0317406374987796 -0.319460214441083 0.0749364838305242
0.229927567139953 -0.236747624967434 -0.250164451840132 0.280549643368411
-0.031209289178654 -0.193220827878106 0.106965071470836 0.180047615248774
-0.0853411747703459 -0.011976427846113 0.162192698535898 -0.0592560095421671
0.0310947220910698 0.0279480773839681 0.0435732824823196 -0.260588621115507
0.0676062026351016 -0.0652684648340511 -0.160076803281339 -0.316013074954965
0.0218340728289875 -0.13666388737572 -0.283322000412854 -0.264656050453101
-0.0212215849355624 -0.12596270409155 -0.289897920878127 -0.215619548574267
-0.0217650965528402 -0.146068963134369 -0.26398871535523 -0.190068353710244
0.00465712940739278 -0.127303412828744 -0.245359464724061 -0.148362534188662
-0.0323475809752351 -0.095982675877348 -0.219310058812656 -0.0834416182613111
-0.0753361266596226 -0.192335451591481 -0.268662570321401 -0.072309850888745
0.0552925813533973 -0.345746821034556 -0.23491779936087 -0.139018138920415
0.346178674902927 -0.248010274008527 -0.152734034920127 -0.0634034619504151
0.444495134217876 -0.00417687746787056 -0.482842464393822 0.066414540471501
-0.175294723389518 0.0232710783467717 0.627135610684848 -0.165520420323756
-0.113307905328778 0.148379774868603 0.20323887439896 -0.0357797290614979
0.0330080294621788 0.16374594326496 0.218260624014412 0.194860332569575
0.135611790530014 0.0114918089796183 0.270472499195953 0.0888996956735155
0.0110256359426311 -0.0926009808250374 0.174423200255911 0.104110745004485
-0.0740124454133454 -0.0253710450613215 0.185653322790581 0.188538379233462
-0.0896038944259972 0.0359344970011928 0.253002183144892 0.238949027931682
-0.086064892252143 0.033953531810093 0.277644321400785 0.246375667370473
-0.106287903245582 0.0308830273022118 0.268143068730712 0.262391811295138
-0.111222014941304 -0.00932494200819046 0.153049976000372 0.256782432843271
-0.0629836960721134 -0.0985101218693888 -0.0285818494508047 0.21466534830589
0.0944246908165438 -0.0978213235289755 -0.0908398537614253 0.0537445048658367
0.0987120358018306 0.0722434927448242 -0.0724547747544533 -0.0864891792672377
-0.0482156245124244 0.115141615569923 0.0631010355024138 -0.231186744242211
-0.163498295423752 -0.0112367004522375 0.240344491634346 -0.118346511737157
0.113609748436079 -0.0337818296766448 0.59458618832026 -0.156148854708045
0.127526786850319 -0.00623650223217528 0.112480289720137 -0.037099707834823
0.172113446577196 -0.0448701336878721 0.160559501641081 0.276987794025006
0.191364841615507 -0.171021164288797 0.282685311738457 0.121400098691003
0.00970619196393227 -0.265832762774802 0.166352386623764 0.0840460160093674
-0.121734907198295 -0.191289467120693 0.128712486791856 0.163996159697335
-0.189390167910363 -0.112493170115408 0.186026941286207 0.24035420660917
-0.191303027425188 -0.0602165906836963 0.225141438654277 0.245962663960902
-0.198023057236454 -0.0559435819462995 0.229243166229109 0.248263267965783
-0.150106961607337 -0.0923221054333784 0.12568365189091 0.228898751126601
-0.0951402232813292 -0.163763997705269 -0.0294804816284809 0.184052776668548
0.0783587129420048 -0.188907053158079 -0.0782482613968991 0.042081984773955
0.146003317328133 -0.0658073381644702 -0.0629764038244589 -0.062008683198008
0.101424744706579 0.0274819036028158 0.0362756141364456 -0.235106769908661
0.0549711735058675 -0.0291384420333382 0.238639111401399 -0.152551530644448
0.383555815378569 -0.0524566238614687 0.475887143589227 -0.126750135951063
0.38170024124333 -0.125696159698766 -0.0109360450316773 -0.0153965598662282
0.323126913303292 -0.242358474745435 0.104723892178205 0.339068103177907
0.239010124648697 -0.33818450347065 0.295546525614072 0.126900569864529
0.017115925435584 -0.400772734544225 0.165681347834383 0.0174351910945146
-0.137642964705747 -0.326010770031661 0.0632279832911098 0.0795491833317376
-0.249947754675482 -0.244805533267239 0.0886054180515667 0.188383010253945
-0.268698273580236 -0.145042308935418 0.138193421652964 0.207610898964709
-0.273903513844556 -0.132910067064877 0.164985281410604 0.212057562857126
-0.193239541116887 -0.167220197420662 0.0839495191702374 0.197032695344271
-0.140165537683927 -0.224640115680825 -0.0400095717103942 0.163367584193547
0.0362890442646699 -0.280791322936692 -0.0885622060393477 0.0419558621384449
0.155644851866231 -0.220207120959471 -0.0778411026464073 -0.044832377152469
0.227741599033786 -0.10037420355678 0.00402506392059677 -0.237960474017505
0.26894730948912 -0.0722705675691455 0.190108696156759 -0.17114183314845
0.583403817861816 -0.0403266632780198 0.294022190550424 -0.0910586972419032
0.573258001808242 -0.204174470489961 -0.143593692310146 0.0367452990281904
0.417489917487136 -0.389775421837535 0.0693868917831725 0.37553764223882
0.236350959872491 -0.444373461744905 0.306127695194744 0.101735350992088
0.015103463891493 -0.459421048602827 0.162739664956969 -0.0826242259056919
-0.128757758577659 -0.394470639080278 -0.00524298421713768 -0.0440777006096283
-0.264715297453532 -0.330533144979612 -0.0222010688328176 0.0936197726722637
-0.306510878625937 -0.2072952672117 0.0309249547246667 0.139313275149622
-0.321269422147389 -0.196776964820084 0.0736825746191778 0.154559849713955
-0.230448209665769 -0.233169139252219 0.0175697651892837 0.154782962260201
-0.185495557316622 -0.280780872873478 -0.0686864120171995 0.141994679847572
-0.0234156445022812 -0.371554200956174 -0.118266652415428 0.046584550209043
0.137230255815315 -0.376359221359283 -0.112017660597619 -0.0313513015947209
0.326917379404596 -0.246129010216394 -0.0371863660197818 -0.226030856483829
0.45607840982096 -0.126471300220689 0.0972856037361432 -0.160778083176969
0.677551274189191 -0.0257187641778203 0.0828284388965146 -0.0555105886277898
0.641863789980112 -0.24973822465762 -0.251432317673613 0.109602511206997
0.403837567174715 -0.449681428179816 0.0646550274498683 0.37084707493991
0.171727240144901 -0.441990523659687 0.300130980779144 0.0499164850484765
0.00480868781663802 -0.40683297941955 0.143785449105642 -0.188255194447667
-0.0981883545694963 -0.378282923575017 -0.0702037134755028 -0.170935817469679
-0.236829958327805 -0.352775679591206 -0.127858698466553 -0.0196206108371018
-0.297610606187821 -0.239311367332128 -0.0826108042651481 0.0479181052649921
-0.322431654994983 -0.242222815011718 -0.0362132707229314 0.0776791108494613
-0.235850049485923 -0.280292390771583 -0.0723133358412462 0.0954299714317835
-0.205023439450981 -0.319294156936445 -0.118444370691522 0.10486805199005
-0.0708919885136129 -0.431165704617922 -0.162042991446965 0.0423424834717884
0.110866529530872 -0.497408787501123 -0.154846389785399 -0.0251055137836336
0.396801091521448 -0.365095091765447 -0.0799141369773588 -0.189198767881876
0.590326402637297 -0.159969791149811 -0.0350467625965222 -0.116702953540704
0.656153411720738 -0.0206519244786289 -0.106861346086143 -0.0192188346193535
0.574901306840692 -0.272361336404593 -0.303120604878299 0.186388196545248
0.28242572587175 -0.414673800536038 0.081740679735914 0.326512399598007
0.0659007002280765 -0.327782871785876 0.270413927578752 -0.00647864997981106
0.000448573975294617 -0.268397420629197 0.108537862021296 -0.259015637228107
-0.0487830292761848 -0.292973458604229 -0.123406549046562 -0.262809433237591
-0.1688507558337 -0.315958728501101 -0.211635912278507 -0.126325306151091
-0.23787696241529 -0.236258682604185 -0.183128511070952 -0.0517799280665498
-0.264950375976846 -0.257980704835243 -0.144712353104517 -0.0132127194194611
-0.189928300002605 -0.290904398386131 -0.165029284061111 0.016976531684146
-0.171538332788312 -0.311678439565124 -0.174971714846694 0.0469206890652421
-0.0834040763041194 -0.425735237751878 -0.208808401827902 0.0184928297984075
0.0974456022152266 -0.537471147622383 -0.194432376547105 -0.0381342836929921
0.432361755667413 -0.412062375475482 -0.118136279260861 -0.138404991941708
0.643125864215477 -0.151946651146034 -0.189891817751685 -0.0500600501698449
0.541079409648674 -0.029982268485145 -0.244951882028201 0.022996124957077
0.41781761676751 -0.270607505326986 -0.295061311680756 0.243959728885608
0.114890943317494 -0.314771305615941 0.101743104447987 0.253313356608478
-0.0279470628412782 -0.16171980424094 0.217572595017159 -0.0456046055425235
0.0125745155220148 -0.105528013690399 0.0689829936628611 -0.276856158623769
0.0107175200910174 -0.179641472998648 -0.154596801302992 -0.305998139973895
-0.0798405909796432 -0.237463997131144 -0.263224073440905 -0.206814324842455
-0.141176485658049 -0.196721914568784 -0.254703121650529 -0.14322000022135
-0.157852689472353 -0.227602242125548 -0.226845981119529 -0.107387332840505
-0.0991883775403924 -0.242505221145817 -0.229095144140013 -0.0699352641158621
-0.100629824323571 -0.234855849417839 -0.211829306847375 -0.0231794039102054
-0.0740068811791321 -0.33930911575924 -0.243749533771551 -0.0223798898181007
0.0847228664460273 -0.480251224966041 -0.22144553986484 -0.0759026181596254
0.421376787741109 -0.368076852451227 -0.144693957431812 -0.0918167039194189
0.59592300364054 -0.095522378774677 -0.346629297129836 0.0193346401385064
0.355146678872816 -0.0380029807244086 -0.315516336846986 0.0733539785229415
0.222029030577097 -0.236289119198266 -0.241728902674555 0.278708598276321
-0.0345916910136304 -0.185618571337184 0.110515777732596 0.175958571160606
-0.0811486143857653 -0.00820368179561063 0.159942785969148 -0.0596294826663939
0.0354859622646745 0.02776206916719 0.040567493031199 -0.257779458799606
0.0682973795470556 -0.0685465666445203 -0.161519801924987 -0.308811301178758
0.0186422564945398 -0.13785247313137 -0.279359256783418 -0.257689173547659
-0.0226409660097159 -0.126627592529218 -0.286267481298115 -0.212445083566066
-0.0230700784626465 -0.147968158793358 -0.262819859753557 -0.18542330556379
0.00420247378239026 -0.129054086639109 -0.243557350094871 -0.142468191883604
-0.0299489578206458 -0.0940775838075066 -0.216748786118498 -0.0805069201574385
-0.0750243413665207 -0.186540401774052 -0.26305047554236 -0.0678843433488891
0.049260935808428 -0.33801816629722 -0.231107951066674 -0.137098064738398
0.336740707452786 -0.249145840066454 -0.151070522783431 -0.0655882100514239
0.440836748246357 -0.0105387163452491 -0.475001345139419 0.0689196388314739
-0.177096823263665 0.0263234586226636 0.626692060513612 -0.17065504751873
-0.111776270973498 0.149711329944063 0.201400831708376 -0.0357280686532389
0.0358515624770109 0.162689255532809 0.222845660925573 0.193810285624756
0.135184263493138 0.00687900193440008 0.272098201962095 0.0849250007753268
0.00664224025137569 -0.0933335190490323 0.174943067611648 0.103676669255869
-0.0760570238443014 -0.023935312208113 0.186971324287009 0.189727579219052
-0.0877368090471121 0.0374783109585056 0.253649949037176 0.237783385253413
-0.0852575910579611 0.0376507964973483 0.278850234471606 0.247532602216348
-0.105928348897525 0.0350941136706756 0.2715391944822 0.258873822511372
-0.11110578473971 -0.00547661458141681 0.154762367817407 0.253806115410873
-0.066919317699771 -0.0955860298525754 -0.0264371902609685 0.217404325352991
0.092003489998565 -0.101863320008721 -0.0940397303866714 0.055514488070838
0.103403089957403 0.0709319233122301 -0.0758992338140146 -0.0868129689886588
-0.0450082613876637 0.116322322439929 0.0594996703575467 -0.228104832587924
-0.164629750762145 -0.00563224093080806 0.242466159062933 -0.11840005460178
0.113082147859682 -0.0342697619595777 0.594039489635891 -0.161779335860434
0.128876609015269 -0.00656728917873231 0.110400650507248 -0.0360063871519853
0.172695797055963 -0.046663735580752 0.167352707884746 0.277995034460408
0.191923765287558 -0.17692982058153 0.284400743285156 0.115706280808803
0.00539331598081609 -0.268143083444287 0.16636378405268 0.0822378366436148
-0.126195920711202 -0.191812620417797 0.12787662538859 0.165767818899792
-0.19028556134973 -0.111202555232751 0.186868124410122 0.240966924679519
-0.191309059561298 -0.0556349263762268 0.226478739639361 0.247293048308815
-0.198803409281421 -0.0512302221872462 0.230755923177073 0.246048920051359
-0.150941830388102 -0.0908551866522364 0.126352437821628 0.227273749379449
-0.0980222601758715 -0.161324044318381 -0.0297335421436959 0.186420760138862
0.0761388663601365 -0.192380500045793 -0.0816969995366761 0.0428084683245264
0.148584573711348 -0.0674121122486147 -0.0641663265400652 -0.0633512109239272
0.104402718957201 0.0271371091268533 0.0340944886538421 -0.232236431977617
0.0559179327042627 -0.0260120600287875 0.24029815514991 -0.153769753063443
0.384354006979327 -0.0560640628429438 0.473892167420502 -0.130448611112764
0.382824455842576 -0.126844957579869 -0.0137344699961558 -0.0120720888853528
0.322247992987576 -0.244590790034241 0.110271583530135 0.341998871577222
0.23835798360811 -0.343739492621401 0.298127824482077 0.120093217619632
0.0145004523251936 -0.403131741538386 0.165109973940026 0.0137619365427535
-0.142935599743133 -0.329220163383304 0.0601769868252197 0.0818389646551158
-0.253625974422946 -0.244533232383276 0.0892466137839729 0.188623307435478
-0.270083270151489 -0.140913313599222 0.140040911840958 0.210370339476454
-0.276521822781488 -0.127965205750503 0.16621279648652 0.212141843096085
-0.19469366899252 -0.166991563618771 0.0837913860536878 0.196427848321885
-0.141843291063242 -0.221226089096902 -0.0408413151985524 0.165134317653909
0.0337353346167211 -0.284589502406711 -0.0914181310371532 0.0428830856727184
0.156953976872324 -0.221981701945422 -0.0772226833846802 -0.0480151273498406
0.229794270037624 -0.101736412055782 0.00104894989120155 -0.236964876505031
0.271253320333616 -0.0728413338365828 0.191577026341335 -0.173198633009445
0.585423724298424 -0.0474976477600162 0.289845542797769 -0.0964362505682533
0.574969067602106 -0.207980815081599 -0.147201725978196 0.0407386513199097
0.416378650076093 -0.390932466765567 0.0762023269593538 0.3778955856063
0.236820992587173 -0.450512360461056 0.307601480070265 0.0938477813691604
0.0136008344413959 -0.459499683021696 0.161411051437315 -0.0889356873904629
-0.133180832023164 -0.398752543885318 -0.010142724789584 -0.0418416526178496
-0.270231284718421 -0.3298264958128 -0.0222625825493577 0.0945441436087073
-0.310333464724092 -0.203726845615401 0.0312233289935322 0.142144338258942
-0.324176639397187 -0.194660095320939 0.073873931743136 0.155606757245617
-0.232931175098032 -0.234371344458417 0.017169223744682 0.155276045148184
-0.186361332382678 -0.279225152995708 -0.0700832520094705 0.142886730998106
-0.0258711729346597 -0.37399124292539 -0.120414984332628 0.0476068977303664
0.136913824692028 -0.378294723671126 -0.110796352736194 -0.0350019127651201
0.327853333123161 -0.248264913237919 -0.0394955263300909 -0.225685070582763
0.460301110153474 -0.128770151181021 0.0972065436397614 -0.162934522004812
0.68119065674369 -0.0325479058863705 0.0797702559871599 -0.0600613166059074
0.642274610688293 -0.257272217339351 -0.255092115208889 0.115044399694167
0.40016792883334 -0.451928440106666 0.0730125791117157 0.373933926114211
0.169899449974566 -0.445275044234855 0.303096884096175 0.0431855776875463
0.00321782240039543 -0.408032211734403 0.141960398220927 -0.194551233411105
-0.102100049600946 -0.382292214367059 -0.0766781020368526 -0.168821732184305
-0.241850367342854 -0.354211030448914 -0.128965621035837 -0.018235201278533
-0.299392338754349 -0.237370258783661 -0.0828023355010294 0.0505203047032225
-0.325967031992034 -0.240139596411426 -0.0363053314350298 0.0792853254254804
-0.239787433276657 -0.28330050361215 -0.0735568359774555 0.0977498704796183
-0.205079553743634 -0.317250676827734 -0.120000370541901 0.106567685342289
-0.0734522088012364 -0.434791761297291 -0.163790481980271 0.0429759870800878
0.109902851003754 -0.497958983209754 -0.152165245778966 -0.0289876337148715
0.395880454294951 -0.369445093979557 -0.0827683100951494 -0.190477310181624
0.594697035824614 -0.166970444815804 -0.0357091245975382 -0.118266433520442
0.660557284486638 -0.0283960485762723 -0.110342066534494 -0.0222572026905555
0.573678456695938 -0.279964096032686 -0.304740400718506 0.192032282202933
0.277065922389412 -0.415411566249186 0.0889003238036448 0.328107010231268
0.0665332527880508 -0.328785052927429 0.272746522249092 -0.0117978208093137
0.00309300400350985 -0.268409080144381 0.105529150365842 -0.264624556417513
-0.0499069204472267 -0.298670441914078 -0.130896779332738 -0.261504918087136
-0.174091505084521 -0.31820499591847 -0.212915125805765 -0.124470365425532
-0.240465906793492 -0.23553946816377 -0.184143098276939 -0.0497815081040904
-0.268431242737508 -0.256867910711961 -0.146684175702014 -0.0111180738649106
-0.193346923615826 -0.294293995823285 -0.16678409339421 0.0203675502500667
-0.172248658582533 -0.310468822187562 -0.176726099032225 0.0482338414227974
-0.0860639773803702 -0.427562993711585 -0.209261356143877 0.0202637246639942
0.0931657536106929 -0.538222525244017 -0.192259065992868 -0.0412691856394095
0.430630342149924 -0.418218287167322 -0.120869067410818 -0.140823698451094
0.647522903530302 -0.159775298067245 -0.191193078174591 -0.0498855819133701
0.544462531127792 -0.0379957699665231 -0.24773920277153 0.0211921117176317
0.412988466690193 -0.276971042562714 -0.294036564999278 0.248245477773899
0.110585575076041 -0.312332660823203 0.107184670210243 0.253048215427487
-0.0261147641050598 -0.160009227865262 0.219545421896079 -0.0485900100161011
0.0175410815717154 -0.105633914994406 0.0664908777709061 -0.280296877804176
0.0116403942888653 -0.18478874893326 -0.160885628857855 -0.304221372841605
-0.0845952779099752 -0.240288094045828 -0.26422534986114 -0.205997295409831
-0.143923665312385 -0.198516172149202 -0.256505154909031 -0.143243603331291
-0.161509851868542 -0.229892252731171 -0.230115430392794 -0.105790051529192
-0.101974563985959 -0.247660058762234 -0.231606418275323 -0.0665865238784862
-0.0994702931345929 -0.235339858004399 -0.21345750553832 -0.0222232077369346
-0.0758516036554555 -0.338786673857742 -0.243638117424705 -0.0204870982076231
0.0800921425819199 -0.480624175676551 -0.219907282676767 -0.078439606912538
0.41946351409607 -0.372979841908983 -0.146979168420544 -0.0955564602891764
0.601935306489117 -0.104507347982855 -0.347902022230079 0.0211966042995943
0.356315906378521 -0.0436323261418792 -0.317491467065698 0.0725951133559697
0.217675517714596 -0.240393239231305 -0.239981318238745 0.281727194298762
-0.0367011469354417 -0.182394646773272 0.113872205091411 0.175275050231261
-0.0786311870339616 -0.00592977848611432 0.161390978872926 -0.0600927471936068
0.0407246601483413 0.027998491853637 0.0395751415104471 -0.259493727237228
0.0695944558202642 -0.0732970619887274 -0.165292701049876 -0.308075650207871
0.0158837989599925 -0.141528209805459 -0.281038905325915 -0.256055603872992
-0.0244644724227456 -0.130199167661017 -0.288361988690144 -0.214049279734125
-0.0255135781841885 -0.152215176744749 -0.265910272879296 -0.184660668335494
0.00446809125756518 -0.133937325603161 -0.245764136064527 -0.139776589884931
-0.0274670046291354 -0.0946910480605888 -0.217408002842088 -0.07897046132575
-0.0769584737275622 -0.184791849291223 -0.262945794069772 -0.0652305785897319
0.0456457479894304 -0.336820603990013 -0.231704791316564 -0.139048960862831
0.335948011434316 -0.254338720043938 -0.15242471756791 -0.0698339378088044
0.446065066878635 -0.0166605806611428 -0.476712591115507 0.0720915102282535
-0.179407753936461 0.0325580231517991 0.628717084702792 -0.189453570208667
-0.108786648323174 0.154069185332277 0.202089678606924 -0.0401433947724011
0.0400146793839524 0.162633422699484 0.233690363097706 0.192254384791261
0.13509920334693 0.000770223468473375 0.277378256660168 0.0778309085169211
0.00153108399224654 -0.0950317260064071 0.178551178111243 0.102369042731051
-0.0786739657461451 -0.0215567900688741 0.192869127917791 0.189552814576677
-0.0864810205925425 0.0410222224124333 0.261603020587427 0.237277393710402
-0.0846076148696328 0.042949649192808 0.288513185539983 0.246742272826637
-0.105098057980656 0.0421315561397731 0.279573800066433 0.252919123356176
-0.112481151180265 0.000515964143339853 0.162323032334299 0.251232125007475
-0.0724445748288452 -0.0923777730725138 -0.021956176371533 0.222561540488004
0.0880464603165752 -0.108811225286908 -0.0969422263443382 0.0596179691914808
0.110159288432329 0.067610666800765 -0.0816326047763755 -0.0860132040190626
-0.0407385425694689 0.119370476991049 0.0547150757933705 -0.229135391127111
-0.167216400938118 0.00235097373941592 0.245203958432439 -0.123738666280016
0.113690292968882 -0.0377288356555447 0.594031234744098 -0.179053144339057
0.130906313985256 -0.00898286078251846 0.10844767934255 -0.036471130714172
0.174121635724506 -0.0506317707037974 0.179158999509863 0.279014861220588
0.190604534800735 -0.186658149667755 0.290414178289669 0.107258155394432
-0.00316456044259749 -0.27181379916308 0.169241822682967 0.0782440006902295
-0.134465508057372 -0.192253528939863 0.132104181887619 0.167602543971688
-0.195983295647812 -0.108191100143682 0.193040929909966 0.241187229177798
-0.194102597696257 -0.0498370803352 0.235380898586295 0.247133327350511
-0.201894935162385 -0.0435791491203496 0.239194652194622 0.242817513039065
-0.155383043088661 -0.086548382299626 0.131820792059115 0.225844572789516
-0.103954176308633 -0.157168168471587 -0.0270131920070436 0.190703528770629
0.0709474901414722 -0.199742724047994 -0.0842459371148019 0.0464262710511961
0.151776336875609 -0.0731036355507727 -0.067303565391038 -0.0646011742315642
0.108513345238614 0.0260687603363199 0.0281844951982055 -0.233218887746942
0.0571310861895775 -0.0245844503236094 0.241301934114229 -0.160811689329811
0.388406333041115 -0.066771928049758 0.473535193793787 -0.146817609998608
0.386430586004477 -0.136844805745128 -0.0181036146859388 -0.00936165079869866
0.320053686857508 -0.253960471494598 0.125032993180328 0.345191508733581
0.236047776323094 -0.357915051628757 0.304444312754874 0.11095649151938
0.00478033857703406 -0.409390040719653 0.165922562763343 0.00691304553390639
-0.154434765419863 -0.332051059019952 0.0594012116812462 0.0838960198232511
-0.265909298802958 -0.241367806354923 0.0934606797636256 0.191299231611348
-0.276870078182492 -0.134321009641095 0.146716103927288 0.212850152834317
-0.282338783832059 -0.119962820725566 0.172591350229461 0.210710001613279
-0.202175211567959 -0.165520771810773 0.0877705807053998 0.196610063345251
-0.147716934919402 -0.21784638290518 -0.0394607383201091 0.16948619319402
0.0264726140763656 -0.291620997478645 -0.0943047716718775 0.046314041414928
0.155114007438033 -0.229327997480591 -0.0789855726258357 -0.0498117233902881
0.233084735891878 -0.107897830906017 -0.00507273875845115 -0.238444090244867
0.275533119435882 -0.0785331523006277 0.190596619975766 -0.180518038355373
0.592338860358659 -0.0636822620176495 0.288379217878912 -0.106403171146634
0.579909578071363 -0.221921548825443 -0.151731253760831 0.047331762801041
0.411110673945868 -0.404836020233876 0.0907988231320668 0.384515081271074
0.232287577984055 -0.463850392450119 0.314368514854514 0.0836721641712844
0.00360715572424777 -0.467833061802191 0.159325571373613 -0.0975886400468501
-0.146785274096159 -0.404674780286052 -0.015622043701926 -0.0391893696346221
-0.285097586921093 -0.328484455411889 -0.0211630795135815 0.0982774589075417
-0.318691321942056 -0.19870379744552 0.035025575753338 0.145344619858757
-0.333523325801476 -0.186855355581623 0.0781274362466204 0.156846737943088
-0.242067417794437 -0.233930940284958 0.0190755358219852 0.157220674480897
-0.19350213701067 -0.276314425343826 -0.0699668698643828 0.147569377742274
-0.0344542546925965 -0.38096463599954 -0.123203745506194 0.0510820180584555
0.131592133337531 -0.385873812411089 -0.111226704841856 -0.0372757187175043
0.328242580437624 -0.259046831193151 -0.0459214838792396 -0.227931546085609
0.466289960478208 -0.142607608155624 0.0950958565669633 -0.168047912706331
0.689808094484829 -0.0537016962595292 0.0754642750163774 -0.0654831634751172
0.643474097343611 -0.274814665846921 -0.258538525657765 0.125019253801756
0.392526623573571 -0.465662828210288 0.087316644869899 0.377414659284967
0.165929347986237 -0.455538558605977 0.30838924874675 0.0314391480197876
-0.00350111448901719 -0.413659476766369 0.136933519044788 -0.204692129151587
-0.113172470576555 -0.389445680106838 -0.0871877969590906 -0.167114599909337
-0.258768034513748 -0.354024519851478 -0.131588583232577 -0.0137710504015891
-0.309844398405934 -0.233344450175488 -0.082980771824784 0.0546768632217877
-0.337177827715984 -0.23468985446563 -0.0356885722762267 0.0830751009671404
-0.250701705050114 -0.284916930901202 -0.0736131284563068 0.10198654365952
-0.213227264857549 -0.316367702838921 -0.121230069111055 0.110975495697885
-0.0832989380117523 -0.439339818223837 -0.165460596629139 0.0474955992680001
0.099015114084635 -0.505507430454829 -0.1530756187763 -0.0310514744199002
0.393484804473684 -0.382538789292369 -0.0893893234608954 -0.192185234642672
0.601871470855891 -0.185370814255237 -0.0387359447699329 -0.119807189116411
0.670201424499279 -0.0495518466166879 -0.116548616335018 -0.0237601875214033
0.573443195809475 -0.297113754095321 -0.307048772040194 0.203472300931379
0.269764124998245 -0.425847475829175 0.102092740964132 0.329971436091136
0.0626691743620661 -0.33386640769343 0.277443681565443 -0.021621602969185
0.00127141096804795 -0.271689679251203 0.0987948417522615 -0.274312758433586
-0.0577027114613866 -0.306436287647302 -0.143507074888554 -0.258637585674058
-0.187770225530624 -0.320784551013386 -0.219166210769951 -0.120114631746924
-0.250204952339078 -0.234241346451716 -0.187955834333049 -0.045803741389934
-0.280352316628498 -0.256308613238152 -0.149653737982647 -0.00623433201404474
-0.204233168002423 -0.298198627264246 -0.170011938014979 0.0261400140241826
-0.179337559089249 -0.31038293977139 -0.179398199852555 0.0532108205138273
-0.096738887730811 -0.432900447666518 -0.212115081242665 0.0247552026504329
0.0812673398762077 -0.545971458226597 -0.194074446312897 -0.0420574678487354
0.427814409654856 -0.433571581349294 -0.127653770405034 -0.142487644248776
0.6568262806304 -0.180728726855957 -0.195114569989067 -0.0465352428707852
0.550861271166789 -0.0552100020893848 -0.254271925355755 0.0234289753818958
0.40942709066944 -0.290886162363897 -0.29213836314674 0.259891232511498
0.103209021825154 -0.315768713311457 0.118456096179392 0.25312248431072
-0.0271784544750402 -0.159939183260227 0.22281378517764 -0.0561639232287306
0.0206409687179869 -0.107217812881255 0.0602344888041712 -0.288225295703089
0.00812773276377019 -0.191981259178974 -0.173524958328625 -0.302339675797105
-0.0944275116821746 -0.24451096597772 -0.272644103408282 -0.201657836997189
-0.151222626186585 -0.19978056190213 -0.264075715267209 -0.140803304934012
-0.171487787183938 -0.232135460216528 -0.236775586937564 -0.100240931133596
-0.109814028414941 -0.253069196015193 -0.237006375977119 -0.0598704358275121
-0.103439971307384 -0.236803315197323 -0.217142740033816 -0.0173638474682406
-0.0841124061598442 -0.340926337541073 -0.246713387525469 -0.0153812614013965
0.0678999708708099 -0.485978406142232 -0.223974348733529 -0.0786538240083398
0.415628277933305 -0.389401279646399 -0.152390484167652 -0.0970387112121634
0.611618462162326 -0.123889471283201 -0.353263716839779 0.0290983162235204
0.360804289102363 -0.0563669918434454 -0.322800272979182 0.0771843996416741
0.211470938744731 -0.250053578484124 -0.235335500829318 0.290965802546751
-0.0424067128612986 -0.180310526782259 0.122143508903619 0.173583520941898
-0.0769109859206631 -0.00242785046839507 0.164484617881794 -0.0639854599474156
0.0472381745654857 0.0268494270102011 0.0332694766788507 -0.265130103421144
0.0702903366799513 -0.0800308623180128 -0.17733028196202 -0.306331438354197
0.0112944334224493 -0.147052123521005 -0.289660276993579 -0.254222772225986
-0.0286333568080298 -0.133904953887523 -0.29756938388879 -0.213455194540025
-0.0314544578982617 -0.157452128659642 -0.27478265042668 -0.181281642365373
0.00212422207777857 -0.140405548733429 -0.252341109862 -0.13436484476876
-0.0272826886308215 -0.0962098544574832 -0.221751907871223 -0.0755320479427369
-0.0811182341819267 -0.183156937774065 -0.267229375267428 -0.0594944063954901
0.0365403601209602 -0.340313711576682 -0.237785309468763 -0.138572230205031
0.333550687648252 -0.265906068315861 -0.156902473811645 -0.0718548144415818
0.457366472377751 -0.0323362288132486 -0.483367613167227 0.0854028137696039
-0.181368844833617 0.0407411058341303 0.620575881454865 -0.215525848649261
-0.102970207106774 0.159782665970803 0.198768581616562 -0.0471260288673291
0.0481585124531009 0.161101057013373 0.245408109367305 0.183867920554006
0.134261543999854 -0.00827850965153617 0.281128162424181 0.0649535557483309
-0.00648517994351211 -0.0961900981887014 0.183358843646902 0.0964934526309788
-0.0815384502754284 -0.0173389936944185 0.202072941891666 0.184525536539413
-0.0844711225876944 0.04566748167837 0.271116646245006 0.229334181139362
-0.081636214874973 0.0487797454991007 0.299625493387234 0.23861292702805
-0.10273916688708 0.0498126209915212 0.289769057983348 0.241227546167483
-0.112010645116293 0.00873860869544314 0.171928978133773 0.244455012934062
-0.078902899981902 -0.0872126385055746 -0.0130453478222231 0.226683489635887
0.0808575698367483 -0.115208731136347 -0.0970121384036406 0.0654171580844893
0.116722916530625 0.0607687900453944 -0.0878393896098282 -0.0826425156828804
-0.0336504105010058 0.122215678569722 0.0449488573432665 -0.229248948123724
-0.16857546679964 0.0134237306503319 0.242664649652752 -0.132060598267757
0.10985237493598 -0.0430395518164096 0.586442151675397 -0.205472444577267
0.131862161560731 -0.0129127350933006 0.10454238217253 -0.0387669155981646
0.174305764953743 -0.057855591834548 0.19565131035929 0.273169458262738
0.184043579118817 -0.199195569502682 0.295150160797798 0.0918238220376081
-0.0158067659268564 -0.273838415692948 0.171746105952933 0.0714192808403785
-0.145325224867004 -0.188714526039143 0.138043766454935 0.166162440152344
-0.20263447769666 -0.0990817814443981 0.203958651358399 0.23636730257801
-0.195982104910795 -0.0400398202635668 0.245260063170505 0.242789839550773
-0.202867529262165 -0.0317005801407037 0.249154038483924 0.233535625342368
-0.159439179193464 -0.0784953092786249 0.140167806333797 0.220814700174335
-0.110718479818925 -0.150804856714745 -0.0202039737099117 0.194716222674074
0.0614220635038977 -0.206547394058088 -0.0852009965509628 0.0506893307307939
0.151960854162206 -0.0812634850241804 -0.0716324357916174 -0.0638422075935883
0.113291286529708 0.022042503916116 0.018804994848415 -0.232614764763602
0.0570236581285784 -0.024512524668318 0.236922037542503 -0.171023934279198
0.385689684509847 -0.0849437236572993 0.46670126250883 -0.166772786173714
0.383970519392371 -0.1518735935738 -0.0216350191784635 -0.00541124555950273
0.312167232932873 -0.266358089023342 0.144084831028251 0.342904242245173
0.225497148816646 -0.37110243620513 0.309851302875405 0.0936674365695497
-0.0122266459622828 -0.41262109070341 0.164131435870421 -0.00318604015346532
-0.171247134264573 -0.330147712288334 0.0600304871154878 0.085694529421271
-0.279329587781347 -0.231062069311492 0.101238877056118 0.190540322883604
-0.282952051532067 -0.122437233258018 0.155171998184094 0.21143786155944
-0.287061946880454 -0.106659708977814 0.181438415605999 0.205398070481871
-0.209832490533292 -0.157879455572467 0.0938961673070428 0.194134450657368
-0.155769958932392 -0.211478868147264 -0.0352178828439435 0.173766077395047
0.0134763251309612 -0.296581808865137 -0.0949114977275168 0.0508134490831274
0.148240270294298 -0.23750310099462 -0.0818912451423425 -0.050725018426229
0.232489356152858 -0.117037573811177 -0.0158193866608969 -0.237971972545785
0.27596785454812 -0.0894541790708322 0.184921774130122 -0.189230594538492
0.59411364209145 -0.0915676189938291 0.280198097168185 -0.120832360886002
0.574557628531577 -0.247045696084361 -0.154331485533716 0.0572405053395308
0.394826629604013 -0.421898019592897 0.112724504772996 0.382519112130454
0.217095925453482 -0.478377767276352 0.320015579957841 0.0662911867526743
-0.0146562833655167 -0.469432913169529 0.153476671508508 -0.10916918572936
-0.165436308076357 -0.403798688678801 -0.021956069173509 -0.0356146718401861
-0.304594821566423 -0.318793626408151 -0.0179404587756257 0.101940362989964
-0.327429671189105 -0.186252121776352 0.0404037943040015 0.147653598192051
-0.342151257981847 -0.172684588381843 0.0842576949869043 0.155973920730129
-0.254309155510083 -0.226642621281563 0.0235276256230851 0.157804077269078
-0.203617821721599 -0.268766407735684 -0.0668936014954228 0.152898035573674
-0.0511574449171104 -0.383746166438491 -0.123542466114924 0.0564766396849617
0.116228330191539 -0.393772164546167 -0.112845489464568 -0.0377420432777653
0.32133756958321 -0.27215767381287 -0.0569885364973876 -0.226081068606172
0.464874274533581 -0.162792014947406 0.0891771634842419 -0.173757652405544
0.692244616487596 -0.0849396211312224 0.0687456822801093 -0.0715836865934856
0.637625867582442 -0.301049014893583 -0.258326279810555 0.139760682372514
0.373916382624859 -0.481283316025634 0.108294048996558 0.377316401487488
0.150355595329198 -0.465481345966599 0.312032332447624 0.013900934313003
-0.0157830238069177 -0.414286400151522 0.125550145305578 -0.216362987100038
-0.128556916377331 -0.392322643558969 -0.100085777714118 -0.160276604322532
-0.277960584288987 -0.345695248721076 -0.132835154030277 -0.00664056572555993
-0.320676897054241 -0.222991348405897 -0.0816885818075444 0.0609891147007701
-0.348160847485604 -0.221566080811965 -0.032903704354974 0.0864076439910119
-0.263978959272658 -0.27862186003706 -0.0712713471817808 0.106339908409503
-0.223913451687185 -0.30931193234662 -0.119327740124849 0.117565530081384
-0.10134153046922 -0.440474596705068 -0.165489404580782 0.0546004862558266
0.0780214485392864 -0.512065257955244 -0.154285234489302 -0.0301844933029717
0.381024507522635 -0.399958138351133 -0.099558499757888 -0.189842331460801
0.599637255009281 -0.215497485811809 -0.0440402309472034 -0.119499227607411
0.6721476801038 -0.0802960480184988 -0.121958696885191 -0.021855265070494
0.563872487093146 -0.32151509044397 -0.302597185751705 0.219717876712421
0.250488390433521 -0.436237775102527 0.120266317923997 0.328122960368849
0.0521214282681886 -0.338240657483741 0.279987690764833 -0.0373038662261236
-0.00416658869539501 -0.272967014170896 0.0856469303065973 -0.28411621509514
-0.0694175078254829 -0.311053844848596 -0.160378185241707 -0.250989748260874
-0.206074659351896 -0.31620934140775 -0.225789082670433 -0.111099811579173
-0.261227629026332 -0.226212875983464 -0.192275980769598 -0.0375808012420234
-0.292798992089774 -0.246192438437046 -0.15120505328864 0.00140157314737187
-0.21903942230071 -0.295223179542206 -0.170592758232904 0.0354460017923514
-0.189665985290738 -0.305890729500491 -0.179571371137596 0.0610845298682765
-0.114907595750219 -0.431085190474176 -0.2119156022155 0.0327322627851309
0.0577162434413366 -0.549602839411055 -0.195819928548799 -0.0397226519031757
0.413681420995717 -0.453925868183676 -0.136134082657905 -0.139678906729211
0.655095204508099 -0.213833796099642 -0.198353479091672 -0.0389490887506213
0.552090246756473 -0.0813657422525594 -0.258874438153639 0.0304100640971286
0.397707150785797 -0.310594315336555 -0.284040524794024 0.273801219977308
0.0890365267036436 -0.318456906892205 0.132457976479001 0.248826362227092
-0.0309982156771594 -0.15855016685281 0.224474057597283 -0.0674472105416666
0.0222248265859289 -0.10924189818995 0.0464962284206201 -0.295350918614355
0.00186172152166254 -0.198189079194738 -0.190645890821896 -0.293427276810039
-0.107715764413573 -0.244994929578867 -0.283330676904178 -0.191465443356155
-0.160628299792978 -0.197111653491096 -0.272324237061631 -0.131845153717665
-0.18371886139724 -0.228619507731969 -0.242686921090307 -0.0905562857810774
-0.121450605646625 -0.254767531415728 -0.240974267003902 -0.0489778558208157
-0.109973628222662 -0.235631273352288 -0.219816941633582 -0.00929343837977789
-0.0976256974370292 -0.339143516478426 -0.248008014641278 -0.00599805132785931
0.0482803954072388 -0.488533306481116 -0.228710242412162 -0.0744517322878364
0.402703912620644 -0.409771507622538 -0.159401026847423 -0.0943240950129005
0.6124976373838 -0.154546552223235 -0.354085520460482 0.0449287616607286
0.360909576308998 -0.0744702881078791 -0.32380308362483 0.0867525526108277
0.199233673224196 -0.260621682438729 -0.223992239993448 0.301695755377193
-0.051184836500442 -0.176660814175137 0.132005953228691 0.168044193200163
-0.0750967301814928 0.00167411736871688 0.166298589913259 -0.0704142125686534
0.0536566858530052 0.0239835653230906 0.0229880561005361 -0.269435605660421
0.0684035875562156 -0.0875752343182234 -0.193386941257794 -0.298026656205683
0.00256250582766464 -0.15167170874594 -0.300818657795769 -0.243661505443927
-0.0348362610736027 -0.136857195042794 -0.309607887146801 -0.205932033163889
-0.0399846797918787 -0.161261593768059 -0.283662747627715 -0.171759749439944
-0.00383495884087316 -0.146312026631645 -0.258219371086591 -0.123224691934968
-0.0279367464667927 -0.0965520611432524 -0.225135889476656 -0.0666247806603597
-0.0884645375118549 -0.178987074197658 -0.268956666229521 -0.0485955035221454
0.0214198400226878 -0.341003126052522 -0.245547516208496 -0.133740663144625
0.324149805732967 -0.284091761328862 -0.162552295530344 -0.0699618437956843
0.461095426824009 -0.0572365435645523 -0.481257361571586 0.107252933122396
-0.164062952702771 0.0615254103936179 0.567367167461274 -0.305314563013603
-0.0695032804049397 0.168017560329819 0.178642926052455 -0.0801847044240123
0.0805000425469324 0.148757444494348 0.259017128696534 0.138779228630791
0.132353763639075 -0.0337986326194729 0.279401255672032 0.0253484217048586
-0.0202996810162295 -0.0914005378848763 0.197904936147258 0.0690683871736488
-0.0756189718016664 -0.00208291985274799 0.224447261161887 0.14753492205314
-0.0697592176502653 0.0603412266580427 0.298969582521814 0.182332329656598
-0.0649934886000151 0.0598354895158607 0.322821588523787 0.190250006194659
-0.086193284805534 0.0660998471287578 0.312774221850044 0.198690785503024
-0.104722201657151 0.0262093658324549 0.198426191448992 0.217529375452478
-0.0884265334891862 -0.0696251295177873 0.0177524940528237 0.225941848582467
0.0595006956554572 -0.127379257323792 -0.0907385791132548 0.0804276162128824
0.124630357982112 0.0414150927812814 -0.100255418398549 -0.0716133095757386
-0.0154429659030418 0.125297062791242 0.0198910072855227 -0.228566507135825
-0.165910399113088 0.0373934376637598 0.225960089113938 -0.150678767808634
0.104672562467519 -0.0700484690445582 0.53201301591846 -0.277819921357118
0.128078115282543 -0.0366884849646434 0.0909281190469209 -0.0443812858467849
0.167514234232482 -0.0820400042349183 0.233320346606321 0.245653632086485
0.150146527798075 -0.227849327058409 0.304628079585218 0.0565385532291822
-0.0561089543743494 -0.263135724133799 0.188731163769385 0.0458537974175288
-0.165108481585196 -0.159086409965617 0.164427668764614 0.140171101069391
-0.213348908081225 -0.062574837942783 0.241485105651209 0.203885114482942
-0.188160875005927 -0.0104566717370336 0.273476168612566 0.2012874132142
-0.197690966241548 0.000993766002979325 0.272227088703114 0.196949467769637
-0.165211042571741 -0.0539175191665333 0.165166806074776 0.200560209210169
-0.12806357889723 -0.127272567114861 0.00600845820660092 0.196442620627444
0.0270426763230382 -0.213326554111833 -0.0808064194744357 0.0666094061696159
0.138090784532755 -0.101658713830846 -0.083963522200217 -0.0541298542613525
0.114785346554571 0.00738524090495533 -0.0111708334911973 -0.232393720069892
0.051970476438246 -0.0314493594051964 0.211600505685083 -0.19343209761565
0.366309134774425 -0.155458861100696 0.416396208570115 -0.213280505412688
0.348016159923639 -0.212329078432801 -0.0258112194807856 0.0203658649192906
0.267321998273387 -0.30591751658063 0.2026383233206 0.332895401159319
0.163648502317691 -0.403812715723222 0.32532505831988 0.0613895091423923
-0.0723826557342313 -0.401067740199121 0.174714078864392 -0.0246458852772433
-0.214262766644571 -0.294477346318071 0.0811318057284402 0.0756863642340675
-0.313433534003585 -0.179360520451181 0.13969899518582 0.177666389415196
-0.285213049300105 -0.0783057692708707 0.182937989533905 0.182220292014995
-0.292718001870944 -0.0585026242896391 0.203985667594412 0.177852218153393
-0.227802441415166 -0.124595477127702 0.118064442706457 0.181651388942274
-0.179327862428643 -0.180130702682395 -0.0102863290222729 0.178476913462306
-0.0326107672329081 -0.294928370166871 -0.0885812793022 0.0684784299290195
0.112231411003966 -0.252207970884751 -0.093065414714303 -0.0379010163226115
0.211639043492492 -0.144731789476844 -0.0497648379342874 -0.235400222004462
0.258684804602072 -0.125324831338629 0.153779795115873 -0.210950031888679
0.565603774586003 -0.19458122118798 0.238571636919099 -0.133501943814974
0.515092713061013 -0.33312144924579 -0.145388688816526 0.111396778669401
0.321856175698112 -0.471357062944827 0.183758092949675 0.383444226754996
0.137911223033036 -0.503865581437189 0.33617213297908 0.0350303475205201
-0.0812024167895409 -0.457435055353889 0.14911498452333 -0.127988167424331
-0.222863679478948 -0.369763047816269 -0.0147966312564736 -0.0276926195625212
-0.355158913664716 -0.263323894673371 0.0130778959148948 0.111630040698953
-0.339838090379178 -0.13423499522117 0.0646989473350559 0.136736569496911
-0.35849253910948 -0.115903855279696 0.104265986308429 0.141897818460444
-0.282603242795475 -0.186872021625863 0.0464432386725293 0.156517034427667
-0.233111132754648 -0.230196144107071 -0.0432043681777725 0.161726459248223
-0.107351025314498 -0.369836433438989 -0.114228526275134 0.0796020703706552
0.0590695430832895 -0.39838236403278 -0.1229529390502 -0.019102674665693
0.27688629918742 -0.309567293280421 -0.0945973258731358 -0.221076691189728
0.436566015482922 -0.223832382764334 0.0572872090772056 -0.188775269175099
0.660181735335124 -0.202954233251441 0.0381847332681524 -0.0520490332575558
0.563726442829032 -0.394411328821774 -0.232084209772979 0.210360603894298
0.289344181144863 -0.52366408212888 0.180626523121717 0.377863967439034
0.0754197695068013 -0.483263525028824 0.323596553174407 -0.0171628958585721
-0.0760053162456091 -0.408406203771558 0.104426713467773 -0.228447453704101
-0.18857183938831 -0.367447553474294 -0.10922550655188 -0.135295422601289
-0.337146907160531 -0.295351169655294 -0.115630289372621 0.0240943288621719
-0.339853785394294 -0.170798956051242 -0.0660506493686289 0.0688534921634924
-0.375382386565962 -0.163298785177392 -0.0193726311380985 0.0886744325412384
-0.302683785259864 -0.235240077387838 -0.0521924307184402 0.118267216752694
-0.258561245163658 -0.267043530456591 -0.0985402168377719 0.133495676222574
-0.165598540421215 -0.41732242670642 -0.15408068581989 0.0838710722107754
0.00642377217002318 -0.506567355483417 -0.162120199639961 -0.0042317404551888
0.316657283033858 -0.442023823437027 -0.136566887407592 -0.181830229632446
0.562762168596137 -0.293977316022791 -0.0691703652322666 -0.123628474080082
0.63710376876267 -0.194458546449181 -0.13875370998692 0.022347336981487
0.485689458093589 -0.399167954858257 -0.259948313666317 0.291458896401249
0.175742551048936 -0.459608726671875 0.186207891034429 0.321710028692233
-2.4014177001928E-05 -0.341026041596766 0.28201360666529 -0.0700871322680292
-0.0416166937475319 -0.27245321304557 0.0488459531426843 -0.289371789139559
-0.119559518754396 -0.298871051306121 -0.18362981277858 -0.213109296951685
-0.263279516560804 -0.279020696795108 -0.224068222684605 -0.0637563117409401
-0.286035802447693 -0.183675610949737 -0.187299723669748 -0.0113953674135287
-0.327601071700991 -0.197472183604284 -0.146690593379432 0.0202663347857206
-0.261285750686854 -0.258481204340998 -0.158921937959343 0.0611116319693938
-0.225966939065755 -0.269200639908361 -0.164054458329072 0.0851377462886957
-0.177907539036711 -0.405456947766997 -0.200526650655792 0.0676256538874781
-0.0219264835496301 -0.539272728017206 -0.204066046122755 -0.00601721032596309
0.341175263360961 -0.498259823196334 -0.168097317590924 -0.129120738944931
0.618875684834224 -0.300691670976604 -0.211729619491638 -0.0288043858899846
0.519286528973562 -0.1738420567146 -0.260022337656371 0.087804489564753
0.328897183199253 -0.359431549590153 -0.230387322721203 0.332651965974684
0.0369946470673939 -0.319698704346378 0.182280723359461 0.231576195448894
-0.0515773604254623 -0.151778759512121 0.218996769864295 -0.0986769362290539
0.0091333000275357 -0.117781697841195 0.00323089940680357 -0.294695310828582
-0.0359197113367951 -0.200771564375284 -0.222012586394624 -0.248678035229179
-0.155036398885406 -0.225784957805788 -0.297100853490352 -0.135998193962565
-0.187467340632411 -0.169958196443277 -0.279938777048447 -0.0914050923245886
-0.220582736304298 -0.196351513638833 -0.247816270594539 -0.0583805732854987
-0.160128747787649 -0.233643952809911 -0.239348878977735 -0.0132069362977741
-0.139309600522322 -0.212368494017548 -0.213087495590758 0.0203152020496276
-0.145650435256365 -0.314510105516981 -0.240170814935364 0.0311736936196077
-0.0208358827134502 -0.476718608733649 -0.240259818697696 -0.0379038597276239
0.337777551012342 -0.455618473310672 -0.184996610241682 -0.0833694979942061
0.586691543212307 -0.236755792811708 -0.351501192251501 0.0713883353081249
0.334116615186717 -0.131335634239736 -0.309277658388037 0.143538513551208
0.144684784565557 -0.277035524851983 -0.165009703865783 0.339610559112137
-0.075935961265794 -0.15941399680086 0.164776406375718 0.143869130452047
-0.068710725590024 0.0122366886259303 0.155908355172448 -0.0982883500557135
0.0593112679490932 0.00682887613898959 -0.019683529725259 -0.265494480610897
0.0453057218163378 -0.102815664612117 -0.227966564105956 -0.252991304865974
-0.03191324375908 -0.15315582451854 -0.327341111458363 -0.187072781738328
-0.0593048411273096 -0.129316662086981 -0.327932530447288 -0.1575495462567
-0.0706432779017008 -0.153099274455677 -0.299424144640643 -0.133356722134556
-0.0282834581646121 -0.143758214017779 -0.26667897663543 -0.0871281921886399
-0.03912246332737 -0.0895204487384385 -0.226473090868795 -0.0369853179526505
-0.112828347133283 -0.156922208757262 -0.266010606424312 -0.0120148588831331
-0.028039741696067 -0.32902504632643 -0.2629667632911 -0.095920856086729
0.277238518243372 -0.322441369446758 -0.18079371359921 -0.0584782110714764
0.45103716362617 -0.118060671114688 -0.463324808170766 0.14991665074052
-0.15950261500772 0.067811761833192 0.539687102107462 -0.311491343081125
-0.0628198046132306 0.164944340477752 0.168982009974731 -0.0800379550415467
0.0831887874033105 0.141555399306722 0.257165348163787 0.127383934264561
0.126427187266357 -0.0390131641167236 0.271293620321329 0.0150317600514037
-0.0257088408988738 -0.0867417827644411 0.194227558825887 0.0602629098917037
-0.0752381708692349 0.00150385942155543 0.222029107762995 0.13812998921548
-0.0644553970750115 0.0617079504076767 0.296057033258984 0.171064132351815
-0.0599951658239199 0.0619417868288943 0.319290392491602 0.17965109032803
-0.0794037283117696 0.0689518485736687 0.304511049942359 0.183675238174816
-0.0990690433896282 0.0310743308085367 0.195641544070707 0.204750592513076
-0.0882817494578328 -0.0621518720051657 0.0241193896488463 0.220402571564026
0.0508377835925144 -0.126667329654285 -0.0873500078573766 0.0814926989998574
0.123837695239168 0.0341081559194179 -0.100808575746376 -0.0657697262208185
-0.0079792727958691 0.121255168219332 0.0128952193265759 -0.219288731241418
-0.159542847163649 0.0447376047026822 0.217309085380873 -0.150568451414489
0.0967131902671901 -0.0686710570230932 0.506565146562422 -0.283263052185808
0.124384522399479 -0.039081780320963 0.0845989748739972 -0.0423865360798906
0.161858061879674 -0.0837726028602648 0.236262446086717 0.231006017241593
0.140100354481043 -0.229953472954447 0.295272093018508 0.0434428991135328
-0.0635621752274906 -0.254925163655733 0.181964593607595 0.0382125233117933
-0.166955403087751 -0.149988393530832 0.162649591530135 0.134059519782095
-0.208840510557601 -0.052699807437559 0.240583631872851 0.192258332507182
-0.182612331525229 -0.00343820561888566 0.271376428789164 0.192064623609895
-0.189037321252327 0.00893514515705372 0.267981467301191 0.184392662440042
-0.161287652225969 -0.0452198418904576 0.163197869371229 0.190307223120987
-0.126784961386377 -0.1176857238913 0.0106867199264775 0.1932329935848
0.0169443162530079 -0.209129648628568 -0.0778989544251314 0.0668179391620333
0.132912971253308 -0.104753800814218 -0.0849487845230232 -0.0514805328826659
0.114110597801143 0.00345309796213498 -0.017192589865204 -0.221986521451052
0.0509856954899654 -0.029958735640158 0.201096414235389 -0.19279985083618
0.347872186626319 -0.161911597879367 0.394790715264789 -0.216527566309238
0.33474934132399 -0.215039358502249 -0.0277620700151197 0.0250557842286239
0.251357785714387 -0.303093128147678 0.209599671494821 0.317522735907549
0.148165708636368 -0.399990903004726 0.315575050766951 0.0467098736262049
-0.0822598403703872 -0.388384634448345 0.165216255822521 -0.0310014023656565
-0.21964064395568 -0.283234532460848 0.0782662165796696 0.075475081839265
-0.310715484529275 -0.163479925764786 0.140795036265039 0.169458545439029
-0.277932271975667 -0.0671209219125863 0.183386743483396 0.176698651460606
-0.283794036022086 -0.0476614225710556 0.202041554185049 0.168155897995228
-0.225424999996012 -0.114170195232435 0.11702527741764 0.174436118737711
-0.176591884752177 -0.169127499553941 -0.0067509904806615 0.176110797907796
-0.0416800859866135 -0.286733410371325 -0.0862438275227148 0.0693708567210489
0.102556198332716 -0.248866295347019 -0.0934805365984805 -0.0370517578903767
0.204931883894693 -0.146912452923906 -0.0554972673018184 -0.224655869267927
0.248860192935108 -0.129296708846087 0.144238019801753 -0.208021139435394
0.541126390774044 -0.206393905701289 0.22396261572281 -0.135008055882743
0.491331052477225 -0.337780160281905 -0.141820214121328 0.117322870262295
0.300906551042485 -0.462359844902051 0.191881350148837 0.366406724040857
0.121870883689489 -0.498327343501866 0.326558281619098 0.020071185060415
-0.0901385621592572 -0.444326191119186 0.136982806472708 -0.131170235321134
-0.22834641577308 -0.357113774656884 -0.0187111195346242 -0.0217146477850335
-0.355495638808617 -0.243488504878157 0.0161180566694527 0.108591973754867
-0.332535108252365 -0.121773644098641 0.0669003494368496 0.1350094514261
-0.349776560204555 -0.100807399852688 0.104529129143968 0.136309119753946
-0.280813101282729 -0.174020699760632 0.04732641848606 0.152083097645634
-0.229351616308191 -0.21772177287137 -0.0395458812593539 0.16058475113361
-0.116320125646582 -0.357405234387567 -0.110482706570484 0.0802311602725985
0.0470158133221578 -0.387321675602657 -0.121583693691162 -0.0189771392311064
0.262435548990317 -0.308775940052356 -0.098806881505346 -0.210048712287041
0.417118446998133 -0.23133088188366 0.0508529686257041 -0.185004833278727
0.63297512618032 -0.216694603218496 0.031493882100594 -0.0519035926974083
0.538417850912388 -0.399275937379634 -0.223470251868376 0.214309740236018
0.267403450076903 -0.514781268701529 0.187704699543467 0.360732613366545
0.060967770284581 -0.473081884750742 0.312910038139606 -0.0301009002386766
-0.0800715276526395 -0.395939839674256 0.0895941288927139 -0.227403813434934
-0.194325242830159 -0.356832938183183 -0.113479397529039 -0.123451824693649
-0.337699166269476 -0.27734309677357 -0.111848748241406 0.0277855357778816
-0.335313117849432 -0.157731272025498 -0.0625833756844022 0.071449491975976
-0.367769229144429 -0.148834473852766 -0.0163503183998095 0.0878505863284013
-0.30229377111959 -0.222906078324795 -0.0491627525239298 0.118339236361197
-0.255688501959699 -0.254104481311688 -0.0937382537724855 0.133797733363638
-0.173420346818508 -0.401282968346302 -0.148492708826915 0.084446127088778
-0.00642689823131208 -0.491638461743463 -0.160227053040966 -0.00320185760882399
0.298339743866821 -0.43996384358373 -0.138639089287749 -0.171609528689836
0.539564389586721 -0.303871239698157 -0.0698869395595125 -0.11874163666594
0.612545530786131 -0.210276827733552 -0.139066025103029 0.0248326943907357
0.462113306279491 -0.401179989755664 -0.248204732766924 0.292880591519106
0.159379243605684 -0.448276545575753 0.190813616003587 0.30529189459726
-0.00806245451323825 -0.331474972095817 0.271688520395026 -0.0791878822695746
-0.0426856432975442 -0.26587204042792 0.0357133715931346 -0.284350650662346
-0.126196702164224 -0.291520080286418 -0.186350846033628 -0.196908905994804
-0.265807890355253 -0.263666551648099 -0.219353446698223 -0.0550882650075819
-0.283320542674675 -0.172978177734673 -0.183007373753178 -0.00439152911675798
-0.32415425674248 -0.183037597151176 -0.141199634411949 0.0244991707826304
-0.263652422504727 -0.24769268419269 -0.152893428348537 0.0654452601781685
-0.22338735645213 -0.257408827194963 -0.158439008699883 0.0872869200591948
-0.183016664632486 -0.388223565463088 -0.194230196675214 0.0700400455242792
-0.0342692326775632 -0.520617415302295 -0.200614694307658 -0.00487207652713954
0.317998690568031 -0.49524241464951 -0.168555625008728 -0.120982636290947
0.593463570415534 -0.313899592013039 -0.205469266599447 -0.0221033611347125
0.497596996694703 -0.185570413503939 -0.254772050582484 0.0914213409823944
0.307068342410887 -0.357264907275676 -0.216601466532166 0.331143676334238
0.0264544533009815 -0.307570603952386 0.185483839180227 0.217943732063219
-0.0526157298794004 -0.145208367087547 0.210976581095325 -0.105409821984276
0.0114377551772609 -0.11775062634746 -0.00712472365460892 -0.287556706070876
-0.0403495496997877 -0.198123916931167 -0.223240195359693 -0.230641579493687
-0.160401550406338 -0.215707439043329 -0.291276969442279 -0.123411990958746
-0.188339117477745 -0.162919314880982 -0.275967954876927 -0.0813588853841886
-0.221859459389231 -0.18612196701136 -0.241484852723788 -0.04931969169331
-0.164951550340845 -0.22633128068949 -0.232583886840203 -0.00505346035512932
-0.137143393336926 -0.204910202357074 -0.206818170416638 0.025097872831994
-0.150061016461367 -0.300553445886539 -0.232292621923921 0.0358258241676472
-0.03550019650656 -0.460662749985795 -0.23660757321365 -0.0327387470217277
0.314900748520344 -0.451809865163985 -0.183452924616224 -0.0766868388264256
0.563111178800475 -0.251596083321468 -0.338745993314335 0.078637243944708
0.31902012480408 -0.140240940035181 -0.300384887142571 0.14703410183279
0.130961815125374 -0.273327805552479 -0.152340751532885 0.33432836234153
-0.078762105523743 -0.149054688850664 0.164626592988262 0.13344741034776
-0.0650103549403946 0.0150539901052078 0.152300181999495 -0.101530102808141
0.0627368316066754 0.00157397083021209 -0.0270895511739385 -0.257388684945257
0.041350877169196 -0.104633559235641 -0.228003600034077 -0.23643075970383
-0.0380814010485954 -0.149791035359619 -0.322826220231755 -0.172567124379533
-0.0633281233115921 -0.127385532247776 -0.325574823559994 -0.146174652799708
-0.075173640426716 -0.148951853081266 -0.294378141982355 -0.121335313612447
-0.0331998426852476 -0.14328937450227 -0.260667047145077 -0.0763696228209537
-0.0373227462143416 -0.0876573459712624 -0.219869376283354 -0.0309655714676815
-0.113380065082143 -0.147020754603916 -0.257419430603594 -0.00503262244787764
-0.0366413978702161 -0.316323658093419 -0.261697365416772 -0.0886573713239724
0.259626228925066 -0.322764511062895 -0.179482613472373 -0.0545923934581815
0.436919874881563 -0.132508757900026 -0.444893054982861 0.158887524082942
-0.156842593026501 0.0705234552015699 0.52500503619033 -0.307049950063387
-0.0606961210826871 0.161662797971178 0.163130983551064 -0.0759761334320996
0.0834485837850537 0.13769154312586 0.253999436278892 0.123122105610153
0.122724927059607 -0.0415435391558039 0.2637421197104 0.0110599330967547
-0.029319670449755 -0.0832643582645074 0.190302615392274 0.0576714553285897
-0.0752053353761261 0.00356417350478095 0.218169692813038 0.135034512688212
-0.0614182194992155 0.0626715438259468 0.29030797302134 0.167265602131236
-0.0567359540730711 0.062869298667911 0.313309592991946 0.177426847018166
-0.0744431860658292 0.0700970327412064 0.296412823537777 0.17776327515165
-0.0945708737942734 0.0342424978996103 0.189693193452567 0.198738691062633
-0.0874184428599317 -0.0579622300103618 0.0256463568425647 0.217378246896733
0.0454284042625879 -0.125245205012513 -0.0858747537225341 0.0809222343159089
0.123157611379704 0.0295843327046197 -0.100300735506561 -0.063449001540858
-0.00488120158601693 0.11744593073656 0.0116877867287552 -0.211134530568571
-0.155037093102795 0.0480786097306617 0.213408530367427 -0.145923279375983
0.0919037420019156 -0.0650594277623062 0.491805392990794 -0.277929850420353
0.12248902286257 -0.0383391735814124 0.0799834328112208 -0.0372675725673495
0.160796639461966 -0.0820986961299017 0.235045500546401 0.224342786450763
0.136557867736173 -0.229286724968037 0.28645256239875 0.0379118912462823
-0.0653017285013442 -0.248772908794073 0.175036157203631 0.0348926609760127
-0.167632964034884 -0.145348222445685 0.158581433676865 0.132981536486403
-0.204129477032428 -0.0485379287997309 0.235408315245103 0.187785905998282
-0.177016515924363 -0.000961130936064048 0.267032942020531 0.190678136402433
-0.181747573259837 0.0111428165242264 0.261139843890732 0.179464917439142
-0.156657162261053 -0.0417876773455456 0.157586708413085 0.185821286108274
-0.123277658342782 -0.113175967148735 0.0107237280158699 0.190470849065739
0.0130375978830141 -0.205405115571701 -0.0780439853351944 0.0656981298876152
0.130835158476034 -0.104448295563226 -0.0846524232011878 -0.0508882679028455
0.114579893876363 0.000759997528852288 -0.0188949734399849 -0.213544160347141
0.0497489333728208 -0.0271705351725709 0.197340099610647 -0.187936696000453
0.337229952096454 -0.158511862852924 0.38209572844155 -0.21246200974984
0.327529550330917 -0.211939128627455 -0.0303105478660098 0.0289836317898498
0.247436014408259 -0.296050594032198 0.210140492547437 0.307636149128673
0.144421710037019 -0.3964321209727 0.306918277224428 0.0395209942820849
-0.0827713485714741 -0.379599605306647 0.156356466761008 -0.0332204858641812
-0.219031756234488 -0.276179048345481 0.0744979219172082 0.0776366652913266
-0.305320494854148 -0.155855713425453 0.138144082505981 0.165392573162135
-0.271411446908754 -0.0643948630123354 0.181074643900042 0.176751992172367
-0.275113408276936 -0.043443326682122 0.198284682421813 0.164504262401067
-0.220529288474091 -0.109264943942698 0.112622261771082 0.171250798890914
-0.172013242788059 -0.164278058745706 -0.00699266939148133 0.17466146218589
-0.0439816726157845 -0.280568669646798 -0.0865828797301378 0.0672662762606662
0.101229870549945 -0.244148153462796 -0.0936288831577515 -0.0378721664939801
0.201950163787262 -0.146122116133117 -0.0552440752630991 -0.216081774131493
0.243159535781509 -0.127243310546247 0.140758708447365 -0.203506205722369
0.526070351463196 -0.204376257574678 0.214952125099858 -0.132259057660105
0.481640406642736 -0.333379469224739 -0.14159531860632 0.119923831241181
0.293840560117207 -0.452965538285939 0.192696380208716 0.356006728357236
0.116964550935904 -0.490766613778682 0.31766104262365 0.0144115167496596
-0.0874245089339183 -0.43680840572528 0.127369825069676 -0.130697714406228
-0.228493942716437 -0.351591565156344 -0.0210284250370933 -0.0160684330972377
-0.349106733037641 -0.234275297605366 0.0153730217252351 0.106112258701991
-0.325846536635968 -0.117193933692642 0.0667642459313176 0.135865827795122
-0.340713112142892 -0.0960763333344667 0.102983714322111 0.133934578452778
-0.276121014170845 -0.168960037844151 0.0452408233051309 0.15045920075221
-0.222754435271681 -0.212930942848282 -0.0394687070052526 0.15913468110291
-0.11610708986333 -0.349481640569783 -0.110186847305492 0.0780165514888682
0.0465833364844408 -0.378371797658207 -0.121353650244927 -0.0208780146740257
0.257763197811792 -0.304085307073743 -0.0975373764806648 -0.202901339434862
0.407212210041591 -0.229644508222434 0.0494666241694256 -0.181176821424998
0.614975386522416 -0.217626565606307 0.0265079218622895 -0.0496449067521373
0.52624293663355 -0.392614444570133 -0.221497811911341 0.215855082123065
0.260123984895159 -0.501124975945974 0.188262030408336 0.351632271111351
0.0590940190737365 -0.465935282112163 0.304339058146115 -0.0349922741775056
-0.076197790933726 -0.388748450332639 0.0815573682964122 -0.225316237291047
-0.194950301750158 -0.35117518574123 -0.114124740245695 -0.11403967514994
-0.334927460168062 -0.267779976934774 -0.109015276673796 0.0278300671398205
-0.329386739693381 -0.153736989704357 -0.0600386653858045 0.0738148725859768
-0.359951364643844 -0.143052551796161 -0.0151841271025679 0.087579966776034
-0.298829859340253 -0.217441059222698 -0.0485039292599799 0.117995616006686
-0.248440047281881 -0.250047772221992 -0.092542017234277 0.132791119636031
-0.17056751490988 -0.391783241163642 -0.146605455058162 0.0814756943934252
-0.00719516073315411 -0.478891258213456 -0.158677076870018 -0.00594620671066176
0.29078100637484 -0.43193469215239 -0.136770851264793 -0.166315301827365
0.52558933462521 -0.303021243093391 -0.0683045434666604 -0.116568797553261
0.59699526398113 -0.210210642673188 -0.139947346417844 0.0245986103888754
0.449784204547297 -0.396443903661266 -0.244270891734283 0.290928895014459
0.153597326058173 -0.436035055803616 0.189455221033791 0.296225495057352
-0.00784392872341203 -0.324535292856879 0.264338340136185 -0.0829822094214979
-0.0377021517074212 -0.263704411874466 0.0287208218709251 -0.279294376805109
-0.12588794617272 -0.288997255891494 -0.185094198007859 -0.186202545505279
-0.264299032216291 -0.256076703199233 -0.214929611748306 -0.0524466893240424
-0.278909570316141 -0.169943827252447 -0.179349413583183 -0.0013135688383769
-0.318931980843544 -0.177467615225689 -0.137396114049219 0.0261759800856056
-0.261374166803977 -0.243379327569818 -0.149856922805372 0.0667244972683411
-0.216934208956475 -0.253356073380064 -0.156694076983107 0.0870972748383501
-0.18003788061146 -0.378361128688025 -0.190513183576175 0.0678211510444746
-0.0352669004996497 -0.508135568948048 -0.198762196032631 -0.00687733453201889
0.308324131482913 -0.487518095958833 -0.166311314148063 -0.117502618674662
0.577832912854988 -0.313347596677037 -0.200645664017059 -0.0213854166369751
0.484939644489378 -0.186531783517371 -0.252291610999362 0.089999771456732
0.297832623202984 -0.351092531737232 -0.212317963729157 0.327530109731433
0.0240866599396929 -0.29634927257898 0.182908462533282 0.21008985295446
-0.0510130882735998 -0.140446759982323 0.206920586691338 -0.106604512713311
0.0157667491645565 -0.118688323229211 -0.0112018269999358 -0.281729929138614
-0.041226784402969 -0.198800320108122 -0.220429124603054 -0.22012527693064
-0.160686810680721 -0.211188944473227 -0.28596640995442 -0.118712016563173
-0.186740859259287 -0.161344586194013 -0.271548653472717 -0.0780946226816386
-0.219192575005917 -0.181984230253395 -0.23639324153615 -0.047288883428318
-0.164397789209827 -0.224179253399826 -0.226702008800169 -0.00233816896281095
-0.132420652500674 -0.202686847706221 -0.20298765295435 0.0248595542266473
-0.147651420476829 -0.291091712009377 -0.227337709585468 0.034717878512594
-0.0355698343642104 -0.448216305648815 -0.234246426482397 -0.0335104885427754
0.303689350791815 -0.445933240940631 -0.181672469439982 -0.0759779822630068
0.549832231027779 -0.253344635860786 -0.328892847564059 0.0787283076915067
0.310279471713647 -0.141009417294646 -0.296707223003311 0.143565491613421
0.125244937247634 -0.268107577435364 -0.148564684534007 0.328289280428774
-0.077346235184599 -0.141346393972263 0.16231910389185 0.127762130610535
-0.062332705734301 0.0165865329471323 0.150682604646184 -0.102299681085552
0.0662655489751642 -0.0021502777404201 -0.0286387997519342 -0.252421281075768
0.0403388690115693 -0.106882513422279 -0.223202553663866 -0.227380098246502
-0.0406698877257057 -0.147535559421006 -0.317406462811721 -0.166025611019132
-0.0639655726251359 -0.127782809903276 -0.321899893166912 -0.14334919117593
-0.0766506967993891 -0.147222803676544 -0.288698670762187 -0.119254881735641
-0.0353110280175984 -0.14378961804012 -0.253235979494147 -0.0731852232981486
-0.0338264584266128 -0.0879706171092182 -0.214689492694984 -0.0300858395736103
-0.110047246953931 -0.140306469539876 -0.251173192187041 -0.00450628821472458
-0.0371978285443924 -0.306870269602881 -0.259006755354967 -0.0867304351740833
0.251054531059501 -0.318069261436732 -0.17668198209778 -0.055381077287228
0.42703751894412 -0.137465346118238 -0.433369986883746 0.157431559149412
-0.15715036100939 0.0732320298463576 0.521409673823424 -0.30399330826306
-0.0612647851238719 0.161260162541639 0.16115778136918 -0.0713818063752443
0.0838352592904713 0.136694557778262 0.254695638048768 0.123960958327405
0.121551597264293 -0.0441104057817795 0.261439085028961 0.0103935031144189
-0.0315472017176087 -0.0806302584998881 0.188344147938751 0.0576278780548092
-0.0774058555730048 0.00603894262991738 0.216832691739256 0.137029072518142
-0.0602924631827926 0.0636006392909341 0.288735160857931 0.169195757283696
-0.055005967519967 0.0646685174746786 0.312501409247236 0.181750621865913
-0.0727049193586082 0.0719603060762936 0.293202226483406 0.180218032197439
-0.0932517887619239 0.0364777658597801 0.185361891318057 0.198826168748316
-0.0881624262160299 -0.0557248017020389 0.0251515575345811 0.218759859097709
0.0425539202997647 -0.12645486732317 -0.0880766603792243 0.0802204876383516
0.12494302237791 0.027618064734448 -0.101582496025713 -0.0630961079816631
-0.0029565830247649 0.114621138148168 0.0127366919534295 -0.207436794363718
-0.154754344509876 0.0506500443385021 0.216078717525634 -0.142870289386299
0.0906396534790785 -0.0607965300380878 0.489946795271893 -0.272808665479022
0.123033573655091 -0.037621205498612 0.0772597829555862 -0.0323134950211895
0.163474833787003 -0.0816626320347534 0.235710653597192 0.224608275280168
0.136735674200344 -0.232637505915115 0.282807772356257 0.0364548370580349
-0.0655613162030902 -0.248613070918769 0.170850280317155 0.0351270452005719
-0.169181988267605 -0.144947698727489 0.156151640712598 0.137739659738603
-0.202675830542188 -0.0472445023078136 0.233178071213329 0.189070311861158
-0.175871569860554 -2.84195841003376E-05 0.266613448671596 0.196699786260502
-0.17875443882539 0.01170200956522 0.258603770319709 0.182163257782592
-0.154904255800003 -0.0406155496744487 0.15296822851858 0.18755684303795
-0.122403572102824 -0.112345056757419 0.0101483378931704 0.192936709028531
0.0116941509037581 -0.205965172112401 -0.0810226527845874 0.0645226070370193
0.132712232160697 -0.104966644670427 -0.0860927637733191 -0.0516189713012621
0.116509963591339 -0.000305822766696195 -0.0163048011055883 -0.209884543129
0.0501878445679054 -0.0242101765120386 0.199007360664846 -0.185392651427394
0.335157362525588 -0.15503569018174 0.380649237988099 -0.208568323146114
0.327998535510619 -0.209899334329837 -0.0324747093963941 0.0345212625261489
0.251199055907034 -0.293816410796648 0.210369668137222 0.308214221588996
0.145708513061197 -0.399997423401231 0.30388959869231 0.0387503529176112
-0.0794546240572686 -0.382387494336775 0.15086553890933 -0.0338853202265952
-0.220369751867565 -0.278348203310268 0.072061152683218 0.0828143426412218
-0.304615742375181 -0.15451829649809 0.135510374241966 0.165887200531136
-0.270600298280595 -0.0650153496426555 0.181921555712208 0.182015747398876
-0.271369071629616 -0.0442566343788812 0.195974246794008 0.166835364098989
-0.218706816234672 -0.109806015745613 0.108746694691647 0.17340270043011
-0.168576129121956 -0.165171568387126 -0.00887947901480312 0.176871178380977
-0.0437630976929355 -0.280810689644975 -0.0895432146104107 0.0665671556917509
0.103937651755688 -0.244255061252573 -0.0949852523797808 -0.0402874016420233
0.204081500519255 -0.146616953990365 -0.0529868007629383 -0.213066216336813
0.243691153705085 -0.124257341033056 0.14283148690611 -0.202245764260637
0.522906636523898 -0.200023708011442 0.212571677981382 -0.130007848831513
0.4846153582479 -0.330465723369987 -0.145040732462647 0.124622396052534
0.297814864130438 -0.448854934147341 0.192001081183402 0.355921309168703
0.121644916783288 -0.493798601752393 0.314207708783058 0.0108503318400148
-0.0839512342734569 -0.438722118771697 0.122298555242966 -0.131119326735661
-0.229432592207826 -0.354468712233661 -0.0232194265841412 -0.0105448217815077
-0.348430838484688 -0.233343732383445 0.0135538557269579 0.105947501178731
-0.325617816252356 -0.119356454759685 0.0673846596810972 0.141007524120988
-0.33726264043373 -0.0974335247736527 0.102308652335272 0.136220803973346
-0.274686857498985 -0.170758526652643 0.0427436639499204 0.153100854123584
-0.21893709377617 -0.215379992094737 -0.0421723919542136 0.160393870935928
-0.11460769802863 -0.349788337460458 -0.112923223372005 0.0763455636515449
0.0501406551179383 -0.377657569242537 -0.123017509001366 -0.0239414485803178
0.260677795414722 -0.303074384360665 -0.0953339203330496 -0.20080042835658
0.407586360562367 -0.227790484572813 0.051014795632333 -0.180861300003998
0.612887696199098 -0.215192725057222 0.0234103942965321 -0.0494804250188003
0.527237377959801 -0.39095975736494 -0.22529449752117 0.219688926245646
0.263923670069312 -0.496173481565265 0.18907801227313 0.350340397240021
0.0623028950634837 -0.465750375295215 0.302791753586037 -0.0375263238674972
-0.0712576878464418 -0.392103081076768 0.0764609404207689 -0.225625938196394
-0.195663165470816 -0.355400261703808 -0.115360664538629 -0.108740744113544
-0.334087228780596 -0.268057449306413 -0.110499434789285 0.0268996536730543
-0.329230197020592 -0.156848401176181 -0.0595265091106629 0.077141192870005
-0.358005790387071 -0.144777088326742 -0.015081946254147 0.089018092277433
-0.298212877432753 -0.220477126269129 -0.049861629045906 0.120347259257942
-0.243463419523556 -0.252866071810958 -0.0956188015890562 0.132691031801252
-0.168453249743338 -0.392199178551546 -0.149560163486414 0.0798766123582733
-0.0032506019771684 -0.477495572891995 -0.160694344324601 -0.00930719221951196
0.293009994866056 -0.430617985268873 -0.13549715323906 -0.165368783273836
0.525002910185857 -0.301218389787857 -0.067030583657556 -0.117088233102283
0.594953569103128 -0.207250653625923 -0.142834947777242 0.0233962614125018
0.450286869282409 -0.393971467550354 -0.24769948860567 0.293864483462717
0.155752931962344 -0.430232693173218 0.189378659604198 0.295212720096223
-0.00467418494853263 -0.32427887183765 0.26384758858098 -0.0851807860241513
-0.0320585031129935 -0.267322058000519 0.0248471629105534 -0.279419957991777
-0.126268229723154 -0.294238385018227 -0.184663056058444 -0.181424459611538
-0.264269743983421 -0.256791744056355 -0.215170448452405 -0.0536036865755568
-0.27985918772011 -0.173800218532845 -0.179329046378397 0.000585846129108572
-0.317741592152722 -0.18001206468642 -0.13688435425957 0.0263828245343885
-0.26164703884704 -0.246642133095657 -0.149761802860715 0.0681119591093217
-0.212592593109221 -0.258206561990329 -0.158823516849786 0.0857953054869835
-0.176196499460776 -0.378055983991485 -0.192362877084708 0.0653408284130741
-0.0292950896857502 -0.504629133962152 -0.200429922236177 -0.0102514357095333
0.310870061999058 -0.484906213270762 -0.165534356137401 -0.118276917287422
0.57908461674641 -0.31332344438136 -0.19885380391491 -0.0227531506145105
0.481676324872559 -0.186079826615816 -0.255352209676638 0.0876411459028193
0.297569399208697 -0.348944582432012 -0.214920315450365 0.328811778907117
0.0272877279806278 -0.292827129755212 0.182259557225159 0.209242543966735
-0.0486822246661036 -0.138768928796109 0.207891926586317 -0.109011666806532
0.0209740838066988 -0.122930440553608 -0.013222029050375 -0.281789038075975
-0.0409670132097409 -0.203571749483059 -0.218440979153395 -0.217241056387657
-0.16118772100277 -0.212122043227155 -0.285249869034606 -0.120041015249063
-0.187887180915131 -0.164913678496046 -0.271878461573765 -0.0785778006379212
-0.219193968768854 -0.184939159972075 -0.236156581122973 -0.0481523198036402
-0.165338670891224 -0.228001790372523 -0.225651820867814 -0.00317225006491657
-0.128666704730578 -0.20677786291039 -0.204054483095971 0.0227350017931405
-0.143292371575525 -0.289944689311486 -0.227872594595116 0.0316765114742225
-0.0309737471194465 -0.445216598719737 -0.235709938160188 -0.036855212973454
0.305783105467827 -0.445333303491333 -0.181873362522292 -0.0780257816103132
0.549876998976027 -0.255281973200891 -0.328025464479379 0.0759288911033531
0.308304481776857 -0.14146171569323 -0.29947600759749 0.141027047606869
0.124993601710646 -0.267326656071838 -0.150981229092338 0.328761477493809
-0.075055668649223 -0.137935461830768 0.161354872206595 0.126836546742416
-0.0606957775330543 0.0193721435711772 0.152645572265232 -0.105032584391073
0.0703084000740692 -0.00569551762859922 -0.027915974126321 -0.253112363806277
0.0404423352288709 -0.11072793518777 -0.220056983323644 -0.226052596298275
-0.0424359523282501 -0.149000939821002 -0.31599126240275 -0.167689308194005
-0.0656700777400698 -0.131197570804269 -0.32279196427702 -0.146601082273217
-0.077749297613765 -0.149487703163862 -0.287633514573018 -0.121807826553932
-0.0364813638731618 -0.147206972869469 -0.251666402143564 -0.0752504759871441
-0.030321882224609 -0.0909876427753077 -0.214188239432432 -0.0330259098249046
-0.107094800375943 -0.138070076986265 -0.249998259209378 -0.00657484148146852
-0.0349111504875821 -0.305030035318075 -0.261083004376673 -0.0892961638308565
0.251244625411281 -0.318087518926934 -0.177967022208236 -0.059679486373097
0.426742635009597 -0.138627089364666 -0.431588766043892 0.154978124633722
-0.160623925128148 0.0790182602928134 0.531374913913837 -0.31051889883993
-0.0627096246409014 0.165461824882087 0.163109686385867 -0.0697465714978422
0.0873314525250723 0.138961063485266 0.263529197182301 0.126108890711939
0.122550182331224 -0.0488025902491066 0.265812745915253 0.00825915783068054
-0.0350392009639919 -0.0811836554236553 0.190813267231884 0.0579949504257789
-0.0808995541043713 0.00981216667884687 0.221910832190602 0.141278873836624
-0.0593411729595067 0.0666183491570277 0.294854275292206 0.173655266877789
-0.0542757250362668 0.0685394737692648 0.322884920859087 0.18894665253479
-0.0712903342905699 0.0754149011658311 0.298417998803825 0.185450992336527
-0.0926907649451318 0.0402287263752664 0.18711283344434 0.204197592035445
-0.0909602490510757 -0.054323571039442 0.0272467685777004 0.22507576835759
0.0401738091939126 -0.130679937982847 -0.0922578571354359 0.0826464857932017
0.130197148786158 0.0252809198369154 -0.10548709783827 -0.0643350397176294
-0.000761410679537012 0.115724597089692 0.0140088764247593 -0.208649371250643
-0.157262461424124 0.0566347806304042 0.222902124398642 -0.145597664810566
0.0914181427183259 -0.0597179115450459 0.498045895522293 -0.280057855318106
0.126171904478458 -0.0387770121304166 0.0775693423541606 -0.0279238069771658
0.169456652801945 -0.0838070285028051 0.244234490344532 0.22810480564302
0.138202470164344 -0.241976089235083 0.287537001452093 0.0335489762203002
-0.0688677568847971 -0.254558260032776 0.170975330911664 0.0353826543704206
-0.176749681720675 -0.145746030881376 0.159592877234649 0.143233786707875
-0.20573409571018 -0.0452100268513821 0.236490124707936 0.193556338067603
-0.178491820446351 0.00175597675653179 0.277439926328261 0.205032602998157
-0.180479419245761 0.0137934227222556 0.263899387413125 0.187570918548156
-0.157147247587558 -0.0393001296392153 0.15442862264088 0.193704654970634
-0.124770758919288 -0.113474040756592 0.00999060273296662 0.199960591948289
0.00837347760387933 -0.211387352509145 -0.085722609496964 0.0670321202456835
0.136841023036325 -0.110021432335644 -0.0898960265104103 -0.0531259722973145
0.121161534259749 -0.0025758913738503 -0.0150078185063684 -0.210780195718754
0.0521117828759601 -0.0216669770628101 0.205187494033372 -0.188925945130598
0.339992892697992 -0.155583600529922 0.386953572765623 -0.213711111430411
0.336977832680441 -0.21608816609574 -0.0357167151862754 0.0411086334394055
0.260028504265745 -0.299585662263609 0.217942672203711 0.312734179646807
0.148688790644916 -0.412548399015083 0.309364522162083 0.0345534846341673
-0.0826786136415664 -0.39235270659338 0.148509114713272 -0.0353971325939635
-0.230637334147579 -0.283131165734908 0.0730961708914661 0.0894993584879929
-0.310934657629189 -0.155352233429809 0.136333937034476 0.169346767167547
-0.276944565803473 -0.0649337078971599 0.18932181116161 0.191215310159724
-0.276257836092155 -0.0443564475775078 0.201181825734069 0.172505616931697
-0.223540069427791 -0.111109423782943 0.109872069455411 0.1796120936092
-0.17087021290523 -0.16866265354525 -0.0102346289167043 0.18306793614083
-0.0472029519183491 -0.288345103408441 -0.0947185573954055 0.0681230051902448
0.107730749349607 -0.250698399428758 -0.0994045950571988 -0.0428276682358704
0.209828984980483 -0.152655933904091 -0.0527883628768171 -0.214892371644495
0.249826879043355 -0.126642791622904 0.146844974839795 -0.207434985916519
0.533614828592748 -0.204818040203707 0.215071979442848 -0.1332237336623
0.494264538111898 -0.341407568692304 -0.151082601462644 0.134251901337996
0.307070669858729 -0.4589969000269 0.198809562617183 0.363476454660449
0.123202670081617 -0.508123817004918 0.318955295544085 0.00788092245362547
-0.0846662275285612 -0.451691323884419 0.117601803335981 -0.136120543574515
-0.240787820323227 -0.362965699109229 -0.0253298831536442 -0.00460084052008883
-0.356954508768736 -0.23572243726602 0.0114093600215623 0.108133952431997
-0.333969680962243 -0.121285683473335 0.0721942487087005 0.148687339409601
-0.344461004535149 -0.0989600929015409 0.10591676750616 0.140404771121593
-0.283417988094307 -0.174711309650125 0.0425626484478775 0.158816526608112
-0.221942042673856 -0.221128678577984 -0.0443494505980963 0.167087561029052
-0.118614257794361 -0.358213518064391 -0.118754002529024 0.0781029063896204
0.0534703292088204 -0.387520404273258 -0.127890561011173 -0.0268420680977471
0.266416900123437 -0.312919271121551 -0.0962901097323023 -0.203128125657592
0.417719241512921 -0.234288813377081 0.0522258999432429 -0.185818640011838
0.625841552941918 -0.219861110838677 0.0216306229661358 -0.0512816805360647
0.538835016257476 -0.403387897044113 -0.232169620198955 0.231798675125601
0.270801922222909 -0.507311183963051 0.194560895932186 0.359823933556241
0.0631277950524665 -0.478860295210333 0.308083486895631 -0.0428487481548152
-0.0704327537735227 -0.405336377918357 0.0707303471756206 -0.232659811115181
-0.203761309401296 -0.366817628091812 -0.119792767923863 -0.105044217548391
-0.343329590007124 -0.271441121633066 -0.115267302688748 0.0278265317304835
-0.338922087516407 -0.160544208150655 -0.0583263462242455 0.0835138278962622
-0.365690506442571 -0.149586159774357 -0.014604771851982 0.0924989904305645
-0.307923299049176 -0.227537413121611 -0.0511413753834301 0.125577346435858
-0.247471465932852 -0.261759335764696 -0.100296013121888 0.138500020521651
-0.172179494257107 -0.401082817279145 -0.155737126285582 0.0812398402026866
-0.00214269913104461 -0.488008999757719 -0.166281617865112 -0.012674064774489
0.30063255529778 -0.442568954482843 -0.137622393234995 -0.168168678158366
0.536883970314112 -0.311962986210336 -0.0688219450429407 -0.120048660450638
0.605366925894772 -0.21539630402191 -0.149162912669703 0.0240227168627475
0.460164537708393 -0.405915536335281 -0.254667776415817 0.307071575401368
0.159765275371183 -0.438933605096668 0.196077918017833 0.301248613075473
-0.00508378831837003 -0.330099679615976 0.269215824737923 -0.0924280418533121
-0.0291730929948213 -0.277188180295145 0.0200372543210419 -0.286796255560449
-0.132181021418263 -0.305190524881361 -0.189685225583842 -0.179838845951319
-0.273060561628023 -0.26191096225764 -0.222432102834876 -0.0534118405516376
-0.289186424888217 -0.178982091292175 -0.182708748559405 0.00404295848958862
-0.32637865066101 -0.184239174092195 -0.140173869659307 0.0277461986383416
-0.271453516636141 -0.25456357744097 -0.152993824461514 0.0717728301181681
-0.214832511945278 -0.267736904578365 -0.16565540825904 0.0894186888916294
-0.17943299617993 -0.385047732637891 -0.198763917674952 0.0659829913328369
-0.0308176628873627 -0.514853182412153 -0.206737415135678 -0.0128414178283388
0.31570378821946 -0.498443852790504 -0.169683926756375 -0.120741629648711
0.592321977435864 -0.325623737433914 -0.202885175075563 -0.0236411394834168
0.490157238245638 -0.192851063569619 -0.263510790050144 0.0888031657513197
0.302395730966175 -0.360027178085563 -0.220617428184213 0.340836248948466
0.0273175790768305 -0.296712178106096 0.187563382521814 0.212498415166904
-0.0484140367677787 -0.139486914019295 0.211752280295882 -0.11627268191089
0.025841452877728 -0.130363180585282 -0.0175793887360966 -0.288669508369298
-0.0435765239761456 -0.213088350772802 -0.223186849274188 -0.217390404742751
-0.16785667512148 -0.216825091900306 -0.292934770423253 -0.122027228614907
-0.195708019858063 -0.170910257786283 -0.280096477746705 -0.0789973238597264
-0.226177588860095 -0.190695454286865 -0.241693455732501 -0.0496009926269887
-0.172889960120862 -0.235576571772561 -0.230129543565273 -0.00187147498403653
-0.128979868931319 -0.21504379241332 -0.211222561725799 0.023773718866137
-0.144601170520225 -0.294290479815206 -0.233421958036369 0.0314848519120601
-0.0318202636103945 -0.453613433957189 -0.243654234889932 -0.039105679801695
0.310240283331979 -0.45687421005195 -0.1869743214514 -0.0811031114658226
0.563066118170746 -0.267473028312193 -0.335179874993057 0.0791987738866277
0.313234847121971 -0.146549176689111 -0.309021031681427 0.142700539632448
0.124652475374858 -0.273987632101989 -0.154194475218904 0.339499707602966
-0.0760644365482136 -0.137852038448731 0.165695123886415 0.1282358467226
-0.0597505044249635 0.0228136490276905 0.157410893385104 -0.110879783994354
0.0759496687765215 -0.0110981426343008 -0.0309674436621314 -0.259540877446239
0.0411582755466251 -0.118338593016371 -0.224405303728319 -0.22902243471825
-0.0464677210066971 -0.153622275444567 -0.323396017741883 -0.170785948563964
-0.070630528251565 -0.137054852757038 -0.333755480741304 -0.150153619162623
-0.081805750115952 -0.155289164926487 -0.295457818798171 -0.125605025166318
-0.0388769954757657 -0.153638695724575 -0.256058308887831 -0.0769268571159648
-0.0288093784067079 -0.09575056077974 -0.219453480648112 -0.0340880811748795
-0.10846559960318 -0.137567399729477 -0.254781417969719 -0.00664644193342164
-0.0371686771000902 -0.309840317135301 -0.270361328619296 -0.0913115667069008
0.254180404814093 -0.327698914396162 -0.183807692426616 -0.0630575451273139
0.437434331189276 -0.15016229853916 -0.440688602732217 0.159980138018607
-0.153464698534682 0.0919955536664425 0.516957911541584 -0.364194856597283
-0.0445724271798808 0.171674299014212 0.15185213165662 -0.0843338553377217
0.110383769083074 0.12718995800753 0.269835706746879 0.113853517896145
0.11800828216654 -0.0707118211049645 0.272519732761083 -0.00242822353570339
-0.0429909753810835 -0.0783417583974735 0.20411605212115 0.0394869544895097
-0.0775778571521429 0.0198889658048978 0.237949536886336 0.124529375249606
-0.0472035066922366 0.0763126666326814 0.31600220847595 0.146444341097335
-0.0439116857420427 0.0748472875906255 0.351878532325652 0.168643218476299
-0.0615633876572261 0.0876289028097482 0.327540008641276 0.170516404503329
-0.0898999556521202 0.05312635584188 0.21254309780898 0.199911938776012
-0.101214990142757 -0.0431248636661141 0.0513195415325033 0.235516423252231
0.0219595782416586 -0.140947597066246 -0.0914172168307624 0.101110103696381
0.139985105482504 0.00805964215456004 -0.125797091026151 -0.0582475259049153
0.0147868576157558 0.120638638895225 0.00384606040932152 -0.225733077770897
-0.157966364680317 0.0808442518746772 0.23707223769054 -0.162737974515611
0.0820674539108981 -0.0765573987920434 0.494955330946098 -0.311293289191779
0.122978826739816 -0.0541480597847761 0.077855095988113 -0.0214810506408534
0.16842976660644 -0.107810502515644 0.276538694887783 0.229546561580149
0.111267547137924 -0.268411586395483 0.311481153500134 0.0250161619403995
-0.0947939125440225 -0.25224945857012 0.191509450252121 0.0163947349896101
-0.192248350869263 -0.13031922102459 0.183481135473009 0.130467348411369
-0.212971673061661 -0.0188628443409187 0.270348392171005 0.170292929602424
-0.176327486879827 0.0173240719172331 0.306516599018227 0.18728484603536
-0.179388365709009 0.0357586145683071 0.293276463658389 0.175962325905405
-0.1651408852738 -0.0220829449178326 0.179995440284026 0.193835802173777
-0.13985127190358 -0.101575089454798 0.0315951940429669 0.210739803578414
-0.0183248165547384 -0.219563045481517 -0.0834183364509818 0.0857264809677168
0.132861083595446 -0.13063441479596 -0.106116314439955 -0.0431413272182585
0.130788785242735 -0.0146588861423629 -0.03746448189495 -0.223760260972862
0.0569288324437936 -0.0212135284740229 0.200080658896695 -0.212677390339994
0.320315723623867 -0.201998003828043 0.390779546468715 -0.218178734874269
0.315147887764961 -0.255295187550569 -0.0237904163733083 0.0726994627197262
0.234406957340008 -0.337474969770376 0.273325240636586 0.328758889081237
0.101987423050573 -0.442252434734047 0.347077857799005 0.0280331863471143
-0.123544593370786 -0.393974653886058 0.170641417068044 -0.0548823472528905
-0.262817903535205 -0.266159745292044 0.0976796531533484 0.0803419493256216
-0.335777279021952 -0.118394724273833 0.176487224444316 0.154863521246725
-0.283916415574028 -0.0418739434789844 0.215492184158259 0.178632497923215
-0.28432983537368 -0.0137657294861533 0.226885948290752 0.165776297558618
-0.242006824561727 -0.0901293279695849 0.134436588258358 0.184305042811517
-0.19179644587964 -0.154675569123424 0.00930691362595564 0.196620483673529
-0.0826854290128678 -0.291830420770229 -0.0909844528187657 0.0891143792097688
0.0881047962691854 -0.272012587554285 -0.112510767456891 -0.0261347392601692
0.210197047856378 -0.180081096953587 -0.0878022523363368 -0.220509711282928
0.256592827362637 -0.150529826568697 0.122206060648681 -0.229624503833549
0.508016774466254 -0.272092822652521 0.222049483368685 -0.11095828297257
0.460852941602528 -0.396877380282056 -0.128170420618937 0.186914533932392
0.263156471629313 -0.50307137338616 0.27225106242898 0.388043259071298
0.0640580353391717 -0.536246186452873 0.364697258906602 -0.00192512109698899
-0.132346922783726 -0.45601083542547 0.133245664294913 -0.155534103195233
-0.282497119892463 -0.348093850423864 -0.00711960538025551 -0.00835930516309541
-0.395470285276234 -0.196875096778039 0.0489490034070165 0.105015373450959
-0.348354003956026 -0.0954778725255527 0.0911234387874979 0.144902593320296
-0.359893426799937 -0.0633490530107686 0.124785601953143 0.140582377279638
-0.309961865279304 -0.149756103986553 0.0645906744144489 0.168254847925154
-0.24833986845914 -0.204762610115906 -0.0274314616193941 0.18292417092951
-0.161874064664663 -0.357017596574602 -0.111939807376933 0.101966017936953
0.017879957257774 -0.40608417421348 -0.138027944041472 -0.00226198174092866
0.25457281722204 -0.353930723627327 -0.141687028043655 -0.198516663693477
0.424085599730519 -0.281778697874 0.0117111103993796 -0.201930485096413
0.598621200943538 -0.296394039266689 0.0285403363506414 -0.00734994964114973
0.497946802070917 -0.464113458906488 -0.200286762931637 0.296656271754061
0.218326299004088 -0.54668958927014 0.272093489942222 0.380345289331949
0.00803323917840464 -0.497354653978242 0.348420503782936 -0.0574006390486099
-0.113812713831944 -0.410177506455535 0.0746266659838609 -0.249754676439136
-0.248838357547614 -0.354761148467693 -0.11029096607225 -0.101451080939546
-0.387690702095479 -0.236422208673696 -0.0868442399964344 0.0362449923166434
-0.359085649960286 -0.134998836543043 -0.0501626195635927 0.0877860869416294
-0.389214255594672 -0.110556509170696 -0.00534674412560515 0.100241987633459
-0.340866009643076 -0.201737066591364 -0.0353379217238961 0.140527438907879
-0.277734713749967 -0.24440609506393 -0.0875015341281356 0.157397525064966
-0.22044920962081 -0.396351359930347 -0.147955982368861 0.108465238248095
-0.0484070395693073 -0.503875195337012 -0.173862340772646 0.020022199483199
0.276401838656214 -0.493156808675328 -0.188874854535588 -0.152647932512046
0.543144040187524 -0.376573118309737 -0.120041703864225 -0.125606199823359
0.580490285273046 -0.287278607002528 -0.143231148497441 0.0781174873094672
0.419076778765245 -0.456215177455221 -0.217499358061909 0.369297148589086
0.114239781912625 -0.46210210664696 0.262582815457417 0.311064267620287
-0.0420249420912158 -0.337602870490335 0.294313819452938 -0.113607856249452
-0.0597974786394756 -0.286992305776205 0.0102031078311104 -0.297686677561522
-0.170149479355329 -0.300013229103751 -0.191238190161211 -0.170985207597149
-0.315870274704961 -0.234680101059827 -0.20642871055288 -0.0349247356693744
-0.311255613136704 -0.157996016603708 -0.186660271392025 0.0162124128496424
-0.354183848082023 -0.152898781044486 -0.142912858865708 0.0425292414739276
-0.306231426589146 -0.2347403370964 -0.147903622904447 0.0915141372870635
-0.244788826605048 -0.255237413550433 -0.160774628233278 0.110190172711987
-0.225046666085848 -0.379408158494014 -0.194383265270859 0.0943158625369599
-0.0795763345383175 -0.530208433816101 -0.21522874642208 0.0237002530624062
0.286654010941529 -0.55410201359221 -0.223245162133276 -0.0984759423700118
0.597241148327769 -0.400274843820271 -0.257841372200262 -0.0164492185856415
0.466360781580194 -0.249052999808172 -0.257213328053466 0.143298552489703
0.265863741505616 -0.392265600610231 -0.180815616537734 0.391088444412341
-0.00323582374874945 -0.302995212203281 0.235265838697545 0.207398399790416
-0.0625172629026751 -0.137172866693118 0.219483213921906 -0.140476353182171
0.011900577358686 -0.144641234721826 -0.0359781994982203 -0.292413262029452
-0.0715594698014214 -0.215940409521526 -0.232860643990979 -0.204262159462186
-0.204404552661546 -0.202433365395985 -0.291872149875985 -0.095263850006214
-0.21696674255575 -0.157874407533926 -0.295107327038442 -0.0594314007086929
-0.254060756827303 -0.17184435587814 -0.258160156610872 -0.0307945598961475
-0.202962254615341 -0.226984136386415 -0.237108888953639 0.0196806628592791
-0.150605623255632 -0.211450244037249 -0.216951970833967 0.0441218477999673
-0.17666410653814 -0.287872020827067 -0.235367095407634 0.0590049183401564
-0.0752282889962539 -0.465096782146604 -0.257197516927775 -0.00305048463600221
0.282437944398569 -0.510158839735578 -0.237497128125294 -0.0571483037059997
0.569806626195211 -0.33782137406651 -0.383266864728384 0.0974691008905253
0.296036719893235 -0.181162150210859 -0.301902825427126 0.187321903938276
0.096756763534736 -0.286062841927177 -0.116507798059014 0.371256485383337
-0.0890489362323978 -0.130205635814339 0.192079533881129 0.11232283438063
-0.05265061377267 0.0305014689428832 0.151360671739897 -0.134850637320102
0.0745594478561 -0.0277502377264565 -0.0537594195923263 -0.258821358096389
0.0236479008476503 -0.127626052375446 -0.239369078275548 -0.213189815333822
-0.0727695057643773 -0.152866970548239 -0.335941713432918 -0.140534617824713
-0.0886775773690145 -0.133944153165182 -0.359236736812601 -0.126970166029223
-0.10360495676091 -0.152184576820166 -0.322373517880781 -0.106890032739224
-0.0560999819309082 -0.157425906654433 -0.273000092547814 -0.0590191069674753
-0.0357392359281337 -0.100068381176604 -0.232820487757226 -0.0171725587104261
-0.120907328005667 -0.130534311252978 -0.264229391639009 0.0149291912255679
-0.0661109549494413 -0.316912623192367 -0.291017262952472 -0.0611066457563639
0.235153933214405 -0.371351535841064 -0.226388267889325 -0.0444313635854483
0.445858277109888 -0.207763648663329 -0.479203679449024 0.189121445391862
-0.151520208957256 0.105261098061613 0.501516190720883 -0.397362883337489
-0.0365015620687621 0.178828912983761 0.149411332716345 -0.0906139589055717
0.121326479567444 0.12222075831259 0.282984826501119 0.0994332736153706
0.112885873487851 -0.0807095531402649 0.275337420938175 -0.0201365529790867
-0.0507918988503449 -0.0749994193863277 0.207837165292428 0.0287412100631895
-0.0783313971877834 0.028601953822812 0.249771107061035 0.115222104192396
-0.0418569369332585 0.0816032793588985 0.32904870114202 0.134668034820176
-0.0373468327557305 0.0803187578413405 0.371186852273476 0.152888430258315
-0.0538530759946811 0.0944790400279136 0.342710322966691 0.156443083527707
-0.0858990805060009 0.0614472082856113 0.225624255692553 0.193888512282801
-0.1057690601043 -0.0355331427150736 0.06754310749602 0.238151650658769
0.010583893840425 -0.144913515550561 -0.0901997550769426 0.109619508227756
0.144794378960112 -0.0040386420942628 -0.133952432633837 -0.050946149117229
0.0216947802442123 0.120103918364581 -0.00576928451605636 -0.228703262415185
-0.154080564717994 0.096615478629216 0.233459475235811 -0.179472560617048
0.0780703137969736 -0.0798163682542563 0.482192638159111 -0.342801104242699
0.121368967922723 -0.0609323349500737 0.0779488463745279 -0.0213276545097417
0.168688344196666 -0.120604795205793 0.296816966179025 0.216131484473983
0.0962096375004721 -0.28355093190722 0.315992683558887 0.00532409980739582
-0.113487844502875 -0.252402248837477 0.191514612749391 0.00728253918045293
-0.205338125361633 -0.117942487989564 0.194734229543358 0.125530513143099
-0.21592466549005 -0.00596320826293259 0.283089152810654 0.162164714019197
-0.17720971094326 0.0295015813207923 0.327048490621507 0.17588202727149
-0.178529168703342 0.047996070710622 0.309492127618243 0.164804489824645
-0.167439688508319 -0.0119059793840322 0.192457694233255 0.189969547230242
-0.146946105644188 -0.0941887085520065 0.0443093728771637 0.214748165832371
-0.0340314467948252 -0.22217860279451 -0.0845065677483083 0.0928326024454715
0.12996892740511 -0.143250796675484 -0.113663341008199 -0.0377867950051816
0.132810247637658 -0.0245134962956623 -0.0473405417305962 -0.22448582783003
0.0587746421023075 -0.0220123031238818 0.192693439514155 -0.227075884453791
0.313914801733522 -0.221665778788506 0.382946304409891 -0.244321942128605
0.307772983989926 -0.278062993131346 -0.0206074741775649 0.081145356229794
0.223776124777902 -0.356817209147997 0.299655017884404 0.319671288549801
0.0775008153880058 -0.461226478220231 0.352339638194173 0.00581737115820242
-0.148987919753557 -0.396020742864049 0.164117123262243 -0.0644860789850377
-0.285590681346632 -0.255136505088299 0.104473875436657 0.0815652864153067
-0.347314774162061 -0.099914269584977 0.184290825773511 0.151070671615853
-0.290485327525331 -0.0255552960870198 0.235216327773888 0.173102551211137
-0.28822554421669 0.00282580361077266 0.242584982798169 0.157108829035844
-0.250742159554932 -0.0773063324398249 0.146700779899049 0.183338038980365
-0.202444081111164 -0.147746059536234 0.0193264452008236 0.203372396210431
-0.102441564017573 -0.292895230969761 -0.091308039863247 0.097000812410749
0.0762275017880627 -0.283171420473966 -0.118509697688317 -0.0216459763035126
0.203606902581129 -0.196905858704342 -0.098567326872709 -0.218417552470299
0.254395413833549 -0.167126624997719 0.111688552232553 -0.241512700551017
0.501859287491655 -0.304140145567517 0.217461379897724 -0.125037433682943
0.447146835148225 -0.431434397406553 -0.119548061275626 0.204616142993276
0.242155252681156 -0.527588293422938 0.301760234084335 0.380273235934385
0.0346376977780257 -0.55317645674375 0.368416375298454 -0.0267257832259229
-0.16068345535658 -0.460403896461118 0.119703540294421 -0.165317556275627
-0.312516420133223 -0.339630034778917 -0.00710099906748737 -0.0015931208543392
-0.414638341288369 -0.176358044386411 0.0515454773960367 0.107962667438155
-0.36088743947548 -0.0763782676963584 0.106673265882663 0.144957098459435
-0.370622740098406 -0.0441788681257641 0.136933469924223 0.137777462501683
-0.325304844043246 -0.134756005213752 0.0745851629951239 0.171234419800341
-0.262867140328723 -0.196758653230171 -0.0195527159982629 0.191590253681612
-0.186372843266588 -0.354933065323182 -0.112034055496699 0.110678242227969
-0.00249067378794799 -0.416452932238762 -0.143019984045313 0.0026221375474591
0.239772220315351 -0.376634895971725 -0.152478171542417 -0.194064981081461
0.416697294148939 -0.313012768823588 -1.98074692021275E-05 -0.207006396955654
0.59235442438136 -0.336277274340574 0.0252611660699066 -0.00992035044986694
0.480127539337013 -0.502134181726317 -0.186691352597025 0.319476043773773
0.193391263469794 -0.569504192779793 0.300650119555785 0.373249596606386
-0.019200061353286 -0.508534033429708 0.348598647041567 -0.0836978531496813
-0.13870877638181 -0.417242984323886 0.0547291470954742 -0.257083582165119
-0.277335614780819 -0.350788758431653 -0.118236311593063 -0.0915918984443616
-0.408293825381878 -0.21719388928609 -0.0898893075788258 0.0441301659265854
-0.374977405932899 -0.116396856056006 -0.0421815509842765 0.0954180114340072
-0.403601891578525 -0.0913145649508259 0.00219631342358686 0.103239643337839
-0.361480621903355 -0.18669252989692 -0.0285682252468935 0.147669558271319
-0.295494537991092 -0.237936882606094 -0.083714791109449 0.168635187620686
-0.248216370849035 -0.390337982197632 -0.147592264535838 0.118857200153859
-0.076037485114168 -0.511835366679543 -0.178305646123696 0.0272104825952874
0.25394219034878 -0.519143715354489 -0.199377895616088 -0.146106398635964
0.531044202618996 -0.41905431753139 -0.129911253482205 -0.121923678979321
0.572698316968688 -0.327091023809008 -0.144849294190427 0.0865211948415763
0.398211820812876 -0.489844557161421 -0.198256873982499 0.394379669965701
0.0902859105328251 -0.477080994738902 0.286863014802298 0.301262690060099
-0.0606415293500647 -0.340308653145459 0.290235875240531 -0.136788122883895
-0.0745871478757203 -0.294470898661391 -0.0125816294979831 -0.303026923689562
-0.194335303588963 -0.3002500181346 -0.203670199696253 -0.158854089530647
-0.335980589805123 -0.221270541839949 -0.215833209222006 -0.0218144125672579
-0.328974550700167 -0.14426733312713 -0.186803997151328 0.0297286063482037
-0.372162382674457 -0.137481314075567 -0.141600297108079 0.0525268532429745
-0.32946843321319 -0.223864678499397 -0.145141210227806 0.103367824014875
-0.26282045597662 -0.251480661188849 -0.161119851877485 0.124383177850096
-0.249069977776631 -0.372840533704784 -0.195027947509017 0.106548925146496
-0.110153451592502 -0.534032017499202 -0.220780982057975 0.0339971023379335
0.260575647947945 -0.58159847642659 -0.231815969420586 -0.0887517238648183
0.584042479248659 -0.446835857389807 -0.263425813757465 -0.00243584350990351
0.460586202955601 -0.282097737637405 -0.258177922646094 0.158922525138556
0.245686330007621 -0.416059754152219 -0.160023160122027 0.412331378574406
-0.0196348139919656 -0.307557040404286 0.252067061939273 0.196801104719618
-0.0679876761117791 -0.134294835337119 0.213510141398022 -0.159699767686069
0.00692114609326607 -0.153474681011499 -0.0569337794095646 -0.295881731113834
-0.0877981253388489 -0.219760097703827 -0.247041556008897 -0.192426422355237
-0.221894753032122 -0.19515308189177 -0.304398389935292 -0.0793997782550071
-0.233504270370791 -0.150355753033657 -0.304368293490577 -0.0415965780568069
-0.272427830864014 -0.162216105087601 -0.265010797001599 -0.0157642416970039
-0.223094741928105 -0.22220460354853 -0.239801909834883 0.033932430881828
-0.164095021232827 -0.21190560831161 -0.22129627387935 0.0589379406049374
-0.193515363998321 -0.282608867383302 -0.238477810322594 0.0721088320957051
-0.103046171298482 -0.468018373596314 -0.264743585965769 0.01000269245389
0.257787307461948 -0.537388976344752 -0.245797155700026 -0.0467166763855147
0.558675495750721 -0.38288966857867 -0.385508164034858 0.121885196358781
0.289984332705389 -0.202464339249333 -0.300768773496956 0.205639418182191
0.0799269489655298 -0.297875689802531 -0.0962744831668708 0.387636700201203
-0.0975576773120042 -0.126005706474382 0.202514502045273 0.102916083054806
-0.0478048685516253 0.0358608382501618 0.145698220256607 -0.149476118344622
0.0772766244655585 -0.0381870770902851 -0.0708925165115447 -0.259940510744619
0.0150285306633121 -0.13631985278218 -0.255007502729809 -0.203400557722904
-0.085098270953758 -0.152665758633404 -0.351367022359292 -0.124754365275478
-0.102027281612734 -0.133103174150346 -0.376197283613309 -0.108463920931228
-0.118174689743365 -0.15107724996198 -0.336177144263081 -0.0917232986424612
-0.069121132656717 -0.160155914850369 -0.281249685743 -0.0466721329689957
-0.0402265866656842 -0.103765875553972 -0.239111263403023 -0.00537194263962488
-0.127995020424869 -0.124463978833456 -0.268644293145282 0.0293308713929142
-0.0849904045464284 -0.316742479914718 -0.30366592204954 -0.0465242678782065
0.21618196308579 -0.39186187323974 -0.235100199368965 -0.0349094231088338
0.44114805702321 -0.243404423613763 -0.475339110834975 0.219487802223384
-0.14377212836396 0.1157997990937 0.466906750933319 -0.423273945173844
-0.0253275312732606 0.180601691530015 0.141227522206378 -0.0946653732352355
0.129955246220309 0.112248009803855 0.288697725595386 0.0797412877455329
0.10257397658062 -0.0885795252199878 0.268834043304264 -0.0377249258105372
-0.0570950167287888 -0.0685830284822703 0.204014818753853 0.015935834178127
-0.0747744330141207 0.0372144296345856 0.254576280216345 0.0995132933529854
-0.0342632954775297 0.0839942641413926 0.333780968703173 0.116247783534289
-0.0285702189868915 0.082922428914697 0.379512747517863 0.128811254653511
-0.0430251260537126 0.0983795641137669 0.348180434834248 0.134228039594117
-0.0782685117375285 0.0672302718165126 0.233541926642357 0.180299383283849
-0.106854742511392 -0.0260926359309299 0.0827142068187159 0.231405652481778
-0.00299858878285268 -0.143203179022962 -0.0844795475392044 0.115652150416268
0.145001716547157 -0.0176405928757138 -0.138104762367239 -0.0395862217576039
0.0290548560969017 0.116421211915014 -0.0167877844741 -0.225182794276797
-0.142751419414342 0.109916284945445 0.220971659753954 -0.191409217064852
0.0710839327578643 -0.0793847811185385 0.453211797680433 -0.367742291659176
0.116512347800566 -0.0656361214555648 0.0757187803545058 -0.0218026663052476
0.161577001089273 -0.131109892510017 0.310413652198042 0.195655883808494
0.0749604436712088 -0.289214815434658 0.309068619187969 -0.0164070610991374
-0.130256652932563 -0.242373152569323 0.184972312479144 -0.00345676610138596
-0.211193221758149 -0.10051187510929 0.201547496918963 0.115188272563238
-0.211888599686213 0.0087777314125098 0.286820029901756 0.147636745507406
-0.17085772181409 0.0409981463754569 0.338970791799215 0.154476158297765
-0.170396533142437 0.059955280447589 0.31744613647822 0.145045652128304
-0.16400874932626 -0.000253534315303448 0.201226071800862 0.179948422143477
-0.151049693852391 -0.0833764406202233 0.0566893620539914 0.212632994851902
-0.0505546139140151 -0.217093508212526 -0.0807172327759849 0.0985423285537997
0.120987477289642 -0.152820136266125 -0.117045825027919 -0.0299752837592112
0.129165133378251 -0.033699317970346 -0.0579399423731585 -0.218324204052205
0.0596858256597612 -0.0227190301452968 0.176148684589027 -0.236691326846506
0.295148109307786 -0.234232859646757 0.360720179229517 -0.26469534580456
0.28535875222015 -0.29263643130539 -0.0142025428400089 0.0874617360034362
0.201695181352173 -0.370008563128605 0.318837706216357 0.297901400422564
0.0457560000456003 -0.463902023278514 0.344369939044353 -0.0185508368657912
-0.173772531677705 -0.384425531653323 0.151886693165632 -0.0717375446296941
-0.301275817704659 -0.232004100640426 0.10914471414076 0.0789794124011072
-0.348832393835303 -0.0753139758213428 0.18798754759923 0.14370506228918
-0.288541438013422 -0.00610643722399662 0.249043692155403 0.157890257883656
-0.282811653159538 0.0210221129750976 0.251137415274418 0.141154307317466
-0.252627149018508 -0.059971386048152 0.155973297485304 0.175519504118546
-0.20899429104304 -0.134517467430268 0.0307928889109118 0.203711440077597
-0.122028572469362 -0.283429867843546 -0.0879754307440645 0.103272203339719
0.0593344560869821 -0.286939513897569 -0.122089373760735 -0.015354660504911
0.188943305208287 -0.208218243889591 -0.108239367985882 -0.209725797495853
0.242727421990549 -0.180694171468761 0.094945816899832 -0.245714863347162
0.474311001632915 -0.329436533044444 0.203682552578387 -0.137446932227878
0.415271639680172 -0.45320151397963 -0.105240549145019 0.216007839216364
0.207460080708464 -0.53764897126592 0.324994753628132 0.35829892672726
-0.000817913234956152 -0.5510778000149 0.359826880324042 -0.0519321828257084
-0.188157098760735 -0.449924365106445 0.100625990935885 -0.167719428963079
-0.333349704750763 -0.314635684487316 -0.00594744097226222 0.00399990354222254
-0.419012904419586 -0.147679124721157 0.0532787313876867 0.108643807926815
-0.362004881877591 -0.0523719191438435 0.119728390934308 0.137780579831456
-0.369104894755664 -0.0196808232543033 0.146811693276073 0.128106944623178
-0.331029891061388 -0.112993928550309 0.0842944271322954 0.167844134230722
-0.271967898304313 -0.182164765003932 -0.00975754303286118 0.195386796443991
-0.207160334339144 -0.33985405889806 -0.107805338034245 0.117875920027645
-0.026169021239375 -0.413271298930742 -0.145354567807659 0.00957033232594284
0.213187636845478 -0.387794634009987 -0.160397840531991 -0.182981189582874
0.39165559982308 -0.336977906091631 -0.0131204246152798 -0.204673750570191
0.563153659131529 -0.367066103942191 0.0206510995796698 -0.0123790789262736
0.44188434130464 -0.525802254921 -0.164158621736422 0.333388756545112
0.155367681352347 -0.575552555694092 0.322294661468618 0.350442202738094
-0.0517984004529704 -0.50275394457023 0.336486190634121 -0.10726427004058
-0.161252815455928 -0.409517667424085 0.030863475058762 -0.253898438613068
-0.30027861115139 -0.33058081085911 -0.121478601580686 -0.0781911301026346
-0.417444934167736 -0.189048928478098 -0.0900462891426435 0.0547219753367505
-0.379473162199809 -0.0928690109970589 -0.0308660277967182 0.098044970904031
-0.405783584976891 -0.0652336630622764 0.010891745342375 0.102357878886603
-0.371431691512868 -0.162883026284427 -0.0189658564220261 0.15054564705256
-0.305879833872226 -0.221261586321412 -0.0753448328349738 0.177000095588176
-0.270530882804461 -0.372449116535574 -0.142436067870442 0.128260963574052
-0.105175371939314 -0.50055354146679 -0.177906138878501 0.0357743921294931
0.217515652917887 -0.52929612421501 -0.204299208550119 -0.132814380446169
0.496102443572811 -0.450807581705544 -0.136175150902121 -0.112113236037189
0.543703468126186 -0.357940710435188 -0.141624227394429 0.0933991884544417
0.36177683594506 -0.509041726231765 -0.169866492509395 0.406792667026713
0.0592855598672632 -0.477535560735451 0.304661172785185 0.280908722214894
-0.078487906949104 -0.33301623329274 0.275614352558838 -0.156208778475831
-0.0908021874649458 -0.292990647142004 -0.0370264457404345 -0.295590305701383
-0.214746579292021 -0.286710507157903 -0.209772206414382 -0.139515540602627
-0.348079369276417 -0.198247886036607 -0.217557773152735 -0.00404727995575058
-0.336835338028666 -0.122099609366613 -0.179995299412433 0.0422897999028739
-0.378742144392738 -0.112096602819418 -0.135258251749534 0.0607794397189632
-0.341762690818991 -0.20192018059106 -0.136611520349413 0.112919652414029
-0.274914656036999 -0.237959885091551 -0.154237249007461 0.137055470302119
-0.268008437823414 -0.353449508321758 -0.188907472496634 0.117549044841074
-0.13944603834288 -0.520888009336451 -0.219372714476271 0.0448153630129297
0.220190386512056 -0.591600018167447 -0.233861789486631 -0.074942227564942
0.546495002823185 -0.482658520098517 -0.260352708961999 0.0138626442919194
0.435671779557383 -0.307465095494118 -0.249135593574348 0.171362703515365
0.213222261198093 -0.426679821037941 -0.130060316552793 0.421535677010205
-0.0392554502354395 -0.301330560740341 0.262469102342155 0.179159863850685
-0.0718598462585601 -0.12770723625864 0.198269275485004 -0.17388578202833
-0.00154691352880937 -0.159241200959307 -0.0776103978379515 -0.285654933043881
-0.103619843961938 -0.215936233532839 -0.255099418247439 -0.172870854283835
-0.234125184446861 -0.179536043481223 -0.308223493982279 -0.0577032281492389
-0.243866748929456 -0.1345445035513 -0.30326847748592 -0.0209303440260824
-0.282903965760313 -0.14333604858419 -0.262356330202562 0.000178993248819972
-0.237341978719512 -0.208246749806163 -0.234636562165511 0.0488551661759411
-0.174244122672121 -0.204958461956893 -0.217757912937757 0.0744466960708663
-0.206626830868708 -0.266977442094657 -0.232980708902623 0.0856023295421724
-0.128844552614276 -0.455622116610261 -0.264364488837437 0.0248801895472889
0.218779587678821 -0.547435671969066 -0.2463037806547 -0.0325033937134063
0.525341572334535 -0.419549315415111 -0.371813092405541 0.144373518571948
0.272367205776954 -0.220249859002872 -0.28896489949438 0.219778275873911
0.0569662694280142 -0.300140929130374 -0.0690272521471593 0.391351335241768
-0.10376309428518 -0.11687089017332 0.206786585902331 0.0887833662512576
-0.0405559406609242 0.0390478922388945 0.133118161046308 -0.159701050578868
0.0749330577889713 -0.0488142422804136 -0.0865075125794186 -0.251794782544493
0.00381986313845073 -0.139713179211538 -0.262449538111509 -0.185059391072096
-0.0962270016266003 -0.146155178673089 -0.356755416685976 -0.101265227501383
-0.112656211928502 -0.127081216750682 -0.381056527128464 -0.0828545228769286
-0.129470104797331 -0.143030959911603 -0.338478802012215 -0.0706834560599861
-0.0812097697605934 -0.156403621474522 -0.280277981953027 -0.0302876006384015
-0.0440234717568519 -0.104263853359128 -0.238516661012115 0.00973153150219532
-0.130363533231584 -0.113153645292805 -0.26381636696964 0.0454799748651384
-0.103887835510895 -0.306488042524137 -0.306948820302672 -0.0269273331921237
0.186402303714045 -0.40214060692835 -0.236506300368621 -0.0224393762919659
0.417698062008559 -0.273811310748913 -0.45395191508279 0.247200554440975
-0.135462748480824 0.122396929890612 0.431644528769598 -0.424666305188387
-0.0170001466577372 0.1783441921172 0.132230685757556 -0.0934777601338648
0.132382535653685 0.101318084684232 0.284151721507287 0.0640187837172673
0.0927220602070408 -0.0909834158339876 0.256904532153814 -0.0480538014863576
-0.0600146096696509 -0.0617879457845187 0.195029258718052 0.00861987873889694
-0.0696720928771293 0.0437791374959047 0.251694022603235 0.0870525581510305
-0.0271092064171715 0.0836251241482312 0.328274971670891 0.10256686121584
-0.0214205202143946 0.0817568115812533 0.374843773569021 0.110198019944519
-0.0343973062571362 0.0978823704152658 0.34189697850672 0.116464316941342
-0.0698637067518226 0.0693872172668615 0.232448626029871 0.168107362574148
-0.10442202212211 -0.0183600608506122 0.0907975602378212 0.220967663106482
-0.0121507500648849 -0.137542640227602 -0.0794401797934134 0.117268753268974
0.139939122830064 -0.0281570985872265 -0.136803389379512 -0.0295841335888549
0.0324782826367901 0.111225930871479 -0.023325612224758 -0.216998077824603
-0.129577330281274 0.11545832357221 0.206773375986227 -0.193389883842323
0.0645403096525183 -0.0752596036484507 0.421244531237697 -0.37172437065407
0.110694527137919 -0.0660807306749549 0.0729380800211998 -0.0195517422277044
0.154080648998954 -0.136182794445087 0.309798571057566 0.176360961291027
0.0578796338282537 -0.28499025782094 0.29587721690906 -0.0292271575805755
-0.138220166547754 -0.229071120614614 0.173863179130789 -0.00787640676534952
-0.20929594972252 -0.085073724674378 0.201300513470919 0.106440235684719
-0.20221265565633 0.0183088972076527 0.283383382373794 0.137168622070694
-0.161300445551565 0.0471573462234352 0.338673279102236 0.136308292031196
-0.159124982496643 0.0651085380858294 0.313341572379401 0.12747553507447
-0.156049396008097 0.00720322337561118 0.201065947757122 0.169544196090931
-0.149024233871091 -0.0738187826550869 0.0628461786665275 0.205996192472985
-0.0614928292922125 -0.207774831606363 -0.0770795969259457 0.101197046384329
0.111609319436541 -0.157461144101432 -0.117130986383816 -0.0233324273355933
0.123197611465934 -0.0386952808838896 -0.061919722487105 -0.209218256384066
0.0595459206507527 -0.0222587171799407 0.160331645211343 -0.234928485810801
0.274738408620065 -0.235074375981053 0.334540638148018 -0.269902605305648
0.264708577499693 -0.292103790272976 -0.00951283747395508 0.0903395503425866
0.181450888729619 -0.368147622004512 0.324760559206697 0.275161650061521
0.0235363052916742 -0.453214784647303 0.329830579856611 -0.0345396262566639
-0.185672430141186 -0.368421775318773 0.1379884564403 -0.071383650790848
-0.303917954205265 -0.209815393509334 0.11103232107905 0.0763429878131592
-0.338808217091327 -0.0581835196080048 0.186163011922021 0.139255474959921
-0.277824353352957 0.00697336259105915 0.252556083623729 0.142719364338863
-0.27074156260492 0.0329194293500045 0.250489262366154 0.127092512033525
-0.245605179567823 -0.0475183697381603 0.157803104353095 0.16808303011743
-0.206959334407286 -0.123293604362787 0.0374678526929825 0.20003014197765
-0.131581385955102 -0.26868655751201 -0.0845707748765936 0.105851185966856
0.0471067543294432 -0.283494082128887 -0.121307836840888 -0.0104022166685815
0.173828441182449 -0.210226602235662 -0.110442595414829 -0.199340139131585
0.228570689453113 -0.184207587673252 0.0810254799947282 -0.240407646889042
0.443676564337326 -0.33528936434192 0.188354021682426 -0.141340398859142
0.381798833160159 -0.454865551302685 -0.0915754577642713 0.218353487387463
0.180431635903749 -0.53125200533348 0.332706079657106 0.334342744201039
-0.0236202669677383 -0.535019012460352 0.341380893322314 -0.0672687011835328
-0.20122349298438 -0.43083639667405 0.0837848742409064 -0.161976394231366
-0.338872396175747 -0.290301040648236 -0.00392296925143416 0.00942431038686606
-0.411658213810665 -0.125269814880299 0.0538497470510283 0.110990213816007
-0.352127434286665 -0.0343305090599875 0.126495754954126 0.129005273644208
-0.356955858352792 -0.00345648018891309 0.149385130341467 0.117536392753686
-0.325058335835178 -0.0953711690379113 0.0890100117894348 0.162410223033182
-0.269962938022774 -0.16810994445391 -0.00211875638726909 0.195349792937819
-0.215937132284302 -0.319786263624139 -0.102402436836332 0.120557455040346
-0.0412808695132761 -0.400388089618176 -0.142535852439169 0.0140265595772272
0.188633642423311 -0.384895782153362 -0.160300290459465 -0.171008405760677
0.363651237279037 -0.343184385552902 -0.0219126114034257 -0.196559425856184
0.527511244284578 -0.379098363138691 0.0157698458841101 -0.0126715539087466
0.405002971289186 -0.526476397195444 -0.143144525708471 0.33412923210034
0.126143526725329 -0.563140462147734 0.330735035183909 0.327379848960328
-0.0697981592865212 -0.485770698914979 0.316802440546349 -0.12035668214696
-0.173129402139417 -0.39390074598296 0.0133698435958683 -0.242885190080841
-0.30753258460433 -0.307568444530714 -0.118857225319923 -0.0655973601616846
-0.411788701933159 -0.166733948418551 -0.0881057322731221 0.0640645880024539
-0.372309605604266 -0.0737334838719346 -0.0214588268221438 0.0971780498338595
-0.396867943818026 -0.0466812150562423 0.0164348623695728 0.098850759948617
-0.36725003996121 -0.14185564578374 -0.0111448860416485 0.14939292877397
-0.306384221359173 -0.206589112774336 -0.0664660146886591 0.180392558071554
-0.275804358186359 -0.348468886942524 -0.135602181534374 0.131154507600121
-0.120591646292846 -0.482143719951594 -0.174021208148329 0.0407059281861922
0.187526146639327 -0.519947476629063 -0.200874215874546 -0.121529781079324
0.459814215676091 -0.459690802878148 -0.136680443386345 -0.102361222951133
0.509071021244373 -0.368548138277472 -0.137652301505377 0.0959385164405267
0.325891909627268 -0.509509155380282 -0.145490009502439 0.405109145320725
0.0362588251273498 -0.463115511878942 0.309001403075291 0.259852216455591
-0.0889907906987255 -0.318835001059185 0.256751105760114 -0.165053135272924
-0.0990511932920954 -0.286040720535798 -0.0523146133701446 -0.280242808395866
-0.223417073561176 -0.270804669064346 -0.20717272280116 -0.122330853887257
-0.346915435753316 -0.177093011860093 -0.212599009099976 0.0105610819497106
-0.333402863160207 -0.104494409123239 -0.1699584032095 0.0492410826067392
-0.374135048875976 -0.0930632160233406 -0.127227439509316 0.0644191436636487
-0.342076056499685 -0.181434173768481 -0.126898899389915 0.117082190834623
-0.276754228330706 -0.224302580982565 -0.145555666738497 0.144192959237681
-0.272287450763777 -0.330916827124422 -0.180828458459522 0.122765529629313
-0.154322792559532 -0.498803627084565 -0.21370520625203 0.0510346852819818
0.186967695639596 -0.581022685026155 -0.228788990148004 -0.0640346686113651
0.505121002656261 -0.493658738318394 -0.250232424536284 0.024850472195174
0.406967494874631 -0.31649149659619 -0.238310270428802 0.175149138122046
0.185049313257363 -0.422006281849116 -0.106096941781765 0.41528381434801
-0.0511250846238716 -0.288336601176847 0.262608009253892 0.163655491305498
-0.0719226360753618 -0.120105013955999 0.181862103697371 -0.178478071113633
-0.00770060812330046 -0.160241686291317 -0.0891214315672726 -0.270270575217897
-0.112244690691044 -0.20805773045245 -0.252050629889706 -0.154717698210598
-0.236282873179533 -0.164692564211294 -0.302030270981611 -0.0387152713707899
-0.24502461072084 -0.121193676844569 -0.294252717413436 -0.006517629717399
-0.282878112937206 -0.128259911451041 -0.253546202004002 0.0106209435244117
-0.241724121648575 -0.192412678768177 -0.224831492534683 0.057080541484835
-0.177762710648051 -0.196291652024077 -0.20888538862034 0.084216697909454
-0.207623925107866 -0.249352796029845 -0.223080004832895 0.0925127548139129
-0.142558817549145 -0.434224241008459 -0.257892228965551 0.0347326887803054
0.187460462841855 -0.538859166747472 -0.240403437986852 -0.0225841309024093
0.48616929468111 -0.431944151214823 -0.352640867190842 0.154749596246411
0.253191715815251 -0.225504761682391 -0.274503409549052 0.2236844054294
0.0389984162556724 -0.293083069168444 -0.0468518748057587 0.384232076732005
-0.104604544036612 -0.107231465869167 0.203806327103375 0.0782054967403868
-0.0334093404816315 0.0395041957801996 0.120423247705628 -0.160843465459332
0.0703579128913492 -0.0566989768455681 -0.0937803102276399 -0.239017641306968
-0.00450854833008311 -0.139849961470282 -0.260751096722861 -0.168350840537113
-0.102263155917143 -0.138178134116861 -0.350678358783195 -0.0832669149838075
-0.11838727668183 -0.119030752626032 -0.373898461829062 -0.0641846855079928
-0.135103176413237 -0.133819486816716 -0.332292167651536 -0.0552990468052663
-0.0873069051796429 -0.150311506865564 -0.272854352247486 -0.0194639019756261
-0.0467327000323001 -0.103481478010801 -0.231635174564065 0.0201132618916487
-0.127718650604111 -0.102425352689917 -0.25320880713787 0.0545947753478256
-0.112079421541328 -0.290721371047376 -0.301456129317298 -0.0128307071786596
0.160675257168286 -0.398706275839504 -0.231238166433803 -0.013768083684873
0.38732442267211 -0.28753044753692 -0.426435320606241 0.257071926932395
-0.129239501320743 0.125201908069808 0.410744295265118 -0.414099137776657
-0.0137468608621987 0.176220168777677 0.127594680365496 -0.0886337875549661
0.131985357685902 0.0935655632882941 0.279190672992308 0.0565566019162125
0.0858971466407535 -0.091639805278527 0.246566678734478 -0.0504551767059754
-0.0606944290374391 -0.0565563410608952 0.186679203145214 0.00706994987435483
-0.0646811888201072 0.047355804338307 0.245631923673874 0.0821710827060667
-0.0229206691461257 0.081996181131049 0.322505824222065 0.0991012775350086
-0.0163582657157948 0.0803321311107396 0.367817438802118 0.10246409580013
-0.0283450747730152 0.0960890659091445 0.333123533036959 0.110279840760772
-0.0641332920080634 0.0692761367237079 0.227721563760122 0.162442748281942
-0.101676440611606 -0.0137322062315167 0.0918036532568144 0.214007075826845
-0.0172954028480699 -0.132808606743435 -0.0775167098624034 0.118496778210209
0.136512177460252 -0.0348228718963302 -0.134755112911647 -0.0238361366292489
0.033069469734155 0.107291144767924 -0.0235086518688341 -0.211420077559799
-0.119751340880498 0.117199951860497 0.198512804404692 -0.189149714617777
0.0606029797428617 -0.0691853924147653 0.401669460892965 -0.365696510924461
0.106980839715119 -0.0626637756323318 0.0706500728491968 -0.0154112046260992
0.149636769558237 -0.137069272963701 0.307414332464278 0.166620089278555
0.0490344941273731 -0.280900936487172 0.284227703323108 -0.033795654218208
-0.139243802871038 -0.221305628522686 0.16527683641387 -0.00668098124065545
-0.20365167255086 -0.0759940424416365 0.198153785620375 0.103857365453132
-0.193892779533004 0.0214929634716197 0.27849964856237 0.135547051652723
-0.153570507376504 0.0486413975376435 0.333453225125202 0.127890787473642
-0.150523325685936 0.0664990907007714 0.306875798527346 0.120643494158985
-0.150469985305103 0.0096470475055519 0.197784406970728 0.16560703732723
-0.145415930279737 -0.0691088604138899 0.0651348449923713 0.201727834745214
-0.0651852401316501 -0.198808331889095 -0.0758564719146951 0.101756468899353
0.105878385532401 -0.158495263482609 -0.115650719394846 -0.0192999171617172
0.118700227631716 -0.0395890804863657 -0.0610620977208249 -0.203243323201931
0.0603175665956861 -0.0215069753959802 0.153178306347729 -0.229033342345345
0.262760099339814 -0.227263979437747 0.317483754800133 -0.265451521022711
0.253385760404764 -0.285627581147447 -0.0072443939803706 0.0925478373087181
0.172213731127707 -0.362628060904433 0.322225986131507 0.263004651977123
0.0146691999024726 -0.442703314696026 0.315414418540563 -0.0405109214947
-0.187947762539174 -0.356159062901541 0.128011020394329 -0.0664652042979494
-0.298347467519591 -0.196155635051374 0.110670595614414 0.0765327638987272
-0.328954845295234 -0.0509562511748546 0.183182843869022 0.140363558627462
-0.267863406745517 0.0111366917165344 0.250952840023731 0.13503615562427
-0.260575422836389 0.0362852148684042 0.246858681916536 0.120551952200327
-0.237496221192336 -0.0427890908702612 0.156539086399267 0.164631314642318
-0.203676860122784 -0.118294125794038 0.0396262250624564 0.198710385919625
-0.133835564059254 -0.258230505353109 -0.083280908334372 0.106722060590177
0.0413284604910798 -0.279619651570741 -0.120726020346099 -0.00770227017923166
0.164032844251779 -0.207183381019477 -0.1078850589726 -0.193090162728711
0.22011226799866 -0.182442605502468 0.0748242380976936 -0.233633873318081
0.425244940612048 -0.3289647660896 0.177503454502445 -0.139447799477677
0.364668106344163 -0.446722317743235 -0.0849080650260667 0.218205033067784
0.167472670872972 -0.519174894416655 0.332581996690765 0.321311986709874
-0.0330215516775941 -0.521734928132395 0.326754229018943 -0.0731598969419356
-0.202964071988784 -0.419669549461279 0.0733699586777701 -0.152879066221778
-0.336251534605492 -0.276228975578822 -0.00108027064641447 0.0141662086572485
-0.401679318591049 -0.115236711206704 0.0537504065598735 0.115850056472839
-0.342025317187438 -0.0278215921610121 0.129449418428091 0.123817275558377
-0.345973058020151 0.00261187737234061 0.148572633914004 0.112105935798092
-0.317267896630893 -0.0886503838565386 0.0895343193685107 0.160028873819947
-0.265985785859996 -0.162884938260404 0.000750135597415967 0.195803552782788
-0.215846472906322 -0.307456724691165 -0.101006249241547 0.121468011356143
-0.0448428418129164 -0.389567611983703 -0.141427738236807 0.0144849389748123
0.176130422347641 -0.37631137517961 -0.155655763151922 -0.165395969933665
0.347887514014118 -0.339945616661627 -0.0246021742532969 -0.189573773658143
0.505700787222943 -0.372644131058145 0.0109073099231886 -0.0126026978385614
0.384912810572433 -0.518064278027742 -0.132918603527727 0.331266731959876
0.113118521234165 -0.550246158045224 0.330939525102082 0.314628668027403
-0.0762571866229424 -0.472053041892797 0.302911770080599 -0.124199669765432
-0.174764276936119 -0.386438221095359 0.00479163659026808 -0.230893355115536
-0.307780199234411 -0.295427087640506 -0.114164333325658 -0.056477720748058
-0.404567303043007 -0.154800446486719 -0.0845789013420989 0.0716521970911756
-0.363769676508486 -0.0653775344169109 -0.0160841684561279 0.094269727379005
-0.386578737886561 -0.0390459043017367 0.0194846836581866 0.0949196205744502
-0.360803775239413 -0.134530250111256 -0.0078840272309684 0.148521732890007
-0.301812022688885 -0.200976406977766 -0.0620523054496194 0.182529726903895
-0.27301826264496 -0.333803635446321 -0.132361552043337 0.131243552067478
-0.123785389942326 -0.467325544387481 -0.171427148478559 0.0404495549734244
0.172946327241206 -0.509114126694781 -0.1959034791574 -0.116888759596731
0.437186699818798 -0.45438090870899 -0.133729102721094 -0.096886283333794
0.487822671045099 -0.365547651393977 -0.136508137823546 0.0952642350597838
0.307029266863668 -0.498937451450793 -0.132967794912714 0.399082089112165
0.0274029667966973 -0.449566471850392 0.30807206599645 0.249984301900092
-0.0897649997518202 -0.308732884199686 0.244020852346576 -0.165677534093071
-0.10176076937666 -0.282273194335156 -0.0570873170171678 -0.26679623095813
-0.224083911200218 -0.262699968574767 -0.200100474541671 -0.112154081347244
-0.341167671317763 -0.167287465589292 -0.206080082754608 0.0209744467837244
-0.328396931752688 -0.0968094472064836 -0.161944841820475 0.0512498497789505
-0.366350368466885 -0.0850968997554861 -0.121122747680272 0.0638078257291817
-0.336675872275798 -0.173316226236912 -0.121161938933027 0.117352837049445
-0.273020415892183 -0.218909941734563 -0.139872438063872 0.14812071363315
-0.267961716761098 -0.31820893649907 -0.175788464201278 0.123265470103382
-0.15770555943203 -0.483071795612818 -0.210252522601856 0.0513552975806073
0.172122523034055 -0.567569846743407 -0.222708830494786 -0.0609076730565181
0.478922373610467 -0.489603949042003 -0.241909411110735 0.0280308850969466
0.389290068002819 -0.314787197249348 -0.233776622691723 0.173880506990265
0.170007843054476 -0.412795544809075 -0.0943304540473892 0.407968095328624
-0.0550874862229362 -0.277694176012241 0.259540889709894 0.155693299631034
-0.0688912395366318 -0.115958453787207 0.171037351660056 -0.176865937151108
-0.0106417289558977 -0.161992484802923 -0.0915736313816957 -0.258426793590812
-0.115820588691757 -0.204445949183378 -0.245223961276872 -0.14391117755309
-0.234125368242339 -0.157234043088789 -0.294687457246354 -0.0287826576848059
-0.242668587935919 -0.114817401213351 -0.284926421750859 -0.00162513983543163
-0.279421624533412 -0.12065130362636 -0.245691080777602 0.0126442974441917
-0.240300298197825 -0.185548972155455 -0.217130541150457 0.0592333072043872
-0.176389432957307 -0.193538005750343 -0.202436155908462 0.0887562415876617
-0.203008180855952 -0.23843067642979 -0.216311809033251 0.0930676190354443
-0.144593341313126 -0.417353796231332 -0.252933422286679 0.0371024230568192
0.173141079149199 -0.526220281193795 -0.234402070201287 -0.0205365801176694
0.461536940598832 -0.428919342042445 -0.338315714028703 0.154944943949923
0.240983881326495 -0.223517934072711 -0.268232114906148 0.220432475853897
0.0299601492046433 -0.285656275916893 -0.0374044484799299 0.374286950978145
-0.102604709516795 -0.100616266508445 0.19918755877567 0.0736327325352306
-0.0283519626786051 0.0379394760210694 0.11274337661832 -0.158911309572194
0.0664672560373886 -0.06119243763553 -0.0948959509609007 -0.230457856156105
-0.00988359862078407 -0.139826673206908 -0.254365461470521 -0.159718812516738
-0.104094402653297 -0.132737062809215 -0.343067463303493 -0.0729120063563517
-0.119782417544169 -0.115055455760481 -0.366054170998112 -0.0552371947645756
-0.136839560903051 -0.129215177447609 -0.325139147019461 -0.050375877013818
-0.089326669004467 -0.146958470583727 -0.264275787487377 -0.0168660777482708
-0.0464296765377849 -0.10421043073326 -0.224477518623402 0.0245134766866339
-0.121949145417482 -0.0962544642102079 -0.245064552862618 0.0566550198400318
-0.112904405305975 -0.278523766092197 -0.296309918270587 -0.00683964747793265
0.146956391601579 -0.389107735107267 -0.226047441998652 -0.0115285201280895
0.370730055152097 -0.286729852092631 -0.407849842014948 0.255314752564724
-0.0963096492529738 0.144600077111206 0.32203002577324 -0.496018743884104
0.0213272703479423 0.171236330907583 0.104543261627162 -0.104585786565824
0.144930683402622 0.0585559284517104 0.290866142166322 0.0163660217838994
0.0600475391189367 -0.107354396247764 0.246197646600855 -0.0934682937360234
-0.0682960689256341 -0.0422499743246055 0.1850534186794 -0.0308728092010947
-0.0484272395040432 0.0571338245367086 0.254135239999694 0.0368447973292023
0.000206465994163429 0.0810075240357375 0.32969182455107 0.0433499519933103
0.00277427568380479 0.0785643613692085 0.381610425082161 0.0335752273775863
-0.0030456067195801 0.0970561994984566 0.352931545578348 0.0478590207413245
-0.0446674915395357 0.0809623308990123 0.260594618878071 0.118184443727888
-0.0976106949570384 0.0096239815087853 0.135593058908557 0.194206414122328
-0.0459043090740992 -0.121589810386994 -0.0511954512924618 0.138097943601506
0.119640924744856 -0.0642277912318136 -0.139127302954859 0.0127282258525717
0.0558985685686594 0.095023603379851 -0.0717298651420974 -0.212914309106675
-0.0864750246926692 0.136787835878745 0.165749867460184 -0.233904308306054
0.0482342114551335 -0.0709283107704672 0.337417364663328 -0.444296619693775
0.0912703091747499 -0.0781598450726672 0.0754202996739478 -0.0215216636942218
0.117416160298021 -0.162026853086925 0.356406081530723 0.109875861871678
-0.0119227904518429 -0.278960228951128 0.297515151458017 -0.0922901899522094
-0.175064982981919 -0.185920986786331 0.165024705911975 -0.0509574939749406
-0.205644666633072 -0.0350962322819122 0.213568510542118 0.056919892915889
-0.174995006931366 0.0591078111045201 0.295589452689722 0.0746879926908305
-0.135161188191346 0.0723075104023439 0.354235614052216 0.0629657129286224
-0.125885370807358 0.0902317615530552 0.331560350310359 0.0625911950475107
-0.13879410368351 0.0381322252051923 0.234919085104574 0.127639508661955
-0.148660524270813 -0.0368417610101488 0.107545244104278 0.189540188802292
-0.102640668643369 -0.176354925922413 -0.0517892548903696 0.121214167563793
0.0687055672883795 -0.175185131277182 -0.114305864850991 0.0121624524841212
0.108832183556912 -0.0644128894152172 -0.107179615590016 -0.187218445742798
0.0606450254861639 -0.0344060342078181 0.107302822486876 -0.252081284066206
0.209046634462663 -0.25494954036261 0.289212593850106 -0.326853455047352
0.189373101018849 -0.318297388742612 0.0300327519228783 0.101056761909873
0.0970024810293523 -0.377673522267675 0.408462118770407 0.193646428307487
-0.0776752783435245 -0.426841187624296 0.338997209352873 -0.111542593640083
-0.248733913925828 -0.308410162054998 0.120644008094202 -0.111515969215131
-0.320563019321038 -0.133393416008253 0.125089890791688 0.0387421883111968
-0.318345410302002 0.0183608460975565 0.205918124746547 0.0853515918852288
-0.252513556113896 0.0553498467956634 0.274576905076619 0.083897400423313
-0.237136485500901 0.0810882224655009 0.273633073854929 0.0728344126199983
-0.234011293028832 0.00361069223514061 0.196865602085492 0.1348087617612
-0.212590972416924 -0.0751959113479573 0.0830190906611537 0.191912066297339
-0.177789943006948 -0.220175837090146 -0.0563963995726828 0.126359185917719
-0.0140737161836565 -0.276661809529923 -0.113081418479738 0.0224150761477261
0.119416094120166 -0.236243745717832 -0.148595726737826 -0.15782149327815
0.182633257888748 -0.223165742249639 0.0264551754296355 -0.229250796964013
0.342864710416002 -0.379725421044603 0.181305356967029 -0.169438128912238
0.262756549664471 -0.490572227943615 -0.0136433206916555 0.242519986209863
0.0607282362827732 -0.523450339551839 0.438785909077711 0.241805069770863
-0.136591867793541 -0.491307346934543 0.34854247811165 -0.153155602880454
-0.277554456899798 -0.366430702237587 0.053022437037431 -0.190700431690609
-0.373935143190783 -0.201916059760817 0.00552800253389715 -0.00671866281005571
-0.403172238847464 -0.0276395261605705 0.0780031810892162 0.0780833308802107
-0.332851976907079 0.0305102481995092 0.15283173004233 0.094539209636662
-0.326827138826846 0.0639874131291796 0.176036396354089 0.0836233966322715
-0.319874314264408 -0.0273126038312331 0.131721261865398 0.142793694281025
-0.281006835569209 -0.108299172707124 0.045158535982552 0.196708283655586
-0.263768894295046 -0.253471873188934 -0.0693966824790319 0.142847593948964
-0.115936706529471 -0.365957509288246 -0.124793212129132 0.0461005083436807
0.0969145969984886 -0.40221964774882 -0.186326433184954 -0.112704234477262
0.274274918834693 -0.401139976663561 -0.0653462326095071 -0.15561256428959
0.408403640814266 -0.436668833793022 0.0420400789207674 -0.00726411635275875
0.266614429010115 -0.56326726257585 -0.0372229231096104 0.363669954313603
0.00421223382443683 -0.541143322782728 0.433947978034609 0.231813275644199
-0.166079910233318 -0.434471530934544 0.309570089112798 -0.200612777284867
-0.245469179533993 -0.340382923149147 -0.0292014402754392 -0.252713218974248
-0.352585824277353 -0.225592115469791 -0.116833014226058 -0.0558957404752327
-0.415442706581745 -0.0638062772423241 -0.0627145534735031 0.0587550469068941
-0.361761482687382 -0.00175378330840367 0.00498426850915915 0.0930555990939041
-0.375392240675878 0.0320013342217637 0.0449560515004954 0.0912342720975139
-0.371476188020868 -0.0636181637364588 0.0324862493789853 0.149666606458643
-0.322637426872247 -0.139534880177665 -0.0195470877737077 0.196237700726947
-0.323870783591153 -0.270396685588708 -0.0977916618956081 0.157365445802305
-0.203950003486701 -0.422618359722183 -0.145143496025748 0.0744301770914101
0.067589257284251 -0.530642685693545 -0.212408646984942 -0.049210314255899
0.335277152787658 -0.530415412586885 -0.157125650704792 -0.034416416379265
0.391465763996402 -0.427800157023898 -0.087753903305361 0.129537555921725
0.195766781820577 -0.530129755736712 -0.0269781962115278 0.42860924297042
-0.0590248289036845 -0.429157042731392 0.387426432830977 0.170206412199393
-0.146190831356614 -0.277182596503893 0.230096466301702 -0.226516777498526
-0.156357623264019 -0.255499214488284 -0.0981850815779842 -0.268797495934901
-0.268488909880911 -0.210048443033115 -0.210701954682815 -0.0910963282714351
-0.359359431318395 -0.0884762119244382 -0.189692840910831 0.0330303530699886
-0.333463638809759 -0.0371552477475044 -0.146894743246881 0.077850697053813
-0.366313427866528 -0.0155718021828394 -0.102518394052366 0.0871246050134879
-0.357915999636038 -0.10659078116998 -0.0872431664465884 0.140575625018004
-0.299637065482598 -0.163229952788708 -0.104163413824316 0.177059820253289
-0.314406963196836 -0.2569445079017 -0.142724575942448 0.156602467446697
-0.23861926471211 -0.430550587433884 -0.180062423513033 0.0923941533190669
0.0531243305696075 -0.585820356813475 -0.225808566102442 0.0150977428023421
0.365545132066072 -0.571192670238234 -0.241385108544851 0.113153868227055
0.307379586171443 -0.363415384024579 -0.177543971640043 0.22573517970928
0.0824347644987899 -0.422777599951545 0.00684952265111415 0.425322664227599
-0.102999998888685 -0.250336151510879 0.305152517037532 0.0888140241764977
-0.0865997697824279 -0.0993595784786116 0.142466327560011 -0.216007017989767
-0.0476919100871381 -0.15787116382586 -0.131465498111066 -0.245588018938309
-0.154716162965911 -0.174921540556314 -0.261390511709316 -0.109562239045181
-0.257568896284045 -0.0997260038705806 -0.285076279096951 0.00650023835774685
-0.257530494886742 -0.0684411129166362 -0.279110054190059 0.0508254292895232
-0.292741243726883 -0.0654679899612144 -0.238504144203916 0.0607299711131325
-0.268526648653768 -0.136963269144496 -0.197740915683724 0.101563426207419
-0.20371993284929 -0.156697098156838 -0.180019374286456 0.13072182645019
-0.237433861258686 -0.193215192492906 -0.191274753039843 0.135051689620887
-0.214568573403326 -0.371215773919438 -0.228600310926799 0.0870283153710965
0.0602424113211776 -0.545416983582362 -0.231023325591238 0.0565131951202248
0.358106594564696 -0.50950583587063 -0.314302221351786 0.253944637289005
0.183222359396395 -0.252971462704649 -0.212763058908689 0.27689382640638
-0.0265604994328719 -0.275018644678651 0.0479188216997874 0.377347116007994
-0.11412641952312 -0.0748101207555069 0.215556390540541 0.0251823871254085
-0.0169217764903596 0.0381825985354634 0.0780999917776833 -0.179830402051834
0.0452965315428744 -0.0766962005649629 -0.130013545696266 -0.210710759845195
-0.0417496477846242 -0.132540040775859 -0.274020105851747 -0.11763201242836
-0.131066861298705 -0.103224656587908 -0.340206124333406 -0.020384639501012
-0.140313220664781 -0.0890467681497729 -0.369201563119922 0.0136871422242948
-0.159608279083461 -0.0995573976609058 -0.332862991848838 0.0122688568247801
-0.116693078205013 -0.127958718314072 -0.264870673979735 0.0342481890874509
-0.0648159533128282 -0.0951458809800416 -0.2164230120204 0.070068454006159
-0.133367511342551 -0.0724824788185416 -0.23034681261094 0.103778146090249
-0.16052322057516 -0.244826856097466 -0.286432160414499 0.053242271300858
0.061241846310528 -0.406634221217277 -0.224765018233718 0.0560160580496464
0.293198106759608 -0.35377950726554 -0.362850855712478 0.355706229761459
-0.0929621599550522 0.152229631732103 0.319059722738306 -0.503441788222742
0.0260809944104947 0.176766031089655 0.106066557125844 -0.102951929823763
0.148056000917639 0.0553825606525702 0.296717826288349 0.0110256585958694
0.055769690831071 -0.109592079054275 0.24710153155006 -0.0984179972076253
-0.070711436753383 -0.0392047315431278 0.186225874025726 -0.0310530909552543
-0.0451404569385838 0.0607355126748131 0.258999704793985 0.0359815764914325
0.00352320573371705 0.0824109120738364 0.339804326799332 0.0417592340823662
0.00637262158843092 0.0793501800081867 0.391147530081562 0.0305545823440508
0.00218355609185013 0.0980593604619897 0.359051888906747 0.0466897582828092
-0.0417785217663924 0.0827498141705845 0.266760685349093 0.120592828627355
-0.0981101487886538 0.0139913029681977 0.140655689881555 0.196266423140467
-0.0508692119716245 -0.120961447158032 -0.0504813661808382 0.144180061335852
0.118521208279624 -0.0712848914872348 -0.139833988662902 0.0165729078983744
0.0583531383149253 0.0964378283879111 -0.0753122761675833 -0.216731117913085
-0.082245189961824 0.141478528423142 0.16733490720993 -0.236812370680455
0.0510622211735098 -0.0676008045019485 0.334107702674442 -0.450439053219441
0.0949616181943114 -0.0782715355519022 0.077065106169532 -0.0181256507434476
0.117788028941387 -0.16792006419002 0.367051374690375 0.105042343258015
-0.0191498067814898 -0.284661543924055 0.29916422194529 -0.0976115887005477
-0.182463258681833 -0.186358888277345 0.165569618960677 -0.0491924339233351
-0.207919217981465 -0.0313778884492424 0.220433594629392 0.0569663669674747
-0.175038428357546 0.0623662090164886 0.306091643593816 0.0774630666623506
-0.134297007100054 0.073432827275444 0.36442597418829 0.0611967585087558
-0.123370064178474 0.0923755534057598 0.338464045400131 0.0612269465544986
-0.138618261436967 0.040042811411604 0.242073181735321 0.13059700994184
-0.151980141288203 -0.0344535837347553 0.113494797101348 0.194279224243775
-0.108153072619401 -0.175908707615542 -0.051865034328649 0.127447073217349
0.0651333731922405 -0.182221335917609 -0.116225681116671 0.0148366662008116
0.109461252923673 -0.0665728372849653 -0.109841000321548 -0.190585451412758
0.0631879364271639 -0.0352150962438144 0.107936310535953 -0.255181515726643
0.212374264543591 -0.256471975599489 0.287109952866531 -0.331165680466594
0.190155795357635 -0.32188929083613 0.0334312887847843 0.107753938189024
0.0936558482913127 -0.385214478537767 0.422509622090253 0.189649710792854
-0.0871841666353293 -0.433945412821612 0.339488996973714 -0.119201718545088
-0.258968530654143 -0.312680679236979 0.119639489505157 -0.108808734642161
-0.327393632252225 -0.130286333895243 0.131375879012142 0.0409703151822968
-0.321352533783158 0.0223224638767582 0.215799933776511 0.0911796601864544
-0.254386925074534 0.0585499052883224 0.283450517414969 0.0821304078781763
-0.237103932359664 0.0843822826198091 0.280501145291405 0.071172436854357
-0.236698253674011 0.00590727208034701 0.204244900718894 0.138762135224015
-0.217350464525127 -0.0744073097393569 0.0895065725572769 0.19834613186479
-0.184888752147549 -0.220152454994225 -0.056847699409848 0.133097313942548
-0.0190586704726086 -0.283975682876506 -0.116028759636541 0.0243779490204725
0.118110656732141 -0.240245798708266 -0.150994920414211 -0.16184916430107
0.18299624284412 -0.228652948722014 0.0258382280654198 -0.231708944482124
0.344250467954599 -0.3866674351084 0.179265369641995 -0.170848461499365
0.262630821252426 -0.500617953821765 -0.00959738940491096 0.251306012786937
0.0549132544119932 -0.532795255453214 0.454990525107956 0.238741678624261
-0.147350362412227 -0.497776548216442 0.34892656146025 -0.16042617540146
-0.288382848990185 -0.373678586132792 0.0501733435484197 -0.187807440580143
-0.383669485527551 -0.199822548078126 0.0097591521146507 -0.00394536808292482
-0.408575204532928 -0.0229838165870245 0.0859261368429387 0.0858771351824808
-0.336269395068626 0.0342204776045348 0.159977425081949 0.0943392096716428
-0.330050775369875 0.0682383054068978 0.181029668714711 0.0823926297665523
-0.326067516988422 -0.0245415829122136 0.137847908255037 0.146632716862983
-0.289076971478393 -0.108758708571092 0.0515935819585031 0.20486127598909
-0.271801234397589 -0.253426119519486 -0.0704421805436509 0.148955397222825
-0.122805291682727 -0.371905095399684 -0.128655387040989 0.0478970863539076
0.0922557246930375 -0.409504976444367 -0.189485687370034 -0.114459103498547
0.271571902092416 -0.41200287388176 -0.0671318821211161 -0.155662601394178
0.409637422532174 -0.446909646126948 0.0394051711941043 -0.00554975378189793
0.262118826808544 -0.574297756638304 -0.0304551907583931 0.374366290772138
-0.00365447386001699 -0.548256404767186 0.450595391416177 0.230094704892173
-0.175808867579671 -0.438833241221494 0.308674208717591 -0.208462623251063
-0.257006341203727 -0.346938851557866 -0.0333245276642852 -0.249574774516026
-0.363179844454534 -0.225102699702645 -0.115043258903028 -0.0524870186301642
-0.423360576794099 -0.0596228077309152 -0.0577052550688233 0.0669436940409105
-0.367373205614235 0.00145381745018602 0.00972402852211929 0.0943266087557839
-0.380747122808959 0.036830210384029 0.0473887609380001 0.0914143353486449
-0.3784796478401 -0.0618105608886211 0.0370259183239965 0.154165858343987
-0.332251993934429 -0.140748271202963 -0.0138708142564767 0.205540461962565
-0.330018227742845 -0.271043978133426 -0.098374278758727 0.162858361481813
-0.211943037661774 -0.428825619876261 -0.150281280591537 0.0765504375737323
0.0609585692282434 -0.53833880602635 -0.215212527694832 -0.0507848971633333
0.330531209504651 -0.543575970439115 -0.158948157514831 -0.0323844675166599
0.390954689619514 -0.436245516657832 -0.0913025980129111 0.134864320513727
0.1878966181132 -0.540506764116838 -0.0185989254573088 0.438700027169539
-0.0661320037171635 -0.433609953963086 0.400558212259273 0.16731892483157
-0.151704891024914 -0.279465527371067 0.228333165222959 -0.232785231640194
-0.165346295616601 -0.26174353342902 -0.102778881936337 -0.267950041233842
-0.278663357532292 -0.211136276982733 -0.212025852173683 -0.0883188283718834
-0.367612432120648 -0.0866073237945954 -0.187945440132023 0.0422437464308399
-0.342368310118527 -0.0341537871350313 -0.145369888544917 0.0809611636948853
-0.37491678133004 -0.0113618249776202 -0.102780050115088 0.0889253667247447
-0.367961214286819 -0.105986171973239 -0.0854659448740935 0.145350681484166
-0.308735636288573 -0.166445505113391 -0.100943477258117 0.186030533293132
-0.320484411038783 -0.256624429286817 -0.144221500542173 0.161878106636562
-0.246996718519249 -0.435131201557895 -0.185307517145046 0.0957176969902368
0.0460034450121255 -0.593297691747763 -0.229050443334426 0.0146583844895314
0.360744251401794 -0.586706945749918 -0.242003613569632 0.117740226144215
0.30472398224414 -0.372117859063092 -0.181012020891495 0.233349225403583
0.0742673811908984 -0.428791577222683 0.0161898829584434 0.433161416216036
-0.108426067195184 -0.251316195067119 0.314460696479334 0.0864319491229795
-0.0875897928466334 -0.100110931820393 0.140861087323794 -0.220771071584528
-0.0531674446071419 -0.163850021770164 -0.136145859555048 -0.246079969929823
-0.164147547014147 -0.17788543029496 -0.263507605517329 -0.106946838167401
-0.265301380246396 -0.0985274660805276 -0.285591887022419 0.0143673285159789
-0.26515618836511 -0.0666760092213896 -0.282418557103223 0.0554930312337262
-0.301513774663754 -0.0630366161864222 -0.242428166601229 0.0637223857997221
-0.277735951257228 -0.138171423111793 -0.199390169733673 0.105336793735385
-0.211175686197322 -0.161218006213203 -0.1791757212907 0.138223101648916
-0.240286012110983 -0.193771195166991 -0.193267976648341 0.138659880836949
-0.221332603251726 -0.374901143403775 -0.234197912141398 0.0921983767998733
0.0525604817621567 -0.553696577514203 -0.234388429818105 0.0574659203299502
0.353631098992818 -0.523509314506477 -0.314160913148794 0.260389144410018
0.181905881062287 -0.258752377608994 -0.216793911333698 0.284581273707891
-0.0349111709657684 -0.276852330808774 0.0572948954414342 0.382539705164332
-0.11603309509848 -0.0734517142231855 0.220836133001753 0.0235745250887726
-0.014232700383095 0.0383941065661434 0.076136834366243 -0.182619873615447
0.0422720893340941 -0.0818856532202156 -0.133829911589172 -0.21295230958273
-0.0492190413155093 -0.1372142887997 -0.278331293918305 -0.117644097015281
-0.136547072718466 -0.103188195926398 -0.345062869551957 -0.0137211937071706
-0.147119790213814 -0.0888205727490084 -0.37722732076149 0.0200657543373683
-0.166710916744796 -0.0992815692913526 -0.340742207237464 0.0151511412947504
-0.123348650428207 -0.130598857868957 -0.269632594320156 0.0367182704922932
-0.0681922741943277 -0.100088848982106 -0.217892927955208 0.0750196293329375
-0.131880798645929 -0.0718870442925073 -0.232797116582911 0.107364458848539
-0.165780366410976 -0.245453649034125 -0.292736580367108 0.0594348534632133
0.0562141017931351 -0.412175139558254 -0.228985685679855 0.0571564922322085
0.290442104349345 -0.363862986095685 -0.363416651696266 0.362858809545051
-0.0843164068761281 0.163726905644443 0.304497676890612 -0.520616039267782
0.0380794313354374 0.182019623216821 0.104967971735143 -0.105091159797829
0.154083131794985 0.0477982926354428 0.305085174138207 -0.00224695732309458
0.0485201653442044 -0.114453187186752 0.245707665864512 -0.111370143458399
-0.0746688749313127 -0.0342759195890806 0.188200817383436 -0.0366354299615896
-0.0396858591016348 0.064827149814356 0.267082940797826 0.0281748066645999
0.00930309302562544 0.0833327885778719 0.352283172346302 0.0312724103462393
0.0122862456415305 0.079662096908959 0.404572309382745 0.017304366399017
0.0100816323768719 0.0986731874692848 0.370053391937646 0.035555630622257
-0.035943069634986 0.0865013207658372 0.27838145000204 0.115616915657309
-0.0987617949301298 0.0208081872895374 0.152567371095022 0.194991904010733
-0.0597836738432574 -0.119203917950786 -0.0450923090493745 0.153157675236368
0.114905011802423 -0.0819391049081133 -0.141018560895825 0.0239377761422218
0.0640130870085405 0.09607979407169 -0.0861014398441485 -0.219710598059286
-0.0744636128388505 0.14838663400032 0.164018071153133 -0.246920038682662
0.053725301027129 -0.0653558824883584 0.320969652953871 -0.468854218956693
0.0968457935109263 -0.0808519088724624 0.0798682403046931 -0.0159724551517922
0.114039495768638 -0.178223829918764 0.382303900165782 0.0894871291356533
-0.0346733660519525 -0.290230306960584 0.298914647886795 -0.112676592569084
-0.197457344794911 -0.182513552752292 0.166299044649663 -0.0520955191524236
-0.21126895467154 -0.0220408103417211 0.228978167093467 0.0513144935812092
-0.173493001777557 0.0704778032343228 0.321552012034576 0.0702433964805796
-0.131768142661512 0.0801531983526157 0.377789269106943 0.0482296437316685
-0.118494068691953 0.0985620727236481 0.350408157559349 0.050532324976499
-0.137759365944428 0.0468626919324546 0.254776387810756 0.126865032852024
-0.15685786289524 -0.0276586476931407 0.125417783824785 0.196122340292425
-0.120102792948746 -0.173070549846165 -0.0477623831374608 0.135887839043516
0.056512936304835 -0.191586291249989 -0.118866692188973 0.0208063888079222
0.108595873670891 -0.0717866011890425 -0.120079955847647 -0.192000089511482
0.0643106339026414 -0.037604732135833 0.101922644629046 -0.262242654141643
0.209254286178299 -0.265970080340843 0.278063380172195 -0.344760247957205
0.183010648362929 -0.333435543030458 0.0411077471380537 0.114411861636014
0.0788994717849386 -0.398383084703481 0.444675337951107 0.173334563939629
-0.108173903976804 -0.439016407577142 0.338665348110239 -0.136346312303853
-0.281991309806349 -0.309807983229074 0.117486854293499 -0.110740873239322
-0.339758254920257 -0.117498495984502 0.139448305887953 0.0381534125979599
-0.325445132415589 0.0359087101145926 0.230636949259072 0.0897062807705887
-0.256596069704561 0.0692026292688365 0.297289900626534 0.0726809225981078
-0.236508022076822 0.0954430639008635 0.29083642372295 0.0622688266690795
-0.241295801238109 0.0156062175962094 0.217027549466015 0.136564758822575
-0.226244198368446 -0.0671316229968091 0.102954398343864 0.203252591723317
-0.198764044360981 -0.215760033157185 -0.0533549295787268 0.141131583617367
-0.0340491175856637 -0.291282398074317 -0.119467348134823 0.0299603283521486
0.109417336652072 -0.249420384703343 -0.160315443110089 -0.160831888616509
0.175587909616847 -0.240452062352294 0.0188561823374353 -0.234985006638684
0.338512343319834 -0.403292142434 0.172582140210572 -0.17908602069941
0.248492541728675 -0.518752410613491 0.00298525319430314 0.261852128887486
0.0337129481779805 -0.546002775670591 0.480431528169548 0.222453847083873
-0.17273831447896 -0.502903982952543 0.346004089114147 -0.179811844353268
-0.314099329539882 -0.370875836410157 0.04314809424094 -0.188533143960389
-0.401462528532915 -0.187780850368942 0.0144407392424627 -0.00197262164528345
-0.418425969715355 -0.00719778319043526 0.0982664363800415 0.0896454908677594
-0.342332125528262 0.0474661066074597 0.171346213018015 0.0890215344790995
-0.332752565298717 0.0830611496776175 0.189235401848769 0.0761166450193479
-0.334163800543813 -0.0124913012120688 0.14955800779228 0.147607565328336
-0.301474570054881 -0.101061721845794 0.0655414279584927 0.212464905415704
-0.287801974581057 -0.246867834956669 -0.0661157306623454 0.15790012307463
-0.142138310946018 -0.376700235021989 -0.131964996802639 0.0546471107350434
0.0779523678034009 -0.419341712531939 -0.197171373666914 -0.112720427457308
0.25751348405497 -0.430888617071966 -0.0730672802444675 -0.154644197559673
0.400681212881733 -0.468480946369279 0.037096318012962 -0.00449230081973021
0.243757127232033 -0.594080362353643 -0.0127597730491203 0.387036539459132
-0.0282345109524313 -0.557886290860976 0.475287274770188 0.21274959918975
-0.197032946072438 -0.439974678183343 0.305270347117997 -0.225359831753509
-0.279316691379879 -0.346847275140753 -0.0440874955917014 -0.248794614005315
-0.384074278428619 -0.215708092016956 -0.114836649471144 -0.046242419782272
-0.435613408353327 -0.0442661525389329 -0.0485852427130439 0.0766719147613872
-0.376812513323877 0.0161354721614205 0.0167151687362581 0.0954790444913832
-0.387858952131218 0.0529078934505154 0.0526449630015815 0.0905339370615988
-0.391904717756548 -0.0489603042933385 0.0463596890679988 0.158775137710449
-0.348413921890655 -0.133056397225457 -0.00101047192917136 0.215427546911056
-0.347472617783831 -0.262707644652475 -0.095358479421684 0.172531242546998
-0.233960614446287 -0.429465468924691 -0.153739486300451 0.0844152804681461
0.0399104898408371 -0.549805497136948 -0.221642125112802 -0.046329036951197
0.31054062373759 -0.567206337315664 -0.16160092863906 -0.0257924737015895
0.380229894007678 -0.460281870692779 -0.0904151448973657 0.144355201285935
0.168201377598322 -0.55657515133074 0.00179144287473832 0.451266918627503
-0.0864881212525369 -0.437666336115978 0.420970999954913 0.151493714735464
-0.165267714255748 -0.278086019903825 0.222122355928316 -0.246904150417957
-0.182500750422871 -0.263244721294039 -0.115157397306803 -0.265290340275063
-0.29685656830005 -0.204743213516982 -0.215578178411964 -0.0802385195914363
-0.380430492754159 -0.072695048268073 -0.183435144391541 0.0549737631109558
-0.353000593051885 -0.021911232490424 -0.143596468920708 0.0891294442689693
-0.384488956325789 0.00398356363593151 -0.101606638763062 0.0940705193404169
-0.383264623950177 -0.0941680876561846 -0.0800878563720319 0.154077641520291
-0.32629585860416 -0.160614581958531 -0.0906463691356603 0.198894255425519
-0.335448128660734 -0.249461798483258 -0.142427521362781 0.171615522263795
-0.269402813505955 -0.435164354319122 -0.188531003271608 0.105788440976465
0.0226505487241574 -0.606521452808757 -0.233357419695061 0.0205714041189195
0.338796463748455 -0.614038289842343 -0.240954356703272 0.129108140071979
0.295552908755085 -0.391027661110106 -0.178426976102491 0.247334930980028
0.0527073877219646 -0.437929633139307 0.0377300376539238 0.442166022077887
-0.12193045884952 -0.250411246659603 0.329130276530153 0.0740101631571107
-0.0916252775611206 -0.0978551584835665 0.133223262592128 -0.23047416497763
-0.0646096489106728 -0.168672771497121 -0.14803717355378 -0.244519950838444
-0.180319833117792 -0.176985016506775 -0.270902697134992 -0.0988278543155589
-0.276915653662852 -0.0905569899883498 -0.28757336076299 0.0295129754239411
-0.276536187258608 -0.0574983702675855 -0.28508843588278 0.0697621209397
-0.313255118775722 -0.0512293174532759 -0.247017927976665 0.073757199392787
-0.292524828314494 -0.131015914160671 -0.199509143602337 0.115403019585837
-0.225123008220672 -0.160467162218553 -0.173971089752296 0.151355578669698
-0.249588954691806 -0.188948154769853 -0.193075931318623 0.149610488926396
-0.241088301924955 -0.371691907143289 -0.237965868350999 0.103875715855766
0.0306866084437186 -0.564266208355514 -0.237490288430916 0.0644692306187605
0.332897069971804 -0.549190234520611 -0.307239868230637 0.277382927465824
0.173484949507547 -0.271452285969013 -0.212864805640267 0.30076119634993
-0.0504130211964153 -0.279025535361713 0.0782316170995259 0.388187912096949
-0.121309212684393 -0.0692863248174414 0.229269329465105 0.0150219859419326
-0.0106312105658858 0.0389626186032339 0.0703799809841459 -0.1888996976224
0.0368075797759009 -0.0883694987797453 -0.145348155222866 -0.213619102367384
-0.0611439661756126 -0.139898135873022 -0.287989856631737 -0.109624452463607
-0.146020954915464 -0.0999956284794937 -0.351792420022297 0.00197828290572768
-0.157597712743918 -0.084407850080899 -0.384637819672592 0.0375622558015247
-0.178760724607527 -0.0940082156207501 -0.350001740058793 0.0293347950726893
-0.134635670608876 -0.129972643363079 -0.275826075073332 0.0465676157834471
-0.0751451506259798 -0.103134767395078 -0.216444256111729 0.0860870642211248
-0.133470701046491 -0.0679086498442475 -0.233586483813355 0.118349768288326
-0.178640702556564 -0.242476928077036 -0.29816473117981 0.0749937505853445
0.0385117569106285 -0.42261924856826 -0.233543799201745 0.0644487333711112
0.277192974451537 -0.384996378964798 -0.353415239443801 0.383819444522174
-0.0691423778292826 0.171207859741107 0.270222944631895 -0.531574233305219
0.0532308211200538 0.180783145887353 0.0999212627585594 -0.105818238870272
0.156900484007562 0.0360038478900155 0.305139905484488 -0.0233073299485386
0.0376167640153733 -0.115729141685162 0.236588498554478 -0.12763078706181
-0.07717392903779 -0.0264052439086592 0.184925740262416 -0.0450845637847295
-0.0323938483046795 0.0682183812663974 0.26902562239108 0.0129860266069039
0.0176418096755798 0.081858542109751 0.355072822487948 0.00892014720877393
0.0192415398759809 0.0767779645053844 0.408129254290045 -0.00807123319443267
0.0196968573003755 0.0952975669770514 0.373315362955797 0.0142241940812892
-0.0274239261522721 0.0878020156308489 0.286170551715587 0.0996495882857154
-0.0958103274096031 0.0299576095228803 0.165003400796559 0.185417571915623
-0.0694731029933124 -0.112476303608414 -0.0333792040492683 0.158311025142092
0.10577435753917 -0.0919444599765559 -0.137671591436459 0.0342764815452561
0.070386622413855 0.0924390815889796 -0.100355259899786 -0.21504120540523
-0.0610704705827353 0.153780571701765 0.151196275399729 -0.25450098574635
0.0543115559170314 -0.0649399733363133 0.292043021029089 -0.481719364595615
0.0956539555188979 -0.0844929954111427 0.0810538191843369 -0.0162802518197813
0.103278930757101 -0.186503323581987 0.388905689590212 0.0621544980519567
-0.0559029458223738 -0.286106785279103 0.287420636514539 -0.132372786676465
-0.211204997168264 -0.167539478364111 0.162031998704757 -0.0582110142444232
-0.209483582844729 -0.00802125240758028 0.23396140582891 0.0380175310209059
-0.16664339731369 0.0800183144584856 0.330120913606446 0.0522749758646468
-0.125266346334204 0.0861050389609437 0.385397837001315 0.0251838919443571
-0.109178089002115 0.10290667842022 0.353418436806495 0.0296189918882848
-0.133177650001348 0.0544365055821044 0.265101560798797 0.113684850210943
-0.157144280513171 -0.0162270030100334 0.139971514863736 0.190238318458901
-0.131780127274689 -0.161907721550589 -0.0376701995261409 0.140780369040316
0.0413273277392079 -0.196922355303491 -0.117477863286546 0.0286037203185249
0.1032824209115 -0.0769077780306839 -0.132042986144385 -0.185900180451102
0.062679943304119 -0.0398000612894966 0.0881805918228644 -0.265389424562376
0.1959184680926 -0.273611403637143 0.253210842925073 -0.356188424343814
0.164399704079089 -0.341504551088358 0.0507508134051441 0.116599365793141
0.054895488184608 -0.402902929719187 0.457224398018081 0.143087123271389
-0.139184533697889 -0.429898570631212 0.325259493149634 -0.157276302031065
-0.303871474348158 -0.290901905013876 0.10994010917758 -0.112661225910533
-0.345423682816116 -0.0963296854512551 0.1444012035673 0.0302856024681688
-0.320905160753076 0.0555017462238651 0.242768261113541 0.0779880207545445
-0.25050537997528 0.083652594364933 0.305507398112434 0.0538774568150281
-0.227920547992759 0.108301627015501 0.294687030415753 0.0439128774888483
-0.238916710731971 0.029301860509825 0.227900207754944 0.125534179333747
-0.230587321395767 -0.0525155719636584 0.119160110790569 0.199384067382478
-0.211743534153387 -0.199930323882147 -0.0443712532958703 0.146696574791977
-0.0537174333032541 -0.289710665405315 -0.118822006571909 0.0379377734171949
0.0926944467218346 -0.253104439031374 -0.169728591847255 -0.153109221718205
0.158991658442542 -0.249059736719622 0.00558027573542706 -0.233682023329928
0.315602669858981 -0.419668990671987 0.158931873106388 -0.184849537904764
0.215818951748543 -0.528564344128211 0.02267852414621 0.265401778185461
-0.000499935819949915 -0.543754197909696 0.497625715022799 0.186279011066148
-0.204273921571338 -0.487948487187288 0.332151580172057 -0.201302472195134
-0.340018782876231 -0.34988697676825 0.0319217985577626 -0.185040996368692
-0.412385021715545 -0.160408406815972 0.0184886708845327 -0.00160006388433237
-0.415406641241066 0.018536941023806 0.111522977369566 0.0869866222298113
-0.339145308801224 0.0678687830218415 0.180934299776835 0.0783380434632283
-0.32472077859812 0.103255220599548 0.194672162604903 0.06362467458425
-0.335241273939751 0.00775351787513792 0.16200095449808 0.140901056161105
-0.308664839867749 -0.0826865100824006 0.0833005912598566 0.211636396935039
-0.301207071074975 -0.226768790829595 -0.0568397230960629 0.16348880365302
-0.16667196839136 -0.369126449460743 -0.131017119913018 0.0627142567629649
0.0505291110833321 -0.421087106346075 -0.203728875125329 -0.102724093811419
0.226402845646178 -0.44414664141828 -0.080452170891608 -0.148121108207471
0.372543544625959 -0.487798653505509 0.0342296411542779 -0.00391467503360544
0.204346065151467 -0.603357091125654 0.0150810209353825 0.389536891089486
-0.0620884906271794 -0.552180735321525 0.492277466267613 0.178049513559227
-0.225842900098706 -0.423761601063601 0.287316893631085 -0.244629206108172
-0.303476796821112 -0.328217172107291 -0.058959471848017 -0.240514199242845
-0.39816796035481 -0.189888716207313 -0.113481658972638 -0.0387817028016101
-0.436269629419641 -0.0177748233273574 -0.0358669703280277 0.0825190060562179
-0.375157583307744 0.0382260770124168 0.0266552387039184 0.0940463199666284
-0.383704611967136 0.0769634132443715 0.0581856745069451 0.0864937101301236
-0.39653928321074 -0.0248522143245346 0.0590227477249074 0.157600407405213
-0.358539897142393 -0.112875002729263 0.0177522818277131 0.218328599076715
-0.361835318865192 -0.239279868842638 -0.0859988823883067 0.17939415266412
-0.260548367026116 -0.414890635218525 -0.150946949412926 0.09416147366528
0.00582493044177419 -0.54762432168866 -0.224199014859749 -0.0361818768250945
0.26976215170475 -0.58249810852332 -0.160279796529623 -0.015363624848856
0.351778171698335 -0.480290521129394 -0.0836608865552249 0.150738452213694
0.12968495602537 -0.5603415635015 0.0335901737382913 0.450066577663508
-0.11495859286514 -0.426656312306781 0.432483983661183 0.120935741518037
-0.18094504380344 -0.26425914581205 0.204547278830831 -0.259696102767129
-0.201052745220878 -0.253492117286943 -0.130988953821205 -0.254509999212778
-0.313329748753978 -0.186530149717736 -0.215554654299675 -0.065744841919191
-0.385841347640249 -0.0489531332719321 -0.172442882878206 0.0686426464043579
-0.355400643096687 -0.000385373095454944 -0.134506787474803 0.0977830877142992
-0.384553178455361 0.0284298180413967 -0.0959060415233572 0.0997654575567226
-0.390708030305544 -0.0713319014312612 -0.0687598331860213 0.159884696248231
-0.339315809084916 -0.142021391807684 -0.0731480101293514 0.206396698653953
-0.347083148487706 -0.229900770545363 -0.132810509913855 0.180346975760402
-0.295382176678346 -0.416143877385236 -0.183624597442173 0.117311488130023
-0.0159386040523147 -0.603782274294721 -0.232245401862737 0.0319498887277742
0.294822605282245 -0.63016003625349 -0.229431212506788 0.143341673283079
0.269637744550777 -0.406100645164283 -0.164809362346464 0.25944548132251
0.0224816055725297 -0.435873315941292 0.0685638218936008 0.437285417060595
-0.138076161442956 -0.238956205155481 0.336175018092157 0.0504946862133353
-0.0955432705716678 -0.0907704275518426 0.118820533103228 -0.23697757477202
-0.0777723874966923 -0.166032264980464 -0.162158763343114 -0.232829369019199
-0.195728784804228 -0.165413873208558 -0.274080614054942 -0.0824418881511768
-0.283731959798414 -0.0733894407252508 -0.27905861046407 0.0495513544948812
-0.282500348343497 -0.0397644690424423 -0.278243892028202 0.087094552661702
-0.318903954650034 -0.0302873638760178 -0.243207901147866 0.089438554863247
-0.303661545216733 -0.114035665977808 -0.191760482392214 0.128656134017006
-0.237298310577526 -0.148717742405804 -0.1600970928377 0.163241802026077
-0.256558204665311 -0.173744633263255 -0.185218067879102 0.159560810233679
-0.260768044845205 -0.355708824972817 -0.233126548394044 0.120145572507535
-0.00485930413635969 -0.563217077889149 -0.23427163806928 0.0758940303769829
0.291573130869296 -0.566767527664969 -0.286156020198247 0.293936047065773
0.154767166274865 -0.280590564807947 -0.196147365723916 0.314700099472731
-0.0719735356346334 -0.271897216105556 0.105027463927367 0.379877425612625
-0.125653057006281 -0.0595705606473775 0.231799800438265 -0.000647261269465181
-0.00572557075494645 0.0390340684220555 0.0586222494646941 -0.192432155206925
0.0286128223943096 -0.0924159178061995 -0.158135016257648 -0.204433607079362
-0.0753511007740398 -0.136354221925964 -0.292440880190701 -0.0919587594103332
-0.154457800802326 -0.0909651537124222 -0.347785417459041 0.0245849757519654
-0.165490101786421 -0.0736659315039438 -0.382285983857467 0.0624141302330324
-0.187540525868303 -0.0819171130861157 -0.349621826680082 0.0513496843850904
-0.145273986003384 -0.122931914342547 -0.273713873519062 0.0622236999682856
-0.0831360250494967 -0.101365537811055 -0.2087838076509 0.0987907347752528
-0.132446630251747 -0.0601072222074753 -0.225618992908637 0.131545509564714
-0.192908641918075 -0.228485195421464 -0.294073412096957 0.0965722556206516
0.00990645402868562 -0.420475870309359 -0.230601411778985 0.0754525209257655
0.247262899102294 -0.401359282682982 -0.325387688602982 0.400898949976736
-0.0522873568492325 0.169282849474154 0.23220088713634 -0.519909230699834
0.0651105190674461 0.170388220234244 0.0927021364779985 -0.102233027931408
0.153158498011151 0.0233522453216782 0.29327952427674 -0.0395379201880896
0.0268094866168786 -0.11199977271981 0.217806460701173 -0.135860545327213
-0.0763303316851836 -0.0181709014326055 0.17502992712199 -0.0507252726383406
-0.0239780817959642 0.067289467229494 0.259798470116324 0.000235627125482452
0.0233109534491928 0.0768212520273714 0.344610918967029 -0.00870322543759899
0.0250100719028613 0.0716199328993048 0.396337652311447 -0.0299102945110394
0.0264121186510961 0.0883604104029651 0.361185405159916 -0.00439712011984125
-0.0193907551903453 0.0851347652998579 0.282230732021646 0.0825967837707965
-0.0887075278965209 0.0362931038799323 0.169105405637334 0.169362883396942
-0.0742754889076386 -0.100926063057983 -0.0217616816923519 0.155115390762927
0.0934174682330774 -0.0965984031932309 -0.130162770180078 0.0405048716360746
0.0736249279265196 0.0858357109289704 -0.108794973756748 -0.202143371375346
-0.0468198689380739 0.151795151533118 0.135127833719117 -0.250287966084604
0.0545725159896387 -0.063364680381517 0.253780263837967 -0.472764079419935
0.092012841088596 -0.085278966254191 0.0794631309114588 -0.0146081411635302
0.0892823906404117 -0.186902815841301 0.379776775286896 0.0361827861959144
-0.0717223915219178 -0.271556968718362 0.266539898859351 -0.142658871472412
-0.2138829086166 -0.147038743108289 0.152586485142507 -0.061344906613567
-0.200380742529637 0.0043563474887025 0.229345933959787 0.0250098707566869
-0.153399837435557 0.0849551515831058 0.325098344209458 0.0337426236605969
-0.114548306446781 0.0883450172796959 0.376233970446887 0.0033890561976778
-0.0966132032044432 0.1030385304807 0.343761296254266 0.0105481146150121
-0.12303112807931 0.059362697383223 0.264090198674369 0.0981899276462467
-0.151668378078527 -0.0051358901233512 0.146967316296495 0.176337117071384
-0.136029702028926 -0.145351178541856 -0.0280071904903213 0.139306371358824
0.0260341807688462 -0.193593864897567 -0.111985488260898 0.0341171412021439
0.09488550042646 -0.0775003173389698 -0.137167815681946 -0.173197805678675
0.0598876218715594 -0.0402467508212252 0.073415515123417 -0.257867590613639
0.179775398339102 -0.270083018848156 0.222818243508813 -0.352215656810453
0.144128299689399 -0.33487102345299 0.0578353116343384 0.113704309130607
0.0320738897961984 -0.389493452201067 0.450356851880163 0.107057784285241
-0.157712015131694 -0.404907675047662 0.302284250943858 -0.168070179123266
-0.309746779305192 -0.259734136738044 0.0993233972899047 -0.110003254493757
-0.336338239443391 -0.0733650012574043 0.14295836524583 0.0225987906181924
-0.303885190566113 0.0699227002056248 0.244046277967823 0.0637030590958497
-0.236504774809381 0.0919953951401734 0.301695853212199 0.0351697751121715
-0.211526770840699 0.114223045929686 0.28729044795956 0.0276132149534336
-0.227415069294737 0.0409480420738887 0.22986257446018 0.111006829084652
-0.224977557471203 -0.0375914490976916 0.12884403470584 0.187565756746294
-0.214638314971035 -0.178807630166982 -0.0353167456135819 0.144998889783969
-0.0698294219750449 -0.276476083865905 -0.11375987748554 0.0428982450304053
0.0752790256827135 -0.245872344059311 -0.171664953707572 -0.140321462622867
0.139083218915718 -0.244881214327284 -0.0035155092148473 -0.222525289916096
0.284719981131928 -0.416299826701337 0.141785058205948 -0.18313802222896
0.181265313068959 -0.515432700388162 0.0389900649296192 0.257104476580926
-0.0287333029317063 -0.521121087761095 0.491980537522905 0.148512527496606
-0.222106195908588 -0.456457853123064 0.304750774690695 -0.210205792343928
-0.348364812717634 -0.318810405990977 0.0214143237106147 -0.174788802906464
-0.40638479557715 -0.1319785173716 0.0212893763319756 -0.00166750016503946
-0.399028121217228 0.0400290140642046 0.119302512661233 0.0796873956618796
-0.323287006192703 0.0824718816053088 0.182642423014342 0.0642399576741221
-0.305729948684852 0.114634354588898 0.190663405798708 0.0514254252800736
-0.322074357324018 0.0248623760971841 0.167013972141104 0.129110774228464
-0.30264595110892 -0.0631496688711775 0.0962710632094033 0.20126328067443
-0.301287829309454 -0.200926477751707 -0.0474515175231403 0.162202050716005
-0.181722871648206 -0.345005889610966 -0.124439498272824 0.067377393173938
0.0253255632301968 -0.404205183004221 -0.20203458324628 -0.090615408415787
0.191002353839122 -0.434133659447024 -0.0822129419951377 -0.136819769822458
0.332786995509185 -0.485540699243395 0.0315359635936587 -0.00371501368671454
0.163699744176974 -0.587419766929134 0.0381365533300541 0.376117389519059
-0.0900275544925319 -0.523854132074187 0.486924680624119 0.141409684803573
-0.237614312840398 -0.393911213524923 0.259048090567279 -0.250019528064921
-0.312287138174377 -0.301531510418537 -0.0677274382570142 -0.223422640304453
-0.395403007615836 -0.160647101042039 -0.106501317559475 -0.0311790292375705
-0.421686888059636 0.00547450703617418 -0.0225271417420959 0.0826466532557368
-0.361730433034383 0.0556147543134866 0.0344650075705818 0.0879320151026568
-0.36533162003169 0.0940260959612078 0.0610913903580003 0.0800618946486792
-0.384121879422135 -0.00275823139664239 0.0684288972742477 0.150824246149547
-0.353775173568868 -0.0905417638700871 0.0339803640359933 0.211319221102558
-0.358474914443817 -0.211811126759224 -0.0751142289233527 0.177982508858544
-0.273535589759156 -0.385485321730477 -0.142803444746135 0.0991627188695358
-0.0237061406726318 -0.524343831849548 -0.218192061227155 -0.0261741126904259
0.224428400341134 -0.571570053129739 -0.152183191512914 -0.00536643019310006
0.313861823968635 -0.477413444359592 -0.0739113461040719 0.150497304759914
0.0931778916708869 -0.54204551926876 0.0591610221642174 0.431251696815418
-0.133745666487416 -0.400086219495558 0.426655978086851 0.0891318944832802
-0.18656110464962 -0.242515580162613 0.181715575231874 -0.260356463399979
-0.209266290045241 -0.234210214567872 -0.137679058144756 -0.23494075945168
-0.315390257323201 -0.162664747305926 -0.2067504248661 -0.051827820038301
-0.374910569554251 -0.0271090225846938 -0.155044264939174 0.0766070238990789
-0.343936492833903 0.0174731160703773 -0.121194095991924 0.100688761022123
-0.369372472153372 0.0480907687008436 -0.0873537172933478 0.101166113216636
-0.382512475129615 -0.0482447977611948 -0.0554774446047529 0.158924352666693
-0.336685786885623 -0.120625564945042 -0.054264070554296 0.204173895136619
-0.341434149023162 -0.203873468582207 -0.121229930080482 0.180601974698283
-0.303379754036289 -0.385289380376196 -0.173080327557125 0.122981770312513
-0.0472184631227675 -0.57745136610723 -0.222789008194583 0.0398029475990187
0.244845975091216 -0.617733776647702 -0.209779787666005 0.148706369723848
0.237895350448048 -0.401682779705725 -0.146629484967991 0.258770084191628
-0.00439393295370104 -0.416583070666087 0.0927238772668332 0.414617309813288
-0.146300823510108 -0.218592474871668 0.328261791775448 0.0273046762561206
-0.0941314219170313 -0.0811780812866348 0.100541076065175 -0.233808689223291
-0.0854697209417445 -0.156844954110799 -0.1678560967864 -0.213529456662391
-0.201450006418142 -0.148354606407088 -0.265079600707509 -0.0655468376268419
-0.279130983892005 -0.055452068321183 -0.260301047225058 0.0626046567407739
-0.276520142773381 -0.0233876128925334 -0.261565927053721 0.0990369930874089
-0.309974343112896 -0.0110057556591993 -0.230121340755888 0.0987966662697481
-0.301563274839737 -0.0946437675097421 -0.176824952057673 0.133450120063343
-0.239380760791342 -0.132967545151691 -0.14128452470286 0.165690201711663
-0.251343029643851 -0.15449569240765 -0.171383574517166 0.163095545547
-0.268675025659895 -0.32663308828363 -0.218984588134266 0.128691317679472
-0.0349457591233282 -0.538767790019508 -0.223349718078799 0.0822337106077188
0.245698310040584 -0.558514299683765 -0.257402455996694 0.294326735964661
0.133473518047538 -0.277536435366917 -0.174595823015065 0.312458964793373
-0.0861302610474567 -0.253015917998189 0.124257458205493 0.356291851024165
-0.123875058905856 -0.0485581692364645 0.225169479362554 -0.0146953294361409
-0.000308954764174646 0.0379293382277656 0.0457715028372065 -0.188253562782608
0.0207175650368133 -0.0920915245325572 -0.16384394085593 -0.188825534875612
-0.0845997885717967 -0.127296203885712 -0.285184891242475 -0.0741071128095005
-0.156149193072983 -0.0788188857912638 -0.330444512360969 0.0424792325398244
-0.166466876175123 -0.0617886606102364 -0.363486682112411 0.0812215831512828
-0.18816487198953 -0.0675183411342019 -0.336178807671953 0.0686398384476771
-0.149530953359431 -0.111938711977395 -0.261581265422189 0.0736293431620206
-0.0869017138922277 -0.0956149515877922 -0.193099723818982 0.104643553415345
-0.125595435361571 -0.05226521182188 -0.211568891424078 0.137192265041074
-0.195903314382591 -0.207386025549393 -0.277912381256728 0.110475022456206
-0.0123598551741263 -0.403275677731631 -0.220435161336511 0.0813754530834988
0.211072026578289 -0.39769532800165 -0.289175290716357 0.399085874400094
-0.0283323312039774 0.15248249556312 0.130492781541092 -0.509417457619858
0.0847652629185368 0.145795714697504 0.0753449449993679 -0.10013588170732
0.143605086969285 -0.00557728238935459 0.281521081296897 -0.0797013253833467
0.00459769046444791 -0.109036480596248 0.191001489448721 -0.167354850240961
-0.0730613049280294 -0.00746448360209752 0.152745921107628 -0.0745326268737912
-0.0122665059945979 0.0626602682680894 0.247299076731861 -0.0335850750893123
0.0338989160694511 0.0638657922358486 0.332791587991746 -0.0520378124845695
0.0339160539291897 0.0607144035874366 0.374237140218094 -0.0850728139800615
0.0389256364252595 0.0755631896140709 0.345048298708304 -0.0586035104954337
-0.00292611676862043 0.0813083386339259 0.282027661724182 0.034458620966143
-0.0748808867217452 0.0457667144988908 0.187777110969784 0.132876915693185
-0.084401007315222 -0.0814650618597811 0.00723448211975876 0.151209522634073
0.071084807887501 -0.101536043374274 -0.113957126533921 0.0586680360432137
0.0800396134146376 0.0686741421050948 -0.137572156593531 -0.172243696726046
-0.0217945185928286 0.145368754812029 0.0948426042510045 -0.252872527242285
0.0458697747208753 -0.0738899818504339 0.165395964332991 -0.481185376622274
0.0785623424328345 -0.0920175394159368 0.0801244455726144 -0.0247362379203032
0.0620587132665209 -0.189395399491526 0.374292130364034 -0.0390891703120526
-0.106591686114277 -0.242302152721196 0.234934329897225 -0.194571053962498
-0.218056268144265 -0.108841963223243 0.12310955875271 -0.0900819037840356
-0.185164804797238 0.0254390462742864 0.214163505890016 -0.0077131505492966
-0.129283841085153 0.0945145047895056 0.313479517747587 -0.0119910769318381
-0.0955306608945649 0.0918063013841058 0.359869556343146 -0.0529545966899302
-0.0758495222012914 0.104567495804731 0.331803248208934 -0.0438712748470779
-0.104927944672948 0.0705686601348505 0.27050880798224 0.0488240098621662
-0.138963827094242 0.0130274525933812 0.170431407713971 0.143967285045962
-0.147250038691057 -0.115701588341975 -0.00107787583152631 0.138004655937017
-0.00178567092638242 -0.182676128809849 -0.0983089149046884 0.048210489778034
0.0780922245802881 -0.0850103371262807 -0.156585301494921 -0.138296122902545
0.0537942092472521 -0.0467854318926962 0.0371761556780544 -0.249445030057245
0.138325107370749 -0.276239864316385 0.160489035687085 -0.372813351011963
0.0953314140538691 -0.325956930470246 0.0837172382551997 0.0908425037291742
-0.0140587411744339 -0.367751518700239 0.453351072046853 0.000949735610966193
-0.20094698575815 -0.353130633560649 0.263763607098064 -0.235897834392659
-0.323261029494291 -0.201576706642172 0.0607908333589146 -0.135067395294978
-0.323154048348537 -0.0284162621817094 0.127060533534186 -0.00235026428383832
-0.271108535939188 0.100658766151434 0.234993614994569 0.0236673529784279
-0.209948450683934 0.11013370257953 0.292997950388073 -0.013276414317104
-0.182002158393261 0.129398513697043 0.281609614339544 -0.021787072048006
-0.206861908984828 0.0666186763958801 0.241661834103848 0.0640901065557636
-0.212445800308113 -0.00971306591628288 0.157106280496234 0.158006250202305
-0.223836521446684 -0.138394589309563 -0.0053908073217392 0.145656874074477
-0.0984987407290934 -0.249306330799655 -0.0997714257101454 0.055073274911493
0.0371812179337949 -0.238652150080597 -0.180083758224186 -0.100608396766974
0.101979164655279 -0.247911767227333 -0.028741816929339 -0.204902105265095
0.219218522601192 -0.420017572226398 0.117128766422116 -0.208981403889811
0.107588350740134 -0.496568565729396 0.0919798808736909 0.222316670661181
-0.0850507374363003 -0.478148775877911 0.496837637258527 0.0237810313832017
-0.269397872823571 -0.391955629415729 0.260584142903409 -0.28113711525313
-0.366994226276086 -0.249065616306841 -0.0253371373659233 -0.18850003136189
-0.397749972241504 -0.0723620920072078 0.00583377978973399 -0.0107550480484427
-0.364252376809724 0.0873192057985992 0.11555619413556 0.0519901188327533
-0.292714899932921 0.110822308725644 0.183108232206337 0.0305661058560489
-0.271993091919681 0.142631501488969 0.194599617473295 0.0144748123858161
-0.299219156565415 0.0641413581347264 0.185434242525993 0.0885870288958417
-0.289372804675698 -0.0263120677246638 0.129414858024459 0.176197963138133
-0.308529923091503 -0.150079873596281 -0.0134776956249502 0.163836469163749
-0.20831306015155 -0.299787757029696 -0.10656981000388 0.0778554684738973
-0.0290732667983189 -0.37873112843242 -0.196945911300098 -0.050243126443093
0.127607993340047 -0.431370833291937 -0.0893100250530185 -0.113097565946717
0.255957376781318 -0.486837206822712 0.0445692965386586 -0.0275385700825744
0.0832864006895566 -0.557000706525579 0.109640113534644 0.330166924155049
-0.14276336754643 -0.471605496136195 0.486042207526275 0.0152033424208313
-0.272237435884437 -0.331774321215645 0.208892385616798 -0.308326289493964
-0.332782564709844 -0.237472403023761 -0.114861780072464 -0.220729817823345
-0.391515067823443 -0.0998123030225636 -0.119701833522826 -0.0220074886301896
-0.39006517478993 0.0603957501237133 -0.0208214773427459 0.0722521774923192
-0.333374382072245 0.093094442671715 0.0460119777875207 0.0736800059109772
-0.329506100730667 0.132361899962724 0.0752151315660266 0.0607428782579867
-0.363275870791391 0.0462400535505514 0.0957179532138241 0.12370590822228
-0.340686407912341 -0.0475279790193498 0.0726731643100889 0.195183897090574
-0.362994357406737 -0.154010745461674 -0.036727802013628 0.182580027548858
-0.296701897340842 -0.327494896084788 -0.119581685625226 0.108452647175946
-0.0919639223800851 -0.484485617677756 -0.19979004363024 0.0137945200228537
0.140919560764659 -0.561405047180721 -0.135825303640755 0.0194176181691296
0.238076064096032 -0.472963852295195 -0.0300405428973277 0.13351388020263
0.0220964961483007 -0.50440429201316 0.135470927783034 0.378898311976428
-0.168428822603136 -0.350521713538284 0.415954874609519 -0.0157004845885633
-0.205252310850943 -0.199482322106657 0.130846840892547 -0.295361181254838
-0.230089577433526 -0.187798108146513 -0.17688059065165 -0.215702474616242
-0.318585624702994 -0.109676815206055 -0.214617276571504 -0.0282290151114622
-0.353431321367046 0.0254144459584013 -0.14654598660305 0.0832393232578844
-0.322836543513506 0.0566855802365807 -0.0998867937117885 0.108262938007502
-0.342462275267139 0.0929636290185305 -0.0629525093786802 0.103906047963286
-0.369202207852094 0.00440616379395393 -0.0210267531534857 0.15140400807454
-0.33026047941892 -0.0774053653765747 -0.0124894932998259 0.202225372526141
-0.347901875719978 -0.148370987981208 -0.0807398537219474 0.191079695127338
-0.324955291737284 -0.321909343406636 -0.144193446557994 0.13577280897832
-0.122048809330427 -0.529028222547436 -0.192310852254502 0.0759747493281694
0.154262746429493 -0.606043315783899 -0.168755472458009 0.170346919507776
0.177071280259892 -0.392760404927552 -0.0844434300381505 0.248605910554667
-0.0525520926644442 -0.376287390133567 0.159480694264076 0.359903326168678
-0.157740400435377 -0.18368326920836 0.309926539393621 -0.0457333995707383
-0.0980466910365799 -0.0639586537540794 0.0576260011215349 -0.244478851808014
-0.105754397215894 -0.132396818954544 -0.195352819172886 -0.187105194658731
-0.212567877779186 -0.109786580626017 -0.267842333421005 -0.0317354450635438
-0.268730456360846 -0.0124557426843951 -0.246808842351664 0.0855911854203659
-0.265136332556329 0.0118180079252274 -0.233424803462693 0.127930988680374
-0.295346269614219 0.0313731271811793 -0.199921220693425 0.125761014090828
-0.300089826231904 -0.0488339882340123 -0.141420587318084 0.148641086038939
-0.240719521135406 -0.0990829783092 -0.101988964062659 0.178487214546952
-0.254786594803897 -0.115730670524978 -0.132874343889431 0.181001473162584
-0.285296907621567 -0.271491546573909 -0.185671276841396 0.149846173928981
-0.106454546870381 -0.495227018296501 -0.187137144496934 0.115353916897984
0.161500626399746 -0.548595601287762 -0.193831348677329 0.312188802761596
0.0942083832885796 -0.264873965775353 -0.1065653928808 0.30857499744462
-0.107976094317672 -0.217543797998804 0.174734997419316 0.303783712538026
-0.116747139732819 -0.0300904139145464 0.204701513209898 -0.0563404133169725
0.00428956238762996 0.0313850179025099 0.0146501709350598 -0.183029921910261
0.000687920412510718 -0.0864303880614921 -0.182256108941456 -0.159241816645529
-0.100194160804308 -0.104190469432298 -0.285523864728776 -0.0360544665012264
-0.157304134915072 -0.0490133359631588 -0.313753371949863 0.0779541776881819
-0.166149929158018 -0.0354456778911304 -0.332833779787069 0.127561384286152
-0.187817055354725 -0.035672438662074 -0.309028087210734 0.115347097245261
-0.159642084500355 -0.0854231302327178 -0.234461171966201 0.107771469745502
-0.0941210804102376 -0.0808151549687234 -0.162710315829044 0.127121965621169
-0.123685624208926 -0.0343428499526268 -0.176848200496662 0.160785690707342
-0.205793319467247 -0.168610615308958 -0.243813453350734 0.144663921682353
-0.0697297703672212 -0.372545579304917 -0.187966579439596 0.113618852453644
0.147134761132978 -0.393912661672935 -0.212545049349221 0.412388771955761
-0.0259587652945912 0.145911757102199 0.137460150758699 -0.485024544552098
0.0818444471906133 0.140370339581975 0.0778262579327822 -0.0894105054851579
0.137913061898304 -0.00521215155105177 0.274659625502019 -0.0732211338729696
0.00388923792664814 -0.102844409172177 0.184582115097999 -0.157891163607831
-0.0698419951514761 -0.00514910181818886 0.149792870172439 -0.0663898797000854
-0.0111788294396812 0.0604894949817571 0.240063646818219 -0.0257190889475073
0.0327940088958304 0.061297090167427 0.324995947446697 -0.043207306260082
0.0327459507214439 0.0579127862595135 0.366410572832703 -0.0774644533740031
0.0380638620532642 0.0713355929069728 0.335513349171102 -0.0502211060254328
-0.00219103613990355 0.0773333361874105 0.273411376668971 0.0392458552672188
-0.0707188006637329 0.0449180427057764 0.17913797375168 0.131500826444175
-0.0807897484950349 -0.0771590426379209 0.00470292598963401 0.14574938888165
0.0667698300678049 -0.0982248969822337 -0.111417544057358 0.055370884940543
0.07749768334694 0.0684716780738488 -0.131053616354338 -0.16871830715544
-0.0195784074418791 0.139873825993453 0.10062979361561 -0.240878046946171
0.0499702765544731 -0.0695250459530118 0.169552271110876 -0.454684826069374
0.0814590226107402 -0.0879986338466402 0.0814942975502437 -0.0169372301724467
0.0629822914374994 -0.183294083975539 0.361789952922707 -0.03295759439056
-0.100244313369437 -0.234034449310741 0.227250373031577 -0.182867037991842
-0.20885771414094 -0.106102167500204 0.120881011837535 -0.0805233865088665
-0.178253072492523 0.0223443876403638 0.208043208609094 -0.00166361159894357
-0.125044974030188 0.0873772273696086 0.3071961005833 -0.00518068731395374
-0.0931266346712089 0.0859289238894361 0.35237831610187 -0.0456711481648006
-0.0730330455727151 0.0969059688798386 0.323264633490233 -0.0359339313198937
-0.100727704301478 0.0652085097214509 0.263503063616247 0.0530382506963191
-0.132926529797161 0.011706658493048 0.164208328954595 0.142923956634614
-0.140031184556718 -0.111776880518005 -0.00359642968430793 0.134564187605588
-0.00202364536173892 -0.17660230908915 -0.0966382231733189 0.0457634090365444
0.0781528092052209 -0.0784261860675417 -0.149227700679823 -0.136755903395058
0.0554881248244404 -0.0420334006247294 0.044972831154286 -0.238087581133719
0.141938748303378 -0.261964274996781 0.164447214163928 -0.351814782379499
0.102439063739563 -0.311923656988019 0.0828423857272698 0.093791055353575
-0.00642415394592988 -0.355459124362309 0.437236803528022 0.00574271381145767
-0.188035249001635 -0.343027578280886 0.256189970520434 -0.221896588542446
-0.308691843393141 -0.197590488795177 0.0618724882905554 -0.124741083498865
-0.311123965657942 -0.0318078597645989 0.124848524424146 0.00134686281397411
-0.262498280653882 0.0914067508454775 0.232290062880786 0.0270541414513043
-0.205006598380289 0.101130332725345 0.286757002601155 -0.00931817705982993
-0.177042782513336 0.119715840093407 0.273790886991759 -0.0145355474851772
-0.199881029828609 0.0597495577202862 0.236171938200243 0.0670793778123203
-0.204058042402303 -0.0122537051513261 0.152591250794304 0.156501058588911
-0.212501894788152 -0.135954814347322 -0.00848966463978327 0.142198472844312
-0.0930815037911471 -0.24224532523749 -0.098226980148579 0.0524151547180756
0.0418711973216454 -0.226730035783948 -0.172590168648565 -0.102267151529494
0.104369810098247 -0.233553705981539 -0.0197938414867171 -0.19726718316898
0.222373558382697 -0.398430473996141 0.116391468816388 -0.19669487612865
0.116481845502065 -0.474231077592826 0.0871854071787087 0.220161767679901
-0.0714838104841152 -0.460247230239213 0.479358761683705 0.0269163801699995
-0.250627649369548 -0.381386648082205 0.253454536795723 -0.266435143716684
-0.350575892999857 -0.246633038502201 -0.0193724073191186 -0.178324340486761
-0.382670702811054 -0.0771226648760405 0.00848419207468864 -0.010184850697842
-0.352716210029683 0.0760658562814739 0.116546401055317 0.0520265976845562
-0.286760977853395 0.100406617220976 0.180381398843589 0.0309995432178762
-0.263872093535472 0.131178596620777 0.188602502840184 0.0179161493817274
-0.290996011956306 0.0552198490197399 0.18124308640339 0.0904781826330807
-0.279265471904397 -0.0307054031435231 0.12652719683446 0.172924043431532
-0.293194889613643 -0.150379642638983 -0.0168757056387121 0.160118268854989
-0.197382817085857 -0.291812854731983 -0.106550595054281 0.0738649774682719
-0.0201692319856044 -0.363103052170486 -0.190017506862171 -0.0542513803133827
0.131583680101093 -0.408551314222726 -0.080264030742456 -0.110651296045787
0.257575157182643 -0.460895729929243 0.0420556795237141 -0.0242877516427276
0.0923733004384116 -0.531912496266164 0.101426329135091 0.322188911601696
-0.126386229793131 -0.454323527724242 0.469364236617158 0.019775918722711
-0.25378517091787 -0.322323468859667 0.206366104902749 -0.292286836883625
-0.317238718160577 -0.23492635701377 -0.104563789755538 -0.211555901276376
-0.378145622892067 -0.102578065009415 -0.111650991019324 -0.0240125738254192
-0.378047898609391 0.0506160811155548 -0.0148352362280902 0.0680546655799913
-0.325199916927745 0.0825982505760389 0.0463152680114451 0.0700984569188743
-0.320468102785814 0.120974408536256 0.0721301105389574 0.0610058738245975
-0.35279881272105 0.0358361006759676 0.0936555005405027 0.121904921886383
-0.329552772883701 -0.0525338618448911 0.0713904552400892 0.190178587226267
-0.344456699330333 -0.156816103872025 -0.0412273167790718 0.177796950928522
-0.279924314269156 -0.320429519513587 -0.119371859636458 0.102585675251456
-0.0776331502647347 -0.466210607629972 -0.193806589369654 0.00623111923823057
0.145778831332474 -0.532839747406396 -0.127772477189833 0.0147268791440633
0.239806142659228 -0.449771905286554 -0.0331273467755616 0.128838798929949
0.0312489057565472 -0.482786443296101 0.125733467723415 0.367483857675179
-0.15438731676248 -0.337675068094036 0.403234665302966 -0.0115650383573613
-0.190512524672011 -0.194811726913651 0.131440356198841 -0.281108582204373
-0.219049748909031 -0.186439609082257 -0.164065978127264 -0.209362140897204
-0.308033745687809 -0.110933649232233 -0.204551492867374 -0.0326133415938774
-0.342784063109967 0.0173468618192468 -0.137093663647256 0.0760385486316536
-0.315323541111039 0.0485130894239676 -0.0955161501234668 0.10138868101621
-0.333047118443981 0.0825837094442293 -0.0626008698198251 0.100036916676441
-0.358158585800534 -0.00338044784016413 -0.0205957267857314 0.146219281374782
-0.318722565722378 -0.0823022255238517 -0.011729627508301 0.194297151491607
-0.329151400429374 -0.152753381374295 -0.0849160160639516 0.184471095063838
-0.30573900755401 -0.315624302120442 -0.143504747625316 0.128005567192211
-0.105798653962088 -0.509384802995112 -0.188352109089682 0.0659500340673495
0.157328731035631 -0.575640641510662 -0.163388825940468 0.158845418910513
0.176785488221613 -0.375647819380618 -0.0876807906601409 0.237633661076344
-0.0449472461305924 -0.359453060910758 0.148392124641004 0.348267570607078
-0.147842456168491 -0.175751678498004 0.300676220676247 -0.0415744664545859
-0.0893514701156025 -0.0630171701726772 0.0604039985462006 -0.234776590149011
-0.101106219791964 -0.130724392951957 -0.183606491754585 -0.182584424673292
-0.205798419401718 -0.108403623392904 -0.256383539150807 -0.0372067389663375
-0.261664523769047 -0.0166761172126737 -0.234638245229136 0.0764237383508107
-0.258996219895843 0.00721301342925307 -0.225915461921165 0.119015954192558
-0.286821340147793 0.0256598367575516 -0.195889090087602 0.118556413439354
-0.291628895620673 -0.0539709347280775 -0.139024809164478 0.140861975516058
-0.232966311658112 -0.10206691837558 -0.098996565439597 0.16821742132447
-0.239543432534903 -0.12002380115402 -0.134356566055887 0.172906392021421
-0.268836358414077 -0.266239635861347 -0.182830489289235 0.141383280852804
-0.0928366843810298 -0.476633472284329 -0.184697699811734 0.104738539621738
0.162232126470313 -0.520406784932165 -0.190587313981484 0.293826874593064
0.0955104102863714 -0.253314473747157 -0.112133231213879 0.294833506833385
-0.101154228559302 -0.208020359087468 0.163993800624132 0.293025565813578
-0.110852464063062 -0.0288554817473518 0.200117732179353 -0.0521839208850889
0.00656809828908563 0.0300110591025693 0.0191738843718505 -0.176129904152283
0.000843196804103 -0.0849182990361987 -0.172843157049195 -0.156908433106985
-0.0985634948552339 -0.100858859297188 -0.27381080506888 -0.0420569833349069
-0.153966654840859 -0.0503707783037234 -0.300929620183565 0.0679799516490259
-0.162844766819816 -0.0358487074481633 -0.323212378361225 0.117752599508979
-0.183178248266291 -0.0359750808392583 -0.301359077613785 0.106560672602722
-0.155480120802346 -0.0858363246451305 -0.230210860481603 0.0987106991488246
-0.0911160810408965 -0.0819667202928529 -0.15829379499569 0.117065771239972
-0.114610513376297 -0.0382331680143801 -0.17496991888316 0.151655643090703
-0.193523717765733 -0.163983360205968 -0.237461471345513 0.13532482141099
-0.060329729891709 -0.358155553314119 -0.186632397197551 0.102895059417675
0.145210549669026 -0.373726163079522 -0.211849070506765 0.389238476458559
-0.0279068470559016 0.144514508421854 0.156827599781736 -0.474308601154397
0.0802308798644981 0.141742296046759 0.0852863036486472 -0.0813665598933096
0.136991709049903 -0.0028515652864536 0.278654089260626 -0.0656965367593193
0.00497668423287854 -0.100335352515079 0.188993891257504 -0.151783379521261
-0.0691940362379392 -0.00447356439529742 0.152215179502374 -0.0589797825849318
-0.0107436679710345 0.0614299798463172 0.243122538151859 -0.0160797598068831
0.0320843182138067 0.0617414292667399 0.329641191722378 -0.0311377015189417
0.0322366252676982 0.0581042652962227 0.3726546975575 -0.0671255653524438
0.0374326103182045 0.0705347267181981 0.340784062578705 -0.0378686820090028
-0.00294615180566577 0.0762214903590252 0.275160016043999 0.0498993072956538
-0.0702104378747358 0.0441541478216819 0.17537822729029 0.138521412466317
-0.0788963097949452 -0.0772608481654883 0.000282117340481333 0.14603272508695
0.0661735019435708 -0.0970482837395821 -0.112798193490507 0.05243281271909
0.0771617733795284 0.0722561732338688 -0.126678755868484 -0.173647617063791
-0.0204310381347161 0.138907454488343 0.114089483127048 -0.237517318898111
0.0561179177912366 -0.067575925606999 0.187721051548128 -0.44555170704151
0.0881420487593184 -0.0861927341743407 0.0868802701599857 -0.00929150806208513
0.0697082617582037 -0.182797425242038 0.365190925260796 -0.0242259654012849
-0.0932818290888205 -0.235352599527714 0.231024466571807 -0.175276751829914
-0.206519691297977 -0.109901492922771 0.124645210891089 -0.072898763567572
-0.177504057683443 0.0171151636216823 0.210784029324424 0.00722307048329341
-0.126775968358682 0.0816694670512571 0.312464898307555 0.00636895070325799
-0.0963576510117943 0.0820886378796289 0.358622532186637 -0.0359694668547986
-0.0756038417979503 0.0925373760955978 0.327265412513827 -0.0241095546921678
-0.101876837654787 0.0601170944747167 0.265185100651955 0.0630846909124183
-0.131523349073192 0.00841445734027129 0.161847668825237 0.149495033807578
-0.136120461482668 -0.114335788293667 -0.00845790157608929 0.135343769604526
0.000375298920496652 -0.176977189725915 -0.0985318168171619 0.0437128462396336
0.0827705386630687 -0.0735068661202877 -0.145495365864006 -0.143114703445165
0.0601276340918071 -0.0385901569145673 0.0583530337616507 -0.236965606980188
0.15583631064301 -0.256297399581435 0.177626226562287 -0.341102148331957
0.116713369701364 -0.309083125568102 0.0837700844761632 0.101691199823131
0.00742726121512297 -0.356241263227633 0.438642513083818 0.0179893725856486
-0.177013068069748 -0.347343153263859 0.262111408510233 -0.213354273267272
-0.30419520493686 -0.207952804948474 0.0676895409386761 -0.11863547241599
-0.309907459038379 -0.0416738533629679 0.127522725504783 0.00690911686556045
-0.265311039358579 0.0807992422753607 0.237393014034784 0.0357277340920482
-0.209583049559891 0.0940523222318578 0.292389074402267 -0.00215108877664441
-0.180474469964326 0.110605971697907 0.27733509204752 -0.00508485658977378
-0.2017720582363 0.050984545278163 0.237955461295488 0.0763124007769632
-0.203228123300574 -0.0194494942988874 0.150912748325439 0.162640744186434
-0.207073753709096 -0.142227893924569 -0.0148419526281399 0.144203427843383
-0.0878055712245567 -0.244973887662675 -0.101495169662739 0.0499768710328019
0.0520640444939043 -0.222388726406181 -0.169998487985797 -0.110446834160617
0.11463371294154 -0.226939817056487 -0.00812905955908395 -0.19765677435786
0.239193307702421 -0.389980924315943 0.122765685067578 -0.19021670651401
0.136503606927426 -0.470106775483882 0.0828206812417597 0.226834643694127
-0.0537972555596151 -0.463203131515084 0.481098499731488 0.0402373590162161
-0.235925326654377 -0.389680634208744 0.260747935735561 -0.256991591836881
-0.344267487074913 -0.257195413258386 -0.0121566089769606 -0.175460859226063
-0.380364439247233 -0.0899014129061605 0.0112324550109057 -0.00883339927547256
-0.355269718593784 0.0627727385318955 0.121229099841466 0.0556435531957913
-0.292137966190469 0.0901355035001979 0.183557003503343 0.0352901542564678
-0.268774342715836 0.120134979875017 0.189931767752574 0.0251976437404146
-0.294073673393421 0.0441807752437693 0.182950438117431 0.0971978235176026
-0.279328140030158 -0.0404903479409152 0.12552117090525 0.178654256622002
-0.286217134956785 -0.161419693443769 -0.0244987915413882 0.162433948648923
-0.188615572775946 -0.300442454889157 -0.111519579757933 0.0712932606033082
-0.00483011930572571 -0.360383467647851 -0.189524460153926 -0.0633886086828191
0.145843896716016 -0.399640175054408 -0.0725456512235774 -0.11421192536139
0.27695256582379 -0.451727737252925 0.0415681818726208 -0.0215527091503139
0.11341161923603 -0.527162690993685 0.0923790653429986 0.328700653411418
-0.107802788478242 -0.455894981041048 0.471743211984062 0.0310444458352009
-0.240285779822339 -0.329768499367246 0.216371218281345 -0.286121935533833
-0.310426338854465 -0.246387190241009 -0.0955088676757144 -0.212377904897533
-0.376616699671872 -0.115517087736506 -0.108346972655779 -0.0284585603713834
-0.38220556680014 0.0366869098016111 -0.0103590990001387 0.0664569984529329
-0.332698412402119 0.0711720375797511 0.0477296523371713 0.0695762415961114
-0.325756178917794 0.108624999169494 0.0713090901835109 0.0642167248200696
-0.356561419113136 0.0231751199263141 0.0932767128256524 0.125824810945952
-0.330964390935831 -0.0646217109202 0.0696482775180824 0.193987116846044
-0.337432221268421 -0.171653489689966 -0.0503633442610786 0.179892351960061
-0.269176674364075 -0.33079948402629 -0.125974016036418 0.0994145639351284
-0.0604641758620158 -0.46647045494017 -0.196041307898218 -0.00298223571996445
0.164371586989146 -0.523370624669338 -0.125396553839838 0.00856379287238671
0.255478479216692 -0.440345024973291 -0.0401158309343257 0.127493729795345
0.0477739879103811 -0.478233338383002 0.114333144549885 0.373047252324225
-0.140466372627486 -0.339477994003125 0.405687916232084 -0.00133934744863219
-0.179857377948711 -0.200680722830333 0.142205120783198 -0.277287823313333
-0.214359460878359 -0.195247567878621 -0.155364765486853 -0.213622795584493
-0.307750444423939 -0.121208867523549 -0.200871331680273 -0.0404948618026503
-0.345743701265202 0.00509892199353051 -0.134698558275182 0.0693346366621998
-0.320641716495824 0.0380384517820835 -0.0962363494941813 0.0968060163030322
-0.337068217323316 0.0709196680388179 -0.0659961859955781 0.0982713905662402
-0.362240079821736 -0.0168386094648295 -0.023119083750282 0.146114397040585
-0.318997801584157 -0.0949665414948067 -0.0137256696565057 0.193736003985656
-0.320308638638413 -0.167794860395568 -0.094135246112994 0.183670039159181
-0.294174491686515 -0.326172601740852 -0.150376065011812 0.123914823385784
-0.0856396364011249 -0.511330266991539 -0.192753158659794 0.0565181679589745
0.176307321711834 -0.566391979968534 -0.166579113205356 0.150399594985508
0.190295889696252 -0.369222729615419 -0.0985501699801631 0.235167866818026
-0.0337722480868514 -0.357701790537922 0.137936578972455 0.351281346208895
-0.140384694095218 -0.178169170745179 0.304475070952329 -0.0349910837108282
-0.0838971001055833 -0.065762673762344 0.0707322233210071 -0.232968310874469
-0.098059998878359 -0.13624668669653 -0.176548391680441 -0.188242363502919
-0.20699723875723 -0.115500788673826 -0.253978042515956 -0.0480746681537507
-0.263683506615955 -0.0257700796763741 -0.233734710243196 0.0652067857067652
-0.263248074293318 -0.00133691183408286 -0.228082108499063 0.110782847869858
-0.290388503724294 0.0162360712063012 -0.20109951287847 0.113098127948814
-0.293277192500792 -0.0647258515409279 -0.143197537346185 0.136059719331745
-0.231533839568904 -0.11218205867456 -0.102549118117043 0.163370299040253
-0.231822425919582 -0.131806322007749 -0.143511254479167 0.16946847281598
-0.258628434262446 -0.274618587346368 -0.189165466311591 0.135268058135254
-0.0761047149710235 -0.477358129438831 -0.190619084312687 0.0952704416182124
0.178305272330989 -0.511674194895775 -0.199570600206628 0.283410845509064
0.103986868472276 -0.250412393883336 -0.125078203030496 0.290943366643687
-0.0946716786632425 -0.206644009809458 0.15450668934734 0.295891590939999
-0.108722624319092 -0.0314409690893612 0.204153100082588 -0.0479973157480767
0.00894740692392669 0.0288780822911499 0.0270581301937652 -0.175702674381639
0.00236466446584872 -0.0862943518169387 -0.16796190595894 -0.162860624970064
-0.0999140799692436 -0.103451447184101 -0.273179233138984 -0.053609129832152
-0.155064320196172 -0.0554092432663738 -0.30195146790539 0.0549926804747376
-0.165043848131011 -0.0404153124975049 -0.327522584952158 0.107563426804119
-0.184809936010843 -0.040698185686017 -0.307088391183994 0.0968237046473912
-0.155788602041013 -0.0922157328568795 -0.23460695401735 0.0904755870255902
-0.0896772065350132 -0.0870241366028705 -0.160988694736194 0.108258685588137
-0.109513276959272 -0.0453278470439605 -0.182599986657795 0.145952513905048
-0.186036223490871 -0.169171198821728 -0.242441882601139 0.127636057993066
-0.0494833078949161 -0.357723105871938 -0.192475720955991 0.0933629905582363
0.154548280099104 -0.365760950146476 -0.223636186495708 0.37745555253042
-0.0293704263314503 0.149538761927537 0.176621840371476 -0.486072947520079
0.0826124603338568 0.147906050307679 0.0959117330127967 -0.076722953208266
0.141541494946042 -0.00191425604876692 0.293514839905737 -0.0645110272200623
0.00581158455553575 -0.101812814935781 0.197925284795885 -0.15409347612055
-0.0722026658214078 -0.00292030542255445 0.160751342488251 -0.0557013857663651
-0.0101143899790575 0.0641594092900137 0.256146487551489 -0.00928023891244682
0.0339978767648665 0.0644848003974888 0.348578837889713 -0.0246957116818319
0.0332205383261684 0.06056699976724 0.39307783436819 -0.0646477602400488
0.0396356026074325 0.0723708386958427 0.357649916312605 -0.0313740429348768
-0.00281334452076293 0.0785375125369668 0.288467195948573 0.0585504413004446
-0.0722420461040054 0.0457332515388792 0.180235043777505 0.148591997689184
-0.0807508940164516 -0.0797094571990025 -0.00322761214317567 0.15293313401331
0.0670473379919556 -0.100599477702645 -0.118404275395242 0.053715629048657
0.0821401875994606 0.0776532205407316 -0.130506003749277 -0.184010852963965
-0.0195455786788134 0.1433606225018 0.128840688337735 -0.245513042040063
0.0635873855900586 -0.0693232006604247 0.207274572974445 -0.455254910990921
0.0968043020405769 -0.0886261341832406 0.0958071586782606 -0.00145461118575223
0.0770305608376234 -0.191624710637852 0.381910921060912 -0.0194744067644031
-0.0923542379204849 -0.245643719195188 0.242056870658827 -0.177230667880533
-0.213536080380584 -0.116513720709275 0.132163744677811 -0.0696319472996183
-0.183929878815567 0.0144534912285505 0.221136659813646 0.0134818577384353
-0.132955501179646 0.0815919293367514 0.330806693453134 0.0136927802659897
-0.101600513491461 0.082836141050252 0.378459890356547 -0.0331552178498852
-0.0789775103562237 0.0919190462383361 0.345163601433881 -0.0178307274309401
-0.106139769986667 0.059816134101826 0.278873625267665 0.0717871141878786
-0.135327747116869 0.006879637091863 0.168368455539956 0.159988557992376
-0.138113042351155 -0.119897787769744 -0.013094296261283 0.142613906807749
0.000881095091956919 -0.184328127240331 -0.104204063723308 0.0444171999527429
0.0901517313909019 -0.0730870088105404 -0.150822973138519 -0.152656171937155
0.0670092986112988 -0.0370268588567056 0.0706555886114414 -0.246014011730215
0.17196246856768 -0.263280230621747 0.191857550714247 -0.349232853991933
0.132174922441631 -0.318926316261817 0.0892522651119154 0.113031549056104
0.0170109768486555 -0.371280096530687 0.45834336040707 0.0250670325317189
-0.175484489875381 -0.365370790397994 0.274457041386411 -0.216800079365467
-0.313009787385846 -0.219953628301467 0.0730351202500153 -0.117406862721842
-0.321455084859424 -0.0496298975493234 0.134828089759666 0.0122125447688553
-0.278467352528982 0.0763059808440201 0.253291246729467 0.0426695858144149
-0.221525947433786 0.0922307342704451 0.308739092503758 0.0019094109534083
-0.189610625849054 0.109265177052695 0.291554562261687 0.000893145779445473
-0.210927291851288 0.0479393501503988 0.250567050605744 0.0851746917014953
-0.210512448486157 -0.024404579394742 0.158065517343431 0.173940326124435
-0.211321652188746 -0.151855922991937 -0.0195274166080365 0.1522958548221
-0.0886201385568653 -0.256323413705364 -0.108092008746043 0.0508531270420622
0.0614857189771058 -0.22758401932568 -0.176110074176364 -0.12005901994696
0.126991141706774 -0.230632489427865 -2.54040704259972E-05 -0.206987535212974
0.262018098913197 -0.40044521352025 0.131043845682659 -0.192762450349721
0.155902561039743 -0.484186632025016 0.0849056339813917 0.243688373419474
-0.0441966665602575 -0.482595658936972 0.502114494273944 0.0475989018121267
-0.234288569645008 -0.409585287955851 0.276323137309565 -0.262317107848022
-0.354648899219362 -0.276275689161231 -0.00672276662768568 -0.178349356253623
-0.395557090492775 -0.101127322369812 0.014483985907336 -0.00817367122819825
-0.372400697358484 0.0564605209168505 0.132233717420278 0.0602377242924533
-0.308182499372549 0.0872467969058959 0.19498686454988 0.037440616778893
-0.28303015164985 0.116915264815909 0.198998756485525 0.0307071490333914
-0.309069548780598 0.0381259739748374 0.192968234749838 0.106636905850962
-0.290374555850059 -0.0489719006375772 0.131809194530664 0.190156856310124
-0.293750711174431 -0.175326315082144 -0.031405202921626 0.172817054002877
-0.191866141086042 -0.315749252489049 -0.120118224709167 0.0729614649298467
0.00589044256959144 -0.372014495748202 -0.19762666950437 -0.072810752357529
0.162317222047705 -0.407648577309372 -0.06917610154825 -0.12172707582656
0.300005167946189 -0.4635819323926 0.0410240540719934 -0.020240904573192
0.13066860202305 -0.543526944899166 0.0920100914114458 0.346965331321358
-0.101450815259631 -0.474845210836577 0.491967893212654 0.0385666377759897
-0.239567688133008 -0.34751950080163 0.231952174881629 -0.293609755425465
-0.319835904480468 -0.264947876327942 -0.0927317751649219 -0.2198832805567
-0.391791741729302 -0.128784799387206 -0.109405348066972 -0.0319802655977195
-0.39991565838403 0.0293460292640069 -0.00640326188163689 0.0671617488862097
-0.350401859365884 0.0670650807265482 0.0523800825333235 0.0712868101445388
-0.34267167818046 0.10446394859195 0.0744966960124928 0.068951822145814
-0.374607531491013 0.0155628183592107 0.0990227438141785 0.133620919910295
-0.343780302043945 -0.0764860543544439 0.0739699134910324 0.20360697232248
-0.345814411092317 -0.189087813500621 -0.0591782760482306 0.190346088976892
-0.274188030983583 -0.350128954743101 -0.136413726015648 0.101383944457331
-0.0497916620677505 -0.48374462769707 -0.205868400765719 -0.0107449215548515
0.182820386216051 -0.536272574357712 -0.127758887300743 0.00369229011142202
0.276118070291713 -0.453357017960887 -0.0470978955479033 0.132232095327471
0.0612166745804713 -0.493450563000734 0.11282021903426 0.390776203658286
-0.138446006339058 -0.354750444446497 0.423905010232086 0.00245434494253187
-0.179168352294609 -0.211650490270393 0.154784183694974 -0.286517939005605
-0.219736442205411 -0.209462230112449 -0.155434548630654 -0.222818416233347
-0.320555593753075 -0.132531989029207 -0.207282273302771 -0.0483896374258522
-0.363217825017137 -0.00287260958277792 -0.135967894750831 0.0662781129208585
-0.339435018378412 0.033139073106704 -0.0986963693264154 0.0969366671234618
-0.354084928924693 0.0661236563524354 -0.070299440882169 0.102191245922887
-0.380495928030191 -0.0266529945993623 -0.024342264127449 0.151771188309268
-0.33259420328568 -0.107183532869622 -0.0152422544179849 0.200497186253055
-0.327206326123434 -0.186043506904897 -0.105395192609854 0.192946264045802
-0.297803474566138 -0.345288088658581 -0.162258544217889 0.125032011881402
-0.0768827389059226 -0.530635184276559 -0.203945287002307 0.0508028345624697
0.196720568245045 -0.581123715175241 -0.174954165237407 0.149844817922422
0.206516103255274 -0.3807126180942 -0.111031403299258 0.242112853119823
-0.0280625517733691 -0.367812615572267 0.136025064048096 0.367428326637324
-0.141450172787443 -0.186507737751284 0.31919219085056 -0.0341974707578993
-0.0815826838769297 -0.0710778579402424 0.0807095092925214 -0.242127738793535
-0.10030886990826 -0.145447866571361 -0.178606097756074 -0.198457468381345
-0.216801625431634 -0.123913752574639 -0.262689670877476 -0.0569047257906592
-0.278062735503413 -0.0327964581243878 -0.241281124320576 0.0599387001677774
-0.278423551516984 -0.00598999377865602 -0.237094472408436 0.109296669253766
-0.305147995378033 0.0111899450866437 -0.212668943027028 0.114251560745884
-0.308353747049679 -0.0753924657053331 -0.151716377040742 0.13920640376373
-0.240205697839372 -0.123740053362498 -0.10755766436051 0.165674553649505
-0.235521783417972 -0.146632943995691 -0.156611352087441 0.175779370437805
-0.260484135262099 -0.290078974868507 -0.201576508052765 0.13582495748213
-0.0669967787309141 -0.495132426086919 -0.20263259621421 0.0909523324601735
0.1948557712185 -0.524757452116092 -0.212509666161072 0.286565466125821
0.113524859273773 -0.260364690646543 -0.139888641499685 0.299557362790316
-0.0954524964321384 -0.213266698269137 0.154405668937218 0.308441208716887
-0.111258872916548 -0.0329998419944408 0.21660510937717 -0.0491726185303071
0.0120254963335861 0.0286299986362867 0.0342799975176174 -0.183953110357459
0.00281392115506132 -0.0915409564030823 -0.171320216583405 -0.173596844262941
-0.106195686346885 -0.108812392178949 -0.284132909942579 -0.0630895777614424
-0.164301614127648 -0.0599622089758287 -0.313782453948004 0.0481805371761354
-0.174765416120725 -0.0443048720250302 -0.342527255149359 0.104822342584821
-0.194316600193813 -0.0448697991762907 -0.323199532758973 0.0964221306990762
-0.163777992154282 -0.100199975021118 -0.248202524154961 0.0890157931842973
-0.0930014662267261 -0.09488237827572 -0.168854557256618 0.105803884562801
-0.109430990403079 -0.0529390986140836 -0.19553264570178 0.14837204852913
-0.188323543500669 -0.178854327543665 -0.255891940829011 0.12849755130378
-0.0448072986181537 -0.370866145163279 -0.205446428877126 0.0894602413345598
0.166628926167047 -0.374403914317215 -0.240750755921736 0.38339040965646
-0.0254799934450979 0.159021723448439 0.182545926379447 -0.514639234890284
0.0923176085781343 0.153396369282213 0.107274717531157 -0.0773468595994132
0.149030705888866 -0.00747467588735915 0.313258293261969 -0.0763906061447455
0.00262365893699331 -0.105649030674637 0.205310742856734 -0.168409430528657
-0.0766111190920788 0.00186895962302041 0.171436411592669 -0.0596135087037657
-0.00658069054969305 0.0691127316697313 0.275410581385205 -0.0129408447127904
0.0390217373168541 0.0671660516378019 0.374915114235799 -0.0328251641474594
0.0376592854143085 0.0628179005706542 0.42001698725883 -0.0787145160690873
0.0450530380845317 0.0739884612482265 0.382942672294657 -0.040001198874773
-4.45364768627511E-05 0.0826237889306352 0.311080789254571 0.0569925363658746
-0.0735468513024108 0.0519613003364109 0.196404834369861 0.154658258426739
-0.0883459404287128 -0.0805376298224569 -0.000922424560694309 0.165005081148527
0.0647685955884688 -0.108919627433354 -0.123751169448415 0.0606643707980214
0.0918492923611691 0.081300708088579 -0.14524301622207 -0.19252079984895
-0.0132981804523597 0.151612120649923 0.137209875752789 -0.264204150776925
0.0699043783736857 -0.0748418984190796 0.21506010620613 -0.483110731586075
0.103953411457261 -0.0977200145655915 0.108271045203818 0.00270099393909348
0.077621865692273 -0.206802517072988 0.407916732918492 -0.0316396389041403
-0.103545109978046 -0.258002576065637 0.251557383255 -0.193339819905152
-0.230377722035845 -0.117506656906949 0.140768769144625 -0.0728925133285674
-0.19373165935747 0.0197463224447001 0.239046667909817 0.0131473687479456
-0.139437392610817 0.087701315016196 0.358261428927014 0.0082960759055455
-0.106571842925072 0.0893612405881537 0.406098993171551 -0.0446773481532645
-0.0811052552666275 0.096540185895554 0.369199468118866 -0.0254888353622086
-0.111043282452638 0.0640739997720245 0.302522789494417 0.0706341660005789
-0.141831534799551 0.0104843555066983 0.184569276696238 0.168460339955411
-0.148609950750066 -0.123214860363703 -0.0121476458252124 0.154511527169985
-0.00724477533593618 -0.195194069777862 -0.109648942181283 0.050212924295968
0.0987886788584281 -0.0779340227557631 -0.165245562785295 -0.160670755716073
0.0750303288688724 -0.0411233015569207 0.0750583492340426 -0.263363677320948
0.181645776848366 -0.282023510408827 0.200613083206742 -0.370620387040726
0.138118493547015 -0.342366814114081 0.102968964566605 0.124155054689564
0.0117027917457474 -0.395198983242408 0.489585115370122 0.0134583242294001
-0.191893363473693 -0.384787771943482 0.28615108281993 -0.236011793959707
-0.337940881741625 -0.227387210941493 0.078028089413602 -0.120706884019413
-0.342372664931911 -0.0472889945455056 0.146618866175555 0.0125605826477124
-0.294734929896507 0.0844735809770759 0.277014763269415 0.0408605165691643
-0.235056850085365 0.101757914830921 0.333308726914728 -0.00710101484861027
-0.199941184680374 0.117321966160064 0.313218210218257 -0.00389138613742355
-0.224178491799613 0.0540137849616092 0.273578754927376 0.0855093909118384
-0.223346186441923 -0.0216751827127919 0.175694760565522 0.183623151692862
-0.226427286517357 -0.15767000961017 -0.0197578718701582 0.167889864115277
-0.102717368251682 -0.269809774431752 -0.114836395848309 0.0576088710386676
0.0654601851553623 -0.240582538627856 -0.192414351095022 -0.125618130321515
0.13389710847963 -0.246233574849402 -4.26804973486252E-06 -0.221510446942634
0.273913576103013 -0.429296680081762 0.135481233700783 -0.205027538829406
0.158975627225389 -0.517988619999966 0.0991464681292685 0.262082462295147
-0.0542928108465714 -0.513404774248507 0.536865965800409 0.0362867687891345
-0.2530864992499 -0.429811676820175 0.287568761974019 -0.285350331229324
-0.382406749552494 -0.287228351516937 -0.00901156556948771 -0.184811425030696
-0.423358429523214 -0.100740704618503 0.0180813687524156 -0.00783722777418456
-0.396200935646812 0.0654802639211813 0.148595610411929 0.0606332188358533
-0.328707861757758 0.0993389995520793 0.213100512108279 0.0333705662193728
-0.299147057732762 0.127275243325297 0.2150683318362 0.0290641637806915
-0.330066465184044 0.0450952142360503 0.212923048373664 0.109457733418847
-0.310569332935831 -0.0472892473986477 0.149641171170457 0.200249379202474
-0.314102901905484 -0.182797615431915 -0.0319844417979994 0.189628147720481
-0.210643255065241 -0.332190910647867 -0.128684724030021 0.0807666137378447
0.00384631658794083 -0.395059500122225 -0.214860672577626 -0.0759602240121243
0.166403919818313 -0.434306431735607 -0.0728614468208029 -0.129863008343057
0.313264086072993 -0.497370814063846 0.0409564893151661 -0.0203763608498236
0.131410676836672 -0.578952581896747 0.1073379623028 0.370800353880725
-0.116470530334239 -0.501947200238254 0.525702336810191 0.0272858360837587
-0.256532777826068 -0.36464975701421 0.239989220038083 -0.31830408860861
-0.345042355679875 -0.276925478179306 -0.10067117793508 -0.228865618607621
-0.421440558648768 -0.129176867348382 -0.114824480246361 -0.0320958895754613
-0.427466197393772 0.0366443009226657 0.000984941660739787 0.0693197052851398
-0.373799358679059 0.0779344819201597 0.0610886655388441 0.0716884562130534
-0.364266378613878 0.115939723334424 0.0825029098768698 0.0722996691797917
-0.401861400054168 0.0222206610916235 0.111972277971741 0.140810234946007
-0.36894930455858 -0.0752530921893063 0.0870867591591713 0.214935463143069
-0.369507134614701 -0.198964940648693 -0.0615478424408623 0.208937882000388
-0.297421856636663 -0.367319084662551 -0.146124705679556 0.111023228092918
-0.056807669815129 -0.51223082838535 -0.222686715258258 -0.0109265192676225
0.184947118720893 -0.569987611564762 -0.133335874548054 0.00422936072246057
0.287090655991826 -0.488632512551082 -0.0509372526044349 0.142822874713215
0.0549051084958918 -0.523075603492216 0.128319194608126 0.414081192109973
-0.153037870843595 -0.371553516492615 0.453209406652643 -0.0114973614766306
-0.189088338750095 -0.221292697083132 0.159230514430804 -0.309561147546919
-0.23892906689331 -0.220205803243887 -0.167764429671682 -0.232400236356447
-0.347093150017883 -0.134231731805285 -0.219390861127335 -0.0481747737552186
-0.389670931450858 0.0034472537676703 -0.138925956532469 0.069837387491454
-0.364378787625063 0.0434461652566808 -0.100289707135487 0.102191697827187
-0.378057627220544 0.0767866434303853 -0.0709624148202563 0.110933219689287
-0.410086666506978 -0.0224752225170896 -0.0200247651748429 0.162362315402569
-0.357723321782186 -0.109960606418717 -0.00858534951049479 0.212796338810006
-0.349862475179235 -0.197100133155285 -0.112355980402116 0.212098970305119
-0.322335885839224 -0.362022874524898 -0.17364959281548 0.136132161326131
-0.0890124062139605 -0.56062934438031 -0.219189186755591 0.0540332530728365
0.197871588708333 -0.616615034647426 -0.181410887255874 0.159386530488992
0.212359118127125 -0.410983381219184 -0.117438347772057 0.25982712032834
-0.0372949913670846 -0.387541061138872 0.15231472944531 0.386807231619869
-0.153731373161424 -0.192432116879941 0.340306408892059 -0.0480350998694241
-0.0837043396019876 -0.0743760735565377 0.0820245406199885 -0.261998923369863
-0.110519070375971 -0.154802664032543 -0.19228464194822 -0.207783281087563
-0.237522668148629 -0.125989531642956 -0.280636232293171 -0.0567640105395616
-0.300811696344473 -0.0292910295495843 -0.252574711499995 0.0650627970922496
-0.301187878175403 0.000481714400934627 -0.24889051026043 0.118715790516527
-0.327050838050983 0.0191227465163376 -0.222736537469975 0.126150408160116
-0.334224427021679 -0.074810705371632 -0.157950576353356 0.150484313847813
-0.260105543669547 -0.12955184926441 -0.10944894423021 0.17570883992197
-0.249772629463893 -0.156867183404866 -0.167144377482896 0.192981691525679
-0.280478794593835 -0.30333386677084 -0.214924053047975 0.148920958234419
-0.0799400689469593 -0.52224275112463 -0.217632647914472 0.0964756254618968
0.197983686401443 -0.558741595117315 -0.221017046918276 0.304044393695374
0.115559080779179 -0.281181299974787 -0.147993357661709 0.321581581881408
-0.106077418368145 -0.221138113241432 0.170099626354076 0.322159341280814
-0.11935595289462 -0.0314696389640332 0.231674825985438 -0.0614217869408655
0.0172683208075975 0.0285345371433211 0.0356723675952619 -0.199250452741492
-0.00100850605308525 -0.0993490195581723 -0.185302825261472 -0.18147963839868
-0.119340807882815 -0.112291747313188 -0.304829816970572 -0.0634520342731372
-0.179871829877816 -0.0597051388982867 -0.332062276371697 0.0535149090605337
-0.190881999073212 -0.0425825167058398 -0.361870163877058 0.118212272504718
-0.209897529834935 -0.0425933368317103 -0.34438265144866 0.109395346380908
-0.180667582702921 -0.104402578709713 -0.263869872410214 0.098430316951761
-0.101438118922865 -0.100769842109636 -0.178332607227959 0.111921242524457
-0.113685014261191 -0.057866232163112 -0.206879260074837 0.163527775058544
-0.201609712720312 -0.184539316657377 -0.270970832683335 0.141841305928968
-0.0554473315619027 -0.39014242982456 -0.221083851407078 0.0955382892190861
0.169087672228807 -0.398867474528997 -0.251115477061435 0.408101716438711
-0.058234178535817 0.147678744350497 0.272412673483422 -0.484533778982
0.0687350660367644 0.167828057764478 0.134459715618074 -0.0522779322040694
0.152443172203785 0.0113610647836706 0.347350564374861 -0.032602334418589
0.0160161746461502 -0.109359155446668 0.242591447422049 -0.150383797866079
-0.0789297253873548 -0.0112425193599676 0.186088804485656 -0.0327512615937578
-0.0143822941187806 0.0683657914334252 0.292578649283699 0.0330937536359983
0.0329108483320707 0.0745327900265966 0.404317352579261 0.0276026159154822
0.0304835580435989 0.0705235631852062 0.456329522743066 -0.0164961794139302
0.0357227102262742 0.0824633877732378 0.409888100709109 0.0159881114729888
-0.0112008805576783 0.0854916629162387 0.318938351364653 0.106106078139284
-0.084143948997062 0.042672086182613 0.183766240116556 0.189522627782706
-0.0803607625268758 -0.0955501361789728 -0.0206929272491861 0.176149463808704
0.0831800376887356 -0.101995142038226 -0.13961493202892 0.0484012813216867
0.0843792943514776 0.0989959009428555 -0.126543290114056 -0.225595025262884
-0.0384622190151376 0.156011647320012 0.199615998726428 -0.258906713296244
0.0835398066736603 -0.0731502423475788 0.305858801202802 -0.456280523664006
0.125949930876116 -0.0834793669369359 0.122454375125508 0.0240944013568516
0.117749583771129 -0.204216370513915 0.434393294700774 0.0157764254680662
-0.064897747652081 -0.282946550718486 0.291081677521526 -0.181397714947971
-0.215681102518958 -0.159744143425151 0.145839328261466 -0.053762902032709
-0.199853146282101 -0.0157846884874709 0.24643862176368 0.0529328376608066
-0.154462883987089 0.0642627646006085 0.377025992630359 0.0655135030134798
-0.124843336579163 0.068871351412054 0.437247414308189 0.0158097167617109
-0.100129687530565 0.083021029531213 0.395093851593795 0.0279700163417815
-0.124170748024055 0.046125858444366 0.311363832278447 0.117285492138451
-0.148063921447779 -0.0149322757678394 0.174232956223817 0.204669262893518
-0.135754345049522 -0.151679828034876 -0.0266965255628742 0.16647919839519
0.0270546728528281 -0.205265152698783 -0.12244259726732 0.041452147494119
0.120465768325621 -0.0648315198676161 -0.152599448142871 -0.189664878050845
0.0929184300075394 -0.0314913245717404 0.125034744657249 -0.26084750263431
0.23673344168181 -0.263349486481823 0.275570017249332 -0.353449197199176
0.204058913150883 -0.324118993598286 0.0975723749019498 0.142416928432913
0.0869835165805333 -0.407116497732853 0.507806275974051 0.0628306370508412
-0.132513669433728 -0.427632818089658 0.332111638436564 -0.231328563317702
-0.307734865480463 -0.291974071242225 0.0813314988786918 -0.119045477415697
-0.344461845974838 -0.110956151533514 0.14671202472101 0.0364862170089034
-0.315317396614284 0.0360445553777472 0.283222957878202 0.0812833248213357
-0.262417119670921 0.0576181226003874 0.35442069019076 0.0439022561916729
-0.227658310353911 0.0826335537185547 0.335297074600314 0.0397882791826816
-0.242180675883549 0.01439513740784 0.281486641953649 0.126770020464651
-0.227543583466633 -0.0669153159338444 0.166915287317588 0.221077499114749
-0.211274431907313 -0.202037000629818 -0.0317089648882963 0.180212501014914
-0.0564922592213868 -0.301446590422077 -0.128546637681094 0.0503714728465668
0.11623577611411 -0.240413579681622 -0.185268097845176 -0.150875836257636
0.195778819610236 -0.237789149377711 0.0307517238006028 -0.221811711222833
0.360975425083865 -0.392460854266373 0.184605439239917 -0.198409605020239
0.257821939525273 -0.497024499912131 0.0720433717839133 0.27851771663388
0.0406134914484273 -0.536782200988864 0.549614617942187 0.087596642519268
-0.186954635562361 -0.482186147449333 0.339351113046826 -0.288747473620315
-0.343641578173261 -0.361201376453053 -0.00209233323154308 -0.202507579769347
-0.420814978684917 -0.180749606794046 0.0134555388340621 -0.00723441275339061
-0.418855354414961 -0.000872559348312017 0.142793871851329 0.0778058492272211
-0.36040633816111 0.0357075274718234 0.221294460063613 0.0651929925786554
-0.333511659269069 0.0748183257575737 0.227562171510838 0.0584904433784693
-0.352106506685162 -0.0131656609398744 0.21664002175623 0.140608552785009
-0.314440547114756 -0.112202971730895 0.141343734027499 0.23517265226789
-0.297868274247649 -0.245141240446872 -0.0435212472343898 0.201351820649721
-0.15685831465754 -0.389399922294529 -0.144563337471349 0.075347103857269
0.0798811677372015 -0.411377316718867 -0.213632401033467 -0.097585735468274
0.267275499242678 -0.431998011788149 -0.0681076753673719 -0.131875345644768
0.41106014243044 -0.451974178092502 0.0587436473266396 -0.0296303807764911
0.238569856566142 -0.562423607287068 0.0614966980389164 0.390271381670919
-0.0235169143750188 -0.534741172527947 0.536563269188164 0.073244264237672
-0.198504061369488 -0.416967164756795 0.294352171056563 -0.326884833692566
-0.309287835854409 -0.34466916244771 -0.0888764010385174 -0.263139833425425
-0.416265620513977 -0.207545534872414 -0.122534353477026 -0.0553911483470038
-0.448090996149887 -0.0349059372534086 -0.0150973626467496 0.061148230100972
-0.406015780614319 0.00526324119912696 0.0557409588414508 0.081019267822451
-0.39920281252229 0.0522022084101142 0.0818758348765118 0.0825896755368928
-0.425538751264943 -0.050379210418729 0.107058818279128 0.15744527231615
-0.37280957765152 -0.154886289966575 0.0766182085995882 0.241047991447562
-0.35336688856586 -0.273321068341794 -0.0743706537294661 0.216768720447892
-0.237513009529336 -0.443237791029621 -0.166853179812256 0.105002923267864
0.0380182268384522 -0.545004382789211 -0.229612227091845 -0.0275659330539674
0.313622916708664 -0.5697940450166 -0.159586760597488 0.00234509275667926
0.382673203843299 -0.444518850400612 -0.0650142119440189 0.122152652638451
0.149724096655686 -0.517855390381609 0.0720772488288478 0.437509297293553
-0.0868334969480834 -0.407396894660622 0.463733153752759 0.0307710590609166
-0.154709492412169 -0.259030435553529 0.211013296180779 -0.320844410433848
-0.21074776832089 -0.266457955635895 -0.151946494336703 -0.276408522725307
-0.341159702588273 -0.1988410999821 -0.228609677105701 -0.089256589411575
-0.405597722886707 -0.0624465459530796 -0.162896168159038 0.0392901637787809
-0.39015653489987 -0.0268840674888273 -0.119088390572155 0.0863610079322671
-0.407896017098257 0.00999313241306879 -0.0859146663392076 0.100280440922628
-0.428413328994294 -0.0985522240224595 -0.0352631140995716 0.160560143917637
-0.354354181921834 -0.188648705507912 -0.0242622217878404 0.224359171134049
-0.332980979916629 -0.269476440975893 -0.129726097156453 0.212303923585567
-0.263268323220782 -0.442921942907741 -0.198413751264151 0.12652653731582
0.0137176404449345 -0.600564313351832 -0.23535849731451 0.0416012603733701
0.335673703367658 -0.616455579830736 -0.240018120141935 0.156236953865041
0.292925940490437 -0.377328550745616 -0.155594487828472 0.233035767246317
0.0324187435821505 -0.395781537790323 0.0980718833121122 0.413744279875355
-0.120225165190099 -0.22489253146215 0.352704525130246 -0.013335609874374
-0.0714285753726294 -0.0926638657236459 0.126514840850249 -0.270974642370935
-0.0912706566944973 -0.176546911695515 -0.173767591610848 -0.253295647643267
-0.229334760097229 -0.169631851074417 -0.290456505297352 -0.108175899311399
-0.309269312405304 -0.0802882273903662 -0.280602012842719 0.0165280360372603
-0.317610587086431 -0.05703955320653 -0.277883619446936 0.0805323902459675
-0.344856930858958 -0.0402375152778958 -0.249777668581859 0.0944408709990443
-0.341211412270379 -0.138914412128213 -0.179475823423136 0.129638031581603
-0.248894678531515 -0.190833974670747 -0.129776042407757 0.169939137636581
-0.23373210186187 -0.210827202025031 -0.190126655359077 0.180915620115228
-0.230996517841823 -0.372813002177201 -0.243509635273949 0.131390167417901
0.0139441863218932 -0.55756590064588 -0.241847647757316 0.0836185185407614
0.322466258485682 -0.551653576743594 -0.30643886855469 0.296621011974794
0.170795674101792 -0.262632496970791 -0.203069800507837 0.29578812660119
-0.0667262479322383 -0.240033813456143 0.12293556355293 0.352584025483538
-0.114611364308983 -0.0545647215682273 0.244171983638227 -0.033707691599927
0.0140993060270517 0.0281727960621589 0.0717172423470084 -0.204579352625325
0.010785852694753 -0.101057340509594 -0.165786573393373 -0.223998847810774
-0.111203672363961 -0.133412831041964 -0.312528888180749 -0.118476559189688
-0.180720486876437 -0.09039599499326 -0.362317883400029 -0.00467576796527363
-0.194553576864983 -0.0787997023972061 -0.397863469004672 0.0627042806547857
-0.212863661909998 -0.0809776991386749 -0.376013794009911 0.0605898970803385
-0.175104167361597 -0.142825314581227 -0.288071704068049 0.0613647688233139
-0.0881740604969003 -0.129356566206449 -0.199120220699674 0.0897037108659335
-0.108711650968512 -0.0833758874716333 -0.235493088176228 0.139424561868352
-0.174444277497159 -0.232924850928895 -0.300377666164441 0.11236301138937
0.011138158996754 -0.415453396685204 -0.246070347330403 0.0759178461789787
0.258640798565225 -0.387741666876905 -0.350869650782201 0.389485245720685
-0.0428430507233752 0.153305373541762 0.236411288088166 -0.50611387491049
0.0847703014117451 0.161837691058536 0.139280310685322 -0.0585596011878898
0.152141658048901 -0.0038572792882981 0.348608685545017 -0.0649991593614897
0.00522403579143008 -0.1103575129589 0.229433868228812 -0.172267542359255
-0.0801419149351105 -0.000593940436857068 0.185351891438666 -0.0475588716303098
-0.00561792702614699 0.0698767640054024 0.300882645624143 0.00907355496457929
0.0420996160072261 0.0703292791345655 0.414236744887474 -0.00721748354408827
0.0384308328265984 0.0676557912977222 0.459793464245699 -0.0580513302351694
0.044658588444736 0.0774308252446791 0.416363287526734 -0.0196417450410033
-0.00187745357727957 0.0865458754261006 0.332410407669315 0.0786717919134698
-0.0787704861339842 0.0520457830917263 0.201864409612029 0.17687149658586
-0.0906019892982077 -0.0872635197792971 -0.00609502637194387 0.181203830011046
0.0701959329192769 -0.108967506844957 -0.134793168600344 0.0605636459722722
0.0982186567378751 0.0913840724650819 -0.1503701583538 -0.214211433018415
-0.020854522402179 0.157768902279576 0.183339280776515 -0.278274391497933
0.0807742271074175 -0.0803944280052911 0.27133269519611 -0.480315025955356
0.122187885928516 -0.0951615020852119 0.133535351204432 0.0198235813909697
0.100334255254905 -0.216893045402763 0.438247530940757 -0.0244667156347869
-0.0893376494271069 -0.279744298129815 0.274566382286612 -0.207782680132195
-0.230206396814558 -0.138785061167975 0.145127425557948 -0.0630855321698201
-0.200729667864408 0.0010123863141728 0.256549634554333 0.0343543568615097
-0.148308455833888 0.0767804150816632 0.392486209085323 0.0321095888934452
-0.119365020854088 0.079432337672996 0.444312944182317 -0.0253962432363888
-0.0929887128981965 0.0887458771281159 0.403385322605164 -0.00671260364496674
-0.120450646730089 0.0558465952017712 0.327808978671 0.0904237231110404
-0.148065158187275 -0.00205532368639676 0.195806055185889 0.192221091572166
-0.150436061403948 -0.139348589543099 -0.013585388945361 0.174237503785209
0.00549846982509975 -0.206249025078069 -0.119370742675921 0.05270163819217
0.120373645897933 -0.0753739378307396 -0.173430043999371 -0.175302995757537
0.0949273193487239 -0.0401433688747364 0.107447541506474 -0.274227794502041
0.219483302897474 -0.284429587056038 0.247761697041405 -0.374269045438555
0.180671537124838 -0.343563887936313 0.117951397195793 0.141141040690488
0.0535500626683614 -0.417938354977101 0.516667355905726 0.0168112486322704
-0.168258375067117 -0.419045114030948 0.31055842290357 -0.261676005881117
-0.334425760192234 -0.266424275592837 0.0749709243381901 -0.121686731086381
-0.354943572661888 -0.0811000341879151 0.15454296413552 0.0257143982290059
-0.314027183751768 0.0613351233474598 0.299476015465455 0.0561391949007245
-0.260044569670626 0.0800366742046919 0.364436822894977 0.00941195199448211
-0.221404986406507 0.0999071388331524 0.34291823926689 0.0111224677430566
-0.2428121925379 0.0338527390974006 0.298825980836625 0.102693082272883
-0.233960682865319 -0.0479072300373586 0.192104374002743 0.208690011536006
-0.228436105639199 -0.185751123063197 -0.017678113313926 0.189439331606557
-0.0858405712557825 -0.296467236487427 -0.125743690426938 0.0627701729351755
0.10113557793944 -0.250648240413521 -0.202563793559621 -0.136700031034215
0.17908919871702 -0.255144161852992 0.0155996602913216 -0.226326619314964
0.330772166854929 -0.425503658303652 0.167763138606727 -0.212544747887065
0.218355558429865 -0.52068595413631 0.102088622882437 0.280038172121575
-0.00295542266469255 -0.542234521160382 0.560977256485207 0.036553151145719
-0.22488834561931 -0.470114356989484 0.313808797105878 -0.320747995290454
-0.376723508738252 -0.33376524098004 -0.0156448218624469 -0.198644056920771
-0.439717429729432 -0.145808394234309 0.0169020540669199 -0.00744376109524708
-0.422301808916666 0.0347625663507976 0.157331323624491 0.0640061572936367
-0.362174267939298 0.066988099515838 0.232225596517827 0.0425294860422357
-0.330188877829237 0.102598286451408 0.237362398549226 0.0393040147055481
-0.357705241151691 0.0154857418573275 0.234113475401317 0.122204427531942
-0.32658963467579 -0.0873587852185394 0.168364685753144 0.224692756328243
-0.319945089324408 -0.223781282186565 -0.0278180749061138 0.212791830314634
-0.191745980541686 -0.37526365792632 -0.141746833410486 0.0895065122076092
0.049398195254503 -0.420658149622294 -0.226707772357667 -0.0812127945312841
0.233718204625216 -0.453577197560106 -0.0765021517499664 -0.128070458906573
0.376273439887648 -0.492275487043826 0.0535116106778247 -0.0325143904593726
0.193348267366761 -0.583124872328691 0.0985126895294745 0.392030658456515
-0.0670760670666749 -0.533494239444255 0.546492026513279 0.0241351259480678
-0.232112886620739 -0.402564278236966 0.266280145815223 -0.357538172053264
-0.339155758448946 -0.320864235435547 -0.108813437547353 -0.253787946994045
-0.43815689823575 -0.173833447008584 -0.124479137709802 -0.0449830555787721
-0.456789528386793 0.00203000546102826 -0.00378619521367299 0.060554966092294
-0.412009350808885 0.0421870592734002 0.0659481147274908 0.071972635012787
-0.399600024236444 0.0848363639293135 0.0917421390856874 0.0768504405512026
-0.436185032242755 -0.0147950548076311 0.125418039618717 0.148236293289565
-0.38944799025062 -0.126226096761935 0.10276250939504 0.235885713574483
-0.377486097881706 -0.248953264085163 -0.0585109904704646 0.23193157737148
-0.275960094926585 -0.424037898448335 -0.162521192640397 0.120540010025626
-0.00449757889259382 -0.548076615719043 -0.237793312640673 -0.0108384474193635
0.266583672399252 -0.596094075801285 -0.1583237395829 0.0140027575720039
0.345576548223196 -0.480811032344188 -0.0590961733305153 0.129612316692281
0.106674257984121 -0.529936343454548 0.112589780686145 0.435898664914258
-0.121862109112089 -0.398604280284967 0.468197470979327 -0.0136246112805512
-0.171797515469283 -0.248070893207555 0.183627008178971 -0.343611525014846
-0.23506228773866 -0.252192438090797 -0.173239070249942 -0.263561737960295
-0.363418882047932 -0.169800798406086 -0.235364550062237 -0.0712762485697264
-0.41727140099096 -0.0281151561468735 -0.15528567921866 0.0498787354714626
-0.400104688292419 0.00775984321040376 -0.109743621566073 0.0931742629480045
-0.41146275644286 0.0441211612240713 -0.0757662920392413 0.10868549685908
-0.443809435330952 -0.0628261690301466 -0.0187694277959062 0.164228993917234
-0.375038370853549 -0.162921629798595 -0.00188680975886672 0.225775057544268
-0.35524010880203 -0.247927827182558 -0.114538948112219 0.231157576534244
-0.300876430762235 -0.421894556654684 -0.193128609760809 0.145237934516128
-0.0338398920729077 -0.601212718965814 -0.237548111563794 0.0579163781379487
0.284950903426842 -0.643409360429429 -0.226716441424889 0.173643424245455
0.260094784188752 -0.40698646616973 -0.141640848229097 0.249301318087536
-0.00285318124292891 -0.39701353494168 0.133882280511389 0.407769992994782
-0.140448543646951 -0.21105686181869 0.352766603201437 -0.0496842890854018
-0.0743636433420458 -0.0884425108403221 0.103611945998308 -0.286639396767944
-0.108134693368024 -0.172968957790276 -0.194693861309357 -0.239775929997957
-0.250020119606133 -0.149017696605519 -0.300217700992508 -0.0844003460476351
-0.322767385747515 -0.0529888555130365 -0.279084061577967 0.0368576099793974
-0.327780473562649 -0.0285410718569141 -0.271041307011606 0.101795246010427
-0.353154783583317 -0.00990278562024897 -0.242658155385632 0.118058488991619
-0.360439310025889 -0.111364992087322 -0.168891740198427 0.144985458425421
-0.268591156144144 -0.174239127232598 -0.114768719531831 0.179967861839543
-0.250723777499949 -0.197721121678933 -0.178410875071235 0.203479203407794
-0.261989702330915 -0.353703339774399 -0.236256847972083 0.153335805715268
-0.0312516358882552 -0.558135364216034 -0.24018507915371 0.100605214360375
0.276326190038546 -0.579300920392442 -0.283905378465251 0.320012441563153
0.146186334462198 -0.281446678276981 -0.184141082763886 0.316209249051369
-0.0889834315007853 -0.231696802335033 0.153388317196853 0.341654208439212
-0.120583460852632 -0.0424191323908932 0.242891709745353 -0.0606304503427501
0.0206721160604101 0.0244990752112801 0.0553887823577936 -0.215914883498906
0.000993373470193845 -0.105396739484908 -0.185960496707992 -0.212605952437982
-0.127853528726605 -0.122308920534996 -0.325984724597534 -0.0932375066147442
-0.193988409408152 -0.0738405935521026 -0.364794264707122 0.0233097186837531
-0.206811067628014 -0.0599727541033193 -0.394092693526626 0.0957378043962488
-0.223496742140679 -0.0620695609942863 -0.373877844086685 0.0955896451751264
-0.19352673878713 -0.128660494188293 -0.286054636104258 0.0860111828755171
-0.100261753277083 -0.12532634617151 -0.193228113475102 0.103699758217231
-0.112358677233243 -0.0782376347406196 -0.226223708550832 0.162920904744293
-0.193000162343035 -0.217225067199903 -0.293918590223173 0.139926231045295
-0.0231521323976617 -0.414553448086349 -0.246105650623988 0.092504093369407
0.226451814211805 -0.409696356111647 -0.320201174501547 0.416808365112062
-0.0288331838685257 0.150952240472929 0.200873354235587 -0.501638619687283
0.0944832264290775 0.150821670960284 0.140165155162129 -0.0615898316079141
0.144600088421857 -0.0161286252885515 0.334549554726739 -0.0874972335926723
-0.00378702085723189 -0.106102995280077 0.208064002163302 -0.182421510013012
-0.0768680557003285 0.00844820729145528 0.178166630398935 -0.0573921788430893
0.00242277162017622 0.0678950895518024 0.294412602148787 -0.00992901811707284
0.0477126149478342 0.064089570915907 0.405190004598657 -0.0351393100907887
0.0433380548736954 0.0621099438489743 0.442715542128432 -0.0893006648916356
0.0497015785180813 0.0689784924373436 0.403518863899593 -0.0457913674290563
0.00533303250869326 0.0825350688755649 0.329368470223475 0.0541625982173813
-0.0703508625342164 0.0564918323578421 0.208436301949612 0.158749778128917
-0.0947188666222598 -0.0769825440260644 0.00678524776236862 0.178637519231651
0.057329316552191 -0.108820118181108 -0.12608081470472 0.0675854575675084
0.104902364452554 0.07973313516664 -0.163067237303191 -0.193965551442029
-0.00611559831672879 0.151019249365996 0.163514936681542 -0.283160180300051
0.0768813409059478 -0.0831327849058337 0.234058485823848 -0.478642057304785
0.114678889086946 -0.0999022726835286 0.139319158102702 0.0154186198947516
0.0828081813388012 -0.21791180469165 0.424295371538024 -0.0551256257174705
-0.105286688702503 -0.265897368117164 0.248526175629302 -0.219529492907541
-0.232143658038184 -0.117193663062131 0.13892263951825 -0.0683730069983118
-0.19265794818916 0.0141627180483472 0.253857835082985 0.0178229653910824
-0.137629379770104 0.0822819024083938 0.387777757759595 0.00427763854977046
-0.109683106497751 0.0841723663817764 0.430833452536804 -0.0568226125067298
-0.0833556652940387 0.089046865708306 0.392375933569579 -0.0323587573666502
-0.111587759388719 0.0608573906685289 0.326103300720315 0.0645259025480915
-0.141479032909804 0.00812808455382794 0.205017836399461 0.173474916834558
-0.154251295137704 -0.12392958353182 -0.000683731514707548 0.172837888584921
-0.0116841972700811 -0.197507561406616 -0.11255132314491 0.0584168646470772
0.115898153646996 -0.0816041176862793 -0.182405649435069 -0.156147932707176
0.0923669809031005 -0.0463114890262553 0.0899000160316379 -0.273891090775482
0.197567298536409 -0.289030551740834 0.216693952578934 -0.374653927502126
0.15613787554202 -0.343249234179871 0.131160883103608 0.134423633656575
0.0256315686775632 -0.407706859560692 0.502144703024323 -0.0213869986364219
-0.18855354517699 -0.396212232286537 0.279352823194705 -0.274326098348711
-0.340519433447268 -0.23454389789065 0.0677744559895652 -0.120043847008499
-0.348937613836634 -0.0562374310488455 0.154951768001029 0.0163089763030427
-0.300376147936264 0.0782837479718685 0.300583527829391 0.0321158220042968
-0.246240078121985 0.094072205955336 0.355790616889234 -0.0191007158228428
-0.208586289826047 0.108304852406719 0.33647999211681 -0.0119008251635728
-0.232645137459268 0.0478481880724782 0.300041387311796 0.0785534112230838
-0.22848086943684 -0.0317629994179158 0.204136930746646 0.189622370540318
-0.233084578145098 -0.165615743717492 -0.00458850208050165 0.190005667348833
-0.104547834160169 -0.278165753687166 -0.11912061417703 0.0691085007466963
0.0860149359118733 -0.249407691804457 -0.208078222392914 -0.118120134774327
0.158850550820711 -0.257308750538876 0.00380071266455747 -0.220862487850898
0.295802520449738 -0.432725539424669 0.147707021697334 -0.213572368471992
0.180355680727386 -0.516635347580502 0.122926357302844 0.269512127818934
-0.0367524483557634 -0.523184843938494 0.546177754808044 -0.00468828273139781
-0.244582958516169 -0.442376907647342 0.279006958385249 -0.332316117801109
-0.386485997788956 -0.299524591796922 -0.024388007082908 -0.189135104419588
-0.436560050398663 -0.111976035205353 0.019308311074997 -0.00798012162345797
-0.408288150158285 0.0590778222875434 0.163567238495069 0.0483376513784418
-0.347042763429298 0.0890356582715464 0.229926290845178 0.0209207193524122
-0.313811955512202 0.118229522226575 0.234821155846911 0.0218337919049626
-0.34689899759863 0.0374628347004731 0.238449093058504 0.10157540419481
-0.322114526208708 -0.0652399281346227 0.182552977525656 0.206787538137758
-0.323700488441152 -0.19777261411661 -0.0124267935942307 0.215222965025842
-0.210584310550755 -0.348894077291256 -0.133740139978091 0.0959013830760703
0.0271304644956856 -0.408532662027184 -0.228346216254536 -0.0651963292389123
0.198927382540934 -0.45132087408743 -0.0798153059867816 -0.120262335655671
0.333095768573804 -0.499106352000929 0.0472429233442247 -0.0315253859054502
0.151516065369989 -0.573390659222943 0.125516892402977 0.376983695018302
-0.0995719903866033 -0.507148170251426 0.531185762491608 -0.0174215096456186
-0.245868928252104 -0.376216426249136 0.231399915722029 -0.364750052587834
-0.35026103175556 -0.289967421732866 -0.117700910831524 -0.236835679649728
-0.436317091348433 -0.139340854705455 -0.120508839609747 -0.0355690759620755
-0.445198988949051 0.0320027030413438 0.0060735867234958 0.0542473776250411
-0.398592755515359 0.0686726258398903 0.0710778186426179 0.0607271320618337
-0.382542574597733 0.107767032008453 0.0965635058911776 0.0675163687602631
-0.4274038836454 0.0137417788487085 0.135103455348881 0.135020165030331
-0.38665933457158 -0.0994547817430385 0.119167818373809 0.22009962385487
-0.380910818224399 -0.220568662296545 -0.0420207163907065 0.234801721396847
-0.294982389283569 -0.390103077073383 -0.152574674895883 0.128460887357432
-0.0345133323908106 -0.528358207221918 -0.234692571468231 0.00223590925597583
0.22140759452602 -0.591751420238754 -0.150420128372193 0.0214582231920343
0.303349924803644 -0.488617968783252 -0.0519128457588229 0.132072494570708
0.0694642956035096 -0.513469260385363 0.140080864142779 0.416449705047921
-0.142909752597893 -0.372175411813642 0.452021178444445 -0.0494917048340125
-0.177227822823239 -0.230434752302506 0.153579903355438 -0.348749836408728
-0.243805047686351 -0.231565660077398 -0.181584998722685 -0.243418827749632
-0.36569262976289 -0.139959531619415 -0.230809217417662 -0.0540957101513231
-0.409426621500583 0.000438926924507393 -0.143434362058962 0.0543313874553082
-0.389789963849334 0.034097147520024 -0.0986285775395873 0.0932178293821081
-0.397977287358075 0.0702520943820123 -0.0641552757683364 0.110277428143408
-0.439098932032511 -0.0318830318826878 -0.00521328388992277 0.159675889725093
-0.37597289974606 -0.1365443577634 0.0161161365832972 0.217416999088001
-0.359165161274748 -0.222770351313005 -0.0971588981415552 0.237810153394502
-0.317692110299376 -0.388473787217402 -0.180919158732349 0.154504482002113
-0.0678730621719676 -0.578497427097716 -0.231203448439278 0.0685382891903642
0.233854647144194 -0.637897967700003 -0.207624871813482 0.180234022113816
0.222557212620741 -0.412679582489859 -0.124394161411904 0.252629896668135
-0.0296916832635382 -0.377951998791432 0.157225952086299 0.385208886991963
-0.150365557565529 -0.190074590257888 0.337376697384708 -0.0763530364593839
-0.0732752541834901 -0.0834560579328663 0.0805481775723812 -0.287886747640494
-0.1169295292806 -0.162979619488677 -0.202474678049417 -0.219618432673286
-0.254909172318576 -0.125760411100944 -0.295374476628356 -0.0634835400168352
-0.320777126476754 -0.0286685724622106 -0.265405810521071 0.0505775068403672
-0.324539676948103 -0.00434910613251349 -0.25523501024131 0.113328397933118
-0.344500834414373 0.0140669786602527 -0.225946563433837 0.130010212244674
-0.361992157589441 -0.084320454746273 -0.153985596082818 0.150993599701996
-0.273212465102926 -0.154810881847277 -0.0989484943802298 0.179274719139235
-0.253210039150866 -0.181017430911631 -0.16101103394 0.213187747536097
-0.27389042673223 -0.324015792499098 -0.22114865394163 0.164821290928172
-0.0638366744584268 -0.535281508322841 -0.231169825293807 0.108713614357743
0.23187851935752 -0.575292359346014 -0.255048254530107 0.323385408377971
0.119768276586408 -0.284407240062739 -0.160847791996535 0.319847533306193
-0.102369225779616 -0.213191635396747 0.17033901484478 0.320029951561769
-0.119110308468778 -0.0295500600116172 0.230377574230443 -0.0790062044210482
0.0250424652092825 0.0187446153226737 0.0393288330956263 -0.216081628813008
-0.00732890669085467 -0.104636812597135 -0.193390816466221 -0.194905672472184
-0.135859494570418 -0.107124416378607 -0.32291582028733 -0.0687220277769534
-0.197394041698406 -0.0570075644685725 -0.351986663682074 0.0446345061580079
-0.208090666961718 -0.0425552149339877 -0.374987083955623 0.11700131218715
-0.222615203444467 -0.043682500146409 -0.35698586017388 0.117923516497588
-0.200550057471509 -0.11228604499438 -0.272666830149088 0.102821626453053
-0.106650768550357 -0.118531794929378 -0.182207260484974 0.110391456380286
-0.111384274122861 -0.0729044647669566 -0.209606462992655 0.175394528169381
-0.198703671402433 -0.196052210636553 -0.27644707036254 0.155193529985047
-0.0480997403894713 -0.395967826524973 -0.23785856362073 0.101978839286421
0.190947898915931 -0.409731599399572 -0.285719911026088 0.420474414198359
-0.0206488511949903 0.145582074238667 0.182787269528663 -0.484693112008195
0.0970911095843051 0.141059279824927 0.14285847487662 -0.0609304658750066
0.136756688010185 -0.0217034999879759 0.320991661362174 -0.0966564544554483
-0.00910477841635572 -0.101365013809946 0.192265754347301 -0.18212364380195
-0.0721871042057151 0.0149220927264817 0.17002829706823 -0.0606161763479712
0.00670200133168778 0.0648896618741873 0.285122523622142 -0.0190870537756105
0.0499136993721364 0.0586290466409742 0.392553117496106 -0.0479494643188902
0.0455113377075949 0.058221115095816 0.424811043404784 -0.100962469127183
0.0500452879571057 0.0623311728954278 0.389181107294242 -0.0558939818088783
0.00981246661810399 0.0783656697507823 0.321312747411007 0.0414765760117915
-0.0637369947995953 0.0575215747054374 0.207146359759335 0.147558000459948
-0.0945663600785061 -0.069229431426183 0.0130798386882485 0.174069487668998
0.0488232718667101 -0.105092092084206 -0.119012618216227 0.0684473429767778
0.10728293117251 0.0707528000416676 -0.165362847402314 -0.178075790884108
0.00132941024319822 0.14248506689017 0.152237939236976 -0.279244339789079
0.0746528478730003 -0.0828590553483957 0.21440185028635 -0.464594502063049
0.111356849524326 -0.0997853496297523 0.144035985710109 0.013400709489951
0.0725010039981442 -0.21303370415918 0.406383426424736 -0.0685753951082311
-0.109621225145289 -0.253485265612463 0.229273384328205 -0.218612640768451
-0.225501408014937 -0.102816109660298 0.133396556658755 -0.0680333047486835
-0.182253237753862 0.0191580192121 0.248218764830577 0.00967698807716567
-0.12879135751758 0.0818547597676734 0.378003236001348 -0.0104840029363683
-0.101884692949836 0.0842127184729057 0.414290072672054 -0.0709893522656485
-0.0780947630317557 0.0854913654467364 0.380036497088038 -0.0435525377501324
-0.104614631770406 0.0613872078582161 0.318483053866982 0.0514731876773473
-0.134203649168125 0.0122301296599417 0.206079365762345 0.161505457773346
-0.152767229382407 -0.113386520605022 0.00463170019537634 0.170417784893276
-0.0191831967798373 -0.186484016511668 -0.107703024403794 0.0594095493902248
0.113102079363177 -0.0830932809063017 -0.182845124133481 -0.143180126570828
0.090395884107633 -0.0478673627318013 0.0813619201753719 -0.267357059193879
0.185415950126311 -0.283633673825018 0.198841876566818 -0.363656004477821
0.145199168682437 -0.333040279808295 0.138814230085479 0.128751181490369
0.0151700773639336 -0.392111159822806 0.483194395719751 -0.0386761503057173
-0.191913426030982 -0.378090986139067 0.256474937157118 -0.273012795681615
-0.33324234246395 -0.215140439973114 0.0652248856224377 -0.114952391365464
-0.335930755875789 -0.0439373491974978 0.153672881939296 0.0110386034573781
-0.286691240601308 0.0828302167607234 0.295611809868429 0.0184752422396601
-0.234546798146754 0.097312543375946 0.343815102935134 -0.0330353465011964
-0.197832876481887 0.107836771385969 0.325797794596768 -0.0224723584854012
-0.22303583755323 0.0522583700957233 0.294159594750499 0.0650852477143702
-0.219819646695269 -0.0244679991348026 0.206465791071414 0.176139844850809
-0.22930606188708 -0.151486611748135 0.00270855773274238 0.187881062495905
-0.109243173496093 -0.261296786999016 -0.114956534840867 0.0700178477777971
0.0799189546580318 -0.243419399370531 -0.20702235131689 -0.106987559203264
0.147882574399536 -0.251418284180607 -1.88162638150073E-05 -0.213664125691955
0.274191261046985 -0.424435650985364 0.134506890415211 -0.205800040726668
0.163837284456057 -0.499436444277259 0.133218654232621 0.25899696302095
-0.0483099139440357 -0.499718113942884 0.52487988283115 -0.0255442836681632
-0.24408535511517 -0.421474493484531 0.254627601253553 -0.329039580609314
-0.38052344243057 -0.276895570521185 -0.0255622510060096 -0.178944115158546
-0.423616262676637 -0.0951385812069111 0.0221781322710614 -0.00843915306886233
-0.392432547197535 0.0677786344320472 0.164377958033921 0.0374789015374993
-0.332405462565315 0.0962361363348155 0.223188127495014 0.00923443202390371
-0.298788825133095 0.121631535497712 0.229394680959497 0.0133308890712446
-0.334940943954083 0.0458967832259907 0.235721632092778 0.0892384256174006
-0.312012596608092 -0.05425919617795 0.186213057550676 0.19226630125456
-0.317304627865151 -0.182339397991523 -0.00454123621076524 0.21321633402268
-0.212345825881694 -0.325709141716084 -0.128558048102176 0.0970370310925767
0.0180898586415988 -0.393317870237948 -0.22513984584099 -0.0563388835455534
0.179984783159335 -0.437891244481233 -0.0775644459834464 -0.114720456799185
0.306768478028581 -0.489119379883298 0.0419270993897007 -0.0290046898282149
0.131308668758521 -0.553344260335569 0.136562034793822 0.361541029797841
-0.107531753424786 -0.481875060218579 0.508646459172864 -0.0363836574584004
-0.241905875953428 -0.357162542423748 0.208952683641408 -0.36038027857847
-0.345013283187191 -0.270168434311863 -0.116906597128647 -0.223390317990039
-0.425379269214644 -0.120371692434907 -0.113893203007622 -0.0313402460137636
-0.429259016740874 0.0446795618573729 0.012318462144656 0.0474871491664372
-0.382253344708501 0.0778479734091801 0.0713847783408725 0.0516558884192338
-0.36652834504927 0.113778134136914 0.0976053310396245 0.0612806036912831
-0.41425596295489 0.0262457595517692 0.136574344985693 0.12461128114577
-0.377046453401384 -0.0865713372604535 0.125883836213364 0.206905760014003
-0.372841446972282 -0.204745274845186 -0.0329816376431353 0.233842841506463
-0.293023818959617 -0.365980144936608 -0.146559472161543 0.129545142078356
-0.0443993889307533 -0.507812763508527 -0.23014323285286 0.00744841027516415
0.197529564836949 -0.571763473570773 -0.14243949473823 0.0231430704367725
0.276449313492252 -0.478372365111281 -0.0491742066888637 0.130779495880814
0.051928871075661 -0.49066044757452 0.150652224154183 0.398323409759006
-0.147095817800056 -0.349344097751981 0.432024862091307 -0.0661273253672529
-0.172319091576573 -0.219959762738593 0.134746013907022 -0.342633296888178
-0.242901901632476 -0.218139575684271 -0.179648655643383 -0.229122652480413
-0.358330839349828 -0.122079429914005 -0.221470046902018 -0.0463676018160239
-0.397512583746288 0.013722715708154 -0.132957031155967 0.0526203920513321
-0.377332844535092 0.045889662087532 -0.0914267545109643 0.0891121101174354
-0.382929242520386 0.07900314640688 -0.056249173728347 0.10695988261495
-0.428009542224926 -0.0178326918254939 0.00154566302066098 0.15340583303575
-0.36872955837963 -0.124071895485455 0.0239327048376314 0.207532984915964
-0.351193135069839 -0.209243039443991 -0.0870515003466563 0.237332799518691
-0.313321350649322 -0.363471053151781 -0.173340802716831 0.155035876664039
-0.0771944579298359 -0.552645670303342 -0.225552658105834 0.0698204584276094
0.209340977301918 -0.61747498832123 -0.194580824010604 0.176089352396902
0.198508290506338 -0.402927020913284 -0.115819196328515 0.248022099634484
-0.0385000149315769 -0.357799011018182 0.164287505664691 0.365996413467383
-0.148735057816832 -0.173355429623594 0.319608246837276 -0.088127244524266
-0.0687843486460557 -0.0818840828823625 0.0673320302676669 -0.282528679921094
-0.118713877486821 -0.156130797987761 -0.199554469951932 -0.206442042325137
-0.25249212986703 -0.111159723177774 -0.286043684642469 -0.0532758030350362
-0.313473775362895 -0.0151953383443014 -0.253551091845761 0.0529905192584692
-0.315507591905858 0.00735408845413615 -0.242792092823778 0.113719114186071
-0.333564890604387 0.024786176920354 -0.212383811703151 0.131825720961305
-0.355348068092978 -0.0699074663322598 -0.143162664101854 0.150028790832056
-0.269746934768098 -0.144134985749406 -0.089529107327444 0.173163162052176
-0.247472265656997 -0.171566575640367 -0.149281275243317 0.214882386760002
-0.2699630981882 -0.303452949972888 -0.211603058111606 0.165403253009173
-0.0749637641629316 -0.51089871537604 -0.224427445463497 0.108637505180975
0.20600672554433 -0.557657563249853 -0.236280583213759 0.315598930376447
0.1021326739813 -0.277526602494782 -0.149127177264035 0.315472147552341
-0.105485334081852 -0.196898485358523 0.173066621634171 0.301079999745979
-0.114943925750208 -0.021105426101095 0.217290727564488 -0.0881326406904214
0.0272365080236678 0.0134211054265979 0.0302604679364726 -0.21283669658275
-0.0124853634124901 -0.102618825315739 -0.192088029976893 -0.183126946193252
-0.136893611737015 -0.096076314511642 -0.3133130128599 -0.0570653279694584
-0.196045951259164 -0.0458982627790568 -0.337960804750378 0.0514809006571856
-0.204816497544392 -0.0327290839228199 -0.358413698512327 0.122031363634454
-0.217543590180583 -0.0339637065268792 -0.340879603857734 0.124601493846646
-0.200838385997577 -0.10141367185925 -0.261369205604463 0.106809554427556
-0.107876023093145 -0.114620673372499 -0.173677277818918 0.108746933432517
-0.106483538147309 -0.0713924128884538 -0.196261439210584 0.177893263224355
-0.194450166420688 -0.181540385863595 -0.2620953781418 0.158744777749029
-0.0562109829556072 -0.376497246030324 -0.232285306942726 0.101247106514563
0.171233224781425 -0.397557904035516 -0.263756992166012 0.409342088379816
-0.0168769159507582 0.142543672698567 0.179290724593504 -0.474001635959123
0.0983143429608673 0.137039513276205 0.148853115547692 -0.060217659693321
0.132004213596529 -0.0236778908525783 0.315865612341135 -0.0993744015356808
-0.0124079845184564 -0.0986150142855117 0.184545170004018 -0.17985112269123
-0.0691270161028739 0.0188309146828515 0.166047626039522 -0.0600708965002793
0.00972644319796999 0.0632710258549245 0.281260467448004 -0.0204394403165586
0.0510888020601428 0.0551474597578853 0.389263989694935 -0.051490257478393
0.0468962568436442 0.0560554549449422 0.416909068996467 -0.104741801758544
0.0499387519680168 0.058305270274058 0.384415408570913 -0.0578300682401506
0.011567415703628 0.0764035969826212 0.316985702319044 0.0376602494850474
-0.0597797809806928 0.0581196529079135 0.205896369943134 0.14419910441438
-0.094135062122039 -0.0646697872023646 0.0151963932343716 0.172612794441627
0.0444498620226238 -0.102084060511628 -0.117343488730877 0.0680060728887545
0.108941453652796 0.0658445781127008 -0.165862305678007 -0.170090469023295
0.00485204169069496 0.137590874245158 0.151682275042929 -0.276790820819965
0.0756397305441456 -0.0812674421004927 0.209835069330659 -0.454647145907956
0.112323857241166 -0.0984752226465011 0.15024401734586 0.0140487166736091
0.0694329456185628 -0.210725227424573 0.399210489419963 -0.0728273941302819
-0.110294030616426 -0.248295976089137 0.218289733875817 -0.216109513959992
-0.220429742894447 -0.0969135230958354 0.13188223402704 -0.0662970992687189
-0.176532342834115 0.0194650419954645 0.246469145201485 0.00894225209600464
-0.124783389855578 0.0787322440360149 0.375557098653134 -0.0158150688721947
-0.098289550725803 0.0825880155841932 0.408468274478525 -0.0756652599903269
-0.0758232917802484 0.0822237060918289 0.374883449053317 -0.0461207805820302
-0.101895596739738 0.0595505187643123 0.315492552095732 0.0467743993515707
-0.129560315086248 0.0132493291263871 0.20694281814516 0.15763796961002
-0.150847197079187 -0.108685657525557 0.0068498370001125 0.171120553736685
-0.0214971112376076 -0.179813902273545 -0.107198086154463 0.0586860573203569
0.11385631858095 -0.0842988524109618 -0.182719484563642 -0.136444606876929
0.0903919364576374 -0.0489061833964589 0.0819632867598863 -0.264246418017258
0.182204391237829 -0.279018593791296 0.193614983226085 -0.355496011139107
0.144733025648686 -0.32742698966204 0.144953556284504 0.128313575766435
0.0135230293396859 -0.383960055037449 0.473043750080113 -0.0442702720455814
-0.189633818446087 -0.371385359871323 0.245337004802466 -0.269654220328768
-0.32868732352558 -0.207822197308843 0.0655987679849574 -0.111601773338198
-0.328230894042794 -0.0412183078050027 0.154533621360664 0.00993333196297123
-0.280737663182133 0.0813881746330733 0.295447670231292 0.0127048406843342
-0.229468878563219 0.0972232677698362 0.3387151473872 -0.039053711983077
-0.194306930347644 0.10557455915676 0.322526763725358 -0.0264284389164549
-0.219014344113107 0.0518651212586665 0.292434591355861 0.0605395640536802
-0.214771712625156 -0.0232797025335459 0.208010867051612 0.170116712901784
-0.226541394489719 -0.146983616573643 0.00500337963752114 0.189135334351993
-0.108937435778226 -0.252777667713257 -0.115337586019021 0.06975012184629
0.0807791350615424 -0.23969678479782 -0.206511168213506 -0.101888972327036
0.146480202553225 -0.247196873626058 0.00120193744455358 -0.210884064981811
0.26715322703043 -0.418165182074831 0.129728045408188 -0.20011228016899
0.161417337374292 -0.489799121877706 0.139094053792088 0.256176048507237
-0.047876989408474 -0.487338019978061 0.514424151352964 -0.0314384560559738
-0.24051303868099 -0.414065147272456 0.243338918920231 -0.325705388329804
-0.373991665217775 -0.271439361071165 -0.0230884675582225 -0.173947248735249
-0.414809811148502 -0.0917795635819764 0.0247626884162024 -0.00893512756971939
-0.385905126986887 0.0682274548724259 0.166169161186734 0.0309480715904269
-0.327535709324816 0.0974220655458702 0.221092172024625 0.0031682624673918
-0.294506343973277 0.1193951054064 0.227814940891797 0.010420532606672
-0.330243961588776 0.0469198422580725 0.235682638161445 0.0847047590958613
-0.307257430673368 -0.0525709449672572 0.188598288502833 0.186076207070828
-0.312365284401399 -0.179575143233471 -0.00233434614851199 0.215063204660789
-0.209489899695221 -0.315783778605096 -0.129657010775287 0.0962366661069039
0.0196180248461791 -0.386998841658709 -0.225360135554032 -0.0541604602613141
0.176346565185074 -0.429992849240611 -0.0747847912223923 -0.113239540057993
0.297336534364635 -0.481293963025689 0.0385864851834945 -0.0256889381772521
0.126983514178084 -0.539585639672197 0.141747865643316 0.355318543253101
-0.106138369309289 -0.467870349818867 0.498172069680975 -0.0435673857244429
-0.235831401238683 -0.351836819449171 0.198338209918599 -0.356113991822339
-0.338984758803125 -0.265124896467953 -0.113085438961522 -0.217801655800174
-0.41922950066033 -0.115542264051627 -0.109695479386473 -0.0312076780563518
-0.422536557547276 0.0462422153128403 0.015892182495753 0.0418185199264092
-0.378541094202756 0.0808567854080346 0.0709699822459203 0.0457217293431662
-0.360573510737166 0.113235340686992 0.0984616414055251 0.0581575499008177
-0.409814660019895 0.028142229657615 0.138028955433841 0.120335134509546
-0.37212392757234 -0.0844817124574645 0.127760711157513 0.200218858667981
-0.36775212680473 -0.203185745171965 -0.0300120513989186 0.236249893539716
-0.288948229300339 -0.355362161351786 -0.14690220025936 0.129121017150569
-0.0417116460034415 -0.496998389505688 -0.229851263439845 0.00798346169487487
0.191942572807904 -0.559674094057882 -0.138062408443873 0.0217232860829716
0.264900693171788 -0.470322880316247 -0.0498997294096957 0.130964264958595
0.0487967725460667 -0.477616810006819 0.152361784127347 0.390044517823799
-0.145034454907495 -0.336161350156263 0.420915703432497 -0.0714974402698988
-0.166794120940047 -0.21722376724931 0.126625668791634 -0.33900102766563
-0.239971296404389 -0.215101080076927 -0.17584739264333 -0.224416661088937
-0.353765674027576 -0.118404758700306 -0.216213423641776 -0.0449086611420042
-0.393791232378838 0.0182840736934589 -0.127868951784827 0.0471868159620575
-0.37305641122593 0.0497175014437409 -0.0892524742713572 0.0831364036414758
-0.377629214734935 0.0799074211993909 -0.0531750222221972 0.10404342571715
-0.424608347876601 -0.0131484727879592 0.0049640279471184 0.149775718775702
-0.36528344515089 -0.121229668496863 0.0266458002503019 0.200520431684398
-0.346292304236977 -0.208241018125088 -0.0835113133557413 0.239880993775019
-0.307304892466511 -0.353535524488581 -0.172723690696649 0.154523910182826
-0.0745200066655478 -0.542297891636887 -0.226443995489155 0.0677051836192319
0.200836938492019 -0.604847267672786 -0.18887085336287 0.172505515382856
0.187800808704877 -0.397263867242107 -0.114356071462918 0.246596676840772
-0.0404433112722688 -0.344806181508373 0.165793033073708 0.357786503472263
-0.144844391104678 -0.163541526102734 0.310311896915158 -0.0931119038623248
-0.0649620446377836 -0.0829546719478446 0.0616974454996114 -0.280609337576937
-0.118749184146758 -0.154505783050071 -0.196703649205269 -0.202379118151763
-0.250559841418054 -0.10584206031268 -0.280132011235886 -0.0505262927761849
-0.31209500100483 -0.0113017390463486 -0.247854444315201 0.0496257924523886
-0.313066696982123 0.0109636403266137 -0.238131187577259 0.110125750181309
-0.330333447997595 0.0271745808173281 -0.206876579061534 0.130708618309733
-0.354438555985368 -0.0655515631711381 -0.139255991664685 0.148322503405363
-0.268506252484825 -0.143001671746503 -0.0873004053143134 0.167974147014771
-0.242631993753678 -0.173355780188486 -0.145253320241551 0.216468071519395
-0.263971926930735 -0.294315566438143 -0.208940441037292 0.164662757887056
-0.0714344253905033 -0.499650084510651 -0.226248578468022 0.10508523636444
0.198837325465766 -0.547799576957485 -0.231610555533076 0.308547786912662
0.0948723701190326 -0.274299570609673 -0.145667383723564 0.312974049036216
-0.104748019825895 -0.187287730574177 0.172672530476502 0.29317221874699
-0.111494485539189 -0.0156362180849646 0.210727437360785 -0.0919111763600704
0.0286933684791043 0.00886001197232161 0.0270646982846419 -0.212683624363056
-0.0149459378019243 -0.10275670522833 -0.189827638320426 -0.179201435208304
-0.137832485697361 -0.0913007322546811 -0.308615939588005 -0.0537811447743247
-0.196693902403309 -0.0406403337445014 -0.332121667726441 0.0504261969952348
-0.2041233385233 -0.0288530634103912 -0.352077487588205 0.121613977015694
-0.21612617085666 -0.0307046223029584 -0.333327473865084 0.125718229531337
-0.202294451004009 -0.0977869068633286 -0.256789006669762 0.106693614507301
-0.108331030532899 -0.115407797265337 -0.171976132744707 0.104885526438058
-0.102466632510971 -0.0738401756826202 -0.191370843747731 0.178177914910241
-0.188946235013486 -0.175377668828437 -0.257828928544625 0.158962568592032
-0.056437105400559 -0.366695176220023 -0.234114398811366 0.0985618873075436
0.164776363766195 -0.391206387174688 -0.260177628286354 0.400122810123216
0.0347286894019284 0.139161963284209 -0.0261102309291289 -0.506726020209345
0.143578464688382 0.0810301846901302 0.122184675049402 -0.125725220336362
0.10317250570213 -0.0776302490371612 0.243038940225874 -0.235816090145867
-0.0571975979272027 -0.0804237327788378 0.0811193915367743 -0.246534068765243
-0.0535828462154846 0.0469246053497704 0.122539422750323 -0.124229274240473
0.0366836721334776 0.0493493471303987 0.249074851885033 -0.14195985232312
0.0713831812964684 0.0262019050176554 0.337437117670205 -0.220647516273875
0.0660105036603006 0.0301771719436297 0.333168308043383 -0.280121857338835
0.0717762485716903 0.0311079821355666 0.324696200005798 -0.223763520405404
0.0453710954578694 0.0627136494018157 0.304051058022883 -0.106205397334431
-0.027050578916925 0.0799121936061577 0.248028415275402 0.0375621238622794
-0.113056142074745 -0.0129368172176902 0.0916050753337009 0.143538255289097
-0.00539662209533336 -0.111518258050131 -0.0721656642392078 0.11423261453384
0.127971804871508 0.0061843707819386 -0.225149514319636 -0.0732703850080318
0.0702006259782134 0.120316847710397 0.01609722608393 -0.323383957356388
0.0311420410744859 -0.102798767765159 0.0031119647162265 -0.507447306745245
0.0628363429467528 -0.138448157121367 0.150028784318389 -0.0589016110368251
-0.0274650237026694 -0.223407216655563 0.32086051547627 -0.24716285900281
-0.207485088690566 -0.175290116988658 0.0876459745802441 -0.294590919422823
-0.239612250649692 0.00486866800440779 0.0838868108339723 -0.110315702396051
-0.152888082808589 0.0890505617969923 0.226621611382577 -0.0973007485446837
-0.0798443218248464 0.121156665168836 0.336182270488408 -0.179490682836959
-0.0591679867549243 0.116158665721504 0.33723840659036 -0.253031934554145
-0.0352848146365175 0.106400475584526 0.320567193588868 -0.211901765418683
-0.0667583755193382 0.0960842678490916 0.305367249232463 -0.100267055720367
-0.111774382279232 0.0668449041821891 0.255998871299933 0.0449739752343161
-0.183043433245437 -0.0287120372483479 0.0846081140214032 0.14168144534964
-0.0978389238124085 -0.155303768745525 -0.0659476076366074 0.0986824177133202
0.0676343007190476 -0.133483617514967 -0.220114570688481 -0.0364791174235023
0.063431526115359 -0.0926412239106929 -0.0336042885077378 -0.273381327545474
0.0516806618393333 -0.326335793854206 0.024219652605837 -0.417040995268364
0.00195454866596754 -0.358652383712731 0.188531348590452 0.0458257114865756
-0.147160694545463 -0.360916734894727 0.390627009266831 -0.252723759107736
-0.328286868078715 -0.253772248311207 0.0807789166611293 -0.356133888181363
-0.383721011584477 -0.0516931147275145 -0.00107736230748441 -0.120088788027781
-0.317399360347235 0.0981887346756526 0.140273872377538 -0.0530208008508009
-0.220767182113015 0.189326932186522 0.26932357704307 -0.116218402559153
-0.176183876772218 0.184880206878639 0.288622593466946 -0.189134353318877
-0.135614322979305 0.178394878172173 0.280440465153214 -0.171821111038881
-0.179737746627899 0.14025433150648 0.289582847269189 -0.0808303666692998
-0.208613358956045 0.0690465108346367 0.264975596697207 0.0517811133136613
-0.268417443134543 -0.0320887714767254 0.0913422922741458 0.15331917814876
-0.209934891135427 -0.18519758062801 -0.0668050551864786 0.108043087993206
-0.030733037477774 -0.260820761092433 -0.220185692756041 0.00257118892207519
0.0239291774841096 -0.301289150145401 -0.0742994583413389 -0.185841520870304
0.0765214380464265 -0.48824528868593 0.0266337172780137 -0.253861958653418
-0.0468274757651932 -0.513864474840785 0.233880676646822 0.164244882149091
-0.243994392989015 -0.427977132200959 0.42657948353697 -0.258596763476075
-0.39095382260941 -0.270905374061653 0.0506919476203758 -0.405681370297508
-0.45170047704163 -0.0889349818329884 -0.11196018640906 -0.136988510196894
-0.417477372489918 0.0901449172192045 0.0115185049601779 -0.012580422217029
-0.322216847322407 0.222628573709207 0.155165561103267 -0.0417153981560958
-0.267861685059388 0.226635070008434 0.198069677271015 -0.100097279556567
-0.222295848077484 0.233812243210266 0.20950582973512 -0.0983493124533571
-0.285173868473627 0.184279900590508 0.247284185891187 -0.0364309418962524
-0.309831257879439 0.0810209248146746 0.254643100464471 0.0693870059498045
-0.361484020742667 -0.0249985802674066 0.095775571490457 0.174291550451361
-0.329943889859151 -0.202902455592861 -0.0667943771767264 0.135086893833975
-0.15154529320753 -0.369187874989788 -0.210697929547134 0.0495303628292763
-0.0324967852529015 -0.483365048449913 -0.0930238390320308 -0.0595060308796881
0.080542698757344 -0.558305483565973 0.0138487320422681 -0.0571360697750869
-0.0976109975053417 -0.543262194791811 0.275412321847427 0.255567480457694
-0.288435118782954 -0.384429066775427 0.40581923464934 -0.259027583421891
-0.359793085363681 -0.217628633748294 -0.00110340428521328 -0.414357330513194
-0.419992174580358 -0.0975264073983622 -0.213334654490848 -0.13933590518409
-0.432704813914804 0.0725963930080788 -0.121388426324617 0.0256650826642251
-0.366992034979897 0.219986123201004 0.0201599876101393 0.0340657562731743
-0.321970555127987 0.234625484230498 0.0796781020106243 0.00483784283406063
-0.287365475838028 0.256238372571257 0.112400221415135 0.0022292064145863
-0.368078940393371 0.202488896706691 0.173225548183837 0.0371693206690102
-0.385090629124428 0.0802080191991947 0.206163454911856 0.105655271325573
-0.423503087369332 -0.0240746290594816 0.079298173973404 0.201743349014556
-0.42000851957394 -0.206888699020085 -0.0675607060908384 0.168768776323291
-0.254932157578838 -0.443099204241483 -0.185212586651444 0.103329969562602
-0.0776727286876057 -0.611042941560441 -0.0874643042246336 0.093720132925869
0.0564195587276892 -0.534927915874033 -0.00276266759605609 0.125530737626492
-0.144194779823898 -0.45491780544343 0.300211597763119 0.283450679099976
-0.268847914841372 -0.2473983723238 0.328111828656884 -0.246890719343214
-0.24123770349006 -0.125484049970128 -0.0510864464525266 -0.366269513362671
-0.307622813876453 -0.0919525899359112 -0.269308671313592 -0.120685603435494
-0.372652754410119 0.0465114325713096 -0.223190030004455 0.0588108762220549
-0.351793050659601 0.183940340069949 -0.110176374058316 0.102041183738857
-0.330008046258999 0.203559697767819 -0.0496785621260625 0.110552800182786
-0.317372079090634 0.234131193400303 -0.00540660529749414 0.111690295848751
-0.401099065965763 0.172948935264383 0.0657316161293862 0.122465642112885
-0.395526504270858 0.0420163837835627 0.114497718456448 0.151178737250662
-0.406954585530102 -0.0396117207104318 0.0328226850496752 0.229030876461067
-0.436804592232276 -0.196443120674749 -0.0802394769445547 0.201247550027741
-0.305281475817852 -0.46853391066905 -0.155064543181106 0.154587092879227
-0.0904866367617079 -0.657062636284809 -0.0688394872223171 0.25451740859807
0.0159631695459896 -0.437833141458054 -0.0119553592472305 0.262845229401313
-0.17270074478753 -0.296479322909947 0.298581243923781 0.251579799803706
-0.198495766687614 -0.0883843840606678 0.226573411120235 -0.21573366988559
-0.0950501174998778 -0.0484873994606043 -0.0766148332321203 -0.284778643727972
-0.173673765349199 -0.0867714293356931 -0.275885958781269 -0.0950851225641623
-0.273314778612295 0.0145462979654196 -0.282779894177445 0.0805737820264261
-0.289773544470105 0.124581074797259 -0.216033138345807 0.156549787687967
-0.289535177068786 0.144528021829042 -0.17211010768284 0.201971938482447
-0.296803676322305 0.165893165617731 -0.132486779752592 0.205170289020964
-0.359424564962963 0.0942335804735905 -0.0644683486600851 0.186631262495443
-0.31587790951591 -0.0191103854713443 -0.00251977552516777 0.175619858449921
-0.298331050854829 -0.0540629754285352 -0.0326065172854566 0.242250943527372
-0.371612412708653 -0.160596058043999 -0.108906661443963 0.22808270478385
-0.282232997507665 -0.428575364204352 -0.142294427049863 0.188253625789103
-0.0678623045693044 -0.6004727803448 -0.0537012343148515 0.397047763955112
-0.0209741132443783 -0.288809640458903 -0.0102075045259941 0.342916228180069
-0.167612178035198 -0.128175479882715 0.279190335210685 0.192448038835297
-0.107706719838213 0.0327765141734705 0.144395533428039 -0.172311138756067
0.0261330746359842 -0.00565916529763185 -0.0714673952628846 -0.208616321876841
-0.0589467714936105 -0.0834471745330221 -0.257837797862278 -0.07918409847616
-0.16433272147906 -0.0189864013860911 -0.309468248240977 0.0885408717480833
-0.198119958483426 0.0502391587876646 -0.29028639939755 0.193783034918368
-0.202813601988932 0.0624897958777351 -0.269499358785951 0.264221021301804
-0.216086578098604 0.0647523369336273 -0.247830028577809 0.259719713849916
-0.232588035692881 -0.000581788685944234 -0.187294664706216 0.205445806336769
-0.15445706891449 -0.0625654027717536 -0.108508161221684 0.163937490729495
-0.127535715597571 -0.0246648598050673 -0.0934467113869444 0.237544938108633
-0.251815807080187 -0.0812372720757458 -0.15811571394961 0.246636966749221
-0.212124398805716 -0.311352644671399 -0.159579226628722 0.187105526162395
-0.0296332911439407 -0.437707158836329 -0.0497825188740754 0.490229516102371
0.0420128338450182 0.139377032709553 -0.0393044763741122 -0.516789408701491
0.150679408654909 0.0760567099610159 0.128004568702587 -0.136683174545175
0.100400722383019 -0.0832179879527314 0.241127036893722 -0.250861361384459
-0.063055998870083 -0.0770048490582029 0.071606119602701 -0.251947309061565
-0.0498215332821007 0.0512310808376263 0.120943302372605 -0.129519754523854
0.0409312896913756 0.047219718306738 0.251549379474596 -0.153083509902416
0.074155847038591 0.0211827633787614 0.339419693796399 -0.239405891313359
0.070471528814321 0.0272302788038619 0.332004150771962 -0.299245312887399
0.0736056322531818 0.0285577358409765 0.325989586832645 -0.241697700030611
0.0494426927031805 0.0611626482178205 0.308056478656763 -0.120045852409087
-0.0215355550042303 0.0817903433157153 0.256435972171756 0.0300062250863449
-0.115633372513388 -0.00671834461281417 0.100305004935033 0.145647878786364
-0.00994875652209651 -0.112036119291227 -0.0712741185945651 0.120808118677943
0.131307786340236 -0.00280438826680523 -0.23206949281459 -0.0630047881025437
0.0762184617509262 0.117338004248577 0.00703127345887229 -0.334860897779699
0.0312929349763127 -0.107627985384923 -0.0106232228839554 -0.518936908821156
0.0636155176839147 -0.146170170028973 0.158560373485697 -0.0686640666138451
-0.0359860840618617 -0.228947034201779 0.318861136778201 -0.265519536432259
-0.218761109141065 -0.171598290601279 0.0765752060852439 -0.300531300019378
-0.241778044063776 0.0135411610018534 0.0841036679822574 -0.114855621084039
-0.152136850759214 0.0940985155520188 0.231218687651028 -0.107169980140516
-0.0781885535719375 0.124422991577687 0.339648820874009 -0.19980788292742
-0.0564447352068669 0.119218641856473 0.336285614486051 -0.272362291123901
-0.0336257192554189 0.108662058502635 0.322242082292443 -0.2301036497317
-0.0651225470099399 0.0990498628261907 0.310547896431337 -0.114622117426373
-0.109932428454612 0.0706897080365251 0.265984648730747 0.036226802446644
-0.187044248880628 -0.0213814987888991 0.09357620983124 0.144574707352702
-0.10425176495424 -0.152520003070356 -0.0671128593817551 0.104993492323479
0.0660145713524869 -0.142246916099409 -0.226208603179743 -0.0262930126947975
0.0635233624552075 -0.097741751030361 -0.0405169985069041 -0.28224808530167
0.0454335717363051 -0.336783269840204 0.0135551940260076 -0.424760122063804
-0.00496133354223414 -0.370383356867342 0.201636233547099 0.0391273505359232
-0.161509479611472 -0.364621663165893 0.390050853474163 -0.274144521424439
-0.342306640873154 -0.249794415190425 0.0671504799833453 -0.362758293097947
-0.391230293918171 -0.0412644875543439 -0.0020016372550078 -0.122126262858371
-0.321766505634022 0.108447517269578 0.144510595959584 -0.0606934316090265
-0.22103236831962 0.200179596284593 0.273427156621657 -0.13316074187026
-0.174734985933606 0.19450233141246 0.287674510384846 -0.206783172478662
-0.133599860366782 0.185828116280196 0.282370136164857 -0.187798640224679
-0.179472849086202 0.148373228747433 0.295277381461893 -0.0947127803610256
-0.210617370991545 0.075980511760807 0.275922949949737 0.0413936098717498
-0.274767771123047 -0.0238172826260482 0.102160423580994 0.156935954317761
-0.218453931211384 -0.180187854176354 -0.0682180768958772 0.116222813975192
-0.0376418926532067 -0.268302928305524 -0.226250645502481 0.0122119238405098
0.0167435989067518 -0.308574676368092 -0.0790962395712227 -0.190380131121616
0.0645624477356372 -0.501128508702311 0.0196838094377167 -0.257193883456724
-0.0592776645447627 -0.523501711617184 0.250564353855747 0.159031377373129
-0.258944638759183 -0.430219564795724 0.426525836891979 -0.279713736532105
-0.405426081193526 -0.268146590196363 0.0349842617689986 -0.414326828603464
-0.463902333472767 -0.078277443091104 -0.115267075905101 -0.136405436793571
-0.425448074722003 0.105826357054521 0.0139488615193749 -0.0153502552696365
-0.324917872983955 0.238571951109013 0.158084224317768 -0.0537369560193565
-0.267462946211881 0.240654350828972 0.197601065826342 -0.112227261037437
-0.222226598021151 0.245541673253071 0.211353312960224 -0.11031516396657
-0.287563696006017 0.198442822327951 0.25356941288858 -0.0476481895299023
-0.315069546849769 0.0917848691481873 0.265336269696066 0.0593646856556919
-0.371261212404282 -0.0152750148225951 0.108355953800481 0.178835337304687
-0.340337245467122 -0.194866003681911 -0.0674741090861204 0.144218276135557
-0.16348869328365 -0.374676592096954 -0.216220475147199 0.0592541338374045
-0.0461009372987079 -0.49201707930029 -0.0947902900681088 -0.0608032937164171
0.0657045770523972 -0.572762214292654 0.0120535530415525 -0.0559932422519466
-0.11177277433177 -0.551418619877145 0.294875036412661 0.251480849345073
-0.302288480693734 -0.382920261755987 0.403185608435017 -0.279195664049841
-0.371521642995503 -0.214292609994713 -0.0188372312697953 -0.421438715679983
-0.432859091260708 -0.0892630501848291 -0.220129487008074 -0.137138254323801
-0.441567204630591 0.0889340353270241 -0.121752773450227 0.0280432884975147
-0.369782809366128 0.239273518967368 0.0211790101216398 0.0282903904283867
-0.323695965857124 0.251243217639663 0.0793141252742977 -0.000323513190126281
-0.287912207324808 0.272164128284869 0.114809234537958 -0.00414789635591729
-0.372577841806571 0.221405524238205 0.180609901447683 0.0301730744505469
-0.393820337637543 0.0931209264374493 0.215690124037606 0.0984614831110832
-0.435602312938303 -0.0140014443479093 0.0926075803204662 0.208110780509278
-0.432724368191349 -0.199728894318705 -0.0672284666878755 0.179221794791503
-0.270587602073277 -0.44628203833013 -0.189940701401102 0.113018063987541
-0.0973804812146806 -0.620405813377503 -0.0850846311001461 0.0956951391461413
0.0394206979338969 -0.546806613512269 0.000512426231685132 0.130815455913772
-0.15765421440475 -0.458150740685573 0.318635050380685 0.279838930986804
-0.276021980664411 -0.240465043331774 0.324339200671982 -0.263949984384339
-0.248139090795395 -0.124835359782659 -0.0691285226547809 -0.372353854463834
-0.319621801605395 -0.0863960756427574 -0.278644935157056 -0.115719733221775
-0.381324108944462 0.0598129498922793 -0.225227194989594 0.0653072851320635
-0.355908502664173 0.202994642284441 -0.109760005489335 0.102828919163993
-0.333216320225767 0.222281460187097 -0.0500048586551809 0.112189649596373
-0.318876953532964 0.250684442871632 -0.00140771897643193 0.111894048841763
-0.407811970689933 0.192195801068843 0.0726482657481348 0.121360177393085
-0.406742080169359 0.0552315742316394 0.122707918096814 0.148667219686734
-0.420126049733912 -0.0326968975611007 0.0454220105923521 0.237831827617857
-0.448718454093696 -0.190238346127786 -0.0791070881898379 0.2124045811563
-0.321881287934175 -0.47046727912083 -0.160073217301346 0.163832811765546
-0.111260931658403 -0.667265328009793 -0.0625299986936372 0.259618880003268
-0.000588693565252037 -0.444786576052784 -0.0050869501688567 0.271115008673434
-0.182348424795214 -0.294077616829578 0.313489026483403 0.246474474950449
-0.201517122825459 -0.0796565036306151 0.221015434293026 -0.227982941054547
-0.097744161966054 -0.049880019769636 -0.0918732223093942 -0.289285802510885
-0.183139980788753 -0.0852235230654543 -0.285484924630694 -0.0888798969953472
-0.280895881496996 0.0258029258718801 -0.286313063716254 0.0906046696834455
-0.294472157704245 0.142117362977255 -0.217950790098723 0.163728001647109
-0.293344982260157 0.160299655450338 -0.172088344828164 0.210840093650367
-0.299522317123908 0.1810508757884 -0.12879399009328 0.212265700153828
-0.368009034131104 0.111758595733255 -0.0588123671690089 0.192084079606816
-0.327951911621679 -0.0113381441928991 0.00142739287060301 0.179139442401495
-0.307542855645351 -0.0509075908754404 -0.0219513111243439 0.252507203594562
-0.379684493063453 -0.15343924345631 -0.106746206773818 0.239754855538838
-0.299402368672517 -0.429354819382811 -0.146168994736041 0.198342774041272
-0.0885332593046744 -0.61013728542798 -0.0432224069050702 0.404916824340353
-0.0343740691734017 -0.29228832853645 0.00015587551617789 0.353173601887529
-0.172038449086671 -0.121704453900558 0.291390438142372 0.186675733508805
-0.104720422588948 0.0391495006761351 0.138031367540648 -0.181621386297552
0.0261906271531301 -0.00985786786976312 -0.0834940025464932 -0.212273422136879
-0.0657111447363064 -0.0846322045666525 -0.267751076966184 -0.0734157236449648
-0.169660683053154 -0.0106298537050491 -0.313723847218552 0.101688204226917
-0.202188310546891 0.0627508693112675 -0.293117948320809 0.206748536133295
-0.207643131425153 0.0742578276623069 -0.269328693451488 0.278580254918912
-0.220955125125865 0.075740365912573 -0.246058482169961 0.273474517418318
-0.241283180563325 0.0097889710344815 -0.185639161972078 0.216743490783442
-0.163598811007246 -0.0606773111270935 -0.108136626332661 0.17099152370173
-0.130672360273507 -0.0262889737138644 -0.0853026066461276 0.248119541451098
-0.257422740269077 -0.075160878221123 -0.15486940647258 0.258962636519457
-0.224137304267232 -0.31046191267274 -0.164063316359666 0.197768347675751
-0.0461732517065948 -0.444865758090669 -0.0372027755805153 0.500142262635582
0.0521887149136955 0.136217319494506 -0.0648933441540183 -0.518702324165536
0.157533102941394 0.0652863497034767 0.12776541092757 -0.150008738929092
0.093630187223197 -0.0897851011978695 0.227892283618155 -0.268596060576072
-0.0698224799359365 -0.0704963514928936 0.0555176783703487 -0.254759049364862
-0.0430339577131442 0.0564560084081034 0.113744833347978 -0.136006934267823
0.0454972273221824 0.0431968245253859 0.246782804229488 -0.169482975643314
0.0762770321381667 0.0144451019944381 0.330390237743007 -0.264944759751696
0.0741327927524557 0.0212457646794594 0.317685943579149 -0.322396368368817
0.0756418662689924 0.0227703217948498 0.316221917909865 -0.264767059164291
0.0549601782232193 0.0567389207637788 0.304155729655097 -0.140268193478456
-0.0140817431285666 0.0826532448168266 0.262475039611316 0.0147069551225173
-0.116356946967254 0.00285152335175972 0.112336496164177 0.141988600235488
-0.0169950949153725 -0.110388808593829 -0.0658146189434284 0.128635398382471
0.131727174942157 -0.014743385551826 -0.23554682410802 -0.0457439617601207
0.08385590398448 0.111233179382643 -0.0108658854610043 -0.342987523364583
0.0279791260377042 -0.111979521680364 -0.0368012100982538 -0.520409021295111
0.0590801411053696 -0.154349223713589 0.163442716044327 -0.0821757201815461
-0.0498420976010122 -0.22937321883546 0.305864046498714 -0.287133344133166
-0.230968406294472 -0.159043948764894 0.0562369831161449 -0.303473348716195
-0.24031114764191 0.0277893647032032 0.0801173293920167 -0.119217241547919
-0.147685969664915 0.10161036080005 0.229924663271416 -0.122485689679418
-0.0727225813364961 0.127571191851901 0.332467628099782 -0.225720644844142
-0.0492960648448239 0.121906975456847 0.323478023364822 -0.296476922172622
-0.0282901732680361 0.110185142085278 0.312437263991424 -0.253273230127459
-0.0594056471101883 0.102886445166329 0.308106557774689 -0.135264748878985
-0.104622253496623 0.0761087723787643 0.272853979472488 0.0186569954184585
-0.188989757723448 -0.00907082122813578 0.106275221351638 0.142586855818223
-0.11291017801246 -0.1460516368997 -0.0633236843218017 0.113111346981162
0.0591590155468529 -0.150319615134649 -0.228060658808576 -0.0094736301757763
0.0596384706322513 -0.103740432468291 -0.0551477894306417 -0.286831044078006
0.0288190529350128 -0.34254875816153 -0.00817649758786049 -0.427992153898492
-0.0208251461508586 -0.375194340635922 0.212812433084435 0.0240342017787193
-0.18036820662222 -0.35861520278491 0.378015665197578 -0.301292130448692
-0.359865930422277 -0.234050992357739 0.0433556439772198 -0.365948131503106
-0.396536326267323 -0.019174533143004 -0.00592929403869653 -0.122177130663659
-0.319189835826963 0.12627476799429 0.145157349991583 -0.0705355808658956
-0.212960668085728 0.212808865912549 0.2692245689888 -0.156354960366794
-0.165414328620517 0.205942921811187 0.277875569814511 -0.227981888905974
-0.125413702913204 0.19367575970542 0.273979762955736 -0.209518035781416
-0.172827334526701 0.160162213434143 0.294155140529561 -0.114909813037464
-0.207180215412632 0.0872149531357475 0.283584488761447 0.0230143937457318
-0.27825605391243 -0.00715871558620866 0.117269205179926 0.155589000962975
-0.227485893363616 -0.16712953020723 -0.0644999082739869 0.124968048199103
-0.0508276471351941 -0.271788928493079 -0.227596586307298 0.0281935345777374
7.72745658267973E-05 -0.311875152924401 -0.0883769915489209 -0.190940206345185
0.0375911635226302 -0.509193593685543 0.00666558612332597 -0.258646767252852
-0.0839857657678116 -0.525408355966539 0.268683188044772 0.144254946556454
-0.282023891154895 -0.419036765695368 0.414069035244236 -0.309237205857795
-0.422551611237909 -0.251789625691521 0.00726875041192783 -0.415773313812422
-0.47174397619174 -0.0538804680789879 -0.121545234005055 -0.131723219058365
-0.425005632369653 0.129603972512722 0.0154702650528531 -0.0184565898344723
-0.315718643646246 0.259920918267662 0.156706735738355 -0.0691881541486288
-0.257131039063307 0.260068828605319 0.191755217019158 -0.127746214220037
-0.210699669527366 0.260519526347723 0.207053121052424 -0.126692655157512
-0.279676873337071 0.217407634409526 0.255368341851573 -0.0663829419152018
-0.313725601148034 0.109309204613739 0.273146861506381 0.0414132486029119
-0.376469688141278 0.00507798026176512 0.125587810422841 0.177408866788122
-0.352350475584199 -0.17726251579589 -0.062484914956414 0.154587744488217
-0.182461270073874 -0.37083961558692 -0.217273417890738 0.0744372540803094
-0.0736726951200818 -0.491963577285811 -0.0968092736168863 -0.0597923890339782
0.0328011212541443 -0.578269647758967 0.00914026653916392 -0.0540953245304462
-0.140341636164133 -0.549360532676999 0.316662170010836 0.235936619935126
-0.321063851822924 -0.365394701164074 0.389619616133288 -0.307070928884428
-0.384037208987768 -0.199122388123166 -0.0470185713087249 -0.421857228999418
-0.441952411472558 -0.0669656487025588 -0.227392860403388 -0.126416096776647
-0.44195833145482 0.11445338469239 -0.119696401046088 0.0327172258642562
-0.361868107022663 0.264356496232727 0.0221523419322104 0.0213374143178996
-0.313867578248865 0.274020659225538 0.0779415073784173 -0.00769626849124499
-0.277069817596397 0.291383080389404 0.115564642229803 -0.0136080425532925
-0.36459401113605 0.247951434161216 0.186305928390318 0.016731765275385
-0.39564290512125 0.114299536299163 0.225008932677799 0.0848134733047044
-0.442246329118447 0.0085226146880918 0.11152797383612 0.208831890646628
-0.444741416974872 -0.17703581094002 -0.0609109114984741 0.190016110053034
-0.294764962450435 -0.437232999590614 -0.189909160298574 0.127128710577803
-0.130525871125373 -0.61806008881729 -0.0788049706383281 0.0973276595588565
0.00652238119669326 -0.549736925909173 0.00738243565810663 0.134515291008276
-0.179706041413636 -0.449559254842158 0.340905811898857 0.262683931077949
-0.286526321838324 -0.223366216020065 0.309446547251239 -0.284972871121741
-0.255122175907504 -0.115230117021864 -0.0954287699650313 -0.369488158303748
-0.329240595499343 -0.0707372673197156 -0.285964827918463 -0.102333825076699
-0.383034587310187 0.083863590542651 -0.222491496787335 0.076913465707564
-0.348827609900773 0.229314181134138 -0.106608394924791 0.105424715856623
-0.325906899230882 0.246080948787492 -0.0465129004095244 0.113857922756227
-0.309149890279151 0.272082798409401 0.00393918430838687 0.110924666702968
-0.402753367783696 0.221582337749265 0.0822019293913671 0.116141355902288
-0.411944485372578 0.0772436174496542 0.131769759944552 0.141082392324264
-0.428158345400725 -0.0127391842678118 0.0647639809294368 0.241248138873072
-0.458651955470483 -0.166856287859442 -0.0708312280220103 0.223432493217513
-0.347427603659317 -0.458282195476933 -0.157646645903966 0.17618719356365
-0.149818821707027 -0.6631109165594 -0.0474731739543058 0.261770309659206
-0.0288342656462821 -0.444510368986639 0.0102002915619491 0.275810368309055
-0.195534816605697 -0.281986859983748 0.331812218297604 0.229318847693789
-0.201199491118141 -0.0654878203640375 0.206435596027409 -0.243876161604602
-0.0999311245615248 -0.0480699191991388 -0.113639732084982 -0.285205998726143
-0.192657748447297 -0.077069458277166 -0.293379631136465 -0.0734464234381761
-0.282741606148142 0.0450896889473371 -0.282824835389332 0.106835725158207
-0.289907140085724 0.165917438068681 -0.212546528005897 0.175034823106951
-0.289067792586523 0.183665201884409 -0.164434186109566 0.221357391987779
-0.294382438146387 0.20119990539184 -0.118628103940876 0.220867022515964
-0.366884086040427 0.138481680335165 -0.0477663241010008 0.195929083552857
-0.336167539463282 0.00542914150206456 0.0102317153729284 0.180071115182607
-0.315850340615945 -0.0391332590827857 -0.00331818702134729 0.259490497457778
-0.389409471823159 -0.134442883380154 -0.0962467846355556 0.250599409459878
-0.323415856143589 -0.416804141146905 -0.142962865130435 0.210260783438667
-0.125011973912983 -0.608284916545659 -0.0208483270624314 0.408859960616727
-0.0547647092156777 -0.289160829397181 0.0197071431047421 0.357691222440155
-0.176857419390634 -0.110282703207977 0.304033836123468 0.17025415536067
-0.0987657349123936 0.0483502347868807 0.124829653834144 -0.190876217486171
0.0253097832454089 -0.0149681732250355 -0.100654569234562 -0.209378923235902
-0.0748035036228804 -0.0821616274146664 -0.275372209453053 -0.0576602374301545
-0.172349002594967 0.00197476623811732 -0.310508842411566 0.119993587513253
-0.200853799172803 0.081262053994265 -0.286237479442909 0.225215802533423
-0.207217902974212 0.0908882742979107 -0.258262558771484 0.297053829325992
-0.22006632562464 0.0914156956711637 -0.232059454126004 0.290369050152886
-0.245452932659758 0.0274777656310291 -0.17551754381261 0.229176894759318
-0.172172445573646 -0.0538043484290034 -0.102367346397204 0.178782119376419
-0.134185546502949 -0.0243046042086972 -0.0691372676905928 0.256736196943555
-0.260772860205715 -0.0609320890169351 -0.141940859340176 0.270661844538675
-0.240744939590296 -0.300231579917601 -0.162079658348514 0.211693819576007
-0.0732387334886296 -0.445728637445791 -0.0113892362510258 0.503999702194531
0.0599716693186226 0.12746857351636 -0.0915422443761587 -0.502249863881049
0.159299473648725 0.0512840588849647 0.121655557710339 -0.160182194249422
0.0837059339852624 -0.0935686424863357 0.206618165980557 -0.279798106010602
-0.0737381535544307 -0.0605714959227811 0.0362272119651082 -0.249329915942393
-0.0348807663367448 0.0592190440546876 0.102602665770968 -0.137011950947654
0.0482887361987052 0.0370994135994176 0.233403687745798 -0.180422362403558
0.0756207478479554 0.00629740435790917 0.308739107057766 -0.283577120944865
0.0755593743529108 0.0135959072994549 0.292429554144895 -0.336012933394722
0.0751969710117044 0.0162797010769606 0.292938684072197 -0.279828573117908
0.0577341911410099 0.0497770143651697 0.290013438757508 -0.15662275478445
-0.00621714228292145 0.0806265386626032 0.259403741397306 -0.00201681201841955
-0.112626370636854 0.0126068385327494 0.121133138989003 0.132928834186964
-0.024012376844395 -0.105555523325232 -0.0563557132566579 0.132307311043868
0.127116037906464 -0.0266357867721043 -0.231083841576158 -0.0258580908971804
0.0886008167147341 0.101751591636911 -0.031109142957581 -0.339222058049657
0.0222293323816132 -0.112901528250238 -0.0629960138562521 -0.506508453275331
0.0516947757357114 -0.15820281548566 0.161065707897139 -0.0940437437913903
-0.063465597380731 -0.222420475596467 0.282129979935672 -0.302252282619444
-0.236285093449498 -0.140286631487611 0.0345173684729611 -0.295696960238234
-0.230336744058562 0.0418646197149461 0.0719654372674263 -0.119854550721887
-0.138258663095576 0.105925686507878 0.220041067672124 -0.134729809551467
-0.0640474897117855 0.127257862604833 0.312624857513878 -0.245846807174231
-0.0403398393341572 0.120960062382707 0.298186778773949 -0.31191463308402
-0.021613470837887 0.108697576775393 0.290301933681197 -0.269837800313556
-0.0511151858703865 0.102530174399791 0.294513658709777 -0.153707886267261
-0.0962342515762215 0.0791167601462566 0.270029388189321 -0.000229134523160986
-0.184560449717345 0.00439630163198567 0.117056407763757 0.134601027990038
-0.11773339806146 -0.133768173625218 -0.0557323414092839 0.119196033579614
0.0484560840028372 -0.15391379569759 -0.222584048019084 0.00867195884487114
0.0523472923126275 -0.105463718389622 -0.0700706219175567 -0.28097101894348
0.0100814564495083 -0.33816972528379 -0.0313112139522599 -0.416167488118882
-0.0377883257318265 -0.36984254690256 0.216799075853267 0.00807576825002065
-0.196622912031267 -0.340867899792905 0.352466594572081 -0.31976232773831
-0.365021794806841 -0.208837420466428 0.0178271130888544 -0.356740435148749
-0.387700294759677 0.00301801667874009 -0.0107324094987833 -0.119782636416113
-0.306082146435959 0.142113816135439 0.140135902811034 -0.0793938587356083
-0.197170591532401 0.220578318803305 0.25390413394391 -0.174926989025399
-0.149341537910865 0.211336265742151 0.258014702228682 -0.242598689783295
-0.112600993884374 0.196367640556356 0.255423847420026 -0.223364424215136
-0.159424265598002 0.166679490304313 0.28269408198419 -0.133658168758181
-0.197662391758653 0.0955674698408058 0.280626393792494 0.00260813272375299
-0.272542933120713 0.0103020454619639 0.129233611938854 0.147185980712269
-0.229733563280127 -0.148953364960399 -0.0570621883235822 0.131483833704555
-0.0653860601304678 -0.265377425193954 -0.221100693128485 0.0449051960932343
-0.0167508983836459 -0.304199593421548 -0.0965838090340703 -0.185979855673055
0.00872039395166754 -0.500053882811341 -0.00815699538184642 -0.250329776564148
-0.109080638487904 -0.511396524811827 0.278115219939615 0.123193088394595
-0.297389623885824 -0.392092726379308 0.386236299113167 -0.328153557964614
-0.427492472852609 -0.223948519063606 -0.0208999032978022 -0.404479206857196
-0.466191642627296 -0.0268071745276855 -0.124212959403376 -0.1231523339063
-0.410751123136317 0.152141243500458 0.0156551575088708 -0.0211808283376491
-0.294264013913376 0.273569790849503 0.148552935781343 -0.0832251798679535
-0.237988010062515 0.27097145792555 0.178247417947403 -0.139368287580779
-0.193111603781474 0.266651583182027 0.194175818552207 -0.139095424875135
-0.261324360333763 0.232163158076056 0.247892795982474 -0.0828520065928434
-0.302005158579058 0.124083080852283 0.271673548815642 0.0203341419872768
-0.3693016617961 0.0275807158752745 0.139555423711681 0.168671576352524
-0.351956387932591 -0.152295880431484 -0.0533875050117702 0.160427246266787
-0.197955315971022 -0.354823952015777 -0.210149864182067 0.0889456561500741
-0.0991566168746179 -0.47553497188184 -0.0970831674807782 -0.0570898480380584
-0.00196597693336735 -0.565596959338852 0.00548567530818579 -0.0511333846507353
-0.163359846455325 -0.530374813281435 0.329487652544149 0.210248278535426
-0.330454204910108 -0.336491157154713 0.363374666929283 -0.32507224776235
-0.385620546921037 -0.17523049196273 -0.0747451511059086 -0.407193640229621
-0.439350996056322 -0.0417031916882689 -0.228019979736296 -0.111402059849791
-0.428358232834226 0.1386285947162 -0.113540477326593 0.0362703579970385
-0.338475517011641 0.283312475993788 0.021638831819555 0.0146706237135572
-0.293089517892397 0.290641967804706 0.0740139222436247 -0.0143501058314849
-0.255597772204596 0.301675506509771 0.111039873110764 -0.0225789487365868
-0.343608435633595 0.266417700871149 0.184952320239209 0.00191673847107796
-0.383859094578237 0.135122573404585 0.226738703251304 0.0665749755224589
-0.434819187350591 0.0328568094390226 0.128590548101511 0.200666384458089
-0.44258982881852 -0.148615550450118 -0.0509393040650236 0.195676961228867
-0.312016086526642 -0.412198091297251 -0.182543423921122 0.13812046735637
-0.161262830508561 -0.594916304114633 -0.0710489974968142 0.0953285229585347
-0.02654357210915 -0.53396450154779 0.0140412365321745 0.133223498468081
-0.198125210594267 -0.427402206980385 0.353061058431059 0.234991011378471
-0.287303344214638 -0.196537481027178 0.284361493151313 -0.298671453274777
-0.254795785271647 -0.101379379595422 -0.117921087850124 -0.353847834370312
-0.32867358406538 -0.0524816581229033 -0.284638089073587 -0.0837530792887181
-0.371435222847697 0.107307115738796 -0.212433424659434 0.0866918365077332
-0.327437098412786 0.249685244574969 -0.100198304095604 0.105994788101784
-0.306209020610772 0.26547870286685 -0.0412614661091586 0.113443909996537
-0.289007327568913 0.285812887595311 0.00943877688901562 0.106366656669524
-0.382577155608797 0.244055700344327 0.0885790255577365 0.105904062135231
-0.402976929711356 0.0994965782793777 0.137604348770215 0.129422947441664
-0.423285017727442 0.00958514497409247 0.084495662331676 0.235760952883088
-0.456986330353063 -0.138856723208402 -0.0579238016377347 0.228563001860116
-0.363639947157032 -0.428727112380648 -0.149229120054783 0.184014748594712
-0.185637387054987 -0.637254477323144 -0.0304327658718219 0.254898395911373
-0.0571659434685122 -0.428861943102142 0.0256697421827016 0.270737704074432
-0.203738576568065 -0.261336774597072 0.340380930861649 0.203963625444692
-0.194650980151826 -0.0492224243598633 0.184939431760167 -0.250610760808962
-0.0998629220114093 -0.0446130532855246 -0.131961572578296 -0.270791801544667
-0.195704774205362 -0.0653665226729423 -0.291573625192944 -0.0549604554809135
-0.275748633251418 0.0636722976499572 -0.270093837323025 0.120905336634412
-0.27352071867525 0.185515799404356 -0.200028373586087 0.18249793882225
-0.273899898322555 0.201500406092121 -0.149348447017663 0.226584086601638
-0.278151732714727 0.21730077184247 -0.103620204816414 0.222446805181822
-0.352846482868217 0.16164923780147 -0.0344220631271527 0.193582059165418
-0.332776816783748 0.0250283857562939 0.0199410081214045 0.175794584918822
-0.314066127994623 -0.0242579426278114 0.016821597744442 0.256372645140224
-0.38523697306224 -0.11077468983621 -0.0814039097274042 0.25509699897095
-0.337241492619371 -0.389336660448633 -0.133619672244888 0.217611961980575
-0.157818409269711 -0.585712466399823 0.00254097202912686 0.397617266642833
-0.0735757741687454 -0.27546066058066 0.0406814681987778 0.35022894660468
-0.176163523412106 -0.0944038606349235 0.308689356749842 0.147141318784204
-0.0881040540865085 0.0539804218679951 0.107706172796764 -0.194285171454775
0.0228966354459332 -0.0189124833101481 -0.114838556587305 -0.197764509309363
-0.0814431581291981 -0.0765662674349898 -0.273788218434581 -0.0389162352668824
-0.168889815564294 0.0153712843590773 -0.297121453590042 0.136233467984942
-0.191101983738219 0.0972621005911839 -0.268216798106657 0.238287571958769
-0.198613612165692 0.10644617805039 -0.236276288592233 0.307098900244006
-0.211911952583593 0.105237992904061 -0.209876097094573 0.298801094747266
-0.240450739257151 0.0454928498644004 -0.158004625753646 0.235309475486299
-0.175883676121867 -0.0435786354806129 -0.0920480709236271 0.181547675793857
-0.134526775850891 -0.021102120379359 -0.0478795593314551 0.255929666352935
-0.255547261237406 -0.0442545129393294 -0.123008202390176 0.275505404381793
-0.251622593041069 -0.279066603781394 -0.152585306371134 0.220502921589288
-0.0998316887436001 -0.429955594769721 0.0180070266418 0.492969527641584
0.0632517713659888 0.118309106298449 -0.10382044371888 -0.474915690972288
0.155507524315802 0.0395750578632319 0.11521777328883 -0.162452620377293
0.0740593868093844 -0.0920625250364114 0.187424527557717 -0.278189620141489
-0.0730729714996704 -0.0514917143374541 0.023372596672372 -0.236616618902555
-0.0271442677888074 0.0587865582870518 0.0922824087822048 -0.131533267015071
0.0485985697340407 0.0317635693131617 0.218350549797576 -0.182268508548588
0.0720492762012806 0.000933429547145951 0.285547872646969 -0.287407760551983
0.0742484174962558 0.00714227049278268 0.267716190683291 -0.335099382635659
0.0727688564956272 0.0115968525494892 0.270458687245899 -0.279881094504922
0.0579242149401508 0.0433201127433976 0.272786243195085 -0.162113957671048
-0.000255090389603839 0.0758087480147117 0.249776950203879 -0.013461169555421
-0.106208053263674 0.0186952363339878 0.124020568167648 0.122620429489537
-0.0278842211796208 -0.0992426763744531 -0.0482691898687956 0.131952761817922
0.118799474095045 -0.0339963990242752 -0.218864142070188 -0.0128393118047241
0.088979821824104 0.0917122804319055 -0.0430871046039537 -0.326713181693059
0.0185607793909479 -0.110211999869172 -0.0767480258278407 -0.479505022670032
0.0464041861292912 -0.157886748869867 0.157778921872117 -0.100999317124454
-0.0695422051517859 -0.210877170657249 0.258827794836307 -0.302685484125936
-0.232907441214287 -0.124475803818453 0.0193393772504528 -0.279793733388326
-0.216744477496795 0.0480387574928755 0.0653970058400506 -0.116200923980007
-0.128977169424443 0.104968354855687 0.207873872082256 -0.138261755157651
-0.0571936261379857 0.12270131025251 0.290342435047296 -0.252539069355059
-0.0334795292870958 0.115435337775279 0.273421271958192 -0.313417754946165
-0.017101040643574 0.103115398337911 0.267314587719056 -0.271553779719768
-0.0452405299850037 0.0988250991938576 0.276410328497017 -0.160120474173735
-0.0884658534860487 0.0780108912147783 0.260301330379191 -0.0118983837209826
-0.175402564024313 0.0132974597432088 0.121349529722778 0.125476401599031
-0.116434336182362 -0.123237913069796 -0.0493518892806596 0.120119698904512
0.0402113581325864 -0.15195502597936 -0.210184451052217 0.0195924607154817
0.0477731485514171 -0.103560475226374 -0.0772017217652246 -0.270608949576551
-0.000944223410347566 -0.323593246674547 -0.0435320807468476 -0.395668805365231
-0.0465264563150561 -0.356497345284692 0.214435866702966 -0.0040160742374557
-0.199882836044904 -0.319888603984995 0.324756335790606 -0.3214605885535
-0.35731300499661 -0.187861470059986 0.0012174887180434 -0.337791855888878
-0.371796990918824 0.0149977062796512 -0.0131023193573299 -0.113834591331755
-0.289759616630136 0.146650055791131 0.132890955822575 -0.0833722059196314
-0.181780087358512 0.218069058575369 0.236420514658266 -0.182505614582036
-0.136179213985002 0.207498467631811 0.237646473529625 -0.245996946040206
-0.101539496994589 0.191657460503169 0.2358548066737 -0.226501275980523
-0.147186226890143 0.165384109645178 0.266440365604509 -0.141389035685752
-0.186521375967661 0.0978236320605835 0.27071560690837 -0.0110615761328895
-0.259865589301488 0.021023073959431 0.134806532254712 0.137429110906352
-0.224013975991172 -0.133706346625105 -0.0500638518278208 0.133583246512517
-0.0716519347267561 -0.254044452600625 -0.209515999898128 0.0541134990111413
-0.0248159378102336 -0.289792316972237 -0.0988837960431163 -0.179436572986595
-0.00909117188655749 -0.477833002618734 -0.0161670079747066 -0.237392787208615
-0.119357896436141 -0.488378934769377 0.277364237216495 0.104574339335776
-0.295013692193186 -0.364458986086034 0.35843529761208 -0.333534898631934
-0.416960002884273 -0.20117089349753 -0.0369950491244151 -0.382274956149837
-0.44783400132666 -0.0115507960440145 -0.121408934680028 -0.113956493402749
-0.389676063346105 0.16035981082626 0.0157569091157711 -0.0233900182947119
-0.272735069942343 0.274176988257323 0.137981175103849 -0.0900801344143322
-0.21834078877716 0.269126228812085 0.164934647517072 -0.142281602350352
-0.176327705972047 0.262373204505172 0.180174976172638 -0.142472271850964
-0.243174922951346 0.232499840859187 0.23650128510689 -0.0926899671946802
-0.287581415898264 0.129231788294762 0.262954629668034 0.00731627935797112
-0.354121473139404 0.0396805008357508 0.146919091109528 0.157786880620665
-0.340720277071119 -0.133136740575662 -0.0459824244920006 0.16193959819209
-0.201143939203994 -0.335210109061815 -0.199334012079027 0.0960627006254691
-0.109811812034405 -0.44904601322976 -0.0942019017404969 -0.0558139113157984
-0.0212425487345176 -0.538959996090293 0.00316080766744602 -0.0470535820083731
-0.171242135558192 -0.501845138300955 0.328378865070696 0.186255995386172
-0.323136622148933 -0.308628487882939 0.336375595443293 -0.327659147782266
-0.374966867642777 -0.159119529095951 -0.089502498827531 -0.383475146467011
-0.423747930829631 -0.0258443218030633 -0.220708392937922 -0.0998718667257307
-0.407525068340109 0.149853239194512 -0.106676961811525 0.0367873416779796
-0.314222734205462 0.286843435884247 0.0194438408616242 0.00843267181988795
-0.270644652086173 0.291464555434444 0.0687235354557551 -0.0185666323632421
-0.235200563012794 0.298976102399073 0.104703162273307 -0.0276138897524932
-0.32039628354682 0.27065165672036 0.178780877336796 -0.00826810350392666
-0.366268632114717 0.143413275160466 0.220939675466232 0.0533999319437077
-0.41834427503292 0.0460598549786704 0.137624030168334 0.188791699852314
-0.427519986371615 -0.126278515282421 -0.0417646906643186 0.195872598749621
-0.31127278124182 -0.386382231591905 -0.172600256330447 0.142188266057612
-0.17612141128227 -0.560587019436605 -0.0640070670583595 0.0890775012061693
-0.0457797028596217 -0.507551458039869 0.0182795041659154 0.129005861303763
-0.201293165228377 -0.399752734846593 0.350313608323168 0.210919133786228
-0.276630956058109 -0.177282088700679 0.260350738958428 -0.297059570616966
-0.246385034597092 -0.091764471437959 -0.129870393319391 -0.331982972927968
-0.319684661191718 -0.0399470020653802 -0.275105596447566 -0.0703697653298506
-0.354166908721104 0.117606485956325 -0.200397196139417 0.0881141416820905
-0.304050082239257 0.255265882723673 -0.0944546487086114 0.101680000528803
-0.284533471843151 0.270055626516981 -0.0364745872335203 0.109713184874613
-0.26907007603777 0.286734791368127 0.0120675279384065 0.100410510964904
-0.357904511177379 0.251825154883653 0.0901744854064774 0.0949972996661935
-0.387311072378997 0.109299333381968 0.137791252547216 0.117841739772707
-0.408754784404694 0.021389808208934 0.0963866248675336 0.223960435673659
-0.439531414806085 -0.118050618925165 -0.0487556971700029 0.226907220836821
-0.361163591836497 -0.399902307013224 -0.140679325945623 0.185169568212717
-0.197725566072199 -0.601105073505174 -0.0210731978784023 0.240418111238351
-0.072311758555444 -0.403897651778999 0.033580992629399 0.259475941612963
-0.201038930817603 -0.240692368934554 0.335674677357416 0.181003513501099
-0.181664632881713 -0.0384697338677313 0.166090957101092 -0.246908580447773
-0.096540027771479 -0.0425588109901523 -0.139249240592792 -0.252674700538442
-0.193381016277599 -0.0566925505835268 -0.281110741980954 -0.0423526675571693
-0.262409030270648 0.0742133018413692 -0.254218366451121 0.123656823151198
-0.253627310913685 0.192622902808674 -0.186419075427749 0.181324128376376
-0.256325539382031 0.208141538593445 -0.136054522024073 0.223268777903626
-0.260233802805465 0.221232316983023 -0.0919324323197501 0.216649240831731
-0.333858760502781 0.171807036991388 -0.0256670704367491 0.185110808368371
-0.323303230799713 0.0364567422071136 0.0251928673324781 0.168075437909523
-0.305212358490369 -0.0152558592384767 0.0311486199543163 0.245775732343101
-0.369163683059442 -0.0934775179855682 -0.0698750962171384 0.251476740651128
-0.334592222981874 -0.362328176154589 -0.125217634190586 0.21727602637924
-0.172540730400092 -0.552114695606633 0.0161499347667682 0.37680679778196
-0.0829933411748764 -0.257183165549879 0.0522384257691805 0.335041738736954
-0.16926489166218 -0.0822667137207675 0.301520258162424 0.126894223392996
-0.076937449243276 0.0552605570414291 0.0939347742259689 -0.189500822956902
0.0208503596348276 -0.0225255595955979 -0.120499218796045 -0.184614069818583
-0.0842719270744462 -0.0705271273110459 -0.264251705513746 -0.0268998747559269
-0.16133349682385 0.0247550207110665 -0.278830916041708 0.141729672832667
-0.177990200665198 0.105524756280439 -0.249170176129432 0.239147161697731
-0.187474329179057 0.114028439926077 -0.216541236250744 0.305235815146428
-0.200725284487373 0.112255399895299 -0.190098483569432 0.294450084069217
-0.230652074222429 0.055670599665041 -0.143186654318487 0.231513793728645
-0.174508111612767 -0.0361974569713478 -0.082525410123731 0.179029814569382
-0.131685409045881 -0.0195627359940381 -0.0328321819199722 0.246594999559342
-0.243315012180619 -0.0325953360926658 -0.107331672029789 0.269928445980905
-0.248312652033661 -0.258527578217143 -0.14390366827059 0.221139328125564
-0.113819624918614 -0.405444749135795 0.0319229472558611 0.467418859121357
0.0511539359329936 0.121633572127992 -0.0666469256806049 -0.461860750343915
0.146531828127094 0.0445661404185423 0.1232822048944 -0.159440464939694
0.0708313519808716 -0.0858792178463745 0.186446366316906 -0.261410018984502
-0.0694231646403058 -0.04801259227966 0.0267204327753315 -0.220150083373386
-0.0278230501884474 0.0547557705868751 0.0950477845522846 -0.115392869692018
0.0448483387630219 0.029679208424657 0.217150183734755 -0.16539134292731
0.0713113640776491 -0.000821090717877058 0.283607395035315 -0.270596414728888
0.074276628863775 0.00695501214539802 0.266229313422819 -0.316056478259933
0.0727060053470276 0.00995950633950174 0.267712571730726 -0.26206948126878
0.057113385966944 0.0402539450645179 0.266065129372532 -0.148444708599459
0.000256297065892705 0.0715558458555142 0.237674282910264 -0.00494900668752816
-0.0991209213921544 0.01797403366534 0.112369286591376 0.119704457358065
-0.0247883879431438 -0.0945375803617888 -0.0486334491186283 0.124252759229443
0.110340199281585 -0.033262706240754 -0.204561086198239 -0.0153801142995869
0.0820704651112873 0.0858518312648224 -0.0263589578386517 -0.313344180152519
0.0224206004447255 -0.103464051333143 -0.0512721382224275 -0.46605557133067
0.0543210111395883 -0.155072315899597 0.156452862343703 -0.0947404374998618
-0.059187337930048 -0.211052464911199 0.251484139489935 -0.275528320570373
-0.217526066031082 -0.127872586230211 0.0179647611857336 -0.257697632001515
-0.208896509465697 0.0341877471398287 0.064054227184386 -0.0957904962822096
-0.130283905895877 0.0925430340025641 0.205283385343466 -0.119829269199769
-0.059936012659546 0.111758914422227 0.287377492078304 -0.233218487004374
-0.0377142549419178 0.109272006403388 0.270278397389109 -0.293895023534821
-0.0190603396451579 0.0963661700351229 0.262175042851951 -0.255560294686964
-0.0454868650778982 0.091645312345062 0.268510620253243 -0.148514598064293
-0.0865977899987712 0.0707666736312583 0.247172376297554 -0.00748883631155557
-0.163949167492973 0.00987343809595497 0.10840357253637 0.119743717690168
-0.108060269138038 -0.121098886390439 -0.0499219995743465 0.110658568005208
0.0398623234986567 -0.147867988514824 -0.195268560053461 0.0132775057426773
0.0473484316717925 -0.101002251368526 -0.0557737119753023 -0.264559227457981
0.0177416904700972 -0.314105971531917 -0.0334334230005196 -0.384616856653726
-0.0225734639220017 -0.353423744214475 0.201763561505189 0.0057520134549351
-0.176162872548683 -0.324899435996476 0.308144423782381 -0.28620950238804
-0.334438963236765 -0.197533743930799 -0.00310000103544969 -0.311699696834609
-0.355900688416019 -0.00547028339014383 -0.0156826973784302 -0.0938736706842137
-0.286950322327022 0.125155873192591 0.130543802258435 -0.0665566419335082
-0.184975726246719 0.199330912871609 0.232750061875114 -0.163667430432757
-0.142779287674902 0.19573747717272 0.23151136776146 -0.229810122486543
-0.105303145206853 0.179560499405853 0.229122502437613 -0.213553682985202
-0.147401160415575 0.154796374151777 0.256559632957418 -0.132484828293766
-0.184445521468433 0.0867528763459534 0.255639511070648 -0.00829553603005842
-0.245845829746705 0.0131321709340362 0.118954805418355 0.12981588037897
-0.209989189281454 -0.135805521262565 -0.0526718816867496 0.121422561628782
-0.0635882771055099 -0.2487351401975 -0.194830599830041 0.0416543547779243
-0.0182681849314153 -0.280011731282809 -0.0761547779129992 -0.18192295605304
0.0219454819161764 -0.465506866703513 -0.0217355437148639 -0.231908929134268
-0.0827184684168145 -0.485005696752979 0.253190723519737 0.11539546769674
-0.264382444570638 -0.37391545023477 0.340010513654514 -0.28944418531618
-0.388492448734601 -0.214157015083042 -0.0396577337388505 -0.355484246682038
-0.430141401234424 -0.0348105857697191 -0.122034282676646 -0.0970652690014352
-0.384411745875694 0.136942844605221 0.0149890808980741 -0.0124266966068651
-0.275827138906942 0.250652088502033 0.133696701695641 -0.0758852666053221
-0.227670300167424 0.254355517386749 0.158553829753576 -0.131510504275895
-0.182175625121952 0.247623464165913 0.172368355912776 -0.134978265667688
-0.243985782630443 0.218696569386527 0.224041147422255 -0.0874952131779897
-0.286573883668597 0.114667339936905 0.245662876038362 0.00534915075266545
-0.337879188824277 0.026646991363415 0.126397948105829 0.147429105044965
-0.322832783981253 -0.140910889166029 -0.0523195142167301 0.14666498792862
-0.184816572792572 -0.3309445067082 -0.187039921165924 0.0782439198787668
-0.0945611327907035 -0.433086270473878 -0.0745426695770087 -0.0683278070681335
0.0137541950237781 -0.524277075851407 -0.0162820902238965 -0.048474500712304
-0.133338632433453 -0.499396811587038 0.297812449058904 0.198467512693589
-0.292437751118067 -0.321143695537205 0.320241382898394 -0.284033177862489
-0.350093208478382 -0.17111429570984 -0.0874410214749682 -0.359453745144655
-0.406294769901954 -0.0481994110883217 -0.217768301354356 -0.0889454786026003
-0.400314774712375 0.126347313344092 -0.104951764691201 0.039735740955091
-0.316463475114914 0.261973570543513 0.0154456188515939 0.0161820384734853
-0.280792373339321 0.275660427417809 0.0626250372981524 -0.0141497303997921
-0.242450612592968 0.282700911806686 0.0962356242055215 -0.0265951649317479
-0.321314741745796 0.254859997116602 0.1650840896064 -0.00914987108153047
-0.366695467244515 0.126020828968876 0.202143585267731 0.0466005460409596
-0.401211802781428 0.0299601615939732 0.114589403752891 0.175510688394548
-0.407128899827793 -0.139127759067347 -0.0522360013635975 0.176554352193733
-0.287723024251901 -0.38413236327113 -0.164432557619673 0.120152869076852
-0.156038575089943 -0.54174154222445 -0.0519117542989797 0.0685118452853229
-0.0112778797330659 -0.49493539960796 -0.0111145666686082 0.12170324732699
-0.167905853010812 -0.402816599743084 0.318823927205369 0.223224029602172
-0.253439994639249 -0.188486368100731 0.252198784938348 -0.259859429919051
-0.230508512246738 -0.101870458240017 -0.123083810559464 -0.314406447341179
-0.305459872408259 -0.053474763730358 -0.269157626381207 -0.0672635298739679
-0.346538555560525 0.0995559323677658 -0.195617037746859 0.0837034191432416
-0.306220174977684 0.23579410066041 -0.0966370799333847 0.101178246309579
-0.293365828872043 0.254564350013686 -0.0418821301494178 0.1059963262136
-0.274775229335036 0.271383101147461 0.0033691502059865 0.0942198344231172
-0.358408086501281 0.236860060774179 0.0769124749726559 0.087895538522197
-0.385605703852072 0.0939608623507287 0.120519799510059 0.106032965506264
-0.392374532714408 0.00665222318310201 0.0739317602920251 0.207213378609514
-0.418333397376498 -0.130971467834284 -0.0611677539735819 0.205178633723391
-0.335290577836514 -0.397505255592437 -0.136922946120248 0.16213811734084
-0.17623989110632 -0.579303720687435 -0.0187048224681313 0.213947137362501
-0.0433205068625113 -0.39633896362146 0.00152404733417248 0.249228879329788
-0.177645500728379 -0.246158936346597 0.309067772946771 0.193534450319424
-0.170701174447091 -0.0477998364750975 0.165443669232061 -0.219435126223169
-0.091158662514472 -0.0470201785367767 -0.129037416390276 -0.243521780933238
-0.183930385654279 -0.0622945921327608 -0.273614275648487 -0.0452734400324662
-0.254878590401497 0.0630728594310344 -0.247719958167257 0.113368879971759
-0.254128996908699 0.179072219466949 -0.187681236214082 0.174319582365522
-0.262192989446806 0.197229943036448 -0.139812862481898 0.212588777133162
-0.264850924680031 0.210391690764581 -0.098892383746416 0.202880219675706
-0.331540297037539 0.16146543293101 -0.035625497317455 0.171962487668717
-0.321265261918079 0.0238507789644092 0.0136276242331203 0.152359419284228
-0.292773917665071 -0.0260965501942541 0.0145088706342168 0.225910462471253
-0.352098310222388 -0.103256295999248 -0.0820786714389109 0.228366018282108
-0.310948458029894 -0.359253476352059 -0.125535398287222 0.194560149965726
-0.153515542421194 -0.530199426790258 0.0077120348002945 0.347037370572477
-0.0634556171013551 -0.255082511003132 0.0220254801711541 0.32449466745967
-0.157174954902946 -0.0907060795442127 0.282233683440838 0.138843679041791
-0.0754424995694143 0.0486536470374073 0.098729650288303 -0.172366418792403
0.0191619608559847 -0.0215955896643182 -0.110388983191527 -0.18179796160489
-0.0791934393481514 -0.0693170505763779 -0.25714539029165 -0.0322666650446489
-0.155039461433787 0.0209748880677064 -0.272169494210339 0.127771737574298
-0.1767084217578 0.0996106444355168 -0.249085009829081 0.226320487438823
-0.190427142945987 0.108415802312142 -0.216809723377054 0.288942776155007
-0.202969360419634 0.107572222282403 -0.193216757966791 0.276307137660605
-0.228622526862921 0.0524293776483487 -0.147537152008524 0.215479916086276
-0.173673894248736 -0.0407505730895242 -0.087250395486178 0.164086746381971
-0.126376941863618 -0.0235716356664176 -0.0417538045905486 0.22848696130348
-0.232898762209902 -0.0379756116411699 -0.117945761285478 0.246530681839228
-0.23256748635927 -0.254410142400559 -0.146108668476135 0.200609239177679
-0.100637417008289 -0.386510361629052 0.01540805283636 0.437629691272944
0.0500268884180685 0.119137568902759 -0.0571408327648372 -0.453051162228606
0.143926158949309 0.0413562464046306 0.127656660241983 -0.15979164288454
0.0682349274911143 -0.08359111575802 0.18710744832469 -0.257960041930333
-0.0677559330928738 -0.0436635408248909 0.0276136558449349 -0.212328444902696
-0.0237802327757417 0.0541449885723889 0.0958489368678189 -0.108495150592423
0.0446313390665726 0.0283699346685387 0.217475724456373 -0.160391433373514
0.0698957258918538 -0.0023464622675095 0.282621513838722 -0.266896787216536
0.073853905963072 0.00426816930241863 0.26636488871518 -0.311001014276108
0.0718220773785554 0.00896411024545952 0.267105630843888 -0.256118386818625
0.0558315020307235 0.0385436717911167 0.26448526944483 -0.144285862824179
0.00183764119674238 0.0689775117578842 0.235830748141717 -0.00325086421654187
-0.0961517512873554 0.0190674434341677 0.112722397581278 0.11891568972298
-0.0249856301480707 -0.0926435862847122 -0.0475293741492748 0.124393458071135
0.10745196955961 -0.0341132852163221 -0.198601165529933 -0.0141101259422971
0.081005856252205 0.0836775942636828 -0.0235417331578482 -0.312468517932409
0.0254230001727208 -0.10242245787389 -0.041854984679711 -0.457400754872688
0.0569160494880637 -0.156521627202915 0.161438206366729 -0.0950953323301611
-0.0563424070031923 -0.20942539185624 0.251464112263888 -0.270910713753688
-0.212904373361899 -0.127484314579102 0.0192611917380006 -0.248698002782625
-0.204376917762543 0.0306876656878054 0.066194453561325 -0.0911205541687919
-0.1293621502389 0.0888174047193057 0.205615286557456 -0.116419458759513
-0.0614123479658376 0.107658202365429 0.285585422170575 -0.230292454364805
-0.0375840911436965 0.104802231807147 0.269145825612481 -0.289408402821873
-0.0200664177183648 0.0936382450722315 0.262110045613244 -0.249863338937212
-0.0457651557859095 0.0884024041512623 0.267189966334462 -0.144843701393217
-0.0853964226350407 0.0668134833171005 0.245133078250987 -0.00634580897353054
-0.160690962145918 0.0100502671091526 0.109772719766614 0.119560243104531
-0.104486718551234 -0.119134565212592 -0.0491210126838408 0.112628067742287
0.0405554586207849 -0.147820731235563 -0.19066974407236 0.013834717633045
0.0495075032181176 -0.0995637325729606 -0.0528377568185633 -0.264822385246581
0.024105374921627 -0.308983640354181 -0.0251757230877055 -0.375710978341689
-0.0152157383858609 -0.352276001403275 0.206039685615494 0.00395982326055509
-0.167915455871784 -0.323152160605083 0.309717184522197 -0.281618912419459
-0.326071608273305 -0.200438888838997 -0.000491819190759813 -0.301586177009155
-0.350907562823823 -0.0117687829352673 -0.01222920516796 -0.0918490097749929
-0.284684113623432 0.12011937055928 0.130911852505599 -0.0657205950146558
-0.186281181546144 0.19369072009862 0.230155395456 -0.163349434836392
-0.143052600328387 0.191208150842197 0.230515811447364 -0.226898155663977
-0.107720255365886 0.175173698284326 0.22828948177115 -0.208764698238965
-0.147890830768654 0.150245537230002 0.255873851341599 -0.130684847390448
-0.184174066837709 0.0818160750897788 0.254217230991311 -0.00788006525679087
-0.242259747087903 0.0110099573269142 0.121306678124256 0.129866515281318
-0.203544485062421 -0.136252445147937 -0.0523405262060042 0.124361090874249
-0.0588524318129461 -0.247573167025602 -0.191633327400874 0.0420641496092836
-0.0124346486545516 -0.27527690971458 -0.0734019463385985 -0.183526905692124
0.0301599920355687 -0.454906353740923 -0.0175022688172226 -0.225520270079487
-0.0719705365527676 -0.48178944549159 0.25472256518214 0.113499707247125
-0.251171823578692 -0.371586645732837 0.340363648090991 -0.285793442003896
-0.379645722285017 -0.220230966547709 -0.0367715989656923 -0.346769632674635
-0.423353408301278 -0.0421515789856562 -0.117151661174863 -0.0974055832067272
-0.382670415889247 0.129995725013264 0.0160090297942223 -0.0140246553489302
-0.276391119310695 0.244030587799758 0.131098738482457 -0.0779281583536135
-0.227386202846843 0.249805121748424 0.157707347667546 -0.130429349258326
-0.184339572584096 0.241776800320155 0.171458863194133 -0.131992642372117
-0.244026008810678 0.213088109655002 0.223324107962114 -0.0872888419095606
-0.286009761171589 0.1088112337809 0.244357718097536 0.0057487942991406
-0.333832359551475 0.0226982124641281 0.129180694651135 0.147864545856624
-0.313179017516536 -0.14421665114366 -0.0522134642548172 0.15013855343915
-0.176028373872074 -0.330398424901817 -0.185934964786687 0.0777253279163955
-0.0854564477594016 -0.426419252359067 -0.0736434340307149 -0.0719480558188735
0.0213696106068305 -0.513911772514936 -0.0162379806762811 -0.0450942404122576
-0.120928826550681 -0.494078086798793 0.296194191601868 0.195295364819725
-0.278363074247206 -0.319244352874784 0.318551675326635 -0.279628096853775
-0.341787515867406 -0.177640982891803 -0.083543365253882 -0.352344035888961
-0.401489817765259 -0.0539675953836785 -0.212836128173205 -0.0905505897658896
-0.398327153819421 0.120724230853587 -0.103526473151985 0.0355590282586733
-0.316053326505831 0.256054573721124 0.0138105356573274 0.0123099901842188
-0.28062435779457 0.270706904972012 0.0614934779227432 -0.0152662770664367
-0.244357550847906 0.277115375171457 0.0946636159572572 -0.0256868338599865
-0.321279787994678 0.248992664885091 0.164078844996953 -0.0101954637088058
-0.36600703176363 0.1192253980122 0.200439442355158 0.0462185378339804
-0.398892431608941 0.0233740015963339 0.117152625703015 0.174673918067587
-0.396335080717017 -0.144941652430776 -0.0534326867839384 0.17983857577039
-0.275692455525744 -0.384532856070238 -0.166429245338463 0.119871739786543
-0.143133211470436 -0.532173953349584 -0.0529492533638797 0.0626477040246932
-0.00415355690835061 -0.48438857580375 -0.0137552870882413 0.121885194104775
-0.15635729139122 -0.398168895302221 0.314782125178275 0.220840318518729
-0.240795479200013 -0.187914317772818 0.25141186963962 -0.256014102416191
-0.224783673067085 -0.106975822845363 -0.120095545784293 -0.309050135389513
-0.302963376405466 -0.0587417812950466 -0.263726705866998 -0.0706244648199103
-0.34385319293542 0.0967009837160312 -0.193999880194371 0.0785157529715714
-0.303491834095343 0.231209606325195 -0.0985280628709211 0.096623005076351
-0.292470183439949 0.2522316011998 -0.0428129595064192 0.102964080986218
-0.276615017464735 0.266430601558111 0.00139099500024547 0.0918075908236529
-0.358184101815903 0.231326343426027 0.075578937424045 0.085280360568694
-0.385795929780747 0.0866568209234649 0.119057008787394 0.105148036027604
-0.389598455470562 -0.00110198917133293 0.0757009391899556 0.205304738772669
-0.408076652037099 -0.135605793416689 -0.063074955787546 0.207531809697491
-0.321641383235215 -0.397681738200258 -0.140890429610379 0.161035236748875
-0.164759400073323 -0.569434356557919 -0.0219620130198526 0.206302263504788
-0.0379614414977846 -0.387076098014825 -0.0029705253470689 0.247044732569841
-0.168855166540505 -0.242555659687475 0.304336465621994 0.190955045337836
-0.160904657957385 -0.0486174577949867 0.165047082756637 -0.215262356548757
-0.0884807320836315 -0.0509751076460716 -0.127213091801039 -0.239130256981957
-0.183802834727076 -0.0641323186081943 -0.269100882344664 -0.0471852749812015
-0.25292612315422 0.0621137806572213 -0.24617532932079 0.107067056227096
-0.250489383952684 0.177125920773251 -0.188628965515207 0.168395579807066
-0.261142764198508 0.196813054234833 -0.139654713195605 0.207432838709586
-0.265179637888902 0.206883026439029 -0.0999048367374589 0.198411878070332
-0.330896823643459 0.157916620784524 -0.0367987247509078 0.168155120960323
-0.321700301790085 0.0193450216854951 0.0119286419593646 0.150012257401691
-0.290434220758516 -0.0329243076824945 0.0156318400490946 0.223298606947924
-0.34272719736873 -0.10712858699042 -0.0842401996524778 0.227815202836984
-0.299085751643108 -0.358352885477261 -0.131010588100695 0.193446917536265
-0.143363148695665 -0.521196638766779 0.00150192347524225 0.337894984026913
-0.0606373123341591 -0.248166837706192 0.0158319129137038 0.320855850024049
-0.151120296945374 -0.0893051714439191 0.277299754628945 0.137220116137107
-0.0701017190029693 0.0463059375002354 0.0977551106047875 -0.169578975449113
0.0185891711207546 -0.0237355450065198 -0.109344933239634 -0.179940318733605
-0.0805107546531722 -0.0691974860442658 -0.253503862514918 -0.0343802078041997
-0.153046718239001 0.0218146251379313 -0.270396394499754 0.122183882514249
-0.173034073300727 0.100488053768062 -0.248906445446172 0.221076555077032
-0.18871464984918 0.110078216413407 -0.216640618274716 0.283469355206289
-0.20285482200986 0.10748208381544 -0.193763302990257 0.270862363532645
-0.227299371339261 0.0516045583262593 -0.148078896761834 0.210545139883686
-0.173906149331872 -0.0427979599168678 -0.0882183910986151 0.160964871125391
-0.125480029269561 -0.0288241798738223 -0.0411426083954173 0.223377803420707
-0.225939458522667 -0.0400810088735706 -0.119375661678769 0.243795556642916
-0.223592523268985 -0.253803772343222 -0.151638178084511 0.200329401062742
-0.0950792238419011 -0.379676360572404 0.00719605326892905 0.428491729341203
0.0506329491101867 0.119643937628188 -0.0496523555211557 -0.457607865593799
0.14581860326719 0.039698356372497 0.13662124104681 -0.165101872301735
0.0672947555673649 -0.0835272687641761 0.191020322185782 -0.263184576518749
-0.0680533331178047 -0.0417962529690892 0.0290723081007625 -0.210236702171225
-0.020771439483896 0.0549632096131647 0.100874330843672 -0.10543223776157
0.0463984462183688 0.0270970688261406 0.224034026165551 -0.160887212586619
0.0709087027484157 -0.00412531945537291 0.288361659828196 -0.272327329514592
0.0754960215542323 0.00154337489232981 0.271796558518411 -0.315320422201973
0.0735700393889521 0.00784072947456068 0.273666185588602 -0.258943753729856
0.0568465246607796 0.0376985436225045 0.269762469625167 -0.144818144279503
0.00249706892558558 0.0684771031816897 0.240585939647055 -0.00211717283647922
-0.0966896152792066 0.0214076053148054 0.115814052818971 0.12195819290846
-0.0255446577153869 -0.0929225780166769 -0.0468988911592567 0.129168347884881
0.107893546864955 -0.036333090698766 -0.198201701051441 -0.0124033538067093
0.0819187396502955 0.0835463183377092 -0.02291762828595 -0.31959297815547
0.0292021235952877 -0.103980415399043 -0.0359011145913727 -0.46158650933691
0.0613704544461957 -0.162720911174289 0.17120307697973 -0.0990514885407276
-0.0552248415555069 -0.213306408821037 0.25731486091894 -0.276050589395697
-0.215135974017897 -0.130268829230643 0.0222016021602357 -0.246655596765732
-0.205764610712425 0.0284463548358676 0.0706531372113817 -0.0895374903532063
-0.132009590253803 0.0877501019351922 0.211827532701835 -0.11667417310665
-0.0645095988487033 0.107241547523879 0.291309101870787 -0.235096792791684
-0.0394463346894102 0.10445866054553 0.275159399672326 -0.295116931275504
-0.0221769568948471 0.0930918657559081 0.267806784926255 -0.252108676177985
-0.0470470089307617 0.0880904064239149 0.273574928514973 -0.147042580056401
-0.0869686922518155 0.0652527361800544 0.251397242738267 -0.00644474224871935
-0.16176946691818 0.0102364941332456 0.114630384055224 0.122288219724535
-0.104520354102318 -0.121553231357468 -0.0486193821183514 0.118623599703813
0.042064454921232 -0.151196671388323 -0.191013319950737 0.0155004160694178
0.0533522307071922 -0.101107093231094 -0.0522092602538946 -0.271708904088659
0.0299903496686992 -0.312195371511314 -0.0206338744540282 -0.377635158195781
-0.00864277592082255 -0.362243903329093 0.215615019492081 0.00239076429063917
-0.164100350777649 -0.331376567094015 0.317270294092244 -0.286798149995973
-0.329319034558656 -0.207729278361901 0.00165710743281647 -0.301063552440259
-0.356170577201823 -0.0167381608612843 -0.00941357568659549 -0.0915695178415041
-0.291625497095229 0.118677265716259 0.13599487546732 -0.0667385008473714
-0.191852685015496 0.193868847247063 0.234336335299392 -0.166855306049481
-0.147320495891041 0.191831768614532 0.235775292924613 -0.230976484623297
-0.111662475714459 0.175563112303718 0.233957018799921 -0.211337785279616
-0.152059186766523 0.150455134168411 0.261925313767819 -0.132897481351236
-0.188479309585761 0.0798417263170297 0.260464007161197 -0.0075172870640331
-0.245038956435778 0.0100811825810497 0.126648871823082 0.132472233016945
-0.204454545236953 -0.140302538979523 -0.0526771088721662 0.131263630329221
-0.0566647347902987 -0.253718507918999 -0.193562504093478 0.0438685933899248
-0.00634945884639477 -0.278986395656715 -0.073487027107204 -0.190437614355288
0.036762255118106 -0.460429537802355 -0.0159955662059524 -0.225418356305354
-0.0658857073606772 -0.493444020957509 0.26419563914797 0.114007755497724
-0.245676534334678 -0.380378436283229 0.349054479887573 -0.290865873610437
-0.381331438521542 -0.230125059678712 -0.0351378044560791 -0.347594686365142
-0.431402160788265 -0.0491501973326981 -0.116019452553081 -0.0996976764075089
-0.3905092882892 0.128710789285113 0.0177436375575388 -0.016149635936064
-0.283895496265431 0.245207380923471 0.132105918692177 -0.0812678651240048
-0.234071203058256 0.251812044515738 0.161025748595989 -0.134456550643339
-0.19180583145038 0.243369786524226 0.17559542828911 -0.133733574006914
-0.250141605229505 0.214137151308915 0.228536767719803 -0.089577721470926
-0.294236561396587 0.106306477218278 0.250553110786368 0.00541028670221317
-0.339571976904775 0.01919743994094 0.136117571435557 0.150606592423701
-0.314587072894544 -0.150236616463526 -0.0528853760813081 0.158160438095037
-0.173165283118643 -0.338512338583887 -0.190181825994911 0.0804048265126253
-0.0794214243000497 -0.432351510629322 -0.0741992188190167 -0.0775009816489811
0.0287179749421852 -0.519205924261214 -0.0171930185265421 -0.0428260435046811
-0.114130470104567 -0.505051787067058 0.304062521459195 0.198502453432735
-0.273538115329245 -0.325977324105029 0.325463440296799 -0.283911552323079
-0.343861950309418 -0.187659127356865 -0.0830224420874899 -0.355337327808108
-0.409793494449648 -0.06290723978031 -0.212983090019037 -0.0948320360996938
-0.406881973732836 0.120348591735517 -0.105003902778034 0.0332413249638686
-0.323873735144417 0.258463541730307 0.0115841358054593 0.00906437053252022
-0.288309990737434 0.275536992227614 0.0618605541077559 -0.0181859921740562
-0.253128623539803 0.279603740411913 0.0958794194095443 -0.0260465009211649
-0.329912360492066 0.251328640393986 0.167946869646948 -0.0114120650849924
-0.376238912814997 0.116923096515039 0.205904268998602 0.0473108160496825
-0.406441490872865 0.0184965770014288 0.124005852842261 0.178313138956615
-0.397626846681423 -0.152187167305391 -0.0548845590327739 0.18940377988675
-0.273482321645679 -0.395956112966145 -0.172158899418945 0.123391920985961
-0.137075747703239 -0.539610919243465 -0.0555743123742271 0.0591287891579252
0.00210679911039714 -0.487158286974705 -0.0171618744969099 0.125696600935856
-0.152786577459276 -0.403452096608618 0.321167679606638 0.223578901936664
-0.235272085753392 -0.192064926433467 0.256285830580894 -0.261087578847022
-0.224996482200296 -0.115101779034541 -0.119996933434939 -0.312168947981056
-0.310609088335828 -0.0651540291605059 -0.26634269342842 -0.0750448028207165
-0.350802166398007 0.0963647133693842 -0.197673375761185 0.0753314706876528
-0.309130480887314 0.234372916431005 -0.103212753336471 0.0944543317942761
-0.300224446275827 0.257716376116259 -0.0446071149085478 0.10128180776465
-0.285803453770032 0.270108036754413 0.000193929905907896 0.093017772078236
-0.366953641047789 0.234262489947659 0.0757808762295787 0.085033239790222
-0.397720637988024 0.0844278781769565 0.121389986251599 0.106719339330524
-0.398349177897836 -0.00814446373104888 0.0799523605067222 0.208405558462606
-0.411118881445713 -0.144907274181859 -0.0651193457050279 0.215930647806096
-0.319390884132003 -0.409200866266217 -0.148534762191322 0.164990972897529
-0.158971218435258 -0.576967022088544 -0.0261788152305873 0.204496502151251
-0.0349578161204561 -0.388973513552631 -0.0077633023842809 0.252051828234984
-0.166209759009888 -0.246314164259575 0.308570036574372 0.193324396568466
-0.156620836633239 -0.0498586355236723 0.168358076919056 -0.219176433488404
-0.0886929736475667 -0.0562609269517148 -0.129282462979552 -0.241682660834772
-0.190029088675991 -0.0684164926446015 -0.272716159414005 -0.0508774776056169
-0.257270047170188 0.0628778637404949 -0.251580863478383 0.105386006493262
-0.253647768468286 0.180254230445687 -0.193817769789606 0.168322944985078
-0.266723800011365 0.202133370315433 -0.144269781936258 0.208000598819158
-0.273158671638016 0.211000535074117 -0.103568651452088 0.200574315691476
-0.33881516792455 0.159379358556788 -0.039507916364779 0.168989086599565
-0.331324628315595 0.0149616535796566 0.0115017418909017 0.152507162206735
-0.296988728015419 -0.0402279323592823 0.018433704858482 0.225114871974354
-0.342293603843433 -0.114478919368693 -0.088225252325528 0.234787495353854
-0.296883361799639 -0.368768078453462 -0.139296415404956 0.198223098804783
-0.139783265298007 -0.527481882404705 -0.00354722825217692 0.338349080531286
-0.0604104561054011 -0.248660673447692 0.0115597063284364 0.325246321370642
-0.149645194898324 -0.0901166333578101 0.280789049794059 0.138919998877577
-0.0670421158470577 0.0452083397776258 0.0990178163624143 -0.172880461406124
0.0184563678904245 -0.0271647369663517 -0.112594721299819 -0.182686679098031
-0.0847866561760177 -0.071022354192581 -0.257827922325624 -0.0367286246444757
-0.155163772503495 0.0235668171694507 -0.276293362303709 0.121856938715976
-0.174328661859026 0.104515325502372 -0.254770869449226 0.222021621293606
-0.19186635394777 0.115221773850487 -0.222419816208065 0.284710051344008
-0.208674603046684 0.110923241926915 -0.199237153751453 0.272791543034033
-0.232433682675677 0.0528571563758676 -0.153637389735526 0.212308143739606
-0.180502579669297 -0.0466983664191785 -0.0910468222715658 0.163046862313219
-0.128628022716476 -0.0344329981127392 -0.0409416017101616 0.224516630254468
-0.224787656830775 -0.0438415408315508 -0.123970049959025 0.248477596163361
-0.222555501303324 -0.259414763732997 -0.160542528606984 0.205639715115514
-0.0945023950044818 -0.383621184903503 0.00121223184778549 0.430881032333339
0.0549433585753906 0.121996752878157 -0.0523713875191366 -0.468540943228647
0.150829364018876 0.0348924060407424 0.14336054677691 -0.177649874836684
0.0657229165248099 -0.0864126354656009 0.193964481533124 -0.276541995297767
-0.069689086064435 -0.0382817407801031 0.0285383582788224 -0.214614605353306
-0.0172865892650154 0.0571662852418115 0.106000649213187 -0.106724127841585
0.0490155420555236 0.0254441088649002 0.232141111719609 -0.170214467753489
0.0728747909085233 -0.00800763463611729 0.29363725358997 -0.288526071284335
0.0788888887720201 -0.0033634910035197 0.275735379211319 -0.331839399521019
0.0768938594907368 0.0051057281241276 0.279579277915392 -0.271975147646244
0.0594504585391719 0.0364823065115857 0.278098828651251 -0.154001832902595
0.00505367900249578 0.0687482867236491 0.249895610680182 -0.00626724624766538
-0.0985638555253831 0.0261842119913498 0.124168256144034 0.123673370641295
-0.0291978613271967 -0.0951219525884377 -0.0449622400928484 0.137448319545201
0.109448254458359 -0.0422804553828392 -0.201547570809912 -0.00717103832366908
0.0871812205225953 0.0835124346088176 -0.0307081588536758 -0.331586304017017
0.0311352695242217 -0.109129052608595 -0.0390307323618385 -0.47374871275446
0.0616642093344474 -0.174080578554018 0.18156542111167 -0.109450545763734
-0.0602414048593511 -0.219779544832381 0.262203459959537 -0.292729597142054
-0.224097291590402 -0.130757255309959 0.0196615999192451 -0.250186218404598
-0.210721427130261 0.0307643972965673 0.0753191988739558 -0.0912309160255962
-0.136077076374659 0.0911524469626386 0.22060591616397 -0.125359941219157
-0.0662009398229347 0.109704903804453 0.297304719950067 -0.250316773989148
-0.0392080350064685 0.10602031258071 0.279612531250246 -0.310820749844186
-0.0215259375839463 0.0948896396870241 0.273400160499415 -0.265125213028187
-0.047748019859583 0.0898723378998444 0.282003752946664 -0.157828628456681
-0.0883587738304422 0.0670802623906708 0.261621881483362 -0.0109547555053291
-0.165200077856185 0.0146723625937543 0.124224529526994 0.124660427611839
-0.109435299787001 -0.123313951084291 -0.0467923481617963 0.127449137607179
0.041262001004003 -0.159011251074909 -0.194542987975432 0.0215751954972294
0.0553813721296711 -0.106601154691238 -0.0594926147593297 -0.28266541751332
0.0300496333493779 -0.32362084367568 -0.0244074235120319 -0.387258599531674
-0.0118789501334701 -0.379937078649802 0.229852107050253 -0.00558699963401372
-0.170844779427837 -0.342151267256942 0.325023163195367 -0.305306691681824
-0.342591685473911 -0.212395596420695 -0.00253640223993489 -0.306886876242394
-0.368823179118031 -0.0150846739312297 -0.00772480514014287 -0.0938385461237319
-0.301501939651028 0.125894459706855 0.142110621379202 -0.0726207366604713
-0.197159308402565 0.202307481812045 0.238970827298663 -0.179078919485113
-0.150733234117568 0.199714633727402 0.239713683553089 -0.245211081918102
-0.115031004703563 0.181351226085449 0.238377053137293 -0.222522037448675
-0.155042147467549 0.15631120191307 0.270900894038659 -0.143378076307328
-0.195966450500372 0.0835172287436222 0.271279008231607 -0.0136675033166273
-0.252348403066822 0.0141015916188768 0.138964928766804 0.134725617736499
-0.211293410317706 -0.141796710405633 -0.0499379156224524 0.141626776050176
-0.0606269217283016 -0.263499842589812 -0.197882825547608 0.0506279252108711
-0.00765459364347201 -0.287920116747398 -0.0795659863829527 -0.198301527833559
0.0357979329584344 -0.475212700087402 -0.0179492358837863 -0.22915537727904
-0.071706560442816 -0.512356602613203 0.280894242382272 0.10960584135992
-0.254390106002336 -0.391673166922612 0.355200914317274 -0.309837260514275
-0.397307945011624 -0.238105067629023 -0.0423807011258626 -0.355210053732359
-0.449938839198101 -0.0490071085601808 -0.11893697635403 -0.101858819467338
-0.403738333949565 0.138421810133843 0.0196383732913739 -0.018621030443554
-0.291569494986396 0.257485048125449 0.134413412948812 -0.0893706703248533
-0.239330194280308 0.265336498366873 0.162938771997384 -0.145505351265713
-0.197672495819539 0.253506452755454 0.179390506499429 -0.140989788516997
-0.257612653725319 0.225226544912591 0.237089753083016 -0.0986969708900441
-0.306324404992579 0.112836704917532 0.262182006148675 0.000232971522600996
-0.351597487395615 0.0239936326037864 0.148773049388953 0.153650210242171
-0.325414900307898 -0.152378854617767 -0.0490649377446127 0.170159047160674
-0.180982278827947 -0.350596641260828 -0.195795516047775 0.0884686430523099
-0.0838886560375749 -0.444433622444625 -0.0796792743235435 -0.0828378903295271
0.0265187607416478 -0.533359436533555 -0.0195110908955702 -0.0402927457988585
-0.122217938852307 -0.522497114440524 0.322018583324912 0.196253971626619
-0.280431548790838 -0.333768717054883 0.333249484941144 -0.303441425445345
-0.356862765329432 -0.193547811933976 -0.0918239364167659 -0.362426169533552
-0.428991709970759 -0.0615921869350168 -0.219943860041442 -0.0962853365079788
-0.420379086795068 0.130164010903881 -0.107777627893802 0.0335280703606461
-0.331902026754902 0.274074355926905 0.009561072122982 0.0059820936999399
-0.295395327798006 0.291061014048002 0.0626540984349283 -0.0228846359252243
-0.261774122970737 0.293764267567512 0.0980233926483034 -0.0291233730226107
-0.33983954899287 0.265373760939827 0.174686548038107 -0.0171145604212624
-0.393657851982622 0.124735515579658 0.215943974821045 0.0443715894333869
-0.422411639229259 0.0224518745243265 0.136066947000998 0.182352198125026
-0.411788004471872 -0.154793047629502 -0.0515634060738143 0.203500263468329
-0.285493726925116 -0.406926814086014 -0.178765273839215 0.132394168145752
-0.145718148324254 -0.553358232565244 -0.0576917912681433 0.0572157822162706
-0.00351917777362019 -0.499453461569178 -0.0183896433635616 0.133324409338964
-0.158348272966538 -0.414965030061125 0.33876963215871 0.222391991531446
-0.238641793826376 -0.194853986021822 0.261081501618394 -0.276665920381521
-0.233480123661009 -0.120721453780181 -0.130163250998858 -0.318038623282389
-0.326518670789053 -0.064522958543672 -0.275902120393232 -0.0744367960190541
-0.363959560367812 0.106328435819141 -0.203869839757586 0.0785087516976494
-0.315678143911328 0.248798959462201 -0.107856615726969 0.0966805149505911
-0.306320455355419 0.274674747954804 -0.046436620180552 0.102571927559742
-0.294643964393732 0.285500395880173 0.000567811084565435 0.0953776587595646
-0.378991486100403 0.249226636725797 0.0801147683116592 0.0846313286829878
-0.416038245070143 0.0919868628599964 0.12909355828205 0.106795643188728
-0.41465481816997 -0.00574532828222642 0.0917221181918797 0.213769172025439
-0.424311480321596 -0.148306125259921 -0.06334308130089 0.230936106106669
-0.332297055273603 -0.421094405869518 -0.156100356007402 0.176584684696091
-0.169617192015947 -0.591179752920173 -0.026710340925641 0.207638775143729
-0.0410502668578343 -0.397368641346277 -0.00695447345832608 0.261906003246085
-0.172268364419609 -0.250172363925786 0.323975866378169 0.191408473987998
-0.156194740553399 -0.0501710596850262 0.168989692991567 -0.231403399788122
-0.0917344279514126 -0.0612422139818353 -0.138911551142587 -0.246317985653487
-0.202101208889188 -0.0685363715354089 -0.282603655501681 -0.0493246096241185
-0.266077834954491 0.071101633141694 -0.259555256740231 0.11082087451664
-0.258300155855631 0.193572371014539 -0.20066649031579 0.174967636485811
-0.273075692104324 0.218182876340953 -0.14742313024815 0.214848999748464
-0.281833796493803 0.225426997588308 -0.105706582726838 0.208514293869628
-0.349654347454109 0.172013203885716 -0.0393324759987869 0.174714446002651
-0.348243985577553 0.0190773716643533 0.0148535355785781 0.156965601252098
-0.309998485557 -0.0420854368279756 0.025290509158906 0.231168267012828
-0.352484309880907 -0.11631711190195 -0.087357022875798 0.248952061801405
-0.308018237187341 -0.378338297319076 -0.146449894057776 0.210785460781325
-0.150867758465242 -0.54007021134735 -0.00160053496825365 0.34613753188985
-0.0669472288287625 -0.253214153648153 0.0141725390137483 0.337046399073803
-0.153860727740519 -0.089438871950279 0.292702188897784 0.13643797263399
-0.0644631858177345 0.0468014682190007 0.0980405846401397 -0.18183267763817
0.0181600925033353 -0.0317856713086545 -0.121536028008851 -0.186126873075704
-0.0929976978852184 -0.0722856389686551 -0.267818152191777 -0.0328353059050496
-0.159578194529944 0.0291763694574585 -0.285705572359432 0.129568044190261
-0.176411030955555 0.113870671558148 -0.261168590079794 0.233458120616133
-0.19600638116203 0.127158919077764 -0.225951295009455 0.296001504047136
-0.215105438287086 0.121511247583738 -0.203040163693824 0.284885407334443
-0.24240881095471 0.0604606801166648 -0.157102250114722 0.222497209842612
-0.191363841827389 -0.0462620044506768 -0.0929959807497859 0.169551840582622
-0.134671243236733 -0.03863774031982 -0.0378037761068615 0.230080026677022
-0.228306667048881 -0.0429909204540196 -0.125006547847864 0.260375136394094
-0.231911704326429 -0.264935983301268 -0.168328054798545 0.218532423172773
-0.103071508857156 -0.392069490210717 0.00541148361222547 0.441986315887303
0.063591001434974 0.122090019352915 -0.0699036791002659 -0.478792684497883
0.155892533761213 0.025049434084941 0.144706125877534 -0.19452362288181
0.0616315418139638 -0.0910915713594168 0.187518033326365 -0.296868018921346
-0.0725267765339725 -0.0321849243935997 0.0205347346641978 -0.218556152305589
-0.0112339733174326 0.0597910355527295 0.107304440526407 -0.11183480592552
0.0525228946888908 0.0216054779587824 0.233961707845363 -0.186713980421669
0.0740415423034883 -0.0136458404755538 0.287441122648335 -0.313446592479234
0.0808968794458782 -0.0110760648244219 0.267346621999796 -0.354320374791427
0.0796265552197543 -0.000923932721094568 0.275379599401495 -0.293466411675709
0.0647071910614454 0.0325365329225646 0.280676776813455 -0.172278667584531
0.00915587428246842 0.0696330975547265 0.259289324140638 -0.019747215385724
-0.0983626686048873 0.0347020301777895 0.136541315650287 0.12007467885409
-0.0357682164041442 -0.0949844698041029 -0.0367817784614856 0.14688672454679
0.108429669001076 -0.0514957230548747 -0.204641280882768 0.00504283152172404
0.094362684254503 0.0789944211197428 -0.0498961871991505 -0.34119745030657
0.0291546696235365 -0.114136729431598 -0.055366717437968 -0.482295152493102
0.0561518529649119 -0.187274415871033 0.18931630736232 -0.128230697089313
-0.0722643365648174 -0.224633130279706 0.256572454633266 -0.317212771611887
-0.237015261025815 -0.123819324307482 0.010536177426914 -0.253986758702974
-0.214982697595751 0.0395541838069366 0.0766397256258416 -0.0945662359790022
-0.136083017575706 0.0984021894114329 0.223883144246355 -0.140314398748362
-0.0660884507638364 0.114687778874513 0.294451866424243 -0.274779052811545
-0.036271540447688 0.108172558513302 0.271126912268348 -0.335036206964416
-0.0188220363335618 0.0965051242842812 0.269690617617426 -0.287434960895559
-0.0452999804781103 0.0931051199805985 0.284598861972672 -0.177330628514956
-0.0896609133733648 0.0712611014208455 0.271720356342892 -0.0247303426142947
-0.16796915901922 0.0242584818879224 0.138283088598432 0.122563866673546
-0.118076891479888 -0.121631087001543 -0.039576933509778 0.138323000941865
0.0342488528177317 -0.168477538824625 -0.196181533527231 0.0336539796848876
0.0541176991906234 -0.113381396189455 -0.0759261396507707 -0.289907990312583
0.0196384947141426 -0.334321522825455 -0.0382543037078776 -0.39312431778359
-0.0270865425018775 -0.394440600559394 0.24271724425237 -0.021785647918168
-0.189432844230413 -0.346706343433564 0.320509822302541 -0.333861530395692
-0.363879080988163 -0.205653106943869 -0.0160494210412176 -0.311063437526669
-0.382528155113014 -0.00218953590896375 -0.00909768835764627 -0.0953329401320443
-0.306863457564741 0.141979236886338 0.14567035804808 -0.0829548200185361
-0.196724738763645 0.216312858779713 0.236408380546275 -0.198688783350945
-0.147928681946005 0.211478619812126 0.233927550848809 -0.266840688908533
-0.112166037748037 0.191438185563863 0.235815059051958 -0.240409298412066
-0.153032920141265 0.167037558707491 0.27362063467246 -0.163445472061194
-0.199842525695196 0.0940117847962025 0.282163424409979 -0.0293677084715649
-0.258374959116742 0.0276858221192983 0.153591084161595 0.131908977025951
-0.222754539965473 -0.136904774776971 -0.0417927241132851 0.154170868508003
-0.0735049094745302 -0.271380853048453 -0.199632396540504 0.0649634720079064
-0.0183820501858766 -0.297656067518038 -0.092188074132109 -0.203223790721685
0.0189732153660153 -0.490132558291775 -0.0274375074466051 -0.230270934077224
-0.0938827866578955 -0.529685947550962 0.299274759777752 0.0947457651728987
-0.27435403111116 -0.394452678653194 0.352084851399339 -0.341025318799284
-0.420925687085972 -0.2309868356487 -0.0586160703411788 -0.359983281359488
-0.469060588426994 -0.0328722099698697 -0.124287393667206 -0.0991756978707896
-0.413398352702937 0.160212491677472 0.0206751479822914 -0.0223393325462364
-0.2912761687868 0.278722103407029 0.132864830462867 -0.100673465721725
-0.235883195381585 0.285024803425821 0.160001050260703 -0.16012005742581
-0.195480154220041 0.270768893725468 0.178132617989637 -0.154724819280134
-0.25638083947453 0.243914144067434 0.242485862966762 -0.115247681436449
-0.314588596711645 0.12928450625116 0.27304915394457 -0.0150346448823532
-0.362477190599328 0.0403480588913738 0.165904056373112 0.150745675820698
-0.340339699297737 -0.143835599458653 -0.0388788012508541 0.183885941953126
-0.200545983793298 -0.356024943010127 -0.197880641347681 0.103485915088273
-0.103056118653674 -0.452446457614692 -0.0861924328675468 -0.0856193177690327
0.00476378628400628 -0.548341966369561 -0.0209430432918005 -0.035278763206159
-0.146432371631507 -0.533185934570003 0.345426064984113 0.182848011332331
-0.29662296633312 -0.332707104078842 0.328989430276283 -0.332208686353693
-0.37569180424608 -0.190658819957832 -0.111610536000122 -0.366623921230415
-0.448207845596175 -0.0477768846565904 -0.229968794954558 -0.0895564837199109
-0.430617225858898 0.152256893942715 -0.109787588866282 0.0372428557271942
-0.330147622257366 0.298126439244223 0.00871802046606108 0.0039926702937797
-0.292580722759339 0.316476500664489 0.0611615309572518 -0.0301250901950087
-0.259500134076552 0.315709657487924 0.0996345360759135 -0.0351646108711416
-0.338837016753643 0.290488746503033 0.180289264611383 -0.028325533418549
-0.405872934493163 0.147230623090301 0.227514322809869 0.0323559665554609
-0.436640061247725 0.0399934981532598 0.154184293582601 0.180279300700036
-0.428113006057286 -0.143422461856404 -0.0403925716916057 0.21751293494881
-0.309092108329442 -0.409150279465847 -0.180800517701398 0.147800415924974
-0.170641400781335 -0.562384957063071 -0.0595591678468138 0.0577947625452102
-0.0241008268717579 -0.510873814434688 -0.0144446005891982 0.141920537570718
-0.180141170174914 -0.420312719901531 0.360706467193232 0.209690038614403
-0.247115607323336 -0.191495118559274 0.25425010436936 -0.300466899773351
-0.245996331868399 -0.119553602394766 -0.150008377815306 -0.319159564044144
-0.345222410687296 -0.0535486781614862 -0.287464849668858 -0.0649535243865422
-0.370188942863703 0.127117938089377 -0.207285511153318 0.0884566887592383
-0.31429701425401 0.272721417147955 -0.108772978986096 0.102842345008744
-0.303073442779266 0.301152281930885 -0.0455308007635696 0.105032782911007
-0.293784650711335 0.309980143333284 0.00436907918392315 0.0981663813018379
-0.380918938007 0.276249409477736 0.0852521822580102 0.0816111011767991
-0.432171312379186 0.113535916362181 0.140283227753475 0.102679051072213
-0.432341870541131 0.00983909305352868 0.109009877482785 0.214220623788648
-0.440024464865692 -0.13806133882349 -0.0530700293968387 0.247469214847114
-0.358553368053571 -0.422906777598264 -0.156335873512979 0.19354487244011
-0.196531965731184 -0.599708567553095 -0.0213825299592813 0.210263937786028
-0.0603313909976238 -0.404188854516266 0.00197736053542575 0.272459937677891
-0.186054072672109 -0.247369229034489 0.342444194614484 0.178621818455407
-0.156735332289983 -0.0446171906808941 0.161202429298745 -0.248864148951402
-0.0971168525767711 -0.0628377045372605 -0.156444204748164 -0.245422944898331
-0.215904323054999 -0.0623892269180105 -0.293866266970135 -0.0379567327380659
-0.270827651650336 0.0873055582099601 -0.263520912498797 0.124682813898382
-0.255054497579445 0.214681624746574 -0.199882179504171 0.188528796343842
-0.270355528504691 0.24230086381258 -0.144596009303289 0.225681532401167
-0.281542311201282 0.249300854906704 -0.101149546546028 0.219009588206414
-0.354691523071015 0.195979076761909 -0.0330446716311472 0.180663519695071
-0.364869787287381 0.0354118674266762 0.0233961452349724 0.16051616218883
-0.32490726765057 -0.0333501963314257 0.039598213334683 0.236130217976118
-0.364793811591484 -0.107568180417458 -0.0789658137953857 0.265946629253731
-0.332403977674914 -0.377103095131346 -0.146405125974358 0.228171573004269
-0.176891330475721 -0.547458688182912 0.0104826751939071 0.35238187650382
-0.0817415533296269 -0.253806372672603 0.0272327448778167 0.348265097742238
-0.160499576643694 -0.0820287146303688 0.306492045318153 0.123938755895304
-0.0598291740953677 0.0501597037250937 0.0890942751876638 -0.193655126320076
0.0162390749051434 -0.0374645764482045 -0.135951803544983 -0.183906142065102
-0.104415187945164 -0.0695362347009551 -0.277964077209819 -0.0218538880338172
-0.162709870201861 0.0392298563237636 -0.289266633292934 0.147658967806957
-0.173127592507381 0.128191306559186 -0.260280733474205 0.252808196846771
-0.194940089266275 0.14468609632222 -0.220123126618156 0.314284400960308
-0.217062053838773 0.140708935965369 -0.19729396422307 0.30301802976545
-0.248288099586762 0.0755296928262797 -0.153844036218163 0.235751009641111
-0.204010821647906 -0.0402784973702564 -0.0886224002231013 0.178233182104723
-0.142261489763383 -0.0387402576126348 -0.0273181242961734 0.236636735127188
-0.232848511567859 -0.0345908728404163 -0.116428629246018 0.276154983739288
-0.249170404758966 -0.26337459137739 -0.169413390022168 0.238006988026255
-0.124281888555929 -0.396143732018632 0.0202691968123259 0.449928351731577
0.000906143388970884 0.144233121369567 0.155618662368849 -0.467570705109057
0.129188446387406 0.0888054205455256 0.220862359001388 -0.121364665186672
0.090312911789425 -0.0545368443473639 0.296939619624505 -0.190064990095163
-0.0543887277925639 -0.0562162641305856 0.112626436372703 -0.184767252218805
-0.0343867933069581 0.0488094558965991 0.151118694066088 -0.0494947868928105
0.0385852499734218 0.0401809976018684 0.298178089656225 -0.0655551214828572
0.0744811291528187 0.0132982735961644 0.398768962952277 -0.159386686354294
0.0810666361423473 0.0200826900535117 0.393949883220843 -0.206274352042522
0.073369326428873 0.0284506110132229 0.375935953464507 -0.146985648483067
0.0464697292831701 0.0525822207716481 0.327155814896743 -0.0353028645310517
-0.0183645698420571 0.0664115306650359 0.244133427345445 0.0970873931394637
-0.100448357741631 -0.00834832789116611 0.0691678303910322 0.16841168829184
0.00862256058119622 -0.101073819340213 -0.0946157299135821 0.120055950966942
0.117664908095375 -0.00256794068600516 -0.187670595490605 -0.0820693892000857
0.0539470588490822 0.111871225544543 0.114447241247648 -0.334726406458598
0.0750183511654069 -0.0857839872852829 0.163361234355043 -0.465322527267548
0.131425722634291 -0.150621413759991 0.231792502817464 -0.031836997309146
0.0278843510749276 -0.238334605718277 0.369461649257966 -0.170638653114847
-0.163217180379311 -0.212376621979905 0.116276703077851 -0.216857260056147
-0.211884353020653 -0.0592053076274479 0.114741006344512 -0.0402625746228522
-0.168754485565363 0.0269891096641432 0.272056171239571 -0.0241247303187317
-0.107871491866287 0.0702991738504651 0.389507674810057 -0.119898835684663
-0.0807698033526192 0.079291566568784 0.389636420544403 -0.185791356937621
-0.0599750009843553 0.0738142521045929 0.36655683238237 -0.143666761149642
-0.0796902643786699 0.0622797832086079 0.331927721547008 -0.038713902871349
-0.110680728133611 0.0242714766719183 0.255954609840818 0.0932649818132466
-0.157067690455255 -0.0464610017419765 0.0713368763803856 0.16879813517947
-0.053938958256271 -0.159770606043739 -0.0935736088442054 0.108355369517768
0.101934554627238 -0.140185796612509 -0.189355347596345 -0.0527689761113149
0.100857493059324 -0.0794981270789066 0.0682464079281375 -0.298120684128311
0.164925811096816 -0.291773058453195 0.131688564833132 -0.372092446043672
0.147468490675783 -0.379140723707775 0.232697265089973 0.0959692983338891
-0.0246024719614058 -0.401133777986593 0.43267938832546 -0.154396322982552
-0.240364469711444 -0.343375502451701 0.114895872927502 -0.276548753654014
-0.347248720709566 -0.172770696134866 0.033139250094907 -0.0696211645983812
-0.342599855104547 -0.0086758300686534 0.176932291233002 -0.00311623981870659
-0.27353995983224 0.107082004206384 0.305557775285901 -0.0746052448946006
-0.230107918921282 0.127334987217215 0.324564913949268 -0.140385606371108
-0.186140608554476 0.121391813424755 0.316069799855817 -0.117187489466317
-0.210177893596743 0.0837333073925168 0.315219424731316 -0.0328706222477912
-0.224682118106788 -0.00344942930296406 0.267405516237034 0.0899114762841358
-0.240692827119972 -0.0859566491685807 0.0793654443509645 0.183131479706341
-0.140182642824699 -0.22153085015263 -0.102997062671049 0.121492716504093
0.0503843572364581 -0.278843527637177 -0.204206406916291 -0.0281572248125078
0.113947764559964 -0.275996424565941 0.0155896450051163 -0.227367751129013
0.234653242760476 -0.433679274174635 0.0648679554620704 -0.218765725921546
0.145332811426694 -0.530514927492129 0.232826758474774 0.231859120688335
-0.0787285569695087 -0.484127881002945 0.46543661557276 -0.142955763271339
-0.278525169747585 -0.393318539574003 0.0951948225358488 -0.339858533524802
-0.410472796482726 -0.240368408710431 -0.0723389670547462 -0.122793135143948
-0.447742329436941 -0.036455393119099 0.0364455801787956 -0.00151628247117306
-0.387918913672831 0.125008648278912 0.166587988839853 -0.0315674327162257
-0.34590982794046 0.156353041427122 0.211950202517784 -0.0752939170835023
-0.296986095267461 0.159504814772617 0.227217543276572 -0.0653233457751424
-0.337591469610193 0.110860262867056 0.264954454535525 -0.00620509960562403
-0.346992235690644 -0.0200802587637805 0.250997589229297 0.0965354800288831
-0.339990635702344 -0.119255699658797 0.0801744925101316 0.203431787718357
-0.242316117347122 -0.280785152056658 -0.117429219307774 0.147267054065976
-0.0270588809818584 -0.411038534780856 -0.21944686168458 0.00642867342637108
0.106483909203582 -0.454195300470025 -0.0318870783048171 -0.11908000412514
0.249714910278887 -0.496005475200558 -0.0199920606486099 -0.0390533306036857
0.100687919956742 -0.556898683026584 0.234636115998644 0.334800210317949
-0.12361540968187 -0.435485454168641 0.44168300270056 -0.14600240405402
-0.254430751627098 -0.334913499088979 0.0503033097938461 -0.370963633979371
-0.388141977427449 -0.242089720411799 -0.173411725049337 -0.160820609586151
-0.461184561611302 -0.0494439111655995 -0.10780208440288 -0.00542980669938741
-0.431923911890342 0.128455793049057 0.00871354762924832 0.00829358575295983
-0.410157284481135 0.163182929838392 0.0668428874473472 -0.00103039232744357
-0.375386304007392 0.174887327019483 0.10413910470898 0.00980325113509929
-0.434387190607307 0.120753663996273 0.171200434234425 0.0461736564549346
-0.438671733281384 -0.0437717986644759 0.186552047672233 0.118540774359149
-0.408770962447921 -0.153664526334659 0.0543321510885051 0.223687771588345
-0.322498789309528 -0.321834206682913 -0.134749485757073 0.176999304907495
-0.100609467695838 -0.506775469341468 -0.224824131014807 0.0521179908578274
0.0923013576430797 -0.580974654516458 -0.0734473316427343 0.0235074330258652
0.206945603384854 -0.475473575969404 -0.0934960395901969 0.127048686980724
0.0200608830615877 -0.467399572176948 0.238728292355139 0.362213783558119
-0.140173971505869 -0.282583238136093 0.362448616633113 -0.153874062765594
-0.168171197764213 -0.214348678175678 -0.00326190920277293 -0.348276914497466
-0.290355533241462 -0.20041265062214 -0.237149991335547 -0.168973294269585
-0.395209983236411 -0.0444992177847583 -0.222256766750719 -0.00568309852805016
-0.408149321417486 0.114726999613837 -0.143481224690412 0.045250484734218
-0.415559196000786 0.146234849214526 -0.0880390061037659 0.0746327752519922
-0.404275424643314 0.158111561943623 -0.0400606270037621 0.0877164681161327
-0.468396517650092 0.0916612713776701 0.0394487980194518 0.104075121445678
-0.450338153825863 -0.0850594014575124 0.0762233005580978 0.142365115651833
-0.390898476923941 -0.180771019945198 -0.00149985921243583 0.232661112414833
-0.333925490158993 -0.319856413451301 -0.160768838932467 0.195056293759534
-0.138701279264236 -0.538156628585217 -0.222846686634579 0.10233820358191
0.0821767213479342 -0.628296163406028 -0.112241217333914 0.179161413616747
0.126637682610994 -0.39424624563214 -0.133303996319838 0.254067997231771
-0.0627232599626628 -0.310356283767014 0.238076575570004 0.319885937988234
-0.122544845148485 -0.106635733618515 0.256223468151193 -0.152516879763947
-0.0596312654268816 -0.0998491871294797 -0.0391008061105962 -0.288538642802028
-0.170572488229442 -0.149415444246912 -0.255918531086453 -0.153109323894315
-0.286269670317794 -0.0361294040157268 -0.291005898744324 0.00211038676710546
-0.32876572592824 0.0889961191172133 -0.264260306807566 0.0824196214634803
-0.358453839090244 0.109110728583145 -0.22832575386278 0.142274684017641
-0.366695778243712 0.110317335738699 -0.18703032265497 0.153208094147922
-0.410606538936264 0.0305747514693427 -0.110659542174508 0.143499794204402
-0.354870349119565 -0.125547645870404 -0.053816721652117 0.144688388098551
-0.276029748655269 -0.172472558194072 -0.0718029465096655 0.221997211134106
-0.279037594736916 -0.259065786039532 -0.19236385247843 0.200437295659593
-0.134601313152082 -0.484221815017072 -0.232705198564451 0.138725283580085
0.0774755549318964 -0.570974888710662 -0.151801841591073 0.321692809106324
0.0395075634318984 -0.268227370434506 -0.139208083577778 0.334749317215188
-0.111946108745583 -0.146530113346572 0.230433743702421 0.249996229146836
-0.0758976541335416 0.0219230224450026 0.16676162596041 -0.138604142537056
0.0304340981802385 -0.028106937661106 -0.0476640943966789 -0.227648425812681
-0.0659427100995455 -0.10590603830208 -0.248595788118589 -0.136460104565365
-0.165667888252497 -0.0314501988482791 -0.327016013533571 0.00886275518067354
-0.214851469840368 0.0477034458469063 -0.34564954657935 0.114922368831751
-0.244447738342148 0.0543292963955746 -0.335748852965899 0.188522243745899
-0.259597987688664 0.040659715375821 -0.309013282926042 0.187723120333658
-0.261601394050916 -0.0314853037276907 -0.242690469718344 0.143860777915309
-0.17475651660686 -0.126446058873608 -0.159109291493962 0.115745388922208
-0.110420611833282 -0.0984761317426303 -0.130651514826789 0.195984694614486
-0.192138375121957 -0.13159586053478 -0.233683623195313 0.194127935561776
-0.112041100854657 -0.342504444333738 -0.261258496625232 0.13873003951041
0.0591464367066932 -0.409686632005523 -0.190766874785097 0.416570977310584
0.0101182329591255 0.141351196756173 0.132452329804057 -0.464421391261355
0.131919947966818 0.0772172345404012 0.217674422305757 -0.133765158684691
0.0830344377917076 -0.0590441690488631 0.283454349556824 -0.206082075466207
-0.056802241008106 -0.0480975037770966 0.101253800721906 -0.18497851757121
-0.0277420297662146 0.0510865268748813 0.149939603372284 -0.0535258523224663
0.0412532739174226 0.0356594120625926 0.292425137007537 -0.0810273270235626
0.0744584777164577 0.00572538344150544 0.383958318670995 -0.181593306960704
0.0818380645602541 0.01089294264639 0.375911648365569 -0.224256716187998
0.0753601367217942 0.0208994039454134 0.363220841884905 -0.165019730546858
0.0501910992794631 0.0468575617577493 0.322112362330042 -0.0533896892817962
-0.0123489592430097 0.0647958288688657 0.248610407507644 0.0804807846893252
-0.0984187621624146 0.000404938408070448 0.0814042010295375 0.162749330288437
6.92532549801802E-05 -0.0992447302618213 -0.0836822622184736 0.126455132242692
0.114451091316538 -0.012852917576532 -0.18660977388587 -0.0659826386264656
0.061079194395038 0.104728881969361 0.0919631032247334 -0.3366714569212
0.0726947331287519 -0.0876229941767392 0.139043830037085 -0.460751492658037
0.123469104543383 -0.159288932835372 0.233028027752725 -0.0477882536880256
0.0155130869349929 -0.237609311710708 0.355818716518878 -0.192006889205434
-0.172870739853373 -0.198909133279214 0.101396520868359 -0.216092834012936
-0.211051326185822 -0.0482324839591082 0.113323856241642 -0.0420265295733992
-0.164496591396449 0.0338942832215456 0.270191713805194 -0.0382901905992632
-0.103959241342387 0.0726652897275519 0.377239588730921 -0.143130311154031
-0.0757356612167192 0.0789000535121742 0.371680346581494 -0.206429372305901
-0.0549926730440645 0.0743140375521243 0.354970021244944 -0.161474370571791
-0.0736566557566289 0.0631768029108322 0.327875251470467 -0.0598897410479533
-0.107068707025517 0.0301819553629587 0.261751377777014 0.0756749509677272
-0.156101875952189 -0.0351426239146512 0.082956597955677 0.163124992989387
-0.0621615214195516 -0.154508267375598 -0.083703552797974 0.117730559457676
0.0925810548044029 -0.145290659933695 -0.187661250829922 -0.0362639439578004
0.0967389762160632 -0.0847014217526556 0.0498750019001798 -0.298965123629598
0.150947144129827 -0.293896153347544 0.111912477025357 -0.369617612056807
0.128543550112504 -0.384421875579565 0.242392858353426 0.0770208282505706
-0.0426147653628758 -0.395558811719635 0.420722940368961 -0.179613474079454
-0.255697391923971 -0.327763816531673 0.0962870927078965 -0.275081595226996
-0.35183288659619 -0.15379246410639 0.0322163764680235 -0.0686188912968722
-0.339734355941859 0.00956827790852639 0.17747616357659 -0.0139702612992026
-0.265684158271161 0.119400271251466 0.296497781101674 -0.0939246770720776
-0.220179034914716 0.136857309927103 0.310951154022475 -0.158795470366357
-0.178276868090672 0.128359218504462 0.307135577424299 -0.133502963986328
-0.203753228587902 0.093535514740323 0.312583682143616 -0.0527593147173697
-0.223413989643299 0.00921522087922894 0.272351255881787 0.072749979927341
-0.240313825041894 -0.0696347727737857 0.0941595965986662 0.177266864782692
-0.149153766778614 -0.210750220786111 -0.0917160657393727 0.131202488155023
0.0352702878778493 -0.279867399929508 -0.202831428803249 -0.0117494436004978
0.100711171428319 -0.277959289364469 0.00351075408959737 -0.227165860577598
0.210834261530922 -0.437083200163113 0.0513692392291359 -0.21370848008374
0.118256660187821 -0.530616927792026 0.248881690747396 0.213779098747462
-0.0965957582359024 -0.473816503910511 0.451241676663752 -0.171314565506478
-0.296912817868187 -0.374434930237781 0.0731526475633919 -0.336720893367476
-0.421428512322253 -0.216521226051983 -0.0759669758943792 -0.115199765810062
-0.447104892593591 -0.0129519399271252 0.0385047162778598 -0.00515689478724456
-0.376779620590577 0.144253917352853 0.162790322210204 -0.0433754644661107
-0.332934729448134 0.174614797780611 0.203174511333989 -0.089762807555543
-0.287317359065266 0.172875580451468 0.221696135975579 -0.0754603593482527
-0.329186881110328 0.126621979791556 0.263665402748722 -0.0222465067900839
-0.346866162454038 -0.00109535668287516 0.255958583631738 0.0787589763971838
-0.342018438171567 -0.0998807830343147 0.0967192489779347 0.197318923019283
-0.252022943100423 -0.265125272333412 -0.104757594046319 0.158799852529888
-0.0467551167782808 -0.405053834571504 -0.217114266020365 0.0211322760922546
0.0834419961295304 -0.452134528166961 -0.0386909164366732 -0.117722115286996
0.221962923958148 -0.497390114548963 -0.0236960493280359 -0.0319432501358198
0.072133535570619 -0.555091906786242 0.254122049511356 0.311826606600185
-0.138107943220586 -0.422134722387779 0.426469320111067 -0.174257408536526
-0.268982157734459 -0.321589385541285 0.0272880786794835 -0.365620277032977
-0.399057324765763 -0.220583754656552 -0.178377664411866 -0.150217419538536
-0.459403662040689 -0.0231855874784118 -0.106461025424891 -0.00168938596180012
-0.42116031721981 0.151066090732813 0.00741688993289357 0.00475312804896608
-0.39677189123551 0.186954412319289 0.0641844162043247 -0.0074250788882446
-0.364742830981593 0.194121515074043 0.10352762159324 0.00396451253509419
-0.425946875678135 0.142361304417192 0.173764521498474 0.0331064058938045
-0.440819737370739 -0.0186495707575777 0.194245420934067 0.103279272506832
-0.412485708178525 -0.131415224643061 0.0725964563606365 0.217691685245456
-0.332217086368231 -0.301419740698918 -0.121488242716319 0.18720227906215
-0.123415018397971 -0.496808096074462 -0.221273788238577 0.0673467314902313
0.0619874567232288 -0.576942058163334 -0.0727862211017385 0.0226524636605554
0.178114945892008 -0.474723813923372 -0.0873317154758581 0.134340951925391
-0.00460527332084763 -0.456997813516093 0.258732345746779 0.33971991079471
-0.146456570438075 -0.267706354761493 0.347466534491317 -0.176950029493277
-0.175910234150915 -0.206664347705929 -0.023948737184373 -0.341861747613743
-0.302352009295481 -0.184157346816186 -0.242127517136005 -0.154065141276903
-0.392875101401765 -0.0212662977056016 -0.218744639740434 0.00473522951970054
-0.394242712514796 0.138365272506624 -0.139493010296162 0.0504319642321692
-0.401994887617724 0.171986418998495 -0.0838636820204227 0.0764323472580004
-0.393374752088313 0.180926923404209 -0.0345087564792356 0.0897656273024465
-0.458561301291467 0.11612390785635 0.0453496693577033 0.09905436877024
-0.45506256443987 -0.0592420777295263 0.085367795112813 0.134244070547128
-0.398386410387212 -0.160337023493127 0.0146848535193673 0.230912086450165
-0.342994145967755 -0.300505850417695 -0.146508255084193 0.207814136890381
-0.162382528767518 -0.525817842084607 -0.220337986168949 0.11679996341573
0.0503881386511278 -0.619642352569948 -0.102103564886725 0.177810588833834
0.102019905060006 -0.389657512309814 -0.121508730446495 0.260118401903755
-0.0778440725660075 -0.298842817273491 0.25322698840268 0.298295725595702
-0.120351338361113 -0.0969948928872415 0.242421518234729 -0.167301405248953
-0.0634957605173099 -0.098409640897952 -0.056675460246747 -0.280387184876908
-0.181680080535631 -0.138495299818932 -0.261006620921034 -0.137247369311744
-0.284434899710525 -0.0172321519853335 -0.288064149060466 0.0165434847151923
-0.317261056101381 0.109556242856551 -0.256783262959046 0.0950503253904456
-0.34717448707542 0.13211721999333 -0.21919282209894 0.14971810101478
-0.357816086319511 0.132050700778286 -0.176269882541582 0.161577679376729
-0.406250026536823 0.0547149438899179 -0.101797322665071 0.146570188579354
-0.362454238441348 -0.106540320219494 -0.0434948072312451 0.143520240391487
-0.283589027300559 -0.161159061092369 -0.056463719977704 0.222762251531696
-0.283739291992609 -0.241890831236897 -0.179691423740091 0.212676666598798
-0.1561535198677 -0.470441052375324 -0.228052840361793 0.152215614070823
0.0467111021636353 -0.563243666105162 -0.134060346876074 0.31998036865693
0.0221780852379791 -0.262005879769462 -0.12108950172523 0.338090938334127
-0.117774608971508 -0.133756350246028 0.241750950340327 0.229560650365351
-0.0688176507942147 0.0261568476079554 0.154410181926304 -0.147573452660175
0.0281531772516189 -0.0321576527546041 -0.0621121561997849 -0.220218358006003
-0.0759876113319475 -0.0999194138902506 -0.254030224438138 -0.119620250527143
-0.165165502121997 -0.0189504542221812 -0.322564048676048 0.0255090691478974
-0.207437606041872 0.0622885107779497 -0.33631009062863 0.131932560395161
-0.236888466278658 0.0716695761032463 -0.321523421750533 0.203383423436207
-0.254353704756879 0.0595412342268269 -0.296438044420319 0.202154547686849
-0.261340064511671 -0.0153992497619318 -0.231512109685097 0.156855799506368
-0.183801160398808 -0.116097122498676 -0.152330821751126 0.122235497494963
-0.113272605168921 -0.0954557274242224 -0.114629313555043 0.197409063381388
-0.191856516107852 -0.119431057702073 -0.220307633434403 0.205721761631098
-0.126770567989542 -0.330511313776342 -0.257052211767959 0.154225609912945
0.0339837705281108 -0.404347062221837 -0.167492999267499 0.414221375090016
0.0181321809057649 0.138253970237025 0.115723520707505 -0.455622800909708
0.131737311451131 0.0662805016071912 0.212360877622329 -0.142627305347391
0.0759203614439241 -0.0608679479370861 0.269940522929592 -0.215426086317977
-0.0574553298590561 -0.040365003396388 0.0908239550563741 -0.182740122287833
-0.021321950159508 0.0524069981208286 0.147261310089976 -0.0552743503195042
0.0428034252452366 0.031238569337259 0.284850524403837 -0.0906156103911874
0.0727401494184846 -0.000213805404326488 0.366466658491255 -0.194138232386893
0.0807096079196807 0.00343927713509978 0.357773143546859 -0.234616039315531
0.0757203722889317 0.0143694804974896 0.34957548865267 -0.175656792872265
0.0527020156043765 0.041993593792588 0.313942273103463 -0.0662444524898295
-0.00805813898604256 0.0631453844544577 0.248473196598864 0.0666177472850682
-0.0942964461395061 0.00792353785268646 0.0892708129412817 0.155893551412049
-0.00595871380401678 -0.0969456638016806 -0.0734142684403094 0.130434962489062
0.10996473952389 -0.0206722126602763 -0.182223538354371 -0.052481023428582
0.0660008401100297 0.0971040690762338 0.0748792766433899 -0.332356233062549
0.0707472530004193 -0.0877267399342417 0.121783388293605 -0.449965674998002
0.116269138575867 -0.163427249787204 0.231964616001636 -0.0592179097028142
0.00636736336956542 -0.234002774375913 0.34063042495976 -0.206177980006244
-0.176629925305298 -0.18673132681493 0.0905462057066765 -0.211612839476735
-0.206948643033645 -0.0394472552789474 0.113077566800376 -0.0426713189512763
-0.158797527161099 0.0381468105910349 0.265830440051141 -0.0495679486742432
-0.0994782311409993 0.0733423043400201 0.363173392185046 -0.157284029140273
-0.0704667761727959 0.0770798504162659 0.355676323000689 -0.21763311050789
-0.0506676744329025 0.0721676370277767 0.342289688536952 -0.172822462816752
-0.0692434944813979 0.0621826922938964 0.319716725969285 -0.0733860901327175
-0.103622562479631 0.032291670206015 0.261301432792545 0.0606850902119816
-0.152331707159938 -0.0267754810449237 0.0914720128252642 0.156693568265434
-0.067510490349576 -0.147996188934881 -0.0736641627581468 0.122966809522044
0.0844768380757071 -0.148723545620194 -0.182328965901693 -0.0249774466094574
0.0938282366762486 -0.088531937197617 0.036151262651088 -0.294541117798047
0.139767656252128 -0.291769511391244 0.0971189347257113 -0.360677918149778
0.112717719735829 -0.382704206058606 0.246786896589714 0.0626152528617952
-0.0529188874997742 -0.387576072058989 0.403932493020416 -0.196840881989994
-0.262852584071682 -0.312497120309741 0.0822004244218786 -0.268751654255212
-0.350635156888622 -0.137358139215638 0.0321938544418403 -0.066743373584107
-0.333380713190041 0.0219952188199226 0.175110905630136 -0.0216715982170064
-0.256560562869411 0.125609141917763 0.286663055999407 -0.106522109581134
-0.210667095787158 0.140421537376704 0.297163026651416 -0.169502005531913
-0.171114853160656 0.131701348790928 0.296974687347454 -0.142022800193866
-0.195941420676065 0.0968914977659736 0.305374536811959 -0.0672710444139769
-0.218828043032384 0.0164844237589744 0.272441984250647 0.0576211400357437
-0.236367584758899 -0.0584530260613333 0.104120491869459 0.169912062682577
-0.153245447419185 -0.200501042303589 -0.0819201459074919 0.137115567441211
0.0245712416692334 -0.277598232928182 -0.197480348712608 -0.00019497587015781
0.0891262374130351 -0.275653312952425 -0.00628431820377395 -0.223386851698088
0.192161931954447 -0.432600558171929 0.0424495448891315 -0.2056736630515
0.0983696382738809 -0.524700420397523 0.257422793777547 0.194889782072505
-0.106073882655026 -0.459817327677411 0.434457952532831 -0.191238727304643
-0.302428606236868 -0.357775134873852 0.0568582607261674 -0.328738420002717
-0.42270436057133 -0.198207633054479 -0.0750336443248531 -0.109298672772715
-0.439104709109839 0.00431639651652894 0.038980920601091 -0.00893886910495869
-0.363908680948705 0.155428681139803 0.157248236961048 -0.0516362061148451
-0.318924299216161 0.183657421078152 0.194084700953986 -0.0982362652096615
-0.276371619124569 0.180820644829448 0.215690957185931 -0.0824586618599917
-0.31792605562323 0.136999438649254 0.259707720371881 -0.0363235480606506
-0.343115489939129 0.011465671374398 0.257718996083789 0.0644577765012586
-0.338142491349787 -0.0853345119203503 0.10785138675878 0.189351822375371
-0.254296293503125 -0.25048578778641 -0.0920194131231429 0.16518349274779
-0.0586114958936122 -0.397643061802596 -0.212876554082613 0.0333389012273006
0.0667528927775327 -0.443137068038694 -0.0433183080971972 -0.116518051432687
0.200840357919959 -0.490811898179183 -0.0253338777080697 -0.0257118017550329
0.0517261125661412 -0.544078297326491 0.265441718993719 0.291763854749575
-0.144405317516606 -0.407678652629253 0.410787251606701 -0.191958435895253
-0.273993166530973 -0.30786927735377 0.0116506926325214 -0.356435236031671
-0.403683147718339 -0.201685610965514 -0.178091686350216 -0.140079238015764
-0.452409980038638 -0.00491587300842916 -0.103208134731016 0.000351673294592888
-0.407420877064874 0.163942573577167 0.00616853652833099 0.00157203288900485
-0.379775931027904 0.200785483820091 0.0603686995093479 -0.0131638933674846
-0.351242392726228 0.2063147048384 0.103189476094318 -0.000196158086270293
-0.412604429178966 0.156466552592198 0.173057136393453 0.0229631501758526
-0.438003858956815 -0.00119286002958236 0.197379195927179 0.090319594978473
-0.409618070291955 -0.11520981149652 0.0841543820853629 0.210434805143311
-0.333624816296222 -0.284845599977997 -0.10796368651727 0.194891269829354
-0.134211504067452 -0.482811162002999 -0.218206179104142 0.0780432516420973
0.0416946094717903 -0.564472087468436 -0.0712613943884591 0.0214076276223326
0.156936493130099 -0.466164661978389 -0.0818467307037581 0.138021963555071
-0.019957452454487 -0.444086048320462 0.269515938909098 0.317531854473688
-0.146305641691325 -0.255637810940924 0.331424554483925 -0.190458889708124
-0.179082245008255 -0.199044745146193 -0.038172961062886 -0.331852694353357
-0.307583084090223 -0.169379099323072 -0.241669619011334 -0.141999552883127
-0.387382172833364 -0.00432897171025889 -0.214087496782481 0.0113741252450943
-0.379426770695457 0.151529109492705 -0.136478288599464 0.0528684578969692
-0.386189708165231 0.187310854018266 -0.0820141111727011 0.0744602942167201
-0.38012880908235 0.195506474810171 -0.0297147908553262 0.088544125604123
-0.447201680543404 0.133639760214491 0.0494253190836296 0.0937752791303112
-0.45347711689982 -0.0399288571304979 0.0914148106362414 0.125604460950944
-0.396952079694773 -0.145598649743411 0.0283958035030109 0.225062294558735
-0.343235387727728 -0.28240913776396 -0.132984740849869 0.214809705152474
-0.175899593818162 -0.508780753450635 -0.215395823321955 0.125587871932657
0.0279941613882689 -0.604862142868092 -0.0948489126283719 0.172786537196379
0.0827551059237842 -0.379885475123838 -0.109922272557341 0.26138831184781
-0.0859039120676383 -0.2833041418704 0.2619311017395 0.277684941056851
-0.114505399919596 -0.0894055188399196 0.228081229138769 -0.176922942213015
-0.0655018433217783 -0.09720655166917 -0.0683876676523817 -0.270681626308389
-0.188332908399874 -0.1282942538823 -0.259729543304466 -0.124387820303039
-0.279649479904283 -0.0047185647360499 -0.281041141681499 0.0259094442209411
-0.303675192397636 0.120745691154558 -0.248963607468831 0.101393473350329
-0.333151171689158 0.147747766798244 -0.211053643208588 0.152838275581937
-0.346523160381621 0.148378118989224 -0.165985747700682 0.16422646762319
-0.397128190173285 0.0713977522038958 -0.0931551013585804 0.147596891216231
-0.364015377738751 -0.0898003001659831 -0.0365361250115643 0.14126918705866
-0.284992878695451 -0.151791423521192 -0.0431375398229753 0.218662164678109
-0.281377589153754 -0.227654799315569 -0.166905733006769 0.219307542644098
-0.1676972830825 -0.455298996960756 -0.223081528287526 0.162179889479086
0.0249820478477394 -0.548803093645101 -0.120251598477565 0.312503341403579
0.00909770809819734 -0.252867035700869 -0.107092473710153 0.336461906732705
-0.118526246916143 -0.121923938233332 0.245481750887715 0.210363429669118
-0.0619332725481544 0.0277854835272545 0.142693550535357 -0.151798628100087
0.0253049068696057 -0.0366139829035045 -0.0722322046622405 -0.212269412995197
-0.0831456561393897 -0.0934826315714509 -0.254842858754693 -0.106376105896625
-0.162343238419648 -0.00959804855639737 -0.314646752328747 0.0382912507889552
-0.198123195364887 0.0721142175050839 -0.323369182058041 0.142065083017819
-0.227570519841951 0.085053518046303 -0.30839736327366 0.209709026811048
-0.246673859244584 0.0734009650881987 -0.281104908162033 0.208913994775858
-0.258981988678832 -0.00193054180402223 -0.22108030976598 0.162647242602877
-0.188542575808672 -0.107206006307954 -0.145347892183274 0.124768900987025
-0.115738618414892 -0.0938742995810184 -0.103160984708601 0.19600597647599
-0.186585659479533 -0.109331704039132 -0.207429655419131 0.212191171282182
-0.13561923912466 -0.317784196464683 -0.251567597118269 0.164422727566618
0.0176119757073945 -0.394078442949791 -0.150350360504728 0.405615598142441
0.0239442483327015 0.13474539954176 0.105948397300655 -0.446733506222529
0.13078061511892 0.057815083173078 0.209662879656102 -0.14946687486338
0.0704932244640683 -0.062170485620246 0.259338015193843 -0.222657338980365
-0.0575242722316296 -0.0344284066159138 0.0836063390399154 -0.179621169237281
-0.0156689657184244 0.0522834685043789 0.145834382362143 -0.0557469213061328
0.0440042583772729 0.0288495081065606 0.279424015261383 -0.097703425385749
0.0702288093593099 -0.00482127146136466 0.352970818252067 -0.203292174886125
0.0790309380945724 -0.00329974834351255 0.344946209915897 -0.240153536628431
0.0753794528682099 0.00860424722566397 0.339296651628632 -0.181502006644367
0.0536496479476012 0.037610051596369 0.307938164458767 -0.0749968098809453
-0.00377955862566788 0.0611286961344037 0.248779865164947 0.0560359210629937
-0.0909579405956285 0.0131240043298584 0.0953759181192186 0.150394382320594
-0.0109141228213716 -0.094514036500064 -0.0650685981377277 0.132878714153488
0.105670191077737 -0.0269094479517983 -0.177601804447469 -0.0428074088870026
0.0693211332396994 0.0908254812755633 0.0624118381098735 -0.328036918279506
0.071298855909084 -0.0874823157023829 0.109518193149425 -0.441650948011385
0.111673517916475 -0.168503224226204 0.231931077242858 -0.0683380934096218
-0.000146680612675012 -0.231763344194098 0.330015054253299 -0.216735878134513
-0.178762427424202 -0.177782190350665 0.0814785011290601 -0.206510170617143
-0.202933132678582 -0.0328971143583074 0.113292249926022 -0.042713480341104
-0.155415978686198 0.0408941292864408 0.262127990716768 -0.0576445527949026
-0.0973474381582293 0.0726879281830812 0.35155090021879 -0.167190399695398
-0.0674170586699937 0.0747624768302943 0.34236401479231 -0.224330690549972
-0.0481092811490782 0.0703487852925823 0.333261057198517 -0.179401083290777
-0.0657814875455315 0.0614046410693087 0.313274770068996 -0.0833072827433646
-0.100557886272938 0.0339040542103079 0.262438919163066 0.050444647888676
-0.148641457511273 -0.0199965280570892 0.0991583654046416 0.151321163925767
-0.0704878757396311 -0.142537151404526 -0.0649744285947624 0.12682902392675
0.0783315437767314 -0.15138315478793 -0.177798005982968 -0.0151201463301717
0.0913964280174677 -0.0911175822668803 0.0264731007646253 -0.290512044099256
0.133859793220431 -0.288259903683479 0.0878605731062745 -0.351091979155759
0.103996381100539 -0.382434469031491 0.249399121515416 0.050537485979553
-0.0591198789051348 -0.38189922610864 0.392024118939708 -0.209811601033862
-0.265609807937743 -0.301466293423807 0.0721731318842035 -0.262889088107559
-0.349501577991856 -0.126702519710294 0.0329593334764507 -0.0655052131009915
-0.327825094825115 0.0301986054507918 0.173550110472229 -0.028649067348085
-0.249822909113076 0.128553065381273 0.278055710591945 -0.115985235251722
-0.203284244352544 0.141673459662086 0.28591239618057 -0.177127700947081
-0.165650140946983 0.132888530664308 0.289810221798326 -0.148316933629983
-0.190726341816935 0.0996038013542159 0.299995649846685 -0.0770751279195048
-0.216279712139435 0.0219685163730648 0.273080231525977 0.045328978140735
-0.232453484524018 -0.050284443145396 0.112338333764376 0.16367001489048
-0.155640746775654 -0.192554015825309 -0.0725075532987568 0.141823489332805
0.0170820660756948 -0.27607749113217 -0.193079434843678 0.0091565543015415
0.0827412605289507 -0.273460862767343 -0.01335298492289 -0.220267455941041
0.181133265335297 -0.427839431129707 0.0370912702110835 -0.198897698578657
0.0857338891710265 -0.520581073805801 0.263408422724076 0.181031939640943
-0.112466745775668 -0.450857433441012 0.421470681359428 -0.204231343729013
-0.30583130492557 -0.347297321070287 0.0454018228759265 -0.321875501275478
-0.424559445297904 -0.186535886463061 -0.0739389928154654 -0.105332549219174
-0.433685608608111 0.015254592844125 0.0385965182126615 -0.0120586905423487
-0.354545894189305 0.162042896007579 0.152952791945925 -0.0586572930534592
-0.307783133455704 0.18896824159401 0.186122808522107 -0.104788137373555
-0.268811361283331 0.185930915286956 0.211857650842435 -0.0871770890645096
-0.311266630664741 0.14283817129349 0.255442250704605 -0.0464134980405258
-0.340007523199574 0.0216581875196872 0.258169341185774 0.0527359995902224
-0.334598946702856 -0.0755998231511569 0.11701491113783 0.183034807238832
-0.255195759706369 -0.239975217275588 -0.0814330291076259 0.17001236082758
-0.0660932395866644 -0.391895490277403 -0.208966840061866 0.04278374000433
0.0556023069945004 -0.435759246539039 -0.0461703561588283 -0.11590182122528
0.185826592911798 -0.483061111022593 -0.0262582841575121 -0.020039271149084
0.0383817642827677 -0.53374003792982 0.272574745341722 0.274857475058951
-0.145684128098641 -0.397755700548811 0.396714426291936 -0.205363857950245
-0.276079056082324 -0.300062852062639 -0.000969671011182298 -0.348133601273591
-0.406143712584395 -0.189257336570471 -0.1761876184311 -0.134230367400731
-0.44693264086308 0.00938870904499585 -0.101761742588977 -2.04368622739309E-05
-0.395370613845101 0.173241759616249 0.00501620522870511 -0.00127500405253031
-0.369347691828173 0.209000592684733 0.0572673130526638 -0.0174631098566242
-0.341866781162395 0.214400589859969 0.103077795868544 -0.00339084602795557
-0.404848271804248 0.165623458372583 0.172364166490055 0.0140424373054371
-0.434842768252137 0.0117199761323702 0.19938220198782 0.0803967342614486
-0.407646420669619 -0.103754425935695 0.0941004891978477 0.204145771780841
-0.332994401676821 -0.272659230424234 -0.0964941453201201 0.19999454397027
-0.143942439008507 -0.474019534736278 -0.214999595623947 0.0867410219080667
0.0274211627880332 -0.55319374960595 -0.0705563601178486 0.0187130308711822
0.143271710169919 -0.45745289124151 -0.0778837040812785 0.141182663278538
-0.0285676268195921 -0.432246647573189 0.276155002285454 0.300664735010314
-0.144342054772169 -0.246911442797744 0.319720332098217 -0.201444993829971
-0.1800382158131 -0.194314038593936 -0.0481396383091382 -0.323438981677832
-0.310751892868033 -0.157774584647286 -0.240430013857642 -0.134461247561275
-0.382456296612905 0.00719405696224793 -0.211388634374618 0.0151131013744532
-0.368340909533338 0.161037609081533 -0.133915246937793 0.0535738462962047
-0.373185035025416 0.19826975147041 -0.0802983980223008 0.0726940310039824
-0.370558831240649 0.205975625526152 -0.0259188087419025 0.0878165980393807
-0.439458660127876 0.145868332178626 0.0521831203306252 0.0882363023696388
-0.451763034303686 -0.0267222460358151 0.0949644733095008 0.11828062830972
-0.395552608603756 -0.135640126013087 0.0380253157582669 0.219793681424683
-0.341103111552868 -0.272041146391328 -0.123132320148292 0.219533783878547
-0.183479551619265 -0.497605055294315 -0.213299417256111 0.13365010227006
0.0112036610374231 -0.592357422596789 -0.0899268381353405 0.167067879985438
0.0711494328669347 -0.370494383212203 -0.101970971619908 0.261920767403962
-0.0896953895965186 -0.271856789426863 0.266570125176911 0.260629137286603
-0.109165432798491 -0.0841580503437992 0.217481087315393 -0.184269577204589
-0.0662551631804671 -0.0975565943824696 -0.0765659677660717 -0.26275437692137
-0.192541143123772 -0.119954235494456 -0.258727931100464 -0.115126575932524
-0.275400450145816 0.00583501830046639 -0.276828245266628 0.0317239802746767
-0.292883271286448 0.129996658874586 -0.242522948552844 0.105413237648864
-0.32202516060248 0.158815038015244 -0.205342168142681 0.153863929666584
-0.337698509057421 0.159430352449016 -0.159187259854629 0.166050239833034
-0.391062777642451 0.0837982190105925 -0.0867967665843972 0.146655476666757
-0.365939017839025 -0.0786021543766553 -0.0316491019221474 0.138104011774874
-0.285791470935044 -0.146021227969523 -0.0345087262875246 0.214614412362041
-0.277239166271669 -0.217589428536931 -0.157351891135762 0.223452663659193
-0.17526399597583 -0.444411473798982 -0.220497096055247 0.168818411559915
0.00950786819817436 -0.538340385698357 -0.112818333963938 0.304518340759343
0.00138556800754722 -0.245278257402974 -0.0967374736774594 0.333887846995731
-0.117176983577079 -0.11324674190916 0.248644738012665 0.196155379500218
-0.0559523312030724 0.0287545888715607 0.134220881962636 -0.155955511889943
0.0231831163923867 -0.0393609096155417 -0.0786867243232511 -0.205542047938693
-0.0876695438794367 -0.0879754362828452 -0.253162256745142 -0.0961934954787077
-0.1598498382775 -0.0028203433435416 -0.309320432481999 0.0467810619912231
-0.190284376726467 0.0786788905098077 -0.314278673310201 0.14858042707181
-0.219265792764912 0.0945599801019073 -0.298833345568997 0.212858606460323
-0.240416265310778 0.0838958016720721 -0.271212910803885 0.213595122194642
-0.257265573681924 0.00784861222805783 -0.212454431625944 0.16686484501128
-0.192773533186375 -0.10123161545198 -0.139803579599452 0.12584577073234
-0.116680668071127 -0.0940489637557663 -0.0950164668622307 0.193097604158737
-0.180760416023629 -0.102841724183392 -0.198573090698818 0.215914973879771
-0.140286553787135 -0.307581220166975 -0.248728681435579 0.172481548480806
0.0048108093943356 -0.386336002849038 -0.139851555779091 0.396472684693655
0.0304457254502935 0.131371476904029 0.098078884231181 -0.440727843942487
0.130814907955295 0.0503851059508319 0.208770857297578 -0.15669651494253
0.0662958922775497 -0.0631420913332888 0.250312529627516 -0.230721958183016
-0.0569007547261975 -0.0284070221634207 0.0769861030026654 -0.176441890178659
-0.00983050517822702 0.0518508455509265 0.146198704809909 -0.0561260117000619
0.0456624301559264 0.0256283603986895 0.276230784891515 -0.104921345289658
0.0686231747066864 -0.00857709175678301 0.342128302853788 -0.212448032941719
0.0775800639001157 -0.0100062602501384 0.336719693298198 -0.244876695181334
0.0754310336495489 0.00293321380875969 0.333692441412323 -0.189630641664538
0.0550219392237512 0.0331297339676955 0.303451749154432 -0.0838246782319022
-0.000212812841636055 0.0598667973772441 0.249827856157316 0.046502312217125
-0.0882699993092444 0.0183839462478801 0.10217074798317 0.145583910486217
-0.0149570908371588 -0.0923138339276406 -0.0564834486341004 0.13588314801269
0.10189804102742 -0.0325886993943375 -0.173971104327907 -0.0324985878138778
0.0722141472058503 0.0847784694676739 0.0513118710423419 -0.325547431449674
0.0727460736459606 -0.0889360116589181 0.101626379835247 -0.435381131854773
0.107621233899136 -0.173147353853071 0.233279081619105 -0.0776793870732802
-0.00533958931606628 -0.231295108409872 0.320580665286731 -0.228780717424039
-0.181180276665252 -0.170909425035605 0.0750234958104559 -0.202600186267246
-0.20050854218249 -0.0285995133598063 0.114614502167542 -0.0436024706434607
-0.151929087951849 0.0431954008116292 0.259585700315788 -0.0650450799060373
-0.0956207046222139 0.0727933657036362 0.341840858736803 -0.178091729991912
-0.0656041373111681 0.0721102244836142 0.331858020199968 -0.232384665619793
-0.0456562615756442 0.0674727547484613 0.326999845026775 -0.187568014721491
-0.0638400262071332 0.0604421913223889 0.30851793718727 -0.0934087465267096
-0.0974002020137864 0.035231766712129 0.262732364549515 0.0391837481673454
-0.145330289064379 -0.0134146212796946 0.106185451039366 0.146502523141081
-0.0740049990282242 -0.138411501406384 -0.056690832947344 0.130659412866582
0.0722292012886825 -0.154555724327413 -0.173302838850376 -0.0059589786634396
0.0890545908592812 -0.0937676315472127 0.0173882992534064 -0.288066440496898
0.129235362182646 -0.288183692089267 0.0799769228585155 -0.344392353446804
0.0956857221890577 -0.384966879199973 0.253635174222205 0.0397838922129561
-0.065582985837716 -0.37850099142345 0.382722804519376 -0.222370275569029
-0.271511994038007 -0.292793091102422 0.0634069648314728 -0.2577744600171
-0.349765987175311 -0.118928762767045 0.0341425157598714 -0.0654856730618484
-0.325234401506407 0.0381996977294988 0.171864060442273 -0.0348665477045039
-0.245676220772999 0.132504246994085 0.271398226611892 -0.125141101108756
-0.198030660533648 0.144214772074597 0.27750641196292 -0.184275864277011
-0.161174895654129 0.134427987225031 0.285271737638871 -0.156100277041418
-0.186354954010688 0.102252367862042 0.295708072161763 -0.088340508094414
-0.213943498975333 0.0268086594014193 0.27475330997745 0.0339236595873466
-0.230080674240053 -0.0422679376048292 0.120188748645665 0.157649344804459
-0.158640040115747 -0.185674021574971 -0.0632905730376584 0.146338104534956
0.00951428444964593 -0.275845030317549 -0.189332862496806 0.0187685293420704
0.0759965816819381 -0.272294586894156 -0.0195247373221733 -0.219015275721661
0.173004398044992 -0.426032515444272 0.0326046936143576 -0.192224143013372
0.0737852991855441 -0.518340544110326 0.269896656586038 0.167964924315763
-0.118289015570247 -0.446043954250466 0.412756650345533 -0.21980771159197
-0.31097858978907 -0.340340923693528 0.0350797641826222 -0.316576852863878
-0.426678150668385 -0.17434150097405 -0.0740739474380046 -0.103577908431719
-0.429766904120002 0.0264723395522646 0.0385993213986512 -0.0155724711167772
-0.34806874861718 0.169659800812397 0.148518286788008 -0.0645768428234533
-0.300042591042715 0.196250974397778 0.179478835324969 -0.110537314001717
-0.261934155670118 0.191792662861214 0.209438144048826 -0.093799789850552
-0.305455525301989 0.149817231776032 0.25308944024652 -0.0562108422217822
-0.338507357096366 0.0308650805746862 0.259878659323721 0.0416231069461711
-0.332634638575881 -0.0666097865628219 0.125936409063457 0.176435186603272
-0.25825237164523 -0.232303915545318 -0.0718504477430789 0.175155492001221
-0.0750643185805215 -0.388721322060051 -0.205856081533695 0.0528825726966159
0.0445835954186659 -0.43252906724157 -0.0493779421043866 -0.115816078569477
0.175118110706702 -0.479081271841447 -0.0259692747759167 -0.014973036036868
0.028239581159948 -0.52888844648997 0.281455460921726 0.260245024909016
-0.14949365079217 -0.389742584588492 0.385871361961957 -0.220493617484224
-0.279074187452581 -0.294333867913414 -0.0117012549780387 -0.342941864183605
-0.410466191917837 -0.177730279219903 -0.176621642831376 -0.129929294185822
-0.445605559018774 0.02025817788682 -0.10091332061182 0.000348744776403734
-0.386069571757245 0.182283074201931 0.00361747177360033 -0.00418001061258484
-0.358465956100984 0.218147840493155 0.0533398280229091 -0.0215315697149283
-0.334513408666828 0.224170836946337 0.103729019497929 -0.00713540414582655
-0.397160863229368 0.17659345725759 0.172564350206046 0.00586892770194221
-0.435589298020678 0.0244204052767166 0.20139210595234 0.0708997786235529
-0.407157134018325 -0.0954724184297349 0.104241207987681 0.19878293452422
-0.333921249553623 -0.26360772969297 -0.0868376233615195 0.205237740515386
-0.153222667073672 -0.469182064938703 -0.212223740290501 0.0962526931463883
0.015628948726249 -0.545018592508703 -0.0713299774700961 0.0156842024905688
0.131823642477293 -0.451668731025584 -0.0750977471000308 0.145576133867018
-0.0358898983781411 -0.423911074496254 0.28295778014278 0.285662132924647
-0.142739646556972 -0.240173059124848 0.308776794739545 -0.21270130474608
-0.181588771641038 -0.191314141737935 -0.0584115928548255 -0.31775620395763
-0.31673926795504 -0.147473226623744 -0.241269778747016 -0.1287554637591
-0.379696975855957 0.0175841588445828 -0.210069842588983 0.0180183241082467
-0.359301462581848 0.171580800977969 -0.131894876573978 0.0544528721379416
-0.362831543002047 0.208922446321492 -0.0804646171684687 0.0719015314274996
-0.362302065183203 0.217607681178167 -0.021492862486393 0.0867423557783645
-0.434714424070404 0.159261439813077 0.0552855251866482 0.0832561513853813
-0.451397073584577 -0.0135315040804388 0.0984061139967578 0.111646164828473
-0.397486484712844 -0.128314273064355 0.047247315998877 0.215975591143906
-0.339831622111723 -0.262465478968362 -0.11339961640468 0.22488725079217
-0.191056601411781 -0.489524535858267 -0.212210856803558 0.141938968123388
-0.00064964172036939 -0.584600907477134 -0.0875261469089864 0.16198971057827
0.0611019102063408 -0.364105746475858 -0.0958689286962911 0.263702881676866
-0.0930754029971578 -0.263366665518533 0.272393851751844 0.244989983553886
-0.104425682113663 -0.0797842696491841 0.208715556428662 -0.192572259447473
-0.0680747094103686 -0.0975626473853016 -0.0850663124717769 -0.256770147284226
-0.198475620679921 -0.112209898489987 -0.259713678870382 -0.107834327144444
-0.273886832841898 0.0144467096450216 -0.274799931138632 0.0371315221056844
-0.285106370431118 0.138203443389249 -0.239033055598711 0.110320859697006
-0.31309602234206 0.169458111341818 -0.20151196790579 0.155624858266611
-0.330249458079167 0.171208692406545 -0.151661284024505 0.168246031342453
-0.38912756366654 0.0960874591642334 -0.0810641370964022 0.146189716839181
-0.369267822078425 -0.0685301692681221 -0.0270924239726779 0.136636121627048
-0.2891660017398 -0.142267175423716 -0.0258607970358146 0.212694558443652
-0.27489469644772 -0.210284574815499 -0.149302597869658 0.228388914484467
-0.181630557846222 -0.434940026752846 -0.2189209737903 0.176607337182034
-0.00267184077195436 -0.528370052589608 -0.106739383398958 0.298061084220204
-0.00636464154776825 -0.238922108790471 -0.0868272438139408 0.33312386507813
-0.116809108124574 -0.105738290253753 0.252572662422304 0.181466007655016
-0.0504876483270356 0.0296745647328619 0.126233636575992 -0.16188554845409
0.021041875067757 -0.0425360731685289 -0.0859388784830582 -0.200960518784508
-0.0933787551983652 -0.0824260793935022 -0.254792603155803 -0.0881243464558807
-0.158119123087408 0.00428971846618786 -0.305417638564246 0.0538723998527954
-0.183243354994257 0.0853937441271189 -0.307495901528421 0.154434137325617
-0.211663633097597 0.102732026006078 -0.292709545919689 0.217150211119056
-0.23429885333715 0.0946477522052106 -0.263834516581747 0.217761208984248
-0.25658500149499 0.0171633991370641 -0.205941106807487 0.170847035233472
-0.197926995684054 -0.0948872966345793 -0.136153733168421 0.12739074107529
-0.118657378136265 -0.0956977156083937 -0.0884532205354834 0.1917830840688
-0.176511479003536 -0.097432979802561 -0.191379548818323 0.220713347766707
-0.145800447120666 -0.299099899587212 -0.246792792887939 0.180758203926102
-0.00533109921947348 -0.378125884586135 -0.130276038371143 0.390795379279917
0.012500153496873 0.135326622368444 0.173519308550045 -0.407096632220595
0.116420234052744 0.0696382585279424 0.234136896012742 -0.114014168978539
0.0719613134631784 -0.0442193278821194 0.285932579185379 -0.178903327857185
-0.0476719651605194 -0.0307354104209887 0.104644129814254 -0.155620082577106
-0.016467507118729 0.0499551192948349 0.154589739232833 -0.0278683081540117
0.0397158860626385 0.0324100636305757 0.289944378868845 -0.0523437953747227
0.0653109242252633 0.000107784316386758 0.377048744571837 -0.143278275529518
0.076524202842657 0.00025136642183329 0.371394059309316 -0.174230428000588
0.0725532989194633 0.0149486137044487 0.361693283794239 -0.120578967177878
0.0473304891595168 0.0398534855061806 0.309484379133116 -0.0233343107318503
-0.0102187079888485 0.0560653490782037 0.235064138096844 0.0914839462984649
-0.0856845257115293 0.00176351897801127 0.0722478156594638 0.162054554063812
0.00322593450745025 -0.0919550978764531 -0.0779922244698574 0.123355395797214
0.103226878760546 -0.0139629985900301 -0.162051029077922 -0.0594890815458858
0.0550917039123699 0.095513598924976 0.117286960492878 -0.316049897106596
0.0934158765127233 -0.0663819199634492 0.177223307280566 -0.40353560978064
0.132436829275409 -0.147856738988556 0.252895438608396 -0.0326577252776939
0.0346454766485386 -0.218480944733466 0.357702316853529 -0.164843951315497
-0.140421861879167 -0.188217429729905 0.110363295769353 -0.183321111075226
-0.185781793796118 -0.0618255780823425 0.125640506393932 -0.0202320826985887
-0.155775562669388 0.0134964806399801 0.268777087106301 -0.0203111363797745
-0.107603014269502 0.0496768949175543 0.367321100363163 -0.110420517941594
-0.0795551032700515 0.0553553418455498 0.364240193290426 -0.16304815835615
-0.0582977994306656 0.0544047813073683 0.35393640672239 -0.121793997284769
-0.0733164061207329 0.0431001826865467 0.315424736284137 -0.0322670013569684
-0.100728850835456 0.0138655559874173 0.247115800663187 0.0852592890937092
-0.133538261239964 -0.0414157668478061 0.0747002521804123 0.162928890020691
-0.0430999547290966 -0.148985142963234 -0.0795752145599662 0.117610599474509
0.099686922864875 -0.137085062461646 -0.166119018883126 -0.0348556847657982
0.107005232450855 -0.0735865899344005 0.0762337278596107 -0.286289574776867
0.183447839132101 -0.24590256166142 0.14335280118501 -0.320981780765202
0.156096264736341 -0.351690262781483 0.2596272749118 0.0866233141744438
0.00437814356145493 -0.370689517499032 0.421656493409725 -0.152063864704022
-0.201830237952046 -0.321842593062186 0.112320348542539 -0.241248359563121
-0.313878857931591 -0.176725437853563 0.053369108939248 -0.0540910009449453
-0.321321075534808 -0.0239575580760574 0.179983078399234 -0.0103477107968441
-0.262168098352451 0.0820788057746966 0.287773389935712 -0.0749634194971017
-0.222590199677644 0.102417564481116 0.301981705310516 -0.127632819973561
-0.183438003387339 0.0972895964624055 0.3075059010425 -0.0999628087633105
-0.20065492585034 0.0617209754983633 0.300397153569862 -0.0301095350496052
-0.213950979211472 -0.0167294601639513 0.255636893614301 0.0816466416454639
-0.208297455676768 -0.0871153288527433 0.0839283793810227 0.176105684102496
-0.114185478061616 -0.213312591307615 -0.0902196441168204 0.131376563430798
0.0635826086527057 -0.266192411669782 -0.186458075192091 -0.0153995692616603
0.12981958072668 -0.248937567092258 0.0242674434161467 -0.226206060939969
0.248652015910113 -0.369936810145972 0.0703371018673126 -0.181065051875925
0.156697372948662 -0.480507295160042 0.25711930758075 0.212939137503966
-0.033153908157351 -0.443366003237787 0.451428287871304 -0.146389790837702
-0.229528737753831 -0.376352175755003 0.0954206809328662 -0.3045019984026
-0.377569344178424 -0.245134450065065 -0.0438415997578277 -0.11075447082068
-0.420198424930029 -0.0542605594158187 0.0466498213795785 -0.0184622274712654
-0.367373842238334 0.100948393143859 0.154722586901456 -0.041252629086772
-0.331822055592313 0.135420041604427 0.19341816504802 -0.0751897160804551
-0.293183740160814 0.134800811659939 0.22135798670208 -0.0539735105609514
-0.324745283190607 0.0856230683430747 0.251166067396027 -0.00827483854612572
-0.336568765807219 -0.0363381580725631 0.235775185119358 0.0861502386045182
-0.302278620594517 -0.133037740059908 0.0824680703581452 0.196120816259919
-0.199714954447437 -0.280668072405731 -0.107829175132094 0.156996823174259
0.00631000726057172 -0.393508105863389 -0.210330403173289 0.012473006192612
0.131357906246833 -0.410227061715074 -0.0273642470876687 -0.131575062013842
0.257290151111886 -0.422229821274008 -0.0190535924467968 -0.0202479380803019
0.111665613788424 -0.498211577876193 0.251655050440279 0.305099182629639
-0.0697977295587076 -0.392231643413898 0.424045390538089 -0.152630910017296
-0.206090297363129 -0.326479346219867 0.0537485426519175 -0.339147254849942
-0.360957347374665 -0.245076044221822 -0.141034331483454 -0.156083711320376
-0.433416697617625 -0.0632368654808003 -0.093489478421691 -0.0293101820988945
-0.405587808545687 0.108445938867955 -2.99440191334728E-05 -0.00914320385267141
-0.392471123565724 0.148033719602132 0.0543087703384414 -0.0130905389906684
-0.366633292545519 0.153316818512106 0.10127198503668 0.00896099331563084
-0.421103100233365 0.0958172675643426 0.159556711936174 0.0362668919972092
-0.429733265997396 -0.061149410439247 0.170300072633647 0.104082552771228
-0.368321063897184 -0.177475048700815 0.0539526349502472 0.212809662952704
-0.2655829953106 -0.328867342069328 -0.131722299116332 0.182468810276417
-0.0532098749899167 -0.485162153650253 -0.227251903726407 0.0528604653619729
0.124914973992584 -0.525527433731852 -0.0774016720610483 -0.00536506842921567
0.208260790746536 -0.404350059584343 -0.095160150529517 0.12794288771528
0.0330643784294989 -0.405080080192605 0.246399812469299 0.324135132617983
-0.0888093190976729 -0.247440312528224 0.341821504434368 -0.160108167756162
-0.132842799455538 -0.212631022065487 0.000529411053475353 -0.321737739269301
-0.276833064588964 -0.197936732891503 -0.205741710324183 -0.165739095995866
-0.36943086822107 -0.0503235844591831 -0.205060251696592 -0.0304975928666271
-0.377227442661304 0.103584209014316 -0.144673488072927 0.0220580268351265
-0.394662727025157 0.139523816287751 -0.0931970097635907 0.0518035405752343
-0.393341143998594 0.142049649840169 -0.0395109135127514 0.0766621504686384
-0.452373915335063 0.0722991247741414 0.0318052391981747 0.0880117615111997
-0.441182130187442 -0.102597166269862 0.0613395227385625 0.123323595761417
-0.354166492668395 -0.207991014827951 -0.00545257257968574 0.216436631939065
-0.272555330620209 -0.328768520021134 -0.162965065010616 0.196919382342778
-0.0843469589748811 -0.513418779853643 -0.237377816043163 0.0967579674054345
0.117032452567829 -0.566335342670415 -0.125002948995486 0.137028070572517
0.121765441234037 -0.336117856662642 -0.137729010294875 0.237912254142618
-0.047854969355978 -0.261390544234717 0.236410196085168 0.279645218673748
-0.0807631937435823 -0.0885790988522553 0.236412590804369 -0.156474769121532
-0.0426940939591499 -0.105191285056792 -0.037482928913596 -0.265872391335052
-0.169841814660059 -0.14266457364493 -0.231409034634888 -0.148841667024875
-0.264233444966019 -0.0344732553305636 -0.272743715025211 -0.0202062021492849
-0.297569709217477 0.0860994780402576 -0.258747326476641 0.0572814449452692
-0.336175587295402 0.11110696661669 -0.226028389190363 0.111029336410509
-0.352468749772154 0.104489766799383 -0.180957528308051 0.131267091986561
-0.395726607486885 0.0214637839599971 -0.111905818045617 0.122628481821204
-0.349554653964762 -0.139470641760793 -0.063401092460474 0.122494579254085
-0.246418395063182 -0.200379453098948 -0.0746996016314585 0.19721383284992
-0.218129846498554 -0.263560606942015 -0.198989822693607 0.194448183892074
-0.0866577954534732 -0.456453371377431 -0.252723080493431 0.130842864270396
0.103753462891422 -0.514132315772586 -0.172443147758151 0.268261095683722
0.0327145708778741 -0.230111031437521 -0.142132496506971 0.307348947826951
-0.0960787077424263 -0.115691694215247 0.221581421801945 0.211453769103027
-0.0492156814180847 0.023430079808017 0.147558518595172 -0.139522518834841
0.0300509169852352 -0.0378616057478269 -0.0496845788464531 -0.209703067863194
-0.0740446008941597 -0.0950561606871668 -0.232034523910346 -0.127584754291349
-0.151515236373912 -0.0237620013191847 -0.308229222969885 -0.00650559195038287
-0.189511523645158 0.0541328552835048 -0.332713026980172 0.0911789157883085
-0.224296766675713 0.0658838584933782 -0.325398603147761 0.153594954700208
-0.243232693719479 0.049636507370355 -0.298362222622454 0.160109023173323
-0.252595052610646 -0.0289606290537266 -0.234812903022677 0.124477838971534
-0.177637480509913 -0.132274315133939 -0.163506581669583 0.0941894881192979
-0.0932229747402248 -0.120630928457128 -0.126610685856803 0.165033347575183
-0.146021990873782 -0.130912514973243 -0.23678423290849 0.180322308809308
-0.0803722226918752 -0.316435131150075 -0.282683379399857 0.131868246945146
0.0700544124642014 -0.367995868888511 -0.214600721369509 0.355714741887015
0.0191277897818615 0.131193715807919 0.162615838613725 -0.39915052367931
0.116765025176289 0.0603209996198071 0.232570370164728 -0.120556884941706
0.0669579441849144 -0.0454769887335591 0.275139527760604 -0.187686361014521
-0.0483800698681481 -0.0247718088222701 0.0969979042676983 -0.151686351076615
-0.0111549040977579 0.049141213337474 0.153858435552492 -0.0289123719218667
0.0415468085317455 0.0291225802851951 0.284006785133083 -0.060631465702812
0.063369194281774 -0.00378919830841407 0.362714308065038 -0.15209492201903
0.0740210298311432 -0.00632263571648528 0.359003249525308 -0.181024262808211
0.071530412457621 0.00833714749857631 0.351894286478362 -0.128783522432451
0.0487313116749907 0.034986030693191 0.303973646504185 -0.0325044432626077
-0.00685272959920651 0.0544587234614627 0.235571022677443 0.0797326404917562
-0.0830466332570882 0.00785113426777303 0.0786614639896471 0.155852133922355
-0.00252167039871324 -0.0897500523249377 -0.0688981043210219 0.125795345089377
0.099294517952726 -0.0194988301075809 -0.157849154652286 -0.0493908958985461
0.0575187673781427 0.0894851472834935 0.104804735953952 -0.31314450454966
0.0935220067884745 -0.0675164457815862 0.166009965593394 -0.394574694589282
0.126946772821631 -0.152992716519871 0.252983550649709 -0.0424402201291928
0.0280204742900343 -0.215826861219801 0.345721149313189 -0.177170111456916
-0.143351838785805 -0.179550688166954 0.100980075675553 -0.178828267340358
-0.182272380924185 -0.0562024138315688 0.125244737521464 -0.021840411097377
-0.151380834631113 0.0155552373114703 0.264956505027401 -0.0291905857529906
-0.105245840637421 0.0496419335036809 0.357213352716094 -0.121780110323322
-0.0775770578708526 0.0529776217309726 0.352896072584597 -0.170273088360643
-0.0555590823915368 0.0521608947269799 0.344688155618943 -0.130781635317183
-0.0702828282698305 0.0426914157550571 0.309223354469328 -0.0434491709401755
-0.0982427881255355 0.0161248727465008 0.246844770747562 0.0732589642630209
-0.130549430736296 -0.0340290802214141 0.0820435232696148 0.156386545033145
-0.0477809966484333 -0.143566077776506 -0.0700969190733332 0.121191022409852
0.0924741703824424 -0.139444880153875 -0.160752989990903 -0.0248710874413201
0.103515420493743 -0.0755803959937436 0.0648727758679315 -0.282911757587994
0.17677381971454 -0.244874834508838 0.133028550487931 -0.312777462891546
0.146092942953651 -0.351776021307929 0.262662929854977 0.0743493972389452
-0.00377618806929511 -0.364466746186489 0.409639850074874 -0.1671083726464
-0.206041706407814 -0.31073054550897 0.0999884889742139 -0.235909740530797
-0.313252289265173 -0.166504075412539 0.0532445880888065 -0.0546372193907683
-0.316320861868128 -0.0154530068402948 0.17685737662252 -0.0170782001249759
-0.256140510534008 0.0860134979004371 0.279102609542351 -0.0842760128276688
-0.216495369577939 0.103678635215342 0.291427729999682 -0.134555803379133
-0.178305134089964 0.0994482115083125 0.300158863241803 -0.108704996405695
-0.195451805216865 0.0649283096525176 0.294318342028073 -0.0420230944799029
-0.210738600018873 -0.0104607379817211 0.255428534731123 0.0688674118466814
-0.205404832569777 -0.0783759908603565 0.0928676168351224 0.169992698044828
-0.117370401358084 -0.205101674631003 -0.0809447395367205 0.134684350613993
0.0547194938232461 -0.263835318978404 -0.181519060486381 -0.00575764718987351
0.121235466294413 -0.246009359846858 0.0167052947976356 -0.224055641641678
0.237234912545056 -0.367636029557952 0.0640458936965141 -0.174492826230779
0.143087343438878 -0.477199486092905 0.262250461974757 0.19962126067756
-0.0404521293089249 -0.432573898395535 0.437696280933035 -0.164088174998402
-0.23430017254003 -0.365061979891946 0.0818596164340208 -0.298928046354408
-0.37757651337047 -0.230471688146256 -0.0449886373804245 -0.109253095109967
-0.415060289497398 -0.0409109356391884 0.0453854047823768 -0.0215508562209457
-0.358702516381095 0.108670248522887 0.15012411003297 -0.0482016375667457
-0.323926792928593 0.140934983924048 0.185510446634413 -0.0816980129390989
-0.284004876297095 0.140326598694761 0.217732791796669 -0.0621551029861761
-0.317975688271967 0.0934179390989484 0.246739930669713 -0.0189063484503017
-0.334143367285942 -0.0269559545282602 0.237098279149444 0.0736259736430022
-0.299076798765958 -0.121672632806085 0.0922105566676684 0.188352060182569
-0.202015522142224 -0.269546198582217 -0.0969875563532918 0.160251637448802
-0.00368182049049652 -0.387508455790329 -0.206256850964464 0.0219732530906767
0.119211994152975 -0.401810116127014 -0.0322883266650299 -0.13146226534333
0.242144515213156 -0.417897288155131 -0.020625086097475 -0.0149383223187683
0.0992242990730617 -0.490701862191926 0.258583684790194 0.288464298198945
-0.0726523243282078 -0.381222077243369 0.41053372941894 -0.169169756446925
-0.209607432873153 -0.318016072126697 0.0396675749879241 -0.332304773381261
-0.362418184517506 -0.231083244743932 -0.141857850934925 -0.15043258906886
-0.428775754912368 -0.0483121925872927 -0.093897165132626 -0.0280720002592767
-0.396109932431766 0.116369033781684 -0.00111456590527518 -0.0120801408961262
-0.381844159157044 0.156394772228922 0.0502436046088697 -0.0170321822552897
-0.357688780720202 0.162318628504102 0.101982188693778 0.00363525033333301
-0.411599425171973 0.106574359543871 0.158866920273199 0.0270683913999485
-0.428043732177496 -0.0483891352965234 0.172498743145892 0.0940196244435816
-0.367985899065144 -0.165501109955239 0.063669345854559 0.206054514088531
-0.265686470321573 -0.316442786007066 -0.120707376239942 0.186642354609485
-0.0636767054594893 -0.477016224009817 -0.223235894136559 0.0619686739332609
0.10801125214221 -0.5162472225721 -0.0776007643662795 -0.00817041023865079
0.193516320815387 -0.399563871669265 -0.0923574369798273 0.13067345749052
0.0228161158021771 -0.395766849073964 0.253224750778717 0.306681375630965
-0.0880348137885352 -0.237925631790194 0.32924102948593 -0.173057365473996
-0.133267977902554 -0.208360589876572 -0.0113851061113526 -0.314863789592279
-0.279086786230861 -0.187428925980566 -0.207711913469674 -0.15888798935665
-0.365224344763765 -0.0391909166929638 -0.202884834536356 -0.0257947346772535
-0.365940037065754 0.112752968935395 -0.141918549086589 0.0234283120021754
-0.382023169179131 0.150271958815206 -0.092981508649725 0.0511106378411233
-0.382313451708063 0.153212197803306 -0.0355676576079455 0.0745846997195423
-0.443474046934766 0.0873101161960728 0.0340444326674613 0.082245989680024
-0.439904655893185 -0.087518127946759 0.0652646428086496 0.117062450108995
-0.355508493058561 -0.19878273487274 0.00463148764733882 0.21149657611862
-0.271953631574691 -0.318518902629697 -0.153436614715405 0.201906570632403
-0.0955003556551692 -0.501855918035582 -0.234504326690329 0.106255662389981
0.0999271550735574 -0.55500096108246 -0.121635714549716 0.131525644612561
0.109126003562555 -0.329406170334415 -0.130486326458351 0.238699062901782
-0.0531253427744746 -0.250435460916756 0.240677497001992 0.261158105990374
-0.0761676783417108 -0.0827174613945105 0.223551989607172 -0.165968967460712
-0.0434177444612492 -0.105293938342185 -0.0474238951395549 -0.259486549750443
-0.173483719392852 -0.133731655203493 -0.231939257659813 -0.140323703504734
-0.262431354276098 -0.0252600527887179 -0.269807546954586 -0.013663874636769
-0.288407981504291 0.0938180386757557 -0.252992453250501 0.0619842113114094
-0.325629570053376 0.121936293513997 -0.221747208282672 0.113543393311232
-0.342445520672003 0.116500405051715 -0.174197260049071 0.132629124811843
-0.389588289740569 0.0365482664216079 -0.105474748504876 0.121286662861554
-0.351325132576912 -0.126539904894003 -0.058142093245174 0.120742766800431
-0.248773435505902 -0.194155693374875 -0.0655202738739416 0.194051143200553
-0.215489961878349 -0.253740715143073 -0.190152080371794 0.199715849312123
-0.0956435678902125 -0.445740176893202 -0.249546647847277 0.13888024706168
0.0867666708940362 -0.502886665260228 -0.164822069827741 0.261191197514667
0.022769284554761 -0.222624945308494 -0.132007067595433 0.305423260925987
-0.0962719838268086 -0.106147728463985 0.224131040705928 0.194230592710956
-0.0441446239235405 0.0246750410618239 0.137163062621928 -0.145057058116263
0.0274388297792033 -0.0414558880053085 -0.0583249737780903 -0.204358151111114
-0.0786209226138117 -0.0892644378476743 -0.233047988633294 -0.118072282280178
-0.150184469611451 -0.0173081643313376 -0.304015229003576 0.00319891385762475
-0.182368090590556 0.0592648315880248 -0.324065254632222 0.0975986834235478
-0.216334935397802 0.074575088008916 -0.316723238129005 0.158792055557428
-0.236621429967548 0.0592650246456727 -0.288083644287007 0.164789803540993
-0.251683381956571 -0.0174758912444035 -0.226286987439491 0.127364328485928
-0.181921934964868 -0.125131761003897 -0.157919673751855 0.0958956783012789
-0.0954974200944051 -0.120760853750935 -0.118502785390042 0.162342128716839
-0.140654726853621 -0.124058786872645 -0.2279642155097 0.185934021161792
-0.0866299163791134 -0.305574624649125 -0.279298243644158 0.141095016164111
0.0550784741326924 -0.360635499711709 -0.202945893971197 0.348530935253966
0.024434194961622 0.126716207289402 0.157120227969689 -0.387257302856434
0.114013943608727 0.0523618581702122 0.231425243655034 -0.125237676874516
0.0629957308326099 -0.0456590900263866 0.264704299355561 -0.191928925016964
-0.0466536122802744 -0.0195447121570091 0.0911049274644819 -0.146128999249158
-0.00736711745414428 0.0481784651527615 0.152493789717607 -0.0292956458797877
0.0424632046255111 0.0263262011657981 0.278925544463346 -0.0647548866017825
0.0616079323910939 -0.00611544552065588 0.350553844336371 -0.155926845755149
0.0702039506510587 -0.0109601920948645 0.349195601597024 -0.182036507871135
0.0707325062162168 0.00287139729687274 0.344023666336687 -0.132250923216715
0.0500174362352777 0.0308528940104021 0.297589222789307 -0.0388329263978654
-0.00398679985070232 0.0525346412673726 0.232576165315645 0.0713583106036739
-0.0794815534317695 0.0118397184997761 0.0825568687828408 0.150212526457695
-0.00584290561878264 -0.0869343997275367 -0.0610784653917613 0.126551492472205
0.0944667676000217 -0.0237319782866795 -0.151159930567609 -0.0413745142621546
0.0594527696824974 0.0852626144080759 0.0935521712559617 -0.306656105262276
0.0942224455124052 -0.068132247084331 0.159884420576107 -0.382807556840125
0.123033147803459 -0.15591835432917 0.253046807855694 -0.0492797460448526
0.0235868467913225 -0.21259355440856 0.335080790927557 -0.185853501644207
-0.142863501920497 -0.171841889549724 0.0946395751704471 -0.172178426656048
-0.177129048137963 -0.0525171243930264 0.123727301358978 -0.0220534453998387
-0.147751016689271 0.01668018523293 0.259917502016731 -0.0336185342448862
-0.103278297527811 0.0481563798272724 0.345718134583394 -0.127483915474246
-0.0767382147185237 0.04974110263489 0.342577096105402 -0.173656208048012
-0.0540780460787838 0.0490312307562405 0.337006801904592 -0.135582994386653
-0.067192780233342 0.0405212457541721 0.302616692820915 -0.0501816652142632
-0.0952703054133461 0.0170955480513817 0.245204278773121 0.0640319107164739
-0.126350037395973 -0.0286444226390303 0.0864671653951231 0.150338934711945
-0.0504460784212207 -0.13812247010567 -0.0623154162430074 0.122292469159982
0.0868299249990572 -0.13908608760908 -0.153768317282371 -0.0176896900892765
0.100661142374223 -0.0756006641155656 0.0575909173069896 -0.278247690611957
0.172556624337362 -0.242041415054357 0.127406848340095 -0.302201912115549
0.138870726905636 -0.349736638733269 0.263344369031078 0.0649342398151603
-0.00658561172528129 -0.356812642985164 0.396832230418297 -0.178643757201317
-0.205891387196354 -0.301802799898061 0.0926960841926558 -0.228495459201314
-0.308529154639579 -0.158231612181951 0.0530892978343659 -0.0538236021872037
-0.310891665812054 -0.0116127677730807 0.17318155557081 -0.0211989324769754
-0.25083863198837 0.0865958242323342 0.271186085692366 -0.0902032594360278
-0.21124834820491 0.103725727809897 0.281476118284378 -0.137925268390573
-0.172227461334193 0.0980963991896355 0.293234543587532 -0.114561045272251
-0.190014039212845 0.0655540498997265 0.288308726378031 -0.0484808980932173
-0.207305975908614 -0.00607783558156223 0.253762265374831 0.0595039900158146
-0.200278344501554 -0.0717542945000115 0.096704312758213 0.162980717879656
-0.117735758698606 -0.197853290407007 -0.072793759354305 0.136907138142614
0.0487535281446425 -0.260205745097508 -0.175128095889744 0.00175836982124912
0.115459548489776 -0.240559521809071 0.0112852274255152 -0.221201652363676
0.228617224819579 -0.360856637896324 0.060666467191442 -0.166215328310551
0.133923554977947 -0.469550365535462 0.264848986163777 0.186795420972081
-0.0407869135165966 -0.423981858618904 0.424282828203951 -0.175137684759816
-0.23327730393359 -0.355532559810023 0.0725094291846071 -0.291316216464632
-0.375657203304727 -0.219912248574816 -0.0451808077454371 -0.107320858085989
-0.408593647791243 -0.0343895390495379 0.042889856302412 -0.0235864975486762
-0.350567003508951 0.110438410789217 0.145700642062657 -0.0523031301327302
-0.315183998210409 0.143088645679758 0.178182298246103 -0.0844422807493648
-0.275562747311463 0.141511423875501 0.213886131165241 -0.0678116331707863
-0.310122104124825 0.0964937605178366 0.242501988061611 -0.0264353074789464
-0.330228092956336 -0.0186161929433874 0.236110161820172 0.0647357902711241
-0.295049414346394 -0.114455879876244 0.0975506035840729 0.181500238934084
-0.200549613796082 -0.260440388206349 -0.0878839487378325 0.162499687884129
-0.010078093288398 -0.37889937124998 -0.200640740140044 0.0291450780213327
0.111991056067308 -0.391926950068955 -0.0348845891838289 -0.131022456070728
0.233215643635711 -0.410440770538289 -0.0217288635009931 -0.00946444594811572
0.0915390388972807 -0.479693644486256 0.261380491624981 0.273037163550461
-0.0719109536953636 -0.370050023318603 0.396760063312872 -0.18033135096533
-0.207960917745199 -0.311138436177298 0.0304347001281536 -0.324620782054712
-0.361650694947755 -0.220687608838344 -0.141682141414558 -0.146443838556046
-0.422132986383133 -0.03911923796606 -0.0939715149572837 -0.0277821700879213
-0.385699366723843 0.121545502867185 -0.00160147198478241 -0.0154157572975857
-0.370745035904717 0.160281588535827 0.0461759859799053 -0.0191609548534271
-0.347196615826637 0.166386614873487 0.100986165136989 -0.000617322421097583
-0.402437136239916 0.113046344107591 0.156607683521768 0.0199583872445094
-0.422754629819243 -0.0389095751611432 0.172853919770352 0.0859393583504094
-0.363713783596889 -0.15849875685333 0.0699098841745717 0.198773336826835
-0.2632254771002 -0.305945668909778 -0.111116422660209 0.188485962460444
-0.0681247366440418 -0.466555295619467 -0.219670492928018 0.0682946889243745
0.0996998686329052 -0.500318230427662 -0.0785174025023986 -0.011208378324827
0.182255635672206 -0.389581640446043 -0.0895483853425605 0.132365927433831
0.016899803855857 -0.38487482971725 0.252917230522438 0.288719111482169
-0.0839090408612892 -0.228930081413062 0.314317838437162 -0.182812945903554
-0.13151914323087 -0.205492969600764 -0.0203268416588542 -0.30661613649014
-0.280050588228676 -0.177967428175639 -0.206682386784928 -0.153536512317898
-0.360527707490846 -0.02995957669168 -0.201719704847936 -0.0231562226906906
-0.35537192808114 0.116590042944364 -0.139242766979006 0.0224747072129191
-0.372006901785572 0.155347175311501 -0.0928564059295999 0.0493937972092992
-0.371513256341651 0.158626001299335 -0.0319095105873902 0.0711095130398812
-0.433718585328018 0.0955172994230835 0.0352953067917193 0.0770752952478242
-0.437306337807879 -0.0782657344449802 0.0672578316903903 0.111566188532714
-0.352930152638603 -0.193319699586658 0.0110383060796857 0.205603654911788
-0.265943400613021 -0.308610855892216 -0.144594711863847 0.203836038126709
-0.0985454637940401 -0.489745692999976 -0.23175616691189 0.111505513487839
0.0886462644956763 -0.539167833409251 -0.119289314813575 0.124711699320401
0.100097384533052 -0.319505393067999 -0.124944674698795 0.237001020070219
-0.0552179627057782 -0.239858311348935 0.240691545110061 0.245006740671038
-0.0705385687447387 -0.0771811789403143 0.211365092895144 -0.171959229594475
-0.0437344643517958 -0.105447331072295 -0.0537906395558542 -0.251745112308315
-0.175615232628683 -0.126952863004821 -0.230864477942084 -0.133649570148436
-0.258792693173519 -0.0183209069894098 -0.266941511156205 -0.00908582868251763
-0.2793648955166 0.0978650377904807 -0.246420804819789 0.0625312064788177
-0.315813591524162 0.126886049114587 -0.217545539096168 0.112440902696095
-0.332710018372663 0.122243217909756 -0.167378210431368 0.131431832631877
-0.38194442287257 0.044543234573453 -0.101204127382294 0.117730816795859
-0.351199763101365 -0.119742552821161 -0.0547670088061747 0.118096935789945
-0.248935141588711 -0.191607997708097 -0.0584222122696198 0.189853931127784
-0.209217140004234 -0.247042102353236 -0.182235335205536 0.202177274005079
-0.0982885168862191 -0.432100413319921 -0.24727568717619 0.143333932066104
0.0757610187313839 -0.489310187591894 -0.160018077762583 0.251695942457318
0.0165304300681502 -0.215291443852121 -0.12542322385659 0.300181098200755
-0.0950512941007763 -0.0992277505431985 0.222434054174233 0.1790055579224
-0.0388320700116519 0.0264676199609239 0.127217898108473 -0.14860301149727
0.0254074128641654 -0.0441050546473381 -0.0633395077611874 -0.198650384487441
-0.082519264495629 -0.0843805225227709 -0.231575418454825 -0.110153970445742
-0.148635257972797 -0.0115863214420462 -0.299041743613134 0.00908761132181233
-0.176155418767309 0.0635659516858529 -0.31458004523947 0.0995317078680871
-0.208782138139647 0.0800154350629456 -0.310088581302424 0.159946389126148
-0.229072484421365 0.0653158303253291 -0.279107955235672 0.165482047415107
-0.247569599439178 -0.00986394757479188 -0.219283532330659 0.126915074074158
-0.184276166069931 -0.119407939096738 -0.154001624728889 0.0961481287856922
-0.0969486072065918 -0.121881203987661 -0.112763351394908 0.158833880665455
-0.133484789766618 -0.119461299433275 -0.221935824299385 0.187246598567945
-0.0884863547167461 -0.295910013013205 -0.276232851388198 0.146467289576194
0.0465935282634839 -0.350356983122973 -0.196307405744351 0.337860165511628
0.0276552508079085 0.122736752023778 0.157068636615983 -0.377133797164793
0.112020871748861 0.0469714310823127 0.234466363783017 -0.128600393975324
0.0589591646151538 -0.0454452078547611 0.25956001779549 -0.194365170602453
-0.0445707440696787 -0.0144583772469518 0.088914894278569 -0.140299648870564
-0.00311320456788581 0.0473304630379253 0.153236347632608 -0.0270041131592067
0.0437326850468139 0.0236000201534221 0.275558077048666 -0.0657750540493025
0.0596767357778859 -0.00821958942790466 0.343595346640757 -0.155973401661602
0.06762969566687 -0.0143142044407682 0.341971849018922 -0.180750804474654
0.0690134712804152 -0.00151447561651465 0.340052295877892 -0.131860038512611
0.049761482912058 0.0273432214181869 0.294320462063698 -0.0411716599063161
-0.00216465367142768 0.0512312053117537 0.230841486044196 0.0665122325562128
-0.0760776879813451 0.0150807163381811 0.0852565502214014 0.145635348745892
-0.00916976235714934 -0.0844201759474912 -0.0544336800262169 0.127363794753359
0.091556641609805 -0.0264868805577838 -0.14518723280584 -0.0360627482864732
0.0608875071770128 0.0822575436388216 0.0893374980735034 -0.301723130784078
0.0967007216099661 -0.0679753849109926 0.158935496640926 -0.370934824189846
0.120613384112343 -0.158611657257913 0.255636422554432 -0.0526763779787634
0.0222593852019604 -0.210217396017245 0.328586018623845 -0.190455073334797
-0.1400431178516 -0.166741119691733 0.0922228780935003 -0.165170222645099
-0.173247000891622 -0.0510677294938744 0.125076216129769 -0.0205189396305232
-0.145451357145571 0.0154312629712628 0.257228122732235 -0.0353019786128991
-0.102804701394721 0.046848595758651 0.338894394022935 -0.128840819961665
-0.0769679726581361 0.0473304378926046 0.336117162258074 -0.171962188011648
-0.0534147768340238 0.0451477958604902 0.333857832852035 -0.13679262591463
-0.065251503765968 0.0385864705881727 0.29873270020297 -0.0536319840368665
-0.0934870490697945 0.0173527804919189 0.242792700015601 0.0586467488091708
-0.122565767849859 -0.0251975137914295 0.0904755969856109 0.14580450529693
-0.051109590114037 -0.134192230845862 -0.0556480966665051 0.123946470566047
0.0835501458633409 -0.139549345321877 -0.148742032380277 -0.0130200584058655
0.10021231745496 -0.0739355647688851 0.053646535245996 -0.274623885988008
0.172694373599492 -0.238110972108378 0.126382178004689 -0.291766885131155
0.136011904637704 -0.347978311197514 0.265935079942606 0.059405725935109
-0.00472783915704521 -0.351894958787624 0.389617130566192 -0.184640066896955
-0.203383917016416 -0.297561205888699 0.0877769152145563 -0.221378626077218
-0.304351923866208 -0.155865368848768 0.0544480575576674 -0.0526609169678671
-0.307468293339719 -0.0111389593012564 0.17156193481795 -0.0226089175175738
-0.248333554890594 0.0856146251164135 0.266207828027243 -0.0926406699275205
-0.209935851386614 0.101942782582718 0.276722570966239 -0.137666197602244
-0.170583234431834 0.0959127927398044 0.291193660038262 -0.116360394485404
-0.18697892170244 0.0641267932104227 0.285111724211231 -0.0529528194440234
-0.205240732921058 -0.00456773698751248 0.252424360006715 0.0536335431070907
-0.196078168101844 -0.0687902440508267 0.100619657094513 0.159053989263496
-0.115939916008926 -0.192832709482667 -0.0663343131867786 0.137946453468505
0.0472619983095823 -0.257757791927099 -0.170066249335444 0.00607006295030442
0.113659879896424 -0.23451338421795 0.009400089024416 -0.219574030775692
0.226919291841241 -0.353906715744119 0.0601573181024458 -0.158054645610845
0.133044443699066 -0.464342841592591 0.265805809310076 0.17982208696081
-0.0364161212826331 -0.416468942402563 0.415581833253019 -0.183098686425572
-0.229749550177728 -0.352465887826304 0.0677770799332318 -0.284191275698505
-0.37203873362361 -0.217609275517327 -0.0436570518615865 -0.105647685382653
-0.40499192054449 -0.0329471680305124 0.0419314378195727 -0.0247056760962074
-0.346779260944315 0.110425192983895 0.142965225203559 -0.0552475689489294
-0.310130507986515 0.141913406331262 0.173759942679146 -0.0851284629230301
-0.271625846637197 0.140917638154197 0.212172221184628 -0.0702718857081247
-0.306800005435687 0.0966738675882422 0.239345200479638 -0.0304548452672621
-0.328249946951028 -0.015995164242567 0.235744081495254 0.0592287461915282
-0.290765201166665 -0.111759472868381 0.100801929089172 0.177024195027757
-0.196750265438313 -0.255506445779372 -0.0818834616319635 0.163479445580007
-0.0100431373492032 -0.373987057674186 -0.196946144039106 0.0333568490086912
0.109728783090984 -0.382048730724086 -0.0367844923932582 -0.13246100194322
0.229368743412144 -0.401912946612412 -0.021342204722687 -0.00411002301138772
0.0888041584882505 -0.471376876656166 0.260780388019321 0.263897109412188
-0.0653321071158411 -0.364072679484751 0.385189769997236 -0.187001344892827
-0.203387735014667 -0.309791860125304 0.0248478536799857 -0.317159321026021
-0.359603496926176 -0.216759481903991 -0.140620942892584 -0.144966260362776
-0.41890269328679 -0.0381143737769987 -0.0941470880043047 -0.0281237619261715
-0.380307701747509 0.12194395769106 -0.00233401645461525 -0.0187803099556043
-0.366180771743387 0.160357097466228 0.0427818374236635 -0.0208399702425899
-0.342396438627159 0.166620023013658 0.100391898404195 -0.00376095040841428
-0.398554486691536 0.115664451403172 0.155040511648998 0.0155735332829529
-0.420706494212686 -0.0351144735604908 0.17284032118101 0.080819032030557
-0.360120880505569 -0.157134022533482 0.0738546674645736 0.194538270640864
-0.257533789179261 -0.301793241957868 -0.106060609673817 0.189788459064775
-0.0654129517083572 -0.459764407131099 -0.217815227774067 0.0727378290276189
0.0979014934959275 -0.48992285422987 -0.0800570645302754 -0.01455773636284
0.178767235378322 -0.379959629587215 -0.0881772822916479 0.134566690349206
0.015957964614616 -0.375074693462895 0.252352643138617 0.279937852246013
-0.0768012127004234 -0.223054572801009 0.303987837357764 -0.188215965858624
-0.129079143524321 -0.205603151153447 -0.0245234111267177 -0.300231579026448
-0.279589110004856 -0.174391926611386 -0.206038336161547 -0.150724206223678
-0.358117719590315 -0.0274832154948705 -0.200786010340088 -0.0229670663596996
-0.35017217974025 0.118414443640979 -0.138433784191167 0.0197211982915918
-0.366109334788052 0.156227679623955 -0.0945274155014832 0.0475377551734563
-0.365233666143882 0.1612387036827 -0.0319135829141395 0.0682005907130974
-0.428636121261839 0.0986650801000314 0.0349360957877237 0.0728151599821812
-0.436140304716777 -0.0741011495590038 0.0680609745578425 0.106871880383998
-0.349696931490468 -0.191367790448276 0.0144798726112211 0.201428560028464
-0.258514631444709 -0.304494350670919 -0.139871373991866 0.204923076493712
-0.0958311312969826 -0.483751689665317 -0.231845818319102 0.115196906335018
0.0862896269066362 -0.528333060822083 -0.120790325217148 0.118031844088998
0.0950234462737719 -0.310363914113071 -0.123859170999257 0.235906901180017
-0.0539004443314624 -0.231821421333701 0.237535748361196 0.233906418699548
-0.0636276167566243 -0.0733141642206527 0.201930290349994 -0.175855714952492
-0.0431612499626508 -0.107179722538457 -0.0584203449566216 -0.247862829352703
-0.177333375662462 -0.122802189650269 -0.22999529482656 -0.129899064451597
-0.257237291755473 -0.0153609865021722 -0.265093053216864 -0.00767676308214969
-0.274549703879983 0.0993055440000613 -0.243912725842569 0.0597894450630392
-0.31022049820809 0.12994587928845 -0.216663290823091 0.11143850831293
-0.326564695903835 0.124992106036768 -0.164844566433444 0.128241485813586
-0.378125600303522 0.0496129057357071 -0.0996349091459531 0.114806878652069
-0.351560148719679 -0.115073881318702 -0.053284566829545 0.114579746602388
-0.248353342903967 -0.192129592311972 -0.055992480239492 0.185139591322819
-0.201433869080237 -0.244759380884019 -0.178620691129318 0.20326157997498
-0.0973630149502109 -0.425753072569717 -0.247898313765977 0.147181670653309
0.0715623114176511 -0.477238221716288 -0.160509845996093 0.242164398132558
0.0127283123230728 -0.20754171687364 -0.123698121375054 0.29590862943946
-0.0926738381491706 -0.0931925224395893 0.219278908379036 0.169114357469936
-0.0329394766123838 0.0272794528155853 0.11982095249929 -0.151165844502388
0.0233996914565511 -0.0469375240970098 -0.067334357040741 -0.194960719862626
-0.0849528960167085 -0.0807330125097068 -0.230260564643712 -0.105845960488714
-0.146808789914779 -0.00911091633458181 -0.295785405874908 0.0116775976696203
-0.171905083495802 0.0651443077297615 -0.311001839748638 0.0979088078794317
-0.204068907114867 0.0818284379691225 -0.30642346218345 0.157735374507331
-0.223602086994932 0.0689675603181149 -0.2750903175977 0.163380728646707
-0.245127097507496 -0.00543203817046329 -0.216341706213237 0.125646914429867
-0.185958531975097 -0.1180745128108 -0.152069160862909 0.0945821346613246
-0.0973973928837276 -0.123964338149041 -0.109731591877529 0.15456936509908
-0.126416770718912 -0.11829888366094 -0.218688670297036 0.188050980521329
-0.0873596560760405 -0.289757404225259 -0.277970761914972 0.150008518945643
0.042795553739125 -0.342952267600315 -0.195942473311996 0.3269134699686
0.0302486064334665 0.121150084866188 0.163435686132445 -0.372336752257538
0.11059228402948 0.0433179863798934 0.240840930650684 -0.133624800839674
0.0574590181418979 -0.0464941654150917 0.258954462477128 -0.199257877665264
-0.0435673333907868 -0.010945090994034 0.0897271338569826 -0.136416666049821
0.000635055823794185 0.047259991210126 0.156276557353754 -0.0251880433302922
0.0455190365821493 0.0220086370624586 0.279084426494666 -0.0664485924360706
0.0592743438315875 -0.0101095526793776 0.341828992442388 -0.157132709474765
0.0670336713634925 -0.0179109307968221 0.344625041342964 -0.180591290628219
0.0682860797393422 -0.00537625590102542 0.344036037838273 -0.134588018439522
0.0511058193814779 0.0245005851448421 0.296875927829454 -0.0426905481698399
-0.000424431392886107 0.0511717454880828 0.23298964117108 0.0634506711217754
-0.0743359851835985 0.018691959445731 0.088639513358703 0.144815799985933
-0.0118128267484379 -0.0841804760873761 -0.0490177136809548 0.129982672116122
0.0898499697096207 -0.0298195842046242 -0.141905055226422 -0.0326707655139733
0.0629948664749506 0.0808735230321919 0.0867247239201867 -0.302204818592526
0.100540980678427 -0.0686658270866978 0.163923135849702 -0.3666908177711
0.120702887011258 -0.162805567367589 0.262836485896625 -0.0573734360267135
0.0234479657904541 -0.212674867614326 0.329034646948788 -0.197085860298369
-0.140004230551316 -0.166255365539107 0.0920356282004533 -0.160459044060199
-0.171244796888553 -0.0516760054296026 0.128878988697526 -0.0189196178082972
-0.145759654475153 0.0144358799865366 0.259028825017026 -0.0364820792594501
-0.104332021647017 0.0454865729591441 0.339102628748532 -0.130650924055692
-0.0790519755823423 0.0447627354368335 0.337608683630725 -0.172247687365683
-0.05463743853181 0.0422370779493469 0.335760465243184 -0.139450158277012
-0.0652783800464203 0.0362756906711862 0.3004860110237 -0.0563254162899964
-0.0925624045660169 0.0177493632804934 0.245742132409106 0.055689402520197
-0.120346164046554 -0.0224633916157382 0.093815198321765 0.144657992174325
-0.0522860866383666 -0.132670160732111 -0.0515938932583741 0.126752996221499
0.0817111139839209 -0.141165544393153 -0.145151171178887 -0.0095061258704917
0.102377832191629 -0.0732008045169962 0.0514637531186326 -0.275455779192112
0.177463390233874 -0.237542283783866 0.130197132684917 -0.28706317396738
0.136844541160382 -0.351802772846781 0.271381670910355 0.056120767626899
-0.00155072460125996 -0.354520550653625 0.386849884886898 -0.193416183815888
-0.203173952315441 -0.301004362261468 0.0872494149127869 -0.217111233177509
-0.305224109038188 -0.15724496954313 0.0569863566046565 -0.0517340441542485
-0.309526529604028 -0.0119604656759654 0.173209456159602 -0.0239363332373129
-0.251502661290948 0.0849917503064183 0.267681636826421 -0.0961211222304057
-0.212183065633488 0.100547328206902 0.276905141005985 -0.139176114258468
-0.171927976381016 0.0949922945871065 0.29417053289679 -0.12039473358181
-0.188212804532897 0.0634862737777704 0.286801955603473 -0.0568972125528342
-0.206439332808508 -0.0041673254022073 0.256345984389108 0.0502300113229757
-0.195005685426168 -0.0677825388800961 0.104929285375529 0.157046200828655
-0.115857682537953 -0.191956519015879 -0.0613643455431401 0.140898697570807
0.0468249686564738 -0.259501003602876 -0.167915565848366 0.00883366666523369
0.116231938887143 -0.232167621858917 0.0072146334269619 -0.221480972457993
0.23105177348557 -0.353853004037544 0.0614520915584891 -0.153133406959669
0.13484443417427 -0.467627893702556 0.270474521653599 0.177159988255076
-0.0304211349261337 -0.418698448843652 0.412627104493601 -0.193061690466249
-0.227762689281792 -0.357985527656486 0.0660574314841153 -0.280703558414482
-0.37460374230473 -0.21913915089607 -0.0430433236246403 -0.105923543453781
-0.408621725479506 -0.0324478913363693 0.0418529285392435 -0.0254452479023148
-0.34952703707854 0.11064599749088 0.143068914476467 -0.0593039162759537
-0.314134374641512 0.142136637526413 0.17291894948386 -0.0874392245630117
-0.273185325840156 0.140610759976463 0.214125983234704 -0.0735720458471013
-0.308700291551639 0.0972001489082453 0.240909892937992 -0.0350583119963664
-0.331517464633741 -0.0154603196507041 0.238931583712074 0.0556602359255548
-0.291174105821134 -0.112910833646677 0.10631114075943 0.175044987866029
-0.195019786542193 -0.256084715821202 -0.0779241055534187 0.166910168751586
-0.0101465170181977 -0.375504309534134 -0.19665057646665 0.0371425647496176
0.111601594921625 -0.378948267281704 -0.0393674958550809 -0.135360194583585
0.232139550528814 -0.398976762628677 -0.0220622339755037 0.00138775558876602
0.0908272402202612 -0.471316502561281 0.264374566002947 0.26165369972547
-0.0574451466236137 -0.364481956626502 0.381211409236782 -0.195813906789624
-0.20223403556757 -0.315560047974451 0.0219073373602164 -0.315447212206894
-0.3633575529581 -0.217962858080427 -0.141459316177151 -0.145856260991449
-0.423545490373561 -0.0368806983270643 -0.0958709270129807 -0.0290565946175769
-0.383517634426327 0.122740876956203 -0.00318047258784216 -0.0223217487987014
-0.367637177677963 0.163513083774426 0.0407180431699305 -0.0225184849349826
-0.343214878411219 0.167034716100201 0.101682836551799 -0.00715214712328673
-0.400615580440056 0.116643186832451 0.155936361411421 0.0124511834081496
-0.426692017161761 -0.033804278562632 0.176617599801028 0.077559983067947
-0.36287353428389 -0.158120548233962 0.0778231719184634 0.193539356097697
-0.25491722254437 -0.304131569364046 -0.102881389714428 0.194159962778745
-0.0643910935101017 -0.462039646942988 -0.219907201015373 0.0773500263214046
0.100019430750485 -0.485831181392883 -0.0834852065485062 -0.0196045766987781
0.179966770347736 -0.37694323342384 -0.0905319865790197 0.138901552748566
0.0162672038745381 -0.372859003039137 0.255117865930458 0.27540622773219
-0.0688815006038013 -0.221753241658993 0.298708887421337 -0.19595484329095
-0.12759156879705 -0.210373962829742 -0.0294325482575762 -0.29892491024583
-0.284370133199661 -0.174628513004516 -0.20834335500157 -0.151362226008747
-0.361644865712158 -0.0253512697797849 -0.203586249494058 -0.0228244362711972
-0.352677191117097 0.118824312124237 -0.140122458478737 0.0163212163889385
-0.367116691969288 0.158496633082183 -0.0976326193110162 0.046662796385968
-0.366377936764162 0.163453759085227 -0.0310810360561101 0.0658323887377609
-0.433220034696608 0.101042242597919 0.0350685218524255 0.0705375774774013
-0.443610276621234 -0.0732349125373662 0.069763027154455 0.105176585538621
-0.353007189562468 -0.196677083589559 0.0173365100879711 0.200251191551251
-0.254578247345361 -0.310076638262361 -0.139110872212335 0.210715403046117
-0.093873102833954 -0.485905309425611 -0.236989532265788 0.120357702103846
0.0866168155933946 -0.524359700493523 -0.125296522555892 0.113146087642641
0.0949165005530192 -0.306302256924057 -0.12490893967053 0.238680598130988
-0.0533245526539243 -0.227029044768518 0.238714925931486 0.22888936368025
-0.0567495698723547 -0.0720391059282286 0.196121604331677 -0.181962003171656
-0.0430584231421596 -0.111032377908227 -0.0625495376811418 -0.245710554275188
-0.180862739008732 -0.121669840114051 -0.232557152175995 -0.129421731132939
-0.259320462258142 -0.0124146367472992 -0.26747653539881 -0.00678834773760656
-0.275391780232349 0.101319958671008 -0.245371517630255 0.0576363773065892
-0.310210337972793 0.132502150037323 -0.22001945799457 0.110318056779855
-0.327345694902164 0.128286139900618 -0.165371043879329 0.12748735726845
-0.380477715133299 0.0515936903572643 -0.100671453382538 0.113726436505832
-0.357290516761985 -0.115743216580805 -0.0535633048401982 0.113461610994184
-0.251784173735152 -0.19838697101473 -0.0549241031417824 0.184438013835023
-0.195634927479724 -0.247818649530014 -0.179793816755921 0.207843969652863
-0.0943789968892543 -0.427016314960626 -0.253711768562977 0.15300865869078
0.0710997895473254 -0.475614063662803 -0.165159963136442 0.237454341107832
0.0108625885493237 -0.203565411405171 -0.125320625558284 0.296304914606842
-0.0915285169781627 -0.0884897947190242 0.219168166681202 0.162724257550692
-0.0283947546888829 0.0278097886375168 0.114508843744296 -0.154513624723635
0.0222543011053471 -0.0501173699219381 -0.0715076206595578 -0.193607228955553
-0.0881677863902257 -0.0788396849626866 -0.232565059396192 -0.103750379741866
-0.148830220243573 -0.0068243344413446 -0.297941100413562 0.0130255279663598
-0.171991472565344 0.0666597389047134 -0.31263814323499 0.0963141138392303
-0.203232878555956 0.0855054917039211 -0.310031711427926 0.157676261453652
-0.223437738274444 0.0720947299729964 -0.276304101912223 0.163304837899803
-0.247505737425116 -0.00262403173316276 -0.217181794098798 0.12515042760249
-0.191552658475076 -0.11824620852051 -0.153687798344245 0.0940409021100914
-0.0996758068954569 -0.129637503122711 -0.11017740214557 0.152374077368533
-0.120374637424009 -0.119591274033526 -0.219865788640389 0.19170651633396
-0.086673322534869 -0.289435569699385 -0.283966137113615 0.156133493683218
0.0401879267675992 -0.340607183196107 -0.200335805491384 0.32267472917361
0.095236206301426 0.0774546145575687 -0.0813831112784248 -0.401571603714405
0.109635694976451 -0.0330161614714464 0.11601478613219 -0.265512123850672
0.0169547124442475 -0.0726499856968334 0.085867609790593 -0.324834125870626
-0.0382487008033828 0.0168839752080503 -0.00847959181468117 -0.162237305321349
0.0305534426678227 0.0345480487577806 0.115418478359389 -0.115567385167634
0.048738415407128 -0.0126148749904389 0.184895149738429 -0.226169534302094
0.0375773382398235 -0.045963693714658 0.1797537070409 -0.340707581978028
0.0398554373550883 -0.058456561320188 0.169198536130967 -0.358221180932171
0.0509776614739417 -0.0522779466690559 0.195510181420629 -0.323046902848388
0.0557832064364349 -0.0168218541975073 0.214144525897398 -0.22022473941273
0.0346111319404271 0.0394233155222455 0.226506988329082 -0.096520967703154
-0.0447081151308358 0.0619722019766853 0.164395820074051 0.0588860891593184
-0.0644219590210715 -0.0589315250114946 0.048644567527414 0.134396993656831
0.050322166720671 -0.0826801898624453 -0.129521544568632 0.0673673580572918
0.10692696486776 0.0191289501667585 -0.129678385029338 -0.299017837210477
0.0462282815883172 -0.118548611557324 -0.090797792998732 -0.399905816364029
0.000719242547359694 -0.204193539446245 0.175119405784762 -0.221890306495971
-0.10658080797883 -0.190226562301362 0.133666198287268 -0.367549991649535
-0.206211967691558 -0.0538957905522876 -0.0302184723807199 -0.182854488773626
-0.167610362911508 0.0562617476298562 0.0936994144818087 -0.0920848917999032
-0.110275497120239 0.0968429613019218 0.18331689190998 -0.189188787067576
-0.0599635704823358 0.0974334519110826 0.192187598772639 -0.316980426067297
-0.0397306152178373 0.0835027255997199 0.167362487458337 -0.347606812956602
-0.0199811206909358 0.0637706345921573 0.184653036251756 -0.325202284682613
-0.0320825420705004 0.0671216617781837 0.20896005078089 -0.235299924986248
-0.062878807389685 0.0706662943443949 0.232663836218925 -0.111853755061019
-0.108662577322775 0.0550144097846046 0.168591681891136 0.0562541749833472
-0.127592783045054 -0.0748467355448818 0.0456714597323924 0.132858682190635
-0.0257175464339766 -0.168762068053804 -0.11346251099563 0.087591845594713
0.0407406695054254 -0.132356009318387 -0.136757468048973 -0.249940726855388
0.0147329385377534 -0.300888412552683 -0.0828924631583923 -0.317052251937856
-0.0917236654731522 -0.364034266350983 0.247964535945889 -0.141239492596907
-0.20709048021319 -0.292882590994577 0.177359950776292 -0.404316464938151
-0.33540249029243 -0.127873991963037 -0.0768935590902662 -0.226306488734998
-0.338080580432592 0.0505238033459774 0.0105690085282091 -0.0730704637229675
-0.258007278232193 0.175051531710145 0.115537053229191 -0.123919125480943
-0.15246234520421 0.219155878736939 0.153447225672352 -0.242021355052049
-0.112723729018132 0.212444279131734 0.137121878064344 -0.285229109117606
-0.0839434091573943 0.181071563021822 0.161284128769903 -0.285079680955791
-0.115839444829719 0.167596653851246 0.198214278847682 -0.227606107766107
-0.170597838995585 0.125939439307075 0.238477275516407 -0.121376206343027
-0.199894003320237 0.0628369899310832 0.187451539074546 0.0585682811308794
-0.218258173449106 -0.0846836847332203 0.0476001799486824 0.15144172014212
-0.13028335329788 -0.243470663417305 -0.116927783549392 0.116198468196026
-0.049721806251531 -0.27142629046438 -0.132380264201954 -0.174929919932779
-0.00654355459872855 -0.425281746915577 -0.0660724613690096 -0.168232831186877
-0.158117548764685 -0.453348283414263 0.317283977935632 -0.0453389479219428
-0.265069820616731 -0.328583237847355 0.193965706009104 -0.418601919666404
-0.390291797384475 -0.161468702822993 -0.138283712372699 -0.26539324632391
-0.432419450865036 0.0425637946179144 -0.105832976701597 -0.0545965144057551
-0.351177751620137 0.219323531737185 0.00555638025469847 -0.0433019860514786
-0.214560201696917 0.298992098984576 0.0741163945995065 -0.133531151240495
-0.169497175624397 0.309362317367846 0.0839899647384123 -0.178847312345629
-0.138187281789881 0.28374781714496 0.125118881757603 -0.199835552514416
-0.192797009387909 0.272897365442149 0.174485291053055 -0.182930905060197
-0.282108335886133 0.196403500593514 0.229320307021491 -0.105894013395532
-0.309296029010257 0.0841798858008912 0.200327721505003 0.0727545953312582
-0.325802657796479 -0.0909007821315151 0.0520254633475279 0.183658046483574
-0.249871536255022 -0.304713620402358 -0.120002567689942 0.156985364730114
-0.147883732394471 -0.388498164213941 -0.109363161963398 -0.0719468327999894
-0.0323784775582814 -0.462597291226533 -0.0431132321626406 0.00692886583882768
-0.194804660627669 -0.430006555632888 0.360912938455708 0.0280467584828369
-0.252429887553143 -0.268804929972035 0.167111560622435 -0.399461736819184
-0.345000024348981 -0.142640158731541 -0.194071766435817 -0.266513690802671
-0.422423554023241 0.0386987450958116 -0.210921379414971 -0.0263834607815953
-0.363738547653045 0.225829835312884 -0.107921808349244 0.0397156453240609
-0.233395756002546 0.330295997100506 -0.0226441892018934 -0.0105100704815369
-0.199771299330673 0.361571429502743 0.0163167385484074 -0.045137808412471
-0.179219233984354 0.351681500440178 0.0746949095952733 -0.0766407861301667
-0.256035928193178 0.347859491063477 0.134322741430115 -0.091885294045435
-0.373565964422147 0.243145226336621 0.193197971101937 -0.0474829559575257
-0.400715386181105 0.0910782982594424 0.190375255452916 0.106023342875702
-0.407790656005187 -0.0969151862947084 0.0490645895762652 0.223771866564939
-0.349557361588931 -0.33978994835157 -0.111996203808117 0.203714700884747
-0.227420263031565 -0.467912949278719 -0.0678430657858125 0.0530799216966963
-0.0636284971591268 -0.41142909051879 -0.0133063297880518 0.162891758801994
-0.193861294206051 -0.306867502052829 0.360430961427428 0.0506831750630374
-0.177425658451233 -0.146473329502926 0.105774453295592 -0.34271514357692
-0.225355888459318 -0.0997010585469214 -0.220658305629295 -0.221801362323506
-0.331842535312963 0.0295666471539155 -0.266508106850843 0.00971519682057774
-0.305771868445414 0.198785671607763 -0.189242550442677 0.111256892090787
-0.209310670148152 0.308859168396116 -0.11013429933719 0.105876100907029
-0.199501111875754 0.359194046153751 -0.0526114147073286 0.0962472444476854
-0.199394444287673 0.363084843285798 0.0138432609306147 0.0660818522272045
-0.289503022541646 0.355639285564095 0.0719367381086393 0.0313411912548611
-0.414442991362726 0.22217960474784 0.124661434293596 0.0429159490417778
-0.418596932653421 0.0530432121584891 0.144194187251819 0.151331077317587
-0.410389158819619 -0.101423787446081 0.029830117001607 0.26072724152278
-0.387857773371501 -0.339710192867204 -0.0986443500773244 0.250850157991146
-0.263790799241647 -0.489514277107272 -0.0166422582492941 0.188507355508326
-0.0933288638488275 -0.302546619980046 0.0247150311532156 0.267759704047645
-0.166168025776049 -0.148183180140456 0.321015897947718 0.0277436738668155
-0.0810375092787187 -0.0309250407736357 0.0376831181988361 -0.264987970197112
-0.101363861280974 -0.0673074113079756 -0.209538794384063 -0.159254948725823
-0.217449332503468 0.0134003086918082 -0.27046229942009 0.0428260011832479
-0.214904731577366 0.14893823013229 -0.227682427515878 0.163549204086332
-0.157155829599247 0.248930208392858 -0.170428750270991 0.205162058661085
-0.167907096082517 0.302645339520182 -0.113054375854226 0.224332626865613
-0.187093251165705 0.311778588423648 -0.0569185625416022 0.201463486004681
-0.278514983852717 0.285471180736456 -0.0118485591242637 0.151407149376035
-0.371589873560868 0.134614767664719 0.029740432795721 0.127820048317824
-0.335565404249026 -0.0108913266166616 0.0725580894013035 0.184190093932412
-0.320983909232069 -0.0875164188062673 -0.0067149208080074 0.285181372540207
-0.350245259463999 -0.288895890861384 -0.0937808202605643 0.289240589843802
-0.248444610453064 -0.435986226772984 0.0283601508513337 0.313302044848804
-0.10540832355382 -0.168807486346964 0.0667456598864767 0.317719184145937
-0.118483060630084 -0.0160557878999716 0.266401801179299 -0.0077951981430546
-0.00184467697986067 0.0347502346960419 -0.00729871057610716 -0.192753754869817
-0.0146615981755312 -0.0541363625945458 -0.18105999924189 -0.111099129042076
-0.11781671182447 -0.00625510651377897 -0.251575469678639 0.0628721383591436
-0.121874447891824 0.0876244779440033 -0.23526060943196 0.198028364184798
-0.0933559240391987 0.159287843041012 -0.19773267895117 0.276987956388748
-0.109648649818723 0.197141601616244 -0.155552895464849 0.318997614381924
-0.136550615152454 0.201360105950294 -0.122792946057767 0.300405805316036
-0.202936161542664 0.156559230893827 -0.0994456893577025 0.235046882323418
-0.235887490076474 0.027181263620331 -0.0655140302085029 0.173952452504283
-0.165813290894108 -0.0482339898485871 0.0053282234040926 0.192679900632352
-0.174132561783044 -0.0258263918553065 -0.0522366335313539 0.298010941576396
-0.256511327643608 -0.178136425615848 -0.119520510245836 0.31255155275847
-0.189325765939585 -0.301399083745724 0.0486877242806019 0.400813521575995
0.101208479550252 0.0722751575409444 -0.0896096830375511 -0.410590909287863
0.107284503668803 -0.0401620750081576 0.109718256657186 -0.283448032107098
0.011558442126841 -0.0732696425528678 0.0713198037928952 -0.3379428814599
-0.0350475995460605 0.0202168432986244 -0.0109041094073277 -0.164270726360245
0.0347023484925928 0.0306643044460895 0.119174444415462 -0.123885792304975
0.0495123257322134 -0.0182412296282652 0.182311483399851 -0.240634678975477
0.0364487690553557 -0.0501627553112771 0.171863063948327 -0.35411439274494
0.035414089274663 -0.0631498414797615 0.162488483445176 -0.374671790416979
0.046238453280885 -0.0579636831550308 0.190102248982522 -0.341667463231311
0.0547196444668165 -0.022392997357993 0.211469374755256 -0.235139244810686
0.0381434660907622 0.0363740207635345 0.228042112167476 -0.11054963795164
-0.0395816002414787 0.0662017760009049 0.171669020905394 0.0511517237526725
-0.0691457757613991 -0.0555224921392725 0.0595502910546503 0.13236313858881
0.0444002042057476 -0.0876060549551936 -0.125411929017296 0.0735303573943262
0.111106582472681 0.012665125147634 -0.145288372721827 -0.29735901612458
0.0460062735235938 -0.126162159961487 -0.0996386019894712 -0.405724052828254
-0.00894186492720344 -0.212148124839296 0.173094381828378 -0.24063682223465
-0.117601137928788 -0.193026838684178 0.117243738328356 -0.384099945728013
-0.21239483375164 -0.0483497327362026 -0.0333148253383852 -0.18348961362694
-0.169066757923031 0.0616862455385236 0.0972426072184073 -0.0991687402445658
-0.110622559466751 0.101220776451435 0.18172055643721 -0.202202831128224
-0.0597609381872048 0.101160563006104 0.183663285059488 -0.332252679057308
-0.0410670863618551 0.0861938329524616 0.159463273981613 -0.363156445542266
-0.0222307543382958 0.0638480261018242 0.177586155495619 -0.343582591073867
-0.0324707439713694 0.0673493332190184 0.205270872978311 -0.251499074480071
-0.0608331107714766 0.0731650634856262 0.232811297942206 -0.126545517331348
-0.10570113977577 0.0601982489392402 0.176582468736266 0.0473216931410831
-0.131986952169899 -0.0698754434588616 0.0573530473862416 0.132078047983955
-0.0347519789976715 -0.171982107986504 -0.108872062307717 0.0932600651942578
0.0400370569173596 -0.13830243649499 -0.15065624326329 -0.248816075395988
0.00878176224556649 -0.311058173211573 -0.0898046443126399 -0.319677554597263
-0.107177751076108 -0.373019162409206 0.251106519183603 -0.159570165226053
-0.22162339159871 -0.297839798011095 0.157812435654685 -0.423410253441479
-0.348870118168735 -0.120866679826944 -0.0835759463722582 -0.225528111498586
-0.346341492511214 0.0629457320217236 0.0118363249615676 -0.0779090228226075
-0.259615571306157 0.188486242695387 0.115089708983751 -0.133018333972651
-0.150119725231169 0.229932494831026 0.14642478807182 -0.255868535113462
-0.110186849830574 0.221924688337439 0.130008323718398 -0.298568906958171
-0.0825248955550794 0.187253603224775 0.153741485443769 -0.302007746843625
-0.114195751469523 0.175400069958238 0.193244709654986 -0.244021742649544
-0.170395078364502 0.13520869638038 0.239865335107704 -0.138176445202981
-0.200269633118053 0.0711134324412169 0.195509270501737 0.0492686145356484
-0.224808545552309 -0.0792453665299774 0.0595748550059956 0.151764916302143
-0.143003051283299 -0.244900127331332 -0.111175399036781 0.123358496798522
-0.0562600686437249 -0.275373692272623 -0.144506467409655 -0.172643699334885
-0.0164555562730972 -0.436895770625598 -0.0684764448243481 -0.16736029528609
-0.175618360715524 -0.460830470675745 0.325039981734161 -0.063187256942079
-0.278579941284106 -0.332618083863152 0.174927606932023 -0.439747392907274
-0.406818070272984 -0.15446398521225 -0.148601467887794 -0.263143048490611
-0.443400207634076 0.0595090975913952 -0.108236449065732 -0.0542624281072178
-0.353969455754991 0.238795980678125 0.00394685499056253 -0.0452951792332172
-0.211538886359613 0.315651215671108 0.0679951284959567 -0.142293109383028
-0.164101668403934 0.324946849839253 0.0780178195756094 -0.187465526491609
-0.133140519415747 0.294834578608148 0.119363121813049 -0.212599760389711
-0.189024572664449 0.28767816707422 0.171457858912462 -0.197203323377813
-0.282752211745448 0.213548537782195 0.230808298984683 -0.121947362069636
-0.314920140079928 0.0965100565980549 0.209940321279525 0.0631454636389127
-0.335711603536914 -0.083315235829797 0.0650028333421166 0.185440064710252
-0.267707781262728 -0.304491334697563 -0.113473470014312 0.167403510605745
-0.159764625475054 -0.391647699091986 -0.11909591215092 -0.0696166825041935
-0.0448089048301193 -0.471745478669346 -0.0401510553558796 0.0117300208086914
-0.212570983330357 -0.432466424734836 0.371479642390288 0.0108793164636691
-0.262394700176011 -0.272384266434977 0.147477208421253 -0.416967897774163
-0.360421163244687 -0.138499567636657 -0.207883488553391 -0.262076778675431
-0.43499705635104 0.0559418016774641 -0.216527034484299 -0.0207019066164099
-0.365876011195061 0.247619218141149 -0.110500907214234 0.0445995690878157
-0.228534299076235 0.348261865003608 -0.0276043160688394 -0.0121680419387866
-0.190978025845638 0.379499169486102 0.0132370179559568 -0.046761943411952
-0.170660072652165 0.367236177004286 0.0727217479643178 -0.083822519160853
-0.249662142434337 0.367977800776985 0.13279263464106 -0.101335803301039
-0.377266170782874 0.265232713080403 0.196688337539064 -0.060228462847793
-0.409744254743394 0.106415267821941 0.199752108945549 0.0990709785613222
-0.419893183831191 -0.0876375452308429 0.0640516574512753 0.227841223332431
-0.370491254130396 -0.338743372202354 -0.104723192791894 0.217745437843961
-0.243470729994265 -0.469546511015179 -0.0737815127791413 0.0569146199757477
-0.0760436063912066 -0.417217318106014 -0.00515980519858499 0.170015728393511
-0.205926259275602 -0.304227448385099 0.369680062190219 0.0333013772389047
-0.179438019345335 -0.148367343710932 0.0863187142919248 -0.355337155734812
-0.236594436573949 -0.0989047483934046 -0.233195572273333 -0.214450280735328
-0.341977153976943 0.043797158313649 -0.272380597562293 0.0201077368682993
-0.307471819210826 0.217488123710792 -0.190975426829175 0.121521779817996
-0.202120893660769 0.325329627444012 -0.113394464458696 0.111887329120616
-0.189908575069383 0.377296705078514 -0.0529963945886823 0.101658879965816
-0.191142263761937 0.380809474513379 0.0142659425789436 0.0651819957083444
-0.284933706827216 0.378272171964361 0.0733860001127301 0.0275814350218514
-0.419234459811326 0.246942316637343 0.129432909004648 0.0363927479145198
-0.432288481003577 0.0677470044834212 0.153418447628951 0.147525986167512
-0.42272428456185 -0.096189274393386 0.0444599801703831 0.26876119757159
-0.408306529201308 -0.336389448448395 -0.0901947092636843 0.266513263355006
-0.28447742216852 -0.488527155910732 -0.0171787737594285 0.193413296169186
-0.103659790873657 -0.303114547993653 0.0358469705557035 0.275768545405409
-0.17147930193164 -0.142782615171805 0.325383496445995 0.0125476543732397
-0.0771713940281296 -0.0330449317664527 0.020137568420405 -0.271135705790619
-0.108059664205974 -0.0675840030338667 -0.221034481868876 -0.150122017273828
-0.223706601923999 0.024926965618417 -0.275247170224796 0.0548670488442561
-0.214030528285388 0.164001009583949 -0.227537555374925 0.177450851384512
-0.149581656901914 0.261643979339508 -0.169748300066174 0.216152275800277
-0.158798324178097 0.31805910341194 -0.110162366507735 0.235536162874742
-0.179303104076319 0.327682362148374 -0.0522174445011784 0.206768333318136
-0.274564258820779 0.305560584946206 -0.00827577350601828 0.155333936129959
-0.380556776338766 0.155467281606438 0.0348724653563837 0.128673587919356
-0.350584345736098 -0.00116043779126305 0.0804779648261167 0.184777612338964
-0.329930183929833 -0.0856486687034854 0.00695176968894042 0.296572999817068
-0.367495603189661 -0.285344451681868 -0.0839011655213544 0.307218083011406
-0.266583313126107 -0.432634192150805 0.0318124305954841 0.318867769000245
-0.113219342701715 -0.164900448765479 0.0798206555822475 0.324307215863987
-0.116998148229994 -0.00936557692425147 0.267847464439453 -0.0240307221317735
0.00392490428219065 0.0317214413117503 -0.0208767289958424 -0.194737118333308
-0.0203263583473554 -0.0560211702716485 -0.19057356024931 -0.103326028844416
-0.122165661937772 0.00215503211695737 -0.254532392508589 0.0762377191226093
-0.120251690535457 0.0973309860511696 -0.233355542026627 0.213270304772764
-0.0872209559068153 0.167962793639108 -0.194733304179287 0.291846581606925
-0.102332719033414 0.207889724761069 -0.150091296002258 0.333815189279629
-0.129660937673126 0.212511608000001 -0.116388768413364 0.311562817537266
-0.200919195812262 0.171652186194218 -0.0941184431092486 0.244537555968779
-0.244075086504927 0.0392737782039556 -0.061175764372427 0.18093195436339
-0.176950352562294 -0.0462158913285562 0.0101862907522116 0.196315064918799
-0.17553050099124 -0.0262733545283223 -0.0409618937951355 0.310865852620295
-0.267879107917754 -0.171866684889124 -0.109451309567188 0.332880156122387
-0.203895618666574 -0.296616434718793 0.0564247514938674 0.405729375399688
0.107196481153652 0.0637099006813968 -0.10521843411774 -0.409178844726773
0.10147224150541 -0.04798964271 0.0936739605861663 -0.297818410640993
0.00380122491038569 -0.0727430579003884 0.04824634539684 -0.34620776516564
-0.0309652405247437 0.0232616654952097 -0.0163044919696026 -0.163731989287683
0.0380965113450454 0.024986430936157 0.118497107780017 -0.134160622656598
0.0481676283920806 -0.0243371932085024 0.170349087995702 -0.254476129775913
0.0320666651853782 -0.054324589159873 0.152326301315874 -0.367103939142307
0.0284737738616169 -0.0668756532779476 0.145448986185433 -0.386676028508494
0.0388215673970741 -0.0629420611362606 0.171630309127555 -0.358751229807352
0.0509029182258919 -0.0280680145401658 0.198920239080634 -0.251541351204849
0.041550639320404 0.0315273241638562 0.222193919833754 -0.126834973779444
-0.0320455270093362 0.0688760202566746 0.176711977215666 0.0391321781743497
-0.0739642025244824 -0.0486979526735742 0.0716635669666243 0.12672083549374
0.0353725668427663 -0.0916646061436933 -0.117903552625067 0.0812553018792935
0.113204603723761 0.00137188956662569 -0.163733529727666 -0.285655835725455
0.0428455046575369 -0.132847928425484 -0.11515041821425 -0.40296506360006
-0.0231826431038557 -0.21574807570053 0.161653650866364 -0.25791074130776
-0.131129016497307 -0.188825131078187 0.0887217369163849 -0.396328418665298
-0.215888442346157 -0.0366652222144903 -0.0389098942628633 -0.180558733029606
-0.166349728636739 0.0686484322777454 0.096656276430631 -0.109065118671228
-0.106669127236421 0.106992723755196 0.17194902274857 -0.216445563649355
-0.0563615447320613 0.104728170817618 0.165005145781904 -0.346294790291759
-0.0397907184523275 0.0889340612660779 0.141483397808826 -0.375876505787473
-0.0228232495193943 0.0646390050597021 0.158146283979789 -0.359320391346861
-0.0310199358891383 0.0683166312542445 0.190807769409951 -0.267469032650555
-0.0563539151720161 0.0755793768281401 0.226736054944883 -0.14506690999338
-0.0993961077937726 0.0659989756146501 0.181054994632397 0.0344917984451144
-0.136367539594297 -0.0606327396021737 0.0700881459469467 0.126579787624551
-0.0480912481099571 -0.171150607453176 -0.100243128525018 0.0996049825549964
0.0353044677165737 -0.143602788262573 -0.16646542082417 -0.23858317657739
-0.00422367791765732 -0.316111507444672 -0.100844058541943 -0.315720511375256
-0.130303734594542 -0.371395127145626 0.246819052838528 -0.180861544627844
-0.238839436776198 -0.291038935873149 0.127625998793081 -0.437658250746651
-0.358171581354634 -0.104951003181886 -0.0924606117767031 -0.219567033993203
-0.346319390760938 0.0806603924440927 0.0107055581355076 -0.0824869393807066
-0.252712622396967 0.204768634948835 0.108494855516925 -0.141976714816262
-0.141028344391362 0.240218254316021 0.130292660687853 -0.267974452499689
-0.101792667825172 0.230116941612904 0.11365199522387 -0.308819302444991
-0.0760828360556052 0.192239248686316 0.135860173651788 -0.316425633808432
-0.107250811252821 0.182507302897062 0.17949006295993 -0.260484594424083
-0.163475078830744 0.146397231678611 0.232628339636549 -0.157479430331641
-0.195378371088599 0.0811852116445736 0.201129747062184 0.0350018900965157
-0.228585977289699 -0.0665585950067948 0.0739157225987908 0.1471084443115
-0.158784682095901 -0.238351458744159 -0.10075277229725 0.130718634850072
-0.0676158078883405 -0.274768267702366 -0.156919652499353 -0.163965322702265
-0.0365226406077973 -0.441470594574287 -0.0720387221643001 -0.161788319843674
-0.202651977439678 -0.454662714142553 0.326864556215894 -0.0863542745583344
-0.296575956741757 -0.327026328392722 0.141907255341404 -0.454591747208759
-0.420164984189596 -0.137385057594041 -0.161538241519449 -0.252728533548167
-0.446503996177194 0.0848160408711078 -0.110974756691858 -0.0508545294940164
-0.344928091885244 0.26166663394639 0.00135824625532502 -0.0469139175163563
-0.19730844042139 0.33032471052787 0.0565323381207737 -0.148389925706881
-0.148032506400327 0.337887026921253 0.0669281281863477 -0.193969971208791
-0.120235650818411 0.305182515573607 0.106005224362114 -0.225271316740727
-0.174887656932437 0.300728173076883 0.159365544280901 -0.211622628839746
-0.274341883393332 0.233422606063283 0.224894441054255 -0.141664627992063
-0.312291908465776 0.11401223388359 0.215950619271708 0.0484401602318273
-0.341195381697599 -0.0680836347741526 0.0813685634991739 0.182082333448873
-0.286060552366159 -0.292096745429295 -0.101556834058116 0.176685562099671
-0.176438213712396 -0.384172146837281 -0.127470971894627 -0.0619566333830819
-0.0680193589726025 -0.473159049795333 -0.034979284492885 0.0173427262598052
-0.234553621742334 -0.423729932944111 0.375312012278502 -0.0145585758633928
-0.274668576785287 -0.266350283377124 0.114496126401039 -0.429312073927879
-0.372583906547516 -0.124090423582204 -0.221556256663075 -0.247217254861993
-0.436719195375577 0.0821233849511439 -0.219977650041399 -0.00967912911300126
-0.35737255327678 0.272287762962896 -0.109220503451528 0.0514247574568416
-0.210515396081627 0.363654041109497 -0.0332506778350938 -0.0129343972892202
-0.172822706238861 0.395134951658575 0.00819623598131655 -0.0480502178925961
-0.153142587165264 0.380753678855647 0.0664418376214527 -0.091276799516108
-0.230635092487713 0.387267160150328 0.126121923703664 -0.112683654230936
-0.367128062597256 0.292249036007353 0.19353562534553 -0.0758353617095315
-0.410299725377297 0.128317078551437 0.208023092415165 0.0855625806506344
-0.426528482280574 -0.0703089140824416 0.0827585581963876 0.225962086314164
-0.390814587077336 -0.321579503447945 -0.0902611599194073 0.229111236450863
-0.266313857708961 -0.455178265163967 -0.0769321598808915 0.0625148902680914
-0.0969864719987627 -0.414687359828268 0.00777945607126437 0.174861201511933
-0.220696469938491 -0.292149707209583 0.372363760807254 0.00844612526777552
-0.18279429794668 -0.146435453864689 0.0577047788019094 -0.361180505898106
-0.245856993455813 -0.0903737227112148 -0.245738994661992 -0.198472599830736
-0.342803835957346 0.0663867340372143 -0.274297080185195 0.0357191344101494
-0.298156015505007 0.240412850598789 -0.186912987271389 0.134547842111254
-0.18431253779087 0.340898001633826 -0.112130821036003 0.118165432117694
-0.169222322229653 0.393604964140074 -0.0508943439346729 0.106212004341775
-0.170512369960961 0.396264485333637 0.015903666231297 0.0631980059357803
-0.265053986001307 0.400550312011415 0.0740936944865163 0.0216109510946541
-0.412897744426139 0.275924220038429 0.132611097984832 0.0257128336469244
-0.437517197208075 0.0910043706988291 0.163566127767871 0.139159346694542
-0.431223167504589 -0.0800194616540624 0.0654574791746586 0.269788757830402
-0.430106774202353 -0.316488872830988 -0.0731766986170416 0.279241931626618
-0.307803836674055 -0.473067610108383 -0.0149640974018496 0.196093214410026
-0.119911011396905 -0.29633360419271 0.0534283440910527 0.277861574166128
-0.174949435629701 -0.131179025456143 0.324044496629696 -0.011598177985195
-0.0740506127266539 -0.0351571959614146 -0.00287402077287433 -0.271694470586327
-0.114935212299586 -0.0655273457878767 -0.230256539042408 -0.133909564513342
-0.224696450247964 0.0413117926867927 -0.273494983154523 0.0724138854602696
-0.206384389855965 0.180209117194519 -0.218943287996769 0.193180295563785
-0.134599271629327 0.273234959510515 -0.163028216980889 0.227612457171597
-0.138740669206616 0.331781004997897 -0.100934619795467 0.245069454476859
-0.160252638141517 0.340626706745576 -0.0432789423580262 0.210670761234402
-0.259422383757407 0.32501234171664 7.35714721824204E-06 0.15666038578991
-0.377579421882338 0.181618980104142 0.0420298146625351 0.126212529895689
-0.359517033420795 0.0163481615829498 0.0911113562669216 0.181157381184052
-0.335680239863688 -0.0762486550754524 0.0282214031925756 0.301545714220274
-0.384975637392996 -0.266594715748138 -0.0650093628922445 0.321041131790946
-0.288414562731359 -0.415805811862586 0.0408635406637078 0.318929004808334
-0.122310558806225 -0.155927976509109 0.0979685629480083 0.322795982952612
-0.11376603747871 -0.00089718983953314 0.260943909446985 -0.0439629584636584
0.00961929599567491 0.0267695559588551 -0.038494849339399 -0.191905111268607
-0.0262921650832021 -0.0562384577683163 -0.197044181909486 -0.0882426493695826
-0.122194736949737 0.0133762498096173 -0.251489391643849 0.0942767861606665
-0.113672506797793 0.107882310854621 -0.223033295190877 0.229357632789725
-0.0766079429199807 0.174299259890984 -0.182590374714842 0.305973477136105
-0.0879112955120687 0.216608973073152 -0.135810061735574 0.34567283441239
-0.115949238121229 0.221888443550829 -0.10078987284862 0.320497718824311
-0.191300031558562 0.186331062067731 -0.0808127396402842 0.251393939820953
-0.247548615930529 0.0570789049275685 -0.0521525221621346 0.185638263795116
-0.186524032481434 -0.0393368833514087 0.0177803777823215 0.196316352595558
-0.175419331203083 -0.0237841919930198 -0.0204627899373736 0.320157310844131
-0.27731613626346 -0.155831382973734 -0.0895319519947838 0.347499651326902
-0.221241588511794 -0.282580059106694 0.0703472430989997 0.4044021092843
0.109963239021869 0.0525064747706299 -0.118190405877002 -0.396828415766844
0.0927061687201126 -0.05422056820584 0.0746864001323876 -0.302253538450094
-0.00373114741647354 -0.0693467746374172 0.0237645246208453 -0.343973773278018
-0.0262213688627991 0.0256207429115528 -0.0218330683519651 -0.15963749143522
0.0406192073455206 0.0188014110476993 0.11273051866957 -0.142337089125582
0.0447685100006617 -0.0296475619559418 0.152899496886986 -0.261731702933529
0.0263122517432674 -0.056743718011241 0.128646272063417 -0.366706423940768
0.0198239596331909 -0.068346132504635 0.123849864347023 -0.388506359383003
0.0301685635888158 -0.0655226939421357 0.14829742340996 -0.365227482150669
0.046045159521059 -0.0335697749447283 0.180317617263444 -0.260281698499445
0.0435340363084373 0.0261299016403741 0.209522292259771 -0.140238392075676
-0.023798755385789 0.0696994026033823 0.176805548033998 0.024907079122279
-0.0765777052683946 -0.0402151648122213 0.0819744285335546 0.116084741045445
0.0252395617218584 -0.092446275927384 -0.107367864672517 0.0868413249915141
0.111471567767526 -0.00965343097779683 -0.175728967829958 -0.265808896718609
0.0377914727870269 -0.136353860821061 -0.126819174331149 -0.389522291869003
-0.0370039929392944 -0.212879711317485 0.145569586890634 -0.268590486423653
-0.141507037074211 -0.179046577991234 0.0583415030966106 -0.395335227201713
-0.212842370259264 -0.024471672831354 -0.0444762441122186 -0.173433145744709
-0.159809285196894 0.0744320949198878 0.092678055123167 -0.116808583014321
-0.100243025776666 0.109013933894168 0.157604679705008 -0.223955286345504
-0.0518697380554345 0.104969694244165 0.140521839801457 -0.350049429590929
-0.0383073691417809 0.089275241277597 0.118221414152604 -0.378996395367911
-0.0234904606371115 0.0632316027257221 0.135188204585179 -0.365152994423523
-0.0290977926751119 0.0669718873365662 0.171247368795402 -0.276740275494974
-0.0508578717951027 0.0753092951719329 0.213489517904344 -0.159371770597757
-0.0899745519483603 0.069066623835793 0.180688809951736 0.0204970290924187
-0.136482655098566 -0.0505220931743477 0.080201015646586 0.116793235121267
-0.059086573824917 -0.164833148172333 -0.0884142463306135 0.103296838481713
0.0291713173413122 -0.145673362477245 -0.176111429994625 -0.21986526775859
-0.0170955803583795 -0.313618205335147 -0.109758238992389 -0.302799842724619
-0.149115155643693 -0.360443298061813 0.234201124209738 -0.196660273898297
-0.250124612256681 -0.275972303570098 0.0920396532853876 -0.438617483441298
-0.359712732566448 -0.0856319398560833 -0.0988465227775207 -0.2078453331376
-0.337740241861855 0.0975350180913029 0.00778163045057561 -0.085420510117885
-0.238850316951807 0.215418770405941 0.0991915782896426 -0.147255612737337
-0.127428097930316 0.243428876762406 0.109821102258206 -0.271653019378743
-0.0894989389418343 0.232714859778268 0.0947996323355524 -0.311849387318938
-0.0673604107799993 0.193273100984653 0.114061899810121 -0.322342706690137
-0.0970661588423867 0.185191773543574 0.160521615156357 -0.270176461447287
-0.15311385843925 0.152418407696544 0.218149363447672 -0.17322001015007
-0.185844046914246 0.0890369217903699 0.200656373070172 0.0203331979683117
-0.22645794773466 -0.0534729467804615 0.0854163487394129 0.137203843953925
-0.170208286959571 -0.224349376432012 -0.0879876815701411 0.134298607728476
-0.0767264182036745 -0.267534560298395 -0.165121570398751 -0.148457871558033
-0.0560294867000807 -0.432474132815171 -0.0731014934200582 -0.152701953536458
-0.223949559663248 -0.436580313947798 0.31885033783747 -0.108729146797925
-0.307198176226109 -0.310677716727222 0.103056167678519 -0.454700939015823
-0.42363472310051 -0.116539527170798 -0.169199427004845 -0.237082917947734
-0.437052563099734 0.107254240480865 -0.111897727291624 -0.0471980859513732
-0.326408454708557 0.278772910534346 -0.00114650692292554 -0.0471227790964574
-0.178555811815252 0.335960154019396 0.0441091726742833 -0.150595018462661
-0.128584906487708 0.341268588749171 0.0538947371221554 -0.195353158478093
-0.103835013309256 0.307182451879945 0.0892920070489032 -0.230320067273663
-0.156965595626919 0.30669131894781 0.143491679751893 -0.220481241362594
-0.257893587130903 0.245936891566857 0.211758738243882 -0.15700101069756
-0.300497309471165 0.127912280235804 0.216986828719672 0.032540353421532
-0.338603630644774 -0.0501274928229666 0.0959952973736338 0.17176703990731
-0.297344322348687 -0.270821138324019 -0.0861642851613297 0.18068862630363
-0.189020813439307 -0.367143290111498 -0.132241361550819 -0.0512523517669909
-0.0891090378197536 -0.462323460068323 -0.0284046078084344 0.0222643433854733
-0.251335420049739 -0.40275462035332 0.369339661799208 -0.0404195169808349
-0.280358323244048 -0.254108651140504 0.0794127005723461 -0.426244750223922
-0.37630107310838 -0.106523598270288 -0.228489010046882 -0.227675028881356
-0.428113477888863 0.105033609524057 -0.216960027961424 0.00147792550658436
-0.337936382183464 0.289973964191269 -0.104623213174471 0.0567971303923028
-0.188985590389051 0.369333768595032 -0.0377797241601597 -0.0114932041180142
-0.146767709089683 0.400173041019406 0.00302470166660621 -0.0477570193751662
-0.130264643248509 0.384210217920882 0.0579848831862637 -0.0957168371066447
-0.208028554019785 0.396067294014103 0.116705885726398 -0.1211871754317
-0.347152483315768 0.310640213136096 0.185437340135345 -0.0905339881606528
-0.39982833591503 0.148859074522302 0.210090913072974 0.070875995850262
-0.423213821912096 -0.0526956831582096 0.100128950761154 0.217123647677175
-0.401330490018303 -0.29609568351949 -0.0724967078811518 0.233835546354569
-0.279886054841177 -0.432764736101672 -0.077077114827855 0.0680194131590615
-0.116572612181362 -0.400265666997339 0.020386320315634 0.174234104571929
-0.228195222351734 -0.272700865851955 0.36395005974575 -0.0169203568422385
-0.182831568234028 -0.140820434737365 0.0269586353162212 -0.355157098957031
-0.249292271542009 -0.0796540299211645 -0.251113184204756 -0.177189059439879
-0.335115085462372 0.0866352808076013 -0.268102347580787 0.0505932648841164
-0.280099395739324 0.256058641728125 -0.176399365584256 0.143560815161262
-0.161936051937065 0.346326354718405 -0.108261110550825 0.123142979371813
-0.142571235593389 0.397588341224929 -0.0467697554918939 0.108208055869575
-0.146511365999858 0.400221764397899 0.0165581430784797 0.05985063204304
-0.238670731649672 0.411757051906472 0.0731428648290163 0.0153060246513284
-0.3938180646225 0.298984672751973 0.130331554470469 0.0148716640312654
-0.430421318977595 0.112801876523927 0.169756449699601 0.126649218141737
-0.428052406706484 -0.0631904669451335 0.0850228879475178 0.263322978733956
-0.43696758719872 -0.290088114222052 -0.0536459268695567 0.28498408975083
-0.319849177992708 -0.445287128893144 -0.0114551530947832 0.195652522426985
-0.132738552455466 -0.280884291603785 0.069481354263084 0.271821861556021
-0.173684369038555 -0.115677436363345 0.312098193507778 -0.0331423810909412
-0.0701031752436422 -0.0367133183066237 -0.0263263511049319 -0.262580589132608
-0.119819707471482 -0.0604533563688331 -0.232790023013108 -0.113836604257828
-0.218232370440369 0.0569861094847867 -0.264261465421444 0.0881695384854782
-0.191195280001309 0.192069545759068 -0.20460900226944 0.203867238523542
-0.116271169827744 0.276350405001072 -0.151149983743812 0.233857941041423
-0.116025364882982 0.335158532828948 -0.0881540418590276 0.248418505571782
-0.137564174260288 0.345460750145659 -0.0327812067444332 0.20882650697961
-0.236150081608601 0.336383576984489 0.0082407402371772 0.153097424260778
-0.365370742411499 0.203621240007831 0.0473525460318684 0.119945318981219
-0.359230044720476 0.0338447263819565 0.0984104524618366 0.173537762136288
-0.333471960885528 -0.0647197904994331 0.0500163130090178 0.297757087915388
-0.390429338414486 -0.240536985808708 -0.0434346428711609 0.32532112091814
-0.300885515778123 -0.389084873855068 0.0487443814479444 0.312685896386475
-0.127842173972296 -0.141998286597587 0.114394066562152 0.311809177937822
-0.106105140127648 0.00748473475989735 0.246111550730987 -0.0618249850169188
0.014387485431742 0.0202383260340115 -0.0548254280746591 -0.182180889102758
-0.0325588048997809 -0.0549208925236678 -0.198267397475301 -0.0709787066026077
-0.118745305551824 0.0235167878230018 -0.239952022723261 0.108803569946584
-0.103956262358021 0.115273125159502 -0.205004374546602 0.240244056239727
-0.0633703156651388 0.176760755608173 -0.16516057088262 0.311880082994013
-0.0711949488363016 0.218455120304626 -0.11627039020224 0.350265446791232
-0.0992802156277045 0.225383631729321 -0.0841027780599422 0.320133689732251
-0.177022943731375 0.195822990333116 -0.0663964381854086 0.251275355149978
-0.244244854920583 0.0730723352113653 -0.0417506745533997 0.18543284607769
-0.191673747398062 -0.0308453346930618 0.0263494118122092 0.192532879691973
-0.171281664892544 -0.0207449158516636 0.00271996642656805 0.318368324959119
-0.278560963934134 -0.135503686212576 -0.0660281977201791 0.351958088822428
-0.230738554848522 -0.260222812563071 0.0820501860630341 0.39285409380583
0.109210980167658 0.0420131190577542 -0.122073462950393 -0.381211260870384
0.0833844041929467 -0.0576405850486649 0.0600255723369654 -0.300752539660411
-0.00932840016782262 -0.0635803818305467 0.00543314165843248 -0.333390848474418
-0.0214657922079269 0.0264682509413153 -0.0238205289342194 -0.153655486036768
0.0407554912729188 0.0134300783821585 0.106793642752591 -0.145633218437702
0.0402869791587026 -0.033328812848329 0.138731669732506 -0.260254703018794
0.0208533235209128 -0.0577304098652246 0.111323656922906 -0.35792293732489
0.0119879698113558 -0.067261936307062 0.105985064357442 -0.383559224099235
0.0217165205251221 -0.0656476392773491 0.129178047021011 -0.361215991147546
0.0402469772680872 -0.036159416407248 0.163911905489195 -0.26064610770823
0.043372580225953 0.0204240217705344 0.195381708926111 -0.145935811460979
-0.0156758653225298 0.0679934834844201 0.172625696139849 0.0144465045769387
-0.0760301841954891 -0.0327133060239819 0.0865688012938942 0.105405320429113
0.0157585045742993 -0.0904678390582968 -0.0957807119060213 0.0886446498163676
0.10631773396556 -0.0178996823385985 -0.178076798925207 -0.24435458248874
0.0337462332190145 -0.138030725266954 -0.129131352111128 -0.37288276716369
-0.0464050687354172 -0.206661059928026 0.132629132453327 -0.271017565686002
-0.146138797911435 -0.168616324030792 0.0348765058796478 -0.383353307991574
-0.20693721139016 -0.0158554687420578 -0.0450497441129969 -0.164919411679245
-0.152136553759946 0.0751866623688371 0.0872171234964766 -0.121629565928061
-0.0947505982434765 0.108272434401332 0.143858619595666 -0.22501993820523
-0.0494898577725204 0.10246997735802 0.120944561032023 -0.344164021829222
-0.0377107971909318 0.0881770916407255 0.101572670309188 -0.372535164979033
-0.0246744279265478 0.061651872376991 0.115221208621465 -0.36121220234739
-0.0290398100425872 0.0649411170635909 0.153438324759091 -0.276302482499912
-0.0463058896167949 0.0725816097499487 0.19870649285335 -0.165775749311689
-0.0806166161910236 0.0682064671739371 0.176994069010384 0.0101589148154286
-0.132539015382142 -0.0421464277334343 0.0853500935767555 0.106030105907414
-0.0658888727967774 -0.156442440340944 -0.0778906865844248 0.10315535572561
0.0244841344268246 -0.14528652078175 -0.17776630434886 -0.201652457041075
-0.024971431988226 -0.307295256242824 -0.108599697396292 -0.288430477673036
-0.15673557832574 -0.344527393483173 0.221783536538267 -0.205376334176694
-0.253544858931716 -0.263207816666417 0.0633213845487114 -0.425801181700697
-0.352504316670312 -0.0711866126934988 -0.0992825255177977 -0.196483855377515
-0.325641173384511 0.104684200222455 0.0058660851139084 -0.0870883884127459
-0.224927545882438 0.218030289720822 0.0898884333190056 -0.14847543559394
-0.118111675934661 0.240334556371853 0.0930696553719878 -0.268002172335686
-0.0815025437670063 0.228920581332578 0.0784924660048563 -0.306407314081577
-0.0628493562611797 0.189533794535853 0.0976803738833263 -0.318417455872079
-0.0896552581812614 0.181718686936357 0.142910976286755 -0.270439557194468
-0.143104705783485 0.152941741519758 0.203114689336081 -0.181185600036749
-0.174806389668601 0.0910208727091186 0.195706100789813 0.00852315577217134
-0.219485071757424 -0.0434546346940861 0.0914793263416969 0.126333756685815
-0.173442137410458 -0.209936464991683 -0.0756536527310119 0.133619229900221
-0.0799475030177984 -0.25723982269096 -0.164887516694584 -0.134237398881924
-0.0676765193574334 -0.418681808843469 -0.0697531605727164 -0.14265738333704
-0.23162949177642 -0.415508395140999 0.307481163788048 -0.122349960134153
-0.307256049737505 -0.294628194869971 0.0737375043920641 -0.442585271369901
-0.416764189550838 -0.101284002312289 -0.168216815994487 -0.220854593866678
-0.421856476477575 0.118671084124081 -0.109516820091719 -0.0446649902904312
-0.306113629007612 0.283903834511967 -0.00328126498832498 -0.0464706862764922
-0.161557226457523 0.332594319530147 0.0317024315483465 -0.148181625271124
-0.113192040086754 0.337841152330319 0.0423590079733116 -0.191886413923683
-0.0925950308846829 0.301459513743555 0.0758969566634429 -0.22877382051986
-0.142096373375148 0.303129029258699 0.128314412623888 -0.222958478692932
-0.241822690789204 0.24911748617152 0.197104055292431 -0.164894017829783
-0.287785369768967 0.133262927565844 0.212529206367171 0.0206544830369757
-0.328318658586722 -0.0395036563531839 0.103986484271166 0.160518884529473
-0.296392821261924 -0.251927191308454 -0.0724885203020705 0.180307980819756
-0.190175983219676 -0.349299722313514 -0.131663750547042 -0.0408284301544206
-0.0986829014153874 -0.443240034038379 -0.0209442670347859 0.0251364827701762
-0.253989976083939 -0.378567465007892 0.356646314533114 -0.0571684012153929
-0.276145658992895 -0.24340682236753 0.0507618222172452 -0.413053281244111
-0.371162367511417 -0.0936689699531542 -0.227124332130707 -0.209255861189978
-0.411138501382176 0.118351084510087 -0.210657429627618 0.00699356580126272
-0.316269094414468 0.296587639995424 -0.0992941114017105 0.0586875375064687
-0.171454845208696 0.366618866878555 -0.0418679271106186 -0.00919094112455926
-0.127630570320569 0.394645408279953 -0.00127651654643532 -0.0459344357602254
-0.115106115170929 0.377867648761299 0.0496837010082547 -0.0967250862610912
-0.186336805949453 0.391809085156808 0.106355239097414 -0.124247579130564
-0.327014649106709 0.317935534351959 0.175249642978001 -0.0995603726835163
-0.385985339544244 0.156792523653246 0.207891433604869 0.058385148931101
-0.411918488408589 -0.0395750072281962 0.110977642161048 0.205109286708949
-0.397438450640822 -0.272057186835401 -0.05751973937483 0.232509515581458
-0.278819595390245 -0.407838259714016 -0.0771749526030041 0.0714743574921975
-0.124577696859963 -0.38064648389773 0.0295000863345891 0.170665280026634
-0.224882835775607 -0.252275331866024 0.348936374264874 -0.0340344447890876
-0.178173421221424 -0.137103890288413 0.00417461832858005 -0.34001432433799
-0.247770040518165 -0.0725952668830781 -0.246675524120085 -0.159725347534994
-0.322521607094531 0.0982380405907601 -0.257589106495389 0.059466123158123
-0.260690511258833 0.261778556070284 -0.165185161581894 0.146430100051109
-0.144714520697116 0.342011827255438 -0.104459788210811 0.12408706330497
-0.121340626280253 0.392569052945305 -0.0437070012994197 0.107500375070026
-0.126426994476355 0.393977007244305 0.0164485172690544 0.055734721921331
-0.216434204685784 0.408182036932423 0.069716528620497 0.0104264432694853
-0.373166475956658 0.309804886995817 0.125902596890915 0.00635602389558973
-0.41913613593868 0.124832671858243 0.170571783265721 0.115083596269904
-0.418425064517798 -0.0532975311311224 0.0986520888571883 0.251572379937677
-0.430811272059753 -0.264468056262635 -0.0377856759542756 0.281791941029317
-0.319999710355868 -0.416011036828572 -0.0101774519016279 0.192267967684323
-0.137002767527002 -0.262203291865731 0.0793483296743711 0.26099756870659
-0.165761643625241 -0.102404424951002 0.293168331714402 -0.0467801948135468
-0.0647805163795693 -0.0396388456722782 -0.0421269208642749 -0.247944729323814
-0.120920243575102 -0.0565458902466312 -0.227235798237295 -0.0988327557622574
-0.208620158087185 0.0660900953728272 -0.252023647914963 0.0965946528761803
-0.175859274184214 0.196374252186354 -0.190241962186385 0.206468817608456
-0.100679818694977 0.272402253853294 -0.140897780800054 0.23304901008998
-0.0962891314361563 0.329927488306947 -0.0777722190177933 0.24531398653065
-0.119631010448419 0.33979540565303 -0.0258029488343236 0.203540717898482
-0.215667792374278 0.33674516836356 0.0129447431050259 0.146816273472098
-0.34974131438809 0.215864910163108 0.0493907186375529 0.112924723093035
-0.352967572981149 0.0439593173308133 0.100893124324225 0.165606075571241
-0.325740872103087 -0.0589766979626195 0.0648570334825091 0.288204388770262
-0.382155386593939 -0.217534900381841 -0.0278932672984495 0.321617218725731
-0.30177306467452 -0.361922642212283 0.0505297134067032 0.302483931987682
-0.127602073065636 -0.127206705192038 0.122623277880082 0.297312098056104
-0.0959647282684507 0.0138479646532441 0.227103000495801 -0.0710884792235499
0.0164173697688679 0.0133671420141301 -0.0652197215861497 -0.169584550630776
-0.0368592897537074 -0.0523406896414869 -0.193772904507496 -0.0581674035206383
-0.1128084442225 0.0307325449440229 -0.225738592324005 0.116830527997331
-0.0939189056821959 0.117993211593945 -0.18739154104491 0.242530588584317
-0.0517480918266063 0.17285050707833 -0.150516830013782 0.309371226660139
-0.0570657646260036 0.215120328951922 -0.101770042135428 0.345305381076513
-0.085064028134936 0.221769453934097 -0.0718635819379944 0.31378521209939
-0.162476926453418 0.197890907217468 -0.0552399897946212 0.246073126916849
-0.236764425318869 0.0838094914543949 -0.0348628746835574 0.180953081410495
-0.192901345566505 -0.0246513354569163 0.0306210275068838 0.185874408943057
-0.165722997903658 -0.0211979396361965 0.0195729301072524 0.310785730578717
-0.270163341640895 -0.118233788561477 -0.048460315312911 0.347714719068429
-0.22939030405235 -0.238525127583015 0.0845091604292181 0.377558319646446
0.0824512618257152 0.0818799277470415 0.054764355853812 -0.399290096973416
0.0935682204941189 -0.016686340853974 0.177023502782004 -0.252196418251693
0.0138940927777755 -0.0583955306619873 0.134338169293573 -0.29754082301144
-0.0279955410287007 0.0169042934746367 0.0443864502779993 -0.145422541263032
0.0305894871972474 0.0271240656319991 0.158145315175885 -0.0903897693000376
0.0478200798106199 -0.0149578762178504 0.228920231980314 -0.176474812703091
0.0397949517490765 -0.0445122202709216 0.243190355357574 -0.272842778892179
0.0339509806268526 -0.0574617284441417 0.250347609035287 -0.296550555191128
0.0404373235614791 -0.0545179706263662 0.260037820675595 -0.269704137174819
0.0455955134430916 -0.0216840421592194 0.252134139468488 -0.167702184873381
0.031670471343046 0.0287310288182413 0.231082232571793 -0.0522295229517884
-0.034787159264373 0.0536015963584927 0.147526893011891 0.0810453901978022
-0.057073625785417 -0.0552654359409686 0.0377421267774389 0.123175813576093
0.0430393670320178 -0.0742328823145989 -0.111971493208993 0.0429932806747095
0.10103360497651 0.0143678102866956 -0.0610272233995526 -0.27779589942743
0.096030443011784 -0.113081795566815 0.0265550691713804 -0.381940720543956
0.0468604414629234 -0.202309930868957 0.221217400994184 -0.190668794785405
-0.0609455297014269 -0.212146428832352 0.170401577792713 -0.321744114728556
-0.172342765700474 -0.100224470058748 0.0244276412343252 -0.153675000838492
-0.164348381968957 3.01804882655921E-05 0.131520738637686 -0.066271029230105
-0.12789636172798 0.0539992343726277 0.220312241741304 -0.135980848301003
-0.0875229966939175 0.0682121832361056 0.245778954161982 -0.253312401047163
-0.0718995984727068 0.0618559318250186 0.240834740855632 -0.291035461993957
-0.0517714116771104 0.0406612232054492 0.244867825357058 -0.276820552322382
-0.0538356586664004 0.0417589133969468 0.247241717736858 -0.187034938362341
-0.0691687263061972 0.042523047799394 0.240531982959518 -0.0690416088941403
-0.0936281119822484 0.0277678540004485 0.153006533526218 0.0779587450329142
-0.10232346558857 -0.0855606159628035 0.0367554451184941 0.123705429717671
-0.00425637255412683 -0.161172277445987 -0.099078414070543 0.0580792434359662
0.0750420945950164 -0.127990083692875 -0.0710754448511072 -0.242172064453896
0.118722054088461 -0.290091045387291 -0.00659620973564178 -0.2873313399643
0.0105994042153141 -0.37038736456763 0.267403030448229 -0.0900222672780037
-0.112763346405494 -0.343471976848105 0.204885172333278 -0.34286841285066
-0.276333782259266 -0.213516974350135 -0.0182639745805378 -0.195141373626172
-0.328475328577114 -0.045701665421088 0.0433223956514751 -0.0599686466354327
-0.286931956520427 0.0971397757477934 0.141495021430836 -0.0829559277916391
-0.203170937065057 0.16110127428314 0.189100843791036 -0.196592616363419
-0.166997385121821 0.171283053612256 0.192683892205124 -0.241083247545285
-0.135507476484114 0.140953832016764 0.208896147491712 -0.24631194321841
-0.152993037132034 0.124291661858353 0.232354959039148 -0.186872592981317
-0.187563255651367 0.0783802190195158 0.249819980338766 -0.0815852324483038
-0.188176343442907 0.0103237625258449 0.170659984134495 0.0833436701811629
-0.179473336947691 -0.121563380640274 0.0340664721265165 0.142133417079834
-0.0791477261137402 -0.248179159257491 -0.108610718661304 0.0801317572411029
0.0227336641331337 -0.264622867562761 -0.0813709898393039 -0.18124046536107
0.131576240168277 -0.408793052605137 -0.0433046854436811 -0.135309100369777
-0.0207308352048027 -0.461433054877618 0.305345826358593 0.0214299978301319
-0.14414664365144 -0.396424822810013 0.217220835597436 -0.347268043888507
-0.319285106710512 -0.268333502049239 -0.0755351474831547 -0.241928744074526
-0.4198441194893 -0.0745479618402475 -0.0784059316702814 -0.0636875992499786
-0.386989418202963 0.123068956695462 0.0171949390929782 -0.0260626287930392
-0.278238324425975 0.225126445176421 0.0854003060447384 -0.11343535990767
-0.237067576278428 0.254925081167776 0.11408032134891 -0.154642561009677
-0.205038398272637 0.230643319504001 0.151900270896122 -0.176315947813772
-0.245940121331812 0.213581449457525 0.197827259384514 -0.150796364451885
-0.313385347436877 0.12880453737448 0.238233864896129 -0.0700260515242852
-0.307005403749497 0.00340865546068584 0.178841904079923 0.100298775986349
-0.279500463307199 -0.16105668692954 0.029997084552704 0.175916401580207
-0.171020484902856 -0.330520241347922 -0.123934478157854 0.11769658261219
-0.0420211917164383 -0.385568504340956 -0.0840871788635238 -0.0898095015707375
0.109803262509044 -0.443601695844553 -0.0711196793700527 0.0381716639262687
-0.0552001114981151 -0.43675844136968 0.321571515887883 0.10074570711487
-0.136947747215002 -0.337513195212951 0.187143002993141 -0.332064905178773
-0.283953513060854 -0.242775119717132 -0.132225703627106 -0.257141727957435
-0.409825737962624 -0.0704379734280156 -0.190611907515915 -0.0577501025633919
-0.398439645372508 0.131143904789814 -0.111020313536126 0.0284203508075232
-0.298359117485248 0.251957670446613 -0.0371634703399442 -0.0183177297353553
-0.272585374459374 0.301723215973575 0.015534097798258 -0.0428737649124786
-0.252917180893359 0.291376058240365 0.0746032641641842 -0.0697977498586106
-0.318955464056905 0.276544980965021 0.137193851723718 -0.0721704973438841
-0.417307940015185 0.159339715758443 0.190578875374436 -0.020589926380031
-0.40610730965938 -0.0148352354399895 0.158237008337769 0.131470393296589
-0.354753911722039 -0.195975502136458 0.0169194153637353 0.217423464578074
-0.252287200039947 -0.386454601169628 -0.132170080372407 0.167704553304001
-0.0998655374978434 -0.467141773699194 -0.077890864134064 0.0289963046094223
0.0597682321741335 -0.396352965163126 -0.0790891642457756 0.187316785639728
-0.0829781843873663 -0.311844765535087 0.308790353037147 0.117851432521129
-0.0932711345349597 -0.201325014379852 0.124242893095526 -0.289962328698466
-0.18494456373489 -0.171402571679753 -0.166578072594396 -0.227273681615933
-0.321298629926125 -0.0487591405446736 -0.252165878446191 -0.0353423482926242
-0.335611008134551 0.123922370563451 -0.20444493814456 0.0766859417830684
-0.26433602635829 0.24029677718694 -0.147086398262796 0.0742281686691221
-0.264662657786135 0.302109734464707 -0.0840219824301395 0.0766191338113557
-0.268389453106744 0.302911998191968 -0.0170060351698582 0.0526181990090802
-0.349033481803433 0.281550518803578 0.0500640904897039 0.0330820325143006
-0.454288285966402 0.135841364701899 0.105160362250595 0.0534568021899743
-0.424810531115169 -0.0562812717423618 0.0995601433734995 0.167275369340206
-0.355027990217828 -0.21069731019367 -0.0117932786136191 0.255238460523894
-0.283249322962389 -0.39162799948371 -0.135666870093241 0.218977462717286
-0.134326964901762 -0.487626872150545 -0.0686892375770466 0.160880265793612
-0.00572803262405009 -0.292628553819707 -0.0607626415500322 0.284805264521143
-0.0952148187060227 -0.15555669596829 0.269711435338891 0.082009106685032
-0.035010135780382 -0.0673968621609176 0.0526284242558134 -0.23215334764109
-0.0830234704189765 -0.103463420123189 -0.170005099295738 -0.171471159591811
-0.207537956046333 -0.0272533306941372 -0.261708516506901 -0.00437093355678379
-0.233137582458752 0.10201347940225 -0.249343330588046 0.116938520625439
-0.197252773810038 0.198583217365222 -0.223472381625712 0.156293090760555
-0.215940441027281 0.257438377851113 -0.170388760364264 0.185431032558159
-0.238811443996178 0.258156218221497 -0.112516601346025 0.166299511871424
-0.320253671898179 0.219414469492272 -0.0543727074168324 0.132876790483467
-0.398208791247608 0.0629847478685876 -0.00575759446227557 0.118071009519776
-0.335639193315458 -0.10165399418785 0.0187297954135168 0.183527521624784
-0.267841769071187 -0.181705364149972 -0.0560331594783318 0.275549045036419
-0.25543601370246 -0.329199851016741 -0.145447512160651 0.260297774926303
-0.13752859149072 -0.429506614111285 -0.0633143448989858 0.281832896704829
-0.0587464721056832 -0.16550582527724 -0.0232710632415763 0.329406856368536
-0.0848095578228669 -0.0255287982213027 0.224347745638762 0.0290672900282995
0.0132491043559097 0.0139813412147552 0.00517143484308707 -0.175994956253122
-0.0128987524456832 -0.0623905868279999 -0.154644840148517 -0.126397124909416
-0.108953501063059 -0.0170346482803511 -0.246193677971508 0.0195783059583788
-0.128112288386669 0.0674398070368626 -0.261945826899642 0.14557727369762
-0.113970351273545 0.131453049429683 -0.26069943432879 0.218694444126702
-0.133815104283349 0.170994671794664 -0.23046463209511 0.266032946830329
-0.160476423738101 0.166796710760918 -0.194123997541281 0.24613722013639
-0.219062677723295 0.11677349864531 -0.153000278241328 0.193403630318471
-0.245967485828965 -0.0112551595683011 -0.106901366832079 0.144187597139728
-0.165044149559213 -0.0998900458909588 -0.0515837105719056 0.174191667381659
-0.134477051930641 -0.0850334957273955 -0.104571136684792 0.280196298643614
-0.192368009380408 -0.197142880967805 -0.17751660436708 0.281855542902193
-0.119101566924726 -0.290222746966408 -0.0719262074510797 0.362452461806133
0.0848785611806012 0.0754650067202032 0.0570685308351935 -0.392628293183036
0.0891445683445163 -0.0200663570622726 0.175491460538364 -0.256411298240654
0.00901268710432857 -0.0555464081228269 0.125296470503388 -0.297142002225897
-0.024807857744557 0.0196544519120805 0.0440288163899942 -0.143834982136138
0.0331265128638869 0.0234857282351036 0.158415754686213 -0.0950239975434335
0.0463207895200103 -0.0183775786955756 0.224228296975071 -0.17961318001506
0.0367992905209346 -0.0474429467456175 0.238155417535469 -0.271537044128703
0.0286173736713243 -0.0588833493765056 0.246071434737911 -0.299306510077011
0.0345268662665493 -0.0566029554782358 0.25386000322217 -0.273566751419218
0.0427456424618213 -0.0250883106692824 0.247412299352972 -0.171379733110691
0.0332150536663451 0.0253766344375375 0.227456681178922 -0.0570351172779976
-0.0288809286504331 0.0538038059601759 0.149791715658892 0.0758547210408186
-0.0587321977855145 -0.0505021011105465 0.0429342261492372 0.119539958527833
0.0369812666585147 -0.0753223381926852 -0.105995166460324 0.0473071443842393
0.101355955579562 0.00764772864954789 -0.0621675294796222 -0.267434855783092
0.0975870032202588 -0.116998947087066 0.0310092993038645 -0.37485673540126
0.0424121472914072 -0.204392314642087 0.22211502915682 -0.196665911146469
-0.0650943029427171 -0.210411147862702 0.158431200479878 -0.321967185537825
-0.17073877150636 -0.0971844027631558 0.0251083346048767 -0.150223451956521
-0.162819861995351 -0.000798473308134391 0.13197510418486 -0.0704065227118632
-0.126987620740477 0.0528884465737878 0.216753123648779 -0.139454323852359
-0.0891962829657228 0.0664321602119966 0.238883230790942 -0.253933195460202
-0.0749556789567494 0.0612466528040042 0.236174152454083 -0.292894085695568
-0.0558175355222938 0.0392264409868762 0.237391302990447 -0.28100776098286
-0.0554216287059929 0.0398210691506379 0.240615881032593 -0.191487584065461
-0.0672578929049199 0.0410324043614311 0.237323380456125 -0.0759454833515585
-0.0883491125135179 0.0283257940515063 0.155453365211277 0.0729450891258969
-0.102020772469143 -0.0812091254800879 0.041962203660082 0.119636497417114
-0.00872770780333822 -0.159095518663539 -0.0932835519128044 0.0610338044383529
0.0755650492683422 -0.130187280094498 -0.0717459631964118 -0.234201336563469
0.118489262823041 -0.291223571982642 -0.00217275005364349 -0.28057804493984
0.00826742384608799 -0.369266863607803 0.270207412356564 -0.0982836715868952
-0.115281577719304 -0.343161809415071 0.191652654213087 -0.341738443598375
-0.276927577211356 -0.210756337329553 -0.0181527409438282 -0.190261982167902
-0.328058848579022 -0.0446111740875594 0.0437013865774351 -0.0627484598926653
-0.285077517161164 0.0988917027211146 0.139469748859168 -0.0856969783781422
-0.202740882820444 0.162248375168738 0.182213279497024 -0.197799830949059
-0.167278483325988 0.171905262045428 0.187799027946308 -0.243879578797874
-0.137059404229057 0.140558744242692 0.202656823069994 -0.25046793848411
-0.153054858141981 0.123742559387333 0.226788062694729 -0.192619057843265
-0.185624041935999 0.0795050691216338 0.246226317019394 -0.0897576392686642
-0.184090056295935 0.0117823854152913 0.17267939348807 0.0784621377510317
-0.177626199108428 -0.118523418460222 0.0407633258631973 0.139067928553016
-0.0809591627214133 -0.243339974256553 -0.102070900870664 0.0834476813135543
0.0247963591213376 -0.262068525248574 -0.0824580590058302 -0.175466724755755
0.128343580375536 -0.407771564801249 -0.037327919816817 -0.128850446301924
-0.0235732939739309 -0.456626461327098 0.308526254626944 0.0120651100741705
-0.144026503667522 -0.397098574496346 0.202335624449227 -0.347958346907157
-0.321037604728846 -0.267196573583191 -0.0756151454890848 -0.235595841579666
-0.41965467286703 -0.0708375565708246 -0.0786364531308601 -0.0648379272056451
-0.384005743864986 0.126610202659642 0.0164357248667979 -0.0278613942324405
-0.277136073411132 0.22686222507937 0.079266150645773 -0.113915393477574
-0.234323759087007 0.256481805236403 0.108828730816794 -0.155740330531588
-0.204695392265633 0.231762088039511 0.147087804513051 -0.179066139352394
-0.244958748398062 0.214219314829409 0.193517761465901 -0.156130666874705
-0.311311774588985 0.132949121765881 0.23529258467492 -0.0786775275310938
-0.305731843123103 0.00487718260990238 0.181292389986729 0.0957897362763512
-0.27761373390049 -0.158895528607375 0.0375868407622971 0.1733595267419
-0.172490770891032 -0.325567336259776 -0.117671797651494 0.122008343650147
-0.03980858005665 -0.380007750864882 -0.0868775884171492 -0.0860391493413978
0.107048613752972 -0.439419803820466 -0.0654239295327391 0.0425765588035867
-0.0566823970679922 -0.429992573117921 0.323623178720843 0.091441194185336
-0.134859894032714 -0.339242948080145 0.173961876203417 -0.329970902425559
-0.285957842718862 -0.243271663683692 -0.13270243193448 -0.250894903369597
-0.410027535207954 -0.0646661580637084 -0.189944938246558 -0.0561830586577253
-0.396382721540626 0.137270991382335 -0.109474121426532 0.0288624839610158
-0.295111820595892 0.254355842475943 -0.0415362479846941 -0.0180609702040082
-0.266647091340174 0.303419887223111 0.0124562051309373 -0.0429900204312815
-0.250704236579485 0.292734324774627 0.0718394390200342 -0.0729872250206184
-0.315066444899111 0.279988911145092 0.134656820404404 -0.0765901803497422
-0.413792458455047 0.165892778863763 0.188944327703367 -0.0282291673107303
-0.40719485475382 -0.0109082200939276 0.161505342921591 0.127985591122092
-0.353892420130882 -0.195659958081634 0.0257532042330753 0.216060838912715
-0.251160368910602 -0.380882704309336 -0.126641341008593 0.172634092657842
-0.0981141570179809 -0.460159693170483 -0.0823487681266832 0.0320187450281982
0.0557319254500549 -0.389605488772865 -0.0728252381858244 0.188813347171359
-0.0804259694672687 -0.303487829193877 0.307450919509006 0.10829671575369
-0.0888511581287223 -0.204263467016739 0.110571865669985 -0.286009328800242
-0.187815110102485 -0.17287994496716 -0.167060300150514 -0.220088917903353
-0.320887438888366 -0.0430244873205562 -0.250931177073173 -0.0319075779238065
-0.331033286631229 0.130492527877752 -0.201655262861944 0.0800116029969453
-0.26052671365103 0.242916820794465 -0.148663042574395 0.0761986543725208
-0.257553792592233 0.305099012251419 -0.0856844107894976 0.0773476703181517
-0.265249839835728 0.304300539296217 -0.0180163655354388 0.0502455960437313
-0.345075103857647 0.28506954002587 0.0496333212546129 0.030439523795012
-0.4532521792155 0.143659439700425 0.1040993533368 0.0484831599342624
-0.427874865646898 -0.0532807525669297 0.102818373849713 0.164666823695492
-0.354075567706526 -0.21248378515425 -0.00332139536312184 0.254777328094365
-0.28082519071366 -0.385107308767794 -0.130596474167504 0.22449986108006
-0.132859051312291 -0.47781877912816 -0.07254968534031 0.161539081254845
-0.00823390729228372 -0.284745309648756 -0.055483294907351 0.284514504778393
-0.0892163858355594 -0.14771779026675 0.264245867103686 0.0734945247826841
-0.0300428381024007 -0.0720022678233585 0.0416154064446946 -0.22702585906005
-0.0857173718036116 -0.104809387718759 -0.170299015786802 -0.165366980513273
-0.207410400804876 -0.0228653586548486 -0.25816314836426 -1.14511292912067E-05
-0.228221451091631 0.107316375180761 -0.245697706795204 0.120233181668027
-0.191906185103435 0.200779533169528 -0.223335214595542 0.158861293830826
-0.208193717720618 0.259787699613563 -0.169210802648903 0.187496024522939
-0.23326996929746 0.260369371706699 -0.111520193644056 0.16495353798554
-0.315308413756676 0.224441987580185 -0.0538802891400024 0.130347191428711
-0.397540959199473 0.0711109832817135 -0.00523041745765792 0.11500117963384
-0.340608082585642 -0.100193698130826 0.0208759235614966 0.182943276322354
-0.265750036511605 -0.185436270650218 -0.0464640476385259 0.276569559596368
-0.252083492574505 -0.323444963525308 -0.140047445444073 0.265757368841578
-0.136426445897278 -0.418951687214739 -0.069431509881778 0.27967697889651
-0.0598088589027799 -0.156756570195223 -0.0202277383469729 0.326022808384821
-0.0777451435403605 -0.0200048763485365 0.215799918506168 0.0223980261831061
0.0169726855778645 0.00919853132719162 -0.00304090604113636 -0.172186175220207
-0.0163864249651817 -0.0636642563014286 -0.154449074374497 -0.120808286965012
-0.10834818415522 -0.0132344561187002 -0.241591625800323 0.0242731153752569
-0.124630963801515 0.07108469063123 -0.25582440794045 0.149632683937912
-0.109008159856431 0.133843270684801 -0.258926264971949 0.220371479698636
-0.126605376194951 0.172447317832129 -0.228818821645288 0.267579494354647
-0.155592081261022 0.169009562395393 -0.190693833263473 0.245877815695559
-0.215839860060561 0.120710914983719 -0.148400466647011 0.193633073438764
-0.247118731188129 -0.00519043477517967 -0.105300142398543 0.143953606064591
-0.170430651473118 -0.100684054587817 -0.0505882886258315 0.174769978312939
-0.131175760760195 -0.0895403849877723 -0.095991714677088 0.281555027808366
-0.188425402335536 -0.189752565060544 -0.171765644588173 0.286949731258987
-0.120570654393115 -0.280994614663244 -0.0761378908749803 0.358254567137761
0.0889774407588307 0.0688784437400853 0.0571256013812679 -0.393761860078619
0.0843559085444566 -0.0250739618437013 0.173065129065003 -0.267134350117335
0.00355485547846652 -0.0527751549300753 0.11399116686999 -0.301832763118788
-0.0209600323562273 0.0227969109544247 0.0424054102106775 -0.144394491704325
0.035678216240632 0.0199119625829894 0.158313115987473 -0.10215921225206
0.0449336763320794 -0.0220572015513138 0.220465928397281 -0.186992140264343
0.0330544706511542 -0.0502917863454654 0.232248315439538 -0.276588098626475
0.022541549164284 -0.0610396496476224 0.241619961083156 -0.307599387496726
0.0286274550676846 -0.0594265086198434 0.247510181805854 -0.282783139748751
0.0399966724812232 -0.0295128710816773 0.242113716367922 -0.180855922009916
0.0346112565558748 0.0215816322406325 0.226641174359397 -0.0673849502097518
-0.0222346803476191 0.0550256068804704 0.154198305435094 0.0681989290258641
-0.0615363382998761 -0.0459854177699309 0.0500713414179339 0.116162300722852
0.0306280197559919 -0.0773219837959164 -0.100605188498018 0.0532946193745171
0.102270863099207 0.000353001932015035 -0.0656285916577307 -0.260365725462247
0.0988422720759741 -0.123558436008091 0.0299363687761804 -0.373831296839791
0.0358082890248545 -0.209121070747376 0.223526344038693 -0.208351696500031
-0.0727573405307395 -0.209923961030711 0.145197890883285 -0.326561948280413
-0.17325598874659 -0.0927899958744781 0.0234830726921421 -0.148737565240272
-0.163008026799653 -0.000184419305970944 0.132074973742978 -0.077416021956513
-0.128257441685122 0.0539177534737009 0.214069964065624 -0.146891354492893
-0.0909445775807393 0.0685294531025906 0.231790187363103 -0.260237503633972
-0.078105796755726 0.0632382233036575 0.230650075623025 -0.30204155839215
-0.0603383334986382 0.0402189962267046 0.231300121269464 -0.290556194422524
-0.0578952784400887 0.0386544179305966 0.236122581891714 -0.20114513627845
-0.0663009626743723 0.0412632647466165 0.235341537006102 -0.0871243001253815
-0.0843465747184124 0.0295742480276773 0.160421818034644 0.066098417219756
-0.104175513032053 -0.0766705748872393 0.0496538997868945 0.117414546790044
-0.0147490251188672 -0.158022476537377 -0.0873259759011562 0.0658418470673853
0.0750658538292318 -0.135449562786906 -0.0760609670648276 -0.227259274579951
0.116303674217667 -0.297854265004474 -0.000732260942785036 -0.277716361521424
-0.000648736078060521 -0.372366070468118 0.275503708101848 -0.111952432957859
-0.123987732089632 -0.345176433385616 0.176556728621688 -0.347205075965031
-0.283815619884138 -0.207484160985761 -0.0206806994918417 -0.188068702764284
-0.332547434479918 -0.0385891882956934 0.0427592932051208 -0.0671861027016464
-0.286369510934558 0.105370157001463 0.138137032188788 -0.0913698035447226
-0.203150729666593 0.167410808504362 0.17544034080185 -0.20267250444578
-0.167011491832784 0.177171477237173 0.181471712587068 -0.250827656109483
-0.139251070929425 0.144103136340039 0.196000666038439 -0.260904522069337
-0.153560492357226 0.126896240976637 0.22188200274027 -0.201978681692165
-0.184530480272777 0.0843351394983157 0.243783760406998 -0.101878188089338
-0.182662863427647 0.0147923634240707 0.178864559872836 0.071321268179003
-0.179990238351527 -0.114213951050547 0.0493692767407958 0.137011090852475
-0.0877069070959403 -0.240981132860895 -0.0958099200560785 0.0889775098484315
0.0233990966824549 -0.265218523185133 -0.0872051067164768 -0.168701367866449
0.122614889755355 -0.413220069697825 -0.0339656398098749 -0.124401160849609
-0.0322939537259809 -0.458701909398047 0.31670333004899 -0.00129121992067659
-0.151164979639885 -0.400556358198618 0.186380682991778 -0.354548950660611
-0.332388795935378 -0.264270157617944 -0.0804292402095206 -0.232176799728564
-0.426306611298825 -0.0619831133133996 -0.0811404381105894 -0.064809557406943
-0.384201700822744 0.137124465477539 0.0166555386189683 -0.0302409206039778
-0.275589574201398 0.234370822338383 0.0733014781365968 -0.116808222213389
-0.232318130844621 0.26455109381435 0.103298415984232 -0.1600219370586
-0.20372884230007 0.238450582606297 0.141348501871214 -0.187701998114125
-0.242849187052322 0.222051620079517 0.189125337676026 -0.165838426215665
-0.311062269756012 0.143458216886207 0.233322110853578 -0.090453290756929
-0.307305717505909 0.0112444243756097 0.188553633170067 0.0888935692386862
-0.281368469203881 -0.154827458040032 0.0478170983978863 0.172085971291717
-0.179398475001269 -0.321655459836959 -0.110469118268314 0.128871528183703
-0.0435585630415637 -0.379486726074497 -0.0906463984691024 -0.0805205774939574
0.0988635952482213 -0.442537761217433 -0.06012336214406 0.0482240677138057
-0.0621489644909734 -0.42758174538461 0.331242949339917 0.0778821361898127
-0.139037727634942 -0.343209224154595 0.157794644775017 -0.33439558849504
-0.29562763695628 -0.243348206944204 -0.138408611815086 -0.245631476143097
-0.416975337486754 -0.0556137000369393 -0.193128456252116 -0.0524099575006974
-0.3954519461804 0.149345044670605 -0.109421050162132 0.0306826210808636
-0.29076887043674 0.262601909579908 -0.0462744824112177 -0.0167514933266108
-0.261198857621248 0.312398407681714 0.00781535035462552 -0.0441814712216857
-0.247521978510728 0.301278901965099 0.0680816576967698 -0.0781869391271859
-0.312353920091509 0.289811180133851 0.13227744870886 -0.0843729003508076
-0.415327761548057 0.179508823346847 0.188066831317367 -0.0377800177574729
-0.414148103673126 -0.0032478138380032 0.16960585950798 0.122573157327927
-0.359926042423275 -0.192828682870981 0.0375419894368322 0.215952279924176
-0.25939985392789 -0.376041832131939 -0.119340166888422 0.180894678042054
-0.102477885417655 -0.457823615445749 -0.0855961465909521 0.0363322935982819
0.0480378470721024 -0.388414136955064 -0.0658360815672545 0.194322903558529
-0.0827988517010057 -0.298999051113921 0.310844066416247 0.0960035477642764
-0.0887440030440893 -0.207888963773914 0.0959941564059222 -0.28696137231696
-0.194857785840131 -0.173214565547813 -0.172693106706771 -0.214418119841758
-0.325720872636005 -0.0337960706946263 -0.253380308511264 -0.0252860912030933
-0.329159443069166 0.142031328562506 -0.199876014304235 0.0843360239715988
-0.254994528248175 0.251778900388952 -0.152094703406025 0.0818421976442318
-0.250764009952802 0.313413992023509 -0.0875404369681434 0.0806809261749643
-0.259676024298135 0.314237045896227 -0.0193236380356713 0.0488745062622916
-0.341886788321612 0.295962828571873 0.0500489065563399 0.0260254154952136
-0.456267501626866 0.160643704719303 0.105855800596193 0.0424733640313777
-0.437854956183891 -0.0447713771377319 0.110535845960203 0.163396839984178
-0.360338134260776 -0.212462673394868 0.00947469985810572 0.257366910972218
-0.287508557313794 -0.3798950782205 -0.123133610741497 0.234649146710011
-0.13846571832339 -0.473123832285165 -0.075643980826087 0.165925070633527
-0.0143724850757965 -0.279421136113299 -0.0479865391582951 0.287163113462007
-0.0856903665888138 -0.141947481931679 0.263076626875815 0.0630173847014682
-0.0269950835219762 -0.076844114847844 0.0294108444760466 -0.224939044733591
-0.0918922867980243 -0.105924044304021 -0.175485176964852 -0.159251777431051
-0.209465364419087 -0.0149938023591309 -0.259096401473997 0.00723132558091732
-0.224617121236585 0.116825426940515 -0.242673068784007 0.12703544303483
-0.186368959982942 0.20746602788539 -0.223724429627081 0.167175530620741
-0.199927109402503 0.267838406404093 -0.168630808791356 0.192842039993262
-0.228416967672189 0.268597405040924 -0.110604021728703 0.166725075304753
-0.311637349314486 0.235014586318394 -0.0506133951374661 0.130140490292496
-0.401524939606871 0.0852663427973005 -0.00275210412283735 0.113662332146118
-0.35187023941716 -0.0952982282918858 0.0271641798796194 0.184702501727024
-0.269690283874178 -0.188246730215143 -0.0342778447435974 0.279974737784214
-0.25538654139715 -0.316557272718216 -0.133538103039315 0.276683451803867
-0.142347207799724 -0.412635839767144 -0.0714163191490163 0.28346999882625
-0.0627718924276107 -0.150674486795373 -0.0135233835811987 0.326188524253621
-0.0710111288699684 -0.0151205024897758 0.210562810493313 0.013046841657967
0.0208198548240647 0.00305748946373985 -0.0133908556632407 -0.169408895351681
-0.0223663557855974 -0.0647116094350727 -0.159163790539554 -0.114449764536102
-0.109514241284914 -0.00705652127853271 -0.240916044582027 0.0324927392991673
-0.119864151633737 0.0778407624806117 -0.251562979946669 0.15698563370567
-0.103946884945387 0.138238948075462 -0.256942198731767 0.230532205354777
-0.119398147350537 0.177545393264911 -0.225159694500839 0.275718675425199
-0.15071622201846 0.174257030399998 -0.187911211993888 0.251071619916847
-0.213336834204547 0.129364079517115 -0.145452626563829 0.196672893416201
-0.253081195145297 0.00447975526252564 -0.103241273114446 0.146598319750117
-0.180209459520813 -0.100199225659177 -0.0478559298998227 0.177046528080863
-0.130529815325079 -0.0939553397369806 -0.084573082679751 0.286301347284669
-0.188664885961773 -0.182674728496453 -0.166098969784864 0.297908174248177
-0.125895020784534 -0.272506631372856 -0.0793804697574163 0.360875630870353
0.0932667493880237 0.0590726546881614 0.0480578861772085 -0.39299943379067
0.0782696134038095 -0.0314413091708898 0.163698617002205 -0.279839381306802
-0.00183515884235642 -0.048006475026652 0.0952025347597528 -0.306282896959935
-0.0160879616881073 0.025623485833753 0.0371670226701565 -0.144192472884878
0.0387958061450022 0.0150506915708543 0.155486072550208 -0.112207037265886
0.0424206637497332 -0.027146832701796 0.210171798916974 -0.196900972445767
0.0277246907435294 -0.0534341670006075 0.219099586651215 -0.284210802757673
0.0149256830155273 -0.0617435296074129 0.227982569201752 -0.318618950677237
0.0203207782327975 -0.061635955247229 0.232578249805771 -0.296203522509902
0.0346570496136383 -0.0342936919974121 0.232198175401834 -0.193386656161433
0.0359190900755626 0.0166764972686616 0.22077724273012 -0.0809562820945217
-0.0148548150266023 0.0546993846534146 0.157746182762293 0.0574252608838351
-0.065192928209339 -0.0387204810736894 0.05938496930975 0.110601510239571
0.0226802008647697 -0.0784913356783355 -0.09209153022898 0.0607095592478569
0.101338275992734 -0.0105193087304644 -0.0736103036291458 -0.249892519405005
0.0964104372031743 -0.131777967794785 0.0231413991380105 -0.370242177078022
0.0246605406468712 -0.21274136596587 0.218102246688787 -0.224670778598775
-0.0845542238896233 -0.205684149268608 0.124476100746228 -0.3304391700194
-0.175623201876233 -0.0847521864196192 0.0203817258185531 -0.147055877690492
-0.162288868320923 0.00485654642199009 0.128711859476606 -0.086303192412487
-0.127062691626128 0.0578311850535579 0.205349281832266 -0.158073618626844
-0.0909606487516071 0.0704664962386028 0.218112235192143 -0.269087219354508
-0.0798159738490987 0.0665658514668531 0.215890942952291 -0.313012534503348
-0.0633908999275266 0.0424171513374445 0.214874702782688 -0.302753024152843
-0.0590027061125393 0.0392912143111615 0.224390629023018 -0.21471861671271
-0.0644728170031946 0.0424789957956445 0.227762126351071 -0.102408783346286
-0.0777460484878047 0.0314429807685024 0.164909965873431 0.0548841147401385
-0.106726857283364 -0.0690250022206198 0.0601203504187055 0.112316599194313
-0.0238556392223974 -0.155508934034112 -0.0776957057747134 0.0722626763133863
0.0714436004317051 -0.142048326381485 -0.0838680378887804 -0.217643631986883
0.105456778477857 -0.303574116712767 -0.00380897216342641 -0.27334731370007
-0.0164022877954628 -0.372313862152334 0.275780590325503 -0.131554503864284
-0.14083434247805 -0.341441964347656 0.153197566016351 -0.353383369565493
-0.293547198212795 -0.195590614433099 -0.025740564389146 -0.183175600257137
-0.334796485845654 -0.0260539064981396 0.0398324284143385 -0.0713634286100907
-0.281994382660643 0.117329933675031 0.133332603440975 -0.0991558445063949
-0.198504068966769 0.176142493516653 0.162906213629924 -0.209797132065345
-0.162138310692296 0.184970138218281 0.167736702049573 -0.259538193252995
-0.136777341933915 0.150946792112361 0.181188116458323 -0.271528303449616
-0.150648728504054 0.133000736581808 0.209315245443485 -0.215619170668423
-0.181041669736391 0.0925362906781921 0.236656459237626 -0.117989128930859
-0.179476474856142 0.0209483049235609 0.184083597410563 0.0595393264081317
-0.182744200232506 -0.104873398473197 0.0604103297892923 0.131911595675647
-0.096939044652171 -0.234992918025077 -0.0866575830439172 0.0951313195869919
0.0156737553343221 -0.266865767951518 -0.0930928597774475 -0.160245684659062
0.106202078693617 -0.417315818426955 -0.0324160176935843 -0.118529181975067
-0.050126833955234 -0.454621040906981 0.320964477634033 -0.0238355506282123
-0.167438932505975 -0.397735612211632 0.161357474084824 -0.359504537904554
-0.344060912274893 -0.252741658466429 -0.0879831525480144 -0.224646463962059
-0.430079309100326 -0.0444520007175596 -0.0841168454629546 -0.0625026486782703
-0.378567111654718 0.155672888049659 0.0148500813312514 -0.0319619037751341
-0.266859235602698 0.246908143633429 0.0641962002141962 -0.119382915387568
-0.220994677003588 0.275416849300019 0.0924607389687746 -0.165131647161856
-0.195910556905851 0.247970363867471 0.129329907217148 -0.197127011396922
-0.234401646385583 0.233133869649502 0.178994686025166 -0.177863945734955
-0.304974534645558 0.15918451776234 0.226454281041067 -0.106839992856935
-0.307649467338148 0.0235641292783952 0.195979714461624 0.0762538148197584
-0.285724697469294 -0.143731290602238 0.0614974114248501 0.167632356599449
-0.190640201367108 -0.311532713357944 -0.0993620201228909 0.136027358102701
-0.0537909618938338 -0.376729135875951 -0.0948175771088391 -0.0728183924528217
0.0806053136829306 -0.443079144844763 -0.0513594241620368 0.054110313210022
-0.075991976469743 -0.421403105033186 0.337034016518645 0.0555351441100468
-0.151141509444546 -0.341332593713252 0.133027394784118 -0.336690613294897
-0.307269662263152 -0.233233385295644 -0.147455108961023 -0.235243528350857
-0.420418266386691 -0.036459189023993 -0.195382680676157 -0.0433947171620879
-0.387833147508899 0.169100919020574 -0.108115717008175 0.0339829018096099
-0.279439489977226 0.277070349657646 -0.0502980072809225 -0.0141444507627118
-0.247215167307513 0.324841639766049 0.00210287018796926 -0.0439610862036893
-0.236097236405554 0.313339907971061 0.0609212712035749 -0.0837302124426708
-0.299837860252209 0.305455765453701 0.126348675601694 -0.0941299592714989
-0.407839129505001 0.202063672589048 0.184561774792027 -0.0521891433405365
-0.416874354134721 0.0149123503794948 0.178495836308182 0.112581508238048
-0.366936954334212 -0.181449049688956 0.0536678504749018 0.212802249811749
-0.270192790644956 -0.363305882227701 -0.105806940806457 0.19030892579647
-0.114918592541014 -0.450008149201131 -0.0871593603837344 0.0434212737556131
0.0317704026527575 -0.385515132445501 -0.0532104888295208 0.19842149354406
-0.0879500574390067 -0.290048928201711 0.314253561573251 0.0752461579359305
-0.0932383806390052 -0.209511877283141 0.074945089372864 -0.286497852174347
-0.205113552962874 -0.168487758802964 -0.181520717821291 -0.201984541811749
-0.328296296449496 -0.0181257291231591 -0.253737339137054 -0.0129057462397488
-0.320332488382844 0.158876792825713 -0.195966579298609 0.0931114704016397
-0.242840324244204 0.262887177385832 -0.150936630165384 0.0899295694084352
-0.233628775237141 0.325788566405699 -0.0875629379906186 0.0849493972914445
-0.245113892102674 0.326912498958573 -0.0202799162859932 0.0473995991709752
-0.328115759349271 0.314206527388588 0.0495489189535463 0.0200316853604483
-0.449220334909741 0.183414396698101 0.106276492831542 0.0335643044105827
-0.446094119800224 -0.0271827305457054 0.121131667673004 0.157076166393753
-0.368809460973196 -0.202868251358228 0.0280774564112571 0.255865102739726
-0.298073384905773 -0.367112853090815 -0.109049605671724 0.245166373362422
-0.151399947562435 -0.46151513054447 -0.0743731059776999 0.171422078210168
-0.0257252193776621 -0.271909324916838 -0.0339075264227084 0.288957092151437
-0.0839723497492063 -0.134243650246648 0.261831085218431 0.0461857162572026
-0.0264257697648907 -0.0814825257334827 0.0117507258340385 -0.22143859142452
-0.099658928446028 -0.104242234310528 -0.181994492467777 -0.147186289995982
-0.210178243957106 -0.00328477922813995 -0.25765823193046 0.0209336806256699
-0.215985343347933 0.128955911374177 -0.235057776620722 0.137335070735449
-0.174520603503118 0.216486055709675 -0.217885227587614 0.178391599140945
-0.184925371172301 0.276804357941616 -0.162667780984155 0.201466255901686
-0.21414574793223 0.279986922425701 -0.105241398384108 0.170037788531165
-0.301100629913832 0.250950622038132 -0.045293458179424 0.129449377132164
-0.39936889821611 0.107060291044047 0.00104592267427539 0.111750749799189
-0.362910329651299 -0.0814117767811942 0.0369362564508311 0.183325561903202
-0.276647141198955 -0.183564338318157 -0.0150577142961624 0.282251603479492
-0.262552637895317 -0.302860059321821 -0.118407480424442 0.287599852087907
-0.155580006566839 -0.399937872176873 -0.0665409415837837 0.287826855756095
-0.0691195533589413 -0.140212961342913 0.000431432476730202 0.324778237903123
-0.0644921663024756 -0.00963988338570423 0.203049131250705 0.00106006729324503
0.0236463388225967 -0.00332634242886199 -0.027080941771207 -0.16403586035166
-0.0286192596814772 -0.0640533129225691 -0.165235176722527 -0.103744938485116
-0.109043382437029 0.00066626080311679 -0.237052667291106 0.0448922056148426
-0.112796736987883 0.0855023551941325 -0.241758547747067 0.16888308489965
-0.0944665920334061 0.143663178342657 -0.247678530401141 0.243011558477048
-0.107198222225533 0.183016139381327 -0.213990305388129 0.286696127445623
-0.139657998075303 0.181548951075476 -0.178641216437981 0.258193962411644
-0.20597288658505 0.141868985882938 -0.136300747730412 0.200947631213749
-0.25509033368419 0.020396806127732 -0.0980326771999535 0.150776580885934
-0.190495756366899 -0.0932717121460593 -0.040348653269385 0.179490359942139
-0.131930825993193 -0.0955050475356571 -0.066081881907068 0.290734602493176
-0.18998332821755 -0.170338509101568 -0.1504527376266 0.309310884349681
-0.135490099105212 -0.26037518053317 -0.0727669694806078 0.36354048784472
0.0940401647739387 0.0475355475082487 0.037890206356714 -0.381284738276349
0.0700817295697547 -0.0358878132767765 0.148128707096562 -0.286407945940399
-0.00652327741324311 -0.042054452544404 0.0744192973781356 -0.300710858809099
-0.0108746694334643 0.0273023377060062 0.0319269704765626 -0.140224745232492
0.0390909229785098 0.00905936485201597 0.145537539063975 -0.118790942259948
0.0383687712473866 -0.0305784201742708 0.193389284372483 -0.202172859704711
0.0210712030872072 -0.0545465587986459 0.198422708069988 -0.283440975800397
0.007568701486418 -0.0599926377204226 0.207570413637338 -0.321545341259436
0.0115338957994533 -0.0611341015737001 0.210665038600319 -0.299554837713709
0.0287892351031231 -0.0370522627613688 0.214074786722716 -0.200426007186243
0.035523681584045 0.0108167547836484 0.208530938835915 -0.0926180110781053
-0.0064496835016191 0.052626159763454 0.156909397521159 0.0450297430619944
-0.0652043128118371 -0.0300471627819704 0.0663981643109541 0.100862138782991
0.0130942554758787 -0.0767982370955804 -0.0802861393195251 0.0660495203615719
0.0969790506114823 -0.0202555187867726 -0.0785252940453948 -0.23313590468443
0.0905381007817158 -0.136496055598096 0.0153962842739434 -0.358891022254301
0.012105230130212 -0.209441197037199 0.206418783576587 -0.23757583151961
-0.0934502723185288 -0.194310281568242 0.0998189599609021 -0.325728891923918
-0.172228962033778 -0.0734572869147261 0.0162654051319694 -0.142902516481792
-0.157553912515677 0.00945248806788329 0.121802672652333 -0.0931947597425719
-0.122509313985096 0.0600938336468384 0.191367635011547 -0.163983919756715
-0.0890127944047863 0.0726239101904769 0.198153592076729 -0.270563905592494
-0.0783649748681221 0.0694614810264135 0.194053526024304 -0.314996165682309
-0.064152299926867 0.0448273905997849 0.191640608361631 -0.306339809474932
-0.0595170593427767 0.0396514963749871 0.205181838308859 -0.221721136945994
-0.0598888457490212 0.0423254712337325 0.214255523968707 -0.115259319684718
-0.0708005726097957 0.0323297906284284 0.164544555061419 0.0420059186813698
-0.105486187067046 -0.0584868242883991 0.0671053571492902 0.102822104368065
-0.032078277398665 -0.148196289291319 -0.0667499863342264 0.0754437781478343
0.0637365904321041 -0.144711899262005 -0.0876658264193789 -0.201622299628352
0.0926281643877582 -0.301875572804847 -0.00710974192546898 -0.262815243488552
-0.0321796628231337 -0.362505019197817 0.267743116273164 -0.150721939387094
-0.152484571301948 -0.32760946644857 0.125117671584229 -0.348639046072593
-0.294200799601602 -0.177713277743367 -0.0304697679663503 -0.173771065096035
-0.327159057826804 -0.0109094814363295 0.0356632273198562 -0.0736459725995641
-0.270113933875271 0.127399054256619 0.12406676766547 -0.104349884834863
-0.188038684657734 0.180370421452798 0.145590840028136 -0.210833874533403
-0.152281883151415 0.188077528550196 0.149282924732901 -0.261044713949
-0.12935394577096 0.154253293076406 0.159113865179046 -0.275100545126898
-0.142864510669752 0.136022376588523 0.19023092644513 -0.223090421704114
-0.171059104218824 0.0986068574264278 0.220932619334994 -0.132076386349043
-0.171727142097013 0.0270523009517354 0.184046949002432 0.0455077059141772
-0.180218169220659 -0.0925367712727692 0.0698169183560593 0.122728145582422
-0.10380779849042 -0.222541340549621 -0.0735493000566715 0.0978174062547933
0.00673102380526042 -0.261711788268021 -0.0955341354691605 -0.146841285412289
0.0872547816769938 -0.40966927549886 -0.0285364980419642 -0.110532579446438
-0.0664533270721455 -0.439058283854497 0.315801570488805 -0.0477384869891108
-0.180283139693007 -0.382300810783842 0.131925968651584 -0.356345309007905
-0.348463945343756 -0.23290543393105 -0.0937365666633622 -0.210566642426959
-0.423879126011791 -0.0232282053104737 -0.0851486705037073 -0.0579945859811059
-0.361072889620479 0.169504488717906 0.0121750822158419 -0.0337566434624549
-0.248731118651491 0.252892963906176 0.0538914305648347 -0.118511040568779
-0.203924089080142 0.278866612776464 0.0791057027774816 -0.165422516938341
-0.181764910625532 0.251121965268368 0.112969067254976 -0.199768333273158
-0.219023342573971 0.238898129525333 0.162431518812951 -0.185261438158319
-0.289234768802536 0.170787653557913 0.212166470789558 -0.120818284133155
-0.298599797156898 0.0361557540335506 0.196779936665072 0.0613400012685002
-0.283000593460369 -0.128619092418261 0.0734031908686081 0.157725473960917
-0.195619331478777 -0.291971837580326 -0.0839610068311786 0.139268996307286
-0.0633280879377874 -0.362810081145517 -0.0950112032114991 -0.0623075096310811
0.0595306141195654 -0.431003195885549 -0.0404864091122862 0.0571441385915667
-0.088124442786774 -0.402760969682429 0.33391579789373 0.0292115089433659
-0.159280839255104 -0.330247414096477 0.104237349572695 -0.330734177488821
-0.311742828632824 -0.216064328137554 -0.153350966939116 -0.21819661136369
-0.413057070575656 -0.0150594902372018 -0.193272445710969 -0.033642138849557
-0.367557182414704 0.184254727540759 -0.103921751430037 0.0365828188209292
-0.259223872088947 0.282035439874307 -0.0523876399696547 -0.0102807472697139
-0.225394584940596 0.330570155955929 -0.00324863505039272 -0.0423379272803506
-0.214987203904697 0.318199995893034 0.0511825533588514 -0.0865469888346536
-0.2787883374305 0.31311095454588 0.115987472666509 -0.101028212167538
-0.388181994994865 0.22066511257203 0.174945113293646 -0.0647293221332235
-0.4085710151909 0.0339973356919772 0.18225737607778 0.0980797727118831
-0.364897130964801 -0.16352938133947 0.0682850051838308 0.202521232453013
-0.274454064134288 -0.34041873236631 -0.0887820502239064 0.19341458329794
-0.124969588438509 -0.428827895096322 -0.0845186513261864 0.0488845269768666
0.0143671443704696 -0.369686270488874 -0.037687378947086 0.196864876448913
-0.0923429553704462 -0.274953861427936 0.309028150185165 0.0518061670674179
-0.0970839947137355 -0.204403229912924 0.0516437717068282 -0.277634878856977
-0.210027963484843 -0.157747039715425 -0.18471535521185 -0.18467921615477
-0.320187580776016 -0.000199587100177281 -0.247003587302712 0.000263090183713954
-0.301366929614411 0.172127667642553 -0.186049542331316 0.0985087323328394
-0.223177385331505 0.268316701093549 -0.145325212233336 0.0956458065371463
-0.210060154419679 0.328517857087928 -0.0840367761934816 0.0882836452278212
-0.224238212591839 0.329934610618529 -0.0212029969373671 0.0456831654415987
-0.304054752251628 0.323132279139148 0.0475634624601129 0.0140456436237334
-0.429450359220377 0.204190556717562 0.102649396864138 0.0236086631702932
-0.44076494506554 -0.0051582700200638 0.12810767043783 0.145640156306427
-0.368263864362867 -0.187107853742444 0.0453346213924285 0.246601927834809
-0.301222784877784 -0.342721061104512 -0.0907465778566838 0.247789582408007
-0.160476623931634 -0.439118638411562 -0.0694480763987408 0.172907982381317
-0.0356808179028522 -0.256397106329114 -0.0176237514489825 0.282597477702026
-0.0794243026369449 -0.123523762374272 0.252720462504996 0.028144116611502
-0.0263138303664759 -0.0837982277502825 -0.00463481940261047 -0.210686151523482
-0.105012833051907 -0.099087934835997 -0.183640005253773 -0.131063804678851
-0.204910623127276 0.00902856673033049 -0.248634719347543 0.0332960485573009
-0.201272903234111 0.137704336903329 -0.221215542278719 0.1444601211011
-0.157251249962894 0.218945880434882 -0.205650280572713 0.186106838722807
-0.163543933238366 0.277902805880056 -0.151354543138935 0.204711343918243
-0.193772620643362 0.282487074980483 -0.097760385684183 0.169710287437932
-0.279691613996612 0.260073972677782 -0.0395779245503044 0.12606762410261
-0.38527727048071 0.127359070743108 0.00483291947406267 0.106967391809842
-0.363578746856983 -0.0619352863614499 0.0462459771310696 0.176645149010204
-0.276794014892431 -0.173489673395545 0.0047482521491854 0.27393600391848
-0.262375289179739 -0.28293163584675 -0.099586015001601 0.28958570231817
-0.162080058357254 -0.376865626411865 -0.0591866813082298 0.285202256199369
-0.0719986598293877 -0.126434380675684 0.0146032411599341 0.31377608899319
-0.0553698134471155 -0.00507736904576682 0.191083011078384 -0.0116492386597722
0.0243096738612533 -0.0105782499358776 -0.0393359656264819 -0.154400278897373
-0.0349107661572411 -0.0613523506862137 -0.16576119036485 -0.0901295384281084
-0.10523980247764 0.00845182223650402 -0.226432624615976 0.0559968022863838
-0.101941746551281 0.0894804395966235 -0.22467667621206 0.175688441974782
-0.0813998615223077 0.144055495818424 -0.230515863550579 0.250095505647058
-0.0919813452042465 0.182399178351411 -0.197065928457111 0.291171428823956
-0.123898215461784 0.183376375549772 -0.1644742194565 0.259172455594441
-0.191944693747266 0.14986086457097 -0.124440247695939 0.199396491590536
-0.249389090809838 0.0355000324436914 -0.0889428079194345 0.15103746828893
-0.19570862723622 -0.0830988297928635 -0.0304345491935284 0.17690710867318
-0.130580225273896 -0.0932624406425115 -0.0447705451191527 0.284606719292823
-0.18523037292346 -0.154335372122291 -0.131041442585928 0.311959389761471
-0.140172808131674 -0.240446045909772 -0.063399992753654 0.357529586601195
0.0961887424913719 0.0254202872008947 -0.00849479551285436 -0.368818299252553
0.05749498666627 -0.0438598264012407 0.105514995430971 -0.294491425869936
-0.0136437753123757 -0.0355884143523726 0.0304212265071829 -0.292660607359564
-0.00258825438904465 0.0269390447699888 0.0144829368246204 -0.137038282475793
0.0396207172205852 0.00127738528563322 0.122254922439448 -0.135720047122157
0.0306846529046777 -0.0359164147814182 0.158271108481034 -0.214193541457159
0.0104401766145807 -0.0558844768816468 0.15817856349621 -0.293967188918252
-0.00437287454520525 -0.0564364602199022 0.159291011238552 -0.328179201328167
-0.00199649574589221 -0.0577338948392114 0.162167361160456 -0.309252142339715
0.0169119003067837 -0.0390986136838081 0.175146056232248 -0.218542017804424
0.0321228463042365 0.00285805044325117 0.184854006597325 -0.114896827907141
0.00294539804998461 0.0451427836053239 0.156636939080072 0.0214350054637841
-0.0642357730966464 -0.0162828662530681 0.0755383608954691 0.0860129280497955
-2.79712973345284E-05 -0.0707092416912026 -0.0620090398108349 0.0700014216486701
0.0815505880531229 -0.0350799058887312 -0.0933302095074922 -0.2089067931877
0.0703351305055225 -0.150986771968628 -0.022372236189332 -0.328593145432453
-0.0131937344679343 -0.203689954584261 0.167925393766992 -0.252139886022177
-0.112658501114699 -0.173582697266968 0.0530496806037788 -0.309953678442599
-0.168387473974523 -0.0524502618811626 0.00400074551360638 -0.129369612253804
-0.147445397969768 0.0233325124642917 0.109511021965193 -0.10339145840739
-0.111179643157513 0.0676516775987234 0.166496894869717 -0.177275148754633
-0.079179711744716 0.0761520987640097 0.15971044478763 -0.27773538928554
-0.0699334196020313 0.075857640394055 0.14523757507728 -0.320582699105172
-0.0611808565217451 0.0517500880976163 0.143174789160239 -0.311087501395547
-0.0561187110207799 0.0437499144343307 0.163845353867287 -0.234967846209619
-0.0538410525324774 0.0449892380601906 0.187297488198138 -0.135275958718164
-0.0604554448712811 0.0334591085267471 0.162587891675745 0.0190648224108569
-0.103285666770515 -0.039882373448352 0.0757849191441918 0.0878259704466986
-0.0463278462685159 -0.131205852704176 -0.0522942149330221 0.0749038113557024
0.0392263755565222 -0.143912458959882 -0.100515291580919 -0.182014867681325
0.0523993530394945 -0.309805167190006 -0.0313387401054873 -0.220326254137748
-0.0680416013647366 -0.34365514705531 0.239755200606966 -0.174102820543839
-0.182186712015799 -0.296177625126164 0.07501630903944 -0.3288920305688
-0.296384581126028 -0.141026353762166 -0.0427317393456065 -0.147320313302244
-0.312470680414746 0.0229874434092168 0.0351011346562175 -0.0688494840696293
-0.243515148816205 0.147576881811113 0.114335721477863 -0.110311313781505
-0.160192169601291 0.188316759687835 0.118108260587132 -0.211328543372432
-0.125597845088986 0.19719750799294 0.107768339361888 -0.262149734065562
-0.108987849970198 0.161957098105354 0.115220876310699 -0.276049212179891
-0.121938443736011 0.14514758009331 0.148935880720752 -0.231716379464352
-0.151044399887483 0.11243767995069 0.192649324326372 -0.149338427586074
-0.156830729306478 0.0406236376613855 0.180670062443684 0.0221515806805729
-0.177897087878329 -0.064299530007183 0.0787118233740805 0.107612745674916
-0.11806452993804 -0.191526495399855 -0.0614100498312277 0.09580758925059
-0.0254022119167471 -0.243681860866766 -0.104778239219049 -0.133390216103969
0.0337728410486108 -0.41074592170183 -0.0327992740495195 -0.0640848031866788
-0.103839152729632 -0.4107764958267 0.298158759383094 -0.0809906996357031
-0.213627520618708 -0.34846914709519 0.081325574030146 -0.332551919978358
-0.353606484886425 -0.189008168357094 -0.107533333786438 -0.170878818545298
-0.404660889976232 0.0221282177215767 -0.073960567030336 -0.0355862424408613
-0.324046153910744 0.198460815654233 0.0199399535009659 -0.0282709460446538
-0.209796295708892 0.264938679447505 0.0415559335161375 -0.110493991667451
-0.16280617833093 0.288856873707767 0.0525883337123358 -0.161704926242853
-0.144918166898815 0.259970093155172 0.0801496037695747 -0.197590318207135
-0.180130277090315 0.250153477833065 0.128535601778879 -0.189909346820463
-0.252834453421112 0.197025093829916 0.186931011688452 -0.133965384542918
-0.277228257329487 0.0641181876347743 0.194133813218126 0.0396932022471217
-0.278774139741626 -0.0878721712066302 0.0827237533449156 0.143214279743904
-0.209266906890169 -0.24779620789905 -0.0721259005921946 0.136198936278202
-0.099784173442686 -0.327516229039626 -0.0979683975346099 -0.0554107841808143
0.00604594101732097 -0.423732897363235 -0.0239293104802801 0.0980120558163782
-0.117543260876316 -0.372890773887094 0.32278828334301 -0.00971535142137171
-0.185889316817017 -0.301073009109751 0.0579154397604777 -0.307553077730246
-0.319445841175306 -0.176545908585736 -0.166967095832553 -0.170572976024023
-0.392823337042422 0.0297238886761525 -0.172681128794573 0.00154189781391418
-0.328960029307313 0.214635766195153 -0.0817178556907894 0.0525211266778048
-0.214584607758799 0.293471067526699 -0.047279419375907 0.00710811003065138
-0.174947400332869 0.337676899504251 -0.0108330206621349 -0.0350593169615396
-0.167874217762017 0.326664341631405 0.0360776964568746 -0.0814688915793155
-0.225880803080947 0.326997051583951 0.0950862532738302 -0.102781096936027
-0.339261484745436 0.256504017654051 0.159095948572944 -0.0737520230274416
-0.380523467476657 0.075545913177011 0.183018742726315 0.0793257490104412
-0.361026799125926 -0.113292424751179 0.080908741870601 0.188966878262871
-0.286197041322804 -0.284420769416569 -0.0743015596531576 0.189666533974194
-0.163146829856834 -0.379980133855759 -0.078792969349366 0.0473723334732767
-0.0303359079118767 -0.355463573561235 -0.00462286388503584 0.223837075047464
-0.107059690360595 -0.24952985243832 0.300204080906651 0.0133991216801965
-0.112615794435623 -0.18946507204918 0.0123241279707269 -0.255107356970558
-0.217407242535719 -0.131183613943027 -0.195272567045417 -0.137939034165806
-0.304500618796668 0.035132664269276 -0.22252649543956 0.0392143728465917
-0.265704809106352 0.196785768145285 -0.154421848872121 0.119906479791911
-0.180708675306827 0.276171369445267 -0.123117937743065 0.119504144228361
-0.158670088156204 0.335704393267105 -0.0716117443594724 0.0971448245895521
-0.17196203000804 0.340329308400164 -0.0162621701267717 0.0524148507375361
-0.246164713233573 0.339416952989727 0.0443192144455334 0.016356557346004
-0.381132396608214 0.246623914739664 0.101109257770456 0.0207220484833673
-0.417322543143737 0.0434185694937176 0.135998798344205 0.13245483795491
-0.367680791678698 -0.137536389291082 0.064269941314231 0.23325443266596
-0.306726574411326 -0.284353221055821 -0.0716839404111618 0.242577575437108
-0.195517134930697 -0.382306645794954 -0.0530881708539545 0.163409820503244
-0.0635997910056473 -0.237155628724035 0.0246458589988315 0.290391285810659
-0.0778310283674565 -0.108073911114435 0.240268774146437 -0.00445484944856982
-0.033162216016432 -0.0825384786499968 -0.0347500412170683 -0.190997531688089
-0.112496553581039 -0.084663168890656 -0.190298818711729 -0.0917201916489721
-0.192268950734975 0.0321032865987276 -0.223889835907679 0.0680447454178772
-0.1729602485364 0.153249945238613 -0.18469008470199 0.165374050001457
-0.122723329137795 0.223909352851438 -0.17109737679495 0.210736416676124
-0.120109607255259 0.28135419814388 -0.120667394147715 0.215399740681374
-0.147395363621077 0.290337543456193 -0.0750321681071944 0.17862347069978
-0.229751832495431 0.277403358807097 -0.0236644557622548 0.130812430646148
-0.347138450843648 0.169505489351481 0.0160883294402547 0.1102816883998
-0.35124213830755 -0.0189529323161515 0.0594306394800612 0.171409691683839
-0.27980764759091 -0.13674549250237 0.0304885618961286 0.262747669503933
-0.26335615281505 -0.23205876415769 -0.0727057824429699 0.285599871668539
-0.187551533972073 -0.323825822805928 -0.0331132568247301 0.270462391271071
-0.0808415303444839 -0.105354528746001 0.0570066150140807 0.304536028198588
-0.04417531897611 4.9442079024093E-05 0.174836261308836 -0.0352885024357854
0.0213527453328559 -0.0177826670052978 -0.0616008869138337 -0.136135320898628
-0.0430958837269244 -0.0544981705534529 -0.170273696244035 -0.0567502930965695
-0.0987457716888133 0.0217530831701 -0.202783343261201 0.085872266854146
-0.0835733930751164 0.0966324833212671 -0.187273773748079 0.194012169002002
-0.0588778169972611 0.145821484422432 -0.189132430073318 0.272897744470792
-0.0618752267687806 0.18223466100682 -0.151773567807443 0.300597597204867
-0.0927116774926252 0.187253791961699 -0.127269342276451 0.267619564448324
-0.159302855551106 0.162916271292869 -0.0945532593763826 0.207773108774438
-0.229267371333162 0.065447520119789 -0.0695917945148637 0.160080417374767
-0.195596815380281 -0.0567985881541913 -0.0143026366178689 0.176408015295607
-0.130471655497928 -0.0797041773177827 -0.0102700633136976 0.275648653983575
-0.177130157315036 -0.120545067116665 -0.0947331288260895 0.313702277852266
-0.151779508491462 -0.199474052232989 -0.0307904074136644 0.344208171255933
0.0909009481897472 0.0185877955948193 0.00496277802721232 -0.353107521288155
0.0501733090958644 -0.0425324452493591 0.104197606583562 -0.288842932720369
-0.0137658249265416 -0.0291176576916786 0.0280400869814016 -0.278496610226128
0.000498418310391621 0.0264466703828122 0.0179746374378983 -0.130036037842402
0.0378670051583968 -0.00191060206472928 0.116868606823169 -0.131195532531193
0.0279869563596715 -0.0358017234981802 0.15204767798991 -0.20278355978189
0.00808810715588837 -0.0538749740174082 0.154373781964442 -0.277950650782267
-0.00724665998347561 -0.0527196927385032 0.155712004503531 -0.313246537658097
-0.00659379098616886 -0.0530444525884238 0.15647476041021 -0.294664831152842
0.0126118403287072 -0.0381854938798987 0.167400722317147 -0.20831632916065
0.0292979482563662 -0.000442118080899318 0.17480370823486 -0.111112758017378
0.00591240830019792 0.0406740724406636 0.14981626257557 0.0176036493426704
-0.0602748009219395 -0.0112511923197483 0.0738779013981394 0.0786243507925601
-0.00375821330733319 -0.0658699211687184 -0.0528438036747287 0.0681423947001275
0.0768760084321573 -0.0381865730391166 -0.0820811619452731 -0.197321658311633
0.0708903125399921 -0.149085027224056 -0.00878765893647479 -0.313634162671235
-0.0127926313290699 -0.196620711537153 0.165413245951579 -0.249833303259815
-0.106781583318712 -0.165291968228905 0.0485836612813499 -0.294086527589218
-0.158704383532436 -0.0521515755824366 0.00836054126795581 -0.122640547760143
-0.142193898619733 0.0184388611639356 0.104856108773197 -0.10082127613907
-0.108321416287832 0.0622819317565505 0.159268875451016 -0.16868853255322
-0.0794528422196491 0.072105613486034 0.154539270040714 -0.262516147752057
-0.0711042716162675 0.0739028743688392 0.141168636763757 -0.305271522020172
-0.0635576025704808 0.0503907438101839 0.13643595322759 -0.29678977106355
-0.0575860476164199 0.0415072253217473 0.154740134047755 -0.225160210970829
-0.0517396659803254 0.0412926372649147 0.17719787325733 -0.131244950892107
-0.0549079796135654 0.0290455505276996 0.156270924726637 0.0153736367358921
-0.096079064322552 -0.0363271258838176 0.0747081611431527 0.0809009404103034
-0.0444068317240452 -0.124542268170083 -0.0431299946258261 0.072040081359576
0.0388880029025074 -0.141056481334111 -0.0898393987764619 -0.171902812568812
0.0562034312083092 -0.298639147098367 -0.0187140559928032 -0.210754083140831
-0.0614666392209647 -0.330848980046966 0.232793554140941 -0.175237678158398
-0.171429354896317 -0.286820800028625 0.0684838670282353 -0.310913057356229
-0.283286175705913 -0.139286727423631 -0.0355169581457472 -0.139704284094398
-0.299708056576574 0.0164083258828252 0.0337131229592149 -0.0674715011643667
-0.23558765728154 0.138677799377058 0.109289233014332 -0.105564430472435
-0.15759523597184 0.179514962756496 0.11317536909178 -0.200711968787061
-0.124669223537805 0.188935145381289 0.102758409552725 -0.249760090769376
-0.109328346184289 0.156414617735482 0.10877503738665 -0.263930302374656
-0.120929804753762 0.138002250952433 0.141534536986638 -0.223135688667056
-0.144723963231769 0.106180141046504 0.180941341337066 -0.145153129792765
-0.149102562974686 0.0349743953487375 0.174613375588083 0.0179262586426207
-0.166661529554699 -0.0625111454694103 0.0776757754794384 0.100145614971844
-0.109666966101936 -0.183409318129635 -0.0528654986925654 0.0910846665807987
-0.0185138244604973 -0.235092184792418 -0.0951986007499886 -0.125996512821163
0.0397240798123228 -0.392975377289389 -0.0234469620721982 -0.061565824969143
-0.092092062135003 -0.394575258568872 0.28776669085151 -0.0865121420658428
-0.198327560066595 -0.338396680127665 0.0732821081706109 -0.314267629072961
-0.339038594544899 -0.185971506937677 -0.0982152276814955 -0.16204731484851
-0.388282718627339 0.017143358838202 -0.0714553749236648 -0.0349664726219085
-0.312824007282884 0.187993353634013 0.018191800848252 -0.0288137386224093
-0.20511212581649 0.251675503309658 0.0377904495439503 -0.10440689858538
-0.159020945934167 0.276475861724083 0.0492666174529187 -0.153309497766465
-0.143797294613351 0.249746866323335 0.0737445888077046 -0.189816286671006
-0.176622069670723 0.239549421512694 0.120960193944911 -0.183852877694467
-0.24302804688277 0.187641655125136 0.175985507193623 -0.13060608557004
-0.266234462422366 0.05879153361788 0.186851731036558 0.0350135853588645
-0.264461423431072 -0.0886068329646988 0.0824676697491689 0.133557656170436
-0.193778128810694 -0.239838048768072 -0.0636084611412696 0.129920496867918
-0.0868179850598055 -0.315266459476718 -0.0917413023482005 -0.0520136190028745
0.0113092316704811 -0.403198408377891 -0.0179574394871292 0.094199313281744
-0.103540665782026 -0.356395781302234 0.307757258823616 -0.0177124792895611
-0.172453323039788 -0.294101148921485 0.0507373215358259 -0.289248034265591
-0.30715347418699 -0.175236494200571 -0.156834526528943 -0.162490050710162
-0.378293161073333 0.0256990654154018 -0.165738571758833 -0.000439348008562495
-0.316015977429412 0.204530717946471 -0.080213563034418 0.0480661829647083
-0.209258702609731 0.280448967546314 -0.047683769422634 0.00726743194464099
-0.169602883532319 0.323502874943816 -0.0127583032598559 -0.0322425615204587
-0.165851749832162 0.313395160881076 0.0318267671065987 -0.0785343051950587
-0.219801007608111 0.312755804022249 0.0882184989914013 -0.100428477487879
-0.327792736143119 0.244952937490096 0.148538468723169 -0.073261956565911
-0.369583932867481 0.0692030170910291 0.176529175316569 0.0734954936063026
-0.344953672450142 -0.115225846856367 0.080989131152593 0.17780613924613
-0.265338305754148 -0.277904407077002 -0.0674603380129418 0.182271979684783
-0.144295773578624 -0.364656415195802 -0.0769566412317143 0.0473038892961669
-0.0223073271441368 -0.335662268616278 -0.00255559291444346 0.213175398556463
-0.0922581381244758 -0.23795612752792 0.283462096416855 0.00626973075233929
-0.102767969412441 -0.187540240605238 0.00716497171082805 -0.239322406286605
-0.21021116690582 -0.129636965994665 -0.184490520672322 -0.130577896663302
-0.292747561755745 0.0316423743710432 -0.213631324938048 0.035825173293386
-0.254542794916474 0.187769454667347 -0.148493861961782 0.112628815004787
-0.175462894746765 0.263169912811094 -0.121871307685135 0.114004918333164
-0.154412116645683 0.319826984586823 -0.0722333161211494 0.0945415479317776
-0.168425149478049 0.323762265387642 -0.0198617737477509 0.0497337591014197
-0.238601149258262 0.323583896581665 0.0396203863532925 0.0131063587935715
-0.366311629425088 0.237293934989533 0.0932888283746411 0.0179147821893847
-0.404201542679474 0.038869965128765 0.131432667369391 0.126028043683039
-0.352226207812372 -0.141397995284409 0.0641987355237515 0.220474482443703
-0.285297626844957 -0.278449346941579 -0.0658241204804739 0.23457651834956
-0.174874291448652 -0.36696546647132 -0.0557478640539456 0.158706179699631
-0.0556147258869789 -0.221117460750411 0.0219484476195865 0.277310703976954
-0.0653856004341747 -0.103413220964821 0.224730170623588 -0.00749902350743062
-0.0282070113795147 -0.0840889523974402 -0.0372156487396195 -0.177634907326025
-0.110778794432554 -0.0826266141588382 -0.180784701781788 -0.0861399132126328
-0.183684526941922 0.0315127662430705 -0.212404249629703 0.0650000998291085
-0.164351679872529 0.146629618345294 -0.177409637748816 0.156889314469758
-0.117849295978439 0.212225566426866 -0.167568746674 0.202323123723714
-0.113798285850659 0.267745663148709 -0.1209846356859 0.207198738051974
-0.143373216295969 0.276891779308974 -0.0765194063047116 0.169504710977869
-0.221635105769835 0.264739809047756 -0.0260811826830233 0.122916985668595
-0.333956776733881 0.16226988164911 0.0132550228734472 0.10453128205329
-0.341484895199387 -0.020498643287727 0.0571053648972773 0.163234843778122
-0.267505581445699 -0.141257790062752 0.0309975497159757 0.249473007369818
-0.242954766998037 -0.22689893539631 -0.0689776249111104 0.276236763893836
-0.171789283577942 -0.308888124528006 -0.0399294102921361 0.262206357548662
-0.0731789023513732 -0.0952035131075189 0.0509163031322009 0.290289581845942
-0.0342533697576516 -0.000953045008333567 0.160248356305143 -0.0350025266452836
0.0204212105518387 -0.0224022572037928 -0.0618988305774855 -0.126327502612884
-0.0447640807138829 -0.051405951244184 -0.162282983606883 -0.0524025167393227
-0.092544285778857 0.0224412974610244 -0.193249237350606 0.0814448115948169
-0.0774750086735445 0.0927808384366566 -0.179004979469217 0.1839069449094
-0.0541063733199445 0.138354847148981 -0.183773665337904 0.260988001039008
-0.0580833581773205 0.173341256520216 -0.15024922792051 0.288151644024646
-0.0881508220876202 0.177808068844486 -0.126950823939419 0.255855871415781
-0.152478611549999 0.156546301378272 -0.0943054488505912 0.195899838839893
-0.220765167863494 0.0648446366613615 -0.0687635118937813 0.152744988036825
-0.192139680816371 -0.055932963534621 -0.0155049891667299 0.169223112289559
-0.124269318118594 -0.0841644928212235 -0.00935425599414717 0.261268268043675
-0.161671297949199 -0.117384488891634 -0.0913300251179881 0.303305307218535
-0.139283582037979 -0.187588466320153 -0.0402307895580277 0.332434089976725
0.0876959057509322 0.0153612317501531 0.027844388362533 -0.347883777714315
0.0460636489529185 -0.0409652255155355 0.111366443611652 -0.288111798361031
-0.0133560804504319 -0.0248466496954441 0.0333379363725273 -0.271908517568869
0.00435946646151822 0.0258200112918995 0.024542244636679 -0.127380016880646
0.037148596991183 -0.00436445359750002 0.118396793177179 -0.127471968417328
0.0269565599733304 -0.0364296845885793 0.155387342418334 -0.194940166561871
0.00577024846273195 -0.0525787054792328 0.162037778470303 -0.265978614483047
-0.00895046984027326 -0.0501343744502626 0.164085943272828 -0.30490793909581
-0.00936588725441244 -0.0506585944538078 0.161064652584916 -0.2851301907264
0.00895140941822255 -0.0374117937536002 0.168910446641347 -0.201842556786308
0.0282353287118984 -0.00225651848091464 0.172490275191431 -0.10602567304927
0.00791348764852204 0.0379742189351097 0.147383051264379 0.0174596324890851
-0.0580031361879352 -0.00849987379837225 0.0726675287319319 0.0765223975038975
-0.00620877952131195 -0.0641839813899831 -0.046916339234361 0.0660577258232788
0.074534050586624 -0.0393749085901631 -0.0687806157559515 -0.193108516661453
0.0754986951462482 -0.149286693351674 0.0122077705321366 -0.310410731282998
-0.00887581878532263 -0.195901918472528 0.171751962192354 -0.250689460335018
-0.101559784774413 -0.165405772515293 0.0520410810597076 -0.285969264795388
-0.152353113428845 -0.0564613413484436 0.0163255979985641 -0.119825619892665
-0.141117007461678 0.0107306404261881 0.10553018373584 -0.0975487690062282
-0.110634222409702 0.0566511037381272 0.161491810344862 -0.161443631293564
-0.084154736155022 0.0691157240842286 0.159170442389698 -0.252347257496505
-0.0754156865371934 0.0726108405939912 0.148230722879687 -0.296179654895487
-0.0682839539366134 0.0502971543215696 0.140882470121843 -0.288209976167602
-0.0613672229091812 0.0392563617805366 0.156136636543848 -0.217962141472756
-0.0522482658333521 0.037205513785879 0.173485936816411 -0.12699286076806
-0.0520803061801388 0.0248157938545046 0.154117919000725 0.0151673600412179
-0.0910859267661657 -0.0357152489905664 0.0742910955969983 0.0780313667933885
-0.0405506054943423 -0.122289105010976 -0.0381845873616126 0.0691655583724928
0.0436280418307707 -0.140957178655211 -0.0769375307118866 -0.16929416245244
0.0670097401705709 -0.294953097594366 -0.00130869019095868 -0.208337169686624
-0.0482699401601422 -0.328932046485624 0.235859601007745 -0.177649773645385
-0.16006346135447 -0.289491691525306 0.0704942317891912 -0.300975038602699
-0.274273623285807 -0.146753842614153 -0.0275518049136167 -0.137501554619997
-0.297318526029069 0.0056014794483059 0.033625017145063 -0.0671862674257761
-0.237445751794535 0.128372648856823 0.109728002547501 -0.102126090751207
-0.163977376882049 0.172469983733501 0.114038254600866 -0.193041962205936
-0.131048009914211 0.183950719961581 0.108300279136401 -0.241926530320987
-0.115158099124942 0.152428337316283 0.111466612274942 -0.256593846444343
-0.125906559674709 0.132593080760558 0.142101066129112 -0.21710327985583
-0.145435222710381 0.100395022461777 0.17834523274555 -0.141902366090926
-0.146424731093614 0.0289518082961903 0.171895568275155 0.0183645462462354
-0.159233935958745 -0.0668886772232131 0.0772914248309184 0.0964673771588461
-0.100397134822104 -0.18331708407514 -0.0481854917282939 0.0876338170890917
-0.00781631073007806 -0.234000198121083 -0.0860455176714782 -0.124487555856954
0.0537258580185677 -0.384307784983996 -0.012465055570301 -0.0613660507966654
-0.0747645595083534 -0.39225301859774 0.286514857848281 -0.0894199230563995
-0.182545557100889 -0.341722315354683 0.0750473413494443 -0.303410223327946
-0.328964083282721 -0.196981639651352 -0.0894795916766026 -0.16024380660811
-0.385103299748082 0.00369093933415558 -0.0700952310532821 -0.0373757537427485
-0.315034001807366 0.175431168116842 0.0167194539101058 -0.0295246035964873
-0.211667047649727 0.242345548641336 0.0375212211662921 -0.101248715351821
-0.16640967333206 0.269212374734795 0.0507023268044416 -0.148388827549847
-0.151565159900534 0.243006812996128 0.0746347412949462 -0.184345147312274
-0.183049188574951 0.231100248934292 0.120723047454128 -0.179474165165085
-0.244087924129346 0.178541314042769 0.17297910540009 -0.127454498303879
-0.264786683028275 0.0489475339018749 0.184985228994878 0.0356667540135797
-0.256031895749207 -0.098082138008129 0.0808566280602597 0.129568689963836
-0.179220381223434 -0.242695599610564 -0.0604930132000065 0.125659788109436
-0.0698359043146243 -0.313250800730785 -0.0875664098764908 -0.0522692929277942
0.0278772419582192 -0.393237728971676 -0.0146801086976526 0.0913596384157873
-0.0854649702913019 -0.353280550784317 0.302411666002889 -0.0183666141434787
-0.156362632618166 -0.299983429466217 0.0511941363438185 -0.279905385261159
-0.299648404268004 -0.18421611078586 -0.146676776565125 -0.162361040062394
-0.375311436674544 0.0141178566887341 -0.164114302365117 -0.00543853437115352
-0.316609645166302 0.193338172851333 -0.0817418986489669 0.0435179601765512
-0.215330180359122 0.268878464028037 -0.0509491359147901 0.00608924549027089
-0.176842950189622 0.313509807360039 -0.0144949471841988 -0.030299284040993
-0.173320659091653 0.303674667027967 0.0286586045335456 -0.0763013862969613
-0.227219339511051 0.303304960528958 0.0863273170235127 -0.0986623581336005
-0.328709795612795 0.233513545602794 0.144384237631788 -0.0718722310735591
-0.368215554199064 0.0571487872634137 0.174026970833869 0.0741119599977907
-0.336306226639348 -0.129237909683746 0.07860089411918 0.173347889666096
-0.247411431472844 -0.283987701660629 -0.0659122970440868 0.177937779242732
-0.123716952441043 -0.363721647292059 -0.0777361266531337 0.0460306774833035
-0.00880183090354389 -0.325712231634648 -0.00512327849182045 0.209065680803218
-0.0747864531329707 -0.236288545102485 0.275425111526108 0.00660560315340933
-0.0920396510104783 -0.19220112950044 0.00783732605476656 -0.230764297679916
-0.206205303666078 -0.136261280652354 -0.177039325518523 -0.131092221700387
-0.289642310597077 0.0244035094448941 -0.211293994955726 0.0290907957791349
-0.253389309190984 0.178358018576715 -0.151080804646579 0.104941159541053
-0.179792158307773 0.25428381822145 -0.125980755584185 0.110307211530109
-0.159585704596223 0.30985910343361 -0.076618177348643 0.0929866567083421
-0.174247724513237 0.31484395816886 -0.0255451625836792 0.048891156524911
-0.24540010791397 0.313681234766998 0.0360269574545994 0.0113925440322724
-0.367206116878637 0.22634295329214 0.0885241412476706 0.0173813758631359
-0.404133862993845 0.0267928573501889 0.127466421948579 0.125886840693585
-0.343537605544002 -0.156741875279778 0.0608182485007869 0.215991986976737
-0.265582414515413 -0.28577974223992 -0.0671805330818913 0.231534142191206
-0.153497528425224 -0.365113285963158 -0.0623958995424538 0.157452323835803
-0.0436840931044408 -0.213184226749088 0.0139207996480873 0.272374463165154
-0.0524753775536553 -0.104097615581503 0.216144609509681 -0.0059378011721552
-0.0236231734834314 -0.0888191115547448 -0.0364241287887296 -0.170304450343326
-0.110101963169658 -0.084921153135096 -0.175378660233327 -0.0870321382702945
-0.181981141447374 0.0279316190016799 -0.210016461866809 0.0581521108819343
-0.163437574508911 0.140100259280693 -0.179691190295063 0.148041884895338
-0.120312720969424 0.205202897932349 -0.172396668430992 0.195472244219275
-0.117474836642255 0.259956007665117 -0.126669880062974 0.202904082968407
-0.147960384235229 0.268901445366658 -0.0842287668438976 0.164974302443764
-0.225881189611985 0.255414249308003 -0.032271279393692 0.11837252172693
-0.334556396421068 0.15357445744268 0.00839452409063533 0.10181019294629
-0.34142778963751 -0.0298710728351407 0.0523473755111052 0.162108204332018
-0.260029586601567 -0.155104296841247 0.0267215538566354 0.242942654982686
-0.224817145345931 -0.234074252865907 -0.0730488532278757 0.273947446056196
-0.152453110116662 -0.305346586283223 -0.0533397888991896 0.259364939521222
-0.0648900995277061 -0.090242513723593 0.0391396411674804 0.285478319158775
-0.0262289733535462 -0.00331783295279477 0.1519721624614 -0.0322404596906591
0.0217294689162061 -0.0262300292612872 -0.0617272292493771 -0.121080293011999
-0.0455849203602021 -0.0507641753305683 -0.15879233514902 -0.0530687514786848
-0.0913048461625642 0.0219736058066128 -0.190646026840091 0.0755334050537361
-0.0768941039214389 0.0887865528806395 -0.18085213238504 0.174778316165017
-0.0548413172491357 0.134346237319543 -0.18845030276509 0.253610990025393
-0.0584922837518115 0.168174677426322 -0.158852578332905 0.281836644673595
-0.090698946465337 0.172485785765041 -0.135609902446267 0.24742654007784
-0.152269838449717 0.150872464223993 -0.100463591637631 0.189647459927093
-0.219731958771544 0.0605842768408043 -0.0729195560662362 0.148547521281472
-0.192364192685334 -0.0606118522566557 -0.0214302006849001 0.165920161398486
-0.119489060124622 -0.0947044628543534 -0.0133402110767696 0.253846587877151
-0.148651989508484 -0.121427632555636 -0.0968120011291626 0.299617042703197
-0.127171436667827 -0.184498626770541 -0.0574690041691066 0.329335631152494
0.0877030995743684 0.0125237512679832 0.0485756825919306 -0.355869535297588
0.0429193314441105 -0.040554061699223 0.121085227350072 -0.298443611507107
-0.0133453633441 -0.0212019378498936 0.037266602197333 -0.275430802943063
0.00713887844199455 0.0267061184491707 0.0313179480160017 -0.129440117960773
0.0378712642451232 -0.00691371031475504 0.123188931932652 -0.128657561393878
0.0264341434865699 -0.0378374984960717 0.163069783001248 -0.193060536861841
0.00393662991726824 -0.0534196040591804 0.175496883030734 -0.264279269106017
-0.0114497659425235 -0.0497239358400784 0.177302182124531 -0.307723319220231
-0.0120639332336278 -0.0494419046626932 0.172304465004891 -0.286390624208545
0.00647937028663134 -0.0384639465553107 0.176033178708317 -0.200855384368238
0.0286092129471517 -0.00392720620670127 0.176333879539131 -0.106318273473762
0.0104305751155881 0.0362602739712882 0.149643064961097 0.0171674993244543
-0.0570473536493429 -0.00521913529515462 0.0748364397263044 0.0762030263707777
-0.00888755843679323 -0.063595794947516 -0.041492580911424 0.0667267236536213
0.0745878104997984 -0.0427332743721701 -0.0575264374307026 -0.195976257860073
0.0826900297762203 -0.155311412757589 0.0325846353685952 -0.317148721474987
-0.00485770860794126 -0.201933634629023 0.182267576831097 -0.260805072967723
-0.0983937972634493 -0.169672459841356 0.0565230892784917 -0.288088581363621
-0.152391017839973 -0.0626632062649178 0.023424005811816 -0.121990612529135
-0.14508283877647 0.00375359560376055 0.108987941576691 -0.0988927950452165
-0.116550910245232 0.0528498368883074 0.167781853770294 -0.16032773372415
-0.0914746202964539 0.0687105215511209 0.169478891454031 -0.250376096714453
-0.0822384112087635 0.0734545749924862 0.159892661067271 -0.29919474993281
-0.0749043085370156 0.0509499776252156 0.14983875019937 -0.290481042373645
-0.0674734432622878 0.0392322907321675 0.161952134649709 -0.21963186804089
-0.0542281874092988 0.0341304517636923 0.176854968541098 -0.127998717387903
-0.051507246961753 0.0208494010640744 0.157092852734321 0.0149290486066674
-0.0888181142740512 -0.0369776816754202 0.0768283603343442 0.0776158642621361
-0.0392064634661477 -0.124268375920977 -0.0343189692543364 0.0690284073096633
0.0498847012280463 -0.146066832401279 -0.0688447345685876 -0.172693553607382
0.080029509551958 -0.302126240186378 0.0140914425955821 -0.213169150032891
-0.0389194500953893 -0.339768496640116 0.24665327209109 -0.186329521413133
-0.153323982749274 -0.300892480555957 0.0746450971456117 -0.302568330239012
-0.275589853112293 -0.158972809530913 -0.0200625612153487 -0.139877427402597
-0.305369777141079 -0.00532123610566779 0.0355085989895819 -0.0688364869043527
-0.247612874532685 0.122778490503836 0.112780997991957 -0.102768472280697
-0.175802977249451 0.172576374693862 0.1199614667004 -0.192792748484432
-0.141090673410972 0.18668195219421 0.115514727709045 -0.243162480242058
-0.126192092423673 0.155095209743643 0.118109117109495 -0.258708553131559
-0.135438388240417 0.133527728876356 0.14737868168198 -0.21917287284352
-0.150558504117442 0.0976261432068034 0.181601773449653 -0.142815582227893
-0.148795498021335 0.0228229996473537 0.176199356724413 0.0185366128183981
-0.157519769426064 -0.0728440670752127 0.079452287632219 0.0969957755562882
-0.0951488798959999 -0.190225951743482 -0.0442703076469592 0.087641297485558
0.00313265578927305 -0.241809390068188 -0.0808725939576595 -0.127586032939032
0.0701353814752693 -0.390827031889415 -0.00295858895112419 -0.0630713940942708
-0.061383790826089 -0.402686549771012 0.294496669153427 -0.094145303283702
-0.174307023790057 -0.358378165200011 0.0775154895233036 -0.305482750763202
-0.332930611094299 -0.213657066477474 -0.0834398592996088 -0.164831443914428
-0.395950976501333 -0.00769617547140036 -0.0713136856079924 -0.0412301654652937
-0.327012890376843 0.170785544767949 0.0162230439875398 -0.0313854450734251
-0.225544167137842 0.242665706690673 0.0377198468049066 -0.102015216762707
-0.179102909753407 0.27229620516042 0.053888653632505 -0.149125455277768
-0.164558938318395 0.24635011377005 0.0773773804704392 -0.186070280285914
-0.194986752106283 0.23344081023171 0.124128561788396 -0.182102451004088
-0.254363063332847 0.17592169090528 0.175213379983078 -0.129513111397064
-0.272247587999576 0.0417963648013602 0.189337205496982 0.0364902016214836
-0.257120239479542 -0.110213429027016 0.0828698292105697 0.131236455555169
-0.172252060939706 -0.254761258287586 -0.0580692641949598 0.126511697501461
-0.0554126876784547 -0.322904462404204 -0.0856120336925548 -0.0541026845822718
0.0425759175386205 -0.397463026948681 -0.0106528934991557 0.0922002015794648
-0.0694004770548787 -0.363648563256172 0.306934250056135 -0.0210543879124106
-0.147526886469796 -0.315567567786678 0.0533991665921863 -0.27948211003482
-0.303046466228406 -0.20198114474371 -0.143580268024696 -0.167312142066192
-0.386702606742413 0.0035515131359407 -0.16718742340647 -0.00922056122817769
-0.328614894699491 0.188584053048706 -0.0861029862657711 0.0401773232922972
-0.229545499556927 0.270562793528825 -0.0556736260480694 0.00551178616827989
-0.1895029573531 0.316640027017193 -0.0170472315609389 -0.0293855429442109
-0.187281025980444 0.308097732972226 0.0276029998045448 -0.0759821626748696
-0.241334926113709 0.304377617834216 0.0873668885931208 -0.10032320319656
-0.343169113317961 0.23287863348701 0.146213259393033 -0.0722071442003236
-0.379042291532574 0.0487705639725086 0.178316133867668 0.0767287082054353
-0.339238210074578 -0.14703561459512 0.0792940542995138 0.175883828126609
-0.238941728593226 -0.300730175904739 -0.0661934938015842 0.181127769841508
-0.107528450368096 -0.374497343223367 -0.0817795412783595 0.0466883214856024
0.00365986475925322 -0.327902885254726 -0.00786938414007905 0.212557323808912
-0.0617599643429298 -0.243251526780035 0.276658260287749 0.00581467372265979
-0.0842121318315194 -0.204777475669719 0.00797180271216692 -0.230021589077907
-0.209700673524013 -0.147827585229751 -0.17686380199261 -0.135896410930902
-0.29689512355535 0.0182535300242109 -0.215431712524843 0.0239473519017751
-0.263281779572454 0.175850087347489 -0.15793024679093 0.101392353905566
-0.19108516965858 0.255301283513764 -0.134802230817331 0.109817547090999
-0.171386365642031 0.312237285796675 -0.0842243998847813 0.0949459839456015
-0.187964304227575 0.31860160083477 -0.0312559818046171 0.0494312126562666
-0.260971569762755 0.315632179287332 0.0322672529236813 0.0115195194360871
-0.383206854963234 0.223875532180032 0.0874565203160397 0.0178528010876115
-0.418545814959426 0.0163884055356108 0.128823994049061 0.130165931854143
-0.347262576278619 -0.178956798739695 0.060012856854712 0.218735931236523
-0.256055931948206 -0.305630121989367 -0.0709684252860728 0.236621314808624
-0.138347610548372 -0.376446427555807 -0.0719748874918061 0.161481112547987
-0.0345525212318106 -0.213194013839313 0.00689081281148918 0.276676071598099
-0.0415401035754841 -0.108217902731952 0.213411307991779 -0.00601628491131214
-0.018691489008947 -0.0970109724875113 -0.0383779355498545 -0.169203662809457
-0.11356352633279 -0.0910044730435963 -0.176104669264839 -0.089675363054041
-0.186004335481856 0.025324532010209 -0.21499906708932 0.053957738684392
-0.168155971493137 0.139113560598583 -0.186969697468398 0.145520812150726
-0.127453560668686 0.205818499374068 -0.183479891474225 0.196382181500073
-0.125201008286598 0.261330631104201 -0.138330691814726 0.205924131163045
-0.158896360296894 0.271124978146036 -0.0940253205324899 0.166689862394579
-0.237603609050713 0.25492879030914 -0.0393842776882576 0.118340091392853
-0.346962617175278 0.152033726051563 0.00311502828633923 0.102456215938683
-0.353036869652468 -0.0400409704511492 0.0500492265643869 0.166983693576349
-0.261530997210682 -0.17451283861041 0.0235155480846428 0.245711139634534
-0.215575678934805 -0.249088923945934 -0.0791560905354646 0.280682876588047
-0.140052412419834 -0.31450740606497 -0.0678756731590603 0.267116804524566
-0.0589940200802445 -0.0883690873171127 0.0291933757750745 0.291724602507944
-0.0195817142052307 -0.00658028800068476 0.148345585965879 -0.031593075594249
0.0227123236972085 -0.0309970776408377 -0.0642829372524207 -0.118522253981811
-0.0488541499004407 -0.0518329555412565 -0.161321117474603 -0.0537529846648755
-0.0922430453011274 0.0224292117750835 -0.194151083834748 0.0737485946024128
-0.0778984916861316 0.0891619307009011 -0.188293283062545 0.173263530506035
-0.0569892523022376 0.134345480579969 -0.200854956918053 0.254929537938706
-0.0613985270436387 0.168114354511689 -0.172953166240815 0.284223053805075
-0.0949831193643684 0.17381333527078 -0.148370568154805 0.248881135822949
-0.159365982775602 0.150409914223464 -0.110425194533752 0.189139600267703
-0.226433930048386 0.0597683953711445 -0.080662345130888 0.148694314434278
-0.19960993131378 -0.066808247292575 -0.0267623950554449 0.169199338180458
-0.118959604615895 -0.107770891942461 -0.0178067483832173 0.255012932516108
-0.140046296418869 -0.130197416892044 -0.105755157154418 0.306170691257462
-0.120711243510269 -0.188019600272696 -0.0765975554950857 0.337046588628634
0.0899373378247982 0.00673388332773855 0.063857224684302 -0.376923467351866
0.0397022525612968 -0.0426525020412279 0.127484818277013 -0.322187840149439
-0.0143443669243506 -0.0173797874604146 0.0357289313150661 -0.287943196522118
0.0121751118099718 0.0277818162599017 0.0361790929911845 -0.136437353999855
0.0394437524893034 -0.0107612713486627 0.127481685025241 -0.137386351607108
0.025696727191187 -0.04176030935776 0.171221196901114 -0.201694387325115
0.000413549265490993 -0.0558982145966779 0.187361047902229 -0.275469262017391
-0.0151545045877201 -0.0498803337251044 0.189396586301032 -0.324977488826364
-0.0169535829135585 -0.0492330968229488 0.18187019322999 -0.301028279553733
0.00228065927358343 -0.0396292655570322 0.183192040636193 -0.212376596485228
0.0286090592858292 -0.00717215643742792 0.182310467443445 -0.114116094488226
0.0147166855918839 0.0352023939526552 0.156717333164709 0.0140071076961965
-0.0585111609417022 -0.0010278571534193 0.0821657927234208 0.0756814347671664
-0.0144829332207082 -0.0644289297049845 -0.0354986305412729 0.0701880886785756
0.0757767185455965 -0.0503913285607287 -0.0531838627556973 -0.203122468484631
0.0880113232017693 -0.168332709134538 0.0462807771377872 -0.335590803327968
-0.00739394754912661 -0.214537781264814 0.192466390695916 -0.28516630381789
-0.103562386581169 -0.177524517831432 0.0552681666400509 -0.299427725335449
-0.15776970473675 -0.0667364298839049 0.0291717440103531 -0.128082239487547
-0.154136261584998 0.000792228304478213 0.113258413363942 -0.105250186830651
-0.124973163699232 0.0531497642428653 0.174967442564184 -0.168575415671937
-0.100566308305515 0.0726525556173746 0.177144540953583 -0.262217368538638
-0.0902782921073775 0.0800583729266013 0.168590490886206 -0.314652090693717
-0.0826609240489642 0.0565221462957991 0.156601563580845 -0.305553184382735
-0.0750934879669226 0.0417949646541961 0.168154939047827 -0.23232550817069
-0.0574063986327315 0.0334742512763768 0.181434440128888 -0.136939958864136
-0.050772763247944 0.019050715246321 0.165502808265908 0.0104476171319663
-0.0894682044178309 -0.0365330935182845 0.0843850937917547 0.0772422926289574
-0.0424090914931689 -0.12920375013644 -0.0281713562345466 0.0717312953077273
0.0532483649355339 -0.157297175564314 -0.0654834757448555 -0.179516240959102
0.0874894590809417 -0.320506805603526 0.0258151278847954 -0.225844965745676
-0.0384035489149967 -0.359373781089127 0.259366243064155 -0.208503425113841
-0.160244665834827 -0.319868566620177 0.0719389218221886 -0.315139576132426
-0.289420075900917 -0.169911485783527 -0.0167255617277641 -0.145831368579617
-0.323995399773621 -0.00826316763745416 0.0366088805802872 -0.0739847462885241
-0.263272029220326 0.12749656210132 0.116619511078929 -0.108945989634147
-0.189215490664327 0.182573357731673 0.123165487210698 -0.201460449267545
-0.152463071119237 0.197848269295608 0.119675649176811 -0.255621500952421
-0.136357236675136 0.164972400987069 0.120839866800981 -0.27213975186226
-0.14561857470228 0.142144373653456 0.150821409437117 -0.231973344035326
-0.158556693417149 0.101480881087207 0.185880032321296 -0.153353588051171
-0.154924757896757 0.0220368629043468 0.186044630243851 0.0144887597492352
-0.162931922903917 -0.0773270075919809 0.0873045514881748 0.0971344083420073
-0.0970878539788238 -0.200159058994668 -0.0400820511776109 0.0900344632766689
0.00691728770850237 -0.257276898536984 -0.0804051961373605 -0.132713121081107
0.0776881835861643 -0.411901055675766 0.00575507748731513 -0.0679136882236818
-0.0590098809265642 -0.425079495383366 0.309179838998038 -0.112258855598512
-0.179917497594179 -0.382363228654191 0.0739027867135885 -0.315878878555006
-0.352335049440513 -0.228459793051763 -0.084378351074629 -0.171941415056906
-0.419840178554337 -0.0106962475948403 -0.0754635414085979 -0.0441567093777038
-0.345178370599393 0.177785215898807 0.0143862074029111 -0.0348325198488151
-0.24095572799008 0.25640420029354 0.0345416412309082 -0.106356081260234
-0.190610550603769 0.287502552978082 0.0535647517928794 -0.154824077942503
-0.175850436938302 0.261736533490448 0.0773538269475388 -0.194780514898056
-0.208080962866898 0.246941838411782 0.12672283793362 -0.193597604805227
-0.267830020346483 0.185289991514396 0.178989279478456 -0.139500919189397
-0.287133840213076 0.0428464138685181 0.201479911743805 0.0336146425122526
-0.268860914654606 -0.120216454669242 0.0910886540932983 0.132850840663072
-0.176926431103229 -0.27136366817976 -0.0549615582164552 0.131505108090936
-0.0512067881204096 -0.342091799374306 -0.0886347070975257 -0.0559585291347552
0.0484254181308648 -0.416421096063253 -0.00549663845475889 0.0959734550166307
-0.0650047184429671 -0.382315564343398 0.320127745304065 -0.034812548949092
-0.150125559831531 -0.337600587097403 0.047754051416536 -0.287904222177482
-0.322547084284334 -0.216561456033484 -0.148507047750124 -0.172803163217865
-0.408562503601696 0.00301218366177846 -0.175836058916712 -0.0107998991403121
-0.34604680525282 0.197666754559458 -0.0934493304819207 0.0409889452860826
-0.243481248343285 0.284913554930359 -0.0635258382938359 0.00709155693946031
-0.201945744956231 0.333376821607983 -0.0213573874642067 -0.0286965792132324
-0.199204856896457 0.326238908791873 0.0244832465179534 -0.0799223513620275
-0.25598288017036 0.322287415906289 0.0877622630752647 -0.107607613252227
-0.360928588501342 0.246297489419569 0.149674785319485 -0.0792178901958441
-0.403089357414717 0.0496362378350621 0.189642242895821 0.076547063368366
-0.35819224440842 -0.161235967373242 0.086774006010067 0.180223283397826
-0.244613886278247 -0.321825511081966 -0.0631697520930934 0.190910631272929
-0.103638812823945 -0.397120224942624 -0.0875880818249872 0.0513782918713209
0.00896142361362222 -0.339771020443844 -0.00502566657187407 0.222616005786153
-0.0562464989507932 -0.255743935489159 0.284581899917339 -0.00253051115761998
-0.0838459160674372 -0.22153452770244 0.00161787011164344 -0.235577073656808
-0.223911272026665 -0.158509135486126 -0.184408580348203 -0.139527420584426
-0.314244083413619 0.0199348051395006 -0.226304818727541 0.0251979408619907
-0.275484780841177 0.185819252132993 -0.168055144798602 0.106107705249535
-0.201377762082121 0.268665626968544 -0.145780210994849 0.117968537175858
-0.179198408200951 0.329496813104064 -0.0922427437833614 0.103121866020086
-0.198874893302177 0.337339137076288 -0.0372949124679368 0.0527849301158291
-0.275759590216437 0.333742579080692 0.0302488864074721 0.0106524526026942
-0.403385329030728 0.239367171701398 0.0882270094308025 0.0170496932349811
-0.44572201208078 0.0166899940635009 0.138068458031361 0.134245451248733
-0.367053175642353 -0.196196075727439 0.0658684146568753 0.226245254906422
-0.263297241388255 -0.327285615242755 -0.0688758560601857 0.250965253814009
-0.137616627217536 -0.394740599284631 -0.0798609269488608 0.172736040779721
-0.0314020616662672 -0.218243235336337 0.00795860198210493 0.289459458598152
-0.0347973854221883 -0.114686535451924 0.217750270896754 -0.0127494637784678
-0.0169256900665017 -0.107560883640449 -0.0457489899195389 -0.171130489223968
-0.122003990875526 -0.0960076052801753 -0.184813404442112 -0.0899978844018859
-0.195666441938374 0.0285938808794666 -0.224583179410069 0.057833375854431
-0.174823847919378 0.146731680408122 -0.198059070796692 0.152135701485896
-0.132693432399708 0.2171420412913 -0.194994404912967 0.208372991436571
-0.12938942797572 0.273718899973078 -0.149015454173043 0.21908613965372
-0.165778062628333 0.285603537842889 -0.103863613193746 0.176083334372366
-0.251126417642476 0.269972762669205 -0.044796113794341 0.123067064814174
-0.365880742321973 0.162799541191429 0.000148321455384534 0.107156916256708
-0.377408174093828 -0.0418972626211082 0.0537573064058783 0.1747336086219
-0.276816594683311 -0.193221402840721 0.0273034216121904 0.25489942721517
-0.219266068015017 -0.267266893158103 -0.0799278165764142 0.299174312194656
-0.13942807970985 -0.327686956444482 -0.0785773892060019 0.28390056633658
-0.0572503386420969 -0.0877792312272323 0.0284324240191711 0.305039318433589
-0.0133643878610108 -0.00908250391947896 0.147708172525941 -0.0361220384181585
0.0239182444495351 -0.0386490256330889 -0.0721016614697508 -0.11899919313808
-0.0545203111501716 -0.0529242400724293 -0.169783215525931 -0.0518646189245605
-0.0958178182659218 0.0255012270756304 -0.203039976161523 0.0781702520230125
-0.0796984088756236 0.0940450062990099 -0.197555112216206 0.181824484919039
-0.0571524107485767 0.141326814222377 -0.212811007401089 0.271293371632879
-0.0612237905528848 0.17514973875769 -0.183875981321913 0.302232313674168
-0.0988568815042967 0.182285063016823 -0.160512198859635 0.263118738349652
-0.16721067888303 0.159180184246838 -0.11905385014474 0.19672289133404
-0.23871273481468 0.0663028969434075 -0.0867783019352091 0.156492916451921
-0.215202547252173 -0.0711302318555016 -0.0289586103228986 0.17900571541116
-0.124561275515766 -0.122109311721598 -0.01718427345682 0.265021734760049
-0.139880597382034 -0.138824110352566 -0.109661883732962 0.325840068766349
-0.123100009325107 -0.19358465973189 -0.0903262208703312 0.358286859323816
0.0959814260526496 -0.0110057791484152 0.00855487510043856 -0.408295839300838
0.0315238285713952 -0.0470832081710741 0.0768031083352685 -0.36686059797288
-0.0154630051154705 -0.00804067415222193 -0.0145583342089354 -0.305862642844391
0.0225432765269833 0.0275568895928334 0.0134242676631487 -0.151399328601422
0.0401085482208267 -0.0184572589894678 0.105413096104813 -0.165856339227571
0.0174291678682271 -0.0473034858749241 0.145871893997905 -0.236621903907345
-0.0109940036046843 -0.0563335668301835 0.151297745032457 -0.322439650071897
-0.026019170168394 -0.0452803182873262 0.146577897211905 -0.369781314272369
-0.026738053202524 -0.0437494903865962 0.14169354214701 -0.345896715107963
-0.00707234678919615 -0.0383866940875962 0.153780742461074 -0.251971338636553
0.0266796563394802 -0.0135556633660984 0.168521785248802 -0.149821073462564
0.0228091653751397 0.0307061813465315 0.165123277465377 -0.0168734733195758
-0.0581653531343192 0.0130904517228722 0.100769650771135 0.0622524122972472
-0.0288355748057831 -0.0605076151657111 -0.0180913505144499 0.0775381960646281
0.0655388751048248 -0.0678786566286646 -0.0793236116978876 -0.204246008905085
0.0658337062821052 -0.197528647385031 0.00722993853949902 -0.350720771836966
-0.0415838927913026 -0.223403149644844 0.155128515924431 -0.336926375301529
-0.136015200510267 -0.166310221486099 0.0121978255444602 -0.314541316957456
-0.171019722150639 -0.0474356850229208 0.0173328579026831 -0.136356315420851
-0.161284971473945 0.022694064097966 0.105848447173149 -0.131984082601905
-0.125568867249026 0.0757187092048081 0.159272970328671 -0.209772718599803
-0.0978007204089445 0.0941505927673778 0.145729433464167 -0.30799422659797
-0.0838211160523672 0.102493190546236 0.124681241740562 -0.354023388470283
-0.077976155409082 0.0766740032543197 0.11296911191967 -0.344845802313996
-0.0729626459132692 0.0585364333606448 0.134213670969128 -0.270384313357859
-0.054477323132932 0.0436764442081668 0.164294278939439 -0.174864960386218
-0.0481094788500212 0.0235478308217381 0.175735820130053 -0.0203288105288896
-0.0949623707097731 -0.0216783045204752 0.10335903827789 0.0643718510652547
-0.0638051969059411 -0.125033770829276 -0.0122945592469116 0.0778613605472768
0.0275951893369067 -0.172957352767459 -0.0900988425810473 -0.178336513889708
0.04040661686503 -0.358496116180751 0.0135239788148177 -0.220925598357157
-0.0950824459590171 -0.373003126409245 0.243477308424141 -0.264441802536866
-0.21648316888188 -0.310385766707458 0.0332588239930634 -0.326127803755045
-0.326440246106516 -0.137091716282835 -0.0254776062147178 -0.142306312697688
-0.340408491362241 0.0380237982356686 0.0409700511697124 -0.0865382575426124
-0.258889109154408 0.174280423883604 0.112906289877389 -0.142218178009547
-0.174390947701309 0.222408549525671 0.100326347090694 -0.235386740314645
-0.130164817547441 0.234646381577238 0.083013607261558 -0.284536977559986
-0.115684009110689 0.197404034201824 0.0804448699168277 -0.303960822697273
-0.129686578498954 0.173593769985649 0.117034894829996 -0.26685513970287
-0.147146578758143 0.131414536385475 0.167661205587736 -0.193229846519317
-0.157064822834626 0.0434634233282235 0.2000050706592 -0.0197082612531048
-0.177774235101821 -0.0545234594777132 0.111156115680261 0.0857249487600635
-0.128871959367382 -0.192175263124497 -0.0245549896226706 0.0997673265117725
-0.0299931734428089 -0.267534493693446 -0.10067212066521 -0.12710024913902
0.0129976342935389 -0.451121427580274 0.0241660017921719 -0.044630481996388
-0.122312373926128 -0.43862372814133 0.313340376633817 -0.168901281211698
-0.247259863542019 -0.377090138152398 0.0375589479073313 -0.323886954561312
-0.401365508174431 -0.1896600089923 -0.0978952958009203 -0.152867622623688
-0.43995942511824 0.0507723019257701 -0.0659370873543317 -0.0367126488981748
-0.335807237760227 0.239541307713562 0.0214478941044766 -0.0507316506123508
-0.216647616966476 0.306042013601711 0.0246428710639044 -0.119804353111645
-0.155903996197732 0.332473448588543 0.0291997070240316 -0.168462737133072
-0.140578656182685 0.303226340074926 0.0469656503147209 -0.216263115270398
-0.176516873661113 0.292305229564875 0.0984044355232044 -0.221749975152091
-0.245475368457855 0.237425992799404 0.165113942283242 -0.178681040018581
-0.293424170750684 0.0855691462480372 0.222437947837852 -0.000582814017721483
-0.296968677185254 -0.0839358603180476 0.120457451183003 0.126188945906728
-0.219855931125725 -0.256968316921004 -0.0364109673450653 0.147984981265865
-0.100731396015325 -0.34578010855726 -0.0998570024929948 -0.0450071745891664
-0.0180998133704125 -0.448758960369193 0.0397776321982028 0.1294242728483
-0.121410423172461 -0.392232375173549 0.334850018695298 -0.0900650859799436
-0.207117410379898 -0.33547773605636 0.0122591685995137 -0.290602141694725
-0.369596889454534 -0.182909468697305 -0.167426074719108 -0.141460659395181
-0.42695575842289 0.0636942218692174 -0.164944457686909 0.0159184792063073
-0.331473531972411 0.260543492450468 -0.0789638060960594 0.0456326376079522
-0.213548652377971 0.334941374950555 -0.0591812749454681 0.0174471404922093
-0.157502226852232 0.380478114039541 -0.0289246203186819 -0.0254188425241813
-0.154159519175051 0.372983097421839 0.00999204107258885 -0.0867128171660191
-0.214705282597408 0.37854339241354 0.0731849338602639 -0.125743679341024
-0.332557770000941 0.315999767899471 0.146029265979378 -0.110841465184422
-0.415739153690092 0.111924514082244 0.220079056827762 0.0486455106120267
-0.398931944412261 -0.113802595764199 0.125038547592959 0.178119074143428
-0.298692149102236 -0.300079077379859 -0.0361972888574211 0.214527924824624
-0.160952645806812 -0.39258757087687 -0.0845352307990503 0.0682144546975475
-0.0477947137166793 -0.359781774892824 0.0568247330119577 0.255237969475567
-0.0902757584074992 -0.260824030404917 0.297570168945965 -0.0520464540724745
-0.118881824088221 -0.225129651619935 -0.0333621750464406 -0.229404836482236
-0.259201090883339 -0.135830551645252 -0.202704477854679 -0.101059188257233
-0.324172290203029 0.0667123313360148 -0.215593431282341 0.0637228331348749
-0.256845705476464 0.235680537495606 -0.148887981794036 0.127665208572644
-0.171228815769394 0.311031057472319 -0.126523077782062 0.14957002528373
-0.135505622141692 0.37045512115672 -0.0822012449157087 0.123396599756598
-0.152457773267489 0.382606203737148 -0.0333191203320624 0.0627182677488963
-0.233077305976941 0.39089443502186 0.0327183424445027 0.00701039460896904
-0.378692398963384 0.313505515960165 0.0981474614771356 0.000613930369109353
-0.46489202661758 0.0844361313077478 0.175976653383002 0.119785879813172
-0.415911330910855 -0.149926618910131 0.110518725497373 0.230236225548933
-0.316943132856007 -0.304808579567385 -0.0321253284476921 0.281051773329948
-0.193840083968147 -0.385097430201599 -0.0612792798323429 0.195630003561779
-0.0684473227646056 -0.223731943299722 0.0752532203563917 0.314319945428341
-0.0470311318063903 -0.116386664326176 0.220452960571334 -0.0519762370669741
-0.0324981071998651 -0.117051380509781 -0.0778547037811756 -0.15865014902068
-0.143716181992631 -0.0841435982773025 -0.200279940364455 -0.0508209520712152
-0.199007201814761 0.0586323957261233 -0.212678265567011 0.0973538581403532
-0.157023162130178 0.179250672904565 -0.175751190432913 0.184121090751139
-0.104412186440657 0.245032470083755 -0.164197724583284 0.256452361753264
-0.0917795979888044 0.302479236606369 -0.121954553551622 0.25393623873409
-0.126727518337076 0.322339147553348 -0.0828217589252091 0.203157659040148
-0.21768333934086 0.320288591561459 -0.027195271604864 0.137937109781861
-0.352272992565257 0.228774179370528 0.0213641602010836 0.111747771720119
-0.403643956620862 0.0133336511289126 0.092097095308776 0.178890623072843
-0.323167197733958 -0.163229565113954 0.0720043253841088 0.266566372838652
-0.259864032234762 -0.249383924566183 -0.0367084618239671 0.333161806777534
-0.185858162772608 -0.31312510222608 -0.0455034332629768 0.314563643029818
-0.0735844772348414 -0.0803027034841912 0.0899312107082665 0.317728567858413
-0.00944609795818844 -0.0101540680887161 0.139512851269284 -0.0648476353476593
0.0189781704754685 -0.0497404282925259 -0.100023015036754 -0.101656950782664
-0.0668961751454706 -0.0469044013228589 -0.181752205137269 -0.0152242760826961
-0.0948733636164056 0.0407539920777912 -0.19045194674548 0.117654495217914
-0.0648625238831879 0.108853170730903 -0.173058290589398 0.217599389427262
-0.0360208667222786 0.153931320675868 -0.17203885623765 0.325884873974974
-0.0357490474031381 0.186845781281215 -0.144120586510923 0.346854253151944
-0.0723259634973275 0.202345952071387 -0.129312963659422 0.303335722003627
-0.147435613188264 0.191284517373813 -0.094539241957387 0.226021304171921
-0.237655718457446 0.108321551747951 -0.0636930805290375 0.179404811891324
-0.239286562023125 -0.0423403093792312 0.00153539283479176 0.197586596740077
-0.151723996789869 -0.114394862188167 0.025382179942731 0.281119165814507
-0.157896063699422 -0.126755702596161 -0.0621420383578575 0.366528985293858
-0.150173283845144 -0.175829286485681 -0.0480180160352043 0.395038325401918
0.09097703571743 -0.0250867909511555 -0.0158404485797966 -0.423192352992733
0.0211512377253128 -0.0485832282783594 0.0426717036120312 -0.387119186961426
-0.0153024810110226 -0.00257367431304409 -0.0447263439790666 -0.304831948426891
0.0295220227415247 0.024372846429758 0.00255601976618472 -0.155353435026774
0.0374152100081841 -0.0250585688761756 0.090226831325411 -0.178058096086511
0.0105208737455717 -0.05088975337513 0.126289888541903 -0.251669561864455
-0.0202177833859397 -0.0539258884299421 0.129543922196512 -0.33957656111893
-0.0330929631677276 -0.0391686745381492 0.117376145218076 -0.388888780211926
-0.0340739933735567 -0.0371576132183099 0.112898194410574 -0.364426464740692
-0.0149920168791245 -0.0363060126274605 0.131806806830939 -0.269330353654117
0.0233927936792106 -0.0188055236535822 0.152942132086641 -0.16869421209485
0.0279755745984016 0.0239251692962998 0.163938809226758 -0.0358796804505208
-0.0540246844088262 0.0219763601046052 0.109314790006011 0.0485560678427554
-0.0383641963994979 -0.0546035227290684 -0.00290547819794919 0.0768302655605601
0.0551147535143628 -0.0794940742344929 -0.0896485362689174 -0.200404781178503
0.0479893972052349 -0.211648290870716 -0.0115860496964113 -0.363794487167009
-0.0662039491451633 -0.22326385902965 0.1250621625437 -0.366598619099793
-0.152077109479385 -0.156062243170275 -0.0190287215739797 -0.315006414218673
-0.175246828971252 -0.0345041555189336 0.0104778952624993 -0.140642942271086
-0.163837208228531 0.0349033375257466 0.0943239697780023 -0.144294850285365
-0.125008605773609 0.0863144202991803 0.141919664715655 -0.225259113102363
-0.0946689474597331 0.106803177593382 0.122165732534024 -0.321827497108834
-0.0788549219365674 0.115409115172733 0.0962400286081839 -0.370762925746889
-0.0755747155009716 0.0891515456974215 0.0823609689963851 -0.35891715917204
-0.0720740555206854 0.0678600042255924 0.108720267075583 -0.285682066380701
-0.0525262432392904 0.0465990313784215 0.145110506500391 -0.193504903561532
-0.044308402116937 0.0237283322846237 0.17386371995116 -0.0419586695682195
-0.0942038148241885 -0.0121967096540359 0.112482130719555 0.0495534044054117
-0.0756729937854677 -0.118279137030714 0.00212052197268868 0.0757261484220441
0.0117677291881489 -0.182829906710933 -0.0997108788675563 -0.172802873638912
0.0111419737752213 -0.370705675478338 0.0041285445075698 -0.231180788054885
-0.128186363080007 -0.371883788047952 0.218314206630973 -0.303552910230641
-0.246475876864896 -0.298602917668281 0.000163070124663967 -0.327557809065262
-0.343443619889469 -0.113576147640606 -0.0339018067159849 -0.142212216475423
-0.345900757824788 0.0668653190149843 0.0327833432697294 -0.0918403540785928
-0.25072495338934 0.198590058372795 0.09954665385532 -0.153899227955987
-0.160360096253293 0.243322910993988 0.0798402604990088 -0.245065973346375
-0.113268743190597 0.253111231144466 0.0588062284696602 -0.294919449974595
-0.103270705418892 0.21406955986774 0.0524285642050111 -0.313278678365732
-0.117845288913725 0.190336737951912 0.090945605870363 -0.28094464765991
-0.138168812205499 0.144684581849911 0.146604952917151 -0.212759354580234
-0.154166671864844 0.0547277587123307 0.200563448224673 -0.0434876574980287
-0.181920393670616 -0.041482512129827 0.122114768031874 0.0712220196179062
-0.145883939988283 -0.184182929583877 -0.00909482082411319 0.0987622792655954
-0.0521252952573057 -0.272847717518383 -0.108400714683114 -0.120489231000945
-0.0232203190994227 -0.460763187873427 0.0284480882355882 -0.0519050344441382
-0.159605221920734 -0.436786152958202 0.294741916782732 -0.213806676543425
-0.28108329189359 -0.366778484953394 0.00313555453236804 -0.323322081709461
-0.427083050333739 -0.161938905746388 -0.108373277048998 -0.145746709756528
-0.446171279762934 0.0907029594942488 -0.0697164422916555 -0.032386237037155
-0.321671085378983 0.272362955005319 0.0132877771027971 -0.0536991598236366
-0.194827528373069 0.332095477851746 0.0113101889270672 -0.119733999453213
-0.130195068380466 0.354009424192968 0.0136846646931012 -0.171061961451717
-0.118478034697549 0.323399766396604 0.0254295289077063 -0.22126675765119
-0.155009074391712 0.314692641200837 0.0754606778409148 -0.234369373604732
-0.227986983044181 0.263130869012808 0.145795920236653 -0.197793513777372
-0.289766957949351 0.111289488858036 0.225672286264688 -0.0270691111453218
-0.308055238880146 -0.0618898953896105 0.136414820089704 0.11013086753639
-0.241973629118683 -0.244745886179284 -0.0170380731790415 0.149240172451288
-0.126080506997099 -0.345000358359242 -0.103237481157877 -0.0362950969480984
-0.0531753417230698 -0.451679042850231 0.0572683679649479 0.124012663479027
-0.150425526831637 -0.389864838882939 0.321459978800166 -0.132216032767423
-0.236403415713984 -0.330865200322488 -0.0186815027713348 -0.286070209196513
-0.395113871745519 -0.155702461050362 -0.177316287541828 -0.126388215557932
-0.42901812716461 0.102655908209453 -0.165873122017373 0.0293990116474118
-0.312510781577782 0.292812016053872 -0.079946908354113 0.0529431175250007
-0.187954364136741 0.360585874034988 -0.0610052200273442 0.0266883090506639
-0.126746370335671 0.40157231917955 -0.0330097443135728 -0.019228095019669
-0.12430793259431 0.394301384263467 -0.00120466695025237 -0.0856370986278461
-0.185706554315612 0.404952460551046 0.0585446832391682 -0.13388356824953
-0.309425510679696 0.351143130796103 0.132861763260113 -0.125940502770511
-0.415772499520126 0.151302360225765 0.228565452385982 0.0239978245168381
-0.417794178524911 -0.0864566756325007 0.145224308354464 0.163881125701779
-0.325507421654439 -0.285807578680886 -0.0117768699043288 0.217893926778624
-0.189581573522684 -0.385397788931747 -0.0799554071771686 0.0778384802298153
-0.0743458911614363 -0.356320246992797 0.0831975314864346 0.250958320922124
-0.106195685244522 -0.25879448054887 0.286125817825607 -0.087657169638767
-0.138355403115776 -0.226332223412813 -0.058794572493363 -0.219721756808901
-0.279328331751194 -0.116326065457466 -0.211034392196223 -0.0811349835726299
-0.32388193212349 0.099182930007707 -0.212390094233558 0.0824354912806598
-0.238217633679896 0.261930375834385 -0.142488237687259 0.14280268702796
-0.144515218848823 0.330696177850801 -0.117187632199585 0.166468184009809
-0.104132377511639 0.386531615128385 -0.0740569432122677 0.137207236371712
-0.120558700625968 0.402285475520748 -0.0314292139806748 0.0704236496548537
-0.203661328095149 0.420332381223172 0.0294766504806207 0.00407076320008284
-0.357222298792174 0.355482404210994 0.0963044758734063 -0.00836514650412518
-0.468947993218751 0.129216658991633 0.191256275420001 0.10189654458452
-0.441611561350587 -0.12244611918049 0.134195337629239 0.219557626982617
-0.34247260799296 -0.288421809427727 -0.00212265001608041 0.287176864779407
-0.219404571665109 -0.373890865247254 -0.0483037999403884 0.206384729814666
-0.0827220406063111 -0.2154099699253 0.102655544661566 0.310249500898615
-0.0495784432056005 -0.117635219136669 0.205944846423191 -0.0755286380903677
-0.0433531231880222 -0.123231896377413 -0.0958271018016509 -0.144297389998737
-0.157460585126351 -0.071228621269864 -0.205049796454735 -0.0295158583492399
-0.195573670221579 0.0798858179864764 -0.205644807738993 0.11748187926415
-0.140375562106801 0.195372016381911 -0.163646273092833 0.202185706067531
-0.0823671724951341 0.257238725725406 -0.143750122673503 0.277631477531057
-0.0654993622119499 0.313384992586807 -0.102375784793878 0.273539832987161
-0.098220182930113 0.337915819349345 -0.0695707706083217 0.216866223360889
-0.191283693478628 0.346133939976871 -0.0193363964454937 0.142170158624564
-0.337937201731921 0.267158530694072 0.0292209463348784 0.111525396322315
-0.41422386993922 0.0506215662432122 0.110665014483575 0.171840470148672
-0.346509249628653 -0.145694677272742 0.0980107464227987 0.259544264030541
-0.279948364315104 -0.237731391938286 -0.00250023513049649 0.343310831918116
-0.207152211516141 -0.29985707498602 -0.0241115394536996 0.327309775526539
-0.0746135010854223 -0.0707513222417551 0.116235698084445 0.314275293756086
-0.00412581384644152 -0.01378229881816 0.123386474742326 -0.0780899779670034
0.0124563608299128 -0.0573282562249491 -0.112430144711456 -0.0863525501434083
-0.0750612875599156 -0.0386169088347281 -0.183184835689425 0.00587394041469415
-0.0903479821571922 0.0525425345761202 -0.180463104569462 0.136505131286494
-0.0532716252594369 0.115316536990681 -0.15691883234706 0.236235256047599
-0.0191431895871317 0.157227534312981 -0.144189860040313 0.348457783875177
-0.0169907037415864 0.190329233164733 -0.116993665407732 0.368619605928791
-0.0537039512395541 0.210467648607151 -0.106662346431456 0.321582982124642
-0.131466718263863 0.208164933399478 -0.0786800228262597 0.23744749000624
-0.231180391610098 0.134388238669677 -0.0503419709104884 0.189330414552719
-0.252013569209641 -0.0194941597497596 0.018399026091164 0.200207033358316
-0.167637862863426 -0.111202667033339 0.0505711725476066 0.278102570198881
-0.16401251762057 -0.119444197641742 -0.0275764311529455 0.378863406955838
-0.160224435216956 -0.161347269745067 -0.0222560539042137 0.412380850229256
0.0804435472257299 -0.0351417647264081 -0.0381405696487165 -0.41489515257465
0.010329424224282 -0.044946330273375 0.00700909860811053 -0.383407510873182
-0.0128354837984188 0.00414108700678153 -0.0691365228835462 -0.286034646653117
0.0344087248473874 0.0179651349946102 -0.00734185075956643 -0.150542047639913
0.031869160109154 -0.030546138569253 0.0711867327845682 -0.177327088714785
0.00255684912555353 -0.0504120091734807 0.103130213322319 -0.250050517304845
-0.0269334162103941 -0.0475931061663608 0.102414511162004 -0.335825577050136
-0.036459876854388 -0.0305461574410486 0.0854310099577618 -0.386180283200102
-0.0378113718668879 -0.0285932796724 0.0800346295067061 -0.359327285595827
-0.0210158498311706 -0.0316182552592998 0.103839000975641 -0.269964527423544
0.0180705117315837 -0.0228550183603122 0.129632517616942 -0.174511417741785
0.0308708371580596 0.0160993531226663 0.151847372778435 -0.0520366112298717
-0.0455397698557463 0.0291495049241555 0.109855737028429 0.0324406705672098
-0.0436027813706117 -0.0441200419822509 0.0122440221483907 0.0695419116862461
0.0405139860816144 -0.0843202885481743 -0.0933009954408881 -0.1878749895514
0.0278203675171843 -0.212393891294531 -0.0289340706186926 -0.357300830345934
-0.0847003880724391 -0.210010869862924 0.0851781728683415 -0.373555428528488
-0.15841275317167 -0.136459744112092 -0.0457358746425338 -0.295398508867068
-0.169046836489413 -0.0219333729268286 0.00249256030796077 -0.138064514157943
-0.157690207115762 0.0439063077726243 0.0784094244251889 -0.147297987930588
-0.117498002851194 0.0924633393347499 0.118005208190881 -0.226616646990721
-0.086369565774811 0.113030576731857 0.0937884256948192 -0.317191117922742
-0.0691402048953823 0.12184399556841 0.0648178782172654 -0.364553778979358
-0.0674781608709177 0.0961244527992634 0.0495810067012134 -0.350722752981615
-0.067414878583949 0.0736262564171733 0.0791923434985652 -0.282489291815567
-0.0484219662047238 0.0463839242635976 0.119775649950532 -0.196938093211731
-0.0396904018176875 0.0214616250360783 0.16234255900004 -0.0589078827560817
-0.0873821773510837 -0.00350391893113389 0.113131434898933 0.032535115227745
-0.0823425106250918 -0.104935150987515 0.0149860618505364 0.0677231693255382
-0.00543595722460049 -0.180033502223989 -0.102487706936583 -0.160827562602342
-0.0173509652942881 -0.361400558202899 -0.00435669218961747 -0.230151896964385
-0.151941349057261 -0.349686874683924 0.177200226447912 -0.321325988821197
-0.260713395651022 -0.270777025202668 -0.0297596791547235 -0.308641011140783
-0.339771025269847 -0.0846374067020257 -0.0388590203731269 -0.13538086339138
-0.330654839850197 0.0908860732506797 0.0239603460151104 -0.0923173728137907
-0.22936055865963 0.211240135499209 0.0817576984256532 -0.155016898947324
-0.138304948183202 0.250145099797382 0.0567169138114883 -0.237901857795982
-0.0910341093054713 0.257240206925205 0.0339208486552303 -0.28635639141278
-0.0848628125536358 0.218195019480756 0.0233108658885446 -0.304107058924409
-0.101000939306065 0.195284243149751 0.0606703171342617 -0.277591745842933
-0.122379030704417 0.148911838867369 0.118622242564912 -0.216419932995774
-0.143212934912137 0.0614075944804929 0.187524300595877 -0.0632281716479459
-0.175909081579516 -0.0274415786421868 0.124387508212518 0.0526273270121577
-0.153069218903068 -0.166664108373366 0.00500815922598437 0.0901644577509131
-0.0688694298328916 -0.262737522087401 -0.109015073062399 -0.109368981893918
-0.0541635974129907 -0.441536298662907 0.0300663554006161 -0.058338012031783
-0.183409420797554 -0.411725313132345 0.25617207155067 -0.240952483407564
-0.298382192275054 -0.33832052409153 -0.0274193822498173 -0.303579530164594
-0.426803137108064 -0.12469732957512 -0.111074723210829 -0.132020678355414
-0.426328774664122 0.121183864081177 -0.0701763575084051 -0.026569416658307
-0.290800635248615 0.287851154389819 0.00505759651977413 -0.0515902070673016
-0.163212077419305 0.336286450932383 -0.000989713776572698 -0.11235108013112
-0.0983490676114529 0.35416226417565 -0.000224242072308326 -0.162392341911764
-0.0903752291764409 0.324625860616174 0.00416989896558462 -0.21178162779554
-0.125892753108732 0.318424261221323 0.0492866066609083 -0.231638210368239
-0.199255553714377 0.271413132833021 0.118408280787146 -0.202069220734138
-0.27208193752903 0.128456857803308 0.214529556484772 -0.0492640338613075
-0.3021286766924 -0.0401717777387252 0.140739323941792 0.0886342802665868
-0.249947380925543 -0.220171188060465 0.00108902124359873 0.13929826702272
-0.143430111266513 -0.327290887559685 -0.0996560229802347 -0.0273202979065894
-0.0820719014273207 -0.428005471656111 0.0687035106846743 0.110418596619411
-0.168288613304372 -0.366528971142001 0.286375092700707 -0.162061570112092
-0.252538819419394 -0.308209672172687 -0.0456560478671784 -0.264116278554356
-0.397330346833956 -0.120918332134551 -0.177228178756385 -0.107094897669412
-0.407011806837813 0.134159306002036 -0.157159348641933 0.0398452505847973
-0.279370566863799 0.307417916048763 -0.0765404004783251 0.0582329011135717
-0.153423753376342 0.363006200254668 -0.0596981537816146 0.0343766345257702
-0.0912823308596838 0.397993593522104 -0.0340351168790967 -0.0114462854424987
-0.0905299579791083 0.392441845337496 -0.0109935626266388 -0.0796849133678513
-0.146627768194075 0.407410794203099 0.0415735264149136 -0.133371434945964
-0.270709361619082 0.364517932405799 0.113327512565513 -0.131912836182717
-0.39048561068966 0.180763126441604 0.222034747578637 -0.000740270537112643
-0.413048480290868 -0.0561057188067197 0.154044789148217 0.14140972439536
-0.33189924055536 -0.253876322095996 0.0106542683016741 0.205947473940142
-0.203711638234387 -0.360960560037001 -0.0716375487923719 0.0821982220027385
-0.0922916087929959 -0.332987271451925 0.101296799977027 0.231122559156843
-0.114504803543589 -0.24418747764368 0.25495488861219 -0.112387901071091
-0.14947893501002 -0.214975204790121 -0.0769221745644063 -0.197572151088144
-0.282289625579441 -0.0908403887822479 -0.205123084292631 -0.0589799278986983
-0.304458156116761 0.123491675419555 -0.196869541967981 0.0957338160084728
-0.207229618679395 0.270766456267721 -0.129668494090416 0.14898513738183
-0.112510486390126 0.32869631448083 -0.10079082527201 0.172545790299204
-0.0691967638344629 0.38022875787686 -0.0610573093380329 0.141481820708932
-0.0847706748039511 0.398324816411174 -0.0277331694384245 0.0735040772306633
-0.161614179000882 0.423179415373409 0.0250333953227255 0.00200375137589311
-0.31555483313071 0.373686819951908 0.089039732314033 -0.0155867458472777
-0.446089565577448 0.163819003255413 0.193244212230961 0.0787418258004656
-0.440297845348232 -0.0907663177300276 0.147181235995425 0.196079957418839
-0.349486028409978 -0.258153430553101 0.0257318111259796 0.274059132290889
-0.231060091947173 -0.346299663369904 -0.0334832413684556 0.206116421677576
-0.0895963429878175 -0.19680129620258 0.122202283914918 0.288834848806976
-0.0489667257872212 -0.11327042074813 0.179761595583522 -0.090591867950982
-0.0521025889054827 -0.121300313020138 -0.104002843033901 -0.121100853244659
-0.160653362875345 -0.0546376024132991 -0.195419820193033 -0.00849780300132092
-0.179919437335332 0.0955165936458636 -0.187339572320822 0.129733340460497
-0.117949772260132 0.198262607825409 -0.143047067266133 0.207355608637426
-0.0564664563725535 0.251956522985656 -0.116691327275476 0.281262713365064
-0.0374613689505174 0.304439832725072 -0.0770664091469455 0.275507716793754
-0.0677692387916701 0.333095158489978 -0.0526544581658565 0.21753800409468
-0.156547685660609 0.350420237795086 -0.0109406242537248 0.138527378238493
-0.303728072988383 0.287377023483999 0.0350684750166064 0.106775091308023
-0.400994240580336 0.0836711562170047 0.121540708128319 0.154433346654808
-0.351164648636463 -0.121725946846787 0.114957500614209 0.238633828414683
-0.282622856493568 -0.214989810650953 0.0282876769594978 0.330377689208304
-0.213400241992432 -0.271937310365423 -0.00290463067891222 0.322432316629716
-0.070200528239845 -0.0591115031245989 0.133557872712573 0.293356485397644
0.000737191468899423 -0.017852446924156 0.0997919756482985 -0.0824955771586128
0.00490365197204132 -0.0605805634575824 -0.114841743377356 -0.0662070645168491
-0.0778060652372276 -0.0278287453308411 -0.172767285762534 0.0245032095937985
-0.0809672966157701 0.0605040734064644 -0.159825983199313 0.146691195716876
-0.0390098807144208 0.114601646760886 -0.13189624867744 0.24018741463789
-0.00326076922778257 0.149725539909778 -0.110836131154198 0.348092846283545
0.000559774617530017 0.18111281152069 -0.0842551044506172 0.36785486364304
-0.0338100942982473 0.204896960315551 -0.0813378379592951 0.321710784485418
-0.108266096148637 0.211480107968561 -0.0608310096405661 0.235264753346534
-0.210744329922917 0.151703201423339 -0.0349503344677609 0.186783602611597
-0.250019860528242 0.00285339059864633 0.0346588161942239 0.191368979035447
-0.174000861369587 -0.102092492328837 0.0696342927506081 0.260846471020232
-0.160830287465925 -0.107886591776425 0.00745605835772336 0.36882885549063
-0.159126460866029 -0.138677991817311 0.00453895394502477 0.405568717170776
0.0690904056369632 -0.0394390750665004 -0.040745984206649 -0.397844401799579
0.00335063360299439 -0.0385553501774901 -0.0112764415438049 -0.367946675665412
-0.00956775882087803 0.0084495888268513 -0.0764145738889024 -0.262075895362574
0.0363599282665346 0.0126940978678104 -0.00988350271646813 -0.141749946446901
0.0272989103906932 -0.0318940429748528 0.0590409890769734 -0.168121906117431
-0.00287257182021851 -0.0474381602066216 0.0889023541690365 -0.237687513118103
-0.0291990273078751 -0.0412430181864609 0.0871858586962783 -0.318893419097956
-0.0365611936391587 -0.0229935564882768 0.0679305314111382 -0.367061686680714
-0.0380169900983787 -0.0206978819797495 0.0615642115369677 -0.340972271678583
-0.0239824840078811 -0.0256962788558776 0.0860651073700983 -0.256169414861129
0.0123704901818401 -0.0246971192800552 0.110870891633021 -0.168279880125111
0.0302283284125169 0.00908013832627539 0.13726998351636 -0.0575488755030312
-0.0376155556025882 0.0319887740434074 0.103727728963882 0.0207733189420091
-0.0448456035992847 -0.0347773794478494 0.021761300293493 0.0596638989532576
0.0289331249376243 -0.0834599737583163 -0.0867839294214662 -0.17603205960978
0.0164229577441039 -0.204126970679158 -0.0311464845100021 -0.344120248819326
-0.0903112314111256 -0.19310710746777 0.0599722335729531 -0.363737504628307
-0.152738252591237 -0.121951794321843 -0.0555761397822762 -0.270169397824983
-0.158354790001011 -0.0169796130664352 0.00148361450166689 -0.132060097715061
-0.150160328303741 0.0453177913326958 0.0678685710457612 -0.141160038843096
-0.110869885946423 0.0910688706799732 0.101642902034732 -0.216081054418024
-0.0797896294448551 0.111861997700218 0.0782029178802739 -0.299620063246471
-0.062029403666742 0.121584411757781 0.0483934694856555 -0.345029784611864
-0.0620229929722587 0.0975587708278291 0.0340571113284533 -0.329890359516332
-0.0628336682565426 0.0744888969293827 0.0604411482662508 -0.267581112417542
-0.0468762993261277 0.0431532946563719 0.100222883172681 -0.189545337772999
-0.0358165642378794 0.0161594148764435 0.147055305966862 -0.0659488598638296
-0.0778035997389056 0.000361992184949627 0.10781890620592 0.0204854818596439
-0.0799304056443308 -0.0931149779052615 0.0229065554445263 0.0573359013880145
-0.0133584904359297 -0.172197656397343 -0.0955504471218505 -0.150120279864205
-0.0280414089624753 -0.341696570027094 -0.00526937146921731 -0.222921742951775
-0.155547327729679 -0.325634986049535 0.145688678265776 -0.319725940905327
-0.254346595808696 -0.247527055367786 -0.0417132535793843 -0.281651094494376
-0.322811679868976 -0.0705084952571489 -0.0371226233514685 -0.127743299241394
-0.311156394474195 0.096663502677882 0.0189511986012434 -0.0887639665370416
-0.211812372797649 0.206343340049787 0.0689105637523759 -0.146876662536501
-0.123560488386701 0.242130627028987 0.0441027773075122 -0.221928347891841
-0.0777741720771323 0.248976028055322 0.0227168426601349 -0.268284173409396
-0.0730915517123027 0.21230066619522 0.00983050377341934 -0.283958602928476
-0.0894599959019668 0.190184842957051 0.0437088341176516 -0.261682475117098
-0.110717020165971 0.143055842758945 0.0984048157746237 -0.207007465500662
-0.132702838824653 0.0589337966160964 0.171951844899652 -0.0720433768516991
-0.162865366944403 -0.0212014944253568 0.118797929460273 0.0384337579037662
-0.14728048621991 -0.151398483290335 0.0134207103489462 0.0785310742632832
-0.072546643097596 -0.247868402771519 -0.102044765658763 -0.100539105655645
-0.0629335198137801 -0.412847961246386 0.0321352175516744 -0.0617288002097234
-0.182828539883428 -0.382033529360278 0.22123251907227 -0.245986789769477
-0.292283817435903 -0.31198876711242 -0.0399357685957663 -0.274662764505876
-0.409380256069796 -0.105629479095549 -0.103907723525581 -0.120701479893548
-0.398732946853771 0.130414956409382 -0.0668094121629756 -0.0240520172555117
-0.26548302948878 0.28157376553791 4.57327843053264E-05 -0.0472727336768931
-0.143116914037119 0.324407842883257 -0.00646406171910804 -0.101798331820665
-0.0803445288693655 0.338761061825392 -0.00602812212332126 -0.149370765783956
-0.0753346176481436 0.310712925004884 -0.00499803119841142 -0.196600269801029
-0.107103863512599 0.306172500071252 0.033865506017618 -0.218843878425225
-0.177818491407257 0.262135953828955 0.0994111289927109 -0.193620887360072
-0.251566225968544 0.130084791317746 0.197246487926452 -0.0607492140421712
-0.284789606935095 -0.0304228797427028 0.136491329381877 0.072343596318927
-0.239509787800639 -0.201558430308538 0.0106591490196571 0.125053426183987
-0.140849301373172 -0.306240612293795 -0.0931078333533657 -0.0222110367384626
-0.086466057498073 -0.397363635178207 0.0723532899869094 0.0964519149458326
-0.164799625398689 -0.340615000915829 0.250838536180233 -0.170439770114462
-0.247673177838419 -0.288176459460193 -0.055254777066184 -0.237221080514722
-0.381403227276313 -0.101962501629082 -0.165191190037806 -0.0938740991112091
-0.381222845025921 0.144259153934402 -0.146028045246298 0.0421098798169684
-0.250495859771769 0.298856928343686 -0.0726981653693441 0.0588391396952711
-0.131243302035632 0.347493211688044 -0.0562087988394422 0.0379997083788374
-0.0720595774627932 0.378808458766885 -0.032160052761729 -0.00621314184150583
-0.0716388250017243 0.374050160219092 -0.0141707710364381 -0.0703186216912703
-0.123289822400541 0.391368188790648 0.0302660002641148 -0.12653082391628
-0.242029047217799 0.354581180261573 0.0974844929475834 -0.12758655795498
-0.362005212288813 0.183439245196316 0.208327283138389 -0.0145098956211511
-0.393077412242808 -0.0416882117165587 0.150358254737417 0.119910507112742
-0.317467770024789 -0.234579357158846 0.022568707390499 0.188193832111799
-0.196855026747914 -0.335751426698239 -0.0655466844006703 0.0808844330773982
-0.092952283370875 -0.30520349740468 0.104772439525511 0.209770334211407
-0.107493942997674 -0.228705646175114 0.221924484396941 -0.117160115286578
-0.148221281620073 -0.204141519323617 -0.0809860381189042 -0.171833830918914
-0.272061974874424 -0.0744601581407779 -0.191138533826481 -0.0469282103992674
-0.280539589185564 0.129334267398718 -0.180601525449608 0.0960750453890196
-0.183813364376806 0.261706331642992 -0.118575305772828 0.145740889612278
-0.0936994886984839 0.313367422396856 -0.0901241269667404 0.169075833279811
-0.0522534884943849 0.358397972478153 -0.0517408182237151 0.139537939072235
-0.0662308362375822 0.378104879992 -0.0255716763505815 0.0737131831368616
-0.136828957613396 0.405684058176 0.0203202662079826 0.00101933092484662
-0.282463891212079 0.365256993818664 0.0799773039812762 -0.0171796922809954
-0.418152563126056 0.172347795440117 0.184815984689683 0.0627769545393082
-0.422404411312347 -0.0752151412978842 0.145722836537514 0.173608371301176
-0.334440364321704 -0.238194791895317 0.0381399676615197 0.253569069221758
-0.219617632459376 -0.319619403538319 -0.0269827645412806 0.197991074345717
-0.083480852652592 -0.177541992541056 0.124132788257994 0.264045896350977
-0.0428178426526279 -0.109184072315305 0.152078005562665 -0.0907168571798832
-0.0541951477295443 -0.118174817653976 -0.10281406596287 -0.101299922713578
-0.156115534423693 -0.0434757696940569 -0.179477621361895 0.00162789093139679
-0.163877523145277 0.0985373237225622 -0.169419821866369 0.127533175219437
-0.100160385743047 0.189713442288305 -0.128199719030319 0.201365147735322
-0.0431817278756495 0.236466499392832 -0.0989745420211127 0.268971831781081
-0.0236139691707549 0.284405330030928 -0.062973164884839 0.265814747247737
-0.0514489775963376 0.314600544124784 -0.0437124210352686 0.209424616100609
-0.1341798157653 0.335576982335813 -0.00840430496593371 0.130436022411774
-0.274364667847451 0.284380161914106 0.0351963204328713 0.0992385486965538
-0.378636127381451 0.0970208473007366 0.121064444539712 0.137969440334466
-0.339726753760919 -0.108693524053938 0.116572140043862 0.216048871804609
-0.267617699275106 -0.198413397447649 0.0424675950409901 0.307695064946971
-0.199950531847191 -0.248040752727857 0.00417944636990842 0.308257231298082
-0.0618458021940838 -0.0509540468354443 0.132799715012154 0.26919129304714
0.00545920586686389 -0.0217441770220569 0.0797958872082694 -0.0771171681127977
-0.000412071719488748 -0.0609940716682236 -0.110861704692638 -0.0486965313055593
-0.0764213058821921 -0.0195243396116122 -0.157083041652256 0.0336073143894022
-0.0708699649848392 0.0615543696049614 -0.141447527606042 0.14268431480782
-0.030150904976522 0.10760733154115 -0.114643450829129 0.229946447090026
0.00435488439020231 0.136843858206291 -0.0902182336602887 0.331358845167088
0.00709496198538077 0.166885149040386 -0.0652098697069034 0.35119161777067
-0.0234481734967107 0.191990051882465 -0.066513884408183 0.307603544692784
-0.0917908130874822 0.20406781688118 -0.0512871380662812 0.223867231880159
-0.190636381621892 0.153351617726097 -0.0264336448733815 0.178028638532917
-0.240234775803131 0.0139281442567715 0.0393446451320481 0.178531499511578
-0.171645251924714 -0.0973452915017442 0.0743117183056036 0.238576082164186
-0.149532511584566 -0.100683538573309 0.0235659440181279 0.34593302773386
-0.146010461105422 -0.12141405566884 0.0122642892054044 0.3880614043156
0.0612887052216838 -0.0401201092900043 -0.027720750765766 -0.389798962638287
-0.00145005938748458 -0.0324228061966359 -0.0140065023195558 -0.357833005857338
-0.00719083257436452 0.012185333131567 -0.0708493263595776 -0.245954240725212
0.0373013261510692 0.00983601579898485 -0.00641804500963767 -0.136471024612124
0.0236760677429619 -0.0330943698509825 0.0566461956918672 -0.158840042829678
-0.00586681797120087 -0.0446114604221993 0.0867194337493646 -0.223052816753523
-0.0306210701892817 -0.0365925133170642 0.0891895050136999 -0.303152950435123
-0.035775123807314 -0.017740152803053 0.0678434371958939 -0.352268871031935
-0.0369447584481649 -0.0151706837414401 0.0611365130390971 -0.325387943674931
-0.0255971243822676 -0.0218052200146493 0.081186450064329 -0.243535741213847
0.00863212649754551 -0.0257664272993826 0.102798831119101 -0.15971368799383
0.0297419473178173 0.00448867249146515 0.128536496398947 -0.0573250921461052
-0.0312250272696649 0.0330275227303897 0.0991128553309802 0.014844859703785
-0.0439090818630022 -0.028723970504319 0.0281792346454229 0.0521722586844691
0.0218519265239749 -0.0822592486234918 -0.0757234101283059 -0.170791054772571
0.015440782930455 -0.198150689059951 -0.0194682654362681 -0.336256225034486
-0.0871060446757889 -0.183648135932447 0.0516252142998695 -0.354850479423686
-0.144083858918432 -0.115803638812397 -0.0521492746278677 -0.252376985616178
-0.149511360768089 -0.0207619875693257 0.00525631432128174 -0.127599520916793
-0.146493937726383 0.040883530404474 0.0641557812162021 -0.134046655651093
-0.110594142108633 0.0864515981414992 0.0984366850643706 -0.203348403294486
-0.0798843014239055 0.110242389977743 0.0794816942565219 -0.282980277177802
-0.0606032850547824 0.120051348801148 0.0496464657193707 -0.32938855906222
-0.0615831908487055 0.0968350332697899 0.032618787844502 -0.31385922215672
-0.0624607699203504 0.0742566995254436 0.0570410677029234 -0.253284692314596
-0.0473014376723527 0.0388584038941957 0.0916157211885544 -0.178878739168083
-0.0339377368063944 0.0107071895236254 0.138020760423523 -0.0665495957648936
-0.0694955054741647 -0.000299843221492092 0.103316949921317 0.0150282900996487
-0.0748226390181181 -0.0870267684093806 0.0274784023823171 0.0490390949160543
-0.0144626996773659 -0.166937256381682 -0.0851523712741551 -0.146049559538522
-0.023712992542123 -0.327602949011091 0.00339024891790118 -0.220493545629096
-0.146394772201749 -0.310985909128638 0.131177013517735 -0.314407552155686
-0.240993122403167 -0.240680945669017 -0.0406821703601677 -0.261007816324547
-0.309145967527461 -0.0716678614516126 -0.0308456786072376 -0.123950134209796
-0.299623093299295 0.0901425636524486 0.0175999027109269 -0.0853495599540601
-0.207026694053754 0.196964443570456 0.0644762458446024 -0.138492125040411
-0.121606910765963 0.233632167884115 0.0438117184372639 -0.208685927312978
-0.0766307555563953 0.241049800564582 0.0245956178027968 -0.255565049140181
-0.0726160573132804 0.206043455780986 0.00994763507534079 -0.269221566299338
-0.0875331252227147 0.184191535631969 0.0395479255367669 -0.248434099783323
-0.108724819910371 0.135042657114099 0.0904916339461274 -0.195174571774926
-0.126803967733574 0.0515040890152382 0.161504569150738 -0.0731311707125454
-0.152907663948079 -0.023364310821375 0.113066996751787 0.0315127173288905
-0.137508804517104 -0.146247098893793 0.0169516073652079 0.0687626531134291
-0.06674499214305 -0.240055803715504 -0.0937343971682404 -0.0982042513764454
-0.055053865805533 -0.394298072948546 0.0365858047988958 -0.0648121592522435
-0.168146339815735 -0.367694624058549 0.200000863507585 -0.2417080307755
-0.276094034998397 -0.304228014300473 -0.0397960722229557 -0.253939181812079
-0.392148824555784 -0.10421974440974 -0.0949591214702942 -0.117318386582262
-0.382760865882782 0.122843186454376 -0.0645668676474399 -0.0258483825246746
-0.256123800661601 0.266978369644872 -0.00239995699800668 -0.0437377943826433
-0.140704501737238 0.311271623471801 -0.00670386665726933 -0.0928070882293451
-0.0802604376083534 0.325446287715442 -0.00411757981546224 -0.140579295530944
-0.0749498770246578 0.299248111540529 -0.00471935790192078 -0.184062539154444
-0.105551527251361 0.295170991266061 0.0301367345562038 -0.207090399239821
-0.17169146812834 0.250079898766849 0.0913465360121679 -0.183720386552851
-0.242236797812942 0.120480937992977 0.186625134065033 -0.0627841379560139
-0.271628381366928 -0.0340753052777851 0.12960221270772 0.0632000703099609
-0.225083428194937 -0.197466808389969 0.0135945232018302 0.113425669765881
-0.127546723330198 -0.29808917880577 -0.0879608557294677 -0.0224217854906399
-0.0749817915588062 -0.376003781057711 0.0717043106025145 0.0876410495217627
-0.149468893983837 -0.328171117588634 0.227104103850271 -0.166686766348566
-0.233732045353894 -0.283801658528226 -0.0530595070294362 -0.216582970746216
-0.366346315242661 -0.100041618015444 -0.152233840050765 -0.0912022987927973
-0.363420115065698 0.135582447699373 -0.13967682268329 0.0374570912001096
-0.241784175801763 0.284238459334197 -0.0722174599228006 0.0566261591344432
-0.128546912050095 0.332554368833346 -0.0553439134266436 0.0400752224523077
-0.0724515225978605 0.361704575076107 -0.030313103752519 -0.0028551236650534
-0.0715910326536049 0.358739908667952 -0.0149719081321389 -0.0645697832167066
-0.120380563778873 0.376280241765967 0.026013014381272 -0.120596630938146
-0.232574767434947 0.337829681803591 0.0903190922653043 -0.121172317576071
-0.350095756385571 0.174893733372897 0.197667533197412 -0.0189301411246929
-0.378592650336582 -0.0469920733520082 0.142844362749905 0.110107456630088
-0.299465620963838 -0.231462496610245 0.0234295028585599 0.17467041863574
-0.177551697899858 -0.325569912106801 -0.0638466074647808 0.0778954530376963
-0.0800409288320003 -0.287650583601351 0.0992278744928359 0.196679899764492
-0.093379731881535 -0.222656665620142 0.198807068797348 -0.11367518177745
-0.139865743742469 -0.20243904528068 -0.0772273009038555 -0.154590147595677
-0.26275329158538 -0.0722468621926687 -0.176708821829251 -0.044341236594679
-0.267429864814067 0.123669583885209 -0.172511206618884 0.0886970692109944
-0.174585470863172 0.247957903264438 -0.115978419702063 0.14009975498227
-0.0901931647424202 0.297318419249103 -0.0877333227823815 0.163332017000363
-0.0520095356235398 0.340115306353227 -0.0500726637979997 0.136935321714525
-0.0658316478650173 0.361015247486878 -0.0262937262402539 0.0731275235915998
-0.132273386687237 0.389501579361968 0.0158306233656526 0.00162543693317895
-0.272743647260437 0.349071547490138 0.0741878930463282 -0.0155751974101069
-0.403714448311663 0.165872810814859 0.176755689257655 0.0562802338442196
-0.407325500945791 -0.0795595630223371 0.138016191038126 0.162575676002571
-0.312795127099472 -0.236756780920997 0.0378424112115226 0.238464423741239
-0.198527296671385 -0.310191980575515 -0.0300441566332634 0.191994488043491
-0.0719341309255482 -0.166183238680866 0.116489426654452 0.250071159370836
-0.0330757516647475 -0.108765387160178 0.133470502274105 -0.0844432016286844
-0.0516198504471917 -0.118897963051811 -0.0980417910349855 -0.0877099767876246
-0.150677401514099 -0.0393619497889114 -0.166722030707363 0.00277935997007648
-0.153832558815586 0.0958114703352658 -0.160405857288524 0.119640907584891
-0.0943622798647186 0.179105614955588 -0.12318599766313 0.191816691484149
-0.0413086813409917 0.223429134846778 -0.0953661749193266 0.258065508206017
-0.0237385271096274 0.268595451526659 -0.0608325555229333 0.25566374161059
-0.0513768390925516 0.299196954520749 -0.0442706593240063 0.202313777792211
-0.128779526775998 0.322122494926392 -0.0121584766954311 0.125493856616839
-0.262185745340762 0.273401869043678 0.0320223083969958 0.0955801676123622
-0.368355084244484 0.0936544058435219 0.115002209358638 0.129637574324016
-0.330052800622925 -0.11221314527374 0.109377233076318 0.203240568025062
-0.251438603755742 -0.198537119530283 0.0414069159134457 0.291797780081668
-0.179453987003362 -0.238388208543841 -0.0030988136207157 0.300013173990815
-0.0527050842851185 -0.046274256551308 0.123720078861686 0.256522129580374
0.00988924010439269 -0.0261185821714908 0.0665970291593711 -0.0680663383931908
-0.00283063343362187 -0.0620408612892219 -0.104986960684019 -0.0403990652039889
-0.0737691372108181 -0.0150799733748791 -0.146169214970371 0.0335528792848409
-0.0646074966502815 0.0602037498917036 -0.133079543075715 0.135847072835726
-0.0260712853222333 0.100571738591749 -0.109726328560044 0.219371087309417
0.00538849165789796 0.12741607343436 -0.0861003275951216 0.317116602804402
0.00682498461401137 0.154738712689442 -0.0645685337653093 0.337053877917742
-0.0218254325724567 0.181459530026696 -0.0671369530761668 0.295383489322164
-0.087086858115521 0.193489025143051 -0.0528263130827939 0.213229722712353
-0.18137366686956 0.148030588881957 -0.0262974129313233 0.170329555487822
-0.233842415536329 0.0159169251864642 0.0360997649688425 0.170369357021529
-0.167563150148051 -0.100660141088949 0.068532798903784 0.225063767516932
-0.137197775963658 -0.102904683385611 0.0237766834244359 0.331192856403229
-0.130368182985006 -0.114722097956914 0.00414798349303436 0.377810764052419
0.0613478418829714 -0.0321055447175594 0.0372384946807881 -0.389844985632131
9.98251944980806E-05 -0.0264966383656755 0.0362719120916672 -0.361080562588842
-0.00690610845260751 0.0155648163667834 -0.034529368745117 -0.249346189491107
0.0381925441590966 0.0131518658777869 0.0137462623176346 -0.133465119149448
0.0272590829191032 -0.0296897678065427 0.0775495384150212 -0.143726166009942
-0.00291234607634567 -0.0437303131411324 0.123191363725427 -0.203542468711292
-0.0277800609657487 -0.0394056545858035 0.13534170795799 -0.283809938989998
-0.0333242350584867 -0.0209668554850772 0.126555796625152 -0.332830368410427
-0.0364586729037231 -0.0192869216896427 0.113952778024262 -0.308238086513843
-0.0249458207592126 -0.024335453812165 0.11712009716269 -0.223219918819105
0.0082469947659135 -0.0276686318894776 0.123675996399224 -0.138437978890153
0.0287595627682729 0.00259890156530599 0.133294831128166 -0.0393888940121689
-0.0291980989377218 0.0283491286070585 0.0952054354201822 0.0267410696089687
-0.0379822680828267 -0.0314213854089238 0.0271612082278799 0.0531608871061804
0.0265090317822113 -0.0784581229093942 -0.0381725904835991 -0.183907673061768
0.042165069828244 -0.193253071168218 0.0508890386869413 -0.331982293816338
-0.0574691820714565 -0.18993432917649 0.107345298324335 -0.349819907486138
-0.120159377650756 -0.132532149253026 -0.00494643411459095 -0.253413183622515
-0.138913066731053 -0.0473722809358132 0.0329216468795097 -0.126967212768144
-0.14904691097336 0.0111679254099985 0.0874732305596431 -0.125389612645931
-0.126833101501362 0.0662330683691021 0.129439287238235 -0.188878913876121
-0.100919005881451 0.0958711331289671 0.123072444341193 -0.266696333384575
-0.0812644428223067 0.109567731865333 0.104045731761282 -0.312611928522576
-0.0791462231267449 0.0847470762084944 0.0842693140492658 -0.300483073191772
-0.0758405430542412 0.0620834670060758 0.0960253488615265 -0.235710380757959
-0.0558387301779031 0.0257580922727611 0.116724499555163 -0.159046526716026
-0.0345351447639714 -0.00224265080568497 0.144636009850243 -0.046635148376214
-0.0608402936580684 -0.0126626296938993 0.0990610411729942 0.02781330654971
-0.0558697397443933 -0.0945539781794149 0.0243603070685776 0.0497135058900181
0.0104072170159178 -0.166757092497343 -0.0547853538908174 -0.159474533774984
0.0252041572377545 -0.32455316373506 0.0651966630223736 -0.21043884779898
-0.0906980893171036 -0.326718460367602 0.183867017209008 -0.296220548370039
-0.194914469216212 -0.271893333818683 0.016778672332694 -0.258986819083549
-0.285501327513094 -0.124970204838442 0.00566154342364019 -0.129360106809019
-0.30579560526991 0.0318667320727315 0.0404741570546245 -0.0908129439619791
-0.237741891537845 0.156517629234157 0.0851409556793797 -0.137246181180537
-0.162204448652271 0.21024554440544 0.0775332071983379 -0.199117372186555
-0.117127993121722 0.224387780311268 0.0660274287222999 -0.243202328674579
-0.108787551721998 0.188183086695427 0.0548229500185252 -0.258693798124931
-0.118026031162502 0.163603406213405 0.0798236870030902 -0.233725906075838
-0.129542001725125 0.107831924008325 0.120157876902456 -0.175480560680858
-0.133369784741917 0.0222153304079976 0.171247880057258 -0.0494999770656363
-0.138957375679951 -0.0510447496620468 0.107130664998836 0.0466255405228818
-0.104518708287828 -0.165586279933465 0.00835647658291744 0.0689714065524993
-0.0228048064522933 -0.247032053583234 -0.0735318865543279 -0.112304069060284
0.00775514381446389 -0.390240081740422 0.0786794303066931 -0.0506493823575072
-0.100132952271669 -0.384776173494939 0.241445919785016 -0.213475565685719
-0.217355936338455 -0.343389232269745 0.0198723932645549 -0.250147954309373
-0.362713299728342 -0.170566708573021 -0.0525895576638054 -0.132243084226993
-0.392928986095013 0.0500601091806567 -0.0446813605883531 -0.046773551944555
-0.295643118098818 0.21772084419442 0.00381072803796563 -0.0592200457729506
-0.192602436346229 0.283080701143533 0.0108521670026476 -0.0939048948138043
-0.135385338891161 0.30585740726846 0.0187154254434915 -0.134727201070909
-0.125397355361183 0.278365173580241 0.026137364969242 -0.177982600922645
-0.15190098936446 0.267928144471688 0.0653378222713806 -0.194505530023484
-0.208926517836773 0.209039243894572 0.121407020124761 -0.163531314732897
-0.257500181007584 0.0704086362065064 0.196660070240097 -0.0352821267249794
-0.253926597157219 -0.0819034746587214 0.117972099384472 0.082947933279583
-0.179887294789569 -0.233099182254043 -0.00438426789315033 0.115200301585755
-0.0665241808211889 -0.313168353377818 -0.0835544528096114 -0.0341726143869532
-0.0135699191618795 -0.374544502529219 0.088022229356389 0.101802820111784
-0.0848064452498153 -0.344132069805765 0.253564929312974 -0.132801129106628
-0.179255388617343 -0.319057547562328 -0.00136825560765734 -0.212918580080952
-0.340864343128946 -0.161622581303078 -0.114227990118909 -0.113729817282389
-0.37471859506642 0.0660495637889875 -0.127868580199576 0.00375365238901538
-0.280244779568936 0.235420721297648 -0.0821429922388189 0.0298233792063905
-0.183472745889338 0.305332156946099 -0.057356988683748 0.0290360498154702
-0.132001408829516 0.340622747246736 -0.0303452125671066 -0.00400584543657747
-0.131084028774433 0.335303457818568 -0.0026255571069024 -0.0613352739637189
-0.178680730293382 0.343844971427528 0.0485051811144614 -0.110739590244003
-0.280876484056151 0.286343898559879 0.112223013287657 -0.101897897836912
-0.372053200372232 0.107844640640335 0.203564957908385 0.00916171007274768
-0.356613161717403 -0.114324519437922 0.123572610205088 0.133699289045782
-0.244545182368778 -0.280786137094058 -0.00613575318587147 0.180414137366067
-0.106251003977759 -0.348832868583719 -0.0798477847939981 0.0719661086158045
-0.030853138348801 -0.287249028332622 0.0917070780379469 0.210182722671567
-0.0473988285877277 -0.233276939276869 0.211291243262924 -0.0815585821477122
-0.10170280891015 -0.225707198297023 -0.0395469349394675 -0.153429507576243
-0.243955749844954 -0.114840188598375 -0.148826909637487 -0.0696996219826394
-0.27887275534385 0.0734287270138753 -0.170484661605893 0.0511684123490637
-0.208203959498122 0.210695898127373 -0.137715465330375 0.106746722068865
-0.138655441919671 0.276960767674305 -0.106911510004448 0.144794224269927
-0.107828124401673 0.324108438840991 -0.0722982639774972 0.128805060338414
-0.124024671114376 0.338818027950404 -0.0369924006445182 0.0714953701688212
-0.19222732692 0.354836791451657 0.0192622953600685 0.00674729414936115
-0.318698867730978 0.292518768111035 0.0801974113521532 9.46253449771838E-05
-0.423740373467051 0.0901352744688441 0.171251426953363 0.0815665259435088
-0.380792810658089 -0.151088417356364 0.109349202549672 0.185369886065768
-0.25498961833976 -0.289353878388995 -0.00306894499456049 0.247496465193969
-0.126156109170749 -0.335983174419686 -0.0684675075077593 0.193422967721842
-0.0404507947856907 -0.16834211886671 0.0908450621804865 0.261276477572912
-0.00725161715591747 -0.114708184945909 0.137142930344391 -0.0598743609314149
-0.0314206025925646 -0.130214782130131 -0.075857865055005 -0.0902093430132834
-0.141355546807093 -0.0622890016142925 -0.151292004453443 -0.0195633769886031
-0.163317305470245 0.0659663458751668 -0.167002588376689 0.0868369913195808
-0.116221676335563 0.156785959556158 -0.1528190150624 0.160805963957098
-0.0758622903455665 0.211073880753789 -0.129196965932836 0.2371851686127
-0.0681696416382867 0.257458367464868 -0.102408469495783 0.242325742186758
-0.0974648196328932 0.28110752057171 -0.0768103104355839 0.194397766619221
-0.175414445889776 0.291043758777364 -0.0304145727143223 0.12323601425506
-0.296954892325579 0.221533217240582 0.0198261558538374 0.1019309390757
-0.375187966049356 0.0285221010506916 0.0978083769457419 0.147104315499872
-0.300589999025284 -0.169880825180665 0.0730883851494701 0.220570038420496
-0.198692820203939 -0.241138301431588 -0.00897894961796133 0.300376571676177
-0.118391570910952 -0.261611549540725 -0.0617056127905313 0.305571563034619
-0.039107885794736 -0.0497830189170496 0.0864069080766336 0.266024044818722
0.0197008907289653 -0.0285999554835915 0.065678298764795 -0.050617650042445
0.00495895272431331 -0.0650900997501561 -0.0934490013886519 -0.0451747178444439
-0.0703841893525894 -0.0240280055087701 -0.139979467040447 0.0146837230486092
-0.0706034995450562 0.0478407916546277 -0.144270579619615 0.108831089893191
-0.0363949722907807 0.0916741446001559 -0.142610220352938 0.193842406388019
-0.0134435848289094 0.123677094327182 -0.127582636756579 0.297040579336996
-0.0180249252207526 0.150353685081191 -0.118579231524762 0.321031688962949
-0.0494569102453545 0.171879528503181 -0.115668107468688 0.280956409990075
-0.112904201808676 0.174399814423851 -0.0867783932769321 0.201404045334119
-0.196845465284896 0.11622907423364 -0.0515019737865599 0.164939675518889
-0.231570116565364 -0.0228007973131003 0.0107060304673411 0.174989460509529
-0.144743814758077 -0.13079072652046 0.0270713619556583 0.232084385451238
-0.10352221394026 -0.126515022036607 -0.0324568875333059 0.33295127257324
-0.092918970049002 -0.128487997475301 -0.0695440838939481 0.384559735306551
0.0581911987036282 -0.0355384611031686 0.0497953488960794 -0.406802220885005
-0.00392497670888791 -0.0229236084805933 0.0342369323234937 -0.375632207219857
-0.00468075247467309 0.0204248973923081 -0.0340142714232439 -0.250865121027523
0.0415949667064998 0.0106782851761972 0.0169307787643922 -0.137663773897128
0.0264872964345853 -0.0318923244135411 0.0798198426170153 -0.145065568101396
-0.00592798658121071 -0.0438237679192955 0.127677368125467 -0.204145060797517
-0.0305971338059013 -0.037310234161203 0.144562861057836 -0.287822350032021
-0.0343642264758657 -0.0176794047253931 0.134947659886725 -0.341674694809076
-0.0377350575844418 -0.0158358894532084 0.11867752574893 -0.313460144308276
-0.0280494187743976 -0.0223236151078494 0.119842233212665 -0.226182845152092
0.00455645796725478 -0.0303655827578415 0.123889462624362 -0.13998543008901
0.0299606550572776 -0.00228404696968884 0.133378763491166 -0.0423156825953008
-0.0251998724149564 0.0316734483087865 0.0974371580038381 0.0229963700763177
-0.0404019235953908 -0.028254238111941 0.0364743861418573 0.0490044560009302
0.0211286241498797 -0.082637007937713 -0.0313631197882142 -0.189946596353292
0.0436891755279309 -0.200331852306199 0.0634782313938299 -0.347180989277014
-0.0585139656242656 -0.193041542115665 0.10426242690685 -0.364405741021656
-0.120943742760549 -0.134621713149335 -0.00359748218433772 -0.251726436371907
-0.140177406001697 -0.0523447212824221 0.038604834710311 -0.131365310888684
-0.154615726255311 0.00822441606606851 0.089204180704635 -0.128205333603942
-0.134197061045705 0.0670811329546869 0.133288399238491 -0.189765853931296
-0.106482405133055 0.100715514972336 0.130350045385174 -0.268232349310282
-0.0848849780878591 0.11517765966301 0.111617107041863 -0.31881829519034
-0.0838252743458759 0.0900622357472426 0.0890340199803705 -0.304672826195037
-0.0798955769993259 0.0655806239269211 0.0975284259982623 -0.23877622895728
-0.0602918151907988 0.0241714041774815 0.117306036194888 -0.160782053439101
-0.0352698742516594 -0.00693414222615393 0.145000176231618 -0.0514136209399223
-0.0572660913356276 -0.0138343622085032 0.101355526407729 0.023211617716326
-0.0561992109563956 -0.0956141359262861 0.0306560966416528 0.0447374501300333
0.00974494693986822 -0.172673408869695 -0.0496204247205208 -0.165736014312556
0.0306990947494963 -0.332293084265576 0.075922672487949 -0.221296495595937
-0.0881827979604971 -0.334676301967822 0.178970779662921 -0.310360422100459
-0.194579002062357 -0.282315059909974 0.0165202492257476 -0.256069310810787
-0.291353040644251 -0.132681130740695 0.011128517207399 -0.134344666734228
-0.315804935792814 0.0290755326870828 0.0410291847160572 -0.0938061098652695
-0.247961344803078 0.158094245222687 0.0856852678913323 -0.137338056250085
-0.170504125369144 0.216279252178054 0.0807727348336571 -0.199066252704535
-0.123225645482246 0.231165240975457 0.0711024670191509 -0.24683827655758
-0.114278586553324 0.195666738572771 0.0572491463990416 -0.261872638515269
-0.122947481979741 0.168809794261761 0.0795171237899291 -0.236372359189456
-0.134645360142104 0.108350203776656 0.119936876305353 -0.177842051041274
-0.136746329861624 0.017676704780512 0.172080792063932 -0.054730567961943
-0.138386769894311 -0.055732470461404 0.109195784910114 0.0427515422807958
-0.103954633980429 -0.17055636953637 0.0122010577283949 0.0637017761124788
-0.0195240383476884 -0.256405159070673 -0.0711510173405983 -0.11561617320252
0.0149824108923171 -0.398112915795527 0.0863034743622379 -0.0564422150135676
-0.0944438214621529 -0.39594323895008 0.235632851513536 -0.224432455738569
-0.218963982982001 -0.359046076594019 0.020728830005113 -0.245493683601057
-0.370954546358266 -0.180430393880433 -0.0486738645524739 -0.135957818647233
-0.403562163568541 0.0479908149663184 -0.0459886602583873 -0.0504652296965133
-0.305432448810302 0.218686464043092 0.00108623457697901 -0.0587549512964666
-0.201075032466928 0.288926317038087 0.0105732593303018 -0.092006478051685
-0.141936226327935 0.313265946888108 0.0212124613757627 -0.135034872709965
-0.132490238933559 0.286197753442608 0.027229911284672 -0.179108656022683
-0.158210649715649 0.275323083362693 0.0645966746843951 -0.197422842202079
-0.215343093543168 0.212507818588284 0.121972866565104 -0.165872601259327
-0.265247378093107 0.0686506837403601 0.199278656934422 -0.0408003000374443
-0.259083491073359 -0.0908288520759086 0.12025065631439 0.0798215698660445
-0.178673208343488 -0.243841662537808 -0.00219885519100422 0.111179763883814
-0.0607056114382032 -0.324636294437096 -0.0849800680487883 -0.0349111146739679
-0.00405469240334832 -0.37912174903595 0.0922458712285781 0.100473225235172
-0.0752013824203687 -0.355531255893747 0.246136857424041 -0.138999642288435
-0.179353333305844 -0.334267963528416 2.46527245207692E-05 -0.206430512006298
-0.349105272667547 -0.169252055013129 -0.111896950001205 -0.116840695449245
-0.384395470258733 0.0663388449459423 -0.1315820026696 0.000244358824407602
-0.289701279483258 0.238022328130877 -0.0868637586539844 0.0305289820751695
-0.190842694181873 0.310929610194696 -0.0605835889390372 0.0331224034021099
-0.1397687049678 0.347827952016676 -0.0305818410395522 -0.00171818191593375
-0.137789342827405 0.34366636716143 -0.0037071211420181 -0.0597485864256786
-0.186371316655669 0.351821839812549 0.0468591173687811 -0.112114307145606
-0.289232140969017 0.292022353876895 0.11282054903901 -0.102927803918869
-0.383949065562294 0.106704461177238 0.206403302841046 0.00612164769826214
-0.366233403512609 -0.125574865853331 0.124829424815669 0.131615831241192
-0.243837642515289 -0.296355398577293 -0.00587599999466336 0.179478532903642
-0.0978666959729687 -0.361553451953131 -0.0843601490862756 0.0751848905836506
-0.0219566282811874 -0.289415288737709 0.0922629058384684 0.212097581121274
-0.0378049499639383 -0.242501289826191 0.201988208777267 -0.0831861222231037
-0.100827776383057 -0.239423036226037 -0.0398152969452715 -0.146451922771184
-0.251465048497269 -0.119248788952295 -0.14769990288646 -0.0709783779582518
-0.284615935952265 0.0751552407488062 -0.17376866308964 0.0490918483521184
-0.212657483731099 0.212779294608629 -0.143198871059557 0.109283079744426
-0.143204918888296 0.280866160901737 -0.111222402552905 0.150747322085163
-0.115173047480333 0.328717768162284 -0.0744532501643943 0.133602642774917
-0.130972571600842 0.345000087337071 -0.0395620799209399 0.0754340981058408
-0.198457929858643 0.362425037021683 0.0160873911354541 0.00775629054216304
-0.329692008132144 0.297737615658624 0.0804941141718052 6.60934753415775E-05
-0.437522719714486 0.0902575553688114 0.174080235218762 0.0808508808157153
-0.393016417126889 -0.16407297612575 0.109705232856209 0.185376426879148
-0.253885265997495 -0.306376902346934 -0.00378232631324174 0.249362440788314
-0.115499159195467 -0.34730155336248 -0.0759304269937036 0.200832321757462
-0.0320536249947719 -0.16738102644553 0.0879475837639337 0.264371523216248
0.00130329202335318 -0.122698246180259 0.127505507118748 -0.0575647281656638
-0.0318656284651814 -0.139728271348325 -0.0769922563370068 -0.0830651917046498
-0.146214407474292 -0.0622970903577888 -0.150373145136992 -0.0197253710049365
-0.164738242513039 0.0686919477930283 -0.169952246026728 0.0863828363609649
-0.11791178146813 0.158007889801801 -0.157184591829279 0.163267718951376
-0.0783783775866707 0.212440776245915 -0.133455436842977 0.242618954949705
-0.0728239517053428 0.258851041159084 -0.107444046659601 0.249248180556539
-0.10252285688288 0.285390228605046 -0.0824782545002018 0.200010214323454
-0.18024337313371 0.297134903571857 -0.0348984056232856 0.126188609481118
-0.304079016094307 0.226083047829649 0.0187030922386395 0.104448751362017
-0.388273104174814 0.0286477486089277 0.0982480626961817 0.148467556355657
-0.310944045989662 -0.183911479036062 0.0717695981083125 0.222187454976703
-0.195620506346497 -0.25530328719553 -0.0102844189253514 0.305955513302936
-0.108591660964934 -0.269159149926589 -0.0710373317939418 0.317825125894138
-0.0327444382081716 -0.0482640785253256 0.08369314211569 0.271070913642197
0.0253990011948133 -0.0355949180123631 0.0568408496191126 -0.046559168781238
0.00329824792729795 -0.0714798045353269 -0.0953583922369614 -0.0383823329734448
-0.0733288241346647 -0.0212448353960858 -0.138999548084958 0.0172885266021852
-0.0694321975603268 0.0511853168176855 -0.145035638638088 0.109368317512618
-0.0356493316778206 0.0912241257103704 -0.145732761591057 0.197399708301456
-0.013231257708123 0.122705844812501 -0.131556071066746 0.303257209901687
-0.0200145320577778 0.149304962415474 -0.124217554942938 0.328355051833535
-0.0510183968046051 0.172569408577482 -0.122177458839132 0.28733859681818
-0.114528753809229 0.177917144757156 -0.0938970978390004 0.20541111725058
-0.200756238430858 0.120686614321784 -0.054327662340005 0.168365654494154
-0.240727167348524 -0.022221625819881 0.00911411382080753 0.178451230615742
-0.15161657663254 -0.142927871606805 0.0239230794762355 0.234803434106603
-0.099381969353433 -0.135185738935786 -0.0352815891578643 0.339955455459211
-0.0844353985731006 -0.130714557583274 -0.080228826860065 0.399169061922049
0.0545098983732767 -0.0416704399386198 0.0472746756889796 -0.430128381183071
-0.00837687008340293 -0.0188202535326227 0.0175997038719495 -0.39339506296417
-0.00197258542143681 0.0257657859194761 -0.0422303863708907 -0.253439731096466
0.0458135143521264 0.00759563962890652 0.0157636327455734 -0.143204095950018
0.0243882263860433 -0.0361797791779649 0.0775041303541932 -0.149782494833932
-0.0108947687639727 -0.0437787056958807 0.126906120311452 -0.211802309461579
-0.0339716894619744 -0.0347766994957569 0.144614972384845 -0.299944341818561
-0.0354304352852364 -0.0134326322865135 0.132021790869026 -0.35759188385423
-0.0397872906033021 -0.0101801074449137 0.113666348871053 -0.326276950234951
-0.0324464957927904 -0.0191037493956445 0.115902779949885 -0.235478257180626
-0.000695352354842893 -0.0325200458242268 0.120168194788471 -0.147322883567081
0.030653976679047 -0.00784022051207143 0.131960233280908 -0.0511775575723783
-0.0200520744413984 0.0348344187272149 0.100926666880684 0.0159081405649544
-0.0438646365782456 -0.0239186209217858 0.0462854597623113 0.0423226531588719
0.0135410849839614 -0.0877329307571544 -0.0323012264076662 -0.197263866693048
0.0384738815859543 -0.211279385780464 0.0639205573016002 -0.368167598675918
-0.0669668158627407 -0.195323934818532 0.0873321975416369 -0.385387110221922
-0.126589455490104 -0.134431895714398 -0.0105793424199613 -0.253529080307384
-0.144695721454474 -0.0527468879634415 0.0386228853668862 -0.138482347544131
-0.161439736098053 0.0107329133643167 0.087084846086683 -0.134179911044451
-0.140714769675766 0.0736415143842516 0.131404015859439 -0.196349037888369
-0.108872708288845 0.110237050068161 0.128913214805617 -0.277299710419551
-0.0846831703394156 0.125237623303372 0.108081016083066 -0.3321948779225
-0.0845404479093713 0.100731148777383 0.0822148860953209 -0.315294423194625
-0.0821836598617782 0.0728952549066308 0.0904109107951313 -0.247530217020893
-0.0646980910832511 0.0255473969863359 0.11173083010689 -0.168096108727291
-0.0370670302232028 -0.0112923314409923 0.144307798030165 -0.0617556462147613
-0.0545780617562226 -0.0140528422230563 0.104820693497841 0.0152524348959751
-0.0597201744818991 -0.0950878599913135 0.0391494321649913 0.0379835874547349
0.00118823173036793 -0.180525653925716 -0.0508469777841723 -0.171024808597599
0.0246419237576967 -0.345352395080704 0.078718471216182 -0.236878898003444
-0.0982621896404022 -0.342711406406542 0.163629534535193 -0.331208100541581
-0.207438058669671 -0.287070196876869 0.0094385862169111 -0.256036389816324
-0.304069306811738 -0.13159589381211 0.0106989693356223 -0.139766770125221
-0.326942820029228 0.0376311940499029 0.0387617728955389 -0.0990869359188905
-0.254883791806001 0.170143856389961 0.0827618305032792 -0.142050764386155
-0.171658261942815 0.231303103004474 0.0790605257833671 -0.203046470174428
-0.120921017228194 0.24523875437418 0.0685045970500539 -0.254917245390553
-0.114023291301537 0.208447320609341 0.050918113493513 -0.269092374986382
-0.121976611451852 0.179661198909344 0.0722222838714612 -0.244538137864633
-0.137246963361437 0.115233951222269 0.1144687839972 -0.186206017984308
-0.140357711486562 0.0192392079848629 0.172300556502151 -0.0672489242719431
-0.140841600788993 -0.056775451139899 0.11294417789131 0.0345971662856064
-0.109469328693308 -0.174206687017352 0.0181424000693614 0.0585225040383107
-0.0264429497364171 -0.265681960998023 -0.0743574348027007 -0.117184077952883
0.0110006268966618 -0.409658753928691 0.0913233981955713 -0.0662439939787277
-0.10156664985106 -0.40531482310791 0.222102908009193 -0.24481663060342
-0.233013975328876 -0.36961895126737 0.0126920341409371 -0.243260038790848
-0.389041731121278 -0.178140926028191 -0.05100630257525 -0.139892487730969
-0.414971262958945 0.0591315576377399 -0.051125610764267 -0.0528173281661977
-0.312173722641765 0.233940933275092 -0.00272318488625902 -0.0576548561273575
-0.200732287336944 0.304824126053374 0.00784302904140896 -0.0896285374399553
-0.138325575391803 0.328686022684203 0.0191599638749945 -0.138014078581504
-0.129351257720774 0.301709873460726 0.0223849742667416 -0.181733470584794
-0.155253329643816 0.290438208926946 0.0566960120130649 -0.204610459264189
-0.217374756299531 0.225677701715344 0.11728780114811 -0.174078357512558
-0.272613481080112 0.0769106581773519 0.200566518399702 -0.053453351755467
-0.269256868386453 -0.0918433791781218 0.125194668899487 0.0726814125112623
-0.188656902121234 -0.250354210992666 0.00294241251851762 0.109212299839636
-0.0668343705537782 -0.337210830306836 -0.0878120319555698 -0.0318710459785596
-0.00731747075888846 -0.386678186331532 0.0995679978926853 0.0958667921434079
-0.0793301793013074 -0.365073875036854 0.234222042134744 -0.153980666447604
-0.192404179468793 -0.346927985770714 -0.00755519787706281 -0.201342794595108
-0.367237920311894 -0.165392694016536 -0.114064125038931 -0.11708766285966
-0.394687183423227 0.0799656877130432 -0.137111414985488 0.00146801368018123
-0.291340817918019 0.250806607586414 -0.0911957359434127 0.0363075788310647
-0.187675496185111 0.325199783239073 -0.0628044818558193 0.0402176084043803
-0.136588604353777 0.363403434748858 -0.0302987399181004 0.00219497536021755
-0.134025585781298 0.359685965126483 -0.0058353424659551 -0.0588851587228346
-0.181416439147412 0.370698996141436 0.0412178118124511 -0.115950378646199
-0.290890823301676 0.30993505339074 0.111383883831287 -0.110036471054476
-0.395193361039768 0.121775429374741 0.210225965833405 -0.00550698741748371
-0.384582119922959 -0.125404248503065 0.131254718032022 0.126830920163343
-0.257175353371379 -0.305685423725255 0.000166197806143796 0.180516494914006
-0.103252013983049 -0.374951332341159 -0.0864880093625223 0.0838246421911346
-0.0213310324549015 -0.292175652465712 0.100778584278553 0.212311365568965
-0.0373614286352045 -0.252400039140357 0.191676687156046 -0.0908554723364855
-0.110592119711659 -0.251550416661799 -0.0448609264280019 -0.138516741171924
-0.264813588105067 -0.114203810256678 -0.149958947905534 -0.068095669218902
-0.289317182792897 0.0863806461438698 -0.178417547839588 0.0536503879526656
-0.211811987982189 0.222865626947261 -0.146389075788658 0.11731112693729
-0.139327541933871 0.291628048020719 -0.111172952327549 0.161591792601344
-0.110967989224395 0.340815411835973 -0.0729507259683264 0.142711030052474
-0.125663020351506 0.35954143125335 -0.0405631587050483 0.0818778089364659
-0.193203779241238 0.380187756399915 0.0127304787059993 0.00815755019974206
-0.328756747049487 0.31861805595122 0.0814944628488585 -0.00208688040482464
-0.451627639946418 0.107757836246714 0.180355062714367 0.0737445588952755
-0.415053231136996 -0.165692901911803 0.117008500442353 0.183513390944733
-0.267064311712739 -0.316942827843689 0.0035395990641171 0.254709458617286
-0.118815186476994 -0.358756439727798 -0.0767674578220603 0.21503737823646
-0.0296149209730445 -0.166654969251653 0.0960003469212388 0.266231298796672
0.00443378049246662 -0.131836739915708 0.117007630642644 -0.0587179404954442
-0.0383570707021139 -0.1502768826099 -0.0803350771399261 -0.07351824876313
-0.15409081114034 -0.0569069564991315 -0.151531916852226 -0.0140556371699251
-0.164735635784549 0.0770416950912173 -0.170262666314405 0.092193789549318
-0.114502716303162 0.163567520300129 -0.157211039661838 0.172717306177537
-0.0732539857743495 0.217949107081588 -0.130398468842121 0.255526923126535
-0.0690149267798559 0.266416717871358 -0.103996309608465 0.26348279953032
-0.0977551139807262 0.295362666308375 -0.0808898648911437 0.211200275452347
-0.175355278584373 0.31192121734742 -0.0360100270507301 0.13139194558293
-0.306527655483453 0.243528014192724 0.0217535058547316 0.106942339413945
-0.402744656713734 0.0444855919459476 0.105596449174774 0.147486238876255
-0.331787144776785 -0.188359799783798 0.0784218126646218 0.22299086767538
-0.204196945923633 -0.266824510381461 -0.00284789507478998 0.314440740949385
-0.10909699298617 -0.276183096256725 -0.0696046520067285 0.337241236887885
-0.0281632588127148 -0.0451213850133082 0.0895307980405135 0.274390299451824
0.0288568231596403 -0.0437385422135608 0.0477928427111619 -0.0422844616681547
-0.0023609515315133 -0.0781230896386399 -0.0976916099052606 -0.0288687975110024
-0.0768842871486111 -0.0157799760199728 -0.139349707059567 0.0248583928148485
-0.0672629484942253 0.0558458388478778 -0.143325994066707 0.116559207706545
-0.0311742463560286 0.0926245315655094 -0.14271423277661 0.205715575913225
-0.00784794492885152 0.12276172868566 -0.12508775605025 0.315828399702496
-0.0177991279073543 0.150553358356139 -0.119969358130522 0.344286810311064
-0.0472824760818704 0.176198599890061 -0.119811883282033 0.302154116889113
-0.110380804754476 0.18693718209823 -0.0930735610427899 0.215042829841646
-0.20139815686466 0.131958412123919 -0.0514583528586717 0.174815262635399
-0.252882799861816 -0.0119614697251895 0.0139226645259002 0.182122531432267
-0.165925981197264 -0.150892973757149 0.0293646903576059 0.237173148104818
-0.0998576164203467 -0.143102064744321 -0.026104037653474 0.352330539882822
-0.0816555993762633 -0.130333834384589 -0.0760991593099859 0.421898849866141
0.0475933558133336 -0.0480066568569759 0.0316645012054085 -0.443429753503853
-0.0123195591789992 -0.0134534579253175 -0.0098524364992074 -0.400845805274088
0.0027840135387002 0.0309207103275124 -0.0547148017736422 -0.248838890339762
0.0484574191561093 0.00238822799559762 0.0106426230494623 -0.145564705057374
0.0202585519709848 -0.040229248508885 0.0702814247308104 -0.153143940975723
-0.0159350827642446 -0.0418826060122593 0.11815432602753 -0.216318648834709
-0.0370833847533377 -0.0287342947963554 0.133809799518307 -0.308437757263789
-0.0355125523651225 -0.00841633726003153 0.115336241898271 -0.369547957629879
-0.0401643394380779 -0.00391884220517998 0.0970272448230717 -0.333934063142212
-0.0352510641577631 -0.0134452216454116 0.10164299433845 -0.242128632477128
-0.00642987010017496 -0.0330492448684874 0.109140687070777 -0.153895840270776
0.0301368343311301 -0.0142772411325841 0.126155144330799 -0.0615042019056509
-0.0122214108225148 0.0378883008194849 0.102165834362247 0.00502882788468969
-0.0466141996684526 -0.0175355195849125 0.0569243866376475 0.0327553434539302
0.00134025196883923 -0.0897052206485046 -0.0376488110675726 -0.199117360697625
0.025943361463381 -0.218023894974848 0.0511895731285296 -0.381810741748618
-0.0785237585324009 -0.191590448613928 0.0559018539704151 -0.396464834068345
-0.131521982185799 -0.1270283703713 -0.0229875560084633 -0.248388712513524
-0.146672388879273 -0.0481998941528264 0.0343497791522136 -0.143119771945092
-0.164883116240068 0.0181516494187974 0.0793981127673982 -0.139015126526155
-0.141315732341044 0.0828018812638247 0.12171474982425 -0.200872775330106
-0.105783256378899 0.119136356314744 0.118182748460175 -0.282565260150268
-0.0785234476570947 0.133543388268935 0.0937605870596073 -0.340618484598263
-0.0796739179997788 0.109936748114868 0.066232023723401 -0.319449935050252
-0.0804138939931687 0.0805256114533254 0.0746978466628741 -0.252386050738565
-0.0669714113713575 0.0287003061279636 0.100196370628547 -0.173612670360862
-0.0384976154348883 -0.0137811287436672 0.137393101740336 -0.0733499951783223
-0.0503609995374183 -0.0121246335508876 0.105801920021156 0.00433072408934376
-0.0639131177713643 -0.0908125127387138 0.045976640623594 0.028775538711154
-0.011264479512576 -0.183087663242371 -0.0565837384968196 -0.169658007620542
0.00887480432877601 -0.350467868614703 0.072837863658871 -0.248954090395195
-0.113055172450123 -0.340159646579142 0.133713670851483 -0.347008720498625
-0.222691330496045 -0.280021635747813 -0.00396646569470333 -0.249349472922418
-0.313229332425919 -0.118547630565712 0.00675190676682586 -0.142572051052654
-0.329214987521003 0.0534044885062782 0.0312871404360067 -0.102362493848211
-0.250285446642511 0.185379187775728 0.0743546607495871 -0.143688836743199
-0.161672956313556 0.24332450644259 0.0701004930185782 -0.203952730381254
-0.109650963432729 0.255701183641743 0.0559293418879594 -0.259891958915454
-0.104594198023055 0.220006651106533 0.0365893972354528 -0.271387713940642
-0.113386997083015 0.190144481265619 0.0559873968212391 -0.248156037127432
-0.134164090543204 0.123334247684166 0.101333082402679 -0.192611842884932
-0.141728160269329 0.0231284114135835 0.165028608895928 -0.0819102057762595
-0.141594450204435 -0.0533032521694783 0.114390601223148 0.022219217825291
-0.1178202149396 -0.170631530296272 0.0242253543220108 0.0511124747364088
-0.0400160978900144 -0.269382601975208 -0.0782597080866126 -0.113866937455456
-0.00549678428891069 -0.410735955789077 0.0926524305847341 -0.0770235290714197
-0.118281078723448 -0.405727366079035 0.1960873711402 -0.261020020199347
-0.252775195642206 -0.363633786320037 -0.000693920941482533 -0.235283915329481
-0.402487579602851 -0.160952692534382 -0.0547276247942005 -0.139239593713812
-0.416409810469801 0.0817983684296508 -0.0571218798462289 -0.0511866433648067
-0.303506570265353 0.250934265520536 -0.00790299655347459 -0.0547474102293102
-0.187159047294741 0.318281571529793 0.00288900942815231 -0.0852519406467819
-0.122791134025764 0.339679058663015 0.0132340250818066 -0.137770191267219
-0.115306774721067 0.313578655555676 0.0123513341365978 -0.181450318216265
-0.139621850188723 0.3022072012266 0.0422761522941673 -0.207084843930128
-0.207081982378896 0.238628405641423 0.104631292691724 -0.181605764522463
-0.270911157497593 0.0902182445093449 0.193905727890527 -0.0698117800192588
-0.27606580635751 -0.0825267121395148 0.127871213603482 0.0602902262388843
-0.201365557848804 -0.247096746600344 0.00963390088843593 0.103780579204893
-0.0812283682118135 -0.3399439103753 -0.0888401074683892 -0.0256667410069589
-0.0189973109566583 -0.384751633501133 0.106745758908289 0.0870340347773183
-0.0915363419651977 -0.367069820263494 0.211636607447674 -0.167368994396513
-0.210410916088617 -0.345678771926422 -0.0177495783428299 -0.191143965423145
-0.378976317842034 -0.147907024732215 -0.116729243646387 -0.111928404605372
-0.393376196316886 0.102118725188394 -0.13928753159916 0.00746842702960741
-0.281473630069579 0.267042246989319 -0.092594135543604 0.0438381383017422
-0.172586924761223 0.336233369847116 -0.0613255864744308 0.0486365820875577
-0.118702443958639 0.372425666048642 -0.0293913044017905 0.00640565974999675
-0.117696729970512 0.369723950658408 -0.0100491320278248 -0.05551918510935
-0.16236697236229 0.383485255477259 0.0313726946522093 -0.117311531021904
-0.275334490364166 0.32841697502448 0.102877597546581 -0.117343287731927
-0.392401066305328 0.144243227693849 0.207814812112755 -0.0216478310953954
-0.397486740542667 -0.111213448280791 0.136270463226116 0.115341690271376
-0.27265638574147 -0.301092727905025 0.00999997334868876 0.177423004816711
-0.116814307713722 -0.376903687719263 -0.0843072366941051 0.0936128952420003
-0.0275531836053521 -0.287815127727915 0.111425799738777 0.20362735132567
-0.0427830253458785 -0.256311316630388 0.173441869898523 -0.0986398604759785
-0.125277169199569 -0.254795010245821 -0.0502964530436289 -0.125899971946148
-0.273729984452865 -0.10029610890223 -0.149891838146013 -0.0602691421605811
-0.283786372046165 0.103514626534792 -0.177142218798088 0.0609685524739398
-0.199765664378921 0.232529701767597 -0.142233884341244 0.127205945454977
-0.125007339452705 0.297787819101553 -0.104480586913507 0.171222257049057
-0.0954922789584532 0.347410771755866 -0.0656330682858498 0.150520526934279
-0.108594454302829 0.36786466793402 -0.0371074126325846 0.0878935878614954
-0.172614195028995 0.393403443645109 0.00908804903156728 0.00856231530864118
-0.314731667910208 0.339215676364388 0.0801263047832545 -0.00707022124498027
-0.45125600300669 0.13674182844375 0.184198972171484 0.0602542799997877
-0.433705566562169 -0.151065303694517 0.125064803925116 0.174736775801765
-0.281096215343835 -0.313117717981638 0.0168514169370898 0.254230365969722
-0.128643596262821 -0.35914368776575 -0.0679394837341604 0.226146962319238
-0.0288943861814012 -0.161258268996295 0.107021288607045 0.258989588436121
0.0033054266574983 -0.138479580019504 0.102880015483143 -0.0599380463575906
-0.0489624420619296 -0.155109722569535 -0.0818446287726027 -0.0605154358966059
-0.158258092685974 -0.0457322859901396 -0.148253647687859 -0.00461471157358406
-0.158011384119324 0.0874807408244911 -0.165382601955027 0.100466816224738
-0.104285634875444 0.167114027549574 -0.149296016347779 0.182110419282238
-0.0616201647583512 0.219022862095927 -0.117303392255652 0.265077218608226
-0.056676363453283 0.268797163966252 -0.090421710938588 0.272673158870498
-0.0838148496297791 0.300039439077724 -0.071601614608801 0.219932917178937
-0.158664183583089 0.322732736624674 -0.0325622605835204 0.134833391113974
-0.293471936090627 0.263870629934053 0.0270478170697632 0.105618543137993
-0.405443327815347 0.0695337883323759 0.113773469072298 0.140722630768167
-0.351098612203222 -0.179112008141927 0.0878443588021315 0.217506096418838
-0.214333522017485 -0.265220863545878 0.0146557128178432 0.316209058518701
-0.11438544388609 -0.274232264253207 -0.054799717269406 0.349638131787889
-0.0232497415361021 -0.0411928587591424 0.0999262395061598 0.269023529013284
0.0295574644223789 -0.0519494741835128 0.0367602026783065 -0.0380131277366664
-0.0109658126256825 -0.0815327156395506 -0.0979059668989409 -0.0159772537696619
-0.0778385485227562 -0.00768443971051414 -0.134328504951041 0.0348477636476892
-0.0606080809740798 0.0615899756211827 -0.13471120103652 0.122721609105467
-0.0239082561255698 0.0909189929964656 -0.131195905402718 0.213080290785617
-0.000520450263401093 0.119385205894475 -0.109355098418589 0.323118406082066
-0.0110075610158462 0.148065798393114 -0.102084435537993 0.354108204676526
-0.0390678549883149 0.17682210691941 -0.106920136995664 0.311814270761432
-0.0987367997650241 0.192687880436765 -0.0847446538026456 0.221622137375981
-0.193159525299856 0.145776954775853 -0.0414837584469155 0.17882086171237
-0.257826458922454 0.00487736606573393 0.0234902755411775 0.181731789397376
-0.180517923731763 -0.149888171807364 0.0402438344519988 0.234683155534754
-0.102325712461606 -0.144498470345277 -0.00649847744342217 0.35652189944002
-0.0795091174310047 -0.126734873050221 -0.0580155545448864 0.435603848705258
0.0385386034590642 -0.0517171507230765 0.0157406941387921 -0.441077873920407
-0.0146094843460211 -0.00821704148649772 -0.0351723815716324 -0.391543566481827
0.00846789874800601 0.03329736463551 -0.0638337433192222 -0.235600440559402
0.0492620011094482 -0.0030330299364727 0.00580972060494855 -0.143279122819145
0.0155836157021794 -0.041712685192729 0.0609158392196362 -0.149660624824122
-0.0198604086280653 -0.0380716314335647 0.10607513354764 -0.212346549502043
-0.0385251384991926 -0.0228180727055587 0.119994863373991 -0.3045544758894
-0.0340485819689506 -0.00306019121607869 0.0964993025701296 -0.366837561428794
-0.037299878086668 0.00260759230336679 0.078216012578381 -0.328811125753043
-0.0365793978347732 -0.00825596466830207 0.085819911253161 -0.238246146533498
-0.012789988610523 -0.0321463711563966 0.0950932014486863 -0.152402763049048
0.0269468763013853 -0.0197725422345862 0.115345105394625 -0.068090615571998
-0.00423765632932 0.0369686518591118 0.0980099468125354 -0.00382327448850685
-0.0463653357378371 -0.0110545827072603 0.0626350230792871 0.0206961466272052
-0.00933834321821816 -0.0871857064203258 -0.040902864362582 -0.193323307655452
0.014180155348757 -0.216537338207337 0.0377961094440412 -0.38101930839209
-0.0849439675317215 -0.181238211428039 0.0278589006923076 -0.390934234098966
-0.130876922642653 -0.115621926975407 -0.0322115724520038 -0.234042290153565
-0.143220324689024 -0.043103410684042 0.0294732109807097 -0.142402957942333
-0.162265941923059 0.02205888783121 0.0691628769129459 -0.136808770954309
-0.136393686245056 0.0883712636608612 0.109486148625315 -0.197226107107161
-0.0986532334724717 0.123636490527697 0.105086354424279 -0.2771397068414
-0.07007353718875 0.136737898275473 0.0765333118519672 -0.335891433032981
-0.0710635413150101 0.114823912755385 0.0494381543577031 -0.310921143210453
-0.075026328442952 0.0846662598145524 0.0587836916171714 -0.246316524007743
-0.0673950987425328 0.0304379992749308 0.0846080191247392 -0.172229867969892
-0.0392525993060166 -0.0154287476000826 0.125286308270259 -0.0811518816033781
-0.0452857085959304 -0.0116442712105883 0.101042956624578 -0.00584996593181481
-0.065167582060262 -0.0830639643964898 0.0502578807637362 0.0179741542569183
-0.0218280030686239 -0.178420579541169 -0.0584624506131683 -0.16393742309
-0.00316321598871236 -0.34330700239128 0.063757008717718 -0.251804983418545
-0.12252237926877 -0.326282428515111 0.10173489221693 -0.345347583439012
-0.226385695499795 -0.263913513498459 -0.013520527389371 -0.23384952380871
-0.309333393102258 -0.104047628466068 0.00321026629067931 -0.14059293791968
-0.319984896431158 0.0652784244954544 0.0227573600167752 -0.100965879940972
-0.238133570648629 0.191639364927393 0.0652713662844562 -0.139006851339801
-0.14828968511379 0.245074448590949 0.0605630695398233 -0.196377522585906
-0.0955746215418695 0.256793689348323 0.0450729338634169 -0.254393297772567
-0.0908397480324074 0.222433493042342 0.0237068511478362 -0.261368848742555
-0.102102115177847 0.191591818170832 0.0395550483930893 -0.240684597322918
-0.126773314348505 0.125807407019866 0.0850417159615888 -0.190971648428227
-0.137715079663459 0.0256511435326472 0.151525329854588 -0.090106995973208
-0.137552591582289 -0.0493718650822472 0.110153129130483 0.0113193667373276
-0.120280527221631 -0.161496197028053 0.0277487077246144 0.041456631767811
-0.0505609302310341 -0.261678641282961 -0.0777750141854282 -0.107194536858285
-0.0172566576712221 -0.398984048421862 0.0895868446518453 -0.0846924010159608
-0.127387984617034 -0.391919650373712 0.163476352089957 -0.263443882969946
-0.259818722631186 -0.348305138577135 -0.00979778787654692 -0.218212189919945
-0.399305767890386 -0.139074537294152 -0.0552987989986038 -0.133394206580986
-0.403270891057968 0.0974150367337646 -0.0600415980950065 -0.0480225829817467
-0.286108108272216 0.257381359948534 -0.0125469396395236 -0.0494174397751336
-0.169150721463076 0.318774959035375 -0.000344012172261755 -0.0777056756306066
-0.10511137111217 0.337835161180199 0.00770911478327608 -0.132339356735942
-0.0992794327827503 0.311974551410137 0.00380051063189055 -0.172725884345993
-0.122174160261901 0.300368101456082 0.0278485341298347 -0.200619736287948
-0.190874910799526 0.241823570534341 0.0897979436655159 -0.180669751025894
-0.259617463358738 0.0982895403318869 0.180224413038495 -0.080861123111428
-0.272959805862797 -0.0725511137725129 0.124474854293451 0.048188267864534
-0.204589363690419 -0.235116537089007 0.015039519808941 0.0951137997738093
-0.0895390466503839 -0.32952294520407 -0.0862167482146421 -0.0183049819314683
-0.0274266362760994 -0.370825604319386 0.10856243105823 0.075297494461693
-0.097409481732235 -0.356527708446486 0.181953462853935 -0.171576148506674
-0.219885228573316 -0.335018621901546 -0.0244496857352875 -0.174116264233634
-0.376455263786691 -0.128548991825017 -0.114820386438227 -0.103881713958635
-0.376402511820661 0.115479131999714 -0.136774101454637 0.0127206551834495
-0.261827200707833 0.270345607235594 -0.0898466247202665 0.0488414852961195
-0.15330088585671 0.333130288648893 -0.0573850354310209 0.0543431943740938
-0.0989896538821649 0.368724341029641 -0.0269229060808933 0.0100650121738007
-0.0986521900148312 0.365723190949263 -0.0124507599982855 -0.0498984406665367
-0.139048086363417 0.379423254853718 0.0208636536816814 -0.113734554897078
-0.252480718727332 0.331804532109795 0.0910548925266082 -0.118634900518972
-0.375257276396349 0.159312468681701 0.197746502073768 -0.0354935822974415
-0.394510976992238 -0.0948432746068219 0.134705100187262 0.101656247541962
-0.27664818925222 -0.28769829216574 0.0187420474540496 0.16890744994452
-0.124096327462525 -0.365286244712411 -0.0771168117695787 0.0988798149742339
-0.0297862636303985 -0.274668326753059 0.115706356598922 0.188534013558005
-0.0456615204581023 -0.251854547477463 0.150234837834056 -0.100149154111277
-0.134087362134573 -0.249379832658006 -0.0521090498163851 -0.110151996455053
-0.271650216723295 -0.084398403259443 -0.143336645471141 -0.0510086462789971
-0.268517475777985 0.112720201002616 -0.170063707231939 0.0662485330377413
-0.183497273309255 0.232586779986614 -0.133561163837918 0.131788143689472
-0.107938345403691 0.292299586713895 -0.0927100633241896 0.174031441040052
-0.0783350314610694 0.340826965838797 -0.0558183995062091 0.152142225182919
-0.0909443098417715 0.361442691391636 -0.0328923217896081 0.0910324461479813
-0.148141457156379 0.389013823441229 0.00599858667842969 0.00916375353405696
-0.288665254389593 0.344594827689866 0.075527034017316 -0.0116707374507959
-0.432442817367926 0.154761102180414 0.178311084625407 0.0465404075580864
-0.434551789410335 -0.132437133659034 0.126830799252339 0.16041024704584
-0.285498077924823 -0.301639251557775 0.0270929754262627 0.245276763154722
-0.133721310866385 -0.347306022485419 -0.057060004591512 0.229284530091466
-0.0259696274023185 -0.152690741113131 0.112411971325856 0.244172517489564
0.00196067798656234 -0.139895405964324 0.0867774951862758 -0.0572780487646371
-0.0576660201915034 -0.153334356862997 -0.0787162915289986 -0.0460732443199919
-0.155716212634473 -0.0351303529286064 -0.14017835853924 0.00306485209296427
-0.145760513326723 0.0927511067165804 -0.155410849747853 0.103336460131099
-0.0922000950170386 0.163936995172499 -0.13725534946829 0.183083039123826
-0.050035769014827 0.211234724724992 -0.101603852584648 0.263298281502017
-0.0452579388569502 0.261297842138085 -0.0746302841615484 0.271118146231701
-0.0698079725294363 0.293864023187701 -0.0612091033258245 0.219796736403818
-0.137366755864345 0.319246300849932 -0.0286158208627677 0.132685546540154
-0.271052534623784 0.270613654997259 0.0307194140362434 0.100359640302639
-0.392536901708251 0.0904755955729114 0.115047278716777 0.128965562465069
-0.355796208569454 -0.164209411987216 0.0923130847142772 0.204713552350306
-0.215906954233497 -0.257460028781027 0.0281772708595035 0.307168078785232
-0.113351010563914 -0.263535999957326 -0.0402663259691983 0.348952378024958
-0.0165312794622595 -0.0366935331946305 0.105359229825967 0.254165654910423
0.0284505981165842 -0.0572489785196247 0.026569220815249 -0.0309984557004122
-0.019639768463742 -0.0816071173860578 -0.0921263829002712 -0.00391285710760524
-0.0747145077385166 0.000112111422297921 -0.124664778596741 0.0422892483493763
-0.0522795019429334 0.0629804645786738 -0.12266225206017 0.124610538158705
-0.0177894498775507 0.0863178890412005 -0.115334631716852 0.210574816534888
0.00434120965681385 0.110914778862688 -0.0893390047146923 0.317194674799482
-0.00532537876941045 0.141138058767547 -0.0827711233097041 0.351576067096818
-0.0314981029226166 0.170654493332991 -0.0912641075107016 0.310317548893293
-0.0847687964656415 0.189759482958955 -0.0751060422143292 0.219045163946021
-0.179033060404985 0.151157635633398 -0.0329526103279981 0.175869079887806
-0.252622137850764 0.0201180788048514 0.0307680614711095 0.175348183338983
-0.189021226222739 -0.141951650902609 0.0454742377304763 0.223178242748178
-0.100209568244357 -0.143043524715523 0.0105996687499849 0.346908817804441
-0.0726138669586891 -0.119507344255421 -0.0382159892334382 0.431871550875316
0.0374340226919591 -0.0465244417570229 0.0743893074856568 -0.416111874590749
-0.0143794343122758 -0.00530301788698941 0.00421435531332447 -0.378095822460035
0.00750548513625452 0.0361718540857276 -0.0336649886780946 -0.223251528291725
0.0494016946400627 0.00211629843678 0.0238873895562949 -0.130214228776743
0.0190782421137933 -0.0388168184860613 0.0762084866154738 -0.129083661109176
-0.0156779138583756 -0.03468506678371 0.128325068135014 -0.185478051381194
-0.0364048074699307 -0.0229021940453258 0.153999640369964 -0.273394129524541
-0.0326656706994452 -0.00505573409263063 0.138904082160106 -0.337845872258535
-0.0364610982642613 0.00200254703361328 0.116861758951847 -0.303963323439077
-0.0361431309058592 -0.00841581532217332 0.110206030400328 -0.215986953037266
-0.0124372525949567 -0.0324987156567133 0.108261455501072 -0.132960850616405
0.0257430928962801 -0.0198141057122693 0.115529719976208 -0.0538410120336809
-0.00437112643059447 0.0349523492913272 0.0955396912849368 0.00210517693419705
-0.0448290832987708 -0.0124103230152798 0.0665985127616203 0.0198451303833714
-0.00575671979508404 -0.0839145384669455 -0.00897366276493136 -0.192834548586239
0.0394948180217478 -0.201735348284511 0.0989170790560894 -0.362017394802655
-0.0541779165829475 -0.178354065990869 0.066809772829408 -0.378078982829423
-0.102120052465448 -0.124801386397251 0.00168057643974439 -0.226772474446935
-0.125634567037754 -0.0652266762662426 0.0495360084766013 -0.135473422148665
-0.15843174584544 -0.00538146632345207 0.0815515074111554 -0.125776110285102
-0.144038676441233 0.0671759331958979 0.122107240497191 -0.173591867715547
-0.112912513742821 0.108867408207228 0.135208377911354 -0.249665248656337
-0.0857552204349227 0.124323187700797 0.117184519863927 -0.308648616816898
-0.0849462095076435 0.105226237130709 0.0886289909179646 -0.291868320332231
-0.083952036755462 0.0740607034110072 0.0872357497521261 -0.227484405621264
-0.0722646570536808 0.0201639807596375 0.102106836541782 -0.154812241122704
-0.0391059145328241 -0.0240610618572956 0.12817552763868 -0.0663039295709929
-0.0380168476315342 -0.0190714127396172 0.0992027161443993 0.00274125177233586
-0.0523107415336169 -0.0855699559638407 0.0530357921525561 0.0195443461963854
-0.00339261842622042 -0.17460367514428 -0.0276997121405834 -0.162397795506883
0.0428462430620162 -0.32095057480523 0.115328446073191 -0.241741865506003
-0.0651793145837124 -0.32038839236047 0.134639152298773 -0.333271240450705
-0.171961822690922 -0.279769688308467 0.0239029378787397 -0.231187775934494
-0.272409757928891 -0.147181445196519 0.0290312048587433 -0.143199709127242
-0.31385235078205 0.00998261361513966 0.0352052966008532 -0.104897921622005
-0.253777700676954 0.148637821036288 0.0672992491861849 -0.127727253748917
-0.175986790234256 0.21707781562786 0.0835336471947162 -0.178328925427663
-0.125645942560557 0.235550891019762 0.0771568674532787 -0.232866832182274
-0.118039272602732 0.203994282559458 0.0582581328964657 -0.246814890339342
-0.123072859408376 0.170971560869604 0.0697487363073771 -0.226968609204529
-0.140004448550041 0.10349523040875 0.107772593629548 -0.174645631153306
-0.139159266242398 0.0045880418204338 0.157337548461426 -0.0746004471415034
-0.125128296233194 -0.0684803483140659 0.107744637581831 0.023302768970149
-0.0945224094318459 -0.170212125414437 0.030534986713354 0.0444288727922706
-0.0164774453870116 -0.259938703224848 -0.0521063685842042 -0.104732284760005
0.0403903748399878 -0.372615561989528 0.121678974300365 -0.0840863304547333
-0.0581782523238627 -0.381874385352772 0.184018042537792 -0.24882867256531
-0.191541785636656 -0.364874633470091 0.0298324375744945 -0.217293342141175
-0.351091348735989 -0.194654393229153 -0.0244087125387917 -0.146231859307041
-0.395272815822873 0.0274602168135992 -0.0486143517804873 -0.0705155335658609
-0.305736089268928 0.203058599241453 -0.0201301181026901 -0.0546548829034915
-0.203495375446367 0.282413710082257 0.00931500600846205 -0.0741225165871892
-0.145788270616109 0.312200556181834 0.0277066769070516 -0.120629278715675
-0.137585109503802 0.288869062621995 0.0293767270413648 -0.165305684078878
-0.155804514036939 0.2712400473249 0.0560029196813686 -0.192748267967785
-0.215640527304879 0.20647520710909 0.115123139888833 -0.169498233326537
-0.265888311071926 0.0596132231849978 0.188770007490915 -0.0645644164578169
-0.254597528810154 -0.1081578655985 0.121077025526493 0.0633175672190071
-0.165538320292077 -0.25445016766977 0.0141871147123122 0.0992290805013363
-0.042225920276808 -0.332490539943583 -0.0697110067265335 -0.0150174458302605
0.0309074371260761 -0.344646240790984 0.117643590364052 0.0676385713875892
-0.0351030054440134 -0.346670160919763 0.190563611098843 -0.155148749206066
-0.15742433608889 -0.347585583378319 0.0117937283989554 -0.174773951904934
-0.334515284526549 -0.17871002983969 -0.0829744592413064 -0.124520148504184
-0.371300746860735 0.0497163219657694 -0.128601921498442 -0.0230855295895261
-0.283427628551642 0.216258933860092 -0.105569068077191 0.0301315498870127
-0.188992798950393 0.296475113973797 -0.0605852367131236 0.0439543213234611
-0.14626089770737 0.339942833135467 -0.0241266749804145 0.0113855818286459
-0.144137435722547 0.337875853556226 -0.000669366827162484 -0.0493381488131904
-0.181319938037003 0.342732874101281 0.039822878766466 -0.111801486002809
-0.285844405754371 0.284228972531702 0.112852997502246 -0.111703779417511
-0.384632876395376 0.103220477413818 0.202696747290218 -0.0198215611759248
-0.37170031542927 -0.14601534111598 0.128059265260913 0.118896999116289
-0.227687373132606 -0.316261081971443 0.0114672190708214 0.174720301906099
-0.0680933362173151 -0.371931359832189 -0.0747883531358716 0.102706634453964
0.0165801816618828 -0.254937317965531 0.102520155319605 0.177186754924606
-0.00121670459926628 -0.243301231945358 0.150004008708947 -0.0850662555390735
-0.0902559061823104 -0.256575194320685 -0.0238701346623156 -0.112689881319686
-0.242241510606351 -0.120266351374835 -0.118629891149783 -0.0745237330501567
-0.268313919004224 0.0646415223859071 -0.165832316070819 0.027780980932188
-0.203625877115407 0.18911016874317 -0.154035087517806 0.104663628916057
-0.140207756026348 0.261337418216698 -0.108909256650636 0.152479399346024
-0.121039501437507 0.316075167085931 -0.0701725505105289 0.142065279647225
-0.135657169773802 0.333628286641099 -0.038398811073482 0.0818424156942956
-0.191908008713413 0.349401851457362 0.0115956683878006 0.00311431982231706
-0.321143156301335 0.291440734714117 0.086409570150812 -0.0113223068717623
-0.438243393233963 0.0924102293772857 0.177581690254903 0.0577163908467492
-0.406625328732491 -0.187803722487833 0.113269274363734 0.178023186194901
-0.232913138367317 -0.3327427406813 0.011291691345201 0.25211070114425
-0.0769662531942405 -0.355944795257793 -0.0741293700667547 0.233587094994751
0.00427440588366996 -0.140791081078844 0.0830442640673546 0.232282136127299
0.0262455969393574 -0.133979301501265 0.0837080218551087 -0.0439927049590374
-0.0344652936702258 -0.155935709641136 -0.0589054243678423 -0.0510230956421484
-0.141036190667087 -0.0546543425753815 -0.124152576509351 -0.0178514391063115
-0.148063500562271 0.0646182309776111 -0.157434945378507 0.0696009166130531
-0.107102208727631 0.135896379881794 -0.158765700555392 0.154368650567002
-0.0740920601590736 0.190594645168584 -0.127544436548776 0.235640475103476
-0.0787086467561234 0.243629408517797 -0.103199406423855 0.252207674492105
-0.105753243724682 0.26934727842713 -0.0828885025367626 0.203440417506958
-0.170376461752056 0.28443894425708 -0.0376182914762815 0.118391295058145
-0.293820819560698 0.222179817351569 0.0288078834012734 0.0936166092941076
-0.392111557861946 0.0366235321932876 0.106790167646759 0.133250039107544
-0.328459660997955 -0.208512396016415 0.0706192105272321 0.21679211412802
-0.170386378699068 -0.283836719018251 0.00121214698322894 0.312637541600997
-0.0669549612938254 -0.273041716611948 -0.0754125104907315 0.351463963745422
-0.00357554834417848 -0.0329888482198984 0.0669545658285851 0.244642477810936
0.0365484379065431 -0.0536751486625337 0.0246775977412887 -0.0205339204956193
-0.00959157875354028 -0.0813615101619519 -0.0795586637227799 -0.0108309294314669
-0.0700656865444073 -0.00747505091174636 -0.116682331205329 0.0234346762314588
-0.0552503208794831 0.0511198802887044 -0.128830201473515 0.0968834797830383
-0.0267872756171944 0.0736152563379024 -0.137481249610888 0.183380288856301
-0.00813744011931094 0.100070646408883 -0.122194579010481 0.286908807672623
-0.0244533269043032 0.132566703748134 -0.12104793433644 0.325738807809435
-0.0517861550455591 0.15587484497128 -0.125391663610075 0.286800647789353
-0.103151966024397 0.166436535706776 -0.0955017470349833 0.198178339849084
-0.188089946040125 0.122275908916465 -0.0446619141734265 0.161015761556515
-0.247008488939854 -0.0126566800885749 0.0154428844501433 0.17202986631666
-0.168331338727642 -0.167986723951294 0.0180137329874161 0.225496518468486
-0.0722373041879642 -0.157530780967891 -0.0258355572720623 0.345447144211751
-0.045818209546787 -0.126866651558433 -0.0887751654526718 0.428315232120149
0.0320714723057601 -0.0471087942130122 0.0883531736901849 -0.413326133246348
-0.016535262979993 -0.00249003062222839 0.00644672603991933 -0.372566672812583
0.0105591619025001 0.0381549143385175 -0.0274483318584981 -0.21630773777144
0.0507729103463817 -0.000160033805154936 0.0288346085296626 -0.128690228427662
0.0167685710603008 -0.0392525794976916 0.0785082675596007 -0.123095813458632
-0.0166642533091172 -0.0332551156781235 0.132199745883893 -0.175670447610001
-0.0354774088273471 -0.019683060705493 0.16190070385238 -0.264187406270915
-0.0309879777919908 -0.00275667389784998 0.145614637609111 -0.330302982213107
-0.0347699927202872 0.00437156107337709 0.123003500571004 -0.294888200959899
-0.0366807233391521 -0.00612557423363643 0.110611556323542 -0.20807125881821
-0.0155422357063575 -0.0320577990085884 0.105641280990237 -0.127543498372393
0.0251526069468605 -0.0232367527498891 0.109886511934331 -0.0523575770607788
0.000597110325283799 0.0349227055045233 0.0931919220506163 -0.000467765031418663
-0.0448578976859225 -0.00889765693649886 0.070310679341697 0.0132488104068272
-0.00941682154652468 -0.0830054634607271 -1.66329518439549E-05 -0.189721038523593
0.041380268178834 -0.200651888772088 0.111168622064857 -0.358669977294201
-0.0489491205329701 -0.175164688429133 0.065300431624615 -0.372470581089572
-0.0955645754122436 -0.124939146112166 0.00783959451595784 -0.217058138911151
-0.119574802738285 -0.0690391863629448 0.0540005392269425 -0.133264905974405
-0.157742863167395 -0.0112968195450106 0.0822751725647769 -0.120531499473468
-0.145750083250357 0.0638555611810962 0.124462423300138 -0.16428417145638
-0.114591640363097 0.106692142012092 0.14267684497525 -0.238796118976839
-0.0870085244342483 0.122969309504459 0.122838698719483 -0.301288016653794
-0.0844561112183815 0.104597979704146 0.0937019802585092 -0.282319830609287
-0.0846282233708575 0.0726052771696841 0.0872108370248007 -0.21872165601635
-0.0735675536131174 0.0186431810916118 0.100310625940254 -0.149045124949318
-0.0384221726853377 -0.0277630499874206 0.122623299596892 -0.0653136278297159
-0.0328998037463639 -0.0215994413063537 0.096309116918081 0.000518473728413828
-0.0484764125053154 -0.0834440960394373 0.055514913347737 0.0141339550609852
-0.00252464325587446 -0.172230677560645 -0.0184753422633622 -0.159513624471493
0.0515711931498185 -0.315820902210983 0.123935013067422 -0.23947330933272
-0.0550303261383503 -0.317267715776813 0.129187996018414 -0.325441354775529
-0.15987398111951 -0.280806362150052 0.0295782895843559 -0.218900712417695
-0.262951162838084 -0.153496534717451 0.0344564937663032 -0.141352179740008
-0.309792158697022 0.000262995792662728 0.035144364341506 -0.101662379038862
-0.255340480937952 0.14087987282764 0.0679425834803033 -0.12044087364568
-0.179834070516628 0.210552343005652 0.0875117409235833 -0.169217468800795
-0.130173358176525 0.231355442644971 0.0828782337296137 -0.226298051917051
-0.12067179153372 0.200679731103761 0.0636145070577749 -0.23826494219303
-0.125377877287937 0.16649131801738 0.0701245117090395 -0.218298537529592
-0.140818896491303 0.0984035496432778 0.105524468833551 -0.169440585551116
-0.136486125681147 -0.00195291494612055 0.15092671053475 -0.0734272895224138
-0.119458850976761 -0.073426518086086 0.104375894972537 0.0206209718146175
-0.0870464391108628 -0.169993817377295 0.0312484800748038 0.0385660570702148
-0.00946609160214742 -0.256221916390246 -0.0450216313129688 -0.102442017523485
0.0534584944460964 -0.364658420254123 0.125686138919397 -0.0829551883547106
-0.0428443120965626 -0.378311317343512 0.173403814148911 -0.240919601492274
-0.177240752305296 -0.367785490600618 0.0350578239014618 -0.205316648521033
-0.341318797034474 -0.201154371469897 -0.0168784817413268 -0.144992926177144
-0.389648589695163 0.0166305788363622 -0.0480409320368613 -0.0704798202303844
-0.306366354993865 0.191971967775707 -0.0201798275210588 -0.0510242376868515
-0.208988656568839 0.271567419653413 0.0127722478092834 -0.0678674942571218
-0.152022633287696 0.304354196533414 0.0307721848860198 -0.115791987622993
-0.143050064014437 0.282057502104846 0.0335937345107141 -0.158702300900275
-0.15857342723014 0.262670485917659 0.0549733805363254 -0.184956317368804
-0.216446837940636 0.197542720629396 0.111941511037305 -0.163773888677456
-0.262891555892624 0.0500059445761607 0.181888531785204 -0.0630950639345687
-0.248025214915549 -0.116717756283701 0.115757672137421 0.0604020307070655
-0.155036611954854 -0.257018521639233 0.0132361395794259 0.093978358096893
-0.029945473348885 -0.330009832777353 -0.0651880001179104 -0.0133929050963113
0.0453388786792733 -0.334995696139577 0.115037932364111 0.0663084338920012
-0.0190744548744185 -0.343644290676181 0.177626914663449 -0.148128731601848
-0.145679197960324 -0.350372519821167 0.0170117790630828 -0.162748867283445
-0.324743753667178 -0.184893995781125 -0.0739168607684589 -0.124429621853472
-0.365617246514059 0.0390550659519528 -0.127247591802999 -0.0257585450104294
-0.284460629694617 0.203608996699557 -0.105754411223499 0.0297240610015812
-0.194808957092982 0.285245084912375 -0.0601000254711225 0.0460085099585992
-0.151489691559891 0.332055561501733 -0.0232665350405436 0.012321178069669
-0.150017233148263 0.329383011037891 0.000870046475640049 -0.0456376610237812
-0.186145575083806 0.331182106653411 0.0379015727022979 -0.106935096932527
-0.285413206870337 0.274599301686858 0.1094460774422 -0.108645846645832
-0.379258445930529 0.0927793827585329 0.195480430346932 -0.0186731925881952
-0.365129736546335 -0.156632649108997 0.12109567311363 0.116806102791532
-0.213479547784556 -0.322288905506742 0.00847716264338141 0.16989781364591
-0.0498084104138526 -0.370340309345249 -0.0748114820994768 0.104129081892835
0.0310070827611601 -0.245380146691264 0.0953579579325699 0.172782308419536
0.0118899591026188 -0.241128044132921 0.136158519027213 -0.0772312640508499
-0.0827516289345985 -0.260603538336728 -0.018786643570698 -0.102331742471087
-0.235547630998845 -0.122757266948147 -0.110138253155826 -0.0754915397654244
-0.26238531121641 0.0569452737658124 -0.164745359184497 0.0234189120677671
-0.203773547567271 0.178250359210152 -0.154363126937874 0.100230465967567
-0.145119051421311 0.249712314212642 -0.109987651591506 0.149182496061451
-0.12862611918612 0.306727605557446 -0.0715605623362895 0.139910103655433
-0.142408262742824 0.323420086871452 -0.0398521394064011 0.083040603498608
-0.19450242356947 0.337125862694043 0.00721548381884879 0.00488776550129261
-0.320355756715077 0.279820330142223 0.0830521610627109 -0.0114788239686122
-0.434397629598583 0.0822356046286379 0.170933027434774 0.0581886555772922
-0.401565122988611 -0.198758303068453 0.104697547200462 0.175902341723947
-0.218830477415673 -0.340405724429715 0.00662824173905998 0.248808216520421
-0.0591838054091819 -0.35465456953732 -0.0779809840149273 0.234061997270639
0.0164059089862298 -0.134030766991616 0.0737992938607297 0.226967959276289
0.0347399135984238 -0.135023105063948 0.0724599216503864 -0.0364334929109537
-0.0319833171279413 -0.158475552594176 -0.0544874347344158 -0.0442361891203072
-0.136403318967442 -0.0544709466915006 -0.11779418507821 -0.0180053117575964
-0.143783911422372 0.0604461155190086 -0.155166875800267 0.0641774291065414
-0.107535429600082 0.128255531814985 -0.160112136575643 0.14773001422792
-0.0780664688939153 0.181213899688388 -0.12998062795456 0.22838790951259
-0.0848252679345193 0.23471473482714 -0.106403221850003 0.246842557711596
-0.111383411624049 0.260648614415473 -0.0867515449554015 0.199842476019665
-0.172225745934059 0.27309307174805 -0.0432312509895358 0.115581699822937
-0.291012282871931 0.213606016399857 0.0251839654417313 0.0908007168440512
-0.386722991867335 0.0290097812762732 0.101020982965253 0.13109031278068
-0.324046770327387 -0.218670618817345 0.0609837584526067 0.213346402395603
-0.156194380492086 -0.291359663491463 -0.00544769903649694 0.308274018566218
-0.0497784250449088 -0.270886376455967 -0.0843632427068351 0.349622083229688
0.00494810100824597 -0.0301744247785049 0.0552390565209282 0.238410678224319
0.0400399477587595 -0.0566139512452105 0.0173458463920313 -0.014227590325877
-0.0118636744450763 -0.0826467790987036 -0.0755128501838126 -0.00714086385826682
-0.0681211715429707 -0.00570487597952927 -0.111312441781071 0.0244383410190468
-0.0517420142448981 0.0499130790424042 -0.126539701688873 0.0915949659504362
-0.0255175609818871 0.0691679418993399 -0.138708981616243 0.175098650763799
-0.0112773853427033 0.0937986435514543 -0.124432465543752 0.278022203612116
-0.0286631448115486 0.126076464191557 -0.126237536793284 0.317425699415343
-0.0547229818814956 0.149352664498349 -0.131031648568826 0.279786747185713
-0.102430919918144 0.158861655717877 -0.100918017171708 0.191287973325156
-0.183775036643149 0.117086744838133 -0.0474091184470558 0.155402925462229
-0.243612548934092 -0.0144847542828043 0.0102172307097575 0.168011082789359
-0.16774242702009 -0.173404163936093 0.00970802036176313 0.219843628089019
-0.0613581613002296 -0.163513676348364 -0.0326327047256403 0.339856724862859
-0.0335941740946499 -0.125038414793184 -0.0997291755434865 0.423515877978137
0.0283168722308043 -0.0498120703431568 0.109700874382609 -0.426090130940544
-0.0192259745498631 0.00123230782917092 0.0111571112315503 -0.382532324861339
0.0126081918480636 0.0419634213159885 -0.0203212855518389 -0.217044407710017
0.0536828732256211 -0.00136025869326577 0.0346871771159307 -0.132030879322018
0.0155699633957026 -0.0412558514067765 0.0842917282498114 -0.121269032115718
-0.0185059662759219 -0.0326350292091098 0.142388881979843 -0.171366839927225
-0.0368328295812009 -0.0180333180097254 0.177501708768417 -0.263334391164413
-0.0312473069746488 1.40260977458057E-05 0.1595727823002 -0.334917227113662
-0.0339856009161606 0.00688183013879823 0.133719994230263 -0.29679768708317
-0.0380544044706144 -0.00361556594290944 0.11687259158178 -0.206458341184394
-0.0194615765382753 -0.032712454073017 0.108891568439121 -0.126009585157697
0.0253497043852919 -0.0263576775671844 0.109909602091905 -0.0528227736072974
0.00477654496290951 0.0349517269572674 0.0947096570025869 -0.00212255158741746
-0.0465203956705416 -0.00636886352273679 0.0769537864907059 0.00750654671397065
-0.0136865680696608 -0.0846261809053242 0.0110821379414108 -0.19427366198084
0.0467761292339712 -0.206217922712031 0.131976859770815 -0.368838940498423
-0.0451222578179986 -0.178750856570949 0.0681618031642309 -0.38103854998402
-0.0902487531906849 -0.129993580654809 0.0147705102962302 -0.216302477547284
-0.118215905037229 -0.0779268328129859 0.0611628940785487 -0.136195876452239
-0.163719916711319 -0.0183827217533236 0.0863666862696777 -0.119255453427719
-0.153355686024768 0.061613500453889 0.132142382043731 -0.160002649484916
-0.122850613626293 0.108678807027783 0.157131172786872 -0.23651797046805
-0.0936360112125115 0.125859027204746 0.136262563915366 -0.303952826641677
-0.0889262289529177 0.10759192944275 0.104686573409052 -0.282438639691487
-0.0890625197340403 0.0741381912445519 0.0931457992540661 -0.218180849098017
-0.0779116776802336 0.0168449667645279 0.102529388685305 -0.148481938465267
-0.0391057428020894 -0.0332918587350242 0.121970240461075 -0.0662886084673796
-0.0286253140458197 -0.0251232356658634 0.0973282005855228 -0.00230946976582059
-0.045957558886243 -0.0835967706021001 0.0602793674530398 0.00838147976864138
0.000579719807343719 -0.175550192251968 -0.00989431558850369 -0.163817354203513
0.064785273370956 -0.322518462185129 0.140734755629129 -0.24445246376622
-0.0432444337955023 -0.326087998003426 0.130167885545873 -0.331523295846011
-0.151592134578447 -0.294249048284117 0.0377361383539383 -0.214957574339299
-0.26272379310534 -0.168006795327633 0.0427867601033112 -0.144979723102862
-0.319087590473943 -0.0111259198246805 0.036714583987459 -0.102081213138836
-0.268227711444187 0.136065339670138 0.0725100554341779 -0.116932846829333
-0.192592414319745 0.210634460043411 0.0976230962643955 -0.16634550451689
-0.140471309855745 0.234657679681155 0.0921448154158847 -0.227587084878608
-0.129546471560035 0.20418203932349 0.0726629772115873 -0.238286540451659
-0.13240671061113 0.1669922121135 0.0742879335210432 -0.217245914225897
-0.147808052921699 0.0961256407093372 0.108738285165015 -0.169582533888989
-0.139636993243783 -0.00884982293412771 0.15194801625365 -0.0735685538752249
-0.117945136324461 -0.0819513199592168 0.104690497920738 0.019097826752024
-0.0820661555683723 -0.176522183288363 0.0332882219125971 0.0355168242874365
-0.000781674536536563 -0.263283997595865 -0.038153886709292 -0.103977541024686
0.0730698119544873 -0.369951461709608 0.13501020044581 -0.0843017997568062
-0.0257188297785167 -0.390012329753478 0.172154012918674 -0.24266687064082
-0.168593879183136 -0.385313111007701 0.0425480878562531 -0.199763243230826
-0.341441078010383 -0.219400601951571 -0.00945359360573132 -0.148969282845855
-0.400071626207286 0.00391683555678622 -0.0485972163342984 -0.0730031268649427
-0.322225579969912 0.185167652333364 -0.0208581047630199 -0.048789265348737
-0.224264758195075 0.272598821248995 0.0165875980104544 -0.0641888262851241
-0.166823033034534 0.307925295189653 0.0357475887071149 -0.115594316467988
-0.154610132027816 0.285029772519894 0.0403642785367526 -0.157681637412376
-0.170853566572416 0.263646493799939 0.0582158930863281 -0.184337541976389
-0.226115468342522 0.19523293830839 0.114238428916917 -0.164557519730683
-0.269793196062027 0.0412894859068043 0.182815626993253 -0.0627233219246758
-0.251113504241606 -0.130406597839894 0.11503251376238 0.0618481471975354
-0.148675342369761 -0.270692362850445 0.0130205601903705 0.0923952557084721
-0.0161837876586155 -0.339964079099844 -0.0631482744978803 -0.0127028373319555
0.0645449505424421 -0.33781925559408 0.117480952790983 0.068125051891196
-0.000897671604206285 -0.354369476862624 0.171490902619767 -0.144372838334016
-0.137177161061759 -0.369476779425939 0.0235009285575296 -0.156484786983695
-0.327032092556134 -0.199740869629282 -0.0682690440789635 -0.128790171384691
-0.375508078085604 0.0279671160736872 -0.130365622165891 -0.0306117918699606
-0.297971732646744 0.197366831245699 -0.110298335025319 0.0297624287368229
-0.210518692386698 0.283972386959718 -0.0617380023439697 0.0488583518403711
-0.16782336436773 0.333775482474066 -0.0233514469507206 0.0145866309322066
-0.16553557420227 0.331984496179745 0.00294472516412036 -0.0432243820051128
-0.20040727793913 0.332108507360295 0.0378777887466679 -0.105562545684969
-0.298652011786181 0.271124535766228 0.110366944799084 -0.109308243338937
-0.390611701593558 0.0832517061969336 0.196509779893948 -0.0168010255117058
-0.372414816912154 -0.175715860078047 0.118532608258065 0.120787954095991
-0.20769336160989 -0.342279444014085 0.00546624398554433 0.171583545919693
-0.033601029041151 -0.38266142682088 -0.0771585845637235 0.10912687610694
0.0486334330453911 -0.24611813568438 0.0913764557234571 0.175977233080904
0.0276059222985006 -0.249707156111255 0.128950134339635 -0.0715390489226915
-0.0770240709684258 -0.274575224624591 -0.0141961726528977 -0.0961289158586848
-0.236347226122911 -0.133508854656028 -0.106391016672126 -0.0785636904341539
-0.267929638217012 0.0501991778947817 -0.169340395872816 0.017617006023726
-0.213029358941949 0.173588675286559 -0.162236335185871 0.0992085957886343
-0.157839309898301 0.248301855965694 -0.116575979807897 0.152508632291215
-0.142774079277259 0.307700496662196 -0.076279709531793 0.143163302849895
-0.157256943812322 0.325345606106741 -0.0426606736273142 0.0858603877233503
-0.209927682297419 0.336760396776509 0.00346886037136997 0.0065231183561229
-0.332199193711574 0.275845398059302 0.0808912727141357 -0.0116174474457323
-0.445505455784912 0.0711968467901391 0.17077253962331 0.0606267635854712
-0.409351416961587 -0.221534722759146 0.099101522815683 0.182148002791215
-0.209200583731059 -0.363447474694447 0.000315426619375414 0.25366855713177
-0.0395265883699217 -0.366116351432662 -0.0865505307333988 0.241917454243964
0.0306150421016922 -0.133148876157838 0.0638770338938087 0.230045900595015
0.0454552849689682 -0.140901386317368 0.0649607870914962 -0.0305166054534279
-0.0305317295872165 -0.167083130443586 -0.0518298610902725 -0.0395093250308513
-0.137475044402274 -0.0582537507964342 -0.115326542239209 -0.0202807931961129
-0.144536404394133 0.0577876136658929 -0.15965352757265 0.0600499053820816
-0.111945204771278 0.12423109440433 -0.167630734945243 0.145913539002079
-0.0871047857786448 0.178008596857942 -0.138809044679392 0.230082064941878
-0.0965928489216682 0.234889204167907 -0.115887044876704 0.250440921508841
-0.123764733872157 0.261038321263053 -0.0956894150048604 0.204264108238975
-0.184468249977393 0.270635402163403 -0.0509807480074387 0.11793438863402
-0.30150184502642 0.209208528016928 0.0212877283340354 0.0910518591805569
-0.396220084266122 0.019246879202437 0.0976390165181181 0.134493106774845
-0.330308236122241 -0.238482596372535 0.0539187175155465 0.218715017319399
-0.146638928595877 -0.310527237949599 -0.01479245560337 0.31581532826057
-0.0325576570727391 -0.279260275153988 -0.0979064593580912 0.35974278148359
0.0142387845537994 -0.0284229444839129 0.0433934864998146 0.242816712136029
0.0453765276308979 -0.061416996204749 0.0105842363495756 -0.00825285506096797
-0.0135146932131868 -0.0874338086702833 -0.0750050687951168 -0.00414115710067079
-0.0682214917859382 -0.00478569459992288 -0.109844081784985 0.0242704707988211
-0.0503838411210504 0.0500898821465822 -0.129932557932988 0.0894799790158769
-0.0268031615674245 0.066586803498246 -0.146118491161057 0.172955198735245
-0.0155826898468511 0.0906476618133111 -0.135684271317044 0.278605392501625
-0.0349612925970744 0.1242772866142 -0.137900343607006 0.320782005468878
-0.0617165506233064 0.149260881324701 -0.144152057074614 0.282270578195171
-0.108161472264213 0.156781382019276 -0.111096396443088 0.190769846357357
-0.188683575854737 0.114566812998376 -0.0540630781927797 0.15568054769683
-0.250559181396176 -0.0197484209589539 0.00475078023190162 0.170756630487229
-0.172357291358366 -0.186472588143369 -0.00089716849509462 0.223528730077205
-0.052326579244666 -0.175952761022524 -0.0429735136017438 0.347435663608348
-0.0215752882220485 -0.12878592010779 -0.117526675738106 0.434352257327471
