TRXV5
3
4
4
9
string Extension=J
integer IsArchMeasurement=1
integer IsSpherical=1
string Generator=SPM
string GeneratorVersion=1.3.1 Dev
double ArchRadius=0.449999988079071
integer FrequencyAxisIndex=0
integer AzimuthAxisIndex=1
integer ElevationAxisIndex=2
Frequency
5 136 690000000 960000000 LIN
Azimuth
7 8 0 2.74889357189107 LIN
Elevation
7 15 -2.74889357189107 2.74889357189107 LIN
Polar H Real Part
13
Polar H Imaginary Part
14
Polar V Real Part
13
Polar V Imaginary Part
14
Polar H Magnitude (dB)
12 0xC0000002 0 1
Polar H Phase
7 0xC0000003 0 1
Polar V Magnitude (dB)
12 0xC0000002 2 3
Polar V Phase
7 0xC0000003 2 3
-0.0722503662109375 -0.0442886352539063 0.152099609375 0.70819091796875
-0.0548248291015625 0.0726089477539063 -0.0346832275390625 0.24884033203125
0.0617103576660156 0.0366172790527344 -0.288726806640625 0.224456787109375
0.047821044921875 -0.0671463012695313 -0.260345458984375 0.414764404296875
-0.0302505493164063 -0.073944091796875 -0.086090087890625 0.384552001953125
-0.0745162963867187 -0.0328598022460938 -0.068695068359375 0.319580078125
-0.0819854736328125 0.03680419921875 -0.142181396484375 0.330078125
-0.0688629150390625 0.0346755981445313 -0.21185302734375 0.353240966796875
-0.0728530883789063 0.0223922729492188 -0.307647705078125 0.338226318359375
-0.095733642578125 -0.0138473510742187 -0.39337158203125 0.232391357421875
-0.0720367431640625 -0.061920166015625 -0.352996826171875 0.095245361328125
0.00476837158203125 -0.0944137573242188 -0.266387939453125 -0.0771942138671875
0.0828399658203125 0.016326904296875 -0.034454345703125 -0.193008422851562
-0.021392822265625 0.101211547851563 0.221343994140625 -0.00915527343749999
-0.107894897460937 0.0400848388671875 0.274658203125 0.143936157226563
-0.136077880859375 -0.2984619140625 0.08251953125 0.656005859375
-0.181076049804687 -0.19970703125 -0.0894775390625 0.197967529296875
-0.12176513671875 -0.139938354492188 -0.33319091796875 0.2340087890625
-0.146224975585938 -0.1494140625 -0.277862548828125 0.440338134765625
-0.2000732421875 -0.0877227783203125 -0.0653381347656251 0.39337158203125
-0.240859985351563 0.0324859619140625 -0.037322998046875 0.30828857421875
-0.208251953125 0.138656616210938 -0.0973358154296875 0.276763916015625
-0.186737060546875 0.12774658203125 -0.161895751953125 0.2969970703125
-0.190536499023438 0.12860107421875 -0.252655029296875 0.298309326171875
-0.221847534179688 0.0804443359375 -0.342071533203125 0.23126220703125
-0.20928955078125 -0.017303466796875 -0.31298828125 0.1146240234375
-0.162216186523438 -0.098175048828125 -0.260665893554688 -0.047882080078125
-0.0664825439453125 -0.0990753173828125 -0.0448150634765625 -0.1722412109375
-0.106636047363281 -0.0914764404296875 0.19854736328125 -0.036590576171875
-0.164047241210937 -0.1619873046875 0.244598388671875 0.094482421875
-0.151153564453125 -0.516357421875 -0.016021728515625 0.540863037109375
-0.251434326171875 -0.4600830078125 -0.166458129882813 0.140380859375
-0.2706298828125 -0.326171875 -0.341522216796875 0.270111083984375
-0.325439453125 -0.2376708984375 -0.229400634765625 0.472564697265625
-0.3521728515625 -0.100555419921875 0.0130615234375 0.386627197265625
-0.37579345703125 0.085906982421875 0.0452423095703125 0.265151977539063
-0.304229736328125 0.21484375 -0.0125274658203125 0.182220458984375
-0.276947021484375 0.196548461914063 -0.08868408203125 0.196121215820312
-0.278472900390625 0.218765258789062 -0.188949584960938 0.214401245117187
-0.3167724609375 0.17376708984375 -0.282318115234375 0.186859130859375
-0.32232666015625 0.047027587890625 -0.276641845703125 0.08892822265625
-0.3150634765625 -0.0661315917968751 -0.24664306640625 -0.0537567138671875
-0.235763549804688 -0.173416137695312 -0.039398193359375 -0.175445556640625
-0.222244262695313 -0.254623413085938 0.167984008789063 -0.0885467529296875
-0.219329833984375 -0.34832763671875 0.200424194335938 -0.00955200195312502
-0.12542724609375 -0.6556396484375 -0.123626708984375 0.3797607421875
-0.2705078125 -0.64349365234375 -0.249908447265625 0.0832214355468749
-0.367706298828125 -0.45599365234375 -0.31109619140625 0.318023681640625
-0.453857421875 -0.2847900390625 -0.1163330078125 0.488739013671875
-0.450927734375 -0.0908813476562499 0.1357421875 0.352783203125
-0.447540283203125 0.130462646484375 0.165313720703125 0.187789916992188
-0.349945068359375 0.258392333984375 0.0953216552734375 0.0590667724609375
-0.32666015625 0.23614501953125 -0.00271987915039064 0.0657577514648438
-0.328857421875 0.275665283203125 -0.120147705078125 0.0953598022460938
-0.376953125 0.24615478515625 -0.220199584960938 0.099609375
-0.404205322265625 0.10968017578125 -0.235305786132813 0.0158538818359376
-0.436798095703125 -0.0176696777343751 -0.21502685546875 -0.100311279296875
-0.392608642578125 -0.216339111328125 -0.016998291015625 -0.195709228515625
-0.33355712890625 -0.383544921875 0.12188720703125 -0.148712158203125
-0.259063720703125 -0.495941162109375 0.130966186523437 -0.1536865234375
-0.07525634765625 -0.69293212890625 -0.218185424804688 0.205307006835937
-0.25634765625 -0.7119140625 -0.31182861328125 0.0335998535156249
-0.403228759765625 -0.48516845703125 -0.241302490234375 0.348785400390625
-0.4970703125 -0.26239013671875 0.03204345703125 0.464935302734375
-0.46142578125 -0.05145263671875 0.27130126953125 0.280349731445313
-0.435821533203125 0.162689208984375 0.2913818359375 0.082122802734375
-0.334625244140625 0.263641357421875 0.204025268554687 -0.077239990234375
-0.32696533203125 0.2384033203125 0.0806732177734375 -0.0757369995117187
-0.3353271484375 0.287994384765625 -0.0468101501464844 -0.0406265258789062
-0.389617919921875 0.270721435546875 -0.148162841796875 -0.0203704833984375
-0.438323974609375 0.142547607421875 -0.180862426757813 -0.0922393798828125
-0.50653076171875 0.0185241699218749 -0.1595458984375 -0.173812866210937
-0.4940185546875 -0.25 0.02227783203125 -0.220230102539063
-0.395965576171875 -0.473846435546875 0.0589141845703125 -0.207489013671875
-0.253173828125 -0.58746337890625 0.047027587890625 -0.325836181640625
-0.02325439453125 -0.627685546875 -0.286773681640625 0.051177978515625
-0.2239990234375 -0.653564453125 -0.339202880859375 0.000518798828124974
-0.374725341796875 -0.406036376953125 -0.1500244140625 0.343597412109375
-0.441070556640625 -0.175445556640625 0.17254638671875 0.39190673828125
-0.382904052734375 0.007659912109375 0.3751220703125 0.17742919921875
-0.337249755859375 0.17315673828125 0.390777587890625 -0.038177490234375
-0.261062622070313 0.230545043945312 0.28790283203125 -0.207061767578125
-0.274124145507812 0.205245971679688 0.149703979492188 -0.207809448242188
-0.2906494140625 0.251251220703125 0.02227783203125 -0.17340087890625
-0.344024658203125 0.24169921875 -0.068328857421875 -0.150405883789062
-0.403900146484375 0.135772705078125 -0.110748291015625 -0.214431762695313
-0.4954833984375 0.0238342285156251 -0.0726776123046875 -0.2601318359375
-0.50335693359375 -0.269683837890625 0.0854644775390625 -0.243927001953125
-0.3763427734375 -0.509918212890625 0.00358581542968746 -0.26055908203125
-0.19012451171875 -0.59710693359375 -0.029388427734375 -0.502227783203125
0.026947021484375 -0.476776123046875 -0.32415771484375 -0.056854248046875
-0.17938232421875 -0.4998779296875 -0.327911376953125 -0.0128479003906251
-0.294891357421875 -0.25848388671875 -0.056488037109375 0.303802490234375
-0.3114013671875 -0.062164306640625 0.269866943359375 0.286346435546875
-0.240493774414062 0.0571746826171875 0.421112060546875 0.07073974609375
-0.189788818359375 0.14996337890625 0.438323974609375 -0.143829345703125
-0.149078369140625 0.157791137695313 0.3306884765625 -0.310882568359375
-0.179031372070313 0.139053344726562 0.19378662109375 -0.3094482421875
-0.197463989257812 0.171356201171875 0.0811920166015625 -0.27716064453125
-0.238845825195313 0.171432495117187 0.010986328125 -0.258148193359375
-0.3006591796875 0.10333251953125 -0.027069091796875 -0.31781005859375
-0.400421142578125 0.0138854980468751 0.0380249023437499 -0.331634521484375
-0.412017822265625 -0.2613525390625 0.16973876953125 -0.249435424804688
-0.270660400390625 -0.470703125 -0.02532958984375 -0.298248291015625
-0.077301025390625 -0.5137939453125 -0.0767822265625 -0.655517578125
0.0713653564453125 -0.2742919921875 -0.335784912109375 -0.109710693359375
-0.11767578125 -0.294586181640625 -0.294586181640625 -0.00201416015624996
-0.18109130859375 -0.09600830078125 0.0191650390625 0.250930786132813
-0.15142822265625 0.0344696044921875 0.317169189453125 0.17999267578125
-0.0830459594726563 0.0805892944335938 0.41961669921875 -0.022613525390625
-0.0305862426757813 0.0954437255859375 0.437255859375 -0.226715087890625
-0.0251922607421875 0.058319091796875 0.33355712890625 -0.37493896484375
-0.0580177307128906 0.0497360229492188 0.20672607421875 -0.36676025390625
-0.0665664672851563 0.0683097839355469 0.11798095703125 -0.334930419921875
-0.0877609252929688 0.0903244018554687 0.073028564453125 -0.32366943359375
-0.14544677734375 0.0745849609375 0.04559326171875 -0.384124755859375
-0.239761352539063 0.017242431640625 0.14691162109375 -0.375579833984375
-0.251922607421875 -0.196136474609375 0.25653076171875 -0.2421875
-0.116668701171875 -0.338043212890625 -0.020965576171875 -0.3193359375
0.049896240234375 -0.338348388671875 -0.0800781250000001 -0.7584228515625
-0.0803070068359375 -0.0408782958984375 0.21636962890625 0.7099609375
-0.049285888671875 0.0822601318359375 -0.0074310302734375 0.262054443359375
0.0673904418945313 0.0319480895996094 -0.268508911132813 0.253921508789062
0.0405731201171875 -0.0718231201171875 -0.222747802734375 0.4398193359375
-0.0378494262695313 -0.0712661743164062 -0.054656982421875 0.391387939453125
-0.0799179077148438 -0.02667236328125 -0.046722412109375 0.325103759765625
-0.0811996459960937 0.0458145141601563 -0.116455078125 0.349395751953125
-0.0680580139160156 0.0423660278320312 -0.1822509765625 0.37872314453125
-0.0747299194335938 0.031768798828125 -0.28057861328125 0.374420166015625
-0.101165771484375 -0.00329589843749998 -0.377044677734375 0.275909423828125
-0.079254150390625 -0.0543212890625 -0.347747802734375 0.130401611328125
-0.0066986083984375 -0.096343994140625 -0.276443481445313 -0.0504608154296875
0.0840988159179688 0.00600433349609375 -0.0523529052734375 -0.1854248046875
-0.0108871459960938 0.105850219726562 0.22491455078125 -0.02093505859375
-0.107192993164063 0.0505828857421875 0.29052734375 0.126556396484375
-0.166839599609375 -0.295654296875 0.141845703125 0.6627197265625
-0.200653076171875 -0.18597412109375 -0.0692596435546875 0.214706420898437
-0.133453369140625 -0.134162902832031 -0.31182861328125 0.264312744140625
-0.165069580078125 -0.140243530273438 -0.23974609375 0.467010498046875
-0.21270751953125 -0.0701751708984375 -0.032989501953125 0.399810791015625
-0.241165161132813 0.0549163818359375 -0.013580322265625 0.3121337890625
-0.201065063476563 0.160873413085938 -0.077606201171875 0.289703369140625
-0.1795654296875 0.148117065429688 -0.136566162109375 0.31610107421875
-0.18359375 0.151718139648437 -0.228179931640625 0.328033447265625
-0.219223022460937 0.103866577148438 -0.3228759765625 0.269561767578125
-0.215438842773438 0.00340270996093751 -0.30511474609375 0.14605712890625
-0.177032470703125 -0.084320068359375 -0.267227172851563 -0.01947021484375
-0.076995849609375 -0.0988845825195312 -0.0591888427734375 -0.163726806640625
-0.113845825195313 -0.0854339599609375 0.200225830078125 -0.048004150390625
-0.181976318359375 -0.152236938476562 0.255096435546875 0.0790557861328125
-0.2005615234375 -0.518218994140625 0.030609130859375 0.553558349609375
-0.294219970703125 -0.4461669921875 -0.152633666992188 0.161605834960937
-0.299072265625 -0.311737060546875 -0.317657470703125 0.300994873046875
-0.355010986328125 -0.215667724609375 -0.187713623046875 0.493255615234375
-0.369110107421875 -0.071044921875 0.047210693359375 0.3880615234375
-0.374176025390625 0.119171142578125 0.0689697265625 0.262298583984375
-0.290374755859375 0.2471923828125 0.000457763671874997 0.184906005859375
-0.26812744140625 0.229019165039062 -0.0710906982421875 0.205841064453125
-0.265350341796875 0.252532958984375 -0.170669555664063 0.23651123046875
-0.30908203125 0.209869384765625 -0.26690673828125 0.22100830078125
-0.32708740234375 0.0783691406250001 -0.269210815429687 0.119354248046875
-0.330108642578125 -0.03704833984375 -0.253448486328125 -0.0267791748046875
-0.254302978515625 -0.158889770507813 -0.0517425537109375 -0.168136596679688
-0.245376586914062 -0.243728637695313 0.163955688476562 -0.0986785888671875
-0.25579833984375 -0.33978271484375 0.200393676757813 -0.0234375
-0.1845703125 -0.6634521484375 -0.09320068359375 0.397735595703125
-0.331298828125 -0.633056640625 -0.244598388671875 0.107666015625
-0.40924072265625 -0.437530517578125 -0.28387451171875 0.344818115234375
-0.490020751953125 -0.2530517578125 -0.0728759765625 0.500732421875
-0.467041015625 -0.0524291992187499 0.168701171875 0.34326171875
-0.441986083984375 0.1724853515625 0.186065673828125 0.174697875976563
-0.332427978515625 0.295379638671875 0.0998992919921875 0.049591064453125
-0.3143310546875 0.272918701171875 0.00411987304687498 0.0652198791503906
-0.31219482421875 0.315704345703125 -0.110305786132812 0.108123779296875
-0.3616943359375 0.28729248046875 -0.208969116210938 0.12652587890625
-0.4053955078125 0.149169921875 -0.23382568359375 0.04315185546875
-0.45050048828125 0.0229187011718749 -0.226104736328125 -0.075653076171875
-0.418212890625 -0.189422607421875 -0.03045654296875 -0.193389892578125
-0.37017822265625 -0.365997314453125 0.111160278320312 -0.15631103515625
-0.30877685546875 -0.488006591796875 0.116836547851562 -0.165191650390625
-0.13848876953125 -0.70501708984375 -0.203048706054687 0.225753784179687
-0.3231201171875 -0.70184326171875 -0.314605712890625 0.059844970703125
-0.44854736328125 -0.462158203125 -0.212646484375 0.36810302734375
-0.5299072265625 -0.22613525390625 0.0731201171874999 0.4600830078125
-0.4754638671875 -0.0112609863281249 0.3011474609375 0.25653076171875
-0.42584228515625 0.201629638671875 0.3060302734375 0.055999755859375
-0.31451416015625 0.299224853515625 0.197662353515625 -0.09893798828125
-0.313323974609375 0.276153564453125 0.0762100219726562 -0.08709716796875
-0.317718505859375 0.3272705078125 -0.0485420227050781 -0.0380783081054687
-0.37237548828125 0.313507080078125 -0.145904541015625 -0.00314331054687495
-0.437286376953125 0.184814453125 -0.189498901367188 -0.0715179443359375
-0.517608642578125 0.0647277832031249 -0.176727294921875 -0.15576171875
-0.5228271484375 -0.21380615234375 0.00540161132812495 -0.223983764648438
-0.441619873046875 -0.45184326171875 0.0406951904296875 -0.212310791015625
-0.311279296875 -0.5814208984375 0.015380859375 -0.33270263671875
-0.07916259765625 -0.64080810546875 -0.28594970703125 0.0728759765625
-0.287109375 -0.64544677734375 -0.34771728515625 0.0260009765624999
-0.413116455078125 -0.383941650390625 -0.122314453125 0.352142333984375
-0.465057373046875 -0.139984130859375 0.208099365234375 0.37286376953125
-0.388397216796875 0.040985107421875 0.396942138671875 0.143402099609375
-0.323974609375 0.202850341796875 0.397369384765625 -0.075531005859375
-0.2418212890625 0.25640869140625 0.271286010742188 -0.23895263671875
-0.262039184570313 0.237838745117187 0.133880615234375 -0.227081298828125
-0.274749755859375 0.285430908203125 0.00917053222656248 -0.179595947265625
-0.3287353515625 0.278564453125 -0.0785675048828125 -0.142562866210937
-0.402008056640625 0.17437744140625 -0.128280639648438 -0.20208740234375
-0.50634765625 0.069610595703125 -0.0984954833984375 -0.251205444335938
-0.5333251953125 -0.2340087890625 0.0665283203125 -0.255661010742188
-0.426116943359375 -0.489898681640625 -0.0217895507812501 -0.2642822265625
-0.24981689453125 -0.598388671875 -0.0777587890625 -0.50701904296875
-0.016387939453125 -0.489837646484375 -0.332366943359375 -0.035858154296875
-0.22833251953125 -0.493072509765625 -0.336700439453125 0.0101013183593749
-0.32159423828125 -0.2371826171875 -0.032257080078125 0.30322265625
-0.323822021484375 -0.0357666015625 0.297149658203125 0.25762939453125
-0.239013671875 0.0782623291015625 0.435150146484375 0.02874755859375
-0.1766357421875 0.164642333984375 0.43426513671875 -0.189422607421875
-0.136566162109375 0.171661376953125 0.30596923828125 -0.347412109375
-0.170806884765625 0.159454345703125 0.168975830078125 -0.3338623046875
-0.187454223632813 0.192764282226562 0.0601806640625 -0.289947509765625
-0.228469848632812 0.196517944335938 -0.00643920898437501 -0.259353637695313
-0.298431396484375 0.13006591796875 -0.0533447265625 -0.31292724609375
-0.40863037109375 0.0496215820312499 0.00650024414062498 -0.3349609375
-0.4388427734375 -0.231964111328125 0.149383544921875 -0.271896362304688
-0.314483642578125 -0.459686279296875 -0.05621337890625 -0.301513671875
-0.127166748046875 -0.522979736328125 -0.137451171875 -0.65869140625
0.048187255859375 -0.2869873046875 -0.3494873046875 -0.089263916015625
-0.14691162109375 -0.288116455078125 -0.303131103515625 0.01824951171875
-0.190811157226563 -0.0834503173828126 0.037139892578125 0.244277954101563
-0.150619506835938 0.04864501953125 0.33453369140625 0.145965576171875
-0.0750045776367188 0.0867691040039063 0.423675537109375 -0.063385009765625
-0.020294189453125 0.0938568115234375 0.424713134765625 -0.2744140625
-0.0194244384765625 0.058563232421875 0.3028564453125 -0.41290283203125
-0.0566024780273437 0.0559806823730469 0.178558349609375 -0.3927001953125
-0.0648345947265625 0.0754547119140625 0.093414306640625 -0.351959228515625
-0.0811843872070312 0.0996627807617187 0.0494384765625 -0.3321533203125
-0.141326904296875 0.0881805419921875 0.01373291015625 -0.3876953125
-0.243560791015625 0.0391998291015625 0.11248779296875 -0.39312744140625
-0.272430419921875 -0.177459716796875 0.235870361328125 -0.27117919921875
-0.14727783203125 -0.334625244140625 -0.054656982421875 -0.32403564453125
0.018341064453125 -0.35418701171875 -0.14990234375 -0.76629638671875
-0.0856399536132813 -0.0349960327148438 0.27001953125 0.680908203125
-0.03997802734375 0.0881805419921875 0.021392822265625 0.262344360351563
0.0704421997070312 0.0254974365234375 -0.236297607421875 0.2686767578125
0.0324935913085938 -0.072967529296875 -0.179290771484375 0.44415283203125
-0.0416030883789063 -0.065032958984375 -0.02532958984375 0.382537841796875
-0.0796356201171875 -0.018951416015625 -0.026397705078125 0.318450927734375
-0.0758438110351563 0.0537109375 -0.089569091796875 0.349395751953125
-0.0637016296386719 0.0475425720214844 -0.147369384765625 0.385650634765625
-0.071197509765625 0.0393142700195313 -0.243499755859375 0.391143798828125
-0.0999069213867188 0.00666046142578126 -0.344207763671875 0.305328369140625
-0.0821075439453125 -0.045318603515625 -0.32867431640625 0.157958984375
-0.0166778564453125 -0.0926742553710938 -0.272842407226563 -0.022003173828125
0.0819244384765625 -0.0025634765625 -0.0640716552734375 -0.168869018554688
-0.000915527343750009 0.105575561523438 0.2203369140625 -0.03155517578125
-0.101730346679688 0.0590438842773438 0.293212890625 0.1058349609375
-0.189437866210938 -0.27996826171875 0.1905517578125 0.64178466796875
-0.208541870117188 -0.1644287109375 -0.0447998046875 0.2203369140625
-0.138145446777344 -0.124687194824219 -0.280303955078125 0.280609130859375
-0.175613403320313 -0.12554931640625 -0.193328857421875 0.469970703125
-0.213790893554688 -0.052032470703125 0.000671386718749984 0.389984130859375
-0.231292724609375 0.0724029541015625 0.00787353515625001 0.303741455078125
-0.182357788085938 0.175552368164063 -0.055938720703125 0.28826904296875
-0.165283203125 0.162445068359375 -0.107025146484375 0.319366455078125
-0.168212890625 0.167556762695313 -0.194732666015625 0.34197998046875
-0.207305908203125 0.122512817382813 -0.290313720703125 0.293701171875
-0.212936401367188 0.0218963623046875 -0.284759521484375 0.170745849609375
-0.183944702148438 -0.0680084228515625 -0.260894775390625 0.00779724121093754
-0.083740234375 -0.0928726196289062 -0.06732177734375 -0.149734497070313
-0.116058349609375 -0.0766983032226562 0.194671630859375 -0.056427001953125
-0.190963745117187 -0.136367797851563 0.254165649414063 0.0615081787109375
-0.240478515625 -0.49749755859375 0.072723388671875 0.54107666015625
-0.3199462890625 -0.41510009765625 -0.133026123046875 0.174453735351562
-0.314300537109375 -0.2889404296875 -0.283355712890625 0.314788818359375
-0.369049072265625 -0.184722900390625 -0.1435546875 0.492340087890625
-0.368499755859375 -0.040252685546875 0.076751708984375 0.3719482421875
-0.354888916015625 0.145599365234375 0.087249755859375 0.249603271484375
-0.263595581054688 0.266738891601563 0.013031005859375 0.180587768554688
-0.243560791015625 0.2491455078125 -0.052276611328125 0.205459594726563
-0.240615844726563 0.27386474609375 -0.145462036132813 0.246566772460938
-0.2850341796875 0.232879638671875 -0.237472534179688 0.242706298828125
-0.316619873046875 0.10565185546875 -0.250930786132813 0.142120361328125
-0.3310546875 -0.00714111328124999 -0.246566772460938 0.000457763671875051
-0.262054443359375 -0.138763427734375 -0.0603485107421875 -0.156295776367187
-0.256118774414063 -0.222610473632813 0.154800415039062 -0.103851318359375
-0.27825927734375 -0.3154296875 0.191574096679687 -0.0347137451171875
-0.23809814453125 -0.641845703125 -0.060272216796875 0.39630126953125
-0.3720703125 -0.5975341796875 -0.228225708007813 0.126495361328125
-0.43267822265625 -0.403045654296875 -0.247772216796875 0.35443115234375
-0.50457763671875 -0.211883544921875 -0.031463623046875 0.488677978515625
-0.4638671875 -0.015594482421875 0.193267822265625 0.3211669921875
-0.419464111328125 0.20098876953125 0.196990966796875 0.153427124023438
-0.300384521484375 0.3160400390625 0.0984878540039062 0.0397796630859375
-0.287445068359375 0.296875 0.00939178466796873 0.0606460571289063
-0.28094482421875 0.3402099609375 -0.0978927612304688 0.115638732910156
-0.33203125 0.315338134765625 -0.189208984375 0.145294189453125
-0.38958740234375 0.18023681640625 -0.220550537109375 0.0652923583984375
-0.444488525390625 0.060821533203125 -0.225479125976563 -0.0493316650390625
-0.424407958984375 -0.157470703125 -0.0418853759765625 -0.1834716796875
-0.38897705078125 -0.333892822265625 0.0962066650390625 -0.158233642578125
-0.343292236328125 -0.457427978515625 0.0982513427734374 -0.167495727539063
-0.19476318359375 -0.6864013671875 -0.181289672851563 0.235336303710937
-0.37188720703125 -0.6630859375 -0.30255126953125 0.082916259765625
-0.473541259765625 -0.425262451171875 -0.1788330078125 0.3695068359375
-0.540740966796875 -0.180328369140625 0.106292724609375 0.437347412109375
-0.468505859375 0.0249938964843749 0.3155517578125 0.22393798828125
-0.39892578125 0.2276611328125 0.306243896484375 0.026947021484375
-0.285003662109375 0.317657470703125 0.182373046875 -0.11383056640625
-0.2857666015625 0.299530029296875 0.0664443969726562 -0.0937652587890625
-0.285552978515625 0.352264404296875 -0.0496482849121094 -0.0335235595703125
-0.3399658203125 0.3406982421875 -0.137641906738281 0.012786865234375
-0.415679931640625 0.217987060546875 -0.186477661132813 -0.0498199462890625
-0.5079345703125 0.106964111328125 -0.184219360351563 -0.131607055664063
-0.5286865234375 -0.171142578125 -0.0103607177734375 -0.218551635742187
-0.46685791015625 -0.4139404296875 0.02203369140625 -0.208694458007813
-0.355499267578125 -0.5521240234375 -0.01507568359375 -0.324981689453125
-0.13165283203125 -0.6265869140625 -0.273605346679688 0.0906524658203125
-0.33392333984375 -0.609619140625 -0.340087890625 0.051422119140625
-0.433380126953125 -0.348358154296875 -0.0927734375 0.34674072265625
-0.469696044921875 -0.09967041015625 0.229766845703125 0.340301513671875
-0.377044677734375 0.07171630859375 0.399505615234375 0.105255126953125
-0.301177978515625 0.219757080078125 0.38372802734375 -0.1087646484375
-0.215545654296875 0.268508911132813 0.243927001953125 -0.256134033203125
-0.23870849609375 0.256866455078125 0.111419677734375 -0.235504150390625
-0.24859619140625 0.3055419921875 -0.00410461425781253 -0.178070068359375
-0.300506591796875 0.301300048828125 -0.0826339721679688 -0.129867553710937
-0.38232421875 0.203857421875 -0.137954711914063 -0.1822509765625
-0.493927001953125 0.111053466796875 -0.11737060546875 -0.231887817382812
-0.539306640625 -0.1885986328125 0.04486083984375 -0.256103515625
-0.455322265625 -0.451263427734375 -0.0460052490234375 -0.254684448242188
-0.29571533203125 -0.5697021484375 -0.119720458984375 -0.4888916015625
-0.056365966796875 -0.484222412109375 -0.327606201171875 -0.0136108398437501
-0.26416015625 -0.464599609375 -0.332366943359375 0.03350830078125
-0.33056640625 -0.2120361328125 -0.01190185546875 0.292755126953125
-0.320465087890625 -0.00909423828124999 0.3052978515625 0.2193603515625
-0.227218627929688 0.0951995849609375 0.4249267578125 -0.01068115234375
-0.15887451171875 0.170074462890625 0.410491943359375 -0.22503662109375
-0.119277954101562 0.176773071289063 0.26898193359375 -0.36602783203125
-0.155731201171875 0.171417236328125 0.1375732421875 -0.34149169921875
-0.169448852539062 0.207244873046875 0.036712646484375 -0.2908935546875
-0.208587646484375 0.211532592773438 -0.0223236083984375 -0.250396728515625
-0.28399658203125 0.151885986328125 -0.07415771484375 -0.297332763671875
-0.398956298828125 0.0830078125000001 -0.022674560546875 -0.323486328125
-0.44775390625 -0.194488525390625 0.121994018554687 -0.279434204101563
-0.34515380859375 -0.428802490234375 -0.08380126953125 -0.290679931640625
-0.169830322265625 -0.5052490234375 -0.19012451171875 -0.633544921875
0.022796630859375 -0.28643798828125 -0.34735107421875 -0.0656433105468751
-0.169097900390625 -0.270309448242188 -0.2996826171875 0.0379638671875
-0.192291259765625 -0.068756103515625 0.0510406494140625 0.229095458984375
-0.142990112304688 0.0584869384765625 0.33404541015625 0.108673095703125
-0.0663070678710937 0.0902633666992188 0.40740966796875 -0.101837158203125
-0.0123443603515625 0.0880584716796875 0.392791748046875 -0.306884765625
-0.0139503479003906 0.0558204650878906 0.26123046875 -0.43096923828125
-0.0516548156738281 0.0592117309570313 0.140960693359375 -0.39910888671875
-0.0590286254882813 0.0793380737304687 0.06500244140625 -0.353912353515625
-0.0716018676757813 0.102752685546875 0.025054931640625 -0.326446533203125
-0.132255554199219 0.0972061157226562 -0.015350341796875 -0.376068115234375
-0.236648559570312 0.058013916015625 0.07366943359375 -0.389068603515625
-0.279678344726563 -0.154144287109375 0.20587158203125 -0.288360595703125
-0.17193603515625 -0.3194580078125 -0.08447265625 -0.314727783203125
-0.013702392578125 -0.35009765625 -0.209716796875 -0.7401123046875
-0.0878524780273438 -0.0292282104492187 0.29632568359375 0.64495849609375
-0.0298919677734375 0.0886917114257813 0.0424346923828125 0.2545166015625
0.071502685546875 0.0198898315429688 -0.209854125976563 0.268508911132813
0.0267486572265625 -0.0718002319335938 -0.148895263671875 0.43157958984375
-0.0416450500488281 -0.0605010986328125 -0.00656127929687497 0.36651611328125
-0.0770492553710938 -0.0142593383789062 -0.015289306640625 0.306915283203125
-0.0694694519042969 0.0567703247070313 -0.072479248046875 0.342315673828125
-0.0589103698730469 0.0520248413085938 -0.122222900390625 0.3800048828125
-0.0667572021484375 0.0444831848144531 -0.21148681640625 0.391998291015625
-0.0964431762695313 0.0140762329101563 -0.312255859375 0.31414794921875
-0.0813140869140625 -0.0370407104492188 -0.307037353515625 0.170318603515625
-0.02301025390625 -0.0873184204101562 -0.261138916015625 -0.00219726562500002
0.077056884765625 -0.0074005126953125 -0.0671234130859375 -0.15264892578125
0.00672149658203126 0.101799011230469 0.21307373046875 -0.0345306396484375
-0.09552001953125 0.062591552734375 0.285736083984375 0.09283447265625
-0.200546264648438 -0.2635498046875 0.21734619140625 0.61083984375
-0.20587158203125 -0.148361206054688 -0.0258026123046875 0.217575073242188
-0.136405944824219 -0.117965698242187 -0.252288818359375 0.282745361328125
-0.178359985351563 -0.11334228515625 -0.162506103515625 0.458282470703125
-0.208267211914062 -0.0408172607421875 0.016998291015625 0.3717041015625
-0.218780517578125 0.07904052734375 0.018768310546875 0.291046142578125
-0.16748046875 0.179718017578125 -0.04339599609375 0.281341552734375
-0.151947021484375 0.16827392578125 -0.086822509765625 0.312286376953125
-0.153549194335938 0.173797607421875 -0.1680908203125 0.3389892578125
-0.193206787109375 0.132247924804687 -0.259307861328125 0.30169677734375
-0.205093383789063 0.0338897705078125 -0.262237548828125 0.180404663085938
-0.183731079101563 -0.0536956787109375 -0.247116088867188 0.0261383056640625
-0.086151123046875 -0.087890625 -0.0679473876953125 -0.134925842285156
-0.113471984863281 -0.070068359375 0.187118530273438 -0.058380126953125
-0.190780639648438 -0.1234130859375 0.245651245117187 0.0522308349609375
-0.25909423828125 -0.471343994140625 0.096527099609375 0.520355224609375
-0.327789306640625 -0.384735107421875 -0.113479614257813 0.17681884765625
-0.314239501953125 -0.269073486328125 -0.255828857421875 0.315032958984375
-0.36724853515625 -0.16259765625 -0.113525390625 0.47686767578125
-0.357330322265625 -0.0230407714843751 0.0919189453125 0.35260009765625
-0.3353271484375 0.15594482421875 0.0961456298828125 0.234237670898438
-0.242111206054688 0.270904541015625 0.0181427001953125 0.173843383789063
-0.223602294921875 0.256744384765625 -0.0403289794921875 0.199676513671875
-0.217376708984375 0.2813720703125 -0.125717163085938 0.245513916015625
-0.26373291015625 0.243988037109375 -0.211273193359375 0.249191284179688
-0.302703857421875 0.120025634765625 -0.228805541992188 0.151962280273438
-0.32366943359375 0.0115966796875 -0.233413696289063 0.01861572265625
-0.258529663085937 -0.12432861328125 -0.0619049072265625 -0.143707275390625
-0.257431030273438 -0.207046508789062 0.145950317382812 -0.104049682617188
-0.286651611328125 -0.29290771484375 0.18023681640625 -0.0378875732421875
-0.26416015625 -0.610107421875 -0.039154052734375 0.385528564453125
-0.387298583984375 -0.558502197265625 -0.210372924804688 0.13409423828125
-0.43609619140625 -0.375335693359375 -0.221099853515625 0.347198486328125
-0.50048828125 -0.1798095703125 -0.010284423828125 0.468017578125
-0.45001220703125 0.00595092773437491 0.20269775390625 0.29644775390625
-0.3935546875 0.210235595703125 0.19842529296875 0.136764526367188
-0.27545166015625 0.3193359375 0.093994140625 0.0326080322265625
-0.262176513671875 0.305023193359375 0.0111846923828125 0.0562171936035157
-0.254241943359375 0.34783935546875 -0.0866775512695313 0.1158447265625
-0.303375244140625 0.323944091796875 -0.168411254882813 0.151016235351563
-0.3681640625 0.196380615234375 -0.204086303710938 0.0768585205078125
-0.4295654296875 0.0842895507812499 -0.215179443359375 -0.0302276611328125
-0.416534423828125 -0.134246826171875 -0.045745849609375 -0.173004150390625
-0.389617919921875 -0.30853271484375 0.08489990234375 -0.153762817382813
-0.356719970703125 -0.42840576171875 0.083740234375 -0.161956787109375
-0.22406005859375 -0.65447998046875 -0.16278076171875 0.234054565429687
-0.39154052734375 -0.62213134765625 -0.28643798828125 0.094482421875
-0.474151611328125 -0.39501953125 -0.155120849609375 0.358917236328125
-0.535369873046875 -0.1485595703125 0.120758056640625 0.410888671875
-0.45068359375 0.0483093261718749 0.314422607421875 0.198150634765625
-0.374481201171875 0.236297607421875 0.298004150390625 0.00875854492187501
-0.257659912109375 0.31787109375 0.166961669921875 -0.120254516601562
-0.26220703125 0.3062744140625 0.0582504272460938 -0.0965118408203125
-0.25799560546875 0.3582763671875 -0.0486831665039063 -0.0312767028808594
-0.30975341796875 0.35003662109375 -0.125877380371094 0.0214309692382813
-0.393341064453125 0.232940673828125 -0.17681884765625 -0.035064697265625
-0.487762451171875 0.130767822265625 -0.181655883789063 -0.111557006835937
-0.51708984375 -0.1436767578125 -0.01898193359375 -0.209579467773437
-0.470916748046875 -0.382354736328125 0.00851440429687498 -0.198699951171875
-0.373016357421875 -0.516082763671875 -0.03387451171875 -0.30841064453125
-0.15985107421875 -0.60162353515625 -0.259231567382812 0.097381591796875
-0.35272216796875 -0.57232666015625 -0.326019287109375 0.06488037109375
-0.43426513671875 -0.319976806640625 -0.07635498046875 0.333648681640625
-0.459503173828125 -0.072967529296875 0.2327880859375 0.311431884765625
-0.3607177734375 0.086761474609375 0.389068603515625 0.078521728515625
-0.27978515625 0.222885131835938 0.366180419921875 -0.12725830078125
-0.195510864257813 0.267669677734375 0.219772338867187 -0.261856079101563
-0.218505859375 0.261932373046875 0.094024658203125 -0.234085083007813
-0.223876953125 0.310699462890625 -0.0128631591796875 -0.17230224609375
-0.27435302734375 0.3076171875 -0.08056640625 -0.119338989257812
-0.361358642578125 0.217864990234375 -0.137710571289063 -0.1640625
-0.4739990234375 0.132415771484375 -0.124435424804688 -0.211166381835938
-0.5291748046875 -0.159881591796875 0.0294342041015625 -0.2491455078125
-0.461395263671875 -0.418975830078125 -0.0599365234375 -0.241134643554688
-0.31658935546875 -0.53924560546875 -0.1431884765625 -0.462188720703125
-0.081695556640625 -0.4652099609375 -0.315277099609375 -0.00140380859375007
-0.2794189453125 -0.433502197265625 -0.320037841796875 0.0469665527343749
-0.329193115234375 -0.191986083984375 -0.0014801025390625 0.276519775390625
-0.309600830078125 0.00692749023437503 0.29742431640625 0.19091796875
-0.215255737304688 0.102386474609375 0.40692138671875 -0.03521728515625
-0.14642333984375 0.167373657226563 0.384368896484375 -0.24163818359375
-0.10699462890625 0.17303466796875 0.237060546875 -0.366485595703125
-0.14349365234375 0.174468994140625 0.113861083984375 -0.337493896484375
-0.154281616210938 0.20977783203125 0.02105712890625 -0.283233642578125
-0.190109252929688 0.214874267578125 -0.0289306640625 -0.238372802734375
-0.269546508789063 0.160720825195313 -0.083160400390625 -0.278564453125
-0.3826904296875 0.100128173828125 -0.03936767578125 -0.305267333984375
-0.439483642578125 -0.169677734375 0.101303100585937 -0.276824951171875
-0.352935791015625 -0.40252685546875 -0.0992584228515625 -0.274871826171875
-0.19354248046875 -0.48114013671875 -0.21826171875 -0.60052490234375
0.00524902343749997 -0.280044555664063 -0.33599853515625 -0.050628662109375
-0.17877197265625 -0.251113891601562 -0.289093017578125 0.04864501953125
-0.188705444335938 -0.0590362548828125 0.0548858642578125 0.213699340820313
-0.134071350097656 0.0637741088867188 0.319732666015625 0.081817626953125
-0.0594482421875 0.089080810546875 0.383453369140625 -0.122344970703125
-0.00874328613281249 0.081298828125 0.362884521484375 -0.319366455078125
-0.0117530822753906 0.0515518188476563 0.2281494140625 -0.4285888671875
-0.0475692749023437 0.0596923828125 0.11456298828125 -0.392181396484375
-0.0550155639648438 0.0797653198242188 0.045654296875 -0.3446044921875
-0.0645370483398438 0.101814270019531 0.01214599609375 -0.314178466796875
-0.123802185058594 0.09954833984375 -0.032012939453125 -0.356475830078125
-0.225967407226563 0.0681304931640625 0.049560546875 -0.37432861328125
-0.276840209960938 -0.136428833007813 0.180267333984375 -0.289703369140625
-0.18145751953125 -0.3017578125 -0.101776123046875 -0.298675537109375
-0.033355712890625 -0.33837890625 -0.24114990234375 -0.70208740234375
-0.0899200439453125 -0.0259246826171875 0.30010986328125 0.62451171875
-0.0243377685546875 0.0879135131835938 0.0533294677734375 0.247955322265625
0.0713729858398438 0.0159149169921875 -0.195419311523438 0.264450073242187
0.0240898132324219 -0.0691719055175781 -0.134552001953125 0.420166015625
-0.0403633117675781 -0.0585784912109375 -0.00183105468749997 0.35296630859375
-0.0746002197265625 -0.0136489868164062 -0.01318359375 0.299102783203125
-0.0660934448242188 0.0587844848632812 -0.066009521484375 0.334686279296875
-0.055511474609375 0.0537071228027344 -0.110565185546875 0.372894287109375
-0.064178466796875 0.047393798828125 -0.194000244140625 0.389678955078125
-0.0930633544921875 0.0181961059570312 -0.294097900390625 0.315216064453125
-0.0799026489257813 -0.0325927734375 -0.293121337890625 0.17431640625
-0.0250244140625 -0.08258056640625 -0.251312255859375 0.00758361816406248
0.0749359130859375 -0.0081024169921875 -0.064300537109375 -0.141448974609375
0.010955810546875 0.0996856689453125 0.210159301757813 -0.03253173828125
-0.0920028686523438 0.0624465942382813 0.27947998046875 0.089385986328125
-0.203521728515625 -0.2537841796875 0.2208251953125 0.5938720703125
-0.199966430664062 -0.142623901367188 -0.0146484375 0.215118408203125
-0.133064270019531 -0.117835998535156 -0.237289428710937 0.277862548828125
-0.176788330078125 -0.106460571289063 -0.1492919921875 0.44696044921875
-0.203643798828125 -0.0366363525390625 0.0240478515625 0.359405517578125
-0.212875366210938 0.079833984375 0.021759033203125 0.282440185546875
-0.159347534179687 0.179000854492188 -0.0391998291015625 0.276519775390625
-0.14459228515625 0.169082641601563 -0.080078125 0.3062744140625
-0.1458740234375 0.175827026367188 -0.155670166015625 0.336029052734375
-0.186355590820313 0.135910034179688 -0.242156982421875 0.3009033203125
-0.1998291015625 0.039215087890625 -0.2481689453125 0.182861328125
-0.181533813476562 -0.0472869873046875 -0.236190795898438 0.03485107421875
-0.084808349609375 -0.0864639282226563 -0.0651473999023438 -0.125846862792969
-0.110450744628906 -0.0676651000976563 0.183502197265625 -0.0555267333984375
-0.18975830078125 -0.118606567382813 0.238204956054687 0.0513916015625
-0.264068603515625 -0.456787109375 0.1026611328125 0.507049560546875
-0.32415771484375 -0.3704833984375 -0.102783203125 0.176727294921875
-0.309906005859375 -0.264739990234375 -0.24139404296875 0.308990478515625
-0.36456298828125 -0.1524658203125 -0.104034423828125 0.463653564453125
-0.350189208984375 -0.0169067382812499 0.0976562499999999 0.340667724609375
-0.32574462890625 0.15484619140625 0.097381591796875 0.22491455078125
-0.23114013671875 0.267135620117188 0.0178375244140625 0.169021606445313
-0.215652465820313 0.258331298828125 -0.0362701416015625 0.194046020507813
-0.20587158203125 0.28228759765625 -0.116912841796875 0.242645263671875
-0.250930786132812 0.246917724609375 -0.195266723632812 0.248153686523438
-0.29376220703125 0.125244140625 -0.216217041015625 0.154525756835937
-0.31732177734375 0.019500732421875 -0.222686767578125 0.027099609375
-0.255111694335937 -0.119979858398438 -0.0579299926757813 -0.135986328125
-0.25335693359375 -0.201492309570312 0.141754150390625 -0.099395751953125
-0.28533935546875 -0.282379150390625 0.172225952148437 -0.034942626953125
-0.27056884765625 -0.59173583984375 -0.031982421875 0.37677001953125
-0.386474609375 -0.54083251953125 -0.199661254882813 0.134536743164063
-0.43035888671875 -0.36627197265625 -0.209259033203125 0.341033935546875
-0.49591064453125 -0.169189453125 -0.00448608398437503 0.453277587890625
-0.4398193359375 0.0123291015625 0.2030029296875 0.2822265625
-0.382171630859375 0.2093505859375 0.197525024414062 0.127792358398438
-0.26324462890625 0.315185546875 0.08905029296875 0.0302963256835938
-0.2523193359375 0.304901123046875 0.00971221923828123 0.0523757934570313
-0.2393798828125 0.350006103515625 -0.081298828125 0.114494323730469
-0.288818359375 0.326507568359375 -0.155364990234375 0.152847290039063
-0.359130859375 0.201629638671875 -0.192642211914063 0.081329345703125
-0.420745849609375 0.09173583984375 -0.206039428710938 -0.019439697265625
-0.4083251953125 -0.127349853515625 -0.044708251953125 -0.166015625
-0.38800048828125 -0.299530029296875 0.0802154541015625 -0.147079467773438
-0.356536865234375 -0.414337158203125 0.0756378173828125 -0.154586791992188
-0.23211669921875 -0.63677978515625 -0.155776977539063 0.229873657226562
-0.39190673828125 -0.6029052734375 -0.27593994140625 0.0962066650390625
-0.46905517578125 -0.3828125 -0.146942138671875 0.34930419921875
-0.527130126953125 -0.135009765625 0.119659423828125 0.395538330078125
-0.440582275390625 0.0534362792968749 0.31072998046875 0.183685302734375
-0.36187744140625 0.2333984375 0.29180908203125 -0.000274658203124986
-0.24639892578125 0.314056396484375 0.158218383789063 -0.120956420898438
-0.250640869140625 0.307861328125 0.0530853271484375 -0.0968093872070312
-0.243896484375 0.359283447265625 -0.0471229553222656 -0.0300102233886719
-0.29547119140625 0.349822998046875 -0.116737365722656 0.0240707397460938
-0.381500244140625 0.236785888671875 -0.169219970703125 -0.027801513671875
-0.475738525390625 0.13763427734375 -0.17681884765625 -0.09930419921875
-0.507415771484375 -0.1356201171875 -0.0209808349609375 -0.20355224609375
-0.46630859375 -0.370758056640625 0.00262451171874997 -0.19140625
-0.37567138671875 -0.5001220703125 -0.04180908203125 -0.29583740234375
-0.1683349609375 -0.5838623046875 -0.250473022460938 0.0973968505859374
-0.355316162109375 -0.55169677734375 -0.31512451171875 0.067352294921875
-0.42840576171875 -0.309906005859375 -0.070831298828125 0.322784423828125
-0.451171875 -0.0631713867187499 0.225006103515625 0.294769287109375
-0.3511962890625 0.091522216796875 0.378326416015625 0.066619873046875
-0.270599365234375 0.218551635742187 0.355682373046875 -0.13433837890625
-0.187759399414063 0.262664794921875 0.206954956054688 -0.259796142578125
-0.209671020507813 0.2607421875 0.0859375 -0.23138427734375
-0.21295166015625 0.310546875 -0.016265869140625 -0.16876220703125
-0.26031494140625 0.306732177734375 -0.0750961303710938 -0.113510131835937
-0.352081298828125 0.21954345703125 -0.133071899414063 -0.153778076171875
-0.462005615234375 0.14007568359375 -0.122100830078125 -0.19775390625
-0.5181884765625 -0.15167236328125 0.023529052734375 -0.244033813476563
-0.45928955078125 -0.406463623046875 -0.0657501220703125 -0.23175048828125
-0.322296142578125 -0.5238037109375 -0.150299072265625 -0.44561767578125
-0.0888671875 -0.453460693359375 -0.306549072265625 0.00173950195312501
-0.2825927734375 -0.41705322265625 -0.31256103515625 0.05023193359375
-0.324371337890625 -0.186004638671875 -0.001251220703125 0.26544189453125
-0.301666259765625 0.0133056640624999 0.28619384765625 0.176239013671875
-0.208084106445313 0.103652954101562 0.392669677734375 -0.04608154296875
-0.141403198242187 0.162139892578125 0.370269775390625 -0.246795654296875
-0.10284423828125 0.16754150390625 0.221771240234375 -0.36370849609375
-0.13836669921875 0.173187255859375 0.104736328125 -0.33087158203125
-0.147903442382812 0.209640502929688 0.0146942138671875 -0.275131225585938
-0.182357788085938 0.213272094726563 -0.0290679931640625 -0.231033325195312
-0.26190185546875 0.161941528320313 -0.082183837890625 -0.266143798828125
-0.372894287109375 0.104034423828125 -0.04290771484375 -0.29144287109375
-0.430816650390625 -0.161712646484375 0.0911407470703124 -0.273086547851563
-0.352142333984375 -0.38934326171875 -0.107162475585938 -0.264739990234375
-0.2008056640625 -0.468475341796875 -0.2254638671875 -0.57904052734375
-0.00216674804687498 -0.274169921875 -0.326629638671875 -0.0482788085937501
-0.180648803710938 -0.239227294921875 -0.28277587890625 0.051666259765625
-0.184097290039063 -0.0572509765625 0.0526885986328125 0.203659057617188
-0.129043579101563 0.0644989013671875 0.304901123046875 0.068878173828125
-0.0558624267578125 0.0881423950195312 0.36541748046875 -0.129608154296875
-0.00942230224609375 0.0755767822265625 0.34564208984375 -0.322418212890625
-0.0120735168457031 0.0476837158203125 0.21087646484375 -0.4222412109375
-0.0473403930664063 0.0588226318359375 0.1031494140625 -0.38433837890625
-0.0533599853515625 0.079498291015625 0.036773681640625 -0.336273193359375
-0.0611724853515625 0.0991439819335938 0.008819580078125 -0.305145263671875
-0.120208740234375 0.0991744995117188 -0.03436279296875 -0.343109130859375
-0.219650268554688 0.071136474609375 0.03973388671875 -0.361968994140625
-0.271011352539063 -0.130020141601562 0.16693115234375 -0.288177490234375
-0.182769775390625 -0.29254150390625 -0.109130859375 -0.28912353515625
-0.041961669921875 -0.32952880859375 -0.24920654296875 -0.6802978515625
-0.093719482421875 -0.0240249633789062 0.30621337890625 0.6251220703125
-0.02154541015625 0.0881729125976563 0.0615386962890625 0.24957275390625
0.0738143920898438 0.0134735107421875 -0.190170288085938 0.2652587890625
0.0232429504394531 -0.0675010681152344 -0.13079833984375 0.418243408203125
-0.0394515991210938 -0.0593185424804688 0.00106811523437498 0.349456787109375
-0.0748062133789063 -0.0153732299804687 -0.013458251953125 0.29962158203125
-0.0637588500976563 0.0606307983398438 -0.0667724609375 0.339019775390625
-0.0541191101074219 0.0572052001953125 -0.1068115234375 0.3756103515625
-0.0625343322753906 0.0501365661621094 -0.188201904296875 0.39263916015625
-0.0931625366210938 0.020965576171875 -0.286407470703125 0.31976318359375
-0.0795745849609375 -0.0307083129882812 -0.290985107421875 0.178924560546875
-0.0271453857421875 -0.081298828125 -0.247879028320313 0.0127410888671875
0.07501220703125 -0.00969696044921875 -0.0615081787109375 -0.135551452636719
0.0148544311523438 0.10052490234375 0.212646484375 -0.0284423828125
-0.0910186767578125 0.0648422241210938 0.278778076171875 0.0921630859375
-0.20880126953125 -0.253524780273438 0.22564697265625 0.59674072265625
-0.200286865234375 -0.142425537109375 -0.00700378417968753 0.2177734375
-0.132919311523437 -0.121299743652344 -0.233367919921875 0.279632568359375
-0.180130004882813 -0.106124877929688 -0.1470947265625 0.446197509765625
-0.205184936523438 -0.037017822265625 0.02734375 0.358062744140625
-0.2137451171875 0.0782012939453125 0.021881103515625 0.282440185546875
-0.15948486328125 0.181289672851563 -0.0402069091796875 0.27996826171875
-0.143310546875 0.174453735351563 -0.07666015625 0.307281494140625
-0.143356323242188 0.181121826171875 -0.15057373046875 0.338104248046875
-0.184677124023438 0.141143798828125 -0.23516845703125 0.305572509765625
-0.201217651367187 0.04327392578125 -0.243942260742188 0.187896728515625
-0.185104370117188 -0.04376220703125 -0.232559204101563 0.0415496826171875
-0.0862579345703125 -0.0885086059570313 -0.0611114501953125 -0.12286376953125
-0.109405517578125 -0.0689010620117187 0.18658447265625 -0.0524139404296875
-0.19183349609375 -0.118621826171875 0.237045288085937 0.0548553466796875
-0.27056884765625 -0.45745849609375 0.104034423828125 0.51055908203125
-0.32586669921875 -0.374542236328125 -0.098876953125 0.1793212890625
-0.31256103515625 -0.271697998046875 -0.236968994140625 0.310791015625
-0.370574951171875 -0.15277099609375 -0.100555419921875 0.46478271484375
-0.353240966796875 -0.0164794921875001 0.100860595703125 0.337005615234375
-0.32794189453125 0.155120849609375 0.10003662109375 0.222793579101563
-0.231231689453125 0.270675659179688 0.01593017578125 0.17083740234375
-0.213516235351562 0.263504028320313 -0.036773681640625 0.193771362304688
-0.20208740234375 0.28973388671875 -0.112686157226563 0.2442626953125
-0.248916625976563 0.252410888671875 -0.187423706054688 0.250503540039062
-0.296478271484375 0.130828857421875 -0.210891723632813 0.158966064453125
-0.321014404296875 0.02410888671875 -0.218902587890625 0.034149169921875
-0.256820678710938 -0.122039794921875 -0.0554428100585938 -0.134178161621094
-0.255096435546875 -0.204116821289063 0.14190673828125 -0.09564208984375
-0.28912353515625 -0.28326416015625 0.16986083984375 -0.0320587158203125
-0.27667236328125 -0.593017578125 -0.030364990234375 0.379486083984375
-0.3909912109375 -0.541839599609375 -0.196868896484375 0.137298583984375
-0.435638427734375 -0.3739013671875 -0.206207275390625 0.34161376953125
-0.5009765625 -0.1654052734375 -0.00421142578125005 0.4520263671875
-0.443817138671875 0.01416015625 0.207473754882812 0.280044555664063
-0.383514404296875 0.210418701171875 0.200271606445313 0.122711181640625
-0.263702392578125 0.31817626953125 0.08740234375 0.0298309326171875
-0.250823974609375 0.31219482421875 0.00886154174804686 0.0511589050292969
-0.235931396484375 0.355865478515625 -0.0808563232421875 0.115753173828125
-0.286407470703125 0.33148193359375 -0.148086547851563 0.154144287109375
-0.360504150390625 0.208526611328125 -0.188217163085938 0.0849304199218751
-0.425537109375 0.097503662109375 -0.2025146484375 -0.0131988525390625
-0.41204833984375 -0.13104248046875 -0.04412841796875 -0.165542602539063
-0.392120361328125 -0.302734375 0.0787353515625 -0.144180297851563
-0.36334228515625 -0.415069580078125 0.0709228515625 -0.1514892578125
-0.2391357421875 -0.636962890625 -0.154571533203125 0.231491088867187
-0.39837646484375 -0.60260009765625 -0.275146484375 0.0977020263671874
-0.475433349609375 -0.38970947265625 -0.144012451171875 0.348236083984375
-0.53179931640625 -0.13226318359375 0.118560791015625 0.393157958984375
-0.4442138671875 0.0556640625 0.312591552734375 0.18072509765625
-0.364532470703125 0.233856201171875 0.29425048828125 -0.00637817382812499
-0.247833251953125 0.315521240234375 0.154998779296875 -0.122116088867188
-0.251373291015625 0.3135986328125 0.04986572265625 -0.0990447998046875
-0.2408447265625 0.365386962890625 -0.0485343933105469 -0.0293235778808594
-0.294281005859375 0.35540771484375 -0.111190795898438 0.0252304077148438
-0.384918212890625 0.24322509765625 -0.16485595703125 -0.0245361328125
-0.480865478515625 0.144317626953125 -0.173538208007813 -0.0925445556640625
-0.5093994140625 -0.136962890625 -0.0208282470703125 -0.203567504882813
-0.47344970703125 -0.373321533203125 -0.000473022460937539 -0.188552856445313
-0.382537841796875 -0.501678466796875 -0.04736328125 -0.292755126953125
-0.176513671875 -0.585693359375 -0.249267578125 0.0971527099609375
-0.36181640625 -0.550689697265625 -0.314971923828125 0.0683593749999999
-0.432098388671875 -0.3143310546875 -0.0706787109375 0.320831298828125
-0.455108642578125 -0.060333251953125 0.2216796875 0.291534423828125
-0.3536376953125 0.0932922363281251 0.378448486328125 0.061614990234375
-0.272415161132813 0.218765258789063 0.355316162109375 -0.14208984375
-0.188278198242187 0.262802124023438 0.202163696289063 -0.262969970703125
-0.210220336914062 0.267364501953125 0.081573486328125 -0.23333740234375
-0.211578369140625 0.31475830078125 -0.0186309814453125 -0.167953491210937
-0.2598876953125 0.312652587890625 -0.0716781616210937 -0.112846374511719
-0.35491943359375 0.2244873046875 -0.131072998046875 -0.15069580078125
-0.46673583984375 0.14361572265625 -0.122238159179687 -0.192306518554688
-0.52117919921875 -0.153350830078125 0.020355224609375 -0.245315551757813
-0.465057373046875 -0.40887451171875 -0.07208251953125 -0.228958129882813
-0.328582763671875 -0.523895263671875 -0.157135009765625 -0.441131591796875
-0.0941162109375 -0.45458984375 -0.30450439453125 0.000518798828124914
-0.287567138671875 -0.4146728515625 -0.312255859375 0.05072021484375
-0.3271484375 -0.18902587890625 -0.00267028808593754 0.263351440429687
-0.303558349609375 0.0145568847656251 0.279922485351563 0.172393798828125
-0.208999633789062 0.105789184570313 0.390289306640625 -0.050048828125
-0.141998291015625 0.161041259765625 0.36749267578125 -0.255340576171875
-0.104232788085937 0.167129516601563 0.21746826171875 -0.3662109375
-0.138946533203125 0.17645263671875 0.100128173828125 -0.333465576171875
-0.147186279296875 0.21295166015625 0.01239013671875 -0.275955200195313
-0.181396484375 0.215560913085937 -0.02703857421875 -0.230117797851562
-0.263198852539063 0.165206909179688 -0.0814208984375 -0.263198852539063
-0.37579345703125 0.107940673828125 -0.045745849609375 -0.287078857421875
-0.43255615234375 -0.164581298828125 0.085968017578125 -0.274658203125
-0.358154296875 -0.39410400390625 -0.113494873046875 -0.263153076171875
-0.206390380859375 -0.469482421875 -0.23223876953125 -0.57806396484375
-0.00567626953124997 -0.275238037109375 -0.325164794921875 -0.0504760742187501
-0.183990478515625 -0.237152099609375 -0.283355712890625 0.051666259765625
-0.185501098632813 -0.058624267578125 0.0493011474609375 0.201187133789063
-0.128517150878906 0.064971923828125 0.29791259765625 0.0640869140625
-0.0551605224609375 0.0891952514648437 0.36029052734375 -0.13568115234375
-0.0109024047851562 0.0737991333007813 0.341339111328125 -0.330596923828125
-0.0146217346191406 0.0447235107421875 0.20526123046875 -0.42633056640625
-0.0491447448730469 0.0594711303710937 0.099212646484375 -0.3853759765625
-0.0541839599609375 0.080718994140625 0.034881591796875 -0.336761474609375
-0.06097412109375 0.0992050170898438 0.00927734375000002 -0.303802490234375
-0.120811462402344 0.0994338989257812 -0.034332275390625 -0.341094970703125
-0.221511840820313 0.072723388671875 0.036163330078125 -0.358673095703125
-0.272552490234375 -0.13134765625 0.1600341796875 -0.289276123046875
-0.1866455078125 -0.29547119140625 -0.1177978515625 -0.287445068359375
-0.046478271484375 -0.329986572265625 -0.255859375 -0.67901611328125
-0.0997314453125 -0.0216293334960937 0.3270263671875 0.638671875
-0.0183486938476563 0.0901412963867188 0.0745086669921875 0.256332397460938
0.0766372680664063 0.0106201171875 -0.185791015625 0.274978637695313
0.0234298706054688 -0.0691947937011719 -0.123687744140625 0.428314208984375
-0.0412139892578125 -0.0618782043457031 0.00726318359375003 0.355712890625
-0.0786285400390625 -0.0164566040039062 -0.012115478515625 0.30718994140625
-0.063720703125 0.064666748046875 -0.06219482421875 0.352569580078125
-0.0520362854003906 0.0616035461425781 -0.100372314453125 0.387603759765625
-0.0620803833007813 0.0552330017089844 -0.18182373046875 0.40576171875
-0.094818115234375 0.0257339477539063 -0.2835693359375 0.336273193359375
-0.0820770263671875 -0.0291671752929687 -0.29168701171875 0.193389892578125
-0.03009033203125 -0.0815353393554688 -0.25030517578125 0.0224456787109375
0.0774688720703125 -0.0120697021484375 -0.062469482421875 -0.134262084960938
0.0215225219726563 0.102821350097656 0.220382690429688 -0.0287933349609375
-0.09344482421875 0.0687637329101562 0.287994384765625 0.094268798828125
-0.221359252929688 -0.257293701171875 0.2408447265625 0.61199951171875
-0.20733642578125 -0.14495849609375 0.0013427734375 0.225204467773438
-0.138916015625 -0.128707885742187 -0.22918701171875 0.2918701171875
-0.1884765625 -0.106277465820313 -0.141082763671875 0.459228515625
-0.213241577148438 -0.036224365234375 0.034759521484375 0.363677978515625
-0.220626831054688 0.0819396972656249 0.026641845703125 0.2869873046875
-0.161117553710937 0.190673828125 -0.036773681640625 0.291168212890625
-0.14251708984375 0.185516357421875 -0.073699951171875 0.318206787109375
-0.141708374023438 0.192474365234375 -0.145538330078125 0.3521728515625
-0.185195922851563 0.151687622070313 -0.229217529296875 0.3182373046875
-0.206787109375 0.0511932373046875 -0.243194580078125 0.199661254882812
-0.192459106445313 -0.039215087890625 -0.232391357421875 0.0514068603515625
-0.0906295776367187 -0.0908889770507813 -0.0611572265625 -0.122337341308594
-0.111068725585938 -0.0713043212890625 0.192169189453125 -0.0528564453125
-0.199478149414063 -0.118423461914063 0.2427978515625 0.0567169189453125
-0.288421630859375 -0.464874267578125 0.116790771484375 0.52490234375
-0.34259033203125 -0.379791259765625 -0.0932312011718751 0.18780517578125
-0.32659912109375 -0.281951904296875 -0.233978271484375 0.321990966796875
-0.38616943359375 -0.149322509765625 -0.0968322753906251 0.478363037109375
-0.366424560546875 -0.011932373046875 0.11090087890625 0.341278076171875
-0.337432861328125 0.161590576171875 0.107925415039062 0.22369384765625
-0.23443603515625 0.285430908203125 0.0174407958984375 0.17730712890625
-0.214096069335938 0.280181884765625 -0.03509521484375 0.199295043945313
-0.20074462890625 0.305633544921875 -0.110000610351563 0.2542724609375
-0.24981689453125 0.269302368164063 -0.18267822265625 0.261032104492187
-0.30242919921875 0.14404296875 -0.208816528320313 0.16839599609375
-0.33245849609375 0.034027099609375 -0.21820068359375 0.04376220703125
-0.267044067382813 -0.12420654296875 -0.05633544921875 -0.135444641113281
-0.265792846679688 -0.208541870117187 0.145736694335938 -0.0963134765625
-0.304595947265625 -0.286895751953125 0.171035766601562 -0.0308074951171875
-0.29669189453125 -0.60601806640625 -0.02593994140625 0.391387939453125
-0.41400146484375 -0.552490234375 -0.196624755859375 0.145217895507812
-0.455108642578125 -0.38641357421875 -0.202789306640625 0.3524169921875
-0.521820068359375 -0.16180419921875 0.00317382812499999 0.46380615234375
-0.459747314453125 0.0234375 0.21929931640625 0.27978515625
-0.3941650390625 0.222625732421875 0.209869384765625 0.11962890625
-0.2679443359375 0.33294677734375 0.0882797241210937 0.0301361083984375
-0.253143310546875 0.332000732421875 0.00686645507812498 0.051849365234375
-0.234527587890625 0.373504638671875 -0.0800628662109375 0.120903015136719
-0.28564453125 0.350616455078125 -0.144149780273438 0.159896850585938
-0.3704833984375 0.22430419921875 -0.187896728515625 0.0936431884765625
-0.439483642578125 0.111724853515625 -0.203933715820313 -0.00515747070312498
-0.42694091796875 -0.131317138671875 -0.0460357666015625 -0.169219970703125
-0.408477783203125 -0.308929443359375 0.077667236328125 -0.1458740234375
-0.382659912109375 -0.421356201171875 0.0667266845703125 -0.151168823242188
-0.25714111328125 -0.652587890625 -0.155059814453125 0.240798950195312
-0.42340087890625 -0.61358642578125 -0.27960205078125 0.104644775390625
-0.4986572265625 -0.400787353515625 -0.14080810546875 0.35888671875
-0.553466796875 -0.12579345703125 0.12579345703125 0.400909423828125
-0.459869384765625 0.0672912597656251 0.32391357421875 0.176361083984375
-0.373779296875 0.245452880859375 0.303955078125 -0.0167236328125
-0.252288818359375 0.329376220703125 0.1546630859375 -0.128509521484375
-0.2525634765625 0.3323974609375 0.046142578125 -0.103668212890625
-0.239898681640625 0.384521484375 -0.0519676208496094 -0.0289344787597656
-0.294647216796875 0.37445068359375 -0.109695434570313 0.0269927978515625
-0.393585205078125 0.259918212890625 -0.16522216796875 -0.019683837890625
-0.4951171875 0.160614013671875 -0.176498413085938 -0.087554931640625
-0.52935791015625 -0.136871337890625 -0.0257720947265625 -0.209182739257813
-0.495849609375 -0.378753662109375 -0.00563049316406253 -0.189483642578125
-0.405120849609375 -0.510711669921875 -0.057525634765625 -0.294769287109375
-0.19158935546875 -0.59906005859375 -0.254196166992188 0.103683471679687
-0.38397216796875 -0.5587158203125 -0.321685791015625 0.076080322265625
-0.452484130859375 -0.321807861328125 -0.066986083984375 0.3277587890625
-0.470672607421875 -0.05340576171875 0.22857666015625 0.295501708984375
-0.364654541015625 0.103363037109375 0.388214111328125 0.053253173828125
-0.278244018554688 0.228012084960937 0.3623046875 -0.157745361328125
-0.191650390625 0.27423095703125 0.201141357421875 -0.274200439453125
-0.21282958984375 0.2816162109375 0.0769500732421875 -0.242324829101562
-0.209747314453125 0.3309326171875 -0.022796630859375 -0.171630859375
-0.261138916015625 0.327911376953125 -0.0727615356445313 -0.11529541015625
-0.36334228515625 0.239715576171875 -0.133163452148438 -0.149856567382812
-0.4805908203125 0.158233642578125 -0.127044677734375 -0.190475463867188
-0.539703369140625 -0.153564453125 0.0142822265625 -0.253036499023438
-0.486846923828125 -0.4163818359375 -0.082275390625 -0.231094360351563
-0.350738525390625 -0.534210205078125 -0.17303466796875 -0.447174072265625
-0.10589599609375 -0.4661865234375 -0.31085205078125 0.00250244140624999
-0.306304931640625 -0.4193115234375 -0.32025146484375 0.0565185546875
-0.34228515625 -0.192413330078125 0.00105285644531247 0.268829345703125
-0.312225341796875 0.02056884765625 0.284759521484375 0.1708984375
-0.2127685546875 0.11334228515625 0.39581298828125 -0.062042236328125
-0.146011352539062 0.166976928710938 0.3699951171875 -0.273834228515625
-0.107574462890625 0.172882080078125 0.2130126953125 -0.38134765625
-0.140975952148438 0.186843872070312 0.09423828125 -0.344024658203125
-0.148147583007813 0.223220825195313 0.00772094726562497 -0.283294677734375
-0.182769775390625 0.2252197265625 -0.0290679931640625 -0.236038208007813
-0.270065307617188 0.175445556640625 -0.0859527587890625 -0.266586303710937
-0.385894775390625 0.119049072265625 -0.05194091796875 -0.289764404296875
-0.45037841796875 -0.16485595703125 0.080230712890625 -0.28472900390625
-0.378021240234375 -0.4017333984375 -0.127182006835938 -0.265548706054688
-0.22357177734375 -0.48065185546875 -0.2523193359375 -0.58721923828125
-0.011627197265625 -0.28277587890625 -0.332733154296875 -0.050140380859375
-0.195968627929688 -0.238174438476563 -0.290008544921875 0.05560302734375
-0.19427490234375 -0.0586700439453125 0.052276611328125 0.20294189453125
-0.13104248046875 0.0687789916992187 0.300048828125 0.05859375
-0.0537567138671875 0.0927963256835938 0.362823486328125 -0.148193359375
-0.0110244750976562 0.0750274658203125 0.339263916015625 -0.350555419921875
-0.0167808532714844 0.0454330444335938 0.199981689453125 -0.44293212890625
-0.0507545471191406 0.0630607604980469 0.094268798828125 -0.396392822265625
-0.0553970336914062 0.084197998046875 0.031494140625 -0.34375
-0.0618820190429688 0.102188110351563 0.00610351562500001 -0.311309814453125
-0.123260498046875 0.105445861816406 -0.039825439453125 -0.346099853515625
-0.227767944335938 0.0798950195312499 0.029052734375 -0.36480712890625
-0.282806396484375 -0.13262939453125 0.154815673828125 -0.301025390625
-0.198486328125 -0.301422119140625 -0.13201904296875 -0.291229248046875
-0.05792236328125 -0.338470458984375 -0.27764892578125 -0.6922607421875
-0.107170104980469 -0.0158233642578125 0.3707275390625 0.646240234375
-0.0141448974609375 0.0943984985351563 0.0968780517578125 0.260818481445313
0.0802154541015625 0.0062103271484375 -0.173431396484375 0.29107666015625
0.0222854614257812 -0.0717926025390625 -0.106414794921875 0.4451904296875
-0.0463104248046875 -0.0618858337402344 0.0230712890625 0.36346435546875
-0.0863876342773438 -0.0152511596679687 -0.000793457031250004 0.3179931640625
-0.0616264343261719 0.0702171325683594 -0.046722412109375 0.369903564453125
-0.0480842590332031 0.0667648315429688 -0.082366943359375 0.406524658203125
-0.0598831176757813 0.0608940124511719 -0.165191650390625 0.429107666015625
-0.0971221923828125 0.0322113037109375 -0.272186279296875 0.363525390625
-0.0862579345703125 -0.0247421264648438 -0.28790283203125 0.216094970703125
-0.0362319946289062 -0.0818710327148438 -0.253509521484375 0.0389862060546875
0.0822830200195313 -0.01849365234375 -0.0671844482421875 -0.132293701171875
0.0308609008789063 0.103736877441406 0.23046875 -0.0367431640625
-0.09393310546875 0.0763015747070313 0.30145263671875 0.087799072265625
-0.244003295898437 -0.255523681640625 0.279541015625 0.62542724609375
-0.22210693359375 -0.140594482421875 0.01910400390625 0.233428955078125
-0.149917602539063 -0.13140869140625 -0.217071533203125 0.312347412109375
-0.200790405273438 -0.10015869140625 -0.123870849609375 0.48016357421875
-0.223648071289062 -0.0282440185546875 0.05316162109375 0.36968994140625
-0.230621337890625 0.09326171875 0.040740966796875 0.294158935546875
-0.157669067382813 0.207168579101563 -0.02362060546875 0.30572509765625
-0.136184692382813 0.202560424804688 -0.060699462890625 0.332672119140625
-0.136001586914062 0.207321166992188 -0.130767822265625 0.37237548828125
-0.183792114257813 0.169937133789062 -0.217254638671875 0.3404541015625
-0.212234497070312 0.0653533935546875 -0.237686157226563 0.220306396484375
-0.201278686523437 -0.02984619140625 -0.231979370117188 0.0678558349609375
-0.0966644287109375 -0.0931320190429687 -0.0675811767578125 -0.12158203125
-0.116249084472656 -0.0730667114257813 0.19976806640625 -0.0606536865234375
-0.212631225585938 -0.113143920898437 0.252853393554688 0.0514984130859375
-0.321685791015625 -0.470001220703125 0.144195556640625 0.540863037109375
-0.37310791015625 -0.378997802734375 -0.08294677734375 0.19927978515625
-0.352874755859375 -0.283721923828125 -0.221771240234375 0.341461181640625
-0.409454345703125 -0.137542724609375 -0.075897216796875 0.4964599609375
-0.385986328125 0.00485229492187493 0.130889892578125 0.34344482421875
-0.34747314453125 0.183349609375 0.122360229492187 0.22210693359375
-0.232330322265625 0.30963134765625 0.0273590087890625 0.184814453125
-0.20635986328125 0.30645751953125 -0.0288238525390625 0.2078857421875
-0.191802978515625 0.329071044921875 -0.10009765625 0.268905639648438
-0.244354248046875 0.293243408203125 -0.17144775390625 0.275115966796875
-0.30853271484375 0.167755126953125 -0.205337524414063 0.1865234375
-0.34588623046875 0.0544738769531249 -0.217941284179688 0.0595245361328125
-0.283966064453125 -0.119873046875 -0.0620574951171875 -0.135940551757812
-0.285247802734375 -0.20684814453125 0.146743774414062 -0.103118896484375
-0.329620361328125 -0.28363037109375 0.173110961914062 -0.034423828125
-0.33612060546875 -0.61444091796875 -0.00808715820312505 0.40960693359375
-0.457489013671875 -0.55322265625 -0.192825317382813 0.159423828125
-0.493865966796875 -0.38739013671875 -0.19024658203125 0.371917724609375
-0.54962158203125 -0.1444091796875 0.023468017578125 0.479736328125
-0.478729248046875 0.0455322265625 0.239578247070312 0.274505615234375
-0.40374755859375 0.247772216796875 0.224197387695312 0.108688354492188
-0.262237548828125 0.359130859375 0.09271240234375 0.0272293090820313
-0.244903564453125 0.35986328125 0.00618743896484374 0.0522918701171875
-0.223388671875 0.402587890625 -0.0767059326171875 0.1300048828125
-0.27789306640625 0.381591796875 -0.1368408203125 0.171401977539063
-0.373931884765625 0.254974365234375 -0.185012817382813 0.106216430664063
-0.452545166015625 0.140380859375 -0.205429077148438 0.00914001464843749
-0.448150634765625 -0.12042236328125 -0.05450439453125 -0.17254638671875
-0.439910888671875 -0.304840087890625 0.07244873046875 -0.149688720703125
-0.41845703125 -0.4205322265625 0.0579681396484375 -0.15350341796875
-0.29638671875 -0.66357421875 -0.14892578125 0.257720947265625
-0.47088623046875 -0.614501953125 -0.282684326171875 0.12066650390625
-0.53802490234375 -0.399169921875 -0.1263427734375 0.37432861328125
-0.5821533203125 -0.10443115234375 0.1451416015625 0.409820556640625
-0.476318359375 0.0912475585937499 0.34210205078125 0.164886474609375
-0.37945556640625 0.273040771484375 0.31378173828125 -0.037017822265625
-0.2457275390625 0.35601806640625 0.151199340820312 -0.141128540039062
-0.24444580078125 0.361175537109375 0.0401840209960937 -0.108726501464844
-0.23016357421875 0.41094970703125 -0.0546798706054688 -0.0266990661621093
-0.28375244140625 0.40374755859375 -0.10687255859375 0.0318756103515625
-0.397186279296875 0.2933349609375 -0.168411254882813 -0.01116943359375
-0.509002685546875 0.192901611328125 -0.18255615234375 -0.0785369873046875
-0.556640625 -0.12200927734375 -0.035888671875 -0.215911865234375
-0.532623291015625 -0.375244140625 -0.017547607421875 -0.191238403320313
-0.4449462890625 -0.509429931640625 -0.077972412109375 -0.29656982421875
-0.22589111328125 -0.61346435546875 -0.2569580078125 0.118484497070313
-0.427154541015625 -0.557708740234375 -0.328125 0.090728759765625
-0.48834228515625 -0.317962646484375 -0.052703857421875 0.338287353515625
-0.492462158203125 -0.0327148437500001 0.2452392578125 0.293975830078125
-0.3743896484375 0.126220703125 0.402313232421875 0.035003662109375
-0.279800415039063 0.2490234375 0.365447998046875 -0.185577392578125
-0.189453125 0.292938232421875 0.19085693359375 -0.292816162109375
-0.207611083984375 0.3055419921875 0.06488037109375 -0.253387451171875
-0.20263671875 0.35589599609375 -0.031219482421875 -0.175369262695312
-0.2532958984375 0.353973388671875 -0.0774917602539063 -0.116203308105469
-0.36761474609375 0.269256591796875 -0.14215087890625 -0.146957397460937
-0.493255615234375 0.188934326171875 -0.137985229492188 -0.187271118164063
-0.56817626953125 -0.13763427734375 0.00128173828124999 -0.262161254882813
-0.52703857421875 -0.41375732421875 -0.099151611328125 -0.2303466796875
-0.39019775390625 -0.538055419921875 -0.205596923828125 -0.44866943359375
-0.13079833984375 -0.479644775390625 -0.320159912109375 0.01544189453125
-0.339019775390625 -0.415802001953125 -0.32720947265625 0.0721435546874999
-0.3663330078125 -0.186798095703125 0.01336669921875 0.273834228515625
-0.3226318359375 0.036285400390625 0.296417236328125 0.1607666015625
-0.21612548828125 0.128021240234375 0.401336669921875 -0.085296630859375
-0.145126342773438 0.178817749023438 0.36767578125 -0.30474853515625
-0.104843139648437 0.184158325195313 0.198333740234375 -0.406768798828125
-0.139663696289063 0.201889038085937 0.07861328125 -0.359527587890625
-0.143569946289062 0.2392578125 -0.00570678710937499 -0.292449951171875
-0.179534912109375 0.242706298828125 -0.038238525390625 -0.242691040039062
-0.274978637695313 0.196563720703125 -0.099365234375 -0.26934814453125
-0.3970947265625 0.142730712890625 -0.065399169921875 -0.293731689453125
-0.47344970703125 -0.154022216796875 0.066253662109375 -0.298492431640625
-0.412261962890625 -0.40032958984375 -0.148971557617188 -0.26507568359375
-0.2567138671875 -0.486541748046875 -0.293701171875 -0.59161376953125
-0.0260009765625 -0.292633056640625 -0.343841552734375 -0.03936767578125
-0.215194702148437 -0.2347412109375 -0.296905517578125 0.069183349609375
-0.205642700195313 -0.0536651611328125 0.0610198974609375 0.205184936523438
-0.132987976074219 0.0767898559570313 0.306427001953125 0.04345703125
-0.0507583618164062 0.0988616943359375 0.363494873046875 -0.17138671875
-0.00928497314453126 0.0762863159179688 0.3287353515625 -0.382843017578125
-0.0184898376464844 0.0470924377441406 0.181182861328125 -0.4688720703125
-0.050872802734375 0.0686225891113281 0.079681396484375 -0.41229248046875
-0.0542068481445312 0.0904998779296875 0.015716552734375 -0.3570556640625
-0.0601654052734375 0.108238220214844 -0.0054931640625 -0.32135009765625
-0.124046325683594 0.116188049316406 -0.057952880859375 -0.353240966796875
-0.233566284179688 0.09429931640625 0.0128173828125 -0.375244140625
-0.2998046875 -0.126556396484375 0.1424560546875 -0.31951904296875
-0.22100830078125 -0.304840087890625 -0.155548095703125 -0.2918701171875
-0.077545166015625 -0.347747802734375 -0.32366943359375 -0.70025634765625
-0.112922668457031 -0.00551605224609373 0.420654296875 0.63128662109375
-0.00823974609375 0.0970230102539063 0.125381469726563 0.257293701171875
0.0822219848632813 -0.00223541259765625 -0.150970458984375 0.30517578125
0.01849365234375 -0.0757598876953125 -0.0765991210937501 0.4556884765625
-0.0524063110351563 -0.0626640319824219 0.0474853515625 0.366363525390625
-0.091094970703125 -0.0100173950195313 0.016448974609375 0.322967529296875
-0.056365966796875 0.0762557983398437 -0.020355224609375 0.3795166015625
-0.0407638549804687 0.0712432861328125 -0.054840087890625 0.416717529296875
-0.0567703247070312 0.0688934326171875 -0.13525390625 0.44622802734375
-0.0958175659179688 0.0438308715820313 -0.241668701171875 0.38751220703125
-0.0878448486328125 -0.0172958374023437 -0.272598266601563 0.241912841796875
-0.0430526733398437 -0.080596923828125 -0.245223999023437 0.06195068359375
0.0820846557617188 -0.024871826171875 -0.0729293823242187 -0.126213073730469
0.0418930053710938 0.100204467773438 0.232940673828125 -0.0484619140625
-0.0906295776367188 0.0855941772460937 0.31243896484375 0.071136474609375
-0.268173217773438 -0.241043090820312 0.3277587890625 0.61651611328125
-0.235794067382813 -0.126144409179687 0.0439300537109375 0.2354736328125
-0.161972045898438 -0.127456665039062 -0.1929931640625 0.326904296875
-0.209747314453125 -0.08941650390625 -0.089630126953125 0.49395751953125
-0.231155395507813 -0.0127716064453125 0.08001708984375 0.3697509765625
-0.23284912109375 0.108871459960938 0.0609130859375 0.29522705078125
-0.14544677734375 0.222518920898438 -0.00213623046875002 0.313720703125
-0.122177124023438 0.216171264648438 -0.0374755859375 0.34124755859375
-0.121932983398437 0.222991943359375 -0.1041259765625 0.383636474609375
-0.172409057617188 0.185409545898438 -0.1929931640625 0.35748291015625
-0.209732055664063 0.0813446044921875 -0.221160888671875 0.240997314453125
-0.210250854492188 -0.0125732421875 -0.22528076171875 0.087860107421875
-0.105278015136719 -0.0914993286132812 -0.0739364624023438 -0.113258361816406
-0.122177124023438 -0.0678482055664062 0.200424194335938 -0.071685791015625
-0.224166870117188 -0.0987396240234375 0.256744384765625 0.0402374267578125
-0.36004638671875 -0.45184326171875 0.18603515625 0.54168701171875
-0.405029296875 -0.3585205078125 -0.063720703125 0.207122802734375
-0.382843017578125 -0.26959228515625 -0.19598388671875 0.35650634765625
-0.424896240234375 -0.113494873046875 -0.0416564941406251 0.507720947265625
-0.395111083984375 0.03363037109375 0.156280517578125 0.336273193359375
-0.346405029296875 0.212005615234375 0.139617919921875 0.212112426757813
-0.212860107421875 0.3311767578125 0.0389251708984375 0.186782836914063
-0.182769775390625 0.32489013671875 -0.0166168212890625 0.212554931640625
-0.169464111328125 0.350616455078125 -0.0828094482421875 0.280868530273438
-0.223388671875 0.3177490234375 -0.150970458984375 0.2928466796875
-0.30072021484375 0.195556640625 -0.186599731445313 0.204681396484375
-0.348297119140625 0.0839233398437499 -0.209243774414063 0.0772705078125
-0.2979736328125 -0.10345458984375 -0.0714645385742188 -0.132575988769531
-0.30413818359375 -0.19537353515625 0.143234252929687 -0.11126708984375
-0.354400634765625 -0.263946533203125 0.169143676757812 -0.041473388671875
-0.385498046875 -0.60150146484375 0.0223388671875 0.416595458984375
-0.502655029296875 -0.52880859375 -0.182754516601563 0.175994873046875
-0.532318115234375 -0.3675537109375 -0.162841796875 0.384429931640625
-0.57415771484375 -0.10723876953125 0.0567321777343749 0.485015869140625
-0.4871826171875 0.0802307128906249 0.265548706054688 0.25787353515625
-0.396240234375 0.282196044921875 0.23431396484375 0.088348388671875
-0.242950439453125 0.38385009765625 0.09234619140625 0.0231094360351563
-0.221588134765625 0.386566162109375 0.00665664672851561 0.0528488159179688
-0.195709228515625 0.426116943359375 -0.0692901611328125 0.138214111328125
-0.253143310546875 0.40966796875 -0.125137329101563 0.180191040039063
-0.361724853515625 0.288787841796875 -0.172470092773438 0.121444702148438
-0.452117919921875 0.180450439453125 -0.202468872070313 0.027557373046875
-0.467529296875 -0.094024658203125 -0.0667572021484375 -0.169601440429688
-0.468536376953125 -0.28436279296875 0.0612030029296875 -0.152725219726563
-0.452789306640625 -0.395263671875 0.046295166015625 -0.151519775390625
-0.34844970703125 -0.6519775390625 -0.131317138671875 0.272430419921875
-0.51995849609375 -0.59039306640625 -0.276519775390625 0.139373779296875
-0.57879638671875 -0.37445068359375 -0.098236083984375 0.380340576171875
-0.60302734375 -0.06622314453125 0.1749267578125 0.406341552734375
-0.478851318359375 0.127838134765625 0.35968017578125 0.138519287109375
-0.370147705078125 0.30303955078125 0.3162841796875 -0.06549072265625
-0.225738525390625 0.37603759765625 0.140701293945313 -0.15301513671875
-0.221771240234375 0.389801025390625 0.0293197631835937 -0.113471984863281
-0.2030029296875 0.4368896484375 -0.05682373046875 -0.0221290588378906
-0.257598876953125 0.431640625 -0.105873107910156 0.0367584228515625
-0.384674072265625 0.33001708984375 -0.1661376953125 0.00267028808593753
-0.505401611328125 0.23394775390625 -0.186737060546875 -0.063140869140625
-0.57537841796875 -0.0898437499999999 -0.0519256591796875 -0.217330932617188
-0.571044921875 -0.34808349609375 -0.032684326171875 -0.188446044921875
-0.4888916015625 -0.483856201171875 -0.10089111328125 -0.286865234375
-0.2716064453125 -0.60845947265625 -0.247955322265625 0.135650634765625
-0.474273681640625 -0.53228759765625 -0.323577880859375 0.1136474609375
-0.520782470703125 -0.291107177734375 -0.029937744140625 0.340972900390625
-0.503204345703125 0.00128173828125006 0.266464233398437 0.279693603515625
-0.37103271484375 0.155426025390625 0.405914306640625 0.00384521484375001
-0.270965576171875 0.274917602539063 0.35516357421875 -0.220367431640625
-0.170989990234375 0.31268310546875 0.16949462890625 -0.311248779296875
-0.1871337890625 0.329132080078125 0.0445098876953125 -0.261810302734375
-0.17852783203125 0.376556396484375 -0.044097900390625 -0.173934936523437
-0.231292724609375 0.37823486328125 -0.0849990844726563 -0.115104675292969
-0.3531494140625 0.30218505859375 -0.151016235351563 -0.136581420898437
-0.491302490234375 0.228759765625 -0.149658203125 -0.175918579101562
-0.588134765625 -0.10528564453125 -0.020599365234375 -0.267303466796875
-0.56805419921875 -0.38397216796875 -0.120651245117188 -0.222503662109375
-0.434783935546875 -0.51556396484375 -0.24267578125 -0.433929443359375
-0.16522216796875 -0.477935791015625 -0.320037841796875 0.0328979492187499
-0.373779296875 -0.396881103515625 -0.3255615234375 0.0935058593749999
-0.386199951171875 -0.165618896484375 0.03192138671875 0.269805908203125
-0.329498291015625 0.06146240234375 0.307373046875 0.140869140625
-0.208251953125 0.147430419921875 0.3975830078125 -0.1153564453125
-0.135391235351563 0.192306518554688 0.345611572265625 -0.33966064453125
-0.0956573486328125 0.194000244140625 0.169158935546875 -0.424224853515625
-0.125259399414063 0.218032836914063 0.051025390625 -0.3695068359375
-0.128524780273437 0.253097534179688 -0.023223876953125 -0.295867919921875
-0.164352416992188 0.258590698242188 -0.053558349609375 -0.242706298828125
-0.265640258789062 0.221939086914063 -0.11920166015625 -0.263473510742188
-0.39520263671875 0.175201416015625 -0.087799072265625 -0.28985595703125
-0.49322509765625 -0.126556396484375 0.042755126953125 -0.3072509765625
-0.447296142578125 -0.382110595703125 -0.172149658203125 -0.25238037109375
-0.295166015625 -0.474884033203125 -0.34228515625 -0.57354736328125
-0.04608154296875 -0.29620361328125 -0.34716796875 -0.02130126953125
-0.23590087890625 -0.22088623046875 -0.294219970703125 0.0853271484375
-0.213790893554687 -0.0401153564453125 0.074249267578125 0.199264526367188
-0.130447387695312 0.0881271362304688 0.306182861328125 0.02239990234375
-0.0443649291992188 0.104591369628906 0.3492431640625 -0.200927734375
-0.0062408447265625 0.0748138427734375 0.29925537109375 -0.415435791015625
-0.0189895629882813 0.0488853454589844 0.145843505859375 -0.485809326171875
-0.0472869873046875 0.0741653442382813 0.047943115234375 -0.422393798828125
-0.0504837036132813 0.0978012084960937 -0.00872802734375 -0.362579345703125
-0.0549087524414063 0.113067626953125 -0.027435302734375 -0.32366943359375
-0.117706298828125 0.126815795898437 -0.081634521484375 -0.350555419921875
-0.23138427734375 0.115127563476563 -0.01409912109375 -0.37896728515625
-0.31390380859375 -0.109771728515625 0.118743896484375 -0.33447265625
-0.247222900390625 -0.296630859375 -0.1842041015625 -0.27935791015625
-0.104888916015625 -0.34649658203125 -0.38104248046875 -0.6837158203125
-0.113792419433594 0.00702667236328124 0.45477294921875 0.59429931640625
0.001251220703125 0.0977401733398438 0.1463623046875 0.242233276367188
0.0806350708007813 -0.0091400146484375 -0.1234130859375 0.305908203125
0.0131378173828125 -0.0768585205078125 -0.045074462890625 0.450775146484375
-0.0559196472167969 -0.0595550537109375 0.070159912109375 0.354278564453125
-0.0959854125976563 -0.0021209716796875 0.038238525390625 0.31671142578125
-0.0489120483398438 0.077789306640625 0.00814819335937499 0.374603271484375
-0.0347137451171875 0.0719528198242187 -0.0225830078125 0.41156005859375
-0.0494232177734375 0.073333740234375 -0.1004638671875 0.4461669921875
-0.0905838012695313 0.049896240234375 -0.20941162109375 0.393524169921875
-0.0893020629882813 -0.0108566284179687 -0.246261596679688 0.258377075195313
-0.0478668212890625 -0.07440185546875 -0.232269287109375 0.079742431640625
0.0787277221679688 -0.0338897705078125 -0.0772705078125 -0.116943359375
0.0515365600585937 0.0923614501953125 0.229110717773438 -0.0607452392578125
-0.0837249755859375 0.091033935546875 0.30810546875 0.054229736328125
-0.280929565429688 -0.2174072265625 0.36541748046875 0.5908203125
-0.2392578125 -0.109039306640625 0.0630035400390625 0.231063842773438
-0.171096801757813 -0.119674682617188 -0.1658935546875 0.32952880859375
-0.21551513671875 -0.0750732421875 -0.056671142578125 0.490264892578125
-0.231704711914063 0.00236511230468755 0.1014404296875 0.35491943359375
-0.225112915039062 0.125503540039063 0.07659912109375 0.28173828125
-0.128250122070313 0.230209350585938 0.0211181640625 0.306488037109375
-0.101699829101563 0.220657348632813 -0.01177978515625 0.336029052734375
-0.102340698242188 0.228851318359375 -0.0760498046875 0.385528564453125
-0.155181884765625 0.198104858398438 -0.1591796875 0.36328125
-0.20147705078125 0.097137451171875 -0.196060180664063 0.254119873046875
-0.207199096679688 0.00488281250000004 -0.207427978515625 0.10467529296875
-0.111724853515625 -0.084320068359375 -0.0762252807617187 -0.1090087890625
-0.125160217285156 -0.062957763671875 0.194503784179688 -0.080963134765625
-0.228302001953125 -0.0822296142578125 0.255447387695313 0.02740478515625
-0.382843017578125 -0.425994873046875 0.21917724609375 0.52508544921875
-0.422943115234375 -0.323638916015625 -0.0456390380859375 0.20806884765625
-0.39678955078125 -0.247222900390625 -0.16546630859375 0.35833740234375
-0.4312744140625 -0.0851745605468749 -0.00906372070312504 0.505096435546875
-0.387939453125 0.057373046875 0.178924560546875 0.317901611328125
-0.329681396484375 0.234710693359375 0.150650024414062 0.194915771484375
-0.189300537109375 0.340240478515625 0.0534820556640625 0.177902221679688
-0.15704345703125 0.336151123046875 -0.003143310546875 0.21044921875
-0.141204833984375 0.358642578125 -0.059600830078125 0.281463623046875
-0.195648193359375 0.33160400390625 -0.125213623046875 0.2926025390625
-0.283294677734375 0.215087890625 -0.167984008789063 0.214523315429687
-0.3387451171875 0.108978271484375 -0.19342041015625 0.091766357421875
-0.303375244140625 -0.089019775390625 -0.0771026611328125 -0.126487731933594
-0.312652587890625 -0.175872802734375 0.136627197265625 -0.11663818359375
-0.36724853515625 -0.236236572265625 0.162307739257812 -0.0442047119140625
-0.41632080078125 -0.56719970703125 0.048370361328125 0.412322998046875
-0.5286865234375 -0.484954833984375 -0.162261962890625 0.183135986328125
-0.55377197265625 -0.334228515625 -0.130615234375 0.3807373046875
-0.57489013671875 -0.0721435546875 0.0880432128906249 0.473663330078125
-0.475006103515625 0.1141357421875 0.276657104492187 0.23651123046875
-0.376220703125 0.30377197265625 0.235366821289063 0.06439208984375
-0.21502685546875 0.3985595703125 0.0941925048828125 0.011993408203125
-0.187713623046875 0.399261474609375 0.00959014892578124 0.0530319213867188
-0.161651611328125 0.434478759765625 -0.0564727783203125 0.139976501464844
-0.217071533203125 0.42388916015625 -0.10919189453125 0.185165405273438
-0.33868408203125 0.312255859375 -0.160202026367188 0.132186889648438
-0.43597412109375 0.20867919921875 -0.188644409179688 0.0413360595703125
-0.469696044921875 -0.0671691894531251 -0.0759735107421875 -0.164047241210938
-0.483642578125 -0.252044677734375 0.05340576171875 -0.149429321289063
-0.475616455078125 -0.35833740234375 0.0321044921875 -0.146377563476563
-0.3856201171875 -0.62493896484375 -0.106903076171875 0.276336669921875
-0.550628662109375 -0.542877197265625 -0.257095336914063 0.155593872070312
-0.60028076171875 -0.3367919921875 -0.0726318359375 0.372894287109375
-0.6004638671875 -0.0266723632812499 0.1973876953125 0.3856201171875
-0.464630126953125 0.160614013671875 0.362091064453125 0.111663818359375
-0.3447265625 0.3250732421875 0.30462646484375 -0.09149169921875
-0.20166015625 0.39031982421875 0.127670288085938 -0.16253662109375
-0.189453125 0.399749755859375 0.0190048217773437 -0.11199951171875
-0.166015625 0.44635009765625 -0.0566787719726563 -0.0175933837890625
-0.222442626953125 0.44622802734375 -0.0998764038085938 0.0421142578125
-0.35821533203125 0.354400634765625 -0.160232543945313 0.0138092041015625
-0.48297119140625 0.27001953125 -0.181884765625 -0.0462799072265625
-0.5767822265625 -0.0557861328125 -0.0677947998046875 -0.210311889648438
-0.58721923828125 -0.30859375 -0.0446014404296876 -0.178817749023438
-0.512725830078125 -0.446746826171875 -0.121734619140625 -0.2672119140625
-0.30621337890625 -0.582763671875 -0.231781005859375 0.149490356445313
-0.50067138671875 -0.4901123046875 -0.31060791015625 0.12921142578125
-0.5382080078125 -0.25897216796875 -0.00747680664062504 0.32916259765625
-0.49847412109375 0.0346069335937499 0.276535034179687 0.258636474609375
-0.354766845703125 0.179595947265625 0.398223876953125 -0.025421142578125
-0.2489013671875 0.287445068359375 0.3319091796875 -0.24603271484375
-0.15020751953125 0.31927490234375 0.1439208984375 -0.3175048828125
-0.16278076171875 0.338409423828125 0.0254669189453125 -0.258407592773438
-0.14990234375 0.384307861328125 -0.0537567138671875 -0.16851806640625
-0.20306396484375 0.389251708984375 -0.089080810546875 -0.107032775878906
-0.33172607421875 0.325653076171875 -0.156051635742188 -0.1236572265625
-0.468414306640625 0.26055908203125 -0.156341552734375 -0.160675048828125
-0.59136962890625 -0.0712890625000001 -0.0397186279296876 -0.2603759765625
-0.5867919921875 -0.34649658203125 -0.134689331054688 -0.205215454101563
-0.46258544921875 -0.4801025390625 -0.26824951171875 -0.404296875
-0.194793701171875 -0.46142578125 -0.309478759765625 0.05047607421875
-0.39361572265625 -0.3612060546875 -0.312408447265625 0.106414794921875
-0.39593505859375 -0.139984130859375 0.046142578125 0.258834838867187
-0.32061767578125 0.080230712890625 0.30621337890625 0.119110107421875
-0.195236206054688 0.158843994140625 0.377716064453125 -0.142333984375
-0.1240234375 0.196456909179688 0.311492919921875 -0.3623046875
-0.0833740234375 0.198165893554688 0.134765625 -0.429473876953125
-0.109268188476562 0.223587036132813 0.028564453125 -0.364715576171875
-0.108963012695313 0.261276245117188 -0.04376220703125 -0.287017822265625
-0.144622802734375 0.267684936523438 -0.06695556640625 -0.235260009765625
-0.248565673828125 0.236923217773438 -0.130020141601563 -0.249298095703125
-0.37847900390625 0.200103759765625 -0.1036376953125 -0.275131225585938
-0.49835205078125 -0.0971984863281249 0.0185852050781249 -0.3065185546875
-0.4698486328125 -0.349517822265625 -0.189682006835938 -0.233245849609375
-0.32275390625 -0.447784423828125 -0.37548828125 -0.53594970703125
-0.0660400390625 -0.290618896484375 -0.339019775390625 -0.00292968749999995
-0.245330810546875 -0.1988525390625 -0.282470703125 0.09967041015625
-0.2149658203125 -0.0271148681640625 0.08477783203125 0.186538696289063
-0.123123168945313 0.0940093994140625 0.2952880859375 0.00299072265625001
-0.0359344482421875 0.104682922363281 0.322967529296875 -0.220672607421875
-0.00213623046875001 0.0739288330078125 0.259979248046875 -0.429962158203125
-0.0153160095214844 0.0490264892578125 0.10906982421875 -0.48675537109375
-0.043914794921875 0.0778427124023438 0.02130126953125 -0.4169921875
-0.0426712036132813 0.100189208984375 -0.028533935546875 -0.355743408203125
-0.0457992553710937 0.116111755371094 -0.04541015625 -0.3154296875
-0.109596252441406 0.134254455566406 -0.10247802734375 -0.337554931640625
-0.219741821289062 0.129776000976563 -0.0401611328125 -0.36602783203125
-0.31689453125 -0.0902709960937501 0.08941650390625 -0.33660888671875
-0.263259887695313 -0.277481079101562 -0.203109741210938 -0.258560180664063
-0.126983642578125 -0.332855224609375 -0.4202880859375 -0.64373779296875
-0.111900329589844 0.01544189453125 0.46490478515625 0.56011962890625
0.0065765380859375 0.0976409912109375 0.156646728515625 0.22705078125
0.0786056518554688 -0.01287841796875 -0.104949951171875 0.2965087890625
0.00890350341796874 -0.0766067504882813 -0.0247802734375 0.437744140625
-0.0569801330566406 -0.0568695068359375 0.082122802734375 0.338958740234375
-0.0978469848632812 0.0050201416015625 0.04815673828125 0.305267333984375
-0.0451583862304688 0.0770034790039063 0.02301025390625 0.36175537109375
-0.0288925170898437 0.0695610046386719 -0.004150390625 0.398345947265625
-0.042449951171875 0.0743179321289063 -0.078155517578125 0.438018798828125
-0.0837173461914063 0.0552139282226563 -0.185211181640625 0.38916015625
-0.0871505737304688 -0.00659942626953124 -0.224456787109375 0.260848999023438
-0.0497817993164063 -0.0693206787109375 -0.216094970703125 0.087432861328125
0.0747604370117188 -0.0392837524414063 -0.0765762329101562 -0.108467102050781
0.053466796875 0.0842361450195313 0.223892211914063 -0.0658721923828125
-0.0771484375 0.0935287475585938 0.300537109375 0.0435791015625
-0.28192138671875 -0.1981201171875 0.37774658203125 0.5606689453125
-0.2349853515625 -0.0948944091796875 0.07574462890625 0.21820068359375
-0.174957275390625 -0.113479614257813 -0.14495849609375 0.320831298828125
-0.214340209960938 -0.06817626953125 -0.033721923828125 0.47723388671875
-0.226348876953125 0.0102386474609375 0.114044189453125 0.338470458984375
-0.21856689453125 0.137115478515625 0.0850677490234375 0.26904296875
-0.116500854492188 0.229278564453125 0.032470703125 0.29534912109375
-0.0882110595703125 0.218460083007812 0.00091552734374999 0.327056884765625
-0.0866546630859375 0.228652954101563 -0.056549072265625 0.376861572265625
-0.141921997070312 0.200454711914063 -0.1392822265625 0.3585205078125
-0.192062377929688 0.106674194335937 -0.173828125 0.253524780273437
-0.20220947265625 0.0148162841796875 -0.190261840820313 0.109344482421875
-0.114433288574219 -0.0826568603515625 -0.0772171020507813 -0.101692199707031
-0.12384033203125 -0.0609512329101563 0.188552856445313 -0.084075927734375
-0.223648071289063 -0.06951904296875 0.246475219726563 0.019561767578125
-0.38909912109375 -0.39825439453125 0.234375 0.503387451171875
-0.42144775390625 -0.298004150390625 -0.0299530029296875 0.202865600585937
-0.400726318359375 -0.231597900390625 -0.145782470703125 0.34735107421875
-0.4254150390625 -0.0666198730468749 0.012603759765625 0.48907470703125
-0.376861572265625 0.0737304687499999 0.1861572265625 0.3001708984375
-0.31610107421875 0.24346923828125 0.15313720703125 0.180862426757813
-0.171478271484375 0.343017578125 0.058624267578125 0.16943359375
-0.1370849609375 0.3338623046875 0.00572204589843751 0.204544067382813
-0.118865966796875 0.35540771484375 -0.0456390380859375 0.273834228515625
-0.1749267578125 0.332061767578125 -0.1087646484375 0.28851318359375
-0.268157958984375 0.225143432617187 -0.148468017578125 0.214248657226563
-0.326385498046875 0.122802734375 -0.17816162109375 0.0980682373046875
-0.3021240234375 -0.07830810546875 -0.0785675048828125 -0.119987487792969
-0.314178466796875 -0.1639404296875 0.128829956054687 -0.115859985351563
-0.365203857421875 -0.214324951171875 0.155609130859375 -0.045257568359375
-0.427215576171875 -0.538482666015625 0.067657470703125 0.400360107421875
-0.529876708984375 -0.450592041015625 -0.146453857421875 0.181732177734375
-0.5582275390625 -0.30963134765625 -0.113037109375 0.3675537109375
-0.566650390625 -0.0459594726562499 0.104278564453125 0.455841064453125
-0.45977783203125 0.13177490234375 0.278274536132812 0.214569091796875
-0.356048583984375 0.3145751953125 0.230941772460937 0.0484161376953125
-0.194854736328125 0.3966064453125 0.0899124145507812 0.00729370117187502
-0.16534423828125 0.396759033203125 0.00881195068359374 0.0514869689941406
-0.137603759765625 0.432769775390625 -0.0476303100585938 0.138710021972656
-0.1929931640625 0.422027587890625 -0.0955657958984375 0.18170166015625
-0.315185546875 0.321533203125 -0.144943237304688 0.135284423828125
-0.415252685546875 0.2266845703125 -0.17596435546875 0.0483856201171875
-0.46514892578125 -0.051300048828125 -0.0806732177734375 -0.156219482421875
-0.48394775390625 -0.231109619140625 0.0461578369140625 -0.144607543945313
-0.473175048828125 -0.3316650390625 0.0256576538085937 -0.136337280273438
-0.3963623046875 -0.59442138671875 -0.091033935546875 0.2724609375
-0.554229736328125 -0.504058837890625 -0.241775512695313 0.15679931640625
-0.6046142578125 -0.31085205078125 -0.056060791015625 0.357330322265625
-0.5875244140625 0.000915527343750034 0.204620361328125 0.367889404296875
-0.445953369140625 0.176422119140625 0.35394287109375 0.091217041015625
-0.324554443359375 0.33270263671875 0.28875732421875 -0.107391357421875
-0.18096923828125 0.38970947265625 0.115478515625 -0.164382934570312
-0.167083740234375 0.399749755859375 0.0121917724609375 -0.107833862304687
-0.142333984375 0.44354248046875 -0.055023193359375 -0.0138473510742187
-0.19781494140625 0.444488525390625 -0.093658447265625 0.0449752807617188
-0.334442138671875 0.36328125 -0.151214599609375 0.021453857421875
-0.46173095703125 0.285675048828125 -0.172988891601563 -0.0359039306640625
-0.56842041015625 -0.0367431640624999 -0.0756378173828126 -0.201431274414063
-0.5870361328125 -0.2803955078125 -0.0510406494140625 -0.1669921875
-0.51544189453125 -0.4146728515625 -0.128372192382813 -0.248641967773438
-0.319732666015625 -0.55731201171875 -0.215225219726563 0.150711059570313
-0.50360107421875 -0.45721435546875 -0.294189453125 0.133941650390625
-0.53875732421875 -0.23370361328125 0.00387573242187496 0.313232421875
-0.4862060546875 0.0547485351562499 0.275650024414062 0.240890502929688
-0.338226318359375 0.191741943359375 0.381561279296875 -0.042022705078125
-0.233184814453125 0.290557861328125 0.306732177734375 -0.256195068359375
-0.1356201171875 0.318389892578125 0.1256103515625 -0.316131591796875
-0.142547607421875 0.335906982421875 0.012969970703125 -0.250656127929688
-0.131439208984375 0.381683349609375 -0.0582427978515625 -0.160995483398437
-0.1793212890625 0.3905029296875 -0.0889205932617188 -0.099884033203125
-0.31011962890625 0.332305908203125 -0.152236938476563 -0.112274169921875
-0.4486083984375 0.275177001953125 -0.154830932617188 -0.146942138671875
-0.58123779296875 -0.05059814453125 -0.051788330078125 -0.25244140625
-0.58837890625 -0.318359375 -0.139877319335938 -0.189773559570313
-0.466156005859375 -0.449371337890625 -0.276397705078125 -0.375518798828125
-0.2091064453125 -0.442657470703125 -0.29327392578125 0.0557861328125
-0.39520263671875 -0.334442138671875 -0.298492431640625 0.112335205078125
-0.3956298828125 -0.12335205078125 0.052581787109375 0.244491577148437
-0.309722900390625 0.092071533203125 0.296142578125 0.10516357421875
-0.182708740234375 0.16326904296875 0.3555908203125 -0.153228759765625
-0.114028930664063 0.196456909179687 0.281585693359375 -0.36676025390625
-0.0758514404296875 0.197311401367188 0.11376953125 -0.421661376953125
-0.09735107421875 0.223953247070312 0.010284423828125 -0.3553466796875
-0.096160888671875 0.259124755859375 -0.052398681640625 -0.27764892578125
-0.13031005859375 0.267013549804688 -0.0731658935546875 -0.225448608398437
-0.2325439453125 0.243682861328125 -0.135223388671875 -0.234756469726562
-0.361602783203125 0.21209716796875 -0.110031127929688 -0.259918212890625
-0.491943359375 -0.0787353515625 0.00158691406249998 -0.298675537109375
-0.472320556640625 -0.324615478515625 -0.195816040039062 -0.213088989257813
-0.3310546875 -0.42352294921875 -0.385345458984375 -0.50079345703125
-0.0759124755859375 -0.279953002929688 -0.32598876953125 0.00396728515625004
-0.245895385742187 -0.181793212890625 -0.270401000976563 0.104339599609375
-0.2147216796875 -0.0183563232421875 0.085052490234375 0.17425537109375
-0.117904663085937 0.097076416015625 0.279937744140625 -0.00822448730468749
-0.0288772583007813 0.102935791015625 0.297698974609375 -0.22723388671875
-0.000999450683593755 0.0704879760742188 0.226470947265625 -0.42901611328125
-0.0152549743652344 0.0478668212890625 0.082061767578125 -0.475128173828125
-0.0395965576171875 0.0786209106445313 0.00457763671875003 -0.40447998046875
-0.0379867553710938 0.0983428955078125 -0.042236328125 -0.344573974609375
-0.0412139892578125 0.114891052246094 -0.053955078125 -0.303680419921875
-0.100570678710937 0.136367797851563 -0.111846923828125 -0.321533203125
-0.209716796875 0.13543701171875 -0.053680419921875 -0.350830078125
-0.313995361328125 -0.079071044921875 0.07098388671875 -0.330902099609375
-0.268157958984375 -0.261398315429688 -0.209732055664063 -0.238189697265625
-0.135284423828125 -0.318511962890625 -0.4334716796875 -0.60577392578125
-0.1102294921875 0.020599365234375 0.4669189453125 0.546142578125
0.00968933105468751 0.0963592529296875 0.16192626953125 0.217041015625
0.07733154296875 -0.0146255493164063 -0.097808837890625 0.28680419921875
0.00733184814453125 -0.0762557983398438 -0.017333984375 0.42791748046875
-0.0568771362304688 -0.0565261840820313 0.08642578125 0.327606201171875
-0.0979690551757813 0.0113067626953125 0.051300048828125 0.299163818359375
-0.0444564819335938 0.0770645141601563 0.02935791015625 0.353302001953125
-0.0277137756347656 0.0669097900390625 0.002471923828125 0.390625
-0.0387496948242188 0.0738296508789063 -0.068756103515625 0.431976318359375
-0.0802230834960938 0.0559539794921875 -0.172943115234375 0.384246826171875
-0.0864639282226563 -0.00381469726562501 -0.210922241210938 0.258193969726562
-0.0501708984375 -0.0666999816894531 -0.205169677734375 0.0894775390625
0.0716018676757813 -0.0431747436523437 -0.0750503540039062 -0.103286743164063
0.0540313720703125 0.0781936645507813 0.221878051757812 -0.0650787353515625
-0.072662353515625 0.0948104858398438 0.29266357421875 0.041168212890625
-0.280776977539063 -0.190383911132813 0.37896728515625 0.54803466796875
-0.230239868164062 -0.0899658203125 0.0830535888671875 0.210968017578125
-0.176055908203125 -0.113235473632813 -0.1383056640625 0.31085205078125
-0.215240478515625 -0.06365966796875 -0.02471923828125 0.469085693359375
-0.224685668945313 0.013458251953125 0.118194580078125 0.32708740234375
-0.216766357421875 0.142120361328125 0.08709716796875 0.260269165039063
-0.11297607421875 0.229400634765625 0.03594970703125 0.28704833984375
-0.082794189453125 0.216445922851563 0.00662231445312497 0.3201904296875
-0.08062744140625 0.226882934570313 -0.047698974609375 0.3719482421875
-0.133071899414062 0.200927734375 -0.12750244140625 0.3516845703125
-0.187362670898438 0.110015869140625 -0.162429809570312 0.251602172851563
-0.198532104492188 0.019775390625 -0.179107666015625 0.110504150390625
-0.117286682128906 -0.0842514038085938 -0.0757904052734375 -0.0983123779296875
-0.124259948730469 -0.0626678466796875 0.186660766601563 -0.0825653076171875
-0.219009399414063 -0.065673828125 0.24090576171875 0.020904541015625
-0.389312744140625 -0.387420654296875 0.23974609375 0.493255615234375
-0.416259765625 -0.288970947265625 -0.02117919921875 0.197250366210937
-0.405731201171875 -0.227935791015625 -0.138763427734375 0.336578369140625
-0.423828125 -0.0588378906250001 0.020233154296875 0.481048583984375
-0.3704833984375 0.077667236328125 0.188873291015625 0.286834716796875
-0.311004638671875 0.248199462890625 0.15081787109375 0.170089721679688
-0.165069580078125 0.34136962890625 0.0584259033203125 0.163101196289063
-0.12872314453125 0.331817626953125 0.00805664062499997 0.201461791992188
-0.109954833984375 0.354705810546875 -0.0384063720703125 0.269668579101563
-0.1651611328125 0.33087158203125 -0.101409912109375 0.28436279296875
-0.25897216796875 0.22882080078125 -0.137100219726563 0.211944580078125
-0.32025146484375 0.129852294921875 -0.167205810546875 0.0989837646484375
-0.3037109375 -0.076812744140625 -0.0781707763671875 -0.116226196289063
-0.314422607421875 -0.16168212890625 0.127326965332031 -0.113204956054688
-0.3594970703125 -0.2078857421875 0.150726318359375 -0.0399627685546875
-0.426177978515625 -0.5274658203125 0.074005126953125 0.393035888671875
-0.5255126953125 -0.43603515625 -0.138504028320313 0.177703857421875
-0.56072998046875 -0.302886962890625 -0.10791015625 0.354339599609375
-0.56378173828125 -0.03619384765625 0.107818603515625 0.44635009765625
-0.45306396484375 0.1376953125 0.277542114257813 0.203811645507813
-0.34814453125 0.31756591796875 0.225341796875 0.0385589599609375
-0.186614990234375 0.3956298828125 0.0865097045898437 0.00298309326171877
-0.154571533203125 0.394744873046875 0.00828170776367186 0.0516471862792969
-0.126220703125 0.429656982421875 -0.0432968139648438 0.136543273925781
-0.179779052734375 0.4193115234375 -0.089874267578125 0.1788330078125
-0.305023193359375 0.325927734375 -0.136322021484375 0.134819030761719
-0.406646728515625 0.231719970703125 -0.1673583984375 0.050201416015625
-0.462982177734375 -0.0483703613281251 -0.0826568603515625 -0.152511596679688
-0.4837646484375 -0.2249755859375 0.044464111328125 -0.139595031738281
-0.466766357421875 -0.32061767578125 0.0228958129882812 -0.127769470214844
-0.39801025390625 -0.5831298828125 -0.0816192626953125 0.267410278320312
-0.54986572265625 -0.48931884765625 -0.233612060546875 0.154373168945312
-0.60650634765625 -0.30169677734375 -0.0545349121093751 0.344635009765625
-0.58209228515625 0.0109863281249999 0.205718994140625 0.361236572265625
-0.436065673828125 0.18194580078125 0.349609375 0.0814208984375
-0.31689453125 0.334320068359375 0.279037475585938 -0.114578247070313
-0.173370361328125 0.38714599609375 0.109420776367188 -0.1644287109375
-0.157196044921875 0.396240234375 0.0087738037109375 -0.105720520019531
-0.130889892578125 0.440399169921875 -0.0532035827636719 -0.0131454467773437
-0.184356689453125 0.44189453125 -0.0894241333007813 0.0451126098632813
-0.323150634765625 0.3668212890625 -0.14447021484375 0.022125244140625
-0.45135498046875 0.291778564453125 -0.166366577148438 -0.032562255859375
-0.56744384765625 -0.03289794921875 -0.0796356201171876 -0.197311401367188
-0.58697509765625 -0.27313232421875 -0.052032470703125 -0.159530639648438
-0.50970458984375 -0.402801513671875 -0.128997802734375 -0.235015869140625
-0.323150634765625 -0.547149658203125 -0.205947875976563 0.1470947265625
-0.499420166015625 -0.439910888671875 -0.287139892578125 0.1314697265625
-0.539886474609375 -0.225616455078125 0.00262451171875 0.30145263671875
-0.479888916015625 0.0632934570312501 0.272293090820313 0.234283447265625
-0.330169677734375 0.194854736328125 0.372283935546875 -0.048126220703125
-0.22711181640625 0.291015625 0.293609619140625 -0.25909423828125
-0.129791259765625 0.3162841796875 0.116546630859375 -0.31365966796875
-0.1346435546875 0.336181640625 0.00736999511718751 -0.2459716796875
-0.12164306640625 0.380401611328125 -0.0586395263671875 -0.157958984375
-0.170562744140625 0.3880615234375 -0.087493896484375 -0.0974197387695312
-0.300628662109375 0.335723876953125 -0.147552490234375 -0.107315063476563
-0.43841552734375 0.27960205078125 -0.150558471679688 -0.140884399414062
-0.57989501953125 -0.04595947265625 -0.057525634765625 -0.247329711914063
-0.58856201171875 -0.30853271484375 -0.140869140625 -0.179931640625
-0.46484375 -0.438018798828125 -0.275299072265625 -0.3577880859375
-0.211151123046875 -0.43682861328125 -0.284027099609375 0.05389404296875
-0.391693115234375 -0.3211669921875 -0.29254150390625 0.11016845703125
-0.395172119140625 -0.115875244140625 0.05035400390625 0.234283447265625
-0.3056640625 0.097686767578125 0.2886962890625 0.101715087890625
-0.176605224609375 0.164810180664063 0.34246826171875 -0.155303955078125
-0.110275268554687 0.195449829101563 0.26513671875 -0.366363525390625
-0.07281494140625 0.195602416992188 0.10150146484375 -0.4156494140625
-0.0923004150390625 0.223419189453125 0.00497436523437497 -0.34783935546875
-0.0907745361328125 0.25787353515625 -0.0536041259765625 -0.272674560546875
-0.124221801757812 0.26678466796875 -0.0728759765625 -0.220779418945312
-0.225875854492188 0.24627685546875 -0.133148193359375 -0.227005004882813
-0.353424072265625 0.215850830078125 -0.109695434570313 -0.250503540039063
-0.489288330078125 -0.075286865234375 -0.00668334960937502 -0.2930908203125
-0.47308349609375 -0.316131591796875 -0.196670532226563 -0.202713012695313
-0.33099365234375 -0.412506103515625 -0.38421630859375 -0.482208251953125
-0.0790863037109375 -0.2763671875 -0.317291259765625 0.00183105468749994
-0.24420166015625 -0.172775268554688 -0.264404296875 0.101409912109375
-0.213943481445312 -0.0157928466796875 0.081817626953125 0.166961669921875
-0.115615844726563 0.0986099243164063 0.2696533203125 -0.00932312011718749
-0.0261688232421875 0.102104187011719 0.283447265625 -0.224334716796875
-0.00199508666992188 0.0693168640136719 0.20916748046875 -0.422637939453125
-0.0157203674316406 0.0471420288085938 0.0738525390625 -0.466278076171875
-0.0371246337890625 0.078277587890625 -0.000640869140625025 -0.397186279296875
-0.03662109375 0.0980148315429688 -0.04388427734375 -0.336456298828125
-0.0385055541992187 0.113975524902344 -0.05401611328125 -0.297637939453125
-0.0965499877929688 0.136611938476563 -0.1116943359375 -0.310821533203125
-0.204849243164062 0.137588500976563 -0.057220458984375 -0.341552734375
-0.31304931640625 -0.0763854980468751 0.0614013671874999 -0.324981689453125
-0.269866943359375 -0.256668090820313 -0.210906982421875 -0.226287841796875
-0.13775634765625 -0.31048583984375 -0.431396484375 -0.585693359375
-0.111228942871094 0.0247421264648437 0.47308349609375 0.55010986328125
0.0130538940429688 0.0985946655273437 0.170364379882813 0.21392822265625
0.0788192749023438 -0.0164718627929688 -0.09613037109375 0.286041259765625
0.00755310058593749 -0.0777359008789063 -0.012969970703125 0.428955078125
-0.0591011047363281 -0.0582923889160156 0.089569091796875 0.325103759765625
-0.100013732910156 0.0164337158203125 0.052215576171875 0.3001708984375
-0.045654296875 0.0795059204101563 0.030364990234375 0.353973388671875
-0.0276908874511719 0.0670890808105469 0.00543212890625002 0.393096923828125
-0.0371856689453125 0.0749130249023438 -0.062957763671875 0.438079833984375
-0.0800094604492188 0.0588836669921875 -0.169158935546875 0.38873291015625
-0.0874099731445312 -0.002532958984375 -0.205108642578125 0.261962890625
-0.0517730712890625 -0.0671882629394531 -0.201812744140625 0.0913848876953125
0.0706863403320313 -0.0466156005859375 -0.0742111206054688 -0.101860046386719
0.055023193359375 0.0774688720703125 0.226318359375 -0.06549072265625
-0.0715255737304688 0.0970993041992187 0.293243408203125 0.0438232421875
-0.286651611328125 -0.190673828125 0.387939453125 0.5517578125
-0.231109619140625 -0.0897674560546875 0.0898895263671875 0.209808349609375
-0.182037353515625 -0.11627197265625 -0.137359619140625 0.30865478515625
-0.219497680664063 -0.062957763671875 -0.020263671875 0.47247314453125
-0.228134155273438 0.013671875 0.1243896484375 0.32354736328125
-0.218841552734375 0.148330688476563 0.0879364013671875 0.258392333984375
-0.113265991210937 0.234878540039063 0.0369873046875 0.286346435546875
-0.08154296875 0.220016479492188 0.00827026367187498 0.3218994140625
-0.07769775390625 0.231964111328125 -0.043060302734375 0.37469482421875
-0.13079833984375 0.206787109375 -0.125640869140625 0.35662841796875
-0.188339233398438 0.114990234375 -0.157501220703125 0.253707885742188
-0.201263427734375 0.0226287841796875 -0.174850463867188 0.111923217773437
-0.123123168945312 -0.0859603881835938 -0.0760879516601563 -0.0973052978515625
-0.128166198730469 -0.0654525756835937 0.18963623046875 -0.083099365234375
-0.219024658203125 -0.0653991699218749 0.241073608398438 0.0254058837890625
-0.396697998046875 -0.3909912109375 0.247039794921875 0.498321533203125
-0.420623779296875 -0.2906494140625 -0.017242431640625 0.196533203125
-0.41754150390625 -0.231414794921875 -0.1405029296875 0.333984375
-0.433380126953125 -0.0570373535156251 0.025421142578125 0.483612060546875
-0.376434326171875 0.0808105468750001 0.1953125 0.28363037109375
-0.31268310546875 0.2578125 0.152450561523437 0.16552734375
-0.16387939453125 0.350372314453125 0.0579833984375 0.162338256835938
-0.1251220703125 0.338897705078125 0.00936889648437498 0.203964233398438
-0.106201171875 0.36029052734375 -0.0352020263671875 0.271942138671875
-0.16107177734375 0.337646484375 -0.09710693359375 0.28662109375
-0.259796142578125 0.237075805664063 -0.132720947265625 0.2138671875
-0.322235107421875 0.13671875 -0.16253662109375 0.099884033203125
-0.312774658203125 -0.07830810546875 -0.0801162719726563 -0.116195678710937
-0.323394775390625 -0.16448974609375 0.129158020019531 -0.112442016601563
-0.3624267578125 -0.209442138671875 0.150680541992187 -0.0344085693359375
-0.435272216796875 -0.533721923828125 0.0795593261718749 0.39532470703125
-0.53192138671875 -0.440399169921875 -0.135345458984375 0.177017211914063
-0.57672119140625 -0.306884765625 -0.1103515625 0.351318359375
-0.5745849609375 -0.0315551757812499 0.11358642578125 0.45086669921875
-0.4566650390625 0.14361572265625 0.28240966796875 0.20001220703125
-0.3499755859375 0.327056884765625 0.224334716796875 0.03131103515625
-0.186859130859375 0.405181884765625 0.084808349609375 0.00114440917968752
-0.150787353515625 0.401947021484375 0.00860977172851562 0.0537452697753907
-0.122039794921875 0.438201904296875 -0.04229736328125 0.137619018554688
-0.174896240234375 0.42742919921875 -0.088104248046875 0.181732177734375
-0.305267333984375 0.335174560546875 -0.131195068359375 0.136322021484375
-0.410980224609375 0.242095947265625 -0.163284301757813 0.05218505859375
-0.4769287109375 -0.0481872558593749 -0.08587646484375 -0.153182983398438
-0.495208740234375 -0.228057861328125 0.0446548461914062 -0.137893676757813
-0.4737548828125 -0.32305908203125 0.021514892578125 -0.122055053710938
-0.406005859375 -0.59088134765625 -0.0787506103515625 0.268753051757812
-0.55816650390625 -0.491180419921875 -0.233474731445312 0.15380859375
-0.6220703125 -0.30523681640625 -0.057647705078125 0.34161376953125
-0.5928955078125 0.0166625976562499 0.2103271484375 0.3631591796875
-0.440185546875 0.190032958984375 0.352783203125 0.077178955078125
-0.318511962890625 0.341949462890625 0.27691650390625 -0.122634887695312
-0.172698974609375 0.39544677734375 0.107086181640625 -0.168075561523437
-0.15301513671875 0.40289306640625 0.00727844238281248 -0.104911804199219
-0.127960205078125 0.447509765625 -0.0524063110351563 -0.0136985778808593
-0.181243896484375 0.45068359375 -0.088836669921875 0.045928955078125
-0.32452392578125 0.377777099609375 -0.141616821289063 0.024200439453125
-0.456298828125 0.3018798828125 -0.163558959960938 -0.03106689453125
-0.5794677734375 -0.0311889648437499 -0.0852050781250001 -0.197418212890625
-0.60052490234375 -0.2760009765625 -0.053619384765625 -0.157089233398438
-0.51678466796875 -0.40594482421875 -0.130630493164063 -0.230422973632813
-0.32855224609375 -0.556243896484375 -0.204254150390625 0.145401000976562
-0.507110595703125 -0.443145751953125 -0.28875732421875 0.129974365234375
-0.55450439453125 -0.227081298828125 -0.000213623046875063 0.298980712890625
-0.487945556640625 0.0703125000000001 0.276412963867187 0.236984252929687
-0.330780029296875 0.201324462890625 0.37347412109375 -0.05194091796875
-0.22674560546875 0.297760009765625 0.28863525390625 -0.26739501953125
-0.12896728515625 0.322845458984375 0.1138916015625 -0.31597900390625
-0.13116455078125 0.34149169921875 0.00563049316406248 -0.246826171875
-0.1190185546875 0.38714599609375 -0.05926513671875 -0.1593017578125
-0.16650390625 0.395263671875 -0.0869140625 -0.0978012084960937
-0.300811767578125 0.3453369140625 -0.14593505859375 -0.1065673828125
-0.44281005859375 0.29052734375 -0.149429321289063 -0.139450073242187
-0.59356689453125 -0.0455322265625001 -0.0636291503906251 -0.248687744140625
-0.60198974609375 -0.31158447265625 -0.1444091796875 -0.1766357421875
-0.471160888671875 -0.441558837890625 -0.27880859375 -0.354583740234375
-0.21575927734375 -0.441680908203125 -0.283477783203125 0.050323486328125
-0.396209716796875 -0.321807861328125 -0.294189453125 0.1083984375
-0.40545654296875 -0.1163330078125 0.046966552734375 0.2322998046875
-0.308929443359375 0.10369873046875 0.289642333984375 0.1021728515625
-0.175460815429687 0.170135498046875 0.341156005859375 -0.15728759765625
-0.110458374023437 0.199310302734375 0.258087158203125 -0.371246337890625
-0.0720367431640625 0.19964599609375 0.09893798828125 -0.419464111328125
-0.0901641845703125 0.227493286132813 0.00228881835937499 -0.3494873046875
-0.0884857177734375 0.262847900390625 -0.0558319091796875 -0.275680541992188
-0.121917724609375 0.271484375 -0.0720977783203125 -0.22259521484375
-0.226898193359375 0.252670288085938 -0.132797241210938 -0.226104736328125
-0.358184814453125 0.2235107421875 -0.110122680664063 -0.250244140625
-0.5006103515625 -0.0765075683593749 -0.013153076171875 -0.294586181640625
-0.486114501953125 -0.320068359375 -0.202041625976563 -0.198944091796875
-0.335601806640625 -0.41619873046875 -0.3875732421875 -0.479583740234375
-0.0817718505859375 -0.280838012695313 -0.3165283203125 -0.00366210937499998
-0.247344970703125 -0.172210693359375 -0.267318725585938 0.0993804931640625
-0.219039916992188 -0.0135345458984375 0.07891845703125 0.164932250976563
-0.115478515625 0.101966857910156 0.26824951171875 -0.00885009765624999
-0.024017333984375 0.104240417480469 0.280136108398438 -0.224639892578125
-0.00179672241210938 0.0700035095214844 0.199737548828125 -0.425506591796875
-0.0172615051269531 0.047332763671875 0.069122314453125 -0.469818115234375
-0.036865234375 0.0795822143554688 -0.00341796874999998 -0.399932861328125
-0.0358428955078125 0.09893798828125 -0.04534912109375 -0.341705322265625
-0.0377426147460937 0.116500854492187 -0.05426025390625 -0.300750732421875
-0.0962066650390625 0.140457153320312 -0.11419677734375 -0.31121826171875
-0.205764770507812 0.143020629882813 -0.05804443359375 -0.341522216796875
-0.32110595703125 -0.078125 0.0552673339843749 -0.32891845703125
-0.278152465820313 -0.259078979492188 -0.216567993164063 -0.222503662109375
-0.1414794921875 -0.311676025390625 -0.43719482421875 -0.58612060546875
-0.115097045898437 0.0318222045898438 0.5035400390625 0.55804443359375
0.0186691284179688 0.103233337402344 0.185348510742188 0.212600708007813
0.0827713012695312 -0.02020263671875 -0.092529296875 0.292572021484375
0.00553131103515625 -0.0807342529296875 -0.00216674804687503 0.43975830078125
-0.064483642578125 -0.0612220764160156 0.100372314453125 0.329010009765625
-0.103065490722656 0.0235214233398438 0.060211181640625 0.30718994140625
-0.045867919921875 0.0857620239257812 0.03912353515625 0.3624267578125
-0.0272102355957031 0.0702400207519531 0.015960693359375 0.4022216796875
-0.0349197387695312 0.07977294921875 -0.051116943359375 0.452667236328125
-0.079376220703125 0.0646209716796875 -0.16192626953125 0.40460205078125
-0.0907821655273438 0.000801086425781252 -0.201187133789062 0.2760009765625
-0.0556869506835937 -0.0681076049804688 -0.200851440429688 0.0989685058593751
0.0700950622558594 -0.0515785217285156 -0.0763931274414062 -0.10052490234375
0.058380126953125 0.0760879516601563 0.235671997070313 -0.0709686279296875
-0.0683822631835938 0.102714538574219 0.300994873046875 0.04351806640625
-0.30047607421875 -0.1898193359375 0.41363525390625 0.5628662109375
-0.239730834960938 -0.0870208740234376 0.1026611328125 0.210952758789062
-0.193359375 -0.118789672851562 -0.135955810546875 0.317291259765625
-0.230270385742188 -0.0595703125 -0.00918579101562503 0.484710693359375
-0.236831665039062 0.018585205078125 0.134552001953125 0.3258056640625
-0.223785400390625 0.16357421875 0.095367431640625 0.260833740234375
-0.110015869140625 0.248916625976562 0.04339599609375 0.294342041015625
-0.0771484375 0.23028564453125 0.01715087890625 0.331787109375
-0.0717010498046875 0.24212646484375 -0.032073974609375 0.387176513671875
-0.128143310546875 0.218948364257813 -0.117218017578125 0.37017822265625
-0.190475463867187 0.126296997070313 -0.150726318359375 0.265106201171875
-0.207138061523438 0.0307159423828125 -0.172210693359375 0.119247436523438
-0.133369445800781 -0.08721923828125 -0.0792312622070313 -0.095794677734375
-0.135887145996094 -0.0667800903320313 0.197067260742188 -0.0887603759765625
-0.225326538085938 -0.0634307861328125 0.247940063476563 0.0262451171875
-0.421539306640625 -0.394866943359375 0.268646240234375 0.50811767578125
-0.440826416015625 -0.291259765625 -0.00984191894531254 0.199798583984375
-0.443267822265625 -0.23455810546875 -0.140472412109375 0.34228515625
-0.452789306640625 -0.04742431640625 0.039398193359375 0.498382568359375
-0.387939453125 0.092681884765625 0.207305908203125 0.2821044921875
-0.319183349609375 0.277618408203125 0.157745361328125 0.162277221679688
-0.160888671875 0.370086669921875 0.0618438720703125 0.164825439453125
-0.11968994140625 0.35418701171875 0.0145416259765625 0.209991455078125
-0.097412109375 0.37677001953125 -0.0281982421875 0.280075073242188
-0.153045654296875 0.353973388671875 -0.090118408203125 0.29852294921875
-0.260635375976563 0.255111694335938 -0.12664794921875 0.2227783203125
-0.329864501953125 0.152801513671875 -0.15948486328125 0.10626220703125
-0.331573486328125 -0.073089599609375 -0.0860748291015625 -0.116455078125
-0.3414306640625 -0.164154052734375 0.131698608398437 -0.116561889648438
-0.377593994140625 -0.20843505859375 0.15411376953125 -0.0325469970703125
-0.461944580078125 -0.54461669921875 0.0932617187499999 0.405792236328125
-0.559844970703125 -0.442840576171875 -0.133529663085938 0.182449340820313
-0.61187744140625 -0.30712890625 -0.110931396484375 0.360443115234375
-0.597412109375 -0.0169677734375 0.13128662109375 0.46368408203125
-0.47003173828125 0.16033935546875 0.296234130859375 0.194488525390625
-0.355621337890625 0.349395751953125 0.228622436523437 0.0218658447265625
-0.18121337890625 0.427398681640625 0.0858917236328125 -0.00201416015624997
-0.141937255859375 0.421600341796875 0.00992584228515624 0.0554046630859375
-0.11181640625 0.457489013671875 -0.0387725830078125 0.14190673828125
-0.165130615234375 0.447998046875 -0.0834808349609375 0.18890380859375
-0.30615234375 0.359161376953125 -0.127410888671875 0.142990112304688
-0.417724609375 0.2662353515625 -0.161575317382813 0.0567626953125
-0.500518798828125 -0.039276123046875 -0.0939178466796875 -0.154220581054688
-0.5224609375 -0.225616455078125 0.0442962646484375 -0.141128540039063
-0.49407958984375 -0.325439453125 0.02056884765625 -0.120414733886719
-0.43438720703125 -0.60467529296875 -0.07183837890625 0.27618408203125
-0.58697509765625 -0.495849609375 -0.236434936523438 0.1605224609375
-0.6611328125 -0.30419921875 -0.057281494140625 0.349456787109375
-0.6141357421875 0.0348510742187501 0.22650146484375 0.36932373046875
-0.45013427734375 0.208099365234375 0.36529541015625 0.068115234375
-0.319580078125 0.36474609375 0.278945922851563 -0.13751220703125
-0.167938232421875 0.416015625 0.104080200195312 -0.176910400390625
-0.14508056640625 0.42230224609375 0.00473785400390624 -0.107452392578125
-0.117919921875 0.4678955078125 -0.05450439453125 -0.0147209167480468
-0.170684814453125 0.4735107421875 -0.087799072265625 0.049591064453125
-0.32281494140625 0.403411865234375 -0.140625 0.02777099609375
-0.4632568359375 0.32958984375 -0.1646728515625 -0.027496337890625
-0.60986328125 -0.0184936523437501 -0.0944976806640625 -0.200439453125
-0.6329345703125 -0.27191162109375 -0.058837890625 -0.156845092773438
-0.543609619140625 -0.411041259765625 -0.138626098632813 -0.2283935546875
-0.3555908203125 -0.57147216796875 -0.2039794921875 0.15032958984375
-0.532928466796875 -0.44390869140625 -0.293792724609375 0.1365966796875
-0.58673095703125 -0.22320556640625 0.00201416015625 0.304901123046875
-0.50262451171875 0.0867004394531251 0.290740966796875 0.238677978515625
-0.33465576171875 0.21826171875 0.383270263671875 -0.0625
-0.227294921875 0.31475830078125 0.287017822265625 -0.284576416015625
-0.1243896484375 0.338134765625 0.10772705078125 -0.329620361328125
-0.125335693359375 0.358062744140625 0.000213623046874998 -0.253707885742188
-0.11322021484375 0.405181884765625 -0.06524658203125 -0.164749145507812
-0.15838623046875 0.414154052734375 -0.0899124145507813 -0.0985336303710937
-0.302337646484375 0.369720458984375 -0.148956298828125 -0.10595703125
-0.451904296875 0.3162841796875 -0.1539306640625 -0.139373779296875
-0.6231689453125 -0.0350341796874999 -0.0755920410156251 -0.253173828125
-0.63592529296875 -0.3101806640625 -0.15380859375 -0.174514770507813
-0.495849609375 -0.4482421875 -0.2928466796875 -0.35498046875
-0.235931396484375 -0.455718994140625 -0.287353515625 0.05108642578125
-0.416748046875 -0.321380615234375 -0.30126953125 0.114501953125
-0.4266357421875 -0.109527587890625 0.0493927001953125 0.235610961914062
-0.316741943359375 0.11639404296875 0.300018310546875 0.10015869140625
-0.1746826171875 0.180587768554688 0.345428466796875 -0.1693115234375
-0.108444213867188 0.209121704101562 0.251922607421875 -0.3878173828125
-0.0702056884765625 0.209274291992188 0.089385986328125 -0.43389892578125
-0.08673095703125 0.23797607421875 -0.00512695312499998 -0.35955810546875
-0.0847015380859375 0.27392578125 -0.06341552734375 -0.2847900390625
-0.117523193359375 0.2847900390625 -0.078277587890625 -0.227813720703125
-0.226333618164062 0.270217895507813 -0.140060424804687 -0.229782104492188
-0.3651123046875 0.243804931640625 -0.117263793945313 -0.254486083984375
-0.52630615234375 -0.06781005859375 -0.024322509765625 -0.3026123046875
-0.514556884765625 -0.320281982421875 -0.21417236328125 -0.195846557617188
-0.3555908203125 -0.423004150390625 -0.40972900390625 -0.48394775390625
-0.091766357421875 -0.290740966796875 -0.32379150390625 -0.00354003906249999
-0.2596435546875 -0.170486450195312 -0.273880004882813 0.104278564453125
-0.229476928710937 -0.00859069824218748 0.08160400390625 0.166259765625
-0.116722106933594 0.109611511230469 0.274017333984375 -0.01324462890625
-0.0199127197265625 0.108863830566406 0.279891967773438 -0.236007690429687
4.43185443066135E-18 0.0723800659179688 0.1893310546875 -0.44049072265625
-0.0175590515136719 0.0496635437011719 0.0593566894531249 -0.48419189453125
-0.0359268188476563 0.0835037231445312 -0.011077880859375 -0.412109375
-0.0336227416992188 0.103408813476563 -0.05389404296875 -0.35150146484375
-0.0348663330078125 0.121070861816406 -0.0621337890625 -0.309051513671875
-0.0944061279296875 0.148941040039063 -0.123443603515625 -0.31658935546875
-0.208786010742187 0.155120849609375 -0.06695556640625 -0.349639892578125
-0.3380126953125 -0.07330322265625 0.04510498046875 -0.33929443359375
-0.29669189453125 -0.26220703125 -0.230209350585938 -0.219635009765625
-0.15301513671875 -0.3177490234375 -0.46484375 -0.59259033203125
-0.116554260253906 0.0430679321289063 0.5504150390625 0.552978515625
0.0280303955078125 0.106651306152344 0.206405639648438 0.204147338867188
0.0853652954101563 -0.0276947021484375 -0.08123779296875 0.3028564453125
0.00164794921875001 -0.0850448608398438 0.022247314453125 0.452423095703125
-0.072479248046875 -0.0615997314453125 0.1175537109375 0.330780029296875
-0.104515075683594 0.032928466796875 0.07666015625 0.312652587890625
-0.0419158935546875 0.093719482421875 0.05926513671875 0.371002197265625
-0.0243606567382813 0.074920654296875 0.038787841796875 0.412139892578125
-0.030242919921875 0.0841751098632813 -0.024871826171875 0.468841552734375
-0.0770721435546875 0.0724029541015625 -0.142303466796875 0.424835205078125
-0.0938339233398438 0.0069580078125 -0.18756103515625 0.295501708984375
-0.0617141723632812 -0.0671844482421875 -0.197006225585938 0.11309814453125
0.0670089721679688 -0.0587005615234375 -0.0811920166015625 -0.0968780517578125
0.0648193359375 0.0738449096679688 0.242904663085938 -0.0848541259765625
-0.0623703002929687 0.108978271484375 0.311126708984375 0.034881591796875
-0.321624755859375 -0.17822265625 0.45947265625 0.5628662109375
-0.25091552734375 -0.0762786865234375 0.121063232421875 0.207595825195313
-0.208938598632813 -0.115127563476563 -0.127838134765625 0.330596923828125
-0.2423095703125 -0.0491943359375 0.018218994140625 0.50067138671875
-0.2464599609375 0.031402587890625 0.155059814453125 0.325439453125
-0.22235107421875 0.18548583984375 0.108245849609375 0.260940551757813
-0.09906005859375 0.267623901367188 0.058624267578125 0.29998779296875
-0.0655059814453125 0.2425537109375 0.036285400390625 0.34033203125
-0.0582733154296875 0.255905151367188 -0.00933837890625005 0.401123046875
-0.116317749023437 0.234649658203125 -0.096771240234375 0.38787841796875
-0.189239501953125 0.143905639648438 -0.136199951171875 0.2808837890625
-0.212631225585938 0.044952392578125 -0.165420532226563 0.131118774414062
-0.146316528320313 -0.0829315185546875 -0.0850601196289063 -0.0926437377929687
-0.146575927734375 -0.0633544921875 0.200485229492188 -0.100738525390625
-0.234619140625 -0.056060791015625 0.2564697265625 0.0204925537109375
-0.458343505859375 -0.387847900390625 0.306854248046875 0.5120849609375
-0.470458984375 -0.2789306640625 0.00373840332031249 0.202957153320313
-0.47821044921875 -0.220855712890625 -0.13037109375 0.3572998046875
-0.47052001953125 -0.024200439453125 0.06988525390625 0.511749267578125
-0.39874267578125 0.117706298828125 0.229812622070312 0.275115966796875
-0.314239501953125 0.3076171875 0.1678466796875 0.154769897460938
-0.143524169921875 0.39508056640625 0.0705718994140625 0.165679931640625
-0.100067138671875 0.37261962890625 0.0278472900390625 0.215667724609375
-0.07574462890625 0.396728515625 -0.011322021484375 0.28924560546875
-0.134765625 0.37744140625 -0.0733642578125 0.31256103515625
-0.253662109375 0.28173828125 -0.112823486328125 0.235305786132813
-0.3321533203125 0.17999267578125 -0.153167724609375 0.117752075195312
-0.3524169921875 -0.056915283203125 -0.0938491821289063 -0.113517761230469
-0.36663818359375 -0.152557373046875 0.132537841796875 -0.124801635742188
-0.4000244140625 -0.19921875 0.157882690429687 -0.0344696044921875
-0.510101318359375 -0.540374755859375 0.12127685546875 0.413116455078125
-0.6021728515625 -0.42803955078125 -0.126205444335938 0.192398071289063
-0.66058349609375 -0.28729248046875 -0.100006103515625 0.3748779296875
-0.62188720703125 0.0162963867187499 0.1607666015625 0.47149658203125
-0.47784423828125 0.192718505859375 0.317138671875 0.18023681640625
-0.349212646484375 0.38433837890625 0.232620239257812 0.00563049316406252
-0.161590576171875 0.454559326171875 0.086639404296875 -0.00775146484374997
-0.119720458984375 0.44439697265625 0.0146293640136719 0.0568466186523438
-0.086090087890625 0.480438232421875 -0.0318756103515625 0.146621704101563
-0.1409912109375 0.474090576171875 -0.073486328125 0.200698852539063
-0.29351806640625 0.39324951171875 -0.118438720703125 0.152999877929688
-0.416290283203125 0.302581787109375 -0.158004760742188 0.0665435791015626
-0.528564453125 -0.0113525390625001 -0.105804443359375 -0.151687622070313
-0.55810546875 -0.206817626953125 0.0391082763671875 -0.145050048828125
-0.527130126953125 -0.313385009765625 0.0167388916015625 -0.117668151855469
-0.48187255859375 -0.60504150390625 -0.057037353515625 0.285736083984375
-0.63336181640625 -0.4818115234375 -0.23480224609375 0.173934936523438
-0.7086181640625 -0.27899169921875 -0.0450744628906251 0.36102294921875
-0.63629150390625 0.071533203125 0.25640869140625 0.370391845703125
-0.45220947265625 0.2418212890625 0.381500244140625 0.0472412109375
-0.3114013671875 0.395355224609375 0.275405883789063 -0.160812377929687
-0.14886474609375 0.442108154296875 0.096343994140625 -0.189193725585937
-0.124267578125 0.444183349609375 2.28881835937528E-05 -0.110862731933594
-0.09417724609375 0.49261474609375 -0.0575103759765625 -0.0131263732910156
-0.1453857421875 0.499298095703125 -0.0855026245117188 0.0565338134765625
-0.30859375 0.439971923828125 -0.138755798339844 0.0353851318359375
-0.461761474609375 0.37054443359375 -0.166641235351563 -0.0200958251953125
-0.63897705078125 0.0145263671874999 -0.111358642578125 -0.198638916015625
-0.67596435546875 -0.24835205078125 -0.0695495605468751 -0.15447998046875
-0.5819091796875 -0.39794921875 -0.153610229492188 -0.22247314453125
-0.39764404296875 -0.57366943359375 -0.1998291015625 0.1600341796875
-0.57470703125 -0.4302978515625 -0.296478271484375 0.152740478515625
-0.6265869140625 -0.197265625 0.012725830078125 0.312164306640625
-0.517181396484375 0.119720458984375 0.312713623046875 0.231109619140625
-0.331634521484375 0.245330810546875 0.3909912109375 -0.087432861328125
-0.216644287109375 0.339019775390625 0.27630615234375 -0.310333251953125
-0.108795166015625 0.358184814453125 0.09271240234375 -0.34661865234375
-0.107421875 0.37713623046875 -0.0131683349609375 -0.26123046875
-0.09173583984375 0.427032470703125 -0.07720947265625 -0.167648315429687
-0.1383056640625 0.43841552734375 -0.0959243774414063 -0.0969467163085937
-0.289642333984375 0.40264892578125 -0.156082153320313 -0.101303100585938
-0.449371337890625 0.3563232421875 -0.162506103515625 -0.13494873046875
-0.655029296875 -0.000793457031250061 -0.0952453613281251 -0.255142211914063
-0.68243408203125 -0.2884521484375 -0.168899536132813 -0.166595458984375
-0.537322998046875 -0.438323974609375 -0.319610595703125 -0.346405029296875
-0.2679443359375 -0.46075439453125 -0.29248046875 0.0608215332031249
-0.448394775390625 -0.307098388671875 -0.305999755859375 0.13006591796875
-0.453094482421875 -0.0890197753906251 0.059356689453125 0.238250732421875
-0.320648193359375 0.139801025390625 0.314697265625 0.088165283203125
-0.167327880859375 0.198028564453125 0.3460693359375 -0.192138671875
-0.100372314453125 0.222732543945313 0.2340087890625 -0.412506103515625
-0.060302734375 0.220962524414062 0.067901611328125 -0.452911376953125
-0.074462890625 0.250564575195313 -0.023712158203125 -0.371429443359375
-0.071533203125 0.288543701171875 -0.0814208984375 -0.290985107421875
-0.103363037109375 0.301513671875 -0.0908966064453125 -0.230056762695312
-0.217681884765625 0.294891357421875 -0.153915405273438 -0.2293701171875
-0.36285400390625 0.275787353515625 -0.131866455078125 -0.254592895507813
-0.5550537109375 -0.0426635742187501 -0.046142578125 -0.30865478515625
-0.555023193359375 -0.3057861328125 -0.232345581054688 -0.185440063476563
-0.3897705078125 -0.420013427734375 -0.446868896484375 -0.47314453125
-0.11163330078125 -0.297393798828125 -0.3331298828125 0.00567626953124993
-0.278091430664063 -0.160125732421875 -0.2783203125 0.118057250976562
-0.241607666015625 0.00505065917968749 0.089508056640625 0.165802001953125
-0.114067077636719 0.120536804199219 0.27978515625 -0.02691650390625
-0.0115737915039063 0.113029479980469 0.27362060546875 -0.256134033203125
0.00417327880859376 0.075286865234375 0.16827392578125 -0.461273193359375
-0.0166206359863281 0.0521621704101563 0.034423828125 -0.500732421875
-0.0325775146484375 0.088043212890625 -0.03271484375 -0.423370361328125
-0.0301055908203125 0.108406066894531 -0.07562255859375 -0.360504150390625
-0.0283432006835938 0.127166748046875 -0.0792236328125 -0.315582275390625
-0.0877227783203125 0.161056518554688 -0.14190673828125 -0.319091796875
-0.206405639648438 0.1734619140625 -0.087066650390625 -0.35528564453125
-0.3583984375 -0.0588684082031251 0.023956298828125 -0.350372314453125
-0.324737548828125 -0.25640869140625 -0.249893188476563 -0.208892822265625
-0.174285888671875 -0.319244384765625 -0.5091552734375 -0.5889892578125
-0.1129150390625 0.0562896728515625 0.596923828125 0.51934814453125
0.0398330688476563 0.105216979980469 0.224685668945313 0.185028076171875
0.084716796875 -0.0366668701171875 -0.0625 0.30828857421875
-0.00421142578125001 -0.0873870849609375 0.05517578125 0.45367431640625
-0.0807418823242188 -0.057403564453125 0.140777587890625 0.320709228515625
-0.101791381835937 0.0446548461914063 0.09735107421875 0.307403564453125
-0.033477783203125 0.100151062011719 0.083770751953125 0.369873046875
-0.0187149047851562 0.0777206420898438 0.069000244140625 0.41082763671875
-0.0227279663085938 0.08782958984375 0.014129638671875 0.47259521484375
-0.0708465576171875 0.07965087890625 -0.10711669921875 0.438568115234375
-0.094207763671875 0.0154800415039063 -0.16162109375 0.31072998046875
-0.0678901672363281 -0.0630645751953125 -0.184982299804688 0.12799072265625
0.06134033203125 -0.0649566650390625 -0.08489990234375 -0.0886154174804688
0.0706863403320313 0.0682449340820313 0.241668701171875 -0.102981567382813
-0.0530471801757813 0.1134033203125 0.313751220703125 0.017852783203125
-0.3377685546875 -0.15362548828125 0.506622314453125 0.536102294921875
-0.256820678710938 -0.0593719482421875 0.139511108398437 0.195083618164062
-0.224380493164063 -0.10247802734375 -0.107025146484375 0.340545654296875
-0.249740600585937 -0.032806396484375 0.055572509765625 0.5029296875
-0.2496337890625 0.04937744140625 0.177825927734375 0.311859130859375
-0.209548950195313 0.2080078125 0.125198364257812 0.253585815429688
-0.07763671875 0.27960205078125 0.078643798828125 0.296600341796875
-0.0464019775390625 0.250030517578125 0.06182861328125 0.337432861328125
-0.037200927734375 0.26312255859375 0.0240478515625 0.402069091796875
-0.0965576171875 0.246307373046875 -0.06597900390625 0.397674560546875
-0.1776123046875 0.162628173828125 -0.110198974609375 0.29071044921875
-0.210250854492188 0.063629150390625 -0.151077270507813 0.143096923828125
-0.1571044921875 -0.0721893310546875 -0.0899658203125 -0.08380126953125
-0.154815673828125 -0.0540008544921875 0.197662353515625 -0.115219116210937
-0.239181518554687 -0.0417633056640625 0.258697509765625 0.0084686279296875
-0.491485595703125 -0.358673095703125 0.34796142578125 0.496551513671875
-0.494903564453125 -0.246856689453125 0.0202636718749999 0.200210571289062
-0.506072998046875 -0.18890380859375 -0.110076904296875 0.3685302734375
-0.480926513671875 0.0116577148437501 0.10833740234375 0.509613037109375
-0.394805908203125 0.14892578125 0.249771118164062 0.257125854492188
-0.2947998046875 0.33868408203125 0.17584228515625 0.140335083007813
-0.1124267578125 0.410858154296875 0.0810089111328125 0.160400390625
-0.070556640625 0.38287353515625 0.0438690185546875 0.213088989257813
-0.043365478515625 0.407745361328125 0.010986328125 0.29058837890625
-0.102325439453125 0.391357421875 -0.046783447265625 0.3194580078125
-0.23126220703125 0.30731201171875 -0.09014892578125 0.24346923828125
-0.32037353515625 0.210174560546875 -0.139472961425781 0.127822875976563
-0.364410400390625 -0.0299072265624999 -0.101814270019531 -0.104515075683594
-0.3848876953125 -0.12774658203125 0.126235961914062 -0.133575439453125
-0.417388916015625 -0.17401123046875 0.157272338867187 -0.0388946533203125
-0.55621337890625 -0.509429931640625 0.154632568359375 0.4078369140625
-0.6402587890625 -0.38873291015625 -0.111312866210938 0.198989868164062
-0.69659423828125 -0.24066162109375 -0.0776062011718751 0.3836669921875
-0.62994384765625 0.0642700195312499 0.199371337890625 0.46270751953125
-0.468017578125 0.230499267578125 0.332733154296875 0.153839111328125
-0.322540283203125 0.41656494140625 0.22998046875 -0.014984130859375
-0.127227783203125 0.47271728515625 0.083984375 -0.01611328125
-0.084930419921875 0.456390380859375 0.0193099975585938 0.0544052124023438
-0.0469055175781251 0.493408203125 -0.0213623046875 0.148712158203125
-0.100799560546875 0.4888916015625 -0.054840087890625 0.205718994140625
-0.2633056640625 0.422119140625 -0.10235595703125 0.16058349609375
-0.39715576171875 0.34112548828125 -0.148788452148438 0.0767364501953125
-0.53973388671875 0.0293579101562501 -0.118316650390625 -0.141250610351562
-0.5849609375 -0.1678466796875 0.0300445556640625 -0.144866943359375
-0.554962158203125 -0.280517578125 0.0107345581054687 -0.112594604492188
-0.5338134765625 -0.5780029296875 -0.034820556640625 0.2894287109375
-0.67437744140625 -0.4381103515625 -0.224105834960938 0.189010620117188
-0.74700927734375 -0.22625732421875 -0.0245361328125 0.364898681640625
-0.63873291015625 0.121337890625 0.286529541015625 0.353363037109375
-0.437530517578125 0.278076171875 0.38763427734375 0.016082763671875
-0.284271240234375 0.42596435546875 0.259689331054688 -0.184982299804687
-0.114959716796875 0.45794677734375 0.0807037353515625 -0.199417114257812
-0.088409423828125 0.45782470703125 -0.0070953369140625 -0.112350463867187
-0.05328369140625 0.507476806640625 -0.0596580505371094 -0.00959777832031246
-0.105316162109375 0.515655517578125 -0.0784988403320313 0.0631256103515625
-0.27569580078125 0.471405029296875 -0.132987976074219 0.0446624755859375
-0.43603515625 0.41259765625 -0.165191650390625 -0.00912475585937499
-0.64923095703125 0.0653076171875 -0.128585815429688 -0.189300537109375
-0.70806884765625 -0.201416015625 -0.0810546875 -0.14599609375
-0.615966796875 -0.36248779296875 -0.167083740234375 -0.206939697265625
-0.44659423828125 -0.552215576171875 -0.189544677734375 0.170089721679687
-0.6107177734375 -0.39068603515625 -0.2889404296875 0.17095947265625
-0.65411376953125 -0.1507568359375 0.0312194824218749 0.31201171875
-0.51483154296875 0.16119384765625 0.332275390625 0.209259033203125
-0.31201171875 0.27288818359375 0.387481689453125 -0.11810302734375
-0.1917724609375 0.359588623046875 0.25 -0.33306884765625
-0.082427978515625 0.370269775390625 0.066314697265625 -0.357513427734375
-0.077972412109375 0.3880615234375 -0.0313568115234375 -0.263153076171875
-0.05810546875 0.438568115234375 -0.0914459228515625 -0.163604736328125
-0.102081298828125 0.453125 -0.100967407226563 -0.0904006958007812
-0.259124755859375 0.43145751953125 -0.1612548828125 -0.091949462890625
-0.42449951171875 0.39703369140625 -0.170272827148438 -0.1239013671875
-0.66656494140625 0.049072265625 -0.117965698242188 -0.246368408203125
-0.71484375 -0.2408447265625 -0.182220458984375 -0.149703979492188
-0.57373046875 -0.405517578125 -0.344329833984375 -0.321197509765625
-0.306488037109375 -0.44744873046875 -0.289337158203125 0.075408935546875
-0.474853515625 -0.27593994140625 -0.300750732421875 0.148712158203125
-0.46881103515625 -0.0529174804687501 0.0737457275390625 0.234207153320312
-0.314239501953125 0.166961669921875 0.322509765625 0.065643310546875
-0.150741577148437 0.212051391601563 0.33197021484375 -0.219818115234375
-0.0828704833984375 0.232925415039063 0.2010498046875 -0.431304931640625
-0.045135498046875 0.227737426757813 0.035369873046875 -0.461395263671875
-0.056060791015625 0.258392333984375 -0.05035400390625 -0.37347412109375
-0.050140380859375 0.29718017578125 -0.104217529296875 -0.2869873046875
-0.07879638671875 0.3121337890625 -0.106613159179688 -0.225189208984375
-0.195098876953125 0.316802978515625 -0.169464111328125 -0.22015380859375
-0.34405517578125 0.308319091796875 -0.150177001953125 -0.247543334960937
-0.5687255859375 -0.00134277343750011 -0.072967529296875 -0.30438232421875
-0.5880126953125 -0.266845703125 -0.248870849609375 -0.163482666015625
-0.424285888671875 -0.395721435546875 -0.482696533203125 -0.44287109375
-0.1370849609375 -0.29345703125 -0.33441162109375 0.0216064453125
-0.291534423828125 -0.13861083984375 -0.274307250976563 0.135116577148437
-0.246795654296875 0.0255584716796875 0.100128173828125 0.158645629882813
-0.106224060058594 0.131584167480469 0.277679443359375 -0.046905517578125
-0.000152587890624992 0.11480712890625 0.25347900390625 -0.27520751953125
0.0104217529296875 0.0749282836914062 0.131561279296875 -0.471466064453125
-0.0140495300292969 0.0543594360351563 -0.00210571289062503 -0.50616455078125
-0.0263442993164063 0.0908737182617188 -0.061767578125 -0.42425537109375
-0.0222854614257812 0.110511779785156 -0.10272216796875 -0.356597900390625
-0.0175018310546875 0.129364013671875 -0.101593017578125 -0.3116455078125
-0.0741424560546875 0.170089721679688 -0.16485595703125 -0.30950927734375
-0.193527221679687 0.193496704101563 -0.112884521484375 -0.351043701171875
-0.3704833984375 -0.03240966796875 -0.00546264648437501 -0.3531494140625
-0.35113525390625 -0.234100341796875 -0.267227172851563 -0.186599731445312
-0.197509765625 -0.30908203125 -0.55657958984375 -0.5550537109375
-0.1046142578125 0.0653762817382812 0.619384765625 0.47149658203125
0.049835205078125 0.1002197265625 0.23187255859375 0.161163330078125
0.0808029174804687 -0.04498291015625 -0.044036865234375 0.303375244140625
-0.0103988647460937 -0.087188720703125 0.0821533203125 0.440460205078125
-0.0860443115234375 -0.0516128540039063 0.1549072265625 0.3028564453125
-0.095794677734375 0.0527725219726563 0.112548828125 0.29510498046875
-0.0246047973632813 0.102516174316406 0.104827880859375 0.356292724609375
-0.0128860473632812 0.0777816772460938 0.092864990234375 0.396026611328125
-0.0152053833007813 0.0874176025390625 0.0482788085937499 0.458160400390625
-0.0626144409179688 0.0833587646484375 -0.072418212890625 0.4344482421875
-0.0909271240234375 0.0228500366210937 -0.13201904296875 0.3133544921875
-0.071624755859375 -0.057098388671875 -0.167282104492188 0.136138916015625
0.0544509887695313 -0.068115234375 -0.0846099853515625 -0.0794830322265625
0.0739059448242188 0.0612564086914062 0.232040405273438 -0.116256713867188
-0.0433120727539062 0.111686706542969 0.3067626953125 0.00320434570312501
-0.339630126953125 -0.12640380859375 0.531280517578125 0.494873046875
-0.252548217773438 -0.041534423828125 0.149642944335937 0.178421020507813
-0.2298583984375 -0.0872650146484375 -0.085174560546875 0.339080810546875
-0.248687744140625 -0.0162353515625 0.0882873535156249 0.48736572265625
-0.244140625 0.0653076171875 0.19305419921875 0.290283203125
-0.191314697265625 0.220932006835938 0.13543701171875 0.238296508789063
-0.054412841796875 0.281982421875 0.09454345703125 0.285308837890625
-0.0276641845703125 0.2479248046875 0.08148193359375 0.324615478515625
-0.01568603515625 0.260528564453125 0.052093505859375 0.38836669921875
-0.074554443359375 0.248641967773438 -0.033538818359375 0.391693115234375
-0.161285400390625 0.172988891601563 -0.082275390625 0.288787841796875
-0.201004028320312 0.0778045654296875 -0.132797241210938 0.147445678710937
-0.160614013671875 -0.059112548828125 -0.08990478515625 -0.0751724243164063
-0.157089233398437 -0.0434417724609375 0.187789916992188 -0.125335693359375
-0.236038208007813 -0.0277862548828125 0.254241943359375 -0.001739501953125
-0.5054931640625 -0.31884765625 0.375213623046875 0.463287353515625
-0.49957275390625 -0.20965576171875 0.0340423583984375 0.1915283203125
-0.51531982421875 -0.151763916015625 -0.087371826171875 0.36737060546875
-0.47430419921875 0.0435791015624999 0.141876220703125 0.491943359375
-0.37908935546875 0.1712646484375 0.2598876953125 0.231292724609375
-0.2655029296875 0.353912353515625 0.17645263671875 0.124008178710938
-0.08087158203125 0.411651611328125 0.0867156982421875 0.149917602539063
-0.04150390625 0.379119873046875 0.0566558837890625 0.203048706054688
-0.012481689453125 0.40142822265625 0.03021240234375 0.28143310546875
-0.070404052734375 0.39093017578125 -0.0205078125 0.314300537109375
-0.20220947265625 0.319732666015625 -0.0667572021484375 0.240554809570313
-0.297454833984375 0.230499267578125 -0.123092651367188 0.131126403808594
-0.362457275390625 -0.00256347656250003 -0.104911804199219 -0.094146728515625
-0.38983154296875 -0.100860595703125 0.116386413574219 -0.136642456054688
-0.417999267578125 -0.1475830078125 0.15380859375 -0.041412353515625
-0.57867431640625 -0.46484375 0.177825927734375 0.388427734375
-0.65093994140625 -0.34002685546875 -0.09613037109375 0.198638916015625
-0.70806884765625 -0.18902587890625 -0.0550537109375001 0.37841796875
-0.61651611328125 0.10711669921875 0.228546142578125 0.439544677734375
-0.44378662109375 0.257843017578125 0.334014892578125 0.124420166015625
-0.286529541015625 0.432952880859375 0.219497680664063 -0.0318603515625
-0.089874267578125 0.472320556640625 0.0791168212890625 -0.0224685668945312
-0.05072021484375 0.45184326171875 0.0220146179199219 0.0497932434082032
-0.00933837890624997 0.48797607421875 -0.011932373046875 0.146331787109375
-0.061553955078125 0.487152099609375 -0.03607177734375 0.204376220703125
-0.224456787109375 0.43505859375 -0.0846710205078125 0.160369873046875
-0.36279296875 0.364654541015625 -0.135154724121094 0.0822753906250001
-0.530364990234375 0.068115234375 -0.124755859375 -0.1285400390625
-0.58917236328125 -0.12396240234375 0.0219039916992187 -0.139701843261719
-0.561279296875 -0.24200439453125 0.00642395019531248 -0.104354858398438
-0.562164306640625 -0.532684326171875 -0.0147705078125 0.282318115234375
-0.68878173828125 -0.385498046875 -0.207077026367188 0.196197509765625
-0.75494384765625 -0.17108154296875 -0.00531005859375007 0.358306884765625
-0.6221923828125 0.1630859375 0.306121826171875 0.325408935546875
-0.407867431640625 0.301910400390625 0.379058837890625 -0.0120849609375
-0.249176025390625 0.439178466796875 0.237503051757812 -0.199554443359375
-0.081329345703125 0.457550048828125 0.063568115234375 -0.202804565429687
-0.0550537109375 0.453033447265625 -0.014984130859375 -0.111709594726562
-0.016326904296875 0.5003662109375 -0.0607070922851563 -0.00509643554687497
-0.063385009765625 0.511749267578125 -0.0689353942871094 0.0660438537597656
-0.2344970703125 0.483642578125 -0.123321533203125 0.0490264892578125
-0.3983154296875 0.436767578125 -0.157470703125 -0.000244140625000001
-0.63861083984375 0.1087646484375 -0.13916015625 -0.172622680664063
-0.71337890625 -0.15045166015625 -0.0870590209960938 -0.131919860839844
-0.62652587890625 -0.318115234375 -0.173110961914063 -0.18646240234375
-0.47442626953125 -0.513885498046875 -0.174392700195313 0.173385620117188
-0.62261962890625 -0.34063720703125 -0.272384643554688 0.182586669921875
-0.66021728515625 -0.1009521484375 0.047119140625 0.301177978515625
-0.4937744140625 0.195159912109375 0.339263916015625 0.18194580078125
-0.28619384765625 0.288116455078125 0.369049072265625 -0.142547607421875
-0.16204833984375 0.366546630859375 0.21868896484375 -0.341705322265625
-0.0550537109375 0.368133544921875 0.039520263671875 -0.355224609375
-0.04986572265625 0.385101318359375 -0.047821044921875 -0.256698608398438
-0.025634765625 0.433929443359375 -0.101531982421875 -0.152572631835938
-0.0660095214843751 0.4501953125 -0.101631164550781 -0.0823440551757812
-0.220489501953125 0.442962646484375 -0.160873413085938 -0.0818328857421875
-0.387420654296875 0.4224853515625 -0.171920776367188 -0.111785888671875
-0.65618896484375 0.0941162109375 -0.133621215820312 -0.229141235351563
-0.7232666015625 -0.1893310546875 -0.187179565429688 -0.128463745117188
-0.5882568359375 -0.36236572265625 -0.353668212890625 -0.286773681640625
-0.3311767578125 -0.420318603515625 -0.279312133789063 0.085418701171875
-0.48040771484375 -0.236053466796875 -0.285919189453125 0.16064453125
-0.467437744140625 -0.017242431640625 0.0834350585937499 0.222579956054688
-0.298187255859375 0.186126708984375 0.31884765625 0.04217529296875
-0.1300048828125 0.21722412109375 0.308746337890625 -0.235870361328125
-0.0640869140625 0.233642578125 0.16461181640625 -0.430694580078125
-0.028961181640625 0.2257080078125 0.00555419921874996 -0.456146240234375
-0.0383453369140625 0.256011962890625 -0.073028564453125 -0.361968994140625
-0.029022216796875 0.29486083984375 -0.12139892578125 -0.2725830078125
-0.05450439453125 0.310943603515625 -0.116409301757812 -0.212646484375
-0.167327880859375 0.32501220703125 -0.178085327148438 -0.205047607421875
-0.316131591796875 0.327362060546875 -0.161163330078125 -0.232391357421875
-0.56378173828125 0.0378417968750001 -0.0948486328125 -0.289215087890625
-0.59912109375 -0.22186279296875 -0.252853393554688 -0.137496948242187
-0.4384765625 -0.361114501953125 -0.499237060546875 -0.3995361328125
-0.154586791992188 -0.279693603515625 -0.3275146484375 0.034393310546875
-0.292816162109375 -0.1131591796875 -0.260543823242188 0.144317626953125
-0.242385864257812 0.044891357421875 0.104782104492187 0.147186279296875
-0.0964431762695313 0.13653564453125 0.266311645507813 -0.0648193359375
0.00996398925781251 0.111709594726563 0.2276611328125 -0.282440185546875
0.0160980224609375 0.0718917846679688 0.095306396484375 -0.465972900390625
-0.0120353698730469 0.0543136596679688 -0.034454345703125 -0.495361328125
-0.0207138061523438 0.0911712646484375 -0.08624267578125 -0.411529541015625
-0.0155563354492188 0.109100341796875 -0.122283935546875 -0.342071533203125
-0.00772094726562499 0.127487182617188 -0.117156982421875 -0.297454833984375
-0.0594024658203125 0.171951293945313 -0.18145751953125 -0.29132080078125
-0.175201416015625 0.203445434570312 -0.132293701171875 -0.335906982421875
-0.36907958984375 -0.00668334960937497 -0.03131103515625 -0.341705322265625
-0.362579345703125 -0.2064208984375 -0.27349853515625 -0.159103393554688
-0.21173095703125 -0.28900146484375 -0.57818603515625 -0.5050048828125
-0.0967559814453125 0.0693511962890625 0.619140625 0.43511962890625
0.054840087890625 0.0943756103515625 0.230056762695312 0.1439208984375
0.0755767822265625 -0.0482406616210938 -0.03436279296875 0.296783447265625
-0.0140533447265625 -0.085723876953125 0.0972900390625 0.423004150390625
-0.0882492065429687 -0.0463790893554688 0.158966064453125 0.285888671875
-0.0888214111328125 0.05706787109375 0.1185302734375 0.28173828125
-0.0175094604492187 0.101875305175781 0.111785888671875 0.34051513671875
-0.00950622558593751 0.0769424438476562 0.1038818359375 0.3773193359375
-0.0105514526367187 0.085205078125 0.06689453125 0.4378662109375
-0.0558242797851563 0.0846328735351563 -0.05010986328125 0.422271728515625
-0.0861053466796875 0.0264434814453125 -0.109771728515625 0.3048095703125
-0.0718154907226563 -0.0529556274414062 -0.150848388671875 0.136627197265625
0.0496559143066406 -0.0688552856445313 -0.080841064453125 -0.0724563598632813
0.0745620727539063 0.05535888671875 0.223358154296875 -0.121124267578125
-0.037872314453125 0.107933044433594 0.2965087890625 3.05175781250066E-05
-0.333648681640625 -0.109375 0.533935546875 0.46185302734375
-0.244186401367188 -0.031585693359375 0.151947021484375 0.164169311523438
-0.229843139648438 -0.075469970703125 -0.073394775390625 0.331573486328125
-0.24322509765625 -0.0069427490234375 0.1048583984375 0.46978759765625
-0.236190795898438 0.0722656250000001 0.195205688476563 0.271240234375
-0.175369262695313 0.223556518554688 0.13671875 0.225723266601563
-0.0395355224609375 0.275726318359375 0.100265502929688 0.27142333984375
-0.016845703125 0.241043090820313 0.090057373046875 0.30792236328125
-0.00392150878906248 0.253631591796875 0.065093994140625 0.371490478515625
-0.0598602294921875 0.243804931640625 -0.013885498046875 0.3773193359375
-0.147308349609375 0.175811767578125 -0.0639038085937501 0.277694702148438
-0.191024780273438 0.083404541015625 -0.118606567382813 0.144485473632813
-0.1602783203125 -0.0508575439453125 -0.0867080688476563 -0.0678024291992188
-0.155426025390625 -0.0359649658203125 0.179183959960938 -0.127029418945313
-0.229385375976563 -0.0213623046875 0.247802734375 -0.00335693359375
-0.501678466796875 -0.2916259765625 0.380218505859375 0.437347412109375
-0.4910888671875 -0.18536376953125 0.0412445068359375 0.180404663085938
-0.511016845703125 -0.12713623046875 -0.0748291015625 0.358184814453125
-0.460113525390625 0.06158447265625 0.157257080078125 0.4710693359375
-0.362640380859375 0.18084716796875 0.258758544921875 0.211532592773437
-0.242889404296875 0.357086181640625 0.1712646484375 0.112442016601563
-0.06085205078125 0.402496337890625 0.086578369140625 0.141387939453125
-0.02496337890625 0.368896484375 0.0605621337890625 0.1920166015625
0.00595092773437497 0.3900146484375 0.038970947265625 0.268936157226562
-0.047698974609375 0.38116455078125 -0.00399780273437498 0.3017578125
-0.179534912109375 0.319000244140625 -0.0501556396484375 0.230194091796875
-0.278167724609375 0.237106323242188 -0.109565734863281 0.127426147460938
-0.353729248046875 0.01275634765625 -0.102630615234375 -0.08489990234375
-0.386077880859375 -0.0810852050781249 0.110137939453125 -0.134040832519531
-0.4100341796875 -0.131011962890625 0.1505126953125 -0.0386199951171875
-0.57794189453125 -0.43048095703125 0.18768310546875 0.368896484375
-0.640869140625 -0.30474853515625 -0.0855255126953125 0.19207763671875
-0.7010498046875 -0.15350341796875 -0.04412841796875 0.368194580078125
-0.5965576171875 0.12847900390625 0.239044189453125 0.41619873046875
-0.420135498046875 0.266510009765625 0.327606201171875 0.105377197265625
-0.26055908203125 0.4324951171875 0.206466674804687 -0.040863037109375
-0.067657470703125 0.462799072265625 0.0721054077148438 -0.0267333984375
-0.03070068359375 0.438140869140625 0.0215568542480469 0.0451812744140625
0.0128173828125 0.47369384765625 -0.00697326660156251 0.141204833984375
-0.0355224609375 0.472198486328125 -0.02386474609375 0.196807861328125
-0.196746826171875 0.4320068359375 -0.0722808837890625 0.154190063476563
-0.335205078125 0.371063232421875 -0.125114440917969 0.0816268920898438
-0.516021728515625 0.0895690917968749 -0.124351501464844 -0.117019653320312
-0.581787109375 -0.0972900390625 0.017669677734375 -0.131675720214844
-0.5526123046875 -0.2176513671875 0.00621032714843746 -0.0954513549804688
-0.564697265625 -0.4984130859375 -0.00296020507812505 0.271728515625
-0.67706298828125 -0.3477783203125 -0.193099975585938 0.19342041015625
-0.74456787109375 -0.13140869140625 0.00476074218749994 0.3448486328125
-0.599609375 0.18621826171875 0.308624267578125 0.302947998046875
-0.383636474609375 0.3087158203125 0.3642578125 -0.028717041015625
-0.222900390625 0.435882568359375 0.217880249023438 -0.20233154296875
-0.059600830078125 0.445465087890625 0.0510101318359375 -0.199935913085937
-0.036041259765625 0.44012451171875 -0.0202178955078125 -0.109230041503906
0.00564575195312495 0.48675537109375 -0.059661865234375 -0.00223159790039059
-0.036865234375 0.49700927734375 -0.0610389709472656 0.0653419494628907
-0.205169677734375 0.4793701171875 -0.114303588867188 0.0490493774414063
-0.367156982421875 0.44378662109375 -0.150039672851563 0.00360107421875004
-0.61944580078125 0.13262939453125 -0.141860961914062 -0.158660888671875
-0.70330810546875 -0.11614990234375 -0.08709716796875 -0.11907958984375
-0.6180419921875 -0.28741455078125 -0.16973876953125 -0.168930053710938
-0.481109619140625 -0.48297119140625 -0.162948608398438 0.169677734375
-0.61322021484375 -0.3056640625 -0.257720947265625 0.182540893554688
-0.64715576171875 -0.0673828125000001 0.051788330078125 0.28802490234375
-0.47467041015625 0.211761474609375 0.33514404296875 0.16217041015625
-0.264190673828125 0.28948974609375 0.350830078125 -0.15264892578125
-0.141143798828125 0.361572265625 0.1953125 -0.33819580078125
-0.039154052734375 0.358642578125 0.02178955078125 -0.348968505859375
-0.03375244140625 0.374237060546875 -0.05743408203125 -0.247909545898437
-0.00823974609374999 0.423614501953125 -0.103851318359375 -0.142623901367187
-0.042236328125 0.4388427734375 -0.0982284545898437 -0.0765380859375
-0.19427490234375 0.439727783203125 -0.15667724609375 -0.074676513671875
-0.357391357421875 0.4254150390625 -0.168777465820313 -0.103057861328125
-0.63848876953125 0.1180419921875 -0.139739990234375 -0.21221923828125
-0.71435546875 -0.15252685546875 -0.184112548828125 -0.112457275390625
-0.5810546875 -0.3316650390625 -0.349395751953125 -0.2626953125
-0.337921142578125 -0.3968505859375 -0.268539428710937 0.0859375
-0.471771240234375 -0.209716796875 -0.27252197265625 0.161895751953125
-0.458282470703125 0.00628662109375009 0.08477783203125 0.2095947265625
-0.28265380859375 0.195343017578125 0.307830810546875 0.028045654296875
-0.114669799804688 0.214706420898438 0.286834716796875 -0.238861083984375
-0.051513671875 0.228652954101563 0.139801025390625 -0.421478271484375
-0.019989013671875 0.219955444335938 -0.01531982421875 -0.443450927734375
-0.0277557373046875 0.250396728515625 -0.084320068359375 -0.349395751953125
-0.016632080078125 0.2872314453125 -0.127639770507812 -0.257705688476562
-0.0377197265625 0.3033447265625 -0.11846923828125 -0.201461791992187
-0.1470947265625 0.3228759765625 -0.178939819335938 -0.19171142578125
-0.29351806640625 0.330963134765625 -0.163360595703125 -0.219268798828125
-0.550689697265625 0.0597534179687499 -0.104843139648438 -0.271713256835938
-0.59442138671875 -0.19073486328125 -0.248626708984375 -0.118316650390625
-0.43780517578125 -0.33428955078125 -0.495208740234375 -0.36712646484375
-0.161209106445313 -0.266204833984375 -0.316680908203125 0.037017822265625
-0.285614013671875 -0.09698486328125 -0.2498779296875 0.145233154296875
-0.235397338867188 0.057098388671875 0.103141784667969 0.135543823242188
-0.089080810546875 0.138374328613281 0.252166748046875 -0.071929931640625
0.0161209106445312 0.106483459472656 0.2069091796875 -0.279190063476563
0.0189018249511719 0.0679855346679688 0.073272705078125 -0.44854736328125
-0.0103492736816406 0.0535163879394531 -0.053070068359375 -0.47918701171875
-0.0180892944335937 0.089080810546875 -0.097869873046875 -0.396728515625
-0.01190185546875 0.106521606445312 -0.129425048828125 -0.32537841796875
-0.001617431640625 0.123031616210938 -0.12249755859375 -0.282196044921875
-0.0492095947265625 0.169097900390625 -0.184967041015625 -0.273941040039063
-0.161285400390625 0.205184936523437 -0.14117431640625 -0.31951904296875
-0.363372802734375 0.00900268554687506 -0.04559326171875 -0.3255615234375
-0.362213134765625 -0.1844482421875 -0.268218994140625 -0.138168334960938
-0.213027954101562 -0.273712158203125 -0.57647705078125 -0.46771240234375
-0.0926284790039063 0.071746826171875 0.61602783203125 0.4205322265625
0.057464599609375 0.0913848876953125 0.22723388671875 0.135284423828125
0.07305908203125 -0.0504989624023437 -0.031341552734375 0.29205322265625
-0.0166473388671875 -0.0859451293945313 0.10198974609375 0.412811279296875
-0.0904769897460938 -0.0438308715820312 0.157943725585938 0.27703857421875
-0.0852203369140625 0.0588760375976563 0.119033813476563 0.275360107421875
-0.0130996704101563 0.101356506347656 0.113250732421875 0.333160400390625
-0.0078125 0.0757827758789063 0.10577392578125 0.366729736328125
-0.0082855224609375 0.0849227905273438 0.0723876953125 0.425445556640625
-0.0528717041015625 0.0848312377929688 -0.038604736328125 0.412506103515625
-0.0843582153320312 0.028594970703125 -0.09759521484375 0.2969970703125
-0.0731430053710938 -0.0506973266601563 -0.141860961914063 0.134124755859375
0.0467338562011719 -0.06890869140625 -0.0759353637695313 -0.0692062377929688
0.0750885009765625 0.051513671875 0.219039916992188 -0.122329711914063
-0.0363693237304687 0.104995727539063 0.291168212890625 0.00231933593750001
-0.328277587890625 -0.101806640625 0.533599853515625 0.447845458984375
-0.238861083984375 -0.02783203125 0.153182983398437 0.157058715820313
-0.23004150390625 -0.0706939697265625 -0.0694885253906251 0.32696533203125
-0.242172241210938 -0.00277709960937501 0.11224365234375 0.45989990234375
-0.235305786132813 0.0751800537109375 0.193878173828125 0.261093139648438
-0.16815185546875 0.225845336914063 0.13525390625 0.218338012695313
-0.0321807861328125 0.2730712890625 0.0993194580078125 0.26409912109375
-0.0110626220703125 0.23736572265625 0.091094970703125 0.299072265625
0.00256347656249997 0.250747680664063 0.0693359375 0.36065673828125
-0.051116943359375 0.24078369140625 -0.003662109375 0.367889404296875
-0.139373779296875 0.176727294921875 -0.0527496337890625 0.268875122070313
-0.185714721679687 0.0872039794921875 -0.110061645507812 0.14080810546875
-0.159347534179687 -0.04705810546875 -0.0834121704101563 -0.0642166137695313
-0.15478515625 -0.0336456298828125 0.1761474609375 -0.126022338867188
-0.226470947265625 -0.0209808349609375 0.244293212890625 0.000122070312499999
-0.496856689453125 -0.2772216796875 0.38238525390625 0.425537109375
-0.483551025390625 -0.17559814453125 0.042694091796875 0.17413330078125
-0.510162353515625 -0.11492919921875 -0.0712890625000001 0.352294921875
-0.4549560546875 0.069549560546875 0.163604736328125 0.46002197265625
-0.35736083984375 0.18402099609375 0.25653076171875 0.200180053710938
-0.231170654296875 0.357330322265625 0.166259765625 0.107086181640625
-0.0501708984375 0.397064208984375 0.0839996337890625 0.136314392089844
-0.01824951171875 0.36273193359375 0.0603485107421875 0.18560791015625
0.016021728515625 0.383819580078125 0.042205810546875 0.262588500976563
-0.035736083984375 0.3743896484375 0.00393676757812498 0.293792724609375
-0.16839599609375 0.317962646484375 -0.0419769287109375 0.22137451171875
-0.268646240234375 0.240097045898437 -0.102737426757813 0.123497009277344
-0.34979248046875 0.0204772949218749 -0.100479125976563 -0.0803451538085938
-0.38397216796875 -0.073516845703125 0.107650756835937 -0.131240844726563
-0.405029296875 -0.1263427734375 0.150177001953125 -0.0335693359375
-0.57476806640625 -0.41473388671875 0.190582275390625 0.35943603515625
-0.633544921875 -0.291748046875 -0.0809326171875 0.18634033203125
-0.6971435546875 -0.134765625 -0.0401916503906251 0.360504150390625
-0.58856201171875 0.1405029296875 0.2421875 0.404052734375
-0.41070556640625 0.269561767578125 0.320709228515625 0.093475341796875
-0.246978759765625 0.432830810546875 0.197402954101562 -0.04400634765625
-0.05810546875 0.454803466796875 0.0657958984375 -0.0280113220214843
-0.023284912109375 0.431732177734375 0.0188560485839844 0.0429496765136719
0.02313232421875 0.4658203125 -0.00541687011718749 0.138870239257813
-0.02215576171875 0.46380615234375 -0.017120361328125 0.1905517578125
-0.18194580078125 0.429229736328125 -0.0648193359375 0.147903442382813
-0.32305908203125 0.373016357421875 -0.118179321289063 0.07879638671875
-0.5103759765625 0.0985107421874999 -0.123603820800781 -0.110130310058594
-0.57855224609375 -0.0847778320312499 0.0178756713867187 -0.125755310058594
-0.546112060546875 -0.209259033203125 0.00872802734374997 -0.0874481201171875
-0.56317138671875 -0.482421875 0.000625610351562454 0.26409912109375
-0.66998291015625 -0.33135986328125 -0.187728881835938 0.188186645507812
-0.7403564453125 -0.1116943359375 0.00451660156249996 0.336578369140625
-0.58941650390625 0.19647216796875 0.30810546875 0.292266845703125
-0.370849609375 0.3096923828125 0.356170654296875 -0.036529541015625
-0.209320068359375 0.433929443359375 0.20697021484375 -0.202651977539062
-0.050140380859375 0.439453125 0.042236328125 -0.199005126953125
-0.0281982421875 0.434783935546875 -0.02392578125 -0.107215881347656
0.016693115234375 0.478363037109375 -0.05841064453125 -0.000312805175781228
-0.02294921875 0.487762451171875 -0.0552787780761719 0.0619316101074219
-0.18853759765625 0.47589111328125 -0.108680725097656 0.0467453002929688
-0.352081298828125 0.446868896484375 -0.145217895507813 0.00340270996093751
-0.61248779296875 0.14288330078125 -0.141632080078125 -0.14935302734375
-0.69976806640625 -0.1002197265625 -0.0851287841796875 -0.111488342285156
-0.60906982421875 -0.27801513671875 -0.165145874023438 -0.159988403320313
-0.47900390625 -0.4688720703125 -0.157974243164063 0.164825439453125
-0.60479736328125 -0.29119873046875 -0.253021240234375 0.178207397460938
-0.64215087890625 -0.0494384765625 0.0505523681640625 0.278961181640625
-0.46490478515625 0.21990966796875 0.330322265625 0.15179443359375
-0.253387451171875 0.288330078125 0.339630126953125 -0.155731201171875
-0.13153076171875 0.358551025390625 0.18267822265625 -0.3341064453125
-0.03271484375 0.353057861328125 0.011474609375 -0.343505859375
-0.0284423828125 0.369720458984375 -0.061859130859375 -0.243453979492188
0.00231933593750004 0.417083740234375 -0.104042053222656 -0.137336730957031
-0.02972412109375 0.43115234375 -0.0939865112304687 -0.0752716064453125
-0.18035888671875 0.43701171875 -0.152633666992188 -0.0722503662109375
-0.3448486328125 0.42816162109375 -0.166213989257813 -0.0993957519531249
-0.6324462890625 0.12933349609375 -0.141708374023438 -0.202423095703125
-0.71099853515625 -0.13677978515625 -0.180130004882813 -0.10174560546875
-0.575439453125 -0.3211669921875 -0.3426513671875 -0.24981689453125
-0.338409423828125 -0.385894775390625 -0.263717651367188 0.0826110839843749
-0.464599609375 -0.197540283203125 -0.267852783203125 0.157516479492187
-0.453033447265625 0.018768310546875 0.082000732421875 0.20196533203125
-0.276016235351563 0.201095581054687 0.300384521484375 0.0225830078125
-0.106842041015625 0.211959838867188 0.276519775390625 -0.2366943359375
-0.04486083984375 0.224777221679688 0.127105712890625 -0.413055419921875
-0.0160675048828125 0.215805053710937 -0.02337646484375 -0.434600830078125
-0.0245819091796875 0.246871948242187 -0.088897705078125 -0.342681884765625
-0.01129150390625 0.283935546875 -0.127731323242188 -0.25006103515625
-0.02947998046875 0.296722412109375 -0.1160888671875 -0.196929931640625
-0.137237548828125 0.319915771484375 -0.177200317382812 -0.185302734375
-0.2822265625 0.33306884765625 -0.163681030273438 -0.212600708007813
-0.547271728515625 0.07098388671875 -0.109146118164063 -0.261581420898438
-0.593017578125 -0.17724609375 -0.24346923828125 -0.107223510742187
-0.4322509765625 -0.32623291015625 -0.488037109375 -0.3529052734375
-0.163284301757813 -0.261032104492187 -0.312652587890625 0.0333251953124999
-0.27947998046875 -0.0900421142578125 -0.2457275390625 0.140609741210937
-0.232025146484375 0.062591552734375 0.0981369018554688 0.128578186035156
-0.0858154296875 0.140365600585937 0.243255615234375 -0.0736236572265625
0.0195465087890625 0.103675842285156 0.195953369140625 -0.273452758789063
0.0204696655273437 0.0648689270019531 0.06292724609375 -0.437591552734375
-0.01019287109375 0.0524482727050781 -0.060638427734375 -0.469696044921875
-0.0172576904296875 0.0887222290039063 -0.101226806640625 -0.3892822265625
-0.0110931396484375 0.105178833007812 -0.130645751953125 -0.315399169921875
0.00232696533203124 0.119911193847656 -0.12200927734375 -0.274520874023438
-0.0436859130859375 0.166793823242188 -0.185470581054687 -0.264846801757813
-0.154022216796875 0.205474853515625 -0.142913818359375 -0.310821533203125
-0.3609619140625 0.0164794921874999 -0.050872802734375 -0.3154296875
-0.361541748046875 -0.174072265625 -0.263275146484375 -0.127609252929687
-0.209930419921875 -0.267120361328125 -0.571044921875 -0.45172119140625
-0.0903396606445313 0.0751876831054688 0.6268310546875 0.4215087890625
0.0617141723632813 0.0917434692382813 0.230728149414063 0.1322021484375
0.072174072265625 -0.052520751953125 -0.031158447265625 0.29443359375
-0.0194015502929688 -0.0876388549804688 0.108184814453125 0.414947509765625
-0.0952911376953125 -0.0418167114257813 0.161041259765625 0.276321411132812
-0.0839691162109375 0.0619964599609375 0.121856689453125 0.275161743164063
-0.00955200195312501 0.103004455566406 0.115386962890625 0.334197998046875
-0.00625610351562501 0.0770645141601563 0.106964111328125 0.367034912109375
-0.00580596923828124 0.08697509765625 0.078216552734375 0.42437744140625
-0.0509109497070313 0.0873794555664063 -0.030792236328125 0.412628173828125
-0.0838699340820313 0.0305938720703125 -0.09027099609375 0.29595947265625
-0.0756912231445313 -0.0498428344726563 -0.137100219726563 0.1343994140625
0.0461654663085937 -0.070953369140625 -0.0726165771484375 -0.0686569213867188
0.0770416259765625 0.0489044189453125 0.221084594726562 -0.123977661132813
-0.0374755859375 0.105209350585937 0.292938232421875 0.00781250000000001
-0.33111572265625 -0.098358154296875 0.542449951171875 0.450469970703125
-0.238754272460937 -0.026031494140625 0.1563720703125 0.153900146484375
-0.235092163085938 -0.0678863525390625 -0.068267822265625 0.32958984375
-0.245681762695313 0.00030517578124999 0.118621826171875 0.46209716796875
-0.238311767578125 0.0784149169921875 0.196929931640625 0.259490966796875
-0.165145874023437 0.231765747070313 0.135299682617187 0.217742919921875
-0.0262603759765625 0.276107788085938 0.098785400390625 0.265060424804688
-0.0082550048828125 0.240524291992187 0.090484619140625 0.29949951171875
0.00810241699218748 0.252487182617188 0.072174072265625 0.358978271484375
-0.045806884765625 0.243759155273437 0.00390624999999996 0.367431640625
-0.136154174804688 0.180328369140625 -0.046356201171875 0.26531982421875
-0.1859130859375 0.0918121337890625 -0.105690002441406 0.139274597167969
-0.162506103515625 -0.0447235107421875 -0.0811309814453125 -0.0628738403320313
-0.15753173828125 -0.0327301025390625 0.177017211914063 -0.126876831054688
-0.229995727539063 -0.021026611328125 0.248809814453125 0.005767822265625
-0.50335693359375 -0.275634765625 0.39068603515625 0.426605224609375
-0.48626708984375 -0.171630859375 0.045745849609375 0.172317504882813
-0.51959228515625 -0.107818603515625 -0.071075439453125 0.354949951171875
-0.46240234375 0.0787048339843749 0.172149658203125 0.460693359375
-0.360504150390625 0.188995361328125 0.258316040039063 0.19622802734375
-0.228271484375 0.364898681640625 0.16552734375 0.105514526367188
-0.044921875 0.40167236328125 0.0820693969726562 0.136970520019531
-0.01385498046875 0.367523193359375 0.0584869384765625 0.185333251953125
0.02337646484375 0.387603759765625 0.0440521240234375 0.261978149414063
-0.02850341796875 0.3758544921875 0.011199951171875 0.29168701171875
-0.162689208984375 0.323822021484375 -0.0375823974609375 0.218002319335938
-0.266250610351563 0.2474365234375 -0.0992279052734375 0.122360229492188
-0.35498046875 0.0271606445312499 -0.099395751953125 -0.0768814086914063
-0.390960693359375 -0.067962646484375 0.109779357910156 -0.130279541015625
-0.411468505859375 -0.12689208984375 0.15435791015625 -0.0290069580078125
-0.5819091796875 -0.41546630859375 0.195709228515625 0.360321044921875
-0.63787841796875 -0.28662109375 -0.0803070068359375 0.184921264648437
-0.709228515625 -0.125732421875 -0.0423583984375 0.3614501953125
-0.59515380859375 0.1529541015625 0.247802734375 0.40423583984375
-0.412841796875 0.27667236328125 0.32373046875 0.089569091796875
-0.24365234375 0.440155029296875 0.19427490234375 -0.046295166015625
-0.052520751953125 0.458953857421875 0.0615997314453125 -0.0282173156738281
-0.01776123046875 0.435943603515625 0.0161819458007813 0.0426445007324219
0.03070068359375 0.4693603515625 -0.00457763671875 0.13946533203125
-0.011810302734375 0.4654541015625 -0.01165771484375 0.18853759765625
-0.174957275390625 0.435791015625 -0.06097412109375 0.144500732421875
-0.317779541015625 0.382293701171875 -0.116676330566406 0.0785980224609375
-0.516265869140625 0.107818603515625 -0.124839782714844 -0.106414794921875
-0.58837890625 -0.0753173828125001 0.0194625854492187 -0.123146057128906
-0.5506591796875 -0.212127685546875 0.0129241943359375 -0.0840530395507813
-0.57147216796875 -0.48394775390625 0.00373840332031246 0.26397705078125
-0.6751708984375 -0.328125 -0.189590454101563 0.187362670898438
-0.7520751953125 -0.09991455078125 0.00256347656249996 0.335968017578125
-0.59442138671875 0.210205078125 0.313262939453125 0.290496826171875
-0.36993408203125 0.315185546875 0.35791015625 -0.04150390625
-0.20404052734375 0.440093994140625 0.201828002929688 -0.206573486328125
-0.045257568359375 0.441925048828125 0.03643798828125 -0.200302124023438
-0.022735595703125 0.43994140625 -0.0283203125 -0.107383728027344
0.02447509765625 0.482574462890625 -0.0591621398925781 0.00138092041015627
-0.012542724609375 0.488525390625 -0.0520210266113281 0.0603713989257813
-0.181365966796875 0.48284912109375 -0.106735229492188 0.0450820922851563
-0.34820556640625 0.457061767578125 -0.145599365234375 0.003082275390625
-0.6201171875 0.15594482421875 -0.144302368164063 -0.14581298828125
-0.71124267578125 -0.09136962890625 -0.0830078125 -0.106582641601563
-0.61859130859375 -0.27880859375 -0.163406372070313 -0.155746459960938
-0.488067626953125 -0.470611572265625 -0.15850830078125 0.16278076171875
-0.60931396484375 -0.28863525390625 -0.256088256835938 0.176956176757812
-0.65167236328125 -0.03704833984375 0.046844482421875 0.278152465820313
-0.467132568359375 0.233428955078125 0.333221435546875 0.1502685546875
-0.250030517578125 0.293426513671875 0.33941650390625 -0.161865234375
-0.125640869140625 0.362030029296875 0.177032470703125 -0.33807373046875
-0.02850341796875 0.3551025390625 0.00485229492187498 -0.346343994140625
-0.024139404296875 0.37396240234375 -0.0673980712890625 -0.244644165039063
0.00875854492187504 0.420135498046875 -0.104873657226563 -0.136093139648437
-0.022674560546875 0.432647705078125 -0.0926895141601563 -0.0771636962890625
-0.173583984375 0.44354248046875 -0.152755737304687 -0.0727996826171875
-0.340179443359375 0.437530517578125 -0.168365478515625 -0.0993804931640625
-0.6417236328125 0.14190673828125 -0.14532470703125 -0.197052001953125
-0.72332763671875 -0.1265869140625 -0.178802490234375 -0.0950927734375
-0.58251953125 -0.322509765625 -0.3438720703125 -0.24713134765625
-0.346405029296875 -0.38818359375 -0.267257690429688 0.079864501953125
-0.466705322265625 -0.1954345703125 -0.2720947265625 0.154861450195313
-0.45745849609375 0.0292358398437501 0.0771636962890625 0.200210571289063
-0.275833129882813 0.21075439453125 0.30035400390625 0.019989013671875
-0.102737426757813 0.213973999023437 0.274169921875 -0.240249633789062
-0.040374755859375 0.22540283203125 0.122314453125 -0.414154052734375
-0.014495849609375 0.217025756835938 -0.030487060546875 -0.438812255859375
-0.0215911865234375 0.250213623046875 -0.09332275390625 -0.3450927734375
-0.00817871093749999 0.2869873046875 -0.129562377929687 -0.250091552734375
-0.02392578125 0.29754638671875 -0.1153564453125 -0.197967529296875
-0.131622314453125 0.32330322265625 -0.179168701171875 -0.184829711914062
-0.279327392578125 0.3411865234375 -0.167617797851563 -0.211807250976562
-0.556488037109375 0.08050537109375 -0.113616943359375 -0.25732421875
-0.60382080078125 -0.1693115234375 -0.243148803710938 -0.10015869140625
-0.437347412109375 -0.329437255859375 -0.492095947265625 -0.351409912109375
-0.16705322265625 -0.263946533203125 -0.31756591796875 0.0289916992187499
-0.278778076171875 -0.0882415771484375 -0.250213623046875 0.138473510742187
-0.23358154296875 0.0699157714843751 0.0934982299804688 0.12689208984375
-0.0851898193359375 0.14697265625 0.240036010742188 -0.0752105712890625
0.0235519409179687 0.103233337402344 0.193084716796875 -0.2730712890625
0.0216484069824219 0.0634307861328125 0.05731201171875 -0.43634033203125
-0.0106582641601562 0.0527992248535156 -0.067291259765625 -0.472076416015625
-0.0173492431640625 0.0905685424804687 -0.10552978515625 -0.391754150390625
-0.0111846923828125 0.106094360351563 -0.131317138671875 -0.31597900390625
0.00421142578125001 0.118385314941406 -0.122528076171875 -0.275192260742188
-0.039886474609375 0.167739868164063 -0.188308715820313 -0.262435913085938
-0.151992797851563 0.209884643554688 -0.147003173828125 -0.3109130859375
-0.3680419921875 0.0237121582031249 -0.0560302734375 -0.313018798828125
-0.37042236328125 -0.169952392578125 -0.263320922851563 -0.121688842773438
-0.2115478515625 -0.270233154296875 -0.57843017578125 -0.450439453125
-0.0891036987304688 0.0816497802734375 0.6549072265625 0.4205322265625
0.069671630859375 0.0921401977539063 0.240966796875 0.127059936523438
0.0718917846679688 -0.0565872192382813 -0.0245361328125 0.30364990234375
-0.02374267578125 -0.090118408203125 0.122406005859375 0.42291259765625
-0.101676940917969 -0.0387649536132813 0.170852661132813 0.278915405273438
-0.0833587646484375 0.0672149658203125 0.129959106445313 0.279327392578125
-0.00479888916015625 0.105636596679687 0.123687744140625 0.34033203125
-0.00299072265625 0.07989501953125 0.1175537109375 0.3719482421875
-0.00246429443359374 0.0907440185546875 0.091583251953125 0.429931640625
-0.0479965209960938 0.0917816162109375 -0.0162353515625 0.42083740234375
-0.0858230590820313 0.0344009399414062 -0.080230712890625 0.30078125
-0.0801544189453125 -0.0487594604492187 -0.132408142089844 0.139053344726563
0.0443649291992187 -0.0747756958007812 -0.0731353759765625 -0.0685501098632813
0.0804214477539062 0.046661376953125 0.225128173828125 -0.1326904296875
-0.0384750366210937 0.109001159667969 0.30352783203125 0.00976562500000001
-0.340972900390625 -0.091888427734375 0.56988525390625 0.45111083984375
-0.242446899414063 -0.0188751220703125 0.163726806640625 0.15130615234375
-0.245742797851562 -0.06195068359375 -0.064483642578125 0.340240478515625
-0.255828857421875 0.00810241699218747 0.137298583984375 0.47021484375
-0.246551513671875 0.0900726318359375 0.207778930664062 0.259597778320313
-0.162384033203125 0.244781494140625 0.14276123046875 0.219650268554688
-0.018310546875 0.284210205078125 0.105697631835938 0.270278930664063
-0.001007080078125 0.247817993164063 0.09698486328125 0.304290771484375
0.018096923828125 0.260208129882813 0.0831298828125 0.364654541015625
-0.036376953125 0.250198364257813 0.01715087890625 0.371307373046875
-0.132598876953125 0.188980102539062 -0.0378265380859375 0.268463134765625
-0.188217163085937 0.10101318359375 -0.101318359375 0.14300537109375
-0.169021606445312 -0.0398406982421875 -0.0826339721679688 -0.0609359741210938
-0.164993286132813 -0.02911376953125 0.180450439453125 -0.1336669921875
-0.23876953125 -0.0174407958984375 0.259368896484375 0.00738525390625
-0.523040771484375 -0.270751953125 0.412445068359375 0.43011474609375
-0.503326416015625 -0.165313720703125 0.0508270263671875 0.172988891601563
-0.541595458984375 -0.0911865234375001 -0.06842041015625 0.365997314453125
-0.47479248046875 0.095367431640625 0.190032958984375 0.46966552734375
-0.368072509765625 0.206268310546875 0.269515991210938 0.192581176757813
-0.222686767578125 0.38336181640625 0.168777465820312 0.102401733398438
-0.03460693359375 0.4139404296875 0.0844573974609375 0.139801025390625
-0.001708984375 0.377716064453125 0.0621185302734375 0.189132690429688
0.038055419921875 0.397552490234375 0.051422119140625 0.266555786132813
-0.01416015625 0.383941650390625 0.021209716796875 0.2940673828125
-0.1539306640625 0.338134765625 -0.029937744140625 0.219329833984375
-0.264144897460937 0.264236450195313 -0.0958938598632813 0.126167297363281
-0.36553955078125 0.0399475097656251 -0.102508544921875 -0.0748825073242188
-0.40625 -0.0559692382812501 0.11126708984375 -0.13385009765625
-0.42718505859375 -0.122955322265625 0.163406372070312 -0.02716064453125
-0.60919189453125 -0.41351318359375 0.210296630859375 0.36505126953125
-0.66162109375 -0.27911376953125 -0.0792694091796875 0.18829345703125
-0.73553466796875 -0.10418701171875 -0.03955078125 0.372039794921875
-0.60809326171875 0.17779541015625 0.266845703125 0.40740966796875
-0.416473388671875 0.29608154296875 0.33355712890625 0.0802001953125
-0.236297607421875 0.461029052734375 0.19403076171875 -0.0536651611328125
-0.03936767578125 0.4744873046875 0.0579338073730469 -0.0294456481933594
-0.00500488281250002 0.449737548828125 0.0150985717773438 0.0448989868164063
0.0484924316406249 0.480987548828125 -0.00198364257812501 0.143966674804688
0.00537109375000002 0.4764404296875 -0.0043792724609375 0.189239501953125
-0.163116455078125 0.454803466796875 -0.0565643310546875 0.145660400390625
-0.31329345703125 0.4053955078125 -0.114723205566406 0.0807418823242188
-0.52972412109375 0.130462646484375 -0.128868103027344 -0.102317810058594
-0.61004638671875 -0.0577392578125001 0.0200424194335937 -0.122940063476563
-0.57379150390625 -0.20526123046875 0.0159149169921875 -0.08154296875
-0.59991455078125 -0.48382568359375 0.00927734374999995 0.269058227539063
-0.699951171875 -0.3203125 -0.191513061523438 0.193145751953125
-0.77740478515625 -0.0743408203125001 0.00497436523437492 0.34423828125
-0.6043701171875 0.24066162109375 0.330596923828125 0.28961181640625
-0.370513916015625 0.3360595703125 0.363800048828125 -0.054229736328125
-0.194793701171875 0.459075927734375 0.19879150390625 -0.216903686523438
-0.034271240234375 0.45538330078125 0.02734375 -0.205307006835937
-0.0101318359375 0.45269775390625 -0.0336151123046875 -0.108314514160156
0.04241943359375 0.495697021484375 -0.0610237121582031 0.00384521484375003
0.00524902343749997 0.49969482421875 -0.0491447448730469 0.0600433349609375
-0.16729736328125 0.5018310546875 -0.106353759765625 0.0453720092773438
-0.34197998046875 0.484130859375 -0.147171020507813 0.00651550292968755
-0.63702392578125 0.1812744140625 -0.151397705078125 -0.140243530273438
-0.7386474609375 -0.06842041015625 -0.0843963623046875 -0.102058410644531
-0.64300537109375 -0.2742919921875 -0.166275024414063 -0.153167724609375
-0.51434326171875 -0.473907470703125 -0.160110473632813 0.168212890625
-0.630126953125 -0.2794189453125 -0.262908935546875 0.184463500976562
-0.67071533203125 -0.0147705078124999 0.049041748046875 0.284149169921875
-0.4725341796875 0.26019287109375 0.344085693359375 0.143829345703125
-0.246185302734375 0.307159423828125 0.34259033203125 -0.174835205078125
-0.11688232421875 0.37457275390625 0.169036865234375 -0.3504638671875
-0.02020263671875 0.365753173828125 -0.00845336914062498 -0.353851318359375
-0.013336181640625 0.3856201171875 -0.0771026611328125 -0.247833251953125
0.022369384765625 0.432708740234375 -0.110824584960938 -0.136222839355469
-0.00765991210937503 0.44158935546875 -0.0943832397460937 -0.0789718627929687
-0.16131591796875 0.460052490234375 -0.156829833984375 -0.0726165771484375
-0.334991455078125 0.46502685546875 -0.17510986328125 -0.0972442626953125
-0.65960693359375 0.16943359375 -0.154815673828125 -0.193527221679688
-0.75115966796875 -0.10546875 -0.18243408203125 -0.0878143310546875
-0.60601806640625 -0.32177734375 -0.354736328125 -0.243499755859375
-0.36688232421875 -0.393341064453125 -0.275146484375 0.0825500488281249
-0.480224609375 -0.187774658203125 -0.27960205078125 0.162139892578125
-0.46978759765625 0.0469055175781249 0.07794189453125 0.202774047851563
-0.275772094726563 0.230697631835937 0.306365966796875 0.01312255859375
-0.0964508056640625 0.221328735351563 0.272171020507812 -0.251800537109375
-0.034393310546875 0.230850219726563 0.113311767578125 -0.4254150390625
-0.010498046875 0.222122192382813 -0.04583740234375 -0.449615478515625
-0.01495361328125 0.258163452148437 -0.10650634765625 -0.351348876953125
0.000976562500000011 0.295074462890625 -0.137435913085938 -0.25299072265625
-0.01470947265625 0.30328369140625 -0.121017456054688 -0.201919555664062
-0.123870849609375 0.336090087890625 -0.187347412109375 -0.184555053710938
-0.276885986328125 0.360015869140625 -0.177200317382813 -0.2132568359375
-0.57232666015625 0.10333251953125 -0.123825073242187 -0.25640869140625
-0.629150390625 -0.1531982421875 -0.249282836914063 -0.0912475585937501
-0.456695556640625 -0.328857421875 -0.51226806640625 -0.346405029296875
-0.180999755859375 -0.269073486328125 -0.32867431640625 0.031982421875
-0.287139892578125 -0.083282470703125 -0.2584228515625 0.14520263671875
-0.238494873046875 0.081695556640625 0.0923538208007812 0.12689208984375
-0.0811920166015625 0.157455444335938 0.240234375 -0.08172607421875
0.0298233032226562 0.103477478027344 0.189361572265625 -0.28289794921875
0.0233802795410156 0.0621566772460938 0.045684814453125 -0.444854736328125
-0.011077880859375 0.054779052734375 -0.081390380859375 -0.4822998046875
-0.0153350830078125 0.0944137573242188 -0.117919921875 -0.39990234375
-0.0099639892578125 0.109756469726562 -0.14013671875 -0.3211669921875
0.00856018066406249 0.1190185546875 -0.130386352539063 -0.27947998046875
-0.0342254638671875 0.17352294921875 -0.198715209960937 -0.262298583984375
-0.148544311523437 0.222442626953125 -0.15985107421875 -0.313934326171875
-0.38153076171875 0.0385131835937501 -0.066558837890625 -0.31573486328125
-0.386505126953125 -0.161224365234375 -0.269989013671875 -0.112091064453125
-0.221939086914063 -0.274749755859375 -0.60546875 -0.44775390625
-0.0849380493164063 0.0893096923828125 0.69903564453125 0.397705078125
0.0799636840820313 0.089752197265625 0.253829956054688 0.115081787109375
0.071380615234375 -0.0627593994140625 -0.011199951171875 0.31292724609375
-0.0306167602539063 -0.0916213989257813 0.14935302734375 0.426422119140625
-0.109092712402344 -0.0320892333984375 0.190231323242188 0.275146484375
-0.08050537109375 0.0753707885742188 0.147781372070313 0.278060913085938
0.00165557861328126 0.108108520507813 0.142852783203125 0.343841552734375
0.00138092041015624 0.0837631225585938 0.135772705078125 0.3759765625
0.00411987304687501 0.0945510864257813 0.11669921875 0.432647705078125
-0.0429153442382812 0.0979156494140625 0.00796508789062501 0.426727294921875
-0.0860137939453125 0.03997802734375 -0.062652587890625 0.30731201171875
-0.0867996215820313 -0.0443344116210938 -0.123855590820312 0.146774291992188
0.041717529296875 -0.0797042846679688 -0.074462890625 -0.0661544799804688
0.0844497680664063 0.0409317016601563 0.22503662109375 -0.147293090820313
-0.03521728515625 0.115081787109375 0.314971923828125 0.00161743164062501
-0.352447509765625 -0.0771179199218749 0.61163330078125 0.4354248046875
-0.246688842773438 -0.00877380371093747 0.176055908203125 0.144485473632813
-0.255859375 -0.04803466796875 -0.049896240234375 0.352813720703125
-0.262863159179687 0.0240020751953125 0.167816162109375 0.473663330078125
-0.25042724609375 0.10693359375 0.226150512695312 0.252349853515625
-0.152328491210938 0.262451171875 0.155792236328125 0.216873168945313
-0.00207519531249997 0.2933349609375 0.119674682617187 0.273681640625
0.0139007568359375 0.254470825195312 0.112335205078125 0.307159423828125
0.035400390625 0.266448974609375 0.104766845703125 0.3675537109375
-0.0205841064453125 0.257827758789063 0.038726806640625 0.3741455078125
-0.123626708984375 0.201675415039063 -0.0224609375 0.2701416015625
-0.18682861328125 0.116226196289062 -0.0928802490234375 0.149078369140625
-0.175018310546875 -0.030548095703125 -0.083892822265625 -0.0577468872070313
-0.17144775390625 -0.0195465087890625 0.179122924804688 -0.144775390625
-0.247665405273438 -0.00567626953124999 0.270263671875 0.000274658203125
-0.54937744140625 -0.252471923828125 0.44708251953125 0.42303466796875
-0.520355224609375 -0.142303466796875 0.0595550537109375 0.172500610351562
-0.560638427734375 -0.0613403320312501 -0.05450439453125 0.379547119140625
-0.482177734375 0.128814697265625 0.2235107421875 0.469757080078125
-0.367889404296875 0.232513427734375 0.286895751953125 0.180450439453125
-0.20538330078125 0.4072265625 0.175048828125 0.0956573486328125
-0.0128173828125 0.42730712890625 0.0895233154296875 0.140731811523438
0.019378662109375 0.388702392578125 0.07080078125 0.192123413085938
0.06402587890625 0.4061279296875 0.065093994140625 0.270034790039063
0.0108642578125 0.3936767578125 0.039031982421875 0.294891357421875
-0.13641357421875 0.355316162109375 -0.016876220703125 0.219818115234375
-0.25408935546875 0.2882080078125 -0.0888900756835938 0.131675720214844
-0.37286376953125 0.064697265625 -0.105758666992188 -0.0690689086914063
-0.420928955078125 -0.03253173828125 0.109451293945312 -0.139869689941406
-0.44635009765625 -0.105438232421875 0.17144775390625 -0.0308990478515625
-0.6473388671875 -0.3944091796875 0.236236572265625 0.36566162109375
-0.68994140625 -0.25396728515625 -0.0735321044921875 0.195831298828125
-0.76123046875 -0.0610351562499999 -0.026763916015625 0.384124755859375
-0.61376953125 0.22308349609375 0.297882080078125 0.40228271484375
-0.411346435546875 0.326812744140625 0.345611572265625 0.061981201171875
-0.21429443359375 0.487030029296875 0.192428588867187 -0.0660858154296875
-0.0162353515625 0.48944091796875 0.0541419982910156 -0.0314254760742187
0.020294189453125 0.460723876953125 0.0159988403320313 0.0472488403320313
0.080718994140625 0.49072265625 0.00558471679687502 0.14776611328125
0.035614013671875 0.483734130859375 0.0073089599609375 0.189697265625
-0.1370849609375 0.474578857421875 -0.04925537109375 0.145767211914063
-0.29595947265625 0.437652587890625 -0.111862182617188 0.0880584716796875
-0.536346435546875 0.166015625 -0.134963989257813 -0.0946121215820313
-0.6307373046875 -0.0221557617187501 0.0180130004882812 -0.123023986816406
-0.59893798828125 -0.18402099609375 0.0176239013671875 -0.0808486938476563
-0.64129638671875 -0.4686279296875 0.0228729248046875 0.27490234375
-0.731689453125 -0.292236328125 -0.191177368164063 0.205673217773437
-0.80224609375 -0.0282592773437498 0.016815185546875 0.353271484375
-0.6053466796875 0.2867431640625 0.3531494140625 0.278411865234375
-0.359771728515625 0.36431884765625 0.368804931640625 -0.077362060546875
-0.17193603515625 0.4803466796875 0.1878662109375 -0.232574462890625
-0.0111389160156249 0.469146728515625 0.0135650634765625 -0.210403442382812
0.015289306640625 0.465240478515625 -0.0421829223632813 -0.107292175292969
0.07415771484375 0.505401611328125 -0.0622444152832031 0.00864410400390628
0.03607177734375 0.5076904296875 -0.0451469421386719 0.0600128173828125
-0.140350341796875 0.525543212890625 -0.104965209960938 0.0482025146484375
-0.319580078125 0.518768310546875 -0.1494140625 0.014495849609375
-0.64556884765625 0.22625732421875 -0.160675048828125 -0.130477905273438
-0.761962890625 -0.0252075195312502 -0.087005615234375 -0.0959930419921875
-0.67425537109375 -0.252197265625 -0.173416137695313 -0.146316528320313
-0.552886962890625 -0.46258544921875 -0.157669067382813 0.17913818359375
-0.6585693359375 -0.25592041015625 -0.264373779296875 0.199966430664063
-0.688232421875 0.02691650390625 0.05792236328125 0.28857421875
-0.467742919921875 0.299835205078125 0.359375 0.1285400390625
-0.232513427734375 0.326690673828125 0.340240478515625 -0.197784423828125
-0.098175048828125 0.3892822265625 0.152862548828125 -0.3663330078125
-0.00238037109375004 0.375213623046875 -0.031158447265625 -0.360687255859375
0.00808715820312502 0.396820068359375 -0.0927886962890625 -0.248565673828125
0.048095703125 0.442169189453125 -0.119918823242188 -0.133132934570312
0.01953125 0.448211669921875 -0.0988006591796875 -0.0794296264648437
-0.136962890625 0.481292724609375 -0.163192749023437 -0.0677337646484375
-0.31640625 0.49749755859375 -0.183547973632813 -0.089263916015625
-0.669677734375 0.21478271484375 -0.167587280273438 -0.18414306640625
-0.77825927734375 -0.0616455078124999 -0.187179565429688 -0.075347900390625
-0.6363525390625 -0.30133056640625 -0.372772216796875 -0.229644775390625
-0.399200439453125 -0.3876953125 -0.28118896484375 0.096649169921875
-0.500274658203125 -0.168487548828125 -0.284271240234375 0.1798095703125
-0.4779052734375 0.0792236328125 0.0828247070312499 0.203872680664062
-0.265899658203125 0.256591796875 0.3118896484375 -0.00335693359374998
-0.08355712890625 0.23016357421875 0.265823364257813 -0.27099609375
-0.0220184326171875 0.236770629882812 0.09051513671875 -0.437591552734375
0.000625610351562478 0.228561401367188 -0.074676513671875 -0.456756591796875
-0.00138854980468751 0.266799926757813 -0.1278076171875 -0.353424072265625
0.0164794921875 0.302886962890625 -0.152572631835938 -0.251922607421875
0.00350952148437499 0.307708740234375 -0.132705688476562 -0.202239990234375
-0.104766845703125 0.3507080078125 -0.199783325195313 -0.179550170898437
-0.262115478515625 0.387359619140625 -0.192718505859375 -0.20697021484375
-0.58563232421875 0.14141845703125 -0.139846801757813 -0.250137329101563
-0.65557861328125 -0.11810302734375 -0.254302978515625 -0.075286865234375
-0.485260009765625 -0.317596435546875 -0.541351318359375 -0.32952880859375
-0.202499389648437 -0.268539428710938 -0.340087890625 0.043975830078125
-0.29681396484375 -0.0716857910156249 -0.264266967773438 0.159317016601563
-0.239456176757812 0.100357055664063 0.09515380859375 0.125495910644531
-0.07220458984375 0.169921875 0.239349365234375 -0.0943450927734375
0.0388641357421875 0.102485656738281 0.1783447265625 -0.29620361328125
0.0269279479980469 0.0608673095703125 0.024688720703125 -0.453460693359375
-0.0102958679199219 0.0564651489257812 -0.110504150390625 -0.488189697265625
-0.010772705078125 0.0986404418945312 -0.14117431640625 -0.40386962890625
-0.00459289550781249 0.11346435546875 -0.1575927734375 -0.323211669921875
0.0149612426757813 0.118865966796875 -0.1455078125 -0.27996826171875
-0.023101806640625 0.178756713867188 -0.215347290039062 -0.256759643554688
-0.138916015625 0.236648559570312 -0.18011474609375 -0.31195068359375
-0.391754150390625 0.0644836425781251 -0.08526611328125 -0.315399169921875
-0.404998779296875 -0.141815185546875 -0.277145385742188 -0.09710693359375
-0.2403564453125 -0.27374267578125 -0.64288330078125 -0.4288330078125
-0.0776748657226563 0.0951690673828125 0.72796630859375 0.3538818359375
0.0893325805664063 0.08270263671875 0.261428833007813 0.0961456298828125
0.0684432983398438 -0.0695075988769531 0.00848388671874999 0.31585693359375
-0.0391616821289063 -0.0887680053710938 0.18133544921875 0.417266845703125
-0.114364624023437 -0.0217971801757813 0.208816528320313 0.261749267578125
-0.0747604370117187 0.0821990966796875 0.16510009765625 0.268173217773438
0.0104904174804687 0.109550476074219 0.1641845703125 0.337188720703125
0.00851440429687501 0.0848388671875 0.159088134765625 0.36895751953125
0.0121002197265625 0.0952224731445312 0.142974853515625 0.423675537109375
-0.0342483520507813 0.102256774902344 0.038848876953125 0.422607421875
-0.0842514038085937 0.0475845336914063 -0.0390625 0.305511474609375
-0.0915756225585938 -0.037506103515625 -0.11102294921875 0.151947021484375
0.0357208251953125 -0.083953857421875 -0.0741958618164062 -0.0619354248046875
0.0863800048828125 0.0338211059570313 0.216751098632813 -0.16094970703125
-0.0295944213867187 0.120246887207031 0.320892333984375 -0.0113525390625
-0.360595703125 -0.0538940429687499 0.64581298828125 0.3997802734375
-0.244384765625 0.00640869140625005 0.184738159179687 0.130722045898438
-0.2607421875 -0.0294342041015625 -0.02874755859375 0.359832763671875
-0.26318359375 0.0439453124999999 0.20391845703125 0.463592529296875
-0.246353149414063 0.127243041992188 0.242904663085938 0.23504638671875
-0.13275146484375 0.274917602539063 0.168167114257813 0.205673217773438
0.016998291015625 0.29486083984375 0.135726928710937 0.267562866210937
0.03302001953125 0.254684448242188 0.131439208984375 0.302001953125
0.0560150146484375 0.264511108398438 0.126312255859375 0.358612060546875
-0.000244140624999974 0.259033203125 0.065887451171875 0.36639404296875
-0.109619140625 0.210494995117188 -0.00196838378906251 0.2647705078125
-0.1781005859375 0.1309814453125 -0.0791015625 0.152923583984375
-0.17828369140625 -0.0185089111328125 -0.0846633911132813 -0.0526885986328125
-0.174880981445313 -0.007049560546875 0.173126220703125 -0.153656005859375
-0.25067138671875 0.012359619140625 0.27630615234375 -0.010528564453125
-0.5694580078125 -0.21734619140625 0.4786376953125 0.3980712890625
-0.5286865234375 -0.111236572265625 0.070526123046875 0.168182373046875
-0.5665283203125 -0.0204467773437499 -0.033233642578125 0.38525390625
-0.475341796875 0.166748046875 0.2576904296875 0.455963134765625
-0.355438232421875 0.259613037109375 0.299163818359375 0.15740966796875
-0.176788330078125 0.42333984375 0.179595947265625 0.0849761962890625
0.0173034667968749 0.431304931640625 0.0965042114257813 0.138450622558594
0.045806884765625 0.3875732421875 0.0818939208984375 0.188995361328125
0.096282958984375 0.40234375 0.08245849609375 0.2652587890625
0.0416259765625 0.388671875 0.058746337890625 0.2869873046875
-0.108245849609375 0.36724853515625 -0.00259399414062502 0.21405029296875
-0.23248291015625 0.30865478515625 -0.0771102905273438 0.136016845703125
-0.369049072265625 0.0928955078124999 -0.108627319335938 -0.0603256225585938
-0.425994873046875 -0.001800537109375 0.10369873046875 -0.144363403320313
-0.45635986328125 -0.0779724121093749 0.175430297851562 -0.0367584228515625
-0.67474365234375 -0.35546875 0.262664794921875 0.35205078125
-0.70574951171875 -0.20928955078125 -0.063629150390625 0.201248168945313
-0.7696533203125 -0.00653076171875008 -0.00619506835937501 0.389434814453125
-0.599609375 0.269287109375 0.326416015625 0.3819580078125
-0.390838623046875 0.3568115234375 0.35162353515625 0.03558349609375
-0.180267333984375 0.504638671875 0.185348510742188 -0.0795135498046875
0.01641845703125 0.493377685546875 0.0490798950195313 -0.0332756042480469
0.05279541015625 0.4603271484375 0.0182533264160156 0.0480613708496094
0.115936279296875 0.485626220703125 0.01434326171875 0.147903442382813
0.072784423828125 0.477447509765625 0.0213775634765625 0.184906005859375
-0.10089111328125 0.48480224609375 -0.0386505126953125 0.143783569335938
-0.26556396484375 0.461334228515625 -0.104103088378906 0.09405517578125
-0.527801513671875 0.207916259765625 -0.138458251953125 -0.082122802734375
-0.63372802734375 0.0244750976562499 0.0148696899414062 -0.120223999023437
-0.61566162109375 -0.1488037109375 0.0177688598632812 -0.0798492431640625
-0.67681884765625 -0.43084716796875 0.04132080078125 0.27490234375
-0.7501220703125 -0.24493408203125 -0.181198120117188 0.218032836914063
-0.8070068359375 0.0303344726562498 0.033233642578125 0.3555908203125
-0.5830078125 0.33642578125 0.372161865234375 0.253326416015625
-0.33551025390625 0.390289306640625 0.3641357421875 -0.10418701171875
-0.13775634765625 0.494110107421875 0.168594360351563 -0.243072509765625
0.019622802734375 0.47265625 -0.00405883789062499 -0.209121704101562
0.046173095703125 0.465423583984375 -0.0483856201171875 -0.103431701660156
0.111114501953125 0.501312255859375 -0.0609016418457031 0.0128097534179688
0.0751953125 0.50262451171875 -0.0406951904296875 0.0591583251953125
-0.101593017578125 0.53570556640625 -0.102088928222656 0.0512313842773438
-0.2833251953125 0.54595947265625 -0.14776611328125 0.0257720947265626
-0.6312255859375 0.2760009765625 -0.166213989257813 -0.1153564453125
-0.76593017578125 0.0317382812499999 -0.0886840820312501 -0.0863494873046875
-0.6934814453125 -0.21246337890625 -0.178985595703125 -0.133941650390625
-0.58953857421875 -0.43011474609375 -0.147781372070313 0.189239501953125
-0.67431640625 -0.2139892578125 -0.25653076171875 0.2174072265625
-0.68701171875 0.0792236328125001 0.0697937011718749 0.28875732421875
-0.44342041015625 0.338592529296875 0.366180419921875 0.105010986328125
-0.206390380859375 0.342254638671875 0.325408935546875 -0.221466064453125
-0.06915283203125 0.396026611328125 0.124420166015625 -0.37371826171875
0.020965576171875 0.377044677734375 -0.058837890625 -0.3575439453125
0.034515380859375 0.3968505859375 -0.109710693359375 -0.241317749023437
0.079986572265625 0.439422607421875 -0.127632141113281 -0.124565124511719
0.05194091796875 0.443817138671875 -0.102226257324219 -0.0755157470703125
-0.10260009765625 0.490386962890625 -0.167648315429688 -0.0593414306640625
-0.281341552734375 0.52288818359375 -0.187698364257813 -0.07489013671875
-0.658935546875 0.26678466796875 -0.1767578125 -0.1658935546875
-0.78546142578125 -0.00292968750000002 -0.185928344726563 -0.0592193603515625
-0.6597900390625 -0.26556396484375 -0.386444091796875 -0.20513916015625
-0.42962646484375 -0.3629150390625 -0.277313232421875 0.113494873046875
-0.509307861328125 -0.138336181640625 -0.279312133789063 0.197601318359375
-0.4732666015625 0.115875244140625 0.090057373046875 0.200820922851563
-0.244796752929688 0.280914306640625 0.309661865234375 -0.0238037109375
-0.0651092529296875 0.233154296875 0.246063232421875 -0.289642333984375
-0.00505065917968748 0.236007690429688 0.06072998046875 -0.44244384765625
0.0141143798828125 0.229202270507813 -0.107177734375 -0.45172119140625
0.0175628662109375 0.267791748046875 -0.150848388671875 -0.34515380859375
0.036956787109375 0.303466796875 -0.167861938476562 -0.242782592773437
0.0240478515625 0.3057861328125 -0.143539428710938 -0.196517944335937
-0.078857421875 0.357513427734375 -0.2108154296875 -0.166427612304688
-0.233306884765625 0.4073486328125 -0.207305908203125 -0.191360473632812
-0.57916259765625 0.18804931640625 -0.15557861328125 -0.235321044921875
-0.6640625 -0.0706176757812499 -0.255325317382813 -0.0542144775390625
-0.50799560546875 -0.292205810546875 -0.5631103515625 -0.29644775390625
-0.2244873046875 -0.2586669921875 -0.34246826171875 0.06341552734375
-0.299407958984375 -0.052947998046875 -0.259170532226563 0.176666259765625
-0.231414794921875 0.1202392578125 0.0973663330078125 0.122100830078125
-0.0567626953125 0.178848266601563 0.22998046875 -0.109115600585937
0.04949951171875 0.0975418090820312 0.157867431640625 -0.305511474609375
0.0318679809570313 0.0574684143066406 -0.00463867187500002 -0.45068359375
-0.00737762451171875 0.0567741394042969 -0.142913818359375 -0.482666015625
-0.00390625 0.0994949340820313 -0.167022705078125 -0.395965576171875
0.00202178955078126 0.114540100097656 -0.177581787109375 -0.314117431640625
0.0225143432617188 0.115638732910156 -0.162155151367188 -0.270919799804688
-0.008880615234375 0.179107666015625 -0.230667114257812 -0.241607666015625
-0.121627807617187 0.246978759765625 -0.202789306640625 -0.29827880859375
-0.38946533203125 0.0963439941406249 -0.10418701171875 -0.3052978515625
-0.41619873046875 -0.112548828125 -0.279052734375 -0.0760650634765625
-0.258026123046875 -0.26275634765625 -0.6727294921875 -0.38946533203125
-0.07073974609375 0.0969772338867188 0.73590087890625 0.3087158203125
0.0961990356445313 0.0730819702148438 0.26043701171875 0.074981689453125
0.0633697509765625 -0.072265625 0.02398681640625 0.311676025390625
-0.0419235229492188 -0.0862503051757812 0.204986572265625 0.39501953125
-0.11383056640625 -0.0119400024414062 0.218658447265625 0.242950439453125
-0.0700912475585938 0.0852127075195313 0.175399780273438 0.25238037109375
0.0168380737304688 0.106407165527344 0.17596435546875 0.32275390625
0.013397216796875 0.084686279296875 0.17449951171875 0.354583740234375
0.0207977294921875 0.0933151245117187 0.161346435546875 0.40362548828125
-0.0252532958984375 0.102371215820313 0.062103271484375 0.4063720703125
-0.0789108276367188 0.0515594482421875 -0.0194091796875 0.295135498046875
-0.0931625366210938 -0.03070068359375 -0.0968170166015625 0.14996337890625
0.0307235717773438 -0.0837936401367188 -0.0747909545898438 -0.0588836669921875
0.0872955322265625 0.0281829833984375 0.203933715820313 -0.166458129882813
-0.0236282348632812 0.123382568359375 0.3167724609375 -0.023345947265625
-0.35400390625 -0.0352172851562501 0.65826416015625 0.35528564453125
-0.236480712890625 0.0158081054687499 0.189010620117187 0.116256713867188
-0.255538940429688 -0.0131072998046875 -0.011199951171875 0.353973388671875
-0.254180908203125 0.057952880859375 0.229156494140625 0.440826416015625
-0.236221313476563 0.141403198242187 0.250808715820313 0.21209716796875
-0.11322021484375 0.278076171875 0.172470092773437 0.191253662109375
0.036163330078125 0.28961181640625 0.144317626953125 0.257080078125
0.04815673828125 0.248321533203125 0.14129638671875 0.29107666015625
0.073150634765625 0.256484985351563 0.144805908203125 0.342987060546875
0.0187530517578125 0.249771118164063 0.0830078125 0.347198486328125
-0.09210205078125 0.214263916015625 0.012054443359375 0.251434326171875
-0.16326904296875 0.141082763671875 -0.06365966796875 0.150436401367187
-0.173568725585938 -0.00762939453124998 -0.0838470458984375 -0.044891357421875
-0.170913696289062 0.00723266601562501 0.159774780273438 -0.159408569335938
-0.247406005859375 0.026702880859375 0.276519775390625 -0.021484375
-0.56982421875 -0.1827392578125 0.49468994140625 0.364654541015625
-0.521209716796875 -0.0802917480468749 0.0761871337890625 0.159027099609375
-0.555145263671875 0.013946533203125 -0.0145263671875 0.381622314453125
-0.452880859375 0.19268798828125 0.279022216796875 0.42877197265625
-0.332366943359375 0.278106689453125 0.30035400390625 0.13348388671875
-0.144317626953125 0.427459716796875 0.177017211914062 0.0712890625
0.0440673828125 0.4239501953125 0.101844787597656 0.131668090820313
0.069488525390625 0.375518798828125 0.0909271240234375 0.182281494140625
0.12103271484375 0.387786865234375 0.0935211181640625 0.254623413085937
0.0693359375 0.37335205078125 0.072784423828125 0.273971557617188
-0.08184814453125 0.363525390625 0.0111541748046875 0.202896118164063
-0.204315185546875 0.3197021484375 -0.065399169921875 0.133132934570313
-0.354583740234375 0.114837646484375 -0.10455322265625 -0.0514755249023438
-0.414276123046875 0.027984619140625 0.09661865234375 -0.14263916015625
-0.45159912109375 -0.048858642578125 0.176025390625 -0.044219970703125
-0.68328857421875 -0.31182861328125 0.27874755859375 0.33148193359375
-0.6998291015625 -0.16815185546875 -0.052490234375 0.200332641601563
-0.75115966796875 0.04052734375 0.01202392578125 0.38714599609375
-0.56597900390625 0.30438232421875 0.342010498046875 0.35650634765625
-0.359130859375 0.37213134765625 0.341156005859375 0.01043701171875
-0.14068603515625 0.506683349609375 0.17364501953125 -0.0854339599609375
0.04443359375 0.48455810546875 0.0463409423828125 -0.0310783386230468
0.08062744140625 0.44976806640625 0.021484375 0.047271728515625
0.147918701171875 0.46746826171875 0.0241851806640625 0.143753051757813
0.101776123046875 0.4588623046875 0.0298614501953125 0.17474365234375
-0.068267822265625 0.480560302734375 -0.0315170288085937 0.137130737304688
-0.22589111328125 0.46923828125 -0.0929641723632813 0.0970535278320313
-0.504852294921875 0.23779296875 -0.134185791015625 -0.0691070556640625
-0.61834716796875 0.0661010742187501 0.013671875 -0.115852355957031
-0.6116943359375 -0.11041259765625 0.0188674926757812 -0.0763473510742188
-0.68780517578125 -0.38623046875 0.0579376220703124 0.269332885742188
-0.74493408203125 -0.2025146484375 -0.165542602539063 0.22406005859375
-0.784912109375 0.0783081054687501 0.0472412109375 0.347320556640625
-0.545654296875 0.365875244140625 0.377838134765625 0.22601318359375
-0.302001953125 0.399200439453125 0.349273681640625 -0.1278076171875
-0.102020263671875 0.490203857421875 0.149765014648437 -0.245513916015625
0.045654296875 0.46221923828125 -0.0169830322265625 -0.199234008789062
0.07318115234375 0.45281982421875 -0.0548934936523437 -0.0964202880859375
0.139495849609375 0.483734130859375 -0.0561180114746094 0.0153045654296875
0.10638427734375 0.483245849609375 -0.0360031127929688 0.0556716918945313
-0.0621643066406249 0.5283203125 -0.0969696044921875 0.0544662475585938
-0.236114501953125 0.553314208984375 -0.138290405273438 0.0340576171875
-0.59912109375 0.3126220703125 -0.165145874023438 -0.100006103515625
-0.74609375 0.07977294921875 -0.08453369140625 -0.0756149291992188
-0.69146728515625 -0.1715087890625 -0.179473876953125 -0.121337890625
-0.60321044921875 -0.3895263671875 -0.133071899414063 0.19134521484375
-0.66815185546875 -0.173828125 -0.240463256835938 0.227508544921875
-0.6663818359375 0.121826171875 0.078277587890625 0.2823486328125
-0.406524658203125 0.36273193359375 0.36395263671875 0.081878662109375
-0.180938720703125 0.344329833984375 0.302001953125 -0.235687255859375
-0.04217529296875 0.3896484375 0.099029541015625 -0.372100830078125
0.041534423828125 0.370086669921875 -0.079315185546875 -0.343414306640625
0.059326171875 0.3875732421875 -0.119552612304688 -0.228744506835937
0.105560302734375 0.424407958984375 -0.13140869140625 -0.114166259765625
0.07806396484375 0.427154541015625 -0.103569030761719 -0.0719985961914062
-0.068878173828125 0.485626220703125 -0.167724609375 -0.050628662109375
-0.23883056640625 0.531005859375 -0.184829711914063 -0.0611267089843749
-0.62969970703125 0.303466796875 -0.17840576171875 -0.147171020507812
-0.7681884765625 0.04486083984375 -0.180267333984375 -0.043670654296875
-0.66180419921875 -0.22808837890625 -0.38641357421875 -0.179473876953125
-0.44659423828125 -0.33367919921875 -0.266326904296875 0.124130249023438
-0.5052490234375 -0.109405517578125 -0.264984130859375 0.208938598632813
-0.452667236328125 0.1441650390625 0.0937652587890625 0.19549560546875
-0.215240478515625 0.293853759765625 0.2965087890625 -0.039886474609375
-0.0451507568359375 0.232025146484375 0.220947265625 -0.296051025390625
0.0103912353515625 0.229156494140625 0.03240966796875 -0.43035888671875
0.0253448486328125 0.224349975585938 -0.133544921875 -0.43267822265625
0.0329132080078125 0.261810302734375 -0.165313720703125 -0.329254150390625
0.055694580078125 0.293212890625 -0.176803588867187 -0.22735595703125
0.04180908203125 0.292205810546875 -0.15106201171875 -0.186370849609375
-0.05364990234375 0.354339599609375 -0.214691162109375 -0.151718139648437
-0.2008056640625 0.414794921875 -0.2117919921875 -0.173828125
-0.55853271484375 0.221435546875 -0.161819458007813 -0.215103149414062
-0.65380859375 -0.0285034179687501 -0.246017456054688 -0.036376953125
-0.512603759765625 -0.25921630859375 -0.56488037109375 -0.2589111328125
-0.239944458007812 -0.24017333984375 -0.334259033203125 0.07867431640625
-0.29437255859375 -0.0382080078125 -0.246353149414063 0.187591552734375
-0.21868896484375 0.1351318359375 0.0948715209960937 0.117668151855469
-0.041748046875 0.182205200195313 0.215988159179687 -0.119476318359375
0.0563583374023438 0.0903396606445313 0.135772705078125 -0.30584716796875
0.0341110229492188 0.0501937866210938 -0.02642822265625 -0.434112548828125
-0.00553894042968751 0.0585594177246094 -0.169952392578125 -0.46295166015625
0.000129699707031256 0.0982208251953125 -0.18597412109375 -0.379180908203125
0.00927734375 0.114509582519531 -0.187530517578125 -0.299407958984375
0.028228759765625 0.1109619140625 -0.169601440429687 -0.256744384765625
0.00404357910156249 0.174484252929688 -0.23797607421875 -0.221145629882812
-0.101242065429688 0.25054931640625 -0.213729858398437 -0.279815673828125
-0.374908447265625 0.12078857421875 -0.1173095703125 -0.28924560546875
-0.411956787109375 -0.0845336914062499 -0.269683837890625 -0.0594482421875
-0.26910400390625 -0.248062133789063 -0.67962646484375 -0.342529296875
-0.0658798217773438 0.0996475219726563 0.7314453125 0.2757568359375
0.0987319946289062 0.0654983520507813 0.255035400390625 0.063751220703125
0.0567245483398438 -0.0752639770507813 0.0330810546875 0.30340576171875
-0.0458526611328125 -0.081512451171875 0.213104248046875 0.38043212890625
-0.112525939941406 -0.00591278076171876 0.21820068359375 0.223892211914063
-0.06475830078125 0.08868408203125 0.176177978515625 0.23797607421875
0.0191497802734375 0.105377197265625 0.181915283203125 0.3114013671875
0.0174713134765625 0.0815887451171875 0.17724609375 0.339508056640625
0.0250625610351562 0.0899124145507813 0.168365478515625 0.384735107421875
-0.0195083618164062 0.101837158203125 0.07183837890625 0.387664794921875
-0.075347900390625 0.0541534423828125 -0.00915527343750003 0.28125
-0.0923614501953125 -0.0224990844726563 -0.0843048095703125 0.145538330078125
0.02569580078125 -0.0862808227539063 -0.0706558227539063 -0.0551223754882813
0.0834579467773438 0.0236587524414063 0.195770263671875 -0.168563842773437
-0.0173721313476562 0.121932983398438 0.314239501953125 -0.02783203125
-0.349273681640625 -0.020233154296875 0.65594482421875 0.32666015625
-0.226699829101563 0.0217285156250001 0.18719482421875 0.106201171875
-0.250717163085938 -0.00657653808593746 -0.00100708007812499 0.349456787109375
-0.246246337890625 0.0697479248046875 0.241424560546875 0.422943115234375
-0.226150512695313 0.145706176757812 0.250732421875 0.19366455078125
-0.0998382568359375 0.278411865234375 0.17120361328125 0.180191040039063
0.04705810546875 0.28436279296875 0.14837646484375 0.248336791992188
0.0552978515625 0.24127197265625 0.145919799804688 0.279388427734375
0.0825653076171875 0.243988037109375 0.147552490234375 0.32861328125
0.02911376953125 0.242645263671875 0.0911865234375 0.332275390625
-0.0818328857421875 0.212005615234375 0.0203857421875 0.237838745117187
-0.151702880859375 0.145004272460938 -0.0550689697265625 0.14459228515625
-0.169952392578125 -0.0019073486328125 -0.0781478881835938 -0.041748046875
-0.168289184570313 0.0101165771484375 0.155426025390625 -0.15716552734375
-0.23876953125 0.0334320068359375 0.272674560546875 -0.0265960693359375
-0.56329345703125 -0.16021728515625 0.4974365234375 0.33837890625
-0.506805419921875 -0.0640258789062499 0.0807037353515625 0.153976440429688
-0.54150390625 0.03338623046875 -0.00216674804687505 0.376800537109375
-0.4334716796875 0.20794677734375 0.290283203125 0.40716552734375
-0.315155029296875 0.282470703125 0.295928955078125 0.1136474609375
-0.12445068359375 0.42498779296875 0.169708251953125 0.064117431640625
0.057769775390625 0.412811279296875 0.100028991699219 0.126144409179688
0.08154296875 0.36566162109375 0.092559814453125 0.175796508789063
0.13525390625 0.369598388671875 0.098724365234375 0.24639892578125
0.0809326171875 0.36065673828125 0.0806884765625 0.258453369140625
-0.064056396484375 0.357177734375 0.013580322265625 0.192596435546875
-0.184814453125 0.317962646484375 -0.0560073852539063 0.129928588867188
-0.3402099609375 0.121612548828125 -0.0985794067382813 -0.0464248657226562
-0.404022216796875 0.04302978515625 0.092926025390625 -0.140350341796875
-0.442840576171875 -0.036163330078125 0.173751831054687 -0.04595947265625
-0.67779541015625 -0.282470703125 0.287384033203125 0.31329345703125
-0.6861572265625 -0.14208984375 -0.045074462890625 0.196258544921875
-0.73052978515625 0.0662231445312502 0.020782470703125 0.377777099609375
-0.537078857421875 0.31854248046875 0.344970703125 0.331451416015625
-0.33856201171875 0.374420166015625 0.331298828125 -0.00570678710937498
-0.119598388671875 0.497772216796875 0.16217041015625 -0.0877532958984375
0.062286376953125 0.4744873046875 0.0401687622070313 -0.0304794311523437
0.09332275390625 0.435302734375 0.0225486755371094 0.0455970764160157
0.16143798828125 0.44842529296875 0.0256195068359375 0.141494750976563
0.116851806640625 0.438507080078125 0.035736083984375 0.165542602539063
-0.045562744140625 0.4705810546875 -0.026397705078125 0.130088806152344
-0.200164794921875 0.46820068359375 -0.0826950073242188 0.0958404541015625
-0.478179931640625 0.2496337890625 -0.129127502441406 -0.0615386962890625
-0.599365234375 0.0872192382812499 0.0131683349609375 -0.110725402832031
-0.599853515625 -0.0937499999999999 0.0204391479492187 -0.07440185546875
-0.68682861328125 -0.354248046875 0.068145751953125 0.258697509765625
-0.73095703125 -0.17291259765625 -0.154525756835938 0.224273681640625
-0.760009765625 0.10791015625 0.053802490234375 0.344696044921875
-0.515045166015625 0.380645751953125 0.375762939453125 0.2073974609375
-0.280029296875 0.398284912109375 0.331085205078125 -0.13818359375
-0.079559326171875 0.47711181640625 0.1346435546875 -0.241607666015625
0.062713623046875 0.450714111328125 -0.0246124267578125 -0.19268798828125
0.08831787109375 0.43829345703125 -0.0545501708984375 -0.0917129516601562
0.154693603515625 0.4639892578125 -0.0556297302246094 0.0204963684082032
0.120147705078125 0.46014404296875 -0.0322265625 0.052154541015625
-0.041656494140625 0.516876220703125 -0.0944976806640625 0.0525970458984375
-0.209686279296875 0.548370361328125 -0.129829406738281 0.0375442504882813
-0.5732421875 0.32720947265625 -0.1573486328125 -0.087493896484375
-0.72332763671875 0.10650634765625 -0.0804901123046875 -0.0694503784179687
-0.6787109375 -0.14990234375 -0.174102783203125 -0.110336303710938
-0.60516357421875 -0.35943603515625 -0.121673583984375 0.191238403320313
-0.65606689453125 -0.14959716796875 -0.227691650390625 0.229766845703125
-0.64178466796875 0.141845703125 0.0813293457031249 0.2760009765625
-0.377777099609375 0.37103271484375 0.353179931640625 0.070281982421875
-0.162017822265625 0.339996337890625 0.286346435546875 -0.242279052734375
-0.023284912109375 0.37835693359375 0.08355712890625 -0.36029052734375
0.05389404296875 0.359466552734375 -0.0899658203125 -0.33056640625
0.071624755859375 0.373992919921875 -0.123016357421875 -0.218475341796875
0.118560791015625 0.409912109375 -0.129531860351563 -0.106903076171875
0.09014892578125 0.40960693359375 -0.101425170898437 -0.0699996948242187
-0.0457763671875 0.475067138671875 -0.16339111328125 -0.0443267822265625
-0.211273193359375 0.52813720703125 -0.179580688476563 -0.051971435546875
-0.59991455078125 0.32208251953125 -0.17279052734375 -0.134689331054687
-0.74603271484375 0.07440185546875 -0.169387817382813 -0.03515625
-0.65228271484375 -0.20538330078125 -0.379791259765625 -0.163818359375
-0.4478759765625 -0.310546875 -0.25433349609375 0.130126953125
-0.492919921875 -0.0906982421875001 -0.251617431640625 0.213592529296875
-0.43359375 0.1591796875 0.0930633544921875 0.191787719726563
-0.194549560546875 0.2957763671875 0.286285400390625 -0.04736328125
-0.0337066650390625 0.221145629882813 0.204193115234375 -0.294158935546875
0.0215606689453125 0.21929931640625 0.0203857421875 -0.416778564453125
0.0322265625 0.218338012695313 -0.145721435546875 -0.416015625
0.0400238037109375 0.2545166015625 -0.1715087890625 -0.314605712890625
0.063568115234375 0.285064697265625 -0.1773681640625 -0.21710205078125
0.05035400390625 0.28155517578125 -0.149917602539063 -0.179306030273437
-0.03741455078125 0.34539794921875 -0.212631225585938 -0.13897705078125
-0.17919921875 0.413116455078125 -0.208251953125 -0.159164428710937
-0.535400390625 0.238250732421875 -0.158615112304688 -0.201690673828125
-0.63519287109375 -0.00146484374999989 -0.235610961914063 -0.027008056640625
-0.508331298828125 -0.24200439453125 -0.5594482421875 -0.2335205078125
-0.244522094726563 -0.225006103515625 -0.324371337890625 0.086395263671875
-0.286529541015625 -0.0283203125000001 -0.237518310546875 0.190521240234375
-0.207595825195312 0.140548706054688 0.0928955078125 0.11383056640625
-0.0288848876953125 0.180313110351563 0.203231811523438 -0.119705200195312
0.05859375 0.0818252563476563 0.120849609375 -0.297149658203125
0.0364532470703125 0.0476455688476563 -0.039276123046875 -0.42010498046875
-0.0051116943359375 0.0574111938476563 -0.181671142578125 -0.44635009765625
0.00437927246093751 0.0961456298828125 -0.19293212890625 -0.365081787109375
0.0121002197265625 0.109588623046875 -0.191192626953125 -0.2867431640625
0.0301132202148438 0.104515075683594 -0.172088623046875 -0.245834350585938
0.0114288330078125 0.167449951171875 -0.236907958984375 -0.206161499023438
-0.0890960693359375 0.248611450195313 -0.215194702148438 -0.261627197265625
-0.3642578125 0.133636474609375 -0.118850708007813 -0.273483276367188
-0.403076171875 -0.066497802734375 -0.261856079101563 -0.0480499267578125
-0.268798828125 -0.235397338867187 -0.67559814453125 -0.3125
-0.0643386840820313 0.0995101928710938 0.731689453125 0.2603759765625
0.097930908203125 0.0609970092773437 0.251327514648438 0.057708740234375
0.0548248291015625 -0.0760421752929688 0.0372314453125 0.30291748046875
-0.0475540161132812 -0.0795440673828125 0.2183837890625 0.370025634765625
-0.11376953125 -0.00151062011718749 0.217636108398438 0.216064453125
-0.0616607666015625 0.0916213989257813 0.173934936523438 0.23114013671875
0.023162841796875 0.106788635253906 0.182037353515625 0.305755615234375
0.0195999145507813 0.08154296875 0.180267333984375 0.335174560546875
0.0270462036132813 0.0887069702148438 0.16888427734375 0.376495361328125
-0.016693115234375 0.100624084472656 0.077056884765625 0.37701416015625
-0.07513427734375 0.056915283203125 -0.00428771972656252 0.271392822265625
-0.0914688110351563 -0.020599365234375 -0.0798721313476563 0.140304565429687
0.0218429565429688 -0.0887298583984375 -0.067840576171875 -0.0549163818359375
0.0830764770507813 0.0214157104492188 0.192230224609375 -0.1673583984375
-0.0151519775390625 0.123153686523438 0.314666748046875 -0.027587890625
-0.3472900390625 -0.0136718749999999 0.65966796875 0.31396484375
-0.222000122070313 0.0233154296875 0.186676025390625 0.101486206054688
-0.24786376953125 -0.00300598144531249 0.00512695312500001 0.3492431640625
-0.241012573242188 0.073333740234375 0.245391845703125 0.41046142578125
-0.220947265625 0.150527954101562 0.24749755859375 0.183853149414063
-0.091278076171875 0.278244018554688 0.1678466796875 0.173431396484375
0.05303955078125 0.281707763671875 0.148818969726563 0.244338989257813
0.0604248046875 0.237655639648437 0.149337768554688 0.274002075195313
0.08795166015625 0.239990234375 0.1483154296875 0.320892333984375
0.0341796875 0.235336303710938 0.094970703125 0.321685791015625
-0.0734100341796875 0.211013793945313 0.021453857421875 0.230377197265625
-0.146331787109375 0.146865844726562 -0.0509185791015625 0.138954162597656
-0.168380737304687 -0.000793457031250025 -0.075408935546875 -0.0406036376953125
-0.163345336914063 0.0158843994140625 0.153671264648438 -0.15496826171875
-0.235610961914063 0.0377197265625 0.275131225585938 -0.0275421142578125
-0.56103515625 -0.148681640625 0.50262451171875 0.328216552734375
-0.499755859375 -0.05694580078125 0.0827789306640625 0.148818969726563
-0.53485107421875 0.041259765625 0.00134277343749998 0.37664794921875
-0.422607421875 0.2132568359375 0.295166015625 0.39642333984375
-0.305267333984375 0.285064697265625 0.290283203125 0.10540771484375
-0.11376953125 0.421661376953125 0.164596557617187 0.0608062744140625
0.067474365234375 0.41009521484375 0.0981674194335938 0.125442504882813
0.088409423828125 0.36053466796875 0.09344482421875 0.172821044921875
0.13970947265625 0.363067626953125 0.09954833984375 0.241058349609375
0.086822509765625 0.34967041015625 0.080780029296875 0.249359130859375
-0.052398681640625 0.35284423828125 0.014068603515625 0.184494018554688
-0.171051025390625 0.3192138671875 -0.0500411987304688 0.124885559082031
-0.3338623046875 0.12713623046875 -0.0961685180664063 -0.04345703125
-0.3968505859375 0.05126953125 0.094970703125 -0.137840270996094
-0.437408447265625 -0.032073974609375 0.1763916015625 -0.046356201171875
-0.67694091796875 -0.2669677734375 0.293182373046875 0.305999755859375
-0.67730712890625 -0.13214111328125 -0.0397796630859376 0.193145751953125
-0.720458984375 0.07940673828125 0.022613525390625 0.378173828125
-0.51971435546875 0.326934814453125 0.350677490234375 0.3223876953125
-0.326263427734375 0.3748779296875 0.324432373046875 -0.013336181640625
-0.105224609375 0.490631103515625 0.15618896484375 -0.0886993408203125
0.0716552734375 0.46875 0.0373497009277344 -0.0289535522460937
0.1011962890625 0.4278564453125 0.0215606689453125 0.04534912109375
0.1702880859375 0.439453125 0.0280609130859375 0.138809204101563
0.122222900390625 0.42767333984375 0.03485107421875 0.15771484375
-0.0318603515625001 0.463104248046875 -0.027587890625 0.125503540039063
-0.181610107421875 0.46527099609375 -0.07708740234375 0.0939559936523438
-0.47039794921875 0.25494384765625 -0.123497009277344 -0.0579757690429688
-0.58819580078125 0.10028076171875 0.0169448852539062 -0.107406616210938
-0.594482421875 -0.0872802734374999 0.0216751098632812 -0.0726318359375
-0.68438720703125 -0.33856201171875 0.0753173828125 0.253097534179688
-0.72210693359375 -0.16290283203125 -0.150680541992188 0.222503662109375
-0.74859619140625 0.11865234375 0.0561218261718749 0.3427734375
-0.494903564453125 0.387054443359375 0.374420166015625 0.1986083984375
-0.267822265625 0.39483642578125 0.322235107421875 -0.14276123046875
-0.067535400390625 0.47076416015625 0.127304077148438 -0.239547729492188
0.07073974609375 0.4471435546875 -0.029449462890625 -0.187835693359375
0.095977783203125 0.432281494140625 -0.0553817749023437 -0.08941650390625
0.162994384765625 0.455841064453125 -0.0545692443847656 0.0208702087402344
0.125213623046875 0.448028564453125 -0.0322952270507813 0.0482368469238282
-0.028076171875 0.509857177734375 -0.0937576293945313 0.0494232177734375
-0.1912841796875 0.54547119140625 -0.123756408691406 0.0364456176757813
-0.5614013671875 0.33544921875 -0.150741577148438 -0.0826416015625
-0.7113037109375 0.12158203125 -0.0739974975585938 -0.0645675659179687
-0.67486572265625 -0.142333984375 -0.172073364257813 -0.107162475585938
-0.60479736328125 -0.3455810546875 -0.114120483398438 0.18865966796875
-0.64788818359375 -0.14056396484375 -0.221450805664063 0.2296142578125
-0.63067626953125 0.15350341796875 0.0816192626953125 0.275283813476563
-0.36004638671875 0.375030517578125 0.3487548828125 0.0628662109375
-0.150054931640625 0.333648681640625 0.274795532226563 -0.244247436523438
-0.015655517578125 0.36865234375 0.075653076171875 -0.354339599609375
0.05938720703125 0.35565185546875 -0.095703125 -0.322784423828125
0.076507568359375 0.36956787109375 -0.124191284179687 -0.214553833007812
0.125244140625 0.40283203125 -0.127647399902344 -0.102729797363281
0.09588623046875 0.398193359375 -0.101409912109375 -0.0702972412109375
-0.034271240234375 0.468353271484375 -0.163192749023438 -0.0420989990234375
-0.1947021484375 0.527435302734375 -0.173751831054688 -0.04931640625
-0.5887451171875 0.33087158203125 -0.166534423828125 -0.128158569335937
-0.733154296875 0.0867919921875 -0.162490844726563 -0.03155517578125
-0.64935302734375 -0.19879150390625 -0.3770751953125 -0.155792236328125
-0.45062255859375 -0.2978515625 -0.248291015625 0.12774658203125
-0.487823486328125 -0.0844421386718749 -0.246307373046875 0.21307373046875
-0.424346923828125 0.16583251953125 0.09088134765625 0.191970825195313
-0.181243896484375 0.297882080078125 0.279022216796875 -0.0478668212890625
-0.027862548828125 0.21563720703125 0.1961669921875 -0.290863037109375
0.024627685546875 0.21124267578125 0.014068603515625 -0.4090576171875
0.034454345703125 0.215744018554688 -0.151031494140625 -0.4071044921875
0.044158935546875 0.250015258789063 -0.1737060546875 -0.30889892578125
0.0690460205078125 0.280410766601563 -0.176589965820313 -0.21270751953125
0.0537109375 0.273391723632812 -0.149765014648437 -0.17669677734375
-0.02899169921875 0.340057373046875 -0.212539672851563 -0.1336669921875
-0.16571044921875 0.412445068359375 -0.206253051757813 -0.15399169921875
-0.5238037109375 0.249359130859375 -0.154876708984375 -0.193878173828125
-0.62689208984375 0.01080322265625 -0.227249145507813 -0.023345947265625
-0.508331298828125 -0.2376708984375 -0.55560302734375 -0.223724365234375
-0.249465942382813 -0.218124389648437 -0.32012939453125 0.08636474609375
-0.284088134765625 -0.025146484375 -0.233871459960938 0.19024658203125
-0.199981689453125 0.143753051757812 0.089263916015625 0.114768981933594
-0.020050048828125 0.180892944335938 0.1944580078125 -0.116653442382812
0.0631103515625 0.0760040283203125 0.11431884765625 -0.29248046875
0.03515625 0.0422286987304687 -0.04315185546875 -0.4102783203125
-0.00662612915039062 0.05743408203125 -0.186065673828125 -0.435760498046875
0.005889892578125 0.0953445434570313 -0.196441650390625 -0.358367919921875
0.013153076171875 0.108726501464844 -0.191375732421875 -0.282745361328125
0.0309906005859375 0.100395202636719 -0.170822143554687 -0.242523193359375
0.01641845703125 0.1632080078125 -0.235061645507812 -0.198028564453125
-0.0805511474609375 0.2484130859375 -0.214920043945313 -0.251296997070312
-0.3555908203125 0.14215087890625 -0.117645263671875 -0.266510009765625
-0.398284912109375 -0.05743408203125 -0.254074096679688 -0.0435028076171875
-0.271316528320313 -0.232803344726563 -0.67364501953125 -0.30010986328125
-0.0654296875 0.103919982910156 0.7440185546875 0.25067138671875
0.100997924804688 0.0574188232421875 0.253128051757813 0.05303955078125
0.053314208984375 -0.079681396484375 0.04254150390625 0.30712890625
-0.0501480102539063 -0.0798797607421875 0.22998046875 0.366851806640625
-0.116180419921875 0.0027618408203125 0.220596313476563 0.211929321289062
-0.0600814819335938 0.0964813232421875 0.174835205078125 0.229354858398438
0.0277175903320313 0.109001159667969 0.186859130859375 0.307830810546875
0.0223312377929688 0.0834426879882813 0.1851806640625 0.336517333984375
0.0301055908203125 0.089508056640625 0.174407958984375 0.37579345703125
-0.0137863159179688 0.102287292480469 0.081298828125 0.37420654296875
-0.075408935546875 0.0602493286132813 -0.0013580322265625 0.268325805664063
-0.0933837890625 -0.0180511474609375 -0.0765533447265625 0.137489318847656
0.0180130004882813 -0.0920333862304688 -0.0678520202636719 -0.0554275512695313
0.0832061767578125 0.0195083618164063 0.193374633789063 -0.17071533203125
-0.0130233764648438 0.125953674316406 0.322540283203125 -0.028778076171875
-0.351898193359375 -0.00637817382812499 0.6728515625 0.30462646484375
-0.222824096679688 0.024932861328125 0.1903076171875 0.097747802734375
-0.250518798828125 0.000381469726562502 0.010955810546875 0.3546142578125
-0.239669799804688 0.07843017578125 0.258056640625 0.4075927734375
-0.221725463867187 0.157135009765625 0.249404907226563 0.178924560546875
-0.085174560546875 0.28375244140625 0.167892456054688 0.172271728515625
0.06182861328125 0.285491943359375 0.151641845703125 0.24737548828125
0.0663604736328125 0.240020751953125 0.153182983398438 0.27435302734375
0.0947723388671875 0.239776611328125 0.15142822265625 0.3214111328125
0.0403900146484375 0.234375 0.097625732421875 0.31787109375
-0.0678558349609375 0.214385986328125 0.022735595703125 0.226333618164063
-0.143234252929687 0.150955200195313 -0.0468292236328125 0.135856628417969
-0.170425415039063 0.001312255859375 -0.0742340087890625 -0.0407180786132813
-0.16357421875 0.018524169921875 0.155715942382812 -0.156845092773438
-0.237014770507813 0.0423126220703125 0.281768798828125 -0.0296630859375
-0.57110595703125 -0.13995361328125 0.515594482421875 0.32330322265625
-0.50335693359375 -0.052032470703125 0.0867919921875 0.147293090820312
-0.53924560546875 0.0502929687499999 0.00720214843750001 0.38397216796875
-0.41796875 0.225128173828125 0.3076171875 0.3927001953125
-0.30487060546875 0.290740966796875 0.2911376953125 0.09820556640625
-0.1038818359375 0.42462158203125 0.163314819335938 0.0589599609375
0.07855224609375 0.4140625 0.0994415283203125 0.127487182617188
0.0960083007812499 0.3629150390625 0.09503173828125 0.172271728515625
0.150634765625 0.3626708984375 0.101776123046875 0.242431640625
0.095611572265625 0.34674072265625 0.0820159912109375 0.24591064453125
-0.0430908203125 0.355743408203125 0.014312744140625 0.1812744140625
-0.162322998046875 0.32470703125 -0.0462265014648438 0.12249755859375
-0.334808349609375 0.133697509765625 -0.0937271118164063 -0.0430450439453125
-0.39691162109375 0.0606079101562499 0.0978851318359375 -0.138908386230469
-0.443572998046875 -0.0276794433593751 0.181564331054687 -0.04766845703125
-0.68768310546875 -0.258544921875 0.30328369140625 0.303924560546875
-0.68280029296875 -0.1251220703125 -0.0372161865234375 0.194091796875
-0.724853515625 0.0910034179687501 0.028472900390625 0.384033203125
-0.515594482421875 0.341583251953125 0.359710693359375 0.31793212890625
-0.322265625 0.382598876953125 0.324188232421875 -0.022064208984375
-0.095703125 0.4937744140625 0.152313232421875 -0.0906219482421875
0.083282470703125 0.471923828125 0.0350074768066406 -0.0263576507568359
0.1109619140625 0.42987060546875 0.0215530395507813 0.0457992553710938
0.17999267578125 0.43927001953125 0.0291595458984375 0.140960693359375
0.13360595703125 0.421783447265625 0.0349884033203125 0.155593872070313
-0.020172119140625 0.466064453125 -0.0285186767578125 0.124870300292969
-0.16839599609375 0.4715576171875 -0.0730209350585938 0.09161376953125
-0.467559814453125 0.268341064453125 -0.120506286621094 -0.0563278198242188
-0.58953857421875 0.11260986328125 0.0209503173828125 -0.107101440429688
-0.60333251953125 -0.083251953125 0.02490234375 -0.0721435546875
-0.69757080078125 -0.3306884765625 0.0827026367187499 0.252365112304688
-0.7291259765625 -0.15631103515625 -0.147186279296875 0.224822998046875
-0.75213623046875 0.13128662109375 0.0599365234375 0.34771728515625
-0.4854736328125 0.40032958984375 0.381591796875 0.1925048828125
-0.260894775390625 0.39971923828125 0.3201904296875 -0.15087890625
-0.0584716796875 0.47186279296875 0.123046875 -0.24212646484375
0.079559326171875 0.450592041015625 -0.03509521484375 -0.186614990234375
0.104583740234375 0.4344482421875 -0.0567398071289062 -0.0904006958007812
0.174102783203125 0.457305908203125 -0.05364990234375 0.0224456787109375
0.133209228515625 0.4442138671875 -0.0341873168945313 0.045501708984375
-0.013427734375 0.51336669921875 -0.0947723388671875 0.0495529174804688
-0.177703857421875 0.554229736328125 -0.119819641113281 0.0362777709960938
-0.559844970703125 0.349822998046875 -0.147857666015625 -0.0806121826171875
-0.71337890625 0.1346435546875 -0.0701332092285157 -0.0629310607910156
-0.684814453125 -0.1405029296875 -0.172958374023438 -0.104141235351563
-0.61553955078125 -0.33660888671875 -0.10882568359375 0.188568115234375
-0.65289306640625 -0.13519287109375 -0.220733642578125 0.231948852539063
-0.63037109375 0.16680908203125 0.0840301513671874 0.28033447265625
-0.347625732421875 0.385955810546875 0.3516845703125 0.059539794921875
-0.144134521484375 0.335296630859375 0.271499633789062 -0.249954223632812
-0.00924682617187499 0.365234375 0.071746826171875 -0.358184814453125
0.06610107421875 0.358123779296875 -0.10394287109375 -0.321136474609375
0.084442138671875 0.37109375 -0.1282958984375 -0.215286254882812
0.134765625 0.4051513671875 -0.129165649414063 -0.102615356445312
0.102630615234375 0.395233154296875 -0.104049682617187 -0.0728836059570312
-0.022369384765625 0.471588134765625 -0.16522216796875 -0.0406036376953125
-0.181365966796875 0.535736083984375 -0.171966552734375 -0.04766845703125
-0.5870361328125 0.3470458984375 -0.164505004882813 -0.126358032226562
-0.735107421875 0.10260009765625 -0.158889770507813 -0.0285491943359375
-0.65966796875 -0.19549560546875 -0.3834228515625 -0.1505126953125
-0.460052490234375 -0.2913818359375 -0.24615478515625 0.129791259765625
-0.491943359375 -0.080596923828125 -0.246871948242188 0.215606689453125
-0.424560546875 0.17669677734375 0.0918731689453125 0.196395874023438
-0.168060302734375 0.305267333984375 0.277999877929688 -0.051025390625
-0.0217437744140625 0.212844848632813 0.191162109375 -0.2947998046875
0.0283966064453125 0.206878662109375 0.00927734375000002 -0.41021728515625
0.037109375 0.218185424804688 -0.1585693359375 -0.406524658203125
0.048309326171875 0.251602172851563 -0.18048095703125 -0.3109130859375
0.07464599609375 0.28216552734375 -0.17950439453125 -0.21343994140625
0.057861328125 0.271133422851563 -0.152908325195312 -0.178787231445312
-0.02154541015625 0.340118408203125 -0.214584350585938 -0.13055419921875
-0.156097412109375 0.42022705078125 -0.206634521484375 -0.151763916015625
-0.523193359375 0.2628173828125 -0.154464721679688 -0.192626953125
-0.631103515625 0.0209350585937499 -0.225982666015625 -0.0203094482421875
-0.5179443359375 -0.23748779296875 -0.5675048828125 -0.21856689453125
-0.256912231445313 -0.21307373046875 -0.32147216796875 0.0897827148437499
-0.28729248046875 -0.02362060546875 -0.235488891601563 0.192779541015625
-0.199081420898438 0.14990234375 0.087982177734375 0.119422912597656
-0.0105743408203125 0.183639526367187 0.192153930664063 -0.116897583007812
0.0665435791015625 0.0709304809570313 0.1097412109375 -0.2918701171875
0.0355415344238281 0.0382728576660156 -0.04730224609375 -0.409149169921875
-0.00769042968749999 0.0582046508789063 -0.195709228515625 -0.43536376953125
0.00784301757812499 0.0965347290039062 -0.2022705078125 -0.36053466796875
0.0149917602539062 0.10968017578125 -0.195404052734375 -0.28411865234375
0.0319976806640625 0.0985183715820312 -0.173690795898438 -0.244110107421875
0.0205230712890625 0.161941528320313 -0.238052368164063 -0.194107055664062
-0.07354736328125 0.251434326171875 -0.219009399414063 -0.24932861328125
-0.355682373046875 0.152618408203125 -0.117507934570313 -0.266342163085937
-0.40032958984375 -0.0510253906249999 -0.253585815429688 -0.040802001953125
-0.279296875 -0.234115600585937 -0.686767578125 -0.29266357421875
-0.0650863647460938 0.112236022949219 0.77105712890625 0.231201171875
0.105171203613281 0.0540771484375 0.258819580078125 0.0436553955078125
0.0504302978515625 -0.0840682983398438 0.055419921875 0.314971923828125
-0.0552749633789063 -0.0815811157226563 0.249237060546875 0.365203857421875
-0.12042236328125 0.00885009765624998 0.229415893554688 0.206695556640625
-0.0570144653320313 0.103683471679687 0.182266235351563 0.229156494140625
0.0349807739257813 0.11224365234375 0.199798583984375 0.3114013671875
0.0274887084960938 0.0850601196289063 0.199127197265625 0.340179443359375
0.03521728515625 0.09088134765625 0.18768310546875 0.379150390625
-0.00968170166015625 0.10504150390625 0.09283447265625 0.37762451171875
-0.0752105712890625 0.0657119750976563 0.005584716796875 0.26715087890625
-0.0961837768554688 -0.0144500732421875 -0.0732421875 0.138893127441406
0.0125656127929687 -0.0968170166015625 -0.0693588256835938 -0.0554313659667969
0.0852127075195312 0.0157699584960938 0.195053100585938 -0.179290771484375
-0.00938415527343751 0.131187438964844 0.333831787109375 -0.037689208984375
-0.360809326171875 0.00802612304687499 0.703857421875 0.288818359375
-0.224716186523438 0.0308837890625 0.19793701171875 0.0928192138671875
-0.256561279296875 0.00767517089843751 0.0244140625 0.364898681640625
-0.241943359375 0.0877838134765625 0.280029296875 0.404510498046875
-0.222808837890625 0.168655395507813 0.256942749023438 0.170150756835938
-0.075775146484375 0.29339599609375 0.1732177734375 0.172027587890625
0.076385498046875 0.290191650390625 0.16180419921875 0.24981689453125
0.0782318115234375 0.243927001953125 0.163833618164063 0.27691650390625
0.10693359375 0.241592407226562 0.16351318359375 0.3245849609375
0.0502471923828125 0.235076904296875 0.107574462890625 0.317352294921875
-0.0605621337890625 0.220611572265625 0.0277862548828125 0.226593017578125
-0.137725830078125 0.158645629882813 -0.0424575805664063 0.134971618652344
-0.176437377929687 0.00563049316406249 -0.0740509033203125 -0.0402679443359375
-0.166305541992188 0.0244293212890625 0.1583251953125 -0.163482666015625
-0.24285888671875 0.049957275390625 0.291961669921875 -0.03802490234375
-0.58782958984375 -0.123291015625 0.54132080078125 0.311798095703125
-0.514617919921875 -0.0404357910156251 0.094696044921875 0.14715576171875
-0.54986572265625 0.06927490234375 0.0196533203125 0.39385986328125
-0.41595458984375 0.242919921875 0.3299560546875 0.38873291015625
-0.3013916015625 0.307952880859375 0.296722412109375 0.086029052734375
-0.090789794921875 0.436553955078125 0.164703369140625 0.055877685546875
0.09765625 0.42047119140625 0.104019165039062 0.129829406738281
0.11236572265625 0.36614990234375 0.101730346679688 0.173263549804688
0.169525146484375 0.36480712890625 0.111312866210937 0.244827270507813
0.10955810546875 0.34552001953125 0.089569091796875 0.244979858398438
-0.02740478515625 0.3634033203125 0.0168914794921875 0.181716918945313
-0.14935302734375 0.335968017578125 -0.0410614013671875 0.121482849121094
-0.337554931640625 0.1474609375 -0.09356689453125 -0.0419921875
-0.401763916015625 0.0751037597656251 0.100875854492187 -0.143508911132813
-0.45611572265625 -0.015625 0.188140869140625 -0.0528411865234375
-0.70977783203125 -0.24102783203125 0.32464599609375 0.29718017578125
-0.70013427734375 -0.1109619140625 -0.0295257568359375 0.19696044921875
-0.73822021484375 0.11993408203125 0.039947509765625 0.39434814453125
-0.5081787109375 0.365875244140625 0.379364013671875 0.31134033203125
-0.316558837890625 0.39959716796875 0.326171875 -0.0360107421875
-0.080413818359375 0.5028076171875 0.15008544921875 -0.0955047607421875
0.103668212890625 0.479339599609375 0.0343818664550781 -0.0254745483398437
0.128204345703125 0.4346923828125 0.0225372314453125 0.0446548461914063
0.201629638671875 0.44171142578125 0.034393310546875 0.144058227539063
0.14990234375 0.42230224609375 0.0390167236328125 0.154067993164063
0.000427246093749954 0.472808837890625 -0.0275955200195312 0.125930786132813
-0.150421142578125 0.48614501953125 -0.0686798095703125 0.0907211303710938
-0.46875 0.289886474609375 -0.120468139648438 -0.054595947265625
-0.59759521484375 0.1357421875 0.0237655639648437 -0.108352661132812
-0.6226806640625 -0.07000732421875 0.0257720947265625 -0.0728836059570313
-0.72076416015625 -0.315673828125 0.0965270996093749 0.250869750976562
-0.74871826171875 -0.14117431640625 -0.142654418945313 0.231430053710937
-0.765625 0.16058349609375 0.0714111328125 0.355987548828125
-0.475311279296875 0.426605224609375 0.396087646484375 0.183319091796875
-0.25341796875 0.412567138671875 0.318145751953125 -0.166107177734375
-0.043853759765625 0.479095458984375 0.115951538085938 -0.249298095703125
0.0987243652343751 0.45892333984375 -0.042510986328125 -0.186538696289063
0.121734619140625 0.44036865234375 -0.0615158081054688 -0.091888427734375
0.196441650390625 0.460296630859375 -0.0530319213867187 0.0253753662109375
0.150115966796875 0.444183349609375 -0.0349998474121094 0.0441741943359375
0.00720214843750002 0.521209716796875 -0.097015380859375 0.053131103515625
-0.15545654296875 0.57061767578125 -0.118087768554688 0.0371322631835938
-0.56011962890625 0.378814697265625 -0.14886474609375 -0.0788726806640625
-0.7230224609375 0.162841796875 -0.066925048828125 -0.0609931945800781
-0.70941162109375 -0.12493896484375 -0.178634643554688 -0.0996856689453125
-0.641357421875 -0.32232666015625 -0.103363037109375 0.191802978515625
-0.671630859375 -0.11968994140625 -0.2186279296875 0.241119384765625
-0.63970947265625 0.19244384765625 0.0935668945312499 0.28717041015625
-0.333251953125 0.407470703125 0.362396240234375 0.04901123046875
-0.13409423828125 0.34228515625 0.265701293945313 -0.264816284179688
0.00378417968750001 0.36676025390625 0.0609130859375 -0.36553955078125
0.079925537109375 0.36474609375 -0.117767333984375 -0.322723388671875
0.09881591796875 0.37689208984375 -0.138427734375 -0.21771240234375
0.153839111328125 0.408233642578125 -0.134185791015625 -0.1014404296875
0.11566162109375 0.396240234375 -0.109962463378906 -0.0750350952148437
-0.00405883789062496 0.478668212890625 -0.16973876953125 -0.036346435546875
-0.160797119140625 0.55157470703125 -0.173858642578125 -0.046142578125
-0.58929443359375 0.37872314453125 -0.16668701171875 -0.12451171875
-0.74749755859375 0.129638671875 -0.158309936523438 -0.0229339599609375
-0.68524169921875 -0.183837890625 -0.39703369140625 -0.14007568359375
-0.480377197265625 -0.280731201171875 -0.2470703125 0.13592529296875
-0.505889892578125 -0.06787109375 -0.246734619140625 0.225357055664063
-0.4268798828125 0.1962890625 0.0979156494140625 0.200836181640625
-0.153839111328125 0.316650390625 0.2821044921875 -0.058990478515625
-0.0133056640625 0.21240234375 0.18389892578125 -0.30474853515625
0.0341644287109375 0.2049560546875 -0.00241088867187504 -0.41717529296875
0.044097900390625 0.22283935546875 -0.177703857421875 -0.407379150390625
0.058441162109375 0.256149291992188 -0.1932373046875 -0.312896728515625
0.0869140625 0.286163330078125 -0.18975830078125 -0.214279174804688
0.0663299560546875 0.271530151367188 -0.16143798828125 -0.181488037109375
-0.00723266601562497 0.345245361328125 -0.221908569335938 -0.126571655273437
-0.140899658203125 0.433380126953125 -0.21368408203125 -0.148956298828125
-0.52655029296875 0.290008544921875 -0.15960693359375 -0.192153930664063
-0.6434326171875 0.0425415039062499 -0.227340698242188 -0.012420654296875
-0.541290283203125 -0.231475830078125 -0.58978271484375 -0.20098876953125
-0.271682739257813 -0.207412719726562 -0.325958251953125 0.0973815917968749
-0.29522705078125 -0.0169677734374999 -0.237075805664063 0.20123291015625
-0.1976318359375 0.162628173828125 0.0909194946289062 0.123954772949219
0.0013885498046875 0.187149047851562 0.190475463867188 -0.1231689453125
0.0714645385742188 0.0649948120117188 0.102447509765625 -0.297882080078125
0.0339221954345703 0.0336456298828125 -0.0595703125 -0.4161376953125
-0.00856399536132813 0.06109619140625 -0.21539306640625 -0.43792724609375
0.010589599609375 0.0991363525390625 -0.21966552734375 -0.36279296875
0.0184783935546875 0.111351013183594 -0.209014892578125 -0.2872314453125
0.0347061157226563 0.0968017578125 -0.184158325195313 -0.246475219726562
0.0276947021484375 0.1612548828125 -0.247421264648438 -0.188827514648438
-0.0628662109375 0.259368896484375 -0.230316162109375 -0.247390747070312
-0.357452392578125 0.17144775390625 -0.126235961914063 -0.269500732421875
-0.410308837890625 -0.0405273437500001 -0.257797241210938 -0.0340728759765625
-0.295806884765625 -0.23486328125 -0.71417236328125 -0.274169921875
-0.0604400634765625 0.121856689453125 0.79595947265625 0.1884765625
0.110336303710938 0.0472640991210938 0.263275146484375 0.0285491943359375
0.0453720092773438 -0.0902023315429688 0.074951171875 0.31671142578125
-0.0614700317382812 -0.080047607421875 0.27349853515625 0.352020263671875
-0.122993469238281 0.0181121826171875 0.240264892578125 0.193878173828125
-0.050048828125 0.111297607421875 0.192718505859375 0.222946166992188
0.0451202392578125 0.111587524414063 0.21856689453125 0.307464599609375
0.0348052978515625 0.0850753784179688 0.219024658203125 0.3355712890625
0.0421676635742187 0.0914154052734375 0.207550048828125 0.37371826171875
-0.00341796874999999 0.106742858886719 0.112884521484375 0.373046875
-0.072509765625 0.0732421875 0.0177001953125 0.26611328125
-0.0982589721679688 -0.00825500488281248 -0.06561279296875 0.139549255371094
0.00356292724609375 -0.100753784179688 -0.0718154907226563 -0.0538101196289063
0.0862045288085938 0.00959014892578125 0.190811157226562 -0.191268920898437
-0.000900268554687492 0.1357421875 0.34185791015625 -0.0552978515625
-0.36614990234375 0.031951904296875 0.7301025390625 0.25018310546875
-0.223709106445313 0.0415191650390625 0.20489501953125 0.080810546875
-0.26043701171875 0.0208587646484375 0.045501708984375 0.369293212890625
-0.238601684570313 0.101425170898438 0.30780029296875 0.38958740234375
-0.217376708984375 0.184524536132813 0.265533447265625 0.155303955078125
-0.058319091796875 0.302276611328125 0.181015014648438 0.165451049804688
0.097900390625 0.2894287109375 0.1773681640625 0.2474365234375
0.094757080078125 0.241668701171875 0.1788330078125 0.27081298828125
0.124542236328125 0.238967895507813 0.181243896484375 0.320556640625
0.0639495849609375 0.231903076171875 0.123016357421875 0.3125
-0.047454833984375 0.225723266601563 0.0373382568359375 0.222732543945313
-0.127288818359375 0.166595458984375 -0.0346221923828125 0.134132385253906
-0.180496215820313 0.015228271484375 -0.07537841796875 -0.0379180908203125
-0.166275024414063 0.0335540771484375 0.155532836914063 -0.173934936523438
-0.243209838867188 0.065032958984375 0.2979736328125 -0.0528564453125
-0.6025390625 -0.0895996093749999 0.56817626953125 0.28424072265625
-0.52178955078125 -0.0155029296875001 0.103836059570312 0.140853881835938
-0.55364990234375 0.0992736816406249 0.0427551269531249 0.398193359375
-0.404266357421875 0.26812744140625 0.357086181640625 0.3709716796875
-0.290863037109375 0.328948974609375 0.30072021484375 0.067840576171875
-0.06683349609375 0.446319580078125 0.167251586914063 0.0503082275390625
0.125457763671875 0.42047119140625 0.112258911132813 0.128501892089844
0.13739013671875 0.363555908203125 0.109970092773438 0.169631958007813
0.1954345703125 0.357391357421875 0.124832153320312 0.242446899414063
0.130462646484375 0.338775634765625 0.100982666015625 0.239654541015625
-0.00463867187500003 0.365570068359375 0.02484130859375 0.1795654296875
-0.12744140625 0.345489501953125 -0.0335845947265625 0.11944580078125
-0.335601806640625 0.168701171875 -0.0936508178710938 -0.0391616821289063
-0.40167236328125 0.09820556640625 0.099334716796875 -0.15069580078125
-0.4661865234375 0.00875854492187492 0.19183349609375 -0.0626068115234375
-0.731689453125 -0.205322265625 0.348968505859375 0.280670166015625
-0.71337890625 -0.07623291015625 -0.0191192626953126 0.198226928710938
-0.743896484375 0.1614990234375 0.0627441406249999 0.39923095703125
-0.487945556640625 0.398284912109375 0.40203857421875 0.289886474609375
-0.29974365234375 0.419342041015625 0.323577880859375 -0.05780029296875
-0.053955078125 0.512237548828125 0.144271850585937 -0.10400390625
0.134857177734375 0.47918701171875 0.0327930450439453 -0.0248050689697265
0.155548095703125 0.433074951171875 0.023040771484375 0.042572021484375
0.232818603515625 0.432769775390625 0.0428619384765625 0.144607543945313
0.1728515625 0.413055419921875 0.0443572998046875 0.150497436523438
0.030487060546875 0.47509765625 -0.0224685668945313 0.127281188964844
-0.116851806640625 0.49713134765625 -0.0625762939453125 0.0902099609375
-0.45977783203125 0.320556640625 -0.121330261230469 -0.0509872436523437
-0.59588623046875 0.1715087890625 0.0251388549804687 -0.110771179199219
-0.63909912109375 -0.0384521484375 0.0256195068359375 -0.07379150390625
-0.748046875 -0.27880859375 0.113723754882812 0.246124267578125
-0.76513671875 -0.105224609375 -0.133636474609375 0.238388061523438
-0.7681884765625 0.2071533203125 0.0909118652343749 0.359283447265625
-0.448974609375 0.457061767578125 0.411590576171875 0.162811279296875
-0.235321044921875 0.42767333984375 0.30987548828125 -0.1881103515625
-0.01898193359375 0.48211669921875 0.103134155273437 -0.257476806640625
0.126220703125 0.457977294921875 -0.053375244140625 -0.184677124023437
0.150390625 0.437042236328125 -0.0692901611328125 -0.0913162231445312
0.22845458984375 0.452484130859375 -0.0520362854003906 0.0281143188476563
0.175933837890625 0.436676025390625 -0.0362739562988281 0.0432243347167969
0.0402221679687499 0.523712158203125 -0.096221923828125 0.05694580078125
-0.11846923828125 0.583740234375 -0.115013122558594 0.0390701293945313
-0.54559326171875 0.41754150390625 -0.150588989257813 -0.073699951171875
-0.7213134765625 0.20550537109375 -0.0650558471679688 -0.0581855773925781
-0.731201171875 -0.0930175781249999 -0.1845703125 -0.089111328125
-0.66595458984375 -0.2938232421875 -0.0921783447265625 0.19500732421875
-0.6859130859375 -0.0885009765625 -0.210784912109375 0.251785278320313
-0.636962890625 0.232421875 0.10894775390625 0.2882080078125
-0.307281494140625 0.428497314453125 0.36859130859375 0.029296875
-0.11700439453125 0.347930908203125 0.25274658203125 -0.2813720703125
0.021697998046875 0.367584228515625 0.040802001953125 -0.37091064453125
0.102081298828125 0.366455078125 -0.136749267578125 -0.318267822265625
0.120941162109375 0.3758544921875 -0.153335571289063 -0.214874267578125
0.18109130859375 0.404022216796875 -0.141799926757812 -0.096038818359375
0.137451171875 0.3892822265625 -0.118095397949219 -0.072967529296875
0.025482177734375 0.479461669921875 -0.17413330078125 -0.028472900390625
-0.126220703125 0.5662841796875 -0.175674438476563 -0.0405426025390625
-0.57464599609375 0.4180908203125 -0.171371459960938 -0.118560791015625
-0.74951171875 0.17230224609375 -0.156173706054688 -0.01409912109375
-0.7078857421875 -0.1524658203125 -0.4105224609375 -0.11810302734375
-0.50439453125 -0.257293701171875 -0.24139404296875 0.145584106445313
-0.515167236328125 -0.0446472167968749 -0.241363525390625 0.2379150390625
-0.420135498046875 0.224884033203125 0.108627319335937 0.201690673828125
-0.130462646484375 0.32696533203125 0.281021118164063 -0.073638916015625
-0.00149536132812499 0.208877563476563 0.16766357421875 -0.316680908203125
0.042938232421875 0.200637817382813 -0.025146484375 -0.421356201171875
0.0559234619140625 0.224884033203125 -0.204254150390625 -0.402862548828125
0.07330322265625 0.256057739257813 -0.2158203125 -0.308807373046875
0.105194091796875 0.28314208984375 -0.203598022460937 -0.207855224609375
0.0792236328125 0.267745971679688 -0.17498779296875 -0.17803955078125
0.013763427734375 0.345001220703125 -0.230087280273438 -0.1148681640625
-0.112823486328125 0.4454345703125 -0.222274780273437 -0.141006469726562
-0.516265869140625 0.325653076171875 -0.168609619140625 -0.187225341796875
-0.64849853515625 0.07806396484375 -0.22747802734375 -0.00091552734374995
-0.565673828125 -0.20867919921875 -0.6092529296875 -0.169189453125
-0.28729248046875 -0.193023681640625 -0.325042724609375 0.11138916015625
-0.30096435546875 -0.00286865234375004 -0.235153198242188 0.214111328125
-0.190460205078125 0.178390502929687 0.0970382690429687 0.124229431152344
0.018463134765625 0.187713623046875 0.18511962890625 -0.132049560546875
0.0758209228515625 0.0554962158203125 0.08740234375 -0.3038330078125
0.0319042205810547 0.0281143188476562 -0.0804443359375 -0.416717529296875
-0.00683975219726562 0.0648078918457031 -0.24407958984375 -0.4306640625
0.0155029296875 0.0993118286132813 -0.2435302734375 -0.35687255859375
0.0243606567382812 0.110771179199219 -0.226806640625 -0.281982421875
0.0381088256835938 0.0933380126953125 -0.199691772460938 -0.241043090820313
0.0383758544921875 0.1578369140625 -0.258636474609375 -0.176223754882812
-0.0457305908203125 0.26495361328125 -0.24609375 -0.238571166992187
-0.351470947265625 0.1961669921875 -0.140151977539063 -0.267684936523438
-0.4169921875 -0.0187072753906249 -0.261093139648438 -0.0199279785156249
-0.3160400390625 -0.2255859375 -0.74127197265625 -0.23504638671875
-0.0520248413085938 0.130073547363281 0.79736328125 0.13623046875
0.112869262695313 0.0387115478515625 0.26068115234375 0.0110321044921875
0.0378875732421875 -0.09381103515625 0.0946044921875 0.3095703125
-0.067138671875 -0.0769119262695312 0.293304443359375 0.32940673828125
-0.121528625488281 0.0285263061523438 0.247085571289063 0.175491333007813
-0.0409774780273438 0.116165161132813 0.201400756835937 0.210159301757813
0.0554962158203125 0.106979370117188 0.235595703125 0.293365478515625
0.0417404174804688 0.08148193359375 0.235748291015625 0.3199462890625
0.0499954223632813 0.0883407592773438 0.225555419921875 0.3572998046875
0.00364685058593749 0.105979919433594 0.131866455078125 0.358428955078125
-0.0673370361328125 0.0782928466796875 0.0308837890625 0.258270263671875
-0.0983734130859375 -0.00168609619140623 -0.0564804077148438 0.136871337890625
-0.006805419921875 -0.101150512695313 -0.0730361938476562 -0.0504684448242188
0.0847930908203125 0.003143310546875 0.181167602539062 -0.20074462890625
0.00766754150390626 0.136360168457031 0.338165283203125 -0.0748291015625
-0.358245849609375 0.057952880859375 0.74029541015625 0.2037353515625
-0.217239379882812 0.0524749755859375 0.207412719726563 0.06610107421875
-0.257965087890625 0.035736083984375 0.0682373046875 0.363739013671875
-0.229568481445312 0.112091064453125 0.328277587890625 0.361724853515625
-0.206344604492187 0.197265625 0.26812744140625 0.135467529296875
-0.037689208984375 0.304046630859375 0.186508178710938 0.154449462890625
0.117752075195313 0.278976440429688 0.190841674804688 0.235519409179688
0.109878540039063 0.231491088867188 0.19140625 0.258377075195313
0.14105224609375 0.227020263671875 0.196533203125 0.30615234375
0.0775604248046875 0.223342895507813 0.1361083984375 0.2978515625
-0.0316619873046875 0.224853515625 0.0476531982421875 0.2149658203125
-0.114273071289063 0.16998291015625 -0.0263900756835938 0.129005432128906
-0.179824829101563 0.0246734619140625 -0.0751571655273438 -0.0349960327148438
-0.162887573242187 0.0427093505859375 0.14788818359375 -0.181976318359375
-0.23748779296875 0.08087158203125 0.295379638671875 -0.069580078125
-0.5986328125 -0.0522460937500001 0.5833740234375 0.244384765625
-0.5147705078125 0.01239013671875 0.111831665039062 0.129959106445313
-0.544830322265625 0.1312255859375 0.065948486328125 0.3944091796875
-0.379547119140625 0.288665771484375 0.377044677734375 0.3421630859375
-0.269989013671875 0.34112548828125 0.297027587890625 0.046630859375
-0.03826904296875 0.44488525390625 0.166763305664063 0.040985107421875
0.155303955078125 0.407318115234375 0.119216918945313 0.122245788574219
0.158660888671875 0.350341796875 0.11651611328125 0.160598754882813
0.21844482421875 0.339813232421875 0.136215209960938 0.2337646484375
0.148651123046875 0.322479248046875 0.109756469726563 0.227874755859375
0.020477294921875 0.35791015625 0.0334320068359375 0.173385620117188
-0.100830078125 0.344573974609375 -0.0265274047851563 0.113548278808594
-0.321807861328125 0.187469482421875 -0.09320068359375 -0.0354843139648437
-0.390380859375 0.121246337890625 0.0956573486328125 -0.15576171875
-0.4625244140625 0.0362854003906249 0.189910888671875 -0.0720672607421875
-0.7354736328125 -0.16046142578125 0.364990234375 0.253570556640625
-0.70770263671875 -0.0375976562499999 -0.00799560546875005 0.193954467773438
-0.72747802734375 0.20452880859375 0.085052490234375 0.392730712890625
-0.4549560546875 0.420135498046875 0.417510986328125 0.259735107421875
-0.274383544921875 0.43145751953125 0.31182861328125 -0.078887939453125
-0.0211181640625 0.506500244140625 0.135902404785156 -0.109649658203125
0.16558837890625 0.465484619140625 0.0313243865966797 -0.0258312225341797
0.181610107421875 0.417938232421875 0.0225944519042969 0.0398101806640625
0.259368896484375 0.412322998046875 0.0506744384765625 0.141525268554688
0.194854736328125 0.3931884765625 0.0483245849609375 0.143829345703125
0.062408447265625 0.462677001953125 -0.0164031982421875 0.124382019042969
-0.081939697265625 0.494781494140625 -0.056884765625 0.0866928100585938
-0.43408203125 0.3460693359375 -0.120033264160156 -0.045562744140625
-0.57733154296875 0.20562744140625 0.02447509765625 -0.112510681152344
-0.63970947265625 -0.00238037109375003 0.024322509765625 -0.0731124877929688
-0.7559814453125 -0.23175048828125 0.129013061523437 0.230758666992187
-0.7606201171875 -0.06298828125 -0.120254516601563 0.240341186523438
-0.746337890625 0.2523193359375 0.10919189453125 0.352630615234375
-0.411590576171875 0.477142333984375 0.4169921875 0.1343994140625
-0.20697021484375 0.43359375 0.290191650390625 -0.205291748046875
0.007781982421875 0.474395751953125 0.0864410400390625 -0.259445190429687
0.155517578125 0.44720458984375 -0.06414794921875 -0.178268432617187
0.17352294921875 0.42352294921875 -0.0767669677734375 -0.0881118774414062
0.257171630859375 0.43206787109375 -0.0500717163085937 0.0309677124023438
0.196990966796875 0.4171142578125 -0.0367660522460937 0.0427017211914063
0.073333740234375 0.509246826171875 -0.092742919921875 0.06103515625
-0.0756225585937501 0.58111572265625 -0.111167907714844 0.0394668579101563
-0.514190673828125 0.447906494140625 -0.149765014648438 -0.066680908203125
-0.700439453125 0.24859619140625 -0.0614051818847657 -0.0540771484375
-0.73382568359375 -0.0512084960937499 -0.185562133789063 -0.0757598876953125
-0.676513671875 -0.25091552734375 -0.0783843994140626 0.1920166015625
-0.68499755859375 -0.0490112304687502 -0.197280883789063 0.25775146484375
-0.6171875 0.2706298828125 0.1231689453125 0.2813720703125
-0.271026611328125 0.43841552734375 0.365386962890625 0.00549316406250003
-0.0958251953125 0.3447265625 0.2288818359375 -0.293853759765625
0.039581298828125 0.3575439453125 0.0184326171875 -0.369232177734375
0.123687744140625 0.35675048828125 -0.154876708984375 -0.30535888671875
0.14239501953125 0.36370849609375 -0.16741943359375 -0.2047119140625
0.204986572265625 0.38629150390625 -0.145706176757813 -0.087066650390625
0.156219482421875 0.3741455078125 -0.124122619628906 -0.0673065185546874
0.05584716796875 0.468475341796875 -0.17425537109375 -0.017669677734375
-0.08563232421875 0.5643310546875 -0.175888061523438 -0.0336151123046875
-0.542022705078125 0.450958251953125 -0.173507690429688 -0.109527587890625
-0.7310791015625 0.21661376953125 -0.150314331054688 -0.00534057617187496
-0.7161865234375 -0.11328125 -0.411468505859375 -0.089752197265625
-0.51263427734375 -0.223785400390625 -0.230728149414063 0.151885986328125
-0.514373779296875 -0.0176696777343751 -0.230056762695313 0.246429443359375
-0.402496337890625 0.250152587890625 0.117721557617187 0.196029663085938
-0.102813720703125 0.328887939453125 0.2720947265625 -0.0887603759765625
0.00991821289062501 0.20068359375 0.146209716796875 -0.3214111328125
0.04974365234375 0.191299438476563 -0.048675537109375 -0.413787841796875
0.06884765625 0.220962524414063 -0.226409912109375 -0.385345458984375
0.08758544921875 0.24822998046875 -0.233489990234375 -0.295257568359375
0.120758056640625 0.272491455078125 -0.21417236328125 -0.19549560546875
0.091461181640625 0.25750732421875 -0.18585205078125 -0.166946411132813
0.035247802734375 0.336151123046875 -0.23333740234375 -0.0999603271484374
-0.082244873046875 0.445648193359375 -0.2279052734375 -0.128036499023438
-0.49029541015625 0.357421875 -0.175872802734375 -0.177642822265625
-0.63763427734375 0.1162109375 -0.220901489257813 0.013580322265625
-0.57598876953125 -0.17559814453125 -0.6126708984375 -0.128173828125
-0.296783447265625 -0.172607421875 -0.31695556640625 0.123443603515625
-0.29949951171875 0.01190185546875 -0.2257080078125 0.222549438476562
-0.177322387695312 0.191543579101563 0.102569580078125 0.120872497558594
0.0346527099609375 0.181289672851563 0.173690795898438 -0.138702392578125
0.076812744140625 0.0445098876953125 0.06878662109375 -0.302093505859375
0.0286617279052734 0.0232582092285156 -0.1029052734375 -0.40557861328125
-0.00399398803710938 0.06744384765625 -0.267608642578125 -0.409423828125
0.021087646484375 0.0978927612304687 -0.264251708984375 -0.341156005859375
0.0295028686523438 0.107376098632812 -0.241973876953125 -0.26806640625
0.0406265258789063 0.08782958984375 -0.211898803710938 -0.227890014648437
0.0475006103515625 0.149383544921875 -0.264114379882813 -0.158004760742187
-0.0264739990234375 0.263992309570313 -0.25836181640625 -0.221908569335938
-0.334686279296875 0.218475341796875 -0.152969360351563 -0.2584228515625
-0.41510009765625 0.00469970703125002 -0.256820678710937 -0.00436401367187497
-0.328857421875 -0.206756591796875 -0.74859619140625 -0.184326171875
-0.0421981811523438 0.134429931640625 0.783447265625 0.09619140625
0.11279296875 0.0309066772460938 0.252334594726563 -0.0014190673828125
0.0313034057617188 -0.0939102172851563 0.106658935546875 0.29736328125
-0.0699920654296875 -0.0733489990234375 0.30010986328125 0.304779052734375
-0.117271423339844 0.035888671875 0.244171142578125 0.15765380859375
-0.0314178466796875 0.117012023925781 0.202880859375 0.196517944335938
0.0616378784179688 0.100189208984375 0.244338989257813 0.27569580078125
0.0464401245117188 0.076324462890625 0.243438720703125 0.302001953125
0.055816650390625 0.0838699340820313 0.232269287109375 0.339324951171875
0.00956726074218751 0.103240966796875 0.1387939453125 0.33905029296875
-0.0619888305664063 0.0811843872070313 0.038787841796875 0.245697021484375
-0.0965042114257813 0.00232696533203124 -0.0489425659179688 0.130706787109375
-0.01507568359375 -0.0988693237304687 -0.0711746215820313 -0.0476150512695312
0.0806808471679688 -0.00164031982421875 0.171218872070313 -0.203964233398438
0.0149383544921875 0.134963989257813 0.329071044921875 -0.087188720703125
-0.344268798828125 0.07421875 0.72991943359375 0.1636962890625
-0.206832885742188 0.05670166015625 0.20428466796875 0.05279541015625
-0.251724243164062 0.044586181640625 0.0829772949218749 0.351104736328125
-0.217300415039062 0.117279052734375 0.336700439453125 0.334625244140625
-0.194046020507813 0.202438354492187 0.263259887695313 0.118011474609375
-0.021575927734375 0.29852294921875 0.186187744140625 0.143722534179688
0.131088256835938 0.263763427734375 0.196548461914063 0.22186279296875
0.118820190429688 0.218978881835938 0.19464111328125 0.244293212890625
0.149642944335938 0.212310791015625 0.201690673828125 0.291168212890625
0.084136962890625 0.211318969726563 0.141143798828125 0.2813720703125
-0.01983642578125 0.218612670898438 0.053619384765625 0.20343017578125
-0.102020263671875 0.167800903320313 -0.0205612182617188 0.120590209960938
-0.175460815429687 0.0314178466796875 -0.0726089477539063 -0.0323867797851563
-0.156417846679687 0.04876708984375 0.141082763671875 -0.184555053710938
-0.2271728515625 0.090362548828125 0.288177490234375 -0.0799560546875
-0.58258056640625 -0.0235595703125001 0.58111572265625 0.2099609375
-0.496917724609375 0.0299377441406249 0.113822937011719 0.119140625
-0.525634765625 0.15142822265625 0.080230712890625 0.381072998046875
-0.35626220703125 0.29376220703125 0.381256103515625 0.313140869140625
-0.249847412109375 0.34320068359375 0.286163330078125 0.029815673828125
-0.016845703125 0.434234619140625 0.162582397460937 0.0341033935546875
0.1708984375 0.386688232421875 0.122451782226563 0.113807678222656
0.169525146484375 0.332855224609375 0.117202758789063 0.151824951171875
0.2298583984375 0.31756591796875 0.142120361328125 0.222808837890625
0.157989501953125 0.30322265625 0.112167358398438 0.215225219726563
0.03668212890625 0.343048095703125 0.0368499755859375 0.164520263671875
-0.080169677734375 0.33526611328125 -0.0219650268554688 0.105598449707031
-0.3057861328125 0.19635009765625 -0.08935546875 -0.0330276489257812
-0.374267578125 0.135528564453125 0.09210205078125 -0.15771484375
-0.450103759765625 0.0553588867187501 0.185195922851562 -0.07806396484375
-0.72113037109375 -0.12432861328125 0.367340087890625 0.22601318359375
-0.69024658203125 -0.01141357421875 -0.00108337402343756 0.18548583984375
-0.7003173828125 0.23193359375 0.09735107421875 0.3782958984375
-0.419891357421875 0.426055908203125 0.4158935546875 0.2322998046875
-0.2508544921875 0.429473876953125 0.295074462890625 -0.091033935546875
-0.000732421875 0.4925537109375 0.126670837402344 -0.111785888671875
0.184783935546875 0.444000244140625 0.0295295715332031 -0.0266227722167968
0.19378662109375 0.39813232421875 0.0202484130859375 0.0376701354980469
0.27337646484375 0.3863525390625 0.0552291870117188 0.136146545410156
0.204803466796875 0.3699951171875 0.0490188598632813 0.136222839355469
0.081878662109375 0.44207763671875 -0.0132827758789062 0.120452880859375
-0.053863525390625 0.47979736328125 -0.052703857421875 0.0812225341796875
-0.408294677734375 0.35736083984375 -0.115562438964844 -0.0424041748046875
-0.5523681640625 0.225372314453125 0.0253677368164062 -0.111968994140625
-0.62493896484375 0.0240478515625 0.0233612060546875 -0.0715560913085937
-0.744140625 -0.19537353515625 0.137054443359375 0.214157104492187
-0.74298095703125 -0.0332641601562501 -0.109695434570313 0.235015869140625
-0.71856689453125 0.2808837890625 0.119232177734375 0.339599609375
-0.373992919921875 0.477783203125 0.409637451171875 0.110504150390625
-0.18603515625 0.427093505859375 0.269012451171875 -0.21270751953125
0.0252685546875 0.458587646484375 0.0724029541015625 -0.254409790039062
0.1732177734375 0.427001953125 -0.070465087890625 -0.170791625976562
0.187286376953125 0.403839111328125 -0.08160400390625 -0.082763671875
0.2696533203125 0.405792236328125 -0.0464591979980469 0.0321922302246094
0.206451416015625 0.393463134765625 -0.0372543334960937 0.0414276123046875
0.095001220703125 0.486053466796875 -0.0886459350585938 0.0613784790039063
-0.0450439453124999 0.56378173828125 -0.107109069824219 0.0382461547851563
-0.4808349609375 0.46075439453125 -0.146347045898438 -0.061492919921875
-0.6707763671875 0.272705078125 -0.055908203125 -0.0517959594726562
-0.71978759765625 -0.0194091796874999 -0.180618286132813 -0.063934326171875
-0.6663818359375 -0.215576171875 -0.0687408447265625 0.184066772460938
-0.66650390625 -0.0238037109375 -0.185379028320313 0.255691528320313
-0.59002685546875 0.29278564453125 0.12933349609375 0.271133422851563
-0.238037109375 0.43609619140625 0.353271484375 -0.01068115234375
-0.080963134765625 0.335845947265625 0.20733642578125 -0.295013427734375
0.050323486328125 0.340911865234375 0.00234985351562503 -0.3583984375
0.137054443359375 0.34197998046875 -0.165008544921875 -0.290313720703125
0.153839111328125 0.347747802734375 -0.174606323242187 -0.193435668945312
0.2178955078125 0.364654541015625 -0.145004272460938 -0.0790863037109374
0.164215087890625 0.354278564453125 -0.126106262207031 -0.0612716674804687
0.0758056640625 0.447357177734375 -0.169784545898438 -0.0115203857421875
-0.0556640625 0.54937744140625 -0.17303466796875 -0.0283355712890624
-0.507476806640625 0.465576171875 -0.171173095703125 -0.101638793945313
-0.70208740234375 0.2415771484375 -0.14093017578125 0.0001220703125
-0.7073974609375 -0.0826416015625 -0.402557373046875 -0.067230224609375
-0.50830078125 -0.195587158203125 -0.219406127929688 0.150955200195313
-0.502716064453125 0.00225830078124997 -0.219711303710938 0.246749877929688
-0.378997802734375 0.263336181640625 0.12152099609375 0.189407348632813
-0.079986572265625 0.31982421875 0.258148193359375 -0.0966949462890625
0.0153045654296875 0.18896484375 0.127685546875 -0.316375732421875
0.0520477294921875 0.181259155273438 -0.06439208984375 -0.3997802734375
0.0772857666015625 0.213607788085937 -0.237884521484375 -0.36358642578125
0.0942230224609375 0.238388061523437 -0.243606567382813 -0.27734375
0.12896728515625 0.258270263671875 -0.21697998046875 -0.182205200195312
0.09661865234375 0.244461059570313 -0.189117431640625 -0.156219482421875
0.04840087890625 0.320465087890625 -0.23040771484375 -0.087799072265625
-0.05621337890625 0.4326171875 -0.227294921875 -0.116790771484375
-0.460052490234375 0.3709716796875 -0.176284790039063 -0.1668701171875
-0.61669921875 0.1390380859375 -0.211166381835938 0.0219573974609375
-0.57257080078125 -0.14984130859375 -0.60064697265625 -0.0938720703125
-0.296905517578125 -0.1529541015625 -0.306488037109375 0.128631591796875
-0.29486083984375 0.022125244140625 -0.217697143554688 0.225189208984375
-0.162551879882812 0.196914672851562 0.103897094726562 0.11724853515625
0.045928955078125 0.172683715820312 0.16094970703125 -0.140060424804687
0.0734100341796875 0.0349960327148437 0.054718017578125 -0.293182373046875
0.0240478515625 0.0201530456542969 -0.11602783203125 -0.387908935546875
-0.000698089599609381 0.0680656433105469 -0.27972412109375 -0.38641357421875
0.0239181518554687 0.094696044921875 -0.2744140625 -0.32098388671875
0.0318069458007813 0.10260009765625 -0.247238159179687 -0.252761840820313
0.0401229858398437 0.081817626953125 -0.215667724609375 -0.215225219726563
0.0516586303710938 0.139663696289063 -0.261077880859375 -0.142257690429688
-0.01141357421875 0.255218505859375 -0.260452270507813 -0.204498291015625
-0.3148193359375 0.229034423828125 -0.1588134765625 -0.247085571289063
-0.40374755859375 0.021087646484375 -0.2479248046875 0.00637817382812497
-0.3321533203125 -0.190185546875 -0.736572265625 -0.14251708984375
-0.034820556640625 0.136337280273438 0.76629638671875 0.07757568359375
0.113235473632813 0.0261611938476562 0.245040893554688 -0.008209228515625
0.0277633666992188 -0.0934677124023437 0.110565185546875 0.287994384765625
-0.0711746215820313 -0.0723648071289062 0.299224853515625 0.2879638671875
-0.113746643066406 0.0393524169921875 0.238510131835938 0.1470947265625
-0.024566650390625 0.117195129394531 0.19921875 0.187667846679688
0.0650711059570313 0.0946502685546875 0.244277954101563 0.263427734375
0.0484085083007812 0.0721969604492187 0.24249267578125 0.291534423828125
0.0596237182617188 0.0796661376953125 0.231201171875 0.3277587890625
0.0121612548828125 0.100914001464844 0.13787841796875 0.32635498046875
-0.0576629638671875 0.0820388793945312 0.0413665771484375 0.233901977539063
-0.094757080078125 0.00354766845703126 -0.04608154296875 0.123497009277344
-0.020172119140625 -0.095977783203125 -0.06842041015625 -0.0474014282226563
0.0771560668945313 -0.00322723388671875 0.167922973632813 -0.204391479492188
0.0194854736328125 0.133140563964844 0.322723388671875 -0.090301513671875
-0.330169677734375 0.0821228027343751 0.7161865234375 0.1435546875
-0.197830200195313 0.0560150146484375 0.199264526367188 0.044921875
-0.245040893554687 0.047607421875 0.087127685546875 0.34197998046875
-0.210357666015625 0.115188598632812 0.335693359375 0.3170166015625
-0.186553955078125 0.201675415039063 0.254837036132812 0.107772827148437
-0.011749267578125 0.29278564453125 0.181854248046875 0.136566162109375
0.135589599609375 0.252670288085938 0.196670532226563 0.212112426757813
0.12115478515625 0.210006713867188 0.193313598632813 0.235733032226563
0.154129028320313 0.20208740234375 0.201324462890625 0.28167724609375
0.0860595703125 0.202774047851563 0.138656616210937 0.269821166992188
-0.0135650634765625 0.21160888671875 0.0533905029296875 0.193267822265625
-0.0953369140625 0.1627197265625 -0.0195159912109375 0.112739562988281
-0.17376708984375 0.03436279296875 -0.0695114135742188 -0.0324211120605469
-0.151275634765625 0.050628662109375 0.13897705078125 -0.184844970703125
-0.218460083007813 0.093353271484375 0.282684326171875 -0.0831298828125
-0.5662841796875 -0.00952148437500004 0.57183837890625 0.19073486328125
-0.48284912109375 0.0340576171874999 0.112533569335937 0.111587524414063
-0.5113525390625 0.158355712890625 0.0845947265624999 0.37127685546875
-0.33880615234375 0.289520263671875 0.37860107421875 0.2958984375
-0.240936279296875 0.339263916015625 0.274703979492188 0.02215576171875
-0.00570678710937499 0.423370361328125 0.157943725585938 0.0301971435546875
0.177886962890625 0.371978759765625 0.121101379394531 0.108505249023438
0.17376708984375 0.3199462890625 0.11431884765625 0.146438598632813
0.23291015625 0.301239013671875 0.142440795898438 0.215499877929688
0.15740966796875 0.288909912109375 0.108734130859375 0.207015991210938
0.044403076171875 0.330078125 0.03607177734375 0.156585693359375
-0.069580078125 0.323974609375 -0.02142333984375 0.0985183715820313
-0.295196533203125 0.198028564453125 -0.0861053466796875 -0.0327529907226562
-0.36138916015625 0.141326904296875 0.0926666259765625 -0.157928466796875
-0.4383544921875 0.06292724609375 0.182571411132812 -0.0793609619140625
-0.70343017578125 -0.1087646484375 0.36456298828125 0.21044921875
-0.671142578125 -0.00311279296875 0.000442504882812448 0.178131103515625
-0.68072509765625 0.240966796875 0.10107421875 0.37005615234375
-0.39849853515625 0.419158935546875 0.410675048828125 0.21612548828125
-0.240447998046875 0.4224853515625 0.282135009765625 -0.09527587890625
0.00805664062499997 0.479522705078125 0.121192932128906 -0.110107421875
0.19244384765625 0.42877197265625 0.0280208587646485 -0.026681900024414
0.19793701171875 0.384857177734375 0.0168380737304688 0.0366287231445313
0.2767333984375 0.36712646484375 0.0563507080078125 0.132179260253906
0.203948974609375 0.353515625 0.046722412109375 0.131729125976563
0.090087890625 0.42431640625 -0.0125579833984375 0.114906311035156
-0.040313720703125 0.463134765625 -0.052276611328125 0.07525634765625
-0.39111328125 0.35845947265625 -0.112518310546875 -0.0412826538085937
-0.534027099609375 0.232757568359375 0.028839111328125 -0.112167358398437
-0.611572265625 0.0354003906249999 0.0247879028320312 -0.069000244140625
-0.72821044921875 -0.17718505859375 0.138198852539062 0.20111083984375
-0.726318359375 -0.0241699218750001 -0.106201171875 0.228851318359375
-0.6959228515625 0.2890625 0.12005615234375 0.332183837890625
-0.3494873046875 0.46832275390625 0.40234375 0.099609375
-0.176544189453125 0.417999267578125 0.254730224609375 -0.212310791015625
0.032012939453125 0.444366455078125 0.0662994384765625 -0.249725341796875
0.180023193359375 0.412200927734375 -0.072601318359375 -0.16497802734375
0.1912841796875 0.39080810546875 -0.0854873657226562 -0.0788955688476562
0.271942138671875 0.387359619140625 -0.0440330505371094 0.0321540832519532
0.2069091796875 0.37664794921875 -0.0390167236328125 0.0410385131835938
0.102630615234375 0.46649169921875 -0.0866317749023438 0.059906005859375
-0.03045654296875 0.54486083984375 -0.106048583984375 0.0356826782226563
-0.46038818359375 0.46124267578125 -0.14166259765625 -0.05938720703125
-0.64862060546875 0.28021240234375 -0.0493736267089844 -0.0515060424804687
-0.708251953125 -0.00866699218749998 -0.174911499023438 -0.0575714111328125
-0.65435791015625 -0.1986083984375 -0.0642547607421875 0.175811767578125
-0.65264892578125 -0.014404296875 -0.181884765625 0.251449584960937
-0.56787109375 0.29888916015625 0.129364013671875 0.264877319335938
-0.217803955078125 0.4249267578125 0.343170166015625 -0.01690673828125
-0.07476806640625 0.325408935546875 0.192840576171875 -0.289215087890625
0.0531005859375 0.331146240234375 -0.00268554687500002 -0.348297119140625
0.142578125 0.33038330078125 -0.167556762695313 -0.279190063476562
0.15673828125 0.337066650390625 -0.17791748046875 -0.185333251953125
0.220367431640625 0.34857177734375 -0.142318725585938 -0.0760498046875
0.163665771484375 0.340484619140625 -0.126487731933594 -0.0578384399414062
0.0828857421875 0.430511474609375 -0.166656494140625 -0.00915527343749995
-0.04132080078125 0.5318603515625 -0.170883178710938 -0.0270233154296875
-0.484619140625 0.465911865234375 -0.167861938476563 -0.097808837890625
-0.67999267578125 0.25067138671875 -0.132347106933594 0.00172424316406253
-0.6959228515625 -0.0706787109375001 -0.391265869140625 -0.0556945800781251
-0.49896240234375 -0.181182861328125 -0.214187622070313 0.146240234375
-0.4932861328125 0.0081787109375001 -0.21630859375 0.245452880859375
-0.364227294921875 0.2685546875 0.120712280273437 0.185134887695313
-0.066009521484375 0.3096923828125 0.2474365234375 -0.0977783203125
0.0156402587890625 0.179779052734375 0.1158447265625 -0.30755615234375
0.0495452880859375 0.174362182617188 -0.06890869140625 -0.38616943359375
0.0809783935546875 0.207656860351562 -0.240081787109375 -0.348907470703125
0.09698486328125 0.23138427734375 -0.245681762695312 -0.266448974609375
0.130386352539063 0.24847412109375 -0.215652465820313 -0.175338745117187
0.0952301025390625 0.235015869140625 -0.188583374023438 -0.149139404296875
0.052276611328125 0.3079833984375 -0.225067138671875 -0.081146240234375
-0.045135498046875 0.4205322265625 -0.225067138671875 -0.110519409179687
-0.440460205078125 0.3734130859375 -0.173995971679688 -0.161422729492187
-0.59893798828125 0.1485595703125 -0.201507568359375 0.0254516601562501
-0.56573486328125 -0.1375732421875 -0.5858154296875 -0.0787353515624999
-0.292572021484375 -0.141754150390625 -0.299285888671875 0.126129150390625
-0.291656494140625 0.02728271484375 -0.216232299804688 0.2257080078125
-0.1531982421875 0.199249267578125 0.102592468261719 0.116722106933594
0.0522003173828125 0.163955688476562 0.152374267578125 -0.136444091796875
0.0690574645996094 0.0287704467773438 0.048492431640625 -0.283416748046875
0.0190544128417969 0.0190200805664063 -0.118865966796875 -0.374969482421875
0.000408172607421877 0.0687179565429687 -0.281585693359375 -0.369964599609375
0.0246810913085937 0.0928268432617188 -0.27618408203125 -0.309234619140625
0.0310745239257813 0.0996017456054687 -0.246185302734375 -0.243606567382813
0.0376739501953125 0.078399658203125 -0.213653564453125 -0.2059326171875
0.0519866943359375 0.130813598632813 -0.255157470703125 -0.13250732421875
-0.00430297851562501 0.246978759765625 -0.258819580078125 -0.194412231445312
-0.302154541015625 0.23284912109375 -0.15948486328125 -0.239700317382813
-0.39459228515625 0.028106689453125 -0.239410400390625 0.0111236572265625
-0.331634521484375 -0.180084228515625 -0.72021484375 -0.12298583984375
-0.029052734375 0.140350341796875 0.76544189453125 0.07061767578125
0.11480712890625 0.0227584838867188 0.242645263671875 -0.011199951171875
0.0262451171875 -0.0945663452148438 0.113128662109375 0.28765869140625
-0.072906494140625 -0.073699951171875 0.301055908203125 0.28216552734375
-0.112075805664063 0.0415496826171875 0.235214233398438 0.142654418945313
-0.0181655883789062 0.117919921875 0.196746826171875 0.186111450195313
0.06793212890625 0.09130859375 0.245315551757812 0.26123046875
0.05029296875 0.0705032348632813 0.243499755859375 0.29144287109375
0.0638351440429687 0.077484130859375 0.230316162109375 0.325897216796875
0.0138778686523437 0.100921630859375 0.1343994140625 0.32366943359375
-0.0557022094726563 0.0840988159179688 0.039276123046875 0.228515625
-0.0952224731445313 0.00473022460937502 -0.0470428466796875 0.118598937988281
-0.0244293212890625 -0.0946197509765625 -0.0668792724609375 -0.0489234924316406
0.076690673828125 -0.0034942626953125 0.169601440429688 -0.206298828125
0.0237808227539062 0.13458251953125 0.324066162109375 -0.0906982421875
-0.32464599609375 0.08685302734375 0.7177734375 0.1370849609375
-0.195297241210938 0.0525054931640625 0.198410034179688 0.0410614013671875
-0.244705200195312 0.0482025146484375 0.090057373046875 0.341217041015625
-0.208709716796875 0.1131591796875 0.3360595703125 0.31005859375
-0.185348510742188 0.20404052734375 0.2501220703125 0.103927612304688
-0.00698852539062502 0.291259765625 0.179550170898438 0.135360717773438
0.139846801757812 0.248199462890625 0.195816040039062 0.209091186523438
0.123916625976563 0.207794189453125 0.1925048828125 0.235198974609375
0.15789794921875 0.196792602539062 0.200180053710938 0.28033447265625
0.0869903564453125 0.200057983398438 0.135055541992188 0.267562866210938
-0.01141357421875 0.209335327148438 0.050933837890625 0.18798828125
-0.094329833984375 0.160232543945312 -0.021392822265625 0.107856750488281
-0.174789428710938 0.0362091064453125 -0.0678787231445313 -0.0339012145996094
-0.149978637695312 0.0524444580078125 0.142181396484375 -0.187408447265625
-0.215469360351563 0.0949859619140625 0.28460693359375 -0.0841064453125
-0.5615234375 -0.00646972656249994 0.5728759765625 0.18487548828125
-0.479888916015625 0.0323791503906249 0.11181640625 0.108245849609375
-0.50872802734375 0.1612548828125 0.0870666503906249 0.37103271484375
-0.334625244140625 0.285858154296875 0.379425048828125 0.28753662109375
-0.239501953125 0.339599609375 0.26971435546875 0.019866943359375
-0.00317382812500001 0.420989990234375 0.156097412109375 0.029632568359375
0.182098388671875 0.367462158203125 0.120437622070313 0.107215881347656
0.175689697265625 0.318084716796875 0.111679077148438 0.146881103515625
0.238006591796875 0.29486083984375 0.142593383789063 0.214797973632812
0.1578369140625 0.284332275390625 0.105239868164063 0.2052001953125
0.04669189453125 0.32342529296875 0.0341949462890625 0.152328491210938
-0.066253662109375 0.3184814453125 -0.0234603881835937 0.09356689453125
-0.293975830078125 0.200775146484375 -0.0844879150390625 -0.033660888671875
-0.357574462890625 0.14404296875 0.0963287353515625 -0.161285400390625
-0.4361572265625 0.06463623046875 0.18487548828125 -0.0788421630859375
-0.69866943359375 -0.10577392578125 0.365875244140625 0.204193115234375
-0.66839599609375 -0.00604248046875014 -0.000656127929687524 0.175872802734375
-0.67816162109375 0.24554443359375 0.0998840332031249 0.370574951171875
-0.39093017578125 0.41632080078125 0.410186767578125 0.210662841796875
-0.240631103515625 0.420989990234375 0.275192260742187 -0.096435546875
0.012115478515625 0.47552490234375 0.119911193847656 -0.110595703125
0.19610595703125 0.42388916015625 0.0263805389404297 -0.0273075103759765
0.199005126953125 0.38177490234375 0.0132904052734375 0.0379066467285157
0.280303955078125 0.36077880859375 0.0571517944335938 0.131752014160156
0.20343017578125 0.347686767578125 0.0434799194335938 0.130615234375
0.091400146484375 0.41748046875 -0.0145111083984375 0.112434387207031
-0.03546142578125 0.457000732421875 -0.0543212890625 0.0713424682617188
-0.3865966796875 0.361572265625 -0.110374450683594 -0.0428924560546875
-0.5277099609375 0.236053466796875 0.03375244140625 -0.115623474121094
-0.611328125 0.0374755859375 0.0279083251953125 -0.0682144165039063
-0.7237548828125 -0.17596435546875 0.139389038085937 0.195510864257813
-0.72503662109375 -0.0247192382812501 -0.10833740234375 0.227996826171875
-0.6925048828125 0.29449462890625 0.1202392578125 0.33343505859375
-0.34124755859375 0.465576171875 0.398468017578125 0.0955810546875
-0.176483154296875 0.415069580078125 0.248931884765625 -0.2113037109375
0.033782958984375 0.440582275390625 0.0649566650390625 -0.2486572265625
0.18292236328125 0.408050537109375 -0.0745086669921875 -0.163833618164063
0.192718505859375 0.3895263671875 -0.0891342163085938 -0.0770797729492187
0.275726318359375 0.381103515625 -0.0439491271972656 0.0319442749023438
0.205657958984375 0.372039794921875 -0.0415878295898437 0.0413322448730469
0.104705810546875 0.460174560546875 -0.0873565673828125 0.0589218139648438
-0.0256958007812499 0.538055419921875 -0.107551574707031 0.0328521728515625
-0.453948974609375 0.463836669921875 -0.140151977539063 -0.0606460571289062
-0.64288330078125 0.28485107421875 -0.0438003540039063 -0.0533866882324218
-0.7100830078125 -0.00671386718750011 -0.172164916992188 -0.054779052734375
-0.650146484375 -0.19537353515625 -0.0643310546875001 0.1705322265625
-0.65289306640625 -0.0147705078124999 -0.1851806640625 0.25177001953125
-0.56390380859375 0.30487060546875 0.1290283203125 0.266311645507813
-0.210052490234375 0.421234130859375 0.338775634765625 -0.01702880859375
-0.076904296875 0.32080078125 0.187591552734375 -0.288116455078125
0.05120849609375 0.32696533203125 -0.00292968750000002 -0.346343994140625
0.145965576171875 0.328338623046875 -0.169509887695312 -0.27630615234375
0.157989501953125 0.3355712890625 -0.1820068359375 -0.1826171875
0.221710205078125 0.343994140625 -0.142593383789063 -0.07562255859375
0.163177490234375 0.3365478515625 -0.128204345703125 -0.057037353515625
0.082916259765625 0.423492431640625 -0.165969848632813 -0.00885009765624994
-0.037139892578125 0.5267333984375 -0.171859741210938 -0.0279998779296874
-0.4793701171875 0.471099853515625 -0.165603637695313 -0.0989532470703125
-0.6763916015625 0.2550048828125 -0.126945495605469 0.000755310058593741
-0.7000732421875 -0.0683593750000001 -0.38818359375 -0.05157470703125
-0.49542236328125 -0.177276611328125 -0.214813232421875 0.1424560546875
-0.493560791015625 0.00964355468749997 -0.220306396484375 0.246978759765625
-0.3597412109375 0.273681640625 0.120773315429687 0.187469482421875
-0.05816650390625 0.30517578125 0.244491577148438 -0.096160888671875
0.0136566162109375 0.175506591796875 0.112701416015625 -0.30438232421875
0.046722412109375 0.172073364257812 -0.067596435546875 -0.383270263671875
0.0827178955078125 0.207122802734375 -0.24334716796875 -0.3443603515625
0.0985260009765625 0.230712890625 -0.24920654296875 -0.262954711914063
0.130767822265625 0.245941162109375 -0.215805053710938 -0.17498779296875
0.0926055908203125 0.23272705078125 -0.189529418945313 -0.14886474609375
0.0521240234375 0.301544189453125 -0.2232666015625 -0.0804290771484375
-0.0396728515625 0.415924072265625 -0.2254638671875 -0.10919189453125
-0.437469482421875 0.377410888671875 -0.173538208007813 -0.161376953125
-0.596435546875 0.152099609375 -0.196441650390625 0.025848388671875
-0.56890869140625 -0.13818359375 -0.58453369140625 -0.07177734375
-0.290740966796875 -0.13763427734375 -0.301361083984375 0.123809814453125
-0.294708251953125 0.0293884277343751 -0.22149658203125 0.228988647460938
-0.15045166015625 0.203338623046875 0.103981018066406 0.118942260742188
0.0574951171875 0.160293579101563 0.14947509765625 -0.133041381835938
0.0657196044921875 0.0246124267578125 0.04754638671875 -0.27911376953125
0.0147972106933594 0.0194587707519531 -0.117095947265625 -0.371337890625
0.00204086303710937 0.0702781677246094 -0.282470703125 -0.365325927734375
0.0257568359375 0.092559814453125 -0.2806396484375 -0.305755615234375
0.0299530029296875 0.0997161865234375 -0.247817993164062 -0.244674682617188
0.0348968505859375 0.07763671875 -0.213104248046875 -0.20562744140625
0.050384521484375 0.1270751953125 -0.251968383789063 -0.130218505859375
-0.00125122070312503 0.243850708007813 -0.259185791015625 -0.190902709960937
-0.299072265625 0.235076904296875 -0.160064697265625 -0.2391357421875
-0.395538330078125 0.03021240234375 -0.2359619140625 0.01318359375
-0.335662841796875 -0.17999267578125 -0.7191162109375 -0.11712646484375
-0.02191162109375 0.147171020507812 0.78277587890625 0.06036376953125
0.119674682617188 0.0195083618164063 0.245803833007813 -0.0166778564453125
0.025390625 -0.0980453491210938 0.121185302734375 0.292388916015625
-0.07794189453125 -0.0763397216796875 0.3109130859375 0.2781982421875
-0.113639831542969 0.0457534790039062 0.238861083984375 0.140228271484375
-0.012237548828125 0.120925903320313 0.199798583984375 0.187713623046875
0.0736770629882812 0.090484619140625 0.252960205078125 0.262313842773438
0.0544929504394531 0.0698814392089844 0.252532958984375 0.29449462890625
0.0699691772460937 0.0753936767578125 0.237884521484375 0.33135986328125
0.0178375244140625 0.103622436523438 0.138702392578125 0.326629638671875
-0.0541305541992187 0.0875625610351563 0.0410003662109375 0.228164672851563
-0.0975799560546875 0.00604248046875002 -0.0480270385742188 0.117050170898437
-0.0294189453125 -0.0950698852539063 -0.0667343139648438 -0.051055908203125
0.0779800415039062 -0.00441741943359375 0.17401123046875 -0.216201782226563
0.0293502807617187 0.138847351074219 0.331787109375 -0.096771240234375
-0.3250732421875 0.09344482421875 0.7347412109375 0.12811279296875
-0.196441650390625 0.05242919921875 0.202316284179688 0.03741455078125
-0.249969482421875 0.0525970458984375 0.09808349609375 0.34820556640625
-0.211868286132813 0.114578247070313 0.348907470703125 0.3067626953125
-0.188140869140625 0.212570190429687 0.252288818359375 0.101058959960938
0.000274658203125013 0.2969970703125 0.18304443359375 0.135879516601563
0.149307250976563 0.248489379882813 0.201614379882812 0.211090087890625
0.131027221679687 0.2088623046875 0.19775390625 0.239700317382813
0.167388916015625 0.19500732421875 0.207794189453125 0.285125732421875
0.0914764404296875 0.201416015625 0.137649536132813 0.2708740234375
-0.00775146484374999 0.2109375 0.051666259765625 0.187103271484375
-0.093475341796875 0.162277221679688 -0.0222625732421875 0.106033325195313
-0.179244995117188 0.0417938232421875 -0.0679244995117188 -0.0351524353027344
-0.150100708007813 0.056640625 0.146774291992187 -0.19732666015625
-0.215286254882812 0.1004638671875 0.29205322265625 -0.089141845703125
-0.56695556640625 0.000976562499999957 0.59002685546875 0.17718505859375
-0.48822021484375 0.0331420898437499 0.115432739257812 0.106025695800781
-0.51739501953125 0.17266845703125 0.0944824218749999 0.379913330078125
-0.336700439453125 0.29248046875 0.3922119140625 0.285888671875
-0.243011474609375 0.350921630859375 0.271041870117188 0.016632080078125
0.00595092773437503 0.428680419921875 0.159088134765625 0.0281982421875
0.195709228515625 0.36865234375 0.123054504394531 0.107620239257813
0.18646240234375 0.320465087890625 0.113433837890625 0.150711059570313
0.2496337890625 0.292877197265625 0.147964477539063 0.21875
0.162933349609375 0.28515625 0.107406616210937 0.208084106445313
0.05224609375 0.325592041015625 0.03363037109375 0.152511596679688
-0.062347412109375 0.321685791015625 -0.02545166015625 0.0925827026367188
-0.29656982421875 0.21124267578125 -0.0841903686523438 -0.0350723266601562
-0.359466552734375 0.154052734375 0.100723266601562 -0.1697998046875
-0.44366455078125 0.072357177734375 0.1905517578125 -0.081939697265625
-0.71063232421875 -0.10162353515625 0.3765869140625 0.199188232421875
-0.6842041015625 -0.00189208984375008 -0.000427246093750052 0.177597045898438
-0.68878173828125 0.2630615234375 0.108062744140625 0.378173828125
-0.390411376953125 0.42620849609375 0.42022705078125 0.207061767578125
-0.24322509765625 0.432220458984375 0.276229858398438 -0.101715087890625
0.017578125 0.4840087890625 0.121017456054688 -0.114547729492187
0.209930419921875 0.427032470703125 0.0248756408691406 -0.0277519226074218
0.211639404296875 0.386077880859375 0.0109214782714844 0.040985107421875
0.293365478515625 0.35882568359375 0.0602188110351563 0.134201049804688
0.2108154296875 0.34796142578125 0.0439987182617188 0.133926391601563
0.099090576171875 0.41839599609375 -0.0156707763671875 0.112747192382813
-0.029052734375 0.461669921875 -0.057159423828125 0.0707550048828125
-0.388458251953125 0.377105712890625 -0.11126708984375 -0.04443359375
-0.53399658203125 0.25189208984375 0.0384445190429687 -0.121940612792969
-0.625732421875 0.0452880859375 0.030548095703125 -0.0683097839355469
-0.73626708984375 -0.17236328125 0.144195556640625 0.193008422851563
-0.74005126953125 -0.0187988281250001 -0.110198974609375 0.233612060546875
-0.70306396484375 0.31451416015625 0.126434326171875 0.340240478515625
-0.33868408203125 0.474639892578125 0.407562255859375 0.091278076171875
-0.17864990234375 0.423828125 0.247039794921875 -0.2171630859375
0.038970947265625 0.44635009765625 0.0640411376953125 -0.25457763671875
0.19512939453125 0.41217041015625 -0.0803680419921875 -0.165802001953125
0.2042236328125 0.39422607421875 -0.095550537109375 -0.0752334594726562
0.2882080078125 0.380767822265625 -0.0447769165039062 0.0330848693847656
0.213104248046875 0.37457275390625 -0.0431365966796875 0.0428848266601563
0.112945556640625 0.46417236328125 -0.090179443359375 0.05999755859375
-0.01458740234375 0.545135498046875 -0.111434936523438 0.033477783203125
-0.45416259765625 0.48406982421875 -0.142242431640625 -0.0616302490234375
-0.6505126953125 0.30340576171875 -0.0403251647949219 -0.0573577880859375
-0.7281494140625 0.000671386718749923 -0.173828125 -0.05133056640625
-0.6641845703125 -0.193359375 -0.0645294189453125 0.17034912109375
-0.66845703125 -0.00781249999999997 -0.189697265625 0.260726928710938
-0.5679931640625 0.32489013671875 0.13525390625 0.272933959960938
-0.202667236328125 0.4268798828125 0.34356689453125 -0.020782470703125
-0.0771484375 0.325927734375 0.186370849609375 -0.292205810546875
0.054107666015625 0.330657958984375 -0.00674438476562497 -0.3533935546875
0.15496826171875 0.330596923828125 -0.178268432617188 -0.278778076171875
0.166900634765625 0.340606689453125 -0.191162109375 -0.182281494140625
0.232635498046875 0.345611572265625 -0.147552490234375 -0.0759582519531249
0.167510986328125 0.340240478515625 -0.133514404296875 -0.0567474365234375
0.08880615234375 0.42669677734375 -0.169464111328125 -0.00730895996093745
-0.02703857421875 0.533905029296875 -0.1773681640625 -0.0267639160156249
-0.48211669921875 0.49139404296875 -0.16925048828125 -0.10009765625
-0.6851806640625 0.273681640625 -0.12420654296875 0.00067901611328125
-0.71856689453125 -0.0621948242187499 -0.39599609375 -0.04412841796875
-0.505279541015625 -0.17620849609375 -0.219528198242188 0.1444091796875
-0.5074462890625 0.0176086425781251 -0.227203369140625 0.25848388671875
-0.358245849609375 0.28924560546875 0.1258544921875 0.192291259765625
-0.050262451171875 0.3076171875 0.246078491210938 -0.0989837646484375
0.0132293701171875 0.17529296875 0.110992431640625 -0.308349609375
0.0462188720703125 0.1739501953125 -0.07281494140625 -0.39080810546875
0.0888824462890625 0.209701538085938 -0.25396728515625 -0.34625244140625
0.103912353515625 0.234207153320313 -0.261978149414063 -0.262451171875
0.136322021484375 0.248046875 -0.22412109375 -0.17724609375
0.0952301025390625 0.235336303710937 -0.195877075195313 -0.14971923828125
0.054718017578125 0.303558349609375 -0.228073120117187 -0.078582763671875
-0.034027099609375 0.422210693359375 -0.232528686523438 -0.107421875
-0.440032958984375 0.39471435546875 -0.179306030273438 -0.163421630859375
-0.6068115234375 0.16485595703125 -0.196548461914063 0.0289154052734375
-0.58819580078125 -0.13433837890625 -0.59698486328125 -0.0603027343750001
-0.296417236328125 -0.1357421875 -0.308502197265625 0.127532958984375
-0.304168701171875 0.036224365234375 -0.228607177734375 0.241348266601563
-0.146377563476562 0.214553833007813 0.108505249023437 0.122734069824219
0.06494140625 0.159500122070313 0.1495361328125 -0.13360595703125
0.064544677734375 0.021331787109375 0.046630859375 -0.28216552734375
0.0116539001464844 0.0201129913330078 -0.12109375 -0.376068115234375
0.00408172607421874 0.0724563598632813 -0.2952880859375 -0.3671875
0.027252197265625 0.0938186645507813 -0.292510986328125 -0.3056640625
0.0306167602539062 0.101509094238281 -0.257705688476562 -0.248123168945313
0.0337371826171875 0.0781936645507813 -0.219528198242188 -0.208694458007813
0.0510025024414062 0.125732421875 -0.256301879882813 -0.129318237304687
0.00352478027343749 0.247116088867188 -0.267318725585937 -0.189788818359375
-0.300048828125 0.246612548828125 -0.166793823242188 -0.243057250976562
-0.404998779296875 0.03509521484375 -0.238143920898438 0.017242431640625
-0.3489990234375 -0.181488037109375 -0.734130859375 -0.1051025390625
-0.00997924804687501 0.15496826171875 0.8082275390625 0.02911376953125
0.12628173828125 0.0122222900390625 0.250503540039062 -0.0283355712890625
0.022552490234375 -0.103424072265625 0.138092041015625 0.29620361328125
-0.0862197875976562 -0.0775375366210938 0.332061767578125 0.270538330078125
-0.115341186523437 0.0525741577148438 0.24688720703125 0.13360595703125
-0.00315093994140626 0.12469482421875 0.209579467773438 0.18634033203125
0.0817794799804688 0.0876922607421875 0.270095825195312 0.259750366210938
0.06121826171875 0.0680809020996094 0.271270751953125 0.294464111328125
0.0788116455078125 0.0720901489257812 0.25543212890625 0.3338623046875
0.024322509765625 0.106407165527344 0.151824951171875 0.331756591796875
-0.0507583618164062 0.09356689453125 0.047637939453125 0.228973388671875
-0.101127624511719 0.0109176635742188 -0.046661376953125 0.118186950683594
-0.0368804931640625 -0.0948638916015625 -0.0692710876464844 -0.0528297424316406
0.080535888671875 -0.00667572021484375 0.173980712890625 -0.232635498046875
0.040283203125 0.142776489257812 0.34112548828125 -0.111724853515625
-0.324249267578125 0.109130859375 0.76312255859375 0.10137939453125
-0.198638916015625 0.056915283203125 0.209426879882813 0.0283203125
-0.255538940429688 0.0624237060546875 0.115264892578125 0.35443115234375
-0.216156005859375 0.122360229492188 0.37005615234375 0.298187255859375
-0.18804931640625 0.227020263671875 0.259033203125 0.0939178466796875
0.015655517578125 0.305267333984375 0.191604614257813 0.1334228515625
0.165847778320313 0.246734619140625 0.214401245117188 0.209091186523438
0.145111083984375 0.207916259765625 0.212234497070313 0.240676879882813
0.18255615234375 0.189926147460938 0.224151611328125 0.288177490234375
0.102676391601562 0.201797485351562 0.148788452148438 0.274215698242188
0.00134277343749998 0.216156005859375 0.056427001953125 0.186859130859375
-0.0900115966796875 0.168746948242187 -0.021484375 0.1065673828125
-0.183258056640625 0.05169677734375 -0.0690803527832032 -0.0359535217285156
-0.149627685546875 0.065338134765625 0.147125244140625 -0.212875366210938
-0.215072631835938 0.112030029296875 0.30108642578125 -0.1016845703125
-0.5789794921875 0.0189819335937499 0.614990234375 0.15625
-0.500335693359375 0.0483093261718749 0.1220703125 0.102424621582031
-0.527679443359375 0.198272705078125 0.112457275390625 0.387176513671875
-0.33544921875 0.3092041015625 0.413116455078125 0.27490234375
-0.240509033203125 0.37249755859375 0.274749755859375 0.00708007812500002
0.023468017578125 0.4388427734375 0.164108276367187 0.0233154296875
0.2166748046875 0.368896484375 0.128654479980469 0.10595703125
0.207122802734375 0.320465087890625 0.120635986328125 0.15386962890625
0.2705078125 0.286590576171875 0.160385131835938 0.2213134765625
0.178314208984375 0.28411865234375 0.115203857421875 0.211349487304688
0.066253662109375 0.329925537109375 0.037261962890625 0.15301513671875
-0.05084228515625 0.329559326171875 -0.0257492065429687 0.0938491821289063
-0.295654296875 0.231231689453125 -0.0866928100585938 -0.0352401733398437
-0.360015869140625 0.173614501953125 0.101409912109375 -0.183563232421875
-0.454132080078125 0.0917663574218749 0.197601318359375 -0.0908355712890625
-0.73211669921875 -0.0811767578124999 0.39697265625 0.187530517578125
-0.70489501953125 0.0198974609375 0.00605773925781247 0.1812744140625
-0.69873046875 0.298828125 0.12469482421875 0.387664794921875
-0.38360595703125 0.447540283203125 0.43994140625 0.19525146484375
-0.23785400390625 0.455078125 0.275924682617188 -0.113265991210937
0.036956787109375 0.496368408203125 0.120292663574219 -0.123298645019531
0.232452392578125 0.427032470703125 0.0229969024658203 -0.029266357421875
0.233154296875 0.38836669921875 0.00957489013671877 0.044921875
0.3175048828125 0.351165771484375 0.06683349609375 0.137596130371094
0.229095458984375 0.347320556640625 0.0482177734375 0.136421203613281
0.11749267578125 0.423065185546875 -0.0150833129882813 0.115234375
-0.00997924804687495 0.470794677734375 -0.0589447021484375 0.0733261108398438
-0.3824462890625 0.405914306640625 -0.114341735839844 -0.04351806640625
-0.5333251953125 0.2806396484375 0.0396881103515625 -0.131660461425781
-0.6436767578125 0.07086181640625 0.0326423645019531 -0.069091796875
-0.7637939453125 -0.15325927734375 0.156494140625 0.189605712890625
-0.76397705078125 0.00347900390625005 -0.106857299804688 0.243682861328125
-0.7088623046875 0.3533935546875 0.141815185546875 0.347564697265625
-0.325836181640625 0.49609375 0.42205810546875 0.077850341796875
-0.171356201171875 0.443145751953125 0.244613647460937 -0.231002807617187
0.0556640625 0.4569091796875 0.0574188232421875 -0.266555786132812
0.219207763671875 0.413116455078125 -0.0906982421875 -0.166976928710937
0.225372314453125 0.395751953125 -0.10491943359375 -0.0706329345703125
0.31243896484375 0.376129150390625 -0.0447921752929687 0.0362548828125
0.23175048828125 0.374237060546875 -0.045166015625 0.046173095703125
0.132354736328125 0.467620849609375 -0.0922470092773437 0.0644302368164063
0.00650024414062504 0.5577392578125 -0.115028381347656 0.0378799438476563
-0.446868896484375 0.519561767578125 -0.146560668945313 -0.06011962890625
-0.65362548828125 0.3389892578125 -0.0385284423828126 -0.06109619140625
-0.7518310546875 0.0286865234374999 -0.177871704101563 -0.0437164306640625
-0.687255859375 -0.179443359375 -0.0605468750000001 0.173782348632813
-0.69110107421875 0.0147705078125001 -0.1884765625 0.2767333984375
-0.5697021484375 0.36126708984375 0.147918701171875 0.277908325195313
-0.18572998046875 0.442169189453125 0.35137939453125 -0.03338623046875
-0.070404052734375 0.33599853515625 0.179595947265625 -0.305389404296875
0.0653076171875 0.335418701171875 -0.018463134765625 -0.36468505859375
0.173858642578125 0.332061767578125 -0.196258544921875 -0.278793334960938
0.185455322265625 0.343017578125 -0.206832885742188 -0.176849365234375
0.252044677734375 0.343780517578125 -0.155548095703125 -0.072967529296875
0.1837158203125 0.341888427734375 -0.141128540039062 -0.053070068359375
0.105560302734375 0.432281494140625 -0.175735473632813 -0.00202941894531249
-0.00607299804687501 0.545745849609375 -0.184005737304688 -0.020660400390625
-0.47412109375 0.527099609375 -0.176498413085938 -0.097503662109375
-0.6903076171875 0.308837890625 -0.123207092285156 0.00364685058593754
-0.74761962890625 -0.0363769531249999 -0.40643310546875 -0.02691650390625
-0.524444580078125 -0.164886474609375 -0.221771240234375 0.152999877929687
-0.52386474609375 0.0364379882812501 -0.22686767578125 0.27838134765625
-0.35369873046875 0.31573486328125 0.13726806640625 0.19561767578125
-0.03497314453125 0.31280517578125 0.24755859375 -0.108413696289062
0.016693115234375 0.177719116210938 0.103607177734375 -0.318267822265625
0.0509033203125 0.17535400390625 -0.086456298828125 -0.399658203125
0.1005859375 0.210830688476563 -0.27618408203125 -0.345123291015625
0.116226196289062 0.235763549804688 -0.281768798828125 -0.2574462890625
0.14935302734375 0.248992919921875 -0.238800048828125 -0.1744384765625
0.104583740234375 0.238143920898438 -0.208175659179688 -0.147003173828125
0.065765380859375 0.308349609375 -0.236404418945312 -0.07269287109375
-0.016143798828125 0.432891845703125 -0.243637084960938 -0.101028442382812
-0.435333251953125 0.426849365234375 -0.189956665039063 -0.16192626953125
-0.61785888671875 0.19366455078125 -0.196914672851563 0.037017822265625
-0.61541748046875 -0.11663818359375 -0.614990234375 -0.035888671875
-0.308074951171875 -0.13104248046875 -0.31494140625 0.140106201171875
-0.3143310546875 0.0512390136718751 -0.22991943359375 0.2628173828125
-0.136795043945312 0.230514526367188 0.117439270019531 0.124252319335938
0.0765380859375 0.15704345703125 0.147689819335938 -0.139617919921875
0.0635948181152344 0.0170135498046875 0.04046630859375 -0.28857421875
0.00896453857421875 0.0200862884521484 -0.135345458984375 -0.383514404296875
0.00817871093749999 0.0749282836914063 -0.318695068359375 -0.3646240234375
0.0314788818359375 0.09490966796875 -0.315216064453125 -0.30224609375
0.0338516235351562 0.103355407714844 -0.277145385742187 -0.24566650390625
0.035675048828125 0.079010009765625 -0.234085083007813 -0.207183837890625
0.0549545288085938 0.125282287597656 -0.26568603515625 -0.12359619140625
0.0145721435546875 0.251983642578125 -0.282440185546875 -0.183868408203125
-0.2977294921875 0.26849365234375 -0.181930541992188 -0.244598388671875
-0.415252685546875 0.051849365234375 -0.241134643554688 0.028411865234375
-0.3692626953125 -0.1728515625 -0.75946044921875 -0.0737915039062501
0.00682067871093752 0.158599853515625 0.82489013671875 -0.0245361328125
0.131675720214844 0.00091552734375 0.250839233398437 -0.046875
0.0153350830078125 -0.108436584472656 0.161224365234375 0.2911376953125
-0.0963973999023437 -0.07440185546875 0.3538818359375 0.2506103515625
-0.113922119140625 0.0625991821289062 0.255050659179688 0.11981201171875
0.0096435546875 0.125442504882813 0.221267700195313 0.177841186523438
0.0902633666992188 0.0815887451171875 0.28924560546875 0.24725341796875
0.0672187805175781 0.0625991821289063 0.294830322265625 0.2808837890625
0.0874481201171875 0.0644607543945312 0.281890869140625 0.32733154296875
0.03485107421875 0.107032775878906 0.17315673828125 0.32745361328125
-0.043792724609375 0.0989532470703125 0.05950927734375 0.225433349609375
-0.102432250976563 0.0180511474609375 -0.0423126220703125 0.119773864746094
-0.04522705078125 -0.0916061401367188 -0.0721435546875 -0.0523300170898438
0.0833511352539063 -0.011383056640625 0.164352416992188 -0.251785278320313
0.0552825927734375 0.141693115234375 0.34271240234375 -0.1348876953125
-0.316802978515625 0.12982177734375 0.783935546875 0.05035400390625
-0.196380615234375 0.0656280517578125 0.213088989257813 0.0128173828125
-0.255157470703125 0.079132080078125 0.141204833984375 0.352813720703125
-0.215164184570313 0.13555908203125 0.39495849609375 0.276031494140625
-0.177627563476563 0.244140625 0.26556396484375 0.07977294921875
0.038726806640625 0.307342529296875 0.201034545898438 0.124099731445313
0.18603515625 0.2366943359375 0.229232788085938 0.199127197265625
0.161483764648437 0.198806762695312 0.230087280273437 0.233688354492187
0.19940185546875 0.17572021484375 0.245574951171875 0.28167724609375
0.117645263671875 0.197540283203125 0.165786743164063 0.269882202148438
0.015594482421875 0.2178955078125 0.06549072265625 0.184280395507813
-0.080322265625 0.1746826171875 -0.0178070068359375 0.107330322265625
-0.181930541992188 0.0663909912109375 -0.0707626342773438 -0.0343399047851562
-0.143798828125 0.0764007568359375 0.138198852539063 -0.230209350585938
-0.207839965820313 0.126968383789062 0.302520751953125 -0.12237548828125
-0.58331298828125 0.0533447265625 0.6361083984375 0.11663818359375
-0.503997802734375 0.0749511718749999 0.130439758300781 0.0938186645507813
-0.52191162109375 0.234832763671875 0.137420654296875 0.386627197265625
-0.323516845703125 0.331634521484375 0.4368896484375 0.25164794921875
-0.22406005859375 0.39739990234375 0.276901245117188 -0.00962829589843748
0.053466796875 0.44305419921875 0.167129516601563 0.0121307373046875
0.245086669921875 0.357208251953125 0.135231018066406 0.100662231445313
0.230224609375 0.3104248046875 0.130340576171875 0.152084350585938
0.293121337890625 0.2677001953125 0.177337646484375 0.217849731445313
0.197891235351562 0.274520874023438 0.127960205078125 0.207595825195313
0.088287353515625 0.327484130859375 0.0440673828125 0.151077270507813
-0.0301513671875 0.333282470703125 -0.0224838256835937 0.0954208374023438
-0.282623291015625 0.255035400390625 -0.0884475708007813 -0.032562255859375
-0.34869384765625 0.20037841796875 0.095184326171875 -0.19732666015625
-0.453399658203125 0.12042236328125 0.198715209960938 -0.104019165039063
-0.746826171875 -0.0415039062500001 0.416473388671875 0.16241455078125
-0.714111328125 0.05963134765625 0.0170745849609375 0.181365966796875
-0.68939208984375 0.350341796875 0.149627685546875 0.386932373046875
-0.361846923828125 0.47308349609375 0.457550048828125 0.16937255859375
-0.216217041015625 0.479095458984375 0.270614624023438 -0.131118774414062
0.068389892578125 0.498809814453125 0.11419677734375 -0.134635925292969
0.265106201171875 0.415191650390625 0.0193939208984375 -0.0300006866455078
0.26300048828125 0.377410888671875 0.0108871459960938 0.0491447448730469
0.344146728515625 0.33306884765625 0.077117919921875 0.137580871582031
0.2528076171875 0.33502197265625 0.0552139282226563 0.136215209960938
0.1456298828125 0.416534423828125 -0.0107879638671875 0.11712646484375
0.01934814453125 0.473907470703125 -0.05706787109375 0.0777206420898438
-0.359466552734375 0.438079833984375 -0.11737060546875 -0.0393753051757812
-0.518157958984375 0.32073974609375 0.035919189453125 -0.141082763671875
-0.65191650390625 0.1124267578125 0.0329513549804687 -0.0705032348632813
-0.7850341796875 -0.113037109375 0.171356201171875 0.177719116210938
-0.7789306640625 0.0476074218750002 -0.0945587158203125 0.253692626953125
-0.69598388671875 0.40716552734375 0.16424560546875 0.34619140625
-0.29791259765625 0.5184326171875 0.432037353515625 0.053802490234375
-0.14892578125 0.461883544921875 0.231231689453125 -0.248611450195312
0.082061767578125 0.45880126953125 0.0415191650390625 -0.276168823242187
0.248748779296875 0.402191162109375 -0.104339599609375 -0.163101196289062
0.255096435546875 0.387481689453125 -0.112564086914063 -0.0615463256835937
0.3399658203125 0.357269287109375 -0.0429840087890625 0.0410232543945313
0.256011962890625 0.362701416015625 -0.0445518493652344 0.0504035949707032
0.16265869140625 0.462615966796875 -0.09246826171875 0.0702285766601563
0.0427551269531251 0.55853271484375 -0.116081237792969 0.0455322265625
-0.41558837890625 0.5592041015625 -0.15106201171875 -0.0541839599609375
-0.6375732421875 0.38580322265625 -0.0384445190429688 -0.0635490417480468
-0.76593017578125 0.0773315429687502 -0.178695678710938 -0.0301361083984375
-0.7091064453125 -0.14373779296875 -0.050994873046875 0.17572021484375
-0.7032470703125 0.0568847656250001 -0.174560546875 0.29425048828125
-0.550811767578125 0.40618896484375 0.16680908203125 0.274490356445313
-0.15765380859375 0.454833984375 0.35260009765625 -0.0543212890625
-0.054107666015625 0.34527587890625 0.162750244140625 -0.319061279296875
0.083984375 0.33526611328125 -0.041107177734375 -0.371307373046875
0.197998046875 0.323486328125 -0.218505859375 -0.269195556640625
0.209991455078125 0.335968017578125 -0.223373413085937 -0.162826538085937
0.276092529296875 0.3292236328125 -0.16253662109375 -0.063446044921875
0.204833984375 0.33343505859375 -0.147994995117188 -0.0457763671875
0.132568359375 0.428802490234375 -0.179641723632813 0.00862121582031249
0.028656005859375 0.54998779296875 -0.188858032226563 -0.00883483886718749
-0.4432373046875 0.56787109375 -0.183868408203125 -0.0898284912109375
-0.67926025390625 0.35797119140625 -0.119796752929688 0.009124755859375
-0.76739501953125 0.00903320312499991 -0.41021728515625 0.00277709960937507
-0.5435791015625 -0.13970947265625 -0.216476440429688 0.166000366210937
-0.53155517578125 0.0709228515625001 -0.215179443359375 0.299774169921875
-0.333160400390625 0.345794677734375 0.151016235351563 0.191360473632813
-0.011566162109375 0.31353759765625 0.243453979492187 -0.12200927734375
0.024627685546875 0.176956176757813 0.086273193359375 -0.32794189453125
0.0575408935546875 0.174697875976563 -0.111663818359375 -0.401580810546875
0.1162109375 0.2056884765625 -0.302734375 -0.33184814453125
0.132049560546875 0.2313232421875 -0.303436279296875 -0.241180419921875
0.165802001953125 0.2423095703125 -0.255264282226563 -0.161834716796875
0.118789672851563 0.234024047851563 -0.22216796875 -0.137008666992188
0.083587646484375 0.30657958984375 -0.244171142578125 -0.0595245361328125
0.011566162109375 0.4381103515625 -0.254043579101562 -0.0862884521484374
-0.410797119140625 0.463958740234375 -0.201278686523438 -0.153732299804687
-0.6142578125 0.23590087890625 -0.192306518554688 0.0490875244140625
-0.635986328125 -0.0781860351562501 -0.62225341796875 0.00708007812500005
-0.320098876953125 -0.11590576171875 -0.312652587890625 0.158355712890625
-0.318206787109375 0.074920654296875 -0.21844482421875 0.286956787109375
-0.119415283203125 0.244949340820313 0.127861022949219 0.120582580566406
0.090850830078125 0.149887084960937 0.140884399414063 -0.147323608398438
0.0613822937011719 0.0109901428222656 0.0252685546875 -0.2940673828125
0.00631523132324219 0.0206890106201172 -0.158660888671875 -0.382171630859375
0.0134963989257812 0.0750808715820313 -0.3463134765625 -0.34783935546875
0.0371246337890625 0.09344482421875 -0.340362548828125 -0.283538818359375
0.039215087890625 0.102493286132813 -0.29888916015625 -0.2332763671875
0.0386581420898437 0.0768051147460938 -0.250106811523438 -0.197418212890625
0.0609359741210937 0.122055053710937 -0.276092529296875 -0.109649658203125
0.0322723388671875 0.25250244140625 -0.2977294921875 -0.16748046875
-0.28314208984375 0.294403076171875 -0.199951171875 -0.237197875976563
-0.4197998046875 0.078826904296875 -0.2391357421875 0.0446319580078125
-0.38970947265625 -0.150970458984375 -0.77178955078125 -0.02337646484375
0.0237579345703125 0.155899047851563 0.8087158203125 -0.0821533203125
0.131729125976563 -0.0118942260742188 0.240814208984375 -0.0636749267578125
0.00736236572265625 -0.10906982421875 0.181228637695313 0.275497436523438
-0.104080200195313 -0.0662460327148438 0.365631103515625 0.220458984375
-0.108512878417969 0.071533203125 0.255874633789063 0.1016845703125
0.0224838256835937 0.121353149414063 0.22784423828125 0.163223266601563
0.096649169921875 0.0721282958984375 0.300262451171875 0.225341796875
0.071533203125 0.0551528930664062 0.310089111328125 0.257843017578125
0.0923004150390625 0.0537033081054688 0.3011474609375 0.30670166015625
0.0450210571289063 0.102485656738281 0.19171142578125 0.31182861328125
-0.0347824096679688 0.101181030273438 0.0697174072265625 0.2152099609375
-0.10028076171875 0.0251388549804688 -0.0364303588867188 0.118011474609375
-0.050933837890625 -0.0843124389648438 -0.0736770629882813 -0.0491409301757813
0.083648681640625 -0.017425537109375 0.146804809570313 -0.2628173828125
0.068328857421875 0.134407043457031 0.33074951171875 -0.155517578125
-0.299163818359375 0.147125244140625 0.77545166015625 -0.00537109374999999
-0.187942504882813 0.0724639892578125 0.209197998046875 -0.0043792724609375
-0.246612548828125 0.0940399169921876 0.16339111328125 0.338470458984375
-0.206039428710937 0.146743774414063 0.406280517578125 0.242950439453125
-0.1607666015625 0.256454467773438 0.263656616210938 0.0607757568359375
0.061370849609375 0.298431396484375 0.2047119140625 0.110214233398438
0.200546264648438 0.2177734375 0.23748779296875 0.18310546875
0.172958374023438 0.183212280273438 0.242019653320312 0.217056274414062
0.2088623046875 0.155105590820312 0.262786865234375 0.264328002929688
0.13043212890625 0.184539794921875 0.178680419921875 0.256118774414063
0.0305938720703125 0.212478637695313 0.0720367431640625 0.1748046875
-0.0677947998046875 0.17510986328125 -0.0124130249023438 0.105010986328125
-0.172897338867188 0.0789031982421875 -0.070648193359375 -0.0318832397460937
-0.131645202636719 0.0836868286132813 0.123580932617188 -0.240386962890625
-0.193634033203125 0.137649536132813 0.293304443359375 -0.140106201171875
-0.567626953125 0.0885620117187499 0.6356201171875 0.07049560546875
-0.4921875 0.10125732421875 0.133544921875 0.0816268920898438
-0.499298095703125 0.267486572265625 0.161590576171875 0.374237060546875
-0.29876708984375 0.34503173828125 0.44580078125 0.217376708984375
-0.19677734375 0.40863037109375 0.269088745117188 -0.026824951171875
0.081878662109375 0.432220458984375 0.163726806640625 0.000640869140625026
0.266387939453125 0.331329345703125 0.137992858886719 0.0915374755859375
0.24652099609375 0.28729248046875 0.138290405273438 0.144851684570313
0.305328369140625 0.23944091796875 0.190673828125 0.205764770507813
0.211868286132813 0.253707885742188 0.1376953125 0.197662353515625
0.107666015625 0.313018798828125 0.0486602783203125 0.144882202148438
-0.00808715820312502 0.325836181640625 -0.0180892944335937 0.0940704345703125
-0.257583618164063 0.271026611328125 -0.0879135131835938 -0.0286407470703125
-0.324432373046875 0.218505859375 0.0831756591796875 -0.205947875976563
-0.437347412109375 0.149810791015625 0.193344116210937 -0.115127563476563
-0.73699951171875 0.00402832031249992 0.420989990234375 0.12738037109375
-0.70098876953125 0.10064697265625 0.0277252197265624 0.175018310546875
-0.65478515625 0.39105224609375 0.170623779296875 0.374298095703125
-0.3250732421875 0.486358642578125 0.461181640625 0.135955810546875
-0.1844482421875 0.48956298828125 0.256317138671875 -0.145401000976562
0.09912109375 0.485015869140625 0.102752685546875 -0.142288208007813
0.289306640625 0.38751220703125 0.0146293640136719 -0.0291252136230469
0.28369140625 0.35174560546875 0.0129852294921875 0.051025390625
0.36029052734375 0.2998046875 0.0868911743164063 0.1317138671875
0.268218994140625 0.3106689453125 0.061676025390625 0.131858825683594
0.16937255859375 0.399322509765625 -0.00688934326171873 0.115135192871094
0.051727294921875 0.460723876953125 -0.0524826049804688 0.0791244506835938
-0.319091796875 0.456207275390625 -0.116966247558594 -0.0339508056640625
-0.48272705078125 0.34796142578125 0.0298919677734375 -0.146713256835938
-0.63458251953125 0.154052734375 0.0333404541015625 -0.0712661743164062
-0.781005859375 -0.0652465820312498 0.180496215820312 0.158004760742188
-0.7657470703125 0.09588623046875 -0.0770263671875001 0.254653930664063
-0.65423583984375 0.4495849609375 0.181732177734375 0.333465576171875
-0.2564697265625 0.525115966796875 0.426910400390625 0.026519775390625
-0.1182861328125 0.465301513671875 0.210479736328125 -0.258010864257812
0.10906982421875 0.444366455078125 0.0212249755859375 -0.276992797851563
0.2718505859375 0.375701904296875 -0.11590576171875 -0.151565551757813
0.2767333984375 0.363739013671875 -0.116905212402344 -0.0492706298828125
0.35748291015625 0.325836181640625 -0.0383682250976562 0.0436172485351563
0.2735595703125 0.337158203125 -0.0427818298339844 0.0531044006347656
0.1885986328125 0.443115234375 -0.0890884399414062 0.0758132934570313
0.08056640625 0.54461669921875 -0.11126708984375 0.0522460937500001
-0.36663818359375 0.57861328125 -0.15093994140625 -0.0455932617187499
-0.59521484375 0.4202880859375 -0.0374221801757813 -0.0643501281738281
-0.751708984375 0.12884521484375 -0.171966552734375 -0.01580810546875
-0.708984375 -0.0994873046875001 -0.0390014648437501 0.170425415039063
-0.69110107421875 0.1005859375 -0.153839111328125 0.302581787109375
-0.5113525390625 0.437347412109375 0.180313110351562 0.26239013671875
-0.12249755859375 0.450714111328125 0.3431396484375 -0.07366943359375
-0.03302001953125 0.34375 0.1385498046875 -0.323516845703125
0.100860595703125 0.323486328125 -0.066558837890625 -0.365570068359375
0.216400146484375 0.3028564453125 -0.234756469726563 -0.248641967773437
0.228240966796875 0.31549072265625 -0.232284545898437 -0.141876220703125
0.292449951171875 0.30303955078125 -0.164215087890625 -0.051544189453125
0.2216796875 0.311798095703125 -0.150238037109375 -0.034515380859375
0.156829833984375 0.411834716796875 -0.177734375 0.0202789306640625
0.06756591796875 0.537322998046875 -0.186416625976563 0.00399780273437505
-0.393798828125 0.5931396484375 -0.185134887695313 -0.078399658203125
-0.64178466796875 0.395751953125 -0.112342834472656 0.0137710571289063
-0.75860595703125 0.06201171875 -0.3978271484375 0.03253173828125
-0.545745849609375 -0.10614013671875 -0.202926635742188 0.172439575195312
-0.5220947265625 0.1075439453125 -0.19158935546875 0.31304931640625
-0.299530029296875 0.365509033203125 0.160858154296875 0.180740356445313
0.0126953125 0.303863525390625 0.231231689453125 -0.1326904296875
0.0325469970703125 0.171401977539062 0.064483642578125 -0.326995849609375
0.063812255859375 0.168075561523438 -0.136260986328125 -0.38995361328125
0.127243041992188 0.193115234375 -0.3218994140625 -0.304412841796875
0.14385986328125 0.218475341796875 -0.31536865234375 -0.214996337890625
0.176559448242188 0.226119995117188 -0.26275634765625 -0.14276123046875
0.128158569335937 0.221206665039062 -0.22845458984375 -0.120803833007812
0.099761962890625 0.29461669921875 -0.244964599609375 -0.0431976318359375
0.041534423828125 0.426788330078125 -0.254730224609375 -0.0666351318359375
-0.370269775390625 0.486419677734375 -0.20745849609375 -0.139495849609375
-0.58734130859375 0.27313232421875 -0.181243896484375 0.059814453125
-0.63665771484375 -0.03466796875 -0.60791015625 0.0526733398437499
-0.3243408203125 -0.0951232910156251 -0.29876708984375 0.17279052734375
-0.30963134765625 0.0989379882812499 -0.1961669921875 0.301910400390625
-0.094635009765625 0.250625610351563 0.134025573730469 0.111671447753906
0.102043151855469 0.135955810546875 0.128860473632813 -0.150192260742188
0.0569915771484375 0.00573348999023438 0.00750732421874997 -0.290130615234375
0.00340080261230469 0.0212459564208984 -0.18115234375 -0.36700439453125
0.0184707641601563 0.0726089477539062 -0.365692138671875 -0.317626953125
0.04107666015625 0.0887298583984375 -0.35455322265625 -0.25531005859375
0.0429916381835938 0.0992813110351563 -0.3116455078125 -0.210357666015625
0.0402755737304688 0.0723419189453125 -0.260269165039063 -0.17919921875
0.0654373168945313 0.114433288574219 -0.27764892578125 -0.0904541015624999
0.0489501953125 0.2442626953125 -0.30413818359375 -0.14324951171875
-0.256866455078125 0.310791015625 -0.212158203125 -0.222259521484375
-0.410064697265625 0.105010986328125 -0.226943969726563 0.0600738525390625
-0.395751953125 -0.121124267578125 -0.757080078125 0.0330810546874999
0.0361175537109375 0.149032592773438 0.77801513671875 -0.1171875
0.128128051757813 -0.0214004516601563 0.227706909179688 -0.0727386474609375
0.00178527832031251 -0.107673645019531 0.189056396484375 0.257003784179688
-0.106658935546875 -0.0587921142578125 0.362396240234375 0.19354248046875
-0.10186767578125 0.07672119140625 0.2489013671875 0.087860107421875
0.0315399169921875 0.114402770996094 0.2261962890625 0.151046752929688
0.0988388061523438 0.0636672973632813 0.299224853515625 0.2049560546875
0.0719146728515625 0.0490264892578125 0.31219482421875 0.23565673828125
0.0924758911132813 0.0440750122070313 0.3076171875 0.28546142578125
0.0518798828125 0.0968551635742187 0.19708251953125 0.292877197265625
-0.0272979736328125 0.100486755371094 0.0730133056640625 0.202682495117187
-0.0968170166015625 0.0295257568359375 -0.03173828125 0.113800048828125
-0.0530166625976562 -0.0773391723632813 -0.072998046875 -0.0468597412109375
0.0820083618164063 -0.0218124389648438 0.131179809570313 -0.265594482421875
0.0754241943359375 0.125091552734375 0.314544677734375 -0.164581298828125
-0.27789306640625 0.1531982421875 0.7491455078125 -0.04168701171875
-0.17816162109375 0.07318115234375 0.2010498046875 -0.014892578125
-0.234725952148438 0.10052490234375 0.173736572265625 0.320770263671875
-0.195892333984375 0.1497802734375 0.4041748046875 0.215484619140625
-0.145599365234375 0.259170532226563 0.254959106445312 0.0488433837890625
0.075469970703125 0.283172607421875 0.201034545898438 0.0987548828125
0.204299926757813 0.198211669921875 0.236007690429688 0.167434692382813
0.17498779296875 0.168701171875 0.244064331054688 0.201278686523438
0.208221435546875 0.136886596679688 0.26824951171875 0.247314453125
0.134628295898438 0.17034912109375 0.182159423828125 0.241607666015625
0.0394439697265625 0.201950073242187 0.07305908203125 0.164321899414062
-0.0584716796875 0.170486450195313 -0.00980377197265626 0.100967407226563
-0.16162109375 0.08465576171875 -0.0696754455566407 -0.0300559997558594
-0.119293212890625 0.0850677490234375 0.109786987304687 -0.242904663085937
-0.178070068359375 0.139389038085937 0.281097412109375 -0.147689819335938
-0.54351806640625 0.106292724609375 0.61785888671875 0.0357666015625
-0.471160888671875 0.1160888671875 0.131301879882812 0.069580078125
-0.470672607421875 0.279876708984375 0.170928955078125 0.35614013671875
-0.276275634765625 0.34454345703125 0.440185546875 0.187896728515625
-0.17449951171875 0.408355712890625 0.256805419921875 -0.036376953125
0.09991455078125 0.41265869140625 0.156204223632813 -0.00706481933593747
0.272979736328125 0.30499267578125 0.135238647460938 0.0846405029296875
0.251785278320313 0.267318725585938 0.138961791992188 0.13665771484375
0.30364990234375 0.212310791015625 0.195510864257813 0.192291259765625
0.21429443359375 0.2333984375 0.1397705078125 0.187164306640625
0.116912841796875 0.2945556640625 0.0493316650390625 0.137969970703125
0.00561523437500001 0.31182861328125 -0.0150146484375 0.0907745361328125
-0.233627319335937 0.272491455078125 -0.0855331420898438 -0.0269088745117187
-0.29901123046875 0.22271728515625 0.0733184814453125 -0.2080078125
-0.415740966796875 0.163116455078125 0.186325073242187 -0.11993408203125
-0.71221923828125 0.0331420898437499 0.413055419921875 0.09906005859375
-0.67425537109375 0.1229248046875 0.0337066650390624 0.165008544921875
-0.61431884765625 0.40924072265625 0.17950439453125 0.358856201171875
-0.293731689453125 0.4803466796875 0.451995849609375 0.1107177734375
-0.1580810546875 0.485504150390625 0.239990234375 -0.1500244140625
0.115966796875 0.46453857421875 0.0912933349609375 -0.143310546875
0.29608154296875 0.358978271484375 0.010732650756836 -0.0273303985595703
0.28924560546875 0.328399658203125 0.0137176513671875 0.0527267456054688
0.359649658203125 0.268524169921875 0.0910873413085938 0.124870300292969
0.2685546875 0.284271240234375 0.0634994506835938 0.126480102539063
0.179351806640625 0.37530517578125 -0.00531005859374999 0.112541198730469
0.06988525390625 0.43914794921875 -0.048858642578125 0.0783004760742188
-0.286163330078125 0.45404052734375 -0.113754272460938 -0.0309906005859375
-0.446685791015625 0.354766845703125 0.0253753662109375 -0.1484375
-0.6068115234375 0.176025390625 0.0346298217773437 -0.0699844360351562
-0.7587890625 -0.0325927734375002 0.180374145507812 0.139251708984375
-0.73712158203125 0.12347412109375 -0.064605712890625 0.247802734375
-0.61065673828125 0.466796875 0.188232421875 0.317840576171875
-0.224639892578125 0.513671875 0.414581298828125 0.00704956054687503
-0.096771240234375 0.458587646484375 0.191299438476563 -0.25701904296875
0.120758056640625 0.424407958984375 0.0068511962890625 -0.270965576171875
0.2779541015625 0.34759521484375 -0.121009826660156 -0.140037536621094
0.282135009765625 0.34002685546875 -0.116104125976562 -0.038726806640625
0.35748291015625 0.296112060546875 -0.0343780517578125 0.0442428588867188
0.273681640625 0.311004638671875 -0.0403823852539063 0.0548210144042969
0.199462890625 0.416595458984375 -0.085113525390625 0.0777282714843751
0.100921630859375 0.517730712890625 -0.106582641601563 0.05511474609375
-0.32537841796875 0.5745849609375 -0.147354125976563 -0.0413055419921875
-0.5550537109375 0.42987060546875 -0.0353317260742188 -0.0659446716308593
-0.72430419921875 0.15667724609375 -0.161453247070313 -0.00744628906250001
-0.693603515625 -0.0698852539062499 -0.0321044921875001 0.160614013671875
-0.66595458984375 0.12725830078125 -0.13616943359375 0.298553466796875
-0.47003173828125 0.44635009765625 0.184005737304688 0.248870849609375
-0.096282958984375 0.434722900390625 0.328094482421875 -0.08441162109375
-0.019744873046875 0.33477783203125 0.119354248046875 -0.317474365234375
0.10748291015625 0.3082275390625 -0.081146240234375 -0.3521728515625
0.2215576171875 0.280487060546875 -0.23974609375 -0.227981567382812
0.232879638671875 0.295684814453125 -0.231674194335937 -0.123886108398437
0.293365478515625 0.279296875 -0.161666870117187 -0.0425262451171875
0.22320556640625 0.290496826171875 -0.148345947265625 -0.0265960693359375
0.16815185546875 0.38824462890625 -0.1724853515625 0.0279693603515625
0.088836669921875 0.511688232421875 -0.179779052734375 0.01171875
-0.3502197265625 0.58868408203125 -0.181655883789063 -0.0708160400390625
-0.60186767578125 0.40948486328125 -0.103248596191406 0.0139999389648438
-0.73260498046875 0.09539794921875 -0.37738037109375 0.05096435546875
-0.535003662109375 -0.0814514160156251 -0.191497802734375 0.169937133789063
-0.501708984375 0.1300048828125 -0.171661376953125 0.312103271484375
-0.2677001953125 0.367462158203125 0.162445068359375 0.169937133789063
0.0277099609375 0.28631591796875 0.217529296875 -0.136001586914062
0.0353240966796875 0.164474487304688 0.04827880859375 -0.31805419921875
0.06463623046875 0.160552978515625 -0.15020751953125 -0.3741455078125
0.131210327148438 0.179595947265625 -0.324859619140625 -0.277496337890625
0.146728515625 0.205596923828125 -0.3148193359375 -0.192169189453125
0.1778564453125 0.21075439453125 -0.261566162109375 -0.1259765625
0.130126953125 0.20654296875 -0.22711181640625 -0.108062744140625
0.106613159179688 0.277938842773438 -0.238800048828125 -0.0308837890625
0.059112548828125 0.408203125 -0.248382568359375 -0.0532531738281249
-0.332977294921875 0.48736572265625 -0.205886840820313 -0.12762451171875
-0.554962158203125 0.28729248046875 -0.167709350585938 0.0628814697265626
-0.6199951171875 -0.00396728515624997 -0.57855224609375 0.0794677734375
-0.320068359375 -0.080535888671875 -0.284423828125 0.17462158203125
-0.295928955078125 0.11224365234375 -0.175384521484375 0.303558349609375
-0.0752410888671875 0.246688842773438 0.134872436523438 0.10296630859375
0.106193542480469 0.12109375 0.118972778320313 -0.147674560546875
0.0519981384277344 0.00255203247070313 -0.00389099121093753 -0.28094482421875
0.000892639160156251 0.0226020812988281 -0.191741943359375 -0.348846435546875
0.0205802917480469 0.068756103515625 -0.366119384765625 -0.289215087890625
0.04156494140625 0.0843429565429688 -0.354034423828125 -0.2291259765625
0.0428543090820312 0.0951614379882813 -0.311676025390625 -0.18914794921875
0.0389556884765625 0.0672073364257813 -0.259536743164062 -0.163421630859375
0.0665206909179687 0.10662841796875 -0.270919799804688 -0.0756988525390625
0.059173583984375 0.231826782226563 -0.29962158203125 -0.125152587890625
-0.231414794921875 0.312225341796875 -0.214950561523438 -0.20684814453125
-0.394378662109375 0.11846923828125 -0.21234130859375 0.06671142578125
-0.39007568359375 -0.100555419921875 -0.7254638671875 0.0680541992187499
0.04425048828125 0.14312744140625 0.7515869140625 -0.1282958984375
0.125022888183594 -0.0277786254882813 0.217315673828125 -0.0756988525390625
-0.0012359619140625 -0.106376647949219 0.1893310546875 0.244354248046875
-0.107254028320313 -0.0534133911132813 0.354522705078125 0.1781005859375
-0.097320556640625 0.07958984375 0.240921020507813 0.082000732421875
0.0364913940429688 0.107894897460938 0.221115112304688 0.144363403320313
0.0997085571289063 0.0578842163085938 0.29248046875 0.194854736328125
0.0713119506835938 0.0456466674804688 0.3079833984375 0.22393798828125
0.0917739868164062 0.0378875732421875 0.306732177734375 0.273040771484375
0.05474853515625 0.092010498046875 0.195709228515625 0.282958984375
-0.0228347778320313 0.0986175537109375 0.0702667236328125 0.193405151367187
-0.0940704345703125 0.0313644409179688 -0.0314178466796875 0.110038757324219
-0.05194091796875 -0.0724411010742188 -0.0723037719726562 -0.0464096069335938
0.0811996459960938 -0.0242538452148437 0.122268676757813 -0.264312744140625
0.0785598754882813 0.118049621582031 0.3040771484375 -0.16448974609375
-0.263351440429688 0.151321411132813 0.7269287109375 -0.058349609375
-0.171615600585938 0.0692138671875 0.192352294921875 -0.02069091796875
-0.2265625 0.10089111328125 0.1744384765625 0.3082275390625
-0.189987182617187 0.148178100585938 0.397674560546875 0.197540283203125
-0.136505126953125 0.258758544921875 0.246063232421875 0.043670654296875
0.080474853515625 0.271865844726563 0.195266723632812 0.0927734375
0.203598022460938 0.185791015625 0.230422973632812 0.160995483398437
0.17242431640625 0.160385131835938 0.24029541015625 0.192764282226563
0.203445434570312 0.125442504882813 0.26776123046875 0.236312866210938
0.13385009765625 0.160995483398437 0.180099487304688 0.233123779296875
0.041046142578125 0.194046020507813 0.069793701171875 0.156982421875
-0.05548095703125 0.165191650390625 -0.00936126708984376 0.0968780517578125
-0.153610229492187 0.0853118896484375 -0.067413330078125 -0.0304718017578125
-0.110992431640625 0.0814666748046875 0.1029052734375 -0.243453979492188
-0.16802978515625 0.136611938476563 0.272842407226563 -0.1494140625
-0.525390625 0.110443115234375 0.6004638671875 0.01885986328125
-0.456146240234375 0.115203857421875 0.126861572265625 0.0618362426757813
-0.450775146484375 0.28106689453125 0.171844482421875 0.34576416015625
-0.263092041015625 0.337249755859375 0.4324951171875 0.17236328125
-0.16217041015625 0.403594970703125 0.2476806640625 -0.0388641357421875
0.104461669921875 0.396575927734375 0.150253295898438 -0.00988769531249998
0.2703857421875 0.28680419921875 0.131233215332031 0.0815048217773438
0.248504638671875 0.25433349609375 0.136863708496094 0.133705139160156
0.2969970703125 0.1983642578125 0.195831298828125 0.183990478515625
0.209503173828125 0.219711303710938 0.137542724609375 0.181182861328125
0.1171875 0.2818603515625 0.0467910766601562 0.133583068847656
0.00976562500000003 0.2996826171875 -0.01458740234375 0.0874176025390625
-0.2200927734375 0.2667236328125 -0.0831222534179688 -0.027496337890625
-0.2816162109375 0.21783447265625 0.0683135986328125 -0.2088623046875
-0.399261474609375 0.163238525390625 0.182373046875 -0.120880126953125
-0.69183349609375 0.0409545898437501 0.40283203125 0.084259033203125
-0.65576171875 0.12847900390625 0.0341796875 0.1566162109375
-0.587890625 0.4093017578125 0.17974853515625 0.34832763671875
-0.27740478515625 0.468475341796875 0.442047119140625 0.099761962890625
-0.146820068359375 0.478057861328125 0.228683471679688 -0.149703979492187
0.119476318359375 0.446990966796875 0.0834197998046875 -0.141799926757812
0.293304443359375 0.339080810546875 0.00734519958496095 -0.0244255065917969
0.2862548828125 0.313385009765625 0.0137863159179688 0.054290771484375
0.35125732421875 0.253509521484375 0.09283447265625 0.119903564453125
0.263046264648437 0.268936157226562 0.062042236328125 0.123199462890625
0.178955078125 0.357208251953125 -0.00621032714843748 0.111083984375
0.074493408203125 0.4207763671875 -0.0470352172851562 0.0757064819335938
-0.265472412109375 0.443634033203125 -0.110618591308594 -0.0311737060546875
-0.423980712890625 0.349639892578125 0.0238037109375 -0.150588989257812
-0.58612060546875 0.18084716796875 0.0368385314941406 -0.0700263977050781
-0.74072265625 -0.0217285156250002 0.175827026367187 0.126632690429688
-0.71539306640625 0.1312255859375 -0.0595855712890625 0.23944091796875
-0.58203125 0.46490478515625 0.18646240234375 0.310150146484375
-0.208648681640625 0.49786376953125 0.40289306640625 0.00070190429687503
-0.086517333984375 0.44927978515625 0.17999267578125 -0.252212524414062
0.123443603515625 0.408660888671875 -0.00082397460937502 -0.264968872070313
0.274658203125 0.32928466796875 -0.122482299804688 -0.131538391113281
0.2808837890625 0.324432373046875 -0.113929748535156 -0.031951904296875
0.35137939453125 0.278045654296875 -0.0317192077636719 0.0437049865722656
0.267730712890625 0.294189453125 -0.0399971008300781 0.0551986694335938
0.198760986328125 0.398193359375 -0.083892822265625 0.078155517578125
0.107147216796875 0.49615478515625 -0.102813720703125 0.0542755126953125
-0.301788330078125 0.56170654296875 -0.143783569335938 -0.04107666015625
-0.52716064453125 0.424163818359375 -0.0323257446289063 -0.0694046020507812
-0.70068359375 0.165283203125 -0.151535034179688 -0.00544738769531248
-0.6781005859375 -0.05877685546875 -0.0310974121093751 0.150405883789063
-0.64532470703125 0.136962890625 -0.127838134765625 0.29132080078125
-0.444610595703125 0.443634033203125 0.18218994140625 0.242156982421875
-0.084320068359375 0.417633056640625 0.31732177734375 -0.086517333984375
-0.014251708984375 0.326202392578125 0.1097412109375 -0.308319091796875
0.106903076171875 0.297637939453125 -0.087646484375 -0.343353271484375
0.218612670898437 0.264892578125 -0.238876342773437 -0.214569091796875
0.231689453125 0.2825927734375 -0.227645874023438 -0.112884521484375
0.287261962890625 0.26470947265625 -0.157440185546875 -0.0386199951171875
0.2176513671875 0.27618408203125 -0.145828247070313 -0.0225372314453125
0.168060302734375 0.37139892578125 -0.168304443359375 0.0317840576171875
0.094482421875 0.49212646484375 -0.173995971679687 0.0138702392578126
-0.32720947265625 0.5762939453125 -0.177536010742188 -0.069000244140625
-0.5758056640625 0.40582275390625 -0.0960540771484375 0.010833740234375
-0.712158203125 0.1033935546875 -0.359710693359375 0.0553283691406249
-0.524383544921875 -0.0727539062500001 -0.186065673828125 0.1627197265625
-0.4847412109375 0.135467529296875 -0.16119384765625 0.306427001953125
-0.24737548828125 0.360992431640625 0.160079956054687 0.164260864257813
0.0337371826171875 0.27105712890625 0.208572387695313 -0.13372802734375
0.03533935546875 0.158676147460938 0.04071044921875 -0.30859375
0.0619354248046875 0.155258178710938 -0.154998779296875 -0.361785888671875
0.129348754882813 0.169296264648438 -0.321319580078125 -0.260711669921875
0.14593505859375 0.196578979492187 -0.310028076171875 -0.1766357421875
0.174667358398438 0.201812744140625 -0.257171630859375 -0.11846923828125
0.125457763671875 0.197769165039063 -0.223602294921875 -0.100067138671875
0.106277465820312 0.265777587890625 -0.232528686523438 -0.0251312255859375
0.064788818359375 0.391510009765625 -0.242019653320313 -0.0475921630859375
-0.310211181640625 0.4788818359375 -0.2025146484375 -0.122711181640625
-0.53570556640625 0.28826904296875 -0.156875610351563 0.0612030029296875
-0.60357666015625 0.00732421874999994 -0.55535888671875 0.087799072265625
-0.315460205078125 -0.07415771484375 -0.276046752929688 0.170516967773437
-0.28533935546875 0.117523193359375 -0.163818359375 0.299713134765625
-0.0630950927734375 0.24041748046875 0.132781982421875 0.0986404418945313
0.106277465820313 0.109809875488281 0.112716674804688 -0.143264770507813
0.0472679138183594 0.00131988525390625 -0.0075225830078125 -0.27191162109375
-0.00202369689941406 0.0242996215820313 -0.19091796875 -0.33709716796875
0.0201148986816406 0.0653114318847656 -0.361419677734375 -0.273223876953125
0.0405197143554687 0.0809478759765625 -0.348388671875 -0.21478271484375
0.0410690307617187 0.09283447265625 -0.3084716796875 -0.178253173828125
0.0350379943847656 0.0637016296386719 -0.256195068359375 -0.154983520507812
0.0642852783203125 0.100547790527344 -0.263198852539063 -0.0686798095703126
0.0629730224609375 0.22149658203125 -0.29290771484375 -0.115692138671875
-0.218048095703125 0.308929443359375 -0.212448120117188 -0.1982421875
-0.38336181640625 0.12139892578125 -0.199737548828125 0.0672607421875
-0.3817138671875 -0.090240478515625 -0.69903564453125 0.08013916015625
0.0501556396484375 0.139961242675781 0.744384765625 -0.131103515625
0.124412536621094 -0.0332183837890625 0.212493896484375 -0.0767822265625
-0.00273132324218751 -0.108200073242188 0.189483642578125 0.239898681640625
-0.109413146972656 -0.0515899658203125 0.352783203125 0.1717529296875
-0.0955123901367188 0.0833740234375 0.238143920898437 0.0811004638671875
0.0397415161132813 0.104766845703125 0.219863891601563 0.14501953125
0.101486206054688 0.0539703369140625 0.29119873046875 0.19512939453125
0.072052001953125 0.0441055297851563 0.30670166015625 0.221160888671875
0.0920562744140625 0.0348587036132813 0.308441162109375 0.27178955078125
0.0576095581054688 0.0896148681640625 0.1942138671875 0.28167724609375
-0.0207672119140625 0.0983352661132813 0.0665435791015625 0.190200805664063
-0.0942764282226563 0.032562255859375 -0.0322723388671875 0.107795715332031
-0.0509567260742188 -0.0707778930664063 -0.0719528198242188 -0.047637939453125
0.0824508666992188 -0.0265579223632812 0.120437622070313 -0.267044067382813
0.0802993774414063 0.115890502929688 0.303619384765625 -0.163360595703125
-0.2568359375 0.149063110351563 0.719970703125 -0.06231689453125
-0.170608520507813 0.0638580322265625 0.188491821289063 -0.0235748291015625
-0.225662231445313 0.09930419921875 0.174224853515625 0.306121826171875
-0.190872192382813 0.147476196289063 0.394805908203125 0.19189453125
-0.134201049804688 0.261993408203125 0.243194580078125 0.0436248779296875
0.0830230712890625 0.267074584960938 0.19293212890625 0.0931549072265625
0.203094482421875 0.180648803710938 0.228179931640625 0.16162109375
0.17266845703125 0.157806396484375 0.239242553710938 0.192703247070313
0.201690673828125 0.1202392578125 0.270431518554688 0.2342529296875
0.1326904296875 0.157394409179687 0.178695678710938 0.232772827148437
0.0417633056640625 0.191619873046875 0.0657806396484375 0.155593872070313
-0.0553436279296875 0.162796020507813 -0.0108871459960938 0.0954360961914063
-0.150466918945313 0.0845794677734375 -0.0669174194335938 -0.0327529907226562
-0.106498718261719 0.0771865844726562 0.10101318359375 -0.246734619140625
-0.164398193359375 0.134796142578125 0.272537231445312 -0.149520874023437
-0.518707275390625 0.107086181640625 0.5948486328125 0.01434326171875
-0.454742431640625 0.11053466796875 0.124107360839844 0.0570220947265625
-0.446563720703125 0.27978515625 0.169708251953125 0.346527099609375
-0.2633056640625 0.3321533203125 0.429412841796875 0.166961669921875
-0.1600341796875 0.406402587890625 0.244094848632812 -0.0389862060546875
0.106719970703125 0.39056396484375 0.147018432617188 -0.010955810546875
0.268829345703125 0.280410766601563 0.128616333007813 0.0838623046875
0.2490234375 0.2520751953125 0.136405944824219 0.135307312011719
0.29345703125 0.192626953125 0.197708129882813 0.182403564453125
0.205337524414063 0.215103149414063 0.136260986328125 0.181564331054688
0.11553955078125 0.27667236328125 0.043182373046875 0.133010864257813
0.009552001953125 0.29400634765625 -0.0156402587890625 0.08642578125
-0.215087890625 0.264129638671875 -0.0837249755859375 -0.029449462890625
-0.275848388671875 0.213394165039063 0.0672760009765625 -0.213714599609375
-0.394775390625 0.16229248046875 0.183578491210937 -0.121597290039062
-0.68756103515625 0.0404052734375 0.39697265625 0.0767822265625
-0.6512451171875 0.12530517578125 0.0314788818359375 0.150741577148437
-0.582275390625 0.40948486328125 0.178497314453125 0.350433349609375
-0.27618408203125 0.461273193359375 0.439239501953125 0.095916748046875
-0.14312744140625 0.479217529296875 0.225753784179687 -0.1483154296875
0.120086669921875 0.44189453125 0.0797119140625 -0.142822265625
0.290679931640625 0.3319091796875 0.00481605529785158 -0.0210113525390625
0.284637451171875 0.31024169921875 0.0129661560058594 0.0580673217773438
0.347930908203125 0.247039794921875 0.0939254760742188 0.118644714355469
0.256134033203125 0.264068603515625 0.0606613159179688 0.123855590820313
0.1767578125 0.35235595703125 -0.00816345214843749 0.111579895019531
0.073577880859375 0.412445068359375 -0.0479354858398438 0.07489013671875
-0.258758544921875 0.438446044921875 -0.111488342285156 -0.0344390869140625
-0.41595458984375 0.34246826171875 0.0238494873046875 -0.1558837890625
-0.58221435546875 0.1795654296875 0.040283203125 -0.0714035034179687
-0.7373046875 -0.0230102539062501 0.172119140625 0.119842529296875
-0.712158203125 0.1295166015625 -0.060638427734375 0.234451293945313
-0.57354736328125 0.46527099609375 0.18359375 0.31219482421875
-0.20562744140625 0.48974609375 0.40045166015625 -0.00100708007812497
-0.084442138671875 0.448455810546875 0.176803588867187 -0.249481201171875
0.12139892578125 0.405303955078125 -0.00485229492187496 -0.264572143554688
0.27215576171875 0.32281494140625 -0.124198913574219 -0.127082824707031
0.2791748046875 0.320770263671875 -0.113670349121094 -0.0275650024414063
0.345550537109375 0.273590087890625 -0.0309715270996094 0.0428924560546875
0.260650634765625 0.289947509765625 -0.0414047241210937 0.0556907653808594
0.19537353515625 0.391448974609375 -0.0846405029296875 0.0802383422851563
0.1068115234375 0.4893798828125 -0.102264404296875 0.053436279296875
-0.295257568359375 0.55548095703125 -0.14373779296875 -0.0444488525390624
-0.519622802734375 0.418182373046875 -0.0303955078125 -0.07489013671875
-0.69720458984375 0.16510009765625 -0.146392822265625 -0.00631713867187501
-0.67718505859375 -0.0595703125000001 -0.03375244140625 0.14434814453125
-0.64129638671875 0.1378173828125 -0.12689208984375 0.28729248046875
-0.43670654296875 0.44158935546875 0.17919921875 0.243988037109375
-0.0809326171875 0.408172607421875 0.31439208984375 -0.08526611328125
-0.01373291015625 0.324310302734375 0.106597900390625 -0.30548095703125
0.10302734375 0.295013427734375 -0.09136962890625 -0.341033935546875
0.214828491210938 0.259170532226563 -0.240127563476562 -0.209548950195313
0.229888916015625 0.280654907226562 -0.22662353515625 -0.108200073242187
0.283843994140625 0.26171875 -0.156951904296875 -0.038116455078125
0.21002197265625 0.273040771484375 -0.146133422851563 -0.020965576171875
0.16448974609375 0.3658447265625 -0.167816162109375 0.0335540771484375
0.094970703125 0.484130859375 -0.172988891601562 0.0143280029296875
-0.3204345703125 0.57080078125 -0.177444458007813 -0.0718231201171874
-0.56927490234375 0.40252685546875 -0.0918426513671875 0.00572204589843751
-0.7076416015625 0.1043701171875 -0.353057861328125 0.055084228515625
-0.524078369140625 -0.0728759765624999 -0.187774658203125 0.156890869140625
-0.480804443359375 0.138336181640625 -0.15911865234375 0.30419921875
-0.240234375 0.35906982421875 0.158111572265625 0.165603637695313
0.0352325439453125 0.262298583984375 0.20611572265625 -0.1307373046875
0.03424072265625 0.156906127929688 0.038848876953125 -0.304840087890625
0.0585174560546875 0.154937744140625 -0.1552734375 -0.35919189453125
0.126174926757813 0.16534423828125 -0.321075439453125 -0.255584716796875
0.143692016601562 0.195220947265625 -0.30914306640625 -0.172821044921875
0.171096801757813 0.20050048828125 -0.256729125976563 -0.116607666015625
0.11993408203125 0.195358276367187 -0.22393798828125 -0.0993804931640625
0.103622436523438 0.261474609375 -0.230606079101563 -0.0228729248046875
0.06591796875 0.38580322265625 -0.239273071289063 -0.0465087890625
-0.30523681640625 0.4747314453125 -0.20172119140625 -0.125503540039062
-0.53125 0.286407470703125 -0.150863647460938 0.0568389892578125
-0.6009521484375 0.00592041015625007 -0.546142578125 0.08917236328125
-0.316680908203125 -0.073211669921875 -0.2774658203125 0.1656494140625
-0.282196044921875 0.120330810546875 -0.161041259765625 0.29925537109375
-0.0563812255859375 0.2376708984375 0.13140869140625 0.0984039306640625
0.105934143066406 0.103744506835938 0.111221313476563 -0.139503479003906
0.0444068908691406 0.000965118408203125 -0.00906372070312501 -0.2685546875
-0.00422477722167969 0.026214599609375 -0.19219970703125 -0.33416748046875
0.0189247131347656 0.0634994506835938 -0.35968017578125 -0.26776123046875
0.0387191772460938 0.0802154541015625 -0.3470458984375 -0.20965576171875
0.038726806640625 0.0943832397460938 -0.308319091796875 -0.175750732421875
0.0311241149902344 0.0628433227539063 -0.254684448242187 -0.154037475585938
0.0620574951171875 0.09759521484375 -0.2608642578125 -0.06707763671875
0.063262939453125 0.217208862304688 -0.290557861328125 -0.113311767578125
-0.2135009765625 0.307891845703125 -0.212554931640625 -0.1982421875
-0.38226318359375 0.1220703125 -0.193679809570313 0.06463623046875
-0.379638671875 -0.088714599609375 -0.6888427734375 0.0817871093749999
0.0582962036132812 0.13958740234375 0.751953125 -0.14324951171875
0.125564575195313 -0.0399398803710938 0.21136474609375 -0.0802459716796875
-0.00553131103515625 -0.112693786621094 0.194671630859375 0.24072265625
-0.114273071289063 -0.0502395629882812 0.361328125 0.167022705078125
-0.09454345703125 0.0889205932617188 0.24163818359375 0.080108642578125
0.04449462890625 0.103233337402344 0.2236328125 0.14605712890625
0.105209350585938 0.05084228515625 0.29681396484375 0.19744873046875
0.0755386352539063 0.0439605712890625 0.31463623046875 0.22283935546875
0.0943374633789063 0.0322418212890625 0.320587158203125 0.27294921875
0.061676025390625 0.0890884399414063 0.200469970703125 0.285064697265625
-0.019256591796875 0.101348876953125 0.065338134765625 0.191619873046875
-0.0969772338867188 0.0353012084960937 -0.0335235595703125 0.109153747558594
-0.052490234375 -0.0710067749023438 -0.0736541748046875 -0.0486373901367188
0.084442138671875 -0.030731201171875 0.118377685546875 -0.276824951171875
0.0851287841796875 0.115669250488281 0.30908203125 -0.16845703125
-0.255599975585938 0.15057373046875 0.72869873046875 -0.07354736328125
-0.174224853515625 0.06097412109375 0.187835693359375 -0.0289764404296875
-0.2294921875 0.102020263671875 0.179412841796875 0.311553955078125
-0.196273803710938 0.151641845703125 0.402374267578125 0.188934326171875
-0.132720947265625 0.271820068359375 0.246826171875 0.041351318359375
0.088134765625 0.268310546875 0.195556640625 0.09246826171875
0.20855712890625 0.177215576171875 0.232559204101563 0.165542602539063
0.17822265625 0.158599853515625 0.2447509765625 0.1959228515625
0.205902099609375 0.117721557617187 0.279647827148438 0.23516845703125
0.135116577148438 0.157913208007813 0.183547973632813 0.236618041992188
0.0433349609375 0.19403076171875 0.0642852783203125 0.15753173828125
-0.0564422607421875 0.165374755859375 -0.0113525390625 0.096588134765625
-0.15087890625 0.086212158203125 -0.0694808959960938 -0.0343399047851562
-0.105667114257813 0.075408935546875 0.0985107421875 -0.256805419921875
-0.164642333984375 0.136627197265625 0.278213500976563 -0.155227661132813
-0.525634765625 0.110748291015625 0.60296630859375 0.00317382812500001
-0.46343994140625 0.112548828125 0.123748779296875 0.0530242919921875
-0.4525146484375 0.289581298828125 0.17657470703125 0.35498046875
-0.26776123046875 0.33819580078125 0.438323974609375 0.16400146484375
-0.157745361328125 0.41937255859375 0.246612548828125 -0.04229736328125
0.11181640625 0.394927978515625 0.146530151367188 -0.01422119140625
0.2744140625 0.279067993164062 0.129966735839844 0.0872802734375
0.256515502929687 0.253082275390625 0.139533996582031 0.1400146484375
0.2996826171875 0.190338134765625 0.205322265625 0.18328857421875
0.20782470703125 0.215988159179688 0.139678955078125 0.185028076171875
0.118392944335938 0.278457641601563 0.0416412353515625 0.13568115234375
0.0106201171875 0.295440673828125 -0.016387939453125 0.0868606567382813
-0.214706420898437 0.268951416015625 -0.0870132446289063 -0.0318679809570312
-0.275802612304688 0.214752197265625 0.0652313232421875 -0.223907470703125
-0.400390625 0.1671142578125 0.188278198242187 -0.127151489257812
-0.699951171875 0.0434570312500001 0.40301513671875 0.07025146484375
-0.66314697265625 0.131591796875 0.031280517578125 0.149368286132813
-0.5858154296875 0.42315673828125 0.183380126953125 0.36041259765625
-0.27667236328125 0.46917724609375 0.446258544921875 0.09161376953125
-0.140838623046875 0.491729736328125 0.226303100585937 -0.152877807617187
0.12457275390625 0.447784423828125 0.0764923095703125 -0.1474609375
0.296234130859375 0.330841064453125 0.00322151184082033 -0.0183086395263672
0.293701171875 0.312957763671875 0.0136146545410156 0.0632858276367188
0.353240966796875 0.24456787109375 0.097930908203125 0.118927001953125
0.25787353515625 0.26422119140625 0.0620880126953125 0.126815795898438
0.180419921875 0.353240966796875 -0.00977325439453124 0.115486145019531
0.078521728515625 0.415313720703125 -0.0486831665039063 0.0759429931640625
-0.2587890625 0.445068359375 -0.115829467773438 -0.0370864868164062
-0.4178466796875 0.34967041015625 0.023101806640625 -0.165542602539062
-0.5911865234375 0.1884765625 0.0426864624023437 -0.075225830078125
-0.75299072265625 -0.0183715820312499 0.173370361328125 0.115478515625
-0.7255859375 0.1365966796875 -0.0612640380859376 0.235122680664063
-0.57525634765625 0.4808349609375 0.189422607421875 0.322662353515625
-0.2037353515625 0.495330810546875 0.40728759765625 -0.00442504882812497
-0.08135986328125 0.459625244140625 0.175735473632813 -0.254776000976562
0.124969482421875 0.409637451171875 -0.0103912353515625 -0.2701416015625
0.276092529296875 0.321380615234375 -0.129730224609375 -0.124618530273437
0.287017822265625 0.323028564453125 -0.116531372070313 -0.0228195190429687
0.352264404296875 0.27392578125 -0.031219482421875 0.0435638427734375
0.26263427734375 0.292449951171875 -0.0421562194824218 0.0589332580566407
0.200714111328125 0.392364501953125 -0.0862808227539062 0.0845031738281251
0.11297607421875 0.4927978515625 -0.104499816894531 0.0541458129882813
-0.293701171875 0.5657958984375 -0.149368286132813 -0.0474090576171875
-0.52410888671875 0.42852783203125 -0.0301513671875 -0.0823287963867187
-0.70843505859375 0.173828125 -0.14599609375 -0.0061187744140625
-0.69256591796875 -0.0551147460937498 -0.03668212890625 0.142608642578125
-0.6517333984375 0.1455078125 -0.128662109375 0.291229248046875
-0.433258056640625 0.45404052734375 0.183929443359375 0.2525634765625
-0.07843017578125 0.411468505859375 0.318359375 -0.088165283203125
-0.010345458984375 0.330322265625 0.1043701171875 -0.31005859375
0.104583740234375 0.2979736328125 -0.0986328125 -0.345703125
0.217636108398438 0.259063720703125 -0.247329711914063 -0.207992553710937
0.236663818359375 0.2823486328125 -0.232131958007812 -0.103500366210938
0.289825439453125 0.2630615234375 -0.160903930664063 -0.0369415283203125
0.211029052734375 0.275619506835938 -0.15087890625 -0.0193939208984375
0.167510986328125 0.36822509765625 -0.170303344726563 0.037322998046875
0.101287841796875 0.48748779296875 -0.176361083984375 0.0154571533203125
-0.318603515625 0.5823974609375 -0.183853149414063 -0.0750885009765625
-0.5751953125 0.4114990234375 -0.0909881591796875 0.00107574462890629
-0.72216796875 0.1119384765625 -0.355194091796875 0.058197021484375
-0.538360595703125 -0.069122314453125 -0.1934814453125 0.157684326171875
-0.4884033203125 0.14715576171875 -0.158843994140625 0.310516357421875
-0.234588623046875 0.36602783203125 0.162551879882812 0.170501708984375
0.0387420654296875 0.260055541992187 0.2086181640625 -0.131759643554687
0.03436279296875 0.158554077148438 0.035064697265625 -0.308624267578125
0.05792236328125 0.15814208984375 -0.164581298828125 -0.364166259765625
0.126419067382813 0.165176391601562 -0.33154296875 -0.253692626953125
0.147140502929688 0.197296142578125 -0.31610107421875 -0.16845703125
0.17413330078125 0.203704833984375 -0.263504028320313 -0.115081787109375
0.118911743164063 0.198440551757813 -0.229583740234375 -0.0987091064453125
0.104995727539063 0.262939453125 -0.23370361328125 -0.0190277099609375
0.070953369140625 0.387664794921875 -0.244110107421875 -0.044921875
-0.3043212890625 0.48681640625 -0.20880126953125 -0.128082275390625
-0.5389404296875 0.2969970703125 -0.149658203125 0.0557403564453126
-0.61309814453125 0.0107421874999999 -0.55096435546875 0.095611572265625
-0.32586669921875 -0.07122802734375 -0.284912109375 0.1676025390625
-0.2850341796875 0.1278076171875 -0.159912109375 0.306427001953125
-0.0500946044921875 0.240325927734375 0.135360717773438 0.100395202636719
0.108818054199219 0.0994644165039063 0.111946105957031 -0.140090942382813
0.0432472229003906 7.2479248046875E-05 -0.01141357421875 -0.27178955078125
-0.00609970092773438 0.0284519195556641 -0.200714111328125 -0.33837890625
0.0178260803222656 0.0639762878417969 -0.370758056640625 -0.266326904296875
0.0381927490234375 0.0816574096679688 -0.353363037109375 -0.207000732421875
0.0387344360351562 0.0971832275390625 -0.316741943359375 -0.175689697265625
0.0278968811035156 0.0640869140625 -0.261642456054687 -0.155136108398438
0.06170654296875 0.0964202880859375 -0.26385498046875 -0.06463623046875
0.0672760009765625 0.2178955078125 -0.296844482421875 -0.1112060546875
-0.211944580078125 0.315673828125 -0.220245361328125 -0.201553344726563
-0.39202880859375 0.129058837890625 -0.191665649414063 0.0651397705078126
-0.390167236328125 -0.088226318359375 -0.69622802734375 0.0917968750000002
0.0697860717773437 0.137886047363281 0.76348876953125 -0.17437744140625
0.124626159667969 -0.05023193359375 0.20867919921875 -0.089447021484375
-0.0131759643554688 -0.117683410644531 0.206375122070312 0.239242553710937
-0.123344421386719 -0.0459365844726562 0.373321533203125 0.155731201171875
-0.09295654296875 0.0983123779296875 0.249740600585938 0.0719757080078125
0.0508575439453125 0.101455688476563 0.234359741210938 0.14337158203125
0.110794067382813 0.0445327758789063 0.311676025390625 0.194976806640625
0.0803451538085938 0.0411224365234375 0.33050537109375 0.219146728515625
0.0983047485351562 0.027099609375 0.341644287109375 0.267669677734375
0.0682449340820313 0.0882720947265625 0.21612548828125 0.287445068359375
-0.0157546997070313 0.105735778808594 0.068634033203125 0.19366455078125
-0.0994033813476563 0.0411224365234375 -0.0318527221679688 0.112541198730469
-0.0562667846679687 -0.0712356567382813 -0.0781021118164063 -0.0488967895507813
0.0860671997070313 -0.0374069213867188 0.109130859375 -0.292572021484375
0.0934295654296875 0.115211486816406 0.3133544921875 -0.1837158203125
-0.254196166992188 0.160247802734375 0.7431640625 -0.10321044921875
-0.17889404296875 0.0638427734375 0.186859130859375 -0.0369415283203125
-0.233978271484375 0.112136840820313 0.194976806640625 0.315643310546875
-0.199798583984375 0.161712646484375 0.417327880859375 0.175628662109375
-0.124847412109375 0.287841796875 0.252609252929688 0.032440185546875
0.100753784179687 0.270187377929688 0.2015380859375 0.088134765625
0.21905517578125 0.171676635742188 0.243850708007813 0.16510009765625
0.189743041992188 0.155044555664063 0.25927734375 0.195281982421875
0.21466064453125 0.110702514648438 0.298248291015625 0.23065185546875
0.143035888671875 0.155792236328125 0.196563720703125 0.238479614257813
0.05078125 0.196441650390625 0.0675048828125 0.16021728515625
-0.0540313720703125 0.170761108398438 -0.0096282958984375 0.0976104736328125
-0.1519775390625 0.0921783447265625 -0.0734634399414063 -0.0342636108398437
-0.104507446289062 0.077789306640625 0.089447021484375 -0.27252197265625
-0.163543701171875 0.145767211914063 0.28173828125 -0.16986083984375
-0.533660888671875 0.129119873046875 0.61663818359375 -0.02301025390625
-0.4739990234375 0.126434326171875 0.123603820800781 0.0467147827148438
-0.455230712890625 0.313323974609375 0.19488525390625 0.363800048828125
-0.26654052734375 0.3551025390625 0.45404052734375 0.149932861328125
-0.144378662109375 0.439697265625 0.249313354492188 -0.0525054931640625
0.12884521484375 0.399505615234375 0.147079467773438 -0.0204925537109375
0.288330078125 0.27276611328125 0.136001586914063 0.0881195068359375
0.271713256835938 0.250091552734375 0.149520874023438 0.142364501953125
0.3114013671875 0.181243896484375 0.2183837890625 0.180038452148438
0.216781616210938 0.213592529296875 0.149200439453125 0.186172485351563
0.128204345703125 0.279342651367188 0.04443359375 0.139137268066406
0.0191650390625 0.300811767578125 -0.0147857666015625 0.0884246826171875
-0.210220336914062 0.280136108398438 -0.0924453735351563 -0.0323486328125
-0.273422241210938 0.22540283203125 0.05645751953125 -0.23846435546875
-0.404052734375 0.184112548828125 0.189910888671875 -0.138946533203125
-0.71728515625 0.0670776367187501 0.4127197265625 0.052703857421875
-0.67901611328125 0.1534423828125 0.033050537109375 0.1478271484375
-0.58575439453125 0.4571533203125 0.2017822265625 0.371612548828125
-0.270050048828125 0.488311767578125 0.4622802734375 0.07720947265625
-0.125274658203125 0.5120849609375 0.225418090820313 -0.16522216796875
0.14154052734375 0.452789306640625 0.06939697265625 -0.155319213867187
0.312225341796875 0.327362060546875 0.00182247161865236 -0.0150365829467773
0.311553955078125 0.310028076171875 0.0177879333496094 0.068511962890625
0.3690185546875 0.23699951171875 0.104927062988281 0.117729187011719
0.269760131835938 0.262939453125 0.0676956176757813 0.130233764648438
0.1929931640625 0.3533935546875 -0.00734710693359375 0.120315551757813
0.092987060546875 0.419158935546875 -0.0484085083007812 0.078338623046875
-0.2471923828125 0.464202880859375 -0.123802185058594 -0.0357513427734375
-0.4151611328125 0.36859130859375 0.0151824951171875 -0.177169799804687
-0.6015625 0.21343994140625 0.04266357421875 -0.0805740356445312
-0.7760009765625 0.0048828124999999 0.179244995117187 0.107559204101563
-0.74017333984375 0.16351318359375 -0.0587615966796875 0.239776611328125
-0.57159423828125 0.51422119140625 0.207183837890625 0.33172607421875
-0.19329833984375 0.5111083984375 0.417144775390625 -0.01922607421875
-0.0660400390625 0.474761962890625 0.169235229492187 -0.266372680664062
0.139892578125 0.415008544921875 -0.0240936279296875 -0.27764892578125
0.29095458984375 0.318817138671875 -0.138725280761719 -0.118919372558594
0.305816650390625 0.32183837890625 -0.119110107421875 -0.014312744140625
0.36956787109375 0.26617431640625 -0.0309181213378906 0.0455055236816406
0.273590087890625 0.292144775390625 -0.0425376892089844 0.0634269714355469
0.215728759765625 0.394439697265625 -0.086029052734375 0.0911026000976563
0.131683349609375 0.49761962890625 -0.106559753417969 0.0587005615234375
-0.2801513671875 0.58837890625 -0.159271240234375 -0.0461883544921874
-0.52166748046875 0.454345703125 -0.0348129272460938 -0.089874267578125
-0.72418212890625 0.20269775390625 -0.147674560546875 -0.00332641601562502
-0.71514892578125 -0.0344848632812501 -0.0357666015625 0.143280029296875
-0.66400146484375 0.17120361328125 -0.124359130859375 0.300537109375
-0.42462158203125 0.48291015625 0.199371337890625 0.258529663085938
-0.06561279296875 0.417694091796875 0.323760986328125 -0.099761962890625
0.000885009765624986 0.338165283203125 0.0950927734375 -0.32012939453125
0.114105224609375 0.302703857421875 -0.116912841796875 -0.352325439453125
0.228195190429687 0.256484985351563 -0.262313842773438 -0.199981689453125
0.251251220703125 0.282135009765625 -0.241012573242188 -0.0932769775390625
0.303680419921875 0.2586669921875 -0.167205810546875 -0.031982421875
0.22088623046875 0.276596069335938 -0.156387329101563 -0.0132293701171875
0.180389404296875 0.369659423828125 -0.173110961914063 0.045928955078125
0.121429443359375 0.493743896484375 -0.1805419921875 0.0216674804687501
-0.3046875 0.60858154296875 -0.19537353515625 -0.0731048583984374
-0.5760498046875 0.4410400390625 -0.0919876098632813 -0.00178527832031247
-0.7406005859375 0.13934326171875 -0.359771728515625 0.0726623535156251
-0.557464599609375 -0.0526733398437499 -0.196563720703125 0.164779663085938
-0.49462890625 0.1688232421875 -0.153778076171875 0.321563720703125
-0.222991943359375 0.38226318359375 0.173385620117188 0.172470092773438
0.04901123046875 0.25927734375 0.209747314453125 -0.1400146484375
0.0407867431640625 0.159622192382813 0.025421142578125 -0.314971923828125
0.061431884765625 0.161407470703125 -0.1837158203125 -0.367034912109375
0.131805419921875 0.16387939453125 -0.3480224609375 -0.245391845703125
0.155838012695312 0.197463989257812 -0.329010009765625 -0.15899658203125
0.183578491210938 0.204071044921875 -0.276336669921875 -0.108108520507812
0.12347412109375 0.200225830078125 -0.24029541015625 -0.0928192138671875
0.113052368164063 0.2637939453125 -0.239898681640625 -0.0109100341796875
0.085784912109375 0.394134521484375 -0.252471923828125 -0.036956787109375
-0.293548583984375 0.509857177734375 -0.223037719726562 -0.125885009765625
-0.546295166015625 0.32208251953125 -0.148529052734375 0.0576019287109375
-0.6329345703125 0.0311279296874999 -0.558624267578125 0.117828369140625
-0.339508056640625 -0.0613708496093751 -0.289886474609375 0.179534912109375
-0.2861328125 0.143463134765625 -0.152496337890625 0.319366455078125
-0.037689208984375 0.246719360351563 0.143508911132813 0.099761962890625
0.115371704101563 0.0929489135742188 0.111007690429688 -0.143997192382813
0.0424842834472656 -0.0024871826171875 -0.02130126953125 -0.275924682617188
-0.00709342956542969 0.0319290161132813 -0.217742919921875 -0.340972900390625
0.0181312561035156 0.0644874572753906 -0.3896484375 -0.2574462890625
0.0400772094726563 0.0825576782226563 -0.371185302734375 -0.19720458984375
0.0411453247070313 0.100730895996094 -0.33251953125 -0.166412353515625
0.0271797180175781 0.0656013488769531 -0.274948120117187 -0.150527954101563
0.0639724731445313 0.0950927734375 -0.271743774414063 -0.056793212890625
0.0772857666015625 0.218612670898438 -0.309173583984375 -0.10345458984375
-0.204986572265625 0.332855224609375 -0.236679077148438 -0.201126098632813
-0.398681640625 0.148193359375 -0.18988037109375 0.0706176757812501
-0.406097412109375 -0.07867431640625 -0.70550537109375 0.11834716796875
0.0825347900390625 0.131820678710937 0.76055908203125 -0.22076416015625
0.120109558105469 -0.0629653930664063 0.201385498046875 -0.100509643554687
-0.0247039794921875 -0.1195068359375 0.221435546875 0.23138427734375
-0.131675720214844 -0.0374603271484375 0.38482666015625 0.132781982421875
-0.0864181518554688 0.108695983886719 0.25457763671875 0.0579986572265625
0.0590362548828125 0.0969772338867187 0.243438720703125 0.13232421875
0.115455627441406 0.0352554321289063 0.329010009765625 0.182708740234375
0.08526611328125 0.0353012084960938 0.34747314453125 0.20404052734375
0.101669311523438 0.01837158203125 0.36517333984375 0.25006103515625
0.0760726928710938 0.0845108032226563 0.235794067382813 0.279205322265625
-0.00850677490234375 0.110275268554688 0.0767059326171875 0.192047119140625
-0.10003662109375 0.0491561889648438 -0.027862548828125 0.114784240722656
-0.0613899230957031 -0.0689659118652344 -0.082427978515625 -0.0462493896484375
0.0845489501953125 -0.0452346801757812 0.09027099609375 -0.306488037109375
0.104171752929688 0.110641479492187 0.308807373046875 -0.204315185546875
-0.245513916015625 0.172515869140625 0.74273681640625 -0.1502685546875
-0.18212890625 0.0699005126953125 0.1812744140625 -0.048797607421875
-0.233673095703125 0.126296997070313 0.216766357421875 0.3115234375
-0.197021484375 0.176651000976563 0.431427001953125 0.15216064453125
-0.10748291015625 0.3016357421875 0.254592895507813 0.0167694091796875
0.117782592773438 0.265213012695313 0.206207275390625 0.077362060546875
0.230636596679688 0.158447265625 0.258071899414063 0.15655517578125
0.20208740234375 0.145065307617188 0.275344848632812 0.185195922851563
0.2220458984375 0.0965423583984375 0.31658935546875 0.215911865234375
0.152145385742188 0.149429321289063 0.212921142578125 0.23052978515625
0.0615997314453125 0.19635009765625 0.0735626220703125 0.159469604492188
-0.0476226806640625 0.174819946289063 -0.005828857421875 0.0986251831054688
-0.148284912109375 0.100967407226563 -0.0779953002929688 -0.0318603515625
-0.100677490234375 0.0802383422851563 0.070709228515625 -0.285552978515625
-0.155075073242188 0.15582275390625 0.276626586914063 -0.190048217773438
-0.53204345703125 0.158447265625 0.6199951171875 -0.06146240234375
-0.477569580078125 0.1513671875 0.122413635253906 0.0381240844726563
-0.442535400390625 0.344207763671875 0.22100830078125 0.361175537109375
-0.253265380859375 0.373626708984375 0.4677734375 0.12261962890625
-0.11834716796875 0.456787109375 0.247177124023438 -0.068328857421875
0.151702880859375 0.395751953125 0.143569946289063 -0.029937744140625
0.304779052734375 0.25750732421875 0.143295288085938 0.08477783203125
0.29052734375 0.236968994140625 0.161727905273438 0.13873291015625
0.3243408203125 0.16265869140625 0.232635498046875 0.169174194335938
0.228622436523438 0.204238891601562 0.161941528320313 0.18170166015625
0.143569946289063 0.274612426757812 0.0504074096679687 0.1396484375
0.033905029296875 0.300811767578125 -0.0115203857421875 0.0897903442382813
-0.196624755859375 0.29412841796875 -0.0983963012695313 -0.0279617309570312
-0.262649536132813 0.239898681640625 0.0386962890625 -0.249649047851563
-0.398651123046875 0.210235595703125 0.185195922851562 -0.152725219726563
-0.7236328125 0.1070556640625 0.417816162109375 0.025238037109375
-0.6827392578125 0.1904296875 0.036529541015625 0.144699096679688
-0.56536865234375 0.4974365234375 0.229827880859375 0.370147705078125
-0.248565673828125 0.50738525390625 0.47235107421875 0.051422119140625
-0.093597412109375 0.52801513671875 0.216354370117188 -0.180191040039062
0.168853759765625 0.449188232421875 0.05706787109375 -0.162429809570312
0.330291748046875 0.31195068359375 0.000789642333984395 -0.0118227005004883
0.335235595703125 0.295135498046875 0.0239410400390625 0.0722274780273438
0.386505126953125 0.215057373046875 0.113372802734375 0.11334228515625
0.283721923828125 0.252227783203125 0.0753021240234375 0.129714965820313
0.2130126953125 0.344512939453125 -0.0020904541015625 0.124313354492188
0.115814208984375 0.4163818359375 -0.046234130859375 0.0811920166015625
-0.22454833984375 0.483123779296875 -0.131721496582031 -0.029998779296875
-0.3990478515625 0.39361572265625 0.00163269042968746 -0.185684204101562
-0.59796142578125 0.25048828125 0.0398941040039062 -0.0848922729492187
-0.7857666015625 0.0472412109374999 0.183990478515625 0.0939788818359375
-0.742919921875 0.2066650390625 -0.0499267578125 0.24273681640625
-0.544097900390625 0.5550537109375 0.233856201171875 0.329864501953125
-0.168365478515625 0.5234375 0.422332763671875 -0.042938232421875
-0.036956787109375 0.484954833984375 0.155181884765625 -0.278778076171875
0.163848876953125 0.41217041015625 -0.04473876953125 -0.280929565429688
0.307861328125 0.304901123046875 -0.147293090820312 -0.109420776367188
0.32763671875 0.30828857421875 -0.119667053222656 -0.00359344482421875
0.38671875 0.246826171875 -0.0295562744140625 0.0486946105957031
0.290130615234375 0.28204345703125 -0.0402030944824219 0.0682487487792969
0.237823486328125 0.38531494140625 -0.0824737548828125 0.0996551513671875
0.159271240234375 0.4920654296875 -0.105720520019531 0.064971923828125
-0.2489013671875 0.61083984375 -0.16912841796875 -0.03759765625
-0.50286865234375 0.4866943359375 -0.04205322265625 -0.0946731567382812
-0.723876953125 0.246337890625 -0.147506713867188 0.00462341308593751
-0.72955322265625 0.00561523437499993 -0.031280517578125 0.142684936523437
-0.66229248046875 0.21099853515625 -0.11187744140625 0.308380126953125
-0.396759033203125 0.513214111328125 0.220672607421875 0.255584716796875
-0.042510986328125 0.421630859375 0.323699951171875 -0.118377685546875
0.020965576171875 0.341217041015625 0.0772705078125 -0.32720947265625
0.1298828125 0.300689697265625 -0.14288330078125 -0.350128173828125
0.240371704101563 0.246383666992187 -0.277236938476562 -0.184478759765625
0.26910400390625 0.271621704101563 -0.247238159179687 -0.0770721435546875
0.319915771484375 0.244354248046875 -0.172607421875 -0.0213623046875
0.234283447265625 0.268905639648437 -0.159820556640625 -0.00271606445312496
0.20025634765625 0.3614501953125 -0.171646118164063 0.0585174560546876
0.15106201171875 0.488555908203125 -0.182373046875 0.03155517578125
-0.27166748046875 0.6341552734375 -0.206817626953125 -0.0632476806640625
-0.5587158203125 0.479034423828125 -0.092926025390625 -0.00147247314453123
-0.74456787109375 0.18408203125 -0.355926513671875 0.093353271484375
-0.57147216796875 -0.0208740234375 -0.193435668945313 0.174819946289063
-0.490203857421875 0.199127197265625 -0.138336181640625 0.332489013671875
-0.19842529296875 0.400054931640625 0.188766479492188 0.167098999023438
0.0641632080078125 0.252822875976563 0.205596923828125 -0.1513671875
0.0493621826171875 0.15814208984375 0.00765991210937503 -0.317474365234375
0.0687103271484375 0.160659790039063 -0.210296630859375 -0.36181640625
0.138458251953125 0.15899658203125 -0.368011474609375 -0.22467041015625
0.167877197265625 0.1915283203125 -0.340179443359375 -0.137451171875
0.196456909179687 0.198074340820312 -0.286865234375 -0.0919189453125
0.132675170898438 0.198516845703125 -0.249755859375 -0.0790557861328125
0.126373291015625 0.259384155273438 -0.242095947265625 0.00346374511718753
0.111236572265625 0.39044189453125 -0.258758544921875 -0.0233154296874999
-0.265167236328125 0.533966064453125 -0.23748779296875 -0.115280151367188
-0.535308837890625 0.358856201171875 -0.144866943359375 0.0617828369140625
-0.64239501953125 0.069091796875 -0.55487060546875 0.1513671875
-0.34979248046875 -0.04132080078125 -0.28729248046875 0.196380615234375
-0.279464721679687 0.163238525390625 -0.136627197265625 0.330780029296875
-0.018768310546875 0.249114990234375 0.151763916015625 0.0937042236328125
0.121360778808594 0.0819015502929688 0.105941772460938 -0.14862060546875
0.0413780212402344 -0.00579833984375 -0.036346435546875 -0.274917602539063
-0.00689697265625 0.0338802337646484 -0.24188232421875 -0.33203125
0.0194587707519531 0.0641822814941406 -0.408447265625 -0.235992431640625
0.0431442260742188 0.0828857421875 -0.384674072265625 -0.1751708984375
0.0468597412109375 0.102394104003906 -0.347686767578125 -0.147735595703125
0.0271873474121094 0.066650390625 -0.28717041015625 -0.13665771484375
0.0665512084960938 0.0906219482421875 -0.276397705078125 -0.0416717529296875
0.09197998046875 0.213790893554687 -0.319793701171875 -0.085662841796875
-0.185516357421875 0.35028076171875 -0.2535400390625 -0.189727783203125
-0.399566650390625 0.175750732421875 -0.183883666992188 0.07855224609375
-0.41912841796875 -0.0584716796875 -0.70355224609375 0.161376953125
0.092010498046875 0.120277404785156 0.73089599609375 -0.26324462890625
0.110313415527344 -0.0716094970703125 0.187698364257813 -0.107391357421875
-0.0360260009765625 -0.115913391113281 0.2314453125 0.215667724609375
-0.136085510253906 -0.0254135131835937 0.3834228515625 0.105194091796875
-0.075775146484375 0.115776062011719 0.250457763671875 0.0404205322265625
0.0657196044921875 0.089569091796875 0.245574951171875 0.116439819335938
0.116218566894531 0.0248489379882812 0.335723876953125 0.16156005859375
0.0874862670898438 0.0274887084960938 0.35516357421875 0.179107666015625
0.100753784179688 0.00937652587890625 0.374969482421875 0.22052001953125
0.0815582275390625 0.078155517578125 0.24884033203125 0.261138916015625
-0.0002899169921875 0.111305236816406 0.082305908203125 0.185546875
-0.0972900390625 0.0572586059570312 -0.021697998046875 0.113876342773438
-0.0654869079589844 -0.0641746520996094 -0.0847549438476563 -0.041839599609375
0.0801239013671875 -0.0516510009765625 0.06561279296875 -0.309722900390625
0.112739562988281 0.101806640625 0.292144775390625 -0.21954345703125
-0.229690551757813 0.180679321289062 0.718017578125 -0.1939697265625
-0.179046630859375 0.0760345458984375 0.170120239257813 -0.05780029296875
-0.22314453125 0.139007568359375 0.23443603515625 0.29620361328125
-0.188507080078125 0.18756103515625 0.431915283203125 0.121063232421875
-0.0853271484375 0.307098388671875 0.247833251953125 0.000778198242187519
0.131942749023438 0.251953125 0.202896118164063 0.063690185546875
0.234588623046875 0.139938354492188 0.26519775390625 0.140548706054687
0.208358764648438 0.129013061523437 0.28350830078125 0.16607666015625
0.222869873046875 0.078857421875 0.325927734375 0.191009521484375
0.158584594726563 0.137908935546875 0.22314453125 0.215118408203125
0.07080078125 0.190811157226563 0.0782623291015625 0.15301513671875
-0.0386505126953125 0.1761474609375 -0.00170135498046874 0.0966339111328125
-0.141403198242188 0.106796264648438 -0.0812301635742188 -0.0269927978515625
-0.09368896484375 0.0819091796875 0.04705810546875 -0.288177490234375
-0.140777587890625 0.161575317382813 0.260482788085938 -0.203750610351563
-0.5135498046875 0.1846923828125 0.60137939453125 -0.099609375
-0.4644775390625 0.172882080078125 0.117111206054687 0.0292510986328125
-0.41412353515625 0.36566162109375 0.24334716796875 0.346923828125
-0.2293701171875 0.384918212890625 0.467620849609375 0.091339111328125
-0.086761474609375 0.459075927734375 0.235488891601563 -0.0827484130859375
0.171661376953125 0.37841796875 0.134002685546875 -0.038330078125
0.312896728515625 0.234619140625 0.147293090820313 0.077606201171875
0.298614501953125 0.2139892578125 0.169769287109375 0.128829956054688
0.32635498046875 0.13787841796875 0.239410400390625 0.151702880859375
0.234695434570312 0.188446044921875 0.169647216796875 0.170700073242188
0.1549072265625 0.261703491210938 0.0556106567382813 0.136344909667969
0.048675537109375 0.291839599609375 -0.0078887939453125 0.088897705078125
-0.176727294921875 0.299591064453125 -0.10150146484375 -0.020843505859375
-0.243087768554687 0.247894287109375 0.0184173583984375 -0.251480102539063
-0.378265380859375 0.230712890625 0.172882080078125 -0.162216186523437
-0.70672607421875 0.14532470703125 0.4105224609375 -0.00463867187499999
-0.66326904296875 0.2247314453125 0.0379714965820312 0.137351989746094
-0.52203369140625 0.524688720703125 0.254608154296875 0.355133056640625
-0.215911865234375 0.51214599609375 0.46844482421875 0.019866943359375
-0.05889892578125 0.52587890625 0.1995849609375 -0.189559936523437
0.189971923828125 0.431182861328125 0.0406646728515625 -0.163345336914062
0.3406982421875 0.287017822265625 0.00103092193603518 -0.00919723510742186
0.34674072265625 0.269195556640625 0.0303421020507813 0.0722808837890625
0.38983154296875 0.187530517578125 0.118331909179688 0.10516357421875
0.290435791015625 0.231719970703125 0.0822219848632813 0.124366760253906
0.226654052734375 0.32647705078125 0.00431823730468753 0.123565673828125
0.135955810546875 0.397491455078125 -0.0421066284179687 0.0820541381835938
-0.191375732421875 0.485809326171875 -0.136024475097656 -0.0195465087890625
-0.367156982421875 0.40753173828125 -0.0135345458984375 -0.186965942382813
-0.573974609375 0.2828369140625 0.0350875854492187 -0.0867996215820312
-0.77301025390625 0.09295654296875 0.183151245117187 0.0767822265625
-0.7203369140625 0.24591064453125 -0.040802001953125 0.238616943359375
-0.49591064453125 0.5792236328125 0.25494384765625 0.314117431640625
-0.13470458984375 0.52154541015625 0.414031982421875 -0.06756591796875
-0.006103515625 0.4776611328125 0.134490966796875 -0.281494140625
0.18206787109375 0.39520263671875 -0.0663604736328125 -0.27288818359375
0.317413330078125 0.28302001953125 -0.151504516601562 -0.0956878662109375
0.340118408203125 0.283966064453125 -0.114601135253906 0.00631713867187501
0.392578125 0.218292236328125 -0.0264167785644531 0.0506095886230469
0.298980712890625 0.261199951171875 -0.035491943359375 0.0716781616210938
0.253082275390625 0.363372802734375 -0.075286865234375 0.103904724121094
0.186614990234375 0.468994140625 -0.1011962890625 0.0697250366210938
-0.208740234375 0.615478515625 -0.173583984375 -0.0250244140624999
-0.465911865234375 0.50830078125 -0.0496063232421875 -0.0951156616210937
-0.70062255859375 0.2872314453125 -0.142669677734375 0.013458251953125
-0.71881103515625 0.04998779296875 -0.0259170532226563 0.138587951660156
-0.64056396484375 0.2464599609375 -0.09588623046875 0.306884765625
-0.353515625 0.526519775390625 0.236618041992187 0.240554809570313
-0.017913818359375 0.411346435546875 0.312469482421875 -0.1348876953125
0.04052734375 0.331787109375 0.055999755859375 -0.3238525390625
0.143096923828125 0.28753662109375 -0.165008544921875 -0.333953857421875
0.246978759765625 0.228363037109375 -0.283111572265625 -0.160919189453125
0.2806396484375 0.251876831054688 -0.2449951171875 -0.0583648681640625
0.328033447265625 0.222320556640625 -0.17132568359375 -0.00881958007812499
0.243133544921875 0.253341674804688 -0.157867431640625 0.008331298828125
0.2156982421875 0.34356689453125 -0.164443969726563 0.0691375732421875
0.176727294921875 0.46783447265625 -0.178482055664063 0.0421142578125
-0.228271484375 0.64080810546875 -0.2122802734375 -0.0480041503906249
-0.521636962890625 0.503814697265625 -0.0916595458984375 -0.000320434570312478
-0.7255859375 0.2257080078125 -0.340057373046875 0.11334228515625
-0.56488037109375 0.0148315429687501 -0.182952880859375 0.179779052734375
-0.468994140625 0.22589111328125 -0.119415283203125 0.333251953125
-0.16534423828125 0.401153564453125 0.198211669921875 0.154693603515625
0.0780487060546875 0.2398681640625 0.195526123046875 -0.15966796875
0.056915283203125 0.150543212890625 -0.010589599609375 -0.30938720703125
0.07452392578125 0.1549072265625 -0.229644775390625 -0.341094970703125
0.141754150390625 0.148910522460938 -0.374298095703125 -0.196685791015625
0.174530029296875 0.180526733398438 -0.340667724609375 -0.112274169921875
0.203948974609375 0.18475341796875 -0.287933349609375 -0.070098876953125
0.138397216796875 0.190078735351563 -0.250961303710938 -0.0621490478515625
0.136489868164062 0.246917724609375 -0.235916137695313 0.0185699462890625
0.132904052734375 0.3729248046875 -0.255767822265625 -0.00685119628906252
-0.22735595703125 0.544036865234375 -0.244049072265625 -0.0973358154296875
-0.505584716796875 0.3873291015625 -0.136695861816406 0.0656509399414063
-0.63238525390625 0.10638427734375 -0.5323486328125 0.182647705078125
-0.349365234375 -0.018157958984375 -0.273635864257813 0.206832885742188
-0.26312255859375 0.177413940429687 -0.115753173828125 0.3330078125
0.00077819824218748 0.243087768554688 0.155746459960938 0.08221435546875
0.123725891113281 0.0681076049804688 0.0974273681640625 -0.150238037109375
0.0388259887695313 -0.00961685180664063 -0.0503082275390625 -0.265625
-0.00667572021484375 0.0357704162597656 -0.2584228515625 -0.310943603515625
0.0200424194335937 0.0631790161132813 -0.4156494140625 -0.204132080078125
0.0454635620117188 0.0804367065429688 -0.3870849609375 -0.146392822265625
0.0512847900390625 0.100540161132812 -0.35052490234375 -0.121978759765625
0.0273284912109375 0.0662460327148438 -0.291412353515625 -0.1175537109375
0.0683822631835938 0.08380126953125 -0.272598266601563 -0.0238800048828125
0.104034423828125 0.201507568359375 -0.319488525390625 -0.063140869140625
-0.1580810546875 0.35760498046875 -0.264129638671875 -0.169830322265625
-0.382598876953125 0.19976806640625 -0.172714233398438 0.0848236083984375
-0.418365478515625 -0.0316467285156249 -0.67889404296875 0.2005615234375
0.0955276489257813 0.108551025390625 0.692626953125 -0.28118896484375
0.100494384765625 -0.07550048828125 0.17486572265625 -0.106430053710938
-0.0429763793945313 -0.109489440917969 0.2314453125 0.201385498046875
-0.1370849609375 -0.0148239135742188 0.373077392578125 0.0853271484375
-0.0658111572265625 0.11767578125 0.239349365234375 0.0294647216796875
0.068115234375 0.0814437866210938 0.23883056640625 0.105758666992188
0.112640380859375 0.0163421630859375 0.33355712890625 0.144012451171875
0.0864791870117187 0.0213699340820312 0.351531982421875 0.158843994140625
0.0970611572265625 0.00191497802734375 0.37261962890625 0.19708251953125
0.0845108032226563 0.0717926025390625 0.251739501953125 0.243423461914063
0.0058441162109375 0.109939575195313 0.08367919921875 0.177230834960938
-0.0937347412109375 0.0619277954101562 -0.0189743041992188 0.11102294921875
-0.0673103332519531 -0.0592117309570313 -0.0849533081054688 -0.0381851196289063
0.075439453125 -0.055389404296875 0.0472412109375 -0.3046875
0.1165771484375 0.0919418334960938 0.274017333984375 -0.224334716796875
-0.215072631835938 0.179733276367187 0.68585205078125 -0.2164306640625
-0.1746826171875 0.0782470703125 0.1578369140625 -0.0604400634765625
-0.213958740234375 0.1444091796875 0.239547729492188 0.279693603515625
-0.179580688476563 0.19244384765625 0.420867919921875 0.09942626953125
-0.06805419921875 0.303466796875 0.235946655273437 -0.00856018066406248
0.137405395507812 0.237274169921875 0.194183349609375 0.0556488037109375
0.2315673828125 0.124740600585938 0.262741088867188 0.12689208984375
0.20611572265625 0.114913940429688 0.281890869140625 0.15081787109375
0.2161865234375 0.0651092529296875 0.32373046875 0.17169189453125
0.158645629882813 0.128143310546875 0.22491455078125 0.199951171875
0.0756072998046875 0.183364868164063 0.0779266357421875 0.146865844726563
-0.033599853515625 0.172348022460937 0.000778198242187489 0.0935592651367188
-0.134185791015625 0.108627319335937 -0.0815505981445313 -0.0227508544921875
-0.0872573852539062 0.0789108276367188 0.02911376953125 -0.283416748046875
-0.128372192382813 0.160125732421875 0.244216918945313 -0.207611083984375
-0.49176025390625 0.1932373046875 0.5753173828125 -0.1236572265625
-0.44757080078125 0.18304443359375 0.108421325683594 0.0230712890625
-0.38671875 0.3707275390625 0.253143310546875 0.327606201171875
-0.21136474609375 0.382171630859375 0.455413818359375 0.0687255859375
-0.06414794921875 0.449005126953125 0.221359252929687 -0.08843994140625
0.18023681640625 0.359222412109375 0.12286376953125 -0.0406494140625
0.308837890625 0.215423583984375 0.146591186523438 0.071258544921875
0.2979736328125 0.19512939453125 0.17108154296875 0.119903564453125
0.318328857421875 0.1199951171875 0.238128662109375 0.137283325195313
0.232772827148438 0.174362182617188 0.171295166015625 0.159881591796875
0.157730102539063 0.24761962890625 0.0566253662109375 0.130905151367188
0.0543060302734375 0.278976440429688 -0.00580596923828125 0.0858535766601563
-0.1610107421875 0.2957763671875 -0.102188110351563 -0.0143661499023437
-0.225494384765625 0.244766235351563 0.00286865234374999 -0.246109008789062
-0.356201171875 0.2362060546875 0.16156005859375 -0.163848876953125
-0.67987060546875 0.16461181640625 0.391754150390625 -0.023193359375
-0.638427734375 0.239501953125 0.0353012084960937 0.129806518554688
-0.484222412109375 0.52838134765625 0.265655517578125 0.335693359375
-0.192169189453125 0.502838134765625 0.45361328125 0.00131225585937503
-0.035430908203125 0.510986328125 0.183929443359375 -0.189865112304687
0.199127197265625 0.41156005859375 0.02752685546875 -0.158767700195312
0.33843994140625 0.2652587890625 0.000324249267578146 -0.00651645660400389
0.345428466796875 0.247589111328125 0.0341949462890625 0.0705947875976563
0.381011962890625 0.164703369140625 0.118476867675781 0.097625732421875
0.287109375 0.216156005859375 0.0846481323242188 0.119003295898438
0.2294921875 0.3074951171875 0.00794219970703126 0.121963500976563
0.143829345703125 0.3775634765625 -0.0392913818359375 0.0812606811523438
-0.167755126953125 0.477813720703125 -0.1358642578125 -0.0115890502929687
-0.339691162109375 0.40460205078125 -0.0244293212890625 -0.182907104492188
-0.544921875 0.294677734375 0.0320892333984375 -0.0854263305664063
-0.74676513671875 0.1185302734375 0.175643920898437 0.06365966796875
-0.6925048828125 0.26385498046875 -0.0372161865234376 0.230377197265625
-0.45513916015625 0.576904296875 0.26373291015625 0.29736328125
-0.11199951171875 0.506317138671875 0.3985595703125 -0.082244873046875
0.011627197265625 0.46209716796875 0.1195068359375 -0.275894165039062
0.1893310546875 0.376434326171875 -0.079681396484375 -0.2607421875
0.314208984375 0.261505126953125 -0.1497802734375 -0.0838470458984375
0.3402099609375 0.26214599609375 -0.108551025390625 0.0124359130859375
0.386077880859375 0.197113037109375 -0.0230293273925781 0.05133056640625
0.29510498046875 0.24493408203125 -0.031005859375 0.0723648071289063
0.253997802734375 0.342437744140625 -0.06842041015625 0.105216979980469
0.19464111328125 0.4432373046875 -0.0965652465820312 0.071990966796875
-0.17706298828125 0.6038818359375 -0.172317504882813 -0.014617919921875
-0.43109130859375 0.507965087890625 -0.0538406372070313 -0.0936279296875
-0.66815185546875 0.30523681640625 -0.134292602539063 0.0181427001953125
-0.6962890625 0.0747680664062501 -0.0242767333984375 0.131256103515625
-0.61322021484375 0.26129150390625 -0.08734130859375 0.299591064453125
-0.31640625 0.520965576171875 0.241592407226562 0.224990844726563
-0.00225830078125002 0.393768310546875 0.298583984375 -0.1417236328125
0.052093505859375 0.3173828125 0.0428466796875 -0.313507080078125
0.145614624023437 0.273452758789062 -0.175933837890625 -0.31622314453125
0.243698120117188 0.213424682617188 -0.279891967773438 -0.141616821289063
0.280014038085938 0.234375 -0.236740112304688 -0.0452880859375
0.323883056640625 0.2042236328125 -0.165664672851563 -0.000244140624999994
0.241790771484375 0.238998413085938 -0.152206420898437 0.0152740478515625
0.2177734375 0.3248291015625 -0.155426025390625 0.07452392578125
0.1878662109375 0.441741943359375 -0.171401977539063 0.0480804443359376
-0.194091796875 0.63104248046875 -0.210830688476563 -0.0353088378906249
-0.485565185546875 0.509185791015625 -0.0894241333007813 -0.00139617919921874
-0.69671630859375 0.2464599609375 -0.32159423828125 0.122650146484375
-0.5487060546875 0.0365295410156249 -0.174514770507813 0.17718505859375
-0.446685791015625 0.235260009765625 -0.107330322265625 0.325836181640625
-0.139556884765625 0.39227294921875 0.199493408203125 0.14276123046875
0.0833740234375 0.222915649414063 0.184646606445313 -0.160934448242188
0.05889892578125 0.140823364257813 -0.02008056640625 -0.296844482421875
0.0749053955078125 0.148391723632812 -0.236846923828125 -0.3192138671875
0.140098571777344 0.1400146484375 -0.369476318359375 -0.173065185546875
0.174957275390625 0.169601440429688 -0.33111572265625 -0.0945739746093749
0.203857421875 0.1729736328125 -0.2806396484375 -0.054656982421875
0.137588500976563 0.181671142578125 -0.244781494140625 -0.0499725341796875
0.137985229492188 0.233627319335938 -0.225799560546875 0.027862548828125
0.143218994140625 0.35198974609375 -0.247665405273438 0.00492858886718754
-0.1959228515625 0.5360107421875 -0.242538452148438 -0.0820465087890625
-0.4755859375 0.395538330078125 -0.127906799316406 0.06427001953125
-0.61181640625 0.1273193359375 -0.50360107421875 0.197479248046875
-0.340301513671875 -0.00192260742187492 -0.26092529296875 0.20867919921875
-0.24737548828125 0.182037353515625 -0.1024169921875 0.325775146484375
0.014190673828125 0.230636596679688 0.154388427734375 0.0734710693359375
0.120628356933594 0.0560531616210938 0.0905609130859375 -0.148117065429688
0.0346527099609375 -0.0119533538818359 -0.05633544921875 -0.252822875976563
-0.00641632080078125 0.03668212890625 -0.262664794921875 -0.290313720703125
0.0191688537597656 0.0612373352050781 -0.40924072265625 -0.179534912109375
0.0459060668945313 0.07794189453125 -0.377655029296875 -0.126495361328125
0.0533218383789062 0.0975494384765625 -0.343170166015625 -0.102783203125
0.0256729125976562 0.0650253295898438 -0.2869873046875 -0.1025390625
0.066009521484375 0.077880859375 -0.262222290039063 -0.0135498046875
0.108749389648437 0.187606811523438 -0.31195068359375 -0.04766845703125
-0.1373291015625 0.3529052734375 -0.264419555664063 -0.152572631835938
-0.3651123046875 0.210906982421875 -0.160568237304688 0.0843048095703125
-0.4085693359375 -0.0150451660156251 -0.64208984375 0.2203369140625
0.0947647094726563 0.101089477539063 0.66729736328125 -0.2818603515625
0.09295654296875 -0.0761566162109375 0.167221069335938 -0.1019287109375
-0.0458526611328125 -0.103981018066406 0.228134155273438 0.19476318359375
-0.136665344238281 -0.00727081298828125 0.362335205078125 0.077392578125
-0.059478759765625 0.117713928222656 0.2293701171875 0.0268096923828125
0.0687179565429688 0.0755996704101563 0.230712890625 0.10284423828125
0.110000610351563 0.0112686157226563 0.329315185546875 0.137115478515625
0.0839080810546875 0.0168533325195313 0.343597412109375 0.1510009765625
0.0932083129882813 -0.00209808349609375 0.36529541015625 0.184600830078125
0.0857696533203125 0.0677108764648438 0.24908447265625 0.232879638671875
0.00934600830078125 0.109062194824219 0.0794830322265625 0.172088623046875
-0.09112548828125 0.0651397705078125 -0.0184478759765625 0.108161926269531
-0.0678558349609375 -0.05706787109375 -0.0844345092773438 -0.0367202758789063
0.072540283203125 -0.057891845703125 0.03729248046875 -0.29833984375
0.117210388183594 0.0857009887695313 0.263275146484375 -0.222030639648438
-0.206802368164062 0.174468994140625 0.65924072265625 -0.219970703125
-0.17388916015625 0.0770416259765625 0.149444580078125 -0.0588226318359375
-0.20751953125 0.144119262695312 0.239822387695313 0.270462036132813
-0.175094604492187 0.192733764648438 0.408477783203125 0.08953857421875
-0.059295654296875 0.29791259765625 0.225845336914063 -0.010650634765625
0.136688232421875 0.226730346679688 0.185760498046875 0.055023193359375
0.225845336914063 0.116043090820313 0.258544921875 0.120773315429688
0.20269775390625 0.108230590820313 0.276565551757813 0.142364501953125
0.209823608398438 0.0584716796875 0.31719970703125 0.16131591796875
0.15704345703125 0.122482299804687 0.221832275390625 0.192214965820312
0.0764312744140625 0.178314208984375 0.0751190185546875 0.143341064453125
-0.0331878662109375 0.1697998046875 2.28881835937511E-05 0.09063720703125
-0.129592895507813 0.107246398925781 -0.0810546875 -0.0198745727539063
-0.0842056274414063 0.0734939575195312 0.019134521484375 -0.277206420898438
-0.120269775390625 0.155029296875 0.233856201171875 -0.204833984375
-0.477142333984375 0.19110107421875 0.5537109375 -0.1279296875
-0.437744140625 0.181396484375 0.100212097167969 0.0214080810546875
-0.371246337890625 0.3663330078125 0.254638671875 0.31756591796875
-0.203948974609375 0.37579345703125 0.44354248046875 0.0606689453125
-0.054046630859375 0.439544677734375 0.211578369140625 -0.088775634765625
0.178253173828125 0.345123291015625 0.113594055175781 -0.0387802124023437
0.30181884765625 0.204010009765625 0.143173217773438 0.0679779052734375
0.29364013671875 0.18511962890625 0.169052124023438 0.114151000976563
0.308013916015625 0.1103515625 0.234130859375 0.130661010742188
0.22747802734375 0.167999267578125 0.168991088867188 0.15325927734375
0.155776977539063 0.23980712890625 0.0548171997070313 0.128158569335938
0.053314208984375 0.270217895507813 -0.00538635253906249 0.0835113525390625
-0.152313232421875 0.289642333984375 -0.101493835449219 -0.010009765625
-0.216094970703125 0.236175537109375 -0.00598144531250001 -0.240936279296875
-0.34246826171875 0.2318115234375 0.155471801757812 -0.161422729492187
-0.6602783203125 0.16650390625 0.376251220703125 -0.030914306640625
-0.62127685546875 0.2413330078125 0.0291824340820312 0.125442504882813
-0.46136474609375 0.519256591796875 0.266510009765625 0.324737548828125
-0.182952880859375 0.4906005859375 0.442535400390625 -0.00695800781249997
-0.025726318359375 0.4984130859375 0.174423217773437 -0.18658447265625
0.19671630859375 0.39501953125 0.0190887451171875 -0.152587890625
0.32940673828125 0.2537841796875 0.000360965728759786 -0.00460481643676756
0.339630126953125 0.235504150390625 0.0355300903320313 0.0695037841796875
0.3697509765625 0.153656005859375 0.117889404296875 0.09417724609375
0.28106689453125 0.207778930664063 0.0841064453125 0.115928649902344
0.22381591796875 0.296478271484375 0.00885772705078126 0.119926452636719
0.1409912109375 0.363311767578125 -0.0375137329101563 0.07977294921875
-0.1566162109375 0.466400146484375 -0.134124755859375 -0.00531768798828122
-0.32501220703125 0.39483642578125 -0.030181884765625 -0.18023681640625
-0.527618408203125 0.293243408203125 0.0314865112304687 -0.0834732055664062
-0.72747802734375 0.1221923828125 0.167266845703125 0.0561676025390625
-0.6744384765625 0.26385498046875 -0.0396881103515626 0.224624633789063
-0.43060302734375 0.56646728515625 0.26495361328125 0.2869873046875
-0.10357666015625 0.489532470703125 0.3870849609375 -0.08502197265625
0.0189208984375 0.448455810546875 0.112197875976563 -0.268600463867188
0.1871337890625 0.362640380859375 -0.08502197265625 -0.249954223632812
0.306365966796875 0.25146484375 -0.147018432617188 -0.0772247314453125
0.333709716796875 0.251251220703125 -0.103492736816406 0.0145950317382813
0.375762939453125 0.185394287109375 -0.0210494995117187 0.0517959594726563
0.28759765625 0.235809326171875 -0.028839111328125 0.0721359252929688
0.249542236328125 0.329071044921875 -0.0649566650390625 0.104927062988281
0.193084716796875 0.4261474609375 -0.0932388305664062 0.0716476440429688
-0.16229248046875 0.590576171875 -0.170166015625 -0.00753784179687495
-0.412017822265625 0.49700927734375 -0.0561676025390625 -0.09234619140625
-0.648193359375 0.30401611328125 -0.127830505371094 0.0194320678710938
-0.6778564453125 0.08111572265625 -0.0262222290039063 0.124229431152344
-0.5948486328125 0.262451171875 -0.087005615234375 0.292388916015625
-0.29656982421875 0.508575439453125 0.24163818359375 0.216781616210938
0.00213623046874997 0.3779296875 0.2891845703125 -0.142303466796875
0.05450439453125 0.3062744140625 0.0382080078125 -0.3035888671875
0.142562866210938 0.264907836914063 -0.17803955078125 -0.302337646484375
0.2364501953125 0.206207275390625 -0.273574829101562 -0.131118774414063
0.2755126953125 0.2257080078125 -0.228836059570312 -0.0394287109375
0.31689453125 0.194732666015625 -0.159866333007812 0.00404357910156253
0.235244750976563 0.23260498046875 -0.147109985351562 0.0174560546875
0.2135009765625 0.3131103515625 -0.148956298828125 0.07537841796875
0.1866455078125 0.423858642578125 -0.166046142578125 0.0501556396484376
-0.17950439453125 0.616455078125 -0.206924438476562 -0.0272827148437499
-0.466064453125 0.50067138671875 -0.0873947143554688 -0.00312805175781247
-0.67950439453125 0.24920654296875 -0.3062744140625 0.122955322265625
-0.53485107421875 0.0446777343750001 -0.171142578125 0.172149658203125
-0.43231201171875 0.23480224609375 -0.1051025390625 0.319671630859375
-0.125579833984375 0.37908935546875 0.197738647460938 0.135879516601563
0.083404541015625 0.209945678710938 0.178726196289063 -0.158477783203125
0.0580825805664062 0.134147644042969 -0.0211181640625 -0.286895751953125
0.0720367431640625 0.1455078125 -0.236907958984375 -0.3048095703125
0.134452819824219 0.136970520019531 -0.3597412109375 -0.15911865234375
0.172149658203125 0.164718627929688 -0.321075439453125 -0.08563232421875
0.199737548828125 0.16766357421875 -0.27301025390625 -0.0476226806640625
0.133316040039063 0.177093505859375 -0.238739013671875 -0.0444946289062499
0.133529663085938 0.225799560546875 -0.217620849609375 0.0309295654296875
0.142974853515625 0.33599853515625 -0.240814208984375 0.00880432128906255
-0.18145751953125 0.526397705078125 -0.239013671875 -0.0732421875
-0.457977294921875 0.39361572265625 -0.122116088867188 0.0602188110351563
-0.596435546875 0.1324462890625 -0.481842041015625 0.19775390625
-0.332489013671875 0.00421142578125001 -0.254364013671875 0.204299926757812
-0.23760986328125 0.18072509765625 -0.098907470703125 0.3199462890625
0.01934814453125 0.220382690429687 0.151260375976563 0.068817138671875
0.117019653320313 0.0479049682617188 0.088226318359375 -0.144668579101563
0.0315322875976563 -0.0131587982177734 -0.054962158203125 -0.244430541992187
-0.008026123046875 0.0373725891113281 -0.2584228515625 -0.277359008789063
0.016845703125 0.0611610412597656 -0.399566650390625 -0.164764404296875
0.04473876953125 0.0771560668945313 -0.3670654296875 -0.116943359375
0.0531082153320312 0.0967864990234375 -0.3338623046875 -0.093414306640625
0.0224990844726563 0.0650596618652344 -0.279983520507813 -0.0959014892578125
0.0625839233398438 0.0745468139648438 -0.252761840820313 -0.00970458984375003
0.108261108398438 0.177764892578125 -0.30413818359375 -0.040374755859375
-0.124298095703125 0.3477783203125 -0.259780883789063 -0.141769409179687
-0.351715087890625 0.213775634765625 -0.151397705078125 0.080169677734375
-0.401275634765625 -0.00784301757812495 -0.6168212890625 0.22174072265625
0.094390869140625 0.0979461669921875 0.66107177734375 -0.27874755859375
0.0887527465820313 -0.0768814086914063 0.165298461914063 -0.0978240966796875
-0.0480499267578125 -0.101966857910156 0.227798461914063 0.1951904296875
-0.137916564941406 -0.00109100341796872 0.358551025390625 0.0760498046875
-0.0557174682617187 0.118606567382813 0.22393798828125 0.027557373046875
0.068634033203125 0.0722274780273438 0.227691650390625 0.105316162109375
0.108970642089844 0.00807952880859375 0.327362060546875 0.13458251953125
0.0827102661132813 0.0148468017578125 0.34063720703125 0.14947509765625
0.091339111328125 -0.00411224365234375 0.364044189453125 0.1805419921875
0.088531494140625 0.0656280517578125 0.248489379882813 0.23077392578125
0.0124893188476563 0.110221862792969 0.0751495361328125 0.172225952148438
-0.0911331176757813 0.0682373046875 -0.019683837890625 0.107276916503906
-0.0694122314453125 -0.0560722351074219 -0.0853958129882813 -0.0365982055664063
0.0703659057617188 -0.0613479614257813 0.030609130859375 -0.297088623046875
0.11846923828125 0.082305908203125 0.259445190429688 -0.219863891601563
-0.206253051757813 0.170501708984375 0.65167236328125 -0.2186279296875
-0.1767578125 0.0749969482421875 0.145034790039063 -0.056793212890625
-0.206314086914062 0.143798828125 0.241195678710938 0.269622802734375
-0.176193237304687 0.196395874023438 0.406463623046875 0.08599853515625
-0.055694580078125 0.297332763671875 0.221359252929688 -0.0100250244140625
0.135101318359375 0.223236083984375 0.18096923828125 0.0577239990234375
0.223175048828125 0.113235473632813 0.257781982421875 0.11981201171875
0.201202392578125 0.106307983398438 0.274688720703125 0.142227172851563
0.205886840820313 0.056396484375 0.3160400390625 0.1590576171875
0.15692138671875 0.120864868164063 0.22088623046875 0.191360473632813
0.0767974853515625 0.178115844726563 0.0718231201171875 0.143569946289063
-0.0348358154296875 0.170211791992188 -0.000701904296874998 0.0895767211914063
-0.130020141601563 0.106605529785156 -0.081573486328125 -0.0178604125976562
-0.084228515625 0.068756103515625 0.012420654296875 -0.27606201171875
-0.118698120117188 0.15155029296875 0.231430053710938 -0.204010009765625
-0.47442626953125 0.188079833984375 0.546661376953125 -0.129547119140625
-0.44000244140625 0.179718017578125 0.0940322875976562 0.0221176147460938
-0.36737060546875 0.36309814453125 0.257537841796875 0.315460205078125
-0.20416259765625 0.374755859375 0.440643310546875 0.058319091796875
-0.051727294921875 0.43670654296875 0.207916259765625 -0.0869903564453125
0.17669677734375 0.341552734375 0.108261108398438 -0.0347824096679687
0.298248291015625 0.2022705078125 0.142486572265625 0.068756103515625
0.29046630859375 0.1832275390625 0.168472290039063 0.114120483398438
0.303802490234375 0.10906982421875 0.234024047851563 0.129379272460938
0.225433349609375 0.166351318359375 0.168914794921875 0.1531982421875
0.153594970703125 0.238265991210938 0.052459716796875 0.128997802734375
0.0499114990234375 0.268081665039062 -0.00643157958984374 0.0826187133789063
-0.151580810546875 0.28753662109375 -0.101036071777344 -0.00688171386718749
-0.21429443359375 0.229507446289063 -0.0108642578125 -0.2401123046875
-0.34033203125 0.229461669921875 0.154495239257812 -0.160430908203125
-0.65875244140625 0.16253662109375 0.36962890625 -0.033233642578125
-0.62249755859375 0.2379150390625 0.0227813720703125 0.125045776367188
-0.455780029296875 0.516571044921875 0.270751953125 0.323455810546875
-0.183013916015625 0.487060546875 0.439453125 -0.00802612304687497
-0.023040771484375 0.494873046875 0.172286987304688 -0.184829711914062
0.1939697265625 0.39154052734375 0.0142669677734375 -0.14825439453125
0.3253173828125 0.25262451171875 0.000270366668701192 -0.00303435325622557
0.3382568359375 0.2340087890625 0.0366668701171875 0.0703277587890625
0.36529541015625 0.151763916015625 0.118423461914063 0.0941543579101563
0.27642822265625 0.207809448242188 0.0843429565429688 0.116020202636719
0.220947265625 0.294342041015625 0.00827026367187503 0.120399475097656
0.136627197265625 0.358306884765625 -0.037567138671875 0.0797500610351563
-0.15435791015625 0.46337890625 -0.133811950683594 -0.00123596191406246
-0.321685791015625 0.38983154296875 -0.033843994140625 -0.179336547851563
-0.5247802734375 0.29095458984375 0.0330963134765625 -0.0829544067382812
-0.72357177734375 0.12158203125 0.160842895507812 0.05242919921875
-0.67340087890625 0.26251220703125 -0.0466461181640626 0.22381591796875
-0.425445556640625 0.561065673828125 0.26702880859375 0.2855224609375
-0.103851318359375 0.483734130859375 0.385772705078125 -0.085479736328125
0.019317626953125 0.442535400390625 0.11102294921875 -0.266586303710938
0.1817626953125 0.3603515625 -0.0880584716796875 -0.245498657226563
0.301177978515625 0.25225830078125 -0.145294189453125 -0.074127197265625
0.33245849609375 0.250213623046875 -0.101150512695312 0.0165023803710938
0.371795654296875 0.1856689453125 -0.0190200805664062 0.0528602600097656
0.28277587890625 0.2364501953125 -0.0280990600585937 0.0719833374023438
0.245269775390625 0.327850341796875 -0.0637664794921875 0.105613708496094
0.189178466796875 0.41900634765625 -0.0922622680664062 0.0714187622070313
-0.1602783203125 0.5865478515625 -0.16937255859375 -0.00271606445312493
-0.408905029296875 0.492034912109375 -0.0579986572265625 -0.0946044921875
-0.645751953125 0.30303955078125 -0.123939514160156 0.0192642211914063
-0.6751708984375 0.0814208984375 -0.0309295654296875 0.120582580566406
-0.5947265625 0.2623291015625 -0.09283447265625 0.292144775390625
-0.29010009765625 0.50360107421875 0.243118286132812 0.215499877929688
0.00149536132812501 0.370391845703125 0.289031982421875 -0.14166259765625
0.052947998046875 0.301727294921875 0.0400390625 -0.30078125
0.138595581054688 0.263442993164063 -0.179107666015625 -0.29693603515625
0.231430053710937 0.207015991210937 -0.270584106445313 -0.127609252929687
0.274032592773438 0.224777221679688 -0.22552490234375 -0.0378265380859375
0.3134765625 0.19476318359375 -0.15753173828125 0.00581359863281254
0.230987548828125 0.233428955078125 -0.146331787109375 0.0183258056640625
0.20849609375 0.311676025390625 -0.14617919921875 0.076019287109375
0.183074951171875 0.41790771484375 -0.164703369140625 0.0506134033203125
-0.173095703125 0.61383056640625 -0.206405639648438 -0.0229034423828125
-0.4610595703125 0.49761962890625 -0.0869903564453125 -0.00673675537109374
-0.6759033203125 0.2481689453125 -0.300689697265625 0.120849609375
-0.5335693359375 0.0451660156250001 -0.174591064453125 0.168533325195313
-0.431060791015625 0.234893798828125 -0.108367919921875 0.31903076171875
-0.122039794921875 0.37335205078125 0.197357177734375 0.135147094726563
0.0816192626953125 0.202224731445313 0.177780151367188 -0.157424926757813
0.0565643310546875 0.131706237792969 -0.019012451171875 -0.283935546875
0.0688629150390625 0.145614624023438 -0.235504150390625 -0.30047607421875
0.130088806152344 0.138557434082031 -0.35546875 -0.15570068359375
0.171295166015625 0.164657592773438 -0.316650390625 -0.08380126953125
0.1988525390625 0.168319702148438 -0.26922607421875 -0.04595947265625
0.129837036132813 0.179641723632813 -0.237060546875 -0.0436248779296875
0.130126953125 0.22406005859375 -0.213790893554688 0.030914306640625
0.13970947265625 0.3297119140625 -0.2386474609375 0.010467529296875
-0.17559814453125 0.522552490234375 -0.23797607421875 -0.069305419921875
-0.454010009765625 0.393035888671875 -0.119651794433594 0.0562286376953125
-0.59661865234375 0.1318359375 -0.473175048828125 0.194305419921875
-0.331512451171875 0.00659179687500001 -0.256195068359375 0.201629638671875
-0.23626708984375 0.180389404296875 -0.1002197265625 0.31976318359375
0.0212249755859375 0.215576171875 0.1494140625 0.0685577392578125
0.114418029785156 0.0422821044921875 0.08795166015625 -0.143157958984375
0.0294094085693359 -0.0138111114501953 -0.0526275634765625 -0.241989135742188
-0.00964736938476563 0.0393714904785156 -0.257339477539062 -0.274627685546875
0.0140724182128906 0.0632438659667969 -0.394439697265625 -0.1619873046875
0.0440216064453125 0.0775299072265625 -0.36175537109375 -0.11456298828125
0.0532073974609375 0.0984573364257812 -0.329833984375 -0.0907287597656251
0.0191993713378906 0.0674057006835938 -0.278518676757813 -0.0958099365234375
0.0586624145507813 0.073577880859375 -0.249053955078125 -0.00926208496093747
0.106735229492188 0.172012329101563 -0.3016357421875 -0.03717041015625
-0.119140625 0.346343994140625 -0.258712768554688 -0.13916015625
-0.34869384765625 0.215484619140625 -0.147415161132813 0.0751190185546875
-0.402740478515625 -0.008392333984375 -0.60675048828125 0.21929931640625
0.0975494384765625 0.0968551635742187 0.669189453125 -0.289306640625
0.0866546630859375 -0.0797653198242187 0.167037963867188 -0.0987091064453125
-0.0514373779296875 -0.102256774902344 0.2349853515625 0.197967529296875
-0.140609741210938 0.00534057617187497 0.364105224609375 0.073394775390625
-0.0523834228515625 0.122833251953125 0.225326538085938 0.02777099609375
0.0707626342773438 0.069793701171875 0.2315673828125 0.10906982421875
0.1104736328125 0.003875732421875 0.33502197265625 0.13360595703125
0.0842208862304688 0.0131988525390625 0.34783935546875 0.147796630859375
0.0912551879882813 -0.00695037841796875 0.373016357421875 0.17803955078125
0.093170166015625 0.0632781982421875 0.256088256835938 0.231719970703125
0.0171432495117188 0.113006591796875 0.07513427734375 0.176803588867188
-0.0931167602539063 0.0743942260742188 -0.0197677612304688 0.108818054199219
-0.0726165771484375 -0.0558624267578125 -0.0883941650390625 -0.0360946655273438
0.0690231323242188 -0.0665473937988281 0.022857666015625 -0.303619384765625
0.122756958007813 0.0798721313476563 0.26123046875 -0.226104736328125
-0.20953369140625 0.173263549804687 0.65899658203125 -0.22882080078125
-0.183319091796875 0.0774688720703125 0.144378662109375 -0.0575103759765625
-0.209503173828125 0.148590087890625 0.251571655273438 0.272567749023438
-0.178634643554687 0.2049560546875 0.4154052734375 0.08294677734375
-0.051116943359375 0.3045654296875 0.222213745117187 -0.0104217529296875
0.138809204101563 0.223907470703125 0.182403564453125 0.0613861083984375
0.226577758789062 0.111740112304687 0.263320922851562 0.120223999023437
0.205337524414063 0.104934692382813 0.281494140625 0.1427001953125
0.208267211914063 0.054656982421875 0.32427978515625 0.158294677734375
0.16229248046875 0.120010375976563 0.227096557617188 0.192901611328125
0.0815277099609375 0.181442260742188 0.0714263916015625 0.147354125976563
-0.0355377197265625 0.175399780273438 -0.000602722167968759 0.090576171875
-0.132453918457031 0.1097412109375 -0.0841445922851563 -0.0157470703125
-0.0862808227539063 0.0656814575195313 0.00476074218749999 -0.280960083007813
-0.1181640625 0.152572631835937 0.232879638671875 -0.20880126953125
-0.483489990234375 0.192291259765625 0.551788330078125 -0.137481689453125
-0.450408935546875 0.185882568359375 0.0913467407226562 0.02288818359375
-0.37054443359375 0.371734619140625 0.269775390625 0.31915283203125
-0.20489501953125 0.3857421875 0.450531005859375 0.053497314453125
-0.046112060546875 0.4461669921875 0.208953857421875 -0.0892791748046875
0.179534912109375 0.345458984375 0.106582641601563 -0.0325775146484375
0.303619384765625 0.202972412109375 0.145660400390625 0.0699462890625
0.2977294921875 0.183624267578125 0.173248291015625 0.115615844726563
0.307342529296875 0.10711669921875 0.2403564453125 0.129302978515625
0.230682373046875 0.16778564453125 0.173980712890625 0.15472412109375
0.157424926757813 0.241943359375 0.0532379150390625 0.13262939453125
0.050323486328125 0.272308349609375 -0.0058441162109375 0.0835952758789063
-0.15130615234375 0.29364013671875 -0.103050231933594 -0.00289916992187499
-0.217330932617188 0.229965209960938 -0.01788330078125 -0.244338989257812
-0.345001220703125 0.23443603515625 0.1556396484375 -0.163833618164062
-0.669921875 0.16949462890625 0.37176513671875 -0.039215087890625
-0.6357421875 0.2490234375 0.0175628662109375 0.128448486328125
-0.457366943359375 0.5277099609375 0.282745361328125 0.325836181640625
-0.18218994140625 0.495025634765625 0.4486083984375 -0.01239013671875
-0.019622802734375 0.5032958984375 0.173507690429688 -0.18951416015625
0.19696044921875 0.39642333984375 0.00994873046875003 -0.14764404296875
0.329498291015625 0.25506591796875 -0.000161886215209941 -0.00133502483367918
0.347137451171875 0.23516845703125 0.0391845703125 0.0722808837890625
0.371124267578125 0.1517333984375 0.123268127441406 0.09490966796875
0.281402587890625 0.209808349609375 0.0881118774414063 0.116889953613281
0.225677490234375 0.297515869140625 0.00961303710937503 0.124107360839844
0.1385498046875 0.362091064453125 -0.0369873046875 0.0812606811523438
-0.15203857421875 0.473236083984375 -0.135223388671875 0.00435638427734378
-0.323883056640625 0.393524169921875 -0.039642333984375 -0.183990478515625
-0.531982421875 0.300567626953125 0.0347137451171875 -0.084014892578125
-0.73797607421875 0.12640380859375 0.160629272460937 0.049713134765625
-0.68548583984375 0.273193359375 -0.051513671875 0.229934692382813
-0.42333984375 0.5743408203125 0.27911376953125 0.28839111328125
-0.10211181640625 0.488250732421875 0.39215087890625 -0.090667724609375
0.023773193359375 0.448699951171875 0.111465454101562 -0.271408081054688
0.18536376953125 0.365631103515625 -0.0951385498046875 -0.245864868164062
0.3060302734375 0.25634765625 -0.148666381835937 -0.07232666015625
0.341461181640625 0.251800537109375 -0.10064697265625 0.0193710327148438
0.378997802734375 0.185089111328125 -0.0172958374023437 0.0542945861816406
0.2891845703125 0.240692138671875 -0.0274276733398437 0.0741119384765625
0.24969482421875 0.3316650390625 -0.062103271484375 0.109466552734375
0.191741943359375 0.42333984375 -0.0925979614257812 0.0736846923828125
-0.1533203125 0.59930419921875 -0.171722412109375 0.00347900390625003
-0.410400390625 0.50244140625 -0.0621109008789063 -0.0979232788085937
-0.6572265625 0.31610107421875 -0.123031616210938 0.0195236206054688
-0.68963623046875 0.0879516601562499 -0.034271240234375 0.120407104492188
-0.60491943359375 0.27410888671875 -0.0968017578125001 0.300994873046875
-0.287506103515625 0.511932373046875 0.252059936523438 0.217193603515625
0.00213623046875003 0.37060546875 0.29351806640625 -0.146575927734375
0.05633544921875 0.30389404296875 0.038909912109375 -0.305023193359375
0.139114379882812 0.268875122070313 -0.186126708984375 -0.29803466796875
0.234283447265625 0.211990356445313 -0.275680541992188 -0.125534057617188
0.2823486328125 0.227447509765625 -0.227554321289063 -0.0350341796875
0.321990966796875 0.19671630859375 -0.158035278320312 0.0084228515625
0.234588623046875 0.238662719726563 -0.148208618164062 0.0204925537109375
0.21209716796875 0.315704345703125 -0.145523071289063 0.0787353515625
0.18756103515625 0.420013427734375 -0.1666259765625 0.053802490234375
-0.16680908203125 0.62603759765625 -0.210067749023437 -0.0166473388671874
-0.464111328125 0.50994873046875 -0.0881423950195313 -0.00944519042968748
-0.68994140625 0.26141357421875 -0.301300048828125 0.12506103515625
-0.54449462890625 0.0515136718750001 -0.18023681640625 0.171127319335937
-0.438720703125 0.24542236328125 -0.111175537109375 0.3292236328125
-0.11846923828125 0.37896728515625 0.203125 0.136367797851563
0.082794189453125 0.198944091796875 0.179931640625 -0.161346435546875
0.056365966796875 0.130455017089844 -0.019775390625 -0.288238525390625
0.06927490234375 0.149887084960938 -0.243438720703125 -0.301727294921875
0.130142211914063 0.143280029296875 -0.361419677734375 -0.15283203125
0.175872802734375 0.167373657226563 -0.32049560546875 -0.081390380859375
0.204605102539063 0.1708984375 -0.27215576171875 -0.0420074462890625
0.131256103515625 0.18536376953125 -0.241806030273437 -0.0425262451171875
0.1314697265625 0.227340698242188 -0.214080810546875 0.0336761474609375
0.143157958984375 0.331329345703125 -0.242095947265625 0.0146026611328125
-0.168304443359375 0.5345458984375 -0.241775512695313 -0.0644378662109375
-0.45733642578125 0.405914306640625 -0.119499206542969 0.0542449951171875
-0.61053466796875 0.1409912109375 -0.475982666015625 0.2005615234375
-0.3385009765625 0.01214599609375 -0.2625732421875 0.20623779296875
-0.2392578125 0.18701171875 -0.10101318359375 0.33062744140625
0.0251007080078125 0.215911865234375 0.152252197265625 0.0691680908203125
0.1141357421875 0.0372695922851563 0.0881805419921875 -0.145370483398437
0.0280437469482422 -0.0157909393310547 -0.05340576171875 -0.245513916015625
-0.0104217529296875 0.042572021484375 -0.264129638671875 -0.275604248046875
0.0118865966796875 0.0676918029785156 -0.401947021484375 -0.15924072265625
0.043975830078125 0.0808944702148438 -0.36614990234375 -0.112030029296875
0.0561370849609375 0.101463317871094 -0.335174560546875 -0.0877380371093751
0.0173873901367187 0.0717849731445312 -0.28436279296875 -0.09429931640625
0.057525634765625 0.0747756958007812 -0.250869750976563 -0.00773620605468745
0.10968017578125 0.171401977539063 -0.306549072265625 -0.032867431640625
-0.113525390625 0.353790283203125 -0.264556884765625 -0.13653564453125
-0.3529052734375 0.225189208984375 -0.14605712890625 0.072784423828125
-0.413238525390625 -0.00503540039062494 -0.61151123046875 0.2269287109375
0.104248046875 0.094512939453125 0.67718505859375 -0.3173828125
0.0835418701171875 -0.0853424072265625 0.167648315429688 -0.105606079101563
-0.0580825805664063 -0.10260009765625 0.249114990234375 0.195846557617188
-0.14324951171875 0.0159912109375 0.375946044921875 0.060394287109375
-0.0465621948242187 0.128257751464844 0.229660034179688 0.022430419921875
0.0748748779296875 0.0656814575195312 0.240859985351563 0.108108520507813
0.112571716308594 -0.00331878662109375 0.34649658203125 0.125244140625
0.0861434936523438 0.00966644287109375 0.360015869140625 0.139678955078125
0.0916519165039063 -0.0117568969726563 0.388763427734375 0.168701171875
0.100914001464844 0.0582656860351563 0.270843505859375 0.227127075195312
0.0254440307617188 0.1163330078125 0.0792999267578125 0.179916381835937
-0.0927276611328125 0.0830535888671875 -0.0170974731445313 0.111885070800781
-0.0775680541992188 -0.0542831420898438 -0.092926025390625 -0.0341720581054688
0.0663070678710938 -0.0734024047851563 0.00753784179687502 -0.31121826171875
0.13037109375 0.0753555297851563 0.258438110351563 -0.2384033203125
-0.209182739257813 0.182723999023438 0.66571044921875 -0.25592041015625
-0.189178466796875 0.0851593017578125 0.143447875976563 -0.0622711181640625
-0.210983276367188 0.158523559570312 0.2685546875 0.270919799804688
-0.175765991210938 0.21868896484375 0.429290771484375 0.069580078125
-0.03973388671875 0.314056396484375 0.225189208984375 -0.0178070068359375
0.14788818359375 0.223236083984375 0.187835693359375 0.06097412109375
0.234619140625 0.1055908203125 0.273910522460938 0.114837646484375
0.21405029296875 0.0999298095703125 0.292755126953125 0.137298583984375
0.213150024414063 0.048004150390625 0.339080810546875 0.148468017578125
0.170852661132813 0.1153564453125 0.240142822265625 0.188919067382813
0.0906524658203125 0.18389892578125 0.075531005859375 0.1502685546875
-0.032257080078125 0.183486938476562 0.00204467773437501 0.0916519165039063
-0.1322021484375 0.117607116699219 -0.0860977172851563 -0.0116958618164062
-0.088958740234375 0.0658493041992188 -0.0101318359375 -0.28704833984375
-0.114532470703125 0.158462524414063 0.2308349609375 -0.220748901367187
-0.491851806640625 0.21136474609375 0.557281494140625 -0.15972900390625
-0.45904541015625 0.20648193359375 0.0893173217773437 0.02178955078125
-0.367431640625 0.392181396484375 0.290191650390625 0.316497802734375
-0.197906494140625 0.40106201171875 0.464324951171875 0.03765869140625
-0.030548095703125 0.457061767578125 0.209915161132813 -0.098236083984375
0.19268798828125 0.347625732421875 0.106452941894531 -0.0331573486328125
0.31524658203125 0.198822021484375 0.151153564453125 0.0684356689453125
0.31219482421875 0.177001953125 0.182052612304688 0.114273071289063
0.317138671875 0.09991455078125 0.252670288085938 0.123123168945313
0.241241455078125 0.164093017578125 0.184097290039063 0.151809692382812
0.169296264648438 0.2431640625 0.0585174560546875 0.135459899902344
0.0580596923828125 0.277618408203125 -0.00292968749999999 0.0838623046875
-0.145721435546875 0.305694580078125 -0.104194641113281 0.00337219238281254
-0.217391967773438 0.23846435546875 -0.0316162109375 -0.249176025390625
-0.34375 0.2513427734375 0.155166625976562 -0.172134399414063
-0.68359375 0.1923828125 0.376068115234375 -0.05364990234375
-0.6474609375 0.27789306640625 0.0165939331054687 0.132675170898438
-0.44989013671875 0.5545654296875 0.30517578125 0.32330322265625
-0.17230224609375 0.511566162109375 0.4609375 -0.02899169921875
-0.00256347656249998 0.514404296875 0.171279907226563 -0.200180053710937
0.212493896484375 0.400146484375 0.00361633300781251 -0.147781372070312
0.34344482421875 0.253265380859375 -0.000916957855224588 0.000995397567749039
0.36431884765625 0.22967529296875 0.044403076171875 0.0738906860351563
0.38421630859375 0.14349365234375 0.132095336914063 0.0926513671875
0.294281005859375 0.207733154296875 0.0945281982421875 0.117218017578125
0.239898681640625 0.298126220703125 0.01470947265625 0.127716064453125
0.1507568359375 0.366485595703125 -0.0352325439453125 0.0830612182617188
-0.137237548828125 0.4881591796875 -0.136543273925781 0.0133590698242188
-0.320281982421875 0.40997314453125 -0.0504913330078125 -0.187408447265625
-0.535400390625 0.32550048828125 0.0351486206054687 -0.0875320434570312
-0.7552490234375 0.1524658203125 0.162139892578125 0.0432281494140625
-0.697265625 0.30572509765625 -0.0510101318359376 0.239761352539063
-0.41217041015625 0.60003662109375 0.29864501953125 0.285919189453125
-0.0897521972656251 0.49993896484375 0.4014892578125 -0.108001708984375
0.03839111328125 0.456756591796875 0.105560302734375 -0.28192138671875
0.198028564453125 0.370391845703125 -0.106399536132812 -0.24530029296875
0.317840576171875 0.256866455078125 -0.155075073242187 -0.0670013427734375
0.359130859375 0.24676513671875 -0.101043701171875 0.0242080688476563
0.394317626953125 0.178802490234375 -0.0122871398925781 0.0566329956054688
0.30108642578125 0.240386962890625 -0.0248489379882812 0.0773391723632813
0.26641845703125 0.3330078125 -0.0586318969726562 0.113876342773437
0.206146240234375 0.423431396484375 -0.0915756225585937 0.0777664184570313
-0.134765625 0.61724853515625 -0.173065185546875 0.01409912109375
-0.40557861328125 0.525390625 -0.0685882568359375 -0.100151062011719
-0.6640625 0.34564208984375 -0.122146606445313 0.0236892700195313
-0.7056884765625 0.11212158203125 -0.03564453125 0.122245788574219
-0.612548828125 0.3016357421875 -0.0931396484375 0.314544677734375
-0.275848388671875 0.5318603515625 0.26708984375 0.214523315429688
0.01275634765625 0.37451171875 0.29571533203125 -0.16033935546875
0.066009521484375 0.305877685546875 0.031585693359375 -0.314178466796875
0.148727416992188 0.272964477539063 -0.201263427734375 -0.296356201171875
0.243804931640625 0.214157104492188 -0.285797119140625 -0.1173095703125
0.296661376953125 0.223907470703125 -0.231338500976562 -0.02734375
0.336212158203125 0.1927490234375 -0.158721923828125 0.0146026611328125
0.246932983398438 0.240310668945313 -0.150955200195312 0.0258331298828125
0.22528076171875 0.3184814453125 -0.14404296875 0.08544921875
0.203277587890625 0.420654296875 -0.167144775390625 0.06024169921875
-0.1461181640625 0.647705078125 -0.213104248046875 -0.00556945800781243
-0.459869384765625 0.53680419921875 -0.0915679931640625 -0.0101242065429687
-0.70135498046875 0.2911376953125 -0.30029296875 0.1370849609375
-0.5579833984375 0.072174072265625 -0.18267822265625 0.179580688476562
-0.440765380859375 0.267059326171875 -0.105194091796875 0.34478759765625
-0.105926513671875 0.388092041015625 0.2135009765625 0.133499145507813
0.0888214111328125 0.195480346679688 0.179641723632812 -0.169998168945313
0.059722900390625 0.12872314453125 -0.027740478515625 -0.294189453125
0.07305908203125 0.1539306640625 -0.258758544921875 -0.298309326171875
0.135604858398437 0.1468505859375 -0.374237060546875 -0.14404296875
0.18499755859375 0.166793823242188 -0.327301025390625 -0.0719299316406249
0.215667724609375 0.169586181640625 -0.277114868164062 -0.0333404541015625
0.13848876953125 0.189437866210938 -0.2491455078125 -0.0348663330078125
0.139434814453125 0.229827880859375 -0.215789794921875 0.0408935546875
0.155670166015625 0.330474853515625 -0.246337890625 0.0241241455078126
-0.150054931640625 0.55438232421875 -0.24786376953125 -0.0547332763671874
-0.45458984375 0.431640625 -0.120079040527344 0.0542373657226563
-0.62451171875 0.1666259765625 -0.477569580078125 0.21844482421875
-0.3466796875 0.0252685546875 -0.264633178710938 0.219131469726562
-0.239715576171875 0.202285766601562 -0.092742919921875 0.345367431640625
0.034637451171875 0.217697143554688 0.157928466796875 0.0674285888671875
0.115242004394531 0.0298919677734375 0.0859375 -0.150283813476563
0.0257644653320312 -0.0189533233642578 -0.060455322265625 -0.249359130859375
-0.010498046875 0.0466079711914063 -0.278717041015625 -0.27197265625
0.0118637084960938 0.0728759765625 -0.413818359375 -0.149200439453125
0.0462112426757813 0.0830307006835938 -0.377105712890625 -0.102020263671875
0.0612258911132813 0.103614807128906 -0.343017578125 -0.0782165527343749
0.0182571411132813 0.0766830444335938 -0.29486083984375 -0.087371826171875
0.05828857421875 0.0750503540039063 -0.254364013671875 -0.0004119873046875
0.115737915039063 0.168594360351563 -0.31427001953125 -0.0213317871093751
-0.09893798828125 0.36676025390625 -0.274734497070313 -0.129486083984375
-0.352874755859375 0.24517822265625 -0.144805908203125 0.0738677978515625
-0.427490234375 0.01007080078125 -0.61614990234375 0.24896240234375
0.111778259277344 0.088653564453125 0.6649169921875 -0.35791015625
0.0767745971679688 -0.0912704467773437 0.163070678710938 -0.11431884765625
-0.0662612915039063 -0.100555419921875 0.263397216796875 0.185516357421875
-0.142593383789063 0.02777099609375 0.382080078125 0.03759765625
-0.037506103515625 0.132354736328125 0.230911254882813 0.0116424560546875
0.0783309936523438 0.0590896606445313 0.249984741210938 0.0992279052734375
0.112159729003906 -0.013214111328125 0.35748291015625 0.107513427734375
0.0881118774414063 0.00339508056640625 0.369293212890625 0.1212158203125
0.0912857055664063 -0.017913818359375 0.40093994140625 0.1466064453125
0.106903076171875 0.0493698120117188 0.286773681640625 0.21240234375
0.0352630615234375 0.11578369140625 0.0871429443359375 0.178909301757813
-0.0883636474609375 0.0921859741210938 -0.0121536254882813 0.113433837890625
-0.082794189453125 -0.0496902465820312 -0.09613037109375 -0.02947998046875
0.0604248046875 -0.0809402465820313 -0.015380859375 -0.3134765625
0.138313293457031 0.066131591796875 0.246200561523438 -0.252166748046875
-0.201385498046875 0.194442749023438 0.658203125 -0.29681396484375
-0.189544677734375 0.096343994140625 0.139015197753906 -0.0698623657226563
-0.20635986328125 0.170944213867187 0.2886962890625 0.25830078125
-0.166107177734375 0.232040405273438 0.436614990234375 0.043548583984375
-0.0211181640625 0.31884765625 0.22479248046875 -0.02880859375
0.159912109375 0.215988159179688 0.19342041015625 0.0554046630859375
0.241165161132813 0.092437744140625 0.28240966796875 0.1019287109375
0.22235107421875 0.0887908935546875 0.3028564453125 0.123321533203125
0.21685791015625 0.0364227294921875 0.351226806640625 0.129974365234375
0.179672241210937 0.105484008789063 0.2535400390625 0.17559814453125
0.103439331054688 0.181289672851563 0.0822906494140625 0.148941040039062
-0.0232696533203125 0.188507080078125 0.0064239501953125 0.0909576416015625
-0.127616882324219 0.125114440917969 -0.0863037109375 -0.00642395019531249
-0.089080810546875 0.0669021606445313 -0.030731201171875 -0.287322998046875
-0.105148315429688 0.16339111328125 0.220626831054688 -0.232955932617188
-0.485748291015625 0.23760986328125 0.551177978515625 -0.192596435546875
-0.456207275390625 0.23297119140625 0.0867767333984375 0.0184860229492188
-0.349609375 0.41510009765625 0.313232421875 0.303558349609375
-0.17974853515625 0.41473388671875 0.471771240234375 0.010467529296875
-0.00662231445312501 0.464630126953125 0.205551147460938 -0.110610961914062
0.2120361328125 0.34088134765625 0.105484008789063 -0.0357513427734375
0.3275146484375 0.185333251953125 0.155990600585938 0.062286376953125
0.325897216796875 0.16241455078125 0.191390991210938 0.106613159179688
0.324615478515625 0.0831298828125 0.263626098632813 0.109024047851563
0.252426147460938 0.152374267578125 0.19464111328125 0.143142700195313
0.184402465820313 0.237258911132813 0.0655288696289063 0.134407043457031
0.0705718994140625 0.278564453125 0.00104522705078126 0.0831680297851563
-0.129425048828125 0.31512451171875 -0.101760864257813 0.011962890625
-0.209197998046875 0.247940063476563 -0.049530029296875 -0.24871826171875
-0.3319091796875 0.269317626953125 0.148666381835937 -0.18115234375
-0.6827392578125 0.2294921875 0.372802734375 -0.0772705078125
-0.64154052734375 0.3145751953125 0.0190277099609375 0.135261535644531
-0.42291259765625 0.581298828125 0.32781982421875 0.309326171875
-0.14764404296875 0.523223876953125 0.465484619140625 -0.057098388671875
0.024017333984375 0.518768310546875 0.161819458007813 -0.211318969726562
0.232452392578125 0.395843505859375 -0.00473022460937499 -0.146957397460938
0.359283447265625 0.240570068359375 -0.000530242919921853 0.00305056571960451
0.3798828125 0.2125244140625 0.051025390625 0.07379150390625
0.395355224609375 0.123504638671875 0.14080810546875 0.0853118896484375
0.30694580078125 0.1953125 0.102127075195313 0.113128662109375
0.257965087890625 0.289031982421875 0.0220718383789063 0.128326416015625
0.167510986328125 0.36065673828125 -0.030364990234375 0.0837936401367188
-0.111236572265625 0.500152587890625 -0.132720947265625 0.0239639282226563
-0.304107666015625 0.426055908203125 -0.0643157958984375 -0.18634033203125
-0.5242919921875 0.357177734375 0.0333480834960937 -0.0899658203125
-0.758544921875 0.192138671875 0.161209106445312 0.0331878662109375
-0.69024658203125 0.34820556640625 -0.0432739257812501 0.24755859375
-0.38238525390625 0.626220703125 0.3192138671875 0.2713623046875
-0.06683349609375 0.505645751953125 0.40106201171875 -0.130523681640625
0.062103271484375 0.45648193359375 0.09295654296875 -0.2908935546875
0.216094970703125 0.366485595703125 -0.1209716796875 -0.240524291992188
0.333465576171875 0.247100830078125 -0.15985107421875 -0.056976318359375
0.37591552734375 0.229888916015625 -0.097625732421875 0.0311508178710938
0.407470703125 0.15936279296875 -0.00696563720703123 0.0573844909667969
0.31744384765625 0.228973388671875 -0.0204544067382812 0.0796966552734375
0.284881591796875 0.323760986328125 -0.0509414672851562 0.117523193359375
0.2274169921875 0.415191650390625 -0.0870819091796875 0.0821685791015625
-0.10003662109375 0.62957763671875 -0.169967651367188 0.0265808105468751
-0.38128662109375 0.54913330078125 -0.0767898559570313 -0.098907470703125
-0.65399169921875 0.38726806640625 -0.118522644042969 0.0291976928710938
-0.70916748046875 0.15093994140625 -0.033447265625 0.123085021972656
-0.60369873046875 0.34100341796875 -0.08074951171875 0.32623291015625
-0.24603271484375 0.549285888671875 0.282958984375 0.202545166015625
0.03155517578125 0.3729248046875 0.292388916015625 -0.17724609375
0.08050537109375 0.30322265625 0.0169677734375 -0.319488525390625
0.162353515625 0.270538330078125 -0.218902587890625 -0.287689208984375
0.255767822265625 0.209381103515625 -0.294525146484375 -0.101104736328125
0.311676025390625 0.211181640625 -0.231964111328125 -0.0143890380859375
0.3494873046875 0.177001953125 -0.155838012695312 0.023162841796875
0.261077880859375 0.2332763671875 -0.151168823242188 0.0351409912109375
0.242279052734375 0.31085205078125 -0.138809204101562 0.0924835205078125
0.223480224609375 0.4132080078125 -0.16424560546875 0.069488525390625
-0.1083984375 0.6593017578125 -0.211685180664063 0.00886535644531255
-0.43450927734375 0.5660400390625 -0.0936050415039063 -0.00906372070312498
-0.69476318359375 0.33551025390625 -0.292388916015625 0.15203857421875
-0.56121826171875 0.10296630859375 -0.178253173828125 0.189193725585938
-0.431365966796875 0.29803466796875 -0.087982177734375 0.35760498046875
-0.083892822265625 0.394927978515625 0.22406005859375 0.124298095703125
0.0966033935546875 0.18719482421875 0.173233032226563 -0.179672241210938
0.0639801025390625 0.124618530273438 -0.041259765625 -0.295318603515625
0.0802764892578125 0.154006958007813 -0.276458740234375 -0.2867431640625
0.142807006835938 0.147842407226563 -0.383697509765625 -0.12451171875
0.194839477539063 0.160842895507813 -0.331298828125 -0.0548706054687499
0.227142333984375 0.160934448242188 -0.278030395507813 -0.0188140869140625
0.148712158203125 0.187911987304688 -0.253570556640625 -0.0212249755859375
0.150741577148437 0.226058959960937 -0.213241577148438 0.0509796142578125
0.172637939453125 0.323883056640625 -0.245468139648437 0.0382537841796876
-0.117431640625 0.56573486328125 -0.250686645507813 -0.039276123046875
-0.43536376953125 0.459930419921875 -0.117424011230469 0.0562744140625
-0.626708984375 0.20465087890625 -0.4674072265625 0.244415283203125
-0.35015869140625 0.0457763671875001 -0.259109497070313 0.23480224609375
-0.231002807617188 0.220306396484375 -0.073516845703125 0.357208251953125
0.0485687255859375 0.21636962890625 0.163360595703125 0.0606842041015625
0.114051818847656 0.0198822021484375 0.0794525146484375 -0.154098510742187
0.0218906402587891 -0.0222225189208984 -0.0711822509765625 -0.248184204101563
-0.00830459594726563 0.0503120422363281 -0.295501708984375 -0.258758544921875
0.0143585205078125 0.078521728515625 -0.424652099609375 -0.1260986328125
0.05010986328125 0.0835342407226563 -0.38189697265625 -0.0843505859375001
0.067474365234375 0.102729797363281 -0.3468017578125 -0.060211181640625
0.0214462280273438 0.07965087890625 -0.302459716796875 -0.072509765625
0.0607070922851562 0.0734405517578125 -0.254837036132813 0.011627197265625
0.124008178710937 0.161514282226563 -0.316558837890625 -0.00253295898437503
-0.074859619140625 0.3740234375 -0.281890869140625 -0.1148681640625
-0.3419189453125 0.26690673828125 -0.140205383300781 0.0764694213867188
-0.435302734375 0.033599853515625 -0.60406494140625 0.2823486328125
0.117240905761719 0.0798873901367188 0.635498046875 -0.3917236328125
0.0685043334960938 -0.094024658203125 0.153610229492188 -0.119857788085938
-0.0727157592773438 -0.09527587890625 0.270736694335938 0.169891357421875
-0.136817932128906 0.0382461547851563 0.378173828125 0.0145263671875
-0.0273895263671875 0.132484436035156 0.226669311523438 -0.000198364257812492
0.0788955688476563 0.0512161254882812 0.253524780273438 0.0871734619140625
0.108436584472656 -0.0226287841796875 0.3582763671875 0.08746337890625
0.0877914428710938 -0.002899169921875 0.370147705078125 0.10040283203125
0.0883102416992188 -0.02435302734375 0.402801513671875 0.121185302734375
0.10992431640625 0.0385360717773437 0.293731689453125 0.192108154296875
0.0442886352539063 0.11163330078125 0.0927581787109375 0.173507690429687
-0.0804595947265625 0.0986251831054688 -0.00624847412109377 0.110885620117188
-0.0848464965820313 -0.0440521240234375 -0.0961380004882813 -0.0236129760742187
0.0518341064453125 -0.0855636596679688 -0.036590576171875 -0.305816650390625
0.141983032226563 0.0546875 0.22857666015625 -0.258438110351563
-0.188018798828125 0.200653076171875 0.6309814453125 -0.3275146484375
-0.183944702148438 0.10516357421875 0.130081176757813 -0.0745849609375
-0.19622802734375 0.178939819335938 0.30035400390625 0.23931884765625
-0.151168823242188 0.239059448242188 0.43353271484375 0.0172119140625
-0.00238037109374999 0.315704345703125 0.218292236328125 -0.039520263671875
0.168014526367188 0.203872680664063 0.19427490234375 0.0464324951171875
0.242584228515625 0.077606201171875 0.284271240234375 0.086669921875
0.224472045898438 0.0742340087890625 0.305450439453125 0.10626220703125
0.21514892578125 0.0235443115234375 0.353424072265625 0.106964111328125
0.183670043945313 0.0917205810546875 0.25921630859375 0.158187866210938
0.113601684570313 0.172592163085938 0.0872955322265625 0.14410400390625
-0.0134429931640625 0.189682006835937 0.0109481811523438 0.0875167846679688
-0.118675231933594 0.129890441894531 -0.0825958251953125 -0.000907897949218725
-0.0879287719726563 0.0672378540039062 -0.0508270263671875 -0.278778076171875
-0.0929718017578125 0.163711547851563 0.205520629882812 -0.239471435546875
-0.467620849609375 0.259613037109375 0.53057861328125 -0.221099853515625
-0.4404296875 0.254486083984375 0.0818328857421875 0.0152511596679688
-0.323974609375 0.427490234375 0.32598876953125 0.2823486328125
-0.157073974609375 0.418792724609375 0.4656982421875 -0.017181396484375
0.018951416015625 0.4571533203125 0.195388793945313 -0.119903564453125
0.224334716796875 0.325592041015625 0.102264404296875 -0.0393447875976562
0.3330078125 0.167083740234375 0.156784057617188 0.0557403564453125
0.330963134765625 0.142425537109375 0.195724487304688 0.095855712890625
0.32403564453125 0.0645751953125 0.26702880859375 0.0918121337890625
0.25653076171875 0.136245727539063 0.19989013671875 0.12939453125
0.195449829101562 0.224884033203125 0.0702972412109375 0.129653930664063
0.082672119140625 0.272079467773438 0.00525665283203126 0.0801239013671875
-0.110321044921875 0.316497802734375 -0.0956878662109375 0.0181884765625
-0.196075439453125 0.251235961914063 -0.0653533935546875 -0.239639282226563
-0.31182861328125 0.281524658203125 0.138519287109375 -0.184829711914062
-0.66412353515625 0.26202392578125 0.358489990234375 -0.096099853515625
-0.61749267578125 0.34588623046875 0.0208282470703125 0.134124755859375
-0.38604736328125 0.595947265625 0.3409423828125 0.28619384765625
-0.12164306640625 0.5216064453125 0.4578857421875 -0.08331298828125
0.0511474609375 0.509796142578125 0.148544311523438 -0.217086791992187
0.248260498046875 0.3792724609375 -0.0128326416015625 -0.142990112304687
0.36663818359375 0.221466064453125 -0.000470638275146462 0.00579166412353517
0.387786865234375 0.189117431640625 0.0562973022460938 0.0701217651367188
0.395599365234375 0.102264404296875 0.145767211914063 0.0746002197265625
0.31292724609375 0.177490234375 0.107444763183594 0.106056213378906
0.269546508789063 0.272140502929688 0.0281753540039063 0.124641418457031
0.179962158203125 0.346649169921875 -0.025360107421875 0.0819015502929688
-0.081451416015625 0.497283935546875 -0.124916076660156 0.0323028564453125
-0.280029296875 0.432373046875 -0.07537841796875 -0.1793212890625
-0.495758056640625 0.377899169921875 0.0310211181640625 -0.090576171875
-0.74005126953125 0.229248046875 0.155807495117187 0.0220794677734375
-0.662841796875 0.3819580078125 -0.03399658203125 0.24932861328125
-0.34259033203125 0.634521484375 0.33148193359375 0.250946044921875
-0.0419921875 0.497802734375 0.390472412109375 -0.151702880859375
0.082977294921875 0.445892333984375 0.0760498046875 -0.29302978515625
0.23016357421875 0.351531982421875 -0.132843017578125 -0.2303466796875
0.34320068359375 0.231201171875 -0.160491943359375 -0.044769287109375
0.385345458984375 0.206878662109375 -0.0924453735351562 0.0355453491210938
0.409576416015625 0.13653564453125 -0.000606536865234346 0.0548019409179688
0.3231201171875 0.21014404296875 -0.0155029296875 0.0797958374023438
0.29681396484375 0.3048095703125 -0.0437240600585937 0.117820739746094
0.24267578125 0.3978271484375 -0.0814361572265625 0.0837173461914063
-0.06121826171875 0.62384033203125 -0.16107177734375 0.0373992919921876
-0.349151611328125 0.559173583984375 -0.0824661254882813 -0.0949249267578125
-0.62432861328125 0.41595458984375 -0.111518859863281 0.0337371826171875
-0.6943359375 0.18731689453125 -0.0305404663085938 0.121429443359375
-0.57763671875 0.3702392578125 -0.0649108886718751 0.328582763671875
-0.21258544921875 0.552032470703125 0.291534423828125 0.18548583984375
0.04644775390625 0.360565185546875 0.28033447265625 -0.189773559570312
0.09197998046875 0.291656494140625 0.00140380859374999 -0.316619873046875
0.17193603515625 0.26080322265625 -0.2314453125 -0.271881103515625
0.2637939453125 0.199188232421875 -0.294647216796875 -0.082000732421875
0.318634033203125 0.194488525390625 -0.226181030273438 -0.00236511230468749
0.353912353515625 0.1563720703125 -0.149337768554687 0.029083251953125
0.269241333007813 0.219635009765625 -0.146774291992187 0.04302978515625
0.255218505859375 0.29486083984375 -0.13055419921875 0.0970458984375
0.237030029296875 0.392669677734375 -0.156814575195312 0.0756072998046876
-0.0690917968749999 0.6539306640625 -0.203216552734375 0.02154541015625
-0.39874267578125 0.57952880859375 -0.09320068359375 -0.00687408447265622
-0.669677734375 0.3682861328125 -0.276107788085938 0.163375854492188
-0.55029296875 0.1337890625 -0.16925048828125 0.19390869140625
-0.40948486328125 0.320159912109375 -0.068572998046875 0.3603515625
-0.058441162109375 0.392181396484375 0.228439331054688 0.111785888671875
0.101028442382813 0.175262451171875 0.163070678710938 -0.184616088867188
0.0659561157226563 0.117271423339844 -0.054168701171875 -0.289947509765625
0.0865478515625 0.1502685546875 -0.287261962890625 -0.269134521484375
0.149002075195313 0.144256591796875 -0.384429931640625 -0.10003662109375
0.200454711914063 0.150604248046875 -0.32568359375 -0.037445068359375
0.232986450195312 0.147613525390625 -0.27099609375 -0.00556945800781253
0.155563354492188 0.180892944335938 -0.250717163085938 -0.00688171386718754
0.158218383789063 0.216598510742188 -0.205841064453125 0.0597991943359375
0.183441162109375 0.30859375 -0.23785400390625 0.050628662109375
-0.0806579589843751 0.56170654296875 -0.24578857421875 -0.0243988037109374
-0.4036865234375 0.47772216796875 -0.112258911132813 0.0570526123046875
-0.6085205078125 0.2364501953125 -0.443511962890625 0.26275634765625
-0.3431396484375 0.0658874511718751 -0.245208740234375 0.243057250976563
-0.214614868164063 0.232818603515625 -0.051483154296875 0.35931396484375
0.0623779296875 0.208328247070313 0.164764404296875 0.0524139404296875
0.10980224609375 0.0106048583984375 0.0714111328125 -0.154067993164063
0.0174770355224609 -0.0239963531494141 -0.08099365234375 -0.241714477539063
-0.00524139404296875 0.0520591735839844 -0.303802490234375 -0.240081787109375
0.0189590454101563 0.0825119018554687 -0.424072265625 -0.102630615234375
0.0526809692382813 0.0831069946289062 -0.377593994140625 -0.064208984375
0.0721817016601563 0.0984573364257813 -0.34112548828125 -0.0421447753906251
0.0242996215820313 0.0807037353515625 -0.30108642578125 -0.055023193359375
0.0612983703613281 0.0698013305664063 -0.249008178710937 0.022552490234375
0.128402709960938 0.15032958984375 -0.310272216796875 0.015594482421875
-0.04962158203125 0.371185302734375 -0.282257080078125 -0.097412109375
-0.32177734375 0.283782958984375 -0.13311767578125 0.07708740234375
-0.4310302734375 0.0590209960937499 -0.57720947265625 0.30780029296875
0.119674682617187 0.0711746215820313 0.60235595703125 -0.40380859375
0.061676025390625 -0.0941619873046875 0.144241333007813 -0.121368408203125
-0.0768890380859375 -0.08984375 0.271209716796875 0.156845092773437
-0.13067626953125 0.0437774658203125 0.36810302734375 -0.0015869140625
-0.0198211669921875 0.129890441894531 0.218582153320313 -0.00611877441406249
0.0771713256835937 0.0455322265625 0.251708984375 0.076995849609375
0.102394104003906 -0.0297698974609375 0.35211181640625 0.0738525390625
0.0859909057617187 -0.0079345703125 0.36236572265625 0.085357666015625
0.0842819213867188 -0.0284652709960938 0.394775390625 0.101654052734375
0.109107971191406 0.0287322998046875 0.29144287109375 0.174407958984375
0.0506515502929688 0.106178283691406 0.09375 0.16802978515625
-0.0733184814453125 0.102058410644531 -0.0025177001953125 0.106109619140625
-0.0843887329101563 -0.039581298828125 -0.0937957763671875 -0.020263671875
0.0448989868164062 -0.0872421264648438 -0.050933837890625 -0.2938232421875
0.142578125 0.044891357421875 0.213577270507812 -0.255599975585937
-0.175445556640625 0.199920654296875 0.6002197265625 -0.341552734375
-0.177536010742188 0.10906982421875 0.120780944824219 -0.0759048461914063
-0.186553955078125 0.181503295898437 0.30169677734375 0.2230224609375
-0.139678955078125 0.238998413085937 0.422393798828125 -0.00210571289062499
0.010040283203125 0.307861328125 0.20977783203125 -0.04534912109375
0.16864013671875 0.193023681640625 0.191818237304688 0.0396575927734375
0.23809814453125 0.06549072265625 0.2799072265625 0.0765380859375
0.222930908203125 0.0633087158203125 0.300933837890625 0.093109130859375
0.2100830078125 0.0144500732421875 0.34808349609375 0.09027099609375
0.18170166015625 0.080413818359375 0.2569580078125 0.143707275390625
0.11956787109375 0.163467407226563 0.0878219604492188 0.138717651367188
-0.0061492919921875 0.187164306640625 0.0127182006835937 0.0820159912109375
-0.110862731933594 0.129859924316406 -0.0780563354492188 0.00180816650390625
-0.0865325927734375 0.0650634765625 -0.06268310546875 -0.266586303710937
-0.083038330078125 0.158416748046875 0.193038940429688 -0.237274169921875
-0.447540283203125 0.266632080078125 0.505340576171875 -0.2352294921875
-0.42095947265625 0.263275146484375 0.0757217407226562 0.0140609741210938
-0.302703857421875 0.427032470703125 0.3292236328125 0.26300048828125
-0.140289306640625 0.412139892578125 0.45501708984375 -0.03717041015625
0.03436279296875 0.444976806640625 0.184829711914063 -0.12347412109375
0.22705078125 0.31011962890625 0.0979537963867188 -0.0403518676757812
0.331695556640625 0.15228271484375 0.155227661132813 0.0513153076171875
0.328399658203125 0.12603759765625 0.194564819335938 0.086944580078125
0.3172607421875 0.0513916015625 0.26385498046875 0.076568603515625
0.253555297851563 0.12298583984375 0.198776245117188 0.118637084960938
0.19873046875 0.211654663085937 0.0713729858398438 0.125160217285156
0.0875091552734375 0.263809204101562 0.006683349609375 0.074859619140625
-0.095733642578125 0.310211181640625 -0.0884628295898438 0.0202255249023438
-0.185745239257812 0.247528076171875 -0.0747222900390625 -0.22869873046875
-0.293182373046875 0.28131103515625 0.130767822265625 -0.18328857421875
-0.639404296875 0.27593994140625 0.3424072265625 -0.107025146484375
-0.5906982421875 0.3575439453125 0.0193862915039062 0.132514953613281
-0.3558349609375 0.59033203125 0.3441162109375 0.26727294921875
-0.10308837890625 0.50982666015625 0.444732666015625 -0.099365234375
0.066131591796875 0.494049072265625 0.136154174804687 -0.217575073242187
0.251983642578125 0.363433837890625 -0.01849365234375 -0.138160705566406
0.3671875 0.20648193359375 -2.14576721191184E-05 0.00846385955810548
0.3856201171875 0.170623779296875 0.058929443359375 0.0669364929199219
0.388763427734375 0.08587646484375 0.146469116210938 0.06494140625
0.310028076171875 0.163177490234375 0.108421325683594 0.098907470703125
0.270919799804688 0.255523681640625 0.0312423706054688 0.12054443359375
0.185150146484375 0.33270263671875 -0.0229721069335937 0.0781631469726563
-0.061676025390625 0.48272705078125 -0.115348815917969 0.0357666015625
-0.261566162109375 0.4267578125 -0.081512451171875 -0.171051025390625
-0.471343994140625 0.382110595703125 0.0298690795898437 -0.0897750854492187
-0.71441650390625 0.24981689453125 0.148239135742187 0.0151214599609375
-0.63275146484375 0.39501953125 -0.028900146484375 0.246078491210938
-0.30975341796875 0.6295166015625 0.332672119140625 0.233734130859375
-0.028106689453125 0.483856201171875 0.377288818359375 -0.161407470703125
0.09490966796875 0.430511474609375 0.064361572265625 -0.28912353515625
0.233978271484375 0.336761474609375 -0.138717651367187 -0.218765258789062
0.343780517578125 0.21685791015625 -0.157440185546875 -0.035003662109375
0.3837890625 0.19012451171875 -0.0863113403320312 0.0374069213867188
0.404022216796875 0.119140625 0.00309753417968753 0.0503196716308594
0.32196044921875 0.196563720703125 -0.0123367309570312 0.0779495239257813
0.298065185546875 0.2880859375 -0.0380477905273437 0.11444091796875
0.246002197265625 0.3797607421875 -0.0770416259765625 0.0818634033203125
-0.0364379882812499 0.60699462890625 -0.14984130859375 0.0423583984375
-0.323486328125 0.552398681640625 -0.0845718383789063 -0.0901031494140625
-0.5941162109375 0.4259033203125 -0.104034423828125 0.0350570678710938
-0.673095703125 0.20587158203125 -0.030059814453125 0.117851257324219
-0.54791259765625 0.383514404296875 -0.054351806640625 0.325531005859375
-0.186431884765625 0.543182373046875 0.292144775390625 0.17138671875
0.0535888671875 0.34576416015625 0.268905639648437 -0.194412231445312
0.0960693359375 0.279327392578125 -0.00839233398437501 -0.310150146484375
0.1741943359375 0.250320434570313 -0.235427856445312 -0.2568359375
0.26605224609375 0.189926147460938 -0.289276123046875 -0.0670166015625
0.317901611328125 0.17913818359375 -0.217910766601563 0.00424194335937498
0.35040283203125 0.14080810546875 -0.141586303710937 0.030303955078125
0.268814086914063 0.2078857421875 -0.140960693359375 0.047271728515625
0.25762939453125 0.279586791992187 -0.123001098632812 0.0970230102539063
0.24102783203125 0.373443603515625 -0.150131225585937 0.0775299072265625
-0.0407714843750001 0.63568115234375 -0.192550659179687 0.0280303955078126
-0.37091064453125 0.57720947265625 -0.09161376953125 -0.00660705566406246
-0.64111328125 0.38128662109375 -0.259674072265625 0.165023803710937
-0.531036376953125 0.151031494140625 -0.161178588867188 0.19366455078125
-0.385528564453125 0.329437255859375 -0.054290771484375 0.3553466796875
-0.040557861328125 0.381378173828125 0.227737426757813 0.102005004882813
0.100021362304688 0.163223266601563 0.1544189453125 -0.184326171875
0.0649337768554687 0.110099792480469 -0.061126708984375 -0.28167724609375
0.087921142578125 0.145248413085937 -0.289703369140625 -0.252593994140625
0.152572631835937 0.140869140625 -0.375579833984375 -0.0825195312500001
0.201171875 0.142990112304688 -0.31561279296875 -0.0272827148437499
0.231597900390625 0.136688232421875 -0.26080322265625 0.0012359619140625
0.157180786132813 0.174224853515625 -0.243881225585938 0.00123596191406247
0.160446166992187 0.206878662109375 -0.197265625 0.0634918212890625
0.18646240234375 0.292694091796875 -0.22833251953125 0.0563507080078125
-0.05511474609375 0.545440673828125 -0.236251831054688 -0.0152435302734375
-0.37762451171875 0.4793701171875 -0.107757568359375 0.0552139282226563
-0.5872802734375 0.25103759765625 -0.419219970703125 0.268402099609375
-0.331817626953125 0.0776977539062501 -0.2325439453125 0.24371337890625
-0.198883056640625 0.236785888671875 -0.035552978515625 0.353057861328125
0.0705413818359375 0.197921752929688 0.163253784179688 0.0475616455078125
0.103874206542969 0.0041351318359375 0.0656890869140625 -0.150344848632813
0.0123920440673828 -0.0241203308105469 -0.084442138671875 -0.233123779296875
-0.00304412841796875 0.0521278381347656 -0.304107666015625 -0.2239990234375
0.0232086181640625 0.08447265625 -0.414337158203125 -0.084381103515625
0.0536041259765625 0.0819473266601563 -0.366180419921875 -0.052093505859375
0.0726852416992188 0.0952911376953125 -0.329986572265625 -0.03228759765625
0.0250396728515625 0.080657958984375 -0.294342041015625 -0.043212890625
0.0605354309082031 0.06640625 -0.239700317382813 0.0293426513671875
0.128158569335938 0.140869140625 -0.298675537109375 0.0269165039062499
-0.03106689453125 0.360076904296875 -0.275787353515625 -0.085968017578125
-0.303253173828125 0.288055419921875 -0.126670837402344 0.0742874145507813
-0.420135498046875 0.0739135742187499 -0.548858642578125 0.3157958984375
0.121246337890625 0.0656051635742188 0.58392333984375 -0.40576171875
0.057403564453125 -0.0940704345703125 0.137779235839844 -0.12030029296875
-0.0794754028320313 -0.0852584838867188 0.270645141601563 0.150909423828125
-0.125961303710937 0.0471572875976563 0.360107421875 -0.01055908203125
-0.0152130126953125 0.127662658691406 0.213623046875 -0.00839233398437499
0.0748748779296875 0.0420761108398438 0.24932861328125 0.0720367431640625
0.0975189208984375 -0.0342483520507813 0.346435546875 0.06463623046875
0.0852127075195313 -0.011322021484375 0.355712890625 0.079681396484375
0.0824050903320313 -0.0312728881835938 0.388275146484375 0.0914306640625
0.107505798339844 0.0222091674804688 0.288238525390625 0.165130615234375
0.0550384521484375 0.102485656738281 0.09234619140625 0.166183471679688
-0.0685653686523438 0.10369873046875 -0.00119781494140626 0.10205078125
-0.0839767456054688 -0.0381622314453125 -0.0915145874023438 -0.0197219848632813
0.0392227172851563 -0.088165283203125 -0.0584716796875 -0.28369140625
0.142959594726563 0.0380859375 0.206680297851563 -0.2508544921875
-0.167465209960938 0.196502685546875 0.58013916015625 -0.3431396484375
-0.173828125 0.109832763671875 0.113937377929687 -0.073822021484375
-0.181488037109375 0.181625366210938 0.300872802734375 0.2156982421875
-0.134140014648438 0.236892700195312 0.41424560546875 -0.010894775390625
0.015472412109375 0.302978515625 0.203933715820313 -0.047119140625
0.1663818359375 0.186981201171875 0.188262939453125 0.036376953125
0.233474731445313 0.059234619140625 0.275894165039063 0.0713653564453125
0.220840454101562 0.0570526123046875 0.296722412109375 0.087066650390625
0.205734252929688 0.0097808837890625 0.341552734375 0.0802001953125
0.178634643554688 0.072601318359375 0.254104614257813 0.135757446289063
0.121810913085937 0.157760620117188 0.0864944458007813 0.137176513671875
-0.00285339355468751 0.185836791992188 0.012481689453125 0.0773696899414063
-0.107109069824219 0.127464294433594 -0.074005126953125 0.00128173828125001
-0.0877304077148438 0.0628738403320312 -0.068267822265625 -0.2569580078125
-0.076751708984375 0.1522216796875 0.187576293945313 -0.232391357421875
-0.43603515625 0.266357421875 0.486907958984375 -0.236663818359375
-0.40985107421875 0.263885498046875 0.0698738098144531 0.0150070190429688
-0.288726806640625 0.422576904296875 0.328033447265625 0.2548828125
-0.13458251953125 0.40728759765625 0.445587158203125 -0.046905517578125
0.040069580078125 0.436859130859375 0.178680419921875 -0.12396240234375
0.225982666015625 0.30230712890625 0.0939559936523438 -0.04058837890625
0.327362060546875 0.14501953125 0.154037475585938 0.0500030517578125
0.325714111328125 0.11767578125 0.19281005859375 0.082763671875
0.311279296875 0.044097900390625 0.260208129882813 0.06903076171875
0.249267578125 0.115478515625 0.19659423828125 0.113128662109375
0.198974609375 0.204483032226563 0.070709228515625 0.122657775878906
0.087982177734375 0.258819580078125 0.00630950927734376 0.0706710815429688
-0.089019775390625 0.302978515625 -0.0820236206054688 0.0202484130859375
-0.182723999023438 0.24273681640625 -0.0783233642578125 -0.22088623046875
-0.281280517578125 0.2757568359375 0.128616333007812 -0.180328369140625
-0.62457275390625 0.280029296875 0.329071044921875 -0.110565185546875
-0.574951171875 0.3609619140625 0.0159530639648437 0.132492065429688
-0.34014892578125 0.585205078125 0.342987060546875 0.25848388671875
-0.098388671875 0.50042724609375 0.435089111328125 -0.10723876953125
0.07098388671875 0.483856201171875 0.129409790039062 -0.2159423828125
0.25048828125 0.354278564453125 -0.0220794677734375 -0.134574890136719
0.364837646484375 0.199737548828125 0.00140285491943362 0.0121669769287109
0.383819580078125 0.162384033203125 0.0595512390136719 0.0647201538085938
0.382110595703125 0.077178955078125 0.143890380859375 0.0583953857421875
0.30487060546875 0.15576171875 0.107879638671875 0.0950546264648438
0.269668579101563 0.248001098632813 0.0316696166992188 0.118064880371094
0.18267822265625 0.32513427734375 -0.0233688354492187 0.074371337890625
-0.052276611328125 0.472442626953125 -0.107406616210938 0.035400390625
-0.253265380859375 0.420501708984375 -0.0839996337890625 -0.165176391601562
-0.455413818359375 0.379486083984375 0.03118896484375 -0.0892562866210937
-0.69940185546875 0.2547607421875 0.140823364257812 0.0124053955078125
-0.6146240234375 0.3985595703125 -0.02947998046875 0.245330810546875
-0.293212890625 0.62115478515625 0.33154296875 0.22491455078125
-0.024322509765625 0.47216796875 0.368316650390625 -0.16680908203125
0.0960693359375 0.4200439453125 0.059417724609375 -0.284942626953125
0.231109619140625 0.32916259765625 -0.14141845703125 -0.212112426757812
0.342254638671875 0.21173095703125 -0.153701782226563 -0.0287933349609375
0.380035400390625 0.181854248046875 -0.0828018188476562 0.03765869140625
0.397857666015625 0.10992431640625 0.00424957275390628 0.0462074279785156
0.31829833984375 0.19061279296875 -0.01007080078125 0.077362060546875
0.297515869140625 0.278228759765625 -0.035980224609375 0.112846374511719
0.24261474609375 0.368927001953125 -0.0753250122070312 0.0796890258789063
-0.0263671875000001 0.5919189453125 -0.141632080078125 0.0425567626953125
-0.30999755859375 0.5452880859375 -0.0847015380859375 -0.0880508422851562
-0.57763671875 0.424560546875 -0.0983047485351563 0.0342330932617188
-0.65765380859375 0.2132568359375 -0.03155517578125 0.114532470703125
-0.53118896484375 0.388153076171875 -0.0509948730468751 0.321685791015625
-0.1705322265625 0.532379150390625 0.290771484375 0.164794921875
0.052032470703125 0.33453369140625 0.263641357421875 -0.195220947265625
0.095550537109375 0.271713256835938 -0.012420654296875 -0.305419921875
0.172576904296875 0.245498657226563 -0.237091064453125 -0.2471923828125
0.266876220703125 0.186676025390625 -0.282928466796875 -0.0583801269531249
0.316162109375 0.1729736328125 -0.2120361328125 0.00634765625000006
0.345611572265625 0.134124755859375 -0.137237548828125 0.028411865234375
0.265701293945313 0.20318603515625 -0.136825561523437 0.0487442016601563
0.255706787109375 0.271270751953125 -0.119087219238281 0.0958786010742187
0.239105224609375 0.362823486328125 -0.145904541015625 0.0770721435546876
-0.0295410156250001 0.62109375 -0.183425903320313 0.029571533203125
-0.35528564453125 0.5711669921875 -0.0902938842773438 -0.00790405273437496
-0.6263427734375 0.384765625 -0.249298095703125 0.162796020507813
-0.51953125 0.156524658203125 -0.158340454101563 0.190505981445313
-0.370330810546875 0.330902099609375 -0.04852294921875 0.3505859375
-0.030059814453125 0.3702392578125 0.226531982421875 0.0987701416015625
0.0958099365234375 0.15618896484375 0.150985717773438 -0.181640625
0.0615463256835938 0.106422424316406 -0.062286376953125 -0.276107788085938
0.08709716796875 0.14300537109375 -0.288970947265625 -0.242401123046875
0.154312133789063 0.140670776367188 -0.369171142578125 -0.07281494140625
0.19964599609375 0.139694213867188 -0.308197021484375 -0.0242919921875
0.22869873046875 0.132980346679688 -0.253738403320313 0.0016632080078125
0.156051635742188 0.17193603515625 -0.237960815429688 0.00567626953125004
0.15911865234375 0.201156616210938 -0.191940307617188 0.0632171630859375
0.18377685546875 0.2845458984375 -0.22210693359375 0.0584564208984375
-0.044189453125 0.533355712890625 -0.228286743164062 -0.012115478515625
-0.3624267578125 0.475250244140625 -0.104835510253906 0.051483154296875
-0.57598876953125 0.25921630859375 -0.404449462890625 0.265899658203125
-0.323944091796875 0.0836181640625 -0.226409912109375 0.241928100585938
-0.18896484375 0.238723754882813 -0.028045654296875 0.34796142578125
0.07440185546875 0.1890869140625 0.1622314453125 0.0449676513671875
0.0981292724609375 0.0008392333984375 0.0640411376953125 -0.145919799804688
0.00890731811523438 -0.0236988067626953 -0.0847625732421875 -0.228378295898438
-0.00250244140625 0.0523223876953125 -0.30194091796875 -0.215362548828125
0.0269927978515625 0.0870208740234375 -0.406005859375 -0.0749816894531249
0.0541763305664063 0.0837631225585938 -0.35797119140625 -0.0488586425781251
0.072357177734375 0.0942535400390625 -0.321502685546875 -0.029998779296875
0.0253753662109375 0.08154296875 -0.288482666015625 -0.0380249023437499
0.058349609375 0.0650787353515625 -0.233474731445312 0.030517578125
0.126220703125 0.135162353515625 -0.29071044921875 0.03131103515625
-0.021728515625 0.350372314453125 -0.269760131835938 -0.0806121826171875
-0.29376220703125 0.288482666015625 -0.122329711914062 0.0692672729492188
-0.414642333984375 0.0809326171874999 -0.53131103515625 0.3134765625
0.123756408691406 0.0607376098632813 0.577392578125 -0.41058349609375
0.0547409057617188 -0.0940780639648438 0.1357421875 -0.119300842285156
-0.0811996459960938 -0.08367919921875 0.27423095703125 0.149703979492188
-0.12408447265625 0.0495529174804688 0.357940673828125 -0.014678955078125
-0.011993408203125 0.128753662109375 0.212539672851563 -0.00918579101562499
0.0739364624023438 0.0408096313476563 0.25079345703125 0.0694732666015625
0.09393310546875 -0.0379791259765625 0.34619140625 0.06280517578125
0.0859603881835938 -0.0150680541992188 0.356536865234375 0.077362060546875
0.0818557739257813 -0.033660888671875 0.38787841796875 0.087493896484375
0.107711791992188 0.01611328125 0.28802490234375 0.16046142578125
0.0594482421875 0.100250244140625 0.0919189453125 0.167831420898438
-0.06585693359375 0.107063293457031 -0.0021209716796875 0.0991134643554687
-0.0847549438476562 -0.0385665893554688 -0.091888427734375 -0.0206375122070312
0.0352401733398438 -0.08978271484375 -0.0639801025390625 -0.279281616210938
0.1448974609375 0.0320281982421875 0.206863403320313 -0.248443603515625
-0.165924072265625 0.194564819335938 0.57269287109375 -0.34771728515625
-0.174606323242187 0.11090087890625 0.1097412109375 -0.0721664428710938
-0.180892944335938 0.18292236328125 0.304656982421875 0.21337890625
-0.133697509765625 0.239578247070312 0.413299560546875 -0.01690673828125
0.01953125 0.302703857421875 0.2021484375 -0.04815673828125
0.166168212890625 0.186614990234375 0.186904907226563 0.03546142578125
0.232437133789063 0.055511474609375 0.276992797851563 0.0701751708984375
0.222518920898438 0.0528411865234375 0.2969970703125 0.086669921875
0.205581665039063 0.00677490234375 0.341278076171875 0.076385498046875
0.177978515625 0.0695648193359375 0.254074096679687 0.132431030273437
0.12530517578125 0.155410766601563 0.0851669311523438 0.138504028320313
-0.000946044921875017 0.187789916992188 0.0109710693359375 0.0748825073242188
-0.106796264648437 0.126419067382813 -0.0721664428710938 -4.57763671874922E-05
-0.0910415649414062 0.0613250732421875 -0.072998046875 -0.251876831054688
-0.0753326416015625 0.14776611328125 0.188095092773438 -0.231826782226563
-0.4342041015625 0.26763916015625 0.48175048828125 -0.240478515625
-0.410430908203125 0.26812744140625 0.0646514892578125 0.0179367065429688
-0.286407470703125 0.42523193359375 0.33203125 0.252685546875
-0.13458251953125 0.40826416015625 0.446624755859375 -0.05401611328125
0.04425048828125 0.4368896484375 0.17669677734375 -0.12542724609375
0.225494384765625 0.303497314453125 0.0915451049804688 -0.0407791137695312
0.32867431640625 0.141693115234375 0.155868530273438 0.051177978515625
0.328338623046875 0.113494873046875 0.1937255859375 0.0821990966796875
0.3116455078125 0.041900634765625 0.259841918945313 0.065155029296875
0.248580932617188 0.1129150390625 0.196807861328125 0.110244750976563
0.201919555664063 0.201919555664063 0.0700531005859375 0.123825073242188
0.0893707275390625 0.26031494140625 0.00384521484375001 0.0682144165039063
-0.087127685546875 0.301177978515625 -0.0791168212890625 0.0185012817382813
-0.184249877929687 0.241546630859375 -0.0824737548828125 -0.2169189453125
-0.280441284179688 0.273452758789062 0.1297607421875 -0.181137084960937
-0.62408447265625 0.28289794921875 0.32366943359375 -0.1126708984375
-0.5728759765625 0.365478515625 0.01153564453125 0.136146545410156
-0.33233642578125 0.5863037109375 0.34619140625 0.257415771484375
-0.098297119140625 0.499969482421875 0.434967041015625 -0.113006591796875
0.0740966796875 0.484222412109375 0.127273559570313 -0.217575073242188
0.250213623046875 0.3565673828125 -0.025909423828125 -0.134170532226562
0.36822509765625 0.197052001953125 0.00328826904296877 0.0149641036987305
0.384918212890625 0.156829833984375 0.0608100891113281 0.0646286010742188
0.3826904296875 0.07489013671875 0.143966674804688 0.0550384521484375
0.30401611328125 0.1549072265625 0.109100341796875 0.0941543579101563
0.272735595703125 0.244735717773438 0.031585693359375 0.1185302734375
0.18280029296875 0.325958251953125 -0.0249710083007812 0.071929931640625
-0.049224853515625 0.468353271484375 -0.103302001953125 0.0348281860351563
-0.25274658203125 0.420867919921875 -0.0859222412109375 -0.163543701171875
-0.45367431640625 0.379425048828125 0.0337905883789062 -0.0905380249023437
-0.69952392578125 0.2598876953125 0.136634826660156 0.0109405517578125
-0.610595703125 0.4036865234375 -0.0314788818359376 0.24896240234375
-0.28643798828125 0.6199951171875 0.33551025390625 0.223663330078125
-0.024932861328125 0.47015380859375 0.36920166015625 -0.171875
0.097564697265625 0.418212890625 0.05670166015625 -0.287200927734375
0.231597900390625 0.33026123046875 -0.145462036132812 -0.210433959960937
0.346710205078125 0.212005615234375 -0.151931762695312 -0.023773193359375
0.383575439453125 0.177886962890625 -0.0814437866210937 0.037872314453125
0.39703369140625 0.108367919921875 0.0044975280761719 0.0431747436523438
0.31707763671875 0.191162109375 -0.00956726074218749 0.0768661499023438
0.2991943359375 0.276885986328125 -0.0355072021484375 0.112823486328125
0.24273681640625 0.369476318359375 -0.0761032104492187 0.0784835815429688
-0.01971435546875 0.58935546875 -0.136688232421875 0.0418624877929688
-0.309295654296875 0.546112060546875 -0.0864791870117188 -0.0882568359375
-0.576904296875 0.42840576171875 -0.0949783325195313 0.0318222045898438
-0.6572265625 0.21807861328125 -0.0349273681640625 0.114227294921875
-0.52606201171875 0.392303466796875 -0.051361083984375 0.325286865234375
-0.162994384765625 0.530364990234375 0.294189453125 0.163909912109375
0.0511474609375 0.331756591796875 0.263748168945313 -0.197677612304687
0.09417724609375 0.269500732421875 -0.0145263671875 -0.30633544921875
0.17156982421875 0.246994018554688 -0.24029541015625 -0.244766235351563
0.270599365234375 0.187835693359375 -0.280746459960938 -0.0526428222656249
0.318603515625 0.17266845703125 -0.210891723632812 0.0066375732421875
0.34588623046875 0.132904052734375 -0.136741638183594 0.0259628295898438
0.2659912109375 0.2049560546875 -0.136054992675781 0.0494613647460937
0.25665283203125 0.269638061523438 -0.118034362792969 0.095947265625
0.237701416015625 0.3631591796875 -0.145919799804687 0.0770416259765625
-0.0215454101562501 0.616455078125 -0.179611206054688 0.0286865234375001
-0.3519287109375 0.572509765625 -0.0914688110351563 -0.0100784301757812
-0.62591552734375 0.3900146484375 -0.24542236328125 0.161148071289063
-0.51776123046875 0.1627197265625 -0.159255981445313 0.190093994140625
-0.364288330078125 0.33447265625 -0.045684814453125 0.353485107421875
-0.02484130859375 0.36737060546875 0.22955322265625 0.097381591796875
0.0933837890625 0.152359008789063 0.151473999023438 -0.18212890625
0.0584640502929688 0.10516357421875 -0.06329345703125 -0.276382446289063
0.086517333984375 0.143966674804688 -0.289886474609375 -0.239105224609375
0.15802001953125 0.142715454101563 -0.3663330078125 -0.068389892578125
0.2020263671875 0.14013671875 -0.3067626953125 -0.02386474609375
0.229156494140625 0.133636474609375 -0.253463745117187 -0.000366210937500042
0.15631103515625 0.17462158203125 -0.237869262695313 0.00727844238281248
0.158767700195313 0.200210571289063 -0.19012451171875 0.0631866455078125
0.183013916015625 0.282196044921875 -0.220779418945313 0.0596923828125001
-0.03717041015625 0.5302734375 -0.225341796875 -0.0121612548828124
-0.35980224609375 0.478302001953125 -0.104484558105469 0.048248291015625
-0.5770263671875 0.26373291015625 -0.39984130859375 0.2645263671875
-0.322601318359375 0.087188720703125 -0.226943969726563 0.241607666015625
-0.184051513671875 0.241958618164063 -0.023590087890625 0.349029541015625
0.078338623046875 0.184799194335937 0.16400146484375 0.044830322265625
0.09521484375 -0.00145721435546875 0.066162109375 -0.14422607421875
0.005645751953125 -0.0237636566162109 -0.08453369140625 -0.228591918945312
-0.00312423706054687 0.0527153015136719 -0.3028564453125 -0.211822509765625
0.0301284790039063 0.0900955200195312 -0.403472900390625 -0.07061767578125
0.0550613403320313 0.0870590209960937 -0.35675048828125 -0.047760009765625
0.07275390625 0.0964279174804688 -0.320587158203125 -0.0318603515625
0.0244216918945313 0.08465576171875 -0.28851318359375 -0.0365295410156249
0.0567588806152344 0.0647010803222656 -0.232101440429687 0.03094482421875
0.125640869140625 0.133193969726563 -0.288665771484375 0.035186767578125
-0.01690673828125 0.347930908203125 -0.268768310546875 -0.07977294921875
-0.290924072265625 0.29376220703125 -0.12139892578125 0.0651168823242188
-0.41778564453125 0.0872802734375 -0.52587890625 0.313385009765625
0.128532409667969 0.0555572509765625 0.5745849609375 -0.4276123046875
0.0518798828125 -0.096710205078125 0.1334228515625 -0.121688842773437
-0.085693359375 -0.081512451171875 0.28363037109375 0.1478271484375
-0.124595642089844 0.0544281005859375 0.362335205078125 -0.02423095703125
-0.00679016113281249 0.131149291992188 0.214324951171875 -0.0136566162109375
0.0753936767578125 0.0393905639648438 0.25518798828125 0.0651092529296875
0.0911407470703125 -0.0424575805664063 0.352386474609375 0.056793212890625
0.087158203125 -0.0201339721679688 0.3623046875 0.07379150390625
0.0827178955078125 -0.0384979248046875 0.39385986328125 0.0794677734375
0.108879089355469 0.0102081298828125 0.29412841796875 0.155303955078125
0.0657882690429687 0.0987930297851562 0.0951690673828125 0.171737670898438
-0.0619964599609375 0.112525939941406 -0.002593994140625 0.0979461669921875
-0.0884170532226563 -0.03826904296875 -0.0942459106445313 -0.020782470703125
0.0305252075195312 -0.0931015014648438 -0.0736541748046875 -0.27777099609375
0.149063110351563 0.0245361328125 0.206787109375 -0.252197265625
-0.164688110351562 0.198211669921875 0.572021484375 -0.3629150390625
-0.176681518554688 0.11566162109375 0.106338500976562 -0.0720748901367187
-0.18115234375 0.190017700195312 0.31689453125 0.21173095703125
-0.1326904296875 0.24676513671875 0.418304443359375 -0.027862548828125
0.02764892578125 0.3084716796875 0.203369140625 -0.0531463623046875
0.171371459960938 0.187835693359375 0.189605712890625 0.03240966796875
0.23516845703125 0.0507049560546875 0.283782958984375 0.066070556640625
0.227920532226562 0.0460052490234375 0.302825927734375 0.083526611328125
0.208694458007813 0.00103759765625 0.347015380859375 0.06976318359375
0.180557250976563 0.064453125 0.259323120117187 0.128433227539062
0.132064819335938 0.153564453125 0.087890625 0.1419677734375
0.003387451171875 0.193252563476563 0.00948333740234375 0.0730209350585938
-0.107032775878906 0.128761291503906 -0.072509765625 -0.000862121582031249
-0.0948867797851562 0.0621719360351563 -0.08111572265625 -0.250076293945312
-0.0741424560546875 0.14617919921875 0.189407348632813 -0.2364501953125
-0.436767578125 0.277679443359375 0.481109619140625 -0.251373291015625
-0.41131591796875 0.2803955078125 0.06097412109375 0.0214042663574219
-0.281646728515625 0.436767578125 0.344757080078125 0.251373291015625
-0.1328125 0.41729736328125 0.45294189453125 -0.06524658203125
0.054351806640625 0.444183349609375 0.1756591796875 -0.131118774414063
0.23455810546875 0.3074951171875 0.08929443359375 -0.0420608520507812
0.3360595703125 0.13818359375 0.160964965820313 0.0511016845703125
0.33685302734375 0.105987548828125 0.198867797851563 0.0806884765625
0.316925048828125 0.03558349609375 0.263320922851563 0.059173583984375
0.252532958984375 0.110076904296875 0.201797485351563 0.10723876953125
0.209701538085938 0.199569702148437 0.0720672607421875 0.126121520996094
0.095184326171875 0.264617919921875 0.00188827514648438 0.0669746398925781
-0.084136962890625 0.305328369140625 -0.0768814086914063 0.0182418823242188
-0.186599731445313 0.2474365234375 -0.089080810546875 -0.216094970703125
-0.281402587890625 0.2789306640625 0.130783081054687 -0.186721801757812
-0.62939453125 0.298828125 0.322418212890625 -0.11865234375
-0.574951171875 0.3829345703125 0.00897216796874995 0.142745971679688
-0.32672119140625 0.60015869140625 0.358734130859375 0.256011962890625
-0.094696044921875 0.5089111328125 0.44122314453125 -0.126922607421875
0.085052490234375 0.490478515625 0.1241455078125 -0.224456787109375
0.25927734375 0.36083984375 -0.032745361328125 -0.134994506835937
0.3782958984375 0.195068359375 0.00588989257812502 0.0176277160644531
0.396026611328125 0.15045166015625 0.0633049011230469 0.0657081604003906
0.389373779296875 0.06982421875 0.145645141601563 0.0513153076171875
0.310028076171875 0.153167724609375 0.112129211425781 0.0931854248046875
0.28076171875 0.2430419921875 0.0333023071289063 0.120330810546875
0.19091796875 0.330108642578125 -0.0268173217773438 0.0729217529296875
-0.041839599609375 0.47515869140625 -0.100486755371094 0.0349197387695313
-0.252838134765625 0.43157958984375 -0.0914459228515625 -0.163345336914063
-0.455718994140625 0.3927001953125 0.0358428955078125 -0.0942306518554687
-0.70770263671875 0.27752685546875 0.135017395019531 0.00933074951171877
-0.61181640625 0.4222412109375 -0.03216552734375 0.257858276367188
-0.27655029296875 0.6339111328125 0.34814453125 0.22186279296875
-0.02105712890625 0.477020263671875 0.374176025390625 -0.183502197265625
0.106109619140625 0.4232177734375 0.05157470703125 -0.29376220703125
0.238983154296875 0.3348388671875 -0.155181884765625 -0.209320068359375
0.3580322265625 0.21063232421875 -0.15106201171875 -0.0182647705078125
0.39361572265625 0.173797607421875 -0.0810546875 0.0404739379882813
0.40606689453125 0.10430908203125 0.00404357910156252 0.0416221618652344
0.323516845703125 0.1912841796875 -0.00785827636718749 0.0781478881835938
0.30816650390625 0.27545166015625 -0.034912109375 0.114814758300781
0.25177001953125 0.3721923828125 -0.07818603515625 0.0800933837890625
-0.01025390625 0.5965576171875 -0.134193420410156 0.0427474975585938
-0.3057861328125 0.56024169921875 -0.0904693603515625 -0.08892822265625
-0.5804443359375 0.44561767578125 -0.0933074951171875 0.0313644409179688
-0.6651611328125 0.23443603515625 -0.036346435546875 0.116401672363281
-0.524261474609375 0.410675048828125 -0.048309326171875 0.33538818359375
-0.153106689453125 0.53802490234375 0.30474853515625 0.16168212890625
0.05340576171875 0.333282470703125 0.266754150390625 -0.207061767578125
0.09814453125 0.271133422851563 -0.020751953125 -0.311431884765625
0.176223754882812 0.250701904296875 -0.252044677734375 -0.24267578125
0.28118896484375 0.188232421875 -0.2830810546875 -0.046051025390625
0.327239990234375 0.16900634765625 -0.213409423828125 0.0100250244140625
0.3538818359375 0.129913330078125 -0.140052795410156 0.0261993408203125
0.272979736328125 0.207122802734375 -0.137901306152344 0.0523529052734375
0.264373779296875 0.270172119140625 -0.117706298828125 0.0991134643554688
0.24627685546875 0.364898681640625 -0.14752197265625 0.0804748535156251
-0.01123046875 0.6246337890625 -0.178298950195313 0.030548095703125
-0.3489990234375 0.588623046875 -0.0931015014648438 -0.010894775390625
-0.630859375 0.40740966796875 -0.2440185546875 0.16485595703125
-0.525360107421875 0.1746826171875 -0.161834716796875 0.194808959960938
-0.3602294921875 0.34954833984375 -0.039703369140625 0.362762451171875
-0.01629638671875 0.369171142578125 0.23779296875 0.0953216552734375
0.093536376953125 0.151321411132812 0.153350830078125 -0.187530517578125
0.0578384399414062 0.104766845703125 -0.0692291259765625 -0.280426025390625
0.08770751953125 0.147003173828125 -0.302459716796875 -0.23553466796875
0.165847778320313 0.145233154296875 -0.37005615234375 -0.05963134765625
0.208587646484375 0.140655517578125 -0.310699462890625 -0.0208129882812499
0.23504638671875 0.134353637695313 -0.257522583007813 0.00128173828124998
0.160919189453125 0.178497314453125 -0.241622924804687 0.01129150390625
0.162384033203125 0.201141357421875 -0.191787719726562 0.067474365234375
0.189605712890625 0.283660888671875 -0.222183227539063 0.064605712890625
-0.025970458984375 0.53515625 -0.226669311523438 -0.01043701171875
-0.356719970703125 0.493988037109375 -0.105506896972656 0.0467453002929688
-0.58416748046875 0.28143310546875 -0.40032958984375 0.27215576171875
-0.325897216796875 0.0958251953125001 -0.22772216796875 0.24798583984375
-0.178543090820312 0.250473022460938 -0.01580810546875 0.355255126953125
0.084136962890625 0.1820068359375 0.16943359375 0.0430450439453125
0.0930404663085938 -0.00457000732421875 0.06689453125 -0.146408081054688
0.00194740295410156 -0.0244274139404297 -0.0889434814453125 -0.23150634765625
-0.00413894653320312 0.0548439025878906 -0.31195068359375 -0.208740234375
0.034698486328125 0.0933303833007813 -0.408355712890625 -0.0615844726562501
0.0584259033203125 0.0906524658203125 -0.36065673828125 -0.0452575683593751
0.0752792358398438 0.100204467773438 -0.324920654296875 -0.030059814453125
0.02520751953125 0.0891952514648438 -0.29241943359375 -0.0321044921875
0.05621337890625 0.065093994140625 -0.234283447265625 0.0354766845703125
0.129570007324219 0.132133483886719 -0.2900390625 0.042327880859375
-0.00820922851562503 0.350250244140625 -0.27337646484375 -0.078125
-0.288330078125 0.304779052734375 -0.121803283691406 0.0631103515625
-0.424407958984375 0.09783935546875 -0.52880859375 0.326416015625
-0.0843344703222618 -0.0745429333419546 0.672292879365779 0.262377063118055
-0.120734093339177 0.0355098295285049 0.186827903172531 0.0852696555621053
-0.0466588400131678 0.115544603879342 0.043965404911888 0.33955573838853
0.10621331951093 0.0741215689632342 0.206923292906094 0.272630943516336
0.0783066216771827 -0.0895911082649838 0.111579671852053 0.184861293628753
-0.0418011995588902 -0.0930260811155012 0.0445245873234791 0.265422335413229
-0.106845809545569 -0.0583664145692654 0.0625684228481728 0.368936433783136
-0.098361070599238 -0.0504324149252627 0.0982687078879943 0.395259585038862
-0.107678471700632 -0.0605306155106202 0.0874428968270763 0.410964883361072
-0.0832500827303935 -0.0924303303211936 -0.00575639811450029 0.331737173046925
0.0209744220251787 -0.126283270129175 -0.134254285388871 0.170839089762574
0.13618471037476 -0.0255988172749725 -0.096529108183135 0.0222465389806122
0.0452199519496746 0.0915869623871179 -0.0255904513587541 -0.0949958382019095
-0.0840314450314653 0.0499102220173929 0.200975609214653 -0.191123081745371
-0.0668883410559153 -0.112542524178813 0.299739232522281 0.0103060851788216
0.186298702503929 0.0808824809480052 0.623664765831145 0.245340198006284
0.200381633991974 0.0798350111501254 0.121129690367514 0.0200761055480331
0.231938503995606 0.0295538180147893 -0.0510589145634089 0.352815349478703
0.274336029523783 -0.0525444602217716 0.192008959646996 0.29795068052412
0.184535255411363 -0.240468513754793 0.114972131667393 0.151483510935077
0.0191312102283085 -0.257595338667029 0.0151898081828857 0.194646045243103
-0.0950427306819753 -0.238897067242267 0.00106789568434054 0.31105456700102
-0.136232371985933 -0.196986414738786 0.0491147162931285 0.35328404122341
-0.143719949095433 -0.191511538111028 0.061772822916646 0.36967190966342
-0.0829665976373473 -0.183912324082381 -0.012773950502005 0.289876261655387
0.0176662592414488 -0.209911406190289 -0.12097186316059 0.148986503277776
0.164874472768562 -0.129521435498188 -0.0847601864707536 0.0166885340508323
0.168580541417368 -0.017322415035684 -0.0397611254432292 -0.0776980862754803
0.108479342786216 0.0513982935615718 0.179749436716323 -0.205575240501509
0.13903397070257 0.000746092171335359 0.301466588723786 -0.00807915170644221
0.405383494503062 0.246694350486137 0.489469727850274 0.189237066864953
0.489316036313884 0.156554292595425 0.01390472004666 -0.0358098324946445
0.493975669220085 -0.0339262195771847 -0.120055136138775 0.350642429282213
0.420302351642589 -0.167973922165499 0.199883211314597 0.286796785547554
0.268531506152468 -0.351344219762856 0.151433142776794 0.0824273487137047
0.0818583581296173 -0.372525527451451 0.0157670171516074 0.0717349772702521
-0.0627272303178303 -0.377347240754753 -0.0496613899552957 0.188131477825249
-0.154248470019011 -0.316467273579321 -0.00824921389019057 0.257455840603775
-0.170172341658041 -0.303628194343561 0.0235652870146931 0.292473029774615
-0.0886308407180098 -0.272158645786446 -0.0347763128412952 0.23221607357484
0.000634488440398706 -0.296961602438817 -0.125856232181938 0.128677876759628
0.171353166091394 -0.250383645777535 -0.101679996021361 0.00709319146445714
0.270379709372512 -0.160299292194732 -0.071883258467818 -0.0803173946725776
0.302913893146691 0.00872345599326986 0.148102930738566 -0.218712493733528
0.347190056762637 0.0932682370636916 0.251492957683647 -0.0378898892852557
0.541954739965997 0.374482233496964 0.299853385098397 0.100436932465853
0.678910106808248 0.21055268149999 -0.121529782325075 -0.0640119816336338
0.656440170601687 -0.0940334140550398 -0.148394467388542 0.337692731000436
0.475343728374542 -0.261036177409024 0.220205821882273 0.246472059890617
0.289324737926142 -0.397011411860318 0.201240291248782 -0.0154194662576273
0.120943109397627 -0.414883126172102 0.0341875044934607 -0.079003583444551
-0.0254187535968524 -0.445117993976432 -0.0846592642434587 0.0269321509755741
-0.151328426743787 -0.389082312857316 -0.0648520989649066 0.123150561896292
-0.174864844515316 -0.384360784587953 -0.0272689437632644 0.181297981577767
-0.0847887268439862 -0.347716325445204 -0.0757279904736259 0.149322336323593
-0.0125290783601028 -0.378816419856472 -0.150752800867956 0.0913878153723714
0.170019028612989 -0.371345911847324 -0.140771039851918 -0.0145333812014948
0.355254824527966 -0.311919990259254 -0.113238576557726 -0.098421862852447
0.47978754467634 -0.0532512108144454 0.100156905001243 -0.217276118665043
0.527976234110183 0.167831287649403 0.142650580163181 -0.0692517054340113
0.584511648045023 0.42974291664261 0.0937610815024751 0.00403406274579407
0.73700446037424 0.201172833074947 -0.252419363534583 -0.0556840755723882
0.652718775542256 -0.153943509702598 -0.135361540168085 0.317771496323581
0.400190975039503 -0.294844725105593 0.236730956514096 0.181109216335328
0.231721061887143 -0.357226213425037 0.234457473663987 -0.116204199922638
0.125026077376802 -0.373336971707879 0.0515800319214979 -0.224106158118627
0.00917488043666694 -0.433898566081054 -0.105056169910645 -0.138503410701236
-0.121654121608105 -0.402503816047994 -0.11116699834518 -0.031187359789519
-0.144430496672754 -0.415403666336291 -0.0817047329338168 0.0427553533061339
-0.0563219959631585 -0.386006731043581 -0.126159254473101 0.0362832582656607
-0.0033331356095873 -0.419192026946565 -0.18398412519362 0.0246253706548311
0.173047617000573 -0.449843116699735 -0.184668918652092 -0.0561684069789267
0.41521666329169 -0.420051157426804 -0.150072665335604 -0.12779513701159
0.609730912837288 -0.0958905432005561 0.0371080734287594 -0.195784232665067
0.637674320772086 0.230991025149943 -0.0164436700250631 -0.100069634195797
0.545702252615046 0.402022334849657 -0.0927476489899743 -0.0744698530136762
0.668554656923884 0.129978287612669 -0.340657588136585 -0.0156741159568596
0.50557809399615 -0.196853956486007 -0.0922364771355325 0.28332494648299
0.231432872171852 -0.256939218130831 0.232148063718635 0.110130224189709
0.135379196627183 -0.237031831322484 0.233673342675252 -0.189246869594729
0.108343847011593 -0.266037746933018 0.0549167645349867 -0.327541166608736
0.0379839986031035 -0.352159837512122 -0.112830901211098 -0.278108253614829
-0.0719715773474348 -0.351559933500997 -0.141131608192671 -0.179894075648518
-0.080710085673875 -0.383558455523258 -0.124284896644146 -0.104799113458868
-0.00296696798627469 -0.356998887712508 -0.161543157392885 -0.0921457337606659
0.0286030589623819 -0.381781067482263 -0.204120305600221 -0.0654548678944184
0.172555882984415 -0.441865842569575 -0.217026598026634 -0.118073157137307
0.435908353157315 -0.440365750126442 -0.167733826528335 -0.173043902056107
0.656487079147486 -0.0833907246198444 -0.0274520810005676 -0.165900587909597
0.642553370294246 0.280289077165795 -0.20424386703593 -0.133558898549451
0.436034954651033 0.307525087910457 -0.235811560691811 -0.113976193464256
0.511270637042529 0.0324972044246267 -0.371840977143877 0.0408074946365811
0.290787681459038 -0.205946193174885 -0.0432301363293971 0.233463289690606
0.0548448203126223 -0.165483540342233 0.198975717277488 0.051169951993084
0.0479514689857064 -0.0888582254677556 0.204308228303689 -0.217139229273905
0.0890641442890851 -0.13136975390318 0.0492780518402587 -0.375223621594549
0.0656793397779711 -0.225628216141476 -0.108885817163265 -0.373142458102652
-0.00805745156502679 -0.246113608172082 -0.149063948987607 -0.29913839665463
-0.000758634092128493 -0.278792578435824 -0.139056484056187 -0.235816189886226
0.0539373587747138 -0.249638512793091 -0.16040251402241 -0.20779325874343
0.04994214138701 -0.257837957486283 -0.192638038358306 -0.151778439290801
0.140427684678934 -0.339971550331639 -0.22359949654094 -0.189108677344883
0.38976560890581 -0.361412468809974 -0.152844428929379 -0.231811202750361
0.592027106313155 -0.0261705019564865 -0.0765925742951231 -0.13914852339653
0.528432762146592 0.29940983962452 -0.382727504321983 -0.176665479143249
0.273478907826894 0.180737253080152 -0.325216548101522 -0.106952577411834
0.312438153279804 -0.0538901276554694 -0.359539952902232 0.103370705300359
0.0818712011977116 -0.176343780598575 0.000992029507785317 0.183945344884582
-0.0721550498775156 -0.0609824887112675 0.157267235705178 0.0140244917073379
-0.00444326755389186 0.0407988602058439 0.168714789866835 -0.21146251122721
0.0762480917104938 -0.00525678458893306 0.0385073698164812 -0.378782368166908
0.0910275431406691 -0.0802347562564074 -0.0996467382689539 -0.41754608779749
0.0557180686475329 -0.103032027552192 -0.136643056970314 -0.371775243830725
0.0668150600691445 -0.116662142995373 -0.119730244513971 -0.321794146823301
0.0746478022140568 -0.0822947784061525 -0.122733279531114 -0.273743654908162
0.0234525468291495 -0.0844163035081885 -0.158036533643508 -0.202046531165866
0.0501076370171056 -0.193387179652395 -0.212098475161929 -0.249167031728503
0.254281247392494 -0.235449823639673 -0.111909171634118 -0.294262286567438
0.408652501822913 0.0323307583191716 -0.0962158278431213 -0.122985303219105
0.313091212952282 0.261803354152474 -0.517095099547483 -0.225000896716694
-0.0912242006991994 -0.0685041047503135 0.682417777393496 0.226564478509463
-0.11797185839737 0.0420234364317009 0.187688291199143 0.0750382728791018
-0.0387332443752765 0.118274769263329 0.062779283241623 0.339696034933834
0.112215132181708 0.0672512149480788 0.221064486789766 0.260376980391211
0.0715839331034337 -0.0956935395239702 0.119817212448497 0.1774393943986
-0.0470196787360957 -0.0914369345260856 0.0566860925340625 0.26204027026592
-0.108309191092719 -0.0495070691503619 0.0825737891437126 0.364774509758398
-0.103566165798204 -0.0421721062586387 0.117951669917753 0.391444103815721
-0.113046537409018 -0.0526477370018927 0.109785190225956 0.4057079884043
-0.0900983418822488 -0.0847173667055726 0.0124580050845928 0.330663837217335
0.0102012352157806 -0.1282547337953 -0.128142915264016 0.17955987858822
0.135262542501817 -0.0366580060888097 -0.096718277031123 0.0226203606921562
0.0515089553971919 0.0909104923317382 -0.0299767861178222 -0.0955449204923509
-0.0794949839996882 0.05649177629043 0.186086349747203 -0.200193184942259
-0.0769911925351981 -0.106578981197185 0.299657191561726 -0.00141715301198925
0.189524886237949 0.072408974262693 0.63331522855277 0.21258562855766
0.20559626808612 0.0698499701474489 0.116011065867746 0.0129864167779449
0.234443362034174 0.0188775761637728 -0.0308697235190174 0.357915423767574
0.276208398194366 -0.0668887216106894 0.209845167107052 0.284727533376282
0.171919455713962 -0.251965930081858 0.122438689837725 0.144210954393988
0.00798879063990238 -0.260898926343024 0.0215738084877001 0.192403592809902
-0.106720655886524 -0.234080240098325 0.0172147183753177 0.311345136167792
-0.148609633138304 -0.187424138228706 0.0661416449271469 0.351793726740857
-0.154860900952503 -0.182217563639764 0.0811238300302393 0.365058952509094
-0.0917605308823933 -0.177250160999454 0.00293471536355956 0.288514170554999
0.00402517585375703 -0.210208585419609 -0.115953770471538 0.15688966338461
0.158895420389702 -0.140323558273339 -0.0855081613231613 0.0171510501254099
0.168862488926784 -0.0238114943400644 -0.0416115971888639 -0.0765551552580986
0.113249199087726 0.0484037172741842 0.16463525353432 -0.213429919277649
0.135541324430224 -0.00280147404523254 0.302849346268525 -0.020842388395687
0.419357360213331 0.225300778070358 0.497251763158069 0.162981341208586
0.496505340830138 0.132365262566748 0.0050227573433884 -0.0375185164150956
0.492318319475916 -0.0598999220396453 -0.100326335148346 0.359438923221684
0.415615428552434 -0.18817996121549 0.218028196627779 0.273809827033335
0.250978900479613 -0.36661994057998 0.155800133239948 0.0727731426543213
0.0673172976974368 -0.380727960307548 0.0137080268135096 0.0689680536024926
-0.0825241253815988 -0.375004888426926 -0.0395787540437004 0.192854955864812
-0.172664921746607 -0.307194053677648 0.00297751539035526 0.258769853153176
-0.187282583074495 -0.294267760400222 0.0388665917106206 0.289644810338427
-0.100362096318991 -0.26743053064234 -0.023205817044734 0.232337678313924
-0.01565145500233 -0.296425271032635 -0.121332180143939 0.135680098649067
0.160331226380881 -0.260290585144935 -0.102955574298878 0.00874943839603527
0.262386191569938 -0.171925544201853 -0.0724860879787361 -0.076313130665592
0.305616477847878 -0.00444332973108503 0.133963678719702 -0.225347275837746
0.352347137403141 0.079754531247594 0.251245036637331 -0.0493959939034993
0.562784170985499 0.348050160806082 0.303313443290718 0.0837674564341036
0.690122922700978 0.175633034186401 -0.132746463032796 -0.0582266036298932
0.649447845361473 -0.127550847445293 -0.128462802987837 0.349045085690766
0.466084047743815 -0.28099506533725 0.238070893294949 0.232053462509555
0.26836811898051 -0.412836693534376 0.201693148743929 -0.0274737802141626
0.103368767937065 -0.423699589419495 0.0247247106220017 -0.0837370585237253
-0.0473420649277822 -0.446827617435791 -0.0833883003030284 0.0343735847603239
-0.172540095083188 -0.379155345487158 -0.0593111486373317 0.127052693137809
-0.195486209870109 -0.375747803332799 -0.0179057376722997 0.181075767652579
-0.100272274514962 -0.344347478318331 -0.0687466977496091 0.151734938430126
-0.03162193820719 -0.376972006661785 -0.147561723969354 0.0993074473842615
0.154325822127752 -0.380855474102313 -0.142856381671724 -0.0104946419981021
0.338100493562845 -0.327787246596162 -0.114788263531471 -0.0911159712663325
0.479322882073869 -0.0758146235363677 0.0890287479469564 -0.222014472938882
0.538018360971437 0.144259887003238 0.142458931902653 -0.0768172882680582
0.609439531332186 0.401655750660404 0.092880956857878 -0.00395274480337101
0.747623278347873 0.161600064762286 -0.261267652272646 -0.0422548092782989
0.643372029225333 -0.186453421697876 -0.116949417079825 0.327615419678869
0.388808039530834 -0.313168709988463 0.25240448931868 0.166927788614511
0.215490250630525 -0.367037527203383 0.229995436842005 -0.130208080242677
0.11214464339733 -0.382981102723805 0.0349363698729265 -0.229921404225465
-0.0123528051448862 -0.43815009490171 -0.112074417736167 -0.129932284768479
-0.142578657615304 -0.395781158207853 -0.113371713607055 -0.0246939988378572
-0.165138362504506 -0.409872567868326 -0.0801857341445402 0.044796877500027
-0.0737221417365563 -0.386182993314721 -0.125427135145346 0.041552195152722
-0.0235974616005701 -0.417835178861966 -0.183085430467512 0.0338313855468828
0.152419556136902 -0.459199116722724 -0.188649302047516 -0.0486211191421211
0.392446796462616 -0.439823598006717 -0.152618050656849 -0.118692212496497
0.606295715739133 -0.123866111166324 0.0282949738727927 -0.19945782277807
0.651748660251019 0.201440349847708 -0.0191943487947712 -0.0999806512790936
0.571437161466772 0.375394605254376 -0.0975609878283287 -0.0729351618363573
0.674835310252549 0.0924850006385386 -0.346662154184512 0.0036925592311676
0.492191067602115 -0.223166491822321 -0.07594879123111 0.29126164857826
0.220587060596367 -0.264710094562192 0.241771368313504 0.0977803864756365
0.125673060043479 -0.240655783103402 0.225276698545721 -0.202712949580471
0.100334714638446 -0.273720926578199 0.0341731989959532 -0.332869154598193
0.0206829953637059 -0.35842413580501 -0.127569273150449 -0.269554803083218
-0.0897194203661587 -0.349154676440948 -0.149507116953927 -0.171505967010623
-0.0989272995584631 -0.381274380772918 -0.130381498983541 -0.10154170034711
-0.0177575878293277 -0.360939915672321 -0.167876714108666 -0.0852840161487341
0.0107072205655263 -0.382394645336683 -0.207139924803213 -0.0555780052928797
0.151496541175228 -0.44935444108422 -0.223522749095196 -0.107608558924719
0.411019612408088 -0.460121282854078 -0.1730555999933 -0.163413239393005
0.65401906108004 -0.118316544827949 -0.0341659856721007 -0.166929149833997
0.662663480072947 0.248225043735041 -0.207689216164951 -0.125103395169144
0.455146662979054 0.285863784549051 -0.241902455894963 -0.105197096206485
0.512302841887207 0.00220747461979009 -0.371122204164834 0.0626202499781497
0.274986879949612 -0.220439262033637 -0.0285409344162573 0.238620824979676
0.0482636713204836 -0.164145536031211 0.204457017843037 0.0413066445861115
0.0458876511755019 -0.0882978759747934 0.194246552478033 -0.2278739902555
0.086758091732126 -0.136926876739349 0.0257164093476715 -0.378949077667341
0.054439476475052 -0.232825720313852 -0.129248853294217 -0.362160711848277
-0.0201930130832111 -0.24749948651703 -0.162756361331273 -0.291916828298007
-0.0130442371828932 -0.281538718500723 -0.149958961477272 -0.231641835149299
0.045259139221841 -0.255743245934953 -0.171572796084854 -0.200491968219185
0.0396102157552692 -0.259495388415876 -0.198749789058962 -0.142479620938134
0.124095398945502 -0.345970063072373 -0.232906701807767 -0.177102487406539
0.368835690541093 -0.380389827525859 -0.162810034154421 -0.223158717670725
0.591569815648475 -0.0569059600741783 -0.0801250507483083 -0.139221259209279
0.547926803323025 0.273793823084958 -0.389740951015302 -0.159004332428185
0.285609675981941 0.166325561686615 -0.33063732616596 -0.0942794962834997
0.307620712158721 -0.0722637380976003 -0.353955981781069 0.125065814292567
0.0697087606871419 -0.179408692639896 0.0120704068879724 0.186507269221365
-0.0742328398335019 -0.0538173150667748 0.159851181339182 0.00740900464981802
0.000493935623022518 0.0430207756965453 0.158523956688865 -0.219935544828662
0.0796571809218566 -0.00887316178774054 0.018576605359804 -0.379713209087043
0.0879891647798284 -0.0885361758320973 -0.119435749241382 -0.409652793179546
0.0517649371710472 -0.108486515535392 -0.152017525649086 -0.364741049487955
0.0641200145683995 -0.123243163560955 -0.134766127713432 -0.319071414936333
0.073711385038102 -0.0884296757472877 -0.138104883655614 -0.268092605388568
0.0220582284206455 -0.0843710356024525 -0.167125873805195 -0.193786824617155
0.0393346014196971 -0.19446506322572 -0.224614412199995 -0.236449222507369
0.239488770822858 -0.247175716350629 -0.124602829188562 -0.289092870130438
0.412510100626037 0.00940295785111564 -0.0977378812122987 -0.122072753651036
0.332332191914298 0.24693645572572 -0.526774029679385 -0.200356012576306
-0.0950022109908926 -0.061396634193078 0.676344352106466 0.189572672209746
-0.112914894114603 0.0465277613299162 0.183725877051827 0.0651618050922923
-0.0306435617529547 0.117824213012701 0.0787879981638797 0.332564454712038
0.115495948736137 0.0590998176826389 0.228654395729811 0.243467843855935
0.0643140358615251 -0.0990919461311966 0.123286491475595 0.167815127131779
-0.0497822797654927 -0.0878333563077502 0.0646025885666218 0.253038947261935
-0.107110508802318 -0.0410079823582652 0.0964940056709254 0.352580669277497
-0.104531867062333 -0.0336708680334878 0.131319478545881 0.378096720924463
-0.11445891311066 -0.0436598404499672 0.126189308044742 0.389193188793109
-0.0928074995032206 -0.0755879628099401 0.0273006418278807 0.321524155740192
-0.000677189128853631 -0.126404315849933 -0.119322326693652 0.18420678647221
0.1306205599333 -0.045820776685896 -0.0954394907587656 0.0234274297013984
0.0563467195065643 0.0889062183142526 -0.0334993600466176 -0.0940519937098588
-0.0729239113662474 0.0614297128567781 0.16881570239883 -0.20350575927951
-0.0842973002466464 -0.0976017883743935 0.294290874439208 -0.0102473844403668
0.188213048022823 0.063657288793728 0.628391058065862 0.179475663750827
0.204372529874526 0.059701705235827 0.108873464389014 0.00790258898490455
0.230858516052897 0.00750153605854093 -0.0127486880654338 0.35588225900494
0.272248264240044 -0.0784738014025361 0.219550472034284 0.265441655399226
0.155910297778609 -0.255911101840469 0.125005079192595 0.134154290758068
-0.00309215817745236 -0.2585506272649 0.025654781603698 0.186532256290227
-0.11467207120613 -0.223924205531645 0.0306614897631884 0.303523913413094
-0.155571306278571 -0.174882698350513 0.078407341217867 0.342038465974098
-0.161589979931932 -0.169518699089488 0.0965595577781323 0.351902078902896
-0.0976112805532647 -0.168547305832288 0.0159713043759792 0.281069977060788
-0.00868681136519708 -0.205835353810124 -0.10819895427854 0.159961867868476
0.150100277995979 -0.146586446777883 -0.0851923732567417 0.016882641922784
0.165139280573254 -0.0284018718896103 -0.0419768748116365 -0.0738885849151869
0.1150124289728 0.0447555179209865 0.149060199939027 -0.214658191846507
0.130927164000167 -0.00489472033847834 0.296970436192772 -0.0309511805236185
0.422023903370249 0.204065101152026 0.493163193313736 0.135928433046402
0.491693130350837 0.106765644919747 -0.00370441980336632 -0.036040967845551
0.47954181939439 -0.0797359612523653 -0.0793425368264236 0.359788810583718
0.404673243305656 -0.203327240584737 0.228357601478457 0.254742103425026
0.230333783081994 -0.370366592427904 0.155477676036697 0.0620075655950529
0.0513042462110635 -0.380219760032404 0.0110815626985953 0.0654160866992214
-0.0976652317901055 -0.365662373698399 -0.030635041808135 0.191112510274874
-0.184810405009297 -0.291524997657708 0.0129869075716344 0.254319475107774
-0.198608961094582 -0.27846961591319 0.050940408178261 0.2810252025877
-0.108245907574577 -0.257234204089533 -0.0124930432154189 0.227367534891368
-0.0301043745975541 -0.288883634516629 -0.114706630345022 0.138613649230459
0.146392200602194 -0.263231611563888 -0.103560637590115 0.0103692010807371
0.24999343913478 -0.178201942547758 -0.0707621813248918 -0.0720578550840896
0.301446759489861 -0.0158913127722643 0.119398698490006 -0.225657148877854
0.348455111734784 0.0658550921566398 0.24642637496292 -0.0585629286225551
0.569116947281245 0.316686621782097 0.300258038219094 0.0670060251042633
0.681778779481354 0.142259743233028 -0.138453721565305 -0.050011132709513
0.629094635773386 -0.155037810318012 -0.11004048875232 0.351633388107364
0.447718065946303 -0.295938797665593 0.247915417323411 0.21358290272563
0.245603471398452 -0.415944123756564 0.196773525542052 -0.0386978549693453
0.0862821260525556 -0.425661796921168 0.0146470376310109 -0.0848806756246877
-0.0659661998599288 -0.439807946239032 -0.0798978240242966 0.0388809450728004
-0.186147750949593 -0.364334566119871 -0.0534921523239323 0.128373498248826
-0.208799834919013 -0.357860999900811 -0.0100722544420119 0.176820227326218
-0.111265831604155 -0.334981119754867 -0.0615882134906653 0.150436906498622
-0.0480532613494752 -0.366745924626504 -0.141086248677748 0.103596172848356
0.135974292943499 -0.380680383018691 -0.142241258118891 -0.00594146848819246
0.316958003306912 -0.333809989900741 -0.112140926385551 -0.0843721460131174
0.467836256047527 -0.0945692447441876 0.0760043612688659 -0.222384536559384
0.534987553189517 0.119590542660727 0.138059253603859 -0.0819055863139388
0.618828601097955 0.367993665748617 0.0904847076173283 -0.0104554610534816
0.738137293558527 0.126685298986222 -0.262982266728603 -0.0282892905561008
0.61897131201156 -0.212885823426459 -0.0983532813291925 0.329914631316715
0.370901664031592 -0.320581717284634 0.258152046083545 0.149536646195607
0.196035633337656 -0.366917086806585 0.220925925594912 -0.140901238713265
0.0966731501684229 -0.384403350138168 0.0190510321093498 -0.228452571401611
-0.032379181483837 -0.433218502424421 -0.115038852072287 -0.119977356993866
-0.15743177753631 -0.381467429779331 -0.112454834738956 -0.0185087977707152
-0.180811912309686 -0.394691379208524 -0.0774942058995295 0.0457006826357387
-0.086935414631789 -0.378109347951497 -0.122521503826112 0.0455258731280334
-0.0406089834843502 -0.408334672547784 -0.177886553182138 0.0404408372991633
0.130439155377321 -0.456941901165674 -0.188384995953852 -0.0403288390369385
0.363748285439008 -0.447143672992662 -0.150668410563154 -0.108782293497215
0.591005926613244 -0.149383305614388 0.0190253103784451 -0.198752757204698
0.652724793283657 0.169944256956469 -0.0200760860037455 -0.0989883440343167
0.579807359488934 0.343681397888818 -0.0987451703721288 -0.0712869802922306
0.663896058531084 0.0602800477605708 -0.341849789075688 0.02073781773406
0.468885045322744 -0.238832270090801 -0.0587771575004969 0.292192218169098
0.2069908957347 -0.265299775820924 0.24524097569477 0.0827033441971784
0.114342771910047 -0.238271964730623 0.213192482054749 -0.210482082126277
0.0910391243116755 -0.275531378357735 0.0140489909304161 -0.328549770715905
0.00441402312219694 -0.356909946192364 -0.1359626066036 -0.255452597417301
-0.103051851426018 -0.339566912720666 -0.153639820276868 -0.162168681805784
-0.114649617656288 -0.371836506669977 -0.133253535646495 -0.0953141022168085
-0.0309344060343178 -0.356693192849251 -0.170352382720244 -0.0768934166319417
-0.00453372146214304 -0.374703876740164 -0.204656422419803 -0.0460636479092602
0.129328652300581 -0.446199351371291 -0.224276828778097 -0.0961731731183883
0.381583358205241 -0.467369229018532 -0.172920405288047 -0.152501931751965
0.63758266673795 -0.144115465897699 -0.0386776216604611 -0.165940201903825
0.66433308546354 0.214686510883005 -0.206946721424655 -0.115470406318939
0.462536927019986 0.259437262083339 -0.241490832170461 -0.0963752047361447
0.499215841683908 -0.0228687934067856 -0.361776105145511 0.0805122062557333
0.255042918337257 -0.226654357904578 -0.0142091091402767 0.237295908271166
0.0409680759615792 -0.159602079651098 0.204686478031704 0.0315678155039496
0.044947208932019 -0.0846563236921598 0.180804741547211 -0.233242281393324
0.0838277855290156 -0.139779004564613 0.00688658867353227 -0.373673526828438
0.0434061797997112 -0.235079956564954 -0.140785202087304 -0.348081121347685
-0.0294927598250382 -0.244374818420572 -0.170273108304058 -0.279810214273913
-0.024082850307974 -0.278518822403913 -0.158123516690456 -0.222917168797886
0.0358376507537448 -0.256440924989649 -0.179195493536013 -0.189300995888921
0.0302333673601472 -0.255433274813527 -0.200001389777279 -0.131211633268032
0.106642059808865 -0.343587239423236 -0.235624992703753 -0.162568574995237
0.341189822749198 -0.387763786321712 -0.166761772506488 -0.212019532159472
0.577554743665786 -0.0830909662724664 -0.0822138789345339 -0.136905815931263
0.555224576491376 0.243543828879883 -0.387086352489336 -0.140744973571885
0.288883893954801 0.149315860206752 -0.327304934487409 -0.0812347398843644
0.296765725452408 -0.0875794734472471 -0.339996286351197 0.140077452288509
0.0563440504621777 -0.177402289001114 0.0226180069454164 0.183756999772706
-0.0739634631536183 -0.0464068563266662 0.158084493712318 0.0016492390325962
0.00526048281418747 0.0449318784843297 0.147183789964558 -0.222598185686029
0.0813918400839603 -0.0131124424113266 -0.000471153041826033 -0.372822725991443
0.0831556839201434 -0.0947123159147852 -0.134768109134538 -0.393460926323465
0.0470596282016556 -0.111716268352237 -0.161468612769648 -0.353725400546461
0.0596870855866069 -0.126432110479964 -0.145296639705968 -0.309564190435083
0.0716325600699479 -0.0925044779874999 -0.147948340457581 -0.25720180516435
0.0202612994824124 -0.0823368911705857 -0.170863795486482 -0.182516668159341
0.0288264261883255 -0.190756984803398 -0.229580263654121 -0.219289872359848
0.22111853468287 -0.251735623621501 -0.133741108956072 -0.279370416406889
0.40626376831129 -0.0117493216891134 -0.0977569256597797 -0.119555511815452
0.339761999110523 0.226837963347626 -0.524738323852014 -0.175478127588229
-0.107137655610088 -0.0281142247652394 0.687810998084069 -0.0428664500706642
-0.0859521691632213 0.0812957618422032 0.189235547736614 -0.00249779475956908
0.0162830230341389 0.118571793457577 0.174118808119321 0.279952619488114
0.129434996208039 0.0108671662916277 0.285114591448849 0.155756855628475
0.0256481896147956 -0.111436728000597 0.168542440105494 0.119833551451312
-0.0743014941571741 -0.0612272637451041 0.143234092186683 0.21220521381894
-0.110142104799023 0.000335176082009789 0.208747609433881 0.290347485963458
-0.104004160504226 0.00711777052328615 0.244265787590323 0.302425486226657
-0.118769785148042 0.000286586631315479 0.240157816371571 0.314124567350613
-0.108496837604156 -0.0374923546542724 0.127789015432924 0.285012147753616
-0.0448032671436912 -0.113873837917325 -0.0483713243326785 0.211184555968849
0.104671887648999 -0.0865834868869065 -0.0857963083557673 0.050696260143404
0.0821805889758809 0.0649752309230244 -0.0617810716217679 -0.0797557980849912
-0.046427433487524 0.0828712040588597 0.0910618647656784 -0.23569315820418
-0.112322889650997 -0.0601429222643722 0.266352723774348 -0.0900303847769189
0.202470238794952 -0.00753892210437142 0.631598414528311 -0.0303256722130104
0.211591988061318 -0.015300263500297 0.0912614345724781 -0.0180135429773037
0.218667718337709 -0.0702879898346169 0.0989066027847649 0.348192092090044
0.225091684142346 -0.169665012289349 0.288258762038227 0.189736812264922
0.0598308458349768 -0.285145305695029 0.16475761563796 0.0933548708773564
-0.0856828560615761 -0.235379696922487 0.0886090496122647 0.168173639886115
-0.179145973543584 -0.169462519303364 0.134514068180783 0.274403230503151
-0.195539088158711 -0.10575347056683 0.18836104730132 0.286221528815805
-0.202236246835452 -0.0999292540332682 0.202922550830181 0.289221853875934
-0.141543403033941 -0.123181850993711 0.104902798018173 0.253340788675084
-0.0761679743086133 -0.183665216315201 -0.0451502534205751 0.185594923980704
0.0910894397620482 -0.185189227567545 -0.0775546211222465 0.0436997289611314
0.144419373383566 -0.076731446336516 -0.0640293078536236 -0.0578433994497498
0.122097958032171 0.00702494012271995 0.0675258408753789 -0.242960603308098
0.118239230388485 -0.0397730868475146 0.261172299726898 -0.117738953898629
0.470288992178498 0.0454446799480209 0.482044785223823 -0.0241324338548019
0.494310815089931 -0.0709617998434331 -0.0385034152106041 -0.0116732450446914
0.415927253919463 -0.234660294628567 0.0379546529449029 0.390327442650302
0.303588692251755 -0.329048894408796 0.298911359063148 0.186039860267999
0.0902416011569856 -0.414666455308719 0.174763890761215 0.0206143738795358
-0.0754476655754544 -0.367034300210429 0.0394669510788384 0.0645813326141609
-0.211675691191898 -0.309188161064155 0.0425407835730045 0.196925819295812
-0.259160652797898 -0.203827568948417 0.103142267790655 0.228735334155197
-0.269698582022191 -0.188397849779676 0.138591112852641 0.238589812250122
-0.179088688885117 -0.202983628735468 0.063415610472518 0.214577037384309
-0.121027423324968 -0.25278109462198 -0.0555875516660613 0.168475058360022
0.0518715934002932 -0.290520951024407 -0.0956601377749681 0.0455154103319335
0.174734474034195 -0.239450271311864 -0.0910785566137824 -0.0450072297912401
0.273474967477696 -0.108594110041117 0.0356781310405285 -0.2475725253749
0.344386024446407 -0.0419646020951669 0.204408079648652 -0.136206915395912
0.647770177067778 0.101489603200638 0.274238947788577 -0.0250222128562864
0.683016406117476 -0.102728764787152 -0.175356424180972 0.0254220048316435
0.529066779413031 -0.35430985157254 0.00943461958443085 0.403262589302757
0.313032252924896 -0.428096309973949 0.308524306365954 0.146034210778657
0.0920158482784899 -0.460550033534673 0.183690695674014 -0.0850183237929994
-0.0555378415575743 -0.42203836633505 -0.00615259867327253 -0.0735573881253352
-0.208227135468248 -0.390426121077625 -0.0532934315392093 0.0763805859473537
-0.284639949421002 -0.270462574948816 0.00214086662875357 0.135839293767614
-0.304855969695939 -0.258583684981124 0.0505519928554894 0.163867734768756
-0.206194474409387 -0.273753925339085 -0.00477609633226399 0.161559638544636
-0.161938365101974 -0.318504388247181 -0.0891929790090215 0.145217296882494
0.00543491988851138 -0.393229641993888 -0.134820089354755 0.0457068797127349
0.187180907978911 -0.402557074758063 -0.133864037461174 -0.0407165823246304
0.401731883536054 -0.234812641346697 -0.00509729834306858 -0.233959090044345
0.537475042117738 -0.0501090371818529 0.0968898096381579 -0.132769922801504
0.711034648341522 0.131478507192519 0.0528545150176794 -0.0307279842761194
0.726384554094421 -0.137032799312449 -0.284251362197946 0.0880040211437657
0.497320380834172 -0.402772162117665 0.0183219087169767 0.378878650395542
0.231410831438184 -0.422211930104953 0.300781208684963 0.0803576358713204
0.064900007542622 -0.400362896282218 0.171819807821747 -0.189158757830257
-0.0308418197469991 -0.388614561208787 -0.0504864849441618 -0.208000953854941
-0.175055546675722 -0.398508043177101 -0.139971955487398 -0.0572859201430004
-0.263891885901355 -0.296861055828948 -0.0997959338566243 0.0212360895399706
-0.290578827546203 -0.302242021995585 -0.0527633781157366 0.065067797140213
-0.197814047417729 -0.321568288852638 -0.0935363824971972 0.0858215201930137
-0.165330266424703 -0.360009411482997 -0.142736389131317 0.0996794994068095
-0.0238980924620511 -0.462640839304067 -0.186523877070809 0.0304549833181503
0.192106665841077 -0.520488328489005 -0.179117947820888 -0.0490421416493293
0.495518322740343 -0.326566349421326 -0.0522927463880142 -0.19713831897759
0.664004981853941 -0.0421868598551168 -0.0541121868586005 -0.105329892855493
0.664680466324925 0.123015126080355 -0.140143633480491 -0.0277627587427888
0.634567734667613 -0.173540822147865 -0.334447370109355 0.156522520401218
0.348564171816825 -0.376925712881232 0.04678519941935 0.321641956646707
0.100061829353696 -0.3128611707503 0.267868806390064 0.0128970757564804
0.0330372558182687 -0.255638780086466 0.1388406898917 -0.256926963904965
-0.00174309585631564 -0.288612950493749 -0.0898317062968602 -0.299508802096136
-0.11606689010468 -0.340358285213545 -0.205577506636548 -0.176930722479691
-0.200514994764099 -0.277586722227301 -0.185701599461824 -0.0971051362891051
-0.222704895391555 -0.30563133921171 -0.148985307402239 -0.0458569109851438
-0.139816634323261 -0.320480020410332 -0.176943177694813 -0.0107236097080161
-0.121346624294182 -0.340961864366959 -0.194649325745232 0.0292244016366503
-0.0203093919372562 -0.452069820521393 -0.23563329344213 -0.0095738035737964
0.201083000784996 -0.544483900526522 -0.214430254016556 -0.0820321882931995
0.541484229002062 -0.337530563827172 -0.09541514890534 -0.15190952834232
0.690063008282005 -0.00466111255426443 -0.22905887853735 -0.0666256679536456
0.524904180178627 0.0861714944024157 -0.274419499561919 -0.00791251905129582
0.453438188434546 -0.19287343803606 -0.322954403714436 0.21314463016224
0.156368628677441 -0.29281848768645 0.0739798515415559 0.243933392399102
-0.0147804361918107 -0.157674628421343 0.210226615728684 -0.0324179722057301
0.0191735491864391 -0.0924233215587433 0.0970489357641037 -0.271781545380556
0.0351604036128032 -0.162649595864172 -0.115100419742471 -0.339191047967457
-0.0395406746572139 -0.240376544812878 -0.24389507595428 -0.263407312660475
-0.104794768740083 -0.216237622291829 -0.241892470358045 -0.19948624436179
-0.110329042776151 -0.249867654270189 -0.213558893275873 -0.154995046984692
-0.0472651513819215 -0.250031091240615 -0.222199417312965 -0.111975356952657
-0.0515090314102602 -0.243696851351435 -0.219804663477045 -0.0517953866623657
-0.00962326348754966 -0.348517839790281 -0.265471478940526 -0.0681189261002145
0.190068146923588 -0.459125779201621 -0.227195642252969 -0.140087891198181
0.506790429052958 -0.263953272727869 -0.124201243880563 -0.112807328615526
0.598297130903967 0.0548582682529397 -0.399376891336297 -0.0340917092305144
0.322928739308142 0.042077598483503 -0.341289724271946 0.0314831424127548
0.24241389153968 -0.182302840492519 -0.272034547512351 0.254073432956854
-0.00973614489452742 -0.179016126854384 0.0911959722530782 0.16938964342711
-0.0812925718252386 -0.0142454523850737 0.15259687182928 -0.0520620236250629
0.0245609803750373 0.0381054530201076 0.0643230735967287 -0.253009074682865
0.0735947906540859 -0.0446291894071457 -0.123672209385384 -0.339565182550601
0.0443806410982213 -0.122300502629876 -0.255142956668426 -0.311635607870662
0.00666248856809072 -0.121129774975926 -0.260951570516918 -0.2701059257226
0.0149651720597331 -0.138696089710893 -0.231061184189188 -0.238925350279552
0.0380778963172209 -0.109881102180012 -0.216485400575969 -0.18646797460782
-0.00464396559226924 -0.0821537307983996 -0.212320971304894 -0.110372411217614
-0.0334215562363171 -0.182533294267912 -0.276749580288755 -0.124971005856699
0.121286993518178 -0.297589782398755 -0.216222384772847 -0.213722736977393
0.370717602448269 -0.142735735934606 -0.129823615989304 -0.0912480440321744
0.393757440827315 0.106166819965989 -0.530635723402989 -0.0187134020457784
-0.106832407882217 -0.0246951215129757 0.67732677011524 -0.0500611220210528
-0.083360515565995 0.080886638833294 0.183348276100164 -0.0029441415290023
0.0179141028542509 0.116054965510611 0.17820494483688 0.275337452058454
0.128387229490319 0.00535508099572795 0.282227109582343 0.147924559237588
0.0213901492674348 -0.11102076367616 0.165245867497758 0.116567709274478
-0.0753254154431293 -0.0600183044286233 0.140732375365256 0.208881278071912
-0.107026432147771 0.00282197286510492 0.206904417103442 0.28401447744174
-0.101708717780245 0.0113328781210969 0.242430797294928 0.296453301299175
-0.11686869549008 0.00495821799509414 0.241006928402566 0.304265402551498
-0.107197484509544 -0.0332683984682622 0.128961535195837 0.276841388905379
-0.0487016612496223 -0.109709028987626 -0.045041718841849 0.209924113846303
0.100531966155497 -0.0891742886850177 -0.0872285037990921 0.0501286772559178
0.0846308093960124 0.0637208389793986 -0.0624877326090429 -0.0791430350152543
-0.0420074700442266 0.0827670274313937 0.0844522020227932 -0.228928101407009
-0.112781566038449 -0.0535926238027728 0.263320935191625 -0.0882712780924848
0.198987131512092 -0.0086839561793389 0.618677027788484 -0.0373526415924404
0.208238436949493 -0.0159745027316823 0.0856618309589146 -0.0163030226055171
0.214639993596315 -0.0710086754708483 0.102966964177531 0.343976863348843
0.22250335340777 -0.172393510779476 0.286735607403715 0.180140436359859
0.0540954501465175 -0.282936850768332 0.161401725966817 0.0888761527372223
-0.088706905661039 -0.233211715894136 0.0863673184504315 0.167013567509488
-0.178203094318906 -0.164774057572912 0.133685792305455 0.268785684556192
-0.193367552430993 -0.0995962397442713 0.187115900145072 0.281760877436666
-0.200117546119092 -0.0934796370045911 0.201872072651457 0.28101942322611
-0.139973601739819 -0.11918698356149 0.105079141433897 0.246537602889644
-0.0788503490724897 -0.177826347436817 -0.0437598488698912 0.183861586222242
0.087208361545441 -0.184896261552353 -0.0791706888619637 0.0425549099182878
0.144022854461623 -0.0756282068349157 -0.0626733815532214 -0.0580005565389992
0.122525399836185 0.00660086495622294 0.0620144585154198 -0.236858022626479
0.116491509172292 -0.036721792265755 0.25722435503477 -0.117194507744911
0.46473078896515 0.0395210217975888 0.473396257010716 -0.0309958086438812
0.486054840926517 -0.0710797199972539 -0.0424066584079914 -0.00863017149993187
0.406955449894621 -0.234740328394462 0.0438362035047278 0.386736157685354
0.299341457875184 -0.328546093209921 0.297829632219225 0.174908169708054
0.0846366482100644 -0.409543026516801 0.171153814934031 0.0152891703324641
-0.0787532912073336 -0.364253003206032 0.0348948803431274 0.0650172953005696
-0.214351940860422 -0.30378981427984 0.0434241873380662 0.193676548185013
-0.2567707645991 -0.196009260389292 0.102744790132641 0.225959174407285
-0.267712669970895 -0.179822265614834 0.138140491556793 0.232935584513503
-0.177903927913373 -0.199196909017002 0.0629514500047721 0.20976827242039
-0.122219103717878 -0.244941598651577 -0.0545731963135401 0.166900872428496
0.0486904874279428 -0.288534495862144 -0.0964840311004432 0.0450339384460734
0.172094650997318 -0.236498871334806 -0.0870789344257095 -0.0458776898864124
0.270409721841384 -0.108969724170691 0.0313037572184473 -0.242739149212247
0.340805347605655 -0.0418834604805086 0.201280811050843 -0.13595071750927
0.641707347735086 0.0935265666322803 0.268065371501361 -0.0317841750507827
0.671365878675652 -0.107641589103064 -0.177345619151624 0.0290458476121791
0.513649982572386 -0.353625520924913 0.0171880911792012 0.399785065754583
0.30754626033882 -0.424754272371508 0.307207436311459 0.134813885336082
0.0871263867260283 -0.45334541713389 0.179276191578677 -0.0889792457111725
-0.0589090106317725 -0.418915094634797 -0.0117730596531752 -0.0708479103496482
-0.211762938031965 -0.38465945327808 -0.0523419121216144 0.0766219908417597
-0.282758702822579 -0.262887398545013 0.00244961196513444 0.135031027594866
-0.303671742110087 -0.250729486916094 0.0496677299587582 0.160486256016952
-0.204796059944575 -0.270294785996317 -0.00484542071740443 0.158872854078058
-0.160449240252767 -0.310152950288236 -0.0879184762836885 0.143602200656841
0.00320942973555981 -0.388789080303531 -0.134674136847318 0.0456551267379567
0.180745359990557 -0.397201129189827 -0.127995028887691 -0.0416288337831494
0.394311162060784 -0.235525268995779 -0.00864604686360115 -0.230733342710589
0.531109572727102 -0.0541728933626241 0.0952419825887129 -0.132863305445889
0.703153477992672 0.121761989076973 0.049615422958514 -0.0347019893792095
0.714331100496636 -0.14197613508269 -0.281892766928086 0.0914845989117643
0.483722684553866 -0.40065920212379 0.0251121983375786 0.374977157443584
0.226150960417915 -0.416995856157246 0.299781537667795 0.0714170080728956
0.0615310273156302 -0.393053068499365 0.168125826813703 -0.192187928693296
-0.0346376877607531 -0.386588267585251 -0.0566067659253629 -0.202541400937143
-0.179108105326173 -0.393517096103868 -0.138470784800592 -0.0543097617883531
-0.263918906016116 -0.290594885359558 -0.0984447558764086 0.0227943049569771
-0.291038718399624 -0.295091942226819 -0.0526429042357677 0.0650729729365322
-0.197809790081728 -0.31777815078665 -0.0926999298825021 0.0860453791434861
-0.165503059174084 -0.350466464051517 -0.140636093126735 0.0989266042509819
-0.0258139105425642 -0.455931390541112 -0.184689303599416 0.0307427462550498
0.184651761008506 -0.513283932920429 -0.172405970344483 -0.0494535918549422
0.486473249460704 -0.325863083425522 -0.0539083861128779 -0.196194349906895
0.656679541779214 -0.047512489851772 -0.0532781239422304 -0.105277132896835
0.657057867554758 0.112540258938291 -0.140246563495707 -0.0300186975401807
0.620482747637579 -0.177835503722823 -0.329401541116324 0.158990789336935
0.335791417629183 -0.371376797332416 0.0535628164066205 0.317546533902404
0.0984872846407178 -0.307843546893563 0.264334504933122 0.00702220055809462
0.0339825321793842 -0.250113328186803 0.133784715119593 -0.256615540604551
-0.00238460214248906 -0.288045173471742 -0.0954265423019811 -0.29357818372177
-0.120401434573864 -0.337429368884159 -0.204140724543159 -0.171016187739434
-0.201051657102671 -0.272505614464683 -0.184219036001996 -0.0941077756780603
-0.222775174193012 -0.300015372266766 -0.148898639284847 -0.0441894890499307
-0.140119400697129 -0.318331910950752 -0.175772799295734 -0.0077746977181704
-0.121429455658012 -0.33384366436364 -0.191749475875597 0.0297295636765335
-0.0234407550139233 -0.445220194526135 -0.232001154406039 -0.00717993614672931
0.191085144814181 -0.53558817152049 -0.208184038509506 -0.0809838237370378
0.530789250950763 -0.339340950042844 -0.0958117337843813 -0.152130404301718
0.682733109542364 -0.0131604607354792 -0.226126932336977 -0.0652566136630721
0.519053825875892 0.0767587613639546 -0.271493700537016 -0.00957509015844815
0.442032315925015 -0.194996564185993 -0.314624767537813 0.214109531202652
0.148510342990284 -0.28632114625884 0.0784656246704604 0.239017354485496
-0.0136326939646931 -0.152471575501209 0.207911782612682 -0.0349185961867638
0.0225110749086131 -0.0896373564392155 0.0928075119685211 -0.269758009281564
0.0362553914983547 -0.164294679202077 -0.120195638191664 -0.331097821907384
-0.0425934375359604 -0.239599247506303 -0.241233223224602 -0.25628032650585
-0.105781535287848 -0.21422984053105 -0.239416897429866 -0.196055314802589
-0.111572298129287 -0.248450708254571 -0.21371572027106 -0.151148895474277
-0.0479597382101426 -0.249790311375331 -0.221271757430611 -0.10718278890701
-0.0507030237058643 -0.23904528064582 -0.216847070347204 -0.0494212815647614
-0.012499234707836 -0.342056182117937 -0.261060961407129 -0.0637131663020993
0.180507016920394 -0.452679957710358 -0.223080832475746 -0.137050018684695
0.49558764412615 -0.266736682601462 -0.122729710099536 -0.114151368033462
0.594157015067155 0.0470838775201222 -0.393068080542951 -0.031072505202405
0.319002077723354 0.0360839426531133 -0.336384593523389 0.0305188869814555
0.234879389154934 -0.183978800922298 -0.264354345792581 0.252996022175159
-0.0132497718346169 -0.172935528484351 0.0932650204820848 0.16592396539234
-0.0784662708916076 -0.0111525439116426 0.150357197645227 -0.0514237481893642
0.0285114067013139 0.0380419925947993 0.0614557615150329 -0.249718218379253
0.0749775314362255 -0.0475684271779365 -0.126854512548386 -0.331876671012167
0.041299727815598 -0.123728321157814 -0.2520804437606 -0.303845881078722
0.00514557654929933 -0.122854531363824 -0.25847753164664 -0.266136468856643
0.0133235163919281 -0.141225382278092 -0.230228355488323 -0.234707308177802
0.0385435274764718 -0.111933688439109 -0.215850622696556 -0.180402206308322
-0.00249613183755947 -0.0809082291939897 -0.208876827664685 -0.10624128888667
-0.0350637324421456 -0.177062370618803 -0.2724690585987 -0.118670451449643
0.114463845515049 -0.293098935298169 -0.214032969773691 -0.210107149811067
0.363082870219024 -0.146796847476655 -0.127450782138223 -0.0936362662528643
0.393162841147671 0.0979520082582634 -0.523920919399033 -0.0139510932448944
-0.108558208743923 -0.0230099515201379 0.674302385351324 -0.0567385795363052
-0.0823460619034629 0.0823221624917521 0.181856667919777 -0.00278422248531288
0.019714062468373 0.115295550498521 0.183398555111582 0.27646721933067
0.128330227206679 0.000248901648123787 0.283950448669686 0.14349462379207
0.0179896718641486 -0.113035008763868 0.16488813412925 0.115673333805638
-0.0774959684304749 -0.0592732519823045 0.141223856468053 0.211148132289104
-0.106260274832529 0.00479109673383608 0.207644529318688 0.283664775637367
-0.101189725763634 0.0152538792423437 0.244816772262284 0.296395151764304
-0.116869717272271 0.00906994842084781 0.243091000571767 0.301205152928928
-0.108012954688272 -0.0294846919969963 0.131305906586257 0.274801344783738
-0.0530026223126126 -0.107223293212659 -0.0443556664661974 0.212213857551154
0.0982546114607023 -0.0935347042656983 -0.0900826930226999 0.0502510377754834
0.0894811658465012 0.0633665148565287 -0.0646929432796489 -0.0802036247969297
-0.0390770516527462 0.0839042996294879 0.0801011044236284 -0.226423830221951
-0.115098316953382 -0.0490550501220156 0.265234599968764 -0.0882273283546516
0.199572250274935 -0.00983138787660827 0.617832532228862 -0.0441361577343132
0.209928431914251 -0.0168965876722418 0.0825487477949754 -0.0147248520302951
0.214631317575745 -0.0729463344809121 0.108771500120648 0.346963935904631
0.22318851754555 -0.17828972707809 0.289491045065274 0.173564186121047
0.0512519277087346 -0.284944581906609 0.160880700864839 0.0858691966899278
-0.0928681913309158 -0.234820495268071 0.084622881220963 0.169084190133726
-0.180940670178812 -0.164419577903179 0.134861239348703 0.269336994073259
-0.194395223496052 -0.0953354906892411 0.188622533402737 0.283195526039421
-0.201533086766692 -0.0886275913342949 0.203971548070704 0.279156607244658
-0.141641977432748 -0.117306110520208 0.10658705454718 0.24506080688901
-0.0823056192555429 -0.175303144774556 -0.0437456766051472 0.185846372472426
0.0853568964015371 -0.188978829745519 -0.0822217467106166 0.0427528759829989
0.146878716182176 -0.0771723389671618 -0.0629672210905042 -0.0602152451797973
0.125133561500948 0.00608327698063458 0.0587069759248276 -0.235548518103449
0.116860473260661 -0.035079465081693 0.258571588367433 -0.119335463885545
0.467379340174825 0.0354768837338166 0.470682797351339 -0.0390924842992591
0.487673058234516 -0.0747859877023927 -0.0469500465562259 -0.00569026972887425
0.404107669754814 -0.238644785836338 0.0514127092676768 0.391067883220583
0.300217227462912 -0.334443297372955 0.301122274629361 0.168389729354098
0.0813900390656761 -0.412762657923561 0.170985102268276 0.010894965962051
-0.0837632681960488 -0.366882937528728 0.0316758683054669 0.0668895997396411
-0.219550979357314 -0.304098560033387 0.0429103850394609 0.194981505561936
-0.260040398663846 -0.192300002268854 0.103487127611669 0.22800785585562
-0.270569912865432 -0.175595899558827 0.139722485555337 0.232337461782538
-0.179903587939041 -0.199023297314324 0.0634569998355288 0.208736062358602
-0.124398729742134 -0.241913102629164 -0.054941438947404 0.167791038324038
0.0470598931094433 -0.291645447563106 -0.099066794939773 0.0445628081767524
0.172713521841601 -0.237944803039437 -0.0849489572731312 -0.0486340296002338
0.272599877157172 -0.111348101294574 0.0283233334204521 -0.241551029023481
0.343573427996386 -0.042715409226799 0.202674933931991 -0.13848565621965
0.645649323223496 0.087026219687199 0.265753824069202 -0.0370082719488436
0.675179957550405 -0.11266562358183 -0.18234295060589 0.0329631950824563
0.5110314148264 -0.35708857880163 0.0252346689711038 0.404443337020518
0.307183803052127 -0.43149642605319 0.310693857064829 0.12809067772555
0.0852262069913906 -0.456315580298733 0.178406119971067 -0.09537118645593
-0.063351493010709 -0.42408709561616 -0.0179262274959389 -0.0696454157316943
-0.218966804105877 -0.386592370612792 -0.0525254460605168 0.0781069906866249
-0.287302494436725 -0.259099031698614 0.00251336215409922 0.137705511468779
-0.307238430182372 -0.247003563856941 0.0505934285589139 0.161281738983924
-0.208161291590962 -0.272115999767594 -0.00518411023186324 0.159198058022044
-0.161943247036997 -0.307212076534419 -0.088960027479064 0.144200821049235
0.000822878718609742 -0.392242274250796 -0.136602629371605 0.0469807295570611
0.178442457540971 -0.398885423667208 -0.125416210578884 -0.0442397675265542
0.394838517474111 -0.238318057033553 -0.011191498394875 -0.231408869395631
0.534885032142565 -0.0577684022172309 0.0953854403214444 -0.135130891505415
0.708368080940159 0.114739537133357 0.0467487418191787 -0.0398989756992524
0.716246455892308 -0.149092251444188 -0.286299589083853 0.0961562895522721
0.477602562448124 -0.404501794465068 0.0327281408167472 0.378976131290278
0.226829323058447 -0.41992048600822 0.303048436686545 0.0642247113139662
0.0626685291946779 -0.393364353993146 0.165248399222615 -0.198966911047673
-0.0364543780613369 -0.393092870367785 -0.0645460735429403 -0.201480036497455
-0.18663418309349 -0.39651990146004 -0.13943209178376 -0.0520658684755525
-0.268616616771308 -0.289054185912663 -0.0994665893568559 0.0246723712933486
-0.294461506912829 -0.292964882946807 -0.0537812601412721 0.065903115916967
-0.200604482840756 -0.321833609530312 -0.0941092401970026 0.0871251895373421
-0.16771202250805 -0.348832252945188 -0.141459774450491 0.100381945926267
-0.029085590509289 -0.457911813185737 -0.184944968292348 0.0326460672614402
0.182040296338329 -0.514170648459511 -0.169632243928136 -0.0517753827263621
0.485877424336459 -0.331834876940296 -0.0566298361348509 -0.198552661223534
0.661942089121581 -0.0560869122913683 -0.0544904883699276 -0.106001074296148
0.663587674178483 0.104257381612555 -0.143630186924347 -0.0336000025356025
0.620120971448281 -0.186146930867795 -0.331228197204772 0.163967550859588
0.331006022518731 -0.374532987445987 0.060288459426609 0.318844937848863
0.0992369058855625 -0.307625667496494 0.266775258944546 0.00247433586277561
0.0368316700155026 -0.249373513215975 0.131648622089001 -0.262116889740475
-0.00225367748504636 -0.293724260748963 -0.102954169444407 -0.292328699636031
-0.125801981138278 -0.340027747390303 -0.206000541159462 -0.169834347768916
-0.2051888129976 -0.273294846498976 -0.185515551368309 -0.0929148413579989
-0.228092782642337 -0.29964442660248 -0.151191846620012 -0.0425682319958631
-0.142900840271086 -0.323323557568037 -0.177950043034866 -0.00558258457447301
-0.121567783414675 -0.333454141360665 -0.193182172892638 0.0310911340184096
-0.0259937068391418 -0.445669933093566 -0.23244350595714 -0.00542958771264968
0.187913030453164 -0.538241552510984 -0.206399245069041 -0.0824491710885024
0.528088854328706 -0.346073968662257 -0.0978382097968251 -0.155045242206654
0.691357487853351 -0.0221873524108204 -0.227776597491325 -0.0647821663166387
0.52401160292118 0.0689144575705287 -0.274953882623931 -0.0117487816509706
0.43938129625046 -0.202107053639879 -0.314109128378472 0.217308895607512
0.143758475867077 -0.285613640140199 0.0838788049346673 0.2395265440534
-0.0122933379519035 -0.150353576377018 0.209725490155283 -0.036815539851035
0.0273050824431265 -0.0888426050243167 0.0908336697790066 -0.273063253578764
0.0373168903727441 -0.168965004167276 -0.126507295573679 -0.329848258170074
-0.0466610969723781 -0.243758700340125 -0.243094926403553 -0.254398994627089
-0.108406886860516 -0.215821171443487 -0.241786818608425 -0.197229281573445
-0.114904314912045 -0.251670633597594 -0.217127229194098 -0.150912359136185
-0.0490911795953097 -0.255040579489915 -0.22395652184716 -0.104195412894787
-0.0495462484675094 -0.239589467706503 -0.218558850387114 -0.0480683630057986
-0.0148007809367937 -0.341658441961265 -0.261567461106576 -0.0614456272397837
0.17570094260213 -0.454681503855386 -0.22230298114131 -0.138328684593129
0.495781738307466 -0.27379992266814 -0.124667427188002 -0.118694041280653
0.601625041473699 0.0386668711712497 -0.395634830315382 -0.0292749809801268
0.322013300216169 0.0305788958613713 -0.339290678037967 0.0291815743568896
0.231327412414932 -0.188804704765596 -0.261505099640256 0.255737587511789
-0.0165908739125552 -0.169684778663288 0.0974219024336843 0.164373811757324
-0.0762799655624275 -0.00828647103190554 0.151536205492928 -0.051444914904331
0.0335670234014502 0.0388905638148371 0.0599898688935879 -0.252188422624788
0.0773861032339797 -0.0517235197881356 -0.13088343545441 -0.331648480210598
0.0388569190013388 -0.127941122278333 -0.253598235069556 -0.302844406919336
0.00385060824023964 -0.126085342121072 -0.260624727880351 -0.268759784293151
0.0122793601783011 -0.146059798826641 -0.234091063430578 -0.235410435605845
0.0392559823649473 -0.116658737488602 -0.217715523492867 -0.177791316508975
-0.000505970017199684 -0.0807338484351314 -0.209588783563008 -0.104519469721175
-0.0359800763249644 -0.174998991524674 -0.272517850440862 -0.115595484057234
0.110468374628192 -0.293321551952574 -0.215891943062622 -0.2115253563828
0.362484155362596 -0.152466919310783 -0.127548839991066 -0.0984068838005362
0.40047263100138 0.0945190394015109 -0.52616872093201 -0.0085198084396862
-0.111880464720588 -0.0198593256350073 0.679758809179869 -0.0734543105680807
-0.0811342400568055 0.0851211354180028 0.181033028630203 -0.00631736758463517
0.0231689238130941 0.116611594553455 0.196803928077001 0.276515425374789
0.129696874177284 -0.00628217164411442 0.291807333144591 0.135946006137072
0.0121546328634205 -0.115818360552741 0.168646304830291 0.11304557801963
-0.0819168443599238 -0.0576593370252832 0.147661971541965 0.212385730990439
-0.106547244977345 0.00813680262677083 0.215362477884014 0.283736622138244
-0.100952369602162 0.0205167267987287 0.254051734363809 0.297053896851282
-0.118219799346495 0.0163453354850351 0.253631782213858 0.296775409440843
-0.110325367167126 -0.0246011950761289 0.139225556274782 0.272054621634907
-0.0593165898767906 -0.104750747549265 -0.0396188159096928 0.217798627818639
0.0954536263663169 -0.1002765968399 -0.0929175729619772 0.0532387199918193
0.096112812111226 0.060829898765448 -0.0698559081946195 -0.0806045707097741
-0.0351323409451876 0.0862179022764064 0.0745172470694392 -0.228167123919373
-0.118845944032597 -0.0423381830440513 0.268240756349195 -0.0937810485192558
0.201960893786465 -0.0155634434225621 0.621761793379321 -0.062539960800584
0.212302550621991 -0.0214107871485454 0.0795234406448112 -0.0147495004556115
0.21579839391416 -0.0784680793323795 0.124058253722446 0.350874051592914
0.223109340176847 -0.188999514912257 0.298337276044194 0.165036098287497
0.043429554286025 -0.29068617785066 0.163811892902708 0.0808998891151681
-0.101891303282979 -0.237124327984647 0.0869263010801775 0.171806454291811
-0.189210572890814 -0.161951285355631 0.141415040021849 0.271140241622087
-0.198657986838415 -0.0900022132640912 0.196777420007486 0.285214442368497
-0.206004475606448 -0.0814038943152917 0.213536309985631 0.276638884866871
-0.146422040219493 -0.114717562326105 0.111936031474951 0.243781501391502
-0.0884189115769725 -0.172260149234639 -0.0410808639562268 0.18998900568876
0.0812638448267087 -0.195985087377594 -0.0849330387223369 0.0453395681169212
0.150392879957741 -0.0819253519472195 -0.0654203191584098 -0.0622732720567375
0.129339052577136 0.0035512774998992 0.0525649119560784 -0.23703928452855
0.118527766156445 -0.0350473956597387 0.260915123305497 -0.126238833747749
0.475017949944016 0.0240789143611432 0.472602446111758 -0.0515471198587248
0.493577710215869 -0.0866111189142627 -0.0516095489480986 -0.00164428155453378
0.403790658119949 -0.250085826488521 0.0655548340751183 0.397976682554993
0.298006913835976 -0.349839739679772 0.31136246151567 0.159678984731632
0.0722731675949369 -0.420567784710671 0.171815769072696 0.00319823620807012
-0.0947058755776607 -0.373928725409421 0.0291635900452397 0.0696607322403412
-0.232124052502987 -0.303355118076004 0.0473704791976062 0.19781157804648
-0.267796117172706 -0.18633487466829 0.109703941958853 0.231068522356108
-0.278180617571594 -0.168713376347468 0.14658868513249 0.232435994827738
-0.186998663437129 -0.198419088868017 0.0676193886346861 0.2086997371278
-0.131387906214941 -0.239937943732993 -0.0541324883983095 0.172523435042733
0.0408809952276575 -0.298373188704246 -0.101309352639517 0.0472867609778208
0.170965385921183 -0.245465728972667 -0.0863512925330948 -0.0503737234598294
0.27495688440488 -0.118150621126761 0.0210012050487941 -0.244189226971561
0.348164802438256 -0.0504909937704433 0.202327896489643 -0.145559955573487
0.657239264345558 0.0703005551632991 0.265027129700002 -0.0475478193621629
0.680480322236586 -0.131338934536349 -0.188823708479469 0.0409200925835795
0.507437714510455 -0.373062398713451 0.0395373028933985 0.41077463616623
0.302857713687746 -0.446465759325529 0.319774504716189 0.117836399081324
0.0773684682918205 -0.463504611477673 0.17668326784502 -0.106354761292647
-0.0748677904268324 -0.432406111487456 -0.0248702883745865 -0.0682655771446816
-0.235719384377449 -0.387675888880235 -0.0525456927742935 0.0823490028461812
-0.297415345173962 -0.255118133689334 0.00487458566675226 0.141676497619927
-0.318031716709234 -0.241829856518824 0.0541321838299645 0.162546925694989
-0.217441423599025 -0.272320590100881 -0.00267157979218226 0.161459081983975
-0.17060296487481 -0.306062710997193 -0.0885544972364487 0.149094143314403
-0.00758922406666987 -0.399112050426227 -0.138616180664301 0.0495346818569439
0.172379333919483 -0.407727309365828 -0.125502947605197 -0.0459704596689809
0.395263639303888 -0.252055033805427 -0.0188389672262189 -0.233851083759852
0.544678202421613 -0.0727598781511098 0.09376270933061 -0.140226425392974
0.724741497481789 0.0959726607862204 0.0423020889152604 -0.0458674012385352
0.721564674517618 -0.169413395709648 -0.291944888460668 0.106924210776324
0.472124661270132 -0.41885466323951 0.0476046217754902 0.384294878523061
0.221891324483984 -0.433462601342965 0.309706886326272 0.053849799800033
0.0565953237927232 -0.400152392716053 0.160941530920953 -0.209561328208868
-0.0460835012105206 -0.401180299511463 -0.0757073208561305 -0.200822702592139
-0.202707152187141 -0.398163346123341 -0.143280085189456 -0.0484061454957789
-0.27910359701908 -0.286456770489763 -0.101111890838808 0.0287058669347563
-0.307136721814792 -0.291063339240523 -0.0540064281715118 0.0695929129151165
-0.211909027077939 -0.323982054634059 -0.0947964851164372 0.0915202185581489
-0.175434796111326 -0.347798160208542 -0.142171091876283 0.104891050002954
-0.0394472120779134 -0.463695362087868 -0.186845770709619 0.0373142070479242
0.171580685320256 -0.524253442611755 -0.170358162972012 -0.053481259024664
0.485211669532279 -0.348340324622268 -0.0637517932061164 -0.200840981470902
0.673066633205413 -0.075809426532979 -0.0580731298759502 -0.107566573440514
0.677148822605974 0.0872726043759532 -0.150464703534234 -0.0353755835036625
0.62119900718495 -0.203677444629125 -0.33435559167605 0.176095351821934
0.323402697886457 -0.385867011596338 0.0729318202921866 0.322553622404459
0.0958429237815708 -0.313609770853781 0.273252000956388 -0.00708996292390714
0.0360433761741641 -0.253146721250722 0.125368743958615 -0.272909115407653
-0.00772956545907336 -0.302411898919179 -0.11702252257632 -0.292064915985752
-0.139620261587713 -0.344176152268774 -0.212687759901045 -0.165868251125562
-0.214479128029704 -0.273180273118939 -0.19194494696351 -0.0903455189905662
-0.238328166041069 -0.300398696485338 -0.155484916375731 -0.0390588961222785
-0.153007549288785 -0.328222916326682 -0.181711950591486 0.000443019437896944
-0.129013389999784 -0.334849128336527 -0.195844891764658 0.0362216072395695
-0.0360176445092581 -0.451652162647497 -0.23536438375318 9.24177795368085E-06
0.175602946252077 -0.548734167706778 -0.208709663317992 -0.0821880453216598
0.528743794238811 -0.365533908999324 -0.104274973209519 -0.157928087124589
0.705612689517049 -0.0433398480264894 -0.233200886472039 -0.0607048198534787
0.533287197093746 0.0546785776379242 -0.281975947003439 -0.00989495189089018
0.437707239195216 -0.218962389125588 -0.313807073690392 0.228529145166394
0.135621062424834 -0.290598454241549 0.0931481803172793 0.240174756945929
-0.0130930944249387 -0.150641273145433 0.212772022758725 -0.0430533098678177
0.0308839610632383 -0.0897577686641305 0.0849787681373208 -0.281426511720591
0.0365567158725434 -0.177030468065352 -0.140235271734756 -0.330268285117679
-0.0564647803895034 -0.248744823686923 -0.252367655380022 -0.251971032958957
-0.115851806884755 -0.218709025764788 -0.250791137470406 -0.195857950360005
-0.123738628728501 -0.255335000224519 -0.22431838600865 -0.148270869223274
-0.0551902339939509 -0.261966798588829 -0.230114484140863 -0.0988053382493968
-0.0528946329459757 -0.241892374801107 -0.221875638294119 -0.0432039897915533
-0.0223408337782247 -0.345691415762579 -0.265172605160314 -0.055400317340662
0.165157134445675 -0.462796106280865 -0.227443805931219 -0.138837709304391
0.495216229721517 -0.291435390639729 -0.129792411143101 -0.12159758669388
0.616993182817717 0.0208545376131066 -0.402075957493988 -0.0195142584396211
0.327783461556731 0.0201843136276653 -0.345077093364818 0.03382114987975
0.22678899799134 -0.199016316833965 -0.257807497752565 0.265170151800987
-0.0226372727555067 -0.16915048719777 0.104738048569613 0.163371514497783
-0.0754447675853267 -0.00473440228628641 0.154764407839785 -0.05431471430335
0.0397555399933288 0.0385674716848111 0.0556353274851503 -0.257196995037977
0.0792948773922286 -0.0580813573408012 -0.143201945669477 -0.330612356168192
0.034647095406829 -0.133495579395342 -0.265222392749581 -0.302175309758657
0.000117343855472487 -0.131168657292899 -0.272122282648305 -0.27085624740279
0.00762024787208311 -0.152312830778443 -0.243103761770209 -0.23399333806769
0.0384138741214436 -0.123421746795724 -0.224200204311963 -0.173828777116365
0.000227405052007223 -0.0823934584770413 -0.214230238833318 -0.100186889589073
-0.0413799734278566 -0.174393721235266 -0.27767628742271 -0.109010799762029
0.103248728460967 -0.298371723985319 -0.223783380631561 -0.212962856577906
0.363805735679495 -0.164691454621779 -0.132020964228677 -0.102376907563015
0.411872260970694 0.0813927330269497 -0.535688696344444 0.00530140966078104
-0.115596463482838 -0.0147164033794941 0.676965901268686 -0.103124015942685
-0.0779753648994174 0.0892424353035981 0.17877568588484 -0.0120695580764642
0.0288354694343087 0.116401625055643 0.212363932671561 0.27043727358909
0.129458392120981 -0.0145604946503208 0.298741529513864 0.121286029214375
0.00431533610081087 -0.117673678541022 0.173035809028835 0.106576921013525
-0.0866755335599431 -0.0540034164003248 0.156802406682923 0.210007055312318
-0.106660860189684 0.0135579167113472 0.226866222215993 0.27828920519701
-0.0994845302179811 0.026750322286656 0.267448599601633 0.291003389565059
-0.117219313964714 0.0249352090645869 0.266690318290348 0.285735894364955
-0.111422134471964 -0.0167600312670286 0.149398780526021 0.265610285476301
-0.0662596345658922 -0.100134109589998 -0.0315285641259708 0.222420232872664
0.0894024502951101 -0.108496673724179 -0.0935934665195079 0.0581355944206737
0.102623567321438 0.0553533548223542 -0.0751426934416818 -0.0779392550602176
-0.0296422815646314 0.0886974121675909 0.0644049184003365 -0.228152590185603
-0.122141163727246 -0.0345461756201899 0.267121391029233 -0.103770689955252
0.200370470924361 -0.0247727092258161 0.618904694112583 -0.0893339519260529
0.213575070046877 -0.029408736560523 0.0758549382288997 -0.0163149353366482
0.213456157096306 -0.0859127485835234 0.142762743364893 0.349299463326739
0.217725479549927 -0.201600367079394 0.308524726079188 0.149696987923617
0.029843146186063 -0.295584888873345 0.166123263066494 0.0726926084423062
-0.114300950082366 -0.235661539892374 0.0926732586739189 0.171944762704212
-0.19867981690021 -0.153796616366137 0.152651588617642 0.269520756564064
-0.202911607893215 -0.0801581362406399 0.208454968378269 0.282674706053661
-0.209498325593101 -0.0695980776440554 0.224970985021419 0.269091042023983
-0.151679612444107 -0.10788978577206 0.120383869744801 0.238696177441672
-0.0966881130926514 -0.166962447807941 -0.0351268100152763 0.194489051971327
0.071747338239168 -0.20319756405635 -0.0856204163359515 0.0484376749806894
0.150503599415763 -0.0898171231946068 -0.0683860438276781 -0.0616284733703034
0.132884797108403 -0.0012566190174031 0.04197015429497 -0.237167320361256
0.118075382300376 -0.0383470502321887 0.257203288107677 -0.137183229921836
0.477665672697439 0.0023795483341781 0.470273232390688 -0.0741170263697072
0.494491642389511 -0.106578308137334 -0.0570954456319537 0.00292780148436115
0.39585963018689 -0.266487712976468 0.0869780021705285 0.398028847201212
0.287474084341677 -0.36729120587821 0.319505009427852 0.141884025932191
0.0552259004328393 -0.426362909533559 0.170705372457222 -0.00845723827808078
-0.11258315273662 -0.375054350704934 0.0278941406708101 0.0716616989750538
-0.249751257957426 -0.295521536689705 0.0550147297082035 0.199046704090239
-0.276321401645026 -0.17549795142394 0.118539806963915 0.231116547521482
-0.285727777030451 -0.154983323069877 0.156086748117368 0.226788786782998
-0.196565692432511 -0.192156348985935 0.074299138114572 0.206971221777672
-0.14060515248784 -0.23361068451492 -0.0496804216377405 0.1767588612036
0.0279106150673871 -0.304429383180159 -0.101941482611241 0.0512901588749157
0.163430614352553 -0.253466820706182 -0.0875803025538868 -0.0513666195443017
0.273746363483258 -0.130404206939459 0.0102227855690917 -0.243966317174534
0.35049893981196 -0.0651441957154674 0.198246923366512 -0.154852357696884
0.665565617164685 0.0399268078690296 0.259925145946624 -0.0609084900466581
0.679370317110997 -0.157723020554204 -0.19219420405794 0.0514632892184236
0.493452537526301 -0.393609618832053 0.0623490887693524 0.413056818980277
0.28872904801342 -0.463344495776872 0.327143702358895 0.0990475355414744
0.060794547945118 -0.469874638237083 0.170271118070692 -0.119061134790958
-0.0928539137076852 -0.436315981654115 -0.0340987141166651 -0.0646623606084484
-0.255717532469023 -0.380386916719408 -0.0498524360575512 0.0865833432533215
-0.308959275902975 -0.243599421872725 0.00955292006082634 0.144804692537606
-0.329563207404769 -0.227206108292848 0.0603730994762445 0.161759527739891
-0.231289405556308 -0.267053640642441 0.00199110931050116 0.162658505467413
-0.181226049529485 -0.298930679242997 -0.0854532030776819 0.154303190374199
-0.0250880310294045 -0.40339320934896 -0.138308746283934 0.0550186031006918
0.156769076198482 -0.416794837492014 -0.126853282963087 -0.0461139782801564
0.389435127064373 -0.269631799835189 -0.0298549095694646 -0.234706970328449
0.547014931787805 -0.0982436565858083 0.0886374193383793 -0.145348113243537
0.733796314417067 0.0637206525770624 0.0360607155548402 -0.0513645529618008
0.71873554323775 -0.198260594442222 -0.292869950609522 0.121650993643023
0.454055990149205 -0.439841439498026 0.0675754756087256 0.384515672234386
0.208327267258891 -0.443598605379778 0.315329184923647 0.0363296127267836
0.0454649103545327 -0.403000195727976 0.150994867130281 -0.223412549393095
-0.0626869806048555 -0.406608575202807 -0.0897468895761064 -0.196364322819958
-0.223415362058423 -0.393929387373798 -0.146459397294116 -0.0410930054343388
-0.29316178579925 -0.276527259709398 -0.102040055527499 0.0345827356726918
-0.320397390174634 -0.278327639144151 -0.0519947163791305 0.0731163226948033
-0.228116213428872 -0.321528739988278 -0.0932912712518665 0.0975127675718239
-0.187297603905092 -0.343648530988841 -0.141046438043193 0.111365379223541
-0.057949974990631 -0.466042702824682 -0.187270658986304 0.0435215487569439
0.14945513206202 -0.532502057891989 -0.171513742121082 -0.0507353748769551
0.475363071702603 -0.370708781611516 -0.0738588444682903 -0.200973301867641
0.677156756217127 -0.106368935922876 -0.062340289418738 -0.106060208868127
0.686371368626316 0.0554454520587863 -0.15714491265636 -0.0333072315169313
0.616287469643135 -0.230763231012107 -0.33164607618485 0.192630437395382
0.30623509170652 -0.398775092994482 0.0900073003067376 0.32083833269581
0.0860287084656793 -0.318430539501688 0.276114899787895 -0.0218430868135833
0.0312568897452226 -0.254821311584029 0.112667540111787 -0.283357180826865
-0.018961763328618 -0.308910706509761 -0.134817100750695 -0.286343415066711
-0.158680951321386 -0.34269686390817 -0.221422095971782 -0.157085613267202
-0.226263538032407 -0.267372172364573 -0.198010924779513 -0.0830085761256172
-0.254243549339103 -0.292840676925576 -0.158978243179373 -0.0321220882721035
-0.168166630625984 -0.328459930179982 -0.183581788906315 0.0096228469107405
-0.140113293675826 -0.331478548758212 -0.196295978052865 0.043967104109075
-0.05516170381484 -0.452281205944504 -0.235937997818017 0.00887976909771257
0.152056823412964 -0.556840294696398 -0.211842752224851 -0.0795121959176802
0.516026586194995 -0.390186110255938 -0.113250832008141 -0.157260534091616
0.709193839602028 -0.0769677756545397 -0.2363629460305 -0.0509533925262065
0.539740718923294 0.0290628056881036 -0.287576004398339 -0.00210385595432362
0.427149528373509 -0.239758248560461 -0.308657812464217 0.243629272806992
0.122177123177754 -0.294263249850753 0.107496975496031 0.235417664585379
-0.0169033340979603 -0.149761709716431 0.21507938887333 -0.0531469964489944
0.033222319951608 -0.0910043275304023 0.0725766929890331 -0.288601554137854
0.0310493117330643 -0.183863507498128 -0.157756173675877 -0.324088548322319
-0.0695840404451551 -0.25030589014473 -0.264398141341186 -0.242654545950097
-0.125896865646174 -0.217367011724368 -0.262736823847302 -0.188116122690536
-0.137001888581779 -0.25454985693761 -0.232399274896939 -0.139306289490113
-0.0666645938207513 -0.266046238216795 -0.234795185900866 -0.087683328610727
-0.0597327724395639 -0.241587637539625 -0.224151563254233 -0.0345643776072172
-0.0360046934443911 -0.344551601582759 -0.267372852283982 -0.0452733452996791
0.145876422454791 -0.46929508523254 -0.233698945059069 -0.134486546932297
0.486375651412806 -0.315263978628595 -0.137722107227166 -0.121294419743837
0.624160358379875 -0.0094822108971011 -0.405718374247551 -0.000788699481786795
0.330589199209357 0.00467656524734546 -0.347764098847089 0.0439516137842925
0.215783560127413 -0.211055615904491 -0.247866844376863 0.276984454763044
-0.0307849262824989 -0.166220023702731 0.113265157341631 0.158281478723584
-0.0738371867614725 -0.000778895925304871 0.155833441696835 -0.0593765040756487
0.0469329725737099 0.0371371406180475 0.0458489307665627 -0.262242952965949
0.0787407582026744 -0.0651678651485369 -0.159281707021034 -0.324604573137013
0.0275600333551104 -0.139115804547805 -0.277960925804643 -0.292597835642159
-0.00606068446724493 -0.135135462218924 -0.28565833104676 -0.264204107320251
-0.000419120360910064 -0.157452241446334 -0.254807827386849 -0.226137576468742
0.0347028428920372 -0.129760294013191 -0.230941135763352 -0.164127237006446
0.000387151162101066 -0.0827637318179314 -0.216553194050087 -0.0915586747994875
-0.0491292187130817 -0.17216058905736 -0.281824142695559 -0.0967245301865061
0.0896851361769048 -0.301620561420139 -0.235513403883886 -0.208287609504149
0.358572593674508 -0.183268969966579 -0.137441817438994 -0.102000658272652
0.421689816656057 0.0597867365050765 -0.537531971038299 0.0280287395642955
-0.107433628819629 -0.00278643047182578 0.639086876945193 -0.203163651210429
-0.0573571465452727 0.097131271967839 0.166381901751164 -0.0405844915962026
0.0547739847076157 0.110520362402332 0.242600052593275 0.229319054665848
0.128672591222021 -0.0394855809318617 0.305480749680854 0.0769860891228854
-0.0128327867943415 -0.114810198951523 0.188459465149566 0.0800655701499105
-0.0870750328577231 -0.0363728693086525 0.184726688604178 0.179232126050983
-0.0969797808322141 0.0329174550840678 0.264463592011135 0.237653675441524
-0.0851482413944185 0.0417869349363374 0.299092327175149 0.245400526177761
-0.104349542845729 0.0444117689955811 0.294871011617891 0.244098213682852
-0.107683046242861 0.0010868150264008 0.179114052340906 0.241884792299627
-0.0778460837078069 -0.0839992222680697 -0.00202404533723425 0.224032096673217
0.0697491124471471 -0.121439043067384 -0.0884595946546831 0.0717758566133339
0.110664582881802 0.0388384386657699 -0.0869473259695464 -0.0694206355019773
-0.016544458162684 0.0922565626456484 0.0377159846786164 -0.229434185510244
-0.12640352502343 -0.0163645552241398 0.250762652571743 -0.125976421243608
0.198106487727552 -0.0663437100961789 0.577054573824186 -0.167975678558632
0.203391842476796 -0.0650492766248107 0.064209925901486 -0.0143529560608001
0.200705982859443 -0.114664597383172 0.19494696735216 0.329188270220085
0.183459743866168 -0.236183376303381 0.323635151967899 0.110767224760375
-0.0139651741499061 -0.291523054382986 0.183016696745157 0.0485782297401205
-0.1427888438427 -0.209372158269003 0.121474104609908 0.154393255910254
-0.218578445322136 -0.116334224449156 0.197142759491461 0.244914495880114
-0.200395596914297 -0.0473856521266128 0.242966769527772 0.244010253035562
-0.210017803805263 -0.0340234477541621 0.253169136263603 0.23369419325671
-0.161575512332362 -0.0837553133037656 0.148708846941468 0.220820101171524
-0.115741794039181 -0.145323790443737 -0.00938822039850275 0.198106243865737
0.0387274616528505 -0.212464802142762 -0.0820427019765278 0.0630857310262912
0.135209827281038 -0.109152405718031 -0.0797418763349386 -0.0529261771509127
0.129141234273839 -0.0174953437069208 0.0108860184254795 -0.239609463394927
0.109769516935922 -0.0532834945753868 0.233647638220768 -0.163978004398609
0.471272949015861 -0.0859877471572978 0.427693097280103 -0.122665659984042
0.460556478264908 -0.185942851436224 -0.0638325270452945 0.03783883244192
0.347722106881272 -0.317583831220729 0.153113807789027 0.399362675547995
0.225136992466134 -0.407094275272999 0.341255339157713 0.108224398182691
-0.00620606103208796 -0.424340153709735 0.179498987232656 -0.0297066741366099
-0.163817858806583 -0.347412206574232 0.0475019289896934 0.0689217112232548
-0.295116552233257 -0.248034480281781 0.0959721588691247 0.195640326099563
-0.286115855841182 -0.130038295859043 0.150399266702726 0.207686942251513
-0.299100062834619 -0.107637230677498 0.181902924719556 0.202347169928526
-0.21950693717704 -0.160930186355223 0.100251084881544 0.197013833769601
-0.16750965573322 -0.20405890008877 -0.0251128756083678 0.182521556514562
-0.0186732198650534 -0.304886722021781 -0.0959767495178638 0.0700246728959588
0.124650141769752 -0.270362581867088 -0.0990279939974499 -0.0385486437900248
0.249036663498649 -0.163374741816733 -0.0265959100060045 -0.246606196507026
0.335394996910437 -0.112052571067557 0.169690760113456 -0.180672187521175
0.657575774482492 -0.0782387482456103 0.220007215416269 -0.0744351053298778
0.629916869505034 -0.265031027243544 -0.189629594090086 0.114460966217936
0.418723332791283 -0.459546628087621 0.134456290860671 0.425273356870815
0.209981366132962 -0.502034792722812 0.347559444081932 0.0690722433397043
-0.00816876925438693 -0.469489390632844 0.163986405717035 -0.137865081856934
-0.158231372653567 -0.412540361021925 -0.0304543466736508 -0.0516747787583173
-0.319939104287743 -0.332169608782134 -0.0216069978509827 0.104949133430732
-0.330438463147628 -0.191608941044439 0.0342254052151925 0.138209251593206
-0.354744803183985 -0.171471191163963 0.0810508908157222 0.150138299158631
-0.265893353811625 -0.229964811475635 0.0252328543062149 0.163784587524341
-0.216192506692919 -0.262107440590707 -0.0607939142589396 0.165409716442578
-0.0851684492749692 -0.393010694114983 -0.129243525330414 0.0801021591873251
0.095001921187955 -0.426113177317816 -0.1377622646601 -0.025058343308831
0.342731198062933 -0.315198982550154 -0.0702873611935864 -0.234379089814698
0.525269493069134 -0.169867835552333 0.0607152818450666 -0.163584899617887
0.723516377605481 -0.0651568743094117 0.00276797394457729 -0.0307371862743184
0.65638620728769 -0.307890056115353 -0.275878897873623 0.199559238836826
0.372648780510574 -0.496015379450337 0.139043593164279 0.396677088918975
0.134823903162723 -0.469866347278313 0.326987289265183 0.00634217636506051
-0.0135607109385717 -0.404741589710798 0.126710320001587 -0.237380365396046
-0.123890996677206 -0.393447330306186 -0.106178822836976 -0.169113867566268
-0.291536689587536 -0.351616285092909 -0.134945765561631 -0.00471521656197966
-0.320233767651407 -0.226159532970706 -0.0893003601193005 0.0465134109926049
-0.357826691240838 -0.224336201155885 -0.0402675133223621 0.0774609884422585
-0.27185716474379 -0.282775629356404 -0.0750984380806875 0.112200899284775
-0.228013160480109 -0.304526617916305 -0.11967666256812 0.129537163440395
-0.12736929965088 -0.448338313294702 -0.176736694894041 0.0763950395222291
0.0720661543491828 -0.537060248636258 -0.183208475598865 -0.021996652944458
0.4118296800654 -0.426869069035013 -0.112845326000204 -0.198421969134949
0.653929035032112 -0.197523032938837 -0.084276374693306 -0.111578617228047
0.672784862476716 -0.0642317106409291 -0.179723274119525 0.0127398924561013
0.551886695190371 -0.321747581552923 -0.298115905520037 0.269025717735787
0.233321995148472 -0.432847844427424 0.151700550856963 0.321260407631766
0.0359784997563959 -0.326497161721052 0.278629059790493 -0.0529731012941734
-0.00395812143799926 -0.25938409448116 0.0751573349386631 -0.292046619116799
-0.0702874360641623 -0.306329388732833 -0.164958589416299 -0.249151683397268
-0.21994615496946 -0.313914173169006 -0.227966075604148 -0.107863971051913
-0.259673779221393 -0.227751969192736 -0.199917623485924 -0.054365586632264
-0.296700067851192 -0.250116065234077 -0.158180618661016 -0.0118997605214053
-0.216201179330158 -0.299534826675384 -0.174823782380799 0.0378065579391632
-0.181184500602309 -0.300257496732944 -0.182038028577091 0.0705615182604683
-0.122200361666677 -0.434421675370604 -0.227535273451794 0.046918940355087
0.0700185744246438 -0.558660561556173 -0.226515198963122 -0.0435571479864975
0.44964764073904 -0.451518807738847 -0.147486334980694 -0.152998524692799
0.690777084437622 -0.172735454040878 -0.248185039886986 -0.0391673337802795
0.52607243897031 -0.0615877731607357 -0.296440029520479 0.0566081257126024
0.367069935025803 -0.295204243523213 -0.261661874818639 0.307094159798234
0.0719426928476511 -0.301283408005261 0.153329420167107 0.223558502904336
-0.0373017030068212 -0.144831097991671 0.21090196284623 -0.0821006442226181
0.0228158240367601 -0.1016524048517 0.0305186857241217 -0.291567573620652
-0.00392998705336119 -0.192613964807884 -0.195926431089635 -0.281953557374228
-0.11832449138928 -0.238483566534057 -0.287473945383489 -0.188177753939793
-0.156949698872875 -0.195169630144146 -0.279328444959165 -0.147363875891789
-0.178924845629738 -0.230476871254619 -0.24403194837355 -0.107974593559683
-0.107420837240265 -0.253063581794179 -0.238855687156406 -0.0529239127718235
-0.0910079864638159 -0.224908888421886 -0.219978441058157 -0.00362414028876709
-0.0880444621181474 -0.328523246610725 -0.264615410553105 -0.00452456684487826
0.0744867904247838 -0.471597251980004 -0.255230680589968 -0.0966248953507202
0.429972027854853 -0.375406185961359 -0.164729041160172 -0.115408532902588
0.617299691285478 -0.0927067512391719 -0.403222658556732 0.0302795768012875
0.317811520505088 -0.0488287867849074 -0.340745860478778 0.102254159841985
0.168427678144012 -0.232274670665652 -0.193822372980158 0.317861580373478
-0.0560361654260147 -0.152646120343234 0.144176213369614 0.137369156699651
-0.068208957557637 0.0100697338840803 0.147983917636246 -0.0841804902973935
0.0543892247833272 0.0212245387220344 0.00440224140081832 -0.261299973679418
0.0597984407660125 -0.0840818356888766 -0.20087427422335 -0.283925297347117
-0.00467797845867206 -0.145356252893261 -0.312318986523435 -0.2386584220679
-0.0312536950519448 -0.132206265460016 -0.313718459276607 -0.218584960881327
-0.0307813209333455 -0.156757345389688 -0.277293888350749 -0.191113479551896
0.0119770602557289 -0.134409310843107 -0.24594691914316 -0.130375902772799
-0.0101381528541558 -0.0791544021401827 -0.220802171399079 -0.0621838858868012
-0.074443762165393 -0.155520715688429 -0.28479094989705 -0.0573056536368705
0.0426589925054961 -0.30081534935462 -0.263703377428418 -0.172301241817676
0.32357930139281 -0.230950395992581 -0.157346358862452 -0.0965660454649978
0.427841965315366 0.00320331011737898 -0.523791691841497 0.0777117920016476
-0.106962558916584 0.00311224635249126 0.611447800231591 -0.213133478293742
-0.0529580194245937 0.0960793045834175 0.157342264973056 -0.0409633592765528
0.0576344938418312 0.106223680805555 0.244692567434177 0.215384685785848
0.123425864562177 -0.0441509658686511 0.297867223907236 0.0630596631403294
-0.0189007658630151 -0.110639654588803 0.184025534197946 0.0715672563282287
-0.088038990724889 -0.0324776083042256 0.183726077759545 0.17090619556145
-0.0925917363601024 0.0361748486791043 0.262627639214252 0.224714911008876
-0.0804754684920596 0.0445674426167036 0.297280387486629 0.233646729267573
-0.0981196766973168 0.0490745382505368 0.290348345721442 0.227838624077534
-0.104007078710647 0.0065957489856162 0.177267812241981 0.22909385217175
-0.0793565618570225 -0.076975384400625 0.00408453328069615 0.21936318786951
0.0612560748869544 -0.121718985775943 -0.0852612825449519 0.0724095405222937
0.110644491112945 0.0322876012375889 -0.0873671111843954 -0.0650228349667706
-0.0105548783575996 0.0895725906379255 0.0300443187594109 -0.220552285857076
-0.123130403916102 -0.00867687792381292 0.241124438821353 -0.126975769516614
0.187064358931656 -0.0683548994102604 0.551808001610523 -0.179158928331595
0.196693523336284 -0.0684340384662896 0.0577868078611634 -0.0115845384031644
0.193344598929459 -0.114916921119235 0.201696550243971 0.31494804221008
0.17347866128237 -0.237977824081938 0.316761221166064 0.0937471930016042
-0.0222725746877301 -0.283491547725933 0.175450696815841 0.0403711958228463
-0.146728449239103 -0.200575713712648 0.119905867075208 0.149551764127294
-0.216300894945787 -0.105703788191102 0.197353953516209 0.233332597940235
-0.195228513476018 -0.0395566705478363 0.242916463736076 0.235283695335724
-0.202013445270517 -0.0249347686703421 0.25040111159567 0.220152710961792
-0.158926718775906 -0.0753599748451694 0.147095486148088 0.209525524555824
-0.115354223243644 -0.135755215627163 -0.00520643488392956 0.194863341154057
0.0287089837183295 -0.208639323315059 -0.0792516851194836 0.0634416270877695
0.130227395416367 -0.111152786695214 -0.0797593840817254 -0.0511848076498957
0.127689651006935 -0.020943121862403 0.00274608099631919 -0.229762398189071
0.105691292041371 -0.0528238952875188 0.223302041936315 -0.16474270589783
0.452846013829041 -0.0964815489921593 0.406569783150188 -0.129177232398523
0.444028830954209 -0.191220585845841 -0.0650209573649957 0.0423226486634401
0.329355905569028 -0.316069087423394 0.163213729762714 0.383145495613556
0.209116172161894 -0.405171776433821 0.333371255522552 0.0914245073094332
-0.0161951217330542 -0.413282903417979 0.1688775311076 -0.037741856668908
-0.171348521871432 -0.336065925102504 0.0441529417481123 0.0694570571432977
-0.294754525988789 -0.231300252531193 0.0980465307880689 0.18798413581022
-0.280721843184672 -0.11753258928085 0.151501707955967 0.201767357218815
-0.291362624917107 -0.0936092691041807 0.181110445563625 0.19189589712902
-0.217894389419586 -0.150676167802043 0.0996177509872683 0.188960523605542
-0.165765339194453 -0.192264261048464 -0.0213350330447364 0.179771952283896
-0.0277517618253163 -0.296284924353656 -0.0928437072368623 0.0696444105949651
0.115012272040264 -0.265380742935506 -0.0979147800123357 -0.0375452997120553
0.239261259010017 -0.16584736948208 -0.0336209932491604 -0.235775598881721
0.323312535367796 -0.116951224621782 0.160086378810182 -0.179624867851202
0.634759289730345 -0.0954532639981033 0.206645845631864 -0.0782114004696556
0.607203976703991 -0.273806434292818 -0.186359410957647 0.120139374391518
0.394737079494939 -0.453422351817462 0.145956130304388 0.408225350631789
0.19264435172212 -0.495670682960273 0.337968527699257 0.0527326165077099
-0.0179076486807076 -0.456720050028128 0.149829464361841 -0.142120907284439
-0.165783663375972 -0.401217012472123 -0.0354458029448961 -0.044942139702344
-0.321685923245479 -0.312722243938984 -0.0178210893258451 0.102907341457779
-0.325200385539385 -0.177729938160365 0.0366502219947334 0.13709236768858
-0.348234387022204 -0.156034694612375 0.082440429904953 0.144705386096268
-0.265164662170293 -0.217708487643282 0.0266879640412873 0.159482552548669
-0.213647784303752 -0.24923912843837 -0.0568427625531332 0.163508476423216
-0.093845516991799 -0.380016042161196 -0.124975575842647 0.0797472872743237
0.0827087144304131 -0.415401011023371 -0.1351362364191 -0.0247835045091842
0.325353032450487 -0.315019554182289 -0.0753671495305529 -0.22409978649359
0.505858023928938 -0.181624736445647 0.054694461275476 -0.16022925497148
0.701090554056859 -0.0871979390756236 -0.004039471053101 -0.0301556614936514
0.631298604265624 -0.315891481892419 -0.266729735961795 0.204218173463318
0.346956110817263 -0.489313422321924 0.148167818057931 0.379522288900627
0.119576204733942 -0.461813857899547 0.318630377047396 -0.00845946271581305
-0.0184998148024748 -0.394017553576319 0.110626503068504 -0.237516652875893
-0.133498684206718 -0.383492831059941 -0.111747532347605 -0.157006481113149
-0.295902872185379 -0.333075215557802 -0.131119720614965 -0.000803362612527579
-0.317016210285099 -0.213204758885543 -0.086249520848067 0.0509064095967426
-0.352789015287765 -0.206826453273486 -0.0374652557583885 0.0773906823962732
-0.272593395352685 -0.269995240308143 -0.0708824893629118 0.112738389923511
-0.226791619636556 -0.290529013808085 -0.113903116861734 0.130181899855442
-0.134496821387701 -0.431776757240776 -0.17046509769793 0.076678194950998
0.055559409455612 -0.521045562879815 -0.179125301891852 -0.0205386880823594
0.388041813321713 -0.424746155446908 -0.116263595614012 -0.188856763743639
0.630155369548822 -0.213000699518438 -0.0841837518836873 -0.106265320747856
0.652309233290016 -0.0820105145043255 -0.179341445467757 0.0156986193523679
0.526302371052195 -0.326572241268444 -0.285139797302321 0.271215282042543
0.213262089297777 -0.421192853969422 0.158359510488797 0.305641847698304
0.0272208460460371 -0.317750693473549 0.269547192916232 -0.0628355890636872
-0.00492339110664892 -0.253478020521343 0.0612582816195228 -0.28776342381978
-0.0767005929475729 -0.300561836505241 -0.169813333990548 -0.232654640018294
-0.224990068172962 -0.299585304080322 -0.224160053714787 -0.0981582036405861
-0.258806108048406 -0.215872132115205 -0.19660222999147 -0.0453449043985809
-0.296074046285038 -0.234211921972875 -0.15423449666545 -0.00621494666848562
-0.219193873186433 -0.288552081049751 -0.169242289636696 0.0426786327131362
-0.180725657734113 -0.288638309472 -0.175833048316442 0.0732545305602585
-0.129118787216972 -0.417182438110242 -0.219783564476613 0.0503919536005579
0.0522231083630439 -0.542187280671839 -0.222834229972239 -0.0398110795316636
0.424414303318898 -0.451805721891818 -0.149027913690533 -0.145433036964334
0.667654827099065 -0.189123663227547 -0.240080599177065 -0.0311846099242538
0.508170572240421 -0.0772617825731564 -0.290752859489461 0.0608622762913141
0.348074035970163 -0.296102216100485 -0.248132274732626 0.305306487144682
0.0592981978656716 -0.291463479298708 0.156306290364241 0.211102345788929
-0.0385242046326829 -0.137931983103027 0.204445897319916 -0.0881125607339381
0.0254363781809305 -0.101063992944457 0.0194545607150924 -0.285998821293447
-0.0085915646104687 -0.191802583269587 -0.199645107361505 -0.265165995801627
-0.123511476068829 -0.229666882242876 -0.283841549093341 -0.174626505158175
-0.159115843322424 -0.188220847245449 -0.276774457578076 -0.136424161839756
-0.18156725751207 -0.220301980597322 -0.240066533907743 -0.0982884427012968
-0.112784489392377 -0.247216231353841 -0.232655456742811 -0.0438829160403816
-0.0907841506929427 -0.217403590557704 -0.213553345020461 0.00132740791012007
-0.0944076981180454 -0.314961384630888 -0.256409113719876 0.00143314323225231
0.0585450556036558 -0.457845919719538 -0.252459391039976 -0.0895047688110368
0.40754744873542 -0.377399167585784 -0.164372681351533 -0.110233074254232
0.598137054020919 -0.113768642427358 -0.390495705518827 0.0400385675687864
0.306816160563969 -0.0582773088906316 -0.330856864003037 0.106085492698369
0.1547927508773 -0.230322718315685 -0.180480065816332 0.313440359141738
-0.0597418286531204 -0.142983301757628 0.144045109447835 0.128343398842122
-0.0651638532325361 0.0129405562386174 0.144925392063969 -0.0866148100755745
0.0582906138354522 0.0170615312967817 -0.00248901386031316 -0.254455161276046
0.0568979247136602 -0.0867617571203787 -0.202137123032132 -0.267920253014708
-0.0104715050558593 -0.142866841588713 -0.309181669519939 -0.223304416943047
-0.0351149567463531 -0.130826583183517 -0.313076939776547 -0.206323357794425
-0.0367212764389596 -0.154137987586726 -0.274633800025708 -0.179843790469663
0.00756220640778464 -0.135121592372801 -0.240009729989244 -0.11987106401328
-0.00893751435910341 -0.0782032733520262 -0.21379328532911 -0.0550231012917959
-0.0767544086038736 -0.146387521016312 -0.276208084517808 -0.0481335169569559
0.0327221686135539 -0.291479932066093 -0.263951466939061 -0.162348015038249
0.307092939423207 -0.235271487004032 -0.156817068507644 -0.0926651125896582
0.418477302098944 -0.0117308406074418 -0.50457267625122 0.0912857017872808
-0.106623677320028 0.00646930055472547 0.59564813673724 -0.21165287566119
-0.0510119953591583 0.0946641533345073 0.15065883659515 -0.0375644407545495
0.0585001913953978 0.103891772449953 0.242164476472403 0.209706812251713
0.119673512503312 -0.0467266990440907 0.290298136699834 0.0580652454267241
-0.0220804680923942 -0.107811518096912 0.179005881394041 0.0681382396938344
-0.0885919775741226 -0.0303154929001747 0.179278742895219 0.16799013197794
-0.0887454020127519 0.0376403845968537 0.257950903848354 0.22030280678536
-0.0770203097052287 0.0464016365215988 0.291306332729453 0.231490404889417
-0.0932595573940396 0.0503859555436451 0.281385849438697 0.221943469413378
-0.100297228353688 0.00992400695109617 0.171671892034193 0.222149910937527
-0.0782065226551102 -0.0726186868529047 0.0047152323124254 0.216258700885838
0.0563547745842572 -0.120713177232943 -0.0845483819031282 0.0709901406044811
0.110594957047929 0.0284552590052012 -0.0871033909589575 -0.0630296037111841
-0.00732274938984099 0.0866762508148321 0.0276859797006202 -0.21194675249784
-0.120275146727657 -0.00432265764663804 0.236662286914333 -0.122952846320255
0.180306945220149 -0.0655778971160164 0.536260706732819 -0.175583228643903
0.193514891579932 -0.0668692039136082 0.0534470187408025 -0.00778515801007717
0.190886601473615 -0.111866166699681 0.201509976324672 0.306508488351387
0.169131840966415 -0.23676314176072 0.308956478013142 0.0862558988988224
-0.0253314654368375 -0.277165060450392 0.168340618540975 0.0365227142768628
-0.148724201884508 -0.196701848313967 0.115875612243191 0.148919669472706
-0.212000530119637 -0.0995563979787195 0.194064281741362 0.227772659115854
-0.189955159423787 -0.0365349510063062 0.239046013850202 0.234085789060196
-0.19524631595799 -0.0224164921685448 0.243951025277871 0.215056884261617
-0.155369358871823 -0.0715447187836995 0.141530813735181 0.20521537656862
-0.112449683526059 -0.130375226577166 -0.00501811692617034 0.192183398397628
0.0250718814558287 -0.20523325961058 -0.0796471857761656 0.0608124705426151
0.128571198729745 -0.110632460932912 -0.0793462084598422 -0.0508011377866369
0.126959526718726 -0.0222050398405964 0.00138113544878044 -0.220907326553235
0.103869722954417 -0.049395774792138 0.218775133568172 -0.160325580714692
0.439718473165596 -0.0964900039852878 0.394152210633831 -0.127907069246273
0.435610000061633 -0.189373643272944 -0.068430802819203 0.0464333071248487
0.322760886211815 -0.306812012026362 0.164736905942164 0.373950287931513
0.204737333615473 -0.400590791952853 0.324661614877787 0.0835283543323768
-0.0173801946161209 -0.40545034450732 0.159603359789156 -0.0399856891721168
-0.171741189513059 -0.330298193472861 0.0406845626184814 0.0716376403296064
-0.290437660358948 -0.222230552346063 0.096126499544898 0.183423614498466
-0.274738283993547 -0.113566466852843 0.149251350671094 0.201280676213018
-0.28296938046158 -0.0892611458186708 0.177476935084475 0.188679623723956
-0.213522893686374 -0.145341450477483 0.0958268467572791 0.185353123481333
-0.160321874859205 -0.186837445295913 -0.0213494589408703 0.177761879190302
-0.0293965404901329 -0.290891484708206 -0.0932806954384583 0.0673342680204986
0.113406952607074 -0.260380505676209 -0.0972709536412036 -0.0388513058823141
0.235450431500284 -0.163845407459022 -0.0340769964985696 -0.227653513139002
0.315468357867004 -0.115582381560335 0.156845346216553 -0.175615584173926
0.618899833350864 -0.0954115185367957 0.198321038977196 -0.0769111532633126
0.593459294993915 -0.269855240721825 -0.186214161673934 0.122795865941843
0.385004577132048 -0.442310753876043 0.146408815373066 0.397688221991749
0.188883752380104 -0.488341179795873 0.329468703758363 0.0447764744223265
-0.0161305940764926 -0.448333306043757 0.141297728243688 -0.143235932665895
-0.166793868858327 -0.395791828384292 -0.0384213653330106 -0.0388313939481577
-0.318183322449256 -0.302305382361259 -0.0172020894175395 0.10020724963697
-0.318318224266845 -0.173705002066125 0.0359508604451655 0.138452918755535
-0.339724181914417 -0.150286266556593 0.080361659021808 0.142534071200051
-0.261179970468938 -0.212685189436394 0.024925123350555 0.157154619296818
-0.207180383105286 -0.243691573349579 -0.0570765530051743 0.161292164221698
-0.0937496316682271 -0.371747034836263 -0.124272108634049 0.0772907789128959
0.0803013170178329 -0.405852999972202 -0.133745776213659 -0.0268284983456058
0.31817625599092 -0.310370749504309 -0.0748296451811653 -0.217060738376754
0.494843061325991 -0.180683405442136 0.0533083088145591 -0.157001432713241
0.684877958632598 -0.0868787604655447 -0.00744686351936862 -0.0303941393079728
0.616907220146979 -0.31320372014689 -0.264887634950783 0.20518277058461
0.337691284107921 -0.477478069598626 0.147961928683334 0.369865754081686
0.116468825720166 -0.452777326533435 0.309471526982228 -0.013476200376495
-0.0162817623878406 -0.388137654774603 0.102274855649036 -0.234972386186978
-0.133651602795419 -0.379882237336167 -0.11301798282841 -0.147745825442949
-0.29318314119595 -0.323434358549112 -0.128516010266165 0.00050631439346597
-0.313027100761406 -0.208360761460286 -0.0850801289573108 0.0535043897919942
-0.345926451999871 -0.201690205349349 -0.0367839979739388 0.0771938097663871
-0.269709735020861 -0.264507454574757 -0.0701713348435652 0.111906443756635
-0.218867484334045 -0.285158265347164 -0.113712489549493 0.128150832900407
-0.134353759787666 -0.422756098496679 -0.168276925105994 0.0743274168931922
0.0535157163751337 -0.50897734165099 -0.177057075311935 -0.0223509634494134
0.377386421334925 -0.417862476658366 -0.115477645851671 -0.183350478159368
0.617077905876682 -0.212535820997133 -0.0818104539683805 -0.103650782983306
0.636529472726787 -0.0857756995415583 -0.17947771823121 0.0153355694598331
0.512489552982828 -0.322187062412454 -0.281622203208694 0.270036639472802
0.206049042274573 -0.410500470559259 0.156978386124429 0.297093895107804
0.0259205851473647 -0.311179507749132 0.263447239636264 -0.0659466581106941
-0.00018515298999755 -0.250576073733651 0.0542341904519437 -0.283953505063057
-0.0765773997629678 -0.298898761795738 -0.169037222682357 -0.222063032770315
-0.223365038619662 -0.291760068113308 -0.220139381392797 -0.0953051487153813
-0.254965386780639 -0.212120082752095 -0.194407236316518 -0.0417726900098433
-0.290389862402932 -0.229147347770295 -0.151493981558827 -0.00509350747602174
-0.217969502933452 -0.284035468323972 -0.165767983873582 0.044094631063475
-0.173806507041352 -0.283869938418065 -0.172908275346648 0.071543793393098
-0.128547861135356 -0.40638308095025 -0.215491651474228 0.0487235479830724
0.0507489963712519 -0.528295312017072 -0.219663818011841 -0.041000069557037
0.411500114040494 -0.444631217230021 -0.147673454805557 -0.141927738018722
0.652957935146762 -0.19374850039677 -0.234153405425292 -0.0300407384328238
0.495265116179671 -0.081469921481769 -0.288509874597882 0.059087296298366
0.336253335257114 -0.289850568035992 -0.243280450434731 0.301515835064579
0.0561449298275781 -0.280177767481631 0.15464612778548 0.204227934289793
-0.0368696262851052 -0.133636716034469 0.200343738081864 -0.0898065771616208
0.0306715955496287 -0.101598466010821 0.0147113121146854 -0.28048870111605
-0.00903384149189605 -0.1926098797916 -0.195670587639539 -0.254532635428268
-0.124445345365653 -0.225026395667816 -0.27923053277063 -0.169744044119154
-0.157604661123221 -0.186696662746223 -0.272727498699727 -0.131750594295844
-0.180007677272937 -0.216475379985305 -0.235927241676343 -0.095871249108856
-0.112794761258922 -0.245384654954694 -0.226805489243021 -0.0416708058425034
-0.0862447379370252 -0.21477140405955 -0.208517099335696 0.000889833870196998
-0.0925925527180302 -0.305047066405602 -0.250216658923342 0.00121958986037529
0.0558692213156525 -0.445667165445734 -0.249888918460336 -0.0883468552114274
0.3951782183384 -0.373072348678685 -0.162503616087038 -0.108874903813432
0.585087528922726 -0.116672535491806 -0.379977980406089 0.0416881162540993
0.299254503158438 -0.0610325195178918 -0.327669779571879 0.102639419204628
0.148855654962262 -0.224670926985111 -0.176655225804513 0.30732049325253
-0.0595103479162201 -0.135280617877781 0.141519362565104 0.12303684738946
-0.0626926655851601 0.0147466428752412 0.144227377401067 -0.0869415482892543
0.0619272946251087 0.013731981327393 -0.00352614448608712 -0.249747985261222
0.0560078580794915 -0.0893767367756688 -0.19766884716124 -0.258423546047735
-0.0130591202242803 -0.141659697066427 -0.302521363215603 -0.216804264240997
-0.0368099973450323 -0.131191128856191 -0.309357904498268 -0.202256068780605
-0.0381432986121151 -0.152871749687225 -0.270251289815583 -0.17585388984171
0.00584205383775301 -0.136210038691787 -0.233554955974031 -0.116819234077875
-0.00606222400100659 -0.0782259105627632 -0.207229691939476 -0.0532884030734246
-0.0748230811476589 -0.139834559551512 -0.269647338732208 -0.0456596052257071
0.0304964832359656 -0.283570244838659 -0.262535212739901 -0.159108311260421
0.298473716975297 -0.23346539241633 -0.154519455353116 -0.0942215760004638
0.410859862015925 -0.0174940100630656 -0.491045778346701 0.0914930266228223
-0.107784073747664 0.00913145722591968 0.592543351452346 -0.206601414300436
-0.0512879386167827 0.094177517743057 0.148101043820165 -0.0330207294516297
0.0596706231340925 0.103760989957669 0.243169272038376 0.211165742207548
0.12000968132687 -0.0493287992797853 0.28768350374852 0.0557534260001183
-0.0241744644334901 -0.106816314132333 0.17564339604524 0.0680742184175757
-0.0912054338447975 -0.0292530069873258 0.176369366519509 0.171112562319047
-0.0880893960945969 0.038701789484863 0.254976408938215 0.222444400101419
-0.0761989444006078 0.0474195210868287 0.290704739900296 0.237855136584512
-0.0909846970340311 0.0513623486285337 0.277673159976337 0.223610201930751
-0.0983837037606061 0.011870101713352 0.166043108904984 0.221853026072117
-0.0783948158605717 -0.0709721439206732 0.00322416699019056 0.217663812707333
0.0539703914308349 -0.12188622005305 -0.0872185234544414 0.069938054422228
0.112178704707848 0.0270236244498613 -0.086947648907747 -0.0636682285530173
-0.00510217843124609 0.0848771762307245 0.029235524634597 -0.207735754914104
-0.120229127332106 -0.0015985045704644 0.238234906896713 -0.119469023261886
0.178593338072791 -0.0618393566772016 0.533653255222162 -0.170816493830454
0.19407709325962 -0.0652411910643345 0.0502584962735705 -0.00222162705585495
0.193867398507153 -0.109332346734662 0.202164473366674 0.306627638495698
0.171530015242792 -0.238950351855298 0.304878019576384 0.0832245665019132
-0.023188589011302 -0.277275435296292 0.163377204523763 0.0359359541272047
-0.150144468648501 -0.197799916095375 0.112315254279351 0.153108390763229
-0.210727234399208 -0.0984736036744933 0.190533209410084 0.228845147174395
-0.188311413880928 -0.0366574139975424 0.237981215337108 0.240467687650441
-0.192717037985067 -0.0222481456804363 0.240850983896767 0.21774042476672
-0.153754865958789 -0.070845205790051 0.136478146653219 0.206129464318871
-0.110585347635715 -0.130716003664692 -0.00734100407805498 0.193859251359694
0.024927027196213 -0.205456215693632 -0.0825633430966528 0.0596301628504217
0.13101358688391 -0.110788024368933 -0.0801576098004344 -0.0524507526447794
0.129078481574633 -0.023127821368739 0.00312882582982597 -0.216848942077189
0.104374267876241 -0.0464565899494297 0.220243307979558 -0.157002751515318
0.437925606296879 -0.090184728477666 0.392706605391009 -0.123417370225182
0.437954383721373 -0.186416321727816 -0.0725898270803945 0.0511981211080317
0.326834153821595 -0.303146810660954 0.165297425644784 0.374230341007396
0.208546609356852 -0.402912438722532 0.321512969286946 0.0802145068970831
-0.0138714331363898 -0.406238050088893 0.153952842882096 -0.041639944436131
-0.173732637003937 -0.334017942890827 0.0371698661393341 0.0768164351949607
-0.289115415410246 -0.22109536188364 0.093873427807102 0.183723773154609
-0.273114579999453 -0.115052132582713 0.148369874620993 0.208289823085731
-0.279817567223003 -0.089905476724471 0.174705689571693 0.190865081060231
-0.212296784515141 -0.146570909214724 0.0918307135136134 0.187196056069191
-0.156654554747516 -0.188456964958233 -0.0246344790641858 0.178766959071549
-0.0282823363450659 -0.290964824578872 -0.0959455561593342 0.0651339989483745
0.117293963867103 -0.259834962011538 -0.0979765040960909 -0.0417764757048169
0.237457429648731 -0.163232163210628 -0.0316111543560288 -0.224299601979172
0.316788994118964 -0.111639138915048 0.158395147916936 -0.173461250724044
0.617750595427907 -0.0915451718363714 0.195104546953881 -0.0749210636564284
0.597014076235738 -0.266390412177525 -0.191664454311185 0.126750286323373
0.38769073994192 -0.436434991757926 0.145077515581821 0.398333572228831
0.190708571831623 -0.489032164387614 0.327736150847327 0.0432478509131121
-0.0101288740661399 -0.449988441569506 0.135341950645237 -0.14494289745341
-0.167075453725488 -0.398979334001832 -0.0416401170677427 -0.0341716702355572
-0.317263489603123 -0.301851946198372 -0.0192674216018868 0.0997980368343045
-0.318789663956587 -0.176076255240937 0.0358424974962285 0.144118042203935
-0.335879297204202 -0.151773820401062 0.0793402500681381 0.144781120336925
-0.259720483250027 -0.215390035848273 0.0214804628127458 0.159367383153335
-0.201480376473459 -0.246297731559739 -0.0607796668559488 0.162120562247339
-0.0905764733276013 -0.372912747742549 -0.126930614678251 0.0747164239079884
0.0859074954299557 -0.40417102877694 -0.134684102722982 -0.0303245421699516
0.321542799971722 -0.307999016389287 -0.0724989827980261 -0.214772836268049
0.496437389563168 -0.178015724832701 0.055129750867142 -0.156490618554108
0.680873290987524 -0.0842628632247372 -0.0111366074062036 -0.0302078157504044
0.619869259966683 -0.309228307296142 -0.269893989174932 0.208017039162824
0.340426491466268 -0.470344646248799 0.1472994387247 0.369538833769315
0.121321544818109 -0.453429362921098 0.308188381210239 -0.0161148196915168
-0.00860896133388959 -0.389837203498724 0.0977511323971383 -0.236755512323141
-0.131314329700853 -0.384208958076618 -0.115212110863758 -0.143241934532571
-0.292096445116945 -0.324877286078689 -0.129943047586371 -0.00130061964383494
-0.311904029985658 -0.211688811414113 -0.0846160481988548 0.0570651989512671
-0.342582376133025 -0.204414479559877 -0.0372214371926666 0.0780742359926168
-0.268970759902869 -0.269931079255502 -0.0723547470427755 0.113020047066811
-0.213654046611616 -0.289255532454504 -0.116338147392788 0.127453511587057
-0.130589479649651 -0.421613802610671 -0.170586721339083 0.0711143410860433
0.0595957645663569 -0.506641824143519 -0.177782347441692 -0.0268683187930867
0.381163236724211 -0.41544163786942 -0.11393710021601 -0.183162724420587
0.617249796296966 -0.211007723604144 -0.0807864251570375 -0.103930978390622
0.634614802541373 -0.0837102096798955 -0.182953257172185 0.0133049890396284
0.512798477297686 -0.318656658939201 -0.286499448982527 0.272759570890512
0.208477706090399 -0.40360859653241 0.155701362059335 0.29661894843953
0.0287503132536822 -0.309618694984585 0.263445601646015 -0.0682096115847269
0.00671099515701439 -0.253029061797278 0.0515789642210439 -0.284997446193714
-0.0755014331678841 -0.304262533689765 -0.168904085547613 -0.218449002536718
-0.222999866110784 -0.29221592633877 -0.219326245910698 -0.0966735830234246
-0.255651778220378 -0.216230838696992 -0.194349950015695 -0.0404542821569814
-0.287575841217792 -0.232011794949476 -0.151545568962653 -0.0056039799318527
-0.217334153231204 -0.289321893194904 -0.165802459578598 0.0441255890927443
-0.168224095580724 -0.287622165106065 -0.174922770162087 0.0697282444419506
-0.125013485211654 -0.404976490617601 -0.217230486079993 0.0451502130840562
0.0545882988193369 -0.524710222433298 -0.220766733378629 -0.0448184128580918
0.415152247395601 -0.442352375651839 -0.146983446462867 -0.143527290950509
0.654560334265508 -0.191362660768328 -0.232544266352876 -0.031266777559968
0.493433847037779 -0.0792023445343458 -0.29144701373727 0.0558411378802539
0.336743487246554 -0.289004934543842 -0.247730361010743 0.302568141170457
0.0579407268964378 -0.275507223272742 0.153236566850553 0.203914655422096
-0.035378193412257 -0.131749312438737 0.20170442243599 -0.090903419403779
0.0365318948555686 -0.104779322168533 0.0150405421882175 -0.281175158143896
-0.00751545881024814 -0.197258267207595 -0.194098106969592 -0.251977038171059
-0.124351049141984 -0.226881091233616 -0.27770807558936 -0.170846153401923
-0.158138293075138 -0.190180481487876 -0.273670842747955 -0.13376097096054
-0.179805516889649 -0.219488308722831 -0.235595896270712 -0.0975166951821022
-0.112419714589614 -0.249409574828321 -0.225689171936807 -0.0421874183759259
-0.0808777282771482 -0.217956747793637 -0.208998471995591 -0.00226384315016652
-0.0891355285693001 -0.302821455845464 -0.250078584792252 -0.0015099573491287
0.059444350291786 -0.442457899499341 -0.2508594829005 -0.0915679456611406
0.395437226439317 -0.371642903445302 -0.163050289532808 -0.112089686854999
0.587394849022901 -0.117649141565293 -0.378667553186644 0.0385299987520758
0.297776980915204 -0.0609510458298566 -0.329856392576252 0.0992599743253433
0.147993073039913 -0.224045660366526 -0.181128918651468 0.307363374970093
-0.057755788590117 -0.131794914910392 0.139777634335523 0.123328590792269
-0.06190346647078 0.0169720145019518 0.14647592955926 -0.0885585872029662
0.0666001062778064 0.0109290647987329 -0.00259269145197434 -0.249678320513279
0.0577155059455367 -0.0930859040412264 -0.194431484858171 -0.257088177695567
-0.0136759794187995 -0.143428811817798 -0.301811151818359 -0.218594303465456
-0.0374157729662045 -0.134194881329839 -0.310490625200824 -0.207107569623572
-0.0383704364045148 -0.155532314278048 -0.270048645233096 -0.180042503927624
0.00619388597057748 -0.139251509761538 -0.230261093284945 -0.119179452743596
-0.00196119321880493 -0.0795113031457066 -0.205333839693307 -0.0566774034912368
-0.0732898347605269 -0.136730978378266 -0.268040497906187 -0.0475178716188648
0.0318025721494645 -0.280873796916798 -0.264341780005854 -0.162245518313638
0.298219526469318 -0.233535099663471 -0.155126870817045 -0.0986487846878166
0.41283663635534 -0.0211151391939009 -0.48931205741403 0.0873935272656992
-0.111209077297456 0.0123078553316378 0.602992814344688 -0.2102338621325
-0.0527719942916688 0.09676131432027 0.148760306810108 -0.0293034422903788
0.0629414359393302 0.105747593830527 0.252300174064658 0.215575874877524
0.122061551361319 -0.0544149838206953 0.292840862573241 0.0543390955854986
-0.0272112924048174 -0.108772779756313 0.176992088430366 0.0684713985587236
-0.0962821719962075 -0.0272518595808627 0.180000362517959 0.176487152999178
-0.0886057552787456 0.0411731122679946 0.260315359917973 0.229536925642854
-0.0764538660246594 0.0508848891705336 0.30013435352317 0.246437758919441
-0.0908994464286181 0.05556404643121 0.282416757394938 0.230757155917132
-0.0992033092494275 0.014622617736847 0.166634232401663 0.227374878673276
-0.0812615460059309 -0.070339724370575 0.00375454140631863 0.224374671634338
0.052931759269398 -0.12655333224073 -0.0919204306327065 0.0711964768556112
0.117646390256109 0.0253085228493158 -0.090441168074977 -0.0653856727148039
-0.0036036489648903 0.084949881968525 0.0309236010777088 -0.20890424000005
-0.122690574043529 0.00243224279862324 0.245716965178552 -0.120512725027792
0.181410045314895 -0.060790776959094 0.543187002217187 -0.174842058588958
0.198759737318755 -0.0671924269588646 0.0475585908799128 0.00251590582349377
0.200740075379919 -0.110946034826239 0.209875107280736 0.314253118976773
0.17519347884204 -0.249052296825555 0.311117520247704 0.0818432825789115
-0.0243373295165109 -0.285584374735953 0.161855300267452 0.0352198159851481
-0.157989954873113 -0.201222104081996 0.113558427954219 0.160565787439209
-0.214976928855012 -0.0985003726590712 0.192580485876698 0.234461669894474
-0.192785506968461 -0.0356489822210979 0.246218166835367 0.251601684464682
-0.19510327636218 -0.0204859149310604 0.245384360983428 0.224505765591331
-0.156294719427174 -0.0709273000253653 0.137252501182405 0.212341667508003
-0.112146601813731 -0.131869006595851 -0.00878773982357959 0.200316643698706
0.0236637873814853 -0.211804399764393 -0.0878263118531123 0.0606230184561168
0.135858560629219 -0.115150486585187 -0.0829565547158849 -0.0551971456733861
0.133701385164189 -0.0254845268735463 0.00425447396041615 -0.218311547545411
0.106671742771394 -0.0454729322465739 0.22735837474844 -0.159993605521785
0.447163285722118 -0.0916158012358707 0.397857488475999 -0.126547852251471
0.448812525203914 -0.191807188420382 -0.0782707591140311 0.0580323773425631
0.336543714648103 -0.309139456243087 0.171137295259754 0.382304040480919
0.213925142145731 -0.415945342263526 0.327528626766342 0.07695048991098
-0.01358349223679 -0.419116899631191 0.150601346413442 -0.0449559873938558
-0.181140546375667 -0.34373004417565 0.0352045578849861 0.0838890187580465
-0.29632050844759 -0.22397508304256 0.0933423850717069 0.187524852569668
-0.280915925287981 -0.116247183118209 0.154853054621124 0.218844383755604
-0.284814701627573 -0.0915206243161 0.179241113316845 0.197333913820172
-0.217663804232214 -0.149532633702071 0.0913582549618393 0.193586963129721
-0.158408290976841 -0.193102831512857 -0.0270611970751195 0.185131482668509
-0.030725212628089 -0.298695535544699 -0.101712303700799 0.0656794051138538
0.120518135745037 -0.266620218985114 -0.10131455133074 -0.0446475134640552
0.24435054102559 -0.168774123496951 -0.0305964345746699 -0.226659447479208
0.324963065959821 -0.114874045206372 0.162535182524573 -0.177233453054423
0.62955459580527 -0.0915294356545899 0.197599019117617 -0.0770051460879072
0.610416028183586 -0.274676455854323 -0.19992341776415 0.135936988041989
0.399470493138789 -0.445055798609022 0.153007685134264 0.408364555435398
0.196548157443266 -0.504425688045402 0.333103498124731 0.0381092062930702
-0.00850221864160033 -0.463871424100555 0.131153840080255 -0.15043093597987
-0.17456288397387 -0.412973442109142 -0.0457438789143237 -0.0290466492710837
-0.32566612558756 -0.308534689409684 -0.0227669825853925 0.101883690056691
-0.326803469725579 -0.179547267384785 0.0390042256633775 0.153045307522688
-0.342900739020395 -0.155680743633808 0.0816329330268107 0.149859736497394
-0.266967826447924 -0.221205857804353 0.0204648852958752 0.164935404461658
-0.203645569085346 -0.253351457515549 -0.0640314508364975 0.167061030566846
-0.0938438685695599 -0.380966794202218 -0.133102374083847 0.0752188470642372
0.0876320817885621 -0.414728740574727 -0.138444028996164 -0.0341398478743115
0.329757748716647 -0.317672228699203 -0.0735279444229758 -0.218036451995515
0.509426737936248 -0.183525883648392 0.0566920574197573 -0.160965896450594
0.697527882633177 -0.0869023404628002 -0.014481333011653 -0.0319136418091617
0.634773676008425 -0.319693237493538 -0.279927399705248 0.218988462009729
0.350143303137812 -0.479713482883214 0.15238086275947 0.378373186467664
0.123414906712456 -0.464533944415732 0.315505544648646 -0.0199710213536123
-0.00554083895795185 -0.402297607318409 0.0934234492506078 -0.244533574216561
-0.138793971006689 -0.399573548422079 -0.120361323561174 -0.140673377728272
-0.300412893622173 -0.331115267958714 -0.135118259290707 -0.00169128780286098
-0.321585067852425 -0.217888837363598 -0.0858165626292578 0.0627141122196212
-0.351252813816764 -0.209567925866539 -0.0380784458015 0.0813283013540755
-0.276596104285015 -0.276820089811642 -0.0744404228854114 0.117584712179115
-0.214873663467952 -0.298417697844479 -0.122023238123435 0.131344739556423
-0.133146433134218 -0.430636374577114 -0.177294827316793 0.0714289299128316
0.0603895711684977 -0.5174258221104 -0.183165047617815 -0.0295485771544059
0.389964817572151 -0.426234247870944 -0.115698630585819 -0.186668872526025
0.632131397077392 -0.219620104039733 -0.0819928720224289 -0.107100399661711
0.647837210094154 -0.087036148686894 -0.190460121174985 0.0119732990708991
0.525792700727769 -0.328189407487635 -0.296243422600043 0.283945143592723
0.212774289185041 -0.411275199187324 0.160724669453988 0.302656024833418
0.0305998278903611 -0.315635339097144 0.269107224242692 -0.0744137247829686
0.0123263537970285 -0.262835056172799 0.0473936963349451 -0.292837891272749
-0.0791754727343141 -0.31658745277546 -0.174648090741364 -0.218397405597469
-0.230483041855517 -0.300311968340209 -0.22716409557662 -0.0988896211405027
-0.263591056518801 -0.223898655593926 -0.199542004907607 -0.0382868402265266
-0.297193712764065 -0.239569506630298 -0.155271343503795 -0.00458518948960541
-0.224625186076837 -0.298531930929944 -0.169531010032974 0.0464090620011762
-0.168956489247303 -0.296940902915018 -0.181134142552286 0.070942247419885
-0.125047729802159 -0.412885714377586 -0.22365814464513 0.0441960879365649
0.0564383035208073 -0.535981139924232 -0.227260824281225 -0.0474497624467607
0.422754661385392 -0.454280099334717 -0.150652926966861 -0.147259385686866
0.670537837864114 -0.20075483531574 -0.237213966688553 -0.0320609658101706
0.50415728799125 -0.0832703454714995 -0.301592496706596 0.0560709190103312
0.344318768044436 -0.297278798550182 -0.255411178697912 0.313355587804774
0.0594315609429034 -0.279326231881958 0.156803669443627 0.207671370219777
-0.0349032128281405 -0.131905153333396 0.206926067265774 -0.0969044937780505
0.0424256303344957 -0.111658555785866 0.0120186250594601 -0.28848234215554
-0.00834155732113162 -0.207133987349063 -0.198635432330254 -0.254056331231091
-0.129907315627295 -0.232944143588772 -0.285192927387619 -0.175150114322807
-0.164934327537786 -0.197601817343951 -0.282762836996039 -0.13591255858535
-0.185803506895848 -0.227381114847877 -0.241841925116894 -0.100056259887196
-0.116716159505925 -0.259305685826661 -0.230085346399682 -0.0430501622585721
-0.0796438246995898 -0.225446804380135 -0.214643331897429 -0.00337569956867746
-0.0898473109631216 -0.306924732227993 -0.256593095035818 -0.00254647380356536
0.0590438846050399 -0.452129904013273 -0.259469385127967 -0.0950394796100763
0.402579211862394 -0.381994275214011 -0.167782471786276 -0.116426032680042
0.603108222832542 -0.126392240935539 -0.386465487084168 0.0403617736806481
0.303864865442377 -0.0638322602082914 -0.340203418135587 0.0991205449249243
0.149654299537272 -0.229600570189142 -0.185913475282823 0.316684749330743
-0.0583193035928679 -0.131912382648986 0.142351971299683 0.124763641078435
-0.0619740526090318 0.0207312015115093 0.151747072315047 -0.0930497187540956
0.0721481289487647 0.00734946363872704 -0.00269788778392442 -0.257174985248768
0.0592476485651606 -0.100183390495268 -0.197653925401754 -0.262260595333562
-0.0163017227128074 -0.148616522041337 -0.309570667069334 -0.223486131875108
-0.0410782849823248 -0.140888082050267 -0.321556192609779 -0.213359327200685
-0.0410715993145377 -0.162325105286656 -0.277325902815183 -0.186911856130978
0.00545512472669621 -0.146553940366124 -0.233821530612211 -0.123358302491989
0.00112858379176425 -0.0830068883581111 -0.208281748884376 -0.0598315775141439
-0.0741756880493115 -0.136020515443935 -0.273652787950901 -0.0485867414570205
0.0311356908286394 -0.286551820827734 -0.274042637739768 -0.165516358175388
0.301590831500035 -0.241416521450376 -0.160537397734524 -0.10429510210686
0.425171590126341 -0.0263649260246698 -0.499552704525631 0.0897977268720773
-0.111039843812968 0.0185739510685789 0.603029771257486 -0.261273822941377
-0.0426810943606 0.101725145642927 0.142983158910331 -0.0398711359279034
0.0826104198134656 0.0978650032975883 0.268399266754614 0.205732271216544
0.119203868961052 -0.0760099905699482 0.303982906471484 0.0410615415653946
-0.0379922930714442 -0.107765672354444 0.191810494307924 0.0530876510362231
-0.0981507328302308 -0.0159723816011506 0.199807463071108 0.165222473306213
-0.0815040869809011 0.0550738177042651 0.287950227165227 0.207638844267048
-0.0685988232929726 0.059039637447805 0.332798089108217 0.230851895023909
-0.0840141056166401 0.0689890191259008 0.314782763251024 0.219898994158831
-0.1004705968783 0.0282880366420145 0.193396439509817 0.227462729161069
-0.0932236271552063 -0.0619693718999494 0.025495740255803 0.238472283709734
0.0360204811085724 -0.138842796825763 -0.0933515170390595 0.0887140332639422
0.127329309806573 0.0105166263052036 -0.108259931030067 -0.062336046297641
0.00846789905940201 0.0896740326899242 0.0214855495774628 -0.225238570644986
-0.12721407539316 0.0202672357334012 0.259200432824925 -0.136521354244468
0.173575927734102 -0.0895603458824538 0.548233077822436 -0.200828194913
0.193542034174114 -0.0904343594529556 0.0500960201292352 0.0178175542333673
0.198299556985943 -0.137912507021995 0.250820349565931 0.323967814614924
0.150121515582184 -0.280123781633339 0.341095764272268 0.0756173880297841
-0.0532887365988348 -0.289728937035684 0.183528076310731 0.0202580949764868
-0.178609766381499 -0.188756552041939 0.139558671826477 0.153243821741023
-0.229685713853856 -0.0724259190333858 0.232344134934586 0.219261353692467
-0.194801259841551 -0.0195564452561362 0.27912840691506 0.238803833372461
-0.198179057471072 0.00210396527278975 0.277229219384612 0.216549227321609
-0.168874161990358 -0.0552822283137184 0.162276573260628 0.216652969990071
-0.12924110461019 -0.122663671387839 0.0105159070675145 0.214492166390724
-0.0019728848083248 -0.222189268479118 -0.0878623630824774 0.0785916861608308
0.132070222017735 -0.135213898272823 -0.099364463240167 -0.0463776513615169
0.141702696934525 -0.0384648696266209 -0.0181396266548946 -0.232186409040085
0.112575573955983 -0.0501862502175242 0.221603877148318 -0.18353571759307
0.436483964695432 -0.149324512905589 0.402237324373633 -0.120956187418956
0.432712343381571 -0.242712063731135 -0.0696027263629378 0.100254865585254
0.312011690109587 -0.353127164201915 0.23139147411213 0.411148053452071
0.169650850237809 -0.453953196416378 0.368976665199075 0.0754162389957148
-0.0564237159858334 -0.427920627960839 0.17358414530099 -0.061042861001149
-0.219516287911028 -0.333439747451134 0.0596209524749427 0.0809212671198499
-0.330994279872131 -0.192750116828016 0.136224912363334 0.181946503005486
-0.292853424073063 -0.0957291503145246 0.182765504460166 0.21076076486104
-0.298659837172593 -0.0606047324255798 0.20560082895213 0.194314399582081
-0.239842440331146 -0.130967824602083 0.116596250272812 0.200542397246834
-0.180783293578109 -0.181169870239503 -0.00964798782970999 0.200764935043068
-0.0662388420350695 -0.305168468896192 -0.0990482627267986 0.0873493903721297
0.100391316946016 -0.288623721323843 -0.114787612722019 -0.0281699595363373
0.245674797533022 -0.199423450502046 -0.0675299538066168 -0.234884744001593
0.337536524375598 -0.144351842381031 0.13871125485531 -0.202788468367947
0.620502343114632 -0.170880001392403 0.198557634888031 -0.0457168426510373
0.587612740097743 -0.34238964612569 -0.184737806324131 0.199263494079205
0.360450091619612 -0.498498554229835 0.22427039501863 0.445273977394174
0.142485442365766 -0.540267440194149 0.380431407605349 0.0365253046778242
-0.0549291586780931 -0.477313046622545 0.147678163589907 -0.16861490961067
-0.220945459957525 -0.406451611463512 -0.0285953135840284 -0.0276519646330278
-0.37282252603753 -0.275915109965487 0.015877548985944 0.106145397868751
-0.34680096644527 -0.155698357523344 0.0571275512855155 0.151903807670111
-0.366003485452979 -0.121400928664721 0.0988857931339102 0.152777983462253
-0.298547993964282 -0.201098002688283 0.04071174026591 0.176716049511468
-0.232445675446476 -0.240376462741556 -0.0488475142278034 0.185041309542639
-0.137668376124026 -0.384050928333313 -0.127858344667557 0.100245642241071
0.0526424424069701 -0.436716525348487 -0.149967827424858 -0.00793141771734654
0.32039145128298 -0.363273814689296 -0.122245446918429 -0.217559823183935
0.526221592969516 -0.236150084815257 0.0149877554739374 -0.182114804890685
0.688407236566497 -0.171912045499349 -0.0178021599061194 0.0189484809563479
0.604829225461209 -0.388256438186664 -0.257570281627512 0.292227945448374
0.303561544723529 -0.526452826048558 0.226009806428439 0.410826355772774
0.0727136488052285 -0.489651726042999 0.354762178840493 -0.0309202805289979
-0.04577050314029 -0.416936443429936 0.0976246722369012 -0.260320301820573
-0.18426336348497 -0.397046716411894 -0.113872283661646 -0.135184284124848
-0.35135487728053 -0.304502489624663 -0.108588399112792 0.0119872184719212
-0.345844402495582 -0.196237619454754 -0.080531931389996 0.069376238504309
-0.380154895627548 -0.175502507733963 -0.0323892180350267 0.0904336911176353
-0.314804770357634 -0.25830729582823 -0.0618753107842826 0.134831796919626
-0.248057762589034 -0.286143606039204 -0.112414401100142 0.151294333365367
-0.182091993538744 -0.43088183291369 -0.171742062680229 0.100453464374638
0.014261456183109 -0.541867022649342 -0.195005526743445 0.00461464479661646
0.3734410066102 -0.484013415155738 -0.171733676601308 -0.178427259621412
0.652595119568888 -0.287039218462709 -0.134471668308277 -0.119971342036456
0.639923388468596 -0.163010844654147 -0.19592210367912 0.0708700615374187
0.494124743097025 -0.384000651511802 -0.267320467676927 0.351970347082485
0.171908285795697 -0.44010400318195 0.222532085799768 0.320209322838347
-0.0039595069209007 -0.326550495183298 0.294191833389435 -0.0916648311793445
-0.014040843536154 -0.276687906593242 0.0379875024468233 -0.304888819002063
-0.116597130528519 -0.319464501306373 -0.179199115946877 -0.20937109072132
-0.276994913594782 -0.282234982530559 -0.216071288341043 -0.0774933374215718
-0.289491592169397 -0.20626230439171 -0.208077972109407 -0.0254825589625411
-0.331157797953643 -0.213674492816303 -0.163390409202076 0.00926149113747025
-0.263279763960687 -0.287059085435113 -0.16785416276874 0.066757285701554
-0.199386653307264 -0.291607382584577 -0.180229877822023 0.0923751463865779
-0.17170423585328 -0.412827664212924 -0.222823335140754 0.0754975623644879
0.00748459394224726 -0.560148026350078 -0.24265964079244 -0.00967121631399329
0.403760159080126 -0.515481157327523 -0.20890435047346 -0.134755490608803
0.693215882944225 -0.274271021017195 -0.293922687781438 -0.0328825869356324
0.494751184739201 -0.139957559493221 -0.306714559783473 0.111455918217025
0.31532868996654 -0.334132132554769 -0.224086860044311 0.366325262152761
0.0304303362307815 -0.28839516937179 0.200715657414636 0.207487286456114
-0.0477603926250577 -0.13042108703104 0.216066960808449 -0.119182037120811
0.0323071796916955 -0.126824143032083 -0.00623926286111436 -0.294481691827013
-0.0343344501205379 -0.214983767842264 -0.211725482168943 -0.243145052167266
-0.166589871782514 -0.225894112545622 -0.290860092141444 -0.149815597443321
-0.188100480642021 -0.188784015706602 -0.304503934315242 -0.118280228818934
-0.215584102441089 -0.213781631072226 -0.263582343959972 -0.0848955467721952
-0.147820100287881 -0.2587856796614 -0.240978388355055 -0.0238424205462432
-0.100199264557822 -0.227392842747691 -0.222754098311653 0.0154592200291274
-0.121381039012288 -0.307202330356137 -0.264007701249718 0.0252930883780984
0.019378544891132 -0.473100497041213 -0.282593459410515 -0.0605629729778516
0.389788885697956 -0.439254754724074 -0.222991043222993 -0.105268796556372
0.627385525191893 -0.192367594744743 -0.438402180287453 0.0509262731917813
0.296658873270462 -0.0961252367632962 -0.343898320270614 0.143731484947963
0.128152288825163 -0.244519985834578 -0.155621479209737 0.352233826756655
-0.0714081270512587 -0.12532652678594 0.16699544614143 0.112368838535124
-0.055836110071094 0.0290893679601349 0.148893898284207 -0.115005042730306
0.0748972192506973 -0.00805832672616345 -0.0248437393659327 -0.259927001990061
0.0450655073447334 -0.11168679238015 -0.216133341228293 -0.24958523471855
-0.0407052935757729 -0.152941114101617 -0.327729642096698 -0.196937326089863
-0.0578945659799932 -0.14191876524881 -0.353378898192527 -0.194745580080523
-0.0623274496182839 -0.163624621206593 -0.30839585482493 -0.174192458381691
-0.00937873888559681 -0.154891928861763 -0.254563950969259 -0.110164343762585
-0.00318348589368635 -0.0895360900627294 -0.223054501619712 -0.0460848978717845
-0.0857556220250961 -0.132672086445999 -0.288609174857072 -0.0266050210804174
0.00699660751539398 -0.300934939142662 -0.305331913228078 -0.140541981715013
0.29471048084348 -0.284280265245193 -0.20435928409511 -0.0981074196334809
0.445551208753712 -0.0759691665943308 -0.541567579383576 0.114411258546075
-0.112830860157229 0.0280172733882472 0.597421453669824 -0.299101683397382
-0.038115426901909 0.107472480127613 0.142880664941832 -0.0443153257631561
0.0925689597015215 0.0957371687450691 0.288057879414105 0.193616344624883
0.114613667418754 -0.0876449227306297 0.30984000327213 0.0234302380858092
-0.0472063577568587 -0.106980519665658 0.195014262529945 0.0439162582718576
-0.102238173270421 -0.00687650117825895 0.212628609399762 0.160205130475799
-0.0789272883278959 0.0618941671054471 0.303696189048298 0.199280001209171
-0.0643895182037594 0.065950815931436 0.356166753350316 0.219206586514625
-0.0788017098919172 0.0778428811670644 0.333976952996875 0.208262553742357
-0.0985422491217177 0.036601834574557 0.206756638313998 0.223839931513143
-0.09886559492153 -0.0553200093317823 0.0404484731791308 0.242774851897281
0.0255149770733997 -0.144623751747024 -0.0932269616447018 0.0962921157762113
0.133329983987184 0.000578106881920502 -0.116391854499756 -0.0576581150609963
0.0137175107380096 0.0899529719801217 0.0126055445189048 -0.228391323427422
-0.127439070342462 0.0330198398297727 0.258070268165427 -0.153367564022229
0.1708219555133 -0.0978177935653077 0.544340830252617 -0.232955764344701
0.192595091318053 -0.102392247394514 0.0507166892521849 0.0210884416990139
0.198111911545181 -0.150990471025117 0.276989823655235 0.316788758921196
0.136339827330575 -0.29783358668144 0.348153725025731 0.0549429751189487
-0.0715990490763868 -0.294209599758592 0.182851234113338 0.0111665538650088
-0.196028041412414 -0.180349012983867 0.149950301725259 0.152786848206375
-0.237560344443147 -0.060295244083 0.245247980415506 0.215028430776633
-0.199047539818018 -0.00752320005201288 0.303033652687928 0.231566275093359
-0.200591925563114 0.0142753266393306 0.295446972376516 0.207708340378478
-0.174145989093267 -0.0459114631811856 0.175753822064333 0.214965706798369
-0.138144540351448 -0.117467901374308 0.0218193007106672 0.220753309740018
-0.0174253191328079 -0.226604750363515 -0.0885339241350657 0.0850309691164921
0.128898207677781 -0.147216543810902 -0.105111769916953 -0.0431192062807532
0.143334654385968 -0.0491021988843998 -0.0282638710624965 -0.23437477789235
0.113597508508633 -0.0549807648653325 0.216850078796848 -0.199359243918189
0.436569915135199 -0.174649464425765 0.401999003834128 -0.146508457744028
0.427509660286327 -0.27173147640297 -0.0667692830969874 0.112553170769093
0.303236042759134 -0.378171651211205 0.262740519174602 0.408947644498904
0.147666467703285 -0.475612796348527 0.378843973231111 0.0514905573634557
-0.0796400760414881 -0.437364184481814 0.166345139993243 -0.0716411136995269
-0.246375683001527 -0.327263886247346 0.064770514581977 0.085034466632924
-0.347616372797435 -0.176817934327547 0.143898669819979 0.181102378996975
-0.304033785640385 -0.0795682440707325 0.203444318092058 0.209561552007635
-0.307473582638365 -0.0448104646906038 0.222253917349831 0.18850030846021
-0.252145924281289 -0.120575151632246 0.127516197327933 0.201404508434369
-0.192772351149592 -0.177077531562436 -0.000524216315535593 0.208857755793458
-0.0854560713579718 -0.309572430880082 -0.100863733718758 0.0943727349440788
0.0886036370271341 -0.302225895724344 -0.121112068188068 -0.025368578806244
0.239260327516562 -0.218757092189973 -0.0796554284474137 -0.234640189221219
0.338902171455444 -0.165740799694442 0.129811585194259 -0.215123065215161
0.621851556279439 -0.208083198850074 0.197076860033563 -0.0579134101178744
0.580553810648891 -0.382388412782087 -0.178742539459251 0.220794930667539
0.342392621023374 -0.529017908836928 0.255353666986286 0.443544085341648
0.114986665043549 -0.561851898827371 0.387638507929366 0.0108460530491691
-0.0803443530721482 -0.488459218248156 0.133105257056607 -0.179817748875283
-0.252740768408806 -0.405111406706118 -0.0313001312462741 -0.0209448609129425
-0.395999170958789 -0.260707753124198 0.0163490997239932 0.109579375316067
-0.363376720739043 -0.139387847463207 0.0712594337446393 0.156325729670697
-0.38045933458563 -0.104066375964368 0.111340970901031 0.152073102106571
-0.318234052652509 -0.189296300246894 0.0507404262931073 0.181339071156418
-0.248134426557248 -0.235179987180657 -0.0424688757990385 0.194513332831188
-0.162683454304661 -0.385161776878798 -0.129063008734069 0.109713023974655
0.0314743125478936 -0.450254757455786 -0.155316521076355 -0.00250674431855769
0.306638570918351 -0.390091958114547 -0.134345361118251 -0.215377824839975
0.524954422175993 -0.272154587664574 0.00590097393717902 -0.186965447669247
0.693294664108294 -0.213000283042949 -0.0205825619007726 0.0192280434050883
0.597106930476936 -0.431432000778401 -0.247783444579295 0.319368337594595
0.281484127936884 -0.554224334124286 0.25493196724461 0.408236841536745
0.0469206104791916 -0.506484331822591 0.358606472703928 -0.0552695770978629
-0.0663921717371978 -0.426979470068964 0.0779610678094435 -0.27127378155934
-0.214769951886336 -0.399188873220045 -0.123769955298089 -0.125941840065127
-0.377220587560015 -0.290023028683156 -0.114839457552117 0.0201226924262329
-0.366165652382567 -0.180181401344977 -0.0749627192831351 0.0787819194411421
-0.400175988302723 -0.158081090077571 -0.0262271123276249 0.0954886590684746
-0.339141956127974 -0.247465204063304 -0.0560611505537203 0.143088856366178
-0.266126766662587 -0.284018676617855 -0.10977063029238 0.16328073094527
-0.209194001158188 -0.431144761592974 -0.173768931162993 0.111841715291316
-0.0130203166138068 -0.552555570535527 -0.200491142785521 0.011778042654879
0.354644610804674 -0.516858227207906 -0.184481923631826 -0.172920267052001
0.650912543196932 -0.334227508482976 -0.144285942610234 -0.115134877420236
0.643070315958905 -0.202573913622299 -0.200297647533303 0.0817781787099438
0.482976940271255 -0.421983830210671 -0.253806183160751 0.380359199083767
0.150736555030995 -0.458549939821622 0.245995499858442 0.315392211593561
-0.0210140291395211 -0.331639002743747 0.293815475335437 -0.113874799878402
-0.0261007613885203 -0.287687370253862 0.0168452407593993 -0.31224733958052
-0.140441191280344 -0.324275838894296 -0.193790330001754 -0.199606775833955
-0.300276433286194 -0.273079508347661 -0.228362410881905 -0.0660033168439199
-0.309877746748041 -0.196080525799523 -0.212345186771708 -0.011755700206733
-0.352895591964216 -0.201048291650225 -0.16569313663825 0.0196774835392443
-0.287464723447691 -0.281096773843344 -0.168261639255215 0.0786289678671486
-0.217247198391532 -0.291415128481074 -0.182801322915227 0.105741995811034
-0.19656442104482 -0.410999519737937 -0.225784704579481 0.0881618334148087
-0.0234313185766718 -0.571719026105599 -0.2507300287303 0.0014271395690152
0.381910283663097 -0.551758581625475 -0.221003567495579 -0.127121584212781
0.692595774441345 -0.324231662536468 -0.301104387770192 -0.0172686624207185
0.497565970634304 -0.172212967479268 -0.311024232585089 0.12826133718497
0.301380328134946 -0.359718836199872 -0.206647985282364 0.391603897103576
0.0154822775057731 -0.294765415921038 0.216404288191793 0.200848016090119
-0.0525482103065909 -0.127911388084212 0.212024011291364 -0.136987008805886
0.0294133200871602 -0.136359581773059 -0.0259189594455003 -0.299886049390001
-0.0491002560507182 -0.222424072448046 -0.227820473359718 -0.234263083948992
-0.185052943094361 -0.22217103339732 -0.306493519565177 -0.136288685808673
-0.205676242297072 -0.18451781513117 -0.318385299511162 -0.102576878589235
-0.23627855697853 -0.208702579065043 -0.274759472360859 -0.0723389255718146
-0.167993181455383 -0.259014742178226 -0.246825627198713 -0.011940058579636
-0.11201638308858 -0.231438721867811 -0.229194450766825 0.0285896032231321
-0.137565115147603 -0.30485541149654 -0.268944426935328 0.0391677094811446
-0.00653482485731571 -0.482044103739993 -0.293907548660342 -0.0471355903288946
0.371216970815256 -0.473131732015893 -0.234460274005414 -0.0971437040821203
0.629894814491826 -0.2392190059576 -0.443397110424549 0.0772511574312301
0.297481241434786 -0.11593513531523 -0.346837453019734 0.162683806420053
0.115780115628767 -0.257975491943422 -0.138308899349949 0.37069208103252
-0.0787886541653354 -0.122233565019246 0.176222304369392 0.105092895928385
-0.051616157113316 0.0349778457178781 0.144849529118924 -0.12859185892349
0.0790873979009156 -0.0173965338013635 -0.0404948139335542 -0.263981256714736
0.0383649620170652 -0.121197504846237 -0.232441538387239 -0.242394862464158
-0.0527757827674677 -0.154611148972455 -0.347194489551768 -0.183805131744838
-0.071068031341621 -0.143526094575446 -0.375362361545995 -0.179136017549244
-0.0754560539559368 -0.166264626125537 -0.32687121675079 -0.162187648185404
-0.0198929474757929 -0.160598363969229 -0.264699799943964 -0.101462000280103
-0.00568167197364158 -0.0942320940613359 -0.230310052470218 -0.0360802814514371
-0.0929839159864253 -0.127514744457525 -0.295037202916518 -0.0116177749527544
-0.0104167519824666 -0.305162673583435 -0.323593525546783 -0.127174049076043
0.283333260775789 -0.308810963841872 -0.215693392542575 -0.092199968353143
0.450937147813211 -0.108552726567014 -0.543966452517325 0.148244819301112
-0.112447358927725 0.0371565720062705 0.569550010227863 -0.330120401846049
-0.0324282442028418 0.110649533468511 0.13747914333956 -0.0478948932115549
0.100879506855541 0.0885341408561456 0.300363684104512 0.173045474951764
0.105702563301762 -0.0956754664171517 0.306523581642531 0.00156396174597242
-0.0553200283663738 -0.101714787790904 0.191040224946796 0.0319871982109061
-0.102724748724688 0.00397384072897807 0.221227987211175 0.147826076503843
-0.0726090485251075 0.0679759372681455 0.312231350119553 0.183518351274422
-0.0569473602349972 0.070823090703737 0.370306982125815 0.197165410722792
-0.0702321218210353 0.0840709654013549 0.344215561298158 0.187259635652395
-0.0929002182632918 0.0436808453504695 0.216756522717704 0.211815673638336
-0.101650925505956 -0.0466455670741951 0.0552572511269921 0.239181665539387
0.0128844974558118 -0.145032592240953 -0.0891091288040092 0.102114221196971
0.135125203935802 -0.0115200864355063 -0.121480564772544 -0.0493247670523192
0.0191667539092346 0.0873255265306017 0.00132643744964004 -0.225973896340351
-0.12146444908482 0.045556708191508 0.247470658394308 -0.167177452201327
0.161152355710254 -0.103622791711836 0.523291841241877 -0.262555481702076
0.183980636819371 -0.110601899372401 0.0504018146737922 0.0231095304383602
0.190095054523976 -0.162912985582009 0.2968586628562 0.296050490907561
0.115858236332611 -0.306878423773353 0.344590585807072 0.0281203522779948
-0.090749220789164 -0.288747535620696 0.175452182635025 0.000314836478974987
-0.208659818899378 -0.163822705704912 0.158662536120846 0.146554762834552
-0.237667538290903 -0.0431384510459259 0.25353455278214 0.203230773484773
-0.196232525307441 0.00638144478263805 0.320220890909677 0.212894779186118
-0.195889273355254 0.0283605278129681 0.306816772678855 0.189211800955753
-0.174034911507872 -0.033201106515673 0.184962407884564 0.205536091943996
-0.143442647427256 -0.107726153667719 0.0343966465279545 0.219973294902957
-0.0341159813855111 -0.224161616807873 -0.0868924798740772 0.0906270142552677
0.121159054653396 -0.156594718161664 -0.10950278388577 -0.0375003192355505
0.138907804576185 -0.0583033602599571 -0.0392811227064221 -0.229542957904653
0.111467092437828 -0.0591432008122822 0.202220993215805 -0.210318124026902
0.42025524255665 -0.197697447716211 0.38584097647706 -0.170155208700969
0.407302067576575 -0.294123478984699 -0.0603797147805759 0.122224467640485
0.279490102739243 -0.394174631892747 0.287746750547186 0.38973186000305
0.115994707007199 -0.48529891192039 0.374725733160107 0.0247117710052555
-0.105669657757896 -0.433097097907962 0.152678754095571 -0.0799113017651359
-0.268208515518438 -0.309525236263354 0.0694088331053015 0.08547131122154
-0.355637783932503 -0.152760175704876 0.149385848825733 0.175995805794523
-0.30589455489712 -0.0595999480833449 0.219645323862093 0.198210546703425
-0.30579006658889 -0.0251440305177151 0.233885180601293 0.174294860567659
-0.257881146280557 -0.103579274056655 0.137597208910582 0.195935440344583
-0.200938697925541 -0.165268305273764 0.0100250491928188 0.210605536326696
-0.105148007120586 -0.301722040473597 -0.0977968443604462 0.100460832989648
0.071223456199933 -0.306184222569956 -0.123489718388759 -0.019926506347442
0.223831798781418 -0.232558183563041 -0.0901675336609881 -0.227262596820322
0.326584765759065 -0.185528712437564 0.1152829700116 -0.220755599699948
0.602741938219546 -0.243313723639993 0.188441967936747 -0.0697659442758096
0.550744870199769 -0.415003200286196 -0.164808725106116 0.236880204435646
0.30746455245059 -0.546071842206454 0.282016374228653 0.426492783379824
0.0800083175098325 -0.566780166820866 0.381389718251985 -0.0186848341131599
-0.109614667744961 -0.484133630981471 0.112493989181144 -0.184340127963091
-0.279271738891172 -0.386627809941426 -0.0327154163897714 -0.0128718209218749
-0.40971784298306 -0.232612710209326 0.0180912534446515 0.112408164509675
-0.370234647190685 -0.11515072621641 0.0860780584369037 0.153058352873892
-0.383283646439963 -0.0789241878255856 0.122068587381102 0.144731166130643
-0.328132305645663 -0.168505644884176 0.0601481633378705 0.179533013863348
-0.259661244540286 -0.222242402871994 -0.0333153875444751 0.199453617255737
-0.184567023648651 -0.372219424213522 -0.124971171970494 0.116676340268059
0.00453174228984602 -0.449032632633067 -0.156195486433069 0.00378882941300804
0.279063312061169 -0.406038381828193 -0.143890997681719 -0.205023379898764
0.503111311687771 -0.305456547260288 -0.00671268379235756 -0.186100454172864
0.673146938548114 -0.25376664094531 -0.0234782319704783 0.0191869247004041
0.563769198076632 -0.465780560187065 -0.226330002205809 0.338069723314226
0.245063756307993 -0.56658837071941 0.280278815043049 0.390761594026859
0.0160865471548826 -0.503800620339816 0.348306142210197 -0.0823165309555081
-0.0895327632707219 -0.425206402178302 0.0522331610626311 -0.270729040381696
-0.241344369408833 -0.384284510844572 -0.130769357565662 -0.111903673814824
-0.393292604697219 -0.264111752891379 -0.117415507466736 0.0309369932766033
-0.376246584125287 -0.157651794014527 -0.0654137647926107 0.0848762239782011
-0.407432840652434 -0.133732367715286 -0.0184956233411164 0.0976670372066296
-0.353993658046346 -0.22653835935185 -0.0475198872066425 0.14767699926301
-0.280705237776431 -0.26982594892198 -0.102155470082665 0.173053647515858
-0.234102123740444 -0.414379230619121 -0.168310265658436 0.121771609132473
-0.0463242597056206 -0.548023442541859 -0.199612458789753 0.0213734339610325
0.317575824951092 -0.533772672933265 -0.19181107663935 -0.160950911648364
0.623359644159844 -0.374832993602535 -0.150187077531345 -0.10457793453398
0.625492635207206 -0.242195567465105 -0.198886378068715 0.0921856445127829
0.449629939383858 -0.449960256723462 -0.22733098943275 0.398250474499821
0.121221137219041 -0.462204905755737 0.264406642688087 0.298236066861394
-0.0383425780996922 -0.326045363133215 0.281135408960423 -0.13427890726212
-0.0418642871889919 -0.289717154498731 -0.00782963729519966 -0.308162620387223
-0.162625949729322 -0.316688100280913 -0.204091837000203 -0.181528040003755
-0.315946513812936 -0.252533955227453 -0.234613330807874 -0.0485075136057179
-0.321937060407211 -0.176330574291358 -0.209379812044261 0.00366325597505557
-0.363676818806463 -0.178645159122242 -0.162308032140129 0.0303166234813829
-0.305938174287065 -0.263209725421768 -0.162252878248586 0.0895078632537088
-0.231732024999508 -0.282022137491329 -0.177873354545488 0.118977924564551
-0.217424113035273 -0.393967323606641 -0.220914368315351 0.101304198960325
-0.0558730271371767 -0.563115490292105 -0.250390417913898 0.0145093187401766
0.342090328530434 -0.568634308840619 -0.225946875603834 -0.113354392659117
0.664487586981937 -0.369524921352671 -0.299194599817204 0.00205493807278622
0.481795745525316 -0.203073249455725 -0.304882234655111 0.144917207821877
0.273947057662591 -0.377044447690406 -0.180177911731065 0.404641094919119
-0.00263162156210063 -0.29167834380372 0.22757244500509 0.186207681996961
-0.0567991808162742 -0.122385588505905 0.19937676169528 -0.151562902918467
0.0236867249131761 -0.143790803581849 -0.0465952936393601 -0.29448185417657
-0.0645830401655251 -0.222397788392835 -0.239081586764146 -0.215836315614936
-0.199546859710255 -0.21003487241824 -0.315395587107689 -0.114398074432693
-0.218905989286941 -0.171887617225281 -0.322499009393433 -0.0808658999734686
-0.250029633115862 -0.194203601646461 -0.277176400534714 -0.0552910225359235
-0.185104743564126 -0.248865400138722 -0.245322776398448 0.00332461214980844
-0.12324436079168 -0.227829787100898 -0.227409351256866 0.0434054274670741
-0.152841096629913 -0.291934530652546 -0.265280465613439 0.0549102097184584
-0.0360758336869231 -0.476924504522483 -0.297495390272945 -0.0291722149661875
0.33537200653963 -0.491762110321637 -0.239239334970918 -0.0831032420600271
0.60603825854505 -0.283265481380893 -0.43386393771941 0.104099970545142
0.287816552518383 -0.134615868938212 -0.337802303575407 0.179948164992713
0.0956900119722249 -0.264195210571162 -0.111859224618195 0.379249812752344
-0.0852578424541595 -0.114956286566484 0.180460556170784 0.0941364889769532
-0.0448039679971185 0.0388709715788738 0.134926713637736 -0.138780472619983
0.079160649015714 -0.0275624388489181 -0.0567044094237957 -0.259372476625581
0.0292567257052487 -0.127543614985112 -0.244487279678061 -0.226506187141383
-0.0645483865578328 -0.151296858050202 -0.356738577086416 -0.162402010520249
-0.0824915989449781 -0.139818528769172 -0.386479186471219 -0.153825162935061
-0.0885246403942814 -0.161850253408139 -0.335396593069039 -0.142468550169628
-0.0314958076997403 -0.161613805095361 -0.267935873027951 -0.0867267618858871
-0.00889283423341253 -0.0966579562256143 -0.231472858743059 -0.0226793382312741
-0.096385021658688 -0.117860074636402 -0.292748093149913 0.00633098303244462
-0.029577393227885 -0.300799068794507 -0.332211495593019 -0.105288645794472
0.258379547604182 -0.324693779799305 -0.221745603048446 -0.080878335081898
0.438745442765973 -0.142670375577737 -0.52775022807225 0.180052936853198
-0.108344405985974 0.0450809597731136 0.535937078485521 -0.342702231946239
-0.0279196575424879 0.111069312266715 0.131074425489952 -0.0475182194192545
0.104648757263274 0.0800982128311543 0.300395918984532 0.154752947867093
0.0961330926620235 -0.0996999149273552 0.294666018710122 -0.0125548235932103
-0.0608484538516524 -0.0951442838028782 0.183194007548223 0.0249376067561124
-0.099088851668102 0.0120990058603417 0.220949727913247 0.136002250981611
-0.0658767032525056 0.0696634672682027 0.311044002493822 0.169932592315026
-0.0497746209115233 0.0719186139336513 0.37105394713647 0.177741895849998
-0.0609760283031007 0.0852021612490191 0.340196180711237 0.168556073835739
-0.0858051897489264 0.048051309953719 0.217650028945973 0.199363171638986
-0.100610025873645 -0.038914210804265 0.0641784824305811 0.231154515411023
0.00242318335121137 -0.141315828553996 -0.0849539699273314 0.104275037580942
0.132569465495814 -0.0215844905523742 -0.121870785395578 -0.041151468504755
0.0219244143468459 0.0828317829010161 -0.00464315311186582 -0.219579731615932
-0.112938977394636 0.0528789321152831 0.23415005962201 -0.17086634740494
0.150557551333374 -0.103783742788922 0.493678566870912 -0.275166855339948
0.174447013219116 -0.113132009960559 0.0494129196095836 0.0252383576125967
0.180961320813858 -0.168128259559588 0.302403175716486 0.275963837201312
0.0975970607700752 -0.305625233652225 0.332988785934693 0.0110875672879971
-0.101461123049073 -0.277831160124322 0.164481059284227 -0.00456870418563815
-0.210373753798368 -0.147123968617306 0.160451151478553 0.139799793452726
-0.23045318788774 -0.0304496159012814 0.252404434030086 0.193289866491883
-0.187918460803088 0.0154979397862484 0.323726961100928 0.194817687640031
-0.185744021860597 0.0367655745617912 0.306246391777324 0.171518587857526
-0.168278676084776 -0.0244404209811255 0.186673512577018 0.195803091616029
-0.143197498779112 -0.0987314170801592 0.0411516594434849 0.215380701714819
-0.0447224012916941 -0.216544933649755 -0.083628615815441 0.0939430993599163
0.112307721901185 -0.160441760717079 -0.109706837943738 -0.0320064242175894
0.132093104313075 -0.0630481698919314 -0.0445402777103378 -0.220849107333087
0.108122768385962 -0.0601611704348893 0.187718428210322 -0.211556116747843
0.397752628466816 -0.205582038977623 0.364408803509474 -0.1799649591288
0.383130063745083 -0.299860862020018 -0.0535907900194332 0.126704076718161
0.257152520099175 -0.396177574486005 0.297894826211763 0.368109425490079
0.0924913409352254 -0.47766278029169 0.360641281405257 0.00386349552623188
-0.121152089187107 -0.41912136614112 0.136922362155967 -0.0805578567621644
-0.276833539654221 -0.286534136532678 0.0717848065429966 0.0855526536214338
-0.350551038463368 -0.132509294111101 0.149148358018934 0.171857933147704
-0.2987535932148 -0.0437216746251585 0.227747414299999 0.183958434043182
-0.296505526670637 -0.0107816119720424 0.235221297284547 0.160571210638592
-0.253610994039073 -0.0894706493963071 0.140289499611389 0.188327515339603
-0.201540099580868 -0.154369839487926 0.0167207131305318 0.208623151995257
-0.116475089828051 -0.288065265094424 -0.094589514219012 0.102669359888658
0.0580567038834793 -0.303061403040341 -0.123211808329876 -0.015901696852056
0.206912624915154 -0.235407425626155 -0.0941775535525731 -0.217214433599954
0.310066141863947 -0.193863788449212 0.102204605712319 -0.218524553357824
0.575662588848863 -0.258829064951639 0.176428241828277 -0.0756332070030446
0.518624879562831 -0.42612368752737 -0.149879405007927 0.242585734795333
0.275876928544595 -0.543844831749419 0.295777987916711 0.40447732473917
0.0533322965117617 -0.55532459099126 0.366554002380023 -0.0368790454634849
-0.12492935258389 -0.468785462780256 0.0931898659227575 -0.179850406599579
-0.29170816205183 -0.365224746948791 -0.03168813330805 -0.00550894601414744
-0.40650683714717 -0.208608876466222 0.0180807517394431 0.116046737272405
-0.364602138869621 -0.0965733961708253 0.0941533232516903 0.146340766592878
-0.375049056552334 -0.0603127445693622 0.126169664485275 0.135776146579617
-0.32634986382249 -0.150380579437968 0.0654151814432341 0.175794031483215
-0.260563052221133 -0.208759903042788 -0.0261098163932944 0.200388167170353
-0.197390462227046 -0.352924237894534 -0.119996262917799 0.120133074475492
-0.0116523662572003 -0.436944184696191 -0.154139172050464 0.00766375949569002
0.253838339818864 -0.405975462538888 -0.145386755494433 -0.193866750507628
0.475436567968509 -0.319606986477315 -0.0145355247501229 -0.179339027295444
0.640898020823801 -0.273801258335374 -0.0261779073008995 0.0186839708100076
0.524389463385099 -0.476562433318662 -0.20467765761549 0.343720259137653
0.214106130337015 -0.55990258140206 0.290489950852838 0.369587798707393
-0.00474751020895229 -0.48998697287688 0.330961235453171 -0.0968035708620862
-0.104182684622154 -0.414816455428556 0.0323593336636585 -0.261934139571742
-0.254316549823377 -0.364631200144564 -0.130508798860803 -0.097931044255643
-0.393231557695357 -0.240438255726189 -0.116712347585342 0.0420800212728417
-0.372868111953263 -0.13625971158008 -0.055966140991327 0.087384924299225
-0.402728877038243 -0.113158064953693 -0.0123463726171591 0.0954577901402552
-0.353768667359856 -0.204927427046401 -0.0408133274657866 0.147949720251971
-0.28370664934083 -0.255508343193388 -0.0944980403951663 0.177149140067169
-0.243201050031793 -0.393554360830243 -0.1616742136614 0.126145636143605
-0.0654364279048948 -0.529924355968053 -0.195969691425605 0.0267390286229895
0.286331227449181 -0.530764940914661 -0.191032527369994 -0.149883320864701
0.588170605351077 -0.393505024776068 -0.149728703981123 -0.0953611135552959
0.593617191760005 -0.26150623268426 -0.193014716476194 0.0963981308173505
0.415058385413239 -0.456782398022361 -0.202670933131607 0.400308019649484
0.0966765501048628 -0.452952119102892 0.271193687337412 0.280598611284842
-0.0493731897848664 -0.314598443273256 0.264025982097514 -0.144888028455545
-0.0511485775838691 -0.286051735455403 -0.0253770014230365 -0.294802968129423
-0.174682458091782 -0.303988523087687 -0.204080707997976 -0.16386916501154
-0.319195429101648 -0.232878068953808 -0.232801218574791 -0.0319853281714115
-0.322758745423311 -0.158864494276201 -0.201172524553534 0.0137230785132026
-0.362741075360933 -0.159371887463616 -0.155277785923933 0.0362520712372629
-0.309419167391314 -0.244134994808219 -0.154058070042718 0.094462455615275
-0.2359839171916 -0.269179991499676 -0.170215880061917 0.126794505429439
-0.224654422851146 -0.373704199500037 -0.212260322587693 0.107572395571815
-0.0778292898960665 -0.543761013323396 -0.244487464889631 0.0229398197256297
0.30818288296715 -0.567266614810071 -0.223862702992889 -0.102097757921646
0.62559104529644 -0.390855155090051 -0.288821301736545 0.0147815040176412
0.457798315372229 -0.218696113281902 -0.294529651533365 0.151844630301926
0.247585504389743 -0.378209131895276 -0.155368319030951 0.403744489271662
-0.0156903462825465 -0.280789879707561 0.228013260995383 0.172614587304645
-0.0569693318500506 -0.115622822249497 0.184948616056061 -0.157221550025698
0.0186090778305575 -0.146988420261605 -0.0596187550866658 -0.280961819743099
-0.0750748364852434 -0.217647331331975 -0.23963634590114 -0.19801366726451
-0.205069885091754 -0.196692426842191 -0.313041244485806 -0.0955840563400412
-0.222575408658667 -0.158916966330235 -0.31664066163527 -0.0626367615827849
-0.254211229361326 -0.178695688394176 -0.27105257618886 -0.0423277584653381
-0.192742840380566 -0.236572991200203 -0.238055660340436 0.0123611212044544
-0.128008964855372 -0.221128449234807 -0.220910140058432 0.0533838360271832
-0.157317345661594 -0.275856451882418 -0.255638720211342 0.0639725905472717
-0.0535699864347909 -0.458371827438472 -0.292225945305278 -0.0161272324472502
0.30362118684672 -0.492542687869849 -0.236439657505085 -0.0725791817404256
0.572578549168588 -0.304521951593253 -0.413782547241026 0.119354936770295
0.273295906577342 -0.144232554229623 -0.324720694549825 0.186882548265117
0.0787674929869129 -0.261320646965464 -0.0912675156642303 0.374795516980309
-0.0870678038714057 -0.106090921662479 0.178475570005307 0.0847156250436743
-0.0385492214683846 0.0407267940775669 0.124207924493936 -0.141513115111813
0.0768010128808066 -0.0360555790385202 -0.0660227243699698 -0.248539684886577
0.0214738293109792 -0.129593099937873 -0.245388198581873 -0.210174348309917
-0.071722692006844 -0.145951439709956 -0.354185916831958 -0.141913762351697
-0.089485347767733 -0.13369114657094 -0.384889679166314 -0.131844964496646
-0.0958393368470292 -0.155607734092933 -0.333200675717152 -0.125342630856856
-0.0391997296320329 -0.158019617456753 -0.262889061649613 -0.0756579028994211
-0.0106815332993294 -0.0970487740317224 -0.225557761203406 -0.012642644383908
-0.095876533216523 -0.107629367809901 -0.283814359361729 0.0186365312088479
-0.0417955776831764 -0.288770157814745 -0.330942462762824 -0.0872486323506549
0.234154525277662 -0.326356546220393 -0.22012800890786 -0.0721810928288944
0.417101285781721 -0.162485523811113 -0.500980803851889 0.197068618672616
-0.106245415895913 0.0503197891969049 0.513986247498219 -0.338640474431076
-0.0254655012126586 0.111431409275874 0.126119410576224 -0.0437087175263698
0.105756827820103 0.0745555514583446 0.297406937083047 0.145941019112169
0.0897681601740924 -0.100849453662758 0.284644746245169 -0.0180777443889242
-0.0625252228239372 -0.0901075716362171 0.175076824516821 0.0235083798154419
-0.0956630959982123 0.0183009951601264 0.217505892241031 0.131437519874208
-0.060423444141484 0.0704154728401985 0.306486002193718 0.164953605277482
-0.0447864283943967 0.0718688552469463 0.366928481215751 0.168265409415428
-0.0552046257001055 0.0853559934606414 0.332781768430967 0.160547938450709
-0.0804680833266065 0.0487731195445218 0.213659535831665 0.194842412142385
-0.0992810870247375 -0.0342805463648121 0.0663666248816341 0.22526987674009
-0.00297949941890484 -0.137627009111521 -0.083961260893756 0.104525039631266
0.129878499171284 -0.028513120474226 -0.121010244919001 -0.0360114257709422
0.0227351811925243 0.0810765245348988 -0.00510578125026586 -0.21417658067626
-0.105539098428766 0.0562195436221004 0.225278452570715 -0.167937015249239
0.143770175929042 -0.098158951049145 0.473413555870766 -0.27386708974385
0.168083498897597 -0.11022697546046 0.0477883588729544 0.0295509739919909
0.176215174934679 -0.168509822076987 0.302376112735555 0.26546768402347
0.0886044716381565 -0.302149291749447 0.321749715656501 0.00398037841831364
-0.104384195089014 -0.27032902262608 0.154735129783265 -0.00299122111907545
-0.208516167941392 -0.137070637212347 0.15943108941109 0.137576657100351
-0.224007519811569 -0.0245716461083036 0.249034606264426 0.19162197545823
-0.180765692512679 0.0190918786375715 0.322209976249449 0.185918764796822
-0.177786988964528 0.0393697646585876 0.301293854973525 0.163458022058969
-0.16305452938667 -0.0206449975697033 0.184284637107416 0.191905533495802
-0.141016480124812 -0.094173114389018 0.0430273704951341 0.212255115319225
-0.0496202419730664 -0.20927095415897 -0.0835393330970179 0.0943691488110754
0.108256559563832 -0.162447118192532 -0.109364032927974 -0.0291926107987626
0.126855523385732 -0.0637560162693081 -0.0440210741120962 -0.214890996338331
0.106460749379751 -0.0588934740705934 0.17959409865876 -0.206757317806921
0.383743887147653 -0.202873191130763 0.348394900779936 -0.179209381662801
0.368782073284471 -0.297125232424144 -0.0509403342208704 0.130352837640285
0.245025824309357 -0.390800506158717 0.299776864814913 0.355944656917937
0.0814650243464974 -0.469924752247983 0.347641119731438 -0.00387335991814104
-0.125870956474735 -0.408804685619239 0.125424692468778 -0.0766717602380733
-0.276673000703996 -0.272962123183041 0.0719913771272941 0.0872467189840042
-0.343112051195603 -0.122175155200735 0.146987520831059 0.17402091634648
-0.290829200538734 -0.0373096306591164 0.228880765659118 0.176852537475326
-0.287559747369905 -0.00545915326425736 0.233112734028976 0.152976707405635
-0.248317096644662 -0.0836758862770348 0.139313517564789 0.185298435933168
-0.198234839742183 -0.149288491145659 0.0190981682065314 0.207414918722998
-0.119495644842049 -0.278369097564939 -0.0939007027535954 0.103745727936985
0.0534770225439721 -0.299020638894522 -0.122744368409317 -0.014548624146189
0.197605669915716 -0.232080687441203 -0.0918223788535524 -0.21109133741473
0.299510527717994 -0.194521229123604 0.0955135614791412 -0.212936960377488
0.554116357271453 -0.259368522898891 0.166823224605021 -0.0765254300651799
0.497570162560818 -0.421552631827765 -0.142254021842911 0.243550291032344
0.262336353085153 -0.534225969149749 0.298857630331245 0.392377298439596
0.0426393551750247 -0.543747819696703 0.352051745441793 -0.0443864969958541
-0.129471430084666 -0.461785909965439 0.0818596499869093 -0.171689004844008
-0.294047316677943 -0.349884615080593 -0.0292887097921429 0.00110109145270598
-0.399998539479099 -0.195076867775952 0.017553001819708 0.121188095346929
-0.35658925735018 -0.0873709834216838 0.0991996044939713 0.142074373403054
-0.366089456813115 -0.0527704998146943 0.126665915208225 0.13100544862704
-0.320255475216053 -0.141930059314762 0.066140033114978 0.173952100061246
-0.257334577236774 -0.203981389819297 -0.0237128329224747 0.201144991091648
-0.197500065949782 -0.340297675347612 -0.118024601680759 0.120522250151997
-0.0167511557328185 -0.428774650301175 -0.152562993841057 0.00798454060869152
0.240124845941504 -0.398894234172038 -0.142654406368521 -0.18812410488864
0.456338799509767 -0.319478024003494 -0.0168279263019996 -0.173197044214778
0.619175791729779 -0.276401133833167 -0.0295569333986109 0.0189318365108293
0.502419228582701 -0.473816926717407 -0.194118635096619 0.342370570263727
0.199107052090935 -0.547360849110738 0.292595356469898 0.357890691588347
-0.0124025920496368 -0.479788203771862 0.316643802563531 -0.100388868655316
-0.108464589008435 -0.407823782067461 0.0219394971958369 -0.250209505079779
-0.258570393978074 -0.353776546864838 -0.127209327560956 -0.0880560115665039
-0.38847015481372 -0.228274921508667 -0.11519803014642 0.050666964425659
-0.366633825684965 -0.128488104583931 -0.0493209976368774 0.0864626098249519
-0.395108119181925 -0.103597855879018 -0.00893601940424942 0.0934310875729967
-0.349789897312125 -0.197254549990895 -0.0372237232232547 0.147840017823001
-0.280758473214814 -0.25017813056536 -0.0904074878197268 0.180024983083241
-0.241546618620257 -0.37810180875524 -0.158013965886026 0.126065885056931
-0.0711925217790019 -0.515654147713873 -0.192205275796036 0.0274471856889456
0.268628797985461 -0.522449332538283 -0.187416469378355 -0.144145517530214
0.562710753600744 -0.396621841091816 -0.147485485566135 -0.089226690304818
0.573669763289766 -0.264006419944845 -0.191521003298255 0.0964461797554166
0.394509811993753 -0.452580255646293 -0.189278318945481 0.397041513017877
0.0871742964724572 -0.442763650661293 0.270571070619117 0.271052565405982
-0.0515752925705726 -0.305665238538885 0.251424619203883 -0.146467754521081
-0.0538449116845398 -0.284078526768432 -0.0327326959749971 -0.282726698891401
-0.178721637855445 -0.296869977738257 -0.200384460735119 -0.152417967591149
-0.315766324251593 -0.222985090352039 -0.229605022664206 -0.0212033913890591
-0.318946131269886 -0.150430888857781 -0.193451978959139 0.0172867781548788
-0.358365889860129 -0.149255172866204 -0.14984036278288 0.037256801972192
-0.307776896625101 -0.235389690458919 -0.148461884782306 0.0959334323586252
-0.234465567797597 -0.264861999387428 -0.165376718600137 0.131345812812252
-0.223394726572324 -0.360110453054023 -0.206935651474529 0.108163264605627
-0.0812260011520897 -0.528185923333035 -0.240357218017785 0.0242201231280715
0.289972355681074 -0.557135259766755 -0.21913988259271 -0.0978847095191379
0.600771507567796 -0.394902037767395 -0.279909869360591 0.019280213003459
0.441238048817849 -0.221307971109642 -0.290148758491495 0.151498478333442
0.2314558952798 -0.373230262568004 -0.143391809464039 0.398644174291329
-0.0198414385239714 -0.271998821305446 0.22634471935677 0.166252098911741
-0.0553891708744601 -0.111486717974674 0.175050886988533 -0.156615931030611
0.0153947901528231 -0.15009975221369 -0.0638522935437349 -0.269668165159881
-0.0795606074228804 -0.215376831746944 -0.234968719922342 -0.187067291245253
-0.204940614071644 -0.188931555821782 -0.308940369686146 -0.0845131506754891
-0.22263875323494 -0.152381617975104 -0.31010581134322 -0.0559920181094121
-0.253621271939105 -0.171659723665919 -0.265812315980345 -0.0376178368233183
-0.194032278050772 -0.230084960939608 -0.231159467181663 0.0156915220007857
-0.127804831251816 -0.218786600779662 -0.215694918236744 0.0580367367954688
-0.154549881441484 -0.264260822845539 -0.248874671271199 0.0665590036273133
-0.0591323491955615 -0.44525158413608 -0.28750312960308 -0.0115781534066181
0.285237947454493 -0.482362106056485 -0.231081818116494 -0.0692288975655391
0.550272169728259 -0.309837493806346 -0.399846355642804 0.123337478068368
0.262994012840819 -0.146071944545884 -0.318527314972935 0.185186575437136
0.0696042138160554 -0.256757376536152 -0.0806347010722099 0.368631765311031
-0.0862077131276667 -0.0998955618991119 0.175115287333854 0.0812747067496612
-0.033222939779113 0.0404294725336581 0.116806164027483 -0.140917737568527
0.0742444728465382 -0.0419636207774298 -0.0670958205859809 -0.240846610489453
0.0159286581447333 -0.132098389725537 -0.241954932278145 -0.201441315708219
-0.0745363308977623 -0.14197100984999 -0.34904371328104 -0.132361382018737
-0.0930607315258262 -0.130957474480931 -0.378799981834538 -0.122331552470716
-0.0991146494371079 -0.151741902479886 -0.327944139645665 -0.118861036950363
-0.0422411963032548 -0.155769686426912 -0.256904708704484 -0.0724910808602977
-0.0109672932129251 -0.0979406338946834 -0.219231469160018 -0.00823174385333132
-0.0911803701629276 -0.101011022261398 -0.275237559451733 0.023567812592169
-0.0454150732822031 -0.278674054705266 -0.32642093124727 -0.0785589962894844
0.219877858229604 -0.321707260236683 -0.216534395409409 -0.0697320745299636
0.402043873924197 -0.168321861990546 -0.482673913831804 0.199408991902532
-0.0884375524848491 0.071019922180229 0.445407410463142 -0.44262039032894
-0.0020317027782448 0.113166687590365 0.113769458161637 -0.0613837744272496
0.117864622971616 0.0456173747934455 0.327604626371285 0.0985216515359868
0.0634622971974847 -0.118610960478587 0.290581620374486 -0.0684573045971266
-0.0771111020227321 -0.0742552765414222 0.177897333475455 -0.0145942619716583
-0.0843691503328806 0.0360060176640009 0.236600855570845 0.0888680091502492
-0.0381917448862312 0.0791573408461932 0.327668544670681 0.109235215996924
-0.0257729810165005 0.0760281892359816 0.393663749515116 0.0973085426153057
-0.030370728065628 0.0926621324462321 0.363466560950338 0.0973947648056846
-0.0647992403787437 0.0644278200315265 0.254056404021859 0.154403241622564
-0.0995135258369245 -0.0102277421484094 0.113022298741616 0.211382428675798
-0.0332856216565531 -0.129145797358823 -0.0612999031173773 0.126216377465461
0.116448601495626 -0.0575451246843986 -0.129001358986874 -0.00300906188800225
0.0406918370712422 0.0719457138914508 -0.0519992785590518 -0.218414454429138
-0.0847298475522214 0.0767167395426815 0.197562431616172 -0.215281063715017
0.121275356862082 -0.113629452595258 0.432348950664604 -0.36521203795888
0.140420455863222 -0.135336668732696 0.0638263534744765 0.0293912508521512
0.137649019770992 -0.196051767071095 0.37695401271471 0.210142366507484
0.0218792521802377 -0.308528110322766 0.345145607076377 -0.0589148123706459
-0.153227688226083 -0.240463040445042 0.158097335838684 -0.0469711797800275
-0.222104929802511 -0.0917124462543226 0.183998484440637 0.0960561525780303
-0.213130445789026 0.0227926365653567 0.279894193706362 0.133160174921396
-0.167293901771138 0.048631819906269 0.354841389031988 0.121367933042046
-0.157632381340578 0.0699890816658585 0.335824686383967 0.106857100067708
-0.157764335397686 0.0119079049681993 0.227399894535516 0.158281974011556
-0.149937116388565 -0.061575638059368 0.0887544941079341 0.205008060148582
-0.0902788215851161 -0.189952420812332 -0.0613516260440158 0.115504618737071
0.0709642229297964 -0.178757100535678 -0.111004760761455 0.000305991455015031
0.112435306258735 -0.0892469810096911 -0.0915872274005122 -0.201150272532702
0.098323198909447 -0.0792637872529688 0.136417832223115 -0.232495331364701
0.325733380406387 -0.254834104301533 0.34003683214838 -0.240697489455446
0.295651749418507 -0.351750664047796 -0.00292282070998749 0.15301709248549
0.160191826066996 -0.418586868206023 0.410281560568557 0.294795430188879
-0.02025249936306 -0.466471232398188 0.383039217124636 -0.0788089592927143
-0.199217151115164 -0.370922988143641 0.121110679430052 -0.120831823412384
-0.315003339519465 -0.21049745744044 0.0927174697880961 0.0556796630768196
-0.34778410368671 -0.045843497810244 0.180598668630611 0.124386223809763
-0.283877931460052 0.0135567877310687 0.261568337727987 0.129320181390928
-0.271264130764292 0.0462536616394466 0.267277534005451 0.10900825138583
-0.252443315524956 -0.0335879581282698 0.184624977272211 0.160484923878415
-0.215129966723907 -0.106114412607982 0.0639288656262 0.205729885233866
-0.168661925859022 -0.243814404719098 -0.068384371151205 0.12572003191501
-0.00551694463765366 -0.297252467636273 -0.115950095094808 0.015858834590855
0.146484007180331 -0.267902972976771 -0.13745771080838 -0.176967819150174
0.25906121389317 -0.24987855418608 0.0472283927517008 -0.210614100278473
0.477200013092029 -0.340528659149178 0.184313912629525 -0.0954295414192262
0.394112343156761 -0.496151650127328 -0.0648942039868986 0.286746233425605
0.14479000891178 -0.557024764259077 0.425294417440532 0.325787188136723
-0.0707107863575357 -0.527264736204306 0.382614874404946 -0.12479276884017
-0.215721172876161 -0.421570848724687 0.0620811568302093 -0.209382745943804
-0.348224097366566 -0.280940953631428 -0.021182274923605 -0.0143255777306843
-0.419190324438957 -0.103579911581414 0.048107122952904 0.0903804848234271
-0.356710236044493 -0.0228088254811647 0.12818279870316 0.118164061157237
-0.356809738618182 0.015338317241401 0.158610112054221 0.107264268624579
-0.334021588790374 -0.0781586973314961 0.110828794439863 0.162169602102398
-0.280679879555558 -0.148843296329255 0.0216306595744119 0.208315140401632
-0.253012867632643 -0.290235495382379 -0.0871203687560325 0.145825799064699
-0.097025797164505 -0.406822741588609 -0.135302254154999 0.0424606089625929
0.155850743664031 -0.438443751897166 -0.180082516954199 -0.134450260206426
0.38369044499295 -0.404102138283848 -0.0609755659539312 -0.138089987281354
0.532114719884194 -0.370407141624959 0.00749342581951441 0.0409864546297655
0.386928827188731 -0.545497068154373 -0.0950575435713605 0.394222115504049
0.0832973001730044 -0.555746306993427 0.410120687825945 0.288056007024545
-0.108820843533513 -0.453518036359991 0.330942285515903 -0.177847787206606
-0.185299952772818 -0.376011911841476 -0.0127760855188816 -0.273242188804161
-0.316991677467092 -0.291633322331795 -0.132949579154277 -0.0836288689587779
-0.416941083897425 -0.137588158178147 -0.0922126228698237 0.0439017790905972
-0.375196166658045 -0.0596381059813733 -0.0286110094870709 0.0919188039477998
-0.397593964403334 -0.0276761820996073 0.016061499389275 0.0963424669806955
-0.374238834680238 -0.126683618436117 0.00306246340451667 0.156268932847118
-0.312001801990478 -0.190202234639725 -0.0488312770129427 0.200320784569364
-0.302158286866296 -0.318370309412714 -0.124067108558666 0.158402586115268
-0.163813175158912 -0.478639161319671 -0.166948918277815 0.0674344010672018
0.156979736897812 -0.562206292864251 -0.212450213551838 -0.0746583433077209
0.46854488568914 -0.500695659377815 -0.177088364587155 -0.0225492207757711
0.490723168894712 -0.350834003344895 -0.144100304947799 0.150107166118946
0.289108580666331 -0.505376853594378 -0.0829763423067389 0.443430157481558
-0.00217791574060547 -0.432813261352818 0.357694997853392 0.203987998300877
-0.110093644473104 -0.282290557705993 0.242451269790327 -0.20661888976889
-0.111175333153573 -0.267704242319641 -0.0756640428037064 -0.287800379254884
-0.2325092340846 -0.252903115547984 -0.216559310022727 -0.129933045813824
-0.349443016027206 -0.146441967503415 -0.216655642803388 -0.00241164224242336
-0.335940962296891 -0.0901318556727798 -0.184323345861256 0.0523680636934961
-0.372940844919383 -0.0798056379542745 -0.13653947569422 0.0680721432146525
-0.342607622478171 -0.172204196371936 -0.119189677255034 0.126435368300816
-0.271459573023989 -0.213679386428619 -0.133247489406336 0.165570880255896
-0.281356161192117 -0.306057700279345 -0.176097003187331 0.150501072622586
-0.177702950298424 -0.48785016417743 -0.214476280863472 0.0751897958846833
0.168500907546694 -0.600334013745463 -0.236063287806015 -0.018924322016592
0.502997311417625 -0.506017311409152 -0.290908553256036 0.111314282647428
0.374457634701255 -0.287949678400741 -0.240848856628736 0.220909154128836
0.147362753452998 -0.398748322229401 -0.0441756558036109 0.430469397620551
-0.0696475145268861 -0.251819788328005 0.275953857991889 0.109749435577452
-0.0730789197990061 -0.0973662329366946 0.151052761008345 -0.196051100655619
-0.0197184643818884 -0.152814645074852 -0.106139935922827 -0.261327505903422
-0.123225156877434 -0.193398565772971 -0.258582988069803 -0.152716875796949
-0.238252269425013 -0.137561851400638 -0.307181868956418 -0.0430099896579789
-0.245370237340245 -0.108827077643349 -0.313981823014 0.00268586652422661
-0.277385927591625 -0.119777530439142 -0.269772548154137 0.0142985214077467
-0.232289146647156 -0.189311159303542 -0.221599533613624 0.0619324275657244
-0.162514832659452 -0.189557584383845 -0.199592457656352 0.102628599287411
-0.196497187130768 -0.226464691814706 -0.227870705228228 0.116764191365078
-0.14068779428335 -0.41271316795004 -0.273518915563497 0.0502224740726741
0.178396332421305 -0.52757159341571 -0.245481737775608 0.00827121309786967
0.467550397211784 -0.412610695116872 -0.389369769346743 0.23195579476158
0.218742357961346 -0.186095472251624 -0.273926490967198 0.254999028491522
0.01640311087383 -0.256360985639513 0.00403189081579395 0.383504722501544
-0.0980335665712272 -0.0773634579655622 0.192937426667352 0.039749009234167
-0.0206529458157912 0.0420003830510772 0.0864401704723976 -0.162555462448057
0.0568361787718919 -0.0598904516833979 -0.106052616761227 -0.225026018632733
-0.0156779421331603 -0.131241024492869 -0.269139798087721 -0.159962319209291
-0.105005149913904 -0.118873635168719 -0.358994283005332 -0.0738955688325323
-0.116786162838779 -0.109490436172186 -0.396091044947974 -0.048550126368521
-0.12742150904499 -0.129114118918351 -0.35067948804525 -0.0551172841390114
-0.0732444276274368 -0.146169638319904 -0.269674590362964 -0.0220892089387154
-0.0294012146050462 -0.0957541540589522 -0.218734581792106 0.0359065955570682
-0.105606552678914 -0.0812655966229179 -0.266446760533542 0.0777288328706753
-0.0970740843737211 -0.257938500153558 -0.333488248100529 -0.00829153096413377
0.144924563791349 -0.358631490469685 -0.232892430885583 -0.00428775408062208
0.34804322864957 -0.246115819415065 -0.456585855789689 0.311765553705375
-0.0868504767702709 0.0792647125718204 0.445594594278988 -0.451967720687726
0.00142497719524528 0.118636980251021 0.115370377645719 -0.0581673290276815
0.121269915384454 0.0427439298911211 0.337441566128232 0.0938736459450834
0.0591871909711736 -0.122729050965844 0.292699159347733 -0.0748259697647153
-0.0813353067666501 -0.0732832954613537 0.178550815949263 -0.0138788806872352
-0.0821775258300223 0.0404878997894563 0.242038828303902 0.0903667341642039
-0.0353291116906798 0.081584421762416 0.338570919161198 0.110289263365079
-0.0226469128897192 0.0776148436937276 0.406132090082217 0.0956261815993823
-0.0260125983867406 0.0943834586821264 0.371847545861364 0.0966219245871105
-0.0627435829051211 0.0676109340668396 0.260660776978216 0.156949254878429
-0.101115658754599 -0.00688899901914257 0.118420316034285 0.214946805015558
-0.0386771070392517 -0.129979555905679 -0.061772584561055 0.132427694453837
0.116068848569031 -0.0649223684828335 -0.130634942800869 -7.72374739706167E-05
0.0427446571335551 0.0728904003731323 -0.0548720053979018 -0.223143672777021
-0.0815718558564994 0.0806803651956972 0.199586020416441 -0.218441382848364
0.123117923508106 -0.111312884976704 0.433131214935847 -0.374151974808596
0.142205357529433 -0.136664524549807 0.066342498244049 0.0353502853283002
0.138480528461575 -0.203306839972524 0.390675162469863 0.206865358089
0.01520507030488 -0.316275133099146 0.347845625735219 -0.0666090429520865
-0.161796060155163 -0.244471965361439 0.157873351842134 -0.0447985268595234
-0.226795911858514 -0.0880070638741589 0.190319153515999 0.0987267456797473
-0.214237822539034 0.0261186146489138 0.291258517131038 0.137699736541913
-0.167253434148026 0.0509856889748598 0.366108489093263 0.120183967231238
-0.156234514896986 0.0736667831482916 0.344020402904134 0.106519185128217
-0.159113921226559 0.0140431795390844 0.235353809973851 0.162515283019733
-0.153661708753957 -0.0601580332434701 0.0943436952374033 0.210846271080041
-0.0965793554749151 -0.190350231254902 -0.0627848050326754 0.12097368732512
0.0685687037586386 -0.186988240490046 -0.114234403055052 0.00199267688338293
0.112385905923983 -0.0920839964189567 -0.0941896767053039 -0.20567156963048
0.100134699178872 -0.0815958161645409 0.137281626319755 -0.235958082851597
0.330435532327796 -0.258980056648622 0.337968728528968 -0.245409367170954
0.296309681059371 -0.360446610311237 -3.55423229345563E-05 0.162045801296995
0.157855979793208 -0.429835337849357 0.428187110926948 0.293742322888589
-0.0280192595159863 -0.475152632604022 0.384771584181217 -0.0885996708590376
-0.212985625267141 -0.378226091345101 0.118599826070596 -0.118058241860217
-0.324519306050282 -0.208490031622314 0.0984796744326896 0.0594378519471726
-0.35348125315716 -0.0410430585604933 0.19114506921026 0.131932201583299
-0.287457881031218 0.0170339101460842 0.272738362758401 0.128485793604762
-0.272993084493797 0.0514278534878628 0.274869603291403 0.107921190313218
-0.257270203359199 -0.0316182692364434 0.191879635803393 0.164631563718995
-0.221422979298854 -0.106177647704662 0.0703911055060378 0.214004824262907
-0.175847519576785 -0.244312875448325 -0.0697333618184695 0.13152494749387
-0.0112892357699877 -0.305674733232682 -0.119916328679603 0.0174211692497011
0.144987614385892 -0.274004466237618 -0.139461252126639 -0.181143766701515
0.258347585078421 -0.257893100789429 0.0465797168156625 -0.212274297796243
0.480428649346726 -0.349697041666832 0.182748559011615 -0.0968277761774088
0.392883442987264 -0.507444919390081 -0.0603339759785481 0.298242197755304
0.140076322465054 -0.568293736335532 0.444450039728968 0.325423727168358
-0.0801347396786211 -0.536000719729974 0.385391887650357 -0.133483021509571
-0.228123950075329 -0.429559622025314 0.0571439255916531 -0.207971691579533
-0.361563710781306 -0.281642461198817 -0.0179782470604881 -0.00966157339610154
-0.428686316023079 -0.0990742028032156 0.0557461810006082 0.0996526452583113
-0.364583444653776 -0.019558485687592 0.135957295371304 0.119476019795449
-0.362659334097329 0.0203569193429601 0.16385770176237 0.107277349442988
-0.343063510922309 -0.0760273609997092 0.11679781825221 0.167789063909691
-0.289673860825387 -0.150971070653586 0.0274076780762583 0.21808548270996
-0.261705003339617 -0.290608613630736 -0.0883330727546432 0.152152831945526
-0.103984642045259 -0.414456719178589 -0.139683912167023 0.0434998393958176
0.14974887403813 -0.447083635275381 -0.183320474028603 -0.136628448046511
0.383430189913974 -0.418064539704478 -0.0630386970443264 -0.138305173190358
0.535550471909299 -0.381436721304049 0.00415958884445409 0.0440317810467418
0.384527808235361 -0.558882883029435 -0.0888309102690569 0.407024730961217
0.0756033963894212 -0.565685278012919 0.427757800386343 0.288803621598773
-0.118190358656518 -0.460384977693516 0.331847107322657 -0.185441072187404
-0.196207904720314 -0.383933724121881 -0.0180855094581096 -0.272184859137243
-0.330617135867053 -0.292776118748712 -0.132792960953907 -0.07907220008827
-0.42729991216226 -0.134808035774784 -0.0888091722770621 0.0545739370513107
-0.383443634461977 -0.0559489766723213 -0.0248173478706471 0.0945749778571133
-0.404562812057506 -0.0246828933475611 0.0180635128396241 0.0971966756216953
-0.385578725274095 -0.126028737108031 0.00676507608355087 0.162285892779097
-0.322246624257033 -0.192905300246321 -0.044522649271097 0.209867279949512
-0.311977055830167 -0.319638487334392 -0.125061801861321 0.164466890301704
-0.172899656535571 -0.485483894330202 -0.171905251932398 0.0695431799739755
0.151535875860717 -0.572734233312015 -0.216781419498391 -0.0761539670541244
0.46786156722218 -0.517046655595171 -0.179259659352613 -0.0201501186805323
0.493123308639064 -0.363393991688522 -0.148758334853535 0.157159523889565
0.282455169633893 -0.51786003566687 -0.0755105176386166 0.455977949666269
-0.01093918993784 -0.439460562256781 0.372529774632171 0.202864590645435
-0.115705438145266 -0.284497073954061 0.241706821005711 -0.212647662682727
-0.119159737907374 -0.275018465908515 -0.0811336080014535 -0.287829504477344
-0.244734502449862 -0.256226315997915 -0.219144678583449 -0.126584627260399
-0.359824939070547 -0.144574457901315 -0.217073380578182 0.00726072247438316
-0.345607831714647 -0.0872629209313174 -0.184766494722989 0.0563011876293843
-0.382102801119766 -0.0761361720845806 -0.138613796312578 0.0698466973526357
-0.354063817721097 -0.173165777901462 -0.119300359886612 0.131596189681173
-0.28116893196138 -0.21832431519067 -0.131342897759684 0.175338264938886
-0.287408983783776 -0.307041971612304 -0.177822600502373 0.155365514850165
-0.186455329298174 -0.495207479096541 -0.220160314765952 0.078560495664624
0.162314272818871 -0.612681398350838 -0.239827314462573 -0.0190497112098515
0.500592783910963 -0.52405035746003 -0.292207553518403 0.117165725760253
0.37505810256634 -0.297806197204284 -0.246226121603192 0.230004543977915
0.140151659152819 -0.407180824026582 -0.0349651605327411 0.440323414217923
-0.0755286620372865 -0.25408168778316 0.286129542983643 0.108884238402758
-0.0735807518432599 -0.0980699726135666 0.148687632550512 -0.200266964314073
-0.0245382279803949 -0.159586653175559 -0.110007025647316 -0.263113269488721
-0.132991277077693 -0.197962775328696 -0.263228291971843 -0.150876112244885
-0.246308928152862 -0.137476097885059 -0.310925911987783 -0.0354384026145253
-0.254380491134903 -0.108064996254897 -0.319186909526991 0.00846285669821007
-0.286970986027905 -0.118420210242723 -0.275393610744992 0.0178004882932189
-0.242013576652938 -0.191772662815115 -0.224881622774244 0.0647780779790158
-0.16861934004751 -0.195948850425036 -0.200048008133074 0.110034068195119
-0.199058105638652 -0.227322134216211 -0.230320883182288 0.121120687805533
-0.148691633466113 -0.416532914684645 -0.27884760618748 0.0552831056805015
0.172740656364501 -0.538501787246124 -0.249404407678533 0.00944741942078799
0.467968066009487 -0.430129175056481 -0.391599712916267 0.239491718966973
0.218583853589119 -0.193361004994448 -0.2794176794485 0.265046851846835
0.00823253134768142 -0.260823365217484 0.0137637342684318 0.390830687421776
-0.100593551400594 -0.0767465083871936 0.198757680084206 0.0399184957611801
-0.0175638385407551 0.0421901084112644 0.0847950619937026 -0.165852721329487
0.0552354928121286 -0.0654094308519559 -0.108949539645898 -0.228475571660497
-0.022321357354627 -0.136293791473908 -0.275407091845846 -0.160394956497052
-0.111216345793701 -0.119595377470508 -0.36703121835033 -0.0691135749930006
-0.124317184859496 -0.110502179634393 -0.406060478228846 -0.0421806387012348
-0.135529389185528 -0.13051799570972 -0.361257394222259 -0.0523784619115232
-0.0782688080697855 -0.15060537091631 -0.275942083588426 -0.0223196130035263
-0.031205836791315 -0.100474761058401 -0.220264073563004 0.039800521463855
-0.10470184074807 -0.0798248113513033 -0.269155365118506 0.0822087070094396
-0.10314156922043 -0.260246293770804 -0.34113154280413 -0.00162622336011531
0.140494283405999 -0.36468837402035 -0.238482651464168 -0.00475625755023086
0.348033057133643 -0.258670807250812 -0.456366518877385 0.322155306858276
-0.0815794725829194 0.0893159940165158 0.433084587470238 -0.476184133595793
0.00951889388515518 0.124892553677631 0.115983869181502 -0.059402844017361
0.127126928299472 0.0362282765345632 0.351004336601172 0.0812871485035987
0.0518469900255277 -0.129227326542908 0.29413667455339 -0.0902559747909665
-0.0883337923165462 -0.0694386280603242 0.180397386223113 -0.0183105211595016
-0.0791229957258055 0.0473616892226476 0.25248376084253 0.0836094298783594
-0.0303206808659928 0.0845170166536316 0.354990439796042 0.101389814030568
-0.0170276194976354 0.0799645969484556 0.423179122989888 0.0820547284818837
-0.018798577241458 0.0967083894456177 0.385258319012031 0.0853275408054122
-0.0588474481920625 0.072602374529033 0.275294643056386 0.153339393563737
-0.103350331010104 7.29850341552951E-05 0.131299373964016 0.215439355872341
-0.048237724255402 -0.128853280084397 -0.0575040322230463 0.141101463835375
0.113515248084136 -0.075881325195684 -0.132900113858789 0.00641134083820911
0.0462963466394137 0.0729058968984686 -0.0657545109844487 -0.228207801941695
-0.0768433195984308 0.0872238270236825 0.197519620060783 -0.229165636609969
0.124293637729664 -0.114107364451361 0.423905359374186 -0.395671828449028
0.141914907401693 -0.141954450413559 0.070235176865758 0.0395583722927629
0.133674829880196 -0.214519529362476 0.413424837383146 0.192732510568871
-0.00141626838907958 -0.324836377936727 0.349220546128551 -0.0854168610996943
-0.179354729390943 -0.242845359882215 0.15709340919887 -0.0475084850815902
-0.23424698127636 -0.0785007596630034 0.201323770370385 0.0957241269956965
-0.216365755171121 0.0360109922905083 0.308568316783917 0.133844354942323
-0.166653940290093 0.0589901163612634 0.384215247533055 0.108651637076638
-0.153147534802396 0.0812497424953433 0.35812117383194 0.0948512303536457
-0.160767197405578 0.0212698190801663 0.249520359414759 0.160478556915071
-0.160420990083263 -0.0541337231085347 0.106495979207333 0.215416449057816
-0.108895196617662 -0.1891907282944 -0.0598368651948878 0.129899439184622
0.060063543117969 -0.197416995777595 -0.116856141923332 0.00729504054165807
0.109924764278392 -0.098279623063027 -0.10440983925195 -0.208218417874796
0.0993236624564936 -0.0872350442666491 0.132455946424719 -0.244004581777423
0.328862001041388 -0.273828254069441 0.333746067302142 -0.261747540921084
0.287827293578198 -0.377299625228346 0.00827881122953153 0.171800085981341
0.142550558627541 -0.446147765672209 0.457682095398659 0.279796227642819
-0.0528321245698286 -0.484704426907414 0.386160550361846 -0.107736228633843
-0.236320035965488 -0.381003311534314 0.114478757231666 -0.120025044081386
-0.341565419601901 -0.198353736797994 0.106152080932803 0.0600508083972126
-0.36205817824356 -0.0271106381867007 0.20616780026467 0.133576347783874
-0.291803604566631 0.0293829724517587 0.288493062319735 0.12054635625828
-0.274694457986025 0.0631781939020101 0.286829399664066 0.0991023529332774
-0.264475509562402 -0.0216504617217472 0.205652799606418 0.164674376101935
-0.232223524529869 -0.0995546731623177 0.0834967697375127 0.22083764684707
-0.191874461463085 -0.241153179977995 -0.0665161455113688 0.140459042359678
-0.0259992250962394 -0.314648908592009 -0.123049672345525 0.0220514050737421
0.134788575536277 -0.284811072432825 -0.149134348712734 -0.181606926761731
0.251596415933775 -0.275123456981432 0.040069056037304 -0.216678760426312
0.477179368954286 -0.372351935378826 0.179617585728798 -0.103593023177623
0.378878529188289 -0.534523949039622 -0.0474483596757901 0.313230789031182
0.117420182967745 -0.585693640354914 0.474088982863256 0.312002658234059
-0.107268632940904 -0.542874093924809 0.384648506751282 -0.153939520480103
-0.25570635782358 -0.432382642778957 0.0483279002139217 -0.208729445590501
-0.383438508035678 -0.271296474875886 -0.0143811447540257 -0.00558026614347191
-0.442283556288134 -0.0834350875615976 0.067243478511204 0.106872159753302
-0.37320322865022 -0.00493934673717751 0.147943092389935 0.116574384634743
-0.368684877900125 0.0365021854154076 0.173626684440207 0.101902138682945
-0.354807561525411 -0.0645358826161061 0.128525510003173 0.170751479684066
-0.305256083591962 -0.143611319922557 0.0404177479638074 0.226842362587753
-0.279898185673523 -0.285697952462423 -0.0850208774344801 0.161062680695709
-0.125179263675032 -0.420439763801768 -0.143696494245866 0.0496747569716348
0.132816381909396 -0.46231934572562 -0.192290734095071 -0.135080134975031
0.370126391246844 -0.444410184786075 -0.0693902458493757 -0.136722572168324
0.531078243330514 -0.410248751527765 0.00302508795082384 0.0481053450776632
0.366311977870131 -0.586358644737355 -0.0711336424018649 0.424139062692191
0.0504868531320238 -0.581010660066671 0.456190536810336 0.275887426908527
-0.141190098923177 -0.464132531964214 0.329111392272245 -0.202696683297856
-0.220675990193506 -0.387946806693563 -0.030363987985866 -0.272790501402439
-0.354337162929094 -0.285672148391741 -0.134338412419413 -0.0723173403150061
-0.444173524929472 -0.119554727567046 -0.0824643534362316 0.0665793904525091
-0.397298202061938 -0.0433926230930484 -0.01770316439512 0.0981949002414206
-0.415682990257004 -0.00609148472704062 0.0237440640183021 0.0982714224219733
-0.401549400543752 -0.114392709885031 0.0152230258733441 0.168564943988689
-0.340121801454167 -0.186792211053565 -0.0331451792797748 0.221943133131138
-0.331076320730222 -0.314085841619678 -0.12228634494859 0.174171714912498
-0.197092974471962 -0.489881427252561 -0.175521387033151 0.0775546063538656
0.128483249198664 -0.59110473181021 -0.223664824366012 -0.071715828592805
0.450886851425708 -0.550013791666041 -0.182749259417768 -0.0116292353581948
0.486834928940636 -0.390952290537934 -0.148324430103919 0.169621749116031
0.262207252752324 -0.53902949277085 -0.0538698780585651 0.472252126127829
-0.0308517789586165 -0.446174400596973 0.394571181127546 0.190461391339707
-0.12976124158073 -0.2847895863795 0.236496759228055 -0.22710661005268
-0.136483298770907 -0.279821746478691 -0.0948280647269232 -0.286886411690916
-0.265725048284477 -0.25335038286363 -0.22612415128395 -0.118790004113618
-0.376018038341544 -0.133230612053312 -0.216732972606877 0.0225773759232981
-0.359398232789786 -0.0757266378563456 -0.184951821037789 0.0668188386086387
-0.396752077953191 -0.0617504672239996 -0.139090028567491 0.0772091832118255
-0.37263985490368 -0.164229860065885 -0.115958197172408 0.141048162268758
-0.299672789464512 -0.215689017713246 -0.123538819351411 0.188966940831418
-0.303125157819979 -0.301725803828352 -0.176632950489526 0.165784865301707
-0.211233925687455 -0.496887990872139 -0.22368163060953 0.0891804145973985
0.139114763630072 -0.630602575116345 -0.245646905288387 -0.0122423558380619
0.483588106222366 -0.558966295791308 -0.291777959104289 0.132741149144594
0.368456854955333 -0.32112231975024 -0.245011409400747 0.247955596176034
0.121029814911577 -0.4207143792962 -0.0125702939218669 0.452803612934645
-0.0893147128030344 -0.254418402631199 0.300422597232168 0.0986240867991804
-0.0772210518811121 -0.0964706248847772 0.143127220847677 -0.210337648701468
-0.0348237004916109 -0.164957732576564 -0.122872827025038 -0.262942587565064
-0.149685287898507 -0.199861478922222 -0.273570628400396 -0.14237772034658
-0.260155973753055 -0.130651524441692 -0.316565842018913 -0.0187604341060473
-0.26761824215878 -0.0999362677544306 -0.325929725639823 0.0238463800200516
-0.303202119514233 -0.109014992742255 -0.282174683990971 0.0297993277647065
-0.259080257407855 -0.188381963872135 -0.22824513066046 0.0754492188304874
-0.182647978404351 -0.196771506921032 -0.197260380204947 0.1232893176861
-0.209502083619634 -0.223280231558454 -0.230216661946394 0.132692741613638
-0.167654537341672 -0.418965168222885 -0.285881950334387 0.0689013657525172
0.151580119304802 -0.555719561284477 -0.25560712130522 0.0169198558755437
0.452562909169391 -0.460399437704837 -0.38674848694679 0.260947756200365
0.213662180029447 -0.207923624668778 -0.278161804970622 0.28449459856968
-0.00719716048563536 -0.265617317031545 0.0346578592040108 0.39862003919788
-0.105637148496895 -0.0733165409125712 0.207195868080766 0.0332816705738037
-0.0135629077829889 0.0441018643677539 0.0804364932034848 -0.172173726416406
0.05136298992374 -0.0723577339455545 -0.120817075243673 -0.230734502911011
-0.0343922339761093 -0.141508230113292 -0.287296992016731 -0.152726282627895
-0.12080979735184 -0.118001878173303 -0.376153908570506 -0.0522893684689374
-0.135366540190465 -0.107843174157872 -0.418194323839336 -0.0242675147825169
-0.147860452287105 -0.128490155745007 -0.3753964048548 -0.0392487298144176
-0.0891648427756191 -0.153104967112138 -0.284945016258377 -0.0135470567349305
-0.0364553383050007 -0.10521938638579 -0.220864559533299 0.0497238457396814
-0.106187661898633 -0.0758571312117044 -0.270869311143589 0.0948804840207396
-0.116591535652243 -0.259229095681424 -0.35097721823955 0.0162061002320025
0.125766063258306 -0.378089561610787 -0.245244700445932 0.00180414153085014
0.340119806372222 -0.281567497706464 -0.450761916999115 0.347130707439926
-0.0706192630064484 0.0981092084346205 0.3992574599079 -0.49695522347757
0.0220880160505028 0.126283895384121 0.113066281306754 -0.060511997644848
0.130451260416485 0.0259379282648076 0.358117873405328 0.0556382607114723
0.0398288803029637 -0.132057702393858 0.285255605483019 -0.110846810235458
-0.0944617506482359 -0.0612321165115461 0.177184965882426 -0.0265130126255472
-0.0728885767577346 0.0533507011256992 0.257645689420996 0.070333181574714
-0.0220178406628567 0.0865041670676948 0.364873097727682 0.079817008104594
-0.00956646422117359 0.0792686233248439 0.43190875223364 0.0550144910827333
-0.00903187283500316 0.0961235225861591 0.391438828360001 0.0632536883968446
-0.0513889184098798 0.0761946161951046 0.285333072788785 0.138103486920961
-0.102414987098849 0.00953503846661487 0.145505701328908 0.207733945562271
-0.0591446260077521 -0.12360840629511 -0.047913487969355 0.146855940181872
0.105755365610662 -0.0867573974072136 -0.131574257392706 0.0150983263440838
0.051116475675167 0.0709956697581742 -0.0797717841139542 -0.22522454565862
-0.0680931643479183 0.0934611363255272 0.184686859757205 -0.238301503765604
0.121262440764235 -0.116794450721548 0.395519732062268 -0.416130238691001
0.135825083349154 -0.14770239914851 0.073936595890612 0.040300873339932
0.120506923012108 -0.223848993819197 0.429141550947803 0.161809600080504
-0.0256472985892965 -0.324009102553909 0.33984702345129 -0.109689553365151
-0.198355483995047 -0.230020210112009 0.152239026774951 -0.0534352895385292
-0.237189703398443 -0.0620463083953376 0.208964053953464 0.0848575909434379
-0.211839380187143 0.0500462221153054 0.322840714170006 0.117425027471309
-0.161774337672929 0.068226100064918 0.395283376375312 0.0841697408710337
-0.14466374127761 0.0892413000863579 0.364234339821313 0.0733714337426683
-0.157714183779115 0.0317060117000822 0.261641611693539 0.148083036206173
-0.16356368467944 -0.0422030960169494 0.122296709251281 0.209986664891815
-0.122648801097395 -0.179239827427381 -0.0512244312167606 0.135805500161352
0.0443219895896783 -0.203890057028093 -0.11718504295469 0.0147302857274383
0.102669174218991 -0.103930711115029 -0.117086149441695 -0.203651612380263
0.0943109933147668 -0.0919984367129489 0.118209502943192 -0.248438735530581
0.313150465600721 -0.290082406229295 0.312998775245615 -0.277723103475526
0.264698603252007 -0.391078909392775 0.0208157174580033 0.176023427870549
0.113482418947335 -0.452041011786172 0.479407234069119 0.244908101170445
-0.0853187279854164 -0.479003149968481 0.375436547283458 -0.134520354941192
-0.264596698289152 -0.364022663848898 0.104307599450928 -0.121999515312566
-0.354054396467249 -0.174456787961834 0.113309131461684 0.0554501864909054
-0.361488229819413 -0.00371666209658661 0.222201652436461 0.124580697088531
-0.289241469643034 0.0464350361858063 0.299978280276695 0.10229310128979
-0.26817659510005 0.0797719555795442 0.294295749589845 0.0806685208872434
-0.26549706179049 -0.00538131488227584 0.218283802812702 0.155056088719354
-0.239207524969267 -0.0845521512370567 0.100533900658061 0.218289502266056
-0.207342762615592 -0.225977563367664 -0.0582738268148803 0.146359546469694
-0.0477994869757092 -0.313967007984969 -0.123927212883345 0.029203285451476
0.114785921741022 -0.290696461532877 -0.160147066022038 -0.173802751209584
0.23108474864747 -0.289346781487242 0.0282943770170621 -0.215620756376955
0.453155236226863 -0.398637524596493 0.170167927792181 -0.110964740630263
0.344045458174759 -0.552645494093242 -0.0245451185013432 0.320180621796749
0.0795977189583912 -0.588552774118841 0.500027996308846 0.27834491714607
-0.141164033766709 -0.533167674508207 0.369611506408005 -0.178532546947672
-0.285855276213952 -0.416619664193068 0.0338185157886272 -0.205455011029687
-0.401658309789844 -0.245435880628356 -0.0107686685521044 -0.00269537534035992
-0.447083241373534 -0.0549082033330728 0.0819101126654951 0.107409856197587
-0.372686137995677 0.0173833221915257 0.159777128924423 0.10658371276881
-0.36528389541979 0.0590144662531735 0.180441260740583 0.0903793814186109
-0.35959791976771 -0.0417656967698973 0.142206369310557 0.165132165148775
-0.315404154480528 -0.125129231415433 0.0591250304121139 0.228179967600895
-0.29612880364909 -0.266056388143141 -0.0767353476120717 0.16744868735748
-0.152869397266879 -0.412382585761047 -0.142580151492939 0.0580319595807584
0.100823909596688 -0.467287599817728 -0.199379729192177 -0.125343266281662
0.335595080255114 -0.466277752164904 -0.0755531920879827 -0.129160388291237
0.503453758483657 -0.439120461497654 0.00369074339630765 0.0500143205810834
0.325331552344724 -0.604329954755492 -0.039876084524219 0.431215115433519
0.0118233100429035 -0.578284973155307 0.479123319511844 0.242044868845223
-0.17105173331246 -0.450227512658332 0.313409704100215 -0.223572921865027
-0.249148728785435 -0.37504276333211 -0.0475335663817387 -0.264773763080194
-0.373930451103171 -0.262247507209838 -0.134965222945639 -0.0613083836976676
-0.451639072746926 -0.0898725162814323 -0.0706048476672782 0.0759261116425939
-0.400363430188227 -0.0181029405867429 -0.00776281219724061 0.0995219504314495
-0.414822726433342 0.0198079406567472 0.029757111366371 0.096152408869347
-0.409870090194793 -0.0883002783341612 0.0284497035226555 0.169979172760011
-0.354001928504681 -0.168388132645001 -0.0144764172760472 0.227493954735576
-0.34760792022511 -0.29088941798817 -0.113242775274724 0.181556697439855
-0.228620086997295 -0.475211473401744 -0.17271347538553 0.0878988746814275
0.0895287734379704 -0.594446635170447 -0.22680581593729 -0.060767851808632
0.407966627867052 -0.576625288083307 -0.180577143648909 0.00189897165935873
0.459098690598887 -0.419944350430742 -0.138841979828261 0.180668586231998
0.221578740593955 -0.551101293108817 -0.0198218171708925 0.475456325966875
-0.0616590646220112 -0.439128370066602 0.410682745318203 0.162258750679269
-0.146258810696575 -0.272854771246636 0.220037354535409 -0.241079679369508
-0.156753188595693 -0.272779579481918 -0.111703470623041 -0.276628733495357
-0.285388921039905 -0.236034503173271 -0.22918211342915 -0.102392035698885
-0.386300601011074 -0.10940516827512 -0.207493686250759 0.0408392727112168
-0.366174680589899 -0.053553709893243 -0.17709673384212 0.0787953776488265
-0.40061857431997 -0.0353969083357862 -0.134923517406931 0.0859583127224238
-0.385226623904165 -0.141540363115901 -0.105378880318842 0.150047244025456
-0.315637965966426 -0.198524343653098 -0.107060414296247 0.198991887173181
-0.318877869450156 -0.281489026351466 -0.166775546480133 0.175482555988009
-0.241203745492464 -0.480652125431906 -0.219595033233256 0.103027568247364
0.0972446984588432 -0.635055878172708 -0.245783665473474 -1.29255215507274E-05
0.438909865479463 -0.589011675856631 -0.279649696682156 0.151404953497115
0.34572364004242 -0.343628561624658 -0.230387044322415 0.264772149555354
0.0886145566881782 -0.424212752561211 0.0207070131709496 0.452022900426563
-0.106522271216813 -0.246026801440793 0.309698942463332 0.0783553024992977
-0.0813257808832672 -0.0891817971391691 0.128909670468203 -0.217806269853728
-0.0475727341812731 -0.165686191282268 -0.139305088765884 -0.253404863075385
-0.167380785546167 -0.191182674035903 -0.279573284612215 -0.124034729972664
-0.271428074440771 -0.114115965845921 -0.312207333580598 0.00497968053558222
-0.27646435487033 -0.0826711990869857 -0.322137840490824 0.0459301933878783
-0.312076668141469 -0.0890486353454577 -0.281847443254339 0.0480135623277502
-0.274201592289057 -0.173151489934331 -0.223274549145046 0.0897235834687013
-0.196973411335393 -0.188825667661672 -0.185311338030955 0.136768889149943
-0.218240198056508 -0.20880719893854 -0.221436139788839 0.14518363483186
-0.195174904460129 -0.405182127966556 -0.281980683283797 0.0889286640633891
0.114669887491704 -0.561109667761626 -0.254775919834295 0.0291666767811401
0.416188060477403 -0.489784573860464 -0.366413370576543 0.283593558872476
0.198455063672615 -0.220688273308811 -0.261272160676631 0.301409417182063
-0.0286720378454185 -0.261801926997166 0.0632645211952339 0.393708615909421
-0.110178282004054 -0.0647276501779048 0.211444321162956 0.0199522476451539
-0.00820639615268177 0.0446914627848488 0.069148944165032 -0.176028103781394
0.0445035499066937 -0.0776018229210182 -0.13589830250413 -0.223685864377411
-0.0485355279062974 -0.140615713748911 -0.296298519430377 -0.13490603640256
-0.131094944453553 -0.110534054834416 -0.377825455008586 -0.0268578859867708
-0.14485765174798 -0.0987120332644397 -0.419018927970376 0.00435233097379585
-0.160216598558999 -0.118558934570062 -0.379948501798865 -0.01441741193979
-0.10146520902724 -0.149428795030591 -0.286831032270432 0.00209304678639997
-0.0440131310753247 -0.1057079673382 -0.214724307277036 0.0623479001773088
-0.10576828118077 -0.0682967217050849 -0.262868300194364 0.110520745735521
-0.133565703000085 -0.248097473825302 -0.349487778418821 0.0417571626778011
0.100038604095251 -0.382500773704648 -0.246332172910229 0.0131175100045813
0.316445183232812 -0.30337975131253 -0.423618286537325 0.371717151711097
-0.0578375936518871 0.100293081389267 0.355175411333125 -0.493860643277668
0.0324865179038426 0.121389197812807 0.106953580118866 -0.0588855488312372
0.127609602570694 0.0152887750821586 0.349737022462996 0.03250571293651
0.0271660067552361 -0.128450189171979 0.265019174388631 -0.122639653334837
-0.0965888833603658 -0.051091212242944 0.167569494625279 -0.0322692658642305
-0.0651113545200935 0.0565392599491312 0.252777245746675 0.0555106742299958
-0.0142209935002972 0.0841866844326266 0.35817750525597 0.0586112867802007
-0.00310885614673599 0.0759203248648386 0.4224425271781 0.0298593279739007
-0.000634810377208393 0.0912984769232319 0.381266135761478 0.0407012538219001
-0.0428751027367398 0.0758910292862667 0.284225238068163 0.120228435193307
-0.0969380558023104 0.0174394573125393 0.151957008544068 0.191830636677047
-0.0660751536218497 -0.112146662984926 -0.0363728961283551 0.145368534962672
0.0938103289874622 -0.092237416299386 -0.125500700816676 0.0218739210403764
0.0532974158702514 0.0662481892998172 -0.0901281539595028 -0.213351906150824
-0.0568822837210669 0.0954930113804041 0.168032529557767 -0.235770937666759
0.115150793536936 -0.115461131557757 0.356231954630527 -0.416637153572139
0.127090682569455 -0.146919777003113 0.0749297362170114 0.0409368744961179
0.104798413509878 -0.222930377083146 0.423695516492458 0.129046520460178
-0.0441548428739414 -0.30921087323664 0.316878008978179 -0.124681595740433
-0.206131328205791 -0.208178572525915 0.142169900047323 -0.0545251532875237
-0.230352315317422 -0.0458499887745397 0.20725980405116 0.0719108836933178
-0.198544522113688 0.059138633247292 0.321494858928124 0.0972145144653211
-0.150504545425189 0.0731465165445203 0.389230207599621 0.0599470875544647
-0.131147875610742 0.092448860199504 0.355768154516166 0.0523060176671814
-0.148391521102508 0.0387410011094894 0.262726642893657 0.130085793775709
-0.159362341327414 -0.0297531335950046 0.131594105764432 0.197795376406471
-0.128692693964301 -0.162322184896992 -0.0423075833429808 0.134964698688172
0.0289468052324186 -0.200557439395769 -0.112599305217935 0.0196631613857931
0.0923401847799466 -0.103092354573004 -0.123619084662863 -0.190735389086642
0.0857237825661428 -0.0912254543612 0.103551775576026 -0.242890917986936
0.289362842146112 -0.292408834989976 0.286017638195165 -0.279721112032286
0.236489323364279 -0.38797708932229 0.0316817988639151 0.173531714117834
0.0860297429613474 -0.439387128506991 0.478246647559931 0.205775169389324
-0.10922324599238 -0.454185746647181 0.350094334019835 -0.149927523399845
-0.2783499902477 -0.335135509325013 0.092634582252717 -0.117854938116826
-0.350353233034188 -0.14796212145008 0.114670633502589 0.0491728550633329
-0.347270332689062 0.0151673439513159 0.226581838980566 0.11030791501217
-0.27536903744592 0.059176771848681 0.298991477508254 0.0819086026159727
-0.251963994140365 0.0906778176677402 0.288469324946784 0.061987921986549
-0.255670179626357 0.00936477991055734 0.222268631555574 0.14045536845005
-0.235236283618372 -0.0678102456728554 0.112326190079989 0.207258945225223
-0.211261493992446 -0.204491352269735 -0.0491636227124338 0.146268092031971
-0.0654497946663748 -0.301206250082726 -0.118942155299819 0.0343084759376454
0.0936562691198682 -0.282944912391654 -0.162801154439889 -0.160815039270474
0.205097080588212 -0.289349985414762 0.0176070144955098 -0.205788436942906
0.415146918478207 -0.40345442790952 0.155722803310406 -0.113874002263014
0.301442354850051 -0.546940748489263 -0.003636134168158 0.313199072989459
0.0438791945726191 -0.567409384142916 0.501014312991543 0.235149245101879
-0.166585361392913 -0.502192977683984 0.34401440186356 -0.193563020103726
-0.300441005608556 -0.385407805606462 0.0210407532592697 -0.19378679412118
-0.401693783113273 -0.213096689033043 -0.00657875593439952 2.08377384809055E-06
-0.433005638911 -0.0274973733100977 0.0925383236806265 0.101951878700729
-0.358918472373041 0.0364929691244649 0.163442301950835 0.0935181490444287
-0.346625820249171 0.0764951159543957 0.17840712496511 0.0773004391307976
-0.349264961984976 -0.0219409272218657 0.148950277354827 0.154377772256443
-0.312424301385685 -0.104299510807068 0.0734056610206599 0.219713172582414
-0.298918775290714 -0.239214141345703 -0.0656862389455604 0.166723423693407
-0.169135429385175 -0.388496921199892 -0.136256756404885 0.0622956197981586
0.0720626024469704 -0.451768806138032 -0.198069169023373 -0.112805006602483
0.293142798706047 -0.463338420813289 -0.0767598726213646 -0.118287996651826
0.46072518915494 -0.447303874825709 0.00508525184387987 0.0493515283768998
0.276981846304218 -0.593851389228734 -0.0122744277577328 0.418897501399445
-0.0216229483137407 -0.551685720136066 0.478767039647827 0.202320974863892
-0.187274197694683 -0.418988472226525 0.286390749014825 -0.23389897233936
-0.26189841856074 -0.347748753018922 -0.0592832757022401 -0.247766422040374
-0.378217443051166 -0.23158830953566 -0.128536791200163 -0.0500125086989667
-0.439914506245771 -0.0622451610391969 -0.0559973783449438 0.0796984253969465
-0.388068688356797 0.00287031426244491 0.00165772160010234 0.0957587951200742
-0.399182703669462 0.0417206227948406 0.0344444751707529 0.0909226981865028
-0.401929409840926 -0.0646598307166584 0.0388379620891107 0.164296207993888
-0.35292692839362 -0.144861399806871 0.00309910897744802 0.222525351104573
-0.346321231837195 -0.261605528986816 -0.101210275766787 0.180955691713195
-0.245729562207163 -0.446538791954163 -0.163643073879847 0.0932535668234925
0.0545950092823747 -0.574488685119303 -0.221864683429836 -0.0496604112103861
0.355809421614822 -0.574176983146221 -0.170397774625034 0.0123763657633522
0.419228538694613 -0.426140801567308 -0.125132571152255 0.182101235160326
0.179714223138285 -0.538285763394364 0.0095289659406997 0.458507071241411
-0.0840270731307203 -0.414963087758502 0.40821896145225 0.130650799582998
-0.153408516219887 -0.251470076047658 0.197391635503655 -0.242933798540776
-0.167777590854228 -0.255710576629327 -0.121383973856628 -0.257086888635789
-0.291741288012169 -0.211800339073158 -0.221270819932955 -0.0854589712633344
-0.379235342536014 -0.0844745430515472 -0.191173729331172 0.0523384216345437
-0.357099401732754 -0.0327153231953416 -0.163698935375897 0.0857538080061695
-0.38936883698437 -0.0121510525836859 -0.125378055062557 0.0897055612430391
-0.381520765659006 -0.116690687809705 -0.0923910903696191 0.151569826580294
-0.317605934664064 -0.177298601776113 -0.0880485141826995 0.198887950523746
-0.31680065799818 -0.253960403948589 -0.153079169767296 0.176543410957468
-0.257744418802211 -0.447731178336562 -0.206980285183492 0.110648914259023
0.0596403979463404 -0.613907167322675 -0.236932574851573 0.00967263722774396
0.385009609798857 -0.587676043465344 -0.257863420844204 0.159992416254139
0.312669036554037 -0.348117507383432 -0.208158008406521 0.267937122388471
0.0579714390021676 -0.407912472888473 0.0477255041171791 0.43185849045702
-0.116338828822099 -0.226542829629038 0.304817142592935 0.0558218135788554
-0.0805164674933087 -0.0800326267432074 0.112103298289642 -0.215412377386673
-0.0565664583501175 -0.158290772493423 -0.147388472125478 -0.235124691049912
-0.176829268222166 -0.174940266607383 -0.273130315089982 -0.104777562688313
-0.269476106291843 -0.0956629060985063 -0.295314069728189 0.0229328557943039
-0.273898851461339 -0.0656105727748332 -0.306443782072122 0.0624835266742996
-0.308061384951882 -0.0685182625507928 -0.26980559893904 0.0611130589335888
-0.276182322333533 -0.15374702335976 -0.210772994001689 0.0981191935827011
-0.201747285837562 -0.173800569610307 -0.167152269878351 0.141608005815575
-0.216120688377936 -0.189827692238189 -0.207207138053237 0.149589833400556
-0.208167942242552 -0.376456030915776 -0.266964418081459 0.101781895897621
0.0793179096443188 -0.544597908226596 -0.244864915496677 0.0384632742552921
0.367477803175019 -0.491684635019283 -0.333684125105106 0.290811885610853
0.178263558886858 -0.222665161682191 -0.237497842003921 0.304357212846217
-0.0458706738083869 -0.246267648574586 0.0861055037792644 0.372707314716836
-0.109653916125094 -0.0537982638710399 0.20699709154487 0.00790304099032684
-0.00222031617715099 0.0435525920196345 0.0573791631044422 -0.172716371400101
0.0372591535243413 -0.0790555166637643 -0.142981834339062 -0.209255083299849
-0.059747653002076 -0.13291134208841 -0.291374275905689 -0.114567601311617
-0.134733771356244 -0.0998038968154828 -0.361340315437832 -0.00446098207113659
-0.14794424477177 -0.0868734380351488 -0.40418516201302 0.027985871589816
-0.163781793679871 -0.104350059447388 -0.369465127941412 0.0065339662488501
-0.10831753023404 -0.140165133208081 -0.278181887059674 0.0154060209513886
-0.0485004368365532 -0.102041591201843 -0.200410290993378 0.0693687381147692
-0.100217344002035 -0.059880275615873 -0.246625588740414 0.119389412750549
-0.141079514863028 -0.229519564230802 -0.334567432871027 0.0618430549379995
0.0731990016951207 -0.37184561080999 -0.238250588611341 0.0223404776276323
0.28297842547756 -0.310893687820359 -0.383671255837562 0.377512837961943
-0.0388002526193991 0.088704809487659 0.247631252380788 -0.510205534710823
0.0495116409115548 0.105262350624454 0.0948968570321592 -0.0624265343934008
0.122320727416865 -0.0100989594685607 0.343382140739554 -0.0226088074332069
0.00299849300476435 -0.125526565389781 0.236750994880209 -0.163870731537328
-0.0965355242842616 -0.034910753505491 0.147295021953305 -0.0573204057484676
-0.0510386274222138 0.0578703100504761 0.246870520108283 0.0201368773467657
0.000670432101557501 0.0758895505656197 0.353452732989526 0.0106339611646709
0.00848475087865729 0.0677331241769955 0.408015818133001 -0.0332881597739756
0.0146973718311368 0.0814029833440263 0.371574458307516 -0.0193166220149851
-0.0257401174784445 0.0760009967929143 0.290213613130126 0.0690044031853841
-0.0851294610104693 0.0294022404367189 0.175732186410717 0.15760291338265
-0.0779638301517343 -0.0933681591555418 -0.00906863283992461 0.144718315504231
0.0719407256691304 -0.0982222393002807 -0.112844656859717 0.0404070704419906
0.0589409301221721 0.0531520819311481 -0.120772544452386 -0.185749498908385
-0.0377998636893038 0.0940878910478106 0.128415880521638 -0.243083603764603
0.0969031561273642 -0.128774351959923 0.271556505368468 -0.447005907470285
0.102699205318332 -0.152495878995077 0.0862919035888631 0.0274683707112723
0.0736608688340241 -0.2240694962381 0.432104508129158 0.03824955839372
-0.0861279206247994 -0.282340735997964 0.287731975375221 -0.187459569245984
-0.218989810609911 -0.166506809481741 0.11408793009363 -0.0852626679207028
-0.219128174308075 -0.0162399485436708 0.199233905251558 0.0382978763280356
-0.174453930357547 0.077387833350607 0.31893030830966 0.0481995038062378
-0.13057948322688 0.0823335211956113 0.380813269099825 -0.00118026617328662
-0.109384978440187 0.0990097205624507 0.350768103308825 -0.0073021060591671
-0.131221795563387 0.0547402392991865 0.274614370529048 0.0801643444962599
-0.149530280659858 -0.00858253028829058 0.158694770266677 0.167300857036381
-0.142942366226858 -0.132775563647465 -0.0151629746451697 0.136470690135203
-0.000213399302540183 -0.190302330477083 -0.101480494138848 0.0343331762586164
0.0719615793252321 -0.109168692118057 -0.146118702501645 -0.15660503244671
0.0721763709896264 -0.0980410650399811 0.0677361349994238 -0.238113881869145
0.238089311256973 -0.308106140555352 0.234409069965179 -0.317099110287433
0.173259204000909 -0.385843809477554 0.0727168703022577 0.150690442504382
0.0299430429535956 -0.419311084888942 0.498508633366944 0.0868711635311389
-0.164160950824926 -0.405628236991408 0.316878001338022 -0.228029876392096
-0.30297091191344 -0.273745549441066 0.0546309930647785 -0.145570842206567
-0.34429635567329 -0.0954724007984273 0.104011324351634 0.0247481976047415
-0.318189449165319 0.0577001324958271 0.225221133103103 0.0685278471078459
-0.250334638233015 0.0840530765000391 0.297594112392056 0.0307382705245873
-0.223233216503919 0.112566521660816 0.289156397904479 0.0115795966589492
-0.236960194080647 0.0408115147815353 0.239127335906359 0.0937638972985793
-0.225717758125949 -0.0371085373840965 0.143728584066363 0.180421130079589
-0.225689309559524 -0.162921977255735 -0.0192860115258278 0.148749225349522
-0.0973248925488741 -0.272309513440015 -0.105860778363423 0.0471556579678067
0.0488920598957445 -0.275899535601255 -0.174011965314803 -0.121314566265755
0.15855401825367 -0.295821659239416 -0.00534268014832208 -0.190909914328442
0.341489213724569 -0.423799489115821 0.146761691412964 -0.14564845703716
0.211904948740515 -0.538780953329483 0.0651295652655397 0.282256719785117
-0.0235869965014416 -0.528552577191575 0.524335634174054 0.102865558931456
-0.223108959043467 -0.441336292764684 0.303688854601214 -0.272319131704434
-0.332337467478926 -0.317567587801016 -0.0256715767310389 -0.210035705248683
-0.40269609334042 -0.149040343265485 -0.0199335597102891 -0.00788289683585298
-0.404407796682362 0.0291237031527112 0.0927788083191035 0.0747981169943332
-0.332513466889013 0.0719622655307257 0.17013487316999 0.0608101960932855
-0.315075450016349 0.113057717819876 0.187782433306536 0.0412204185086342
-0.33130305564773 0.024732914897514 0.173299238611404 0.116141819322437
-0.302576639028577 -0.0631948999173815 0.110328004349427 0.198012820453462
-0.311699075794245 -0.18602181682528 -0.0309746727420808 0.171255985959334
-0.203416959694962 -0.340862579670746 -0.1178029385247 0.0736625249285948
0.00556252858417475 -0.430201554393061 -0.195739643571762 -0.0697222348223333
0.219330227204399 -0.470387824986871 -0.0809316233846966 -0.0946314178628417
0.376280725463076 -0.464173127357248 0.0340284762280248 0.0287102818486487
0.185033658522798 -0.578706752979887 0.0733845614787781 0.379443740021107
-0.0820663226956831 -0.505430628690478 0.493651980797549 0.0748706711109627
-0.230699409403958 -0.361998905646667 0.240181106488576 -0.296442240449205
-0.291848017385889 -0.287120237338685 -0.107462475463677 -0.246593290055715
-0.384999591024451 -0.168737053569675 -0.141948021059549 -0.0395039854164184
-0.418179618332054 0.00100207317481028 -0.0518240748242482 0.0719486541265705
-0.363902786284465 0.0468423006403246 0.0168010900016305 0.0855015957840576
-0.369281394898632 0.0886110101685529 0.0527050586653848 0.0758911861127825
-0.387240339509867 -0.0085782709096588 0.0710349820641895 0.142323807824796
-0.346643848448044 -0.0964166924835629 0.0445120803833464 0.211723535829621
-0.358561923696319 -0.201986814060768 -0.0621459009903895 0.189271945557379
-0.278768971905192 -0.385712373547957 -0.139004486879128 0.105207487180958
-0.0266354662627834 -0.54069060812562 -0.206285662157936 -0.00561874754250535
0.263506735318073 -0.579249149231056 -0.14998144285216 0.0399541320986334
0.33777427301696 -0.436603819973286 -0.0677362291774717 0.173364088209391
0.101608788950643 -0.512120945185022 0.0965925979725895 0.41275670830815
-0.124930158786983 -0.370014096346295 0.40892516285371 0.0266835979077652
-0.175164710728934 -0.211619119737583 0.150854686823165 -0.280751300724261
-0.194783224319885 -0.213970677190293 -0.162702494663671 -0.240497592234105
-0.303627226478506 -0.158747050321421 -0.233058102477398 -0.0586121631486732
-0.365681764154326 -0.0274253540094166 -0.183464981824442 0.0641366413234785
-0.341164210892962 0.0109950620979831 -0.141640872775955 0.0997599609440877
-0.369274555227446 0.0381828238257262 -0.100044633441962 0.10033933534172
-0.377401025354634 -0.0600362164675048 -0.0563519106509819 0.151683102664097
-0.317546787232168 -0.132195154500184 -0.0462926689572731 0.203044405926268
-0.329279544004991 -0.199547671022809 -0.111692448807341 0.192914343109885
-0.289061461079859 -0.385007754653867 -0.176196686950273 0.128916633539765
-0.0286794581163686 -0.57847679691947 -0.210813815831308 0.0527614515897818
0.288333677640966 -0.593540079840246 -0.21187553346963 0.189077346320968
0.249936462095861 -0.35042079948961 -0.136814405433038 0.268763885712098
0.00517841778350244 -0.377876691541023 0.122366284448196 0.383293693460029
-0.132304701679563 -0.193852004975263 0.294823077169963 -0.0145687591018977
-0.0844687445316117 -0.0648894497859924 0.0726836853932018 -0.227870839360062
-0.0793526293360136 -0.137931572758998 -0.177125410101329 -0.209519506213544
-0.192461837592775 -0.137813752823618 -0.280856667366142 -0.0688146482494301
-0.26556535589303 -0.0510504989959483 -0.284948755262894 0.0522333552940716
-0.267089564706243 -0.0273829005205338 -0.280957148435596 0.0999460565041565
-0.301491453921699 -0.0220769655113359 -0.244099694166912 0.0969115131914519
-0.28447333795491 -0.108639542893479 -0.17883517378298 0.121452790757891
-0.209456728729563 -0.142013683017966 -0.131423314547154 0.159909351374684
-0.225230733414401 -0.152061308713736 -0.168319728679569 0.173879841591991
-0.236284843717385 -0.32378378594383 -0.232908223211693 0.131428190624092
-0.00237842247829124 -0.515929124854656 -0.215310335678337 0.0801698655935574
0.282295002998915 -0.500872964108756 -0.266802836996427 0.320184872659992
0.139241398615584 -0.218391584210218 -0.164850311537489 0.312688643964333
-0.0707669744752272 -0.216619399402967 0.142742743058859 0.32587482915906
-0.104852626137439 -0.0367031206306186 0.192557607572189 -0.0317446976406135
0.00372082210802562 0.0370850427708411 0.0287474137563164 -0.169134552435984
0.0178369803460109 -0.0777703955254418 -0.165171996575522 -0.180910009309684
-0.0782540223837962 -0.113524633409351 -0.296271919604012 -0.0740142717596441
-0.141529145836065 -0.0715253313886414 -0.350044326631234 0.0377962937657007
-0.152411155077006 -0.0610629464526595 -0.378500027230823 0.0837876584127551
-0.17158849769887 -0.0737972183748185 -0.349478882840132 0.06283364882653
-0.124215582756689 -0.117704024908117 -0.259822746954818 0.0560243758453967
-0.0582127814188756 -0.091256947239951 -0.176089192351825 0.0951337218680152
-0.100339385878968 -0.0438323158670752 -0.212148316421177 0.149018790029274
-0.158661182736559 -0.194420485752397 -0.30318587793495 0.108887903935792
0.0149274745507071 -0.356298363418507 -0.216056533160711 0.0615996912474293
0.222629635435828 -0.319507309269278 -0.302490852315567 0.405942355912532
-0.0350654958987718 0.085189318591552 0.250959398918356 -0.479714325735315
0.0492714773586629 0.101444709352767 0.0950197276598983 -0.052702836222065
0.117948381881731 -0.0104165799808576 0.334262518297382 -0.0180942056050031
0.00248357758868354 -0.119388105027653 0.228440462158759 -0.153733482489474
-0.0930368134495036 -0.0320847955608637 0.143427752447314 -0.0490755170791292
-0.0483032380054834 0.056192035937982 0.239336710082169 0.0266061221918355
0.000924322032381959 0.0723491666912514 0.344236733226125 0.0176511449657697
0.0082718149628609 0.0645764136125211 0.398412408356927 -0.0253521492778943
0.0142261807181464 0.0773969919099134 0.361113349063442 -0.010462588856854
-0.0243478023060929 0.0723034049946299 0.281372621912188 0.0734871947375824
-0.0806555453804426 0.0291904552683723 0.167063785932343 0.155701013951211
-0.0746743644832121 -0.0882402918153855 -0.01150481331608 0.139133460965381
0.0671531029008027 -0.0953000732532956 -0.110150164904514 0.0370263281356267
0.057197871009625 0.0536511405703574 -0.114279125375159 -0.182079589936164
-0.0344321232552649 0.0907724329156329 0.13285485613599 -0.230590651093122
0.100072493065077 -0.120856097603119 0.270782878889937 -0.42043839999241
0.105093449649354 -0.144474187810152 0.0857297876323033 0.0337970504522332
0.0754919332966915 -0.216164396378296 0.418217731003308 0.0416338509248437
-0.0788485209773679 -0.271915579189619 0.277938411789043 -0.175382130463822
-0.210861975774016 -0.16123112779876 0.110997750930065 -0.0750216675936234
-0.211012643616802 -0.0178206121053251 0.193048691080928 0.0423739032056187
-0.167567769433868 0.0703846216371382 0.311336675176658 0.0526676533496487
-0.127208374253683 0.075487253750906 0.371350003804986 0.00422410609750602
-0.105506080228057 0.0917150150083345 0.340020575625034 0.000631112130280881
-0.126094360294416 0.0498375855356568 0.26715433553423 0.0839546578035683
-0.142809746402551 -0.00932675905527043 0.152486363396954 0.165322909007166
-0.135354083821807 -0.127940784299861 -0.0179823576147761 0.13262985243437
0.000135447252656792 -0.183877358419596 -0.0996798902909228 0.0313249438878765
0.0722718543473559 -0.100973623951987 -0.137851909870871 -0.154810254168222
0.0731799850655334 -0.090394434658233 0.0745171754745831 -0.226556462715087
0.237850547282798 -0.28970902695779 0.231984082473055 -0.296262531140816
0.17793014983351 -0.366461539551922 0.0700142372714885 0.152142016596301
0.0386426530600901 -0.402337608725976 0.481467155078562 0.0887082296328826
-0.150272120333726 -0.39194304471233 0.30692343104494 -0.213330059906245
-0.288466915664972 -0.268183189221136 0.0553202430396462 -0.13373068587344
-0.330674138869189 -0.0978005153470094 0.101422192454767 0.0272759528886095
-0.306785054656516 0.0491523929891974 0.221979675170456 0.071302645439801
-0.243756620013311 0.075521568421037 0.291121828689874 0.0339602094391088
-0.216355077888665 0.102907012891052 0.27983962168977 0.0177959349814251
-0.228914196206416 0.0346762253801791 0.233375462841947 0.0963021373005115
-0.216864439262309 -0.0392688098061608 0.138979897557584 0.178318172990631
-0.21295597315141 -0.159869792523199 -0.0228589907600015 0.144841102967154
-0.091072246151067 -0.264036912361435 -0.104663509060135 0.0431921740387695
0.0539388258670536 -0.262005973568412 -0.165774439492548 -0.122092251791435
0.157320759143569 -0.279006146592203 0.00283850143224982 -0.182349988673697
0.339261064512458 -0.399288601617346 0.142960187475995 -0.135046955047211
0.215955369117592 -0.51260423397708 0.0591990794895503 0.277282859896011
-0.0113671500537662 -0.507956813102084 0.50524979942345 0.10304944359759
-0.204457305598636 -0.426525502005255 0.296019969220274 -0.255643652137108
-0.315474112084778 -0.312268863101344 -0.0201412551923291 -0.198893889217585
-0.38648613690867 -0.150179163354928 -0.0166112629120197 -0.00671711776496226
-0.390087094958465 0.0209557345494285 0.0949939243514388 0.0744473514670092
-0.323847690582178 0.0619873960679425 0.167617272528826 0.0603336666451597
-0.305616231837279 0.101505536035224 0.181186890833549 0.0443290127348142
-0.320753422078578 0.0167902921592362 0.169184065115215 0.117005483458515
-0.292071642461886 -0.0671333491429459 0.10713981930393 0.194245771623852
-0.294213466443063 -0.185614552028394 -0.0354872771571329 0.166016713319137
-0.191009875746334 -0.332615936859511 -0.117321807890253 0.0686354734933338
0.0146758046854403 -0.409985516190452 -0.188204101687545 -0.0733568850724488
0.217327945276389 -0.444783201453931 -0.072301438638844 -0.0923524111584486
0.373525255140324 -0.437782338250967 0.0307722563322234 0.0288535682251372
0.188148350629136 -0.549922335335172 0.0652078103317749 0.369497833220524
-0.0681375243704711 -0.483355808444395 0.476637334974598 0.0769089327944042
-0.213058885570274 -0.3515913191282 0.23647519473002 -0.281152462142901
-0.278003790183813 -0.283633338516678 -0.0975635690855327 -0.235711784278263
-0.370288371447193 -0.168032682787013 -0.13280434756317 -0.040643472561218
-0.404038107036472 -0.00760745482354613 -0.0444045674270389 0.068047548585173
-0.353848757578383 0.0376204092189436 0.0181518747585873 0.0815555402718475
-0.358345619750767 0.0766719138904162 0.0493461403393036 0.075059918339683
-0.375819642566912 -0.0169393872559874 0.0686809800798531 0.140136833839673
-0.333245663968057 -0.10083663229339 0.04346763512251 0.205711902023557
-0.33982687486718 -0.202985251950331 -0.0658564972237519 0.183225794468799
-0.260997944300422 -0.375621535586566 -0.138462309005466 0.0978853541941477
-0.0142193172329111 -0.517533562120783 -0.198946581366367 -0.0123378963808858
0.261954592802719 -0.549201937031227 -0.141630798300972 0.0349536434699194
0.3347267997236 -0.413269160619253 -0.0702165462086156 0.165923019030735
0.105410862122766 -0.486119976690265 0.0871049680376728 0.398848945796656
-0.113083496148257 -0.355023286280114 0.396043546682798 0.0290466878324023
-0.161591301995315 -0.206021411402007 0.151015621950181 -0.266926586015633
-0.184132294169313 -0.211086795210352 -0.15088680391074 -0.232671189039016
-0.293798042049334 -0.158161950655517 -0.220346426650278 -0.0620026036628701
-0.353081383435017 -0.0326518680834353 -0.171868944116159 0.0572005803303976
-0.332214927774404 0.00392911718046444 -0.135404867237263 0.0937529946271926
-0.357785513417227 0.0307920842694863 -0.0978559140338313 0.0956183464555811
-0.365553058690308 -0.0667994388859634 -0.0556313817788273 0.145679615359635
-0.305659545062179 -0.134977927316901 -0.0443943092345851 0.194916700227995
-0.308948725817196 -0.201297045668001 -0.114938476096291 0.184160854201999
-0.270340596034237 -0.376014941111626 -0.174453539401646 0.1200434153596
-0.0162217479275677 -0.553801844703976 -0.205187902841768 0.0430650234253533
0.284511089205192 -0.561812009312054 -0.204004817133532 0.176396696302084
0.247141280853462 -0.332876895135194 -0.138857139309532 0.256832407837918
0.00877643307917055 -0.358882799217129 0.112691330386659 0.368730280036163
-0.123300321156915 -0.186119315617817 0.286584975285539 -0.0114805406890926
-0.0763085613210382 -0.063672305273079 0.075994480672044 -0.217416681406989
-0.0753121150204636 -0.136488458323381 -0.166340671305553 -0.203406794234567
-0.187454059957865 -0.135813355327691 -0.26745500466233 -0.0726967862848785
-0.257323242697714 -0.054153979575656 -0.27161664104963 0.0437898016294331
-0.260423442993514 -0.0314041610209865 -0.271188518185038 0.0918018758257647
-0.292152631867656 -0.0256872037011572 -0.238205003565634 0.0899809740713093
-0.274614900194189 -0.111283615075077 -0.174952411138332 0.114080455504466
-0.200857268034352 -0.142466103992918 -0.126920589025708 0.149659367708963
-0.209146928590456 -0.152956293438833 -0.167759375685591 0.164078553766958
-0.219445974051459 -0.314507126689992 -0.22708497346844 0.122632250997916
0.00685329362687642 -0.492959615475932 -0.210508478759577 0.0700638396468394
0.276688874689262 -0.473780176865255 -0.259271873241437 0.300858658501308
0.138489138683582 -0.208181865742174 -0.167414722355209 0.298136767217259
-0.0662574659814891 -0.204939591796695 0.132914912715062 0.313579471217112
-0.0990303489485701 -0.0355018183403522 0.1886322225118 -0.027852818091987
0.0061384474607964 0.0348076857415646 0.0323910090502283 -0.161931428726757
0.0174253288656932 -0.0763423925038048 -0.156349466549495 -0.177951256972136
-0.0777227494810967 -0.110177945443689 -0.283809001851831 -0.0785258767890496
-0.138060251677129 -0.0712371599850809 -0.335530634411917 0.029589724302994
-0.148884347702636 -0.0612756116317231 -0.366580416967967 0.0746896151217703
-0.166506139822735 -0.0727767579835432 -0.340656691911425 0.0547714606653005
-0.120928493551354 -0.117267929398594 -0.253612766121593 0.047623231316184
-0.0553085175204725 -0.0915047376715169 -0.17012302311272 0.085254210687329
-0.0910488400810716 -0.0459586490604272 -0.20816700790491 0.138534325844849
-0.148793549829123 -0.187770892539073 -0.293206449971459 0.100074191485747
0.0195981727016458 -0.339689528043078 -0.212051812561988 0.0518329605861709
0.216455099408397 -0.302958640212871 -0.297866281281986 0.380714146516232
-0.0343030803286258 0.0843252454637912 0.267622634030186 -0.465333926015352
0.0488025205802416 0.101935408945097 0.100442727113342 -0.0426719257377818
0.117781534721951 -0.00892543641514673 0.336097712384631 -0.00856397082659158
0.00371807561241428 -0.117453243164801 0.231826660626328 -0.146973926269634
-0.0928947270668693 -0.0321143149586919 0.144477110923885 -0.0408805183104512
-0.0490724684156179 0.056152837931117 0.239653280476119 0.0377260713247308
-0.000185878328716897 0.0722199431837764 0.347683782974306 0.0308261664104619
0.0066334620107578 0.0641105315712418 0.403226127991964 -0.014035030604247
0.0137021070855425 0.0759709004757434 0.364195432297166 0.00283159227819995
-0.0248269803704953 0.0708294361682644 0.281795594203932 0.084307338896457
-0.0803116175212642 0.02813005110333 0.162864852133575 0.162264505850261
-0.0722469344845224 -0.0885070051167335 -0.0162856457959355 0.139875669278095
0.066790782579905 -0.094477424432895 -0.11179886926893 0.0338607895941904
0.0571212545519864 0.057413258434477 -0.108941197135899 -0.187036769018209
-0.0334892851563473 0.0904262927954549 0.145779138430577 -0.22494531052292
0.107814977903427 -0.116434883098924 0.286706302091739 -0.405288122755562
0.114828926754284 -0.140770579297021 0.0880292526795023 0.0433399200084631
0.0842058272920098 -0.214647147440865 0.419032564789387 0.0525355415418508
-0.0705667012387912 -0.273434939585775 0.281192621586177 -0.165655152203956
-0.206284783014158 -0.166318533685373 0.113706166447621 -0.067076596026165
-0.208657416962953 -0.0238812104961891 0.193526442274358 0.0519512560536836
-0.169304105408523 0.0637094104925142 0.315192528313409 0.0656414989281218
-0.1298208760528 0.0708929786651172 0.376951280224041 0.0143209861701223
-0.107106892521569 0.0860750501042243 0.342929810117901 0.0137897300721325
-0.126981669604924 0.0448593673422218 0.268625832754545 0.094825213655277
-0.141421953340507 -0.0128175803203329 0.149376655453003 0.172897195130416
-0.13132555393907 -0.130860308909828 -0.0236349157289106 0.132997638389167
0.00267907867111735 -0.184759101234812 -0.10215502402777 0.0290840440413599
0.077621880079102 -0.0953784863692556 -0.132817401053394 -0.161525984637841
0.0785319257553417 -0.0852941481745378 0.0874242268783313 -0.223349686615181
0.252608484739676 -0.281480064744106 0.24295442366076 -0.285118248199273
0.192131901241851 -0.358236271030275 0.0679673083130323 0.160568254322603
0.0540391553154339 -0.399770105707496 0.480263984825699 0.103798318445297
-0.136714104159655 -0.397428699417728 0.312424285728307 -0.202240204076741
-0.281027504096628 -0.277228449018968 0.0595920586507332 -0.126721637244181
-0.328528391221737 -0.107737883909414 0.103104927244193 0.0339815437187808
-0.309025926730715 0.0367131724964994 0.226377987857409 0.0807273730448472
-0.247654092896845 0.0664543765990819 0.295036046073802 0.0427112448858621
-0.218926252644519 0.0932141265904573 0.281945875930083 0.0284643852403622
-0.23027746104175 0.0258404402458372 0.23462728647804 0.106005658376578
-0.215510402403733 -0.0464307981743045 0.136570518123918 0.185486842884747
-0.206877325006363 -0.166714964035873 -0.0302484669596965 0.146452544631866
-0.0845604801494269 -0.267783855756694 -0.108742273533188 0.0398338678052395
0.0642783676183218 -0.256855867256236 -0.162752516813766 -0.129731961735852
0.167644647582497 -0.269696966028904 0.0133293230471965 -0.18194916367437
0.356360240190937 -0.385517162736478 0.146946785186404 -0.128465761585751
0.236519181400933 -0.50111346625593 0.0519609988282858 0.283786280581935
0.0082047763388391 -0.505313167154475 0.505101163082846 0.117267025082335
-0.187546139821775 -0.431991217929781 0.303598328724633 -0.246399487973663
-0.307108938958264 -0.322858647628819 -0.0121118571132591 -0.194171390788942
-0.383711131911646 -0.16433156016869 -0.0136965820320603 -0.00576742679503379
-0.392749962219782 0.00559771497832034 0.0990111565306815 0.0788663479645118
-0.327732825828425 0.0511386205554315 0.170079001155517 0.0645417710828833
-0.308965371619962 0.0891852194088746 0.181415896960221 0.0516283995485126
-0.322841373167127 0.0045108151400385 0.169079405010485 0.124682885559468
-0.290600749913213 -0.0780760988127328 0.105087999800617 0.200741043873806
-0.286025749051253 -0.19664481126148 -0.0442235300091253 0.167793508254557
-0.181377640430968 -0.340124187907854 -0.122560909798959 0.0647056308444984
0.0306185312323565 -0.40676506323485 -0.186001205442119 -0.0824134556144894
0.233760061095104 -0.432163461003952 -0.0646788846486676 -0.0955459820501768
0.38940878102241 -0.423135898733785 0.0282956662886278 0.0308792560124979
0.208715201128652 -0.539785718038093 0.0546817139384963 0.374499440942096
-0.050876325117944 -0.484381841874578 0.477772405149261 0.0892139245414086
-0.196933017362072 -0.357011624754873 0.246087818042959 -0.272181256990726
-0.268776274914332 -0.293930233332419 -0.0880101088335609 -0.235286885353949
-0.36623187716105 -0.180750634074813 -0.128818721717677 -0.0444752080209229
-0.405118001152258 -0.0236323155882162 -0.0407082314387893 0.0664010100489335
-0.359634011164234 0.0247178033150302 0.0195010686075831 0.0814594747410333
-0.363031400374355 0.0634621717326299 0.0482347766965192 0.0782247128823415
-0.377895802906231 -0.0319394706487478 0.0674756417890962 0.144386735045382
-0.332484287196842 -0.114397272651995 0.0401082687133023 0.208567885944202
-0.329995777557738 -0.218002796953784 -0.076170299806197 0.18373769794454
-0.247234479309064 -0.384465223947906 -0.144145131397003 0.0931139485575328
0.0035686365470792 -0.51630083850813 -0.200132629226359 -0.0224219154843558
0.278885300219448 -0.535988778508858 -0.139093651649693 0.0292879000474032
0.350478065606299 -0.401806628876594 -0.0782745255740163 0.163337012552065
0.120583081612454 -0.480773176090089 0.0746797387305901 0.402758515455534
-0.099743414836162 -0.355727777776712 0.397048448760922 0.0392619724478401
-0.15061047767413 -0.209800201057702 0.161722314695711 -0.26117061176564
-0.176928563310494 -0.219056831142803 -0.141398808028012 -0.235730753635553
-0.291812693532301 -0.168302234905791 -0.216552436288963 -0.0703952951405342
-0.354989585101531 -0.0458573904380989 -0.168540374294683 0.0501195696885597
-0.336351391822302 -0.00780964601381753 -0.135737338242433 0.088152254316884
-0.360519425768954 0.0187259829676751 -0.101831541328036 0.0934239126906011
-0.367104937248379 -0.0813726958408079 -0.0583704857667191 0.14499508226358
-0.303226318505619 -0.147916058470625 -0.0476656760260495 0.193118618240252
-0.298118259010731 -0.215467786786292 -0.125652339237922 0.181912083739081
-0.256349822979776 -0.384097966250813 -0.180342672317839 0.112956067026951
0.00385867053031076 -0.551797706244685 -0.20760745425883 0.032463421988025
0.302555532750752 -0.546663752254526 -0.206790873750721 0.166688015250625
0.258575719650104 -0.324601707437634 -0.149898566086395 0.251036205791999
0.0192826985753643 -0.354324533688538 0.100322203666426 0.3709912093367
-0.116070160369592 -0.187241322677722 0.289578180906786 -0.00380296380584821
-0.0709903720310258 -0.0655085110624036 0.0852852951084068 -0.215052093320714
-0.0715976774292985 -0.141073499457302 -0.158088310326647 -0.209451453693852
-0.187458718679476 -0.141984628812814 -0.264562460707454 -0.0845126285217271
-0.259119311312183 -0.0631967134820923 -0.268984231402344 0.0326486926688537
-0.26353156413704 -0.0405494715377419 -0.272551192908277 0.082616348212044
-0.2934608511791 -0.0356203249329431 -0.242439750090085 0.0829983748896821
-0.274039385255895 -0.123001272936409 -0.179662662288421 0.10830652478636
-0.19706404826933 -0.151537397876105 -0.129673930289775 0.143322227619012
-0.199770578720621 -0.163909522168873 -0.17759785323645 0.158559511000198
-0.20671433650874 -0.320027733319745 -0.232453464858589 0.114126276888092
0.0234571589739438 -0.490615079441484 -0.214802378641505 0.0584594051691342
0.290290188253668 -0.46076344532657 -0.267798791151254 0.288451591132193
0.146115265918254 -0.204794963473657 -0.180180475423956 0.291253852602025
-0.0608402091838996 -0.203579186920136 0.123436214927794 0.314799597749179
-0.0969159895356888 -0.0373673441664336 0.1925548395273 -0.0227699289057316
0.0083492398704379 0.0345493636506956 0.0409598103908114 -0.160845406048812
0.0188028564595547 -0.0775414913341273 -0.150594262427612 -0.184630523315901
-0.0780915068282808 -0.112776224830107 -0.281062608620188 -0.0902079081761768
-0.138605356766196 -0.0763730984450345 -0.334529771909781 0.0163541717474206
-0.150037786230379 -0.0659697271295615 -0.369821553058365 0.0630453221372806
-0.166807192320752 -0.0774187559429382 -0.345359585616333 0.0449110804550569
-0.119373803029004 -0.123330732974833 -0.258160125413262 0.038246566786979
-0.0522848163733861 -0.0955428852787989 -0.171624253986038 0.0754988898473557
-0.0856715739184317 -0.0508122941930456 -0.213722165230714 0.13181733256329
-0.14083766789269 -0.190389896659078 -0.296164517007533 0.0907664900109436
0.0294172212797598 -0.337051759407453 -0.216457093725781 0.0408965179645987
0.222381684086427 -0.292936030373321 -0.30873855973027 0.364563407000344
-0.0345325382058806 0.0870561522246474 0.291038774579869 -0.474033084480824
0.0510477662772756 0.105906538352334 0.109661306555577 -0.0352259768301925
0.12271984573304 -0.00936051554635713 0.352467090601708 -0.00374726408955343
0.00437314390400472 -0.120071290384278 0.241486986068394 -0.148276652717991
-0.0970990850773157 -0.0319695456512749 0.151701502980146 -0.0358993124386285
-0.0500890320733749 0.0583729970377102 0.251331039296586 0.0471533765081797
-0.000458357310625195 0.0745523429034821 0.366052202544455 0.0411020260275404
0.0064481473926525 0.0667854491831808 0.424880419028641 -0.00727354514388786
0.0145185675672181 0.0777739887769979 0.382300220761397 0.010809895013799
-0.0258506996322284 0.0724435023205239 0.2954742196544 0.0958688734793764
-0.0822630335424292 0.0293911015738883 0.167360292617126 0.173322494533421
-0.0739488757877894 -0.0913824429382801 -0.0209856623619877 0.146060541620122
0.0672331156117811 -0.0984035722271829 -0.117262982939647 0.0339203245762678
0.0609487420491601 0.0626547830326789 -0.111144506221927 -0.198160207660053
-0.0324614466816411 0.0935693291902843 0.162427221847944 -0.230831943489026
0.118700596027561 -0.118314439747713 0.307983305015004 -0.411884387193574
0.125585114001784 -0.144014582448537 0.0945228476829338 0.0543599233858819
0.0926173015871438 -0.222860273148818 0.436521124395108 0.0610007356756092
-0.0677967243629859 -0.284607050773847 0.293239229582276 -0.166615356789121
-0.212735364798313 -0.175754070895109 0.119596815779673 -0.0626523701816883
-0.216113729000695 -0.0284290074844214 0.203078333969084 0.0622166100036364
-0.176451651487589 0.0616651569996934 0.332619554445194 0.0767450451715755
-0.137565289982377 0.0706884936002 0.397009731449416 0.0216552738835804
-0.112206383964704 0.0851357861523357 0.360720016097153 0.0219976395325467
-0.132174207158775 0.0429591476959548 0.28173338653772 0.105295937178711
-0.14562268264493 -0.0156420033484092 0.1546525925913 0.184792702863861
-0.132653217225995 -0.137505304689243 -0.0298786288014799 0.140023773067282
0.00347635050436116 -0.193311500293715 -0.107902435539703 0.0283418132922011
0.0851708605650651 -0.0952565578677855 -0.136312006641082 -0.172562740919302
0.0869177976715414 -0.0852885131323559 0.100712174418542 -0.230067941438538
0.272093614159223 -0.285094129613892 0.259327477114965 -0.288560547913158
0.213116921173043 -0.368501807376111 0.0697673521664416 0.174707100455395
0.0660692313809659 -0.416280065345614 0.501614993019366 0.113583580480519
-0.131448580321562 -0.413435092672882 0.326846921790614 -0.204350425137051
-0.288292297900193 -0.293462265132991 0.0656031380180801 -0.125861754529377
-0.339155269359026 -0.11956501000987 0.109499093031023 0.0401312614865897
-0.322184611612055 0.0315216365453361 0.240532920308241 0.0902398996216969
-0.261020640235829 0.0637492214908125 0.312061555739819 0.0491133201817463
-0.229709412062628 0.0899013673042834 0.295950241836217 0.0369244463226151
-0.241249173971046 0.0201515844610484 0.246957432651936 0.117575164637065
-0.22260525935738 -0.0526239086055223 0.142139433330386 0.198630681395815
-0.210230208938514 -0.177732690913713 -0.0365607637141944 0.155090208605923
-0.0854078903014202 -0.280810847260606 -0.115569025299553 0.0399334158590904
0.074632330558114 -0.26241154674447 -0.167333613971083 -0.14117543206955
0.182252441508766 -0.273479521799404 0.0226421616969256 -0.188665904627843
0.38364442223385 -0.391909555483892 0.154352390862332 -0.128600526045973
0.260485795008602 -0.515313701679257 0.050032143250383 0.302469232376163
0.0213285338451296 -0.525667329239044 0.526290979706863 0.129885134539566
-0.180928780501388 -0.451734310384031 0.32133766209994 -0.249617156181717
-0.312026993211718 -0.344057087077659 -0.00767416778804736 -0.197852880415598
-0.396841828417417 -0.1793481834463 -0.0113007985914881 -0.00473879908400149
-0.410048150568084 -0.00283288379879618 0.107865019867161 0.0842399536247035
-0.345543870072758 0.0463859442085061 0.180448054846053 0.0690503495302855
-0.324280133255385 0.0836686460863565 0.189708684573131 0.058853042202268
-0.33832726251936 -0.00423172320153089 0.177756939964044 0.134891300931071
-0.301647390483877 -0.0884440754730309 0.109464494085662 0.213116872417238
-0.291572211221356 -0.212597742213279 -0.0531032397996013 0.177387439712079
-0.182384003732697 -0.358338869483465 -0.132266628126421 0.0646075188566595
0.0434179068744067 -0.419065963661849 -0.193162206895259 -0.0938562542165236
0.253446651536052 -0.440905645989702 -0.0617129227435913 -0.101043174174111
0.415686853060097 -0.431838701965191 0.025973247338817 0.0335696518544285
0.229943355134016 -0.553119365241403 0.0492694473305041 0.393497849065446
-0.0403865676302463 -0.501721910054606 0.497470140145461 0.100359020262583
-0.192537724620022 -0.373700372572166 0.262895190793746 -0.278232785233635
-0.272456592460608 -0.312812391493159 -0.0844480446535975 -0.242935655116609
-0.380608692141957 -0.197088949562626 -0.130787689760073 -0.0492078677653596
-0.423815065994009 -0.034306810492359 -0.037445799614028 0.0673766583979455
-0.379031564505496 0.0176991417310823 0.0226469754187073 0.0833879270432201
-0.37994230880978 0.0573350356898962 0.0494710283709965 0.0839042653517081
-0.3966862734712 -0.0428209960104838 0.0705053667936584 0.152840471906665
-0.344753451212834 -0.128395563748682 0.0420315879806327 0.219497030316398
-0.336463215926401 -0.237054304507796 -0.0869924111798395 0.1927352082325
-0.249124385055949 -0.405547149442758 -0.155898385462498 0.0932071759909687
0.0182505449560846 -0.532536423256658 -0.208610043824626 -0.031796685241994
0.302011904574277 -0.545071485471067 -0.142273478202339 0.0248833543991028
0.37343518191739 -0.409157967010263 -0.0878537387049598 0.167642264453031
0.135539660298584 -0.493842337002792 0.0697429570487724 0.421182286646431
-0.0952238369802789 -0.369589133203328 0.415518395238028 0.0457992682535947
-0.147443708284493 -0.220882402857764 0.17639772799513 -0.269104732082217
-0.181019413918319 -0.234182188185342 -0.140232780589996 -0.245652640213421
-0.303634930866869 -0.181783041274503 -0.222232613606727 -0.0787681625462661
-0.371505128783012 -0.0571336316309307 -0.171638647176587 0.0472372518443359
-0.354856985665558 -0.0154885413181899 -0.140219635483093 0.0876267834609307
-0.378366491927703 0.0106099518459466 -0.107621563626423 0.0965512865150901
-0.384499989630194 -0.0946236360651552 -0.06215568342293 0.151014017514075
-0.314525929904061 -0.162935164598876 -0.0503495509827747 0.199906633747602
-0.301496576892324 -0.233838777101923 -0.138916082255263 0.188763947272452
-0.256878591969832 -0.40466239485236 -0.192938839158517 0.113009090760405
0.0175676849202393 -0.570819899707789 -0.218673275885427 0.0253166769245152
0.326126392380261 -0.558509604029561 -0.217194461330111 0.165674944233262
0.275722997344958 -0.331938798878923 -0.164907791518504 0.256829834981493
0.026184466464138 -0.364751316001062 0.0968369175796917 0.386928371302592
-0.116275576193788 -0.194810043569702 0.304184134502726 -0.000993250772547636
-0.0683265350156489 -0.070335184723398 0.0965437738895167 -0.222403759788877
-0.0716998716155431 -0.150451307428362 -0.159207748341565 -0.220562799471201
-0.196795528792413 -0.152034842576903 -0.272506041187781 -0.0949237095017243
-0.272462930926713 -0.0729170114156099 -0.277248419645236 0.0259059999110229
-0.278329280526434 -0.0477540676197979 -0.283593736471629 0.0799455916497024
-0.308013006048568 -0.0434228839440644 -0.255241979810211 0.0826211461659075
-0.287217864539395 -0.136722254416547 -0.189098229292606 0.108662872852712
-0.203826980530655 -0.165468362555329 -0.13593411403711 0.144364061200466
-0.199954879911137 -0.178110807669673 -0.191683850444515 0.162602738246946
-0.206631102953489 -0.335880650916942 -0.245880323880083 0.113251012693184
0.0357048054047014 -0.508074822325446 -0.227358427453702 0.0522447198396511
0.310803916096272 -0.470345784202616 -0.283073821564769 0.289305968151112
0.156900404009023 -0.211175905263743 -0.198308350401281 0.297618935804901
-0.060316319767889 -0.210033383854037 0.120881234604074 0.326575887916982
-0.0997523857224835 -0.0403239350453783 0.204748282840036 -0.0222391450317307
0.0114043181855328 0.034801913091505 0.04984669520812 -0.167497268011017
0.0204463147519476 -0.0825769848580478 -0.152839484771891 -0.195886803375556
-0.0837195463378738 -0.118631453336339 -0.291882810714475 -0.101951608580543
-0.146804926800546 -0.0827105766278588 -0.347961515396941 0.0074082943470149
-0.158772826051291 -0.0713956632771796 -0.385841542561455 0.0581073438400418
-0.175203595070123 -0.0833339938333116 -0.362264365919147 0.0389537608439497
-0.125009349372237 -0.133028419764157 -0.271982596325147 0.0331411603552493
-0.0528577714047047 -0.102644956346661 -0.179812428825833 0.0704210013032558
-0.0834549046757971 -0.0567486078203802 -0.227472861925277 0.132431688281083
-0.141546733646296 -0.199312882044469 -0.3101094002779 0.0887418291403762
0.0361739288453968 -0.347628958760614 -0.229138385400501 0.033408441506308
0.236719723410042 -0.297760751360714 -0.32874283971837 0.368266821706506
-0.0323005002248817 0.0935651088340763 0.305077998457907 -0.503323529639624
0.0584301405369059 0.110433119384647 0.122121223295314 -0.0319774944225174
0.129952215260456 -0.0150983291229039 0.376126091212874 -0.0133088084286818
0.00108148958471115 -0.126277079747891 0.252546578848246 -0.163222384961757
-0.105088475703418 -0.0286710618580501 0.161835722206627 -0.0380039559456098
-0.0495254884980295 0.0646636900415958 0.271515834520064 0.0484496211865158
0.00341322770516607 0.0797912976665312 0.395910683192344 0.0383894393742396
0.00919436764543792 0.0706101644000225 0.456809829638902 -0.0193505521160093
0.0188401358971002 0.0806259103546604 0.410860466430523 0.00562741340864859
-0.0241730013073826 0.0772343956802417 0.319423328301105 0.0964944930176898
-0.0851733560265191 0.0348050946462504 0.182447132031393 0.182723501263564
-0.0811552638181057 -0.0940670618705984 -0.0210053616403064 0.15713257512871
0.0651303432657284 -0.107058896571551 -0.124086326923412 0.0394451436059528
0.0691864375288992 0.0671217285537678 -0.123701866554315 -0.209058000389312
-0.0285051316060432 0.0998395607074741 0.174512718327761 -0.249064665171969
0.127415504276001 -0.12699505161589 0.323434750375906 -0.440681524662564
0.133965032894077 -0.155288664085507 0.107122416132827 0.0635846960605142
0.0954047478293128 -0.241004978529044 0.467000271632165 0.0541429181439126
-0.0767628955229757 -0.300416030210831 0.305868226041576 -0.184123153466677
-0.230808399265257 -0.180553271136285 0.126781318302881 -0.0638343462062477
-0.229595411741886 -0.0256729752901682 0.220190759719729 0.0660459764656019
-0.185796953029496 0.0679564350836313 0.362441434602851 0.0768238618014006
-0.145381094653744 0.0773809050227319 0.428775027791469 0.0130492872056489
-0.116556787237784 0.0899492082318768 0.38678739774793 0.0176587407454106
-0.139514485262904 0.0473775505211688 0.306220355589144 0.107388140350469
-0.153979335257406 -0.0135424489836076 0.17055351931673 0.195536167767493
-0.143861161801953 -0.142761921216967 -0.0306593391882352 0.153018197352264
-0.00433259768801228 -0.205113879941424 -0.115350489738236 0.0328476912422509
0.0919312618118377 -0.100889264961906 -0.150050985981756 -0.182171097327422
0.0945883337951463 -0.0913099655745094 0.108333261094098 -0.247264566323084
0.288195531584184 -0.307961845516184 0.270037110985613 -0.308226259951293
0.22303944923077 -0.39456701690926 0.0818726703200325 0.191921369201507
0.0642828313025922 -0.444361352904209 0.537408911720775 0.107527914646858
-0.144690939432479 -0.438478075306821 0.341280396569342 -0.225039922936159
-0.312330576100343 -0.306729838137634 0.0687675664894881 -0.128751137588301
-0.363223010833813 -0.12004040480253 0.120139808494382 0.0436815480340652
-0.341810086192948 0.0377754442772618 0.265033060872116 0.0926506264029145
-0.277824310441905 0.0718535208013653 0.338505014981933 0.0424209079062955
-0.242446264894985 0.0973977026105047 0.318206837900226 0.0336962914926051
-0.257090488654702 0.0248049453057651 0.269674892142469 0.121023027204672
-0.237815698581558 -0.053010656170119 0.159563733319723 0.210875448641724
-0.226783471151561 -0.185461877525902 -0.0391350540055413 0.169963043735666
-0.0991946127581109 -0.296939034247199 -0.12428713062926 0.0449702938707
0.0782170409703431 -0.277665878852602 -0.182142640636127 -0.149507370315234
0.191615656532891 -0.291824257589049 0.0255109294849617 -0.202490839009348
0.402179968987285 -0.422584441867346 0.160115476566522 -0.137306367600781
0.269234411985471 -0.550178168016957 0.0615435857000318 0.326458310269586
0.0138991988794248 -0.558089880407157 0.565578309943383 0.12271717514864
-0.197633371992732 -0.477807131120622 0.33459350195604 -0.272586532554411
-0.340650879388949 -0.360579722615099 -0.0097623278631111 -0.205012389709403
-0.427111042881627 -0.182873642352262 -0.00886199874724108 -0.00231597525529017
-0.437822839489855 0.00219831880379988 0.123935559432557 0.0880191227260929
-0.369402686091952 0.0553316725910074 0.198870937615034 0.0675289243285501
-0.344164767381772 0.0932744302956399 0.205724906398129 0.0598507994521675
-0.362800353738029 -0.000279691934053389 0.196418936716807 0.141435294103614
-0.323277251043356 -0.0902365959697149 0.125668941079701 0.226631607239195
-0.313323325061589 -0.223387121013204 -0.0560036311345613 0.194790968541818
-0.201270217990628 -0.376718935429051 -0.142428427050436 0.0714080660575987
0.0431199234463272 -0.444233129484284 -0.208924864966162 -0.0995240691535965
0.263332762723379 -0.468962242035781 -0.0630342142755616 -0.108148475403801
0.437456869600729 -0.465434180165439 0.0251795077897106 0.0360594206252367
0.236632480300933 -0.590437101943089 0.0616054869992606 0.422537667889734
-0.0520789393964314 -0.530146285746418 0.533649819247575 0.0910265338943423
-0.20622707458812 -0.392525195802235 0.274597067538817 -0.302794627506519
-0.296852106693722 -0.32926863493191 -0.0930024449039573 -0.253138492254095
-0.411221346317581 -0.202508034625342 -0.137223751483705 -0.0489988336913697
-0.453890302853504 -0.0296860313067575 -0.0318808877325269 0.0716551755660113
-0.406662306999776 0.0254424406992146 0.0304092380619201 0.0855157297592735
-0.404874063447286 0.0673251166796149 0.056139152629607 0.0894506975503613
-0.426242719739542 -0.040236943712922 0.0820897066385779 0.162350859055802
-0.371496352145666 -0.133111127733907 0.0533346273505781 0.233501555193266
-0.359934315603029 -0.250943869274319 -0.0936395594733543 0.211642373668282
-0.273414021404099 -0.426600563072179 -0.167326916410454 0.101267441783286
0.013632465192994 -0.564095546650478 -0.224742276060385 -0.0340104712012604
0.311117975221445 -0.583693092089449 -0.147355135313486 0.0269405518174949
0.39053310256147 -0.442646314820461 -0.0945019000813017 0.180121877561557
0.134885983951596 -0.522435837540554 0.081885780232263 0.448545869889648
-0.107711368996851 -0.387578013610562 0.444348294043314 0.0352212740245504
-0.155723738584349 -0.231785559762758 0.183375003444588 -0.291646710539219
-0.197455198376986 -0.247306144033348 -0.151140995639063 -0.256242765290213
-0.330559202613215 -0.18731229439402 -0.235786389970383 -0.08007252007617
-0.400912822009284 -0.0550852816478584 -0.176886775165606 0.0511258403470362
-0.382258311819388 -0.0101634987220055 -0.143395635821685 0.0939851842859625
-0.405231299264761 0.0174304027470861 -0.112340309056764 0.105919215116676
-0.415088284728214 -0.095657841587173 -0.0613965265220396 0.162291102667101
-0.339465755790925 -0.170932538126005 -0.0469273569657972 0.212837468181196
-0.321902681812713 -0.248801340623489 -0.148979236673977 0.206890570054514
-0.279302882462095 -0.424818913359216 -0.206665820467767 0.122967127382582
0.0111254895962449 -0.602889232790429 -0.234347647252807 0.0257095799301329
0.335207618445776 -0.595297275766046 -0.225378593643986 0.177074132522349
0.28718858489973 -0.359819310306774 -0.174826329523988 0.275897503527613
0.0195993297215092 -0.38309594015907 0.110354719747122 0.408558280484079
-0.1278914105051 -0.202674281855538 0.326132142763249 -0.0115562001714855
-0.0689912246050423 -0.0738313428914198 0.100972852284238 -0.240954690090945
-0.0802137554428923 -0.161655095502709 -0.171979570149397 -0.231207135340759
-0.216727279135563 -0.157373164364835 -0.2922448241491 -0.0965766416655362
-0.296089126122956 -0.0726609502557023 -0.291732759553573 0.0300069359599677
-0.301487878604302 -0.0444742825529764 -0.298146441196124 0.0886360912312362
-0.331764087089482 -0.0401654493649626 -0.271033405103808 0.094315378003176
-0.313042674247328 -0.142077798464239 -0.199222310543964 0.119077155594976
-0.220705694339068 -0.175239045342109 -0.141363209676041 0.153338440237905
-0.211586800478184 -0.190112787383463 -0.204077143715107 0.178206724554517
-0.224289724545671 -0.352884724597438 -0.261461756223628 0.124659124362956
0.0296021229356317 -0.537181658107076 -0.243843030310664 0.0547676044091133
0.321001578049688 -0.501354048260998 -0.294481542928499 0.307669214254402
0.162759008765427 -0.229783987977529 -0.210434915409932 0.320679912584417
-0.0692591229342723 -0.218061667338153 0.134774561216697 0.342605948361924
-0.10669693894221 -0.0392584721188527 0.219714904800377 -0.0309575546775171
0.0163420669211608 0.0353180820163169 0.0532055083491534 -0.181622004998748
0.0189656492962484 -0.0907350630986604 -0.165466157479614 -0.205306705239191
-0.0958973515318542 -0.123512289063803 -0.313966819220865 -0.10519189785942
-0.162181773221184 -0.0848557349669048 -0.37004008124952 0.0127934275870239
-0.174602336380165 -0.0725023109462035 -0.409909316775044 0.0696677953845212
-0.191361309000594 -0.0843024634194092 -0.387283992806191 0.0500534529094384
-0.138805402577068 -0.141198967521968 -0.291269595212149 0.0394496045327033
-0.058323459837613 -0.111255029450569 -0.189530253822943 0.0734622015978895
-0.0851343881831692 -0.0616866452471806 -0.240831121598263 0.145460449691778
-0.152340680140124 -0.206695713415608 -0.329667600092838 0.100420127341226
0.0317182717759214 -0.367344969629981 -0.247114776974524 0.0348366180778149
0.243445052110911 -0.319349419357975 -0.343336908092221 0.392240317716267
-0.0516379221368852 0.077899776388208 0.395656696318305 -0.456331495650868
0.0428306282121082 0.119353627768227 0.139483518938801 -0.00106780825120405
0.136589975940193 -0.00061535467598622 0.402465222893416 0.0434798335601557
0.0185662985929285 -0.132880257457526 0.291122506081732 -0.1392555174491
-0.103404827364654 -0.0472922290732463 0.169391533460562 -0.0107489902197394
-0.0580777300456558 0.0567972118202621 0.278393607516662 0.0981780336874234
-0.00602173269984335 0.0815206500716232 0.414834904626338 0.106769550784684
-0.000642164662120008 0.0733528158028728 0.485515942549238 0.0528096960646196
0.00702021995156704 0.084759261284239 0.432958924216156 0.0686326465132663
-0.0358900921270386 0.0759801994173813 0.323266728525233 0.149480311198615
-0.0939280783516114 0.022846668102932 0.165793090213237 0.218649421278295
-0.0714025589403782 -0.108367088079899 -0.0419815603772618 0.166131479721333
0.0840569331979057 -0.0999846582474432 -0.13704398377058 0.0251041866805313
0.0636504318359267 0.0804015255704569 -0.10045357444041 -0.240157675334173
-0.0438818271295228 0.0979167979265178 0.235639058465155 -0.232902912922663
0.152968793798805 -0.1166064528646 0.409436710144451 -0.39497911612993
0.167636295985853 -0.135919946793775 0.110747631936191 0.0873044646781477
0.145118949360194 -0.23497027740779 0.48366674006108 0.112461609146989
-0.0306137510140329 -0.322642503638605 0.350184783438771 -0.165718045571932
-0.205425869778066 -0.224954966660618 0.12905819626286 -0.0482788241312818
-0.229153942725281 -0.0683200819861208 0.218376313447628 0.105950895908633
-0.199790476880575 0.0376545985882434 0.372139579301104 0.137033364523234
-0.162647547904945 0.0493993698853518 0.451980929932147 0.0816596024791529
-0.13564376191805 0.0697723574639638 0.409295915777759 0.0762111069457577
-0.150894416426959 0.0234885113788072 0.310557978603023 0.157618638905048
-0.155891626094851 -0.0421668789157 0.15637851832488 0.233072804866074
-0.1273152843362 -0.17142441984666 -0.0474989930221411 0.162569657406739
0.0317837104155486 -0.21503998512338 -0.126801806356511 0.0221374235502541
0.118440849508251 -0.0895107572935081 -0.133294158507858 -0.209149879820232
0.124289149539945 -0.080244600893108 0.155407790596879 -0.23556538947675
0.351925397173698 -0.269082047059567 0.341318674363518 -0.275887259464537
0.299399873016988 -0.359976657183502 0.0668147679559291 0.209851607567218
0.151939836415996 -0.445896389995 0.546560467776768 0.166902463212481
-0.0746837772657489 -0.473678576709686 0.392576022313614 -0.213201211443413
-0.268062928558654 -0.368523904781254 0.0725399798875527 -0.131901288625888
-0.353300347742862 -0.189414982996898 0.113702072465335 0.0644170205328742
-0.357399701497127 -0.0206628505822754 0.263039301702519 0.133544620079802
-0.301244181998894 0.0171632510762592 0.35206076560048 0.0977233294302389
-0.268249261156675 0.0544595327443069 0.335898383597449 0.0819671587054253
-0.271290365278793 -0.0219945244863233 0.273731555012902 0.164287652840832
-0.236993425330639 -0.10227118381647 0.146444994289934 0.249596123958854
-0.205619523363376 -0.23212175372103 -0.0539974957353781 0.180724279923736
-0.0478733520676309 -0.330079515986944 -0.137295187459066 0.0361162417479678
0.136675816560236 -0.276540141802793 -0.170532521018799 -0.173562739229019
0.266230281815132 -0.274824947182722 0.0498032575821057 -0.19601112445387
0.4907070848974 -0.360930608802713 0.203795347396422 -0.124751410767246
0.375798162585515 -0.510522907557603 0.0236884307428131 0.34037614132788
0.121156188229955 -0.569112035437494 0.570349549283304 0.179032243446385
-0.121100923506806 -0.52162592985299 0.392053503084508 -0.269076070638341
-0.286709836101317 -0.429485555339946 0.00155609352777357 -0.227542979242213
-0.410814208402207 -0.266097831195709 -0.0159158754725366 -0.00766243407343527
-0.451186025191245 -0.0728401594028361 0.113510728509656 0.102148576949662
-0.395177707791112 -0.0190211389235753 0.201590856664719 0.0999404196598485
-0.374661721541566 0.0316584075620431 0.214020849645631 0.0896330942785009
-0.378176456187087 -0.0676186205783813 0.195563305549512 0.173881847055624
-0.319959674887976 -0.16039341181157 0.112611090226233 0.261157502393504
-0.289003317300232 -0.288286837303251 -0.0702187376370506 0.205558920465876
-0.137335648157389 -0.435459856735501 -0.158376111539945 0.0637364399014651
0.12979081971405 -0.455524675624718 -0.20537475694309 -0.119343805764428
0.376056323692014 -0.448306956974295 -0.0673090157286706 -0.107142272275993
0.53321593207948 -0.395297639938389 0.0371028093366152 0.0274700841582469
0.346396302185991 -0.555718761677789 0.00753331809894273 0.436259096015433
0.0479853598817072 -0.552506712795177 0.537694547790219 0.143286531294925
-0.143943176354621 -0.4371529774489 0.334101307782367 -0.305442608428378
-0.250740159175564 -0.389723217836976 -0.0743040243932225 -0.291120945927485
-0.39356942522733 -0.28271541008743 -0.142696582276452 -0.0780411287830611
-0.465338193816768 -0.10883950735379 -0.049418443246892 0.0572707322926904
-0.429418019205559 -0.0559583568134854 0.0217969626296487 0.0916853807889785
-0.432275020565772 -0.00664169880223801 0.0521972644621698 0.0974345485430307
-0.440737108362274 -0.121342461152749 0.0730954299743762 0.177973447443708
-0.363616700218177 -0.215150087904426 0.0371851262833184 0.258270125374562
-0.332173251188423 -0.326768811351778 -0.109425391183539 0.217729231047016
-0.19833927377376 -0.500771863145743 -0.189227626503223 0.0921401978548056
0.123028546766026 -0.584771241484462 -0.23069387256787 -0.0512613307028979
0.449942595504487 -0.556890989316149 -0.184983981902188 0.0219679163928333
0.481632806837525 -0.378242014636893 -0.112023448355158 0.154736340840209
0.231489983880558 -0.502894539389884 0.021431359934326 0.464655692161858
-0.0375561617733323 -0.415998022665127 0.450700294048819 0.0790653940044356
-0.118703232437297 -0.264072148263414 0.236672703463705 -0.297751248767521
-0.16265984540072 -0.28901848318961 -0.128787305561645 -0.301426496553317
-0.314686595418509 -0.2517138179248 -0.239994029198674 -0.12719289857924
-0.408061490356395 -0.124888774141418 -0.198867189541564 0.0121687489180785
-0.399327694505419 -0.0862791833029861 -0.163617508566077 0.0715624210065376
-0.425405457391527 -0.0567080441259907 -0.127333094232233 0.090531267574224
-0.421053359266542 -0.177576250703538 -0.0779063255353275 0.156526269994144
-0.322440855959998 -0.25043796713924 -0.0663916160976408 0.220460574605144
-0.29318757912654 -0.319485288262877 -0.168508757108583 0.203361600496587
-0.205072024874226 -0.501134448840258 -0.23249472359305 0.108138432218224
0.125202858529424 -0.625657837859175 -0.250092304908843 0.0115428579312669
0.477059321661347 -0.56553174799742 -0.29502725422947 0.162429265625499
0.36098275776054 -0.3111907151454 -0.21547759295465 0.240571303169988
0.0900169919185793 -0.381982742533599 0.0510081526201837 0.429750122168152
-0.0922664080755918 -0.230000019471462 0.333427359816937 0.0225457899886713
-0.0567118166309628 -0.0890962894798036 0.145104275912379 -0.245341112035931
-0.0592603678257587 -0.179305098013377 -0.1477049794384 -0.276256811051194
-0.204369775177896 -0.198700809288465 -0.295488051236025 -0.15248444240525
-0.298260658397404 -0.125192169215228 -0.316601827556149 -0.0266041919138343
-0.309459293334105 -0.104706197230469 -0.325061230674568 0.041570822573991
-0.33959586419671 -0.102634729295375 -0.294635950891938 0.0537151492369686
-0.306646731556069 -0.206902193502224 -0.219375631775491 0.091848308933561
-0.197312012554282 -0.231632974347655 -0.160768590179234 0.142309020047186
-0.187824474964305 -0.238973868418567 -0.228875947669937 0.16153170243945
-0.162426209494842 -0.413012003838422 -0.289338513540167 0.0991537670691414
0.13027046124759 -0.552091801781053 -0.265403320514885 0.0361194951393796
0.441049851925513 -0.466639394810788 -0.388457469483496 0.281105274954402
0.209046236211682 -0.201303812862149 -0.266530455752392 0.285701747449247
-0.0284558873483673 -0.230108683890704 0.0829701249928802 0.368631566073547
-0.10096099884342 -0.0609543477820311 0.2297294381478 -0.0036516104617119
0.0117156579108962 0.0351494050453448 0.0885386542742185 -0.182527113510931
0.0298681252391945 -0.0901729403208081 -0.140298922151628 -0.247633840577667
-0.0852546876346724 -0.142444417196726 -0.314973105716263 -0.163790019063101
-0.15924619681904 -0.114589566567487 -0.393468330832041 -0.0546064790099045
-0.172819163879129 -0.106846914625895 -0.440204581147657 0.00404422888080385
-0.185780166817476 -0.122131607178759 -0.413955482540776 -0.00747627031448873
-0.125082709355756 -0.174987320218692 -0.309250388937498 -0.00464936079786266
-0.039704754320927 -0.131007152217758 -0.206686207000574 0.0474858019247675
-0.0781929199812741 -0.0813798181676547 -0.26878236173468 0.115023986991311
-0.119205407315808 -0.246762726122143 -0.357013507864088 0.0593914159395742
0.0973351643034309 -0.375686951341359 -0.266103385083829 0.00653302825675615
0.320481951976957 -0.288038431227827 -0.445954553266174 0.352527228817027
-0.0419837539962823 0.0831114347486413 0.362939765301211 -0.485950642101849
0.0550123015469606 0.115998744830351 0.148121519552051 -0.00542524427192939
0.136431443313194 -0.0148628721233233 0.410372462076259 0.00743031733188496
0.00642976434733433 -0.134721836670451 0.277389097886512 -0.166230430690786
-0.109010126947776 -0.0349049064382742 0.17133715572388 -0.0224235559773048
-0.0507671432125964 0.0634471531726747 0.29230080385774 0.0775052082371023
0.00324514565523527 0.0821368653117711 0.432781291674496 0.0729667117350936
0.00693672247708791 0.0737090493839083 0.495702738594788 0.00912421232397403
0.0163742692075085 0.0827533914235713 0.444458219270483 0.0319368677144107
-0.0278073682029494 0.0788826315110893 0.3410325776038 0.122840600382226
-0.0905414602191925 0.0326010851002696 0.186558286843334 0.207621505790939
-0.0823688174120571 -0.101448097485689 -0.0287735555797441 0.173351351305774
0.0708200767641139 -0.107739352012787 -0.134976947529319 0.036530966188838
0.0753160668040524 0.0755930728073675 -0.125187164744407 -0.232068256337706
-0.0313695272859461 0.100492832789105 0.221287031633244 -0.25435517205535
0.148154359825141 -0.129431993003441 0.381673748327166 -0.428844600525493
0.159899201559886 -0.150462420057903 0.125845242422571 0.0865587514694885
0.125863083044598 -0.25076330340265 0.497963020959776 0.0696837679089086
-0.0573157582646996 -0.323004468328727 0.334011652320769 -0.198774631731955
-0.226837954080659 -0.206268754819935 0.127538567259967 -0.0552958563014269
-0.23489049714229 -0.0484387449813012 0.232584172942718 0.091380538813771
-0.196361304328943 0.0531825145939431 0.393015693534777 0.107828871977889
-0.159442837282714 0.0635141149288321 0.466076562703493 0.0401102927185665
-0.130221594477329 0.0794139789648204 0.420508681893936 0.041923204338523
-0.148836909415677 0.0355464731691992 0.33018585225085 0.131990046523016
-0.159121156518074 -0.0286750152652619 0.180960703948113 0.223413509059194
-0.143066559355535 -0.160816531477674 -0.0355569907635299 0.172194462706884
0.00888764185851719 -0.218201447952095 -0.125625421996302 0.0328705171512717
0.115836641786677 -0.0984574622414953 -0.155428902548494 -0.199826178892689
0.121437962915459 -0.0912701357715416 0.140841471924629 -0.25012888222862
0.335046090340885 -0.298509856192844 0.318809517007454 -0.302703690129379
0.275942698352541 -0.386541377153382 0.0903842474186263 0.213640999614507
0.116233196192449 -0.460694718069549 0.564428678989118 0.117492280465017
-0.112642509168022 -0.471240071530009 0.374069069647341 -0.250370223268226
-0.30222242179405 -0.348343400572866 0.0647094580029685 -0.133518383360269
-0.370125479744769 -0.161105432167189 0.123973318093981 0.0580267365350974
-0.361193750716113 0.0078120026657248 0.28411463290831 0.112032561191698
-0.302498335076009 0.0427334349992005 0.368170838391845 0.0643242204443811
-0.265918829567443 0.0755599093199305 0.348420399071845 0.0540954332439988
-0.275677420735223 0.000179721678239608 0.293965612524336 0.142135620360467
-0.246303310184582 -0.0836167711079775 0.17342455043847 0.24034221837713
-0.22629170499194 -0.216888877121572 -0.0410603720481812 0.191864929696337
-0.0790853926222261 -0.326156858428475 -0.136395390277956 0.0478902807030856
0.118105387386966 -0.287282049261319 -0.189635933654309 -0.161586739395766
0.246273606186871 -0.297625469048303 0.0378214647077989 -0.201671535435897
0.465745723792879 -0.404885497468614 0.191931931858662 -0.140044213391667
0.337609477535103 -0.541448864409853 0.056964839110876 0.347222194622471
0.0752042923103335 -0.579319323841735 0.590453212030597 0.12798619556421
-0.161033063224895 -0.515270126322962 0.370474888200076 -0.307015578315639
-0.325274492547041 -0.408732111473144 -0.0153775088181091 -0.223831087526956
-0.437376455288879 -0.233596484524382 -0.0125069933048334 -0.00410323219656028
-0.461706208532774 -0.0365942123859114 0.130683020137934 0.0923625675326231
-0.401523472933893 0.015615697507754 0.216284190094338 0.0795648994971549
-0.37470668399569 0.0619554969404478 0.225981177435955 0.072969767594928
-0.390095400472381 -0.036829096433338 0.216392269954875 0.158789073848812
-0.335736848356022 -0.13650617907752 0.140920330202666 0.254884374209018
-0.314840240131598 -0.268509621813889 -0.0558953913773114 0.218918889173859
-0.176775297265199 -0.42399816788918 -0.157861273533049 0.0774091276393253
0.0970306802492803 -0.46601982406542 -0.219399571150848 -0.105901410308155
0.340418697381219 -0.479743844924652 -0.0729259404611202 -0.102992020492084
0.504904560213674 -0.442626305747998 0.0358773171376859 0.025912249649536
0.302352598958039 -0.583175640697923 0.0460976762062685 0.443381837316014
0.00267981267992852 -0.556088382840458 0.555616265372436 0.0939537918119601
-0.174578957517726 -0.428506989551857 0.308332589840751 -0.339332533027624
-0.285249014024288 -0.373999233050286 -0.0958818666743757 -0.282641084215312
-0.422780913514128 -0.252172061427741 -0.146918058826344 -0.0656738046231207
-0.480753484411843 -0.0714616663429523 -0.0384724854125358 0.0603162229442277
-0.440509997219544 -0.0190233475374993 0.0333592266488218 0.0865734205714034
-0.438451333584485 0.0278722949661363 0.0629589390596914 0.0949781753538993
-0.45819323116979 -0.0867229885708434 0.0917290792056737 0.173315474180611
-0.385476834187606 -0.188794501430333 0.0641870736191908 0.257220137934769
-0.360297656954871 -0.304556587726612 -0.09431805139902 0.23393759032802
-0.242472466460556 -0.486377021406118 -0.186289252127174 0.108220352669789
0.0779166243633061 -0.596238336326179 -0.239961863239782 -0.035303004833437
0.405711341702776 -0.59498995072409 -0.181442820426766 0.0353979746968296
0.451643425829832 -0.421602040509056 -0.104331970627007 0.165885260338291
0.189229341379829 -0.520299627820819 0.0617438788823025 0.468003659964341
-0.0735259858486332 -0.410752244992299 0.461451361536533 0.0361461815744714
-0.13636265050598 -0.255166087520668 0.212941435637963 -0.323141658413908
-0.18851794131777 -0.280172130351419 -0.151923835152023 -0.291091368804261
-0.34198934349669 -0.226118767756899 -0.250450085902458 -0.106693723458621
-0.426481989710366 -0.0910144849753289 -0.193907433654746 0.0267073146921544
-0.414489022954185 -0.0526136741612178 -0.15482244200454 0.082356303055604
-0.435797617804345 -0.0217854777827208 -0.119201815086768 0.102727937431411
-0.444714348921532 -0.144262362479047 -0.0627333501212675 0.164461962583227
-0.347243801188479 -0.228533638962023 -0.0452164386215198 0.226506403238658
-0.318954132123207 -0.301410825268193 -0.155752983824927 0.224033236424158
-0.247563661734254 -0.485456565584205 -0.228626657530283 0.128242960800312
0.0760871743023471 -0.63729296729985 -0.25450253418875 0.0280197110949167
0.432482857647662 -0.605203624188758 -0.281858493745715 0.184965821972386
0.335075010057878 -0.345429151153088 -0.201231282412545 0.261618404149126
0.0566348649842969 -0.388419594359686 0.088609566020107 0.427368478461117
-0.113889152893009 -0.219470078617043 0.338775736283851 -0.0108258127210159
-0.0593160673566776 -0.0863873361186563 0.126264652762246 -0.263374328437172
-0.075314796614356 -0.178918895823033 -0.169840506761678 -0.265196784683602
-0.226513361426889 -0.181595179354613 -0.309078359723014 -0.128776280974007
-0.31688941943466 -0.100144240002658 -0.317847589658722 -0.00253823551244249
-0.325002296374065 -0.0787082745306169 -0.322293603531182 0.0670080138218907
-0.353325185482771 -0.0735936265471501 -0.291805378531242 0.0809067311362672
-0.332063799798349 -0.184559429032514 -0.213374958727054 0.110891105684213
-0.219084915029908 -0.220699786185571 -0.149157280165411 0.153753880661498
-0.204264938425529 -0.228950299068679 -0.219220938290693 0.185315742484512
-0.196641075964581 -0.399582003758054 -0.28564867935054 0.123720762806675
0.0858483737842697 -0.561984622831245 -0.26838015010024 0.0527292923134755
0.404614555120609 -0.50415205088292 -0.36739779159514 0.310891916791363
0.19161297089962 -0.223460084690567 -0.24880085131166 0.310137885359218
-0.0504216386874922 -0.225467679726938 0.113952684928558 0.36292763530043
-0.107714480384124 -0.0497481637620733 0.232331562497925 -0.0274736724476069
0.0192950070880883 0.0320307110135426 0.0757232075708328 -0.195456459647195
0.0218241681199744 -0.0963460594069703 -0.162079303592884 -0.23873760483939
-0.103485647246023 -0.134390803297889 -0.331976956206719 -0.13841204741373
-0.174716796255451 -0.101149868035389 -0.401609156774533 -0.0238711219076933
-0.187742341335653 -0.0920798799923499 -0.442936641762324 0.0415762896667403
-0.200508022844812 -0.105611946978539 -0.419377322659892 0.0290257456432695
-0.145593936041724 -0.167507977357186 -0.313930200446017 0.0212866712833365
-0.0503131788399303 -0.132212999470693 -0.205287145545401 0.0603958602913421
-0.0806003077981411 -0.0776978267283286 -0.26151462406873 0.1403834884845
-0.138944478644293 -0.2354025148434 -0.35421286783733 0.0914883767652702
0.0653936159525137 -0.382560907746215 -0.271928346636245 0.023407779809043
0.29730055199573 -0.316116303906357 -0.418825318568793 0.386552109640916
-0.0324953236333933 0.0829899564512772 0.323669103344848 -0.489439421789782
0.0631110264809993 0.109409151294787 0.152351774140032 -0.00870149321079958
0.129456718910259 -0.0260349445708752 0.399527367529227 -0.0209588444996513
-0.00444607488997162 -0.131096153987348 0.255290155780712 -0.179985913099724
-0.107450122539668 -0.0229262866410364 0.166047710894554 -0.0310265227821039
-0.0425052515874885 0.0651975462148886 0.291725373287877 0.0574945521161721
0.0108547976220574 0.0783360823827071 0.430626703066345 0.0420117454534651
0.0128677649431806 0.0712666305308913 0.484163565046331 -0.0263145680103739
0.0221355646784987 0.0766893620871376 0.435621606733224 0.00309910806190422
-0.0200976596693569 0.0780263151658771 0.341809677644704 0.0964878312826921
-0.0835029252311542 0.0388726491592144 0.196022838278074 0.190707321425758
-0.0880270240047693 -0.0916254785774265 -0.0170531682032975 0.172895789259149
0.0576380820914023 -0.108182177094638 -0.128229967844167 0.0434353135098849
0.0822122129270245 0.0673025945354999 -0.139785791440081 -0.215057724390218
-0.0202311748204243 0.0977279948521245 0.203337661272992 -0.261431444888089
0.138650639829357 -0.133783785263805 0.344821115434086 -0.433612683758983
0.148535588928133 -0.154503943644559 0.135361712954216 0.0833073383690198
0.10581050109303 -0.252505970341571 0.489151423262416 0.0343462286694875
-0.0755762118684853 -0.311246244065285 0.306979112382083 -0.215064484243557
-0.232778292247644 -0.182672810377608 0.122540029806494 -0.0584932010995477
-0.229526922219344 -0.0311658782026398 0.236009582551983 0.0762455633798547
-0.186092301747614 0.0627563756504885 0.394695496308498 0.0771887744829007
-0.149751134116046 0.0719208357008002 0.457749709209248 0.00477915708352417
-0.120143499161773 0.083041686914341 0.414794544753901 0.0127642921108595
-0.14215252624181 0.0433242843044909 0.332562902289646 0.106701387317169
-0.154845027595501 -0.0176007407957912 0.192576302109674 0.2062649810103
-0.149382907643364 -0.145397600046977 -0.0233519456778866 0.173240409988371
-0.00849877670529012 -0.209153628327468 -0.120474777451335 0.0394462855036855
0.110264287658399 -0.102580981020234 -0.166052282352883 -0.18235444165294
0.114688155882186 -0.096550320215349 0.124310477475555 -0.251348904350544
0.309409159666961 -0.310034719167356 0.291710992523438 -0.310546111080918
0.246059785462085 -0.390600830038271 0.107229013896 0.208776779523301
0.0839226295115858 -0.453158018557322 0.558137048515108 0.076332064134425
-0.135307032652787 -0.452080095985503 0.341364920025129 -0.267501973511874
-0.313683972824204 -0.317743793558337 0.0571609895377712 -0.128485639213008
-0.370515799078104 -0.132105147055676 0.128394304401711 0.0505255508394409
-0.350345313735565 0.0299183625001733 0.290504992308662 0.088613921308991
-0.291461379081149 0.0610046708531998 0.3647914028635 0.0348451528409844
-0.252714468220496 0.0880170998006189 0.343932368540862 0.029175398185377
-0.267962016440233 0.0173560180095164 0.298019772127173 0.118735151181689
-0.243915634440082 -0.0657502528434793 0.18871517709555 0.222515849783951
-0.233192829538403 -0.195766343894276 -0.0273823401597986 0.194531386928024
-0.0998236046141594 -0.308473849132534 -0.13219734860131 0.0545387852385024
0.101201686730759 -0.284906596038193 -0.197216382899497 -0.145567008826965
0.222124662297733 -0.302624174761733 0.0273958481295171 -0.197656605550392
0.426912439669697 -0.420591257389009 0.174662099599308 -0.145191534531083
0.296503828048917 -0.543797886724827 0.0825867557649896 0.340040342636667
0.0370056458992064 -0.564282064127473 0.582242230296904 0.0833398140772789
-0.184337942218903 -0.491274491043527 0.335402374936692 -0.322388061056695
-0.341887292990589 -0.376946693166022 -0.0255917627161345 -0.212303983840962
-0.438646125136978 -0.198168067819081 -0.00806265146838888 -0.00138326106633893
-0.452188804038577 -0.00701980849867798 0.139759873122721 0.0793369715093571
-0.390840658725437 0.0410062810651337 0.218814236192306 0.0587188928806161
-0.360442457945592 0.0823948275179857 0.226348276963714 0.0564921913827718
-0.38357987285353 -0.011455749805697 0.224427740277152 0.14002707587878
-0.335091898255066 -0.112219034970166 0.158063038906332 0.238694313162499
-0.32149622882875 -0.242542076137961 -0.0417504601722908 0.222206526468745
-0.198586768302375 -0.39847149805158 -0.151273193390765 0.0850886028904063
0.0678527293276301 -0.457320154870511 -0.222822417855437 -0.090346374763173
0.301557214153764 -0.484552370364012 -0.0744854249379945 -0.0958849632700304
0.461403405874884 -0.461384201968995 0.0329049521315866 0.0251091112312349
0.257232936785212 -0.581595844071651 0.076163939863116 0.43178018518546
-0.0330419357551806 -0.534683572699528 0.544191476695466 0.0526849178666882
-0.191824689506373 -0.40409257611888 0.274867870021001 -0.351059132009365
-0.300790868346246 -0.346774865038019 -0.107266224023209 -0.266005826322767
-0.428197812523252 -0.21608598242964 -0.142807330572307 -0.053858926169173
-0.475070650552282 -0.0375259085312113 -0.0265931931277346 0.0579973644013969
-0.431697857900833 0.0108569823605916 0.0412614953507403 0.0770211172915626
-0.425160783598015 0.0559427899524834 0.0703496243631234 0.0877397777343428
-0.455409023745682 -0.0552726136745463 0.103780188016527 0.162647341543808
-0.387410960418288 -0.161272959048161 0.0827597761126618 0.244318586300543
-0.367766097865484 -0.276063923377602 -0.0787439372958657 0.239828957808829
-0.266191861691388 -0.455713015436573 -0.177287133948303 0.117359193659404
0.0411008844603877 -0.581029111038081 -0.238702139066805 -0.0222931286236042
0.356024469995837 -0.598243548140156 -0.171137359776762 0.0439889038369565
0.408952322707973 -0.438863310279304 -0.0946578039822752 0.169219305732862
0.149549079176822 -0.512146705912665 0.090971173697633 0.452376534600664
-0.0978477157698458 -0.388678114242077 0.449914396515485 0.0010131705585333
-0.142590661875225 -0.240549754129498 0.183664174411683 -0.330576391083038
-0.201363751394766 -0.262537622124794 -0.162935687018805 -0.271682907257745
-0.349643646338229 -0.196278336057264 -0.247058677500559 -0.0881319609111448
-0.424107835588597 -0.0604973106675996 -0.18213079041723 0.0355558563227985
-0.409518392784445 -0.0230285329163287 -0.142717386412328 0.0859948638392356
-0.426145662149053 0.00677575170798621 -0.107050195556249 0.107523859189879
-0.445588793781725 -0.111539553320101 -0.0483417068465003 0.163870061287784
-0.352834041303134 -0.203806472610137 -0.0270299265659253 0.220789108200883
-0.325368497082508 -0.278081879555382 -0.139353573951406 0.232923925141606
-0.268724124400705 -0.452210451462202 -0.216812866214217 0.138609081003382
0.0363859266256214 -0.619250386266803 -0.249326679138214 0.0382890685319021
0.381363282622202 -0.609515603122877 -0.260234933901131 0.194247123436765
0.299568722726272 -0.359025414293988 -0.182808176058856 0.267368236945782
0.0275507994945853 -0.373524103006703 0.113023203448094 0.408449858585144
-0.124747050720972 -0.200729900118891 0.327375799282094 -0.0375813973394831
-0.0585197475863727 -0.0819414127684591 0.104860214854499 -0.267436063327993
-0.0854787153860196 -0.171350035869299 -0.179880275968283 -0.246892850560539
-0.235597911291729 -0.159834095157549 -0.307490014930219 -0.10481281489396
-0.318701637852041 -0.0758886018979536 -0.307069898530161 0.0152386007909548
-0.325207112413567 -0.0538297979190314 -0.307753649686255 0.0839751994296847
-0.350999932135579 -0.0477848916793632 -0.277085508971452 0.0987430762100549
-0.339355483415858 -0.158739798358047 -0.199944884791471 0.122018889069105
-0.227736797650471 -0.204345355199717 -0.134217419464941 0.155418382893456
-0.208311745945191 -0.214181366408601 -0.202097881303725 0.197501144013356
-0.213589720818981 -0.371349169461969 -0.271207752889777 0.138002570163582
0.0484493950815434 -0.546314917680563 -0.261513845363028 0.0637392797964139
0.358323095077268 -0.512543983635832 -0.336384682706189 0.320906431631197
0.168363768396133 -0.232371633054883 -0.226322977221947 0.318780401002745
-0.0650307698795709 -0.210583670845999 0.133708882634996 0.342672374295179
-0.108010746429934 -0.0381169851421941 0.224076823559725 -0.0465823086323624
0.0244993868333263 0.026739182531107 0.0619118928470484 -0.198427281291818
0.0132643518674355 -0.0976074362152051 -0.172472539496072 -0.222435872778049
-0.113225248871694 -0.121758610282974 -0.332918058778109 -0.113920624836499
-0.181238477361696 -0.085421358089313 -0.392371333203038 0.001272096305839
-0.19168991170012 -0.0759229908527293 -0.426857507181032 0.0682035097921577
-0.204067632662681 -0.0885439532601588 -0.405361724380159 0.0570076267222616
-0.156340653729977 -0.15526884671969 -0.305610860903496 0.0412165735160175
-0.0574626406769913 -0.128532423815119 -0.196154432204621 0.067827526214348
-0.0785940704623012 -0.0732635789639206 -0.245102334162 0.154657747953879
-0.148605312910942 -0.216704027531581 -0.338709226334838 0.112843405494691
0.038663296421956 -0.371035955640747 -0.268063888845395 0.0354029333553134
0.26642369896617 -0.324001746320838 -0.383540335778383 0.39706799901914
-0.026718120852666 0.0809545797429435 0.302124605359728 -0.476255912876597
0.066045387910464 0.103117730449914 0.155752555864544 -0.00788016240754853
0.122312144637885 -0.0309050192027204 0.386522166398403 -0.033562695387496
-0.00999793300020414 -0.126498553533013 0.236930909681812 -0.181502063679906
-0.104014179163231 -0.0147581929115648 0.159166816063533 -0.0336108348276858
-0.0360606133977237 0.064639514033143 0.285676695699214 0.0477814791708249
0.0150362832569583 0.0744345305252316 0.421529173238698 0.0264085475342503
0.0164525444063447 0.0682396686670108 0.467952695340025 -0.0417520688421195
0.02454447337941 0.0706564524800985 0.422953270967947 -0.0101024817878303
-0.0155614858159488 0.0748758863691404 0.334322913974075 0.0832859012881097
-0.077546915216688 0.0411233019847776 0.19651859027681 0.179228977642839
-0.088491694313543 -0.0836464119352345 -0.0107283577446795 0.169755945713124
0.0489177256423901 -0.104302446131045 -0.122476671941127 0.0448035614173278
0.0853792568531265 0.0609738095491265 -0.143718190722835 -0.20050133599386
-0.0133157015008071 0.0926314745233598 0.192382722331561 -0.259008860385776
0.132489413615479 -0.132618915132094 0.321350542831312 -0.424064253428859
0.142572178305511 -0.152406157094908 0.141508598158286 0.0817030356002559
0.0950321160573637 -0.246260650124922 0.473640561666451 0.0151225388940101
-0.0822507537369643 -0.298674237663024 0.284644429700373 -0.216368130761743
-0.229350314020284 -0.167613720081014 0.118150575387188 -0.0568485205989687
-0.219647574155101 -0.0233867677997791 0.232767292641143 0.0673756381283399
-0.176274623973492 0.065427639122707 0.389512985367552 0.0613996152016147
-0.142015798749158 0.0738777410935458 0.44470024257552 -0.0112814202645445
-0.112821562156428 0.0804896901127085 0.403325057989048 -0.000109710424597759
-0.135037756247659 0.0455968656122864 0.326981936893394 0.0922656256381605
-0.148089318150885 -0.0121285019372137 0.195442630774748 0.193817613312052
-0.14833030391418 -0.135425872432027 -0.0186196698536576 0.171834221739795
-0.0170038592872744 -0.198553393065409 -0.116576748188778 0.0407608477475456
0.107505641671013 -0.102725485117638 -0.168299336638576 -0.169676293084422
0.11051072594751 -0.0966236735418668 0.116310939861642 -0.246670792464192
0.290999322769247 -0.306975451803162 0.271680068587227 -0.303711717477293
0.229877243227881 -0.381923714912543 0.116625548658216 0.204158250374774
0.0690725054916182 -0.438230665644646 0.541070098596225 0.0525456327010391
-0.14191766414012 -0.431861606332233 0.317013049685198 -0.26849300834919
-0.311965014010588 -0.29788946898716 0.0542078241644754 -0.122846368748572
-0.359897895539216 -0.117214918105228 0.129186272027727 0.0465782062493954
-0.337007326663828 0.0378109936611057 0.289670480395715 0.0746048932911669
-0.279914638154628 0.0677405773190704 0.354814046206177 0.0190670033432275
-0.241291102385745 0.0905753420417536 0.335375924398805 0.0185080791254109
-0.258769898523452 0.0233493517997271 0.293920957241848 0.104882125525185
-0.236054819278534 -0.0572369350541614 0.192332262414043 0.209607904802121
-0.230374341433229 -0.182796923173616 -0.0215237707123534 0.193628319279775
-0.106477629005665 -0.290724436721395 -0.127987309929082 0.0561606109259032
0.0932507631230027 -0.277603489015924 -0.197418579260918 -0.134560861219251
0.207797345535637 -0.29583642507749 0.0240233459615264 -0.193109126646966
0.401227931162769 -0.416780034733372 0.162920349907235 -0.142030963305544
0.27139772587309 -0.527961168617541 0.0948724303953358 0.33063418006537
0.0213337513978223 -0.542119939834133 0.564449569989224 0.0601225496099011
-0.186907777902314 -0.469142746478806 0.311219966795745 -0.322461572243
-0.339312958235738 -0.355533077457896 -0.0268065494534976 -0.201143932258023
-0.429557461992401 -0.178467615220577 -0.0038538898979684 -0.000724892001830561
-0.436927657195892 0.00623444735108901 0.143705569032662 0.0693950279091703
-0.378373587077411 0.0503528140346443 0.214805844793458 0.0460492139021587
-0.345569859217164 0.0882823362095145 0.223044956142439 0.0474862167138462
-0.371912563991135 -0.000500725756078206 0.22376290670717 0.127620030292844
-0.327119112128928 -0.100304322396706 0.163711286740503 0.225101305786446
-0.316043214132073 -0.2262896791699 -0.03434352962346 0.221732531289293
-0.201905882636978 -0.374962850849825 -0.146356777151401 0.0858901195171618
0.0584714402784441 -0.44053090545377 -0.22117812434157 -0.082557422528732
0.277643065869857 -0.471396104725257 -0.070860883833724 -0.0916985605217775
0.429510894172704 -0.457572503761519 0.028909573209733 0.0259440356521799
0.232818236009559 -0.563262399758851 0.0900135313790963 0.4167279675133
-0.0453847329653481 -0.508142686001929 0.526089777404182 0.029104616716659
-0.191665434081874 -0.385335990768803 0.251924229095933 -0.348928616294942
-0.299136077379138 -0.328948784520498 -0.107582691671936 -0.252312272659974
-0.420498931070415 -0.195893741768093 -0.135797856160375 -0.0477360188880482
-0.461721174222393 -0.0222669263064568 -0.0187089114963038 0.0533455351855824
-0.419417655936112 0.0236229318163461 0.0435460190812069 0.0685652481488633
-0.409582049338281 0.065329752750639 0.0727034587905801 0.0824671217649113
-0.443935225795705 -0.0403415007466061 0.108085115985428 0.153322223035721
-0.37913475326444 -0.14717325726529 0.0912202056437181 0.23157530539117
-0.361201215971255 -0.25968634806068 -0.0701079367085394 0.239858378640057
-0.266067082920836 -0.428977104676048 -0.171957935970043 0.118067843896919
0.028332630659597 -0.558367818361431 -0.234344125157517 -0.0184753498450248
0.328158833951302 -0.583039788649642 -0.161807591288123 0.0450866169855489
0.380108885644818 -0.434759701597305 -0.0900223180310016 0.167536827601682
0.129389712439374 -0.492451075730201 0.102633715862398 0.43515630462303
-0.105240025533915 -0.365076356258518 0.432210043829044 -0.0158669295484256
-0.138973963910541 -0.228966555172672 0.167071929659959 -0.326262933488477
-0.201316750768203 -0.250523191427956 -0.161994881800252 -0.257694563333861
-0.344985262002694 -0.178387439024404 -0.239014482666434 -0.0779793473806537
-0.413984705793791 -0.0450379403305803 -0.171096202002859 0.0363406677836171
-0.399387517223214 -0.00937201510586301 -0.134348410004822 0.0835119470343517
-0.413006749804678 0.0187010273486097 -0.0982255398205444 0.106300001421438
-0.438561506079209 -0.0959470820983467 -0.0402391642074906 0.159304137419291
-0.348139180323804 -0.18956208140069 -0.0174999816286656 0.212075532654159
-0.320087360882048 -0.263954361711506 -0.129367642855644 0.23395185906722
-0.268515498056982 -0.427255508677349 -0.208694815093013 0.139758267026609
0.0218232506126297 -0.594797868160599 -0.243458958062353 0.0399669265360675
0.349532881434451 -0.596111307635222 -0.244200001794706 0.191340354628901
0.27471559316205 -0.355976973667289 -0.172731064054507 0.264487264984548
0.0155705562194652 -0.356247938172325 0.121572101233763 0.391305934738951
-0.125733430424719 -0.18423025856707 0.312738678572093 -0.0495505269333457
-0.0546369108719534 -0.0804004904926229 0.0929407529132708 -0.263966523700648
-0.0883596767480233 -0.166442872552324 -0.178289550430455 -0.233626547176411
-0.234754897066828 -0.14538411887758 -0.299033612305185 -0.093574915986975
-0.314569110562964 -0.0616243335876923 -0.293639905283011 0.0210114789492507
-0.319345419600091 -0.041661301369397 -0.292705355511104 0.0864625134457157
-0.342263722538312 -0.0365018622739985 -0.263715947380522 0.103053149193289
-0.336770123151894 -0.143745563056596 -0.189325244898505 0.123128272600865
-0.226595940445948 -0.194311852483378 -0.125550407885223 0.150856696405128
-0.203479170157419 -0.205042553849828 -0.191595787304637 0.200362231270987
-0.213981135183903 -0.349705271843161 -0.259700926288337 0.140972133182504
0.0352031581975306 -0.523814178270545 -0.255442079412401 0.0639186117522925
0.332698946373463 -0.501107115508966 -0.315500773421267 0.314869759824699
0.151897808472114 -0.23022906913391 -0.213292703497036 0.315293037068949
-0.069131385898727 -0.196466479758695 0.138242219498015 0.325006132375694
-0.104531579471336 -0.0302374191421233 0.21381003837114 -0.0552142264927689
0.0272601141438861 0.0216144250285325 0.053378220189383 -0.196571277176054
0.00832211169422123 -0.0973487656865618 -0.172272027435203 -0.210983690936601
-0.11617269757153 -0.111938997001383 -0.325580259436752 -0.100248415676137
-0.181770542483819 -0.0746389070312988 -0.378256442889135 0.0113654153608566
-0.190626643566409 -0.0663180114090376 -0.410613619954223 0.0766284876174032
-0.201634635129072 -0.0787467016379737 -0.390888468052657 0.0669274271672706
-0.159710706727298 -0.145436112665557 -0.296109194865693 0.0489168162825789
-0.0594773570111566 -0.126418988854089 -0.189358348411736 0.0667345830337529
-0.0738352232296603 -0.0718914005444841 -0.231888537935091 0.157571677791068
-0.14696023782353 -0.202650943882421 -0.323478501220539 0.119029459262528
0.027907054392643 -0.35476850421796 -0.263346309024283 0.0362962537701408
0.246819937944046 -0.319256360339736 -0.361610766346088 0.388309029410057
-0.0231562926723008 0.0794218655534471 0.298142211863108 -0.467392950028807
0.0681084290310159 0.100414667560965 0.162427247742292 -0.0051111885765989
0.118772483596387 -0.0333385910545403 0.381585967795382 -0.0383444429788664
-0.0136509657491894 -0.124430254352913 0.227432233272574 -0.180213915799988
-0.101606488138938 -0.00969083621755265 0.15618010047751 -0.0330423817048547
-0.0325452334284758 0.0639028238642073 0.283800214350492 0.0457435662937821
0.0175316646572706 0.0713120130567804 0.41915744250004 0.0224242869034079
0.0186538443829386 0.0667084861341794 0.461284255742792 -0.0459813823628617
0.0250681598639074 0.0670974193365834 0.418041158725431 -0.0130545023979229
-0.0132184343376055 0.073342499002421 0.331564302828601 0.0786096909971834
-0.073608594347577 0.0420758019500358 0.196257734061147 0.175405505970549
-0.0885189167850328 -0.0802815600259351 -0.00948773757280126 0.169448922940484
0.0452214624957474 -0.101058584434428 -0.122019014947188 0.0437438543494338
0.087735511155555 0.0571559857830828 -0.14549070835142 -0.193902986284077
-0.00951318391369735 0.0888789892926888 0.19276367064717 -0.256963736481824
0.132629836944086 -0.13067351365845 0.314742871430548 -0.414845533729858
0.14369260264679 -0.149852542081455 0.148182462535448 0.0837386328821974
0.0920015379165279 -0.243465289707458 0.46752160107258 0.00959628101415412
-0.083393532756109 -0.294570964491507 0.273397784862471 -0.215216944642276
-0.226169869224055 -0.16106723043885 0.117022006665095 -0.0545189014373044
-0.214260108264893 -0.0222836606315014 0.232364683042622 0.0656695517840242
-0.171545132722393 0.0637422515025187 0.389021889603696 0.0559229854156698
-0.138074825461905 0.0735089549212151 0.438801693533881 -0.0176470628889801
-0.110487996148608 0.0784685423028079 0.399030196218581 -0.00360545003341029
-0.131876434769114 0.0452208646361858 0.325135982333913 0.087470346980866
-0.143966735822274 -0.0104234358659133 0.19641776527969 0.189528516934384
-0.146805302860127 -0.131203593616283 -0.0167686997290128 0.173257527175808
-0.0193332555987264 -0.192736450131127 -0.11748172117296 0.0395993655051695
0.109075806678256 -0.102524919409066 -0.169069742742083 -0.165084832718455
0.111036261809214 -0.096109929766266 0.116710930340465 -0.244557363217259
0.286229430705711 -0.301222196204266 0.265428070939409 -0.296675437248771
0.228776383385148 -0.374300519040609 0.123468198451118 0.204421799438378
0.0676819471537331 -0.430107839097382 0.532076943013205 0.0458195827807434
-0.141156932736673 -0.424275353582624 0.305525924294657 -0.267551147619005
-0.307655267097654 -0.289666989990522 0.054858257290015 -0.118081531464591
-0.352830887087414 -0.113757855548904 0.131095181434897 0.045174345484772
-0.331185722920081 0.037506151672427 0.291597123418607 0.0688644942177378
-0.275477941592067 0.0692790716490506 0.351503439771183 0.0115511399859584
-0.2371311660419 0.0882836913694526 0.332698808415142 0.0149116119897758
-0.25531684725082 0.0241118120433457 0.294071056089553 0.100626124915327
-0.231762277697391 -0.0554317803081754 0.195089196094261 0.204851616971132
-0.227416044961628 -0.178511575449228 -0.0200424713341094 0.19589262296388
-0.107203933113664 -0.282349643116262 -0.128876105316918 0.0550709886479199
0.0943852946064397 -0.273321143940358 -0.198075613277037 -0.130889651783443
0.204378276424795 -0.291182958323649 0.0256278275169257 -0.190277696282997
0.393426375113166 -0.410569639951069 0.156845242474696 -0.137566164790432
0.268763607272691 -0.51957777317421 0.100805540068686 0.328458341674214
0.020962571788662 -0.52953170131632 0.555470735257924 0.0512023980709224
-0.183458342009687 -0.462300353851785 0.298162908022162 -0.321394577643462
-0.334622418044181 -0.349221761461475 -0.0249092287768542 -0.195952530295116
-0.42212342870417 -0.173018004357852 1.06992648870477E-05 -0.000476596897981586
-0.430890478536986 0.00766931195317407 0.148123990435228 0.0632237959741939
-0.372586697526874 0.0534117498233832 0.213313570687092 0.0396998214702453
-0.341071520409638 0.086950205875901 0.222013292925676 0.0442543151660702
-0.368784722009629 0.00123599171370164 0.224077316847055 0.124050003919703
-0.322763325169086 -0.0982094408178937 0.166974569891097 0.219249305147554
-0.312539922749717 -0.223192782603967 -0.0322520144626484 0.224648951437991
-0.199565150635103 -0.36526932654606 -0.148170008856576 0.08526158944027
0.0600347953161975 -0.434146483175056 -0.221813636077763 -0.0816206794014849
0.271875637111016 -0.463597831150664 -0.0676989201557127 -0.0903082390245976
0.419375104919373 -0.451053030318493 0.0255719924510126 0.0273612204303024
0.228045899206076 -0.551170734510476 0.0955200100840977 0.413398079755681
-0.0464183201207048 -0.49560463032377 0.51728604730177 0.0221114841375555
-0.186000173448416 -0.379537010828079 0.242162024994397 -0.346721931882636
-0.295240641225482 -0.322799629943267 -0.104911648510808 -0.245675416947615
-0.415503169753145 -0.190146653933915 -0.131147056179441 -0.0470788812039242
-0.456986761815666 -0.0199075247506878 -0.0126632853931186 0.0486645729487626
-0.414635451822191 0.0272412250691603 0.0446880511227538 0.0629264529197109
-0.404594817037375 0.0651300063412147 0.0740186298701847 0.0794915421935422
-0.441707737039769 -0.03738671034508 0.110827965455576 0.150340068355345
-0.374758697608301 -0.145595781686202 0.0941555922140496 0.226172269773663
-0.355721895621574 -0.258855716953777 -0.0683195115652962 0.242433180071945
-0.262660584690823 -0.417939201315832 -0.172039994854621 0.11701457918198
0.0285688953583143 -0.548590776414463 -0.234797193830723 -0.0191792015644175
0.31976165430287 -0.571692676712678 -0.156592032490675 0.0438565517598241
0.367499294995381 -0.428796078470362 -0.0911327724803308 0.167312080950822
0.12431800166301 -0.479577727453052 0.105580956237965 0.42953895624928
-0.103821965415973 -0.352981388258 0.422734996267012 -0.0227072115829082
-0.134355242728335 -0.226853602568935 0.159266378640149 -0.325385543726751
-0.200466437215037 -0.247798356184549 -0.159261983316671 -0.252583294184893
-0.342239564264129 -0.172002569366544 -0.232902882487173 -0.0762846881779317
-0.41225978843199 -0.0407561067466686 -0.164375109339662 0.0329184397468362
-0.396459351362782 -0.00558670230500721 -0.131124466490068 0.0785022822347938
-0.408085348691789 0.020646899128402 -0.0945055314242452 0.104740850827739
-0.437777770513815 -0.0910849476849155 -0.0367341994569497 0.157252208196519
-0.34593455123385 -0.188651556705741 -0.0152430069439408 0.206192002453761
-0.314809583606514 -0.262515346562705 -0.127412289797718 0.236504948226827
-0.264177647192713 -0.416591787226815 -0.208033685082485 0.138444092005534
0.0230874374199167 -0.584340925752136 -0.244174611185027 0.0376782211987578
0.342008196058771 -0.584386898688279 -0.2383082749907 0.188110731677466
0.264403364623956 -0.351998935976566 -0.171513478639241 0.262954608247419
0.0128170180732758 -0.345479135037073 0.121760944675847 0.38396679676121
-0.123971273588206 -0.175293426128056 0.304965453937213 -0.054606269994594
-0.0505812704128608 -0.0809562157348025 0.0881853439066986 -0.263354661490393
-0.0890103243553445 -0.166153979249137 -0.176792290003591 -0.230938958715041
-0.234506408256323 -0.139808504459005 -0.293687900066575 -0.0904759299543379
-0.313983948806275 -0.0562563248095133 -0.287761957724917 0.0197831048688913
-0.319081848379186 -0.0374736740643472 -0.288445784821883 0.0843360705338254
-0.339215274764016 -0.032299324473762 -0.258334400398794 0.102374401337989
-0.337400675301754 -0.140299537182422 -0.185711456766719 0.122598879991906
-0.226270011668044 -0.194271144507472 -0.123173367634082 0.146142238464411
-0.198340877075341 -0.206065454703451 -0.187727647817437 0.20151411617116
-0.209164448588909 -0.342208621861278 -0.256855312619947 0.139975844730813
0.0349743086797765 -0.51385424082907 -0.256760594644747 0.060480602442885
0.32302794865948 -0.493397651267945 -0.309051117604464 0.308977428516468
0.144208191459134 -0.228815054272669 -0.210523806934125 0.31353303326213
-0.0703264923443155 -0.188156951631578 0.137394965955908 0.318752609987815
-0.102594309557082 -0.0253541342471488 0.208113791704576 -0.0596464708971725
0.029441859703396 0.0171430562454127 0.0511208755345837 -0.197472542584205
0.00569890978029919 -0.098647204012544 -0.172269974726693 -0.208220611864966
-0.117955056577547 -0.106948216844761 -0.321245003073221 -0.0969132902808124
-0.183778969790196 -0.0701022700942 -0.372554816813993 0.0118852851980877
-0.191649410670619 -0.0624544647725397 -0.403783174414539 0.0771159289024258
-0.201063881956239 -0.0753452494209642 -0.384859446545398 0.069840061400184
-0.162261461342692 -0.143216256818879 -0.292957434369441 0.049571254370493
-0.0599980528199331 -0.127607233671953 -0.188041775857106 0.0632219862539079
-0.0697069006097223 -0.0734456051690577 -0.226785163843484 0.15852499507381
-0.144039688220717 -0.196738954279287 -0.318203350127654 0.119534192979847
0.0265994701003801 -0.346203404212602 -0.265903761087369 0.0331636337342589
0.239602883616248 -0.313994235429899 -0.353170872123804 0.380469777100483
0.00279011457640294 0.0829311604589431 0.0824309055501945 -0.551096826586666
0.102844907806037 0.0601387497262262 0.158739936013545 -0.0786835408971911
0.0884098514593986 -0.0826635185444065 0.330809181564316 -0.208866531595482
-0.0707009800693537 -0.104583126262684 0.119490611146883 -0.266076928918553
-0.0959521231676368 0.0349443820377569 0.1251877657045 -0.0943452739500943
-0.0012311708244215 0.068454537673118 0.281632774095467 -0.0819167826364863
0.0481150724099375 0.0554109007810225 0.398336979276905 -0.1660612321751
0.0444434696528267 0.0525433890578339 0.400463429538321 -0.248453884103668
0.0531822036050647 0.0506374914991483 0.37640583505518 -0.199495274349083
0.021382505790338 0.0717100355219383 0.33584036568432 -0.0761463488140424
-0.0467217008140527 0.0715232608835112 0.254838719786439 0.0706430171824452
-0.115208831571424 -0.0292067541616788 0.0680726826396493 0.152515907433416
-0.00423101671251557 -0.111221422067654 -0.0885257939182753 0.0940904351685894
0.106834655837624 0.00788956368077479 -0.218948172816098 -0.105691022747675
0.0344525596289348 0.0819827590223486 0.0655409607373611 -0.322966691252143
0.0628665447244307 -0.17210927279706 0.116083624640529 -0.52019431304707
0.0718213987286425 -0.197968345600476 0.178514490552228 0.00671113362276761
-0.0187370481831862 -0.26560112454426 0.418160017438251 -0.204521944433655
-0.202220596403149 -0.229780725662201 0.136955006783947 -0.321519520684135
-0.27178144143322 -0.0512154888126204 0.0742167676190814 -0.0932912579812663
-0.204276081743018 0.0675966778566842 0.239487757940279 -0.0385459867190855
-0.128564613350569 0.127687758657438 0.378974585950994 -0.119682407446644
-0.10025627957542 0.124000348829906 0.391804035957161 -0.214734964808282
-0.068818722246917 0.117865848174162 0.362665739737841 -0.183636047868486
-0.101663043499401 0.0964613163791226 0.33384892813955 -0.068217329266778
-0.136313126384273 0.0514304836101421 0.263481788680463 0.0788635593957248
-0.190412978551988 -0.0509639290669853 0.0648104822812301 0.154204929854986
-0.102479409774358 -0.168045076397836 -0.084327942244492 0.0853018712905236
0.0567077014944202 -0.147865367339325 -0.220702337740936 -0.0692086430341347
0.0613180344032508 -0.145667844099958 0.0111054858673961 -0.269358778834916
0.139109064162271 -0.391195584422374 0.11551904480312 -0.39836406483861
0.0601281855774791 -0.43537958052764 0.202238579110655 0.125741835528706
-0.114693724859482 -0.425730006848333 0.482303079160019 -0.200899869455631
-0.306198380659763 -0.324872239084265 0.135779030983809 -0.385075268789273
-0.399263690216857 -0.136105227254417 -0.0164599364439063 -0.123084702597157
-0.369928383361042 0.0427564785927742 0.133979719612669 -0.01150713530149
-0.285109470629488 0.172085861873425 0.290016924460458 -0.0639703963150911
-0.230800232838346 0.178286335917069 0.323952138032289 -0.149995311782345
-0.182904309373736 0.180546421033701 0.309203173374096 -0.139804752575985
-0.225631909691515 0.131269187440815 0.310053307060514 -0.0460390703063315
-0.239460131030537 0.0463431451655162 0.271261734287147 0.0880291582435689
-0.283999171781153 -0.0613554948621642 0.0724248437655255 0.170736359289486
-0.220302310790682 -0.214020215928389 -0.0861153749341892 0.100429484757273
-0.0309704010861431 -0.297975489808949 -0.224568636389287 -0.0286850448346024
0.0587127764050155 -0.368971975052083 -0.0398146046344624 -0.173730850784411
0.196420678304475 -0.533589629534793 0.0796697790701939 -0.211781403895317
0.0390284805884389 -0.583171731083091 0.230174561346373 0.247693669447714
-0.197756207301785 -0.496162589567226 0.501942945584667 -0.205323236803257
-0.357904468730823 -0.338913879879183 0.103682563295034 -0.432002239524341
-0.448832940906738 -0.175927916415235 -0.12544104896472 -0.15857379695309
-0.460683309548516 0.0190266451270105 -0.00880516805532649 0.0043921385396522
-0.390392343340338 0.188253332784468 0.151179512980331 -0.00519557482986592
-0.329309598379435 0.204320267331897 0.208198893840732 -0.0645806353676144
-0.279429664247103 0.224456223434974 0.220097707051002 -0.0653460721260375
-0.341389925727215 0.158819778831351 0.256225283584832 0.00278938873906411
-0.344718300466086 0.0445333382462416 0.251925130792556 0.109063437828163
-0.381057170977261 -0.0659610728881676 0.0740631197322655 0.195641188873835
-0.343039069233862 -0.251905939872521 -0.0874408975095106 0.132246562631295
-0.132574132380428 -0.430182021352845 -0.218291203111845 0.0234161319331035
0.0419483148744657 -0.559771479886531 -0.0748066664135461 -0.0354619364277396
0.206546216792459 -0.580702530961313 0.0260390386369834 -0.00621394304093236
-0.00971834034619238 -0.594055697132852 0.258520275149085 0.328853649830435
-0.243815488739327 -0.434809288771197 0.453006180039143 -0.211566343280615
-0.325809081872308 -0.265207421415261 0.0441956346536228 -0.429432704964741
-0.404044114049622 -0.16878451712931 -0.219515902112443 -0.171464436481578
-0.461240016677661 0.00300527210188588 -0.149085058572145 0.0194633032641894
-0.426092083155648 0.17514260772766 -0.00468848310915827 0.0519691942682703
-0.380446045620234 0.199217927794175 0.0641200873258534 0.0318388286558475
-0.350000392526642 0.231120692981651 0.100136933963136 0.0318387850859928
-0.427396412960028 0.156246140123509 0.162920374529305 0.0758915173925309
-0.4162433441952 0.0233277712129834 0.189104784321122 0.14477213465007
-0.437467599449294 -0.0798537932434459 0.0503902662956638 0.224202047117158
-0.424443169024057 -0.275417298117396 -0.0942176250983211 0.168589731579044
-0.210827664797239 -0.521574729576624 -0.19951800112962 0.0830353450705012
0.0357807590189503 -0.681664561757337 -0.0949777465822824 0.129262612596727
0.167994780885187 -0.540066806441888 -0.0232257337861678 0.173423280114731
-0.0760926693016943 -0.487975543560401 0.274898439979804 0.341621958310718
-0.238472833747608 -0.27852433309146 0.352418701899632 -0.206342444115827
-0.215531505230787 -0.148584005823201 -0.0145262265635373 -0.371122598548549
-0.286746233784989 -0.139379884181596 -0.268119074418524 -0.156541280998782
-0.387094746994046 -0.00890279722347764 -0.254601168357786 0.0368720569973641
-0.394655419804071 0.139755951954899 -0.150469991363214 0.103691293025155
-0.37631098833181 0.161970692456923 -0.0892763725289338 0.12451098511052
-0.372498755518935 0.19264431458067 -0.0418504274103071 0.129580284727213
-0.448225421520654 0.104982739842967 0.0324692999153067 0.147274557968233
-0.407130597830521 -0.0295390494916685 0.0815682178887647 0.175231561589038
-0.402166370629829 -0.104639345534421 -0.00532003497872733 0.246245983659752
-0.422963803323643 -0.274639764860616 -0.117272612716555 0.203442593865728
-0.232485339929379 -0.550691641779251 -0.183665077914768 0.138170316714659
0.048911237623369 -0.703523384355396 -0.110071899712147 0.298014570018631
0.104437456405774 -0.427239333729615 -0.0549640029431808 0.300810604593715
-0.123366895932038 -0.318697609778519 0.271169935107061 0.294537802933074
-0.184333707980103 -0.107689459857632 0.240156174876497 -0.180172018618112
-0.0811186992416468 -0.0529625744553651 -0.0434254834371122 -0.282263659659885
-0.15283366326885 -0.11034352429649 -0.27148597271634 -0.131672263779109
-0.274898867085248 -0.0232480355258691 -0.314119755596163 0.0496106303522733
-0.312580125980627 0.0848921614867309 -0.267284353309498 0.145645536668275
-0.315362471926518 0.100589183690202 -0.229924622668834 0.200934790501462
-0.332388768898055 0.113610543095488 -0.191236784249892 0.202786962731867
-0.377279037887546 0.0176299042852774 -0.116917434442146 0.183945208012707
-0.297916634949787 -0.0874842380734278 -0.0438065642091071 0.173952592476458
-0.271553561267362 -0.10383021856149 -0.0756618187720864 0.248788501570674
-0.34056941759709 -0.227594226481751 -0.161598088126548 0.228066648905927
-0.192193364829165 -0.488519356468163 -0.189281548228147 0.165310736299833
0.0730961730649586 -0.608001915542503 -0.130157127146649 0.437760871808353
0.0427674373520618 -0.267859764819478 -0.0675321414610954 0.371333737974708
-0.136659159794115 -0.143858449459849 0.258884066200866 0.231366536623895
-0.103560418706332 0.01996008239313 0.157605677785742 -0.142281804790981
0.0305706863486321 0.00111755738010866 -0.0417667472634086 -0.206869245824446
-0.0390523146256289 -0.089023443067398 -0.254585476500829 -0.115861382158833
-0.153935172805736 -0.0417337425733949 -0.340455202994496 0.0548999093304098
-0.19956031165782 0.0182365750016993 -0.345261815397075 0.175525203757126
-0.205767209626354 0.0248659628598192 -0.336796634186915 0.247029648046786
-0.222011879057468 0.0163046767292963 -0.319775722512436 0.231758896655394
-0.216379654012004 -0.0601689959458663 -0.244983279046345 0.170161848531846
-0.113924847905059 -0.096163744499338 -0.142067312750016 0.134055858721668
-0.0958011294289941 -0.0382512275123953 -0.134299609886146 0.236917039573244
-0.22028133289279 -0.119835095596942 -0.228530044127224 0.240157342081943
-0.12738906183258 -0.32964180945199 -0.218445811323245 0.144479092963415
0.0753996381641634 -0.402065904324963 -0.149942844700085 0.515940473570343
0.00819696143290426 0.0839649008599324 0.0701762334084397 -0.566971724377221
0.109966193576047 0.0566740046299682 0.168923288242763 -0.0891756913737466
0.0859734158987865 -0.0887622005612055 0.332166204093082 -0.227317960908979
-0.077980537701666 -0.102422656646073 0.109838046315002 -0.274230113039015
-0.094373263106153 0.0418549409744999 0.125470574736011 -0.0990105336821692
0.00282759876687243 0.0689402036168831 0.287863771930766 -0.092897628920783
0.0523112588366741 0.0530597061782477 0.405626292676526 -0.18699979804377
0.0494772858778994 0.0516097130607798 0.40237796260421 -0.270869009039452
0.0554531818368723 0.0489683709411216 0.380705167009623 -0.218112374953186
0.0258034518344617 0.0710606611834898 0.344183034103261 -0.0906409106260767
-0.0428282656090989 0.0746859428417975 0.2651603245284 0.0632134727275991
-0.11891176775152 -0.0234443435475514 0.0772093391940107 0.156454585113931
-0.00877435108211273 -0.111706061748921 -0.0901136577770344 0.100986480563336
0.111036518020402 -9.95310659324018E-05 -0.22848524407319 -0.096763657781817
0.0387987447239684 0.0803051841726243 0.0605295827285324 -0.337118434812374
0.0620290032409154 -0.179336142491994 0.10504112573637 -0.534976718707243
0.0721878021451698 -0.206961139868266 0.192018636489725 -0.00030582922652952
-0.0273693175153471 -0.271776913818451 0.421179789246391 -0.2248883715254
-0.215695273770842 -0.228912416367359 0.125080296032387 -0.330104281142732
-0.278077843720256 -0.0426692792570581 0.0751155538031495 -0.0965437631354731
-0.205627955127748 0.0743894626906495 0.247445138143157 -0.0471747817481198
-0.127576002958834 0.133246728623419 0.388435601408128 -0.139839465419722
-0.0978544068885632 0.129902770956943 0.394110095433567 -0.236246288580123
-0.0679117917167967 0.121840309239783 0.367355336041279 -0.203152773108028
-0.100840741121594 0.101555571762199 0.342006635664633 -0.0831286948561634
-0.135901697501861 0.0560901259200848 0.276094781894591 0.0710967177928672
-0.196259148939456 -0.0440656646119617 0.0738973910031662 0.159709300239751
-0.109169960955867 -0.165243488268545 -0.0873326832609767 0.0921594056825218
0.055251842643128 -0.156466771336828 -0.229076875295247 -0.0602616150103989
0.0591081242822399 -0.152216202147345 0.00622479365480604 -0.279658589200501
0.132615971424359 -0.406261719901709 0.106316746000848 -0.408173723457017
0.0530746866833748 -0.449959921045699 0.219876252852005 0.121857333475858
-0.129259451439434 -0.43258274364083 0.489735452610807 -0.223687444519048
-0.322461444387276 -0.325118080246418 0.121741792264672 -0.396567704188415
-0.413092830461149 -0.126061245887924 -0.0176973303295733 -0.124212112676288
-0.378747616921728 0.0547154173319526 0.140986526296447 -0.0170667141428656
-0.288258034471401 0.18470006447558 0.298705284236818 -0.0806079311319025
-0.231906268969126 0.189977255205588 0.326620415649872 -0.168115146569358
-0.183265371157295 0.190622050046391 0.314138273915583 -0.157470129957952
-0.227996060584585 0.142162572821816 0.319002379735168 -0.0588863544413172
-0.243326522327169 0.0540129636704288 0.283607398442599 0.0791835671298554
-0.293788571985377 -0.0529471505944499 0.0829159652325548 0.177108917478318
-0.230998297981142 -0.210071382620642 -0.089444539590272 0.108321637587578
-0.0378924841862387 -0.306317970407292 -0.233727090719197 -0.0200249220569907
0.0497487075228745 -0.379844024080394 -0.0423434743727691 -0.179002884569848
0.185313889473111 -0.551706328409988 0.075554476578021 -0.216520804417745
0.0267993993565009 -0.598243375390226 0.251353250904837 0.247569146910453
-0.215358680449897 -0.498630953600462 0.506460656321168 -0.22816156381154
-0.375985712700496 -0.340055912192345 0.0881376897577816 -0.444073911398993
-0.465766427729787 -0.16785797597418 -0.130323022184865 -0.158537449678483
-0.472857493059525 0.0329279495673582 -0.00542524683791665 0.00341006559537465
-0.396542079143595 0.205441055367706 0.157252410302534 -0.0165013972615483
-0.332549334698026 0.222025725377475 0.210694435514749 -0.0769252378979519
-0.28177026770775 0.238277573922257 0.224811381575853 -0.0764931331244962
-0.347795986459669 0.175386393907258 0.265941925845581 -0.00696823859118481
-0.353462163245275 0.0554082860864149 0.264387986168445 0.101044840704864
-0.39419528523541 -0.0579067650846573 0.0860259213403668 0.203676007591979
-0.357201740648982 -0.247085023779289 -0.0911332593650485 0.141431078199607
-0.147115631475881 -0.438763634963104 -0.226798391500174 0.0321130357015433
0.0277490870594352 -0.573862827539784 -0.0749548860744608 -0.037395216868348
0.191475305186985 -0.600632785729955 0.0261844140814168 -0.00403050708062374
-0.0255722658668694 -0.606069693811042 0.280866064515872 0.329610729060471
-0.259117046887656 -0.434228939038144 0.456766483662085 -0.231698681860916
-0.338968383937502 -0.2644896067975 0.0265141285821963 -0.440703210937911
-0.420075362151823 -0.16417638924861 -0.228030795639824 -0.169753619778158
-0.475118225049178 0.0171358613960484 -0.149816223862265 0.0226789725172405
-0.434951323238124 0.196118228814321 -0.002288556297411 0.0472921398921023
-0.386443672042678 0.218091433447141 0.0645946444271054 0.0273673813055639
-0.35430625973616 0.248391486132584 0.104744071913007 0.0271052579680798
-0.436550231887892 0.177041577522062 0.17273843066122 0.0703730657186173
-0.428685456101384 0.0354291401413726 0.200284323785186 0.139671578464859
-0.453539513281248 -0.0731263055906751 0.0623610279434933 0.234324303979048
-0.439428208365152 -0.26963773703717 -0.0967713007935603 0.17942852432626
-0.228896410127865 -0.529372515202502 -0.207050156826203 0.0919930425515624
0.0163476445232071 -0.699988639566324 -0.090971821458599 0.132674090477495
0.151782079457191 -0.557068090327316 -0.0189665318480099 0.180886616336976
-0.0896498361619328 -0.493765389642069 0.295740470143161 0.341519875752921
-0.250511381525777 -0.272629930252072 0.35292647300983 -0.223251701736791
-0.223408332986445 -0.148711214812033 -0.0305657435183199 -0.380019276020122
-0.300258313125354 -0.136348250235772 -0.278468141847194 -0.15280987231759
-0.399320809140742 0.00444653664078956 -0.257890588010671 0.0440664978340923
-0.403380311234069 0.160051192549042 -0.151092207777977 0.106214383242485
-0.383374434047445 0.181696493982298 -0.089617354187093 0.127898663571507
-0.37834149753448 0.210064462879499 -0.0384240537772675 0.132596207859522
-0.460284540146414 0.124613714782637 0.0399785101440386 0.148985415875573
-0.422816744473011 -0.0199988291290373 0.0891357872640382 0.175560755815613
-0.416849817754884 -0.100413180000797 0.00552569966865127 0.25828739348055
-0.438946393469254 -0.268655970117058 -0.117882569048508 0.214248144589066
-0.251830895531798 -0.556614145587358 -0.189987075439009 0.146827847867469
0.0297049274553965 -0.721340651127094 -0.102258580710323 0.30638079466622
0.0892033585429955 -0.438613280591909 -0.0481432814941763 0.312022942974153
-0.134149128915288 -0.319258029986274 0.288908158122272 0.293767099191918
-0.188493393406811 -0.0995895104470163 0.237129658549955 -0.1925691008409
-0.0830637102303445 -0.0546145848988838 -0.0580101939816283 -0.289274748206564
-0.163169972529 -0.110925613249493 -0.282756922829822 -0.126518166418162
-0.28454983345678 -0.012526458908145 -0.320667682465616 0.06014670651138
-0.321394752781463 0.102254005353531 -0.270353916145749 0.154878277075967
-0.323579298792533 0.116650985254597 -0.231752304819045 0.211283873860207
-0.338168500853039 0.128723824898632 -0.19002390187495 0.21372721860057
-0.391155473998303 0.0326287625680698 -0.113389208321754 0.192725123348065
-0.311630317053448 -0.0831090222128642 -0.041582980945502 0.178305989842857
-0.281192224104988 -0.103544169979598 -0.0676575024282095 0.261485999148755
-0.353013978109232 -0.221846495748399 -0.161019683131711 0.240111571169224
-0.209161674411264 -0.493894705597967 -0.196280776935707 0.175440756567527
0.0558105569020627 -0.625692175259803 -0.119567200534246 0.45004447667921
0.0317759206809913 -0.273763619036767 -0.0576299432812388 0.385070328606742
-0.142255771304935 -0.139202604251774 0.272778053764156 0.228237453498068
-0.102190059784386 0.0266918857369408 0.153995561287673 -0.152412559926555
0.0310677816990865 -0.00321770061036832 -0.0528784225087301 -0.212976125381554
-0.0464037074843498 -0.0915876920059621 -0.266653776335055 -0.110369935893141
-0.160657968783291 -0.0350961279394966 -0.348079762244447 0.067262633856567
-0.20670855697834 0.0302104371114769 -0.349850254617717 0.190330275530152
-0.213311178266052 0.0358035461609184 -0.339586704872643 0.264605024133653
-0.229572713498398 0.026053346147999 -0.321308818094705 0.249335375912015
-0.227891705385407 -0.0529337164575995 -0.247111777109675 0.182102078689047
-0.123067120364994 -0.0981995129010841 -0.144622946062838 0.141436907724564
-0.0984025449475882 -0.0416564456986983 -0.126963614713052 0.248893192819716
-0.226656613000572 -0.114525048230973 -0.226430970733462 0.254541930372564
-0.138997879804409 -0.333491712579254 -0.227694224081599 0.155807330462023
0.0626488387832523 -0.414455349561721 -0.139797790876976 0.532728304601578
0.0152121930025716 0.083117723128345 0.0416062807911227 -0.574716297623988
0.116587244551925 0.0482310287790669 0.173496982544662 -0.10246543550653
0.0796087547067979 -0.0952897518760389 0.323285270264382 -0.25181366594838
-0.0871683265065284 -0.0964603854474181 0.0914602428323439 -0.280528006891754
-0.0896528505264662 0.049685512437647 0.120562479913394 -0.105011447389205
0.00944894086390076 0.0677016292922759 0.288582382374035 -0.110369843979304
0.0566939950506764 0.0481101469025612 0.402348257747788 -0.216833883283819
0.0544556277236646 0.0476821691207243 0.391732430772214 -0.298931109108625
0.0586628878264529 0.0446175794001203 0.373403211211025 -0.245015672512708
0.0319148047247916 0.0691640040644085 0.343365790772569 -0.112677329288336
-0.036203765071685 0.0773942192702301 0.273668088276945 0.0478136385890622
-0.120819864257302 -0.0142800363821696 0.089566859691785 0.155845541495341
-0.0159474527938729 -0.110056922688074 -0.0878907437991876 0.109394791351154
0.112854749213693 -0.010547168429393 -0.235581111375163 -0.0799488931279435
0.0440460429482522 0.0761110429406645 0.0437769396596442 -0.348810658583541
0.0551701824834256 -0.185573407016632 0.0774096723455217 -0.54476619326085
0.0659405073903794 -0.215773331116513 0.203175081751194 -0.0131062650444387
-0.0437532945959916 -0.274151373443887 0.413506844082216 -0.25447510049838
-0.232344526487245 -0.218278482666425 0.102616564552387 -0.337583851779255
-0.280825271530666 -0.0267883491610973 0.0721800469997452 -0.100290439383256
-0.203448670721094 0.0850143076446365 0.25116358583938 -0.0628742012431551
-0.121719499479543 0.140131164979369 0.386833091709134 -0.168926696449593
-0.0909234793276088 0.136419141425783 0.385597720519069 -0.264446123529784
-0.0618718632798134 0.126429098665615 0.35983886930143 -0.230205281496433
-0.0953101647738717 0.107655149750183 0.343566079837747 -0.106107957750472
-0.132058088670312 0.0642110818461979 0.285566430367132 0.0532384825120334
-0.200593252786049 -0.0312870287792068 0.0878141391569115 0.159887950988509
-0.118740528526879 -0.158263733132364 -0.0867307262974346 0.101598018184311
0.0483195246570848 -0.165191861013023 -0.236328468401879 -0.0437724572429511
0.0518405872080502 -0.1573194130205 -0.00698846914240905 -0.287179111096009
0.113329909026947 -0.417655690879383 0.0856387375542032 -0.417284020837475
0.0344648746836183 -0.459305098693475 0.23721066555049 0.11021826116648
-0.153307949868703 -0.429412984948022 0.482375245831032 -0.25662465535515
-0.344816900519831 -0.31119369458549 0.0958578711981886 -0.404277265359027
-0.423276241484838 -0.105263469011999 -0.0215105511202636 -0.123647469390197
-0.381145708248494 0.074333868541618 0.14467603925997 -0.0265523573971751
-0.282204539552755 0.202530449452266 0.299629868696465 -0.105777811327825
-0.223655006817762 0.205586061372791 0.320384531795797 -0.192443687410559
-0.174704859446039 0.202701887647851 0.309688198898898 -0.180085542426328
-0.222489071059961 0.15706274823636 0.321909567080054 -0.0814750739936396
-0.243422369241115 0.0668792973009537 0.294284349696617 0.0614190224007357
-0.299457719780737 -0.0369111926406484 0.0987139745545472 0.178274240466059
-0.242678447416465 -0.197082478427979 -0.0881391531295967 0.118524180250829
-0.0537312664712526 -0.310351378408882 -0.239251306733288 -0.00377338302092812
0.0286366882452743 -0.385742651785203 -0.049378288269574 -0.182798338439808
0.156013644224014 -0.567959663577193 0.0636357506072503 -0.219909689304559
-0.000645346656694124 -0.605808847455303 0.275317155594771 0.235815075284039
-0.242170541901549 -0.49126396431839 0.500198607763379 -0.261145018473421
-0.395763611679507 -0.323611504244116 0.0596789919365176 -0.451432245896409
-0.480570074562405 -0.145805813124861 -0.137401166701405 -0.152617302111463
-0.477895068035755 0.0602206832641191 -0.00266536435034566 0.00127530536057064
-0.389653989371472 0.231380239105226 0.160034295944413 -0.0324914377756145
-0.32545463024121 0.244944310001413 0.207235118426595 -0.0933698072360089
-0.272367615033773 0.258069348223857 0.223635935346292 -0.0940518750739019
-0.343498967831943 0.200103663675679 0.271429939185041 -0.0256773199187424
-0.356316569062039 0.0751423986164723 0.275948042004651 0.0845282543588512
-0.403355196479687 -0.0367258527567124 0.104080008826395 0.205392642821219
-0.371959478563503 -0.22844643840881 -0.0884620092978127 0.15281637793058
-0.170188795654263 -0.436322700144891 -0.230980464669823 0.0475025122360161
-0.00389074804249971 -0.578413266499217 -0.0749141324211079 -0.0373961207004638
0.157891420975461 -0.616005426980079 0.025073851096902 -0.00280285383982284
-0.0542778048569429 -0.609332657542681 0.308230567186088 0.317269735370299
-0.282281196755457 -0.42006218910688 0.446546014039807 -0.262407483270891
-0.353656644759616 -0.251268922705116 -0.00256942126838658 -0.444866715978085
-0.434459655460613 -0.143538331023492 -0.237463161849823 -0.15863292876678
-0.481773301035084 0.0455331975628639 -0.148310468889488 0.0298901131399876
-0.42845853096958 0.226076777190105 0.000808245474082222 0.0419497670667496
-0.380210724962985 0.246081137288155 0.0652544318885612 0.0206634463779577
-0.346194891253193 0.272252070715361 0.107792290072503 0.0187816589861744
-0.434188630141293 0.207494852872251 0.181658449789999 0.0588214461167521
-0.434135706046667 0.0580969068659979 0.211460000319474 0.128161523509154
-0.46498855327601 -0.0518814028208669 0.0819088941852944 0.238315318443
-0.456546349506876 -0.24767983574986 -0.0915766508069437 0.191462028148537
-0.257530909943608 -0.523677433529978 -0.209194638686147 0.105699415489624
-0.0207470260522806 -0.705066604824289 -0.0823747562312206 0.135270678632489
0.119188705984619 -0.567741720178903 -0.0100354581986669 0.186742439920049
-0.114835364835434 -0.489937799320386 0.322158568737416 0.328518200792213
-0.26188447221705 -0.256261532084108 0.342055241837267 -0.246316345999048
-0.231318841318606 -0.140528404973343 -0.0573271751892781 -0.380690447150415
-0.313652322854507 -0.122936426623305 -0.289251430614844 -0.139372265707394
-0.405475070395431 0.0284636996799282 -0.257145875126193 0.0575052154024048
-0.400756297838692 0.189850691742693 -0.147547464490938 0.111952543031551
-0.380510105339478 0.210109945901329 -0.0853987405709598 0.133116957614162
-0.372858560023082 0.2356389461488 -0.0317799171866807 0.134602309070227
-0.461734114211278 0.156915143088484 0.0511006242244912 0.146536573482183
-0.433077746966856 0.00214483955689056 0.0995169191685577 0.171080897522152
-0.429333449395452 -0.0823664051479387 0.0250087789159389 0.265551751669258
-0.455801593145948 -0.247401616311461 -0.11112785775919 0.227385071162958
-0.281457784509371 -0.550827410186164 -0.190648517517515 0.160623092604775
-0.012160347144975 -0.729596599061728 -0.084041770869455 0.311641826742223
0.0616042812651394 -0.446114105600055 -0.0316488472249829 0.320882717160335
-0.149567229058985 -0.309959890609881 0.309873014068931 0.280465335698842
-0.191080048212705 -0.0854327126739323 0.225685524428303 -0.209282587913125
-0.0861076314859234 -0.0544183034735729 -0.0786113631467068 -0.289107498585109
-0.174160927706755 -0.104630192591484 -0.293798407769299 -0.111867056950992
-0.290189924481978 0.00598103171232721 -0.319882782506301 0.0788552835900665
-0.320396746798648 0.127933934284652 -0.266066157092681 0.170247999429875
-0.323917150101912 0.141754005702948 -0.224217071167833 0.227189993965707
-0.337508375309146 0.151450760067675 -0.180210218176128 0.226121437091664
-0.397085673140733 0.0605685052806829 -0.102922215639888 0.200571592622784
-0.324821090286679 -0.0683286628904654 -0.0342301969451926 0.182111699541587
-0.291749053784625 -0.0952908236638731 -0.0494599416241965 0.272146024215695
-0.366014951907683 -0.205415333985937 -0.15148382885012 0.254372115379544
-0.236577091260851 -0.486826754734016 -0.19560652661848 0.18980838264838
0.0196339963196159 -0.634227061228249 -0.0942601279508824 0.45820807740136
0.0118275758889345 -0.276518738523846 -0.0366957076052425 0.395045729590094
-0.148585750579558 -0.12947790820803 0.289105326569437 0.21463726221468
-0.0973876966772453 0.0354398993563644 0.143772561111309 -0.163727263063681
0.0312717162543356 -0.007988928426087 -0.0692666847397764 -0.212805646908464
-0.0557889122664783 -0.0910167563447243 -0.277669075065129 -0.095496321635419
-0.166033527143254 -0.0221714091380446 -0.349175219165186 0.0888156245805228
-0.208642719298331 0.049065694925746 -0.344396049730463 0.21302434736554
-0.216382375583554 0.0530589884068971 -0.32972200062545 0.287850423995801
-0.233192536848314 0.0422339642238172 -0.311200263933074 0.272047604757492
-0.237651923118742 -0.0371989747286269 -0.240398358203929 0.199736040981587
-0.13322077236882 -0.0951467138362707 -0.14238112594256 0.150729899779959
-0.100667477139666 -0.0418017406885196 -0.111849789034707 0.259804776850614
-0.23339714152031 -0.101082671334502 -0.214889682619557 0.270406373505118
-0.157795371880815 -0.32759525719083 -0.229529319264733 0.172058340559318
0.036972031911495 -0.421718362665561 -0.111544126051234 0.542011593997488
0.0216530015537638 0.0785089184309193 0.00951992514841991 -0.564637735791305
0.119964821689203 0.0370188532976206 0.171372210487529 -0.115296385175719
0.0703380639001361 -0.098747935085567 0.302375775387307 -0.269774250465468
-0.093363157203849 -0.086019203924109 0.0694413094336456 -0.277338797720202
-0.0812093289497228 0.0562815379698943 0.110788303436677 -0.107984156732578
0.0149032274034142 0.0644863589980433 0.279323809205697 -0.126211166924308
0.0592604377912621 0.0411150571329376 0.384214614753616 -0.241744820161097
0.059108571984871 0.0412461237454128 0.366779883013737 -0.319375960175955
0.0609648128718726 0.0386147686839516 0.351237492618666 -0.265979436831804
0.0366853227114262 0.0642262630214856 0.331152340581424 -0.133535247049388
-0.0282118888132888 0.0772359906358873 0.273943092360742 0.0294694441911002
-0.119328937489216 -0.00434775178709792 0.100181484160282 0.148552372368597
-0.0225903852548646 -0.10555048849151 -0.0806871260529776 0.11594519859195
0.109220725795113 -0.0218584141226535 -0.234373806228972 -0.0594411625027168
0.0484736048872707 0.070070274631987 0.0227096879593077 -0.350166996766101
0.0447870593661257 -0.186925533537792 0.0444023316240005 -0.535680627468172
0.0555797444503081 -0.218992419908967 0.20636874396517 -0.0280107155322886
-0.0588456259740865 -0.266815106078516 0.390468294472534 -0.277139622240234
-0.241191656451199 -0.199655983110482 0.0766269912298623 -0.333599629270955
-0.275703943619982 -0.00819104739758284 0.0655486651774203 -0.101166058481767
-0.194415542368142 0.0944968102737619 0.246096943802528 -0.0776887876016141
-0.111116652607271 0.143031566617209 0.372145490917585 -0.195809790797068
-0.0796025254090461 0.138237620908657 0.36187035334035 -0.286792078606197
-0.0528516894505844 0.126368280659791 0.339025685327966 -0.251506612153264
-0.085470304794624 0.11029849259157 0.33173254795567 -0.127876043493105
-0.124570942082902 0.0686796582150688 0.285359559240803 0.0333932498871391
-0.198019584503607 -0.0168215447746192 0.09942062743903 0.154123477021838
-0.124936880248807 -0.146032029948095 -0.0808782208926552 0.108911251417221
0.0378612513269633 -0.167887801671939 -0.233206485095677 -0.0250342611059799
0.0414985270932289 -0.157644468413443 -0.0220782489380375 -0.28586934120973
0.0864552037324273 -0.417884485776683 0.0599281449521558 -0.412039763903567
0.0105204752056121 -0.455561766868841 0.248120960024943 0.092397324477267
-0.174033525729472 -0.411993898711436 0.458536007010836 -0.283769859243193
-0.355392355256556 -0.286418122923993 0.0647680475070513 -0.399230457027934
-0.420413884082454 -0.0783628367741376 -0.0260885281500332 -0.120046106232332
-0.370081103595894 0.0970444011355177 0.143094885503245 -0.0359979846273883
-0.264761517332517 0.215470796718031 0.288467465761419 -0.128198708511088
-0.207003917148451 0.216615985099126 0.301726217903035 -0.212083681789128
-0.160518431540467 0.208520381444042 0.291983195022506 -0.198736258230161
-0.209048547767479 0.168537677904353 0.313425353116233 -0.102355338649844
-0.234453847639645 0.0795084620914955 0.294517736570142 0.039092767846342
-0.296261037216779 -0.0160641373903273 0.112956561724484 0.171616052216035
-0.248385029876067 -0.176366411928577 -0.0823572644431061 0.127728042235275
-0.0701857896001022 -0.302555261639754 -0.235542746991506 0.0131572534859867
0.00621156457457201 -0.378612752800814 -0.0574145180095451 -0.18075091556676
0.119992133916375 -0.565682101967633 0.0491125133159371 -0.216251073386128
-0.0335877777421369 -0.596606258981836 0.292211709763836 0.214587025947961
-0.262913649574304 -0.464561917577302 0.475904962445606 -0.287702031503354
-0.405336805296013 -0.298562814657868 0.0276620952549567 -0.443782267436519
-0.481570450485216 -0.116679349103431 -0.14158870118985 -0.142145449116777
-0.468475324162213 0.0875172663309892 -7.59818608851481E-05 -0.000296232612882429
-0.370582928761391 0.253038075866294 0.155747884020403 -0.0475768571860197
-0.304987006954081 0.262668575977502 0.196684642088319 -0.107247493205266
-0.253791797835854 0.268689610574545 0.213220158675281 -0.108819376853718
-0.325402615188778 0.219515364762232 0.267732306896397 -0.0454913118082714
-0.346836971013272 0.093632270399398 0.277445006010768 0.0641393936778266
-0.398756539198336 -0.0132725589118707 0.119997847234117 0.199099725096059
-0.376007138206644 -0.200611152979873 -0.0804047930437096 0.161486072760126
-0.191734847916807 -0.419367138634349 -0.226440701685129 0.0626088277541289
-0.038686242206369 -0.565155381882092 -0.0731754767026796 -0.0367936661514258
0.117173525535889 -0.610483873939792 0.0238753434438864 -0.0014378643890537
-0.0862879338119422 -0.594386226608847 0.327160858258825 0.292097902943969
-0.296588066945995 -0.391380973911468 0.423026033961132 -0.286373294576876
-0.359931594533564 -0.22886286282285 -0.0329277511270914 -0.433936406675301
-0.437756869184674 -0.118111145792476 -0.240630883522145 -0.143415003423607
-0.472019794876332 0.0748792111519577 -0.141894503595876 0.0354035440967786
-0.408733017513134 0.250915868529824 0.00335181371956543 0.0354855347173666
-0.360208483452536 0.268808618359272 0.0642207632901472 0.0143312955691215
-0.32386458483627 0.288468204969849 0.106023262892379 0.00963025927878373
-0.415840019128204 0.232517921460507 0.184148259211894 0.0440433672226678
-0.428154600830238 0.0823178099847216 0.216449394175304 0.111166116261998
-0.460231301877704 -0.0240849219370209 0.100041747043092 0.232566858786148
-0.459335820529595 -0.215542245207806 -0.0826470141559858 0.199214549466746
-0.281453858728408 -0.50000350135671 -0.203235974074455 0.117967614662374
-0.0628054128645513 -0.687227220657707 -0.0700955672604499 0.132842322741004
0.0809138236695753 -0.561291868657476 0.000202172051828066 0.185837308405334
-0.138620516854855 -0.471961740580992 0.339995021385304 0.301857295535759
-0.265629612076654 -0.231174483593048 0.319944145041656 -0.26278203795663
-0.232731351303719 -0.128022092839916 -0.0826785264944166 -0.369394818071724
-0.318954971249169 -0.104356567088806 -0.291622372198272 -0.120632312055897
-0.39943716306858 0.0548283698813171 -0.247889827751244 0.0697332158060428
-0.381744627546895 0.216185512250551 -0.139005036927901 0.114758889655787
-0.363555863735574 0.234262959301475 -0.0782426719189132 0.134650898847351
-0.354656081306921 0.255366218552562 -0.0235619016564996 0.132646880382724
-0.44640291511726 0.187274847656571 0.0611110653234888 0.138519263867657
-0.43068508581004 0.0260374639548643 0.107827062427541 0.162013025906689
-0.42896679472682 -0.0598559850858268 0.0466300467204815 0.262664572764479
-0.457485046052957 -0.215358766134635 -0.0991819586812295 0.234751408770168
-0.306490107599899 -0.523201820389078 -0.183097249201188 0.170577571119094
-0.0555488806503871 -0.711228967769507 -0.0629918537997941 0.305758740392229
0.0296502921112141 -0.436747284399175 -0.0124944680417913 0.318264488196133
-0.162578542997835 -0.29173862351836 0.323629332529288 0.255703531760361
-0.186659402951357 -0.0690912768646147 0.207110279494503 -0.218982282237354
-0.0866339171224238 -0.0513569809269503 -0.0981744543086082 -0.277540224155676
-0.180620740713892 -0.0935497181612156 -0.294857554656004 -0.0926680567844709
-0.286771719179689 0.027082985719088 -0.309029787530861 0.0956761014459488
-0.30717940397411 0.151553187453658 -0.252480040832728 0.181689661364535
-0.312200972915661 0.164304245374137 -0.208241756610244 0.237020326684633
-0.325240898036363 0.171702779770074 -0.163813362297222 0.232951244180253
-0.389400234336059 0.0878008103365954 -0.0879651145153824 0.20230281601063
-0.3273205647064 -0.0498171025708327 -0.0244685116701001 0.18170902013211
-0.293540879027326 -0.0814052390986377 -0.0282139570620262 0.27256229181122
-0.368306153278169 -0.178709056499182 -0.135928430524443 0.26147243400909
-0.257927341363754 -0.463871734214981 -0.187917164696766 0.20007977264252
-0.0196489694498398 -0.620243108174077 -0.0652789326713307 0.451045492356844
-0.00881126487595203 -0.269376005557973 -0.0124600211472615 0.391410271381949
-0.151450630510101 -0.115502811011352 0.297925731437019 0.192015632293872
-0.0884374685892129 0.042562698322378 0.128764849095295 -0.169456299964585
0.0297334807023731 -0.0128189123959422 -0.0843490611411755 -0.204998215812558
-0.0641648407659284 -0.0868580345278051 -0.279726896335667 -0.0757720891110066
-0.16546508505677 -0.0087111628852257 -0.336913567000327 0.110003768275748
-0.202040572206656 0.066248982012126 -0.327145657163303 0.230782577820554
-0.211581705016185 0.0699138171384087 -0.307863257840957 0.3045531985403
-0.229113923507291 0.0581013073259487 -0.288518376794804 0.287137281484791
-0.237833595191224 -0.0187005620407194 -0.224496874685838 0.211148403462969
-0.140083503270841 -0.0877507945179304 -0.134256727754485 0.157150712060442
-0.101252546029835 -0.0400483486160702 -0.0902000670191719 0.262010040020314
-0.232272100041263 -0.0836522384037397 -0.194983050728605 0.279579239381403
-0.172282063195335 -0.311001384760189 -0.222242430934606 0.185553438402758
0.00784396827439587 -0.41625752048043 -0.0778243192021963 0.53747148287568
0.0248933545272938 0.0731068131480601 -0.0108553337487388 -0.540926932366455
0.11867971603895 0.0279628628577972 0.166932146023009 -0.120673222404844
0.0614541868361197 -0.0986809976616088 0.279431639735344 -0.273255973264557
-0.094702402376394 -0.0756115781915713 0.051869661510909 -0.264357669059559
-0.0723366000578773 0.0586329419940536 0.101746541395991 -0.104280859620811
0.0178370849856754 0.059711131342046 0.265429146799327 -0.132500308287192
0.0587878070767635 0.0341069551541759 0.358746388537743 -0.251860683105829
0.0601475970654137 0.0350478852099506 0.339996123981637 -0.323713354976062
0.060050343508125 0.0338344336576162 0.326051081476497 -0.270558560893413
0.0387494532376793 0.0581663748011269 0.313128982873168 -0.142859402689768
-0.0215045224790337 0.074191341870419 0.265250479760585 0.0165423179963436
-0.113572462594507 0.00311077343483066 0.104579050430563 0.140285956979852
-0.0257845083571127 -0.0991399808297638 -0.0737200627321479 0.118127827601667
0.103029977569176 -0.0291094775443864 -0.225423432313057 -0.0443870145733483
0.0498490972703781 0.0638546702987127 0.00756740867009342 -0.341780637620434
0.0370642855045923 -0.181256786474 0.0243161453207332 -0.515203022236868
0.0480973343663811 -0.216191568390418 0.205185525397528 -0.0371433878099212
-0.0664991365994776 -0.253869033405041 0.365438106346424 -0.284265982531808
-0.239858165197432 -0.182178972500461 0.0573196474686635 -0.317628382503676
-0.262482770484816 0.00297791860070102 0.0599956087797036 -0.0980353273418207
-0.183076079912378 0.0969096377504394 0.235794461529771 -0.0852195917074225
-0.101356383403369 0.140630086111877 0.350563850403838 -0.208655782689926
-0.07003826812368 0.135295677214865 0.336561662617078 -0.292258747307691
-0.0464521405283773 0.122296654879991 0.315581510581602 -0.256709521158656
-0.0782310847851144 0.108782705780407 0.315353860922131 -0.137680481761899
-0.116213491126712 0.069957532605201 0.277178440280941 0.0185616446420562
-0.189315777429403 -0.00643072362718974 0.105398942135964 0.146072516253766
-0.124118026039607 -0.133829420497541 -0.0752627569283553 0.112599290392587
0.0297386707988683 -0.16450332747277 -0.223583803545002 -0.0118415663805774
0.0357127301311427 -0.152604167257265 -0.0315284157454254 -0.279008961231542
0.0685532840900895 -0.403624210016801 0.0424821585597865 -0.394973889146483
-0.00302192623608237 -0.440427329164625 0.249877774212509 0.0770619845974066
-0.180116656856218 -0.388297603200935 0.429045365748527 -0.292329790719542
-0.351968623935859 -0.26405487985096 0.043732875611787 -0.380749229649613
-0.406745481269953 -0.0607018046909952 -0.0279687508212597 -0.113219997991572
-0.352733765744794 0.105631923373768 0.138646723104424 -0.0421355808588585
-0.24697705059194 0.217429646942348 0.272807266587415 -0.140207112207659
-0.19048038375384 0.216289641933082 0.281166016344215 -0.218631403067165
-0.146649205467656 0.206296834640259 0.272160543914068 -0.204416584055085
-0.194197881945574 0.169896406760036 0.298264762619602 -0.113760236899533
-0.223505620160048 0.0834422973295857 0.286996705049287 0.0236251651944898
-0.285333679342436 -0.00398424534511107 0.120577802618979 0.162852200612195
-0.242363338538427 -0.158955242054822 -0.0760318598189691 0.131391641168317
-0.0777367248018668 -0.290046640854271 -0.226331549687314 0.0247209153363715
-0.00654163890904445 -0.361958978363544 -0.0608795160966229 -0.176681741482184
0.0941281278799762 -0.545138062575632 0.0388288873386077 -0.206511977665415
-0.0506154574503944 -0.573250008694033 0.296301681826136 0.193236729468013
-0.26438636908066 -0.434449590735272 0.445013683955748 -0.297406398467185
-0.398725409368051 -0.274186328536487 0.00492287690203047 -0.423114108756707
-0.467711223753502 -0.0958066526032284 -0.139104118564985 -0.132185651749912
-0.447902557012814 0.101719090749194 0.00203212216718129 -0.00265060828628657
-0.346135091273644 0.258210585954414 0.146901150733865 -0.0576925551949575
-0.283925062683451 0.266225966449703 0.183766710462475 -0.113002973894658
-0.235187005427886 0.267975223504821 0.199800725846907 -0.114662994280975
-0.304703128378965 0.224664115951989 0.257283695583824 -0.0563326515916784
-0.332256749666088 0.101950795596112 0.271111110531505 0.0483576372242157
-0.38532798216467 0.00293228695983099 0.129401120282132 0.189048124518406
-0.365328338272114 -0.177684887158154 -0.0734157804869978 0.163948502783491
-0.19599753107618 -0.396609310348783 -0.217394497341535 0.070545739961495
-0.0557931305957909 -0.53880273518858 -0.0701304672616039 -0.0378171881811385
0.0888532409586595 -0.587468348666966 0.0218105577882334 0.00038921741400259
-0.100381613877956 -0.566888046223285 0.331400889869732 0.266714724986995
-0.294339730917529 -0.361735414357048 0.395681662722864 -0.29207739777549
-0.351381696491938 -0.210037989798896 -0.0517018649071723 -0.412890107149126
-0.427003650687294 -0.100125945356391 -0.234619766395762 -0.129124843671605
-0.453878274341062 0.090602605447061 -0.133226697347046 0.0367991376756356
-0.381851426557703 0.260015007815051 0.00319242839321426 0.0291306892565289
-0.338173131575711 0.276151386361233 0.0608477523411492 0.0097432871635042
-0.302693073659795 0.290219516079472 0.101703430299077 0.00379262329027963
-0.392520197444481 0.242699682726689 0.181126452423457 0.0320447838925361
-0.411868341040491 0.0954035908624172 0.213653241928172 0.097270415601267
-0.445978980710254 -0.00870921155247869 0.111965315713012 0.222582785193491
-0.446176025950817 -0.190379527489678 -0.0736651273052561 0.200829719536101
-0.28608290323431 -0.471367220327524 -0.195416687328102 0.123330941185269
-0.0852227552547074 -0.654024841307426 -0.0613910622008705 0.124934092558752
0.0542346593071657 -0.536879667814703 0.00643199546727837 0.180603533622074
-0.14727390949894 -0.446099083030691 0.341827664423063 0.275729141203834
-0.25804715797682 -0.208620457638365 0.296736408756766 -0.265684733769945
-0.226091151814469 -0.11757567457619 -0.0971198440687192 -0.349476480487728
-0.312692534791736 -0.0899463668628168 -0.283636993501882 -0.105252252043622
-0.383225884615513 0.0702669473644471 -0.233859106333921 0.0745750077671827
-0.358333342728187 0.226950441404741 -0.130100219752078 0.112102296764957
-0.342718353080938 0.244166168753573 -0.0709700757735293 0.131628633347125
-0.333118091358985 0.261127629731358 -0.0184106864757696 0.127464279336166
-0.423661295805815 0.200213795754698 0.0654053237233851 0.129109992851631
-0.416693396304892 0.0404926092011592 0.109769817231483 0.150830652422332
-0.416532204061508 -0.0445473087322804 0.0602583384521991 0.253247429868447
-0.443601938220204 -0.190606703569317 -0.0889503369978659 0.233725664415187
-0.309986046493326 -0.492644132715781 -0.175498630391589 0.17287754385351
-0.0807597579307657 -0.678281221146164 -0.0479494569594855 0.291483630186063
0.00929558550067975 -0.416095579589492 -0.000158458806754089 0.307199336619725
-0.165077908319327 -0.271373957720773 0.323697723261652 0.231837562021296
-0.175393287172197 -0.0565360608679882 0.18917605892 -0.217512579092695
-0.0837838796796047 -0.0491623116315212 -0.107948974698667 -0.261504841500786
-0.180948542063854 -0.0848504681302113 -0.286673651431076 -0.0781513389964245
-0.275141995561617 0.0395664337826751 -0.292108862977239 0.102670496472975
-0.288693830122996 0.162998204141693 -0.235862931881415 0.182778306204828
-0.295125899121371 0.175038546258581 -0.191556574014857 0.235769546535942
-0.308176147318754 0.180032281778126 -0.14916968894314 0.229931151931179
-0.373093797860047 0.102687998252361 -0.076509385903519 0.196680762792196
-0.321213519756961 -0.0372738982216136 -0.0183377551538474 0.176330018108676
-0.286972720359578 -0.0718975392834764 -0.0109560990546912 0.263158228744711
-0.355776758133447 -0.158552155762523 -0.122925084864281 0.259512749161281
-0.262245656913314 -0.436078008711964 -0.17895679380952 0.202037690756109
-0.0445970446352887 -0.591479127847854 -0.0454500335690378 0.431942235666201
-0.0219416999332009 -0.254433762576504 0.00295242189737352 0.378209514352457
-0.146709808053026 -0.102792204132038 0.294644429004475 0.172099575758239
-0.0783714012383879 0.0450461871302858 0.115347762593696 -0.167744947567697
0.0272646444476133 -0.016653957597699 -0.0914554860289487 -0.193837356704028
-0.0684952681091237 -0.0819203440530674 -0.272919941689144 -0.0607117004796847
-0.160040111789156 0.000841746018695026 -0.319633458630934 0.118895384493646
-0.191409020924767 0.0773880789393736 -0.305826920730471 0.235270351380824
-0.202569605248606 0.080168877663436 -0.284874164164965 0.306810211959977
-0.220017630215898 0.0678321446162636 -0.266003665276387 0.288360195861967
-0.231731250868883 -0.00579290052667094 -0.208671650270056 0.212088781726653
-0.141569182510651 -0.0810767919084483 -0.125003571016258 0.157350878985228
-0.099374515441542 -0.0394324925195344 -0.0730826126348832 0.254870510393685
-0.223339302182201 -0.0703355583430474 -0.176282503812785 0.276649552322768
-0.17553445394667 -0.291828577833613 -0.213314433852081 0.190630862666926
-0.0106646674135873 -0.396591130619213 -0.0546001882699993 0.51615337693285
0.0154341726099296 0.0750082727771282 0.0218763451551591 -0.517914123641772
0.112611632705539 0.0293453726700331 0.17184472200123 -0.115659054635827
0.0591504594350923 -0.0943370618288043 0.2744603985908 -0.253252567681204
-0.090212349555774 -0.0729569354951942 0.0527756607727762 -0.246186029564487
-0.0701360135440286 0.0537669548413649 0.100954880757017 -0.0867586381929253
0.0144305588932541 0.0547209462734542 0.260937702446159 -0.115878855898947
0.0585075370597589 0.0312307919727431 0.355311044812643 -0.235373455680113
0.0601728820104626 0.0344411816661101 0.335743506347554 -0.304813071851433
0.0608100535869883 0.0311399233865436 0.322296269864716 -0.253219964934518
0.0386278404530973 0.0543838211504207 0.30472008487691 -0.130360299972517
-0.0196269171303734 0.0696577244710637 0.251853980328178 0.0234205627881634
-0.106066619335446 0.00340952617195758 0.0940684135618326 0.135689902803826
-0.0230928289152251 -0.0949390892780452 -0.072854661484758 0.110689389445665
0.0965624821875151 -0.0293706146646154 -0.210579643179816 -0.0452393031591641
0.0453165622283522 0.0581879311994942 0.023500837466042 -0.327404557976713
0.0442549617708899 -0.173372580035123 0.0445299111565896 -0.495285883864662
0.060581232651489 -0.211607427445359 0.198760115154841 -0.0297853257024414
-0.0537589033603557 -0.254541632293678 0.350746417534757 -0.254493766010646
-0.222743256728687 -0.184357570690056 0.051500058749973 -0.294860476345654
-0.250728238643542 -0.0105782121727081 0.0550513025364954 -0.0779402578236505
-0.181372433310622 0.0824912890123568 0.230075706715844 -0.0674329994802862
-0.102066884578264 0.127824309779566 0.344397741520265 -0.189301034587112
-0.0736949896004944 0.12753766080971 0.32989634231433 -0.274861464276753
-0.0472534048014164 0.114216663392501 0.30852768932512 -0.239883121041233
-0.0770124787233803 0.10147964688647 0.30455452423288 -0.128013790620313
-0.11328670331901 0.0626207925300397 0.263197703581511 0.0220732740144513
-0.178353756589075 -0.00915577481921037 0.0929891422789114 0.139152568065691
-0.115586752907855 -0.131380311283959 -0.0751574519277135 0.103241306732985
0.0305308848338489 -0.161732077738043 -0.207768996336644 -0.0174614570069693
0.0359951064888858 -0.149145162315328 -0.0106138300030062 -0.270911611724466
0.090239802672544 -0.388364250503095 0.0467062391079726 -0.382810227277977
0.0249644420057284 -0.43255336348825 0.23144589975455 0.0851838677222974
-0.153250812814556 -0.392310681040814 0.405714863066038 -0.255160732841701
-0.324726270917685 -0.268581288950295 0.0361069469092732 -0.354816871965447
-0.386652460850474 -0.0804400684637325 -0.0338833176471642 -0.0945276190657634
-0.347063006853537 0.0842688205928152 0.132795416642172 -0.026907187503648
-0.247124924146159 0.19651901839234 0.266111815958824 -0.122420788120452
-0.19665009268377 0.203296129502617 0.272956522904503 -0.202926945862729
-0.148803127223045 0.193190178374865 0.263982203630013 -0.192297385155441
-0.193574490542029 0.15894802788324 0.287039031881268 -0.106181440118289
-0.220616823194198 0.0725519369343473 0.27025770954618 0.0240089466099397
-0.270679612484162 -0.0107942701348325 0.103852479537011 0.153257778797069
-0.228246647879293 -0.16068589399432 -0.0786865860034338 0.11805057038414
-0.0682829160759414 -0.285486743540734 -0.210326728021625 0.0131564193028114
0.000546051750477033 -0.348756736044494 -0.0378633771691147 -0.177780256798321
0.125459110672421 -0.525943432155662 0.0268772020306545 -0.204979063320259
-0.011462160265771 -0.563658996880531 0.266644481543551 0.200530046330984
-0.229784054971976 -0.440877444327789 0.421111775407912 -0.25490290010254
-0.36882544505619 -0.283909688712263 -0.000250798931876291 -0.397460690761024
-0.444534431065288 -0.115794285054432 -0.142166923606219 -0.115972336138406
-0.438959374219582 0.0780374792976125 -0.000529371973476626 0.00712985132576993
-0.346051403023889 0.234275869667096 0.141153093031327 -0.0439741450927258
-0.29107599044539 0.249744536005008 0.175595677772783 -0.10309620191273
-0.238748680796505 0.25217719067394 0.190684979115924 -0.108668935547813
-0.304315761510825 0.210483296716102 0.244099162073709 -0.0547601250778137
-0.330336082129684 0.0873173756782715 0.253220154795431 0.0439216331508939
-0.368091202799723 -0.00868543437167663 0.108744716215214 0.175778763738021
-0.345986314074538 -0.183942072585681 -0.0798320038915311 0.14627646849889
-0.179001680837981 -0.391768904421522 -0.203208675680501 0.0535449586418316
-0.042904362153341 -0.518029536621174 -0.0491078368103645 -0.0492332814774514
0.124970696199579 -0.566550495595577 -0.00176391281964385 -0.00679704798980038
-0.0609809235671979 -0.560002960984126 0.296332686293995 0.274943702622343
-0.260581479180615 -0.369684159733986 0.374556246221291 -0.251390521133878
-0.325649294149032 -0.220352762672186 -0.0521689226178549 -0.389244993878919
-0.405909079380838 -0.117029162177916 -0.233161760592528 -0.119090024278758
-0.443649723549416 0.0685313240529316 -0.131783367475354 0.0396467837315737
-0.381033566603871 0.236463374570457 -0.000786741267670062 0.0356276361259045
-0.3450165183477 0.258079616953872 0.053473849067342 0.012423286574642
-0.308011082803188 0.272571381979427 0.0926826722868532 0.00255280931378021
-0.39010157881523 0.228338773571301 0.166731958269999 0.0282408700596223
-0.409862124769014 0.0783501335608257 0.194402033144309 0.086904588017538
-0.426206370154949 -0.0224172302881835 0.08889212924654 0.205303153199538
-0.423317968521209 -0.199112917897859 -0.0839886966697309 0.178898377558966
-0.261392970467652 -0.465302077244046 -0.183816038408116 0.101917923314252
-0.0684783662749616 -0.629143771693823 -0.0469094962176425 0.104828268878569
0.0874925670150786 -0.519989787184308 -0.0249240854868077 0.166702769501083
-0.112799289351073 -0.442817610093128 0.308326279392478 0.284658976040662
-0.234622552643087 -0.217826212509774 0.285103853658757 -0.229962488933485
-0.210379657752205 -0.125321081905567 -0.0911338545981958 -0.3316619339032
-0.29714151411419 -0.101310050573305 -0.278559035719004 -0.101551991547597
-0.373519867255855 0.0536985017576766 -0.229122314202868 0.0704481866269851
-0.357625749971363 0.206935081489124 -0.132147812890669 0.111251468415961
-0.349598395463884 0.228195021693686 -0.0754494740864578 0.127423743763745
-0.337750961198514 0.245128889822503 -0.026093596664124 0.11907210243629
-0.42156216249505 0.185727060214068 0.0527238190831666 0.11831401129108
-0.412857658737985 0.0247661996055681 0.0941527589186861 0.135556862504013
-0.398612711199523 -0.0574252901818335 0.0400812210054657 0.231841684910516
-0.420464190740259 -0.200003508790723 -0.0996523023997226 0.208217537789338
-0.284902976610449 -0.484152558574778 -0.167372030073038 0.149542483061344
-0.0635252693523385 -0.650605415354514 -0.0430028300506006 0.264035746285037
0.035076024820412 -0.405107491747539 -0.0324791630805608 0.291599067414571
-0.141564240119201 -0.273700988944887 0.295885403441543 0.240562312199852
-0.164116695123462 -0.0646690747107858 0.187198738028279 -0.191901557418716
-0.0782266380365296 -0.0528104390837657 -0.0991846753889271 -0.252119803599455
-0.171387915041703 -0.0884997277592737 -0.279184782035146 -0.0800649014381941
-0.267264249105934 0.0306420189382716 -0.284091421618389 0.0928903657867089
-0.287058730002702 0.150151125894716 -0.235571011821308 0.175623042324236
-0.30034081586749 0.163381398844352 -0.194275171314508 0.225135169048084
-0.310991907608129 0.169295381019459 -0.153450658257754 0.215115715923326
-0.370675254717073 0.0934012929102906 -0.084053168113699 0.181694004819929
-0.317854499526586 -0.0479311736275172 -0.0262406822191435 0.158142305128573
-0.273089579800628 -0.0791899701617728 -0.0247207477155975 0.24098089528971
-0.337494323028508 -0.163410858982539 -0.13123580524257 0.232846738382604
-0.239442039691425 -0.428300066260114 -0.174625102979907 0.179666324060595
-0.0312616613623233 -0.567368137783627 -0.050602583064326 0.400221728883845
-0.00472501011717713 -0.24922796643206 -0.0258300488633836 0.36205379505926
-0.135358223657737 -0.10963560112611 0.274451371152297 0.18088368192402
-0.0764081236736261 0.0381953714050772 0.118364189384369 -0.150985322991402
0.0248776445899521 -0.0160974822009762 -0.0824418590830284 -0.190908715193569
-0.0637268171968595 -0.0793747470431226 -0.263703443266499 -0.0669100041164522
-0.153968770099891 -0.00120981684892132 -0.311249551719906 0.104388729832093
-0.189661859793453 0.0730221292334086 -0.303748696403291 0.222298745416474
-0.204094551059897 0.0747530106214163 -0.284167671369433 0.289415094519581
-0.221866940592181 0.0640010707750614 -0.266018876664521 0.270225184501135
-0.230061367743139 -0.00844349378013483 -0.208562930931754 0.195371012123137
-0.140654272454309 -0.0847353414344683 -0.125524396460217 0.142230903212551
-0.0941545140591915 -0.0410880665078575 -0.0784127901771626 0.235686388909726
-0.213143341294565 -0.0712730271020439 -0.18166355355158 0.250140173149518
-0.162844677424415 -0.284824467096644 -0.210919902399726 0.170212014232382
-0.00344078836035707 -0.376211781345238 -0.0686105062547157 0.481128764613871
0.0159960678778156 0.0729748769350883 0.0286609284863202 -0.508016409618424
0.112467991568612 0.026448759440574 0.177160498900727 -0.115345907511167
0.0572779252033363 -0.0933430064650781 0.273505801800493 -0.249897051840131
-0.0888695144268864 -0.069202224352821 0.0517848321735812 -0.236931555685708
-0.0663709460759223 0.0533521070528815 0.101770672855319 -0.0802350901630077
0.0155031551567496 0.0533678192459964 0.2606819603098 -0.111936898307667
0.0574911337925335 0.0294047726042622 0.353465555300689 -0.233385087831408
0.0609939836638453 0.0314939280592698 0.333042543387134 -0.300315079650458
0.0603630374504652 0.0302517548712027 0.319929146381023 -0.2479531754104
0.0384756683235059 0.0524824750205746 0.302094882670485 -0.126843218146589
-0.0178063422215391 0.0671703081301915 0.249821201976361 0.0238415188067775
-0.103909490057843 0.00509781757160965 0.0939263732651371 0.135455260220393
-0.0224493310089406 -0.0931264702957463 -0.0727437281639425 0.112291017074441
0.0944115733539832 -0.0311463103112364 -0.205423618166139 -0.0437868781370566
0.0452130534354467 0.0565858832041932 0.0253159880395161 -0.326853254900573
0.0473829542854028 -0.170284931759583 0.0506643370883792 -0.485165495868372
0.0642962782002285 -0.212303011173053 0.204055205938428 -0.0306069358311303
-0.0498057885180663 -0.252478936959098 0.348967114664108 -0.25138097482628
-0.218308416638266 -0.183677978537534 0.0519507622299303 -0.285044794057318
-0.245937518505999 -0.0133019327147169 0.056452786905885 -0.0725068664442119
-0.179947101682134 0.0792391207509908 0.230136673399639 -0.0642525087512277
-0.102420709074085 0.123785850835507 0.342105815525811 -0.18819741269414
-0.0725897659723859 0.12405193671254 0.327425037987084 -0.271067892655252
-0.0481199156509806 0.111569737599981 0.306680090748513 -0.236387012249836
-0.0772139861886686 0.0981005730437749 0.303551203361198 -0.125783352552013
-0.112183701035445 0.0590531212867262 0.261018799034048 0.0226586085316714
-0.175436262645218 -0.00907178811204419 0.0944987431055838 0.139011825729644
-0.111524534422706 -0.130201376820586 -0.0752465496114012 0.105852112723451
0.0316301631015754 -0.160896608163427 -0.203763662974047 -0.0156607046191173
0.0392416236464018 -0.146542336358079 -0.00819976157843074 -0.271167643022829
0.0956040266333958 -0.380341841989913 0.0499511048881041 -0.373352518059471
0.033624826946386 -0.429889337219347 0.235941080553934 0.0837614373997066
-0.143636688875557 -0.388294292056542 0.40507039437318 -0.250651684122025
-0.316237636909256 -0.271604005511388 0.0362755258014574 -0.343722522601228
-0.380610091297845 -0.0853344361586366 -0.0305995688654031 -0.0919016608362987
-0.344860981160882 0.0802212800244965 0.13436088945708 -0.0259824887376199
-0.245684570675465 0.191695069336248 0.263246803955288 -0.122386183973086
-0.195979115576107 0.19913385749422 0.271251986665081 -0.201259376775823
-0.150961808914704 0.188242225175199 0.262540079081369 -0.188506633780181
-0.193289546031386 0.15533717920231 0.286118213064272 -0.104990208803804
-0.2197455007307 0.067797630514107 0.268860047384353 0.0247207785206912
-0.266693572020261 -0.0120003378179479 0.107159428136086 0.153688838987264
-0.221520224995859 -0.160040709600405 -0.0792795602427416 0.122023426397799
-0.0634814693365805 -0.283682998766435 -0.207261895455769 0.0139731599327171
0.00561241837191102 -0.342840031565409 -0.034976614101487 -0.180408342482099
0.130474884985366 -0.515154917961819 0.0284873297727717 -0.198890602899332
-0.00138829323254889 -0.557009174055905 0.268054865502275 0.198871572007861
-0.218287492064253 -0.436571314367501 0.419664503550767 -0.25241212910617
-0.359349179271455 -0.286759874359219 0.000935983444656626 -0.387641965702959
-0.438801585421511 -0.121346704957356 -0.138123646670139 -0.115470660048282
-0.435393423728216 0.0744504440887878 0.00118622065974663 0.00561447890708746
-0.344715008774607 0.228111331788933 0.139028592890274 -0.0469482345846405
-0.291128015303005 0.245163667795714 0.174811991516985 -0.103041632616024
-0.241311706575221 0.246052567269334 0.189396625915789 -0.105820169792017
-0.303376047299292 0.205896303403519 0.243387433893607 -0.0540789509279363
-0.329873607143747 0.0814310053537297 0.25178155685816 0.044636147018386
-0.3642547419105 -0.0130267254577478 0.111947319268523 0.175959954490079
-0.337717281754736 -0.186347648009282 -0.0808389094832645 0.15080062312073
-0.171242275384277 -0.39009487986703 -0.202344411762793 0.0532373041989444
-0.0349695014223241 -0.508972660915501 -0.0477007812742991 -0.0539660315042224
0.129068355806328 -0.554123387473757 -0.00303311296516239 -0.00445154502067155
-0.0506545644854727 -0.551701431360689 0.295097137081433 0.272283559717609
-0.246943410300956 -0.36536797844954 0.374177389244297 -0.247691100643244
-0.316335287854108 -0.224239607761064 -0.0501382252036575 -0.382118962412355
-0.401309240300127 -0.123185947081442 -0.227858531093741 -0.120117739464387
-0.438636309490155 0.0655467203754841 -0.129746577351885 0.0356073402003266
-0.379022230205044 0.231442644830113 -0.00240777981825928 0.0309592727162058
-0.344617022016404 0.254504787882187 0.0532854775371724 0.0101920527153807
-0.308652836670289 0.267588544275574 0.0909819962922823 0.00280928073305072
-0.389197093929662 0.223438401358846 0.165796214840158 0.0266213022957034
-0.409098272497722 0.0712255735188211 0.193405655335455 0.0868253530257721
-0.424154464841745 -0.0273315352733685 0.0920801097863747 0.204764755407194
-0.413174227589693 -0.203112233839974 -0.0852136918125716 0.182720175846398
-0.251275262451225 -0.464020140442849 -0.185689549685628 0.101462895596203
-0.0582815783711561 -0.618881723695845 -0.0471339993724046 0.097925531767096
0.0915431713131807 -0.506406448462097 -0.0278690130542874 0.166415932315435
-0.103535726816665 -0.435433081014855 0.305834138554962 0.281726528190004
-0.222868822541601 -0.214373327782103 0.28494747192511 -0.226906070538996
-0.204070066805389 -0.12957311478942 -0.0896285073135595 -0.326405461701643
-0.295876761237097 -0.105337777307927 -0.273643336458849 -0.104330465278275
-0.370832046915761 0.0512999095884389 -0.226762352836753 0.0646924589208626
-0.354117279141541 0.204402336749469 -0.132746362543819 0.106108487584449
-0.347578870641993 0.226742720277231 -0.0762889213686851 0.123394720365959
-0.338100147065572 0.240453171760189 -0.0272735269236392 0.117177791197775
-0.419629859544503 0.182259947287449 0.0515209913999797 0.115339604254768
-0.413228599578416 0.0191917547097432 0.092899779288439 0.134985043531293
-0.395432073720594 -0.0644660571518549 0.0423296920948505 0.230354763563875
-0.410328761645495 -0.20389147497957 -0.101854715305504 0.210478832717833
-0.271715422787263 -0.4816878584892 -0.171841488194048 0.1481042418521
-0.0536966922693431 -0.639200593596402 -0.0456436763699102 0.25484656713761
0.0383005215023486 -0.393660754988389 -0.0362671597082512 0.288038827773275
-0.134263165323945 -0.269005277883116 0.292119349576794 0.238340598894146
-0.155469824310888 -0.0636852825437381 0.186477485767449 -0.188629748427773
-0.0758914994955942 -0.0565611189894713 -0.0980576150043233 -0.248850827741618
-0.171992108500521 -0.0904947488429147 -0.275710608299738 -0.0821412799691918
-0.26514984170815 0.0296052173353451 -0.281672691280191 0.0880640594169917
-0.283568319752462 0.150523942788445 -0.235547897319958 0.170031187717801
-0.299187332582965 0.163994137694334 -0.19312453486024 0.219800316509999
-0.311968812943813 0.167353206200388 -0.153768088277747 0.21105123219962
-0.36838967491205 0.0914923183152184 -0.0850222461920762 0.177507149313369
-0.317613653927715 -0.0522995708663393 -0.0280183063547937 0.156808600697495
-0.270187091347311 -0.0852761319313508 -0.0226819896429562 0.237538759752436
-0.327487189448186 -0.1651622435392 -0.133442916363277 0.231811612747346
-0.229586223481076 -0.424809927975039 -0.179687943992959 0.178054526546807
-0.0254111925641372 -0.555535617122747 -0.0548566392047023 0.389766997045587
-0.00452569539402507 -0.242263933800254 -0.0293243727330325 0.35745792545998
-0.130382947487413 -0.107067094775371 0.27046617097544 0.178748245303926
-0.0716728798786912 0.0369341185278083 0.117617275392337 -0.14847847618046
0.0248079082929355 -0.0185435297116954 -0.0820977246909189 -0.189033517862267
-0.0662913995063984 -0.0793894164336188 -0.261205701451433 -0.0677549462043802
-0.152138844979466 0.000159385518507997 -0.308966689059765 0.100542935520576
-0.185883067605281 0.0748815951618579 -0.302453566458967 0.217815307173532
-0.203924365586675 0.0771172658384394 -0.280946956489625 0.2842878180981
-0.221645891204377 0.0645469451920767 -0.265404736887688 0.264742161965734
-0.229019827136695 -0.00843487116095988 -0.209101743381535 0.191600262093483
-0.140922330429619 -0.0869313831342827 -0.127083024049404 0.139908031021794
-0.0924828131063298 -0.04621222504781 -0.0764792832306591 0.230407967754322
-0.206013512008918 -0.0715868804698122 -0.182496144529725 0.246731447444233
-0.156064384711235 -0.281948254475224 -0.215562894833128 0.168904623178764
-0.0014268608908086 -0.368891561279336 -0.0738678834544963 0.470716704975053
0.0167206954820099 0.0732334279006026 0.0363035868674187 -0.511228914123949
0.114839598878002 0.0239045063745004 0.187068497215734 -0.119301931678072
0.0566185109404136 -0.0944879338357319 0.279178529414021 -0.25413188053608
-0.0902485058295619 -0.0680228031296534 0.0536493936587637 -0.234897093197465
-0.0641295076287761 0.0548396782799339 0.10623708423903 -0.0756334050423908
0.016940927719083 0.0532216532864166 0.269258218635033 -0.111367216236915
0.058187957547912 0.0279581784756368 0.359613370143399 -0.238511167983248
0.0633629520128087 0.0289444115750955 0.34004788375698 -0.305749216246255
0.0620357585766701 0.0293449367659842 0.326649088345998 -0.250525571566308
0.0396272411205617 0.0520541459407381 0.308642529323121 -0.127922238180588
-0.0174744857049884 0.0667491950985204 0.254854543293725 0.0260485015139628
-0.105082255673187 0.00691535824890266 0.097847061867569 0.13861978457197
-0.0233133128792748 -0.0937890674046635 -0.0737024833050214 0.118101165000144
0.0950144028549295 -0.0337377824772427 -0.205711220059955 -0.0418301856635515
0.0464943099233186 0.0560690295053654 0.0266930694065468 -0.334817048954532
0.0513447941490243 -0.172636467267935 0.0579290621913248 -0.487169983077868
0.0698879941559429 -0.219189337940951 0.215947616686895 -0.032095457328736
-0.0478899478510616 -0.256686485680552 0.356967452270536 -0.255772819307709
-0.220601160607784 -0.188156858060774 0.0523707121632251 -0.283434704818995
-0.247751894578088 -0.0162132138352022 0.06026213709701 -0.0700153316032513
-0.183241187397825 0.0782673235849857 0.237623386189643 -0.0644171576483298
-0.104754274338378 0.123079881150531 0.348928012399565 -0.192758707289887
-0.0741678294800388 0.123321958688872 0.333907542647103 -0.276291630186573
-0.0502758244448139 0.111073797007626 0.313360558589356 -0.238132005933078
-0.0782984345202444 0.0982988345428093 0.309727477623539 -0.127425599003752
-0.114359479659748 0.0573819911114804 0.266703146200156 0.023944015702201
-0.176475008120357 -0.00893567675021382 0.0990201787355753 0.142894532957864
-0.111783483192738 -0.132112859022936 -0.0765764429159277 0.112786004505435
0.0334210332532586 -0.165371541392694 -0.205072727862281 -0.0142894871283515
0.0420086182652035 -0.148366642756529 -0.00635032094832414 -0.278952067243983
0.102247419334168 -0.383725700038761 0.0554403174977335 -0.374561754325966
0.040428890893475 -0.440062722314307 0.246626115220959 0.0849084291345085
-0.138720998722394 -0.39438641118607 0.41539123666461 -0.257298036059305
-0.317941289478388 -0.280080755906596 0.0386425858350832 -0.34428840044093
-0.386066196160739 -0.090642787881288 -0.0282750455271421 -0.0916640719630744
-0.350914225930405 0.078312306635244 0.139885970940247 -0.0266166306634627
-0.252382633777506 0.192172882708492 0.26837208551933 -0.126898171636252
-0.200614992431911 0.200401859352141 0.277064602792184 -0.206080210089979
-0.156026181494521 0.189170780514672 0.26842423121763 -0.190755778258085
-0.197500716235165 0.155897716879394 0.29355081656277 -0.107122797066287
-0.225011466439531 0.0659214328289306 0.275534221769681 0.0255991897276335
-0.270941378244262 -0.0135484712265486 0.112338652513923 0.15830427379573
-0.221860019977672 -0.164573275346446 -0.0802974282427486 0.129249329296283
-0.0604322169991912 -0.289895978846681 -0.210778742125544 0.0157695627161492
0.0112839721163369 -0.346459235669565 -0.034421038093108 -0.187035990581935
0.138048040323181 -0.518696769224127 0.0296871254142047 -0.197435745164131
0.00605604899065995 -0.568114492448549 0.27753579712837 0.201866929081956
-0.211720830290057 -0.444242730693962 0.429697770253105 -0.256715082919891
-0.358896927269081 -0.298149666072162 0.00240943202903516 -0.389410632002443
-0.447230995077698 -0.129725948822165 -0.137657228277604 -0.117604136023591
-0.445044987717321 0.0719897887153842 0.00318722645270743 0.00383473693012993
-0.351811720549648 0.229661414864014 0.140537755328407 -0.0505905075276148
-0.297661440887345 0.24926821417303 0.17839896769338 -0.107167369294953
-0.24844609669656 0.247567214613669 0.193309558847551 -0.106702438287882
-0.310874992215215 0.207767795580415 0.250036830919768 -0.0560339714158858
-0.338408005280784 0.0788626805980033 0.258289734660364 0.0454575462859018
-0.370160868764497 -0.0163573638828182 0.118440082344437 0.181399782315318
-0.338445730644836 -0.192626857718135 -0.0827810580402577 0.159938138115528
-0.166970450636916 -0.398784459841722 -0.207902600695416 0.055594147901635
-0.0299370412116594 -0.515268492319952 -0.047786249487016 -0.0594128668211672
0.137335751060325 -0.557007750837555 -0.00473059713440904 -0.00073262927654355
-0.0454402582557209 -0.561381567214248 0.303820902401555 0.275596242605662
-0.240422037202766 -0.371236712066946 0.382394302877532 -0.252068332248551
-0.316502487265988 -0.234939080621828 -0.0495484271355792 -0.385413162545967
-0.409877677423809 -0.129995270861959 -0.229193680609952 -0.124241354295153
-0.448912175782991 0.0625730960410735 -0.131075545650269 0.0334250713209359
-0.386621593854602 0.233634440287598 -0.00413827100421378 0.027582449173995
-0.353155927645448 0.259548247838948 0.0538486848388803 0.00824926704400125
-0.318259629305888 0.270842011847041 0.0925426648902351 0.00322785832245933
-0.398151014530244 0.226065244129549 0.169751425234719 0.0258696874132464
-0.420815093650623 0.0668360858990417 0.198020978095627 0.0899763447655327
-0.432463520930168 -0.0346188716458655 0.0976767574330082 0.209920000622654
-0.415613210265625 -0.211400997198996 -0.0883066751189461 0.192041213344015
-0.24675684478577 -0.473796874636556 -0.193325301403055 0.103593832912894
-0.0532467454769913 -0.625447867696897 -0.04922138271011 0.0939959723414866
0.0970760669903068 -0.509128261735461 -0.0320336311489135 0.170312372402577
-0.0989476621875865 -0.440955331484234 0.311287669410413 0.286193819115908
-0.217258996616968 -0.217518335802592 0.291652422418536 -0.231730602431055
-0.203787374498407 -0.137446875058264 -0.0897016540816361 -0.330162979713269
-0.303106231832208 -0.112258385087306 -0.276630776376619 -0.107790803639269
-0.378908941087097 0.0512599937302307 -0.230678542101969 0.0625925424162712
-0.360669310217375 0.208406619137517 -0.137281746017432 0.103738792188657
-0.356280210357643 0.232228617764875 -0.0771991089505502 0.122764037270099
-0.348631050914288 0.243694888297949 -0.0288090760893694 0.118316367917679
-0.429761156611414 0.184030823303871 0.0525689686124703 0.115865886275554
-0.42512192371163 0.014449647934391 0.095001300191667 0.13827604509478
-0.403267286256325 -0.072008969972425 0.0462799614930231 0.234364387932475
-0.409851652529211 -0.211335784759514 -0.106436420154083 0.21984705259212
-0.268259279354146 -0.493745206746372 -0.180714369235482 0.152055603063222
-0.0481314679114534 -0.645238599495876 -0.048806229910688 0.253337192843681
0.0406289300277349 -0.394906309005591 -0.0418859847121013 0.292539397323071
-0.132639944697288 -0.272117122775932 0.296922492687656 0.241989842999267
-0.151340053332414 -0.064303001684975 0.191141278773002 -0.192667006731298
-0.0757385733184969 -0.0615293841258591 -0.100078334751098 -0.251881913898554
-0.17808448203083 -0.094707151703307 -0.279721861120984 -0.0850957806057487
-0.270606051774705 0.0313977705634354 -0.287149809684791 0.0858121083715537
-0.287564660367113 0.154070394332907 -0.241178491470321 0.169769047173472
-0.305677565841 0.169295325881593 -0.196567475642675 0.221210463781165
-0.320514257908289 0.170715117918389 -0.158296578310412 0.212993080706791
-0.37724360658783 0.0931245636486413 -0.0877959817811916 0.178697125712313
-0.327195129004211 -0.0578993729406247 -0.0301912450286386 0.15955670126616
-0.27451732675449 -0.0937507642987118 -0.0211849794450452 0.239266958420439
-0.325273662323757 -0.171662339328788 -0.139023294098138 0.237684235747053
-0.226264466670961 -0.435214807539806 -0.189314184329995 0.182397565947608
-0.0208994265000412 -0.561506101001758 -0.0598624287740028 0.390080573258988
-0.00444702210571691 -0.242781672517512 -0.0341159752860988 0.363393938248047
-0.129776148532697 -0.108415267942098 0.274152547642129 0.180722718588736
-0.0689523398447495 0.0359697865640324 0.120371465892689 -0.151561740595935
0.0249489229141484 -0.0217099371713679 -0.084665539771205 -0.192038767874324
-0.0707726493676658 -0.0818955314557637 -0.265902369003459 -0.0693261754441046
-0.154846370431404 0.00218432376899691 -0.315091088100482 0.100627024886306
-0.187858627360602 0.0799547550023696 -0.307864042786951 0.219307929823993
-0.207965556839141 0.0823111526972221 -0.286501212126735 0.287223209239643
-0.227709865931126 0.0676035941790613 -0.271355052926939 0.267647792013206
-0.235348209079741 -0.0076712042983806 -0.215208498143489 0.194010411631424
-0.146112476679312 -0.0917030547270563 -0.1314688835697 0.141800050794903
-0.0933722415810985 -0.0522011866498111 -0.0768292318862847 0.230241953637937
-0.204391971462208 -0.0732004172245107 -0.188089650476007 0.250077260253256
-0.154941673699889 -0.287486123762508 -0.226736372722239 0.173346786080117
6.31285476892368E-06 -0.372110866855041 -0.0797398483140087 0.473395813705353
0.0195659178793334 0.0743305863616181 0.0326456177289861 -0.524982160372057
0.1200617731462 0.0184881088886555 0.198060948705283 -0.130097336254512
0.0550805182303712 -0.0988579083593294 0.284854426176841 -0.269508802157555
-0.0949668049000998 -0.0651263680133347 0.0514174605758101 -0.238363755533028
-0.0625098101336002 0.0579627858895587 0.111169921519967 -0.075683085860613
0.0194937042880052 0.0529775764451123 0.279424823080889 -0.119133256207205
0.0610111398677831 0.0251644690732146 0.369184510226782 -0.255953747046189
0.0675047810169266 0.0254329181766477 0.346162884591875 -0.323367096959266
0.0654918289143115 0.0274309795811636 0.333315415373873 -0.265211201754748
0.0427550010076583 0.051637631667795 0.31845186761036 -0.137987255036895
-0.0155109287266916 0.0677616363429374 0.266042088687757 0.0222873647375926
-0.1074755065425 0.0111779267496059 0.105297664622765 0.142179521852749
-0.0264901181060554 -0.0960732545768759 -0.0722590874699399 0.127078652502648
0.0970127932980463 -0.0393612522130848 -0.210560847932646 -0.0372849159991236
0.0499886680192236 0.0563822397885926 0.0209286385135092 -0.34898668066156
0.0527482469007783 -0.178622961878953 0.0549992495949408 -0.500910683994509
0.0711301565629487 -0.232204823831396 0.230964071405778 -0.0399740085574499
-0.0517560223431395 -0.265665061136637 0.367043762172511 -0.273420466147812
-0.23151394921444 -0.190819125118562 0.0498555674713081 -0.288352990955001
-0.255214006451313 -0.0138834559527513 0.0645045748846837 -0.0706598997370491
-0.188152819071775 0.0824891834951445 0.248282628157222 -0.0707637676201665
-0.10715914857846 0.127220582818646 0.357209313316555 -0.207837245914655
-0.0742003286206287 0.126719770644447 0.340723487933685 -0.293568052348962
-0.049979203445463 0.11398455518943 0.320311051022066 -0.252409764126127
-0.0785629670074031 0.101954385411541 0.320558303154092 -0.138456123685199
-0.117112638460564 0.0594088728887082 0.279794677031364 0.0194970551672798
-0.182166909957441 -0.00446192785372143 0.10896655070832 0.147372000687384
-0.116536957874275 -0.133965198787537 -0.0756655708553794 0.123011750711722
0.0327333757689379 -0.173652229521142 -0.210500441782761 -0.00820943103667573
0.0429032900049272 -0.155060013072962 -0.0120812716436926 -0.291822675985843
0.101874365001779 -0.397294036739408 0.052479130334162 -0.383283252066475
0.0388029073884636 -0.458795081650177 0.264243820840295 0.0808203446097121
-0.145064124646358 -0.407137984632126 0.426527538586161 -0.275146636596251
-0.332695611207525 -0.289285909037956 0.0336376906964408 -0.352381440738067
-0.401014473928157 -0.090992422326774 -0.028268284896865 -0.0921403379336908
-0.363094037042007 0.0853322099359782 0.146922243538554 -0.0311851120260543
-0.258895080337334 0.200834668726762 0.275605855996294 -0.13949074840176
-0.204531520084959 0.210513656414451 0.282435384616835 -0.22157158238907
-0.159676003707094 0.19720085327674 0.274227358437053 -0.201960298623659
-0.20264276479753 0.163906748209355 0.303423402360285 -0.11826278751393
-0.234114719426534 0.0698449604929628 0.289129123935863 0.020998734578274
-0.279640141852871 -0.00947707673882163 0.124139821999443 0.162118256610641
-0.230129394645898 -0.166268733950069 -0.0801121213323664 0.141763476775279
-0.0657899619967589 -0.300838232287182 -0.217270475088378 0.0225181976459557
0.00889023659256267 -0.357074567088168 -0.0383975810301066 -0.197356010449033
0.138710436546174 -0.535282488546461 0.0268955256414367 -0.199924538651202
0.00152319819463553 -0.589729969503382 0.297902452696749 0.201943456357827
-0.218820843467592 -0.456497604699172 0.441773656095501 -0.277316284894235
-0.374773050085723 -0.307534188065621 -0.00465594033990811 -0.398223595425034
-0.46598966259569 -0.133558298153882 -0.141438797780383 -0.118867125599907
-0.461290644861077 0.0808823508364255 0.00537087967947319 0.00202963593045381
-0.361330508228166 0.243557510584127 0.144132364958464 -0.057648930172028
-0.305313937031575 0.263483157020147 0.182012825761586 -0.117022108589475
-0.255698868715569 0.260312558382059 0.198157214002538 -0.113602320704332
-0.319468265100463 0.220628731230627 0.259239180677162 -0.0646971683446848
-0.35412053188749 0.0851808366617395 0.271518773861404 0.0416652450936009
-0.384776954379719 -0.0121563654378438 0.131270568966208 0.186506224932312
-0.350059444414045 -0.19484613777313 -0.0820464590684204 0.173246720711672
-0.17665539886574 -0.411431299028338 -0.215533162326885 0.0632639417778299
-0.033851666371736 -0.529442958565927 -0.050582329523164 -0.0653807253619496
0.134906711016242 -0.57425226417652 -0.00698359070901126 0.0029757322550352
-0.0512255712171922 -0.580905457927376 0.324438480566806 0.278110160029221
-0.24782236389097 -0.380388853568562 0.392943643549446 -0.271132362150193
-0.328889334351869 -0.242723426295068 -0.0583501769728155 -0.394043724593528
-0.430216740452128 -0.132641005471525 -0.237577878876204 -0.125780701214547
-0.466742599402944 0.0730911237380407 -0.134157861118697 0.0346043381275686
-0.397535779706459 0.249456892604462 -0.00491133523572961 0.0257940151359219
-0.361990892366403 0.277825811408419 0.0555028118706732 0.0037661721776457
-0.328813150445503 0.285203775184214 0.094861828580785 0.00132433571753295
-0.410895939672168 0.24103347373501 0.177195212016722 0.021913911359987
-0.440489218976173 0.0742311854180229 0.209610480645097 0.0888805046599633
-0.449994486738161 -0.0318887130173675 0.110570367433947 0.216632943672084
-0.428401043976612 -0.214599639738509 -0.0877787695080947 0.206858260324488
-0.259751224582071 -0.488800190896794 -0.201549315526586 0.113175777685721
-0.0589306551464759 -0.643125038156928 -0.0503098348721159 0.0925017218429671
0.0931022292877381 -0.52444692108469 -0.0333850850492946 0.179446362870546
-0.107018676885693 -0.453639436817123 0.330881080998841 0.28798065073816
-0.221326011029156 -0.220132112111386 0.297481965892716 -0.247253579966128
-0.211151824274992 -0.143478559191473 -0.0999091960709001 -0.338265528429624
-0.319765194970352 -0.113771333063845 -0.287364050248554 -0.108262548932085
-0.392594203361426 0.0610150436969348 -0.237842137787225 0.0659404652773553
-0.369446966116208 0.223464574466544 -0.142354432711019 0.106845557330131
-0.365724950302153 0.250911315403729 -0.0785296726581756 0.12541072156419
-0.360516628605184 0.260124342775745 -0.0286902960382597 0.122443227405668
-0.444100125400215 0.19967786500499 0.0563236586290663 0.117640982014471
-0.445555807355948 0.0191462102989352 0.102024141579989 0.141083120470248
-0.41977948185092 -0.0727363117683176 0.0559145029583478 0.241782256009487
-0.422918312691308 -0.215018619231822 -0.106915867640654 0.235001508823731
-0.280191796065324 -0.508503656085232 -0.18963939125498 0.161938185015786
-0.0576250528117958 -0.664140002530096 -0.0483142664121243 0.257705850476486
0.0353455079875069 -0.404801387852733 -0.0420337195282508 0.304628005465354
-0.138486166400598 -0.276958824674783 0.313033314054107 0.242079785237479
-0.152000343362271 -0.0634807868072087 0.193656987881813 -0.205350854120931
-0.0781952977272427 -0.0663113419383469 -0.109337686573062 -0.257887609174234
-0.190635507605295 -0.0960364832307472 -0.290389573486935 -0.0839354774625476
-0.279682079161297 0.0388482102576263 -0.296578667470067 0.0921941055287705
-0.293154306525793 0.168202072508496 -0.248156169356923 0.178451679655826
-0.314370199108549 0.186402583307398 -0.200688477428565 0.229055641089723
-0.331202489164571 0.184853213499226 -0.160936365654075 0.223365387697622
-0.39176740848351 0.103653879269662 -0.0890227359672877 0.186076331246439
-0.344630276175036 -0.0572119291187733 -0.0280924699520864 0.16542439022435
-0.287388437954232 -0.0974729527870632 -0.0147262400266651 0.247132121421022
-0.334570742080485 -0.174029764423874 -0.141500307656104 0.252634444106372
-0.238134704432085 -0.445956270786865 -0.199091811656367 0.194070098865321
-0.029383839490656 -0.576637621220794 -0.0570627302159918 0.39970307773195
-0.0108252790037098 -0.247581928703483 -0.0322412003975704 0.376081854344217
-0.13423731295922 -0.107811138936135 0.286738090607748 0.179574337210782
-0.067233693928251 0.0378923455154881 0.12036446484163 -0.161406056725364
0.0251213115986401 -0.0259995783501133 -0.0936722820443763 -0.19675079022909
-0.0789179180700567 -0.0837639870134037 -0.277473875249869 -0.0667161765795001
-0.160532157294317 0.00745938161979382 -0.325161205102608 0.10887254757364
-0.19054337867125 0.088883223003748 -0.315995267699719 0.232333019972823
-0.21395661997901 0.0933905788051488 -0.292192173065363 0.300629543088305
-0.236633887747638 0.0780417721230261 -0.276515929380305 0.280815655562505
-0.245861291529489 -0.00237015395403794 -0.220989250878207 0.204164061069355
-0.156158618651936 -0.09532028462045 -0.135342567063194 0.148021957226963
-0.0969751624008421 -0.0566544091214184 -0.0737826419881867 0.236969772925425
-0.208245950219143 -0.0713916905919814 -0.191471571131468 0.263378789182169
-0.162671704359966 -0.293491924630106 -0.238471475042097 0.185568150102699
-0.00667133577194131 -0.381465778908086 -0.0767556730708149 0.486035809426934
0.0248229584891898 0.0748319489034941 0.0148440966408863 -0.538611748046836
0.125021944049983 0.0106032154596576 0.204449037093192 -0.148529466985908
0.0505783206890409 -0.103562696234418 0.280526581847059 -0.294090246932019
-0.101159657012343 -0.0606563431783987 0.0425762519642363 -0.243064885864843
-0.0585994895490333 0.0629806295463738 0.115066219666176 -0.0784697124183585
0.023859092840684 0.0516771493319181 0.285627863976289 -0.13680699102912
0.0641396416271968 0.0204350044604145 0.368016159677898 -0.284288876393991
0.0712981974657695 0.019297540195899 0.340854735912667 -0.350750295382734
0.069877401089776 0.0230214624878071 0.331618501906409 -0.288429828593793
0.0470241660052304 0.0501377986403049 0.322603000844991 -0.157709901494718
-0.0120846627584207 0.0694557392451833 0.278079402550651 0.0100264295464044
-0.108674764091735 0.0191351526188955 0.118222523490278 0.141970877712323
-0.0326042910115833 -0.0971575401297947 -0.0662720567541774 0.138715062030695
0.0958926891917518 -0.0474959822071845 -0.215880385170791 -0.0247138683384857
0.0561852981413408 0.0538449817028618 0.00242593532418631 -0.362959416816236
0.0479508770103894 -0.1868081964202 0.0372687029136818 -0.513391418651674
0.0640836471547348 -0.246351720016571 0.243221985862176 -0.0577527074460468
-0.0641174578241666 -0.271547137558336 0.366000794568755 -0.302178101412114
-0.247441441043658 -0.186457604797213 0.0386453190937961 -0.293116896191458
-0.262116592057886 -0.00429721473854131 0.0673334829127005 -0.071778883486196
-0.190312900219816 0.0922412820173962 0.256459356345266 -0.0860140047199956
-0.106843797354585 0.134098367500838 0.359146802713584 -0.235256725291698
-0.0700401178395712 0.131945958426768 0.335663251848905 -0.320502927944235
-0.0461890242284112 0.11806916855879 0.319006130551396 -0.27608996884656
-0.0764767540306883 0.107241711719497 0.326070135234103 -0.160618487257698
-0.118943767115957 0.0658229758857887 0.292110385736943 0.00751698144548244
-0.186415755708994 0.0062249523145577 0.123797816509299 0.146675916626737
-0.125983067691605 -0.131173889321897 -0.070230131239377 0.135837300387459
0.0249250072064601 -0.182173330123496 -0.215024507406952 0.00480470226711099
0.0394502344420943 -0.16051022047758 -0.0274763157102137 -0.302078014945545
0.0905217463184461 -0.412529605562048 0.0382742842933783 -0.392703379714948
0.021087385033085 -0.47831556158206 0.283299689398272 0.0668422906233257
-0.16450383656898 -0.415112160716606 0.429027689606265 -0.308151066371064
-0.356035142738255 -0.284869748214315 0.0180783309613781 -0.360443450751112
-0.420002653525574 -0.0778327344503468 -0.0298554730331102 -0.0921820327151314
-0.37188826515932 0.103048035728574 0.153219045428958 -0.0400598238399647
-0.258562141215946 0.217952292112987 0.277304606892329 -0.159415681216053
-0.201661072997696 0.225217639991247 0.279225188908848 -0.243348451567973
-0.157153362981689 0.209655253126008 0.274917183038035 -0.220165595267081
-0.201088561295991 0.177395346280203 0.309658286733932 -0.138677554950023
-0.240875554910811 0.0830315153703699 0.302277761168072 0.00603126297291581
-0.288607659855569 0.00388322852190985 0.140604023506429 0.162027328639424
-0.242573337117204 -0.161171335106487 -0.0726577309100684 0.155616132150066
-0.0801393989701623 -0.308133680773072 -0.222507992037026 0.0361169876259043
-0.00488048435451614 -0.368015298717953 -0.0498960219986738 -0.203677192560353
0.121030662228779 -0.554917706975323 0.0194658862455375 -0.202075386492372
-0.0223849521290272 -0.610023671234281 0.323739195753836 0.190147735973134
-0.239658141517269 -0.460391455918463 0.44311207647905 -0.312193757778269
-0.39936092600689 -0.305684971170314 -0.0234575398957641 -0.407032934143607
-0.490695096096458 -0.117516144656749 -0.149519958517262 -0.115788659918756
-0.473568719918667 0.103333898307886 0.00703046410661978 0.000131597982594436
-0.362613791328089 0.267657753225349 0.145332719779373 -0.0700661133153483
-0.302387308878047 0.287891668854753 0.18138414547919 -0.132139741641069
-0.254436808247059 0.280508741497003 0.198639213492084 -0.126890840190282
-0.320248017217861 0.241640077317499 0.26624525888532 -0.0814855632151747
-0.365189395327848 0.10302496786618 0.285464609417403 0.0283966880066232
-0.397719858257887 0.00425126991781025 0.150484881679233 0.185839892866896
-0.366636845605588 -0.185971957445761 -0.0729187137129462 0.190319566432503
-0.196399124970885 -0.418618174395647 -0.22060120286623 0.0774681372942684
-0.0556208124550424 -0.543514147752057 -0.0573338159366441 -0.069425604581993
0.114989594323939 -0.593977427402467 -0.00817262279685364 0.00792619739309449
-0.0770081491047223 -0.595680051859044 0.352434168723718 0.268027742952597
-0.265188076554762 -0.379303858840223 0.392593090978733 -0.302828247479969
-0.348168959333667 -0.241103196595656 -0.0788319441357912 -0.401478023113317
-0.452917766479709 -0.120349967754843 -0.249060141808526 -0.118924874110164
-0.479444269087638 0.0981239942413879 -0.13669924706072 0.0383948892387825
-0.398644250337297 0.277867761890871 -0.00576324842884917 0.0239336622574064
-0.360636524335985 0.306285395260632 0.056402017444459 -0.0026128837369037
-0.329116234044401 0.311440553066923 0.098292326103034 -0.00285142209071954
-0.415773767012633 0.268771896673473 0.185042248307071 0.0117238504391664
-0.456897642700032 0.0951191566811384 0.222824767616616 0.0800787083678802
-0.466838524371313 -0.014861733012763 0.129191031490265 0.217577956324047
-0.449198195717719 -0.205330552489116 -0.0791535825642454 0.224896718821207
-0.284613329047 -0.495222890666955 -0.206408859782368 0.128182812425873
-0.0870486772398583 -0.65577666932686 -0.0491769356103874 0.0925498521169807
0.0718519486745205 -0.538735633374225 -0.0282864789748457 0.190038073014848
-0.128799817786884 -0.460141070634075 0.357653597376435 0.27717327304075
-0.230229701253752 -0.21563715688247 0.294071981041637 -0.272695039388815
-0.222454367881215 -0.143544414318856 -0.119971663471726 -0.340700497397226
-0.340532946097191 -0.104146146758623 -0.300524599888159 -0.099437868021252
-0.402883590239871 0.0826473312441209 -0.241473340083274 0.0771925140048828
-0.368504076600175 0.250743373399128 -0.143633078128135 0.114182781559037
-0.365540846886568 0.280231211439121 -0.0762151821004317 0.12988169169241
-0.363182315820695 0.28812433319009 -0.0248517294595075 0.128313118859264
-0.451667760843564 0.228497780427055 0.0642035390633128 0.117114211723052
-0.465655793393922 0.0388358009124054 0.113750065905113 0.140122411563713
-0.439503626837248 -0.0597563372182464 0.0725879650814921 0.245413278373856
-0.441965915806138 -0.2060580943972 -0.0986279643373386 0.253409530509899
-0.307844672011893 -0.514042266891834 -0.193109601300294 0.179330589547599
-0.0868733452229938 -0.678409085796291 -0.0396361345592558 0.261860611871974
0.0166587002613071 -0.414553432640001 -0.0326146220332815 0.317313449432025
-0.152990401262579 -0.276846880630188 0.335393863502639 0.230728925562536
-0.153288471016259 -0.0578045313189977 0.187656710597769 -0.223061444165936
-0.0830778896341507 -0.0687010575443012 -0.126369090720883 -0.259699721254433
-0.20590904736594 -0.0904757219207052 -0.304550926639433 -0.0727841941634841
-0.288067894919803 0.0559586736265728 -0.302643979353081 0.107351280409615
-0.29301432536298 0.18991452936479 -0.24787033403577 0.194685604492332
-0.315242164145336 0.212344760914253 -0.196742839963221 0.244077500051723
-0.336262495500072 0.210170845537844 -0.156383492695291 0.237956767573607
-0.400756987737039 0.126592000514103 -0.0848660927626796 0.19586972545787
-0.364345394665939 -0.0447945349558978 -0.020515541984598 0.171765268003086
-0.301690105271331 -0.0928134380494112 -0.00177927044318306 0.253957854506523
-0.346827303774145 -0.166061199363883 -0.134415509936403 0.272018244028321
-0.261283392770771 -0.450056111429353 -0.201963824962519 0.212663041828816
-0.0559953461659822 -0.588877156833535 -0.0426669078256756 0.408910962894308
-0.0236452887044825 -0.250915730624106 -0.0176600337245233 0.389149812513618
-0.141680707285857 -0.102443736910359 0.305028687894548 0.168964088542577
-0.0647679580975525 0.0420821992210674 0.115547145614064 -0.173889721995041
0.0245785817889243 -0.0317052494351348 -0.108640277650378 -0.197063296189155
-0.0904916889040072 -0.0824707923812304 -0.290136594091042 -0.0552048652346637
-0.165066747246877 0.017760086465956 -0.331010237668883 0.127070766882851
-0.189479193898567 0.105003713861673 -0.315117130307886 0.254218515863678
-0.215822676159573 0.112136183666282 -0.286940455153822 0.321838461782025
-0.242136498165921 0.096032163243502 -0.27301568214698 0.303376103200903
-0.256022459471964 0.0115823747680546 -0.220812844447791 0.221853329940539
-0.170325246154546 -0.0926695173524106 -0.134076537763796 0.159415932061565
-0.103075235914303 -0.0600680206857168 -0.0638964526227575 0.243790595398787
-0.213167360755135 -0.0638660500453936 -0.18571979691331 0.281636659957652
-0.179470925783825 -0.295399313821678 -0.243997708787639 0.206666248034378
-0.0259503611407372 -0.390203576624156 -0.0607748744709035 0.499819014791855
-0.015480618785755 0.0845354790924051 0.25891027851875 -0.481894977179363
0.107527435206299 0.061161158205502 0.256928819674689 -0.0474760544621044
0.0848736708487782 -0.0733380232790172 0.383159562683002 -0.143378145496704
-0.0686725116088064 -0.0929350737231723 0.142379215744872 -0.197234151780017
-0.0789390797813344 0.0319491374155732 0.14417689265366 -0.0127844956172589
-0.000375451906910493 0.053799873278357 0.323779789056004 0.00320872590529769
0.0536638797599159 0.040579866347371 0.459422548570215 -0.0981783174532152
0.0602899305057544 0.0434330795856336 0.458132671740112 -0.172950026529006
0.0547421911606683 0.0463213668656564 0.423979265744046 -0.118194205545425
0.0260387265593109 0.0616959135914544 0.357856182521111 -0.00450143427059809
-0.0382026776341297 0.0570075786100708 0.247907349943956 0.130357497316395
-0.103711139072551 -0.0243381364563991 0.0436156662740982 0.180304904757749
0.0117672154962645 -0.101324811960566 -0.119594033682717 0.098372709538897
0.105491207063179 -0.00610297724617681 -0.184739832698327 -0.114263811300418
0.0276904429567175 0.0709386423618906 0.170863904468677 -0.330671169780945
0.124395765767961 -0.143503850589635 0.262032468152578 -0.451247132115253
0.167048096895418 -0.202189320247502 0.247855144869583 0.0604962520018674
0.0574959044335713 -0.279998502941651 0.462491759890294 -0.109335762477502
-0.14545889461329 -0.272316072909275 0.155856080958982 -0.239798230780656
-0.236466928560391 -0.121163952897993 0.0924066615243049 -0.0209469437730786
-0.21355480274774 -0.00218007840845257 0.277969510714439 0.04187684243377
-0.152199755196562 0.0704632935192239 0.431291781555246 -0.0567643326590942
-0.12308518495559 0.0861327582720142 0.441510851109829 -0.146752204796134
-0.0943016007668738 0.0828941907717205 0.406750296569098 -0.113421813558548
-0.112396528993373 0.0618281085481263 0.361517790118465 -0.00783652517366024
-0.13660012917021 0.00740568133887903 0.261700469751719 0.130576793440425
-0.167320739535645 -0.0705929925242241 0.0450290575896115 0.185448470775709
-0.054666610054209 -0.173711613668454 -0.122232979544378 0.092570235065148
0.101026173364426 -0.157233224742813 -0.192913509939871 -0.0877530891394746
0.106475027290544 -0.13011323923245 0.118766545609593 -0.287457561813721
0.263446590082938 -0.330780211925299 0.200544030611575 -0.338166701149222
0.229955323598606 -0.433572320012483 0.229256437757974 0.196467030563023
0.0299574074875847 -0.454102460383844 0.519126344624775 -0.0827587317058434
-0.198212409951892 -0.411067527006594 0.162746233863228 -0.306279411599964
-0.345464983813003 -0.260101356460813 0.00887872884938326 -0.0747275837376383
-0.387042384366612 -0.0714129026717521 0.164972453771414 0.0408901274106014
-0.33212701828008 0.0818169472091317 0.325708682188626 -0.0214588780256713
-0.286232640589775 0.115986334158753 0.357165021483765 -0.100492769453665
-0.235295725534741 0.118003344347276 0.341055898798116 -0.0832314075930946
-0.258014962394278 0.074197881789208 0.337339527595147 0.00368793353805369
-0.2569268861654 -0.0317734388728241 0.268285863671189 0.130512134487328
-0.25785710315374 -0.118001481514851 0.0527970017519141 0.205373079323611
-0.147616701667623 -0.251647015435543 -0.134076118931812 0.109406077760013
0.0601257459146108 -0.316513871373848 -0.211731044895748 -0.0631773416384247
0.156869215419178 -0.334571057368478 0.0556683811984926 -0.208244955046034
0.357196208858653 -0.447976089166626 0.0918547773625776 -0.173533249123821
0.247269230160658 -0.573394961371882 0.208359291743581 0.332507722147996
-0.015757802627122 -0.528088911591827 0.533642773309539 -0.0759230311920763
-0.227274576966849 -0.449397978987012 0.145346261545446 -0.368050706774516
-0.391661534491985 -0.326526664571003 -0.0918674962173423 -0.145645455151168
-0.478788290913238 -0.114310548018396 0.0146473953422848 0.0143233336113448
-0.448948357525655 0.0825587757426364 0.165570246075171 0.00143050312239934
-0.408428547767311 0.128754939171513 0.220203263182057 -0.0427601869664694
-0.355357155869266 0.142132967963823 0.234230591468598 -0.0296766319440263
-0.396177375988077 0.0818147397488364 0.273395986577325 0.0354929072729641
-0.381320677612894 -0.0647628139240388 0.242575087666449 0.139838409831985
-0.356619171341615 -0.16649453429705 0.0500660890432445 0.228346464973359
-0.247699229448327 -0.330099999703718 -0.151872221088307 0.136039602152891
0.00286594060059107 -0.46583686463441 -0.227843036086377 -0.0277813365923675
0.186872844179871 -0.515765891057024 -0.0112622337524985 -0.0886361303694471
0.371005688841629 -0.486572084326609 -0.0302460607496388 0.00577576835121075
0.191224987664572 -0.5820359891776 0.200387339377838 0.415781480428701
-0.0735717182344872 -0.463590522661108 0.486852290992688 -0.0905733836182157
-0.210094055388298 -0.368371751022495 0.0938344887445625 -0.389676922522565
-0.360253725164731 -0.310188299392174 -0.182277140319505 -0.194931816482739
-0.480994704320618 -0.120112368398967 -0.134118107515555 -0.0130530385298285
-0.485841615029582 0.0806026282667328 -0.0141460297476093 0.0208344961592311
-0.470808430878906 0.123392265870726 0.050830088106996 0.0229456401356345
-0.43790192308612 0.139777742326523 0.0887826201457603 0.0379294230117355
-0.495009092461416 0.0685759460429201 0.159534734811721 0.0843466881886579
-0.463255427073617 -0.110439338986488 0.162623798551021 0.158348562251399
-0.410870122649159 -0.215146563713277 0.016351468116834 0.245340863412669
-0.311517297501115 -0.384904698505009 -0.174167126534982 0.164091776241554
-0.0415257528031043 -0.573399770516354 -0.237583911506075 0.0220416644314128
0.207789352155478 -0.630767522177506 -0.079921893393033 0.0620398884512582
0.306822884581338 -0.45681783338425 -0.128466708520161 0.161852283365736
0.083589088506322 -0.481340295012489 0.204182656690072 0.422611758768016
-0.114477471499635 -0.297166002362618 0.386139959936281 -0.110915484049723
-0.137771418133345 -0.225133089009687 0.0336262404603809 -0.357503911234234
-0.264409185055406 -0.244966503041538 -0.236999809656949 -0.207009346074292
-0.405707014687853 -0.09971640850901 -0.249116422026364 -0.028533280871392
-0.447525153198495 0.0705392053293016 -0.178477221220535 0.0418036344333997
-0.465384600481115 0.100293197613415 -0.126236713072516 0.0838967054833824
-0.458043798367695 0.109391215083855 -0.0778198973359324 0.102447196210182
-0.513376409007536 0.0180135884021565 0.00389672635291552 0.126126292299382
-0.44948924403015 -0.168349405841518 0.0377073093768755 0.162654988382464
-0.367837800919602 -0.244820275786653 -0.0466501389152551 0.244827465156809
-0.3040747424721 -0.382444622806229 -0.205316885555235 0.17915470770549
-0.0566655971941489 -0.599169850267737 -0.248662943366328 0.0745970604839029
0.217298118559042 -0.648728311835686 -0.151108602830809 0.218457377750651
0.202220639579552 -0.370127636825768 -0.185408824729921 0.27890237619872
-0.0215521594777993 -0.32267533084563 0.206923386938319 0.367233681490935
-0.114771170129259 -0.117922931846618 0.270249908529917 -0.1160235489339
-0.0452384833856529 -0.0980611427209768 -0.00524697725697624 -0.289206514484462
-0.149278443170832 -0.171538111744693 -0.251571904517931 -0.189756326343614
-0.288039328753816 -0.070677530692982 -0.318442997842735 -0.0302640150040372
-0.353198857296626 0.0523656233208035 -0.310068983287411 0.0673421023183338
-0.386438712570521 0.0616686183598722 -0.284956703666243 0.135426282111669
-0.400448429056481 0.0517391763030607 -0.245029995733164 0.145930395256611
-0.423289082910906 -0.0509290877656235 -0.16196566956057 0.134540945779379
-0.319078265682356 -0.200032514280885 -0.0968350522371602 0.135405552434823
-0.229369215664598 -0.215062707536516 -0.115083071771108 0.219382571403572
-0.235796734633317 -0.302451801900369 -0.245225065743894 0.17961561599287
-0.0411057170043256 -0.517805588993738 -0.275340061344689 0.101263458490245
0.205272730147039 -0.55511417136495 -0.225778090887212 0.348521032016297
0.0923818496960912 -0.239215073566762 -0.198161719387648 0.351292231364726
-0.0876321248425046 -0.158145058053887 0.20783615272199 0.291682325833674
-0.0764154573113007 0.0110280490338493 0.182427670465845 -0.109252605123217
0.0348368297471519 -0.0182876245987965 -0.0152860084103151 -0.22921788364964
-0.0492304464301604 -0.110747928694744 -0.245130333049996 -0.172772542934378
-0.157834425846666 -0.0516402828846691 -0.356513736739475 -0.0274149726721403
-0.221615615639259 0.0197757852832756 -0.397058636795301 0.0934113314078014
-0.249480022831178 0.0151954394974574 -0.400375380840985 0.167289695572395
-0.263536155061584 -0.0102420424192391 -0.37772085536949 0.155665991717796
-0.242681024995011 -0.0943052458215233 -0.295778444473299 0.102003112536589
-0.119975917243637 -0.16007724054058 -0.192221175483834 0.0787663944220597
-0.0640009129585208 -0.098217664437922 -0.164111524536017 0.185420632305746
-0.16280738456777 -0.14740748143494 -0.296985531640372 0.16747041861371
-0.036477204284999 -0.341297086152624 -0.31670045787469 0.0762409540356715
0.145181423648985 -0.362854900468766 -0.286523650642964 0.421423105511408
-0.00885550840764467 0.0846426150878122 0.232087269019918 -0.48461587129258
0.110529408568427 0.0497313522463264 0.257056989968804 -0.0625924663937099
0.0780821133352602 -0.0785373601858196 0.371417988644724 -0.166558939758187
-0.0746905394082218 -0.0854372878436244 0.129251899997394 -0.198620902604405
-0.0740293115763659 0.0368755960616614 0.143016459996093 -0.0159012047381627
0.00409462284419689 0.0521735083125902 0.323103049949277 -0.0137382455933621
0.0548125186709468 0.0343209980765861 0.448607120532595 -0.126428629776301
0.0632388364294344 0.0357567706800513 0.440037774918247 -0.195557151272751
0.058763748004687 0.0399292973343175 0.411700273682874 -0.139779738178146
0.030690285738554 0.0571361637651041 0.35521802528117 -0.0251490416443771
-0.0322008757996366 0.058454091310492 0.255047636495308 0.114201802568314
-0.102793656388347 -0.0163347108521594 0.0561719032098317 0.176225178763872
0.00393993105213284 -0.100137440786518 -0.110135777052537 0.108894548756508
0.102839167180362 -0.0148797401317086 -0.186047847148088 -0.0990015067720885
0.0338913498062276 0.0674359417609704 0.149132314173081 -0.336986344282879
0.116558765150252 -0.146609132196274 0.234664504584473 -0.45108292087968
0.15600006474888 -0.211670548483356 0.257401532770483 0.0427093586216433
0.0425374842913361 -0.279362525188572 0.452168660415162 -0.136843790021491
-0.158485011630913 -0.262353719786328 0.139882613006218 -0.241951622913299
-0.238348277759451 -0.107263955385637 0.0919665704876633 -0.0202018998585857
-0.210861641049633 0.00789041614240045 0.2789215754889 0.0259907561909376
-0.147592601726186 0.0753678572706908 0.422736850158065 -0.0820661475624166
-0.114727193805489 0.0890130065137467 0.425917633629899 -0.17094140137113
-0.0875009630836234 0.0841810351593908 0.395154682841015 -0.132025364575817
-0.107182717063853 0.0656439136278992 0.35893673034339 -0.0294580565411457
-0.134636174981122 0.0140435972190029 0.269459252485561 0.112826814328528
-0.167483157487868 -0.0589470084648435 0.0595035700823099 0.181604033376097
-0.0637124535062281 -0.166874840000382 -0.113063705536713 0.105231615951502
0.0897799428542442 -0.163057625092217 -0.193932509410909 -0.0716182900326226
0.0997662750584955 -0.1330866958066 0.101634305779907 -0.291375210729886
0.243989844594336 -0.338010900117851 0.178958934379141 -0.338538439824023
0.205177155847627 -0.441953469823048 0.244694091140896 0.180456073148304
0.0100736255376216 -0.448417161176142 0.510623189613262 -0.113721986577179
-0.21779405972152 -0.397630630089072 0.141493998678416 -0.308238368787548
-0.355715901050404 -0.237841009183176 0.00709710080022572 -0.0704802222974612
-0.385850151751979 -0.0500562095561534 0.168444896114026 0.0305058254122096
-0.323813955517143 0.0974009476171505 0.320525193103965 -0.0424609718075205
-0.275866825103594 0.129364361485257 0.346517093239088 -0.121813119415656
-0.226536522936714 0.128686243545725 0.334191618118075 -0.100568198389296
-0.250646143664774 0.0856123412677777 0.335632991961106 -0.0170565022799416
-0.257563641214744 -0.0175798422667845 0.277435736307526 0.112266424144393
-0.260349642715549 -0.102532828074639 0.0690975919320269 0.200570764546033
-0.158517698341031 -0.240532881316924 -0.125009731098217 0.121868455173013
0.044591777833718 -0.317209334603649 -0.213499747040228 -0.0483096880450472
0.138884913772468 -0.337530276105153 0.0437351937434098 -0.209872608697895
0.328906157331889 -0.457715966185693 0.079985998462571 -0.170254958500454
0.215963215716085 -0.579057919493981 0.231965963172726 0.3138407111617
-0.0369109285349162 -0.519368623169099 0.524685594127023 -0.109777079971785
-0.245695206707768 -0.433984889237437 0.120921032981188 -0.367934445015038
-0.407158835576645 -0.30457883077929 -0.0961345410930377 -0.137416872101322
-0.482368088894073 -0.0876176545760528 0.0171924476609205 0.0127672792326836
-0.437881371128052 0.107044798603155 0.163931264521494 -0.0105590887447582
-0.396464676450906 0.151445527058812 0.214420854859486 -0.0567872242748422
-0.34529821994709 0.161032860262461 0.230461154826938 -0.0417506279182419
-0.387871013109396 0.103571044649393 0.273594071647637 0.017451216025346
-0.384607534265149 -0.0449632209076141 0.251228581575049 0.124015631976428
-0.361134624022449 -0.147326310240622 0.0665123099509549 0.22387583064329
-0.259731459954847 -0.313481983405004 -0.140673902084532 0.150646794743391
-0.0183812009852571 -0.461982966395228 -0.228795381797544 -0.0114571374700219
0.159006382670078 -0.514479219669496 -0.0150119555858314 -0.0904087591914032
0.339024020107139 -0.497123353387008 -0.0315487050724792 0.0107311617417237
0.159283017945578 -0.582467789978353 0.226321093456187 0.39701337180376
-0.0906878054436763 -0.449671381022418 0.476176250398939 -0.12105352824064
-0.221938403534872 -0.35668501419701 0.0693809091258741 -0.387212340518827
-0.37563751150392 -0.289924907996039 -0.188950968028604 -0.183112359808639
-0.485350279441514 -0.0927627346921245 -0.131669487545742 -0.00796700849411105
-0.476303096042988 0.106541964142478 -0.0119704056971056 0.0178049545711595
-0.458694728325007 0.150939819087991 0.0502806093083517 0.0159906236218171
-0.427504153432958 0.164954367620252 0.0910158736939954 0.0334073635087264
-0.486647456397365 0.0955398586052701 0.163287221251773 0.072301647086597
-0.471466702102204 -0.0857770512595142 0.172629213416112 0.145128325934921
-0.419750221541181 -0.193632670609465 0.0330120222462586 0.24132035290163
-0.324746536602225 -0.363325092821987 -0.162129474801764 0.177210886628629
-0.0686187499431398 -0.563248110508289 -0.237740679369391 0.0381577003203492
0.172699992761719 -0.630300484648025 -0.0749132482251598 0.0592068921400741
0.276496077355959 -0.46444059601714 -0.121398968631468 0.170523334213171
0.0572009426533128 -0.474468502653924 0.22904021219706 0.403268025058475
-0.122257169572915 -0.282549679465676 0.375652387042194 -0.133831271550088
-0.145227985858419 -0.218557336636162 0.0124448786038723 -0.351448515767515
-0.279390674190347 -0.229026941332031 -0.244189556489882 -0.189690335952471
-0.406982176376478 -0.0740160709549784 -0.246293048362416 -0.0164808207134656
-0.438286135365907 0.0973664332103779 -0.174448254225445 0.0492670921014188
-0.453383303235177 0.128436754463424 -0.121392598188417 0.0870923044539215
-0.450142897042577 0.134917793185678 -0.0715606796680402 0.107028314611937
-0.508110893622763 0.0469080236820441 0.0116744749147564 0.122567626218332
-0.458058355799703 -0.143376103129899 0.0475504568520372 0.158170526725091
-0.375881494300727 -0.226647207099801 -0.0288658542770986 0.243958659333734
-0.31720907758746 -0.361301825294262 -0.192446091432117 0.193630322965675
-0.082311048077852 -0.589096597912134 -0.248004101328582 0.0891607559157005
0.18120914658352 -0.647718072405821 -0.137864526313196 0.217818154644954
0.177578038787732 -0.369579006668997 -0.170657156035189 0.286024477181218
-0.0388912253872621 -0.312184562041197 0.226895362052867 0.346181804627105
-0.112937194162377 -0.107283737500256 0.259665181948827 -0.133431856096262
-0.0482545634819103 -0.0981503640916078 -0.0234062039501105 -0.283614924134714
-0.163204094065839 -0.161710439596291 -0.258788036333514 -0.173064131830674
-0.288860796239663 -0.0530037634843887 -0.316184234739075 -0.0134836399369624
-0.342923681306606 0.0740667054397558 -0.302079371735139 0.0825512497745485
-0.378957026318733 0.0873325755354645 -0.274279062819639 0.147096205546223
-0.394933043832055 0.0774082073074624 -0.233816928863216 0.157436366134879
-0.424828986295315 -0.0267938889010172 -0.153500724616111 0.141627859228303
-0.331261641957616 -0.183443174863551 -0.0873770072642744 0.13762158174053
-0.238009725562192 -0.206623560860286 -0.0993716305504004 0.221364851305281
-0.243783410676855 -0.28461405902252 -0.233652069191014 0.194358177565959
-0.0652254850625771 -0.509723052997982 -0.273651671700114 0.115777661810593
0.172150872635466 -0.554916401039006 -0.204087249056946 0.349853869101725
0.074559847262603 -0.23785173123729 -0.177901651161954 0.357242614823436
-0.0938822437249303 -0.146706611082517 0.223137465084725 0.271938870412134
-0.070556714552963 0.0172559489346944 0.172144855566647 -0.119601890082308
0.0331632316143245 -0.0241989949027046 -0.0299678287133698 -0.223845229845344
-0.059277436725889 -0.107030851739546 -0.25383423090705 -0.156016755891475
-0.160437455791184 -0.0390663835022911 -0.354250051191799 -0.00696453229296857
-0.21485668904166 0.035080047353634 -0.386238082566311 0.113423900125661
-0.245832452361484 0.0338552141943482 -0.385200750046624 0.186468816430574
-0.263186861798857 0.00988478422306534 -0.364223048757945 0.174494677248701
-0.247801960818657 -0.0780750442883512 -0.287649769868418 0.118046480194314
-0.131011952920524 -0.154803880269342 -0.185832990753146 0.0874259170864499
-0.0676221236609804 -0.0980446068539714 -0.151313320161285 0.189773070196393
-0.162660041676727 -0.133836364360457 -0.283865967838468 0.182592858701461
-0.0535408161878627 -0.333973314421957 -0.315311184750124 0.0947645885070843
0.121044939260619 -0.362755146550792 -0.259765344007307 0.424856337781539
-0.00326647128320153 0.0839806835063028 0.211779013069964 -0.477370680757858
0.110742336975383 0.0414810543381212 0.255218213055719 -0.0727780457206493
0.072393521408579 -0.0804878451486773 0.358665006580105 -0.18044882696116
-0.0772508204148146 -0.0773092429233942 0.116606610753251 -0.195899327034946
-0.0675717890016282 0.0407959919646232 0.14172780577164 -0.0169886447259399
0.00714420948117393 0.0503634295399386 0.318978130325183 -0.0256599796531892
0.0546336924629251 0.0280451687797476 0.43301547301049 -0.144226550379825
0.0647024548452999 0.0289654912210865 0.422634138141811 -0.208852544991684
0.0608848570146643 0.0337588925751374 0.39836389682603 -0.151703825718904
0.033492710934894 0.0528455171379858 0.347604759340596 -0.0400214294862594
-0.0280411180833918 0.0578210199433548 0.257133325656137 0.100694855521923
-0.100281665119532 -0.00868362028815301 0.0651817454516271 0.171216189609188
-0.00102676989238171 -0.0977586044545107 -0.100620251280042 0.114761425947678
0.0993065261810693 -0.0215629497309714 -0.183920664977035 -0.085766673987675
0.0375219447534267 0.0626933678694273 0.130912846850398 -0.33559634164558
0.111394898251321 -0.145171585019777 0.213230353600401 -0.445585840649644
0.14687597352221 -0.215394461174913 0.260521089521845 0.0316319060556227
0.0329113146061888 -0.276806237052098 0.437887243106885 -0.155466721382384
-0.16518748816122 -0.249867737389435 0.125231421932444 -0.237593744778858
-0.236762245428533 -0.0962549233028984 0.0927468044302268 -0.0191846893498248
-0.206166780512989 0.01448313759987 0.278131110252669 0.0136832687319757
-0.141919212768765 0.0773401996502407 0.411543336219391 -0.101029714257198
-0.107895839877549 0.0885687771291007 0.409415084430752 -0.185224338642919
-0.0820370933832649 0.0837235922930759 0.383595802137386 -0.144895098191073
-0.101061634494777 0.0664768836034343 0.351267339828994 -0.0447920539287862
-0.130612708014418 0.0175696848522523 0.27201838282578 0.0979882899964113
-0.16504313042743 -0.0490299061504919 0.0698201837248606 0.176396344171236
-0.069506682738854 -0.160302254298885 -0.104315513183533 0.111711258468442
0.0826989312471742 -0.164824401086128 -0.191753141068095 -0.0594218585962642
0.0947857186592685 -0.13495015641532 0.0870384805642801 -0.290073986104652
0.229945534184357 -0.336422227541787 0.16137327656823 -0.332440346290067
0.187038225983011 -0.442215099329103 0.253994245176112 0.165704114550593
-0.00247883509049961 -0.440304241109183 0.496499592982543 -0.136195510211645
-0.225490592382066 -0.381742094173199 0.125540751750856 -0.303221225077648
-0.35846162513281 -0.22252276663856 0.00678025688967271 -0.067163455632606
-0.380574497487509 -0.0360741745762031 0.16831597553072 0.0229089564986855
-0.313470268735233 0.106295074636758 0.312692969117814 -0.0581960938053207
-0.263687264048491 0.135968268420579 0.333197155199048 -0.135494874413856
-0.217920999300325 0.133981680390793 0.324942211446837 -0.109977432166577
-0.241892970218394 0.0920186028823391 0.330167335596334 -0.0334637390669729
-0.254198599775106 -0.00839861453714211 0.27996569117408 0.0981887710549447
-0.256885423232328 -0.0886086835445546 0.08027766879893 0.194586526155042
-0.162850138926024 -0.229614392644129 -0.114926351981816 0.129564800453786
0.0322865866895766 -0.313865540797429 -0.210177171642797 -0.0344742925322454
0.124764378640075 -0.334223960348571 0.0347506174031776 -0.209403794423684
0.306161819083582 -0.455388079188247 0.0703584974165024 -0.165108134697967
0.192445353469769 -0.573594830995295 0.244503932185721 0.2958410120505
-0.0484466122033691 -0.506389948283101 0.51000357313837 -0.132309529376076
-0.254778157996605 -0.418798889400214 0.101341349495163 -0.361917037725285
-0.411820737522135 -0.283696856450554 -0.0960570551926218 -0.130011820030973
-0.475935096100604 -0.0681114445889391 0.0201141434568294 0.0100216871015421
-0.42556811338247 0.121365636906834 0.16040813992457 -0.0197362617216489
-0.381807804509642 0.164370310206146 0.206071029856377 -0.0670448031733848
-0.333909113228461 0.170356543086675 0.225899119612179 -0.0485206602605942
-0.377055080153176 0.11561332137508 0.271296657194252 0.00393031236492517
-0.381991088923124 -0.0298652188910289 0.254919899362601 0.109844672447523
-0.359437405864513 -0.130327983377097 0.0791232082420283 0.217317287026295
-0.264280884201433 -0.298097566468699 -0.12919496622867 0.159002500557138
-0.0328982158548402 -0.452856396669835 -0.226753460024724 0.000226902653858357
0.136998986775921 -0.506934112038004 -0.0181662643339423 -0.0915295877821529
0.313828782913008 -0.493730064744609 -0.032637967791678 0.0163418328807322
0.135965346998733 -0.573146121542957 0.242144011378916 0.375978055100149
-0.0989025831329935 -0.434548573367787 0.461810640229173 -0.141364705604309
-0.228571280412225 -0.344837656864821 0.0513065471213416 -0.379554765830155
-0.382888390409931 -0.270745341495076 -0.189219964787558 -0.171730776584265
-0.479835755936208 -0.0714227248122277 -0.128349097963225 -0.00534853439339868
-0.461400396054052 0.123825010480685 -0.0107889036622165 0.0150525384852729
-0.443049134243188 0.168490913334748 0.0487160474553359 0.0106897744182234
-0.414454272590839 0.179559149103138 0.0913263032744533 0.0298001531555101
-0.475023759537918 0.111884618683166 0.164693148921245 0.0621595972097334
-0.469790110291515 -0.0659660580060132 0.178056798548785 0.133955000040145
-0.418976855258843 -0.175739557656244 0.0470191954972005 0.236717683506115
-0.327933529515933 -0.343506910693048 -0.149759529269336 0.186327187802261
-0.0846039094703357 -0.550529453961619 -0.235236887994939 0.0485667934965018
0.147178465334646 -0.618990383948261 -0.0708842603874541 0.0563484652700383
0.253855958909248 -0.457479780105986 -0.114028942070623 0.174455002680889
0.0385964949356838 -0.46213100954173 0.243147725448884 0.381478121275942
-0.122781114207823 -0.269458476988284 0.361353720683723 -0.150482829040729
-0.148545539657054 -0.212269309875276 -0.00285469573271149 -0.343783684987161
-0.286590070410118 -0.215012047712913 -0.244777810324528 -0.17722157164972
-0.403104826588112 -0.056493301112009 -0.242261886017914 -0.00891185908559664
-0.423252727921495 0.114666060987298 -0.168739846354032 0.0520147259306322
-0.439144176889809 0.14871379462138 -0.116203678410966 0.0866978723049492
-0.438016691354984 0.152786856479847 -0.0653917353048383 0.107850180097399
-0.499217617857834 0.066783900196292 0.0175641052759842 0.119276336631776
-0.460482484172512 -0.124035416237715 0.0551193418727074 0.15194915549251
-0.377876409287873 -0.212699474326629 -0.0163969010179933 0.240386188044233
-0.318588733724493 -0.343572279377953 -0.18085283263131 0.202781623317635
-0.100079713234634 -0.573413732950975 -0.245053958163327 0.0981434824760855
0.15418570425567 -0.638738357955201 -0.127325342085724 0.21218335966034
0.156805042486515 -0.365132323534923 -0.157489759531022 0.288292359325776
-0.049075321179317 -0.298969839614769 0.237681418771601 0.326660696114493
-0.10908808782389 -0.0981373207410922 0.248498740584186 -0.143637643714285
-0.0497564808956889 -0.0973743444723431 -0.035467101819283 -0.275739507529406
-0.170677490759026 -0.152022427361338 -0.259993378373001 -0.159905956389263
-0.286348513856119 -0.0385270992714902 -0.310600367033443 -0.00166266274194476
-0.33180960475015 0.0888551904429809 -0.291466046309887 0.0913958790970121
-0.36744134329757 0.106050427435055 -0.26319467356107 0.152179789637268
-0.385958274159926 0.0943765092387694 -0.222793798919738 0.163865766906609
-0.42010830989441 -0.00722530062347399 -0.145121573687076 0.144522796184846
-0.336930141529995 -0.168709135559721 -0.080091423668185 0.137222375397028
-0.240412366470056 -0.198155776083436 -0.0864939054205636 0.219178955840955
-0.244278388803583 -0.270113213339009 -0.221126342651528 0.202940856190275
-0.0797829337567289 -0.495733124004248 -0.27031680758848 0.125798186471036
0.147724097638265 -0.547035322020614 -0.186863879192553 0.342914609816466
0.0617105457843607 -0.232485438211973 -0.162326652335776 0.35723994173771
-0.0967661886884049 -0.136016387207483 0.230407208548895 0.253544304703288
-0.0648356084014123 0.0195937103264531 0.162720915792541 -0.125460212169703
0.032016337587779 -0.0287074101299637 -0.0398736738210013 -0.217666824178151
-0.0666042371846216 -0.101877004049158 -0.255462630073547 -0.142041761434943
-0.159256183969614 -0.0302841033274289 -0.347229093542112 0.0074166448912583
-0.207718220019293 0.0454823562452667 -0.373087131252549 0.125697097781819
-0.238844870703409 0.04847105274105 -0.370382345915155 0.195488508521361
-0.258752228965019 0.0248855714548343 -0.35048858579083 0.185599223141063
-0.247875484962355 -0.0658230751209545 -0.278465902820197 0.128299826120867
-0.137239202941926 -0.148932736696056 -0.179374793201868 0.0918918020191731
-0.0681724588758618 -0.0988335352228348 -0.138365086391632 0.188960141977799
-0.159437198650095 -0.123381918814145 -0.272115676816213 0.191249198426939
-0.063676770856752 -0.32358662020175 -0.312109678569785 0.107671820604881
0.102917387310902 -0.356669324652235 -0.238551687615198 0.417331502274865
0.0017251995277151 0.0832486585128071 0.199262914210307 -0.469599611650912
0.111733118275566 0.0338276934078247 0.255491883970926 -0.0804703104050448
0.0671886206497156 -0.082345053090589 0.349825313209245 -0.190978925337436
-0.0792336180193942 -0.0708472567784542 0.10775695522354 -0.192504962810997
-0.0621920229662997 0.0431693737505089 0.14206138260181 -0.0165519367289115
0.0100475959589925 0.0487573186014428 0.315982843929829 -0.0347625912724109
0.0540056887712324 0.0237120682462482 0.421599046463156 -0.156626668910873
0.0653229038765654 0.0224820461856068 0.409083049705801 -0.217014413876543
0.0621480363991789 0.0284349681688703 0.389613953193406 -0.160107764671251
0.0364233500621868 0.0493157296102976 0.342614547891553 -0.0496255727599056
-0.0239442302535767 0.0571427942332095 0.258406136677171 0.0896879702160872
-0.0981984364148447 -0.00292561009954878 0.0722333045652423 0.16727269252973
-0.00551264090818799 -0.0953345456790841 -0.0931643667933233 0.1193520654143
0.095510720326784 -0.0272939759162648 -0.181338066057102 -0.0752716430491048
0.040819971813885 0.0589533258589499 0.118010382344687 -0.334253740166
0.109103430451798 -0.144192525170036 0.200826293532964 -0.438155970397933
0.14218498552796 -0.219106803084298 0.263371396634429 0.0218349106156636
0.0261480434146658 -0.275324211363807 0.428826526877556 -0.168893053849964
-0.169344261788237 -0.241362624241856 0.114522730783596 -0.233540861055826
-0.234402605143473 -0.0888242383492359 0.0937538170976664 -0.0181723123299991
-0.20268532393693 0.0198268798712915 0.27660725493487 0.0052409101004234
-0.13848352412999 0.0779029920921952 0.4020193986922 -0.114019733993655
-0.103371274097372 0.087163627263956 0.397035613393662 -0.194308163346968
-0.0778518720811737 0.0827857101206141 0.375680530528984 -0.153327366307707
-0.0972761147387484 0.0658865013769383 0.345722007621773 -0.0560993083294898
-0.127676748200025 0.020948978549948 0.27381606731926 0.0866918397065245
-0.161882837803435 -0.0416563405110754 0.0769579014418126 0.172303116927005
-0.0728681223099548 -0.155546286182598 -0.0969969908616928 0.117695051962858
0.0766694457703628 -0.167011345720676 -0.188736037016566 -0.0496147928510645
0.0907458659913068 -0.135813865241505 0.0770505251905596 -0.28866218900682
0.219806577965067 -0.334338816241091 0.151047882892677 -0.325096506517905
0.177928790591158 -0.441090674015371 0.260266097502149 0.153164383531237
-0.00911434067066961 -0.435387131414887 0.48731077415067 -0.153086745271346
-0.230813829772747 -0.372356780217588 0.113039569983078 -0.298206155696921
-0.360906728232864 -0.210833464076153 0.00833000349985967 -0.0636071205297855
-0.376991877950179 -0.0262166368815847 0.168838607318017 0.0169527998882713
-0.306461541269289 0.111788944330486 0.306559954033134 -0.0680604450894681
-0.255793486171669 0.140194878243405 0.323282647038167 -0.14418808103125
-0.2115481256271 0.136690218146211 0.320098542823949 -0.117674222384618
-0.236172156131899 0.0959869626859918 0.32593148138267 -0.0444710038829764
-0.25229003278952 -0.00135267746519863 0.282074364772358 0.0859911646185311
-0.25467158179142 -0.0798073061368086 0.0894167074322507 0.189739511714732
-0.164937457102538 -0.22052770484819 -0.106471022303404 0.136286047080888
0.0251319808076951 -0.312502642125783 -0.20735941794567 -0.0249734553355205
0.11498046731159 -0.329912113839278 0.0288901963342848 -0.209279882507935
0.292603900867934 -0.452383675735895 0.0642268829228999 -0.158662513526583
0.177461477373452 -0.569177867747577 0.253727962614575 0.281762558406891
-0.05577452454425 -0.497568284542244 0.500308506967665 -0.149115748531741
-0.259439424964547 -0.409024002492366 0.0887771692224276 -0.356525348762071
-0.415917571616766 -0.271010450138165 -0.0955436557824657 -0.125129314305325
-0.473480713715857 -0.0538042554047728 0.021573047076457 0.00720938908524322
-0.416583665353722 0.130929303156316 0.156985380631025 -0.0274205829137713
-0.369606922932343 0.172896947503488 0.200041985861038 -0.0743096226179189
-0.326345066657226 0.177443847450835 0.224021054901621 -0.0538929429691014
-0.369942951322519 0.123763315359578 0.269272131257219 -0.00639404986729446
-0.380999371894869 -0.0188004636998706 0.258022048115035 0.0980586488384868
-0.357224029408492 -0.119360229647237 0.0885804739020617 0.21249591792948
-0.265445544668997 -0.286786756551484 -0.119779734703003 0.16572501604345
-0.0418846019067077 -0.44789009188111 -0.224837041785093 0.0105711271491682
0.123820046983801 -0.50044929233156 -0.0198448706567823 -0.0926810647448328
0.298219802146376 -0.488870731735416 -0.0329837798570933 0.0216057895520256
0.121278602954094 -0.565128930472701 0.252681396500383 0.360630877805032
-0.101992933526979 -0.424112949452647 0.450546792713404 -0.157295656528859
-0.231239482428325 -0.337466462828712 0.0387359454915051 -0.37305282541969
-0.38800123953415 -0.258850464701491 -0.188398224363692 -0.164782301683589
-0.476723791753676 -0.0576112094757394 -0.125264368165485 -0.00426183308707247
-0.450830387462622 0.135505965100234 -0.0105655616706297 0.0119457337157136
-0.430028224225404 0.180401342383403 0.046811101626377 0.00580915696280551
-0.405548322828203 0.191458095873773 0.0933038607204759 0.0275503820382864
-0.468700180840574 0.125394447350792 0.165891432836585 0.0541491759720929
-0.468330519303805 -0.0528707953927321 0.181810681031579 0.124710462017546
-0.416410014488167 -0.164494048193343 0.0566339391172608 0.231785466850812
-0.328573122720851 -0.331251937376518 -0.139801770777541 0.193251447645991
-0.0943079454199774 -0.543870971336373 -0.234975917484947 0.0578610419816596
0.13106018623176 -0.609797266036337 -0.0685394817093112 0.0520092921448731
0.236984826470283 -0.451946093922155 -0.109955837002326 0.177633583815687
0.0289471359619265 -0.45091410717359 0.252663596849846 0.365640702971749
-0.121668574773896 -0.260099312951986 0.352790003231751 -0.162606327361403
-0.149005325697286 -0.208425448772163 -0.0139713987871587 -0.337267381369717
-0.292303637685026 -0.204007710014333 -0.245038167390253 -0.16909257173423
-0.401046918669636 -0.04353830249138 -0.238277000372521 -0.0042926161325943
-0.412886283534296 0.125635501116214 -0.164848486059744 0.0532456141927683
-0.426055277971821 0.161891525858607 -0.114030348289296 0.0855908184482639
-0.42944257191694 0.166040501720319 -0.0598905422530466 0.107987062523502
-0.49304311767651 0.0811025279212031 0.0218931518009782 0.115582227999866
-0.462527789982691 -0.109890459399075 0.0602275349225606 0.146249071541726
-0.378733012349306 -0.203639506342914 -0.0060087693866186 0.236329067182142
-0.317875196639253 -0.331368949998758 -0.17193249806002 0.208863908447601
-0.109492560463659 -0.562806667421294 -0.244806200696419 0.106279018191125
0.136068070697848 -0.628866210723344 -0.119868654947324 0.205546303023728
0.143736325188674 -0.358341647722547 -0.149150323584341 0.289584433041156
-0.0546068601325713 -0.287374737594117 0.245716660002257 0.309843164157557
-0.104511638179916 -0.0922875687460658 0.239651411808836 -0.152317148216131
-0.0505100922510965 -0.0977686399850867 -0.044169821260027 -0.270127754779539
-0.176621989603321 -0.144431602604151 -0.260426335493776 -0.150419177546079
-0.283725027058674 -0.0272417702574951 -0.305863029735585 0.00546267147939315
-0.322174276228186 0.0991544388824134 -0.284946837147445 0.0954037334468558
-0.357721517143449 0.119103656082948 -0.256045312409136 0.15414791785538
-0.378676101826847 0.108485889035653 -0.214164882125839 0.167547412912627
-0.416854285285648 0.00632339847007926 -0.137640563838515 0.146288179145312
-0.34105056171066 -0.158408468572517 -0.0749192026818705 0.136591818322231
-0.241745409683499 -0.194090594383807 -0.0770001338100926 0.216923089904014
-0.240954607485698 -0.259445595426593 -0.213199026633166 0.208411659340886
-0.090226653162314 -0.486603785730155 -0.269146673299394 0.13378209974823
0.131114512464239 -0.54006472554939 -0.175939752888634 0.335536264664018
0.0529297069749148 -0.226933195533208 -0.150934613330703 0.35654343038419
-0.0974212066696582 -0.12690368233688 0.235429297706395 0.239477966791239
-0.0601652658814796 0.0215835003315483 0.155778052681919 -0.131201557813306
0.0298086230241444 -0.0322747873175726 -0.0476296679940886 -0.213514187002394
-0.0730285936580325 -0.096826184871847 -0.255831443648597 -0.132237980379362
-0.158073725794792 -0.0227613849212196 -0.34186977013797 0.0172118439086655
-0.200834873233733 0.0538575138073555 -0.36339236560566 0.133253355820098
-0.23259024851193 0.0598143773090115 -0.360762866705455 0.20104594502604
-0.254622906433442 0.0369155420122563 -0.340511250286958 0.191809825335182
-0.248963179726484 -0.056063473960079 -0.271145403499264 0.135195130525218
-0.143297605852321 -0.144233536699855 -0.175657093584499 0.0943592292446977
-0.0690445689017083 -0.100383085019739 -0.129477581956679 0.187013582153196
-0.15452830403235 -0.115234614719939 -0.263864643498117 0.195132168906347
-0.0706544028102728 -0.315536123736171 -0.310913569957309 0.117276710712818
0.090273415303779 -0.351051760241996 -0.224701191659621 0.411098196107593
0.00705402400216361 0.0821699907723664 0.187773111723628 -0.465516561878531
0.112415041192833 0.0269886747040085 0.257151699719155 -0.0880948223181217
0.0624885724169578 -0.0840415953600944 0.343253881859869 -0.203245060488341
-0.0807660333076059 -0.0650818219494086 0.100315367266699 -0.190222905292935
-0.0570951243046559 0.0451666201527271 0.143559114117907 -0.0164752806302187
0.0129807746642513 0.0473185393085034 0.315224611818414 -0.0439523741619995
0.0535977408399911 0.0198636967397746 0.413314068973545 -0.16903269674172
0.0656747453972315 0.0156656439068182 0.401277630135747 -0.226524012977977
0.0637639817410474 0.0232522235156745 0.384735139352363 -0.168745816570207
0.0385767069452879 0.0455687260316655 0.339282310813338 -0.059914278301914
-0.0207148584496529 0.0569670569479094 0.261384474620009 0.0801877312234229
-0.0965099012969501 0.00247846198758449 0.0800026537894871 0.163575759306043
-0.00976531255558771 -0.0943210095522916 -0.0861723581596766 0.12445610484544
0.0930794856570074 -0.0326524446283505 -0.179336518894789 -0.0658766163051069
0.0425521540571371 0.055777102743621 0.106808131075343 -0.334006772994993
0.108628047213865 -0.144849178628347 0.188010622067798 -0.433303426136983
0.137674172713931 -0.223951254355869 0.268705127492971 0.0132129078547447
0.0206679969672857 -0.275003171289054 0.422553156341093 -0.185020600074796
-0.174341878499182 -0.234056409680482 0.105368498969595 -0.230580478781599
-0.233748144199812 -0.0814556165255796 0.0956700414398162 -0.0176038787999914
-0.199950971903103 0.0241588133793656 0.277067721851155 -0.00355824995103179
-0.136239875112738 0.0791787285672058 0.396563210566738 -0.126266805806409
-0.0996654157754985 0.0859022430108613 0.386783788541527 -0.205794776021098
-0.0749796937556165 0.0815585625418626 0.37230194505734 -0.162515514192425
-0.0940021475352584 0.0657089258519617 0.342383401947235 -0.0664131449316791
-0.125510698708309 0.0236386754664959 0.276907548565157 0.0754689806053565
-0.160109642372035 -0.0347030149094773 0.0854385971671264 0.168408265321069
-0.0766306873183329 -0.151643144089083 -0.0893050490841072 0.123371689341901
0.0706354392083481 -0.170144594802605 -0.186444448483075 -0.039811386156382
0.0871197775820486 -0.136991589374574 0.0681436799827089 -0.289252949104131
0.216127064362305 -0.335221012369777 0.142530682763961 -0.320018020080017
0.168115467415028 -0.443589153651869 0.268297990199577 0.143202965223567
-0.0169335406118042 -0.432140324816733 0.479801274323678 -0.170897044648769
-0.237883441905466 -0.36668632711767 0.101630714722673 -0.295447059769601
-0.363346318702238 -0.201139804985612 0.0101936187249189 -0.0617432561636789
-0.374920856772491 -0.0145763663300638 0.170065952414288 0.0100070545562805
-0.301156184783729 0.117785309977411 0.302373792043111 -0.0798577977551897
-0.249487113919788 0.144283494636051 0.315914695863592 -0.154041748648273
-0.206963148958432 0.140289350424153 0.317169844330355 -0.125537856105205
-0.232310873302657 0.100712329787375 0.324019690141598 -0.0553334760848438
-0.25171131808482 0.00499151444550138 0.285707669008437 0.0743749012937482
-0.25311503862765 -0.0722396281928521 0.0978445114672537 0.186209736750139
-0.167959834158117 -0.214417596317539 -0.0986582865591205 0.142703873903161
0.0168457722138975 -0.312820241468288 -0.206054794879014 -0.0154671041849661
0.106414699491042 -0.329863244313952 0.0228694073282186 -0.210511719564145
0.283376404360897 -0.453029842715961 0.0594452865418314 -0.153551919672227
0.164132278392508 -0.56898459613045 0.266464277720523 0.269090822303685
-0.0611412129356184 -0.491802181449838 0.493292163281675 -0.168324195787604
-0.265048581401692 -0.403711822698709 0.075957551412065 -0.353788699197704
-0.422611200012861 -0.259555796989925 -0.0947835121964867 -0.121546788298915
-0.472787287153334 -0.0416421667103593 0.0226581725593887 0.00366986912201558
-0.410463964356359 0.14057981000844 0.155410694298672 -0.0348207729090334
-0.362474845716608 0.181903597751328 0.194999416148569 -0.0817825222865782
-0.320572560687367 0.186450094916788 0.224232471927505 -0.0600484217891392
-0.36544060079125 0.133860561777929 0.26869662268574 -0.0167412576907593
-0.381812799303183 -0.00880635023747399 0.261911936905092 0.0879850516364983
-0.357110295089402 -0.111019865311032 0.0980178982879485 0.208370182121563
-0.268543203991329 -0.278047596490968 -0.11128224911361 0.172849756669101
-0.0515274755264377 -0.444404779247294 -0.224476388532396 0.0204306339107406
0.110556014820017 -0.496268076162558 -0.0223157270651377 -0.0954765505613417
0.285549429885251 -0.488478216181509 -0.033674137568504 0.0263517112218677
0.108114604363514 -0.56201944089906 0.263910033294843 0.348685889156734
-0.104810107343975 -0.416971090863234 0.443964475342648 -0.174803779938912
-0.234618305318265 -0.331764785114273 0.0265395533482174 -0.370968433904699
-0.395568731247829 -0.248017714298831 -0.189609287092896 -0.160550164496311
-0.476251403355043 -0.0443140781048932 -0.124861778854516 -0.00383359711688739
-0.443184853257243 0.14698794069252 -0.0103789427655443 0.00863769983447193
-0.421128417365812 0.191326559984854 0.04463914307952 0.00109767428152131
-0.398530906960488 0.202135730623719 0.0958416113104115 0.0238857586119053
-0.46420407114454 0.13716154580881 0.168288167472861 0.0464384599856439
-0.472311601705839 -0.0414771268574805 0.186948014176244 0.116085436762097
-0.418073967603559 -0.156744174564577 0.0665523386077921 0.227836536762458
-0.330487366949211 -0.323463712989026 -0.131426941321685 0.200889659063453
-0.105542117680519 -0.539028619079613 -0.234875191563471 0.0671874197190141
0.114583192692928 -0.606121298151295 -0.0669714548023589 0.0480438363230485
0.22402304265041 -0.448717700941451 -0.105673327568659 0.181762130806706
0.0194478210416177 -0.44548979006328 0.261856745761433 0.351105936850872
-0.120631131038708 -0.252303652104418 0.345843513416477 -0.177289281332862
-0.151187097272921 -0.206727348447735 -0.0241595575536572 -0.334155881572981
-0.299186446068837 -0.195577102840549 -0.246358247078489 -0.162497338794027
-0.40042783830225 -0.0303826281133681 -0.236485059977592 -0.000945129454789291
-0.404942724885056 0.136710982764414 -0.162902035493557 0.054366281959846
-0.417696359551922 0.175567976360099 -0.112332917485139 0.0852831981238545
-0.423288169511864 0.179625608212298 -0.0555442446026134 0.108604204791428
-0.490397745517033 0.0958429465495969 0.0260142156605678 0.112393916825875
-0.467668480725021 -0.0975133684437099 0.0652977356717602 0.142015595388234
-0.380885990508084 -0.197341328675595 0.00275629901868156 0.233728588939741
-0.317318521655013 -0.321612246020972 -0.164148332841204 0.216756188743186
-0.121567773411778 -0.555997669561171 -0.244214076727448 0.114605166067928
0.118464857172196 -0.623840899356221 -0.11486448044027 0.200409195435492
0.134266371098022 -0.353576176370927 -0.141045128152672 0.292392565430212
-0.0598881460235857 -0.279382679947412 0.254314288287158 0.296610003959856
-0.100752188267082 -0.0868908884636935 0.233182700011259 -0.162699734596696
-0.051599254590902 -0.0984965983548663 -0.0525708903137717 -0.266817039432619
-0.18311921485398 -0.137978740411602 -0.262037569598253 -0.142974403493426
-0.283431574638607 -0.0181436350316458 -0.304799478580704 0.0115326244652679
-0.314735424068901 0.108541679194836 -0.280295069925962 0.101476697602508
-0.349885326690169 0.132329570003442 -0.2516379602278 0.158137490071977
-0.373463184525368 0.123680058412944 -0.207541365391425 0.171236292338501
-0.416745406371734 0.0199045309104946 -0.132011131052123 0.148757165774396
-0.34801364250042 -0.150674875706062 -0.0708470537083015 0.136130490009727
-0.245113475235975 -0.192363073516506 -0.0695815772382495 0.215799824112541
-0.239835694386825 -0.251657158777234 -0.206578974719062 0.21552418124662
-0.0994528048480983 -0.479220717203025 -0.269523978065244 0.142368250626847
0.114641711668551 -0.534732490750849 -0.167590613654891 0.330049059620784
0.0447585700650907 -0.223670246111146 -0.140991688124184 0.356904750402179
-0.0981068971756788 -0.12009948017382 0.241569288884567 0.22625414289705
-0.0556326295464362 0.0236650528150292 0.149375859338075 -0.137567166618567
0.0283459867736978 -0.0357572827532537 -0.0544059562026807 -0.210445449066125
-0.0783240811483848 -0.0929654649726168 -0.258374242927356 -0.123127456215073
-0.157630925647103 -0.0159366165679434 -0.339952648796511 0.0262509461523987
-0.194996121980463 0.0613913685855679 -0.356849085781246 0.142185118142431
-0.227062442245236 0.0692381245771958 -0.35378292552315 0.206884059065258
-0.251564775308795 0.0483649096825324 -0.333669346034671 0.200620173446318
-0.251672991438441 -0.0463392399649517 -0.265246002202513 0.14206423152187
-0.14981215104441 -0.141592041687231 -0.173014653802227 0.0978183768100269
-0.0703797718745506 -0.102958089297962 -0.122642333568819 0.186417702358197
-0.150822999674025 -0.109105493146062 -0.25764830699954 0.20186091724869
-0.0777352743508514 -0.309931166265961 -0.311355891332526 0.127991196259454
0.0790852410726302 -0.348617780829274 -0.214582877579436 0.405556154593189
-0.0025308287803277 0.0868710635952998 0.266143722283515 -0.416717996032234
0.102834608800952 0.0448678127509294 0.271781174213935 -0.0379064233173916
0.0727647513251478 -0.0655488687266125 0.372174607288727 -0.136463353960301
-0.0654447416945663 -0.0700113368169767 0.130152715825052 -0.165490590031273
-0.0616487679282152 0.0345813973241357 0.146288537654304 0.0118441544365636
0.0038499957250672 0.04829793027454 0.318141488126718 0.0142302469067146
0.0466378908442953 0.0253108698166988 0.437034347844713 -0.0884003638853811
0.0608734107782299 0.0230415913678646 0.431305062601019 -0.144086738088098
0.0574015772036969 0.032302209012744 0.40717524796461 -0.090766490765963
0.0294608942815935 0.0486290333244056 0.339922677032374 0.00646797968555135
-0.0296543216859555 0.050244873844605 0.240576368060703 0.126548877516166
-0.090706050857575 -0.0142915135285585 0.046532008081694 0.1760681317316
0.00911524670600123 -0.0929599578719943 -0.106214770629082 0.107112258201595
0.0950026208679075 -0.0156223216535054 -0.16279909924891 -0.0938073393741984
0.0323588629095629 0.0615575201523435 0.174159603868963 -0.314534555054652
0.137017812732883 -0.111039852949995 0.263115901903925 -0.384819788975671
0.169347401793869 -0.190628018275628 0.274367805123784 0.0652409277435977
0.0676537641716367 -0.255866920639099 0.451358090993193 -0.105366983935422
-0.122694953684169 -0.247749223031781 0.146582604557716 -0.205279136139693
-0.209682969809257 -0.120278677125236 0.103682602991084 0.00411910583282509
-0.19851617852276 -0.0147001991787216 0.277395045131902 0.0437325822750036
-0.146687015634671 0.0493135261310982 0.412724050933771 -0.0521702385178094
-0.115052260574152 0.0622768903258952 0.413933109498417 -0.127054731772539
-0.0886550359133088 0.0626996708790915 0.39403292598264 -0.0883045608694117
-0.102913499939393 0.0437228151913545 0.34383265637677 0.000290652462187973
-0.126292644553255 -0.00239448886328456 0.253574850863179 0.123080065490623
-0.143748377086895 -0.0648770548548287 0.0491803488849754 0.181377050433369
-0.0431265624731733 -0.16266385079439 -0.111357860225027 0.10486466451599
0.100909372307106 -0.15234365328878 -0.173562769478828 -0.0710528865463514
0.113589059469569 -0.116246529538944 0.127229772505528 -0.278601733399207
0.273133365758482 -0.272570229158892 0.201222760290361 -0.286225836675277
0.23389629865984 -0.395654291202621 0.258923799885737 0.195903732296366
0.0606055929708102 -0.411338740958364 0.510653364657717 -0.0827836376745342
-0.15722488187662 -0.385918611450258 0.156884700624101 -0.270276638455632
-0.311329454355057 -0.260494416584666 0.0294175221728794 -0.0538428782438099
-0.360060291963825 -0.0835558742404381 0.172934445836605 0.0337507940975202
-0.313742325026237 0.0578014826580439 0.31061049315017 -0.0258919613481586
-0.273363150134944 0.0927207215585642 0.334604460724253 -0.0914306607370878
-0.228765353381444 0.0954284059688073 0.334048717131922 -0.0640763800390939
-0.244638578516203 0.0509781375061405 0.320915457582209 0.00722784355876663
-0.24656834834695 -0.0442913043649665 0.259118578617063 0.123841957708448
-0.224744544325085 -0.120107471017321 0.0557727135340553 0.200382242041423
-0.117868830801647 -0.243800533122468 -0.127273484667446 0.120673373776427
0.0780989242046818 -0.301299081093263 -0.198213972324436 -0.0533404288595262
0.170388029270869 -0.298402676195401 0.0655463739160111 -0.210772525453647
0.358416700595026 -0.375603898164064 0.0909616959789684 -0.138638445737098
0.250043729785163 -0.514444971606023 0.237417042201223 0.318496544823764
0.0298392150282455 -0.474442127058653 0.524766513858383 -0.0793506364035736
-0.174519033737387 -0.426341724819455 0.143306074135166 -0.3334461626923
-0.357693420852644 -0.327772083982187 -0.0613951155733539 -0.130576660995075
-0.450159242474651 -0.127344211194309 0.0302374543027143 -0.00229714845116441
-0.422890264891825 0.0604210540706485 0.156451413677458 -0.0115199239612392
-0.390560343700581 0.109892243194728 0.204527368463434 -0.0449018345368893
-0.349051910837647 0.117691295868035 0.229771926807407 -0.0187843782849473
-0.38155760317786 0.0587341479910055 0.258232090961631 0.032930611039308
-0.372637614928156 -0.0842416134025024 0.228665939186516 0.131585297386524
-0.317147704826458 -0.180809572233253 0.0479054980312096 0.221531693880682
-0.200912450702382 -0.328009063055189 -0.148470017239717 0.146726917610998
0.0396890458270366 -0.443509560568147 -0.223628424139 -0.023988334418191
0.209323866270434 -0.458811559458295 -0.00362903245017349 -0.107251903446398
0.364212884459688 -0.410484024467552 -0.0330177787235666 0.0196525947129201
0.192811476174745 -0.516394176403663 0.221088409915557 0.39300885804634
-0.0236866976987614 -0.409796785551182 0.474128428110041 -0.0966924973398899
-0.156930062961375 -0.354471706225105 0.0966224637262202 -0.359614564689943
-0.333009814167596 -0.311574945162516 -0.14876294297015 -0.18689279005407
-0.452235651001406 -0.129405941472673 -0.113757849565602 -0.0375881008238264
-0.455633303683636 0.0634352814034843 -0.0160302645866675 -0.000669789765817957
-0.45107367205286 0.11095814255077 0.0424896445294482 0.00684246478427203
-0.429236325602215 0.119922302339107 0.0883693843790097 0.038794068139457
-0.477315244530088 0.0444998140649775 0.147295139675708 0.0743099825530011
-0.454486782110029 -0.133487195242789 0.146916296377147 0.144347548536045
-0.367071144760868 -0.239688606612539 0.0106156314529786 0.233548978290822
-0.250044451595336 -0.385465114536574 -0.17679939940169 0.16847739019479
0.00735875338324357 -0.543856418593581 -0.244346569739808 0.0185573969609409
0.233019772830031 -0.565525946608367 -0.0789854483337066 0.0258533180259909
0.296260935057302 -0.387193823608596 -0.131928174692442 0.157611654851979
0.0873888628121657 -0.417753004585996 0.215182882150674 0.389105977818468
-0.0676311465352105 -0.254698893494301 0.374259967687024 -0.117165714398426
-0.10014297666974 -0.221324700135269 0.0375859737829023 -0.332407119576017
-0.251156654612371 -0.241613126637461 -0.20633793675867 -0.200116397035169
-0.381071123847898 -0.101234087388716 -0.226319678806842 -0.0542983365625527
-0.415679946747618 0.0630314625257411 -0.174440587494088 0.0154057450076988
-0.443251273841975 0.0966659254585923 -0.125833662068079 0.0590571148610919
-0.446011654732642 0.0941620892972615 -0.0755707105116064 0.0919666668974708
-0.495241743107415 0.000601029397085672 -0.0028733944749739 0.110230443256487
-0.439010424478303 -0.1881509638259 0.022426734957699 0.144351530538465
-0.322393111150101 -0.271578664549379 -0.052703126606642 0.224387868164926
-0.23725018082899 -0.382050234573568 -0.213100665371291 0.177413423726952
-0.00297528118250999 -0.564581142468024 -0.265225388883023 0.0625797884852311
0.241075742447714 -0.582095034805289 -0.158994553466626 0.167804385073054
0.18950876193457 -0.31513265412006 -0.186283555520396 0.258842986387227
-0.0149675568339946 -0.272584117744066 0.210811408508027 0.328228582096477
-0.0771974871166447 -0.0943124077246966 0.257061144671168 -0.123715276773719
-0.027168079531605 -0.102612290075215 -0.00338900247610147 -0.270711123625296
-0.149845509314529 -0.165326725670134 -0.227709369665479 -0.183317164850551
-0.270236297898683 -0.0684174804705854 -0.296675145438859 -0.0511431161755735
-0.32262632526804 0.0524889878510654 -0.297698340915322 0.0400370254644894
-0.367268460752415 0.0691201546625816 -0.274995010223109 0.103639940788069
-0.38686731819605 0.0492107004922627 -0.236413662702124 0.124827099523271
-0.410988024085132 -0.0577957696042994 -0.16154548743035 0.115332955559487
-0.31313637584801 -0.216167892568153 -0.105865314242545 0.112386059557825
-0.192245200987447 -0.239124733927768 -0.11670297418235 0.190214772527563
-0.174653315741151 -0.294614082608423 -0.253307781757043 0.168624582391669
0.00125301723891931 -0.483794603598079 -0.296432987972802 0.085983324005352
0.220841043607099 -0.495700397882019 -0.238524428461128 0.286584102482236
0.0794783915139962 -0.208158108532919 -0.198526076948434 0.322065674985634
-0.077904917644917 -0.125974770525187 0.205441404182334 0.254940868442225
-0.0539447651561949 0.0172825242554192 0.168533390194836 -0.112264539943035
0.0355205532499424 -0.0303284882407704 -0.0167917430000442 -0.215321542251611
-0.0578512680298592 -0.102905163189425 -0.230874806545624 -0.163620329316347
-0.148443308825591 -0.042539181880736 -0.336525637958696 -0.0397524407997768
-0.197694493273532 0.0292266095377975 -0.379860198389392 0.0674655576242436
-0.234106173045981 0.0305361801047734 -0.383543380691789 0.133727747064752
-0.252694360919149 0.00239532626322096 -0.36288436915622 0.130537331635377
-0.236405783454653 -0.0902761740258571 -0.286660964824432 0.083531671948178
-0.12083823143514 -0.16958192731389 -0.192852661108641 0.0566830014730463
-0.0433955975785619 -0.117315871370261 -0.1572567474106 0.152095722536536
-0.119095665540087 -0.13431738702254 -0.298167668480843 0.148878652635411
-0.0134940335684665 -0.312747089253104 -0.337525055266012 0.0659206730810522
0.146419684779269 -0.322688365847468 -0.30120068986772 0.354186807845422
0.00342418921947767 0.085888532103011 0.251906526613532 -0.409701472662573
0.104291453719917 0.0366503919204592 0.272948108464066 -0.0457947544376062
0.0675023691090552 -0.0678883394884066 0.362858532440198 -0.148415780325029
-0.0674231366253781 -0.0631174060966549 0.121594542893455 -0.162630964148062
-0.057214518137227 0.036553595161953 0.147553403797593 0.0112991450786544
0.00688214372717096 0.0460142584193256 0.315841305493181 0.00454011740861715
0.0471069958277368 0.0218494333599378 0.425749453590655 -0.102774125829074
0.0605150824617122 0.0168122260731259 0.419710823165181 -0.153303127073592
0.0591094021400247 0.0267213718404378 0.399519079734547 -0.101945044470854
0.0324777287275481 0.0452139565995679 0.335432449199883 -0.004280456531883
-0.0261450950691676 0.0502114110246762 0.242197758649039 0.114840312660437
-0.0889013251253918 -0.00833922657877324 0.0544246674501883 0.171538041956005
0.00421989900391244 -0.091578016094953 -0.0982890496738683 0.111744127264549
0.0918389915026109 -0.0206775515558941 -0.160768916484471 -0.0833579831742906
0.0343755747677518 0.0584054736747169 0.160288094969378 -0.314306775755333
0.135380247700105 -0.111515950343257 0.250206957705672 -0.380750213869431
0.164029923989777 -0.195728666193526 0.277611712351638 0.0552216745261284
0.0607193789177096 -0.254808869768911 0.443651430675006 -0.121990084015354
-0.127642957784125 -0.239704483009427 0.134816807025051 -0.202197745953369
-0.207454494681465 -0.112458546320616 0.104875643985912 0.00394608037404781
-0.194701550279194 -0.00927048680525966 0.275943472672813 0.0345592958051236
-0.143307194043548 0.0505891346525726 0.404494204128781 -0.0655704781928061
-0.111565060886477 0.060903189221907 0.402306027449577 -0.136754338305481
-0.0844862635611329 0.0617776831804067 0.38681653964302 -0.099597517845298
-0.099633452815094 0.0443104905928048 0.339338390674341 -0.011576904039651
-0.123991772537147 0.00106650833893779 0.255982851257234 0.111174001272177
-0.141761739515728 -0.0570892927669674 0.057724897229838 0.176576589321572
-0.0474050407803103 -0.157047913489451 -0.103511058968152 0.110413358278438
0.0939541531436011 -0.154583931484697 -0.171312240533983 -0.0607338982102089
0.108835732721392 -0.116385177043265 0.115829391760101 -0.278831520686264
0.264981863500281 -0.273980642778552 0.190069863019418 -0.279966782904358
0.223196380889426 -0.396872085419571 0.26532231860823 0.183682122961549
0.0535339310859571 -0.406536711059891 0.502714167714096 -0.103302842876301
-0.163627391626177 -0.376101720104663 0.143895745017581 -0.266971504521679
-0.313165025404868 -0.247291714667047 0.0304724217080042 -0.0527218650429432
-0.357067079462269 -0.0732822200353541 0.171841352555329 0.0265863768802645
-0.307734771700173 0.0649469476398163 0.304135691731263 -0.0377230936159116
-0.265640354687975 0.0968069032171215 0.324877415446923 -0.101513795685262
-0.222577933223017 0.0988372106966511 0.329786232419519 -0.0747076283812938
-0.239165997951677 0.0570425172203929 0.317799400606235 -0.00555377793528196
-0.245370450006277 -0.0365542474877785 0.260636352761562 0.110989548606161
-0.22327075569308 -0.11068566977306 0.0650433113521557 0.195533124193201
-0.121858367185632 -0.235494866735117 -0.117946569243253 0.126835398885489
0.0687216217858858 -0.299401072076757 -0.195694445691364 -0.0426448897923057
0.15934203108627 -0.295766755735478 0.0577416769690608 -0.211237517311007
0.343562781185151 -0.37665903618521 0.0841581974392391 -0.133361256230282
0.236102372731852 -0.513282352950082 0.248147017911837 0.304358267823456
0.0214024106407009 -0.466945336578919 0.513668887892564 -0.101108518054953
-0.179885879358391 -0.417839698826149 0.128430796726788 -0.330322734461656
-0.362594830208105 -0.31386880552486 -0.0628947140083657 -0.127569665122981
-0.447814745147418 -0.114452451790081 0.0294567208863518 -0.00512504777377543
-0.415598207663207 0.0707949793518858 0.153458403688151 -0.0186169188562919
-0.380586551286568 0.119468435826708 0.197737146737263 -0.0529579643538368
-0.340132892115529 0.12751937077801 0.228658060458319 -0.027272433220362
-0.373880402524747 0.0686636737770148 0.256384025392936 0.0215311910839343
-0.372356615265206 -0.0714954415894431 0.231419276910217 0.119661342899957
-0.31600355481704 -0.169336719036699 0.0580285263485717 0.216142500464489
-0.203963387206538 -0.31665992817404 -0.139088293551054 0.152751448751598
0.0279526008504878 -0.438364002375087 -0.22210755103467 -0.0131869146635357
0.192544857730433 -0.453157390349948 -0.00697082736349413 -0.10966405931465
0.347474809087982 -0.410519384919998 -0.0339238391725405 0.0246557649154562
0.178114905000782 -0.51134795202885 0.23181077569168 0.376177057270295
-0.0279274912972805 -0.400194549522944 0.465201660876657 -0.117065610871396
-0.161006498521329 -0.347699102348991 0.0813843669276733 -0.356071833401729
-0.339894992970589 -0.297787064238751 -0.150161529757405 -0.181144945562158
-0.450359776423622 -0.113607106992918 -0.113385686285074 -0.0361339551828319
-0.446844530162558 0.075811002113318 -0.0153351409551519 -0.00378193534569509
-0.439062846856004 0.123087452276421 0.0398853772603903 0.00262236298744802
-0.418902907774322 0.133328509981675 0.0910924357464133 0.0337711052704076
-0.47111422311563 0.0592593252073714 0.148736845261014 0.066089233251743
-0.455679183867803 -0.117331544135301 0.150870911011043 0.135785080347117
-0.36780865961704 -0.228099625826952 0.0206077333953558 0.229124175565218
-0.253526202956861 -0.372735173828879 -0.166916444310857 0.175667010800395
-0.00547105348200114 -0.536130932504337 -0.24309692654834 0.0280823369608008
0.213981386055583 -0.558597918012489 -0.0776337333230491 0.0216210469096942
0.280471318420925 -0.385470714911911 -0.127585777148522 0.160967182192489
0.0761448088490621 -0.409294149779827 0.227181523116472 0.371688728416051
-0.067566719567206 -0.244436905605649 0.364777460170776 -0.134913421662703
-0.101821738783283 -0.21779687447941 0.0251315000276847 -0.328537325865657
-0.257749910285655 -0.231191245040959 -0.208324924966474 -0.193230721416845
-0.379543393377033 -0.0878599837556628 -0.225783042183385 -0.0489425239949032
-0.406058960554167 0.0735251473525427 -0.171015973726825 0.0174405952285065
-0.432706864714476 0.110679080282031 -0.124214187424383 0.0583207979286611
-0.437843597299769 0.108853307734883 -0.0700726559211829 0.0919034551436094
-0.489932645096568 0.0171577551948322 0.00148964101625448 0.106284326376954
-0.443002281439286 -0.173128210678061 0.0272640754577304 0.140111102660172
-0.326673482316988 -0.263198363383227 -0.0423263982880627 0.2214402984888
-0.237337686278644 -0.368516509290451 -0.203958361540206 0.184465231755963
-0.0159218931285091 -0.555085347559325 -0.263833014994594 0.071828904035596
0.220961950364796 -0.574891626945822 -0.153117941143516 0.161930414032186
0.175902146027943 -0.31141249574433 -0.176889039135396 0.260568755451135
-0.0223058851729773 -0.262483708548541 0.219122324079526 0.310630702671159
-0.0740468670515163 -0.0875216556180164 0.247090369831439 -0.135810232765955
-0.0278976119282682 -0.103272677994995 -0.0137642824090409 -0.266721850377734
-0.155938398600328 -0.157576511235297 -0.22990586052294 -0.173684996116145
-0.269194990739829 -0.0574690175166136 -0.294827199985165 -0.042960869969289
-0.314275458529109 0.062574500712819 -0.292291163109996 0.0451836682559261
-0.358160523702473 0.0813574280089787 -0.268751238648423 0.107764201817659
-0.378956846507104 0.0625577438698225 -0.228256869802168 0.129057457472449
-0.408393670638718 -0.0414580123128806 -0.154340232532312 0.116156247290598
-0.319197423374841 -0.206331809117832 -0.100437283493242 0.112678197493539
-0.196460016998297 -0.235629714524438 -0.107319857949459 0.189430052737979
-0.172791619959718 -0.285119848139831 -0.245884065949574 0.176377718588417
-0.0101276295610925 -0.474120724458781 -0.29568178804288 0.0958687827314711
0.20021781886623 -0.490470560208291 -0.227662215926036 0.280732978316689
0.0693058793036213 -0.204905147224452 -0.186873664918368 0.321504614520817
-0.0792141791757528 -0.118418957819069 0.210945984444311 0.238679282154214
-0.0495847739369167 0.0202451973482287 0.160567702028533 -0.119812022557566
0.0340149282017607 -0.0336402022402895 -0.0260032675282795 -0.212284494359199
-0.0641014678248465 -0.0981043617464486 -0.233091721983619 -0.153908412463606
-0.148607942450591 -0.0357892504980986 -0.334146417825465 -0.0289841553215026
-0.192621875002219 0.0362697182250694 -0.371309051303775 0.0769926150599997
-0.228083449843556 0.0405076852341357 -0.374413566462153 0.141001800878765
-0.248116780392039 0.013402755641354 -0.353185150856973 0.139089023390453
-0.238661908284376 -0.0792595403748112 -0.278919811075761 0.0898679954134857
-0.128010751298992 -0.16556709805065 -0.188663490739194 0.0601323151312162
-0.0448018417291065 -0.119394573147465 -0.148872807366687 0.150888425957916
-0.115375314928449 -0.126843167640281 -0.291284201598105 0.15553998230108
-0.0217158978836634 -0.305612343744209 -0.336879412396204 0.076689022479516
0.132280072928135 -0.319717270611518 -0.287276639636647 0.349050282941657
0.00825132544899403 0.0836459983237528 0.243819223367079 -0.40056565264459
0.103444406138327 0.0300029062908627 0.274737185815408 -0.05119070714782
0.0636459087996591 -0.0690121839386056 0.355053291318404 -0.156886765711264
-0.0676164719179008 -0.0572831539763472 0.114113673913734 -0.157531558470722
-0.0523438609052029 0.0380043676609609 0.147427889988557 0.0112074920280675
0.0101137243295146 0.0439747328402894 0.311622751780626 -0.00120168300808774
0.046591579284693 0.0183589914447254 0.414622627567503 -0.109434772288643
0.0590246604919962 0.011765815234334 0.408047600646021 -0.160097470759558
0.0594906947670798 0.0210966432034074 0.393022517334819 -0.10751195231561
0.0349626273508527 0.0413332115009068 0.329780122067261 -0.0108895360817736
-0.0233744020422728 0.0496088173155246 0.242114294448647 0.105298326520962
-0.0864274008569936 -0.00331197952679011 0.0587044304798129 0.166621705544792
0.000872180502236156 -0.0891193065147215 -0.0907642453791223 0.114581807648033
0.0881348492482335 -0.0240946241857111 -0.15604342886907 -0.0747099958902471
0.0358822468247097 0.0559903447512651 0.149474449373287 -0.310839252716101
0.134446155657814 -0.11107773197392 0.240721178961844 -0.370424617766345
0.159129112434 -0.1985364866313 0.280820348013559 0.0488515048329243
0.0561113693080801 -0.251420694545509 0.432939368383992 -0.134739278412479
-0.129046640045573 -0.232799363574385 0.125943490939219 -0.196363691528956
-0.2045655835931 -0.106639520809923 0.105071744635558 0.00394386558210008
-0.189908298291515 -0.00677924288902596 0.273394330098076 0.0282802586036424
-0.140613480137217 0.0508467732062412 0.393790217052008 -0.0743693960483554
-0.109112568638804 0.0587439478196509 0.392553426180936 -0.142438479798421
-0.0812772553920282 0.0594404598842175 0.380838778642189 -0.107070928054585
-0.0955184427419733 0.044123165639033 0.333991247347881 -0.0197130294723359
-0.121683952574844 0.00388055759773026 0.255239953591555 0.101243557906197
-0.138880159626299 -0.0512369286693122 0.0635307999032128 0.172143080962893
-0.049586204364843 -0.152419281922894 -0.0959075409351992 0.113832018502955
0.0884022453171282 -0.154199843677761 -0.166487786472534 -0.0525786482431969
0.104976869185146 -0.11470575105104 0.106826315304156 -0.276765520513876
0.257911442176539 -0.27152311829525 0.181851406583183 -0.27073588499948
0.214485955694689 -0.394688875902077 0.269984149377737 0.173930523999867
0.0485905773495918 -0.40028381181385 0.492125080575598 -0.116888485713531
-0.165640328931889 -0.367919356710616 0.133231452616626 -0.261429566834159
-0.312486957376443 -0.238746597768553 0.0303272207758593 -0.0506299203933684
-0.353219154205116 -0.0670353249366728 0.170095625931298 0.0223647551537497
-0.302139612535884 0.0680602564002577 0.298377086232481 -0.0457267658324282
-0.259579593702321 0.0986235397226175 0.317272457981848 -0.107399146108444
-0.216451098444081 0.0998862372833274 0.324556993379815 -0.0810431789682107
-0.233250180790803 0.0594651770697062 0.312986785507602 -0.0138834844442609
-0.243007265019482 -0.0312969717550611 0.261219009322885 0.101226609230412
-0.219535417477666 -0.103332339899692 0.0709207938431952 0.189863664236479
-0.122986276714789 -0.226838524398376 -0.110166583056374 0.130384545765752
0.0619538853486951 -0.295207638207145 -0.191285434058451 -0.0348196200898714
0.150595613635174 -0.289230725686718 0.052356492656512 -0.211447647613634
0.333756831966487 -0.370183648045856 0.0790822972700972 -0.126064522906646
0.225454743325633 -0.50757973699162 0.252698512480376 0.292576963128116
0.0183124994302069 -0.456501911072941 0.504280163573037 -0.11518086543839
-0.181159320521545 -0.40895601165604 0.116980572013093 -0.325080865760838
-0.362069744828387 -0.303286964343045 -0.0627285141280974 -0.125190248089029
-0.443402751244114 -0.104428073999922 0.0289924184688863 -0.00679938330585559
-0.40678210899866 0.0768136122368709 0.150944567486845 -0.0243465471471328
-0.372090684986457 0.123268833953915 0.192025146886595 -0.057443160837166
-0.331899810489843 0.130883797084734 0.226516942882512 -0.0328015538159629
-0.366536413025429 0.0746662237536839 0.253845532052792 0.0144986659865027
-0.368776527704981 -0.0637236026699475 0.232178803623687 0.111101415009778
-0.313691047884986 -0.159975641259922 0.0650671168317435 0.210951604335899
-0.203311688046475 -0.306079483070345 -0.130976675881371 0.157060516902145
0.0210799336190174 -0.431082837332413 -0.218347466435762 -0.00571795766040611
0.181182081738599 -0.442546651741891 -0.00978961309606173 -0.112174856086786
0.334342124156755 -0.404901617558081 -0.035075481986951 0.0290196508967257
0.168960994835454 -0.502124449428067 0.2372181471495 0.361373107553637
-0.0278521428292256 -0.38819433670041 0.453320123515493 -0.132666722074266
-0.159512530301208 -0.340877304785951 0.0701848430928208 -0.349790929614236
-0.33968519527511 -0.287711700186666 -0.151562951078711 -0.176548835519215
-0.447134163225147 -0.102614229672965 -0.113085087505002 -0.0350645607291221
-0.43698961555148 0.0828018054778416 -0.0149703984038344 -0.00717216588663799
-0.429277937852735 0.129570327346129 0.0373107822811663 -0.000433805653694237
-0.408809491744785 0.139094148997269 0.0916974600517871 0.0293653587709264
-0.462650504039879 0.068382868548988 0.148399747582238 0.0590362753934411
-0.453831852018481 -0.107961111473147 0.1539807364838 0.12800537292263
-0.365846687074812 -0.220477412600131 0.0276333637860333 0.224069136594894
-0.249305584311084 -0.362050746892698 -0.159498457056987 0.17935474140564
-0.0125585484225437 -0.525835956885999 -0.241608912696668 0.0352284308842167
0.201501154532992 -0.545634554275561 -0.0777989845287026 0.0164985641875042
0.266874648531249 -0.378467041093492 -0.124790774343666 0.163289125497418
0.0678639047790837 -0.399071408802599 0.230512326649059 0.355924671362904
-0.0640180034723951 -0.235410040241845 0.352144439850348 -0.1455553424176
-0.100853432350483 -0.2153114183651 0.0148733015025897 -0.322321463705775
-0.259670730152493 -0.223106320608568 -0.208885706920945 -0.186955466322503
-0.37716816263389 -0.0778110557688885 -0.223897798303773 -0.0451879463061385
-0.39765800606142 0.0810032703697349 -0.167510566382256 0.0170020881070585
-0.423292234218198 0.118771845098273 -0.123129466835231 0.0578771866141689
-0.428987222667436 0.118086595807649 -0.0660248586948581 0.0895172482952429
-0.483400618890599 0.0285694698539228 0.00386535074613248 0.101991936677271
-0.443087561532233 -0.163490288360953 0.0306992768638629 0.135748440966094
-0.325038824602776 -0.256141793479786 -0.0355545819449147 0.217055104716752
-0.233761126335093 -0.358228344928384 -0.197137364223421 0.188143214332977
-0.022149341673127 -0.543535143043116 -0.26320778518999 0.0782356482065443
0.207344273413517 -0.563558581138405 -0.149236064030296 0.154229102015204
0.164777311058429 -0.304392189673905 -0.171377834268671 0.258799934006689
-0.0261789639628099 -0.252526074741694 0.221772722063937 0.295169305207652
-0.0686481889106007 -0.0811933088172713 0.237140350152437 -0.143987492125868
-0.0278021406872389 -0.104155206027531 -0.0220760836167953 -0.261546970845458
-0.159644122908953 -0.150574661791216 -0.231000990997876 -0.167109301497944
-0.266889761199094 -0.0496328061402161 -0.292028867923616 -0.0379224188620521
-0.30663938649658 0.0689534753132419 -0.285738465748787 0.0464823274739185
-0.34946270228766 0.0894990725044451 -0.264858695575372 0.108587368646082
-0.371803821588959 0.0727807677808844 -0.221170075415744 0.129347603967806
-0.405387816487598 -0.0319784756595483 -0.149393751473041 0.115322725089537
-0.321666502718101 -0.198714860220127 -0.0969404863071331 0.111086485231053
-0.1965155022717 -0.233536571605801 -0.100642971571922 0.185751584817117
-0.16736281301689 -0.277030800248201 -0.239472638025324 0.18026250353018
-0.0170328243232126 -0.463522622285041 -0.294201827024543 0.10174550136091
0.187160650499061 -0.480321389807858 -0.220183578210375 0.271349035999462
0.0605807257524039 -0.199268503339966 -0.178820847431599 0.318345473432677
-0.0794345878759199 -0.111395417757324 0.211995038331974 0.224292413771202
-0.044357929962242 0.0223120240732732 0.152524469986544 -0.125504217967784
0.0323618346484283 -0.0374971289513295 -0.0324868142193614 -0.20835819971979
-0.0677767820679097 -0.0943094871824778 -0.233691916185423 -0.145299835793805
-0.148040122143116 -0.0305377899764079 -0.329295366481757 -0.0214565387736802
-0.187245186015647 0.041101810696688 -0.361859996484526 0.0811487679671766
-0.222591899040222 0.0464887400954121 -0.366842599011414 0.143441804108008
-0.242748463395369 0.0225396845618574 -0.344059963598709 0.14222031322415
-0.237699291635087 -0.0707692990781878 -0.271787474595603 0.0926616176156687
-0.132225608776704 -0.162592284167461 -0.185270285384339 0.0606341640350248
-0.0460461928037387 -0.121396767877216 -0.142767712399207 0.147643087933043
-0.108570601660775 -0.120950649844407 -0.285483034450489 0.159634185357244
-0.026110523143739 -0.297206145807563 -0.336377336404278 0.0841519639483318
0.122738686655028 -0.314114663679566 -0.277180035658694 0.340049177982683
0.0120961509610773 0.0820347201818187 0.241716926395636 -0.389753198181876
0.102480219777762 0.0245465286479961 0.278800542884951 -0.0544895888431369
0.0610971261122341 -0.0693763531958523 0.349832018444863 -0.162023909925658
-0.067777516402664 -0.0523939029198105 0.110489102621466 -0.151428279053674
-0.0489516537748418 0.0389966362619969 0.148701958900968 0.0138258515138608
0.0122148175741032 0.0428932128492493 0.310308424319577 -0.00395647577201587
0.0462685648399305 0.0167801223261971 0.406506081720751 -0.112002766267892
0.0577575314427957 0.00706835008110446 0.402804658818342 -0.158771371143485
0.0599228542616751 0.0170900622162826 0.389413788431222 -0.108801864215336
0.0361218540789707 0.0384415971911221 0.327207827910402 -0.014204936035606
-0.0213689228950895 0.0491932222488621 0.241148673210409 0.10022277071846
-0.0839725762938816 0.000620033978874428 0.06266668374324 0.163691636698167
-0.00175963131795072 -0.087332803072193 -0.0847534534618127 0.117199125688914
0.0856302643844953 -0.027207270051039 -0.152011489824378 -0.0691093178356111
0.0369702402740981 0.0549743354051877 0.14288071157764 -0.308695281690363
0.135447035089668 -0.109569051631409 0.237037547901315 -0.360177841425133
0.157965876465959 -0.200851061866301 0.284598167835701 0.0445097511818908
0.0559302881149057 -0.250164843426298 0.427772996922932 -0.141658316663771
-0.127961910534011 -0.22830813791949 0.120465445659613 -0.189998086151021
-0.201725386977456 -0.104337116990694 0.106262174105499 0.00654800891303128
-0.187830238139509 -0.00608876106763367 0.272733688442718 0.025325778033463
-0.139281691437786 0.0488079659594279 0.388649078449846 -0.078061072833861
-0.108666875316611 0.0558058828183537 0.387037078588325 -0.143822921576389
-0.0796904700024515 0.0562942107977135 0.377304845372103 -0.109401563623846
-0.0930283144011846 0.0418131595660517 0.330628310040144 -0.0237947173257519
-0.120204394806644 0.00450143813980783 0.256257099557733 0.0953467292433278
-0.13554053789047 -0.0464277509569329 0.0674495547738692 0.16898289815122
-0.0510696148754115 -0.147933388404439 -0.0905754516707908 0.116921040151443
0.0856474622742197 -0.154371022004902 -0.16223135561953 -0.0468876103860241
0.103837090907972 -0.111493155671039 0.10235045331268 -0.275323540300574
0.257259990887755 -0.267213966503153 0.179107925939588 -0.26202144794417
0.211429258859875 -0.393011709535634 0.273635301690949 0.169290333504888
0.0510569825297091 -0.396400196580965 0.486462679842273 -0.125747250948417
-0.163174136905389 -0.364139677446766 0.127471784537977 -0.255258999298794
-0.310535732022568 -0.236133022533948 0.0321272915730474 -0.0492070412248256
-0.350386837892945 -0.0646647948748555 0.169503274736801 0.0196024688303543
-0.299677293425347 0.0672810676506929 0.294872344872446 -0.0495379621664845
-0.257646517812558 0.0970258543668986 0.312067109617357 -0.108715451283836
-0.21382163266727 0.098574998011241 0.323115077999908 -0.0846084458905429
-0.230492244505371 0.0591667998716635 0.311234200721644 -0.0175213870881598
-0.241624004941505 -0.028782669076285 0.26196741891034 0.0959367950855156
-0.217060951975544 -0.0994927108908607 0.0760287072318157 0.186875343896643
-0.121998267506096 -0.221984666791909 -0.1043581149701 0.133220937718477
0.059682138310442 -0.292654505217495 -0.188042019495808 -0.0295082734149565
0.148109238554438 -0.28295592187978 0.0491514462407901 -0.211300171477401
0.329060815760043 -0.365754076572794 0.0774213864350336 -0.11918579357717
0.220989577457195 -0.503049006990553 0.254976782052985 0.28623519532952
0.022114414415825 -0.45048354487713 0.497319723000628 -0.127016342357918
-0.178456041428409 -0.407402773526856 0.110450662532348 -0.318626569871797
-0.361251327546973 -0.300126548037653 -0.0622358344579822 -0.122815372770573
-0.441805182069447 -0.100461190143521 0.0285808681054538 -0.0083061969454292
-0.403483272342923 0.077308873721433 0.1494610493635 -0.0291177322425165
-0.369982123401442 0.123894563296037 0.188264181928219 -0.0597464119350361
-0.327789785215976 0.1317864853132 0.226593672184274 -0.036342347450497
-0.363335774593013 0.077249939582775 0.253155528997488 0.00935644657160538
-0.369975761579171 -0.060008904128385 0.233871926259713 0.105268765320902
-0.310754894559803 -0.15778346242819 0.0698929678323604 0.207369286292743
-0.199228659201811 -0.299975488071559 -0.125163058757022 0.159454391284795
0.0194063972687522 -0.426012982526715 -0.216992475048234 -0.00115492912556493
0.178085249527386 -0.434996683536365 -0.0118523015252088 -0.115013715891439
0.329949560640575 -0.398254973521315 -0.0360672291123256 0.0342728058146011
0.164203466930976 -0.495138640671238 0.240098522117241 0.354678055745285
-0.021858581345153 -0.380855478718565 0.444587878309497 -0.140897649596586
-0.156427009212653 -0.341190514177514 0.0626690205352148 -0.345036841545457
-0.34119333360441 -0.283591485266701 -0.150722004605805 -0.174691563186259
-0.44503423377546 -0.0993197152255772 -0.113301822732388 -0.0351850179378241
-0.432043248117179 0.084751531031164 -0.0147150913533433 -0.0102412511200131
-0.425359278085815 0.131606584525332 0.0348385829942629 -0.00286252916517241
-0.404424959005836 0.141641181539899 0.0926007216838781 0.0266883161183539
-0.459583770748075 0.0723081370911372 0.148337763920942 0.0548710199957809
-0.454721512567615 -0.10410589345665 0.154519427711887 0.123755407509191
-0.363623099802078 -0.218557949148923 0.0324781659610152 0.220448133781268
-0.24524793999899 -0.357941526541547 -0.154305436124428 0.182496231354909
-0.0133816338679364 -0.520817467356041 -0.241574268916058 0.0392141662502443
0.196521318325181 -0.53519261943566 -0.0788147991772417 0.0108203525567417
0.261474621460587 -0.37048342076509 -0.124101948918188 0.16547871336194
0.0652368272016793 -0.391583235172536 0.231941670834131 0.346706352375919
-0.0575323942987876 -0.227928232990141 0.344175055699515 -0.154853913899871
-0.0985061543958522 -0.216622314181914 0.00865075294750736 -0.318695317385844
-0.261125370053458 -0.218746734523799 -0.209258111608677 -0.184447642088094
-0.376126414841722 -0.0739115323857077 -0.22368160324196 -0.0437657488809311
-0.393009267446937 0.0830753193283307 -0.165500944469355 0.0135871097967797
-0.418179589258 0.121354492581985 -0.123600776008362 0.0553619215516677
-0.423761750957274 0.121836584644544 -0.0633577044125802 0.0869615782427382
-0.480044490387027 0.0320302234489248 0.00534966304679367 0.0983406911699651
-0.44435107103502 -0.160880393301536 0.0326797915314774 0.132002227519021
-0.324671515453613 -0.257610739440818 -0.0312943547798175 0.21353896268789
-0.226797767873625 -0.354231926473952 -0.193351944843279 0.190996430158459
-0.0222718866626431 -0.536699134662591 -0.265291223217449 0.0810307334998665
0.200178154277879 -0.55272810379333 -0.149110315730136 0.146345311769982
0.158134015569994 -0.297677775343813 -0.169834736080281 0.258416901283881
-0.026768345146808 -0.244949510768133 0.22213538134289 0.284292214407245
-0.0621307808632505 -0.0762596294565291 0.229853375022324 -0.149633837181112
-0.0275253946593006 -0.106369830278122 -0.0273487797126108 -0.25860659629978
-0.162744658978817 -0.147234282007092 -0.231278443981346 -0.16331293704493
-0.265602399918231 -0.0451759716977663 -0.290970864396014 -0.0350197907911256
-0.302560512437165 0.0710288228415711 -0.282167269496639 0.0455664783929476
-0.34478445700102 0.0934832907768687 -0.263135883463414 0.107473993740518
-0.366656369264906 0.077264572266353 -0.217821013376145 0.128324436310043
-0.403396179961783 -0.0265124869571138 -0.147481792307361 0.113433578711143
-0.32368228291027 -0.196790761235554 -0.0958518159078334 0.110014994782064
-0.195828935252131 -0.235779513571102 -0.0970478966021141 0.182069873797686
-0.160823640412827 -0.272438077616448 -0.236381241464228 0.182444869154387
-0.0170520037807271 -0.458251901263079 -0.296948177833886 0.105296270779831
0.180705766382266 -0.472951656394139 -0.219213190042616 0.261495852485272
0.0557044740837418 -0.193568811257731 -0.175635135268313 0.313847581877605
-0.0785552572314661 -0.105355596165416 0.211319254258807 0.213131204006451
-0.0392130999357908 0.0232105103788212 0.145236633840611 -0.129829694475486
0.0307146545052872 -0.0406653397450765 -0.0371869968726718 -0.205972100374301
-0.0712151306796464 -0.0918791451723021 -0.234050598599087 -0.140668407623479
-0.147748999569982 -0.0267828518171616 -0.327723286535291 -0.0182542870539571
-0.185144838262112 0.0432385182628791 -0.356248296644312 0.0793697467144615
-0.218091596918473 0.050065416506568 -0.363776360565292 0.142369587989155
-0.239148417636178 0.0259579001572078 -0.339099436336243 0.141942126818827
-0.237407783211629 -0.0659364611058689 -0.268084241989194 0.0922324452437097
-0.135775811343624 -0.161684344476494 -0.184133389728379 0.0608116218723475
-0.0457305384793573 -0.124879684265035 -0.139329952202816 0.1430304908986
-0.101772550551292 -0.117878314401714 -0.282279536090572 0.161772951420467
-0.0272341812237637 -0.291925858148041 -0.338288167296727 0.0889240727331585
0.116071117674444 -0.30949472975673 -0.274192631681627 0.328859693786148
0.0154459529769278 0.0818938225154532 0.245902825624573 -0.385130751061299
0.103341047183499 0.0202520629768242 0.287408711353846 -0.0582972062937496
0.0597385324713028 -0.0719092020164597 0.350328898112871 -0.169944077271156
-0.067753802701834 -0.0494108910579621 0.109455548468489 -0.147379346351548
-0.0454627146744462 0.0400793309645825 0.152931923444686 0.0170111611424574
0.0144476291967259 0.0415921891369115 0.314889740086777 -0.00519897249745409
0.0468402865480785 0.0147460541561635 0.408756797192271 -0.11589478421649
0.0573609780804198 0.00428938403082981 0.407386730695887 -0.159705798986155
0.0608487172082278 0.0127033054651974 0.392913609405907 -0.112470357681386
0.038155665593231 0.0359166843146816 0.330264877562884 -0.0171583262996901
-0.0195539467740518 0.0495597208659097 0.244716031139596 0.097321889752389
-0.0832939433369869 0.00385238981096239 0.0662932225548533 0.163802693896236
-0.00453899753391919 -0.087167678922996 -0.080342991063733 0.120657133033628
0.0848098464953389 -0.0298965235253982 -0.149613136333739 -0.0659775962274181
0.0391782145842795 0.0554299302972375 0.13959408390868 -0.310957273480247
0.139827867221931 -0.110363172529435 0.241018214185522 -0.355293789644388
0.159304107129982 -0.205506497857487 0.293539145869892 0.0421898889623168
0.0569940825025308 -0.253336370930103 0.43023206891796 -0.152230144719412
-0.129019317661009 -0.228876782015362 0.12001717661984 -0.186600088352985
-0.20040101795406 -0.104860071650056 0.110221051789918 0.00890874043518761
-0.188749700681656 -0.00627309490207987 0.276193023788125 0.0250826115229323
-0.140669665485234 0.048409713893865 0.391150348055467 -0.0810710771005723
-0.110386519405341 0.0542369536170811 0.390813967042138 -0.14512994183025
-0.0799672083110105 0.0538089551314149 0.382455264853468 -0.112878294792698
-0.0929459632777974 0.0409845542574149 0.334076147272286 -0.0272597105901602
-0.119872898922136 0.00563153731275642 0.259956119535294 0.0924295515116805
-0.135032298631956 -0.0439296996014996 0.0711518863607407 0.168922556364101
-0.0520918363714733 -0.147382084069979 -0.0859720606623137 0.121324443158297
0.0848000756578037 -0.156861270785315 -0.160636281298569 -0.0431608840831189
0.105984452934059 -0.110545126702898 0.100071558048838 -0.278165070451995
0.260937949117803 -0.267076296405352 0.181077600671318 -0.257055227393139
0.213778720073082 -0.398529329308714 0.28157588886201 0.168711570080491
0.0549779118781186 -0.398755128622174 0.489259997768312 -0.139321426732126
-0.162181396252054 -0.369041217185568 0.125349886946352 -0.252562665650041
-0.312810905559851 -0.237123092328229 0.0340775384544175 -0.047607130657186
-0.354274950006981 -0.0657701769285662 0.171750498026555 0.0192146159602888
-0.302177783475165 0.0678401670074278 0.298038946562379 -0.0542125174790422
-0.260379959172312 0.0970511503587568 0.313617718046653 -0.111292464299008
-0.215179055881145 0.0982961951514073 0.327146288878928 -0.0882932373253614
-0.231990176893059 0.0590437848187923 0.314653470768599 -0.0217629643406633
-0.24503764956755 -0.0271172993045081 0.266745826778169 0.0921293897302326
-0.217220706491158 -0.0988260861058744 0.0804460410155658 0.186792968726483
-0.122017634788936 -0.222409479096539 -0.100634348187037 0.137565822540751
0.0588960841061986 -0.295404353191511 -0.187790529181327 -0.0256762575373271
0.149571573386474 -0.280471454864307 0.0473660593911388 -0.215700621357933
0.334385693370363 -0.365229109154697 0.0771333080755726 -0.113945978653582
0.222060506863253 -0.506085649577315 0.261874242792306 0.286576679320024
0.029276491896961 -0.452714497497404 0.498372557562641 -0.139440954413074
-0.176499912490211 -0.41267064135331 0.107203624467361 -0.317836500522169
-0.36538187990416 -0.302450292486495 -0.0613045192909596 -0.123354784674507
-0.446514628914967 -0.100255979731744 0.0289133315594394 -0.00891901571250132
-0.407226162022832 0.0780552775064527 0.151090858986014 -0.0338679810769663
-0.372292614087406 0.126373257080436 0.188609349850312 -0.0628283425163912
-0.330361899268434 0.133139973337451 0.230193629985874 -0.0402152811080448
-0.365904846826277 0.0771670326869106 0.255585752135309 0.00583725813677108
-0.374650238012375 -0.0576445609915569 0.238845106547535 0.102569431566516
-0.311906794468847 -0.158311955956653 0.0745059288047101 0.207372384682269
-0.198596110940756 -0.302730701102174 -0.122379315366564 0.164250851517855
0.0204884555052345 -0.4291316958479 -0.219077066588174 0.00330759954287892
0.179098345243278 -0.430776211182593 -0.0142489073748996 -0.119711367496295
0.332222419877364 -0.396679933659345 -0.0375005931135986 0.0392816577585582
0.165294739509951 -0.495273728608224 0.244886473518949 0.353554747859978
-0.0154842894854445 -0.380008962216013 0.444239062013723 -0.151940436922805
-0.155494633365496 -0.346803640153207 0.0590961282890581 -0.344857570059833
-0.347327370527924 -0.287236415104882 -0.151936763279684 -0.175297332122135
-0.451247937756268 -0.0981621103759774 -0.115088751903657 -0.0358579282130729
-0.435630238238071 0.0869738503994553 -0.0147456516524099 -0.01392733232836
-0.429326842441186 0.135198798166125 0.0335555852006223 -0.00491258293896106
-0.408312065489983 0.145572627668719 0.0950943209307265 0.0229635760539745
-0.465046761209862 0.0744293509882591 0.151069302508309 0.0526582389842335
-0.462760859639342 -0.102152967361112 0.158973437453931 0.12075167120688
-0.366322335789525 -0.221753088097165 0.0364413275747542 0.22100252564
-0.243593850846055 -0.361046960268803 -0.153102650935271 0.18851511520709
-0.0114199975903914 -0.524555586053825 -0.246495644726413 0.0440626679587205
0.196763581512585 -0.53434568416733 -0.0821490868924475 0.00551965092195161
0.261489302233859 -0.367779893047481 -0.126412693510366 0.169547656812202
0.0661963104326722 -0.389076770311654 0.234873986614943 0.343924672232964
-0.0508130761435642 -0.225931168762086 0.341066061752698 -0.16348464992585
-0.09713576075225 -0.220848336362485 0.00351767261082359 -0.318007073528767
-0.267288811246145 -0.220153324167982 -0.212458336147632 -0.184620586943099
-0.381432876765975 -0.0718132742573819 -0.226584635987164 -0.044191042941332
-0.397274597535909 0.0859087635188066 -0.167484395406669 0.0107830197586402
-0.421035118545621 0.125487427987372 -0.126234971814083 0.0545871279704267
-0.42628466129414 0.125170713581972 -0.0623681914824493 0.0867500614650776
-0.48576331475174 0.0363147776346643 0.00630784164523779 0.097328297939967
-0.454316395254048 -0.15997107328179 0.0348299786937226 0.131065971598838
-0.328599130754533 -0.263794211101921 -0.0296264250011892 0.213348692065417
-0.223221776561154 -0.357947595592069 -0.193950807498201 0.197649953385814
-0.022976284189005 -0.541200276049866 -0.271675202832368 0.0872183047179798
0.200506471614882 -0.551900032729002 -0.152944077629108 0.140841319563861
0.156744385995225 -0.29523631617402 -0.172522383451937 0.260927746924555
-0.02723635378811 -0.242274290420567 0.225208859229174 0.280120143224486
-0.0562045869781248 -0.0738747481270496 0.225428635796971 -0.157392652441664
-0.0275415817418975 -0.109768223119626 -0.0328303903878599 -0.258731094438732
-0.167622822336829 -0.147179836239166 -0.234623374576556 -0.162541721248511
-0.270498452830171 -0.0419210304998222 -0.294773617848588 -0.0339751718096318
-0.305045182889757 0.0737436222910578 -0.285474561704293 0.0429643595718448
-0.347613470402686 0.0980434672666838 -0.266678599701701 0.106767857922241
-0.368676922371103 0.0813218157982174 -0.218215601149791 0.129097411069093
-0.409049428260009 -0.0236376102734942 -0.148224513647454 0.113650664102717
-0.331131757157595 -0.197981055506512 -0.0963267723072442 0.10949023533544
-0.198921745005788 -0.24201826092214 -0.0974119694234215 0.18084958269759
-0.155081701915445 -0.274667690729609 -0.238600812639026 0.188025823118953
-0.0165743893389715 -0.460460466508925 -0.30536053095495 0.110611153122432
0.179202502358996 -0.471896816146368 -0.223090365055519 0.255956207403497
0.0524457496345159 -0.190818045226838 -0.177150075919432 0.314897929506986
-0.0794335596119509 -0.101836209524363 0.214117544469678 0.207235290267826
-0.0350962251797466 0.025518987150685 0.14140732509317 -0.135256938880588
0.0301912905233789 -0.0434822957023076 -0.0422927303084103 -0.205973611488915
-0.0762137174978163 -0.090946599578247 -0.238223961807624 -0.13783738494102
-0.150140180060257 -0.0240687123707119 -0.33112464669707 -0.0160621858497328
-0.185143702688039 0.0462860305590473 -0.359689182715471 0.0787081224345509
-0.21954351116411 0.0548053676449295 -0.367101083673521 0.143675645831395
-0.240122410428376 0.030286084741326 -0.34178345387039 0.142984018803574
-0.241882779403667 -0.0627962255378854 -0.271186522493751 0.0936130530356623
-0.142145598011797 -0.164548170106335 -0.186174357158781 0.0605730244113394
-0.0462538324633288 -0.130954282035594 -0.139776465596622 0.141032597656606
-0.096773348928041 -0.117115154504494 -0.286498747488066 0.166145376705934
-0.0282699656584311 -0.292136745976781 -0.347350331354542 0.0942155652702241
0.112971509868067 -0.309477770853553 -0.277426019679854 0.324512896826359
0.0619871885359273 0.054006400457939 -0.0262928971463545 -0.4612533238029
0.0918187068171555 -0.0478286191354717 0.202410873908418 -0.233766135713007
0.00422364477537508 -0.0967183516449417 0.175791206104506 -0.361011995864934
-0.0809004661578544 0.000858461063835162 -0.00276629769182314 -0.183146857245174
-0.0100805001684481 0.0570290125394786 0.139324326694905 -0.0789706145037355
0.0366146108134886 0.0215128377333627 0.252802357826695 -0.200206702799246
0.0437689409522158 -0.0197548645499053 0.260310412676586 -0.350238034591747
0.0474311412440677 -0.0357525528058423 0.230469191222667 -0.380994025110772
0.0563862008750084 -0.0336571582744665 0.249814877850135 -0.337802936760346
0.0533408018360986 0.000289171463919818 0.259154569186056 -0.221981649030058
0.019307076224876 0.0511260883311671 0.258307768691916 -0.078437992978546
-0.0612801784168735 0.0566394671682054 0.15903853715115 0.0883381365858046
-0.0603598731142064 -0.0674216859176555 0.0177558824114157 0.147992871200927
0.0464138484638571 -0.079691224854557 -0.158270796148309 0.0472948296998226
0.0717788791662544 0.0146166349427979 -0.0926616736222572 -0.341958551540302
0.055982927200492 -0.174986265634677 -0.0263941528174064 -0.439793160794373
0.0082866722718248 -0.260116466693517 0.264310061633934 -0.163419137931681
-0.101701425503306 -0.244942166794351 0.243792396887473 -0.40032944386817
-0.23502555531673 -0.110547133260489 -0.0276729794180724 -0.222404280978753
-0.223148986281113 0.0326963437969107 0.0953368227299911 -0.0573732824021555
-0.157222184708955 0.105791914146233 0.234347387534647 -0.151390475020743
-0.0865265094007588 0.121210631193968 0.264870874203154 -0.312403443586538
-0.0578297565335956 0.11019595099211 0.226299484502508 -0.359702647987001
-0.0328790603103619 0.0892561036832175 0.239165363453435 -0.334503175824461
-0.0510722763495042 0.0879996413089978 0.256398587913311 -0.233530624729445
-0.092385077090743 0.079983871885247 0.268521347528579 -0.0909963271277121
-0.134115151229739 0.0476970066580502 0.167969165591035 0.0894268303994663
-0.137698336664367 -0.0876815952221109 0.0149065529542308 0.151872838126266
-0.0346519878495702 -0.183281353936333 -0.148534408196082 0.0708476982903278
0.0201385864094895 -0.164029579482744 -0.0978710902811556 -0.283888766837541
0.0670858506881057 -0.374210996606364 -0.027753678589323 -0.329310991261326
-0.0575634793087725 -0.445128746512302 0.327180436671111 -0.0603934896515313
-0.186012067740036 -0.362680407923589 0.2921410910517 -0.425799930587187
-0.343741462667576 -0.206485980558762 -0.0710929847992663 -0.281533528222678
-0.392044079972668 -0.00798863422000885 -0.00602736702996508 -0.0559423507477568
-0.32574153393254 0.161049499367114 0.141002872544612 -0.0909709828460298
-0.203957748058468 0.23623002101104 0.204782356815287 -0.229423520763396
-0.153632411384032 0.239985177833959 0.184212627541658 -0.287046653626175
-0.115277064414749 0.211698036867042 0.209018883020195 -0.283363229258878
-0.153625209399509 0.192413358457369 0.243747762590377 -0.218707263121614
-0.217227737265366 0.132261604778169 0.274966772108845 -0.0944491289087447
-0.238511544859391 0.0519676560970816 0.18741411936776 0.0987212881878644
-0.243726219037887 -0.106055573275281 0.0142323204113974 0.175859073711704
-0.143611680063687 -0.281473964957879 -0.156178279237394 0.1021704554013
-0.053653293501735 -0.33214532937329 -0.095458397432105 -0.194211336254027
0.0711829709568445 -0.493977820712795 -0.0327074061477909 -0.152789140673573
-0.110556550039344 -0.534813677357463 0.381346327030217 0.0446499750895043
-0.23417984378209 -0.391326339403479 0.296579191031872 -0.433760733695683
-0.380495704327993 -0.234943657316536 -0.129973323321409 -0.324091790940717
-0.475065265722417 -0.0287959006861092 -0.132937818809948 -0.0576153647103739
-0.422387064860643 0.188975124610709 0.00443523927221275 -0.0239227564778016
-0.280184655421407 0.309627568044157 0.0962507266880885 -0.118623367020404
-0.226341856274364 0.333646959665732 0.112089048948912 -0.170146983888541
-0.188728370416621 0.313948181321167 0.159942624804874 -0.184607872369663
-0.250960173878806 0.294357135021268 0.213657983135599 -0.160558776950354
-0.345439001673581 0.190108858532241 0.260251100953732 -0.0675159765377233
-0.357268339309201 0.0606726609595677 0.196901211433915 0.120045929675493
-0.360292319258458 -0.126531443506886 0.014739203700659 0.21233749038925
-0.262047306128648 -0.367174828512713 -0.159819177341997 0.145448759489514
-0.12754160470453 -0.476208431716424 -0.0789440027948859 -0.0722519332338448
0.0518338970433584 -0.517795671812689 -0.0338844722710923 0.0411924733637382
-0.150055705567718 -0.49069324286586 0.404909797403873 0.111020476079655
-0.226382804662582 -0.307372539284744 0.245713187455701 -0.408055570918513
-0.325550815561361 -0.194876294437116 -0.183859528460706 -0.316517148802573
-0.450383967893836 -0.023941054116084 -0.239524437213639 -0.0435704054922089
-0.424944348243876 0.194783138840172 -0.128960487075593 0.0447670206790099
-0.298589019034065 0.336240290533654 -0.028563667692295 0.00225010921925067
-0.265636377963533 0.378337852049776 0.0219573644001158 -0.0276417599257795
-0.24454014173321 0.373687662669845 0.0907150307015185 -0.048193997171067
-0.33325601089869 0.354996097373651 0.156748196384954 -0.0568158656173742
-0.449129485900638 0.211063771473142 0.207805333737681 -0.000148210799217269
-0.443712158419293 0.0414118874398126 0.174470653198908 0.156282509193461
-0.43262013798401 -0.148276207452938 0.00569568175417048 0.252623948165648
-0.348116713799006 -0.425539387697681 -0.15400366028193 0.197593055635609
-0.180315288216525 -0.569760862372712 -0.050611855519457 0.0763620720471011
0.00864215769332324 -0.451892923122815 -0.0238627182612273 0.204955128731983
-0.167388156060305 -0.346072002412887 0.389857882805663 0.114889305514719
-0.164796060571291 -0.159096056323851 0.158892094193368 -0.346491711731279
-0.206664887105735 -0.125930081599423 -0.206870914619007 -0.259661248168304
-0.346956374988005 -0.0156605744093514 -0.291527526989548 -0.0136292145087451
-0.350267098296172 0.176546223883089 -0.222417064995876 0.108641880358696
-0.263729984227314 0.312625034565865 -0.136872835593311 0.118968066025157
-0.264689280570658 0.367051438581235 -0.0712389419950948 0.120923051995762
-0.271559960719761 0.372212947011543 0.00193923106517118 0.101555347303673
-0.37569661787949 0.339504737120021 0.0661291330949676 0.0709912638925573
-0.479954473856735 0.157956004983279 0.112750666322122 0.087780472906664
-0.439913145842784 -0.0180238509493935 0.114731767084241 0.192635193864078
-0.414968354216088 -0.160607063478001 -0.0230212478614659 0.287546799247751
-0.366299823163988 -0.43185894053045 -0.148256115138453 0.249371938083368
-0.190730223545101 -0.585432340552701 -0.0227135744800596 0.232375799829191
-0.0374917680796975 -0.327935192401049 0.00118052213691506 0.311670977265064
-0.156092019364679 -0.174066948919616 0.343406069343523 0.0757366158252836
-0.0814654780737411 -0.0314209587222425 0.0763188429023946 -0.266471538836406
-0.0878357003402119 -0.0757408318206469 -0.193500920488153 -0.188565040129975
-0.223915350883594 -0.0145293640455783 -0.293686405745313 0.0172155470085759
-0.241497950564456 0.13311192353871 -0.266953545776225 0.158628574158542
-0.196766801568002 0.247601397530981 -0.211131905532526 0.218142904825891
-0.219700854141886 0.298260250259997 -0.152220876870016 0.250259796353212
-0.250189547334146 0.302414107853734 -0.0967330558402992 0.235600258622907
-0.34867232229791 0.242222570300657 -0.0502363909485185 0.181868741031843
-0.404437043087317 0.0518815766217351 -0.0076778218579172 0.151918226347488
-0.31875962377434 -0.0811644413226943 0.0359512249530424 0.208970197902425
-0.30302918713234 -0.13360612663577 -0.0681024606355336 0.30833008268237
-0.309689009704869 -0.366326345498809 -0.163230444224281 0.291961873424759
-0.159270695093783 -0.503703993094928 -0.00870339919611763 0.369503653821856
-0.0653979974258428 -0.181765389159565 0.0368946851916954 0.362592743591597
-0.117349089505919 -0.0333426340352883 0.290964808055184 0.0285921915866428
-0.00908212188543705 0.0375844057017286 0.0274944145721905 -0.195130695683763
-0.0049838202058831 -0.0535976976094608 -0.165123774819722 -0.140860845609632
-0.116437676876362 -0.0231601938274499 -0.278666122953836 0.0385384129839498
-0.134098253833615 0.0759137635819527 -0.280076635977796 0.196132884188226
-0.116568822496376 0.152530758073193 -0.247311922722335 0.292837351072647
-0.142218084961943 0.183894502415593 -0.210664393930931 0.343619518440637
-0.177645108062141 0.178937676827168 -0.186897344375817 0.326998206565839
-0.237369111352332 0.105079674336458 -0.163222908650774 0.244333250202615
-0.226451577819034 -0.0431736152692074 -0.113864347267169 0.167327465838235
-0.121610691031436 -0.0828807722714429 -0.0270485516327718 0.201271194043701
-0.152367668019145 -0.0353899534453275 -0.122244691142428 0.319796677880562
-0.214253874049594 -0.218075520835171 -0.211639038607088 0.306786243165909
-0.111222353325081 -0.323336888615194 -0.0146063951541784 0.452845396970914
0.0680129321635236 0.0504596409127808 -0.0375477554913043 -0.472186804155331
0.0896040672953073 -0.0558059791882746 0.200499468645083 -0.254881862670734
-0.00252657989277244 -0.0994378387032565 0.161365730051317 -0.379437356698317
-0.0812185624813271 0.00562640761790833 -0.0060028649712376 -0.184084813158747
-0.0055840714308655 0.0566085922424361 0.145850463958228 -0.0871833130739571
0.0394682313807345 0.0175303938951286 0.253573069690999 -0.217783381371511
0.042901508137308 -0.0237658609147385 0.250776815817001 -0.370432775436695
0.0441506826291665 -0.0409379784334363 0.222689599680569 -0.400354009963756
0.0535197217431069 -0.0405625285710999 0.243817906448101 -0.362210358794686
0.0537344636203382 -0.00527327218062515 0.257015302310064 -0.240437411359608
0.0234742209095486 0.0499748304729513 0.261714920122561 -0.0932980879084502
-0.0567996747187581 0.0620169244226695 0.168369009160826 0.0813966991190095
-0.0664318287422088 -0.0641784831207524 0.029527561210346 0.149177755507945
0.0414796903945749 -0.0854529902411221 -0.156977442311772 0.0538739805108189
0.0768492233592602 0.00954949326107853 -0.111479966080297 -0.343378148557275
0.0546013508995809 -0.183294183179719 -0.0379288051302862 -0.447133219519278
-0.00271154940895285 -0.270768023012256 0.268374492481705 -0.18368472928025
-0.114599655982994 -0.249695158099301 0.22798679658483 -0.424641027962095
-0.244856540547402 -0.10502970828508 -0.0336302979362639 -0.222051750814178
-0.2266419475908 0.0405121098909292 0.101011253377309 -0.0636930466174443
-0.15737353431948 0.114003806275719 0.236549055128299 -0.166941997066849
-0.0853918763571774 0.126980530912548 0.257046777872259 -0.332705467661778
-0.0578021986395559 0.114338519271233 0.217940109058635 -0.380239952436017
-0.0327449603802335 0.090306231593295 0.232465341219374 -0.356606015838226
-0.0498791093895449 0.0896675224327491 0.253181289956151 -0.252976795714471
-0.0902985472608371 0.085738120699396 0.271965521556513 -0.107934707690064
-0.132500860622019 0.0553840482191518 0.177770950568604 0.0823319343969734
-0.144209814429453 -0.0823043835153576 0.0263454049991673 0.154290380497977
-0.0444506686321831 -0.187425680451292 -0.146059059251987 0.0792046265028109
0.0176950970914107 -0.168832454235017 -0.114780768571161 -0.285886975543313
0.0592398702068121 -0.386137221892889 -0.0351106818317912 -0.333062246938155
-0.0773836188607934 -0.457193433658769 0.338101350902652 -0.0783149244807852
-0.201527454241658 -0.370103967152599 0.275622019553895 -0.456748108269496
-0.360345740066822 -0.201932305480356 -0.0823732691314629 -0.281627779391848
-0.404893031499504 0.00658805391967685 -0.00439391404820727 -0.0580376261133418
-0.32859907702884 0.177516359370941 0.142591582870104 -0.100442104677096
-0.20190125113475 0.250542061797405 0.198562961547051 -0.246856163488502
-0.150215220418986 0.25262882649902 0.178042201115842 -0.304092780152726
-0.112356686531405 0.220195067766998 0.203353955460437 -0.303458095593056
-0.150740958294211 0.203295916916445 0.241175984482399 -0.238165943478884
-0.217753519933435 0.14581798728601 0.27878925513627 -0.112654165245769
-0.240357175306437 0.0625438124390554 0.198416531649828 0.0910118225720479
-0.25208395639616 -0.0990122395983795 0.0274334629541236 0.178994884472002
-0.159729674152199 -0.283362926423937 -0.152399467644535 0.112347600671036
-0.0637779025089756 -0.337242027167616 -0.109247974327754 -0.195312066161333
0.0596991779898336 -0.510829836164754 -0.0345981921541768 -0.15126076199754
-0.134231662856773 -0.544558901755344 0.396940447446039 0.0278457120196959
-0.25038366634553 -0.397483524666772 0.27987073357087 -0.462163090362426
-0.400648890646976 -0.232231165188184 -0.144039600358149 -0.32314452842977
-0.491638162435684 -0.0112682829820775 -0.136783819432728 -0.0553018807093205
-0.42850964899566 0.212105379203682 0.00435024855863171 -0.0253334093913879
-0.276918548636994 0.331060525483172 0.0911729180683743 -0.129023468508887
-0.220109832280436 0.353080992934039 0.106966511461349 -0.180821458760873
-0.182359376278882 0.329812970225834 0.156759203325766 -0.199560720896074
-0.247087975297137 0.314817016441471 0.213037848672798 -0.176811155212113
-0.349708189416751 0.211763463787466 0.26489713204571 -0.0849906342495222
-0.36432190373383 0.0754815348132595 0.208679247408651 0.112563360471881
-0.371925939495569 -0.117245667808999 0.0288262274578065 0.217517132726966
-0.283474230793965 -0.367787843521203 -0.155871356758401 0.158966634735282
-0.144210766144615 -0.479109464802395 -0.0887543377702743 -0.0725859392895021
0.0363955659125505 -0.531310788004119 -0.0303345919994138 0.0480153208149496
-0.171325083391854 -0.495615243777028 0.422117374929218 0.0954778065203732
-0.237070920085859 -0.31035428270236 0.226116520026365 -0.431640790153976
-0.342538571450977 -0.193537244619128 -0.200951937965974 -0.313739301512571
-0.466380908847808 -0.00684034654036555 -0.247377153637135 -0.0361384570320898
-0.429609040987363 0.219234369590037 -0.131277645570449 0.0511333774385001
-0.293780318599629 0.357929696740976 -0.0327442029106866 0.000623599580433607
-0.256670782052692 0.401152673962601 0.019248539947811 -0.0301503796460073
-0.237115238595121 0.395305439023985 0.0910629373526806 -0.0569169795646833
-0.329516141728345 0.380785179485696 0.158430619052344 -0.0669608748825556
-0.456598526774891 0.237966679143055 0.21447791731569 -0.0120879659526505
-0.457662511593015 0.0579439047249177 0.187268106053338 0.151005652532999
-0.449123265946014 -0.14070519330343 0.0201970573400324 0.261554089773223
-0.373270163133675 -0.425549795242765 -0.149491547383214 0.213759662660335
-0.201857321005526 -0.574986702598848 -0.0559136654864395 0.0784857203196472
-0.00633300516668686 -0.460994804730349 -0.0148499996461548 0.215315071928899
-0.181834834294741 -0.344686684205544 0.405586172270853 0.0969782792943297
-0.167381690123968 -0.160619450737329 0.140354605266648 -0.364267968412305
-0.218576759935005 -0.125806368702122 -0.222746321828981 -0.254103395776063
-0.360028707542229 -0.000124163913056996 -0.299698785109368 -0.00191719682959063
-0.354337321325186 0.197866474756586 -0.225031709690382 0.120620653709673
-0.258053546901908 0.333135864338056 -0.139636390651218 0.12552565627374
-0.256130330964674 0.391510475071109 -0.0704770530437149 0.12644542670332
-0.263896100324092 0.394605058299129 0.00611071430553979 0.102400455263396
-0.371848133867957 0.365346589894905 0.0704288003240541 0.0687828039844048
-0.491601792321755 0.186423330119128 0.120005396292495 0.0836708770295068
-0.456457635695698 -0.00464191014756391 0.125532176723928 0.192310705195181
-0.428735253290761 -0.155926490852522 -0.0083314406158262 0.300110167118277
-0.392471390343601 -0.428441503813363 -0.142226473154172 0.268521518255938
-0.214938269944277 -0.588745912115754 -0.0218340324987347 0.237569655069925
-0.0490597054999211 -0.332452487618799 0.013832563048274 0.321368137678436
-0.163160710569702 -0.168441790237471 0.35124885930893 0.0584707548698858
-0.0783757170113403 -0.0323330170597001 0.0594314749355213 -0.276123043397072
-0.0943102492765475 -0.0772199433565625 -0.206775991485935 -0.181860210026786
-0.232647294377828 -0.00196862537309566 -0.300912027427849 0.031124034835621
-0.243314954119033 0.150435751575559 -0.267544780065176 0.174889139675464
-0.190416054936638 0.263911662828195 -0.211443265066366 0.232575091602247
-0.211888512290394 0.319590670623383 -0.148826217845272 0.263126542198537
-0.244138157867733 0.321618910222275 -0.0911535688400182 0.244827108621911
-0.349380749929919 0.26612644785247 -0.0445326372034692 0.188350262739754
-0.419130523301765 0.0712712272594245 -0.00283338645919936 0.156110721760663
-0.335574789659226 -0.0759499309904966 0.0437146398662464 0.211812947857124
-0.311864728884747 -0.132187055594951 -0.055428695309916 0.324059574916452
-0.331573328096881 -0.363060484517552 -0.155374249479832 0.31354096698792
-0.179300332318377 -0.506389882067055 -0.00309378504978151 0.376205175068272
-0.0746165978661846 -0.17949842596394 0.0515367507182102 0.371895818861853
-0.118285292199628 -0.0260493406766257 0.296021639953818 0.0120209640278239
-0.00345776076026925 0.0359105474257373 0.0137007558809041 -0.20086714479119
-0.0097834312021113 -0.0565135669342775 -0.177108257581678 -0.134580840419554
-0.122204976392776 -0.0145200072580981 -0.284538850298747 0.0537367749356677
-0.133537166138127 0.0865858057239954 -0.279764085113024 0.214053820799872
-0.111782802952505 0.163346549271842 -0.2451348807399 0.31082458228728
-0.136939880373966 0.196612085527208 -0.205404773707977 0.361237728216172
-0.172215578457943 0.192683711157653 -0.1798542015272 0.341386289085444
-0.239660489366024 0.120937252697217 -0.158340059859553 0.257447938365222
-0.23938995014808 -0.0331156785103516 -0.112189569641584 0.177579488719656
-0.132138202025603 -0.0851079303976834 -0.0226442582584566 0.205346397552378
-0.151286782341938 -0.0350779464252625 -0.112517126304776 0.337281734646506
-0.227828867146367 -0.212662923829151 -0.205931981522723 0.330922241207661
-0.128958456646045 -0.323313013146317 -0.00539497225713066 0.459989998822318
0.0736766871325614 0.0445585658723609 -0.0573875181506868 -0.471696381869823
0.0839330501104846 -0.0637418806775767 0.18835046553165 -0.274334133763631
-0.0125071868094389 -0.0998500769643641 0.135135175705188 -0.394660985937648
-0.0793961834281641 0.012374438445694 -0.0129681020818533 -0.182883571534904
0.000644020601288036 0.0551420821057752 0.148260165915638 -0.0980955770191595
0.0409972925499794 0.0123408394164193 0.244121238731846 -0.23807632173322
0.0414671231107189 -0.0287518002336129 0.229910392794188 -0.387618215577141
0.0388084990453894 -0.0465583854278292 0.203060152044012 -0.418541054004981
0.0476824754494045 -0.0474275652269954 0.225525669582248 -0.381792861796069
0.0516283490354237 -0.0120641350335025 0.245072180167393 -0.260266345859716
0.0286231719078001 0.0468328828545138 0.257954858980983 -0.112827878361174
-0.0499139527293355 0.0671580257763521 0.175650506455091 0.0698691721159424
-0.0723827373812253 -0.0588351510896593 0.0435373283933678 0.146225734819072
0.0332897866985112 -0.0899473463056045 -0.151863775949484 0.0645178359988618
0.0801702062856415 0.00213223677962128 -0.134478466339711 -0.33462969335012
0.0486372700759556 -0.190287543774442 -0.0564909353495608 -0.446346765334177
-0.0205069546170602 -0.275125846919478 0.263727957772261 -0.205785554693006
-0.132118227973386 -0.248103134805497 0.197713153436145 -0.445106310026695
-0.252938742146409 -0.0925066364718958 -0.0427383723542759 -0.21881672728638
-0.225281765555581 0.0520094541875277 0.104118558314181 -0.0725622182525121
-0.152304506062443 0.122349054935167 0.230379638577091 -0.186190865402055
-0.0802894612104533 0.131827605803677 0.237731365949345 -0.352355991298989
-0.0543306223911083 0.117272894082282 0.198400447656035 -0.397853666143411
-0.0313092721600648 0.0901353203408387 0.213047210478771 -0.37718461718501
-0.0465762031414871 0.0913165365711027 0.239659740661105 -0.273856638730354
-0.0845052517607555 0.0908075391301355 0.267545891481478 -0.12965117132032
-0.126847995669643 0.0623738338523882 0.185404925385112 0.0704509458684312
-0.148803924474885 -0.0729637879175725 0.0405780398684668 0.151586009314916
-0.0582134404937296 -0.186189343778301 -0.138620766648261 0.088875781306978
0.0117090972612072 -0.171213761388639 -0.135083027041528 -0.277806253630803
0.0419024264765724 -0.394017893032459 -0.0481827064684055 -0.329508438777125
-0.102371772285801 -0.457953540105782 0.341060054258787 -0.103815993200933
-0.224264955857186 -0.365767102000712 0.24305258814435 -0.481286913787071
-0.376781709034737 -0.185988505400256 -0.0963762778210989 -0.274992000263064
-0.408983523146188 0.0290680607892084 -0.00375897647929324 -0.0609879580448873
-0.323571304732912 0.198839671598337 0.139563977713078 -0.111401161932826
-0.190383253620926 0.263683990541771 0.182916586913631 -0.263307226622126
-0.138322596264606 0.264092106204688 0.160704000680693 -0.318707929706421
-0.103242162997867 0.227247293826973 0.18623178435231 -0.323037424692647
-0.141419660075962 0.213499483760103 0.229374782953722 -0.258389133667729
-0.210161694969854 0.160665950730327 0.27517484785444 -0.135179904228591
-0.237163290481201 0.0764457272844188 0.206808174806779 0.0771536240582218
-0.257519989535481 -0.0850253311841516 0.043104750285207 0.17739253985861
-0.178493066943715 -0.27505293647083 -0.143489581261112 0.12359930412804
-0.0789928361717693 -0.334580292423813 -0.125019074253698 -0.188685679608963
0.0340467511825293 -0.51795786909138 -0.0382548717806014 -0.146361817348891
-0.164614247036623 -0.541320978479081 0.405914319473473 0.000353493964782738
-0.271539406927971 -0.391199472869819 0.244611832564001 -0.487390935600135
-0.418742285515827 -0.216674475999118 -0.162295957960161 -0.313473524686674
-0.498618185197778 0.0167296598526232 -0.139082581806794 -0.0501919507114228
-0.42201232426525 0.24099131858882 0.00351483582436626 -0.0268948418869554
-0.260427616043061 0.350030767668187 0.0812015985199615 -0.138425233330676
-0.202309317678201 0.371318953348827 0.0960814875676526 -0.190824497991072
-0.16670302412974 0.343138460271997 0.145947557156487 -0.215224903099786
-0.230909059736221 0.331844927009962 0.204397880528646 -0.195066243717547
-0.34062989927994 0.238015070135105 0.262770096214967 -0.106447563014034
-0.364296264132322 0.0964956394461566 0.219037485508479 0.0982158886458239
-0.3797488366381 -0.0986431694921879 0.0470332128753307 0.21800025490136
-0.308193631804746 -0.354644870072167 -0.144547439397395 0.172897232354897
-0.168881468702697 -0.472857453259913 -0.0986073170675501 -0.067441712103371
0.0103787435494135 -0.537270250105892 -0.0238840983797134 0.0547270869611529
-0.197865738954663 -0.488114782694623 0.433077570953049 0.0652475194946817
-0.251040734306564 -0.304277160057795 0.192719265149086 -0.452316953414136
-0.357919270736552 -0.180873228032626 -0.220310652503232 -0.300050392789519
-0.473796875000283 0.021455121139333 -0.250692719233548 -0.0228540490484563
-0.422682355994845 0.250714594890713 -0.129352472536601 0.0589283688747897
-0.275066180590692 0.380020116277147 -0.0366379569660203 -0.000246783527107391
-0.236377039757413 0.423265814663158 0.0154349562870544 -0.0320352675554045
-0.217274896788661 0.413353736683921 0.0874742801210892 -0.0659122017402769
-0.309166261639295 0.406125046068615 0.155451318593684 -0.0798391849169264
-0.449608480742105 0.270079839842229 0.215559636017384 -0.028569057992223
-0.461061413231633 0.0833281500935855 0.198480828953484 0.140160327662893
-0.457697179552426 -0.121462882200067 0.0408970748444182 0.264234206414872
-0.401648798163935 -0.405746091253878 -0.135648628461101 0.229263146228909
-0.231507619612111 -0.563301815629236 -0.058628461742318 0.0815943519228304
-0.030454502110924 -0.463227486073476 0.000165953302003306 0.221825631649868
-0.199944672819108 -0.331796669203307 0.412817563478714 0.0691136614660486
-0.171197557046229 -0.157758530923347 0.108954983689371 -0.37609087833935
-0.229263345591701 -0.119489882457146 -0.239712280902025 -0.238550558235058
-0.365353191191425 0.0244864709314806 -0.303157723058494 0.0164923005290017
-0.346661055666459 0.223688429640072 -0.219873403387459 0.136817404652447
-0.239856998188924 0.353154952954304 -0.137583362147997 0.133923117300499
-0.233829060018862 0.411647914349053 -0.0666186969380399 0.131559055104706
-0.242861765062619 0.415841021170498 0.0109325615487124 0.100674674573447
-0.354440793042861 0.39520281764497 0.0745211454474508 0.0641568532793513
-0.490138324555139 0.219177516934143 0.125830174797082 0.0745614873214105
-0.467073169473145 0.0187672329080705 0.138039986505794 0.185683498300942
-0.437757099083727 -0.139555901018376 0.013505111055178 0.306539782696475
-0.418499103346599 -0.409850485775685 -0.126376653210394 0.285930518646425
-0.245289027562805 -0.575752186599444 -0.0169231636922811 0.238535461247293
-0.0687242752909624 -0.327315732906474 0.0339543699474972 0.324631506588482
-0.170298492513553 -0.154501528811821 0.353701369236599 0.0327739472249594
-0.0742762762894947 -0.0330354362474749 0.0352602495389089 -0.281322505998307
-0.10169871210162 -0.0755710489699924 -0.220220755271412 -0.166998386877753
-0.235758855254299 0.01578011075213 -0.30092354734822 0.0518390717803607
-0.235657127218384 0.169257582421726 -0.259565619617837 0.194010842871035
-0.174904743581459 0.279496424367054 -0.202902980459924 0.246916223488483
-0.192767403861967 0.336995875516967 -0.137820611787077 0.275181812630043
-0.225975290954016 0.340835673109484 -0.0784772493561159 0.251448010478921
-0.336625467846981 0.29141829206729 -0.0348036972365449 0.192887982329145
-0.424412135392095 0.100070450326677 0.00524358931873054 0.15711421198154
-0.348790376312119 -0.0609384277634349 0.0543714060040512 0.21045418555248
-0.317655325269478 -0.12281587526685 -0.0331359993169535 0.335703764281454
-0.354234426011815 -0.344427875595722 -0.137696327010539 0.33213715158222
-0.209555043441581 -0.494362201034941 0.00972567204119929 0.376849101032534
-0.0854722412368844 -0.173168193251413 0.0728179314544917 0.371306717234254
-0.116529972331936 -0.016159363821951 0.293398256362397 -0.0112853493981086
0.00333231608300714 0.0318132203184099 -0.0037194134277382 -0.201746832886524
-0.016841420435447 -0.0581599253526363 -0.18690257646503 -0.120550970259656
-0.12523771961874 -0.00287748458736544 -0.282313196384246 0.0740623864830027
-0.128871474553992 0.0988161827619016 -0.268145534882489 0.234881275402917
-0.100809724064333 0.172964533213299 -0.231074875163102 0.328577056473059
-0.122954320816016 0.209854372845836 -0.188593470053062 0.378542416885463
-0.160386120212463 0.205761253851987 -0.16210884664027 0.356060948956218
-0.233693859576147 0.138587372289528 -0.145113189604164 0.269931271695983
-0.246738440838388 -0.0172996191015701 -0.104449910682579 0.18583865928383
-0.142210026627714 -0.0824132872574296 -0.0139327852907199 0.20746363486804
-0.149933718866069 -0.032291739446395 -0.0904337861804352 0.351281273212114
-0.241403453555891 -0.19782730146546 -0.186894677598628 0.353654984991308
-0.148939215914504 -0.313698391213439 0.0123408696058952 0.461078447577627
0.0781771555393298 0.03508870843012 -0.0758591587791175 -0.459309230178261
0.075420529270939 -0.0697841633632997 0.171774268614144 -0.28587129175326
-0.0221945200610321 -0.0967551161921645 0.105169457772296 -0.399393344830255
-0.0760087949013904 0.0187363392271124 -0.0198452425830315 -0.177217174230791
0.00602559996394889 0.0516514105789659 0.145266235326192 -0.108326965227853
0.040917592896217 0.00639002263124966 0.227265154976109 -0.251390604399709
0.0373279203540965 -0.0331594753463894 0.202976914739709 -0.394658154152063
0.0323812294262467 -0.0501405085734407 0.176734601418028 -0.423194638070278
0.0398792647104223 -0.0524248835576039 0.197046806285277 -0.393317610297921
0.0483070131318779 -0.0182379729343238 0.225011258314584 -0.272869706833091
0.0324802543188516 0.0419345846163627 0.245719841774134 -0.129478496161249
-0.0412848324251757 0.0693995743163562 0.178893505356023 0.0568431135411057
-0.0757623268707347 -0.0509030798448412 0.0554559397603652 0.138397917553734
0.0234994852647466 -0.0906668305379191 -0.142182043494351 0.0733384718516758
0.0804785897252461 -0.00606156969560659 -0.153244114110403 -0.314962232184745
0.0408438731432927 -0.192569793890957 -0.0734563915027119 -0.432698772179929
-0.0371768603381579 -0.271801444049449 0.251657000760465 -0.223455012441206
-0.146052608676506 -0.238636474521075 0.159642579991006 -0.452171304805128
-0.254698135305405 -0.0765273400061644 -0.0509686703647412 -0.209958028899335
-0.218173950627592 0.0623307543638822 0.102573166810322 -0.0810977845668413
-0.143226722996353 0.128092157184537 0.216835708989993 -0.198456278315753
-0.0730990300535745 0.132477142039621 0.212466694209146 -0.361326194157871
-0.0493837207731728 0.117358685973143 0.172297830579592 -0.404437606335593
-0.0299879164703589 0.088423406891662 0.18590840890634 -0.387420783148053
-0.0422119714219947 0.0908713832172076 0.218624079748364 -0.286947824597013
-0.0772309399557849 0.0921286925924265 0.254720969703741 -0.147099253800994
-0.117333303010731 0.0685202271508417 0.187679481280397 0.0548213001010691
-0.149751212983392 -0.0615841477230833 0.0536285021832453 0.143858452251741
-0.0702083604482532 -0.178727034099666 -0.127667625390352 0.0965383154013504
0.00537994290116054 -0.170968870060094 -0.15026557583564 -0.260311895005816
0.0222246159249786 -0.392357892598017 -0.0600826077176221 -0.317663639882216
-0.128323528484381 -0.445291507827465 0.335044604049432 -0.125933863297671
-0.240949423981392 -0.351188093437123 0.202273057758614 -0.490162618468773
-0.3833652514446 -0.16426698787968 -0.107296699044398 -0.261202510849496
-0.401933720985375 0.0509980377882438 -0.00353704715798597 -0.0631815299452923
-0.30781617617052 0.214536523516505 0.132141555932244 -0.120204843078588
-0.173972598468327 0.270542715540662 0.161528031950787 -0.272733281913204
-0.122822156146921 0.26767998001986 0.138394518607744 -0.325010825239932
-0.0909006648801607 0.228711864238963 0.163185444638843 -0.332219028273371
-0.127893057772463 0.217573536202498 0.209000954925819 -0.271664211710705
-0.19746156897012 0.171274267795457 0.261971134922405 -0.154112029969627
-0.226885374474607 0.0877995243709068 0.209982153258713 0.0616528164793552
-0.255912090707491 -0.069068768860691 0.057796756990292 0.170433609544088
-0.192617893441923 -0.259268611335814 -0.130362899801951 0.130993785794691
-0.0914695836048851 -0.323363934611089 -0.136756527128669 -0.175752344028617
0.00734714828292102 -0.512985523774027 -0.0399251056688615 -0.136635130094195
-0.191950074412232 -0.52179337780604 0.404198816370877 -0.0267588319038453
-0.285228193800372 -0.376009249723313 0.202134790028121 -0.495777077619362
-0.427226520878523 -0.194529880450222 -0.174910597597596 -0.295569982200865
-0.493070374089227 0.0445476276726675 -0.138538785949433 -0.0438292142522115
-0.402462641585909 0.263651830266775 0.00265666906107146 -0.0276449581050145
-0.237014913277275 0.359650050173395 0.0681612419040684 -0.144129916031436
-0.177608225258908 0.378063019116798 0.0813257293196882 -0.194654868409293
-0.146225430124403 0.34771759701857 0.128791135881188 -0.224147681330588
-0.209793071572407 0.341434962691127 0.187877719682789 -0.208039486880415
-0.323954491656493 0.256751890597241 0.252421517757346 -0.12533588572067
-0.354511594073594 0.114105227258089 0.222792993077033 0.0822298607206653
-0.377362633647658 -0.0793672545207316 0.0653751630666027 0.210880616885913
-0.322611110255252 -0.329291036459139 -0.129151197244075 0.180792775701347
-0.186167900638926 -0.453502775505854 -0.105233601714544 -0.0583692775721078
-0.0191431302092 -0.528480637684505 -0.0150866675626278 0.0595553859801061
-0.220925769270816 -0.465195831810135 0.432055309372173 0.0368831191990733
-0.257998918736189 -0.290882994546327 0.151252561969422 -0.455957894654015
-0.364102729141483 -0.162933868685936 -0.231839431099452 -0.278851250025672
-0.467215443485622 0.0489550146866013 -0.247942658438953 -0.00913190793963072
-0.402043097922491 0.274627207448483 -0.12331066455347 0.06573972798559
-0.248718635733477 0.389961896259175 -0.0407543784779397 0.000233949829149081
-0.205772219884101 0.433298132702861 0.0108146710187923 -0.0336850262560165
-0.1891231468101 0.421398828140943 0.080647061935399 -0.0734496142263897
-0.281406895000636 0.421289759398369 0.147441263892876 -0.091321888997541
-0.429285085830941 0.297558282834167 0.211170908801002 -0.044771777414128
-0.453697934767726 0.105990646983416 0.205020387100855 0.125763210022395
-0.455804369599507 -0.0988177405564898 0.061672518864861 0.258634016207295
-0.416647739924891 -0.377404080479825 -0.118143421948103 0.238683430938234
-0.254036651284381 -0.537182110596315 -0.0586824196836749 0.084733640160392
-0.0551191894406893 -0.449852856667354 0.0165216080461738 0.220879745931185
-0.213331112750634 -0.310595993854074 0.408758416371226 0.0402711066199444
-0.170827082718241 -0.150391247529957 0.077106590506418 -0.373697397070533
-0.234137542700639 -0.109309103152627 -0.248351926555933 -0.217004277466518
-0.358223167525632 0.0471367471942495 -0.296932015081213 0.0343129690907219
-0.327314921976213 0.244437753092602 -0.20773100573521 0.148171746822757
-0.214934813028591 0.362487524485312 -0.131453746185385 0.139121341858723
-0.203490026971905 0.423742287632253 -0.0613193167971477 0.134066895346185
-0.213572010704433 0.424952350202729 0.0154184492611601 0.0965249447630318
-0.325821726368403 0.411961990841665 0.0769469791454162 0.0566186433429458
-0.473420226246706 0.250051676757134 0.128383639691829 0.0638799617530087
-0.463717542573628 0.041818728119636 0.14657797584769 0.17512516461175
-0.437853725925547 -0.119855511608004 0.0373554296051452 0.303503265505838
-0.43488202805163 -0.37820248116256 -0.106027047052879 0.295025738610741
-0.269424839891704 -0.549560849437548 -0.0108110532023995 0.235880864048689
-0.0857186243092367 -0.314014877114094 0.05400313320151 0.319619698074243
-0.171051422564525 -0.138053569029815 0.345049481379055 0.00692031824963758
-0.0693549642367546 -0.0325389181746517 0.0095865168618809 -0.275508629299996
-0.107255770772967 -0.0717014922008184 -0.225689865744497 -0.147729696604585
-0.23126385175084 0.0329768035629911 -0.291256806335815 0.0699877388911442
-0.220627409815466 0.184469334743515 -0.244089266658445 0.208048649438564
-0.153941125906466 0.286478366563355 -0.188665536834762 0.255213358379208
-0.167237114970328 0.346448242741182 -0.122237522365523 0.280485871905679
-0.201440033838997 0.349695787222309 -0.0632654889048006 0.250469887246127
-0.313355074012605 0.309845575962474 -0.0226046317156653 0.191136035450054
-0.416151749568405 0.12755800483391 0.0137097050343201 0.154202152883053
-0.352556913590847 -0.0441358365020728 0.0637345905403087 0.204586943988618
-0.315769515909316 -0.110466250654994 -0.00793714692881798 0.335741389425921
-0.365538788399965 -0.316714670257942 -0.114991480064502 0.341338538666263
-0.232225547027212 -0.468987401609415 0.0219393769273829 0.36812110002559
-0.0939018342568117 -0.160734707180018 0.0937695093966647 0.361138542934569
-0.111307688228752 -0.00538191983517426 0.280836853377765 -0.0341119934510836
0.00828609988174747 0.0275641251815072 -0.022337497294967 -0.195311515023012
-0.0223343175204545 -0.0580801937859155 -0.190501927429323 -0.104364234057857
-0.123055925537543 0.00863637498690911 -0.271188624484444 0.0928530836604087
-0.11918375411469 0.107441448844545 -0.249734785026473 0.249527199467379
-0.086903213503281 0.177546775187182 -0.210406317689766 0.337459709574188
-0.105011122245722 0.215096661756348 -0.166034792615121 0.386319288576793
-0.143052878261173 0.213689588081124 -0.140553580492288 0.358499026604632
-0.2221409633832 0.153309572166052 -0.126678349625693 0.27404593259277
-0.248662318957359 0.000876866532210398 -0.0927064639671443 0.190038059357514
-0.14953268538386 -0.0772171234635617 -0.00478193231199729 0.204039689505725
-0.1441697654587 -0.0294819566370913 -0.0646861107985765 0.355030137630079
-0.246909419961076 -0.176353788454444 -0.161581146016199 0.364337437090427
-0.164445932716013 -0.294182000426808 0.0293252204630003 0.450457685006249
0.0786360642490689 0.0277885538945873 -0.0840111989673343 -0.439739885107797
0.067449703256086 -0.0733700659766739 0.158120125001054 -0.2886624714286
-0.0294852037164266 -0.0909642331586287 0.0809231972116582 -0.391458292451441
-0.0708393610052644 0.0229850713182358 -0.0231522067993253 -0.169601405610304
0.00940974614180231 0.0468169100572348 0.14085367822064 -0.114789694188799
0.0392768034525303 0.00148439926465085 0.210219850091525 -0.254805530771298
0.0329649791017879 -0.0362126823800806 0.178391761730714 -0.390251092455062
0.0250113072746026 -0.0515822786725667 0.156676313489513 -0.418405640074947
0.0322555158689515 -0.0542589210548864 0.174292275765178 -0.39198087436156
0.0435044048531469 -0.022266567612877 0.20596203489185 -0.275882510651587
0.0343675080287971 0.0362884202846697 0.231847720589429 -0.137958414870339
-0.0323755379562942 0.0688569232704268 0.176213172736135 0.0452083942175358
-0.0762164143046267 -0.0434363855773326 0.0629287631316909 0.12841933355486
0.0154049285879729 -0.0889996124419097 -0.131116491154889 0.0785416817528278
0.0786982536943706 -0.0133552119426979 -0.159354615540552 -0.291602750308693
0.0352296150565735 -0.191190763622425 -0.0805806179776996 -0.413965505341083
-0.0476165839089346 -0.262963484375633 0.239586675039559 -0.230626294012756
-0.151895065519924 -0.226561161880107 0.128563144136925 -0.444389191768245
-0.249466598505316 -0.0647112112736566 -0.0541009653677877 -0.198585677953197
-0.209310574765248 0.0667708344624402 0.0997867850613949 -0.0867416789386995
-0.134010638849005 0.127813197418549 0.202578570667336 -0.204004089022544
-0.0678539955038144 0.129772874462375 0.189437971327995 -0.359927295077225
-0.0464923729973198 0.115053552783819 0.150156234522037 -0.401132051486535
-0.0297352658992178 0.084784655685964 0.16292769260375 -0.385933876298266
-0.0398405005866404 0.087094420600697 0.19871666116473 -0.290024549790788
-0.0697919718005776 0.0913302580277579 0.239050323379955 -0.156540420839811
-0.107691746706521 0.0712565804293367 0.186356851193072 0.0435573225823383
-0.146382360403951 -0.0521010912783497 0.0617442907377961 0.135392240169909
-0.0765466001757262 -0.168689067869674 -0.116261348072374 0.0989115572979711
0.0017516901557601 -0.167107614295609 -0.156414331468928 -0.241537350360762
0.0100053336075593 -0.383310614754239 -0.0624142852871135 -0.302226730824924
-0.140465783634728 -0.426400583504309 0.325911569214592 -0.140614189145158
-0.245842151426022 -0.335125085756939 0.166343714733098 -0.482832421995471
-0.379040889076373 -0.146510373345237 -0.110544111588877 -0.246104646791105
-0.389463024356122 0.061983116830995 -0.00398235565079277 -0.0644004511376228
-0.290597692712421 0.219152014697107 0.124391855809485 -0.124330226454061
-0.160310091369029 0.267622599170944 0.141744040479169 -0.272185195358975
-0.110445970163981 0.264164169206338 0.119883441887816 -0.322409977237336
-0.0827372590238812 0.224214125455508 0.143220393882777 -0.331394124270479
-0.116733706143482 0.214785329847129 0.190026745384752 -0.275115208527486
-0.184068698733522 0.174023344279574 0.246973428781933 -0.164636973038902
-0.214687304496544 0.0930730636357553 0.207664862205747 0.0486162260970195
-0.248944840718368 -0.0573260867282585 0.0673107344402204 0.160879557156876
-0.196428457660688 -0.241695797757462 -0.117066256322689 0.133635992862447
-0.0957966621216959 -0.308596236275123 -0.140848111077842 -0.161599478621542
-0.00913463269713733 -0.497753298264082 -0.0378841314389851 -0.127396636713259
-0.204851887473874 -0.496862687639252 0.395208416091835 -0.0468601100647449
-0.287793674519735 -0.358821219677013 0.16537138961492 -0.488451999807871
-0.422431026241017 -0.175945159427073 -0.178852294452929 -0.276245520637774
-0.477547831465824 0.0612971578013785 -0.134907779747164 -0.0391588270446435
-0.380132766895676 0.27390629707764 0.00201238399364126 -0.0282171505138996
-0.216918462698367 0.357827768996788 0.0551890654935737 -0.144296227510485
-0.159034098264501 0.374485304497871 0.0691807615748935 -0.193558608941823
-0.130060603488907 0.342799154007294 0.114211971191526 -0.225734601802872
-0.190157006767884 0.34055912998424 0.173833881913448 -0.21218766709651
-0.302970748109354 0.264245429312523 0.238798576397162 -0.13625582931097
-0.339385015551262 0.122816095265929 0.221194144493746 0.0691469039043449
-0.36611598736782 -0.0646685112021624 0.0770815466295206 0.199586552814481
-0.323654260755493 -0.304635436613213 -0.114569984783803 0.183130187784083
-0.192290815074934 -0.429449418286219 -0.107301709039597 -0.0503551532982734
-0.0365333306163393 -0.509897517915959 -0.00746806291103324 0.061736257362523
-0.228570516636831 -0.438384405973397 0.422519844746365 0.0135566238232708
-0.256228277827082 -0.278144931348031 0.11951818899502 -0.446665349523978
-0.362396524013005 -0.148521826911165 -0.232899049214666 -0.257196043587259
-0.453454922576799 0.0669782334100508 -0.240704625789371 0.000458824916231577
-0.378050222240556 0.284293474763381 -0.116111629962256 0.0683139539502316
-0.225016876817347 0.388649555763357 -0.0439253380255773 0.000755711974032614
-0.182695612079472 0.428851268653996 0.00675834536772042 -0.0333303063873193
-0.167815150978081 0.415902955715315 0.0733636849804263 -0.0768639476008155
-0.256662363467457 0.420094399356695 0.138778964156235 -0.0970474712677132
-0.405320549344102 0.309018681214194 0.201681434649464 -0.0561362984907905
-0.437904218952445 0.118893429838179 0.205061974908273 0.113120321696773
-0.444581532798644 -0.0831036896716627 0.0754683762189954 0.248234072366219
-0.416475266655905 -0.346489854714125 -0.102197899815617 0.239968138187452
-0.259250982188603 -0.506023828174416 -0.0595564952233641 0.085349107873948
-0.0692764526361034 -0.430849675383518 0.0274750724140952 0.215956858154466
-0.212676716226233 -0.288406768184139 0.395852786849839 0.0195352913754713
-0.165090059143369 -0.145489652877904 0.0507617196894433 -0.362133451451738
-0.232622807801047 -0.10141244774551 -0.246676256334986 -0.196571472190823
-0.348339885854047 0.0624693379290309 -0.286118574831076 0.0452664836920029
-0.307107045097584 0.252739250788348 -0.195263376332291 0.152292033025171
-0.192331150593726 0.359552048734638 -0.125731907982434 0.140255173836735
-0.177762425834913 0.420124894526848 -0.0572065879775001 0.132615878763825
-0.189326601427976 0.422129074149295 0.0175222887816558 0.090962637495909
-0.298421747660237 0.414642405191572 0.0762415812825396 0.0507157925405476
-0.452566378123082 0.266656420286932 0.127269701682968 0.0541871382290604
-0.453882362444636 0.0556017216259345 0.149630449624953 0.164978541743908
-0.426737571142499 -0.106571691988343 0.0536642102037651 0.293715415709393
-0.432701765867502 -0.348661409001645 -0.0888443810365145 0.29563861192587
-0.275208036922792 -0.516262702428562 -0.00965601421852223 0.229627574225838
-0.0939106324074878 -0.296243147094262 0.0654756758252496 0.308027076048413
-0.164432278814738 -0.122044684916154 0.32807791655257 -0.0102370123803624
-0.0632818130422928 -0.0338749357397345 -0.00992013025398192 -0.262796552870372
-0.109447859145076 -0.0680889212903685 -0.221976614333114 -0.130336448414068
-0.222456564922247 0.0445224797539568 -0.277958666530223 0.0813745847294146
-0.204779793544767 0.191117752786231 -0.226896073058586 0.213310266218101
-0.136226635175561 0.284621623865091 -0.175970767232264 0.25583405775032
-0.145558962053934 0.343259273371593 -0.109974468013612 0.277499212306833
-0.179691779543198 0.348854576788125 -0.0520645326487508 0.244337584083153
-0.292071192465445 0.31623027171023 -0.0143571391182404 0.185410172541241
-0.402314682037552 0.144422485823491 0.0194171227327428 0.147175172646395
-0.348883138722391 -0.0327196245379554 0.068124861527075 0.197090637279995
-0.307500079549088 -0.102708119634759 0.0109398898726687 0.328321592253828
-0.362145458426109 -0.291723842305722 -0.0972404146361101 0.341455853032621
-0.23895623590491 -0.439130735647646 0.0264871388044837 0.354753593559284
-0.0967261002652861 -0.146709657879714 0.104049473325119 0.344963484804665
-0.102418565846764 0.00202798630901221 0.26224986670744 -0.0470284430138505
0.0121987933665639 0.0210007301007761 -0.0354965235969622 -0.184393349004963
-0.0274850443063673 -0.0567508435610688 -0.188790725380661 -0.0898893534301929
-0.117414382067713 0.0175215749251376 -0.255855510654205 0.103279296130685
-0.108703713970244 0.11259370944512 -0.229808618955432 0.253899251717548
-0.074702555040833 0.176848600209612 -0.191857268097474 0.336608693661494
-0.089248046924279 0.214664443653953 -0.146716981576548 0.38270128718869
-0.127492440965276 0.213589423623101 -0.122809008699937 0.353667717414469
-0.208510762840862 0.159519974251346 -0.111821216093097 0.270264738699344
-0.245740638871723 0.0135913454299984 -0.0835317053993143 0.188798206226336
-0.1528693487925 -0.073372661664278 0.000329518985209683 0.198095962129469
-0.13627945605337 -0.0287981803789813 -0.0428542487069754 0.350525507581109
-0.243293524953704 -0.156927409015156 -0.141409036809012 0.364527554275192
-0.169865945125939 -0.273822736222934 0.0360931160513564 0.433439652326996
0.0625659541947016 0.0563888788187015 0.111151602880838 -0.431224334760951
0.0876122153446348 -0.038108315559055 0.259303304367123 -0.200678649679547
0.00692634119600584 -0.0935463111817379 0.221862962080745 -0.317331992847672
-0.0708233627692742 -0.00635164981807652 0.0495773633373157 -0.154982054825156
-0.0102235427319214 0.0440151771802417 0.17869250760105 -0.0472493920218373
0.0337876995243103 0.0148603691426356 0.291562254059709 -0.143348453927034
0.0429292417418897 -0.0217807918597466 0.315142238455528 -0.274033527586367
0.039759069709844 -0.0398227850775892 0.307113290510778 -0.309305564537994
0.0452945357112731 -0.042229488745308 0.311677560033079 -0.279174476227178
0.0444014903303643 -0.00877009709765997 0.294530827861843 -0.16416712587232
0.0184617660387605 0.0402836838585448 0.259284536037348 -0.031521788146814
-0.0501247056110127 0.0494968974490946 0.139303657242139 0.109470295362501
-0.0531538057717063 -0.0653852147241615 0.00804916759341339 0.135022694598027
0.0427336626564124 -0.0732690111635386 -0.140797806108627 0.0218603379494992
0.0751738079027493 0.00889798954794278 -0.0269949328994985 -0.313023929754565
0.121415330564155 -0.159231953227283 0.0808556691384931 -0.395777440498084
0.069982094604547 -0.251902644535154 0.299694686340659 -0.11023173070114
-0.0407555706723501 -0.26689612622766 0.275405425935539 -0.340713454679263
-0.190031236840597 -0.160049076913027 0.0250641402987976 -0.183778545578208
-0.210895871399124 -0.0303194516303695 0.127887528212856 -0.0271747999010541
-0.170387708388163 0.0558352294091512 0.263876610888884 -0.0930376752472883
-0.113220839426141 0.0837567888922944 0.311115849350492 -0.243093355210477
-0.089845981116888 0.0811021429991826 0.294045306995375 -0.297995861920668
-0.0640217952993336 0.0588392131223626 0.297443706941914 -0.279954536069784
-0.0713971259515152 0.0578133368161933 0.292305666698092 -0.181359035897832
-0.0958185473825672 0.0509415037528799 0.273722317924539 -0.0455743106089399
-0.117869455371255 0.0202378915366706 0.147619864540406 0.111829434899689
-0.110635797402728 -0.0993252403220463 0.00478883698454835 0.13972536507239
-0.00973766527156691 -0.176368304797931 -0.132687943728929 0.0399222184586705
0.0618618891442236 -0.155063335806177 -0.0362886935060342 -0.269257959988155
0.183791892294982 -0.342826267910707 0.0298296027898253 -0.281790293592624
0.0600544207438032 -0.433822791430722 0.33163138920171 0.0101354245713814
-0.0736473945043655 -0.404316221733715 0.315522568689339 -0.353630309543147
-0.268957737435488 -0.289347976681341 -0.0149137918019977 -0.24342490495487
-0.367502508534786 -0.109494206490447 0.0239020236318516 -0.0407849267725801
-0.345419328317275 0.0724298026643713 0.161373001832876 -0.0460574273098836
-0.249569897397772 0.168808340296169 0.23392013629746 -0.181786765811802
-0.205484467557272 0.190782863690825 0.235266875281747 -0.240122787833322
-0.165678763067916 0.163634254646669 0.25481868365799 -0.241282182365907
-0.188877428888045 0.142867749386881 0.276823013223334 -0.173536632732693
-0.231865978788449 0.0818606419630636 0.282216107755011 -0.050320544469815
-0.224294445856334 -0.00302455146672968 0.163973524411346 0.124296007232616
-0.200965970462896 -0.14436832152642 -0.00146527651233738 0.163292233308569
-0.0881302143998132 -0.283769834096136 -0.14543903404066 0.0638535133621232
0.0263484809275874 -0.316026757363639 -0.0472039324064131 -0.196032307826739
0.215775730481173 -0.453036124017723 -0.0313100493139051 -0.111671728863272
0.0355074049547387 -0.51911647453033 0.350157471145497 0.124478417745402
-0.0978607963509917 -0.441295381242219 0.314855073384479 -0.355274550032189
-0.293273030242791 -0.336255018645558 -0.067978519756486 -0.296897661022087
-0.44461258848915 -0.146933090437314 -0.106333843808125 -0.0666182523592429
-0.444967051298851 0.085173934730563 0.0133682594943833 -0.00644400696358676
-0.336673377667775 0.225536814123718 0.10425991603692 -0.100411457148418
-0.291887921077312 0.271423622576579 0.137757429933876 -0.146233636957054
-0.252918163075136 0.252787402161248 0.184604118251109 -0.159327885717099
-0.302344864010756 0.229166227639793 0.234424707132274 -0.125354583745143
-0.374318453213838 0.118973319489487 0.263494181519795 -0.0278992195125475
-0.349084933861306 -0.0250831045767514 0.166927153789743 0.146662231496817
-0.304350025815289 -0.197533190796969 -0.00995241387707906 0.200713657210569
-0.176766352976349 -0.386334819287752 -0.161004926299855 0.103263389076393
-0.0171927573550684 -0.456933479011703 -0.0560348049165163 -0.0877529031977919
0.196123988239583 -0.474913772172404 -0.0834921045563062 0.0710079355840048
-0.00886349939781209 -0.476702862581495 0.34976871658982 0.191058386085959
-0.102662393638985 -0.358131267193251 0.259857746283652 -0.337482300026216
-0.251654749336989 -0.287772661391917 -0.1221682839034 -0.305606878085923
-0.42504035629465 -0.130664629188456 -0.216468076583906 -0.0746673223825408
-0.448070620209373 0.0965929210618023 -0.130783139878478 0.0323199316753285
-0.352999144632244 0.24995656378882 -0.043017176172664 -0.0105003626089766
-0.332673333013455 0.312349072596555 0.017586955197077 -0.0287806111290075
-0.314641910284435 0.303914010654901 0.0876909504076314 -0.0440311607372621
-0.391078028528294 0.277279720985403 0.155225505280305 -0.0359246747486987
-0.48310305920367 0.122382789003788 0.197958095223458 0.028429187081817
-0.439347449819296 -0.0678310445477786 0.133066431546103 0.178870491131745
-0.366387909353962 -0.244978662857759 -0.0294379167692113 0.241567467040332
-0.242230555445492 -0.457795426597395 -0.17286344780926 0.155984179166423
-0.0495879623727678 -0.548283154525391 -0.0648266144068964 0.0492216247607033
0.128487522439648 -0.41557045025937 -0.106300237048589 0.222779479603637
-0.0589026886575898 -0.336057663709639 0.327395229768076 0.184582065215211
-0.078350164331445 -0.201256974161618 0.173670438565023 -0.293016481118365
-0.160656461396085 -0.191023935684248 -0.154426417203058 -0.263036625306139
-0.329035483295179 -0.0890203427055742 -0.273761397614448 -0.0573807785690945
-0.37127885405937 0.0990545625475541 -0.233559769918334 0.0730264239508555
-0.313258949348992 0.239614821914375 -0.172527947229883 0.0804146162676467
-0.324048115918552 0.305971721973524 -0.104699715519357 0.0942759559410053
-0.334044474616101 0.304046720898108 -0.0292155775307579 0.0821194547808025
-0.42489318179569 0.256663815326337 0.0401421688878642 0.0708760339014296
-0.510285289005288 0.0677585057423083 0.0863573215803744 0.0966829875009194
-0.429242152013335 -0.131084629395256 0.0621890261645438 0.202079401555237
-0.341480671490811 -0.262590379742135 -0.0667650056537437 0.274885907620436
-0.255809349283006 -0.462987786043281 -0.184437281270048 0.210064213913447
-0.0616458736171471 -0.561078596527236 -0.0782475708356155 0.195639145927036
0.046516382782994 -0.303692312440167 -0.0958356477550967 0.317926846969946
-0.0879475229265342 -0.170584967969001 0.286582853251998 0.127754511712968
-0.0349555771624161 -0.0607710754641803 0.0886683560025145 -0.233939520329361
-0.0678097845709723 -0.10867448372041 -0.15463044218876 -0.199617416850133
-0.211702698555271 -0.0517330301632411 -0.280598503009104 -0.0271221564200547
-0.256284966013598 0.0857763866696646 -0.285562268437804 0.109869252166872
-0.232279119982596 0.196625709033811 -0.262230310325154 0.16250404247324
-0.263531113179101 0.25188694132972 -0.210470338695023 0.201859248338727
-0.296240788483708 0.245040110820013 -0.150826900094752 0.19146243915469
-0.379187506658277 0.172289800475034 -0.0940055733202342 0.15535494726373
-0.417920716235193 -0.0217829695024772 -0.0460910056003709 0.136395709816113
-0.301111431820982 -0.169465626358696 -0.0224109839217986 0.198118515689733
-0.232707332719464 -0.212826468761581 -0.118316499567837 0.290545875321407
-0.213171357831974 -0.383787529395588 -0.211874857891769 0.251230921617961
-0.0554861453067428 -0.475748954845637 -0.10317588870025 0.320411732344309
-0.0234937909390706 -0.169414543140504 -0.0604281083289287 0.362142153230272
-0.0863521194228495 -0.0367326454519564 0.246501438202906 0.0642718523174385
0.00641159381260878 0.0197374497923134 0.0391760193947504 -0.179510250714602
-0.00328230181345235 -0.0627262204336629 -0.138305771827828 -0.154818772632183
-0.108649965688971 -0.031424977173799 -0.269183921726386 -0.00331848177210166
-0.138926291514111 0.057117912956989 -0.303376757521395 0.140495336827459
-0.135117338393585 0.127240175457119 -0.308782484036571 0.226630682565265
-0.162453892936658 0.158914606630118 -0.284747468500473 0.280034654959007
-0.194613783094639 0.144326819033597 -0.254532253116312 0.26183622035681
-0.244644654752926 0.0663636318474256 -0.211483810527569 0.193442768280307
-0.227382600773258 -0.0778046608079022 -0.152109456191695 0.130686068164814
-0.109556715426348 -0.128318141839032 -0.08285334804777 0.172165551508289
-0.104128328611063 -0.078232137844727 -0.175378497867525 0.292252717056792
-0.156951803770677 -0.218065107555392 -0.264687172309203 0.262116561235365
-0.0554079049484863 -0.299159741543463 -0.13507160434819 0.39199005115769
0.0658258239698532 0.0510284921397402 0.10983844438778 -0.42319760638069
0.0839910559373546 -0.042607031509125 0.260103004134898 -0.205920671356389
0.00159853076290085 -0.0924493350236998 0.211867503512965 -0.320915875891678
-0.0691763925248211 -0.00263787720109355 0.0488212511756314 -0.152526973977734
-0.0065614751164874 0.0417234891402796 0.179667824462649 -0.0515121424364938
0.0337642227554885 0.0117478212012917 0.287155879389463 -0.149514802801762
0.0406608473456569 -0.0252401765731843 0.307896140486118 -0.274335781025196
0.0352286096230635 -0.0431300973999516 0.301934211694772 -0.312609551154499
0.0403980409963903 -0.0454588485661135 0.304360073770009 -0.283452600496806
0.0424786472810356 -0.0129784911619473 0.289239022397336 -0.170611035246972
0.0209527444029959 0.0374132601706307 0.257013153241796 -0.0379403972251206
-0.0447836485725052 0.0510079068601728 0.142345778596315 0.104513352941617
-0.0553084634977067 -0.0612536680910253 0.0141244781384281 0.132277868077884
0.0371923062290294 -0.074680069152494 -0.13607567115265 0.0268549536422986
0.0765540376073357 0.00419145370601097 -0.0313547276499101 -0.303360088760594
0.122185403491477 -0.161048873110056 0.0805144176361985 -0.386779033706368
0.0670925650614939 -0.253370672672917 0.304679578288941 -0.117598373656503
-0.0454358346488849 -0.266176601930049 0.261862151739831 -0.343715669204793
-0.190058423319505 -0.156702468601815 0.0238228987585032 -0.179462760939144
-0.208289255705242 -0.0286676977597788 0.12987003605926 -0.0313464474147935
-0.168019125295379 0.0550663655684006 0.261624448462206 -0.0987692459668063
-0.113838221238271 0.0824030915574704 0.302825940407931 -0.245262358366972
-0.0911092469581653 0.0792468358198945 0.287381555957202 -0.299849950549707
-0.0667879751457896 0.056708731095358 0.290705308625432 -0.284741938264284
-0.0715858163844109 0.0556094521698328 0.28609041716489 -0.187581073985688
-0.0938641317493703 0.0504001073750748 0.270284280036023 -0.0537784186116714
-0.113314483934004 0.0220360548718698 0.151033058905797 0.107450077146452
-0.110745708031689 -0.0959016892484141 0.0109027531527347 0.137677419316951
-0.0132106330348171 -0.173152753897816 -0.127363164938503 0.0443024004784044
0.0629403671980194 -0.155240679026716 -0.0405703799739398 -0.261067857892505
0.180861410881739 -0.342631368903015 0.0323978524478603 -0.272649869013174
0.0564960844709149 -0.43097657485674 0.338373623409895 0.00170421352701677
-0.0763606969541155 -0.402199949487372 0.300253326994752 -0.357223739867934
-0.269673685128667 -0.286773261214078 -0.0165569108506223 -0.238364269099641
-0.366974955629243 -0.105484510398858 0.0243162532359982 -0.0428387816649703
-0.342107034528841 0.0769875274116997 0.160976085973931 -0.0506773662193698
-0.247515139587576 0.169539779008901 0.226508016157996 -0.184678246683184
-0.204184618311813 0.191084882271057 0.228756373207436 -0.244066526369384
-0.165759560318171 0.162680324395704 0.247933599270608 -0.247181279712342
-0.187012949228377 0.143237457961615 0.271092575681375 -0.180582419547406
-0.228571076853863 0.0847879745561362 0.280510801104148 -0.0599066178802983
-0.220485490294373 -0.00015239296344154 0.167588206715718 0.119640323881391
-0.199039215213591 -0.139779960351315 0.00526340050347047 0.161991596054515
-0.0913222400013392 -0.278534052672633 -0.139892743971472 0.068648124786131
0.0272449014056728 -0.311862200761981 -0.0510621605217216 -0.190440778567216
0.210380599870095 -0.451879890885141 -0.0272957932765709 -0.103843309844856
0.0312029996678744 -0.513262769023995 0.358588720412677 0.116323080604557
-0.0988451671061886 -0.441991565714476 0.29782588172893 -0.358936537819874
-0.295164024190589 -0.334715302131174 -0.069945897149258 -0.290243378019824
-0.445321398585005 -0.141474108816504 -0.105693615147529 -0.0663031642066594
-0.442482158897785 0.0908131808287087 0.0150602385798606 -0.00823350644563861
-0.33241421728414 0.227226293708674 0.0981658017523111 -0.102671931174951
-0.286618429779369 0.273539587781471 0.132302147702444 -0.148795318128113
-0.250249376325474 0.254180004631323 0.180191291186956 -0.164512039329904
-0.298897789285199 0.23123115563529 0.229999270458007 -0.131541613730258
-0.370946572705103 0.125375736186529 0.262053192454309 -0.0369467895900752
-0.347786440844273 -0.0219704097986827 0.171081926964295 0.143234847455393
-0.302302446009473 -0.193186319452253 -0.00233137133614399 0.199235577323592
-0.180305237892305 -0.379616645690925 -0.155539020865729 0.109236981114471
-0.0158923663827596 -0.449110965623764 -0.0605317322234256 -0.0841664224767582
0.188588680196844 -0.471534954866774 -0.0786294432869712 0.0768821105950003
-0.0114474693887351 -0.467824165212744 0.354408743081278 0.181393481374526
-0.10096107570201 -0.357978998122069 0.243474815947289 -0.338032069606827
-0.253860841558863 -0.287588753788981 -0.125106774217479 -0.297896654193679
-0.425267755937544 -0.12525214170249 -0.215744031106257 -0.0721322661470675
-0.444711299562322 0.104342132893319 -0.127847505672077 0.0331876121518751
-0.349020253131607 0.252482355435899 -0.0474140341024657 -0.0109228396595557
-0.326865751078369 0.316399778579657 0.0143048771118147 -0.0299014637810582
-0.310176219383106 0.307275800106752 0.0864721467438298 -0.0484597788329848
-0.385485128500156 0.281202775499696 0.154227692155999 -0.0414054556042097
-0.481851979758338 0.130244829294839 0.197807986505333 0.0219809988919444
-0.44046351757823 -0.0647632125569108 0.138134089355913 0.176145242920849
-0.364772273849226 -0.244472193846861 -0.0211089241444411 0.241679867369429
-0.243595165055627 -0.449197735420825 -0.167215658019029 0.162821627186432
-0.0499431040184831 -0.53918434831711 -0.06875017714724 0.0504066395054939
0.123378727818249 -0.40906347376772 -0.0995153912717864 0.224381907417644
-0.058727661817927 -0.325488384011261 0.327797199519221 0.173846014427542
-0.0728634052882616 -0.203246520953511 0.158660771243193 -0.291535425657274
-0.163297019117286 -0.192352975886285 -0.156820566934669 -0.256135806783021
-0.329291256822449 -0.0829597505143259 -0.272029052740924 -0.0527116062701343
-0.366848476278325 0.107027665521168 -0.228570229759681 0.0758685618686618
-0.306571030335296 0.243688013638192 -0.173954189255534 0.0822694986155873
-0.315542039909471 0.310317446276499 -0.105948913191486 0.0943681177657936
-0.328575864127743 0.307140111905456 -0.0282413368525613 0.0797195709671752
-0.420846795234069 0.263090189849139 0.041998981376362 0.0668791499764601
-0.509195339541464 0.0776368624809037 0.0878626195543328 0.0920937916064484
-0.432629615211554 -0.127931573823031 0.0653123928998628 0.201099544943039
-0.33711520086082 -0.262419706454969 -0.0577725751940363 0.276214695209216
-0.254933691878901 -0.45463036608333 -0.179959442995274 0.217568852341317
-0.062689755714706 -0.549021432013714 -0.0830232864146473 0.194385502364831
0.042047294883314 -0.295917117399354 -0.0896444384342809 0.317166255856602
-0.083052386668173 -0.161712139363533 0.282771990955039 0.118220287490146
-0.0292362506808539 -0.0638081055172676 0.0769422352736456 -0.230755056028876
-0.0711385685776036 -0.110476177178093 -0.156835202851819 -0.193639960082537
-0.212154900751544 -0.0459637230608765 -0.277387098693868 -0.0221334790600653
-0.251569392475938 0.0933081718043386 -0.279622883745679 0.11461973797367
-0.225998697870222 0.199878626044296 -0.261090045589404 0.166139049219151
-0.255352530961812 0.256540988817059 -0.208562220986721 0.204439887377967
-0.288964346636117 0.248681764410074 -0.147937283579575 0.189890071658064
-0.374844190184807 0.178077696028335 -0.0901148790636172 0.154257210065803
-0.420959874324418 -0.0125801945903169 -0.0442087565972548 0.134473009775297
-0.307221834189586 -0.169753505259213 -0.0206958810230453 0.198407981601895
-0.227795064746498 -0.215385264597735 -0.10832066718328 0.292595366000938
-0.21225125825894 -0.374003447118208 -0.207498814521968 0.258580393885919
-0.0583655213529 -0.464860020868335 -0.107017968173891 0.316829994720926
-0.026172739365061 -0.161692727502253 -0.0557862106219337 0.357921462353405
-0.0804619193544365 -0.0306970094625641 0.238733449556135 0.0555708208952578
0.0109922761902505 0.0160068455529156 0.0292165026559883 -0.175925698127131
-0.00704446550750485 -0.0646224004653494 -0.140490405863805 -0.149753627928634
-0.108925295494421 -0.026352453671835 -0.26414893959807 0.00238220350284512
-0.13588657633406 0.0621066870350223 -0.296661284973577 0.145868413789317
-0.130002566379301 0.130444530057756 -0.305753021057089 0.2303633898734
-0.155524693506737 0.162083010439402 -0.280629363544195 0.284353868821763
-0.188743204529033 0.1484077658137 -0.24894592656739 0.261516691604338
-0.243075887792694 0.0718746369312461 -0.207314337296936 0.194328854727442
-0.231344941625525 -0.0718069731957696 -0.150693684669782 0.130976924908496
-0.115210008571446 -0.131349552660766 -0.0818104166665211 0.17181824502627
-0.098278814885711 -0.0802488664889412 -0.165000213613943 0.295081472459169
-0.155303599923144 -0.208941095699174 -0.260808648169013 0.267902355822213
-0.0585477201955901 -0.289995125876301 -0.139244249948067 0.384831122309648
0.0708710977490072 0.0463702206858244 0.10717092926388 -0.422604470359917
0.0807986088218801 -0.0486062388479034 0.262994265239896 -0.218177928678277
-0.00557245744528213 -0.0912976613873131 0.198806304524026 -0.329491257083345
-0.0674654421242916 0.0027675025700562 0.0468782750891896 -0.151045869107538
-0.00329411361472236 0.0402785282096001 0.182436152432805 -0.0591839885536316
0.0345374167044116 0.00766288045570802 0.283984565293867 -0.159925859211273
0.0379863598988098 -0.0292710450943324 0.299800621123824 -0.282395286379733
0.0300931693001769 -0.0460488840797298 0.295745137701813 -0.321915128332701
0.0352208368853693 -0.0497958342911069 0.29865221564025 -0.296119815451761
0.0398171411823623 -0.0178904150974411 0.285053109276884 -0.180878121981789
0.0240583502811105 0.0344087803205086 0.255962189011479 -0.0488199392511235
-0.0381858987681529 0.0534653966239887 0.147872993902383 0.0991144333412837
-0.0590183319219502 -0.0573748601505358 0.0214117330859832 0.130833181974216
0.0320212588081783 -0.0769010049182639 -0.132570140345397 0.0346300886431225
0.0793584164197107 -0.00208188461886805 -0.038885715536707 -0.296138943958033
0.122210130270081 -0.167066157554241 0.080080825429615 -0.383690443493651
0.0605977051023521 -0.258843996557124 0.311664770384303 -0.129799396658494
-0.0537081772019903 -0.268277170028894 0.24673031874118 -0.353329784445052
-0.194749513506238 -0.152156108111388 0.0212386989663131 -0.176845723007072
-0.209179258340636 -0.0259686526640889 0.132079793313738 -0.0366821762834001
-0.167707865495283 0.0582313635668116 0.260859953979643 -0.108743472080587
-0.114514833310905 0.0834212681084385 0.294645251010143 -0.255939504725273
-0.0932491534434866 0.0813383596211072 0.281038831097283 -0.310583623688985
-0.0701967904576102 0.0565134563366366 0.282370805047057 -0.297947349146583
-0.0729778497582975 0.0549691166569992 0.282220508159482 -0.19910023793995
-0.0917376045806629 0.051872537410919 0.270622272663219 -0.0659372337758148
-0.109740078019735 0.0251221166178008 0.156797341686385 0.101978076573776
-0.113537035135221 -0.091021363469452 0.0188819377925519 0.136591886327312
-0.019636800187919 -0.1721628512668 -0.123044794331236 0.0516007593455574
0.0633791376483328 -0.159122240456046 -0.0470169680035849 -0.255275121058829
0.176706990701183 -0.348599312491543 0.0327064659726582 -0.268159936318243
0.0476780138579535 -0.433925735290227 0.349347135542237 -0.0111058387834537
-0.084683051763115 -0.406832096945454 0.283478794894821 -0.370253592170961
-0.278819530481315 -0.28507207836205 -0.0208879498759107 -0.234524032033303
-0.373309927636885 -0.0982692247286814 0.0244271306271217 -0.0458926701295172
-0.342351284582629 0.0850627912835724 0.161201320824596 -0.0572914918303608
-0.24732324464718 0.176108517231189 0.219666048780621 -0.193229504730768
-0.202946266011272 0.196913632915007 0.221425990140638 -0.252780585457317
-0.166168761134153 0.167157300758746 0.241551437274408 -0.259374837375764
-0.186627731939048 0.147296628900797 0.267329054811797 -0.192296138903447
-0.227752328667752 0.0923912695849364 0.279416340077161 -0.0723946129425257
-0.220014621391927 0.00438023129782732 0.175550473036224 0.114695852947587
-0.201872585445679 -0.135146378854496 0.0152107939831273 0.161362061450684
-0.0979662135041279 -0.274505002679487 -0.135140411297964 0.0760021186452401
0.02437061402869 -0.313134786454695 -0.0571505671819902 -0.185455968013041
0.202148339817021 -0.458633174544508 -0.0244969788959351 -0.0974313710873431
0.0217839642361397 -0.513082040374842 0.371731085754783 0.102849890865071
-0.10493283939762 -0.445164670609603 0.282021983518492 -0.369694617562046
-0.306768332462413 -0.333961173633661 -0.0770580997533843 -0.285905900726762
-0.45349217906053 -0.131843190893562 -0.107533324847589 -0.0655308895194148
-0.44276993901203 0.103441684726582 0.0158059900602701 -0.0110976201181668
-0.330619765519557 0.236838882755255 0.0928331082602396 -0.107592235501445
-0.282349438205284 0.282127056417881 0.12621180964375 -0.154441928980227
-0.248672001947944 0.262106021332495 0.175686398164935 -0.174830151897155
-0.295484127025574 0.240715365217769 0.227693314795811 -0.142492377228197
-0.370899445621708 0.138915512692474 0.262204687097339 -0.0493243499279614
-0.351532339388512 -0.0148593164315813 0.179469733272497 0.137731072126389
-0.306134170015974 -0.189025151718513 0.00853860371976931 0.200645170077596
-0.187404596562179 -0.374559655204949 -0.15014413302218 0.118259245070675
-0.0205391501531841 -0.447965802210955 -0.0656479011685884 -0.0805263078878816
0.178455631152004 -0.475518311550913 -0.0717110402499626 0.0842682590731655
-0.0193541087412368 -0.464088549062273 0.367377147787087 0.167773754391882
-0.103419287300473 -0.362029347076946 0.228176114990522 -0.345849693719619
-0.263562885155017 -0.288358237182104 -0.133807026409176 -0.292662682109963
-0.434223111269499 -0.114105288811978 -0.218554762825392 -0.0667885554638451
-0.444371480500772 0.118436850809789 -0.126637997095406 0.0351939485557312
-0.344314609728619 0.264211727542196 -0.0509964435734786 -0.00988432169964702
-0.319494859471928 0.326306374950333 0.009999609336153 -0.0311452410830185
-0.305650755505231 0.318067519593855 0.0834044597055858 -0.0546111270661252
-0.38163231937399 0.293451074013885 0.153418115935979 -0.049153139939292
-0.482341121463441 0.148223207279005 0.199894928670528 0.0116112392782588
-0.449597667773676 -0.0564170746339362 0.146587053941743 0.173006331402112
-0.370027069381315 -0.240871400695102 -0.00880885550098489 0.244492145441185
-0.251603763190568 -0.442884752611471 -0.161430804377665 0.173504574782585
-0.0571235865383764 -0.535021345404713 -0.072903319715992 0.0538223496333079
0.112235569521022 -0.409186856537943 -0.0918799688034594 0.23077212256122
-0.0607266534441195 -0.319102025495127 0.336224968874253 0.161903088468168
-0.0716758524612581 -0.206529642898544 0.143930016506847 -0.295463339250575
-0.169493272827562 -0.19411142685768 -0.164435980443127 -0.250420210295475
-0.335367447890073 -0.0729357723661482 -0.274649816294321 -0.0451663270136578
-0.365315719744829 0.120301356356377 -0.226850831735444 0.081306626800046
-0.301351772708956 0.253793049431019 -0.175966346192795 0.0879111650090234
-0.30799555944053 0.322809021355028 -0.106493997800823 0.0971726273752686
-0.322511684314286 0.318925580975183 -0.0282173748586538 0.0778029907510632
-0.416393718616538 0.278329104460036 0.043682954224973 0.0644894392009916
-0.513622448127459 0.0945834678201309 0.0908783269518236 0.0872332340893673
-0.443663398048211 -0.1223636128236 0.0733881346813462 0.201930670623581
-0.344229104456814 -0.262867613212794 -0.0450167315255219 0.281313222671455
-0.262676417810101 -0.448456444777472 -0.174549367447101 0.229222610448244
-0.0714346605475525 -0.544461925770501 -0.0862146680857527 0.196624428416849
0.0336764580312927 -0.292375350652494 -0.0817679195461798 0.320962945084265
-0.0813549335228515 -0.154694389486204 0.283938917327218 0.107137419717311
-0.0251926539161751 -0.0681266857032197 0.0638801345087915 -0.231587532319758
-0.0770972776826132 -0.113076576539696 -0.163263239494207 -0.187600940480676
-0.214806605859566 -0.0384918093091601 -0.277777616662968 -0.014243999487274
-0.24847037155492 0.104023552536607 -0.275906637757266 0.121956555562649
-0.220075515925905 0.209443829660499 -0.26054806026338 0.174381342838456
-0.246835436186669 0.267324447985182 -0.206709219126419 0.211055874810294
-0.284237915116118 0.258049830165681 -0.145689911533743 0.193788131759055
-0.371861129595686 0.192513681212636 -0.0868172595441918 0.155470736064389
-0.427606653660441 0.000575097302968311 -0.0415002766617471 0.135008059636204
-0.318451033509104 -0.1674688273146 -0.0149703402231325 0.201015947980184
-0.230679361976873 -0.218028921391922 -0.0960816600579744 0.300491713336692
-0.217829988848358 -0.366915176639826 -0.202699925625478 0.271006983494105
-0.0680720846658956 -0.459942032143086 -0.10899151221592 0.31851836705403
-0.0314798549363166 -0.155718256091327 -0.0479519883311789 0.358861829074922
-0.0754641628855527 -0.0245961283443014 0.235227355307985 0.0453954439994119
0.0154155996661803 0.0120024798044079 0.0193669522236042 -0.176189086447541
-0.0127853497103653 -0.0667461480087537 -0.146397510510711 -0.145177295827864
-0.110828224657277 -0.020793552286399 -0.263847093859266 0.0101951770188552
-0.132005917625139 0.0697216022159905 -0.291562640497946 0.155739951722799
-0.124098242815198 0.136974222945179 -0.302777895246132 0.240412933528751
-0.148547454916096 0.169056463650011 -0.276834268153978 0.294027933613359
-0.184504559146676 0.156215834528526 -0.244456853371769 0.268638608480674
-0.242620825489828 0.081411460454056 -0.202839448520935 0.199902460356544
-0.23857193769446 -0.064257846031203 -0.150199304622677 0.135784749711942
-0.123186489951616 -0.133781119711902 -0.0798050291335454 0.174739886164923
-0.094943098409021 -0.0836544364027751 -0.153398692922521 0.303618876429663
-0.158058446269675 -0.200638873279769 -0.255230770529115 0.281188412359841
-0.0671942708461895 -0.284101148118354 -0.140519985095823 0.385843602235589
0.0759418462048538 0.0385760722551976 0.0968412355339271 -0.419296415585814
0.0752643462892273 -0.0551698096728045 0.258414443450882 -0.233804707868563
-0.0140496026661003 -0.0881027310879377 0.177550426065261 -0.337223003445218
-0.0644591071682821 0.00884159941071527 0.0416321030457056 -0.150188796315026
0.0011412181962432 0.0380102775306995 0.181134307807736 -0.0700950020962269
0.0343112315081708 0.00297341272202751 0.275327056436082 -0.174560848857722
0.034514991304785 -0.0339156552219717 0.284390414180362 -0.293981353497134
0.0235060979622384 -0.0487862094836149 0.281271456872681 -0.335530335580973
0.0276134860490281 -0.0536508901199308 0.281385158557591 -0.310982821524867
0.0365951161228124 -0.0231670097317503 0.27506048978111 -0.1961069510832
0.0268102177236836 0.029807859455698 0.250768838763821 -0.0644098800634409
-0.0302753134159433 0.0549834200111708 0.154026704617637 0.0887739843483002
-0.0634281456549806 -0.0508658854707656 0.0315583202030119 0.127384208430642
0.0245002726418931 -0.078795812444834 -0.126410216667892 0.0450123053016156
0.0799153106742323 -0.0102912376965442 -0.0489377767840027 -0.285643762868632
0.118425031539379 -0.174680062015848 0.0709587402336028 -0.380769057865613
0.0478885113713312 -0.262481134248458 0.312852868048995 -0.149812132084353
-0.0680065984320543 -0.265170659213634 0.223843175345926 -0.363644777459545
-0.200231937430561 -0.141792999961148 0.0163241969532602 -0.17319244529314
-0.20934624414774 -0.0183567126159961 0.131935276939871 -0.0456054180434777
-0.164810035942758 0.0633964936795172 0.255010019629304 -0.12264129403531
-0.112349273235852 0.0866920601797987 0.279832471802549 -0.26747552573799
-0.0927335790563601 0.0847387000394129 0.265212408336519 -0.324577659063676
-0.0714102977983803 0.0588814161311958 0.265238985121058 -0.313040092512584
-0.0724421400033586 0.0555814593657222 0.269899182815381 -0.215666435456904
-0.08823236712651 0.054963490529486 0.264781565856918 -0.0832661872039324
-0.103637300300404 0.0294672489800932 0.163659964917983 0.0918180100112221
-0.11661493180481 -0.0822312512831933 0.030197568181587 0.134418431837283
-0.028424058020937 -0.169080426148429 -0.11532731814443 0.0606786059167502
0.059120492868669 -0.163330425339625 -0.0571948472141087 -0.245633001622298
0.163466624942567 -0.355959827116147 0.0284732455128203 -0.263254992955422
0.0287119620448065 -0.434773954342605 0.357663225204067 -0.0332713480573599
-0.102907976751169 -0.404224988149805 0.259278951204785 -0.382050843730836
-0.2911189350528 -0.272914318594806 -0.0298901660213277 -0.228656551569416
-0.377939735503694 -0.0827388779850777 0.0242243956847569 -0.0485860069352514
-0.337346535688412 0.100299212895282 0.159098918600637 -0.0675474731108372
-0.241589946178062 0.186242054254551 0.207523713875144 -0.203172803284084
-0.195552122537441 0.205251223465541 0.20772569372578 -0.263668203692439
-0.161598344066391 0.17415700747287 0.226611841670822 -0.273882267168764
-0.181598813037712 0.154409363245571 0.255405581926648 -0.207980925959242
-0.222277931792229 0.10318990633578 0.274601650390641 -0.0912523983589308
-0.21644374017571 0.0131988154661981 0.183741575793577 0.103390464394642
-0.205628862618456 -0.125174615524362 0.0281005021843172 0.159736203597606
-0.109361882502059 -0.266825251997261 -0.126668633924407 0.0853823388930115
0.0150745688578499 -0.312483729871522 -0.0657401401127426 -0.17775350228156
0.182085538697327 -0.463604467701663 -0.021251902427752 -0.0905340581824064
0.00151020656660672 -0.510895536644043 0.384183051877787 0.0789062008720428
-0.122810110794138 -0.442735045227212 0.255192303523 -0.381319990455856
-0.321845769651216 -0.324323275569138 -0.089088244028555 -0.277927271364762
-0.461307129999245 -0.11156630334397 -0.11033849572754 -0.0611164876065052
-0.436791989118771 0.124828181985134 0.0168896688319352 -0.0137944109725343
-0.320152400346572 0.252403777697698 0.084732031004202 -0.11260838048161
-0.27022770708502 0.295975612611861 0.116062265290288 -0.161095907164052
-0.238717309249148 0.27281200707342 0.165045177444468 -0.186448964395154
-0.285732735288465 0.253650886378088 0.219262065160932 -0.157064535096501
-0.364638389537765 0.158803435034772 0.258909244071592 -0.0673807670069968
-0.352252112586391 3.38999031133241E-06 0.189345371489749 0.127340688852142
-0.311515440451725 -0.177112480637179 0.0239545508861984 0.199154803535333
-0.20050825452415 -0.361180010584059 -0.140402935384676 0.128663647773523
-0.0350174139162015 -0.44337493656489 -0.0713133696967726 -0.074035973781426
0.158007754884248 -0.47806245914001 -0.0626623362238965 0.091505632362592
-0.035580223120798 -0.457397609370272 0.380928794252654 0.145580452111559
-0.113693351964706 -0.360218244472959 0.202336649557915 -0.353743523623271
-0.277497016152581 -0.280656354056442 -0.145771428777154 -0.282436245340676
-0.44079921755171 -0.0936804191621698 -0.221378182728615 -0.0572061490270519
-0.437885185145057 0.140634354944154 -0.123301184076785 0.0394391542160188
-0.332378660272568 0.27892602947132 -0.054317607660754 -0.00798931182796088
-0.303082902586232 0.341464804901303 0.00575555736189423 -0.0322341956730237
-0.292065983206471 0.332680200380748 0.0786661188166386 -0.0623328142363897
-0.368845565117826 0.312974499403534 0.150120266779633 -0.0600938432840433
-0.477393241615246 0.174417782459257 0.1997556847336 -0.00206735304293105
-0.455439873245406 -0.0381794386773939 0.158667699608948 0.165931501305239
-0.378515800808832 -0.229105582684 0.00864929840903238 0.245122603986178
-0.265972813028937 -0.428048050023844 -0.150011704935477 0.185336603450781
-0.0740299749742848 -0.526182025988378 -0.0752767472419877 0.0587023253759762
0.0952030267183672 -0.408570443248153 -0.0778117437509738 0.236738622897867
-0.0688504402190627 -0.308825066547928 0.344766218161697 0.140690799089299
-0.0754147739927625 -0.20713199166082 0.12247416480772 -0.299157917080886
-0.180855611929506 -0.190421230041029 -0.17628432087665 -0.238598396117205
-0.339766313298524 -0.0561658508473151 -0.275750671138769 -0.0314825861124325
-0.358127738260764 0.139806695762403 -0.221439581347776 0.0907931187143568
-0.288332007406192 0.267475113224752 -0.173786561543766 0.0965070659612804
-0.289438041830579 0.337402236944057 -0.104955470764837 0.101797979841083
-0.306463580522209 0.334493201698569 -0.0268169072110459 0.0763882300204234
-0.402984828417708 0.298468625336307 0.0466396224459937 0.0588007854236243
-0.512699015221128 0.122496339033799 0.0940782797756439 0.0800736192139437
-0.454755369129096 -0.105338295868509 0.085380796377153 0.198430581821993
-0.351656259337274 -0.253230014448385 -0.0256873473995714 0.28415397417159
-0.276454969012617 -0.432927094142791 -0.160975652165406 0.243004924771582
-0.0911056910614771 -0.53589717152614 -0.083885677793606 0.200871630167161
0.0206322632644445 -0.286732966949783 -0.0651104139293154 0.323866077642644
-0.0808164462867538 -0.14456169057597 0.285564216903272 0.0897173470696544
-0.0232725491484307 -0.0714423513528097 0.0463769854393503 -0.230772164503565
-0.0844385244049879 -0.112455902978625 -0.172566080962576 -0.177721050986889
-0.217762281873663 -0.025855022551799 -0.277403355276136 -9.86405121457342E-05
-0.240438566271944 0.118871993546004 -0.267285584308744 0.135052369288309
-0.207347200942278 0.220704028488966 -0.254112933659404 0.187232239714593
-0.231263479547467 0.280085467798315 -0.199441144172741 0.221228451687173
-0.26936013693768 0.273758053659246 -0.137892035948643 0.197832622985064
-0.362839016702612 0.211958932586991 -0.0790550696189328 0.157110148097718
-0.43042026176998 0.0254645362555737 -0.0363508021602502 0.135802321026595
-0.331965148503156 -0.156583128867699 -0.00462856867632824 0.201925407360251
-0.234929605341601 -0.214342625703592 -0.0759252119967555 0.304686601286823
-0.228406368202263 -0.352547152105185 -0.188484205502294 0.284857226279067
-0.0851217571981479 -0.448896870148548 -0.103647079528168 0.321876323951964
-0.0385105656251207 -0.147445358743584 -0.0324500454235852 0.358306170700797
-0.0693956191892118 -0.0175887931347999 0.231098047679969 0.030719622425997
0.0191761733932252 0.00555762823922008 0.00548880548421935 -0.173858627258861
-0.0194623678778959 -0.0670414485314524 -0.154996060824448 -0.135081003385716
-0.11196912654593 -0.0129677519032178 -0.260835117563401 0.0240478989953787
-0.125926251914484 0.0787295534769432 -0.281082162618129 0.169259313416491
-0.114111188520626 0.143754474570382 -0.292546398177757 0.255754019419327
-0.136657668690311 0.176622794599433 -0.265347641617151 0.306925429471218
-0.174706453781652 0.164998714415947 -0.232981712508961 0.278121713615981
-0.237753964317817 0.0953510682925158 -0.193089458635692 0.207467781043379
-0.244322134580356 -0.0500692453963361 -0.144873948274681 0.142566683470815
-0.134014023377208 -0.13152493983361 -0.0735693766666613 0.177767302152572
-0.0925194910589994 -0.0847043403053327 -0.133790851809616 0.311486462135334
-0.161813382840924 -0.18758908422131 -0.242551932630036 0.29663266847836
-0.0796791188091204 -0.273817529324021 -0.132761288753798 0.388231364654584
0.0783103556238854 0.0291540188380807 0.0836875546411777 -0.407535507265037
0.0674768202370779 -0.0599870312735542 0.244482745331274 -0.246515334313099
-0.0214227104821525 -0.0811747236589251 0.150460737754344 -0.33723591455958
-0.0595682366025912 0.0140900278020782 0.0361453435611867 -0.144781381285838
0.00570840443209284 0.0341981655948272 0.174743082402187 -0.0797791650063443
0.0329328016981963 -0.00170472660154989 0.257099939118848 -0.183700929872775
0.0293871068525008 -0.0369734161846882 0.261092893652404 -0.298210009311933
0.0161349832988969 -0.0499618901587137 0.25592344018563 -0.340672728369041
0.0189545610599179 -0.0551035760196294 0.256142238235568 -0.317437768708619
0.0313080977388249 -0.0273950294316169 0.255359921784606 -0.205771831191092
0.0289046499543182 0.0247480472836584 0.239097869201945 -0.0783597254093094
-0.021743830101673 0.0542250233833436 0.155420634963137 0.0752456097432071
-0.0654550339994063 -0.0424784211793423 0.0403985437735414 0.120432888741367
0.0169509873863717 -0.077788921517782 -0.115666802269017 0.0536336710590105
0.0788599971985098 -0.0181060962879319 -0.058430405793712 -0.267644868725836
0.110357417194845 -0.177348024470092 0.0620093954490221 -0.366967129150787
0.0340665653126664 -0.258934339049483 0.306046546663043 -0.168604908867417
-0.0799355162691036 -0.254285236376143 0.193050962531034 -0.364320440481784
-0.199931079511517 -0.128150681367191 0.00991594889718607 -0.165463061824449
-0.202931639839193 -0.00981419181842315 0.128246829165209 -0.0536925381615335
-0.157394110836974 0.0675979165267053 0.24147874249374 -0.134211757682388
-0.107891832835625 0.0880418900988905 0.256716064483717 -0.273818999599975
-0.0896759729497594 0.0860999820411848 0.241998905965367 -0.328550301817454
-0.0711724846505702 0.0597102865575386 0.239371323688918 -0.319255052668521
-0.0706672045451303 0.0550007851892248 0.249981897141508 -0.225354687680889
-0.0817382295957318 0.056353086698708 0.251398195739145 -0.0988164083000149
-0.0951828161245259 0.0326467290555048 0.166119223512792 0.0785956817889044
-0.116355304486267 -0.0717642302391737 0.0402282732700871 0.12691049698854
-0.0363032608344082 -0.161327022430769 -0.104193937605784 0.0675173409518405
0.0526758590346239 -0.162957381961083 -0.0643477572498434 -0.230100726052019
0.146471941500308 -0.353958253391292 0.0247581464396607 -0.251715763822131
0.0098903949203316 -0.422142425060829 0.35634614819504 -0.0586335238968586
-0.117654833837405 -0.389977181826692 0.224785039633412 -0.384084837343146
-0.296121378146326 -0.254247702539624 -0.0374065724014196 -0.217050209581808
-0.371054121133363 -0.0646796775862076 0.0215161842048696 -0.0508398901523953
-0.32452754412987 0.112945583231824 0.151295356758253 -0.0759207258553708
-0.227760354329382 0.191773710600836 0.189134976602574 -0.208974828024582
-0.183115118895649 0.208996832690531 0.186328302300605 -0.267563429094652
-0.152261740958314 0.176211237902773 0.203486682052071 -0.280430271700352
-0.171114739519264 0.158128477148289 0.236627173464843 -0.218525815860855
-0.210419328177099 0.112480001564628 0.260742082780256 -0.107967804275331
-0.20877022838391 0.0222820967930006 0.186860150824002 0.0896550333453451
-0.203413556920176 -0.111380235173454 0.0397913024614034 0.152245394042195
-0.11641503900846 -0.25141664576262 -0.113837994035485 0.0912785998822303
0.00460743717949103 -0.303687523982272 -0.0709984692962897 -0.164977492486063
0.157312530090538 -0.457239512727435 -0.0174072366768777 -0.0822504301365186
-0.0180378255743884 -0.493064019181346 0.385903901587915 0.0507087510216781
-0.135783334972313 -0.428900745130006 0.221752997273249 -0.382431151356047
-0.329420168946242 -0.303031850453016 -0.0984880237744459 -0.262718054274924
-0.45597677899572 -0.0867177831793964 -0.10915408878299 -0.05518938329861
-0.41862573227893 0.142735676187447 0.0155871602313591 -0.0168223472978726
-0.300276287787296 0.261486814096244 0.0742513542076039 -0.113882677420843
-0.249333031918715 0.301246473984215 0.102333661059073 -0.162949772096111
-0.221077402235322 0.277368435273548 0.147817204151877 -0.192487664737939
-0.267183623400904 0.260740860827003 0.204198187635873 -0.166890290077414
-0.34646801000618 0.174455321501127 0.247086230669725 -0.0833573586877457
-0.343587617692382 0.01544998548261 0.193713191682824 0.112189448046346
-0.307938183252018 -0.159557795622908 0.0385430025700879 0.191440627527223
-0.207863226362711 -0.339237891981091 -0.125149853692877 0.135578525087066
-0.0488620858893802 -0.42576143151602 -0.0734239679919917 -0.0654490892871031
0.131430234645627 -0.468338743389311 -0.0504898195879982 0.0954623528538535
-0.0503664711761653 -0.436897456209615 0.382640086136672 0.113506297159762
-0.123359712368408 -0.348864577754595 0.172391661598113 -0.35168950178943
-0.284161047252213 -0.264841797638955 -0.154053861164919 -0.264113023542442
-0.434050297062779 -0.0693271174973281 -0.217392789582264 -0.0446487448541876
-0.417946278444553 0.159819206898674 -0.117346891234552 0.0420368342823465
-0.310144668717601 0.288399500369685 -0.0558718374633242 -0.00546509669516205
-0.278551775410107 0.348431267835954 0.000697307381148538 -0.0324732533936682
-0.269144680350976 0.338173053244511 0.0709142150985271 -0.0669978809280481
-0.343198611459588 0.323937263289093 0.142125387035197 -0.0694040476087845
-0.457166611583599 0.196280195857055 0.193579581013552 -0.0165427928947351
-0.44701908974609 -0.0164409063416477 0.165729904308135 0.152175824085763
-0.376463375805926 -0.210298572175973 0.0265870050033867 0.237075776751267
-0.273709925994068 -0.40233796281434 -0.133185033830353 0.191763655227969
-0.09039707079833 -0.50360175732044 -0.0735911355770568 0.0627983094902127
0.0724548656204004 -0.396212915143311 -0.0611524088404352 0.235723561039552
-0.0743021988964259 -0.291430419261849 0.343160416382325 0.113405144026668
-0.0772018996156553 -0.201912949761137 0.0969317293940641 -0.293014149128929
-0.1865586047376 -0.180822636938129 -0.182788454919028 -0.220642515424972
-0.334691495555185 -0.0367574879191354 -0.269178772754348 -0.0171409148897554
-0.338718413017039 0.156158040901959 -0.209570586439368 0.0979301585106029
-0.265984761928921 0.276454259387564 -0.166663215114895 0.102338963176302
-0.262870788650725 0.342552249332697 -0.10015176946498 0.10441719919912
-0.281259754167871 0.341415616725626 -0.0244621670387731 0.0734186389896909
-0.378023549513142 0.311262836249845 0.0473144207097792 0.0516344217053724
-0.495038512020822 0.148357261660648 0.0943197443415496 0.0703908063495775
-0.454295105668016 -0.0815947758956297 0.0951425887023929 0.188344842346108
-0.350132707279948 -0.237950121385688 -0.00517927515457026 0.277430127539752
-0.28213873434559 -0.405397119874841 -0.142159809436626 0.249271180668118
-0.107204713189466 -0.509927022645111 -0.0777107511451672 0.200193756170308
0.0068005647500405 -0.273188968965295 -0.0471990205558553 0.317892204083566
-0.0772557596378744 -0.131927734086468 0.279779049099708 0.0685919868991237
-0.021950844542945 -0.0735340312738221 0.0282151325317475 -0.22245037631875
-0.0902522715498503 -0.10741254538819 -0.177807215804266 -0.161211529206138
-0.214216150949398 -0.0124090444669219 -0.26863589980241 0.0149705018557254
-0.225835475246115 0.129157059285864 -0.251486656070018 0.143603678999652
-0.188493518511835 0.225042646483604 -0.239688746007256 0.195091741343733
-0.207297906487014 0.283225373933574 -0.185577278655776 0.224644017289151
-0.247433802579438 0.2799850861797 -0.126716140780407 0.197476750880718
-0.343224253134369 0.225855649716763 -0.0699083336784873 0.154219672927473
-0.420449221903464 0.0484295073760044 -0.028949507633306 0.132065857582814
-0.337056745631115 -0.139636580203623 0.00546006457594004 0.196946841422097
-0.234639564678649 -0.204741955106354 -0.0530805765112407 0.300508530443115
-0.231281243959878 -0.328986587355689 -0.168718963447509 0.290576478719843
-0.100078715431242 -0.426800591573223 -0.0941992693676879 0.317087059452228
-0.0435669333827232 -0.135074290076673 -0.016592389508727 0.348133527787105
-0.0611951188464474 -0.0121266485542501 0.220112462225451 0.0159293016968097
0.0207615145678769 -0.000747131214372806 -0.00879482773001475 -0.165558492939225
-0.0258446094939514 -0.0653431221455954 -0.158602287378087 -0.121500956959322
-0.109480364681048 -0.00389382646756869 -0.250948255454356 0.0376482717358723
-0.115088151778869 0.0844692765800462 -0.26211939294404 0.177912266994713
-0.100435478944089 0.146752649919837 -0.271490659332144 0.263646435073379
-0.120234934191477 0.17969504973439 -0.244412890780194 0.311739482916616
-0.159753348431129 0.170180203800083 -0.21436695822876 0.280928200059709
-0.227194592279352 0.106741588088765 -0.177297993168255 0.209372967780384
-0.243379914346815 -0.0342304515240524 -0.135586481080585 0.146063675415186
-0.14211366149684 -0.124552736596056 -0.063429754469967 0.175889491307178
-0.0894994503274304 -0.0846177460882279 -0.109044491166385 0.308577658491582
-0.160211530444227 -0.170001000784625 -0.221275435851084 0.304022377341339
-0.0893754435619576 -0.256962347986865 -0.120635780414469 0.38229221892983
0.0809595277628875 0.0103880443509435 0.0346828466761582 -0.394447013708107
0.0548936443405742 -0.067980770508934 0.205026039312062 -0.269227767250612
-0.0330776146562169 -0.0729795843876992 0.0986121908808373 -0.335360406611601
-0.0510764680939704 0.0210826940156362 0.0195722323726257 -0.13967572597479
0.011373317221163 0.0297847128987823 0.158037123629889 -0.102335771593045
0.0298339872385091 -0.00804257794439584 0.221764656411617 -0.206506066994881
0.020786633421876 -0.042012678618268 0.21561615411944 -0.316291792489569
0.00552572627262264 -0.0489255260437155 0.201751132726012 -0.352599800863779
0.0049749545960598 -0.0540237042710305 0.203747077477282 -0.331433315893452
0.0204539154322058 -0.0309586933345433 0.214708034650262 -0.228403210550497
0.0283761714574129 0.0164452466681648 0.216742953844518 -0.10525126279018
-0.00999130533955785 0.0496710558269833 0.159707615670865 0.0524740290978976
-0.0662980814742934 -0.0281267511931215 0.0535634300336558 0.107768847490052
0.00408246330502269 -0.0726294962416046 -0.0983312528143441 0.0643114262196545
0.0671217489984874 -0.0306127747199957 -0.0802988578505904 -0.243150647907901
0.0870900748412523 -0.192208806061636 0.0183372634303702 -0.336338740402476
0.00465375117805142 -0.252952644050046 0.274296959667267 -0.198056799011221
-0.106929853058463 -0.234677437778914 0.135935121972036 -0.35808528174163
-0.200239052293778 -0.100835090099379 -0.0056226999751277 -0.14754218194653
-0.192223114384809 0.0101326919156122 0.122817365848616 -0.0647673395676403
-0.142773231856992 0.0779183363973108 0.218860500736233 -0.154571315594877
-0.0952105268949549 0.0907985358969504 0.21426716113639 -0.289329766463138
-0.0789448364457996 0.0918837989423301 0.186835318676924 -0.339558521841583
-0.066150383234898 0.0648484830933704 0.186867485290471 -0.330984804520497
-0.064102360751479 0.0592757812405654 0.206383258167477 -0.244524338411303
-0.071498020071324 0.0613341784940755 0.225429954331176 -0.123194694802276
-0.0825501108618816 0.0375386569412481 0.170035612241022 0.0546507573173108
-0.114886480337391 -0.0512175670896539 0.0528466307086435 0.115266977766787
-0.0518107947418773 -0.142497081799932 -0.0901873023815403 0.07363359003372
0.0269685589023154 -0.158161578244581 -0.0827988690198116 -0.211688770550681
0.0986498797664525 -0.36597187266837 -0.0042472822823147 -0.206297815983503
-0.0318240232857902 -0.404503619979808 0.336860869623232 -0.0957340102728337
-0.1553037892761 -0.360513855428132 0.164205434758705 -0.374310661434742
-0.306059471154291 -0.21199160154592 -0.0570729418724275 -0.183191267320185
-0.359093540342211 -0.0228832979924255 0.026564653026739 -0.0419870425137639
-0.295863818703969 0.139215056736699 0.145438024356663 -0.0853787009022776
-0.195598895640024 0.201921454513456 0.15889907070225 -0.215042677863121
-0.152025326538558 0.218748624569397 0.141703716352573 -0.273031718162621
-0.127779282334395 0.1857547783037 0.1572402501253 -0.286650274031278
-0.145823840101214 0.168109735895907 0.194576734759168 -0.232763930009325
-0.185618969195182 0.13012789392915 0.234198998681193 -0.129900088491599
-0.191069927450088 0.0407211852694683 0.189087238617187 0.0653520675513821
-0.20097948085156 -0.0795271515857311 0.0519832073492927 0.141532145429211
-0.132811398826138 -0.216191013848238 -0.10192715142286 0.0957119090900955
-0.0311923238336379 -0.280334931698199 -0.084457949249759 -0.154565084202388
0.0971675663915697 -0.4637190028597 -0.0247135681317754 -0.032348715859003
-0.0637818889859334 -0.46564646848797 0.378633304827174 0.00595235696329194
-0.174294264637968 -0.397457403977805 0.161247916427499 -0.369971693912364
-0.343402242222498 -0.257667923870807 -0.121910351501216 -0.216131659037249
-0.441664067697701 -0.0347311153192185 -0.0969616558922881 -0.0266844597008217
-0.380256108188352 0.180418849551067 0.0266946065682144 -0.0119422659604943
-0.255798455588664 0.276470435687481 0.0609217677608267 -0.108256998239727
-0.202663804656436 0.313514898757468 0.0739542426395512 -0.163451934958333
-0.179212297272039 0.28866743005714 0.114987672893276 -0.195465639185461
-0.221889739115583 0.277095093539792 0.170897722238112 -0.177995380527079
-0.305631146437399 0.20681999777071 0.225133169883695 -0.101946935941444
-0.321525277599106 0.0493461491065399 0.197039548689589 0.0912442951677081
-0.305503582598267 -0.114223422717988 0.0534441467463424 0.180659076494561
-0.224143645696161 -0.288268341945727 -0.11339114779823 0.137303140448034
-0.0930924119836768 -0.38580861375294 -0.078552509360121 -0.0639996294253565
0.06896941909417 -0.468970294210515 -0.0353102050047296 0.141004612389594
-0.0864172627695548 -0.405666796067987 0.383011279179627 0.0654325545492628
-0.152166520658603 -0.322874792986467 0.118896752487689 -0.337087657508566
-0.297501738275995 -0.226413220169397 -0.17763179717936 -0.212885893829276
-0.420526708275302 -0.0195529591562421 -0.198643745318642 -0.00298059701186335
-0.378736951867732 0.198281667380541 -0.0928092871227991 0.0596749225809349
-0.260093180889778 0.305360227553725 -0.0503587235230306 0.0119812587454162
-0.221682498843999 0.362607829199907 -0.00592590233562804 -0.0271246730791344
-0.215946513007005 0.353051491135904 0.0563958652359797 -0.0662730882400338
-0.285182602967105 0.344291647922827 0.12438011178771 -0.075394231092895
-0.408338270619065 0.241893907416297 0.182555779167372 -0.0286045914971401
-0.424039700644548 0.0328571025270783 0.172648423685339 0.135505706235496
-0.376791159007359 -0.155363803492809 0.0438696586505292 0.226816218093247
-0.289906849210388 -0.33943699715001 -0.118794235017375 0.191981452191265
-0.138835971833592 -0.450891148344411 -0.0673498733258073 0.0555692876270607
0.0215426582419826 -0.387803924046455 -0.0274683418826311 0.267000561510556
-0.0917363175938733 -0.264958252436211 0.34209444614909 0.0666639421452137
-0.0926805056660835 -0.188471253894977 0.0530959274109937 -0.277668801650295
-0.198025415817619 -0.15536626681261 -0.200384712390842 -0.172260034128909
-0.321775979422467 0.00304237748743608 -0.246747606196361 0.0270054897953356
-0.303239380128262 0.187138443250051 -0.175580984272095 0.122327937779074
-0.218673504125551 0.289749111936895 -0.143610343695168 0.128576796753665
-0.207229710138015 0.35665947146211 -0.0850004825272295 0.114222795051774
-0.225331264578123 0.358086795637906 -0.0172982778614649 0.0786058479841481
-0.317769800315199 0.338142341967096 0.0487050448806533 0.052015676981703
-0.448070370661057 0.201565942345629 0.0979440749049856 0.0673754999814932
-0.438735883939983 -0.028383996609331 0.106667797328631 0.179022975840146
-0.35549013438611 -0.188307458042091 0.0183349659172544 0.267743343463157
-0.29595439614315 -0.341983101566706 -0.122691774630311 0.248376236751773
-0.15397275962047 -0.452873102426032 -0.0584776833450379 0.18698801689771
-0.0256603643009635 -0.258266194735749 -0.00311460696291098 0.330260641187282
-0.0781194051243013 -0.114244362550481 0.273655161688203 0.0302474504475222
-0.0270686387389849 -0.0727035261942061 -0.00502363096917238 -0.208552921035038
-0.100251681886259 -0.0944108955924849 -0.190411651169468 -0.121151902308437
-0.203770850624099 0.013289606605935 -0.244592359470457 0.0540936146810741
-0.196538704544253 0.148877821244861 -0.213371676101639 0.168508095525974
-0.150531075854085 0.233602511908292 -0.203043972412335 0.224772239057125
-0.160188691492551 0.29363067652953 -0.150257610062167 0.237833399960266
-0.199450571283959 0.294523973403332 -0.0989990539455422 0.207524076380181
-0.293139284658266 0.252467489115762 -0.0499785461437184 0.162175397435554
-0.390970398718744 0.0980488811182073 -0.0150427468648037 0.139441559399779
-0.335325446804757 -0.0967560276473656 0.0204434524988093 0.193934872714157
-0.241025038950201 -0.171987292815369 -0.0215149781034914 0.292627268785209
-0.239803435885076 -0.275769893276548 -0.140819232651785 0.29368850191536
-0.137811842736862 -0.375598379195785 -0.0628543615827789 0.302297412663565
-0.0572080694827865 -0.117214620178954 0.0300673241003858 0.342518890826154
-0.0512441927426056 -0.00381862808172081 0.207283568551848 -0.0143883102324675
0.0200280192299178 -0.00875388639373142 -0.034142253978032 -0.152889774189484
-0.0361194375427856 -0.0590608898528355 -0.168325537931842 -0.088488192375267
-0.104636000127674 0.00976161551321298 -0.229573031645897 0.0713715745719621
-0.0965264653143021 0.0942135396831251 -0.221754468676267 0.200602965261007
-0.075467617999965 0.151392178437224 -0.227660325808765 0.291477546045485
-0.0890970851981955 0.184105240984621 -0.194183989864378 0.326537569728662
-0.126851912165129 0.179187112342561 -0.172040518100546 0.293631110563613
-0.196746402999495 0.127555938132557 -0.145118444411717 0.223643137233514
-0.233364400104225 -0.000326739292893098 -0.116290549137334 0.159921065298019
-0.149851686854681 -0.10318609397718 -0.0472259997045837 0.177263445855404
-0.0881077817156803 -0.0754586077821919 -0.0668077162360109 0.305729319453519
-0.15655939533326 -0.133936535848663 -0.182251456234618 0.316399968625681
-0.108392570243612 -0.218812198692726 -0.083057458487453 0.371617488822397
0.0781987423641944 0.00481752059733495 0.0473944894244586 -0.375102537482797
0.0496667441478797 -0.0673966441783067 0.201983520974369 -0.265059852367718
-0.0330689478293163 -0.0667312925880701 0.0926671159359022 -0.319741484995786
-0.0459968191788192 0.0212800105599302 0.023182634681433 -0.131269254347006
0.0119949807486809 0.0258431069162003 0.15276712382324 -0.0998162133964442
0.027638015268569 -0.0100007942712934 0.212489412831648 -0.197057772025686
0.016921103297595 -0.0415946983532908 0.20813755489232 -0.298374203622249
0.00216745065538602 -0.0460285442188326 0.196798623442459 -0.335478542534913
0.000361407608296255 -0.0517254399873336 0.195117590610164 -0.316615315340448
0.016810426991685 -0.0313565439747817 0.204967843946243 -0.218576139355499
0.0272765006333339 0.0131168774813805 0.205266969895325 -0.102060213955901
-0.00593952029498225 0.046148205243932 0.153981765487012 0.0478206221922396
-0.0631899483299151 -0.0228901743125057 0.0530559877636446 0.100228565571411
0.000524843611642305 -0.0691501463574487 -0.0882949841540246 0.0638768367248774
0.064189275562187 -0.0329475268288478 -0.0693763364229348 -0.228166289704966
0.0878735578137527 -0.186832694025309 0.0301865789310377 -0.318495348553113
0.00645262974086375 -0.244589335014177 0.270253708412493 -0.19813555103373
-0.10068325926286 -0.225232766778072 0.128178075279639 -0.341593357036755
-0.189313304465147 -0.0990000698824629 -0.000149533066393082 -0.139438333628096
-0.183719147080521 0.00606116439864104 0.117975519248811 -0.063359090252469
-0.138245133001015 0.0719207267213286 0.209643867142686 -0.147910724275243
-0.0947715346835508 0.0856904769694487 0.205799749030605 -0.273672871646716
-0.0794494295312372 0.0878296108142783 0.180178980095786 -0.32400241483885
-0.0678678038512888 0.0618332214676222 0.178359231394473 -0.315619953211548
-0.0651925968278352 0.0554417155813387 0.195813575474955 -0.234473918332787
-0.0676374385769776 0.0561286547588703 0.214015494440344 -0.120036206869313
-0.076077644504311 0.0336150320849355 0.163579144768876 0.0498183035644152
-0.107898060472764 -0.0471954233871024 0.0530483041434522 0.107987326137182
-0.0483222673129849 -0.135354568670061 -0.0808940367767681 0.0708444287280846
0.0299228678740088 -0.154070587120565 -0.0737028089962475 -0.199315545698752
0.100965949967699 -0.350262755244966 0.00728948558521248 -0.194974062919845
-0.0233069236439733 -0.387824826862249 0.330146153491769 -0.10037821846862
-0.143275469167745 -0.349216013163424 0.154618319303273 -0.35642237648156
-0.290884769160155 -0.208251669424566 -0.0503474361074476 -0.173269933520206
-0.344539182864475 -0.02699540696516 0.0259154917771968 -0.0413673521452345
-0.285902584745302 0.130817538631574 0.139548010673839 -0.0830520513023502
-0.191374832723825 0.191163881321575 0.15075912833028 -0.204920513010887
-0.149086951359616 0.208701390691954 0.135231222730128 -0.260604158220766
-0.126749981818796 0.177213518498475 0.148696677183976 -0.274550649853765
-0.143126841854996 0.160610928153867 0.185351822152501 -0.225064836760483
-0.177713162974984 0.1231396755036 0.221850782903199 -0.126897123703432
-0.181776797571856 0.0365503658253981 0.183358450635369 0.0607265611740982
-0.189309417548971 -0.0775167497834872 0.0536026217624956 0.132794691446392
-0.122233654143698 -0.206936385868213 -0.0915349695533736 0.0921717753529151
-0.0221643539235085 -0.268816999349055 -0.0771280840251075 -0.145409756713008
0.0998525822314724 -0.441757418179169 -0.0150583004556258 -0.0287334969353622
-0.0525385144300057 -0.444158770053838 0.367947606905838 -0.00332192897417609
-0.16002445711429 -0.384599932210459 0.150032969835281 -0.351477158416195
-0.327344115331345 -0.253326686911471 -0.112372227929012 -0.205340922206518
-0.424902480285337 -0.0372029476721023 -0.092196940228351 -0.0267713717548157
-0.367448800174401 0.170218607745341 0.0254228159559903 -0.0140256075185387
-0.248925354133853 0.262818377352609 0.0561471676723276 -0.104314820425035
-0.197101993168644 0.300854958915552 0.0684451309293654 -0.15550626352839
-0.175534942253819 0.276836020943866 0.1075486728574 -0.188192718561954
-0.216625118962176 0.264481940418052 0.16199853797879 -0.172401549838166
-0.293947277173565 0.197420531766943 0.213795408019614 -0.100906156187259
-0.308608430408871 0.0444586888505314 0.190950551357557 0.0852465481609924
-0.289670116681137 -0.114510356485518 0.0534303500664146 0.170562687063542
-0.207890564750866 -0.277440801330868 -0.104151844057871 0.132703899549795
-0.0786034173425632 -0.368284014831465 -0.0742367172616706 -0.0598286312924043
0.0715937444888576 -0.442863885611748 -0.0282152878540202 0.135916374033107
-0.0716238522339969 -0.386897998458292 0.367670326046802 0.0546817043201094
-0.137901530186933 -0.315394492373456 0.107597047586944 -0.320652878922037
-0.286459648160847 -0.223627209797874 -0.167268233027272 -0.201838706346189
-0.405069017260354 -0.0208240929764978 -0.189692874441294 -0.00394587603382798
-0.362858580719047 0.187605651743225 -0.0897837236475602 0.0536800242935566
-0.252869829186677 0.290232107887772 -0.0506889391380736 0.0105967687702937
-0.214256824621469 0.346303523116568 -0.00856111366237442 -0.0249634829329204
-0.210032089273923 0.337589128348637 0.0510644053481719 -0.0642262027281793
-0.276862363532816 0.328786957097895 0.117520199448543 -0.0748012575709128
-0.391908123069418 0.232698342326689 0.172865717974102 -0.030055693295473
-0.410542485330703 0.0280070712324515 0.166983431401064 0.127940203118099
-0.357598278714063 -0.159215077068946 0.0457215850969162 0.215250659392957
-0.267423302173426 -0.328435814488499 -0.110369394161127 0.185949177248011
-0.121749450542846 -0.429543502513169 -0.0666593012968423 0.054508358696676
0.0256157916052491 -0.365082307760751 -0.0245602501430805 0.255594929063158
-0.0774477567317277 -0.251127364571542 0.326112555813742 0.0589025801294431
-0.0831297472385179 -0.1853144817783 0.046816689497734 -0.262257163447564
-0.191429338031112 -0.15319525333552 -0.190828184944477 -0.162996869852158
-0.308852676018957 0.00218427268246287 -0.235402488893523 0.0255246346892304
-0.289047982507877 0.178437163258381 -0.168692590345097 0.11372242672925
-0.211745730928767 0.274637290871087 -0.140394185903577 0.12178571524475
-0.19797327459268 0.340348158788895 -0.0851050004397101 0.110045245308291
-0.218206071926522 0.342058782831329 -0.0201638316204173 0.0745226744413552
-0.308665941758191 0.322935671434238 0.0451361564616496 0.047569849625627
-0.433171789136232 0.193377567712917 0.0918873734749154 0.0630266795247296
-0.425940658341803 -0.0311887755022064 0.103684602380806 0.170992602817943
-0.337911254281422 -0.190841004972706 0.020601737184117 0.25469444257832
-0.273088069463593 -0.329623155377599 -0.116211121072663 0.24026874124812
-0.13724123068666 -0.432644097220571 -0.0624720282423902 0.180587353144198
-0.0210378430719407 -0.241459221256492 -0.00348096036327376 0.315848086756363
-0.0651810596447077 -0.107987219278895 0.258228635086475 0.0247776382195208
-0.022687981222238 -0.0741764994256546 -0.00844364425349576 -0.195723170745131
-0.0986975103839209 -0.0924170348178547 -0.181953409827759 -0.114462315138532
-0.196403837530704 0.0133440083546623 -0.234011096938006 0.0509182461008313
-0.186987919590636 0.142026241670614 -0.204354926261402 0.159237553318147
-0.143872965649883 0.223314589042374 -0.197191243807829 0.214569839228028
-0.152945127844735 0.279927878557447 -0.148051394407707 0.22762936654731
-0.192145369671392 0.281284235255462 -0.0988993852679166 0.197225514740103
-0.283575475929193 0.242302730471074 -0.0498475585035006 0.153110507235435
-0.376743252080208 0.0953855398238461 -0.0169591172966994 0.132840380812103
-0.326278472136036 -0.0958902857278111 0.0187415880483724 0.187117292773259
-0.226399366499959 -0.17422738491928 -0.0181052256383687 0.27883231189607
-0.218481321330661 -0.26550088177062 -0.134705897279026 0.284109576949172
-0.124553649326578 -0.356981295194472 -0.0701171387652432 0.291025546350569
-0.051537398701529 -0.106784594071949 0.0243508624877899 0.326801441447942
-0.0422097146945156 -0.00367302731973224 0.192952932719681 -0.0154916184516036
0.0200870814936795 -0.012668022402501 -0.0358776638220886 -0.144282033098064
-0.0379150945499891 -0.0563563426262064 -0.162063634728274 -0.0824352039156986
-0.100463563626895 0.0115949576942419 -0.218128574542084 0.0676927569897461
-0.0905735912641475 0.0909757353438245 -0.211788193527609 0.190613959529757
-0.0703430932819545 0.145101118079432 -0.220386607904747 0.279037343114831
-0.0834039372413298 0.176433624071414 -0.190336966741166 0.312665319114904
-0.12111490309077 0.171895159202843 -0.169107908951862 0.280048785596364
-0.188969411639364 0.122967061621448 -0.142011050908776 0.21171237312357
-0.225920427872107 0.00111234323013549 -0.113359802459749 0.153237560509311
-0.147442653125936 -0.10161784151336 -0.0478389141283587 0.169285981686134
-0.0802819637448985 -0.0800097030029637 -0.0621530784937924 0.290019187253509
-0.141908684394468 -0.127783912100097 -0.176412324985 0.30569887607478
-0.100118891829248 -0.205233026467399 -0.0918318412841179 0.35676253681794
0.0778799817542998 0.00183804806806346 0.0698548529802503 -0.36513639953454
0.0471590078739491 -0.0668358140472058 0.210031137276833 -0.26326894606634
-0.0327378688053985 -0.0638823866280642 0.0964907273303124 -0.311742786909195
-0.0427676452433521 0.0210943060652381 0.0297766020116821 -0.127286134374802
0.0122351391111384 0.0227526418583956 0.153141650916076 -0.0965457468252042
0.026996634419448 -0.0112413254621516 0.213824619243897 -0.188270597595211
0.0147750200952949 -0.0418836719755014 0.21302870229778 -0.285354517264711
-0.000122135913276417 -0.0460310484730379 0.205265128155709 -0.325828033527417
-0.00276497704820938 -0.050296973542499 0.200385431456806 -0.305889166349439
0.0139273824069037 -0.0320207921521535 0.206224510670726 -0.210785302747068
0.0272418345973149 0.0106817481040603 0.202527142773174 -0.0972588014916346
-0.00299985534884711 0.0432717161128935 0.151239342727929 0.0477305720843288
-0.0609174892836733 -0.0202568084482382 0.0522566110300151 0.0980659220291727
-0.000704552330430349 -0.0673979749929221 -0.0821692457766901 0.0626969226998058
0.0642843691200068 -0.0346314236494051 -0.0563637007266971 -0.222483428138918
0.0945158700591369 -0.184945224909206 0.0508963339971678 -0.311118105146379
0.0137421648190163 -0.242064721323373 0.276395109241649 -0.197772105164525
-0.0926979340960887 -0.224725414156028 0.129661528525966 -0.330963305342835
-0.182654017683981 -0.103059580151726 0.00754194327942357 -0.134837116537043
-0.180830817726727 -0.00253698178373505 0.118313425525986 -0.0610940215232112
-0.139206731410471 0.0647988376397112 0.21037415024731 -0.141461542937984
-0.0985421529568702 0.0804425745001579 0.209298112583524 -0.263285314797421
-0.0846206056546735 0.0843251763168382 0.186224483732716 -0.313748831528735
-0.0735359183762428 0.0597029826015924 0.181757648355929 -0.307769154423007
-0.0689035549823656 0.0519312463898176 0.198211305220515 -0.227626366900864
-0.0669649987856097 0.0514907651844503 0.210790270027592 -0.116474718978785
-0.0727259992086233 0.028910247586461 0.161535945059416 0.0505113090143888
-0.10244361223814 -0.0477435793565061 0.0525355424160988 0.105208288638871
-0.0437033139069483 -0.133591582891056 -0.0758041471321696 0.069167291689615
0.0369899110216654 -0.152767909685251 -0.0617848211108161 -0.195065121047137
0.113453432275013 -0.342552351885903 0.0227813285392059 -0.189788551970787
-0.00840919856238615 -0.38318035859435 0.333905956258399 -0.101527270474355
-0.129029294991331 -0.350958119064872 0.155322745279774 -0.34604273691098
-0.28076819591085 -0.216442397795581 -0.0409646641244527 -0.170011948073782
-0.339459589290598 -0.0378625450989665 0.0262068995340697 -0.0417514503103774
-0.284938775084695 0.119226853800983 0.139087433652064 -0.0807041263381017
-0.19735582130042 0.182490925988648 0.152023722896514 -0.198285020445088
-0.155491127237528 0.202347849709696 0.138872079241957 -0.253401718517479
-0.133368967483717 0.171655785154353 0.151409935873129 -0.267774725894974
-0.14837163519465 0.153744184703813 0.18715390696345 -0.219374750734682
-0.177256251301562 0.116621314997999 0.219066150676186 -0.123406044596861
-0.178486248598377 0.0297360542147469 0.181174784891349 0.0613465764905501
-0.180844356509741 -0.0825387317149767 0.0529038522441013 0.12939056724829
-0.110705392849891 -0.20696613463064 -0.0869151248841129 0.0889431478380396
-0.00937448625935355 -0.266411050496402 -0.0685298898285393 -0.143647537463374
0.114428397592318 -0.431777479266553 -0.00715147654961102 -0.0272929107540546
-0.031720969050528 -0.437326013669426 0.367679251558418 -0.00458517159884255
-0.141370327893111 -0.388093631729318 0.150261731930041 -0.341408087270833
-0.316833234170597 -0.264262811533824 -0.102755906432612 -0.203415164254362
-0.419442960772062 -0.0504815853694182 -0.0900022223975796 -0.0296014891131315
-0.3658555742492 0.156832389970001 0.0244984495677461 -0.0163631223635746
-0.254951152089419 0.251867062124931 0.0552507880649383 -0.10289324892328
-0.20385351155097 0.290901506390769 0.0698472091915285 -0.15142011388623
-0.183835754645533 0.268975323514795 0.107224588320112 -0.184493441778797
-0.222551224659042 0.255745153454174 0.162521118837675 -0.168737127067562
-0.294382551544532 0.186454458723185 0.210691094398388 -0.0969694967409175
-0.306590189627705 0.0347296533626602 0.188174883647557 0.0866694782325083
-0.279495454944917 -0.12483890824803 0.0522649065784647 0.16663907810226
-0.190581011568336 -0.280055444348978 -0.101020709010976 0.128551486652704
-0.0603609355671177 -0.363472999762511 -0.0709529360911697 -0.0595969619136984
0.0862445133210085 -0.430849134734278 -0.0264881314916548 0.133635069404921
-0.0519541620703972 -0.379216343118263 0.363532555420389 0.0537312062917231
-0.121582140885248 -0.317688466160422 0.108101428483101 -0.310306704780711
-0.276925921493728 -0.23357194061068 -0.15837687688236 -0.201205616112069
-0.399189206166701 -0.0318939598408151 -0.18626027679001 -0.0104252947769872
-0.362540922284551 0.175915325291568 -0.0901573033075721 0.0477057314025533
-0.258486860181936 0.278301886224325 -0.0533117460964003 0.00769393049805927
-0.221854760014572 0.335447312261479 -0.011366218370272 -0.0241080546822293
-0.218529883757282 0.328286678107932 0.0488778238156806 -0.0629629012102371
-0.283935265364171 0.318502435898838 0.115745012793881 -0.0729441238004221
-0.394734844919502 0.220057140800532 0.168991626644441 -0.0281825192780935
-0.407769866241492 0.0139847082841748 0.163598063376234 0.129567293949844
-0.346095833325114 -0.17415670588815 0.0427192448423086 0.211246613116697
-0.247539657372234 -0.333119815141934 -0.109482771311815 0.182273539236379
-0.0986151897675154 -0.425316919364938 -0.0694260792748379 0.0532909710023578
0.0387034160564512 -0.353301558499813 -0.0287048126665532 0.251176511301641
-0.0603374981202522 -0.246771113031605 0.31915500572902 0.0582509653371209
-0.0712938915415101 -0.18906264138873 0.0464228457768708 -0.254644610998259
-0.186917983016531 -0.160342655761568 -0.182984853685252 -0.163550078721686
-0.306022387772758 -0.00533576227526485 -0.232205675680808 0.0188253435376963
-0.288661650095333 0.169249720385793 -0.16987751684598 0.105712100035483
-0.215365518769861 0.265162501401108 -0.144635912311588 0.115232698599847
-0.203364413731497 0.329657420703628 -0.0899802329926737 0.106992402555108
-0.226681506357616 0.332296353414987 -0.0250964528641675 0.0713201635593767
-0.312492948274922 0.311247552144993 0.0406511653293349 0.0459324598544643
-0.431256922462241 0.180694196244987 0.0870053328549739 0.0621415498254891
-0.42387049037563 -0.0460780259238384 0.0992598948668195 0.171462730633475
-0.326526518517113 -0.205646992254286 0.0171218851919364 0.249385630633039
-0.250056413962817 -0.334552624330266 -0.117868522109359 0.237900566146834
-0.114362006179837 -0.426377071865931 -0.0715034877685605 0.177615458251074
-0.00986930655334952 -0.23220854609626 -0.0135485669990428 0.309201035819606
-0.052843427423434 -0.107086292901552 0.249978197075823 0.0259400927352542
-0.0167884445755557 -0.0779798546995154 -0.00890315042048743 -0.189881973375383
-0.0984058656831324 -0.0950424205040532 -0.177125614043995 -0.113752484587427
-0.194097039897563 0.0105400113064513 -0.231060176483991 0.0446301911574198
-0.186050130667566 0.135977013141904 -0.204971246408405 0.149123175241551
-0.145988477923436 0.215669840481765 -0.202386169197295 0.205009959637938
-0.155370871254965 0.272188453605776 -0.155520775238862 0.222471016982645
-0.195232683754065 0.272540198238178 -0.106921461392773 0.190693781352087
-0.285971864591092 0.231379821246702 -0.0557260075401843 0.147830325443913
-0.375833006792566 0.0863943597603253 -0.0216917012762075 0.129659305076145
-0.32275015393794 -0.105582118909118 0.013351187625808 0.184492820753813
-0.215555477764142 -0.188367076741024 -0.0227032280771086 0.271128922339041
-0.19907035739928 -0.268075647491183 -0.139143605247894 0.279928009746802
-0.106620638586064 -0.351371704359964 -0.0848673830740791 0.285714359428867
-0.0439730490513418 -0.100754631838389 0.01220802362972 0.320331851046588
-0.0337811513932205 -0.00501387585638978 0.184690878228758 -0.0128930921629672
0.0211860802267506 -0.0161623159395164 -0.0361828438534871 -0.139392570095257
-0.0395459558891144 -0.0556734419625138 -0.158952601505441 -0.0829653181123246
-0.0989748556153771 0.0117767983377714 -0.215740883300005 0.0632804397415403
-0.0897474642957776 0.0882420926475101 -0.213680283811622 0.181199884932205
-0.0698498348318392 0.141491615777332 -0.225362874045063 0.269842741134052
-0.0837700493530608 0.171517989494088 -0.197795712503087 0.303733412066563
-0.122801261062062 0.165980596788259 -0.177668238503455 0.270394819956196
-0.189315158757304 0.117540929591284 -0.14781289799474 0.202873009991737
-0.224931883379963 -0.00194979695902264 -0.117721313931809 0.147851890745957
-0.146281756272058 -0.106659882490511 -0.0550024391045436 0.165459362869412
-0.0733839212243392 -0.0872734851280215 -0.0660441443774368 0.281149440876747
-0.129713682880806 -0.128355973431941 -0.183109075939915 0.299846752989784
-0.0901639152134422 -0.200784472707772 -0.111059164789414 0.348933144905288
0.0804282696504982 -0.00108812930597467 0.0938815397383639 -0.370077488245412
0.0466009481749687 -0.0696398537838506 0.225070640763973 -0.272601044278119
-0.0331228621488863 -0.0631169452434692 0.101907544145507 -0.31569965076994
-0.0409569914082244 0.0214042457933071 0.0378219737378724 -0.128741400388401
0.0131820891749577 0.0205790253454652 0.160081019508911 -0.097207741725849
0.0271097112530118 -0.0132226871147814 0.22258680302189 -0.186843517346656
0.0131368829295696 -0.043580600880768 0.226726057593856 -0.283654984054343
-0.00250671096347672 -0.046606722485016 0.219392907097593 -0.330701289323239
-0.00578266967589968 -0.0508618462796713 0.212236950238051 -0.306875472791145
0.0112478724002114 -0.0336354889382829 0.214634751827667 -0.211402831324317
0.0281728920702529 0.00841847920713797 0.207282499883232 -0.0969068484155636
-0.000155932897211093 0.0426299577434809 0.15491614184935 0.0485668190287937
-0.0610176389898043 -0.0182598288395755 0.0544544697156307 0.0991344885127817
-0.00280363976076901 -0.0683150726152753 -0.0791439942888519 0.063933755699099
0.066133732516088 -0.0382413202648784 -0.0456802125132601 -0.224514367158576
0.104675533840177 -0.190218000417626 0.0722837182901904 -0.314522279360024
0.0218042400101513 -0.250182944658273 0.292392171997755 -0.205545767161261
-0.0882221425641827 -0.232291416075152 0.13526978659959 -0.335064656128892
-0.182361223313753 -0.110823772267672 0.0158351732438674 -0.135714350619051
-0.184807641006624 -0.00982793465617853 0.123222146055784 -0.0612475910998577
-0.144618060446168 0.0590659290662899 0.218127268103858 -0.14084959759765
-0.107380557403032 0.0788219942473519 0.218953141319546 -0.262700721182247
-0.0922971549098321 0.0844970806521731 0.198522348963369 -0.316680017462236
-0.0806986883168118 0.060205213874726 0.19203909620177 -0.310125970068975
-0.0750816146570685 0.0507643818631281 0.205808558511813 -0.229068262522135
-0.0688968522594413 0.0494804364919902 0.215405369263611 -0.116685924025082
-0.0716624022970428 0.0263213363959211 0.165772664133482 0.0518404919683808
-0.10112325939104 -0.0492539188663081 0.0550800738485341 0.106335747079056
-0.0406124555514208 -0.136862313674228 -0.0723668256450816 0.0697113803687236
0.0446373016743617 -0.158000324096104 -0.0539776576297213 -0.198145626894161
0.128968843530717 -0.347448088268202 0.0382950061000073 -0.1914842584188
0.00497762667617654 -0.392145039790346 0.349151493583156 -0.10624848413154
-0.118420725361071 -0.364142937419674 0.160869353431611 -0.349617770222797
-0.280546145167135 -0.231776211361952 -0.0341383089997913 -0.173130924756739
-0.347374172891245 -0.0517869595662994 0.0282061107118809 -0.0428725734720409
-0.295641088832568 0.112414375705501 0.143093453920857 -0.081319050252847
-0.210591931873255 0.181772209710969 0.157581826285328 -0.199225084977796
-0.166614492068031 0.20400144353206 0.147437487807909 -0.255660545782191
-0.145179065195289 0.173571858609834 0.159254624571964 -0.272050910166621
-0.158223317398244 0.15365402934387 0.193460635686091 -0.221810883166674
-0.183484734022145 0.114557090777951 0.224581479872249 -0.124673582063295
-0.181243674614408 0.024212374502711 0.185635752706024 0.0638248959952801
-0.17936004320411 -0.0896444433692242 0.054665836171275 0.130472693027313
-0.104869361820295 -0.214706707597123 -0.0850358527704281 0.0892527548540505
0.00357064794640704 -0.273115314285166 -0.0638165379822464 -0.146059067621118
0.129897819384474 -0.435709615939044 0.00169125446543949 -0.0259129325574714
-0.0149843898950134 -0.446623890425277 0.379208220641668 -0.00832149882882816
-0.128594923130119 -0.404550652632226 0.156364048871889 -0.345871933410474
-0.317447772123133 -0.283197191340463 -0.0978110613383123 -0.208233321131233
-0.430137412317375 -0.0650847065816179 -0.0906575302387837 -0.0334733345476449
-0.378635118064777 0.150225760088574 0.0243342125413533 -0.0192571216082872
-0.270117461914465 0.2510176549909 0.0547619527485169 -0.10476608416993
-0.217955718264703 0.292764379065312 0.0723112469498523 -0.152522684065148
-0.1975190755493 0.270770715343784 0.110943607775298 -0.186846420799359
-0.236831481187272 0.256642190802469 0.167454462666625 -0.171596673663938
-0.305849076602761 0.183980532691995 0.214898067317452 -0.0978817412313955
-0.315299880280333 0.0265202296585291 0.193527821428087 0.0898938123548464
-0.279871233279597 -0.138847141907029 0.0533685323620502 0.169873770202515
-0.180896123162896 -0.292579727895318 -0.100405594220103 0.129910571466673
-0.0438726476399052 -0.372549608967267 -0.0707584088022179 -0.0613322127107534
0.101508739509459 -0.434313989674364 -0.0255618942597693 0.136915512921484
-0.0352386695282842 -0.388297909792446 0.370446304455793 0.0531453897368376
-0.109469117470161 -0.332393081176925 0.110872265285283 -0.31303004409969
-0.279535597758466 -0.250675410911556 -0.154758750160791 -0.207475796893797
-0.410209465594754 -0.0437433154166674 -0.190692146102136 -0.015428625342522
-0.374341664057421 0.1713702148115 -0.0947358388841121 0.0433664119314863
-0.272258021342634 0.279455201554216 -0.059025226111128 0.00500823510563903
-0.23432114904394 0.337693698726835 -0.0144656660107771 -0.0244057467463558
-0.234274698361207 0.332369819863651 0.0471420629848913 -0.0647982377142398
-0.300857839081338 0.319751832311921 0.118270758049882 -0.0756566559929605
-0.408549679410813 0.217168247596471 0.170993282088316 -0.0275017622817937
-0.421637096751398 0.00270547135945541 0.167398332836476 0.134978063087015
-0.346905796078834 -0.192928329635345 0.0422651941075419 0.214066363608733
-0.235421892978274 -0.34905125619168 -0.111984843030197 0.185095837500528
-0.0815961617053882 -0.436523392594051 -0.0748385383896772 0.0536377578540511
0.0520715666037088 -0.354407947078725 -0.0328644309501059 0.25519366021841
-0.0467500668733258 -0.251739565880985 0.323000179358219 0.0582208494891666
-0.0616242600507777 -0.200063800605087 0.0473209101605365 -0.256402315515719
-0.189270079473853 -0.171938656213737 -0.183099175435483 -0.169108728389988
-0.313944480557518 -0.012602267004714 -0.236809329486307 0.0140311695103287
-0.297827454177612 0.166474534695676 -0.177049208914584 0.10048095847081
-0.2269308488867 0.266557176529237 -0.154280847268661 0.1136211047988
-0.215548631671793 0.333051394665199 -0.098563444011763 0.108704268660123
-0.239562966957576 0.335348942785824 -0.0313504877246714 0.0714341329196411
-0.330456874808005 0.311168090115691 0.0382223161711582 0.0453628946877432
-0.448357905544769 0.176567480908795 0.0851160578397375 0.0640567149721443
-0.436324636636735 -0.0579688112646687 0.0985603315358717 0.177079164595346
-0.326028393222848 -0.228634456166109 0.0143916837575305 0.253280052142931
-0.238676890565379 -0.352702566874736 -0.123891604660862 0.242882646481932
-0.0980120147214897 -0.436585365335467 -0.0833372904181545 0.180168493525928
-0.000852339429500372 -0.231198760737579 -0.0215634600763557 0.315546527762233
-0.0418688195873217 -0.109344115523521 0.250869502740652 0.0254245161151512
-0.0112525333014348 -0.0843014794463285 -0.0091289170794621 -0.190870002671973
-0.100709126915562 -0.100969725315951 -0.178264594916118 -0.11814856106358
-0.198727173724308 0.0080688638454944 -0.236715626065694 0.0414457847185772
-0.191385546563666 0.135939859355621 -0.213407235046352 0.146087193630869
-0.152818960652561 0.217632038569797 -0.214255507429102 0.205971050493643
-0.163429780217537 0.274377696423396 -0.167975901032142 0.225165772578079
-0.206991984655644 0.274122261384172 -0.117789800957651 0.191433427832353
-0.299747711262354 0.230758514902108 -0.0637351807579386 0.148029466244103
-0.388517916856128 0.0813056717664655 -0.0277550246819712 0.13102013324086
-0.333681102209883 -0.119100391936538 0.0087038072318786 0.190229410503222
-0.213227582620516 -0.207324879554483 -0.0264647933533654 0.273902667404024
-0.187999956272701 -0.280659129082901 -0.148907605157751 0.286810120080587
-0.0926916889562911 -0.356757823425625 -0.102161182929069 0.290612036608129
-0.0392861593111328 -0.0984719884248116 0.00190929916490045 0.325908588668593
-0.0274968274330388 -0.00680461528569827 0.182983378026262 -0.0125441401623443
0.023432221212044 -0.0210545431948309 -0.0380121524694469 -0.140292911367351
-0.0421171862222375 -0.0577458768565542 -0.162427124434265 -0.0841602078741088
-0.10112899503086 0.0116488044250288 -0.220980161550032 0.0605680058426356
-0.0908522577000172 0.0888823204454419 -0.221453375472979 0.178551082773579
-0.0727040478300056 0.143253211745405 -0.238868465740685 0.270842613848454
-0.0864409443756656 0.17313101333164 -0.213121926230911 0.306855659830143
-0.128175862863766 0.167370617380623 -0.19128942999535 0.271197786375875
-0.196019182410888 0.1171754907266 -0.158461993223271 0.201965653790443
-0.232310532177008 -0.0057447993626198 -0.125518596082055 0.148159558556586
-0.150952339975087 -0.115301013705164 -0.0619825103026903 0.1681606666132
-0.0694103707775816 -0.099299110881215 -0.0716584239300781 0.282600725397614
-0.121306372376015 -0.13315342217487 -0.194858674323044 0.306150865679159
-0.0849264592432156 -0.202827915518158 -0.133055997303946 0.354214131405143
0.0850463856229251 -0.00708214273510173 0.111698147079862 -0.388765001039545
0.0446356718943598 -0.0755669521413789 0.239819343588807 -0.295937970988074
-0.0373061352663221 -0.0626371984578072 0.102233741318613 -0.331650691875806
-0.0393780748536326 0.0243830027756102 0.0437198447183277 -0.134481948378612
0.0146097637111503 0.0182414627365591 0.167234260416672 -0.104255628436756
0.0277014150373072 -0.0168033874172971 0.233522615991513 -0.196761722858367
0.0104817587296735 -0.0467674075158169 0.239373359395124 -0.296778673183221
-0.00698406624715901 -0.0489278251607381 0.23248954014661 -0.346781451353034
-0.011310784443548 -0.0516216077008362 0.223368090803138 -0.324190967955545
0.00823034478026102 -0.0363835114909059 0.223696210066457 -0.224057720748854
0.0297282553410486 0.00594245450871928 0.215571501313675 -0.105471460151965
0.0044991119357058 0.0426779426528204 0.163785409737466 0.0467167863547059
-0.0633855263109394 -0.0146481199596297 0.0605695814038629 0.101412218168491
-0.00665257556617178 -0.0706649810474407 -0.0753637637548828 0.0696274045519794
0.0698115743637908 -0.0458528686119275 -0.0418761268880928 -0.232412983068519
0.113257419104839 -0.203360171272259 0.0884641556701632 -0.330614514580861
0.0223292643186303 -0.26581311934876 0.31231637452331 -0.227531816493639
-0.092969703020634 -0.244438623569792 0.136617113251252 -0.350947043275978
-0.189946367910719 -0.117106590619106 0.0202072565437546 -0.141539435933773
-0.195704653817394 -0.013747978045627 0.129291006852547 -0.0660627046301136
-0.153928270963274 0.0601289189192445 0.227777325192705 -0.150293580781024
-0.116440716218888 0.0831854514741238 0.229289131855767 -0.275186420364476
-0.101008796165185 0.0896310711977053 0.208431835485453 -0.333159042654868
-0.0893784226961492 0.0648902197139668 0.199719398269294 -0.327688244794442
-0.0827986513719687 0.0535248689859269 0.213875466054136 -0.244326748918566
-0.0714507486568721 0.0493881599942422 0.223528815310008 -0.126374734314134
-0.0715560195071157 0.0256520973750262 0.176890741513592 0.0498757697521335
-0.103462683730479 -0.0491811501522729 0.0612900037789213 0.108643884655189
-0.043017732164358 -0.142374443466622 -0.0689525360268334 0.0746588101168062
0.0499256388982802 -0.169778178753537 -0.0512757125541863 -0.205283857612854
0.139041960893612 -0.368567850115198 0.0512038438465754 -0.200634666466545
0.00965629993452227 -0.416022208973712 0.372307407767654 -0.126627139471198
-0.123204335313799 -0.386628676347621 0.162531220747372 -0.366186437829811
-0.296460078982083 -0.24807632181216 -0.0327766255730019 -0.179703169643282
-0.368061472458904 -0.0562755395847323 0.0306071820904897 -0.0460118737683115
-0.312709753150069 0.116659456668833 0.149225620653047 -0.0890423358686682
-0.224351271940675 0.191893866013846 0.161770542353384 -0.210145113536359
-0.178946515269387 0.215447792478356 0.152820388276114 -0.269262263498082
-0.156472878630266 0.183994740179985 0.163625166970682 -0.287539731321191
-0.169590030137599 0.162719839952856 0.20083147744621 -0.237419369860555
-0.19187002414572 0.120055131811695 0.232180231841015 -0.135111667327422
-0.188931708173979 0.0240702714304111 0.198309740820546 0.0627828163491289
-0.185772018463032 -0.0951772832390578 0.0615698241025548 0.134450210776934
-0.106528814368067 -0.225512312716835 -0.0826176699037085 0.0946517691649479
0.00955022600472365 -0.288796804937292 -0.0648744586502198 -0.152076760499142
0.142042970333086 -0.457780289290174 0.0101801199786581 -0.0273610300778592
-0.0102904362198021 -0.471227582350037 0.403131069766084 -0.0224323929292056
-0.130471361603954 -0.429667795708396 0.156188350239846 -0.360671013834606
-0.335976407726055 -0.303252579707943 -0.0999708779352799 -0.21629278399533
-0.455944195600684 -0.0691237738200699 -0.0954710895558287 -0.0354491789877642
-0.401347983760534 0.159007791221415 0.0236501366884502 -0.0231799735114022
-0.286263598727198 0.265407203150603 0.0528478562619594 -0.111848992218234
-0.231187921979916 0.308922235140901 0.0727730404030744 -0.160032873514845
-0.210746189684355 0.287099704873712 0.113001735082277 -0.197747058322595
-0.251366303713909 0.272020105172924 0.173799070764607 -0.184192899604651
-0.321465057770629 0.195482303826127 0.223214588259341 -0.107166569581747
-0.331874257018108 0.0270152377716998 0.206849633489984 0.0907164150688831
-0.292597110445691 -0.151081915271374 0.0603362950930025 0.175103234123216
-0.184750519630725 -0.3103531351685 -0.0996414014736187 0.137266204918433
-0.0388913206068771 -0.39306889917139 -0.0738909240914486 -0.0637291565835895
0.110770119109624 -0.452185762246487 -0.0205411331309163 0.14413421446643
-0.028658975584266 -0.407517596330062 0.39060596260348 0.0418131102456163
-0.108515599977137 -0.355425770948428 0.108657440925748 -0.327027916904496
-0.296990805752552 -0.269358048372956 -0.16200968161686 -0.21428373180413
-0.435631459349984 -0.0455879002881162 -0.199344909125639 -0.0162116452905802
-0.394433196921182 0.180648088562671 -0.10172219693688 0.0428694874505717
-0.288051076796527 0.296146303063081 -0.0674098850608651 0.00509671534659832
-0.247325172193342 0.357083724137322 -0.0187955254834256 -0.0246269726384992
-0.248089037174995 0.352049466664547 0.0457642110687798 -0.0691654727769327
-0.318505443472162 0.340130112103768 0.121489190940479 -0.0820516582648789
-0.431724657061482 0.232789503590138 0.177079844322142 -0.0324669501233087
-0.449023832424488 0.00366224264180181 0.179368543557688 0.139429152585241
-0.364225704920198 -0.211533737164571 0.049196864609326 0.223159389664274
-0.241950040931348 -0.371836805996334 -0.112315533422213 0.196992078803682
-0.0772122047175796 -0.458641934204986 -0.0819406430146135 0.0579014860776678
0.0566510469940392 -0.367650892676756 -0.0311796702295179 0.268623778012532
-0.0400392385736545 -0.263496978226063 0.337819315781383 0.0498851293552544
-0.05873784454861 -0.215725493057757 0.04208697646869 -0.266347104702495
-0.202557159754005 -0.183950597839238 -0.19212211083829 -0.173630615063816
-0.332902126623848 -0.0111357615997826 -0.248751392811912 0.0149911226131692
-0.31227847792826 0.175787811602199 -0.18725869539869 0.104139868126492
-0.237933531884083 0.281602467431742 -0.166328032102808 0.120628727323405
-0.224832931822376 0.350992035573705 -0.107328559672819 0.116571409792996
-0.253465252851438 0.355218947754359 -0.0369506744093409 0.0750717575571776
-0.349223061173141 0.331063601181333 0.0378525562267534 0.0451675725212248
-0.473292081894205 0.190473661254979 0.0875463094240624 0.0649266147249776
-0.467144355890346 -0.0618079724172838 0.106947784952253 0.185472239464073
-0.343368624668183 -0.251731183212557 0.0191731033597666 0.263884599863112
-0.243138602795589 -0.374658616076013 -0.12702476551888 0.259547795812048
-0.0954499745970109 -0.456280295728574 -0.0931394248371177 0.191729616191659
0.00129452713458627 -0.237254656953296 -0.0221730241334011 0.330387204155687
-0.0362636472070404 -0.114838062064157 0.25912378156296 0.0191548698812756
-0.00816082261008844 -0.0945740674702305 -0.0168358959128565 -0.196967794106811
-0.110267372932713 -0.107201870979924 -0.189007000065915 -0.119174285267086
-0.210471138062866 0.0117284076708373 -0.247399055566999 0.0455962840603619
-0.199893691531381 0.14416734477078 -0.224215667996108 0.152772274781645
-0.159119684624988 0.231064804465577 -0.22774969336035 0.217487468319964
-0.167752234608644 0.289351158378198 -0.179375400646937 0.23876741095657
-0.218085404453595 0.290716811251009 -0.126677539525644 0.202134445202563
-0.317460798731736 0.246547075835549 -0.0684489495255766 0.153694012607876
-0.411396024422239 0.0881236583707715 -0.0305817774641991 0.137372889286069
-0.357928663250584 -0.127671850513533 0.00978812419057469 0.199999075029932
-0.222942396122155 -0.22816992719515 -0.0249127694744656 0.287249585947053
-0.189305784686266 -0.296981975264563 -0.15526709591163 0.307105769627609
-0.0931816767161211 -0.370800024883436 -0.116830344146359 0.30799576950974
-0.0381471732311349 -0.0982497847593034 0.000571925568600015 0.343248291303561
-0.0216155652450304 -0.00768946655817952 0.1858395353789 -0.0182391436745221
0.0252709424896524 -0.0268938568663931 -0.0457385619021846 -0.143046785550931
-0.0487181904897011 -0.0598754423250036 -0.172873443244498 -0.0836153343495648
-0.106207353092776 0.016188509047209 -0.231522422568223 0.0662924796301924
-0.0935574198942771 0.0947635191431303 -0.231824578579965 0.188580459832478
-0.0726478230577184 0.151701807535126 -0.252059141522597 0.287232153755171
-0.0867949453978849 0.182019261910884 -0.227139457917073 0.326332596517262
-0.132366281126475 0.177311447983183 -0.204198591950566 0.285545163878875
-0.206063927978397 0.12540632149787 -0.168822348849049 0.212820227379942
-0.24579190846989 -0.00339318444726252 -0.13395683144458 0.157553270360532
-0.163243256479929 -0.123978315785852 -0.066872487231838 0.177648080112533
-0.0703632843873067 -0.112751513664556 -0.0735245559894553 0.294831097066787
-0.120801516134716 -0.138949637473129 -0.205935778305774 0.327838874113037
-0.0872113996688118 -0.207855531049652 -0.151115694062102 0.375298985914548
0.090453567849877 -0.0250297137324815 0.0584165443571308 -0.426520484398776
0.0314382841755971 -0.0850275255789101 0.202831266736606 -0.359549201999531
-0.0491132654291128 -0.0520958837308026 0.0491139894325236 -0.363013328229247
-0.032592333244864 0.0333337148935104 0.0248898004743085 -0.14903389217637
0.0195082127251091 0.0157392905027847 0.154541935965251 -0.141607025192058
0.0241022548224718 -0.0226592979977527 0.209053118516973 -0.245341284055312
-0.000401774305534073 -0.0500981967195854 0.200422273995815 -0.354563600141664
-0.0179436881547697 -0.0457748038527093 0.186948278865341 -0.400395214627875
-0.0221876167465347 -0.0481666076315555 0.180665359967037 -0.376923858398873
-0.000480879692699707 -0.036954818556465 0.194391076860551 -0.272510656898249
0.0316000810920481 -0.000146923599874776 0.206076936813487 -0.147882405702618
0.0140450920828217 0.0403796181745622 0.18028288738114 0.0167765422787531
-0.0660348270515644 0.000455799177648077 0.0842615629616853 0.0931763726489997
-0.0218374225977033 -0.0702171674207755 -0.0598724924905001 0.0861912207904196
0.0621852068844038 -0.0624098782031995 -0.0726053378013398 -0.236214643076723
0.0882849993572218 -0.239002349785245 0.0541984129252572 -0.345528255097593
-0.0178966739695407 -0.28285785342781 0.296880258097799 -0.296833057545524
-0.136671110905101 -0.239208137656609 0.0877879453231705 -0.38066053741659
-0.213636649332519 -0.0941611765439004 0.00926661114317868 -0.145553550147257
-0.206088656328248 0.0146453510109443 0.134163333248623 -0.094499388675478
-0.154468024661491 0.0866021950168225 0.218026171237873 -0.201145423686406
-0.113245626708716 0.105057079542465 0.196287232745586 -0.33249999544607
-0.0931023321760895 0.113633402970136 0.162628531145308 -0.382645890431886
-0.0836274904875171 0.0853933098746519 0.153924460165056 -0.377032736037857
-0.0785928058790284 0.0710860447188563 0.180395230606953 -0.291994069721177
-0.0646223008341063 0.062585972004639 0.211374738492087 -0.172310322275746
-0.0681928041876124 0.03467214996318 0.196494500955134 0.0188133776496151
-0.112104001860338 -0.0321217123827413 0.0862636843049363 0.101651141400186
-0.0659361165338583 -0.139494088964856 -0.0548928178681461 0.0896724890924193
0.0252325295657854 -0.184365835255232 -0.0803079706170705 -0.206093371789166
0.0863600022376332 -0.416207366187281 0.0445240661300911 -0.189954032892196
-0.052762193284431 -0.438292488226114 0.379728272938656 -0.197261611868975
-0.187976286559045 -0.388966783377744 0.116902087257155 -0.394191146072524
-0.345215113659876 -0.218183508706376 -0.0483664347469799 -0.16922758904553
-0.394508571288991 -0.00562279448143299 0.0429245244319056 -0.0548822601522045
-0.311892101449357 0.170363461571627 0.153217688070384 -0.129737690444989
-0.210224586556119 0.236147183524396 0.138046000784825 -0.253792522421538
-0.154706125235354 0.257349394173514 0.113538921658732 -0.305659729377018
-0.132963047191809 0.219580042973774 0.122007903512582 -0.32838559288818
-0.150393940546702 0.199030881895477 0.168722039838231 -0.282488510648516
-0.177886708267257 0.156122844184438 0.221285305581593 -0.184069312600352
-0.19212353767938 0.0511359685171526 0.223873318085092 0.0300249667555713
-0.205291496765265 -0.0689800975601932 0.0907479533473991 0.131218941451094
-0.141488168892248 -0.217488414533982 -0.0695212729979324 0.11364233738992
-0.032058076936362 -0.300457675647131 -0.0878373584955692 -0.149746395945014
0.0717490132568368 -0.510978894804821 0.0345376088583164 0.00641456952537014
-0.0777200525378338 -0.493043490167583 0.430780154835892 -0.0908752751544387
-0.202003704033457 -0.435466443895429 0.112059150211412 -0.385048360433738
-0.397194228273244 -0.27226553520225 -0.123684984887068 -0.191491930874861
-0.487372134912028 -0.00612943490267168 -0.0818037275406239 -0.0205857386149718
-0.396908675624604 0.227395287619728 0.03641234902404 -0.0420812794831268
-0.263649402404267 0.321821734967362 0.0417108102626308 -0.12997345335176
-0.193510550841376 0.363385110653056 0.0474365052592415 -0.178907924652412
-0.172267812977552 0.336641545539481 0.0831276536890748 -0.226889185642853
-0.216714101758604 0.325882451199129 0.149598691779086 -0.222142304075201
-0.299869886142266 0.25746038946096 0.219279814302034 -0.153055602327974
-0.343239636978521 0.0769319879605351 0.241438690873299 0.0603239029135458
-0.326414678789865 -0.111429390049738 0.0967062917063131 0.176731783167073
-0.232986889272905 -0.294852016649344 -0.0818649488513601 0.163718756078533
-0.0949110157982729 -0.397901770412304 -0.087152458630705 -0.0558135101553378
0.0382087416688539 -0.498789095067884 0.030896194672097 0.191049065024538
-0.087350035217201 -0.422480683999535 0.425715122134497 -0.0217304829486443
-0.164212812796471 -0.360948094769806 0.0651298029729071 -0.343435070373416
-0.349993163469558 -0.243025295563501 -0.190598963957373 -0.178528277052355
-0.463019647404573 0.0161194754133246 -0.188411960876454 0.0181790794897847
-0.383673480926849 0.250400293001029 -0.0846780287915014 0.0476263708758667
-0.257681506861466 0.352567492778937 -0.0632366227654264 0.0146434516664992
-0.200887201284328 0.413239476563894 -0.0260728772153774 -0.0226471921545204
-0.200892065703396 0.408517112020779 0.0342386786459791 -0.0801722506357332
-0.275549935029187 0.405884566633185 0.113778859961143 -0.105698749429259
-0.409402665094691 0.314088736162832 0.185502936132582 -0.0663306759579547
-0.470427902161494 0.0705105228333215 0.222519881386269 0.11811368427659
-0.414408748042222 -0.164817017001898 0.0926179468841987 0.230134022886658
-0.300072350864659 -0.351286660496886 -0.0873011639831189 0.231925799553722
-0.144244794992336 -0.458021984455623 -0.0790179579821503 0.0734103292922605
-0.00538555304724367 -0.397554569354324 0.0378314440555897 0.315608485260334
-0.0763955407432759 -0.26818006938309 0.366027394964921 -0.00815118614118457
-0.0911544624416478 -0.222340606338932 0.000180571776022363 -0.271768892353618
-0.240047222922218 -0.16694269051477 -0.221075864558479 -0.132622637110969
-0.349147052647287 0.0377664238130966 -0.239230373776095 0.0580375270131054
-0.297829791993472 0.23359351318301 -0.166962766304057 0.128125841206638
-0.205487176928402 0.330771094521078 -0.147189805810127 0.156148604945926
-0.178753356041695 0.40123249938782 -0.0949914031893488 0.138642735406654
-0.205557751895271 0.413114639692064 -0.0288978775119725 0.0849792709912698
-0.308550617426798 0.403315489670417 0.0479157054409715 0.0425869921813729
-0.460951648634991 0.276662609674323 0.108450922248889 0.053729223311824
-0.500787532914791 0.00402663737122307 0.152810194708128 0.182589644456051
-0.399736991610943 -0.212692855934264 0.0662639150314782 0.279177546359142
-0.301879068169559 -0.355446059664367 -0.0935872707676187 0.301184481884791
-0.16201318172612 -0.450509508046726 -0.0741344487503853 0.21656090289736
-0.0399823224774384 -0.249451097605275 0.0506935732361219 0.366888111705478
-0.0487532840043411 -0.113925382236958 0.270653754159388 -0.0289301822089989
-0.019580820635774 -0.103841709285566 -0.0546403821236655 -0.192748708822604
-0.133371641973811 -0.0988347788015944 -0.212879423938871 -0.0791773051300882
-0.217884934294797 0.0444030904639332 -0.238438013055075 0.0904418789671873
-0.183180534776367 0.181236849890766 -0.201998861250106 0.188806751435115
-0.12890454328234 0.264599495758864 -0.194941106377311 0.271311069157793
-0.128747690490709 0.325741037304188 -0.149615636441863 0.279118588669894
-0.178343375836792 0.337493920674198 -0.102176462312017 0.233956799633721
-0.289982984762942 0.307628591733293 -0.0459843104546637 0.174364251223725
-0.415369108988198 0.162040784055237 -0.00469047172991565 0.151079684700202
-0.397515522920103 -0.0806159931899806 0.0483680629112181 0.21529487072602
-0.270649642272301 -0.210629000530015 0.0222111062240332 0.307300965573769
-0.23305360528133 -0.28179532958173 -0.116171496442694 0.355987070171887
-0.146714935949751 -0.363692474470395 -0.083500777506801 0.343993791655228
-0.0567089245130127 -0.0947480237787691 0.0670195369220965 0.364353816024571
-0.0189992686536038 -0.0055647656354187 0.183478091827989 -0.0560950309875678
0.0230755245121459 -0.0375618078030625 -0.0785680468996428 -0.134837162539144
-0.0624104268083292 -0.055325791260153 -0.192866723997623 -0.0469400693533616
-0.108392741561142 0.0329971900996493 -0.22161813211675 0.1118290255985
-0.0798082693556939 0.112432903623875 -0.20655461888046 0.231613616534083
-0.0488367876158918 0.167782455031897 -0.21061328549896 0.351818127784841
-0.0596362617994481 0.200335221663628 -0.183596374642707 0.378517630001352
-0.10875214212247 0.204975920810389 -0.170835021670349 0.334474347686837
-0.193683980940416 0.163564096771932 -0.142801076046015 0.251852002228798
-0.257823280031966 0.038762214875405 -0.114227308179933 0.189269936876144
-0.194362055885116 -0.107376640874426 -0.0413907219592425 0.202760834774049
-0.0901748503312555 -0.114604522490874 -0.0269647363511135 0.320217651402457
-0.137928556756947 -0.126532290121432 -0.163154312201532 0.384805981736271
-0.118458621639525 -0.195451610376484 -0.110882082014951 0.421110080122755
0.0877548709908887 -0.0393327602848353 0.0358603995460885 -0.443518720253154
0.0182690158363031 -0.0898080165410587 0.173163354954728 -0.394663382739707
-0.0557588548901738 -0.0439905612485888 0.0121841932825246 -0.369449827062019
-0.025073632509935 0.0367896265382737 0.0153373951895873 -0.154351721713162
0.0214116788016848 0.0112109683615833 0.143057802551563 -0.15921731448477
0.019593691914521 -0.027673189637449 0.18949640975535 -0.267868380076019
-0.00902181875178731 -0.0507025406905625 0.17346872840165 -0.375221509210358
-0.0266004052754339 -0.0430396593099906 0.153772554968183 -0.424590796942621
-0.0310813140847482 -0.0437261110609354 0.148487660038736 -0.39979145484975
-0.00892903125909011 -0.0370425068397 0.170499967414572 -0.295027109983566
0.0310477972538317 -0.00761390883974757 0.191585227182755 -0.170389946791732
0.0216754546177098 0.0358669466696526 0.18333229522481 -0.00440383967158787
-0.0646468962134467 0.010232770646617 0.0968372601446167 0.0827517476690647
-0.0322389334132757 -0.0661641369628991 -0.0439472103471054 0.0923842106484246
0.054772304787215 -0.0752488561284789 -0.0874180680465413 -0.230843231198702
0.0697728268760004 -0.255389812503643 0.0366624570958548 -0.35992852670553
-0.0457808217024262 -0.28843721875088 0.275328921541723 -0.343207486174211
-0.160153258435596 -0.230531065199179 0.0491907166612938 -0.390705868762609
-0.223094678333269 -0.0773941641501377 0.000162574664389954 -0.148158696335319
-0.20925283081911 0.030633134767682 0.127785914981149 -0.109618637552881
-0.152154166053481 0.09869331916822 0.202244325421912 -0.225141438666874
-0.110074384252487 0.117983429651076 0.167351512451218 -0.352819167525513
-0.089085746495517 0.126377194504912 0.13035952132261 -0.40206765069039
-0.0810080453012764 0.0970201928659644 0.119790697273962 -0.396948686978755
-0.077510693317994 0.0804042761803573 0.152714672921008 -0.313220886599258
-0.0603173621260933 0.0664436078045676 0.193905480951603 -0.196403930447794
-0.0624290942396185 0.0373591846306539 0.200357610663876 -0.00427862181236827
-0.113425358378694 -0.0215696438745919 0.0998151286158104 0.0904673885489682
-0.0798034941001448 -0.133117895141213 -0.0392602049145004 0.0937879755573344
0.00982319073470479 -0.19408293150411 -0.0934070472479382 -0.201062348040146
0.0538760915021357 -0.433112439806949 0.0392821399893174 -0.200572335982212
-0.0904251501067574 -0.442963636168507 0.366492199211659 -0.251185519724558
-0.223676154138365 -0.382065831944815 0.0755060295650233 -0.405798235498418
-0.371000906413142 -0.193130496100123 -0.0597342000200427 -0.166387465377198
-0.403643449778079 0.0292977687207574 0.0399799078021076 -0.06082293137624
-0.303663665134931 0.198793309612513 0.140660218231759 -0.147222150164328
-0.195345351553599 0.259700947814229 0.113964499452929 -0.267419212306117
-0.136236106097942 0.276963370308199 0.0855968613017375 -0.318598639661756
-0.11812515564347 0.237736975767801 0.089932148959313 -0.344689593131113
-0.136717576769065 0.217685362991084 0.140885017794728 -0.304082837330508
-0.166070034062571 0.173188781263605 0.203247750592917 -0.20903131363861
-0.188363926893328 0.0660364905829449 0.23022400739848 0.0040983913392097
-0.212136505721077 -0.0531333874558628 0.107559475597435 0.119377486916862
-0.160019422776786 -0.208826329061612 -0.0524635174116748 0.118711222608864
-0.0556126102831512 -0.304391717238265 -0.0988849006029456 -0.143236980576424
0.0303335263237776 -0.523454753941632 0.0443932208528939 0.00109906005480124
-0.117725351954071 -0.494535830594969 0.424461199300471 -0.147691222155865
-0.239148098191836 -0.430773740798243 0.0705541201520157 -0.39519077794008
-0.430581719515411 -0.244016403831063 -0.138439969271482 -0.181407261476126
-0.498609136981512 0.0383163393059878 -0.0837527532115698 -0.0150757839746948
-0.383166515794159 0.26621359728073 0.0294795717060778 -0.0484069779762399
-0.240244711513186 0.352142635122476 0.0260387633962284 -0.133940948075822
-0.165114044703001 0.387209976565882 0.0292949364561159 -0.183349609131422
-0.146365069416189 0.359493449331201 0.0595493534835983 -0.23657656176285
-0.192672175103718 0.352981546177649 0.127959138187433 -0.241679708367038
-0.280738970815847 0.290196062000215 0.204097415046893 -0.178184909887775
-0.343077061025958 0.107744376934065 0.252423369196893 0.0340285485506173
-0.342171771914572 -0.0895407786285217 0.117702826545169 0.164903999400817
-0.258841605396497 -0.28220655132352 -0.0613740578929783 0.171274689860555
-0.124381979854892 -0.398004545305685 -0.0928298347309853 -0.0480389324463161
-0.00248940866939526 -0.505029799727449 0.0555042403647219 0.187857934671967
-0.117771553340321 -0.420559572463335 0.423926432872345 -0.0757146361029397
-0.195448889983094 -0.36000765734868 0.0268127388302993 -0.346922476349692
-0.382581284762741 -0.21770053915665 -0.206655252973523 -0.162137970897046
-0.471109477234334 0.0615094784778651 -0.188086511303574 0.0338246865441152
-0.366964575361373 0.289081633030744 -0.0857889819508596 0.0538335787438319
-0.230376013023276 0.383147833230839 -0.0671057000585027 0.0221146137378572
-0.166764633546169 0.43872725814878 -0.0309115869636474 -0.0171591501880575
-0.167538102475532 0.435865426422176 0.022928868426239 -0.0834151320070877
-0.24255853215256 0.441122093257036 0.101918524833463 -0.119832720260724
-0.388399003570179 0.358045705346398 0.178744115079686 -0.0858160480097437
-0.475575523116547 0.113402871214366 0.239124799131471 0.0956879403631618
-0.438108329783297 -0.140039852075807 0.118119615934939 0.22088561574389
-0.330508855812132 -0.334808372277344 -0.061669903096692 0.241837385021918
-0.177961472722054 -0.453397074985835 -0.0763363606148474 0.0834630537795167
-0.0366523106136983 -0.397488697783212 0.0695462413860653 0.31416595513001
-0.0919101196626878 -0.265443538773177 0.361162971383733 -0.0522414943122819
-0.108380259328759 -0.226132887601647 -0.0309338838207136 -0.267823848939966
-0.264120439185807 -0.149278973727861 -0.233138188199879 -0.110610148839439
-0.353099813366809 0.0734761376836765 -0.236184824558347 0.0800497576519016
-0.279332384522927 0.264113079592489 -0.162123719025535 0.143619226828874
-0.177307748892365 0.354386424642723 -0.137755447405631 0.173087589599689
-0.140488224961544 0.42345586252763 -0.0861739934739317 0.153158537428946
-0.171252380096439 0.438399871177845 -0.0255590099665674 0.0905633343471729
-0.277958324686308 0.439914050418012 0.0494458162746712 0.0372756879811931
-0.446097632598835 0.326300091785802 0.11238264919184 0.0434300178414957
-0.514087244803026 0.0499798003950713 0.174170041605195 0.169523776017183
-0.427725200763054 -0.189278528553142 0.0954567011550419 0.2734333130473
-0.331627794816482 -0.339447083216403 -0.0625968674580206 0.315972574897385
-0.195607545615281 -0.442968121215852 -0.0605733200359453 0.229244694641996
-0.0588659686851145 -0.243922494309465 0.0844230942658813 0.366601716523881
-0.050785338973016 -0.112610693502158 0.262580319357067 -0.0611543882026943
-0.0286378354909204 -0.110005947015128 -0.0773436699690599 -0.183402416556087
-0.148253216016066 -0.087137194363576 -0.221545673298614 -0.0558556309663057
-0.216820613285657 0.0690673827847894 -0.231299406913629 0.11402115062408
-0.166699555897441 0.201608484621285 -0.189017002138419 0.208119455944698
-0.102990444118332 0.27938294588062 -0.174105755885634 0.296722042529426
-0.0970032736161669 0.341174760795204 -0.128875385771447 0.302459793687796
-0.148180127797717 0.360332473421523 -0.0874782746184792 0.24895794487008
-0.265252970414067 0.342243455977034 -0.033855438096107 0.180520108744161
-0.407932531769996 0.205604572213118 0.00688129966435634 0.154121934615355
-0.419264184811841 -0.0479582146501264 0.0702735024009253 0.214476812506778
-0.294858392488822 -0.200286778204636 0.0523177626724385 0.30627036758662
-0.253452433110268 -0.269719627028884 -0.0809435981440684 0.375447625943191
-0.174254118356171 -0.350969384185478 -0.0621911770997174 0.360959526931953
-0.0608679534482568 -0.0873065632203842 0.0995069687681023 0.363486043698964
-0.0127847700364996 -0.00641359983012276 0.17037333690591 -0.0755808402606289
0.018591124463429 -0.0452714043289233 -0.0962053501387818 -0.122929269972962
-0.0717382308143796 -0.0482454075416768 -0.198668399782776 -0.0244495754336138
-0.105428189853078 0.0472069972817677 -0.212110432724965 0.134775426553452
-0.0677462729193456 0.121546758327804 -0.188349149078639 0.252632434617173
-0.0293244788375833 0.173649029125381 -0.180716645718906 0.378657457540698
-0.0383398796186709 0.206121830746998 -0.152663963741661 0.404904965058952
-0.0890761870574018 0.217938201012013 -0.145997888373143 0.357146254793278
-0.181364596488166 0.18568500342201 -0.124739500478443 0.267743842968537
-0.26009216914559 0.0667488704218562 -0.100279323438515 0.203840606257432
-0.213163245380898 -0.0927458982958416 -0.0253698842478327 0.21039849298396
-0.101319102871597 -0.117612022318273 0.00252992139417956 0.323791223184674
-0.143109965677902 -0.117886983927976 -0.128768325405971 0.410784645546912
-0.133737269223251 -0.181510650675213 -0.0845857141259176 0.44218489470748
0.0785045462813294 -0.0498216123694106 0.0118141759560511 -0.437089539974122
0.00435360812918771 -0.0875211994002509 0.133868141635065 -0.40579345673076
-0.057686769859596 -0.0336477170661276 -0.0221352531887095 -0.352749630363363
-0.0172585606890856 0.03680995452914 0.0058440848682978 -0.14995655712783
0.0207539278802769 0.0059047640809653 0.124022267244273 -0.165384625526237
0.0135538134551852 -0.0308026671486876 0.159537784994009 -0.271914190968324
-0.0174511871806909 -0.0466318669463489 0.139000013375628 -0.374171864863952
-0.0329376654747403 -0.0358053203878131 0.115763007159701 -0.422843344801774
-0.0364130638923977 -0.0356291351461701 0.110844331099405 -0.397848912652824
-0.0152135758378586 -0.0337490496698306 0.137927759235887 -0.298406130916435
0.0272833622349176 -0.0135385420411012 0.166295107285724 -0.18119688310807
0.0265000496904739 0.0281313540355046 0.175347496855655 -0.0236931352594816
-0.0577515387421693 0.0194923573838472 0.101366984890398 0.0671667812935542
-0.0399120514442816 -0.0574854000606678 -0.025672586233634 0.0905789690311444
0.0424201031341346 -0.0820952759229393 -0.0939268238681587 -0.215258990925078
0.0467885411640931 -0.255355614604757 0.0186623250474174 -0.354937360884318
-0.0699475042742208 -0.275591982764633 0.234827995674725 -0.367455196343575
-0.173330605249972 -0.209101737946211 0.0115068823690279 -0.374500685280868
-0.219644420322937 -0.0584863040090965 -0.00660806466096954 -0.142759252159684
-0.200832072287398 0.0441612484255966 0.114601873687906 -0.116908081536067
-0.142238418038443 0.105491530488324 0.174452469340264 -0.233194976214061
-0.100470363410094 0.124103963749597 0.132525866474213 -0.350713027937083
-0.0785419787339121 0.132174641206778 0.0925526474377689 -0.397943075143197
-0.0743874048413568 0.103254927286071 0.081792440096715 -0.391699730353952
-0.070367400883413 0.0858232515070759 0.117922782862474 -0.315906742280183
-0.0534760756687583 0.065572703228062 0.165607957493022 -0.207331661107918
-0.0538065041563301 0.037010834487421 0.191958962885379 -0.0250171893945462
-0.106492654684738 -0.00979792782315888 0.105786515949742 0.0738103203452283
-0.0869393386805642 -0.120670536463573 -0.0226438513824764 0.0901807236567637
-0.00657773425367704 -0.192384144483981 -0.0997526409135053 -0.187088571847132
0.0196018380912273 -0.423813551949899 0.032661745699602 -0.200020057087982
-0.120833518603839 -0.421814791779729 0.329281546137244 -0.288832939815107
-0.245477430335132 -0.35427463339988 0.0323967136657503 -0.392603615659324
-0.373624099920358 -0.160107680700578 -0.0661042346721401 -0.155002474341015
-0.388515899786991 0.0584815095681777 0.0344343595029795 -0.0633751158756797
-0.279856561582416 0.21481357669493 0.120636502108458 -0.154902201969317
-0.170940397320182 0.267908112258895 0.0843171941520183 -0.264368540108844
-0.112127161793776 0.281557764948768 0.0557990324960944 -0.312802768346502
-0.0974981379273571 0.24233029293232 0.0562076572980858 -0.337551160643075
-0.116223203005594 0.222835302275583 0.107390408732894 -0.305776894915612
-0.146012317716555 0.178077369371957 0.173586687914113 -0.22014614715326
-0.174633974901361 0.0764621527068067 0.2229384243195 -0.0205940001090276
-0.205857821709858 -0.0358954766347557 0.116156599461532 0.100681752536703
-0.16795942975882 -0.188883196238372 -0.0338666813633823 0.115165005981756
-0.0738285851630242 -0.292048871491619 -0.102832204746671 -0.130417689591401
-0.00923092236896781 -0.50468433424678 0.051196342436298 -0.00575892345797429
-0.14899086393606 -0.469075684077341 0.391467789843308 -0.192784368838556
-0.262738052279877 -0.401837479476268 0.0277916327728854 -0.381423297982831
-0.437874092697414 -0.20628825521191 -0.144462191785194 -0.16190014387091
-0.481047235306057 0.0770960722927097 -0.0805584231295795 -0.00922668263525515
-0.349740705183431 0.286865306291707 0.0199529914525297 -0.0505552079018669
-0.204282078900856 0.360680950701597 0.00944896694376221 -0.128365536345418
-0.127733732471938 0.388845873221938 0.0124635095212565 -0.177205629955951
-0.113890362640157 0.360812366286174 0.0346456901370973 -0.231060650999789
-0.157942163553887 0.358551211335196 0.0997889375307037 -0.244877914654923
-0.247294715012634 0.302245030612302 0.177538682508558 -0.190301030126825
-0.322726123000108 0.130327873661116 0.247378146370027 0.0062232157716039
-0.337357457981469 -0.0635419657156865 0.129334223586053 0.144074875943718
-0.267875867659706 -0.254292535125779 -0.0389827708863137 0.166281373378819
-0.143766102472041 -0.376529526342902 -0.0925205985949746 -0.0382396799954421
-0.0378615591374047 -0.482800715966015 0.0735144615248551 0.173461476568885
-0.139780266777035 -0.395808555450115 0.393139281178238 -0.121403992178009
-0.213610801515953 -0.338983562706909 -0.00931389825031923 -0.328483353931179
-0.391024786019118 -0.183037879118143 -0.207821749035071 -0.136667595393559
-0.450563367698065 0.0975609960927954 -0.177542294354506 0.0463531283651829
-0.330675012925087 0.309737009319059 -0.0820365405014469 0.057740076828751
-0.190550048040894 0.388222530578579 -0.0674016464529461 0.029584659035927
-0.125267790050206 0.437564914896671 -0.0329126447795143 -0.0109739132710305
-0.127006311786866 0.434841490385276 0.0116705231393784 -0.0801220582770558
-0.199840086760538 0.447236985712154 0.0847577236732847 -0.125147927631025
-0.344131985367084 0.380156465040006 0.162244710733226 -0.0992015465809131
-0.453743058694552 0.149081455252892 0.240747364163306 0.0680885774918437
-0.436717520321118 -0.105705302081708 0.133787482339008 0.198785279269693
-0.339793660151545 -0.302168192443167 -0.0339787825589098 0.236530541523758
-0.19736550149298 -0.423799661536261 -0.0690208971156913 0.0866492496977769
-0.0627415520050904 -0.373464256901431 0.0955598641072915 0.293518314248294
-0.101068278436649 -0.249243833684411 0.331821550186966 -0.088554533951398
-0.119900674764256 -0.216273391045481 -0.0574599582831661 -0.246742839028169
-0.271392165997358 -0.123763750608031 -0.229693458767185 -0.0842919746501173
-0.334208519435324 0.10330147260988 -0.218790898701749 0.0956814417650086
-0.246261273685543 0.279601427131746 -0.147238713534603 0.150028223611135
-0.140405030397048 0.355425939239721 -0.121245414485617 0.179704539620848
-0.101273481799992 0.4195934141028 -0.0715466380601825 0.158280670023021
-0.128159605021548 0.438149614004198 -0.0207488960293247 0.0911372875362735
-0.232130850920023 0.449617070082145 0.04790754826474 0.0302213620327682
-0.40208190934062 0.355210650922159 0.109839388070791 0.0328934608612592
-0.49824175983432 0.0909763670539613 0.183961450820162 0.146792062886931
-0.431407362884621 -0.158207748829848 0.115771027803093 0.251655932587922
-0.338839414208401 -0.307201680632168 -0.0291782732586359 0.309510874415674
-0.214755723874499 -0.409834011273485 -0.0450528671151751 0.228414027142343
-0.07130753189109 -0.224276875718786 0.111709459097977 0.344496641426219
-0.0497861841142419 -0.106435401055092 0.235381462663938 -0.0851010433243729
-0.0349731855280026 -0.110132059691475 -0.0940415478490652 -0.162321639602488
-0.154465422687777 -0.0707758567014872 -0.21463935698241 -0.0319646781195905
-0.202148679298257 0.0875786760734153 -0.211217727900298 0.129095149912745
-0.141423184278507 0.208674234008327 -0.167048943852683 0.215441781707128
-0.073604683586294 0.275467252137286 -0.144397038860419 0.300991813201803
-0.0640218601032947 0.335200930473884 -0.0995651050542739 0.304170420614405
-0.11181098075652 0.360187528800047 -0.0659170208651307 0.249097589854645
-0.228139470811354 0.353670860766448 -0.0202116587011926 0.175688267859187
-0.378235532080334 0.234199954538616 0.0174782343437901 0.14959636079592
-0.414384074992603 -0.011140280355339 0.086066435685399 0.200549454209401
-0.303374012621097 -0.180064207565138 0.0752525720985774 0.287551333082533
-0.257307647354139 -0.244457060026564 -0.0444329047398566 0.370383776013242
-0.188012530392777 -0.320260731211474 -0.0370305410778724 0.356041164820197
-0.0608427425559881 -0.0753223226154682 0.122425229226757 0.342813236374618
-0.00630542346188301 -0.00864452883028847 0.146254647202559 -0.0869434198497166
0.0119393674937782 -0.0494903399782279 -0.105047740882764 -0.103410995691254
-0.0766746584221369 -0.0371100821599712 -0.191612798235565 -0.00262966053613432
-0.0960877374812402 0.0571190417177902 -0.191154923551704 0.148327026128085
-0.0521038381491583 0.123320780744959 -0.161744311983098 0.258804042671884
-0.010277017917639 0.167182822381928 -0.141980573717787 0.380719340212969
-0.0166264599156317 0.199114232937604 -0.114719917650947 0.40499162997396
-0.0655729674901937 0.216366878550742 -0.113131646612083 0.357702353894759
-0.157251947879541 0.19588098774346 -0.100214903576744 0.268527803670071
-0.246587864401131 0.0893320170016388 -0.0817270498563205 0.207252837966881
-0.219681465925029 -0.0723360229039157 -0.0077147874679557 0.205631908098294
-0.107732953120686 -0.114132018475737 0.0276716987727568 0.306963878468911
-0.139484533947382 -0.103855497284395 -0.0881802789791337 0.409727159270183
-0.13785079943091 -0.157503648748817 -0.0559246732222105 0.438730004478949
0.0690155608951882 -0.0544196722719584 0.00611964280959925 -0.417283032765023
-0.00534915468192047 -0.0813816589185973 0.107721581599772 -0.397383658985457
-0.0553016625845676 -0.0252446497703674 -0.0363642186676897 -0.325690615543791
-0.0108511039342512 0.0339290145487704 0.00351068147631824 -0.141596522955856
0.0190680389395702 0.00194225318736358 0.109628508419893 -0.161362023742232
0.00792944885660463 -0.0310139857357335 0.138886284327936 -0.26037124590877
-0.0218412298925012 -0.0415131955742435 0.119032442881222 -0.354542722456558
-0.0354622086569349 -0.0290253170488811 0.0926230304756547 -0.402352608851547
-0.0392604774334869 -0.0285106717370567 0.0880190794826405 -0.378513469926441
-0.0193838964340309 -0.0294384073953831 0.115413904031563 -0.285326234943393
0.023056539435419 -0.0180685399813206 0.144720836474591 -0.178110318260437
0.028712287212051 0.0205853167421788 0.161875666743728 -0.032560998244644
-0.0502783284201072 0.0245374387183623 0.0997250305901573 0.0531312893407963
-0.0414734151146904 -0.0485159002977871 -0.0115508416226105 0.0834374283775622
0.0326392263047923 -0.083472544622008 -0.0887636601069178 -0.20065117768734
0.0336436779579809 -0.245486517569805 0.0153791769125762 -0.339991690109974
-0.0781729219930855 -0.257273663684443 0.201890874527447 -0.367775159628204
-0.171189818473535 -0.189744609422793 -0.00883160293374255 -0.348250199496978
-0.206907295518632 -0.0487438151058405 -0.00761268850328384 -0.134103380418525
-0.188436750046537 0.0465294373470966 0.102567814529328 -0.115996869151787
-0.132853018290235 0.103402721639753 0.152659732423443 -0.225469458759973
-0.0928880570011105 0.122593380202485 0.11107572677182 -0.332394887370345
-0.0715283959639882 0.131310771986999 0.0724609010227795 -0.376815885543795
-0.068279404432786 0.103782293154443 0.0595531768090266 -0.370134996836015
-0.0659365648293831 0.085051187274635 0.0957039687292345 -0.301525685574456
-0.0487356943601326 0.060302816580149 0.142866135010257 -0.200685746740692
-0.0475770543380932 0.0317347722660768 0.17878218758724 -0.0366983846275001
-0.0964143438926781 -0.00410623412011666 0.103991942384479 0.0597659995101523
-0.0855005928565179 -0.108040511467647 -0.00997748786887611 0.0816761980195207
-0.0141001102887621 -0.184412150026733 -0.0948335653239647 -0.172620199697083
0.00385219563117984 -0.399720592848097 0.0315835595001988 -0.194070764322024
-0.127453602446759 -0.392413447712554 0.290965573657199 -0.298845853941166
-0.243458096814779 -0.327323299016189 0.00799206815511177 -0.362814892333761
-0.35882683693407 -0.138417993790873 -0.0636488096122268 -0.143559335645807
-0.366077393160705 0.0702558180918196 0.030627143119068 -0.0630353433540666
-0.257993797173845 0.211865071095575 0.104148771378649 -0.149671477494393
-0.152822531753412 0.259805264886126 0.0665237629029342 -0.248953042427087
-0.0963684414044017 0.271163879328139 0.039594845044464 -0.294335286700033
-0.0850899585452312 0.233864541702135 0.0366758372928921 -0.318541989881406
-0.102314177110539 0.216174762532892 0.0847334003212491 -0.291596117928049
-0.131041023860215 0.172112303435229 0.15005206050626 -0.214217019661633
-0.160707739229577 0.0752636915970419 0.208707513400483 -0.0336562054995258
-0.192226948523101 -0.0281086326066795 0.114671175766264 0.0847818948035742
-0.161511668968804 -0.171988372521133 -0.0212339308587154 0.104535749540523
-0.0767188078709073 -0.27597668970025 -0.0987997338377032 -0.11937422864222
-0.0247088042463559 -0.471854635001051 0.0546462559277546 -0.0123781372737941
-0.149886986897898 -0.435228585271257 0.35161939812247 -0.210966828234165
-0.259177438747295 -0.37450310195785 0.00446634276121138 -0.352186990279068
-0.422205251239376 -0.179350087231417 -0.136891010146922 -0.146922362486591
-0.451282683461612 0.0919514463975602 -0.0750075254906807 -0.00813482092048883
-0.319381222481585 0.283594208739115 0.0131724734468414 -0.049277680031717
-0.180202918524236 0.347905851261022 0.000429460411851271 -0.118172124920887
-0.106992517845299 0.371608982679589 0.00357431934237684 -0.16411922219558
-0.0948686743319276 0.346535620831103 0.0216100471445118 -0.216524141499248
-0.135188828146913 0.346083608019012 0.0795262546630878 -0.234858677597732
-0.220240324364504 0.294184458188661 0.155279926972476 -0.186812021216362
-0.299269395405514 0.133544315127638 0.232997139256766 -0.00984216034288566
-0.318914536854667 -0.0507822536059718 0.129221792711321 0.124441960634253
-0.256576514120097 -0.232557599492713 -0.0249834333685888 0.153615149112106
-0.143331365870396 -0.350705920724296 -0.0890979505446123 -0.0335945417964663
-0.0502964384185481 -0.446393712226124 0.0804016023588854 0.155650001185647
-0.138514282592545 -0.36715205938787 0.353051853100358 -0.141119521365324
-0.210102326882758 -0.318732513869759 -0.0270804410381646 -0.300293011346342
-0.379268948498632 -0.158810242973526 -0.196780611393216 -0.119180217153476
-0.421821950564263 0.112008316567338 -0.164132516283618 0.0486607701458462
-0.298387395526769 0.303384020063846 -0.0785171803397969 0.0567351248792481
-0.164264160707867 0.373618599648716 -0.065746052911908 0.0324025647293066
-0.100526030849254 0.414876935151578 -0.0320857535957035 -0.00564197150502826
-0.102816306180752 0.416044310610518 0.00565501073795358 -0.0736852180944274
-0.17145721787811 0.431151617114636 0.0714883472376092 -0.122435903585444
-0.309605040423077 0.37295497415925 0.145942818109488 -0.10012661723645
-0.424317800168009 0.157798175458256 0.231114942992861 0.0489674247622265
-0.417569002290854 -0.0889093971213202 0.134746372780799 0.176318967383351
-0.325457748473972 -0.276973511858057 -0.0177870108213208 0.22038107069426
-0.193198123240885 -0.392194909458118 -0.0641104231884606 0.0854187282256126
-0.0678267314879853 -0.342473842959951 0.103302754979745 0.268701955370333
-0.0945505104541826 -0.231741662019976 0.295540293854013 -0.103121165719277
-0.118570579851551 -0.206047323157321 -0.0680791251300097 -0.221313823352959
-0.264329340602282 -0.106193113007225 -0.215654082080063 -0.0677163247158437
-0.309924371688359 0.113638454672098 -0.200842386060528 0.0975828554790427
-0.217529494991972 0.271609693334007 -0.135214269551963 0.146827214268843
-0.117022078545333 0.338521963360354 -0.109207294760716 0.175912762474118
-0.0790408695262663 0.396128724581469 -0.0611022789584919 0.154325200975247
-0.10175089018963 0.417838308334971 -0.0182265804055678 0.0887051795471062
-0.19979837244927 0.434211286919376 0.0434007971773044 0.0255896937183995
-0.365697421004022 0.352132025691902 0.102666036786551 0.0260798747346507
-0.471383782018637 0.10684877772159 0.180867834578841 0.127202638735195
-0.416222156119741 -0.141144570363357 0.119821019783167 0.227309266419306
-0.324094901932731 -0.28089163876954 -0.0109738032525415 0.289765052675295
-0.207174444559224 -0.375955783598275 -0.0388290379260943 0.218546861674442
-0.0701541347751421 -0.202939310794593 0.11755611547057 0.316974753478074
-0.0420611943436938 -0.100716189296611 0.204777832281417 -0.0917933344509139
-0.0367794931907789 -0.108540516166183 -0.0973767525915661 -0.141041646165391
-0.151578297767196 -0.0584543566294416 -0.19935963761065 -0.0188376916160535
-0.184650165203996 0.093792952462939 -0.19078381910355 0.128554883949919
-0.121799803305475 0.202414624118562 -0.150604464545914 0.208966543255952
-0.0559206496532878 0.25999789811577 -0.12507991575031 0.289561911655707
-0.0447538406464842 0.314979444158128 -0.0819160325575223 0.292202258179643
-0.0903053108232969 0.343173167322631 -0.0545953060075259 0.237516889240413
-0.198494023293582 0.344414692477514 -0.014158887966645 0.165471416154
-0.34617083574718 0.239180302570904 0.0219558943764471 0.140153506941442
-0.396815363348282 0.00743874307519385 0.0903556536435792 0.183564166367848
-0.294888917500672 -0.167211073406529 0.0828919557749801 0.263430207001717
-0.243679014348735 -0.225193975059279 -0.0231729338472357 0.350201016024059
-0.180413587785944 -0.291043289301099 -0.0292869470330395 0.340546083402323
-0.0554369798067627 -0.0649316031599246 0.127319599220833 0.316040943013683
-0.00068039464608908 -0.0112415163999804 0.121962009402585 -0.0863794750556224
0.00738347483036567 -0.051690717374897 -0.105767072734873 -0.0857384405781889
-0.0765936660153838 -0.0280106247275066 -0.177959011734054 0.00954222660277779
-0.0851872227784384 0.0605929929901452 -0.169957382227042 0.147402348757752
-0.0407027855291938 0.117868421278553 -0.141742549706311 0.248974477147135
0.000531076504806757 0.154197151437684 -0.116908362673803 0.36379578607542
-0.00518618470009485 0.18472396607447 -0.0920278620017739 0.387085824687103
-0.0510375764099585 0.20569401322201 -0.0946186266999313 0.342255325690288
-0.138631163070566 0.192139040993629 -0.085811107790444 0.255693138180191
-0.228658201462847 0.0975639387239818 -0.0682555056002671 0.19898725441975
-0.216202889579498 -0.0591697404665942 -0.000262495114743547 0.194895119573831
-0.10732146264536 -0.112617769319971 0.0385973639060656 0.283273404612246
-0.128085609281676 -0.0941965650420074 -0.0635653839001522 0.391611538332658
-0.130276961473702 -0.137339288275388 -0.0434298620769189 0.420500194402047
0.0634894862154742 -0.0555713370619784 0.0179741064058076 -0.405040820626777
-0.0101185753978571 -0.0753803691719517 0.100962579369075 -0.388312229923188
-0.0527269899663193 -0.0200262138782738 -0.0361881234157142 -0.306208415703395
-0.00692676375894033 0.0310776794491436 0.00717863195973938 -0.135476921532096
0.0173780611861812 -0.00115578455409107 0.10402863514748 -0.153550901831369
0.0049212899699231 -0.0306339890464983 0.132644991360506 -0.246962937681745
-0.0239869639932099 -0.0372846299316781 0.116458909236462 -0.336763291810286
-0.0357863714858353 -0.0243469272209804 0.0915397984454529 -0.385903153433083
-0.0395011590570341 -0.0233809319878251 0.0834119373944115 -0.361035233009194
-0.0219356417542504 -0.026292136874014 0.108534540177604 -0.272020663799774
0.0189621575124439 -0.0206878086866023 0.134917637303711 -0.169287514668212
0.0291161156549801 0.0148278877240095 0.152482048447051 -0.0357948084098426
-0.0437076867240273 0.0264481822524791 0.0959266467868748 0.0462382524484606
-0.0413410021293022 -0.0425148923583961 -0.00362678671307741 0.0763781399310199
0.026053843989329 -0.083188132066359 -0.0775942552135318 -0.192586107497782
0.0341955748357726 -0.23684065455749 0.0260679169714963 -0.331313055777273
-0.0759215774077696 -0.246166935031446 0.187570189512711 -0.362961186662035
-0.162777662493892 -0.180905294902004 -0.0109018601271257 -0.324921471823363
-0.196790605169816 -0.048879250682704 -0.00231957971277723 -0.128907885507688
-0.182025486135423 0.041989675955869 0.0991165307504678 -0.112212793697497
-0.13145633801399 0.097422715214826 0.144649825275459 -0.214012663287471
-0.0926656677975835 0.118431830835806 0.106011765946334 -0.313254080227289
-0.0713575128148386 0.12828053760969 0.0709612158704031 -0.359571810726564
-0.068170109944351 0.102227048264846 0.0560055495622621 -0.352285205252564
-0.0656269679753227 0.0833724534995765 0.0888158468840375 -0.286806534495529
-0.0489426551056143 0.0541877931219133 0.132757611160963 -0.192146260530146
-0.0440289712427977 0.0247521348918849 0.168873045918498 -0.0400497689198986
-0.0883530302139559 -0.00377230351542486 0.100097313237267 0.051756845551841
-0.080481845709609 -0.101772823809105 -0.00249015262191078 0.0737003299984981
-0.0132667628201438 -0.179174257486847 -0.0856379923177246 -0.166975765901751
0.00776680491491127 -0.382112397788383 0.0395037173185071 -0.190900076981888
-0.118526213071698 -0.375727126427193 0.27130605022403 -0.298241594033474
-0.229164212460651 -0.31578960032491 0.00464649136780565 -0.340431381195775
-0.343834525090501 -0.13567247807003 -0.0550902151573843 -0.137501051711352
-0.351967143125484 0.0643399686035814 0.0297956690909921 -0.0623004150257994
-0.250194477369192 0.20115709023961 0.096629078783486 -0.142332220363267
-0.148934253400776 0.248623358866706 0.0612287754970483 -0.234246234576001
-0.0947062567615099 0.262050045559372 0.0389399823960089 -0.279959915298321
-0.08422102553562 0.226227551871301 0.0338292307318112 -0.302229152573649
-0.0993183183026189 0.208262185814884 0.0773206252500557 -0.278708619483455
-0.125752173594771 0.162091675551183 0.138787735402637 -0.20440157586049
-0.153039164995829 0.0681497351474815 0.198958691800869 -0.0377229617537135
-0.180747313651419 -0.0288023359270019 0.110399487308819 0.0755273585462415
-0.151687373664736 -0.165832970928302 -0.0148746890586918 0.0948908783308951
-0.0690416854140382 -0.266398055617703 -0.0914807118569109 -0.116032843103899
-0.0187127439503195 -0.447733155973833 0.0584429479357249 -0.0157110162986735
-0.136357773751127 -0.416205783854015 0.326495784240648 -0.214113345190869
-0.243714777736108 -0.365104659833421 -0.000762175602766987 -0.327235520347689
-0.406034967276495 -0.174213660126293 -0.126360831969287 -0.139677465237916
-0.433332197050671 0.0871494936453424 -0.0704322630247814 -0.0104436357523083
-0.306852774139484 0.269313927013103 0.00945728916304011 -0.0472407841902828
-0.17493579212867 0.332482722696785 -0.00285846721558439 -0.109180548878913
-0.103399929517185 0.356733068875124 0.00360276543721799 -0.15475488929078
-0.0933601969648626 0.332704989839552 0.0184606332631863 -0.204332575211969
-0.12992560512546 0.33176485155687 0.0727550518116494 -0.224967546386502
-0.210727982652797 0.280262796384124 0.144629995640892 -0.177997633655927
-0.287620937319623 0.125439343719386 0.222712128763971 -0.0149393323172945
-0.30381459301395 -0.0540288096060522 0.124542783127118 0.113969282148012
-0.240259468142555 -0.227056145915125 -0.0193536303559531 0.141238476470015
-0.128749898451139 -0.337515559050797 -0.0848407365939842 -0.031947038845236
-0.0423081135266678 -0.419894566218431 0.0804121233421596 0.144591532897614
-0.121482316766185 -0.351580176842888 0.3252623550022 -0.143087426634904
-0.19564322882306 -0.31203046004596 -0.0304890582783962 -0.277963764288243
-0.365305198581062 -0.155388546547318 -0.183373471560056 -0.113256650137273
-0.402470143802247 0.107649530876548 -0.155744564827804 0.0432520684305346
-0.285052012194624 0.289580369349638 -0.078966425294653 0.0540214375008746
-0.158246895720828 0.355718456212372 -0.0657853597460704 0.0333711684052761
-0.0963660961332304 0.396788615721513 -0.0317362649913076 -0.00313338822640109
-0.098988637909805 0.398498947212149 0.0039175560280418 -0.0683686419992449
-0.163436987276915 0.41395199482043 0.0649488998016764 -0.118540591530663
-0.296351440154897 0.357147726619384 0.136708164072238 -0.0958727496558857
-0.408111481545354 0.151536820298163 0.221152737317933 0.0421844851048044
-0.401396602710437 -0.0923663451081034 0.129456450605586 0.163172480917795
-0.30437161722678 -0.272205420170962 -0.0136422304661555 0.206337967221954
-0.172875585680059 -0.376361462913008 -0.0650337455797272 0.0826480825689065
-0.0593493363362824 -0.319792468127468 0.0995513461480576 0.252507046546984
-0.080499839760521 -0.222625592764036 0.269855882044652 -0.104090433678129
-0.109672928269865 -0.204109764233208 -0.0680188977725079 -0.202335404485645
-0.256058004991005 -0.102302915726117 -0.20187978437778 -0.063008389691038
-0.29452436516882 0.110809098052086 -0.190059111136773 0.0904608768444364
-0.206004558304442 0.258533774272921 -0.132090565472282 0.140155223215307
-0.111189928559928 0.322497253853398 -0.107140283054665 0.16918628049917
-0.0746306587075147 0.376384035565232 -0.0595448432122989 0.149394952304259
-0.098834865214465 0.399058010771777 -0.0196166579471887 0.0862595820846306
-0.191879199983973 0.417019267817077 0.0385741322751152 0.0236869475765561
-0.350186788497464 0.338792548554035 0.0963607315597549 0.0255809636321068
-0.456544516500465 0.10161691272863 0.174112962369099 0.118077252479952
-0.400931789125692 -0.144187640151295 0.114252436494501 0.21274748025376
-0.303054760388616 -0.277380198282652 -0.00805751831652554 0.275140551147001
-0.185124443646773 -0.360650415850166 -0.0432059112717196 0.211942705501884
-0.0619086568004055 -0.186908365456489 0.112637293320246 0.299222851555077
-0.031818679614768 -0.0990404899493145 0.183400554591552 -0.0881624798987551
-0.0344725163924593 -0.109586513655219 -0.0953903234203305 -0.125576442920312
-0.147908641175036 -0.0536418701307155 -0.187371207705514 -0.0143456282140085
-0.173856915861576 0.0927244437318881 -0.180296488191466 0.121589042019679
-0.113415253283716 0.192809329511806 -0.143786599495582 0.199817432434318
-0.0514114300260236 0.245612416806914 -0.119763783624777 0.277441054712401
-0.0416110097597073 0.297081260880853 -0.0796695770197514 0.280447986055359
-0.0849498402607774 0.326304956995173 -0.0541288249675871 0.228812721131031
-0.18953301834002 0.329986761936705 -0.0167991366499375 0.156637875233536
-0.33207748378485 0.230722184484127 0.0194850317358881 0.135080287603382
-0.386330320812562 0.00685899103078669 0.0867655694906352 0.173967946181272
-0.284938195609356 -0.170137435939195 0.0782174213028189 0.247270207555198
-0.2241143166965 -0.22114177205116 -0.0203821811464968 0.334078806017066
-0.162341399992834 -0.275345334774264 -0.0353584681229568 0.330139220152643
-0.0484880560171487 -0.0577970865718989 0.118603318304729 0.299645499792348
0.00506055497058742 -0.0146004747487148 0.105828213553807 -0.0794036256684968
0.00530168141172273 -0.0527318950701114 -0.102226862233997 -0.075111472315164
-0.0752649440840048 -0.0238268561052291 -0.166857408196276 0.0125541430450191
-0.0789314361520395 0.0612591989806137 -0.159199823222719 0.141203980528689
-0.0362457042403804 0.112626464196034 -0.134057309915247 0.237523466128081
0.00263953724558178 0.143905514851864 -0.110596475819166 0.346882818518785
-0.00346872237632388 0.172787100276554 -0.0878929373881101 0.370191275284279
-0.0465969148691423 0.194412845822988 -0.0929985677537317 0.32771186589653
-0.130951030507718 0.185339067814908 -0.0847171374903064 0.243794458836399
-0.217669726258641 0.0967699889300545 -0.0657950075123234 0.191357952493489
-0.211455714139983 -0.0562426310604547 -0.00150353403826868 0.186781678756101
-0.103457703148476 -0.116486953636414 0.0349835997232483 0.266911634402344
-0.114624943966364 -0.093288570786095 -0.0597061055707949 0.374888534464701
-0.116737201870954 -0.12640806263559 -0.0508168594921714 0.407996918550014
0.0681380776714985 -0.0483538060523024 0.0870951054074538 -0.395643618811685
-0.00265557587191242 -0.0719463388523554 0.156676334764465 -0.377438534122971
-0.0476463353193735 -0.0223089712579265 0.00932917881701181 -0.303733295235505
-0.00802620173807114 0.0276745164254343 0.0285855487913132 -0.132328790614582
0.0174178167247233 -0.000906759544698448 0.122799088308981 -0.135084825371713
0.00512952455500139 -0.0298622014760518 0.167766708152048 -0.219061152043613
-0.022602594068501 -0.0407015790353621 0.164785206249706 -0.310906115898728
-0.0339758310589903 -0.0281226327276448 0.154054457804784 -0.360989221986459
-0.0392330248262516 -0.0295845840637012 0.139832062403713 -0.339653249435251
-0.0213176001556322 -0.0296580376159588 0.146960861310941 -0.248199755726437
0.0178887418855961 -0.0226224140021202 0.155912482676741 -0.143815651398473
0.027964976085389 0.0125145178059476 0.153545956558077 -0.0146723356196683
-0.0412152931124204 0.0212983116887874 0.0884937912717253 0.0575443621436
-0.0337651630632056 -0.044350145115886 -0.00646354284161606 0.0736728232174318
0.0319736062002747 -0.079253649118939 -0.0380140730987112 -0.203737321028158
0.0670870890678351 -0.228383321404803 0.096936572932135 -0.315061217142982
-0.0361257685879413 -0.249038032054285 0.245409492649146 -0.340230924357289
-0.128990024530281 -0.199373592358508 0.0473681359263677 -0.317654409608996
-0.178743196897861 -0.0819411093559085 0.029145505367971 -0.128522325394037
-0.182534387423345 0.00639940921444352 0.119652137723636 -0.101184139475622
-0.14771989706233 0.0719849772138989 0.174300543585782 -0.194625377918765
-0.115384601412079 0.101606596565833 0.151520276237396 -0.291024166577806
-0.0931325869065109 0.114548781012384 0.127090325703472 -0.338043301088695
-0.0878449098476451 0.0869954274231917 0.111597292714791 -0.334434878775351
-0.0810141495875222 0.0689683373270306 0.131208644186132 -0.265265712737755
-0.0588865440793368 0.0385134353685843 0.158670300089551 -0.16607498631368
-0.0453751509247224 0.0102845155517599 0.172797581225422 -0.01639854958315
-0.0784814314902707 -0.0176948894970172 0.0918880962239373 0.0635728327755429
-0.0590668581540273 -0.110055377578786 -0.00878071391078155 0.0709569050722701
0.0146749860828284 -0.178808147828908 -0.0530112362131703 -0.178959767089749
0.0639567618936349 -0.370111485867929 0.099040171671442 -0.170241956944515
-0.0531833009614225 -0.382929081276714 0.322970366868577 -0.261412314515205
-0.172176879686185 -0.344256918973939 0.0732916234560117 -0.325781331708081
-0.307694617427025 -0.191941132759375 -0.0126912053074863 -0.143309368797343
-0.350474702315177 -0.00130957086181703 0.0533611619738418 -0.0669229010025326
-0.279345881791578 0.153513391216066 0.11669282794727 -0.13989457285689
-0.192181190838889 0.219922694314318 0.0963137877457813 -0.221906662853526
-0.138081234967466 0.240277071364202 0.0820352534727497 -0.264022570480971
-0.123289540467142 0.204264762207754 0.0820621185961464 -0.287933767564871
-0.132407933730897 0.184446887382205 0.120693800516435 -0.258381068347136
-0.148991862982046 0.130981936491735 0.169927035518484 -0.177159641530333
-0.159737333002042 0.0332549081415678 0.203552655737552 -0.00946680920378294
-0.164136250399915 -0.0598655738554483 0.0980547175544739 0.0900343149280497
-0.114008094718373 -0.185700944492294 -0.0266066008515033 0.0911461528295807
-0.0200641136982708 -0.272191524912979 -0.0703581806642435 -0.127510536678143
0.0486896947379033 -0.434990119025165 0.0959304138840494 0.00536033151197493
-0.0610773726916208 -0.424594070331453 0.363730539392648 -0.169456285552762
-0.176582318667663 -0.397131306014862 0.0672073171827841 -0.313178594307568
-0.363289884160437 -0.240609447247816 -0.079264415855149 -0.154893290835666
-0.433816443286819 0.00786979054909823 -0.0497418869757976 -0.0329290545643016
-0.343554004388192 0.211799938037836 0.0158018440879969 -0.0637536443654312
-0.228915862744502 0.296978692958801 0.0145193431300369 -0.111098783595741
-0.161572216939861 0.330553263855835 0.0259461491872199 -0.146897354106893
-0.147758837541225 0.306532649439119 0.0510088671293316 -0.195262424290669
-0.181042181772341 0.298687251942979 0.109879408011271 -0.206679698592544
-0.249420503342631 0.232695406685039 0.17373919510221 -0.149843065646148
-0.300925334901625 0.069162357804916 0.22720328306994 0.0169707951499197
-0.281107087347395 -0.106529487630406 0.104916761665502 0.131737309997731
-0.18701770833138 -0.262887285238591 -0.0413048325581079 0.139841694045879
-0.0609283484391302 -0.350734693052291 -0.0806884684579948 -0.0412321385573771
0.0209754944475819 -0.410412571058002 0.0913787764729525 0.163531477821319
-0.0541650883236061 -0.359989491989504 0.347672207892986 -0.0976322305027773
-0.13797094889009 -0.339281560155227 0.0277939977217903 -0.267385501209386
-0.32894702705837 -0.213692384196811 -0.139608980660604 -0.135648163771358
-0.405744586907317 0.0341061603989823 -0.141382045452377 0.00730695315930037
-0.321653865012376 0.233995477142804 -0.0873006590346524 0.0222213064542
-0.216335595427471 0.323186366900295 -0.0680913683161013 0.0202806970373935
-0.161478872901537 0.371682601899756 -0.0332151341715834 -0.00555150509488729
-0.162603047703133 0.36835981510013 0.015272844019191 -0.0633742687702093
-0.225459278036233 0.374651647300869 0.0867466974309375 -0.10312335127307
-0.34327446453498 0.29422463254869 0.155081515549285 -0.069575871344869
-0.42451206516785 0.0735477146566192 0.219039243955235 0.0739636271922673
-0.369647728475068 -0.161784790361831 0.101209421495144 0.18418451063221
-0.240349691988415 -0.318497635696583 -0.0478787059330945 0.20689711838899
-0.0944864892676604 -0.394913997630362 -0.0840568460798688 0.0777128029200066
-0.00916151579135753 -0.312626123293838 0.0872566355129889 0.26700848946633
-0.0334215601499111 -0.228722487039816 0.279589332354305 -0.0656308602406318
-0.0713618365488139 -0.221816887959531 -0.02802229297689 -0.197684292087819
-0.232663210056155 -0.142520987753416 -0.171570764679214 -0.0883440068332909
-0.302175159409864 0.056929025870557 -0.185820423230343 0.0505368410210183
-0.238290596674512 0.217948811512599 -0.152772142723807 0.102010870594738
-0.16138068340727 0.297428832619349 -0.126306921182034 0.147090433059787
-0.134039366679862 0.354906541946474 -0.0847498136350418 0.138950595237175
-0.15987681323018 0.369727682752045 -0.0328954321304065 0.0849742284498355
-0.250973814435466 0.373821197598815 0.0388463124526281 0.0320802604521601
-0.391317567971575 0.270855496533002 0.0971539750056492 0.0445041254927467
-0.464119971980053 0.0216359401991699 0.160380908833822 0.144870501767085
-0.362129122179044 -0.212307761029154 0.0769082210509141 0.231239447992229
-0.2339889179038 -0.322375069795762 -0.0545672645197838 0.276170268816125
-0.105039883522223 -0.378847009653967 -0.0869527949566486 0.209960733560391
-0.0288622190873376 -0.185550724396808 0.0812721382503858 0.309268368509995
-0.00692951971319913 -0.102793718940327 0.186190442972419 -0.0605322211717685
-0.0150455378173805 -0.116951685772879 -0.0716701398682984 -0.12713726000956
-0.136669090883204 -0.0751702580401746 -0.16880815493724 -0.0378725973362774
-0.182231904730244 0.0616940510059086 -0.184652842182985 0.0859311747388047
-0.13607515803106 0.16849242302562 -0.174001841159565 0.163691630717596
-0.0884273721518163 0.23184523755919 -0.154207948213894 0.250792247270125
-0.0887364904617127 0.282288921579075 -0.123733122206485 0.263018201593101
-0.133361960854394 0.301945044408802 -0.090024089991842 0.218134197168015
-0.232985202246188 0.289810034252194 -0.038245332814826 0.153771541780706
-0.355405006714453 0.172009832567711 0.00236066114665466 0.1403564804368
-0.379331944373394 -0.0582424201987763 0.062698266495641 0.18800549120556
-0.245988953139185 -0.218052729428252 0.0336774485933806 0.257771250831958
-0.167873702583713 -0.253900414166534 -0.0765695284349824 0.332345234744464
-0.0962232171039379 -0.289385276866461 -0.101291344898374 0.328809448005829
-0.0355614065522859 -0.0596406065361623 0.078863334624321 0.307630168211456
0.0136738127228187 -0.0173843349360422 0.105385455690387 -0.0600502924344736
0.0125688849062405 -0.0545955994830534 -0.0896100998693931 -0.0794340205274319
-0.0714795177788808 -0.0326938048466745 -0.157629727300619 -0.00675097671494205
-0.0856918931793558 0.0476044503684197 -0.169800782781146 0.11100252846826
-0.0476577143722339 0.102404460607518 -0.168260356739176 0.208875742857778
-0.0165450274378338 0.14072678809827 -0.154848127122435 0.322933177168067
-0.0293198450339966 0.16731810120875 -0.146469811812234 0.347763630132293
-0.0731816590678738 0.181711909048011 -0.144747154311019 0.307303611863651
-0.153744069184722 0.160966198809259 -0.121141864101871 0.227198886951477
-0.224169602183244 0.0625826479532703 -0.0935414894012061 0.180212363971878
-0.199464700766441 -0.0890264204835339 -0.0303711773221339 0.185792683772818
-0.0771785192574041 -0.136072729893135 -0.0108935930841451 0.265321135168184
-0.0823991254497695 -0.108470839842251 -0.120647937761959 0.363376355480202
-0.0795683482087426 -0.134038278279446 -0.129790940989721 0.403409149034839
0.0674630517062027 -0.053925137672365 0.102473846906596 -0.409506603943491
-0.00681839063186098 -0.0717238637925236 0.156886385321232 -0.394630335782781
-0.0483764506107553 -0.0183947050759315 0.00950834933525001 -0.305360255184475
-0.00474441062673608 0.0275033237845895 0.0333356003723487 -0.135179791640389
0.017014234876717 -0.00343453361035688 0.125405243923947 -0.136990405888947
0.00141379771969125 -0.0313460613112036 0.171403925795937 -0.220843348197152
-0.0261301880368225 -0.0396430593580776 0.172665098983294 -0.313968250546395
-0.0372403547748133 -0.0255696299480898 0.16212471918454 -0.368587486768604
-0.0423068586157189 -0.0262891039684123 0.143882473236586 -0.345390116136239
-0.0251734231302436 -0.0288413469414705 0.149707731127373 -0.251803293954481
0.0151275396228001 -0.0269353345440479 0.155583510218166 -0.145695425489079
0.0300260668205697 0.00795832038237859 0.155183797998171 -0.0184926721569635
-0.0376226176970293 0.0258011465568909 0.0909431557059345 0.05414341995868
-0.0362159909047926 -0.0427933279370273 0.00250548930570981 0.0718952224402639
0.0283839690049166 -0.0851738956240922 -0.0312914258296607 -0.208974664937224
0.0718145761597012 -0.235092850934534 0.111496500186406 -0.326372278902928
-0.0359577282697357 -0.254139103004573 0.246694399185998 -0.3577584136276
-0.130450635829671 -0.203643727329926 0.0480929042320696 -0.316538359871191
-0.180632383646978 -0.0865872049212125 0.0343696353436527 -0.131599804749417
-0.187835479074438 0.00332323650850289 0.122412520456899 -0.104068278146495
-0.155449965236903 0.0713525555380247 0.177106219610699 -0.196403204178515
-0.122692210652446 0.104462515510949 0.156216111825781 -0.294048369758171
-0.0980025985052592 0.119406313553636 0.133192615177797 -0.343486326743676
-0.0935747271873561 0.0919856562522768 0.114542662805456 -0.339574289021292
-0.0848045448904442 0.071543007413676 0.132185271445316 -0.269842976496365
-0.0625437783238452 0.0362783556086103 0.159263705792355 -0.16882012938272
-0.0452630793619044 0.00599915164150237 0.174717136518454 -0.0213539174000327
-0.0748941584603879 -0.0175944501873555 0.0944993361857139 0.0604936009837165
-0.0578928386697508 -0.110934073722969 -0.00205097505248247 0.0681501051500418
0.0148439715292288 -0.185289171106769 -0.0484056397342685 -0.182769063976743
0.0711872018796201 -0.375922541755973 0.11084929007831 -0.177623570584798
-0.0483386531504779 -0.390785010009124 0.322461306329356 -0.278354109446622
-0.171318490995304 -0.356102866454828 0.070829630606496 -0.324808762443978
-0.314148337288501 -0.200884506132085 -0.00780065458605412 -0.146843755447964
-0.359105922997057 -0.00405856436269537 0.0546503654408997 -0.0720689532351648
-0.288853112887795 0.1537781250362 0.116354743028109 -0.141636366007771
-0.200414699115608 0.225010036624883 0.0978190446890149 -0.221692514220715
-0.144537969103248 0.247014076184253 0.0856520694642042 -0.267646685249318
-0.129596399781226 0.210609344293363 0.0836966019221426 -0.291687254297506
-0.137465828847674 0.189018692182458 0.120667548054906 -0.264291018577111
-0.154205192979932 0.13123676954428 0.170877475494414 -0.180985852452375
-0.163134043620754 0.0300196898338954 0.206940699130069 -0.0148646279046634
-0.163811016938444 -0.0647233276753434 0.101308009323914 0.0871061113721653
-0.112300523458419 -0.192254223818655 -0.0224932718720835 0.0882828408935587
-0.0153267442273183 -0.279774106552673 -0.0694384286878323 -0.130700141958558
0.0568775559720496 -0.438806663354016 0.104100122423088 0.00217540286041532
-0.0519877077043319 -0.433833228732217 0.360820548841867 -0.183360996918819
-0.173329762980589 -0.412017945696998 0.0655529781464344 -0.311258634900999
-0.371141888312719 -0.251016059675822 -0.0758276394361514 -0.157582987128538
-0.442858829708801 0.00503571510673255 -0.0505148877494946 -0.0371919693270466
-0.354515846576839 0.212581588778283 0.0122671236855711 -0.0649896683503507
-0.236904919867492 0.303196301630286 0.0122459786553507 -0.108889649936006
-0.168472905662775 0.338485952845948 0.0273015051013155 -0.147843309717233
-0.154337191165051 0.313029116744617 0.0509641224285118 -0.196742465644021
-0.186271196232216 0.305928797636767 0.109650159995786 -0.211750691441135
-0.256882791368151 0.236128952328892 0.175666583254237 -0.153849686657353
-0.308652993617251 0.0666137174054255 0.231592842755436 0.0121367568629706
-0.285844231742711 -0.11508202004233 0.10766823984239 0.129897074857238
-0.184659671026588 -0.27372545176874 -0.0395757665935118 0.137420012643211
-0.0527521812425117 -0.360512352803161 -0.0841464346154375 -0.0417507555622032
0.0301624520580167 -0.411109098970328 0.0957521394025085 0.163300471725532
-0.0439163832645449 -0.367175916093568 0.342021140366568 -0.107288578095482
-0.133143232180761 -0.354719744236206 0.024631626444259 -0.263124567102698
-0.337394622399365 -0.221768215735344 -0.138120305382787 -0.138396568564804
-0.415927248032781 0.0340839850689299 -0.143905707494281 0.00446170703962948
-0.329389390245694 0.236383168423732 -0.0925041517884216 0.0218327846267994
-0.222590571130456 0.327737443246167 -0.0727925816538376 0.023260785262721
-0.167227070758352 0.376741688326319 -0.0339994903137819 -0.00339826062770905
-0.169014583925957 0.375741991779116 0.0129763546141857 -0.0624620856063798
-0.230951086573119 0.382655737996719 0.0858339772454977 -0.106017806134169
-0.351907516375066 0.298974261860089 0.157006201505218 -0.0707286192899753
-0.436910910325967 0.0741930898289465 0.223729638998943 0.0722111078199945
-0.378357597005294 -0.173956048217286 0.103522700259571 0.183334555691614
-0.238050912170701 -0.332596186937401 -0.0468122733741802 0.207757932699445
-0.0819351942668679 -0.40470005032751 -0.0907165255191104 0.0803403785333909
-0.00173505067167279 -0.311074817816077 0.0879938114925868 0.268189849550757
-0.0226196324607702 -0.234850659196236 0.272360296853233 -0.0706287636410527
-0.0686933792779477 -0.235178039662834 -0.0303463062818817 -0.19196099977871
-0.239932962758708 -0.14582481131947 -0.17044287498792 -0.0886149098393128
-0.306494997121814 0.0592698424695157 -0.189538258736548 0.0484143216312761
-0.242116669681167 0.220430877625403 -0.158495396283898 0.10303601567845
-0.165160378392363 0.301097913138696 -0.13291513170661 0.151130909206742
-0.139668857943785 0.358578598108855 -0.0885350533919413 0.143393957389899
-0.164821735068031 0.375082289976655 -0.0358252924123633 0.0873392949333201
-0.258178249114632 0.381245244422567 0.0359514656249165 0.0313420235825747
-0.401241038381102 0.276631664212515 0.0989732575985633 0.0456220600949594
-0.479323109418823 0.0204437931954941 0.164129684081162 0.1447623144202
-0.373133649216982 -0.228155578777663 0.0776964335433289 0.231965210899207
-0.229492269323308 -0.337493196852904 -0.0560790838962122 0.280828843713574
-0.0949872346384238 -0.386940261689369 -0.0965922934934436 0.218124836352335
-0.0230820734968047 -0.182549570429153 0.0808789718675562 0.311856242134149
0.00246490413811146 -0.108354981181235 0.176927832292914 -0.0607151710433131
-0.013746078243114 -0.126611379456684 -0.0742555589731331 -0.120772282425413
-0.141728822005611 -0.0749709742488295 -0.170180467543264 -0.0369914978370131
-0.183374778542891 0.0655773502308165 -0.186591099875916 0.0857646611777402
-0.13604524479497 0.170878174143468 -0.177907769415002 0.165823021191497
-0.0886026847090773 0.233387217699214 -0.159555648700535 0.256699937366616
-0.0909866199595202 0.284098466150524 -0.129209890251693 0.268467428672882
-0.136089447371647 0.305952560399515 -0.0950528857063151 0.223095267705261
-0.239066542172272 0.297648712144229 -0.0421168872125113 0.155955215973198
-0.364726768606407 0.176691967517621 0.00188296615546286 0.143783159643062
-0.393474332128396 -0.0597294217520589 0.0627968732179802 0.190698773992792
-0.252690602489336 -0.235385923902911 0.0326751793977467 0.259312994881195
-0.160563552833868 -0.266013944593434 -0.0796016868851486 0.33843216741387
-0.0862761232557297 -0.293314982832441 -0.11316483489319 0.340040396253643
-0.0314858522318385 -0.0565774078572079 0.0760675642549543 0.310276538516781
0.0198521833013897 -0.0218885433822976 0.097031294809881 -0.0578103698770832
0.0114351097759214 -0.0606578547369701 -0.0931250207224634 -0.0737961509525318
-0.0750282482591538 -0.0294685444252957 -0.159228474053922 -0.00417259943731691
-0.0848639123152747 0.0511546398077569 -0.169684071835988 0.112779422000612
-0.0457472508451798 0.104225868393598 -0.171186575733799 0.21085921036806
-0.0149019155441558 0.140216741499877 -0.160123639300764 0.328575095686288
-0.029124647525665 0.166340547690893 -0.151633944928641 0.355083960243984
-0.0733808425877951 0.183458032549957 -0.150784981809783 0.313101821758594
-0.1551045862669 0.165195654632098 -0.126520200459506 0.230510927624587
-0.229186463835951 0.0661029139018299 -0.0969730968080906 0.18473092554546
-0.208512452479563 -0.0909253741321565 -0.0331078144039415 0.189550521491673
-0.0796197381320591 -0.148902183983806 -0.0141173972851508 0.266717102390917
-0.0759235518135609 -0.113060587523676 -0.123399454038568 0.371654408943891
-0.073035016092369 -0.13214719092419 -0.142862045279934 0.41598540163053
0.0660760598430933 -0.0616109968317922 0.10292018779639 -0.430984503828284
-0.0140401429739137 -0.0710539061378312 0.144262897678873 -0.420180968987358
-0.0498194543387143 -0.01265816211881 -0.000433782974503344 -0.309031013763505
-0.000959283894582554 0.0265091228297677 0.0337511176734447 -0.141028464055374
0.0165916153216726 -0.00720629483386799 0.123822926072967 -0.144673426734118
-0.00281955526645095 -0.0331693433738548 0.169105242003033 -0.229179798013456
-0.031561873823471 -0.0375798835282528 0.170655923435428 -0.324916536214946
-0.0405045958419551 -0.0218576710990651 0.155929141427598 -0.38421062137962
-0.0468939188699275 -0.020973091201002 0.136756663069575 -0.360066058197043
-0.0303395297024406 -0.0271099613819039 0.143341237215545 -0.262915480549352
0.0113442092138556 -0.030702900114185 0.152263112384809 -0.155784730628391
0.0324046790817158 0.00220793661581131 0.157242647025202 -0.0281400168732271
-0.0323933621748392 0.0304259933010768 0.0969514115980055 0.0483438866119894
-0.040627995965167 -0.0398055922873068 0.0145312861844516 0.0693167760247543
0.0212253352336783 -0.0916411969552075 -0.0333420780197699 -0.2143120613685
0.0671951784814797 -0.247158648120679 0.114716605228728 -0.344579511097618
-0.0448062372940811 -0.259858901589782 0.235057587747707 -0.386511308091319
-0.139331948100471 -0.204047749398212 0.0369362190291036 -0.320113642076194
-0.186968107646923 -0.0854777096952389 0.0357110683034172 -0.137442197080077
-0.194243938600764 0.00614917679891387 0.121991191695135 -0.11156703522038
-0.161692785899473 0.0772527098311758 0.173821211886092 -0.205980502119413
-0.125693950798662 0.112769348319758 0.1521989041663 -0.302259780500651
-0.0993755054036497 0.12876169632941 0.1281535470495 -0.357851034033213
-0.096041282942933 0.101752147175687 0.105708289348752 -0.351027401429006
-0.0873778079571891 0.0778586221844496 0.123506773824547 -0.280694109429393
-0.0655509909670909 0.0369127005319405 0.153913739252312 -0.178822117852637
-0.0452464074404439 0.00244611207143938 0.177633180879294 -0.0331407727527956
-0.0722606688022555 -0.0164270227078882 0.100211202915914 0.0536592291563296
-0.0623864407300801 -0.110922833712717 0.00747571397326704 0.0650927248815803
0.00784949465103493 -0.193745336340235 -0.0506581712573416 -0.186963092908347
0.0652589367912057 -0.389219819979264 0.117099064762886 -0.190193097294052
-0.0575244554483566 -0.402100675966346 0.312415342207177 -0.308320822574694
-0.184825478923692 -0.362555448640756 0.0601213773672922 -0.328229703121398
-0.328097135964762 -0.198469785295545 -0.00797934974879101 -0.15053594515602
-0.372200979461518 0.00417027694819527 0.0535627989397036 -0.0768646823741077
-0.295943336725861 0.16526155946104 0.112042381198987 -0.147997343221526
-0.202178769952505 0.238737830899316 0.0915026595689569 -0.225871030618096
-0.142809573182649 0.260353215161538 0.0799827799074442 -0.276622424205176
-0.129118923017255 0.224307521869112 0.0746817068797739 -0.300988903247244
-0.136761844640272 0.200550902758323 0.111214927280966 -0.275659405638595
-0.156040798778336 0.138151514562016 0.166799363590794 -0.192276263328622
-0.165716044661239 0.0325371424452288 0.211089201068607 -0.0280289789999615
-0.166492429540129 -0.0638103768592381 0.107476338922169 0.0806726993857221
-0.118319581826479 -0.195883454887358 -0.0153942312054995 0.0864758022101269
-0.0220404994038778 -0.289782513893877 -0.0734463810338796 -0.130960324930439
0.0520236573148824 -0.448786081715323 0.112646803049297 -0.00546058227774157
-0.0600307915886377 -0.44499594780317 0.352847640136986 -0.210283363118658
-0.189024002467287 -0.425634918459674 0.0541143920871188 -0.312491543639599
-0.391754255550807 -0.249512386394669 -0.0788959796948202 -0.159933652203241
-0.457469598949642 0.0180899595165009 -0.0538489828012899 -0.0394415859949343
-0.358775785201708 0.228327214169678 0.00646741384522334 -0.0665278137181597
-0.235812122512342 0.318391385576133 0.00590550155776881 -0.10795531953555
-0.1642287173751 0.354198559668065 0.0231957872606341 -0.150819776410752
-0.15129389694445 0.328781484574702 0.0444018428038692 -0.202208084103876
-0.182793055243107 0.3221152922581 0.101315658903967 -0.221144599738034
-0.257284448811605 0.250408508269426 0.173163073328635 -0.165104191743702
-0.316387964409891 0.0772993621957961 0.237828726246024 -0.000401020821208654
-0.29738713689242 -0.116020477506926 0.114470152584802 0.125379199538292
-0.194331078377398 -0.280400500221548 -0.0325886760740816 0.137581698027064
-0.0594135628315837 -0.371499032432791 -0.0885188117949005 -0.0375373515964281
0.026267635514699 -0.415994905344277 0.105613264581139 0.160417811395769
-0.0467959844516082 -0.376251302338604 0.334045589599237 -0.128995116099152
-0.144534384866381 -0.369255127589274 0.0136817594713244 -0.260210779580976
-0.356349874094056 -0.219510839549386 -0.142836998029646 -0.136592858944172
-0.426581516580875 0.048596230775368 -0.148059153307866 0.00527597059825985
-0.331259657295738 0.253000742816903 -0.0978369542533541 0.026015045559218
-0.217832304787437 0.34285585038931 -0.0773673575310546 0.0300922126135383
-0.16187246322381 0.392522352499934 -0.0360739587248062 -0.000114289012093334
-0.162572446090898 0.391494918103472 0.00994850448334588 -0.0632402917855355
-0.226076484575515 0.402287379306827 0.0809291282102289 -0.11276485494519
-0.352134333618933 0.320512013278378 0.15760866638932 -0.0797116271084371
-0.450245330197944 0.0897956223358286 0.232068434065684 0.0618815616911223
-0.397177759847008 -0.175720153662733 0.110774233944104 0.180591783754474
-0.247418877509813 -0.342684979535934 -0.040466218441324 0.211719532094385
-0.088075898807366 -0.416380965752818 -0.0937777350969278 0.0898548260839439
-0.00315365071797569 -0.311498744086055 0.0981771984272059 0.268736681978763
-0.0208584860888198 -0.242867755929645 0.263557435214744 -0.084408022318938
-0.0751824849516948 -0.247769465215266 -0.0395775435079944 -0.186246550483116
-0.254008101633499 -0.142189745245804 -0.173935927041795 -0.0843646139764512
-0.311326225720443 0.0734949832634884 -0.192279709535224 0.0532648135325802
-0.240116523830455 0.232851013878688 -0.161979739869356 0.110755896640828
-0.158620448717137 0.312538620977598 -0.134469197804001 0.161942938646956
-0.13362532579367 0.37151971747495 -0.0874659410293198 0.15204847340585
-0.157756415110638 0.392293465406154 -0.0366095357788389 0.0927798146262678
-0.251818340338053 0.402411502944542 0.03476948384656 0.030216856334949
-0.404359774850885 0.299687748219958 0.102464596327696 0.0424539621260782
-0.497212243302996 0.0372917921937923 0.173505207594842 0.140870489798456
-0.393666702949167 -0.232339727087305 0.0851703499425055 0.232066414733492
-0.23903782686512 -0.348641942463021 -0.0490507954759724 0.28885882007349
-0.0989568216152044 -0.397167176829356 -0.0994054714584653 0.232774304226144
-0.0224704994330319 -0.179536980196496 0.0907118675501044 0.312934525403196
0.00731148055420908 -0.115140838048949 0.168391528052431 -0.0676335370834259
-0.018291864172039 -0.136964455999462 -0.0815587139933533 -0.112775366659151
-0.15033252627018 -0.0694896256664645 -0.172520302950659 -0.029181081157418
-0.183402993244857 0.0759678988867022 -0.186878197196015 0.0923997277528514
-0.131659258110723 0.177883593911563 -0.177554084643979 0.174744964789017
-0.0824063939524761 0.239666555152442 -0.156312273854942 0.268836321216923
-0.0854137379943089 0.291520374675617 -0.125255245550675 0.282498049078195
-0.129796364815018 0.317989119001979 -0.0933166401565123 0.233680505421984
-0.235091826010951 0.315331893630769 -0.0405875310906655 0.161641278411993
-0.369946844351066 0.196274193781335 0.00678549797642196 0.147258718770477
-0.412459571248969 -0.0470950794830995 0.0715096047884379 0.193248087251769
-0.270561484208314 -0.244723317404483 0.0398418401220198 0.2615525606295
-0.164519457222683 -0.274638936439553 -0.0722429926148864 0.351223145273019
-0.088267255702747 -0.297078559834271 -0.112563247002385 0.359946527220203
-0.0287072456014791 -0.0523123562345141 0.0850152063132479 0.31311932855045
0.0249679727287111 -0.0285679574965403 0.0872258947252701 -0.0587265935863315
0.00687884441927505 -0.0679846225836258 -0.0988006315706365 -0.0644065530443593
-0.0799026523466049 -0.0236308204632504 -0.160704670054441 0.00478570098543239
-0.082935664769385 0.0582696584584899 -0.166991691845662 0.120359922103058
-0.0400655197459017 0.107058622147761 -0.166681475593416 0.222227859909368
-0.00860529286453438 0.1410321944838 -0.152099242813613 0.341665788426298
-0.0235200726551274 0.167612170189062 -0.146334521178084 0.371636523975309
-0.0679641778287831 0.189054720663614 -0.147876924579576 0.328534311802295
-0.151259332956345 0.175467508618457 -0.125306065120877 0.241972328812055
-0.2324182006226 0.0788180210705009 -0.0941333708330086 0.193770033564
-0.222620409402677 -0.0853323158932582 -0.0294700456434312 0.196512823347074
-0.0894554029469369 -0.160684170600403 -0.00736061451029025 0.270919584066264
-0.0728470276383532 -0.116683170986089 -0.115531350772488 0.388801152279186
-0.0719342297915044 -0.129508193389314 -0.141091312603315 0.439991088332844
0.059927579056125 -0.0701032298640801 0.0893851864876382 -0.445536669607454
-0.0215194054397768 -0.0674521099031022 0.114448220766707 -0.437248459022398
-0.0489352897312206 -0.00543299932060512 -0.0175797948835795 -0.304741595519106
0.0033373251848404 0.0251085569903909 0.0293267661877097 -0.144493213250346
0.0154082540434574 -0.0117059576739985 0.114795536705671 -0.151250299560168
-0.00774030800112542 -0.0328985198122847 0.155840373241612 -0.235752206749818
-0.0362189700708762 -0.0334354655859063 0.156960554514046 -0.332652209437766
-0.0431186566562919 -0.0161180166506643 0.137860416643129 -0.394952234159798
-0.0489412359217019 -0.0144935557442729 0.116760477032045 -0.367356591318143
-0.0345044040152248 -0.022819495763174 0.126158437051435 -0.271421416165357
0.00553445124867978 -0.0338133619181649 0.140581544535571 -0.16424831202364
0.0336175484688426 -0.00450731509131271 0.152280346584274 -0.0413140186273937
-0.0250989327509181 0.0337477199281248 0.100446250336803 0.0381883906382631
-0.0442013324303997 -0.0348996275606655 0.0277877555155589 0.0637725796263798
0.0107992516605872 -0.0955186137962802 -0.0399571650581802 -0.213741123955478
0.0558013447368461 -0.254628852590782 0.104673543801656 -0.358298448353368
-0.0589355874179132 -0.258552513525033 0.204950545259216 -0.409491516228536
-0.149018401274532 -0.196598943219762 0.0185110076262938 -0.317519696777633
-0.190520449349906 -0.07721669905044 0.0322435109592426 -0.140783649100144
-0.196349793091582 0.013240531709656 0.115053283243526 -0.120803954974288
-0.161854757545532 0.0859142473122521 0.161263706212335 -0.212687103887092
-0.12349863059458 0.122570798785725 0.138097375082536 -0.306487212035053
-0.0945605623067914 0.13760532184008 0.109938151880402 -0.3655127447901
-0.0917885424892852 0.11178704332912 0.0858309599964508 -0.356340219485381
-0.0847601747058875 0.0851258562335609 0.104932473472293 -0.287793543041041
-0.0663560968678492 0.0391760566492669 0.140440116078252 -0.18903125225847
-0.0449583030044089 0.000389962687744196 0.172472307654922 -0.0476503454296502
-0.068989057773582 -0.0134142880741763 0.104762907918962 0.0439502093405089
-0.0678141133872111 -0.108027843191439 0.0178301306770026 0.0595472640299423
-0.00418145569210308 -0.19670216350164 -0.0579376092802437 -0.184594223746376
0.0503949429764375 -0.393345743507963 0.113665283392207 -0.20234671718987
-0.0738698982526527 -0.401344386436279 0.284516705609512 -0.336255374475432
-0.202681920509584 -0.358201681495556 0.0395673605157052 -0.324838968225908
-0.340965196487376 -0.183467421271763 -0.0125543443725153 -0.151292426449301
-0.374637811992849 0.0224980089790465 0.0479130054379757 -0.0830183930989468
-0.291348115854101 0.182226345668195 0.101102324395954 -0.152487273614751
-0.192300122098086 0.2512744204642 0.0778602287480884 -0.225712983624734
-0.130786581173576 0.27088021058851 0.0665456752591311 -0.279937418502384
-0.118483500463699 0.234971784025368 0.0568555312958848 -0.303494965192696
-0.126437428545702 0.210687082693832 0.0919425142459907 -0.281827780953628
-0.149807876431115 0.146253830931206 0.152931767984119 -0.203337891031446
-0.165245828151781 0.0389658640275586 0.207248437338865 -0.0460114284223078
-0.168137234289156 -0.0593622646392485 0.111771547768151 0.0695122586461869
-0.126247559287951 -0.191956507650408 -0.00650527550095979 0.0816939664903249
-0.0350734087281307 -0.292021032151262 -0.0790581585225973 -0.12592932127231
0.0346210168366536 -0.450150503997551 0.117513727019643 -0.0154117239952943
-0.0756634504458484 -0.444810556482141 0.328758801209142 -0.237745102460842
-0.209583160826326 -0.422922029742856 0.0339326414199583 -0.306410350794372
-0.408636434206966 -0.232416908045665 -0.0833900525186636 -0.155810514516685
-0.459415627444017 0.041798654411274 -0.0577959794186435 -0.0396975113169901
-0.350544830882038 0.246736000767951 -0.000871172023302087 -0.0650051032639585
-0.221579117218905 0.333498206568047 -0.00182684105262909 -0.102991214685301
-0.147228083347905 0.364706843566997 0.0146445330413659 -0.150517184264257
-0.135346571576375 0.339914715342729 0.0315284230292323 -0.202489148825113
-0.163978882111555 0.334429923174823 0.0846543026302201 -0.227130358324399
-0.244717800547764 0.266064819332738 0.161745414201813 -0.176732465425747
-0.314111658140872 0.0934919577722094 0.236386922876765 -0.0198882994685381
-0.304600573832587 -0.105466948042481 0.12093379726309 0.11381252562886
-0.206379907154135 -0.276012875802806 -0.0228675371808737 0.135568905659178
-0.0723598565581629 -0.372558851864021 -0.0916737836110936 -0.0299542630293945
0.011728910567796 -0.413046930296179 0.117028227677726 0.151439206326433
-0.0564252573984169 -0.377452034111444 0.312394711656993 -0.152528996274295
-0.1623824511965 -0.371080889931897 -0.00234441328138711 -0.251441585381776
-0.371934511756925 -0.203123534451007 -0.146820962465666 -0.127865866620668
-0.425076394147228 0.0731730932186543 -0.149776226201582 0.0105948506606452
-0.318615006635848 0.2700284525351 -0.10094901036495 0.0319965815922161
-0.200603215287664 0.354253383003411 -0.0782596407837087 0.0389910134591497
-0.141625644180676 0.402013457794173 -0.0366548217487829 0.00455696594925624
-0.142584269507717 0.402526243856007 0.00451692563013499 -0.0612475036103481
-0.201614156747771 0.416637732942757 0.0704358251930141 -0.118022296225641
-0.337474035121408 0.343551316833529 0.152855778344313 -0.0903666403153541
-0.448853214552646 0.117027764867187 0.235209281145693 0.0435039289042985
-0.412094177855589 -0.163277327049374 0.119851161895808 0.170436892740113
-0.262657352236717 -0.338616499984418 -0.0284150924074659 0.212023240211343
-0.102029384688171 -0.415580311606988 -0.0932754407004598 0.100603507871855
-0.0112596774136716 -0.304339297464069 0.112922456930755 0.259817222248134
-0.0248540626908224 -0.244765002815036 0.243787990706365 -0.10063543956349
-0.088122889782293 -0.252699946207874 -0.0507520053007476 -0.174125107796195
-0.264574156709916 -0.128223273158848 -0.175626359067661 -0.0735257937774984
-0.306899479242733 0.0920904603135365 -0.189810487502472 0.0624192541626145
-0.22506583506244 0.244401121675481 -0.159836275132727 0.11980038925098
-0.140623620632692 0.319490420487032 -0.127426845401305 0.172294733533351
-0.113104034208358 0.377123999700836 -0.0801765216789546 0.159375848930906
-0.136742902319701 0.399661407725246 -0.0332196687826882 0.0970187358485581
-0.22960191816862 0.418587593458623 0.0334503370472505 0.0273285203704726
-0.388812941813886 0.326828427589894 0.104654423528573 0.0351529770142348
-0.500500315579562 0.0687574433197859 0.182168977026105 0.128011234987958
-0.412752516053103 -0.223619771098158 0.0961853145863892 0.224679208706424
-0.252951309519754 -0.343996485377255 -0.0324205994787997 0.291467873166023
-0.110486036008262 -0.392372435247039 -0.0914535238883236 0.244320448541536
-0.0245000693871336 -0.171496231682109 0.105558209425898 0.304504100115467
0.00795095449819647 -0.120656239577228 0.151961956389022 -0.075219263395537
-0.0272620664649585 -0.14288110118718 -0.0880432955718301 -0.0991463813329734
-0.156227055883347 -0.0582014114326168 -0.170068424695309 -0.0168766682777804
-0.176243589137175 0.0891711010368234 -0.180563271401697 0.101507942737348
-0.118368806055875 0.183968381629349 -0.169389741875794 0.184624903283189
-0.0666010736071954 0.240557109233095 -0.142269054304529 0.278610636996397
-0.0693653284228892 0.293956335721385 -0.110833876578196 0.291708582050912
-0.112679182796539 0.323453825982108 -0.0829917305346638 0.240710522465164
-0.215499960640573 0.329797859923118 -0.035324558576262 0.163592620904071
-0.358898049824373 0.220649404504033 0.0155521905497487 0.146653165120306
-0.421022003372881 -0.02129287251653 0.0822855908937678 0.188946884280845
-0.290375778166831 -0.24134675515069 0.052188983187398 0.256248272163214
-0.172099239191552 -0.273576286025056 -0.052595862123629 0.357352183096048
-0.0942359298388827 -0.292039607761972 -0.100142761180378 0.373840385466551
-0.0257150012144815 -0.0461567582091124 0.0992966228649157 0.305700176500684
0.027015215762292 -0.0357246871173693 0.0751526878834683 -0.0587546413676033
-0.000516437909667328 -0.0724872339099163 -0.102189620649152 -0.0513156067356741
-0.0821961618812096 -0.0147983968063041 -0.157790293422336 0.0174861177157841
-0.0763257971178701 0.0662133492424655 -0.157781541333426 0.128850980413227
-0.030755148234864 0.107755263151127 -0.153075195194621 0.229968997881455
0.00210770112957158 0.13694499967103 -0.131957816387198 0.349311898838625
-0.0139693133201684 0.166119092070712 -0.126558051683424 0.381935102288779
-0.0568070219321465 0.190367576327113 -0.132975739436735 0.338080802874159
-0.139416320219282 0.185130453712673 -0.113246424755328 0.248840602232736
-0.227810197363784 0.0952689524730176 -0.0832508819470724 0.200209923266222
-0.233153644745711 -0.0709572071469144 -0.019795819951822 0.198362380283318
-0.102086255579989 -0.165074253579102 0.00541184313452598 0.267306990559637
-0.0705602207349069 -0.116714667912387 -0.0946401162466108 0.398828936536388
-0.0706936169750423 -0.12214063749267 -0.123740989131382 0.455332917621296
0.0510591733836807 -0.0748500044097602 0.0758071633253333 -0.440839817209031
-0.0270439401894493 -0.0619640410986108 0.082751914324198 -0.435326604952738
-0.0458064612485086 0.00120328343443347 -0.0319809811077754 -0.29004083232985
0.00728502197776861 0.0225264441325179 0.0249396296684874 -0.141978369248043
0.0125554127539854 -0.0153146659555526 0.104177507413443 -0.150912305727615
-0.0122038290772199 -0.0309212637880647 0.140979223743855 -0.231972822943712
-0.0390147360697729 -0.0275093364588965 0.140270681073348 -0.325891430021768
-0.0432637235067074 -0.0105448447282936 0.116884527145592 -0.390218980793791
-0.0485295423641033 -0.00720595641554435 0.0961776416638173 -0.360070281748565
-0.0369078376136143 -0.0182364204509712 0.106432982414968 -0.267686187418367
-6.17838476386183E-05 -0.0346064579928116 0.125250980509704 -0.164778339977676
0.0318725394503567 -0.0112608069040636 0.142198513752044 -0.050700894304157
-0.0166631447300845 0.035774822403382 0.0996537576884061 0.027854368649463
-0.0462864747412543 -0.0287430378512864 0.0378573766667438 0.0531638540429374
0.000744025062656349 -0.0941181168324411 -0.0437692593393384 -0.205716232962196
0.0439030261014167 -0.252163346892755 0.0935614043928394 -0.357318090483931
-0.0688281260125751 -0.247579951004459 0.169620805039527 -0.413344411568486
-0.151010071030292 -0.182637827347143 0.00196369120430488 -0.301974995907052
-0.186697656785784 -0.0684869269630878 0.0292854682009681 -0.138556161319498
-0.191542528627729 0.0191414705969281 0.104402337255879 -0.122161189410637
-0.156579072252558 0.0906730644910276 0.144606663955483 -0.210242209842121
-0.116499461471351 0.126499815810132 0.121464893464591 -0.299308993382224
-0.0861366927671079 0.14022410485948 0.0906735899677255 -0.358798640525486
-0.0851818093139987 0.116054652832142 0.0648294900786767 -0.347057267140753
-0.0801665174660645 0.0874237266314088 0.0836166480650087 -0.282173242257913
-0.065764333225313 0.0394485557011175 0.123700042478145 -0.189024872342807
-0.0430540834322565 -0.00211022823095769 0.161160847644024 -0.0588395047539882
-0.062506685554822 -0.0111730004894247 0.102666167069901 0.0330235645571579
-0.0698254619502529 -0.0998669432609678 0.0252086725608403 0.0492136146788156
-0.0146400788467799 -0.190913594406341 -0.0599331210945927 -0.175084781952625
0.0356638418148304 -0.384845862892903 0.107288114589193 -0.205740796118894
-0.0862159265264462 -0.385567191253142 0.247447388808283 -0.346304583985042
-0.209876350820028 -0.341208510089161 0.0216102900442479 -0.307600323280745
-0.338355006757637 -0.165327551263318 -0.0150790149887913 -0.146473798064659
-0.363514780958972 0.036431432442546 0.0404152764203801 -0.0834823450041424
-0.276679367486567 0.189059237977831 0.0874635073398621 -0.149413183544792
-0.177463693635078 0.253187861018187 0.0657127463496126 -0.217458083920637
-0.115496931233146 0.270502388278919 0.0510894860400606 -0.272942940825022
-0.104919909927099 0.236779355836921 0.0392811464509565 -0.293927492540736
-0.113550865105365 0.210024516812242 0.0708368464528727 -0.275741283553629
-0.139926216171334 0.147848602941709 0.133979879640209 -0.204636884097694
-0.157608452960579 0.041786412371243 0.194970491014059 -0.0591760752781813
-0.16292051437661 -0.0535838061970076 0.110585143854638 0.0577130225231367
-0.129534935221382 -0.182066041316448 0.000993777217489589 0.0738530190917665
-0.0450080805872101 -0.283087445373234 -0.0807537317479034 -0.115426167635285
0.0206378596484786 -0.434082330680625 0.117050237549204 -0.0246089728544048
-0.0857054879304641 -0.429164386383797 0.292037494969334 -0.251916758257622
-0.21779499790121 -0.405956101199439 0.0163458399219842 -0.288712236211846
-0.407581980126922 -0.208481524043701 -0.0835642572323584 -0.146843826252286
-0.444443326319954 0.0611890534170733 -0.0597485712667655 -0.0379015954615866
-0.329288517095597 0.253584923287547 -0.00793448726788724 -0.0616172936472948
-0.200608465046109 0.331709905811093 -0.00855832759972047 -0.0939765966751743
-0.127870320992877 0.360514503111975 0.00711281858908936 -0.144261040315856
-0.115987133436792 0.337872192700768 0.0205952153681574 -0.194779618420375
-0.143184800377194 0.331867274098754 0.0662596387658812 -0.223891291162512
-0.224304106477076 0.269180876463884 0.144819701768523 -0.180420330005923
-0.299994738098517 0.10471436487275 0.224904828493684 -0.0357489213733629
-0.299897279503063 -0.0942636340258069 0.120327341514346 0.100359203910623
-0.209577410535767 -0.262972723433313 -0.0144624405434518 0.128469497458969
-0.0818562311734913 -0.359112106513238 -0.089947292675486 -0.0205871745722994
0.00204828844961336 -0.394695109559659 0.121949326494215 0.136716663208731
-0.0630324890084087 -0.364715531074367 0.280355362981239 -0.165392343447484
-0.172231576611748 -0.359679783224733 -0.0146244840618851 -0.233015564800895
-0.372610110842983 -0.179524524548682 -0.144112869256354 -0.116181283039824
-0.407636897615247 0.0898112459844217 -0.14563508531937 0.0156779109902704
-0.295601889042592 0.273653816381849 -0.0999456649702569 0.037043227786112
-0.177718824851508 0.350488466789771 -0.0763022320290454 0.0456820275263119
-0.120549729973298 0.395951012718868 -0.0360600692352987 0.00830650137884383
-0.121316581817223 0.396857878186441 0.00019741288593833 -0.0566828222686893
-0.17600427839131 0.413724100984442 0.0582167570350999 -0.117697198368557
-0.310527240107755 0.349013584897249 0.141272362596697 -0.0966425060340317
-0.430160757331272 0.135640062890832 0.228022592491354 0.0257342031093336
-0.408495730630089 -0.14697831544925 0.121330197794551 0.156331690590616
-0.264148659561537 -0.322784148982841 -0.0167754879842747 0.204573894104613
-0.10917588000081 -0.399341915604077 -0.0874730988999012 0.106437463368885
-0.0154241933549479 -0.287707758711542 0.120395272925947 0.241473739548041
-0.0262244677709439 -0.238726313779685 0.216687738486495 -0.109845591201233
-0.0960671414104169 -0.24826142384706 -0.0571338449354268 -0.156383445523146
-0.26378532833111 -0.110461296952884 -0.169487554948284 -0.0602679929323053
-0.289481315341978 0.105295100596434 -0.181137647379677 0.0665422410527566
-0.205439843845494 0.244908719720966 -0.151424345761617 0.123615835894718
-0.121323777353006 0.312271435747837 -0.117180274377052 0.175235668121863
-0.0947877805839242 0.369848417267976 -0.0709238846537356 0.160587363161807
-0.116500035139944 0.392388807387262 -0.0293461893909986 0.0982900893037475
-0.200296717522579 0.415800975087014 0.0296894486946209 0.0248693338830528
-0.360265665027672 0.33544986534469 0.102282517537047 0.0277997879879176
-0.48251336587657 0.0915336768069048 0.181150159507808 0.111630097402005
-0.41670609346502 -0.205218967723279 0.100216429357928 0.210670546327046
-0.254333409345099 -0.330641841984417 -0.017997471689715 0.284630715121699
-0.113439577826972 -0.376179211744887 -0.0812785816547234 0.24741596504463
-0.023308009655053 -0.158905534732198 0.112785474060525 0.285074902345778
0.00793077167257856 -0.120786576084641 0.132026578426049 -0.077784934784234
-0.0343753939890106 -0.143313684542009 -0.0883851571430326 -0.0832884184479256
-0.154212612381654 -0.0458678088691265 -0.16250097302707 -0.00628536246912737
-0.162621002705445 0.0961944414612526 -0.169431499907923 0.1048738532734
-0.103909669283552 0.181484386297664 -0.156362315305243 0.185647678962587
-0.0525239263416407 0.231295066546256 -0.125327018777741 0.27665439107288
-0.0538241562829836 0.28447922385757 -0.095059459062987 0.289298184503516
-0.0947402390139614 0.316187183221014 -0.0717290035723527 0.238958084343442
-0.190042270048577 0.328367471839525 -0.0287761265189979 0.159260941215857
-0.33756818664541 0.233117108832649 0.0216799261262111 0.141029303063138
-0.412316725079521 0.00158164466731625 0.0878632187536956 0.177241361804526
-0.298809759196858 -0.229640826536001 0.0576065165863624 0.243382538508364
-0.170850288764189 -0.264981490539054 -0.0349070017549924 0.350114349749048
-0.0945586670151908 -0.277774309942822 -0.0839939979860217 0.37281139669256
-0.0205531707062323 -0.0389896793084254 0.10625544882401 0.28628867957997
0.027228330573077 -0.0407107853988176 0.0608453245013702 -0.0553210185089667
-0.00720325257301968 -0.073574520005578 -0.100002442670969 -0.0377985117268636
-0.0805930878548851 -0.00559273649396871 -0.14890678943888 0.0279501962873725
-0.0669400952090248 0.0696867128169581 -0.144626865613418 0.131520728807167
-0.0216540418151045 0.102895678913266 -0.136627544409808 0.226832041757338
0.00934725317018382 0.127869065454595 -0.110958139242279 0.343261540031703
-0.00623308426363419 0.157998410584946 -0.105284584661745 0.376793054988872
-0.0462484809146259 0.183994691084646 -0.114092877165757 0.333714743441443
-0.122670885484855 0.185154356487204 -0.099969540328414 0.24498581703832
-0.215245925101377 0.106154828243313 -0.0710799792777195 0.197931953173405
-0.233033014597418 -0.0549042647475139 -0.0103213377859158 0.193435245107854
-0.110276080808667 -0.162731167789272 0.0149499432206426 0.255016305188885
-0.0656240899746996 -0.114372398905031 -0.0720579762448549 0.393381719971449
-0.0658607066932211 -0.112014641605294 -0.103496502267012 0.452564995913566
0.0543600247454975 -0.0679901841669894 0.134156111600608 -0.407514222132557
-0.0195202254834403 -0.0588501753131592 0.122866801126309 -0.409316603827947
-0.0403203216166947 -0.000750701824544632 0.0023791631342886 -0.272914561803772
0.00754605846169894 0.0206142840395314 0.0420562178311569 -0.12892215815543
0.0130397700237725 -0.0149926546602359 0.114990399843689 -0.126350758561006
-0.0103773106502092 -0.0282425884503696 0.160437375630944 -0.198230186059015
-0.037318141749162 -0.0282499820087367 0.174780822804239 -0.288668892950507
-0.0416909416160659 -0.0132730480064694 0.160397663011822 -0.356663615984649
-0.0480161599867731 -0.00889883360509233 0.1370510865795 -0.331037902710619
-0.0365071350916383 -0.0190146661019715 0.132590427404109 -0.240263129897399
-0.000843163262065911 -0.0350076492576043 0.136434727828706 -0.14108806294036
0.0305331646952116 -0.010922993425092 0.139939298498066 -0.0351287786222917
-0.0156701797180163 0.0322161788965208 0.0944170169086144 0.0340996423769509
-0.0432590008747568 -0.0293210915056189 0.0408979962387471 0.050584799371926
0.00558058949942901 -0.0910471892222652 -0.0111215171635812 -0.202250469902083
0.0735145043664788 -0.231539637611298 0.15218206221938 -0.330234035934352
-0.0291944763810426 -0.237750232541825 0.20606077568233 -0.388181464819961
-0.112383843069251 -0.18940029975984 0.0424867785213151 -0.286913454751998
-0.161059850936487 -0.0936176342387717 0.0506483115022632 -0.132266468400776
-0.184020966986702 -0.0143499359241983 0.113542266114757 -0.110132721972129
-0.162810525199162 0.0654928988665075 0.154031364145285 -0.182825612346303
-0.130957687903871 0.107607837213975 0.151006180416995 -0.266453284743954
-0.103377932712331 0.125513753473562 0.13325829106199 -0.327233749762794
-0.0991974219377591 0.104182858823799 0.10686840723862 -0.322609146275198
-0.0901775642382097 0.0753990693334202 0.114521631546934 -0.259100785024065
-0.0712418531161855 0.028215062340173 0.141422255007829 -0.166459765716837
-0.0436962755399679 -0.0126863789772629 0.161181933523585 -0.0417189930247801
-0.0542842336555312 -0.0207776789405869 0.0978426750029814 0.0401325206186656
-0.0541177196599498 -0.102891758874612 0.0277113868854019 0.049327488864511
0.00737545410496135 -0.18606550272437 -0.0302755438121034 -0.1704938242192
0.085423257939311 -0.351471853176898 0.15594814083788 -0.190041848432417
-0.0225992987767193 -0.368819940263686 0.275674854438442 -0.320091352040113
-0.144302205552775 -0.347850365412772 0.0672106748891596 -0.296227998239514
-0.289906174391249 -0.207933816680174 0.0160651741398096 -0.150508824776831
-0.348789102127732 -0.0248473607241339 0.0519388992034261 -0.0890425321190961
-0.288506844623799 0.139856672039756 0.086858427744719 -0.137306688448969
-0.204487700321668 0.218924336808878 0.0878695790396026 -0.196379810791841
-0.1481124882237 0.245404306182712 0.0849875294329657 -0.248788353140136
-0.13490718994774 0.214409820936208 0.0770524321482999 -0.274644218686061
-0.13626386077961 0.18649305572724 0.103832135969205 -0.257069295137444
-0.154950702789916 0.12178095204644 0.15711013580222 -0.184263200735977
-0.159549111377381 0.0162599766263212 0.197209402990017 -0.0405308156291409
-0.147543770198573 -0.0762589127320818 0.103873059258402 0.068275117955104
-0.0993469305363528 -0.191771446478762 0.00246916715045353 0.0739933276089957
-0.00618904412699334 -0.279425585725685 -0.0547498763610005 -0.110623576079034
0.0800266807816703 -0.396642928039617 0.144605873572697 -0.0217516578873788
-0.012822060391907 -0.408735590219135 0.30627488578394 -0.226079857784765
-0.142634633058858 -0.412118669733675 0.0631818987557265 -0.279062318029625
-0.349659663421869 -0.260092790897033 -0.045454373893843 -0.159705125992737
-0.426786650873056 -0.0135788082125016 -0.0464395881351482 -0.062151153148711
-0.346062031421379 0.192556122383966 -0.0170342839699668 -0.067496906632494
-0.235587927660264 0.290540818498112 0.00167839645830243 -0.0904367662020193
-0.169997136065154 0.328364581395454 0.0269105009746973 -0.13089763632437
-0.156995507911684 0.308129673096172 0.0471858084707813 -0.183457621791664
-0.180829050843541 0.296554165352832 0.095091008513764 -0.211336429354658
-0.251279109251553 0.227344064643061 0.169233522452424 -0.163573857451699
-0.305239832109076 0.0591407549645532 0.227765536971235 -0.0161605970682012
-0.277358591692014 -0.133402929465568 0.112405713484315 0.114216344104167
-0.164561678595431 -0.282270402201991 -0.016062900243479 0.129728036581527
-0.0294433448780039 -0.358911083118378 -0.0741189635217007 -0.0154737925877987
0.0599877667265558 -0.358678850592073 0.12427022123181 0.127950126994328
0.0001028015015008 -0.346296019040604 0.282202320590173 -0.140647445538498
-0.10624105508299 -0.3646038264578 0.0264080590873891 -0.226682245428012
-0.320634900411374 -0.227072299250066 -0.106125138879216 -0.137456753594029
-0.395432504096125 0.0206586525853516 -0.13443436039087 -0.0222828298899259
-0.314934420989721 0.212771782200036 -0.114039531591498 0.0156001850219755
-0.214555121615041 0.309588905084418 -0.0795879606908037 0.0326418290592325
-0.166811866094846 0.363001002923009 -0.0336256744942488 0.00846353932035236
-0.1691939766699 0.362438038515463 0.0115819332262395 -0.0550831338125201
-0.220324920835701 0.369907931952943 0.0773302152542675 -0.11268148796906
-0.341763426656091 0.293209091648565 0.160898040237552 -0.0861834868317657
-0.434178753067511 0.0713964307980888 0.228369093976741 0.0434918041133475
-0.37891666036744 -0.198870756659083 0.108680190108179 0.172429600758871
-0.209796979912251 -0.349786048152431 -0.0262273619071497 0.208163942667399
-0.0477938893336293 -0.400779012090516 -0.0884646203315337 0.11125459766849
0.0305669538565859 -0.261590536288287 0.102290629227406 0.226718686783388
0.0168681958034744 -0.226331814158443 0.212886975870829 -0.0869985961792443
-0.052973550475261 -0.250598574040476 -0.0248685166758805 -0.154609330140013
-0.230779319534592 -0.143504127950387 -0.139977240440173 -0.0836139704180588
-0.285728866569382 0.0537270308232641 -0.17537345996498 0.0262056834436356
-0.223843338143303 0.197265871531155 -0.170213464233481 0.0930738061029417
-0.153945667978055 0.277592167977842 -0.133133740738738 0.149614128419552
-0.138170613088072 0.340427605668689 -0.0859135778919467 0.148308631085717
-0.162669369140667 0.357905602075392 -0.0362512404619662 0.0891800846108292
-0.241080151753003 0.367478137204842 0.0333538027007314 0.0191532315094798
-0.387679961157114 0.274274995673043 0.111813804981851 0.0305167636279396
-0.479572259452023 0.0247430196068296 0.175761297980901 0.123420384849277
-0.37778594219034 -0.257787468756696 0.079461355218071 0.224799830285547
-0.194378440092871 -0.357469456057738 -0.039143123405749 0.287274809152131
-0.0542252744455122 -0.377644726223612 -0.101002946471322 0.249146131857113
0.00658668725964173 -0.143414544875819 0.0803500381392926 0.268627297164592
0.0306040467558236 -0.113899634783484 0.126437709338915 -0.0604773696958623
-0.012955892675417 -0.143122556706919 -0.0662394204136368 -0.0854711904999776
-0.138295560606587 -0.0643636792967751 -0.144154262027945 -0.0274803040082537
-0.164530245483639 0.066558665817818 -0.169848156812122 0.0693169691775223
-0.117995863762376 0.150767013785132 -0.176974540238048 0.152634704343916
-0.077338792769119 0.207886710447004 -0.151454387045804 0.243520594133794
-0.0890795414525387 0.263726411348056 -0.124434049855125 0.265509544884228
-0.12972255179225 0.286364554480351 -0.0953579396162255 0.217946192780359
-0.220876182554665 0.287171363550229 -0.0397445898228422 0.14241228577788
-0.349106527380125 0.179697999238593 0.018980622798722 0.13287950063628
-0.401134932503558 -0.0536153467213313 0.0760503283030277 0.18018778097353
-0.261374435339735 -0.266916757974662 0.0305258212136992 0.250878551605219
-0.121060185339469 -0.283582939837597 -0.0665515428499029 0.348406302505707
-0.0461513874802654 -0.279377006837133 -0.123969948621795 0.367739855141102
-0.00812998173814768 -0.0343230842265926 0.0647717097567196 0.273003351864032
0.0339298201376467 -0.0380651300124692 0.0578825491873178 -0.042216858716182
0.000229449905890445 -0.0728952258928812 -0.0849421468353256 -0.0427931055032752
-0.075591608568038 -0.0144113483257409 -0.137786954614455 0.00945804161485929
-0.0700808748086498 0.0570680870242023 -0.148811970151395 0.100382249508929
-0.0313822337939825 0.0893789587919883 -0.15763171097079 0.195602145083664
-0.00399590866974484 0.11756554162671 -0.144423690344591 0.30889437292218
-0.025648062909246 0.147519427485369 -0.145513476791689 0.345003668580444
-0.0649039382307048 0.166713157304846 -0.149907721414652 0.303793902076725
-0.136961137675481 0.159109905168939 -0.120272448928985 0.21797218384812
-0.216249388194459 0.0739006921242267 -0.0824605237849579 0.180435601710241
-0.219810024907444 -0.082903930944818 -0.0276440980915935 0.18687991474456
-0.0878778291963076 -0.180065426248224 -0.0191370513331262 0.251295165830933
-0.0379904415770267 -0.123494027343093 -0.111860644074248 0.379378344747144
-0.0404142544650201 -0.115140928181454 -0.156603585445868 0.437374319737522
0.0513403555031383 -0.0694608079654557 0.147992421894861 -0.399852026285977
-0.0209579717325241 -0.0565281784665053 0.123017945449634 -0.40376963655354
-0.0371929320915182 0.002208095911329 0.00813244202856853 -0.263299827512121
0.00999216896602386 0.018901388156753 0.0472436584168299 -0.126343247946236
0.0115604999028759 -0.0169789979968701 0.115428525360773 -0.121007837993026
-0.0123132733561402 -0.0280892798830588 0.162047418177495 -0.186618557190432
-0.038580998268717 -0.0265174206533157 0.180459293344024 -0.27585643422035
-0.0418250067767897 -0.011431929765824 0.1657201898939 -0.345589716122001
-0.0471001775077689 -0.0057454196354723 0.140130767641436 -0.319368245334492
-0.0375533609608642 -0.0173187328695437 0.132074202880345 -0.230776931719376
-0.0039201159509946 -0.0356542471322981 0.133632644219065 -0.135023897566903
0.0303779808294817 -0.014699810952442 0.13458105975568 -0.0354584436545288
-0.0105234466960599 0.032141058721505 0.0924575610655018 0.0310861693322449
-0.0430914090614383 -0.0267656733741765 0.0463956329901814 0.0447790991043519
0.00331245892037058 -0.0901972024324536 -0.000773015492623537 -0.197369273080728
0.0779339592180541 -0.227157638464093 0.165371968576113 -0.323131218157747
-0.0224658617173872 -0.234190849558732 0.202785977109817 -0.381300241424509
-0.104197548365732 -0.18781130873341 0.0475020606996857 -0.274942946587526
-0.153012381178045 -0.0975143824488265 0.0567849860843621 -0.129464423089865
-0.18178160263848 -0.020875402126666 0.112152284509275 -0.105263516402931
-0.163695413214618 0.0594593845114069 0.153294816782048 -0.172109750583488
-0.134330390364636 0.103562289330382 0.156318820116882 -0.252352907600489
-0.104980554658203 0.122827201360554 0.138897869158821 -0.316804067121214
-0.100249918942055 0.10250055401706 0.112080270545832 -0.311121510668838
-0.0909901985018231 0.073215025982631 0.113683565028487 -0.249052835257496
-0.072786504752386 0.024612632395765 0.13801564946346 -0.160989364715502
-0.0422232654781523 -0.0176520550894876 0.155092297904042 -0.0418772725165861
-0.0477278919566788 -0.0225080861785144 0.0945809665024871 0.0371344932178953
-0.0501064475735093 -0.10088434560925 0.0307227552201948 0.0427776386570714
0.00970775869510778 -0.183236742303873 -0.0209696214956904 -0.165158064207689
0.0970633416877305 -0.341632573828637 0.162672606909948 -0.18445983020014
-0.00851522902895964 -0.36271134674329 0.265916239427114 -0.31287401300466
-0.13039872420115 -0.346061748381125 0.0710703517795436 -0.281167219605081
-0.277821179215818 -0.213041780928314 0.0232060800442416 -0.146973504146973
-0.342634111902146 -0.0343308934691743 0.051510033410325 -0.0868049800336326
-0.289144329103219 0.129121595859852 0.0859149487232925 -0.129693306495369
-0.208058549786114 0.210642094521692 0.0904189922713826 -0.184826631000712
-0.152181647126482 0.23855115016079 0.0891231990771484 -0.239673779217633
-0.138215028201768 0.209122995527087 0.0803098519341135 -0.264184202080535
-0.138528601832479 0.179281914793314 0.102862157252569 -0.247516659288365
-0.155156353553724 0.115475248310858 0.153529672020813 -0.178124065835305
-0.156040583814648 0.00899581918665885 0.190152212357551 -0.0397812172915856
-0.140119519567875 -0.0809954469058146 0.101067006780925 0.0653267099676737
-0.0912115223734553 -0.190700269929883 0.00465572352834177 0.0679597437817843
0.00278247741996914 -0.273800018806803 -0.0474915901058351 -0.106787835667109
0.0947820571503039 -0.382428638425389 0.146767243867676 -0.0208052368587476
0.00543763245421464 -0.400456899772887 0.292267229433437 -0.22003522867773
-0.126880981626537 -0.413636209551986 0.0666648378045142 -0.263381363094346
-0.335305392727981 -0.265201109055148 -0.0375856066323107 -0.157644306899783
-0.419488432720137 -0.0243847958571033 -0.0453464963407722 -0.0632589658189675
-0.344011798682454 0.178544912142108 -0.0182874902602836 -0.0638527093129513
-0.239139973044048 0.277848934113127 0.00228370060748103 -0.0826313596413853
-0.176545813783007 0.318615455871024 0.0288197107478049 -0.125127574724517
-0.162564602040878 0.298481417572936 0.0483779653375299 -0.176101512521284
-0.183075854360822 0.285923565024493 0.0928463900906703 -0.202900402728734
-0.249936443763792 0.216557061085012 0.165748063289845 -0.158238118654636
-0.299838546559785 0.0485585636974679 0.220419398788301 -0.0154864254404604
-0.269333842283195 -0.142594025724701 0.105782646325986 0.111484880262005
-0.151943673971811 -0.284412170628366 -0.0165005097539737 0.124310027538477
-0.0133607093331507 -0.352063800936529 -0.0710245142904321 -0.012629482846205
0.0744558763111546 -0.343621487141632 0.121558252395595 0.125657945498053
0.0185511284955182 -0.339786012533981 0.264904599134276 -0.135222211399763
-0.0935721789054375 -0.366708498895867 0.0299053881540539 -0.212614381981592
-0.309568638344629 -0.231233885349497 -0.0963968612999205 -0.135813814996402
-0.387269733224759 0.0116347652681228 -0.132279058437618 -0.0268066445882883
-0.313660277344401 0.200384841249193 -0.115621299052138 0.0141783027976356
-0.218761654735598 0.294466605655076 -0.0797372641363886 0.0346897059463115
-0.173354477641628 0.350533121694177 -0.0334177677881362 0.0105545020303784
-0.176240889680716 0.351290339684334 0.0117225123665516 -0.0509407055288093
-0.223115947415439 0.355028100207249 0.0734328211045266 -0.108888041737327
-0.339565660809646 0.279718078893917 0.155787071263939 -0.083484968099374
-0.428081478570228 0.0603848131395188 0.221040756985754 0.0433578689445126
-0.369350100430449 -0.209553483713158 0.100812546093949 0.169576208003951
-0.191813282129537 -0.353314052565375 -0.0287259481121753 0.201814767987441
-0.0285371271269613 -0.393739581856574 -0.0897289735814511 0.112760594612143
0.0446758006864166 -0.247972187415794 0.0937635802003713 0.219693430616809
0.030587806963463 -0.222561642977172 0.196552546664303 -0.0821045585484756
-0.044686276167211 -0.253646344911966 -0.0216203300745283 -0.143054416969358
-0.222902096875963 -0.145105127207276 -0.131506609252847 -0.0834695170505724
-0.278282484721362 0.0467850252779448 -0.172955168866758 0.0200431086894539
-0.222072494117313 0.185666220938061 -0.170769623800164 0.0879696364647073
-0.15774062652239 0.264627223922911 -0.135028075600957 0.145720729282973
-0.144552845482019 0.327938767901438 -0.0881837867901551 0.14471501900322
-0.168226746388481 0.344982451013655 -0.0388303917555546 0.0881554169650066
-0.243964155569162 0.352598165440266 0.0284324932774095 0.019041859627659
-0.383086893210493 0.26092369346688 0.106747131428815 0.0294788092383197
-0.472699493312814 0.0130879881435282 0.168024231114347 0.121834920720584
-0.369658919190724 -0.268035919573454 0.0707700621272191 0.220383690900599
-0.176124771237223 -0.363169053957392 -0.0432775399817032 0.282582457022517
-0.0341810406633832 -0.371674026338728 -0.107793786017574 0.248028240965595
0.0181436635260997 -0.133462071871735 0.0697876434766405 0.25939944547019
0.038923193470195 -0.11318195835571 0.113741203686962 -0.0546119153994733
-0.0103516969041578 -0.146007418896778 -0.0632169114551501 -0.0782833126037597
-0.13377483482137 -0.0634571396898826 -0.136420726001448 -0.0264654245951406
-0.158514588667041 0.063692448656788 -0.16660345921221 0.0626794268894146
-0.116482755820958 0.142816544089008 -0.178053241341179 0.14472659385131
-0.0796553822227233 0.198357401094146 -0.154493194318324 0.235566996094332
-0.092959363070038 0.25305181661008 -0.128897239176129 0.257964892538134
-0.134292957481658 0.27596696692006 -0.0994571114927266 0.212545088939289
-0.22025055763677 0.274977571008717 -0.0445667903540183 0.136949812577384
-0.344848335916842 0.170682565712981 0.0150582298150617 0.128531421278791
-0.393283563051536 -0.0591757118676468 0.0694146163283925 0.17620870894235
-0.254916686659983 -0.275491691702868 0.0205961356743602 0.244650305110381
-0.104776829204819 -0.286997157349402 -0.0726084507011719 0.34212280993545
-0.0292910816494839 -0.272297909107888 -0.134296679108626 0.363010527561957
-0.000885755449109182 -0.0291051526104472 0.0524425849644092 0.263301338353098
0.037609185274149 -0.0400112200312046 0.0488247265077085 -0.0368084980899792
-0.000951944600300015 -0.0740912818162366 -0.0817704224425001 -0.0380144847111586
-0.073334625828797 -0.0113141916165826 -0.131728289469569 0.0106092498959855
-0.0662620462348393 0.0564820044649076 -0.145704591122538 0.0950156672302593
-0.0296683691501222 0.0846058273501394 -0.157769951185724 0.185899097012849
-0.00541824462433145 0.109643796721152 -0.148002969591757 0.296457421111571
-0.0283444038692389 0.140437141603522 -0.150633100795001 0.335073104464042
-0.0664931346095972 0.15937757771612 -0.155522833255481 0.29420828159334
-0.135092656141302 0.151885606612078 -0.124559649745815 0.209524135711696
-0.211570449216976 0.0709954841404297 -0.0849605314760252 0.17390616046202
-0.216376807133036 -0.0848908769843513 -0.0316726543166954 0.182142500046793
-0.0858550323465823 -0.185062238865738 -0.027039644107625 0.241737716658196
-0.0259264323015924 -0.125833649547214 -0.116650086740149 0.370768566582751
-0.0290930139182791 -0.11014986065654 -0.168353377531418 0.428777603560245
0.0505527683541344 -0.0743342679042716 0.173510773475624 -0.405951429423054
-0.0233834996278614 -0.0560237941040782 0.131207010842167 -0.412918589318401
-0.036180954004699 0.00396237038551055 0.0157166557370087 -0.262656284895977
0.0130020336123737 0.0175246015190864 0.0556299298123817 -0.128712337369578
0.0102705238005092 -0.0197172708564457 0.121209983377811 -0.117968515388556
-0.0139959948314141 -0.028678451553106 0.171684096557646 -0.180523393467333
-0.0410410357481267 -0.024794025176138 0.196153437478624 -0.272007025602245
-0.0429779060096116 -0.00927307537188761 0.182301618092576 -0.348402698017265
-0.0477630643214869 -0.00413800190109443 0.153104816051559 -0.318800293327797
-0.0396507744372759 -0.0161379127214246 0.138316181474618 -0.229636207457588
-0.00671146881047603 -0.0378624082581625 0.137257710673464 -0.1336746378856
0.0314826323909879 -0.0183889973282703 0.133626575843491 -0.0359593133875318
-0.00647825092078172 0.0334891909513177 0.0946364246741443 0.0296009723658548
-0.0453411763829353 -0.0248249893269088 0.0529013835121515 0.0402190516456482
0.00132293061790824 -0.0925764129116245 0.00986073577622424 -0.199215759738209
0.0867311978153173 -0.233226818012125 0.187260536424886 -0.326568686501606
-0.0147155080365387 -0.23935163436635 0.209385616953372 -0.387941543731658
-0.0975390488167406 -0.193962378218354 0.0551573192733926 -0.271770518971355
-0.15017430259026 -0.106718337062723 0.0657455229543588 -0.13125727153644
-0.186667842926901 -0.029727513257298 0.117302820611054 -0.104104069438861
-0.172028090986202 0.0552010759581934 0.160729958020442 -0.166433589027169
-0.143001693496298 0.103635651886681 0.17012045691181 -0.247943910813926
-0.113644407833055 0.124074876266492 0.152693799814155 -0.317413935628268
-0.106099959716758 0.103893360054686 0.122729296628671 -0.309717409420137
-0.0968113144916814 0.072651295805102 0.119234410529193 -0.247905620735239
-0.0764867709194484 0.0212294328857938 0.141278535913379 -0.159918964267892
-0.0422473991078791 -0.0225016506567522 0.155593656337261 -0.0426462082165853
-0.0439214723949567 -0.0266124132431899 0.0966677927433321 0.036199988971525
-0.0475890288689156 -0.101469471470786 0.0356176428766534 0.0390349633326513
0.0152191951166811 -0.186992698648522 -0.0110305363843427 -0.166671145316567
0.112650578595672 -0.346653300260075 0.179596374166463 -0.184633440530018
0.00803825706373655 -0.370672980103758 0.270933527682518 -0.317824505406001
-0.118604394590555 -0.361160443515012 0.0786278668382043 -0.276198246552427
-0.275072361489502 -0.229242065562602 0.0324922639853313 -0.148893308843462
-0.349367976455687 -0.0477856141178048 0.0536662102354424 -0.0879934448303409
-0.301181902451552 0.120646121831313 0.0890205308869213 -0.125377198526944
-0.222815458473678 0.208181087492705 0.0991007817875562 -0.179758748853046
-0.164886685600938 0.238602081468478 0.0987445766111747 -0.239751122652588
-0.148787916287749 0.21076187017901 0.090380781788853 -0.263417393116223
-0.147055484583828 0.178849037264066 0.10753045270159 -0.246427473402379
-0.161866155515595 0.111792333117288 0.157256895788781 -0.178306865583675
-0.158454079228919 0.000719489187244234 0.190980282417985 -0.0392683643814716
-0.138897438357498 -0.0908165552991171 0.101300051326681 0.0657024326859602
-0.0840204565239836 -0.198084711010704 0.00602214144600206 0.0652412766427068
0.0139924361247831 -0.279759772941625 -0.0408418948574194 -0.106993284885641
0.114734020909633 -0.383697001113524 0.154866590560661 -0.0176078028580896
0.0272128757224922 -0.407946740733398 0.291239285651812 -0.220085090927585
-0.112657002511515 -0.431683711270469 0.0737320442515006 -0.256599849717958
-0.333298595805934 -0.282915962789496 -0.0280496905423673 -0.161743473316318
-0.42776382977148 -0.039865899657659 -0.0455247385342823 -0.0669150201850621
-0.357589649265688 0.169370952346569 -0.0194249628930299 -0.062898039383486
-0.254898159228721 0.27564765462765 0.00491939791235408 -0.0792737687431685
-0.192737414348802 0.318486737646106 0.0335379379058162 -0.123879754527187
-0.177173124695311 0.300205116495282 0.0558859848379841 -0.174201112416498
-0.195704567101012 0.284653337188112 0.0964421870738491 -0.202250839268037
-0.260496177027514 0.212499516740916 0.168599325505751 -0.158660764210228
-0.30661705517026 0.0379860233242127 0.222464373724981 -0.0136882006411438
-0.270429797576715 -0.158860585114604 0.105338162704115 0.114504993792299
-0.142498411019589 -0.298347233442315 -0.0175754189542494 0.122428257456046
0.0036857513455804 -0.359982439156011 -0.0700268368954721 -0.00967740619538764
0.0953836470085067 -0.342458471556758 0.121563901948948 0.128561979583305
0.0392735291226987 -0.345821050531747 0.260424140328508 -0.132533366134707
-0.0793196213323312 -0.384389406106757 0.0351331432186243 -0.206036922607234
-0.308040641357163 -0.246523373219906 -0.0908456242360513 -0.139833379553489
-0.394090337240255 -0.00113209561834953 -0.134736837746177 -0.0320505665375651
-0.325304457899633 0.191404995890082 -0.12168841279347 0.0129016246505511
-0.233966749680529 0.291137071421372 -0.0836905814279321 0.0367503370071213
-0.190227010144744 0.34871696129651 -0.0351283322132915 0.0116153449418415
-0.191175166152735 0.350658482017071 0.0125084862929184 -0.0493825749280235
-0.23810456973916 0.352915471672397 0.0727382659943798 -0.10762727674054
-0.352820479213028 0.274457289741552 0.158606003521268 -0.0831891207075533
-0.438494812644851 0.0474356510898232 0.2214403065088 0.0472559488477833
-0.373511724970483 -0.232953105800144 0.0960419656426125 0.174293750949892
-0.179890935867793 -0.374339293892669 -0.0332187724634531 0.204733774048649
-0.00776502724365289 -0.403107630982563 -0.0951112273349847 0.118321701346568
0.0625239449501958 -0.244565766848487 0.0877952977589588 0.22302492494193
0.0484777764857499 -0.226953501634261 0.189084256155951 -0.0781795327188379
-0.0363909241546427 -0.267390278235426 -0.0184372370538655 -0.13741855600868
-0.223455309087931 -0.155871820871875 -0.12670197081513 -0.0868524631372579
-0.282827771188814 0.0407006791459543 -0.176878701650679 0.0149528853661077
-0.230527520502982 0.180196363887855 -0.179301033653255 0.0851133361709722
-0.169538521169381 0.260808610218335 -0.143202788061309 0.146467520721621
-0.15782078937907 0.327170852560299 -0.0955575722404589 0.146061648361926
-0.183225848437636 0.344155353747087 -0.0434723877672904 0.0899987136115449
-0.258116376799197 0.349874931841211 0.0242268584191608 0.0201907022335268
-0.396924992075904 0.255339747748401 0.105708622154679 0.0299414828632291
-0.483223997270455 0.00024615259942915 0.166417877720622 0.126143185037924
-0.373580036051076 -0.292451956629749 0.0630254909042874 0.22636038453608
-0.161741157662147 -0.383953001685113 -0.0516209637719289 0.287158385004147
-0.012563061842824 -0.378707077200204 -0.120629882794221 0.254984315547835
0.031180903021459 -0.129286048486231 0.0584726412449436 0.261754800100382
0.0504520773591635 -0.117014485165934 0.105734600001262 -0.0507199685090152
-0.00708788155236559 -0.154604397425341 -0.0616921038434578 -0.0741726152660011
-0.134589522670126 -0.066805040410913 -0.134546111000628 -0.0278777289371217
-0.160060804293352 0.0613090093664837 -0.170545352626633 0.0585108806723215
-0.12083104011433 0.139114567746478 -0.186383657916908 0.142074221863951
-0.0875399405009904 0.194017563840799 -0.165270795552844 0.234794064186539
-0.103905004268954 0.252233861746123 -0.140541408882831 0.259606732307298
-0.146332595246461 0.274267725239036 -0.109338989089008 0.214324375000801
-0.231775539243438 0.269575263319165 -0.0530660064628072 0.136662716308678
-0.354101241684864 0.16344020507504 0.0108984104124035 0.129055722168374
-0.401273495369457 -0.0707235486830623 0.0652342813911307 0.180257356632277
-0.255802034722908 -0.297437995090425 0.00970824103942465 0.248687460722699
-0.0902757454021101 -0.303965114656817 -0.0831633520971691 0.348648575707409
-0.0113239290505624 -0.276848202980162 -0.15320130370706 0.370291903923908
0.00726748821530499 -0.0254656541664783 0.0390611014889272 0.26539431452511
0.0434214924117243 -0.0435433005649575 0.0421363770165718 -0.0327314622694327
-0.00161269340828495 -0.0794749868618926 -0.0824193295294522 -0.0347926525224123
-0.073732129744579 -0.0103206066975482 -0.131411530329817 0.0118283640553121
-0.0655114408048726 0.0575187221586623 -0.148927711384061 0.0919719211474474
-0.0301751450631493 0.0829398174765287 -0.166781518543882 0.183143150932253
-0.00830314124880946 0.106656484153172 -0.158841117280096 0.295657355091106
-0.0329689635772989 0.138468749933118 -0.164151634061173 0.3358353904177
-0.0723418591253742 0.157815909399959 -0.169083844697921 0.294591204063422
-0.139094697886081 0.149918271482024 -0.134877661483792 0.206917594707092
-0.215346840066983 0.0688118404342259 -0.090362375387629 0.173821845332774
-0.221275463816949 -0.0919936117278831 -0.0389006615138547 0.184144552684896
-0.0861578304639213 -0.198110050506239 -0.0388436062685203 0.242393768967913
-0.0143282050875337 -0.133900383910233 -0.128147684611857 0.376794800165111
-0.0185477260944641 -0.110180366574083 -0.189433965809212 0.434025022851264
