TRXV5
3
4
4
9
string Extension=J
integer IsArchMeasurement=1
integer IsSpherical=1
string Generator=SPM
string GeneratorVersion=1.3.1 Dev
double ArchRadius=0.449999988079071
integer FrequencyAxisIndex=0
integer AzimuthAxisIndex=1
integer ElevationAxisIndex=2
Frequency
5 136 690000000 960000000 LIN
Azimuth
7 8 0 2.74889357189107 LIN
Elevation
7 15 -2.74889357189107 2.74889357189107 LIN
Polar H Real Part
13
Polar H Imaginary Part
14
Polar V Real Part
13
Polar V Imaginary Part
14
Polar H Magnitude (dB)
12 0xC0000002 0 1
Polar H Phase
7 0xC0000003 0 1
Polar V Magnitude (dB)
12 0xC0000002 2 3
Polar V Phase
7 0xC0000003 2 3
-0.20697021484375 0.217315673828125 -0.059814453125 -0.458831787109375
-0.110748291015625 0.294525146484375 0.03509521484375 -0.748779296875
0.076080322265625 0.22613525390625 -0.23028564453125 -0.487640380859375
0.133949279785156 0.05450439453125 -0.187484741210938 -0.11688232421875
0.0594635009765625 -0.0320472717285156 0.0159149169921875 0.073822021484375
-0.0145912170410156 -0.0396537780761719 0.231201171875 0.03265380859375
-0.0189418792724609 -0.0131587982177734 0.34423828125 -0.13092041015625
0.00424337387084961 0.00532245635986328 0.360504150390625 -0.263153076171875
-0.0110626220703125 -0.0194377899169922 0.368927001953125 -0.32244873046875
-0.000106811523437498 -0.0591278076171875 0.4072265625 -0.280609130859375
0.0462875366210938 -0.0828628540039063 0.3948974609375 -0.225189208984375
0.151321411132813 -0.0654296875 0.393463134765625 -0.10552978515625
0.18621826171875 0.11639404296875 0.3360595703125 0.085845947265625
0.04443359375 0.249710083007813 0.077850341796875 -0.011627197265625
-0.065032958984375 0.208328247070312 0.05230712890625 -0.4552001953125
-0.133544921875 0.400421142578125 -0.0823059082031251 -0.374664306640625
-0.066619873046875 0.43798828125 0.0593872070312499 -0.71612548828125
0.098297119140625 0.3726806640625 -0.265869140625 -0.5362548828125
0.208602905273437 0.215866088867188 -0.256729125976563 -0.122665405273438
0.192703247070312 0.0718536376953125 -0.0260391235351562 0.097625732421875
0.170974731445313 -0.019775390625 0.22808837890625 0.048980712890625
0.150039672851562 -0.0645751953125 0.331573486328125 -0.118255615234375
0.156036376953125 -0.04150390625 0.334442138671875 -0.24993896484375
0.155364990234375 -0.0663299560546875 0.352294921875 -0.3026123046875
0.167465209960937 -0.0662384033203125 0.403594970703125 -0.256561279296875
0.181732177734375 -0.03424072265625 0.391021728515625 -0.188262939453125
0.248153686523437 0.0125885009765625 0.381622314453125 -0.076416015625
0.248123168945312 0.192794799804688 0.315948486328125 0.083892822265625
0.131591796875 0.352386474609375 0.106002807617188 0.018035888671875
0.0316162109375 0.372161865234375 0.04888916015625 -0.37884521484375
-0.00756835937499998 0.526153564453125 -0.0991668701171875 -0.23748779296875
0.042694091796875 0.513702392578125 0.0586547851562499 -0.64056396484375
0.151458740234375 0.44036865234375 -0.32342529296875 -0.558380126953125
0.2757568359375 0.317230224609375 -0.357208251953125 -0.1243896484375
0.306732177734375 0.147003173828125 -0.107704162597656 0.117683410644531
0.33526611328125 -0.005889892578125 0.167755126953125 0.0765838623046875
0.296356201171875 -0.1083984375 0.261062622070313 -0.073150634765625
0.28485107421875 -0.0810546875 0.262451171875 -0.195816040039063
0.301544189453125 -0.100860595703125 0.2921142578125 -0.248687744140625
0.318359375 -0.059814453125 0.363250732421875 -0.208099365234375
0.3055419921875 0.03045654296875 0.36431884765625 -0.142578125
0.330474853515625 0.10894775390625 0.372955322265625 -0.03466796875
0.27386474609375 0.27557373046875 0.3096923828125 0.12054443359375
0.17901611328125 0.424957275390625 0.140449523925781 0.0964126586914063
0.113800048828125 0.47662353515625 0.053558349609375 -0.249679565429687
0.14068603515625 0.5693359375 -0.0936203002929687 -0.0738983154296875
0.181396484375 0.495819091796875 0.0390625 -0.53240966796875
0.21124267578125 0.4063720703125 -0.3919677734375 -0.525421142578125
0.311004638671875 0.334503173828125 -0.460296630859375 -0.0964660644531249
0.36907958984375 0.178009033203125 -0.211318969726562 0.145172119140625
0.44329833984375 -0.004608154296875 0.059295654296875 0.118354797363281
0.394866943359375 -0.1402587890625 0.145782470703125 -0.00173950195312501
0.372406005859375 -0.10882568359375 0.154144287109375 -0.114608764648438
0.405059814453125 -0.116790771484375 0.197311401367188 -0.168869018554687
0.427978515625 -0.032379150390625 0.2821044921875 -0.1431884765625
0.389617919921875 0.106597900390625 0.3148193359375 -0.082183837890625
0.371429443359375 0.210357666015625 0.3568115234375 0.022369384765625
0.2496337890625 0.3489990234375 0.3050537109375 0.194366455078125
0.176971435546875 0.45294189453125 0.169265747070313 0.221923828125
0.16815185546875 0.511199951171875 0.0569534301757813 -0.082489013671875
0.266845703125 0.50396728515625 -0.0653533935546875 0.0864486694335938
0.27642822265625 0.37957763671875 0.00701904296874997 -0.40545654296875
0.2171630859375 0.295440673828125 -0.442840576171875 -0.430938720703125
0.279388427734375 0.288543701171875 -0.531463623046875 -0.031768798828125
0.363372802734375 0.1717529296875 -0.30517578125 0.18426513671875
0.4754638671875 -0.004608154296875 -0.069854736328125 0.173736572265625
0.430511474609375 -0.1492919921875 0.00550842285156252 0.08673095703125
0.403228759765625 -0.11798095703125 0.0233211517333985 -0.0182914733886719
0.451812744140625 -0.107879638671875 0.0746078491210938 -0.0805435180664063
0.470428466796875 0.010284423828125 0.167861938476563 -0.076385498046875
0.40673828125 0.179473876953125 0.235671997070313 -0.0240631103515625
0.344451904296875 0.295196533203125 0.318206787109375 0.0845947265625
0.171112060546875 0.373992919921875 0.281768798828125 0.286956787109375
0.13726806640625 0.414306640625 0.171173095703125 0.3748779296875
0.197784423828125 0.47186279296875 0.0486907958984375 0.098846435546875
0.330352783203125 0.349853515625 -0.02508544921875 0.222869873046875
0.275314331054688 0.19635009765625 -0.03045654296875 -0.278778076171875
0.14031982421875 0.159866333007813 -0.45733642578125 -0.30474853515625
0.182266235351563 0.225326538085937 -0.548065185546875 0.0460205078125
0.29345703125 0.156219482421875 -0.3651123046875 0.2193603515625
0.430755615234375 0.002349853515625 -0.191070556640625 0.229904174804688
0.39990234375 -0.1348876953125 -0.135055541992187 0.176483154296875
0.37530517578125 -0.112060546875 -0.110679626464844 0.07806396484375
0.432830810546875 -0.08416748046875 -0.0582427978515625 -1.14440917968765E-05
0.43804931640625 0.053466796875 0.03594970703125 -0.0253410339355469
0.34716796875 0.2242431640625 0.14263916015625 0.0140838623046875
0.244720458984375 0.324127197265625 0.259902954101562 0.133712768554688
0.058624267578125 0.31646728515625 0.232147216796875 0.38385009765625
0.08929443359375 0.296875 0.128204345703125 0.527557373046875
0.2210693359375 0.360198974609375 0.029998779296875 0.26507568359375
0.323577880859375 0.139251708984375 0.013427734375 0.314788818359375
0.184616088867188 -0.001068115234375 -0.0618896484375 -0.164993286132813
0.0103263854980469 0.0479545593261719 -0.4288330078125 -0.180328369140625
0.0579071044921875 0.171234130859375 -0.51641845703125 0.101806640625
0.1876220703125 0.139144897460938 -0.391143798828125 0.230499267578125
0.32977294921875 0.019439697265625 -0.29058837890625 0.272735595703125
0.308319091796875 -0.09600830078125 -0.255645751953125 0.255447387695313
0.29052734375 -0.08782958984375 -0.227920532226562 0.16290283203125
0.34918212890625 -0.05047607421875 -0.179168701171875 0.062957763671875
0.337371826171875 0.07958984375 -0.088409423828125 -0.00196838378906251
0.22833251953125 0.219497680664062 0.0581436157226563 0.0220184326171875
0.103561401367187 0.272430419921875 0.200576782226563 0.156097412109375
-0.0400238037109375 0.1741943359375 0.171478271484375 0.461456298828125
0.06805419921875 0.113334655761719 0.0578613281250001 0.64752197265625
0.247711181640625 0.195358276367187 0.0128784179687501 0.394317626953125
0.255630493164063 -0.0831451416015625 0.038238525390625 0.353973388671875
0.0462188720703125 -0.168960571289063 -0.0849761962890625 -0.08721923828125
-0.121658325195312 -0.0327835083007812 -0.37939453125 -0.0953063964843749
-0.0612106323242188 0.119743347167969 -0.4649658203125 0.117279052734375
0.06781005859375 0.117500305175781 -0.397125244140625 0.217620849609375
0.188568115234375 0.0452880859375 -0.36004638671875 0.293365478515625
0.173248291015625 -0.0377197265625 -0.337646484375 0.307952880859375
0.16290283203125 -0.0498199462890625 -0.305633544921875 0.224365234375
0.213638305664063 -0.0157623291015625 -0.267013549804688 0.103591918945313
0.18896484375 0.0769195556640625 -0.181182861328125 -0.0012359619140625
0.0838165283203125 0.157394409179688 0.00415182113647461 0.00517702102661134
-0.0329437255859375 0.1473388671875 0.167236328125 0.1583251953125
-0.0849533081054688 -0.0211334228515625 0.124359130859375 0.52093505859375
0.0905532836914063 -0.0971755981445313 -0.015869140625 0.7208251953125
0.271087646484375 0.0045623779296875 0.012969970703125 0.464111328125
-0.191726684570313 0.242630004882813 -0.0999755859375 -0.462738037109375
-0.08392333984375 0.312744140625 -0.0335693359375001 -0.7674560546875
0.099578857421875 0.221405029296875 -0.279815673828125 -0.472198486328125
0.139427185058594 0.0399093627929688 -0.192611694335937 -0.0987396240234375
0.0556182861328125 -0.0397911071777344 0.03369140625 0.07354736328125
-0.0212059020996094 -0.0379714965820312 0.246826171875 0.0094146728515625
-0.0210056304931641 -0.00788116455078125 0.34197998046875 -0.16973876953125
0.00363254547119141 0.00667667388916016 0.339324951171875 -0.3062744140625
-0.0152721405029297 -0.0185089111328125 0.34228515625 -0.364227294921875
-0.00789642333984374 -0.0590934753417969 0.38543701171875 -0.322784423828125
0.0384445190429687 -0.0885772705078125 0.378875732421875 -0.2662353515625
0.145431518554688 -0.0839691162109375 0.386688232421875 -0.147918701171875
0.201751708984375 0.09814453125 0.349945068359375 0.04815673828125
0.0719451904296875 0.251953125 0.0773544311523438 -0.0220565795898437
-0.047607421875 0.217819213867188 0.011444091796875 -0.47149658203125
-0.09979248046875 0.42291259765625 -0.114990234375 -0.374755859375
-0.028167724609375 0.45623779296875 -0.00732421875000001 -0.739990234375
0.132781982421875 0.370330810546875 -0.321563720703125 -0.5194091796875
0.23223876953125 0.19921875 -0.264053344726563 -0.0983428955078125
0.201339721679687 0.054229736328125 -0.00605010986328123 0.1005859375
0.169174194335938 -0.036529541015625 0.245956420898438 0.0232391357421875
0.143844604492187 -0.078125 0.32855224609375 -0.156097412109375
0.15362548828125 -0.0581207275390625 0.315582275390625 -0.289215087890625
0.15057373046875 -0.084442138671875 0.325927734375 -0.34228515625
0.163192749023438 -0.0836639404296875 0.383392333984375 -0.299041748046875
0.182205200195313 -0.051025390625 0.375762939453125 -0.23040771484375
0.252517700195313 -0.0134429931640625 0.378387451171875 -0.117218017578125
0.270339965820313 0.171890258789063 0.328155517578125 0.049224853515625
0.167388916015625 0.349395751953125 0.109138488769531 0.00392913818359377
0.066314697265625 0.376617431640625 0.014923095703125 -0.39337158203125
0.03955078125 0.540008544921875 -0.119308471679687 -0.23455810546875
0.08953857421875 0.52301025390625 4.59974823084894E-17 -0.66168212890625
0.19207763671875 0.435516357421875 -0.38397216796875 -0.535552978515625
0.311798095703125 0.29840087890625 -0.366455078125 -0.088897705078125
0.326416015625 0.121307373046875 -0.0889968872070312 0.128395080566406
0.3385009765625 -0.038970947265625 0.185714721679688 0.05560302734375
0.28802490234375 -0.13916015625 0.263885498046875 -0.105972290039063
0.28167724609375 -0.11279296875 0.247955322265625 -0.229034423828125
0.295989990234375 -0.136016845703125 0.270233154296875 -0.282928466796875
0.31915283203125 -0.093536376953125 0.345794677734375 -0.2471923828125
0.31451416015625 0.001953125 0.3568115234375 -0.18096923828125
0.347808837890625 0.078643798828125 0.374664306640625 -0.0743408203125
0.302703857421875 0.2550048828125 0.323455810546875 0.089935302734375
0.220428466796875 0.4202880859375 0.151702880859375 0.082366943359375
0.160064697265625 0.477020263671875 0.0318450927734375 -0.263214111328125
0.19488525390625 0.5657958984375 -0.10028076171875 -0.0678329467773437
0.227630615234375 0.490814208984375 -0.0104675292968749 -0.549560546875
0.249755859375 0.39739990234375 -0.44989013671875 -0.49371337890625
0.350738525390625 0.31396484375 -0.470703125 -0.0502929687499999
0.395904541015625 0.146240234375 -0.192703247070312 0.166549682617188
0.4498291015625 -0.048370361328125 0.0787429809570313 0.108383178710937
0.3861083984375 -0.18206787109375 0.153335571289063 -0.0234222412109375
0.368988037109375 -0.151641845703125 0.146713256835938 -0.135238647460938
0.400482177734375 -0.163177490234375 0.180984497070313 -0.1927490234375
0.434051513671875 -0.076873779296875 0.269805908203125 -0.174026489257813
0.407928466796875 0.071533203125 0.309722900390625 -0.117340087890625
0.40185546875 0.17950439453125 0.36309814453125 -0.015655517578125
0.284332275390625 0.33349609375 0.325439453125 0.165740966796875
0.22052001953125 0.449859619140625 0.192047119140625 0.208221435546875
0.217071533203125 0.508636474609375 0.0505218505859375 -0.0918502807617187
0.316131591796875 0.4896240234375 -0.0566787719726562 0.0951995849609375
0.31365966796875 0.36163330078125 -0.0306396484374999 -0.416748046875
0.2437744140625 0.28411865234375 -0.493408203125 -0.394287109375
0.314483642578125 0.271270751953125 -0.536529541015625 0.0240783691406249
0.389739990234375 0.143798828125 -0.285919189453125 0.214019775390625
0.48406982421875 -0.05206298828125 -0.049041748046875 0.177032470703125
0.4227294921875 -0.195587158203125 0.0189056396484375 0.0803298950195312
0.400115966796875 -0.1649169921875 0.0238780975341797 -0.0247306823730469
0.44891357421875 -0.16107177734375 0.0638961791992188 -0.0902099609375
0.4832763671875 -0.0382080078125 0.158111572265625 -0.0950469970703125
0.434783935546875 0.144805908203125 0.233978271484375 -0.050689697265625
0.383636474609375 0.26727294921875 0.32861328125 0.050628662109375
0.206329345703125 0.3681640625 0.309326171875 0.2640380859375
0.175872802734375 0.414703369140625 0.207183837890625 0.366546630859375
0.2452392578125 0.465057373046875 0.057708740234375 0.0965805053710938
0.36627197265625 0.32745361328125 -0.004425048828125 0.23077392578125
0.295806884765625 0.174346923828125 -0.0554351806640625 -0.279296875
0.1533203125 0.154190063476563 -0.493011474609375 -0.261566162109375
0.209503173828125 0.217041015625 -0.546051025390625 0.102630615234375
0.317535400390625 0.13525390625 -0.345733642578125 0.254669189453125
0.441375732421875 -0.040863037109375 -0.168212890625 0.246337890625
0.3922119140625 -0.180145263671875 -0.116836547851562 0.18701171875
0.371826171875 -0.156097412109375 -0.102890014648437 0.0877304077148437
0.4310302734375 -0.13568115234375 -0.0633659362792969 0.00570297241210937
0.453643798828125 0.008056640625 0.0287818908691407 -0.0307445526123047
0.3782958984375 0.19598388671875 0.141921997070313 -0.00276184082031249
0.283660888671875 0.305877685546875 0.27325439453125 0.106964111328125
0.0863037109375 0.319732666015625 0.270233154296875 0.366973876953125
0.1142578125 0.297607421875 0.180389404296875 0.52764892578125
0.258514404296875 0.347015380859375 0.053497314453125 0.2689208984375
0.339752197265625 0.110870361328125 0.042388916015625 0.32196044921875
0.181976318359375 -0.0176849365234375 -0.078094482421875 -0.15863037109375
0.0111274719238281 0.0520477294921875 -0.452239990234375 -0.13861083984375
0.0772705078125 0.17376708984375 -0.50927734375 0.156036376953125
0.207839965820313 0.127273559570313 -0.3721923828125 0.270751953125
0.3419189453125 -0.013763427734375 -0.266021728515625 0.30169677734375
0.304107666015625 -0.1317138671875 -0.232315063476562 0.281143188476563
0.28717041015625 -0.123626708984375 -0.213272094726562 0.187423706054688
0.351593017578125 -0.094970703125 -0.179641723632812 0.083343505859375
0.356170654296875 0.04388427734375 -0.0955429077148437 0.00797271728515626
0.257293701171875 0.201217651367188 0.0552444458007813 0.01318359375
0.134872436523437 0.268035888671875 0.213394165039063 0.135086059570313
-0.0274505615234375 0.182754516601563 0.214569091796875 0.453094482421875
0.0755233764648438 0.110237121582031 0.11822509765625 0.65643310546875
0.270355224609375 0.175399780273438 0.047454833984375 0.40240478515625
0.250320434570312 -0.112518310546875 0.069854736328125 0.360565185546875
0.0250091552734375 -0.176101684570312 -0.0945587158203125 -0.0747604370117188
-0.130050659179688 -0.0180130004882812 -0.3931884765625 -0.055816650390625
-0.0499954223632812 0.131698608398438 -0.458465576171875 0.16717529296875
0.0836334228515625 0.115943908691406 -0.381439208984375 0.25714111328125
0.200424194335938 0.024749755859375 -0.336456298828125 0.3310546875
0.172042846679687 -0.0593109130859375 -0.311676025390625 0.3438720703125
0.160308837890625 -0.0717315673828125 -0.287689208984375 0.25927734375
0.217987060546875 -0.0433807373046875 -0.264114379882813 0.134262084960938
0.203598022460938 0.05810546875 -0.190078735351563 0.0194244384765625
0.103363037109375 0.152587890625 -0.00208783149719238 0.00246572494506837
-0.0174713134765625 0.154083251953125 0.179855346679688 0.140151977539063
-0.0904388427734375 -0.013153076171875 0.173828125 0.519012451171875
0.0791473388671875 -0.108428955078125 0.0516357421875 0.73956298828125
0.276382446289063 -0.0231475830078125 0.051361083984375 0.474700927734375
-0.167861938476563 0.255645751953125 -0.134979248046875 -0.447174072265625
-0.053619384765625 0.31768798828125 -0.0989990234374999 -0.7513427734375
0.116973876953125 0.207168579101562 -0.313079833984375 -0.4371337890625
0.137176513671875 0.0251388549804688 -0.189224243164062 -0.081634521484375
0.0487098693847656 -0.0451889038085938 0.04925537109375 0.0665740966796875
-0.0270748138427734 -0.0335731506347656 0.250442504882813 -0.0164337158203125
-0.021240234375 -0.0034942626953125 0.323944091796875 -0.202606201171875
0.00394964218139648 0.00622797012329101 0.30255126953125 -0.333984375
-0.0186061859130859 -0.0165767669677734 0.30023193359375 -0.3876953125
-0.0152816772460938 -0.0561180114746094 0.34771728515625 -0.347900390625
0.02838134765625 -0.0894775390625 0.345672607421875 -0.293182373046875
0.132736206054688 -0.0967941284179688 0.363128662109375 -0.18084716796875
0.208084106445312 0.0765533447265625 0.3472900390625 0.01080322265625
0.094757080078125 0.241073608398437 0.072235107421875 -0.0310287475585937
-0.0299224853515625 0.218795776367188 -0.029144287109375 -0.466400146484375
-0.063201904296875 0.426422119140625 -0.142486572265625 -0.358428955078125
0.01153564453125 0.4549560546875 -0.06793212890625 -0.7279052734375
0.16021728515625 0.35516357421875 -0.35919189453125 -0.47918701171875
0.244491577148438 0.174728393554688 -0.25860595703125 -0.07293701171875
0.203109741210938 0.03485107421875 0.01318359375 0.0963821411132813
0.160903930664063 -0.050994873046875 0.249679565429688 -0.0045013427734375
0.133369445800781 -0.087890625 0.3128662109375 -0.19000244140625
0.14495849609375 -0.0701141357421875 0.281890869140625 -0.31634521484375
0.138519287109375 -0.097442626953125 0.286529541015625 -0.365875244140625
0.151779174804688 -0.096832275390625 0.3482666015625 -0.326416015625
0.17413330078125 -0.0661468505859375 0.34698486328125 -0.259185791015625
0.2457275390625 -0.036651611328125 0.357177734375 -0.150115966796875
0.28076171875 0.14373779296875 0.324310302734375 0.013916015625
0.196075439453125 0.331787109375 0.105964660644531 -0.00799560546874998
0.096282958984375 0.3663330078125 -0.019866943359375 -0.392059326171875
0.0833129882812499 0.52996826171875 -0.134429931640625 -0.219436645507812
0.130126953125 0.5096435546875 -0.05535888671875 -0.6534423828125
0.22308349609375 0.4132080078125 -0.421783447265625 -0.4896240234375
0.33172607421875 0.266815185546875 -0.3570556640625 -0.053924560546875
0.330902099609375 0.0897216796875 -0.0661697387695313 0.130790710449219
0.326751708984375 -0.067840576171875 0.191848754882813 0.0312042236328125
0.268707275390625 -0.161392211914063 0.252349853515625 -0.135238647460938
0.266220092773438 -0.138153076171875 0.22216796875 -0.251754760742188
0.277725219726563 -0.162628173828125 0.236663818359375 -0.3017578125
0.305450439453125 -0.121124267578125 0.31585693359375 -0.27423095703125
0.310333251953125 -0.024566650390625 0.32977294921875 -0.210906982421875
0.34814453125 0.044525146484375 0.35760498046875 -0.10888671875
0.318756103515625 0.22528076171875 0.32208251953125 0.05706787109375
0.253143310546875 0.3980712890625 0.154281616210938 0.065582275390625
0.196624755859375 0.457000732421875 0.00787353515625002 -0.263580322265625
0.238555908203125 0.543243408203125 -0.101539611816406 -0.0573806762695312
0.263427734375 0.466827392578125 -0.056549072265625 -0.540252685546875
0.275970458984375 0.37249755859375 -0.4849853515625 -0.443634033203125
0.372833251953125 0.2786865234375 -0.457672119140625 -0.00680541992187501
0.404327392578125 0.10955810546875 -0.166397094726563 0.176834106445312
0.43670654296875 -0.086090087890625 0.0916671752929688 0.09234619140625
0.36083984375 -0.212066650390625 0.152603149414063 -0.044769287109375
0.346466064453125 -0.18450927734375 0.132827758789063 -0.151443481445312
0.377349853515625 -0.2027587890625 0.157089233398438 -0.205535888671875
0.41998291015625 -0.117431640625 0.246475219726563 -0.196197509765625
0.41070556640625 0.03521728515625 0.288848876953125 -0.14453125
0.4124755859375 0.13909912109375 0.351165771484375 -0.051788330078125
0.307342529296875 0.304656982421875 0.328369140625 0.131561279296875
0.253021240234375 0.428863525390625 0.2049560546875 0.187210083007813
0.257568359375 0.48419189453125 0.0392227172851563 -0.0958023071289062
0.351531982421875 0.45660400390625 -0.0468597412109375 0.09942626953125
0.3343505859375 0.331085205078125 -0.064422607421875 -0.4053955078125
0.260940551757813 0.263702392578125 -0.518157958984375 -0.3402099609375
0.33551025390625 0.243194580078125 -0.516937255859375 0.0729980468750001
0.39971923828125 0.10906982421875 -0.254959106445313 0.231964111328125
0.473602294921875 -0.094879150390625 -0.02874755859375 0.171859741210938
0.396728515625 -0.2314453125 0.029449462890625 0.0687332153320313
0.376739501953125 -0.201568603515625 0.0215549468994141 -0.0316390991210938
0.42620849609375 -0.204376220703125 0.0514984130859375 -0.0947189331054688
0.47344970703125 -0.084930419921875 0.14324951171875 -0.108291625976563
0.4420166015625 0.103759765625 0.220748901367188 -0.0737762451171875
0.40277099609375 0.226837158203125 0.322021484375 0.01739501953125
0.23211669921875 0.344635009765625 0.32318115234375 0.23193359375
0.2049560546875 0.398406982421875 0.232757568359375 0.3419189453125
0.281005859375 0.436492919921875 0.063201904296875 0.0892181396484375
0.387115478515625 0.292449951171875 0.016571044921875 0.230499267578125
0.299835205078125 0.1490478515625 -0.077850341796875 -0.26910400390625
0.161163330078125 0.143829345703125 -0.5062255859375 -0.2081298828125
0.227645874023438 0.199371337890625 -0.521942138671875 0.15045166015625
0.328399658203125 0.10791015625 -0.310760498046875 0.277923583984375
0.433380126953125 -0.07989501953125 -0.140579223632813 0.251113891601563
0.367584228515625 -0.2135009765625 -0.095367431640625 0.1875
0.349212646484375 -0.191986083984375 -0.0922775268554688 0.0914230346679687
0.411041259765625 -0.17889404296875 -0.0638084411621093 0.012359619140625
0.449127197265625 -0.036285400390625 0.0211410522460938 -0.0320320129394531
0.390716552734375 0.15997314453125 0.133506774902344 -0.018951416015625
0.309478759765625 0.274810791015625 0.271804809570312 0.0756988525390625
0.109619140625 0.309173583984375 0.291748046875 0.337493896484375
0.133758544921875 0.286956787109375 0.22113037109375 0.504241943359375
0.282989501953125 0.3211669921875 0.0731201171875 0.260406494140625
0.340911865234375 0.0802001953125 0.069549560546875 0.317779541015625
0.171463012695313 -0.0301055908203125 -0.0893402099609375 -0.145126342773437
0.0126495361328125 0.0554847717285156 -0.45404052734375 -0.08953857421875
0.09375 0.168655395507813 -0.48199462890625 0.19970703125
0.219711303710938 0.110748291015625 -0.3372802734375 0.2962646484375
0.3385009765625 -0.046234130859375 -0.2327880859375 0.31488037109375
0.28582763671875 -0.157623291015625 -0.20111083984375 0.291961669921875
0.268447875976563 -0.15240478515625 -0.190505981445312 0.19989013671875
0.336578369140625 -0.130340576171875 -0.171279907226562 0.1002197265625
0.355865478515625 0.00872802734375 -0.0972442626953125 0.0181198120117187
0.272720336914063 0.17608642578125 0.0490989685058594 0.00542831420898439
0.158309936523438 0.250900268554688 0.2152099609375 0.109664916992188
-0.01336669921875 0.184860229492188 0.247283935546875 0.425384521484375
0.07989501953125 0.104568481445313 0.17266845703125 0.6363525390625
0.279953002929688 0.14788818359375 0.077178955078125 0.39337158203125
0.234573364257813 -0.133346557617188 0.100982666015625 0.3541259765625
0.00376892089843749 -0.171875 -0.097503662109375 -0.059814453125
-0.130950927734375 -0.00204467773437501 -0.387664794921875 -0.0169067382812499
-0.0355224609375 0.136833190917969 -0.4302978515625 0.205322265625
0.09588623046875 0.108589172363281 -0.347015380859375 0.284393310546875
0.203536987304687 0.004150390625 -0.29931640625 0.351837158203125
0.164657592773438 -0.075927734375 -0.275054931640625 0.362823486328125
0.149124145507813 -0.088653564453125 -0.25775146484375 0.27813720703125
0.210662841796875 -0.0689544677734375 -0.25 0.158218383789062
0.209136962890625 0.03564453125 -0.191192626953125 0.0402069091796875
0.117080688476563 0.142913818359375 -0.00913429260253905 -0.000496864318847646
-0.00265502929687502 0.152816772460937 0.1817626953125 0.117095947265625
-0.0917739868164062 -0.00394439697265623 0.214935302734375 0.493682861328125
0.0654220581054688 -0.113304138183594 0.11395263671875 0.72686767578125
0.269821166992188 -0.0494384765625 0.0875244140625 0.462310791015625
-0.14825439453125 0.256134033203125 -0.150115966796875 -0.42498779296875
-0.031341552734375 0.313446044921875 -0.136474609375 -0.72015380859375
0.125228881835937 0.194229125976562 -0.32427978515625 -0.401824951171875
0.133041381835938 0.0159912109375 -0.179092407226563 -0.0704498291015625
0.041656494140625 -0.0464820861816406 0.0602493286132813 0.0584182739257813
-0.0309963226318359 -0.0297431945800781 0.247329711914063 -0.0361480712890625
-0.0202960968017578 -8.20159912109363E-05 0.3017578125 -0.220367431640625
0.00316476821899414 0.00749588012695313 0.267364501953125 -0.343292236328125
-0.0210037231445312 -0.0139980316162109 0.26641845703125 -0.39080810546875
-0.0203094482421875 -0.0519485473632813 0.31512451171875 -0.3533935546875
0.021636962890625 -0.0870361328125 0.3148193359375 -0.30218505859375
0.120040893554688 -0.1019287109375 0.337005615234375 -0.195892333984375
0.207000732421875 0.0598602294921875 0.3338623046875 -0.01568603515625
0.107894897460938 0.2293701171875 0.0665855407714844 -0.0357170104980469
-0.019805908203125 0.213973999023438 -0.05450439453125 -0.45184326171875
-0.038360595703125 0.41546630859375 -0.15283203125 -0.33819580078125
0.037078857421875 0.441497802734375 -0.10491943359375 -0.69952392578125
0.174530029296875 0.336700439453125 -0.370849609375 -0.43902587890625
0.245803833007813 0.155075073242188 -0.244979858398437 -0.0572662353515625
0.196258544921875 0.02130126953125 0.0272064208984375 0.0887603759765625
0.149688720703125 -0.0567169189453125 0.247039794921875 -0.0242156982421875
0.123001098632813 -0.0901412963867188 0.2923583984375 -0.210174560546875
0.134941101074219 -0.076873779296875 0.248260498046875 -0.325439453125
0.126632690429687 -0.10296630859375 0.25244140625 -0.370513916015625
0.140426635742188 -0.101974487304688 0.31646728515625 -0.3331298828125
0.16558837890625 -0.072418212890625 0.316436767578125 -0.2711181640625
0.234512329101563 -0.04986572265625 0.332427978515625 -0.16790771484375
0.279693603515625 0.124237060546875 0.31072998046875 -0.00778198242187499
0.209625244140625 0.31219482421875 0.100067138671875 -0.0158462524414062
0.111968994140625 0.351776123046875 -0.040924072265625 -0.380615234375
0.109527587890625 0.508575439453125 -0.139190673828125 -0.20562744140625
0.15380859375 0.489349365234375 -0.08831787109375 -0.627685546875
0.237335205078125 0.390899658203125 -0.433563232421875 -0.4471435546875
0.337890625 0.239501953125 -0.34002685546875 -0.0326538085937499
0.325927734375 0.06866455078125 -0.0482559204101562 0.12548828125
0.31024169921875 -0.08526611328125 0.192138671875 0.0117340087890625
0.249191284179688 -0.170700073242187 0.23748779296875 -0.154632568359375
0.246978759765625 -0.150634765625 0.196319580078125 -0.26031494140625
0.256027221679688 -0.176437377929688 0.209197998046875 -0.30474853515625
0.28778076171875 -0.1356201171875 0.285797119140625 -0.28216552734375
0.300750732421875 -0.040252685546875 0.30340576171875 -0.222869873046875
0.340576171875 0.0233154296875 0.334503173828125 -0.1268310546875
0.31878662109375 0.201171875 0.31060791015625 0.033447265625
0.26702880859375 0.3758544921875 0.150405883789063 0.0522003173828125
0.214080810546875 0.434234619140625 -0.008209228515625 -0.2579345703125
0.26019287109375 0.514129638671875 -0.0984954833984375 -0.0492706298828125
0.27899169921875 0.440826416015625 -0.0820312499999999 -0.5213623046875
0.285125732421875 0.350433349609375 -0.491058349609375 -0.398223876953125
0.379547119140625 0.252593994140625 -0.433837890625 0.0211181640624999
0.400054931640625 0.0845947265625 -0.143112182617187 0.176986694335938
0.41729736328125 -0.109832763671875 0.0974044799804688 0.0765609741210938
0.334625244140625 -0.226776123046875 0.14556884765625 -0.06170654296875
0.32275390625 -0.20135498046875 0.1168212890625 -0.158950805664063
0.351470947265625 -0.22015380859375 0.136947631835938 -0.206527709960938
0.398956298828125 -0.1405029296875 0.222640991210938 -0.202392578125
0.400543212890625 0.011505126953125 0.266311645507813 -0.157852172851563
0.4073486328125 0.11029052734375 0.331512451171875 -0.072052001953125
0.312255859375 0.28076171875 0.32159423828125 0.106597900390625
0.26806640625 0.405792236328125 0.20623779296875 0.168045043945313
0.274139404296875 0.45611572265625 0.031768798828125 -0.0965423583984375
0.36578369140625 0.42413330078125 -0.0370330810546875 0.100273132324219
0.339141845703125 0.305908203125 -0.08209228515625 -0.3890380859375
0.26470947265625 0.245956420898438 -0.516998291015625 -0.296539306640625
0.341400146484375 0.220489501953125 -0.4862060546875 0.0987854003906251
0.395660400390625 0.0849609375 -0.226943969726563 0.235824584960938
0.452911376953125 -0.12005615234375 -0.0144500732421875 0.160568237304688
0.36883544921875 -0.24774169921875 0.0331764221191406 0.0568122863769531
0.348724365234375 -0.22039794921875 0.0182380676269531 -0.0363731384277344
0.395233154296875 -0.228668212890625 0.0414276123046875 -0.0934677124023438
0.453155517578125 -0.11285400390625 0.128173828125 -0.112220764160156
0.4344482421875 0.074493408203125 0.20355224609375 -0.0847625732421875
0.40411376953125 0.19647216796875 0.30670166015625 -0.00439453124999999
0.2415771484375 0.324249267578125 0.320037841796875 0.20587158203125
0.217864990234375 0.378936767578125 0.24359130859375 0.31732177734375
0.294586181640625 0.40936279296875 0.0643768310546875 0.0824050903320313
0.39044189453125 0.261688232421875 0.0298919677734375 0.223831176757813
0.296112060546875 0.13226318359375 -0.0878143310546875 -0.253128051757813
0.1607666015625 0.13580322265625 -0.49945068359375 -0.1688232421875
0.234954833984375 0.184738159179688 -0.48687744140625 0.177154541015625
0.32843017578125 0.087493896484375 -0.279205322265625 0.2835693359375
0.416839599609375 -0.1053466796875 -0.119842529296875 0.24530029296875
0.343170166015625 -0.230133056640625 -0.0802001953125 0.179000854492187
0.322509765625 -0.20947265625 -0.08404541015625 0.0893936157226562
0.38525390625 -0.202850341796875 -0.0633354187011718 0.0176811218261719
0.4334716796875 -0.0667724609375 0.014852523803711 -0.03045654296875
0.389801025390625 0.131195068359375 0.121589660644531 -0.0274658203125
0.316009521484375 0.246917724609375 0.260299682617188 0.056304931640625
0.121490478515625 0.2957763671875 0.297576904296875 0.30877685546875
0.142501831054687 0.274703979492188 0.24005126953125 0.47406005859375
0.290130615234375 0.293609619140625 0.082275390625 0.249069213867188
0.334747314453125 0.06011962890625 0.08624267578125 0.30615234375
0.16033935546875 -0.0350189208984375 -0.0913314819335938 -0.131843566894531
0.0136604309082031 0.0590362548828125 -0.4398193359375 -0.0566101074218749
0.102584838867188 0.162567138671875 -0.446929931640625 0.22265625
0.223617553710937 0.09661865234375 -0.30419921875 0.303863525390625
0.327911376953125 -0.066436767578125 -0.2060546875 0.312591552734375
0.266616821289063 -0.17242431640625 -0.1766357421875 0.289154052734375
0.247512817382813 -0.16583251953125 -0.171478271484375 0.201614379882813
0.31585693359375 -0.1534423828125 -0.161148071289062 0.110061645507813
0.347320556640625 -0.01751708984375 -0.0977935791015625 0.0270767211914062
0.277130126953125 0.154647827148438 0.0397453308105469 0.00108718872070313
0.169952392578125 0.2335205078125 0.20697021484375 0.0909271240234375
-0.00476074218750001 0.181442260742188 0.260284423828125 0.3968505859375
0.0797348022460938 0.0992813110351563 0.20306396484375 0.60736083984375
0.278030395507813 0.126708984375 0.092803955078125 0.376861572265625
0.21881103515625 -0.142837524414063 0.11785888671875 0.33990478515625
-0.00946044921875001 -0.163314819335938 -0.0948028564453125 -0.0473251342773438
-0.12664794921875 0.00988769531250003 -0.369415283203125 0.0102844238281249
-0.0248641967773437 0.138389587402344 -0.3983154296875 0.223846435546875
0.102912902832031 0.1016845703125 -0.31640625 0.29315185546875
0.20025634765625 -0.0115509033203125 -0.2664794921875 0.353668212890625
0.153900146484375 -0.084930419921875 -0.243316650390625 0.365386962890625
0.136016845703125 -0.0968475341796875 -0.231781005859375 0.282501220703125
0.198287963867188 -0.084228515625 -0.233367919921875 0.17236328125
0.207244873046875 0.0191650390625 -0.185775756835938 0.0551910400390625
0.123992919921875 0.132026672363281 -0.0168075561523437 -0.0010538101196289
0.007293701171875 0.148651123046875 0.174102783203125 0.0993194580078125
-0.0907821655273438 0.00249481201171876 0.235870361328125 0.463623046875
0.0540771484375 -0.112510681152344 0.1505126953125 0.6971435546875
0.2564697265625 -0.065673828125 0.1038818359375 0.445220947265625
-0.1390380859375 0.254074096679688 -0.152496337890625 -0.41021728515625
-0.020294189453125 0.30828857421875 -0.14776611328125 -0.70001220703125
0.130218505859375 0.187240600585938 -0.32177734375 -0.382720947265625
0.129737854003906 0.01092529296875 -0.169479370117188 -0.06683349609375
0.0383491516113281 -0.0467605590820313 0.067626953125 0.0510025024414062
-0.0342044830322266 -0.0258617401123047 0.247177124023438 -0.047027587890625
-0.0206108093261719 0.00273323059082032 0.287872314453125 -0.22894287109375
0.0035090446472168 0.00874090194702148 0.247039794921875 -0.3428955078125
-0.022979736328125 -0.010986328125 0.246185302734375 -0.38751220703125
-0.0221481323242187 -0.0486602783203125 0.29779052734375 -0.3515625
0.0185775756835937 -0.0856857299804688 0.29718017578125 -0.302825927734375
0.110939025878906 -0.103363037109375 0.3212890625 -0.201080322265625
0.204833984375 0.05169677734375 0.324005126953125 -0.028411865234375
0.11376953125 0.222824096679688 0.061126708984375 -0.0376968383789062
-0.0160980224609375 0.211883544921875 -0.066497802734375 -0.444000244140625
-0.026947021484375 0.407470703125 -0.153045654296875 -0.32708740234375
0.050048828125 0.43499755859375 -0.11639404296875 -0.6807861328125
0.180023193359375 0.325897216796875 -0.370330810546875 -0.418426513671875
0.245986938476563 0.145355224609375 -0.233535766601562 -0.0516510009765624
0.192108154296875 0.0142974853515625 0.035064697265625 0.0808639526367188
0.14306640625 -0.058441162109375 0.246307373046875 -0.0379486083984375
0.117141723632813 -0.0906143188476563 0.28118896484375 -0.2200927734375
0.128570556640625 -0.0786514282226562 0.229827880859375 -0.326019287109375
0.118629455566406 -0.103866577148438 0.2340087890625 -0.36724853515625
0.134178161621094 -0.102935791015625 0.297576904296875 -0.33453369140625
0.161590576171875 -0.07415771484375 0.2998046875 -0.272003173828125
0.227493286132813 -0.05511474609375 0.316497802734375 -0.173553466796875
0.27532958984375 0.114471435546875 0.300048828125 -0.018341064453125
0.215484619140625 0.3050537109375 0.0961761474609375 -0.0195770263671875
0.116180419921875 0.343353271484375 -0.051025390625 -0.373504638671875
0.119171142578125 0.4945068359375 -0.135894775390625 -0.19610595703125
0.164337158203125 0.477996826171875 -0.09857177734375 -0.61151123046875
0.241790771484375 0.381622314453125 -0.431854248046875 -0.423858642578125
0.33843994140625 0.228302001953125 -0.326171875 -0.02545166015625
0.321014404296875 0.05877685546875 -0.0378875732421875 0.119400024414063
0.300537109375 -0.091644287109375 0.193984985351563 -0.00143432617187501
0.236373901367188 -0.173065185546875 0.228515625 -0.16546630859375
0.236343383789063 -0.154647827148437 0.182022094726563 -0.263290405273438
0.24334716796875 -0.181243896484375 0.19366455078125 -0.302764892578125
0.277740478515625 -0.141632080078125 0.270599365234375 -0.28302001953125
0.29571533203125 -0.0465087890625 0.286407470703125 -0.22625732421875
0.333251953125 0.01287841796875 0.31988525390625 -0.13372802734375
0.315185546875 0.19189453125 0.300872802734375 0.024200439453125
0.269683837890625 0.365966796875 0.146942138671875 0.046295166015625
0.2186279296875 0.4232177734375 -0.015380859375 -0.254989624023438
0.26849365234375 0.496795654296875 -0.09375 -0.0461883544921875
0.2838134765625 0.428466796875 -0.089996337890625 -0.507568359375
0.28582763671875 0.341827392578125 -0.488677978515625 -0.375885009765625
0.3800048828125 0.240325927734375 -0.41571044921875 0.0285034179687501
0.39447021484375 0.073333740234375 -0.12908935546875 0.172256469726563
0.404296875 -0.120269775390625 0.101417541503906 0.0648422241210937
0.320404052734375 -0.229705810546875 0.140449523925781 -0.0734176635742188
0.30816650390625 -0.207366943359375 0.106613159179688 -0.16168212890625
0.33355712890625 -0.22918701171875 0.126449584960938 -0.20458984375
0.386688232421875 -0.15045166015625 0.209182739257813 -0.204483032226562
0.394989013671875 6.103515625E-05 0.250686645507813 -0.161392211914063
0.401458740234375 0.097900390625 0.31573486328125 -0.079315185546875
0.310791015625 0.270111083984375 0.312469482421875 0.097442626953125
0.27239990234375 0.39532470703125 0.203811645507813 0.157958984375
0.27923583984375 0.44232177734375 0.0279998779296875 -0.0973587036132812
0.367767333984375 0.407989501953125 -0.0317764282226562 0.0993881225585938
0.339263916015625 0.2945556640625 -0.088165283203125 -0.37908935546875
0.262344360351563 0.239959716796875 -0.51068115234375 -0.27471923828125
0.344085693359375 0.2119140625 -0.466796875 0.109344482421875
0.39398193359375 0.0745849609375 -0.209579467773438 0.232131958007812
0.44110107421875 -0.1304931640625 -0.00688171386718746 0.151458740234375
0.351104736328125 -0.25286865234375 0.0335960388183594 0.0467567443847656
0.33258056640625 -0.22698974609375 0.0144424438476563 -0.0401802062988281
0.3773193359375 -0.238037109375 0.0376815795898438 -0.090545654296875
0.440093994140625 -0.126312255859375 0.118553161621094 -0.112625122070313
0.4320068359375 0.0628662109375 0.1904296875 -0.0883941650390625
0.402099609375 0.180694580078125 0.293792724609375 -0.013458251953125
0.242279052734375 0.314361572265625 0.314117431640625 0.192840576171875
0.22235107421875 0.37115478515625 0.2437744140625 0.304351806640625
0.29779052734375 0.3953857421875 0.0624847412109375 0.0794677734375
0.389434814453125 0.24609375 0.0368499755859375 0.219467163085938
0.2906494140625 0.12457275390625 -0.08941650390625 -0.243865966796875
0.160232543945313 0.135238647460937 -0.48687744140625 -0.15045166015625
0.23834228515625 0.178970336914063 -0.463714599609375 0.185333251953125
0.328948974609375 0.078948974609375 -0.260223388671875 0.28173828125
0.409637451171875 -0.11651611328125 -0.107986450195312 0.237197875976563
0.329437255859375 -0.235504150390625 -0.0746612548828125 0.171371459960937
0.307037353515625 -0.21441650390625 -0.0811309814453125 0.0857467651367188
0.366485595703125 -0.213958740234375 -0.0627059936523437 0.0211296081542969
0.423095703125 -0.08050537109375 0.0102500915527344 -0.0275039672851563
0.38787841796875 0.11883544921875 0.111427307128906 -0.0297698974609375
0.31732177734375 0.231781005859375 0.248992919921875 0.0460662841796875
0.123321533203125 0.2896728515625 0.296112060546875 0.2950439453125
0.144058227539063 0.269989013671875 0.246917724609375 0.457550048828125
0.290863037109375 0.280609130859375 0.0835418701171875 0.242706298828125
0.328155517578125 0.0509033203125 0.092987060546875 0.30023193359375
0.15460205078125 -0.03509521484375 -0.0895919799804687 -0.123580932617187
0.0138053894042969 0.0623321533203125 -0.4263916015625 -0.0420227050781251
0.1085205078125 0.1597900390625 -0.424072265625 0.229766845703125
0.226852416992188 0.0898895263671875 -0.28466796875 0.302276611328125
0.323150634765625 -0.0775146484375 -0.18927001953125 0.30731201171875
0.255813598632813 -0.178451538085938 -0.16595458984375 0.283416748046875
0.235000610351563 -0.17083740234375 -0.1629638671875 0.198745727539063
0.301300048828125 -0.163604736328125 -0.154129028320312 0.114944458007813
0.3409423828125 -0.031646728515625 -0.0977096557617187 0.032806396484375
0.277694702148438 0.144363403320313 0.0316600799560547 0.000654220581054696
0.172515869140625 0.223556518554687 0.197860717773438 0.08123779296875
-0.0028533935546875 0.180130004882812 0.261077880859375 0.37994384765625
0.077728271484375 0.0981903076171875 0.2113037109375 0.5908203125
0.273605346679687 0.11669921875 0.09625244140625 0.37017822265625
0.209716796875 -0.1453857421875 0.124298095703125 0.333404541015625
-0.015655517578125 -0.15643310546875 -0.090301513671875 -0.0394210815429688
-0.122245788574219 0.0156021118164063 -0.35638427734375 0.0214233398437499
-0.0185470581054687 0.138603210449219 -0.37847900390625 0.22998046875
0.107643127441406 0.0973129272460937 -0.29779052734375 0.292755126953125
0.199508666992188 -0.020751953125 -0.250823974609375 0.3502197265625
0.14788818359375 -0.0892181396484375 -0.228485107421875 0.3604736328125
0.127784729003906 -0.0993576049804688 -0.21734619140625 0.281463623046875
0.190460205078125 -0.092620849609375 -0.22320556640625 0.178985595703125
0.206497192382813 0.0103759765625 -0.182479858398437 0.064239501953125
0.128067016601563 0.127883911132813 -0.0242900848388672 0.000568389892578135
0.0116119384765625 0.145751953125 0.16436767578125 0.0899505615234375
-0.0906829833984375 0.00633239746093748 0.24029541015625 0.4451904296875
0.0472640991210938 -0.110443115234375 0.1636962890625 0.67913818359375
0.247879028320313 -0.0717926025390625 0.10968017578125 0.43438720703125
-0.138473510742188 0.256622314453125 -0.154541015625 -0.409698486328125
-0.012054443359375 0.313385009765625 -0.15447998046875 -0.70062255859375
0.135208129882813 0.1859130859375 -0.324493408203125 -0.37835693359375
0.130226135253906 0.00830841064453125 -0.166290283203125 -0.068695068359375
0.03546142578125 -0.0474128723144531 0.0748825073242188 0.0446243286132813
-0.0355110168457031 -0.0227890014648438 0.253768920898438 -0.0584564208984375
-0.0209827423095703 0.00497817993164062 0.285797119140625 -0.239990234375
0.003631591796875 0.0100345611572266 0.237945556640625 -0.3477783203125
-0.0252132415771484 -0.00814628601074218 0.239227294921875 -0.3914794921875
-0.024383544921875 -0.0467071533203125 0.29217529296875 -0.3572998046875
0.0173873901367187 -0.0858993530273438 0.2913818359375 -0.30621337890625
0.108642578125 -0.106346130371094 0.3145751953125 -0.20635986328125
0.2069091796875 0.047760009765625 0.321533203125 -0.037872314453125
0.120285034179688 0.224578857421875 0.0595359802246094 -0.0400886535644531
-0.014617919921875 0.216445922851563 -0.074859619140625 -0.446502685546875
-0.024505615234375 0.409942626953125 -0.15264892578125 -0.3267822265625
0.0579833984375 0.439727783203125 -0.12213134765625 -0.68194580078125
0.18621826171875 0.327880859375 -0.374267578125 -0.414886474609375
0.250335693359375 0.141815185546875 -0.23004150390625 -0.05133056640625
0.191390991210938 0.0116729736328125 0.0435638427734375 0.0753860473632813
0.1407470703125 -0.0600128173828125 0.252059936523438 -0.050384521484375
0.114547729492188 -0.0904159545898438 0.277252197265625 -0.232437133789063
0.127601623535156 -0.0801773071289063 0.2215576171875 -0.33148193359375
0.114578247070313 -0.106246948242188 0.226837158203125 -0.370635986328125
0.131607055664063 -0.106185913085938 0.291900634765625 -0.338104248046875
0.162704467773437 -0.076934814453125 0.293060302734375 -0.276580810546875
0.226593017578125 -0.0583038330078125 0.31195068359375 -0.17999267578125
0.278793334960938 0.1126708984375 0.29742431640625 -0.025848388671875
0.222808837890625 0.306976318359375 0.0927734375 -0.0227737426757812
0.1209716796875 0.346923828125 -0.057891845703125 -0.37725830078125
0.125244140625 0.497100830078125 -0.133987426757812 -0.196853637695313
0.1734619140625 0.48406982421875 -0.10284423828125 -0.61553955078125
0.248046875 0.38525390625 -0.43878173828125 -0.419647216796875
0.34637451171875 0.22479248046875 -0.32147216796875 -0.0233154296875
0.32470703125 0.053802490234375 -0.0302886962890625 0.116043090820313
0.299713134765625 -0.0958251953125 0.199417114257813 -0.0123748779296875
0.234527587890625 -0.175888061523438 0.22515869140625 -0.1781005859375
0.234054565429688 -0.159149169921875 0.173660278320313 -0.268692016601563
0.237747192382812 -0.186935424804687 0.1878662109375 -0.305877685546875
0.276199340820313 -0.147811889648438 0.26251220703125 -0.2884521484375
0.2991943359375 -0.0517578125 0.280792236328125 -0.229568481445313
0.336151123046875 0.00933837890625 0.31427001953125 -0.14007568359375
0.321197509765625 0.19091796875 0.29901123046875 0.019073486328125
0.280426025390625 0.370574951171875 0.145614624023438 0.0422821044921875
0.225677490234375 0.4234619140625 -0.0211181640625 -0.257659912109375
0.2760009765625 0.494476318359375 -0.090606689453125 -0.0454177856445312
0.2923583984375 0.429290771484375 -0.0941162109375 -0.510528564453125
0.291656494140625 0.345672607421875 -0.494415283203125 -0.36871337890625
0.388916015625 0.237457275390625 -0.410919189453125 0.0327758789062501
0.401336669921875 0.068084716796875 -0.121124267578125 0.171585083007813
0.405181884765625 -0.127166748046875 0.107353210449219 0.0554885864257813
0.318115234375 -0.238037109375 0.138999938964844 -0.08343505859375
0.30377197265625 -0.2144775390625 0.101272583007813 -0.167282104492187
0.328369140625 -0.237518310546875 0.121978759765625 -0.206039428710938
0.3851318359375 -0.160430908203125 0.202865600585938 -0.206695556640625
0.401824951171875 -0.0062255859375 0.2457275390625 -0.165435791015625
0.407012939453125 0.092498779296875 0.31109619140625 -0.084381103515625
0.31512451171875 0.27130126953125 0.312042236328125 0.09356689453125
0.280609130859375 0.3994140625 0.205642700195313 0.154708862304688
0.286529541015625 0.443634033203125 0.0239715576171875 -0.0988845825195312
0.375091552734375 0.403533935546875 -0.0271224975585937 0.1007080078125
0.346649169921875 0.294891357421875 -0.090087890625 -0.381103515625
0.268829345703125 0.243927001953125 -0.515045166015625 -0.26666259765625
0.352996826171875 0.20904541015625 -0.45941162109375 0.115386962890625
0.401153564453125 0.07037353515625 -0.20208740234375 0.233291625976562
0.442352294921875 -0.1405029296875 -0.00114440917968746 0.14447021484375
0.34881591796875 -0.26068115234375 0.033660888671875 0.03900146484375
0.32806396484375 -0.235504150390625 0.011474609375 -0.0433998107910156
0.371978759765625 -0.249542236328125 0.03411865234375 -0.0899887084960938
0.43988037109375 -0.137725830078125 0.1138916015625 -0.11236572265625
0.43756103515625 0.05584716796875 0.184951782226563 -0.090606689453125
0.408203125 0.175750732421875 0.287994384765625 -0.01800537109375
0.24713134765625 0.318084716796875 0.31573486328125 0.190093994140625
0.227203369140625 0.37542724609375 0.2484130859375 0.302032470703125
0.304229736328125 0.394287109375 0.0618667602539063 0.079010009765625
0.394622802734375 0.2427978515625 0.0417633056640625 0.221542358398438
0.2945556640625 0.1240234375 -0.0897979736328125 -0.24359130859375
0.16241455078125 0.139694213867188 -0.489471435546875 -0.143463134765625
0.247268676757813 0.17999267578125 -0.457122802734375 0.19293212890625
0.336669921875 0.07574462890625 -0.25274658203125 0.283233642578125
0.412933349609375 -0.1265869140625 -0.10137939453125 0.234588623046875
0.326416015625 -0.243408203125 -0.072601318359375 0.168411254882812
0.302490234375 -0.22332763671875 -0.0813369750976562 0.0846405029296875
0.3614501953125 -0.225341796875 -0.0615234375 0.0237922668457031
0.4246826171875 -0.092987060546875 0.00697517395019534 -0.0253982543945313
0.39544677734375 0.11431884765625 0.104171752929688 -0.030059814453125
0.323638916015625 0.22845458984375 0.24371337890625 0.04302978515625
0.126129150390625 0.29437255859375 0.296875 0.292633056640625
0.147613525390625 0.2747802734375 0.254241943359375 0.456024169921875
0.296478271484375 0.28057861328125 0.08514404296875 0.24346923828125
0.331787109375 0.04412841796875 0.098968505859375 0.303680419921875
0.154129028320313 -0.0347442626953125 -0.0880508422851563 -0.121170043945313
0.0151519775390625 0.0675086975097656 -0.4246826171875 -0.03436279296875
0.114776611328125 0.163116455078125 -0.41656494140625 0.237945556640625
0.234542846679688 0.088287353515625 -0.27740478515625 0.305877685546875
0.32733154296875 -0.087188720703125 -0.1834716796875 0.30816650390625
0.254989624023437 -0.185150146484375 -0.16204833984375 0.283447265625
0.230422973632813 -0.176605224609375 -0.160812377929687 0.20098876953125
0.297576904296875 -0.172882080078125 -0.152450561523438 0.120620727539062
0.3441162109375 -0.041168212890625 -0.100486755371094 0.039276123046875
0.285125732421875 0.141326904296875 0.024221420288086 0.00245857238769532
0.179031372070313 0.222808837890625 0.191696166992188 0.077667236328125
-0.00193786621093749 0.184646606445313 0.2655029296875 0.377593994140625
0.0772628784179688 0.101516723632813 0.22149658203125 0.59002685546875
0.276016235351563 0.113433837890625 0.0979309082031251 0.371795654296875
0.209197998046875 -0.151123046875 0.130859375 0.336944580078125
-0.0185699462890625 -0.153945922851563 -0.0877532958984375 -0.0350494384765625
-0.123069763183594 0.0210113525390625 -0.353759765625 0.0277099609375
-0.01275634765625 0.14385986328125 -0.37188720703125 0.236968994140625
0.113517761230469 0.0966567993164063 -0.29010009765625 0.296905517578125
0.203201293945312 -0.0294342041015625 -0.24383544921875 0.35345458984375
0.147018432617188 -0.0945892333984375 -0.2232666015625 0.365966796875
0.124580383300781 -0.102439880371094 -0.213775634765625 0.285614013671875
0.187454223632812 -0.100051879882812 -0.218490600585937 0.186614990234375
0.211166381835938 0.00274658203125 -0.184234619140625 0.074493408203125
0.134422302246094 0.12841796875 -0.0331554412841797 0.00412559509277345
0.014495849609375 0.147781372070313 0.159469604492188 0.0878143310546875
-0.09326171875 0.00989532470703124 0.245391845703125 0.442626953125
0.043731689453125 -0.11004638671875 0.175048828125 0.6820068359375
0.24737548828125 -0.07708740234375 0.11224365234375 0.438201904296875
-0.139175415039062 0.267898559570313 -0.163482666015625 -0.418426513671875
-0.001007080078125 0.325286865234375 -0.1727294921875 -0.71600341796875
0.147064208984375 0.187484741210938 -0.340179443359375 -0.380401611328125
0.135971069335937 0.00342559814453125 -0.167282104492188 -0.0688934326171875
0.03375244140625 -0.0493125915527344 0.0843734741210938 0.03924560546875
-0.0394744873046875 -0.0200881958007813 0.265090942382813 -0.0764923095703125
-0.0218048095703125 0.00942993164062501 0.285247802734375 -0.26129150390625
0.00433444976806641 0.0128936767578125 0.230926513671875 -0.361968994140625
-0.0278968811035156 -0.00351142883300781 0.233734130859375 -0.4053955078125
-0.0282859802246094 -0.045623779296875 0.290069580078125 -0.372650146484375
0.0161514282226563 -0.0882110595703125 0.2879638671875 -0.3211669921875
0.107025146484375 -0.112106323242188 0.315521240234375 -0.22137451171875
0.215530395507812 0.0417633056640625 0.32623291015625 -0.05224609375
0.133987426757813 0.229782104492187 0.0570564270019531 -0.0435142517089844
-0.00979614257812501 0.227493286132813 -0.09136962890625 -0.460296630859375
-0.01715087890625 0.4217529296875 -0.161224365234375 -0.33306884765625
0.0743713378906251 0.453460693359375 -0.13836669921875 -0.7010498046875
0.20367431640625 0.335205078125 -0.39410400390625 -0.415618896484375
0.263214111328125 0.138107299804688 -0.233001708984375 -0.0512847900390625
0.197921752929688 0.00701904296875 0.0530014038085938 0.0724639892578125
0.141632080078125 -0.06427001953125 0.263137817382813 -0.0692291259765625
0.113945007324219 -0.0941925048828125 0.276138305664063 -0.254974365234375
0.129257202148438 -0.0852890014648438 0.214569091796875 -0.34722900390625
0.112541198730469 -0.110420227050781 0.222412109375 -0.38519287109375
0.130615234375 -0.111831665039063 0.289764404296875 -0.354949951171875
0.166763305664063 -0.0834503173828125 0.289764404296875 -0.291961669921875
0.230758666992188 -0.0655975341796875 0.312164306640625 -0.193450927734375
0.290557861328125 0.109222412109375 0.30218505859375 -0.036102294921875
0.24212646484375 0.313262939453125 0.0922164916992188 -0.0264358520507812
0.13299560546875 0.35748291015625 -0.072601318359375 -0.389862060546875
0.137786865234375 0.507537841796875 -0.138275146484375 -0.200286865234375
0.1942138671875 0.49481201171875 -0.11724853515625 -0.63287353515625
0.267181396484375 0.394805908203125 -0.460540771484375 -0.419891357421875
0.365936279296875 0.221343994140625 -0.326507568359375 -0.018585205078125
0.33685302734375 0.04681396484375 -0.021484375 0.116325378417969
0.304290771484375 -0.108001708984375 0.208969116210938 -0.02862548828125
0.23486328125 -0.186203002929688 0.22509765625 -0.197601318359375
0.234939575195313 -0.171066284179688 0.167938232421875 -0.28192138671875
0.237106323242188 -0.198928833007812 0.1839599609375 -0.317596435546875
0.279403686523438 -0.160507202148438 0.260009765625 -0.301361083984375
0.30908203125 -0.0614013671875 0.278732299804688 -0.243698120117188
0.34771728515625 0 0.316192626953125 -0.1512451171875
0.335784912109375 0.19171142578125 0.304351806640625 0.011444091796875
0.30133056640625 0.37811279296875 0.1484375 0.03973388671875
0.24456787109375 0.4344482421875 -0.0310821533203125 -0.26666259765625
0.295166015625 0.50189208984375 -0.0918350219726563 -0.0459060668945312
0.314727783203125 0.4364013671875 -0.105926513671875 -0.5262451171875
0.3101806640625 0.35357666015625 -0.518280029296875 -0.367462158203125
0.411773681640625 0.235137939453125 -0.41741943359375 0.0427856445312501
0.417755126953125 0.0596923828125 -0.11553955078125 0.175796508789063
0.414642333984375 -0.144287109375 0.115959167480469 0.0452194213867187
0.3189697265625 -0.253204345703125 0.139244079589844 -0.0972518920898438
0.304473876953125 -0.2303466796875 0.09710693359375 -0.176437377929688
0.327178955078125 -0.254364013671875 0.11920166015625 -0.21490478515625
0.39239501953125 -0.179718017578125 0.200485229492188 -0.216812133789063
0.4168701171875 -0.01849365234375 0.244171142578125 -0.175399780273438
0.423675537109375 0.083160400390625 0.31298828125 -0.09442138671875
0.33062744140625 0.2769775390625 0.3193359375 0.0892333984375
0.3021240234375 0.409820556640625 0.212982177734375 0.153778076171875
0.306304931640625 0.451904296875 0.0204010009765625 -0.102874755859375
0.395355224609375 0.406524658203125 -0.02362060546875 0.103721618652344
0.36676025390625 0.297119140625 -0.099334716796875 -0.39093017578125
0.283660888671875 0.25103759765625 -0.53704833984375 -0.2607421875
0.374664306640625 0.20831298828125 -0.4661865234375 0.12896728515625
0.420013427734375 0.06134033203125 -0.197357177734375 0.243484497070313
0.455474853515625 -0.1607666015625 0.00700378417968753 0.141357421875
0.35137939453125 -0.2802734375 0.0343246459960938 0.0325603485107422
0.328826904296875 -0.2535400390625 0.00841140747070315 -0.0485763549804688
0.373016357421875 -0.269256591796875 0.0333328247070313 -0.09381103515625
0.44970703125 -0.157470703125 0.110984802246094 -0.116218566894531
0.456939697265625 0.044219970703125 0.182525634765625 -0.0970458984375
0.426116943359375 0.16900634765625 0.290374755859375 -0.02606201171875
0.26177978515625 0.32696533203125 0.325958251953125 0.18939208984375
0.246551513671875 0.38629150390625 0.26141357421875 0.303497314453125
0.323577880859375 0.401824951171875 0.063690185546875 0.0795974731445313
0.41302490234375 0.240020751953125 0.0498809814453125 0.227447509765625
0.3087158203125 0.12261962890625 -0.09503173828125 -0.249435424804688
0.17144775390625 0.14508056640625 -0.505096435546875 -0.13165283203125
0.264541625976563 0.181747436523437 -0.459228515625 0.210906982421875
0.35479736328125 0.0699462890625 -0.247528076171875 0.29718017578125
0.42352294921875 -0.146881103515625 -0.095001220703125 0.237823486328125
0.32794189453125 -0.2625732421875 -0.0702667236328125 0.169677734375
0.30419921875 -0.23992919921875 -0.082122802734375 0.0873489379882812
0.36151123046875 -0.245758056640625 -0.0620803833007812 0.0277633666992187
0.435546875 -0.11358642578125 0.00394248962402346 -0.0224266052246094
0.415985107421875 0.103607177734375 0.101303100585938 -0.0311050415039062
0.34149169921875 0.226959228515625 0.24407958984375 0.03753662109375
0.136962890625 0.30462646484375 0.310791015625 0.29376220703125
0.159332275390625 0.283966064453125 0.27264404296875 0.46380615234375
0.31201171875 0.28338623046875 0.0907440185546875 0.24993896484375
0.34326171875 0.035919189453125 0.11090087890625 0.311920166015625
0.158187866210938 -0.037200927734375 -0.0908203125 -0.121635437011719
0.0176773071289063 0.0740280151367188 -0.436309814453125 -0.0236511230468751
0.127410888671875 0.168670654296875 -0.41455078125 0.255126953125
0.249298095703125 0.0848388671875 -0.273651123046875 0.319732666015625
0.337158203125 -0.105499267578125 -0.17755126953125 0.317352294921875
0.256317138671875 -0.200790405273438 -0.15765380859375 0.294464111328125
0.229782104492188 -0.189208984375 -0.160659790039063 0.2105712890625
0.298858642578125 -0.190704345703125 -0.151779174804687 0.130508422851563
0.35516357421875 -0.057220458984375 -0.103889465332031 0.0483474731445312
0.303009033203125 0.13775634765625 0.0181713104248047 0.0050945281982422
0.191009521484375 0.224746704101562 0.190994262695313 0.0751800537109375
0.00100708007812499 0.19403076171875 0.281463623046875 0.382415771484375
0.081756591796875 0.106765747070313 0.2442626953125 0.6029052734375
0.286956787109375 0.11029052734375 0.10797119140625 0.381866455078125
0.211685180664062 -0.163345336914062 0.14410400390625 0.34771728515625
-0.0251007080078125 -0.156539916992187 -0.0878143310546875 -0.0307998657226563
-0.1265869140625 0.0284271240234375 -0.35955810546875 0.040313720703125
-0.00614929199218751 0.151123046875 -0.368743896484375 0.252716064453125
0.124038696289063 0.0962905883789063 -0.28692626953125 0.31134033203125
0.21038818359375 -0.0419921875 -0.23834228515625 0.368377685546875
0.14935302734375 -0.103775024414063 -0.21820068359375 0.384002685546875
0.123634338378906 -0.108596801757813 -0.211944580078125 0.300445556640625
0.187591552734375 -0.112442016601563 -0.21832275390625 0.201934814453125
0.219802856445312 -0.006927490234375 -0.189071655273437 0.0882720947265625
0.14703369140625 0.13006591796875 -0.0418052673339844 0.00926589965820313
0.0206756591796875 0.15301513671875 0.158065795898437 0.085723876953125
-0.09698486328125 0.0147705078125 0.263458251953125 0.44659423828125
0.0402908325195312 -0.112037658691406 0.19915771484375 0.69921875
0.252227783203125 -0.0866241455078125 0.123199462890625 0.450164794921875
-0.132415771484375 0.2850341796875 -0.18743896484375 -0.422943115234375
0.020233154296875 0.337738037109375 -0.213623046875 -0.73492431640625
0.164886474609375 0.185348510742187 -0.369781494140625 -0.373504638671875
0.138328552246094 -0.00677490234375 -0.17333984375 -0.0643157958984375
0.0303497314453125 -0.0513038635253906 0.0952606201171875 0.0300979614257812
-0.042877197265625 -0.0146331787109375 0.2728271484375 -0.103958129882812
-0.0221271514892578 0.0135707855224609 0.2763671875 -0.29193115234375
0.00516986846923828 0.0136842727661133 0.2161865234375 -0.385009765625
-0.0292930603027344 0.00158500671386719 0.219024658203125 -0.431884765625
-0.0324287414550781 -0.0434036254882813 0.27886962890625 -0.4005126953125
0.0109481811523437 -0.0948562622070312 0.27764892578125 -0.345794677734375
0.102973937988281 -0.120849609375 0.311004638671875 -0.2457275390625
0.226486206054687 0.0312042236328125 0.33148193359375 -0.076934814453125
0.155593872070312 0.231765747070313 0.0528221130371094 -0.0473442077636719
0.00236511230468752 0.239410400390625 -0.12347412109375 -0.471771240234375
0.00341796875 0.44073486328125 -0.1787109375 -0.336700439453125
0.1053466796875 0.4666748046875 -0.17706298828125 -0.7188720703125
0.23114013671875 0.3355712890625 -0.42803955078125 -0.408233642578125
0.280685424804688 0.125564575195313 -0.238784790039062 -0.0423126220703125
0.2052001953125 -0.0046539306640625 0.0633811950683594 0.0650901794433594
0.1414794921875 -0.07427978515625 0.269622802734375 -0.0982208251953125
0.113250732421875 -0.100601196289063 0.269287109375 -0.2860107421875
0.127815246582031 -0.0951080322265625 0.200469970703125 -0.368621826171875
0.109596252441406 -0.118980407714844 0.209930419921875 -0.40887451171875
0.130401611328125 -0.122489929199219 0.27801513671875 -0.381072998046875
0.169509887695312 -0.097015380859375 0.283721923828125 -0.317138671875
0.235458374023438 -0.0803985595703125 0.30987548828125 -0.21636962890625
0.309478759765625 0.098480224609375 0.3057861328125 -0.0557861328125
0.274566650390625 0.314117431640625 0.0910873413085938 -0.032073974609375
0.16009521484375 0.36602783203125 -0.10101318359375 -0.400299072265625
0.16961669921875 0.518402099609375 -0.151504516601562 -0.20098876953125
0.231475830078125 0.50408935546875 -0.15252685546875 -0.65216064453125
0.301055908203125 0.397491455078125 -0.499053955078125 -0.40911865234375
0.393707275390625 0.207183837890625 -0.3350830078125 -0.00396728515624994
0.353515625 0.02923583984375 -0.010040283203125 0.116783142089844
0.307403564453125 -0.129669189453125 0.215713500976563 -0.0518646240234375
0.232330322265625 -0.20477294921875 0.219451904296875 -0.2244873046875
0.233123779296875 -0.190521240234375 0.1556396484375 -0.301513671875
0.2315673828125 -0.21856689453125 0.1729736328125 -0.33917236328125
0.279800415039063 -0.1851806640625 0.250823974609375 -0.32403564453125
0.319549560546875 -0.0828857421875 0.272811889648438 -0.266311645507813
0.360809326171875 -0.01934814453125 0.314239501953125 -0.17138671875
0.35833740234375 0.18572998046875 0.31268310546875 -0.00558471679687499
0.339874267578125 0.378509521484375 0.151229858398438 0.0325927734375
0.2784423828125 0.4400634765625 -0.049346923828125 -0.275970458984375
0.329986572265625 0.5059814453125 -0.09552001953125 -0.0448379516601562
0.354461669921875 0.43499755859375 -0.13421630859375 -0.542724609375
0.344146728515625 0.35467529296875 -0.55731201171875 -0.350799560546875
0.4439697265625 0.221221923828125 -0.4259033203125 0.0643920898437501
0.440521240234375 0.037811279296875 -0.1038818359375 0.185302734375
0.422576904296875 -0.177734375 0.124000549316406 0.030303955078125
0.31622314453125 -0.28070068359375 0.135910034179688 -0.1165771484375
0.30133056640625 -0.25701904296875 0.087310791015625 -0.190948486328125
0.322479248046875 -0.284088134765625 0.111770629882813 -0.22821044921875
0.3946533203125 -0.211456298828125 0.193695068359375 -0.232559204101563
0.43463134765625 -0.043975830078125 0.238311767578125 -0.193145751953125
0.44549560546875 0.063018798828125 0.313385009765625 -0.11383056640625
0.359527587890625 0.2720947265625 0.333221435546875 0.0751953125
0.340789794921875 0.411651611328125 0.226333618164062 0.146942138671875
0.343994140625 0.4537353515625 0.0124130249023438 -0.1097412109375
0.4315185546875 0.400726318359375 -0.0172958374023437 0.107246398925781
0.399658203125 0.28875732421875 -0.121124267578125 -0.40234375
0.30853271484375 0.25067138671875 -0.57049560546875 -0.2379150390625
0.40301513671875 0.1954345703125 -0.469573974609375 0.158538818359375
0.4439697265625 0.040557861328125 -0.185531616210938 0.260833740234375
0.462493896484375 -0.19720458984375 0.0168609619140625 0.13739013671875
0.3472900390625 -0.310272216796875 0.036224365234375 0.0238113403320312
0.324127197265625 -0.282928466796875 0.00398254394531252 -0.0529975891113281
0.36663818359375 -0.301666259765625 0.0299835205078125 -0.0986862182617188
0.454864501953125 -0.193572998046875 0.107643127441406 -0.12274169921875
0.479644775390625 0.015899658203125 0.178695678710938 -0.106903076171875
0.455352783203125 0.15264892578125 0.29302978515625 -0.04071044921875
0.2889404296875 0.32928466796875 0.346221923828125 0.179779052734375
0.278076171875 0.39208984375 0.286529541015625 0.2991943359375
0.35882568359375 0.40008544921875 0.0679244995117188 0.0803985595703125
0.44073486328125 0.22528076171875 0.065673828125 0.233154296875
0.3270263671875 0.1107177734375 -0.109878540039062 -0.254867553710938
0.185791015625 0.147216796875 -0.531280517578125 -0.107421875
0.2891845703125 0.17529296875 -0.45654296875 0.242218017578125
0.37823486328125 0.052886962890625 -0.23529052734375 0.31829833984375
0.43280029296875 -0.18243408203125 -0.0841674804687499 0.245086669921875
0.32513427734375 -0.29229736328125 -0.0644378662109375 0.17535400390625
0.297454833984375 -0.26641845703125 -0.0812606811523438 0.09222412109375
0.357177734375 -0.278167724609375 -0.0628776550292968 0.0318946838378906
0.444061279296875 -0.14630126953125 0.00228309631347659 -0.0189971923828125
0.441192626953125 0.082183837890625 0.0981597900390625 -0.0341033935546875
0.370391845703125 0.213623046875 0.248748779296875 0.026092529296875
0.159423828125 0.313140869140625 0.334991455078125 0.287384033203125
0.182464599609375 0.288909912109375 0.307769775390625 0.46551513671875
0.339752197265625 0.275543212890625 0.105361938476563 0.256118774414063
0.35797119140625 0.016510009765625 0.1328125 0.319488525390625
0.1617431640625 -0.047393798828125 -0.0967254638671875 -0.120567321777344
0.022186279296875 0.0809860229492188 -0.45062255859375 0.000518798828125028
0.146438598632813 0.170806884765625 -0.410003662109375 0.285491943359375
0.268798828125 0.074951171875 -0.260589599609375 0.34503173828125
0.344573974609375 -0.133758544921875 -0.165313720703125 0.33355712890625
0.254119873046875 -0.22613525390625 -0.14654541015625 0.311859130859375
0.225830078125 -0.209716796875 -0.153488159179687 0.2257080078125
0.29510498046875 -0.217926025390625 -0.148330688476562 0.145538330078125
0.365631103515625 -0.08575439453125 -0.104949951171875 0.0615768432617187
0.327484130859375 0.124359130859375 0.0130138397216797 0.00969982147216798
0.212478637695313 0.222442626953125 0.192855834960937 0.06866455078125
0.0116424560546875 0.205062866210938 0.3101806640625 0.37945556640625
0.0893325805664063 0.10931396484375 0.28668212890625 0.61041259765625
0.304443359375 0.097076416015625 0.130889892578125 0.392181396484375
0.208709716796875 -0.183486938476563 0.17095947265625 0.35565185546875
-0.0362091064453125 -0.160293579101563 -0.08917236328125 -0.0243759155273438
-0.129020690917969 0.039215087890625 -0.3670654296875 0.0615844726562501
0.00564575195312502 0.160552978515625 -0.361724853515625 0.282257080078125
0.13836669921875 0.0932693481445313 -0.276763916015625 0.3375244140625
0.215362548828125 -0.06158447265625 -0.225494384765625 0.391876220703125
0.149276733398438 -0.118240356445313 -0.200958251953125 0.41021728515625
0.121528625488281 -0.118858337402344 -0.2001953125 0.32318115234375
0.185821533203125 -0.130538940429688 -0.21197509765625 0.224166870117188
0.229949951171875 -0.026214599609375 -0.190017700195312 0.1092529296875
0.164169311523438 0.126541137695313 -0.0490379333496094 0.0168952941894531
0.03118896484375 0.158447265625 0.158004760742187 0.082763671875
-0.101486206054688 0.0237045288085937 0.29766845703125 0.445892333984375
0.0347900390625 -0.117889404296875 0.24603271484375 0.71380615234375
0.2569580078125 -0.104934692382813 0.14764404296875 0.462677001953125
-0.11285400390625 0.30218505859375 -0.21722412109375 -0.414764404296875
0.04925537109375 0.34063720703125 -0.2698974609375 -0.7254638671875
0.187744140625 0.171478271484375 -0.398345947265625 -0.346405029296875
0.141510009765625 -0.020294189453125 -0.177810668945313 -0.056640625
0.0270423889160156 -0.0574607849121094 0.102630615234375 0.01708984375
-0.0459251403808594 -0.00948715209960938 0.26611328125 -0.138748168945312
-0.0201587677001953 0.0221233367919922 0.25323486328125 -0.3216552734375
0.00946426391601563 0.0160064697265625 0.18707275390625 -0.403106689453125
-0.0303936004638672 0.00813865661621093 0.186767578125 -0.453521728515625
-0.0373382568359375 -0.0373420715332031 0.248199462890625 -0.42388916015625
0.00276184082031251 -0.0970230102539063 0.25018310546875 -0.370849609375
0.094085693359375 -0.130355834960938 0.2935791015625 -0.270904541015625
0.233230590820313 0.012725830078125 0.3243408203125 -0.104339599609375
0.181320190429688 0.222366333007813 0.0474357604980469 -0.0498237609863281
0.022857666015625 0.24468994140625 -0.162017822265625 -0.466461181640625
0.0328369140625 0.4466552734375 -0.204925537109375 -0.326171875
0.146148681640625 0.465728759765625 -0.23248291015625 -0.71514892578125
0.263641357421875 0.325469970703125 -0.464202880859375 -0.378448486328125
0.295806884765625 0.104339599609375 -0.240951538085938 -0.0254974365234374
0.209808349609375 -0.01904296875 0.0752639770507813 0.054534912109375
0.132972717285156 -0.087646484375 0.266326904296875 -0.13134765625
0.103317260742188 -0.109283447265625 0.24310302734375 -0.315826416015625
0.121772766113281 -0.105842590332031 0.167266845703125 -0.391143798828125
0.102622985839844 -0.127510070800781 0.17852783203125 -0.433013916015625
0.1201171875 -0.13311767578125 0.254791259765625 -0.404083251953125
0.166915893554688 -0.112213134765625 0.261505126953125 -0.34124755859375
0.235260009765625 -0.102981567382813 0.294158935546875 -0.2415771484375
0.32275390625 0.0771484375 0.302032470703125 -0.081878662109375
0.30389404296875 0.30133056640625 0.08270263671875 -0.0411758422851562
0.193603515625 0.361785888671875 -0.13494873046875 -0.39739990234375
0.205810546875 0.515838623046875 -0.165908813476563 -0.195968627929687
0.2764892578125 0.490875244140625 -0.20263671875 -0.65191650390625
0.337066650390625 0.384429931640625 -0.537109375 -0.371795654296875
0.415985107421875 0.1773681640625 -0.33575439453125 0.017547607421875
0.361175537109375 -0.002227783203125 0.00408935546875003 0.115058898925781
0.299713134765625 -0.159210205078125 0.21600341796875 -0.0828704833984375
0.218032836914063 -0.222030639648437 0.199630737304688 -0.250518798828125
0.218505859375 -0.212371826171875 0.128753662109375 -0.317962646484375
0.216415405273437 -0.241470336914062 0.148040771484375 -0.355621337890625
0.268203735351563 -0.210372924804688 0.2296142578125 -0.34765625
0.32177734375 -0.110504150390625 0.250244140625 -0.288726806640625
0.365631103515625 -0.048309326171875 0.3006591796875 -0.198486328125
0.37908935546875 0.16015625 0.311676025390625 -0.027374267578125
0.37548828125 0.3603515625 0.1563720703125 0.021270751953125
0.31890869140625 0.422760009765625 -0.0724029541015625 -0.278564453125
0.371612548828125 0.4873046875 -0.099761962890625 -0.0398330688476562
0.395721435546875 0.4140625 -0.1749267578125 -0.546478271484375
0.377593994140625 0.338165283203125 -0.59185791015625 -0.30987548828125
0.473358154296875 0.189483642578125 -0.42205810546875 0.096710205078125
0.450653076171875 0.0028076171875 -0.0865936279296875 0.190536499023438
0.412933349609375 -0.215118408203125 0.128814697265625 0.00688934326171874
0.296844482421875 -0.309783935546875 0.124290466308594 -0.135581970214844
0.28460693359375 -0.286163330078125 0.0706634521484375 -0.20318603515625
0.302276611328125 -0.313323974609375 0.09393310546875 -0.242111206054688
0.3795166015625 -0.24725341796875 0.17694091796875 -0.249481201171875
0.44219970703125 -0.083953857421875 0.224029541015625 -0.21124267578125
0.45928955078125 0.028717041015625 0.304534912109375 -0.137786865234375
0.38653564453125 0.2537841796875 0.340850830078125 0.051513671875
0.3807373046875 0.394866943359375 0.236709594726563 0.131607055664063
0.387664794921875 0.4344482421875 0.00143432617187503 -0.114128112792969
0.465545654296875 0.377716064453125 -0.00951385498046872 0.108795166015625
0.428436279296875 0.26177978515625 -0.151275634765625 -0.402099609375
0.3331298828125 0.236236572265625 -0.59466552734375 -0.1962890625
0.4296875 0.17022705078125 -0.458709716796875 0.195831298828125
0.458099365234375 0.004547119140625 -0.161468505859375 0.2742919921875
0.454315185546875 -0.23974609375 0.028045654296875 0.130783081054687
0.326324462890625 -0.345367431640625 0.0344314575195313 0.014230728149414
0.30462646484375 -0.31256103515625 -0.00211334228515623 -0.0569992065429688
0.344940185546875 -0.339080810546875 0.0215835571289063 -0.101669311523438
0.443145751953125 -0.238616943359375 0.0981597900390625 -0.130729675292969
0.4931640625 -0.022613525390625 0.16876220703125 -0.119155883789062
0.47503662109375 0.1177978515625 0.28680419921875 -0.060089111328125
0.32373046875 0.31634521484375 0.363189697265625 0.15814208984375
0.316558837890625 0.3818359375 0.312103271484375 0.283660888671875
0.394805908203125 0.376617431640625 0.0717315673828125 0.0749588012695313
0.463409423828125 0.192474365234375 0.0826873779296875 0.2347412109375
0.34124755859375 0.086700439453125 -0.128997802734375 -0.250213623046875
0.201034545898438 0.140167236328125 -0.546600341796875 -0.0649719238281251
0.313873291015625 0.15972900390625 -0.44036865234375 0.2806396484375
0.3924560546875 0.0211181640625 -0.209625244140625 0.337310791015625
0.425323486328125 -0.224639892578125 -0.0640411376953125 0.247299194335938
0.30780029296875 -0.325286865234375 -0.0530853271484375 0.1781005859375
0.279266357421875 -0.29364013671875 -0.0774688720703125 0.098876953125
0.33892822265625 -0.314117431640625 -0.0604782104492187 0.035430908203125
0.436370849609375 -0.19317626953125 0.001307487487793 -0.0141830444335938
0.4591064453125 0.048492431640625 0.0919189453125 -0.036712646484375
0.394012451171875 0.187164306640625 0.248626708984375 0.011016845703125
0.186065673828125 0.309722900390625 0.35992431640625 0.2677001953125
0.2086181640625 0.284942626953125 0.34381103515625 0.44659423828125
0.36688232421875 0.253204345703125 0.125701904296875 0.251998901367188
0.361785888671875 -0.011260986328125 0.159393310546875 0.317657470703125
0.160614013671875 -0.06201171875 -0.104415893554687 -0.11572265625
0.0303421020507813 0.086334228515625 -0.45428466796875 0.0352783203125001
0.16778564453125 0.163467407226563 -0.38555908203125 0.3193359375
0.28533935546875 0.052978515625 -0.232635498046875 0.36505126953125
0.33984375 -0.16925048828125 -0.140228271484375 0.345123291015625
0.240829467773437 -0.251739501953125 -0.122467041015625 0.32354736328125
0.212478637695313 -0.231307983398438 -0.137252807617188 0.239212036132812
0.279464721679688 -0.248870849609375 -0.136077880859375 0.158935546875
0.36187744140625 -0.122772216796875 -0.0988540649414063 0.0777053833007812
0.346343994140625 0.097808837890625 0.00985622406005861 0.0130577087402344
0.236175537109375 0.207550048828125 0.192794799804688 0.0589141845703125
0.02825927734375 0.21142578125 0.341796875 0.3590087890625
0.0995941162109375 0.105918884277344 0.3353271484375 0.594482421875
0.3134765625 0.07440185546875 0.158935546875 0.3890380859375
0.196212768554687 -0.205596923828125 0.201934814453125 0.349700927734375
-0.051605224609375 -0.159912109375 -0.0865325927734375 -0.0171356201171875
-0.1278076171875 0.0510787963867188 -0.36334228515625 0.089447021484375
0.0217437744140625 0.165069580078125 -0.33746337890625 0.314117431640625
0.153091430664063 0.082366943359375 -0.25146484375 0.361572265625
0.213546752929688 -0.0859832763671875 -0.1943359375 0.4119873046875
0.142074584960938 -0.136337280273438 -0.173065185546875 0.431304931640625
0.112602233886719 -0.129707336425781 -0.175811767578125 0.3428955078125
0.174072265625 -0.149551391601563 -0.194168090820313 0.24456787109375
0.232147216796875 -0.0508270263671875 -0.18170166015625 0.132614135742187
0.183441162109375 0.113845825195312 -0.0514488220214844 0.0284996032714844
0.0436553955078125 0.160980224609375 0.158935546875 0.073577880859375
-0.101448059082031 0.0325088500976563 0.33428955078125 0.428314208984375
0.025665283203125 -0.11859130859375 0.30279541015625 0.7020263671875
0.251815795898438 -0.12823486328125 0.182525634765625 0.4576416015625
-0.094757080078125 0.309295654296875 -0.23687744140625 -0.391693115234375
0.0771484375 0.33123779296875 -0.31317138671875 -0.697265625
0.197219848632812 0.154052734375 -0.413055419921875 -0.312286376953125
0.135612487792969 -0.033233642578125 -0.175811767578125 -0.0451507568359375
0.0201148986816406 -0.0579795837402344 0.106224060058594 0.000740051269531246
-0.0464859008789063 -0.0034027099609375 0.249755859375 -0.166000366210938
-0.0161647796630859 0.0251598358154297 0.219268798828125 -0.33966064453125
0.0099020004272461 0.016819953918457 0.15130615234375 -0.40997314453125
-0.0273170471191406 0.0140819549560547 0.150970458984375 -0.459136962890625
-0.0401115417480469 -0.0319366455078125 0.21600341796875 -0.433013916015625
-0.00512695312500001 -0.0964431762695312 0.2186279296875 -0.380706787109375
0.0831069946289063 -0.134498596191406 0.264434814453125 -0.28778076171875
0.232864379882813 -0.0064544677734375 0.30743408203125 -0.12835693359375
0.200286865234375 0.207794189453125 0.0432586669921875 -0.0491523742675781
0.04010009765625 0.242340087890625 -0.198699951171875 -0.446868896484375
0.059600830078125 0.44287109375 -0.21966552734375 -0.3079833984375
0.181884765625 0.445587158203125 -0.27777099609375 -0.6943359375
0.286376953125 0.301605224609375 -0.47882080078125 -0.336181640625
0.298675537109375 0.07867431640625 -0.236495971679688 -0.0139617919921875
0.202957153320313 -0.0379638671875 0.0817642211914063 0.04302978515625
0.125419616699219 -0.091949462890625 0.250091552734375 -0.159744262695313
0.0975265502929688 -0.111083984375 0.21014404296875 -0.3321533203125
0.114311218261719 -0.112930297851563 0.137786865234375 -0.396697998046875
0.0897140502929688 -0.130828857421875 0.145721435546875 -0.438201904296875
0.107139587402344 -0.138748168945313 0.21746826171875 -0.416473388671875
0.15325927734375 -0.125808715820313 0.227935791015625 -0.350433349609375
0.221511840820313 -0.11614990234375 0.266708374023438 -0.255294799804688
0.326263427734375 0.054595947265625 0.286956787109375 -0.1025390625
0.3297119140625 0.272857666015625 0.0781326293945313 -0.0430145263671875
0.216583251953125 0.342315673828125 -0.164306640625 -0.383514404296875
0.2403564453125 0.49969482421875 -0.175994873046875 -0.17926025390625
0.310821533203125 0.462738037109375 -0.24200439453125 -0.6337890625
0.3642578125 0.354278564453125 -0.5511474609375 -0.3262939453125
0.427215576171875 0.141998291015625 -0.324615478515625 0.0391845703125
0.357879638671875 -0.029449462890625 0.0176162719726563 0.105583190917969
0.282073974609375 -0.17657470703125 0.20196533203125 -0.105911254882813
0.198745727539063 -0.236114501953125 0.169906616210938 -0.266632080078125
0.1983642578125 -0.222152709960938 0.102630615234375 -0.323394775390625
0.194992065429688 -0.252090454101563 0.11834716796875 -0.366485595703125
0.245437622070313 -0.226165771484375 0.20098876953125 -0.355682373046875
0.3082275390625 -0.136260986328125 0.223846435546875 -0.299652099609375
0.357757568359375 -0.074249267578125 0.27886962890625 -0.214859008789063
0.390289306640625 0.1341552734375 0.303070068359375 -0.0478515625
0.402496337890625 0.328338623046875 0.150772094726563 0.0126190185546875
0.345703125 0.396484375 -0.0982208251953125 -0.268844604492188
0.40020751953125 0.458648681640625 -0.098876953125 -0.0318984985351562
0.419769287109375 0.378448486328125 -0.2095947265625 -0.526641845703125
0.400177001953125 0.311553955078125 -0.60308837890625 -0.25958251953125
0.481597900390625 0.150970458984375 -0.403411865234375 0.122283935546875
0.449188232421875 -0.035003662109375 -0.0663604736328125 0.189682006835938
0.388092041015625 -0.243682861328125 0.124298095703125 -0.00907135009765627
0.27044677734375 -0.325439453125 0.107421875 -0.146682739257813
0.25701904296875 -0.301605224609375 0.0505218505859375 -0.206253051757813
0.2708740234375 -0.330810546875 0.0742340087890625 -0.24713134765625
0.35675048828125 -0.27490234375 0.156768798828125 -0.255050659179688
0.431396484375 -0.11639404296875 0.2000732421875 -0.221511840820312
0.45513916015625 -0.00732421875 0.28411865234375 -0.15460205078125
0.402984619140625 0.22576904296875 0.33673095703125 0.029541015625
0.4068603515625 0.36529541015625 0.239959716796875 0.113983154296875
0.410186767578125 0.40020751953125 -0.0123138427734375 -0.110321044921875
0.48651123046875 0.337738037109375 0.000282287597656286 0.110076904296875
0.44207763671875 0.223846435546875 -0.173858642578125 -0.389312744140625
0.348358154296875 0.21337890625 -0.601318359375 -0.1468505859375
0.44122314453125 0.13421630859375 -0.432952880859375 0.222808837890625
0.4560546875 -0.033538818359375 -0.134979248046875 0.275680541992188
0.42828369140625 -0.274810791015625 0.034912109375 0.116600036621094
0.297943115234375 -0.366180419921875 0.0314674377441406 0.00907897949218748
0.274871826171875 -0.330810546875 -0.00854110717773436 -0.0580062866210938
0.311126708984375 -0.3572998046875 0.0138626098632813 -0.104331970214844
0.4189453125 -0.26983642578125 0.0888824462890625 -0.133613586425781
0.4847412109375 -0.063385009765625 0.153793334960938 -0.124923706054688
0.476837158203125 0.079010009765625 0.273452758789063 -0.075927734375
0.34197998046875 0.292999267578125 0.364288330078125 0.13165283203125
0.34088134765625 0.35394287109375 0.322662353515625 0.256011962890625
0.41571044921875 0.34478759765625 0.0734405517578125 0.0689468383789063
0.468505859375 0.158782958984375 0.0983123779296875 0.223678588867188
0.342132568359375 0.05841064453125 -0.141265869140625 -0.241241455078125
0.2113037109375 0.1298828125 -0.5396728515625 -0.0249328613281249
0.326019287109375 0.1329345703125 -0.405303955078125 0.303680419921875
0.394683837890625 -0.009063720703125 -0.174774169921875 0.347259521484375
0.402099609375 -0.258270263671875 -0.04595947265625 0.2406005859375
0.277099609375 -0.348388671875 -0.0417022705078125 0.174896240234375
0.2520751953125 -0.31121826171875 -0.0705184936523437 0.100578308105469
0.30450439453125 -0.335418701171875 -0.0559158325195312 0.0383834838867187
0.414398193359375 -0.222900390625 0.00166320800781253 -0.0124702453613281
0.458740234375 0.00897216796875 0.0848617553710938 -0.0389633178710938
0.40185546875 0.15679931640625 0.237106323242188 -0.00196838378906249
0.2073974609375 0.2955322265625 0.370391845703125 0.237884521484375
0.228225708007813 0.266647338867188 0.3697509765625 0.41339111328125
0.376312255859375 0.221405029296875 0.138015747070313 0.240066528320312
0.35394287109375 -0.03753662109375 0.180938720703125 0.302215576171875
0.1510009765625 -0.0714874267578125 -0.109214782714844 -0.105636596679688
0.0365447998046875 0.0862503051757813 -0.442291259765625 0.070159912109375
0.182464599609375 0.150848388671875 -0.351348876953125 0.338592529296875
0.290435791015625 0.029388427734375 -0.196990966796875 0.373779296875
0.3203125 -0.196807861328125 -0.113037109375 0.34417724609375
0.217666625976563 -0.2705078125 -0.097564697265625 0.325531005859375
0.190261840820313 -0.24383544921875 -0.119247436523437 0.245391845703125
0.252761840820313 -0.267379760742188 -0.1221923828125 0.165786743164063
0.346435546875 -0.152191162109375 -0.0887908935546875 0.086669921875
0.352569580078125 0.067626953125 0.00790977478027346 0.0185832977294922
0.247573852539063 0.188095092773438 0.188018798828125 0.0486907958984375
0.0435943603515625 0.20928955078125 0.358551025390625 0.32855224609375
0.107162475585938 0.100196838378906 0.37042236328125 0.560455322265625
0.31512451171875 0.04931640625 0.180145263671875 0.372100830078125
0.176071166992188 -0.21978759765625 0.2255859375 0.33251953125
-0.0633544921875 -0.152053833007813 -0.0842437744140625 -0.00950622558593752
-0.1221923828125 0.06396484375 -0.3472900390625 0.115997314453125
0.0397491455078125 0.15997314453125 -0.304595947265625 0.327972412109375
0.162216186523438 0.0685272216796875 -0.21612548828125 0.36956787109375
0.201797485351563 -0.10546875 -0.16143798828125 0.4149169921875
0.13037109375 -0.147796630859375 -0.133056640625 0.436370849609375
0.101730346679688 -0.135955810546875 -0.148193359375 0.350921630859375
0.159896850585938 -0.161895751953125 -0.171707153320313 0.2569580078125
0.224029541015625 -0.072235107421875 -0.167724609375 0.1492919921875
0.191940307617188 0.098541259765625 -0.0554466247558594 0.0379791259765625
0.0567626953125 0.157257080078125 0.156097412109375 0.0655517578125
-0.0977859497070313 0.043701171875 0.35845947265625 0.39300537109375
0.0163650512695312 -0.120155334472656 0.34844970703125 0.669189453125
0.238265991210938 -0.142745971679688 0.21099853515625 0.440093994140625
-0.081085205078125 0.309844970703125 -0.24188232421875 -0.369110107421875
0.093292236328125 0.319183349609375 -0.33233642578125 -0.666015625
0.200576782226562 0.137298583984375 -0.410430908203125 -0.2855224609375
0.128746032714844 -0.0405426025390625 -0.17218017578125 -0.039154052734375
0.0146598815917969 -0.0576438903808594 0.104667663574219 -0.0111465454101563
-0.0469284057617188 0.000106811523437501 0.231430053710938 -0.179473876953125
-0.0126819610595703 0.0287590026855469 0.192962646484375 -0.340972900390625
0.0124053955078125 0.01727294921875 0.125946044921875 -0.40362548828125
-0.0256729125976563 0.0183734893798828 0.124237060546875 -0.45233154296875
-0.0417556762695313 -0.0262184143066406 0.189971923828125 -0.43017578125
-0.010833740234375 -0.0940704345703125 0.193389892578125 -0.3779296875
0.0727920532226563 -0.133834838867188 0.241851806640625 -0.288543701171875
0.228805541992188 -0.01904296875 0.28887939453125 -0.13958740234375
0.207427978515625 0.19134521484375 0.0378608703613281 -0.0468597412109375
0.0500335693359375 0.236602783203125 -0.2135009765625 -0.425323486328125
0.07586669921875 0.43292236328125 -0.22216796875 -0.28997802734375
0.19775390625 0.4278564453125 -0.2952880859375 -0.66363525390625
0.29437255859375 0.280731201171875 -0.47808837890625 -0.30450439453125
0.294189453125 0.058441162109375 -0.22906494140625 -0.00416564941406251
0.19342041015625 -0.0486907958984375 0.0842819213867188 0.03045654296875
0.11456298828125 -0.0951690673828125 0.228744506835938 -0.17315673828125
0.0910720825195313 -0.111618041992188 0.184051513671875 -0.334930419921875
0.105125427246094 -0.11358642578125 0.112640380859375 -0.391204833984375
0.0815811157226562 -0.128036499023438 0.118682861328125 -0.433685302734375
0.096832275390625 -0.139007568359375 0.193572998046875 -0.413482666015625
0.143722534179688 -0.130615234375 0.201202392578125 -0.34942626953125
0.211135864257813 -0.1231689453125 0.243789672851563 -0.259201049804688
0.32159423828125 0.037353515625 0.272003173828125 -0.110595703125
0.33575439453125 0.25054931640625 0.0736160278320313 -0.0419921875
0.22491455078125 0.32513427734375 -0.180023193359375 -0.364013671875
0.25311279296875 0.476837158203125 -0.175445556640625 -0.16485595703125
0.322845458984375 0.43646240234375 -0.2630615234375 -0.60626220703125
0.373748779296875 0.33160400390625 -0.54833984375 -0.289764404296875
0.4229736328125 0.117218017578125 -0.31268310546875 0.05096435546875
0.3463134765625 -0.04742431640625 0.0242843627929688 0.0966644287109375
0.263092041015625 -0.186126708984375 0.186264038085938 -0.119796752929688
0.183059692382813 -0.23809814453125 0.147903442382813 -0.270904541015625
0.182418823242188 -0.2261962890625 0.081512451171875 -0.321319580078125
0.1759033203125 -0.252227783203125 0.09674072265625 -0.36175537109375
0.226837158203125 -0.233200073242188 0.17816162109375 -0.35333251953125
0.294464111328125 -0.150177001953125 0.201629638671875 -0.297607421875
0.345367431640625 -0.0894775390625 0.258163452148438 -0.21795654296875
0.386932373046875 0.116119384765625 0.2900390625 -0.05963134765625
0.4105224609375 0.302398681640625 0.144317626953125 0.00799560546875002
0.35015869140625 0.37176513671875 -0.109939575195312 -0.2542724609375
0.409149169921875 0.432373046875 -0.097198486328125 -0.0260086059570312
0.42620849609375 0.34765625 -0.224884033203125 -0.50543212890625
0.407684326171875 0.288665771484375 -0.595947265625 -0.2232666015625
0.478973388671875 0.1219482421875 -0.385894775390625 0.1343994140625
0.43572998046875 -0.056610107421875 -0.0511474609375 0.181747436523438
0.364105224609375 -0.257720947265625 0.116172790527344 -0.0226821899414063
0.24627685546875 -0.33203125 0.0920867919921875 -0.152923583984375
0.232879638671875 -0.305694580078125 0.037567138671875 -0.204879760742188
0.24578857421875 -0.334228515625 0.0587615966796875 -0.246551513671875
0.331512451171875 -0.28472900390625 0.142349243164063 -0.25433349609375
0.415313720703125 -0.138824462890625 0.181915283203125 -0.220108032226563
0.44476318359375 -0.029693603515625 0.26708984375 -0.160125732421875
0.405975341796875 0.20391845703125 0.3272705078125 0.015228271484375
0.41656494140625 0.33880615234375 0.236419677734375 0.103073120117188
0.416015625 0.371795654296875 -0.019256591796875 -0.105873107910156
0.486297607421875 0.30853271484375 0.00361633300781252 0.108810424804688
0.4398193359375 0.197235107421875 -0.1868896484375 -0.372894287109375
0.353240966796875 0.197662353515625 -0.5892333984375 -0.11334228515625
0.44097900390625 0.11016845703125 -0.40802001953125 0.232330322265625
0.445037841796875 -0.05572509765625 -0.113037109375 0.271347045898438
0.402618408203125 -0.29022216796875 0.035980224609375 0.102790832519531
0.271759033203125 -0.374114990234375 0.0267677307128906 0.00200843811035154
0.251434326171875 -0.335479736328125 -0.014892578125 -0.0577392578125
0.282562255859375 -0.364105224609375 0.00639343261718753 -0.105552673339844
0.390411376953125 -0.2869873046875 0.0821990966796875 -0.131500244140625
0.47271728515625 -0.0892333984375 0.141998291015625 -0.125869750976562
0.468597412109375 0.053924560546875 0.258804321289063 -0.0828399658203125
0.348663330078125 0.272705078125 0.358642578125 0.11273193359375
0.3511962890625 0.33111572265625 0.32269287109375 0.23590087890625
0.417999267578125 0.31646728515625 0.0698013305664063 0.0646476745605469
0.462310791015625 0.134002685546875 0.106460571289063 0.215911865234375
0.332794189453125 0.040771484375 -0.146133422851562 -0.229415893554688
0.215072631835938 0.121261596679688 -0.52349853515625 0.0033874511718749
0.329193115234375 0.11346435546875 -0.377410888671875 0.3104248046875
0.3878173828125 -0.030792236328125 -0.150115966796875 0.338287353515625
0.377044677734375 -0.274444580078125 -0.03662109375 0.229049682617187
0.253021240234375 -0.35491943359375 -0.033905029296875 0.168228149414063
0.2291259765625 -0.315399169921875 -0.0651092529296875 0.0998916625976562
0.276031494140625 -0.34173583984375 -0.0537223815917968 0.0385971069335937
0.39056396484375 -0.242828369140625 0.00396060943603518 -0.00948619842529298
0.45098876953125 -0.01739501953125 0.0787277221679688 -0.0366134643554688
0.39947509765625 0.13177490234375 0.226211547851563 -0.00799560546874999
0.217437744140625 0.2822265625 0.368377685546875 0.215545654296875
0.236373901367188 0.251022338867188 0.374542236328125 0.389007568359375
0.375946044921875 0.198486328125 0.139892578125 0.227630615234375
0.340850830078125 -0.053070068359375 0.190460205078125 0.287841796875
0.141555786132813 -0.0758514404296875 -0.106430053710938 -0.0990676879882812
0.0414047241210937 0.0870895385742188 -0.423553466796875 0.09002685546875
0.190841674804688 0.136978149414063 -0.321197509765625 0.3408203125
0.288421630859375 0.011688232421875 -0.171142578125 0.367034912109375
0.2999267578125 -0.21173095703125 -0.09478759765625 0.33563232421875
0.198318481445313 -0.27752685546875 -0.079010009765625 0.317596435546875
0.173858642578125 -0.246612548828125 -0.103988647460937 0.241302490234375
0.229156494140625 -0.273223876953125 -0.110137939453125 0.165481567382812
0.3272705078125 -0.1708984375 -0.0804290771484375 0.091644287109375
0.349365234375 0.045135498046875 0.00664710998535158 0.0240707397460938
0.25067138671875 0.1712646484375 0.180694580078125 0.042633056640625
0.052215576171875 0.20452880859375 0.36279296875 0.303497314453125
0.1104736328125 0.0934677124023438 0.38433837890625 0.528106689453125
0.30755615234375 0.034271240234375 0.1890869140625 0.3548583984375
0.157699584960938 -0.222488403320313 0.235595703125 0.31683349609375
-0.071380615234375 -0.143630981445313 -0.077880859375 -0.00514984130859374
-0.115669250488281 0.0716705322265625 -0.33001708984375 0.12786865234375
0.05126953125 0.15533447265625 -0.275726318359375 0.328338623046875
0.164871215820313 0.0574798583984375 -0.189422607421875 0.363494873046875
0.190109252929688 -0.115753173828125 -0.13714599609375 0.406005859375
0.119400024414063 -0.153121948242188 -0.10595703125 0.427764892578125
0.0938796997070313 -0.138671875 -0.1253662109375 0.3470458984375
0.14483642578125 -0.1685791015625 -0.152694702148438 0.257598876953125
0.213623046875 -0.084716796875 -0.152114868164062 0.156845092773438
0.196670532226563 0.0831146240234375 -0.0528678894042969 0.0454254150390625
0.0650634765625 0.150222778320312 0.149978637695312 0.0606842041015625
-0.09295654296875 0.0478591918945313 0.3623046875 0.363006591796875
0.0111007690429688 -0.115890502929688 0.36639404296875 0.63311767578125
0.22406005859375 -0.151397705078125 0.219818115234375 0.419158935546875
-0.075225830078125 0.3111572265625 -0.237335205078125 -0.357757568359375
0.101043701171875 0.31292724609375 -0.3348388671875 -0.65093994140625
0.200775146484375 0.129714965820312 -0.405609130859375 -0.273101806640625
0.123268127441406 -0.0445175170898438 -0.168975830078125 -0.037445068359375
0.0110015869140625 -0.05712890625 0.103309631347656 -0.0183792114257813
-0.0475502014160156 0.00371170043945314 0.220123291015625 -0.18780517578125
-0.0101833343505859 0.0294094085693359 0.178314208984375 -0.340606689453125
0.0133695602416992 0.017390251159668 0.1136474609375 -0.3974609375
-0.0227298736572266 0.0219345092773437 0.111328125 -0.4473876953125
-0.0415916442871094 -0.022247314453125 0.177825927734375 -0.426544189453125
-0.0148849487304688 -0.09295654296875 0.181549072265625 -0.370697021484375
0.0684356689453125 -0.133575439453125 0.229827880859375 -0.286773681640625
0.226348876953125 -0.025482177734375 0.2769775390625 -0.143295288085938
0.21197509765625 0.183486938476563 0.0366706848144531 -0.0440254211425781
0.054107666015625 0.23406982421875 -0.220672607421875 -0.412139892578125
0.084136962890625 0.42926025390625 -0.218048095703125 -0.28057861328125
0.205322265625 0.4168701171875 -0.302001953125 -0.65008544921875
0.296783447265625 0.270355224609375 -0.47198486328125 -0.29046630859375
0.290679931640625 0.0494384765625 -0.223587036132812 -0.00175476074218751
0.187454223632812 -0.0528564453125 0.0853195190429688 0.0233993530273437
0.108329772949219 -0.0948028564453125 0.217987060546875 -0.181167602539063
0.0878524780273438 -0.111053466796875 0.16986083984375 -0.336578369140625
0.100379943847656 -0.114181518554688 0.099395751953125 -0.385833740234375
0.0772781372070313 -0.125808715820313 0.10577392578125 -0.4295654296875
0.0914840698242188 -0.1373291015625 0.1827392578125 -0.409576416015625
0.138656616210938 -0.133636474609375 0.1900634765625 -0.34417724609375
0.206329345703125 -0.1253662109375 0.23333740234375 -0.256912231445313
0.3199462890625 0.029754638671875 0.262466430664063 -0.113616943359375
0.340362548828125 0.238983154296875 0.0710296630859375 -0.03955078125
0.227325439453125 0.31915283203125 -0.186187744140625 -0.353912353515625
0.258880615234375 0.46942138671875 -0.171737670898438 -0.157974243164062
0.3277587890625 0.423309326171875 -0.26751708984375 -0.59576416015625
0.376800537109375 0.321533203125 -0.54339599609375 -0.2744140625
0.419036865234375 0.10382080078125 -0.30450439453125 0.0543212890625001
0.337799072265625 -0.0562744140625 0.0283050537109375 0.089263916015625
0.251296997070312 -0.189102172851563 0.176788330078125 -0.128204345703125
0.174484252929688 -0.2384033203125 0.135177612304687 -0.272842407226562
0.174026489257813 -0.228042602539063 0.07086181640625 -0.318817138671875
0.166336059570313 -0.251708984375 0.084320068359375 -0.35870361328125
0.2181396484375 -0.233993530273438 0.169586181640625 -0.350738525390625
0.287689208984375 -0.156463623046875 0.190765380859375 -0.293792724609375
0.339019775390625 -0.09600830078125 0.247711181640625 -0.216018676757812
0.387237548828125 0.107086181640625 0.28314208984375 -0.06219482421875
0.41265869140625 0.290283203125 0.14044189453125 0.00865936279296877
0.351806640625 0.3621826171875 -0.11578369140625 -0.248046875
0.410888671875 0.42205810546875 -0.0938644409179687 -0.0218048095703125
0.426116943359375 0.333099365234375 -0.22998046875 -0.497589111328125
0.41253662109375 0.279937744140625 -0.59002685546875 -0.20538330078125
0.47723388671875 0.107757568359375 -0.37469482421875 0.13812255859375
0.429229736328125 -0.06744384765625 -0.0430450439453125 0.175094604492188
0.35028076171875 -0.263946533203125 0.109481811523438 -0.0311126708984375
0.235137939453125 -0.333953857421875 0.083251953125 -0.155303955078125
0.22222900390625 -0.306671142578125 0.0305328369140625 -0.203689575195313
0.233123779296875 -0.336181640625 0.05023193359375 -0.245559692382813
0.317596435546875 -0.28948974609375 0.136215209960938 -0.253143310546875
0.407196044921875 -0.147735595703125 0.173736572265625 -0.216827392578125
0.43902587890625 -0.03936767578125 0.2569580078125 -0.15740966796875
0.406951904296875 0.1959228515625 0.320953369140625 0.011566162109375
0.419769287109375 0.326416015625 0.232696533203125 0.100006103515625
0.41461181640625 0.359161376953125 -0.0249862670898437 -0.102401733398437
0.487640380859375 0.298004150390625 0.00658416748046877 0.108421325683594
0.4361572265625 0.18450927734375 -0.189300537109375 -0.366973876953125
0.35589599609375 0.19305419921875 -0.58062744140625 -0.0988159179687501
0.44073486328125 0.09619140625 -0.39349365234375 0.2342529296875
0.44024658203125 -0.067962646484375 -0.101577758789063 0.264114379882813
0.388336181640625 -0.298065185546875 0.0340118408203125 0.0941314697265625
0.258544921875 -0.37750244140625 0.0233001708984375 -0.00283241271972659
0.238494873046875 -0.335906982421875 -0.01837158203125 -0.0587997436523438
0.267852783203125 -0.365509033203125 0.00202941894531252 -0.105903625488281
0.376373291015625 -0.294708251953125 0.08013916015625 -0.131309509277344
0.465728759765625 -0.100830078125 0.134742736816406 -0.121971130371094
0.465423583984375 0.042388916015625 0.24969482421875 -0.0826416015625
0.35186767578125 0.26513671875 0.35345458984375 0.1070556640625
0.3558349609375 0.320281982421875 0.319091796875 0.229461669921875
0.415679931640625 0.303466796875 0.0650177001953125 0.0638084411621094
0.4569091796875 0.1240234375 0.1080322265625 0.21392822265625
0.327301025390625 0.033721923828125 -0.14654541015625 -0.225494384765625
0.21734619140625 0.120513916015625 -0.51336669921875 0.01483154296875
0.332061767578125 0.102996826171875 -0.3607177734375 0.308563232421875
0.38525390625 -0.0428466796875 -0.136322021484375 0.330810546875
0.362548828125 -0.282470703125 -0.033660888671875 0.221267700195312
0.239227294921875 -0.359588623046875 -0.03118896484375 0.162521362304687
0.217742919921875 -0.31610107421875 -0.0636367797851562 0.0967559814453125
0.263214111328125 -0.34320068359375 -0.0535659790039062 0.0372772216796875
0.376739501953125 -0.252685546875 0.00627803802490237 -0.00837993621826173
0.4459228515625 -0.032684326171875 0.0755233764648438 -0.03350830078125
0.398681640625 0.120758056640625 0.219146728515625 -0.00749206542968749
0.222015380859375 0.277069091796875 0.36553955078125 0.2076416015625
0.239212036132813 0.24462890625 0.373291015625 0.376800537109375
0.373138427734375 0.18939208984375 0.13720703125 0.222305297851562
0.333160400390625 -0.05963134765625 0.1934814453125 0.2813720703125
0.135528564453125 -0.0770492553710937 -0.104461669921875 -0.0968856811523438
0.0445632934570313 0.089752197265625 -0.41290283203125 0.09820556640625
0.196075439453125 0.129806518554688 -0.30413818359375 0.337432861328125
0.28851318359375 0.00177001953125 -0.156890869140625 0.359619140625
0.289306640625 -0.221099853515625 -0.087188720703125 0.326934814453125
0.1875 -0.2828369140625 -0.070526123046875 0.311309814453125
0.16497802734375 -0.248870849609375 -0.097198486328125 0.23834228515625
0.216888427734375 -0.27740478515625 -0.106002807617187 0.16436767578125
0.31646728515625 -0.17987060546875 -0.073211669921875 0.0933761596679688
0.34869384765625 0.03167724609375 0.00585746765136721 0.0275993347167969
0.252792358398438 0.163192749023438 0.17388916015625 0.04327392578125
0.056884765625 0.20269775390625 0.358795166015625 0.2916259765625
0.11199951171875 0.09039306640625 0.385009765625 0.5130615234375
0.302642822265625 0.02716064453125 0.188018798828125 0.346893310546875
0.147720336914063 -0.223785400390625 0.23919677734375 0.309356689453125
-0.0759353637695312 -0.1378173828125 -0.0732421875 -0.0045928955078125
-0.112312316894531 0.0763626098632813 -0.319854736328125 0.13226318359375
0.0576934814453125 0.150650024414063 -0.26141357421875 0.3238525390625
0.166946411132813 0.0498046875 -0.176239013671875 0.357696533203125
0.182723999023438 -0.122528076171875 -0.1270751953125 0.399261474609375
0.112091064453125 -0.158172607421875 -0.092437744140625 0.42022705078125
0.090362548828125 -0.140975952148437 -0.113128662109375 0.3443603515625
0.136077880859375 -0.1708984375 -0.143356323242188 0.25823974609375
0.206649780273438 -0.0924530029296875 -0.141876220703125 0.160690307617188
0.199722290039063 0.07330322265625 -0.0513839721679687 0.0505142211914063
0.06878662109375 0.147125244140625 0.143829345703125 0.059814453125
-0.0907135009765625 0.0501785278320313 0.360076904296875 0.347625732421875
0.00931549072265626 -0.114273071289063 0.3687744140625 0.61663818359375
0.217849731445312 -0.152206420898437 0.21881103515625 0.4114990234375
-0.072784423828125 0.32061767578125 -0.23553466796875 -0.3597412109375
0.10882568359375 0.315521240234375 -0.34326171875 -0.65557861328125
0.206710815429688 0.12677001953125 -0.410308837890625 -0.272613525390625
0.121513366699219 -0.0477752685546875 -0.170318603515625 -0.036712646484375
0.00818634033203125 -0.057037353515625 0.104446411132812 -0.0246963500976563
-0.0504531860351562 0.00744247436523438 0.215438842773438 -0.198394775390625
-0.00834846496582031 0.0306625366210937 0.171356201171875 -0.348114013671875
0.0155105590820312 0.0178756713867188 0.10736083984375 -0.4033203125
-0.0208492279052734 0.0254955291748047 0.10467529296875 -0.452667236328125
-0.0422134399414063 -0.0186729431152344 0.174346923828125 -0.43328857421875
-0.0189590454101563 -0.0947036743164063 0.1771240234375 -0.37335205078125
0.0669631958007813 -0.136253356933594 0.22650146484375 -0.29046630859375
0.230178833007812 -0.03106689453125 0.274429321289063 -0.148895263671875
0.220108032226563 0.181869506835938 0.0373077392578125 -0.0418777465820312
0.0568695068359375 0.2396240234375 -0.227386474609375 -0.413116455078125
0.089691162109375 0.4366455078125 -0.217605590820313 -0.280517578125
0.215484619140625 0.4189453125 -0.30975341796875 -0.65582275390625
0.30780029296875 0.269989013671875 -0.477752685546875 -0.288543701171875
0.292633056640625 0.04400634765625 -0.224761962890625 -0.000366210937500019
0.186508178710938 -0.057891845703125 0.0872268676757813 0.0172882080078125
0.104850769042969 -0.0952301025390625 0.21258544921875 -0.1925048828125
0.087005615234375 -0.11309814453125 0.161224365234375 -0.344390869140625
0.0998306274414063 -0.116447448730469 0.091522216796875 -0.39263916015625
0.0773391723632813 -0.126609802246094 0.098114013671875 -0.435882568359375
0.0901107788085938 -0.139518737792969 0.179901123046875 -0.41827392578125
0.136955261230469 -0.138710021972656 0.187957763671875 -0.346282958984375
0.206527709960937 -0.130783081054688 0.231414794921875 -0.260086059570313
0.3267822265625 0.025634765625 0.2611083984375 -0.118118286132813
0.351959228515625 0.238372802734375 0.0703353881835938 -0.0381927490234375
0.23272705078125 0.32318115234375 -0.19500732421875 -0.354827880859375
0.268951416015625 0.475860595703125 -0.170379638671875 -0.157516479492187
0.338623046875 0.423614501953125 -0.27520751953125 -0.603271484375
0.39215087890625 0.3238525390625 -0.549652099609375 -0.26885986328125
0.42578125 0.0960693359375 -0.3070068359375 0.05718994140625
0.340118408203125 -0.063140869140625 0.0316009521484375 0.0838546752929688
0.248336791992188 -0.19354248046875 0.172592163085938 -0.137741088867187
0.171798706054688 -0.24560546875 0.1273193359375 -0.280532836914063
0.171905517578125 -0.2327880859375 0.063629150390625 -0.32452392578125
0.164901733398438 -0.255584716796875 0.07757568359375 -0.36358642578125
0.215042114257813 -0.241546630859375 0.16827392578125 -0.35906982421875
0.288330078125 -0.165191650390625 0.188140869140625 -0.295440673828125
0.342315673828125 -0.101837158203125 0.24560546875 -0.218826293945312
0.39569091796875 0.104827880859375 0.283843994140625 -0.064971923828125
0.426849365234375 0.2911376953125 0.141143798828125 0.010101318359375
0.359039306640625 0.366607666015625 -0.12445068359375 -0.247467041015625
0.423126220703125 0.4248046875 -0.0926284790039062 -0.0188522338867187
0.435089111328125 0.331787109375 -0.237152099609375 -0.503875732421875
0.426727294921875 0.28143310546875 -0.59490966796875 -0.19927978515625
0.48626708984375 0.100189208984375 -0.375701904296875 0.14202880859375
0.435028076171875 -0.078369140625 -0.0387420654296875 0.1724853515625
0.346588134765625 -0.272613525390625 0.106002807617188 -0.0383224487304688
0.230804443359375 -0.344573974609375 0.0780487060546875 -0.162521362304688
0.21942138671875 -0.31353759765625 0.023345947265625 -0.208663940429688
0.22979736328125 -0.3419189453125 0.0440216064453125 -0.248931884765625
0.315521240234375 -0.300201416015625 0.13470458984375 -0.26019287109375
0.409393310546875 -0.16009521484375 0.172500610351563 -0.217239379882813
0.44451904296875 -0.046600341796875 0.255935668945313 -0.159072875976563
0.41827392578125 0.194488525390625 0.324798583984375 0.010101318359375
0.433319091796875 0.32666015625 0.235076904296875 0.101852416992188
0.42291259765625 0.361083984375 -0.0313491821289062 -0.101417541503906
0.49859619140625 0.29608154296875 0.00888824462890628 0.112030029296875
0.44244384765625 0.181396484375 -0.195556640625 -0.372955322265625
0.368865966796875 0.19384765625 -0.58465576171875 -0.08935546875
0.450927734375 0.08917236328125 -0.393890380859375 0.23870849609375
0.446563720703125 -0.079498291015625 -0.0971832275390625 0.262969970703125
0.3851318359375 -0.310516357421875 0.0321884155273438 0.089141845703125
0.252960205078125 -0.38995361328125 0.0204906463623047 -0.00687980651855471
0.233734130859375 -0.34576416015625 -0.0221748352050781 -0.061431884765625
0.26239013671875 -0.37451171875 -0.00329589843749998 -0.106636047363281
0.372833251953125 -0.306915283203125 0.0805587768554688 -0.135025024414063
0.470916748046875 -0.114593505859375 0.134628295898438 -0.120742797851563
0.473876953125 0.035614013671875 0.249740600585938 -0.082000732421875
0.363311767578125 0.266632080078125 0.3590087890625 0.105804443359375
0.367584228515625 0.321258544921875 0.32403564453125 0.2320556640625
0.42388916015625 0.303680419921875 0.0623016357421875 0.0660820007324219
0.46575927734375 0.12213134765625 0.113113403320313 0.217971801757813
0.329315185546875 0.029815673828125 -0.150527954101562 -0.228607177734375
0.225006103515625 0.124465942382813 -0.516998291015625 0.022857666015625
0.342254638671875 0.09735107421875 -0.360565185546875 0.312225341796875
0.3924560546875 -0.052947998046875 -0.130828857421875 0.330230712890625
0.35992431640625 -0.29608154296875 -0.0340728759765625 0.21807861328125
0.234527587890625 -0.3731689453125 -0.0313873291015625 0.159927368164062
0.21417236328125 -0.32574462890625 -0.0650863647460937 0.0958938598632813
0.257568359375 -0.353912353515625 -0.0565643310546875 0.0388755798339844
0.37249755859375 -0.265380859375 0.00885295867919924 -0.00931644439697267
0.45147705078125 -0.045440673828125 0.0755844116210938 -0.0302886962890625
0.405548095703125 0.115875244140625 0.21868896484375 -0.00532531738281249
0.231613159179688 0.279739379882813 0.371246337890625 0.205535888671875
0.247726440429687 0.245223999023438 0.379669189453125 0.3779296875
0.378265380859375 0.187744140625 0.1365966796875 0.225814819335938
0.33673095703125 -0.064117431640625 0.19970703125 0.286102294921875
0.13336181640625 -0.078338623046875 -0.105010986328125 -0.0985107421875
0.0487899780273438 0.094635009765625 -0.41326904296875 0.105194091796875
0.204269409179688 0.127349853515625 -0.3004150390625 0.340728759765625
0.29571533203125 -0.00714111328125 -0.151947021484375 0.359710693359375
0.28704833984375 -0.232086181640625 -0.084259033203125 0.326416015625
0.182861328125 -0.295196533203125 -0.06646728515625 0.311676025390625
0.163238525390625 -0.2567138671875 -0.0946807861328125 0.239974975585937
0.21124267578125 -0.285858154296875 -0.10516357421875 0.168441772460937
0.3153076171875 -0.1912841796875 -0.0688629150390625 0.095916748046875
0.355560302734375 0.02264404296875 0.00518035888671878 0.0327129364013672
0.2601318359375 0.161483764648438 0.17242431640625 0.0467071533203125
0.061614990234375 0.20623779296875 0.364013671875 0.28851318359375
0.114883422851563 0.0901718139648438 0.3924560546875 0.51544189453125
0.307464599609375 0.0234375 0.188934326171875 0.350372314453125
0.14501953125 -0.229141235351563 0.247467041015625 0.3134765625
-0.0811233520507813 -0.136329650878906 -0.0708236694335937 -0.00476837158203126
-0.112838745117188 0.082977294921875 -0.318878173828125 0.136627197265625
0.064208984375 0.150924682617188 -0.25616455078125 0.325439453125
0.173263549804688 0.0442047119140625 -0.1722412109375 0.35833740234375
0.180648803710938 -0.130386352539063 -0.123626708984375 0.400299072265625
0.109237670898438 -0.166900634765625 -0.0861511230468751 0.42193603515625
0.090606689453125 -0.145980834960938 -0.108154296875 0.3465576171875
0.132675170898438 -0.178115844726563 -0.14031982421875 0.2645263671875
0.206649780273437 -0.1009521484375 -0.1368408203125 0.167129516601563
0.206283569335938 0.06805419921875 -0.0528488159179687 0.0572662353515625
0.0738677978515625 0.149002075195313 0.141433715820313 0.063720703125
-0.0919189453125 0.0530242919921875 0.365020751953125 0.345458984375
0.0080413818359375 -0.117172241210938 0.37762451171875 0.6197509765625
0.21990966796875 -0.15875244140625 0.21978759765625 0.415283203125
-0.06500244140625 0.336822509765625 -0.244720458984375 -0.367919921875
0.12542724609375 0.323333740234375 -0.36932373046875 -0.66925048828125
0.218536376953125 0.122299194335938 -0.42828369140625 -0.26934814453125
0.121559143066406 -0.0539932250976563 -0.174545288085938 -0.0329437255859375
0.00315093994140625 -0.0591163635253906 0.10809326171875 -0.0346450805664063
-0.0541114807128906 0.0136184692382813 0.21282958984375 -0.217239379882813
-0.00786018371582031 0.0339584350585938 0.16156005859375 -0.364532470703125
0.0162391662597656 0.0187911987304687 0.096282958984375 -0.41778564453125
-0.0180091857910156 0.0307559967041016 0.091094970703125 -0.46990966796875
-0.0446090698242188 -0.0159530639648437 0.165496826171875 -0.45556640625
-0.0255355834960938 -0.0970001220703125 0.171173095703125 -0.38818359375
0.0644683837890625 -0.14324951171875 0.2244873046875 -0.305389404296875
0.2384033203125 -0.0425262451171875 0.275238037109375 -0.161834716796875
0.23529052734375 0.17962646484375 0.0375862121582031 -0.0412979125976562
0.066925048828125 0.249740600585938 -0.249603271484375 -0.419769287109375
0.107421875 0.453155517578125 -0.22528076171875 -0.2845458984375
0.23663330078125 0.425872802734375 -0.3363037109375 -0.67340087890625
0.330352783203125 0.268768310546875 -0.49920654296875 -0.281097412109375
0.302276611328125 0.03497314453125 -0.230728149414062 0.0053863525390625
0.188430786132813 -0.0661773681640625 0.093170166015625 0.01025390625
0.102294921875 -0.0997772216796875 0.208984375 -0.210891723632813
0.08465576171875 -0.119293212890625 0.150360107421875 -0.3624267578125
0.09893798828125 -0.123741149902344 0.0794677734375001 -0.40875244140625
0.07696533203125 -0.131584167480469 0.0838623046875 -0.452362060546875
0.08795166015625 -0.146377563476563 0.171905517578125 -0.43951416015625
0.134674072265625 -0.149551391601563 0.182403564453125 -0.36065673828125
0.210739135742188 -0.141128540039062 0.229568481445313 -0.27398681640625
0.341796875 0.014190673828125 0.264007568359375 -0.12786865234375
0.3740234375 0.235382080078125 0.0714111328125 -0.038482666015625
0.25115966796875 0.330902099609375 -0.21478271484375 -0.3580322265625
0.293975830078125 0.48699951171875 -0.17596435546875 -0.15802001953125
0.362701416015625 0.428802490234375 -0.300537109375 -0.6202392578125
0.419769287109375 0.32415771484375 -0.5743408203125 -0.2607421875
0.44439697265625 0.08489990234375 -0.314056396484375 0.06768798828125
0.348114013671875 -0.078643798828125 0.0375213623046875 0.0819625854492188
0.247467041015625 -0.207534790039063 0.168914794921875 -0.152587890625
0.167236328125 -0.260284423828125 0.11834716796875 -0.296142578125
0.167709350585937 -0.24658203125 0.05072021484375 -0.3387451171875
0.161544799804688 -0.268783569335938 0.064788818359375 -0.3785400390625
0.21270751953125 -0.257568359375 0.1612548828125 -0.37847900390625
0.2919921875 -0.183502197265625 0.18505859375 -0.308197021484375
0.35321044921875 -0.11810302734375 0.246719360351563 -0.231002807617188
0.41778564453125 0.095855712890625 0.290130615234375 -0.074798583984375
0.45538330078125 0.286712646484375 0.145889282226563 0.0106964111328125
0.382659912109375 0.371246337890625 -0.138534545898437 -0.250213623046875
0.45281982421875 0.42962646484375 -0.0932464599609375 -0.014495849609375
0.4615478515625 0.329376220703125 -0.259002685546875 -0.51904296875
0.455841064453125 0.28076171875 -0.618896484375 -0.1878662109375
0.506591796875 0.086395263671875 -0.384002685546875 0.1561279296875
0.445892333984375 -0.09674072265625 -0.0320281982421875 0.174942016601563
0.3482666015625 -0.29437255859375 0.104202270507813 -0.0471878051757813
0.223541259765625 -0.36590576171875 0.0700836181640625 -0.1741943359375
0.213592529296875 -0.331573486328125 0.0132598876953125 -0.218429565429688
0.22479248046875 -0.361602783203125 0.0337066650390625 -0.25836181640625
0.313690185546875 -0.322479248046875 0.131820678710938 -0.27569580078125
0.4183349609375 -0.183258056640625 0.17095947265625 -0.227142333984375
0.45928955078125 -0.06396484375 0.25897216796875 -0.1683349609375
0.4432373046875 0.18896484375 0.33477783203125 0.00115966796875001
0.4635009765625 0.324951171875 0.245437622070313 0.10205078125
0.44769287109375 0.364959716796875 -0.0384521484375 -0.1011962890625
0.52777099609375 0.293731689453125 0.0145797729492188 0.118705749511719
0.46319580078125 0.174224853515625 -0.212158203125 -0.383575439453125
0.39434814453125 0.1943359375 -0.60504150390625 -0.0747680664062499
0.47222900390625 0.075469970703125 -0.400299072265625 0.2567138671875
0.46063232421875 -0.098876953125 -0.0897979736328125 0.27020263671875
0.38555908203125 -0.33489990234375 0.0324172973632813 0.08648681640625
0.2445068359375 -0.4149169921875 0.0169477462768555 -0.0113000869750977
0.2286376953125 -0.3670654296875 -0.0291976928710937 -0.0650253295898438
0.256591796875 -0.39727783203125 -0.00959014892578123 -0.110549926757813
0.37152099609375 -0.333526611328125 0.080780029296875 -0.14483642578125
0.48419189453125 -0.13995361328125 0.13507080078125 -0.12603759765625
0.4923095703125 0.018829345703125 0.25421142578125 -0.0877227783203125
0.388153076171875 0.266082763671875 0.372955322265625 0.100433349609375
0.392913818359375 0.321075439453125 0.34075927734375 0.23345947265625
0.446563720703125 0.30487060546875 0.0613784790039063 0.0697784423828125
0.487640380859375 0.1124267578125 0.125656127929688 0.226409912109375
0.3411865234375 0.022216796875 -0.160232543945312 -0.235275268554688
0.2430419921875 0.125396728515625 -0.529876708984375 0.03973388671875
0.359405517578125 0.08831787109375 -0.360382080078125 0.330902099609375
0.40631103515625 -0.070892333984375 -0.12353515625 0.34088134765625
0.360748291015625 -0.32171630859375 -0.031585693359375 0.221832275390625
0.225982666015625 -0.39874267578125 -0.029510498046875 0.162078857421875
0.209320068359375 -0.34619140625 -0.0669479370117187 0.099090576171875
0.251495361328125 -0.3751220703125 -0.0589523315429687 0.0423660278320312
0.37335205078125 -0.2918701171875 0.0108528137207031 -0.0115604400634766
0.46636962890625 -0.066864013671875 0.0765838623046875 -0.0297164916992188
0.42547607421875 0.104888916015625 0.22320556640625 -0.00773620605468749
0.250335693359375 0.28387451171875 0.387786865234375 0.20367431640625
0.264678955078125 0.246505737304688 0.401275634765625 0.38385009765625
0.3974609375 0.18304443359375 0.14312744140625 0.23370361328125
0.345672607421875 -0.076629638671875 0.216705322265625 0.293975830078125
0.133476257324219 -0.083099365234375 -0.109100341796875 -0.100746154785156
0.0565567016601563 0.101188659667969 -0.420684814453125 0.12091064453125
0.219619750976562 0.123077392578125 -0.299285888671875 0.356964111328125
0.308502197265625 -0.02081298828125 -0.144012451171875 0.370391845703125
0.28668212890625 -0.253143310546875 -0.08038330078125 0.335723876953125
0.1748046875 -0.316619873046875 -0.059814453125 0.31939697265625
0.159759521484375 -0.273101806640625 -0.0911865234375 0.248184204101562
0.20654296875 -0.3028564453125 -0.104476928710938 0.178131103515625
0.315399169921875 -0.2130126953125 -0.0641326904296875 0.100868225097656
0.3704833984375 0.006134033203125 0.00634002685546877 0.0382652282714844
0.276504516601563 0.158294677734375 0.177230834960938 0.0477447509765625
0.0706329345703125 0.212615966796875 0.382659912109375 0.287994384765625
0.122901916503906 0.0894241333007813 0.4178466796875 0.52410888671875
0.319061279296875 0.014617919921875 0.199432373046875 0.36163330078125
0.142074584960937 -0.241653442382813 0.26654052734375 0.319091796875
-0.0903549194335937 -0.135467529296875 -0.0699577331542969 -0.00410461425781249
-0.111282348632813 0.0941009521484375 -0.32171630859375 0.15069580078125
0.0745849609375 0.153610229492188 -0.25439453125 0.34002685546875
0.18365478515625 0.036590576171875 -0.165252685546875 0.369384765625
0.180435180664063 -0.144012451171875 -0.115631103515625 0.41314697265625
0.104766845703125 -0.181381225585938 -0.073638916015625 0.435150146484375
0.0888214111328125 -0.157333374023438 -0.098785400390625 0.359710693359375
0.1287841796875 -0.190750122070313 -0.135986328125 0.279190063476562
0.208602905273438 -0.116058349609375 -0.13153076171875 0.178665161132812
0.218658447265625 0.0587615966796875 -0.0535507202148437 0.0661506652832031
0.0838775634765625 0.151626586914063 0.144943237304687 0.065643310546875
-0.0947799682617188 0.0583877563476562 0.3843994140625 0.34368896484375
0.00428009033203124 -0.12255859375 0.40521240234375 0.63067626953125
0.224136352539063 -0.172286987304688 0.234466552734375 0.42706298828125
-0.0477294921875 0.3560791015625 -0.26727294921875 -0.3687744140625
0.1513671875 0.325714111328125 -0.42034912109375 -0.6732177734375
0.234634399414063 0.110626220703125 -0.45477294921875 -0.25299072265625
0.120376586914063 -0.0633316040039063 -0.180389404296875 -0.023895263671875
-0.00271224975585937 -0.0612449645996094 0.109024047851563 -0.048370361328125
-0.0572929382324219 0.0213775634765625 0.20123291015625 -0.242568969726562
-0.00617599487304688 0.0384941101074219 0.140380859375 -0.38690185546875
0.0175762176513672 0.0195980072021484 0.0709228515625 -0.43560791015625
-0.0140552520751953 0.0350379943847656 0.06353759765625 -0.48919677734375
-0.0474472045898438 -0.00994110107421876 0.141021728515625 -0.482391357421875
-0.0364456176757812 -0.0985031127929687 0.152923583984375 -0.408935546875
0.056549072265625 -0.153594970703125 0.210968017578125 -0.329193115234375
0.244354248046875 -0.0613555908203125 0.269058227539063 -0.18328857421875
0.258529663085938 0.171554565429688 0.0385704040527344 -0.0416259765625
0.0853271484375 0.258987426757813 -0.28424072265625 -0.4180908203125
0.137725830078125 0.46722412109375 -0.24200439453125 -0.28369140625
0.27264404296875 0.42608642578125 -0.38714599609375 -0.67913818359375
0.361297607421875 0.25640869140625 -0.53082275390625 -0.263031005859375
0.313629150390625 0.015594482421875 -0.23638916015625 0.0194549560546875
0.187576293945312 -0.0802764892578125 0.0970916748046875 -0.000854492187500005
0.0969390869140625 -0.105270385742188 0.197525024414063 -0.234527587890625
0.0776138305664063 -0.126373291015625 0.127716064453125 -0.3837890625
0.0929183959960938 -0.132965087890625 0.0516357421875 -0.426544189453125
0.0719833374023438 -0.139076232910156 0.056243896484375 -0.471832275390625
0.0803680419921875 -0.155258178710938 0.148651123046875 -0.466888427734375
0.12762451171875 -0.164031982421875 0.166656494140625 -0.381103515625
0.208526611328125 -0.161178588867188 0.219940185546875 -0.293731689453125
0.356658935546875 -0.00738525390625 0.26190185546875 -0.14703369140625
0.405303955078125 0.2196044921875 0.0727691650390625 -0.0403823852539062
0.28021240234375 0.3319091796875 -0.24615478515625 -0.35675048828125
0.334991455078125 0.488311767578125 -0.185150146484375 -0.153564453125
0.40252685546875 0.419677734375 -0.3466796875 -0.6258544921875
0.460693359375 0.30999755859375 -0.60626220703125 -0.23577880859375
0.4639892578125 0.058929443359375 -0.31982421875 0.087860107421875
0.353240966796875 -0.10406494140625 0.0454177856445313 0.0767364501953125
0.239028930664063 -0.227783203125 0.16015625 -0.172470092773438
0.153274536132812 -0.278396606445312 0.0986633300781251 -0.314971923828125
0.155746459960938 -0.264480590820313 0.02679443359375 -0.35308837890625
0.14984130859375 -0.28851318359375 0.040283203125 -0.39501953125
0.201370239257813 -0.279159545898438 0.140716552734375 -0.404205322265625
0.28997802734375 -0.21044921875 0.17230224609375 -0.3275146484375
0.359130859375 -0.144683837890625 0.239608764648438 -0.25018310546875
0.440704345703125 0.072662353515625 0.293731689453125 -0.092437744140625
0.491790771484375 0.270477294921875 0.153076171875 0.00610351562500002
0.41943359375 0.364471435546875 -0.161895751953125 -0.247329711914063
0.495452880859375 0.418792724609375 -0.0933837890625 -0.00856781005859371
0.49700927734375 0.3126220703125 -0.2987060546875 -0.525604248046875
0.4974365234375 0.263763427734375 -0.64813232421875 -0.1571044921875
0.5322265625 0.056060791015625 -0.386627197265625 0.1839599609375
0.45458984375 -0.131622314453125 -0.0214080810546875 0.177581787109375
0.339019775390625 -0.32635498046875 0.100364685058594 -0.0600662231445313
0.203704833984375 -0.393341064453125 0.056488037109375 -0.187240600585938
0.196929931640625 -0.35601806640625 -0.00559997558593747 -0.2281494140625
0.207794189453125 -0.388885498046875 0.0148773193359375 -0.268646240234375
0.300537109375 -0.354888916015625 0.117462158203125 -0.29669189453125
0.422027587890625 -0.2198486328125 0.162612915039063 -0.242034912109375
0.474884033203125 -0.096221923828125 0.25634765625 -0.186630249023438
0.47479248046875 0.16900634765625 0.34539794921875 -0.015716552734375
0.502410888671875 0.308868408203125 0.2608642578125 0.09576416015625
0.48565673828125 0.353302001953125 -0.0494384765625 -0.0985183715820312
0.564453125 0.2730712890625 0.0261306762695313 0.125892639160156
0.4901123046875 0.1517333984375 -0.242431640625 -0.3873291015625
0.427581787109375 0.178436279296875 -0.6275634765625 -0.0410156250000001
0.49542236328125 0.04718017578125 -0.398040771484375 0.2877197265625
0.4720458984375 -0.134429931640625 -0.0751495361328125 0.279220581054688
0.375030517578125 -0.372833251953125 0.0346221923828125 0.0833587646484375
0.221343994140625 -0.447418212890625 0.0119857788085938 -0.0168571472167969
0.210693359375 -0.394500732421875 -0.0396652221679687 -0.0669784545898438
0.237548828125 -0.427215576171875 -0.020660400390625 -0.112442016601563
0.358642578125 -0.370758056640625 0.0740509033203125 -0.158721923828125
0.4910888671875 -0.17999267578125 0.13262939453125 -0.13482666015625
0.513153076171875 -0.01251220703125 0.256072998046875 -0.101348876953125
0.4212646484375 0.252685546875 0.3924560546875 0.08306884765625
0.4296875 0.309906005859375 0.367095947265625 0.225555419921875
0.4822998046875 0.28936767578125 0.0635223388671875 0.0730972290039063
0.513427734375 0.086395263671875 0.147018432617188 0.231475830078125
0.3533935546875 0.00299072265625 -0.179550170898437 -0.236434936523437
0.26611328125 0.11834716796875 -0.54248046875 0.0738220214843751
0.3807373046875 0.0665283203125 -0.353118896484375 0.361724853515625
0.4188232421875 -0.103118896484375 -0.105987548828125 0.353607177734375
0.35162353515625 -0.35638427734375 -0.0224761962890625 0.227752685546875
0.202301025390625 -0.429290771484375 -0.024810791015625 0.165496826171875
0.191986083984375 -0.373260498046875 -0.067657470703125 0.104568481445312
0.233154296875 -0.406005859375 -0.0604667663574219 0.0487861633300781
0.36370849609375 -0.328857421875 0.0122756958007813 -0.0161819458007813
0.4776611328125 -0.1048583984375 0.0767822265625 -0.0314178466796875
0.44866943359375 0.08087158203125 0.228851318359375 -0.016021728515625
0.278289794921875 0.280181884765625 0.412353515625 0.1890869140625
0.290008544921875 0.239715576171875 0.439056396484375 0.377044677734375
0.42266845703125 0.166229248046875 0.1572265625 0.238067626953125
0.354339599609375 -0.101715087890625 0.244415283203125 0.2958984375
0.132217407226563 -0.0914077758789063 -0.117843627929687 -0.0995712280273438
0.0703887939453125 0.105216979980469 -0.423980712890625 0.14849853515625
0.238555908203125 0.112533569335938 -0.286834716796875 0.38360595703125
0.3206787109375 -0.04547119140625 -0.1259765625 0.3876953125
0.278656005859375 -0.282318115234375 -0.06536865234375 0.348663330078125
0.155609130859375 -0.342315673828125 -0.04425048828125 0.32958984375
0.14581298828125 -0.295196533203125 -0.0811767578125 0.260040283203125
0.19219970703125 -0.329864501953125 -0.0964508056640624 0.192398071289063
0.3089599609375 -0.244720458984375 -0.0572357177734375 0.1060791015625
0.384765625 -0.022674560546875 0.00853729248046878 0.0436935424804688
0.296661376953125 0.1455078125 0.183822631835938 0.043975830078125
0.08575439453125 0.217132568359375 0.41009521484375 0.274810791015625
0.1319580078125 0.0843887329101563 0.463714599609375 0.519775390625
0.33197021484375 -0.00628662109375 0.222625732421875 0.3665771484375
0.130599975585938 -0.260009765625 0.297760009765625 0.317413330078125
-0.10345458984375 -0.131072998046875 -0.0703582763671875 -0.00196075439453124
-0.107269287109375 0.108566284179687 -0.321197509765625 0.1734619140625
0.0902252197265625 0.15301513671875 -0.24078369140625 0.361663818359375
0.193832397460938 0.0215606689453125 -0.14862060546875 0.3883056640625
0.175674438476563 -0.163909912109375 -0.0957641601562499 0.43280029296875
0.092254638671875 -0.198333740234375 -0.049163818359375 0.449127197265625
0.0811004638671875 -0.171417236328125 -0.079986572265625 0.375396728515625
0.11968994140625 -0.207855224609375 -0.120941162109375 0.298248291015625
0.20648193359375 -0.137191772460937 -0.120376586914063 0.193145751953125
0.231536865234375 0.042022705078125 -0.0519638061523437 0.0762100219726562
0.0986328125 0.152252197265625 0.15081787109375 0.063629150390625
-0.0955963134765625 0.0666351318359375 0.414276123046875 0.33154296875
-0.0040740966796875 -0.129417419433594 0.456298828125 0.630859375
0.223464965820312 -0.195022583007813 0.2630615234375 0.43280029296875
-0.020599365234375 0.36798095703125 -0.28955078125 -0.356964111328125
0.18035888671875 0.31658935546875 -0.47296142578125 -0.6475830078125
0.24609375 0.0896453857421875 -0.47674560546875 -0.220184326171875
0.114608764648438 -0.0750732421875 -0.180984497070312 -0.010711669921875
-0.0112876892089844 -0.0598716735839844 0.104774475097656 -0.0635452270507813
-0.0567893981933594 0.0318794250488281 0.176834106445313 -0.264678955078125
-0.00290679931640625 0.0427093505859375 0.10540771484375 -0.399688720703125
0.0191612243652344 0.0192508697509766 0.033843994140625 -0.4417724609375
-0.00855255126953125 0.0383758544921875 0.020904541015625 -0.4970703125
-0.048370361328125 -0.00301361083984376 0.100860595703125 -0.49725341796875
-0.048583984375 -0.0947952270507813 0.12158203125 -0.421844482421875
0.0434722900390625 -0.160079956054688 0.184600830078125 -0.3470458984375
0.241561889648437 -0.0848236083984375 0.251602172851563 -0.20458984375
0.277099609375 0.150619506835938 0.0374374389648438 -0.0432510375976562
0.108734130859375 0.258880615234375 -0.321136474609375 -0.39801025390625
0.17718505859375 0.462615966796875 -0.25848388671875 -0.270553588867187
0.30999755859375 0.40765380859375 -0.441162109375 -0.65740966796875
0.388275146484375 0.22802734375 -0.552093505859375 -0.22393798828125
0.315643310546875 -0.010833740234375 -0.235000610351563 0.037841796875
0.17864990234375 -0.0973663330078125 0.0981521606445313 -0.0144729614257813
0.0867691040039063 -0.109939575195313 0.174102783203125 -0.257293701171875
0.0669403076171875 -0.130424499511719 0.09344482421875 -0.397308349609375
0.0800018310546875 -0.139762878417969 0.01495361328125 -0.430908203125
0.061981201171875 -0.145828247070313 0.013824462890625 -0.479766845703125
0.0662689208984375 -0.161605834960938 0.107177734375 -0.485992431640625
0.111953735351562 -0.17657470703125 0.13812255859375 -0.39703369140625
0.196823120117187 -0.180801391601563 0.19622802734375 -0.31170654296875
0.360626220703125 -0.0390625 0.24896240234375 -0.1671142578125
0.43023681640625 0.18829345703125 0.0722122192382813 -0.042724609375
0.311279296875 0.316741943359375 -0.279052734375 -0.339019775390625
0.378570556640625 0.4697265625 -0.1925048828125 -0.14166259765625
0.439056396484375 0.3909912109375 -0.398681640625 -0.6085205078125
0.494049072265625 0.272979736328125 -0.6282958984375 -0.18994140625
0.472991943359375 0.0186767578125 -0.314666748046875 0.1138916015625
0.3448486328125 -0.135162353515625 0.0522041320800781 0.0688743591308594
0.219985961914062 -0.2470703125 0.142257690429688 -0.190567016601563
0.127593994140625 -0.290740966796875 0.067626953125 -0.327056884765625
0.132797241210938 -0.278030395507812 -0.00772094726562499 -0.356536865234375
0.125946044921875 -0.30291748046875 0.00460815429687502 -0.40045166015625
0.1766357421875 -0.298065185546875 0.104827880859375 -0.422393798828125
0.272308349609375 -0.23895263671875 0.147430419921875 -0.34222412109375
0.350738525390625 -0.1766357421875 0.22052001953125 -0.268386840820313
0.451934814453125 0.037078857421875 0.287139892578125 -0.114593505859375
0.52294921875 0.231475830078125 0.15631103515625 -0.00241088867187499
0.45452880859375 0.33782958984375 -0.185775756835938 -0.232254028320312
0.536651611328125 0.38348388671875 -0.088348388671875 -0.000732421874999994
0.527252197265625 0.2750244140625 -0.34356689453125 -0.5086669921875
0.528472900390625 0.226593017578125 -0.66510009765625 -0.106689453125
0.54345703125 0.011810302734375 -0.375579833984375 0.2169189453125
0.44659423828125 -0.170806884765625 -0.00624084472656246 0.176513671875
0.313446044921875 -0.354583740234375 0.091888427734375 -0.071868896484375
0.169097900390625 -0.41241455078125 0.0361480712890625 -0.194854736328125
0.167236328125 -0.374969482421875 -0.0306243896484375 -0.229080200195313
0.1754150390625 -0.40936279296875 -0.01007080078125 -0.271560668945313
0.268829345703125 -0.385009765625 0.090972900390625 -0.3114013671875
0.40374755859375 -0.26153564453125 0.144485473632813 -0.2552490234375
0.471221923828125 -0.1378173828125 0.242355346679688 -0.204849243164063
0.494384765625 0.132904052734375 0.34698486328125 -0.04168701171875
0.535614013671875 0.272430419921875 0.272933959960938 0.079376220703125
0.520782470703125 0.32122802734375 -0.061248779296875 -0.0910263061523437
0.5941162109375 0.2298583984375 0.041229248046875 0.127540588378906
0.50482177734375 0.113555908203125 -0.276031494140625 -0.374359130859375
0.453765869140625 0.14581298828125 -0.63262939453125 0.00915527343749991
0.50762939453125 0.004058837890625 -0.3780517578125 0.3212890625
0.46502685546875 -0.177703857421875 -0.051788330078125 0.283050537109375
0.34674072265625 -0.408050537109375 0.0371856689453125 0.0780258178710937
0.180633544921875 -0.471099853515625 0.00529670715332033 -0.0202255249023438
0.17791748046875 -0.41455078125 -0.0517807006835937 -0.0640602111816407
0.203948974609375 -0.4527587890625 -0.0319595336914063 -0.110816955566406
0.326507568359375 -0.405517578125 0.05859375 -0.169036865234375
0.478668212890625 -0.2266845703125 0.122177124023438 -0.143508911132813
0.51788330078125 -0.057464599609375 0.249420166015625 -0.118362426757813
0.4486083984375 0.223602294921875 0.4005126953125 0.054534912109375
0.460601806640625 0.279815673828125 0.3892822265625 0.202667236328125
0.509552001953125 0.255615234375 0.067352294921875 0.07318115234375
0.526763916015625 0.044647216796875 0.171234130859375 0.225006103515625
0.35662841796875 -0.02520751953125 -0.200363159179688 -0.226882934570312
0.284759521484375 0.09906005859375 -0.538604736328125 0.117218017578125
0.394439697265625 0.034423828125 -0.325592041015625 0.39202880859375
0.414764404296875 -0.142578125 -0.0778198242187499 0.361297607421875
0.32257080078125 -0.391143798828125 -0.00866699218749996 0.227874755859375
0.162872314453125 -0.45318603515625 -0.015716552734375 0.16595458984375
0.16064453125 -0.392669677734375 -0.0645523071289062 0.1103515625
0.198272705078125 -0.43145751953125 -0.0577888488769531 0.055206298828125
0.33355712890625 -0.36468505859375 0.0101337432861328 -0.0207309722900391
0.472564697265625 -0.149932861328125 0.0760040283203125 -0.034210205078125
0.46075439453125 0.04376220703125 0.22821044921875 -0.02984619140625
0.30487060546875 0.261932373046875 0.4288330078125 0.15740966796875
0.313995361328125 0.21881103515625 0.47454833984375 0.34869384765625
0.440948486328125 0.133575439453125 0.174224853515625 0.233047485351562
0.349365234375 -0.133087158203125 0.274444580078125 0.28277587890625
0.125251770019531 -0.1014404296875 -0.125457763671875 -0.093780517578125
0.0853652954101563 0.102546691894531 -0.413818359375 0.18292236328125
0.253204345703125 0.0923004150390625 -0.2579345703125 0.406219482421875
0.3214111328125 -0.076751708984375 -0.095428466796875 0.395599365234375
0.25531005859375 -0.312103271484375 -0.04052734375 0.35394287109375
0.12261962890625 -0.36041259765625 -0.020599365234375 0.332000732421875
0.120147705078125 -0.312286376953125 -0.0635223388671875 0.267669677734375
0.16351318359375 -0.35150146484375 -0.0810546875 0.202468872070312
0.287445068359375 -0.277252197265625 -0.0472946166992187 0.108436584472656
0.38580322265625 -0.06011962890625 0.01275634765625 0.04840087890625
0.3140869140625 0.121246337890625 0.186782836914063 0.035186767578125
0.10406494140625 0.214218139648438 0.4337158203125 0.24420166015625
0.139427185058594 0.0745010375976563 0.509033203125 0.490081787109375
0.334320068359375 -0.03533935546875 0.249420166015625 0.35888671875
0.109268188476563 -0.273391723632813 0.330352783203125 0.301361083984375
-0.114692687988281 -0.121109008789063 -0.0692214965820313 0.000869750976562478
-0.0948867797851563 0.121070861816406 -0.308929443359375 0.19891357421875
0.106643676757812 0.14581298828125 -0.214080810546875 0.3818359375
0.1998291015625 0.0018157958984375 -0.12042236328125 0.399871826171875
0.161102294921875 -0.181503295898438 -0.06341552734375 0.44219970703125
0.07159423828125 -0.210433959960938 -0.012725830078125 0.4527587890625
0.06640625 -0.182952880859375 -0.05010986328125 0.3822021484375
0.10150146484375 -0.22174072265625 -0.09429931640625 0.31219482421875
0.194351196289063 -0.159561157226563 -0.101226806640625 0.2027587890625
0.238388061523438 0.018646240234375 -0.0456314086914063 0.08624267578125
0.114151000976563 0.145431518554688 0.154006958007813 0.0565032958984375
-0.0935211181640625 0.0774078369140625 0.44061279296875 0.301422119140625
-0.0162277221679687 -0.130775451660156 0.5106201171875 0.60321044921875
0.210845947265625 -0.21875 0.29571533203125 0.422271728515625
0.00598144531249996 0.3670654296875 -0.3016357421875 -0.3360595703125
0.201080322265625 0.296630859375 -0.506103515625 -0.60467529296875
0.247604370117188 0.067230224609375 -0.47857666015625 -0.1837158203125
0.104660034179688 -0.0820083618164063 -0.175827026367188 0.000122070312500027
-0.0185127258300781 -0.0558357238769531 0.095458984375 -0.075225830078125
-0.0527801513671875 0.0395965576171875 0.14727783203125 -0.27545166015625
0.00147628784179687 0.0450592041015625 0.072113037109375 -0.398681640625
0.0197849273681641 0.0188636779785156 0.000549316406249962 -0.43267822265625
-0.003326416015625 0.0392341613769531 -0.01898193359375 -0.485382080078125
-0.0483283996582031 0.00361251831054688 0.057159423828125 -0.492462158203125
-0.058502197265625 -0.0875396728515625 0.088287353515625 -0.41961669921875
0.029144287109375 -0.159896850585937 0.152313232421875 -0.3489990234375
0.23004150390625 -0.102874755859375 0.228347778320313 -0.214691162109375
0.28564453125 0.126617431640625 0.035491943359375 -0.0422592163085937
0.127105712890625 0.24945068359375 -0.34149169921875 -0.36480712890625
0.207366943359375 0.4451904296875 -0.26513671875 -0.250289916992188
0.333251953125 0.375732421875 -0.47650146484375 -0.61651611328125
0.398193359375 0.190093994140625 -0.553741455078125 -0.181243896484375
0.307525634765625 -0.0347900390625 -0.226333618164062 0.0528564453125
0.1646728515625 -0.10699462890625 0.0930099487304688 -0.0269088745117188
0.0756912231445313 -0.10980224609375 0.145401000976563 -0.266891479492188
0.0548477172851563 -0.128768920898438 0.058441162109375 -0.39569091796875
0.06793212890625 -0.14117431640625 -0.02105712890625 -0.42047119140625
0.0501861572265625 -0.146774291992188 -0.022674560546875 -0.467803955078125
0.0514678955078125 -0.160858154296875 0.064208984375 -0.48193359375
0.0937957763671875 -0.180633544921875 0.106201171875 -0.395782470703125
0.179107666015625 -0.192123413085938 0.1678466796875 -0.315185546875
0.351318359375 -0.065093994140625 0.229354858398438 -0.17779541015625
0.439971923828125 0.1517333984375 0.0694122314453125 -0.0456161499023437
0.3289794921875 0.2913818359375 -0.29840087890625 -0.3092041015625
0.404632568359375 0.433990478515625 -0.191741943359375 -0.128067016601563
0.45721435546875 0.3507080078125 -0.431640625 -0.5709228515625
0.507171630859375 0.23016357421875 -0.62628173828125 -0.1431884765625
0.46502685546875 -0.018096923828125 -0.298919677734375 0.1346435546875
0.32470703125 -0.157867431640625 0.0557327270507813 0.0587196350097656
0.195541381835938 -0.255752563476563 0.119903564453125 -0.19952392578125
0.1014404296875 -0.290191650390625 0.03839111328125 -0.325347900390625
0.107635498046875 -0.279983520507813 -0.03759765625 -0.345916748046875
0.0999755859375 -0.305572509765625 -0.027801513671875 -0.39044189453125
0.148406982421875 -0.304534912109375 0.06646728515625 -0.422637939453125
0.24554443359375 -0.255294799804688 0.119842529296875 -0.3438720703125
0.32952880859375 -0.200531005859375 0.194503784179688 -0.274581909179688
0.449310302734375 0.003326416015625 0.272293090820313 -0.129837036132813
0.534515380859375 0.189697265625 0.155227661132813 -0.0112152099609375
0.47076416015625 0.3013916015625 -0.200469970703125 -0.211380004882812
0.553985595703125 0.33721923828125 -0.0806655883789062 0.00480651855468751
0.535400390625 0.232513427734375 -0.37200927734375 -0.47808837890625
0.539154052734375 0.181182861328125 -0.65704345703125 -0.05828857421875
0.535247802734375 -0.0308837890625 -0.350799560546875 0.240234375
0.421630859375 -0.2015380859375 0.00765991210937501 0.168502807617188
0.277618408203125 -0.370086669921875 0.0794219970703125 -0.0800552368164063
0.130035400390625 -0.414947509765625 0.0164337158203125 -0.194717407226563
0.134307861328125 -0.376953125 -0.0523834228515625 -0.219375610351563
0.13861083984375 -0.414642333984375 -0.0324859619140625 -0.262908935546875
0.23126220703125 -0.396728515625 0.061492919921875 -0.31427001953125
0.374847412109375 -0.286834716796875 0.123184204101563 -0.257797241210938
0.452178955078125 -0.170318603515625 0.22265625 -0.212921142578125
0.496551513671875 0.094268798828125 0.336944580078125 -0.06231689453125
0.5469970703125 0.22882080078125 0.275497436523438 0.06097412109375
0.5345458984375 0.279144287109375 -0.0684356689453125 -0.0802459716796875
0.60076904296875 0.18231201171875 0.0556793212890626 0.122322082519531
0.50225830078125 0.0748291015625 -0.297576904296875 -0.351348876953125
0.46099853515625 0.108551025390625 -0.618896484375 0.0526733398437501
0.49896240234375 -0.035064697265625 -0.345977783203125 0.342041015625
0.441925048828125 -0.211212158203125 -0.028900146484375 0.276565551757813
0.307525634765625 -0.426513671875 0.0378799438476563 0.0712509155273437
0.137847900390625 -0.474517822265625 -0.0014362335205078 -0.0216960906982422
0.139984130859375 -0.41949462890625 -0.0604705810546875 -0.0568084716796875
0.16168212890625 -0.45947265625 -0.0410995483398437 -0.105010986328125
0.28436279296875 -0.423492431640625 0.040496826171875 -0.172515869140625
0.45037841796875 -0.262115478515625 0.109634399414063 -0.146591186523438
0.5047607421875 -0.095062255859375 0.235595703125 -0.129379272460938
0.45782470703125 0.188507080078125 0.396881103515625 0.0260009765625
0.474365234375 0.24298095703125 0.39849853515625 0.174041748046875
0.518035888671875 0.214996337890625 0.068756103515625 0.0726852416992188
0.519683837890625 0.004150390625 0.189437866210938 0.210800170898438
0.346038818359375 -0.04962158203125 -0.212860107421875 -0.211090087890625
0.292877197265625 0.076507568359375 -0.516876220703125 0.15167236328125
0.392181396484375 0.003082275390625 -0.29119873046875 0.405548095703125
0.396942138671875 -0.17486572265625 -0.049102783203125 0.3536376953125
0.285186767578125 -0.411224365234375 0.00477600097656252 0.222122192382813
0.1209716796875 -0.455047607421875 -0.00787353515624999 0.162857055664062
0.126678466796875 -0.397003173828125 -0.0590896606445313 0.11370849609375
0.158355712890625 -0.4383544921875 -0.0536308288574219 0.0587844848632812
0.29296875 -0.385101318359375 0.00631713867187502 -0.024404525756836
0.44891357421875 -0.1859130859375 0.0722503662109375 -0.0348968505859375
0.4559326171875 0.007171630859375 0.221221923828125 -0.0397491455078125
0.31842041015625 0.23699951171875 0.430816650390625 0.12689208984375
0.324859619140625 0.19342041015625 0.49066162109375 0.3101806640625
0.441741943359375 0.098175048828125 0.184432983398438 0.222198486328125
0.331573486328125 -0.15606689453125 0.294036865234375 0.260955810546875
0.115432739257813 -0.107139587402344 -0.129409790039062 -0.085479736328125
0.0962295532226563 0.0949478149414063 -0.38916015625 0.206207275390625
0.258148193359375 0.0706634521484375 -0.22381591796875 0.414459228515625
0.310272216796875 -0.10211181640625 -0.064910888671875 0.390960693359375
0.225067138671875 -0.326171875 -0.017578125 0.349273681640625
0.08758544921875 -0.364501953125 0.00115966796875004 0.324798583984375
0.09234619140625 -0.31610107421875 -0.045623779296875 0.266525268554688
0.12939453125 -0.3582763671875 -0.062957763671875 0.204391479492188
0.25604248046875 -0.295196533203125 -0.0383453369140625 0.106781005859375
0.37176513671875 -0.091888427734375 0.0172233581542969 0.0507621765136719
0.31744384765625 0.095458984375 0.184783935546875 0.0259857177734375
0.117080688476563 0.20526123046875 0.439422607421875 0.210357666015625
0.141433715820313 0.0638580322265625 0.532958984375 0.445343017578125
0.32501220703125 -0.061431884765625 0.267364501953125 0.339874267578125
0.0858917236328125 -0.278076171875 0.34857177734375 0.274505615234375
-0.121124267578125 -0.108116149902344 -0.0670356750488281 0.0041961669921875
-0.0796966552734375 0.127395629882812 -0.285247802734375 0.214324951171875
0.118019104003906 0.133956909179688 -0.18231201171875 0.38775634765625
0.196945190429688 -0.0163421630859375 -0.09027099609375 0.395660400390625
0.142410278320313 -0.19219970703125 -0.032073974609375 0.4356689453125
0.0497283935546875 -0.213455200195313 0.0185546875 0.44219970703125
0.0503082275390625 -0.187103271484375 -0.022674560546875 0.377166748046875
0.0799407958984375 -0.226959228515625 -0.067291259765625 0.311248779296875
0.17626953125 -0.174606323242188 -0.0818023681640625 0.203338623046875
0.23590087890625 -0.0031585693359375 -0.0381698608398437 0.093353271484375
0.125114440917969 0.13385009765625 0.152786254882813 0.0486907958984375
-0.087493896484375 0.0860671997070312 0.449188232421875 0.26361083984375
-0.0270156860351563 -0.127517700195312 0.543670654296875 0.555816650390625
0.19091796875 -0.234268188476563 0.316497802734375 0.3997802734375
0.0233154296875 0.360321044921875 -0.29998779296875 -0.32159423828125
0.209686279296875 0.278732299804688 -0.51373291015625 -0.5693359375
0.241119384765625 0.050537109375 -0.467498779296875 -0.16009521484375
0.0945587158203125 -0.0855865478515625 -0.169586181640625 0.0060272216796875
-0.0234718322753906 -0.052398681640625 0.0859298706054687 -0.0811386108398438
-0.049072265625 0.0459823608398438 0.12335205078125 -0.274749755859375
0.00475692749023438 0.046661376953125 0.0501708984375 -0.38958740234375
0.0192375183105469 0.0193748474121094 -0.0213623046875 -0.416351318359375
-0.000114440917968749 0.0388526916503906 -0.04095458984375 -0.466339111328125
-0.0462226867675781 0.00925064086914063 0.028778076171875 -0.475830078125
-0.0634078979492188 -0.0794677734375 0.065277099609375 -0.406585693359375
0.0186920166015625 -0.15716552734375 0.1314697265625 -0.34130859375
0.21710205078125 -0.112945556640625 0.209304809570313 -0.21319580078125
0.284698486328125 0.109527587890625 0.0352783203125 -0.0418548583984375
0.137435913085937 0.239883422851563 -0.34735107421875 -0.339599609375
0.220367431640625 0.425506591796875 -0.261215209960937 -0.240432739257813
0.33953857421875 0.3526611328125 -0.4853515625 -0.58251953125
0.396087646484375 0.16424560546875 -0.54132080078125 -0.154296875
0.29425048828125 -0.04949951171875 -0.21588134765625 0.05999755859375
0.151412963867188 -0.110015869140625 0.0862503051757813 -0.0338592529296875
0.0672988891601563 -0.105766296386719 0.122970581054687 -0.2667236328125
0.04681396484375 -0.124290466308594 0.03607177734375 -0.38720703125
0.0577621459960938 -0.13690185546875 -0.040740966796875 -0.40338134765625
0.042022705078125 -0.143630981445313 -0.046630859375 -0.44830322265625
0.04156494140625 -0.1572265625 0.03582763671875 -0.4678955078125
0.0793914794921875 -0.177642822265625 0.0849609375 -0.38604736328125
0.164016723632813 -0.194961547851562 0.147979736328125 -0.31060791015625
0.337799072265625 -0.081207275390625 0.213043212890625 -0.178024291992188
0.436126708984375 0.12786865234375 0.0684165954589844 -0.045684814453125
0.334136962890625 0.2720947265625 -0.30267333984375 -0.28424072265625
0.410797119140625 0.405792236328125 -0.185211181640625 -0.120803833007812
0.4571533203125 0.32177734375 -0.441802978515625 -0.54058837890625
0.503936767578125 0.197357177734375 -0.61126708984375 -0.11297607421875
0.449920654296875 -0.0391845703125 -0.282501220703125 0.14306640625
0.305145263671875 -0.16693115234375 0.0554237365722656 0.0500411987304687
0.176010131835938 -0.253402709960938 0.102188110351563 -0.200790405273438
0.083831787109375 -0.283355712890625 0.01776123046875 -0.31689453125
0.0907135009765625 -0.27362060546875 -0.055816650390625 -0.330841064453125
0.081024169921875 -0.299285888671875 -0.047332763671875 -0.37432861328125
0.126922607421875 -0.30108642578125 0.040863037109375 -0.410675048828125
0.223648071289063 -0.259658813476563 0.1009521484375 -0.335845947265625
0.311187744140625 -0.209625244140625 0.176910400390625 -0.270278930664063
0.43682861328125 -0.01788330078125 0.2572021484375 -0.134109497070313
0.528900146484375 0.160064697265625 0.152923583984375 -0.0146331787109375
0.47174072265625 0.27447509765625 -0.204513549804688 -0.192733764648437
0.5511474609375 0.304443359375 -0.0727767944335937 0.00441741943359376
0.5279541015625 0.201080322265625 -0.382415771484375 -0.45159912109375
0.53460693359375 0.149658203125 -0.63787841796875 -0.0297851562500001
0.517913818359375 -0.055023193359375 -0.32891845703125 0.24725341796875
0.399169921875 -0.214508056640625 0.015380859375 0.157928466796875
0.249908447265625 -0.370513916015625 0.0689697265625 -0.0834732055664063
0.10498046875 -0.404083251953125 0.00209045410156249 -0.189895629882813
0.112152099609375 -0.371002197265625 -0.0638885498046875 -0.208221435546875
0.11395263671875 -0.408050537109375 -0.0457916259765625 -0.251953125
0.199554443359375 -0.39569091796875 0.03924560546875 -0.307342529296875
0.3463134765625 -0.297698974609375 0.107467651367188 -0.25201416015625
0.4305419921875 -0.1875 0.207107543945313 -0.211624145507813
0.488983154296875 0.07086181640625 0.32318115234375 -0.0721435546875
0.545745849609375 0.198455810546875 0.27215576171875 0.0493011474609375
0.530853271484375 0.2491455078125 -0.0712661743164062 -0.0706329345703125
0.58966064453125 0.14959716796875 0.064361572265625 0.11602783203125
0.487701416015625 0.05169677734375 -0.304229736328125 -0.3304443359375
0.4586181640625 0.082916259765625 -0.59619140625 0.0766601562500001
0.487030029296875 -0.058013916015625 -0.319976806640625 0.346038818359375
0.41888427734375 -0.2264404296875 -0.0152740478515625 0.26470947265625
0.275909423828125 -0.43011474609375 0.0359458923339844 0.0658149719238281
0.107574462890625 -0.464080810546875 -0.00673294067382812 -0.022003173828125
0.115570068359375 -0.4117431640625 -0.064788818359375 -0.05072021484375
0.131500244140625 -0.45263671875 -0.0477066040039062 -0.0992584228515625
0.250885009765625 -0.4246826171875 0.027587890625 -0.1697998046875
0.421630859375 -0.27740478515625 0.101318359375 -0.143646240234375
0.484893798828125 -0.1163330078125 0.222930908203125 -0.1298828125
0.4549560546875 0.163421630859375 0.38653564453125 0.011138916015625
0.4737548828125 0.214996337890625 0.39599609375 0.152587890625
0.511322021484375 0.184844970703125 0.0691375732421875 0.0728378295898438
0.50390625 -0.019775390625 0.197555541992188 0.196426391601563
0.33270263671875 -0.063232421875 -0.215927124023438 -0.198074340820312
0.29315185546875 0.058685302734375 -0.494415283203125 0.167388916015625
0.382659912109375 -0.01690673828125 -0.26416015625 0.404754638671875
0.37701416015625 -0.189788818359375 -0.032196044921875 0.339447021484375
0.255096435546875 -0.4139404296875 0.01153564453125 0.213882446289063
0.091339111328125 -0.4471435546875 -0.00387573242187501 0.15655517578125
0.1019287109375 -0.39190673828125 -0.0555343627929688 0.11444091796875
0.129638671875 -0.433349609375 -0.050079345703125 0.0596275329589843
0.260589599609375 -0.387115478515625 0.00172805786132814 -0.0257987976074219
0.4249267578125 -0.2049560546875 0.0704193115234375 -0.0337905883789063
0.442535400390625 -0.014434814453125 0.213180541992188 -0.0434722900390625
0.321502685546875 0.21783447265625 0.422607421875 0.1053466796875
0.3243408203125 0.174407958984375 0.489898681640625 0.28131103515625
0.43084716796875 0.075531005859375 0.187728881835938 0.21319580078125
0.313385009765625 -0.16815185546875 0.300567626953125 0.242279052734375
0.106285095214844 -0.10845947265625 -0.129493713378906 -0.0793609619140625
0.102523803710938 0.08685302734375 -0.368255615234375 0.215484619140625
0.257171630859375 0.054595947265625 -0.197845458984375 0.4093017578125
0.29681396484375 -0.117523193359375 -0.04754638671875 0.37664794921875
0.201171875 -0.329833984375 -0.00286865234374995 0.33709716796875
0.0638427734375 -0.356842041015625 0.013336181640625 0.313446044921875
0.0740966796875 -0.31268310546875 -0.0346221923828125 0.26019287109375
0.10638427734375 -0.352630615234375 -0.051788330078125 0.20050048828125
0.228424072265625 -0.299652099609375 -0.0337066650390625 0.102066040039062
0.355255126953125 -0.109771728515625 0.0208778381347656 0.0523490905761719
0.313568115234375 0.076507568359375 0.179458618164063 0.0223388671875
0.122879028320313 0.197006225585938 0.433685302734375 0.187744140625
0.140357971191406 0.0560531616210937 0.5379638671875 0.410491943359375
0.311279296875 -0.076019287109375 0.27093505859375 0.324005126953125
0.06866455078125 -0.274810791015625 0.353240966796875 0.254119873046875
-0.122909545898438 -0.0981369018554688 -0.06475830078125 0.00471878051757811
-0.0685501098632813 0.126914978027344 -0.26702880859375 0.21820068359375
0.123283386230469 0.123085021972656 -0.160858154296875 0.380096435546875
0.190414428710938 -0.0289306640625 -0.0694580078125 0.3828125
0.126922607421875 -0.19512939453125 -0.013580322265625 0.42230224609375
0.0343170166015625 -0.2105712890625 0.037445068359375 0.424957275390625
0.0383453369140625 -0.186065673828125 -0.00604248046875 0.36517333984375
0.0645904541015625 -0.22650146484375 -0.048828125 0.303558349609375
0.159896850585938 -0.180435180664063 -0.0696868896484375 0.198074340820312
0.229278564453125 -0.0165863037109375 -0.0298385620117187 0.0965042114257813
0.12921142578125 0.124061584472656 0.149215698242188 0.0454559326171875
-0.081573486328125 0.0904388427734375 0.443359375 0.236846923828125
-0.033294677734375 -0.123138427734375 0.54937744140625 0.5162353515625
0.17340087890625 -0.2401123046875 0.31964111328125 0.379486083984375
0.031890869140625 0.35723876953125 -0.297882080078125 -0.31890869140625
0.214599609375 0.270553588867188 -0.513763427734375 -0.5546875
0.23773193359375 0.0423126220703125 -0.460052490234375 -0.15142822265625
0.088226318359375 -0.08758544921875 -0.164459228515625 0.00852966308593751
-0.0265121459960938 -0.0491600036621094 0.078582763671875 -0.0835418701171875
-0.0472488403320312 0.0507583618164063 0.1082763671875 -0.272567749023438
0.00707626342773438 0.0489311218261719 0.038177490234375 -0.383392333984375
0.0186500549316406 0.0208568572998047 -0.0301513671875 -0.40643310546875
0.00222015380859375 0.0390281677246094 -0.052032470703125 -0.452850341796875
-0.0446319580078125 0.0122108459472656 0.014923095703125 -0.464202880859375
-0.0672607421875 -0.073577880859375 0.055267333984375 -0.39947509765625
0.0139312744140625 -0.155624389648437 0.12042236328125 -0.3348388671875
0.209732055664063 -0.11810302734375 0.199783325195312 -0.210006713867187
0.28582763671875 0.099609375 0.0366020202636719 -0.0405387878417969
0.142593383789062 0.235275268554688 -0.34710693359375 -0.32696533203125
0.226165771484375 0.415863037109375 -0.256546020507813 -0.237884521484375
0.3424072265625 0.339080810546875 -0.48602294921875 -0.5672607421875
0.39306640625 0.15057373046875 -0.533782958984375 -0.14239501953125
0.285736083984375 -0.056365966796875 -0.20849609375 0.0627593994140625
0.14337158203125 -0.110519409179688 0.0814056396484375 -0.0384140014648438
0.0629425048828125 -0.101760864257813 0.108612060546875 -0.264968872070313
0.044219970703125 -0.118927001953125 0.024017333984375 -0.3802490234375
0.0535888671875 -0.133758544921875 -0.05072021484375 -0.3929443359375
0.0376739501953125 -0.141830444335938 -0.057464599609375 -0.43658447265625
0.0354766845703125 -0.152297973632813 0.021514892578125 -0.455535888671875
0.0705108642578125 -0.175323486328125 0.07366943359375 -0.37884521484375
0.155990600585938 -0.19659423828125 0.139129638671875 -0.30499267578125
0.331787109375 -0.0877685546875 0.205245971679688 -0.176498413085938
0.43487548828125 0.112762451171875 0.0693778991699219 -0.0446357727050781
0.337677001953125 0.26202392578125 -0.3040771484375 -0.27215576171875
0.413543701171875 0.39178466796875 -0.180770874023437 -0.120681762695312
0.455810546875 0.306549072265625 -0.445281982421875 -0.526611328125
0.501739501953125 0.180450439453125 -0.6011962890625 -0.10150146484375
0.43951416015625 -0.051727294921875 -0.2730712890625 0.146041870117188
0.29315185546875 -0.170867919921875 0.0544509887695313 0.0442008972167969
0.16558837890625 -0.251617431640625 0.09112548828125 -0.200958251953125
0.0739898681640625 -0.276107788085938 0.00720214843750004 -0.31268310546875
0.081787109375 -0.26971435546875 -0.065185546875 -0.322113037109375
0.070587158203125 -0.296173095703125 -0.05859375 -0.365081787109375
0.11383056640625 -0.296875 0.026885986328125 -0.402252197265625
0.209671020507813 -0.259185791015625 0.091522216796875 -0.329345703125
0.30084228515625 -0.215850830078125 0.169830322265625 -0.266586303710938
0.431732177734375 -0.0269775390625 0.250595092773438 -0.133895874023438
0.529266357421875 0.14373779296875 0.153335571289063 -0.017242431640625
0.469573974609375 0.2623291015625 -0.205093383789062 -0.1832275390625
0.5498046875 0.287628173828125 -0.067138671875 0.00342941284179689
0.521942138671875 0.187103271484375 -0.38470458984375 -0.43914794921875
0.532989501953125 0.1318359375 -0.62640380859375 -0.0175781249999999
0.50787353515625 -0.068939208984375 -0.31640625 0.25091552734375
0.38494873046875 -0.22119140625 0.0180511474609375 0.15167236328125
0.23480224609375 -0.369873046875 0.0624542236328125 -0.0843429565429688
0.090972900390625 -0.398468017578125 -0.00549316406250001 -0.18780517578125
0.099609375 -0.365692138671875 -0.0708770751953125 -0.200775146484375
0.0987548828125 -0.40252685546875 -0.05364990234375 -0.2452392578125
0.183441162109375 -0.392974853515625 0.026641845703125 -0.30120849609375
0.330230712890625 -0.302581787109375 0.101776123046875 -0.247909545898438
0.420989990234375 -0.195831298828125 0.199874877929688 -0.208541870117188
0.484405517578125 0.05938720703125 0.317962646484375 -0.075836181640625
0.5462646484375 0.181671142578125 0.271728515625 0.0440826416015625
0.528076171875 0.235504150390625 -0.0722808837890625 -0.0642929077148437
0.58392333984375 0.13336181640625 0.0698471069335938 0.110679626464844
0.479644775390625 0.040069580078125 -0.30694580078125 -0.321014404296875
0.4556884765625 0.067413330078125 -0.58349609375 0.0865478515625001
0.47772216796875 -0.071807861328125 -0.30523681640625 0.347625732421875
0.405120849609375 -0.233123779296875 -0.0093841552734375 0.2559814453125
0.260284423828125 -0.42913818359375 0.0347824096679688 0.0621757507324219
0.0921630859375 -0.457183837890625 -0.00998306274414062 -0.0224857330322266
0.101776123046875 -0.407684326171875 -0.0674018859863281 -0.0468101501464844
0.115997314453125 -0.44879150390625 -0.050811767578125 -0.0954055786132813
0.230072021484375 -0.4232177734375 0.0179290771484375 -0.167617797851563
0.40484619140625 -0.28509521484375 0.097564697265625 -0.141448974609375
0.47540283203125 -0.127410888671875 0.217864990234375 -0.127685546875
0.45428466796875 0.151611328125 0.3819580078125 0.00616455078125001
0.4759521484375 0.200225830078125 0.39520263671875 0.142822265625
0.505889892578125 0.173004150390625 0.0678863525390625 0.0747604370117188
0.49432373046875 -0.031402587890625 0.203842163085938 0.189743041992188
0.3243408203125 -0.06829833984375 -0.217086791992188 -0.191787719726562
0.293212890625 0.04827880859375 -0.4820556640625 0.174407958984375
0.37957763671875 -0.029205322265625 -0.249755859375 0.403076171875
0.36578369140625 -0.197784423828125 -0.024139404296875 0.33154296875
0.240570068359375 -0.415496826171875 0.0144195556640625 0.20855712890625
0.073822021484375 -0.44097900390625 -0.003082275390625 0.152572631835937
0.089813232421875 -0.388641357421875 -0.0544586181640625 0.115104675292969
0.1138916015625 -0.429962158203125 -0.0486602783203125 0.0597953796386718
0.24139404296875 -0.387908935546875 -0.00239181518554686 -0.0267448425292969
0.41131591796875 -0.21405029296875 0.0702781677246094 -0.0324249267578125
0.4366455078125 -0.026153564453125 0.20977783203125 -0.041015625
0.323760986328125 0.209930419921875 0.41839599609375 0.0972900390625
0.326263427734375 0.164031982421875 0.49005126953125 0.267608642578125
0.422882080078125 0.0638427734375 0.186553955078125 0.2110595703125
0.303924560546875 -0.173583984375 0.3056640625 0.233489990234375
0.100967407226563 -0.107833862304688 -0.129302978515625 -0.0760345458984375
0.106674194335938 0.0817337036132813 -0.35736083984375 0.21917724609375
0.256881713867188 0.0457611083984375 -0.185272216796875 0.405731201171875
0.288787841796875 -0.125 -0.038116455078125 0.36785888671875
0.18743896484375 -0.331512451171875 0.002899169921875 0.33074951171875
0.0491943359375 -0.352874755859375 0.017120361328125 0.306182861328125
0.063079833984375 -0.31103515625 -0.0290069580078125 0.257522583007813
0.0916748046875 -0.35211181640625 -0.046600341796875 0.197357177734375
0.213470458984375 -0.30255126953125 -0.03240966796875 0.0998611450195312
0.3460693359375 -0.119598388671875 0.0242805480957032 0.0529098510742187
0.311920166015625 0.067108154296875 0.177352905273438 0.0238189697265625
0.127227783203125 0.193984985351563 0.427886962890625 0.175628662109375
0.13946533203125 0.0514907836914063 0.5384521484375 0.39276123046875
0.301361083984375 -0.084503173828125 0.2703857421875 0.31939697265625
0.059051513671875 -0.271743774414062 0.35650634765625 0.244171142578125
-0.123092651367188 -0.0922317504882813 -0.0637016296386719 0.00518417358398438
-0.0616378784179687 0.126541137695313 -0.257644653320313 0.218658447265625
0.126609802246094 0.116264343261719 -0.14923095703125 0.37567138671875
0.1864013671875 -0.036468505859375 -0.06109619140625 0.37554931640625
0.11859130859375 -0.196914672851563 -0.00457763671874995 0.414154052734375
0.0241241455078125 -0.208709716796875 0.04400634765625 0.414031982421875
0.0309295654296875 -0.187225341796875 0.00323486328125 0.357086181640625
0.0551300048828125 -0.226150512695313 -0.03997802734375 0.297698974609375
0.150039672851562 -0.183624267578125 -0.0636444091796875 0.19464111328125
0.225677490234375 -0.02557373046875 -0.024810791015625 0.0986480712890625
0.131828308105469 0.118484497070312 0.147064208984375 0.0462188720703125
-0.078948974609375 0.094024658203125 0.438140869140625 0.225341796875
-0.036529541015625 -0.120590209960938 0.5511474609375 0.49664306640625
0.162750244140625 -0.243850708007813 0.320220947265625 0.3724365234375
0.04010009765625 0.36346435546875 -0.30218505859375 -0.327606201171875
0.224472045898438 0.26776123046875 -0.5255126953125 -0.557037353515625
0.238784790039063 0.0365142822265625 -0.46514892578125 -0.148834228515625
0.084136962890625 -0.0900344848632813 -0.164382934570313 0.00961303710937497
-0.0312690734863281 -0.04736328125 0.074310302734375 -0.0869979858398438
-0.0456504821777344 0.0563850402832031 0.098541259765625 -0.275619506835938
0.0110626220703125 0.0521926879882812 0.029388427734375 -0.386474609375
0.0196914672851563 0.0227394104003906 -0.0372314453125 -0.406402587890625
0.00412368774414063 0.0397224426269531 -0.059112548828125 -0.45147705078125
-0.043670654296875 0.0169906616210937 0.00610351562500002 -0.46282958984375
-0.0721817016601563 -0.0698089599609375 0.04937744140625 -0.40118408203125
0.00973510742187499 -0.157760620117188 0.114990234375 -0.3385009765625
0.20892333984375 -0.125396728515625 0.197021484375 -0.211807250976563
0.292633056640625 0.093048095703125 0.0394515991210938 -0.0412750244140625
0.150726318359375 0.237380981445313 -0.356658935546875 -0.326263427734375
0.23455810546875 0.41796875 -0.259140014648438 -0.243789672851562
0.351409912109375 0.3360595703125 -0.49859619140625 -0.56964111328125
0.398468017578125 0.14178466796875 -0.53692626953125 -0.138153076171875
0.285186767578125 -0.06378173828125 -0.207015991210937 0.0652313232421875
0.138572692871094 -0.112289428710938 0.0797653198242188 -0.0431594848632813
0.0619354248046875 -0.100120544433594 0.0998077392578125 -0.268844604492188
0.0436859130859375 -0.116905212402344 0.013641357421875 -0.38409423828125
0.0512313842773438 -0.133544921875 -0.05975341796875 -0.394073486328125
0.035369873046875 -0.14263916015625 -0.0651245117187499 -0.43499755859375
0.033111572265625 -0.152374267578125 0.01025390625 -0.456878662109375
0.0656585693359375 -0.177200317382812 0.068023681640625 -0.380157470703125
0.15277099609375 -0.20208740234375 0.136138916015625 -0.306732177734375
0.33306884765625 -0.096099853515625 0.205184936523438 -0.17852783203125
0.446563720703125 0.104766845703125 0.0726242065429688 -0.046051025390625
0.346343994140625 0.2623291015625 -0.31195068359375 -0.270111083984375
0.42303466796875 0.389190673828125 -0.179779052734375 -0.124664306640625
0.464569091796875 0.30340576171875 -0.4542236328125 -0.527130126953125
0.509979248046875 0.17108154296875 -0.6070556640625 -0.0939941406249999
0.44140625 -0.061614990234375 -0.271224975585937 0.151641845703125
0.28948974609375 -0.17633056640625 0.0553703308105469 0.0396041870117187
0.160079956054688 -0.252914428710938 0.0845794677734375 -0.204315185546875
0.0704498291015625 -0.276336669921875 -0.00128173828125001 -0.316680908203125
0.0768585205078125 -0.2713623046875 -0.072601318359375 -0.321533203125
0.0640869140625 -0.29864501953125 -0.066162109375 -0.36358642578125
0.106597900390625 -0.298492431640625 0.0167236328125 -0.4013671875
0.205337524414062 -0.265975952148438 0.08587646484375 -0.3311767578125
0.30023193359375 -0.224517822265625 0.1669921875 -0.268402099609375
0.436370849609375 -0.035430908203125 0.25189208984375 -0.1370849609375
0.540008544921875 0.13372802734375 0.158050537109375 -0.0201416015625
0.47998046875 0.260345458984375 -0.21063232421875 -0.180267333984375
0.559112548828125 0.2806396484375 -0.0638961791992187 0.00115966796875002
0.527313232421875 0.18194580078125 -0.39422607421875 -0.44110107421875
0.541351318359375 0.121185302734375 -0.63177490234375 -0.0094604492187501
0.511749267578125 -0.08135986328125 -0.3134765625 0.2572021484375
0.383209228515625 -0.230194091796875 0.0207366943359375 0.148391723632813
0.226806640625 -0.37652587890625 0.058929443359375 -0.0877227783203125
0.08343505859375 -0.39947509765625 -0.012908935546875 -0.191009521484375
0.092193603515625 -0.369537353515625 -0.0769195556640625 -0.19989013671875
0.089019775390625 -0.408782958984375 -0.060394287109375 -0.244308471679688
0.17236328125 -0.3988037109375 0.016754150390625 -0.3017578125
0.325531005859375 -0.312042236328125 0.097747802734375 -0.249832153320313
0.420684814453125 -0.206634521484375 0.20037841796875 -0.209671020507813
0.49505615234375 0.051788330078125 0.321044921875 -0.079986572265625
0.557861328125 0.172271728515625 0.277801513671875 0.0405120849609375
0.53472900390625 0.230712890625 -0.07415771484375 -0.060577392578125
0.58953857421875 0.12445068359375 0.0766677856445313 0.109001159667969
0.484405517578125 0.033905029296875 -0.314056396484375 -0.32073974609375
0.4630126953125 0.05755615234375 -0.58648681640625 0.09521484375
0.4827880859375 -0.084716796875 -0.301239013671875 0.355621337890625
0.403594970703125 -0.244110107421875 -0.00494384765625 0.254837036132813
0.250732421875 -0.439422607421875 0.0328254699707031 0.06085205078125
0.079345703125 -0.459991455078125 -0.0145225524902344 -0.0246810913085938
0.093231201171875 -0.41302490234375 -0.0716629028320313 -0.0447921752929688
0.103668212890625 -0.454010009765625 -0.05511474609375 -0.093780517578125
0.2171630859375 -0.429351806640625 0.0106658935546875 -0.168426513671875
0.40032958984375 -0.295989990234375 0.096038818359375 -0.14239501953125
0.4775390625 -0.137786865234375 0.2208251953125 -0.12841796875
0.462127685546875 0.146820068359375 0.386444091796875 0.00112915039062501
0.48590087890625 0.192535400390625 0.404998779296875 0.1392822265625
0.51129150390625 0.166839599609375 0.0692825317382813 0.0787811279296875
0.49639892578125 -0.039886474609375 0.212692260742188 0.188644409179688
0.3245849609375 -0.073211669921875 -0.221084594726562 -0.1922607421875
0.29931640625 0.04119873046875 -0.481048583984375 0.18115234375
0.384918212890625 -0.038299560546875 -0.242431640625 0.409637451171875
0.365020751953125 -0.2078857421875 -0.018829345703125 0.33038330078125
0.230377197265625 -0.424957275390625 0.015716552734375 0.208282470703125
0.062408447265625 -0.4447021484375 -0.00251770019531249 0.151641845703125
0.08050537109375 -0.3955078125 -0.0546112060546875 0.1175537109375
0.1033935546875 -0.43609619140625 -0.0488014221191406 0.0623397827148437
0.22930908203125 -0.395843505859375 -0.00722312927246092 -0.0265064239501953
0.407745361328125 -0.226287841796875 0.0716781616210938 -0.0317764282226563
0.439117431640625 -0.035308837890625 0.21337890625 -0.040130615234375
0.332275390625 0.20794677734375 0.423614501953125 0.09271240234375
0.33349609375 0.158294677734375 0.49810791015625 0.2625732421875
0.42498779296875 0.05828857421875 0.189987182617188 0.216354370117188
0.30072021484375 -0.178955078125 0.31793212890625 0.232696533203125
0.0991439819335938 -0.108474731445313 -0.130935668945313 -0.0750732421875
0.111717224121094 0.0788726806640625 -0.356353759765625 0.22552490234375
0.262466430664063 0.0383148193359375 -0.17938232421875 0.410491943359375
0.28851318359375 -0.134124755859375 -0.032867431640625 0.36749267578125
0.181640625 -0.340179443359375 0.00738525390625002 0.33038330078125
0.038543701171875 -0.35601806640625 0.02099609375 0.305908203125
0.0545654296875 -0.317352294921875 -0.0257110595703125 0.25982666015625
0.083343505859375 -0.3564453125 -0.0434417724609375 0.199203491210937
0.203338623046875 -0.310150146484375 -0.0331344604492187 0.100013732910156
0.345672607421875 -0.12994384765625 0.0272445678710938 0.0553741455078125
0.31622314453125 0.060943603515625 0.181137084960938 0.0262451171875
0.132888793945313 0.196884155273438 0.43426513671875 0.170745849609375
0.142257690429688 0.04888916015625 0.54754638671875 0.38836669921875
0.298828125 -0.090911865234375 0.2764892578125 0.32513427734375
0.0522613525390625 -0.275131225585938 0.368316650390625 0.24298095703125
-0.125511169433594 -0.0880279541015625 -0.0630264282226563 0.00637054443359374
-0.0577850341796875 0.127761840820313 -0.256088256835938 0.222488403320312
0.132102966308594 0.112716674804687 -0.142852783203125 0.378173828125
0.187332153320313 -0.041961669921875 -0.057159423828125 0.37518310546875
0.114334106445313 -0.202835083007813 0.00299072265625001 0.415313720703125
0.0156402587890625 -0.210556030273437 0.051513671875 0.4124755859375
0.0258026123046875 -0.192581176757813 0.00955200195312504 0.358551025390625
0.0484161376953125 -0.231338500976563 -0.033843994140625 0.300079345703125
0.144943237304688 -0.190948486328125 -0.0604705810546875 0.194793701171875
0.228103637695313 -0.0341339111328125 -0.0211639404296875 0.101898193359375
0.137031555175781 0.116409301757812 0.148773193359375 0.0481719970703125
-0.0773544311523438 0.099395751953125 0.442718505859375 0.219512939453125
-0.040435791015625 -0.121711730957031 0.56048583984375 0.492584228515625
0.156723022460938 -0.252059936523438 0.32745361328125 0.376617431640625
0.054351806640625 0.3741455078125 -0.319549560546875 -0.33489990234375
0.242630004882813 0.265823364257813 -0.5543212890625 -0.562225341796875
0.244903564453125 0.0268096923828125 -0.4815673828125 -0.141845703125
0.0798568725585938 -0.095001220703125 -0.166229248046875 0.013092041015625
-0.0366249084472656 -0.0458183288574219 0.070770263671875 -0.0942001342773438
-0.0433120727539062 0.0637435913085938 0.08673095703125 -0.28564453125
0.0163612365722656 0.0564308166503906 0.014007568359375 -0.399200439453125
0.0214996337890625 0.0253696441650391 -0.051971435546875 -0.41522216796875
0.00619125366210937 0.0421676635742188 -0.07635498046875 -0.46014404296875
-0.0435523986816406 0.0207939147949219 -0.00930786132812499 -0.469573974609375
-0.0777664184570313 -0.0664443969726563 0.037506103515625 -0.41156005859375
0.00213623046875 -0.163009643554688 0.107391357421875 -0.3486328125
0.208480834960938 -0.137298583984375 0.195938110351563 -0.22174072265625
0.30609130859375 0.083953857421875 0.0425758361816406 -0.0441246032714844
0.165847778320313 0.239501953125 -0.377471923828125 -0.325897216796875
0.257171630859375 0.42401123046875 -0.270736694335938 -0.251083374023437
0.3731689453125 0.332305908203125 -0.5283203125 -0.57470703125
0.412872314453125 0.13006591796875 -0.55645751953125 -0.12823486328125
0.28790283203125 -0.075927734375 -0.20794677734375 0.0734100341796875
0.135505676269531 -0.118316650390625 0.0787734985351563 -0.0490646362304688
0.0587921142578125 -0.100715637207031 0.0894927978515625 -0.278884887695313
0.0428009033203125 -0.11859130859375 -0.00265502929687504 -0.39599609375
0.0488815307617188 -0.136154174804688 -0.075836181640625 -0.402557373046875
0.029541015625 -0.145645141601563 -0.083251953125 -0.442901611328125
0.0272674560546875 -0.155136108398438 -0.00479125976562499 -0.464691162109375
0.058990478515625 -0.182601928710937 0.05718994140625 -0.3902587890625
0.149124145507813 -0.213592529296875 0.1309814453125 -0.3172607421875
0.33892822265625 -0.112457275390625 0.205062866210938 -0.188583374023438
0.463714599609375 0.08929443359375 0.0752639770507813 -0.050689697265625
0.366943359375 0.258819580078125 -0.32904052734375 -0.267181396484375
0.447357177734375 0.387664794921875 -0.185791015625 -0.12939453125
0.488433837890625 0.2958984375 -0.48345947265625 -0.533660888671875
0.529693603515625 0.155975341796875 -0.62664794921875 -0.0795898437500001
0.450958251953125 -0.079833984375 -0.271575927734375 0.163742065429688
0.288604736328125 -0.19012451171875 0.056976318359375 0.0359230041503906
0.154830932617188 -0.262680053710938 0.07666015625 -0.21337890625
0.0634765625 -0.28314208984375 -0.016204833984375 -0.32666015625
0.0697479248046875 -0.279495239257812 -0.087677001953125 -0.326904296875
0.053741455078125 -0.308197021484375 -0.081207275390625 -0.368682861328125
0.0953369140625 -0.30731201171875 -0.00033569335937495 -0.409576416015625
0.199005126953125 -0.279739379882813 0.07757568359375 -0.340057373046875
0.29974365234375 -0.2425537109375 0.164764404296875 -0.279754638671875
0.448089599609375 -0.052734375 0.25579833984375 -0.149627685546875
0.561920166015625 0.116119384765625 0.1640625 -0.0264129638671875
0.502410888671875 0.25384521484375 -0.222732543945313 -0.176071166992187
0.58135986328125 0.270751953125 -0.0614776611328125 -0.00180053710937498
0.547607421875 0.170074462890625 -0.418426513671875 -0.445037841796875
0.5618896484375 0.102386474609375 -0.6490478515625 0.00848388671874994
0.52276611328125 -0.104156494140625 -0.31134033203125 0.275421142578125
0.383758544921875 -0.247344970703125 0.0265350341796875 0.148223876953125
0.218353271484375 -0.394683837890625 0.0542144775390625 -0.0938644409179688
0.069671630859375 -0.41131591796875 -0.0244140625 -0.198226928710938
0.0804443359375 -0.382781982421875 -0.089324951171875 -0.202362060546875
0.07427978515625 -0.4215087890625 -0.072113037109375 -0.246932983398438
0.158416748046875 -0.41192626953125 0.0037841796875 -0.307220458984375
0.31976318359375 -0.33258056640625 0.0922393798828125 -0.256546020507813
0.424713134765625 -0.23004150390625 0.2022705078125 -0.218841552734375
0.5125732421875 0.034942626953125 0.329559326171875 -0.0928955078125
0.58233642578125 0.154541015625 0.28997802734375 0.031982421875
0.556640625 0.2232666015625 -0.0786514282226562 -0.0559234619140625
0.6097412109375 0.10980224609375 0.0873336791992188 0.107315063476562
0.497467041015625 0.0203857421875 -0.332183837890625 -0.323211669921875
0.480926513671875 0.038970947265625 -0.59967041015625 0.11578369140625
0.494720458984375 -0.106719970703125 -0.296112060546875 0.37493896484375
0.40472412109375 -0.265167236328125 0.00291442871093751 0.257522583007813
0.2386474609375 -0.460906982421875 0.0344696044921875 0.0587921142578125
0.064208984375 -0.47332763671875 -0.0192832946777344 -0.0269927978515625
0.07958984375 -0.42816162109375 -0.0772171020507812 -0.0430755615234375
0.0877990722656249 -0.469329833984375 -0.0604705810546875 -0.0925140380859375
0.20281982421875 -0.448272705078125 0.00163269042968752 -0.171371459960938
0.398468017578125 -0.321136474609375 0.0948638916015625 -0.146759033203125
0.48675537109375 -0.16094970703125 0.2261962890625 -0.1358642578125
0.485443115234375 0.135009765625 0.3985595703125 -0.011962890625
0.509002685546875 0.179412841796875 0.42236328125 0.129638671875
0.530426025390625 0.157684326171875 0.072021484375 0.0836029052734375
0.50665283203125 -0.05767822265625 0.230255126953125 0.186248779296875
0.330230712890625 -0.08502197265625 -0.233657836914063 -0.1910400390625
0.3114013671875 0.0294189453125 -0.487579345703125 0.201873779296875
0.395782470703125 -0.05609130859375 -0.235382080078125 0.4283447265625
0.36883544921875 -0.2275390625 -0.00921630859374995 0.33544921875
0.2203369140625 -0.44622802734375 0.0227508544921875 0.2113037109375
0.045257568359375 -0.457672119140625 -0.001556396484375 0.15380859375
0.06494140625 -0.4090576171875 -0.0535049438476562 0.122406005859375
0.08514404296875 -0.451904296875 -0.0499343872070313 0.0666427612304687
0.216217041015625 -0.41357421875 -0.0117702484130859 -0.0263690948486328
0.409423828125 -0.25030517578125 0.0748825073242188 -0.0331649780273438
0.4517822265625 -0.054229736328125 0.221359252929688 -0.045440673828125
0.35198974609375 0.204345703125 0.43939208984375 0.081787109375
0.351287841796875 0.149627685546875 0.52301025390625 0.253173828125
0.43499755859375 0.04681396484375 0.20220947265625 0.221328735351563
0.301971435546875 -0.19476318359375 0.339141845703125 0.229827880859375
0.0969390869140625 -0.1129150390625 -0.134864807128906 -0.0736923217773438
0.119293212890625 0.0756072998046875 -0.357635498046875 0.242218017578125
0.273635864257812 0.02813720703125 -0.171173095703125 0.425933837890625
0.292877197265625 -0.15032958984375 -0.02239990234375 0.373291015625
0.171173095703125 -0.358367919921875 0.017578125 0.33697509765625
0.02362060546875 -0.365234375 0.029205322265625 0.310791015625
0.041900634765625 -0.329254150390625 -0.0184783935546875 0.267349243164063
0.068267822265625 -0.369598388671875 -0.0377044677734375 0.205947875976562
0.19281005859375 -0.32598876953125 -0.0335006713867187 0.102745056152344
0.34918212890625 -0.14971923828125 0.0317649841308594 0.0574531555175781
0.328216552734375 0.050872802734375 0.189437866210938 0.0247039794921875
0.145797729492188 0.199783325195313 0.4510498046875 0.1614990234375
0.148223876953125 0.043670654296875 0.574951171875 0.38189697265625
0.29974365234375 -0.104217529296875 0.293365478515625 0.3310546875
0.04345703125 -0.284515380859375 0.391632080078125 0.240264892578125
-0.1324462890625 -0.0826950073242188 -0.0630035400390625 0.00852966308593749
-0.0529556274414063 0.13348388671875 -0.253753662109375 0.23590087890625
0.142105102539063 0.109161376953125 -0.133514404296875 0.390960693359375
0.190963745117187 -0.052032470703125 -0.0477294921875 0.3848876953125
0.108917236328125 -0.214614868164063 0.017547607421875 0.424591064453125
0.00587463378906251 -0.21685791015625 0.064727783203125 0.41973876953125
0.015716552734375 -0.20111083984375 0.02239990234375 0.368408203125
0.0384979248046875 -0.240875244140625 -0.02386474609375 0.308990478515625
0.1390380859375 -0.202590942382813 -0.05670166015625 0.201858520507813
0.234466552734375 -0.0462493896484375 -0.016326904296875 0.107536315917969
0.147003173828125 0.114425659179688 0.156036376953125 0.0489654541015625
-0.07464599609375 0.108406066894531 0.4598388671875 0.210784912109375
-0.0459747314453125 -0.124801635742188 0.59002685546875 0.48724365234375
0.149093627929688 -0.26641845703125 0.34588623046875 0.385345458984375
0.07952880859375 0.381591796875 -0.346282958984375 -0.3343505859375
0.26702880859375 0.255874633789062 -0.601806640625 -0.552001953125
0.250015258789063 0.0114593505859375 -0.502471923828125 -0.120819091796875
0.0729522705078125 -0.101799011230469 -0.16717529296875 0.02178955078125
-0.0431060791015625 -0.0421409606933594 0.0654144287109375 -0.101348876953125
-0.0383033752441406 0.070281982421875 0.067596435546875 -0.29620361328125
0.0239791870117188 0.0578269958496094 -0.012664794921875 -0.40997314453125
0.0247631072998047 0.02679443359375 -0.07806396484375 -0.419708251953125
0.00944137573242187 0.0439109802246094 -0.10321044921875 -0.463287353515625
-0.0417060852050781 0.0262413024902344 -0.0367431640624999 -0.47674560546875
-0.0864028930664062 -0.0600738525390625 0.01373291015625 -0.418975830078125
-0.00967407226562498 -0.168365478515625 0.08660888671875 -0.361602783203125
0.20513916015625 -0.155502319335938 0.187835693359375 -0.2376708984375
0.321044921875 0.06427001953125 0.0437965393066406 -0.049346923828125
0.187301635742188 0.236618041992187 -0.40936279296875 -0.3128662109375
0.287689208984375 0.420623779296875 -0.291534423828125 -0.250579833984375
0.40374755859375 0.316009521484375 -0.57366943359375 -0.5655517578125
0.4293212890625 0.106170654296875 -0.57733154296875 -0.1029052734375
0.28704833984375 -0.096343994140625 -0.206741333007812 0.0869598388671875
0.129783630371094 -0.126518249511719 0.0770187377929688 -0.05596923828125
0.054443359375 -0.104255676269531 0.071502685546875 -0.2908935546875
0.040557861328125 -0.121665954589844 -0.031524658203125 -0.4073486328125
0.0418167114257812 -0.1400146484375 -0.102630615234375 -0.405853271484375
0.0217437744140625 -0.150146484375 -0.1104736328125 -0.447265625
0.0177764892578125 -0.157241821289063 -0.033355712890625 -0.471282958984375
0.047027587890625 -0.188446044921875 0.03509521484375 -0.400177001953125
0.137939453125 -0.229232788085938 0.115020751953125 -0.33038330078125
0.341461181640625 -0.137969970703125 0.199737548828125 -0.204696655273437
0.483673095703125 0.06036376953125 0.0777969360351563 -0.0571365356445313
0.394256591796875 0.246826171875 -0.35382080078125 -0.256011962890625
0.4803466796875 0.372222900390625 -0.1951904296875 -0.12860107421875
0.5174560546875 0.2735595703125 -0.527130126953125 -0.525634765625
0.55035400390625 0.12567138671875 -0.64544677734375 -0.0469360351562499
0.455841064453125 -0.111175537109375 -0.265350341796875 0.1837158203125
0.28271484375 -0.210357666015625 0.0609664916992188 0.0311737060546875
0.141387939453125 -0.277145385742188 0.0617218017578125 -0.22406005859375
0.04937744140625 -0.291534423828125 -0.042236328125 -0.3363037109375
0.054290771484375 -0.288909912109375 -0.112518310546875 -0.329345703125
0.0350341796875 -0.316497802734375 -0.10528564453125 -0.371612548828125
0.076690673828125 -0.318572998046875 -0.026702880859375 -0.41632080078125
0.184295654296875 -0.2984619140625 0.059722900390625 -0.350311279296875
0.29254150390625 -0.2686767578125 0.155120849609375 -0.294036865234375
0.459259033203125 -0.083251953125 0.255050659179688 -0.168075561523438
0.58563232421875 0.08074951171875 0.169631958007813 -0.0374298095703125
0.5325927734375 0.2310791015625 -0.239547729492187 -0.166275024414062
0.61279296875 0.24310302734375 -0.0595970153808593 -0.00435256958007811
0.5689697265625 0.141357421875 -0.454559326171875 -0.437347412109375
0.5809326171875 0.06756591796875 -0.66455078125 0.0441284179687501
0.52923583984375 -0.141082763671875 -0.299530029296875 0.300567626953125
0.37823486328125 -0.277069091796875 0.034942626953125 0.146636962890625
0.198089599609375 -0.4161376953125 0.0478363037109375 -0.100967407226563
0.04742431640625 -0.4232177734375 -0.041229248046875 -0.204345703125
0.05792236328125 -0.394195556640625 -0.107376098632812 -0.201766967773438
0.0478515625 -0.434814453125 -0.0899658203125 -0.247314453125
0.132354736328125 -0.429290771484375 -0.017303466796875 -0.311981201171875
0.30364990234375 -0.361328125 0.080169677734375 -0.265975952148438
0.4208984375 -0.26220703125 0.197097778320313 -0.236297607421875
0.531005859375 0.0042724609375 0.334014892578125 -0.115203857421875
0.60760498046875 0.1192626953125 0.301483154296875 0.01556396484375
0.5848388671875 0.19732666015625 -0.0843582153320312 -0.0495452880859375
0.629150390625 0.0771484375 0.0999069213867188 0.0999526977539063
0.50872802734375 -0.00921630859375 -0.360870361328125 -0.316925048828125
0.495452880859375 0.008636474609375 -0.60736083984375 0.152587890625
0.502105712890625 -0.142425537109375 -0.27886962890625 0.401580810546875
0.401580810546875 -0.29638671875 0.017852783203125 0.2603759765625
0.21533203125 -0.488433837890625 0.0372543334960938 0.0560760498046875
0.036376953125 -0.487213134765625 -0.0264396667480469 -0.0289421081542969
0.051910400390625 -0.44232177734375 -0.0854568481445313 -0.03961181640625
0.0577392578125 -0.48553466796875 -0.0691299438476562 -0.0901412963867188
0.17578125 -0.467864990234375 -0.01287841796875 -0.17279052734375
0.384765625 -0.3551025390625 0.089569091796875 -0.154159545898438
0.487823486328125 -0.196929931640625 0.227081298828125 -0.151824951171875
0.50885009765625 0.109466552734375 0.41009521484375 -0.036468505859375
0.53399658203125 0.150970458984375 0.441558837890625 0.10797119140625
0.550323486328125 0.133453369140625 0.0789642333984375 0.0867767333984375
0.514923095703125 -0.08807373046875 0.2528076171875 0.17486572265625
0.33221435546875 -0.106048583984375 -0.249160766601562 -0.185577392578125
0.321685791015625 0.008636474609375 -0.48712158203125 0.235076904296875
0.403717041015625 -0.084716796875 -0.213836669921875 0.452545166015625
0.36383056640625 -0.2574462890625 0.01007080078125 0.340972900390625
0.195526123046875 -0.472625732421875 0.03509521484375 0.212493896484375
0.016693115234375 -0.469573974609375 0.00332641601562499 0.155166625976562
0.03857421875 -0.423858642578125 -0.0503616333007813 0.127647399902344
0.055816650390625 -0.466705322265625 -0.04779052734375 0.071563720703125
0.190673828125 -0.43511962890625 -0.0164375305175781 -0.0249652862548828
0.4005126953125 -0.283966064453125 0.075408935546875 -0.0366058349609375
0.460479736328125 -0.084442138671875 0.228408813476563 -0.056488037109375
0.37701416015625 0.18817138671875 0.456451416015625 0.056365966796875
0.368743896484375 0.12957763671875 0.550994873046875 0.229034423828125
0.4464111328125 0.023895263671875 0.220184326171875 0.221420288085938
0.296905517578125 -0.215850830078125 0.36865234375 0.214752197265625
0.0922470092773438 -0.119522094726563 -0.141387939453125 -0.069183349609375
0.128532409667969 0.0690383911132813 -0.35040283203125 0.267333984375
0.283966064453125 0.010101318359375 -0.147369384765625 0.445648193359375
0.29180908203125 -0.173126220703125 -0.00213623046874999 0.3818359375
0.1519775390625 -0.38079833984375 0.0384521484375 0.342071533203125
-0.00198364257812497 -0.37493896484375 0.04522705078125 0.31494140625
0.018646240234375 -0.3409423828125 -0.00473022460937502 0.273483276367188
0.043121337890625 -0.384246826171875 -0.026580810546875 0.214035034179688
0.1748046875 -0.34521484375 -0.02972412109375 0.107559204101562
0.34759521484375 -0.178070068359375 0.0378875732421875 0.0589599609375
0.340728759765625 0.031402587890625 0.198760986328125 0.0174102783203125
0.164093017578125 0.197280883789062 0.471221923828125 0.138946533203125
0.153610229492188 0.0339508056640625 0.61126708984375 0.3570556640625
0.29827880859375 -0.123687744140625 0.321258544921875 0.3299560546875
0.02587890625 -0.293365478515625 0.42266845703125 0.224365234375
-0.139778137207031 -0.0751190185546875 -0.0616569519042969 0.0123291015625
-0.0453033447265625 0.140029907226562 -0.245132446289063 0.25543212890625
0.154449462890625 0.101394653320313 -0.11260986328125 0.4075927734375
0.193557739257813 -0.06689453125 -0.027435302734375 0.3944091796875
0.0966339111328125 -0.229827880859375 0.04193115234375 0.43060302734375
-0.0106353759765625 -0.221099853515625 0.089324951171875 0.424407958984375
6.10351562499915E-05 -0.208724975585938 0.045013427734375 0.373077392578125
0.0215911865234375 -0.250137329101563 -0.00479125976562498 0.31768798828125
0.12786865234375 -0.218826293945313 -0.0465850830078125 0.209136962890625
0.237380981445313 -0.0663604736328125 -0.00849151611328124 0.112045288085937
0.159942626953125 0.107284545898438 0.163589477539063 0.045196533203125
-0.0681076049804687 0.118438720703125 0.480987548828125 0.1883544921875
-0.0563888549804687 -0.126113891601563 0.63262939453125 0.46502685546875
0.1334228515625 -0.2821044921875 0.378326416015625 0.380859375
0.109466552734375 0.37750244140625 -0.372467041015625 -0.32025146484375
0.2880859375 0.233154296875 -0.6434326171875 -0.5140380859375
0.249710083007813 -0.0079803466796875 -0.511962890625 -0.0874023437500001
0.06329345703125 -0.107086181640625 -0.163955688476563 0.0323486328125
-0.0481643676757813 -0.036468505859375 0.0569305419921875 -0.106758117675781
-0.0307159423828125 0.0763092041015625 0.040740966796875 -0.299407958984375
0.0316123962402344 0.05609130859375 -0.04718017578125 -0.41021728515625
0.0279178619384766 0.0288810729980469 -0.109375 -0.415496826171875
0.0147209167480469 0.0451889038085937 -0.1351318359375 -0.456146240234375
-0.0382499694824219 0.0313796997070313 -0.070098876953125 -0.470733642578125
-0.093017578125 -0.0512542724609375 -0.015380859375 -0.417144775390625
-0.02557373046875 -0.169036865234375 0.059661865234375 -0.366912841796875
0.192398071289063 -0.172836303710938 0.169540405273438 -0.24951171875
0.328857421875 0.03802490234375 0.0435295104980469 -0.0547637939453125
0.20709228515625 0.224273681640625 -0.4344482421875 -0.284393310546875
0.31884765625 0.40301513671875 -0.3104248046875 -0.238250732421875
0.42694091796875 0.28778076171875 -0.6156005859375 -0.53350830078125
0.436431884765625 0.073211669921875 -0.5859375 -0.062744140625
0.279083251953125 -0.118515014648438 -0.197769165039062 0.09991455078125
0.117988586425781 -0.134269714355469 0.0715179443359375 -0.063812255859375
0.047515869140625 -0.105331420898438 0.047027587890625 -0.296112060546875
0.0344390869140625 -0.124252319335938 -0.064544677734375 -0.406158447265625
0.03265380859375 -0.142776489257813 -0.135833740234375 -0.399017333984375
0.0126495361328125 -0.1492919921875 -0.141998291015625 -0.43878173828125
0.0064239501953125 -0.155487060546875 -0.067657470703125 -0.466888427734375
0.031646728515625 -0.190994262695313 0.00772094726562503 -0.398956298828125
0.117767333984375 -0.24273681640625 0.091766357421875 -0.338836669921875
0.33251953125 -0.16485595703125 0.184814453125 -0.2188720703125
0.490142822265625 0.02032470703125 0.0758132934570313 -0.0655593872070313
0.41485595703125 0.217742919921875 -0.376007080078125 -0.233001708984375
0.50701904296875 0.3408203125 -0.205078125 -0.121871948242187
0.536376953125 0.237701416015625 -0.56561279296875 -0.49371337890625
0.55865478515625 0.082916259765625 -0.6494140625 -0.00457763671874986
0.444976806640625 -0.14691162109375 -0.249832153320312 0.203033447265625
0.266632080078125 -0.22900390625 0.0621910095214844 0.0246620178222656
0.121734619140625 -0.285675048828125 0.0431671142578125 -0.229904174804688
0.02996826171875 -0.294036865234375 -0.072021484375 -0.335174560546875
0.032379150390625 -0.29107666015625 -0.140533447265625 -0.32147216796875
0.01129150390625 -0.31817626953125 -0.133148193359375 -0.364959716796875
0.050750732421875 -0.322418212890625 -0.057861328125 -0.41217041015625
0.159698486328125 -0.311767578125 0.036041259765625 -0.351165771484375
0.271575927734375 -0.29278564453125 0.135528564453125 -0.305023193359375
0.45562744140625 -0.11968994140625 0.24310302734375 -0.187484741210938
0.594482421875 0.03399658203125 0.16925048828125 -0.0507965087890625
0.551788330078125 0.196258544921875 -0.25372314453125 -0.147216796875
0.63104248046875 0.20147705078125 -0.0592498779296875 -0.00645828247070312
0.5806884765625 0.1004638671875 -0.487091064453125 -0.412017822265625
0.5858154296875 0.02154541015625 -0.662353515625 0.0894165039062499
0.521148681640625 -0.1829833984375 -0.27471923828125 0.32244873046875
0.358001708984375 -0.30419921875 0.0462646484375 0.140838623046875
0.165679931640625 -0.4320068359375 0.0388717651367188 -0.105705261230469
0.016326904296875 -0.42608642578125 -0.0628204345703125 -0.201034545898438
0.027374267578125 -0.39739990234375 -0.1270751953125 -0.193511962890625
0.013458251953125 -0.43768310546875 -0.109375 -0.23974609375
0.09710693359375 -0.436920166015625 -0.04327392578125 -0.30810546875
0.276031494140625 -0.38507080078125 0.06231689453125 -0.270889282226562
0.40216064453125 -0.297943115234375 0.1834716796875 -0.250518798828125
0.533203125 -0.03570556640625 0.32666015625 -0.142822265625
0.6182861328125 0.07037353515625 0.30670166015625 -0.009185791015625
0.60260009765625 0.15863037109375 -0.088775634765625 -0.0404510498046875
0.63531494140625 0.03173828125 0.108673095703125 0.0891036987304688
0.50909423828125 -0.04437255859375 -0.384735107421875 -0.2972412109375
0.49554443359375 -0.028961181640625 -0.5965576171875 0.1944580078125
0.492889404296875 -0.182586669921875 -0.246368408203125 0.424591064453125
0.38128662109375 -0.3277587890625 0.037139892578125 0.25653076171875
0.176025390625 -0.506103515625 0.0397109985351563 0.0500450134277343
0.000183105468750032 -0.48846435546875 -0.0343723297119141 -0.0288486480712891
0.0172729492187499 -0.44500732421875 -0.0942611694335938 -0.0339889526367188
0.0189208984375 -0.4881591796875 -0.0767669677734375 -0.08416748046875
0.13775634765625 -0.477996826171875 -0.0276336669921875 -0.169235229492188
0.356689453125 -0.384307861328125 0.080108642578125 -0.158065795898438
0.47479248046875 -0.236083984375 0.220672607421875 -0.168045043945313
0.51947021484375 0.070404052734375 0.408111572265625 -0.0693359375
0.5482177734375 0.107177734375 0.451904296875 0.075439453125
0.562042236328125 0.095916748046875 0.084747314453125 0.0865402221679688
0.51116943359375 -0.12579345703125 0.269363403320313 0.154449462890625
0.324249267578125 -0.127685546875 -0.262832641601563 -0.171890258789063
0.3226318359375 -0.01568603515625 -0.470428466796875 0.268798828125
0.400604248046875 -0.118438720703125 -0.178955078125 0.46978759765625
0.3475341796875 -0.286163330078125 0.0366210937500001 0.33868408203125
0.1580810546875 -0.491455078125 0.049346923828125 0.20758056640625
-0.0196533203124999 -0.471893310546875 0.0115509033203125 0.154510498046875
0.00442504882812504 -0.426422119140625 -0.0447311401367188 0.133110046386719
0.0181884765625 -0.47216796875 -0.0431671142578125 0.07623291015625
0.154296875 -0.447113037109375 -0.0218372344970703 -0.0220928192138672
0.37652587890625 -0.314697265625 0.0752334594726563 -0.0399093627929688
0.455657958984375 -0.119598388671875 0.22833251953125 -0.072906494140625
0.394561767578125 0.160614013671875 0.460723876953125 0.021026611328125
0.378814697265625 0.1002197265625 0.56939697265625 0.18988037109375
0.446533203125 -0.004852294921875 0.237335205078125 0.212982177734375
0.282745361328125 -0.238372802734375 0.389312744140625 0.188232421875
0.0833053588867188 -0.12359619140625 -0.144805908203125 -0.0616912841796875
0.133773803710938 0.0581741333007812 -0.33154296875 0.291656494140625
0.286834716796875 -0.014739990234375 -0.11370849609375 0.456573486328125
0.281982421875 -0.197265625 0.025848388671875 0.38079833984375
0.1221923828125 -0.394287109375 0.0621337890625 0.336669921875
-0.031890869140625 -0.373992919921875 0.064422607421875 0.309814453125
-0.00973510742187497 -0.34185791015625 0.013763427734375 0.2740478515625
0.010498046875 -0.3876953125 -0.010009765625 0.216827392578125
0.144500732421875 -0.35894775390625 -0.0242233276367187 0.110786437988281
0.333038330078125 -0.206634521484375 0.0449905395507813 0.0572471618652344
0.345794677734375 0.004852294921875 0.204818725585938 0.0035400390625
0.181991577148437 0.187149047851563 0.480621337890625 0.10382080078125
0.15374755859375 0.020660400390625 0.6365966796875 0.31524658203125
0.286895751953125 -0.144805908203125 0.345947265625 0.3134765625
0.00375366210937497 -0.296478271484375 0.445709228515625 0.193511962890625
-0.144088745117188 -0.0636138916015625 -0.0584449768066406 0.0169219970703125
-0.0341339111328125 0.144195556640625 -0.228622436523438 0.274093627929687
0.163681030273438 0.089996337890625 -0.082611083984375 0.415191650390625
0.191146850585937 -0.0841064453125 0.000427246093750055 0.3951416015625
0.0770416259765625 -0.239151000976563 0.07305908203125 0.425201416015625
-0.0291290283203125 -0.220489501953125 0.11822509765625 0.416412353515625
-0.0189056396484375 -0.20880126953125 0.070404052734375 0.36895751953125
-0.000503540039062505 -0.254959106445313 0.020111083984375 0.31695556640625
0.108840942382813 -0.23016357421875 -0.0322113037109375 0.212158203125
0.234573364257813 -0.08819580078125 0.00142669677734377 0.114578247070312
0.170913696289063 0.0948028564453125 0.169540405273438 0.0357208251953125
-0.0565032958984375 0.125007629394531 0.493133544921875 0.1529541015625
-0.06793212890625 -0.122657775878906 0.6646728515625 0.42108154296875
0.109222412109375 -0.292083740234375 0.406768798828125 0.362640380859375
0.128997802734375 0.363922119140625 -0.3865966796875 -0.294403076171875
0.2994384765625 0.20538330078125 -0.66387939453125 -0.47003173828125
0.242950439453125 -0.024993896484375 -0.509368896484375 -0.0573425292968749
0.0528182983398438 -0.108238220214844 -0.155059814453125 0.0381622314453125
-0.0508346557617188 -0.0313720703125 0.0470962524414063 -0.108268737792969
-0.0228271484375 0.078399658203125 0.01873779296875 -0.294464111328125
0.0375175476074219 0.0525016784667969 -0.07666015625 -0.39996337890625
0.0293083190917969 0.0263805389404297 -0.134033203125 -0.40008544921875
0.0183677673339844 0.0460624694824219 -0.156890869140625 -0.438629150390625
-0.0342063903808594 0.0367584228515625 -0.0933837890625 -0.451416015625
-0.0945892333984375 -0.0404586791992188 -0.039520263671875 -0.404754638671875
-0.0397796630859375 -0.1650390625 0.033721923828125 -0.3594970703125
0.1767578125 -0.1827392578125 0.150619506835937 -0.252059936523438
0.32501220703125 0.013427734375 0.0416297912597656 -0.0573959350585937
0.220733642578125 0.206146240234375 -0.44586181640625 -0.251678466796875
0.334136962890625 0.37152099609375 -0.3203125 -0.217529296875
0.44012451171875 0.25054931640625 -0.63751220703125 -0.48944091796875
0.429473876953125 0.04339599609375 -0.575927734375 -0.0245361328125
0.26348876953125 -0.134231567382812 -0.185470581054688 0.1068115234375
0.103988647460938 -0.135551452636719 0.0667228698730469 -0.0686798095703125
0.0406951904296875 -0.103515625 0.0213623046875 -0.289642333984375
0.0279312133789062 -0.123191833496094 -0.094329833984375 -0.390411376953125
0.0245895385742188 -0.139144897460938 -0.157012939453125 -0.376708984375
0.00238037109375 -0.146148681640625 -0.16595458984375 -0.4215087890625
-0.00376892089843749 -0.149124145507813 -0.09515380859375 -0.452056884765625
0.0185546875 -0.185165405273438 -0.0177001953125 -0.38824462890625
0.0958404541015625 -0.247329711914063 0.0672607421875 -0.338165283203125
0.311370849609375 -0.186187744140625 0.169403076171875 -0.223602294921875
0.483978271484375 -0.01220703125 0.0733413696289063 -0.0699386596679688
0.422515869140625 0.19036865234375 -0.3848876953125 -0.20135498046875
0.51708984375 0.301025390625 -0.209243774414063 -0.113388061523438
0.539886474609375 0.196990966796875 -0.58746337890625 -0.45465087890625
0.55133056640625 0.04693603515625 -0.63848876953125 0.0350341796875001
0.424224853515625 -0.17230224609375 -0.2291259765625 0.210311889648438
0.244277954101563 -0.239913940429688 0.061431884765625 0.0179481506347656
0.099700927734375 -0.28765869140625 0.0223846435546875 -0.227584838867188
0.011993408203125 -0.288909912109375 -0.097412109375 -0.322723388671875
0.014923095703125 -0.282379150390625 -0.162322998046875 -0.302337646484375
-0.00857543945312502 -0.311370849609375 -0.15472412109375 -0.348388671875
0.0274658203125 -0.315399169921875 -0.0833740234375 -0.3975830078125
0.136077880859375 -0.316162109375 0.01318359375 -0.341705322265625
0.245941162109375 -0.30560302734375 0.116241455078125 -0.308685302734375
0.438323974609375 -0.148712158203125 0.226943969726563 -0.198974609375
0.58245849609375 -0.00384521484375 0.166412353515625 -0.062835693359375
0.55255126953125 0.16021728515625 -0.258148193359375 -0.128067016601563
0.62957763671875 0.160888671875 -0.059478759765625 -0.00978088378906248
0.57269287109375 0.06488037109375 -0.504852294921875 -0.38079833984375
0.5733642578125 -0.0115966796875 -0.6427001953125 0.1265869140625
0.493499755859375 -0.21380615234375 -0.245025634765625 0.33099365234375
0.329193115234375 -0.320037841796875 0.0556488037109375 0.132713317871094
0.13018798828125 -0.4339599609375 0.0288162231445313 -0.111351013183594
-0.00894165039062502 -0.41741943359375 -0.080413818359375 -0.193496704101563
6.1035156249957E-05 -0.38970947265625 -0.140823364257812 -0.179367065429688
-0.014678955078125 -0.4283447265625 -0.123870849609375 -0.225814819335938
0.06634521484375 -0.4278564453125 -0.062957763671875 -0.296905517578125
0.244537353515625 -0.393524169921875 0.0443572998046875 -0.265426635742188
0.373321533203125 -0.319915771484375 0.164886474609375 -0.257949829101563
0.523529052734375 -0.070770263671875 0.309722900390625 -0.160614013671875
0.60919189453125 0.0279541015625 0.303802490234375 -0.02777099609375
0.59954833984375 0.12188720703125 -0.0872421264648437 -0.0312347412109375
0.62530517578125 -0.0037841796875 0.111778259277344 0.0764236450195313
0.495574951171875 -0.07403564453125 -0.395660400390625 -0.2708740234375
0.482818603515625 -0.060211181640625 -0.57537841796875 0.22479248046875
0.467559814453125 -0.214080810546875 -0.213043212890625 0.428955078125
0.3502197265625 -0.34600830078125 0.053802490234375 0.244308471679687
0.135589599609375 -0.507598876953125 0.0400390625 0.0428962707519531
-0.031982421875 -0.4775390625 -0.040283203125 -0.0250396728515625
-0.0133056640625 -0.434814453125 -0.0983047485351563 -0.025787353515625
-0.016357421875 -0.480255126953125 -0.0823135375976563 -0.0756072998046875
0.097564697265625 -0.47100830078125 -0.03955078125 -0.160430908203125
0.320465087890625 -0.399383544921875 0.0704345703125 -0.156539916992188
0.44537353515625 -0.263153076171875 0.207412719726563 -0.175628662109375
0.51629638671875 0.033477783203125 0.394134521484375 -0.096221923828125
0.5419921875 0.070343017578125 0.447845458984375 0.044036865234375
0.552764892578125 0.0615234375 0.0900726318359375 0.082672119140625
0.49200439453125 -0.152923583984375 0.276626586914063 0.131622314453125
0.307891845703125 -0.143646240234375 -0.268386840820313 -0.154205322265625
0.314208984375 -0.037628173828125 -0.445343017578125 0.2921142578125
0.384246826171875 -0.144805908203125 -0.14300537109375 0.46875
0.321807861328125 -0.305206298828125 0.057891845703125 0.32501220703125
0.118927001953125 -0.493377685546875 0.0621337890625 0.196258544921875
-0.053192138671875 -0.460296630859375 0.0135345458984375 0.15045166015625
-0.02606201171875 -0.41497802734375 -0.0384750366210937 0.131805419921875
-0.0142822265625 -0.45941162109375 -0.035491943359375 0.0780487060546875
0.117156982421875 -0.444793701171875 -0.025634765625 -0.0174598693847657
0.34356689453125 -0.334320068359375 0.071136474609375 -0.042205810546875
0.43487548828125 -0.15093994140625 0.220291137695313 -0.0860748291015625
0.399261474609375 0.1312255859375 0.451080322265625 -0.00823974609374999
0.3741455078125 0.072265625 0.57098388671875 0.14794921875
0.43548583984375 -0.03045654296875 0.246170043945313 0.198760986328125
0.261001586914063 -0.247650146484375 0.40008544921875 0.158721923828125
0.07550048828125 -0.126258850097656 -0.143783569335938 -0.05499267578125
0.132888793945313 0.0514984130859375 -0.305938720703125 0.304290771484375
0.278793334960938 -0.035552978515625 -0.0805969238281249 0.45281982421875
0.264495849609375 -0.212860107421875 0.04827880859375 0.36700439453125
0.08929443359375 -0.3988037109375 0.082550048828125 0.32177734375
-0.057159423828125 -0.36370849609375 0.079833984375 0.298553466796875
-0.035888671875 -0.333221435546875 0.02655029296875 0.267440795898438
-0.01837158203125 -0.379791259765625 0.00250244140625001 0.211029052734375
0.114898681640625 -0.35992431640625 -0.0194473266601562 0.110610961914063
0.309844970703125 -0.2274169921875 0.0490188598632813 0.0534515380859375
0.338653564453125 -0.0206298828125 0.202682495117188 -0.0090484619140625
0.18975830078125 0.170639038085938 0.47271728515625 0.06988525390625
0.152923583984375 0.009552001953125 0.63958740234375 0.26995849609375
0.269088745117188 -0.155227661132813 0.357635498046875 0.29083251953125
-0.015594482421875 -0.2855224609375 0.45404052734375 0.160308837890625
-0.14239501953125 -0.0498199462890625 -0.056182861328125 0.0171928405761719
-0.022705078125 0.14202880859375 -0.205795288085938 0.279769897460937
0.167266845703125 0.0748138427734375 -0.052764892578125 0.40985107421875
0.181106567382813 -0.0973358154296875 0.0242919921875 0.382965087890625
0.0596923828125 -0.24468994140625 0.095977783203125 0.407623291015625
-0.043182373046875 -0.212615966796875 0.140380859375 0.3995361328125
-0.032867431640625 -0.203948974609375 0.091827392578125 0.355804443359375
-0.0206146240234375 -0.249298095703125 0.040618896484375 0.307891845703125
0.0879364013671875 -0.236526489257813 -0.020233154296875 0.208206176757812
0.221572875976563 -0.104598999023438 0.01129150390625 0.112884521484375
0.176834106445313 0.0813446044921875 0.170455932617187 0.0237884521484375
-0.0437088012695312 0.126983642578125 0.4871826171875 0.11962890625
-0.0783157348632812 -0.1151123046875 0.675537109375 0.37298583984375
0.085418701171875 -0.293365478515625 0.4224853515625 0.334686279296875
0.14129638671875 0.350311279296875 -0.39093017578125 -0.27972412109375
0.29803466796875 0.186187744140625 -0.66607666015625 -0.43731689453125
0.234786987304688 -0.033203125 -0.496978759765625 -0.0372314453125001
0.0449676513671875 -0.107940673828125 -0.149581909179688 0.040924072265625
-0.0525054931640625 -0.0244293212890625 0.0413665771484375 -0.108551025390625
-0.0164108276367187 0.0804290771484375 0.00430297851562501 -0.284393310546875
0.04205322265625 0.0488471984863281 -0.09375 -0.383453369140625
0.0334644317626953 0.0272846221923828 -0.144195556640625 -0.3834228515625
0.0226402282714844 0.0454597473144531 -0.171875 -0.4197998046875
-0.0304222106933594 0.0394668579101563 -0.106414794921875 -0.4356689453125
-0.0937881469726563 -0.031219482421875 -0.0523681640625 -0.39031982421875
-0.047149658203125 -0.158721923828125 0.0198974609375 -0.347412109375
0.1630859375 -0.187271118164063 0.138076782226563 -0.2486572265625
0.32049560546875 -0.002166748046875 0.0397071838378907 -0.0605850219726563
0.222793579101563 0.193038940429687 -0.447662353515625 -0.22869873046875
0.34033203125 0.353515625 -0.323211669921875 -0.20843505859375
0.434234619140625 0.229888916015625 -0.63812255859375 -0.456787109375
0.42120361328125 0.02630615234375 -0.56414794921875 -0.0083618164062501
0.247055053710938 -0.142532348632813 -0.172271728515625 0.108673095703125
0.0935134887695313 -0.134971618652344 0.0613555908203125 -0.0722808837890625
0.035614013671875 -0.100341796875 0.01116943359375 -0.283447265625
0.0223159790039062 -0.120796203613281 -0.11236572265625 -0.3773193359375
0.0185623168945313 -0.133438110351563 -0.172882080078125 -0.359222412109375
-0.003509521484375 -0.14056396484375 -0.1790771484375 -0.4022216796875
-0.00987243652343749 -0.142547607421875 -0.108245849609375 -0.4295654296875
0.00727844238281249 -0.177978515625 -0.028594970703125 -0.373382568359375
0.083526611328125 -0.2423095703125 0.05377197265625 -0.327545166015625
0.297882080078125 -0.195220947265625 0.154708862304688 -0.225143432617188
0.471221923828125 -0.034393310546875 0.0704498291015625 -0.0748367309570313
0.4205322265625 0.16912841796875 -0.38311767578125 -0.18084716796875
0.513946533203125 0.276519775390625 -0.210922241210938 -0.107650756835937
0.53314208984375 0.173553466796875 -0.5908203125 -0.4296875
0.53857421875 0.023956298828125 -0.62103271484375 0.0557250976562501
0.403411865234375 -0.18707275390625 -0.212371826171875 0.21240234375
0.227081298828125 -0.24053955078125 0.0595893859863281 0.0123748779296875
0.0833282470703125 -0.279434204101563 0.014190673828125 -0.22528076171875
-0.000274658203124971 -0.28143310546875 -0.112396240234375 -0.310394287109375
0.00372314453125 -0.2757568359375 -0.17431640625 -0.28582763671875
-0.023406982421875 -0.300048828125 -0.16595458984375 -0.332061767578125
0.015106201171875 -0.302032470703125 -0.096435546875 -0.379119873046875
0.115203857421875 -0.30975341796875 0.002471923828125 -0.33331298828125
0.224517822265625 -0.310150146484375 0.0994873046875 -0.301910400390625
0.422576904296875 -0.162109375 0.212783813476563 -0.20098876953125
0.56903076171875 -0.03277587890625 0.160690307617188 -0.0709075927734375
0.546356201171875 0.13824462890625 -0.25640869140625 -0.11212158203125
0.61700439453125 0.13446044921875 -0.0591888427734375 -0.00872421264648438
0.55902099609375 0.041534423828125 -0.507568359375 -0.354400634765625
0.557037353515625 -0.0341796875 -0.62078857421875 0.14666748046875
0.472412109375 -0.232147216796875 -0.22430419921875 0.330352783203125
0.308868408203125 -0.32586669921875 0.0582046508789063 0.124977111816406
0.10882568359375 -0.42376708984375 0.0197067260742188 -0.109474182128906
-0.028961181640625 -0.405059814453125 -0.091552734375 -0.186126708984375
-0.014251708984375 -0.377044677734375 -0.149337768554688 -0.164398193359375
-0.03314208984375 -0.413299560546875 -0.131790161132813 -0.216506958007813
0.04443359375 -0.413909912109375 -0.077239990234375 -0.280685424804688
0.217864990234375 -0.39306640625 0.0367889404296875 -0.257736206054688
0.348297119140625 -0.328643798828125 0.152191162109375 -0.256820678710938
0.507293701171875 -0.091400146484375 0.29534912109375 -0.16680908203125
0.59454345703125 0.00128173828125 0.2938232421875 -0.041259765625
0.58837890625 0.0986328125 -0.0884475708007812 -0.024627685546875
0.609375 -0.02569580078125 0.11407470703125 0.067596435546875
0.479736328125 -0.08843994140625 -0.398101806640625 -0.254852294921875
0.4669189453125 -0.07476806640625 -0.549407958984375 0.239593505859375
0.44732666015625 -0.23016357421875 -0.18701171875 0.42236328125
0.329986572265625 -0.351318359375 0.0607757568359375 0.233200073242187
0.108184814453125 -0.500762939453125 0.0386810302734375 0.03802490234375
-0.05450439453125 -0.463714599609375 -0.0453567504882813 -0.0235404968261719
-0.030059814453125 -0.420074462890625 -0.103233337402344 -0.0160675048828125
-0.038909912109375 -0.46392822265625 -0.084625244140625 -0.0713348388671875
0.07470703125 -0.458099365234375 -0.0499420166015625 -0.15045166015625
0.294281005859375 -0.4013671875 0.0633544921875 -0.154022216796875
0.4248046875 -0.2769775390625 0.197113037109375 -0.182632446289063
0.503997802734375 0.012420654296875 0.376739501953125 -0.107391357421875
0.52880859375 0.0457763671875 0.440643310546875 0.024200439453125
0.542999267578125 0.0433349609375 0.0912933349609375 0.082244873046875
0.474761962890625 -0.167510986328125 0.27655029296875 0.115966796875
0.297332763671875 -0.147705078125 -0.268539428710938 -0.145797729492187
0.304046630859375 -0.046478271484375 -0.423675537109375 0.297454833984375
0.368194580078125 -0.159454345703125 -0.117919921875 0.46136474609375
0.302978515625 -0.312469482421875 0.0668029785156251 0.3115234375
0.089599609375 -0.488372802734375 0.064453125 0.18475341796875
-0.07196044921875 -0.444366455078125 0.016632080078125 0.146804809570312
-0.042724609375 -0.4017333984375 -0.0374603271484375 0.135093688964844
-0.0360107421875 -0.446563720703125 -0.0358428955078125 0.0772018432617187
0.092254638671875 -0.43280029296875 -0.0287303924560547 -0.0138435363769532
0.320648193359375 -0.3424072265625 0.0718612670898438 -0.0416259765625
0.418975830078125 -0.164215087890625 0.215576171875 -0.092376708984375
0.39385986328125 0.113677978515625 0.434967041015625 -0.02587890625
0.366546630859375 0.0562744140625 0.56146240234375 0.124481201171875
0.420440673828125 -0.04254150390625 0.248062133789063 0.189895629882813
0.244964599609375 -0.251678466796875 0.397796630859375 0.136077880859375
0.069854736328125 -0.121353149414063 -0.143112182617188 -0.0495147705078125
0.134040832519531 0.0442123413085938 -0.28839111328125 0.306549072265625
0.2738037109375 -0.0485687255859375 -0.056793212890625 0.44146728515625
0.249832153320313 -0.22186279296875 0.05963134765625 0.3507080078125
0.066864013671875 -0.3939208984375 0.090667724609375 0.3060302734375
-0.07318115234375 -0.352386474609375 0.08599853515625 0.28875732421875
-0.049530029296875 -0.32196044921875 0.03497314453125 0.260818481445313
-0.036285400390625 -0.36962890625 0.0114898681640625 0.206375122070312
0.093017578125 -0.35302734375 -0.01654052734375 0.109283447265625
0.290130615234375 -0.2349853515625 0.0512542724609375 0.0533332824707031
0.3304443359375 -0.03326416015625 0.19781494140625 -0.0162353515625
0.194046020507813 0.160232543945313 0.46087646484375 0.051727294921875
0.144363403320313 0.0025482177734375 0.63397216796875 0.238525390625
0.254165649414063 -0.159027099609375 0.360931396484375 0.277435302734375
-0.0261383056640625 -0.279022216796875 0.454620361328125 0.13836669921875
-0.138641357421875 -0.0428543090820313 -0.0524368286132813 0.017669677734375
-0.0163726806640625 0.141845703125 -0.189910888671875 0.279083251953125
0.167572021484375 0.0645599365234375 -0.0347900390625 0.39825439453125
0.173797607421875 -0.105422973632813 0.038238525390625 0.370147705078125
0.0447998046875 -0.242019653320313 0.11004638671875 0.390380859375
-0.0542449951171875 -0.205215454101562 0.148529052734375 0.382659912109375
-0.044097900390625 -0.195266723632813 0.101226806640625 0.342437744140625
-0.0341339111328125 -0.243057250976562 0.051300048828125 0.2984619140625
0.0740203857421875 -0.232315063476563 -0.011962890625 0.204544067382812
0.210617065429687 -0.114227294921875 0.015472412109375 0.11199951171875
0.176773071289063 0.0697021484375 0.166412353515625 0.017913818359375
-0.0377883911132813 0.127540588378906 0.477294921875 0.097747802734375
-0.0813217163085937 -0.110801696777344 0.66888427734375 0.339599609375
0.069305419921875 -0.285675048828125 0.425323486328125 0.3173828125
0.145263671875 0.34576416015625 -0.391265869140625 -0.272705078125
0.299530029296875 0.175537109375 -0.6666259765625 -0.4215087890625
0.232131958007813 -0.038909912109375 -0.492767333984375 -0.0243530273437501
0.0390548706054688 -0.105216979980469 -0.14599609375 0.040069580078125
-0.0538139343261719 -0.0197944641113281 0.0391006469726563 -0.109184265136719
-0.0118789672851563 0.0818099975585937 -0.00320434570312503 -0.278579711914063
0.0424613952636719 0.048004150390625 -0.103485107421875 -0.376129150390625
0.0356483459472656 0.0280227661132812 -0.152557373046875 -0.374908447265625
0.0268478393554688 0.0457611083984375 -0.178253173828125 -0.41058349609375
-0.0263214111328125 0.04193115234375 -0.112884521484375 -0.425262451171875
-0.0962448120117188 -0.0257797241210937 -0.058197021484375 -0.38232421875
-0.053955078125 -0.154190063476563 0.012542724609375 -0.341156005859375
0.155181884765625 -0.191558837890625 0.131866455078125 -0.246963500976563
0.31744384765625 -0.010711669921875 0.0394134521484375 -0.0645217895507813
0.226852416992188 0.187118530273438 -0.451385498046875 -0.21771240234375
0.343994140625 0.346527099609375 -0.323974609375 -0.202789306640625
0.435394287109375 0.213714599609375 -0.6435546875 -0.443115234375
0.416656494140625 0.017425537109375 -0.5604248046875 0.00448608398437512
0.2379150390625 -0.145599365234375 -0.168121337890625 0.1077880859375
0.0885848999023438 -0.132667541503906 0.0581283569335938 -0.07281494140625
0.0323715209960938 -0.0962295532226563 0.0017547607421875 -0.2796630859375
0.0198593139648437 -0.120079040527344 -0.125091552734375 -0.368438720703125
0.017852783203125 -0.130828857421875 -0.18255615234375 -0.3516845703125
-0.00378417968749999 -0.13616943359375 -0.188507080078125 -0.39581298828125
-0.0122146606445312 -0.136924743652344 -0.115020751953125 -0.42193603515625
0.00122070312499999 -0.174240112304688 -0.032623291015625 -0.366729736328125
0.07373046875 -0.242874145507812 0.045166015625 -0.322723388671875
0.289093017578125 -0.201568603515625 0.14886474609375 -0.22283935546875
0.466064453125 -0.048095703125 0.069244384765625 -0.0787353515625
0.4217529296875 0.160736083984375 -0.386932373046875 -0.16937255859375
0.51373291015625 0.264984130859375 -0.21038818359375 -0.104843139648438
0.531341552734375 0.16046142578125 -0.5931396484375 -0.4166259765625
0.53271484375 0.012969970703125 -0.61444091796875 0.0675659179687501
0.390777587890625 -0.19586181640625 -0.203201293945312 0.213348388671875
0.216751098632813 -0.241195678710938 0.0598106384277344 0.00888824462890623
0.07293701171875 -0.275146484375 0.00663757324218751 -0.223785400390625
-0.00802612304687501 -0.27734375 -0.12310791015625 -0.302398681640625
-0.00262451171874997 -0.26953125 -0.181564331054688 -0.2757568359375
-0.028533935546875 -0.293853759765625 -0.173675537109375 -0.324462890625
0.00680541992187499 -0.29510498046875 -0.105224609375 -0.36871337890625
0.10626220703125 -0.306488037109375 -0.001708984375 -0.325836181640625
0.211822509765625 -0.31207275390625 0.091766357421875 -0.29962158203125
0.412200927734375 -0.172119140625 0.2047119140625 -0.202072143554687
0.56097412109375 -0.047027587890625 0.158523559570313 -0.0766448974609375
0.54718017578125 0.127899169921875 -0.256942749023437 -0.103485107421875
0.6136474609375 0.11944580078125 -0.0593757629394531 -0.00999450683593749
0.55426025390625 0.0308837890625 -0.51251220703125 -0.345489501953125
0.551727294921875 -0.046142578125 -0.61676025390625 0.15533447265625
0.45947265625 -0.241180419921875 -0.21502685546875 0.32855224609375
0.296844482421875 -0.32861328125 0.05914306640625 0.119667053222656
0.09222412109375 -0.4210205078125 0.0163040161132813 -0.112197875976563
-0.039276123046875 -0.3984375 -0.099761962890625 -0.180694580078125
-0.023284912109375 -0.36907958984375 -0.156707763671875 -0.15533447265625
-0.044403076171875 -0.406036376953125 -0.13763427734375 -0.21026611328125
0.03277587890625 -0.40576171875 -0.0834808349609375 -0.272537231445313
0.20452880859375 -0.392364501953125 0.033477783203125 -0.252853393554688
0.336212158203125 -0.33404541015625 0.144622802734375 -0.257598876953125
0.49835205078125 -0.103271484375 0.285980224609375 -0.17041015625
0.588134765625 -0.014404296875 0.29046630859375 -0.050262451171875
0.58551025390625 0.0897216796875 -0.0862960815429687 -0.0186691284179687
0.60101318359375 -0.04034423828125 0.114288330078125 0.062164306640625
0.472259521484375 -0.0965576171875 -0.4007568359375 -0.2471923828125
0.4586181640625 -0.0845947265625 -0.54266357421875 0.246368408203125
0.4346923828125 -0.239837646484375 -0.17425537109375 0.42108154296875
0.317291259765625 -0.356170654296875 0.0649261474609375 0.2264404296875
0.09051513671875 -0.496612548828125 0.0366973876953125 0.0325393676757812
-0.067779541015625 -0.45654296875 -0.0508995056152344 -0.0212936401367188
-0.041778564453125 -0.413543701171875 -0.105461120605469 -0.00922393798828129
-0.04937744140625 -0.454925537109375 -0.0882797241210938 -0.0673370361328125
0.059722900390625 -0.450408935546875 -0.055023193359375 -0.144699096679688
0.27783203125 -0.4046630859375 0.0634765625 -0.15216064453125
0.411651611328125 -0.284759521484375 0.19140625 -0.18524169921875
0.499542236328125 0 0.369171142578125 -0.114227294921875
0.52276611328125 0.0306396484375 0.435516357421875 0.012359619140625
0.5382080078125 0.03619384765625 0.0938339233398438 0.08306884765625
0.466796875 -0.173736572265625 0.27752685546875 0.106536865234375
0.292205810546875 -0.150726318359375 -0.27032470703125 -0.141250610351563
0.29962158203125 -0.05072021484375 -0.414581298828125 0.301055908203125
0.3585205078125 -0.16864013671875 -0.104888916015625 0.45416259765625
0.29327392578125 -0.316680908203125 0.07135009765625 0.302398681640625
0.073150634765625 -0.483795166015625 0.0648956298828125 0.177520751953125
-0.08465576171875 -0.438018798828125 0.0161590576171875 0.144195556640625
-0.0523681640625 -0.394317626953125 -0.0369110107421875 0.138252258300781
-0.049774169921875 -0.43902587890625 -0.0348434448242187 0.0779266357421875
0.0782470703125 -0.426422119140625 -0.0318336486816406 -0.00981330871582034
0.306640625 -0.346435546875 0.0720748901367188 -0.0417633056640625
0.409515380859375 -0.17327880859375 0.210525512695313 -0.0960235595703125
0.392181396484375 0.103302001953125 0.42730712890625 -0.0328369140625
0.360748291015625 0.0457763671875 0.555816650390625 0.110870361328125
0.415863037109375 -0.045501708984375 0.251663208007813 0.18841552734375
0.2366943359375 -0.254257202148438 0.400177001953125 0.1251220703125
0.06915283203125 -0.119583129882813 -0.1427001953125 -0.049041748046875
0.132217407226563 0.0440521240234375 -0.279998779296875 0.307220458984375
0.269073486328125 -0.055908203125 -0.046600341796875 0.435699462890625
0.242202758789063 -0.2275390625 0.066253662109375 0.343505859375
0.05126953125 -0.39208984375 0.092803955078125 0.29644775390625
-0.083770751953125 -0.345733642578125 0.089263916015625 0.284515380859375
-0.05767822265625 -0.316558837890625 0.037109375 0.260589599609375
-0.0491943359375 -0.363616943359375 0.0142669677734375 0.203460693359375
0.079803466796875 -0.34942626953125 -0.0173110961914062 0.111793518066406
0.280075073242187 -0.242446899414063 0.0543060302734375 0.0526237487792969
0.325164794921875 -0.0435791015625 0.1961669921875 -0.0196380615234375
0.196624755859375 0.156143188476563 0.45184326171875 0.041839599609375
0.140731811523438 0.001220703125 0.62890625 0.2249755859375
0.246261596679688 -0.159317016601563 0.367401123046875 0.272735595703125
-0.03216552734375 -0.275833129882813 0.45684814453125 0.12725830078125
-0.135093688964844 -0.0363693237304688 -0.0481109619140625 0.016357421875
-0.0133056640625 0.142929077148438 -0.181930541992187 0.279891967773438
0.168777465820313 0.05816650390625 -0.02239990234375 0.390777587890625
0.17034912109375 -0.110321044921875 0.04364013671875 0.360382080078125
0.0326080322265625 -0.242324829101562 0.11480712890625 0.37860107421875
-0.06158447265625 -0.201889038085938 0.153533935546875 0.3760986328125
-0.051116943359375 -0.193603515625 0.1072998046875 0.33905029296875
-0.0430145263671875 -0.240341186523438 0.057861328125 0.293701171875
0.064208984375 -0.232559204101563 -0.010101318359375 0.20440673828125
0.20550537109375 -0.121734619140625 0.0192337036132813 0.111701965332031
0.1767578125 0.0626068115234375 0.165542602539063 0.0158233642578125
-0.0322952270507813 0.129005432128906 0.4677734375 0.086883544921875
-0.0851287841796875 -0.10528564453125 0.6666259765625 0.32537841796875
0.060821533203125 -0.281707763671875 0.427581787109375 0.31072998046875
0.15289306640625 0.348419189453125 -0.3994140625 -0.270599365234375
0.3065185546875 0.166778564453125 -0.68170166015625 -0.41546630859375
0.232879638671875 -0.046417236328125 -0.49853515625 -0.0133361816406251
0.0354843139648438 -0.1060791015625 -0.145156860351562 0.0411224365234375
-0.0565834045410156 -0.0161514282226563 0.0362014770507813 -0.112380981445313
-0.00864410400390625 0.0840225219726562 -0.00959777832031251 -0.279495239257813
0.044769287109375 0.04815673828125 -0.116180419921875 -0.37445068359375
0.0387916564941406 0.0286865234375 -0.164337158203125 -0.3740234375
0.0311317443847656 0.0473098754882813 -0.18896484375 -0.410491943359375
-0.0232162475585938 0.0463790893554688 -0.119537353515625 -0.4251708984375
-0.0981674194335938 -0.0193710327148438 -0.06427001953125 -0.380767822265625
-0.061553955078125 -0.151626586914062 0.00546264648437502 -0.34027099609375
0.151626586914062 -0.197830200195313 0.129898071289063 -0.251174926757813
0.322235107421875 -0.021820068359375 0.0391082763671875 -0.0690574645996094
0.23565673828125 0.184646606445313 -0.465362548828125 -0.208526611328125
0.352203369140625 0.34326171875 -0.33062744140625 -0.2008056640625
0.442718505859375 0.204833984375 -0.6622314453125 -0.44000244140625
0.420166015625 0.007904052734375 -0.56646728515625 0.01873779296875
0.233901977539063 -0.152664184570313 -0.1658935546875 0.11175537109375
0.0839996337890625 -0.133499145507813 0.0567779541015625 -0.07574462890625
0.0301895141601562 -0.0948562622070313 -0.0050048828125 -0.28179931640625
0.0176849365234375 -0.119186401367187 -0.138427734375 -0.367828369140625
0.0163726806640625 -0.130081176757813 -0.19305419921875 -0.348388671875
-0.00570678710937501 -0.135543823242187 -0.20062255859375 -0.392791748046875
-0.0135116577148437 -0.133865356445313 -0.124114990234375 -0.420196533203125
-0.00473022460937501 -0.172897338867187 -0.03961181640625 -0.36822509765625
0.0652313232421875 -0.2459716796875 0.039215087890625 -0.32403564453125
0.285675048828125 -0.21087646484375 0.14654541015625 -0.226898193359375
0.46966552734375 -0.06195068359375 0.0682754516601563 -0.084503173828125
0.43035888671875 0.154571533203125 -0.39703369140625 -0.161834716796875
0.52227783203125 0.259185791015625 -0.216323852539062 -0.104751586914062
0.53814697265625 0.14984130859375 -0.610595703125 -0.41424560546875
0.538726806640625 0.0003662109375 -0.62176513671875 0.08184814453125
0.386138916015625 -0.207977294921875 -0.199462890625 0.218307495117187
0.211456298828125 -0.24725341796875 0.0610580444335938 0.00674819946289061
0.0644989013671875 -0.2752685546875 -0.000671386718750007 -0.226287841796875
-0.01580810546875 -0.27752685546875 -0.13763427734375 -0.30120849609375
-0.00903320312499998 -0.26959228515625 -0.19384765625 -0.26947021484375
-0.0357666015625 -0.2943115234375 -0.186279296875 -0.323150634765625
-0.000244140624999983 -0.2926025390625 -0.115081787109375 -0.366943359375
0.0972900390625 -0.3092041015625 -0.00531005859374997 -0.327545166015625
0.20428466796875 -0.319580078125 0.0859375 -0.303131103515625
0.411651611328125 -0.18359375 0.202606201171875 -0.207366943359375
0.56646728515625 -0.0618896484375 0.157485961914063 -0.0849609375
0.555755615234375 0.119537353515625 -0.263778686523437 -0.096649169921875
0.62005615234375 0.10809326171875 -0.0610275268554687 -0.0100173950195312
0.56060791015625 0.020294189453125 -0.526763916015625 -0.342742919921875
0.555877685546875 -0.056304931640625 -0.62164306640625 0.17083740234375
0.452545166015625 -0.2557373046875 -0.20721435546875 0.33563232421875
0.2904052734375 -0.33685302734375 0.0624542236328125 0.116630554199219
0.079925537109375 -0.422821044921875 0.0112457275390625 -0.116592407226563
-0.050689697265625 -0.39910888671875 -0.111007690429687 -0.179061889648438
-0.031890869140625 -0.370330810546875 -0.165573120117188 -0.148529052734375
-0.0540771484375 -0.406829833984375 -0.147186279296875 -0.20672607421875
0.02294921875 -0.40423583984375 -0.09100341796875 -0.2685546875
0.195068359375 -0.3994140625 0.030670166015625 -0.255126953125
0.3270263671875 -0.345794677734375 0.140029907226563 -0.26190185546875
0.499908447265625 -0.115631103515625 0.284942626953125 -0.17718505859375
0.59332275390625 -0.0284423828125 0.292236328125 -0.060089111328125
0.59613037109375 0.08135986328125 -0.0885848999023437 -0.01409912109375
0.60540771484375 -0.05352783203125 0.117057800292969 0.0599594116210938
0.475921630859375 -0.10675048828125 -0.413299560546875 -0.24420166015625
0.46240234375 -0.0941162109375 -0.545379638671875 0.261077880859375
0.429931640625 -0.2530517578125 -0.165130615234375 0.427276611328125
0.312225341796875 -0.366729736328125 0.0709381103515625 0.22393798828125
0.0743713378906249 -0.500335693359375 0.0342693328857422 0.0283679962158203
-0.081939697265625 -0.457366943359375 -0.057403564453125 -0.0193595886230469
-0.052642822265625 -0.413665771484375 -0.110603332519531 -0.00205993652343751
-0.061676025390625 -0.457794189453125 -0.0939407348632813 -0.064178466796875
0.0482177734375 -0.4501953125 -0.0619430541992187 -0.139839172363281
0.268524169921875 -0.41473388671875 0.063201904296875 -0.153350830078125
0.40545654296875 -0.298370361328125 0.188369750976563 -0.190780639648438
0.505096435546875 -0.00958251953125 0.367919921875 -0.120819091796875
0.526763916015625 0.01922607421875 0.439697265625 0.00250244140625
0.54473876953125 0.029632568359375 0.0971832275390625 0.085693359375
0.465911865234375 -0.18701171875 0.284759521484375 0.100982666015625
0.292144775390625 -0.1595458984375 -0.278060913085938 -0.139907836914063
0.30206298828125 -0.055877685546875 -0.4140625 0.3140869140625
0.35675048828125 -0.179107666015625 -0.094329833984375 0.45947265625
0.28961181640625 -0.328704833984375 0.077789306640625 0.30023193359375
0.056060791015625 -0.487335205078125 0.0652313232421875 0.173126220703125
-0.099090576171875 -0.437957763671875 0.0149688720703125 0.146011352539063
-0.06561279296875 -0.396087646484375 -0.03729248046875 0.144729614257812
-0.06365966796875 -0.44061279296875 -0.0365066528320313 0.0810775756835937
0.066497802734375 -0.428131103515625 -0.0349025726318359 -0.00452041625976566
0.297271728515625 -0.3575439453125 0.0742263793945313 -0.042449951171875
0.4073486328125 -0.185394287109375 0.20916748046875 -0.101852416992188
0.39849853515625 0.096954345703125 0.427459716796875 -0.041534423828125
0.36346435546875 0.0391845703125 0.5633544921875 0.09912109375
0.419708251953125 -0.05035400390625 0.26031494140625 0.189849853515625
0.234024047851563 -0.262939453125 0.41070556640625 0.116943359375
0.0690994262695312 -0.121002197265625 -0.146133422851563 -0.04852294921875
0.135276794433594 0.04296875 -0.27850341796875 0.3172607421875
0.270156860351563 -0.06402587890625 -0.035308837890625 0.4375
0.239608764648437 -0.237548828125 0.07177734375 0.340423583984375
0.03594970703125 -0.396209716796875 0.096710205078125 0.293609619140625
-0.0958251953125 -0.345672607421875 0.093658447265625 0.285919189453125
-0.06915283203125 -0.317169189453125 0.0424041748046875 0.264389038085937
-0.062469482421875 -0.365478515625 0.0174560546875 0.20660400390625
0.068572998046875 -0.3516845703125 -0.017608642578125 0.11639404296875
0.274368286132813 -0.252914428710937 0.0575294494628906 0.0526084899902344
0.326416015625 -0.053070068359375 0.197067260742188 -0.0241851806640625
0.202987670898438 0.154388427734375 0.454681396484375 0.0355224609375
0.139480590820313 -0.001007080078125 0.6385498046875 0.21551513671875
0.246292114257813 -0.162399291992188 0.377349853515625 0.27294921875
-0.0391387939453125 -0.2781982421875 0.471038818359375 0.11749267578125
-0.134315490722656 -0.0332260131835938 -0.0474853515625 0.0165367126464844
-0.00921630859374999 0.146453857421875 -0.180023193359375 0.286041259765625
0.172470092773438 0.053741455078125 -0.01373291015625 0.392059326171875
0.169662475585938 -0.118682861328125 0.049346923828125 0.359405517578125
0.02313232421875 -0.245956420898438 0.12017822265625 0.375244140625
-0.0697784423828125 -0.201614379882813 0.1619873046875 0.376495361328125
-0.0595855712890625 -0.193252563476563 0.114654541015625 0.339599609375
-0.053131103515625 -0.241561889648438 0.06414794921875 0.295654296875
0.05584716796875 -0.23675537109375 -0.00711059570312502 0.209518432617187
0.203262329101563 -0.131103515625 0.023529052734375 0.113151550292969
0.180877685546875 0.05877685546875 0.166961669921875 0.0126495361328125
-0.0294189453125 0.131919860839844 0.47015380859375 0.080810546875
-0.0911178588867187 -0.103286743164063 0.676513671875 0.31732177734375
0.055633544921875 -0.283172607421875 0.440673828125 0.309967041015625
0.16876220703125 0.354949951171875 -0.419036865234375 -0.266082763671875
0.31903076171875 0.15399169921875 -0.7156982421875 -0.40447998046875
0.235427856445312 -0.0600128173828125 -0.5091552734375 0.00744628906250009
0.0301513671875 -0.109153747558594 -0.146163940429688 0.047576904296875
-0.0599098205566406 -0.0107955932617188 0.0321197509765625 -0.117233276367187
-0.00408935546875001 0.08795166015625 -0.022491455078125 -0.28387451171875
0.04901123046875 0.0481376647949219 -0.13543701171875 -0.37677001953125
0.0442543029785156 0.0296783447265625 -0.183197021484375 -0.375640869140625
0.0366630554199219 0.0482940673828125 -0.21142578125 -0.411956787109375
-0.019866943359375 0.0496253967285156 -0.136474609375 -0.429351806640625
-0.10162353515625 -0.011077880859375 -0.079345703125 -0.38543701171875
-0.071929931640625 -0.150772094726563 -0.00607299804687501 -0.344879150390625
0.144638061523437 -0.210968017578125 0.124954223632813 -0.261322021484375
0.331268310546875 -0.03924560546875 0.03656005859375 -0.075897216796875
0.249740600585937 0.179443359375 -0.48876953125 -0.1932373046875
0.37249755859375 0.3411865234375 -0.344879150390625 -0.1981201171875
0.459014892578125 0.188995361328125 -0.696533203125 -0.43194580078125
0.42913818359375 -0.009735107421875 -0.578369140625 0.0419921874999999
0.229324340820313 -0.164093017578125 -0.16412353515625 0.120223999023438
0.0787582397460937 -0.136444091796875 0.055694580078125 -0.0807418823242188
0.0266876220703125 -0.094085693359375 -0.019317626953125 -0.288970947265625
0.013092041015625 -0.12054443359375 -0.16021728515625 -0.36865234375
0.0134506225585937 -0.131683349609375 -0.213470458984375 -0.3447265625
-0.009857177734375 -0.136924743652344 -0.22344970703125 -0.39385986328125
-0.0174407958984375 -0.132789611816406 -0.142120361328125 -0.422607421875
-0.0126495361328125 -0.1722412109375 -0.0518798828125 -0.37384033203125
0.0536956787109375 -0.252059936523437 0.02728271484375 -0.32928466796875
0.2816162109375 -0.228912353515625 0.141204833984375 -0.237350463867187
0.478668212890625 -0.08587646484375 0.0653533935546875 -0.0926284790039063
0.44976806640625 0.142333984375 -0.416290283203125 -0.1483154296875
0.540496826171875 0.246612548828125 -0.224761962890625 -0.101806640625
0.55462646484375 0.129669189453125 -0.64581298828125 -0.404052734375
0.550811767578125 -0.019989013671875 -0.63330078125 0.11090087890625
0.3828125 -0.226837158203125 -0.193435668945312 0.230178833007812
0.204818725585938 -0.258758544921875 0.0633087158203125 0.00182342529296873
0.0523529052734375 -0.279220581054688 -0.012481689453125 -0.233963012695313
-0.0288543701171875 -0.280838012695313 -0.157623291015625 -0.301361083984375
-0.01910400390625 -0.272750854492188 -0.212661743164063 -0.263595581054688
-0.0484619140625 -0.2974853515625 -0.206939697265625 -0.32061767578125
-0.01123046875 -0.2945556640625 -0.132232666015625 -0.36700439453125
0.084320068359375 -0.318145751953125 -0.01641845703125 -0.33441162109375
0.19146728515625 -0.334136962890625 0.075439453125 -0.31158447265625
0.41192626953125 -0.20550537109375 0.199951171875 -0.219223022460937
0.57806396484375 -0.0906982421875 0.157699584960938 -0.0959320068359375
0.57513427734375 0.102294921875 -0.276138305664063 -0.086181640625
0.63568115234375 0.08935546875 -0.0626716613769531 -0.0102195739746094
0.572509765625 -0.0020751953125 -0.55877685546875 -0.33489990234375
0.56683349609375 -0.07861328125 -0.6318359375 0.2027587890625
0.450164794921875 -0.2789306640625 -0.196624755859375 0.3505859375
0.283782958984375 -0.354248046875 0.0686798095703125 0.114295959472656
0.061370849609375 -0.430145263671875 0.00294494628906251 -0.122528076171875
-0.070831298828125 -0.4034423828125 -0.127212524414062 -0.177841186523438
-0.04913330078125 -0.37481689453125 -0.178604125976563 -0.138839721679688
-0.0743408203125 -0.412811279296875 -0.16387939453125 -0.2030029296875
0.00665283203125004 -0.409454345703125 -0.105392456054688 -0.266754150390625
0.179290771484375 -0.41534423828125 0.0240478515625 -0.261749267578125
0.3172607421875 -0.36407470703125 0.132095336914063 -0.272018432617188
0.507476806640625 -0.136444091796875 0.284027099609375 -0.19049072265625
0.60504150390625 -0.05560302734375 0.296478271484375 -0.076141357421875
0.614013671875 0.064453125 -0.0917816162109375 -0.00718688964843751
0.614501953125 -0.0789794921875 0.122772216796875 0.055328369140625
0.48175048828125 -0.12811279296875 -0.43658447265625 -0.237548828125
0.470245361328125 -0.1114501953125 -0.552337646484375 0.291351318359375
0.42608642578125 -0.2752685546875 -0.150604248046875 0.441986083984375
0.30438232421875 -0.387664794921875 0.0811920166015625 0.223785400390625
0.0509643554687501 -0.51092529296875 0.03253173828125 0.0237255096435547
-0.10498046875 -0.4620361328125 -0.065185546875 -0.0162010192871094
-0.07220458984375 -0.41943359375 -0.115997314453125 0.00814819335937499
-0.087249755859375 -0.46466064453125 -0.10211181640625 -0.0587005615234375
0.030242919921875 -0.45703125 -0.069793701171875 -0.135391235351563
0.251678466796875 -0.4361572265625 0.0602569580078125 -0.159698486328125
0.3997802734375 -0.321197509765625 0.183456420898438 -0.2017822265625
0.5166015625 -0.02880859375 0.37109375 -0.136260986328125
0.53765869140625 -0.001739501953125 0.448944091796875 -0.016510009765625
0.56134033203125 0.0115966796875 0.103607177734375 0.0877761840820313
0.46917724609375 -0.210784912109375 0.29742431640625 0.091339111328125
0.29290771484375 -0.174407958984375 -0.292266845703125 -0.134765625
0.307342529296875 -0.06707763671875 -0.41571044921875 0.339569091796875
0.35528564453125 -0.19830322265625 -0.07623291015625 0.471710205078125
0.2823486328125 -0.3492431640625 0.09075927734375 0.30181884765625
0.03167724609375 -0.498748779296875 0.0687255859375 0.171066284179687
-0.1219482421875 -0.44122314453125 0.0157928466796875 0.149856567382812
-0.08514404296875 -0.399749755859375 -0.0347442626953125 0.15472412109375
-0.08892822265625 -0.4478759765625 -0.0365066528320313 0.0877761840820312
0.0479736328125 -0.433349609375 -0.0377235412597656 0.00188446044921872
0.2855224609375 -0.37835693359375 0.0757064819335938 -0.0468673706054688
0.406097412109375 -0.20709228515625 0.208770751953125 -0.111343383789063
0.41278076171875 0.085296630859375 0.434356689453125 -0.05780029296875
0.37127685546875 0.025848388671875 0.57794189453125 0.0804443359375
0.42987060546875 -0.064788818359375 0.275802612304687 0.188064575195312
0.22723388671875 -0.28125 0.42913818359375 0.101531982421875
0.0667572021484375 -0.127784729003906 -0.152236938476563 -0.045562744140625
0.140945434570313 0.041595458984375 -0.274444580078125 0.3382568359375
0.272933959960938 -0.0767059326171875 -0.01806640625 0.446746826171875
0.235198974609375 -0.25543212890625 0.084564208984375 0.343231201171875
0.015777587890625 -0.404693603515625 0.105072021484375 0.29266357421875
-0.11529541015625 -0.348175048828125 0.103424072265625 0.289093017578125
-0.08624267578125 -0.319976806640625 0.052215576171875 0.272674560546875
-0.08416748046875 -0.36968994140625 0.025299072265625 0.212539672851562
0.05224609375 -0.359222412109375 -0.0149688720703125 0.124412536621094
0.266510009765625 -0.272003173828125 0.0625648498535156 0.051422119140625
0.329376220703125 -0.068115234375 0.198974609375 -0.0318145751953125
0.214569091796875 0.151092529296875 0.463653564453125 0.019622802734375
0.139434814453125 -0.00565338134765625 0.66064453125 0.19781494140625
0.245712280273438 -0.173202514648438 0.39910888671875 0.269775390625
-0.053314208984375 -0.284393310546875 0.49078369140625 0.098663330078125
-0.136299133300781 -0.0296249389648438 -0.0477333068847656 0.0174789428710937
-0.0020599365234375 0.15350341796875 -0.174072265625 0.300872802734375
0.179229736328125 0.0467681884765625 0.00222778320312499 0.399017333984375
0.167739868164063 -0.13140869140625 0.062103271484375 0.36322021484375
0.00863647460937502 -0.251693725585938 0.13330078125 0.377960205078125
-0.0825958251953125 -0.201950073242188 0.1781005859375 0.378814697265625
-0.07183837890625 -0.1942138671875 0.130828857421875 0.34521484375
-0.070343017578125 -0.24505615234375 0.077301025390625 0.30157470703125
0.0433502197265625 -0.244491577148438 -0.000274658203124987 0.21795654296875
0.19964599609375 -0.146728515625 0.0293731689453125 0.115867614746094
0.186874389648437 0.0511322021484375 0.16943359375 0.0077056884765625
-0.0236968994140625 0.137771606445313 0.48138427734375 0.068084716796875
-0.098907470703125 -0.1005859375 0.70233154296875 0.30157470703125
0.0458984375 -0.290191650390625 0.46514892578125 0.305877685546875
0.19189453125 0.35333251953125 -0.440582275390625 -0.2493896484375
0.331024169921875 0.1328125 -0.75238037109375 -0.37200927734375
0.23370361328125 -0.07879638671875 -0.513275146484375 0.0404357910156249
0.0221099853515625 -0.111961364746094 -0.14288330078125 0.0562744140625
-0.0625038146972656 -0.00423812866210938 0.025299072265625 -0.120979309082031
0.0027923583984375 0.09149169921875 -0.04156494140625 -0.285186767578125
0.0536003112792969 0.0482444763183594 -0.164459228515625 -0.370849609375
0.0490951538085938 0.0287017822265625 -0.21148681640625 -0.368377685546875
0.0438652038574219 0.0472602844238281 -0.24053955078125 -0.40301513671875
-0.0146560668945313 0.0540313720703125 -0.163116455078125 -0.425323486328125
-0.103645324707031 -0.000205993652343736 -0.100616455078125 -0.383941650390625
-0.084259033203125 -0.1448974609375 -0.026611328125 -0.346099853515625
0.131484985351563 -0.224761962890625 0.110946655273437 -0.272720336914063
0.3341064453125 -0.065460205078125 0.0312652587890625 -0.081787109375
0.26556396484375 0.167129516601563 -0.5115966796875 -0.16143798828125
0.396697998046875 0.328460693359375 -0.36370849609375 -0.184326171875
0.47393798828125 0.1610107421875 -0.73651123046875 -0.4013671875
0.4332275390625 -0.0390625 -0.581298828125 0.0812377929687499
0.219161987304687 -0.180694580078125 -0.15606689453125 0.131454467773438
0.0688629150390625 -0.139663696289063 0.0520248413085938 -0.0861587524414063
0.0203857421875 -0.0922775268554688 -0.039337158203125 -0.291839599609375
0.00604248046875 -0.119743347167969 -0.189605712890625 -0.360992431640625
0.00732421875000001 -0.131141662597656 -0.239990234375 -0.333953857421875
-0.0162124633789063 -0.136405944824219 -0.25469970703125 -0.38323974609375
-0.0251083374023438 -0.12969970703125 -0.17010498046875 -0.41705322265625
-0.024200439453125 -0.16961669921875 -0.07293701171875 -0.37579345703125
0.0358734130859375 -0.256072998046875 0.00854492187500003 -0.33258056640625
0.269668579101563 -0.250823974609375 0.129714965820313 -0.24908447265625
0.4794921875 -0.120635986328125 0.0581512451171875 -0.100929260253906
0.4654541015625 0.117462158203125 -0.43450927734375 -0.12017822265625
0.560943603515625 0.221527099609375 -0.23468017578125 -0.0931854248046875
0.56610107421875 0.09722900390625 -0.682861328125 -0.3760986328125
0.557098388671875 -0.055816650390625 -0.63433837890625 0.1546630859375
0.369842529296875 -0.2532958984375 -0.17962646484375 0.2442626953125
0.189712524414062 -0.272079467773438 0.0650100708007813 -0.00345230102539064
0.0349578857421875 -0.280670166015625 -0.030120849609375 -0.23846435546875
-0.0475006103515625 -0.279220581054687 -0.1849365234375 -0.293060302734375
-0.034515380859375 -0.272811889648438 -0.234573364257812 -0.248825073242188
-0.068450927734375 -0.29656982421875 -0.234100341796875 -0.30767822265625
-0.028289794921875 -0.2935791015625 -0.15673828125 -0.360137939453125
0.062286376953125 -0.32415771484375 -0.035980224609375 -0.337066650390625
0.16961669921875 -0.34765625 0.05718994140625 -0.316070556640625
0.405242919921875 -0.234130859375 0.188980102539063 -0.234344482421875
0.5777587890625 -0.13006591796875 0.151260375976563 -0.110458374023438
0.59185791015625 0.0703125 -0.2880859375 -0.0662841796875
0.6478271484375 0.05511474609375 -0.0638008117675781 -0.00963211059570313
0.57672119140625 -0.03912353515625 -0.592529296875 -0.30889892578125
0.570556640625 -0.11370849609375 -0.628662109375 0.24835205078125
0.4342041015625 -0.309051513671875 -0.17584228515625 0.36676025390625
0.263824462890625 -0.375457763671875 0.077484130859375 0.108795166015625
0.03173828125 -0.434844970703125 -0.00847625732421875 -0.127372741699219
-0.097930908203125 -0.40203857421875 -0.14654541015625 -0.1688232421875
-0.074127197265625 -0.373382568359375 -0.19219970703125 -0.122817993164063
-0.1044921875 -0.410308837890625 -0.182357788085937 -0.190811157226563
-0.0174560546875 -0.410400390625 -0.12408447265625 -0.258895874023438
0.150634765625 -0.42962646484375 0.00923156738281249 -0.267135620117188
0.294097900390625 -0.387939453125 0.1163330078125 -0.28057861328125
0.506256103515625 -0.1705322265625 0.276260375976563 -0.2109375
0.60919189453125 -0.09515380859375 0.29290771484375 -0.097747802734375
0.630126953125 0.02911376953125 -0.0943832397460937 0.00142669677734376
0.615234375 -0.11602783203125 0.128913879394531 0.04693603515625
0.47698974609375 -0.160003662109375 -0.461151123046875 -0.216796875
0.4700927734375 -0.1422119140625 -0.541015625 0.3321533203125
0.412445068359375 -0.30609130859375 -0.12322998046875 0.4559326171875
0.282470703125 -0.412811279296875 0.09588623046875 0.218826293945313
0.0155029296875 -0.516021728515625 0.028594970703125 0.018838882446289
-0.1378173828125 -0.4588623046875 -0.0732803344726563 -0.01007080078125
-0.10009765625 -0.418304443359375 -0.11895751953125 0.0232009887695313
-0.121917724609375 -0.461700439453125 -0.110298156738281 -0.0490341186523438
-0.000244140625000003 -0.459808349609375 -0.0800857543945313 -0.127349853515625
0.224151611328125 -0.4561767578125 0.05206298828125 -0.165664672851563
0.381195068359375 -0.349090576171875 0.17230224609375 -0.212997436523438
0.522430419921875 -0.0614013671875 0.36737060546875 -0.160186767578125
0.543487548828125 -0.0372314453125 0.452789306640625 -0.04718017578125
0.5718994140625 -0.01861572265625 0.110824584960938 0.0863800048828125
0.458984375 -0.242828369140625 0.309906005859375 0.072479248046875
0.284942626953125 -0.196044921875 -0.30792236328125 -0.1201171875
0.309722900390625 -0.084625244140625 -0.401458740234375 0.37396240234375
0.346435546875 -0.22332763671875 -0.046875 0.48150634765625
0.264373779296875 -0.372314453125 0.10955810546875 0.296875
-0.00421142578125005 -0.504058837890625 0.0751800537109375 0.166275024414062
-0.155914306640625 -0.43817138671875 0.02081298828125 0.153152465820313
-0.11419677734375 -0.397003173828125 -0.0262451171875 0.1644287109375
-0.1253662109375 -0.445068359375 -0.0333404541015625 0.09423828125
0.018585205078125 -0.4390869140625 -0.0385246276855469 0.0100212097167969
0.260406494140625 -0.40130615234375 0.0746841430664063 -0.0522842407226563
0.396087646484375 -0.234619140625 0.203109741210938 -0.123641967773438
0.424468994140625 0.0623779296875 0.43505859375 -0.081207275390625
0.375823974609375 0.00347900390625 0.58892822265625 0.04638671875
0.433349609375 -0.090118408203125 0.292724609375 0.177001953125
0.209381103515625 -0.298675537109375 0.444244384765625 0.07379150390625
0.0595703125 -0.134727478027344 -0.158401489257812 -0.037933349609375
0.147674560546875 0.0361480712890625 -0.257293701171875 0.362213134765625
0.271530151367187 -0.095123291015625 0.00933837890624998 0.451416015625
0.221389770507813 -0.275650024414063 0.1046142578125 0.339691162109375
-0.014556884765625 -0.409271240234375 0.119049072265625 0.288055419921875
-0.14190673828125 -0.344390869140625 0.119415283203125 0.2874755859375
-0.1104736328125 -0.316741943359375 0.069549560546875 0.277023315429688
-0.114471435546875 -0.368194580078125 0.0389556884765625 0.215805053710938
0.0283203125 -0.3643798828125 -0.00782775878906251 0.131637573242187
0.24847412109375 -0.29437255859375 0.0670890808105469 0.0481681823730468
0.328338623046875 -0.088531494140625 0.197265625 -0.042633056640625
0.227325439453125 0.142181396484375 0.467864990234375 -0.00567626953124999
0.138420104980469 -0.0134201049804687 0.67926025390625 0.16192626953125
0.2398681640625 -0.189361572265625 0.424591064453125 0.253082275390625
-0.0751953125 -0.286376953125 0.508880615234375 0.0655517578125
-0.138687133789062 -0.0230178833007813 -0.0466995239257813 0.0181236267089844
0.0098419189453125 0.158111572265625 -0.15838623046875 0.317962646484375
0.18548583984375 0.0350799560546875 0.02630615234375 0.400360107421875
0.160385131835938 -0.146224975585938 0.0821533203125 0.36138916015625
-0.0120849609375 -0.255615234375 0.153472900390625 0.371490478515625
-0.099365234375 -0.199264526367188 0.20355224609375 0.37213134765625
-0.08880615234375 -0.191543579101562 0.15380859375 0.342315673828125
-0.0936126708984375 -0.242843627929687 0.098480224609375 0.30133056640625
0.0252227783203125 -0.250396728515625 0.01318359375 0.224029541015625
0.189834594726563 -0.163909912109375 0.0370864868164063 0.116287231445312
0.193008422851563 0.0393524169921875 0.170852661132812 -0.0010833740234375
-0.0141448974609375 0.1422119140625 0.48858642578125 0.040252685546875
-0.109001159667969 -0.0940322875976563 0.7286376953125 0.26641845703125
0.029144287109375 -0.29638671875 0.4940185546875 0.28546142578125
0.214599609375 0.341888427734375 -0.453338623046875 -0.225799560546875
0.3333740234375 0.105377197265625 -0.7750244140625 -0.321044921875
0.222625732421875 -0.0962677001953125 -0.501708984375 0.0766601562499999
0.0124740600585937 -0.111968994140625 -0.13470458984375 0.0632553100585937
-0.0633354187011719 0.00274276733398438 0.0173568725585937 -0.122917175292969
0.00988769531249999 0.0928115844726563 -0.0623016357421875 -0.278244018554688
0.0590019226074219 0.047027587890625 -0.192108154296875 -0.353851318359375
0.0534896850585938 0.0264434814453125 -0.2352294921875 -0.34906005859375
0.0508575439453125 0.0434494018554688 -0.267730712890625 -0.382049560546875
-0.0082244873046875 0.05657958984375 -0.18890380859375 -0.410308837890625
-0.101905822753906 0.0116729736328125 -0.1248779296875 -0.37176513671875
-0.0947647094726563 -0.134841918945313 -0.047607421875 -0.33746337890625
0.1119384765625 -0.232650756835937 0.092132568359375 -0.278335571289063
0.32550048828125 -0.09271240234375 0.02398681640625 -0.0854568481445313
0.274749755859375 0.147613525390625 -0.521087646484375 -0.12109375
0.413482666015625 0.30316162109375 -0.373382568359375 -0.16339111328125
0.475372314453125 0.126220703125 -0.7607421875 -0.35150146484375
0.42498779296875 -0.069610595703125 -0.56719970703125 0.121826171875
0.200958251953125 -0.193145751953125 -0.142654418945312 0.1385498046875
0.0574874877929687 -0.139350891113281 0.0457992553710938 -0.091217041015625
0.0147628784179688 -0.088531494140625 -0.060699462890625 -0.287139892578125
-0.000801086425781246 -0.115638732910156 -0.2166748046875 -0.34246826171875
0.00113677978515624 -0.128585815429688 -0.2623291015625 -0.30987548828125
-0.0239715576171875 -0.1331787109375 -0.280975341796875 -0.358306884765625
-0.0315628051757813 -0.124496459960938 -0.194732666015625 -0.400360107421875
-0.0370330810546875 -0.161148071289063 -0.097412109375 -0.364593505859375
0.0161590576171875 -0.2530517578125 -0.012237548828125 -0.326812744140625
0.248092651367187 -0.267181396484375 0.11273193359375 -0.255752563476562
0.464569091796875 -0.157135009765625 0.0488662719726563 -0.107002258300781
0.47064208984375 0.08538818359375 -0.44091796875 -0.0839538574218749
0.569091796875 0.18756103515625 -0.240737915039062 -0.080535888671875
0.561798095703125 0.05780029296875 -0.708251953125 -0.330078125
0.547698974609375 -0.091949462890625 -0.61651611328125 0.19744873046875
0.344970703125 -0.274383544921875 -0.15771484375 0.251785278320313
0.168258666992187 -0.278701782226563 0.0655899047851563 -0.0107765197753906
0.014190673828125 -0.273910522460938 -0.050445556640625 -0.23583984375
-0.0654144287109375 -0.269134521484375 -0.207763671875 -0.2745361328125
-0.050994873046875 -0.265594482421875 -0.250656127929688 -0.224441528320312
-0.0880126953125 -0.286773681640625 -0.2557373046875 -0.284332275390625
-0.04620361328125 -0.28485107421875 -0.178802490234375 -0.34246826171875
0.038421630859375 -0.320709228515625 -0.05841064453125 -0.331756591796875
0.142303466796875 -0.353485107421875 0.036773681640625 -0.31396484375
0.38397216796875 -0.259307861328125 0.171646118164063 -0.243881225585938
0.5606689453125 -0.172821044921875 0.139686584472656 -0.121528625488281
0.5926513671875 0.03179931640625 -0.290557861328125 -0.04150390625
0.64202880859375 0.01483154296875 -0.0651817321777343 -0.00762176513671874
0.56494140625 -0.07647705078125 -0.61376953125 -0.27008056640625
0.558990478515625 -0.150665283203125 -0.60345458984375 0.2911376953125
0.404327392578125 -0.33526611328125 -0.145355224609375 0.373321533203125
0.236724853515625 -0.388824462890625 0.0854110717773438 0.099395751953125
0.000610351562499954 -0.42724609375 -0.022918701171875 -0.127975463867188
-0.127105712890625 -0.387115478515625 -0.162353515625 -0.153945922851563
-0.0963134765625 -0.362640380859375 -0.199600219726563 -0.101852416992188
-0.13433837890625 -0.396575927734375 -0.196258544921875 -0.171493530273438
-0.04595947265625 -0.40142822265625 -0.139572143554687 -0.24261474609375
0.117218017578125 -0.4317626953125 -0.00860595703124999 -0.264358520507813
0.26318359375 -0.401702880859375 0.09674072265625 -0.281829833984375
0.490509033203125 -0.202178955078125 0.25836181640625 -0.2261962890625
0.59527587890625 -0.1373291015625 0.2801513671875 -0.118255615234375
0.62762451171875 -0.0103759765625 -0.0947723388671875 0.0127182006835937
0.59832763671875 -0.15313720703125 0.130073547363281 0.0355072021484375
0.459564208984375 -0.189178466796875 -0.47747802734375 -0.185546875
0.45867919921875 -0.170684814453125 -0.51348876953125 0.36859130859375
0.38433837890625 -0.3299560546875 -0.088470458984375 0.458038330078125
0.251922607421875 -0.427215576171875 0.109573364257812 0.206832885742187
-0.021942138671875 -0.506378173828125 0.0238742828369141 0.0137062072753906
-0.171905517578125 -0.443267822265625 -0.0782089233398438 -0.00208282470703127
-0.12750244140625 -0.40380859375 -0.116378784179688 0.0378875732421875
-0.15631103515625 -0.445953369140625 -0.114341735839844 -0.0366516113281251
-0.02972412109375 -0.450897216796875 -0.0870437622070313 -0.114875793457031
0.18658447265625 -0.46417236328125 0.0407867431640625 -0.167037963867188
0.3514404296875 -0.370513916015625 0.156143188476563 -0.218978881835938
0.514739990234375 -0.09326171875 0.351593017578125 -0.182220458984375
0.533203125 -0.0750732421875 0.44171142578125 -0.076690673828125
0.5660400390625 -0.0540771484375 0.115509033203125 0.0818557739257813
0.434906005859375 -0.26898193359375 0.313385009765625 0.04876708984375
0.26617431640625 -0.21270751953125 -0.31646728515625 -0.0986328125
0.30242919921875 -0.1026611328125 -0.3729248046875 0.4012451171875
0.327362060546875 -0.243804931640625 -0.0122680664062499 0.47796630859375
0.2357177734375 -0.3873291015625 0.127716064453125 0.28326416015625
-0.041473388671875 -0.494781494140625 0.079376220703125 0.156661987304687
-0.18707275390625 -0.42071533203125 0.0265960693359375 0.152938842773437
-0.14227294921875 -0.38238525390625 -0.0146484375 0.170196533203125
-0.158111572265625 -0.427703857421875 -0.0272674560546875 0.098876953125
-0.011322021484375 -0.431884765625 -0.03704833984375 0.0179252624511718
0.22515869140625 -0.413299560546875 0.0701026916503906 -0.0565338134765625
0.37347412109375 -0.25726318359375 0.192474365234375 -0.132888793945313
0.42572021484375 0.034423828125 0.42401123046875 -0.109405517578125
0.37017822265625 -0.021270751953125 0.5859375 0.007568359375
0.424102783203125 -0.11773681640625 0.30279541015625 0.160064697265625
0.183197021484375 -0.309295654296875 0.4482421875 0.040313720703125
0.0488204956054687 -0.138046264648438 -0.160842895507813 -0.0280609130859375
0.151535034179688 0.0287628173828125 -0.23052978515625 0.3785400390625
0.262619018554688 -0.113235473632813 0.041168212890625 0.44293212890625
0.199676513671875 -0.2899169921875 0.12469482421875 0.327178955078125
-0.045989990234375 -0.40203857421875 0.132598876953125 0.274627685546875
-0.16754150390625 -0.329193115234375 0.135467529296875 0.278549194335938
-0.13323974609375 -0.303436279296875 0.0879974365234375 0.2730712890625
-0.145111083984375 -0.35302734375 0.05328369140625 0.213104248046875
0.00170898437499999 -0.36004638671875 0.00167846679687501 0.13494873046875
0.220947265625 -0.30810546875 0.068939208984375 0.0432052612304687
0.31683349609375 -0.1094970703125 0.19195556640625 -0.0531463623046875
0.235763549804688 0.127029418945313 0.4620361328125 -0.03570556640625
0.1339111328125 -0.02166748046875 0.681396484375 0.117431640625
0.225341796875 -0.20330810546875 0.438323974609375 0.225341796875
-0.0970001220703125 -0.277816772460938 0.511962890625 0.027191162109375
-0.1392822265625 -0.0147476196289063 -0.0447196960449219 0.0194473266601563
0.0228729248046875 0.158737182617188 -0.134429931640625 0.32757568359375
0.18707275390625 0.0212860107421875 0.053497314453125 0.392578125
0.148101806640625 -0.1588134765625 0.102783203125 0.351470947265625
-0.0332489013671875 -0.251266479492188 0.171600341796875 0.357025146484375
-0.114501953125 -0.1898193359375 0.225677490234375 0.35577392578125
-0.10400390625 -0.181655883789062 0.1768798828125 0.330047607421875
-0.11468505859375 -0.23126220703125 0.118896484375 0.291412353515625
0.0048370361328125 -0.250091552734375 0.028656005859375 0.223968505859375
0.173629760742188 -0.177581787109375 0.0439376831054688 0.113349914550781
0.193344116210938 0.0257568359375 0.167938232421875 -0.0101470947265625
-0.003814697265625 0.143234252929688 0.484619140625 0.010101318359375
-0.116043090820312 -0.0843963623046875 0.73919677734375 0.22015380859375
0.00936889648437501 -0.294830322265625 0.509124755859375 0.252471923828125
0.227142333984375 0.327239990234375 -0.455352783203125 -0.202789306640625
0.325225830078125 0.083526611328125 -0.77484130859375 -0.2769775390625
0.208633422851563 -0.106338500976562 -0.479644775390625 0.098236083984375
0.00430297851562499 -0.108917236328125 -0.126022338867187 0.0658416748046875
-0.0628166198730469 0.00910568237304689 0.0110549926757812 -0.122161865234375
0.0152435302734375 0.0928955078125 -0.075103759765625 -0.26617431640625
0.062591552734375 0.0445480346679688 -0.20660400390625 -0.331512451171875
0.0565185546875 0.0236930847167969 -0.249420166015625 -0.325286865234375
0.0547065734863281 0.0386161804199219 -0.280059814453125 -0.354644775390625
-0.00275039672851562 0.0570526123046875 -0.2030029296875 -0.38720703125
-0.0971145629882813 0.0217819213867188 -0.138275146484375 -0.352142333984375
-0.100379943847656 -0.123680114746094 -0.060791015625 -0.323486328125
0.094635009765625 -0.232803344726562 0.0757293701171875 -0.276473999023438
0.31085205078125 -0.110809326171875 0.016937255859375 -0.0858688354492188
0.275146484375 0.1312255859375 -0.513824462890625 -0.0853271484374999
0.416748046875 0.28009033203125 -0.3746337890625 -0.144439697265625
0.46429443359375 0.09918212890625 -0.76220703125 -0.30615234375
0.406494140625 -0.0888671875 -0.540771484375 0.1466064453125
0.181808471679688 -0.195999145507812 -0.129035949707031 0.138679504394531
0.0478363037109375 -0.134178161621094 0.0415725708007813 -0.0932235717773438
0.01055908203125 -0.08172607421875 -0.077789306640625 -0.275924682617188
-0.004364013671875 -0.109176635742187 -0.23260498046875 -0.3182373046875
-0.00242614746093751 -0.124259948730469 -0.272613525390625 -0.285614013671875
-0.0282974243164062 -0.127334594726563 -0.29339599609375 -0.330291748046875
-0.0345535278320313 -0.116584777832031 -0.20947265625 -0.3770751953125
-0.0439453125 -0.150390625 -0.111572265625 -0.349273681640625
0.00128173828125002 -0.242630004882812 -0.0260009765625 -0.314239501953125
0.227081298828125 -0.271896362304688 0.0965728759765625 -0.255355834960938
0.442901611328125 -0.180267333984375 0.0385665893554688 -0.107681274414063
0.46307373046875 0.061859130859375 -0.433990478515625 -0.0547485351562499
0.56085205078125 0.1597900390625 -0.241180419921875 -0.0697937011718749
0.54571533203125 0.02996826171875 -0.7119140625 -0.28863525390625
0.5272216796875 -0.116943359375 -0.58721923828125 0.22479248046875
0.3182373046875 -0.282562255859375 -0.138580322265625 0.250289916992188
0.148910522460938 -0.277023315429688 0.06414794921875 -0.0174484252929688
0.000610351562500007 -0.261642456054688 -0.0651702880859375 -0.228668212890625
-0.0760040283203125 -0.25537109375 -0.221755981445312 -0.252777099609375
-0.0602874755859375 -0.25433349609375 -0.256317138671875 -0.199478149414063
-0.100662231445313 -0.271896362304688 -0.267059326171875 -0.25958251953125
-0.05718994140625 -0.270751953125 -0.191864013671875 -0.3211669921875
0.019439697265625 -0.30950927734375 -0.072998046875 -0.31781005859375
0.1177978515625 -0.347198486328125 0.022247314453125 -0.304779052734375
0.360748291015625 -0.27130126953125 0.154434204101563 -0.246292114257813
0.535430908203125 -0.197906494140625 0.126335144042969 -0.127006530761719
0.5787353515625 0.00457763671875 -0.285064697265625 -0.0208740234375
0.623046875 -0.01226806640625 -0.0666275024414062 -0.00571060180664064
0.54119873046875 -0.100189208984375 -0.6158447265625 -0.2330322265625
0.536346435546875 -0.173583984375 -0.57000732421875 0.3143310546875
0.375 -0.343902587890625 -0.1209716796875 0.367828369140625
0.2093505859375 -0.38916015625 0.089019775390625 0.0885391235351562
-0.02166748046875 -0.409393310546875 -0.0346145629882812 -0.125167846679688
-0.143829345703125 -0.36785888671875 -0.171234130859375 -0.137496948242188
-0.111114501953125 -0.34539794921875 -0.199356079101563 -0.082611083984375
-0.15240478515625 -0.375518798828125 -0.2017822265625 -0.151565551757813
-0.0623779296875 -0.3834228515625 -0.1474609375 -0.224945068359375
0.090179443359375 -0.423065185546875 -0.0214996337890625 -0.255462646484375
0.234222412109375 -0.402557373046875 0.08154296875 -0.27606201171875
0.468841552734375 -0.220947265625 0.23992919921875 -0.232620239257813
0.56878662109375 -0.165771484375 0.263778686523438 -0.129776000976563
0.61151123046875 -0.03857421875 -0.0917816162109375 0.0220718383789063
0.5728759765625 -0.17529296875 0.127861022949219 0.0268478393554687
0.434051513671875 -0.205657958984375 -0.478485107421875 -0.15777587890625
0.43963623046875 -0.187957763671875 -0.4801025390625 0.3873291015625
0.354644775390625 -0.33917236328125 -0.06024169921875 0.44818115234375
0.22381591796875 -0.429168701171875 0.116989135742188 0.191360473632812
-0.0494384765625 -0.48663330078125 0.0168933868408203 0.0100336074829101
-0.191131591796875 -0.418701171875 -0.0819854736328125 0.00572967529296872
-0.145050048828125 -0.384521484375 -0.110023498535156 0.0484237670898437
-0.178070068359375 -0.42083740234375 -0.114761352539063 -0.0252609252929688
-0.052154541015625 -0.432861328125 -0.0899276733398438 -0.102874755859375
0.15435791015625 -0.458343505859375 0.0305328369140625 -0.163314819335938
0.320831298828125 -0.374481201171875 0.14251708984375 -0.218032836914063
0.498504638671875 -0.11541748046875 0.333770751953125 -0.1949462890625
0.5130615234375 -0.098785400390625 0.42315673828125 -0.0985107421875
0.5506591796875 -0.07977294921875 0.116844177246094 0.0791702270507813
0.405975341796875 -0.281524658203125 0.308441162109375 0.03009033203125
0.245712280273438 -0.219390869140625 -0.31597900390625 -0.08135986328125
0.292327880859375 -0.11376953125 -0.3408203125 0.410125732421875
0.3046875 -0.253143310546875 0.014068603515625 0.463653564453125
0.20916748046875 -0.39013671875 0.137710571289063 0.265457153320312
-0.06805419921875 -0.4752197265625 0.0788726806640625 0.1466064453125
-0.20751953125 -0.3984375 0.030029296875 0.150527954101562
-0.157684326171875 -0.363128662109375 -0.0037841796875 0.171478271484375
-0.1800537109375 -0.40472412109375 -0.0217056274414063 0.100395202636719
-0.033660888671875 -0.416412353515625 -0.0343666076660156 0.0232887268066406
0.193817138671875 -0.4117431640625 0.0647239685058594 -0.0578727722167969
0.348541259765625 -0.267730712890625 0.181045532226563 -0.13616943359375
0.41766357421875 0.01416015625 0.4068603515625 -0.126617431640625
0.356231689453125 -0.039459228515625 0.56854248046875 -0.02069091796875
0.406982421875 -0.1339111328125 0.30181884765625 0.144195556640625
0.15936279296875 -0.307159423828125 0.441131591796875 0.014678955078125
0.0391006469726563 -0.136367797851563 -0.158401489257812 -0.0201873779296875
0.151840209960938 0.0226287841796875 -0.20367431640625 0.382293701171875
0.249786376953125 -0.124038696289063 0.063934326171875 0.425750732421875
0.17919921875 -0.29461669921875 0.136077880859375 0.308685302734375
-0.068603515625 -0.38629150390625 0.1370849609375 0.259552001953125
-0.183441162109375 -0.311004638671875 0.143310546875 0.266616821289062
-0.14691162109375 -0.286224365234375 0.101593017578125 0.263778686523437
-0.16375732421875 -0.330413818359375 0.062530517578125 0.206008911132812
-0.019134521484375 -0.348419189453125 0.00933074951171874 0.134605407714844
0.19580078125 -0.3106689453125 0.0690345764160156 0.0399665832519531
0.3028564453125 -0.12164306640625 0.1837158203125 -0.0585784912109375
0.2376708984375 0.113571166992188 0.4459228515625 -0.055755615234375
0.126708984375 -0.0266647338867188 0.66912841796875 0.08184814453125
0.20953369140625 -0.208633422851562 0.43804931640625 0.201202392578125
-0.111663818359375 -0.262771606445313 0.503509521484375 -0.00405883789062502
-0.136177062988281 -0.00841522216796875 -0.0423316955566406 0.0198783874511719
0.03338623046875 0.155502319335937 -0.1138916015625 0.326904296875
0.184555053710938 0.0098114013671875 0.072113037109375 0.375030517578125
0.134658813476563 -0.163986206054688 0.1151123046875 0.334136962890625
-0.0484619140625 -0.241317749023438 0.1806640625 0.3375244140625
-0.124298095703125 -0.178131103515625 0.23663330078125 0.336212158203125
-0.112686157226563 -0.16986083984375 0.190032958984375 0.311737060546875
-0.128280639648438 -0.215652465820313 0.13177490234375 0.278060913085938
-0.011627197265625 -0.243682861328125 0.0398712158203125 0.219497680664062
0.156265258789063 -0.183837890625 0.04791259765625 0.109199523925781
0.190353393554688 0.0152435302734375 0.161209106445312 -0.016265869140625
0.00482177734374999 0.141693115234375 0.470611572265625 -0.012420654296875
-0.119529724121094 -0.0753326416015625 0.72943115234375 0.1812744140625
-0.00646972656250003 -0.2880859375 0.507720947265625 0.22320556640625
0.2313232421875 0.318206787109375 -0.452178955078125 -0.188262939453125
0.31439208984375 0.072509765625 -0.76812744140625 -0.2508544921875
0.1966552734375 -0.110443115234375 -0.460693359375 0.109283447265625
-0.00137329101562499 -0.104904174804687 -0.119560241699219 0.0643081665039063
-0.0620155334472656 0.0148200988769531 0.00732421875 -0.121284484863281
0.0186386108398438 0.093780517578125 -0.0815582275390625 -0.256256103515625
0.0657844543457031 0.0436172485351563 -0.212738037109375 -0.314453125
0.0594024658203125 0.0220146179199219 -0.253997802734375 -0.308258056640625
0.0568389892578125 0.0358695983886719 -0.28363037109375 -0.33563232421875
0.00168609619140626 0.0573692321777344 -0.205352783203125 -0.371429443359375
-0.0918960571289063 0.0284881591796875 -0.142120361328125 -0.336456298828125
-0.10205078125 -0.114944458007813 -0.066192626953125 -0.31182861328125
0.082855224609375 -0.230621337890625 0.064971923828125 -0.272323608398438
0.297760009765625 -0.1212158203125 0.0117416381835938 -0.0850372314453125
0.273162841796875 0.121810913085937 -0.503692626953125 -0.06439208984375
0.413909912109375 0.268890380859375 -0.3724365234375 -0.134490966796875
0.44915771484375 0.085845947265625 -0.758544921875 -0.27911376953125
0.3934326171875 -0.098663330078125 -0.52154541015625 0.15631103515625
0.1689453125 -0.195083618164063 -0.121017456054688 0.136383056640625
0.0416488647460938 -0.128318786621094 0.0383529663085937 -0.0952301025390625
0.00911712646484376 -0.0738296508789063 -0.084869384765625 -0.266128540039063
-0.00499725341796874 -0.103317260742188 -0.238800048828125 -0.300811767578125
-0.00286865234375 -0.120216369628906 -0.275009155273438 -0.265655517578125
-0.0297164916992187 -0.122283935546875 -0.29638671875 -0.3087158203125
-0.0340652465820313 -0.109909057617188 -0.213165283203125 -0.3609619140625
-0.045501708984375 -0.14093017578125 -0.11669921875 -0.33404541015625
-0.00515747070312499 -0.235214233398438 -0.03094482421875 -0.30364990234375
0.211959838867188 -0.271713256835938 0.0860595703125 -0.251785278320313
0.424285888671875 -0.192230224609375 0.03155517578125 -0.106880187988281
0.453857421875 0.049896240234375 -0.42523193359375 -0.0364379882812499
0.551483154296875 0.1468505859375 -0.2398681640625 -0.063323974609375
0.52716064453125 0.016143798828125 -0.70794677734375 -0.2628173828125
0.5118408203125 -0.127655029296875 -0.56396484375 0.2354736328125
0.299224853515625 -0.28253173828125 -0.126220703125 0.244735717773437
0.136795043945313 -0.270828247070313 0.0627593994140625 -0.0225868225097656
-0.00556945800781251 -0.248870849609375 -0.0747528076171875 -0.220840454101563
-0.0804290771484375 -0.243087768554688 -0.228134155273437 -0.2359619140625
-0.0642242431640625 -0.243804931640625 -0.255889892578125 -0.182968139648438
-0.1060791015625 -0.259658813476563 -0.268203735351562 -0.239242553710938
-0.061309814453125 -0.259353637695313 -0.19488525390625 -0.30438232421875
0.010345458984375 -0.297149658203125 -0.077850341796875 -0.3052978515625
0.104736328125 -0.33966064453125 0.01593017578125 -0.294708251953125
0.345245361328125 -0.27313232421875 0.143661499023438 -0.244903564453125
0.514129638671875 -0.211395263671875 0.115913391113281 -0.127700805664063
0.56683349609375 -0.00933837890625 -0.278472900390625 -0.00701904296875002
0.6077880859375 -0.02239990234375 -0.0670928955078125 -0.00458145141601564
0.521392822265625 -0.109130859375 -0.61309814453125 -0.20977783203125
0.520477294921875 -0.1842041015625 -0.54766845703125 0.32275390625
0.353179931640625 -0.344757080078125 -0.10552978515625 0.3597412109375
0.194091796875 -0.382476806640625 0.0899276733398438 0.0789031982421875
-0.03265380859375 -0.3929443359375 -0.04315185546875 -0.12274169921875
-0.151397705078125 -0.35009765625 -0.175399780273438 -0.12548828125
-0.116851806640625 -0.33172607421875 -0.196044921875 -0.06915283203125
-0.16064453125 -0.3580322265625 -0.2020263671875 -0.13739013671875
-0.07049560546875 -0.368133544921875 -0.1483154296875 -0.211196899414063
0.074462890625 -0.410430908203125 -0.0271759033203125 -0.245498657226563
0.215240478515625 -0.396026611328125 0.074615478515625 -0.269027709960937
0.45281982421875 -0.227508544921875 0.227066040039063 -0.233428955078125
0.548858642578125 -0.1787109375 0.250274658203125 -0.13427734375
0.59710693359375 -0.0518798828125 -0.0881576538085937 0.029052734375
0.55322265625 -0.18145751953125 0.12506103515625 0.0225448608398437
0.415130615234375 -0.209625244140625 -0.47442626953125 -0.138092041015625
0.42620849609375 -0.195220947265625 -0.456512451171875 0.391326904296875
0.336151123046875 -0.339019775390625 -0.043426513671875 0.434722900390625
0.207122802734375 -0.424652099609375 0.11956787109375 0.178466796875
-0.0631103515625 -0.4683837890625 0.0100317001342773 0.00730419158935544
-0.20220947265625 -0.399627685546875 -0.0838546752929688 0.0120773315429687
-0.151519775390625 -0.36834716796875 -0.104782104492188 0.056060791015625
-0.1888427734375 -0.399932861328125 -0.113311767578125 -0.0168075561523438
-0.061676025390625 -0.41656494140625 -0.089141845703125 -0.0940017700195313
0.134979248046875 -0.447845458984375 0.0257720947265625 -0.157989501953125
0.301055908203125 -0.371734619140625 0.135269165039063 -0.214263916015625
0.485137939453125 -0.125640869140625 0.31829833984375 -0.198272705078125
0.496337890625 -0.111907958984375 0.408843994140625 -0.10638427734375
0.536041259765625 -0.08905029296875 0.1165771484375 0.0795745849609375
0.38763427734375 -0.281097412109375 0.3028564453125 0.019989013671875
0.231460571289063 -0.218490600585938 -0.3126220703125 -0.0703430175781249
0.28533935546875 -0.1170654296875 -0.318572998046875 0.40997314453125
0.290191650390625 -0.254730224609375 0.027740478515625 0.447601318359375
0.194091796875 -0.388214111328125 0.14044189453125 0.250625610351563
-0.0818786621093751 -0.458038330078125 0.074249267578125 0.138465881347656
-0.218048095703125 -0.37969970703125 0.0308837890625 0.148910522460937
-0.163970947265625 -0.347442626953125 0.00340270996093749 0.1715087890625
-0.19110107421875 -0.384521484375 -0.0185470581054688 0.101417541503906
-0.045867919921875 -0.4024658203125 -0.0314807891845703 0.0274085998535156
0.174560546875 -0.405548095703125 0.0615310668945313 -0.0564994812011719
0.333282470703125 -0.269134521484375 0.174468994140625 -0.135726928710938
0.409637451171875 0.00372314453125 0.391265869140625 -0.1331787109375
0.343780517578125 -0.0467529296875 0.551727294921875 -0.035125732421875
0.394195556640625 -0.138885498046875 0.299652099609375 0.13763427734375
0.14508056640625 -0.30120849609375 0.4334716796875 -0.000518798828125018
0.0332183837890625 -0.133384704589844 -0.155654907226563 -0.0159759521484375
0.152755737304687 0.019256591796875 -0.187164306640625 0.3804931640625
0.241134643554688 -0.127685546875 0.075164794921875 0.41082763671875
0.166656494140625 -0.29364013671875 0.139007568359375 0.293609619140625
-0.07989501953125 -0.3726806640625 0.13458251953125 0.247512817382813
-0.191650390625 -0.296142578125 0.146469116210938 0.257247924804688
-0.15289306640625 -0.27349853515625 0.108322143554688 0.256942749023438
-0.172637939453125 -0.313140869140625 0.0676422119140625 0.200103759765625
-0.030914306640625 -0.338287353515625 0.0134735107421875 0.133720397949219
0.178131103515625 -0.30828857421875 0.0675621032714844 0.0384674072265625
0.292449951171875 -0.125091552734375 0.177963256835938 -0.059722900390625
0.236526489257813 0.10699462890625 0.43084716796875 -0.06427001953125
0.120216369628906 -0.028411865234375 0.65313720703125 0.06427001953125
0.198013305664062 -0.207672119140625 0.433319091796875 0.18780517578125
-0.117813110351563 -0.250930786132813 0.495269775390625 -0.021820068359375
-0.133979797363281 -0.00547027587890626 -0.0394134521484375 0.0185775756835937
0.04107666015625 0.152145385742188 -0.099822998046875 0.322906494140625
0.18243408203125 0.00250244140625 0.0797119140625 0.360137939453125
0.125442504882813 -0.166091918945312 0.118988037109375 0.3204345703125
-0.056243896484375 -0.233535766601563 0.180633544921875 0.322235107421875
-0.1302490234375 -0.168991088867187 0.239105224609375 0.321990966796875
-0.11639404296875 -0.1607666015625 0.195220947265625 0.30078125
-0.135177612304687 -0.2030029296875 0.137786865234375 0.267257690429688
-0.0214996337890625 -0.237335205078125 0.0465850830078125 0.214813232421875
0.143890380859375 -0.184661865234375 0.0489501953125 0.107406616210938
0.187210083007813 0.0092620849609375 0.156570434570313 -0.0182342529296875
0.0103302001953125 0.140144348144531 0.45611572265625 -0.021942138671875
-0.119804382324219 -0.0689468383789063 0.71722412109375 0.1595458984375
-0.0148468017578125 -0.281082153320313 0.501556396484375 0.207855224609375
0.237945556640625 0.319580078125 -0.455780029296875 -0.186187744140625
0.3089599609375 0.06890869140625 -0.77203369140625 -0.23870849609375
0.190750122070313 -0.112716674804688 -0.452423095703125 0.113372802734375
-0.00482940673828125 -0.103507995605469 -0.116165161132812 0.0626678466796875
-0.0624008178710938 0.0198020935058594 0.00584411621093749 -0.12255859375
0.0226593017578125 0.0977096557617188 -0.08575439453125 -0.25177001953125
0.0700874328613281 0.0432052612304688 -0.21826171875 -0.307586669921875
0.0622291564941406 0.0210380554199219 -0.259429931640625 -0.301177978515625
0.0598793029785156 0.0345878601074219 -0.287139892578125 -0.327911376953125
0.00550079345703126 0.0594902038574219 -0.207427978515625 -0.3670654296875
-0.08843994140625 0.0335769653320313 -0.14208984375 -0.329498291015625
-0.103179931640625 -0.111564636230469 -0.067413330078125 -0.3074951171875
0.0764312744140625 -0.232696533203125 0.059417724609375 -0.272598266601563
0.2921142578125 -0.12896728515625 0.00796508789062502 -0.0852432250976563
0.27447509765625 0.11962890625 -0.501983642578125 -0.053497314453125
0.4169921875 0.26837158203125 -0.37506103515625 -0.131591796875
0.44384765625 0.081695556640625 -0.7635498046875 -0.2691650390625
0.38671875 -0.1033935546875 -0.513092041015625 0.16278076171875
0.162246704101563 -0.194808959960938 -0.117149353027344 0.133468627929688
0.0392990112304688 -0.123947143554688 0.0372695922851562 -0.09832763671875
0.0108757019042969 -0.0680580139160156 -0.0907135009765625 -0.2630615234375
-0.0037689208984375 -0.100173950195313 -0.2459716796875 -0.292266845703125
-0.001983642578125 -0.118911743164063 -0.279754638671875 -0.256317138671875
-0.0294570922851562 -0.120193481445313 -0.30023193359375 -0.2994384765625
-0.032745361328125 -0.106857299804688 -0.216094970703125 -0.353607177734375
-0.0451812744140625 -0.135459899902344 -0.11798095703125 -0.328582763671875
-0.00892639160156248 -0.231399536132813 -0.03204345703125 -0.30047607421875
0.206146240234375 -0.274261474609375 0.0812835693359375 -0.2520751953125
0.416534423828125 -0.200714111328125 0.0263748168945313 -0.106781005859375
0.45330810546875 0.0460205078125 -0.4229736328125 -0.0254821777343749
0.551116943359375 0.14666748046875 -0.242294311523437 -0.0598907470703125
0.52105712890625 0.014373779296875 -0.71246337890625 -0.25189208984375
0.50701904296875 -0.134429931640625 -0.5552978515625 0.239532470703125
0.291534423828125 -0.282440185546875 -0.120651245117187 0.24212646484375
0.132781982421875 -0.2681884765625 0.0627975463867188 -0.0271759033203125
-0.00811767578125002 -0.241531372070313 -0.08233642578125 -0.218063354492188
-0.083465576171875 -0.237136840820313 -0.235000610351562 -0.227493286132813
-0.0650482177734375 -0.241958618164063 -0.258132934570313 -0.172607421875
-0.108901977539063 -0.254409790039063 -0.270339965820313 -0.229248046875
-0.0620269775390625 -0.255126953125 -0.1959228515625 -0.298187255859375
0.00692749023437498 -0.292510986328125 -0.07916259765625 -0.30059814453125
0.099761962890625 -0.335784912109375 0.014892578125 -0.292816162109375
0.34063720703125 -0.277679443359375 0.137710571289063 -0.245040893554688
0.5067138671875 -0.220184326171875 0.109634399414063 -0.129035949707031
0.56640625 -0.01336669921875 -0.276992797851562 0.00160217285156251
0.6036376953125 -0.0235595703125 -0.0681533813476562 -0.003021240234375
0.513702392578125 -0.109832763671875 -0.61737060546875 -0.200439453125
0.51568603515625 -0.189453125 -0.5391845703125 0.328643798828125
0.34478759765625 -0.34576416015625 -0.098114013671875 0.35546875
0.187347412109375 -0.381866455078125 0.0898971557617188 0.0725479125976562
-0.037078857421875 -0.38543701171875 -0.0517044067382812 -0.122337341308594
-0.15704345703125 -0.34271240234375 -0.181427001953125 -0.117919921875
-0.120269775390625 -0.32745361328125 -0.195236206054688 -0.061309814453125
-0.166473388671875 -0.3505859375 -0.2037353515625 -0.128662109375
-0.074127197265625 -0.36260986328125 -0.150314331054687 -0.204971313476563
0.067535400390625 -0.405303955078125 -0.0286712646484375 -0.241973876953125
0.209503173828125 -0.395416259765625 0.0731964111328125 -0.267532348632813
0.44970703125 -0.23272705078125 0.222488403320313 -0.235397338867188
0.540863037109375 -0.187530517578125 0.24371337890625 -0.1373291015625
0.59552001953125 -0.0557861328125 -0.0862884521484375 0.0355606079101562
0.5474853515625 -0.1827392578125 0.125083923339844 0.0208587646484375
0.405792236328125 -0.209625244140625 -0.478851318359375 -0.133087158203125
0.424102783203125 -0.19976806640625 -0.44708251953125 0.396820068359375
0.328399658203125 -0.339996337890625 -0.036834716796875 0.430419921875
0.201324462890625 -0.42498779296875 0.120529174804688 0.171310424804687
-0.069183349609375 -0.46038818359375 0.00281667709350586 0.00608539581298825
-0.208953857421875 -0.391845703125 -0.0868759155273438 0.0174407958984375
-0.156494140625 -0.363189697265625 -0.100982666015625 0.06146240234375
-0.1949462890625 -0.390472412109375 -0.113311767578125 -0.0107421875
-0.0673828125 -0.411407470703125 -0.088836669921875 -0.0889053344726563
0.125823974609375 -0.44403076171875 0.0244903564453125 -0.15509033203125
0.29583740234375 -0.37286376953125 0.133407592773438 -0.213516235351563
0.4849853515625 -0.131134033203125 0.3128662109375 -0.200714111328125
0.490264892578125 -0.118499755859375 0.401397705078125 -0.110595703125
0.533233642578125 -0.09326171875 0.118736267089844 0.0828323364257813
0.381591796875 -0.2813720703125 0.30364990234375 0.01397705078125
0.226043701171875 -0.218231201171875 -0.313934326171875 -0.066253662109375
0.2864990234375 -0.12030029296875 -0.311981201171875 0.414947509765625
0.285308837890625 -0.25653076171875 0.03497314453125 0.4410400390625
0.188507080078125 -0.3907470703125 0.140945434570313 0.242355346679687
-0.08941650390625 -0.451873779296875 0.068634033203125 0.135787963867187
-0.22540283203125 -0.371917724609375 0.030853271484375 0.150650024414062
-0.16998291015625 -0.34326171875 0.00856018066406251 0.173934936523438
-0.199066162109375 -0.373382568359375 -0.0171356201171875 0.104415893554687
-0.052642822265625 -0.3973388671875 -0.0300502777099609 0.0308437347412109
0.167205810546875 -0.40380859375 0.0610008239746094 -0.0548973083496094
0.328704833984375 -0.27001953125 0.173126220703125 -0.135406494140625
0.411163330078125 -0.0009765625 0.387115478515625 -0.13726806640625
0.339019775390625 -0.051025390625 0.548126220703125 -0.03985595703125
0.39117431640625 -0.140472412109375 0.3016357421875 0.138427734375
0.139068603515625 -0.2982177734375 0.43359375 -0.00982666015625002
0.0295181274414062 -0.131988525390625 -0.155715942382813 -0.01544189453125
0.15631103515625 0.0179901123046875 -0.17919921875 0.3828125
0.238983154296875 -0.13092041015625 0.0811767578125 0.403076171875
0.161834716796875 -0.29766845703125 0.139892578125 0.286529541015625
-0.087646484375 -0.367950439453125 0.130783081054687 0.243255615234375
-0.1993408203125 -0.289794921875 0.148406982421875 0.255233764648438
-0.15728759765625 -0.268157958984375 0.114395141601563 0.256301879882813
-0.17999267578125 -0.304168701171875 0.0706787109375 0.200210571289063
-0.03887939453125 -0.334259033203125 0.016143798828125 0.135879516601562
0.17059326171875 -0.308074951171875 0.0680961608886719 0.0393142700195312
0.290283203125 -0.129241943359375 0.177001953125 -0.060760498046875
0.23968505859375 0.104934692382812 0.427215576171875 -0.068389892578125
0.116981506347656 -0.0284957885742188 0.65057373046875 0.05633544921875
0.19403076171875 -0.207931518554687 0.434051513671875 0.18707275390625
-0.122467041015625 -0.2462158203125 0.495086669921875 -0.033294677734375
-0.133934020996094 -0.00505065917968749 -0.0376129150390625 0.01727294921875
0.047637939453125 0.1513671875 -0.094207763671875 0.3240966796875
0.18310546875 -0.0007171630859375 0.084259033203125 0.354522705078125
0.121780395507813 -0.1690673828125 0.1195068359375 0.313995361328125
-0.06329345703125 -0.23101806640625 0.178558349609375 0.31719970703125
-0.135452270507813 -0.165618896484375 0.24267578125 0.314300537109375
-0.12005615234375 -0.156768798828125 0.2008056640625 0.295562744140625
-0.141159057617187 -0.196197509765625 0.14129638671875 0.264328002929687
-0.0289154052734375 -0.236404418945313 0.04974365234375 0.215316772460937
0.137680053710938 -0.188034057617188 0.0510940551757813 0.1080322265625
0.187637329101563 0.0057830810546875 0.154373168945312 -0.0184326171875
0.01416015625 0.140792846679688 0.45208740234375 -0.0272216796875
-0.122344970703125 -0.06488037109375 0.715576171875 0.15374755859375
-0.018890380859375 -0.278778076171875 0.50201416015625 0.205810546875
0.25390625 0.3270263671875 -0.470947265625 -0.181884765625
0.312347412109375 0.065277099609375 -0.79486083984375 -0.22528076171875
0.188720703125 -0.117538452148438 -0.45361328125 0.123077392578125
-0.00946044921875001 -0.104255676269531 -0.116035461425781 0.0627975463867187
-0.0631904602050781 0.0259628295898438 0.00284576416015626 -0.127288818359375
0.0284347534179687 0.103065490722656 -0.0927276611328125 -0.2530517578125
0.0761947631835938 0.04400634765625 -0.23223876953125 -0.30511474609375
0.0670928955078125 0.0202674865722656 -0.27276611328125 -0.297698974609375
0.0655174255371094 0.0330047607421875 -0.300018310546875 -0.324432373046875
0.0106430053710938 0.0622711181640625 -0.217132568359375 -0.368743896484375
-0.0863876342773437 0.0398330688476562 -0.147186279296875 -0.3306884765625
-0.108383178710938 -0.109489440917969 -0.07366943359375 -0.309967041015625
0.0688934326171875 -0.238754272460938 0.0519561767578125 -0.278594970703125
0.290863037109375 -0.140960693359375 0.00361633300781251 -0.08673095703125
0.28363037109375 0.11846923828125 -0.51214599609375 -0.0378723144531249
0.434417724609375 0.2716064453125 -0.387786865234375 -0.12579345703125
0.450408935546875 0.078216552734375 -0.7882080078125 -0.25537109375
0.388885498046875 -0.11297607421875 -0.515045166015625 0.17462158203125
0.157562255859375 -0.1998291015625 -0.113945007324219 0.135810852050781
0.037384033203125 -0.122909545898438 0.0357742309570313 -0.104400634765625
0.0132331848144531 -0.0636215209960937 -0.101303100585937 -0.264617919921875
-0.00248718261718749 -0.0995635986328125 -0.26019287109375 -0.288116455078125
-0.0021514892578125 -0.120414733886719 -0.29180908203125 -0.250579833984375
-0.0303421020507812 -0.12060546875 -0.313629150390625 -0.293975830078125
-0.03265380859375 -0.105613708496094 -0.226470947265625 -0.354400634765625
-0.04705810546875 -0.132591247558594 -0.121917724609375 -0.329864501953125
-0.014801025390625 -0.234024047851562 -0.03668212890625 -0.30438232421875
0.201446533203125 -0.2841796875 0.074127197265625 -0.258071899414063
0.413848876953125 -0.215118408203125 0.0207138061523438 -0.109107971191406
0.465667724609375 0.038848876953125 -0.430450439453125 -0.01385498046875
0.5667724609375 0.143798828125 -0.249282836914063 -0.05535888671875
0.52813720703125 0.0089111328125 -0.7349853515625 -0.2398681640625
0.5130615234375 -0.145965576171875 -0.557891845703125 0.255035400390625
0.286895751953125 -0.291717529296875 -0.116180419921875 0.246505737304687
0.130081176757813 -0.273330688476563 0.0631942749023438 -0.034088134765625
-0.0106353759765625 -0.239456176757812 -0.093505859375 -0.220657348632813
-0.087677001953125 -0.235488891601563 -0.248687744140625 -0.222030639648438
-0.0706634521484375 -0.243743896484375 -0.266265869140625 -0.164749145507813
-0.115341186523437 -0.253341674804688 -0.28125 -0.222320556640625
-0.0664215087890625 -0.254959106445312 -0.205291748046875 -0.296630859375
0.00128173828124998 -0.294525146484375 -0.084320068359375 -0.302459716796875
0.094818115234375 -0.342987060546875 0.011322021484375 -0.297637939453125
0.3409423828125 -0.291717529296875 0.133224487304688 -0.253311157226562
0.505401611328125 -0.2376708984375 0.104721069335938 -0.133201599121094
0.580078125 -0.024169921875 -0.280502319335938 0.0125885009765625
0.616455078125 -0.031005859375 -0.0697708129882812 -0.00120925903320313
0.518310546875 -0.118682861328125 -0.63818359375 -0.18963623046875
0.523712158203125 -0.20477294921875 -0.5386962890625 0.34619140625
0.34014892578125 -0.357208251953125 -0.0909423828125 0.361572265625
0.1837158203125 -0.39263916015625 0.092559814453125 0.0662384033203125
-0.045806884765625 -0.3861083984375 -0.0624160766601562 -0.122947692871094
-0.16827392578125 -0.340972900390625 -0.19171142578125 -0.111251831054688
-0.12939453125 -0.329345703125 -0.198745727539063 -0.0522003173828125
-0.179473876953125 -0.347442626953125 -0.209869384765625 -0.121261596679688
-0.082489013671875 -0.363983154296875 -0.156265258789062 -0.202072143554688
0.059661865234375 -0.411376953125 -0.03204345703125 -0.243133544921875
0.2052001953125 -0.405059814453125 0.0719757080078125 -0.27374267578125
0.454315185546875 -0.2474365234375 0.219207763671875 -0.245101928710938
0.542266845703125 -0.204559326171875 0.24151611328125 -0.144180297851563
0.6083984375 -0.06842041015625 -0.0845870971679687 0.0433197021484375
0.55462646484375 -0.1920166015625 0.128807067871094 0.0184860229492187
0.40765380859375 -0.218414306640625 -0.49151611328125 -0.123443603515625
0.430633544921875 -0.213134765625 -0.44573974609375 0.414520263671875
0.326019287109375 -0.352752685546875 -0.02667236328125 0.435821533203125
0.196502685546875 -0.43939208984375 0.124847412109375 0.165756225585937
-0.08160400390625 -0.462677001953125 -0.00560140609741211 0.00649547576904294
-0.224822998046875 -0.389984130859375 -0.09112548828125 0.023101806640625
-0.168182373046875 -0.365081787109375 -0.0988235473632813 0.0695343017578125
-0.20977783203125 -0.38800048828125 -0.115242004394531 -0.00443267822265628
-0.078887939453125 -0.41448974609375 -0.091339111328125 -0.0848617553710938
0.11651611328125 -0.4520263671875 0.023651123046875 -0.156875610351563
0.293609619140625 -0.385009765625 0.134246826171875 -0.219940185546875
0.494140625 -0.145751953125 0.3125 -0.21282958984375
0.493408203125 -0.133056640625 0.40386962890625 -0.1207275390625
0.543182373046875 -0.10235595703125 0.125007629394531 0.086700439453125
0.380859375 -0.29010009765625 0.311767578125 0.00607299804687498
0.22308349609375 -0.224472045898438 -0.322601318359375 -0.06048583984375
0.29180908203125 -0.129425048828125 -0.30621337890625 0.430084228515625
0.284149169921875 -0.267364501953125 0.0458984375 0.445159912109375
0.18450927734375 -0.404754638671875 0.146469116210937 0.2386474609375
-0.103179931640625 -0.4547119140625 0.0641632080078125 0.136878967285156
-0.24169921875 -0.369110107421875 0.0326080322265625 0.154708862304687
-0.182373046875 -0.34417724609375 0.0158843994140625 0.17919921875
-0.213226318359375 -0.369598388671875 -0.0138778686523438 0.109634399414062
-0.063873291015625 -0.40045166015625 -0.0288581848144531 0.0356483459472656
0.156768798828125 -0.4124755859375 0.0618629455566406 -0.0554771423339844
0.329803466796875 -0.28155517578125 0.175308227539063 -0.141128540039063
0.422027587890625 -0.00970458984375 0.390228271484375 -0.1488037109375
0.3406982421875 -0.05999755859375 0.55438232421875 -0.052642822265625
0.396240234375 -0.149444580078125 0.313262939453125 0.139801025390625
0.134185791015625 -0.303497314453125 0.4449462890625 -0.023529052734375
0.02569580078125 -0.134300231933594 -0.158584594726563 -0.013458251953125
0.16375732421875 0.0148773193359375 -0.17205810546875 0.3951416015625
0.242340087890625 -0.139816284179688 0.091094970703125 0.404937744140625
0.15863037109375 -0.308990478515625 0.144805908203125 0.28509521484375
-0.10089111328125 -0.370513916015625 0.13006591796875 0.244964599609375
-0.213836669921875 -0.28704833984375 0.156158447265625 0.257064819335938
-0.167861938476563 -0.268035888671875 0.12542724609375 0.258331298828125
-0.192169189453125 -0.30029296875 0.0769195556640625 0.203689575195312
-0.0498046875 -0.337921142578125 0.0208282470703125 0.140823364257812
0.16400146484375 -0.3177490234375 0.070831298828125 0.0405654907226562
0.293426513671875 -0.137298583984375 0.17962646484375 -0.064361572265625
0.249374389648438 0.102096557617188 0.431060791015625 -0.079498291015625
0.115333557128906 -0.0305862426757813 0.66339111328125 0.04632568359375
0.193588256835938 -0.214080810546875 0.448822021484375 0.185943603515625
-0.13134765625 -0.244674682617188 0.50628662109375 -0.050262451171875
-0.137733459472656 -0.00223541259765625 -0.0366630554199219 0.0160560607910156
0.0553436279296875 0.153228759765625 -0.08624267578125 0.3336181640625
0.188522338867188 -0.0072784423828125 0.0924072265625 0.355010986328125
0.12091064453125 -0.178390502929688 0.1240234375 0.3153076171875
-0.0718231201171875 -0.232528686523438 0.181732177734375 0.3192138671875
-0.145462036132813 -0.163528442382812 0.2554931640625 0.3155517578125
-0.127731323242188 -0.1558837890625 0.213348388671875 0.295562744140625
-0.150924682617188 -0.1917724609375 0.15142822265625 0.266082763671875
-0.0394744873046875 -0.239639282226563 0.056915283203125 0.220611572265625
0.133346557617188 -0.195968627929688 0.0543365478515625 0.111106872558594
0.1934814453125 0.0011444091796875 0.156173706054688 -0.0198516845703125
0.020477294921875 0.14471435546875 0.458740234375 -0.03619384765625
-0.127853393554688 -0.062255859375 0.7340087890625 0.1427001953125
-0.025634765625 -0.283111572265625 0.516693115234375 0.203582763671875
0.280609130859375 0.32794189453125 -0.49298095703125 -0.167266845703125
0.320343017578125 0.055633544921875 -0.82720947265625 -0.19329833984375
0.185272216796875 -0.128677368164063 -0.45660400390625 0.1446533203125
-0.0164794921875 -0.105247497558594 -0.115287780761719 0.0668182373046875
-0.0631370544433594 0.0329818725585938 -0.00322723388671874 -0.132682800292969
0.0387802124023437 0.107612609863281 -0.105804443359375 -0.254287719726563
0.0856857299804688 0.042144775390625 -0.253814697265625 -0.2987060546875
0.0737228393554688 0.0173873901367188 -0.295989990234375 -0.28863525390625
0.0717544555664063 0.0299453735351563 -0.32330322265625 -0.31640625
0.0174140930175781 0.0645332336425781 -0.237884521484375 -0.368194580078125
-0.0841217041015625 0.0485305786132813 -0.1614990234375 -0.331787109375
-0.11737060546875 -0.105552673339844 -0.087890625 -0.31317138671875
0.0553131103515625 -0.249008178710938 0.037200927734375 -0.286865234375
0.288299560546875 -0.160736083984375 -0.00202941894531248 -0.0884628295898438
0.298553466796875 0.109954833984375 -0.527587890625 -0.0107421875
0.46282958984375 0.265411376953125 -0.404510498046875 -0.112274169921875
0.461883544921875 0.064361572265625 -0.82275390625 -0.225341796875
0.3936767578125 -0.13238525390625 -0.517364501953125 0.200164794921875
0.149200439453125 -0.210220336914063 -0.11016845703125 0.14129638671875
0.0331268310546875 -0.124664306640625 0.0317611694335938 -0.112266540527344
0.0156974792480469 -0.0609970092773438 -0.11761474609375 -0.264678955078125
-0.00255584716796874 -0.0992584228515625 -0.28326416015625 -0.278594970703125
-0.00399017333984375 -0.123214721679688 -0.31121826171875 -0.239471435546875
-0.0341949462890625 -0.121292114257813 -0.334564208984375 -0.282989501953125
-0.0352554321289062 -0.104461669921875 -0.247467041015625 -0.35186767578125
-0.0520401000976562 -0.130477905273438 -0.13616943359375 -0.332366943359375
-0.02642822265625 -0.237136840820313 -0.0489501953125 -0.31103515625
0.190185546875 -0.3016357421875 0.062286376953125 -0.267364501953125
0.410736083984375 -0.242034912109375 0.0141525268554688 -0.111595153808594
0.482452392578125 0.021484375 -0.441162109375 0.0117492675781251
0.59161376953125 0.12921142578125 -0.25823974609375 -0.0450286865234375
0.538909912109375 -0.00970458984375 -0.77056884765625 -0.20947265625
0.5186767578125 -0.173248291015625 -0.558502197265625 0.285980224609375
0.277496337890625 -0.30950927734375 -0.10662841796875 0.2552490234375
0.121612548828125 -0.2843017578125 0.0622444152832031 -0.0426788330078125
-0.0177001953125 -0.239669799804688 -0.110809326171875 -0.22021484375
-0.0984649658203125 -0.233963012695312 -0.26953125 -0.210189819335938
-0.0809326171875 -0.24609375 -0.280227661132813 -0.1517333984375
-0.129150390625 -0.252395629882813 -0.298858642578125 -0.210723876953125
-0.078155517578125 -0.256195068359375 -0.22406005859375 -0.29327392578125
-0.01104736328125 -0.298309326171875 -0.096466064453125 -0.305511474609375
0.080474853515625 -0.356719970703125 0.00115966796875003 -0.30621337890625
0.33526611328125 -0.315704345703125 0.122650146484375 -0.264938354492188
0.5030517578125 -0.269134521484375 0.0979080200195313 -0.1395263671875
0.5970458984375 -0.0482177734375 -0.285064697265625 0.0298156738281249
0.63311767578125 -0.05218505859375 -0.0707550048828125 0.00247955322265626
0.523712158203125 -0.139190673828125 -0.66595458984375 -0.1632080078125
0.52874755859375 -0.23468017578125 -0.53558349609375 0.37969970703125
0.33135986328125 -0.380279541015625 -0.07647705078125 0.371673583984375
0.1708984375 -0.411407470703125 0.0966796875 0.0589523315429687
-0.061767578125 -0.38824462890625 -0.0763320922851563 -0.120979309082031
-0.187469482421875 -0.337799072265625 -0.204818725585938 -0.100357055664063
-0.14593505859375 -0.332122802734375 -0.204116821289063 -0.0402069091796875
-0.197723388671875 -0.345428466796875 -0.221649169921875 -0.109695434570313
-0.1004638671875 -0.366729736328125 -0.168319702148438 -0.1966552734375
0.041534423828125 -0.421417236328125 -0.041259765625 -0.247314453125
0.192230224609375 -0.42498779296875 0.063690185546875 -0.285247802734375
0.45623779296875 -0.27880859375 0.210922241210938 -0.26123046875
0.542572021484375 -0.23626708984375 0.237457275390625 -0.15777587890625
0.6241455078125 -0.09423828125 -0.0821762084960937 0.0529098510742188
0.56280517578125 -0.2159423828125 0.134536743164063 0.0123977661132812
0.407012939453125 -0.23883056640625 -0.514923095703125 -0.100982666015625
0.43408203125 -0.23974609375 -0.435760498046875 0.447021484375
0.31915283203125 -0.373748779296875 -0.00692749023437496 0.4443359375
0.1834716796875 -0.462158203125 0.132659912109375 0.1591796875
-0.105743408203125 -0.4676513671875 -0.0134792327880859 0.00916767120361325
-0.249786376953125 -0.38336181640625 -0.0960617065429688 0.0323104858398437
-0.189697265625 -0.365631103515625 -0.0946502685546875 0.07867431640625
-0.23333740234375 -0.38262939453125 -0.117630004882813 0.00507354736328123
-0.10015869140625 -0.417755126953125 -0.096435546875 -0.0791168212890625
0.098388671875 -0.466888427734375 0.0193634033203125 -0.160415649414063
0.284210205078125 -0.407806396484375 0.129440307617188 -0.232955932617188
0.50164794921875 -0.17340087890625 0.3084716796875 -0.232940673828125
0.49530029296875 -0.159881591796875 0.406890869140625 -0.141357421875
0.5567626953125 -0.12713623046875 0.13604736328125 0.0880889892578125
0.379180908203125 -0.310333251953125 0.322662353515625 -0.010040283203125
0.217376708984375 -0.236740112304688 -0.335540771484375 -0.047698974609375
0.296478271484375 -0.146820068359375 -0.292724609375 0.457366943359375
0.2806396484375 -0.2880859375 0.0682373046875 0.450592041015625
0.1715087890625 -0.42724609375 0.15728759765625 0.23419189453125
-0.12774658203125 -0.45703125 0.063201904296875 0.139404296875
-0.26800537109375 -0.361785888671875 0.0381927490234375 0.159225463867187
-0.20379638671875 -0.34130859375 0.028350830078125 0.183944702148437
-0.2369384765625 -0.36328125 -0.00785827636718753 0.115493774414062
-0.08599853515625 -0.40582275390625 -0.026397705078125 0.0408897399902343
0.1395263671875 -0.428680419921875 0.0626029968261719 -0.0578384399414063
0.325408935546875 -0.303558349609375 0.174301147460938 -0.154067993164063
0.43585205078125 -0.0302734375 0.389617919921875 -0.1705322265625
0.3421630859375 -0.076507568359375 0.56427001953125 -0.07830810546875
0.401641845703125 -0.16851806640625 0.331207275390625 0.134185791015625
0.1241455078125 -0.31353759765625 0.457366943359375 -0.049346923828125
0.0188064575195313 -0.136909484863281 -0.163467407226563 -0.00874328613281249
0.1724853515625 0.0070343017578125 -0.15618896484375 0.41357421875
0.243621826171875 -0.15576171875 0.110748291015625 0.407440185546875
0.1488037109375 -0.3291015625 0.1575927734375 0.282745361328125
-0.122650146484375 -0.37322998046875 0.13653564453125 0.246780395507812
-0.236358642578125 -0.280517578125 0.170547485351563 0.256546020507813
-0.186477661132813 -0.26544189453125 0.144424438476563 0.258743286132813
-0.21246337890625 -0.294036865234375 0.090118408203125 0.20660400390625
-0.07000732421875 -0.3414306640625 0.0294342041015625 0.14678955078125
0.14996337890625 -0.333038330078125 0.0754776000976563 0.040283203125
0.295623779296875 -0.154815673828125 0.182235717773438 -0.0735931396484375
0.263900756835938 0.0931396484375 0.4376220703125 -0.101837158203125
0.113113403320313 -0.03515625 0.68212890625 0.01800537109375
0.189178466796875 -0.226486206054687 0.471282958984375 0.175750732421875
-0.146209716796875 -0.242034912109375 0.51983642578125 -0.0811767578125
-0.143417358398438 0.00442504882812498 -0.0358505249023438 0.0142631530761719
0.068572998046875 0.153488159179688 -0.069366455078125 0.34722900390625
0.195480346679688 -0.0188140869140625 0.1094970703125 0.355804443359375
0.11517333984375 -0.19134521484375 0.1376953125 0.3160400390625
-0.0881805419921875 -0.234756469726563 0.195098876953125 0.321014404296875
-0.1607666015625 -0.157913208007813 0.274566650390625 0.309051513671875
-0.139999389648438 -0.151519775390625 0.235198974609375 0.2921142578125
-0.165817260742188 -0.185562133789063 0.168197631835938 0.265777587890625
-0.0563812255859375 -0.242385864257813 0.0700531005859375 0.22686767578125
0.1246337890625 -0.208633422851563 0.0619430541992188 0.114006042480469
0.199935913085938 -0.009063720703125 0.159317016601563 -0.0258941650390625
0.0305938720703125 0.147964477539063 0.466796875 -0.05908203125
-0.135971069335938 -0.0563507080078125 0.75909423828125 0.11444091796875
-0.039581298828125 -0.288116455078125 0.541046142578125 0.189178466796875
0.315399169921875 0.314361572265625 -0.5103759765625 -0.135955810546875
0.32611083984375 0.036651611328125 -0.85107421875 -0.135009765625
0.176467895507813 -0.1422119140625 -0.446563720703125 0.174835205078125
-0.0268707275390625 -0.105003356933594 -0.111061096191406 0.0724334716796875
-0.0614013671875 0.041534423828125 -0.0133438110351562 -0.13623046875
0.0527114868164063 0.1083984375 -0.12396240234375 -0.248260498046875
0.0943527221679688 0.0355682373046875 -0.280532836914063 -0.28106689453125
0.0793228149414063 0.0104217529296875 -0.320220947265625 -0.26708984375
0.0779800415039063 0.02337646484375 -0.349151611328125 -0.29498291015625
0.0264892578125 0.065460205078125 -0.2642822265625 -0.355560302734375
-0.078277587890625 0.0577239990234375 -0.182098388671875 -0.32464599609375
-0.127998352050781 -0.0970535278320313 -0.109893798828125 -0.309295654296875
0.0337066650390625 -0.25494384765625 0.01593017578125 -0.290191650390625
0.276641845703125 -0.183944702148438 -0.00986480712890624 -0.0877838134765625
0.31256103515625 0.09173583984375 -0.532958984375 0.0306396484375
0.49273681640625 0.240631103515625 -0.41693115234375 -0.0861816406250001
0.471923828125 0.037200927734375 -0.84808349609375 -0.16705322265625
0.38787841796875 -0.161651611328125 -0.504974365234375 0.236968994140625
0.1331787109375 -0.220626831054688 -0.100128173828125 0.147354125976563
0.0250930786132813 -0.125534057617188 0.0235214233398438 -0.119194030761719
0.0172119140625 -0.0590667724609375 -0.138580322265625 -0.258346557617187
-0.00518798828124999 -0.0985946655273438 -0.30926513671875 -0.257232666015625
-0.00923919677734374 -0.125244140625 -0.330474853515625 -0.21490478515625
-0.0399627685546875 -0.119491577148438 -0.357940673828125 -0.2596435546875
-0.0395889282226563 -0.101692199707031 -0.272613525390625 -0.33843994140625
-0.0596542358398437 -0.124923706054688 -0.155792236328125 -0.327362060546875
-0.044586181640625 -0.236495971679688 -0.069793701171875 -0.31060791015625
0.16912841796875 -0.317901611328125 0.042205810546875 -0.272415161132813
0.39398193359375 -0.27386474609375 0.00331115722656252 -0.111831665039063
0.492950439453125 -0.009979248046875 -0.443817138671875 0.047698974609375
0.61370849609375 0.09625244140625 -0.263671875 -0.027557373046875
0.54296875 -0.04144287109375 -0.79547119140625 -0.156005859375
0.513397216796875 -0.2122802734375 -0.54119873046875 0.327056884765625
0.2576904296875 -0.329986572265625 -0.0890655517578125 0.26177978515625
0.103546142578125 -0.2947998046875 0.0590629577636719 -0.0513458251953125
-0.0296630859375 -0.236785888671875 -0.130691528320312 -0.212188720703125
-0.112701416015625 -0.225997924804688 -0.290283203125 -0.18829345703125
-0.0963592529296875 -0.242172241210938 -0.292083740234375 -0.129241943359375
-0.145538330078125 -0.243881225585938 -0.316497802734375 -0.18682861328125
-0.09442138671875 -0.250701904296875 -0.245391845703125 -0.2779541015625
-0.030792236328125 -0.297760009765625 -0.11431884765625 -0.30255126953125
0.056243896484375 -0.36456298828125 -0.018310546875 -0.310546875
0.316619873046875 -0.343994140625 0.103683471679688 -0.275360107421875
0.4842529296875 -0.30584716796875 0.085601806640625 -0.146270751953125
0.60406494140625 -0.08770751953125 -0.2835693359375 0.054290771484375
0.64251708984375 -0.0906982421875 -0.06982421875 0.00739288330078124
0.521575927734375 -0.1705322265625 -0.68865966796875 -0.11517333984375
0.518402099609375 -0.274078369140625 -0.51361083984375 0.4200439453125
0.306854248046875 -0.404510498046875 -0.049896240234375 0.37884521484375
0.146026611328125 -0.429840087890625 0.0995101928710938 0.0479965209960937
-0.08563232421875 -0.384552001953125 -0.0910263061523438 -0.113395690917969
-0.212738037109375 -0.322784423828125 -0.21795654296875 -0.0808868408203125
-0.169647216796875 -0.32354736328125 -0.206405639648437 -0.0221405029296875
-0.223114013671875 -0.329803466796875 -0.230575561523437 -0.0908203125
-0.1258544921875 -0.36163330078125 -0.182571411132813 -0.184112548828125
0.01318359375 -0.425140380859375 -0.0553436279296875 -0.24725341796875
0.1630859375 -0.44146728515625 0.04620361328125 -0.2940673828125
0.44134521484375 -0.31488037109375 0.19189453125 -0.277664184570313
0.525482177734375 -0.27716064453125 0.225814819335938 -0.174484252929688
0.629150390625 -0.13531494140625 -0.0761566162109375 0.0627822875976562
0.55859375 -0.252288818359375 0.138740539550781 0.00206756591796873
0.395904541015625 -0.26312255859375 -0.528350830078125 -0.0661315917968749
0.423248291015625 -0.273101806640625 -0.40655517578125 0.48333740234375
0.29498291015625 -0.400848388671875 0.0250244140625001 0.44671630859375
0.153564453125 -0.483062744140625 0.142852783203125 0.146957397460937
-0.136993408203125 -0.46075439453125 -0.0196437835693359 0.014169692993164
-0.279510498046875 -0.363800048828125 -0.097198486328125 0.0442581176757812
-0.21563720703125 -0.35369873046875 -0.087127685546875 0.0879669189453125
-0.261810302734375 -0.365142822265625 -0.117469787597656 0.0171279907226563
-0.13031005859375 -0.411773681640625 -0.101394653320313 -0.0698623657226563
0.06427001953125 -0.4757080078125 0.01123046875 -0.162673950195313
0.2589111328125 -0.432220458984375 0.115676879882813 -0.245773315429688
0.496307373046875 -0.211944580078125 0.292572021484375 -0.255889892578125
0.48260498046875 -0.194427490234375 0.3968505859375 -0.170562744140625
0.558013916015625 -0.165557861328125 0.14764404296875 0.0826568603515625
0.365203857421875 -0.336181640625 0.3275146484375 -0.0361328125
0.204315185546875 -0.25030517578125 -0.343292236328125 -0.025604248046875
0.2918701171875 -0.1705322265625 -0.260894775390625 0.48321533203125
0.26409912109375 -0.310272216796875 0.10113525390625 0.447296142578125
0.14337158203125 -0.447784423828125 0.171646118164062 0.222518920898437
-0.16131591796875 -0.451629638671875 0.0660858154296875 0.140579223632812
-0.299102783203125 -0.3419189453125 0.0476531982421875 0.16119384765625
-0.2298583984375 -0.32977294921875 0.0449981689453125 0.183685302734375
-0.26495361328125 -0.3446044921875 0.000518798828124973 0.119796752929687
-0.116943359375 -0.399322509765625 -0.0217247009277344 0.0467948913574218
0.10882568359375 -0.441650390625 0.0615348815917969 -0.0616836547851563
0.308502197265625 -0.330352783203125 0.166488647460938 -0.168853759765625
0.44049072265625 -0.0635986328125 0.3779296875 -0.201080322265625
0.335418701171875 -0.09918212890625 0.56292724609375 -0.1173095703125
0.39794921875 -0.1966552734375 0.3477783203125 0.114898681640625
0.104766845703125 -0.321807861328125 0.4595947265625 -0.087738037109375
0.00890350341796875 -0.137260437011719 -0.166351318359375 -0.000411987304687515
0.178314208984375 -0.00616455078125 -0.12457275390625 0.42919921875
0.23712158203125 -0.176254272460938 0.1400146484375 0.400726318359375
0.127227783203125 -0.34686279296875 0.1741943359375 0.272293090820313
-0.15185546875 -0.366180419921875 0.148086547851562 0.244842529296875
-0.2615966796875 -0.262863159179688 0.188308715820313 0.248199462890625
-0.206893920898437 -0.252975463867188 0.166366577148438 0.249893188476562
-0.235809326171875 -0.27734375 0.106597900390625 0.203414916992187
-0.098114013671875 -0.3370361328125 0.0422821044921875 0.149093627929687
0.12506103515625 -0.346282958984375 0.080657958984375 0.0376129150390625
0.28948974609375 -0.17779541015625 0.178619384765625 -0.0874481201171875
0.275299072265625 0.075164794921875 0.432098388671875 -0.134307861328125
0.10772705078125 -0.0409088134765625 0.6905517578125 -0.027099609375
0.177520751953125 -0.240447998046875 0.49298095703125 0.146697998046875
-0.163742065429687 -0.231521606445313 0.51953125 -0.12603759765625
-0.146316528320313 0.014404296875 -0.0356597900390625 0.0121879577636719
0.08319091796875 0.149459838867188 -0.0423583984375 0.35595703125
0.198013305664062 -0.0358734130859375 0.134979248046875 0.349517822265625
0.102005004882812 -0.205535888671875 0.15655517578125 0.30926513671875
-0.108963012695312 -0.230239868164063 0.2127685546875 0.314361572265625
-0.176834106445313 -0.145660400390625 0.298004150390625 0.291839599609375
-0.153350830078125 -0.142013549804688 0.259017944335937 0.276458740234375
-0.181793212890625 -0.172271728515625 0.190536499023437 0.256591796875
-0.078460693359375 -0.239517211914063 0.08892822265625 0.226577758789062
0.107620239257813 -0.220458984375 0.0717010498046875 0.11370849609375
0.20269775390625 -0.024627685546875 0.159027099609375 -0.0361785888671875
0.0440673828125 0.147613525390625 0.465728759765625 -0.09246826171875
-0.143508911132813 -0.0444793701171875 0.774658203125 0.06341552734375
-0.05908203125 -0.28778076171875 0.56304931640625 0.1578369140625
0.338531494140625 0.286590576171875 -0.509307861328125 -0.100830078125
0.3214111328125 0.015472412109375 -0.84381103515625 -0.0679321289062499
0.1605224609375 -0.15191650390625 -0.42279052734375 0.19940185546875
-0.0368881225585937 -0.0994110107421875 -0.103240966796875 0.076690673828125
-0.0569992065429687 0.048095703125 -0.0228042602539062 -0.134925842285156
0.0643157958984375 0.103874206542969 -0.138092041015625 -0.235366821289063
0.0997772216796875 0.026885986328125 -0.296966552734375 -0.25146484375
0.081878662109375 0.00232696533203125 -0.333526611328125 -0.234771728515625
0.0814208984375 0.0145111083984375 -0.363006591796875 -0.2615966796875
0.0350685119628906 0.0629158020019531 -0.283111572265625 -0.3314208984375
-0.0691986083984375 0.0649948120117188 -0.19732666015625 -0.306915283203125
-0.133766174316406 -0.084136962890625 -0.127899169921875 -0.29425048828125
0.011077880859375 -0.250091552734375 -0.00720214843749997 -0.28277587890625
0.253402709960938 -0.20098876953125 -0.0167694091796875 -0.084320068359375
0.316253662109375 0.06890869140625 -0.5186767578125 0.07220458984375
0.507537841796875 0.20281982421875 -0.412628173828125 -0.0573425292968749
0.4652099609375 0.0084228515625 -0.843994140625 -0.10223388671875
0.36773681640625 -0.186126708984375 -0.475128173828125 0.26470947265625
0.111618041992188 -0.223251342773438 -0.0869293212890625 0.148757934570313
0.0158615112304688 -0.122146606445313 0.0137100219726563 -0.122779846191406
0.0182762145996094 -0.057037353515625 -0.15472412109375 -0.242324829101562
-0.0074615478515625 -0.0956878662109375 -0.3245849609375 -0.22454833984375
-0.0152969360351562 -0.123214721679688 -0.3394775390625 -0.1820068359375
-0.0450897216796875 -0.115325927734375 -0.369903564453125 -0.22479248046875
-0.041534423828125 -0.095001220703125 -0.291412353515625 -0.310882568359375
-0.0640335083007813 -0.115493774414062 -0.171661376953125 -0.311614990234375
-0.060699462890625 -0.227645874023438 -0.089202880859375 -0.29913330078125
0.139495849609375 -0.3232421875 0.0191497802734375 -0.2674560546875
0.361968994140625 -0.2978515625 -0.00669860839843748 -0.108001708984375
0.487091064453125 -0.044525146484375 -0.429962158203125 0.082061767578125
0.61474609375 0.0528564453125 -0.258895874023437 -0.0104522705078125
0.531524658203125 -0.0736083984375 -0.79095458984375 -0.0930175781249999
0.488067626953125 -0.244720458984375 -0.50555419921875 0.3560791015625
0.22613525390625 -0.33843994140625 -0.0677947998046875 0.259902954101563
0.080657958984375 -0.295379638671875 0.0532798767089844 -0.0592155456542969
-0.040863037109375 -0.227890014648438 -0.145599365234375 -0.196517944335938
-0.122467041015625 -0.21136474609375 -0.300567626953125 -0.157867431640625
-0.108734130859375 -0.232391357421875 -0.29400634765625 -0.101226806640625
-0.157760620117187 -0.22705078125 -0.322967529296875 -0.15582275390625
-0.107315063476563 -0.236618041992188 -0.25921630859375 -0.252517700195313
-0.0498046875 -0.286895751953125 -0.130340576171875 -0.289398193359375
0.027862548828125 -0.3603515625 -0.039337158203125 -0.304046630859375
0.283966064453125 -0.36065673828125 0.0786895751953125 -0.274917602539063
0.447662353515625 -0.333984375 0.070526123046875 -0.147476196289063
0.59051513671875 -0.1282958984375 -0.27130126953125 0.076873779296875
0.63018798828125 -0.13092041015625 -0.0663261413574218 0.0110092163085938
0.5003662109375 -0.20001220703125 -0.68310546875 -0.0610351562500001
0.490692138671875 -0.308074951171875 -0.470001220703125 0.44659423828125
0.271240234375 -0.4166259765625 -0.020965576171875 0.370635986328125
0.111968994140625 -0.4322509765625 0.0992050170898437 0.03497314453125
-0.10894775390625 -0.368377685546875 -0.101417541503906 -0.101768493652344
-0.228424072265625 -0.296905517578125 -0.221633911132813 -0.05810546875
-0.1875 -0.3057861328125 -0.201126098632813 -0.00419616699218748
-0.239532470703125 -0.304779052734375 -0.23162841796875 -0.0680389404296875
-0.1474609375 -0.340576171875 -0.190521240234375 -0.164459228515625
-0.017852783203125 -0.415313720703125 -0.0679931640625 -0.238739013671875
0.1280517578125 -0.444976806640625 0.0245361328125 -0.292724609375
0.410003662109375 -0.341644287109375 0.164154052734375 -0.2850341796875
0.489959716796875 -0.307647705078125 0.205734252929688 -0.184768676757813
0.61126708984375 -0.17724609375 -0.0668411254882812 0.0700225830078125
0.53509521484375 -0.282501220703125 0.138008117675781 -0.00976562500000002
0.3712158203125 -0.284088134765625 -0.5225830078125 -0.026214599609375
0.39923095703125 -0.29925537109375 -0.361053466796875 0.501373291015625
0.26043701171875 -0.413604736328125 0.056915283203125 0.43212890625
0.114166259765625 -0.486968994140625 0.147140502929688 0.129745483398437
-0.165679931640625 -0.4405517578125 -0.0236072540283203 0.0196895599365234
-0.3004150390625 -0.3321533203125 -0.0938339233398438 0.054168701171875
-0.2362060546875 -0.33123779296875 -0.0767822265625 0.0937576293945313
-0.281341552734375 -0.335205078125 -0.112960815429688 0.028472900390625
-0.1571044921875 -0.390167236328125 -0.10186767578125 -0.0578079223632813
0.02764892578125 -0.468292236328125 0.002593994140625 -0.16046142578125
0.22393798828125 -0.442230224609375 0.0953369140625 -0.250396728515625
0.47222900390625 -0.24560546875 0.263778686523438 -0.27099609375
0.45404052734375 -0.222564697265625 0.374114990234375 -0.193359375
0.5408935546875 -0.200836181640625 0.154052734375 0.073333740234375
0.338623046875 -0.351531982421875 0.318817138671875 -0.0621337890625
0.183853149414063 -0.257675170898438 -0.340057373046875 -0.00073242187499995
0.2772216796875 -0.189376831054687 -0.2169189453125 0.492279052734375
0.23797607421875 -0.324462890625 0.131744384765625 0.427886962890625
0.1083984375 -0.454620361328125 0.18060302734375 0.20269775390625
-0.190185546875 -0.430084228515625 0.0694351196289062 0.138442993164063
-0.319000244140625 -0.3087158203125 0.05645751953125 0.157119750976562
-0.248046875 -0.30511474609375 0.060028076171875 0.176315307617188
-0.281890869140625 -0.314300537109375 0.0103759765625 0.120231628417969
-0.14447021484375 -0.37860107421875 -0.0155563354492188 0.0499992370605469
0.07257080078125 -0.43719482421875 0.0586051940917969 -0.0640640258789063
0.280059814453125 -0.346771240234375 0.15069580078125 -0.1787109375
0.429168701171875 -0.094390869140625 0.352264404296875 -0.223297119140625
0.31689453125 -0.117462158203125 0.54156494140625 -0.1531982421875
0.379638671875 -0.22052001953125 0.3524169921875 0.090545654296875
0.0833740234375 -0.3203125 0.445098876953125 -0.123077392578125
-0.000991821289062488 -0.133094787597656 -0.164566040039063 0.00897216796874996
0.177352905273438 -0.0207061767578125 -0.086883544921875 0.431488037109375
0.221511840820313 -0.1927490234375 0.165740966796875 0.37896728515625
0.099578857421875 -0.35394287109375 0.186294555664063 0.253570556640625
-0.176788330078125 -0.34710693359375 0.1575927734375 0.234848022460937
-0.277633666992188 -0.233184814453125 0.200424194335937 0.230972290039062
-0.222137451171875 -0.232254028320312 0.183074951171875 0.23077392578125
-0.250335693359375 -0.2503662109375 0.12030029296875 0.192626953125
-0.12335205078125 -0.31964111328125 0.054412841796875 0.145980834960937
0.0943603515625 -0.347930908203125 0.0842056274414062 0.0320587158203125
0.272003173828125 -0.196319580078125 0.168228149414063 -0.098541259765625
0.27740478515625 0.053619384765625 0.409149169921875 -0.16241455078125
0.0994338989257813 -0.044342041015625 0.6734619140625 -0.0748291015625
0.159042358398438 -0.248062133789063 0.49615478515625 0.111846923828125
-0.175933837890625 -0.21240234375 0.498626708984375 -0.165283203125
-0.143646240234375 0.0253448486328125 -0.0353317260742188 0.0103988647460938
0.095428466796875 0.139198303222656 -0.011810302734375 0.3507080078125
0.192596435546875 -0.053131103515625 0.1553955078125 0.3287353515625
0.0841064453125 -0.212570190429688 0.171722412109375 0.29217529296875
-0.125625610351562 -0.217315673828125 0.226165771484375 0.29888916015625
-0.18707275390625 -0.126693725585938 0.3099365234375 0.263275146484375
-0.161422729492188 -0.127426147460937 0.275222778320313 0.250289916992188
-0.191085815429688 -0.15228271484375 0.206161499023438 0.238204956054688
-0.0983428955078125 -0.226150512695313 0.106658935546875 0.218124389648438
0.0863189697265625 -0.2242431640625 0.0802078247070313 0.108726501464844
0.198684692382813 -0.04058837890625 0.1522216796875 -0.0462646484375
0.05596923828125 0.1414794921875 0.44580078125 -0.1248779296875
-0.14581298828125 -0.0308074951171875 0.76519775390625 0.00897216796875
-0.0774688720703125 -0.278564453125 0.56494140625 0.11798095703125
0.3436279296875 0.258544921875 -0.4954833984375 -0.0759582519531251
0.310333251953125 0.001434326171875 -0.81475830078125 -0.0256958007812501
0.145751953125 -0.153152465820313 -0.393585205078125 0.207916259765625
-0.0433731079101562 -0.0926437377929688 -0.09429931640625 0.0755081176757813
-0.05224609375 0.0527229309082031 -0.0284194946289062 -0.132110595703125
0.0722274780273437 0.09722900390625 -0.142303466796875 -0.221847534179687
0.101722717285156 0.0189666748046875 -0.2984619140625 -0.222747802734375
0.0815582275390625 -0.0041351318359375 -0.33251953125 -0.206085205078125
0.0813140869140625 0.006927490234375 -0.36199951171875 -0.2320556640625
0.0414505004882813 0.0582427978515625 -0.2869873046875 -0.306549072265625
-0.059539794921875 0.0682525634765625 -0.20111083984375 -0.288177490234375
-0.133758544921875 -0.0717544555664063 -0.135269165039063 -0.276473999023438
-0.004638671875 -0.238906860351562 -0.0198516845703125 -0.268875122070312
0.231353759765625 -0.206512451171875 -0.0212173461914062 -0.07952880859375
0.310821533203125 0.05224609375 -0.49310302734375 0.098236083984375
0.50408935546875 0.171356201171875 -0.39886474609375 -0.038330078125
0.449615478515625 -0.01007080078125 -0.8170166015625 -0.0552978515625002
0.34381103515625 -0.197509765625 -0.443695068359375 0.274169921875
0.0937042236328125 -0.217910766601563 -0.075469970703125 0.144439697265625
0.00906372070312499 -0.116226196289062 0.00732421874999999 -0.123031616210938
0.0200576782226562 -0.0552291870117188 -0.160400390625 -0.22662353515625
-0.00653076171874999 -0.0923919677734375 -0.323883056640625 -0.1959228515625
-0.017791748046875 -0.120658874511719 -0.3336181640625 -0.154998779296875
-0.046356201171875 -0.110618591308594 -0.365081787109375 -0.1953125
-0.0397491455078125 -0.0884017944335938 -0.295379638671875 -0.285980224609375
-0.06402587890625 -0.106010437011719 -0.178009033203125 -0.294281005859375
-0.0704803466796875 -0.214813232421875 -0.0994873046875 -0.2845458984375
0.11712646484375 -0.3160400390625 0.00476074218749998 -0.25506591796875
0.329559326171875 -0.303131103515625 -0.012939453125 -0.101280212402344
0.470550537109375 -0.065399169921875 -0.40765380859375 0.100799560546875
0.60205078125 0.02288818359375 -0.247955322265625 0.000717163085937509
0.51171875 -0.09185791015625 -0.7655029296875 -0.0499267578124998
0.45880126953125 -0.26019287109375 -0.466796875 0.363525390625
0.19921875 -0.333648681640625 -0.0513763427734375 0.250625610351563
0.062957763671875 -0.2880859375 0.046661376953125 -0.064849853515625
-0.0451812744140625 -0.215255737304688 -0.150787353515625 -0.181671142578125
-0.123504638671875 -0.19647216796875 -0.298065185546875 -0.13153076171875
-0.114105224609375 -0.2200927734375 -0.285369873046875 -0.078887939453125
-0.160079956054688 -0.21063232421875 -0.316741943359375 -0.130401611328125
-0.109970092773438 -0.22100830078125 -0.261581420898438 -0.229843139648438
-0.058868408203125 -0.271194458007812 -0.1363525390625 -0.27496337890625
0.00936889648437499 -0.347991943359375 -0.052276611328125 -0.291717529296875
0.25396728515625 -0.35968017578125 0.0609588623046875 -0.265472412109375
0.409637451171875 -0.3414306640625 0.058624267578125 -0.142013549804688
0.5677490234375 -0.151611328125 -0.25506591796875 0.089324951171875
0.608154296875 -0.15460205078125 -0.0612068176269531 0.0122604370117187
0.475616455078125 -0.211944580078125 -0.65899658203125 -0.0247802734375001
0.458953857421875 -0.3218994140625 -0.428680419921875 0.451507568359375
0.24127197265625 -0.4114990234375 -0.000732421874999953 0.355316162109375
0.0862426757812501 -0.423736572265625 0.0947189331054687 0.0236892700195312
-0.119171142578125 -0.347137451171875 -0.105552673339844 -0.0899505615234376
-0.231170654296875 -0.271621704101563 -0.217239379882813 -0.0392761230468751
-0.19378662109375 -0.286407470703125 -0.191238403320313 0.00796508789062501
-0.244842529296875 -0.279678344726563 -0.224563598632813 -0.0502166748046875
-0.155181884765625 -0.318023681640625 -0.18963623046875 -0.14654541015625
-0.036529541015625 -0.39569091796875 -0.074127197265625 -0.22857666015625
0.10296630859375 -0.435760498046875 0.00949096679687499 -0.284576416015625
0.37890625 -0.3477783203125 0.141937255859375 -0.279205322265625
0.45263671875 -0.315643310546875 0.186477661132813 -0.18475341796875
0.58642578125 -0.19927978515625 -0.0580215454101562 0.0728225708007812
0.508026123046875 -0.296417236328125 0.134025573730469 -0.0181503295898438
0.346038818359375 -0.287567138671875 -0.505218505859375 0.000976562499999932
0.37152099609375 -0.3095703125 -0.3211669921875 0.49908447265625
0.231781005859375 -0.40966796875 0.0767822265625 0.410369873046875
0.085906982421875 -0.478973388671875 0.145004272460938 0.114227294921875
-0.178802490234375 -0.41461181640625 -0.0252971649169922 0.0243453979492187
-0.3035888671875 -0.301971435546875 -0.0894622802734375 0.0612564086914062
-0.242034912109375 -0.308441162109375 -0.0660934448242188 0.09423828125
-0.28497314453125 -0.30621337890625 -0.105972290039063 0.035797119140625
-0.167144775390625 -0.36480712890625 -0.0984573364257813 -0.0482940673828125
0.00253295898437504 -0.4500732421875 -0.0020294189453125 -0.1558837890625
0.19415283203125 -0.437744140625 0.079345703125 -0.246490478515625
0.443084716796875 -0.26043701171875 0.2371826171875 -0.27093505859375
0.422515869140625 -0.231964111328125 0.3487548828125 -0.2017822265625
0.51422119140625 -0.218963623046875 0.155181884765625 0.0651702880859375
0.31396484375 -0.35382080078125 0.305511474609375 -0.077972412109375
0.166534423828125 -0.254379272460938 -0.327850341796875 0.014495849609375
0.260406494140625 -0.197555541992188 -0.181427001953125 0.482452392578125
0.214141845703125 -0.324798583984375 0.1483154296875 0.400909423828125
0.0804443359375 -0.448577880859375 0.179885864257813 0.1837158203125
-0.204376220703125 -0.40264892578125 0.0698013305664062 0.135765075683594
-0.322235107421875 -0.27655029296875 0.0604705810546875 0.151473999023438
-0.255126953125 -0.282623291015625 0.0685272216796875 0.166015625
-0.28704833984375 -0.28668212890625 0.0176849365234375 0.1168212890625
-0.1563720703125 -0.3544921875 -0.00992584228515627 0.0517311096191406
0.047576904296875 -0.422271728515625 0.0554580688476563 -0.0650711059570313
0.251861572265625 -0.348876953125 0.135055541992188 -0.179183959960938
0.40869140625 -0.111602783203125 0.323760986328125 -0.229339599609375
0.29608154296875 -0.123199462890625 0.511322021484375 -0.1715087890625
0.358184814453125 -0.2305908203125 0.346160888671875 0.072509765625
0.06793212890625 -0.311126708984375 0.422119140625 -0.14404296875
-0.0069122314453125 -0.127166748046875 -0.160110473632813 0.014892578125
0.172561645507813 -0.029876708984375 -0.059112548828125 0.417388916015625
0.204208374023437 -0.198104858398437 0.1781005859375 0.3526611328125
0.076263427734375 -0.351226806640625 0.18743896484375 0.233932495117187
-0.188690185546875 -0.324981689453125 0.158432006835938 0.225143432617187
-0.280410766601562 -0.2076416015625 0.202545166015625 0.214157104492188
-0.225494384765625 -0.2137451171875 0.188873291015625 0.21185302734375
-0.252609252929688 -0.225051879882812 0.126312255859375 0.180587768554687
-0.13507080078125 -0.297332763671875 0.0622024536132812 0.139564514160156
0.071929931640625 -0.3377685546875 0.0845413208007813 0.02764892578125
0.253372192382813 -0.20361328125 0.155181884765625 -0.102920532226563
0.271133422851563 0.0379638671875 0.381866455078125 -0.174560546875
0.0905685424804688 -0.0427703857421875 0.64373779296875 -0.10321044921875
0.143814086914062 -0.246978759765625 0.48455810546875 0.085906982421875
-0.177291870117188 -0.194778442382813 0.469696044921875 -0.1888427734375
-0.138389587402344 0.03240966796875 -0.0357437133789063 0.00851058959960937
0.101524353027344 0.128059387207031 0.00878906249999998 0.33636474609375
0.183685302734375 -0.06439208984375 0.164154052734375 0.307098388671875
0.06884765625 -0.213027954101563 0.175338745117188 0.274246215820313
-0.134796142578125 -0.201690673828125 0.228759765625 0.282470703125
-0.18902587890625 -0.1094970703125 0.309661865234375 0.23907470703125
-0.16290283203125 -0.114822387695313 0.276870727539063 0.225433349609375
-0.192047119140625 -0.134414672851562 0.211807250976563 0.219192504882813
-0.108963012695312 -0.209762573242188 0.116104125976563 0.20648193359375
0.0692901611328125 -0.220550537109375 0.0844573974609375 0.102447509765625
0.1903076171875 -0.051300048828125 0.142440795898438 -0.050872802734375
0.062469482421875 0.133430480957031 0.417694091796875 -0.140533447265625
-0.143096923828125 -0.01947021484375 0.73565673828125 -0.02667236328125
-0.0866241455078125 -0.265182495117188 0.55145263671875 0.0888671875
0.3431396484375 0.240966796875 -0.481689453125 -0.0675354003906249
0.30023193359375 -0.0040283203125 -0.78668212890625 -0.00836181640624995
0.136062622070313 -0.150619506835938 -0.3740234375 0.205780029296875
-0.04779052734375 -0.0861434936523438 -0.0886383056640625 0.0715866088867188
-0.0492820739746094 0.05523681640625 -0.0314254760742188 -0.130867004394531
0.0772781372070313 0.0926437377929687 -0.141494750976563 -0.213394165039062
0.103729248046875 0.013671875 -0.29498291015625 -0.205108642578125
0.08038330078125 -0.00856781005859375 -0.325592041015625 -0.188262939453125
0.0804519653320313 0.00159454345703125 -0.35369873046875 -0.214202880859375
0.0458412170410156 0.0543785095214844 -0.284149169921875 -0.29107666015625
-0.0524177551269531 0.0685081481933594 -0.198226928710937 -0.27685546875
-0.132186889648438 -0.0645904541015625 -0.135910034179687 -0.26361083984375
-0.01141357421875 -0.22857666015625 -0.0246429443359375 -0.256484985351563
0.216049194335938 -0.205078125 -0.0228118896484375 -0.0755996704101563
0.3048095703125 0.043792724609375 -0.473175048828125 0.1075439453125
0.49664306640625 0.15399169921875 -0.386474609375 -0.0318298339843749
0.434326171875 -0.0152587890625 -0.78759765625 -0.0364990234375001
0.32855224609375 -0.197540283203125 -0.420623779296875 0.27056884765625
0.0834503173828125 -0.209991455078125 -0.068939208984375 0.137535095214844
0.0059661865234375 -0.110061645507813 0.00317382812500001 -0.123970031738281
0.0236053466796875 -0.0530204772949219 -0.160720825195313 -0.216888427734375
-0.00360870361328125 -0.0902175903320313 -0.31787109375 -0.178070068359375
-0.0175018310546875 -0.118850708007813 -0.324737548828125 -0.1392822265625
-0.0457992553710938 -0.107765197753906 -0.356658935546875 -0.177764892578125
-0.0359039306640625 -0.0851058959960938 -0.290283203125 -0.267913818359375
-0.0605926513671875 -0.0991668701171875 -0.17608642578125 -0.282958984375
-0.073699951171875 -0.2039794921875 -0.101181030273438 -0.2724609375
0.105010986328125 -0.306793212890625 -0.0005950927734375 -0.243988037109375
0.3076171875 -0.298431396484375 -0.0159835815429687 -0.0958251953125
0.45721435546875 -0.074310302734375 -0.389617919921875 0.10931396484375
0.58746337890625 0.00921630859375 -0.239501953125 0.00332641601562501
0.493377685546875 -0.0970458984375 -0.739013671875 -0.0323486328125
0.438140869140625 -0.261871337890625 -0.441925048828125 0.35919189453125
0.18505859375 -0.323822021484375 -0.0435638427734375 0.239288330078125
0.053985595703125 -0.279373168945312 0.0423660278320313 -0.0696487426757813
-0.0442047119140625 -0.206375122070313 -0.151351928710937 -0.172653198242188
-0.119232177734375 -0.1868896484375 -0.291656494140625 -0.11553955078125
-0.1136474609375 -0.212982177734375 -0.27532958984375 -0.0681457519531251
-0.15802001953125 -0.200775146484375 -0.308502197265625 -0.1158447265625
-0.106781005859375 -0.210250854492188 -0.254959106445313 -0.214004516601563
-0.0604400634765625 -0.258956909179688 -0.13629150390625 -0.266372680664063
0.000976562500000012 -0.336761474609375 -0.0565185546875 -0.28204345703125
0.237701416015625 -0.352630615234375 0.0517120361328125 -0.255569458007813
0.385406494140625 -0.335784912109375 0.052154541015625 -0.136161804199219
0.550262451171875 -0.158416748046875 -0.242233276367187 0.0939788818359375
0.59063720703125 -0.16265869140625 -0.0580673217773437 0.0110435485839844
0.458740234375 -0.21240234375 -0.63836669921875 -0.00970458984375015
0.43756103515625 -0.32177734375 -0.402374267578125 0.443695068359375
0.223480224609375 -0.4017333984375 0.00830078124999998 0.339111328125
0.0736083984375 -0.41400146484375 0.089508056640625 0.0155410766601562
-0.1202392578125 -0.33251953125 -0.1055908203125 -0.0837783813476563
-0.226364135742188 -0.255325317382813 -0.211334228515625 -0.0285797119140625
-0.192977905273438 -0.274673461914063 -0.18170166015625 0.013916015625
-0.241256713867187 -0.264266967773438 -0.216354370117188 -0.0400238037109375
-0.15362548828125 -0.301971435546875 -0.183700561523437 -0.135787963867188
-0.04290771484375 -0.380218505859375 -0.0747222900390625 -0.221633911132813
0.088836669921875 -0.424407958984375 0.00242614746093749 -0.276046752929688
0.35906982421875 -0.3463134765625 0.129135131835938 -0.270126342773438
0.427001953125 -0.310638427734375 0.174667358398438 -0.1793212890625
0.56842041015625 -0.2069091796875 -0.0518951416015625 0.0740203857421875
0.490875244140625 -0.2977294921875 0.130615234375 -0.022613525390625
0.33233642578125 -0.28338623046875 -0.488372802734375 0.01116943359375
0.35418701171875 -0.30950927734375 -0.2977294921875 0.487762451171875
0.21539306640625 -0.39984130859375 0.0838012695312501 0.390716552734375
0.0717163085937501 -0.46875 0.139793395996094 0.102851867675781
-0.180419921875 -0.396331787109375 -0.0258121490478516 0.0271015167236328
-0.298828125 -0.28070068359375 -0.0855026245117188 0.0655136108398438
-0.242706298828125 -0.295013427734375 -0.0590438842773438 0.0930862426757812
-0.2811279296875 -0.288116455078125 -0.0997543334960938 0.0403594970703125
-0.1680908203125 -0.344879150390625 -0.0936965942382813 -0.0425033569335938
-0.00576782226562498 -0.431243896484375 -0.00311279296875 -0.15264892578125
0.17694091796875 -0.428436279296875 0.0703887939453125 -0.240615844726562
0.424163818359375 -0.2620849609375 0.219772338867188 -0.26422119140625
0.400634765625 -0.228240966796875 0.330352783203125 -0.1990966796875
0.49847412109375 -0.22271728515625 0.153594970703125 0.061798095703125
0.30145263671875 -0.349090576171875 0.295013427734375 -0.084503173828125
0.156906127929687 -0.248458862304687 -0.317840576171875 0.0211486816406249
0.249313354492187 -0.19915771484375 -0.161468505859375 0.467529296875
0.20068359375 -0.319305419921875 0.151336669921875 0.38031005859375
0.066162109375 -0.43994140625 0.174774169921875 0.17144775390625
-0.2080078125 -0.384490966796875 0.0677032470703125 0.13409423828125
-0.317047119140625 -0.256622314453125 0.061676025390625 0.148178100585937
-0.253067016601563 -0.268386840820313 0.0718231201171875 0.157958984375
-0.282623291015625 -0.267974853515625 0.020965576171875 0.114662170410156
-0.158416748046875 -0.335052490234375 -0.00543594360351563 0.0525665283203125
0.0350341796875 -0.4073486328125 0.0550651550292969 -0.0654754638671875
0.235260009765625 -0.34393310546875 0.125289916992188 -0.176132202148438
0.39508056640625 -0.11834716796875 0.3016357421875 -0.226806640625
0.281280517578125 -0.120269775390625 0.48992919921875 -0.174560546875
0.345458984375 -0.230712890625 0.338531494140625 0.064788818359375
0.062408447265625 -0.302642822265625 0.405517578125 -0.1517333984375
-0.00934600830078126 -0.121833801269531 -0.155746459960938 0.0155487060546875
0.168716430664063 -0.034576416015625 -0.044189453125 0.40106201171875
0.194107055664063 -0.198516845703125 0.1790771484375 0.333526611328125
0.063201904296875 -0.345947265625 0.183273315429687 0.221969604492187
-0.192169189453125 -0.308349609375 0.155685424804688 0.21942138671875
-0.27734375 -0.190109252929688 0.199600219726562 0.203811645507812
-0.225372314453125 -0.2021484375 0.18780517578125 0.198318481445313
-0.249038696289063 -0.209991455078125 0.127761840820312 0.17315673828125
-0.137664794921875 -0.281280517578125 0.0658187866210937 0.136054992675781
0.059814453125 -0.326568603515625 0.0846099853515625 0.0249176025390625
0.241470336914063 -0.204208374023438 0.146026611328125 -0.102279663085938
0.265579223632813 0.0303802490234375 0.359375 -0.17596435546875
0.0848541259765625 -0.0384979248046875 0.61932373046875 -0.113037109375
0.135650634765625 -0.2430419921875 0.471954345703125 0.0760498046875
-0.173721313476562 -0.183792114257813 0.44921875 -0.196075439453125
-0.134056091308594 0.0356292724609375 -0.0367317199707031 0.0058746337890625
0.103736877441406 0.120155334472656 0.02020263671875 0.322479248046875
0.176467895507813 -0.070404052734375 0.16375732421875 0.290313720703125
0.0586700439453125 -0.2110595703125 0.172592163085938 0.262237548828125
-0.138031005859375 -0.190963745117188 0.226058959960938 0.272216796875
-0.18756103515625 -0.09783935546875 0.3043212890625 0.225341796875
-0.162643432617187 -0.107254028320313 0.273040771484375 0.208953857421875
-0.189453125 -0.1236572265625 0.211334228515625 0.207366943359375
-0.111892700195312 -0.197006225585937 0.119720458984375 0.198516845703125
0.0603485107421875 -0.21478271484375 0.086334228515625 0.0981369018554687
0.183486938476563 -0.0558624267578125 0.134780883789062 -0.0506515502929687
0.0655899047851563 0.127410888671875 0.395599365234375 -0.143829345703125
-0.139533996582031 -0.0125732421875 0.711181640625 -0.04046630859375
-0.0880279541015625 -0.256484985351563 0.53619384765625 0.078857421875
0.34320068359375 0.23382568359375 -0.47698974609375 -0.0683898925781251
0.29791259765625 -0.0040283203125 -0.775390625 -0.0043945312499999
0.132614135742188 -0.148696899414063 -0.366943359375 0.200897216796875
-0.0503311157226563 -0.0819549560546875 -0.0865859985351562 0.0673675537109375
-0.0479927062988281 0.058746337890625 -0.0330734252929687 -0.133552551269531
0.0816879272460938 0.090118408203125 -0.14166259765625 -0.214508056640625
0.107284545898437 0.00988006591796875 -0.29315185546875 -0.19854736328125
0.0815582275390625 -0.0114364624023437 -0.322784423828125 -0.180908203125
0.08050537109375 -0.0017852783203125 -0.349700927734375 -0.2083740234375
0.0506210327148438 0.0518608093261719 -0.2825927734375 -0.286834716796875
-0.0473747253417969 0.0695304870605469 -0.194381713867187 -0.274307250976563
-0.132217407226563 -0.0605621337890625 -0.134246826171875 -0.259185791015625
-0.01470947265625 -0.223831176757813 -0.0256500244140625 -0.251678466796875
0.20892333984375 -0.203536987304688 -0.022430419921875 -0.0741043090820313
0.30474853515625 0.04168701171875 -0.465240478515625 0.11224365234375
0.49658203125 0.148193359375 -0.383392333984375 -0.0334472656249999
0.431976318359375 -0.0166015625 -0.779541015625 -0.0328979492187498
0.321807861328125 -0.1973876953125 -0.412353515625 0.2662353515625
0.079315185546875 -0.204360961914063 -0.0659866333007812 0.131950378417969
0.00490570068359375 -0.105941772460937 0.000640869140625004 -0.127891540527344
0.0275802612304688 -0.0525054931640625 -0.160675048828125 -0.216262817382813
0.00134277343749999 -0.0909805297851563 -0.316253662109375 -0.17022705078125
-0.0172576904296875 -0.119880676269531 -0.32049560546875 -0.13214111328125
-0.0443191528320313 -0.107955932617188 -0.352020263671875 -0.17083740234375
-0.0306625366210938 -0.0852737426757813 -0.287811279296875 -0.264007568359375
-0.0564498901367188 -0.0966720581054688 -0.174285888671875 -0.281646728515625
-0.0749969482421875 -0.200302124023438 -0.100372314453125 -0.269058227539063
0.10205078125 -0.3026123046875 -0.00161743164062501 -0.238739013671875
0.299652099609375 -0.295135498046875 -0.01708984375 -0.0924224853515625
0.45635986328125 -0.07440185546875 -0.38232421875 0.114105224609375
0.58660888671875 0.005126953125 -0.236358642578125 0.00190734863281251
0.490386962890625 -0.095306396484375 -0.73016357421875 -0.0291748046875
0.432220458984375 -0.263031005859375 -0.43402099609375 0.353515625
0.17999267578125 -0.319061279296875 -0.04046630859375 0.232620239257813
0.0504150390625 -0.275680541992188 0.039215087890625 -0.0744094848632813
-0.0404205322265625 -0.203964233398438 -0.152297973632812 -0.1708984375
-0.114593505859375 -0.183990478515625 -0.289398193359375 -0.1080322265625
-0.113204956054687 -0.211883544921875 -0.270111083984375 -0.062713623046875
-0.156539916992187 -0.198593139648438 -0.30352783203125 -0.109649658203125
-0.102569580078125 -0.207763671875 -0.251922607421875 -0.208938598632812
-0.0581817626953125 -0.254119873046875 -0.133621215820313 -0.2647705078125
-0.00146484374999998 -0.3311767578125 -0.0576629638671875 -0.278839111328125
0.232421875 -0.3502197265625 0.0494537353515625 -0.249160766601563
0.377044677734375 -0.330108642578125 0.0504989624023438 -0.131965637207031
0.5477294921875 -0.161773681640625 -0.236053466796875 0.097137451171875
0.58935546875 -0.1646728515625 -0.0563201904296875 0.00854492187499998
0.454864501953125 -0.209808349609375 -0.63031005859375 -0.00683593750000007
0.43218994140625 -0.32421875 -0.393218994140625 0.436798095703125
0.218231201171875 -0.397430419921875 0.011383056640625 0.330780029296875
0.068115234375 -0.410400390625 0.0866317749023438 0.00962829589843748
-0.11700439453125 -0.327728271484375 -0.106307983398437 -0.081390380859375
-0.221572875976562 -0.249237060546875 -0.209701538085938 -0.0226287841796875
-0.193130493164062 -0.27264404296875 -0.1768798828125 0.015228271484375
-0.238433837890625 -0.259780883789063 -0.2122802734375 -0.0350952148437501
-0.148406982421875 -0.296966552734375 -0.180618286132813 -0.131103515625
-0.042510986328125 -0.373748779296875 -0.072998046875 -0.22235107421875
0.084228515625 -0.41961669921875 0.000305175781249989 -0.273345947265625
0.354339599609375 -0.345367431640625 0.124114990234375 -0.2637939453125
0.418548583984375 -0.305938720703125 0.171005249023438 -0.175750732421875
0.5648193359375 -0.20782470703125 -0.0489578247070312 0.0756683349609375
0.49066162109375 -0.299468994140625 0.130462646484375 -0.0255661010742188
0.329437255859375 -0.28125 -0.48248291015625 0.0129394531249999
0.35028076171875 -0.310821533203125 -0.28857421875 0.479339599609375
0.212554931640625 -0.39752197265625 0.08624267578125 0.381744384765625
0.0651550292968751 -0.46783447265625 0.135955810546875 0.0962982177734375
-0.180755615234375 -0.389617919921875 -0.0278472900390625 0.0299453735351562
-0.295928955078125 -0.2730712890625 -0.0835342407226563 0.0684356689453125
-0.2418212890625 -0.291717529296875 -0.0551681518554688 0.091827392578125
-0.2799072265625 -0.282318115234375 -0.0962600708007813 0.043701171875
-0.16485595703125 -0.338623046875 -0.08966064453125 -0.039093017578125
-0.00762939453125004 -0.4246826171875 -0.002288818359375 -0.153701782226563
0.172119140625 -0.425933837890625 0.067413330078125 -0.238311767578125
0.419403076171875 -0.263214111328125 0.21295166015625 -0.258346557617188
0.39312744140625 -0.222686767578125 0.32452392578125 -0.195648193359375
0.495361328125 -0.22589111328125 0.154632568359375 0.0628509521484375
0.30120849609375 -0.347381591796875 0.292877197265625 -0.08892822265625
0.1553955078125 -0.246688842773438 -0.314117431640625 0.0203857421875
0.24786376953125 -0.20037841796875 -0.15472412109375 0.46112060546875
0.19830322265625 -0.318267822265625 0.152587890625 0.371063232421875
0.059326171875 -0.440032958984375 0.170989990234375 0.165573120117187
-0.208038330078125 -0.37738037109375 0.0666885375976562 0.136772155761719
-0.31475830078125 -0.24664306640625 0.061737060546875 0.14837646484375
-0.255264282226562 -0.26397705078125 0.073577880859375 0.153289794921875
-0.28009033203125 -0.261978149414063 0.0239410400390625 0.114952087402344
-0.155975341796875 -0.3272705078125 -0.00234222412109376 0.0538864135742187
0.03228759765625 -0.40118408203125 0.0553092956542969 -0.066253662109375
0.2310791015625 -0.34222412109375 0.120986938476563 -0.17449951171875
0.392059326171875 -0.119659423828125 0.2935791015625 -0.22113037109375
0.275894165039063 -0.11590576171875 0.481689453125 -0.17254638671875
0.344451904296875 -0.232208251953125 0.337646484375 0.065338134765625
0.063385009765625 -0.29986572265625 0.399993896484375 -0.156402587890625
-0.0097198486328125 -0.119522094726563 -0.155410766601563 0.0143585205078125
0.16943359375 -0.0371246337890625 -0.037384033203125 0.39312744140625
0.191024780273437 -0.200088500976563 0.178863525390625 0.323699951171875
0.0567626953125 -0.347869873046875 0.179702758789063 0.218185424804687
-0.19366455078125 -0.302398681640625 0.15509033203125 0.220611572265625
-0.276336669921875 -0.181488037109375 0.198211669921875 0.201751708984375
-0.226272583007813 -0.198257446289062 0.18817138671875 0.193328857421875
-0.248199462890625 -0.203781127929688 0.130035400390625 0.171432495117188
-0.137527465820313 -0.273345947265625 0.0692596435546875 0.135658264160156
0.056060791015625 -0.3221435546875 0.0846633911132813 0.0231857299804687
0.236724853515625 -0.205078125 0.141632080078125 -0.100494384765625
0.264450073242188 0.027801513671875 0.349822998046875 -0.171783447265625
0.0824813842773438 -0.0339584350585938 0.61083984375 -0.11163330078125
0.134613037109375 -0.243637084960938 0.46966552734375 0.07550048828125
-0.17083740234375 -0.180923461914062 0.442596435546875 -0.20098876953125
-0.133255004882813 0.036041259765625 -0.0386085510253906 0.00297927856445314
0.105758666992187 0.116180419921875 0.025146484375 0.31414794921875
0.17388916015625 -0.074859619140625 0.16290283203125 0.281494140625
0.0538787841796875 -0.213851928710937 0.169387817382813 0.259536743164063
-0.14141845703125 -0.186508178710937 0.224746704101562 0.272705078125
-0.188766479492187 -0.091949462890625 0.30059814453125 0.220947265625
-0.164230346679688 -0.104034423828125 0.271163940429688 0.20281982421875
-0.189315795898438 -0.119598388671875 0.213836669921875 0.204421997070313
-0.11376953125 -0.191085815429688 0.122833251953125 0.196701049804688
0.0556793212890625 -0.212432861328125 0.0872955322265625 0.0970382690429687
0.181015014648438 -0.0588836669921875 0.130439758300781 -0.0489730834960938
0.0677719116210938 0.125099182128906 0.384765625 -0.14300537109375
-0.138206481933594 -0.00828552246093752 0.70294189453125 -0.04290771484375
-0.0884552001953125 -0.254928588867188 0.532928466796875 0.0772705078125
0.35333251953125 0.231719970703125 -0.48602294921875 -0.066650390625
0.303009033203125 -0.006927490234375 -0.783203125 0.00122070312499989
0.132064819335938 -0.152786254882813 -0.367034912109375 0.205078125
-0.0535049438476563 -0.0792770385742188 -0.0866622924804688 0.065643310546875
-0.0470428466796875 0.0652694702148438 -0.037200927734375 -0.138771057128906
0.088958740234375 0.0892715454101563 -0.148284912109375 -0.219314575195312
0.113838195800781 0.00457000732421875 -0.299652099609375 -0.195281982421875
0.0843734741210938 -0.0150527954101563 -0.327911376953125 -0.176239013671875
0.0825958251953125 -0.0048828125 -0.357330322265625 -0.20538330078125
0.0564689636230469 0.0493125915527344 -0.2890625 -0.287994384765625
-0.0429916381835938 0.0715103149414062 -0.198501586914063 -0.278640747070313
-0.135902404785156 -0.0575637817382813 -0.137481689453125 -0.26025390625
-0.0187835693359375 -0.224945068359375 -0.0276336669921875 -0.253814697265625
0.207290649414063 -0.20916748046875 -0.0234527587890625 -0.0743331909179688
0.312896728515625 0.03790283203125 -0.469085693359375 0.1226806640625
0.508209228515625 0.144073486328125 -0.389495849609375 -0.03253173828125
0.438720703125 -0.0196533203125 -0.7886962890625 -0.0258178710937501
0.3251953125 -0.205902099609375 -0.411834716796875 0.27105712890625
0.075958251953125 -0.20501708984375 -0.0647354125976563 0.131401062011719
0.00379180908203125 -0.103950500488281 -0.00345611572265624 -0.13427734375
0.0327110290527344 -0.0542221069335938 -0.168060302734375 -0.220291137695313
0.00583648681640626 -0.0948867797851563 -0.32269287109375 -0.16387939453125
-0.0176544189453125 -0.123764038085938 -0.32501220703125 -0.12725830078125
-0.0456161499023438 -0.110130310058594 -0.358612060546875 -0.166168212890625
-0.0274887084960937 -0.0879669189453125 -0.292938232421875 -0.264190673828125
-0.054534912109375 -0.0967788696289062 -0.17919921875 -0.2861328125
-0.07904052734375 -0.200714111328125 -0.104690551757813 -0.2723388671875
0.09906005859375 -0.307159423828125 -0.00361633300781249 -0.239990234375
0.29833984375 -0.3009033203125 -0.0180206298828125 -0.0916595458984375
0.465850830078125 -0.083343505859375 -0.383453369140625 0.122589111328125
0.59869384765625 -0.00341796875 -0.239608764648437 0.00244140624999995
0.4989013671875 -0.100982666015625 -0.7401123046875 -0.0220947265625001
0.436370849609375 -0.273040771484375 -0.43310546875 0.358917236328125
0.177520751953125 -0.323089599609375 -0.03741455078125 0.232772827148437
0.0471343994140625 -0.2789306640625 0.0360565185546875 -0.0817108154296875
-0.0400238037109375 -0.20587158203125 -0.15899658203125 -0.172515869140625
-0.113265991210938 -0.186325073242187 -0.294097900390625 -0.101959228515625
-0.117050170898438 -0.215469360351563 -0.272537231445313 -0.058258056640625
-0.159515380859375 -0.198699951171875 -0.307708740234375 -0.103790283203125
-0.1011962890625 -0.21026611328125 -0.255706787109375 -0.208236694335937
-0.0594329833984375 -0.255996704101563 -0.138214111328125 -0.27044677734375
-0.00595092773437502 -0.33544921875 -0.062042236328125 -0.28192138671875
0.2322998046875 -0.358062744140625 0.04791259765625 -0.250137329101562
0.375946044921875 -0.3369140625 0.0492706298828125 -0.131416320800781
0.55853271484375 -0.171630859375 -0.23638916015625 0.10418701171875
0.6016845703125 -0.17620849609375 -0.0562248229980468 0.0076637268066406
0.461700439453125 -0.2171630859375 -0.63775634765625 -0.00085449218749997
0.437286376953125 -0.334808349609375 -0.39202880859375 0.44342041015625
0.218017578125 -0.403350830078125 0.015777587890625 0.3311767578125
0.0616455078125 -0.418365478515625 0.084197998046875 0.00289154052734372
-0.120697021484375 -0.33013916015625 -0.111129760742188 -0.0817184448242188
-0.223907470703125 -0.2491455078125 -0.211944580078125 -0.0174102783203125
-0.199966430664063 -0.275405883789062 -0.176956176757813 0.017974853515625
-0.244522094726563 -0.259124755859375 -0.213668823242188 -0.0292205810546875
-0.149993896484375 -0.299407958984375 -0.18182373046875 -0.129135131835938
-0.04583740234375 -0.376129150390625 -0.0756378173828125 -0.228057861328125
0.080596923828125 -0.426788330078125 -0.00369262695312503 -0.276535034179688
0.355621337890625 -0.355926513671875 0.12213134765625 -0.264404296875
0.420135498046875 -0.310546875 0.171112060546875 -0.176681518554688
0.57537841796875 -0.21990966796875 -0.0455551147460937 0.0801925659179687
0.4989013671875 -0.31182861328125 0.133560180664063 -0.0306015014648438
0.33245849609375 -0.28900146484375 -0.48876953125 0.0175170898437499
0.35302734375 -0.32269287109375 -0.2847900390625 0.485931396484375
0.211090087890625 -0.40545654296875 0.0931396484375 0.38092041015625
0.056671142578125 -0.478271484375 0.136268615722656 0.091888427734375
-0.18695068359375 -0.391143798828125 -0.0290431976318359 0.0319805145263672
-0.300506591796875 -0.270263671875 -0.0839004516601563 0.0730133056640625
-0.25164794921875 -0.293121337890625 -0.0532684326171875 0.0922698974609375
-0.286529541015625 -0.280853271484375 -0.0941162109375 0.0482330322265625
-0.1673583984375 -0.339569091796875 -0.088287353515625 -0.0366592407226563
-0.01287841796875 -0.429290771484375 -0.00320434570312502 -0.15826416015625
0.1685791015625 -0.43487548828125 0.0643463134765625 -0.241912841796875
0.4248046875 -0.27386474609375 0.211318969726563 -0.259902954101562
0.394500732421875 -0.227142333984375 0.326507568359375 -0.200042724609375
0.50482177734375 -0.237548828125 0.160202026367188 0.0645294189453125
0.3045654296875 -0.358856201171875 0.29693603515625 -0.097686767578125
0.1552734375 -0.251739501953125 -0.3189697265625 0.02227783203125
0.249603271484375 -0.209808349609375 -0.148406982421875 0.465240478515625
0.198333740234375 -0.32733154296875 0.158355712890625 0.36859130859375
0.050262451171875 -0.4515380859375 0.17242431640625 0.162750244140625
-0.216796875 -0.378570556640625 0.06866455078125 0.141143798828125
-0.3218994140625 -0.241455078125 0.064666748046875 0.151351928710937
-0.265579223632813 -0.26495361328125 0.0780181884765625 0.152542114257812
-0.287872314453125 -0.25994873046875 0.0288848876953125 0.118110656738281
-0.160491943359375 -0.328369140625 0.00233459472656248 0.0564308166503906
0.027191162109375 -0.4058837890625 0.0561676025390625 -0.069732666015625
0.2305908203125 -0.351654052734375 0.118804931640625 -0.177047729492188
0.398529052734375 -0.12725830078125 0.2913818359375 -0.224761962890625
0.277755737304688 -0.1153564453125 0.486541748046875 -0.17987060546875
0.34881591796875 -0.243560791015625 0.345733642578125 0.06439208984375
0.0643310546875 -0.30615234375 0.40472412109375 -0.16815185546875
-0.0117950439453125 -0.120368957519531 -0.159576416015625 0.0133209228515625
0.173858642578125 -0.0415191650390625 -0.0302734375 0.395294189453125
0.191909790039062 -0.209365844726562 0.18389892578125 0.320709228515625
0.04931640625 -0.3580322265625 0.18243408203125 0.217636108398437
-0.203369140625 -0.303314208984375 0.160018920898438 0.225845336914062
-0.28289794921875 -0.17572021484375 0.20355224609375 0.202774047851563
-0.235626220703125 -0.196746826171875 0.193832397460938 0.190399169921875
-0.255294799804688 -0.2017822265625 0.137588500976562 0.172744750976563
-0.142913818359375 -0.273635864257813 0.0755691528320312 0.138504028320312
0.0511474609375 -0.32659912109375 0.0872726440429688 0.0221786499023437
0.23779296875 -0.213272094726563 0.140670776367188 -0.101593017578125
0.27154541015625 0.0244903564453125 0.346710205078125 -0.173919677734375
0.0831680297851563 -0.0307464599609375 0.616455078125 -0.12017822265625
0.134689331054687 -0.251449584960937 0.4793701171875 0.073974609375
-0.174163818359375 -0.181594848632813 0.4454345703125 -0.2144775390625
-0.135787963867188 0.0395584106445313 -0.0417594909667969 0.00107192993164062
0.110786437988281 0.115150451660156 0.031982421875 0.31451416015625
0.174575805664063 -0.081695556640625 0.167098999023438 0.278976440429688
0.0477752685546875 -0.221511840820313 0.172775268554688 0.26116943359375
-0.148910522460938 -0.185516357421875 0.231292724609375 0.278289794921875
-0.194015502929687 -0.0861663818359375 0.307708740234375 0.220245361328125
-0.1710205078125 -0.102218627929688 0.27716064453125 0.19964599609375
-0.195098876953125 -0.116470336914063 0.222396850585937 0.20391845703125
-0.119186401367187 -0.189590454101562 0.131088256835938 0.200149536132813
0.05108642578125 -0.216567993164062 0.09088134765625 0.098052978515625
0.183242797851563 -0.0636749267578125 0.12982177734375 -0.048431396484375
0.072235107421875 0.12548828125 0.38433837890625 -0.147247314453125
-0.139968872070313 -0.00398254394531249 0.7113037109375 -0.050048828125
-0.0929718017578125 -0.2611083984375 0.5433349609375 0.075439453125
0.373138427734375 0.2236328125 -0.502349853515625 -0.0526733398437499
0.31085205078125 -0.017608642578125 -0.79901123046875 0.0292358398437499
0.129852294921875 -0.161727905273438 -0.365386962890625 0.219390869140625
-0.0587005615234375 -0.076446533203125 -0.0860366821289063 0.0675277709960937
-0.0444793701171875 0.0730514526367188 -0.0460357666015625 -0.144058227539063
0.0990982055664063 0.0870437622070312 -0.162734985351563 -0.222946166992188
0.1209716796875 -0.0049285888671875 -0.314453125 -0.184783935546875
0.0871963500976563 -0.0208587646484375 -0.34149169921875 -0.165191650390625
0.085723876953125 -0.0101547241210938 -0.3729248046875 -0.195343017578125
0.0638580322265625 0.0454216003417969 -0.305206298828125 -0.28448486328125
-0.036468505859375 0.0752182006835938 -0.211776733398438 -0.27984619140625
-0.141647338867188 -0.050750732421875 -0.148468017578125 -0.260498046875
-0.0281219482421875 -0.2286376953125 -0.036102294921875 -0.256973266601563
0.203155517578125 -0.221237182617188 -0.0262222290039062 -0.0750274658203125
0.325347900390625 0.0264892578125 -0.4736328125 0.145721435546875
0.530242919921875 0.127716064453125 -0.400604248046875 -0.020477294921875
0.450531005859375 -0.03448486328125 -0.80682373046875 0.000183105468749886
0.324462890625 -0.223388671875 -0.4095458984375 0.288726806640625
0.07049560546875 -0.209732055664063 -0.0609054565429687 0.133293151855469
0.000778198242187501 -0.102493286132813 -0.0120697021484375 -0.1424560546875
0.0360946655273438 -0.0569038391113281 -0.18328857421875 -0.223037719726563
0.00719451904296876 -0.101737976074219 -0.335784912109375 -0.15252685546875
-0.0211639404296875 -0.128372192382813 -0.336334228515625 -0.115020751953125
-0.04925537109375 -0.112503051757813 -0.37249755859375 -0.154052734375
-0.0271530151367187 -0.0919189453125 -0.30902099609375 -0.25958251953125
-0.0557174682617188 -0.0965423583984375 -0.1927490234375 -0.289093017578125
-0.0886688232421875 -0.200286865234375 -0.117279052734375 -0.273818969726563
0.09039306640625 -0.317779541015625 -0.0112457275390625 -0.242645263671875
0.293975830078125 -0.316925048828125 -0.0212020874023437 -0.09259033203125
0.478057861328125 -0.104461669921875 -0.386138916015625 0.14239501953125
0.6181640625 -0.0272216796875 -0.244781494140625 0.00965881347656255
0.509429931640625 -0.118927001953125 -0.75689697265625 0.00103759765624985
0.438018798828125 -0.29827880859375 -0.428955078125 0.379425048828125
0.170562744140625 -0.334808349609375 -0.0292510986328125 0.23565673828125
0.03662109375 -0.28509521484375 0.0298614501953125 -0.09027099609375
-0.044158935546875 -0.209014892578125 -0.171920776367187 -0.17340087890625
-0.11810302734375 -0.188858032226563 -0.30517578125 -0.0897216796875
-0.127578735351563 -0.21844482421875 -0.279891967773438 -0.0488739013671875
-0.16961669921875 -0.197845458984375 -0.317169189453125 -0.089996337890625
-0.107391357421875 -0.213272094726563 -0.267913818359375 -0.202590942382812
-0.06658935546875 -0.259414672851562 -0.150344848632813 -0.27398681640625
-0.019927978515625 -0.343048095703125 -0.07342529296875 -0.2860107421875
0.225250244140625 -0.376434326171875 0.0412445068359375 -0.254638671875
0.37249755859375 -0.355438232421875 0.04608154296875 -0.134696960449219
0.57061767578125 -0.20001220703125 -0.234939575195312 0.118148803710937
0.61273193359375 -0.20404052734375 -0.0561981201171875 0.00855255126953123
0.466827392578125 -0.23956298828125 -0.65216064453125 0.0205078125
0.43511962890625 -0.36236572265625 -0.385223388671875 0.464630126953125
0.209503173828125 -0.420562744140625 0.0284423828125 0.33367919921875
0.045440673828125 -0.430450439453125 0.0825653076171875 -0.00489807128906253
-0.133575439453125 -0.33233642578125 -0.119956970214844 -0.0796737670898438
-0.2349853515625 -0.247055053710938 -0.217529296875 -0.00643920898437504
-0.215866088867188 -0.275543212890625 -0.179672241210938 0.0253448486328125
-0.258773803710937 -0.254608154296875 -0.217117309570313 -0.01849365234375
-0.161346435546875 -0.3017578125 -0.187973022460938 -0.124069213867188
-0.059661865234375 -0.383636474609375 -0.085418701171875 -0.232879638671875
0.064910888671875 -0.439483642578125 -0.014434814453125 -0.28253173828125
0.3531494140625 -0.37939453125 0.116714477539063 -0.271697998046875
0.418182373046875 -0.330322265625 0.169265747070313 -0.184814453125
0.58538818359375 -0.25018310546875 -0.0406265258789062 0.0866317749023438
0.504180908203125 -0.340362548828125 0.137214660644531 -0.0382614135742188
0.33038330078125 -0.308685302734375 -0.500213623046875 0.0343017578125001
0.351287841796875 -0.347076416015625 -0.2738037109375 0.5028076171875
0.2021484375 -0.424835205078125 0.108856201171875 0.3812255859375
0.036651611328125 -0.4940185546875 0.139205932617188 0.084075927734375
-0.206085205078125 -0.3935546875 -0.029989242553711 0.0351390838623047
-0.31439208984375 -0.263519287109375 -0.0831832885742188 0.0803756713867187
-0.270477294921875 -0.29034423828125 -0.0502166748046875 0.0951995849609375
-0.3040771484375 -0.273834228515625 -0.0906524658203125 0.0552597045898437
-0.18084716796875 -0.342132568359375 -0.0878372192382813 -0.0327529907226563
-0.02874755859375 -0.437530517578125 -0.008697509765625 -0.16387939453125
0.1553955078125 -0.4520263671875 0.0549774169921875 -0.248992919921875
0.426513671875 -0.297393798828125 0.20599365234375 -0.26898193359375
0.39617919921875 -0.241546630859375 0.327392578125 -0.21484375
0.51214599609375 -0.265777587890625 0.169876098632813 0.06256103515625
0.303192138671875 -0.382781982421875 0.30133056640625 -0.1148681640625
0.150314331054687 -0.263519287109375 -0.327789306640625 0.0324401855468749
0.2503662109375 -0.226531982421875 -0.132904052734375 0.47662353515625
0.191314697265625 -0.345123291015625 0.175567626953125 0.365203857421875
0.030059814453125 -0.46771240234375 0.179229736328125 0.156570434570312
-0.238311767578125 -0.379425048828125 0.0749359130859375 0.143798828125
-0.33660888671875 -0.2332763671875 0.071563720703125 0.153549194335938
-0.283416748046875 -0.25897216796875 0.08642578125 0.150619506835937
-0.30560302734375 -0.25238037109375 0.0381851196289062 0.121170043945312
-0.174530029296875 -0.329010009765625 0.00833511352539061 0.0590896606445312
0.011627197265625 -0.4136962890625 0.0550918579101563 -0.0748519897460938
0.2215576171875 -0.369384765625 0.113662719726563 -0.184066772460938
0.4058837890625 -0.147308349609375 0.28765869140625 -0.23516845703125
0.280929565429688 -0.123367309570313 0.488800048828125 -0.20074462890625
0.350006103515625 -0.26446533203125 0.35931396484375 0.0560302734375
0.057403564453125 -0.318359375 0.408447265625 -0.1923828125
-0.0167388916015625 -0.12188720703125 -0.165969848632813 0.017303466796875
0.178268432617188 -0.05181884765625 -0.015045166015625 0.400482177734375
0.187637329101563 -0.224349975585938 0.2000732421875 0.31494140625
0.03204345703125 -0.372222900390625 0.192916870117188 0.2135009765625
-0.221923828125 -0.30108642578125 0.171920776367188 0.22869873046875
-0.296112060546875 -0.16455078125 0.215789794921875 0.2001953125
-0.251541137695312 -0.1907958984375 0.205963134765625 0.184890747070313
-0.270645141601563 -0.194381713867188 0.151947021484375 0.171524047851563
-0.156234741210938 -0.272598266601562 0.0864410400390625 0.140487670898437
0.037994384765625 -0.335357666015625 0.0911941528320313 0.0197372436523437
0.235321044921875 -0.228759765625 0.138595581054688 -0.107101440429688
0.28106689453125 0.013946533203125 0.345489501953125 -0.186492919921875
0.08404541015625 -0.0301513671875 0.62664794921875 -0.14422607421875
0.128463745117187 -0.265350341796875 0.49615478515625 0.06121826171875
-0.183563232421875 -0.181503295898438 0.44573974609375 -0.2415771484375
-0.138404846191406 0.0470046997070313 -0.0467720031738281 -0.000183105468749999
0.120597839355469 0.111518859863281 0.04559326171875 0.3145751953125
0.17364501953125 -0.0947265625 0.179168701171875 0.273681640625
0.035003662109375 -0.23126220703125 0.1856689453125 0.260421752929688
-0.163345336914063 -0.181854248046875 0.246673583984375 0.280960083007813
-0.203140258789063 -0.0764617919921875 0.32098388671875 0.213592529296875
-0.182754516601563 -0.0959320068359376 0.29107666015625 0.191680908203125
-0.206222534179688 -0.109909057617188 0.23956298828125 0.199066162109375
-0.130630493164062 -0.188125610351563 0.145645141601563 0.2008056640625
0.0416107177734375 -0.223602294921875 0.0979156494140625 0.0981597900390625
0.185089111328125 -0.0740966796875 0.129890441894531 -0.0513381958007813
0.0810012817382813 0.125343322753906 0.38287353515625 -0.160369873046875
-0.143325805664063 0.00418090820312502 0.725830078125 -0.077880859375
-0.105850219726562 -0.266372680664063 0.561431884765625 0.059783935546875
0.39373779296875 0.2039794921875 -0.5128173828125 -0.0258178710937499
0.315185546875 -0.03668212890625 -0.80419921875 0.0751953124999999
0.120834350585938 -0.172592163085938 -0.353851318359375 0.239898681640625
-0.0642623901367188 -0.071136474609375 -0.0822830200195313 0.0700302124023437
-0.0374679565429688 0.0813522338867188 -0.057586669921875 -0.145797729492188
0.110115051269531 0.0806961059570312 -0.180343627929687 -0.219375610351563
0.125251770019531 -0.0183334350585938 -0.32794189453125 -0.16619873046875
0.089324951171875 -0.0290298461914063 -0.3548583984375 -0.14306640625
0.088409423828125 -0.0173568725585938 -0.387939453125 -0.172210693359375
0.0710601806640625 0.039154052734375 -0.325042724609375 -0.2718505859375
-0.02886962890625 0.0781173706054687 -0.22967529296875 -0.272201538085938
-0.145950317382813 -0.0395660400390625 -0.164138793945312 -0.25396728515625
-0.0423736572265625 -0.227798461914063 -0.0509185791015625 -0.25653076171875
0.190887451171875 -0.235824584960937 -0.0305633544921875 -0.0747451782226563
0.333251953125 0.005889892578125 -0.467742919921875 0.179290771484375
0.54681396484375 0.0977783203125 -0.407257080078125 0.000854492187499929
0.456085205078125 -0.06121826171875 -0.814453125 0.046142578125
0.315887451171875 -0.247467041015625 -0.39447021484375 0.30975341796875
0.058624267578125 -0.213302612304688 -0.0525054931640625 0.134819030761719
-0.00392913818359375 -0.09930419921875 -0.0237274169921875 -0.14691162109375
0.038238525390625 -0.0610466003417969 -0.202362060546875 -0.2164306640625
0.00518798828125001 -0.108596801757813 -0.3492431640625 -0.13116455078125
-0.0278472900390625 -0.130973815917969 -0.346282958984375 -0.09326171875
-0.0541610717773437 -0.111572265625 -0.38409423828125 -0.127716064453125
-0.0290374755859375 -0.093994140625 -0.328155517578125 -0.245025634765625
-0.0582122802734375 -0.09521484375 -0.211029052734375 -0.282928466796875
-0.10186767578125 -0.1951904296875 -0.132492065429688 -0.26947021484375
0.07305908203125 -0.32672119140625 -0.02374267578125 -0.244049072265625
0.27655029296875 -0.336090087890625 -0.0267486572265625 -0.0917510986328125
0.4820556640625 -0.13623046875 -0.378692626953125 0.17041015625
0.6270751953125 -0.06500244140625 -0.246078491210937 0.0234222412109375
0.51019287109375 -0.148590087890625 -0.7645263671875 0.0447387695312501
0.42401123046875 -0.332000732421875 -0.410675048828125 0.405059814453125
0.153045654296875 -0.3466796875 -0.0151519775390625 0.235946655273437
0.0198974609375 -0.287628173828125 0.0210723876953125 -0.09796142578125
-0.0537261962890625 -0.209274291992188 -0.188674926757813 -0.166656494140625
-0.1268310546875 -0.187591552734375 -0.313995361328125 -0.0687255859375
-0.141983032226562 -0.215103149414062 -0.285247802734375 -0.030364990234375
-0.18157958984375 -0.190444946289063 -0.323150634765625 -0.068023681640625
-0.11834716796875 -0.212249755859375 -0.281402587890625 -0.1883544921875
-0.0803985595703125 -0.258880615234375 -0.168502807617187 -0.270843505859375
-0.040435791015625 -0.3443603515625 -0.09124755859375 -0.2847900390625
0.20684814453125 -0.395751953125 0.0288543701171875 -0.258132934570313
0.355621337890625 -0.3795166015625 0.0393829345703125 -0.137474060058594
0.57012939453125 -0.2393798828125 -0.22711181640625 0.13653564453125
0.612548828125 -0.2471923828125 -0.0543174743652343 0.0103836059570312
0.46026611328125 -0.268524169921875 -0.65771484375 0.0573730468749999
0.418670654296875 -0.396026611328125 -0.361083984375 0.48846435546875
0.187347412109375 -0.4378662109375 0.049346923828125 0.330902099609375
0.01824951171875 -0.437957763671875 0.0787734985351563 -0.015777587890625
-0.152923583984375 -0.328765869140625 -0.129608154296875 -0.07305908203125
-0.24847412109375 -0.2373046875 -0.2208251953125 0.00964355468750002
-0.23583984375 -0.265792846679688 -0.1795654296875 0.0368499755859375
-0.2767333984375 -0.2412109375 -0.216629028320313 -0.00230407714843752
-0.178741455078125 -0.29779052734375 -0.194091796875 -0.113632202148437
-0.081207275390625 -0.383087158203125 -0.10028076171875 -0.232391357421875
0.0384521484375 -0.448944091796875 -0.031768798828125 -0.28411865234375
0.334869384765625 -0.40631103515625 0.103347778320313 -0.278564453125
0.404022216796875 -0.35589599609375 0.16015625 -0.195053100585938
0.58160400390625 -0.29315185546875 -0.0322647094726562 0.0927734375
0.493743896484375 -0.380279541015625 0.137832641601563 -0.0500411987304688
0.318389892578125 -0.330810546875 -0.505523681640625 0.062835693359375
0.33367919921875 -0.37518310546875 -0.24737548828125 0.52081298828125
0.179412841796875 -0.442657470703125 0.1319580078125 0.37286376953125
0.00283813476562504 -0.504241943359375 0.140701293945313 0.0709228515625
-0.23211669921875 -0.38543701171875 -0.0309486389160156 0.0383796691894531
-0.332427978515625 -0.247039794921875 -0.07916259765625 0.0882415771484375
-0.293365478515625 -0.276885986328125 -0.0444259643554688 0.0980148315429688
-0.323699951171875 -0.256805419921875 -0.0839767456054688 0.0631561279296875
-0.202178955078125 -0.334503173828125 -0.08648681640625 -0.0274887084960938
-0.054412841796875 -0.440948486328125 -0.0187530517578125 -0.166915893554688
0.1285400390625 -0.46722412109375 0.0405731201171875 -0.253677368164063
0.414337158203125 -0.330474853515625 0.193679809570313 -0.279769897460937
0.389190673828125 -0.265716552734375 0.3179931640625 -0.23455810546875
0.50390625 -0.30474853515625 0.17877197265625 0.0555267333984375
0.287109375 -0.40972900390625 0.2977294921875 -0.138702392578125
0.13677978515625 -0.274261474609375 -0.331146240234375 0.051361083984375
0.240753173828125 -0.247512817382813 -0.106964111328125 0.48504638671875
0.17205810546875 -0.3631591796875 0.198822021484375 0.35260009765625
-0.00259399414062503 -0.47802734375 0.186996459960937 0.143768310546875
-0.264556884765625 -0.3675537109375 0.0836944580078125 0.143646240234375
-0.353607177734375 -0.212310791015625 0.08135986328125 0.152084350585938
-0.304901123046875 -0.24395751953125 0.095733642578125 0.145309448242187
-0.3258056640625 -0.234130859375 0.0504913330078125 0.120391845703125
-0.196014404296875 -0.322265625 0.0166893005371094 0.0599594116210937
-0.0123291015625 -0.419403076171875 0.0520706176757812 -0.0795059204101563
0.20050048828125 -0.38751220703125 0.10260009765625 -0.190933227539063
0.40411376953125 -0.17596435546875 0.277938842773438 -0.250946044921875
0.277496337890625 -0.137496948242188 0.482421875 -0.22991943359375
0.33941650390625 -0.29327392578125 0.370208740234375 0.037078857421875
0.040802001953125 -0.329010009765625 0.398895263671875 -0.2244873046875
-0.02484130859375 -0.120872497558594 -0.170166015625 0.0261077880859375
0.178695678710938 -0.0658111572265625 0.00891113281249999 0.401580810546875
0.176223754882813 -0.241607666015625 0.21630859375 0.300933837890625
0.00411987304687501 -0.381317138671875 0.203826904296875 0.201400756835937
-0.2449951171875 -0.28912353515625 0.188461303710937 0.224044799804687
-0.308990478515625 -0.144561767578125 0.229461669921875 0.190353393554688
-0.269378662109375 -0.174880981445313 0.218978881835937 0.171722412109375
-0.287017822265625 -0.17755126953125 0.167938232421875 0.162338256835938
-0.173980712890625 -0.265151977539063 0.100967407226562 0.13720703125
0.017578125 -0.34075927734375 0.0941543579101563 0.0142593383789062
0.223678588867188 -0.246383666992188 0.132179260253906 -0.113815307617188
0.287994384765625 -0.004364013671875 0.3355712890625 -0.20574951171875
0.0843429565429688 -0.0317535400390625 0.62457275390625 -0.1820068359375
0.113525390625 -0.279251098632812 0.509063720703125 0.03497314453125
-0.195510864257813 -0.174102783203125 0.43267822265625 -0.274932861328125
-0.138404846191406 0.057708740234375 -0.0520286560058594 0.00119400024414064
0.130409240722656 0.103279113769531 0.064483642578125 0.310943603515625
0.1676025390625 -0.109466552734375 0.193069458007813 0.260757446289063
0.01495361328125 -0.238739013671875 0.20062255859375 0.2508544921875
-0.17913818359375 -0.170700073242188 0.267776489257813 0.271026611328125
-0.210189819335938 -0.060272216796875 0.33758544921875 0.1971435546875
-0.193283081054688 -0.0832977294921875 0.305755615234375 0.173553466796875
-0.21771240234375 -0.0967254638671875 0.258514404296875 0.184036254882812
-0.145004272460937 -0.179718017578125 0.16412353515625 0.194854736328125
0.0264739990234375 -0.228912353515625 0.105842590332031 0.0955352783203125
0.18328857421875 -0.0884246826171875 0.126914978027344 -0.056793212890625
0.0916595458984375 0.120620727539063 0.373077392578125 -0.182220458984375
-0.144821166992187 0.0144805908203125 0.7286376953125 -0.122802734375
-0.125930786132813 -0.26568603515625 0.5723876953125 0.02935791015625
0.403717041015625 0.175048828125 -0.505706787109375 0.00433349609374995
0.30908203125 -0.05572509765625 -0.78619384765625 0.12152099609375
0.106231689453125 -0.179519653320313 -0.330963134765625 0.25079345703125
-0.0678863525390625 -0.0643234252929688 -0.0751419067382813 0.0706100463867188
-0.0275650024414062 0.0864639282226562 -0.06866455078125 -0.14263916015625
0.118049621582031 0.070068359375 -0.19647216796875 -0.207321166992188
0.12396240234375 -0.03192138671875 -0.3338623046875 -0.139251708984375
0.088043212890625 -0.0372238159179688 -0.354888916015625 -0.115020751953125
0.0881271362304687 -0.025146484375 -0.391387939453125 -0.140716552734375
0.0748443603515625 0.0304641723632812 -0.338348388671875 -0.24725341796875
-0.0194931030273437 0.07818603515625 -0.241317749023438 -0.256332397460938
-0.145416259765625 -0.0270843505859375 -0.175445556640625 -0.237930297851563
-0.0569915771484375 -0.220489501953125 -0.0652923583984375 -0.248153686523438
0.171432495117188 -0.2435302734375 -0.0349502563476562 -0.0716400146484375
0.33099365234375 -0.01580810546875 -0.445220947265625 0.2108154296875
0.548370361328125 0.059661865234375 -0.3995361328125 0.024078369140625
0.447509765625 -0.08770751953125 -0.79656982421875 0.0925292968749999
0.29266357421875 -0.26629638671875 -0.3673095703125 0.324981689453125
0.0443115234375 -0.211593627929688 -0.0422134399414062 0.132080078125
-0.00792694091796876 -0.0937881469726562 -0.03680419921875 -0.146942138671875
0.0377998352050781 -0.0634994506835938 -0.218124389648437 -0.202468872070313
0.000289916992187503 -0.112289428710937 -0.350433349609375 -0.103057861328125
-0.0349578857421875 -0.129989624023438 -0.345001220703125 -0.066375732421875
-0.0579681396484375 -0.108070373535156 -0.38397216796875 -0.0983276367187501
-0.032073974609375 -0.0945587158203125 -0.33770751953125 -0.220916748046875
-0.0595245361328125 -0.0898208618164062 -0.225067138671875 -0.2684326171875
-0.111709594726563 -0.183853149414063 -0.146453857421875 -0.2557373046875
0.05096435546875 -0.32611083984375 -0.0366058349609375 -0.237213134765625
0.251129150390625 -0.347503662109375 -0.0322418212890625 -0.0876693725585938
0.468841552734375 -0.16583251953125 -0.35748291015625 0.194915771484375
0.61749267578125 -0.10638427734375 -0.238845825195313 0.0364227294921875
0.4964599609375 -0.178009033203125 -0.74981689453125 0.089111328125
0.393707275390625 -0.35546875 -0.3778076171875 0.41839599609375
0.1298828125 -0.35009765625 0.00056457519531252 0.22906494140625
0.00175476074218748 -0.280853271484375 0.00892639160156249 -0.102119445800781
-0.062744140625 -0.203094482421875 -0.200881958007813 -0.15216064453125
-0.134552001953125 -0.179916381835938 -0.3135986328125 -0.0445251464843749
-0.15350341796875 -0.204391479492187 -0.280914306640625 -0.00891113281249995
-0.188751220703125 -0.175735473632813 -0.31903076171875 -0.0433044433593751
-0.127456665039063 -0.204254150390625 -0.286651611328125 -0.166748046875
-0.0924530029296875 -0.250030517578125 -0.182281494140625 -0.25787353515625
-0.06158447265625 -0.335235595703125 -0.106414794921875 -0.273757934570312
0.179351806640625 -0.4036865234375 0.01470947265625 -0.254150390625
0.32647705078125 -0.39208984375 0.030364990234375 -0.136505126953125
0.54656982421875 -0.2730712890625 -0.211318969726563 0.150726318359375
0.59051513671875 -0.28704833984375 -0.050750732421875 0.0118675231933594
0.4385986328125 -0.29168701171875 -0.64404296875 0.0953979492187499
0.3863525390625 -0.420196533203125 -0.326324462890625 0.4990234375
0.15716552734375 -0.443267822265625 0.068450927734375 0.3177490234375
-0.012939453125 -0.429840087890625 0.0708084106445313 -0.02484130859375
-0.169189453125 -0.31219482421875 -0.135757446289063 -0.0635223388671875
-0.257843017578125 -0.219192504882813 -0.21649169921875 0.0265655517578125
-0.250396728515625 -0.247055053710937 -0.173370361328125 0.0483856201171875
-0.285491943359375 -0.21893310546875 -0.209075927734375 0.0142669677734375
-0.192352294921875 -0.28326416015625 -0.1954345703125 -0.0986785888671875
-0.101654052734375 -0.3720703125 -0.112808227539063 -0.224075317382813
0.00836181640624999 -0.442840576171875 -0.0485076904296875 -0.276016235351563
0.305267333984375 -0.424285888671875 0.0869903564453125 -0.278610229492188
0.37664794921875 -0.372894287109375 0.14569091796875 -0.200881958007813
0.556243896484375 -0.32958984375 -0.0217437744140625 0.0953216552734375
0.464508056640625 -0.408782958984375 0.13348388671875 -0.0601577758789063
0.294525146484375 -0.344207763671875 -0.492584228515625 0.0921936035156249
0.305084228515625 -0.392333984375 -0.2132568359375 0.522979736328125
0.149871826171875 -0.4483642578125 0.15069580078125 0.354095458984375
-0.03228759765625 -0.4959716796875 0.137405395507813 0.056854248046875
-0.25152587890625 -0.363128662109375 -0.0305900573730469 0.0411796569824219
-0.339691162109375 -0.220916748046875 -0.0734176635742188 0.0937347412109375
-0.308135986328125 -0.25146484375 -0.0380172729492188 0.0992431640625
-0.333648681640625 -0.22979736328125 -0.0739669799804688 0.0681381225585937
-0.218505859375 -0.3172607421875 -0.0831756591796875 -0.0213241577148438
-0.079193115234375 -0.428863525390625 -0.0283050537109375 -0.164291381835938
0.096160888671875 -0.467987060546875 0.023956298828125 -0.250106811523438
0.389678955078125 -0.354156494140625 0.174285888671875 -0.2847900390625
0.366912841796875 -0.280426025390625 0.298370361328125 -0.249908447265625
0.477325439453125 -0.334503173828125 0.183639526367188 0.045379638671875
0.258880615234375 -0.427490234375 0.284027099609375 -0.158355712890625
0.117538452148438 -0.277267456054688 -0.325714111328125 0.069976806640625
0.221511840820312 -0.261245727539063 -0.0755310058593749 0.47991943359375
0.146392822265625 -0.369598388671875 0.21270751953125 0.32977294921875
-0.038543701171875 -0.470703125 0.18701171875 0.12603759765625
-0.283966064453125 -0.34234619140625 0.0902023315429688 0.137886047363281
-0.359832763671875 -0.18426513671875 0.088897705078125 0.146026611328125
-0.31878662109375 -0.21826171875 0.102912902832031 0.135116577148438
-0.335235595703125 -0.20770263671875 0.061737060546875 0.113525390625
-0.212432861328125 -0.3031005859375 0.0241241455078125 0.0573272705078125
-0.0396728515625 -0.410247802734375 0.0463790893554688 -0.0815811157226563
0.17144775390625 -0.3956298828125 0.08868408203125 -0.191665649414063
0.388580322265625 -0.201385498046875 0.257476806640625 -0.259735107421875
0.265838623046875 -0.149063110351563 0.4593505859375 -0.25616455078125
0.314544677734375 -0.311248779296875 0.369476318359375 0.01495361328125
0.020263671875 -0.3299560546875 0.3760986328125 -0.249786376953125
-0.032135009765625 -0.115646362304688 -0.169281005859375 0.0364227294921875
0.173110961914062 -0.077880859375 0.03167724609375 0.38885498046875
0.155975341796875 -0.251937866210938 0.227157592773437 0.27734375
-0.026214599609375 -0.376434326171875 0.208633422851563 0.183303833007812
-0.260818481445312 -0.265777587890625 0.200363159179687 0.210968017578125
-0.31182861328125 -0.11907958984375 0.23736572265625 0.173370361328125
-0.27777099609375 -0.152008056640625 0.225372314453125 0.152420043945313
-0.29461669921875 -0.15362548828125 0.179168701171875 0.146331787109375
-0.188430786132813 -0.247940063476562 0.113059997558594 0.127975463867187
-0.00628662109374996 -0.335357666015625 0.0945281982421875 0.00906372070312498
0.204605102539063 -0.257949829101563 0.122337341308594 -0.116767883300781
0.28497314453125 -0.024688720703125 0.31512451171875 -0.217620849609375
0.0817413330078125 -0.0328521728515625 0.60150146484375 -0.216064453125
0.092315673828125 -0.28369140625 0.50518798828125 0.00366210937499998
-0.20306396484375 -0.1605224609375 0.404022216796875 -0.301300048828125
-0.132637023925781 0.06781005859375 -0.0552406311035156 0.0051422119140625
0.136337280273438 0.0910797119140625 0.0816650390625 0.296844482421875
0.154647827148438 -0.120941162109375 0.200759887695313 0.240310668945313
-0.00511169433593748 -0.236175537109375 0.208984375 0.233245849609375
-0.189682006835937 -0.152755737304688 0.2808837890625 0.253509521484375
-0.210586547851562 -0.0410308837890625 0.3427734375 0.17303466796875
-0.197494506835937 -0.06640625 0.311553955078125 0.149200439453125
-0.222076416015625 -0.0777435302734375 0.26953125 0.160018920898437
-0.155670166015625 -0.166015625 0.178802490234375 0.180206298828125
0.00883483886718749 -0.225997924804688 0.111152648925781 0.0886459350585937
0.174270629882812 -0.10052490234375 0.1204833984375 -0.0598678588867188
0.0998687744140625 0.111091613769531 0.352447509765625 -0.198638916015625
-0.141403198242188 0.0259246826171875 0.706787109375 -0.1658935546875
-0.142898559570312 -0.254440307617188 0.567626953125 -0.00366210937500002
0.401702880859375 0.151153564453125 -0.490692138671875 0.0225524902343751
0.297821044921875 -0.067108154296875 -0.75531005859375 0.14483642578125
0.0941314697265625 -0.179336547851562 -0.30987548828125 0.248992919921875
-0.0688705444335938 -0.0579261779785156 -0.0689125061035156 0.0677604675292969
-0.0183868408203125 0.088623046875 -0.0750656127929688 -0.137741088867188
0.121696472167969 0.0611343383789062 -0.203582763671875 -0.194549560546875
0.119483947753906 -0.0422439575195313 -0.32879638671875 -0.118255615234375
0.08514404296875 -0.0429916381835938 -0.34625244140625 -0.091217041015625
0.0862579345703125 -0.0312728881835938 -0.383270263671875 -0.116790771484375
0.0759124755859375 0.0230255126953125 -0.33685302734375 -0.227142333984375
-0.011932373046875 0.0763702392578125 -0.242828369140625 -0.240310668945313
-0.14105224609375 -0.018096923828125 -0.177108764648437 -0.2235107421875
-0.0645599365234375 -0.209869384765625 -0.0716552734375 -0.237045288085938
0.15435791015625 -0.242752075195312 -0.0375709533691406 -0.0677337646484375
0.32330322265625 -0.02972412109375 -0.4178466796875 0.224456787109375
0.537017822265625 0.034027099609375 -0.384857177734375 0.038421630859375
0.431884765625 -0.102081298828125 -0.7667236328125 0.1195068359375
0.27032470703125 -0.272430419921875 -0.342926025390625 0.32269287109375
0.0332183837890625 -0.204864501953125 -0.034271240234375 0.125686645507813
-0.00863647460937501 -0.0867996215820313 -0.0454559326171875 -0.143814086914062
0.0382652282714844 -0.0640716552734375 -0.22454833984375 -0.188262939453125
-0.00331115722656251 -0.1141357421875 -0.344879150390625 -0.0824279785156249
-0.0387420654296875 -0.127449035644531 -0.33453369140625 -0.046234130859375
-0.0578384399414063 -0.104812622070313 -0.372222900390625 -0.0759887695312499
-0.033111572265625 -0.09381103515625 -0.33575439453125 -0.197845458984375
-0.0579452514648437 -0.0858535766601563 -0.226959228515625 -0.25262451171875
-0.114669799804687 -0.171035766601563 -0.150146484375 -0.241561889648438
0.0360107421875 -0.318206787109375 -0.04315185546875 -0.2283935546875
0.228057861328125 -0.346038818359375 -0.0349197387695312 -0.0827102661132813
0.450042724609375 -0.180999755859375 -0.334991455078125 0.205718994140625
0.59576416015625 -0.1314697265625 -0.227432250976562 0.0428009033203125
0.476531982421875 -0.191436767578125 -0.71990966796875 0.11419677734375
0.366302490234375 -0.363128662109375 -0.349639892578125 0.416229248046875
0.1112060546875 -0.342803955078125 0.0106048583984375 0.21734619140625
-0.00918579101562503 -0.26947021484375 5.71651762074449E-18 -0.102546691894531
-0.065582275390625 -0.193527221679687 -0.205490112304688 -0.138824462890625
-0.13677978515625 -0.171905517578125 -0.30560302734375 -0.0267944335937501
-0.157608032226563 -0.192794799804688 -0.270889282226563 0.00553894042968749
-0.187667846679688 -0.163009643554688 -0.305999755859375 -0.026031494140625
-0.13037109375 -0.19500732421875 -0.282928466796875 -0.1494140625
-0.0964813232421875 -0.238739013671875 -0.186996459960938 -0.244277954101563
-0.07293701171875 -0.320037841796875 -0.11273193359375 -0.259841918945313
0.15618896484375 -0.400970458984375 0.00631713867187503 -0.246734619140625
0.2996826171875 -0.3912353515625 0.0237655639648438 -0.131950378417969
0.52166748046875 -0.290374755859375 -0.193695068359375 0.157241821289062
0.562042236328125 -0.306182861328125 -0.0464134216308593 0.0111885070800781
0.415435791015625 -0.3001708984375 -0.61944580078125 0.115478515625
0.356201171875 -0.4246826171875 -0.297271728515625 0.49151611328125
0.13372802734375 -0.43475341796875 0.078033447265625 0.300384521484375
-0.029876708984375 -0.41522216796875 0.0620994567871094 -0.0301017761230469
-0.17437744140625 -0.2945556640625 -0.138191223144531 -0.0546035766601563
-0.256912231445313 -0.20245361328125 -0.20904541015625 0.0379791259765625
-0.254013061523438 -0.228759765625 -0.165328979492188 0.055908203125
-0.284149169921875 -0.198760986328125 -0.197067260742188 0.0238037109375
-0.197189331054688 -0.267440795898438 -0.1905517578125 -0.0874176025390625
-0.11151123046875 -0.356201171875 -0.118331909179688 -0.213821411132813
-0.01019287109375 -0.428466796875 -0.0579376220703125 -0.26422119140625
0.278717041015625 -0.42694091796875 0.074859619140625 -0.272216796875
0.3509521484375 -0.37261962890625 0.132369995117188 -0.19830322265625
0.52642822265625 -0.3447265625 -0.0125503540039062 0.0957489013671875
0.43389892578125 -0.420684814453125 0.128379821777344 -0.0669479370117188
0.273590087890625 -0.345367431640625 -0.473724365234375 0.107696533203125
0.278656005859375 -0.39556884765625 -0.186859130859375 0.51239013671875
0.125518798828125 -0.442291259765625 0.158935546875 0.332122802734375
-0.055755615234375 -0.4775390625 0.129226684570313 0.046783447265625
-0.25726318359375 -0.339385986328125 -0.0307083129882813 0.042327880859375
-0.337158203125 -0.1983642578125 -0.0672683715820313 0.0963592529296875
-0.311767578125 -0.22833251953125 -0.0331649780273438 0.0979843139648437
-0.33160400390625 -0.206451416015625 -0.0653457641601563 0.0681381225585937
-0.224609375 -0.29888916015625 -0.0781173706054688 -0.0175704956054688
-0.0943603515625 -0.411895751953125 -0.0338287353515625 -0.158737182617188
0.07293701171875 -0.456634521484375 0.0134429931640625 -0.241348266601563
0.36248779296875 -0.36224365234375 0.158493041992188 -0.28094482421875
0.34552001953125 -0.28411865234375 0.278076171875 -0.252304077148438
0.44873046875 -0.3470458984375 0.183181762695313 0.039031982421875
0.233734130859375 -0.4287109375 0.268157958984375 -0.168563842773438
0.103958129882813 -0.272323608398438 -0.313140869140625 0.0794677734375
0.204559326171875 -0.264129638671875 -0.0564880371093749 0.4644775390625
0.1253662109375 -0.366790771484375 0.216461181640625 0.30572509765625
-0.0611572265625 -0.45391845703125 0.17974853515625 0.112564086914062
-0.289764404296875 -0.319122314453125 0.0921630859375 0.131744384765625
-0.354888916015625 -0.16046142578125 0.0922775268554687 0.139167785644531
-0.319000244140625 -0.195220947265625 0.103797912597656 0.125930786132813
-0.33331298828125 -0.183929443359375 0.0679397583007812 0.10491943359375
-0.217926025390625 -0.28387451171875 0.0296783447265625 0.0531578063964844
-0.0552978515625 -0.395233154296875 0.04266357421875 -0.0810775756835938
0.150238037109375 -0.38946533203125 0.0781097412109375 -0.186660766601563
0.36962890625 -0.214752197265625 0.23883056640625 -0.258636474609375
0.253097534179688 -0.1514892578125 0.4339599609375 -0.263702392578125
0.29034423828125 -0.317047119140625 0.361358642578125 0.00161743164062498
0.00561523437500002 -0.32440185546875 0.351348876953125 -0.25994873046875
-0.03558349609375 -0.109153747558594 -0.164459228515625 0.0422515869140625
0.1658935546875 -0.084564208984375 0.044677734375 0.37261962890625
0.138473510742188 -0.251876831054688 0.225906372070313 0.25634765625
-0.04693603515625 -0.363555908203125 0.20343017578125 0.168487548828125
-0.264724731445313 -0.243453979492187 0.202377319335937 0.197799682617187
-0.30584716796875 -0.0985412597656251 0.23687744140625 0.158111572265625
-0.277008056640625 -0.132675170898438 0.22344970703125 0.13629150390625
-0.292877197265625 -0.1326904296875 0.182586669921875 0.129837036132813
-0.193466186523437 -0.230804443359375 0.118698120117187 0.117424011230469
-0.020660400390625 -0.32366943359375 0.092987060546875 0.00586700439453123
0.186874389648438 -0.259658813476563 0.113670349121094 -0.115509033203125
0.27630615234375 -0.038818359375 0.29541015625 -0.221771240234375
0.0789031982421875 -0.0316162109375 0.571533203125 -0.23345947265625
0.076019287109375 -0.27947998046875 0.4918212890625 -0.015106201171875
-0.20379638671875 -0.149383544921875 0.37457275390625 -0.3116455078125
-0.125823974609375 0.07275390625 -0.0561676025390625 0.00833129882812499
0.13702392578125 0.081268310546875 0.0894775390625 0.280288696289063
0.142135620117188 -0.124740600585938 0.197647094726563 0.222366333007813
-0.020233154296875 -0.228515625 0.207382202148437 0.21795654296875
-0.191696166992188 -0.1363525390625 0.283294677734375 0.236083984375
-0.204513549804687 -0.0269012451171875 0.340484619140625 0.152862548828125
-0.195236206054688 -0.0522003173828125 0.306915283203125 0.12841796875
-0.22015380859375 -0.06182861328125 0.269424438476563 0.13909912109375
-0.159469604492187 -0.152099609375 0.184921264648438 0.165740966796875
-0.00337219238281249 -0.218475341796875 0.113731384277344 0.0831832885742187
0.164642333984375 -0.10595703125 0.113800048828125 -0.0591964721679688
0.102386474609375 0.101875305175781 0.329437255859375 -0.203033447265625
-0.135452270507813 0.0337371826171875 0.67767333984375 -0.18853759765625
-0.151565551757813 -0.241439819335938 0.5509033203125 -0.025848388671875
0.39697265625 0.138397216796875 -0.475677490234375 0.0272827148437501
0.289520263671875 -0.071624755859375 -0.7332763671875 0.1517333984375
0.0858917236328125 -0.177566528320313 -0.297119140625 0.243194580078125
-0.0693168640136719 -0.0537872314453125 -0.064544677734375 0.0626716613769531
-0.0118179321289062 0.0891571044921875 -0.0779647827148438 -0.134757995605469
0.123802185058594 0.0550460815429688 -0.207244873046875 -0.185928344726563
0.114944458007813 -0.0484161376953125 -0.3223876953125 -0.10595703125
0.0829010009765625 -0.0463485717773438 -0.33697509765625 -0.078277587890625
0.0853500366210938 -0.0360946655273438 -0.372528076171875 -0.10455322265625
0.0757675170898438 0.0185089111328125 -0.3326416015625 -0.214569091796875
-0.00673675537109375 0.0739898681640625 -0.238983154296875 -0.232803344726563
-0.136756896972656 -0.012603759765625 -0.174102783203125 -0.213119506835938
-0.0670166015625 -0.20196533203125 -0.0735626220703125 -0.229354858398437
0.144287109375 -0.23883056640625 -0.0383567810058594 -0.0643959045410156
0.317962646484375 -0.034912109375 -0.398468017578125 0.229461669921875
0.525054931640625 0.021575927734375 -0.37286376953125 0.039886474609375
0.420562744140625 -0.108154296875 -0.7459716796875 0.12603759765625
0.256820678710938 -0.270523071289063 -0.329681396484375 0.316558837890625
0.0278472900390625 -0.198150634765625 -0.0306472778320313 0.118438720703125
-0.00693511962890624 -0.0808868408203125 -0.050384521484375 -0.141769409179688
0.0405158996582031 -0.0640754699707031 -0.227996826171875 -0.179061889648437
-0.00469207763671875 -0.115211486816406 -0.336883544921875 -0.069488525390625
-0.0400314331054688 -0.125617980957031 -0.323577880859375 -0.035430908203125
-0.056549072265625 -0.103187561035156 -0.361541748046875 -0.064208984375
-0.0322113037109375 -0.09246826171875 -0.33038330078125 -0.186676025390625
-0.0550384521484375 -0.0833969116210938 -0.226882934570313 -0.244842529296875
-0.11419677734375 -0.162460327148438 -0.149383544921875 -0.231948852539062
0.029205322265625 -0.31134033203125 -0.044830322265625 -0.22119140625
0.216064453125 -0.33868408203125 -0.0358810424804687 -0.0783309936523438
0.438629150390625 -0.18634033203125 -0.31817626953125 0.20928955078125
0.578857421875 -0.14013671875 -0.218963623046875 0.0434417724609375
0.46209716796875 -0.19537353515625 -0.699951171875 0.120361328125
0.348175048828125 -0.360504150390625 -0.33660888671875 0.407928466796875
0.100372314453125 -0.33587646484375 0.013824462890625 0.207077026367187
-0.012481689453125 -0.260055541992188 -0.006591796875 -0.102401733398438
-0.063323974609375 -0.186981201171875 -0.207748413085938 -0.130905151367188
-0.134979248046875 -0.1668701171875 -0.298095703125 -0.01605224609375
-0.157913208007813 -0.186264038085937 -0.261566162109375 0.013092041015625
-0.18426513671875 -0.156723022460937 -0.29498291015625 -0.017578125
-0.128753662109375 -0.189300537109375 -0.276931762695312 -0.139602661132812
-0.0958099365234375 -0.2315673828125 -0.186309814453125 -0.23712158203125
-0.077301025390625 -0.308868408203125 -0.113983154296875 -0.250106811523438
0.145721435546875 -0.3953857421875 0.00291442871093753 -0.239425659179687
0.285888671875 -0.384185791015625 0.0201187133789063 -0.12713623046875
0.505889892578125 -0.295623779296875 -0.180923461914062 0.1583251953125
0.542938232421875 -0.31134033203125 -0.0428123474121093 0.00813293457031249
0.40234375 -0.299041748046875 -0.6015625 0.12109375
0.337005615234375 -0.421630859375 -0.2847900390625 0.48089599609375
0.120574951171875 -0.425994873046875 0.080841064453125 0.286895751953125
-0.038177490234375 -0.4013671875 0.0540313720703125 -0.0332183837890625
-0.17230224609375 -0.282623291015625 -0.138633728027344 -0.0492324829101563
-0.252761840820313 -0.193313598632812 -0.203201293945313 0.0439300537109375
-0.2525634765625 -0.218017578125 -0.158676147460938 0.05963134765625
-0.278488159179688 -0.188247680664062 -0.187362670898438 0.0276336669921875
-0.195526123046875 -0.25775146484375 -0.185226440429688 -0.0814361572265625
-0.113800048828125 -0.34466552734375 -0.118911743164063 -0.207977294921875
-0.018280029296875 -0.41619873046875 -0.060638427734375 -0.2554931640625
0.263458251953125 -0.42364501953125 0.0697021484375 -0.265853881835937
0.334625244140625 -0.367828369140625 0.125442504882813 -0.193435668945313
0.508087158203125 -0.347442626953125 -0.00605010986328122 0.0953826904296875
0.415069580078125 -0.42388916015625 0.124801635742188 -0.0703811645507813
0.261627197265625 -0.34088134765625 -0.45989990234375 0.11065673828125
0.26385498046875 -0.3907470703125 -0.175567626953125 0.499847412109375
0.112548828125 -0.43267822265625 0.156219482421875 0.31683349609375
-0.066650390625 -0.4639892578125 0.120033264160156 0.0413284301757812
-0.255950927734375 -0.324127197265625 -0.0309791564941406 0.0433311462402343
-0.330535888671875 -0.184906005859375 -0.0648345947265625 0.0974884033203125
-0.30859375 -0.215362548828125 -0.0301132202148438 0.0966033935546875
-0.327239990234375 -0.193023681640625 -0.0586128234863281 0.0667228698730468
-0.223052978515625 -0.28631591796875 -0.0730972290039063 -0.0163497924804688
-0.0997314453125 -0.397979736328125 -0.035003662109375 -0.155319213867188
0.06231689453125 -0.444549560546875 0.009063720703125 -0.233551025390625
0.3466796875 -0.36279296875 0.15008544921875 -0.274215698242188
0.331756591796875 -0.28076171875 0.26544189453125 -0.247756958007813
0.43170166015625 -0.34735107421875 0.182785034179688 0.0366668701171875
0.2183837890625 -0.42608642578125 0.256790161132812 -0.172149658203125
0.0972137451171875 -0.26654052734375 -0.30535888671875 0.082427978515625
0.194305419921875 -0.2626953125 -0.049468994140625 0.451507568359375
0.11309814453125 -0.36029052734375 0.211700439453125 0.291259765625
-0.072357177734375 -0.44073486328125 0.170501708984375 0.105606079101562
-0.2884521484375 -0.3033447265625 0.0908966064453125 0.128334045410156
-0.346923828125 -0.14752197265625 0.0915298461914062 0.135154724121094
-0.316436767578125 -0.18194580078125 0.103385925292969 0.119499206542969
-0.327728271484375 -0.169891357421875 0.07037353515625 0.0980453491210938
-0.216964721679688 -0.27191162109375 0.0333137512207031 0.0505905151367187
-0.061737060546875 -0.382568359375 0.0408477783203125 -0.0806655883789063
0.138397216796875 -0.382568359375 0.072967529296875 -0.180908203125
0.3568115234375 -0.219696044921875 0.227523803710938 -0.254791259765625
0.245330810546875 -0.1483154296875 0.416748046875 -0.262115478515625
0.277069091796875 -0.315521240234375 0.35504150390625 -0.00256347656250002
-0.001220703125 -0.319671630859375 0.336151123046875 -0.262054443359375
-0.0356369018554688 -0.104179382324219 -0.161102294921875 0.0443267822265625
0.160980224609375 -0.0869903564453125 0.04833984375 0.35906982421875
0.128265380859375 -0.248764038085938 0.218414306640625 0.243331909179687
-0.056671142578125 -0.35296630859375 0.195632934570313 0.160781860351562
-0.262954711914062 -0.229476928710938 0.20086669921875 0.19134521484375
-0.29803466796875 -0.0870056152343751 0.232711791992187 0.149749755859375
-0.2735595703125 -0.121231079101562 0.219100952148437 0.126617431640625
-0.287811279296875 -0.12054443359375 0.181396484375 0.119110107421875
-0.193649291992188 -0.2196044921875 0.121444702148438 0.110916137695313
-0.026702880859375 -0.3133544921875 0.0927047729492188 0.00412750244140623
0.177291870117188 -0.256759643554688 0.108085632324219 -0.111282348632812
0.269195556640625 -0.04559326171875 0.28167724609375 -0.217529296875
0.0774002075195312 -0.0284652709960937 0.55096435546875 -0.23516845703125
0.06793212890625 -0.2747802734375 0.479095458984375 -0.020660400390625
-0.20208740234375 -0.144729614257813 0.35565185546875 -0.31268310546875
-0.121284484863281 0.075164794921875 -0.0562782287597656 0.00988388061523439
0.136474609375 0.0750732421875 0.09130859375 0.2691650390625
0.132583618164063 -0.124801635742188 0.190597534179688 0.21173095703125
-0.0282745361328125 -0.221893310546875 0.200912475585938 0.210052490234375
-0.189468383789062 -0.125823974609375 0.280838012695313 0.226425170898438
-0.198089599609375 -0.0185699462890625 0.333343505859375 0.141448974609375
-0.192977905273438 -0.0442962646484375 0.3001708984375 0.11669921875
-0.2166748046875 -0.052947998046875 0.266372680664063 0.12603759765625
-0.159378051757812 -0.14263916015625 0.187164306640625 0.15625
-0.00894165039062498 -0.2120361328125 0.114425659179688 0.0800933837890625
0.158523559570313 -0.107635498046875 0.109123229980469 -0.0567092895507813
0.102561950683594 0.0953369140625 0.31304931640625 -0.198883056640625
-0.131271362304688 0.0376129150390625 0.65380859375 -0.19317626953125
-0.153488159179687 -0.23284912109375 0.5369873046875 -0.03314208984375
0.397369384765625 0.13348388671875 -0.475341796875 0.02728271484375
0.28857421875 -0.07440185546875 -0.7296142578125 0.15264892578125
0.0810394287109375 -0.17724609375 -0.294830322265625 0.237548828125
-0.0709304809570312 -0.0504913330078125 -0.0640373229980469 0.0580902099609375
-0.00617218017578124 0.091461181640625 -0.08160400390625 -0.136207580566406
0.127639770507813 0.0515670776367188 -0.212890625 -0.18377685546875
0.11334228515625 -0.0535888671875 -0.32037353515625 -0.0995788574218751
0.082275390625 -0.0500411987304688 -0.333160400390625 -0.07177734375
0.0860137939453125 -0.0394973754882813 -0.36785888671875 -0.09747314453125
0.077484130859375 0.0148849487304688 -0.332275390625 -0.211029052734375
-0.002593994140625 0.0723037719726563 -0.23907470703125 -0.23162841796875
-0.134300231933594 -0.00923919677734377 -0.172775268554687 -0.209823608398438
-0.0685272216796875 -0.198760986328125 -0.07318115234375 -0.225875854492188
0.14068603515625 -0.237747192382813 -0.0390701293945312 -0.0626754760742188
0.319244384765625 -0.038787841796875 -0.390838623046875 0.233001708984375
0.523956298828125 0.016143798828125 -0.369659423828125 0.039520263671875
0.419219970703125 -0.110626220703125 -0.74114990234375 0.12744140625
0.250732421875 -0.270309448242188 -0.32891845703125 0.31207275390625
0.0244293212890625 -0.195343017578125 -0.0300140380859375 0.112907409667969
-0.00424957275390626 -0.0771560668945313 -0.0549163818359375 -0.143600463867188
0.0442466735839844 -0.0653839111328125 -0.232879638671875 -0.175521850585937
-0.00545501708984375 -0.117378234863281 -0.336151123046875 -0.0616455078125001
-0.0407333374023437 -0.126808166503906 -0.320037841796875 -0.029144287109375
-0.0558242797851563 -0.105461120605469 -0.35614013671875 -0.058746337890625
-0.0312042236328125 -0.0936355590820312 -0.32952880859375 -0.1824951171875
-0.05242919921875 -0.0833587646484375 -0.226242065429688 -0.243698120117187
-0.113723754882812 -0.15936279296875 -0.148818969726563 -0.228408813476562
0.02630615234375 -0.309661865234375 -0.0450286865234375 -0.2191162109375
0.2108154296875 -0.336029052734375 -0.0369873046875 -0.0755767822265625
0.43780517578125 -0.1910400390625 -0.310394287109375 0.21209716796875
0.57659912109375 -0.14520263671875 -0.21612548828125 0.041046142578125
0.460479736328125 -0.198089599609375 -0.69873046875 0.1214599609375
0.34197998046875 -0.36181640625 -0.336212158203125 0.404632568359375
0.096160888671875 -0.33245849609375 0.0147552490234375 0.201004028320312
-0.0134735107421875 -0.255081176757813 -0.0125350952148438 -0.104568481445313
-0.060272216796875 -0.186187744140625 -0.212112426757813 -0.126861572265625
-0.134414672851563 -0.167282104492188 -0.2965087890625 -0.00881958007812501
-0.159194946289063 -0.184967041015625 -0.258071899414063 0.0183563232421874
-0.18389892578125 -0.156478881835938 -0.28924560546875 -0.0138549804687501
-0.128280639648438 -0.1885986328125 -0.275131225585937 -0.135391235351563
-0.0948028564453125 -0.22998046875 -0.186859130859375 -0.236862182617188
-0.078857421875 -0.30517578125 -0.1138916015625 -0.247146606445313
0.141632080078125 -0.394622802734375 0.00233459472656248 -0.237823486328125
0.280242919921875 -0.382720947265625 0.019317626953125 -0.12384033203125
0.503387451171875 -0.299072265625 -0.174591064453125 0.160781860351562
0.537109375 -0.316619873046875 -0.0411338806152343 0.00590896606445311
0.399444580078125 -0.301513671875 -0.59832763671875 0.1226806640625
0.332183837890625 -0.42236328125 -0.2825927734375 0.47918701171875
0.11669921875 -0.423797607421875 0.0796661376953125 0.2806396484375
-0.042144775390625 -0.397705078125 0.0475502014160156 -0.0352745056152344
-0.170989990234375 -0.279251098632813 -0.142532348632813 -0.04656982421875
-0.25115966796875 -0.190994262695313 -0.201828002929688 0.049072265625
-0.254440307617187 -0.213455200195313 -0.156204223632813 0.06219482421875
-0.27691650390625 -0.184600830078125 -0.18316650390625 0.02850341796875
-0.195220947265625 -0.254837036132813 -0.18218994140625 -0.0790557861328125
-0.115264892578125 -0.340789794921875 -0.119644165039063 -0.207733154296875
-0.02154541015625 -0.412078857421875 -0.0608367919921875 -0.2520751953125
0.25848388671875 -0.426055908203125 0.067657470703125 -0.263671875
0.3311767578125 -0.3648681640625 0.122756958007813 -0.190826416015625
0.505462646484375 -0.351654052734375 -0.00106048583984371 0.0963973999023437
0.4078369140625 -0.426910400390625 0.124595642089844 -0.0741653442382813
0.25927734375 -0.340301513671875 -0.460174560546875 0.110748291015625
0.25921630859375 -0.392913818359375 -0.17401123046875 0.497222900390625
0.106903076171875 -0.430633544921875 0.155029296875 0.31085205078125
-0.071929931640625 -0.459686279296875 0.113800048828125 0.0387725830078125
-0.254791259765625 -0.319671630859375 -0.0333404541015625 0.0453262329101562
-0.327545166015625 -0.18060302734375 -0.0635528564453125 0.100425720214844
-0.3094482421875 -0.209686279296875 -0.0292816162109375 0.09686279296875
-0.3258056640625 -0.18890380859375 -0.0555953979492188 0.0647964477539062
-0.223876953125 -0.282806396484375 -0.070587158203125 -0.0154266357421875
-0.10089111328125 -0.394378662109375 -0.0355224609375 -0.155731201171875
0.058502197265625 -0.440948486328125 0.00753784179687502 -0.230819702148438
0.342041015625 -0.366912841796875 0.14697265625 -0.272140502929688
0.3287353515625 -0.277008056640625 0.261825561523438 -0.2462158203125
0.4276123046875 -0.352935791015625 0.186492919921875 0.0371551513671875
0.212371826171875 -0.429779052734375 0.254714965820313 -0.17620849609375
0.0958099365234375 -0.265579223632813 -0.30419921875 0.083343505859375
0.1932373046875 -0.263992309570313 -0.047454833984375 0.447296142578125
0.10870361328125 -0.35821533203125 0.20672607421875 0.285858154296875
-0.0797119140625 -0.4371337890625 0.164581298828125 0.104171752929687
-0.2877197265625 -0.2977294921875 0.08984375 0.128936767578125
-0.344482421875 -0.142578125 0.0910263061523437 0.134696960449219
-0.31683349609375 -0.175689697265625 0.102027893066406 0.117477416992188
-0.327484130859375 -0.162872314453125 0.0721206665039062 0.094024658203125
-0.218185424804688 -0.266403198242187 0.0366935729980469 0.0490074157714844
-0.064178466796875 -0.3790283203125 0.041351318359375 -0.081268310546875
0.1334228515625 -0.38079833984375 0.0712432861328125 -0.17755126953125
0.35211181640625 -0.223968505859375 0.223052978515625 -0.250289916992188
0.244644165039063 -0.14556884765625 0.410491943359375 -0.262481689453125
0.273529052734375 -0.3189697265625 0.355865478515625 -0.00268554687500002
-0.00595092773437502 -0.321807861328125 0.329833984375 -0.2664794921875
-0.03558349609375 -0.10235595703125 -0.161956787109375 0.0443878173828125
0.161712646484375 -0.0891265869140625 0.04803466796875 0.35504150390625
0.124160766601563 -0.248062133789062 0.214431762695312 0.239471435546875
-0.06365966796875 -0.349853515625 0.190216064453125 0.160232543945313
-0.262802124023438 -0.225189208984375 0.200912475585937 0.190582275390625
-0.29486083984375 -0.082183837890625 0.231307983398437 0.146621704101563
-0.27447509765625 -0.115264892578125 0.217742919921875 0.12213134765625
-0.288330078125 -0.11395263671875 0.182281494140625 0.112716674804688
-0.194473266601563 -0.215225219726562 0.124702453613281 0.107795715332031
-0.0308837890625 -0.30999755859375 0.0938568115234375 0.00360107421874998
0.173614501953125 -0.25677490234375 0.106651306152344 -0.108596801757813
0.267776489257813 -0.050079345703125 0.27569580078125 -0.21502685546875
0.0784149169921875 -0.0248947143554688 0.544281005859375 -0.2357177734375
0.0648651123046875 -0.275360107421875 0.479034423828125 -0.020904541015625
-0.203964233398438 -0.14404296875 0.34783935546875 -0.31494140625
-0.119522094726562 0.0769805908203125 -0.0580329895019531 0.0104408264160156
0.138404846191406 0.0723037719726563 0.0901641845703126 0.26416015625
0.129234313964844 -0.124893188476563 0.1851806640625 0.209442138671875
-0.033935546875 -0.2205810546875 0.197006225585937 0.209854125976562
-0.189544677734375 -0.122222900390625 0.28216552734375 0.22503662109375
-0.195404052734375 -0.01446533203125 0.3311767578125 0.13665771484375
-0.192962646484375 -0.0395660400390625 0.29791259765625 0.110198974609375
-0.217193603515625 -0.0474700927734375 0.266738891601563 0.11773681640625
-0.160919189453125 -0.138214111328125 0.190704345703125 0.151443481445313
-0.0120086669921875 -0.2100830078125 0.117012023925781 0.0791473388671875
0.156906127929688 -0.109725952148438 0.108062744140625 -0.054290771484375
0.102584838867188 0.0927352905273438 0.307098388671875 -0.19635009765625
-0.129165649414063 0.0410385131835938 0.64703369140625 -0.19427490234375
-0.155624389648437 -0.2314453125 0.534149169921875 -0.032958984375
0.409027099609375 0.1292724609375 -0.483917236328125 0.033111572265625
0.29217529296875 -0.0810546875 -0.7398681640625 0.16522216796875
0.07659912109375 -0.18121337890625 -0.298553466796875 0.24365234375
-0.0743789672851563 -0.0476837158203125 -0.0648956298828125 0.0546340942382813
0.00018310546875001 0.09478759765625 -0.0887832641601563 -0.13916015625
0.134803771972656 0.047698974609375 -0.225418090820313 -0.182266235351562
0.113616943359375 -0.0603179931640625 -0.32806396484375 -0.0920715332031251
0.0831985473632812 -0.0551071166992187 -0.33685302734375 -0.063323974609375
0.0880584716796875 -0.0459671020507813 -0.3726806640625 -0.091064453125
0.0813140869140625 0.01177978515625 -0.3414306640625 -0.20794677734375
0.00203704833984374 0.0731582641601563 -0.245849609375 -0.234329223632813
-0.136390686035156 -0.00482940673828125 -0.177154541015625 -0.210586547851562
-0.0733184814453125 -0.200180053710938 -0.07696533203125 -0.22784423828125
0.138580322265625 -0.243789672851563 -0.0406875610351563 -0.0612525939941407
0.326995849609375 -0.0455322265625 -0.391082763671875 0.24505615234375
0.536163330078125 0.00738525390625 -0.3760986328125 0.0444030761718751
0.42535400390625 -0.121490478515625 -0.75579833984375 0.138427734375
0.247360229492188 -0.280075073242188 -0.331817626953125 0.3199462890625
0.020050048828125 -0.195846557617188 -0.0294265747070312 0.110633850097656
-0.0018463134765625 -0.0761260986328125 -0.0626678466796875 -0.147598266601563
0.0484466552734375 -0.0689125061035156 -0.245803833007813 -0.1729736328125
-0.00739288330078125 -0.122894287109375 -0.34197998046875 -0.05242919921875
-0.0441741943359375 -0.12994384765625 -0.322479248046875 -0.021148681640625
-0.0583038330078125 -0.109283447265625 -0.360382080078125 -0.051788330078125
-0.0313873291015625 -0.0974273681640625 -0.336883544921875 -0.1800537109375
-0.0519866943359375 -0.0848159790039063 -0.234756469726562 -0.247024536132813
-0.117965698242188 -0.157821655273438 -0.153488159179688 -0.229354858398437
0.021087646484375 -0.315460205078125 -0.048492431640625 -0.221694946289063
0.208404541015625 -0.345306396484375 -0.0383377075195312 -0.0742416381835938
0.44439697265625 -0.203826904296875 -0.30731201171875 0.222137451171875
0.586181640625 -0.1585693359375 -0.218353271484375 0.04241943359375
0.46844482421875 -0.209381103515625 -0.71044921875 0.1319580078125
0.339385986328125 -0.373809814453125 -0.338287353515625 0.415985107421875
0.091094970703125 -0.3360595703125 0.016021728515625 0.200653076171875
-0.0161285400390625 -0.255630493164063 -0.0189743041992188 -0.108421325683594
-0.0601654052734375 -0.188919067382813 -0.222640991210938 -0.124435424804688
-0.137924194335938 -0.170211791992187 -0.301727294921875 0.000335693359375007
-0.166458129882813 -0.185577392578125 -0.260269165039063 0.0263519287109375
-0.188873291015625 -0.15716552734375 -0.292144775390625 -0.00830078124999998
-0.1322021484375 -0.190628051757812 -0.280319213867188 -0.132797241210938
-0.0989532470703125 -0.233291625976563 -0.195205688476562 -0.239730834960938
-0.08453369140625 -0.308197021484375 -0.11865234375 -0.24847412109375
0.136810302734375 -0.406646728515625 -0.000991821289062509 -0.241775512695313
0.280059814453125 -0.39178466796875 0.0178756713867188 -0.123878479003906
0.511016845703125 -0.316162109375 -0.170379638671875 0.168243408203125
0.542083740234375 -0.333953857421875 -0.0406150817871093 0.00393295288085936
0.402862548828125 -0.31390380859375 -0.60992431640625 0.129638671875
0.330230712890625 -0.437469482421875 -0.282958984375 0.4925537109375
0.1097412109375 -0.429901123046875 0.0835113525390625 0.280853271484375
-0.050079345703125 -0.400115966796875 0.0424728393554688 -0.0382461547851563
-0.174560546875 -0.28125 -0.14990234375 -0.0433502197265625
-0.256622314453125 -0.19110107421875 -0.204940795898438 0.0577850341796875
-0.26318359375 -0.2117919921875 -0.157135009765625 0.0680694580078125
-0.285369873046875 -0.1829833984375 -0.183685302734375 0.03204345703125
-0.202056884765625 -0.255722045898438 -0.184188842773438 -0.07684326171875
-0.121124267578125 -0.34527587890625 -0.125564575195313 -0.211395263671875
-0.027557373046875 -0.4173583984375 -0.0653533935546875 -0.2540283203125
0.253936767578125 -0.440399169921875 0.0645294189453125 -0.269378662109375
0.33349609375 -0.373748779296875 0.1219482421875 -0.193313598632813
0.509368896484375 -0.369110107421875 0.00482940673828129 0.0994644165039062
0.4091796875 -0.4459228515625 0.126434326171875 -0.080841064453125
0.259063720703125 -0.352874755859375 -0.467529296875 0.1171875
0.2559814453125 -0.4072265625 -0.171356201171875 0.508697509765625
0.101593017578125 -0.438629150390625 0.160797119140625 0.31048583984375
-0.083526611328125 -0.463836669921875 0.110450744628906 0.0373077392578125
-0.26318359375 -0.319915771484375 -0.0360832214355469 0.04864501953125
-0.334228515625 -0.178802490234375 -0.0636444091796875 0.105903625488281
-0.319915771484375 -0.205841064453125 -0.0286483764648438 0.099365234375
-0.334869384765625 -0.184173583984375 -0.0539817810058594 0.0653877258300781
-0.2313232421875 -0.282623291015625 -0.0691032409667969 -0.014739990234375
-0.109100341796875 -0.398895263671875 -0.03857421875 -0.159149169921875
0.05255126953125 -0.44921875 0.00395202636718753 -0.232925415039063
0.33984375 -0.38275146484375 0.145263671875 -0.277114868164062
0.33251953125 -0.284942626953125 0.261367797851563 -0.251846313476562
0.431121826171875 -0.36834716796875 0.194900512695313 0.0362548828125
0.20556640625 -0.444976806640625 0.255767822265625 -0.186508178710938
0.0932464599609375 -0.271820068359375 -0.310821533203125 0.087188720703125
0.191940307617188 -0.273834228515625 -0.043426513671875 0.456451416015625
0.103424072265625 -0.365753173828125 0.2122802734375 0.285736083984375
-0.0916748046875 -0.4427490234375 0.163375854492188 0.104034423828125
-0.296661376953125 -0.29754638671875 0.0923233032226562 0.131095886230469
-0.350189208984375 -0.13812255859375 0.0938262939453125 0.136772155761719
-0.326385498046875 -0.171234130859375 0.104598999023437 0.117012023925781
-0.336334228515625 -0.15728759765625 0.0749588012695312 0.0913467407226562
-0.226470947265625 -0.265731811523438 0.0414466857910156 0.0478744506835937
-0.071380615234375 -0.383514404296875 0.0411911010742187 -0.0836868286132813
0.13006591796875 -0.390380859375 0.0699615478515625 -0.179458618164063
0.353790283203125 -0.236663818359375 0.2210693359375 -0.255477905273438
0.248626708984375 -0.149093627929688 0.412445068359375 -0.269378662109375
0.2725830078125 -0.3316650390625 0.365753173828125 -0.00582885742187502
-0.01385498046875 -0.33038330078125 0.329193115234375 -0.27874755859375
-0.0377578735351563 -0.103286743164063 -0.166091918945313 0.047027587890625
0.164520263671875 -0.0957183837890625 0.052947998046875 0.359100341796875
0.121047973632813 -0.25390625 0.2176513671875 0.239028930664062
-0.075408935546875 -0.3548583984375 0.191757202148438 0.161834716796875
-0.272003173828125 -0.222976684570313 0.207260131835938 0.1922607421875
-0.2994384765625 -0.076385498046875 0.236618041992187 0.145950317382812
-0.282318115234375 -0.10968017578125 0.2210693359375 0.118377685546875
-0.295867919921875 -0.10772705078125 0.187149047851562 0.107269287109375
-0.202239990234375 -0.213668823242188 0.132499694824219 0.105949401855469
-0.036529541015625 -0.314361572265625 0.097015380859375 0.00225830078124998
0.171981811523438 -0.26605224609375 0.106834411621094 -0.109306335449219
0.270767211914063 -0.05755615234375 0.273880004882813 -0.219329833984375
0.0811691284179687 -0.02337646484375 0.548187255859375 -0.24658203125
0.060211181640625 -0.28289794921875 0.4892578125 -0.02532958984375
-0.212844848632813 -0.145050048828125 0.34619140625 -0.329071044921875
-0.120086669921875 0.0809555053710937 -0.0599479675292969 0.0110893249511719
0.144546508789063 0.0697784423828125 0.094482421875 0.264389038085938
0.127609252929688 -0.129371643066406 0.188079833984375 0.211013793945313
-0.04278564453125 -0.222564697265625 0.201278686523438 0.213775634765625
-0.1956787109375 -0.119705200195313 0.291839599609375 0.22625732421875
-0.197265625 -0.00894165039062496 0.3385009765625 0.132904052734375
-0.197647094726563 -0.0345611572265625 0.30279541015625 0.103759765625
-0.222686767578125 -0.0410308837890625 0.27239990234375 0.11077880859375
-0.16693115234375 -0.136199951171875 0.201171875 0.148330688476563
-0.0160064697265625 -0.212844848632813 0.122802734375 0.0798797607421875
0.158065795898437 -0.11676025390625 0.108650207519531 -0.0540008544921875
0.105430603027344 0.0915374755859375 0.30474853515625 -0.19976806640625
-0.129905700683594 0.0467376708984375 0.65301513671875 -0.2061767578125
-0.164337158203125 -0.234756469726563 0.54400634765625 -0.03997802734375
0.42724609375 0.11383056640625 -0.494415283203125 0.050079345703125
0.294525146484375 -0.095458984375 -0.75164794921875 0.198974609375
0.06793212890625 -0.187118530273438 -0.296844482421875 0.2584228515625
-0.0801162719726563 -0.042633056640625 -0.0662307739257813 0.053924560546875
0.00897216796875001 0.0981597900390625 -0.100433349609375 -0.140434265136719
0.14410400390625 0.0408172607421875 -0.243453979492187 -0.176193237304688
0.112747192382813 -0.0702896118164063 -0.33795166015625 -0.0774230957031249
0.0829696655273438 -0.0625991821289062 -0.34320068359375 -0.0475158691406251
0.0887222290039063 -0.0543975830078125 -0.381103515625 -0.0747070312500001
0.0855560302734375 0.00640869140625 -0.3585205078125 -0.1983642578125
0.00823211669921876 0.072906494140625 -0.261627197265625 -0.233734130859375
-0.138710021972656 0.00292205810546878 -0.186370849609375 -0.206771850585938
-0.0828094482421875 -0.2005615234375 -0.0863800048828125 -0.229202270507812
0.130645751953125 -0.254074096679688 -0.0436172485351563 -0.0597953796386719
0.336181640625 -0.06219482421875 -0.385650634765625 0.267608642578125
0.551513671875 -0.013763427734375 -0.38226318359375 0.057220458984375
0.43072509765625 -0.14080810546875 -0.767578125 0.1724853515625
0.237640380859375 -0.295166015625 -0.3282470703125 0.3389892578125
0.0113677978515625 -0.19720458984375 -0.0266342163085937 0.110267639160156
-0.00122833251953126 -0.0748214721679688 -0.074798583984375 -0.150344848632812
0.05133056640625 -0.0745086669921875 -0.263687133789063 -0.165267944335938
-0.0123519897460938 -0.129310607910156 -0.349609375 -0.035247802734375
-0.0507659912109375 -0.132034301757813 -0.3271484375 -0.00427246093750007
-0.0636825561523438 -0.111824035644531 -0.367523193359375 -0.036285400390625
-0.03448486328125 -0.0997161865234375 -0.350494384765625 -0.167144775390625
-0.0536727905273438 -0.0864028930664063 -0.250762939453125 -0.245529174804687
-0.125579833984375 -0.155105590820312 -0.163833618164063 -0.22705078125
0.00833129882812498 -0.32342529296875 -0.05743408203125 -0.224075317382813
0.1988525390625 -0.360382080078125 -0.041900634765625 -0.072174072265625
0.449554443359375 -0.228546142578125 -0.3018798828125 0.2413330078125
0.5963134765625 -0.18743896484375 -0.220138549804687 0.049468994140625
0.47003173828125 -0.23291015625 -0.7237548828125 0.162353515625
0.328460693359375 -0.39697265625 -0.3316650390625 0.438690185546875
0.07855224609375 -0.343475341796875 0.0227508544921875 0.200714111328125
-0.024566650390625 -0.25885009765625 -0.0300369262695313 -0.111473083496094
-0.0646820068359375 -0.192276000976563 -0.237991333007812 -0.115798950195313
-0.147415161132813 -0.17138671875 -0.307647705078125 0.0175781250000001
-0.178085327148438 -0.18218994140625 -0.262832641601563 0.0402984619140625
-0.200332641601563 -0.154205322265625 -0.296142578125 0.00549316406250004
-0.141433715820313 -0.191482543945312 -0.289825439453125 -0.123260498046875
-0.108062744140625 -0.235733032226563 -0.209671020507813 -0.239456176757812
-0.098419189453125 -0.310455322265625 -0.129669189453125 -0.247482299804688
0.12213134765625 -0.421722412109375 -0.0113067626953125 -0.246795654296875
0.271820068359375 -0.41015625 0.0141220092773438 -0.124435424804688
0.50958251953125 -0.346923828125 -0.162811279296875 0.180282592773437
0.541900634765625 -0.3648681640625 -0.0402641296386718 0.00217437744140622
0.40118408203125 -0.337982177734375 -0.62060546875 0.1568603515625
0.31683349609375 -0.46136474609375 -0.273101806640625 0.516143798828125
0.09490966796875 -0.441986083984375 0.093994140625 0.281494140625
-0.066436767578125 -0.4039306640625 0.0354080200195312 -0.0415267944335938
-0.1865234375 -0.2813720703125 -0.159393310546875 -0.0361328125
-0.268661499023437 -0.1865234375 -0.206039428710938 0.07135009765625
-0.27880859375 -0.204437255859375 -0.15704345703125 0.078277587890625
-0.299957275390625 -0.1744384765625 -0.184951782226563 0.041107177734375
-0.215255737304688 -0.254852294921875 -0.188919067382812 -0.0711212158203125
-0.13726806640625 -0.348602294921875 -0.137939453125 -0.213058471679688
-0.045196533203125 -0.4251708984375 -0.0765228271484375 -0.25518798828125
0.239501953125 -0.46331787109375 0.0549163818359375 -0.276153564453125
0.32659912109375 -0.393829345703125 0.11761474609375 -0.198806762695313
0.507354736328125 -0.4031982421875 0.014617919921875 0.10284423828125
0.39794921875 -0.4747314453125 0.1265869140625 -0.0910263061523438
0.25115966796875 -0.37188720703125 -0.476654052734375 0.1387939453125
0.245147705078125 -0.4288330078125 -0.157684326171875 0.52862548828125
0.08551025390625 -0.45001220703125 0.173431396484375 0.309234619140625
-0.10546875 -0.46893310546875 0.108169555664063 0.0339584350585937
-0.279541015625 -0.316497802734375 -0.0380439758300781 0.0533561706542969
-0.348052978515625 -0.1707763671875 -0.0609970092773438 0.114372253417969
-0.336669921875 -0.195831298828125 -0.0255889892578125 0.103782653808594
-0.351043701171875 -0.171478271484375 -0.0524253845214844 0.0685234069824219
-0.246597290039063 -0.279052734375 -0.0680923461914063 -0.0128669738769532
-0.126800537109375 -0.40216064453125 -0.0467681884765625 -0.1622314453125
0.035186767578125 -0.461029052734375 -0.00411987304687498 -0.235626220703125
0.33013916015625 -0.40814208984375 0.13543701171875 -0.287384033203125
0.330902099609375 -0.301605224609375 0.258071899414063 -0.263946533203125
0.425384521484375 -0.397552490234375 0.205215454101563 0.030609130859375
0.19049072265625 -0.465789794921875 0.252883911132813 -0.205032348632813
0.084686279296875 -0.28277587890625 -0.317047119140625 0.100616455078125
0.1861572265625 -0.29156494140625 -0.027984619140625 0.467041015625
0.0913696289062501 -0.376617431640625 0.2247314453125 0.282257080078125
-0.114990234375 -0.447235107421875 0.166168212890625 0.1005859375
-0.316741943359375 -0.2919921875 0.097869873046875 0.132797241210937
-0.362640380859375 -0.126861572265625 0.100914001464844 0.137832641601563
-0.3426513671875 -0.15728759765625 0.109840393066406 0.114616394042969
-0.350921630859375 -0.142608642578125 0.079315185546875 0.087890625
-0.242019653320313 -0.260757446289063 0.0474281311035156 0.0460739135742187
-0.090087890625 -0.387908935546875 0.0395050048828125 -0.0881729125976563
0.117218017578125 -0.404022216796875 0.0644989013671875 -0.183486938476563
0.349761962890625 -0.259613037109375 0.213607788085938 -0.266494750976563
0.251373291015625 -0.159255981445312 0.409698486328125 -0.28948974609375
0.264801025390625 -0.353912353515625 0.37786865234375 -0.019866943359375
-0.031005859375 -0.339019775390625 0.323822021484375 -0.30230712890625
-0.0421981811523437 -0.103584289550781 -0.170272827148437 0.0538177490234375
0.166030883789063 -0.107498168945313 0.0670166015625001 0.36285400390625
0.112838745117188 -0.264144897460938 0.227859497070313 0.235198974609375
-0.09490966796875 -0.358734130859375 0.199142456054687 0.1602783203125
-0.2877197265625 -0.2169189453125 0.220321655273438 0.190689086914063
-0.308685302734375 -0.06549072265625 0.246490478515625 0.139556884765625
-0.294342041015625 -0.0972900390625 0.228424072265625 0.110305786132812
-0.307861328125 -0.092987060546875 0.1944580078125 0.097686767578125
-0.216018676757813 -0.208084106445313 0.143295288085938 0.0995635986328125
-0.0511474609375 -0.320037841796875 0.101119995117188 -0.00147247314453127
0.165512084960938 -0.279953002929688 0.104934692382813 -0.11279296875
0.273391723632813 -0.07177734375 0.268112182617188 -0.230560302734375
0.0842819213867188 -0.0240402221679687 0.55078125 -0.27166748046875
0.047760009765625 -0.295013427734375 0.503143310546875 -0.045013427734375
-0.226516723632812 -0.140335083007813 0.338165283203125 -0.352813720703125
-0.119514465332031 0.089202880859375 -0.0628433227539063 0.0133323669433594
0.153396606445313 0.0628814697265625 0.105209350585938 0.263931274414063
0.12481689453125 -0.136482238769531 0.196624755859375 0.208267211914062
-0.056640625 -0.225112915039063 0.2117919921875 0.21441650390625
-0.206207275390625 -0.113723754882813 0.3095703125 0.22113037109375
-0.20159912109375 6.10351562499903E-05 0.3499755859375 0.1220703125
-0.204483032226563 -0.0234527587890625 0.310821533203125 0.09033203125
-0.230712890625 -0.0282440185546875 0.281585693359375 0.096771240234375
-0.177505493164063 -0.130233764648437 0.2152099609375 0.141006469726563
-0.0263214111328125 -0.217056274414063 0.131988525390625 0.0767364501953125
0.157012939453125 -0.127960205078125 0.109031677246094 -0.0561599731445313
0.111114501953125 0.0887069702148438 0.300933837890625 -0.21173095703125
-0.129608154296875 0.0557861328125 0.65972900390625 -0.23516845703125
-0.180557250976563 -0.235641479492187 0.556427001953125 -0.05908203125
0.44036865234375 0.08837890625 -0.49395751953125 0.0784912109374999
0.290618896484375 -0.113677978515625 -0.74267578125 0.24505615234375
0.0540313720703125 -0.19049072265625 -0.28375244140625 0.274932861328125
-0.0838623046875 -0.0347137451171875 -0.0653266906738281 0.0552978515625
0.0198898315429687 0.0985031127929688 -0.114120483398437 -0.13629150390625
0.151687622070313 0.029052734375 -0.261795043945313 -0.159103393554687
0.107841491699219 -0.08062744140625 -0.3438720703125 -0.05340576171875
0.0790939331054688 -0.0706100463867188 -0.342803955078125 -0.0238342285156251
0.0853652954101563 -0.0643844604492188 -0.38385009765625 -0.049652099609375
0.0889129638671875 -0.0014190673828125 -0.371795654296875 -0.17669677734375
0.0153961181640625 0.0717391967773438 -0.27825927734375 -0.221328735351562
-0.138580322265625 0.0132598876953125 -0.196807861328125 -0.196395874023437
-0.09527587890625 -0.196014404296875 -0.0998077392578125 -0.224441528320313
0.114105224609375 -0.262802124023438 -0.0468826293945312 -0.0564804077148438
0.337432861328125 -0.084716796875 -0.366424560546875 0.29473876953125
0.557037353515625 -0.04901123046875 -0.38037109375 0.078369140625
0.42510986328125 -0.168212890625 -0.76300048828125 0.21966552734375
0.217987060546875 -0.310760498046875 -0.3115234375 0.359649658203125
-0.000823974609374998 -0.195693969726563 -0.0228042602539063 0.109275817871094
-0.00136566162109375 -0.073760986328125 -0.0897674560546875 -0.147750854492188
0.0520401000976563 -0.0806045532226563 -0.281341552734375 -0.14727783203125
-0.0207748413085938 -0.132537841796875 -0.353363037109375 -0.00997924804687504
-0.059844970703125 -0.131340026855469 -0.325836181640625 0.01904296875
-0.0715103149414063 -0.111846923828125 -0.3677978515625 -0.012115478515625
-0.0393447875976562 -0.101150512695313 -0.36273193359375 -0.147186279296875
-0.0571212768554687 -0.084808349609375 -0.2689208984375 -0.233856201171875
-0.135208129882812 -0.146804809570313 -0.176361083984375 -0.218124389648438
-0.0125732421875 -0.32586669921875 -0.0712432861328125 -0.220718383789063
0.17877197265625 -0.372650146484375 -0.0457420349121094 -0.0678215026855469
0.439239501953125 -0.261749267578125 -0.283966064453125 0.263580322265625
0.5885009765625 -0.22772216796875 -0.217636108398437 0.060150146484375
0.4598388671875 -0.26287841796875 -0.71978759765625 0.20721435546875
0.30499267578125 -0.41998291015625 -0.308258056640625 0.46221923828125
0.058502197265625 -0.3472900390625 0.032745361328125 0.19775390625
-0.0374755859375 -0.25653076171875 -0.0421524047851563 -0.110824584960938
-0.072509765625 -0.191421508789063 -0.251556396484375 -0.0985565185546875
-0.158538818359375 -0.1663818359375 -0.3067626953125 0.040252685546875
-0.19146728515625 -0.17236328125 -0.258773803710938 0.059722900390625
-0.211166381835938 -0.143112182617187 -0.295135498046875 0.0255126953124999
-0.152755737304687 -0.185272216796875 -0.297607421875 -0.10565185546875
-0.12200927734375 -0.231491088867188 -0.2266845703125 -0.22998046875
-0.1163330078125 -0.30426025390625 -0.143722534179687 -0.240371704101563
0.09490966796875 -0.4327392578125 -0.025848388671875 -0.246185302734375
0.24945068359375 -0.4276123046875 0.007415771484375 -0.123435974121094
0.4945068359375 -0.38397216796875 -0.147720336914062 0.192092895507813
0.523529052734375 -0.402679443359375 -0.0388946533203125 0.00178527832031248
0.383819580078125 -0.365081787109375 -0.61834716796875 0.19476318359375
0.289306640625 -0.484954833984375 -0.245635986328125 0.5362548828125
0.06939697265625 -0.447784423828125 0.108795166015625 0.275741577148438
-0.091033935546875 -0.399627685546875 0.0270233154296875 -0.043487548828125
-0.201889038085938 -0.272735595703125 -0.167556762695313 -0.0230865478515625
-0.282073974609375 -0.172760009765625 -0.202789306640625 0.08795166015625
-0.2945556640625 -0.186767578125 -0.152099609375 0.0907440185546875
-0.3121337890625 -0.156341552734375 -0.182327270507813 0.0543212890625
-0.231033325195312 -0.242752075195313 -0.191864013671875 -0.0601959228515625
-0.156951904296875 -0.3426513671875 -0.152236938476563 -0.2073974609375
-0.070526123046875 -0.424591064453125 -0.0909423828125 -0.250015258789063
0.211639404296875 -0.4825439453125 0.0370635986328125 -0.279159545898438
0.306488037109375 -0.412872314453125 0.107269287109375 -0.204086303710938
0.48760986328125 -0.440826416015625 0.0255584716796875 0.103172302246094
0.3692626953125 -0.505157470703125 0.122291564941406 -0.102569580078125
0.23040771484375 -0.390106201171875 -0.474090576171875 0.16650390625
0.220123291015625 -0.448394775390625 -0.12841796875 0.5430908203125
0.060516357421875 -0.456298828125 0.189483642578125 0.299224853515625
-0.135406494140625 -0.4632568359375 0.105316162109375 0.0285186767578125
-0.299713134765625 -0.302825927734375 -0.0386619567871094 0.0596733093261719
-0.360107421875 -0.151031494140625 -0.0545806884765625 0.121551513671875
-0.351409912109375 -0.17340087890625 -0.020111083984375 0.107711791992187
-0.36236572265625 -0.148406982421875 -0.0491104125976563 0.0721817016601562
-0.264556884765625 -0.264938354492188 -0.0662193298339844 -0.0101165771484375
-0.15087890625 -0.3968505859375 -0.057281494140625 -0.162185668945313
0.00726318359374995 -0.46588134765625 -0.0171356201171875 -0.233993530273438
0.305023193359375 -0.433258056640625 0.11749267578125 -0.29376220703125
0.31695556640625 -0.32171630859375 0.244781494140625 -0.279281616210938
0.403594970703125 -0.429534912109375 0.212661743164063 0.01885986328125
0.160980224609375 -0.482269287109375 0.24127197265625 -0.225479125976563
0.068511962890625 -0.290374755859375 -0.316192626953125 0.119476318359375
0.1695556640625 -0.3076171875 -0.00228881835937504 0.4730224609375
0.069732666015625 -0.3837890625 0.239730834960937 0.2691650390625
-0.145477294921875 -0.4425048828125 0.168975830078125 0.0937347412109375
-0.33642578125 -0.273345947265625 0.104644775390625 0.130355834960937
-0.3726806640625 -0.105316162109375 0.108161926269531 0.134521484375
-0.354736328125 -0.13409423828125 0.115097045898437 0.108657836914062
-0.3612060546875 -0.117645263671875 0.0833587646484375 0.0823211669921875
-0.25927734375 -0.246444702148438 0.0537185668945312 0.0414505004882812
-0.1131591796875 -0.385284423828125 0.0348129272460937 -0.0924530029296875
0.09393310546875 -0.41400146484375 0.05499267578125 -0.184906005859375
0.334381103515625 -0.284149169921875 0.196823120117188 -0.276687622070313
0.246261596679688 -0.17230224609375 0.394775390625 -0.3133544921875
0.242340087890625 -0.3746337890625 0.38287353515625 -0.0418701171875
-0.054718017578125 -0.340423583984375 0.30462646484375 -0.3280029296875
-0.048858642578125 -0.1009521484375 -0.170928955078125 0.0639495849609375
0.162200927734375 -0.121673583984375 0.08807373046875 0.359466552734375
0.0987701416015625 -0.272415161132812 0.239517211914063 0.2222900390625
-0.120880126953125 -0.354461669921875 0.20703125 0.152328491210937
-0.30462646484375 -0.19976806640625 0.233047485351562 0.180999755859375
-0.314178466796875 -0.046173095703125 0.255126953125 0.126190185546875
-0.302642822265625 -0.07635498046875 0.232528686523437 0.095245361328125
-0.3154296875 -0.06927490234375 0.198699951171875 0.083709716796875
-0.230545043945313 -0.193893432617187 0.153549194335938 0.0887908935546875
-0.0716552734375 -0.318328857421875 0.103355407714844 -0.00918579101562502
0.14910888671875 -0.2930908203125 0.0991592407226563 -0.115760803222656
0.269317626953125 -0.089202880859375 0.252487182617188 -0.24188232421875
0.0864028930664063 -0.0264205932617188 0.536834716796875 -0.304443359375
0.026947021484375 -0.3017578125 0.50555419921875 -0.073883056640625
-0.239639282226562 -0.127395629882813 0.314788818359375 -0.3775634765625
-0.113983154296875 0.0981292724609375 -0.0654678344726563 0.016357421875
0.160079956054687 0.049896240234375 0.119461059570313 0.256637573242188
0.117523193359375 -0.144943237304688 0.206787109375 0.197769165039063
-0.0743255615234375 -0.2227783203125 0.224838256835938 0.206573486328125
-0.216827392578125 -0.100601196289062 0.325408935546875 0.205902099609375
-0.20233154296875 0.01373291015625 0.356781005859375 0.100189208984375
-0.20721435546875 -0.00907897949218752 0.3148193359375 0.06927490234375
-0.234176635742188 -0.0101165771484375 0.287139892578125 0.0751953125
-0.188140869140625 -0.117996215820312 0.2288818359375 0.124710083007812
-0.0405426025390625 -0.217330932617188 0.140701293945313 0.0693817138671875
0.150527954101563 -0.140853881835938 0.1060791015625 -0.0589599609375
0.117164611816406 0.0822830200195313 0.285736083984375 -0.225372314453125
-0.124984741210938 0.0663833618164062 0.64801025390625 -0.27587890625
-0.198959350585938 -0.227157592773438 0.55767822265625 -0.090850830078125
0.43939208984375 0.05841064453125 -0.48077392578125 0.10247802734375
0.277481079101563 -0.127792358398438 -0.713623046875 0.283935546875
0.039520263671875 -0.18804931640625 -0.26318359375 0.284423828125
-0.0852279663085938 -0.02557373046875 -0.0625572204589844 0.0547599792480469
0.0293655395507812 0.094970703125 -0.124214172363281 -0.127609252929687
0.154983520507813 0.0150604248046875 -0.270614624023438 -0.137466430664062
0.0994110107421875 -0.088531494140625 -0.3397216796875 -0.02886962890625
0.0727767944335938 -0.0762557983398438 -0.333587646484375 -0.00106811523437502
0.0794601440429688 -0.0716476440429688 -0.37481689453125 -0.024993896484375
0.0888442993164063 -0.00997161865234375 -0.374969482421875 -0.151947021484375
0.0220565795898438 0.0679168701171875 -0.287353515625 -0.203094482421875
-0.133964538574219 0.0231399536132812 -0.202255249023438 -0.181427001953125
-0.105026245117188 -0.185775756835938 -0.109848022460937 -0.213775634765625
0.0952911376953125 -0.263565063476563 -0.0489540100097656 -0.0509567260742188
0.32928466796875 -0.105499267578125 -0.33697509765625 0.31182861328125
0.546600341796875 -0.0833740234375 -0.367950439453125 0.095184326171875
0.407501220703125 -0.1898193359375 -0.73760986328125 0.25933837890625
0.194091796875 -0.31610107421875 -0.285186767578125 0.370147705078125
-0.0128936767578125 -0.187515258789063 -0.0176544189453125 0.105735778808594
-0.00201416015625 -0.071075439453125 -0.101593017578125 -0.139785766601563
0.0511856079101562 -0.085693359375 -0.289154052734375 -0.123504638671875
-0.0288314819335938 -0.132301330566406 -0.34613037109375 0.0145263671875
-0.0675811767578125 -0.126327514648437 -0.313201904296875 0.0406188964843751
-0.076995849609375 -0.107330322265625 -0.356536865234375 0.01220703125
-0.0423583984375 -0.098968505859375 -0.36322021484375 -0.122650146484375
-0.0593719482421875 -0.0815887451171875 -0.279159545898438 -0.216293334960938
-0.140380859375 -0.1346435546875 -0.182937622070312 -0.202880859375
-0.031646728515625 -0.31915283203125 -0.08233642578125 -0.211380004882813
0.153472900390625 -0.373443603515625 -0.0479011535644531 -0.0612411499023438
0.4185791015625 -0.285247802734375 -0.257797241210938 0.2747802734375
0.56634521484375 -0.2598876953125 -0.2083740234375 0.0693206787109375
0.4354248046875 -0.284027099609375 -0.69439697265625 0.24224853515625
0.2733154296875 -0.4283447265625 -0.27716064453125 0.4698486328125
0.037322998046875 -0.340118408203125 0.04119873046875 0.189697265625
-0.04833984375 -0.247940063476563 -0.0534896850585938 -0.106353759765625
-0.078582763671875 -0.185928344726563 -0.257369995117188 -0.0781707763671875
-0.166336059570312 -0.1563720703125 -0.29693603515625 0.061279296875
-0.198562622070312 -0.157608032226563 -0.246810913085938 0.0761871337890625
-0.216079711914063 -0.128189086914062 -0.2843017578125 0.045196533203125
-0.15960693359375 -0.174179077148438 -0.296722412109375 -0.086273193359375
-0.13214111328125 -0.221084594726562 -0.237518310546875 -0.21417236328125
-0.1319580078125 -0.290740966796875 -0.152877807617188 -0.225860595703125
0.066375732421875 -0.430633544921875 -0.040924072265625 -0.238357543945313
0.22161865234375 -0.432464599609375 0.00131988525390626 -0.118751525878906
0.463409423828125 -0.409698486328125 -0.128067016601562 0.197677612304687
0.489166259765625 -0.4290771484375 -0.0370597839355468 0.000400543212890599
0.354278564453125 -0.38134765625 -0.59722900390625 0.2265625
0.253173828125 -0.49298095703125 -0.21038818359375 0.5399169921875
0.042724609375 -0.439849853515625 0.1201171875 0.262802124023438
-0.1121826171875 -0.3863525390625 0.0186271667480469 -0.04327392578125
-0.21099853515625 -0.257797241210938 -0.16961669921875 -0.00842285156250005
-0.287811279296875 -0.154571533203125 -0.193023681640625 0.101669311523438
-0.30084228515625 -0.164306640625 -0.142440795898438 0.100372314453125
-0.314788818359375 -0.132904052734375 -0.174728393554688 0.0660247802734375
-0.239852905273437 -0.224624633789063 -0.188995361328125 -0.0482330322265625
-0.174713134765625 -0.327484130859375 -0.162933349609375 -0.19659423828125
-0.093994140625 -0.410858154296875 -0.101333618164062 -0.237503051757813
0.17547607421875 -0.487457275390625 0.0189361572265625 -0.272781372070313
0.278717041015625 -0.420623779296875 0.09405517578125 -0.20367431640625
0.450653076171875 -0.465179443359375 0.0358810424804688 0.0999679565429687
0.329864501953125 -0.520111083984375 0.113594055175781 -0.111526489257813
0.20306396484375 -0.397186279296875 -0.459136962890625 0.190704345703125
0.18798828125 -0.454803466796875 -0.0948486328125 0.540618896484375
0.03240966796875 -0.450103759765625 0.200958251953125 0.280990600585938
-0.161590576171875 -0.445556640625 0.100013732910156 0.0244369506835937
-0.3114013671875 -0.280731201171875 -0.037078857421875 0.0641059875488281
-0.3642578125 -0.12774658203125 -0.0470504760742188 0.125160217285156
-0.3560791015625 -0.145294189453125 -0.0143661499023438 0.109268188476562
-0.363525390625 -0.120452880859375 -0.044281005859375 0.0751800537109375
-0.274932861328125 -0.243133544921875 -0.0633087158203125 -0.00745010375976563
-0.170166015625 -0.380462646484375 -0.0661773681640625 -0.156814575195313
-0.020721435546875 -0.457427978515625 -0.0284881591796875 -0.22601318359375
0.270782470703125 -0.442474365234375 0.096832275390625 -0.290618896484375
0.296173095703125 -0.33148193359375 0.22393798828125 -0.28363037109375
0.3668212890625 -0.449615478515625 0.213851928710938 0.00656127929687497
0.126007080078125 -0.48565673828125 0.221481323242187 -0.23895263671875
0.049224853515625 -0.28900146484375 -0.306610107421875 0.13592529296875
0.147979736328125 -0.31439208984375 0.024810791015625 0.46337890625
0.04766845703125 -0.379913330078125 0.247634887695313 0.249465942382812
-0.1717529296875 -0.423980712890625 0.167678833007813 0.0851898193359375
-0.34783935546875 -0.24835205078125 0.109687805175781 0.1253662109375
-0.37261962890625 -0.080963134765625 0.112960815429687 0.127571105957031
-0.3570556640625 -0.107666015625 0.116767883300781 0.101150512695313
-0.361053466796875 -0.090423583984375 0.0850677490234375 0.0753860473632813
-0.268478393554687 -0.224273681640625 0.0576896667480469 0.0346755981445312
-0.133880615234375 -0.36981201171875 0.02911376953125 -0.0940628051757813
0.067626953125 -0.41192626953125 0.0446319580078125 -0.181167602539063
0.308929443359375 -0.2999267578125 0.17523193359375 -0.27734375
0.2347412109375 -0.181549072265625 0.369903564453125 -0.328857421875
0.212677001953125 -0.38519287109375 0.3758544921875 -0.062713623046875
-0.0775146484375 -0.331573486328125 0.2763671875 -0.34161376953125
-0.0540618896484375 -0.0962905883789063 -0.167495727539062 0.07281494140625
0.151763916015625 -0.132568359375 0.104583740234375 0.347503662109375
0.0816192626953125 -0.27276611328125 0.244537353515625 0.203933715820312
-0.142730712890625 -0.339385986328125 0.2098388671875 0.140731811523437
-0.313507080078125 -0.176361083984375 0.240631103515625 0.16668701171875
-0.311798095703125 -0.025665283203125 0.2564697265625 0.1107177734375
-0.30267333984375 -0.053955078125 0.230072021484375 0.0793609619140625
-0.313629150390625 -0.044586181640625 0.197341918945312 0.0679168701171875
-0.237808227539063 -0.174468994140625 0.158523559570312 0.0744476318359375
-0.090087890625 -0.30859375 0.102310180664063 -0.0158538818359375
0.129119873046875 -0.29833984375 0.0919113159179688 -0.115943908691406
0.258560180664063 -0.10443115234375 0.23126220703125 -0.245986938476563
0.0863113403320313 -0.0283050537109375 0.50701904296875 -0.32867431640625
0.00451660156249998 -0.298858642578125 0.492919921875 -0.0999755859375
-0.245849609375 -0.109527587890625 0.283050537109375 -0.390472412109375
-0.105911254882812 0.104194641113281 -0.0657920837402344 0.0204887390136719
0.161224365234375 0.0352783203125 0.12982177734375 0.242950439453125
0.107742309570313 -0.14947509765625 0.21148681640625 0.181686401367188
-0.089385986328125 -0.21270751953125 0.232559204101563 0.191909790039063
-0.221054077148438 -0.0841064453125 0.334381103515625 0.18426513671875
-0.198074340820312 0.026763916015625 0.354736328125 0.077484130859375
-0.204925537109375 0.00671386718749997 0.308837890625 0.048248291015625
-0.230606079101563 0.00927734374999997 0.28369140625 0.052703857421875
-0.192184448242188 -0.102294921875 0.234634399414063 0.104202270507813
-0.0541534423828125 -0.211517333984375 0.14501953125 0.059051513671875
0.139678955078125 -0.149063110351563 0.101539611816406 -0.060302734375
0.120086669921875 0.074127197265625 0.264755249023438 -0.230850219726563
-0.115493774414063 0.0749053955078125 0.61773681640625 -0.30743408203125
-0.212921142578125 -0.211456298828125 0.54217529296875 -0.118377685546875
0.43023681640625 0.036529541015625 -0.461090087890625 0.11602783203125
0.26409912109375 -0.1331787109375 -0.679443359375 0.2998046875
0.02972412109375 -0.181350708007813 -0.243927001953125 0.281463623046875
-0.0837783813476563 -0.0174407958984375 -0.0605926513671875 0.0525894165039063
0.0357131958007813 0.0906600952148438 -0.129280090332031 -0.11871337890625
0.154647827148438 0.003387451171875 -0.27239990234375 -0.118499755859375
0.092498779296875 -0.09246826171875 -0.329864501953125 -0.01123046875
0.0665969848632813 -0.0785140991210937 -0.317535400390625 0.013092041015625
0.0733871459960938 -0.07659912109375 -0.35791015625 -0.00885009765625004
0.0871734619140625 -0.0165786743164063 -0.36907958984375 -0.1319580078125
0.0262641906738281 0.0636672973632813 -0.28741455078125 -0.1878662109375
-0.127960205078125 0.0297088623046875 -0.199264526367188 -0.167587280273437
-0.108688354492188 -0.176177978515625 -0.113540649414063 -0.202774047851562
0.081756591796875 -0.257553100585938 -0.0484580993652344 -0.0457382202148438
0.31744384765625 -0.117431640625 -0.309906005859375 0.316497802734375
0.52703857421875 -0.104156494140625 -0.351318359375 0.105499267578125
0.38787841796875 -0.19818115234375 -0.70245361328125 0.2781982421875
0.174072265625 -0.311248779296875 -0.26275634765625 0.367950439453125
-0.01934814453125 -0.176971435546875 -0.0145263671875 0.100608825683594
-0.00130081176757813 -0.067901611328125 -0.107833862304688 -0.131477355957031
0.0503692626953125 -0.0894775390625 -0.289764404296875 -0.1046142578125
-0.034698486328125 -0.129081726074219 -0.333251953125 0.03106689453125
-0.071075439453125 -0.120750427246094 -0.297882080078125 0.052581787109375
-0.0802841186523438 -0.103179931640625 -0.33978271484375 0.027435302734375
-0.043792724609375 -0.096923828125 -0.35504150390625 -0.104400634765625
-0.0590896606445313 -0.0780715942382813 -0.280838012695312 -0.199417114257813
-0.140625 -0.123626708984375 -0.181808471679687 -0.189376831054688
-0.04388427734375 -0.3076171875 -0.0874786376953125 -0.200119018554688
0.13482666015625 -0.366546630859375 -0.047393798828125 -0.055084228515625
0.395843505859375 -0.2962646484375 -0.23309326171875 0.275894165039063
0.538055419921875 -0.27691650390625 -0.197769165039062 0.0717010498046875
0.411407470703125 -0.293304443359375 -0.66351318359375 0.2628173828125
0.245452880859375 -0.424285888671875 -0.2515869140625 0.466766357421875
0.024505615234375 -0.327728271484375 0.04595947265625 0.1805419921875
-0.0541839599609375 -0.2362060546875 -0.0603485107421875 -0.0998611450195313
-0.079376220703125 -0.18035888671875 -0.256759643554688 -0.0608673095703125
-0.168426513671875 -0.146697998046875 -0.28460693359375 0.07415771484375
-0.200149536132813 -0.144622802734375 -0.2327880859375 0.08544921875
-0.213531494140625 -0.116668701171875 -0.26934814453125 0.0569152832031249
-0.1593017578125 -0.163238525390625 -0.288421630859375 -0.071563720703125
-0.1351318359375 -0.209793090820313 -0.240493774414063 -0.199844360351563
-0.138717651367188 -0.275772094726562 -0.154571533203125 -0.212158203125
0.045074462890625 -0.419647216796875 -0.0482025146484375 -0.226242065429688
0.199432373046875 -0.425994873046875 -0.00156402587890624 -0.111793518066406
0.431854248046875 -0.419586181640625 -0.111770629882812 0.195159912109375
0.4561767578125 -0.437652587890625 -0.0353469848632812 -0.0015983581542969
0.328399658203125 -0.383758544921875 -0.573486328125 0.2420654296875
0.225616455078125 -0.48834228515625 -0.186279296875 0.533294677734375
0.026031494140625 -0.42596435546875 0.124588012695312 0.248245239257812
-0.121856689453125 -0.36724853515625 0.0118293762207031 -0.0414962768554688
-0.21270751953125 -0.243637084960938 -0.167266845703125 0.00282287597656248
-0.2862548828125 -0.13916015625 -0.182464599609375 0.109481811523438
-0.298248291015625 -0.145477294921875 -0.131759643554688 0.105506896972656
-0.309906005859375 -0.11456298828125 -0.163299560546875 0.0731964111328125
-0.23956298828125 -0.208786010742188 -0.1832275390625 -0.0399932861328125
-0.18048095703125 -0.311370849609375 -0.167098999023438 -0.185379028320313
-0.107177734375 -0.393218994140625 -0.1051025390625 -0.225189208984375
0.148834228515625 -0.47857666015625 0.00840759277343748 -0.260360717773438
0.256591796875 -0.41748046875 0.0846710205078125 -0.197494506835938
0.417388916015625 -0.470672607421875 0.0431594848632813 0.0945663452148437
0.296173095703125 -0.52056884765625 0.105072021484375 -0.115760803222656
0.17974853515625 -0.392578125 -0.439605712890625 0.2015380859375
0.162109375 -0.44866943359375 -0.074371337890625 0.528289794921875
0.01702880859375 -0.434783935546875 0.202239990234375 0.263687133789063
-0.174072265625 -0.42254638671875 0.0946731567382812 0.021514892578125
-0.312591552734375 -0.25921630859375 -0.0350608825683594 0.0679206848144531
-0.35906982421875 -0.108917236328125 -0.041046142578125 0.125717163085938
-0.35137939453125 -0.124664306640625 -0.00965118408203128 0.108680725097656
-0.356597900390625 -0.0988464355468749 -0.0396804809570313 0.0766220092773438
-0.274383544921875 -0.223190307617188 -0.0595626831054688 -0.00677871704101564
-0.180511474609375 -0.361114501953125 -0.07122802734375 -0.150924682617188
-0.037384033203125 -0.442169189453125 -0.0337066650390625 -0.214706420898438
0.242462158203125 -0.441253662109375 0.08258056640625 -0.279129028320313
0.27679443359375 -0.33154296875 0.206069946289063 -0.280899047851563
0.334686279296875 -0.4512939453125 0.210784912109375 -0.00149536132812503
0.09954833984375 -0.475921630859375 0.203872680664062 -0.242462158203125
0.03521728515625 -0.281890869140625 -0.294921875 0.144256591796875
0.128997802734375 -0.31298828125 0.038909912109375 0.448333740234375
0.032989501953125 -0.369720458984375 0.245529174804688 0.231063842773437
-0.184539794921875 -0.40185546875 0.163177490234375 0.0784759521484375
-0.347076416015625 -0.225250244140625 0.111122131347656 0.120491027832031
-0.365478515625 -0.0625 0.112945556640625 0.121978759765625
-0.34967041015625 -0.086761474609375 0.114730834960937 0.0948715209960938
-0.35113525390625 -0.0678100585937501 0.0837249755859375 0.0701828002929688
-0.26800537109375 -0.204193115234375 0.0587234497070312 0.0283699035644531
-0.144622802734375 -0.3524169921875 0.02471923828125 -0.0935821533203125
0.0491943359375 -0.40277099609375 0.038848876953125 -0.17388916015625
0.285675048828125 -0.302886962890625 0.158096313476563 -0.268157958984375
0.223190307617187 -0.183120727539063 0.344635009765625 -0.329132080078125
0.1864013671875 -0.381866455078125 0.364532470703125 -0.07403564453125
-0.0914306640625 -0.318450927734375 0.25213623046875 -0.344207763671875
-0.05718994140625 -0.0903549194335938 -0.16241455078125 0.0774993896484375
0.140975952148438 -0.138015747070312 0.11224365234375 0.331756591796875
0.070159912109375 -0.2689208984375 0.24066162109375 0.187332153320312
-0.154815673828125 -0.321685791015625 0.207229614257813 0.131057739257812
-0.31304931640625 -0.15692138671875 0.240707397460937 0.153732299804688
-0.30419921875 -0.00997924804687494 0.251068115234375 0.0979766845703125
-0.295440673828125 -0.037506103515625 0.222381591796875 0.068817138671875
-0.303466796875 -0.0254211425781249 0.190948486328125 0.0574188232421875
-0.23681640625 -0.157241821289063 0.157974243164062 0.061676025390625
-0.10028076171875 -0.295257568359375 0.100067138671875 -0.0207443237304688
0.1131591796875 -0.295257568359375 0.0863876342773438 -0.112228393554688
0.245498657226563 -0.110870361328125 0.21331787109375 -0.239700317382813
0.0860671997070313 -0.0291748046875 0.477691650390625 -0.33514404296875
-0.01116943359375 -0.290313720703125 0.474945068359375 -0.11419677734375
-0.244842529296875 -0.095703125 0.254791259765625 -0.39056396484375
-0.0993881225585938 0.105552673339844 -0.0652542114257813 0.0229873657226563
0.157211303710937 0.02471923828125 0.132186889648438 0.229644775390625
0.0995025634765625 -0.150314331054688 0.207809448242188 0.168716430664063
-0.09808349609375 -0.2012939453125 0.232589721679688 0.180694580078125
-0.220245361328125 -0.069610595703125 0.33343505859375 0.165802001953125
-0.19036865234375 0.035888671875 0.34429931640625 0.062469482421875
-0.198104858398437 0.0173187255859375 0.296539306640625 0.03350830078125
-0.22198486328125 0.0229339599609375 0.273330688476563 0.03692626953125
-0.190994262695312 -0.089080810546875 0.233444213867187 0.08740234375
-0.062164306640625 -0.203109741210938 0.145553588867188 0.050048828125
0.128952026367188 -0.152481079101563 0.0969009399414063 -0.0587997436523438
0.120361328125 0.0677566528320313 0.245590209960937 -0.226486206054688
-0.106300354003906 0.0783843994140625 0.585205078125 -0.31939697265625
-0.218368530273438 -0.196929931640625 0.522064208984375 -0.1331787109375
0.42181396484375 0.025238037109375 -0.44677734375 0.118743896484375
0.256484985351563 -0.134445190429688 -0.6572265625 0.3031005859375
0.024993896484375 -0.175735473632812 -0.234756469726563 0.278030395507812
-0.0826873779296875 -0.0118331909179688 -0.0599594116210938 0.0493888854980469
0.0389175415039063 0.0878219604492188 -0.132186889648438 -0.11309814453125
0.153076171875 -0.0051422119140625 -0.27294921875 -0.1060791015625
0.0866775512695313 -0.0946426391601563 -0.32098388671875 -0.00161743164062495
0.0626678466796875 -0.0791549682617188 -0.30438232421875 0.018707275390625
0.0680694580078125 -0.0796051025390625 -0.344879150390625 -0.00314331054687499
0.0859909057617188 -0.0209197998046875 -0.36016845703125 -0.1214599609375
0.0286674499511719 0.0602684020996094 -0.286376953125 -0.179840087890625
-0.123588562011719 0.0326995849609375 -0.194229125976563 -0.16107177734375
-0.109298706054687 -0.16961669921875 -0.112060546875 -0.195053100585937
0.0737762451171875 -0.251327514648437 -0.0471458435058594 -0.0424652099609375
0.309112548828125 -0.122406005859375 -0.2923583984375 0.313323974609375
0.51397705078125 -0.11383056640625 -0.3394775390625 0.1048583984375
0.375244140625 -0.1998291015625 -0.67974853515625 0.282958984375
0.16290283203125 -0.30560302734375 -0.251251220703125 0.3609619140625
-0.02142333984375 -0.168014526367188 -0.0143051147460938 0.0960006713867187
0.000583648681640619 -0.0658950805664063 -0.111846923828125 -0.125984191894531
0.0505447387695313 -0.09326171875 -0.28857421875 -0.091461181640625
-0.0374832153320312 -0.127647399902344 -0.323333740234375 0.0401611328125
-0.072479248046875 -0.116691589355469 -0.284637451171875 0.0587158203124999
-0.0814361572265625 -0.101081848144531 -0.3262939453125 0.03375244140625
-0.0431671142578125 -0.0959320068359375 -0.346832275390625 -0.0945739746093751
-0.0575408935546875 -0.076324462890625 -0.27996826171875 -0.190963745117187
-0.138236999511719 -0.116096496582031 -0.177871704101563 -0.181655883789062
-0.0499267578125 -0.298736572265625 -0.0876007080078125 -0.191665649414063
0.124969482421875 -0.358642578125 -0.0454597473144531 -0.05047607421875
0.38116455078125 -0.297576904296875 -0.218475341796875 0.272628784179688
0.52081298828125 -0.280548095703125 -0.190231323242187 0.0696258544921875
0.395904541015625 -0.292877197265625 -0.64471435546875 0.2679443359375
0.22998046875 -0.41827392578125 -0.23809814453125 0.459716796875
0.019287109375 -0.317047119140625 0.045623779296875 0.1739501953125
-0.0552978515625 -0.228713989257813 -0.0645751953125 -0.0957870483398438
-0.078369140625 -0.178298950195313 -0.254257202148438 -0.049285888671875
-0.168197631835938 -0.141677856445313 -0.27569580078125 0.0817718505859374
-0.197708129882812 -0.136276245117188 -0.222335815429688 0.0900115966796875
-0.211349487304687 -0.109893798828125 -0.258010864257813 0.0620727539062499
-0.156967163085938 -0.1585693359375 -0.280899047851562 -0.0650329589843751
-0.135406494140625 -0.202560424804688 -0.241287231445313 -0.191375732421875
-0.138778686523438 -0.265304565429688 -0.150711059570313 -0.203689575195313
0.034149169921875 -0.410980224609375 -0.050048828125 -0.217071533203125
0.187255859375 -0.41741943359375 -0.00203704833984375 -0.105934143066406
0.41424560546875 -0.41778564453125 -0.101058959960937 0.192047119140625
0.435394287109375 -0.436737060546875 -0.033060073852539 -0.00419807434082033
0.31341552734375 -0.379241943359375 -0.555877685546875 0.245391845703125
0.2081298828125 -0.48004150390625 -0.17230224609375 0.52490234375
0.01904296875 -0.414215087890625 0.12298583984375 0.23870849609375
-0.12445068359375 -0.35552978515625 0.00787353515624999 -0.03985595703125
-0.210479736328125 -0.2357177734375 -0.165267944335938 0.0103302001953125
-0.283172607421875 -0.130706787109375 -0.176345825195313 0.113693237304687
-0.294281005859375 -0.134033203125 -0.125289916992188 0.107994079589844
-0.30328369140625 -0.104400634765625 -0.15460205078125 0.0762481689453125
-0.23516845703125 -0.19915771484375 -0.177337646484375 -0.037200927734375
-0.181884765625 -0.3001708984375 -0.168426513671875 -0.178863525390625
-0.10980224609375 -0.38067626953125 -0.102783203125 -0.21636962890625
0.134796142578125 -0.469207763671875 0.00430297851562501 -0.249542236328125
0.24346923828125 -0.409332275390625 0.080841064453125 -0.191452026367188
0.397186279296875 -0.469024658203125 0.0481414794921875 0.091644287109375
0.2777099609375 -0.513519287109375 0.100166320800781 -0.118392944335938
0.16748046875 -0.386322021484375 -0.4278564453125 0.205047607421875
0.147552490234375 -0.442779541015625 -0.06304931640625 0.517547607421875
0.0108642578125 -0.424468994140625 0.199356079101562 0.253524780273438
-0.177520751953125 -0.40948486328125 0.0902328491210937 0.02069091796875
-0.30908203125 -0.247833251953125 -0.033935546875 0.0707778930664062
-0.353363037109375 -0.09796142578125 -0.0388641357421875 0.127288818359375
-0.345703125 -0.11102294921875 -0.00783538818359378 0.109382629394531
-0.34710693359375 -0.086273193359375 -0.0355148315429688 0.0771484375
-0.268630981445313 -0.211944580078125 -0.0562019348144531 -0.00792312622070314
-0.18255615234375 -0.349365234375 -0.07342529296875 -0.14697265625
-0.043609619140625 -0.42999267578125 -0.033966064453125 -0.207138061523438
0.225616455078125 -0.43377685546875 0.0760345458984375 -0.267486572265625
0.265655517578125 -0.32574462890625 0.196975708007813 -0.27435302734375
0.315338134765625 -0.448272705078125 0.2095947265625 -0.00495910644531253
0.0836486816406249 -0.46661376953125 0.193023681640625 -0.243606567382813
0.02703857421875 -0.275405883789063 -0.287994384765625 0.146484375
0.118377685546875 -0.3094482421875 0.045074462890625 0.43792724609375
0.02801513671875 -0.36199951171875 0.240280151367188 0.22119140625
-0.189727783203125 -0.38690185546875 0.158493041992188 0.07574462890625
-0.3453369140625 -0.211273193359375 0.111328125 0.117919921875
-0.3587646484375 -0.050445556640625 0.111648559570312 0.119117736816406
-0.344268798828125 -0.0740661621093751 0.11175537109375 0.0931930541992188
-0.341796875 -0.05535888671875 0.0822067260742187 0.0683059692382813
-0.263381958007812 -0.192459106445313 0.0595588684082031 0.0233497619628906
-0.148834228515625 -0.3392333984375 0.021759033203125 -0.0930709838867188
0.04022216796875 -0.39398193359375 0.037017822265625 -0.167800903320313
0.271484375 -0.299774169921875 0.149887084960938 -0.257308959960938
0.217361450195312 -0.181365966796875 0.330657958984375 -0.32415771484375
0.171783447265625 -0.375762939453125 0.356597900390625 -0.076995849609375
-0.09857177734375 -0.307098388671875 0.235992431640625 -0.341552734375
-0.059112548828125 -0.0859527587890625 -0.159255981445313 0.07977294921875
0.134132385253906 -0.139617919921875 0.113433837890625 0.32159423828125
0.0651397705078125 -0.26507568359375 0.234390258789063 0.179244995117187
-0.160003662109375 -0.309356689453125 0.203811645507813 0.126358032226562
-0.31024169921875 -0.14422607421875 0.2393798828125 0.147232055664063
-0.297271728515625 -0.00122070312499998 0.245223999023437 0.0920562744140625
-0.28924560546875 -0.026885986328125 0.21478271484375 0.0643768310546875
-0.2945556640625 -0.014617919921875 0.185348510742187 0.0525360107421875
-0.233200073242188 -0.146804809570313 0.156234741210937 0.0537567138671875
-0.104400634765625 -0.285125732421875 0.098297119140625 -0.0232696533203125
0.104522705078125 -0.291351318359375 0.0849380493164063 -0.108131408691406
0.237213134765625 -0.112579345703125 0.203598022460938 -0.229339599609375
0.0870208740234375 -0.0288009643554688 0.459075927734375 -0.3341064453125
-0.020477294921875 -0.28216552734375 0.462799072265625 -0.116424560546875
-0.241958618164063 -0.0868682861328125 0.237091064453125 -0.38824462890625
-0.09515380859375 0.106430053710937 -0.0652961730957031 0.0241889953613281
0.153152465820313 0.017669677734375 0.1309814453125 0.220596313476563
0.0946197509765625 -0.15032958984375 0.201858520507813 0.16107177734375
-0.10296630859375 -0.192947387695313 0.23077392578125 0.174728393554688
-0.218292236328125 -0.0605010986328125 0.3314208984375 0.156463623046875
-0.18536376953125 0.0417633056640625 0.336395263671875 0.054718017578125
-0.192901611328125 0.0234527587890625 0.2861328125 0.02728271484375
-0.214096069335937 0.0309906005859375 0.264312744140625 0.02984619140625
-0.187759399414062 -0.0809326171875 0.230194091796875 0.0765228271484375
-0.066162109375 -0.19696044921875 0.145492553710938 0.044769287109375
0.122421264648438 -0.153030395507813 0.095611572265625 -0.0552749633789063
0.120384216308594 0.0642242431640625 0.234619140625 -0.21826171875
-0.0987014770507813 0.079254150390625 0.56298828125 -0.32049560546875
-0.220321655273438 -0.187484741210938 0.5074462890625 -0.1341552734375
0.421173095703125 0.01910400390625 -0.444305419921875 0.11810302734375
0.25421142578125 -0.136367797851563 -0.6484375 0.305419921875
0.0227813720703125 -0.173843383789063 -0.231842041015625 0.274703979492188
-0.0818405151367188 -0.00707244873046876 -0.0612831115722656 0.0465316772460937
0.0428924560546875 0.086822509765625 -0.13580322265625 -0.110420227050781
0.1534423828125 -0.0122222900390625 -0.275924682617188 -0.096923828125
0.0837478637695313 -0.0975494384765625 -0.318023681640625 0.00634765625000001
0.061065673828125 -0.0809249877929688 -0.298614501953125 0.0218505859375
0.0644073486328125 -0.0826644897460938 -0.338836669921875 -0.00158691406249999
0.0857925415039063 -0.0250396728515625 -0.359588623046875 -0.1173095703125
0.0313491821289063 0.0582008361816406 -0.288421630859375 -0.17669677734375
-0.122322082519531 0.03668212890625 -0.191268920898438 -0.159194946289062
-0.111495971679688 -0.16741943359375 -0.11163330078125 -0.192276000976563
0.0708160400390625 -0.24884033203125 -0.0460357666015625 -0.0399169921875
0.30908203125 -0.127593994140625 -0.282928466796875 0.31317138671875
0.509674072265625 -0.121429443359375 -0.336273193359375 0.10308837890625
0.37139892578125 -0.202362060546875 -0.67218017578125 0.2852783203125
0.15692138671875 -0.30401611328125 -0.24713134765625 0.360809326171875
-0.021636962890625 -0.1630859375 -0.0154571533203125 0.0929107666015625
0.00255203247070312 -0.0644798278808594 -0.116378784179688 -0.124618530273437
0.050933837890625 -0.0985107421875 -0.291046142578125 -0.0821533203124999
-0.0395050048828125 -0.128494262695313 -0.320037841796875 0.048004150390625
-0.0740585327148437 -0.115470886230469 -0.278594970703125 0.061309814453125
-0.0834808349609375 -0.101638793945313 -0.319366455078125 0.03643798828125
-0.0423736572265625 -0.0981216430664063 -0.34503173828125 -0.0905456542968749
-0.0561065673828125 -0.0764312744140625 -0.28265380859375 -0.188018798828125
-0.1383056640625 -0.112274169921875 -0.175338745117188 -0.179779052734375
-0.053955078125 -0.296142578125 -0.0872802734375 -0.188400268554688
0.12103271484375 -0.35577392578125 -0.0439453125 -0.0474853515625
0.37664794921875 -0.30377197265625 -0.209930419921875 0.271636962890625
0.514312744140625 -0.285400390625 -0.186843872070312 0.066375732421875
0.390380859375 -0.294036865234375 -0.638427734375 0.27020263671875
0.22265625 -0.417388916015625 -0.23431396484375 0.458709716796875
0.017669677734375 -0.3116455078125 0.045135498046875 0.170562744140625
-0.054962158203125 -0.225448608398438 -0.0688934326171875 -0.0955123901367188
-0.0770263671875 -0.18084716796875 -0.256561279296875 -0.04168701171875
-0.169845581054688 -0.13970947265625 -0.272415161132812 0.0887908935546875
-0.199142456054688 -0.132888793945313 -0.217300415039062 0.0933685302734375
-0.211898803710938 -0.107315063476562 -0.251144409179688 0.0648651123046875
-0.155899047851563 -0.158035278320312 -0.2783203125 -0.0619659423828125
-0.135391235351562 -0.200531005859375 -0.244049072265625 -0.188323974609375
-0.1405029296875 -0.260696411132813 -0.148406982421875 -0.201385498046875
0.028961181640625 -0.4078369140625 -0.0498809814453125 -0.2117919921875
0.183746337890625 -0.413787841796875 -0.000465393066406236 -0.102806091308594
0.407470703125 -0.4237060546875 -0.0941009521484375 0.190200805664062
0.42608642578125 -0.43878173828125 -0.0322628021240234 -0.00855827331542971
0.306610107421875 -0.380645751953125 -0.553436279296875 0.248748779296875
0.200408935546875 -0.479644775390625 -0.169281005859375 0.524688720703125
0.01837158203125 -0.408477783203125 0.122940063476563 0.235031127929688
-0.12652587890625 -0.350799560546875 0.00400543212890624 -0.03973388671875
-0.209457397460938 -0.234512329101562 -0.166595458984375 0.01666259765625
-0.28369140625 -0.125762939453125 -0.174057006835938 0.119308471679688
-0.295013427734375 -0.12799072265625 -0.121749877929688 0.111183166503906
-0.3026123046875 -0.0989990234374999 -0.149688720703125 0.0787200927734375
-0.234130859375 -0.197189331054688 -0.175323486328125 -0.0366668701171875
-0.182403564453125 -0.29632568359375 -0.171966552734375 -0.176620483398438
-0.112457275390625 -0.376800537109375 -0.101028442382812 -0.21368408203125
0.12603759765625 -0.465911865234375 0.00416564941406251 -0.242889404296875
0.241851806640625 -0.4090576171875 0.0801544189453125 -0.187896728515625
0.388519287109375 -0.4718017578125 0.0525436401367188 0.0895843505859375
0.267120361328125 -0.51348876953125 0.0983810424804688 -0.122016906738281
0.159912109375 -0.385589599609375 -0.425384521484375 0.208343505859375
0.139556884765625 -0.44189453125 -0.059661865234375 0.515625
0.00930786132812502 -0.420196533203125 0.197555541992188 0.250320434570313
-0.18194580078125 -0.4027099609375 0.086578369140625 0.0198516845703125
-0.30926513671875 -0.24273681640625 -0.0333023071289063 0.07366943359375
-0.35382080078125 -0.0909423828125 -0.0383377075195313 0.129966735839844
-0.34576416015625 -0.103485107421875 -0.00596618652343752 0.111968994140625
-0.343841552734375 -0.0806579589843749 -0.0330657958984375 0.0788803100585938
-0.266891479492188 -0.20794677734375 -0.0551414489746094 -0.00955200195312502
-0.18585205078125 -0.34326171875 -0.076324462890625 -0.146682739257813
-0.047637939453125 -0.42608642578125 -0.0319671630859375 -0.204360961914063
0.217193603515625 -0.4317626953125 0.0754547119140625 -0.2601318359375
0.2647705078125 -0.325958251953125 0.193878173828125 -0.27099609375
0.306427001953125 -0.45025634765625 0.211807250976563 -0.00679016113281253
0.07623291015625 -0.464508056640625 0.187301635742187 -0.246734619140625
0.0223388671875 -0.271804809570312 -0.287322998046875 0.149261474609375
0.112640380859375 -0.309173583984375 0.04669189453125 0.43505859375
0.02587890625 -0.361053466796875 0.2371826171875 0.21759033203125
-0.195343017578125 -0.381622314453125 0.155960083007813 0.07440185546875
-0.34552001953125 -0.2060546875 0.112541198730469 0.1182861328125
-0.35784912109375 -0.0445556640625 0.110374450683594 0.120346069335937
-0.34295654296875 -0.066009521484375 0.110748291015625 0.0948562622070313
-0.338134765625 -0.047271728515625 0.0822372436523437 0.0681076049804688
-0.26141357421875 -0.1873779296875 0.0599136352539063 0.019805908203125
-0.15240478515625 -0.335693359375 0.0198745727539062 -0.093505859375
0.0364990234375 -0.3912353515625 0.039276123046875 -0.165771484375
0.265777587890625 -0.29998779296875 0.147613525390625 -0.249603271484375
0.217575073242188 -0.1817626953125 0.3245849609375 -0.323394775390625
0.1624755859375 -0.3751220703125 0.357025146484375 -0.078155517578125
-0.102813720703125 -0.3033447265625 0.228607177734375 -0.343994140625
-0.0608596801757812 -0.0831146240234375 -0.160110473632813 0.0813140869140625
0.130157470703125 -0.141799926757812 0.11383056640625 0.319244384765625
0.0631561279296875 -0.265579223632813 0.230606079101563 0.176773071289062
-0.164794921875 -0.304107666015625 0.203048706054688 0.125503540039062
-0.310577392578125 -0.13690185546875 0.24212646484375 0.144302368164063
-0.295654296875 0.00469970703124994 0.243301391601562 0.0914154052734375
-0.28851318359375 -0.019622802734375 0.211456298828125 0.0641937255859375
-0.291046142578125 -0.00738525390625006 0.183135986328125 0.0504302978515625
-0.232131958007812 -0.141311645507812 0.15643310546875 0.0479278564453125
-0.10772705078125 -0.28167724609375 0.097381591796875 -0.0253143310546875
0.101104736328125 -0.291168212890625 0.0859298706054688 -0.105033874511719
0.234588623046875 -0.114578247070313 0.201263427734375 -0.222061157226562
0.0895767211914062 -0.0293045043945312 0.450103759765625 -0.33197021484375
-0.0273895263671875 -0.279067993164063 0.461334228515625 -0.1173095703125
-0.241683959960938 -0.0816650390625 0.229583740234375 -0.3878173828125
-0.0941390991210938 0.108932495117187 -0.0666542053222656 0.025177001953125
0.151947021484375 0.0141754150390625 0.129531860351562 0.218460083007813
0.093017578125 -0.15167236328125 0.198348999023438 0.159591674804688
-0.107131958007813 -0.188262939453125 0.231918334960938 0.17364501953125
-0.21917724609375 -0.0537872314453125 0.3338623046875 0.15130615234375
-0.183334350585937 0.04571533203125 0.333770751953125 0.0509033203125
-0.191543579101563 0.02899169921875 0.280960083007813 0.0253448486328125
-0.210983276367187 0.0370330810546875 0.260528564453125 0.0257568359375
-0.1873779296875 -0.0760955810546875 0.230438232421875 0.0695648193359375
-0.068817138671875 -0.195877075195312 0.146621704101563 0.041839599609375
0.119552612304688 -0.154754638671875 0.09625244140625 -0.0526809692382813
0.122283935546875 0.0627975463867188 0.2322998046875 -0.211944580078125
-0.0942840576171875 0.0797119140625 0.555450439453125 -0.3214111328125
-0.22412109375 -0.182586669921875 0.503662109375 -0.134429931640625
0.426239013671875 0.007720947265625 -0.447021484375 0.12493896484375
0.254150390625 -0.1444091796875 -0.649169921875 0.31878662109375
0.018310546875 -0.175247192382812 -0.23052978515625 0.27923583984375
-0.0822219848632812 -0.00182342529296873 -0.06304931640625 0.0450172424316406
0.04815673828125 0.0871658325195313 -0.143096923828125 -0.108047485351563
0.155166625976563 -0.0214385986328125 -0.283447265625 -0.086029052734375
0.0811920166015625 -0.103584289550781 -0.319610595703125 0.017242431640625
0.0591583251953125 -0.0841903686523438 -0.297332763671875 0.028106689453125
0.0605392456054688 -0.0877151489257813 -0.33929443359375 0.00360107421874996
0.0868301391601563 -0.0304412841796875 -0.36553955078125 -0.110931396484375
0.0343971252441406 0.0572090148925781 -0.29766845703125 -0.171966552734375
-0.122428894042969 0.0420150756835938 -0.193817138671875 -0.158432006835938
-0.116439819335937 -0.16705322265625 -0.1153564453125 -0.192962646484375
0.065521240234375 -0.2513427734375 -0.0449485778808594 -0.0381546020507813
0.311492919921875 -0.138153076171875 -0.275421142578125 0.32098388671875
0.511993408203125 -0.133544921875 -0.336090087890625 0.105712890625
0.370849609375 -0.212860107421875 -0.67315673828125 0.29949951171875
0.151214599609375 -0.309814453125 -0.24346923828125 0.368133544921875
-0.02362060546875 -0.160873413085938 -0.0158309936523437 0.0918426513671875
0.00413131713867187 -0.0641365051269531 -0.124420166015625 -0.123626708984375
0.0507736206054687 -0.105636596679688 -0.298431396484375 -0.0716247558593751
-0.0439376831054688 -0.13134765625 -0.32110595703125 0.0596618652343749
-0.0777816772460938 -0.115325927734375 -0.276718139648438 0.069000244140625
-0.0884170532226563 -0.102218627929688 -0.317474365234375 0.043121337890625
-0.0445480346679688 -0.101638793945313 -0.3492431640625 -0.0849609375000001
-0.0576248168945313 -0.0768051147460938 -0.29266357421875 -0.18359375
-0.140869140625 -0.1092529296875 -0.178253173828125 -0.179946899414063
-0.06158447265625 -0.297454833984375 -0.089935302734375 -0.187652587890625
0.11541748046875 -0.359771728515625 -0.0422515869140625 -0.044769287109375
0.3770751953125 -0.31787109375 -0.20294189453125 0.276718139648438
0.5126953125 -0.302459716796875 -0.187088012695312 0.0660247802734375
0.388092041015625 -0.3038330078125 -0.6405029296875 0.28338623046875
0.2149658203125 -0.425537109375 -0.228546142578125 0.4705810546875
0.014251708984375 -0.3128662109375 0.047607421875 0.170211791992187
-0.057647705078125 -0.22540283203125 -0.0756759643554687 -0.0956192016601563
-0.0798492431640625 -0.184967041015625 -0.262054443359375 -0.0319671630859375
-0.175491333007813 -0.138946533203125 -0.272613525390625 0.0998382568359375
-0.204513549804687 -0.12841796875 -0.214431762695313 0.101150512695312
-0.217437744140625 -0.103515625 -0.248428344726563 0.07122802734375
-0.159713745117187 -0.158981323242188 -0.281646728515625 -0.058380126953125
-0.13995361328125 -0.200653076171875 -0.253173828125 -0.18560791015625
-0.146286010742187 -0.259567260742188 -0.150970458984375 -0.201583862304688
0.019775390625 -0.41058349609375 -0.0524444580078125 -0.210845947265625
0.178955078125 -0.42047119140625 0.000289916992187501 -0.101165771484375
0.40447998046875 -0.43878173828125 -0.0880126953125 0.19268798828125
0.419525146484375 -0.453216552734375 -0.0326614379882812 -0.012939453125
0.301177978515625 -0.38909912109375 -0.55377197265625 0.261016845703125
0.190460205078125 -0.488494873046875 -0.161468505859375 0.535064697265625
0.01214599609375 -0.413482666015625 0.127166748046875 0.235137939453125
-0.1351318359375 -0.350372314453125 -0.000972747802734384 -0.0408439636230469
-0.215866088867187 -0.235214233398438 -0.16961669921875 0.02374267578125
-0.29022216796875 -0.120391845703125 -0.174209594726562 0.1290283203125
-0.3004150390625 -0.120330810546875 -0.11798095703125 0.118690490722656
-0.30743408203125 -0.0928955078125001 -0.146255493164063 0.084136962890625
-0.2391357421875 -0.196044921875 -0.177474975585938 -0.03466796875
-0.190277099609375 -0.295562744140625 -0.1802978515625 -0.175323486328125
-0.121551513671875 -0.377777099609375 -0.102890014648438 -0.21453857421875
0.116241455078125 -0.47308349609375 0.0026092529296875 -0.241363525390625
0.237579345703125 -0.41644287109375 0.0797576904296875 -0.18890380859375
0.3809814453125 -0.48760986328125 0.0587310791015625 0.0883560180664062
0.257659912109375 -0.525604248046875 0.0963134765625 -0.129814147949219
0.151947021484375 -0.389404296875 -0.428131103515625 0.2181396484375
0.12994384765625 -0.448822021484375 -0.0515441894531249 0.525177001953125
0.00219726562499999 -0.426025390625 0.202133178710938 0.248931884765625
-0.192901611328125 -0.4014892578125 0.0842666625976562 0.0183944702148437
-0.31756591796875 -0.24078369140625 -0.0331649780273438 0.0779571533203125
-0.359527587890625 -0.081787109375 -0.0374298095703125 0.137039184570313
-0.35113525390625 -0.093597412109375 -0.00272369384765628 0.116569519042969
-0.348236083984375 -0.070037841796875 -0.0289840698242188 0.0818557739257813
-0.27191162109375 -0.20550537109375 -0.0557212829589844 -0.01031494140625
-0.1942138671875 -0.3414306640625 -0.0823516845703125 -0.147232055664063
-0.055816650390625 -0.429168701171875 -0.032501220703125 -0.206161499023438
0.208831787109375 -0.440704345703125 0.0745086669921875 -0.258834838867188
0.262969970703125 -0.334136962890625 0.19171142578125 -0.27447509765625
0.29791259765625 -0.460235595703125 0.217391967773438 -0.0104827880859375
0.064727783203125 -0.471710205078125 0.181961059570313 -0.255752563476563
0.0150909423828125 -0.27337646484375 -0.29022216796875 0.156036376953125
0.105560302734375 -0.315155029296875 0.05413818359375 0.442474365234375
0.020660400390625 -0.36688232421875 0.240707397460938 0.216796875
-0.20623779296875 -0.3790283203125 0.157257080078125 0.07232666015625
-0.35357666015625 -0.198883056640625 0.116249084472656 0.118415832519531
-0.36273193359375 -0.03350830078125 0.112152099609375 0.122940063476563
-0.347747802734375 -0.0555419921874999 0.11328125 0.0971145629882813
-0.33990478515625 -0.03717041015625 0.08563232421875 0.0686569213867188
-0.267379760742188 -0.183914184570313 0.0606689453125 0.0163803100585937
-0.16107177734375 -0.334381103515625 0.01678466796875 -0.0956649780273438
0.02740478515625 -0.396240234375 0.03973388671875 -0.166290283203125
0.260986328125 -0.30859375 0.147491455078125 -0.247833251953125
0.21832275390625 -0.187469482421875 0.3206787109375 -0.328125
0.153717041015625 -0.382171630859375 0.362396240234375 -0.083831787109375
-0.112579345703125 -0.303466796875 0.220550537109375 -0.3546142578125
-0.0643844604492187 -0.0799789428710938 -0.162887573242188 0.0864715576171875
0.128189086914063 -0.147232055664063 0.120086669921875 0.321685791015625
0.0597381591796875 -0.271469116210938 0.23248291015625 0.175552368164062
-0.17559814453125 -0.301605224609375 0.207382202148438 0.123809814453125
-0.31744384765625 -0.129150390625 0.24908447265625 0.140487670898438
-0.298370361328125 0.014739990234375 0.24560546875 0.089111328125
-0.291412353515625 -0.010406494140625 0.21282958984375 0.06341552734375
-0.291290283203125 0.00250244140625004 0.184829711914062 0.0473175048828125
-0.236495971679687 -0.13690185546875 0.158966064453125 0.041595458984375
-0.11651611328125 -0.2816162109375 0.0978012084960938 -0.029144287109375
0.095001220703125 -0.29742431640625 0.08770751953125 -0.105857849121094
0.234817504882812 -0.120040893554687 0.200927734375 -0.220306396484375
0.0922698974609375 -0.0315933227539063 0.446044921875 -0.342529296875
-0.0374298095703125 -0.280120849609375 0.466644287109375 -0.12432861328125
-0.246551513671875 -0.076446533203125 0.219970703125 -0.39666748046875
-0.0927963256835938 0.112846374511719 -0.069427490234375 0.02783203125
0.1541748046875 0.009124755859375 0.1326904296875 0.218276977539063
0.091064453125 -0.156524658203125 0.199966430664063 0.158554077148437
-0.11474609375 -0.185531616210937 0.239578247070312 0.171524047851563
-0.223236083984375 -0.046051025390625 0.342987060546875 0.144744873046875
-0.18316650390625 0.0532989501953125 0.33624267578125 0.04632568359375
-0.192123413085938 0.0366973876953125 0.281112670898438 0.021331787109375
-0.209671020507813 0.0454864501953125 0.261688232421875 0.0197601318359375
-0.190673828125 -0.0712127685546875 0.234542846679688 0.060882568359375
-0.0750579833984375 -0.196563720703125 0.150482177734375 0.0378875732421875
0.11724853515625 -0.160797119140625 0.0988540649414063 -0.0518264770507813
0.126564025878906 0.0603179931640625 0.23150634765625 -0.212127685546875
-0.0910873413085938 0.08148193359375 0.55108642578125 -0.333221435546875
-0.234237670898438 -0.17840576171875 0.508392333984375 -0.14044189453125
-0.171593090740542 -0.369287660617154 -0.394856831059333 -0.260605404474999
-0.22564716331786 -0.159985751898641 -0.627923001388102 -0.393635514525385
-0.143098474444316 0.0567526923758872 -0.346396819509038 -0.0452578899801398
0.0643075321076032 0.0643539886397282 -0.062558482147334 -0.0599984250255019
0.0429448703948015 -0.0926789545486054 0.00193895909210621 -0.191263141512159
-0.0904120713589497 -0.0898979386502522 -0.061362395290849 -0.267592979676349
-0.117244928251353 -0.015910146577765 -0.131846288682594 -0.271132428029872
-0.0800709136063152 0.00722482215964216 -0.163123738921928 -0.260958764190497
-0.088649688323624 0.00890959144765009 -0.13833583580735 -0.299505890900237
-0.0608206240090807 -0.0459924844510931 -0.0849894359036455 -0.351514615189105
0.0293799278019655 -0.0540747932606436 0.00360900006851885 -0.365125148664939
0.123881835610819 0.0856788839844515 0.0643488292862662 -0.274190783980456
-0.0230328844480985 0.213370745311202 0.116845877897894 -0.198233749903188
-0.224068689775971 0.100257848730357 0.0164026012030307 -0.0270193893468085
-0.252108025340637 -0.188656545103279 -0.437167330350891 -0.00225959138514059
-0.343650147219169 -0.35839080003061 -0.304185383283242 -0.153398309266337
-0.351622424219093 -0.211368603353765 -0.626741443347782 -0.399155931547256
-0.334217525914652 0.0163878237637971 -0.422805375605519 0.0357314750105235
-0.119139796873737 0.122424331475499 -0.0464326077206065 0.0422528760188363
-0.0367986185840011 0.0518027302595173 0.0507479515608156 -0.185704072223337
-0.0871285231529389 0.0418754951366 -0.06244781671078 -0.284518375174185
-0.07573031484855 0.107274551092992 -0.153747820609177 -0.265677043665673
-0.0158279318785142 0.12285419340236 -0.184524997098325 -0.23178896715849
-0.0147138509015121 0.14133478177374 -0.153333203196068 -0.273627256300671
-0.0332088743658277 0.100956974434049 -0.0781068053510307 -0.328984890157799
-0.0064502713990915 0.105028711788793 0.0389264418658378 -0.362125016180965
0.00437949638353228 0.197551095727815 0.110325143709538 -0.252589023940878
-0.151159905091273 0.269475664252264 0.131626304930649 -0.160332577288064
-0.336469583735983 0.128033181883381 0.023794020366726 -0.0135389584919371
-0.426022992426301 -0.147777715631684 -0.366124634293373 0.0438607864681923
-0.492433092961716 -0.263014020343468 -0.164225813086414 -0.0339225626964753
-0.43934886477066 -0.164792041315062 -0.584336944683917 -0.363532668994921
-0.473586225616054 0.0232818130531881 -0.491595125530875 0.13243847447357
-0.284265344292655 0.192164226817931 -0.04995758649937 0.16861027505715
-0.113394281588674 0.212786366238626 0.0792602273368364 -0.130210458414369
-0.0680791981130672 0.186669549004853 -0.0614954947379824 -0.248306162464751
-0.014993325911483 0.224187801230543 -0.157752940111062 -0.219192910704104
0.0518174216862882 0.220441157122063 -0.180324981687357 -0.166091565814598
0.0545364420395675 0.248254193958531 -0.13961483786083 -0.206775889551783
-0.00818261823564236 0.227374440074239 -0.0498440172566479 -0.26286700207693
-0.04261192947604 0.249160353260021 0.0805132070312798 -0.321471561506576
-0.12393488372196 0.296302650123673 0.160038163697772 -0.219750269791084
-0.287527541450673 0.297283329275303 0.173435235752075 -0.126173452374972
-0.421103326578224 0.116934927790784 0.0893874691883786 0.00506545133030054
-0.535138496400739 -0.102985892388119 -0.236092928904924 0.0951395330890737
-0.582783342646124 -0.0951733248798193 0.0178113045038972 0.054866375161869
-0.460081546721085 -0.0338017224257205 -0.497911330695394 -0.297394606552461
-0.51860018001076 0.0774410054076661 -0.500447226610846 0.234023506710197
-0.379457996487165 0.261227528781111 -0.042952994868772 0.286279388000358
-0.155777278677378 0.356210516572011 0.0921873330526698 -0.0381430016583897
-0.0290658859588825 0.314001531384626 -0.0532428629816179 -0.156910199953275
0.0573108274918777 0.313776089958734 -0.138644391873813 -0.13054231242636
0.113141387291994 0.283526156739294 -0.148786915834351 -0.0752473184584023
0.110776445945386 0.31477004990576 -0.103289523765272 -0.11533207399867
0.0082633094329836 0.313366140108031 -0.00818447983230185 -0.165926006817693
-0.0809645037699415 0.348612643556908 0.121325211455 -0.243193517504994
-0.242670668024989 0.349146907513849 0.204629982764902 -0.163254940513847
-0.401807030501303 0.278596224762531 0.226534684931175 -0.085177564445689
-0.459131695269184 0.0750039851906718 0.197165996455886 0.0329373975630694
-0.566608856775356 -0.0551440042551567 -0.0679137424943635 0.150175401137763
-0.566109718717373 0.0884261946254187 0.212978276165543 0.0841200406165246
-0.37591400231097 0.0954224346881421 -0.376514636208822 -0.223578945384337
-0.460826363868783 0.10763398826179 -0.436502244312823 0.314696139671997
-0.391132134028708 0.279151375749045 -0.0139918924417631 0.360619277930434
-0.158502725631738 0.433204444008686 0.0950542282137554 0.0673527824737648
0.0200415700435162 0.38739082826348 -0.0318309779881375 -0.0249088812788702
0.122455545342043 0.353566402190605 -0.0933419044253427 -0.0110463105207293
0.158021906276429 0.303726050687147 -0.0932653994704081 0.0285712710494183
0.14623189192711 0.333471771772015 -0.0523446402581372 -0.0131462097333229
0.0165396861504273 0.344976958560611 0.0332707205980443 -0.0536885189832214
-0.116831689565885 0.381445424972801 0.147332729545567 -0.133769508265402
-0.332244816363037 0.32347671170327 0.227229503521675 -0.0807523854876751
-0.451958475379779 0.19249945884596 0.270370818958907 -0.0291507780424053
-0.417747847666898 0.0111059722341267 0.318499676202007 0.0797659926840851
-0.510718242173545 0.00143184385472079 0.109564316719268 0.21068008141761
-0.428628539587448 0.231314734391458 0.377935437059868 0.0560478781688894
-0.203933824484132 0.140600359325072 -0.25170578400171 -0.160058554428556
-0.342213332886409 0.0599110536227523 -0.328546592412218 0.348108981257958
-0.355516576612872 0.226456780839151 0.0158058930183325 0.375972787262714
-0.139701932516226 0.422714071934369 0.083313747234761 0.163736647465969
0.0609438731764554 0.381684831029449 -0.00431056060563514 0.119417185540946
0.158669032659656 0.330399848673979 -0.0311425255182002 0.117855899347133
0.176063810413183 0.27901085412361 -0.0230318159573533 0.128585194186394
0.1622491511142 0.304857099778568 0.00352667705660765 0.084550952781424
0.0239687873395859 0.327292856511913 0.0638688772019383 0.0549281149188675
-0.137992962384312 0.34986357923753 0.145681548293126 -0.0135920993107528
-0.361289377884741 0.230384170370957 0.212339024678503 0.010974162597168
-0.406513788990047 0.0608980918673931 0.287627850750959 0.0318064100915713
-0.288825177695665 -0.039244274257141 0.426060110371483 0.14825475383619
-0.383711080425049 0.0785989518342277 0.265127484727072 0.270053587483147
-0.202955654816741 0.296203691086972 0.476189788445754 -0.0026962195782379
-0.00751337596307779 0.0902401758309572 -0.143337117021666 -0.112897180871114
-0.218209757390205 -0.0454693692671607 -0.221357300272805 0.330398899348347
-0.299764390191083 0.129426786915908 0.0185518730520581 0.346436555830709
-0.110277767046501 0.340266308583149 0.0518796776798007 0.242844640103115
0.0813672514582489 0.30443246138211 0.0245685491683452 0.24870376182279
0.159138681884119 0.249451625084922 0.0347851913338936 0.231367579624323
0.165644570152885 0.212346180844243 0.050648023708425 0.210321123028372
0.161283819941751 0.23824458864589 0.0568239187890402 0.166892795241157
0.0365732411752321 0.273795722467354 0.0819799301466558 0.147415599722522
-0.132561614089442 0.277485921007916 0.114534437121408 0.0945639446806586
-0.319534374143359 0.108394712623449 0.159559625577548 0.079391339712345
-0.26652520855976 -0.0601015741808495 0.281330509293673 0.0754062874820322
-0.104214954416935 -0.0365080882888632 0.50471107126306 0.226373274148731
-0.215097225416956 0.177264927563194 0.374601693538986 0.316245955937518
0.051355521440438 0.28873780470776 0.494757367218827 -0.0647856740587623
0.159727952568033 -0.0020557168694635 -0.0683310895366496 -0.0834302901232248
-0.102618555516671 -0.149094016678392 -0.153689387083079 0.274887221629838
-0.219761603270987 0.0229867678722943 -0.0167567837163655 0.302924713180451
-0.0749040184614041 0.206331922850398 0.00700735833683043 0.306543084010968
0.0761229283201217 0.177761826555223 0.0462170507097311 0.342334567931968
0.126599753067227 0.130310174348346 0.0914331812678126 0.307374792118916
0.132126357519892 0.115134060856199 0.116649030134668 0.260312521471799
0.145889619467674 0.144040718837046 0.104966611497135 0.227855618422409
0.0547544507504442 0.19591197340854 0.091263556744163 0.217206026556091
-0.100024497284261 0.187818851289875 0.067144965979034 0.171968953552878
-0.217415017424426 0.00282168789179299 0.0969251369424099 0.101349444004531
-0.071275216345321 -0.118895259302823 0.284195763625696 0.0839855470454867
0.083766145207861 0.0344424957668185 0.561109125467031 0.298416782459699
-0.0411220545484342 0.28079508124978 0.430883111424809 0.326565195762388
-0.191384288893819 -0.357092305892334 -0.403786312996369 -0.241435775335579
-0.232806510601453 -0.147113676409679 -0.644713390648885 -0.362056747213205
-0.13837987179011 0.0657662138903942 -0.345345607889815 -0.0306274840448771
0.0699093855328418 0.0577162393099534 -0.0663316305200382 -0.0613884661602519
0.036476716797971 -0.0968792859338365 -0.0111564140735785 -0.193827928975253
-0.0978668580558574 -0.081238190329584 -0.0777441110757536 -0.261669295581245
-0.119232501170899 -0.00667914784242621 -0.147071785254154 -0.258947604854418
-0.0799354603749549 0.0119142846961882 -0.173701581174938 -0.248578411434148
-0.087999122642836 0.0171139783568084 -0.149953553167741 -0.290221009929941
-0.0659340604681412 -0.0406076470145467 -0.104471404265412 -0.34694973619021
0.0249524702782437 -0.0556344418237707 -0.0169198820906559 -0.36501942089401
0.12936026343199 0.0774234815911456 0.0540107501305123 -0.276628918470795
-0.0106032805778007 0.215249389841384 0.107512664270804 -0.204386260591409
-0.21750953267952 0.110360485671322 0.0157997111411126 -0.0254170783484126
-0.266100444883301 -0.17444972664441 -0.434113027448058 0.0211771574830713
-0.361737358703099 -0.33715683406451 -0.306505417830318 -0.141282293682764
-0.359747712859714 -0.192087467939389 -0.642064579445505 -0.370457549700008
-0.330385915143417 0.0344269561734466 -0.419336143668972 0.054801355426477
-0.111081453757539 0.125280582648873 -0.0436649649844867 0.041758457017937
-0.0351131635145746 0.0502235982385292 0.0376346352813553 -0.191484091779764
-0.0880837100844628 0.0485743417824412 -0.0806346851705293 -0.279150126431366
-0.0711285099911501 0.113547571524036 -0.169068824548069 -0.253967747988312
-0.00998049032746472 0.123021756479177 -0.194921401771779 -0.217907287680048
-0.00669514380877478 0.143884682529045 -0.163792617193182 -0.262811041061923
-0.0311785596901368 0.104816495405083 -0.0940052608605381 -0.323692189862182
-0.00291566450673114 0.104797900188504 0.0184453249360769 -0.36476092036591
0.0154644617662428 0.194522650948401 0.100020501294281 -0.256872235668701
-0.135765027799254 0.276378998606403 0.124193074115023 -0.164771565310643
-0.328432884383932 0.141744961303928 0.0235530162881987 -0.0120594104267122
-0.435212333269829 -0.123184217275685 -0.360225299115712 0.0638297593389366
-0.504109803981092 -0.234469938651408 -0.160847268612463 -0.0291802196551181
-0.444689718771078 -0.142857237069421 -0.60117029120363 -0.335400940817823
-0.467768287995334 0.047796373585698 -0.484864436024005 0.157130085872223
-0.273637588595907 0.20238232042567 -0.0425717983205975 0.16924290491268
-0.102868730890367 0.215213266536266 0.0683581708244321 -0.138362837717917
-0.0612954213207862 0.191721336513983 -0.0783532379622112 -0.243880104568156
-0.00275024979407943 0.226238874868041 -0.172782506640253 -0.207380040964877
0.0630285318203269 0.216119608358724 -0.188373683554748 -0.151798847111425
0.0688842812612923 0.244625666078515 -0.148103503572101 -0.196458141064746
0.00104112005170438 0.229252092523446 -0.0623360376372091 -0.259183377873628
-0.0310630965735221 0.25068260135826 0.0602203340680115 -0.327052330547941
-0.107741419789203 0.300332561399428 0.151874823077307 -0.22676732140891
-0.270192773987641 0.312276688801138 0.167567732804697 -0.131014604534911
-0.41528855618436 0.136818844886366 0.0892385974142679 0.00454510995369557
-0.543281401028438 -0.0720571402782318 -0.227775778956207 0.108460129379974
-0.586142084871414 -0.0621946832569376 0.0245176356843351 0.0497044458667265
-0.457925676460523 -0.0123682295553833 -0.510741304641875 -0.274206524154893
-0.511667809401594 0.103218491217223 -0.490671111034051 0.259771277628065
-0.3650423303853 0.276768792160451 -0.0298090747167554 0.286884669676004
-0.136271177861893 0.360945648015913 0.0858957819768277 -0.0476670235115777
-0.0142356331860086 0.315976317114999 -0.0643033510686716 -0.153922055139495
0.0748957896107801 0.310795063593917 -0.150043181696766 -0.120288158508446
0.12911672594386 0.274571455907798 -0.153790587614565 -0.0628133268217233
0.128136409988209 0.30638820576206 -0.108053997299431 -0.106527437723332
0.0223457167005176 0.313494220332307 -0.0161597522739888 -0.16580083699332
-0.0638077203753722 0.351857119289577 0.106403320384142 -0.251317509593537
-0.22460692193024 0.359307586000516 0.19860611067514 -0.171745512581778
-0.385060948977688 0.297997198532198 0.22197863325894 -0.0919337525862351
-0.454228323074482 0.0963013300427379 0.197675272258276 0.026929538282758
-0.568241826407111 -0.0239265651936492 -0.0575681140277496 0.155275571769357
-0.558916502482842 0.120840375816393 0.219477598653167 0.0681755600255212
-0.36604466853692 0.112065446959794 -0.38992255056851 -0.20747820338798
-0.451565893913594 0.13190898080699 -0.422403579118122 0.336713677337006
-0.377319853817178 0.297215441841395 0.00277747292904173 0.359309924338716
-0.134016669523195 0.43907601790063 0.0948939208578139 0.0580345930730215
0.0407680100048527 0.385199036042971 -0.0357244354186385 -0.0238148437736477
0.14142984127475 0.344760951566455 -0.100055559560412 -0.00437062077588984
0.175761539919905 0.290500300706667 -0.0951211276258846 0.0371780186405611
0.165435165052442 0.32165760333861 -0.0526766835016205 -0.00763405562263715
0.032899694191649 0.344223962812947 0.031493175640469 -0.056415767687205
-0.0970535942526073 0.38610021178657 0.138145800558414 -0.142548226048055
-0.314160065001221 0.340027732853385 0.225777479600482 -0.0894018444401028
-0.439995260884321 0.214345990639037 0.267625262267835 -0.0373291115241769
-0.417203827275113 0.0309476085201279 0.319849954222237 0.0670900634040255
-0.50899791297478 0.0300213362240691 0.122130570570328 0.206892731503822
-0.413812209663061 0.255335730514144 0.380646495253091 0.0321884286873593
-0.192623044339371 0.14925044985428 -0.26186220071773 -0.151189646965157
-0.337354850157725 0.0787236551073332 -0.312783753797423 0.365118815209891
-0.34580572620362 0.244301988800477 0.0324907934958153 0.37364162910041
-0.114518768297463 0.428900806542015 0.0885852518300503 0.15549207351994
0.0833281047698493 0.378690403094199 0.00121937042739466 0.117955137172505
0.177979224340493 0.319801875864533 -0.0308018039691171 0.1201144333173
0.192040318111553 0.26506382946283 -0.0196508693673537 0.131771150740338
0.179712451343589 0.291402137723433 0.00726602103260616 0.0852651031173241
0.0405598877128841 0.325069125583042 0.0679227435289131 0.0499766731728039
-0.11799767599326 0.35588256609623 0.143218668444954 -0.0222300338151947
-0.348146592693915 0.248437403811504 0.213666795528402 0.00268427663628081
-0.402136952434468 0.081376031447348 0.286473733804255 0.0243218495586965
-0.291748439524412 -0.0253057963370701 0.4281955788605 0.128329365938272
-0.375616984162096 0.0994807679878248 0.279527401463181 0.258389723078765
-0.185413842537184 0.307457034400137 0.473740220323805 -0.0323468515688751
0.000926475447077899 0.0890432471917038 -0.152434174542063 -0.108912475855433
-0.220637617175756 -0.0334831068915624 -0.205161587812326 0.341483163429637
-0.294768489530007 0.145550321757972 0.0339154139203467 0.344048013525955
-0.089643566730486 0.344143420864551 0.0620628825701236 0.237851452915
0.0987990031596917 0.29883897405473 0.0375335240297259 0.24570305325337
0.174289744967139 0.238359205001817 0.0425144270173362 0.22865162748726
0.179164842080649 0.199914732838136 0.0580842300539614 0.20686326231163
0.175522750086252 0.225281864135682 0.0645524680237393 0.162796241897463
0.0516000141124809 0.270493932293785 0.0910236550425822 0.140322428018308
-0.116968323301133 0.284188356648882 0.119196408221343 0.087129078730675
-0.313985766766884 0.125965276514377 0.163405277753579 0.0745346462207819
-0.268958885721679 -0.0470562469942344 0.28127344006435 0.0676466110185486
-0.106772655239555 -0.0315526494979104 0.510557299041068 0.201873032378553
-0.200885378516655 0.189104375510724 0.390801103152427 0.299244221091204
0.0673912687457234 0.285916250702064 0.487661839589414 -0.0936633735481241
0.161910468324482 -0.0120109877735641 -0.0754895446641408 -0.0823439591642701
-0.11145714446265 -0.142548942216567 -0.140867888651267 0.282091697334979
-0.219534020352517 0.035199380084611 -0.00489977361096054 0.302387845867356
-0.0606434899971456 0.209064695285071 0.0220134916343358 0.305663646703899
0.087097584390537 0.171390825590601 0.0650735733056437 0.339229256754505
0.135544508104458 0.121064544180324 0.104465521432177 0.300437417597567
0.139433413477303 0.105532401151932 0.126736528750792 0.252083457518199
0.154855310939692 0.13250565845998 0.116255261589935 0.220166433340011
0.0669116327983448 0.192219846223767 0.104599617067904 0.209146125797347
-0.0890834462563306 0.193805936118918 0.0773174657122371 0.168214924714169
-0.218751118282564 0.0154881860637001 0.101205947329381 0.100172535747349
-0.0790223626107172 -0.11555750310272 0.284301728424079 0.074829589772001
0.0839922684685295 0.0302784405099714 0.572547791338448 0.271374748861819
-0.0230636150943216 0.282849097797793 0.445722378589016 0.309953700745658
-0.203770362324981 -0.339006341642276 -0.402169490151474 -0.22338276435893
-0.234106877653421 -0.13257510289781 -0.640643340450368 -0.326271360827843
-0.130603626545864 0.0716600872217696 -0.338733850941675 -0.0189426177812758
0.0723788728501812 0.050519742375915 -0.0689337411480096 -0.0608389489015431
0.0288021710950637 -0.0988117303667565 -0.0229143678348058 -0.191060521339162
-0.10130835714538 -0.0724927418195338 -0.0919378271078201 -0.251564328949029
-0.117878695197402 0.00238554415481536 -0.155792137315778 -0.242534662331707
-0.0796513746047574 0.0165290303287723 -0.177763396745288 -0.231938217176559
-0.085259746968804 0.0233284389960549 -0.156630985069233 -0.277322293754188
-0.0686839482057618 -0.0340746866100946 -0.117044236430215 -0.334400860310655
0.0196528905150024 -0.0559733082135603 -0.0345915594114042 -0.356501072293662
0.131483674250092 0.0670892082386243 0.0436210649823613 -0.272939256315186
-0.000734064471255512 0.211808948248357 0.0975684821531122 -0.204598907669751
-0.207790712060897 0.115965350904699 0.015514622626419 -0.024227329889212
-0.271215900088624 -0.15715973161107 -0.420008016609164 0.0414523265672024
-0.368989002447563 -0.31257776963507 -0.302843586989291 -0.127653126234043
-0.360046065654111 -0.173634143257888 -0.644095357259179 -0.335303302721117
-0.318965352213391 0.0492099788047883 -0.408868331771181 0.0707820087459826
-0.103199978816252 0.124502166938922 -0.0419010386764482 0.0401100526344097
-0.0341800734111251 0.0476185277773043 0.0251677333693757 -0.193008973531956
-0.0867440535441841 0.0543910434848359 -0.0950470869487545 -0.268778948316266
-0.0651507666440427 0.117231809709105 -0.179035571357595 -0.236268920434838
-0.00513031262812756 0.120764168161047 -0.197727497168325 -0.199330203362275
-4.52916572866446E-05 0.142303876283879 -0.169071015740532 -0.247225508170749
-0.028249914434015 0.106117238970682 -0.106735723666551 -0.311817021958683
-1.18819814081111E-05 0.102488738153369 -0.00116070517538568 -0.357519531022222
0.024211139947801 0.187905115953537 0.0900698273938271 -0.256045868258264
-0.119809919632658 0.277298580255256 0.115434880755766 -0.165456362939846
-0.315163485335137 0.151022244375398 0.0232288500595568 -0.00974853428188373
-0.433765144514451 -0.0991612014502374 -0.347458848873118 0.0792789406398324
-0.503510541715377 -0.20479044979219 -0.155178853182258 -0.0252937495214818
-0.438888912351875 -0.121787882165805 -0.602437724349845 -0.305122862449368
-0.453078459045602 0.0693753131119218 -0.468271328405938 0.173951528771249
-0.259926253757385 0.207332119305606 -0.0344366449876712 0.166570771801527
-0.0920196888107108 0.211847701205464 0.0562901354653091 -0.142602795198104
-0.0535473772863899 0.192774187031993 -0.0913668746689211 -0.235457634532672
0.00711460760626111 0.223686198195342 -0.18171529829011 -0.190901195963156
0.071281182344747 0.207035551368397 -0.189668700932974 -0.135847146889368
0.0796146349762787 0.236291160111138 -0.15164533803285 -0.183241028314775
0.00893910884491006 0.226460413837572 -0.0726913190276412 -0.251929653321549
-0.0210007106443988 0.246517723591164 0.0424861046626095 -0.323334496223612
-0.0917196375105609 0.297896205545828 0.142373506968186 -0.228133566399863
-0.250337523630554 0.317470505344558 0.159039586549497 -0.132785506196507
-0.402354552939699 0.150506163325851 0.0883641028735406 0.00436072473183366
-0.534870402313632 -0.0438425076478939 -0.215576779668526 0.117028862560943
-0.573956803574044 -0.0332237586385686 0.0289592337955713 0.0435535131601248
-0.445847366005463 0.00489821138797236 -0.513750766446347 -0.249227725676785
-0.492652971902556 0.124188830742078 -0.47168967898374 0.27541043726215
-0.347349804075305 0.285106518237845 -0.0172597304211539 0.281629990842458
-0.117937983119684 0.356713096233068 0.0775483636698985 -0.0544395313908552
-0.000874160475632314 0.312977263119323 -0.0731666569541082 -0.14874612747011
0.0875916435064235 0.300356139285461 -0.157288228555486 -0.10741773895948
0.138938412579262 0.260996480528212 -0.153449616596278 -0.0491324553447702
0.140460105904579 0.292166028029208 -0.109280424007519 -0.096614175464741
0.0343078872469568 0.307375040231115 -0.02254170942339 -0.16209857445466
-0.0474687678004692 0.346344634637778 0.089667833541315 -0.251466687626132
-0.203409674841506 0.36039830590616 0.190527828503576 -0.176309028179149
-0.362498245164373 0.307787756644539 0.214242919565176 -0.0948043956489687
-0.441742772170747 0.113292837726124 0.1941325942081 0.0225846343367366
-0.557378258733201 0.0051273262105798 -0.0467597558721118 0.156181688594643
-0.539020267080606 0.146671944626333 0.21947758004633 0.0529043786602465
-0.349258211786076 0.123356197623677 -0.393791092828833 -0.189463549239226
-0.434188648815552 0.148973736040122 -0.401847014432506 0.350195963658029
-0.359446438906722 0.307159984833796 0.0172843200515403 0.351894716193182
-0.110912908666459 0.435218787398241 0.0908897588131204 0.0483952121326701
0.0575809879214742 0.37724024924599 -0.0386329935896144 -0.023607112526474
0.156031051757891 0.329710252589157 -0.104041100896695 0.00269647426341938
0.184547016130519 0.273683484420116 -0.0923311981763935 0.0452343084476717
0.17637171746023 0.303407419975668 -0.0517159114964669 -0.00299327378411769
0.0458897120512741 0.335824444767722 0.0293054439788843 -0.0578053658795208
-0.0765764472244726 0.38142541539708 0.126610521385675 -0.147451313436404
-0.292341695189213 0.347863861155226 0.219602405441169 -0.0959896375921644
-0.420730436017978 0.228226342054752 0.26095296326012 -0.041256134476973
-0.407109867995356 0.0466140712662183 0.313966675766469 0.055929434584696
-0.494879691409923 0.0535183970260655 0.131433028749122 0.199591158697655
-0.390639629385522 0.2710440281392 0.373684606120413 0.00978080030358105
-0.177463587173493 0.152044058690864 -0.26770111224175 -0.139410865762288
-0.325740824070194 0.0920902723042421 -0.291669118552181 0.37255803681836
-0.330157722137165 0.255461029295101 0.0473887587479186 0.364411539670628
-0.0910214371329395 0.422763074569115 0.0895324052529441 0.145514545306224
0.0994534787553316 0.365932910724555 0.00475475311732422 0.114227353037193
0.190465309855554 0.302943008267695 -0.0304813110114601 0.120670961685782
0.201651824050129 0.247565518894922 -0.0160993503514465 0.13245866629965
0.189961193030365 0.272731351826974 0.0107191738367736 0.0840643516849443
0.0543236575109405 0.316102360048858 0.0692991173072253 0.0438144403911002
-0.0994712458456595 0.352662058709039 0.137473563268647 -0.0293745695763951
-0.330618546518786 0.258805597531573 0.211431588023734 -0.00465653483011601
-0.388314264912381 0.0963635157275699 0.280923332223559 0.0181952264366283
-0.286743377220493 -0.0135304200418745 0.421959769154255 0.110081153026449
-0.359139805040925 0.115359349413921 0.286642852179852 0.243831483168408
-0.165313554415004 0.311220543246669 0.460355081148442 -0.0577152921369286
0.00838783752733515 0.0847525368235825 -0.158437680173036 -0.102587845293929
-0.217689934837619 -0.0224938265407106 -0.186740908351938 0.344246021937074
-0.284414023003275 0.157222021792094 0.0458788877349932 0.334892283759878
-0.0695445696980859 0.340486702794532 0.0691841800050228 0.228295606301222
0.112382671644235 0.287878261531912 0.0474353692845979 0.237142883854063
0.18407099553054 0.222232876267832 0.0471420207742238 0.221990494908357
0.186261090488811 0.184531165003509 0.0627077873162294 0.200254467988572
0.18333236084979 0.208362447820144 0.0702420865659186 0.15544191952615
0.0646217084304359 0.26219394075671 0.0967752420573225 0.131101227830297
-0.100200306477013 0.2843783923944 0.120279389830489 0.0792480583438928
-0.302724747417376 0.137166059148926 0.164031386220538 0.0688585121438995
-0.26599434298766 -0.0349796104335383 0.276427731205327 0.0606122248612499
-0.106212237442636 -0.0271105999719215 0.502113139437952 0.178579760288535
-0.184360947848747 0.194531979994143 0.395825079737578 0.280347483343474
0.0802200604445802 0.277442080473455 0.468744214830285 -0.117196338175868
0.160322916619321 -0.0214326650434383 -0.0821366812699985 -0.0794773581910558
-0.11612683103886 -0.133437479364909 -0.126733428457644 0.281849184150061
-0.214444059002561 0.0461187837149398 0.00582467110003904 0.295387662984962
-0.0471267853356958 0.206966273748663 0.0341079337803651 0.298487875237099
0.0960712037667922 0.1627842736591 0.078915269424032 0.326790646413246
0.140037289645047 0.109179464447521 0.112033605279595 0.288726818633074
0.143541371791344 0.094846854331835 0.131619833665032 0.239524722217395
0.159121472594842 0.119358567495545 0.123615031828605 0.207023313150051
0.0758112291160454 0.184892394109178 0.114035460728602 0.19773912545658
-0.0774464892758683 0.195889121170339 0.0843373630130651 0.161417063158017
-0.214355546253079 0.0264383378870071 0.102579438656863 0.0967974600127892
-0.0837491149761797 -0.110503946838714 0.278906419372643 0.0662869994394872
0.0829863315578094 0.0256906131740599 0.565970756742721 0.242269160853368
-0.00634316113572196 0.277487517923083 0.448719782838812 0.288878781616142
-0.311037694366313 -0.245512161959524 -0.424243866019184 -0.0796508517466481
-0.269562306654207 -0.0389276978225482 -0.682530365259892 -0.106469845796577
-0.0948517554325545 0.113518411503928 -0.32037600452439 0.0785383273374193
0.0842236706912443 0.0178204602247086 -0.0898299408874577 -0.0327545360211905
-0.00978479580631695 -0.103270703233038 -0.0818267743596817 -0.168225668745787
-0.118270523880564 -0.0325916049936885 -0.165424167285072 -0.202030582249746
-0.11101280079319 0.0426254319366713 -0.218992937550957 -0.168247803024197
-0.0698166997675519 0.0405646046226567 -0.234265624929856 -0.152828214547567
-0.06926934941159 0.0504975368880542 -0.228156922952267 -0.205803090957725
-0.0758027580167239 -0.00547956363302445 -0.209601036193988 -0.270535140735808
-0.00137564557834121 -0.0566173047334568 -0.145905105058486 -0.311216104257533
0.142360754510912 0.0173337717728233 -0.0454393221744551 -0.264766322319574
0.0668422486097729 0.194485970258168 0.028260731999042 -0.224051835360609
-0.15447569157563 0.173247120443201 0.0125061538711787 -0.0244767741259163
-0.300733314209338 -0.0614908165044781 -0.368841488040169 0.17153703439315
-0.45501356029534 -0.164404031493703 -0.299019871786865 -0.0306255199347997
-0.400472960211692 -0.0337066277715056 -0.683749121382888 -0.118897392496912
-0.275447708974673 0.157028022397406 -0.351156651745421 0.174080461792848
-0.0506780330289544 0.147837632117072 -0.0322577565976475 0.0408468447643571
-0.0186653425481394 0.0508819537946306 -0.0449826113507445 -0.189635051147078
-0.0640477159793379 0.0775950171586282 -0.179243322996598 -0.218028962505656
-0.0238397637458045 0.13145783635035 -0.242278935875066 -0.156419397932642
0.0306843611902631 0.111305978012153 -0.245189245248276 -0.114783715843279
0.0466042280828964 0.129927046876932 -0.232653819811802 -0.173120602838206
0.00577558129856697 0.110897697169381 -0.196242363522909 -0.254962208121281
0.0313659879778232 0.0941654912318234 -0.118769144706489 -0.326542956008805
0.0819162322093012 0.163284993919434 0.00441498210712493 -0.267194107257364
-0.0226351087769865 0.291187418332454 0.0602273492788272 -0.191617635154174
-0.242878098081564 0.239708969683701 0.0260675181602891 -0.0114275888789526
-0.433804611235867 0.0427422872755792 -0.284921441169998 0.18773869108484
-0.543040451773501 -0.0178291494211106 -0.130931634637711 0.00997363075573304
-0.454661301082507 0.0413789196727724 -0.638510363534157 -0.110486519196823
-0.392912637470949 0.220743450505856 -0.374472565282047 0.281886307568675
-0.165627555717377 0.28026102569576 0.0138242772145165 0.146094240230311
-0.0177793688625882 0.220156939932551 -0.00579144864803444 -0.158258872582421
0.011038059528055 0.192753287023617 -0.170638249350062 -0.189490808479558
0.079408235881567 0.205977187779625 -0.23486167470578 -0.116565356032687
0.127198263592059 0.164466520982725 -0.220466507952896 -0.0567942869904265
0.14764759998433 0.188657596391016 -0.197613795785547 -0.117771960300867
0.0784650315364352 0.208617702440011 -0.147813355144736 -0.212140413746396
0.0593009254010767 0.231884426500649 -0.0712668768750845 -0.312837116696823
0.00986351113993806 0.301936493356798 0.0620264610918047 -0.260781445175008
-0.129498754953941 0.367924930330547 0.114838245752201 -0.173213103565637
-0.324231383047055 0.26703707171647 0.0912588937790713 -0.0163669408608005
-0.509699074034879 0.125645836534501 -0.150679628273296 0.184397442827729
-0.547958360947299 0.16788509357616 0.0563420848845198 0.00890728924718053
-0.415685138558657 0.158530022879351 -0.546438764361965 -0.0889966518198362
-0.409409184357325 0.286498519698286 -0.346632038993544 0.373973294574454
-0.21902258300573 0.383358645093848 0.0638466659571458 0.241533661443918
0.00826501169340358 0.362400772111724 0.0355600960179222 -0.0871680024467816
0.0983896077074694 0.285235995092627 -0.131052184232419 -0.115672084867021
0.180243460948508 0.250141951755359 -0.188990441109531 -0.0491037600654488
0.205962839168921 0.190900763208088 -0.161618404103981 0.011104908804469
0.221758970260799 0.218767292913129 -0.132636014699083 -0.0514095353404681
0.127031181785969 0.273469684924492 -0.0758232746219415 -0.147319674335494
0.0671642896258119 0.33144302664819 -0.00673189130138841 -0.264513123124901
-0.0733664644464232 0.39613746058753 0.124693749390775 -0.229174564125769
-0.236515386237227 0.396458920612851 0.180638107803886 -0.152809701991396
-0.37371158118552 0.24442839485311 0.193399417762457 -0.0308621728605055
-0.515999494866663 0.176159851786042 0.0165980822831911 0.169885979085173
-0.451901028773594 0.322531049226538 0.227185396581757 -0.0460955287918023
-0.284468925718977 0.235271245116325 -0.423265430858312 -0.0704900087502586
-0.347748070090727 0.28957747112891 -0.261525711829932 0.425253025618661
-0.221458983881476 0.411166995311032 0.117884913671983 0.295089673210897
0.0407146776348278 0.431200405172734 0.0780156334936349 0.00366807171292154
0.173680146636311 0.327156637568933 -0.0607301171834276 -0.0111446575134042
0.254635595164026 0.254214294262291 -0.106879025405013 0.0340342825732884
0.25327075909119 0.187102962371747 -0.0761234298469955 0.0776202462043384
0.258246116771649 0.216697704364282 -0.0517127729152767 0.0166946254482722
0.148739627560693 0.294620295879351 0.00355943210775602 -0.0684018551717991
0.0507988622875838 0.373120681388759 0.0611540001256584 -0.182203073555241
-0.158928371275694 0.412641445005372 0.178144100163011 -0.164417647161748
-0.314589896024687 0.33976663576705 0.240231453741236 -0.115803680725111
-0.364041927551446 0.173346071674717 0.312464751017579 -0.035753932131328
-0.442578573091188 0.202544730262509 0.191692052967691 0.154824952117781
-0.268290701934779 0.388642459449756 0.347601208499113 -0.133484865210865
-0.111907474742932 0.200350019872838 -0.299105337114369 -0.0568368791616244
-0.267040160662164 0.198646037159643 -0.149466991397435 0.419503478879596
-0.212869778440957 0.352685941098756 0.151182566462914 0.300868225116691
0.0561943845956769 0.416831274645701 0.108438179162029 0.0945052536900782
0.210033238404218 0.302839786433226 0.0244296890255935 0.101684420216698
0.277413540438701 0.216329128431113 -0.00146153294148906 0.118340667553131
0.260947492319735 0.157789558370517 0.0210427807313326 0.13175226851934
0.260539071234001 0.183719696621509 0.0322221908729152 0.0758536104827881
0.150472125874271 0.272616292575618 0.0721745722334668 0.0124829816884658
0.0233959512617544 0.353522163534738 0.110115099972124 -0.078786721759492
-0.222105023551609 0.343013504163334 0.199306583114084 -0.0756991155430207
-0.32641857087469 0.209190766953112 0.274771033799452 -0.0642255518464771
-0.272331814558435 0.0776118530610747 0.424030011115826 -0.0187420046104979
-0.29803458276666 0.217024351075047 0.345675579160596 0.146689344867661
-0.043583578584799 0.346159526081288 0.397006875487586 -0.215657068461143
0.0377928047105523 0.0726278668073204 -0.188656108973201 -0.0460479143657886
-0.206785805521582 0.0564699405349971 -0.0581086087520554 0.367155275091715
-0.204844032298354 0.247479484549771 0.144314250736045 0.278087940656333
0.0496607605671749 0.333361475572789 0.12018135166141 0.180236685155856
0.197471374155911 0.227572472727983 0.107682549725051 0.201201200988794
0.246412187128834 0.145354079448867 0.10509891848679 0.186620875102235
0.228439379707659 0.106274272349737 0.115530280202478 0.166235361214453
0.234375554901862 0.127849595056767 0.109709648245165 0.120249269546267
0.143325579053079 0.219163548454416 0.12503141809439 0.0836368373829227
0.000987300748220478 0.291899741484159 0.131430352145889 0.0267737497859403
-0.235726877693049 0.224210140997299 0.178318392150509 0.00935167673607036
-0.255314263709213 0.0503760596916038 0.278792707575156 -0.0218327177627279
-0.110469131686719 0.00692674575915155 0.516378073104553 0.0156225981892248
-0.11163595220339 0.235974000977836 0.453799056980984 0.142472766400539
0.173739017005282 0.228686512378705 0.381167573107801 -0.263679154581195
0.142485347244902 -0.0781871621241726 -0.109318276451155 -0.0395642417217679
-0.152057391903386 -0.0799332568038399 -0.0173652835947137 0.296955849827992
-0.179646516339923 0.121144986510968 0.0986413042194862 0.260186134247963
0.0279070658056789 0.205991470739271 0.116973550912985 0.259273936029742
0.142623294342564 0.119282686238834 0.172192456699475 0.275012333525931
0.168179327418764 0.0547718773560483 0.190588158707073 0.226503311614067
0.162573525592183 0.0387174980439679 0.192539853157746 0.177025125603564
0.184193574925204 0.0553981317172309 0.176425405081171 0.14952208683514
0.131133916705796 0.143764750911854 0.163352976034596 0.140355690518
-0.0059359159616324 0.205380139227277 0.127312015986734 0.114694498989539
-0.189875674715787 0.0939522304690731 0.127949939770812 0.0577964659925658
-0.112698439036855 -0.0755902265493702 0.277653018665512 -0.0183864676045469
0.0804837265844557 -0.00562826533588134 0.59091905197713 0.0498865730345764
0.0795752087502022 0.258108770430816 0.502867059055555 0.130106725167708
-0.308822675681219 -0.237666561534047 -0.417154410383204 -0.0784403104394293
-0.265202118092233 -0.0343413360992507 -0.670777337563656 -0.102566620502115
-0.0891279460744742 0.112540658569757 -0.3149306149085 0.0781893426647428
0.0833451233261907 0.014056099647925 -0.090803925702449 -0.0326933051515488
-0.0143133417323235 -0.102481903367394 -0.0864735267636002 -0.164390064527916
-0.11814636678588 -0.0280521686067131 -0.167912819431569 -0.19551548656374
-0.108318548158418 0.0465934782978198 -0.215627730336315 -0.160261985445476
-0.0699083326376473 0.0427704637572175 -0.228149653778356 -0.146063066707559
-0.0665400724022597 0.0525393843404417 -0.2240126226341 -0.200939665497662
-0.0762134806598803 -0.000745171466718946 -0.20876024069487 -0.263821263849122
-0.00445089079412984 -0.0553098729057327 -0.147939857638577 -0.304018991127743
0.139842200889837 0.0120293976030766 -0.0457248344612091 -0.261786783187093
0.0690959345285179 0.191568119103088 0.025892888137997 -0.222166105714445
-0.151435644127612 0.17213100837227 0.0145971316090664 -0.0235149870458997
-0.298850085651109 -0.0537884384628399 -0.359657361817603 0.173711949287452
-0.448832833367812 -0.15570540423599 -0.292745922556525 -0.0316150506594688
-0.393245802961769 -0.0302781169605358 -0.674837023399159 -0.114223891614718
-0.266164677431059 0.156682448466213 -0.345703048823031 0.174929934596701
-0.0493430008210916 0.143885736327769 -0.0319759233245182 0.0396041771915391
-0.0215455594360087 0.0487241097540226 -0.0511157113404557 -0.18630085512785
-0.063081392137505 0.0796719272540055 -0.182570576563983 -0.210974217636797
-0.0207305575619034 0.133210901598592 -0.238996808339072 -0.147441027017148
0.0300660937918627 0.110171420944608 -0.238939576647597 -0.107293180247071
0.0478248686010103 0.127598322318917 -0.228151969985827 -0.167384019932852
0.00592219896302693 0.112307909072018 -0.196138880733949 -0.248045248920633
0.0304801727328947 0.0927434937271398 -0.122715160115029 -0.319606309163633
0.0820553665893241 0.157305979823332 0.00333622994675031 -0.26484136920669
-0.0186403938441806 0.287865759870915 0.0591981707653737 -0.188993011696731
-0.238095061066043 0.238621339809717 0.0280979571634561 -0.00962053404666696
-0.428903260052091 0.0496958655648936 -0.277339094551105 0.188849563985445
-0.533861702175951 -0.00961227640324049 -0.126318703991716 0.00671969929854502
-0.447601576092651 0.0420335125675821 -0.631545082302687 -0.10459405397556
-0.382262593953339 0.218514310791855 -0.366400559899128 0.28332723293234
-0.162119234117447 0.276232797140999 0.0152447570387336 0.142934109641787
-0.0179782032290995 0.21616867967459 -0.0131309968225247 -0.156985184442304
0.012565303758483 0.192673488461625 -0.173879435014926 -0.183065921722998
0.0811955103471984 0.203149210754493 -0.232417675258323 -0.106635634398788
0.126192765466026 0.160335746298501 -0.214006731604607 -0.0494031765177096
0.147942295582751 0.182903736563179 -0.192711891722849 -0.112200763483118
0.0790078483209037 0.20691235276355 -0.148797009342823 -0.207218401879039
0.0590482819213787 0.228156978080491 -0.0754844884010216 -0.305652326768454
0.0120423744244734 0.29582838092523 0.0612282799373536 -0.259508351511732
-0.123231959794162 0.363803774303896 0.11399736532979 -0.17047309143638
-0.318345833716873 0.265507581745655 0.0922465926639356 -0.0145229693689771
-0.499776139523321 0.131285039377958 -0.144467888041519 0.183950220075513
-0.53519303563446 0.171728059231098 0.0572911609422702 0.00344647792320749
-0.406043893010503 0.15885022196239 -0.541609993020085 -0.0846798072746398
-0.399474586625059 0.285171092283463 -0.337867709121039 0.376151128375254
-0.213629119297881 0.379569508949104 0.0656038436193639 0.236939156923986
0.00954257118280892 0.354807932549085 0.0280738510928868 -0.0865867955782481
0.100954508717924 0.281894450539416 -0.134200753835555 -0.111638842776079
0.182191220341176 0.243602581937249 -0.188156643951489 -0.0406783086828088
0.204344135078005 0.183655817687749 -0.15662135033774 0.0174487327038264
0.219497413549177 0.210490550870324 -0.12890665043399 -0.0468946844981461
0.127704644232852 0.270317024185711 -0.0764929638174477 -0.144308881399112
0.0690365359239241 0.325568638099103 -0.0118063041953648 -0.259664532895577
-0.0697586529827415 0.390120260376344 0.12250106787479 -0.228757557731412
-0.228897005939315 0.392527704257711 0.17972643378998 -0.149651946549125
-0.366798835996945 0.244674743618452 0.192446991416194 -0.0289702230677611
-0.505360732201057 0.182281296629413 0.0211150672409862 0.168200406658265
-0.437992752159823 0.324654778309643 0.222978941063816 -0.0519079105951894
-0.274127030481044 0.230420587280627 -0.423189610222732 -0.0661744396683166
-0.33807767290384 0.287242168850468 -0.253061539335748 0.424860222027559
-0.214840509319517 0.408195230573796 0.119175820936334 0.289658626139284
0.0435342808648868 0.422588945902176 0.0711323607516936 0.00246510072003941
0.175474283903075 0.320682877902308 -0.0639846941560399 -0.00986628916280991
0.254281427437083 0.244516947132065 -0.107354309956193 0.0414747264134303
0.250743839529151 0.17857821161958 -0.073325040221137 0.0819882621825272
0.256230623647855 0.206372347910426 -0.0492584823581839 0.0175544397585298
0.1500115193612 0.289737515735758 0.0020662164491878 -0.0681846489806654
0.053296966006789 0.366534111798219 0.0563568919470983 -0.179725217144533
-0.153685131765941 0.407858142907625 0.176127486290868 -0.165135043639712
-0.305532414269232 0.338521810973656 0.238769235817864 -0.112966826313983
-0.357528394694291 0.17358263496034 0.308294312790257 -0.0342781628628236
-0.431921980942923 0.203884759906711 0.193367303589897 0.152061290457125
-0.25631490004551 0.386452556128971 0.337971992394851 -0.13846929247535
-0.106452167510414 0.194005869348844 -0.300587897844864 -0.0521041977886575
-0.259860546398884 0.197619052884275 -0.142654278931596 0.417148767247658
-0.208112844400317 0.351111071905281 0.151345252036229 0.29536996054636
0.0603500688605994 0.407870635643525 0.103313716731005 0.0915096624526949
0.212654528247944 0.296211200267324 0.0217693134902905 0.0991199169856348
0.27811199480462 0.206198491506276 -0.00279673476332922 0.121824260363681
0.259454145814728 0.148645998688376 0.021733513402702 0.133392071317941
0.258010719164723 0.17404002793234 0.0322615274272642 0.0740165838935565
0.152629502930664 0.267105689751875 0.0711446673271475 0.00939375935520254
0.026510281229043 0.34714463191735 0.106514186934983 -0.0783835089194313
-0.215735709881248 0.341404130671359 0.197429087636001 -0.0763891598888931
-0.31902013580228 0.2091965521385 0.272210322849916 -0.0610180644099645
-0.268133892725532 0.0780621142112339 0.416431829854691 -0.0193996855243158
-0.288913512525914 0.216410676128218 0.344734128465957 0.142920938674722
-0.0353264245531906 0.342439834198741 0.384960647785827 -0.218895077180546
0.039908422445644 0.0664677676227004 -0.191558947040795 -0.0421518544723578
-0.202898159642293 0.0577809194348982 -0.0528571649877078 0.363885165289962
-0.200543732558539 0.248115802113392 0.144509898405489 0.27246742931785
0.0539453146811128 0.32677693269933 0.117420531386994 0.176042099555321
0.200179046920294 0.220056822711519 0.105665158473428 0.196644870614407
0.245006495758058 0.135524900456115 0.102409142045857 0.185914723805119
0.226831460588935 0.0982822642137107 0.113352762838647 0.164547761924637
0.232414413516909 0.118962859390183 0.108444366583914 0.116274442651393
0.145146718611046 0.213412266753806 0.124307343256472 0.0787567389737926
0.00551075075448584 0.287578317135871 0.130125110513272 0.0252609887424198
-0.231202867331297 0.224711584839202 0.176930313768079 0.00915391868749036
-0.251502699198141 0.0525402755731702 0.275666752215179 -0.0192243560382326
-0.108796091314911 0.00635373057246399 0.506716388958551 0.0121272189055245
-0.104450350502786 0.231569105845652 0.45080675742058 0.138408684848508
0.17607178287195 0.224351211113024 0.368929266753812 -0.26584124471124
0.141424757307474 -0.0822654110714574 -0.112568348736536 -0.0358582624959444
-0.151076620929823 -0.0756355460445143 -0.0134836914776208 0.292196754917684
-0.176573999347041 0.123634397757959 0.098660477853098 0.255422714203617
0.0311525514851455 0.201320946608116 0.117201420596919 0.254222379237526
0.144621520037521 0.113428348859968 0.172186032102871 0.267845207142573
0.166329576100618 0.0484783551587759 0.187381795448733 0.223300594524167
0.161739283540975 0.0332486936941058 0.188051364778245 0.172396477792533
0.183043558746334 0.0485203368891146 0.174038158418906 0.142451881709851
0.132657305813412 0.138773272600561 0.163480288563769 0.133567270405912
-0.00156666548720206 0.203505297667059 0.128105649239256 0.111434170109659
-0.18752736440363 0.0968858748898969 0.127604786370616 0.0583277578291694
-0.113588557458117 -0.0731420029220822 0.273513517351324 -0.016633908968814
0.0794580893949009 -0.00747648217431272 0.579449313651624 0.0461467740206762
0.0837554402050782 0.251175902158967 0.498981291640848 0.126207063087412
-0.313339175456157 -0.2361780536494 -0.416295509503787 -0.0782674535671025
-0.266820169494914 -0.0323515311891218 -0.672311229997029 -0.10133973937924
-0.0853697915843574 0.113939748886176 -0.316097371428458 0.0802735063700336
0.0850678780661091 0.0105277017523999 -0.09331278938727 -0.0330172871324008
-0.0192293129851489 -0.103802227072406 -0.0926104674450576 -0.164015494747204
-0.120009704264834 -0.0232452357430414 -0.174019652273176 -0.192428407760144
-0.107756543979901 0.0515465258229398 -0.216776219357611 -0.156103375041857
-0.0712090606335935 0.0463488370271312 -0.226502306814221 -0.142659466813022
-0.0662770220549954 0.0553194725203273 -0.224407550145191 -0.200003540056819
-0.0771939322670677 0.00294521762109252 -0.211708821354856 -0.262668329375385
-0.00749006872642888 -0.0542920629187301 -0.15207259583842 -0.302820845598904
0.140530029930134 0.00775594980420343 -0.0465146455780482 -0.264773683620798
0.0730241454607138 0.192346803641568 0.0243686949077676 -0.224914319548429
-0.151978930834974 0.173409059098291 0.0163310988781464 -0.0230605806851473
-0.302086814566998 -0.0480354618050946 -0.357682701010496 0.179754315365442
-0.453283677872947 -0.152026605241141 -0.290643334906751 -0.0332280808829046
-0.396073982522947 -0.0264110706671444 -0.677640552952081 -0.111861841127775
-0.263645499582782 0.159271439824623 -0.345704821079326 0.177367764053652
-0.0482843424617685 0.142276128929564 -0.0321676237233735 0.0394628088583944
-0.0246792876818846 0.0476662319992203 -0.0577990640158269 -0.187082097356705
-0.0638566071769582 0.083414168600814 -0.190154322994845 -0.208132836780033
-0.0180719045793169 0.135638196310509 -0.240716299673491 -0.141916102828427
0.0297606197870022 0.111594806872953 -0.23616731110252 -0.10296652470595
0.0493453466572269 0.12832288875062 -0.227609892801762 -0.165002526155749
0.0064274432274737 0.116076733010275 -0.199618414797114 -0.246797980362064
0.0288244580208296 0.0937589602559556 -0.127414275833833 -0.318427615187104
0.0831562410388557 0.154090603313777 0.00200883906357821 -0.26804331994605
-0.0140884085145183 0.290029022484819 0.0594853444808085 -0.191064419659481
-0.239322614078758 0.241469945772381 0.0306222345273942 -0.00859843050938248
-0.430971212359624 0.0583461562014949 -0.274906645474126 0.193842636803876
-0.53594434999404 -0.00343183847681881 -0.12431806252639 0.00272679614496645
-0.448970860863514 0.0450657287420252 -0.636546307944052 -0.101621353145591
-0.379639284386114 0.222197762008361 -0.365434465857403 0.289715522069535
-0.161823131102484 0.278331343063157 0.0168707581686982 0.143303493593192
-0.0190762599082419 0.215424056913425 -0.0200602720207253 -0.157449232264659
0.0139038529394129 0.195334582722763 -0.180950768078444 -0.180679604284767
0.0854576543574499 0.204164113481776 -0.234998106588625 -0.100003524650667
0.128204691602312 0.159014916342371 -0.211251551368997 -0.04378992433654
0.150500630035784 0.180690191641507 -0.19223268768553 -0.109523161450649
0.0808468300212071 0.210931726715136 -0.15114562365723 -0.205633270709929
0.0600373596476721 0.228666573045002 -0.0809107769782814 -0.305189390874836
0.0138106841102115 0.295591918107941 0.0602165322332887 -0.262809185783322
-0.118374827748455 0.368933063976432 0.116237798354762 -0.172272436659588
-0.318104376877077 0.269516576132085 0.0961352704814947 -0.01430627685984
-0.501278407955168 0.140066077320887 -0.14039717587845 0.187010433032333
-0.532664157740398 0.181682126103329 0.0587445654100387 -0.00170455328437396
-0.406020115099298 0.15961530859532 -0.548234869476581 -0.0815513479934656
-0.396607456985354 0.287463003597367 -0.336476400071685 0.382918365178982
-0.213889866848262 0.38445658838726 0.069612834691572 0.237533817646239
0.0114060100137272 0.35502848431472 0.0220918859404876 -0.0871629822505098
0.10455995097657 0.283707720934198 -0.140345688602513 -0.109328876901245
0.186363224475613 0.241274095680919 -0.190539524847648 -0.03289549466057
0.20610663770791 0.180136030651906 -0.153327838399747 0.0236809552196415
0.222209493632231 0.205532917205356 -0.12820246111744 -0.0444903493338459
0.130810608602578 0.272477591763678 -0.0786882615802364 -0.143812818542432
0.0709150423711102 0.325812093136935 -0.0155708998043353 -0.259723077350511
-0.0668024202139071 0.392868236876172 0.123220997133204 -0.233118080745482
-0.225271516139802 0.397488076484968 0.182603933407449 -0.150268283325827
-0.368307507727996 0.247918685747097 0.195437004163939 -0.0280657591682273
-0.505473475150757 0.18955872766286 0.0252802615535033 0.170165221530266
-0.432682403513751 0.333015550736923 0.223374479712843 -0.0584216937497131
-0.272879640440919 0.230225410894652 -0.429504468876077 -0.0625705218073683
-0.336649378736968 0.291071435596631 -0.248663477625839 0.431358944935571
-0.214665102208411 0.413378223580392 0.122875049670643 0.290166761167808
0.0472067523079894 0.423467942165382 0.0664807998084479 0.00191217293096765
0.182394561383376 0.319380138275281 -0.0691128216252012 -0.00819328757550391
0.258972557010468 0.239957769506211 -0.109451465952932 0.0489148122231437
0.252707623534853 0.172631048846418 -0.0707522985527745 0.0875860538093147
0.258010537607243 0.199933263250347 -0.0480914734739702 0.0200370836582598
0.153971634210355 0.290266491396099 0.00115326828325332 -0.0687210638758576
0.0570166257859909 0.366169339404631 0.0533336409148215 -0.180041282450907
-0.150136306718449 0.412450744940477 0.177316585680837 -0.169066561631052
-0.303274775473621 0.342514459159775 0.242505352587984 -0.111690938069894
-0.359796099155401 0.176458764507362 0.31076653147983 -0.0338417607687958
-0.429889390504992 0.209860339132645 0.198633095831873 0.152529154861906
-0.248862247198384 0.392464123201766 0.336400263724909 -0.145663605232793
-0.10310094747079 0.191272694541267 -0.307375785656243 -0.0483744742396755
-0.259875707361956 0.200814025410037 -0.138475395541097 0.422153020381307
-0.208001569696686 0.356995611211153 0.155123312229469 0.294158666621895
0.0653357450354869 0.408378576592172 0.10058909798953 0.0909564021731643
0.218918778018065 0.293726315949392 0.0191986824873902 0.100723914399363
0.282790493581961 0.199888812804482 -0.00390822790266332 0.128525136715445
0.261399148771238 0.142401519603434 0.0236563254071247 0.137478374338899
0.260463095240797 0.166490391864145 0.0331642366347897 0.0745536456578303
0.156691179975413 0.266530645519412 0.0715890509505255 0.00777339906192627
0.029916108200355 0.347352367218512 0.105537302144621 -0.0791862942439511
-0.214345213020561 0.346492013449068 0.199158179566871 -0.0793324337791963
-0.318851682768244 0.213610540380385 0.275804769300256 -0.0587777561761451
-0.2694732775595 0.0788486067653302 0.418068661841207 -0.0191625210406877
-0.286458524935284 0.219114211579515 0.350945673314052 0.141987211446947
-0.0278087415250427 0.34627385458362 0.38104533022607 -0.225903324534378
0.0418069874618246 0.0613694122309749 -0.196891384584406 -0.0378660662216604
-0.204474814542373 0.0603929359500183 -0.0480692989483461 0.36616321199858
-0.200692261170948 0.253181901157165 0.146454422119937 0.271780335496076
0.0591113961461748 0.327212352910689 0.116651019600231 0.175458961773279
0.206613145007158 0.216551428696887 0.105360264686614 0.196539720341671
0.248213167568259 0.130482053531842 0.102878793901649 0.190511668496192
0.229536219450982 0.0916164460406815 0.113549655812043 0.166358205121723
0.234066080970423 0.112270414503255 0.108888503960843 0.114641539223314
0.149883989729871 0.211724832498527 0.125451160747356 0.0752944854700659
0.010220481879006 0.288813243526971 0.131191302945481 0.0238563017606825
-0.23074146597621 0.230246543838105 0.179304689793735 0.00806360816199525
-0.252981790958284 0.055122290868976 0.278302032026073 -0.0167695029005626
-0.109246514274166 0.00593615706615931 0.506862186890044 0.0127688552231179
-0.100209706351538 0.232370808037658 0.455912424361281 0.138084439399173
0.182743869832556 0.223924969997225 0.363838322461503 -0.270514650251211
0.142007852339357 -0.0883596084264875 -0.117256059732817 -0.0337780341989211
-0.153300204108001 -0.0735151119535157 -0.0105001793634501 0.293006010229727
-0.176377559766756 0.128013259128242 0.0998816964225906 0.255444539576696
0.0345149645108254 0.201185300918948 0.119400839705763 0.253785872912667
0.149547038495855 0.109776503371397 0.174003178030313 0.266181444513174
0.16793432182618 0.0437987567793451 0.18719848065709 0.224450901881371
0.163784211479849 0.0280428489181958 0.186605350432976 0.171741090201021
0.184943496362077 0.0427645455916616 0.174665696176803 0.138383014887031
0.13736400047512 0.136700349079387 0.165638601298565 0.129136288592918
0.00259566610936271 0.205358707948839 0.130892280628619 0.110087861423212
-0.188545545860249 0.101743250168321 0.129831978182095 0.0589880070392389
-0.116242614862293 -0.071824109894192 0.274528382171948 -0.014531718210182
0.0797690074493929 -0.00954370859166494 0.581253952691931 0.045262016381172
0.0883508314726926 0.249327711196546 0.504744819437217 0.125482933660739
-0.326542065332191 -0.231072585824418 -0.421797553397101 -0.073198692053381
-0.271419482103192 -0.0250453123235621 -0.683778295871929 -0.0892580527063992
-0.0807706504659563 0.116653614776584 -0.318583091747766 0.0880195644320109
0.0870497654312191 0.00528170188181753 -0.0965433955207017 -0.0316815427875782
-0.0260120290716295 -0.104932645542999 -0.102183264123606 -0.162574700133134
-0.123653685233732 -0.0170553898135069 -0.185822304544458 -0.188364534048917
-0.106894858036025 0.0584513124403932 -0.221523371687465 -0.150010324506822
-0.0723046224735218 0.0517503158612815 -0.2285896657254 -0.138428614541707
-0.0652459397346878 0.0594703490535664 -0.230876868797389 -0.197473126427563
-0.0797106287197808 0.00807929589161882 -0.221853166618996 -0.259067927074512
-0.0111966117525948 -0.0544040325561236 -0.163434160153021 -0.301591100594361
0.141345680068148 -0.000361591213682075 -0.0535398602624009 -0.267827865815267
0.0819177937642678 0.19363541831964 0.0186411120794038 -0.231262059873967
-0.149915477159693 0.18137894412758 0.0183880785259349 -0.0244239354229682
-0.308385984684302 -0.0380153387650632 -0.356618016225638 0.194343358724978
-0.46396292735298 -0.141351260891151 -0.293864255244454 -0.0316087716574496
-0.402817769781681 -0.018194178233954 -0.690863757818742 -0.100421397973033
-0.261630339226067 0.167161576502045 -0.345732317818787 0.190971342505251
-0.0454690704014081 0.143163009301931 -0.0319028814421371 0.04023649174228
-0.0275194774866428 0.0486488956575795 -0.0686008570089975 -0.186791056169386
-0.0637990949882751 0.0891566159016746 -0.20259888183862 -0.203821702147173
-0.01300686692801 0.139858089412791 -0.247059982936038 -0.134322685657117
0.0321072496183329 0.114203629603419 -0.23681828730559 -0.0958745866402742
0.052888376179577 0.128831851562241 -0.232825293329157 -0.160399605303777
0.00911479652803169 0.120731693235975 -0.208897054696657 -0.243812108768692
0.0295687523130128 0.0946189449491795 -0.138780665302145 -0.317611932201374
0.0879262144911164 0.152411111330617 -0.00371999086597424 -0.274011032146558
-0.00500037799750904 0.295870401199029 0.0567882939437803 -0.196298158873425
-0.237586942059705 0.252458206738291 0.0338309623561998 -0.00925933018689962
-0.435671718459912 0.0735523823125563 -0.270953854543505 0.206445521523763
-0.543240956406751 0.0131368570180737 -0.123398603564612 0.000817829031896215
-0.454318546261714 0.0546204244701373 -0.650195013941348 -0.0892330712336398
-0.378138207719393 0.23377721228093 -0.363852188019408 0.305345238064624
-0.158285057034406 0.285701975058941 0.0215991304325768 0.144847189179724
-0.0170973332661766 0.21847309643181 -0.0296471712484819 -0.157666369957727
0.0185354173233852 0.19992269741106 -0.192667920659092 -0.175335477375844
0.0945196771541446 0.204026010363324 -0.241331347732404 -0.0908316462221386
0.132281270146016 0.157633692726098 -0.210818051353521 -0.035141214759437
0.157298220974157 0.177508261919523 -0.196118248113213 -0.104704729995949
0.0880621976218889 0.21418798394176 -0.159032843865303 -0.203615487781696
0.0653759733246973 0.231216301312027 -0.0918452961552416 -0.306336437802778
0.0214444365838582 0.298984554557835 0.0551592800667853 -0.270823778316553
-0.110132493975707 0.37762737380981 0.115826077898354 -0.177224410156838
-0.317842772374623 0.282657006619439 0.099890874231001 -0.0146529728189131
-0.505411575246711 0.157446612032238 -0.134765131998145 0.195566897794581
-0.533242316725185 0.200384887212741 0.0607182818793966 -0.00803663783085336
-0.406819149831013 0.169847335214829 -0.560818417350478 -0.0682792135125941
-0.394672320023777 0.301996697396521 -0.329672144413746 0.400112701233844
-0.208851115972011 0.397007545606928 0.078290599802957 0.239912660119467
0.0179606306663847 0.359279837479586 0.0152633012178317 -0.0877855542162711
0.114652532157744 0.285390634394423 -0.150547418279271 -0.104426277707745
0.198028522085683 0.237426630224062 -0.194702366354232 -0.0220616350721349
0.212983675240893 0.1751460887649 -0.150786619635934 0.0320510541989051
0.229991036756618 0.199321826540841 -0.129575466178689 -0.0397263965571274
0.141280684985765 0.275088397456055 -0.0840284220464905 -0.142229187379806
0.0797133086980291 0.329556911955581 -0.0248629421107987 -0.261450481047687
-0.0583719461885338 0.400070118100608 0.119712989945643 -0.242045877810867
-0.21691198762671 0.410208468462001 0.185128357030737 -0.155597662643347
-0.368300462743206 0.261381280843105 0.201085777324778 -0.0314148987382169
-0.506567131512089 0.207722152261292 0.0340309979836169 0.172967542981811
-0.424681878395786 0.350859752156651 0.224460868777302 -0.0693691167586903
-0.270505575804287 0.236271902303295 -0.442065533860115 -0.0491233374659837
-0.334346453131559 0.304182594377142 -0.238494788212486 0.446616027293661
-0.210232839104103 0.426948551072272 0.133386204133728 0.292038275939237
0.0577879016470296 0.428088741422195 0.0622945103773223 0.000816008122507364
0.195032843667906 0.31888588946322 -0.0743802816004607 -0.00441530007796719
0.271680262699517 0.232694680367294 -0.110397275155504 0.0586877059023125
0.260596795324171 0.16506882894435 -0.0664419426728456 0.095189594960056
0.265594631032089 0.190779137645896 -0.0478838214033964 0.0233163951145074
0.164642285902676 0.291623755096198 -0.00109476885893292 -0.068919187128533
0.0666480187481065 0.368870945005711 0.0473860666517747 -0.183124623541578
-0.142365733910166 0.423216128486227 0.175669497390713 -0.177469658783854
-0.296152673245236 0.357839189699103 0.247168175928072 -0.117202845627619
-0.360832145220739 0.186801653233282 0.316290694588752 -0.0386084597966377
-0.428957377428143 0.225366539889243 0.209975154465896 0.150196220392755
-0.23594686539841 0.406900587343925 0.335854327719781 -0.159265797279564
-0.0989216279598008 0.191585548705665 -0.317171262393965 -0.0378664182715444
-0.258726678430844 0.210710039961047 -0.127915588852325 0.434359599735915
-0.203680118869523 0.371502978626499 0.165325008892775 0.29385640942069
0.0770284313495264 0.412036906727481 0.100189615665763 0.0900275157034245
0.233692417472083 0.289706651292724 0.0188239988009341 0.102791910527907
0.292904566365352 0.190621891013499 -0.00219049396508848 0.136750237379953
0.268922753697153 0.132433718362773 0.0282018151714104 0.142402241067539
0.267492754892692 0.155816253221552 0.03524861638869 0.0753850442439702
0.167489262814941 0.265461595940472 0.0722830928263496 0.00560665061273174
0.0406634348096671 0.351256620415122 0.104274079457663 -0.0831457586050715
-0.209273799064036 0.357592118090752 0.200114233036257 -0.0861591113238167
-0.316587123497697 0.22592131551444 0.280825300700808 -0.063305995699482
-0.272388613049445 0.086358364367922 0.424575600407823 -0.0255776311817463
-0.282970718725957 0.229979586220523 0.362674129415384 0.13596455452939
-0.0138756101423029 0.351787748183565 0.377462593646283 -0.240833180578908
0.0451482365528156 0.0554655246987042 -0.205084233597877 -0.0310470806511374
-0.207277698087325 0.0678313833486019 -0.0379289834505863 0.372841113236608
-0.198389129997582 0.266486344679808 0.154569945592795 0.270987112004693
0.0701003829575456 0.329956501096178 0.120421217958327 0.175060179723144
0.218115693814783 0.211570771997812 0.110621351093546 0.196632122922936
0.255912358744843 0.121121904602857 0.107591416026973 0.195139133174635
0.235725595628084 0.0823654173031967 0.117963240438231 0.16839186804747
0.240428694056513 0.101669927675192 0.112038881141774 0.112693513109719
0.160371388609601 0.209154979347419 0.129331139623649 0.0711228276644955
0.0188717163507039 0.292602979877394 0.134326936921803 0.0201942653426012
-0.228182848791299 0.242321213285946 0.182205514846559 0.00424166554060362
-0.255657150795214 0.0629041296973059 0.283618968585484 -0.0200985002471771
-0.112017728801257 0.00697424518030037 0.512904747697222 0.00336784882262752
-0.0937323074549686 0.236908349269879 0.469789911271336 0.129822529406767
0.195537304926455 0.221144237963825 0.356518937446563 -0.285748844044657
0.141974270631464 -0.0985846147952567 -0.12311482130559 -0.0281724656691038
-0.158705384534198 -0.0689808614871796 -0.00267938442710978 0.296967207834046
-0.177237104186932 0.138037864390975 0.105662904965655 0.256230487076149
0.0423982351590225 0.201805980854662 0.126973830412217 0.254002031561149
0.15738907651978 0.103768140653051 0.182803507719055 0.265153002757608
0.172415791686739 0.0370676751355887 0.19580715804853 0.225422501019744
0.167980466115476 0.0193270519124094 0.1908199669096 0.17027668345578
0.189555456917475 0.033756252638945 0.178327290493276 0.132894295060628
0.146237807136928 0.13304405060488 0.171927482266022 0.123487371900477
0.0107228947124774 0.209005381831123 0.137243537313973 0.107474773537536
-0.189905884472379 0.111177363465322 0.133137168426205 0.058654916979172
-0.121018556062456 -0.0692277130803468 0.277992149340595 -0.0184306310363389
0.0801125097560148 -0.0132022010173064 0.587296911425535 0.033451579246623
0.0982574743834484 0.248981403837752 0.517006096412624 0.116883939014648
-0.341257449230788 -0.217294861981279 -0.425076880676217 -0.059166973493022
-0.274755177926788 -0.0128864557923862 -0.691715316876911 -0.0638906359869025
-0.0737878346276737 0.119686835597535 -0.316077449333135 0.101576852781639
0.0888239522609687 -0.00266130280221947 -0.099036374039588 -0.0275935668665745
-0.0347023156732543 -0.104369959885246 -0.113562341694922 -0.15698149308509
-0.126221451327604 -0.007807218058312 -0.199073776288406 -0.177566696094899
-0.103414742671825 0.0663319514540462 -0.229165068143739 -0.139584726266665
-0.0709447534903299 0.0587487114716958 -0.230597248515803 -0.129331912880351
-0.0630845692975896 0.0648478436339095 -0.238461847940976 -0.188520292740569
-0.0808691889487302 0.0149774646815971 -0.23566459844811 -0.247973437842121
-0.0153638255253196 -0.0534570480823829 -0.17753112587314 -0.294907304193176
0.140991967886929 -0.0101382130991491 -0.064661097525468 -0.268019631120077
0.0932499085529765 0.191350284547969 0.00851916825296684 -0.23521730734611
-0.143744084926339 0.189833292787808 0.019334339733429 -0.025447888115316
-0.312491944894872 -0.0212504744345025 -0.347455143988735 0.214369064104919
-0.475034529403696 -0.119655979125953 -0.294538831371522 -0.0239403216378293
-0.407337713710301 -0.00253841604223128 -0.700224110861014 -0.0730117101428954
-0.253971865790764 0.178280580039566 -0.338983326072608 0.207299646669171
-0.0403435651600056 0.143808455097821 -0.0295273085714738 0.0419149241279341
-0.0297929429026225 0.04998055359353 -0.0814147729688637 -0.182981972602399
-0.0612518243798205 0.0956115287436293 -0.217819008712166 -0.191742843438652
-0.00525002325996305 0.143091873833447 -0.254508150472809 -0.120601095100876
0.0369959498765262 0.115106332459155 -0.237121683422887 -0.0844409424411959
0.0590987267648567 0.127461556320739 -0.239287295619543 -0.150930172967635
0.0144367078425817 0.12385328475889 -0.221562055979105 -0.233461422635719
0.0324488422741408 0.0957480285867304 -0.15462230339313 -0.312233727927827
0.0940373461198006 0.147200584588771 -0.0149883077182564 -0.277005890271686
0.0109441405993317 0.297357780601944 0.0495629981931163 -0.200561502630662
-0.228183566519401 0.264681640537217 0.0361017636095162 -0.0103890856194486
-0.435907988578177 0.0963739923123541 -0.26050412056204 0.221739419527844
-0.54335443079578 0.0393521655102977 -0.123051323946122 0.000881050651918211
-0.456347442522577 0.0723978069317046 -0.661484424321781 -0.0616585116439849
-0.370383739787724 0.251517655463477 -0.351008230935164 0.325664833310628
-0.14773062914894 0.294017695037984 0.0286420626449787 0.144607585307191
-0.011051806047313 0.220245265344667 -0.0412979633562161 -0.155441465397319
0.0273833267380285 0.202903161149459 -0.206170692258075 -0.164175479652673
0.106320531152631 0.200586489527223 -0.246910472403942 -0.076033626174286
0.139598690232289 0.153187369842201 -0.208019481505443 -0.0239804082722727
0.164614882294846 0.169965674942618 -0.198900945111266 -0.0944605717212053
0.0983769944565085 0.214168833862494 -0.16955585910285 -0.195523582419887
0.0740999952734922 0.230273602068446 -0.107311054556715 -0.302433721624816
0.0342569240782488 0.299128968172792 0.0439032500718327 -0.276340679144012
-0.0912122993165892 0.386487926799142 0.111023376718896 -0.183416213128277
-0.308150977084752 0.298888861281804 0.103139123685837 -0.0185075810885512
-0.500122157444598 0.184618220996471 -0.123568907322343 0.204360922102715
-0.524134145755124 0.227137390999165 0.0616942176260336 -0.0155250897019372
-0.403806801850828 0.185280681087975 -0.57016629592641 -0.0422350558694186
-0.383665562746858 0.320356854892391 -0.313519820354773 0.420000566519998
-0.194664166813612 0.409428301997549 0.0894231574144023 0.238006164396427
0.0317178487243777 0.361241799211398 0.00736887668993053 -0.0869002101488071
0.128076973741396 0.283180723378495 -0.16010778436013 -0.0952422874046559
0.211224252371127 0.228035411642356 -0.197617671519291 -0.0075944206362674
0.22102777851254 0.164385711350582 -0.145582979785632 0.0421057307014158
0.238091750856618 0.1866053732519 -0.129744075090043 -0.0318072489164808
0.155286643392376 0.271473470174219 -0.0909136431398946 -0.138615833778023
0.0928177880686561 0.327898184268376 -0.0377244579985293 -0.260113866283132
-0.0412866256286516 0.405802279936089 0.109636648200635 -0.250202303554472
-0.196935176763092 0.423209724489241 0.183344180765118 -0.163768641723469
-0.36088386105285 0.280383030399837 0.203940856343548 -0.037935920364321
-0.499348766047511 0.235098661951094 0.0461713841140553 0.172998336760833
-0.406722342011029 0.37333599910855 0.223027645031326 -0.0834326765620127
-0.262170729478179 0.24621485290575 -0.450260532259466 -0.0287573997357808
-0.32209226406949 0.319195367447553 -0.220657599615642 0.462296536386716
-0.195204933726118 0.441999883861472 0.147547669159165 0.288141609374476
0.0761438516101257 0.427573346162077 0.0595095175031661 -0.000194085921630853
0.21188014318142 0.311696336011545 -0.0788171168609065 0.0018544837894088
0.28427435947862 0.217320010537011 -0.108704519179226 0.0707437905152615
0.268356230899846 0.151295269450199 -0.059167908141479 0.102379117626945
0.273730439754386 0.175558025954489 -0.046504513493598 0.0279398714213672
0.180263718532161 0.286158542299398 -0.00391549242891216 -0.0690172622828911
0.081625290875289 0.369446158839056 0.0385326288355518 -0.185249254752311
-0.124837231606978 0.432372475607962 0.169230812644625 -0.187464373679337
-0.280586202277104 0.373211270786577 0.247446915645265 -0.126760338885155
-0.357064966149373 0.204329216882801 0.320104483335816 -0.049724978905
-0.419819906518075 0.248323859869653 0.221425712931156 0.142045898419202
-0.212843164816387 0.420377602544337 0.32886474666504 -0.178007771860222
-0.0921756936931374 0.190863572206901 -0.32357233005001 -0.0209402040453127
-0.251273204751863 0.224127688725922 -0.108397059043007 0.443400674784525
-0.190893551412664 0.38677554461376 0.178838202002403 0.289281510212751
0.0957637203661389 0.41162022342203 0.101551130910257 0.0874689177596419
0.249605375744513 0.278847443026576 0.0203260008349116 0.104297218555748
0.304529195007406 0.174077106464216 0.00349702171629646 0.143300077779363
0.275088517841532 0.117114007481667 0.0365117302098651 0.145838656218642
0.273282372026564 0.139509929147555 0.0377757513698439 0.0757838619855195
0.182667738080317 0.259014694741878 0.0724543040418053 0.00183269087796202
0.0563466898951351 0.35139582912448 0.100584180203644 -0.0879871671558418
-0.195246070271312 0.372371604217846 0.198010851440653 -0.0950724187949653
-0.308100319861439 0.240531209698788 0.28400188111316 -0.071981780068908
-0.271787662028124 0.0976758052280869 0.427995389841338 -0.0403156279568464
-0.271125861228529 0.244884502464538 0.374183033622773 0.120807210279271
0.00743218458747132 0.354157852281822 0.366307292734983 -0.259988066052025
0.0468956257271478 0.0476179171019733 -0.210086417245006 -0.0177909905952131
-0.206165281118952 0.0780580447047569 -0.0213144913718522 0.376772473713363
-0.190498814341123 0.281713239398485 0.166391705901284 0.266885907886054
0.0862331238696492 0.328403445232422 0.12673598145123 0.171284064579546
0.231811998996519 0.19873534996609 0.117882176139531 0.194481161421974
0.263816495257975 0.10533651769988 0.116967088032001 0.196259577836194
0.240026418993679 0.0676754755990255 0.126049691416216 0.16731202654034
0.245061243430332 0.085272816004653 0.114823386773356 0.108056263419914
0.173400521178878 0.201657755819789 0.132589013744333 0.0643021645703842
0.0335418212953199 0.293881629258708 0.136005332304123 0.0137613857635695
-0.219258209218113 0.257580774579594 0.183429562003885 -0.00262802545712224
-0.254631173806209 0.075349711786938 0.286640966806043 -0.0278622402656022
-0.113740206288777 0.0105962262023973 0.515984823106753 -0.0146062257791661
-0.0818271685836235 0.242003041531162 0.480650703624345 0.110695639937591
0.211203690869699 0.212937540220117 0.342473730912822 -0.303968973605479
0.138134477661065 -0.111730891477709 -0.127927251258465 -0.0193441246126755
-0.162618160696519 -0.0607650045122557 0.00939097112698901 0.296847965482024
-0.172225057495735 0.150684132285604 0.115734076370603 0.254409458440903
0.0536279731880503 0.200911939605356 0.137842205079617 0.249488073777791
0.165472650238508 0.0925546765732315 0.194497411876637 0.259297469738837
0.175737132813089 0.0255589319053478 0.207102953283214 0.220045805522993
0.169889620541605 0.00753359973879888 0.196640063526223 0.164255765851244
0.191715760292087 0.0200239820477026 0.18238114068849 0.123236574185129
0.156316078881521 0.124804852007901 0.17928829564963 0.113340583162634
0.0229819630876843 0.211359461482731 0.144864872274105 0.101286705668529
-0.186550999240675 0.124590659149495 0.136146238519677 0.0555069145598715
-0.126537709535768 -0.0638275763891656 0.279506843089596 -0.0264793414087062
0.0795219303765516 -0.0179421453326649 0.591226440278332 0.0121753894158238
0.112004341033132 0.245366594903349 0.52719635527389 0.0960954558302117
-0.380440680138424 -0.147591529548616 -0.403425726739943 -0.00683399829089414
-0.281738987862238 0.0441435286060485 -0.676544852425867 0.0278267383721393
-0.0542023268058184 0.132499301468635 -0.294362790389839 0.138528292449556
0.0823744202003541 -0.0216792134470347 -0.102909214478178 -0.00699739042504348
-0.0574869930864544 -0.0965282100041851 -0.131735877407125 -0.132866756230056
-0.130483055502879 0.0138190382414984 -0.220739452835083 -0.140919630424338
-0.0934204272213032 0.0856686829138326 -0.240206720910085 -0.10268384033444
-0.0639361606684109 0.0703818705949445 -0.238050024510878 -0.0939000494869005
-0.0546294432369565 0.076848100644152 -0.255922327446286 -0.155695147429662
-0.0804948278326529 0.0330287502405865 -0.260324372475265 -0.21577882872384
-0.0281260804885818 -0.047146816644552 -0.209960016921447 -0.262493585652166
0.131548582477137 -0.033442359265019 -0.0992352119185772 -0.255802870695353
0.118213570713911 0.173790294890556 -0.0247872251062931 -0.238968256372112
-0.112975692476162 0.206054026302844 0.0232728556826832 -0.0260788415481066
-0.307964535703732 0.026301285112207 -0.306680324282926 0.260319053671897
-0.488208524101088 -0.0300866039042104 -0.271924106601302 0.000618287648300594
-0.407980065565593 0.0759820652750043 -0.686129398558236 0.0160680901683147
-0.219407273467402 0.222320541773091 -0.299151954443755 0.234996271360454
-0.015324556142845 0.144998624057018 -0.0277054488701512 0.0391763192858837
-0.0274871632423621 0.0508280266075683 -0.111923989102129 -0.16470499101592
-0.0526142462753736 0.103437811359623 -0.244444793045961 -0.150645830929522
0.0157469171185722 0.143509409817697 -0.266689389864533 -0.0809001289723223
0.048344754869059 0.10955346543105 -0.238413560025774 -0.048422501827131
0.0739880851413996 0.118420021206239 -0.251924900619956 -0.116820106304216
0.0305319068774895 0.125207052712677 -0.247630583301632 -0.203742581668409
0.0410253843512759 0.0906477487256106 -0.192468173870314 -0.284818093038996
0.110055122415403 0.129341039805424 -0.0504677400617526 -0.275547888436452
0.0535893731222129 0.288994665878347 0.0243782311508713 -0.212234965702077
-0.185743012402549 0.291594442712408 0.0455530052665218 -0.0112080383786186
-0.411746011820881 0.159217183131286 -0.216335966843683 0.256761398693079
-0.522534859192616 0.13481252407984 -0.106737900489505 -0.00757323848059484
-0.442298375091975 0.155407732914882 -0.648727364395483 0.0183005512623935
-0.319300667005972 0.314932897495359 -0.294158575229194 0.345361584530049
-0.0919725383595363 0.313435428870014 0.0421308606048476 0.121157099277309
0.0191263361107405 0.212815662269542 -0.0761504626828338 -0.145397409093798
0.0497472759974992 0.193276844376719 -0.233948112703532 -0.124922468166708
0.135715036467537 0.181007197398609 -0.257364843160023 -0.03845475836665
0.153387197493503 0.130058355461092 -0.20209697561147 0.00905044232043764
0.184193249338375 0.142037353540095 -0.206074971639656 -0.0654190691279159
0.128213256178759 0.19990051604147 -0.193846298372045 -0.172740055641754
0.102242131887505 0.214816782887537 -0.146457358949737 -0.282943246310624
0.0753800794011184 0.28781050752237 0.0079419343629788 -0.286166718619172
-0.0320302014272916 0.388837092004548 0.0928614606556894 -0.203566043710326
-0.259781096141064 0.335402937036552 0.112991842099014 -0.0250400811271629
-0.465005420174239 0.253763808893364 -0.081242903021806 0.223792910342562
-0.465588686413392 0.310988100561623 0.0613070181376872 -0.0541069381770675
-0.370597085131906 0.253130029863464 -0.565279758703704 0.026044620240047
-0.319902236708926 0.387800728041719 -0.245104318523488 0.431015194758233
-0.115385992627739 0.436381608725951 0.111552063367489 0.197805203701561
0.0846548082791963 0.343769736057932 -0.0247606565374151 -0.0860092231514834
0.162401033554344 0.255524486992597 -0.182962656418523 -0.0624279142561676
0.24497552527952 0.188340048890159 -0.203535270958706 0.0223400220852678
0.234268347814916 0.129067740305004 -0.132870911471772 0.0659362798469129
0.25918340077024 0.144897970988079 -0.130559968986765 -0.0107723037643569
0.193586815368797 0.245255883915311 -0.110873771319027 -0.126633896966749
0.135950886496902 0.305454212485301 -0.0753565896512318 -0.251818321577699
0.0187167802880772 0.406029927381237 0.0774385973486932 -0.27118968561224
-0.131205489147528 0.439079010825851 0.170974483987084 -0.192338737419088
-0.314924841843234 0.323779843237932 0.210510789708464 -0.054661045246703
-0.456183101199502 0.300653338393221 0.0809653059306465 0.172284324124778
-0.32281336030606 0.429647170431091 0.197467328484391 -0.141529801024143
-0.221550751966469 0.285217894262922 -0.449342015226715 0.0270556196669878
-0.258075584958984 0.375178434443005 -0.150598623191453 0.461902849335066
-0.107922180208868 0.47083287369417 0.173392620215622 0.236867887215686
0.141713051883042 0.402275972762176 0.0358153207568166 -0.00822537939137636
0.251996179821078 0.268948121725525 -0.0914923186849286 0.0203895610904717
0.318311706902642 0.164298635016158 -0.1078653590348 0.0868100844659099
0.279005003759876 0.107444715311081 -0.0413840808440809 0.113732474718625
0.292349519114763 0.126876379579769 -0.0417121155379623 0.0370502748819823
0.221920227178285 0.253678039359515 -0.017049826242477 -0.0699877208580708
0.133148744057603 0.3464004273007 0.00907758395079754 -0.189377835890131
-0.0583635458948744 0.444567696082828 0.146145156823061 -0.21621645537343
-0.222231240214202 0.400688221747044 0.241575209798191 -0.160653415231964
-0.324139034034582 0.248414854560367 0.32026560882674 -0.0798354689224116
-0.376218931295109 0.300039315702893 0.247579692064459 0.119571749742681
-0.126029741813974 0.436288372838171 0.279294817547424 -0.240235218673459
-0.0642538731184393 0.199284553670051 -0.325880428121344 0.0252915613700328
-0.204298651854338 0.269384543986929 -0.0418680535373879 0.430344524911749
-0.111751468221163 0.416863214413872 0.205051134573814 0.234664431089547
0.16093728883983 0.385123239966783 0.0911242051941529 0.0709012667204523
0.286587037810881 0.231059291908407 0.021142335892122 0.105675441682567
0.331579737896434 0.117423658430964 0.0129006095101528 0.141638719455181
0.282150277858807 0.0716451915876078 0.0555516311371929 0.142729555465152
0.288102878843275 0.0905614242995447 0.0451829901743292 0.0729722879369845
0.220426573870446 0.224005978863108 0.0666336053092269 -0.010274074554249
0.107187409016972 0.332043937623885 0.0825531419413976 -0.102520017893665
-0.135158858712096 0.396207825458555 0.18758639339612 -0.126279596423572
-0.267406377911193 0.276469923497793 0.2841202801702 -0.107452827715007
-0.257613017131876 0.130286382043965 0.423933410932505 -0.0842912326002845
-0.230700343912833 0.273700687438059 0.391491760990369 0.077336125394505
0.0768019579894445 0.332086634997631 0.298317979817071 -0.31492449688141
0.0463090529137015 0.0345945260811829 -0.211436701598204 0.0196610150785743
-0.1839942911474 0.118670586668931 0.0383768904120134 0.356696207638733
-0.129905234082876 0.313630728513854 0.19364945790338 0.21880823911446
0.141432285797174 0.30689960124727 0.131782268724328 0.148577894136351
0.260617972556447 0.156012123490255 0.132649873986539 0.176968017217309
0.282493941839989 0.0563330226277441 0.133932154979002 0.175969492832077
0.243490973844762 0.0272136347426573 0.144094772383813 0.150712853401012
0.253154158886749 0.0398653399477551 0.123238318683325 0.0932278025293655
0.203723323778366 0.16673274228081 0.134029068781766 0.0431071466011423
0.0791853552501905 0.278970274423954 0.131605555340595 -0.00852930172067145
-0.176423806536544 0.287800909206588 0.185218499090117 -0.0299165154657766
-0.239941482809339 0.106604464309604 0.288231140859312 -0.0594992322338079
-0.115761332081821 0.0214155108019311 0.509391827193748 -0.0728300844173472
-0.0452450923212306 0.244047833941671 0.490459128088354 0.0509524491704996
0.248452730731977 0.159237552838699 0.269992844374419 -0.340423932463856
0.108291175478342 -0.136423278130628 -0.12599986207258 0.0119618680794826
-0.165582014968446 -0.0257498408654004 0.0609409218792913 0.278898549027193
-0.136263300706957 0.183765195926046 0.147055680776984 0.218480442662602
0.0909332057677614 0.189249534768273 0.161593683485903 0.223121332192221
0.182631359287637 0.0625590888615125 0.221775313751311 0.225447837485682
0.18295734525536 -0.00690366108625477 0.22748462483475 0.186261782769644
0.168105934570004 -0.0207194413907088 0.210625434792963 0.135899236971977
0.19319083296829 -0.01641892738414 0.190765776136212 0.0972543853623971
0.176162398693445 0.0931937712771112 0.186410188136578 0.0858635249861206
0.0586124344797509 0.201120091748881 0.152600464641354 0.0763976531005576
-0.163536751512756 0.153020778106948 0.145913479253361 0.037105096458707
-0.136392804947961 -0.0468072569703885 0.275059622592566 -0.0547207031832689
0.068624103567068 -0.034745765154166 0.58227265705756 -0.0607853372444031
0.145395175305038 0.219053556276569 0.530255957159922 0.0296169051976957
-0.376418844743104 -0.128593984970224 -0.39132008135697 0.00251493529640186
-0.27262000693502 0.0518406742108484 -0.658317963670349 0.0437460681961189
-0.0474119371513805 0.129412283270736 -0.281658345045115 0.142983372003081
0.0785694477684195 -0.0283378526924527 -0.100171039798356 -0.00385393602234568
-0.0618263915991509 -0.0909395779593301 -0.133355356721712 -0.121384053252051
-0.125690677221428 0.0212749045383256 -0.220750671302434 -0.124921804723478
-0.0864907205634601 0.0876096589063121 -0.236218045885631 -0.0902617998814722
-0.0593826411890686 0.0729915563959952 -0.230932082375039 -0.0858970259609047
-0.0498064523797704 0.0779189743140667 -0.251813518600425 -0.144605037848859
-0.0773690074521141 0.0373692618849658 -0.259148653972417 -0.199360388185023
-0.0310697069637238 -0.0443087323210568 -0.210771119088549 -0.246019341764415
0.124070594211111 -0.0397090466476468 -0.103229690452128 -0.246294353480093
0.122801571719838 0.163472318424729 -0.034574748000739 -0.231726738687917
-0.102999319926459 0.203440295826698 0.0226638419925515 -0.0262659047133707
-0.297989662867406 0.0371822504953858 -0.285585811078426 0.262105122747727
-0.473951615844325 -0.0130831508673953 -0.263208843606466 0.00353690730058219
-0.395646310377616 0.0867951265856577 -0.667876557256917 0.0350420782755191
-0.205038404032286 0.221617303124488 -0.281074588369664 0.237756830530463
-0.0114403571759562 0.139118997896161 -0.0240175659690141 0.0388076692567137
-0.0287224401370496 0.0506969251078566 -0.115681907358434 -0.153340432601751
-0.0475169652457059 0.105667906475759 -0.244996581584521 -0.134124893475853
0.0215982865561796 0.138387209920101 -0.261405672934511 -0.0661719570849543
0.050378418349744 0.106142531898246 -0.228763199790255 -0.0406762614407422
0.075423780348911 0.112545576023132 -0.245758239674649 -0.10550488013903
0.0341736352140956 0.12281201028108 -0.246189951268683 -0.187733453559672
0.0409233995515782 0.0873833509562068 -0.195056809278371 -0.267569912877553
0.108914820673682 0.119617709912229 -0.0574657173827757 -0.26666257387973
0.0639007960856446 0.276671836524036 0.0168295402091752 -0.206722390444687
-0.171040784220521 0.289321540882135 0.0456078053250049 -0.0119757157882025
-0.392662062332768 0.170701067699129 -0.198454350615479 0.256991053361758
-0.500766086733761 0.148467722144288 -0.102815512077609 -0.0100956839398375
-0.427142389718927 0.164004540567888 -0.630271767672265 0.037133036936497
-0.299085523051013 0.315050177966395 -0.272758466371556 0.344713908075322
-0.0810118540765133 0.306719353101185 0.0468208376488067 0.116736070067304
0.0218617381862395 0.206894572982332 -0.0799310089570799 -0.135911202579477
0.055532548538627 0.18788266678375 -0.233998545482241 -0.109056401082079
0.137781453172015 0.168504686651356 -0.250534729163402 -0.0229114336726907
0.152183959178141 0.121441479269269 -0.191252595123383 0.0149274217433533
0.182324149943831 0.131364014733714 -0.198304818951979 -0.0561484677634434
0.13154783697736 0.192018335462439 -0.192755131539079 -0.159839922804827
0.104563511277964 0.206318808991812 -0.151929504695374 -0.267589808530515
0.0807812455285054 0.275492741386046 -0.000358116463046935 -0.278715890287928
-0.01862616583001 0.375896686402051 0.0853866492930365 -0.200387922684238
-0.243525542603598 0.335283763454061 0.111560001129424 -0.0273114845144292
-0.439512720582939 0.263869122095589 -0.0680338583064549 0.219933870848875
-0.43839221444136 0.317275995040268 0.0580042273611871 -0.0597109483500467
-0.354694614793064 0.254653851071659 -0.549687705507295 0.0426688071590657
-0.297806935974483 0.384470463915392 -0.22264806863315 0.428650821632501
-0.0978431800789695 0.430538869742588 0.11665134239508 0.188748695325248
0.0908605543715854 0.331818573362052 -0.0287136742226605 -0.0798756336172357
0.166387672264649 0.24325323538461 -0.182070533265561 -0.0501530577213255
0.243440660251199 0.170942272259361 -0.196006987312944 0.0355299778475166
0.229509841920885 0.116141173651759 -0.122230029591933 0.0690273786336719
0.25313085048384 0.130470164844083 -0.12421928898922 -0.00505334624603001
0.196950966776737 0.232730795590718 -0.110365508533923 -0.118454131190002
0.139597444744899 0.293355804499471 -0.0812807344672128 -0.239880753682968
0.0299218474236757 0.393182733267349 0.067347822597892 -0.26613132001517
-0.11273737798605 0.428345108134827 0.163251709478431 -0.192279896258154
-0.29759602181012 0.323815802836356 0.205512266303932 -0.0594446695683925
-0.431741563267695 0.308635512429823 0.0879816111312056 0.165031376202703
-0.29432633280669 0.426924013348588 0.187043203771268 -0.14743868577596
-0.210925264042441 0.279802359024478 -0.436698687156909 0.0414770366253513
-0.239467019455678 0.371954962632318 -0.129791290681747 0.456024417565351
-0.0902665467925382 0.462990375403581 0.178082524631488 0.224887210309824
0.149042036045724 0.387471843770012 0.0325927881793655 -0.00732950572778704
0.252996577820924 0.25241198869792 -0.0906742227079669 0.0263234223268792
0.311763659389705 0.143994440736778 -0.100629218733838 0.0951383963396952
0.272414471087251 0.0923071648310144 -0.0332531067695976 0.113416592548065
0.28449422934081 0.110908154362222 -0.0375179330137266 0.0393827969193504
0.224492638048127 0.238701214362168 -0.0181367831102109 -0.0666628019034488
0.138971000341281 0.333153376952404 0.00228320029146054 -0.182692442702425
-0.0419594360228853 0.434000037276863 0.135698835191218 -0.214220965009007
-0.201033416449894 0.396267836504901 0.234532128686259 -0.163132791782751
-0.308508030530185 0.250690388095415 0.311921127489346 -0.0861511228708125
-0.353116774484435 0.30392531792006 0.246642470418979 0.107565501633622
-0.103302385844126 0.425797601045099 0.261917499953125 -0.245056141266381
-0.059586613605447 0.191490594398482 -0.316123704864764 0.037081116521164
-0.19028862067572 0.267011477157385 -0.0258736531782293 0.420126886018454
-0.0952785165275528 0.412152009819097 0.207940950689138 0.222999876751527
0.168423574410266 0.368247592218515 0.088778357817457 0.0674705367478021
0.287099557046301 0.211076953785097 0.0219612857742394 0.104094920591809
0.32397953269246 0.0984488630586913 0.0187295421462616 0.143573722732926
0.273570863466149 0.0574185465897255 0.0610956494961478 0.139433252327903
0.278223257501744 0.0744573956667598 0.046537624915667 0.0716672029167258
0.22275326872403 0.208690284808713 0.0648719533415406 -0.0125875442365631
0.114555335195757 0.319739491536483 0.0759614125752464 -0.101960471666298
-0.118635712200673 0.390549162793718 0.178763893907834 -0.127633470987263
-0.250049965691748 0.275265322375361 0.277204191370493 -0.110776493052221
-0.246769969246714 0.134305350455976 0.410467460611947 -0.0934278473693484
-0.212591985883236 0.271517524503925 0.384379601741381 0.063617898136576
0.0902597808007885 0.317546939070388 0.277381599194585 -0.316571736339589
0.0418685088402987 0.0281877870153697 -0.204689395037003 0.0293052122681841
-0.175251820660145 0.121469247488794 0.0478911650596417 0.345989258293126
-0.114923486063844 0.313431184744982 0.194362690536823 0.207775403715223
0.147121024505815 0.292892362734153 0.130912805861678 0.141609567880613
0.259220120340748 0.13829208589431 0.133071217935423 0.168660183942371
0.275351499822099 0.0416371026294939 0.136780924701962 0.171212188584758
0.235014479802981 0.0149473661212858 0.145069035168833 0.14457088746815
0.243403810911144 0.026661673297809 0.121229454315109 0.087665957221199
0.205402429977384 0.152376781688097 0.131180393162568 0.0360261340646668
0.087590334379577 0.268914526182145 0.126823068687402 -0.0125252135572439
-0.160279083295981 0.287486000133175 0.179644979856666 -0.0329356219049373
-0.229977408664513 0.110730020821763 0.281320130496779 -0.0638750245890804
-0.113300515145723 0.0242397724053272 0.493475179967001 -0.083904608700976
-0.033557080662379 0.236686330016023 0.478162895177714 0.0361347883385413
0.249001784324376 0.143789323129473 0.248470082134858 -0.33781869599356
0.0970562486345743 -0.139646176813724 -0.121786970318058 0.0182074227223534
-0.161950668683178 -0.0186927276913182 0.0663443960407475 0.268343617956499
-0.124683517144735 0.185620656662673 0.147774632514823 0.209930531133273
0.0955743968224353 0.179585082433687 0.162324171765669 0.212544314843586
0.179487518271348 0.0494522762734256 0.222340687822365 0.212433836008043
0.176585600477082 -0.0164678383522345 0.227741283498737 0.17498036687548
0.161780966045725 -0.0297098366274023 0.207671106545265 0.128109187419977
0.184223519740869 -0.0265816484770861 0.184428335132071 0.0885627695336434
0.175767039798131 0.08148566327214 0.182902166596332 0.0745389595235092
0.0664080078770194 0.194060013881453 0.150652035260146 0.0684815088413558
-0.153114621859038 0.157303517520642 0.142884481297696 0.0348349827499665
-0.134989338860202 -0.0406891085668633 0.267207701316045 -0.0592332664505374
0.0649059142378595 -0.0358948885621791 0.56389688148293 -0.0743855223298409
0.149376680924141 0.206757275852832 0.516276633970737 0.0134297962481578
-0.369877544108484 -0.119906251160835 -0.382040453938923 0.000148639551877376
-0.265703710253939 0.0541163904748434 -0.644358754271952 0.0470662883700573
-0.0443060906827741 0.126203962363816 -0.273345765547729 0.140303963985477
0.0746328491711886 -0.031713123441985 -0.0968510450288421 -0.00251979091941511
-0.0646046523443551 -0.0873462975616502 -0.131144637402268 -0.114711339672509
-0.121528884521941 0.0258455117030248 -0.218082118943889 -0.11452876573575
-0.0821618878413792 0.0879940657024758 -0.230944235839068 -0.0824841640042697
-0.0565621434416001 0.0742223237735889 -0.223087601516134 -0.0848057241152474
-0.0471198833583278 0.0775714430147501 -0.244830219496701 -0.140351849943528
-0.0749821658915003 0.0401234632362562 -0.253012723249144 -0.191517333724404
-0.0327317748319102 -0.0424265656346706 -0.206788006595749 -0.237233074791634
0.117559100860995 -0.0424345306451611 -0.102441699497771 -0.240286427720633
0.123738381369982 0.156945541206769 -0.0378479895485457 -0.225398124428389
-0.0988917148228512 0.199389129738638 0.0221973639484028 -0.02608152461577
-0.29034669037962 0.041089178582158 -0.273085249266205 0.261397085075884
-0.462334171426148 -0.00466350140504597 -0.257283573769171 0.000695678735366106
-0.385071670061173 0.0871278512718879 -0.654935661753621 0.0379941396856254
-0.197723393415397 0.217238660873813 -0.272635872854564 0.233780687112429
-0.0111501665575654 0.134023582968985 -0.0214105956965294 0.0374484062627785
-0.0309423715105044 0.0505419981688287 -0.11426469991569 -0.145671026904473
-0.0443093334174889 0.106366577792394 -0.24173380338919 -0.123698340901084
0.0229130104610976 0.134146723895629 -0.255439402749515 -0.057432094365955
0.0504855062881652 0.104133817644759 -0.220088477744669 -0.0395961978987153
0.0742578810275256 0.10974106217093 -0.237800217932143 -0.101300288279075
0.0352817167081193 0.122625408041041 -0.240630265018541 -0.180832465853983
0.0389095521080917 0.0857866552088942 -0.192862923084634 -0.258071821129558
0.105018581033099 0.113898642031334 -0.0581682631593083 -0.260259100088593
0.0668342983918181 0.268019498194075 0.0143761623207779 -0.202400737466072
-0.164515829202888 0.283627986289656 0.0450301109520377 -0.0125976452107275
-0.381697353740347 0.170875434447916 -0.187947138497047 0.253854643037652
-0.484718531119502 0.151233170399935 -0.100307209565693 -0.0141761717557478
-0.417206798853037 0.16274312038478 -0.618493031997767 0.040688972989385
-0.289668517643747 0.309222001722269 -0.262468046168294 0.340964841326947
-0.076846622545475 0.300169841193897 0.0493440093885207 0.113064029092401
0.0206882741745967 0.203217956856198 -0.0798263412043179 -0.129647426176833
0.0567676478997206 0.185268344937703 -0.232141995251803 -0.100575209604198
0.135649897375768 0.161631076088005 -0.243781145806694 -0.0131593999717585
0.14922143667378 0.116846818438139 -0.182693438012048 0.0148058610323833
0.176510001799667 0.126274267221143 -0.190875863892253 -0.0527119133155358
0.131351230433905 0.187776428099856 -0.188319566362353 -0.153455215486436
0.102763755806981 0.202273152685051 -0.150181197925054 -0.258518521050309
0.0799058868209709 0.267323738917673 -0.00274322890309969 -0.273254883876764
-0.0126502008178717 0.365774265530529 0.0834422401179132 -0.196456896563656
-0.234193322458743 0.329048849287309 0.111085812385806 -0.0280455213653376
-0.426142184075633 0.261895040614756 -0.0616029465550432 0.215563200023955
-0.41966206710429 0.313586689862597 0.0557692880513453 -0.0640189416548133
-0.346243318713466 0.251067806994054 -0.537375690433979 0.0479376037283986
-0.288643468337185 0.378506986454272 -0.210378522683957 0.421953342536336
-0.0938467507821941 0.423103056523486 0.119776453385576 0.183571124994103
0.0891439628696705 0.32473377824431 -0.0287985142609082 -0.076084847817677
0.165419167719851 0.237138000785675 -0.180622596492194 -0.0444209801000712
0.238190130760629 0.1608741693124 -0.189310624591934 0.0438218343101042
0.223913567389148 0.109745888446896 -0.114631415991406 0.0693376640195103
0.245777979439393 0.123639029884064 -0.11794340661258 -0.00244335605594008
0.195525599196418 0.226407102542649 -0.108234175013511 -0.113713259701564
0.138380553951693 0.286778188706523 -0.08133837739647 -0.232286832001066
0.0318860486418805 0.383358132633433 0.0641592223277743 -0.261009113873082
-0.105445950580376 0.417125130907728 0.161143863405561 -0.189411386467526
-0.28744189721261 0.320473558970592 0.203318845902752 -0.0598127309961195
-0.414927111155051 0.305104417406662 0.0898717676123029 0.160268981897572
-0.277831078885258 0.418163550633265 0.180443349297376 -0.150474404796753
-0.206317150271649 0.273311920982576 -0.427953483624943 0.0471686010593795
-0.231599125579023 0.365688050371644 -0.119555143812379 0.447814055108223
-0.0833744594245245 0.457008328075641 0.178380506448435 0.218337686659826
0.147905414129021 0.377491868052561 0.0310433507324124 -0.00582037519470126
0.250385602780621 0.24220841749447 -0.0902390148398426 0.0292931972409619
0.304385440591052 0.133536459488052 -0.0939199633632156 0.10070530754545
0.264557815772455 0.0854650806471101 -0.0275175465599965 0.112072569797763
0.274805550214348 0.103544352396338 -0.0335195822643283 0.0411389470847622
0.222882867840275 0.229956475601948 -0.0176343269878305 -0.0645627590369287
0.137708056330962 0.32520338040177 -0.00023156210727386 -0.177022342158196
-0.0380337595201182 0.424716667080691 0.131747285914506 -0.209796544927058
-0.193699002378954 0.385243649633813 0.232414483646804 -0.160761828264012
-0.29863603994076 0.247117934561154 0.306315671416105 -0.0864062325350149
-0.338742167927108 0.298916163203452 0.244149647285759 0.103018290653225
-0.0905302943825307 0.414012927653196 0.251464557584033 -0.244734764698358
-0.0603835574184912 0.184501481644576 -0.30902355852396 0.0414098062952919
-0.184400526901796 0.262673186028126 -0.0189179351619972 0.414405761989725
-0.0886612301679766 0.407303126227506 0.206731058728624 0.216882367399224
0.167347885454596 0.35992801697419 0.0858692058554023 0.0663625957790474
0.283153238124963 0.200490096074815 0.0205967946504767 0.103621520002247
0.315179952869035 0.0870433035181687 0.0221126067776706 0.145367634669237
0.265698674972379 0.0501815828258977 0.0634486785005775 0.137306321437349
0.26822345997919 0.0669901241388843 0.0466089290233298 0.071531816565932
0.220907450064097 0.199190415402272 0.0632064851527213 -0.0133212616210938
0.115097259663159 0.310999363328605 0.0729684341462055 -0.0992043514615485
-0.111615566293257 0.383333875199931 0.174681683994567 -0.125354079488037
-0.242316885652954 0.269959059722162 0.274255404077069 -0.109678676703726
-0.240581385128919 0.132956333587904 0.40158855199509 -0.0937106909813144
-0.202379684487404 0.266490306217977 0.377732716203237 0.0593440023428652
0.0952967916695857 0.30574138050574 0.265993759493514 -0.312825892171506
0.0372069463551937 0.0239176964563941 -0.199384501014897 0.0322905065536185
-0.170986846941287 0.120398334166939 0.0503422335346891 0.339171897675816
-0.10814004891579 0.310727737207014 0.19216936263076 0.202636746127187
0.14785745906274 0.285067695479424 0.12742696951155 0.137691940877066
0.253891186656619 0.128183208359202 0.130019032995005 0.164041612578913
0.266531202978524 0.0329168768891197 0.137085211884501 0.169786734635665
0.227535296763545 0.0086955331566958 0.14367399441247 0.142227392594512
0.233859024364237 0.0201130723933443 0.118198890911324 0.0867998878146072
0.202864172372512 0.1438275067638 0.128248309349929 0.0326130567995076
0.0902768785960984 0.26144035421882 0.123100099358416 -0.0135627290707373
-0.152559334194986 0.283895647498291 0.176271130743297 -0.0315094502579492
-0.22404274867131 0.109454583427889 0.279031788040928 -0.0623438759808771
-0.110424699188776 0.0250950953641258 0.481350953169766 -0.083699871588932
-0.0282301597175944 0.229653674505885 0.470092774141318 0.0332447496792489
0.247840824660888 0.135013784567577 0.235755933317525 -0.332866768854648
0.0899108258228187 -0.139703376896962 -0.118816673242701 0.0211608699520853
-0.158242256783236 -0.0160296330186539 0.0650890196067874 0.262189373874792
-0.118206586227912 0.186199480395478 0.146102930326859 0.205880720255994
0.097008722589146 0.174140079150937 0.15939660650892 0.205858713815545
0.175038244257535 0.0414286827935018 0.218914641590594 0.2046057009794
0.170940356175395 -0.0214307309672012 0.225243934965983 0.169702734708906
0.156083555097119 -0.034184230828621 0.203012988095363 0.126287564479889
0.177215542496533 -0.0313730203652791 0.178118386266996 0.0858530867334406
0.174176739226988 0.0739617015079819 0.178321611092612 0.0684784643157172
0.0701601031019123 0.189204096291909 0.147033821803491 0.064723688279937
-0.146731711010217 0.157833906530488 0.140988273636255 0.0349891226664413
-0.133362232919677 -0.0375003653225545 0.26246210103887 -0.0569247991920686
0.0622870930654552 -0.0353274730173014 0.548615802894668 -0.0748030462842283
0.149300009024445 0.198681854035669 0.505540292727045 0.012089421961049
-0.368923109542569 -0.117289226183776 -0.378796489370688 -0.00450193983500918
-0.264195937349036 0.0542250817853528 -0.644466192519504 0.0416672553909263
-0.042298452903873 0.124832698912066 -0.272838229061689 0.137384771327424
0.0726893713248514 -0.034271664755925 -0.0955676521317995 -0.00342361618460888
-0.0675162814605769 -0.0857956776283924 -0.13061350395754 -0.112860764216156
-0.120318755645526 0.02813113279084 -0.218100748482212 -0.109087823523927
-0.0803608788534422 0.0888873651188368 -0.229645500972223 -0.0794253676444673
-0.055883570281435 0.075567474787642 -0.220588196990495 -0.0875130961291522
-0.0461891384944835 0.0787893887454818 -0.242587432111326 -0.142680392805332
-0.0745459419835585 0.0426316623618299 -0.250397310952971 -0.190725683682674
-0.0351813788159027 -0.041385454129518 -0.203416869163938 -0.235900155886435
0.11509536026227 -0.0449849129023466 -0.101100661544375 -0.241464152916614
0.125321247680744 0.154821179704685 -0.0395331280761885 -0.223981924509278
-0.0985621234263042 0.197185726942583 0.0224821660665176 -0.0251394405193502
-0.288555297703215 0.0410636629245889 -0.269341471778692 0.261759572506973
-0.459676185052655 -0.00539756252195989 -0.25488665246155 -0.00599931122019597
-0.385228307817048 0.0861768686046832 -0.655023186742395 0.0342763186104082
-0.196995381060889 0.215468620236956 -0.271243032880071 0.234400748733056
-0.0125492681185548 0.131812352408502 -0.0191551860722126 0.0365256454029199
-0.0338372151940669 0.0519308803357677 -0.113532404237484 -0.144127583033693
-0.0437930264226816 0.108170878467178 -0.243263950978764 -0.118339146982457
0.0231957035958453 0.132799622944049 -0.252509919129041 -0.0521991752564926
0.0499248100966419 0.104839425309809 -0.21610839410682 -0.0418807498774984
0.0730522556175651 0.109848718375891 -0.234960604500804 -0.102767447260465
0.0357670379256886 0.124553603708218 -0.238588422917703 -0.179025778016521
0.0367757881058237 0.0868535732287991 -0.189572249008138 -0.256886285027066
0.102465906658426 0.111547163891459 -0.0565233741855074 -0.261842870356348
0.0670506524648461 0.264765137554326 0.0143626744774754 -0.200953826441161
-0.164873330574956 0.281275810995352 0.0461637183243294 -0.0118413223006982
-0.379203852524871 0.170377594568217 -0.183901860282985 0.252958557962458
-0.479444611517106 0.149149564771547 -0.100484275273363 -0.0200187417362898
-0.418445239364714 0.159839540034877 -0.620393619709481 0.0395275674109249
-0.289429449164134 0.308123393434816 -0.259475714217299 0.340740438934309
-0.0778272632711775 0.299501519724907 0.0518947626412358 0.111355734284095
0.0179790534731538 0.204130294117733 -0.0794253943899182 -0.127727437859513
0.0571557184742632 0.186516795376699 -0.233098606890508 -0.0955560095668527
0.134346268304168 0.158868714105469 -0.241447912809442 -0.00732816855451881
0.147941781974817 0.11701868661573 -0.178422691758665 0.0130315706416687
0.174381290754367 0.125810085972745 -0.187340505150951 -0.0527397629917178
0.131791359783275 0.188230302747047 -0.186775610983162 -0.152269696918357
0.100212614890051 0.20321105069065 -0.148514637793052 -0.256699026413247
0.077819095625847 0.2654732691589 -0.00151445720971713 -0.273636058598403
-0.0131205147166577 0.361690904453221 0.0851853598827764 -0.196241920694581
-0.234713083695525 0.326256899532969 0.111945232895516 -0.0273790997327405
-0.422688620215631 0.261132970084016 -0.0578768410781994 0.214918757175338
-0.413862699050701 0.30980597976683 0.0550732230148346 -0.0693305087407557
-0.348198379804473 0.247863258912899 -0.539004113247323 0.045848008183855
-0.289296410083758 0.375792279862426 -0.207983247593707 0.422968701868254
-0.0933839668415191 0.423355045238148 0.121424049331598 0.181953412426793
0.087200939786342 0.326060999330864 -0.0284897226448528 -0.0747370261424027
0.166206782283734 0.236903297872651 -0.182483540894181 -0.0409939248717883
0.234840169028233 0.157231711061398 -0.185317527792219 0.050695070685387
0.222003352812811 0.10816133095587 -0.110734819501971 0.0686531462567283
0.241408635530482 0.122819003772663 -0.11430668486379 -0.00193308218376995
0.19600116727098 0.226054079623065 -0.106494627019951 -0.112588711309118
0.136153566207511 0.287679712874697 -0.0803416703187991 -0.230547920586262
0.0311261874135833 0.380851000305431 0.0652008535575743 -0.260690782889059
-0.105251385646482 0.413812942029392 0.164202604710801 -0.189149046020699
-0.287764885221627 0.317632895586297 0.204893509353027 -0.0589307982866983
-0.410815717802324 0.302857444311554 0.0925815474814655 0.15955482820172
-0.270486941603779 0.412153919088742 0.178177251065671 -0.154574236984987
-0.207492759902319 0.268780751180016 -0.427935010804147 0.0461653786110626
-0.231504160599583 0.363679159003471 -0.118065927673549 0.447781492879156
-0.0832537744408844 0.457241676484239 0.181531010725828 0.217736944636636
0.146709662047152 0.379422614328518 0.0304239633100917 -0.00511538910521743
0.250686057744776 0.241092965250815 -0.0928707433308228 0.031426084062073
0.300024691882675 0.129005290124868 -0.0909423056940208 0.10722174083475
0.261764468050992 0.0834200749933839 -0.0241960576574955 0.112540935326805
0.268858895042875 0.101898201379743 -0.0311800441533319 0.042522815656199
0.222330637686857 0.228279462148683 -0.0173125749168375 -0.0640382497995062
0.137723928914278 0.325472368584438 0.000581218677185845 -0.175135618501603
-0.0379432129528792 0.424340211824817 0.132746317987876 -0.209961082593066
-0.1932926738771 0.382515970732364 0.23603969724981 -0.160501450036898
-0.29928871922221 0.245752632020668 0.30775616548633 -0.0849009713178356
-0.335340628593431 0.297700674111403 0.246352818506326 0.103839139287211
-0.084900977188771 0.40949622482144 0.247958601937001 -0.247850240825874
-0.0633955597274758 0.182008711217662 -0.308616112935796 0.0416236646307352
-0.185395980270349 0.261727544256979 -0.0180533430624856 0.413869492591962
-0.0876757211229756 0.409763158000316 0.208274842727861 0.216430940920665
0.167117805510542 0.36057131438 0.084148678598392 0.0667738293691407
0.282351756943239 0.198830059795476 0.0182616886370851 0.104524848162104
0.310496519105023 0.0822584984585052 0.0252774485016398 0.150335200750105
0.261938961659371 0.0473604229863793 0.0650912558296615 0.138685278078784
0.262704696047921 0.0646083505678683 0.0479794172790999 0.0735343069540537
0.220066536738351 0.196093484988 0.06288423972346 -0.0137230295977528
0.115841118370529 0.310973344128849 0.0721032285425063 -0.0975463613506131
-0.111186761203417 0.3838450183254 0.17574665312088 -0.124169799456543
-0.24294791457527 0.267158737157238 0.278132520456125 -0.109025601037716
-0.239928450499658 0.131893757477912 0.40284892762408 -0.0902090464971095
-0.199215093315512 0.263601175227558 0.379070311132975 0.0604630849981531
0.0997519702208529 0.300846359616301 0.261628039262954 -0.313426295603302
0.0337579036426582 0.021230139092677 -0.199014452793322 0.0339715056963253
-0.171844094127174 0.120391059824302 0.0512817423951185 0.339259084431983
-0.106504655111053 0.313217121687842 0.192584445499291 0.203597561534044
0.147561019110855 0.284529942381994 0.125129297877876 0.137876897421741
0.252428049541905 0.124598035780517 0.127786476257159 0.164328440854386
0.263379464305967 0.0282569829685319 0.138975076704097 0.172515146125166
0.224101070934575 0.00567778310111767 0.144070719948245 0.144977727232063
0.22898384201511 0.0177384718579234 0.116441571988183 0.0886380652245368
0.202524534139795 0.140005699847142 0.126816097788303 0.0313283631295116
0.091983521276833 0.261142695429609 0.122578804186358 -0.0130057283003452
-0.152104407326681 0.284418957696399 0.177371455460064 -0.0295700904556331
-0.224510091872471 0.108474516178278 0.28161823488266 -0.0607974111009753
-0.110267174559719 0.0245120162304297 0.481368841775927 -0.0796434857184326
-0.0267080378360681 0.226922986177681 0.468414861742213 0.03673472642332
0.250106133048767 0.131924926629157 0.231368415610803 -0.333530458612286
0.0857547012340668 -0.141673967591389 -0.118434866147577 0.022354085365206
-0.15901895536892 -0.0150933401465702 0.0640594074298397 0.262660763766327
-0.116239925492247 0.187634583106221 0.145808964424563 0.207249030425849
0.0985109964897076 0.172935829381905 0.156676348480514 0.205649220714173
0.172836480717083 0.0376922350588818 0.216616183560063 0.20336451021869
0.168760611899575 -0.0249409619902826 0.225193893489491 0.170202413611191
0.153430348386076 -0.0370636179443335 0.201330391789997 0.128934919758024
0.173450457623848 -0.0348720886682665 0.175436204980335 0.0865469624689532
0.174627216359323 0.0702286861257373 0.177468687034619 0.0661579940974036
0.073556887688712 0.188556901877986 0.146920419040958 0.0642114541930646
-0.145258242018985 0.160085777202083 0.141950992050261 0.0380966494942276
-0.134044703120101 -0.0370523310735267 0.263551353716381 -0.0544138565444342
0.062975101091368 -0.0349706330999139 0.547133244196992 -0.0718357966824072
0.150078374686953 0.196059778552163 0.505228282672948 0.0154125819529191
-0.377549189537699 -0.113466847131452 -0.386464168174471 -0.00870682128307695
-0.269752285121049 0.0572317215679104 -0.660420596213612 0.045919478322874
-0.0412366820467501 0.126576411173262 -0.278013833302757 0.139563988615907
0.0722827068490999 -0.038235007262068 -0.0961446346848518 -0.00464674938411419
-0.0723629711277237 -0.0850334356077112 -0.133006661244005 -0.112468701010032
-0.121324965007404 0.0332679384784218 -0.2238300959994 -0.104857502449487
-0.0793755561659926 0.0922380359927382 -0.233539667687262 -0.0759488708907994
-0.056156366013689 0.0799366679814578 -0.223897053031601 -0.0896663494276387
-0.0461820940194848 0.0819198996458347 -0.247747352070695 -0.146747669706982
-0.0761820854828595 0.0476367465497333 -0.254737224900336 -0.192552255391165
-0.0382813147197844 -0.0412348750958968 -0.207097539100987 -0.239381800946567
0.115061974691666 -0.0481099248895567 -0.1043242957054 -0.247570200846973
0.130555353185781 0.155055064084421 -0.0435490624677458 -0.227641928157192
-0.10065491438663 0.201227063912523 0.0233722116194168 -0.0246882113651663
-0.294775916157408 0.0449944891750155 -0.269246520482744 0.269627816434266
-0.466978265369321 -0.00114320979032156 -0.260459965562189 -0.0109320953898284
-0.392767287547581 0.0894331284597329 -0.671352421331446 0.0381450291766391
-0.198791333047542 0.220585406901343 -0.272490081676754 0.239583617888748
-0.0128255127115556 0.133488024649826 -0.0177951277691375 0.0349477068281142
-0.0367643269520145 0.0548867355509346 -0.116937490159525 -0.144599599242229
-0.0423864473347731 0.113958519742769 -0.249597405152489 -0.113473528386174
0.0240753548707045 0.135446221920383 -0.255741467337926 -0.0463205044557757
0.051596587828808 0.107691173963019 -0.219124188886961 -0.0427870847689971
0.0749873403905435 0.112936523155358 -0.238309965117062 -0.10537568024271
0.0378168359959961 0.128864780207487 -0.243316591038409 -0.179928229102603
0.0357226411957101 0.0901898657886282 -0.194431522782466 -0.260086765501309
0.103124587710614 0.111580414567731 -0.0585780764253498 -0.268100289141708
0.0719008710110687 0.26800548388633 0.0138580027971423 -0.205213642852603
-0.168026307888851 0.287410622227882 0.0482885976649721 -0.0115851463006398
-0.384947235606429 0.177476671040687 -0.182197783408701 0.259852450616876
-0.484156885071524 0.153941377191138 -0.102475539137279 -0.0267197769865642
-0.426529299439932 0.165511937280804 -0.636186910384864 0.0429192788316762
-0.293200236624262 0.316290323688186 -0.260341472075054 0.350949436672137
-0.0783938226206952 0.306267043812908 0.0565413134169638 0.112136858439894
0.0170239337711851 0.210488165813147 -0.0811042470383121 -0.129566441493096
0.0606754645337689 0.192384739038123 -0.240647653684515 -0.0908951552665339
0.136033601278139 0.159656198679974 -0.242108256317198 0.00119082031238221
0.150839374196251 0.117540824569263 -0.179478440940755 0.0139471893559046
0.176281486950865 0.128118516784097 -0.189141195644412 -0.0533125879092182
0.136745418922641 0.193491565431178 -0.190386380717169 -0.153340139156701
0.102293275905867 0.208703741740911 -0.152763515484358 -0.260788147990529
0.0790757520577394 0.269759275750295 -0.00322038438481402 -0.281354856519411
-0.0102762999712491 0.367561571335453 0.0871736227174087 -0.201677027352147
-0.238939486691809 0.334001079162708 0.116211077527706 -0.0280596934045634
-0.428012127573161 0.269735335586699 -0.0541625351758163 0.220033870049027
-0.41495645625468 0.317113774494964 0.0544986407843257 -0.0770916543215799
-0.355045694088172 0.254363250785235 -0.551566923626202 0.0508973273407049
-0.291886360445201 0.386479070406614 -0.207708166827262 0.43465268440969
-0.0930740522449244 0.433961924590712 0.129360421885009 0.183698551612522
0.0890068611979139 0.334642442643805 -0.0295328468978884 -0.0759941569159857
0.172311743219914 0.241128876523138 -0.188667848343505 -0.0366091608904886
0.238016703421791 0.156025843738439 -0.185138104631588 0.0597664631072213
0.225584125977133 0.107414648051921 -0.109867610632934 0.0699907586811878
0.244150043246005 0.123883127683808 -0.113830160806212 -0.000589177216165768
0.202932173814266 0.228973894564323 -0.108869047232193 -0.113695510888845
0.140161637666231 0.29481437222541 -0.0836571861857652 -0.233540993894344
0.0332480309249873 0.388949084869378 0.0658582664115661 -0.268187126769768
-0.105254265009109 0.421927529813605 0.169825739403169 -0.195699396568812
-0.292573990902399 0.326062781397333 0.210732836897394 -0.0611853524607458
-0.41567887804657 0.311455576009719 0.0989415441396303 0.162795525606364
-0.268220744822262 0.418205801112295 0.178328132888929 -0.163175932993285
-0.212312132971208 0.274375307621915 -0.438597087385367 0.050713040326369
-0.23532933938451 0.37356769752698 -0.113863617228761 0.459720444739633
-0.080844751122983 0.471697748568888 0.190506275877509 0.219924977405903
0.150483668595911 0.389203556839839 0.0307914180005071 -0.00532426741794644
0.257891076168956 0.244698142541894 -0.0970184703214544 0.035441749845382
0.303285403604879 0.125741659797823 -0.0870230697547499 0.116536849799252
0.264704018073378 0.0808740185298667 -0.0209926707926653 0.115545106906552
0.271403973661906 0.101699195961421 -0.0289300305126399 0.0446253251878132
0.229576607254053 0.230412843451607 -0.0179707090402391 -0.065096134161918
0.142806898209779 0.332637041976932 -0.000450813527780597 -0.177937936211146
-0.0373357570413035 0.432644991725886 0.135261803778241 -0.215237218165256
-0.195081315273706 0.389977856912073 0.24325094214511 -0.166468845859834
-0.303141668753101 0.252903156387286 0.314997693745878 -0.0873837605518474
-0.337980597552132 0.303941670031317 0.254912216137509 0.104826532362709
-0.0787601688303696 0.41332564302504 0.248153535912294 -0.257333435328889
-0.0665772616489554 0.184000560799288 -0.315671112160362 0.0458208177347095
-0.1889548244709 0.269235878409583 -0.0128324955772556 0.424219494719475
-0.0861764333023129 0.422150228718746 0.217390080382665 0.219288278284345
0.173483472515871 0.368497358261124 0.0849194286198288 0.0678836315527681
0.289380894534026 0.198325691806757 0.0165765031672136 0.108463604373134
0.313822528713117 0.077701608050425 0.0311454398556556 0.158581471116722
0.265181617104878 0.0438437746084153 0.0701069215362163 0.142611156380029
0.263827070910385 0.0631353935824669 0.0511358238455691 0.0769046883456659
0.227245872784074 0.196747360649132 0.0633704941976036 -0.0148577582362777
0.120856580423791 0.318192537159266 0.0730078499634815 -0.0994235273144849
-0.111370301948469 0.393050213536497 0.180306684671926 -0.126530635433961
-0.247715697379805 0.272889739136832 0.28697291303843 -0.112805233507595
-0.244512462781684 0.135719825851108 0.411748038189694 -0.0936902038412343
-0.198952986846321 0.268685909964661 0.389536138872098 0.0605381249115677
0.108041984252138 0.301402508330256 0.260710732236449 -0.323193556860231
0.0312022433052854 0.0190503442397149 -0.203197415200703 0.0367120186089505
-0.175442592261317 0.125117246505466 0.0558417837207162 0.346947556260151
-0.105205016253391 0.32343477197297 0.200167923303297 0.206320115626877
0.154771009303093 0.290802323126764 0.126345910000652 0.140493355191541
0.257713907540418 0.122204853631093 0.129283615325035 0.167345011904312
0.266053387185214 0.0229818289339815 0.14533907206942 0.177871859526579
0.22618027474379 0.000823478087084337 0.148854163451906 0.148926786890499
0.229848639204586 0.013797363646724 0.119373014645708 0.092034590040146
0.208367875974121 0.138374027299795 0.128272650302356 0.0295876384704721
0.0979702834551963 0.266441265647285 0.124677715275723 -0.0136387517985974
-0.152429940318572 0.293916516394888 0.182443014695425 -0.0293850016573169
-0.229764941720937 0.111559829864594 0.289804233278367 -0.062750653087485
-0.111360715858931 0.0253328498107128 0.489995080357735 -0.0833472393031306
-0.0231916481623466 0.229625873888002 0.481268253680229 0.0360555488913795
0.259650725273943 0.128388321374976 0.228976883034949 -0.340378287512674
0.0832920084968758 -0.147183535690202 -0.120913690756211 0.0252730630830372
-0.162875320371167 -0.0132552694399896 0.0664512304995416 0.268906888694512
-0.115621653663218 0.19490800980413 0.150742445968205 0.211952104217853
0.102966181688191 0.175148708336988 0.15930104519969 0.209021123216977
0.175082465688173 0.0330141224899061 0.220400373958444 0.205729732672213
0.171388255035462 -0.0299145585595202 0.231060866439945 0.172999385592529
0.154450963424293 -0.041875961567397 0.206748087340964 0.133538377227837
0.173748504100665 -0.0398014234582568 0.177417383650295 0.0887014192050664
0.179108488214306 0.0673833288077994 0.18078692293396 0.0637774054843984
0.0797069780289297 0.191920602910606 0.150392000840891 0.0645586785903579
-0.146433319823847 0.167143408863783 0.146483836299736 0.0403940591051909
-0.138126542966371 -0.0366754847165401 0.270138114076785 -0.0557590653468323
0.0647552366753059 -0.0355121556876503 0.557814516952847 -0.073657795117338
0.15654784162719 0.197730800107784 0.51723390369821 0.0167216633385506
-0.392793152952535 -0.0581455286211229 -0.384724308235086 -0.016116082764555
-0.267950498895254 0.101616750733797 -0.678171029861731 0.0777290426802671
-0.024316382404825 0.136043212425749 -0.282786248307369 0.159967941999216
0.0650748930859325 -0.0492554291828276 -0.0964487961182501 0.00848015760974016
-0.086963460502508 -0.075351819673665 -0.13951081353419 -0.108067234974745
-0.121201088134282 0.0502243848410938 -0.237658836069598 -0.0896122386574175
-0.0705272926369853 0.106287359216064 -0.24492029024189 -0.0622837742715266
-0.0506829544153168 0.0880484251759845 -0.238897880480654 -0.0744412502266722
-0.0373395249374354 0.0898558399408606 -0.271784879545681 -0.13405652544825
-0.068914151103594 0.0581482714897251 -0.282654827669304 -0.183050722133545
-0.0417136097548487 -0.0375096275831046 -0.235413726469956 -0.234480903524774
0.113428440629812 -0.0643042141327704 -0.133268859529815 -0.250303537889048
0.155399310631265 0.142995109891423 -0.0747435107937296 -0.239492634811239
-0.0863238076238559 0.219649393771511 0.0360871084738455 -0.0347316562581032
-0.309361312145581 0.0699316868335054 -0.240680886315076 0.309079914417347
-0.466813132422495 0.0603261728994716 -0.265422250029721 -0.0343689052366146
-0.389287533389631 0.147618755087067 -0.691105290805836 0.0637518423575092
-0.170639301081551 0.251780660091479 -0.274801251680303 0.246488980001262
0.00362684339274531 0.135944723533089 -0.02356423499974 0.031201373613792
-0.0362333875872215 0.0615012520911418 -0.135212711268592 -0.14017711463654
-0.0344647159896494 0.124266057976643 -0.269735275089129 -0.0931280272197994
0.0393894928859585 0.137399019555112 -0.271197515398121 -0.0253659896085658
0.0595023956927637 0.106857236865452 -0.228422422060156 -0.0235202834183864
0.0881835452181824 0.107359214736458 -0.25713065378399 -0.089955786572669
0.0560312427128716 0.128606651762963 -0.272444116923153 -0.170692932504935
0.0484403576039191 0.0889342294586696 -0.227501322183616 -0.258136690679542
0.119975978789965 0.101096859859282 -0.091775995714749 -0.2819813012799
0.105495873979505 0.265766490702366 -0.00943977483824391 -0.227620764340443
-0.14887184314276 0.317126840181463 0.0710275997470019 -0.0251183456273412
-0.390916627310609 0.217494034363529 -0.140696156111372 0.28856314046932
-0.463961754119834 0.214535686777474 -0.11708924076674 -0.062903672818006
-0.414086669435112 0.225827943222299 -0.657667012795946 0.0654202080520414
-0.253622243957561 0.360387834561879 -0.257741328889679 0.350833560464104
-0.0381964249837179 0.319836523035314 0.0462618928885599 0.094749119141482
0.035369962921111 0.213202056195482 -0.108569320852835 -0.124321928472979
0.0781202029991912 0.193269197203596 -0.264100567161458 -0.065520038760169
0.155259533598939 0.147092989568014 -0.258363461315665 0.027513270100824
0.160219484519781 0.107060629276616 -0.180778445968799 0.0326803482539957
0.192852258466417 0.11005596530383 -0.200399511457371 -0.0398709674665326
0.16388170147897 0.182598406236631 -0.216610444866012 -0.146868446924797
0.128737413596275 0.201434964389021 -0.187166026583897 -0.261580351383145
0.114448510445526 0.267598579159386 -0.0358077717040457 -0.305297740593523
0.0308107336505409 0.379209060510619 0.0726863950008607 -0.236720650885467
-0.218716876924977 0.373682400747846 0.146567381324768 -0.0491123964183565
-0.428562522431808 0.319772304959133 -0.00426764561515068 0.234622608107801
-0.372664390815969 0.364899879520324 0.0280886944368434 -0.119866155478964
-0.33182627496368 0.305846255322981 -0.577726103001282 0.0706466938699976
-0.242874140310656 0.432046490341119 -0.203077936058633 0.43246598469406
-0.0339818159192987 0.452575879068283 0.115985689550535 0.158756130023642
0.124825706267869 0.330378263564667 -0.059495322688187 -0.068669279677355
0.197338761694247 0.230863289853989 -0.210837583466599 -0.00956008603873622
0.258794532219393 0.130017649181286 -0.198150909906544 0.0887720608448509
0.234693423220694 0.0898665931136098 -0.102981025751177 0.0856535446953971
0.259256818060278 0.0976466224363555 -0.11661321388549 0.0089980739641005
0.233726590155315 0.211474429851785 -0.130106203828263 -0.111113461121711
0.176994506360451 0.284975072668222 -0.114954444327862 -0.239993696795791
0.0810420453821916 0.395681284110397 0.0372852286656158 -0.301910183569182
-0.0622759185849633 0.445425114678812 0.164609681039228 -0.241002191822632
-0.275082352012311 0.371079858965496 0.246397306508258 -0.0899428863934073
-0.410919324351531 0.365332198452134 0.152430116127199 0.161655662826511
-0.213015500296987 0.442871745869567 0.13977565632538 -0.206058922672241
-0.18590829004248 0.307249975310219 -0.463235544480111 0.0731191934548728
-0.187069631988096 0.411466491101637 -0.104907901960021 0.456177301413875
-0.0153950210884118 0.490086621953029 0.178234133726842 0.190812153805674
0.194685644166509 0.377058565235288 0.00372900104368896 0.00206172213061625
0.285867128046718 0.223358913380296 -0.112595711091609 0.0606453211395994
0.32199416422921 0.0893793062905716 -0.0947136082862422 0.141192007839006
0.272110295328189 0.0581111871870128 -0.00695968257104771 0.125638269886832
0.284124373059626 0.0720302459968745 -0.0235780512760797 0.0502848953308624
0.260481993375335 0.208602308439732 -0.030585872911654 -0.0686093836788685
0.182215085620905 0.322316565204668 -0.0242145509524262 -0.188950388722995
0.012497136359265 0.451660186529865 0.11767514125268 -0.254064449338935
-0.159554623272005 0.424271462076512 0.250500089544984 -0.217124690156882
-0.29416421572354 0.297433950298343 0.352892128873695 -0.122319292202709
-0.327690586421869 0.351314071916593 0.306080059979908 0.0876699777225135
-0.0245577283515363 0.411543834051256 0.203462413988767 -0.290502421111422
-0.0499502393749277 0.196475730542921 -0.332684211088513 0.0669050508084822
-0.152966389683134 0.299391405874942 0.00211575621485958 0.415919433911672
-0.0254198465600514 0.440277727300326 0.209422034336644 0.189179868221208
0.219089323381945 0.354541460053802 0.0657996247364135 0.0747129064704535
0.313644578486921 0.171647180072756 0.0118161901769307 0.126865951437398
0.327476355455842 0.0384423437006583 0.0312237517772542 0.175802371334914
0.269480142792421 0.0193532999563866 0.0895961107754849 0.145931133779467
0.271372606320301 0.0337118618905353 0.0613477732236294 0.0775440302225373
0.252599134306545 0.173655183195223 0.0588300429287042 -0.0228214835553927
0.159144555054447 0.309866941557726 0.0609292653592937 -0.113741741723184
-0.0679688307725789 0.418534079400814 0.176846369173797 -0.164128246072053
-0.225171268949337 0.309913216096881 0.304343938390556 -0.158796656586292
-0.24315636049775 0.172207445833742 0.445902316212735 -0.13202027977719
-0.185357590138842 0.302875735642371 0.433653730093308 0.0309814669769401
0.145901367784483 0.276420091204257 0.218102678100396 -0.342182091771385
0.029155841842298 0.0179837780861275 -0.207041397785761 0.0560598488724285
-0.158223600573806 0.150700219245315 0.0781198226733095 0.333633864589988
-0.0581141324733849 0.343529703314995 0.198536471002788 0.178553296738604
0.192871232202218 0.27672124529089 0.119439271431525 0.144563290100142
0.275020065595313 0.0959858473508763 0.136231363542381 0.174940454809744
0.274355054929549 -0.0125316395818471 0.152677156194752 0.183883770305951
0.227177194719412 -0.0210631406453269 0.17063274002624 0.144516183274731
0.230941603873858 -0.0134493401814205 0.133225182045756 0.087535943619916
0.226515575410361 0.116370213548735 0.13133563637347 0.0185334541692241
0.129864563219765 0.259367258762048 0.123161049425257 -0.0273281447494085
-0.122569039583976 0.323299445427567 0.191032310970874 -0.0583722482858052
-0.225401952500059 0.1435295795235 0.311564089959867 -0.0974897631759731
-0.114956291319402 0.0452177148133934 0.518287336056073 -0.124387494207445
-0.00361983424726096 0.247506712921209 0.516614377746726 -0.00564473761036489
0.274123008898958 0.0866475372875024 0.197654017512542 -0.345402236853495
0.0624263747969927 -0.156327663413596 -0.113863180085334 0.0410835491357545
-0.163029813108215 0.00943751563816401 0.092159713386564 0.255476780922441
-0.0860400870236644 0.214611441741596 0.158814321571475 0.191737603213485
0.129874254030908 0.164912429598941 0.166395025863637 0.208561140459232
0.18378467621522 0.0125730726562795 0.237686774197936 0.201071562415333
0.172109177333702 -0.054751328784485 0.244810311583392 0.166881246849784
0.151412074231271 -0.0584596577721937 0.226339279660253 0.121899140963999
0.168508140584866 -0.0626153571368544 0.192042863813531 0.0790060931862271
0.189043040691192 0.046450170561458 0.18901761994206 0.0504906000435333
0.10353074903954 0.186544849069823 0.159374345226028 0.05267861488439
-0.131305509878355 0.192684111785506 0.161355374679242 0.0241211112844236
-0.146668682324497 -0.0172276351026006 0.288098937889266 -0.0805061461705802
0.0628398518379568 -0.0335803375395477 0.577100625746484 -0.123852031632993
0.182132760563724 0.199557269716112 0.541767898988887 -0.0319119933077177
-0.401536140482969 -0.0334399898832948 -0.392827895542892 -0.000655917260157681
-0.2649999166224 0.119113066215718 -0.684790377082937 0.119996805444523
-0.0154332914461144 0.139132503180861 -0.27774110825522 0.177285300030714
0.0618182174299398 -0.0563569303570926 -0.0967609074446952 0.012378338716471
-0.0939829087168619 -0.0689870885367518 -0.147577055516537 -0.102057565414148
-0.117984658889577 0.0606457308431338 -0.245143464713839 -0.0721470962332581
-0.0640903483825389 0.112657539009774 -0.249588546784555 -0.0473259276601236
-0.0455585516535457 0.0948941112544794 -0.24651392702348 -0.0637543023748117
-0.0316590691859516 0.0957731573408539 -0.284818527649903 -0.121819287290045
-0.0654786559037546 0.0663303743138656 -0.297282743707602 -0.169779601930456
-0.04656683584294 -0.0337548646916371 -0.251658746886433 -0.225591089803337
0.108872963998064 -0.0740368296246571 -0.151935695474642 -0.248451301275467
0.167839840710163 0.133634200541095 -0.091341411251948 -0.237480125115112
-0.0763554389821398 0.228463621589704 0.0366646395975834 -0.0363365081936634
-0.310118870510289 0.0908924623160532 -0.222205958319049 0.328206773651169
-0.467234045472217 0.0894537156339213 -0.273697902232734 -0.0265838410215339
-0.386980691762014 0.172977326421499 -0.700289615850809 0.106465580719973
-0.157925583675743 0.265683017386458 -0.262075440758958 0.265143868515654
0.0110155671674005 0.136009521718855 -0.0210766773021961 0.0307679846421618
-0.0346720243480598 0.0670392943636327 -0.145043880113276 -0.134399553355263
-0.0255773295592354 0.130533778657498 -0.2781471730654 -0.0740775303465947
0.0473654744605477 0.138031525759179 -0.272158793594959 -0.00654913878588799
0.0669302899122027 0.106087693766646 -0.2318821642253 -0.0125137085025172
0.0960899434649529 0.105906039376728 -0.266526901730918 -0.0783351763811985
0.0659996592146326 0.129966949416766 -0.28607285827869 -0.157413915799716
0.0529912738142481 0.0892402763352213 -0.246362221897095 -0.249166400607791
0.125542754028379 0.0953001669199907 -0.110339983355631 -0.283645375413286
0.123685484929115 0.261016869681084 -0.0241936993066858 -0.230298645210569
-0.133687120762259 0.330817332646045 0.0729441879456935 -0.0291962418697411
-0.384476856204361 0.246129219790969 -0.121351778007704 0.300732626912958
-0.454503949112856 0.243400356592212 -0.124877329575259 -0.0632657759764635
-0.408509032739725 0.251578225279073 -0.666926472486806 0.10632461448344
-0.235945019434718 0.382743768755128 -0.238818262164202 0.37111192940422
-0.0197497448449652 0.327257255688161 0.0554923483292735 0.0903453881934754
0.0485467444047838 0.216830280568712 -0.116902314253033 -0.120736693712409
0.0928754812736463 0.192316865837561 -0.272588854271811 -0.0471203861145945
0.164834077212534 0.140540947137054 -0.254835712635849 0.0474148472961682
0.167882847643533 0.100400195340132 -0.179705357238407 0.0431796484303775
0.201359389519814 0.101819886992665 -0.204256040295542 -0.0297118612883001
0.17823005223567 0.176718553365235 -0.227930948525215 -0.135008163806805
0.142521225249364 0.199483807199473 -0.205546226861028 -0.254814486036083
0.129606133992789 0.265313146011798 -0.0548499599800296 -0.310435533024329
0.0544084017746716 0.380685925618715 0.0602227485286415 -0.245491727750499
-0.200019508203494 0.392298761048867 0.148794776426115 -0.0584362906033718
-0.414876862604263 0.351743724614659 0.0135412914117992 0.237316289796394
-0.354206165307735 0.387537606448302 0.0183690901549252 -0.128908057481174
-0.320946652975344 0.328213532508529 -0.584163688146023 0.107859339428722
-0.221706305613703 0.453951989054827 -0.178101502775674 0.451354154523767
-0.00687495807121782 0.462797556735785 0.131535808888704 0.151179623841193
0.146105020934898 0.331350905380985 -0.0649999249028974 -0.0684283477347298
0.21498807234901 0.222738641944654 -0.215979910234322 0.00747314390924934
0.266880474405368 0.116333112603344 -0.187980508409191 0.105120824959352
0.240410246386095 0.0764695673589906 -0.096171659510436 0.0937809877503493
0.267024789594866 0.0850091636974787 -0.1146609835651 0.0162366569786304
0.251312172648014 0.201047861621748 -0.137027340379908 -0.10445140971889
0.197099773835948 0.281391935220793 -0.131037212347635 -0.237093479706263
0.104219000815111 0.398946942317498 0.0204765855478195 -0.310749050573707
-0.0377348458859985 0.45444140297135 0.154719513594737 -0.256914994860151
-0.257189319656377 0.392801399699759 0.247745184519369 -0.106528384419866
-0.39252867571685 0.395003177594284 0.168067150223502 0.153893408978511
-0.186900376469952 0.457055132981183 0.126241560569425 -0.2206582179196
-0.173172061195401 0.321188748723954 -0.467905431592865 0.101360583599938
-0.166063491132659 0.431470020067813 -0.0745887959522954 0.470112285311493
0.0145388429070799 0.499486581633067 0.196174803337494 0.180929232387169
0.221684467445053 0.374659046866357 0.00285044514091722 0.00106712293995558
0.304512294568854 0.207748747672842 -0.112882007359929 0.0722753138573046
0.328063467186133 0.0699953547858588 -0.080379492618599 0.152839966919164
0.276473767882899 0.042312150264297 0.0033234406198341 0.128292008197284
0.289669384237482 0.0561457573443969 -0.0183104798479383 0.0533497167107048
0.277426189519135 0.195142458919556 -0.0345058800637763 -0.0668251792459988
0.20554623931631 0.318212320296682 -0.0351445390736544 -0.190227687555329
0.0402018832663499 0.459398578418458 0.104444122595704 -0.266554338518314
-0.138350225401873 0.438570921589863 0.24388047759432 -0.237309855443322
-0.281067783570851 0.320273984080405 0.353085560492859 -0.144365182602259
-0.309723233806293 0.376407452567886 0.319045536838449 0.070597522970854
0.0011615392878664 0.412008322624404 0.185347178208201 -0.307574187133935
-0.0417342295759003 0.201127920415055 -0.334555547764106 0.0882940946423437
-0.139129705116231 0.314498632089163 0.0308146021360078 0.422668483617507
0.000290743120159411 0.452272269427968 0.227464106605211 0.177810542130802
0.243846250376438 0.348805051690617 0.0693659822928561 0.0723854513588331
0.328955211628499 0.152777518852961 0.0165189448947008 0.131435934277598
0.331611166108922 0.016774392469418 0.0480828258198411 0.177958021859479
0.271314161108504 0.00234930147758517 0.101652341829254 0.143741811803908
0.273692461462253 0.0167440520731455 0.0691819693897348 0.0765229933570532
0.266947658373397 0.158933007753264 0.0580677561094167 -0.025884651949412
0.181739147046354 0.305847435548458 0.0557342298457482 -0.117902728931904
-0.0421525156754435 0.431812053745743 0.170959804351222 -0.17776763665222
-0.211853617745235 0.327849653313959 0.302669402764141 -0.18087886694796
-0.236368464544053 0.18666964446852 0.446189586814892 -0.157736682452404
-0.167709272616585 0.316789983540307 0.445516229151165 0.00633207640766105
0.166500118996365 0.26483168981173 0.19739006727378 -0.359525673643511
0.0266916661480398 0.0146164413913241 -0.207113214316257 0.0702980232426697
-0.153131344679669 0.164378262664084 0.101402459928374 0.33515376016786
-0.0383004810796214 0.354860245272287 0.214513242503873 0.16879676174926
0.213915569896384 0.270330993520022 0.127515748337252 0.140619745192924
0.284124170052992 0.0772908108873805 0.146586135706642 0.172259470676852
0.273704819685354 -0.0316668196543166 0.169474057206969 0.178747363030539
0.226431681041638 -0.0368819345340897 0.184109436833349 0.138456404261814
0.230195231079175 -0.0287013179303659 0.141036095638114 0.0827394772027814
0.23711756376563 0.100692580963373 0.13322634735824 0.0107159994353051
0.149573736763841 0.255570880081838 0.124287656691524 -0.0347933523691077
-0.104434361519044 0.33792726286292 0.192820801675573 -0.0700546909830544
-0.221285297137836 0.159503750750611 0.312967930659246 -0.117969110180551
-0.113210735578712 0.050496127393047 0.517965894594434 -0.156225288354761
0.0132176639908074 0.248916234838277 0.526291048151542 -0.0335054539348544
0.284641405057431 0.0656822530349243 0.176675899087646 -0.35966818916641
0.0500827859663945 -0.163376629543035 -0.113431413865976 0.0499601159953867
-0.165852762578613 0.0204344302396579 0.10954681160306 0.256178640969437
-0.0736808057510857 0.225377286720266 0.173997239301244 0.184406533955228
0.143183018161367 0.158750851271403 0.179140359958512 0.203362244534839
0.185550005120421 -0.00168068032820673 0.250994384992565 0.191108278773218
0.169854876307565 -0.0684477131560981 0.258365153832353 0.15508779746971
0.148003435606818 -0.0709608541919965 0.238268847325903 0.112797941656598
0.164239973197516 -0.0759721328190471 0.198591669012304 0.0702768358551824
0.195011501984162 0.0321602460545066 0.194217185992062 0.038035739758542
0.119468601821884 0.181526733798534 0.165005773890513 0.044513476060798
-0.120474735583062 0.20716415611091 0.167683122366755 0.0170794401102225
-0.150654161439044 -0.00749348066913363 0.288930396261342 -0.0976926090815414
0.0628753098052994 -0.0396834416713263 0.57850196756469 -0.156396820059143
0.198337014416324 0.188848253187718 0.549218128352112 -0.0592007906746277
-0.3957392713965 -0.00607881695055839 -0.389783469812927 0.0178333714178007
-0.252729651631596 0.133780661546166 -0.668824162621421 0.160600509958245
-0.00511963979280268 0.137463231692644 -0.263385155329668 0.191157772887723
0.0557044068431118 -0.0611625362447732 -0.0942400568748757 0.0163556186337015
-0.0965718034800599 -0.0597664603356055 -0.150845296254559 -0.0913303125491853
-0.109220095832932 0.0694406474951331 -0.243767681324251 -0.0520870487992349
-0.0547066027370709 0.11659110985754 -0.246128839754559 -0.0285637174973017
-0.0371346818486525 0.0989911649225038 -0.2465050257437 -0.0492563539861281
-0.0240961189243794 0.0990065752548979 -0.288017346405947 -0.103221822637385
-0.0592979471729537 0.0725725096790356 -0.302388708394165 -0.149014132873343
-0.0497306583152922 -0.0279949195365203 -0.262153363092918 -0.207389735338287
0.0992390054104708 -0.0813116043006307 -0.16670375689996 -0.237268161692107
0.174957669274774 0.117846036325192 -0.10743984884578 -0.225420926847752
-0.062336132119553 0.230509389915827 0.0370332633469093 -0.0372746478255982
-0.299638706427455 0.110585879458831 -0.193614727576271 0.335707379170707
-0.452897641658077 0.117771530295511 -0.274198527563767 -0.0152845992713084
-0.371841475844489 0.19327195076325 -0.68478228999088 0.149799892714287
-0.137072692854476 0.27121409790043 -0.241621855427818 0.276116859470825
0.0185122420834983 0.132111344513267 -0.0168066454800982 0.02865593771046
-0.030237646180027 0.0706699715618879 -0.150687310242159 -0.124855357318608
-0.0148761945486072 0.13169487323049 -0.278321129701438 -0.0505122690765485
0.0553911948996513 0.133439728447453 -0.263879162660223 0.0127013762774833
0.0731657348789127 0.102028490416317 -0.228315775693219 0.000893120143751525
0.102011631619748 0.0996281923039718 -0.266149109900398 -0.0608816651014229
0.0745498471683065 0.125949255341125 -0.29073744803171 -0.136020441736096
0.0568159622300719 0.0873584280529495 -0.258578003535425 -0.230260646962632
0.1267205096216 0.0853259822476077 -0.128033033005744 -0.27453688753711
0.138761314059922 0.246925827710142 -0.0383925202989548 -0.223537905816603
-0.112488234160162 0.335016242708041 0.0733650080248154 -0.0326405453991867
-0.361176980191093 0.267455022664324 -0.0959825175747215 0.302260590746945
-0.427970580583243 0.264726192690282 -0.130980428529282 -0.0606997837258025
-0.388303122196139 0.27320016416223 -0.650900966740786 0.148793102883768
-0.206335297548127 0.390494477738142 -0.210193955765643 0.379177161632611
0.00153082873367765 0.324160747368282 0.0633636850469527 0.0818791909173212
0.0614200730905577 0.213043350451713 -0.122964701989435 -0.113904842279378
0.105457730151276 0.184305460637521 -0.271262044059857 -0.0239491817673282
0.169009493349897 0.12846190614648 -0.241398546003449 0.0642114099749496
0.170686124730042 0.0885127920534119 -0.172308674689135 0.0525246830934694
0.203648818068066 0.0880944242219917 -0.201627678960417 -0.0161239265594827
0.188260337024309 0.163726019704333 -0.231660677454227 -0.117443380480516
0.152850533213859 0.190277091331605 -0.218890775436146 -0.239066791746355
0.143610200891505 0.253722947253657 -0.0755591628093293 -0.305239520898111
0.0764121369075283 0.36951833134331 0.0449387220162237 -0.246377533823681
-0.1745305378236 0.39964738411051 0.146208860153771 -0.0669140935955218
-0.38424431460208 0.373648624006812 0.0323233328924511 0.231046518804259
-0.321581664598446 0.399335679794494 0.00608574727889418 -0.132794823127801
-0.296640044652483 0.343330856767042 -0.571340868128505 0.144491947403513
-0.188909995230892 0.462550964475721 -0.142775985861164 0.454807528378957
0.0229292368511006 0.458175562147016 0.14285060142972 0.136197017091673
0.16566704294903 0.320621854424388 -0.0687754382544984 -0.0654635593805376
0.227791874749118 0.205912581136366 -0.213120070584471 0.0252648083864085
0.267135566944697 0.0977179103233654 -0.171659910436505 0.117048576376177
0.239936706203547 0.0605774147476049 -0.0868079787227016 0.0973984811110375
0.266759507449849 0.0672231569277188 -0.109598869436992 0.0237004363420449
0.261106276483793 0.181669192372843 -0.140375930745273 -0.093663558867024
0.212180834697102 0.266934873567333 -0.144168835652967 -0.225174524368751
0.12787389882512 0.388027561106872 -0.000500116335767103 -0.310701361023315
-0.00856825275080001 0.45015487338164 0.138031724521743 -0.264522972513809
-0.230721476832178 0.402204737462868 0.239862977406405 -0.120028431380187
-0.358938409668317 0.412957921387021 0.17867579020472 0.138791564444083
-0.152749454088598 0.453820301845811 0.106174871225413 -0.227800233284934
-0.153334915251929 0.326069434830833 -0.455182918285058 0.13241957906882
-0.135090735543978 0.43559486118547 -0.0408047912917141 0.467149619484129
0.0468690008952969 0.494543715794258 0.208526655552081 0.160953029448766
0.24464163809235 0.358435171142097 0.00132327577797873 -0.00122786359795772
0.314313193883422 0.184742196642988 -0.108001331925888 0.082221837878007
0.323592483859186 0.0477491088586285 -0.0621435386996088 0.156064714405841
0.271767167221929 0.0229606057670411 0.0147765452370274 0.12646449058434
0.286682792053728 0.0368741173421203 -0.0115458779507622 0.054083866447451
0.286065168391249 0.173177425095541 -0.0373164224180629 -0.0629266357313962
0.224646253843993 0.301498629193591 -0.0470545001701154 -0.185084779191714
0.0687757285117964 0.452057918550752 0.0870061530410789 -0.271196931365469
-0.108848813780792 0.441086715189783 0.228115335653338 -0.251934365392827
-0.257749222000469 0.330793490950533 0.340830991428866 -0.164182832432495
-0.278321802124627 0.387474170470078 0.322001862822267 0.0482134178227898
0.0302469463109128 0.397379588463558 0.158925414298049 -0.316183619379983
-0.0319896541055503 0.19831331314672 -0.325554831121014 0.110135087017061
-0.117452303001984 0.320665535198677 0.060669397965028 0.414776968868575
0.0307383419122583 0.447706053104196 0.238354507788885 0.156517425637282
0.265253559368958 0.33015219771268 0.0704461558509945 0.0660465404585113
0.332924015864418 0.128138738771655 0.0230263997627235 0.13163888992512
0.323472516439525 -0.00612120035416059 0.064489412610735 0.17286397048686
0.264212486189951 -0.0156368319305841 0.112320005361876 0.136164850689266
0.267441145705454 -0.00194302958014747 0.0756384091145678 0.0722395282017085
0.272087031038294 0.136728415269842 0.055789336348756 -0.0290449239903398
0.200089238930878 0.289580531473072 0.0474500740113744 -0.120150828794053
-0.0149480941782533 0.430144798712086 0.158377194584608 -0.186501612467033
-0.189765832071891 0.336711368138124 0.2896556402953 -0.199142853245969
-0.220914288791597 0.196800973809434 0.430656156577692 -0.183761332356551
-0.142092772213506 0.320229547403634 0.440707926084195 -0.0223358309032044
0.182121577507392 0.242473478312888 0.167799456839447 -0.365071557075062
0.0232095422572649 0.0110500989765512 -0.200493399983176 0.0845281223102852
-0.140828861612324 0.173927259545821 0.123858475726989 0.32411941272197
-0.0136459469577495 0.355405088017147 0.224037196217833 0.150171083633442
0.22964102080315 0.25294079334174 0.131870710896933 0.131399419375568
0.282903491465493 0.0553605995031338 0.152960399554293 0.16294115753441
0.264765334633278 -0.0511887527523099 0.181718393262484 0.165226050548268
0.217734540023406 -0.0522917101354623 0.192502484114418 0.126492555934685
0.221050299938524 -0.0449916501528511 0.145321136312588 0.0738824277038723
0.239590127452944 0.0799710216651718 0.130783598065895 0.00168448995849564
0.166661430772192 0.241464690052532 0.120964094492049 -0.0419720257668781
-0.0793450329172498 0.343269532710559 0.187651047999525 -0.0807914296861601
-0.209318731849844 0.171531653187695 0.303263116148182 -0.136608390370653
-0.108663483794557 0.0548364375735619 0.501214113452908 -0.184125740122532
0.0308336966956193 0.240934884790752 0.517819921065224 -0.0646148967137001
0.283935114493364 0.0395701253595279 0.146866947140815 -0.361434482623188
0.0350679370066054 -0.165417025234466 -0.108739101628866 0.0584465641546379
-0.161649946097468 0.0318738971225041 0.125574310245828 0.24685920998745
-0.0568332258031107 0.229361174085145 0.184906652457244 0.170079903074622
0.152322167378543 0.146605759692557 0.18787031843783 0.19068319866701
0.18047614898671 -0.0165673039574954 0.257033624275255 0.174656628215562
0.160729989604495 -0.0815085000841112 0.264842142079159 0.137215335949784
0.138753977360317 -0.0805606473857564 0.244246510421696 0.098901558913661
0.153771090093358 -0.0875530792862297 0.199940786218666 0.0575209271353332
0.193664008196347 0.0151071724980137 0.191596683921655 0.0235782071212807
0.132998279868144 0.169461215079822 0.166950030469664 0.0331961661351468
-0.103998286409525 0.215355222628781 0.168795413715535 0.00674883778155698
-0.149622239631166 0.00366266569123712 0.278904015886912 -0.11469640106562
0.0595092947651044 -0.0451716290372319 0.56017059198806 -0.187778683099953
0.209224960871574 0.170303806211864 0.539985848973114 -0.0908658210122858
-0.380014939428332 0.0127454847015162 -0.377328116657762 0.0275206601612349
-0.237583456979151 0.1395441265936 -0.638472299883494 0.182092774593185
0.00345288126616431 0.132081054563513 -0.247482549308751 0.193029149649089
0.0493120634326606 -0.0633275219113549 -0.0899686312315998 0.0179256342907025
-0.0960932319972067 -0.0524072474441631 -0.148486410702959 -0.0834726792380674
-0.0994304188995807 0.0732666938976991 -0.234495385423896 -0.0371090453617379
-0.0466784196437032 0.11567853126193 -0.236618212049446 -0.0159937674557951
-0.0301334683059423 0.0993510587866606 -0.240571868657866 -0.0402212001469218
-0.0171157331566077 0.0987301256500238 -0.282107533051393 -0.0896690373120495
-0.0524201703184105 0.0753905812763443 -0.296779151732577 -0.131838304221625
-0.0507991338592598 -0.0227781851050982 -0.26104419667661 -0.189431932659639
0.0891394145334602 -0.0835324659042808 -0.17263313251479 -0.222941137183243
0.174809936141269 0.102568226528752 -0.11441470152831 -0.21052969806009
-0.0516773794907309 0.226178979474729 0.036750248104578 -0.0378977241423308
-0.28383034740543 0.120650074667592 -0.167593685812295 0.329082164747147
-0.428922226334402 0.132789018405754 -0.267287991866778 -0.00976103589056269
-0.350969747068491 0.201110179966526 -0.654483768153497 0.173840847414088
-0.118735950267023 0.266853832749603 -0.221159290015366 0.274869520294058
0.0226411194783734 0.125991515796405 -0.0141781196196216 0.0248096367125016
-0.026043878076618 0.0717724288856219 -0.150365864441708 -0.11700936289283
-0.00652222945246819 0.128480756404735 -0.268448262307955 -0.0342115742966388
0.0587123621411209 0.128500441877116 -0.249976404077998 0.0246932422631382
0.0750278741870068 0.0978132123332096 -0.219769488599053 0.00820639175710428
0.103519988899656 0.0935033769996359 -0.258878837515107 -0.0487985294832489
0.0787769564019872 0.120134018694323 -0.28439413807707 -0.119256542307757
0.0580729191746324 0.0843271742811367 -0.259213239737128 -0.212285305945288
0.123131810062803 0.0757083751588994 -0.13672343108557 -0.260446320315791
0.144199081116473 0.229576038060558 -0.0462780697614653 -0.212591721269797
-0.0959230582604073 0.328033564689131 0.0722660983492666 -0.034828325005465
-0.336111561547485 0.273359452412055 -0.076712891759956 0.292231946017311
-0.400590155800974 0.269657449282923 -0.132072574873864 -0.0588224828889283
-0.364624182878562 0.278137698065669 -0.622713438110698 0.170751587123462
-0.181903329321632 0.386202213486674 -0.18555616032195 0.373069095612182
0.015094412708371 0.311743081075123 0.0667541297842581 0.0720589780802838
0.0689742486475411 0.206087896612831 -0.124234115190628 -0.107718661396682
0.111636344977652 0.173197623916584 -0.262565799943296 -0.00875267974394876
0.16692033352419 0.118258341050023 -0.224942665144875 0.0724241824577117
0.167233976482256 0.0799942618758819 -0.162802706627075 0.0568815193564273
0.200449290003242 0.0769341544684212 -0.192631271554778 -0.00808868636044219
0.189765196594775 0.151387114273162 -0.226694716495075 -0.103580942062939
0.156204349629473 0.179981999366688 -0.221989485942839 -0.221823234774483
0.146565304712495 0.238870767076083 -0.0866481052134723 -0.292580893662747
0.0876303182059268 0.351664633310683 0.0336656676030083 -0.23922373005497
-0.152910570759986 0.392745626962169 0.141272128453915 -0.0711639980790748
-0.352937951652214 0.376425904300237 0.044595383674757 0.218881448677961
-0.291147582461773 0.392440978399275 -0.00344680082867417 -0.132536545549142
-0.275602156270333 0.341558120084329 -0.544794650812731 0.164006723435676
-0.161100957227691 0.455070467856961 -0.116108784246034 0.441516226021208
0.0423237839014836 0.441376844523011 0.146190138155114 0.12059899078308
0.174250295190782 0.305345009176212 -0.0706353617102359 -0.0636796142448065
0.230295281433653 0.18741751812067 -0.206247646482994 0.0369864375618211
0.25848652692449 0.083179226187456 -0.15446981226429 0.119586111752137
0.232231822443472 0.0490304075489826 -0.0771137962371497 0.0972078697633897
0.258956502365598 0.0539266243683571 -0.101851276397911 0.0274257528152247
0.259381610729809 0.163715850346275 -0.137708437005685 -0.0835263778309307
0.217204640407578 0.250976415118017 -0.148834049110263 -0.211985036303688
0.138507883983819 0.369322308929071 -0.0148590385944638 -0.300395268584071
0.00904165886291091 0.432778358126389 0.12233197146822 -0.262469331700026
-0.207228037434526 0.398703080886012 0.22938437838067 -0.125943444836555
-0.325655631662137 0.412658393116476 0.180749729951067 0.124246477962213
-0.126666016114647 0.436189727415834 0.0895460160347932 -0.227096685471336
-0.137011053955606 0.318914468494244 -0.435249610940603 0.146833687213324
-0.111192829251288 0.427400645274184 -0.0163172410170348 0.450130307853369
0.0662671586528018 0.477085683261739 0.210619197858952 0.141418264546007
0.252608846403597 0.338718160420381 -0.00104543413838078 -0.00391760586040697
0.310653848545532 0.162645368776719 -0.102497895711791 0.0877709976429188
0.309740535562699 0.0324185368983958 -0.04776301054505 0.151991167318114
0.260075271592592 0.0110486581098128 0.0220637591370186 0.121699080958161
0.27448712328192 0.02360560195886 -0.00558719171351712 0.0528420168709802
0.28201525810146 0.153702557418641 -0.0376898083639572 -0.0593311967716174
0.230367978972393 0.282928248425347 -0.0526099782456124 -0.177052544205403
0.0848952966160457 0.435192447628343 0.0716370135472236 -0.267114815280089
-0.0870672407307538 0.430053165310122 0.210586361856093 -0.254528255382965
-0.236424151858522 0.327614153616274 0.324713127447557 -0.171988172813765
-0.248122478636255 0.382638208533172 0.314044979413894 0.0308570972685966
0.0457268047768093 0.373711858044751 0.136754895406742 -0.311063745498308
-0.0268829728837369 0.191533557574844 -0.308621684269048 0.122080449655923
-0.0995008833161719 0.315490246454067 0.0788209360099633 0.396052692547245
0.0502813924482213 0.434607256251906 0.237092114048888 0.136323638154431
0.271110484578779 0.309596389315676 0.0679564764719265 0.0601207030830081
0.325730670754417 0.106975858812948 0.025606058199403 0.129689463994509
0.307922067834249 -0.0206785739699931 0.0738948252677809 0.163419112481634
0.250957380362537 -0.0272311473872743 0.11745999170643 0.127367471069622
0.254243210644119 -0.0135989671327611 0.0783436953172833 0.0672581584191477
0.267506040098568 0.117882364280663 0.0525467814195892 -0.0305592749043533
0.206964387340941 0.270462251532577 0.0413828597656582 -0.118046503860733
0.00633425029385514 0.418809788610871 0.145756186863066 -0.188256645677718
-0.170241356986852 0.332849671382671 0.272251872341312 -0.206270533596186
-0.206154012509469 0.197153909667308 0.40941428007637 -0.19295434905662
-0.121156379273092 0.311199344168522 0.425975701867109 -0.0403872921208487
0.184661097166163 0.218590155963337 0.143426377315893 -0.356902781201876
0.0188672565884246 0.00855265765489639 -0.190460739082114 0.0912607648510829
-0.128994493943384 0.175109232593946 0.135231248648836 0.30622440394358
0.00398589892038867 0.347178374733921 0.222841870339415 0.131858376518625
0.233701931990224 0.235001908711461 0.130654942269096 0.123065574044816
0.27361271955721 0.0390418131975197 0.151561088128293 0.153668569351955
0.249205042981521 -0.063108447710211 0.184207664456113 0.15184454271373
0.204527140617377 -0.0609586061367218 0.193226064283039 0.115506162938551
0.207341344667952 -0.0546214475172652 0.145130040325658 0.0668436752125173
0.232750329964274 0.063757668723162 0.125333894492461 -0.0048647780303247
0.172658396679248 0.223815884187494 0.114858873386502 -0.0459316350613635
-0.0602149260374146 0.336842120590359 0.17915147028562 -0.0858779375125597
-0.195135769625284 0.175209865903928 0.288010880599265 -0.145154376917014
-0.103238282136957 0.0544159482974955 0.476543667349535 -0.195534658464077
0.041719536053048 0.228058622015791 0.498829818120463 -0.0826637388947065
0.274122966407117 0.0197640436829401 0.124699016507349 -0.350934126707984
0.0231083716620117 -0.161595469210605 -0.102039269335497 0.0622311833466327
-0.155165964644877 0.03861389484268 0.133206917568473 0.233522451372771
-0.0424080022191889 0.227121246761488 0.185297640361534 0.153801474608031
0.153814753491913 0.1339423427561 0.187205077288878 0.178380389047753
0.170322384331036 -0.0255791058147658 0.253837398914848 0.158589770748573
0.149143881834313 -0.0884105065187916 0.261237567551435 0.122374541529209
0.128353279491325 -0.0849401046635695 0.241010045833031 0.0865231420309032
0.141270224483582 -0.0929443135624259 0.195380003146413 0.0491212450742289
0.186208275445036 0.00282741156865557 0.184459787582419 0.013674571223675
0.138381857279177 0.155917496559134 0.161933187613778 0.0243623455083045
-0.0881385177067938 0.215400414388033 0.165409724441631 0.00037584651089942
-0.144843539219683 0.0109196476824612 0.264897767302748 -0.120956432108946
0.0554334808564972 -0.0484838606562855 0.531937303883879 -0.20035996332874
0.210202264996025 0.152613852419232 0.518371087639074 -0.107313557641792
-0.365403257813888 0.0184349148859669 -0.367499027736812 0.0257787163519772
-0.22794029760889 0.138287135702079 -0.616835384198902 0.185897744559948
0.00732072554126725 0.126552785833949 -0.238084740312593 0.189698609723342
0.045588527627275 -0.0641302087402758 -0.086728873501085 0.0169591445521336
-0.0936967705484621 -0.049032666122421 -0.1458998521555 -0.0798907819874851
-0.0926868982880505 0.0732707837240921 -0.224543379441298 -0.030720624461622
-0.0422303026626842 0.114658956295153 -0.227666074279832 -0.0112932130624012
-0.0263191523688114 0.0986827922409229 -0.235189844960375 -0.0372860019413683
-0.0129420014877206 0.0974193154568355 -0.275872222907025 -0.0840391757166948
-0.0476360873761669 0.076446058059346 -0.288927057320228 -0.124255116412596
-0.0511583198284769 -0.0188265989918039 -0.255576466906574 -0.181139519777446
0.0817261531596096 -0.0832476264192207 -0.172420466382878 -0.21366237825683
0.170925736075205 0.0940704785688126 -0.114369773583115 -0.199402684534455
-0.0478979064225496 0.22093606613884 0.0377969286073011 -0.0376307891344303
-0.2730306624445 0.121867316552796 -0.154528688085005 0.318369521660358
-0.411268578859322 0.132454840482908 -0.262259445894762 -0.0117983970991604
-0.337323386655357 0.199430228744997 -0.632551084417339 0.177158982699644
-0.10842832804115 0.259797695536844 -0.209844917480356 0.267963841905317
0.0237325772740389 0.11972694921923 -0.0124536645306961 0.0214223886003927
-0.0240085193165667 0.0705789585737932 -0.148750260812383 -0.113937689274724
-0.00160395771982438 0.125323323644193 -0.259833837560667 -0.0262314672639965
0.0589046281989782 0.125210909960198 -0.238411949003266 0.0269924735853937
0.0744148385904159 0.09521917195496 -0.212884658387987 0.00951017412264548
0.103311484666649 0.0905519672893415 -0.250475344450768 -0.0451167121855476
0.0802750032197887 0.117864721129052 -0.27570890082152 -0.111421174865055
0.057161733225123 0.0833886262887928 -0.254899716605892 -0.202398750986984
0.117547233774328 0.0726060179999717 -0.138488265372608 -0.251447920574949
0.142128429794494 0.217905542168402 -0.0478144329231858 -0.204519201202301
-0.0893922428958925 0.320334970972326 0.0732729683530764 -0.0359032588925636
-0.32022295823835 0.270302613289058 -0.0670166939933935 0.281564421474754
-0.38291260264204 0.262546740059184 -0.132280240879064 -0.0601037175194592
-0.350841661081291 0.275319529580477 -0.60110311189395 0.175330575931104
-0.168891760295661 0.376628825876055 -0.172450025831707 0.362462710359986
0.0197857484698441 0.302663333512712 0.0670112689816248 0.0641076504428257
0.0711042905874496 0.200024309185403 -0.12359568663644 -0.105330263846267
0.112520512037963 0.166542591699365 -0.25491936649434 -0.00146937747710288
0.162203985887174 0.113816375852938 -0.212344241776569 0.0731276140583908
0.163188281953704 0.0763275653038019 -0.155149253241635 0.0564388309413466
0.194856989341106 0.0728799579125282 -0.184797053304007 -0.00523922275392516
0.187358088453977 0.144988752156684 -0.219643886550955 -0.0965677855377455
0.154574346362892 0.174270176058804 -0.219049913573608 -0.21215778649422
0.144483983468516 0.23027809918772 -0.0902302181537176 -0.283892843643491
0.089431579168519 0.337875523880397 0.0293429196711121 -0.233207812134265
-0.142953643669472 0.383296426074084 0.139336696299114 -0.0717422493673557
-0.334259692591735 0.367845737270824 0.0485734252609829 0.208093045426727
-0.275346595028807 0.376831888426475 -0.00894594239752257 -0.131810400540496
-0.264555770359878 0.335050013075094 -0.525924434044994 0.167548188422845
-0.14954484949885 0.443737389060874 -0.10406724238826 0.428352641229519
0.0491828761741529 0.427928540019335 0.14499514004814 0.109012937413354
0.176730462100886 0.295999331497756 -0.0726022270293492 -0.0639133308882657
0.226779167714827 0.177531629235776 -0.200161947738222 0.0420525065547678
0.24868460361859 0.0779846569397929 -0.143204882775383 0.116592937510681
0.223762173042032 0.0447249305129533 -0.0709302128965466 0.09428542532401
0.24990564772685 0.0488143989778406 -0.0956296753919979 0.0276530994358744
0.253931799624114 0.154771687853798 -0.133158837133521 -0.0788805256926367
0.21564795095335 0.241486823367447 -0.148185877106186 -0.203281795508765
0.139785817752193 0.358041807700812 -0.0205311815087332 -0.293189798976461
0.013658924531671 0.419671001971638 0.116372843642527 -0.25789148424458
-0.196273377707404 0.38843159271274 0.224033658834195 -0.126539695140746
-0.307517085689077 0.40355773127626 0.179417227793699 0.115236822012916
-0.1172508319335 0.416565635713848 0.0795835197500434 -0.222888007494503
-0.131871341645919 0.31011896699747 -0.419083482084599 0.149977562907133
-0.101803108986059 0.417110218827086 -0.00704947555053386 0.435321447434993
0.075253476833263 0.463378591774526 0.207195352442529 0.127704408518962
0.253335606824283 0.327802447137857 -0.00544716395582807 -0.00574617707138288
0.304257837182335 0.151721214514052 -0.100040690503034 0.0905210423728847
0.297002422745533 0.0257210238955541 -0.0398974660557765 0.146710498546727
0.249449061549657 0.00647873658294045 0.0260392567971088 0.117280375282355
0.263452119471087 0.0186426912101003 -0.00155527265778657 0.0510766583126598
0.274986922456977 0.143592470905382 -0.0365790188190008 -0.0566118374772545
0.228525053316091 0.271368684263886 -0.0544911911430529 -0.170986088003265
0.0899654138402249 0.423483761252505 0.0651943562173979 -0.261252391212798
-0.0801396125222491 0.418269090395314 0.201186211435768 -0.251584407180405
-0.22492726341327 0.32018177267756 0.314408055110584 -0.171972876084878
-0.233154999491611 0.372713058340468 0.306941488114465 0.0242778453587537
0.0470720092719668 0.352586165039986 0.124507932762204 -0.302627971796427
-0.0278201153070581 0.184544303418392 -0.297741077494893 0.124599161708204
-0.0923228109493168 0.308786793065475 0.086024075948964 0.379673414675086
0.0574846274677336 0.423322086580831 0.232954656204178 0.123747254786083
0.271161776084842 0.298610584996674 0.0631087779618105 0.0564251334632534
0.315677066993147 0.0968795627530052 0.0240007559912504 0.129339293185558
0.293602120925488 -0.0263644852218664 0.0766405226186006 0.155754916059194
0.239899184891082 -0.0304954330639687 0.117944944916283 0.122484047451376
0.242830235394448 -0.0174929670658798 0.079532714056116 0.0646624387388361
0.25938716693936 0.108766691387949 0.0503532759475761 -0.0307504926442747
0.206296444734439 0.258993793470506 0.037674138133323 -0.115547521538288
0.014217879147529 0.407495392424814 0.13824421746088 -0.185993549551644
-0.161224833335411 0.325457281791157 0.262243081977798 -0.204240668351287
-0.197946937086207 0.19167898057222 0.395108396880974 -0.192552399732309
-0.110532050502365 0.300376506241515 0.414242259651194 -0.0447567393288619
0.17920224266494 0.201137394970802 0.131659155089476 -0.344878579738837
0.0134569816422682 0.00772673980527957 -0.182898468652012 0.0926501617442868
-0.122810454368096 0.173284864539144 0.138588210627703 0.293207677866986
0.0122451382575865 0.339881195815108 0.218287452246815 0.120487830229812
0.231875914363611 0.225998186585971 0.125769471550262 0.118292624568844
0.263288946448092 0.0314454141602458 0.147302077576423 0.150030514122878
0.236685378382166 -0.0671806993522687 0.182278320089363 0.144209092331513
0.195154381769548 -0.0627414450796262 0.191896225764388 0.110119534985336
0.196334788214433 -0.0569404075703446 0.143087852521212 0.0641694390062024
0.224909599255798 0.0555429372998178 0.120115946667096 -0.00686866895158778
0.173275819948251 0.211965543874532 0.110020205935957 -0.0469223484142017
-0.0501670763228973 0.329815612405914 0.173279314807985 -0.0871476325068572
-0.187380928856132 0.172498282777291 0.277573702522468 -0.144670385012105
-0.0998528979068241 0.0517346309354725 0.459270716828931 -0.193517941111532
0.0452252120950595 0.216207872978028 0.483419991274022 -0.0856821088299982
0.262340663633819 0.00971138539617795 0.114961574171444 -0.337395302377624
0.015735805753696 -0.156877718932926 -0.0981716287582653 0.063153274441691
-0.15072359199524 0.0416719717679437 0.134159708509187 0.223488984375394
-0.0355229583952342 0.222923876705536 0.18252536010092 0.144216908360736
0.152960480354409 0.127499952061711 0.181963963465256 0.172013466910992
0.161706928363804 -0.0294757888193756 0.246525845877167 0.152504094483203
0.140229186385319 -0.0911039306740256 0.255013023535659 0.115772175509798
0.121130793776392 -0.0859915919988829 0.236983227167063 0.082510356768747
0.131083326966808 -0.0936655600298194 0.190672065444267 0.0462853234649185
0.178608775719501 -0.0039996147516702 0.176895858281289 0.00984897470725112
0.139263465462834 0.146105820293133 0.157539946814099 0.0212895882312285
-0.0794716672037466 0.212965799881513 0.161588768398421 -0.00151375992632127
-0.14008465494408 0.0136970844058971 0.254446876947853 -0.120170683908341
0.0524494461116742 -0.0499514656879105 0.512176645248585 -0.199076852717902
0.206270125962253 0.141225973234381 0.502602439109686 -0.108047716869052
-0.338460870353788 0.0824976336860101 -0.386779528316098 0.0755665314585744
-0.18792415663668 0.179851059093618 -0.599182433194987 0.296018988980428
0.033839331761673 0.117654861516447 -0.20923435231681 0.239449507138444
0.027604998914922 -0.06994780300658 -0.0766360503694983 0.0315865233812409
-0.100153862562593 -0.0276216309074098 -0.162797771659742 -0.0614118681616983
-0.0737011395275486 0.0896222263488739 -0.232460030763411 0.00978521554711334
-0.0161118671058164 0.120016209903724 -0.232252688380285 0.0278070341863287
-0.00779295331189325 0.101064453588557 -0.239023245683482 0.00526791826196144
0.00571530306419664 0.0960381144067913 -0.290855915913223 -0.0354446847282944
-0.0322411980605741 0.0820280413678185 -0.312814417540936 -0.0709476943204796
-0.0543783505361831 -0.00939482240226359 -0.290213906677059 -0.131159246076082
0.0601611004032676 -0.0982271296593633 -0.214706995252326 -0.175433324842326
0.178072949328148 0.0523112338040045 -0.159194661623376 -0.167097318837458
-0.00282377426674363 0.224664829758957 0.0284806915543901 -0.0594913945941475
-0.246337867923005 0.174601066369687 -0.082876074056192 0.328184466938437
-0.361701681052349 0.192956658670811 -0.295024970172194 0.0215630348350536
-0.281417227773725 0.258982049597901 -0.61993302247076 0.289224825486355
-0.0492727008503779 0.265525332458316 -0.180305251826149 0.31001358440147
0.0459814609794702 0.107011749111593 -0.0165781318518546 0.0253607000805617
-0.0112664014040825 0.0731606798810179 -0.176367461263879 -0.084582829355033
0.0224339386791928 0.123348394629489 -0.265960538238195 0.0275296951934157
0.0810358782445151 0.110084473460771 -0.235084492854648 0.0744048917290719
0.0872571102969442 0.080832517451342 -0.20746927386912 0.0472327562583119
0.113030314608322 0.0692163862605526 -0.25952371598958 -0.000753841539775347
0.0971273250611321 0.098586971934118 -0.300169543959486 -0.0584659949800898
0.0662900820445452 0.0679967892758603 -0.296041446027654 -0.150055231672199
0.123042771145093 0.043907873332065 -0.193554735839693 -0.22061767207203
0.174308495053732 0.1760439848073 -0.0990813288029219 -0.18997070258038
-0.0234648610131948 0.328698931807199 0.0626875390991057 -0.0707101792073141
-0.262484416229574 0.326934210861734 -0.00551302558341166 0.266331650702192
-0.312620610977798 0.309804426220596 -0.177958285424869 -0.0446938835667592
-0.280011115128475 0.333481347430818 -0.593276699481923 0.282333048259256
-0.0835487407743653 0.387048839249511 -0.135602278916917 0.398443298084546
0.0817412579672511 0.279043847036972 0.056898639337188 0.0578311796116149
0.104850603781951 0.178863078535829 -0.153297688704236 -0.0701486810291984
0.138954642810195 0.141661361619253 -0.255335299450584 0.0593917449693876
0.17514785676343 0.0788158113543619 -0.197679908024761 0.12244059090335
0.167850451293781 0.0483671756243595 -0.141461127683255 0.083397802007476
0.196867728942478 0.0370525422619364 -0.186273330537096 0.026406251607465
0.205289663587893 0.105503646187345 -0.243431488268885 -0.05403828523308
0.17425308913184 0.136092600980123 -0.264380403373015 -0.164997317806991
0.179240541686435 0.190042016804016 -0.156547567487042 -0.26327481523639
0.147545710736921 0.299902997386699 -0.032002733476558 -0.239168999412957
-0.0618168886016721 0.39946280175136 0.121621723390029 -0.125807530002258
-0.254740357666054 0.424419163409658 0.093283152653233 0.166738764229429
-0.192029628587723 0.395756887879792 -0.0672483599416701 -0.130240222145546
-0.187935020218314 0.37364748569576 -0.520058619893388 0.268273422434616
-0.0513708612923316 0.447851717884011 -0.0575544404492452 0.45558275968629
0.13778865180315 0.393374817361715 0.133440202621197 0.0936452483792753
0.225126939937346 0.249112286113936 -0.0952791606420253 -0.0280842002535177
0.249816521921005 0.13110542819842 -0.191060859396349 0.0994554634208817
0.249733477094534 0.0267658781323497 -0.118234810956474 0.15912708595341
0.22056976080897 0.0075305298542738 -0.0500530954183761 0.105518478189951
0.244146500469954 0.00380110988443454 -0.0906585563794417 0.0426537411522658
0.271162522046645 0.102976854357219 -0.155380518234845 -0.05175093302049
0.244602101003268 0.188772294509764 -0.193000417233263 -0.169729607788645
0.200824120955023 0.313090800231275 -0.0914249698147524 -0.288334907919686
0.0909051875209223 0.39165708735681 0.046511453531138 -0.28684040196736
-0.111207089986261 0.415029737723994 0.196917507066168 -0.199563996363629
-0.219043601893881 0.450790330970916 0.202734280589647 0.0490241814227606
-0.0379836398145007 0.404593911034046 0.0108707827095559 -0.22862789420991
-0.0681466255446106 0.32394207596088 -0.409434520098296 0.234872015833226
-0.0122654738647727 0.414110847623302 0.043896959463612 0.444239736761121
0.170167325822086 0.420584073377841 0.19595249834292 0.104473436143416
0.307592000104066 0.264557778621368 -0.0156386273155355 0.0243252876939166
0.319256199544262 0.0908018318624907 -0.0801795822971265 0.131749591195242
0.284471462358817 -0.0328288184334668 -0.00707410328746451 0.172585149210693
0.238627568839735 -0.0335272908002229 0.0503258623710983 0.109543819159268
0.252281848398037 -0.0275285205965777 0.0068580297109008 0.0496455802629396
0.28804468368339 0.0873651078796082 -0.0547224693268867 -0.0476600735089653
0.263269901778754 0.213852126185512 -0.0940249942558932 -0.155811668240699
0.166976179031493 0.384720551847016 -0.000380574388399797 -0.276273102333546
0.00420891211500899 0.408044897042882 0.133778136430962 -0.30103432882738
-0.150472827456511 0.354143893079352 0.280350513839562 -0.259875750270443
-0.149891928395794 0.405990717327385 0.310178507751908 -0.0604443124111316
0.103524313300975 0.314515466214297 0.0517595587500048 -0.311485952607965
0.00611402783148755 0.184142885657236 -0.284186314992055 0.186313557607531
-0.0242567309810843 0.310193237673958 0.133140665650857 0.366612233213237
0.146433453591096 0.386769417735658 0.223141191727448 0.0940378919405
0.318689021097483 0.23308682522855 0.0670490395889177 0.0745710359746782
0.320450390878675 0.035111901460247 0.0522283050016892 0.146376801459613
0.269627120571086 -0.0833506385787682 0.112737801977472 0.15974256972849
0.223145318044119 -0.0690316841846444 0.142267650232694 0.0976682608100066
0.224796602521849 -0.0580660258409945 0.0908877585555444 0.0491004733540606
0.266257545980351 0.0558059750947645 0.0369013122928704 -0.0383343871990001
0.240740269327559 0.205578210917739 0.00916690031905887 -0.11936532649046
0.0928831618024888 0.385644389569968 0.0900007422690222 -0.217001821295866
-0.0888206730904382 0.336793017136077 0.208427576931983 -0.268766988990938
-0.149206717659418 0.225108726096235 0.359648056429726 -0.288942611020315
-0.0438530532485481 0.310713001067385 0.400667549763645 -0.139971439640523
0.198889819931979 0.150055929603495 0.0652502884299036 -0.354632626838436
0.0103427001739413 0.00794922753651271 -0.165112230524844 0.12868346741727
-0.0801117813095776 0.188338322602491 0.176493505127734 0.264654145228158
0.086904477988615 0.318571481753122 0.212187568854603 0.0894953266837488
0.268923813340504 0.169835965791961 0.144549322959369 0.119152053017064
0.257653123747348 -0.0192213565758758 0.179349780315012 0.139577963190106
0.207747918494648 -0.112408248196684 0.215070663944882 0.125504797064566
0.174969902183507 -0.093130704901663 0.211840886811971 0.0729976615762402
0.174172119055807 -0.0875203312166178 0.153545323222677 0.0383041626400981
0.224653854301498 0.0113577361090513 0.112413824501764 -0.0278629967276278
0.20188485942736 0.167786289758599 0.0963325682093444 -0.066134929104918
0.0172789646021303 0.325154702679969 0.148289643430856 -0.125636659303095
-0.141791542062252 0.198635662087919 0.242950873989258 -0.210195396562099
-0.0810987180726474 0.0710394455977971 0.421943895305779 -0.292441721347433
0.0923077706274549 0.200178503270251 0.458300305941882 -0.18161540016673
0.242946585303636 -0.0421215081311695 0.0614687312597939 -0.347077254831264
-0.0185467962142428 -0.149482912104493 -0.0800108268877333 0.0787368760408443
-0.132411599160015 0.070079178493539 0.166768590167734 0.187687419211215
0.0182306854255502 0.217754349379255 0.188268823562718 0.113732621449816
0.174422113406233 0.0909004857376611 0.213467559987294 0.153364979803423
0.148789504590596 -0.0606542111478217 0.276661658798317 0.115160287639569
0.112538908022543 -0.117695783552447 0.279887901022565 0.0782712991865042
0.101117016239233 -0.103841582644899 0.249758019944576 0.037468892897025
0.105640346126912 -0.112422606628302 0.197434273975395 0.0126028641755393
0.170038901862933 -0.0374992456734661 0.173549086913322 -0.0219957432021835
0.159443972634552 0.111746379266049 0.158535579930079 -0.00859458168279622
-0.0315885834251134 0.220525724146729 0.157933580519926 -0.0376269957704992
-0.125797392813883 0.0400704450667001 0.230402462876355 -0.176454634085589
0.0474039213842161 -0.0557170852325337 0.469630579366041 -0.298731448773161
0.234269045053106 0.0966760789385899 0.468759079516189 -0.197563000980539
-0.339177768312797 0.0872385165159199 -0.395000090519762 0.076410239356405
-0.188869268115489 0.183861826579848 -0.605440368635353 0.30546469294646
0.0374464826413666 0.116594412846248 -0.210046422111537 0.244833032298961
0.0253219201098905 -0.072848342438803 -0.0769565308630998 0.0302138558595857
-0.10320195407314 -0.027198822908634 -0.168127580743824 -0.0628068579570162
-0.0704617311779545 0.0911599548507254 -0.233786656678811 0.012529161517315
-0.0121321755926944 0.123257352713506 -0.233583660550793 0.0309630641916707
-0.00472861836294933 0.104549440611569 -0.244246570962481 0.00700784248243452
0.00940449573733225 0.0977933449916164 -0.296990354934639 -0.0352484434498749
-0.029017270044701 0.0857676748478511 -0.31725927293372 -0.0706133494382236
-0.0555331706563438 -0.00614066306785877 -0.295073550423148 -0.130446659797834
0.0569186500093591 -0.100201619321721 -0.22101986146945 -0.174780650360294
0.180438179771907 0.0488634727648982 -0.162687807959934 -0.165921082410405
-0.000910054477653344 0.230183220322835 0.0313694484101663 -0.0628852502822495
-0.247702734230115 0.180938953528154 -0.0787358217120867 0.330484522937187
-0.363924546362426 0.197066065414778 -0.304430190229615 0.0193358653607448
-0.283335027803003 0.264602258193511 -0.626710763637838 0.298611085642304
-0.0449912145584589 0.267891644890744 -0.180196695572116 0.315024294273632
0.0471201737630145 0.106244261658081 -0.0156926099418317 0.0217539291793274
-0.0102734618179968 0.0747671904421706 -0.182943528081682 -0.0852531586352032
0.0259903221293551 0.124360776098661 -0.268564088535106 0.0324704289114353
0.0842991542888448 0.112985766479517 -0.235613050517078 0.0781462929212966
0.0909366063577055 0.0828988488698039 -0.21139310753276 0.0492392120957934
0.117489406521753 0.0690815411181099 -0.26341467515219 0.00080424392532735
0.102593042637406 0.100594589969658 -0.303892478367053 -0.0575270663101509
0.0688767066231719 0.0706786679798244 -0.302247775590083 -0.149960491282693
0.123354480843067 0.0442876348227385 -0.200570613209571 -0.221210226216381
0.177153387810872 0.175009270909211 -0.101229516417456 -0.190986940074112
-0.0202923166049403 0.334737781479211 0.0655814670887619 -0.0753253421958125
-0.261432582715618 0.3355418171196 -0.00233227798561453 0.266189259939627
-0.31303341620493 0.313270393159762 -0.186050303381724 -0.0483595120959926
-0.282559705654434 0.340260871152082 -0.600146560490777 0.290797202362576
-0.077440582453058 0.392684629157767 -0.133854898521406 0.402733540526664
0.0869913743983421 0.280881100172219 0.0578914958187916 0.0525932595788026
0.110075388743058 0.180810851945483 -0.16049308620991 -0.0715119589659559
0.143605554752034 0.142006276582706 -0.258558496575831 0.066306673283996
0.178864393774542 0.0800444398186128 -0.196821140957403 0.124793809667345
0.170913864524461 0.0489468168146628 -0.141809279550987 0.0852017309685535
0.200200595769486 0.035041783929022 -0.187740579932739 0.0269755426622125
0.211398470800038 0.105725943235189 -0.246009721990407 -0.0526204948078554
0.179610296850762 0.13854171993713 -0.271115960013655 -0.164913388007214
0.183013997385208 0.192569306259192 -0.164123969466931 -0.265067577291174
0.151683582211435 0.302389825688457 -0.0344749190237745 -0.243272445707309
-0.0588604484219787 0.406705421472967 0.124059027192889 -0.131912547476935
-0.251850074378858 0.431304888629872 0.0963115982293948 0.164504480864916
-0.192272385173856 0.397793124444391 -0.075393049877545 -0.134377187471591
-0.187358146582829 0.37981585603414 -0.524604039672359 0.275285573103012
-0.045902471319764 0.45510950749758 -0.0528110921363735 0.459533574317523
0.144561436697696 0.396865030277771 0.13526362378433 0.0870234701414325
0.234943643229014 0.251510199561407 -0.103052551485356 -0.0282094190568027
0.255611177852502 0.12983457892733 -0.192995676259851 0.107914695320917
0.251612139281271 0.0265036090065785 -0.115703953685734 0.161226763595229
0.223069861314091 0.00648665997356487 -0.048214502857355 0.1063901698661
0.246679675787838 0.00194274560063185 -0.0892917677611605 0.0424030087917474
0.277702334259051 0.101554396165936 -0.1566628820982 -0.0517828770171336
0.2520567794356 0.189441879812043 -0.199817387080304 -0.169903971480398
0.206888448369736 0.316287458013347 -0.0986047052480611 -0.291154985717716
0.0969770649768791 0.396433230477847 0.0442488048014388 -0.292575556200097
-0.108992708326782 0.421921436995148 0.199028457626971 -0.206747980612875
-0.215211976021235 0.457290411081798 0.206408417969064 0.0451109551471825
-0.037174296798175 0.404266921144419 0.00437967064463274 -0.23269536284539
-0.0681239868307617 0.330256547237473 -0.412579055288873 0.242341525646685
-0.00756965726262547 0.420067331778247 0.0502752524416713 0.44711826131327
0.178545357657403 0.425134011035951 0.198823257066461 0.0977363393764864
0.31869537803217 0.266109126582964 -0.0212622771085533 0.0252827992548063
0.324412073883025 0.0872171902908123 -0.0807614237412513 0.140311969054572
0.284441219812359 -0.035060969281553 -0.00308901224280657 0.173606492998832
0.239917475755865 -0.0361384139565903 0.0549609331514096 0.109217419593729
0.252395558522615 -0.029927034813466 0.0106108666047274 0.0492967546918122
0.293135101928565 0.0851773908636946 -0.0557409978897994 -0.0485081403067549
0.271060362335262 0.214579868001641 -0.0987848151026573 -0.157533831402402
0.175224732252444 0.388404247110201 -0.0066549473781037 -0.279436534920189
0.00773426140594776 0.415529573012967 0.13295418742895 -0.308975940266734
-0.151495597791102 0.359530889622977 0.28306706521519 -0.267583055366503
-0.146426131698346 0.409923599114445 0.31512955549855 -0.065427855940649
0.103131424619758 0.312730534048202 0.047103033410136 -0.315553293746286
0.00445085419785163 0.188249113770306 -0.28589746617585 0.191908486247035
-0.0210878674786733 0.316094911758423 0.139722760802633 0.367854686933928
0.156318531937802 0.39226585597975 0.224733494219494 0.0884125847137074
0.331545110808005 0.232742191599881 0.0646719632067731 0.077190187594801
0.324131632831545 0.0316603894185616 0.0539707566631402 0.153869710361614
0.268023804427543 -0.0860746288891099 0.116483480714648 0.159429987333113
0.223376727226172 -0.0720234383856327 0.148021707871447 0.0967311820711515
0.224074459023528 -0.0605379482068206 0.0957485517968464 0.0479689114272322
0.269567303316409 0.0530952963899372 0.0364439144421055 -0.0392250017401271
0.247754118778619 0.204648910106854 0.00679939339846982 -0.121250239879592
0.099517808931454 0.389401481968553 0.087022986228095 -0.220525860790469
-0.0872430535518466 0.342856122768966 0.209483796532194 -0.275841820696566
-0.150439310237162 0.228061417402435 0.363691758562326 -0.297044683565725
-0.0397733785315394 0.311615113172953 0.406443290882105 -0.145556608039784
0.197869661408209 0.146195679232416 0.0621619152970582 -0.358087263669504
0.00708935590780399 0.0100715902053116 -0.166091681509699 0.1330060377254
-0.0789453202019658 0.194229895412684 0.182218157907913 0.263192416150695
0.0945245198062957 0.323332609941934 0.213995301080074 0.0862401188304344
0.27984380126452 0.170515610657462 0.145088876981702 0.122060335224764
0.258938940803816 -0.0230697162953654 0.182846844529242 0.144978021473903
0.204634685914885 -0.116727226850371 0.220512252668228 0.125760073139775
0.173653820856342 -0.0967751005029118 0.218609322072202 0.0709778873481997
0.171894803608039 -0.0907375093744549 0.158886163765841 0.0371361594929841
0.225560703192068 0.00714751652634459 0.111584078732122 -0.0286515602700763
0.207980163607806 0.16542422189697 0.0956343464523135 -0.067846948959249
0.0242562837153049 0.329576747562701 0.148177547727933 -0.129033295844095
-0.141532806508173 0.202838755070861 0.244714407353766 -0.215616670311946
-0.0826566415391664 0.0711212084144425 0.425601491491246 -0.299174650721965
0.0956366720465553 0.197291254722004 0.464461343793461 -0.187492561100066
0.241261937261012 -0.0473815975522209 0.0603207195927694 -0.349271297988892
-0.0241349578731418 -0.148486246586583 -0.0787487816596053 0.0805717332678683
-0.133861968641768 0.0743567446586291 0.172048430476425 0.187206532968298
0.0237157051089616 0.222023456931881 0.189883263285676 0.112448246067697
0.18106576167541 0.0895164310247734 0.217224313572216 0.156214886478744
0.147604719335226 -0.063474170827972 0.281142505967885 0.118177884416258
0.10819113299191 -0.121303817933735 0.285090717472079 0.0779376740748122
0.0996213402507814 -0.107868454220082 0.255724040249613 0.0351682912628984
0.101977098761784 -0.114930561995307 0.201531578632178 0.0114410993739675
0.170713324270842 -0.0423942581056278 0.173345328065478 -0.0246007071654469
0.164167614856751 0.108788378591383 0.160815891713109 -0.0100475779741375
-0.0256231994601087 0.225102500289268 0.160201468633921 -0.0393400629014944
-0.126965265730919 0.0421091782902397 0.231837355001328 -0.179866031190653
0.045772742261011 -0.0589271773303803 0.474080549322974 -0.304334000107996
0.237702614982102 0.0915123154121777 0.47603116012624 -0.201458502789235
-0.339547653638466 0.10216995746911 -0.405741449926013 0.0860799356524695
-0.185225568660905 0.195262470802071 -0.604798519409649 0.332896832436759
0.0440593970208943 0.114352352806886 -0.204478918360881 0.257191757583228
0.0215626434703091 -0.0767707242492764 -0.0767078956741654 0.0302770529565314
-0.107970015440268 -0.023108382022371 -0.176591774240649 -0.0585072686540008
-0.0664243098680898 0.094678183128743 -0.237288878197862 0.02265941578548
-0.00388980634693951 0.126373224949158 -0.23561829572808 0.0411584101682396
0.00179425854755998 0.108059734552231 -0.250746002917072 0.0170463485964036
0.016453493229907 0.0996884663317817 -0.307295842621433 -0.0252519224853008
-0.0231064666373976 0.0902574299755186 -0.325457855101555 -0.0610674152509106
-0.0565565189017752 -0.00109288785614827 -0.306324314609596 -0.122818929632382
0.0509225268590107 -0.103636950056918 -0.233324594530054 -0.168178387809399
0.184500772468719 0.0407251922617717 -0.171149596644321 -0.160580224959562
0.00806845056281441 0.237097675115728 0.0318731777379673 -0.0683666442115168
-0.24457467236828 0.195748129613348 -0.0664894455863056 0.336763144655785
-0.361298727443204 0.213140107057329 -0.315823721954933 0.0255298668617563
-0.278638832174232 0.281227361735093 -0.627846268039331 0.326294214339883
-0.0340435676303625 0.271272705209642 -0.171026542056511 0.328699202060819
0.0512791542614497 0.103880160082771 -0.0160750943860426 0.0178128840846506
-0.00797153118274695 0.0770711829665051 -0.193982864737194 -0.0814923131675317
0.0331078627858771 0.124368962818435 -0.27213499600636 0.045972169237958
0.0929958863454471 0.112844632300399 -0.235972716563068 0.0883866398974451
0.0973891851165812 0.0831192805424015 -0.213524848076636 0.0580187893181177
0.123656089517631 0.0665007449498375 -0.269709086303773 0.0100580887203146
0.11119183484899 0.10032646684803 -0.311188122381238 -0.0484601833473803
0.0740182685279335 0.0719217408250362 -0.314899892208113 -0.140557193908311
0.124863013226002 0.0415384783231506 -0.215362039593901 -0.216351795017735
0.186253293604939 0.1705680030383 -0.109752106002887 -0.190095998332195
-0.00743574522006894 0.344638587373359 0.0666210121891251 -0.0833104748963342
-0.251845107028846 0.352423896644613 0.00811333638490108 0.268469026390951
-0.308795926344282 0.325621183215932 -0.198002412327982 -0.0463232332194524
-0.275164389422599 0.358188014097189 -0.599179845078865 0.319980250699761
-0.0623483394378001 0.401713230165373 -0.119283950231571 0.414477317399569
0.0990969831500312 0.281234321259542 0.0600858556270149 0.0449621087540421
0.121746391211996 0.179824225419338 -0.172169444389615 -0.0675226949610158
0.153151921612727 0.138349358458484 -0.260695338848421 0.0819036279294167
0.186625571399602 0.0764985330052176 -0.194844093855611 0.134600817481967
0.176735415045049 0.0453584800174888 -0.140746224449867 0.0912555545064609
0.205861978640345 0.0292051147599377 -0.190077065313228 0.0335316392995526
0.2226590728689 0.0999961959921041 -0.252140361148786 -0.0457752348195247
0.190551201359369 0.135988524533763 -0.284550599790618 -0.157141076468887
0.19312526301217 0.189997163550714 -0.180296285669102 -0.262674915799399
0.165095681752119 0.302405019679605 -0.044352721369386 -0.247224084140184
-0.0444963943421694 0.41861908683873 0.123187000869105 -0.142977841810052
-0.236953673076774 0.450073067666791 0.104840954011942 0.160807141917819
-0.183920125205287 0.408464736908993 -0.0873582875185131 -0.136915461569897
-0.179006163809693 0.394225646306694 -0.523897389201436 0.300631850395418
-0.0277271317909927 0.463699827320638 -0.0372489878455007 0.468478725603391
0.164652434234301 0.397131606023212 0.138794675504622 0.0772733190214665
0.253349611510135 0.246780587494054 -0.111581773402973 -0.0247719828239221
0.26666971366744 0.121582027835212 -0.193184005160268 0.123098425950025
0.256849100534534 0.0196077265826618 -0.110103523954296 0.167589383628051
0.226507127885456 -0.00013140263662562 -0.042907961609401 0.108630713879954
0.249744840716166 -0.00693896021149082 -0.0871399655616018 0.044785649482839
0.288427430446254 0.0928019947750989 -0.16114600707883 -0.047824341622501
0.266647952924649 0.184837349561749 -0.211834656020915 -0.164409412591233
0.223557654862667 0.315502366125409 -0.114775103162679 -0.291083983320794
0.112990324659991 0.401045784176599 0.0336765532769142 -0.302077180509095
-0.0949380540218676 0.435088491994642 0.196298481036178 -0.221392420355724
-0.198349482653214 0.472923344226008 0.212642632573561 0.0355480316659579
-0.0280420401653274 0.408937940993514 -0.00901507932435577 -0.239556819288009
-0.0582307318787096 0.339578029407515 -0.411653054491289 0.261554478223753
0.0105594091191489 0.429504393100087 0.0676140031082205 0.451205054358567
0.202214030067951 0.427159972909569 0.202777081216968 0.0866514591657401
0.340058196553488 0.258159499847146 -0.0262712301678201 0.0278219187738534
0.333757225851579 0.076204279056758 -0.0762183461761536 0.153343470100059
0.286808168724231 -0.0452293887324953 0.00416594010881182 0.175651156825105
0.240844228733573 -0.0442624941854846 0.0620511079511252 0.107632813225027
0.253642150191957 -0.0393850722981075 0.0153209546874419 0.0477117675211705
0.302396498929938 0.0744680422497085 -0.0582550090425236 -0.0478438113497295
0.286158436866616 0.208134735056567 -0.108369572481923 -0.155411587967671
0.195414502238493 0.390162607675557 -0.0203721758813495 -0.283546730783162
0.02366307966028 0.423570017820651 0.124095246899824 -0.321246150054005
-0.14075769706082 0.371805218375629 0.27913754711259 -0.286634511435992
-0.130998027845285 0.419806445710332 0.31921183430003 -0.080033839265582
0.111661437263966 0.310699552778655 0.0337928670468944 -0.324491257817
0.00907307546597805 0.193639699636933 -0.284721862925152 0.206344305420063
-0.00786553745323173 0.325564228369347 0.156672347286349 0.366851922015568
0.177703191044983 0.39521846232062 0.229228521214941 0.0766324157474722
0.352676421415554 0.223334064288334 0.0645862588677744 0.0786124049500177
0.331020713886118 0.0190583080296346 0.0614899330197039 0.161610870886066
0.265771890337724 -0.0968365195232749 0.126439675626369 0.158129867050833
0.22224294336733 -0.0816708660168813 0.157135834186682 0.0898312983858704
0.222406258130503 -0.0694039260651726 0.102411887597655 0.04350063696227
0.275841875856309 0.0421944957717115 0.0353509407950548 -0.0411963004430614
0.261623374161918 0.19766475499164 0.000797602179220569 -0.123164205191052
0.121145805856114 0.39405286702725 0.0785907395943144 -0.227397288149139
-0.0759908331994929 0.352692860049453 0.202980352422812 -0.290561337159032
-0.146320735057859 0.236230271520989 0.358852225452817 -0.315885121082091
-0.0284770576357911 0.314319571239773 0.409859272824066 -0.163176506051489
0.201045036899032 0.1386548281148 0.0488415201595542 -0.365754903375834
0.00457403594325526 0.0123297832624278 -0.163569658196928 0.141466249719291
-0.0730042394508953 0.20385694431093 0.196029948747164 0.258637311134418
0.113502881863062 0.327513549135056 0.218637566241181 0.0767355318171876
0.296599573327726 0.160394095972209 0.150622510408748 0.122390886118604
0.261334385712884 -0.0336523342560302 0.192715308390434 0.146362159127901
0.199313469223836 -0.125663290332596 0.230354845587678 0.119364318841943
0.170881608117486 -0.105898203304801 0.228030955894505 0.0619308712815336
0.167787883982213 -0.0975989559378578 0.166097946276394 0.0306301013140458
0.228866900544036 -0.00371728269978339 0.111763038246732 -0.03328254351418
0.219313353413571 0.158237619725919 0.0943797806391242 -0.0727480549242771
0.0419807887924009 0.33529475667692 0.145432595359186 -0.136178473787924
-0.13719714756989 0.21242977727095 0.2420875216974 -0.229500026414545
-0.083931328088473 0.073229346945335 0.423473247058069 -0.319064029371606
0.104333972928533 0.192863027699205 0.469690936363254 -0.207245285145462
0.238303201631902 -0.0589475705681618 0.0496738755792818 -0.356058437783886
-0.0325958264725389 -0.148323102240613 -0.0769479524382382 0.0849797102628812
-0.132470363395888 0.0840880365949381 0.183094029912147 0.181943017486182
0.0365321238409505 0.226883613516422 0.195438927789983 0.106474917868521
0.191785294678428 0.0827055350636652 0.227592524749676 0.153297662274513
0.145609532627118 -0.0707078400344001 0.292151740637561 0.113396184902982
0.100627720429899 -0.128138827054651 0.294673708936086 0.0699230941503213
0.095157273826056 -0.114930131096871 0.264533309992795 0.0251064196990401
0.095848285874121 -0.120884162198807 0.208427390052157 0.00368620258196282
0.170067816470046 -0.0525869313198423 0.1732930209198 -0.0319907747535698
0.172755247158005 0.10172136207869 0.163038381428989 -0.0164946503041998
-0.0137075244462746 0.231205686009731 0.162452362138978 -0.0455841350338852
-0.12788836257291 0.0481431081112959 0.2297037220759 -0.190732815651911
0.0428530140302062 -0.063940937127962 0.472320118517479 -0.325992048681575
0.244242429460997 0.0806570618287142 0.48234796777102 -0.22033216989948
-0.329820216020743 0.120438315875366 -0.404759937629851 0.105766039937613
-0.172389066194156 0.205495140292539 -0.582393044734119 0.365677443296128
0.0506604067606617 0.107702163126621 -0.188178662250296 0.268889711598911
0.0136721567033448 -0.0794577412197119 -0.0747413008844069 0.0310767740038528
-0.110811260077808 -0.0151975625621672 -0.182008332858136 -0.0482817505399072
-0.0586650839679945 0.0974116860194801 -0.234480391464325 0.0379370443781195
0.0069302804191757 0.126467481125896 -0.23205803497815 0.0550274731428668
0.0106106058398942 0.109296511044852 -0.249755374973279 0.0319484746927515
0.0249652338668548 0.0983281452780509 -0.309799461998612 -0.00622500091321326
-0.0143852536875443 0.0933103927355828 -0.327766317451227 -0.0431406969223988
-0.0561045381122248 0.00464062840838856 -0.312220991582259 -0.104169745212153
0.0415592121457625 -0.10491134680552 -0.242280356678428 -0.152499913382448
0.184105614194178 0.0277570917569086 -0.178507981414811 -0.147221372971214
0.022935695648412 0.237492144803492 0.029550424640798 -0.0741971818664274
-0.230345712206951 0.211128417061459 -0.0460732172260627 0.336174866501693
-0.346480385426703 0.231662206809712 -0.319591437756523 0.0404735828007146
-0.261364481952976 0.296126695598499 -0.605169379713694 0.360013572369561
-0.0172402564528307 0.269479367548265 -0.149839311257323 0.335915423800592
0.0556815548098727 0.0992399536668141 -0.0162799054762883 0.0137275635976265
-0.00345776002949195 0.0772346291738639 -0.20192624646854 -0.0693487949181981
0.041777584855831 0.121446597399149 -0.267466535595182 0.0647923591849822
0.102208182775789 0.10795464704357 -0.228381159204939 0.102219933437318
0.10296172072031 0.0783256408848927 -0.210166538504227 0.0709004625410827
0.128740373648097 0.0591963391738395 -0.268707266234956 0.025290208285319
0.12033186045629 0.0940888429914141 -0.311917698318118 -0.0311596599232885
0.0795836630404994 0.0691713267057766 -0.322945021639005 -0.12150530027345
0.124718404624744 0.0351751614584923 -0.228540508215574 -0.200470443383718
0.19381356098272 0.157846883703432 -0.119805711722391 -0.182049777452499
0.0139647560118319 0.344535967054389 0.0619276029749532 -0.090835766197378
-0.227090193063738 0.366969228830627 0.0246183797172503 0.26358728454061
-0.288142190502931 0.341366734610392 -0.206054576593799 -0.0380607051574585
-0.25397913675726 0.371968951714666 -0.577978957355672 0.352666002254402
-0.037393874662268 0.400776359970151 -0.0931587307752967 0.418330368812084
0.115426515610338 0.272385509806014 0.0597081835570076 0.0355750762662426
0.133414697749421 0.171598914827618 -0.180682372455123 -0.0566875371259321
0.162442961917498 0.127246322021319 -0.253818869527383 0.101799603176036
0.191850799649791 0.0660323610800533 -0.184683452996054 0.145859723184946
0.179369433202369 0.0361371777293482 -0.133953825084423 0.0986300225737677
0.206874687526537 0.0169735871465369 -0.186232175785065 0.042667371779001
0.230278240402685 0.0869690404080381 -0.252500253016167 -0.031862437771004
0.20008071522637 0.125393432913744 -0.294551105985345 -0.138683008034758
0.202783224268615 0.179309846265552 -0.197225555035303 -0.247924266668661
0.181841762871122 0.290062093848173 -0.0584225939986072 -0.244147847012693
-0.0192929239901834 0.420973544046598 0.115158467991406 -0.153412802766797
-0.206011881574874 0.460463755718436 0.113491644371144 0.150449045516245
-0.161985878192265 0.413937094788601 -0.101257213502975 -0.133855505865166
-0.1545831943837 0.403431615148143 -0.505125840557826 0.329040695473649
0.00198466006188579 0.462847122795717 -0.00824447846131906 0.465891704520184
0.188718144554593 0.385330748303192 0.140365139442876 0.0633836404651495
0.269827909705668 0.229576067848465 -0.11804251817018 -0.0168033976741892
0.273700723644056 0.103758126676666 -0.183457050744715 0.139654684927228
0.257072158040141 0.00512954052774266 -0.09865265268322 0.172503927999747
0.225122553322581 -0.0118606156779957 -0.0351585621012326 0.108968726396134
0.247057549294036 -0.0214951143317367 -0.0824470090166527 0.0478973446647108
0.293535321809088 0.0745595959061444 -0.162385579997188 -0.0390851810223872
0.278402919405655 0.168647440363528 -0.22258370789522 -0.150548958532403
0.242043366674943 0.30137507379019 -0.13413433981336 -0.280726363499924
0.136158861067373 0.392563578293481 0.0150627966707808 -0.305085840973153
-0.0688580847990655 0.437499101673708 0.182149166403584 -0.235628940565806
-0.166954774157672 0.478208921239195 0.213557581492204 0.020216653375797
-0.008675517830426 0.403872864762036 -0.0282590115713752 -0.238914359920369
-0.0397144639468516 0.342374638924869 -0.395281759338714 0.284481722429235
0.0378909952028628 0.427097548830699 0.0942283055195828 0.444164361365194
0.229124945226666 0.411833363972177 0.20349649238142 0.0688598612957764
0.358558242513947 0.234028689301355 -0.0290478403174294 0.0319245656891736
0.3377801890315 0.0551013403044953 -0.0654476086459226 0.163248816992115
0.279376296033979 -0.0595512022500042 0.016469716758224 0.174552160897016
0.236156884561672 -0.057657664216525 0.0704377281413908 0.100536346041079
0.247823834977786 -0.0533147532912059 0.0211820485408871 0.0431838455236004
0.305509837630087 0.0557662824728683 -0.0606944169074674 -0.0447515559754858
0.299561309182055 0.18874884143342 -0.119344021030606 -0.147133540893883
0.219618145474508 0.376903541649144 -0.0391345251095247 -0.278660105851814
0.0485026291733281 0.42097716220983 0.103348267829732 -0.330154444406456
-0.118999378153136 0.377395212969927 0.261217933310876 -0.302837979197861
-0.103167918142187 0.421031248186803 0.313323472958889 -0.100566045143818
0.123207661142247 0.299467917911439 0.0111985877247177 -0.324067609995906
0.0187524406149178 0.193189347354849 -0.272268956166538 0.221709833902379
0.0128771382432944 0.326749935873033 0.177157638354126 0.354232720440175
0.203254739855434 0.38194730189742 0.228534876397528 0.0595050292024639
0.37010957477866 0.198635426988135 0.065994250051275 0.0783270155776053
0.330762840017212 -0.00136991613234425 0.0730316525297456 0.163131811630859
0.255197511516301 -0.110267736860858 0.13679654443149 0.149666420209928
0.214015868255531 -0.0935153903145545 0.163821040881025 0.0775368634879234
0.214552185796333 -0.0810282896097698 0.106903555141849 0.0350079614696013
0.275910425057678 0.0236315502207334 0.031789089585335 -0.0430643511692378
0.273586772086553 0.179399970348071 -0.00826420488625818 -0.121826365600735
0.146512302508215 0.384769383502528 0.0628860873733098 -0.228858993161977
-0.0549465391914259 0.35601927555354 0.185585338078652 -0.303210513529878
-0.133780130858251 0.241825886357655 0.33861467714794 -0.33528865909777
-0.00971951384853373 0.310493044591904 0.400574332878897 -0.186655274841389
0.202328477897402 0.124365719982946 0.0260208403133207 -0.365524500574002
0.00276110727062671 0.0142344244120564 -0.155030481070265 0.149471961574051
-0.0581130146411557 0.209764081696332 0.209332775244696 0.24298909215378
0.136520910795418 0.319651213849115 0.21782321327306 0.0619616638493716
0.309751061045951 0.139326901091423 0.156243477102911 0.116460946893696
0.257171651382658 -0.0486813500784287 0.202831185404552 0.139392479501636
0.186932617114849 -0.135452055381353 0.237576205454005 0.10493495692755
0.161849009414801 -0.115765702784258 0.232725235941541 0.0456275095525178
0.157705882380236 -0.10591069078307 0.169735979224856 0.0183603047615497
0.22529259282207 -0.01929846139334 0.107874429846253 -0.039366120734463
0.228655035305854 0.14288305936355 0.0886486293291187 -0.0775317036056423
0.0650843895700315 0.330998275143463 0.136527333075863 -0.14320149979322
-0.124064264864387 0.21971450050547 0.227868536047185 -0.242713422425818
-0.0812305643588081 0.0758107737411699 0.402942249139093 -0.340258453861147
0.113557019304913 0.181344389359208 0.45830945987115 -0.231932614587724
0.229460681408682 -0.0732972953459936 0.0296403092886534 -0.35559411548247
-0.0435200674335023 -0.14263814013727 -0.0715238106744557 0.0887959162094725
-0.1255737915437 0.0948242121711627 0.192863859159406 0.168015109268232
0.0538038282268305 0.224050088187648 0.198786316678613 0.0940171519215438
0.198426208519582 0.0677231546931906 0.236308687820826 0.141428941483638
0.138726299430155 -0.078821485745623 0.299433387026862 0.0989291057954121
0.0879333998305206 -0.13330792018146 0.298968088620841 0.0528257257276654
0.0850723600844881 -0.121604454346252 0.266898873991509 0.00821848322813283
0.0846488190326617 -0.124580142104829 0.209087280901911 -0.010252179958755
0.164073293882054 -0.0644378437086834 0.168985896309597 -0.0411459582743204
0.178686977178091 0.0880231228390061 0.161436182837987 -0.0260210677489509
0.00464583564732328 0.231408891679361 0.159112179557375 -0.0541280342766142
-0.124912108365714 0.0554054679449348 0.217321756055912 -0.202565216571998
0.037456178023465 -0.0677000968197927 0.451007865187029 -0.349994849116595
0.244927130922243 0.0617317169306807 0.470114272385598 -0.244825384233318
-0.30889914961325 0.131896728033394 -0.390285289203194 0.117665179430622
-0.154818587525606 0.207011556983718 -0.540049492236617 0.378786923315071
0.0536685733822837 0.098340895672659 -0.166460764822273 0.2669585621859
0.00676394844704793 -0.0776261387791692 -0.0713204889267422 0.0300864864059972
-0.10868865777605 -0.00760631352091062 -0.180989162505739 -0.0370935776632939
-0.0509681584991072 0.0954476020767832 -0.222737592596831 0.0491169248464202
0.0162093569660996 0.120634044935974 -0.219265438121148 0.0653612340843628
0.0180486553220485 0.105600206153985 -0.239342548075798 0.0435954627882507
0.0304672989979938 0.0926431747604223 -0.299633738968618 0.00899017477483362
-0.00637856181978937 0.0913186127084453 -0.316973142536242 -0.0272489723857608
-0.052999970142428 0.00966916634465348 -0.304429904756207 -0.0859162473743059
0.0325536492789082 -0.10143634214008 -0.240542815253023 -0.132662642058595
0.177359798145623 0.016209767047538 -0.177234880148966 -0.131198161225312
0.0352459608660771 0.229429546912996 0.0255382790610548 -0.0764821075779661
-0.208487817867997 0.215095704902608 -0.0279897751390993 0.322434122543304
-0.322015694291639 0.23764438372486 -0.311202568533146 0.0507568668937073
-0.237300465243782 0.298052315937563 -0.563679656347701 0.375915070476251
-0.00314770425201009 0.257212888565857 -0.126565383958134 0.327808656148714
0.0564908909735334 0.0908532424624037 -0.0166988810979139 0.00980757436793465
0.000141912571963506 0.0753612899383973 -0.200719665899686 -0.0568779576198338
0.0476477824560916 0.113857819059326 -0.251945306804658 0.0780600889857509
0.106192386193617 0.0989748230034272 -0.213542671427769 0.109561427932329
0.105216298996664 0.0720022192218391 -0.198115422714237 0.0784565071946957
0.127481728264593 0.0502929468342141 -0.256983289531118 0.0370908496368342
0.123506545668418 0.0848751635414131 -0.300897124396772 -0.0163976041324359
0.081054231181141 0.0645141943478117 -0.316880517330143 -0.0998889819703132
0.119924912928906 0.029415935756293 -0.229454240789125 -0.179355219101335
0.193281822410574 0.14186379903883 -0.12268337815155 -0.169129213099749
0.0312981033538683 0.332001441214996 0.0556007633987999 -0.0943665206839832
-0.197357800218154 0.362653686208619 0.0358766011420704 0.249324824670838
-0.261796129016386 0.338789734821779 -0.207502419403105 -0.0289070505874196
-0.226363022559091 0.370296010526815 -0.539113856383804 0.365120749484475
-0.0136460431965552 0.384952090430514 -0.0702538963217286 0.405367830894969
0.123167173310404 0.254482433478607 0.0565204884898032 0.0262799106597733
0.137675421274255 0.157655462291349 -0.180652755595083 -0.0441300434559457
0.163658447508289 0.113945013492692 -0.237113460234223 0.114593469948832
0.188515135969013 0.0553835633874206 -0.168800100557362 0.149155379365027
0.175264682603186 0.0276247347730721 -0.123342082582216 0.100452051740841
0.19908693524939 0.00638656257513794 -0.175873228885131 0.049297820668335
0.227182017413248 0.071567545559378 -0.243967504871262 -0.0192341617081321
0.200303314576602 0.111401221617118 -0.290364436305781 -0.116856089847661
0.202987239361381 0.163278107254587 -0.202208438228891 -0.225953355408098
0.1887623422714 0.270597229917054 -0.0683889593708071 -0.233211468310962
0.00292468879314932 0.405415543570114 0.102683326414266 -0.157102362729392
-0.172560820952385 0.449445626381736 0.115649166193987 0.136933154353796
-0.138773113504115 0.402865454173059 -0.110365797739089 -0.124982272646597
-0.132025020780257 0.395783633951902 -0.470296763499737 0.340243599546153
0.0255561796867409 0.441832921176754 0.0159143544720686 0.448424041213898
0.200575153503459 0.358853352947041 0.13451946620835 0.0489043334700114
0.273857723711269 0.205318979358065 -0.118858979580048 -0.00806637576846899
0.268516868035562 0.0850302867742666 -0.166816314605178 0.148961850833821
0.246462150578335 -0.00596581026103546 -0.0850122855370134 0.170942165347415
0.215931245379661 -0.0206357045794981 -0.0270594249647637 0.104648921728978
0.235062230224435 -0.0320627489389854 -0.0747993622915989 0.0475157337946694
0.287126493748686 0.0558284770818123 -0.157232180302946 -0.0303155070498299
0.278008644268895 0.147122875235835 -0.222875624055272 -0.131062149183971
0.247818820703575 0.278012254208504 -0.144155460200826 -0.260064622938609
0.150293894723726 0.370154676118672 -0.000745986724205839 -0.295394429682486
-0.045404807451349 0.423962843085141 0.163111598661756 -0.23814925153279
-0.133724471960184 0.464293714049716 0.205639497121863 0.00663871382621133
0.00757107364630283 0.387120094756563 -0.0442565885586077 -0.227932126962361
-0.0226517457890057 0.331514359124247 -0.366972332419106 0.29089655720677
0.0594803903223756 0.408074107095481 0.112399113760055 0.421108555850642
0.241600182120173 0.384714076078127 0.195364583495952 0.0524822970767766
0.360939393224934 0.204042994323411 -0.0306501002660276 0.0349415900241932
0.328978476954857 0.0353074922304185 -0.0520615123524789 0.166220091766149
0.26485787999693 -0.0690647671455806 0.025311727029194 0.16665049085251
0.223361079509739 -0.06558692964895 0.073730635941788 0.0902665861674044
0.233496072098003 -0.0616232605064342 0.0245714195578731 0.0375816778502385
0.296132729050982 0.036486120794127 -0.0609301860000186 -0.0401137680464973
0.298882382049971 0.165562345276111 -0.124043781384672 -0.1342174176666
0.231350276686659 0.350648970662329 -0.0518611503545362 -0.2632994087876
0.0676854551281873 0.401009127693945 0.0822463237233624 -0.32475197005454
-0.0968036663612634 0.367379175815096 0.236121100828427 -0.305474610008952
-0.0774237163147626 0.404685390048714 0.296082180101792 -0.113184891428639
0.127542755308617 0.280089961648944 -0.00925242454186706 -0.311279251656136
0.0257676408659507 0.185951206063649 -0.252212475397935 0.2251453177281
0.0311669259763994 0.31309337539004 0.186520627204116 0.330321407828484
0.21792588613011 0.357237243725391 0.219442031668282 0.0438697444726018
0.369409587620571 0.169076283647726 0.0647682042058477 0.0752403675525533
0.317330990097543 -0.0186721736293616 0.0817025828778348 0.15873572682242
0.237466073294226 -0.116094832568315 0.140143567038463 0.136970037209336
0.199487478816441 -0.0997705053483777 0.162585418922011 0.0638418199680452
0.198690470381911 -0.086758404625058 0.106624659567577 0.0249916491974301
0.264438203795852 0.00702152084944483 0.0278804647496984 -0.0425985757993939
0.272833393320035 0.157897938471835 -0.0152022520077843 -0.1153534511095
0.161111079984215 0.363014473080148 0.0490557047922922 -0.221099156186201
-0.0354318610623758 0.344845146562388 0.163038439878818 -0.302168779291337
-0.118611581853501 0.237891608156354 0.30970993247536 -0.33870890346145
0.00534996927354216 0.294039360185961 0.376748484820241 -0.199522725215142
0.195205433728507 0.109763469680283 0.00612480972153082 -0.351735052529142
0.00200221014531962 0.0158908274533716 -0.142777015439122 0.150285973003929
-0.04289776775741 0.205780131366141 0.212592300348717 0.221949118642104
0.150193895317172 0.300258573852258 0.210196918265358 0.0472413751810522
0.308274070075849 0.114585545090046 0.154710637536095 0.108403558996372
0.244275549977251 -0.0600177096580368 0.204870836603474 0.127377449435472
0.169032577833875 -0.137373647784674 0.235081086439245 0.0892323370815031
0.147223688227706 -0.119436185217227 0.227063832430766 0.0299386506715011
0.143118740324714 -0.108253866992151 0.166269292054595 0.00731205204254548
0.212816544772036 -0.0315908833547495 0.10071462770158 -0.0420272808995619
0.227610212400646 0.12330963357079 0.0802888476544063 -0.0780258526645664
0.082350376267999 0.313872361150326 0.123251544011731 -0.142575801740675
-0.108988921101752 0.217645507571659 0.206634092253061 -0.245505556097747
-0.0765261900906019 0.0755567963413914 0.370837149400229 -0.344857101497724
0.115494272587096 0.165115184018865 0.43227545604131 -0.243661581227922
0.212091752096805 -0.0805510326383625 0.0124653125515522 -0.341957676666237
-0.0495070278170254 -0.13197379267705 -0.0649225352365715 0.0874218761372875
-0.113292979628769 0.0992720902484701 0.192565489204021 0.150591943659995
0.0664328490113461 0.212690302497108 0.193626860422817 0.0807055743478853
0.196795850345206 0.0515414270673113 0.235116601284925 0.126773826092755
0.12819161428358 -0.0826329156130678 0.295312114880607 0.082769992619904
0.0739464110899418 -0.131104929945958 0.291616179283712 0.036208195339561
0.0729717707339481 -0.121741728136655 0.257564580188853 -0.00721456920013425
0.0718196185391433 -0.123321640057431 0.201268258438216 -0.0212122573176901
0.151307347283076 -0.0723340588610191 0.15845751673908 -0.0468788281132547
0.176393856155609 0.0729737651414109 0.153922119466993 -0.0326946459863047
0.0192750470611012 0.221456364767811 0.150779792637976 -0.0588664791706456
-0.117275560690749 0.0594067579914772 0.198226473299392 -0.204872652380171
0.0306048704096386 -0.0677825023797573 0.416699555330839 -0.355206931895187
0.235071096399708 0.0453154756682157 0.44488182852456 -0.258255714464524
-0.273640224010354 0.161678933940863 -0.365825069823598 0.174764131707995
-0.113183348818091 0.221906420363812 -0.462266692922416 0.44880102992847
0.0640434873623578 0.086353716372192 -0.113489917847655 0.284004189782418
-0.00680438436052369 -0.0700088484209422 -0.0619539169808338 0.0317883844225017
-0.10373269814034 0.012266680429789 -0.186026266905238 -0.00829636969331709
-0.0354132542907708 0.097601685951848 -0.20612132591472 0.0839082619734788
0.0331868156435751 0.110587122603084 -0.20206879909197 0.0985381581533879
0.0305245678572048 0.0993836335641622 -0.221465315882282 0.0772230106105125
0.0411697207538926 0.0857884171320398 -0.28749732314549 0.0518638717664668
0.00637393768151334 0.0887631415539951 -0.308363068368583 0.0205127831664708
-0.0505599138751143 0.0179487142637605 -0.300877775064766 -0.0352976581770569
0.0127480558089298 -0.0999674359306776 -0.245097191191434 -0.0860883907957045
0.16371295277304 -0.00581361922669939 -0.183667536387267 -0.0925249388056313
0.0641241789010965 0.210187293664514 0.00732487646118233 -0.0819029143756375
-0.169732171329297 0.232389584313399 0.0153226980405139 0.300963478533231
-0.275160619306773 0.258737992112662 -0.30508182505087 0.104718412195677
-0.178604699314891 0.316677146422012 -0.488371224707308 0.452386295142182
0.03366720072922 0.237911944670456 -0.0737798313930773 0.345985034541251
0.0619425626803189 0.0756680888756795 -0.016931424979912 0.0157327280944899
0.00691961760114608 0.0742599310423197 -0.202514010519976 -0.0171130689653241
0.059412278533995 0.104196168100416 -0.225017719041748 0.117983887768636
0.114059529599208 0.0801412611281539 -0.186382476532646 0.141867256270516
0.108638931487994 0.0587289834931329 -0.176476250505987 0.103431402693016
0.126392061192212 0.0344515788731923 -0.242442088578807 0.0735176440781629
0.128270650822349 0.0655780122072961 -0.291661960257287 0.0316400371859066
0.0811219398539117 0.0548275877492769 -0.31601299581028 -0.0460682712459759
0.112811241631531 0.0125234299925874 -0.24398581626309 -0.133293151517468
0.192120175079802 0.108656571373078 -0.140250063705506 -0.13620405051941
0.0740152196702687 0.305002585667621 0.0298086944700327 -0.104472628290679
-0.143090557034219 0.367784188444651 0.0640238380615028 0.223472373910113
-0.209658157396994 0.342776473892523 -0.218760986130538 0.019913535544959
-0.159347623343398 0.381820703581909 -0.464978890564776 0.443386183591026
0.040598461202763 0.356824035741761 -0.011457315597884 0.416978481763771
0.146736810519826 0.214487839072865 0.0523573794732151 0.033089220540942
0.145066787692406 0.130260941020619 -0.173596702897998 -0.00158735618179905
0.168188532858829 0.0892686308043628 -0.199746660827008 0.151203975736848
0.184847672540144 0.0291844729026033 -0.13385818319405 0.173446569048258
0.169316626093749 0.00888989848433111 -0.101334114914874 0.113519500975507
0.187809635604194 -0.0159212179510511 -0.162860596759048 0.0736023273642604
0.223907348034849 0.0393179949016242 -0.238897048762323 0.0235196766406474
0.197779354678006 0.0848819575812303 -0.2942652736627 -0.0651806329429716
0.209336497853802 0.127941590425933 -0.228799399375482 -0.18226459019063
0.203156585943402 0.228385075219625 -0.101859058513066 -0.204288421867231
0.0570061853901721 0.376147049908595 0.0632369152042959 -0.171272249292084
-0.109879442791111 0.444230442150781 0.122671101406397 0.108458424927234
-0.0910908960180645 0.386227479176581 -0.137284869358738 -0.0811776698572431
-0.0687579581040774 0.391182017701723 -0.40116577406798 0.408969770473823
0.0865740725731847 0.403906793719834 0.0760738175953774 0.449918173670671
0.234176893624223 0.298725832678439 0.129599466540231 0.0524380506091537
0.278428707465557 0.154595207355419 -0.101186265069032 0.0283160344511784
0.264351453047087 0.0487085456619327 -0.12261189293079 0.173441578594207
0.230665569641416 -0.0351236321756506 -0.0463655911877878 0.182213387681738
0.201043482246839 -0.0409894203523702 -0.00866123595450762 0.102633788151486
0.216011082104394 -0.0562668242169868 -0.0665980852221807 0.0573619233731471
0.276975542861356 0.0165771019685848 -0.15796252839066 0.00131729036241343
0.274585155705647 0.109328885620588 -0.233679816132145 -0.0885552396516971
0.266861178906538 0.229636597846474 -0.180669707453106 -0.224117460711956
0.178802102243653 0.325462060974065 -0.0504177195091929 -0.274106417171317
0.0137387538148409 0.398037970662789 0.106907388727908 -0.255804667183303
-0.0708558628030185 0.450156048136639 0.189505624558338 -0.0251415373514609
0.0419253181004815 0.354242459354436 -0.0831245143827213 -0.187565385785984
0.0228912856218094 0.316956407777251 -0.307358738690687 0.346606905264693
0.112186732974211 0.366271143824934 0.165244258212445 0.408451243711241
0.276868009563809 0.314588597304909 0.188733583566704 0.0509001513130622
0.360177072598058 0.140535578095864 -0.0045295724951028 0.0569518380360746
0.313386496399672 -0.0068893001213505 -0.00723449795164506 0.171554625289232
0.237359061475665 -0.0958432562900998 0.0608621518226458 0.159930421754616
0.201844738958096 -0.084288107763577 0.0849510789986517 0.0744527256004377
0.209756877411536 -0.0842956152811989 0.0267404680479476 0.0331474706531473
0.282023964864585 -0.00244124388189082 -0.0672326733430574 -0.0224874461534696
0.296503405638862 0.123258665784783 -0.140391771779084 -0.105864366616267
0.261565740059138 0.300665736599114 -0.0950965978774103 -0.242688841971141
0.106666066341555 0.362439278759856 0.0215439123610829 -0.315455952425733
-0.0413792753021196 0.351267748833173 0.16608963510659 -0.329463166917428
-0.0247389639360679 0.386302810309709 0.259742487255016 -0.148349029455481
0.13982022354293 0.241678920755655 -0.0555488900214292 -0.274743991914565
0.0483880172686752 0.175578461540878 -0.206672640900197 0.260917581584178
0.0752463501501256 0.282679709737248 0.223376497627074 0.304359604426846
0.251982608373234 0.293537788417484 0.210367593063503 0.0369096604991368
0.365925109752045 0.104418923477987 0.0943492288844731 0.079542340579551
0.296715047555501 -0.0569159598094526 0.118773146667423 0.142699652350078
0.205157310892337 -0.136481211351803 0.167235370365702 0.113009166286272
0.175501201524832 -0.115006458632736 0.165012624280063 0.0365774984577549
0.175001739264869 -0.104560635155094 0.105089867804545 0.00909623012316691
0.248541261214491 -0.0270388433256314 0.0176102700583583 -0.0383612980453963
0.271715450030922 0.117340890060297 -0.0349264457274411 -0.105440618613878
0.199570756199592 0.319407553009879 0.00756412227708499 -0.21911950569758
0.00607324353655258 0.322360855198448 0.100535439668553 -0.308167465069367
-0.0772877347925031 0.232707571724238 0.232598470391699 -0.369563756744191
0.0405266920046916 0.269572676525653 0.324676834287563 -0.238235546553034
0.183058405485128 0.0757370267641974 -0.0424098405859163 -0.322413365171594
0.00531637641944372 0.019695599096852 -0.113724055387656 0.166198596585057
-0.00722393222301327 0.19277732440545 0.227108110834923 0.188885702131124
0.183393533343629 0.250392499166839 0.201521199170899 0.0380235024286427
0.302305484970669 0.0602183581901495 0.182473814218418 0.0919180965965964
0.222664567964344 -0.0888110718326247 0.22734322486851 0.093224123610205
0.137657597066091 -0.148933021354919 0.249809775434495 0.0522224946545969
0.123522890204675 -0.129221036683506 0.221344721682939 -0.00472523438226492
0.119592376024378 -0.118270430613166 0.15906624551841 -0.0169593422183595
0.195146848939207 -0.058553383041664 0.0879947762402696 -0.0488989654749889
0.22656031227544 0.0896278906331596 0.0619296416544265 -0.0857239854550317
0.119212158609328 0.283750209325602 0.0918716868967204 -0.156525269803428
-0.0757642142266206 0.211670078007989 0.151642561481785 -0.262491524186859
-0.0575035272141318 0.0765106004047817 0.292884141080338 -0.38077857840856
0.130524231130478 0.135308693762716 0.373644606454696 -0.286074023927166
0.179351779458041 -0.101901291443464 -0.0326724815162754 -0.324107910299695
-0.0613538097340909 -0.111842503593806 -0.0503855071127953 0.0883940795509772
-0.0859281935658484 0.103473721996411 0.194592452031732 0.116233063134419
0.09598519928664 0.181502779028513 0.190314107904023 0.0639990247974791
0.192310372032452 0.0153312089886938 0.254531759894432 0.0916392364574796
0.109731036868948 -0.0962905920712291 0.30121150190923 0.0348792831473679
0.0495686026891771 -0.131843283834964 0.292777570249041 -0.00795036950721922
0.0532658507384367 -0.124267515664203 0.245146918588899 -0.0438767155150643
0.0506951808421696 -0.124256284914404 0.190150305292436 -0.0491441306130256
0.131238064119356 -0.089548428171089 0.143146815282742 -0.0638374917403698
0.174215003097711 0.0476793543049506 0.13973368110909 -0.0549134585869386
0.049859253437008 0.205127875131589 0.132070562069415 -0.0810476095420037
-0.100815879494591 0.0663973305726474 0.152688199396654 -0.223647001489609
0.0248227109114535 -0.0704721728049142 0.335498495539354 -0.392099683838114
0.229198422841973 0.00963273398923986 0.3868012091916 -0.29658915480172
-0.265324561238291 0.148721231845999 -0.362926152747173 0.15681041480984
-0.113881495573808 0.212267538462867 -0.456149397694374 0.420738722235928
0.0591353341814588 0.0833453558128188 -0.113485414682008 0.271080933602621
-0.00724143586633159 -0.0669735136533652 -0.0615304154913015 0.0268297813654196
-0.101008236453331 0.0115173719730312 -0.181009681722332 -0.0118768559441157
-0.0360277529817183 0.0936145611455413 -0.198981009901838 0.077698367929365
0.0314872831765929 0.106158123612135 -0.195367854113349 0.0912911376666924
0.0300553252779074 0.0977628167785873 -0.215004106478242 0.0703212894875408
0.0390666011565199 0.083948899417397 -0.279830653993141 0.0444312412273442
0.00713034903417775 0.0865347327688875 -0.299191467522137 0.0108165099277428
-0.0485364114265829 0.0182936681886258 -0.288915066834716 -0.0420827359775649
0.0123511156621372 -0.0943068777511866 -0.233154679003543 -0.0883703294067043
0.156756122772948 -0.00255637980413206 -0.172647782821909 -0.0926042666077303
0.0587141675572721 0.205154214035198 0.00868327612024758 -0.082361977047813
-0.168834261736825 0.220296918502895 0.00837982797785005 0.289094038844805
-0.27097364615334 0.241403411913711 -0.303864849070364 0.0930417454283825
-0.179318050944015 0.301608507022798 -0.481439153110372 0.423957611107115
0.0265646632793331 0.229015575008408 -0.0775288393617605 0.329996817598566
0.0562381578584172 0.0739949393596193 -0.0186344769625002 0.0112964069561354
0.00475247333982923 0.0728956678000824 -0.198024063884745 -0.0198984821341742
0.0555975345702447 0.101166418901914 -0.217236461321575 0.110471552311871
0.11026371682415 0.0792919300405248 -0.180983548543979 0.133382604667418
0.106180266061232 0.0600007868196407 -0.172042081854294 0.0964191920477923
0.121929794965163 0.0363532709569575 -0.236562666061724 0.0651320182591701
0.124524973228084 0.0662252419221368 -0.283387167187637 0.0226928569392868
0.0784640724846303 0.0560311715778147 -0.30379672113209 -0.051379455019242
0.107036654256382 0.016357830825908 -0.232082468747855 -0.132856996799463
0.182302159587079 0.109408549933868 -0.131277645534057 -0.134931066728504
0.0644618702271241 0.296580141902924 0.0303085693786407 -0.10321545017254
-0.145471461794855 0.349736673081369 0.0556156806674712 0.21618343251942
-0.210749363573804 0.325515233933473 -0.217927781335985 0.0144466499874438
-0.163828133257134 0.365274690798892 -0.460577775422339 0.414955728355263
0.0303613861040951 0.343448687354417 -0.0190008996723727 0.402743382071287
0.135775786349526 0.210512294083814 0.0470326281345781 0.0286492782784624
0.137543337949901 0.129274280844315 -0.170552200733764 -0.00406093793541251
0.161562072655102 0.0894690446623228 -0.192415779545094 0.143831947415989
0.179010616794354 0.0327909493953596 -0.130168075530676 0.165120950127709
0.164520542755075 0.0136231127596534 -0.0992222706030946 0.106080436628798
0.180863353212864 -0.00988158266556069 -0.158226177603812 0.0652030849549395
0.216801244899684 0.0422479930395538 -0.230630551498114 0.0156284091296365
0.190512408881378 0.0870420183968927 -0.282462510836549 -0.0677115111229436
0.198650880203233 0.129753421830573 -0.215732846891898 -0.179881891888618
0.190690681876898 0.225379652009652 -0.0933814597543434 -0.200870658505975
0.0456583371609982 0.364150315125795 0.0633872819710115 -0.166207275520796
-0.114566142825352 0.423068089255522 0.115146118892294 0.105650084810274
-0.0986170678070547 0.369521288158887 -0.136522999673832 -0.0805053629240057
-0.0758025252411829 0.377612029868434 -0.399773884048043 0.385567101035017
0.075540578127226 0.390057554932515 0.0651967969809856 0.435146702412564
0.218537175772957 0.292901296696443 0.119929067813864 0.0494465028275465
0.26635596207523 0.153617231464725 -0.101873387544146 0.0270097888264252
0.254137981215256 0.0520578693006806 -0.11778381614476 0.167025292723114
0.222816498865901 -0.0276709896972561 -0.0466478513981235 0.174764583611231
0.195229013321968 -0.0336845251606328 -0.00983582006626401 0.0974046523074004
0.208284345892721 -0.0474384332218261 -0.0642441220130974 0.0503001168182012
0.267405236363167 0.021569173011587 -0.152663957833796 -0.00307324118115438
0.263643399545815 0.111553938441709 -0.223848128210787 -0.0880004596450198
0.253303000301086 0.22872406296067 -0.167681363278618 -0.218985969526835
0.16498392087127 0.318658952365986 -0.0438370341015895 -0.266688499480962
0.00273779751888516 0.383571242099653 0.107617746012964 -0.246293145662484
-0.0782269567061353 0.42814479581236 0.182720719698787 -0.0213371521280048
0.0278698813097498 0.34346340253894 -0.0809877494649768 -0.181130563252664
0.0141213005152568 0.30757017199258 -0.306573823660827 0.328614260957349
0.103047268056219 0.355187111470652 0.15286625580593 0.395777815004008
0.260135422341478 0.310694924631169 0.178430731219332 0.0501210982584041
0.345516204116006 0.139670779985301 -0.00783286682640148 0.0574796946630087
0.302469699819474 -0.000711506297983664 -0.00611362341431554 0.16824477542478
0.23030562966369 -0.0853023316176316 0.0573455553882507 0.155844910626627
0.196372600879633 -0.0759212344053143 0.0804816076768528 0.0714759006343074
0.202211456944009 -0.075070217009817 0.0264594960702036 0.029156773004559
0.271682733111152 0.00286344455352961 -0.0643625826523846 -0.0234749354042929
0.284396682774114 0.124500610026536 -0.133615792901542 -0.103588835143675
0.247131415059704 0.295867854896223 -0.0848813309819096 -0.234779733078895
0.0954296780565876 0.352424631239114 0.0260530490845782 -0.304362014156915
-0.0495842791173936 0.335981867713798 0.16666655003151 -0.314986803215336
-0.0335392383003603 0.365208338016574 0.253275768403919 -0.137906826933469
0.125086728512851 0.237540786810027 -0.0504750343437912 -0.265206201342513
0.0418714444878011 0.172144644756714 -0.207197483907571 0.247227341361474
0.0678011638388385 0.274136577096403 0.208062462392311 0.297781825842388
0.238494231107187 0.288870738662338 0.198440031744446 0.0388455645777275
0.35156950018956 0.105112500802918 0.0880369405125579 0.081052727165923
0.288226388927739 -0.0495387881082492 0.115150409965447 0.143091540265672
0.198758075964758 -0.125470665682356 0.160369161171707 0.112994433140757
0.170418313060187 -0.106726204738254 0.158501952247508 0.0368661661273784
0.168690205380366 -0.0941175065413311 0.102133371698454 0.00722490380992013
0.238701532969214 -0.0214444439952869 0.0180473968368739 -0.0360107692293746
0.260174048723764 0.11762841093925 -0.0320528600243013 -0.100911589090185
0.186636781548085 0.311197365944835 0.0130705025473381 -0.209277340574081
-0.00193001048390775 0.310435445550363 0.102286785433149 -0.295699974739797
-0.0820227766683855 0.221862057654705 0.233658931319931 -0.35062478126428
0.0314655795564921 0.257079716406672 0.321022645975559 -0.221885759859449
0.170724540504759 0.0794387672652416 -0.0348328606090531 -0.311003489305486
0.00360517709205943 0.0209406643182459 -0.116039995174952 0.158463375548046
-0.00923355283338584 0.18572353984683 0.214055381196494 0.186413027823485
0.174270471945761 0.245708452576223 0.191191827848706 0.0400989644347998
0.291725067467634 0.0612279188146266 0.174259281919038 0.0952032764056987
0.216085261116038 -0.0808635290190984 0.221582042917079 0.0970810698516799
0.134218379045557 -0.138621311692459 0.241552441430115 0.0559658908493831
0.119959702283478 -0.121772318789777 0.213735950376741 -0.00217435776235753
0.11515727867236 -0.109370484167111 0.154979064673044 -0.0151373125105654
0.18605988113924 -0.0527159924227795 0.0860694385631755 -0.0449077375771951
0.217278423615081 0.0894565404153607 0.0613136733458764 -0.0806585602590279
0.111194227311516 0.275519030299017 0.0932921318526836 -0.147448026595262
-0.0786017474965068 0.202794113728424 0.151124190110796 -0.250705168834374
-0.059948790356702 0.0715643962279902 0.292053329102029 -0.359950836884305
0.120412942035203 0.131220465090471 0.369545717372754 -0.266026285899544
0.172507631261249 -0.0922275628587145 -0.0233329664480125 -0.312665459034441
-0.0569943339311523 -0.107820824728084 -0.0521139708280548 0.0846136545849116
-0.0831210594669621 0.0980138059354718 0.184303307506136 0.115326898098349
0.0913844115731895 0.17748897469967 0.181437220962771 0.0663124405796358
0.185145358769323 0.015452140075878 0.245349373190996 0.0957876135370885
0.107284975204748 -0.0905118606816873 0.292313936356105 0.0417756240307787
0.0479561651570997 -0.124390416145127 0.283264396602765 -0.00095066436133922
0.0511577295841676 -0.11915220620451 0.237934622597133 -0.0390681420886636
0.0488666476869727 -0.116976304554756 0.184938119229889 -0.0451443423852015
0.125982352312422 -0.085003700500749 0.139365853627592 -0.0575989047539306
0.167386866090032 0.0478129429871283 0.136122409911574 -0.0502060533042182
0.0464486713757009 0.198332986873869 0.130713320614151 -0.0744178969017075
-0.0995162667536665 0.0623274308740217 0.151588237866157 -0.211714891947042
0.0238706106030516 -0.0676614794734697 0.332250033665331 -0.368863519044283
0.218692703070864 0.0136969790939863 0.383811449036222 -0.277031572210026
-0.270381963600306 0.137145187103754 -0.376236250253389 0.14116678530511
-0.121788881354306 0.209703994317183 -0.47287511727334 0.403232287245493
0.0559113574415008 0.0844117982641314 -0.121689416664885 0.266823020754588
-0.00723567165561641 -0.0675299658598283 -0.0637018396915287 0.0217513350041485
-0.102083793387428 0.0104087670351121 -0.181901194332936 -0.0182937427287074
-0.0394889412748688 0.0921698041992863 -0.200700615601641 0.0703788343455503
0.0287790449756371 0.106656109335341 -0.196806837230585 0.0857254060314792
0.029138313736558 0.0998206822594815 -0.217798743373345 0.0634983137130151
0.0373456621727548 0.0861203701312484 -0.283721120882864 0.0348988665836911
0.00657058943476847 0.0873520028132777 -0.301174822439379 -0.00103815382441583
-0.0487635601829318 0.0191175346875185 -0.287221018256261 -0.0538757218716684
0.0135071275109623 -0.0927341363037131 -0.229192242401953 -0.0978770450700378
0.155706426147202 0.00262777831204406 -0.167198998173832 -0.0985590176381305
0.0523264497955894 0.209399156870826 0.0113726589046228 -0.0861969346915271
-0.176437945604959 0.214787436923329 -0.00217387088783176 0.289210168265682
-0.281743534420174 0.230266454347714 -0.314912259671374 0.0801640443884435
-0.191062962664467 0.296196922684804 -0.500491955452207 0.404887781479568
0.0176373413023957 0.229333517657033 -0.0867404015294314 0.327260945859192
0.0523785594492449 0.0763498538397741 -0.0209074055998556 0.00717014479069876
0.00187698854765432 0.0739194130453383 -0.199446467747532 -0.0265317384701996
0.0522158774316622 0.103578765332301 -0.219878424114285 0.103928184618029
0.108464827577051 0.0833205665818185 -0.183564737736518 0.127868619282394
0.106754220331796 0.0650080506826166 -0.175315526805106 0.090417290207566
0.121735444821366 0.0424827220121908 -0.238880842858438 0.0559305690998078
0.124540469829853 0.0709008301381766 -0.285329277705127 0.0111415839879653
0.0775750223142401 0.0613453794054308 -0.302352105291086 -0.0623503030520164
0.105352260974111 0.0229106440102095 -0.22621500526069 -0.142631592776339
0.17737625446655 0.116148213145818 -0.125255463029212 -0.140328872717259
0.0533074863324129 0.300483649783819 0.0338475489542576 -0.105137300909317
-0.158776351245802 0.344231039893491 0.0472932398361972 0.217284795165409
-0.225848823132149 0.316282901524275 -0.226343107172299 0.00647484344858826
-0.179269358500975 0.361697236600122 -0.480203830599075 0.397451195971192
0.0176229726235939 0.344092280694808 -0.0314051618109296 0.400904029839785
0.127421874931637 0.215767686868656 0.0430703303235297 0.0263806331868244
0.133505841550934 0.134164855717924 -0.173976033885406 -0.0101474949639083
0.159137138282555 0.0949378108073571 -0.195419096543805 0.138951858696248
0.179047533821357 0.0398827799664701 -0.133940675678433 0.160897136319402
0.165863019985047 0.0207645175753879 -0.102744537863719 0.102332143139519
0.182128646534558 -0.00118090968386588 -0.16056386522273 0.0576011315976624
0.217163004695385 0.050168484235587 -0.232438459044983 0.00609570596478555
0.189946678506708 0.0952129807076904 -0.280773047194323 -0.0770027415697579
0.19327614625886 0.139518608407422 -0.207854173681956 -0.188184318093675
0.181941243409318 0.233605713825912 -0.0870369895895298 -0.205685375832941
0.0313077458518751 0.365204593247022 0.0680965026779564 -0.166665832918099
-0.131120943248105 0.416776882177464 0.111083660881619 0.108867034152002
-0.114296722821291 0.366730002387329 -0.14011276673102 -0.084401535087445
-0.0915984609379082 0.375286954215067 -0.416613954705668 0.371267490960072
0.0617635695947255 0.391802516963079 0.0506473948850696 0.436585214809434
0.20823125530303 0.302372139921068 0.115987757697156 0.049626647194071
0.262292222834628 0.16273319727333 -0.10583673374307 0.0245128714473464
0.253440461246963 0.0600378455487038 -0.120779637860979 0.165401658912349
0.223913383105336 -0.0174346249331154 -0.0509155515479437 0.172775644059771
0.197356778238311 -0.0255477263536377 -0.0128307724169653 0.0955294233487096
0.209662716348604 -0.0373152772055346 -0.0659319982017835 0.0452066274060287
0.267648183250644 0.0316653309205833 -0.153000009226094 -0.0101017662334732
0.261539947543701 0.121350166630218 -0.220652924314524 -0.0949407511646365
0.244567922713687 0.239717244648073 -0.15852828709759 -0.22433490502832
0.153501675431218 0.324627613948891 -0.0354019241961725 -0.269976279568685
-0.0126304216989003 0.384069137833611 0.116500381880628 -0.24432535722475
-0.0956552287101614 0.423006016694927 0.184251363199365 -0.0152251935570862
0.0115563010036285 0.345287134776186 -0.0787739956847064 -0.182864042960043
0.000807618507490504 0.309912771724685 -0.323419726997539 0.31806518804134
0.090403194645426 0.359117252380985 0.138799349155991 0.402079374108695
0.249894945247052 0.322108731745805 0.172581351743187 0.052778093217067
0.342762484269824 0.151389526171689 -0.0127387814838338 0.0591353531602876
0.303463103580939 0.00973361907379701 -0.00837452785768358 0.171058448978999
0.23292971989774 -0.0747694080619907 0.0533136250021559 0.157714974131353
0.199189096540199 -0.0680962843247002 0.0782890556484425 0.0730796151008711
0.20324785230727 -0.0643225347402503 0.0265544340657325 0.0263134127241876
0.271757582520998 0.0128784297266436 -0.0638380621108959 -0.0262160878531768
0.281589821588216 0.134355644923686 -0.130149787942409 -0.106487232899267
0.235410393729603 0.306453532422605 -0.0741848639329169 -0.236737853246208
0.0816891052302703 0.35739162560022 0.0353434371145693 -0.305225583646368
-0.0650137362110885 0.334495291478556 0.178155666847597 -0.30984526956181
-0.0494131321927925 0.361737282322949 0.259718818347377 -0.128152282996607
0.113114493109463 0.244845469214646 -0.0431900900361049 -0.26613761027822
0.0341126727547477 0.175352368313705 -0.219884873562902 0.242753969508582
0.0588341368622301 0.277427709139943 0.198305603274985 0.30571459365875
0.229331760077287 0.299546888932678 0.194700330697407 0.0438519413889084
0.350536857531558 0.115884951294585 0.0843852411978764 0.0872020126474405
0.290576153471256 -0.0402595214206408 0.114874706018718 0.150591245757521
0.203159801019766 -0.115793777671908 0.158203007515657 0.119013628835123
0.173013243666595 -0.10007764019167 0.157376501762574 0.0401785117622503
0.170794874190462 -0.0855515324440198 0.102377314894745 0.00758023009452903
0.237611796992352 -0.0128706038618829 0.0195006319305639 -0.0356240386274523
0.257714226502965 0.126192974440361 -0.0288766537423474 -0.100627892044992
0.176085325362863 0.318709693196934 0.0232774966600213 -0.208185450141407
-0.0140169303912655 0.311513255678061 0.111720578520297 -0.293628442201509
-0.0930144469209904 0.217846384297298 0.246741094019566 -0.341294533774243
0.019721478371584 0.255769201582041 0.332202425307104 -0.210076549967923
0.16569388003949 0.0880171159009384 -0.0237155722331941 -0.3124263899658
0.00198691210720556 0.0223441424860345 -0.124813443560735 0.156275732287376
-0.0150356729524186 0.185721342951301 0.20786855189491 0.194242535030215
0.167726634878676 0.25414162468259 0.187350791440673 0.0466887908586573
0.290703211759486 0.0684172306796791 0.1715672249305 0.103765889202455
0.219126254704361 -0.074198683560094 0.222474780275129 0.1079509144703
0.13749198935621 -0.131381025617208 0.242125484935638 0.0656065526755872
0.122063881526749 -0.117554888591618 0.214418468603029 0.00418175511885711
0.117366699158218 -0.103086942778271 0.156974147646092 -0.0125391698265718
0.185729934602313 -0.0465193170034827 0.0882585185898321 -0.0411483180094446
0.21453278478874 0.0957904012622332 0.0649280067384352 -0.0770412367393134
0.102220199835573 0.279974391081939 0.101309794397381 -0.143682479747979
-0.086705252326754 0.200899649605725 0.159574505030857 -0.246110381655332
-0.0644999120296257 0.0683623422083267 0.305227351415102 -0.347148216265888
0.113278039053226 0.133770278543411 0.384727470253702 -0.252053622025928
0.173616809732075 -0.0835092852445398 -0.0110503632035099 -0.314509138457745
-0.0535754317497707 -0.108978791230015 -0.0575850522636763 0.0839800493109209
-0.0854107160646367 0.0950812096061839 0.179900611979013 0.121726107449955
0.0869595257364551 0.181880313534215 0.177893522270395 0.0729821788428118
0.185194889708981 0.0188394305427336 0.243347986397581 0.106535682554192
0.109403428897792 -0.0870248566136753 0.294335661722645 0.0545186725020003
0.0502359364063631 -0.120915235406314 0.285104154070855 0.00974724864050787
0.0524492843972422 -0.118291212217457 0.240761911808412 -0.031016174955188
0.0508535136010987 -0.113930671200547 0.187699881601854 -0.0400476298784303
0.126045000900782 -0.0810469979286018 0.142604216759121 -0.0520195998834109
0.166479948114405 0.0518244739651003 0.138958355677874 -0.0444817102427359
0.0409876908751632 0.200638811746929 0.135086696671681 -0.0685209644346072
-0.102653146533058 0.0592016131114779 0.158176373726473 -0.205367335301651
0.0252701675007704 -0.0676286828277258 0.348621581128625 -0.356673043748665
0.215654938842447 0.0216945684893506 0.401363360216326 -0.26097728269811
-0.284922703876105 0.134541174268383 -0.402041363866413 0.134955505594145
-0.131162277186459 0.216648523422615 -0.50471775196521 0.406938281148902
0.0555504999815371 0.0878110930267158 -0.12942878392985 0.273747806212834
-0.00783077937630712 -0.0698100171088455 -0.0674247199019336 0.0183251807997934
-0.107229972516649 0.0104612479477589 -0.191098896657755 -0.0229242082809451
-0.0442654309634028 0.0963500393638791 -0.209350212152245 0.0694436680215056
0.0282021812293326 0.110919393179566 -0.204440922306397 0.0845846434978307
0.0308101738299193 0.105496900184371 -0.226709820109113 0.0614610957869701
0.0388243650333972 0.0909237411064732 -0.29720494696397 0.0310696708477531
0.0076415115029808 0.0917123656919936 -0.315878303645406 -0.0103438141271315
-0.0508182546248541 0.0208600237444291 -0.298451888207334 -0.0652177815994283
0.0138800848967374 -0.0947576092543869 -0.235389514987932 -0.108021380884121
0.161537718938239 0.00635595256192377 -0.170127229616118 -0.10616839530407
0.0508119918032266 0.220688920813163 0.0132679741309464 -0.0933470183484308
-0.188941285197228 0.22083550041185 -0.00861117859448812 0.300632701053836
-0.299099172134716 0.232270417368419 -0.337659751756492 0.0753275365609491
-0.206373398518899 0.305336524516227 -0.533847864791686 0.408120052370575
0.0133379323613403 0.238537799027886 -0.095504536511877 0.337669020804464
0.0508563616207013 0.0817019058013374 -0.0235587291386793 0.00208149639958124
0.00042907073632094 0.0784387044384901 -0.210075585043643 -0.032378493053202
0.0522256400793003 0.109017813655607 -0.229653648395374 0.103952755310715
0.111865750353589 0.0896800131295675 -0.191444762024143 0.129333148632056
0.111501317931539 0.0708695476373904 -0.183195927856208 0.0903249644718767
0.126809132363023 0.0479751622381934 -0.251501905421009 0.0521187683092093
0.130685557495165 0.0771609067067908 -0.299015094145435 0.00315869462200713
0.0809733870839804 0.0665489798956495 -0.313836773390101 -0.0723555381568723
0.107891388509416 0.0287063808330358 -0.231790079842995 -0.154341201880904
0.182259562492183 0.125603404974526 -0.126238658872029 -0.149154442214675
0.0488536636405847 0.315146391554288 0.0371192031253925 -0.112532128103013
-0.173693623340363 0.354292172522519 0.0443078364735491 0.226996171963515
-0.243703246799729 0.323063645064435 -0.242731005745908 0.00208449528460822
-0.19486802321719 0.372916109290264 -0.513622273295186 0.403300385747651
0.0104441532247548 0.357604485502533 -0.0397265478645907 0.416109516556365
0.1268125489346 0.229112765342677 0.0417759621146092 0.0240943247123339
0.136849356282517 0.143379207165621 -0.18442086669921 -0.0134026735918587
0.163653681290138 0.102380775570401 -0.203830655774458 0.141441562006965
0.185875581827116 0.0462417586513214 -0.141017493604283 0.164218419080383
0.174376465992968 0.0263756311332932 -0.108353613440337 0.103187981530312
0.189520175684441 0.00510211391260512 -0.168813210419811 0.0546091365447958
0.226765763159067 0.0581106911701232 -0.242445363674945 -0.000524193071573458
0.197048665099036 0.104185914187681 -0.290863131006947 -0.0862530011017884
0.197968698445898 0.152772678312897 -0.210916277103449 -0.201002428891114
0.184207459666199 0.248086766885289 -0.0855529545167595 -0.216857734704218
0.0237397215726443 0.382649591210211 0.074167783139738 -0.175099566983324
-0.147057042341091 0.429393241869295 0.113417007364753 0.115028768134725
-0.130712847804388 0.37911704098837 -0.149687456313644 -0.0891067580107278
-0.105003443141304 0.39104623304927 -0.446234743794336 0.379048642961186
0.0542327767907441 0.40988573969127 0.0457142240725698 0.456037129217929
0.20917179713698 0.321134527336685 0.116016397070851 0.0503938561950473
0.270388266503907 0.174521990398389 -0.114240651930879 0.0244517981829052
0.26431805361171 0.0681872193638636 -0.126352052418559 0.171915234306661
0.233752995195202 -0.0115792333333848 -0.0537907377169964 0.179327459201394
0.207520454865502 -0.0208890041771831 -0.0143434097458601 0.0976922186008077
0.219120749448959 -0.0310818088781124 -0.0692042292322606 0.0420987344015669
0.278833607024101 0.0388926338918677 -0.159556818200458 -0.014872992766165
0.271317954990644 0.132676433501417 -0.228345620731012 -0.102986185438248
0.249894988565947 0.258494817160438 -0.157942046947037 -0.238865814127744
0.152742456444006 0.343657521303175 -0.0320647617267063 -0.28245428179205
-0.0242256525550264 0.400474958848504 0.125851079028206 -0.253605772889617
-0.111401282643109 0.43499508940664 0.192943405986894 -0.0123641757999067
0.00152146377005125 0.361603407522161 -0.0813848807667503 -0.190476189663879
-0.00787180690914211 0.324570149879344 -0.347559649538728 0.327492302593088
0.0860547451160529 0.375696303900565 0.137465459541565 0.421947598577375
0.25386596324582 0.34320857559555 0.174434848184233 0.0561257033194781
0.354612714423383 0.163131930549659 -0.0168567052637977 0.0638961275859563
0.31680397636903 0.0158795766540811 -0.00822124274558656 0.18039705590629
0.244439067426086 -0.0697085333403995 0.0551517033493159 0.165746599986037
0.208828726974728 -0.0652547336764458 0.0802673613531764 0.0760589575164127
0.213387483986123 -0.0588995068615247 0.0268318558141189 0.0235726721499488
0.281607839202061 0.0191087496736585 -0.0660460012565363 -0.0293278651056492
0.291372255788396 0.146230968260857 -0.132969942657814 -0.112419426208812
0.240218794656467 0.326825201824285 -0.0698837853224866 -0.248917172318775
0.0754647998031303 0.375546193057189 0.0425982846207187 -0.318124103767836
-0.079232708942272 0.34641460209441 0.192348778197552 -0.318433173512915
-0.0622301344648775 0.372146126937558 0.275636176242193 -0.128351226410771
0.109040054209584 0.260514930308277 -0.0405092912484235 -0.276856628870536
0.0299137618068279 0.18495070964778 -0.237764528142883 0.250171561012481
0.0559004372398089 0.290575176080057 0.200559933635321 0.32295773116611
0.234172816478319 0.32023151474655 0.19825399144523 0.0485979377082149
0.363965468788405 0.126228497671131 0.0852659800396678 0.0956298894053076
0.304011910673605 -0.0362775334384493 0.121101021147497 0.161511149122655
0.212857888246152 -0.112893702871491 0.164623954352834 0.127596475948019
0.181408073994534 -0.0991062432155931 0.1628897155372 0.0435863218144215
0.17847296400746 -0.0820788323127916 0.107076572470971 0.005988057154428
0.246760757898979 -0.00784341255114986 0.0208011863774503 -0.0365800563707514
0.26631014441711 0.136128580559155 -0.0273009581782115 -0.103488899278335
0.178261649846172 0.337566329699929 0.0314306025646011 -0.216483870474558
-0.0224909350112269 0.325473986174477 0.12147993583899 -0.304136596420928
-0.10587251859067 0.224374398863199 0.265215561333328 -0.348458181685626
0.0114973782067196 0.263618908632323 0.354405775804011 -0.211056104228082
0.167935144753074 0.0990807448952515 -0.017699704220258 -0.325403719855179
0.000113721390704487 0.0251638632151872 -0.135553944249452 0.16357464659083
-0.0182077818067089 0.193903717747191 0.211441079373444 0.207092210325432
0.171891711775561 0.26957881357302 0.191249381802232 0.0519751831241685
0.302178954261535 0.0751689408001463 0.177515205715065 0.115512064589053
0.230101481292336 -0.0728981195747756 0.233511477892076 0.119420093685293
0.144784043510102 -0.131324093214405 0.252735160775707 0.0737800487658766
0.127842859912733 -0.119612074847487 0.223457243167836 0.00821710174055426
0.122851550712674 -0.102033678130992 0.164487335021901 -0.0124382088406393
0.192380587161614 -0.0444186626852926 0.0934140725924192 -0.0402988304418737
0.22240356574068 0.103207048139912 0.0692397902453811 -0.0774998099923606
0.101792981400389 0.294516467870395 0.110765740193942 -0.146461180916527
-0.096313014685358 0.208119015770731 0.170268167118621 -0.252943335804059
-0.0719820708444561 0.0688437180767906 0.327172830401152 -0.35254217925828
0.112315540524621 0.140739363373427 0.412579003392027 -0.253740304162187
0.181366920106376 -0.08006672605362 -0.00268604656191481 -0.327588756487197
-0.0541605452471531 -0.113633151748159 -0.063688791300574 0.0893368831625149
-0.0903443127611822 0.0974844947599811 0.18445477794715 0.131500718717684
0.0898859435172317 0.192725587396199 0.182547721866653 0.0801937644117424
0.192155991307084 0.0213102385376724 0.252858605013295 0.118993851802211
0.115117292495518 -0.0886102033766555 0.308982765703848 0.0648064851689299
0.0531383786526496 -0.123733178407168 0.299356430237506 0.0174129305954808
0.0547407721076262 -0.122310710419779 0.251942951593385 -0.0282731841689662
0.0530828786834661 -0.115694420908812 0.197104071256347 -0.0390748858230049
0.130366128961936 -0.0829755218706482 0.149820026894578 -0.0498003408105768
0.173412255556346 0.0560150561955907 0.146878118415536 -0.0425565180812925
0.0402222285849084 0.209876306328077 0.144344693727449 -0.0675014074575228
-0.109648593381181 0.0597023403159503 0.168870387020732 -0.20992333698676
0.0261079276992904 -0.0704045040985703 0.373534486915916 -0.359377835465978
0.222128652178968 0.0275992043170126 0.429836185206626 -0.262887951477723
-0.301062387971563 0.146585107710017 -0.434191913909479 0.149881546617872
-0.135737859439989 0.234050724151987 -0.532146706540718 0.441924207363483
0.06032892270597 0.0912410914047705 -0.12985155949372 0.290963954866089
-0.0114631778378416 -0.0745313751179347 -0.0715074486510736 0.0168367260728236
-0.114735211782646 0.0150356246671018 -0.205140876177341 -0.020532385490669
-0.044577667922431 0.104372668620522 -0.221123165742525 0.0777674302719062
0.0326003224546279 0.116976963833813 -0.213909307456252 0.0936703954198547
0.037310966180358 0.112362285867559 -0.23978189333577 0.0702009145008667
0.0436269694488962 0.0973159800903136 -0.316434805925969 0.0383479477512444
0.0128557950494574 0.0980096771877796 -0.338019441718046 -0.00711838914775942
-0.0528571105918024 0.0255135011958255 -0.319573422807556 -0.0658333635869783
0.010398045438463 -0.0994527814228577 -0.252334554078551 -0.111580543686041
0.171309990001067 0.00378921516555631 -0.180213273046048 -0.110047570415698
0.0587602183498046 0.236417246364362 0.012185722028531 -0.10372854666893
-0.196534040215223 0.239448577830073 -0.00306659357824521 0.319204580804879
-0.315085356240439 0.251468305210619 -0.366217122832436 0.0869124223841172
-0.21438471113592 0.329570443585759 -0.562553894049552 0.443878012876377
0.0175526568221345 0.251364794463225 -0.0910672081577183 0.358322913465616
0.0536956927079798 0.0865038756385913 -0.0267332468077131 -0.00127260980660078
0.00149481031670536 0.0843122621538847 -0.226673795698541 -0.0298808564610667
0.0575607604614837 0.115689580739332 -0.240398359273583 0.116465877687224
0.121371253746554 0.093539682884365 -0.199182318794274 0.140708699966556
0.122729819162049 0.0742774315602872 -0.192519331831442 0.0992866698316929
0.137343781188097 0.0501799621094372 -0.267261370894711 0.0595491212216006
0.143527973253831 0.0800166478390796 -0.318988726668623 0.00781375872978952
0.0883846329805226 0.0711742113261732 -0.334816490815575 -0.0724269198804869
0.113614933559854 0.0309680645250656 -0.248768717756952 -0.161353825683729
0.195166528940124 0.131084250658374 -0.135774955125576 -0.157897626250058
0.057736576764713 0.336969764762134 0.0365874880966102 -0.124197470493922
-0.178567356627743 0.381325734550874 0.0517810241774905 0.240043244082641
-0.256571443165488 0.347220446603974 -0.265484339828381 0.00811925138259372
-0.202304930703587 0.401502635388318 -0.541941320861025 0.439106003943983
0.0178421181145245 0.379437020055664 -0.0317267394186895 0.442753800166101
0.137917083224539 0.242777640194322 0.042249718357342 0.020062882213613
0.148371683024611 0.149904734238111 -0.199787329884137 -0.00986344923287939
0.176367410742974 0.105736197557838 -0.212370921813073 0.156111565959479
0.199678428738758 0.0477814410507773 -0.144629817213393 0.176934626288266
0.187473121211396 0.025952391318992 -0.11163904496715 0.110675727614041
0.203035534823982 0.00360936929112744 -0.178664705789376 0.0585872270021567
0.244518670663974 0.0568706738909278 -0.259082269233967 0.00299173995209527
0.212790815686961 0.107916229782207 -0.311330011674002 -0.0863228906858344
0.213196837432723 0.162144981299498 -0.22745841066437 -0.211328956017623
0.200342696081578 0.262081692863335 -0.0947744665107696 -0.22990458380544
0.0289738138714869 0.40758901270136 0.0748064267236699 -0.189491768348376
-0.150876382169852 0.459046888909756 0.123276134781988 0.120008520271369
-0.134355229277096 0.4057976236251 -0.165352696234002 -0.0897365806825983
-0.10612870128064 0.418086251996841 -0.471581244320149 0.414083060570418
0.0659022820856232 0.434079702675835 0.0596099720492483 0.484409117387895
0.228306232216495 0.340925676406395 0.120222172082002 0.0470934071174563
0.2925392364188 0.180058606821627 -0.125300861953049 0.0294784041755089
0.282553356782914 0.0665797296368138 -0.127434678668509 0.187045220816572
0.249371669165196 -0.0143788260228467 -0.0514429523591653 0.191528258421819
0.220835965683267 -0.0249844917835263 -0.0133176695791522 0.103048654230273
0.232353506973738 -0.0342435683368472 -0.0734238208118719 0.0421560348305051
0.298414868766115 0.0368673025846575 -0.170608477428132 -0.0137091063976265
0.293098638517037 0.136420767153751 -0.244631926019674 -0.103952788752457
0.271429404312018 0.273224682439495 -0.17104049444318 -0.251607214315378
0.167697904375264 0.364145282884831 -0.0401674694041311 -0.300857752001662
-0.0227703475263423 0.426987482446381 0.128700743665411 -0.27325212526166
-0.113424545729277 0.462404206272398 0.206661605019863 -0.0173666644466205
0.0055286895550814 0.386575727604762 -0.0932043619791465 -0.19807165831982
-0.00405660075006616 0.34632771442627 -0.36716245187702 0.357201053461059
0.0982541970155334 0.39816282892461 0.156740285498025 0.445574823179977
0.278065431186724 0.363640840180936 0.1828159527203 0.0536315785826419
0.383158411094643 0.165504106335024 -0.0195556079236614 0.0709645538262808
0.338824801090642 0.00962325855095935 -0.00105764533754597 0.19386668986267
0.258991682589563 -0.0760322239987681 0.0638822243112465 0.175380411901824
0.220482806243452 -0.0720879212522103 0.0870802911769137 0.0779863844489348
0.225233622181716 -0.0631648667250562 0.028869591687882 0.020414131686362
0.30001452380432 0.0159088845293263 -0.070816710835105 -0.0298779419272408
0.313881573641143 0.149381399416397 -0.143572545303339 -0.115305531396602
0.262521825349037 0.34454253848863 -0.077177645893814 -0.2638653554123
0.0866248205352912 0.399026677267257 0.0378932812668233 -0.339290805194644
-0.0814619133353475 0.369884306904852 0.198647100526007 -0.342358528442172
-0.0618989250107746 0.39492585143484 0.293843207265963 -0.142103247675506
0.119092853215698 0.277907044107346 -0.0499170280507576 -0.291504048430878
0.0339911039466376 0.197501128011137 -0.249435216921797 0.275363213508075
0.0659093628560779 0.307901255898307 0.220123740460401 0.340794718761423
0.257967315641851 0.339115535552545 0.207991296497493 0.0462238753415678
0.390452189193101 0.125140310071169 0.0914883362686228 0.103332759344382
0.323714141804467 -0.0459994543122082 0.137123191403162 0.172000584056368
0.224391380236681 -0.121174218543777 0.180099781859513 0.133171646700958
0.189038968422689 -0.108508278111247 0.174205144375117 0.0427013185378455
0.187368923297425 -0.0876242095441574 0.114134588588612 1.48049053646618E-05
0.260780518352441 -0.0127260429366954 0.0224026937500846 -0.0386097247722197
0.285801889481544 0.139308109911587 -0.0310683029251303 -0.108830165614306
0.197246862851518 0.358128288061901 0.031526892174391 -0.231872787084651
-0.0187425348743862 0.347349347023867 0.121484181736223 -0.325015597924833
-0.112582503459888 0.240352524575643 0.277045446252328 -0.374989414529988
0.0137667920016565 0.278315226520911 0.377320498075127 -0.2316409004598
0.179199379124273 0.10553335251826 -0.0244488071015634 -0.345340248141113
-0.000540284799560425 0.0279850041115537 -0.142959618728066 0.180076910292792
-0.0153449872391512 0.206963389753953 0.230083791360847 0.216629783204514
0.191808282039303 0.285937499338508 0.20196123891642 0.0513137919689166
0.324538166104016 0.0716489420592686 0.192311404096787 0.12189054007864
0.242933664750645 -0.0832882674748899 0.256820433117043 0.124782043469879
0.150764542207545 -0.139790342160319 0.272787994744835 0.0740026942307781
0.131091081875179 -0.129543307904818 0.238328864443429 0.00324336890180759
0.127637095636929 -0.108212770198017 0.174881163522701 -0.0201855422660703
0.201138300312373 -0.0508682593851832 0.0990124541015064 -0.0440757713709469
0.238639113418204 0.103871138110971 0.0727531320129799 -0.0830561931801517
0.115715431280916 0.312223942985818 0.11730937487286 -0.158035106509089
-0.10000642939245 0.223870761341155 0.174648684593123 -0.270449717176515
-0.0789982714832945 0.0735642289826568 0.34333530199902 -0.377776452271239
0.118932657126947 0.146773641750527 0.439616593894464 -0.278618786124429
0.19116000833818 -0.085558999656238 -0.00758582253379502 -0.348414273193786
-0.0607410213807738 -0.118917212759205 -0.0669749668683415 0.0996656412164273
-0.0942809308478116 0.105472225550617 0.198960406442363 0.137439185112745
0.102153617933921 0.203381138685931 0.194236580975784 0.082977633385552
0.204947075991053 0.0167511505354452 0.27358373142364 0.124185079898704
0.119456258794557 -0.0975270577110083 0.33379269085586 0.0645952463845627
0.0523798416966783 -0.130413830628468 0.321716439432632 0.0139913538317311
0.0524242790469042 -0.131695385957208 0.267696271927417 -0.0354116187273933
0.0527323997067492 -0.121744584212702 0.210160364636718 -0.048889790782094
0.133969476885285 -0.0912654581633827 0.158886742740794 -0.0552765677402085
0.185947954160765 0.0535806377987702 0.156664934672526 -0.0475964630002353
0.0486743837111594 0.222748599608667 0.154594153941608 -0.0735530152602875
-0.117479614132184 0.0661701554060683 0.173656765403142 -0.224410733611471
0.0244092678805786 -0.0760708342495903 0.392718668207295 -0.385966251941727
0.234827400719305 0.0252609019388064 0.459754986263368 -0.288282843748655
-0.338176975281887 0.102481604776328 -0.490799848237296 0.0837544030252174
-0.172293147222904 0.226027980697035 -0.627829595915064 0.381055206462037
0.0471141632228931 0.106285429736035 -0.171547953610923 0.283631468397522
-0.00231303615649104 -0.0759954011512609 -0.0768438619935932 -0.00392578084733519
-0.121677917071136 0.00138870008961786 -0.219456748914259 -0.0522342453167101
-0.0658969621234517 0.10377732580477 -0.24473293197473 0.0508049558110742
0.0137849006127576 0.126564108062549 -0.240682928988618 0.0690604114345932
0.0174911215141013 0.126623134916829 -0.260900354056088 0.0344978513129317
0.0296262489651612 0.109446956166528 -0.342801206479053 -0.00815452322161148
-0.00427577616408215 0.104917216749255 -0.356068891052314 -0.0621536629204965
-0.0633380369830535 0.0166144493357294 -0.320650959502967 -0.119970578068057
0.0227052449025867 -0.103859783051603 -0.242402591945076 -0.152202694080309
0.175682826239635 0.0361861212379346 -0.17234104845142 -0.143075861774507
0.0191207166279284 0.258673725207252 0.0261560175414528 -0.121296450315943
-0.258343605972533 0.221743907975754 -0.044267445526244 0.323811396139428
-0.371834411774384 0.203637993912433 -0.412243504901478 0.035197787638286
-0.270269702281098 0.309657832844786 -0.663320790895351 0.381438032618918
-0.023222420214674 0.261542469265898 -0.146386212545179 0.368832590265066
0.038482220452824 0.0963100389814063 -0.0281858522691119 -0.00402539599467803
-0.0149692655160647 0.0915221954874726 -0.234046059076739 -0.0625320969976185
0.0391379291952266 0.133823439814861 -0.268245744778301 0.0879494053773177
0.109934535337189 0.117787151263049 -0.228891989171545 0.122092400772052
0.113369819397259 0.104160609819741 -0.216110160934872 0.0717989762191423
0.134313188049602 0.0781653962728651 -0.293058794405714 0.0212248711594078
0.135656677723386 0.109328798677801 -0.340398020533094 -0.0404496062661795
0.0764988414213305 0.0931378484174631 -0.341342249296805 -0.13038497787807
0.110031833336011 0.0512768186365118 -0.239018968454333 -0.208349767278997
0.175897155240188 0.1742306747746 -0.119647702964872 -0.189459985660946
-0.00270291111615727 0.362519396760057 0.0553965551809103 -0.141362302719402
-0.265966341575658 0.375876406722765 0.0286461048982929 0.243590838534791
-0.330184919276284 0.310849561119378 -0.292495746737679 -0.0225783380183208
-0.270200055510235 0.383978842879776 -0.641722495283206 0.383547449692509
-0.0447161033848233 0.390742756013373 -0.0978086145025105 0.474439694532903
0.0999343931742054 0.268194870882326 0.0410081834457093 0.0413717739332515
0.124317164106706 0.182933400979794 -0.20138062869843 -0.0346538266815384
0.165033852932358 0.14335517459668 -0.23982625865943 0.134904691041838
0.197955516559162 0.0854151525540081 -0.173912213187669 0.170014215767293
0.189515098719868 0.0677130500702513 -0.133413631204208 0.0978485505784307
0.210383311478425 0.0428749455703031 -0.200714116499688 0.034182975641682
0.244757323290478 0.104085739610942 -0.277703256860245 -0.0337370342675601
0.199400403785089 0.157248878603468 -0.319460163726391 -0.140504121120526
0.193089225840714 0.204687011781952 -0.216866393726405 -0.261675521700456
0.155447466613749 0.311242971243198 -0.0670332269015599 -0.26202161665113
-0.0461526588775686 0.430978388867992 0.107189501572034 -0.205469021761446
-0.253266576254097 0.463037064493965 0.126961023789997 0.127073742259886
-0.217026570424812 0.390912183819155 -0.168264952081256 -0.101870443852931
-0.177064681363294 0.418043049547287 -0.55999428085705 0.370696920068938
-0.00452435934738821 0.454260654970286 -0.0071072944614148 0.535974092592794
0.177379001258878 0.38199470311488 0.120964715399679 0.0914957884278247
0.267905996407935 0.236808432463 -0.121109351815036 0.0204081032632965
0.28289286228167 0.120838948025773 -0.152544902907968 0.180324463344119
0.26040387684028 0.0307478168458125 -0.0746511132659721 0.19951192948292
0.233889936936281 0.0203982854392249 -0.0290923635628737 0.105538870796345
0.247021370972874 0.00959799263834377 -0.0879319987081023 0.0325737474766457
0.30416544744759 0.0923911675280583 -0.182748368446872 -0.0369272899254589
0.277744124401871 0.201723103739197 -0.249521442179645 -0.14993847192099
0.237592283646721 0.331504110018782 -0.158084162587533 -0.30045640906475
0.103882970041461 0.412438898519481 0.000518289598238776 -0.330466203969468
-0.104138315055964 0.438447362281167 0.177856396850226 -0.282853143845655
-0.214029715287009 0.471128713627077 0.236064059424017 -0.00217010738687101
-0.0703368225848797 0.395236482241402 -0.0691854808407761 -0.200407396942551
-0.0602737662519435 0.358647749692472 -0.438928208277161 0.329040859684957
0.0367000058187942 0.423639779241355 0.099299525299266 0.510903388034143
0.226130038734383 0.412883236804978 0.187676704803707 0.11267894581289
0.364446975665401 0.235460489201908 -0.0114469218266742 0.0792588409267091
0.351059772292685 0.0705923807322382 -0.0187296491179624 0.206659147661708
0.280100177618275 -0.0298296182320832 0.0509606880187593 0.200100690121444
0.242615422646046 -0.0293218380693895 0.07923925099117 0.0945586514191863
0.244413465778638 -0.0215500366135304 0.0235293753753906 0.0257401881838594
0.308782091677947 0.0717240220800816 -0.0753478221627342 -0.037201991472488
0.29744408935474 0.220128102877977 -0.142829184031422 -0.146224191082716
0.217078774334691 0.404752827796237 -0.0588185823631626 -0.301697098046123
0.0114906437170044 0.431273708567891 0.0889619985117437 -0.358102804238979
-0.155228120958334 0.368019077753825 0.265185516871801 -0.337816494323958
-0.145239994983904 0.407524946174949 0.346710919237247 -0.113973564460168
0.0645307955822847 0.303911788799338 -0.00236801451410367 -0.292847329442485
0.00293755779985457 0.213602203359726 -0.303905162413929 0.257173294330325
0.0192059721490863 0.324622853977762 0.181054205771973 0.405926185494144
0.21062678067493 0.383870585738561 0.21509971864589 0.108839141773548
0.381997716542119 0.193014856859526 0.101844318016854 0.129197081898953
0.346139323535971 0.00858968555093848 0.130527702779339 0.202878161693884
0.251395608047847 -0.0830048435633343 0.180518085042635 0.171263325496024
0.217212136355401 -0.0741901186670032 0.17674055889775 0.0721987597949458
0.209030445803065 -0.0532116532659435 0.116860300220946 0.0175695382702638
0.272408167713577 0.0341316838608718 0.0248568152378141 -0.0319551769803903
0.271791071695174 0.202415969191987 -0.0258424017871389 -0.121246818357644
0.147758333347783 0.407317989296004 0.0521871165546526 -0.252813248041693
-0.0881474335931118 0.356344460708676 0.177035908092873 -0.327957678710145
-0.161539455494591 0.2256214470771 0.352536033906962 -0.3511688635098
-0.0401407581518186 0.296496936603773 0.443937947098194 -0.188516382184637
0.157257346187219 0.137980823096396 0.0382933769592671 -0.35055700140613
-0.00404939499067251 0.0322688337722917 -0.177268494288998 0.170288467695745
-0.046743166640643 0.206632264156102 0.204184625200315 0.274051668045005
0.152703050545269 0.318857854795505 0.206402269219249 0.10983305124628
0.322949961655939 0.124628057748026 0.201375850823279 0.161881232362076
0.269360940308494 -0.0465959958092762 0.260572584002927 0.171087954089163
0.178758256361948 -0.115365840624049 0.285983197553146 0.122325215193074
0.160269213481526 -0.108582561198301 0.249920964175722 0.0409802115278594
0.150210879242506 -0.0853160784716942 0.18648745048706 0.00562784959368894
0.216261191826455 -0.0175011673391103 0.108079199588865 -0.0257358871547933
0.230732966936538 0.155279356194927 0.0799287906168614 -0.0785376953423805
0.0724221317585675 0.346265846955362 0.135333556480513 -0.160701596989481
-0.147743069068316 0.21190624281791 0.22512875879513 -0.259021535219295
-0.0925822161606007 0.0580740975063476 0.421898141952447 -0.335985206183195
0.0996293302661595 0.175422957264623 0.511699072488291 -0.220857779532998
0.205238568962265 -0.0555223414871523 0.0586097224791807 -0.36076274360177
-0.0415096684766629 -0.129291290157347 -0.087610594518311 0.0933194310415471
-0.109837734975341 0.0886232548551656 0.178269342639826 0.181375447764278
0.077014646284286 0.220320699343368 0.189807248673419 0.134452403565803
0.209921865508182 0.0452123016016203 0.28083810252512 0.17389791681059
0.142766674150701 -0.0833399141988492 0.346776517217042 0.11905295687401
0.075118363894139 -0.123254456987295 0.344118301931795 0.0643258337458909
0.0790556649844901 -0.128349665135514 0.287409849811167 0.00579666612223708
0.075111949240912 -0.114723337299643 0.22799998758286 -0.0188324970938727
0.153529346456482 -0.0721748899940759 0.175328024296805 -0.029415229710305
0.185794681373032 0.0916028832395085 0.164618019659338 -0.0274648865280165
0.0176289672810372 0.241673596019739 0.166792771100895 -0.0622226475994367
-0.133636642871188 0.0441130307342103 0.21677946538295 -0.205450723193468
0.0463176037801708 -0.0787603400439019 0.467741402864984 -0.330039300413812
0.249507597026689 0.0691672290058234 0.525450395446017 -0.225543497817198
-0.331101353066109 0.130188404789892 -0.495535508298607 0.126739559288715
-0.153668854203251 0.24238538883198 -0.599301979431943 0.435574142516174
0.0557206913414673 0.101128078287969 -0.14498936127267 0.295023482212482
-0.0101954796246957 -0.0763407617933967 -0.0789495910185687 -0.00189541760916082
-0.1224219571593 0.013098003474303 -0.226209184998449 -0.0338509448236676
-0.0567867514284202 0.111469110993052 -0.240831271481858 0.073625214614058
0.0256630160454927 0.126011570736477 -0.234035766909423 0.0902565110937407
0.0320479234989558 0.126242038644038 -0.257811146321259 0.0569183847302852
0.0414945344206664 0.107927064296708 -0.346193254927951 0.022051974952962
0.00787710693482815 0.105989937510267 -0.365751896312143 -0.0328278315523589
-0.0620052836790068 0.0244494418232755 -0.333052111846085 -0.0961544959629551
0.011254003172083 -0.104027529085043 -0.256735250537805 -0.132207754038344
0.17955574503736 0.0206864298036495 -0.182984185883382 -0.128545155103973
0.0430271048803186 0.260052535331334 0.013621529160051 -0.129053403981782
-0.239102949418316 0.244664801274982 -0.0159693512129497 0.3283400939563
-0.357883742985186 0.234475514974903 -0.417551221874657 0.072482252647688
-0.244926835895667 0.334142841633284 -0.636230416900595 0.439942686029278
-0.00101305761844869 0.26298223661393 -0.11156588897094 0.378931781981525
0.0465660431566993 0.0936210399927651 -0.0312043137780431 -0.00675448167154112
-0.00782193208838417 0.0940635807029758 -0.244613124287379 -0.0423246929341651
0.0507603745668231 0.131579298644003 -0.260119082485371 0.113324816054531
0.121867818133303 0.109714852876931 -0.217400247170004 0.143183773432579
0.125838464059912 0.0959792186291648 -0.209794269684856 0.0906847869537857
0.143290600112617 0.0684416222439479 -0.293213346332108 0.0461294988069938
0.148501220628105 0.0980216828541444 -0.347714391519132 -0.0119809542631742
0.0850508223438953 0.0889552033320483 -0.35576957742154 -0.102347085989659
0.113838651502046 0.0443534827302308 -0.258192297568273 -0.189708483856722
0.19157409049855 0.159821305274464 -0.135382851291882 -0.180314517226967
0.0284344170979746 0.366877426870601 0.0406345735830629 -0.150393776459388
-0.234744819782289 0.399555262649308 0.0511590012067817 0.241567496989208
-0.305868164830624 0.338514964205427 -0.301403386829664 0.00551174075703652
-0.240463857017297 0.408141784209866 -0.614877480651789 0.441287946230476
-0.0107861536914095 0.394989527241183 -0.0535285096764324 0.480486586103864
0.123393365698466 0.262065519081294 0.0407391284480978 0.0335476507166072
0.141444251344855 0.172896675934481 -0.210015136317581 -0.0163000042831397
0.178477525408769 0.129861789203426 -0.227947677309633 0.157945592285227
0.207660337497372 0.0699473190494929 -0.158191480904837 0.186118427340832
0.198534538948158 0.0527559680128993 -0.124798440633996 0.108617065389278
0.216447811572042 0.0274109701650343 -0.200209583828367 0.0492995587531889
0.257300990267582 0.083508472392107 -0.283491718969756 -0.0109411166263091
0.215319240319426 0.142609376251139 -0.333490092370242 -0.114575357878589
0.212559454594644 0.192561012580806 -0.241076992416488 -0.245439280546624
0.18288690636085 0.300206558085934 -0.0896260946500961 -0.257692476612891
-0.0106705322871472 0.437907148527778 0.0879027737263373 -0.217811175098011
-0.215474492504342 0.482947646759285 0.138231895145503 0.116043767301925
-0.186591322624421 0.410265211037348 -0.181950566785889 -0.0842182608544017
-0.144591262945052 0.43382026273958 -0.533736123371265 0.423365456101033
0.0356081475331337 0.455393913474537 0.0405370815309329 0.53565813812241
0.212729991278535 0.370399639575063 0.125200275704743 0.078224492984737
0.289760899643478 0.213422521567771 -0.124348278690697 0.0331364867111088
0.294421011361764 0.095945083921527 -0.134880518001075 0.195686416260452
0.265996040545432 0.0102874304877995 -0.0566821428832479 0.207197277592011
0.237502189893176 0.00198157924150866 -0.0195532713299041 0.107273107037105
0.249846955494567 -0.00922824639740058 -0.0870370755670169 0.0375040835822494
0.313906035010722 0.0676956412336172 -0.187248537498732 -0.0214367276171023
0.297647452789721 0.179654769274772 -0.264150572524088 -0.126956160734332
0.267921765148899 0.315036438722657 -0.184195704710555 -0.288590216946265
0.138678164631293 0.405006976008928 -0.028892803922458 -0.330585529454177
-0.0702993806228368 0.451972748887089 0.154144765232882 -0.300488045956943
-0.177115947427967 0.489084078385137 0.238419478603951 -0.0229087495431499
-0.0385283843602406 0.404061414417257 -0.0883210185180983 -0.193082196102159
-0.0315544968192593 0.36576568532533 -0.41477120463856 0.371787263807654
0.0740022454346399 0.421321373045176 0.14797408391477 0.50183776770187
0.264471073338659 0.398483607770931 0.193806207661331 0.0945523734058473
0.387973353309979 0.204505079386681 -0.00779647665117949 0.083776975629592
0.359226683211118 0.0381570072548801 0.00253548989967082 0.210410418551473
0.280342678313923 -0.0522758495418748 0.0708944863322278 0.196554420883282
0.240295358477931 -0.0483646917216872 0.0882638220019218 0.0881439051894105
0.244227805729499 -0.0397385736428404 0.0231473591573318 0.0205703371074259
0.315627074907046 0.0455327637617894 -0.0785110747018215 -0.0314242918802862
0.318794432005111 0.195092358799407 -0.157196777104394 -0.13284711241504
0.255676833299396 0.389832914662843 -0.0847814746025366 -0.299197891918729
0.0487139331717083 0.433429243833427 0.0571205208448911 -0.366307644087091
-0.128660532495264 0.383466305499043 0.237710408664971 -0.361789412183639
-0.115126357482515 0.419183208813035 0.341185120739821 -0.145105796713756
0.0891434092778293 0.300766801823053 -0.0276823911166734 -0.292170185421377
0.020219005600565 0.214381101064629 -0.283954325801655 0.288482598845551
0.0479773706216104 0.323033955698974 0.219982470667858 0.391938174396416
0.248850587708689 0.370498170241585 0.221881966992221 0.0905759418385017
0.401202329818011 0.159639929788013 0.112724680972319 0.123920284507694
0.348449951071752 -0.0233329343718639 0.153494779213474 0.194460491661089
0.246708104447028 -0.102792529084625 0.198778485007158 0.157344472036878
0.210326890847041 -0.0915059885014316 0.183853147238654 0.0562398990877134
0.205636063492241 -0.0686258274750831 0.116641547376007 0.00424362207469571
0.274680619037573 0.0111025059954991 0.0234698990126268 -0.0339974754890879
0.292262626649635 0.179886414967021 -0.0369614244761187 -0.118226686546961
0.186563532677223 0.397843726876665 0.0312078699110042 -0.258941006397125
-0.0593231408127573 0.365829345754728 0.147851952840257 -0.342380021090109
-0.147641343498291 0.240448299456586 0.325912635748347 -0.380665437014608
-0.0179794022854638 0.298641730009378 0.433985699912606 -0.227604617045078
0.169436022530045 0.127044864468592 0.00875642597605212 -0.354769282204267
-0.00256340414811667 0.0334882141445032 -0.163320205668901 0.190766201640369
-0.0282269659123469 0.210774702604917 0.230316884821669 0.258442405084618
0.185058574098356 0.309448925625913 0.214107862652123 0.0934724486395651
0.33648521811342 0.0958482000664407 0.217382963503278 0.147917280891382
0.266819590732104 -0.0717673037602919 0.281542966191425 0.15100572383551
0.169752809532666 -0.129505450957376 0.301022399727646 0.0986672033762339
0.148858356043229 -0.122871745509267 0.254399618844292 0.019345082847508
0.143205332957214 -0.0968713677110723 0.185690745371948 -0.0139135922464073
0.213509131722406 -0.0360029158463558 0.107631353515028 -0.0348645974101739
0.246238514124691 0.134694030121203 0.0738837217890563 -0.084351153498478
0.104928530362383 0.34244283269837 0.12327272456469 -0.173342802637725
-0.131505080744436 0.225666887511328 0.201771964930877 -0.276456210791109
-0.0924562554102297 0.0653072042343993 0.396418642700152 -0.370503403993773
0.112956274544042 0.167020759386324 0.500472634429023 -0.265662383428757
0.201264142976309 -0.0718099094233449 0.0290555731633936 -0.367558180919847
-0.0539076846331093 -0.12549987932202 -0.0789320053496305 0.105107861276623
-0.101868533726853 0.0983428123662773 0.196142238242129 0.167293868627186
0.0998770747197915 0.21542591488058 0.201817319048156 0.11993896348356
0.21490696575574 0.024751178821481 0.300728631292088 0.152513229820873
0.135481487678307 -0.0968735293636366 0.363740246968362 0.0913961601770272
0.063661286279377 -0.129333613106734 0.354619050283156 0.0356890171496809
0.0643409049132889 -0.13562042845028 0.290148495579485 -0.0194719927705935
0.0642982959127036 -0.119868400658275 0.226482731062322 -0.0418402797293838
0.144706757107621 -0.0858524265681938 0.174526094628032 -0.044308684161726
0.195729540124351 0.0740090486453585 0.163732261488208 -0.0413830821021662
0.0412744805533392 0.241802297802867 0.162716969573231 -0.0765145367695865
-0.132841079259581 0.0563318329077313 0.198043046848132 -0.221548677454383
0.0362444331785539 -0.0839248149855222 0.443697423534128 -0.366375006452861
0.25423127018868 0.0481511936946591 0.515855077884393 -0.270397931353944
-0.312803447020071 0.145319981897135 -0.47653482795478 0.156268258200426
-0.132666448454063 0.244517270328083 -0.553430525981469 0.459567425296967
0.0595388443525621 0.0931642090036768 -0.119179882049941 0.290200775856342
-0.0166987309777581 -0.0728299110338276 -0.0788630720656497 -0.00105653747708929
-0.117817870392332 0.0221470646011966 -0.222945266065656 -0.017700303294342
-0.0472212516332196 0.112563212104981 -0.22677204540603 0.0876212014482735
0.0336574805205062 0.120365870005603 -0.218496647477235 0.102385690324304
0.041789831311242 0.120227521038003 -0.245387183351792 0.0711029184770085
0.0493827529980118 0.10189560887184 -0.333460755219391 0.0446568830910417
0.0166249731303083 0.101482004700263 -0.357846023463159 -0.00851754362548174
-0.0586232639820318 0.0295296952290085 -0.330282500158445 -0.0735422857944733
0.00195732018315526 -0.0996305001313162 -0.256422170473336 -0.111162459347157
0.174042206333391 0.00753865152760998 -0.182290050441864 -0.11230509282662
0.0604810299571482 0.250118001090064 0.00208301394384861 -0.128924014158027
-0.21500985466285 0.251312329202643 0.00604953657418025 0.317861267630541
-0.332331197857966 0.246832833049637 -0.404727166566293 0.0993875931251155
-0.21657669365425 0.33960859883532 -0.586742891070443 0.466310545452104
0.0152753634832071 0.252842180311963 -0.0820484822094553 0.368496081264297
0.0496097464855429 0.0873099789205516 -0.03361842586149 -0.00859375693125957
-0.00166512342799988 0.091454563443494 -0.241676940547316 -0.0237854379402435
0.0579672891449079 0.124527039489741 -0.242751378397605 0.127476665668745
0.126301952774622 0.0987267382164271 -0.199327337186185 0.152711155454082
0.130497852595265 0.0854684457157523 -0.195948094629522 0.100900498959408
0.145050425576848 0.0578003314671727 -0.281519220580456 0.0642015859330875
0.152075558357336 0.0842260595289939 -0.338288789792286 0.0110262257206585
0.0890292219873043 0.082323519705046 -0.351114871070184 -0.0766480300385912
0.112014689766381 0.0383252070558713 -0.262301361986163 -0.166942747194068
0.194841346423561 0.141472023581469 -0.140266647330147 -0.165871124503492
0.0513021094824632 0.354104734787756 0.0275010136680313 -0.150685225442232
-0.20242122765873 0.400412884387121 0.0652809702214662 0.22968251758135
-0.275456310174983 0.345658399257614 -0.294591586464649 0.0282705942511789
-0.208278159801738 0.409538319422642 -0.566516018881224 0.4669640397083
0.0145163505111669 0.380221534067083 -0.0187843346904354 0.464001092030397
0.136948533721636 0.245404414388406 0.0380185569429231 0.0263620047226995
0.147222674080747 0.157585662277052 -0.20668915057408 -9.50368871696091E-05
0.181027348155699 0.113253218709426 -0.208353034937718 0.168399089046661
0.207385703447124 0.0547026582840715 -0.139078126932838 0.190649315768236
0.197216434940757 0.0387608400923493 -0.112656361301368 0.113260727218681
0.212108462708869 0.0133790997840482 -0.192039435956385 0.0600289459916949
0.255747537788501 0.0635682839831197 -0.27531189839015 0.00806500540151798
0.21873628148681 0.124445870407162 -0.331332078768005 -0.0872085189069006
0.21821641587623 0.175082449083766 -0.248949772638458 -0.222965197845902
0.195898466894879 0.278247251183245 -0.10267466944653 -0.243384532201377
0.0148455615490551 0.425514758941078 0.0697858625366281 -0.217685191905917
-0.178021353866517 0.480411155253605 0.142265143264655 0.102142436997564
-0.156387887912464 0.408016933509793 -0.182924435508555 -0.0664011696776383
-0.113906441837479 0.427810592986647 -0.48895925442919 0.445981252071284
0.0633838740361069 0.436762767184121 0.0763510685255758 0.512800142902676
0.231056817832338 0.34571553147785 0.121570370890839 0.0653143701195836
0.294787142356232 0.186784818392489 -0.121365840701088 0.042336054665755
0.290781002925307 0.0724314604074793 -0.115536811314611 0.198636397430291
0.259586836279109 -0.00580166830191429 -0.0393309439719661 0.204256071218949
0.230798544594888 -0.011802994946906 -0.0110668332741925 0.104460843580447
0.242038587170223 -0.0225396030113766 -0.084397716425783 0.0400436321956312
0.309301818203581 0.0446750450359526 -0.182429390807586 -0.008152109782595
0.301823658819207 0.155586990344751 -0.264169462451081 -0.103607842050683
0.281470759154444 0.28978912419637 -0.196576514811683 -0.267921887422261
0.160215720043262 0.382777144368292 -0.0493068464668103 -0.317119252185097
-0.0426721822945297 0.442852046475659 0.129270206910399 -0.300394028623956
-0.140722046700376 0.481700966509293 0.230201743977081 -0.0385513842701316
-0.013412237542989 0.392363613404078 -0.0986406077207437 -0.177824427167786
-0.00902018884660566 0.356042812689028 -0.377573619142462 0.388930121720644
0.0983791840642492 0.400084672417606 0.179869744215485 0.47500921859456
0.284294630030827 0.370077412037353 0.190107414092964 0.0781626333492943
0.388695456654228 0.170092633827874 -0.00395947820850373 0.0839874359377392
0.34952177361172 0.0118678158253808 0.0195334049631009 0.204031733301198
0.269648466764662 -0.067570081235396 0.0835560298454312 0.185603900185549
0.228872028791815 -0.0608755977952119 0.0912920451512892 0.0788403749706013
0.23368281460921 -0.0524247286852646 0.0206064275602492 0.0161124305776131
0.308677313957583 0.0240715936911333 -0.0775377969624467 -0.0244066579590109
0.323043532119361 0.168076619823749 -0.161187871061153 -0.115902148311932
0.274822896405123 0.361784933867626 -0.101734590827402 -0.28442762915541
0.0737567781604702 0.414979958367662 0.0305405544465707 -0.355592879443851
-0.104866531077775 0.380160567722797 0.207781986785492 -0.363337554586906
-0.085522063848063 0.409009466160742 0.322529903751322 -0.162429873728927
0.104962573691571 0.286774931103578 -0.044950797672798 -0.279420524375199
0.0312355964327115 0.206290435148336 -0.255070480697919 0.301710909813268
0.0674444826998778 0.307837171933607 0.240040078024922 0.363665627031931
0.269241856639879 0.343183845672535 0.216959981183683 0.0734359245373064
0.400280002341142 0.125557917963798 0.116943887012545 0.114736912299666
0.335509221362352 -0.0478853503500649 0.164623705152016 0.1782428861995
0.233478563094852 -0.113249455422009 0.205404993498123 0.139176242053695
0.19534364705757 -0.100880706518432 0.181448300117549 0.0426074793288113
0.194598250315995 -0.0775308633250831 0.110386838093045 -0.00633352637000026
0.265366315267304 -0.00652610328557488 0.0207123122521983 -0.0338290508601103
0.295140562523171 0.153364713105627 -0.0438145333614851 -0.108903149895087
0.208522632795485 0.372447639955842 0.0141409235926012 -0.252744383659019
-0.0345050676144088 0.357445780375958 0.118809599642018 -0.338059279375389
-0.13273104336105 0.242118005553092 0.29292875737251 -0.385890297883623
-0.00101785975587698 0.288770319471513 0.408801725220282 -0.248959810483961
0.172078639149061 0.113164094707873 -0.0137427937276568 -0.342172569313975
-0.00243842411965138 0.0331118200920067 -0.144043993512795 0.199132980073359
-0.013514842675045 0.204620564905837 0.242555292573275 0.23486770431935
0.204006631552572 0.288313231763504 0.210928226474214 0.0771550196869341
0.332031873160128 0.0673047322268775 0.222342115926368 0.130678826416171
0.252464575094794 -0.0881632587100245 0.286539179742686 0.127530047860693
0.156258603532833 -0.135031000670653 0.300200144002796 0.0756659778373421
0.133081527598701 -0.127009984849542 0.24813619653722 0.00143258593856819
0.132102159211367 -0.101026787727551 0.175658562925852 -0.0275864503453652
0.202174198704241 -0.047916133186216 0.102947793938632 -0.0402582336195222
0.247241020699091 0.112837053979687 0.0656987373037463 -0.0844185406545571
0.126400354426341 0.32488258934075 0.107996161083739 -0.175511025664768
-0.114318094498684 0.227351474461556 0.175968699506349 -0.277054657958514
-0.0895661629239333 0.0691608326152794 0.362851527659068 -0.379143091257387
0.117702767484641 0.153608453010177 0.469738685892865 -0.289732037844302
0.191686483283557 -0.0822054098341865 0.00477422225715257 -0.357090727398337
-0.0613123651001485 -0.117835607786814 -0.0685457365131323 0.110271189973413
-0.0918798810643385 0.100646482056166 0.201578397002361 0.149623006809589
0.114536565141682 0.201264299469655 0.202585729789741 0.104509027095042
0.209196355448898 0.00803861969660779 0.302622686158807 0.128199882846945
0.123612483160356 -0.103920109486312 0.361903021127561 0.0647771583547042
0.0529735842324876 -0.128159781149685 0.348848224115854 0.0113212042971243
0.0502442056993585 -0.135013168854831 0.279095726812704 -0.0381292523278915
0.053706599563406 -0.118349355958518 0.214718568635334 -0.0575815434492223
0.131152077557717 -0.0926216666719799 0.167567811820271 -0.0542662438281975
0.195121066476114 0.0573890827243794 0.156858091107129 -0.0495091399891007
0.0579576458881281 0.230645162419753 0.153550468122356 -0.0830472990347389
-0.126158225617674 0.0639832383247557 0.175593108383835 -0.223103651489775
0.0268338824580549 -0.0839894614268229 0.407672989306127 -0.378130138910222
0.247407341844286 0.0313230677579422 0.487103080475638 -0.295986139115032
-0.297422967649949 0.145729417888626 -0.459142238081897 0.164381927181469
-0.120174542124689 0.238723205838785 -0.52025920451393 0.454766738700913
0.0589361399387408 0.0872118012830087 -0.105335010192586 0.276652238738327
-0.0201443773132507 -0.070198764620906 -0.0776575029577528 -0.00266714418455689
-0.113089774415098 0.0258541247463903 -0.216016699756525 -0.0102014115515547
-0.0416873959255216 0.109822819989652 -0.214378227033889 0.0918734993655287
0.0373353739559533 0.11471241717402 -0.20536449896177 0.105314973277115
0.0464348651872004 0.114123273665905 -0.232794684822633 0.0753233610890214
0.0525967574305214 0.0965326583785269 -0.31977251483672 0.0537280978072008
0.0211354675484476 0.0964510695153644 -0.345882148269692 0.00251234319142931
-0.0551826150755373 0.0321077792944932 -0.320747259435881 -0.062351334944191
-0.00249323669235048 -0.0932739299734686 -0.249444589801898 -0.100114804561707
0.166999469325969 0.00115961594572283 -0.175858864833484 -0.102446181337462
0.0666826793010973 0.2393249779808 -0.0045470676313277 -0.126297761960481
-0.199539514109514 0.247685136956839 0.0148537537320079 0.304542920919218
-0.314235329137841 0.245358984160382 -0.389322950723971 0.109579057276616
-0.199148578277072 0.331215971136908 -0.553062253348357 0.464544128114198
0.020965825528071 0.240651767784087 -0.0666094214369915 0.351477659486828
0.0496750324489743 0.0821034979095734 -0.0358681505454841 -0.0111740622146817
0.000399613764299226 0.0879792681568281 -0.234846333592387 -0.0162160513052665
0.059470824099708 0.118076917873271 -0.227304793627835 0.130441050194879
0.125775353465923 0.0915352809510402 -0.185975448976126 0.152193164236442
0.130145604102321 0.0784562258187387 -0.183961177644682 0.102347263303075
0.14284286462775 0.0515769887394236 -0.269465698958776 0.0704097762297099
0.150963311657452 0.0767914921358219 -0.325580880189501 0.0209702647603029
0.0891894508444344 0.0776590488865576 -0.340414975830281 -0.0628869863852784
0.108539970982535 0.0365073642092191 -0.256805320621741 -0.153658130190293
0.190995505205901 0.12968310594056 -0.137770545388301 -0.155067775225082
0.0597257498249462 0.339265880943854 0.0198687235847042 -0.147419472119456
-0.182864584949481 0.388255594878928 0.0692481888106142 0.217939483118213
-0.257879515616461 0.338266232378126 -0.285028946097653 0.0377270268244879
-0.189351513695225 0.398884765347851 -0.529276436258703 0.466369242858139
0.023615023085085 0.363259796199257 -0.00283560183331249 0.442224725432378
0.138394533441083 0.231765460938972 0.0336338210816577 0.0212024322552482
0.146155554178793 0.146279766073575 -0.201988012359302 0.00649090427096594
0.176495751052718 0.103221723031065 -0.193009129018983 0.168262142504945
0.202500360047734 0.0464511053928171 -0.126128736832924 0.188345861863752
0.192162541807598 0.0328261613000486 -0.10379867535864 0.111511546816211
0.205515928827381 0.00783808768410231 -0.18387953477066 0.0631967992971721
0.249019183376645 0.0534861871010786 -0.264720434154073 0.0157418561121478
0.214852556700031 0.114507810387048 -0.320838373546971 -0.0724869601465117
0.215408640923338 0.164056823017039 -0.245587491494968 -0.206918646862558
0.195178044527936 0.261055957959644 -0.10425595058549 -0.230588031532074
0.025054916632689 0.410570190944343 0.0589900304603507 -0.212193002430908
-0.15845592030838 0.463712738502987 0.140099381344332 0.0940550591804036
-0.138994281748462 0.395229920360439 -0.179119864462928 -0.0561045923532874
-0.0998667342464947 0.414425380687942 -0.458883662070724 0.444613495828782
0.0732654577459145 0.414987115589917 0.0929034600241996 0.487813693415693
0.233369655859211 0.32612794471882 0.11506811908453 0.0573188256947665
0.288810500300105 0.168887617832496 -0.118328005194404 0.0459365680962291
0.280283812653161 0.0600360606332413 -0.102511304016932 0.19525702253119
0.251342470504848 -0.0121174927193764 -0.0300327327769945 0.197562367405384
0.222386847977077 -0.0166634359061084 -0.00686890175276884 0.1002820535763
0.232357261438919 -0.0274151537093997 -0.0822108744758479 0.0404731423493451
0.298932371642868 0.0342426414054 -0.175445831972402 -0.00201173795473213
0.295062053387551 0.140520957759686 -0.256993951861248 -0.0891336162211299
0.279812061123014 0.271784529054424 -0.196451475618708 -0.252034912912103
0.163873408081279 0.36083130077879 -0.0571866144439634 -0.301402509853761
-0.0312149120811948 0.429023960397744 0.115003354007469 -0.292803480120614
-0.124336614908574 0.464432769608232 0.220975874345887 -0.0440069106465989
-0.00193245199510755 0.377320228897945 -0.100511908809943 -0.165650052393803
-0.00207690361450746 0.342023416678015 -0.351428559901872 0.388994609406556
0.10537084434486 0.379498560220947 0.187767526710403 0.448148828962539
0.287019718006914 0.346079747325221 0.181540132708659 0.0690276006714791
0.379099776064424 0.150177333990406 -0.00320262410093353 0.0828759219055052
0.335281403285377 -0.000844757007534241 0.0274519424757208 0.195469582798809
0.258487753891958 -0.0715583949787878 0.0871746100313459 0.17623692698222
0.217792779639364 -0.0633043946530061 0.0903779305430587 0.0730818658052095
0.223936736628671 -0.0548477301984091 0.0175106170016683 0.0136345842373139
0.29714924236145 0.0150994077467968 -0.0749760813702776 -0.0208630747581476
0.316785596588597 0.151596065102318 -0.158638747551144 -0.102854206117711
0.276108739654557 0.341420810053182 -0.104488757575346 -0.270310801208973
0.0812214685491902 0.394988119003877 0.0183708677078436 -0.339799343501758
-0.0939443214867885 0.368742404849877 0.189735072586692 -0.353872884830411
-0.0717827682577678 0.393895718824947 0.306953225919667 -0.166300424353721
0.107971298816269 0.272190215123075 -0.0515312335405128 -0.265299612545504
0.0333116022579817 0.19752011759194 -0.234852815977722 0.301217411317909
0.0723990106240228 0.291882431706185 0.243446368093065 0.339994963585337
0.271501950265139 0.322256220619779 0.208401474277847 0.064387507262071
0.388576046077548 0.106618129425052 0.115214163623184 0.108675010910682
0.319732301900326 -0.0574084065014077 0.167168440988044 0.166396723915264
0.222357713072258 -0.115047708031068 0.203319725586357 0.127921472942266
0.183340679629706 -0.100719359223969 0.176207001268003 0.0354956413453542
0.185252911175512 -0.0783765894708523 0.101795897145173 -0.0100659430620981
0.253607925219766 -0.0126140346948571 0.0201902363127747 -0.0326234200913075
0.289073368001536 0.137845312122279 -0.0457747896414246 -0.100300816164513
0.213240540318769 0.352283582353167 0.0061049171625174 -0.24178610329319
-0.024646106043247 0.344691038972677 0.10413135094495 -0.324546162597156
-0.124480943586012 0.237581012854311 0.272268607388335 -0.376932470416842
0.00611034342368485 0.275847356454006 0.38843029741752 -0.251656616178353
0.168454704175949 0.104669842444696 -0.0223533202637641 -0.327461351734442
-0.00306441423894799 0.0317832509768918 -0.131475431517947 0.198743015361794
-0.00745096466098888 0.195278890954081 0.241476939624175 0.21739461248566
0.208548166303728 0.271818317171826 0.203095329388641 0.0686910250999684
0.321373944298901 0.0531908936553609 0.218942742569066 0.120713589277365
0.238608216083821 -0.093764981460623 0.28299804491466 0.11394497072072
0.146870265013945 -0.13305934823328 0.292592731844364 0.0642181388092754
0.121917598772073 -0.124592425137697 0.238128291703184 -0.00536338918964716
0.123857609940005 -0.09951781351471 0.164866899553189 -0.0328219877038439
0.190460230202227 -0.0505278908499639 0.0988235852154437 -0.0417663751237606
0.242719646175438 0.0988921448905184 0.0607831342107374 -0.0806484276751914
0.132983816820793 0.307548525986244 0.0992131715571867 -0.170642598555599
-0.105201886477242 0.221394942844633 0.159862604384995 -0.266913592343942
-0.0873828096586362 0.069578837016389 0.340537090264682 -0.370944838448607
0.116237362470805 0.143727113407573 0.448267694579991 -0.293376425278457
0.182139529659699 -0.0837927132728979 -0.00403175969117841 -0.343180597479579
-0.0636047746882937 -0.110563705321877 -0.0608372243305772 0.110807544720864
-0.0852009203977547 0.09803069184392 0.199937982698688 0.137583472840348
0.11953401995231 0.189604983286887 0.196714661346467 0.0951403981862014
0.201493633018523 -0.00057073453559852 0.296488082796464 0.115010111206095
0.114396361562928 -0.104668968051651 0.35238682955159 0.0512069235168514
0.0465888928120754 -0.123916136904685 0.336835449618416 0.000795007137323704
0.0411719418655813 -0.129990299526106 0.267256610866608 -0.0456694462324391
0.0483450897766571 -0.114204137342161 0.201693277229876 -0.0624139923626411
0.120928670191221 -0.0921597203702166 0.159674524452896 -0.0572965252063285
0.189802014450357 0.0464853933084457 0.149777559641004 -0.0515253256896509
0.0643605691407369 0.218633488212855 0.145244831350667 -0.0825832824712886
-0.120775159157588 0.0654545713578404 0.161592454744169 -0.214891922404275
0.0208779803849936 -0.0808198089959239 0.385432013882906 -0.371836754131556
0.237489785248619 0.0233873345012069 0.463577992240283 -0.298399752205373
-0.292204061954073 0.142466916180235 -0.453475382773372 0.163086042188372
-0.116170631440215 0.235331169262984 -0.507645296942949 0.447024736361593
0.0576810414091777 0.0842299190739706 -0.101140157435778 0.267121262367138
-0.0217431030652381 -0.0689406463979499 -0.0780742020667248 -0.00600708938097968
-0.111669542158053 0.0265712401535257 -0.213277240560639 -0.00961029396286374
-0.0397763812920015 0.108391933013326 -0.207923469937277 0.0913523608080299
0.0381025659657745 0.112079167380168 -0.19923572366731 0.104505363223345
0.0488446517764865 0.111036439440683 -0.226693196030852 0.0744782116425794
0.0540636137982644 0.0940743566829366 -0.313272202131094 0.0550020261417093
0.0230202138454756 0.0938893269721161 -0.340404633420122 0.00488755459916859
-0.0539494876417828 0.0332027362317661 -0.315531095661249 -0.0602989429721541
-0.00461763888102981 -0.0894581339063012 -0.244106891371523 -0.096029332491877
0.162921631477221 -0.000536760608082526 -0.170536588129721 -0.100391481027242
0.0681447067869733 0.234111512245598 -0.00858405426610868 -0.125437489469814
-0.193829680022908 0.242328990267024 0.0159290021583535 0.298373527964349
-0.309299671825782 0.239380865732475 -0.384422322145289 0.111021895326781
-0.19533888982741 0.325877760238878 -0.539282670532323 0.45604013719092
0.0211949623873703 0.235328218064995 -0.0615353824432718 0.340464048888478
0.0484287685709886 0.0794171261404579 -0.0378312760244565 -0.0142128225627425
-3.9178884172617E-05 0.086467929908369 -0.233057273805893 -0.0144317023252301
0.059223773801205 0.115739567185622 -0.221260707747715 0.130066054284631
0.125531383364555 0.0883493806852133 -0.179624184498131 0.151589830575312
0.130449736476883 0.0761877177841265 -0.179031055512342 0.100711119221063
0.142143725596602 0.0496825461391578 -0.264405722180374 0.0713960541458061
0.149790366415346 0.0735680737201439 -0.318744237852665 0.0222566500092993
0.0884159937187386 0.07748916768884 -0.334890184183945 -0.0587951090743187
0.1058935778747 0.0376515084487929 -0.25187665060988 -0.148137900704778
0.186652297764299 0.125176097228971 -0.133694208426469 -0.152195315063527
0.0599324656714828 0.333372653171749 0.0166291040709044 -0.146011265320522
-0.178969220730741 0.37954254377906 0.0693532044406188 0.213239868560318
-0.252758243039251 0.33103812820254 -0.280699924109374 0.040669529102713
-0.186506428244403 0.391179841717184 -0.518104246921221 0.458767280877787
0.0245074818183218 0.355028550270875 0.00207313729589185 0.429056180850385
0.137869707037772 0.225943976443859 0.0298178151487506 0.0177589691584297
0.143475951796125 0.141419610787196 -0.201007193740377 0.00858058653435349
0.172481613954922 0.0991798878576649 -0.186012897843818 0.166498262365636
0.20082701636343 0.0442789531924492 -0.121224103116881 0.184941183645834
0.190181737524032 0.0316395030861702 -0.099931284271278 0.109007374360047
0.20318420560205 0.00733327442777295 -0.180711788745957 0.0636361521476846
0.246120868164247 0.05017421663653 -0.25963438325689 0.0177568917059354
0.212539353195887 0.111386195182946 -0.315250128033116 -0.0673676335374742
0.213245818207813 0.162002381487547 -0.241135339824641 -0.201131883746421
0.191219852349401 0.253394125117833 -0.102412691971712 -0.223984291007549
0.023961121384727 0.403016833357377 0.0556930385125924 -0.208502404300662
-0.154327187182511 0.453404415011371 0.138178251921422 0.0907422622461275
-0.137007896373018 0.386711382498837 -0.176484005862976 -0.0517488065702269
-0.0978548432859872 0.405929117500868 -0.446436099347448 0.438905212905318
0.0728665036475137 0.404592945053735 0.0936572546632392 0.472489863812528
0.231851883642803 0.317823177830028 0.109808876923379 0.0537170235949482
0.283994115136976 0.163346262746604 -0.118980965239425 0.0472641918443963
0.274249477536478 0.0562347852471474 -0.0976928480298768 0.191869774553383
0.248149943879857 -0.0132935734077017 -0.0265623509709657 0.194938503657223
0.218959714927606 -0.0161912628493929 -0.00516776537407458 0.0984959024610781
0.229172300555543 -0.0272891554757066 -0.0825601393572626 0.0409365281093297
0.294346556326841 0.0320171818402091 -0.171427628877358 -0.000686174971170445
0.292185985921613 0.136827705702009 -0.251958175335844 -0.0830008826626195
0.277576071102611 0.266438180482957 -0.193603768388202 -0.245382288204238
0.160877083915163 0.353056208363536 -0.056261703992082 -0.293587593155454
-0.0338996647842572 0.42200984863601 0.111238547035058 -0.286568350421735
-0.121187808648539 0.452544376747069 0.217997079301379 -0.0450914229424003
-0.00258152885553677 0.369660709944161 -0.0990087634328895 -0.160420036191987
-0.00295652344816362 0.335683798426187 -0.339923792547618 0.384258902100867
0.103210698958518 0.370279711267772 0.189785663036795 0.434766525758486
0.285659340295165 0.338017653493678 0.17477325886449 0.0659952687347117
0.372544978025467 0.143096120648922 -0.00463234658576184 0.0832889071945524
0.326965341828455 -0.00349155903982697 0.0303256908481854 0.191936814761759
0.255479004417847 -0.0710900673501173 0.088594432461552 0.173236112376695
0.213828960578356 -0.0614231457533819 0.0901484224808867 0.0712303698549872
0.220178682082217 -0.0530311665960162 0.0146962295528908 0.0135784318458134
0.291255775320436 0.0134185935801278 -0.0726271672020099 -0.0195888315285287
0.311758171773717 0.146222863005738 -0.155040144739819 -0.096031762890898
0.274228801133634 0.334245084026318 -0.103281996555048 -0.262938527823952
0.0800754923130927 0.386981069125312 0.0174027558732625 -0.3305830091586
-0.0937335296423448 0.363935570758885 0.185318971382274 -0.346892901125918
-0.0710393834063206 0.384155195393526 0.302256970130105 -0.165252620037758
0.10688677776801 0.266699033741363 -0.0505772695635675 -0.25838733355557
0.0309128630963063 0.193677178144263 -0.226778856709437 0.29859190719671
0.0717413966996644 0.284486071289203 0.242593487180094 0.328148547072412
0.271594368342991 0.314811422393822 0.201902196397296 0.0620466516344092
0.381488693077325 0.10020729636478 0.113753898337204 0.107588177385307
0.311838877927781 -0.0594118888359836 0.167725069502083 0.16245381977416
0.21831594982897 -0.112863376500011 0.202138569816135 0.124579159793827
0.178554393058689 -0.0980173590561163 0.173211985499321 0.0338008842835603
0.181899897255685 -0.0769472065850874 0.0970819404313571 -0.00941198801527391
0.247986890115013 -0.0132812602998869 0.0203098939210634 -0.0318171074720252
0.285517164749026 0.132183175669863 -0.044553010928498 -0.0947780521402342
0.212947656700001 0.344972539680972 0.00563942595710697 -0.236170766370563
-0.0244798515692568 0.338237536683915 0.100553255916345 -0.315597420574549
-0.12478432825548 0.235064496967789 0.267953790200743 -0.369268394142381
0.00494082231933899 0.268120894467716 0.382277666373803 -0.249058048496608
0.165938244515848 0.101942442428216 -0.0222930354969046 -0.321217821834182
-0.00522266348576286 0.0320674025014766 -0.125125584388005 0.198274083941236
-0.00685174606752628 0.190570850620093 0.239660224297713 0.209130807063109
0.209865802398154 0.264025944122236 0.197944610255351 0.0671023457900652
0.31642525302308 0.0486296254020514 0.215287302162648 0.117256613210225
0.232061487625736 -0.0943697726591215 0.281027755594645 0.109976135229881
0.143487619429507 -0.131403324141976 0.289667160351185 0.0615184658379183
0.116695393633746 -0.121520540636772 0.233795431267789 -0.00701615769345193
0.121431846423269 -0.097482166091676 0.158393338145507 -0.0328627118034421
0.185046511006199 -0.0505465331862203 0.0971666699973438 -0.0408970335914547
0.239338884061904 0.092803117745946 0.0593071701709531 -0.0766677981420192
0.134350702245677 0.300388390721591 0.096914700689463 -0.166552839463588
-0.103870854606777 0.218354911802265 0.155139052845977 -0.258433134827167
-0.0888447911383353 0.069579250907867 0.335067949972316 -0.362530333245524
0.113479736625047 0.13971122914124 0.4413668518836 -0.290299528739413
0.179142771842183 -0.0831280477658274 -0.00548248775840977 -0.337068377423685
-0.0644464026007181 -0.107724508156671 -0.0564455189690798 0.111569182108305
-0.0840785770591302 0.0955557624979897 0.198100320709956 0.132449238382512
0.122086692724448 0.183817470672489 0.192335602466197 0.0925364645528975
0.196732984079454 -0.00295301816019795 0.292963542527385 0.111674087335211
0.109501685623816 -0.103732505233137 0.34859257791626 0.0475133064053292
0.0443186239547544 -0.121634884233726 0.33366090624323 -0.000712548002597272
0.0371641952676504 -0.126619382009929 0.261845728811226 -0.0462980388686078
0.0463589515158111 -0.111164139044476 0.194903924938489 -0.0630011607439586
0.11593157757926 -0.0898748736749661 0.156628869685121 -0.0578241205598027
0.187392473836929 0.0421274528921952 0.146844492293373 -0.0504670719622389
0.0666452370069859 0.213598565933141 0.142915100271366 -0.0807754792658058
-0.120219193331449 0.0658754194654618 0.156731290150858 -0.206264554528509
0.0186564887769626 -0.0787678852877575 0.378741732902705 -0.36277401148959
0.232456569345925 0.0223007388821908 0.457929629737514 -0.296759869935784
-0.205466765296505 0.248670789258845 -0.350989783175731 0.35554944759312
0.00278314204581894 0.258105156699089 -0.266043737743502 0.629406493018766
0.0901321830742837 0.0523118643281912 0.0267843596853237 0.278623467017157
-0.0480462141832758 -0.0514327350241492 -0.0812479594058633 0.0248690301250936
-0.0871128829144676 0.0728738888677061 -0.200280924410698 0.0903277758947644
0.0118619529662587 0.1169289375394 -0.145791028665537 0.17693580962666
0.0817013062420646 0.0853100752619883 -0.131257431965723 0.185458940411291
0.0949337219302459 0.0824287697999767 -0.174280399810205 0.168667830627513
0.0895366713089794 0.0628699702962107 -0.261405701972345 0.19020550327833
0.0610612653205201 0.0767393848747957 -0.309354577696832 0.156964562394786
-0.0366839999254313 0.0571334316591081 -0.3150325543464 0.0793937734878054
-0.0461270338617798 -0.0778369960160755 -0.257245593995709 0.0144071800217753
0.148564381802084 -0.0723111105326431 -0.193480032720696 -0.0120074520103542
0.165797018016303 0.184469818326834 -0.0756398745868829 -0.106847983213971
-0.0694501987548553 0.318511088098174 0.129951558562651 0.252736514014626
-0.184965571496712 0.344382000264614 -0.30568528985355 0.281861071239892
-0.032634852942672 0.371215319618599 -0.28868881844558 0.656091522781031
0.117565854529319 0.201547368931138 0.099869157917222 0.33283959954127
0.0738547393967764 0.0510960159108904 -0.040804696572064 0.00279323158901891
0.0369448143852781 0.0812541683396127 -0.216976448214145 0.0920855224792328
0.104266341265648 0.0816863704908731 -0.138968899719916 0.21494274000814
0.151053976452397 0.0270886062840843 -0.0899674421768594 0.217647001863901
0.156907677062501 0.0159476858996356 -0.116745440399527 0.171137293098797
0.152348506363173 -0.0143811635535257 -0.208411857595641 0.184416243498351
0.169923902437553 0.003670916220399 -0.279017749822929 0.165547428787134
0.11554661191425 0.0367269355161724 -0.331382214606356 0.0970195803540126
0.109289075523022 -0.0115240878123985 -0.291019776382255 -0.0177797101010479
0.223989482707284 0.0350978294621687 -0.187447420355731 -0.0719765639936947
0.20017640204858 0.279872277621853 -0.0660963777220784 -0.135936517875841
0.00840962180262455 0.438586967970005 0.134766402106522 0.151315398445703
-0.100064092530405 0.406168084747118 -0.234293486637608 0.173889747217968
-0.001155302883029 0.428081619236334 -0.265639075857996 0.6506154563613
0.168041775193486 0.306768453681478 0.201779354314401 0.385784485772391
0.213846875859613 0.144258209396225 0.0431341689286755 0.00428685606254402
0.18848007678539 0.0709536756924405 -0.173828809453512 0.0953545239942039
0.201060249448979 0.0186500205301395 -0.0901132151126873 0.230366187809575
0.20102291539738 -0.044318567127816 -0.0200643650594305 0.219943972047862
0.19380680934804 -0.0496925773097399 -0.0402099659070578 0.144104379400879
0.191451120809698 -0.0782159323586374 -0.135979085325226 0.142280672908572
0.249060227605103 -0.0577157214569382 -0.223721818120183 0.136663437970748
0.246138793678159 0.0156818414447559 -0.31629279926294 0.0876766496827034
0.261421034037852 0.0538064044060612 -0.308246235179259 -0.0595836107978035
0.282868690998926 0.151946030316248 -0.195285492946431 -0.148789613656425
0.197481327669644 0.360639117299196 -0.0604198916511003 -0.211300098344691
0.0631351926003158 0.493767571771494 0.141571177067214 0.0102595488328427
0.0259824856252623 0.411392530095716 -0.172563551182655 0.0416120416249954
0.0832003569482319 0.406013556458157 -0.206993172713623 0.597682591324129
0.230754423362565 0.332187242458528 0.306544724326987 0.385566164562532
0.336161085713777 0.185323796430021 0.138914738215003 0.0019655707178717
0.323891368446621 0.0300029046743772 -0.079022823341659 0.0894912042756847
0.274844076876723 -0.0637394135689435 0.00285790080842867 0.212019251566193
0.220409063406381 -0.115456685997669 0.0716982964232973 0.184009490083055
0.200405876090228 -0.10595345689683 0.042092280047812 0.0920218654031684
0.201314910427104 -0.119891016763019 -0.0559795936134611 0.0779015127789687
0.285557723569533 -0.0954247032508207 -0.151242564486218 0.0822847701238122
0.330361955348648 0.00422266718714014 -0.26591608733985 0.0500453590063004
0.36599132749668 0.120155969906394 -0.287869442163195 -0.112144556523049
0.297489676211877 0.257401383199359 -0.187950706047512 -0.22982482329591
0.153736382812886 0.400931243762738 -0.0426550623028127 -0.30792377102717
0.0937031068599244 0.477906182075627 0.157336515841165 -0.146973338122571
0.140980017220403 0.343227829003367 -0.14429328293501 -0.096280727355974
0.138694734661456 0.303992199259692 -0.1325191391526 0.500085501602937
0.244740733968404 0.287517046005351 0.375053613966726 0.307765926617497
0.394569364078458 0.181107080029022 0.206747887082399 -0.0161233953678257
0.396478612378251 -0.024773568394282 0.0419118153876881 0.0681703637095758
0.29691698516081 -0.142208723448828 0.119165057790835 0.153020780320098
0.203286359821801 -0.170831293903185 0.166932705485851 0.111749632959305
0.174951366074557 -0.144565833285286 0.116496156120581 0.0253025686330619
0.182069891056396 -0.141024050974194 0.020381049347169 0.011443196331924
0.275031909242701 -0.110625932990395 -0.0690827406580661 0.0211376762056538
0.353108744343247 0.00209616291324828 -0.183040489475485 -0.00230267054441204
0.392459220437148 0.179909672722194 -0.217996570824667 -0.16490103485226
0.238649493028982 0.323604992499287 -0.140072862145019 -0.296391451156238
0.0727394754526081 0.375981938540169 0.00453259819486432 -0.397920774710011
0.108778126654316 0.387859355431372 0.18771749407845 -0.289356986167477
0.200154419687573 0.206309316100071 -0.142121305485327 -0.212563632033139
0.109554074802395 0.162545849167738 -0.0679761502269365 0.371240779539577
0.178999199782575 0.223051434207594 0.375427006004274 0.190191188610706
0.37260993227705 0.164479979965143 0.229170594003159 -0.0311710220006186
0.385355149677705 -0.070850524079795 0.159289177445068 0.0362600196999461
0.257804669095072 -0.187172244496058 0.228793184271573 0.0648445677509712
0.152842044593544 -0.194323071287001 0.246989165326374 0.0166614343603376
0.125882148226521 -0.164368052469807 0.175298805455368 -0.0456428118107918
0.136954360396333 -0.146408062228931 0.0841576303285629 -0.0474415021628158
0.22322671055641 -0.116869411503812 0.00947965890680244 -0.0323321459320774
0.322201098590395 -0.00071180557998124 -0.0822501724730239 -0.050224763190613
0.342841655436677 0.21616219424205 -0.110396059407042 -0.19081643098364
0.120329162285764 0.322934204585947 -0.0567009380181732 -0.322866227821881
-0.011257804804267 0.269246646333673 0.0772512572413961 -0.453650018560526
0.128761637191143 0.244271901234643 0.231589603585024 -0.395059940467368
0.188731204903648 0.0320772521406776 -0.148083655529811 -0.288763467724439
0.0103236391185213 0.0314405265484606 -0.023363845006562 0.23574650971549
0.0683206583781427 0.170750398516237 0.315834057591458 0.0863746276733822
0.296817391362671 0.144048148989268 0.224556746693283 -0.0234150013952056
0.302880062682326 -0.0923323006196434 0.254435995689927 -9.86980836810013E-05
0.169705879395073 -0.186054038330227 0.306518272824673 -0.0321724137205376
0.0769545948830633 -0.178331418685832 0.29659515749997 -0.0792799069814569
0.0566509440972023 -0.160388619990045 0.21119987429266 -0.109826776743034
0.0724968227169409 -0.140600986945267 0.130141084475955 -0.0971990351281199
0.148884594501361 -0.123861050428202 0.0752200099583635 -0.0774275124061044
0.262277721034374 -0.0183276442840136 0.0200922877660196 -0.0820549811200541
0.253824718800898 0.210374230278513 0.00300796195480097 -0.172516638393626
-0.00291401899288837 0.246277712569674 0.0207840758594377 -0.298117830673632
-0.0481079682417498 0.101096024331856 0.151670040895329 -0.475061111724923
0.171626853314426 0.0740075600878214 0.27461405961386 -0.450814504238062
0.127288127258085 -0.143167897243454 -0.145180057244745 -0.315306653852958
-0.100806435079736 -0.0711599173530129 -0.00235197346395014 0.127020724482411
-0.0402190040431868 0.116994566618578 0.239854713566812 0.0382365841728296
0.186227468092192 0.108029393163304 0.225929856948158 0.00325551237160572
0.173232713632211 -0.0902469070432534 0.317921957963825 -0.0365567499391811
0.0529642876617898 -0.142475001182434 0.337622310880264 -0.115013677409292
-0.0100338311019686 -0.128057188411836 0.30513836004513 -0.152924161682291
-0.0210031893154045 -0.132268148795972 0.217967820123451 -0.158105969946385
-0.00302280158248424 -0.122327273234803 0.149653988087976 -0.141485210028967
0.0679935441405197 -0.130689946704424 0.121090399558951 -0.121381604957613
0.19209574662206 -0.0444361161019636 0.11227502130742 -0.100395480693805
0.155145469931907 0.162727767372723 0.0855666163266963 -0.121331750915782
-0.0823577255729078 0.112050730555849 0.0505353700519646 -0.253130347773691
-0.0123698218741259 -0.0833617830398197 0.197209179963007 -0.48910660114115
0.230852067639265 -0.089435553310301 0.29183873376252 -0.454813380485695
-0.206060209265041 0.2604442291186 -0.351236764000779 0.375438408235198
0.0106651615441269 0.26333397527049 -0.254822426131425 0.650558590858832
0.0933696394662481 0.0507105289554495 0.0325926715893171 0.279648378640434
-0.0525501753310474 -0.0509003687458486 -0.0864392526352594 0.0260611783181973
-0.0870649766638471 0.0775147080073815 -0.205004133420682 0.0992752195960193
0.0161784416891245 0.119259840808202 -0.143181562582017 0.184403591296603
0.0867713636078724 0.0838388267095283 -0.127314404223469 0.19344857468566
0.1009724035085 0.0795868810481535 -0.172731095377734 0.177356122756265
0.0943509514848384 0.0599958231958849 -0.2604696590186 0.202611029916532
0.0663642135114759 0.0751099481511241 -0.312209560213995 0.169254187272166
-0.0342726583529292 0.0619123062871737 -0.321871509013404 0.088369773214778
-0.0497537194734098 -0.0761128239719521 -0.261348770281314 0.0218175089616648
0.147825997129381 -0.0786297447670272 -0.19562457255075 -0.00879848494447725
0.176490562735335 0.183087879553157 -0.0834259978218124 -0.107023880786413
-0.0619926079122186 0.326735353814186 0.141270045642328 0.254689695229883
-0.181053961859446 0.356605792247781 -0.30653605790011 0.29873759180976
-0.0242198840675791 0.381090656612523 -0.278296010455248 0.677852732387567
0.125154112654195 0.201650037422601 0.108729803873667 0.332502757181584
0.0755606599041521 0.0498857740669136 -0.0459718731592604 0.00255726042250125
0.0393883115161324 0.0818387218520793 -0.222175411284332 0.102505991250568
0.109225463793549 0.0805971454301112 -0.135825505088639 0.224165713124311
0.156601015965411 0.0223463815305731 -0.0835726166292381 0.224803598705392
0.162933338319265 0.0107397370317989 -0.112981119612746 0.17725685078493
0.156474940798981 -0.0197767361286162 -0.206488931774061 0.195902467239909
0.17499548279059 -0.00285936377355543 -0.280522893657811 0.177538745159392
0.12112516955496 0.0360305787397027 -0.336683560055405 0.108225048225506
0.112373630307323 -0.0138445755147194 -0.296912013267196 -0.0102156343441312
0.227181931815162 0.0295301510277161 -0.190930192647984 -0.0698066952021187
0.21293707554413 0.28122741876452 -0.0745227998060197 -0.136066604614703
0.0201217087357093 0.447344764631226 0.142239565646269 0.15083256661535
-0.0931474847943375 0.417846032479434 -0.235016884520921 0.186247618106495
0.00937766027028503 0.438251355527755 -0.252872973774233 0.670549375901129
0.179279414706801 0.307456304724957 0.213863794544433 0.385198422835338
0.221203986607714 0.14007086390368 0.0397810653177554 0.00198170449609645
0.192945343467602 0.0667396133225427 -0.178668166839125 0.105245866581907
0.20576769714532 0.0135302740563463 -0.0848299637831448 0.238305444950501
0.20594776892818 -0.0529228414136369 -0.0114219730342382 0.22511307321558
0.199305488675744 -0.0571794128726882 -0.035599647641098 0.146881050557592
0.194678776853205 -0.0854811890280269 -0.134249783226346 0.149900470083742
0.253677050034549 -0.0674688806424924 -0.22511748221739 0.146099122211486
0.253672108633084 0.0088539483941598 -0.319478925555715 0.100143727468593
0.269710152336395 0.0481519715482279 -0.315892426904932 -0.0520221194770529
0.291677172583847 0.148504562725166 -0.201870246367105 -0.147366416952451
0.211816134735927 0.364335201024812 -0.0696971702112 -0.213462259441796
0.0754675735499177 0.502233885944152 0.144884018578229 0.00575574922976559
0.0373149486748601 0.420484679375111 -0.174737164452928 0.0486720175842551
0.092996546705206 0.413546548945252 -0.192388736466855 0.615824956066497
0.243625794531777 0.331070912882823 0.321735579547585 0.380421627014256
0.349121025845759 0.178664183902133 0.137901265834898 -0.00216224973168357
0.330481094257415 0.0211815487104019 -0.0811409734268044 0.097728474541485
0.277692554777994 -0.073181683202758 0.00981582961123881 0.216805894341253
0.223187247275101 -0.126741680185935 0.0817130177713685 0.185608551751105
0.203610527873624 -0.113859233207379 0.0469443687045727 0.0914397242391197
0.203694626836912 -0.127846170515301 -0.0544729105223342 0.082655662276266
0.28996503667052 -0.106490787994737 -0.151827065050673 0.0883956585123154
0.339116567121849 -0.0053992269637771 -0.266815718039962 0.0608773979778032
0.379228132871942 0.111428867879686 -0.296492957824262 -0.106719761895702
0.30893933649919 0.255635747111126 -0.196008902274973 -0.229520233562902
0.167220088194697 0.408227110009798 -0.0532603385123171 -0.312718772465593
0.105337321967277 0.484140362098001 0.156975268191235 -0.155008087415783
0.152178259803473 0.346819099898954 -0.149529381102984 -0.0928619175997502
0.147303234996944 0.308175652792127 -0.11881602977558 0.513268692972228
0.25597387397363 0.2860199117087 0.390794592219521 0.299479941549761
0.409032184425807 0.172504043139577 0.207199685999138 -0.0220200419265454
0.401428869850758 -0.0381669389915639 0.0421725370621445 0.0718949197495811
0.298411584673959 -0.153123274576249 0.126804849331025 0.152718061140994
0.203453614955826 -0.18203863061427 0.176937126472227 0.108804185714651
0.17664261317155 -0.152307819047484 0.121155020273093 0.0207316768015972
0.182933048863883 -0.148476611864363 0.0206673402601866 0.0124850939227199
0.278233096306826 -0.121197404010094 -0.0692785815273781 0.0236084992190026
0.361329493262655 -0.00852976541957048 -0.183809366618715 0.00562464795680976
0.408084452469296 0.171605495794763 -0.226574711344491 -0.161979811674809
0.249959943040332 0.324084078572239 -0.148043231405857 -0.296758341074121
0.0826496324521303 0.385225393476792 -0.00587292045857843 -0.406058886592327
0.118071478655961 0.390961355828372 0.184053610695468 -0.302311052089331
0.209870484145452 0.205400258167843 -0.150959747745809 -0.212664627925882
0.114741941669588 0.164953515692617 -0.0557221238497359 0.379897713585594
0.187099790942778 0.222293210169616 0.388333421063299 0.179168139910294
0.387261801279057 0.155021721645153 0.231328404350343 -0.0375093179407535
0.390814466315876 -0.0850062066505274 0.162818631224732 0.0346601142148327
0.256890975091295 -0.198456972110633 0.237867213708531 0.0590503367406337
0.151223485656027 -0.20392751938797 0.256517938649689 0.00903568404188717
0.124611923331242 -0.169567766520706 0.178401568359249 -0.0524784774732731
0.135758284433606 -0.152950125948425 0.0841557210923297 -0.0485955885908195
0.22471974034397 -0.125523238590264 0.00972571240810288 -0.0337797157420073
0.328452011639218 -0.0125500031100856 -0.0823681426962297 -0.0460513837959991
0.358523361603571 0.209742236069852 -0.116406541165342 -0.191453271095367
0.130898623692745 0.327997527237326 -0.0642529718280438 -0.324965279927673
-0.00534167398796384 0.277785707448809 0.0684793143775645 -0.465696072660305
0.135426235896027 0.244540273130698 0.226901428198995 -0.411849729087443
0.193664070168878 0.0268535597027853 -0.158158975269373 -0.29127126697345
0.00977171624700808 0.0340391396778491 -0.0135010579103801 0.240413638331713
0.0731264269508509 0.172848269290549 0.324203914223625 0.0763757199008258
0.309645511566032 0.136047723087607 0.227766423733212 -0.0295161772943587
0.306430613329455 -0.104902618793336 0.260123028829231 -0.00670634091345558
0.166991616340193 -0.19487669164702 0.3148574418896 -0.0425005735153897
0.0731483022693118 -0.185365690240663 0.303729063730747 -0.0910513487347071
0.0530624777403709 -0.16310793728519 0.213799724429011 -0.118451330215476
0.069474278023015 -0.145560066391999 0.128213051997402 -0.10111152403855
0.148422217159189 -0.130180237486811 0.0742920621314592 -0.0812655541508703
0.266515727194056 -0.0286823171750934 0.0210358491025226 -0.0821694146552742
0.266855349553298 0.206625331958426 9.08509923904812E-05 -0.17578923278011
0.00296319920975156 0.253194898885177 0.0153168624043625 -0.301737178601781
-0.0482165882036382 0.106572427820786 0.144064919438688 -0.489296890569389
0.175695683328687 0.0701096378885919 0.270137307361111 -0.471189826164835
0.126144474381035 -0.150128749537079 -0.15655284854872 -0.317791650175338
-0.106002751521065 -0.0682011103589146 0.00454854653050482 0.128698265366984
-0.0389943709512783 0.12189978438578 0.244936790344454 0.0303289425092276
0.195372751169806 0.10212111274051 0.229773784117031 -0.00183782224683746
0.173627612527637 -0.0985528313070277 0.323822870512318 -0.0478959743594343
0.0489671940170252 -0.147380459106865 0.343888683927546 -0.128730076581295
-0.0146065678263044 -0.130830253742375 0.309938720913268 -0.166673400093623
-0.0270147376240125 -0.132386356841644 0.218885352964648 -0.16854085552112
-0.00715721528384075 -0.124766040178547 0.146562339867665 -0.14865792570586
0.0647458434035067 -0.134473482511917 0.119779313148637 -0.12756312958246
0.194014512782055 -0.0541660507602795 0.113011532421761 -0.104616098779743
0.165366369217525 0.160364930403172 0.0857589748199796 -0.125510360680772
-0.0811579565549391 0.118809443898435 0.0472477317431178 -0.255782559863152
-0.01558897319029 -0.0843070665011025 0.191911988888915 -0.503809326776755
0.232384077535127 -0.0978688705659451 0.288298598371796 -0.474973135832749
-0.195510665698275 0.273115093422951 -0.338026167218502 0.39949364131181
0.0254581277027467 0.263863629219153 -0.223670046416872 0.669498730884617
0.0984585475210023 0.045439459070218 0.0458206520586031 0.276555514988386
-0.0576142159382963 -0.0484355130331304 -0.0904965564886016 0.0301192175831375
-0.0843228396242372 0.0836579100591555 -0.204225806568407 0.112565474669274
0.0234057148813536 0.119302837775485 -0.134227417136249 0.193997068498069
0.0932966669300511 0.0786118611665268 -0.116449928407705 0.202037297254395
0.108159438155781 0.0730200617377225 -0.164383528182206 0.188190118364054
0.099348585675112 0.0538420515230611 -0.251243501472864 0.22042998676042
0.0721453371080287 0.0708725347926685 -0.307352649760656 0.187165705523328
-0.029668404651782 0.066355676195365 -0.321698887386706 0.107022042023126
-0.0546408542789863 -0.0729150484988882 -0.260212210902647 0.0364024397071673
0.142546555858213 -0.0869844760919366 -0.195715485002322 -0.00156521557206398
0.189608558100698 0.174867308940856 -0.0936765311296277 -0.102786380714149
-0.0454188327998833 0.331655460025477 0.157752499252554 0.249139802886716
-0.166836551429134 0.370568505602322 -0.295208010013896 0.319123862094034
-0.00471784403478623 0.384690320487355 -0.246729711511853 0.696403233879783
0.137446356492152 0.195164430678498 0.123885653341369 0.325301507533332
0.0764296482065969 0.0458724787565912 -0.0509142825057193 0.00399972099079733
0.0428519109704214 0.080915251910033 -0.222689011638997 0.118159970344448
0.115332400195663 0.0758464676006393 -0.124554534218937 0.233142309321843
0.160085709786954 0.011961355028145 -0.0698440444685514 0.231031217412119
0.166851073232502 -2.78704417030775E-05 -0.104182531338878 0.184092657193964
0.15769199064272 -0.0293822642909416 -0.197643550393017 0.209406968516235
0.177600738685222 -0.0137044813782657 -0.274598470248714 0.193991126509486
0.125699433067099 0.0309161800293918 -0.334037058763055 0.128922562624586
0.113743484271325 -0.0186680388401127 -0.299195173580668 0.00508683185156681
0.228935636752773 0.0188749321752768 -0.194995294624687 -0.0632264179210643
0.231169113006414 0.273422363963326 -0.0851781671992073 -0.132616996010365
0.0420896835641306 0.448330632829872 0.152471067343018 0.144590305712074
-0.0725386117323134 0.425407917673323 -0.227241105886409 0.201662677448558
0.0304433528514649 0.441474533806228 -0.219732557976604 0.688950873554199
0.195990054454189 0.298754966398239 0.233289267313213 0.373140235082301
0.228922913794392 0.128781203809624 0.0359762771806029 -0.00116840239658951
0.196613965158543 0.0573755618509673 -0.178568033664776 0.119936097451663
0.208644026572126 0.00335026432604917 -0.0726524827069455 0.246633875728845
0.20551356851351 -0.0664483614627956 0.00356558747227124 0.228271715799171
0.200024347662349 -0.0697582569665849 -0.0264896109856688 0.148955099458138
0.192478376698423 -0.0967448810284081 -0.126313668351604 0.158934335269376
0.253407213178359 -0.0839495762765635 -0.219667161143492 0.159641419677885
0.258598037928036 -0.00410322797810433 -0.315068105471752 0.119007121005108
0.276487455832516 0.0354628342973708 -0.32050039390978 -0.0362506450787716
0.299697968106173 0.135953636075858 -0.209538025941819 -0.139596776790518
0.233433242023096 0.359398079827261 -0.0834424738743061 -0.210196133401066
0.100725501938562 0.500881080894699 0.146683636157085 -0.00287659204336143
0.0567817485426519 0.420798937337604 -0.173123407937147 0.0606583462325233
0.113483239016912 0.414471555479075 -0.161029861641124 0.630895541630958
0.261365603306453 0.319780747325013 0.341436181555842 0.363047187863049
0.361361134935323 0.160567535533597 0.135317278191777 -0.0100904092676925
0.332908867482295 0.00374736102822559 -0.0804257820508448 0.106926386246146
0.276949567477533 -0.0879550715085476 0.0218994978851585 0.21911751163315
0.219025829458769 -0.141654716445025 0.095334952376948 0.182932896377702
0.201126645361534 -0.125733876074547 0.0537421625614627 0.0874969786953462
0.199618091111797 -0.13978939154188 -0.0504655152215145 0.0876424887609261
0.287462378491083 -0.125469851802102 -0.148025738161638 0.0974901900313041
0.343233979156748 -0.024478962231921 -0.263031993718193 0.0775168904635561
0.390908651508415 0.0923414258246361 -0.303927713341162 -0.0915517463501175
0.323133590061384 0.24447135391782 -0.206714860137228 -0.221329954074061
0.189223315343691 0.405946421145611 -0.0698528827704542 -0.31081234724078
0.128686007105355 0.480190458550983 0.149992653037403 -0.165698826681906
0.171845628243151 0.341364212557292 -0.154638380199477 -0.08461517417117
0.162490398296337 0.30594773728667 -0.0920284228613375 0.522003028111904
0.270733037515557 0.27417025060127 0.406667188623047 0.277520973548111
0.421596029035787 0.150600999463782 0.205053381386517 -0.0332169616979588
0.402992422710558 -0.0612686376508861 0.0441487025065578 0.074378468626616
0.29207948549539 -0.171127794111464 0.138086848260358 0.147612070487847
0.196678849868037 -0.196394485891536 0.187627239696062 0.0989615795549804
0.171224216550988 -0.162322582544139 0.12446005218156 0.012591020936798
0.177210514200854 -0.159402548788293 0.0219035064386365 0.0137253490884828
0.274488150644273 -0.138418450568393 -0.0680111130438465 0.0277718117503959
0.364561814970304 -0.0292077151085489 -0.180861315907381 0.0177209206712639
0.423074272857163 0.150266633803781 -0.236177712994819 -0.151445383929428
0.267152675916545 0.317187061330914 -0.161765377846733 -0.29143316410023
0.103230151298253 0.385957398000618 -0.026545253676328 -0.408251357226862
0.136642540095429 0.386056769795778 0.169746373307674 -0.315380078335446
0.222643425284099 0.19582156072834 -0.162621118671848 -0.206227384753413
0.122296855028132 0.163313536648113 -0.0352535447046395 0.384130541544497
0.198916400843702 0.214676740654025 0.398556802434995 0.157517477648858
0.401219596850413 0.134137884274282 0.228758279144485 -0.0493944608867926
0.388480250980815 -0.108272875265739 0.164193677017495 0.0289416576391691
0.247456083361875 -0.213852769088229 0.244781351512267 0.0465355980486197
0.141715347462208 -0.215124687803149 0.262473277162573 -0.00631706092564577
0.11755060363621 -0.176606421224636 0.178288322134602 -0.0644173011403159
0.128658986847782 -0.161510542706398 0.082285663054043 -0.0511662598525666
0.220076407657079 -0.138970766917564 0.00885343073789269 -0.0343539691052362
0.329652095765149 -0.0320842471165338 -0.081241649535783 -0.0396938180835191
0.374397590498848 0.190529107092654 -0.127006674748504 -0.186726409596763
0.147085204882739 0.325974992222738 -0.0785893306071395 -0.321382106985915
0.00740340270110076 0.282742246905191 0.0474869162084778 -0.472079683413642
0.146631756993662 0.237739396607739 0.208164174729488 -0.429498993631383
0.196528469181941 0.0165274776375244 -0.174676961796383 -0.285285953452246
0.010544077790656 0.0359906131423165 0.00193867585653299 0.240551153213063
0.081162462268418 0.171320970369788 0.329471141106238 0.0570056647261869
0.321396798336479 0.117064344881864 0.226624328800905 -0.0405919692061713
0.302993686527976 -0.123998182357023 0.261179171089408 -0.0194766206671334
0.156682025655299 -0.206196695234459 0.316931459632214 -0.061706103003056
0.0640207860273304 -0.190931639985251 0.305048681569929 -0.110978083612787
0.0443555015203567 -0.166019062871598 0.209417039614551 -0.131920545556542
0.0617095166109333 -0.150450887369364 0.1235102476155 -0.10704380450454
0.141963356364829 -0.138798267131061 0.0710441806928295 -0.0861619362219129
0.265796035660853 -0.0465237799199751 0.0200454853264295 -0.0816722360114296
0.282023587643381 0.192461516622657 -0.00861774281187642 -0.176189098194374
0.0152845926824769 0.256972178639968 0.00338605518472589 -0.30153320400503
-0.0448796178748263 0.110270311968416 0.123280964409221 -0.499483945894648
0.178732910947846 0.0611470453706391 0.2493291875258 -0.491381699005708
0.119518990487494 -0.159573506722326 -0.174336952886009 -0.312605897409907
-0.111012699409308 -0.0610081091076215 0.0131056384208855 0.127886354900771
-0.0344493767976264 0.125355211496144 0.247951851986698 0.0163603087153812
0.20413822216796 0.0889440766084231 0.230559424861697 -0.0127680582389855
0.169297036208262 -0.109810908661636 0.324216597808717 -0.0670177765175288
0.040546192275862 -0.151276190995308 0.341559803127509 -0.150423762997752
-0.0221444763640996 -0.130771985548459 0.30621947379113 -0.187231230992978
-0.0351511122382649 -0.129450208375669 0.211263655387506 -0.182021519198152
-0.0146940221110199 -0.124975917016526 0.138971176357093 -0.15616858123533
0.0576216414261164 -0.138229987017459 0.113762491643531 -0.135183216401023
0.191156378788449 -0.0680573695789871 0.110733448155324 -0.110465059947052
0.176371269100256 0.151540361646413 0.0813036906498749 -0.129817804412375
-0.0762383319536974 0.125468287559796 0.0364470785034264 -0.256237004359758
-0.021106947115281 -0.0839382962131536 0.171058565986766 -0.518527388716631
0.227521789504288 -0.110434898496207 0.267971865155147 -0.496066706871104
-0.178038899547326 0.278927480538449 -0.311821349161055 0.412891689626124
0.0406549982772864 0.256207613153132 -0.181949875592256 0.667992960399507
0.099887106192878 0.0381100741851473 0.0573619798145053 0.265635493850424
-0.0608974955627804 -0.0441568478327802 -0.0904643572782982 0.0336319484756681
-0.0789081057253622 0.0873336766081097 -0.196079581540894 0.12384908098769
0.0301606722511043 0.116176923431606 -0.12136315854783 0.197856660177472
0.0966232616554621 0.0704207649390281 -0.101106082902266 0.2048034385823
0.111457671635371 0.063213054914796 -0.150084894278455 0.193773851351637
0.101157755948415 0.0451524176330261 -0.233680390105073 0.230438275231927
0.0760888079534905 0.0638993607166296 -0.291836539582408 0.200371934119919
-0.0234782126637912 0.0679533233668574 -0.311657906250846 0.123802999728221
-0.0579731687454666 -0.0668019950088026 -0.251215682044929 0.0496978829547269
0.133778093521153 -0.0926111981213265 -0.191259269195214 0.00655578148294209
0.196621002703048 0.160094708844877 -0.100654595317173 -0.0934340840556356
-0.027228824070806 0.325566049407372 0.168823514014954 0.23518279317786
-0.143180974971178 0.372584331792989 -0.272234070212952 0.331295364368699
0.0156211484635121 0.377293995064688 -0.203534484051253 0.69532119164813
0.145584824084195 0.181345611961768 0.136545057046566 0.308290307423946
0.075761629518984 0.0402438321315358 -0.0536438956226849 0.00639502871232465
0.0445699675427622 0.0776960014339046 -0.214299965717694 0.131855493620875
0.117045069181753 0.0684161184735341 -0.109289100578854 0.236890294364719
0.15765862512539 0.00102427575951282 -0.0531372569531139 0.230763909742868
0.165695673666294 -0.0109582718843128 -0.0908524330221642 0.18576211261935
0.153722953030232 -0.0391666740611585 -0.180259570579788 0.216610781244223
0.173789922507655 -0.0254933019493404 -0.259372904614522 0.205264531899587
0.127130224700351 0.0236899071712476 -0.320457543240623 0.146306199343724
0.110783710287401 -0.0234437122764139 -0.291699847371315 0.0209759089456678
0.223688887645381 0.0076316852669304 -0.193999772634771 -0.053937844994812
0.241781017279891 0.255338911318301 -0.0927834927013285 -0.123581005077739
0.0626269675984309 0.437056950000152 0.158938854332204 0.133169445620663
-0.0492560584902264 0.421200330689547 -0.212523174029863 0.212416920985992
0.0523519892789487 0.43154166998512 -0.179127963619742 0.68603643483706
0.207136655772495 0.279759257097771 0.24547174276416 0.347767487353315
0.229721308943428 0.113127199022639 0.030584344662789 -0.00332894720211285
0.19402793279329 0.0460781440027675 -0.171522853122686 0.132873595628863
0.204751499096565 -0.00817846294203824 -0.0570766637178533 0.247448938883649
0.197792163347539 -0.0781656914669219 0.0184954394613542 0.222896390770711
0.194047752728848 -0.0812594302754238 -0.0166100799470733 0.145439962962604
0.184497848750359 -0.105774810806698 -0.113154275717249 0.163497085633988
0.24352900952021 -0.0982577361277947 -0.206639051568267 0.169141447082238
0.254824591222495 -0.0182327230423721 -0.300604358265209 0.135928487142344
0.2752486846649 0.0190532446841366 -0.31568682161705 -0.0175258308680613
0.299820952206023 0.118532011207087 -0.210825078840505 -0.127213975405286
0.248471756671401 0.340081220509435 -0.0936171779920419 -0.199349416983035
0.124280235233352 0.483705315673223 0.144567252451233 -0.0107550232342737
0.0793968899857422 0.408997750142259 -0.166289529239184 0.0699769173383898
0.131683932550543 0.401032576248188 -0.124460263677449 0.625212649551728
0.27125651720111 0.297990487824655 0.351549765579203 0.332748818770265
0.36189980110158 0.137183655947801 0.126972920861387 -0.0176999325286277
0.325425239701464 -0.014561781531573 -0.0752168953318762 0.115185654966233
0.265593195083415 -0.10223278741433 0.0350769577673875 0.215027696414151
0.206851403888875 -0.153183273493459 0.106154626255188 0.172305552858048
0.192360311664661 -0.13564669970638 0.0578609998790215 0.0806015531557619
0.188627702878458 -0.148066316179348 -0.0433710056781639 0.0891474283117935
0.274743879376216 -0.139753105349365 -0.139431738333143 0.104414068694562
0.335961341917574 -0.0441672305567061 -0.24990601023482 0.0924023452268498
0.38988021090038 0.0676979293903433 -0.302649415742608 -0.0738586929625185
0.32803993989516 0.223122839114595 -0.212927750877401 -0.206892318794912
0.207295646354205 0.388990703790468 -0.0855161892966223 -0.299594128769786
0.150543731827815 0.462313164706386 0.137373017308188 -0.171004544456073
0.187287434426416 0.323909723650172 -0.155489082479724 -0.0735314853090589
0.174421691541947 0.293560680384112 -0.0602947492231938 0.515584481189123
0.278060656687368 0.252316801429683 0.411452416468052 0.245595283667711
0.422991050217896 0.121843016450756 0.194651946203809 -0.0434167817537403
0.390890133915125 -0.0822562052480356 0.0449891411489561 0.0755058363286514
0.276454010034045 -0.184263685064286 0.144494337652282 0.137987364827859
0.181632480349277 -0.204706835265536 0.192101641745036 0.0841867998949225
0.160579533802287 -0.16889373888314 0.123442082888812 0.00354687505141879
0.165484472079456 -0.165514308263829 0.0228726187485903 0.0129925316996929
0.260790198825259 -0.151923680854101 -0.064379427355268 0.031363363547557
0.355280499221845 -0.0507156085522336 -0.171596156746063 0.0290550254634794
0.424497443117341 0.122939610818115 -0.239571915131539 -0.135640437966929
0.278404630184139 0.29690119634321 -0.17138128256993 -0.276130464391903
0.120548259954078 0.375451389576739 -0.0458917954675418 -0.39660394375124
0.151194172584971 0.37003631924226 0.149809699070975 -0.319495359412575
0.229131943292886 0.178131028425757 -0.169612553848763 -0.192852756711364
0.127324840322856 0.156820811192397 -0.0119806516673469 0.376289563385849
0.204980753029651 0.200147239678518 0.395618169929728 0.129774594771663
0.40014862336201 0.107093684545151 0.218676849749522 -0.0608183587752628
0.374861362262906 -0.128267225681156 0.160850269851836 0.0227783221142108
0.230204618690041 -0.22450303094764 0.243628551301046 0.0312175023330135
0.126784005756191 -0.219944638852889 0.258682196687298 -0.0244614250026912
0.105514964533102 -0.17885733658265 0.171081515422754 -0.0741973063908278
0.117761289266172 -0.164906114128721 0.0776710751498378 -0.0539047173799117
0.206604299756009 -0.149484177166905 0.00760201105977383 -0.033622871758516
0.320063194762184 -0.0523032727786784 -0.0770019181764937 -0.0331828035994342
0.380011777820586 0.164097349686248 -0.134507831741128 -0.17529337073684
0.161167376470329 0.312579146702418 -0.0920566735800274 -0.309581538022711
0.0211682088754485 0.278541916086394 0.0227694576954312 -0.464843380110323
0.153125983553464 0.224635002180909 0.180531280151266 -0.433147225152005
0.193415709725009 0.0043078083246689 -0.186335442711374 -0.270283526842697
0.011528251999827 0.0379317834403189 0.0155621732483037 0.233169565438861
0.0876764015540525 0.164133745543272 0.323626996374689 0.0359721083218534
0.323618613924038 0.0943935317520571 0.218013718759017 -0.0518639611242089
0.28935651846936 -0.139543613091593 0.253308842508643 -0.0320582011957692
0.141004897694887 -0.211535045475102 0.307961159472357 -0.0793917936226669
0.0510409297327756 -0.192037341844479 0.294460549699533 -0.129208484028464
0.0347931452660136 -0.163410235113293 0.197849320519593 -0.142860320104842
0.0516205396935619 -0.14995497361219 0.114542075057143 -0.110704164762385
0.130717382592868 -0.143897409216607 0.0657727977561198 -0.0886911054871948
0.257078008458439 -0.0627511917768164 0.0184482107988067 -0.0804471407562121
0.288307236262538 0.170803068752491 -0.017525733692117 -0.171730991292325
0.0290580434786247 0.252656225813225 -0.0105590957304696 -0.29241465812971
-0.0395345585069635 0.112337596935795 0.0968109248574927 -0.495961121903663
0.17605918356825 0.0498060951935832 0.217301212450989 -0.496601635340407
0.107698722739976 -0.163381755189555 -0.188040985460393 -0.297902903001024
-0.112285751154438 -0.051676405638716 0.0214972229882258 0.122119129184064
-0.0277626742214506 0.126281034088303 0.242444678756914 0.00090340706002746
0.205913492669618 0.0729028497669204 0.224718108611388 -0.0247031525354262
0.158653981382662 -0.118419632738798 0.313228236854625 -0.0836260314296802
0.0298878470693444 -0.150782079595841 0.327332073964843 -0.168219437677985
-0.030186275256387 -0.126938168646587 0.290392638957783 -0.204613805217236
-0.0428236818520741 -0.123117164634256 0.196451630087067 -0.191421621927123
-0.0223095839212634 -0.121624108771114 0.126126946958836 -0.159318800373401
0.048097186386852 -0.13733447891496 0.103320040981028 -0.139389622328131
0.181609990294252 -0.0798400441467284 0.104746385749557 -0.114290266691048
0.182742680648746 0.137303740388224 0.0734246792372241 -0.13094999014904
-0.0671768962035343 0.129102897352882 0.0241562685034839 -0.249235753666821
-0.0268500070515674 -0.080095199923719 0.142018775145764 -0.515846572440368
0.216588614400754 -0.120050602876198 0.236895106630446 -0.504963700483768
-0.162928102773061 0.273662740164272 -0.288251061906244 0.409225265351681
0.0474513404988095 0.243263017794911 -0.15445317549249 0.645428662478552
0.0977914241940978 0.0309949343129036 0.0616649274039446 0.250990989026536
-0.0623349557285031 -0.0399749668224245 -0.0893391476034138 0.0348589549596197
-0.0735240471850923 0.0877561517283251 -0.186051181762283 0.127670496056178
0.0340886054970804 0.110905133014592 -0.109644808172609 0.195273192319387
0.0953097257345055 0.0633459409227479 -0.0881343150579081 0.199934616312602
0.110114705697547 0.0553722363230029 -0.136094505334897 0.191567392839327
0.0985720986839973 0.0386457833252381 -0.216456215537297 0.22952647492908
0.0761410534215598 0.0572340597027228 -0.275705403454439 0.20289864150592
-0.0178241630848301 0.0674518477087369 -0.296977424306977 0.130255542919696
-0.058627504450876 -0.0610398415361123 -0.237401478971629 0.0544390142523481
0.124186649757224 -0.0923300400698853 -0.183455133980472 0.0100785124680713
0.195658853181161 0.145986062870214 -0.10246796628758 -0.0845772712537549
-0.0176839841333671 0.312349200258639 0.171084011037962 0.219671310659773
-0.12652113084483 0.36183962920926 -0.251194085724666 0.327811836863342
0.0263000542109368 0.361295074965462 -0.172704066161715 0.673488761374984
0.14460116324357 0.166306964923803 0.138586694701169 0.288220169594347
0.0719372437589942 0.0362219320288121 -0.0555697803277543 0.00714357854430656
0.0442530443356803 0.0746027982264254 -0.203111514053545 0.138099458891384
0.115518727754215 0.0615827757025515 -0.0965027798928179 0.233281208973159
0.151731324879801 -0.00578898599812121 -0.0408239261125348 0.223614003438128
0.160427807997812 -0.0188985645594983 -0.0798709930337194 0.180233712054653
0.147217327878823 -0.0432644031790962 -0.164852025416403 0.214120361022735
0.166497082010871 -0.0321064853354043 -0.242655198041197 0.20603041813577
0.125395094953305 0.0192229915542702 -0.303198267305277 0.152010849922736
0.106167925314822 -0.0251905822903073 -0.278255102388453 0.0292200784480181
0.213707206799164 0.00135384005855356 -0.186813470402419 -0.0477958236301303
0.240914340833968 0.236405096965455 -0.0953104653465564 -0.112746342472759
0.0732104043585636 0.415039659150894 0.157099919350604 0.12223208870492
-0.0347019431274432 0.405749832604045 -0.196223681933206 0.212324713485982
0.0622155768110393 0.413621113121699 -0.150771991625192 0.663732132979814
0.206436848352876 0.259234615471504 0.243441030978938 0.322895047277361
0.22291502780592 0.100943565983093 0.0247023923546457 -0.00488393776437266
0.186955207450221 0.0389934877119323 -0.162844838568967 0.137949543050668
0.196532153547117 -0.0146167513029713 -0.0456533416514835 0.241471535144872
0.186947045750092 -0.0842904599633004 0.027784026817364 0.212806961815718
0.185395470010208 -0.0868239839641042 -0.0106639331588999 0.138758187186772
0.174514751953414 -0.108518958789166 -0.102462593179867 0.160733558552035
0.231747671994869 -0.104311965296749 -0.193371263919093 0.169684914187877
0.246430697840848 -0.0264462515669641 -0.281393939108949 0.142137375713336
0.265803539165231 0.00877063852465425 -0.303777363654242 -0.00683392822845946
0.29063629057225 0.106817499258806 -0.20684127502557 -0.116944633306042
0.250005192747061 0.318432475880545 -0.0979968138341758 -0.185973465246418
0.1325574130704 0.459940527540145 0.138543993447422 -0.0152783080969572
0.0876834263368249 0.3881583501243 -0.156762890027304 0.0731536374915604
0.137058361277185 0.382943387735057 -0.0993080343426749 0.603601972803213
0.267898071964098 0.276239345238288 0.343330935257692 0.304830605526379
0.352248295718775 0.119848086546159 0.116202820864364 -0.0215658376798017
0.311483627292128 -0.024207496988881 -0.0708184986019408 0.119432890615497
0.25220814269293 -0.10692818086607 0.0422507950300798 0.207452818281796
0.192831209502789 -0.1560435569575 0.110773884975767 0.160364298379405
0.182257396181905 -0.138702162613448 0.0583929892024585 0.0735343373642847
0.177923148104036 -0.147817560165399 -0.0374813167970597 0.0871744401828286
0.259577197365042 -0.145624319750892 -0.130279010586313 0.104990510541946
0.322597576520207 -0.0539417327306429 -0.232938040307744 0.0979096436902512
0.378381659770439 0.0511312503428084 -0.293513391408289 -0.0609750880367899
0.321891127703391 0.20637103115746 -0.209008637572572 -0.19312319001315
0.211767257183881 0.369246182809571 -0.0922512993342315 -0.283518088799279
0.154637003239082 0.437759521951474 0.126874235635727 -0.168571417998494
0.188788500268449 0.303442711930287 -0.151146044292877 -0.0654328813761541
0.17540535582119 0.279237281585383 -0.0433780883791263 0.495446962416504
0.273163297760004 0.233658374735428 0.398995228433189 0.22050446040318
0.411316153077236 0.103672032659618 0.181241379021686 -0.0480010296429052
0.372693135166175 -0.0929715310029761 0.0436625444420749 0.0768981513525643
0.259388381239365 -0.186854973881559 0.144627946658895 0.129091250627449
0.16637989192708 -0.204300999677283 0.189288531476324 0.0726200355063777
0.14986873839122 -0.16865208208522 0.11823805277076 -0.00321201760582755
0.154277736345284 -0.163958494291897 0.0230034938723563 0.0123745635793394
0.245095448498862 -0.155670813991075 -0.0603302647689346 0.0323812810540695
0.340175709597176 -0.0622183415973117 -0.159331274602806 0.0340773195017533
0.413839195908675 0.103056265110974 -0.234905430830778 -0.122036690468543
0.275836542143816 0.278816011422631 -0.171192373790985 -0.260270249294529
0.126612868009911 0.358172724877302 -0.0563939673865306 -0.378506174534195
0.152771790456671 0.349506290166767 0.133311164751651 -0.311871341348815
0.224294140014326 0.162408105901401 -0.168559874457335 -0.179731516345165
0.126676849804017 0.148945581220202 0.000736029131844557 0.360244654212921
0.201302266537028 0.185907785648601 0.380506195039248 0.109209744823068
0.390345881826914 0.0883163323516142 0.204710967181315 -0.0651143540034515
0.355723828905939 -0.136889013247907 0.153699232683295 0.0207969479791126
0.212589966545712 -0.224019124068988 0.236149953336631 0.0220912938222256
0.11315905304664 -0.216795340044285 0.249434087910135 -0.0354199804808385
0.0970292683230283 -0.174902350127531 0.1612289423191 -0.0791582550974062
0.107108541659643 -0.161413814833565 0.0733505900694846 -0.0535983823842229
0.193842262914194 -0.150581762873894 0.00691590909444613 -0.0326327821669126
0.305425190328039 -0.062538058372113 -0.0711404078397743 -0.0288795637665173
0.370647080431531 0.14261896050884 -0.13449438714524 -0.163021692069993
0.164261576196145 0.296505103060385 -0.0952387364088453 -0.293220588509333
0.0275705017654157 0.268769139798079 0.00918547033238883 -0.445657424810563
0.151125333518144 0.210022404270468 0.159835212428677 -0.422611836189826
0.185178485932259 -0.00321315873989672 -0.187450940845479 -0.25322092134153
0.011902627228337 0.0384896798907149 0.0226044569953831 0.221736040848257
0.0878971320833015 0.156021309940317 0.310086852613992 0.0215894865394286
0.314783440236338 0.0780091971636979 0.205239676353734 -0.0562707994182977
0.273305775586944 -0.145471150687231 0.240290192458667 -0.03671424177253
0.126987188830102 -0.208836380372024 0.294327579289676 -0.0874128892679308
0.0412324408273883 -0.18692665972624 0.27894647361615 -0.137617869990795
0.0283739731885138 -0.157262418038909 0.184055098711953 -0.145134365525499
0.0444530088131705 -0.145480656564708 0.106559031267451 -0.109395899331712
0.120386314593882 -0.142375162412248 0.0601098432572382 -0.0879203835971067
0.242474031383581 -0.0715027313380012 0.0189933923558606 -0.0774073223048018
0.283936582993543 0.152766532017791 -0.021921150844394 -0.163470643685004
0.0352736303845051 0.243498120824901 -0.0165934539656865 -0.278544626753463
-0.035950939490184 0.110506785532628 0.0799980855546529 -0.479912160147492
0.16864149017552 0.0419529811006851 0.193804612601694 -0.48618053649989
0.0971952376811056 -0.161328357153029 -0.190995127112747 -0.279992745903457
-0.109613967584191 -0.0440766484785622 0.0242974268574915 0.114911190524367
-0.0233094709475384 0.12372040109655 0.231518648141489 -0.00835121152041469
0.200661907222991 0.0602956450784787 0.214296943850322 -0.0299155513569458
0.147975404404634 -0.120887526776525 0.296048372955019 -0.0897553612789766
0.0217694112929666 -0.146198387743111 0.309911356090679 -0.173905025796675
-0.0341275761802876 -0.120705737074684 0.272965175245123 -0.209870480802211
-0.0456130987927158 -0.114938760935934 0.18113531728901 -0.191091661784694
-0.0258654461268086 -0.115526345951371 0.1150466721341 -0.15671471717577
0.0410763756143211 -0.133283337719529 0.0950872237930863 -0.138257276870924
0.16991548903462 -0.0847284769105057 0.0984319715304212 -0.113727930334431
0.182125171372551 0.124568312120145 0.0675833841235996 -0.127523944308117
-0.0607634178448476 0.127103670716398 0.0187098625119956 -0.236439320115236
-0.0292836202122784 -0.0750743498036155 0.123839346618611 -0.502435702655775
0.203175401452918 -0.121856342489067 0.213750275585282 -0.493835406989035
-0.174113524005245 0.257876249950788 -0.293542493289137 0.389626833484243
0.0372213751668739 0.234810727206426 -0.173719436810026 0.608833366204783
0.0965245467756283 0.032295971707729 0.0453445444699557 0.234399630476349
-0.058508478742695 -0.0403762840168315 -0.0940775924143901 0.028725871995202
-0.073595156174058 0.0824642109960078 -0.183418821923757 0.122380958791601
0.0295265221664023 0.10938489915748 -0.109283369368065 0.183052181857608
0.0886021288010174 0.0667177394200609 -0.0870040399507681 0.188889346856271
0.105975211700354 0.0586556687561891 -0.133250384343812 0.180397507672623
0.0931708187701617 0.042874896892199 -0.215217124575254 0.216907147836819
0.0720354136520255 0.0593387050602428 -0.273029824732102 0.18971927922298
-0.0198112154735676 0.0683538828198707 -0.292698073059512 0.115684194647372
-0.0583959425797451 -0.0569569330172923 -0.228719654563133 0.0367381342266882
0.121064779777646 -0.083833860541632 -0.170495602537104 0.00142373542288827
0.183335472437735 0.145646831806909 -0.0994264114291165 -0.0780423691632749
-0.0242097967762707 0.302034631319591 0.143542392414219 0.220355961778164
-0.14558755224499 0.345336285913148 -0.249343833979623 0.313585728164762
0.00880383989076797 0.348506404886962 -0.190341828659423 0.634177148851109
0.132075915073154 0.165535793812562 0.121692813547545 0.273201115054219
0.0647887292724864 0.0388094546117893 -0.054956339122613 0.00116918255821897
0.0398066462026773 0.0765102799764515 -0.197776769183793 0.128460687202282
0.110765477451047 0.065428297026021 -0.0978730329041649 0.218443799556795
0.146322932540065 0.00227017770591565 -0.0424704758221228 0.210604935232284
0.159232826005354 -0.0114224410158941 -0.078568456973485 0.170669518457029
0.14492378530286 -0.0349463614691722 -0.16355013500472 0.203648697969507
0.164474235312292 -0.0255888169802074 -0.238597326749118 0.194705532090021
0.123034127798289 0.0263409303894648 -0.293858374150656 0.140707593159833
0.099330274477403 -0.0169591351597856 -0.263029238271091 0.0172636527424294
0.204539059448664 0.0110495981293548 -0.173135981176156 -0.050365752391275
0.224771658482877 0.235837586194149 -0.092368718336533 -0.103162778393677
0.0584310976194428 0.403055037350127 0.133082988005076 0.129522753678918
-0.059690819479353 0.394345601526057 -0.185994290847526 0.200497060281701
0.0398185553310199 0.402708993737991 -0.16790368558571 0.62556535769659
0.18498557847033 0.258868991892701 0.223196496540082 0.309099749038036
0.205770562495172 0.108179318240287 0.0285283653008366 -0.00916117996154415
0.178910411059228 0.0498280418957467 -0.155588051643967 0.125475296870769
0.19286122051532 -0.00493795449152324 -0.049185722253753 0.2258404708372
0.185043041015543 -0.071398097204899 0.0239786202626433 0.200179802794345
0.188685974221489 -0.0774552319850071 -0.0115846399921674 0.130034443414776
0.175323145237899 -0.0974501094900123 -0.1006682034945 0.153719390262173
0.229427703838717 -0.0937456726627986 -0.186967323159711 0.160826180754128
0.244235834651784 -0.014850456604313 -0.268854488800891 0.133984583448541
0.251709944088666 0.0205452635731235 -0.281535795343405 -0.0119727968376754
0.274720932604103 0.115814600575743 -0.189133996547502 -0.113599518992156
0.228792815004994 0.315925839667681 -0.0933741841290508 -0.173018975123825
0.113614484513603 0.445545696170644 0.121518911468818 -0.000107477937393158
0.0610302832987385 0.386283508787887 -0.138662857548068 0.0637335710069499
0.113525347957616 0.377900237912463 -0.117227191701286 0.56769901068558
0.243358967569692 0.279289901926218 0.3204290392497 0.294710396724111
0.327933760034614 0.132470179476285 0.121253059304634 -0.023579487188332
0.301947125623832 -0.00417112120153848 -0.0663541203116812 0.1047265726439
0.250216289032349 -0.0910110463713141 0.0341975955094051 0.193580855723699
0.194973429907289 -0.140670018309625 0.103043050017742 0.150701700731453
0.188353154885364 -0.128137315098328 0.055730722402271 0.0688119189277526
0.180866707530335 -0.136609941712887 -0.0358233687568769 0.0845641455359431
0.258587846962228 -0.1325584888085 -0.123092764182447 0.100603840373614
0.319796773460747 -0.0397022199610403 -0.217486670055804 0.0949628667281059
0.35819007448571 0.0631450333034695 -0.26673511968019 -0.0571866268074768
0.301620832216297 0.21381039694853 -0.189816773098114 -0.18244318373552
0.190040685536531 0.362994104487742 -0.0830308412920995 -0.267290003058145
0.1367442856079 0.424378174342765 0.11971139261249 -0.146916519673389
0.162851526100553 0.311084006744148 -0.127467790951014 -0.0745336186430686
0.155876562982189 0.281086301224951 -0.0588699516273505 0.465844292011059
0.249451112207439 0.239156073803394 0.374827351752748 0.216440477671073
0.385122190412267 0.119509801497308 0.186442191000996 -0.0487425726869045
0.363488720424333 -0.068258063482422 0.044082204660026 0.0647443895659027
0.260011603159951 -0.168222632526318 0.133543940256506 0.120612840278212
0.17237708216337 -0.18937236824863 0.180474127866676 0.0671981737969589
0.158588704016784 -0.158780834997782 0.114637204033871 -0.00336741556760132
0.158798061672966 -0.153429586399129 0.0251466694829733 0.014115421968877
0.245161278159547 -0.143957605607557 -0.0531185525808091 0.0322651906427928
0.335588099041856 -0.0486049036374278 -0.143915923477177 0.0367853035535073
0.391017972381546 0.112781132718206 -0.20779653413809 -0.109744974692755
0.252254188889624 0.280257239510278 -0.1518275877892 -0.243431699744109
0.108448518725847 0.347846278528614 -0.0436683214134957 -0.359751377111386
0.135802927202216 0.338420541369651 0.137047895076971 -0.28341985590716
0.206667016469279 0.176684703402394 -0.143385593420853 -0.189395015415358
0.116323160327942 0.152916559879939 -0.0145901003087836 0.340827474282922
0.181794901831465 0.189723777874305 0.362843167983861 0.11329460222381
0.366956401449088 0.102774938688263 0.208562771643833 -0.0633699780193939
0.348852806780836 -0.113305762278987 0.148702253375045 0.0137908696665711
0.216530904359101 -0.20733876273922 0.22340255143315 0.0229161086116335
0.121661730565439 -0.204662999696294 0.240158999167615 -0.0339809917571396
0.106009003284144 -0.166742464315826 0.157026401103109 -0.0743928752146013
0.112395102307103 -0.153374596997323 0.0751062436831957 -0.0479680543803605
0.194731364457594 -0.141000806348209 0.0117394326247007 -0.0295962077492942
0.301808834086111 -0.05125905445635 -0.0573948179620457 -0.0209783683033263
0.349342224226019 0.146891696993546 -0.113149055903332 -0.144602534495106
0.14478972037494 0.293037794742157 -0.0793659367321597 -0.273486759351565
0.0164010377791413 0.256344311276837 0.0252854152990938 -0.425933745744981
0.137522581505137 0.201510740449338 0.171774493080339 -0.388605464113259
0.179733603836237 0.0122154657476946 -0.165122506368122 -0.262526479330823
0.0114282419089231 0.0389507998106957 0.0110838869136247 0.212065884291862
0.074043312306067 0.155986351833417 0.298997526264286 0.0313825315598899
0.295813553457802 0.0879383648822092 0.207884289021664 -0.0521044795836835
0.268645786331888 -0.12717269498697 0.23144187532104 -0.036695805464833
0.13069660491946 -0.196408381452694 0.281973077751875 -0.078412676134001
0.0507781159700522 -0.179806394426503 0.270787390439501 -0.130011780055795
0.0368261805686561 -0.152442034286865 0.180471306268292 -0.137028873548983
0.049707001786201 -0.140585022874093 0.107564227799514 -0.101380394620741
0.122714776729438 -0.135605774953293 0.0641717322040051 -0.082753427085607
0.239316735163794 -0.0628124234190154 0.0293302734774776 -0.0668136613636243
0.267063280974633 0.153110170667176 -0.00810767577694848 -0.142020614199981
0.0232124612511256 0.234940638520565 -0.00639079338487564 -0.258987516779263
-0.0381628510732767 0.0996486555269688 0.0990856832527248 -0.455614318935622
0.159760546579274 0.0392538900154459 0.213052981379718 -0.447226060496327
0.104138245353088 -0.148589170682212 -0.173844135376983 -0.28819730996515
-0.102172913880174 -0.0492575344408955 0.0170210912123298 0.113930742695608
-0.0319283523964317 0.117724007787394 0.225149932548745 0.00443475759564757
0.188013801836945 0.0640406008593313 0.212130503503868 -0.022978265645259
0.145231817767894 -0.111411778813669 0.284231777325375 -0.0815813264186559
0.0255673686193878 -0.14142397290694 0.299506028373372 -0.156847348560635
-0.0255707418006388 -0.119846683124178 0.26677678278429 -0.197035412962503
-0.0388162698090522 -0.114394001394205 0.178255070267894 -0.179934779497941
-0.0202301141734188 -0.115182821346338 0.11559198329537 -0.147753456928526
0.045182765303435 -0.129455062278316 0.0976333796994158 -0.131086422604209
0.168738863758914 -0.079589742325657 0.105706853658182 -0.101758335628081
0.172110570640471 0.12242525398787 0.0741773475546081 -0.107228489256712
-0.0636032264077067 0.118731699897151 0.0267970407812856 -0.220669166544387
-0.0231268172587467 -0.080938291719407 0.147421222130576 -0.47610124251423
0.198035886489806 -0.117741919200204 0.238219007589368 -0.45380527747993
-0.17626470407278 0.25285161952274 -0.2986222327254 0.381300172809415
0.0333039324918977 0.23168723140251 -0.18269340004733 0.597620438819423
0.0949151074216098 0.0304730632901308 0.0392033524543271 0.229010915983448
-0.0593501230636623 -0.0404255309701798 -0.0973216775248064 0.0253357445663571
-0.0748462829405554 0.0821786327940456 -0.18460992619316 0.121312996636754
0.0294363689479329 0.109183076899399 -0.110831017348042 0.181669990693516
0.0876829071555593 0.0659843769061607 -0.0863838319466887 0.185533949335746
0.105378540322567 0.0576491498139834 -0.132944095855335 0.175716732179549
0.0924300888869393 0.0433276210064416 -0.214524849192996 0.212053784674895
0.0709693615576531 0.0586525126498752 -0.274268651658773 0.184212879610912
-0.0185373216138326 0.0686616582937965 -0.2923014153756 0.11139133668405
-0.0571137495591634 -0.0560680166477239 -0.225989160855286 0.03091054247725
0.120490934385738 -0.0806991578126298 -0.168826429227346 -0.00341552036907057
0.180616625425463 0.145387700021879 -0.0989563333704102 -0.0763529415137623
-0.0308163269276266 0.298734514299091 0.140574844147793 0.219454690014435
-0.150352267140193 0.337992945884791 -0.251970408750595 0.30730192142863
0.00261404693587363 0.345079093331281 -0.200039449670404 0.624012963904616
0.126977684206254 0.162867099001044 0.113244565708208 0.268512536956175
0.0619748113438495 0.0396734278788006 -0.0587237731461484 -0.000500659635811128
0.0375295811005651 0.0776466212236245 -0.198648643873429 0.128520769388179
0.109151061557038 0.0664314445708483 -0.0988700687855471 0.217549289766124
0.144195570930003 0.00290302476920569 -0.0420319709303725 0.207753048370372
0.159294840250847 -0.0108399880715764 -0.0791977268529424 0.165571065099181
0.144785831440995 -0.0325672338810733 -0.163620826600215 0.198747881887035
0.163223015042871 -0.0245499847120539 -0.239817480324136 0.190405516653482
0.124094247016397 0.028173842216301 -0.292249552622302 0.134836736143345
0.0997880606773927 -0.0143182572220531 -0.260304575799015 0.0120245479435448
0.201436261985027 0.014984925699285 -0.170899429545319 -0.0548026310927871
0.218847212690367 0.23620011122931 -0.0908215924473592 -0.101047529633221
0.0495836721948276 0.399492975016429 0.13108849083291 0.129827785893484
-0.0667703996316835 0.387708060781499 -0.187818537258444 0.195554179501817
0.0315266377460907 0.400074628111624 -0.177741244406025 0.61616487128668
0.176697883341875 0.256350006931182 0.212281322693437 0.306782719548807
0.200817457364438 0.110369610186909 0.0232352692644089 -0.00930135124347378
0.175946053874222 0.0529764451106853 -0.157187520962842 0.127209855576382
0.191358766863508 -0.00201130867256751 -0.0513875180716275 0.225229682405705
0.183120397884773 -0.0686973913039759 0.0239668636945503 0.198260957529151
0.189258983604191 -0.0761161068274468 -0.0130465238683497 0.126328761695257
0.176093273951082 -0.0938125353914937 -0.100943973842189 0.150553082991822
0.229145104048326 -0.0911179550957816 -0.187664934463515 0.157632355746043
0.24416836231216 -0.0108499417769654 -0.266253801750667 0.129229112424153
0.250549956911788 0.0237150710987322 -0.278339497175678 -0.0163357295011631
0.270370616982223 0.121006292580078 -0.185411860360001 -0.117175631638079
0.221816649610554 0.31729906042773 -0.0900663872617592 -0.170961666570082
0.101162982956189 0.442763738722598 0.121477090261716 0.00135397851840668
0.051766559065687 0.382262520835037 -0.137997240504747 0.0605349234207284
0.105255275331311 0.37924111882696 -0.125095522253006 0.559767148425454
0.232874931989183 0.278094469710972 0.308660983690743 0.296090475550961
0.323304431576909 0.135630188220807 0.11513401085455 -0.0220070202604599
0.298888409063073 0.000469963946566035 -0.0680579603166321 0.108643626421343
0.249433058464546 -0.0874909475289549 0.0328204788514445 0.194271458711867
0.193957991295331 -0.137117582599401 0.102744767291332 0.148528864460001
0.18889630835929 -0.126080981513586 0.0536341016023228 0.0669132852506331
0.181762233920798 -0.132224718656655 -0.0359175229505226 0.0824966935142753
0.258001430531127 -0.129466364356776 -0.123160194769301 0.0976734079388413
0.318235297258152 -0.0355430014993185 -0.213868407550601 0.0904719354480989
0.355458376180815 0.0670116743311639 -0.263837245776711 -0.0607160535075109
0.293556661018451 0.217668939901414 -0.184145796769198 -0.185365614522143
0.180289630695569 0.362338555723842 -0.0774092483464314 -0.263857985762259
0.124038811203853 0.422403112836104 0.121439921643458 -0.144040069565354
0.154647297848181 0.30889744646144 -0.124775366666902 -0.0761886256367932
0.149240064890601 0.283590058351311 -0.0671854062351212 0.460003550693334
0.240900306796891 0.239764741746218 0.363651193372512 0.218907223334787
0.381006054612115 0.123118785267779 0.180148465900605 -0.0446766376528491
0.361713379501486 -0.0616779272243055 0.0416402076673969 0.0704718823941325
0.259384278653169 -0.163535023673797 0.132308960165522 0.123107821433652
0.172583903221602 -0.186068677112916 0.179334487162991 0.0658640987612641
0.160370197993355 -0.155205009232377 0.111802002206527 -0.00287446709674238
0.159900301086842 -0.148687583640078 0.0251476386487394 0.0144208607348279
0.244510108877193 -0.139745838192453 -0.0526764122364309 0.0310844732885074
0.333687473073987 -0.0439437988627092 -0.139187909835065 0.0339783795887232
0.386570097038163 0.114984222619708 -0.204291153816801 -0.111004495170096
0.245666235024063 0.284663509181495 -0.145013013817175 -0.244868277336072
0.100451878500277 0.347303877554896 -0.0364536280662395 -0.355987235702335
0.125270233510164 0.336192961717776 0.139426527307948 -0.279158902393191
0.200981024211148 0.176862657394507 -0.139175492414499 -0.190171730567396
0.11234978156615 0.1565495757328 -0.0206201789817278 0.335714192106658
0.175996969619409 0.191422522315687 0.353814723477283 0.115577949998442
0.363552207109445 0.10586854121893 0.203579876775637 -0.0582847521327803
0.347727313023664 -0.10835779655132 0.146122642970766 0.0207647050731827
0.215950353854924 -0.203208753143541 0.222403203613122 0.0263146352713475
0.122278994868076 -0.201170933880615 0.238890204444497 -0.0337466657002715
0.107928054928363 -0.16387895000776 0.155012695015551 -0.0722535930184819
0.113815621675373 -0.149846818606499 0.0747054880183749 -0.0462164053366713
0.193855195985466 -0.136872074682781 0.0127406615653215 -0.0296657024626953
0.29780565567016 -0.0477880870196208 -0.0527519240257319 -0.0219919427060264
0.345245409450529 0.149347602453233 -0.109914286310623 -0.143368011059302
0.138850446682507 0.293579727749025 -0.0728642887075212 -0.271312066787529
0.0105957083340328 0.256101746029933 0.032240768049081 -0.41995766753236
0.130463419926034 0.201253073471447 0.176374447781109 -0.382388002639439
0.177032140351264 0.0144242615918832 -0.158843081373872 -0.263315878038487
0.0109491077878819 0.0411546355891822 0.00741012092209461 0.208802945954721
0.0701590921614602 0.156894913492993 0.292237605303043 0.0342251521974022
0.294161456694294 0.0896314978421036 0.203971754636533 -0.0472713946167295
0.268622396385918 -0.123708171290136 0.228363628357219 -0.0296503031039639
0.131049797184014 -0.193096264720502 0.281454685487657 -0.073636684221852
0.051937620539133 -0.177302008512477 0.269852883026112 -0.128431079896359
0.0382378839266603 -0.149718583253746 0.178422966655947 -0.132918776055508
0.0507294136615885 -0.138120622530931 0.106985022909975 -0.0987954353072997
0.122406154021167 -0.132381836994156 0.0645546715631949 -0.0810699475133662
0.236259676679031 -0.0605775732357025 0.0327976821145659 -0.0662791205520716
0.263826932242117 0.153449718558311 -0.00539555585564524 -0.139413674165809
0.0193664231717992 0.234844563502839 0.000777772960754151 -0.254154902793305
-0.0407094912053162 0.0996602706619179 0.106934977263954 -0.44943961164656
0.156171804541616 0.0408089525994039 0.218586810230955 -0.440773109751175
0.104675579392367 -0.14540972071964 -0.1682042030676 -0.287910246165699
-0.0998247531766494 -0.0488119358459315 0.0151197034059783 0.11162434733539
-0.0334927913480412 0.118691444940768 0.220882492833989 0.00613306825671064
0.185712251090269 0.0641961625318162 0.2087700391615 -0.0183045589286272
0.14549056586961 -0.110147775483326 0.280755447129724 -0.0745259053610503
0.0258775941035685 -0.139566529115065 0.299572341687828 -0.152884922002947
-0.0252383030198909 -0.118726607399354 0.266640403645936 -0.194831344033167
-0.037218211173649 -0.112373536096656 0.176756050260473 -0.175627514402661
-0.0196500170654205 -0.113744427283739 0.114895774633786 -0.143418690574437
0.0459953635411862 -0.127123294844028 0.097851244107022 -0.129372928567202
0.166116793657987 -0.0782931833838151 0.108090663706294 -0.0992620324265301
0.169795838886105 0.122859850218024 0.0762834604870075 -0.103013631975362
-0.0647819553163879 0.117750859498261 0.0322697307001112 -0.214743788350127
-0.0227864395610398 -0.0798588785492642 0.154990509679524 -0.467963983438439
0.19814687291438 -0.112711075135347 0.242704830988655 -0.44681584703443
-0.184261643800339 0.254718909873484 -0.310744679155763 0.384676294424099
0.0311471065761012 0.235585247189238 -0.194986423694947 0.604813857318421
0.0955955081140743 0.0297078816781739 0.0350747493253671 0.229652009601794
-0.0616619480688978 -0.0408038525388316 -0.103939549100615 0.0227861646586303
-0.0777358286408505 0.0849600038648749 -0.190821116638659 0.12403076199066
0.0304591456826714 0.111918837454797 -0.113922065522751 0.186080257120153
0.0892904959217243 0.0673391373958126 -0.087051039566658 0.188935572244654
0.108155651819033 0.0582012784200142 -0.135851527759155 0.175680199023541
0.094163005386493 0.044467779947232 -0.220142579043589 0.213287797097587
0.0726791119986231 0.0590708620165099 -0.284110228281935 0.185318020535519
-0.0175504406034631 0.0714088649657675 -0.299781323207572 0.109947851008523
-0.0581509520797462 -0.0557860119664692 -0.229447341799455 0.0266858698757386
0.123397001074071 -0.0800492969690615 -0.172281570583625 -0.0070451511100285
0.182500588838556 0.14875988166308 -0.101109907563259 -0.0768425380986092
-0.0373287374997274 0.306023564837628 0.142208283460521 0.223848935577435
-0.159448601571808 0.34248873798035 -0.262908121606999 0.308767338724626
-0.00222181337663637 0.352072588990981 -0.213788359841061 0.631656123931664
0.125302275443017 0.164322748449269 0.108669991418762 0.272080145730412
0.0615218689724007 0.0416685818814356 -0.0650733088688138 -0.00281247224982891
0.0368812667023802 0.0820598382842717 -0.204220974536887 0.132657209938185
0.112081902393895 0.0693426477512302 -0.10184393256319 0.222025601743458
0.147019112446046 0.00376132200621547 -0.0411652051122837 0.210824945642215
0.164086196163861 -0.012129690402667 -0.0819381773242515 0.166260090620856
0.148863019836232 -0.0315162295294373 -0.168301910113429 0.200298843676899
0.167076709594826 -0.0245633134851636 -0.248316597898968 0.191402652658172
0.128584539778173 0.0307695163250608 -0.299213179785089 0.134501065054661
0.102276394238641 -0.0127025109228847 -0.26567378200681 0.00808099699350252
0.205443170419812 0.0196705419616592 -0.173866546681639 -0.060428861846354
0.220048079911909 0.243313463717006 -0.0924374818527573 -0.102393493775213
0.0430309408907321 0.408853354203715 0.133340888192851 0.132671721264591
-0.0746050366655896 0.392720542776084 -0.19462388798544 0.195800706213334
0.0264271946466244 0.409639470039502 -0.190173712055698 0.623826844680956
0.173863753489898 0.262033314169438 0.208558850202668 0.313581684085896
0.202748963195724 0.114902416225364 0.0183408428827512 -0.0102699861451045
0.178530521197173 0.057558871358365 -0.162941388145685 0.132704610304394
0.19571825839216 -0.000444989622841085 -0.053350975967195 0.230494108773199
0.187047932005987 -0.0690048941339617 0.025635620075385 0.200608820992364
0.194636192695076 -0.0769453287051353 -0.0151601251941314 0.126855789700212
0.182385842319468 -0.0935614063394111 -0.103875315343923 0.151112651292143
0.234672519807782 -0.0913484172358108 -0.194068894981474 0.158477720287124
0.25128978315603 -0.0088017813314155 -0.271411900207909 0.127322963177552
0.256124688668102 0.0273195293916472 -0.284041607516772 -0.0203319209367836
0.273605192065084 0.127755825097402 -0.188073255234898 -0.124276044306521
0.221530456252257 0.326763425527784 -0.089670877582039 -0.173414856029287
0.0949645779683945 0.454263247012284 0.124338579081659 0.00202137454976381
0.0464428403707748 0.388265303925511 -0.142195754840684 0.0598841189283673
0.101090515529386 0.389529584543535 -0.138714192716096 0.568255192196846
0.231365523153746 0.285536214477645 0.305396801009593 0.303459063599635
0.327686415032039 0.142192144023322 0.112651822656487 -0.0211750540627308
0.305622755374222 0.00492482797567283 -0.0716741336570324 0.115411946698639
0.255221614906868 -0.0868329136668837 0.0327524323936176 0.199902331150958
0.197998208845993 -0.138324917909904 0.105200173341276 0.150922022344418
0.195047072952669 -0.127610159768789 0.0524517938310051 0.0673796583907418
0.188731958086862 -0.132959291749627 -0.0370025159344188 0.0833223007223322
0.264441914556165 -0.129481079959782 -0.126935060403369 0.0995972233048931
0.32656813528761 -0.0329054522874473 -0.216888013744319 0.0893353659434565
0.363255080579314 0.0720351804962355 -0.268590841084671 -0.064388131736411
0.29687100102857 0.227884195520505 -0.184924417556113 -0.193108590494517
0.179606794202735 0.375443805952918 -0.0755827345013541 -0.269128577010202
0.118229163634351 0.431361980759036 0.125732725325764 -0.145904891271464
0.151974259136714 0.315554733669073 -0.126810925244032 -0.0794261208762852
0.148174984277871 0.294469982940261 -0.0753026060226391 0.467052372806723
0.240439653551259 0.248072958785439 0.363375254698989 0.226063930461505
0.387629848504878 0.130791991709647 0.179341197393599 -0.0423692976762623
0.371161489657441 -0.0588394132337146 0.0412076540028859 0.0779770023181615
0.266343408255416 -0.164434936161048 0.135711966013419 0.128321028899076
0.176966541557119 -0.187643080659349 0.183299891966716 0.0670595663724968
0.165547241333165 -0.158279529376728 0.112133492006671 -0.00273047670373448
0.166319836102536 -0.149510414682292 0.0258752550573754 0.014952109670625
0.250393974541502 -0.140376102712729 -0.0541956885230529 0.030916615982621
0.34177741700838 -0.0411197875555778 -0.139492770281931 0.0319646835930204
0.394123038564763 0.120883482923189 -0.207450737263585 -0.114913557562834
0.24755261895945 0.294267946781429 -0.143504202865976 -0.251884551026571
0.096308019059149 0.358127893027889 -0.0308517478697962 -0.362169574723344
0.120259409452508 0.344245417754385 0.146493669002366 -0.283021630017898
0.201017794308965 0.18204169585832 -0.139786202073423 -0.195887621624771
0.113528203925648 0.164046663259893 -0.026055130879485 0.340710119882791
0.176383681275911 0.198555579659603 0.355105272738117 0.121019432562174
0.371048282123121 0.111142691419732 0.204500687719044 -0.0561187033522773
0.357739643354546 -0.107454538644379 0.1476845466769 0.0287935794555061
0.221692295111982 -0.20575199698748 0.228184915164592 0.0293406364713934
0.125513073858388 -0.204053713945481 0.243425437997309 -0.0351259710196768
0.11215856701908 -0.16614802452568 0.156441264230904 -0.0713610233101067
0.118476098721343 -0.151188918247024 0.0767506027137311 -0.0458900561192543
0.198507445798699 -0.137649682990592 0.0138946937321979 -0.0298134150142323
0.303840631726055 -0.0468527727960898 -0.0509224428008891 -0.0235420619260914
0.351173662497226 0.154381028196083 -0.109941117341595 -0.146070728090227
0.137999453438693 0.303313037323716 -0.0681642690990632 -0.277210536994258
0.00583708259800531 0.262782542933877 0.0408922428747667 -0.427133138062409
0.128868363913938 0.205608558612576 0.18501528237222 -0.387928131964037
0.17927613122367 0.0165932873359891 -0.159514287675007 -0.26984893871308
0.0113855136765991 0.0447417976979609 0.00356696294119507 0.211802242642552
0.0696317180278221 0.162470793601613 0.294644864542052 0.0372080395357006
0.299357507183396 0.0926271216517643 0.205963002535596 -0.0440454120708542
0.275308199279533 -0.124456348299689 0.232007729407009 -0.0225921967520019
0.13416735479512 -0.194952351715131 0.28888992563224 -0.0734196261256631
0.0534882852488782 -0.179962365996405 0.274397489932119 -0.13146325366119
0.0410126443803392 -0.151852776384579 0.180817738177692 -0.132787823152518
0.05326693039805 -0.139322048063316 0.109396747644992 -0.0989279421526262
0.125366761382285 -0.133505806483103 0.0668643165527064 -0.0828595827894994
0.240743997371313 -0.0605261777518115 0.0370580527552632 -0.0675823517650534
0.268447956740368 0.157127208359339 -0.00285602143738522 -0.140078810888636
0.0164459811135036 0.241196972674926 0.00652929317506664 -0.257553518670224
-0.0443497484294507 0.1021774347098 0.116291117789578 -0.457328033982104
0.158432922822651 0.0435293799476179 0.22830375201596 -0.446500255835411
0.108103412475861 -0.147519295986705 -0.168219314615018 -0.295262435479097
-0.100692968895424 -0.0493854951957675 0.0134307284463775 0.113082376489519
-0.0346825270066586 0.122718470153091 0.223142760882804 0.00797812450463644
0.189097945043948 0.0654961744438573 0.21176749562018 -0.0139474042976632
0.149396064304189 -0.111622124488046 0.285419834537657 -0.0699293209836779
0.0259476457393601 -0.142036192886914 0.307835016158829 -0.153174861039224
-0.0259343182982644 -0.120807000792743 0.272087139315064 -0.198486049261741
-0.0374830136598017 -0.113608690385575 0.180922428193881 -0.176160559898973
-0.0194126907574352 -0.115904749186844 0.117540001985545 -0.144754640109878
0.0477330322752319 -0.128785507550417 0.100655185260159 -0.131202870981167
0.168287406169797 -0.0795603199793813 0.113411954678555 -0.100577951492589
0.173235333129919 0.126042670187417 0.080605026235663 -0.102116887172748
-0.0677231311731398 0.120685416417174 0.0388699436243393 -0.215295450682021
-0.0235331450651314 -0.0816671432614039 0.165427792763893 -0.475850559106353
0.203768558989572 -0.112370318138949 0.255015981204369 -0.452686180580132
-0.189534826826299 0.267624025795699 -0.321407350020647 0.404263915440576
0.0347124333359644 0.244311089080821 -0.198072942032425 0.627904696376929
0.0990929661079518 0.0270492467226498 0.0353691153029434 0.233608713485627
-0.0659345499175598 -0.0407458696805464 -0.11279884080966 0.0243091966300207
-0.0805896290037723 0.0914655035189776 -0.197294428154857 0.132810494114508
0.0348809590926878 0.1163673437802 -0.115573883735585 0.195865859101322
0.0944433025553477 0.0683239493744942 -0.084652702122404 0.19624518164423
0.114589732806277 0.0578247407120873 -0.137247827938859 0.181723315117437
0.0988538269770045 0.0451695463352621 -0.226064053578043 0.224189359362681
0.076837580476586 0.0598212493995629 -0.295425403377381 0.197168477272173
-0.0150269016561768 0.0752806200867406 -0.311438181025339 0.118702147985792
-0.0617231589854517 -0.0556986700581156 -0.237457925348143 0.0281931978523707
0.127450893375397 -0.0844486682438748 -0.179616778670367 -0.00716161149044854
0.191906107074511 0.15150145897738 -0.107120128315624 -0.0767855256273593
-0.0374384760037069 0.319305199310619 0.152627253956845 0.22837898969952
-0.162781392732538 0.357472453306047 -0.2704179306426 0.323002312762171
0.000626597396307201 0.366687429119208 -0.215748840466356 0.658211190997872
0.129859120568148 0.166749996299518 0.112047327483478 0.278094097962846
0.0628054447099987 0.042684628634953 -0.0730462542845116 -0.00330989240799917
0.0387441903800186 0.0863357218474436 -0.21165759356063 0.143013840065413
0.118815571846251 0.0707105064512007 -0.101694994808951 0.234341202285227
0.153334106753537 0.00122079124148445 -0.0360643614570669 0.219192507422698
0.171190168005837 -0.0163762520509984 -0.0816103078826626 0.17034815499014
0.155917718310247 -0.034890204385271 -0.171178444491385 0.208543799178335
0.173992731358901 -0.028615301999243 -0.2562624753417 0.203668365619625
0.137490681702221 0.0307623036003508 -0.308933810060219 0.143628631970186
0.106544295951862 -0.0133539538053298 -0.275992574584622 0.00956831413127764
0.214329696334881 0.0191389234266949 -0.182587127437301 -0.0632910737804893
0.23100087160709 0.250490736178299 -0.0978583028807555 -0.103242220018001
0.0467789808978214 0.426341985717936 0.14181321530899 0.134531411761016
-0.0748854842300692 0.408253295997624 -0.200950291930184 0.204603267868702
0.0306196069200472 0.428091174667391 -0.193845164672334 0.650295428082958
0.180753107089456 0.267406604877562 0.215154323847899 0.321541790792591
0.211910977094154 0.116881176206055 0.0132201227899002 -0.0116129646606673
0.185749135613723 0.0590493136247725 -0.168787958538202 0.144052469949628
0.20391826750223 -0.00287780064642758 -0.0508581506644715 0.242551723070413
0.193653643725131 -0.0749245078357963 0.0318878366538831 0.205879468205588
0.202458360050382 -0.0850957607239716 -0.0141750581801199 0.12949514308946
0.18981971210794 -0.0991625971097862 -0.105403199968057 0.157299327102871
0.242637713179579 -0.0994076286475547 -0.199581471601361 0.168053145955263
0.263866121997057 -0.0122073652541319 -0.278633742932789 0.135089848382728
0.267964561275077 0.0247759178254761 -0.296525172684703 -0.0188783276527513
0.287285783123316 0.132049159059494 -0.197831874394932 -0.128969604468005
0.233771036635653 0.338803324286667 -0.0948684491747271 -0.177269113803921
0.101131434182986 0.471514381105275 0.130036184829459 -0.000684643425050812
0.0506232462553154 0.401362803873835 -0.147236168873295 0.0624750302006732
0.109540678968912 0.406619148820903 -0.138387209252402 0.591415116754412
0.240262860057517 0.292924517607668 0.317037611396068 0.310498422674146
0.342755208180286 0.144258419910805 0.110998097696911 -0.0233702696054107
0.318575581346807 0.0019296866658924 -0.0736060195223461 0.127038105630166
0.264795325602885 -0.0941763556566585 0.0386931393969358 0.20948804920301
0.204280354530874 -0.146928082215285 0.113443415240963 0.152728256202185
0.20280640111273 -0.137144742679893 0.0547858855381679 0.0677635205729376
0.196541759588729 -0.139679675488897 -0.0369541747559028 0.0865296423015074
0.273808540685209 -0.13828337657519 -0.130216170726903 0.105416660555508
0.342039840415562 -0.0387375152376833 -0.221908071846016 0.0941567639072789
0.379861123671809 0.069341560087424 -0.27966695803268 -0.0634999415547055
0.311411935199935 0.236247472941694 -0.194545109946076 -0.200476692243513
0.18806807170094 0.389544271109028 -0.0802997959992422 -0.277013138901684
0.123837456862693 0.448597009748867 0.129281618508069 -0.153856701180127
0.159363383349736 0.324791971474001 -0.132826658809385 -0.0821181035894609
0.157375292523396 0.307933289280519 -0.0764879921475801 0.486144085462844
0.250142566317594 0.255339089379627 0.375074733329478 0.231757518500642
0.406300749688796 0.131534308888723 0.18053094041003 -0.0461901855256451
0.386630501459889 -0.066057451727746 0.043037606139261 0.0871803163981255
0.274472961955178 -0.174471032188532 0.144161025795729 0.132698498200393
0.180715503855488 -0.197086058229064 0.192013206349556 0.0640478709437009
0.171323698450257 -0.16775521631402 0.115186733544654 -0.00383424988169219
0.172653527774451 -0.15698570462578 0.0261477825348333 0.0147284054062647
0.258183299470045 -0.149111713065521 -0.0551421798454381 0.0335697269631097
0.356624206601853 -0.0485359938590164 -0.141556214752769 0.0340303166051084
0.412976321220783 0.119477338718638 -0.21685542777085 -0.115584429949291
0.259765461794031 0.30575389130423 -0.150772486928706 -0.261098684553518
0.102491102998729 0.373587387500241 -0.0354005372006964 -0.374722242736228
0.126388459475283 0.35578753589491 0.149122583056394 -0.29570091822861
0.210077473155824 0.185754168313732 -0.14765514031451 -0.202369716458944
0.120859321585168 0.172290095001324 -0.0261932948063973 0.353631363200204
0.184363689370223 0.20601745990078 0.367221865280303 0.121558524432735
0.38957211440921 0.110285989960406 0.207906276099499 -0.059518518964569
0.372192880798739 -0.117000018846855 0.154224426569488 0.0341493550622651
0.227371924145587 -0.216722674071918 0.239474212374169 0.0280308159793238
0.127047446401673 -0.213109070141144 0.252297997509193 -0.0424088771164193
0.114870282391121 -0.175000057664354 0.160743756490125 -0.0751764581248923
0.121996202278506 -0.157684282874731 0.078851909538611 -0.0485527074376287
0.204354522146558 -0.145215419341278 0.0139219519933783 -0.0315367560216614
0.315740184979182 -0.0533979153214239 -0.0496647283964666 -0.0247975900490538
0.368552264371487 0.154133848691432 -0.116227555166762 -0.148165400668458
0.14629685342972 0.315515574620407 -0.0721767826007689 -0.287226825814694
0.0073883440675588 0.274922293995838 0.0382617197987582 -0.444028939020593
0.134007517594703 0.212240499016342 0.188150476605714 -0.405198781078044
0.186378151343 0.0140867946101225 -0.168656344833329 -0.27920588299235
0.013719963571497 0.0483337114639222 0.00477551581664887 0.219598242707542
0.0741094656210266 0.169779977048711 0.303054545209655 0.0351526345542941
0.314317536459546 0.0921097967003326 0.210317455640402 -0.0462606635809554
0.286246261414513 -0.135053135752051 0.241478857601083 -0.0214251955276623
0.136026975892745 -0.205231853773274 0.300682488881535 -0.0799528402380714
0.0517166893238032 -0.187045235412812 0.282757956269892 -0.142705878898482
0.0403890115122634 -0.158242052478461 0.185389036199132 -0.138188049290021
0.053250946915685 -0.144990884970089 0.110976611654228 -0.103171672471276
0.128622427573388 -0.139899900961667 0.067778105162857 -0.0874177776105546
0.248235492369799 -0.0675276122758361 0.0403283466954521 -0.0712243160621219
0.282189988966444 0.158371705924755 -0.00427431513949656 -0.142724931080236
0.0192359460883184 0.252509978771025 0.00688126896609716 -0.265379341256918
-0.0466844809228924 0.108160351552446 0.117723648031396 -0.47723669261971
0.163483304569776 0.0424717861388061 0.233189697911205 -0.465817092233337
0.110436404821573 -0.154515012360472 -0.178351834782024 -0.30455467357334
-0.104551944970707 -0.0487907681497127 0.0145117531905625 0.115952232065874
-0.033761641144342 0.129665121778491 0.230275611481804 0.00556508998535876
0.198979857842177 0.0640288894648244 0.218597170987898 -0.0154736403006971
0.154085736626617 -0.120583006087259 0.295733013873819 -0.0726252150655185
0.0238307158553942 -0.147205534223486 0.317915233946509 -0.164244745447924
-0.0303253035809353 -0.124539891441733 0.278006498546514 -0.212522335635774
-0.0412329157777059 -0.116710867780652 0.184138545692811 -0.183582199542306
-0.022611794526577 -0.119423792192437 0.118259451514398 -0.151097333595787
0.0473252577381453 -0.134215359889995 0.101635573447852 -0.139016751541434
0.173031184214174 -0.0860844862394336 0.118474122063297 -0.106602972594214
0.183441174260988 0.127251354336963 0.084085863613679 -0.105228177371483
-0.0695945552179422 0.128035544950436 0.0410162326652994 -0.220804122135583
-0.0268164129256417 -0.0837859088757796 0.168724777549961 -0.495331910229577
0.21027214185892 -0.120043204487802 0.260471870840654 -0.474211814819131
-0.1854504371119 0.285428159054646 -0.319297640207201 0.431551941148525
0.0463979066634952 0.250870278968211 -0.17876139943893 0.657381340019454
0.101910437196852 0.0212374901135851 0.0426486430194424 0.235617352244504
-0.0719399174057724 -0.0377549654683971 -0.121258806435173 0.0295736968979597
-0.0798438103391819 0.101284528656716 -0.199459396867975 0.14798144029178
0.0437261536067246 0.118292584153081 -0.109648966693363 0.209503213464158
0.102262870093276 0.0655359849022699 -0.0752519239965569 0.205529277302031
0.122696175378998 0.0539150977222102 -0.133955049317494 0.191075237557474
0.105623129547492 0.0424177989808336 -0.223118943946893 0.241286993516184
0.0827423448360009 0.0573073090238904 -0.298945095058801 0.219746484275315
-0.00967559584468119 0.0800044728874178 -0.317876793856011 0.136388077270695
-0.0669181807627206 -0.0519068599128699 -0.244593569469744 0.0360734862441546
0.128434525234111 -0.0925855527134531 -0.187627472924733 -0.00237837957375329
0.205391685158841 0.147280735741644 -0.116076523703895 -0.0733754594629732
-0.0271035275602546 0.335040343561984 0.170021112724912 0.226876414452086
-0.154723653586327 0.376718869642961 -0.269476624413251 0.345218003874647
0.0160258504877953 0.381046776442809 -0.198549517102656 0.689195410979549
0.138696110980077 0.165091008112413 0.122933692363877 0.279933939304898
0.0651825172674906 0.0420937330842856 -0.0824610114796895 -0.00095080296054989
0.0437855545811485 0.0903133482503551 -0.213818789673648 0.160757681021779
0.127206577164017 0.0674395656629945 -0.093906337941914 0.248630966192315
0.15894026753701 -0.00609348014595129 -0.0238110477853408 0.225407891188912
0.177518941894406 -0.0267904276281666 -0.0774849753746937 0.177165522192685
0.162306876618635 -0.0431783212373455 -0.167900119327411 0.2222777074452
0.17845755826903 -0.0383653516272576 -0.257463077965627 0.223413807074717
0.146078827542201 0.026373812772096 -0.313599868274318 0.162142302330272
0.110321857261205 -0.0168720605420313 -0.286349797049848 0.0204036318666765
0.223358402419512 0.0115977127084354 -0.193449799071679 -0.0598897575097419
0.24972116462418 0.250386618544983 -0.106004199134591 -0.10101220626098
0.0649886109316683 0.442521250586057 0.154239380208985 0.130563680955528
-0.0614735187323846 0.423802038854356 -0.201176547175436 0.220044763352768
0.0501769211281796 0.443069097186014 -0.17656768473161 0.67985507615737
0.195296097082903 0.268807341917865 0.233250958382064 0.32212152855931
0.223585570420325 0.111772508563158 0.00648227305184208 -0.013146480851532
0.196893287209157 0.0549187469147069 -0.168351771561587 0.161202755698407
0.211559749330832 -0.0123286005957023 -0.0398151285074687 0.255820668132246
0.197023610804068 -0.0864541691608555 0.0455543490158525 0.20860930677632
0.20631011374386 -0.099516572057717 -0.00873771811377934 0.132243077751984
0.194049751206429 -0.110753494936719 -0.101830750071771 0.165310054435757
0.247526062045085 -0.114526574426653 -0.199951699342553 0.184027437865832
0.276903590360446 -0.0241573248780019 -0.28235264748347 0.151116416301289
0.27997101325403 0.014801492497767 -0.307831858259917 -0.0071484742725347
0.304073731374148 0.125948046240962 -0.211761919936104 -0.127282808796447
0.255576605095053 0.342582810233311 -0.105097538448659 -0.178123860680324
0.122825138569704 0.486492710725229 0.136255006387499 -0.00853214623964521
0.0682858728472692 0.41200253777725 -0.150973797458553 0.0696654593502081
0.13182775573386 0.418927986548406 -0.120542169749793 0.619158373498815
0.258316314164035 0.29390514551467 0.336209535011341 0.306443402557918
0.36198720955378 0.13438214306452 0.107030478749313 -0.0287115842789081
0.331577042004738 -0.011664365052184 -0.070825489391068 0.139126935176611
0.270442696539927 -0.110202989232678 0.0516135588520421 0.217082983340885
0.203766065624228 -0.161007739324124 0.125310683017866 0.150373055890453
0.203198269505754 -0.153877311103141 0.0581806087836651 0.0668058802596456
0.199192139066863 -0.152871888422902 -0.0345488829007734 0.0894735259542477
0.276637374736078 -0.156234351769409 -0.129992335618288 0.115307425647456
0.355503422676902 -0.0567581896025365 -0.223734456529533 0.107067014404681
0.398112846533922 0.0539501466943465 -0.293210415111789 -0.0525438318953374
0.334624686086236 0.232570029109074 -0.210549180488435 -0.200292386026276
0.212290571668522 0.397503385505739 -0.0948031489921246 -0.281994778440067
0.145344428098711 0.458338888098849 0.127415894231851 -0.165687918094389
0.178188616442246 0.329138224607427 -0.141853891227491 -0.0807198945905894
0.177819648667832 0.314556913714494 -0.0614612439110033 0.506998895891368
0.267533086589912 0.254833332036422 0.396007532495064 0.223890412985769
0.42835541659538 0.117690408406662 0.179465372780407 -0.0545802653984944
0.40008463725741 -0.0862576929120325 0.0495364709321382 0.0944126294169232
0.276768950524359 -0.193622586460544 0.158053364589579 0.131751768891883
0.177497720744475 -0.212960442600888 0.201848999408662 0.0545709904394455
0.171054296121879 -0.182486182512628 0.11769904684432 -0.00896016261215662
0.173556695792034 -0.170605542845322 0.0284891285869365 0.0133446703604667
0.260581937176824 -0.165221247099071 -0.0552351552822848 0.0373417859033474
0.368729651575252 -0.0669033391314342 -0.143546323348016 0.0400824570579899
0.433366586619433 0.102481533476482 -0.229532221765969 -0.108867078705357
0.284072163282034 0.308591316004564 -0.167029243249302 -0.265065736569607
0.122244082612889 0.385536185343423 -0.0522635612857989 -0.386453645598684
0.142938777036678 0.362832720315598 0.142008725078222 -0.313431837176968
0.223940472581027 0.181990526709493 -0.162421362577701 -0.20400103888448
0.133690745230698 0.175453189907371 -0.0132059128430843 0.367709460311361
0.198184027841512 0.205511258904199 0.381496099392822 0.10975461421535
0.410060854611459 0.0971067396268373 0.208504265600176 -0.0681844433858511
0.38245156687057 -0.140497416381449 0.16221148334432 0.034729924838681
0.225432077022467 -0.234994617330414 0.251299931403193 0.0186314456204858
0.120957773610466 -0.226073302649646 0.257912851238318 -0.0582287561025032
0.111532915273296 -0.186876492550821 0.16217856176587 -0.0844435833922333
0.119823842939654 -0.168058665063313 0.078987622699082 -0.0543892035071414
0.203681673166942 -0.159473021885606 0.0137085549135484 -0.0331653441203194
0.325096459669853 -0.072145575337678 -0.050470462822329 -0.024558009494231
0.38892905708109 0.140516339590967 -0.124866080271129 -0.146514346251585
0.166443850132466 0.322523527442885 -0.0855443788403956 -0.293812147007112
0.0183607559366239 0.287095339886894 0.0225143228043276 -0.460211174033772
0.145929098711073 0.213574620362303 0.177207280307839 -0.429032751099415
0.192663473968339 0.00578429459205921 -0.187367808829345 -0.282693917398511
0.0178206342904903 0.0508195352450806 0.0136044641635387 0.226576700857957
0.0840196839373616 0.173619731065516 0.313924834520718 0.0231717046043484
0.33075522385424 0.0797795303691435 0.213220621455466 -0.0553024298171427
0.291678895148065 -0.155657360402965 0.249235264453022 -0.0274031422286657
0.130808303440536 -0.219053860071496 0.309274754339565 -0.0969861823447822
0.0434387680660756 -0.195481541274798 0.283882044497446 -0.163151406160441
0.0342513667141898 -0.165434146341833 0.185032917062828 -0.149951822878805
0.0486705336386829 -0.152369349710166 0.10978420064827 -0.111482936160729
0.125808156172531 -0.150304174662177 0.0664632466596413 -0.09418496969239
0.253194733159092 -0.0830543712843617 0.0410946137549525 -0.0765230229596452
0.30117933316969 0.149391081564944 -0.00873456311031139 -0.145495304817941
0.0307995882772448 0.262845304856891 -0.00230654813509955 -0.273488552718311
-0.0447577115577548 0.116169833358768 0.102022127691394 -0.499213320587564
0.17055562769681 0.0358159662974378 0.220798803406211 -0.492888144345284
0.106584703460947 -0.165953775428154 -0.19876119040042 -0.308370337384409
-0.109893802869935 -0.0448011651386665 0.0195051784211586 0.11827448821181
-0.0280913443093751 0.137134259328416 0.237088902097503 -0.00506357198436143
0.208939298522307 0.0563588071347542 0.225762493119253 -0.0236722268065619
0.153410998683136 -0.134717592432525 0.303990827083126 -0.0844106094240779
0.0165002220795745 -0.152858502615981 0.323402850016547 -0.186131270381244
-0.037797022789458 -0.126564986173076 0.275855612346735 -0.234979871906653
-0.0482537490838997 -0.118197098728834 0.182392261987189 -0.196332065975243
-0.0297969862428401 -0.123204243691607 0.11374127287761 -0.160632394687042
0.0426624449418348 -0.14175966711211 0.0990559379408522 -0.149491588646459
0.173971713580832 -0.0975207458911948 0.120494080041002 -0.117223940729387
0.197448390646928 0.12154084681981 0.0851962884718817 -0.11017804704529
-0.067359107519489 0.137434030770062 0.0360398993814347 -0.227433943850067
-0.032007023697687 -0.084520197751255 0.154583064639766 -0.52164127522619
0.212318007231997 -0.133748090953844 0.249318371238384 -0.501938943309715
-0.291688397167869 0.180060342648475 -0.483058010272096 0.259549430609801
-0.0589358504046536 0.244545381526656 -0.455104386545073 0.512557336128881
0.0860572975050642 0.0607474027839235 -0.0703221595544404 0.225425523199604
-0.0482203258839528 -0.0647177161019352 -0.130038322294387 -0.0266530205546528
-0.115591687700694 0.0610682296570362 -0.244438661818206 0.0517848302494158
-0.00815607830808454 0.128874125855483 -0.190813591390733 0.141555487858754
0.0663229562126815 0.107129178836051 -0.154512386690885 0.151298969566653
0.0913656570699213 0.105095609059397 -0.201435602020174 0.112276450477007
0.0800812732398379 0.0884370690627981 -0.305886148599126 0.122241746824512
0.0524611516856201 0.0907129308322725 -0.367871332549345 0.0719171680501568
-0.042349019997283 0.074688967985133 -0.351612382401678 -0.0146096775644192
-0.0423643703441701 -0.0720540877736788 -0.236910663449753 -0.0816954435149872
0.15629046271882 -0.0262313823858924 -0.166448011768074 -0.0874658005794842
0.121972164514771 0.22279563654826 -0.0797769309283443 -0.11604902328995
-0.171259073650265 0.29774046026459 0.0458050546658266 0.280764040665824
-0.30515875426638 0.275137974132681 -0.394491515080033 0.200938598998495
-0.144801421243763 0.349652143816068 -0.486522585314589 0.532462937552413
0.0534466307804325 0.206548563815485 -0.0121455279912101 0.298825037102807
0.0411390969660905 0.0664971954501186 -0.080248262773859 -0.0420792999644752
0.00284112232611589 0.104452092680428 -0.263552149708203 0.0533077013575653
0.0893445246881674 0.118273373471673 -0.194603774525146 0.181695993949359
0.15018195882292 0.0652861085215908 -0.117940408350183 0.190828352507879
0.178272216824511 0.0537996421658985 -0.14327453760288 0.122515817190841
0.168334245913982 0.0344963901505409 -0.246019550770551 0.128991080963081
0.181084515900906 0.0431032481629 -0.327845706875547 0.0948006141174468
0.124945468008955 0.0918331751782407 -0.353367280182839 0.0147186577274975
0.10289831569497 0.0355955522946468 -0.26529412159207 -0.108236094253332
0.195531192604944 0.111107337118582 -0.14917167710837 -0.138836176227744
0.116184603233045 0.335909032239087 -0.0595982251107269 -0.138039012227219
-0.13643305427385 0.434386449443734 0.0753159251178809 0.186341594562154
-0.24335825186108 0.35993513173923 -0.273938766704885 0.111850987535115
-0.141960963323084 0.423956707989084 -0.459615200027027 0.534068430400815
0.0572839679463725 0.326886109433214 0.0686568287175869 0.382607103630416
0.152417979704139 0.198402024646034 0.00932890858364035 -0.0183207282198539
0.15743930747352 0.139955880813893 -0.223220168038965 0.067021686660389
0.202510500459941 0.08226433700596 -0.15079186769354 0.211738832896285
0.219970202950273 0.00909961352931069 -0.048520191258538 0.205534098970032
0.238011424940609 -0.000773937576725787 -0.0646733609113627 0.112487781179309
0.227420922844741 -0.0152147770417061 -0.161812059444126 0.106219388068342
0.276283308136684 0.00209246742002327 -0.256213204327053 0.0846137405590401
0.267471465901165 0.0996022181601237 -0.317339591863408 0.0222897123716363
0.244532095463849 0.138427573229845 -0.271624005449145 -0.137389493049224
0.218012455154776 0.251949055808054 -0.136742125189304 -0.205886488628049
0.0813667549423788 0.423694464116175 -0.0254973862151912 -0.208540521607593
-0.102268404780395 0.497565101254145 0.121735513236528 0.0523657328931145
-0.122164847625172 0.407509399806677 -0.160709579409379 -0.00804339769688527
-0.0577213282771151 0.438374197527784 -0.385098090265136 0.500018750318764
0.102957088170618 0.377468434639819 0.169115288868039 0.41397433936482
0.269226962640858 0.278478412755125 0.107982994481334 0.00736216114203689
0.310913841364791 0.137990496928989 -0.126772087152314 0.0843448694521804
0.297816383253171 0.0177665165926287 -0.054070437654488 0.216226034040763
0.258739225244417 -0.0571665255969263 0.0484939923514854 0.187337200883739
0.258932874099763 -0.0513985696903405 0.0240274161620841 0.0822018500161457
0.250538538229282 -0.051825218591257 -0.0686327026955793 0.0659800790674996
0.321281611031243 -0.0236714547196533 -0.162614383235732 0.0524160019238137
0.353949983152918 0.103342304976178 -0.239958257685286 0.00814863924082569
0.333610857797423 0.222031439496371 -0.235639835134432 -0.167742478532551
0.197597555294022 0.361720563854592 -0.104078603269793 -0.27105565648043
0.0161081007022654 0.454838552501391 0.0320863454874486 -0.301419974780455
-0.0722838371546496 0.481749550751128 0.189733463465246 -0.0939973061135198
0.0168149243058621 0.381596629914932 -0.0865285034526208 -0.14479998377426
0.0294892639440463 0.363809524984406 -0.283256693081535 0.42540103558975
0.127740210268416 0.346988478144555 0.26094580679253 0.365129876763552
0.336562229219243 0.292482172885661 0.187410556412221 0.0149527491803005
0.406017331805894 0.0978372197543328 -5.03695263990329E-05 0.0942473482349691
0.341005632675993 -0.0571864074519978 0.0788196233479769 0.185833692874617
0.25738177804277 -0.117273982308761 0.157638065322242 0.134669318003486
0.239719145761992 -0.0942991153363351 0.110284387283068 0.0396763164142935
0.233665994918282 -0.0792143031291939 0.0200117023979665 0.0239804100263264
0.309593891667695 -0.0399323309114851 -0.0615431559470149 0.0129655574482948
0.370747373679807 0.0970001794490001 -0.138135916973707 -0.0163404345043256
0.345214725707351 0.279284026672594 -0.153002197650657 -0.187521632304332
0.118201391848343 0.405987184981502 -0.03688184121749 -0.308950001247649
-0.0601833436145854 0.401652095045576 0.121880045076216 -0.379319280754863
-0.0309165755348881 0.391711816568187 0.273973432602855 -0.220951629686137
0.122905292251161 0.2688278183763 -0.0536115644518125 -0.268637970909048
0.0492437058784104 0.217163305021705 -0.177905394396484 0.32487743980151
0.085397203946057 0.274429268952312 0.298503303121648 0.25889154866228
0.329270006355556 0.264935407935435 0.220119142782248 0.0157557898140403
0.413270321970933 0.0397261013291733 0.127958553654753 0.0891178673565914
0.309701918146369 -0.117501024851104 0.213960677646874 0.125803380213965
0.211991565670037 -0.155656359097802 0.257285479515639 0.0571702958278096
0.186905055582634 -0.124039921612071 0.181773909255823 -0.00803551733318076
0.18281742825414 -0.1034214223355 0.094530664058333 -0.0142487565167092
0.255893296548782 -0.0586429014987772 0.0296388805053536 -0.0229531293797216
0.330990845831936 0.0722678671314888 -0.0246682732422454 -0.0347650168770733
0.290065332789371 0.292508796518727 -0.0423767198313306 -0.174204146753119
0.0046716258173707 0.367488581853477 0.0507826610645542 -0.29877988648766
-0.110320875436185 0.265510735455335 0.2277322103506 -0.415058032320195
0.0380580478210906 0.254442164249034 0.363145113731531 -0.304730069710362
0.172206170352161 0.0938307850352533 -0.0472107585762926 -0.350492281179093
-0.00411113515637128 0.0536230004181392 -0.089636217312984 0.211180990002306
-0.00492650853703746 0.195874786065386 0.276442460177537 0.153796305072465
0.266132906683933 0.215617709425783 0.220103065935002 0.0341226012289871
0.334252138224822 -0.0176455597266837 0.23375425969071 0.0752456305591721
0.214631688698574 -0.145864567819541 0.319443734631817 0.0480397207348212
0.126900056751513 -0.163356545080696 0.327865929675591 -0.0261671505916324
0.105415061179675 -0.137662177422791 0.230809344777656 -0.0556970245544537
0.109411735180755 -0.119954847119364 0.147168753872233 -0.0529494164243964
0.179406120661133 -0.0859168698190249 0.102353201855587 -0.0556549199874278
0.268315645420052 0.0298171744793404 0.0802977841334859 -0.0463146215270818
0.209063192919108 0.2619901677211 0.0606512425111014 -0.121895474928867
-0.0904244786088035 0.251632039255104 0.117209837828581 -0.245081491234517
-0.09271132083434 0.0800726446988723 0.323020999985862 -0.413159876336146
0.138343927771387 0.103547818770386 0.436533394432042 -0.340816429822663
0.170428579607087 -0.100426969730047 -0.04963850890876 -0.3760974098653
-0.0800325108585034 -0.0912182054872354 -0.0337225983497711 0.1197719898784
-0.0903154441620778 0.113850886449792 0.221415370020157 0.098352097663902
0.164580885525301 0.138862152497364 0.217479701755244 0.0726363458712223
0.196534455865633 -0.0591085888329044 0.309073444155497 0.0532811273809399
0.0791804835650451 -0.135329898924912 0.373906571632955 -0.0246321581483692
0.0204764197132171 -0.135488499909795 0.351025568274705 -0.0914636502456789
0.00609590610487761 -0.131229664209234 0.247232069695706 -0.0993636408221746
0.0247008005503599 -0.126148151409438 0.170168794977127 -0.0966261360597376
0.0977095429639447 -0.112593902204557 0.154354841632782 -0.0937422455335625
0.202113834490749 -0.0190004374129849 0.16772551276865 -0.0507808216440779
0.129229105180951 0.192690745562086 0.129532450502417 -0.0519911294136505
-0.123747127838909 0.0950071762554743 0.133465683998755 -0.186579087450199
0.00866339670639989 -0.0984813478229895 0.385513449555916 -0.405890384035323
0.252064420763382 -0.0321978411387103 0.469211587170781 -0.334744000452583
-0.279505871744946 0.194132367190767 -0.466148886087031 0.282211409933632
-0.0449703241309106 0.246022171030761 -0.423590799217562 0.529428393938588
0.0871481053894582 0.0531711157250027 -0.0594619568400807 0.221936196744561
-0.053598908787399 -0.0605772724040416 -0.134551251595678 -0.0217809768884403
-0.111833378848939 0.0694002561367102 -0.24094106929821 0.0660767148914779
0.000457797173515022 0.127828634327676 -0.180695223252425 0.152826740159744
0.0735152903057791 0.100684147911055 -0.141740864038347 0.156235179172227
0.0994530314503128 0.0971806596012274 -0.192796334516137 0.117858917670374
0.0854309618513345 0.08351999208193 -0.296259446903508 0.136960470717521
0.0566941858613186 0.0863403399641854 -0.361539272829093 0.0928446267729545
-0.0348913736281718 0.078488453375356 -0.350033963090814 0.00530521346961975
-0.0465477474875376 -0.0661133384708354 -0.240267972642321 -0.0707694375180999
0.153208221495161 -0.0347537665865925 -0.170944340957117 -0.0796371867743843
0.1329039492843 0.213987914092474 -0.0863931481768563 -0.11025837545924
-0.153904957043928 0.306993009434561 0.0622731923049182 0.272966890007038
-0.289490084504027 0.287706631195475 -0.382625179999403 0.217655626868675
-0.123955039119344 0.355627741552755 -0.45318305690367 0.552165632711724
0.0622276823493222 0.200076558184971 0.00148514724849203 0.291089732434718
0.0426716846804241 0.0637000082670551 -0.0856056804662407 -0.0388136494611353
0.00862402506673198 0.106356041015694 -0.26079743846333 0.0686933608068
0.0963226341197285 0.112940957450572 -0.181998933385592 0.194996416724859
0.151847405969979 0.0569874477957352 -0.10247743352779 0.19328920188356
0.181704842849183 0.0428667827674864 -0.135871423994691 0.126158851838309
0.171190326862499 0.0256023696669943 -0.236892616328757 0.138621080762049
0.181966506576607 0.0320840988918164 -0.320417649458236 0.113383056661982
0.132734842317755 0.0847470674284455 -0.349604774719322 0.0338973078437286
0.104970170502181 0.0323337557282963 -0.26993374283516 -0.0948730770501077
0.200849572913157 0.100714039712001 -0.156423906277322 -0.132840491461099
0.133895334008675 0.327330093922386 -0.0678727452894223 -0.131802146660406
-0.110816715986322 0.438354199027698 0.0852524105745029 0.176871962953739
-0.223357484763007 0.366637764507136 -0.266626862748264 0.123718735436518
-0.118088739409248 0.428724436035588 -0.428578218944061 0.551715396636141
0.0706102561216263 0.318873277424791 0.0866170435356986 0.372278001671348
0.162119569544183 0.187460448191174 0.00178281949449121 -0.0209620675613945
0.164762051404057 0.130257149627851 -0.220455023613714 0.08232133912707
0.205091296993018 0.0700220065723656 -0.136293833169089 0.220206557713433
0.217703386128354 -0.00390796122403666 -0.0342308617188706 0.203932750517033
0.236796228034237 -0.0158372564308023 -0.0577634786366035 0.11065529483546
0.227728063680346 -0.0267288918026513 -0.154459533580791 0.111032005814275
0.274005099832966 -0.0131829200431972 -0.249698769870859 0.0984944199826777
0.275395122975489 0.0837680368029213 -0.311296535658318 0.0398040614229974
0.250171755741891 0.123396416826913 -0.277011760804311 -0.121351021795981
0.231060529674739 0.23924595891952 -0.148341313971415 -0.199430854835606
0.100960366980549 0.416752479541887 -0.0368715419508942 -0.204199983480858
-0.0750213614271377 0.499192803458223 0.12400489926959 0.0425400686564203
-0.100685047637536 0.407379685072384 -0.160960020730705 0.00050337345180835
-0.033600735123004 0.437753607200531 -0.356111762644211 0.516448942680767
0.118177435805535 0.367817816370736 0.187411415282417 0.39931504409699
0.281713399909332 0.261478815309238 0.102308807340132 0.000376234459502337
0.316874304023524 0.118618204809905 -0.123547300515239 0.0962268273825994
0.296041662576448 0.000998686006612798 -0.0389245295390708 0.219344902211734
0.252932112977724 -0.0706002924174519 0.0598976735736221 0.180118366152221
0.254046348127364 -0.0673265961158867 0.0289489478345484 0.0777368663191813
0.24788788931894 -0.0659938672888135 -0.0647763402964704 0.0684712842433274
0.316577617232937 -0.0419838068218027 -0.157937469430887 0.0609323971131529
0.358752877449916 0.0814305773014748 -0.236012367175483 0.022039300587217
0.344351046041701 0.201119435362271 -0.242835568192979 -0.152718145186502
0.217118855653593 0.349540829117688 -0.11890610695335 -0.264270671198076
0.0396807281041579 0.452457503743273 0.0156337842977301 -0.298536997715157
-0.0473077463071102 0.481215760664214 0.183284346498219 -0.105389373624149
0.0351213021261643 0.373322896598448 -0.094913837541056 -0.13916724216131
0.0503713246077442 0.360758957545448 -0.256797778254277 0.438300315010568
0.142395610206294 0.338778878271327 0.274667266254527 0.345891756226311
0.351141845543568 0.27005407612801 0.179128286397258 0.00464079991317823
0.409758178361159 0.0720742187479836 0.00373046239933196 0.0987772933536645
0.332801294967874 -0.0758311190176215 0.0909141190844444 0.182064227919235
0.248020867144634 -0.130278712566558 0.163576513776754 0.121779938452779
0.232794800877107 -0.107435206704422 0.110834651317556 0.0333450688643771
0.227913506745137 -0.0927230716871295 0.0215708911936333 0.0224165155630123
0.305234986244954 -0.0575464112134842 -0.0599674261795872 0.0167171934497272
0.373657446191533 0.0735157395946287 -0.13396221753074 -0.00852685137579882
0.359119409732365 0.256690840957758 -0.161731414547475 -0.175273045979452
0.139520232892127 0.39874309170451 -0.053139186550145 -0.303157556048143
-0.0396804003108721 0.403976427830932 0.0999298210878405 -0.379980643507908
-0.0108617529948369 0.388178317403304 0.259292383946644 -0.232987506549861
0.134615122021066 0.257052893898444 -0.0687879560137425 -0.263810812720587
0.0614296134488782 0.214481540369159 -0.160293016547157 0.331921115510325
0.0968327790392201 0.268047296690284 0.306112461638308 0.239881728308513
0.344548272319217 0.24449968028768 0.213585763084333 0.00417104152320663
0.413199190568452 0.012974134547161 0.13110347827328 0.0882432456278057
0.299069463574501 -0.135053532915893 0.221196238220805 0.11299162323648
0.199341157839699 -0.165596504710148 0.257431554910616 0.0398143280084197
0.177536143466132 -0.135020626100787 0.179160611856242 -0.0169483031728242
0.175503216992124 -0.111715314582264 0.0923456281677096 -0.0194361631123026
0.248632236021937 -0.0725920888479442 0.0287402938171003 -0.0243326358901718
0.331499920637961 0.0510972815523509 -0.0231459437805943 -0.0336345855095552
0.305497219944967 0.271125183390807 -0.0512931968238979 -0.166151672669106
0.0249187948514304 0.365798924000434 0.0345249328890935 -0.297321560128519
-0.0984359354965187 0.270905347334371 0.202863534243139 -0.421972841398031
0.0485044460380355 0.248379260704288 0.341821447422672 -0.321752366289793
0.174957222922725 0.081525497469365 -0.0659439039876487 -0.346508004191772
-0.00152459813044905 0.0539783111857893 -0.0778282143461251 0.214013787630953
0.005200461080998 0.196294104397692 0.279623813915899 0.134604759745026
0.27857110858223 0.197431560767155 0.215436281566763 0.0216215671180316
0.331698253850129 -0.0388365269548354 0.236734843799579 0.0661553872719844
0.202188647381241 -0.156891349201465 0.320609431518749 0.0289603732093317
0.114275146744168 -0.167706711350943 0.320783074749579 -0.0457203698942676
0.094848035425079 -0.142854142284026 0.225010207886332 -0.067005619134403
0.10091669919688 -0.124737826087457 0.140563463292816 -0.0601530312818383
0.172017044744421 -0.0949538164357367 0.0982369818426845 -0.0623732513593459
0.266774746374516 0.0116880323704177 0.0795600120949363 -0.0505772029629989
0.222919066832566 0.245174692194492 0.0547705115117868 -0.120763185013097
-0.075585281191358 0.256782791381275 0.105071920364829 -0.245454974955164
-0.0883708478528056 0.0849183202204846 0.29754331070533 -0.424113032140773
0.140945921422096 0.0925620111174648 0.413639926054018 -0.36006042441118
0.162017292985733 -0.110720100558708 -0.0702181050341292 -0.370903513210563
-0.0849675148890777 -0.0853484859476287 -0.0267202458662589 0.119244436568603
-0.0831370831606144 0.118507818560353 0.22357424530959 0.0822445705576727
0.17311218341946 0.127359179945119 0.217608157098014 0.0602280578380034
0.191611950348242 -0.0729453297325108 0.309220043946528 0.039242278694343
0.0687747403760189 -0.13935851370138 0.368967102754549 -0.0460735849023617
0.00946750329741768 -0.135158094818718 0.341375928330947 -0.112699099670848
-0.0031756507691851 -0.1296844953652 0.240470614078531 -0.109889541400561
0.0151460707459658 -0.12764225747879 0.161968854328897 -0.103227825557545
0.0898060574842942 -0.11676239639891 0.147089691697177 -0.103268558475747
0.19679691732608 -0.031883438664744 0.166895530670401 -0.0608551594274751
0.140450636883633 0.182446463341095 0.128437874644039 -0.0539143528606418
-0.117744078231715 0.101959144742472 0.123885346277341 -0.188016062195983
0.0013994632197863 -0.0980936041943065 0.359978641933181 -0.421475178687872
0.24673629658723 -0.0465655599625498 0.446764491648947 -0.354480088383946
-0.267066963781255 0.201733251620204 -0.446873319114534 0.293603457624592
-0.0338860855867733 0.242887138138475 -0.39579613318831 0.53471776058619
0.0874652867283369 0.0472778335086276 -0.0527982758560334 0.215803095180566
-0.0563392344996992 -0.0566929015825764 -0.136797788433674 -0.0183953500247531
-0.106543999494186 0.0760063856872285 -0.236638090139458 0.0748433181525111
0.00714012511793196 0.125255638609424 -0.170416307804109 0.15998466875811
0.0773442365577311 0.0952716831796357 -0.129333819676902 0.157720792806789
0.103550189502429 0.0895920419433995 -0.184729594818206 0.120156306808034
0.0891391606186937 0.079734914656371 -0.284911503883628 0.144607484690788
0.059678256296333 0.0819393929237976 -0.352644713936485 0.107792950890326
-0.0286645168767041 0.0801786627967702 -0.342895868500105 0.0188602583663848
-0.0488281864711669 -0.060381183468077 -0.237960741603976 -0.0628056187309516
0.149606918362569 -0.0395120518201788 -0.171810593732271 -0.0734633804743677
0.138482042161525 0.204731341090664 -0.0901998425419159 -0.10322453506418
-0.139264187358009 0.309984699401362 0.0740720461160283 0.26111662626578
-0.271629872662032 0.292028305704891 -0.367354364320482 0.226925122596822
-0.107790961758581 0.353920694602567 -0.424069476020759 0.557401780398012
0.0663865907556097 0.192655762248611 0.00936527226005483 0.283133657914469
0.0425381081969977 0.0600045555561071 -0.0914014854908496 -0.0371263680475027
0.012794236410336 0.106078434474122 -0.255625875920687 0.0794435226869873
0.100496083945496 0.106909340573438 -0.168500888316088 0.201631838051029
0.152210639583839 0.0490107463276832 -0.0896727994908817 0.192275984046962
0.181057920555667 0.0317457492898907 -0.127656178169278 0.125699178744177
0.170989688810749 0.0184072872094518 -0.226454891944815 0.144453327222139
0.180631803471365 0.0244566000855956 -0.310694114606878 0.125543795066561
0.137401667634181 0.0782165191082941 -0.341449985361627 0.0477744274603865
0.105044646185892 0.0292455040737941 -0.268387945998619 -0.0832423007845091
0.201485603065022 0.0920692345290704 -0.160394564109475 -0.125204471463416
0.143152849111639 0.318303209812586 -0.0722960517947834 -0.125381604230879
-0.0928608900186259 0.437796341049803 0.0921418423343615 0.167250722884504
-0.20664457501423 0.365601565673056 -0.258586578522617 0.13056640773822
-0.0984011767370819 0.425900189832094 -0.400724284870184 0.557898759261066
0.0786008060327328 0.309019671014659 0.0953022310560165 0.358365502735088
0.165269828857868 0.177024410610082 -0.0054141437014922 -0.0224792510442313
0.167573374072322 0.12174255205196 -0.214304535855951 0.0932821593148951
0.204407208774684 0.0602800421552254 -0.123118502176296 0.22523768075053
0.212793712645526 -0.0125439688046932 -0.0225332071661706 0.199770591842801
0.231613208995159 -0.027091005787958 -0.0524589588871708 0.108975652972778
0.224139871055723 -0.0346819787784913 -0.147438486500516 0.113665928303254
0.268528706131443 -0.0241906673686755 -0.240053353565773 0.107938144766915
0.276737779622538 0.0699843909948659 -0.302967423590929 0.0509297003376272
0.251689202549635 0.111262026239022 -0.277118947018068 -0.108017908448237
0.236459457473212 0.227395749709982 -0.155136423540663 -0.191060938101451
0.113647748765071 0.407270329879125 -0.0438531405193351 -0.197007559799239
-0.0568098116795529 0.495398497904952 0.123868883241837 0.0338922947881599
-0.0849563570692135 0.399482860661159 -0.15973955184372 0.00499713023025373
-0.0163712738526052 0.432514353515209 -0.329901239755607 0.521086634313866
0.126877763611156 0.35764168559708 0.19607224375782 0.382967379696236
0.286890372980782 0.244158560442196 0.0933691482679633 -0.00425199302539364
0.317398801562787 0.103356136363545 -0.118533988038022 0.104488115267473
0.290371304088419 -0.0114378353471574 -0.0274032308392282 0.220010055144803
0.243968435630179 -0.0798292890961139 0.0673473258122119 0.172200134249216
0.24569475437225 -0.0779138122195298 0.031052156234027 0.0741636937100993
0.241398428786251 -0.0745045303945281 -0.0609787424658527 0.0675669462131144
0.309283417589023 -0.0530216916319829 -0.15125422316134 0.0670644851515139
0.358567152730484 0.0631558087308897 -0.228459979073317 0.0304772010650967
0.347726231089001 0.183105850482139 -0.244028545244601 -0.13851462988105
0.227828218507541 0.337264991761334 -0.127889962419572 -0.255087051008685
0.054130538726334 0.445039016290362 0.00519956365469537 -0.291754471695768
-0.0284711328145026 0.474480056573401 0.174548164594836 -0.111280201980434
0.0470121640621238 0.362830301641207 -0.0997845124404323 -0.134514450644362
0.0628442806999648 0.353889705305201 -0.237700895516856 0.440144677743188
0.149098036206796 0.327901514343441 0.277971051263118 0.325416677500798
0.35657714839947 0.250019487881612 0.16985363970553 -0.00266425737229303
0.407216218526715 0.0535526165548466 0.00727771712437825 0.10372526655944
0.323644063777089 -0.0891000602826935 0.0991004311706653 0.176724769635258
0.236826389689184 -0.137877489347206 0.16603138040476 0.110623698182519
0.222926323303687 -0.116181001316054 0.110446841321426 0.0286171338952938
0.220124829820696 -0.10017930121276 0.0211060753468212 0.0205283086842257
0.296348919234112 -0.0684105507720701 -0.056998529561272 0.0190796687161621
0.370812052689617 0.0544115640414167 -0.128928474575093 -0.00329862751086566
0.363904636250277 0.235135852891291 -0.164477826012211 -0.162290833314807
0.154610001366953 0.388375628549314 -0.0628848521263753 -0.295846382556178
-0.0257958269958832 0.400529532654856 0.0844141984743582 -0.375698712770474
0.00151620735112152 0.380920318894788 0.244623585261335 -0.239300391265944
0.140827464415712 0.244622034881885 -0.0788576123661811 -0.257787556936974
0.0682114599248053 0.209748203445013 -0.147294966654938 0.331272249842303
0.103253558419029 0.261365095043114 0.306663069165462 0.221272948446057
0.34988283350446 0.224300088512292 0.204173204367775 -0.00353499914640493
0.407430676311366 -0.00737800954736942 0.132513809454693 0.0875103392397463
0.286763733022766 -0.145928231660487 0.224106819285787 0.103075375780167
0.186836737223092 -0.170438148232311 0.253188098913984 0.0259941591700458
0.167596337801775 -0.13891683776445 0.176013223575391 -0.0227862651326316
0.166773088279142 -0.118113073927828 0.088803055894554 -0.0223178467065432
0.240908765186083 -0.0819907332260507 0.0269532651443885 -0.0251375493036435
0.326840880288461 0.0332621001155785 -0.0208373486922881 -0.0330411772405687
0.311779015218959 0.251217858067626 -0.0549424597184976 -0.158204872246782
0.0393769853810407 0.358843506648856 0.0236572063874858 -0.291199875074927
-0.0869148339635312 0.271920599707052 0.183430721866725 -0.420112354127397
0.055246346080081 0.239684597433806 0.32334912664254 -0.327670796900693
0.172446831761187 0.0712667056075421 -0.0792661424068078 -0.336720229268828
0.000301802395754306 0.0539364970023616 -0.0705526242209205 0.213323211156364
0.0117777657311834 0.194106589898657 0.277076791176435 0.119702402750244
0.283824761081426 0.180360469443926 0.209105128666507 0.0137840140268385
0.324754276407218 -0.0551046600664941 0.236280695971372 0.0613715927632482
0.18977609015889 -0.162478292092413 0.317800818789246 0.0148690342003554
0.102436315601995 -0.168071756831693 0.311411197358678 -0.0596009893337797
0.0852771422316033 -0.144037204750439 0.218726026527991 -0.0735578745422263
0.0917589658327905 -0.1270712424467 0.134194678704042 -0.0636037846102593
0.164288826871843 -0.0998953803111698 0.0932877968369004 -0.0660365257242529
0.261111667903489 -0.0018015254939939 0.079186309415559 -0.0533370859550238
0.230771532385602 0.229659549650409 0.0509143070124014 -0.116538079147748
-0.0641727978090297 0.25655990090696 0.0951293481651443 -0.241432546465096
-0.0858147302414712 0.0884065015079093 0.275252665344069 -0.427300281009521
0.13979643621335 0.0839847203849556 0.390960178924945 -0.368007606776789
0.152926575246669 -0.116102064455964 -0.0850880294912106 -0.361130952363341
-0.087672022231512 -0.0794652353800924 -0.023256983029146 0.117917144119536
-0.077488380547556 0.121459079075723 0.221666152146674 0.0712047524915503
0.177006792081879 0.116260130383574 0.213976498512763 0.052164757089877
0.184059269493669 -0.0823761229994029 0.306348435541386 0.0291092535568201
0.0591106711022857 -0.138688041390249 0.361647067775992 -0.0620065476036304
0.00174025406096949 -0.132170638551802 0.328853129214394 -0.126183334090703
-0.0106885611659915 -0.12591296129982 0.230718978030928 -0.115173281757511
0.00739053822807177 -0.12505173819974 0.152538407440886 -0.106093713929602
0.0831881096324499 -0.117766575068169 0.138349048859719 -0.109121213476004
0.190341756132549 -0.0415165126612291 0.163736035690995 -0.0680435312091519
0.146531919790298 0.171586283278182 0.125730755570845 -0.0551718431757473
-0.112526933094243 0.106493828425293 0.117465796807071 -0.184882969985745
-0.00412806555151716 -0.0959815981298533 0.336854805321109 -0.426589855701326
0.239133410392202 -0.0562600778528265 0.425942420654333 -0.362783383536441
-0.257848010321586 0.206256815368459 -0.433907489120538 0.299909335963114
-0.0259396091949319 0.239829563853373 -0.375487775963028 0.53459815775119
0.0862899429185044 0.0421486141312726 -0.0490196464776834 0.210504923008439
-0.0592059255808616 -0.0538450891553418 -0.139520853937588 -0.0160916621755981
-0.102736788059642 0.0810763732780575 -0.233950600896674 0.081194862179704
0.011855320480919 0.122723078858392 -0.161652961829125 0.164851886611861
0.080209353524415 0.0902465458585885 -0.11986807476416 0.158002191134184
0.106311939630301 0.0840666355332805 -0.179033685607816 0.121290348991436
0.0924419663830881 0.076483679006759 -0.277141534782393 0.150032725863894
0.0620911267337252 0.0785840037728688 -0.344741572517728 0.118744270304732
-0.0225534629458256 0.0813718964341593 -0.338560455691498 0.0284621987905551
-0.0503940997770536 -0.0559339039323085 -0.236699098151434 -0.05742710366923
0.146829754327 -0.0434631854743666 -0.173169049311838 -0.0681752704915563
0.142945780850913 0.197615872435715 -0.0931162300657319 -0.0977605038460837
-0.1279765619779 0.312404453963401 0.0816754155234893 0.251585049282662
-0.262418224547197 0.294168313762788 -0.357430757829195 0.232127537025077
-0.096579536678122 0.351811977450985 -0.402908043130227 0.559434197371354
0.068445117771666 0.186834422707346 0.0139736733059195 0.27516414885682
0.0420134438000893 0.0575756387878262 -0.0955131010345075 -0.0356548288324616
0.0158086946329291 0.10618012216275 -0.251708173460352 0.0886483290688014
0.103280474902273 0.101801708216974 -0.158543512437122 0.206502733876044
0.151853307401583 0.0426121099673562 -0.0794773411924603 0.189511800623106
0.180378790155712 0.0249314613303796 -0.123470718112165 0.124637756942084
0.170978586036818 0.0141919438276421 -0.219524286604898 0.147351604181277
0.179097696092752 0.0186104567649805 -0.301597995496042 0.134092395376631
0.141098111347808 0.0736900461545612 -0.33438037773966 0.0571979429012298
0.105134869855438 0.0269229195804074 -0.267252370243424 -0.0755850737281077
0.202347233451708 0.0854386770224601 -0.164071152589945 -0.120406519108517
0.149992453693542 0.310634285925027 -0.0742320222417062 -0.120269967243373
-0.0784709854369764 0.43639926019465 0.0947783528615994 0.159444495047492
-0.196022466933982 0.363453048781487 -0.252284664731175 0.133257797354757
-0.0868572792642045 0.422663200027258 -0.378533481025479 0.559926255030213
0.08287783850985 0.302716064027948 0.100842736879891 0.348826091291794
0.167096927279181 0.169257265375429 -0.0116155296296196 -0.0228626317293492
0.169104072704109 0.115586657290482 -0.211179760694706 0.102002922240009
0.203757286805755 0.0533506327502846 -0.111620333413232 0.228779902411261
0.208692665628987 -0.0191962924932845 -0.0138656288677709 0.195364308536089
0.227099494011961 -0.0351795958855495 -0.0487665776891465 0.106944685646288
0.221575350099258 -0.0413586845550086 -0.142733374938431 0.115106981401794
0.264612239498646 -0.0310433139967108 -0.232488218841577 0.114422722427193
0.277029517488061 0.0601412044642053 -0.29517309769656 0.0592439572254819
0.252248618443429 0.102860623939485 -0.275530543332471 -0.098406768285238
0.240711536703402 0.219164111642015 -0.159360651902158 -0.185153045946802
0.123577305124605 0.401374370461442 -0.0482362894841569 -0.191520756996926
-0.0415842697995331 0.492001245525271 0.122653743778876 0.0279867253459582
-0.0753739080619182 0.393813900733666 -0.158429459579475 0.00781883734890182
-0.00514560879941364 0.428765992656551 -0.312200890206661 0.521315865343642
0.130455914981773 0.349921184004738 0.199659841373959 0.370179945805742
0.290380460935013 0.231727221516372 0.0855195805087148 -0.00727773702547185
0.316951660238692 0.0912238083620847 -0.114933507025767 0.112408189533995
0.285764213742728 -0.0197487699410845 -0.0175176986104929 0.220108186664005
0.23731238924895 -0.0857921773208879 0.0734285472335254 0.165822677034763
0.239027052497537 -0.0847868235495856 0.032172953223361 0.0713849334870459
0.236571212118552 -0.0800205296979717 -0.0589068350710339 0.0676417842332646
0.303435585813725 -0.0612376191846787 -0.145977949817409 0.070945896451519
0.357089028296704 0.0500685254875045 -0.221936573695231 0.0367017663587927
0.349170728630179 0.169789383061293 -0.243752257478712 -0.128264826672844
0.235063041565985 0.32715550736018 -0.133939190164853 -0.247704646226458
0.0649533290812929 0.440657540156036 -0.00199062969819647 -0.286148566067576
-0.0174675174608071 0.467562914689937 0.169117720960769 -0.115214469711114
0.0519974069644269 0.353496377635496 -0.103313345769712 -0.131217802175602
0.0710376014435461 0.348682442174437 -0.2243229720644 0.440137548489685
0.15270061222155 0.320739003647639 0.278858985647172 0.31393580485365
0.360437575251654 0.236811250517762 0.161166269206908 -0.00655512813734408
0.404551215254318 0.0380880552922809 0.0108852763728921 0.108538055881208
0.315350171451145 -0.0979009911827653 0.105838627699527 0.173558208039945
0.22769031906538 -0.142298647710273 0.166842853236791 0.102431375449889
0.215151600402227 -0.121354887442845 0.110097000135734 0.0245991500010238
0.213872781775271 -0.1058035412802 0.0207290577428419 0.0196323504895482
0.29076441519513 -0.0760725549575477 -0.0548112970876384 0.020271050193939
0.366836822205807 0.0402291277681234 -0.123500082613657 0.000234576718061863
0.365707346488094 0.220457042870595 -0.165343343268132 -0.152955204955918
0.163373935627692 0.378901809148166 -0.0708208930066629 -0.289314281035218
-0.0157708673990268 0.398601359402062 0.0737344464669163 -0.370452321058183
0.00951650454535559 0.374522278871319 0.23472497046508 -0.241793431881764
0.142216178058802 0.235386367775518 -0.0862953971540702 -0.252011707240698
0.0732303011576988 0.206889204717497 -0.136997183707123 0.331095176805844
0.106683700458606 0.2569732771639 0.305282193857343 0.208717772678277
0.353420406731545 0.209536163852767 0.196608557236643 -0.00807119797075241
0.402874219627834 -0.0216801373839256 0.135575091210739 0.0885439733180549
0.276976204803107 -0.152452392968103 0.226779398284442 0.0962322241936019
0.176988862621511 -0.172927834304932 0.249463270383206 0.0169917696452786
0.158847033403576 -0.141572232617459 0.173739997126532 -0.026992587468223
0.160015003245574 -0.120842719517797 0.0857602207435127 -0.0238281421732139
0.234367432482622 -0.0875026435672194 0.0264015109787754 -0.0259050276234561
0.322470977039184 0.021314132535118 -0.018565306940594 -0.0326421155498452
0.31526363306776 0.237115933261918 -0.0565556763893565 -0.150857681954039
0.0489452417888731 0.354034119561588 0.0162956409091073 -0.285280108683784
-0.0799527557338384 0.272425618501529 0.169449608803934 -0.417550396973113
0.0588185719596247 0.233460584319068 0.310302269438522 -0.330578313526439
0.169531784743388 0.0642896414242771 -0.0896697649358423 -0.330567665297176
0.00178020952967799 0.0550014704119195 -0.0646481095100103 0.212962797569682
0.0160595180634022 0.193226501327483 0.27407631784669 0.110260312803857
0.28683334601114 0.168350783753338 0.20268354573656 0.00982285241293544
0.318280425649504 -0.0668794792833755 0.236612691954709 0.0583905434882759
0.180592732857331 -0.165204618345174 0.315365639869225 0.00560810703030286
0.094417951877681 -0.168337524792066 0.30339081972047 -0.0698837586509079
0.077564974692818 -0.14298721570207 0.214324838121141 -0.0773251866256537
0.0841933776064334 -0.127684273455754 0.129112427221943 -0.0646500075912902
0.157411224285436 -0.103359424155133 0.0888102204501417 -0.0681719185885938
0.255358989600391 -0.012178301659824 0.0789964023165425 -0.0561340948883055
0.234518046913147 0.217197125255908 0.0500324145993139 -0.113414273696703
-0.0565389875593192 0.256306783999751 0.0892010385767214 -0.237697406498576
-0.0843410621164739 0.0908549785564886 0.259119610340257 -0.425610233108331
0.138787968128312 0.0774220664972436 0.377529734966569 -0.371939148073079
0.145582729326735 -0.119266071000505 -0.0946100674157219 -0.353494077417838
-0.0892281076542135 -0.0744742470931925 -0.0206271650622472 0.116748295471923
-0.0727268522438236 0.124078999841517 0.218613682394429 0.0628235958908193
0.179318439140668 0.107434316061291 0.210493589495567 0.0465335796551912
0.177942769492016 -0.0895180790333188 0.304569268763899 0.0239023325720104
0.0519247076972136 -0.137243658487162 0.355129652393769 -0.0725362278298562
-0.00469539130374486 -0.128699453442434 0.318530840852574 -0.135137683353256
-0.0162888899367413 -0.122133007923949 0.224402650127195 -0.119073194929957
0.000790944490337101 -0.123276327221848 0.145074888832304 -0.10799516711446
0.0779082974275076 -0.119066756675013 0.131696155944684 -0.112462839720114
0.184796924609866 -0.0483495781710539 0.16131718584517 -0.0731870525469254
0.151024261125167 0.163631723660088 0.125568955336644 -0.0547803685673534
-0.108891536311087 0.110454706825061 0.113281856529462 -0.181574664082616
-0.00908631817444598 -0.0940052765235093 0.31884248450614 -0.42749192733799
0.233113018703161 -0.0627195490477523 0.412156071322642 -0.369543863005847
-0.251150447214019 0.211580708291336 -0.423510336161549 0.307255001770739
-0.0195848335501403 0.238365870001983 -0.35855320380949 0.535924017228672
0.0861256310540574 0.037683715405783 -0.0448371399539037 0.205620663167586
-0.0620035976885033 -0.0509820545411762 -0.142997465813723 -0.0135433801373615
-0.0986873095915038 0.0861915936343617 -0.232228752698402 0.0884169308883268
0.0168009691632864 0.120541724433679 -0.154171767737592 0.169812604964128
0.0824596484810809 0.0856281447615468 -0.110953209120389 0.158419462390263
0.109776781960641 0.0780602626086127 -0.175072375201226 0.122711146094844
0.0963118189983397 0.0732027718804493 -0.27150273228706 0.156924393909464
0.0643708907101971 0.076366217491942 -0.338693869421245 0.129188910510501
-0.0169433693486114 0.0818454158373909 -0.3346518342454 0.0368896700692933
-0.0521614592473348 -0.051839453768099 -0.236238439263986 -0.0533405894934132
0.144507866851323 -0.0468963934301194 -0.174713836711033 -0.0631859243130354
0.147349333825092 0.192176047833592 -0.0953656967194969 -0.0937763613847324
-0.117538519933137 0.316218733186242 0.0889578143879078 0.243985609867074
-0.254889260693554 0.297821835806058 -0.349081436776873 0.236249672048337
-0.0861299147294678 0.352233994971659 -0.385220439547844 0.564141944321821
0.0714924056328821 0.182463993248049 0.0183701599335423 0.270138308330926
0.0408067845271874 0.0564684203773313 -0.100831783734286 -0.0343013017163953
0.0189933915421911 0.106070951308502 -0.249430823537429 0.0977911374706369
0.105179731367923 0.0979451869103796 -0.14787019997395 0.21152212056315
0.151309647552651 0.0374091820519736 -0.0698909877180684 0.18933891737312
0.180376844847305 0.0170390977671823 -0.119498987756457 0.124673945089364
0.172382314804124 0.00937368522424763 -0.214506569933293 0.150850952548986
0.179362145077724 0.0134664057527596 -0.293925590271534 0.143397622029809
0.144732591350001 0.0685185616754816 -0.32869898467407 0.0650231347366321
0.105535677322985 0.0254823167429116 -0.267182941104376 -0.0684783986520189
0.204000793601758 0.0799479683331237 -0.167634833436507 -0.115665235202472
0.157283660505722 0.305290315778865 -0.0766683736597755 -0.115623747084694
-0.0657719684617372 0.436939261781016 0.0991923619760889 0.152777864621607
-0.188168193023068 0.362643793039612 -0.248172254383475 0.136685315687616
-0.0759281953306223 0.423712900905915 -0.36187390096421 0.566106545998385
0.0867418458321994 0.298512792993156 0.104742452912476 0.341914445811646
0.168889069859891 0.162931199260679 -0.0181625924584075 -0.0229373527782045
0.171444696924124 0.110193714941311 -0.207607949264582 0.111863909472311
0.203799491275345 0.0466767504101834 -0.100954423730457 0.23225184643478
0.205704713420242 -0.0244522151380494 -0.00550189999202679 0.193120078325036
0.223302451361764 -0.0421465750583462 -0.0461435652862305 0.105980836320132
0.220567262077127 -0.0471200473957177 -0.138492306904825 0.116474828746432
0.26260225535327 -0.0380927522051635 -0.22561735772818 0.120518161252326
0.279351861764931 0.0504674996373035 -0.28930146533111 0.0675773095941868
0.253714402861601 0.09551615366513 -0.275803439817652 -0.0902133040502053
0.245592122357461 0.211336361522036 -0.165530141099466 -0.179312441544372
0.134155424156717 0.39765218932112 -0.0519115083378535 -0.187583920371101
-0.0292257404949353 0.488518241436749 0.122115090089834 0.0233838241956133
-0.0689339870113878 0.389563205265476 -0.158467712528609 0.00992098127897206
0.00600966236829576 0.426721279483266 -0.296421722949709 0.524161040073497
0.136668829249627 0.3448216490047 0.205031532048983 0.361169550393492
0.293456110573196 0.220590161208434 0.0783249525166059 -0.00917573410762013
0.319101168920919 0.0804258233463151 -0.11071705869779 0.120824947836838
0.282879474703414 -0.0276963802918944 -0.00707678137952079 0.22113412807918
0.232015079968996 -0.0914959648496836 0.0785606235983686 0.160685310450495
0.233625221809626 -0.090822755885628 0.0345640021621595 0.0689174932363293
0.233477288474723 -0.086071545911209 -0.0570844315049918 0.0683317242168055
0.300385832344582 -0.0696997286093462 -0.141320732343002 0.0745255049598173
0.35794339989729 0.0377622333761153 -0.21657493923207 0.0417407320133842
0.351933084053455 0.159508165844386 -0.244248440167451 -0.119256910661321
0.242692347349979 0.319120105917735 -0.140110402923537 -0.242698213071005
0.0766299925644967 0.438287630875525 -0.00843244723903229 -0.282777296811642
-0.00530210428072437 0.46542129258632 0.164199390964532 -0.119266681211812
0.0579732136193034 0.346767021282489 -0.10826401958221 -0.127859109451656
0.0791717875106747 0.345871140269704 -0.211742749355081 0.443603647956101
0.158773582831428 0.315512994909211 0.282307988052648 0.304822457784398
0.364799873638385 0.222811058759427 0.154087757033409 -0.00960537373487078
0.402841484578065 0.0236417625688033 0.0150466575672421 0.112849455923962
0.309801884860349 -0.105469211417343 0.11318149459159 0.170236024325729
0.219755365729714 -0.146266237478864 0.168552750638835 0.0956042832225302
0.208548308936647 -0.124926002199216 0.110400923798059 0.0211198825776411
0.209166231879914 -0.110245965806204 0.0205865335153632 0.0198648826336697
0.285974490097433 -0.0838599960863626 -0.0530308204705671 0.0221808387868455
0.366612308539868 0.0268671771219486 -0.11973083418746 0.00324904728869748
0.370504798815854 0.206736281845991 -0.166410721450971 -0.145333931584642
0.172673750397426 0.372976023652222 -0.0776845234579746 -0.283976187928096
-0.00542094293478802 0.399131375528831 0.0642698687181369 -0.367926644380095
0.0185431713925006 0.370510508478023 0.226104140577855 -0.245658752128397
0.144636215964298 0.228233199940811 -0.0944303381436574 -0.247744670126757
0.0778405250501598 0.205351179234502 -0.128217064267684 0.333695845633536
0.111803254788926 0.254726782010396 0.30500195505188 0.200083530005067
0.357724085755388 0.197273965546243 0.189911933377977 -0.0111742671478242
0.399433074118852 -0.0369139048693574 0.138876348570925 0.0898003550262307
0.269468467323957 -0.15802875777264 0.231123907602304 0.0889862857283757
0.169062095998843 -0.17511139347997 0.246904324427606 0.00863211532398696
0.151837843847919 -0.144157262507283 0.172713946824284 -0.0304665813296207
0.152999880949074 -0.123883748929786 0.0842739954716268 -0.0242312123472328
0.229573336578019 -0.0937622104667566 0.025299567358782 -0.0256672391357935
0.319435708793731 0.00898773020654184 -0.0156311592382326 -0.0329665594664078
0.319576895856336 0.225335397337631 -0.0577659629750985 -0.14622505752486
0.0585723124686799 0.351202800376497 0.0102567550459919 -0.282149493250249
-0.0726305396657661 0.274411111373807 0.158117822078387 -0.415663612029449
0.06277557483998 0.228022950525765 0.301496756677047 -0.335355843246367
0.16789354459414 0.0585131306909352 -0.0989883595840576 -0.32464148040142
0.00232168881059483 0.05627772699106 -0.059814162594236 0.213903844882898
0.0207920852997562 0.193669593854123 0.272278632755947 0.101526759217444
0.291059766593676 0.157175563524161 0.198440437590081 0.0058998504709168
0.313931369059236 -0.0784364972358583 0.239660916391546 0.0560267194004374
0.172326148162148 -0.168499338469841 0.315442555189905 -0.00339755873687211
0.0863680901097473 -0.167704331459378 0.297337100964928 -0.0781241072754664
0.0711310939288401 -0.142873765222587 0.211683424090227 -0.0817146678696042
0.0773755801923589 -0.128110736495191 0.125690708268272 -0.0660348039201312
0.152548610670221 -0.107729797475234 0.0852357386852432 -0.0705156011673153
0.25171497116548 -0.0212543701203847 0.0798040161277677 -0.0596521920372124
0.239903215412756 0.207294635988451 0.0499402673880707 -0.110474696358852
-0.0491250659370904 0.25751666957121 0.084532994669907 -0.23507462773566
-0.0829629867683745 0.0934679530360967 0.245254811794832 -0.426785431732811
0.137521600836785 0.07174833518501 0.365347100128066 -0.37814377221031
0.139829986334647 -0.12228086606574 -0.104821529796843 -0.346317295668321
-0.091037111010139 -0.0704115789964952 -0.0188547396847809 0.117616028444024
-0.0689919943024581 0.127041577888129 0.216567528490675 0.0557892396576279
0.182245891516711 0.0997062725183791 0.208458971672253 0.0426245960662085
0.173468826819579 -0.0959543411243904 0.305842449099777 0.0182417251881808
0.0462945204697204 -0.1359435503062 0.351233425377569 -0.0825749192763141
-0.0114184416382339 -0.125560683076593 0.309322730145304 -0.144116601825039
-0.0214730641425825 -0.119033121711 0.22065305456109 -0.123367728684473
-0.00562091196544118 -0.121080840712574 0.139799721516417 -0.107977762260612
0.072075002738832 -0.120479037775299 0.125382409457845 -0.115454252850289
0.179900633657293 -0.0543895237955251 0.160129795308617 -0.0789866827885013
0.155590003023835 0.156484956165899 0.126666704002556 -0.0553278135051346
-0.105763541349697 0.114717978261236 0.110459961240616 -0.179063234724765
-0.0137189550290452 -0.091920337941766 0.304203083129251 -0.43004630400115
0.227675975187124 -0.0697318464321536 0.400413450638318 -0.374094002326203
-0.279209854076405 0.14790926223694 -0.474313021620914 0.223917116467043
-0.0607761552021826 0.214582564190499 -0.452989782521658 0.456603947019261
0.0739924287425242 0.0476709373219177 -0.0840548024903426 0.188694520657077
-0.049294121815119 -0.0601314889928914 -0.139822742331448 -0.0424553653257156
-0.106633847553215 0.0646551385301925 -0.242665089629901 0.0459070802571462
-0.00385430062426703 0.117858474053761 -0.183449377505157 0.139502368602617
0.0657037945692659 0.0971842932277559 -0.13668112633802 0.135023760241626
0.0946619142983793 0.0957978813006915 -0.193421890028893 0.0831797421702522
0.082088863476949 0.0900166998457298 -0.293816887508022 0.101195339367443
0.0490880650422443 0.0869114638024617 -0.351139787971939 0.0622326315385592
-0.0298498226487934 0.0775650707900132 -0.332704414673798 -0.0245985536245899
-0.0404529488408948 -0.0564367573783167 -0.22275120626007 -0.101870460327464
0.150457533028211 -0.0151381016606653 -0.157446228616186 -0.0967560364740573
0.103851116450105 0.216485307884202 -0.0789749167918048 -0.106021932172812
-0.177119613887961 0.286391707612749 0.0402847023012664 0.261161383741167
-0.298578990137684 0.230582723445134 -0.390791907126456 0.169632914430426
-0.144256951875997 0.312557285952092 -0.4860387110659 0.476022740865821
0.0315398099532607 0.18431587367219 -0.0390968125695326 0.261533504344007
0.0283651530174298 0.0591236154867277 -0.0975877078771094 -0.0528871222845304
0.00151161276655443 0.10378072948562 -0.262343927477223 0.0528528550561266
0.0858255901482037 0.111779871998049 -0.185096365136624 0.18307766412499
0.14055186644131 0.0627649098618238 -0.101587170979403 0.172670483166812
0.174326183266199 0.0490611720546684 -0.139446314878453 0.096407882887663
0.167851401664583 0.0421449685569046 -0.236480573957844 0.107151525189393
0.172118482088214 0.04812358629376 -0.308990618822554 0.0841792208720772
0.129840792001832 0.0949114703770342 -0.326155259699139 0.00363193298860885
0.0945129853706663 0.048795549205744 -0.244571235797325 -0.119683860247328
0.181469672307522 0.12252495871845 -0.138950526234975 -0.143353675990542
0.0898357597364185 0.331267510910515 -0.0572195707155033 -0.124026930943382
-0.15182975167973 0.414772703857555 0.0696923204828655 0.173075433057404
-0.247682219227949 0.307001352633922 -0.272781696727424 0.0906088683658721
-0.147404315710459 0.381694967548418 -0.468940113120444 0.481700081618206
0.0244485978095214 0.299095710444207 0.0273274871633622 0.348730960007817
0.130008047597469 0.182332093352298 -0.0223091042610716 -0.023277128000177
0.146852720111784 0.133999813519142 -0.225491088993338 0.0746131031453214
0.188901870351187 0.0802266100533213 -0.142174772323031 0.215368534427976
0.203722846897794 0.0125307652206369 -0.0383608487365685 0.189642276445177
0.227748877468024 -0.000874559817165664 -0.0646116253746113 0.0920740587845812
0.224730075182092 -0.00167023461436074 -0.155824114804566 0.0879302885025273
0.261674133921438 0.0131848455563146 -0.235130708261006 0.0751792954247982
0.263923843844441 0.102334021577035 -0.282023732950706 0.0128035337466354
0.222342126896853 0.145294500811887 -0.243552945552912 -0.139150076594074
0.19412844593615 0.260020933606895 -0.122453021850035 -0.201800163869467
0.0479432270770694 0.41589025562897 -0.0194931142750561 -0.189240955209681
-0.126110086440363 0.470872824832561 0.119223569627876 0.0492001347191846
-0.138896750301977 0.355200500450124 -0.161248201522324 -0.0153699335864407
-0.0704031973183434 0.401485109214777 -0.398016270660149 0.457765770016843
0.0624198252992424 0.354070000110054 0.117543038960316 0.387827611907604
0.23764897657177 0.259676403639777 0.0681529857518635 0.0111206186476029
0.292102092218864 0.131841159421753 -0.134458332372931 0.101713896876424
0.278108027424157 0.0225296205333057 -0.0479055633677435 0.222788409339595
0.240359206298148 -0.0475086376840317 0.0499801769493648 0.173908575881457
0.245631295361257 -0.0471436001969185 0.0202226173111789 0.0718059006992097
0.243796086054984 -0.0374754217039083 -0.067262034973185 0.0568292344336433
0.304237264305058 -0.0107596621619807 -0.144768676178297 0.0464718350885465
0.341470424422409 0.104691394293516 -0.203611155052091 0.00165991249423337
0.304453608772272 0.224816416033704 -0.202636352658187 -0.158772821964725
0.167790416542615 0.36380011703276 -0.0850483722805438 -0.254736023864932
-0.0166350479097688 0.443069646001683 0.0419005903616314 -0.275311570172889
-0.0989178399845632 0.450889073008638 0.190633610433419 -0.0845490690080949
-0.00897623249637547 0.340653017850663 -0.085826769878606 -0.139893866840377
0.0146032243961336 0.337774790061649 -0.2983148343743 0.396836221369058
0.0882679744820036 0.333444485542854 0.204235769285796 0.349511324827055
0.304761283434392 0.274290078582033 0.142159608083732 0.026434148985851
0.382519929136343 0.0918016901850235 -0.0110881404710306 0.117858424556491
0.317765941168153 -0.0462473296811641 0.0809926094102402 0.196417541487176
0.238129924908341 -0.103061665172546 0.150122111123436 0.126323202376293
0.226668849602649 -0.0845936031379084 0.103290170442439 0.0411353446039657
0.22370769429846 -0.0653047548295901 0.0173129449672729 0.0251582150914741
0.292091813010051 -0.0271031380691583 -0.0498648001882401 0.0122862124231241
0.350212065021945 0.0963588732639239 -0.101343242694559 -0.018434135340863
0.312163905186122 0.273176740722851 -0.119605821072309 -0.166849954466834
0.0874019020412576 0.400772979220698 -0.0166405571718568 -0.282300577981288
-0.0885611281464095 0.386919108907001 0.130036911793041 -0.347564427901093
-0.0583424149052498 0.363194481136844 0.278782766830518 -0.197442697276166
0.0963955147086844 0.244116924790681 -0.0500771398149352 -0.255340501867629
0.0374346933021229 0.205978767896107 -0.191843564689079 0.305629476613596
0.0566061782004782 0.267486987790253 0.247613575834978 0.251318719510561
0.303348359254497 0.248507149786491 0.177727036852857 0.0317071731996516
0.388501827118644 0.0331436737525023 0.114672699042477 0.1177936861717
0.28656697956471 -0.104896582517063 0.211763628229965 0.137824293567134
0.192181300128521 -0.139569151745312 0.242296869730984 0.0557204608074507
0.174248891110107 -0.112672572444804 0.173892556648663 0.00267046337796331
0.170570266471675 -0.0889486128178401 0.0875132022210921 -0.00496595146499502
0.238871378648532 -0.0485986925217276 0.0335118494978972 -0.0197796518696839
0.307433699591235 0.0690367814622785 0.00434788420258445 -0.0344615537454788
0.261140727758648 0.27827196430356 -0.0146500747593635 -0.144629584821696
-0.0193445932559611 0.35618178346297 0.0672417656704644 -0.262410792978521
-0.129402787410364 0.251083104209753 0.232717788384008 -0.379565225374161
0.0132924886300807 0.233369668219805 0.372884695523714 -0.272857815126315
0.151911191495411 0.0875912224933366 -0.0395970768160961 -0.332556831807151
-0.00910998024659148 0.0531948830690498 -0.0984750607998987 0.199823453807111
-0.0182839714115953 0.193419792274159 0.237412916066449 0.147456150746846
0.246442100585552 0.199537927265594 0.185463834724911 0.0484363757061198
0.312387145789655 -0.0217426780792568 0.220879405736651 0.102307077488289
0.193809419491113 -0.130605629076139 0.312261178834664 0.0596213176333354
0.11007155058531 -0.14757150343988 0.307805622904661 -0.0204984561079056
0.0938953036681783 -0.125854461724421 0.220961530542395 -0.0390082350483841
0.0974609291716413 -0.107820833141302 0.134553752877086 -0.0386964862176781
0.166019576311635 -0.0751486634930486 0.0976026885981027 -0.0513961620314972
0.246721838265941 0.0261156415645606 0.0990647064967286 -0.0443814889738367
0.188537917557001 0.24384086615985 0.0812754375942213 -0.0894289559683764
-0.104652046575686 0.240738929446851 0.128157675822708 -0.204124748426484
-0.102862282137427 0.0717130987844364 0.323530088293774 -0.375699637469207
0.117707371231113 0.0957312861498241 0.44597069915433 -0.302453776581729
0.159910296662426 -0.0896607641479954 -0.0405937846364294 -0.357904787373124
-0.0768375397268955 -0.0818494767799636 -0.0364114635959631 0.109157012090736
-0.0905076917649936 0.114180569274364 0.194699200215455 0.0901764037383692
0.153554097119906 0.124978264146744 0.191460195938555 0.0824393760158638
0.178934094783415 -0.0619015190605545 0.293081508710106 0.0752683344567063
0.06499283992707 -0.121318936514887 0.362463730799519 -0.015070498880983
0.00797312946495516 -0.124016991146273 0.332164217851075 -0.083104498890764
-0.00213583677881841 -0.120404760833752 0.238000040314023 -0.0776120129436733
0.0146970019396373 -0.117006803659152 0.155434851036965 -0.0772582407149386
0.091467797417339 -0.103291860150159 0.142669916019118 -0.089864212094594
0.183347987917237 -0.0192589245875997 0.177805650356853 -0.0496386120491453
0.118978200935048 0.179085783246091 0.14337544807501 -0.0217458555536814
-0.12901127985187 0.0905386219608888 0.141646807871189 -0.147412535232963
0.00219949803125235 -0.0959652299141447 0.384130750510118 -0.366002906068796
0.234667091319639 -0.0222328223019535 0.482482538410045 -0.29191028721815
-0.270863201871337 0.154153863011098 -0.461599861054992 0.229662262245087
-0.0536173513220171 0.212390565226137 -0.432286341476111 0.457119233063567
0.0733818309235579 0.0435162468423934 -0.0790133142068244 0.183314285423113
-0.051614423804621 -0.0570513325137942 -0.14252195452995 -0.0399394111752202
-0.10285726670413 0.068941286177039 -0.239253695503546 0.0525849585796387
0.000488840937448569 0.115950795377635 -0.173940470509417 0.144533759207924
0.0674333365150741 0.0920919912496094 -0.126421910619146 0.135008609412865
0.0971533024920376 0.0892547263080731 -0.187779441402921 0.0856648700886233
0.0852375762398739 0.0861133519937868 -0.286116749952976 0.108230064803379
0.0508697867952381 0.08449998307414 -0.342901795854338 0.0722809408828064
-0.0251053339221043 0.0779802476478458 -0.327525804707098 -0.0149847815896226
-0.0419636653506153 -0.0523922676510794 -0.221365028446797 -0.095176721673821
0.147789175977752 -0.0193156082494091 -0.158278879385651 -0.0907731424683919
0.108243895065267 0.209739906052552 -0.0814859226619293 -0.100717118467453
-0.164508877554005 0.287773403652561 0.0478615261828501 0.252005560317117
-0.288746171988347 0.234618909067519 -0.379951940623467 0.172876033228957
-0.133750930654361 0.310048116149123 -0.465436244579507 0.47808958801598
0.0349883007652569 0.178766729756222 -0.0335891986979126 0.2552665643516
0.0283258751506236 0.0569948281771166 -0.102300821093987 -0.0513135121224576
0.00502531836405445 0.102833657492032 -0.257384330950292 0.0621946571420425
0.0876741664365043 0.107606344126289 -0.173159557960284 0.188727600129566
0.139294776309688 0.057497054486701 -0.0906346383398484 0.1708210015576
0.172940331747446 0.0415097716327212 -0.135225575429158 0.096712576845708
0.168695163866024 0.0372745744608149 -0.229180703712621 0.1117100376222
0.170124041942193 0.0423918931044061 -0.299237247164809 0.0927686487622014
0.133091274462453 0.0889587233722129 -0.319587793713373 0.0124853752310727
0.0939608931107359 0.0469042931360514 -0.243621561543997 -0.112233823580238
0.182282624935904 0.115221196053545 -0.141752723525335 -0.136897984622408
0.0986606274525653 0.323529318790245 -0.05965871593031 -0.118792836154425
-0.134705993980271 0.410468340814088 0.0732932011200675 0.165292712599275
-0.238124557634079 0.305464505590198 -0.266794321723028 0.0928315739469728
-0.133392589686208 0.380350723317721 -0.447119615013498 0.483746736546041
0.0302957053760094 0.29194722559867 0.0339366336108795 0.340221276693981
0.130941900796512 0.174206409012708 -0.0273835513890166 -0.0230345745749881
0.14782435038424 0.126941096241623 -0.219701746650965 0.0832466382683423
0.18855972881296 0.0728984123944676 -0.12997897600178 0.217173359032057
0.199681036108339 0.00715813909892492 -0.0291313496244443 0.184443148633538
0.222635609576423 -0.00814166499580621 -0.0609214300238243 0.0900804699855809
0.221689578973233 -0.00837899847740417 -0.150907111528177 0.0906340716783323
0.258119921170776 0.00526091226167577 -0.22788607965581 0.0815110999765024
0.264585210432858 0.0921674431077547 -0.275364483528734 0.0209397737284837
0.224106883939766 0.136904773717806 -0.242666762253224 -0.129718223012958
0.199203429514853 0.24954821774651 -0.126552742685919 -0.194113372189275
0.0590806842392394 0.409557671538404 -0.0232528470128067 -0.184256291924326
-0.109932561709885 0.465273681104785 0.117996203144018 0.0437805290876045
-0.129474579565892 0.352335797572753 -0.160042454078431 -0.0123556405575448
-0.0585585524231695 0.397526792638123 -0.378869035954235 0.458410964989939
0.0684274400617576 0.345542241913435 0.12413540687531 0.378241601124787
0.240180415155475 0.246418191672693 0.0618775158500814 0.00952885829657408
0.289838992875712 0.119548626644012 -0.128398674293379 0.108375902883414
0.27396463115543 0.0139698536584371 -0.0365327241166509 0.2220370748026
0.233233340172861 -0.0526217826275976 0.0557323035464537 0.167627701640433
0.239123028730454 -0.0530496785218541 0.0226644474691138 0.068795720641174
0.238576290785639 -0.0435451985042448 -0.0641177662313132 0.0585840390204804
0.298613924920809 -0.019448729958632 -0.138381053533743 0.0506725547062252
0.340538994106307 0.0904922738967049 -0.197154681864091 0.00682009360486974
0.305643043614535 0.211468413535414 -0.20207923457826 -0.149604103711893
0.176473296019433 0.353335055031812 -0.0909759754406405 -0.247309669785625
-0.00497811230809512 0.437976770524916 0.035032760353859 -0.270095272172759
-0.0868877899806004 0.443504844523534 0.18537900356039 -0.0871458861524164
-0.00180891403650063 0.332175982117986 -0.0892378623258779 -0.136364223043691
0.0238607385094124 0.332710820147013 -0.282468553588981 0.398811925402359
0.0946359127012983 0.325685660924668 0.20749557114045 0.338073431838969
0.307136262824821 0.258973350479544 0.135317283244807 0.0237367928685302
0.37812901534217 0.0764765439076547 -0.0050200114314914 0.121525493969328
0.309512845675319 -0.0551641225994887 0.0888075528547065 0.191716467508969
0.22883388148808 -0.106658495057743 0.150943477284143 0.118620974084569
0.218957549475765 -0.0883839658252941 0.104200667771321 0.0367172265500511
0.217128745920387 -0.0701260459348791 0.017885543644309 0.0251934526611339
0.285554436024261 -0.0357430370924138 -0.0471105641380072 0.014428552478592
0.346346276819746 0.0817850833266094 -0.096753633073607 -0.0154714504713802
0.314404198729229 0.258102631302113 -0.119600316570068 -0.158422431154819
0.097949675611478 0.391919047578225 -0.0227652300368578 -0.273997472414243
-0.0772233418526875 0.384165256971494 0.119919786908992 -0.341814069942366
-0.0487755738622745 0.355211429851857 0.268817352289967 -0.199762655292458
0.0995186515744028 0.235669633815041 -0.0572936296645411 -0.249924365228615
0.0420383981325776 0.203298193325962 -0.181520787869646 0.307331668585138
0.0620313183045075 0.262676752509559 0.248851556625349 0.241133864689986
0.30606460846662 0.235696870985833 0.171649421821976 0.027636875464139
0.383154709544048 0.017958295764172 0.119453590772608 0.116507753787265
0.277803729958622 -0.111018686329019 0.21575432824338 0.129268544519341
0.182978800159946 -0.140946325171991 0.238120669279911 0.0475405408122274
0.166377932600887 -0.114891173752122 0.171485464315055 -0.00254554397465273
0.163353515662599 -0.0914216485051846 0.0864410909741039 -0.00566124284268969
0.231955210196868 -0.0542947620266402 0.0332397314271439 -0.0191899530492873
0.302624805797612 0.0565739161080902 0.00607042140387535 -0.0347560112157419
0.26476358513021 0.264046716479429 -0.0150445467825572 -0.139152881326789
-0.00963239181872568 0.349234424130601 0.0607204100911793 -0.256827026837928
-0.122271517024857 0.251196896095412 0.218704885410413 -0.376722980737418
0.0176181095204279 0.225814697182744 0.359081935692208 -0.275914963669944
0.149623205234015 0.0807813491372787 -0.0485737468170319 -0.325450202140822
-0.00703077757467753 0.0544176248531003 -0.091837325900356 0.199932841665328
-0.0129506299128871 0.192488447520897 0.236070218164935 0.1385754589571
0.249050928421309 0.187650108535405 0.180995782773498 0.0438641525457377
0.305084824859013 -0.0336413206036425 0.222445152527554 0.0970523301254419
0.185252680783456 -0.133149529931249 0.310617083846075 0.0486594949258127
0.102166428301232 -0.145603281776716 0.299171236250011 -0.0294779781519728
0.0871071687425814 -0.124600830623696 0.216855626470108 -0.0440114711881482
0.0899053474031314 -0.107500699514065 0.130717521732423 -0.0393434452557231
0.159831952349113 -0.0799052577377247 0.0937135269066665 -0.0525952647276048
0.241661789049073 0.0166412235687953 0.0983241571150484 -0.0473339360647359
0.193205065787104 0.232607259078792 0.0805036843720141 -0.0874292467253936
-0.0966146984036534 0.240510056967014 0.122963382731428 -0.200573792437282
-0.100750995091299 0.0744751307776279 0.307257058178975 -0.373954047074118
0.116462948901226 0.0890809317943798 0.430058682142632 -0.307700724762816
0.153003628330065 -0.0921700310173653 -0.0503125924197736 -0.348100941486535
-0.0776947699871303 -0.0767043973946808 -0.0330711793293422 0.109168950015894
-0.0858817381298903 0.11646741962927 0.193433108633785 0.0813753597996564
0.155335584130319 0.117322802277499 0.188918057302597 0.0776980070150231
0.172703671547571 -0.0681237337402074 0.292177553084283 0.0697060000701829
0.0592108245457289 -0.119853846463046 0.355604507049385 -0.0256267215282191
0.00248127602091261 -0.120362583624837 0.320586530274536 -0.0917621324831512
-0.00646835385731183 -0.115985069496755 0.231308712452781 -0.0823789985908275
0.00894633843562448 -0.114093801176438 0.148966775872358 -0.0783730107144426
0.0855278924171615 -0.104586692490949 0.13525370139219 -0.090826876620177
0.178791561075006 -0.0252566474591137 0.174338382583584 -0.0562499908887693
0.124129575101887 0.17118742084263 0.142912824402993 -0.0228392259435443
-0.124701140498211 0.0941902873791437 0.137415343589851 -0.144415412889816
-0.00247502969175736 -0.0937589032042821 0.367552502073701 -0.368402080044558
0.228276892271791 -0.0283354882345363 0.466847947931324 -0.298557037683116
-0.262410373140671 0.155406068820363 -0.45054576237698 0.226796098690135
-0.0495812810330615 0.208663995327572 -0.416787709991037 0.450301796434208
0.0721262011051248 0.0400770752912799 -0.0779566109208826 0.176595805689868
-0.0529462978337308 -0.0551198956074312 -0.145348065854885 -0.0388309921005454
-0.0987012594834157 0.0709330806097049 -0.235773475080465 0.0578099952215837
0.00302593858542816 0.11356776334681 -0.165202187776077 0.147566501767583
0.067058943663494 0.0884126488473544 -0.11763173505882 0.132829695036744
0.0972997723231639 0.084470021876683 -0.183161795407459 0.0854688612650555
0.0879254071501139 0.0830652450783721 -0.278986737501289 0.109976192688774
0.0516045636612494 0.082431823602752 -0.334836352172532 0.077360080223143
-0.0209330391412439 0.0773536589341798 -0.320529977316735 -0.0101630527681875
-0.0427196133160541 -0.049223948540973 -0.218225400356632 -0.0913832703092911
0.145193969674606 -0.0220073056242258 -0.157183828452281 -0.0862209039433322
0.10891407414226 0.204362125865756 -0.0817942379331952 -0.0965831491905868
-0.155372099769821 0.284165238561375 0.051707099804442 0.242683355909941
-0.280940041408417 0.232804777491005 -0.372089193611265 0.170696389175833
-0.126454032702365 0.306547249740921 -0.449834257888311 0.472390284861802
0.0358483846962134 0.17351994849581 -0.0317259920245328 0.247951300406416
0.0267753154760547 0.0547085453668381 -0.1063462809413 -0.0494389695607399
0.00652677163564276 0.102002803728316 -0.25206896818538 0.06745233346783
0.0885951177546156 0.103283219632131 -0.163737619223245 0.189631322185941
0.137090617413939 0.0545506234295229 -0.0826697438015356 0.166297021655788
0.17009849511511 0.036939721143117 -0.130664925737808 0.0945742838462123
0.168382361001177 0.0332806162381551 -0.222941534025039 0.111859700224149
0.168507309169679 0.0385451802753839 -0.290186633772081 0.0977656077031951
0.134319597295707 0.084365822778136 -0.311162414093338 0.0172693289482017
0.0931703307126143 0.0450606073157861 -0.239406913320397 -0.106924387281822
0.180921581159756 0.109438090282648 -0.142129978606314 -0.131237021555292
0.100617506074619 0.315679687169361 -0.0599536552474405 -0.114075786196592
-0.124870892044425 0.403266325605494 0.0750408705649115 0.158979187477242
-0.230955346596394 0.302327630401133 -0.261705949623135 0.0922721720223648
-0.126008937318019 0.374385545197247 -0.431282139706377 0.477634601890321
0.0317854753941775 0.285152702693797 0.0362550221747205 0.332329363008433
0.129031278230229 0.168024594395229 -0.0322537708031414 -0.0226582432301215
0.146388782613939 0.121900375994166 -0.214264378356755 0.0885687030832942
0.185840829125866 0.0680742559740849 -0.119750747026026 0.217806340506282
0.195081750671616 0.00429190000023269 -0.0229593566085873 0.179732242298656
0.217406658835147 -0.0119730063017425 -0.0585225725511735 0.0879669198053817
0.219418343922909 -0.0116860674426646 -0.147192281188053 0.0910427290574397
0.253159578281069 0.000859403343595152 -0.219200698689018 0.0839910924417603
0.26273436886095 0.0841400269121546 -0.26779172559178 0.0242408085906016
0.221683149966857 0.130267491566925 -0.237850326603086 -0.122000528215813
0.199253468257152 0.24201148723874 -0.127475838876579 -0.18779303789221
0.0624562536686741 0.400831307582819 -0.0238678280859037 -0.178504888470058
-0.101006277866494 0.454869606407952 0.116790365648158 0.0405481470815297
-0.123778908274917 0.343616884600826 -0.158112631278737 -0.0125910911394214
-0.0504984602995103 0.39164388741426 -0.364548445449792 0.454542178350687
0.0698908736513483 0.338601583548792 0.125549992573295 0.369994479183477
0.237549262592751 0.237429606683835 0.0565048806275088 0.0086146681127779
0.285350289799318 0.110605911042884 -0.122933159306105 0.112235058852806
0.268489874135709 0.00880009556336889 -0.0282443572627214 0.21955346146543
0.226533561236428 -0.054418064805892 0.0584029177007066 0.162099101509715
0.2328653078274 -0.0555838069462648 0.023267028787213 0.0663534617300811
0.233877174106493 -0.0467707970397318 -0.061669788541625 0.0581554519988516
0.292425953876713 -0.0242539787542833 -0.13299198030014 0.0527613369912506
0.335118612570145 0.0811839897240284 -0.190522543708558 0.00976521785149717
0.303691488925225 0.201173974076619 -0.197858252463018 -0.141595131194662
0.177484606595806 0.343158372997161 -0.0922841826500775 -0.239968690358602
0.00118082145302004 0.431093612912664 0.0319469626959676 -0.262950564881749
-0.0783888141058246 0.432204028873662 0.179705481969398 -0.0878761990333783
-0.000460334789737573 0.323840281132328 -0.090396212692897 -0.133098293643183
0.0276889330761193 0.327503371969031 -0.271542773625725 0.395063721595749
0.0960104971621418 0.317669513859889 0.207335295402316 0.33070923320683
0.303933637959765 0.249105266158013 0.128809055548664 0.0220323439257399
0.371841956788753 0.0665516533816914 -0.000952946913479592 0.122719831318765
0.301919129159592 -0.0594704960656389 0.0946911084349016 0.186645754029986
0.221684761664 -0.106366032827313 0.149844004209888 0.113659729282836
0.212381300420691 -0.0897824968424614 0.103777728710067 0.0335129683790346
0.210923012309331 -0.0714710640826461 0.0184214512078671 0.0256261142328218
0.278840599335283 -0.0400917791105117 -0.0437868496731938 0.0160758009991018
0.341123426894209 0.0723366470036704 -0.0923426763673603 -0.0143234766086036
0.313053380088224 0.245242953369361 -0.116863270398817 -0.151239409411294
0.100384666006487 0.382699522932422 -0.025445871222137 -0.266826050235089
-0.0711997820383988 0.380504896997108 0.114546809022312 -0.334807866581906
-0.0449405513860511 0.345934545956673 0.261172338650601 -0.198464861790173
0.0985702542069271 0.227788698962941 -0.0599320701542657 -0.24369291320997
0.0452455393157519 0.199619706005547 -0.173057130366426 0.303529456168908
0.0630210715533597 0.257503016582214 0.246228645332228 0.233897785213568
0.30409364443047 0.224998722882193 0.165309447723966 0.0262983492684035
0.374411033403945 0.00944123518525973 0.121691633855344 0.115575972833758
0.27042527354838 -0.112731075708959 0.216936910681149 0.12245194299109
0.175419055861224 -0.138999935487383 0.233197554751506 0.0424582479532158
0.160348799980001 -0.114028832190193 0.169163712233215 -0.00565225118219031
0.156641324185784 -0.0904339306267448 0.084975641481785 -0.00510138407980654
0.225436966645143 -0.0575519259171099 0.0333181098716057 -0.0184103527423349
0.296416035125361 0.0477315779303006 0.00774887660046823 -0.0354708518340964
0.263287714148754 0.251943347575853 -0.01423693669343 -0.132482553187834
-0.00434311751085411 0.344263431995497 0.0574885168092595 -0.249986619809007
-0.117003946720277 0.249651219904371 0.21091344734981 -0.369439433550097
0.018397008520673 0.218292890424743 0.348237170902645 -0.273408583125897
0.146415467646188 0.0754957735502028 -0.0529794100295658 -0.316842131772333
-0.00549521491426826 0.0542093600408105 -0.0868515102660015 0.198935254312011
-0.0102822969150839 0.190158370863552 0.23195925278693 0.132073704708898
0.247673160933837 0.178076135449326 0.17559098845716 0.0415289980548718
0.297661818653072 -0.0407347301775121 0.222666422332198 0.0950276100576323
0.179082065556706 -0.133222245110509 0.306674530912014 0.0420250928716336
0.0960592723938268 -0.142406743905074 0.29050535508554 -0.0335832782569546
0.0821548981416198 -0.12178068895231 0.212706982759432 -0.0464586610177353
0.0839279359492163 -0.105390708355694 0.128236575801914 -0.0384460645355629
0.154078330233074 -0.0812606096926994 0.0907043424514805 -0.052163087410253
0.235813691554769 0.0103356811997293 0.0972842506566054 -0.0489524946380288
0.194629075999529 0.22189181634193 0.0813793198689493 -0.08382435952122
-0.0913718776842269 0.237895806862717 0.12028136222794 -0.194988732669836
-0.0988192083585458 0.075104367794899 0.296974836650157 -0.368136638691139
0.113465991378673 0.0833252874606894 0.419503289985631 -0.305989166323341
0.146606789006592 -0.0934402820835109 -0.0539480433419276 -0.339569697356868
-0.0774375607972272 -0.0733413814990877 -0.0299198205127352 0.108710750271615
-0.0816259544199928 0.116789597021318 0.189478425342505 0.0760577662381803
0.155199240611503 0.110752632664988 0.184509778550496 0.0740667454277402
0.167117382330264 -0.0720812170562487 0.290407367983069 0.064671655624744
0.055181259844868 -0.116895531695461 0.348233599319096 -0.0323456065329156
-0.00158226702662915 -0.115289649379446 0.309517161983893 -0.0953168262557031
-0.0102083113936505 -0.111648322672561 0.225379646299572 -0.0843091980427248
0.00479608898059688 -0.110083580872738 0.143703225102813 -0.0762935884791067
0.0802160493323922 -0.104047739232627 0.130256011236125 -0.0910809387477279
0.173799658303507 -0.0294309647741994 0.172078066884768 -0.0594772566537964
0.126162117553392 0.164430927456517 0.143761816307975 -0.021627270687688
-0.12132383463986 0.0957982182180819 0.135179456769488 -0.139348252525719
-0.00599699959732302 -0.0914932736757224 0.354659650239461 -0.363089133161656
0.222453962517829 -0.0316920516636563 0.45570951778767 -0.297714858563683
-0.259307758577021 0.154112357385348 -0.449411437046512 0.221772929735209
-0.0478467714949644 0.205905707169394 -0.40992964521003 0.44230962475142
0.0710826774368216 0.0382373650661569 -0.0791389398705749 0.171098277883956
-0.0541348764425675 -0.0543346924852252 -0.147724029179388 -0.0394954419289611
-0.0967940119271774 0.0718598683215993 -0.234927087332629 0.0599003508702835
0.00463073152843283 0.112077159692489 -0.160249564908715 0.148909357919153
0.066554387478012 0.0866670918737132 -0.112249041200464 0.128139850935163
0.0968154789821779 0.0817078796021088 -0.181212461171439 0.0831339152645287
0.0896742617444485 0.0819013446360699 -0.275932415796202 0.110054532372738
0.0529299196919322 0.0817570198828038 -0.330041202995096 0.077811799721338
-0.0186807504451922 0.0765985466809566 -0.317042153195524 -0.0100250986606726
-0.0429898540894612 -0.0461547374230721 -0.216007334495747 -0.0923289179413001
0.143296602643428 -0.0231671778272987 -0.155813613725883 -0.0831391842424698
0.108471206507683 0.200841838203221 -0.0815203234434341 -0.0934686279805572
-0.152487767626809 0.280825140568625 0.0516153891774567 0.236632870606115
-0.277070391701591 0.229149725641955 -0.368804050276696 0.165435235390614
-0.123702451251728 0.302767673316276 -0.442926799586757 0.464685107550821
0.0346320399286067 0.169995186106535 -0.0330661388918847 0.242790706352932
0.0237566522661244 0.0529848847737675 -0.109079327211924 -0.0497348568425942
0.00627487932842077 0.101147440515812 -0.250488410343611 0.0698153652304998
0.0889661358581193 0.101520844666547 -0.156923297039626 0.190625444847771
0.135373042383039 0.0532780252255549 -0.0773232902082263 0.162696034078176
0.168042001717872 0.035485474558579 -0.129317666684516 0.0923352631192852
0.168410311629917 0.0324096581005898 -0.220086614405018 0.111188026100526
0.16630351350213 0.0379463362513796 -0.285402151544638 0.0969230711009247
0.134884730159449 0.0825766832217236 -0.306744742234421 0.0179981805881616
0.0922704547394806 0.0457547493634736 -0.236978065393685 -0.105175268140063
0.179051886840384 0.107317599676644 -0.141615806420893 -0.128566929937221
0.100996223086703 0.31344751646601 -0.0589882398453471 -0.111754461008142
-0.122227981457363 0.396680448969533 0.0743566623517729 0.154834940393434
-0.229759973154591 0.296399329320453 -0.260131169653343 0.0881410402412419
-0.124211545462842 0.369362669169182 -0.426547543636071 0.472097201917587
0.0294665810549571 0.280810022527555 0.0345168476206293 0.327509889846229
0.126160294142423 0.164774049217265 -0.0355433403763737 -0.0229913936862472
0.144359895107775 0.119625035424955 -0.211881655312814 0.0910092816886485
0.184402984268696 0.0659847742233008 -0.113003627719875 0.216960807061231
0.191939170732103 0.00443770053468672 -0.0193091497195983 0.176154027550397
0.214148925536385 -0.0127824577304854 -0.0573831869193165 0.0858457182982328
0.218050428294206 -0.0125670580390804 -0.144741011127918 0.0906134349738485
0.250468850222658 -9.05387469055143E-05 -0.214709756067543 0.0848392850923082
0.261090491945154 0.0807101388442158 -0.261967139247737 0.0240909636548106
0.220107066412796 0.128137583902353 -0.233921744072692 -0.12053541427573
0.197281084022591 0.238310899048663 -0.126629076665795 -0.183790177958774
0.0635214444703944 0.397500041429496 -0.0230616178098453 -0.174642877900291
-0.0999583695095193 0.447387865037408 0.115708027262065 0.0397165850440189
-0.125162217442241 0.336734412470922 -0.1578141397283 -0.0139668025877148
-0.0492212223333427 0.386774192923031 -0.360191591710204 0.45013642095254
0.0670179340458539 0.333708798546508 0.124472310057988 0.365642566804633
0.233629695719222 0.233212109290838 0.0511934904872398 0.00831127608845191
0.281620046577964 0.107423308665759 -0.120941609479436 0.113578642862678
0.265582992461407 0.00691488755275391 -0.023058602897386 0.217620269326205
0.223096778818602 -0.0531229576471605 0.059427412420811 0.158978109231155
0.228964453244849 -0.0544870585557556 0.0234890167604236 0.0644415038938985
0.231616885708481 -0.0464208620286856 -0.0608148570054352 0.0585708064155574
0.288683763717399 -0.0258369621772908 -0.128805677884397 0.0533272791285728
0.332273340688982 0.076928112055166 -0.18581613695308 0.00948248411473441
0.30070441185823 0.196885754541423 -0.193446325939885 -0.137994068289932
0.176324263650158 0.338806749950722 -0.0912292419482167 -0.235214653929159
0.00225873019274266 0.429302917950609 0.0339280247512806 -0.25833863137489
-0.0782264400794062 0.425354150693324 0.178258952034188 -0.0861251465762184
-0.00220074152482398 0.316739836928476 -0.0901609686829109 -0.132418245871369
0.0289785300065066 0.323671998013139 -0.26846334084321 0.39027022792041
0.0924099941122256 0.314279343385603 0.205131319137587 0.326105608830276
0.301742062994964 0.245538487707846 0.12335125575916 0.0223378112045682
0.366710268409895 0.0636917775495468 0.00118655930083261 0.124381905522618
0.298775240365773 -0.0609244576836165 0.0979414040866433 0.183521469516026
0.218164339159922 -0.104645753444826 0.14900902359886 0.111636573266722
0.209062655586617 -0.0881022385188693 0.102691734043977 0.0324782868717913
0.207698865192355 -0.0703403534617068 0.0196278571792849 0.0265120415754832
0.274504553959678 -0.0412657937893217 -0.0405607797894926 0.0169147792631815
0.336339350888986 0.0682444048212511 -0.0885895119847244 -0.0142138506017709
0.309490776710647 0.238925799342949 -0.112288983276626 -0.146300393821767
0.100009663750484 0.378037449786489 -0.0235568596133382 -0.262375689978474
-0.0704700907076332 0.377439190876736 0.115446818904663 -0.327988298710113
-0.0455746806867158 0.337710043091205 0.258533619789815 -0.194211951563639
0.0953137370598698 0.222575016037651 -0.0600691553733074 -0.241073479724256
0.046185262853226 0.197570951281119 -0.170214875191878 0.301132125698049
0.060906623870222 0.256126378557739 0.243409476198777 0.230110499478354
0.301424997813797 0.219932300511848 0.160262462482459 0.0270413561958961
0.369499354700039 0.00483547980466802 0.123090938597869 0.116491562637912
0.266675781474786 -0.113132673600422 0.217124699474649 0.119519503020228
0.172197075467383 -0.136584463623866 0.229467296963608 0.0424970159480071
0.157407630357465 -0.111957482578187 0.167740075208298 -0.00573081357076848
0.153104265241452 -0.0889055257233366 0.0847883035541161 -0.00378453018356124
0.220887996560071 -0.0583410050238658 0.034513884886031 -0.0174809344993096
0.291679982149014 0.0436640284172405 0.0100961117704821 -0.0354854548101096
0.261068531680056 0.24546766656999 -0.0103286868453235 -0.128244428653398
-0.00462801506826243 0.338754844408489 0.0587640338599644 -0.244455659287645
-0.116142444484434 0.247692849043231 0.210053002752747 -0.362858737771302
0.0162621605095863 0.212818645430561 0.345018944800623 -0.266673634820748
0.142574883449821 0.0732676938099094 -0.0523820689226319 -0.312769018515579
-0.00460408212394716 0.0543422993613272 -0.0852758526461582 0.197248076282791
-0.0102865120679177 0.189580473207044 0.229092981111454 0.12951711294988
0.247027134595733 0.175232726028463 0.170727471727024 0.0421909151311653
0.293625599279093 -0.0436134131511278 0.223117213363732 0.094728659632898
0.175922416899341 -0.131944544496644 0.304752589473257 0.0391968038616607
0.0931272084185235 -0.139064070438593 0.284667491638183 -0.0331827483574399
0.0800682223696456 -0.120152760975019 0.210512354508264 -0.0462061674605298
0.0807175497038963 -0.102538092158167 0.12641032691423 -0.0365011397338632
0.150119682438246 -0.080943498382532 0.0893265633334084 -0.0509776577784482
0.231075927090992 0.00679250602396395 0.0974650530370859 -0.049806527689675
0.193286215873382 0.216136477198066 0.083193804106918 -0.0799682024124972
-0.0910372915986147 0.236416708998851 0.120163796128416 -0.189062948499851
-0.0994391004689039 0.0752488931575648 0.295680407326038 -0.36007745597462
0.110793211037568 0.0807515880410361 0.414535793864206 -0.29949587046897
0.143243852262441 -0.0931041923619072 -0.0545111491647418 -0.334026592566904
-0.0762466614278958 -0.0714638551368205 -0.0298602601954197 0.108603348202638
-0.0802063355570065 0.117826951439167 0.186313191942929 0.0730678832499802
0.154809584532852 0.108136201493201 0.180801965466577 0.0745560317046735
0.163615190000326 -0.0733372316711295 0.288547925161173 0.0638755175384943
0.0529906192211125 -0.114861183613791 0.344073515972282 -0.0343178945749822
-0.00339378207102183 -0.112186967246824 0.304211720491481 -0.0942596343196342
-0.0111503855134062 -0.107998204081399 0.222413864600527 -0.0824349894856704
0.00234426801808055 -0.107394795191588 0.141288321285766 -0.0737948192653392
0.0779275022544676 -0.103019364988261 0.126990641129257 -0.0892781711770714
0.169871765467558 -0.0310303741389339 0.169925168290217 -0.0610162683771105
0.126197667652038 0.160455502234576 0.145177518506255 -0.0194626686960063
-0.121313208044773 0.0977490957462002 0.136037169315211 -0.134238203372162
-0.00760671366045221 -0.0892788310092065 0.350903810491769 -0.35605385156376
0.218671045692505 -0.0316993969725802 0.451427135278709 -0.293194650360275
-0.261495454084581 0.155075200532103 -0.45523789648952 0.217976549343689
-0.04820105598192 0.206700781488691 -0.414443947625965 0.44231075949425
0.0710440129841529 0.036730280049355 -0.0820447662270754 0.169044659050196
-0.0566109647003756 -0.0545151673903442 -0.153358440575275 -0.0407100074143267
-0.0976503597263811 0.0742455933675753 -0.238806075037488 0.0603362998159862
0.0054005569704179 0.111942313981208 -0.157960194064249 0.151458768071346
0.0668390601344628 0.0868625830250765 -0.10921319373731 0.125823183979421
0.0977328299816504 0.0818797851569113 -0.183426869875432 0.0814640946105506
0.0927850773991746 0.0812353403071814 -0.278150869530507 0.110502693598811
0.053443896177916 0.0826821791098297 -0.332032584593322 0.0798518570145499
-0.0172508470445274 0.0768436435144298 -0.319271847306938 -0.0115073733442681
-0.0440548622616248 -0.0452061340869881 -0.217120710492019 -0.0947929500877843
0.144510090285864 -0.0242711301793586 -0.157302484928116 -0.0833225233203726
0.108303761714778 0.203375389636474 -0.0815824365784376 -0.0921439338976363
-0.154129891949077 0.283317188958217 0.0520026993439432 0.234812457437298
-0.281829825736946 0.228745887373044 -0.374620210795121 0.162698229692728
-0.125068557739412 0.304862988852648 -0.44920093979218 0.464084457725582
0.0329939550348164 0.169783532200467 -0.0357143548386089 0.243059157031947
0.0217450943014134 0.0530383000036746 -0.113904054226667 -0.051188748178022
0.00574877916705312 0.102186791431454 -0.253516234154333 0.0717198990294644
0.0891581947048521 0.10154325251216 -0.153506232778995 0.193649034470825
0.135290009269506 0.0540544639667773 -0.0743080358243039 0.160525858531475
0.168793434734791 0.0355659929271332 -0.130642785668448 0.091403607537107
0.172223303019928 0.0318245064087848 -0.222378652841169 0.111760916615764
0.168738069112577 0.0387641708971452 -0.285671894782455 0.0971861343025395
0.136891430328666 0.0822935264815003 -0.308750818124676 0.0161367599320715
0.092198811307187 0.0470219609404684 -0.23807548058024 -0.107335396627096
0.180398505109978 0.107423056825487 -0.142889283036196 -0.128273505903625
0.100572454277453 0.317456697873471 -0.0578871943372271 -0.110851905476656
-0.125834666488873 0.398573829679775 0.0753542667864876 0.154620783680508
-0.234041180489047 0.295065653288316 -0.264571682714923 0.0845143688337932
-0.125201024064403 0.372408961339454 -0.43071889646137 0.472381602328137
0.0267976904200409 0.282445085928166 0.0328940153804988 0.329920441328596
0.124385920232802 0.165571483051256 -0.0405837083293642 -0.0238549845801713
0.144055145640468 0.120509525356562 -0.214358344970012 0.0932209649250964
0.185485465209001 0.065807615774677 -0.109904751141093 0.218832178809715
0.192880945392401 0.00427685104662541 -0.0173973614981224 0.174536642725574
0.21519425610258 -0.0120604823679341 -0.0581875957908991 0.0844352835984206
0.220440630501609 -0.0127211778135004 -0.145713610577833 0.0911235560153481
0.253091924570358 0.000350383440461805 -0.213805782268368 0.0851355446825427
0.264039564799081 0.0794151926184796 -0.26211639514854 0.0236160516690174
0.220983051851877 0.129288907403624 -0.23456825230066 -0.12127971587629
0.198534858068726 0.239929562737308 -0.12742186092706 -0.184414385249838
0.063359397202067 0.402939871941921 -0.0208782115443949 -0.17458421209786
-0.102730465925245 0.447654935312588 0.116676316553795 0.0394694690566466
-0.130543148434639 0.335836344884922 -0.160114419357127 -0.0169045653108806
-0.0508690875537414 0.389059832747417 -0.363092668090083 0.450601318144737
0.063145460737433 0.33747683906904 0.12163608432415 0.367865483271289
0.233452226522794 0.235179873577592 0.048024089942764 0.00856141249886066
0.282751810283347 0.107333012376504 -0.121109177226675 0.117171146611338
0.267116520788805 0.00614016725960962 -0.0192566772237402 0.218744894318474
0.224183288554759 -0.051893877593655 0.0612959119674916 0.158810318962417
0.230124204723343 -0.0539068248753293 0.0240563925173487 0.0639490200063975
0.233709228414787 -0.0468378912791086 -0.0608050850342019 0.0599749694368988
0.290729330783605 -0.0255261628200092 -0.127036880387578 0.0537401296919614
0.33462441656442 0.076454681995485 -0.184272583110632 0.00871771024369827
0.302719070790769 0.198000817078673 -0.192019818207382 -0.138157407559544
0.175254119279046 0.342021498050409 -0.0903736613402342 -0.23543376235779
-0.000136424957749726 0.433842001016306 0.0369938654907422 -0.258407350715544
-0.0825201629619142 0.423990434212946 0.180551957463304 -0.0847341468246951
-0.00719582315928107 0.315756841611731 -0.0915906882920985 -0.135261652896709
0.0286922535975589 0.326323053480403 -0.271687027021306 0.392530534956514
0.0892395176809641 0.317746096650584 0.205999158210972 0.331054403274802
0.303370342330046 0.246686380525047 0.120848995921163 0.0235866537386047
0.370030349012014 0.0617068674634741 0.00188054334172377 0.127671904695949
0.300480609147016 -0.061903067377373 0.101355889743307 0.184428523650459
0.218809609210289 -0.103884294122194 0.149922254787171 0.112887463718156
0.210723719872354 -0.0879307711150514 0.103822054970922 0.0331313495373279
0.208318832744013 -0.0702727599785453 0.0209199416915147 0.0276472903569038
0.275690976803891 -0.0418307774738136 -0.0384536383654167 0.017096069941908
0.337568021792432 0.0666145086671166 -0.0864047846593575 -0.0153492933978718
0.310960703235708 0.240418904076199 -0.109247429835887 -0.145427316284754
0.0983960334168752 0.38116371907499 -0.0210355514332057 -0.262260418488476
-0.0731051633045651 0.381022312234454 0.120035874763949 -0.328055669084221
-0.0489008883560767 0.335494092346585 0.261337986053429 -0.19290809234647
0.0921022215851791 0.222284844792802 -0.0607503766428749 -0.243057368786327
0.0461912735757704 0.198959822663946 -0.172321205165757 0.303460533219224
0.0599459034571392 0.258788268382708 0.245062711181684 0.232171883810877
0.304674742431744 0.222189659854623 0.158343615269689 0.028257596503312
0.372145941168367 0.00354312488870421 0.125387784743014 0.119768313055671
0.268444489824582 -0.113972387161818 0.2204362733214 0.119333810483896
0.172947174926013 -0.135049830356473 0.230534726703559 0.0435654024532925
0.15832785287607 -0.111613184029546 0.169732332534736 -0.00532933782581466
0.152951198046713 -0.0876569031102324 0.0864375199543789 -0.00254875886460582
0.22113065144805 -0.0593910802649912 0.0367016025355008 -0.0163964759453274
0.292163055712468 0.0412745554837005 0.0126315094845558 -0.0363865776473501
0.262843162379798 0.245497657265137 -0.006355065273385 -0.126585510444131
-0.00771816648724269 0.342974690978053 0.0627814712122453 -0.244125874616775
-0.119060409727029 0.250466610849868 0.21554750018363 -0.360840495709955
0.0138649991011829 0.210437237719237 0.349135300358835 -0.265294094354165
0.140533445987859 0.0723162207084456 -0.0520040584340316 -0.3144799385419
-0.0046161228044538 0.0546331567469385 -0.0861740773082791 0.199287951992608
-0.0112453773442543 0.192869877512173 0.229761859407955 0.12941523745378
0.250059006931326 0.174751186703302 0.169152314310876 0.0444972118283575
0.295205170981939 -0.0458977818739851 0.22667462550709 0.0980239880147541
0.177331844013386 -0.132014400020551 0.307551777401633 0.0383771551894178
0.0933825625345175 -0.137731058130514 0.285560945290419 -0.0317388696597041
0.0801169273718291 -0.119037065980688 0.212653809265732 -0.0453527723627062
0.0794566216414997 -0.101432855090384 0.127892281002848 -0.0346344588524122
0.149614223444299 -0.0819122041999511 0.0913620257352709 -0.0503754704009778
0.230655306754532 0.00483760901721638 0.0998186910771576 -0.0516716791533488
0.195138951703677 0.215443972514874 0.0879536324099547 -0.0772182549377588
-0.0925395324948663 0.23949596015979 0.125501440427124 -0.187130324426011
-0.102276137791822 0.0762155289136574 0.299601293761478 -0.359069522952745
0.109651131837728 0.0794973084559454 0.41840006367079 -0.296988015783761
0.143337303392403 -0.093203360980857 -0.0531217247336001 -0.33483868912583
-0.0766360246058797 -0.0717132196814069 -0.0299815627034872 0.109422013348902
-0.0805472937063748 0.119760171494919 0.18684202778359 0.0717588421846373
0.157512554987908 0.107656331771412 0.180248678639151 0.0755662940126095
0.163910509418594 -0.0756751456193616 0.292591689749502 0.0663541062944195
0.0533386558355435 -0.11455685109055 0.34497693680128 -0.0346894595579044
-0.00444391792706354 -0.110811380778097 0.303689342954505 -0.0929068530375195
-0.0116412534710343 -0.108612935426226 0.224238460996727 -0.0819991250416664
0.00124066828205481 -0.105477338447837 0.142205678213867 -0.071599757730837
0.077816519438954 -0.103274407347657 0.128226999383895 -0.0893656916516015
0.169549476214455 -0.0325467647143095 0.171978623040194 -0.062337114799145
0.128570541843154 0.160053299579805 0.149909436442039 -0.0162469724499884
-0.122700191828467 0.0996716318374857 0.140545971106297 -0.13083692991113
-0.00931327465122354 -0.0894622270176027 0.355486865839574 -0.355129136160136
0.219335055447544 -0.0319396697023666 0.455588715936993 -0.29126787044976
-0.130476301378301 0.281281910250993 -0.225234857943102 0.472105973691479
0.0821087575710499 0.197297306261513 -0.0630901551115726 0.615602948444631
0.0793467223064941 -0.0118354146420538 0.0344018773141162 0.185011901752639
-0.0789407883111875 -0.00920656956216089 -0.158701917909096 0.0637960843451785
-0.032736793949455 0.118918840207704 -0.156505959435057 0.201158815181498
0.072757525099687 0.0865037477514641 -0.028543268019954 0.221530639790508
0.107466715596241 0.0293286084224776 -0.00822881355356489 0.166939568260768
0.130274259599834 0.0063304818137194 -0.100825371551835 0.179195518454328
0.127510645537157 0.00921115766365581 -0.158276405162445 0.264407099931569
0.0971301349812768 0.0357238542036893 -0.222812339965416 0.27233854710492
0.033320781581502 0.0762039886494423 -0.265030483919485 0.189085842126843
-0.0655044781468187 -0.00637980346254864 -0.237922374362189 0.0571283347063106
0.103964951953982 -0.113568529720915 -0.179861738436202 0.0343808616735283
0.220099711568532 0.100839479623283 -0.130901806032311 -0.0167911373958471
0.0557451602853313 0.341863677075806 0.183767860120544 0.143765566934854
-0.108396749554221 0.353526318138404 -0.191125701713228 0.378553496361821
0.0755459716798235 0.31963401228008 -0.0751902908174013 0.661698698692498
0.12479485185552 0.11999793066032 0.122492451713777 0.222711307355077
0.0451934899277121 0.0318698008744913 -0.1274050627028 0.0306297842435371
0.0657562451921099 0.0811986142317826 -0.159763037136738 0.217043754627724
0.133521133168496 0.0275184542487815 0.00225706385477123 0.251414208899905
0.142517675034821 -0.0380193692948282 0.0419783353237017 0.172297881118163
0.160333243666122 -0.0749411714439538 -0.051947183250023 0.154361929217245
0.162304089218342 -0.0801462695253405 -0.111766986133262 0.231439781923741
0.164537930579504 -0.0731192276936388 -0.172958933834168 0.257733739201177
0.164400320868367 -0.0171956128967876 -0.239178383150237 0.202937829625355
0.105608747573114 -0.0152188728993431 -0.262685572501417 0.0593971223616387
0.218844057556081 -0.0244355511853801 -0.197542141345869 -0.0122959443408394
0.286507417571474 0.200666600468188 -0.125943218964255 -0.0475078714739655
0.152863408019349 0.418505084759053 0.146130533970597 0.0611280718715287
-0.0326157053063091 0.380569025585528 -0.143875013353512 0.243348640843794
0.115468025326702 0.375276504327722 -0.0528061267067529 0.659621275782613
0.186359511811046 0.216308124351321 0.236980437472098 0.255596780790798
0.192437397279257 0.0630526729076359 -0.0424383688478365 0.00723730557501372
0.18734435586769 0.0139125965067711 -0.112284642104373 0.207740220214956
0.189083536638844 -0.0588837551094699 0.0555359326200923 0.242832410654761
0.15946636722957 -0.112428541592697 0.0985012499483446 0.147353015666029
0.169781412454562 -0.142453765666994 0.00368842954589326 0.104611291808062
0.174661433312711 -0.147301699604259 -0.0622138624871828 0.167521774103741
0.208665622658141 -0.157462247650788 -0.121904719594638 0.202042840584828
0.267174919493176 -0.0997058754475094 -0.197734486354497 0.17867831156241
0.26394895708601 -0.0260691920052061 -0.269153334409957 0.045775348985842
0.318938511181829 0.0766792269055512 -0.221899933327624 -0.0683512683810577
0.309784724732086 0.2949757343222 -0.139092539341649 -0.125239673647506
0.201981837385806 0.442858602070413 0.105496025226903 -0.0589472770929086
0.0762688804757792 0.355055110325121 -0.119074509386326 0.0899466701870807
0.184313912366682 0.34478256693277 -0.0105399928181965 0.598921626015941
0.249583213921013 0.24077052043659 0.336993790155385 0.234150647449361
0.321042044643548 0.0560799623695328 0.0560585050938592 -0.0222925611853094
0.291085008653937 -0.0796148017663365 -0.0205120677397823 0.167229893240303
0.219347402305388 -0.156199530846787 0.129842502412842 0.183978027810282
0.150225547235072 -0.177528791543341 0.153000463198021 0.0861036337700215
0.15644581469035 -0.185561205683846 0.0586119779032803 0.0370414134278793
0.164284369895977 -0.182788291073825 -0.0107623022606042 0.0893103852882054
0.222971345646865 -0.203293027596198 -0.0700576884600211 0.12176553659648
0.322878405614861 -0.148653085461188 -0.1443802708708 0.116725918078871
0.374162398113377 -0.021066724629596 -0.243952619092576 0.00514147137222506
0.364685446751401 0.176149927966375 -0.223257639932951 -0.13548544323938
0.276951125403724 0.360239530850405 -0.14663543726344 -0.232428352918007
0.203298838806728 0.408975458992111 0.0794538215599179 -0.199597680035215
0.168770745814894 0.266864380302562 -0.136848638465136 -0.0561351425202161
0.21245333850639 0.248510152213022 0.0310028954201392 0.490329787339817
0.26114207670771 0.210682959130143 0.383181612305519 0.151080617705219
0.385601872846971 0.0244942896395161 0.128149688980016 -0.05709323779304
0.334100553648303 -0.167383592484299 0.0867571061203611 0.0975231904530867
0.205127869967511 -0.231857984840891 0.204770869054513 0.0792471928160018
0.114228689133277 -0.215707767236183 0.195415032302561 -0.00614099689231497
0.118721058562738 -0.201172121793026 0.105476986985123 -0.0374872278336611
0.129144162268448 -0.186407466450397 0.036914431127252 0.012427816729576
0.20063676183117 -0.207034385168861 -0.0199071509807277 0.0379814579966127
0.319448866194605 -0.157116825940696 -0.0803169110138339 0.0358984539407042
0.406163410255613 0.00775963150482102 -0.180166769076284 -0.0537486149336133
0.323957147076576 0.259690533348828 -0.181905910199852 -0.202386153310127
0.181705251463723 0.362245713147237 -0.122504607936464 -0.345994770035587
0.175002591374576 0.310970263127253 0.0808844058807503 -0.336400946856172
0.197995451803146 0.132475751554423 -0.184923894637998 -0.167491769393222
0.152899850905988 0.13496652881323 0.0543789722135829 0.355954746924504
0.202022927290297 0.179059879604229 0.352361926149111 0.0465807191021579
0.373049318193499 0.00266177745784762 0.161491231105215 -0.0773113873826689
0.301355522946532 -0.218355690734858 0.181819943021642 0.0139079093939141
0.147841548400336 -0.254470284603556 0.258930647359571 -0.0481811883003202
0.0574507385535264 -0.213080974171962 0.217550192573605 -0.11118316600245
0.0612991938144138 -0.187783809454546 0.13590032450357 -0.108052533677898
0.0725377510317572 -0.166359037832665 0.0713233124761033 -0.0537558226639282
0.144266166773798 -0.187139646787576 0.0208762382346576 -0.0359414503570166
0.265358840877208 -0.150091700136234 -0.0130322402542587 -0.0424138847698973
0.36821626912878 0.0397724248518137 -0.082301588705327 -0.102583433011656
0.210994704468885 0.294542778407712 -0.100464550094066 -0.240671888027448
0.0594406404302706 0.281463647030106 -0.0614997223990438 -0.43493474822351
0.14779617701054 0.162938054784301 0.109788472653002 -0.446084510682432
0.154660501758743 -0.0205657341245729 -0.231832827306235 -0.232070204134406
0.0287361565680044 0.047715422438023 0.0546558670647554 0.216369572446181
0.105788306813613 0.16533153016958 0.272992075870621 -0.0276897454572423
0.302894244785831 -0.0039066730904447 0.178030307183891 -0.0702574717987994
0.209616019752981 -0.213660053005589 0.247683053510074 -0.0663188655765928
0.0632046685601155 -0.214728906235164 0.276227434841321 -0.164848915136342
-0.00892407035813561 -0.166431312808976 0.214189029287864 -0.206019912318009
-0.00783704747084286 -0.14637690705266 0.145403668519294 -0.166869816827395
0.00341140952877179 -0.131977011260984 0.0856872177650196 -0.105782234296454
0.0708001293938128 -0.160887857868109 0.0444168550462407 -0.0970838866951661
0.191975098345915 -0.143130763278769 0.0479010846069336 -0.107057078141331
0.294928227385235 0.0569003760575621 0.0259265095336442 -0.120829957062775
0.0742316523780306 0.262152520779747 -0.0123866605123188 -0.233054805101476
-0.0377604323194876 0.124006544995011 0.0123872377748049 -0.48626496004952
0.145830123495163 -0.0105598538155833 0.151447269680599 -0.51154066995177
0.0626211108078875 -0.160282584395548 -0.255892876965586 -0.247216934262624
-0.102039610804713 -0.0132745010600023 0.0385608918855321 0.107463856495688
0.00793840263005627 0.145913876642394 0.196978632837571 -0.0480710991576039
0.188991207195653 -0.00618408609344088 0.201718172172469 -0.0505132611032205
0.0855410933734745 -0.15977316151618 0.279167678086439 -0.129483721096844
-0.0257933932321594 -0.124708709768215 0.257621242593715 -0.244685743910715
-0.0720188812846577 -0.0855150690567229 0.188926781264825 -0.2652932645609
-0.076617268863035 -0.0801977501629319 0.133232118404049 -0.204589693508623
-0.0647139683236452 -0.0871184913032453 0.0740289151344651 -0.144719123247181
-0.00254964426194779 -0.133841861115935 0.0493700153089728 -0.151226708837227
0.11919107417276 -0.135789024378618 0.0978917778763943 -0.159701935967265
0.206784033030399 0.0511918725659451 0.115096850341667 -0.109739523777528
-0.0394661442338671 0.163531779278519 0.0366988279864528 -0.195315157839129
-0.0650482135125656 -0.0745493405459482 0.0643459146831049 -0.516151050542432
0.168790892683485 -0.173925704799044 0.188054740461128 -0.521232263489677
-0.125918987501535 0.294085032906753 -0.221712515903988 0.493171073325339
0.0907705452067626 0.200433337376044 -0.0470237586493456 0.634411574968978
0.0800256780069871 -0.016108361478812 0.0378815414863059 0.189179906283318
-0.0822493017282179 -0.00459686936392386 -0.164313009977762 0.0733240421064604
-0.0279196854143998 0.125220298197605 -0.155552737696047 0.216340558664852
0.0782302854736435 0.0853930484620314 -0.0184021501835552 0.228132034428932
0.111697641727935 0.0263413759328987 -0.00312237343579513 0.167859963268373
0.135239395665186 0.000717877630389461 -0.0994725813186431 0.187874069227405
0.133172192758474 0.00276806104612398 -0.153797571131898 0.278195640500274
0.102279702219133 0.033517092504377 -0.218887274385368 0.288162300068373
0.0380792826020555 0.076521880539123 -0.267734363577803 0.202331313880549
-0.0666516017507519 -0.00283211566034701 -0.24543180492005 0.0655642827434965
0.102130647371271 -0.121844346704369 -0.182666824206749 0.042713461122651
0.230354740101675 0.0964054304396135 -0.13352635486898 -0.0121883564113915
0.0696235797234419 0.350925378221581 0.192004237279598 0.13849136354877
-0.102602862676867 0.367184668830305 -0.190078092326394 0.393819694426271
0.0891348586332479 0.327373459925456 -0.0583045511572664 0.68140227582959
0.131109872796945 0.1196093013386 0.131451971517122 0.224622997876311
0.0458376291483273 0.0330825371996982 -0.134008949952644 0.038794141907154
0.0710952694666109 0.0823385179267322 -0.157697320718968 0.233360739030715
0.138431291409412 0.0234972814330773 0.0142404623215549 0.256717315173428
0.14631662942457 -0.0438513243338635 0.0498627165362637 0.171744033373797
0.163125064487894 -0.0828121966954437 -0.0503597971361826 0.15975278587348
0.1656995441072 -0.0900453556160504 -0.107110980999731 0.242790812752439
0.168314060133117 -0.0815302653881636 -0.168190526422299 0.270212561008716
0.169314463365145 -0.0240833627299511 -0.239162515915763 0.216170929586246
0.108507752790026 -0.0180516560818669 -0.26954012939802 0.0694968066994977
0.223605754082221 -0.0331339635256581 -0.203599183263509 -0.00483663366878801
0.303343961172511 0.198152596132402 -0.12990735917672 -0.0450597972722608
0.169946238235521 0.426030904540827 0.15131536909893 0.0559986964731863
-0.0258893423186885 0.394355933254745 -0.144497761406925 0.254957538327869
0.130320370224393 0.382271693572876 -0.0355132981423406 0.680744259309221
0.196696284357347 0.217870611024708 0.251732461905571 0.255982071902189
0.199085533462357 0.06009503718624 -0.0477512678414941 0.0112127110373947
0.192440704109644 0.00848655893152555 -0.108086152304158 0.222482191342875
0.191613952074302 -0.0671399789419602 0.0689737544339129 0.24531154446937
0.160551797903896 -0.120681560585339 0.106731977346886 0.14523956509447
0.170180324689699 -0.151768959820824 0.0067440879182612 0.106293352793026
0.176038285698285 -0.157815557592443 -0.0575885703838641 0.175059877664547
0.210226529080035 -0.170145307061058 -0.11675930510846 0.2113088611343
0.271426500579727 -0.113596401848807 -0.197277119488534 0.188828597047242
0.270273911082664 -0.0362620448085427 -0.274574286099971 0.055216433690831
0.330394219647825 0.0681513731972968 -0.22925228971041 -0.0625017262568769
0.332117204361735 0.296401864092806 -0.145324622466059 -0.125381768415433
0.219868498841693 0.447998627601176 0.106519701772947 -0.0647917228087295
0.0857942163706213 0.364719749488799 -0.122385871538824 0.0962175732378165
0.201129145884315 0.350077012285594 0.00792502291115621 0.617805135408828
0.263089075114384 0.242983685083369 0.355925262573541 0.230012282901286
0.331915318212989 0.0478285268398784 0.0527669973513704 -0.0221695298595542
0.296049471540242 -0.0920146779429246 -0.014359859570426 0.176642141017455
0.219449400072933 -0.169622627844777 0.141897434027759 0.182087071096714
0.14904896486859 -0.186653843959888 0.160407502220743 0.0814920339244898
0.155518334819238 -0.196499170928578 0.0616356427641804 0.0351404755348654
0.163729101579853 -0.19347617323985 -0.00615727931943219 0.0920265604580942
0.22232806532743 -0.217628262373513 -0.066116875875353 0.126738564627438
0.326475077735006 -0.165166676566366 -0.14294398575943 0.122538960683938
0.382842378306075 -0.0344084391013965 -0.248718737066889 0.0122295585930905
0.380532349697659 0.170550022730286 -0.23307859428648 -0.132587706905777
0.300107165825298 0.36451432215186 -0.156202325217086 -0.236788433089865
0.217998315720465 0.413450305120403 0.0770355113901005 -0.209080821987767
0.177316749598918 0.271265758650282 -0.145092928693755 -0.0533237267834014
0.227030276660621 0.248874571567769 0.0471213082371668 0.505629103631063
0.274500342087185 0.211381772536019 0.399074184730688 0.143827500428144
0.397769401184261 0.0122476648856418 0.126641592646909 -0.0601999156835533
0.335568203077348 -0.186029617500137 0.0946524660449686 0.100382063095096
0.201846525425354 -0.246469777333507 0.21480955097415 0.072158445761166
0.11012703461646 -0.224245019372538 0.202095370293595 -0.0137842005198255
0.116644767708402 -0.210439061493675 0.107787605623322 -0.043797036905268
0.127278457769835 -0.194655544714872 0.0405156304900112 0.011389815338421
0.197525794711346 -0.22046593301887 -0.0171280655846785 0.0376807034426678
0.32156382321505 -0.175387413643799 -0.0796889832514135 0.0370666148314443
0.417423741595053 -0.00688925928915353 -0.183067736543009 -0.050345456965907
0.343128793345448 0.259158811542266 -0.19172204841185 -0.202926391281249
0.200893333297166 0.369659944924043 -0.135039026126187 -0.353609500013271
0.184883100173903 0.313685700710638 0.0756416191503289 -0.348982897981882
0.20461282353819 0.131631305474279 -0.197374580681538 -0.16656981381091
0.161743445367796 0.133419426478486 0.0672211824350627 0.36511522155656
0.214006253757409 0.180983738497429 0.364248200841298 0.0365185041778272
0.386323598040032 -0.0117680587587262 0.161996689377528 -0.081398069803595
0.301013907497423 -0.236829168242255 0.190055371009728 0.010504583338906
0.142346166187187 -0.268849009765923 0.266225213518603 -0.0597244433588908
0.0522327447303263 -0.220145169517373 0.221561575776609 -0.12180967774215
0.0570846060549897 -0.195283602303678 0.137553175453113 -0.117418194243689
0.0688748979058306 -0.172311400656488 0.0737759607152284 -0.057011037097746
0.140089714967558 -0.197648785217953 0.0217149870320751 -0.0389900895952003
0.265348607952084 -0.163885825314857 -0.013834813598588 -0.0455339916512843
0.378482772291904 0.0277585090429862 -0.0835476069375111 -0.104754758894344
0.226890215692418 0.298179415582281 -0.107532448153605 -0.24493118445359
0.0709635865617355 0.288899059698165 -0.0751045523303777 -0.445587196203029
0.152821120791128 0.16234949524469 0.103840260456399 -0.463723441074709
0.155821450805851 -0.0249123288006519 -0.246346265975727 -0.230815385720303
0.0311438888100969 0.0479110017282907 0.0629729861006546 0.221409318851228
0.115823243375582 0.169477021254998 0.279093781396616 -0.0381812883565543
0.312210261877846 -0.0164333525653762 0.179275272028353 -0.0752394639198058
0.205890693261707 -0.228951070640269 0.25533639606407 -0.0752174381867043
0.0571000368382949 -0.223655919728325 0.27900582537337 -0.180974960500633
-0.014463520291492 -0.169475443699981 0.214924976084655 -0.217768368415316
-0.0132722141339831 -0.14937331545753 0.146230958053038 -0.177403521039848
-0.000901598389034094 -0.133891870947499 0.0865810922779272 -0.111028193411157
0.0660225928387763 -0.167942070140201 0.0427121774572258 -0.102405476261226
0.18985090733398 -0.154022151373302 0.0451102284154165 -0.113979644859277
0.304686610205987 0.0457911769883127 0.0285821014275865 -0.127319573515941
0.0857371705751863 0.269017357458424 -0.0163718060652867 -0.239848670466522
-0.0355847476159616 0.129766676021455 -0.00135056592817889 -0.499848228753345
0.146328156589416 -0.0166261791777103 0.144230269976679 -0.530005870203943
0.0581425382199794 -0.166164999193792 -0.271106839432252 -0.245865722443265
-0.105810374538913 -0.00991080011595302 0.0435457122445908 0.110513377698696
0.013979064059541 0.150757617118682 0.198194755594189 -0.0563804812451767
0.195451899302725 -0.0146861468641918 0.205577831898711 -0.0567868475172008
0.0815122720619537 -0.169111100535574 0.285281345296701 -0.143843685251119
-0.0310106546759065 -0.127833376490886 0.257774445233639 -0.261365302566165
-0.0767657901481238 -0.0835509227536198 0.186650208126842 -0.277855924423722
-0.081713483862431 -0.078525213767914 0.131548064068452 -0.21429180285616
-0.0699543340499382 -0.0850476215634342 0.0726036585696442 -0.149834145252719
-0.00817663115398201 -0.137511422879572 0.0449475028048911 -0.15703909617515
0.115918215339611 -0.143610802748842 0.0946979457866993 -0.169190297939631
0.214928075233349 0.0431021898369698 0.11992860611323 -0.118337008690717
-0.0335111005991914 0.172127588692337 0.0355602598226054 -0.201724956147225
-0.0704285844455361 -0.0732657750996165 0.0513061097284992 -0.530841767979925
0.167720224310186 -0.185496539916929 0.182072133334146 -0.54355214363619
-0.112483458054069 0.30540417544767 -0.203272256573955 0.512831140287059
0.102543278333733 0.197557462503541 -0.0176216090853991 0.643094278916736
0.0786544214023723 -0.0225183752354281 0.0453850431052062 0.188755760521929
-0.0844764175356074 0.00154139621793867 -0.16504586249772 0.0867042453991093
-0.0202843803919329 0.129794853952729 -0.146326289673204 0.232548128317861
0.0839303325549442 0.0818091410767071 -0.00323957599326881 0.230208516303801
0.11457233105943 0.0200540776571572 0.005449481727538 0.165437638673097
0.137692636120185 -0.00774508817378782 -0.0926576610210684 0.19483394870625
0.136038625921476 -0.00623877665260307 -0.140371489906439 0.291271398874953
0.107157488803498 0.0269274720056345 -0.204527051850184 0.304728090173793
0.0443201074043479 0.0754018907044479 -0.26161636611996 0.219345859713497
-0.0666658944011059 0.0019986432636196 -0.247320844383892 0.0802945867410394
0.095719241137358 -0.130492253548321 -0.181435763800272 0.0551578707860626
0.241107747620515 0.0856464561449069 -0.134798817975405 -0.00460297227863968
0.0915006895889975 0.352043953643966 0.199516421239314 0.127373117045593
-0.0878376094597473 0.379439135676565 -0.176261141442748 0.41031982021974
0.107327097970735 0.327351259371499 -0.0254712622318812 0.692066972626343
0.137186008956243 0.114198621746497 0.143014209724404 0.220363608338861
0.0469010742615878 0.0322388141582355 -0.137694705329716 0.0486620865201911
0.0767362992688433 0.0810617932116869 -0.146231713379345 0.250356734377372
0.140766441821982 0.0153395192832709 0.0324791059735769 0.256429935308269
0.146417440483495 -0.0527314711350568 0.0589139040662883 0.167056831907087
0.162363085737553 -0.093222047564363 -0.0437407771492183 0.163878055780594
0.164316207774074 -0.101605720676223 -0.0949617966318691 0.252143958462574
0.167106007518196 -0.0930040723091095 -0.155132541693669 0.282631590228072
0.17094606772797 -0.034411421110877 -0.231575106003065 0.231914785333191
0.110040052841395 -0.0227001153200552 -0.270670758251796 0.0843889721551166
0.224159743612247 -0.0465543666767952 -0.20444864240988 0.00769489535857443
0.320502306305207 0.184840036427743 -0.132636007628068 -0.0390759263369595
0.195937858266935 0.423840531937312 0.154678223904603 0.0462337993307243
-0.00972934466649271 0.402993092930049 -0.136795425386717 0.26567732363902
0.152217150027618 0.38146166777282 -0.00319922313965894 0.690255787784222
0.209481563005893 0.211926136953804 0.268600016610865 0.245665792967263
0.203255939266783 0.0513086593267688 -0.0522607855103448 0.0166821043071043
0.195137122968765 -0.000549858569175566 -0.0967040421175821 0.235826297479619
0.189587898727134 -0.078703504719156 0.085466534147062 0.242576229503239
0.15758363849433 -0.130224704812452 0.116259387640875 0.138359446432339
0.166225061838546 -0.164234729543064 0.0112361050573574 0.106652708310228
0.170868630011181 -0.170922514260096 -0.0472163510102289 0.180051183360467
0.203478189138491 -0.18516874472315 -0.10628949874387 0.219178857753139
0.268789133987266 -0.130862411937477 -0.189239056576724 0.200854884946722
0.272406835428945 -0.0514015391216949 -0.274272613658951 0.0701064213350978
0.337294113738788 0.0513760973953345 -0.234420474470203 -0.050200785356704
0.355166063706411 0.282995321816043 -0.152938092622639 -0.120220770015657
0.245286548533404 0.443422057211145 0.104315273380012 -0.0733302929609289
0.101660746791956 0.367002868334723 -0.122730530535626 0.103470909408986
0.223160525452945 0.344565566302642 0.038240930120707 0.624624865649575
0.277923017787438 0.23487147234682 0.375456407468211 0.21449671127525
0.338404193763146 0.030728200301867 0.0483451915074825 -0.0222008799395869
0.293055038657358 -0.108938483485636 -0.00314049954369157 0.184730875166198
0.211862272057339 -0.184040350973542 0.154684939945406 0.174980453637264
0.14130161693288 -0.196671855192453 0.167960261610573 0.0719698134885952
0.148022010323765 -0.208203350583701 0.0637113032182083 0.0314142364834484
0.15695041339919 -0.204383508926069 3.15113588385602E-05 0.0927469085997526
0.212869418128132 -0.233423093224618 -0.0587771421121149 0.130068392681727
0.320855906143141 -0.186798432247345 -0.137715739623071 0.130497956889873
0.38516612106904 -0.0558188295668892 -0.249269087158856 0.0237627435948331
0.395365801224014 0.153819985482277 -0.241246804031351 -0.122138774833466
0.324449126349085 0.354103003395224 -0.16911087087559 -0.232698393545808
0.238662806856466 0.406762501470798 0.0684499540103206 -0.216461094462957
0.18997867378039 0.268608166681938 -0.152117546862788 -0.0463765662883457
0.243458003964239 0.239782471873192 0.0736710003332799 0.511215343375962
0.288801085687267 0.203098651906724 0.414897031852652 0.124121812392109
0.403561857099772 -0.00953033033949429 0.121816689707667 -0.0642418361396146
0.328243078871724 -0.20771773710837 0.104519538009333 0.100041683707033
0.190557532486 -0.262016511783281 0.223570183538426 0.0596814190709239
0.100409767779343 -0.232778083651758 0.205780064529683 -0.0255735452649805
0.107175468591193 -0.220412750965218 0.107787376122004 -0.0508812979422398
0.118743007747597 -0.203077362948836 0.0436453940531687 0.00835377853914203
0.187498607049123 -0.23429575065413 -0.0144930001390894 0.0372941605666665
0.314002832440726 -0.195345524556245 -0.0774727976619169 0.0401444065902493
0.419766413623997 -0.0305793877849294 -0.184110851758877 -0.0438870386453006
0.360324125961735 0.244981350724491 -0.203256805289488 -0.196595775851644
0.224385035820804 0.365241456473869 -0.153128850769765 -0.352339831590479
0.198472827626838 0.30768722934189 0.0612771934963139 -0.357830246215686
0.210741201827457 0.12459964464515 -0.209712252958574 -0.158021747991429
0.171210635757316 0.126299799768207 0.0869537377653064 0.368484827039401
0.227443757151216 0.174735890085694 0.372617047244687 0.016520170977948
0.390156654645285 -0.0331777634656186 0.156723485140584 -0.087706196419999
0.289613474504404 -0.259101567874009 0.196775093052336 0.00211183777118098
0.128506921105747 -0.28104304267412 0.266993458532174 -0.0766534973814579
0.042175599165791 -0.224533372501318 0.219146104466753 -0.134895711856677
0.0476655999407275 -0.200675182459124 0.133882339539685 -0.127138398086178
0.0609312607341551 -0.175763538867741 0.0744954031055609 -0.0625248057857641
0.129666982701793 -0.207213728907219 0.0208761528155585 -0.0422001028983404
0.25701940243271 -0.181632600607573 -0.0153611575624221 -0.0469510493362488
0.384171876167879 0.00621761225714887 -0.084755149086811 -0.103934590604542
0.246028578896464 0.291613137620284 -0.119124074055062 -0.243679740956907
0.0863736471012666 0.290509792254235 -0.0974631772097182 -0.447996740500084
0.157789425547052 0.155245286382209 0.0848328585759185 -0.474179005956875
0.154222290279135 -0.032002834910053 -0.262994124181479 -0.220271300489331
0.0342858333593477 0.0470244093081948 0.0768135683979416 0.222745230361276
0.127772778446359 0.167998887476342 0.279915660720767 -0.0534904146602604
0.315863069409023 -0.0357909571765254 0.176551978126874 -0.0827893067892179
0.193779900439314 -0.245687298272133 0.258061597075711 -0.0891504219294003
0.0447788004917017 -0.23119160241065 0.27315131075261 -0.199438857150874
-0.0234743101985464 -0.169141369627304 0.206955694987057 -0.231129486758545
-0.0214548130325322 -0.149808631546589 0.140054654687362 -0.187884223051906
-0.00819485225781163 -0.133437535753183 0.0838374144362984 -0.116742061643957
0.055597682113286 -0.17309416191241 0.0378008254771567 -0.106139814201931
0.181340018053207 -0.166501045843536 0.0403293642586124 -0.119116249043656
0.31066015515063 0.027998016925563 0.0271846585760596 -0.133030021901276
0.101840022744967 0.270090322971769 -0.0252894804491842 -0.243101537953238
-0.0297926653077596 0.134445463457595 -0.0243538451384105 -0.504604309410608
0.143253746901718 -0.0253038836504518 0.122975398916923 -0.544974567954645
0.0493087519220282 -0.170488908124991 -0.287738001689129 -0.234561734314133
-0.107926616237357 -0.00386037533419093 0.0507343765654131 0.110764236484558
0.0242424526800524 0.153119413563581 0.196023027892165 -0.0674681629532614
0.196934431370608 -0.0281064031321859 0.204140418825711 -0.0657415232808334
0.0703925679638507 -0.177834441933558 0.283661057042179 -0.16095378137067
-0.0383960112563703 -0.12847167854918 0.247120603584255 -0.278745821693363
-0.0813482513130465 -0.0783216876946804 0.174343025512822 -0.289507582547965
-0.0873403653125604 -0.0738249102747446 0.123648262399591 -0.22393822920879
-0.0745750354595296 -0.0807817372506669 0.0681469427388611 -0.154291725869037
-0.0173488153301807 -0.137947047967416 0.0359916771686379 -0.161075680952812
0.107271594407636 -0.152687211362937 0.0865235110281776 -0.177771459677938
0.220276425753757 0.0299292913437667 0.120151244416192 -0.128022103675528
-0.0228673452426111 0.178758069021576 0.0303074059716612 -0.207215136420524
-0.0762953223905402 -0.0693400164157793 0.0261513234853541 -0.538672250362708
0.15816414460734 -0.198672963669766 0.15771788222311 -0.561189354891523
-0.0947525445030923 0.308952998037295 -0.178958977202909 0.517785924839891
0.113182044192465 0.190655076852892 0.0119740582939159 0.63336033145634
0.074785454212535 -0.0276908045327272 0.0508707362802527 0.184566906118479
-0.0837444525715959 0.00756720658216944 -0.161707379736499 0.0975232225653039
-0.0102178485204713 0.130424274851001 -0.130754134388096 0.243796047923562
0.087776289101996 0.0754770982568098 0.0120360306353918 0.2260404664264
0.1147290030366 0.013738425364773 0.0127285757515336 0.159472552332956
0.136297903053928 -0.0165184774075196 -0.0825389989271987 0.198314708476354
0.134959306823031 -0.0161900010087101 -0.121990315272126 0.296179278707597
0.108138223621096 0.0202255457281024 -0.18516412062438 0.312359518161995
0.0494520019375591 0.071541114535459 -0.248717878319533 0.23133412477428
-0.0650556942760579 0.00725296777778675 -0.242118052618764 0.092717640296297
0.0853048392834228 -0.135104271186921 -0.17387450820659 0.0643951676661235
0.244484425142574 0.0710216476654346 -0.132936146539421 0.00283463931771104
0.111592151660841 0.34356481223721 0.199531060362659 0.112926135455064
-0.0675483741055854 0.38182904515787 -0.15807322979287 0.414543742209985
0.123559529078859 0.31803723996947 0.00833858809723685 0.683578289047045
0.140222629777818 0.105708494196909 0.152225012972319 0.209720058375404
0.0476533596404697 0.0306617453276928 -0.136673054218012 0.0590694088216269
0.081403725409943 0.0776428083048073 -0.129843610795579 0.260312350550803
0.139688428509637 0.00797231325801924 0.0478490594011284 0.249658270015081
0.142091397443911 -0.0600269992887861 0.066451971402786 0.158439309911944
0.156556201037827 -0.102761148190868 -0.0365772261703655 0.164716026642674
0.158608365543674 -0.112025714842206 -0.0792395898656207 0.253664916604482
0.160801631639472 -0.102294815884657 -0.136399782237834 0.287430541476794
0.168495655777661 -0.045120512180402 -0.217607529073556 0.241578566970699
0.108550431142733 -0.0281101489571122 -0.264084397354348 0.0984085318170073
0.217679460287915 -0.0578620511666124 -0.200149843859024 0.0188037533928598
0.329731513895589 0.164970622874222 -0.132705049536401 -0.0322001222933646
0.215621468944423 0.408049857991544 0.153075669712238 0.0360679727372437
0.00955135064572367 0.402281718914509 -0.12654277607577 0.270034101884908
0.171013707561319 0.369011092923695 0.0317517210756572 0.682685081830319
0.217563432510156 0.200259030266611 0.279899990845992 0.227871548249256
0.203414569681032 0.040222278246905 -0.0552661433272761 0.0227088674429112
0.193206242297656 -0.0102573066427469 -0.0805301507879062 0.243780344323714
0.182760971167955 -0.0885100709791695 0.0993284259450123 0.232909778123263
0.149088521686812 -0.1369050992319 0.121756598523093 0.126977649510603
0.157083906168704 -0.172579266417063 0.0151702610115862 0.104938061330708
0.161378294666475 -0.179276989408121 -0.0358197056130089 0.180184503786034
0.192027211680338 -0.195044898578477 -0.0923691548705467 0.220536146410349
0.259672670369299 -0.145721979901389 -0.175538583578045 0.20785309986989
0.267282222313909 -0.0654788888395215 -0.267282259627593 0.082529507270704
0.337040799532362 0.0328092362379869 -0.233436404485668 -0.0367843825931817
0.368385401737475 0.259843201325654 -0.156388292721901 -0.112003124981918
0.262515030883601 0.426100588024309 0.0984162637537802 -0.0790320338034731
0.116271096270714 0.360395540906263 -0.119765659642646 0.108949719711079
0.238923620107508 0.327986449000433 0.0687837325463609 0.618111170228839
0.287346825541795 0.219848056275056 0.384041634489093 0.191442772065816
0.337183033300777 0.0135933593963535 0.0425544010328732 -0.0210344121679742
0.283830944575385 -0.123625982358443 0.010341814338174 0.18669234944591
0.197966342212645 -0.19389550341853 0.164334490112299 0.162631375204948
0.130377978336745 -0.201449404734623 0.17090539982697 0.0604318449253941
0.136184108885491 -0.214692610093936 0.064128368991293 0.0269058041492588
0.145243577225545 -0.211008263252411 0.00637720459931798 0.0905082595608439
0.197147161071923 -0.242145367262974 -0.0499577077519503 0.129937242463193
0.306720445798529 -0.202784295535813 -0.127446361110722 0.134560498372469
0.377126820110255 -0.0775017021409192 -0.242803789536347 0.0345664724527233
0.399547830163697 0.131730394825959 -0.244249280219565 -0.108324825599398
0.34173883329087 0.333258280236299 -0.178810263110336 -0.223009506689823
0.252718687801565 0.390282576282363 0.057767007697039 -0.218290243019934
0.199085464624961 0.258088017400399 -0.15648881763404 -0.037367313531592
0.253961227159129 0.223779882056685 0.100045496758455 0.502069664867723
0.296853402243109 0.188783148028194 0.418742738561801 0.0992013331550799
0.399042179528129 -0.0310715724614576 0.11368803795055 -0.0657889810751938
0.312323827726828 -0.224273602949631 0.113100887309945 0.0962880621101264
0.172581434960739 -0.269545526730262 0.224854799524251 0.045080710038965
0.0883155237578912 -0.235531664303887 0.203471464488971 -0.0372269803565888
0.0951077798797921 -0.223921896366965 0.103500723639985 -0.0574728068746017
0.108196156808189 -0.206976954034427 0.0454136560704563 0.00468466607364353
0.171694127814702 -0.24121223525015 -0.0114334027761078 0.0361333975326152
0.298763133544245 -0.211763039058121 -0.073606531954088 0.0414359238424257
0.411725761359454 -0.0541413413971514 -0.181306050069748 -0.036709370791291
0.370208277298977 0.224942231919348 -0.209537146440393 -0.185019687820919
0.243300754415558 0.349109751379106 -0.170361450500002 -0.341073360649818
0.206934075368813 0.294680990758317 0.0445212073443275 -0.358275488492923
0.212423783657909 0.114203604157064 -0.217700404502091 -0.144834134558337
0.175847576742418 0.114995869515362 0.106741266891591 0.360326703284678
0.234548980225583 0.163599586722831 0.369853293128387 -0.00422435337262667
0.385800451937548 -0.0547142202928834 0.147694830555459 -0.0914233285680723
0.269288973050836 -0.273184036419432 0.199570661680635 -0.00699101057283563
0.11062746515352 -0.285995449990738 0.25989971592566 -0.0926118423795101
0.0304855392554227 -0.223725148571096 0.211400011069979 -0.145398434944269
0.0362441882709698 -0.200946414181258 0.127187311898605 -0.134113160319935
0.0516212490448144 -0.17606622633057 0.0726254417428089 -0.0667589136958475
0.115422158877011 -0.2109954762437 0.0186248410136384 -0.044115032932214
0.242348730452537 -0.194347411699361 -0.0166330295553392 -0.0477030934547742
0.37848325103683 -0.0165318853069671 -0.0852180331583505 -0.1014717643125
0.259558051882914 0.277378842135364 -0.127856528426866 -0.236298099906725
0.101185266316203 0.284090416851985 -0.11832916109462 -0.43749349124235
0.158674383760722 0.145149888017796 0.0617640725582046 -0.47371427189173
0.149409388202617 -0.038693107450799 -0.272208128102191 -0.203683677210937
0.0359281522778887 0.0437262862179409 0.0888015871460248 0.217317363748234
0.136837052710192 0.160725671254871 0.273713067326934 -0.0688028371925019
0.311068858597512 -0.0550857221449593 0.16807038468743 -0.0870586940734546
0.174884461417051 -0.255283708930825 0.254103445772257 -0.102910660356149
0.0301853471511498 -0.232001442425154 0.259363988407037 -0.213650716679192
-0.030519873399923 -0.164900874794221 0.19338261495237 -0.239053205882192
-0.0294547845684409 -0.145930796952949 0.130126143164946 -0.194129168770891
-0.0146196232841859 -0.129610291696502 0.0795452127938887 -0.120198958222983
0.0447332336894907 -0.172986508120744 0.0315642381059566 -0.107415964591315
0.167542746190884 -0.175147436841627 0.0346564847390518 -0.120792605484076
0.306780954842732 0.00856586637320038 0.0242576569014918 -0.135541063207141
0.116061777330646 0.263864850622539 -0.0343525925219931 -0.239952455657418
-0.0236110163930438 0.135292242882159 -0.0500186437883721 -0.497223041072302
0.135524679476188 -0.0329235795395144 0.0977279924800763 -0.545530008329525
0.0390004770907099 -0.171122427942044 -0.296878368174067 -0.215470398417898
-0.107471075253024 0.00218251649128271 0.0576942138321637 0.107315547529926
0.0342108031213742 0.151610572208067 0.187630364780473 -0.076888452761125
0.193680509958258 -0.0408086053976631 0.197587997716013 -0.0732072963011903
0.0564002507843951 -0.18139835094513 0.274492815604378 -0.17578458867923
-0.0459408928953748 -0.125480737325789 0.228773661285953 -0.289314656460857
-0.0839116715732642 -0.0709574894617634 0.157769412040578 -0.294728023057036
-0.0911670196790557 -0.0662172323785204 0.110914734366715 -0.229138517341802
-0.0783552590564087 -0.0738090437034503 0.0609966154298563 -0.154911103672433
-0.0252027094733127 -0.134798728934943 0.0251826355414327 -0.161249456730978
0.0962042420547177 -0.157319802444774 0.0758271416373684 -0.181265597902674
0.219791570814627 0.0153607169341883 0.116346055663408 -0.13578890753497
-0.0114135753536467 0.180017372734806 0.0222424304430625 -0.206716466867449
-0.0799300471357331 -0.0636213281204834 -0.00189838479057525 -0.532077776315792
0.142831204414598 -0.204870393785549 0.132007530358638 -0.563646981713188
-0.081764851097492 0.305491811761829 -0.159152237024678 0.513342615594632
0.118658479754573 0.181116747918126 0.0296842996603864 0.615008899113659
0.0701620234114453 -0.03077202968059 0.0540420994696933 0.177838955249073
-0.0820875809253142 0.0112458611281898 -0.15579196371549 0.103163376263807
-0.00314226835636758 0.12781493446395 -0.117185198941631 0.247477490343053
0.0883692480365854 0.0696376094334478 0.0222532218836184 0.217479815405068
0.112436989189052 0.0082168220989242 0.0164724146971797 0.151477108071721
0.134133205568212 -0.0232556758025111 -0.0752075669708719 0.197245504737344
0.13212489145658 -0.0231262981412645 -0.108295543479438 0.293226090237705
0.10691335121339 0.0148901669311825 -0.166827971548644 0.311748867181937
0.0527417020018714 0.0670212382764775 -0.235716475490313 0.23526735389905
-0.0623364910774206 0.0103301666210617 -0.234646371096342 0.099487861767334
0.0765459574837464 -0.135061085970707 -0.16488839734584 0.0699485658232478
0.242200470063171 0.0589270921355085 -0.128519424053791 0.0078924137536592
0.122805750765779 0.330140964275988 0.195386177220108 0.100953314265892
-0.053711244087712 0.376481799826408 -0.14375370334233 0.410287298403529
0.134401572027543 0.30470733278483 0.0281141119388669 0.666703957350215
0.138927942459451 0.0981699535622266 0.1547521393357 0.198228236758424
0.0457274055255289 0.0290159159569069 -0.134746945894556 0.0649115838658432
0.0841272065347077 0.0734183288093275 -0.114048895365508 0.264055011411571
0.136157140378475 0.00231049770953891 0.0585437906183722 0.239369155529675
0.137444197858279 -0.062994123566364 0.068693122640839 0.147741797414262
0.150646272201801 -0.107833119528274 -0.0311921841996756 0.162057613341685
0.150947392932922 -0.117265388733257 -0.0675957680679215 0.250662802233323
0.153512454716018 -0.105613036681306 -0.121207439956468 0.284261489403897
0.16400524282657 -0.0514231756033268 -0.203537067658028 0.2424520285928
0.105224334074405 -0.0308500804036227 -0.255094290261351 0.105192748996665
0.209423997411838 -0.0644372102956864 -0.193335926553191 0.0261479625423963
0.32930260493677 0.147489939154266 -0.129971663215247 -0.0270699253980402
0.224382511004398 0.388091336068103 0.147399702688286 0.0289230682009531
0.0212402797554569 0.39327943661996 -0.119375747053334 0.26772738234722
0.179990659640313 0.352679617245479 0.0516304099574411 0.66279585692494
0.217697039015744 0.189559471140693 0.280642666791484 0.209979844794643
0.198842660105386 0.0328984117844483 -0.0572209414185891 0.0273736155361179
0.188410106712103 -0.0159903290838884 -0.0666053447474657 0.245012231100484
0.173601532735582 -0.092717952443178 0.107524208026078 0.220303746641636
0.141518223421176 -0.138853484571038 0.122661533052293 0.115979182258178
0.148121926643113 -0.175137128809072 0.0177545989166705 0.101511627532293
0.152523539076972 -0.182291359774668 -0.0279056984171163 0.177172538677014
0.180805912495113 -0.197413515264458 -0.0806643752911269 0.216989450572621
0.248074764217109 -0.153442504229162 -0.163656195241628 0.208206261691333
0.257950989002951 -0.0730526871412307 -0.257507033543911 0.0893112658516482
0.329901657684316 0.0207967442000637 -0.227433970187608 -0.0273873641521199
0.370914558036832 0.241291033570394 -0.155845779718971 -0.105466686003598
0.26896810020017 0.404892838901925 0.0928537204194641 -0.0813355331669098
0.123741123379075 0.350475389652399 -0.117514481273337 0.110665432199735
0.243738697927699 0.310547535455845 0.0876352138475008 0.599572044818636
0.288028456171792 0.20818670421693 0.383421648456835 0.169756357271066
0.328216669115979 0.00148252362689733 0.036692127001152 -0.0175131823596407
0.27107774052223 -0.131279212285065 0.0205289026561545 0.185281331422639
0.185317311917761 -0.195993806424129 0.166975070119865 0.150558566640675
0.120677436528224 -0.20117651061131 0.169460870982329 0.0499427082062039
0.126352306547657 -0.215901547496857 0.0623138520863995 0.0229551510882298
0.136068641785087 -0.21166955443301 0.0109123971139899 0.0876211779111569
0.183452215589879 -0.243402965372728 -0.0437554329276586 0.126660830018592
0.29091816507591 -0.211017972279184 -0.119380897825396 0.133932855217998
0.364738757611077 -0.0891679005150931 -0.233850735971007 0.0400615477256865
0.393969699263338 0.116031201277245 -0.240213298808889 -0.0971195722344589
0.346570628476672 0.312269959949955 -0.181450657107813 -0.212417650122983
0.256156294985345 0.371999123712444 0.0493130488471875 -0.21590576540936
0.200803810726695 0.246961590728471 -0.156808626563451 -0.0302336101243729
0.254163204364128 0.208027239392291 0.115270058078127 0.486341115576414
0.297104879802026 0.176374840966041 0.413160860792303 0.0774070163038209
0.388519083234403 -0.0446539154029978 0.104919644389865 -0.0631787400680165
0.294413738873767 -0.230620536175389 0.117916125112839 0.0919459734768213
0.156387930686474 -0.269690661490898 0.220131950982046 0.0342295481983717
0.0786136928327726 -0.232362487762713 0.198019832780286 -0.0449277898397787
0.084689466766772 -0.22273657201503 0.0990553718483411 -0.0599195163149926
0.0996935975877682 -0.204030323439491 0.046031684519634 0.00116105203252635
0.157186116534281 -0.241096879314024 -0.00909631220479024 0.0338930838078208
0.281260802214788 -0.218063771521587 -0.0692139612365222 0.0407397098891532
0.398726503942096 -0.0675262611514707 -0.175581578187419 -0.0326662975840258
0.367712220386548 0.20715842713501 -0.209142791993995 -0.173298850804385
0.248956438539859 0.333095919940569 -0.175524410173383 -0.326871955806728
0.205679710416405 0.280116407913114 0.033689897911677 -0.350762875979871
0.208964932712303 0.10531615234829 -0.219568119830778 -0.132099420472898
0.174738378467173 0.10484366651239 0.118171578696973 0.348761814247535
0.235750596466321 0.154279307918721 0.361619972862234 -0.0195030732635967
0.37441943740772 -0.069088349111583 0.13862770796752 -0.0888786608240094
0.250034106136061 -0.27683888097522 0.197650003855022 -0.0132589312919972
0.0952504041129453 -0.283364355550651 0.249825369345539 -0.101506041642283
0.0228559328329086 -0.218110729353261 0.203560744566381 -0.150090833992049
0.0281830169264426 -0.197018321726838 0.119163077957753 -0.137100558634131
0.0454628425473144 -0.171778755425578 0.0695358433671189 -0.0694277491713737
0.103179611769929 -0.208932173074507 0.0169924368911858 -0.0442784257006008
0.226367709505444 -0.198313550199303 -0.0169783218228548 -0.0473095541089972
0.367322009725952 -0.0317363149918494 -0.083404599046833 -0.0995544779436507
0.264154162280363 0.263008832140465 -0.131179821748042 -0.227258336595149
0.107507285021345 0.274156308292657 -0.129523930296142 -0.422709138819016
0.153522168346218 0.136348760232586 0.0486893984049622 -0.464557541067899
0.142350539849823 -0.0424483445205136 -0.273727405573069 -0.187553151807588
0.0353342543927314 0.0411746414299144 0.0964023744963281 0.209339428299911
0.140611417859536 0.154113331506635 0.263146779064635 -0.0773996323433459
0.302064929249642 -0.0664524199729393 0.159397272051502 -0.0863876232146255
0.157789472006055 -0.256325060097544 0.246869208318378 -0.109350108467078
0.0191025193843616 -0.227665978088155 0.244245531403541 -0.21921117360372
-0.0348369017205243 -0.159209377993343 0.182707154369803 -0.239890855981614
-0.0345290114592837 -0.140028497829091 0.121091128986864 -0.195610554815958
-0.0187521309084546 -0.124173991852218 0.0747816491569464 -0.120064641885055
0.0349422846292985 -0.169922247212776 0.0265393194271928 -0.105662472099633
0.154460534284848 -0.177210131729468 0.0291725404399874 -0.120303602204872
0.29867662404234 -0.00469828423795817 0.0226376933430794 -0.136615193631034
0.124039338565337 0.255002517294246 -0.0394485948824732 -0.23364883161584
-0.0189193904740864 0.134056162575137 -0.0639515789525514 -0.480656653035432
0.125828159291174 -0.0371818320172927 0.0799713605024451 -0.536347956056211
0.0313698748271514 -0.168073726940591 -0.296885789698181 -0.198545300731628
-0.105514838794628 0.00648542400408073 0.0620324493652001 0.103508779869039
0.0401907448152013 0.147621056805039 0.178178693933864 -0.0803868230929379
0.186905672778443 -0.0488356931932669 0.188736055753768 -0.0743401088955813
0.0443738784891132 -0.179452774870922 0.262388267793238 -0.181573842329654
-0.0502435319114743 -0.120893110148395 0.212069362568694 -0.291373569784845
-0.0830490272438915 -0.0647692462398028 0.144554880967228 -0.292186454786221
-0.0910946124381563 -0.0596089593824989 0.101735146960053 -0.227282413248609
-0.0779879599300039 -0.0675981905759679 0.0552815987912049 -0.152952109477514
-0.0308348070841729 -0.130152609111726 0.0170950291190274 -0.156577544859431
0.0858997541610442 -0.156783977055669 0.0667304367617565 -0.180808507515141
0.214606613634133 0.00472370352805887 0.111964204750146 -0.139657624593929
-0.00238694682083688 0.177628209957543 0.0173252117646052 -0.202271616276922
-0.0820154518614989 -0.0578117799644058 -0.0196573423931319 -0.515705490787842
0.129342683769469 -0.204985833597318 0.11253119177961 -0.555076403930003
-0.211318595399798 0.242204157984063 -0.323904455520073 0.395300993282415
0.0276673659878971 0.209885596990119 -0.218357795004659 0.556452690852176
0.0753009074343114 0.000328162592226418 -0.0283194726818989 0.17598377094361
-0.0763155097858128 -0.0244513987422277 -0.18707163414849 0.0360871302305248
-0.0533529324139343 0.110607447198751 -0.198805204214963 0.179613262381141
0.0497779504547576 0.0970265640505712 -0.0614150812977119 0.201121636825825
0.0960847245783013 0.0529414018842419 -0.0461801529087403 0.136970876322918
0.131478493963663 0.0315026010519649 -0.148647892178033 0.144524195369257
0.130727753912287 0.0307156474523123 -0.21355818162449 0.220607430472214
0.0931257246749791 0.0565396297881646 -0.275968638835665 0.213478370746503
0.0242982684749183 0.0848175584704705 -0.305718820184645 0.113084682198419
-0.0599769545255452 -0.0101763498500739 -0.252303292691468 -0.00738209710112437
0.119154270859731 -0.0938099583096313 -0.168084613282225 -0.00365688126523564
0.197227895246854 0.143969850471826 -0.117493628148575 -0.0312602249986885
-0.00192865008377044 0.347312514597752 0.112879224615371 0.167394012266617
-0.219794380897905 0.319863145509979 -0.261338042642579 0.30623525646876
-0.0134578781126848 0.3249665394905 -0.233324525137859 0.600942043664877
0.0819369335602614 0.145303968998737 0.0646195692558674 0.231603150862408
0.0272723765171765 0.0459704502344868 -0.149952898196096 0.00274997402500658
0.0452370935872606 0.0990972601319745 -0.204625495668731 0.190299789773514
0.118701945935085 0.0573310133052516 -0.040136720439322 0.231604546234167
0.147764685335281 0.000449029612466297 0.00286467360355529 0.153463264149809
0.179994649634929 -0.0368574347359293 -0.0955030190568004 0.131185652281739
0.185933419923234 -0.0447468132627807 -0.158554453567108 0.198120500090559
0.181466453988932 -0.0342757200582274 -0.221046882331088 0.206577171852798
0.170193633402038 0.0200829110431816 -0.277274606682184 0.132243558716954
0.107145131493861 0.0183656999684328 -0.269841679071046 -0.0089287369785168
0.214128494543808 0.0224461458510631 -0.176363917334942 -0.0502089022401544
0.243108565916567 0.255849980900066 -0.107889446779144 -0.0583551686215761
0.0654637477406183 0.437404132464161 0.0967963104072603 0.0871507976995358
-0.159983797409667 0.367958048913715 -0.179779338340367 0.179300731868357
0.00690159961492557 0.385629660560647 -0.207415557232348 0.607546129760953
0.113525592736499 0.262059524605468 0.180293032041214 0.289766819271723
0.158771684451133 0.114303393699794 -0.0618486240313962 -0.00777316647083967
0.173506258498065 0.0639872026686578 -0.156469491787716 0.186161930423377
0.19070925568902 -0.0101315373579165 0.00863031492013145 0.231242020311883
0.182310298950635 -0.0645986995573603 0.0636268499543848 0.147223440341853
0.204775951135574 -0.0987286463531177 -0.0272322530888344 0.096884343899744
0.212884702506836 -0.102911652899502 -0.0921206413380034 0.147000887184212
0.239734557406983 -0.106556637332403 -0.155632521549812 0.162215612360126
0.284448283997136 -0.0409958518109274 -0.226363369029366 0.116855150106565
0.26075488058824 0.0390059470676861 -0.262869196612259 -0.0234376921450021
0.290732053899331 0.146038272270832 -0.185918829783737 -0.109009806063999
0.244737640290047 0.355028758333569 -0.104266451416081 -0.136104413933738
0.0968939230630784 0.466035941249894 0.091287519924434 -0.0316023999363781
-0.0494835284193213 0.37579990208645 -0.119557112167217 0.030126453643825
0.0810353376259603 0.376322660354399 -0.151903809299869 0.561035113409795
0.16942311019238 0.308424425376911 0.289891563912495 0.290981980291363
0.285133021642121 0.141226829237845 0.0417878652240202 -0.0175690786724124
0.293275845707 -0.00161030645321911 -0.0587852689046298 0.162530925551568
0.242472729437357 -0.0964592603926625 0.0866653078501448 0.190087645073366
0.189759954361813 -0.127863638890097 0.131842063644709 0.107877920827363
0.201462546442353 -0.143727113128058 0.0453912531202976 0.0449728264554303
0.208371819059882 -0.135195806422698 -0.0205757813682536 0.0832916012981342
0.258897343136377 -0.146326806392143 -0.0844708039379175 0.0962276847211327
0.343895669261208 -0.0771592621016562 -0.156183707999656 0.0685725083597097
0.361358124128505 0.0648404775151893 -0.218942102991962 -0.0568093446257252
0.314686667374718 0.258520392450857 -0.171095915867851 -0.174806136894925
0.19385599513738 0.410849477040704 -0.0878847612377951 -0.243081977996428
0.0938029244423024 0.429825296209494 0.111455000836917 -0.169022161083723
0.0678773565637458 0.315471736579114 -0.109030040417223 -0.118591690321906
0.132892665776278 0.289851852192334 -0.0850993250763348 0.470551753176234
0.19029681486689 0.285642078194275 0.355370081725639 0.220023116213063
0.358936687843906 0.126473503213868 0.121763829250206 -0.0352209086769817
0.354584663481544 -0.0810260377184956 0.0630993772128817 0.116005886292258
0.247416200374139 -0.172967849905462 0.178784064164678 0.106984733870184
0.165252418632649 -0.171819232804318 0.196817284050246 0.0358911694822093
0.166727298145956 -0.166140796130411 0.11246166648447 -0.0145323488742795
0.173169770732172 -0.14313730289581 0.045270330885761 0.0205989794139368
0.233278091958161 -0.154594173586307 -0.0160928815566546 0.0263313055553194
0.335895916307768 -0.0879980309991239 -0.0734079194484911 0.00650525302694878
0.382403037761429 0.0963063582540888 -0.13469094899901 -0.0979197590348884
0.256069937224754 0.332513055374149 -0.113809573516872 -0.229728239012911
0.0960570756804095 0.390056043897915 -0.0388584059157469 -0.346994634016749
0.0795640015305794 0.326057394123881 0.159007521871872 -0.297112784248568
0.139488933792538 0.190130325599994 -0.137479300104106 -0.23286606122416
0.106193009344004 0.165624494094108 -0.0298492408863027 0.352340526771466
0.145537959175547 0.240148546672294 0.345969596245256 0.115459327995268
0.356298041150221 0.0974004788887301 0.161382803543522 -0.0430499684574037
0.333518201272611 -0.141401100823076 0.174690078722038 0.0552645430185741
0.198151198127056 -0.211125345557314 0.257609331128319 0.00109342351691562
0.110634899586635 -0.182579274376361 0.242977540316373 -0.0540789127347207
0.104951675177326 -0.166042777086266 0.162103523824818 -0.0737959892458789
0.109762659278935 -0.135434831201197 0.0949896271144966 -0.0327032407900464
0.171196206173057 -0.146984505563058 0.0374463669463134 -0.0333894788226451
0.277150054885884 -0.092811709330276 0.00796488989865426 -0.0505823683886975
0.339589468255261 0.114426976781333 -0.0255231316587703 -0.12064644727464
0.138245808814375 0.342222676690013 -0.0237714253916244 -0.246760240958078
-0.0111544238052408 0.283926514367344 0.0415596286443692 -0.419774534138786
0.0840008825663494 0.173605012723985 0.227677653055921 -0.391960391327846
0.145733434062213 0.0251414979623718 -0.17686565895748 -0.293990312452112
0.0116656196984841 0.0503178397237051 0.00553796145100761 0.226778873485352
0.0613859484634367 0.199031682074413 0.278840133399506 0.0294364275704363
0.29238930431488 0.0683149232168655 0.178920782693782 -0.0280726183696806
0.241506254919944 -0.160744012722236 0.257554339091866 -0.00677844165395614
0.108262524161597 -0.192835621366966 0.300366687166595 -0.101794673972314
0.0353279734780982 -0.15309895121606 0.261335799416119 -0.140736942489314
0.0248087979830711 -0.139036324731895 0.187812807156552 -0.125111282758467
0.0325243635715937 -0.117260822223709 0.119116986875456 -0.0773397766332514
0.0941184372392835 -0.138126809693267 0.0689227165353161 -0.0836571072659811
0.203409085714206 -0.102099405973375 0.0777455751907403 -0.096375095476881
0.267778708251864 0.109332862858133 0.0833479858236404 -0.110212706702384
0.0148062836593642 0.280433288490205 0.0584734713197391 -0.217212897135709
-0.0746424429915758 0.108986525853776 0.128667663392101 -0.452858149259263
0.124064066915536 0.00313216745584283 0.293342668173122 -0.44150976284171
0.102378045017627 -0.138962581527809 -0.203717445474 -0.298534099045601
-0.0964647889897129 -0.04051042716666 0.0152590751713344 0.125538294506928
-0.0249151229940204 0.149218496588773 0.200813311251431 -0.000894484967834354
0.183838102202353 0.034823930101344 0.200600760290988 0.00144261587035443
0.109335381085655 -0.139511157734214 0.302209769460292 -0.0593087007454317
0.00388672761657403 -0.126717414612629 0.302443017695347 -0.173915385051835
-0.0454735683263432 -0.0895664592050007 0.248373241216598 -0.200553323619604
-0.058780624263218 -0.0892203896573725 0.184195792661531 -0.161336647292452
-0.0442363673076916 -0.0903853125524109 0.113411278182308 -0.114239304257029
0.020710919357712 -0.128245155213618 0.0795817585414524 -0.132904197697938
0.134538334506574 -0.110950202715235 0.133364496783059 -0.134164802886892
0.190790254433333 0.0837787081614929 0.163821343717155 -0.0772207024069674
-0.0707922187453065 0.161851947950669 0.0971348232578695 -0.169093797348703
-0.0602011653544265 -0.0879514621192708 0.189322929941725 -0.47071240093951
0.191063518991365 -0.149693324414602 0.340124976940055 -0.441550745774196
-0.206629343482306 0.246437187077532 -0.323737744636815 0.397168145017724
0.0322125369643455 0.208932778818906 -0.216252668888679 0.555457068903405
0.0741323570799565 -0.00300965955176047 -0.0292263962877354 0.173154807206072
-0.0777568581330809 -0.0228426759068431 -0.189639504882275 0.038618760479444
-0.0495059988841194 0.112501865333958 -0.194256866919856 0.186780508248316
0.0513097372866289 0.0961744056840358 -0.0560173730144436 0.200331322092614
0.098235521281857 0.0513131707746664 -0.0460514113843339 0.133064997937081
0.133918661602062 0.0278212410462621 -0.148225330136914 0.147035111869172
0.132799708279636 0.0268443764572981 -0.209970196484554 0.222679014534613
0.0958937824173792 0.055129065922881 -0.271692869642121 0.216655160602314
0.0275258420919956 0.0840114222699154 -0.306339431695532 0.117711179706844
-0.059928485424572 -0.00737144268956135 -0.253318526379751 -0.00410552978672242
0.116562291489423 -0.0960663504720331 -0.165464238012915 -0.000460775066036975
0.201825147364997 0.140548933418672 -0.117435879095767 -0.0295714642778981
0.0042394550060097 0.3467983463424 0.111794200328913 0.16332932540922
-0.216596838621422 0.323630178638374 -0.263855507262348 0.305446834155418
-0.0082758969537145 0.323793583598517 -0.229501829032448 0.60004036337166
0.082518603110385 0.142731594844704 0.0657963346518145 0.226791159283575
0.0263991763410742 0.0454640201780576 -0.154112494481339 0.00582789790184946
0.0482725118091405 0.0989461027411833 -0.200313383961231 0.196747385512348
0.119295681161981 0.0556540925094808 -0.0342619436745082 0.230566300454565
0.149064851479323 -0.00194026543007586 0.00414017640376244 0.149332192641782
0.182234298822401 -0.0407082589548596 -0.0943359635845857 0.132186812077912
0.187428898041053 -0.0487191979334733 -0.155780878979343 0.19999347545372
0.182681958333274 -0.0367988136397333 -0.217401650767039 0.208779502027223
0.172553544649744 0.0165414565076549 -0.276379626698715 0.136861245086819
0.107770062704468 0.0185403819748091 -0.270390047567392 -0.00602702787781826
0.21314521832999 0.0195838403161243 -0.175191677018241 -0.0473320412177423
0.247699323632977 0.251722540123997 -0.107849567511227 -0.0575422494192236
0.0701272150441519 0.434546623389415 0.0949973309380258 0.084207189787756
-0.157881300042876 0.371542201763414 -0.183419622802383 0.179743026600684
0.0116545786875707 0.384987825121628 -0.205150557893754 0.606458677440131
0.115940469144772 0.261104181332702 0.18331881363008 0.283283399761276
0.15874466825692 0.112575083114967 -0.0667488346482939 -0.00524804540443854
0.17511474023406 0.0617144684414532 -0.152467737844657 0.191706276654955
0.189936453407876 -0.0126606588476658 0.0134981995460768 0.230023229655811
0.182237524516267 -0.0666404812858162 0.0657979164073464 0.142308395168834
0.205800871472445 -0.103243484015404 -0.0270180162190424 0.09670043109594
0.214029959689932 -0.107139300138402 -0.0892517828805878 0.148220978293195
0.239562228937031 -0.109108589230286 -0.152085372986703 0.162639474939169
0.285023218413866 -0.0471012534759576 -0.22402493282074 0.119740801065348
0.26203326343649 0.0362378336109793 -0.262031610522248 -0.0205574479814051
0.293188431498802 0.142751959685147 -0.186024330712262 -0.106317309093836
0.251189377059714 0.350614671385503 -0.105475383608852 -0.135230213406281
0.0989373918142794 0.464838705679159 0.0897615414783085 -0.0338249987126453
-0.0466339507048426 0.376683565375643 -0.124950753913358 0.0299511541287034
0.0844001721422173 0.374076981771286 -0.147408697980519 0.560725231976466
0.171604316772562 0.309105038463599 0.293462186102808 0.283255595920506
0.286694136043518 0.137656950002796 0.0364411524210316 -0.0150954229041961
0.293201664341127 -0.00610715765976822 -0.0529519498702805 0.166778094487922
0.240114511576322 -0.0996465531630104 0.09043975762127 0.187709695120589
0.189096206917708 -0.129762873531172 0.134844678814884 0.102793701564302
0.201129067607847 -0.147752260056803 0.0457562171977454 0.0435890913756467
0.21004076845591 -0.138727146662487 -0.0182734989615379 0.0826742515557515
0.257377891396486 -0.149338869645135 -0.0820853829595397 0.0951807699641777
0.342715466109954 -0.0842730335412327 -0.153762771785909 0.0691489732694734
0.362355256606797 0.0602230668828871 -0.217729772297173 -0.0567029826470244
0.318113708847222 0.254987280001832 -0.171372989793481 -0.172552218178431
0.200483638953784 0.407046114132018 -0.0899028892972753 -0.241496387850048
0.094596987214906 0.428934591247433 0.110039943242653 -0.171752260789239
0.0685852350348131 0.315362997024877 -0.113905355681062 -0.116954734037981
0.134702417045759 0.287005640672108 -0.0811126680338288 0.469926003114524
0.193461167451481 0.286592499716248 0.357133546614721 0.211466626134342
0.360541341893304 0.121169323784761 0.116678303363252 -0.032305891784953
0.351333061801865 -0.0861732650250944 0.0679254482861511 0.118011455034776
0.243641693702599 -0.17711276246045 0.180795953383868 0.104488847210054
0.164488829903004 -0.174034612754549 0.199029880374131 0.0307627951341539
0.165182291616563 -0.169566163671367 0.112240915463492 -0.0170260469587824
0.172913017045637 -0.145110967535508 0.0474695343206159 0.018444790838269
0.230929038105615 -0.156630889217942 -0.0142168271320467 0.0253997669006227
0.333512824125966 -0.0953569914356356 -0.071433432856105 0.00632239688798205
0.384248132346922 0.0898919049124453 -0.133716194204372 -0.0988057153996035
0.259950153902066 0.330854141047041 -0.114771719597223 -0.228520964322883
0.100060446019806 0.389674837061963 -0.0419569549116382 -0.346135417937542
0.0765507389160634 0.324160326614411 0.158447619191219 -0.298797677798346
0.138853423773215 0.188797176878585 -0.141932523183348 -0.229552733376089
0.106379222137322 0.163795149529598 -0.0247832805997933 0.352128526863279
0.149114088796844 0.241477650525932 0.346719481369666 0.107371114266193
0.358624311171497 0.0919535768170393 0.157523309163576 -0.0406201168110852
0.329309307371999 -0.146358192677548 0.178657767992482 0.0542472902084533
0.193526917439827 -0.214191879762046 0.257546249757144 -0.00271482451630056
0.108995650303667 -0.183644957572343 0.244323418812132 -0.0582087981867723
0.102056560900945 -0.166988549183631 0.162336858090372 -0.0770948721819515
0.109327401538156 -0.135860349350764 0.0965392714473754 -0.0342772836577471
0.16762877820379 -0.148850492438815 0.0375178603161658 -0.0340230557157658
0.273082023157478 -0.0985144264535954 0.00921453408238435 -0.0520115943782855
0.339299074973674 0.107698894475192 -0.0236268824132189 -0.122688393172093
0.143389935258791 0.340900869275379 -0.0251397905751489 -0.246478500044347
-0.00904694863004196 0.283916475056695 0.0385787882197362 -0.418576464898984
0.0796200163231011 0.170721276779649 0.225846392223151 -0.394093075842307
0.144313482780451 0.023081533062466 -0.180692863559047 -0.289575158164118
0.0105205192238695 0.0502594612346152 0.00981021471095011 0.225709685289544
0.0648495610713393 0.200275703470674 0.277238622944339 0.0241502111632888
0.294535646139503 0.063246630409745 0.175888527348391 -0.0256057210531895
0.236279038625877 -0.165324593912639 0.259614882944563 -0.0094420747011972
0.103578253416198 -0.194638959187362 0.298472137327356 -0.106100306710296
0.0338057816349166 -0.152916479140741 0.261292145458058 -0.143783344385111
0.0219760596065195 -0.138369923530489 0.187351308143341 -0.128643076004308
0.0319287811907101 -0.116014881644722 0.11900130720487 -0.0789538590396467
0.0910968047481821 -0.138649621935685 0.0670636400887346 -0.0842977652424151
0.198705124980757 -0.106178902842592 0.077728402849186 -0.0978085277005028
0.269008925059869 0.103742011762417 0.0857559606824633 -0.113848555725334
0.0199460077211845 0.282870514598389 0.058435713064109 -0.217635902265272
-0.0754390796300072 0.110927410522043 0.123918172596039 -0.4517418258038
0.119080774763527 0.000770014094867323 0.292635609306319 -0.442012531637023
0.0992683754234369 -0.140296988652445 -0.206671057632012 -0.294369084936337
-0.0984638245400207 -0.038259203167011 0.019399703859681 0.125210276697958
-0.0213743393858514 0.151219640451973 0.197792113653039 -0.0033476652854546
0.185534183707222 0.029886331826268 0.198956240734008 0.00222359160927132
0.104890018632623 -0.141989684073799 0.302349599776991 -0.0625674464473609
0.000626016400998601 -0.126951004188566 0.298791151536177 -0.177758496074257
-0.0462100162511273 -0.0875419710041545 0.247174592438041 -0.202172780411197
-0.0613870766216587 -0.0864932545272923 0.183170051861172 -0.16342261405855
-0.0455403113697025 -0.0886487610304665 0.113355839745504 -0.115032017528059
0.0177134311121878 -0.128634943231681 0.0758679333898918 -0.131948064231235
0.130296849878027 -0.113585104202866 0.131824232102634 -0.136845401135063
0.19217658661708 0.0785726369545229 0.1665078409063 -0.0807194294276858
-0.0668665123903315 0.16464444859151 0.0975935774454148 -0.168032121149453
-0.0632219589287777 -0.0859538827422126 0.185054240493834 -0.467909056488726
0.186771541893092 -0.15310434445309 0.336515304725621 -0.444421698169706
-0.202525428984411 0.255264940665587 -0.324148692640286 0.408356518588224
0.0400631848734804 0.21063886815735 -0.209217808007696 0.564522139655745
0.0732939753672468 -0.0069078461342267 -0.0275140592847856 0.173290741630083
-0.0811987902589771 -0.0199924405334149 -0.192792037473008 0.0442104739135799
-0.044333112184654 0.115551476810477 -0.189670577734054 0.19766859912137
0.0554542206988457 0.0949977779870152 -0.0492846677252734 0.203027303875675
0.10159952302584 0.0490149524443695 -0.0440609952788096 0.132129360469411
0.13751753982526 0.0215144870918375 -0.147880070927935 0.152689840995875
0.137872420604427 0.0211048826576532 -0.206288948977945 0.231811033748906
0.100633940408837 0.053447236883829 -0.268352652393537 0.226115998370934
0.0325050640779128 0.0841330253485748 -0.307387441450658 0.128169093342502
-0.0607896748982097 -0.00430033697579823 -0.257361459439564 0.00437302858101261
0.114160287702263 -0.101179422782501 -0.164567400204645 0.00426942022319065
0.209803870408747 0.134871281171626 -0.119433521050786 -0.0271256401907398
0.0146312272478117 0.34899488822688 0.113252824446178 0.160797773053045
-0.210006398435307 0.333965957031308 -0.265272716588898 0.314884722760203
0.00190594915150174 0.327106327031486 -0.220122064247614 0.609461805796798
0.0862647022211446 0.141919137532821 0.0711281057978461 0.224310012719758
0.026102375630441 0.0456829916933537 -0.159803297438227 0.0111019946212443
0.0524141003240827 0.0995594664696462 -0.195026546263174 0.208082826546768
0.122683996922259 0.0532000043272743 -0.025295018752228 0.2326714071892
0.152076001439102 -0.0058735732309009 0.00687141383300063 0.147060548308259
0.185118054225148 -0.0487796724086758 -0.0940218357736166 0.136420337945974
0.191098061600754 -0.057279226756345 -0.1517107081989 0.206436203436287
0.185525442030001 -0.04236192866928 -0.212665327332109 0.216282787046481
0.176189094089607 0.0102723919531072 -0.276547977998785 0.145370037248308
0.110014076195408 0.0174086010347464 -0.273276614236544 0.00104780476480107
0.215600499509707 0.0135134967554219 -0.176183907885533 -0.0427410010459633
0.26016924725874 0.245681985630448 -0.111331743963219 -0.0556192065309266
0.0819732077798912 0.43793147778618 0.0949291577633908 0.0816146220086548
-0.151460478552728 0.380363423538121 -0.187829638324972 0.185638061063689
0.0220242668846311 0.388032159527064 -0.195560124928665 0.616410934316893
0.123361495672798 0.261679671251884 0.192175975774769 0.277411944549953
0.162045043904563 0.109514101565569 -0.0725382795648194 -0.00190281125704786
0.179302799649734 0.0579210079053211 -0.145669674451525 0.202129903532386
0.191770126602567 -0.0180020916232345 0.021669893281696 0.230944656040339
0.184445405955636 -0.0722021222516007 0.0698398500212622 0.138658701746075
0.206624624469146 -0.112356304348393 -0.0254256832014489 0.0983052447256518
0.216141609968145 -0.115518272453728 -0.0851501380102375 0.151881568135479
0.241480109350489 -0.116908424889572 -0.148149053019829 0.166939184764565
0.288256676760576 -0.0574278549626251 -0.222482678720499 0.127327477294934
0.266930073532632 0.0304659174542272 -0.265014616894712 -0.0155649177717002
0.300136473991327 0.136638690226415 -0.18981609220823 -0.102539906839781
0.26493403598689 0.34683600706302 -0.11004037094032 -0.134697918239309
0.107975308746171 0.466827046621126 0.0889143232265563 -0.0381772426339616
-0.0405971998800318 0.383709421675266 -0.130685963227257 0.0337535078461667
0.093146483784853 0.375513393946929 -0.137698924984099 0.569666676097875
0.181633668006373 0.310382647341175 0.304671232763674 0.274213051860364
0.293568164329646 0.132310471345957 0.0316754274103163 -0.013313091524894
0.296492037202997 -0.0139476786676325 -0.0463764409066584 0.172834698655538
0.239832624959453 -0.108131234292345 0.0980369179389069 0.186546285187241
0.188959079259774 -0.136492434234686 0.139562373759985 0.0973416776572914
0.200385055007983 -0.156479865423891 0.0477902203371918 0.0421310531409378
0.210260209911136 -0.147179432256378 -0.014765620218042 0.0834437255504845
0.256965595340173 -0.15803489975389 -0.0790755881881343 0.0973458352711439
0.344271334134093 -0.0966000739719406 -0.152095620973166 0.0739408697383633
0.369632969386088 0.0514731271401047 -0.220664404354941 -0.053543213004007
0.329587379329985 0.250454729655927 -0.177055778716177 -0.170396297247683
0.215314203101358 0.406530367908157 -0.0975279020643949 -0.243097456088289
0.100528451747406 0.430945668522093 0.107937288614701 -0.177406804602666
0.0744966337294219 0.317742569385209 -0.122217973470721 -0.114423804163633
0.142378782894281 0.286000958374096 -0.0713222789662142 0.477750610391035
0.203996619246061 0.288309350106483 0.365126667845583 0.200760369202573
0.369186288068511 0.112202531802443 0.11309055400845 -0.0318653506918271
0.352462463787152 -0.0979192775026833 0.0751123352775189 0.119116737787101
0.239810991407363 -0.186357701721353 0.185998819133891 0.0998082839046663
0.162262425691666 -0.18055836508194 0.20392137864718 0.0237960057639035
0.163256075678512 -0.176644961677416 0.114061134653529 -0.0209577035070488
0.172424414987257 -0.150934551141287 0.0503384356618767 0.0168235963658159
0.229183430518255 -0.16464606233434 -0.0134694090344719 0.0249653359264187
0.333303200866834 -0.10729165292913 -0.0698007399908893 0.00631356475548132
0.390081151684112 0.0809183787305564 -0.135984164067698 -0.0995304027318531
0.273664336598411 0.32878345619236 -0.120790725900946 -0.228849876742114
0.111319837485753 0.38983543423433 -0.0502855912175534 -0.348826715441523
0.0793881337349965 0.326666828211968 0.155519499590558 -0.308124739213631
0.142638428034596 0.187316756179602 -0.152053802626394 -0.227548600317636
0.11049686900981 0.162253225081649 -0.01653451286157 0.355940783251576
0.158402419946492 0.244252300075066 0.351436482351891 0.0959779907995054
0.367262845209853 0.082821621678498 0.155019161481042 -0.0402712798773196
0.327167444803729 -0.158270637771519 0.185958102580637 0.0514966946456881
0.188082760430614 -0.223207297315116 0.260866869157066 -0.00927322763394608
0.105845777623391 -0.189247583291629 0.247953278546604 -0.0667051525662816
0.0985926667854402 -0.17188039474963 0.163696239863845 -0.0835264925653831
0.107397768598411 -0.139239421748253 0.0981540422982487 -0.0388640856564745
0.164778484149932 -0.154123382578208 0.0375115695558453 -0.0357695106615443
0.271176275962946 -0.108609503943559 0.0101019654272623 -0.0537699798338335
0.346030351294768 0.0981489181842655 -0.0244207807316163 -0.126493305055895
0.153665999909976 0.343468438392208 -0.0303434755199031 -0.248867947266863
-0.00401755706944792 0.288283659935526 0.0294426498272256 -0.422630667026884
0.0779206544025786 0.171608890150393 0.223693342377616 -0.404710427501409
0.143018590122375 0.0198669755346581 -0.189888892113264 -0.286334435585588
0.00966055648907708 0.0505585418527743 0.0168917948350816 0.227382309610663
0.0725944316513045 0.203938697873547 0.278828220658579 0.015271250788794
0.300744267040441 0.0533578572269437 0.175309731573005 -0.0260109794666243
0.231483166060482 -0.174693078513816 0.26473466881715 -0.0153893419826679
0.0975308225435901 -0.199622767259954 0.299071008491339 -0.114914642682348
0.0305930625132668 -0.155203663714386 0.262870758379708 -0.153271536352085
0.0174207163371373 -0.139267136129441 0.187794339046081 -0.136861376325658
0.0289527649183959 -0.116263376419834 0.120267569403921 -0.0837685605858493
0.0860578738064465 -0.142868081633597 0.0653162336087822 -0.0858285554134113
0.194941720485938 -0.113707429349607 0.0773253261857551 -0.102466123371684
0.273809967023714 0.0950205747354664 0.087467530414461 -0.120233517556085
0.028162405285345 0.286523217741977 0.0560607202201062 -0.220372780439498
-0.0761251931798317 0.114614124770865 0.115231826629252 -0.455526517581008
0.114802062097523 -0.00285765412413086 0.288015289873455 -0.45688126280225
0.0946084450022529 -0.14482111321387 -0.214705713412437 -0.290285780036634
-0.101632279724082 -0.0353562830255599 0.0253013173743808 0.124992925136601
-0.0160104154525891 0.15480749765632 0.198167459714738 -0.00836207257485251
0.189309113684989 0.022269347373026 0.199435442945387 0.00184371268706494
0.0990216144639628 -0.147306191721147 0.305111617120781 -0.071039659971707
-0.00495160658695463 -0.128395264584793 0.29703371390728 -0.187020523712039
-0.0490933958454921 -0.0868215730498756 0.246903872269368 -0.210884664845338
-0.0652883509137257 -0.084510412720866 0.182794095249213 -0.170801976082083
-0.0495348401773033 -0.0864137850916575 0.113144520402422 -0.118336977404388
0.0127751427830507 -0.130697237285913 0.0721830602018143 -0.133999913822269
0.126884601850357 -0.119387953105633 0.130089654108576 -0.142757479036429
0.196864204410384 0.0721469368819959 0.170167843993284 -0.0891370146003552
-0.0620259425998953 0.170687185039289 0.0968865953376443 -0.171639794460891
-0.0685292887621357 -0.0843578252381511 0.175577474094702 -0.473688276258213
0.181966203225738 -0.160123990811583 0.334599090337471 -0.45870180145817
-0.188012689883011 0.266314107903502 -0.311110571293054 0.423727088750268
0.0533049647240033 0.208518751235027 -0.186659402519043 0.574336731710434
0.0714895274992952 -0.0121975593161285 -0.0225213620547034 0.172531952163939
-0.0839084636800436 -0.0153147276118242 -0.194944038586159 0.0535755430264146
-0.0366594327191635 0.118743459217503 -0.177298402633063 0.210591371280676
0.0611301418256454 0.0918941557515251 -0.0362409883525741 0.203897122759843
0.105357270469428 0.0432753034837883 -0.0407444031165769 0.131592009394969
0.14042291598458 0.0119364554249812 -0.141836046339853 0.16077884366398
0.140734705824809 0.0112608182456578 -0.195136260349546 0.242402357141118
0.106213741145328 0.0483147818629182 -0.257159107215884 0.239544022890289
0.0384704889694917 0.0816591755116059 -0.302859688628518 0.144412756182901
-0.0609893809997015 0.00123748529446431 -0.257295448242116 0.0165473711942776
0.107804022950912 -0.108332337862803 -0.161896908231188 0.0111947035491862
0.218659505284265 0.122876373577759 -0.121503929645565 -0.0205048796784731
0.0334580977968022 0.347319038593138 0.117484286907367 0.154076331996551
-0.194778269274277 0.345378315895385 -0.258898244008289 0.327599064897629
0.0184822676539996 0.32602907858626 -0.197706542254471 0.621232449356329
0.0928515584948153 0.136401515036328 0.0795686032213525 0.217286975440105
0.0260989936154597 0.04557555733431 -0.163664017217625 0.0193445596663606
0.0587640829326215 0.0976419142940394 -0.182513280465584 0.221204455604375
0.12616449483774 0.046608296228015 -0.0122968711599684 0.233496775875021
0.153241261148715 -0.0144640578484457 0.0117055723190018 0.143715476683844
0.18461835551767 -0.0615794867848381 -0.0887571202440467 0.141867541879814
0.190812447895923 -0.070230626966271 -0.141279294725273 0.214176472026364
0.186108644033669 -0.0525179353166312 -0.201767288441517 0.225283016897467
0.179076011659351 -0.00047748620612547 -0.269230692832603 0.160689870894894
0.112100378881577 0.0139273917356069 -0.274437817231995 0.0148609553736237
0.215946425135324 0.00240324578616476 -0.176497396885602 -0.0350417183814316
0.274197742410715 0.232615759069731 -0.114309232141712 -0.0505899900408499
0.101925074619084 0.433288823010227 0.0957845809242092 0.0759126112489729
-0.134492384860409 0.389014393620821 -0.187102684954192 0.19426360790913
0.0430590074163145 0.386544758896542 -0.170664045222316 0.627522119478025
0.136411934561757 0.257167933712018 0.203496093799228 0.26441036157305
0.166585400244115 0.102757402417931 -0.0775880680022235 0.00369841041633772
0.182813388694334 0.0498276006699797 -0.133660269587044 0.212452837305776
0.191338328073781 -0.0276680718608576 0.0351352986920343 0.229074026627119
0.182534007536159 -0.0826166366362248 0.0758527100159903 0.132123650523159
0.203113558764244 -0.12461364994563 -0.0211870986989533 0.0997901468702175
0.213341809625232 -0.129249469712817 -0.0776233722795343 0.155097318252455
0.238059062301905 -0.129882704086367 -0.139684367344251 0.172846146884092
0.286405381175923 -0.0740722875622886 -0.216569192768032 0.138130463944083
0.270072858544456 0.0183840504526294 -0.266185560963847 -0.00358589225692905
0.307240914611927 0.123101614545573 -0.193598305187979 -0.0939404431158764
0.283166181862745 0.334062689937446 -0.116732935572039 -0.129858068877284
0.128608040087124 0.463402731196107 0.0860579999150425 -0.0433886332749029
-0.0244889065280531 0.387331739131878 -0.13588927457571 0.0401898897295113
0.110686837567747 0.37044850660182 -0.114160207004555 0.577985620860119
0.197690258784138 0.304192460913317 0.316141836093626 0.256186203668382
0.299940405289536 0.118426528304496 0.0270103071947426 -0.0114753747963175
0.29593794676933 -0.0293590403658059 -0.0344089268168027 0.177530645897034
0.234069303462257 -0.120664073906388 0.108327159723911 0.181777197957587
0.183822794768064 -0.146858956797683 0.145406968107451 0.0874256898266713
0.193699548586973 -0.16868606492204 0.0497953414071447 0.0391012052666873
0.206151325924554 -0.159207795608281 -0.00985343414648837 0.0829362885105332
0.250966421200323 -0.171790766004669 -0.0738063336005339 0.09968237681716
0.339416176033396 -0.116445786140542 -0.146898248162896 0.0804876421590604
0.373502142135988 0.0324756043754993 -0.222887902658446 -0.0448657795699565
0.343605862708337 0.235245552778213 -0.185231271927495 -0.162956022852642
0.235076132789268 0.397477859444351 -0.109592576482745 -0.238992153397439
0.116287169875255 0.428212635675166 0.0995635003870521 -0.183801691880612
0.0863486455380896 0.316252123160687 -0.131632172660649 -0.107772192019848
0.153898982393077 0.280455996889003 -0.0521804631034217 0.481446913955029
0.21956929331889 0.28151636081957 0.373975955151407 0.179345131324206
0.375405224792843 0.0954407137501776 0.108443310733984 -0.0325926266817036
0.347246449877345 -0.117101953055501 0.0842414183167007 0.117115522119516
0.230030717727564 -0.19919776327147 0.191976226588476 0.0908683326583787
0.155322372195354 -0.189806515580731 0.207118238775175 0.0113059373251738
0.154547393969121 -0.185849672232424 0.114302437358435 -0.027891688977837
0.167845057061863 -0.161412267701462 0.0527432757391423 0.0129656581842399
0.221333995456427 -0.176454962612411 -0.0111377354556639 0.024372194084682
0.326760120884281 -0.125444277331784 -0.0676716198204945 0.00869145652149393
0.395992500857438 0.060575992002159 -0.139791464050823 -0.0957839004755715
0.290401473240896 0.317202336781349 -0.131080186093513 -0.224201672865378
0.130089211045172 0.387945464220512 -0.0665820167402871 -0.346990933365069
0.0892902323359585 0.325115558997966 0.14281842069509 -0.318264152705133
0.148588004164741 0.181619913773036 -0.16426524625064 -0.219067704217954
0.1157946005391 0.15805392766988 -0.0011537992391736 0.357500817934023
0.172979080765889 0.239670853315012 0.354507842989371 0.0759192318642456
0.372918691436009 0.0628287140244107 0.151165421067015 -0.0426625990688584
0.319091837718445 -0.175475426151478 0.192303793661879 0.0430987362763874
0.175377567112704 -0.232456062991114 0.261022843132706 -0.0231522811372307
0.0978923034794465 -0.195614305951565 0.24748836273199 -0.0813717540029812
0.0897389388167057 -0.175872496338618 0.160868605929167 -0.0934177030640059
0.102600508486485 -0.144068294892597 0.0983445059506629 -0.0448425422493852
0.15654891066621 -0.161700448398524 0.0368527339481463 -0.0382080199627843
0.264185442505429 -0.122751512306538 0.0091527534482954 -0.0560467117664116
0.351380909250717 0.0795468967294729 -0.0283437333347381 -0.129085227705872
0.172895837890528 0.337520590033437 -0.040485667883247 -0.247855990048263
0.00783143293999584 0.2902548953386 0.0108385283513797 -0.42308309987782
0.0796341432431359 0.169309383729497 0.208596486991401 -0.419901252525163
0.141743504033965 0.0136648757098676 -0.203500084196371 -0.27703460235403
0.0099081582445401 0.0518492925995221 0.0292718469618743 0.225667257138797
0.0843201573436475 0.203960638159119 0.277961083230209 -0.000225220442403598
0.304438605128987 0.0365599078682881 0.172770424455979 -0.0286395717445781
0.221545223671739 -0.187061211263364 0.267533647180753 -0.0281376257331873
0.0857500792843729 -0.205203102135026 0.293669271051486 -0.129991045474649
0.0239571002063387 -0.157372199831743 0.258374392761957 -0.167059876598146
0.010075243512038 -0.139044178926747 0.183213069365208 -0.147461648892643
0.0239736994162211 -0.116837906535344 0.118584093312025 -0.0895905442555099
0.078086530690422 -0.146478118297487 0.0616104557161779 -0.0882106970337995
0.186777086112056 -0.124586581083546 0.073437831721903 -0.107693978305269
0.278502943830219 0.0790760845775791 0.0845085252898264 -0.127885975273133
0.0429273716582283 0.287807433303237 0.0478792234394999 -0.223051390198399
-0.0732055543681033 0.120805950529141 0.0957797072044585 -0.458902447737685
0.109315218004004 -0.00757664689197545 0.273213542080608 -0.471192709789091
0.085432674827924 -0.14995190286783 -0.227532335384487 -0.279754314743336
-0.105718932255458 -0.0288207768485924 0.0331242859320722 0.122721264344723
-0.00751220306560688 0.157920731686588 0.195661443343321 -0.0186132975972566
0.191076980492678 0.0109289791292456 0.200056611986993 -0.00270320393235126
0.0890067780647884 -0.152672060291195 0.303704577486667 -0.0855208241203621
-0.0132761400772437 -0.128118019891527 0.288260264540799 -0.201288411250084
-0.0528997276484038 -0.0838028707505914 0.238784472260172 -0.22305952622236
-0.0705950105662366 -0.0791288947146082 0.176560896419934 -0.180979287065403
-0.053393456899692 -0.0829245463192551 0.109575843273076 -0.124150687162969
0.00454196693816018 -0.131592722010624 0.0648805342247631 -0.136015567403607
0.1196824167471 -0.126230946661327 0.123430149689707 -0.150362412782912
0.200653552461347 0.0597849946317685 0.169568497065294 -0.100073937708058
-0.0518604774195405 0.176325639445858 0.0918946469953505 -0.174908322274897
-0.074872168074482 -0.0792672592336111 0.154727845877564 -0.478502988564845
0.171392418319507 -0.169275984426051 0.318076699260871 -0.475819051053095
-0.167885774515383 0.269302573288245 -0.288905325895713 0.430323537636904
0.0651101282883058 0.199947499583449 -0.156891043456088 0.567674428000374
0.0669999277474847 -0.0173647467510908 -0.0167079613649984 0.167815274528997
-0.0838526610077904 -0.00987285184416485 -0.191640723439624 0.0618918682092204
-0.0273990603350018 0.117585653190416 -0.15995623990745 0.216910725041246
0.0649135374700711 0.0859029588618181 -0.0218402923386054 0.198900666273569
0.106121923742814 0.036055734562515 -0.0358994353393236 0.128284232547529
0.138595142098728 0.00125370744588008 -0.132237901762739 0.164415495935823
0.13918466966364 0.000199517660115915 -0.177324684898748 0.246923699802175
0.107818349142703 0.0403787988095987 -0.237675599663435 0.246357365602056
0.0435381843650876 0.0768775052802638 -0.289748226442209 0.158444424501164
-0.0583832751245044 0.00661371188499231 -0.251143588370658 0.0292344250841907
0.0978624543105478 -0.111420625238936 -0.154311411447668 0.0181090383564717
0.221141644090277 0.106562103649623 -0.120145539133623 -0.0129618947643973
0.0522394363048082 0.335068702840668 0.117811137803943 0.144012664692768
-0.172743620237104 0.346114566256462 -0.244002937276353 0.333902604428704
0.0374843573629066 0.316554312083342 -0.16618138144883 0.614842501290625
0.095763250211263 0.127462328659747 0.0853599778088601 0.204681085105826
0.0262139072614001 0.0442249807829753 -0.16328629878641 0.028424162252945
0.0641701578560787 0.0922239806315013 -0.164193699426232 0.227348183534562
0.125384443121195 0.0391741659610814 0.00286373659543368 0.225437781769029
0.150104976592556 -0.0228690602988492 0.0169299400233885 0.137688787768162
0.177666598361197 -0.0725387146771857 -0.0804453039572603 0.142588730813647
0.183627017383681 -0.0808127744157907 -0.125742638932469 0.21540807024592
0.181855563711659 -0.0619216087671651 -0.184968283760866 0.229133228348291
0.175387920928642 -0.0114147262652969 -0.254403121908916 0.171374209883564
0.111619399697916 0.00851844880215853 -0.267031946700097 0.0282980924397133
0.209624203033325 -0.00926124289508069 -0.172494232305276 -0.025792767633394
0.280115161410962 0.211045190813724 -0.114757156866809 -0.0429464895312492
0.120087382002039 0.417308251270617 0.0938878051062512 0.068967254306036
-0.112733763926746 0.387944683213937 -0.179846610871589 0.200887787486414
0.060434744159228 0.373833440009417 -0.140669019128321 0.61947642416481
0.145584403694683 0.24380879557368 0.208790438165091 0.244713560059388
0.165636075535061 0.0920623410481839 -0.0809343697548816 0.010419758234602
0.181392817262001 0.0388222064794932 -0.116830434185337 0.215866015597583
0.184552360211036 -0.0367828615613139 0.0479027210125158 0.220330135326004
0.175167445571131 -0.0903293866718132 0.0801081862184275 0.122730783049977
0.192413343001909 -0.134208896757288 -0.0152953322561069 0.0977759345909011
0.203462039704965 -0.139652306613405 -0.06677997576135 0.154418834211696
0.226994864054468 -0.140323979077228 -0.126845712752948 0.174951866240786
0.275420297852269 -0.0895199254409268 -0.202337962064392 0.144866597084716
0.265799071383441 0.00473854474286501 -0.260025552732802 0.0085118706182739
0.305966122862026 0.104356924532477 -0.192765072819879 -0.0817041806111578
0.2936745892802 0.309279556960835 -0.121387538347238 -0.120623009371973
0.144432882104373 0.445126118678047 0.080032939342301 -0.0469577308837687
-0.00652634658591328 0.379126281464457 -0.136043353253103 0.0478735676984813
0.125926715213305 0.354632781732838 -0.0870270094398563 0.569318597934652
0.209648363727404 0.286650611745765 0.318941820906782 0.230429106218502
0.2992601081451 0.100460691567866 0.0212126792139411 -0.00869403690418283
0.28721593787133 -0.0444495421615762 -0.021883797166866 0.175903440630939
0.220894582310547 -0.128547275492648 0.116080556380334 0.170462594708216
0.173079061547374 -0.153174939762273 0.145769117124838 0.0751452698005113
0.181074067302586 -0.176553392386333 0.0511082647828924 0.0351700979845405
0.194890049041837 -0.167662638088527 -0.00394787097126074 0.0794044254078813
0.237122675779526 -0.181891371753928 -0.0658176805601735 0.0988653875518179
0.323776477734054 -0.133678737136603 -0.137420597249587 0.0845961177601323
0.367067112378567 0.0130558152152919 -0.21954486692251 -0.0346080654064524
0.346459781010953 0.212519989263347 -0.187936892928611 -0.149806412639859
0.249954285849798 0.375942342792019 -0.118797646734839 -0.227788842195697
0.129672145411958 0.413066348409218 0.0885074888781333 -0.186381688874179
0.0975144793738119 0.304137807656066 -0.13836258657945 -0.0966650699509841
0.162572845047337 0.265255609486146 -0.0307281055326773 0.472376185653979
0.230313185630033 0.2664456855956 0.371120517737363 0.153421524064821
0.372127690549136 0.0723243632239173 0.101687885036434 -0.0326769554237384
0.331249932187149 -0.132048775952854 0.0917828716864798 0.11067065101414
0.212596589433896 -0.205902624501829 0.192734017542131 0.0780070950883443
0.14210960361398 -0.193672886237993 0.203397268882717 -0.00236996710064226
0.141499891409691 -0.190134213007601 0.111098169597327 -0.0345396296310859
0.156627913462559 -0.166363101333137 0.054035721123986 0.0083927491009318
0.206215960720923 -0.183073026084371 -0.00861495061731141 0.0228059577468664
0.309272033426105 -0.141266161553953 -0.0635646598199369 0.0099495164023619
0.389331444347879 0.0374307914333912 -0.139463715982761 -0.0892893861500802
0.299524702568236 0.295562209831052 -0.138929795849345 -0.212147710957441
0.145691132814493 0.372394213665529 -0.0812806104373445 -0.334904211493179
0.0960000789181944 0.314648530767681 0.126536966241068 -0.319512841722581
0.150781820581032 0.170051930729076 -0.173216978609269 -0.204587183081621
0.118625000415595 0.149412592309139 0.0162730341568412 0.347723338717037
0.182197136589603 0.228320718998348 0.347073354390044 0.0540670909957165
0.368110099424778 0.0414981208550498 0.14409285660496 -0.0436715618116419
0.300096044320796 -0.187835996708669 0.19271428614035 0.0319661069257875
0.157338319148074 -0.234907625706373 0.253878843257442 -0.0365014178443971
0.0852545949991526 -0.195888874869473 0.23886760272675 -0.0946044506717216
0.0788414230318989 -0.175787996423543 0.153669113644875 -0.100778852919922
0.0934880249345808 -0.144912839722388 0.095392677240914 -0.0507631884070284
0.142515055138526 -0.165056495061367 0.0350263523847396 -0.0399215488998318
0.247746005744869 -0.134617907895458 0.00789627490908691 -0.0569361016475977
0.345588579585211 0.0582743438682345 -0.0321744538051187 -0.127652440129545
0.18662568317019 0.322599898668861 -0.051005084054156 -0.239654367855943
0.0210504688525207 0.285285025474609 -0.0087849981837329 -0.411106652975208
0.0796187139933684 0.163847064588827 0.185398969161428 -0.421339897597093
0.135931486045141 0.0066465495471731 -0.211709577290459 -0.258180419229997
0.0101406611635031 0.0513271585802288 0.0396969820003929 0.217944130253534
0.0950486978391498 0.197688126666013 0.268619840464804 -0.0150681377779103
0.299565848632742 0.0177694649040599 0.166309682847294 -0.0317399842151774
0.204027656488182 -0.194772469095137 0.261525199565827 -0.041665336688277
0.070939710903165 -0.203192835177593 0.280795156993772 -0.141447433706245
0.015067808137108 -0.154570560158316 0.24600422583119 -0.178025262834908
0.00224563138246017 -0.133993818643628 0.17282947357748 -0.154446117132785
0.0174244926747928 -0.113174008926282 0.112574669934809 -0.0945309356786475
0.0674069549447977 -0.145705860659123 0.0563021733379628 -0.0890693613279316
0.173181407289603 -0.130800189439914 0.0668402222051808 -0.111229810069563
0.275251017654591 0.0606039208694253 0.0783822888600564 -0.131789888308232
0.0583312667347666 0.279855942243163 0.0375687795151457 -0.219182126984607
-0.0681009310679292 0.123255513785782 0.0720631057056548 -0.449325546985648
0.100675841522671 -0.0112733634047073 0.246140979306416 -0.475923890593093
0.0740535122988668 -0.150114999536798 -0.233272105691541 -0.260785936944525
-0.105424512500884 -0.021161428268858 0.0405382497076904 0.11593832673384
0.00298996213006794 0.156829887456517 0.187302029105959 -0.0280361408424124
0.187387645374371 -0.00109582042220415 0.195603265786134 -0.00878169311713817
0.0763200861597712 -0.153072610940019 0.294216219314331 -0.0988738292586694
-0.0207993322543138 -0.123145262177907 0.271820172805452 -0.210987815944046
-0.0550459241333455 -0.0788474189527141 0.224042790257659 -0.230505347331181
-0.0734946983997393 -0.0703357608059986 0.16502124504839 -0.18665064389799
-0.0570225414740261 -0.0756481224222178 0.101604887588947 -0.126832419361383
-0.0043559744579506 -0.127531848216643 0.0571656732487469 -0.133725415242845
0.107372699462277 -0.129424667197034 0.112544391925554 -0.154803006267023
0.198819204450033 0.0456061347233665 0.162962614650961 -0.108504612429815
-0.0394195425077139 0.177121565892749 0.0837838787742445 -0.173245392324022
-0.0795267827640826 -0.0709360778225793 0.130111332882504 -0.470047769209627
0.155316326860525 -0.173124463470813 0.291018421718805 -0.481827426477951
-0.12582508346411 0.288060499578306 -0.218843685006251 0.419265568602364
0.0868435539360995 0.184041299187136 -0.0855668496799019 0.554499140888701
0.0600285139387297 -0.0245158550221105 -0.00103078076072201 0.161336538208827
-0.0818601501268448 0.00189131819736047 -0.17432801880131 0.0881770053187202
-0.0122654589179333 0.113384548793578 -0.118375423177296 0.225499723480149
0.0717958585134137 0.0737351441371928 0.00543442615737688 0.186872936578334
0.104642287236289 0.0221284888482767 -0.0201040920654758 0.123654001376352
0.130822653204733 -0.0177578858007254 -0.105393808165134 0.170596010934574
0.133144872635286 -0.0197513470585449 -0.136352059940125 0.25375551760047
0.10985833929642 0.0233086006941154 -0.191668518570261 0.262171854990833
0.0547593880489638 0.0662516480062149 -0.255294597641825 0.183846909468042
-0.0507398894758732 0.0167546815872631 -0.236816277754721 0.0597674983952095
0.0761994511424585 -0.116904160536731 -0.143189214053718 0.0295318127077402
0.218374793402782 0.0709913629189726 -0.103612101629538 0.00179601566317337
0.0941757305989692 0.30056549524436 0.128189627640508 0.133970557303017
-0.121919974268617 0.363137691410868 -0.189270226229939 0.317359364410507
0.0716713928877659 0.298522621525453 -0.0873873454000453 0.596390685442098
0.105471569471268 0.10934298235445 0.0998587652716571 0.1763814659127
0.0278524595641535 0.0403539060541251 -0.155873316600411 0.0498554331090201
0.0698332203755163 0.0798538817571612 -0.124637019792115 0.235412020123027
0.123798024606949 0.0230648895855562 0.030281976086615 0.208160825555431
0.140044554159985 -0.0380743653582615 0.0310140000749032 0.123755200368106
0.159348135627489 -0.0924236200541156 -0.0586286073286809 0.143456219547838
0.165991731844258 -0.103038762202133 -0.0920254900739904 0.214610090863728
0.166505604211222 -0.0824945294331215 -0.144553740852469 0.234636672174042
0.166539369877609 -0.0339743731615523 -0.221117880787447 0.187848485396242
0.108897485872776 -0.00110142663456677 -0.250857414180946 0.0559412569236553
0.195017187274924 -0.034391241803381 -0.161563115031398 -0.0113071992613243
0.284762666127451 0.161882729368167 -0.0972814343099436 -0.0249277083928023
0.166083274312092 0.368048846898594 0.0979612732326559 0.0680070017959194
-0.0603670813153805 0.395564572080427 -0.149603465662511 0.180724735195391
0.0996022407890726 0.351428426114265 -0.0622777690134219 0.595381589254248
0.167677498861603 0.213331816404192 0.220820387602944 0.193081700732505
0.165305224279452 0.0709940001808878 -0.0825013193915016 0.017999711202583
0.174237371930711 0.0163664719445773 -0.0858465751952976 0.217402468575916
0.171291291028378 -0.0550853174130021 0.0684264217880207 0.198313201277514
0.156202805867781 -0.104399947632434 0.0883886557940616 0.100948783405654
0.166498051933611 -0.152952061115618 -0.00305836742952965 0.0914672214792448
0.177859454082807 -0.159432593880353 -0.0432562591590598 0.148600804630888
0.19787744470599 -0.161431159182086 -0.0965244433780939 0.173700416957986
0.249770380954113 -0.120573837723819 -0.175137997205177 0.152878988845488
0.25254369944678 -0.0237610713498712 -0.243832963721196 0.0318898919189258
0.300872546183417 0.0596704584904011 -0.182588424650086 -0.0619276148447786
0.308964464504076 0.252799592582394 -0.110679222441482 -0.0940701853452878
0.189520903371423 0.394879032007784 0.0718065157744288 -0.041551169674893
0.040682719406136 0.373602662268876 -0.13398361946468 0.0322202744449344
0.157766305468111 0.326801787556533 -0.0208066400987966 0.543002169437551
0.235108107434682 0.248822665562238 0.321759056686984 0.163182814945593
0.292140089164391 0.0641923395408749 0.00809666327069844 -0.0158651494786801
0.264895221109154 -0.0740456946495177 -0.00714228832400116 0.167539733094501
0.194839309378608 -0.146678808230171 0.124013169281575 0.144675636423825
0.148012578878528 -0.164351743134562 0.144807651833488 0.0468208263478271
0.150215544535774 -0.190024601562625 0.0528662130112372 0.0236626674942341
0.165613572513908 -0.184877266019056 0.00716910585148598 0.0695826775543102
0.20140011673953 -0.199496206765845 -0.0485225937839423 0.0935176726939964
0.287925295580967 -0.166885472261734 -0.120725170735574 0.0848588773531422
0.346236210938963 -0.0282492799138974 -0.208601003422782 -0.0177614783895941
0.353707926868775 0.157737974731571 -0.182711814397732 -0.125980684304972
0.273482832611041 0.321262934046958 -0.121025199254256 -0.192074412973923
0.16794453361589 0.368198596207262 0.0648110885986107 -0.177425260515372
0.130695324730424 0.286119210852893 -0.159138123769995 -0.0976734468253087
0.182510076426441 0.237789798212129 0.0221862515922037 0.44717805546161
0.253463324033262 0.225542779252278 0.361900233654345 0.0823988923587772
0.360262011063246 0.0296077378919355 0.080026089724069 -0.0497280638804871
0.297737480388627 -0.16226806218506 0.0895388589122632 0.090853864464757
0.178835661728518 -0.218099800710929 0.183327885794077 0.0495863199972148
0.11367089833909 -0.199111475519363 0.190268363687973 -0.0349078593573999
0.111639644334443 -0.198055040405456 0.100891083599238 -0.0501837584572258
0.129606160698164 -0.176594014662569 0.0532127417018785 -0.00519628323458754
0.171516288929784 -0.196332643984497 -0.0043811256798164 0.0145995748815632
0.272193832974647 -0.171501986324161 -0.0602006269622679 0.00517676379492056
0.369149233102081 -0.00905721195116737 -0.137739716559566 -0.0810169018460705
0.320860402197769 0.240769097098233 -0.141964665888379 -0.187757079423012
0.175015963002694 0.332876325857112 -0.102479716091723 -0.295387968013782
0.121783443093431 0.280677006362524 0.0850351195538451 -0.313146583951977
0.163965709475875 0.147422011121308 -0.205483068600535 -0.183495135793827
0.127773420097337 0.132551085586763 0.0531451350919721 0.324490025909579
0.20397807856697 0.195851949321256 0.327748168895251 -0.00518348260783685
0.353457649986637 -0.000142889699944349 0.119893534515903 -0.0653821948378017
0.260590156926675 -0.211778849599644 0.175722035330529 0.00498595706586404
0.121957567234767 -0.240104875989774 0.228965993738278 -0.0636648120479258
0.0597293086318618 -0.195001411478592 0.214725547949748 -0.125944370637496
0.0532475878901672 -0.175949292561632 0.133892345449001 -0.118171910516673
0.071330342848032 -0.148128873870995 0.0853232502479822 -0.0642356578346724
0.113192578031123 -0.171200823193968 0.0283313613351762 -0.0478327008805978
0.212442086926402 -0.156555069600065 -0.000220807134643455 -0.0645633197296121
0.328235391981708 0.0137097098136872 -0.0381508280364447 -0.129400069737343
0.216903879674676 0.280348932742839 -0.0624068476354428 -0.220384030700192
0.0463618530812782 0.266142957503938 -0.0496631794214045 -0.376429257774762
0.0841176762024844 0.142491611794635 0.130223162658707 -0.423306065351232
0.128846291364857 -0.0109703463003696 -0.243896445876218 -0.218103401457093
0.0139317679646804 0.0509775418627794 0.0647984092655621 0.19900210164105
0.116307995502457 0.177157428303345 0.248197358152753 -0.0589787816483444
0.286396653737883 -0.0163882544562702 0.14650613589995 -0.0547638736885261
0.169754929815754 -0.206269629064112 0.23505988562219 -0.0717008149750001
0.0437956682172344 -0.200356391012728 0.24396324003366 -0.165425153901241
-0.00232945094939553 -0.148910567955444 0.212482226539936 -0.204672809373167
-0.0137667498518408 -0.125714113107395 0.144827081226688 -0.169887258283016
0.00281708288765594 -0.108085328566076 0.0964906966745619 -0.106234667877533
0.0434691565995162 -0.142367743152178 0.0412628225587923 -0.0946431249191226
0.142552648182988 -0.144495515066618 0.0488220282562968 -0.119606070659618
0.261601394037062 0.0230858615411612 0.0668141916682553 -0.144443101554266
0.0909689360771673 0.257500275067337 0.0215281919802885 -0.208558405089959
-0.0557454230520502 0.127169218141624 0.0165379816510527 -0.425167948998906
0.081167089081817 -0.0235188626272311 0.184778805357144 -0.488762079641871
0.0481332562946117 -0.156291961072758 -0.255537546334815 -0.206337730316812
-0.103494400617969 -0.00543018226141716 0.0577748960086173 0.103518204131186
0.0241406169541228 0.148761967732006 0.174312411034344 -0.05682113012938
0.17705465382959 -0.0231009690142097 0.179991350756808 -0.0346177636120202
0.0535277344351339 -0.152365052000532 0.262943970836536 -0.128728357088659
-0.0351125213435286 -0.114248135556151 0.231443893867432 -0.229230765850755
-0.0606128583316476 -0.0697912745920728 0.187166718424354 -0.249739500658313
-0.0779013282729763 -0.0564517276667871 0.134043015410949 -0.198189509701147
-0.0635062401674075 -0.0627963570799736 0.0811399254076374 -0.132690432958469
-0.0216132640076487 -0.117425984398859 0.035022608913145 -0.134579067612776
0.0815831145219763 -0.134091413099612 0.0856294010774256 -0.165334443412687
0.18910247926126 0.0174590179910257 0.148604126728085 -0.131217774849399
-0.0129433898417797 0.173131141884748 0.0665182164784945 -0.169497782339007
-0.0896666180687329 -0.0525847645608933 0.0627900374635008 -0.459229888832434
0.112741237928938 -0.18248199382489 0.228524080155478 -0.502693277671476
-0.120752359355444 0.275214945078428 -0.219039739951699 0.402700516255314
0.0850984551105931 0.174585840223859 -0.0880672987890442 0.532336930215117
0.0559947793759868 -0.0241334403624399 -0.00503083516886341 0.153499707050464
-0.0791603819587041 0.00278536067482137 -0.172139923365584 0.0853694955929479
-0.0107012331563967 0.10847884496096 -0.112889232255445 0.217688699596249
0.0693090988617729 0.0701531750298078 0.00644618973629699 0.176795545809758
0.101716267782065 0.0212745073354413 -0.0221780257288121 0.117865941708687
0.126142819753829 -0.0194108921844847 -0.103287551748117 0.164132666493418
0.128079041824768 -0.0217146150485978 -0.131313679807922 0.241406615615796
0.107454653602681 0.0209945689892354 -0.184838896869925 0.249559999728385
0.0528246271752949 0.0627902252942182 -0.245094135440845 0.176258642684404
-0.047100209419804 0.017522487230222 -0.22722439576672 0.0550301329526738
0.0713181902730701 -0.111500352325741 -0.135473453800114 0.0260017813172896
0.209601728354989 0.067292018365897 -0.099808701755148 0.00233849985893543
0.0886459560523133 0.286371184492387 0.118789933943205 0.129760782570173
-0.119374832708724 0.347894467418774 -0.189284847545315 0.304667923921452
0.0677388976839177 0.283075222842373 -0.089730665574365 0.571844321322714
0.0985013277358774 0.104387783990217 0.0923183532570107 0.167169061955349
0.0252630275307665 0.0402709514934765 -0.153659494643693 0.0496882073799907
0.0670608433613792 0.0768658845046735 -0.118058158435601 0.226341878695086
0.118538182874258 0.0225287478568857 0.0300394478942347 0.198092875515159
0.135449764912488 -0.0364749098248255 0.0265825031133694 0.11753101803055
0.152586645591831 -0.090687133941822 -0.057902643422502 0.137682422969595
0.16035915328431 -0.101001171168082 -0.0886128916099651 0.205328700879703
0.161305654429441 -0.0798790123082267 -0.138670989421545 0.224057300436647
0.160202433711059 -0.0333791806272286 -0.21145655250302 0.178678654563952
0.106064088332134 0.000323233942488027 -0.240412867061991 0.0516707900571836
0.185725869971888 -0.0314358408106426 -0.152794889739524 -0.0118938392824828
0.273038454879069 0.154658207167956 -0.0933916993878408 -0.0240325183964045
0.154074531045484 0.355254239425939 0.0911047402068303 0.065999785139073
-0.0628770164323507 0.378229817943936 -0.150197040530424 0.175924992024772
0.0916004675675157 0.336083449675909 -0.0669876512428729 0.573092109537504
0.158466051098724 0.205454097500194 0.208262794459782 0.183254412873067
0.156883797088889 0.0695609459530185 -0.0829748688079785 0.0201895093478488
0.166843166465444 0.0161299868857234 -0.0809443540045672 0.208792163032304
0.163841682923404 -0.0519535552348416 0.0662147581664184 0.189019190536887
0.151089339473574 -0.100186717102278 0.082776824200256 0.095440859817413
0.160029802880465 -0.148287031720962 -0.00332972011640318 0.087307428016525
0.172187489718023 -0.15580640788902 -0.0411053930497763 0.140558740997216
0.192690848828706 -0.155182523813061 -0.0925711898490721 0.164493408115152
0.238441514828997 -0.115590468797152 -0.167320368587485 0.144374350199545
0.243712638354314 -0.0221166335239047 -0.233868389263129 0.0283122349659486
0.288466591694985 0.0593450956391386 -0.173715908580203 -0.0604972771979597
0.295446465237029 0.244708060623863 -0.105614238699618 -0.0908491048246373
0.175927772163991 0.380191905169328 0.0682273719547014 -0.0386770309218416
0.0338704497392185 0.359415834021045 -0.132640988051997 0.0339116001337758
0.148210668536789 0.313651991594344 -0.0254836185889109 0.521845267188663
0.223521875722168 0.239091831860045 0.303658139712042 0.156563665107734
0.279538448068181 0.0636572741975338 0.00559614207013487 -0.0102891860338025
0.253201039822053 -0.0692272590189396 -0.00453613668765612 0.161220942255124
0.186704358231142 -0.13970928752004 0.119265977935235 0.138332855518497
0.142985355859314 -0.157550960282762 0.138062291200538 0.0435728253765414
0.144397521794986 -0.183894145295273 0.0504267533168586 0.0216499819695217
0.160878457652647 -0.178505073211774 0.00732271942425559 0.064698645423663
0.194422931492486 -0.191214514766545 -0.0464937278359068 0.0870481831493161
0.274850930720388 -0.159767954326169 -0.114471805991854 0.0787107800671049
0.331903270410093 -0.0262162099925603 -0.199367538753 -0.0200414063281787
0.337999395720528 0.153731220510706 -0.173447341251059 -0.121046731016046
0.260940500438653 0.310307468245146 -0.114427818935909 -0.183645194800089
0.154569904730525 0.356445318996277 0.0624689094157509 -0.169828074992216
0.12078657154602 0.276433995917241 -0.154538260953134 -0.0916490574960105
0.172131795982694 0.229795109733998 0.0163569939219232 0.430155339160529
0.243012761057486 0.219104017014655 0.342097230038982 0.0806867328867251
0.34617391995706 0.0306506289096422 0.0755046987760455 -0.0419263266633694
0.284646415466113 -0.154125035608698 0.0874894674170512 0.0878481588789932
0.170881327431047 -0.207728882296299 0.176675272789121 0.0478996927879537
0.110408363147356 -0.191169914233634 0.182719302489043 -0.0344846835247761
0.107253845411277 -0.190078155332916 0.0972623642661061 -0.0499379683285952
0.125794516103364 -0.170319388681735 0.0522165274281709 -0.00696489685800729
0.164654108509991 -0.187099720171056 -0.00309885179936007 0.0122800975702515
0.257893279410712 -0.164037583549967 -0.0550183002987665 0.00255790796220563
0.352412028641029 -0.00781776377137677 -0.13080703449916 -0.0802575241391144
0.306715154155744 0.233943795622207 -0.133457116822965 -0.180030560152348
0.16439496088538 0.32210131362506 -0.0953131270033568 -0.282367458854699
0.109727360059436 0.274056126825836 0.0844535900690965 -0.301470159429331
0.153945072930913 0.144413377890494 -0.195985392421788 -0.175990561487127
0.119562780870304 0.129600438806341 0.0482992750951434 0.311790545480127
0.19684583172793 0.190616585698944 0.311055607154836 -0.00538116980477009
0.34063472945281 -0.000546348715927684 0.115704899896055 -0.0562888451982238
0.249339476134191 -0.201908032267227 0.170661503343614 0.00504653664738734
0.116979997038797 -0.228717114770988 0.220044731246989 -0.0605255629812243
0.0578574351804053 -0.187489510770094 0.207537519705568 -0.122560432723632
0.0510741081338857 -0.168224589030343 0.129414009953933 -0.115267269303585
0.0699277681935188 -0.141301049685851 0.0839092346157043 -0.0634182749092252
0.108202165660011 -0.162942479454698 0.0282720431820924 -0.0468333439976037
0.201192231647674 -0.148968037029194 0.00196060796803201 -0.0644746587946108
0.312819607228425 0.0133137445106416 -0.0352523019786867 -0.127210760008692
0.206935962156554 0.271295607774386 -0.0564706100371227 -0.21063271138103
0.0417987948247798 0.258280023915951 -0.0426391035956509 -0.360059430972961
0.0753617674050256 0.140629287562603 0.129723408402917 -0.40645719070674
0.120103540823013 -0.00909909168388326 -0.231466596626987 -0.210577049140843
0.0113615554100863 0.0511543842935554 0.0607810637690182 0.190457733705173
0.113292543796684 0.171861610123006 0.236186600718511 -0.0557045992454577
0.275369278979103 -0.0160998069262413 0.141823678719858 -0.047176514475524
0.161477019858214 -0.196524195164049 0.227860085266932 -0.0679154293316575
0.0416178584379904 -0.190971983533797 0.235516660300449 -0.157902114302276
-0.00219469644933772 -0.142299388282517 0.206131638340924 -0.197288621604287
-0.0130717671906156 -0.11953307439636 0.141146673173516 -0.165040510629421
0.00396450064439492 -0.102179051883124 0.0949026926587551 -0.103000471039676
0.0403350055090065 -0.135686859061902 0.0409042815585008 -0.0897284578317737
0.134528870512258 -0.137174225569236 0.0479785716406742 -0.116507923930534
0.248833310415094 0.0215091204551086 0.0656505256330067 -0.141148133404938
0.08718118819852 0.248618269281259 0.024133258835206 -0.198909152692854
-0.0551167916317931 0.124622468002927 0.0215436081545734 -0.405461196026139
0.074058326548336 -0.018661315774324 0.182607696444615 -0.467578636743083
0.043850380323532 -0.148940165273332 -0.241909893156466 -0.200137828221443
-0.100451912247519 -0.0037665479555426 0.0552234000117533 0.0973402768742634
0.024971547956385 0.143987834852875 0.164604515145389 -0.0537569370622958
0.16979108513057 -0.0235522909854475 0.174479560235943 -0.0284885466164171
0.0499170052270756 -0.145174682291051 0.254163013816622 -0.122439561501838
-0.033753399731747 -0.108517093280786 0.224664224163583 -0.218240068454003
-0.0583901462531849 -0.0666689644477849 0.182798557335488 -0.24016759470639
-0.0742264702323125 -0.0520930018896367 0.131589209025632 -0.191136992354158
-0.0596201834795062 -0.0584596548369024 0.0807961205299786 -0.128089812147881
-0.0212912429305944 -0.111691377111857 0.0349672262544523 -0.126802259391199
0.076944466718901 -0.128536220859591 0.0828861009678153 -0.159074211684199
0.180564040989084 0.0155961204074722 0.145655351671835 -0.128117021811043
-0.0118808993023297 0.168001868762403 0.0672958999875883 -0.159641203843106
-0.0868481220530174 -0.048011110954468 0.067443098263062 -0.43609005550779
0.106435259913637 -0.172681304247061 0.225825276648152 -0.483044939594086
-0.125051256240121 0.266406836079589 -0.232497770143039 0.393979747892632
0.0799848886097914 0.171142846999538 -0.10468876233051 0.521266883779449
0.0536209867328154 -0.0233558006292167 -0.0117265074737155 0.149877904675517
-0.0789890650075901 0.00196008116435371 -0.175953677552572 0.0812330139948035
-0.0118038518293891 0.106241169494641 -0.11477529776949 0.212649460218203
0.0658568634492688 0.0708354101358086 0.00354882131660072 0.171709921999992
0.100545817015563 0.0224181357037968 -0.0272865531688291 0.115055552534553
0.124569941319327 -0.0182919167660164 -0.107602502444064 0.160704225513664
0.126918113666035 -0.0209274918000383 -0.135498867974774 0.234814698922337
0.106639738238679 0.0219328003014135 -0.188665168635205 0.240135322481866
0.051082629791397 0.0624391833137122 -0.24644280349088 0.167700128470761
-0.0456048048719226 0.017061101854972 -0.225204403965543 0.0477922076704146
0.0718436046900922 -0.107877611645744 -0.131537351826516 0.0194502588257435
0.204862831597708 0.06960258398743 -0.0983901926008102 0.00076817705772874
0.0782561237345947 0.283651640929118 0.110543543668902 0.132710376093065
-0.126287606233373 0.338811114323983 -0.202867496835222 0.299221981925473
0.059533997156966 0.278743245399989 -0.107589111391098 0.562177255816822
0.0925060721496061 0.104036704719834 0.0831904384170356 0.165506744431283
0.0219858335799972 0.0409891072962996 -0.15624032859792 0.0475450724895707
0.0648058116590422 0.0771680856649214 -0.120363016538117 0.221594720116173
0.116179032981076 0.0252345884927127 0.0254391243996051 0.193711401391575
0.13586711208767 -0.0330826840072743 0.0221340455175537 0.115951686757927
0.15316755154234 -0.0878057658630532 -0.0612332024903339 0.133862971879791
0.160684201650491 -0.0989049088800343 -0.0930038179418395 0.198965037432494
0.162817195290857 -0.0764756515255609 -0.142939873734031 0.215461391757398
0.158986975951444 -0.0295897003463748 -0.212261361496066 0.169445638098181
0.106112017823105 0.00306786523888201 -0.238302924961714 0.0437524345698114
0.182310971790457 -0.0253596703755595 -0.148169042910493 -0.0169704222261352
0.264051540069401 0.158484496612745 -0.0918937293687046 -0.0239515378474801
0.139774267353374 0.353592530327571 0.0860751972639514 0.0692171818940538
-0.0742977769958004 0.371791815536983 -0.158195606460417 0.173577614048705
0.080731165406532 0.332700471402954 -0.0859288099601657 0.564974226566828
0.149186138734358 0.206494886237688 0.197136025812205 0.184705330455127
0.151881322031922 0.0736489022025681 -0.0856725856307227 0.0217526474857355
0.163852984759342 0.0211779067805235 -0.0837183711433225 0.205097038592404
0.162294953865301 -0.0467614902886126 0.0611598847806534 0.186676660402979
0.152545929125692 -0.0956836714700647 0.0782076123309877 0.0953817200137641
0.16085952794963 -0.144142612537651 -0.00619315817838191 0.0849227990477691
0.174360101391471 -0.15104429130958 -0.043925291123048 0.136803252646209
0.195058224689753 -0.149634695098477 -0.0955179677458752 0.157808976596407
0.237675499313533 -0.109420604110327 -0.166393500854865 0.135994165038957
0.241520913639835 -0.0155395150938483 -0.23094177725406 0.0208760308180279
0.281859387542038 0.0675636857391717 -0.167478967443567 -0.0649066049314573
0.283648410696767 0.247904264455962 -0.101385115933005 -0.0914050547851958
0.160026684174854 0.381167585018719 0.0664603809714509 -0.0352677715567867
0.0215885994125764 0.356780491132126 -0.135927408814668 0.0332290260328604
0.135407620827573 0.313712863458197 -0.0430078592242162 0.516822698674084
0.21295149789764 0.24293881970556 0.292364774511363 0.159807644772175
0.273507182834871 0.0705995895470895 0.0036009602207246 -0.00612126741505813
0.251549360763686 -0.0611377636430762 -0.00756179801244006 0.1590566151788
0.1877492379352 -0.132228108686407 0.114284048527284 0.138408474220726
0.145792266481743 -0.15274968253886 0.135236140074717 0.0454842336636659
0.146700183330942 -0.178645453676911 0.0497281534945979 0.0199596986844582
0.164120067784924 -0.173363784356555 0.00643454960762387 0.0626755817280881
0.197418442908959 -0.184661826615931 -0.0471272504773054 0.0828934332578021
0.272460631058852 -0.151594127624884 -0.112991119457034 0.0727249367150378
0.329139108778801 -0.0182137379208649 -0.195763881193553 -0.0266416664985026
0.32882783133164 0.161265460031376 -0.165594511583888 -0.123822364580457
0.245984844874886 0.313380348398752 -0.107093214279192 -0.183587101759137
0.137203529399246 0.359238318772637 0.0660972132654123 -0.165416139606741
0.107997710829557 0.278230281781572 -0.151750705448015 -0.0920857964463878
0.160568799275443 0.233670093735935 0.00212043994322037 0.426949598128166
0.234280910761866 0.223297952930411 0.331910407893439 0.0858793608058719
0.34127014672968 0.0388603407053447 0.0752230783310081 -0.0348086046929976
0.284143159977535 -0.142961328124921 0.0857548831547768 0.0881896766398001
0.173450454481217 -0.199888411521584 0.173559761809382 0.0518801917105717
0.114121388453673 -0.185499433703454 0.181576429096612 -0.0309657875965103
0.109203232207594 -0.185090557703369 0.0977346549168967 -0.0491249979662443
0.129960276613156 -0.165180675603668 0.052688411002124 -0.00782295970752066
0.16736776954973 -0.180333761644646 -0.0024474535013411 0.0100405182171867
0.256086081275003 -0.154670216185332 -0.0527909137084316 -0.00156466929960728
0.346376887820389 0.000492118948145328 -0.125385535308158 -0.0855494178998173
0.295740284220993 0.239575884803568 -0.12463730411947 -0.180459018781735
0.152467146121927 0.323807538828585 -0.0848619560296807 -0.279665591934022
0.0968711311794195 0.277364603401514 0.0922470532355902 -0.295694552682571
0.143588980750765 0.148279937571756 -0.189222861500209 -0.176914321489894
0.111826457045219 0.133723721773638 0.0379596042052772 0.310076427587375
0.190001720899768 0.194508357386391 0.303812168391302 0.00224583687845991
0.335526566798207 0.00763169363667502 0.11643917700917 -0.0488005399058093
0.251175761949029 -0.192446769510593 0.169914049574756 0.00974612475022341
0.120278027031352 -0.221640652664121 0.21938074818902 -0.0539364703792312
0.0629144534297187 -0.18330327888263 0.208084471678379 -0.117086613953991
0.0547880265931216 -0.163715038283097 0.131135606349322 -0.112775641020699
0.0741175807554976 -0.136917658063944 0.0859931060522792 -0.0620938839573175
0.109908997529186 -0.156430156935117 0.030727214295317 -0.0460054718146023
0.1993134431294 -0.141591002361428 0.0042749212886069 -0.0657011805628601
0.306358857303208 0.0206292095052895 -0.0297586129768942 -0.128490876433395
0.196682783187455 0.274731497318353 -0.0471756305715609 -0.20864516978504
0.0323328654728089 0.2583417641779 -0.0292547385633976 -0.35388052211421
0.0667743417752062 0.145274082264343 0.142400324131385 -0.399347327952289
0.115110006096586 -0.00373367895457216 -0.220975950378137 -0.21223463345248
0.0084087255782311 0.0535477826501529 0.053757383755117 0.188458048496782
0.10947197457323 0.173794497207679 0.230901366777213 -0.0490083451836746
0.271730164159912 -0.00989781242784974 0.143359910272255 -0.038829466377037
0.162670489746541 -0.1889460063161 0.227995224518448 -0.0609228729190471
0.0453887174608044 -0.185330399890584 0.237240217776174 -0.14895413859203
0.00163859106320324 -0.140693231175744 0.209064527781279 -0.191649483995404
-0.00996148928747224 -0.116897466133045 0.144971704413035 -0.16145580069444
0.00742849155293519 -0.0991351521545593 0.0974145790091195 -0.100497227198346
0.042341443774522 -0.13070164766649 0.0440836821959592 -0.0873374952179993
0.132863319002696 -0.130930407293426 0.0511334220371484 -0.115125548185567
0.2421869750529 0.0265807331386082 0.0702151064720302 -0.139520982413122
0.0808634744874116 0.247989917549716 0.0325570263922659 -0.193892822202298
-0.0595189928571661 0.125207878886836 0.0370563948684404 -0.396009426529196
0.0707305049363133 -0.0133096736614124 0.196146756293799 -0.459798645769604
0.0449690013806852 -0.144575867279564 -0.230114679714828 -0.20407313458912
-0.0994787707359123 -0.00319649672006229 0.0514013198961335 0.0945345961577243
0.0226154865203053 0.143540613318187 0.161536898327355 -0.0490402485274126
0.167858070397578 -0.019937409688852 0.17560010174217 -0.0197423356232328
0.050931676010093 -0.141336202580145 0.254868277918391 -0.113898024510662
-0.0306469539430249 -0.106117685505491 0.228195697430432 -0.209036180795176
-0.0563182398326999 -0.0666539651761297 0.188504286783579 -0.233670638299022
-0.0720844224868915 -0.0515174079735297 0.135340776905835 -0.187584637288055
-0.0579286389556798 -0.0576445037156907 0.0842977869896811 -0.124423371461465
-0.0192128189299752 -0.109282130166707 0.0382030834786189 -0.123279004394215
0.0772164073693344 -0.123738380213757 0.0858758899995836 -0.155746681072157
0.175903251903174 0.0176382503895299 0.149034262750265 -0.123822232794489
-0.014385015428426 0.165784417137505 0.0743330302411335 -0.154753883564073
-0.0852219954705518 -0.0469326707929784 0.0821548591965705 -0.424948115219776
0.107604101344062 -0.164993549274108 0.239426652066443 -0.47216497538725
-0.133735029204503 0.267374883089934 -0.253939022661929 0.397861281812945
0.0784330626594554 0.173519568316404 -0.123987128048158 0.531403661716704
0.0532555383005479 -0.0233883730628085 -0.0179103548154012 0.151193191944836
-0.0809563355849548 0.00143465235169334 -0.185340656740276 0.0798562877184106
-0.0137517551470709 0.10769758598376 -0.120622801822338 0.216519794298622
0.0662665415352013 0.073662986315741 0.000265952859996391 0.173594874358966
0.103164652974641 0.0247399584756163 -0.0326672199499794 0.116471149144213
0.127527460227825 -0.0184272267744256 -0.115525668405348 0.162824682649958
0.12972300478362 -0.0214193489514381 -0.144498632783332 0.235447895085373
0.109770016082586 0.0230572604507735 -0.199784815778866 0.240355479463652
0.0512437506440356 0.0645137597739371 -0.255917169066095 0.164952044441055
-0.0459210204791226 0.0171663826592916 -0.23184859244918 0.0430616771637689
0.0738237810479783 -0.108205926417683 -0.133386451823585 0.0152745463912998
0.207620021879765 0.0738269558064522 -0.100067943871068 -0.00115874455678211
0.0720847425939444 0.289986810155391 0.105945745396831 0.140043194168375
-0.139636451387179 0.343440430641636 -0.220783621892982 0.304171732996765
0.0528085693068481 0.284177751936467 -0.129434482548637 0.573039611400362
0.0894219036719631 0.108114460168115 0.0780864262986943 0.169271321556804
0.020615613978847 0.0440490027519398 -0.164670237718219 0.0467294163705146
0.0644999301657357 0.0804044984218352 -0.127036771075193 0.22483771109323
0.118084345579353 0.0283472460848515 0.0224571047894254 0.196236451457244
0.140704138172903 -0.0313447302371543 0.0174126020982377 0.118004064390834
0.158975524310487 -0.088272073262365 -0.0675114030020944 0.135892467439164
0.167497433360773 -0.0998250739327445 -0.0993661399000211 0.200043937146283
0.17003224300199 -0.0761793018982424 -0.152185613571198 0.214902633802242
0.162945445247067 -0.0274652511395616 -0.220557528096625 0.167214122801799
0.109811189613312 0.00594971242908701 -0.244342375989045 0.0380811775525253
0.185861939524245 -0.0213707514327676 -0.14979811094898 -0.0221810745788469
0.264536753120304 0.167824294861226 -0.0930764506428052 -0.0266666406528535
0.131656889814469 0.36501883454421 0.0830747071530871 0.0747670529503892
-0.0876793451483689 0.379034828327914 -0.171988310068687 0.177230788582025
0.0716723847059757 0.34074148137944 -0.105766107980441 0.578102892938261
0.14479853130691 0.213791004776395 0.193820731052126 0.19116007745925
0.152483884589105 0.0805772688250749 -0.0913388304256089 0.0233567559605855
0.166916991401977 0.026183507129639 -0.089501387701302 0.20792020286653
0.166956645887901 -0.0435448633062291 0.059399236030341 0.191190659695678
0.159425968705383 -0.0949997243539524 0.0777848813357358 0.0979156081331937
0.167947020547129 -0.145610624885392 -0.00903713006202328 0.0857552246828448
0.183023946842211 -0.153263545114294 -0.0482883023107726 0.13637319869298
0.20400622914794 -0.1496351640456 -0.10092094976218 0.155719970058275
0.244825176971715 -0.106494422007252 -0.171733139833449 0.133151640932229
0.247774503986634 -0.0104705594467882 -0.23641995780914 0.0141390726529759
0.285203464313086 0.0770550332493258 -0.168356629204834 -0.0708568734391763
0.282203131929962 0.260509737072347 -0.101131651775353 -0.0950326227341717
0.150092719734708 0.395512709487669 0.0680848323155551 -0.033033326807431
0.00940024312628983 0.366888473864036 -0.142948896620413 0.0344418745923776
0.127882126448766 0.325329025519832 -0.0615642810145489 0.530858425449723
0.210570015247601 0.254753563651806 0.290608201643188 0.169554492276417
0.277435376190708 0.0796969426674331 0.00124316628497573 -0.0021154533016492
0.25811247771763 -0.0557844239622318 -0.00993596754423261 0.162500695655855
0.194282223266924 -0.129929598122816 0.114058356799408 0.144220212697272
0.154198740011972 -0.153202601762597 0.137037637851151 0.0478971115973942
0.154289914273854 -0.180676637783194 0.0497028212585953 0.0204324373199676
0.173981040627913 -0.174027785269781 0.00565924255292693 0.0616777083367164
0.206950769619875 -0.1846076615943 -0.0496092529289485 0.0811827129704777
0.280106883383698 -0.148291005603576 -0.115272375672939 0.0684922260662355
0.336851460618718 -0.0103711265743036 -0.198650893375315 -0.034336807648648
0.331344850473394 0.175105282116709 -0.164514600843742 -0.130461580878938
0.243750147002981 0.328622867972555 -0.104193013120537 -0.190099712354917
0.127024945555241 0.373596306401041 0.0720548035695277 -0.166971527480039
0.0993619434906009 0.288895439854928 -0.153728917671193 -0.094732459528147
0.155531701728068 0.245011471736332 -0.0109825613011202 0.440163745182876
0.233882359923463 0.236552976427758 0.334053601601012 0.095758727914288
0.34667709901493 0.0490563925016181 0.0774859368296763 -0.0296267154003074
0.294977688232809 -0.13922738322255 0.0869992694051167 0.0923902769244125
0.182097800667723 -0.199645177789496 0.177047293369552 0.0576950724100644
0.121980045963977 -0.188055274328085 0.186764012925314 -0.0299213293391271
0.116942225325414 -0.186699957740503 0.101195589094869 -0.0507254446011119
0.138461468552894 -0.166652231183809 0.0548383206422367 -0.00901673376772636
0.175841438679323 -0.179998347876494 -0.00117315336063433 0.00857166586762469
0.262770166270428 -0.151491113433114 -0.0521813893706241 -0.00563926054445168
0.352925896896025 0.00894962569486035 -0.12571119674645 -0.093381880585913
0.296051907752491 0.255909973924912 -0.120260166545149 -0.187028610485529
0.146388588702513 0.337587484125491 -0.0772900216665253 -0.286780810904497
0.0864627216007435 0.290398152509129 0.1033602903212 -0.299822283383132
0.139192910759649 0.157788210731453 -0.187439356861658 -0.184050832682774
0.1095502845051 0.142625159807625 0.0283786340110606 0.319159012149376
0.190473812296012 0.20582014592007 0.306717478946689 0.0091936798585376
0.342999756754768 0.0163494945486783 0.121405901665906 -0.0423429517477222
0.260055089818641 -0.18857660884517 0.175111743046048 0.0132105200386744
0.128812985393355 -0.222586164904485 0.227222363408514 -0.0490916432759785
0.0686201017862017 -0.186137230093943 0.217045032129009 -0.116778925139911
0.0593880492354304 -0.165214050906911 0.137224416108583 -0.115817708657954
0.0799427080131936 -0.13804952874436 0.090463115966719 -0.0634925774360052
0.116497701972746 -0.155999595351713 0.0343775194393952 -0.0476524534977635
0.203788366227376 -0.138493556999163 0.00731420999742943 -0.0695889767194141
0.310892454037417 0.0274648703929469 -0.0260155582445745 -0.13492007134013
0.194988853523358 0.287878070457796 -0.0394191525490025 -0.212935724845299
0.0259490765889328 0.26932497974046 -0.0169852838566599 -0.360064832227313
0.0601411971963079 0.1536708591174 0.157648763087976 -0.405774095380612
0.114453432929639 0.00150122147551078 -0.218729680748915 -0.223811614362378
0.00592561507174213 0.0588132574208845 0.0495995804434725 0.194143912117838
0.109435569766635 0.181606343583531 0.234067576214808 -0.0443457782019014
0.278847874747298 -0.00538847419878086 0.149524661248328 -0.0321949128032231
0.170258748835233 -0.188745924361312 0.236241795790336 -0.0575234231388923
0.0508396172134641 -0.187518119431136 0.24795295194164 -0.146369476366424
0.00523432151568301 -0.143798849209033 0.220697212875574 -0.193211735253148
-0.00716891377710873 -0.117966972668758 0.152228625705967 -0.164951589611467
0.0114342038018912 -0.100477846336579 0.104012655432501 -0.102186497107494
0.0456397622387968 -0.131149760348746 0.0487011114492038 -0.0883843112143243
0.136056027375246 -0.12946747373767 0.0554432257098011 -0.118027432926134
0.245330018130753 0.0324600502086277 0.0774262587203507 -0.143637196684376
0.0764515857389451 0.257817636162876 0.0416232801810305 -0.195536278161747
-0.0646542830185458 0.129225884166856 0.0520297053080019 -0.400829247634971
0.069403852032299 -0.00838282596501595 0.216450658192754 -0.466124315006201
0.0473945025389599 -0.14540152935736 -0.228178247839087 -0.216223522204119
-0.101393774470869 -0.0028332234482297 0.0503176262681713 0.0954399548394401
0.0221302470319622 0.147784497159827 0.163849169553171 -0.0458996330853883
0.17147855853812 -0.019089751656336 0.182380117146747 -0.0126356316572698
0.0537263647949931 -0.142723037653093 0.264786989588962 -0.110722701331302
-0.0288528895211939 -0.108147831179145 0.239373938599103 -0.208161596546753
-0.0561184086625476 -0.0689330290343683 0.199704695022199 -0.236132264046129
-0.0722111247976861 -0.0522692747800705 0.144141261222571 -0.190809837673056
-0.0572894254302696 -0.0586157296186643 0.0908126670493589 -0.124913632679669
-0.0178826306156647 -0.110335657089432 0.043654660670614 -0.123821395674071
0.0802650609639429 -0.12467460907403 0.0917854002729244 -0.15679935874517
0.178236578353816 0.0217044444390374 0.15671187209083 -0.125287843677661
-0.0162914864253291 0.170626979362805 0.0840288264953562 -0.154426174684291
-0.0858794192538118 -0.0468670465815674 0.0994066390351713 -0.428722732741358
0.112722217598123 -0.16379259971733 0.26087247556967 -0.477459149802039
-0.13967023081659 0.279843750215542 -0.274155966486283 0.421477224566745
0.0831578903911864 0.178951103933729 -0.13573358534884 0.55961582252483
0.0538658925749135 -0.0256709019798284 -0.0221524545320786 0.156737637170949
-0.0859172533831888 0.00284790456165319 -0.198375035283281 0.0862290408669813
-0.013140090389574 0.112786584149256 -0.124491146497256 0.228574207769982
0.0697127892367909 0.077473159252721 0.00203734485584967 0.179991866837865
0.109548453487197 0.0243920927095939 -0.0363764073634521 0.122951604057701
0.13369048075929 -0.0216028889564118 -0.122543984172505 0.172535220765454
0.136710611051311 -0.0256663423143227 -0.152999058838607 0.247974879212394
0.117814810374378 0.0226171135497349 -0.210121658575923 0.252224993590896
0.0547529317184665 0.0679830462092699 -0.269383619777398 0.173906441292153
-0.0468466952033011 0.0188339216057221 -0.243919837894568 0.0440154333916397
0.0762658416054837 -0.11352956163698 -0.137980762315112 0.0140740229149429
0.218075558851699 0.0751589979277074 -0.105953728113029 0.000466156378676155
0.0748479237636784 0.305043016038152 0.108892046528421 0.149356250125546
-0.147792751651838 0.36139276152671 -0.239051093286794 0.324646372963235
0.0547557750807168 0.296923314769232 -0.139580841612375 0.604591409122022
0.0915430899991806 0.112715312035891 0.079003810394106 0.175141302430846
0.0204324935349873 0.0472903669614787 -0.177252135065325 0.0526466873374979
0.0685238603646167 0.0845536481396357 -0.13061460004868 0.237068576172297
0.124240387447962 0.0300903430760254 0.0250658869023931 0.204356136460595
0.14966837540374 -0.0343285379514669 0.0178200751238958 0.124142437854397
0.166883019995374 -0.0954791548926842 -0.0717040853819332 0.142968940662905
0.176270806498376 -0.108799571081353 -0.105316118569339 0.209507598412031
0.180370532003405 -0.0831247955432871 -0.159501578746199 0.224894722244975
0.171485027776626 -0.0293701199969277 -0.23047297291629 0.175093412543328
0.116967452371084 0.00676766989628802 -0.257316445079248 0.0390705298594976
0.194623517987884 -0.0214598445123872 -0.155102981797908 -0.0248433024444286
0.278527095212877 0.1756436802958 -0.0976520440314657 -0.0269861737062463
0.136315004094532 0.384604913861946 0.0862681969974199 0.0809454850096006
-0.093910267789701 0.401026352264629 -0.185995178049299 0.191410768755909
0.0731001719069291 0.358272542196201 -0.115633689004499 0.612491216734543
0.150809439325339 0.225745367265337 0.200420502473787 0.198450882870238
0.158885698617973 0.0851178434953258 -0.099300071725504 0.0276037092222262
0.175507793774843 0.0275846561996273 -0.0923746245669757 0.220164241755186
0.175398855996716 -0.045693174175034 0.0635455859850249 0.199938854879935
0.169138134741581 -0.101362138492756 0.0811457415642071 0.101902197921202
0.175949938704463 -0.155323473857846 -0.0101719616914738 0.0893012497180914
0.193236290454694 -0.164386994423407 -0.0504634964754138 0.142015826991881
0.215824513459802 -0.160344093216236 -0.105747710148036 0.162929479286373
0.25665166393043 -0.113148123767862 -0.180256981116446 0.13726280004718
0.260943039013541 -0.0108718562959196 -0.249019564088705 0.0133527379007829
0.299884200776148 0.0821163040144702 -0.174816828172485 -0.0755546937901267
0.297422693392527 0.275309969634105 -0.106609091861475 -0.098946421577633
0.15325164679936 0.419632583304363 0.0708925694587078 -0.0330818720572679
0.00615629917853217 0.388832087288182 -0.154059239291302 0.0408345781787666
0.131499615103174 0.343017086899111 -0.0666930536911009 0.563673661733971
0.220290395269886 0.269842662356476 0.303029591690669 0.176815922873999
0.291858808499491 0.084282979419694 -0.000267382780912728 0.00141898184395452
0.271386036037332 -0.0582085709799759 -0.00911254660532989 0.17210497578936
0.204060014531928 -0.136366014325351 0.121349845942129 0.151298327748162
0.162475615866776 -0.162989304316978 0.145176096362666 0.0481434628027504
0.161525717000359 -0.191205120200155 0.0521057325601865 0.0188810573207167
0.18384467833413 -0.186794578820747 0.00703737511068749 0.0621884693658239
0.218318611415114 -0.195404959714251 -0.051543783906184 0.0832159358439206
0.29402714110061 -0.156414016956983 -0.119930639211504 0.0688619593249556
0.353760904127179 -0.0123277786109452 -0.209598283279157 -0.0378748470431377
0.350214031688673 0.185670707629818 -0.171757086069735 -0.137785434746525
0.255759711645824 0.347157984359971 -0.108701943645939 -0.198527433046313
0.129126386798776 0.397566682035164 0.0766320557736934 -0.175735551701082
0.101426142269412 0.308246429332622 -0.162917135809093 -0.0971550923681344
0.163001901717584 0.260970435021542 -0.0137534434496822 0.466641853168462
0.246615146648892 0.250741555457034 0.34801091895702 0.0992782183990353
0.366474657180003 0.0503756373321979 0.0807805060925894 -0.0273642574267608
0.31103932061438 -0.146903555850196 0.0926388222131955 0.0970894637793213
0.19064850180262 -0.209428986658192 0.18761318543557 0.0605435051566679
0.127877974356327 -0.198983932264574 0.198111979946228 -0.0340926886942857
0.122193795553623 -0.197003644567672 0.106059559774945 -0.0566456745699335
0.146746706886415 -0.176479586417798 0.0587615167859938 -0.0120160728853699
0.184899811886374 -0.190134697451289 -5.65049305876674E-05 0.00696451038117997
0.27386376496235 -0.1589407463067 -0.0528854011955649 -0.00952121932055483
0.369496116251245 0.00892076783210842 -0.131801684028215 -0.100031509117286
0.312636506865299 0.269557828938631 -0.123764679093564 -0.196939369826519
0.153864065039501 0.35857014857509 -0.0790941826778903 -0.300969306877737
0.0874982564274536 0.30992687628764 0.110526281672351 -0.317064525994744
0.143400536103932 0.169544466735866 -0.196827406692447 -0.193012958164869
0.114429255608926 0.153696081721503 0.0290478611200623 0.338790672421885
0.202560792014489 0.219392551518517 0.319609915800159 0.0079073805969184
0.363267313113154 0.0155125731880581 0.128065079822631 -0.0417691699988881
0.27357365932734 -0.199312593118378 0.185801307423153 0.0138882123894919
0.135100396556154 -0.233190978234279 0.240332775867516 -0.0516426469963078
0.0718450848048331 -0.197036281907656 0.229490920346186 -0.127004487593283
0.062426625824449 -0.173686968948581 0.144424757841907 -0.125041771386118
0.0857107662775046 -0.145535775022387 0.0965392565477155 -0.0698448268301969
0.121600257239256 -0.163648278647716 0.0377429887330527 -0.0519420020941079
0.211624342065063 -0.144840292296648 0.00932556637643857 -0.0764754560206017
0.325075607906444 0.0286994948779053 -0.0262186362894193 -0.144728573978964
0.206400330436147 0.30419085272519 -0.0390381316113799 -0.224319517545563
0.026132686413269 0.286589117054241 -0.0143323366073508 -0.378403722700675
0.0593246501321263 0.166982903330742 0.169302266207936 -0.429098061978378
0.117035515176544 0.00454262685932234 -0.227453256642538 -0.235894906466874
0.00603718820565978 0.0651783636881729 0.0506986658726888 0.204170589817441
0.117734413606697 0.194108300647159 0.242537020627143 -0.048094320556846
0.294247986260048 -0.00737402406218704 0.159143967082895 -0.0309448800913848
0.178062701768716 -0.198231714413641 0.250066580260727 -0.0604285923369324
0.0534812669696565 -0.196634108774601 0.262181120207789 -0.153241199458513
0.00485042339686627 -0.151363864855151 0.233127621058904 -0.205980873742275
-0.00772812508379398 -0.122290581268257 0.160628302159083 -0.177015289968617
0.0125725840879797 -0.104020088340059 0.110911056807003 -0.109391787798086
0.0473836263836961 -0.136412990747055 0.0535793365429999 -0.0930991661339281
0.140433219373492 -0.13569919388383 0.059756795282321 -0.126097946180617
0.256359866669468 0.0326123007706235 0.0823054317921817 -0.154504782239721
0.0823763990875678 0.272438314839907 0.0484333882291048 -0.205023890267886
-0.068540893454055 0.139914521586566 0.0602624073041096 -0.420280099703737
0.0707120445723729 -0.00572462938470963 0.2315853770145 -0.492209695397447
0.0468951195546894 -0.151055321148165 -0.237707086815649 -0.230548487752632
-0.106909008029595 1.41534780211907E-05 0.051942846722552 0.0992953736725428
0.025474499343281 0.157361773228726 0.169563698239346 -0.0483641111130053
0.180578626740585 -0.0221807387148349 0.194948424088144 -0.0108242597449167
0.0550724988124491 -0.149584307013005 0.281062841359371 -0.11595028617763
-0.0309151894212032 -0.112825250877998 0.253618137997437 -0.218528955898568
-0.0601075120106068 -0.0722532814097035 0.21119652560365 -0.251856191492978
-0.0757872154979571 -0.0524576749193569 0.152789398583792 -0.20445751910567
-0.0597488508916029 -0.0602506648418778 0.0971085103667784 -0.133260244082392
-0.019513842074746 -0.115288978145613 0.0473543093120931 -0.129197591945044
0.0828253934485498 -0.131125741752507 0.0967374724051668 -0.166711350787613
0.186398239930325 0.022035317585782 0.166835583648557 -0.135201778858361
-0.015557005123349 0.18130898295694 0.09322086780742 -0.160196464028357
-0.0911463806029428 -0.0452153783706512 0.111119398129902 -0.447839925391475
0.117420864023587 -0.170386063660638 0.278182796221157 -0.504519955068717
-0.10034370852199 0.315934895285074 -0.23099289838716 0.471233722666371
0.110938706376178 0.168377077135219 -0.0577145652523558 0.609214872828446
0.0491312179992703 -0.0370565779273205 -0.00172119746953164 0.169900049279992
-0.0907556004444896 0.0144275789560638 -0.190093254706812 0.128635762782365
0.00101087912862701 0.115921735331801 -0.0863131696921364 0.256439013026696
0.0840951015064306 0.0686741149231005 0.0292953901828412 0.182318082701955
0.119057108667124 0.00742690929298451 -0.0202051489927331 0.135067277179382
0.13459764131432 -0.0477190242427425 -0.100882303312042 0.201129186807754
0.135040665491631 -0.0533351685969563 -0.121326690162789 0.284589135026044
0.124929659806849 0.000433628987691441 -0.179583294459335 0.29716996694641
0.067870477409577 0.0575715564184182 -0.255972128446891 0.224981589874532
-0.0434428849237644 0.027097290985022 -0.248859967009287 0.0854414475878366
0.0579736865282242 -0.130366180591887 -0.143718879900756 0.0344109530076387
0.23609584503342 0.0410357179761936 -0.108005410659923 0.0137017929272163
0.124280351305232 0.299676396040183 0.135407595394612 0.143502280057008
-0.0941104013525372 0.405685331194076 -0.212500126396168 0.357256113776785
0.0980419542904603 0.298484327061632 -0.0560939734947258 0.653284517667354
0.110094464871502 0.10333352297034 0.100716380460973 0.165534499735146
0.0269980356126669 0.045544136012544 -0.179405571618267 0.0882311695222635
0.0810051664908824 0.0752249205627123 -0.0967385024471637 0.269419418725459
0.133495867722736 0.011707693085527 0.0554465346926582 0.206120220689785
0.151368686029551 -0.0611103618434259 0.0354001764102159 0.125634770477702
0.157222123426118 -0.129671002209316 -0.0528554816549425 0.161633249447612
0.163287114239061 -0.145824544217285 -0.0773137405603957 0.236764899477745
0.173097194454407 -0.11853024457004 -0.131669090031839 0.258821854674931
0.172143924150453 -0.0617196120577088 -0.21777982560587 0.218457808024256
0.124986177658371 -0.0108691859837313 -0.267075777218105 0.0807509374473277
0.197074537162881 -0.0535287926999929 -0.167557324844545 -0.00494314929126298
0.313982102589984 0.136506964692755 -0.102283956630938 -0.0180917277976453
0.199086439799793 0.374464705394035 0.10206312480703 0.0762158451646301
-0.0298567397874791 0.441323473414962 -0.185552720796065 0.209427650235576
0.126922822187596 0.360966790135037 -0.0293941032984028 0.656117183844249
0.189460227116064 0.214213786558828 0.226168362376052 0.165360018315878
0.177739366416875 0.0654280633137495 -0.109151593256882 0.048380070483578
0.183990568724261 0.000651672575546536 -0.06501068260076 0.247888716030818
0.174962327569528 -0.0751654775703944 0.0932867969824506 0.200506336550629
0.161356901301031 -0.132765480258717 0.0974555802926698 0.0920656736840689
0.158615588999599 -0.192337013286412 0.00236956334906773 0.0948979654794396
0.172056756074335 -0.205696884998845 -0.0305392973285133 0.155633606947531
0.197306198341348 -0.203725994985358 -0.0865498310006076 0.183706065160531
0.245618846340296 -0.160379706410651 -0.171272304577934 0.170039044255935
0.271610555096142 -0.0507685706161316 -0.264158905540555 0.0508426017545747
0.324240529346472 0.0360205105614039 -0.195805491135756 -0.0569642809733175
0.348434426207962 0.237886181160398 -0.120187222841222 -0.092599463748861
0.220633741558403 0.409763702602463 0.0701320321187257 -0.0422215544263245
0.0748236546760723 0.413050437567236 -0.182044012996585 0.0499397758792627
0.187300808131756 0.340084901495518 0.0109799520363784 0.59726501796333
0.270490447925993 0.250477265522971 0.326232005426369 0.123738851437243
0.316905975770043 0.0461607662543335 -0.0158436152037389 0.00291688015006611
0.27174271514082 -0.101218120829543 0.0083324585941706 0.186689504700258
0.190704931397959 -0.17420370176655 0.145248706548804 0.145867332071852
0.144644961595688 -0.195163305744737 0.154993054010838 0.0244495938682177
0.137389163733809 -0.225851606158269 0.0553919464701974 0.0102797886979916
0.159908966707123 -0.226552206815769 0.0162583982008896 0.0616745379368954
0.194838419191229 -0.239153714839013 -0.042369215655936 0.0911372460065256
0.276448661373795 -0.209724709400189 -0.119779837254745 0.0877763602864001
0.365972470530605 -0.0650981799974245 -0.232352275848145 -0.0111330946130097
0.393323262915914 0.134447457798618 -0.200178095241833 -0.125735078940987
0.318694802578383 0.320825352750989 -0.136502975794545 -0.196256131475948
0.193575758739971 0.392834920457264 0.0544084044513369 -0.194426516244811
0.163093965974779 0.312899233231425 -0.214949166841534 -0.084713372290594
0.206767946142256 0.250191009026243 0.0517620006325946 0.490829417120076
0.297111655953866 0.228634895874494 0.359220092517703 0.0375077921422292
0.39139159203088 0.000170609009025169 0.060838740634183 -0.0405351378642161
0.299360612959569 -0.19793460959377 0.100698638671434 0.0951342593819361
0.165422807287463 -0.24793801864387 0.200540357534761 0.0433704674451011
0.103268669867525 -0.228394525745644 0.197181462092693 -0.0714191843665924
0.0967908987621742 -0.224192277661916 0.0996712712004706 -0.0783370054358749
0.12411549734581 -0.207814966583255 0.0597114699071729 -0.0263101753814874
0.160834010540673 -0.226154693410273 -0.00098367829635449 0.00255164676325469
0.255193957945653 -0.207291441561489 -0.0618926478449145 -0.00513538271130191
0.384859279824309 -0.0456584787504675 -0.159987349202904 -0.0904076188196246
0.368730263172013 0.229264944151436 -0.158087151762552 -0.195033280681853
0.214949493108595 0.350357261840044 -0.120982030346643 -0.305443772847897
0.134527041375933 0.309798964651399 0.0686036848549779 -0.348669803473114
0.182584614505094 0.158582037581824 -0.260499127882286 -0.170027199940349
0.140718787791331 0.146061352975325 0.0804895861083984 0.351045547162398
0.248074322424257 0.202198991769232 0.316906690720528 -0.0529505388505771
0.382094202879801 -0.0370898808903476 0.109454789061118 -0.0625238870644843
0.253826378659847 -0.245742510853209 0.185507879004142 -0.00688867083052696
0.103328776068882 -0.263055093323693 0.239989233300392 -0.0833172403600788
0.0453732258089575 -0.216565796901543 0.214946671018769 -0.175312357720243
0.0387754745055801 -0.188591918979448 0.12861821477975 -0.1563620454138
0.0668152210987676 -0.164034033292379 0.0905150026651614 -0.0925759221067311
0.100311149469985 -0.186800691302665 0.029759432039397 -0.0637887503364904
0.192901011812708 -0.181324323654561 -0.0053215487747732 -0.0838779937254214
0.339783065140601 -0.0176812385722723 -0.0553478394927354 -0.154824404625533
0.264879222489126 0.281256138357242 -0.070683642584619 -0.236065562711062
0.0723321773896448 0.298381128260149 -0.065230725777994 -0.393557797399452
0.0824089255589204 0.167391161633652 0.114395322193731 -0.478890434353332
0.126302217976504 -0.0127776914795898 -0.288405677200851 -0.204575746404929
0.0144519517518165 0.0709838495903075 0.0872377027457114 0.205008961731687
0.156090269443191 0.188669903488536 0.230691492324302 -0.09976115782222
0.305975523253323 -0.050548751764002 0.148483976648628 -0.0571204236025362
0.154626665392946 -0.229270651567909 0.244899585350975 -0.0979112400522257
0.0252866844786093 -0.211367693443034 0.250574265374925 -0.196687709398429
-0.0184211575187249 -0.157530067101032 0.207250561952808 -0.26050148101726
-0.0263026686487181 -0.123112557734496 0.138022582952926 -0.213594315957255
-0.00223980577212647 -0.108449126840938 0.0994817907611919 -0.135724970194712
0.0273005475400292 -0.146356403969005 0.0401162610962383 -0.107742154815198
0.121829804207387 -0.160049089704401 0.0406222220212817 -0.142686317280915
0.269000776555871 -0.0035447731005496 0.0582850197162329 -0.181968466723615
0.132468935059653 0.269397178553199 0.0258026613079606 -0.2267709727007
-0.0490592191181033 0.161177523271368 0.00236860648239451 -0.445711863010616
0.0665092072654249 -0.0121538635630534 0.169742787857611 -0.558011292072368
0.0239693911532993 -0.165443501505164 -0.281969665625719 -0.19213507986085
-0.112807451159851 0.0192142975461743 0.0751585144681683 0.091322611198941
0.0544546972281149 0.163859217141243 0.15972610889513 -0.0876013505203453
0.183736142959393 -0.0493998827785221 0.194412372048361 -0.0437202150921692
0.0342302311420341 -0.158474959450767 0.273610945639535 -0.163450757980274
-0.0503252785887769 -0.109367582137454 0.233627226445879 -0.269035699344629
-0.0746318456978941 -0.0643011691085531 0.179698484869861 -0.305601177128308
-0.0866539758584111 -0.0390166290082272 0.126331142559555 -0.240846741938678
-0.0692355803144983 -0.0505913435244144 0.082022246958233 -0.15830436930622
-0.0387822165360161 -0.113234370211719 0.0287801774575036 -0.142250261236068
0.0638111721869986 -0.145570247684585 0.0722935914963963 -0.189544349295677
0.194945459672311 -0.00529499128580216 0.151847707395632 -0.174972270196254
0.0172509126259269 0.191377874511273 0.0804603366388025 -0.184631977195207
-0.101702255390226 -0.0261796604411393 0.046896902087623 -0.48187654942463
0.0889483272354833 -0.190818658400945 0.217877950973009 -0.57798164934137
-0.0741006902712291 0.327009083659256 -0.198339334810302 0.505366742798598
0.12669501950045 0.157775909026902 -0.00762824873181425 0.625445167838809
0.0437941181145602 -0.0418175206254891 0.00866700739830652 0.170789407890248
-0.0912915597445179 0.0241029785722256 -0.184756999703701 0.150494943803848
0.0120115436154177 0.116882617745803 -0.0619886035149306 0.267662807078298
0.0918808473338369 0.0625619587982105 0.0458301526558144 0.179167586505331
0.122746358968912 -0.00528174661344651 -0.00895322854581935 0.139127096506469
0.130597538748654 -0.0635708300488854 -0.0848267855846189 0.214583701669774
0.130919101170171 -0.0685982646085128 -0.0972658524228583 0.30003059428081
0.127708741816493 -0.0134137965009548 -0.15658996792399 0.317451995579685
0.0755426640458318 0.0527422415309611 -0.24080613760746 0.250614060764384
-0.0408192913882337 0.0318396108429821 -0.245382249413316 0.107063114200334
0.0459355542091789 -0.137043809980479 -0.141588877318988 0.0452851398859746
0.241552982513168 0.0182882679076448 -0.107669260653917 0.0241836329626786
0.151818022987594 0.292810175297728 0.148133293169484 0.136955793362199
-0.0615499088575399 0.420146803305836 -0.188924695200095 0.389828231941828
0.124190022852523 0.291903087329078 -0.00061471243757646 0.669170474005894
0.118003240539645 0.0953224231996099 0.112009556135463 0.157107770145124
0.0299874992165042 0.0459053136730467 -0.177227398683976 0.109697265768093
0.0890057204623835 0.0690278449990386 -0.0716007091642768 0.281437387512987
0.136628616266146 0.000834809686203204 0.0751919961319454 0.202141714604206
0.148946814118547 -0.0764377801430373 0.0461986021208497 0.123474487605715
0.147485432155429 -0.14777378287427 -0.0406209043583962 0.169596806671473
0.151575326622876 -0.165692445046142 -0.0585331404705001 0.246515330242523
0.165781480647304 -0.139300717627585 -0.112643552296087 0.273279266623966
0.170031542454794 -0.0777764354220908 -0.201561207012528 0.239187529367533
0.126846702802638 -0.0215401845236748 -0.263917806088426 0.104655423394039
0.194376604387909 -0.0708666482097048 -0.169259201346856 0.00805760623908777
0.329327756446665 0.109618960067552 -0.104427583986015 -0.00799578893146201
0.232442638896228 0.36428098999407 0.109411252402866 0.0719222966406112
0.00727166582290112 0.451743016088284 -0.172442297826161 0.234830227079371
0.158558287877699 0.357650254649119 0.0253734159040141 0.671051612961367
0.209021874937728 0.202162547816866 0.239938135255987 0.146051988253504
0.185092549600307 0.0520790595793892 -0.108917059383763 0.0629334186441154
0.18681167785709 -0.0153582882657254 -0.042316197226107 0.25746778305756
0.17094564469516 -0.0910925825057974 0.112644535613254 0.193713604673998
0.151780305189161 -0.150840470887993 0.105565041968607 0.0828628762680282
0.142407107457437 -0.212028161716341 0.00890367103845169 0.0948876503243046
0.155719794104752 -0.227249239482472 -0.0175512536228736 0.159307035376057
0.183267763341423 -0.226789076647571 -0.0723887623401104 0.191597878903589
0.235589092275905 -0.184447940682458 -0.158644596547603 0.184922340938961
0.27236246103781 -0.0753751370257567 -0.264352933010944 0.0741386780739477
0.331669544783593 0.00937804769444365 -0.202043885460806 -0.041561260694491
0.3745228245644 0.210996306942771 -0.129812028903122 -0.0819757615551647
0.257967901112483 0.400492518221568 0.0673076709642802 -0.0464544732766144
0.111108530891913 0.415191148552114 -0.180896566120529 0.0713410838179411
0.218661682417923 0.330556889607002 0.0630170983329979 0.611364884319904
0.296525085637187 0.23228240676456 0.336573937549274 0.0962193908377157
0.325704566783648 0.0196277047681792 -0.017299841600911 0.00872094724960139
0.266583117924226 -0.127199335761387 0.0264990567377409 0.189429440977876
0.178630327178302 -0.193163860760096 0.162287651460339 0.134203394197806
0.128676566200566 -0.212348619974995 0.157836432053266 0.00879079480035202
0.118983658466459 -0.242452741996546 0.05531333412176 0.0034419055870696
0.141933915047137 -0.246389949398178 0.0210534350248501 0.0582140468714492
0.17697558345316 -0.262535758391769 -0.036036691235576 0.0931794724727813
0.260809305660295 -0.237097195056272 -0.113439390874329 0.0956366546494109
0.365150338397749 -0.0980315943542629 -0.236914729452861 0.00718026058717291
0.411369866694614 0.104064125483659 -0.211917350792381 -0.109606087771132
0.35214866370712 0.299904758379265 -0.154195867054882 -0.185827865301128
0.227514902944028 0.387730340002269 0.0392027722056949 -0.200814484963733
0.191521193073852 0.307332149656849 -0.225351224758169 -0.0648653529971561
0.230902798363555 0.238986972346931 0.0972977192640024 0.498920859445435
0.323409540496598 0.207857829987113 0.363945751488305 0.00683832142373236
0.39680541800841 -0.0339805238861826 0.0576213331367983 -0.0426289384772136
0.285624695634024 -0.227473143219537 0.110978792042653 0.0878845368573381
0.146245951129943 -0.265845363250758 0.209632159060988 0.0260489960976056
0.0838136695366682 -0.241372837735157 0.19148475404871 -0.092013044150878
0.0777660564459117 -0.236581673699344 0.0915279973535327 -0.0906240185211245
0.107442204881393 -0.223839550850774 0.0575457012594427 -0.0346783144716858
0.143739247543163 -0.243508787270607 -0.000662048392490948 -0.000103839414559335
0.238934310099336 -0.231889038675807 -0.0626719594971116 -0.00329663014658254
0.384616068540197 -0.0795388169599743 -0.171306671203007 -0.0802265185915677
0.394152581631354 0.201096683361505 -0.174423436779952 -0.184364517661652
0.249638598615229 0.339312409324447 -0.147115071189243 -0.298752514158096
0.160484267010978 0.309156677552818 0.0408283075246781 -0.361593714893734
0.198657182978546 0.149451941315613 -0.278692522703254 -0.150634576970004
0.156146200245601 0.139428454973118 0.113289542122154 0.351974128950703
0.272941858876408 0.184679922923774 0.312494710207913 -0.0808200023582679
0.385350271113189 -0.0712182987567583 0.107019727347644 -0.069875658092597
0.235263255614482 -0.272850910213708 0.18850859368392 -0.0227431776443427
0.0817529320952707 -0.276133493835171 0.239730600145283 -0.106789084161518
0.0256282496675905 -0.223362978439821 0.201723212068553 -0.19995011983151
0.0232177783029679 -0.194491617249966 0.114732192497831 -0.17338003654379
0.053827043100569 -0.173654001499373 0.0830940547825701 -0.105069305128939
0.0843109777537159 -0.197259735651522 0.0252138877442847 -0.0691995872328609
0.177742931875418 -0.199335532049622 -0.0124346641595168 -0.08802253011996
0.341597196435335 -0.0480439081233911 -0.0702529927003528 -0.155411420239637
0.29444904431456 0.263838469313385 -0.0880644354340124 -0.234151895743726
0.101042427318935 0.29888629910675 -0.0978651706104143 -0.392162466748641
0.0963453763406268 0.167864221967154 0.074509254747745 -0.497572053822162
0.125527066224996 -0.0189189898567596 -0.309464045225232 -0.185403598526454
0.0227149181197525 0.0738217112540423 0.106592998484222 0.201301411440514
0.178940441259673 0.178243559804274 0.221437754433639 -0.120253347692687
0.306542086050945 -0.0798781476575086 0.147965612268867 -0.0690116911736252
0.136926827754237 -0.246160363659457 0.241074486826248 -0.120880007995242
0.00615750824297722 -0.215784434459774 0.239139504034595 -0.222695494040883
-0.0334043271847621 -0.157865954395983 0.186640093304044 -0.287297545399113
-0.0372110148525939 -0.121367991946629 0.119475448055901 -0.232839117076279
-0.0106353976217156 -0.10913070349959 0.0895284205046571 -0.149675692839105
0.0144603774610359 -0.149182874855266 0.0330452667234444 -0.114065118687906
0.107605690192885 -0.171491958674052 0.0285056670541858 -0.150715913973329
0.270499363071676 -0.0275966633684998 0.044255731553778 -0.193174599895991
0.159678571535332 0.262536634666072 0.0105839901075705 -0.232548859413365
-0.0345622513406759 0.171342493290675 -0.0318058571920699 -0.452335988019695
0.0644904122771525 -0.0141257160795174 0.127426834680988 -0.581626505355473
0.00813917745297088 -0.16654670826931 -0.301905100213352 -0.175634331189043
-0.111235969888342 0.0321317337796237 0.084128669171503 0.0844945143685299
0.0733021845796306 0.160975066748981 0.1508303651508 -0.100743290571472
0.18172722971914 -0.0676395719619006 0.197010714802245 -0.0590804128922018
0.0194360888078173 -0.162857681637561 0.264446719899235 -0.19031777832518
-0.0604405300370137 -0.106374819285707 0.21635453326211 -0.29358906492487
-0.0824341750732313 -0.0568170489269114 0.154694724672493 -0.329144013693232
-0.0901563703560404 -0.0294568261895653 0.106261200636299 -0.258543793542496
-0.0740483153368062 -0.0435257103881525 0.0704323543997239 -0.169524426287596
-0.0495364028239445 -0.110250647873351 0.0182671623300079 -0.147017669467301
0.0503461726061559 -0.153342227336745 0.0566689080869145 -0.199854633776082
0.196948043244992 -0.0232739568094419 0.139899944206065 -0.193924258486427
0.0371610993000061 0.193548623391945 0.0705150412782034 -0.194684744558837
-0.104060489870599 -0.0144075894199647 0.0108315543964467 -0.492603256024104
0.0724042630393445 -0.199861877579289 0.172438443892654 -0.608848712347936
-0.0456144884180426 0.319658633647221 -0.155336471191509 0.508925501705579
0.132325292468115 0.139513418822011 0.0376643796872503 0.605478139113528
0.0368138829182954 -0.0428679307765854 0.0169424706040059 0.162933788445664
-0.086458987491252 0.0326019900134146 -0.169275592143647 0.163374065788618
0.0212214251098031 0.111693428331141 -0.0370164870169223 0.262276370689141
0.0945003429204426 0.0527493553498029 0.0578130100158441 0.167061469301905
0.118107413106158 -0.0168248567864054 0.00155444783479535 0.13454899283835
0.119393792563238 -0.073718556417627 -0.065526588092853 0.215579196067731
0.118944130700888 -0.0792358190014293 -0.0716069517118114 0.296951601033596
0.122817408921344 -0.0259646653779684 -0.12732129223444 0.317161531531469
0.0782372376545694 0.0454563622822874 -0.214245844606434 0.260806290571246
-0.0362598921649609 0.0351265170918606 -0.22864969114817 0.120633010446234
0.0316614554483365 -0.134131105549718 -0.131367120920515 0.0517713317093855
0.23188104887405 -0.00236044393101931 -0.100912315549716 0.032613571892061
0.168372650202244 0.270343832461192 0.152399681042854 0.124411784384742
-0.0272472291213705 0.408884430521996 -0.154453862745817 0.396916725286614
0.140673635278622 0.269655699329051 0.0492730599279759 0.64966837692276
0.118970799223881 0.083661085288227 0.115519945802407 0.142034716221989
0.0314858570012022 0.0439270168594784 -0.164660553590195 0.123048261823224
0.090841798555183 0.0597791484838448 -0.0454349742085921 0.277306980156366
0.132800398040754 -0.0102171629207991 0.0877547175923694 0.187099314800129
0.137436436685965 -0.0872781594516912 0.0524298046474853 0.115242146648184
0.128934303422236 -0.156935524584476 -0.0274302326838148 0.167164250099886
0.132368017260477 -0.174592275174808 -0.0376103793830164 0.241398659913778
0.149536665155614 -0.15062160267432 -0.0885787887743162 0.271069118046165
0.158748674614551 -0.0885498672812905 -0.176837635702909 0.244847085856052
0.121582597013396 -0.030042002161262 -0.247056340184595 0.119764027904732
0.181524274053158 -0.081492330013945 -0.161180372694623 0.018629112535291
0.324578973854711 0.0799417591105749 -0.100430090258413 0.00118188259091081
0.251234018439263 0.33506530935555 0.110785073096507 0.064067051591065
0.0406297651277094 0.436209602527155 -0.148656894163632 0.246228402021425
0.179692762297404 0.330814279154856 0.0786049192868352 0.650759627967528
0.215876937349693 0.179137800066104 0.237561440838206 0.122162290780104
0.181539718121938 0.0380410014599041 -0.102285282274505 0.0729930617322077
0.178973084876479 -0.0290681006592034 -0.0190305392170361 0.252904021096242
0.15839852112766 -0.10059831082138 0.124176165390504 0.176071422689552
0.134149410324699 -0.158251008571356 0.107465957301719 0.0704384527332305
0.119376059147377 -0.216553778373671 0.0142738934888402 0.0906325772240972
0.13240649366108 -0.235275560138536 -0.00597437010243475 0.153196555580769
0.158684302544424 -0.236505027738905 -0.0566141112718962 0.188805942817593
0.21248678061336 -0.196416604960064 -0.139820500780799 0.188120412281798
0.256704550721368 -0.0928866807576574 -0.249638977796887 0.0906177717683525
0.320959936343587 -0.0154516354855263 -0.196479173588575 -0.026373085346617
0.376817189678736 0.17566718415444 -0.129521406474042 -0.0680952397530121
0.276773329414926 0.37172935641785 0.0627245639500386 -0.047177584432429
0.139462153343818 0.395338754837187 -0.169498811691644 0.0866387985841633
0.235043491527753 0.302358036141403 0.109007653743725 0.591069230606238
0.303996965821703 0.202591590026584 0.327993024969546 0.066298216873481
0.315277717579039 -0.00535064430006013 -0.0178307216665415 0.0145412012828678
0.247167033534215 -0.144025133592229 0.0402754260315865 0.182221944172091
0.156531483785025 -0.199657112033605 0.16775481531291 0.116104252376897
0.107355304003239 -0.215760520512819 0.15136186072362 -0.00542068285471635
0.0944261445281653 -0.244905202678561 0.049938863919233 -0.00243963273866483
0.118318186852034 -0.251354199308976 0.0240505420429023 0.0518398011839503
0.150106051467865 -0.26808825958858 -0.0284614763664799 0.0898791020997467
0.232689795320337 -0.247617510373316 -0.102428415987202 0.0971395690593028
0.344535727841928 -0.122221655687482 -0.228647244415865 0.0241312292335555
0.405581120946177 0.069049199964029 -0.210683610004423 -0.0909317769262859
0.363147687658265 0.263065661610685 -0.160683949343417 -0.166085254855618
0.24671818417702 0.359853464080322 0.0238653040193429 -0.194726454655123
0.206852750878469 0.284597381003914 -0.221348951362781 -0.0426106957058813
0.24052637211131 0.21498608395331 0.132831762992439 0.477969329614644
0.328789534393432 0.176503697205504 0.347364609588278 -0.0210638023892046
0.381140587201521 -0.0646046205755411 0.05219822920383 -0.0415852689010717
0.258851802736002 -0.242856869049206 0.114303820957339 0.0770149658929396
0.120304083788643 -0.268074269989877 0.206923545546049 0.00731507387041529
0.0607877813236821 -0.239854431090593 0.176564322190306 -0.106166685292938
0.0557750674320965 -0.234136066732506 0.077823339581782 -0.09688917804212
0.0863880689606136 -0.226751734934823 0.0513256731514925 -0.0411758581838328
0.119371931148037 -0.247970053839795 -0.00129876127983939 -0.00273819104170496
0.211042640093476 -0.24092778168589 -0.0614008950211606 -0.00274335905654487
0.364444369222043 -0.105853085633149 -0.171728588642035 -0.0655623339621589
0.398084248579466 0.164872292343076 -0.179637597253293 -0.165467584211775
0.269091914228061 0.309418453755451 -0.162167567161777 -0.274724289600142
0.177114407943202 0.290510765428294 0.0137472814810393 -0.351983043017891
0.202007267468398 0.132446588034238 -0.280441148316753 -0.123656720052315
0.162156185882635 0.12605221560964 0.139569111077076 0.332882504087394
0.279715561929098 0.157513511677344 0.29123630127952 -0.100906860949367
0.366979194211784 -0.099782007557994 0.0981908101366035 -0.0716203072801453
0.206198461190056 -0.281765145452483 0.180793544517508 -0.0362278884101036
0.0570312218915168 -0.272774070513808 0.225280947596018 -0.122554801117982
0.00624237837392024 -0.217436302427995 0.1769303658475 -0.211270015069655
0.00666021312544177 -0.188870136010375 0.0937528925011369 -0.178887619928681
0.0388873317524968 -0.171984882757069 0.0711787060236247 -0.112125109104371
0.0662166091190363 -0.196642872820534 0.0192511346367281 -0.0715513781065886
0.153737794971965 -0.204116352902928 -0.0188060088606197 -0.0880246870971007
0.324011103773093 -0.071517005379457 -0.0800010271230383 -0.146158858078677
0.305445921772219 0.232305312207962 -0.0993923904814461 -0.220321749443216
0.121276133601434 0.282373999000971 -0.120680219007869 -0.370288757250669
0.103871554435927 0.158795212624087 0.0373057281616524 -0.486069854324346
0.119137352537328 -0.0239358851556744 -0.312280719135818 -0.158136548962175
0.0282393859362152 0.0726046889517273 0.120362069061444 0.185155275604417
0.189362988522489 0.158274648868535 0.200489640799552 -0.131040509254525
0.289191831550384 -0.102331643858829 0.13915115884933 -0.0749218615343367
0.11122365121671 -0.247928139846837 0.225194263213016 -0.134660425475831
-0.0109258315505467 -0.209343026007916 0.216123996065876 -0.235190438782661
-0.045649409313334 -0.14807082060733 0.155816127696655 -0.294295068578492
-0.0439061150499154 -0.112645947361103 0.0941930373477087 -0.236365387842631
-0.0178798077284393 -0.10422814575688 0.0740099701799224 -0.154401481274362
0.00214005847090329 -0.14386579574725 0.0233388486206216 -0.113637815206588
0.0883692241371266 -0.172179763138037 0.0155706931321956 -0.150080854918219
0.257172419387003 -0.047026083121652 0.0268935977787972 -0.191676474187188
0.176151480802557 0.242045098425488 -0.00323269296575861 -0.226751622364011
-0.0185648154258756 0.170790414799374 -0.0605938492512257 -0.432428997693529
0.0591474379304613 -0.0162084623437601 0.0793601627594716 -0.573809830426085
-0.00473034735999149 -0.157048148759087 -0.305417785861188 -0.150167326306347
-0.1026482909877 0.0412704145455826 0.0872050039798255 0.0734818813018918
0.0857006389126478 0.14940142641889 0.133700821837134 -0.107272615119853
0.168335765820537 -0.0811334321855071 0.188891716436779 -0.0715609541216802
0.00465217219605171 -0.157904611663055 0.241505225605222 -0.204978411403336
-0.0667034928841071 -0.0970058283653019 0.187664783541948 -0.30201457902849
-0.0843565871216547 -0.0468449377644832 0.121739805298442 -0.332106867039304
-0.0881306480459618 -0.018463215452066 0.080111280143737 -0.260837391042601
-0.0740041752103642 -0.0344704249913676 0.0540019271432501 -0.171770009521558
-0.0565816946299906 -0.100917000642393 0.00773335725580173 -0.143740631014151
0.034609061035911 -0.150398833910954 0.0390809879657135 -0.198190282354499
0.187321533778669 -0.0386557633506278 0.119964741394859 -0.200536604199684
0.0529736658097333 0.184168067680353 0.0574383913927391 -0.193861859616904
-0.0996700566167827 -0.00251762769937484 -0.0212070435972378 -0.473678600709993
0.0531618996953725 -0.196267182447279 0.123720907587555 -0.604411220838378
-0.0328981106490104 0.299992791734134 -0.131672863368896 0.491132894494618
0.128059765329372 0.123919223463675 0.0555255300494889 0.569868370269603
0.0311772568867686 -0.0413120592056365 0.0169955533465724 0.152396018927836
-0.0802400995344003 0.0358381616428173 -0.15588638591682 0.16266698593042
0.0240806771415559 0.103455198058779 -0.0234846391556887 0.247898666907435
0.0913256573332519 0.0459171125103997 0.0594888154711894 0.152620606992863
0.110579651236193 -0.0217236960865842 0.00499219235705712 0.1268045075488
0.107787647026519 -0.0762350059668714 -0.0549276112453756 0.207260355515035
0.106811554308323 -0.0814000362663656 -0.0563486124185177 0.2833903311673
0.115152851057169 -0.0305428793019619 -0.109866667828298 0.30281789675587
0.0767391607427928 0.0391650515925425 -0.193050112618279 0.252365784978536
-0.0319680779804549 0.0350808102381639 -0.212092694751809 0.120191470999752
0.0236284953501333 -0.126607096939211 -0.121463001670045 0.0499186820817226
0.215514394909633 -0.0109794491698437 -0.0935183248772939 0.0349044485987398
0.167338551890206 0.248237307663105 0.14704111938352 0.11558595009997
-0.0131080032366745 0.385250543443842 -0.133087796672043 0.386044818051201
0.139980310853444 0.247233446246273 0.0667943903326294 0.612645235588464
0.11213949305171 0.0757553987057285 0.108668329727121 0.128908170591942
0.0309019526570655 0.0420178952264658 -0.153735787954027 0.125610122177167
0.0875701205407547 0.053065428423519 -0.0326172016417678 0.262782289275885
0.124833517983462 -0.0144335817112021 0.0888686374848237 0.171573730085656
0.125553930714391 -0.0882912513184606 0.0525303788301692 0.106015545842418
0.113366417895734 -0.15445914264201 -0.020315831858006 0.159956559851014
0.116439780639418 -0.171911181036228 -0.0273599081323824 0.22807206388855
0.13539142540405 -0.149979800141246 -0.0751912638768715 0.25793269875256
0.147565921485911 -0.0898012169427361 -0.159202572565786 0.235031073230595
0.114774027023206 -0.0323675105960336 -0.229446256474682 0.120826712175207
0.167195754456839 -0.0815094913267518 -0.149426246510108 0.0204936323473799
0.305851500067332 0.0639676599037104 -0.0934952571049713 0.0067919998759455
0.245940225723956 0.308742686109174 0.107588664732543 0.0602907601152169
0.0524227707795822 0.410597789791528 -0.131404890627836 0.241945760492647
0.179124803170136 0.30414361364452 0.0952047263819308 0.611700193118648
0.207596092831981 0.161880127056256 0.223451257163811 0.106028840778777
0.172340863609773 0.0312803026722365 -0.0953758615878295 0.0766728212130482
0.166689401649893 -0.0338477826159954 -0.00915435421964054 0.23955759840026
0.145705209947049 -0.100705935358607 0.123252164902502 0.160854646040636
0.120501439948945 -0.155417780086968 0.102052385291753 0.0614154831513662
0.10315701096831 -0.209934528809332 0.0142380928052381 0.0848829958559277
0.114712657285647 -0.228462346333168 -0.00109316075597679 0.143876392062152
0.140606655372029 -0.230814072148095 -0.0486826075063406 0.178682953953663
0.193024673466514 -0.192803583653017 -0.127154530053902 0.178658307841733
0.239444677836482 -0.0958658805640505 -0.232436660120063 0.0931468076717999
0.301134106512302 -0.0249793412345989 -0.183759523708339 -0.0186530949642386
0.359169903571157 0.152474671748627 -0.122592782787911 -0.0576592841604243
0.272667372858138 0.343568905573969 0.0593497884883195 -0.0437081514689466
0.142964079923716 0.368086664679486 -0.155992542604082 0.091958980617288
0.230635578081267 0.277432944038788 0.124276434526138 0.554868180974601
0.292229164899384 0.181055132828789 0.306843199382702 0.0517001754602916
0.296841586071354 -0.0149784172103689 -0.0171257879976041 0.0183742594942651
0.227870532167622 -0.14446076316807 0.0447844501880319 0.171384459231139
0.140676097670869 -0.193727817121612 0.162720334614393 0.103572611959194
0.0930488384724727 -0.207153932778189 0.141651731347769 -0.011331503514815
0.0789797838876748 -0.234805975830821 0.0447463833125484 -0.00424555126591363
0.101190145818342 -0.24380306300605 0.0228137947504534 0.0464489509318785
0.130715267412954 -0.260126675526201 -0.025856851741812 0.0839705079013569
0.209400090466658 -0.241563422457621 -0.095028420771359 0.0912833659066642
0.319828390714183 -0.126842651197192 -0.215479366374302 0.0293011397920971
0.384668104921893 0.053149050360147 -0.198974198271164 -0.0793336723652526
0.349868127491505 0.235370126202743 -0.154731188040931 -0.148320824478822
0.243334689599808 0.335648364293115 0.0184651816462267 -0.18299593949321
0.204784282809224 0.264024635987387 -0.210213604532257 -0.0317456515044691
0.233761964951295 0.19589775323092 0.14360486243101 0.445848627328143
0.317070259330922 0.15487577620934 0.321217045196762 -0.0318448354655863
0.356170719486631 -0.0743001416263311 0.0478774225263053 -0.0364003676461098
0.234465420306063 -0.238498512937646 0.110656584573513 0.0705826127137166
0.102969009269439 -0.256161781662958 0.19579245525787 -0.000857106891552423
0.0482905807467089 -0.227589203372206 0.161026153382986 -0.108422636778125
0.0437017320839092 -0.223676889477205 0.0669393041578227 -0.0949894559598
0.0733605904329875 -0.218368406196906 0.0458165887459004 -0.0433817459874725
0.102733607135279 -0.238153633602583 -0.00264117107679143 -0.00452362631269274
0.188423192953992 -0.232711404519834 -0.059652665414863 -0.00506427166238999
0.338491714260118 -0.112393035115486 -0.164385231545872 -0.0579317592637511
0.38051667526607 0.142736808827248 -0.171442854879032 -0.150736973949844
0.263275081553974 0.283597911164142 -0.158396717338356 -0.252406382694497
0.175186943372474 0.272675941743869 0.00364749726955845 -0.33188083393985
0.194129222341895 0.121459803497067 -0.267435168904568 -0.107637320850166
0.157731440167815 0.114747645797242 0.143356173743129 0.309906357842496
0.270882459963008 0.139202192274115 0.266252249401876 -0.103709229746814
0.343480044630449 -0.108375436444476 0.0909979925314246 -0.0683095845007917
0.183708217382474 -0.274681346663285 0.169338389322476 -0.0397692071619486
0.0439967642402971 -0.258737179359306 0.208684218273239 -0.124916694634782
-0.00282143065901028 -0.204711762148809 0.156514583809136 -0.206959662158711
-0.00083301915688564 -0.177378387477499 0.0785248829030653 -0.173164083590313
0.0315043073230105 -0.164049040158193 0.0610004056896951 -0.110697433018653
0.0547881372210519 -0.187188679689329 0.0152220037680291 -0.0703137570972564
0.136441571771675 -0.195592110955179 -0.0220862530458975 -0.0858104553544254
0.30173779692526 -0.0784143119363052 -0.0808148546304861 -0.135998147050355
0.296750944109013 0.209484097996301 -0.0979698504184879 -0.204789204244765
0.125431829903822 0.264090390821706 -0.12178341145741 -0.342603459168369
0.101099722331977 0.149548339049216 0.0200002083143344 -0.461573095459254
0.111070127254177 -0.0226968386552593 -0.299961683058416 -0.13941852277668
0.0301768763167833 0.0694998679732305 0.119776720891609 0.169829752584697
0.186800741152152 0.141996002928977 0.180092749442357 -0.128540508399464
0.268880746110694 -0.108445873211243 0.130963476603933 -0.0736197355401876
0.0960318926260632 -0.237903957596536 0.207811423742919 -0.134778250514095
-0.0180496141747872 -0.196484590157382 0.196466798316216 -0.23139137439814
-0.0484538672528 -0.136906607184353 0.133795719577991 -0.284145311587493
-0.044913723978692 -0.102706304394016 0.078105663225611 -0.228188538107161
-0.0192641073225923 -0.0974198037601789 0.0627252167518508 -0.150645277801772
-0.0029618734821917 -0.134596152699941 0.0192884347512855 -0.109361459340854
0.0750367311001941 -0.163871039211734 0.00877138363253246 -0.144034097577319
0.239892021887214 -0.0536268390872399 0.0191544649555577 -0.183251632871772
0.174695305766419 0.221942062297067 -0.00712349076302929 -0.214397289437032
-0.0100491446977695 0.162960901960591 -0.0662840877957796 -0.404174966841895
0.0531221576583735 -0.0137867389080494 0.0570259837164028 -0.546951727636795
-0.0101324255123589 -0.144679031841483 -0.293528153147645 -0.134145255483625
-0.0933293269513621 0.0447665469044008 0.0833497355744313 0.0631307778670854
0.0887901914157591 0.136417995583496 0.119176130023203 -0.102430714754493
0.155061366137334 -0.0835153173182077 0.177188970286491 -0.0719858361150874
-0.00151047749887765 -0.147604172351124 0.222893219347643 -0.201451949422244
-0.0671343262667731 -0.0893907993996991 0.167301941185396 -0.293703347381904
-0.0814338203996511 -0.0397390215342092 0.101189156968154 -0.319227459655259
-0.0823739241961528 -0.0126704400247631 0.0648494388395539 -0.250237655653171
-0.0705143909873455 -0.0290130763794086 0.0454074506994958 -0.165792948213737
-0.0571076221591744 -0.0918744510996289 0.00358299088547752 -0.136200672195654
0.0256784284216532 -0.141886869653989 0.0290243048103734 -0.188835054305818
0.173846077398779 -0.0437619849332226 0.10656707977692 -0.194807764937725
0.0586252359678894 0.171178749112327 0.0527894972181392 -0.186043288448186
-0.0920459768662166 0.00239322412471812 -0.0308076029286362 -0.444542066787133
0.0422540582249776 -0.18593859727889 0.0961449137760248 -0.576317133808436
-0.0341691318279908 0.285878824264113 -0.129873479488798 0.474808936405467
0.119895351769157 0.116311003854615 0.0482552749079028 0.546293652318796
0.0282780023012396 -0.0389169183718661 0.0107304316915646 0.146116087647115
-0.0768493307181747 0.0351173952300761 -0.152757626809328 0.15857730535855
0.022563621611049 0.0992163038284105 -0.023164599407828 0.23646311468008
0.0881263227739455 0.0440522663597238 0.0548241982665164 0.144551831450399
0.105775388349634 -0.0220816922873519 0.00401305869984071 0.122080563016927
0.101750480155582 -0.0737705063681228 -0.053275437818949 0.199740089292249
0.101133241073359 -0.0800654748848916 -0.056412400800183 0.271153719829487
0.110457568640989 -0.0311582117620968 -0.108511522193116 0.289647057935009
0.0751789901644669 0.037760016128079 -0.187212055979013 0.240400268367251
-0.0300044148640609 0.0344576071797197 -0.204006369847926 0.112911394868917
0.0221117839167663 -0.12019074361913 -0.115726247052032 0.0439516633947952
0.203842035587102 -0.00934115756966491 -0.0884204057363439 0.0337635939734991
0.157078367268335 0.238558426997227 0.140426223168697 0.115145703136725
-0.0155521721983559 0.367356247975794 -0.129453141574577 0.373259380558597
0.13059995276274 0.234856127638102 0.0602554576979685 0.589193609804008
0.104565333571769 0.0733388704171752 0.0981351401317732 0.1244603715808
0.0289008716840782 0.0416922874127782 -0.149994145925109 0.123204919609291
0.0835213028891034 0.0517731389842532 -0.0316587214164854 0.251971947601377
0.120391120875163 -0.0133353876565601 0.0826559088313849 0.16266215450125
0.12070521959573 -0.0854261877759134 0.0487265271948457 0.10181526890779
0.107288738731424 -0.148939695320193 -0.0220849107208904 0.153554608683025
0.110592287914735 -0.166947048754337 -0.028307800864622 0.2185543417392
0.129695740909801 -0.145216568826675 -0.0759152806365781 0.246023674566688
0.143143622573699 -0.085653974724311 -0.155211819278024 0.222702767231905
0.111052323563406 -0.0293616545598011 -0.221731374412094 0.1130981149186
0.160259111595372 -0.0764007809621099 -0.142601108945417 0.0173902610186502
0.290363088561568 0.0635900018607753 -0.0889182695588752 0.00703933557690823
0.232782258684523 0.29967507295483 0.105029990967963 0.062090394260159
0.0461644818428052 0.392856827385304 -0.128267435779949 0.236098752380505
0.166299224198187 0.291436362317168 0.087491363747114 0.590627945606749
0.196219892811496 0.156974783059036 0.208707626386641 0.103470360052146
0.164409739053894 0.0315195365491333 -0.0935154151981905 0.0774527020228237
0.159435291263034 -0.030516907873503 -0.00956082017055746 0.230131009074751
0.140254670942149 -0.095527240806116 0.117297050059949 0.154484031940739
0.11577681456716 -0.149114030800952 0.0957632389786849 0.0591171979685092
0.0982808169025355 -0.201760614184502 0.0108020898796694 0.0818476232120969
0.109732168070876 -0.220907893859877 -0.00307637324883482 0.135851326244007
0.135170355271864 -0.223232230847141 -0.0494689223471706 0.17010988615626
0.18662130523417 -0.183505315196878 -0.124476710907769 0.167377224662197
0.230184204150251 -0.0906018320219862 -0.223419325445399 0.0870230432515381
0.288015713244883 -0.0198800480564266 -0.173662657994459 -0.0205583427936033
0.342298690184616 0.149742026499147 -0.115672566931522 -0.0540423595365615
0.257292692762155 0.333817003111688 0.0597577585338245 -0.0390445152164377
0.13422524356609 0.355380138775706 -0.149829629475528 0.0899879847438245
0.216682771415302 0.268128385018038 0.117579252191867 0.53344686896011
0.277343260206393 0.176246242133622 0.288786988723608 0.0519012440419382
0.284516979318067 -0.0126226402036534 -0.0174029358312051 0.0220552087877233
0.218629812388169 -0.136994997373094 0.0420161663149283 0.166774999544123
0.135952482406587 -0.184418032240923 0.156078225500362 0.0988621257850239
0.0891542187947548 -0.19879090417602 0.133408432869665 -0.0113354768879177
0.0760369420067693 -0.2250805414317 0.0403523930018061 -0.00376776512499843
0.0979981634148069 -0.234815881038293 0.0199790346963337 0.0424539998055681
0.125975912406203 -0.2508316447958 -0.0264099513288424 0.0789002985290243
0.201641473125209 -0.229447219730109 -0.0940800294386101 0.0833113760198371
0.307621453752507 -0.119362471743681 -0.205850086268505 0.0257876536616161
0.367163758210276 0.055521883490275 -0.187330876923934 -0.0783128854256062
0.333792540006547 0.229786481017754 -0.143955857763615 -0.141792956703699
0.229161010894799 0.327611963382919 0.0223954807284182 -0.174399132279839
0.1931983750686 0.255546039846518 -0.200350119648346 -0.0290380916112062
0.221759359956768 0.190618943098064 0.138325994638249 0.430707615801081
0.302578772531992 0.151435590809395 0.304449673553791 -0.0267902179464884
0.343493536968132 -0.0689106617540014 0.0456432007942833 -0.0306678705464874
0.225606918277764 -0.227377821600348 0.106371105835525 0.0702091588575899
0.0998627831154039 -0.245083855684249 0.188308714721088 9.05549414772202E-05
0.0471181241778964 -0.217459469739046 0.15239260106072 -0.103398453975733
0.0426376097307075 -0.213154053370152 0.0615952459432288 -0.0909227288941006
0.0713720028082921 -0.209714645746493 0.0422041638908019 -0.042966613005026
0.099928698628408 -0.227394293685739 -0.00376354902039358 -0.00657509725167256
0.180912556957371 -0.220231352752064 -0.0588606675619011 -0.0088813491023072
0.32519873457831 -0.105648741170717 -0.157296011504705 -0.0569375708025772
0.364392227405542 0.140998891795582 -0.160276538589637 -0.146732656044581
0.251377062328739 0.274335779054768 -0.145926506533624 -0.241443033180396
0.163928256712521 0.267076801408143 0.00852464919802653 -0.318682865135249
0.185062474218724 0.120585034203818 -0.255388793565075 -0.105288957653237
0.149637380135712 0.113446616507166 0.138067550720805 0.298072520830225
0.259805051701215 0.135400843056388 0.251585249671736 -0.0966629742515507
0.329084209063674 -0.102972410600644 0.089059924583355 -0.0610394755559279
0.177433522019521 -0.261905738769028 0.163372264769758 -0.0354048079852451
0.0428486730638955 -0.24732597681948 0.201861354799768 -0.118891843035989
-0.00179078276816355 -0.195058933728215 0.149727980037122 -0.198591308403244
0.000871236742560172 -0.169093208043285 0.0733132446201114 -0.16590339805019
0.0317244444048009 -0.157682673822835 0.0578137325964923 -0.108087103093431
0.0529105325816857 -0.178370417310725 0.0146808229797595 -0.0687324939060702
0.130028304412204 -0.18466775319822 -0.0217534797125842 -0.0850684286733439
0.288408161550691 -0.0735551117151745 -0.0757319736608944 -0.132061500188633
0.283655516987817 0.204478234411816 -0.0888030095767992 -0.197468175636716
0.118556546877148 0.25488062154952 -0.10888863299075 -0.327206284857975
0.0936761743578157 0.148429305449726 0.0249509190622508 -0.444325047044542
0.106706022859079 -0.0176796145380179 -0.286447404018861 -0.137875953837261
0.0294493101415284 0.0689962549626057 0.114271470393807 0.162182487508185
0.180127595248272 0.136772321572978 0.1710225817168 -0.119814156208837
0.257846979890923 -0.103495574264985 0.128007001499521 -0.0670238312292082
0.0927647906305809 -0.22741360367289 0.20139621204625 -0.127801063602886
-0.0166827067768855 -0.188108008219308 0.190327001171694 -0.222228385727017
-0.0464385217986893 -0.129557055628862 0.12817584233282 -0.272947852225603
-0.0415651139019641 -0.0980074088401344 0.0732805428844218 -0.218540996787982
-0.0170865267029477 -0.0928514691243497 0.059712705749052 -0.146059372721669
-0.00263770250354745 -0.127935230187049 0.0192972647344038 -0.106255391542631
0.0716498120683477 -0.154189132062622 0.00921301945001975 -0.139466846117835
0.228963334793654 -0.0499483715360618 0.0200183549887225 -0.17648750202647
0.167520488372861 0.214794815848141 -0.00127956416776407 -0.206088322818546
-0.00992636479469114 0.158241847280995 -0.0548879107006316 -0.385902317628587
0.0490011199230496 -0.00987015420546561 0.0596932032384459 -0.524705550861126
-0.00817038697895842 -0.135352740966171 -0.282161374399274 -0.133631614766501
-0.0882260963243342 0.0437168454723551 0.0782265787785014 0.0587973052072208
0.0860161024673907 0.130074769702292 0.111548987882157 -0.0944807303053739
0.147776229987256 -0.0804143340497478 0.171749038982124 -0.0672492997186723
-0.00142634564233614 -0.141125445825871 0.215457874369191 -0.191823019692094
-0.0644384331592037 -0.0855046339258591 0.161985955103097 -0.281913970918105
-0.0779717742997662 -0.0361634171574518 0.0977476567631328 -0.306718537807791
-0.0774608943369894 -0.0105761447182956 0.0615229620156563 -0.240600213159974
-0.0656850217889717 -0.0269499501499414 0.0438074702625827 -0.159958613393511
-0.0545172141309331 -0.0863824167659304 0.00517574360698247 -0.131148486928782
0.0241236758063487 -0.134837154256233 0.0290963868186251 -0.180711898784949
0.166362926369658 -0.0416459538693651 0.103057174965938 -0.186673063936428
0.0574347035491216 0.164892001072458 0.0552503059579951 -0.178664058186462
-0.0862973330832977 0.00306735132365297 -0.0217480891300883 -0.425308058276137
0.0399868517962289 -0.174973837200181 0.097585022180146 -0.553645784355423
-0.0754740763809509 0.270676725064964 -0.215001651361469 0.441167152897038
0.0947730986488814 0.128551925445045 -0.0438500199425273 0.549094934971993
0.031952270957205 -0.034591287995563 -0.0144924186529908 0.148139535054052
-0.0806532300593945 0.0217338584541697 -0.171113618278809 0.132805129796985
0.00365609449933586 0.0999751041079135 -0.058729324292858 0.223642032102438
0.0798939380433386 0.0560971468631391 0.0260984414054346 0.150597581215135
0.108573462228549 -0.00529947758859925 -0.0171314549823078 0.120236796876933
0.110016722772923 -0.0559547143858389 -0.0848516335723644 0.187417838127644
0.111088343007396 -0.0591179715036199 -0.100520078993786 0.256327948930868
0.113019678711511 -0.0124084958231249 -0.156648483972006 0.264665836386947
0.068550972860127 0.0522757299120755 -0.225291936678092 0.203015163577451
-0.0336750340784588 0.0333518090106075 -0.220257510459776 0.0752315911438037
0.0393090253624035 -0.109363302908951 -0.122057399110702 0.0208058656304876
0.197054590881415 0.0267376958450684 -0.0949321991063878 0.0142968980935917
0.112841217582406 0.258242566526428 0.119661641936372 0.139803884267708
-0.0685420849110658 0.355623213493178 -0.206724564164715 0.339193627902567
0.0857689320857717 0.246473593774961 -0.0426386472620909 0.591325084228329
0.0880172259258932 0.087574356359463 0.0665933041697702 0.139232680078017
0.0205689583398158 0.0458802471043049 -0.167701161822255 0.102377690950562
0.0698581631597531 0.0645874107170058 -0.0703594832664971 0.241423513764089
0.120080894643379 0.00540714731741171 0.0523773902520524 0.176215685300765
0.134079476758179 -0.0657160382691374 0.0294846149062437 0.108260805823746
0.128841090750481 -0.128131861112602 -0.0470182345581597 0.147745623016489
0.135393419000501 -0.143789979667963 -0.065182990047837 0.208523491360019
0.150147311448694 -0.12055164630794 -0.119304106592027 0.226435600208221
0.154775419205209 -0.0558604337608453 -0.194245072896252 0.188747814994488
0.11499116199564 -0.0051122961959944 -0.238767431923372 0.0732080920547846
0.165034523856486 -0.0434317865509011 -0.143581369656963 -0.0115610742425267
0.268890384508963 0.113323157247478 -0.088879018721779 -0.0144503927922269
0.173672063072609 0.332935881529152 0.0951207295663223 0.0785674798986576
-0.0118579804291037 0.389997151262244 -0.187226056530828 0.205302896687458
0.112138290057408 0.309542844069733 -0.0193548696333299 0.596347442353316
0.162788222340992 0.183913837232876 0.171633221140323 0.136677679877444
0.152681134269048 0.0600171203103789 -0.111742254336222 0.0690281946156167
0.157520483220481 -0.00108578642156416 -0.0483366635398105 0.228916146109316
0.152253950824124 -0.0708783486288694 0.0906432348953998 0.177274749712452
0.139054123126973 -0.128284444408235 0.0813783918621466 0.0738807994085087
0.129282218780424 -0.181730802225212 -0.00342003001450187 0.0823658805266704
0.143735579807922 -0.197128653639804 -0.0272859535977071 0.130816155977438
0.168032500406268 -0.195086777758446 -0.0828664254870669 0.154556413978686
0.212592740224733 -0.143912358077049 -0.156344545517821 0.139602253033828
0.241658753331458 -0.0443708291148404 -0.239887904295293 0.0464250194504865
0.28025156202199 0.0326935889058491 -0.167171307623946 -0.0570709608652969
0.303707642195453 0.206360835262628 -0.101499963369151 -0.0810076827849421
0.191067533659078 0.373114702552295 0.0699585733918428 -0.0322185146254477
0.0790550298015638 0.366329989511209 -0.189106456422778 0.0648046572647948
0.166507786288876 0.296122015834065 0.0201962356375508 0.547712316299173
0.240024072220042 0.21661827105629 0.255248134069054 0.102147985509965
0.277513205224743 0.0379909373438778 -0.0321531739151441 0.0304586286309346
0.233163997218008 -0.0932208807697771 0.00963423658721128 0.180764138370303
0.162014052211247 -0.157928389516358 0.140547411162573 0.132367124343817
0.12150839520037 -0.181771577566107 0.128889071471123 0.0108773374733821
0.111713534220067 -0.208083530971341 0.0386436404773489 0.00218357283370466
0.133589084084808 -0.213285712602767 0.0103395759248436 0.0421179649753892
0.163085235405465 -0.222232084965976 -0.0444640296403113 0.0688383166773247
0.232250574575938 -0.185202415134083 -0.113089352079223 0.0607309447442602
0.319606519012129 -0.0591791556937693 -0.21363483623876 -0.0121787067838736
0.344129077502199 0.117401137057958 -0.169333827374259 -0.116316922224411
0.280584052447676 0.284034132885507 -0.111933206684008 -0.172335996316083
0.161048158679864 0.362163594710109 0.0572449276509345 -0.173504657439657
0.151580576298462 0.279594738100704 -0.217350753068246 -0.0539000867878258
0.182920241851082 0.222585371563513 0.0588850097078851 0.451336503219498
0.269596484610561 0.19840611124457 0.280893421362099 0.0278021524145077
0.34448302222871 -0.00850961467691403 0.0362347741030927 -0.00857406828148373
0.257259124717578 -0.179492980016228 0.0878335643691495 0.0987888193158892
0.136738504515792 -0.223435009554281 0.190585556441931 0.0403669377082082
0.0820791171401756 -0.206473618530714 0.162523375224328 -0.0758481764347097
0.0773857353224317 -0.202615646402538 0.0731427290718389 -0.0797020413111638
0.104397352976688 -0.193164336248371 0.0453765733692702 -0.038810123028147
0.133250755027587 -0.204733004596462 -0.0072950024044956 -0.0112421400838707
0.209828879399655 -0.180659027728745 -0.0630338127381961 -0.0234670640796322
0.332259920437587 -0.0435258664331728 -0.150232280985526 -0.0856573407371023
0.326244340419865 0.199466549604286 -0.128437260810192 -0.179282681368531
0.192168540591737 0.312912872566629 -0.0926117504918861 -0.269257028168664
0.106073294782861 0.290631830626562 0.0689582707597487 -0.319229675962405
0.163590571656897 0.147366216089168 -0.252304685265822 -0.133957393637705
0.126248456623863 0.136427883245969 0.0838575327877359 0.318321787642189
0.232801732378086 0.17435455535052 0.242936214889989 -0.0486996300331173
0.336520219759067 -0.04392462394416 0.0846305696900026 -0.0312093279243785
0.217510911586699 -0.221236299468377 0.162209514415772 0.00528191852645551
0.0811515749622525 -0.234647214958639 0.223736261977553 -0.0772627377628123
0.0299695079722274 -0.192612550068533 0.173195733602375 -0.171418998540347
0.0296771808872805 -0.165737874927216 0.0975313748023763 -0.151702362477469
0.0562977570779815 -0.14871452995401 0.0720357358437258 -0.0997521894467977
0.0801063772307795 -0.164017669989302 0.0223808457011095 -0.0681317809930881
0.153465569469003 -0.155617071918212 -0.0120565138654357 -0.0911495614453743
0.29053283308893 -0.0200678340651002 -0.0561807166000442 -0.146550803635786
0.237737773768077 0.245216594152296 -0.0488969564902052 -0.215816839874243
0.0662854677980035 0.269227534617025 -0.0402047536638492 -0.344515036067701
0.0567639126455214 0.162438187644388 0.107174552583054 -0.439512370485793
0.107306112966481 0.000974464635793924 -0.266596754002436 -0.171490111733211
0.0176154721295704 0.0746044735787809 0.0849135447814983 0.175037264539092
0.155325201484169 0.162001866148694 0.168623732259828 -0.0861302841656191
0.267754330808674 -0.0574763684241365 0.127102887754925 -0.0348820009313094
0.129970677012605 -0.202341856734951 0.216000081322386 -0.0831329608841959
0.0124280712467192 -0.185970582881606 0.228879529063277 -0.184679485191885
-0.0239029837482488 -0.135893979339859 0.164405435266329 -0.248934669797469
-0.0232214602874611 -0.102748145429563 0.10661031319107 -0.20415628703663
-0.0011246323982504 -0.0941729497509656 0.0817048952456871 -0.136165280273581
0.0175220167886687 -0.123417115779683 0.0349829958744077 -0.102879234432146
0.0913027920454661 -0.136252436616106 0.029129302554985 -0.137863959482027
0.227962427113223 -0.0104739304426444 0.0465913624960779 -0.17371950287525
0.124980147997746 0.23491231853636 0.0399857709793253 -0.206831303944753
-0.0412879254300855 0.152289157238334 0.0215055704527099 -0.388309118859925
0.0400984670573386 -0.000616024639745114 0.156157513453717 -0.513824551905751
0.0127253133546283 -0.130939127119409 -0.251115905612558 -0.170893392930454
-0.0926303782600174 0.0303707169227547 0.0680003798543574 0.0622962399127099
0.0651486885127254 0.14008286594881 0.111721188842175 -0.0743144793221128
0.155684550591247 -0.0532720589324314 0.175102198889991 -0.0332325992078432
0.0241068354141246 -0.134973781210254 0.241955263292592 -0.149721008821918
-0.0506986480129612 -0.0924604928005996 0.209913285874973 -0.252891157659146
-0.0714693499889579 -0.0488852608431236 0.139863761366335 -0.288308195140268
-0.0725732054535575 -0.0231303149145444 0.0986959742379104 -0.227292311291001
-0.0587046920837711 -0.0385090402211926 0.0691112138115817 -0.152135464309607
-0.0400934126860981 -0.092228431936856 0.0270027396291512 -0.127214015155972
0.0425156514294227 -0.126510598802589 0.0567088767299828 -0.173119434830705
0.166343605733036 -0.0150994494437046 0.131534396336084 -0.169429919974069
0.0281436096078248 0.167063712529772 0.090893232342501 -0.168279950832548
-0.0885393463068378 -0.0117582277140933 0.0580103112239226 -0.418252381520672
0.0603577322937496 -0.165322039227555 0.197942084038762 -0.53565280506044
-0.0794975662506853 0.274873931033049 -0.225079257420294 0.453324175953362
0.09395631559285 0.129732148554816 -0.0504669620149886 0.563189928002056
0.0309688596327331 -0.0358923650973616 -0.0202797141245665 0.151059083090497
-0.0828290692372029 0.0228733330104772 -0.178256921786193 0.138022513342143
0.00249036049209161 0.101852722308924 -0.0602414311767238 0.229730500127097
0.0823192370711586 0.0563099794897355 0.0257883292465138 0.152724139439789
0.110828541723589 -0.00712958686113962 -0.0185901128288367 0.123429211032224
0.110759696202169 -0.0584304345294975 -0.0887483161742122 0.193239110100551
0.112873196555696 -0.0626100401911761 -0.104401443599385 0.262801612534814
0.115916875485816 -0.0145261367720336 -0.164083057587644 0.269809884256292
0.0718679265073449 0.0535662165217118 -0.233183778510658 0.205871827160084
-0.0338054917329399 0.0355833052437708 -0.227762958025777 0.0736007958688431
0.0389418919944145 -0.110883546822605 -0.123983513085382 0.0174395989237987
0.199874025607991 0.0289309768930712 -0.0964323203532695 0.0169271064219039
0.113321609857473 0.265038517374928 0.122973025561367 0.148174315539222
-0.0740355924611037 0.36253976269653 -0.215403049141828 0.350151871972165
0.0827719538497389 0.251612510898272 -0.0500911815850893 0.607280850576811
0.0873872967877474 0.0898716123826507 0.0624734314518209 0.14307886645133
0.019956503798669 0.0484127233189702 -0.174472316500043 0.107409000167422
0.0707780685731311 0.0672918093407859 -0.0734579671901109 0.247599553875627
0.123781641090388 0.00574813817201161 0.0528530553552545 0.179431978272656
0.137422228968386 -0.067664310634029 0.0287858566405419 0.110989709203231
0.130758799463489 -0.132335807778583 -0.0507596340093427 0.152326044158859
0.138467893198057 -0.149030109923511 -0.0686679065568399 0.213492266831461
0.154532700280441 -0.125679637353042 -0.125309180273386 0.231478164179747
0.160055473095874 -0.0575638745631527 -0.202548655989238 0.191663312165104
0.118885456023049 -0.0036702379429518 -0.246351473414381 0.0721453644640378
0.168850556039792 -0.0416041366741835 -0.144772466563097 -0.0154056327849982
0.272827463161653 0.120047866847104 -0.0889282903194547 -0.0126658435810525
0.175128999959804 0.34365243583884 0.0995273402312804 0.0839112656833468
-0.0175541289937171 0.399400781674746 -0.193527245882084 0.213372834013313
0.109414090817761 0.317628261517401 -0.0227163969096815 0.613515072983413
0.163170920999939 0.191253826717827 0.169407799530439 0.141122796233786
0.155433029148517 0.0630438566271497 -0.115921060655858 0.0740664401992027
0.160549842848949 0.000681447351260152 -0.0508475555474841 0.235935929741416
0.156813571341141 -0.0717087309522451 0.0917983986342895 0.18169559913016
0.142824029674544 -0.131973847826631 0.0831900527939171 0.0765865620938661
0.131968891972676 -0.186336425457778 -0.00564800151009595 0.0846887228811588
0.147731680912372 -0.203605638221259 -0.0297064513011957 0.132953513279219
0.172669492555481 -0.201632720690684 -0.0875778507053676 0.157939606025409
0.219310850676649 -0.14684612366742 -0.163904487343938 0.139534781846916
0.249086999979084 -0.0432888587966414 -0.246101329915269 0.0443963734692261
0.286789128002312 0.037561943908446 -0.168516130291501 -0.0614507433201206
0.308490021043433 0.216299027713045 -0.100233330128574 -0.0814140199479335
0.190601814408645 0.38720080807824 0.0758787038289235 -0.0305581342337645
0.0768291326403098 0.376927359179271 -0.193969161117281 0.0683090837762697
0.165695984900295 0.30568472508588 0.0178125103280873 0.56286764787968
0.24288006516128 0.225961133619847 0.255756930226729 0.106273594963158
0.283893567056033 0.040524409074333 -0.0342608926360127 0.0349881409811871
0.239182887281022 -0.0940775609332123 0.0097522470856282 0.187618749695363
0.166784409564257 -0.161015631978415 0.144472686387521 0.136236149066317
0.125434014518692 -0.185829407004955 0.131778749195165 0.0116904377317111
0.115335581133672 -0.213493097974055 0.0367118143482288 0.00289563063849674
0.138549419684999 -0.219607949033838 0.00837944805063313 0.041394063258715
0.167413851931803 -0.22874287977885 -0.0481395036715681 0.0694414397436704
0.239547270433003 -0.188881553890754 -0.119681846535951 0.0588103900830015
0.32920560565115 -0.0582910064311624 -0.218262746598356 -0.014680118418333
0.351552510300057 0.126531860275754 -0.169355826886974 -0.122076351160382
0.285503419652721 0.295135666307545 -0.108771381557014 -0.175020057108343
0.161707472371308 0.37754920423154 0.0636740533580943 -0.177676282686819
0.152148182062771 0.289381652309488 -0.222085639235721 -0.0553625826017275
0.184616956048829 0.23281798086696 0.0583752581972616 0.463083343690999
0.275420538620898 0.206413824654727 0.284033499262201 0.0321565159486264
0.353470558509728 -0.00623679024306771 0.0370981866428768 -0.00389450262306211
0.265048585244261 -0.183507606895029 0.0910456243180333 0.105629818959212
0.14047559816236 -0.227098849368426 0.196904038437296 0.0429113281066887
0.085970076306119 -0.211874425350185 0.165173196928949 -0.0773628731323898
0.081033358657897 -0.206652970702025 0.072870669680364 -0.080714989570943
0.108120959954359 -0.198714441381834 0.0453292302100648 -0.0418095063658615
0.136582075343046 -0.209556190013053 -0.00755020834384292 -0.0135193212501322
0.215895234963376 -0.182279975431753 -0.0661104158658868 -0.0270724710504151
0.340955021347416 -0.0429171758256001 -0.152652832901672 -0.0901013990176772
0.333143525873009 0.209141734815905 -0.127238316336434 -0.185021825039879
0.194143859877233 0.323841743294776 -0.0870205099196632 -0.274829802983107
0.104412184718287 0.30385746183616 0.0771308141150812 -0.327901959068962
0.166182888773592 0.154458481896941 -0.257840909513595 -0.138439530848375
0.128352644290234 0.144469164833795 0.0842249677448958 0.325907044342333
0.238074289167939 0.182368317278644 0.245808633013351 -0.0460308766848496
0.346258709296077 -0.0439139327141791 0.0885016515688441 -0.0279384088967581
0.223588676716771 -0.225899110370711 0.167802580510843 0.00897423933332506
0.0837703369893303 -0.24030991902465 0.231497784387034 -0.0776099953099989
0.0318397539868148 -0.196907812122505 0.178293544617203 -0.175244639979773
0.0326296348982454 -0.169116726158262 0.0979953174889576 -0.155562441998953
0.059751941207558 -0.152676589213411 0.0731105423553829 -0.103249119919429
0.0823549347280096 -0.167427338700411 0.0231361877636472 -0.0716745437031388
0.156353756158912 -0.156561125777249 -0.0129299170779188 -0.0952100644027646
0.29764177559712 -0.01885707505342 -0.0556467803035457 -0.151777553170256
0.242760541993418 0.255398259844127 -0.0438649885655995 -0.221226254460554
0.0662070113332117 0.278208615473717 -0.0315657690748825 -0.352145595067648
0.0550387291349175 0.171714488705008 0.117469802263607 -0.451893974102888
0.110455533756063 0.00457618395346722 -0.273199024935253 -0.179501001521234
0.0179644791126637 0.0792437494046808 0.086060396990205 0.178046538054057
0.160599637226305 0.168729026154878 0.169204075863821 -0.085429146211146
0.275247566300779 -0.058061735293905 0.132421208267125 -0.0314833275330096
0.133579249349379 -0.207839164307174 0.224164366872593 -0.0817459175940255
0.0136436168732524 -0.1903260798863 0.236439532116785 -0.18793708285876
-0.0246165000314114 -0.138758737525047 0.16901784705083 -0.255334371269889
-0.0218986170514536 -0.104126960417485 0.108092366610731 -0.209379627562436
6.55567285281701E-05 -0.0960505025014869 0.0840011360630262 -0.140400643779615
0.0183460051057781 -0.126125297087436 0.0367741067155889 -0.106875221692951
0.0926829025376405 -0.137529563311972 0.0300926031628882 -0.142657667851883
0.232608680527242 -0.0107534469939202 0.050194714060155 -0.179447053188078
0.128429381744582 0.2425316671507 0.0475212719360511 -0.212531960842816
-0.0423861106286092 0.157105847401993 0.0318572837167454 -0.396911820783186
0.0388451702386429 0.00305986514081084 0.165356011429869 -0.528305730425072
0.0148573078472842 -0.130759347696678 -0.25725897482736 -0.180107373629904
-0.0943955211340479 0.0322692099708621 0.0668264294464077 0.0613479050731144
0.0679910196350491 0.14370040806734 0.111992461807557 -0.0721770828876192
0.159822386681109 -0.0553312992905687 0.182046651217606 -0.0299495675761961
0.0251524636019366 -0.138186367461061 0.251432920975467 -0.150655448899283
-0.0515884295713841 -0.0947420497357644 0.216969418611593 -0.258160276805744
-0.0728797616873951 -0.0493305053116116 0.144609762566803 -0.296286273470478
-0.0722325815943512 -0.0221105383983511 0.101238746401239 -0.234199759077954
-0.0600278987557084 -0.038302890797797 0.0711322215518999 -0.156391357204547
-0.0405948541543362 -0.0936774332734815 0.0294025092126606 -0.131138501484578
0.0428285218391404 -0.128647794094969 0.0601516720424053 -0.178165419665438
0.169402714300023 -0.0155884103913338 0.137116358303458 -0.17404203628361
0.0304981661310623 0.171243997487851 0.0987048109339743 -0.172102623467059
-0.0897224096665242 -0.0111312372193434 0.0675208102627907 -0.425930463866492
0.0603351280771972 -0.166517731079624 0.207580178629988 -0.549803644716236
-0.0754229013613838 0.284823974866639 -0.220721422053445 0.479738045536772
0.0980984831875839 0.12829403524423 -0.0358917506518546 0.583846561922165
0.028896356517394 -0.0379449089140585 -0.020906388215771 0.157143169889384
-0.085079169351783 0.0268853621497773 -0.181308904451732 0.151596432715334
0.00585055763022717 0.106235685587483 -0.0533053598379031 0.237843617010235
0.0872205541748461 0.054660989136482 0.0308947263061549 0.15541409830622
0.113290360442933 -0.0135075902099517 -0.0156027506747778 0.12812690737196
0.110484832633661 -0.0651760856533495 -0.0859951461097914 0.204732405112781
0.112687051119784 -0.0705657292909002 -0.100606825791246 0.274809954640612
0.119139519882014 -0.0208869448565673 -0.162111547647617 0.285807901436807
0.0777093369050109 0.0525337459536095 -0.236744984706456 0.219803943666597
-0.0330804891613993 0.0390592408182203 -0.233885119445584 0.0825333737629169
0.0352698835711496 -0.115430485273051 -0.126930111343404 0.0183243512433215
0.205554008760638 0.0240898921518455 -0.0982383269932177 0.02258495041718
0.124391490801291 0.269968613830573 0.132129560797302 0.151975283930279
-0.069042337509871 0.375641955349556 -0.210852558253539 0.372273788217036
0.0903794516576931 0.255363734379345 -0.0322074705661136 0.628994231667793
0.0897426526898601 0.0904623862575717 0.0643938211457698 0.145920260905727
0.0213413500377872 0.0507448932456797 -0.1774114017525 0.119229422034719
0.0743775132564221 0.0682675828301888 -0.0662814118048835 0.259250086139577
0.128635638948709 0.00148843765304834 0.0597303935995552 0.182401469620986
0.138951361747147 -0.0759446316443726 0.0337270042312677 0.113583504561133
0.129357320512931 -0.140868799906585 -0.0480671546270654 0.160830746733946
0.13660513255194 -0.161684360013399 -0.0647794033950288 0.222115097260545
0.155000341439774 -0.137505073601226 -0.124431987576401 0.243303881593113
0.165494003246535 -0.0656478189132342 -0.205765619013828 0.203423026275084
0.123749244708318 -0.00638771483206572 -0.252838978559286 0.0807378903972197
0.172211147697598 -0.0465804819106495 -0.148495284569063 -0.014969310786074
0.284992242049895 0.116789657315129 -0.0891778156598222 -0.00844023239510764
0.190262261901315 0.352288411078661 0.109066408002436 0.0852022165354693
-0.0085540500236461 0.413511204562198 -0.194071361910019 0.230614176326945
0.12037686648248 0.323526480812201 -0.0055626728858456 0.634724007749546
0.171843975859945 0.193932474279627 0.174173704683174 0.140316439864696
0.161589081787567 0.0607462843013428 -0.119418122438665 0.0842277245411378
0.165252301616627 -0.00400133528514808 -0.0443145685039489 0.247982795157306
0.159765631906019 -0.0796464234173767 0.101225077171566 0.18365336482359
0.143394631819745 -0.141592852659828 0.0877842436291971 0.0760955160753446
0.129431161569535 -0.197129285544125 -0.00501556229176236 0.0897616081968088
0.144772409262112 -0.218123381112184 -0.0284354094082454 0.137452397786648
0.170757639544988 -0.216887963501424 -0.0869098803590369 0.165743092705042
0.223011586845058 -0.159710828279043 -0.168088742045475 0.148086955960603
0.256897242449419 -0.0527549410217992 -0.25288651193006 0.0521053822592456
0.297807677383518 0.0322697791936139 -0.173257872885348 -0.0600647188742027
0.32512255438315 0.215887542763033 -0.101881567856772 -0.0787016669009266
0.207954890396501 0.397887282012359 0.0813253858686435 -0.0339543389497682
0.0861130511589829 0.387115229711444 -0.197353871559955 0.0797965776639677
0.177469109063203 0.311353653865678 0.0359196491571225 0.582800073238846
0.256488809349336 0.227824601114625 0.26192357387893 0.101923134426152
0.293721811265289 0.0330762173486519 -0.035807731688406 0.0424958082955036
0.243446019236163 -0.104590473108164 0.0172171254294582 0.196104077848844
0.166766180380159 -0.17150056416517 0.154825370299678 0.136225350414137
0.12257165088355 -0.196461969851672 0.135806188039815 0.00725162928500254
0.111951597634509 -0.224135905539629 0.0360468136144268 0.00256924472309266
0.135198035113798 -0.234222509325454 0.00915017365699415 0.0409062062214295
0.164433441332111 -0.243392354567559 -0.048474816893491 0.0722883859101922
0.24242513058398 -0.202364005855658 -0.124390089647403 0.0618793642505699
0.338818913254908 -0.0705432277685424 -0.225749498287547 -0.00997908905528488
0.369250141620384 0.122414304042099 -0.175199008955441 -0.122218843506284
0.303061619594712 0.298277314550733 -0.111046755901658 -0.176945496063617
0.176089616208841 0.389745107318039 0.0646123716424146 -0.187624983425159
0.163490201373983 0.296040803105651 -0.230818580270839 -0.0486680267608195
0.196706414300013 0.237329951254381 0.0739015474805083 0.477738900866108
0.291668871409964 0.207605652741023 0.28908959327441 0.0244759681736888
0.365419517033046 -0.0183271074127327 0.0374334217816332 -0.000504823853804988
0.267932869066515 -0.197797655864964 0.0987845946578476 0.109813182472041
0.139185800864044 -0.239461336258589 0.206051010226455 0.0376079155508797
0.080961454725647 -0.221540289458246 0.168289214985552 -0.08627049272667
0.0776040896137001 -0.216426137552894 0.0703999947712993 -0.0860205241072393
0.104840943949628 -0.209926778121045 0.04467929933999 -0.0465261014316196
0.13332768316168 -0.221644300588598 -0.0100267383927893 -0.0148372876290313
0.216059931997888 -0.194013350147347 -0.0717424563533906 -0.02874827176593
0.350860686560744 -0.054617391986967 -0.159617844828237 -0.0898142529623668
0.351821208200006 0.208931011416977 -0.132750677757471 -0.18894189061569
0.2106674194006 0.33037120426809 -0.0908898913379696 -0.280109534257238
0.115806432269703 0.316393654992573 0.0729150182516226 -0.343511853699954
0.174771913456635 0.157721048217691 -0.270578226126362 -0.135806205349171
0.13703039157064 0.149525350754327 0.0976885775148297 0.332519238109455
0.25410717401955 0.182837362420662 0.246909507959492 -0.0534944665748799
0.357422314706142 -0.0573300306338685 0.0912215365294352 -0.0270708134919389
0.224607099390413 -0.242589035216999 0.176337579100643 0.00664663862141193
0.0786410718489286 -0.250614859904058 0.237587635661768 -0.0881593431222831
0.0254438070929426 -0.204993050187058 0.17711553938208 -0.187136327978651
0.0286541904242885 -0.175499240876798 0.0939710986583067 -0.16356493730009
0.0568665780496165 -0.160482847203031 0.0711762712477058 -0.111140387790777
0.0787906698761707 -0.175138969216902 0.0211429710030711 -0.0764294020152454
0.155792497035508 -0.164744225723295 -0.0180045527818559 -0.100725109390931
0.305048543347061 -0.0296361026649893 -0.060590652982169 -0.156324379009158
0.260535083462307 0.257360938591626 -0.047274459053659 -0.228213690587509
0.077356791842818 0.287071456182792 -0.0358060360524348 -0.362637353737263
0.0594097757793286 0.180639531783493 0.109237363383157 -0.47347185078654
0.11401739770444 0.00440752068804376 -0.289088535274662 -0.178517315079412
0.0227762071191615 0.0851595356573566 0.0929027178595163 0.179005259461676
0.173333891911757 0.169697594197945 0.169102703076718 -0.0905751411766356
0.282522315185294 -0.0709009472000851 0.137352535990298 -0.0335395307425429
0.131495286140213 -0.219880384215426 0.231878463896659 -0.0903103099295274
0.0075260399662772 -0.196807670158257 0.239486032907245 -0.202272028995327
-0.0299459265384255 -0.141525541334796 0.165057002009315 -0.269800935712862
-0.0244722011015985 -0.105907062906434 0.102768405737331 -0.220705567989394
-0.00225432409043004 -0.0991395728405248 0.0801873242604423 -0.150008293635217
0.0148177387633865 -0.130112563415926 0.0349203989638201 -0.11337511088383
0.0899621656486794 -0.143314711101834 0.0265290673164591 -0.148908656327236
0.238444189574243 -0.019148136536181 0.047539861938954 -0.187522795274923
0.141875965462608 0.247793462590409 0.0461035398172238 -0.220769349528664
-0.0389002938182954 0.165436015922838 0.0293640914908953 -0.410945971321307
0.0377222082975743 0.00605187352136524 0.157376587439286 -0.552874794090023
0.0124422963193128 -0.133343639346569 -0.273353885577437 -0.180412279799852
-0.0934734036183521 0.0388014716503794 0.0677793926089159 0.0592270451356754
0.0768212993889714 0.146531977778844 0.109904220652984 -0.0750125757468183
0.161906290965182 -0.063496883594945 0.188904317726691 -0.0350226787864046
0.0209729341109487 -0.143351230076606 0.257190744926159 -0.162278840424344
-0.0570867830395926 -0.0961659074684732 0.216804086258446 -0.274154203663765
-0.0771043785061137 -0.0472453588712267 0.138447188404578 -0.311185565071296
-0.0739233353820025 -0.0195661628353352 0.0951902459499573 -0.247240528193559
-0.0629914725460784 -0.0363838540561996 0.0672169978787882 -0.165012246295744
-0.0448143106370061 -0.0945894253480326 0.0263893655438165 -0.139139648289359
0.0390149608161051 -0.133594536130412 0.0572187986539078 -0.185961405320461
0.174090827485803 -0.0227579320570551 0.137680436154536 -0.186103255952624
0.0395493409586472 0.176239311917873 0.100671280119983 -0.18082474830976
-0.0918692374317393 -0.0077504442173254 0.0639703970513455 -0.441631989667751
0.0552093460000707 -0.170542210054628 0.198183407352773 -0.575811549174914
-0.0621893765276926 0.289873324970269 -0.194767391562862 0.498810037755165
0.102709123276771 0.12178709039649 -0.00516570790432393 0.587319351623296
0.0239318556505424 -0.0402112987024203 -0.015920406540353 0.159870718021379
-0.0838652993687617 0.0333805850193525 -0.175957896784942 0.166021985882807
0.0118699846256709 0.106200558349221 -0.0404395470134652 0.242334671137928
0.0909172048090386 0.0489829232788442 0.0392869017038154 0.15392665017834
0.113441012737832 -0.0210007490895977 -0.00819422876374374 0.130122536460823
0.105488555503487 -0.0723967514118709 -0.0744677660046409 0.214075557577947
0.106977537062313 -0.0794722419864957 -0.0849067298839177 0.283425265605746
0.118149618788229 -0.0295836413466446 -0.147595285163411 0.297429727547911
0.0835206268286885 0.0473168112178536 -0.227727928949424 0.235547910325699
-0.0304715507602965 0.0423862843624251 -0.231799473057065 0.0949320006016918
0.0273170666171593 -0.116055564080896 -0.126680449002427 0.0217120853184023
0.206394861987262 0.0132997211314856 -0.095437975894174 0.0305874017976514
0.139842297396422 0.264405404815499 0.144149011719525 0.147842394722484
-0.0505171171532549 0.381439918548699 -0.192325341214894 0.390708932631665
0.101256636211943 0.250483516316376 0.00174066012549758 0.635303408115164
0.0922149105916637 0.0872193270162521 0.0680544258085084 0.143490985366738
0.0234952007034382 0.0506858165771746 -0.173899619827286 0.133379899865932
0.0782197654095255 0.0654348115231529 -0.0518957825663275 0.265219040421736
0.129029099243337 -0.0068404377661714 0.0700576992540134 0.179317046552129
0.1351934846654 -0.0859391093706963 0.0395435069343387 0.111445121033508
0.120199873552004 -0.151016430311694 -0.038872440721702 0.167141744303498
0.125804173425057 -0.172375040548981 -0.052855102621197 0.227783325734339
0.146575842975953 -0.149250387269272 -0.111303461249444 0.253550755554699
0.164247513170952 -0.0767270460181822 -0.198208346969154 0.216062627342703
0.125562558242984 -0.0129608888187192 -0.250731765270893 0.0945265328012098
0.170250124142777 -0.0544311726377119 -0.148534440415936 -0.00953346376837949
0.292222728582053 0.103875670509353 -0.0871242014268914 -0.00120433494848567
0.211330492121378 0.34544230736989 0.118171508709441 0.0805807887827084
0.0116880952410272 0.417051842397004 -0.181654573594095 0.245846220441771
0.134911012643508 0.320951094343185 0.0303702624433456 0.640606314136262
0.181232197695168 0.187374029941995 0.178373936554041 0.132097680052676
0.164747326316783 0.0528381365313463 -0.116748890284065 0.0955990387016033
0.165873116963361 -0.0124836494399508 -0.0288370156627038 0.254283452299286
0.156166770877032 -0.0886674924609026 0.113157230479597 0.178087740803096
0.136087254255535 -0.151983745009651 0.0920859063711347 0.0701481200547164
0.11812595047291 -0.206795103769446 -0.00161599666464913 0.0923811353157246
0.132058025208301 -0.230708486289168 -0.0217153684734101 0.139321236031884
0.158402732368811 -0.229893449765786 -0.0786439178058368 0.171785494800442
0.216432292640048 -0.174994052564534 -0.164834607732007 0.157979393089943
0.256715271606411 -0.0671862212962259 -0.251603013478657 0.0661412619989698
0.302006648923247 0.0186736817214082 -0.174724096960974 -0.0529438278331679
0.338555527364916 0.200852129076581 -0.102293546789247 -0.0728415607796128
0.230982256854525 0.392592424330888 0.0840110120317294 -0.0404078045454228
0.107336331256092 0.387720091611657 -0.193364908825772 0.0929650943048898
0.194163720199476 0.306860975092081 0.0685587942860136 0.585272707867616
0.270423728103418 0.218045564398021 0.263977154768061 0.0894394695167605
0.296945757142552 0.0175234137005885 -0.0343312268582095 0.0493514176146516
0.239317951085476 -0.118674390005034 0.0300900458449253 0.199663374507157
0.158509771552148 -0.181434370791473 0.164197955116196 0.127628102285269
0.11194401703016 -0.204123118413739 0.136513409066959 -0.000963784352828079
0.0997897566070213 -0.232617717881608 0.0344017280081251 0.00188799960154927
0.121383317916191 -0.245604369334787 0.0100879705129969 0.0395071646315644
0.149493314723524 -0.255928172697711 -0.0459028450505826 0.0750050808106832
0.233135907755698 -0.218082196735248 -0.124963768488355 0.0688837117866583
0.336764156386186 -0.0899723361711412 -0.227171396045496 0.00140786079460493
0.379330810134522 0.104963258710338 -0.179500648569066 -0.115263735539799
0.322915511583771 0.285715776823995 -0.115588210642574 -0.171796016592019
0.199054191236043 0.386865425459021 0.0585763865377121 -0.194491804973736
0.178289510126289 0.291156393764589 -0.233804446678064 -0.0358394471538207
0.210973452663529 0.231372055491196 0.103123288598936 0.475824582350841
0.305122642632556 0.195092589566543 0.287711712348139 0.0114816390219321
0.366877028056541 -0.0404495585882835 0.0384208410775425 0.00212622809931616
0.258730403846217 -0.216602241539374 0.107901371751391 0.107361033778235
0.125866327591754 -0.248125052105726 0.210673403355598 0.025940422110222
0.0688019614416896 -0.226942877562937 0.163803399648554 -0.096705935373478
0.0662137034439556 -0.222068395247952 0.0639411449512163 -0.0893043123656383
0.093665855646278 -0.219400843747483 0.0396901082496542 -0.0508055974107868
0.120380715351471 -0.230801778361173 -0.0115993270789808 -0.015305934264416
0.206426863266656 -0.206935263070908 -0.0763188411115066 -0.0262822126059852
0.348611971566904 -0.0743726409854978 -0.165207678995598 -0.0838340397195227
0.367220704326829 0.19308178570639 -0.138921347491878 -0.183810361582782
0.230100080342174 0.323219062567724 -0.0999924915335395 -0.277584088419699
0.133177618146054 0.316920142328423 0.0571981163235706 -0.35249367613613
0.183868778091697 0.151118425688281 -0.279832903110004 -0.122278275114153
0.147900709715002 0.145632149286717 0.116660264102304 0.32742784403562
0.267921458376072 0.17173673803814 0.240770313305012 -0.0653391829867047
0.356944857191908 -0.0798201656263995 0.0918457843342203 -0.0284459543789709
0.210430761368375 -0.257160655612359 0.180806171158156 -0.00128861679849971
0.0649612229079424 -0.256385006703915 0.236349315962926 -0.101529900844423
0.0143239341621538 -0.205917656825295 0.166771472744159 -0.198881075714577
0.0202637652449872 -0.178323151235978 0.0830430163755852 -0.169962664175468
0.0483658381481082 -0.165119394654237 0.0636099864084073 -0.117681642333518
0.0680916631811007 -0.18012043727652 0.0159977062424957 -0.0798232750472183
0.147019394823539 -0.173444225865837 -0.0252133000783561 -0.102302918641852
0.303428990454252 -0.0472596467402934 -0.0684879798032104 -0.155196862307557
0.278163888139789 0.246801251577516 -0.0550830125254136 -0.228061332401155
0.0935720180401648 0.286499785058822 -0.0478811474493113 -0.36331537593301
0.0689015443222241 0.183629357680015 0.0852985903878747 -0.484916866209223
0.114910121455906 0.000741756917848691 -0.301523158020524 -0.164522413041319
0.0295616642611577 0.0866252443685503 0.101718640249709 0.173542046591446
0.186817142770463 0.161836041954677 0.160389022092933 -0.0973034161817386
0.280088387121231 -0.0895333669666678 0.138364838403626 -0.0384190710293524
0.119368310973083 -0.229425700094967 0.231978620213791 -0.101931760269452
-0.00389167776579508 -0.198449692472408 0.230951313136045 -0.216706389336022
-0.0388121180972636 -0.139180781364344 0.148990575333669 -0.280859739765573
-0.0293128258391764 -0.105510158282612 0.0888060489093086 -0.229168031144053
-0.00669367169073382 -0.0996093061521308 0.070829965429186 -0.156928465349611
0.00615318178844229 -0.130144028480509 0.0276958299699787 -0.11756012011975
0.0813462715543742 -0.148114568172264 0.0175319261046119 -0.153044380567637
0.237596731241863 -0.0331583468917168 0.03882695679119 -0.193062524407752
0.158893573777122 0.241998296793155 0.0394343912217284 -0.224840242425977
-0.029390823791303 0.169424710517724 0.0133977360872312 -0.415001937999955
0.0362165198214838 0.00818882307912789 0.127644916353068 -0.5681224373928
0.00627997717315635 -0.132508558565025 -0.286202571082293 -0.169037308265542
-0.0897930476867083 0.0455161921244368 0.06810269414558 0.0538575585214324
0.0880759645641014 0.142041047530912 0.102869003970766 -0.0779310782063395
0.159280239605216 -0.074606285323214 0.190567293488996 -0.0436202297683395
0.0125703897329409 -0.146187498859778 0.25262292887941 -0.178044866388476
-0.0636076715254937 -0.093465443288481 0.203827155239397 -0.288050765096307
-0.0807847054067842 -0.0410441730493298 0.120150800454469 -0.321385026537017
-0.0737777884031935 -0.0147870106878905 0.0803420409266056 -0.255431407913649
-0.063040021807726 -0.0327056186682708 0.0576337965419936 -0.171429421965193
-0.0506000041451862 -0.0918604581021585 0.0187819942162735 -0.14208494227429
0.0305466747876511 -0.135573063904167 0.0471238405130763 -0.192430398749558
0.172992128933154 -0.0336225360174863 0.129386772126644 -0.195710408620515
0.0515800920144918 0.175125767050741 0.094795227855598 -0.187354780039426
-0.091544764229414 -0.00116762860837133 0.0465332755601336 -0.448242863924689
0.0442347935498073 -0.171811938499656 0.166594462266269 -0.593976937572582
-0.0474006673186642 0.283414403265577 -0.167502339741779 0.495909426682864
0.102076802907896 0.11274292483975 0.0209621882844157 0.569410523031738
0.0184658113862374 -0.0392971722055598 -0.0109637197103297 0.156486391470252
-0.0792772732970183 0.0372904716838198 -0.163574992187391 0.172298483481448
0.0175260361980642 0.103447281574457 -0.0267970882236823 0.236643155361899
0.0903667828888659 0.041603673048692 0.0444520544146422 0.14616846693558
0.107465463045666 -0.0283201972555288 -0.00160438025387991 0.126668677388608
0.0969005108113596 -0.0755633827627468 -0.0607882102380982 0.212764183856465
0.097263248362385 -0.083309032798601 -0.0684585747036926 0.279992224447469
0.112205721607378 -0.037131784320651 -0.129047033872266 0.297115713708448
0.0849353225192722 0.0405947693292656 -0.210386493939811 0.240492308913939
-0.0257813954423255 0.0439843202400231 -0.221337064601558 0.101528672074444
0.0192389612014895 -0.11288522521512 -0.121770530005449 0.0241134250380337
0.199642445283433 0.00390231740138377 -0.0882819651542324 0.0361181499219721
0.147208851365916 0.249209906895341 0.149594783133007 0.138311864685407
-0.0329863387478107 0.371498679144065 -0.16852113401747 0.38968300565507
0.10778425389119 0.238476389753876 0.0304738400192789 0.616351125251784
0.090019207685695 0.0811844467783218 0.068296149640732 0.136847888087799
0.0240640114869721 0.0495772279290788 -0.163758541869175 0.141441874300588
0.0797753642310177 0.061138406838182 -0.0364578114565761 0.259754752822832
0.125253728851646 -0.0131635358453918 0.0764776713982046 0.169625620811095
0.126423201545296 -0.0908457204065643 0.0439005769293458 0.105525224887559
0.10819063692296 -0.152362963045545 -0.0301354607324767 0.166134309003549
0.111644645776511 -0.175780928470968 -0.0414255232520574 0.223430689295149
0.13360244419299 -0.154637810212245 -0.0964281309146609 0.252526182381761
0.15706815176204 -0.0844897034095132 -0.183473595857246 0.220901639038288
0.123327010710506 -0.0180280435780462 -0.239593244217881 0.102627332826989
0.162614996690436 -0.0589850007076605 -0.14363377373339 -0.00536920388211297
0.28853783833113 0.0881318794394559 -0.0814130315167742 0.00404043591707237
0.22081994135911 0.32626069987456 0.120606055284984 0.0724743219607676
0.0288320879495567 0.406370634204295 -0.163760508434518 0.249074535800301
0.144286205241304 0.303847643934642 0.0598042782043774 0.621725084146336
0.182376217061225 0.175093391467493 0.174840301633548 0.122074564624937
0.161727257357246 0.045565572550665 -0.109853424292575 0.102303954479993
0.160467375782446 -0.0192656703022142 -0.0155492534642077 0.249044438310518
0.147323474716212 -0.0929535623550642 0.118545732751209 0.166711791129973
0.123566703202806 -0.153770586730783 0.0920022289639298 0.0625665220990363
0.104109184931953 -0.207420399109178 0.00215509868130112 0.0916052678426366
0.114595738552565 -0.232488975201879 -0.0156275049633702 0.135286539477146
0.14006767133633 -0.231619459992462 -0.0685417019474028 0.170784316847755
0.202412939801401 -0.181625326184732 -0.154802214738513 0.161673396909443
0.246719241168324 -0.0773860836376821 -0.241981531613567 0.0743174416116862
0.295453186778854 0.00606099188618877 -0.170000294750061 -0.0467796317549291
0.340281762691962 0.182776115213321 -0.0979561221063296 -0.0665757733267292
0.243662016440676 0.372782809038477 0.0818944707431018 -0.0444640070641912
0.119201087384242 0.372429589025231 -0.182029431717728 0.101292776133303
0.201807475502772 0.289595158195597 0.0959469416900534 0.56399078844664
0.271797894642507 0.200823241537227 0.2551622338442 0.0760875139147183
0.288648633023259 0.00366360957289486 -0.0316664514547996 0.0539730881701573
0.226136718044953 -0.126344662100821 0.0406808403861356 0.193894127962903
0.144554309902903 -0.183747234358389 0.167353582429471 0.116000605024863
0.0984852246962291 -0.203317846851891 0.132452312941764 -0.00852667167881274
0.0855109052823378 -0.230810864247346 0.0319019520947903 0.00223566499032645
0.105359570995667 -0.246002840445527 0.00998218884201271 0.0361331661862164
0.130580183726838 -0.256753516146108 -0.0417960258641693 0.0737384551443495
0.215049924552149 -0.22372153169505 -0.121234782457502 0.0723316732473675
0.322649711319944 -0.103671578625266 -0.219931276053395 0.010359354930169
0.375125873520205 0.0858029668469304 -0.175534023763803 -0.106836085238428
0.327292835795158 0.265363175537227 -0.114686616562325 -0.163095843352322
0.211560016461169 0.370487010908633 0.0501354807505246 -0.194548195758114
0.185479376512465 0.277397076004809 -0.228429442636082 -0.0225392549635867
0.215379374302854 0.216768801189241 0.12363335028576 0.457154579558411
0.306805592721988 0.177054322187162 0.273545689788049 -6.71511967471994E-05
0.353915077239884 -0.057365673718792 0.0383804234111566 0.00458779545765904
0.239276064298853 -0.221869727036039 0.112716314659944 0.101259085717822
0.109558487426233 -0.246874531110347 0.207167922512574 0.0155107969557679
0.0549525376104954 -0.22236216212652 0.153919577814322 -0.102916704559587
0.0533621914798198 -0.219599440108045 0.0554472956778339 -0.0887415065442866
0.0794667808114738 -0.218759134474003 0.0346361457318421 -0.05321277907637
0.103837578891282 -0.229561382742435 -0.0131635211781176 -0.01556380750338
0.19001625974564 -0.210623043501696 -0.0786115314977787 -0.023200491931351
0.334637233366286 -0.088908434437122 -0.163109762083625 -0.0751089662655685
0.367706623898394 0.171885218246272 -0.139620084031668 -0.174810453870067
0.240292533377917 0.304915743961943 -0.103935914119092 -0.267356088761387
0.14391484025655 0.306999064478063 0.0409633610062 -0.348317209094657
0.184499015255399 0.140368442832776 -0.277214395151972 -0.104959605051846
0.152210603817505 0.136772277478844 0.127851859021999 0.310949550134877
0.270641999436222 0.15482814682082 0.225460488573655 -0.0712780937717451
0.342321457650648 -0.0957287677027454 0.0892273116815879 -0.0283741973533259
0.192070478243524 -0.261973014253795 0.1790378105932 -0.00819007304205145
0.0507184674345792 -0.252070927633569 0.22495936481125 -0.109897289669202
0.00371578032481235 -0.199200872343453 0.151073260784726 -0.201756163767996
0.0112139687592291 -0.173872058767065 0.06959619614963 -0.168934020580686
0.039518628383226 -0.163259806335923 0.0537239382908512 -0.119066478188607
0.0562761288864842 -0.176733647227093 0.0111180897932219 -0.0792711871762489
0.132808816746214 -0.173364068364584 -0.0310425895558143 -0.098829921655326
0.291024353655853 -0.0605779925900104 -0.0727437345814711 -0.149824599077191
0.28327971123472 0.227843495277736 -0.0587298810081301 -0.220387112326974
0.105284770498888 0.274540629302752 -0.0570763259482079 -0.352676167037136
0.074948793961988 0.180026316273674 0.059851829038675 -0.478572934154457
0.111932192750843 -0.00213152647993058 -0.301946555448301 -0.146111337030295
0.0357588029288353 0.0850038170322033 0.104507197671788 0.16227913427437
0.191836743386118 0.148251555938569 0.14718946614731 -0.097919878205235
0.266230055607221 -0.10253336572264 0.134637954735347 -0.0406281719132361
0.103464361002714 -0.229360720925661 0.223508566385536 -0.110446541717895
-0.013445921994949 -0.192261560324581 0.215295119149789 -0.221712472291894
-0.0433414032566179 -0.131570505604278 0.130594277318402 -0.280455437565289
-0.0320293804516657 -0.0999501864778341 0.072391030370946 -0.227353432145828
-0.0104986586297701 -0.0963376411456548 0.0591794373156876 -0.157382139165758
-0.000591261159979697 -0.12578324715456 0.0211879504995633 -0.116546763814958
0.0706858257752538 -0.145910477705794 0.00892874768132998 -0.150904089511911
0.22773780072873 -0.044173006977552 0.0294953035147768 -0.190817169918334
0.168083462703105 0.2270025379772 0.0321772882749355 -0.221077865477277
-0.0201025323495952 0.1670082276867 -0.000169015640772115 -0.404790996614078
0.0345234734539376 0.0106499498157479 0.0985867653226838 -0.558548394224657
0.000453204503007635 -0.127223161708269 -0.288459550789489 -0.150939992773948
-0.0817141898782633 0.0494269895040908 0.0639956510689068 0.0485058358432044
0.0957609209867682 0.132007817097438 0.0927077990079598 -0.0763940867219923
0.149413060860111 -0.0823730594004115 0.184752413210736 -0.049417298215748
0.00435052376457747 -0.142906940376758 0.239467359551454 -0.185341907930344
-0.066499550707785 -0.0865420883104611 0.184815675647752 -0.289677552902147
-0.0790101907323351 -0.033642424038284 0.100051736171107 -0.31821894912224
-0.0703951481849453 -0.00966614655013402 0.0627348169250809 -0.253174486135296
-0.0615629459271277 -0.0276671737840344 0.0468486964090323 -0.170421411191882
-0.0533974062739134 -0.0854149510923182 0.010721150070577 -0.140216427953557
0.0227038706834605 -0.131877172479722 0.0370086685510105 -0.190752658206161
0.165471509582798 -0.0421445395858593 0.11705146447873 -0.197710859954727
0.0613203858439978 0.166539573871417 0.0876537277154113 -0.187195980178528
-0.0876841615910679 0.00415889255692458 0.0293794885064394 -0.435736702772774
0.0335969504597026 -0.165094174367036 0.133180722739524 -0.584456942974349
-0.0810181695800544 0.255736983583774 -0.229792775259035 0.450571610777446
0.0769649420889777 0.117181503789048 -0.0460081943903134 0.54545778068283
0.0198961447750207 -0.0338483198601254 -0.0290789916761023 0.145400373577848
-0.0812667034306647 0.0236850818506215 -0.173737650243341 0.140004614014981
0.000473157248267995 0.100105788237509 -0.0568379120602899 0.21551543763645
0.0786258038628312 0.0495929597059484 0.0236944536938334 0.145882659286513
0.105898911461371 -0.0156712804249527 -0.0172432936947386 0.120295849736551
0.101262636532722 -0.0601078365349305 -0.082562894818033 0.195943589726234
0.102291494444654 -0.0692807614850242 -0.101233197781547 0.260790901347378
0.112631696127739 -0.0233242350200048 -0.162759663284628 0.268646114439307
0.0802891845140365 0.0483209319416683 -0.235807582187266 0.203638432280386
-0.0254141665823252 0.0407486673910924 -0.227257495107121 0.0691556712263394
0.0310866866657925 -0.102539568960161 -0.12277737679042 0.00849174086950834
0.190776864739786 0.0279606907972896 -0.0963439514938134 0.027289618776008
0.112437368945385 0.256483126117046 0.120563203265498 0.149317927743788
-0.0787263762749119 0.340086363636533 -0.22421177145412 0.356960003042047
0.0646869172739808 0.235000959992611 -0.0473261640843351 0.59586229390017
0.0704106046365827 0.0887962901625747 0.0427891653004328 0.142688518233768
0.0134462969612488 0.0502163615349834 -0.171583407568166 0.115873487643497
0.0650502895626843 0.0701722480728745 -0.0670321838671454 0.240663193248835
0.117781662454731 0.00307425466153418 0.05403894659931 0.172090817052565
0.131897827374839 -0.0727186339950127 0.0273030212695582 0.106517993158921
0.122178726040818 -0.132555111532155 -0.0488983803533425 0.154650682425174
0.127787683545182 -0.155601505890312 -0.07063520722371 0.209167093956188
0.146024530714667 -0.131747170117166 -0.128890553027742 0.232039890029735
0.164421406810693 -0.0624334340096789 -0.212752492428532 0.19131005775264
0.12621916350528 -0.000983313280216612 -0.248472582443002 0.0701770468274038
0.164283047897492 -0.0338574387357182 -0.142730111853736 -0.0261919900787832
0.266601065434261 0.120287443259368 -0.0883268062834627 -0.00784247801178839
0.175131436099668 0.341497722780327 0.0961399216694628 0.0783819068735634
-0.0254992931764729 0.379496184792741 -0.204953490835306 0.229015684620012
0.0902979007210788 0.301961044205955 -0.0231439553818947 0.607135156733761
0.143109796315207 0.189263355623252 0.139662915923626 0.147882426727966
0.142409528113204 0.0665418788516552 -0.117379735348217 0.0919635454038566
0.152645935229493 0.00766268765655622 -0.0441587110325476 0.238660348823913
0.149301023396435 -0.0692000757095584 0.0978560230015931 0.174972168439075
0.137411096331743 -0.13236700854742 0.0793500208730631 0.0715931372508034
0.125895425899207 -0.186908895845253 -0.0102670586366881 0.0869589537547319
0.138249410643916 -0.209775882093781 -0.0360915263971849 0.128443438089065
0.161721687440029 -0.204708576810667 -0.0935378968070077 0.158025073480944
0.218994072316706 -0.150074785627918 -0.181128253474214 0.140325047869221
0.252121578987888 -0.0425446487224783 -0.250846390242917 0.044487209010793
0.286051480976543 0.0449048843395006 -0.164971696551105 -0.0725540662035587
0.305597920528198 0.218032121481504 -0.0978811182061589 -0.0832238062226119
0.190920949927595 0.390890284516437 0.0709998967402879 -0.0438140015240936
0.0610941287171729 0.362990552380547 -0.201556506795158 0.0928042255546519
0.145200681518458 0.297942749291966 0.0197995505069183 0.559517509072524
0.224362541084355 0.227170555151752 0.220078071158334 0.120781391434628
0.267819871728053 0.0466088033156766 -0.0372426609575808 0.0615088258539806
0.23131164238875 -0.0837145564610355 0.0182438774899141 0.198788273384397
0.159247033253951 -0.152918540981305 0.153740752061506 0.132015707587278
0.118908349705571 -0.181840940002684 0.125474696946196 0.00933155602394935
0.110507957585952 -0.212221837665103 0.0275852684862473 0.00539367523412226
0.131034960033313 -0.22351676511293 -0.000835278825450389 0.0360220171135762
0.156001664536413 -0.228020749796659 -0.0566567848214945 0.0689266929086875
0.234974905822984 -0.186038325159613 -0.137820185384654 0.0595534349693116
0.326911423663088 -0.0571028683441701 -0.223537227683834 -0.014571511048296
0.352437637533694 0.131376475527937 -0.163853125752863 -0.134274638465044
0.28333180588378 0.296126395664074 -0.101894248115469 -0.183373329231795
0.160436060099958 0.385757187375854 0.0579994226559668 -0.195624686942682
0.135312177484382 0.281964646276632 -0.224048990178355 -0.026235585456176
0.170307958592189 0.232531195635818 0.0634967462847274 0.460572045739472
0.261704748384803 0.20923703770984 0.249326365013681 0.0542146973497794
0.339845605630176 -0.00114129239088846 0.03571449865021 0.027290267432232
0.258731560929237 -0.172699477933549 0.0999700477819244 0.12285102579407
0.134562577145763 -0.21592625212276 0.206385554823391 0.0404902833790194
0.0800883575536196 -0.204706275355883 0.156634648963975 -0.0779471529869347
0.0789181085216567 -0.205105695869108 0.0605214266466365 -0.0785109388018481
0.103514854273316 -0.19964566268747 0.0338291657873698 -0.0474605161546504
0.126045997731292 -0.204257016237083 -0.0178516405908395 -0.0142128326388013
0.207679047779624 -0.175500056266937 -0.0835051633521777 -0.0272271376532058
0.334086158560199 -0.0413393789549035 -0.157379961239467 -0.0910641068600442
0.335765855224438 0.21291663688187 -0.11864101520803 -0.198182494812178
0.193164433302316 0.32516738441836 -0.0739062257730766 -0.286084222490689
0.101577932790866 0.318742538068127 0.0709507150664117 -0.346352139229555
0.152114534743433 0.156482638425602 -0.251700441740229 -0.113578835628808
0.123401013231846 0.149345121520467 0.0832548646331559 0.318449250693014
0.232673144127465 0.182257048960043 0.212284901725762 -0.0196545978240053
0.334174737564389 -0.0399603419080326 0.0898388164998696 0.00258762667908254
0.219964352544389 -0.217424018326216 0.177550005971795 0.0267503347590373
0.0797708176133012 -0.228179863794273 0.236786818894353 -0.0783315485989377
0.0269739802409157 -0.188024059334513 0.166795965966972 -0.171666608016067
0.0331925388690394 -0.166280482790418 0.0832181057072247 -0.152554753832918
0.0578996916004512 -0.151765727686423 0.0612912964038739 -0.108212496291076
0.0755751420900236 -0.159523287844345 0.0150888668120152 -0.0726669667797833
0.147345867492149 -0.146669689549877 -0.0257310432938727 -0.095976676884785
0.285963142825368 -0.0191182149307169 -0.0588415691464083 -0.153418941356735
0.246059162334965 0.254700518788417 -0.0320214248180716 -0.23246064552044
0.066605519875428 0.280887099686228 -0.0125120231850468 -0.361856692368604
0.0481331795691216 0.189643152879468 0.113143796066037 -0.466618164145655
0.104269285668302 0.0133916849716906 -0.26360576420425 -0.163546160885842
0.0231226189131514 0.0853041934173176 0.0759961741852205 0.16822877413348
0.161490196971632 0.164210748048375 0.141092194101858 -0.0577303716812599
0.264597823810677 -0.0569356880387688 0.134347173263515 -0.00801562253026232
0.132128369162984 -0.200399796014431 0.230707320419518 -0.0680038562607342
0.0120672868557088 -0.17930749683405 0.237058721002289 -0.187466152945776
-0.0265429763233008 -0.128832749024449 0.155067673556004 -0.250025642443377
-0.0178128576701433 -0.100631877845841 0.0928125272350863 -0.207889153781896
0.00170796836246656 -0.0930638048408399 0.0734015319041071 -0.143965059021
0.0142219637939143 -0.117967940160927 0.0311654408783803 -0.10790405152609
0.0845799741096943 -0.127870929088492 0.0221883207679215 -0.141186929950046
0.220725434364582 -0.0120367385440356 0.0463234525664633 -0.181001839502567
0.134443931500096 0.239742390825591 0.0596741941513814 -0.219228324099937
-0.0409432467772781 0.161546696869416 0.0542853939763709 -0.400185308966635
0.0290964252678448 0.0219810770004662 0.164352027056005 -0.536314954186159
0.0174034080042546 -0.116469437869056 -0.246968415377413 -0.177541649479263
-0.0807393066268248 0.0361035732413398 0.0479647681918269 0.0495938154646484
0.0731605251810323 0.134989842926572 0.0879360989129192 -0.0484726592880322
0.152108529591931 -0.0550571407356694 0.181898775297042 -0.0157630421881451
0.0251036589939741 -0.133079802525453 0.252516564567026 -0.141439706887072
-0.0511682128803036 -0.0865902971380576 0.212525096730266 -0.255722715153307
-0.072777215176499 -0.0392419449396272 0.13072424314984 -0.289711793056459
-0.0656727430816792 -0.0184480756337003 0.0878307840912312 -0.233011403432003
-0.0553528505472297 -0.034228858970531 0.0637130325042416 -0.157428487890008
-0.0406566128846796 -0.0872630985699901 0.0259428417121297 -0.130469717462617
0.0363126211669687 -0.121056811181232 0.0560616089301038 -0.176495640717022
0.160322862996459 -0.0189693762631162 0.133457297421218 -0.177493339411057
0.0397266514400609 0.167330676774926 0.111465987008392 -0.175720298055541
-0.0863821110869642 -0.00344989650331659 0.0885455201892707 -0.419367099637948
0.0480085258655996 -0.148442650133197 0.205884400413018 -0.551432526015429
-0.08430024061863 0.247500459886062 -0.235080328303664 0.438341121125293
0.0705114666579229 0.115248466021004 -0.058154827647645 0.531957918748273
0.0179351806415122 -0.0321336270366188 -0.0351260520512439 0.14180087674319
-0.080376754025365 0.0224720940438163 -0.174635494586642 0.135991340263614
-0.000563251767917253 0.0989077400392983 -0.059729673862291 0.209487543200352
0.076044456706357 0.0487866150824773 0.0196736886182444 0.142000300384795
0.10288955180825 -0.0147771405393885 -0.0186723371209475 0.115971730055012
0.0991726983600248 -0.0573287171894637 -0.0835230673017845 0.191903572613997
0.099601015898896 -0.0660838120166229 -0.104255362602691 0.253341072205778
0.109998899191401 -0.0222702507155175 -0.16559322736227 0.260698683914009
0.0792726364517858 0.0476220624835037 -0.236532006334133 0.195594169026207
-0.0248659169825734 0.0406440721880543 -0.223687929048066 0.0615380798965662
0.0309945231580275 -0.097622116501151 -0.119802369470198 0.00251288740012187
0.185148873499045 0.0314346715014268 -0.0916041654580481 0.0260992419543871
0.103613721772743 0.252485478466651 0.115830138145613 0.149651539014528
-0.0856272206751547 0.331969198869795 -0.226105699934166 0.346226274845617
0.0561143337097026 0.231016552631305 -0.0599534728987732 0.580639018905554
0.0653210461211362 0.089509173437242 0.034211741524085 0.140083774095021
0.0111365842798121 0.0508899412873593 -0.171713063937179 0.112989852990304
0.0628889050941074 0.0702642688379015 -0.0698982921128966 0.235067635800024
0.115437592316991 0.00468642874354554 0.0492369189614706 0.169559556615491
0.129746634630866 -0.0695482670702145 0.0250194679586559 0.104238818266781
0.121265095964475 -0.128451135500905 -0.0504765547875843 0.152042890564321
0.126736325599729 -0.151950572254385 -0.0732910280890535 0.203541712173785
0.144456671954517 -0.128376678883383 -0.130163691981693 0.223872557969157
0.163294279198641 -0.0596729600345833 -0.213351538521344 0.18426687255434
0.124386649231004 0.00226366065883962 -0.245056919035346 0.0624288166574402
0.161349939723591 -0.0270169851705238 -0.138425742271806 -0.0323090353716848
0.258779522540022 0.124690805428558 -0.083035573768043 -0.00866510396624818
0.163524432228315 0.338825584205427 0.0936133545775459 0.0777349846179087
-0.0344526468396849 0.372403673343887 -0.205923789920063 0.221135114522882
0.0798144585521995 0.297338751402772 -0.0338586159567059 0.592819962201278
0.134482743151069 0.189946563950982 0.129381431591573 0.148502865666062
0.136578338502669 0.0699825580032573 -0.117986479703372 0.0905576027996435
0.149828100220874 0.0111639297817069 -0.0466466779184895 0.23423273072185
0.147783726874158 -0.0649315287930802 0.0935740155174528 0.172444022740385
0.136854263381229 -0.127304070543796 0.0758676864690605 0.0705471268163502
0.126327717693561 -0.181526073167445 -0.011982314655206 0.0869938103538415
0.137670589830605 -0.204798272886004 -0.0388332504560473 0.123261179935066
0.161427614261274 -0.198220397498895 -0.0951754266360612 0.152354935947737
0.216764406962859 -0.143992546795407 -0.181325685705652 0.135565536724792
0.248166173250095 -0.0364142066128545 -0.246091762786137 0.0368377093603736
0.279754811434503 0.0523894855339196 -0.157923026077579 -0.0778868434119864
0.295579807548562 0.220863463556081 -0.0904769348745807 -0.0839531586924839
0.17930801178788 0.388890866531684 0.0712957884277072 -0.0433183503097809
0.0511659546914977 0.357418016560442 -0.199727549421914 0.0878534143401035
0.134463687656184 0.295224109698771 0.00955952610138008 0.549084690800462
0.214166873121345 0.229331834958164 0.209160486526061 0.124271237178779
0.260511416833341 0.0522988651919516 -0.0386145071408313 0.0638923963931372
0.228479931748344 -0.0774824250167509 0.0148255244395034 0.196566836605265
0.158357089789581 -0.146596266824695 0.149454674450259 0.131671030691099
0.120722821226846 -0.175575795445499 0.121784439130207 0.0101456185424287
0.11255398668724 -0.206860511902192 0.02591690784294 0.00724429746693504
0.131242730783572 -0.218492155443074 -0.00396053315838348 0.0335053146995479
0.156381222741258 -0.220113527735535 -0.0571752417961434 0.0655924691378625
0.232904990564907 -0.178913371653534 -0.137838935183616 0.0558788766974766
0.321486221942461 -0.0491245610142616 -0.218192836696074 -0.0209463213375103
0.344881500552059 0.13963747747831 -0.154211585793241 -0.139197092536412
0.271955913727941 0.29847822466717 -0.0916577156328474 -0.183817814924379
0.148516858303414 0.385573392745352 0.0617472333456597 -0.193796713976977
0.125143501139571 0.280931337687917 -0.218678666326735 -0.030491480194427
0.161726666330227 0.232947196486753 0.0507313293562866 0.450028164721275
0.252612245428398 0.212422299176769 0.237579531303402 0.0605067472436894
0.331327659591383 0.00655624406429305 0.0342261325882531 0.0316681445870321
0.256580937385533 -0.165184194333965 0.0976516294899381 0.123944680997224
0.135966211082026 -0.209127064316845 0.203122220687754 0.0430362692400057
0.0824418735201222 -0.198385058950145 0.154625663243328 -0.0739169066238717
0.0807511563992752 -0.199335600142104 0.0591788195972672 -0.0746857913838411
0.104299830162766 -0.195155886981611 0.0319334432482809 -0.0473963685791245
0.126738262396913 -0.19671975073434 -0.0176418136080902 -0.0155418388527116
0.205811182216549 -0.167995467500778 -0.0830697137457901 -0.0287473500551558
0.326584047199117 -0.033016675008609 -0.151804678132204 -0.094883710228429
0.326139440833524 0.217639515345783 -0.107650149342971 -0.199837140305113
0.183679209779915 0.324748671319611 -0.0617794752911241 -0.284782687068398
0.091955303908504 0.318697056399469 0.0785766607151339 -0.340539855039074
0.144193841021178 0.158565494283783 -0.244255003933546 -0.116100680574282
0.118254151372762 0.151756551708666 0.0734597012938877 0.312487471165477
0.226061429810795 0.1841703407553 0.204421981612435 -0.0105983179595392
0.328232136162763 -0.0336611867528262 0.088054056308208 0.00685716261450717
0.219027027399368 -0.209373578461234 0.175927732938291 0.0300984262526282
0.0821722409785015 -0.221769958849347 0.236332648831423 -0.0721363187182758
0.031082303779407 -0.182114980506452 0.165615553667419 -0.165317465597628
0.0362735721746405 -0.162348408590408 0.0825319085473459 -0.147469830764111
0.0597679023711842 -0.148562602287321 0.0600396632523274 -0.105821446514739
0.0753113530088898 -0.15331278621744 0.0154860941387492 -0.072326732265092
0.146303569846931 -0.13976755831878 -0.0246707971617826 -0.0953187550175036
0.277940493911215 -0.0124988392325028 -0.0545293872336859 -0.15393624539234
0.237732847460796 0.255623674238855 -0.0209923442509636 -0.230625488172203
0.0600310309894172 0.277696983259662 0.00109859900879737 -0.35743015727861
0.0426536210315977 0.191224391695094 0.120599400230023 -0.457217643299353
0.10089682630737 0.0175772128664663 -0.255250477288996 -0.166770375967841
0.0227776394429891 0.0862063025339739 0.0683936037563469 0.164691413807619
0.157098980279193 0.163903426087891 0.136191576636897 -0.0489017118822132
0.260177387950826 -0.0529808503377354 0.134018890614118 -0.00225215787022109
0.132262365950878 -0.194203944043998 0.230475512270745 -0.0616841493428723
0.0149267223112469 -0.175563720489588 0.237557734827431 -0.179303921850492
-0.0229862713797498 -0.124852361137845 0.156086877337602 -0.242365583888303
-0.0148306291814402 -0.0983690777384234 0.0929659516247048 -0.201374954713341
0.00414293184368463 -0.0913688032094415 0.0719837971390231 -0.140741358364188
0.0159708040382021 -0.113607156658571 0.0323942386658664 -0.105699464564142
0.0834116506353141 -0.12258389214997 0.023457017756638 -0.139389618353215
0.214606990786972 -0.00719457120942794 0.0499596052874535 -0.178225860513463
0.129166373746332 0.237415979130439 0.0675264545415555 -0.213995806299748
-0.0431767990647464 0.15878740993496 0.0674553320917383 -0.392115221417103
0.0266249346927549 0.0263573933215107 0.17194502307928 -0.522629904155162
0.0199575658811527 -0.112498751724697 -0.239469321708596 -0.180585022945942
-0.0776998284993781 0.0344513446326288 0.0412811824001895 0.0483391296262189
0.0709246245399167 0.133357042699172 0.0832724021325404 -0.0409463310402954
0.14869459004253 -0.0532480114208299 0.180767893921522 -0.00973799142357812
0.0261592910189241 -0.130451448397075 0.253844687300939 -0.134021235179341
-0.0492529128510264 -0.084924667501443 0.214539704070575 -0.246711490714523
-0.069315577413871 -0.0380838747291157 0.131762762238081 -0.282262201899892
-0.0627424649403518 -0.018243108732033 0.0879678583613071 -0.227995983472775
-0.0524450355081739 -0.0342508954685745 0.0638911545149993 -0.153958791705671
-0.0374204610024359 -0.0847352378473292 0.0274692735859103 -0.12752447424542
0.0370116820642394 -0.116776570601597 0.0581451673485729 -0.17244924106015
0.155856767100266 -0.0160226456829611 0.13523812938018 -0.173448957447041
0.0375010411176188 0.164114640751608 0.116552193586684 -0.169129419649299
-0.0838302209912583 -0.00389607807762746 0.101402531817678 -0.408795983708797
0.049526914391645 -0.140724387151533 0.212259898356665 -0.535293360880701
-0.0927122664973477 0.24883830548067 -0.254163640533464 0.439494077073026
0.0659202879997573 0.118175923344908 -0.0763098746203678 0.537155418473737
0.0172997151961802 -0.0315167448864511 -0.0420752983077218 0.142336469197256
-0.0825622990989448 0.0213856212766496 -0.182253424340169 0.135817021097628
-0.00178711530157109 0.101310535560047 -0.0669810164710223 0.211146121640574
0.0759793384423506 0.0508716408629027 0.0152205205379253 0.143888179019746
0.104751970924217 -0.013380835136155 -0.0227769735837762 0.117198170088629
0.102176672767586 -0.0558396571318705 -0.0886691250970792 0.194028958787893
0.101421490714991 -0.0654191401060943 -0.112731754756796 0.254176866678865
0.111786732737785 -0.0212194987942124 -0.17585028404415 0.260941908225628
0.0809525796855783 0.0498417136638591 -0.247408476759831 0.192769333336181
-0.0250461624537714 0.0424101771922223 -0.230270136850577 0.0546048683471953
0.0334582159202213 -0.0964395407653434 -0.122455235035141 -0.0042133809283563
0.187240847004671 0.0370844247580645 -0.0915902538908866 0.0259815074276032
0.0972522336494969 0.258668397997735 0.115491110265507 0.157018271614455
-0.0967414277733378 0.335457702926229 -0.242267132633124 0.345605033374623
0.0483776679552825 0.235668896764067 -0.0786804092443119 0.590234445940535
0.0615251298376157 0.0945924040761612 0.0270995912737039 0.143856999472942
0.00811719311125184 0.0533189844521953 -0.179619947446676 0.112652214327086
0.0626388553067292 0.074652469096212 -0.0775899013774096 0.237213400475641
0.117336991861789 0.00774583017722289 0.0458359779639285 0.172186553040971
0.133569154884392 -0.0682715801768749 0.0223732398760528 0.104999139903858
0.126891134313292 -0.128082528761082 -0.0542731085731098 0.154369923615354
0.131353827762995 -0.152172375588881 -0.0803719130885833 0.204419800081238
0.149726024881477 -0.128104832704503 -0.139284923010425 0.223492941777072
0.168512602167277 -0.0582531669147725 -0.223775505940375 0.182402369700631
0.127834907891192 0.00685465304399054 -0.250477329364449 0.0550456295203325
0.165817180166311 -0.0200347006241464 -0.139429809601124 -0.0400378518108389
0.260085567328746 0.135244748159958 -0.0814540717365438 -0.0110376886790514
0.156807594059061 0.349867422911913 0.0944107168892657 0.0818806635496221
-0.0482441189523148 0.377220796872722 -0.216058237507243 0.221009451688902
0.0703586685246439 0.306089337198355 -0.0528055719641995 0.601912022768758
0.129840887898549 0.200001119744173 0.122754301992686 0.155264244310222
0.135210648193846 0.0766284435694373 -0.124342818566443 0.0926276176869331
0.152423988442571 0.0160448948524057 -0.052904718831807 0.23785365232678
0.151637400738333 -0.0618570749535952 0.0914785054004082 0.177423743641783
0.142957040252782 -0.126447002600264 0.0735556123488038 0.0722395723455314
0.132437035345674 -0.182024177979292 -0.0142095464802084 0.0889069584247503
0.144138574076505 -0.206178616083383 -0.0447945642563798 0.123303922581742
0.167923376563257 -0.198120965288948 -0.100734099052998 0.151754761026787
0.224911882558605 -0.14197800631438 -0.189157188401425 0.133244072310594
0.254434545244262 -0.0289092358455506 -0.251048187461229 0.0280053902159621
0.284928962478403 0.0634150573855024 -0.157188130642476 -0.0878881945940772
0.294710812345477 0.234697872114192 -0.0865228597544172 -0.0888776964631041
0.170120160260795 0.401348454060767 0.0743501019523664 -0.0438308212476529
0.0381269894949459 0.367015034311758 -0.205617844185794 0.0843977397526429
0.127684643183218 0.305986009076037 -0.00749224910503521 0.558703274649652
0.211066181533955 0.242009564093339 0.204423745848276 0.134519252859733
0.262652178736687 0.0622094612198095 -0.0418175684865434 0.0674218359166226
0.234892974064342 -0.0721929927946832 0.0109274762371299 0.202237237829351
0.165956096847215 -0.144951201220238 0.15027614492404 0.137934122776187
0.128133440544928 -0.175775994951675 0.123580010646377 0.0122521549780145
0.11974043253882 -0.207611119243767 0.025637351224864 0.0092859388928551
0.138673616551807 -0.22037798338495 -0.00708427905205144 0.0323557217518329
0.163675327256597 -0.219075735343132 -0.0597056557777294 0.0628172751807818
0.240810069049746 -0.176343042540093 -0.142508844410492 0.0532049493373094
0.327716241606579 -0.0404476777237843 -0.220688994244862 -0.0298722191598895
0.350306600774949 0.152648811690425 -0.149899495497712 -0.150117422188405
0.269256120309704 0.313293084723982 -0.083510442279461 -0.192366450326012
0.139783974611331 0.399941461519615 0.0685744396361305 -0.197964159975702
0.116479320723624 0.291791568084169 -0.220742747681339 -0.0377590600106806
0.157686727457818 0.244431244332165 0.0381920906221335 0.460033663509829
0.252339729684629 0.225408023317023 0.236167047179954 0.0712928417921393
0.337279265908196 0.0162098178899744 0.0338456958858788 0.0361480295825103
0.265441351600621 -0.15973730382632 0.0977919318455176 0.129716610588675
0.144560194576528 -0.208869052193677 0.2076133665382 0.0492455398389531
0.0904740382358044 -0.199361243142614 0.157791369847495 -0.0715574454809908
0.0893089818708964 -0.201881035676938 0.0613806205219572 -0.0733948823805296
0.111504667373185 -0.196793804673904 0.030681543975867 -0.0482620918885961
0.133692342065709 -0.196442098242628 -0.0179744848704746 -0.0185376910054138
0.212281591002451 -0.164614558364161 -0.0831761825443978 -0.0315903668892323
0.332063183757106 -0.0238826458874643 -0.150773624483451 -0.103337517783811
0.327238900662129 0.23116101208241 -0.0992471701791044 -0.209876586137522
0.178485077880569 0.338128357736474 -0.0495416917708451 -0.294476188143631
0.0836488947068484 0.330703340802837 0.0896310124692069 -0.347809047892723
0.140222622484227 0.168471313860981 -0.245672028370934 -0.126690100894426
0.116799670654196 0.160849735962477 0.0642494555998184 0.320602692311352
0.226616033913101 0.196245074530503 0.20452784374673 -0.00140777009974394
0.334211394470185 -0.0257140824400977 0.0912097563561834 0.013031190306052
0.22777625550758 -0.208567847927965 0.180825124891651 0.0354727328648756
0.0899333925519716 -0.223664362106637 0.244599183224695 -0.0670809461000433
0.0370507054354851 -0.183616016409779 0.171964678392223 -0.164749924834851
0.0421246872472587 -0.164453909862741 0.0867563308813522 -0.147221456973104
0.0645013562218423 -0.149663202589655 0.0615221815620821 -0.107880415813103
0.0805179993956004 -0.152588636870358 0.0173236050508808 -0.0748167457408987
0.150629958541075 -0.136874728293382 -0.0229661897029098 -0.0981614270972338
0.281903643451312 -0.00514214523448487 -0.0491530322772999 -0.159772307456322
0.237242117572836 0.267573496688801 -0.0108552863659543 -0.237423191313426
0.0532001022023749 0.286100519476768 0.0168528787537843 -0.366857204156768
0.0369554927069286 0.199949655968249 0.135472761090531 -0.463481298796566
0.101437413878311 0.023501626258759 -0.255850744744547 -0.17766338798445
0.0224231038831047 0.0904331176093205 0.0621025043469368 0.169516074604493
0.158024031072055 0.171671189462712 0.136715353083553 -0.0416416533947437
0.265194721100078 -0.0477789203186052 0.138356618539124 0.00368779203985279
0.138994905820847 -0.195932093000302 0.238872466482478 -0.0568760947173795
0.0193178799967869 -0.178234688412278 0.249018953109084 -0.176621741103577
-0.0192731813985681 -0.126461683215242 0.164588933703074 -0.242949020501397
-0.0115320866498958 -0.0998766990938612 0.097063526330426 -0.202961257561129
0.00712332435576316 -0.093273248535968 0.0752904229808612 -0.142225597191586
0.0190300037030717 -0.113550635738045 0.0348472883007749 -0.10743009193525
0.0864985408246269 -0.120867312266549 0.0278379163753367 -0.142187723437206
0.2163915235893 -0.00207824282522636 0.057939091614354 -0.181920171511834
0.126658632050002 0.244769126478896 0.0799739382412302 -0.217042635232594
-0.0489033140769069 0.16187188517259 0.0845430117769782 -0.39866592564341
0.0259456233681819 0.0317372460712444 0.190458307293829 -0.526695402114912
0.0236849424388774 -0.111960941973744 -0.239480574690468 -0.191567354902888
-0.0777438736005863 0.0338281462116933 0.0367439069031208 0.0496071483036201
0.0706730357207381 0.13651960897692 0.0842676486320444 -0.0348350333529439
0.152349120063061 -0.051203544220002 0.186341337395793 -0.0035171988424452
0.0289015351138531 -0.132166883869933 0.264378688554849 -0.130069522733814
-0.0476837827759489 -0.0877590311838532 0.226848116170317 -0.2459840504158
-0.0695411737555111 -0.0384165609821569 0.141345608549094 -0.283896192034819
-0.0623973723481334 -0.0195602263471454 0.0930395322416328 -0.23003153064672
-0.0514012817212977 -0.036262351269087 0.0676503346051425 -0.155604807873964
-0.0359115436535995 -0.0865624848343983 0.0308361583774316 -0.13054515706142
0.0397959359070029 -0.117478264890934 0.0629494162184762 -0.175623895037745
0.158520359681876 -0.0124845408546848 0.143037108377004 -0.173729494403842
0.03630353493473 0.166450835418663 0.127758352246129 -0.168113148347585
-0.0850161576866748 -0.00504320155399046 0.119447702384638 -0.412495140041606
0.0537952338208511 -0.137459213320111 0.232485849902772 -0.537713536597741
